<?xml version="1.0" encoding="UTF-8"?>
<!-- Generated by org.testng.reporters.JUnitReportReporter -->
<testsuite hostname="Umer" failures="0" tests="6" name="org.example.Merchant" time="61.294" errors="3" timestamp="2025-01-30T17:41:29 PKT" skipped="0">
  <testcase classname="org.example.Merchant" name="LoginPortal" time="5.969"/>
  <system-out>
    <![CDATA[<p><img src="data:image/png;base64,iVBORw0KGgoAAAANSUhEUgAABDMAAAIGCAIAAADGMlPIAACAAElEQVR4XuzdCXRb5YH3fzr/M+f/n5kz8/btvH07nRloS4GyDm2hC7Qd6EYZSksLhJAdskECYSkQIEDCErLvixNndRLbcRYnzp44cTYncfbEWew4seN433dZu/T8H+kmF+W5XiRbsiX5+zm/43N1dSVdCVvcX+597r3l9ti8zqS4wVXe4Kpsctc2iwazaDSLJgshpJ043QIAAAC+bjGWDf/zxNpimgkhHYvJKhwuQUMBAADQ3HKyxCZzqvSrnPbmTKntbJmMPbPMdr7cfrHSfrHCnl1pz6myX6525NU4rtY6C+udZd5aUm1y13maidu4+UUIaTsWm/pnCQAA0APdcqHCrsXTPbz1QyarUpYQh+whlyrtl6scOVUO2Uau1DhyvYUkv9ZZUOcsqneVNDgrG12yltQ2u+vNotGwyUUI8Sd2p/qXCQAA0NPcUljv2fWhRZYNb5zFDa5i+fPGhGwgpQ2uMm/KG1wVjZ79JDJVTS7ZSeqaBbWEkM5H9hMXR3cBAICe6pbyRrc3ruu50T20VGo/vT3EU0VMso14jt2qaXbXeI/g8tYSd4PZzQgTQjoZk1WYObILAAD0VLdo7UJP7VfxHKOl7RLxxq2l3uypIt424hlY0mhh1DshQY7Frv6hAgAARL1brreLtuM96ZZvjNtShJDgptkqXC71LxYAACBa3ULrICRs02zjtMIAAKCnuMW4MUQICatY6CcAAKAHoJkQEhnxHNxFQQEAANGLZkJIxESWEwAAgGhFMyEkwmK1c3AXAACIQjQTQiIvJovnyif0EwAAEE1oJoREarjsCQAAiCY0E0IiOw6XcLP3BAAARD6aCSGRHZOVnScAACAa0EwIiZI4uGA8AACIZDQTQqInzVaGxQMAgEhFMyEkqmKxC6dT/TsHAAAIfzQTQqIwZpv6pw4AABDmaCaERG0YeQIAACIIzYSQqI3JKlyMOwEAABGCZkJI9Id6AgAAwh/NhJAeEbtD/eMHAAAIKzQTQnpETFbO2QUAAMIazYSQHhSrQ7g5tAsAAIQlmgkhPSsWTigMAADCEs2EkJ4YFycUBgAAYYZmQkgPjY0juwAAQDihmRDSc2O1q98IAAAA3YVmQkiPTrNV/VIAAADoFjQTQgiXigcAAN2PZkIIEWZO2AUAALobzYQQ4onJKmwMOwEAAN2HZkII+SpWh/odAQAA0DVoJoSQm+LkUicAAKA70EwIIWooJwAAoOvRTAghajiVMAAA6Ho0E0JICzFZhd2pfl8AAACEDs2EENJqKCcAAKDL0EwIIa3GxGFdAACgq9BMCCFthXICAAC6Bs2EENJOGHMCAAC6AM2EENJ+TBb1uwMAACC4aCaEEL/CqYQBAEBI0UwIIf7GbFO/QQAAAIKFZkIICSBut/olAgAAEBQ0E0JIAOFUXQAAIERoJoSQwOLgPF0AACAEaCaEkIBjsatfJQAAAJ1EMyGEdCR2h/ptAgAA0Bk0E0JIR8IVTgAAQHDRTAghHYyFkwgDAIDgoZkQQjoel0v9TgEAAOgYmgkhpONhKDwAAAgWmgkhpFNxce1FAAAQDDQTQkinYuI8XQAAIBhoJoSQzqaZC8MDAIBOo5kQQoIQJ0PhAQBA59BMCCFBCGcQBgAAnUQzIYQEJwAAAJ1BMyGEBCeMNgEAAJ1BMyGEBC0AAAAdRjMhhAQtNk4fDAAAOopmQggJZri2CQAA6BiaCSEkmGG0CQAA6BiaCSEkyAEAAOgAmgkhJMgxc20TAAAQOJoJISTIMXFAFwAACBzNhBAS/Ljc6ncNAABA22gmhJDgx+FUv2sAAADaRjMhhAQ/nKELAAAEimZCCAlJAAAAAkIzIYSEJG6GmgAAgEDQTAghIQnnDgYAAAGhmRBCQhUAAAD/0UwIIaEKAACA/2gmhJBQxeFSv3EAAABaQzMhhIQqNof6jQMAANAamgkhJFQx27gYPAAA8BfNhBASwti5GDwAAPAPzYQQEsJY7eqXDgAAQItoJoSQEMZkVb90AAAAWkQzIYSENgAAAP6gmRBCQhsAAAB/0EwIIaGNm9NzAQAAP9BMCCGhjYPTcwEAAD/QTAghoQ3XWwQAAP6gmRBCQhszp+cCAAB+oJkQQkIbThwMAAD8QTMhhIQ8AAAA7aKZEEJCHgAAgHbRTAghIQ8AAEC7aCaEkJAHAACgXTQTQkjIAwAA0C6aCSEk5AEAAGgXzYQQEvK41W8eAAg7t9xw8uRJ9T4AXYJmQggJeVxUEwABkvVArwrqfSHgdrv1l9u+fbt6N4AuQTMhhIQ8Lpf61QMAbeviZiL93d/9nfZy9fX16n0AugTNhBAS8tBMAASq65sJgG5HMyGEhDw0EwCBopkAPRDNhBAS8tBMAATK/2Zy991360tqJk+ebDabfZcpKytTlvHV1NQkWhoBLyf+8R//Uc6ZNGnSihUr/v7v//6rx9xyy+jRo31fAkDn0UwIISEPzQRAoPxsJvrgECO73a4tM2TIEH3m/PnzH3/8cf3m1KlTc3NztcX0mcZm0hrO4gUEF82EEBLy0EwABMqfZlJRUaEvIyvKsGHD/v3f/12fs2rVKm2xb3zjG9qcDz74QHhPwzVhwgRtztWrV/Vn0x/YRjORL/H9739fvzlmzBj94QA6j2ZCCAl5aCYAAtVuM7FYLE899ZS2wMGDB/X5+h6Sr33ta9oc/Xlqa2u1OY2NjdqcSZMm6Q/UF2uxmezYsUNf8t/+7d+0mbfffrs+E0Dn0UwIISEP1zMBEKh2m4lvbfCdn5eXpz/Q4XAIn8qRlZWlLBMfH68/UF+sxWaiLyYNHDhQm3nbbbf5zgfQSTQTQkjIQzMBEKh2m8n27dtbXKC0tFSfrw1t/4//+A/t5rBhw8TNR3OdP39ef6D+KJoJ0F1oJoSQkAcAAtVuM9m9e/fXvvY14wLGZlJfX//kk0/qM3UPP/yw7wP1+TQToLvQTAghIQ8ABKrdZlJeXn777bdrC2gNRLNjxw7jA7Oysm7xjjyRP//pn/7pwQcfLCws1O/V6I+imQDdhWZCCAl5ACBQ7TYTh8Px4osvagu0OAJef6CsJdqYdd/FjPRH0UyA7kIzIYSEPAAQKN9mcquBtkxTU5O+jHbWYN9T+i5YsEBbbNSoUdqcf/iHfxh2w3vvvZefn6+/nKCZAGGAZkIICXkAIFC+zcRIX+zrX/+6et8N+iFeqamprV2QMS0tze2+fo4OfSbNBOguNBNCSMgDAIHys5lIv/rVr5R7R48ebTab9QUaGhqmTZumLKP79re/rS2mz6GZAN2FZkIICXkAoLukpqZqLeJf/uVf9L0obrd70aJF2nyldQDoRjQTQkhoY6KZAOg++nXijx49qtxFMwHCDc2EEBLamG3q9w4AdJnbbrtNqx/FxcW+8+vr62kmQLihmRBCQhubQ/3eAYAuM27cOL2BfPOb33zhhRfkT33O17/+9WPHjqmPAdBNaCaEkNDG4VS/dwCgy/juGzFKS0tTHwCg+9BMCCGhzY0TcgJAt6murv7tb3+rtZH//b//94MPPrh79251IQDdjWZCCAltAAAA/EEzIYSENgAAAP6gmRBCQhsAAAB/0EwIIaENAACAP2gmhJAQhouZAAAAP9FMCCEhDBczAQAAfqKZEEJCFRMXMwEAAH6jmRBCQhWzjYuZAAAAf9FMCCGhip0dJgAAwG80E0JIqOJyqd84AAAAraGZEEJCFQAAAP/RTAghIQnnCwaCaOrUqRMmTJA/CwsLtTmLFy++eRG0bObMmdrErFmzbr4nADt37qypqVHndh+5Ph14O/L3R53VipiYGHUW0CVoJoSQkMTJIBMgeOQ2ZXV1dVpa2rRp0y5fviy6o5k0NTXl5uaqcyNHBzbldeHfTDZv3ux7s0X+NxOgu9BMCCEhCYAg0rcpExMT582bJ3yayfHjxydMmJCUlKTdLCsrkwtPmjSptrZWmzN37ly5wIYNG8xms7y5Zs0aeXPOnDnavTq5/OTJk/X5ctu3qKhIPo9c+MyZM3KONi1p2+jyaeUc7XXlnFOnTl28eFHeqz+bXECbNplM8fHxTqezuLhYPmTmzJl79+7VHiVfRX+5Gi/leTTaAxcsWJCdnS28H4LsaRMnTpwyZYrD4Vi5cqW8d9WqVdrCy5cvlw+X70V7v/pHp2zK6x+U9kD50qdPn5brJh+7du1abZnU1NRpXunp6b7NRDa0nJycrVu3yoUPHDigz5zspb2uXDHt2Xbt2qW/d3mv/FTle7xy5YpcZv369XKm9nBt9bRHyZlyeW2+/A+dnJwsZ1ZUVMh79fXxfTszZszQ/tPIZxY3fiViY2P1BTT6R6H9t5bPs2nTJm2OnNCeQXsS/cnlhFx/OVMubLVatZlA6NBMCCHBTzP//wKCqrVmsm/fPrmJKbdZY2JiZAGQc86dO3f27NkTJ05oZUBuZcoN6JKSki1btsibdXV1ckm5vJwpt199XkHIp83KytLny6ogt4blA/Pz87VXP3ToUGZmptxAd7lc8nXlknJ57XXlTLlpK1uN73PKBbR2JDfi5SrJCbl1K6flM8snlBvZLTYT4/NI06dPl6shO5WcEN4PISEhQb4L2XB2794tfx49elQ+udO7r1YuJnuLLAxyBUTrzUT/oOR8+UD50vL9yjnysfIh2lPJz1Y+iVxn+bpKM5k9e/bq1avl5yMLkjbz4MGDckn9dWWrkdMFBQXysxLeIiffgvzPIVdblqL9+/fLmbJraQ+XLyf7lfwpS5F8O/KDlW9He9qFCxcuXbpUlkNZDGRJ0NfH9+3IZ5YrL9fQZrPJ15WrLVdM/gIoH6P+UciVke9U1hv5KPmfT76ufDvyv0hhYWFcXJzw+azkasg52i+M/h8LCB2aCSEk+HFyVi4gqLRtyuLiYuVoLnlTbpUK76FW+m4Tjdy4lJuqGRkZvhuUS5Ys0af1bV/JYrHoD9eeU9tnos3RXktuVetHc+mP1V5XvpDcTNfm6LStbeHtPMK7U2L79u3aXXLrf/PmzS02E+PzyHoj64c2LR8lb8pmUl9fr83Rh5H4rp5GW+3WmolOPlB76fXr1+tz5FPJ0qLt2RDe11WaiVYthLfhSPpdwvu6ZrNZbsofOXJEnynXs6qqSr+pfSaxsbEXLlzIvkFrg9oCcloWGHHzIVhTpkzRJuT6+L4duW76TbmMvtr68hrtqeS6yV6nzZHT8r+RfLi+qlr305/N99Vb+wCBIKKZEEKCHBM7TIBgkxuIcvNR1gB9jrbZLTdkZYvQNqy1e7X9Ei6XS2smwrv1OWfOnJSUFIfDoc3U6Id7Ce+mrbbxrc2XS/qOrDA2E+1f6DXydWt8OoYv7YCupUuXCu/WvHaskfCukmwXvo/Sm4nxeeQDDx06pL+cfGvysdoRU8Jnc1lbvePHj8tu09DQINprJvoHpTcT/aW1p/L9BHynxc3vRZuWrzt58uSCggJxo5nICbkaM2bM0A5dky5dujRx4kTZyoR3ZeTCWqWRn49W4eT70g/S0z9t39XWp3fePM6kxqeZ6P/dhWFgiXbT952KG5+SXIEJ3kPgmpubBc0E3YdmQggJcjgrFxB0yiam8Nns1v+BXKOP7vDdQpXb31OmTJEb4q2Nm/f9d3RN281EWR9lY1e3devWwsJCbdNcFp429pnovcj4PHJh/YGaNprJ8uXL9eEQbTcT/YPavXu38tL6PhNtf5QkV0BpJvpuHG2fiXxdrYAJn2YiyZWRLa68vFy7qY1OEd7BMPv27dP2/MgFtHWTz2ncZ+K72vquKrk+rTUT31+JFveZWCwWZZ+JnJg/f77vkjQTdBeaCSEkyAEQdK01k0OHDk2ePPnMmTNHjhzJzMyUcyZOnFhRUSE3fLVmIjd/L1++LDeI5Ya43MRvaGjQDtaSCytHf8XGxsotY22+3GA1NpOioiJtdIfc2pavGxcXJ59He90WG4XwHtA1adIkbcyGNGfOnKysLFlUpnrHmQjv+5JrJVdP3tVaM5Fmz5598OBBWRhSUlJEm81EbvenpaWdPXs2Jiam7Waif1DaGBJjMxHecSbbtm2Tqzdjxgylmcg58hPQx5nI15XvVL4X7XXl6m3cuLGgoECuiWws8uaqVau0PqbtbMnOztZrQ3x8/IIFC7TpXbt2aa+olxDf1U5OTtbXx3e+zWZbsWKF/A8tq46290au2OrVq1sbZ7JkyRLZuzIyMuSTaMOTtMH60qJFi0SbzUQuI19OnwkEF82EEBLMWO3qtwyAnkwbUBFlfI/migLayRK06XPnzul7xoCuRzMhhAQtzTbhcqvfMgB6rMrKSu3gpSgTZc3E97wI6enp2lFkQLegmRBCghZqCQBNbW3t7NmzjZfUiA5R1ky0UyNoI+BPnz6t3g10IZoJISQ4sXoOGgcAAOggmgkhJDhxs8MEAAB0As2EEBKE2NhhAgAAOodmQggJQthhAgAAOolmQgjpbOzXzzYJAADQcTQTQkinAgAAEBQ0E0JIx2PmQsAAACBIaCaEkA7GxA4TAAAQPDQTQkgHw6h3AAAQRDQTQkhHYuE4LgAAEFQ0E0JIwGm2ql8lAAAAnUQzIYQEFllLHJwmGAAABBvNhBASQEzsLQEAAKFBMyGE+BsO4gIAAKFDMyGE+BsO4gIAAKFDMyGE+BWnS/36AAAACCKaCSGknTDkHVGstLqZEBKVUf/aEQloJoSQdkItAQAAXYBmQghpKy4u9A4AALoEzYQQ0nJM1BIAANCFaCaEkBYia4ndoX5fAAAAhA7NhBCiptmmflMAAACEGs2EEKKGEwQDAICuRzMhhHwVE1d5BwAA3YRmQgi5nmZqCQAA6D40E0KIJ2abcHMmLgAA0H1oJoQQYedaigAAoLvRTAjp6WFXCQAACAc0E0J6dLhoCQAACBM0E0J6aKx2LvEOAADCCM2EkJ4YrlgCAADCDc2EkB4Xq139IgAAAOh2NBNCelAsdvaWAACAMEUzIaSnxGTlNFwAACB80UwI6RHhCC4AABDmaCaERH84BxcAAAh/NBNCojkmq3BwfXcAABAJaCaERG24iiIAAIggNBNCojDNNga7AwCACEMzISQKw8ASAAAQcWgmhERPTFbh4nIlAAAgMtFMCImSWDgvMAAAiGQ0E0KiISar+rcNAAAQWWgmhER2zDbOCwwAAKIBzYSQCI5nYAmD3QEAQFSgmRASqbFyuRIAABBFaCaERF7sDi5XAgAAog3NhJAIC7tKAABAVKKZEBIxMVnZVQIAAKIWzYSQCIjZJuycgAsAAEQ1mgkh4R6u7A4AAHoCmgkhYR0bo0oAAEDPQDMhJExjtjGqBAAA9CA0E0LCMZwXGAAA9DQ0E9I9qap2l5S4ZErLXDX1LuMCPTbNnIALAAD0SDQT0g2pbxKlpZ5acr2clLoamtVlemaoJQAAoMeimZCuTl2Du6zsq1qipbLKbVyyR4VOAgAAejiaCenqVFa7fXeYaCkrdzWa1SV7SExW4eSkwAAAoMejmZCuThXN5OZwCUUAAABBMyFdn7pGt+whhqO5euIgeK6fCAAAoKOZkG4II+C5fiIAAICCZkK6J1U1188aXFbuqm3oWcPfrXb17xAAAAA0E0K6Llw/EQAAoDU0E0K6Imab+rcHAAAAXzQTQkIeWUvYVQIAANA2mgkhIYyZISUAAAD+oZkQEqo0W9W/NwBh6I+TC7457BIhJGryreGXdmU2qX/qiAQ0E0KCH5OFy7oDkUHWEnUWgMi35VSjOguRgGZCujmNFlHVKC5XitNF4kSBOFMkzpeI4jrPfOPC4R/ZSQBEkG8Ou6TOAgB0E5oJ6c7kV4stF8TCw2LEevH7heKXc8WTi8TzceLL3SI9T9Sa1OXDPCarcDHSHYgoNBMACB80E9I9iT8pesWJB6eJeyaJu1vKfVPE4zHi9WRR0ag+Njxjd6p/XQDCH80EAMIHzYR0aQprRb8E8bNZag9pIw/PFJkl6vOEVfzcT+Jwima7sHCxRSCc0EwAIHzQTEjXpaJBjN4s7p+ido928+5mUdesPls4xGTx9A1/2Jwir1qcKhbnSkWVSb0XQHehmQBA+KCZkK5IrUkcyPUMIzG2Dn9yzyTx6U71Obs3JquwOYSfOz/sLnEwT6TmfJXLleoyALoFzQQAwgfNhIQ8NSbRe6X44TS1bwQUWU6O5osGs/rk3ZKAhpS43OJy1U21RGbPZc+RXQC6Hc0EAMIHzYSEPHtyxP1T1abRgYxPFRdKRVFdW+mC6mINsFFYHJ5xMkoz2X1Z1JvVJQF0PZoJAIQPmgkJbYprxY+nqx0j0NwzWfw6RvRPEAMT28qbKaK6SV2BIMZs68jgdbNdnDU2kxxR06wuCaDr0UwAIHzQTEhos+JYq+cF9j+PzBF9Vqk9xJiFR0J4fUa7099RJQqnS2RVqM1kz2VhsqlLAuh6NBMACB80ExLaPDJbrRkB5Z7J4k9LxQBDCTHmg62h2mFi7nSFsDpE2pWbmklmqboMgG5BMwGA8EEzISHMjqyO7zC5b4qnk/SNVxuIMS8nibTLoioEtSSI13Q3O8TJIpF+VRzK9wyIBxAmaCYAED5oJiSEWXhY7Rt+RvaZ3/gxsERmUKKYtk9UhuA68RabcLnUP5jOsDpEpUnUMvAdCCc0EwAIHzQTEsK8uVGtHO1novuucZa7R1779RdVvRZb+8e7jW1EyxsbxZS94lxJ8M/H1Ry8XSUAwly7zSQjI0Ofbmpq8rkHABBkNBMSwry02lA82sxdn9lu63/pP3ud+8/nM2Vu7ZV56wvnvj8g6+4hOQ+MyPvRm9dkfjjq6ur0Zu0EwUEf726xB3k/CYAw124zOX78uD6tNZPDhw8XFhbKCfkzPT1dX0zOz8nJOXnypJypLZnuZbVaKysrtYW1n/KmvFfO16cBAIJmQkKavvFq92grE93fHXpV6yQtxNtSPOmVufN4k/G1Oh+TVf3zABD1Am0mslrIRiHrh7x5/vx5bY4ka4nwqSKyosjKIe+t9MrwkjO1PTByQnu4/Kk9FQBA0ExISPN6sqF+tJI7P2y8tc9FtY20lOeGHqm4UGJ8rc5EdhInu0qAHinQZiK89cO3YGi0gqHtM9Hv0veTaP1ETmj3ZmZmypu+zwwAEDQTEtKM2aY2kBYy0X3XZ9bvDLpiLCFKvtPr7H8PPH54wibz+Xzja3UmDqf6hwGgh2i3mejjTKxe2rSsFnJa/tQXMzYT2T3kAtpOlRabie8IFgCAoJlEbhrNnhjn+5+SelFYG9q0e26uH3zpvG1Azn++cN7YQ3zzSP+T8R/vKJ657uCXm5d/tNO+45Dx7XQgJktHrukOIJq020y00SCS726QdO/wEm1a6x7aHO0uWTzSvQNI5M/DXtrRXNq9WVlZ2sLaM/vueAGAHo5mEmGpbBR5VWLvjcv27bksDueL0np1MX8inye7PLQ5UeC5LImxkHgy0f39d6p9O8ltz5/90QsZ9/Y68d3nz/juJzk8abNzwWrXgtXvvHEg6ZMtZdOXumKTmkxO4zsKKHb2kwDwo5kAALoMzSSSUm3yXKdv9+WbriYusy9XlDeoC4dDGs3i0TmGTuLNnR+Zbuub5btj5A8v7l3+cszEgSue7bNLn/mnoUetC9bIWuKISTo2aVPm+IUfvDhEFhVTjdn4cv7H5lD/EgD0TDQTAAgfNJOISUm9SLuxq8SY3TniarWo79zxXaHI5DRDJxnT+L1XCvVTA2u5p9eJzGHjLg3/WObi8E9+8sIRObPvqBPnZmxxeXeYaLtNamct3/X+eDlhPXzO+Fr+hJHuAHzRTAAgfNBMIiN1zWJ/ntpGlOy5LE4VBf8SH51Mg1n8dOZXteS7wwt8C4meJ19My/bWEi3PPBdz63Mnln2aZo7x7DBpIUvWm+osxpdrI1a7+tsPADQTAAgfNJPISEl9CwdxGbPviqhvVh/b7Xk+ThtYIu54p/rWVga7//iFjIvDP9GbyU9ePHDXX9alTtppi0lSO8mC1abFG/Lj91+71lRvchtfrsWYbQx2B9CCrmkmS1fsUGe17nRm7qTpSTPnJfvOXLRsm+9NaU7MRvlz87YjKxJSlbsAIELRTCIjxwrUEtJa8mvUx4Yu+dVi+0WReKqdzEsXP/+8/nuDc42FxDfjhq2//MYX2aM+Wztqubx51wvp2z+aVjtruW8nscWu27/p8oIDzrnpYsFhcTBPXSVjLOwqAdC6MGwms72Vo11aMwGAaEIziYA0mNsaYaLkTHGXHtDVeOP8xW1ndnLlfYMuGNuIb4aNPOSMSTzw+aIXBy2WN58Yeio7ZmPctMSUdRfSN2ZnbDifsqNs+d5m2UlkYjM85/5qe9w/+0kAtKvtZjJ99rpJ05O0yJtHjl6cPGPN7Pkbjp3IljdXr9tXW9ck5yxats132uFwxizaLB+iLSZuNJNDGRfkE/o8vYfFYpuzIEUuLB8iby5buVN7udNnr8jukXWpQE5v23lM7yFL4rbLV5E/Fy7dKrzrEFDtAYBwRjOJgNQ1B9BMThR2aTPxM3E7a37yyk1n4jKm7/DDrgWrt03Y9sdBq7/77OHeI47v3HItJrVh9l7rwgPOhQfs87ydRMvuS57CZnwhPSarcFFLALSn7WZSV9dUU9u4e+9prVGs3XCgpLRa/pzmvSlbgSwSR09kX8wu8J222uypaafkknKxy1eKxY1mMnXWWvlUN7+C5yXSD5/PLyiPi08tr6iVLyebj/xpsztkG5m3cNOJUzlFxVVaM6msrFuwZEt2TuG+A2f1daCZAIgaNJMISK1J7PG7mRwvCMdmcj7fOnBCvrGN+OadN/bLZlIxd/30Mfse6xWXMmn74oN2vYpombHPNX6b7ePk5spG9SX0NF+/RjMAtK/tZiLJmrEkbrup2aLPMVtsWhmQraC6pkGb6Tutk4vt2uO56LuckEXC4WjrOkqyjZw+e0X4HKble7yWNr14+XZ9zqz5GwTNBEB0oZlEQDz7TPwY/q7lZFjuM6lpdH+xsszYRnyz4uOdspk4FiRVzFm3+qP1hz+bnbSvYV66WxaS6WnOsRstH6w1vZPQ+PaqxulprhqT+hJamtlVAiAQ7TaT/emZV/JKtOkzmbnT56zXD+6SrUC2FO0u32mXyy0rhLaY1kxkLVFGtOtk81mweIt+BJdos5kY59BMAEQTmklk5GB7pwzWc6lcfWyYpLTGeWe/lk/MpSVn+gbfwe6l0xZvTkhfctAqm8mcg2L2AfesA275U9t5UtvSKcgcXKsEQIDabiae3SMrd2rTRcVV+w6cFd7jr+YuTBGtNxO9hMjF9H0mpWU1qWmntPm+ps5aq03kF5S320x895loA+VpJgCiCc0kMpJToTaQFrP7sqhsUh8bPlm7r/bWXmoh0VM1Z61eSwr+NtExP+HoF7Omzlgr28jYjRZZTnwP6/JtJp4hJXQSAB3SdjOZMXd9TW2jFlOzRTaNyso6WTz0MR4tNpNFy7ZdzC7QhoLozUT+TFq/f17sputPfYMsGLKTbNlxVD5tu82ksKgydulWzziTg4wzARCFaCaRkTL/rmdyMC8cLwOvp6zW+cjIbGMnkbmj9xnz/K8uXXJl5LiGSbGWmISt89fMTDOPTbGM3WjWd5gozaTNI7cBoC1tNxP9xFza4VvaebGKiivXJh8QrTeTktJq7fRZcjHfZlJRWSe7jTLaRDv7VnxSWlFJVbvNRPicmyt+9R5BMwEQXWgmEZPzZWoPUXK8UJTWq48Kt5RUO9+aV/SzEWo/WfBhqu+hXLmvf5bz6timyYusSzfEHvCMg5+5zzU6yfRuYtOYdc0Td9plMzFxWXcAndZ2MwEAdCWaSSTlTLHaRvRkXOvIwHf5kKPXxJH8LsqlCu+LmkVtk/tYtvmLJYWPDjj11qgDqV9ssd98rfeSD6ZeGv5xziufXHv7y7Obz/sex6Ud1sUJuAAERdc3k7p6z5mItdTVNal3A0APRjOJsMgGYjyD8L7cDh7EJUvCkqMi9kgXZUf2Ta9efSK3YGZy9Zy1tptriUzN5/NkM9HKScXsxMX7bb7lZF66cDKwBEAwdH0zAQC0hmYSkak2idwqcblSVDS2c8HBsE1zUY1r8VdD3pU4YxLz3xyvl5P8KXHbT1tlt5GdZHGG570DQFDQTAAgfNBMSDfEVG1yLU02FhLfWGet8Iw2GTmu4uCZxnqb2SrsTk84NTCAIKKZAED4oJmQro6p0WE9dNZYRYypmbasfENaY4PdbBNurp8IIARoJgAQPmgmJIRptIi8KrEoQ4zaIF5dLwYniYGJYlCie3CC640E86Zlmc0L1xkLiRbnyk2mOot8EjoJgNChmQBA+KCZkFBF1pLMEjF2pxi6xlNIjHklwb5t2Rn7gjXGWiJjPXCq2eK2O9RfWQAIIpoJAIQPmgkJSVIviYl7xMur1Tai57nY+j5x1kGJYvLK8jOL96s7TOI2OqzhUkqsVnd5uau01FVW5rJY2IMDRBWaCQCED5oJCX6m7hWDWu8k15PgfmpG0UPvHpHTgxNdFxbv9W0m7qIy9Ve1mzidQhaSkpLrkdNOLjkPRBGaCQCED5oJCXIyS8SQVg7fUtI/3vnAqL1/mFbQb6V9ysoy38O6RKNJ/VXtJg7HTc1ExmZjtwkQPWgmABA+aCYkmLlWI15ZpzaQtvP4+Oy7X93Re7l50spyy0LvFU7W7VR/T7uPsZnY7TQTIHrQTAAgfNBMSDDzzia1ePiTPnHWO4dtGRDvmriy3LpwrTh5Qf097VZ1dUKvJTU1XE4FiCo0EwAIHzQTErScLRYvtTu8pJX89IPjz8yvHpzoOrfykONSvvp72q1sNlFZ6RlhUlHBoVxAtPnWcJoJEIWc/ENiZKKZkOAk6bQYsV7tGwEkwX37yyn9VzmHrHZvOs/WP4AusiuzacupRnUugEgma8mdb15W5yIS0ExIEJJX1epFS/xPnzjbE1Py5UT8KfXXFAAAAFGPZkKCkA2ZYpChaXQgj312cfQWcbRA/TUFAABA1KOZkM6mukkMX6t2jI7lpURnQa3bxcFcAAAAPQ/NhHQ2uy8FZ4eJzFspwmxXf0cBAADQE9BMSKdSaxIjOzPw/ea8sk40WdXfUQAAAPQENBPS8VQ3iTVn1HYhMyDBbZzpZ/JrBEdzAQAA9EA0kyDHZBVmm7DYhcUmmq2em8Zlgp4jdVcaDTO7IOdLxBeparUY6D3LlnGmn8ksEQ7OQQ4AANDz0EyCE5NF2B3C3dI/9jucnnuNDzHGFHiTudBYFlu287OihCtN1cZ7Q52Je8TgJLVayDwzv8o408+sPyeaGWoCAADQ89BMghCLXbRUSb4iG4vxUVqsduFyqQ93uT0zbQ51YWMWl+36vChRNpPcphrjvSHN1WoxpJVrmDz68WnjTD8zfb+4VnPzxwEAAIAegGbS2ZgsLe8qUcgGYnystZXdLBp5V7vlZFpJsqwlnxcllDdbjPeGNOl5rZ6S68G3Dhhn+pmxO8X5MvWjAAAAQNSjmXQq1vb2lvjyPVLL1mYn8SWXcrjU19VS2WwdX7RaNpMvi5MaLC7jAiHNu5vVUqHnZx+e6BNnNc73Jy+tFlsuqh8CAAAAoh7NpOMxBXh+W5fbMzhePtDhVO9ql3ysNlilwNSwpfpUhXcPSV5TjXYo1/qqDOPqhTTlDeLl1Wqp0PP07LK/Lqgxzvcz0/apbx8AAABRj2bS8Vgd6qfZLs9oeGsAu1l8WbzHgx2tuzq5ZP2ZhkI5ndVYLmuJjHazK3MwV60TvukTZ3tiSn7/eJfxLn/y3hb1vQNA6Ljc8svZTQiJpqh/54gQNJOOp2OX3fDzIK4WNdvE/prs8UVJKyr2yhXYWZOpNZM6s9O4eiHNR9vVOqHk/tf3vLC02Tjfz3AleABdI6fSfqmSbxwgqsgttLmHG9S5iAQ0kw7GZFE/yi5gd4izDcVfFifNLE2R67CqYp+sJVNLkuV0ebO5weI2rmeI8voGtUsoua3fmucW1hnn+5k6s/reASAU4k83qbMARL5LlfaO/QsyuhfNpIOx2NSPsmuUNZtmlWyShUT2kEnF6yYVrz1Wl3e0/uqE4iRZTozrGYrkVToHxDuNdcI3//e5uF+OzTTO9zOXK9U3DgChMPVAvToLQFTgmK5IRDPpYGyBDzIJCovTvrX6pGwmtWbHl8VJqTXnLjSWfVGUuL36TNaOjINjY1KHjNvZ74PK/CrjOgcriccsLy63GOuEb+4ctuWOIZuN8/1Mynn1jQNAKNBMgGhFM4lENJMOxh74+bWCwiVcp5vytGYyvnh1ZmPxusojnxclFpka06fGJf5qwOpf9Fv7y/5lWUXGddaz6XzS1LTRaTk7jHf5k7n7LC8sNRnrhG8eevfIbf3XDkhwG+/yJwuPqG8cAEKBZgJEK5pJJKKZdDBOl/pRdpkKe52sIgWm+mklycvL074oSjxef1WuUlbC3rThUw6/teDMuDUlGfn6qpZlrKjb+27jxfVNxaebLO6FhyeO2vD0mxv//LfNz8488MHKk3MzSzJrTAFcqPHtZOuzC9oZQ/LUzJJ/e35l3xU2413+ZMT67vyEAfQcNBMgWtFMIhHNpIPpxmFVLrdrdH7s+vLDy8p2Ty1J3lVzTq5PfZXl8sL0nPkHtBRsu1h88GpDnV3elbfwRwXT/0/hnG/WxH5r64W1n+zo+7dNz7696a/vbH5u9MZeH258cUTiX6alftJg9utajWUNYthazxVLjHXCNy8sbb79pY29ljQZ7/InQ9aIxgAvFxNcNmeoQuMCwgrNBIhWNJNIRDPpYDpz8t/Oez8vZm7RxrjytOSqo8WmJrk+lVmV12tJzH75s6aoMXflsbKTxc0NWaY9/9qw6R8a1v1zTdI3Pto+cPzugZ9s7zNme6+xO/46bnPvUaue7b/gyeHLelU1NhvfpjFXq8XgJPHk1GvGOuGbPnHWB0btfXpOOwWmtby0WlSZ1HfdZWR/iD8Zkqw+LY4VqC8HoBvRTIBoRTOJRDSTDqZ7xZVvH503f1ZRsrajw2QRxamXtGZiOjTl8sK9DTW2mmv1VxMOuc78L3H2Fpnm0/+P7fTfrTj04rT9f5l+4JkZB575eMP/vJvw+7dW/qHfgj/0iXnitVV9Vh5ZYnynSk4XeZrDT98/ZqwTvhmQ4P7thCuPfnLWeJefySxV3zVCTfbtJqtnt1hRnag1C1M3nYAO6Eo0EyBa0UwiEc2kgwm1BnvzgcqzBabyKutN/9e0Wa2HU9M+Hvn6h2++nnP5qskqbHanaM6t3LmtZsciy7Ev6zN25MQcrK8wNzVbzQWxWi2RObD/PyZs/V3N6X+euufp99c8MTLu8T6xv+q3+Nd9Fz/+Yux/91n0WP8lv+m76PHimmrjm9VT3STWnvHUBn/Ou/WXmJp7X0s1zvczW0+G/lPGDbKTXKkSR66J1JybknFNWLrpNHRA16CZANGKZhKJaCZ+pdkqLHZhtn01J6QaHc07y49/mZcgy4nVddM/XF+9lDP5nQ9GDxgis3zmPJvN7m686L4y0XFurPP8GFf2Jy5z09VVxxorTE31Vfb8oXozSd1/52c7/iibyafJvxu69LF+i341MuHPg+P+55VVT8ufenIrCo1vX09Zg5ib7qkN/947wdgllLywpOm7A5MHJgZ2eq5hCY5345ti465mbT7LmIwuU2cWe6+otUTLpcpuPnYRCCmaCRCtaCaRiGbSTuwO4ft7LadtDk9RCal6R3OJrcbmdhyrzkqtO7mycs/css2760/LV//yzXffHzhUaybjXh3lyF/uzv7IefIt555h7ty5wlIkH950tfrK4sPFq2e6Tv2zaNgsGraJC99MOfijCTv/GLfl3qnrfvRq/J+GrfzjuE39X0t45sMNfYaseGpE/J+Hr3paThzNO2r8EPRkV4i3Ujz94Vu9VvRb6TD2Ct8MSHB/869L/Tlx8EuJ7okryvcvPVYYu928cK19wRrngtWu2CRh4lLwXcFkE/ty1UKiZ3eOuFojrOw5QZSimQDRimYSiWgmbUU2EOMvtdstHF31T/kppekTild/XpTwWVHCxOI1Dc7mj4aM0GqJzBcjX3Vc/Nid9b5z36vO1KHOsuPC7dl+dFodlxceLFs3xnXqH4WrwdOncn8bv/vhj9Y98emaR1dte3DMhj6vJT4zcfvgv615/uOUvsNWPv3uul7vr+8tm8nfdo7/JH1Zat5Z46chk5EvXtvg6RJ3DNvSJ679MwJ/67m4/vEu43wtLyxt7r/MtGp5TvqSjKrYTbYFa1yykPhElFfxz/VdoLhebSNKjhd05wkJgJCimQDRimYSiWgmrcYU4h0jbcg2F66tSh9fvHpc4arPvLVE5r38RYllqe8PGqY3k4Mr3pC1xH1htKwl9Vun154tdDuuXwCy8lBu457H3ee+Jdzet1G/oeHk/3fl0L+cPvB/t6Q9NGXn0DeTnpU/P9rY94utAz9J6TduU//Xk579p1mP3DLhoYfn90vNOWX8QGTmH/Kcz1eWit9PyX82tp1Lmsj8YPj252LrByS4n1/U+Od5lf/92cUfvnXg/tf3PP3W5sxZG+rnr3EuSFLaiG/cJ84LK6OwQ0t+b2cYhpco2e0tJ0BUopkA0YpmEoloJq2mG3+d06ovlNQ3fV6UqNeST4viB1+a+NK5z2Uhea//kOHPvfxu/yH28+/LZuI6Osq597XaU1fL9+Y4mu3Xn8Ltdp76tsi+V9uLIuylIvP/1QaczE956PPNA0fE//mTTf2m7Ro2bvOAz7cO/HTzgMdjf3/Lxw/+6yc/Tjm9u9bkuRCKMX/bdL1yyLLx+BdZxiqi5BdjM//PX5fe1n/tw+9lPPbZRdlP+q3yHAPWb0lt1ZxEYxVRs3qru7jc54MJazuyxaKMwLLhnLhWqz5PFzPbWx1h4puDV4X9eu0FokrbzaSwsDD9BvW+TsvMzFRnAQgemkkkopm0nFCPJGnbuvIjR6vy9Foi8+G1pQOyPx+VHjOm/5sjew1+vffL44YNdWk7TA6OdJ2ZWZ9dVrL9gr3JZ73Pf0PkPCSEd3PSZRHnr58+eNL6R8Zs7PPKqj9N3jEk7vDfFu4f9eGGPh8k9x6R8PxPxv/i1xN/faEwt7WrLr7uPZRLy08/OG6sIkqenl32sw9P/nFmSZ84a/9VTn1+/3jnycmGHmLMorUiO++rdxTeHC5hsgcWm7M7L9mpkWU2zY9msj+PoSaITm03E+n48ePyZ05Ojmwp6n2dIGtJKNoOAB3NJBLRTFqIySJuHBXVDQ7kiR/Ntj4w3X7/NIeee6faZR6Y5H5ggvu+CXaZBybbH5zqzRT7g9NcD051PzjF/eBU8eD0G5lqeXCq1eemWcu9k633TrbJPDDVfv8Uu2diivmh6ZVPTho6fEG/a5UVxg9Ez9C1X7WOu4Zt9Wd0e2t56s2ttpj2d5u4k3epHxCCys9mIn8tbTQTRCM/m4nVapVdQv6UdULb1yGLiqwrco62XyU3N1fOP3nyZFNTk7ypLSkXq6yslBNyppyW92ZkZMhp+UA5ffr06ZtfCkAw0UwiEc2khVjt3Tnu+v4p4u5J3ZD7JjUUVpuMn4aeq1U3VYvHx1/qu8JurBx+5pm5FQc/jzNWETULk0QzZ+gKIbtTpF9Ve4gxGde6f/cOEArtNhPZJZSjueQc2TfkT/2mvjtF9g3ZSeRPOV1aWiobiFZjtIW1aa3M6DcBhAjNJBLRTFpINx5PX9agFoYujLuguuWDuLScKLipWjw9p/zF5RZj5fAzvZeZp7y9VO0hLcVdFDFDTSKRLOHHC9UeoiTtijhboj4QiA7tNhNtn4lOlo3Dhw/LZqLtKhE3xqJoZUPbZ5Kfn9/klemlzRc3qoicLx+u3wQQIjSTSEQzaSHdeH2/TReMhaHrcr5U/Sh8s/ToTdWi30rHM/OrBrR+UuB288PB6xvm+nFAV8IWz2VlEDLVJrHnstpGfJNZKupDfHVRoLsE1Ez0HSCyWmgHd+kT2qFZsp9oE1oVkffKGqPf1KuIdkyX784WAEFHM4lENJMW0o3N5K0UtS20mMGrXUszHMb5LWbHBcefFruN843ZdUn9KHzz2S61WvReZu7MUJPfTc5b8M4iYxVpIfuORtCxRBabq7bRUVJtlymvdVSZPBcD0RK2byKvWm0jetI5KxeiWrvNBECEoplEIppJC+nGZtIvXm0LLSb+uKO4xnbfZHW+MfdOFqW1tk+2OY13GZNwUv0ofPP+VrVadKaWDPRcadH0TN+5aglpMcuS3dV16ocVlq4UW5dsq/p0ecnQKfkyf1tYOmOf0DLrgPA9d1pYkd1jf57aSbSUNqgLA9GEZgJEK5pJJKKZhFcemaO2hRbTZ6XraoXtHsP8FnOh2P60f/tM3kpR18c3w31OzBWs3NZ/TcH0VWoPaTGL1riPZbrrPee3CU+VdY7en+bd/uK5/3w+U8+9Qy6NWCde9WZUsqgL78H8spNnV3iO7JI5nC+uVKkLANGHZgJEK5pJJKKZhFd+OlNtCy3mR9NFWZ3tXj/2mcicLrD/T6xfzeSvy9X10VPVKAYnqb2i8/nh2+kbP1rSPK/90SaeLEt2bd0nTGG6dT92abFSS2R+8HL2K2vdkdJMNHanMNm680qjQFeimQDRimYSiWgm4RVZOYyFocVcrbA97F+N2Z3t6LvSr2Zyz2TRYFZXScvZYvHSarVXdD5PzSy54+mZqeOWqSWkjcQmuVP2uGsbwmTb2e0W2QWWN2YXKJ1Ey92ymayJsGYC9Cg0EyBa0UwiEc0kvHKf3xcziUl3TEvza/TI2UL77xb41UxkKpvUVdKy5aJaKoKSp2eX3zE45VfPz7bO92+3yVf9ZI1L9pMTF7rltF2FdWJ3jkg6IybtEX/b6Hpg2KVbe6md5Po+k5eyX0ly0UyAsEUzAaIVzSQS0UzCKHXNnr0WxrbQYp5b7tqdbfdn+QvFtp/PUme2lvIGda20xJ9US0Xn03tp8zPzqn7z5aXvPjO/ZnaC2j3ajSwnyza4jmbK7x719zpkXG5xrEDMPiDe3STe2CBGrhcDllm/8+J5YyfRcufArKGJTpoJELZoJkC0oplEIppJGOVMkdoT2k5Rle2x+aLdcfDF1bYHp6kzW8u1GnWttHy5W+0Vnc8vxmb2W2nvu9L+0/ePLXvPv9MHt5gl69yHz4iKavW3O6ia7eJgnnhn0/Xh7Hp+8X6xsZDQTIBIQTMBohXNJBLRTMIo686qPaHtvLfJtfqko+0jtd5JcW0+5++VT2SOXVPXSqbBLF5br/aKTmZAvOuh9zIGes87LPvJ7c/G1s4JfLeJkpUp7nM5oRgif7xQjNqgdhKZV9a47x58yVhI9PxgYNbw1TQTIHy13Uwu5xZ9NnG5w7tjdufuYxOmrZIT5RW1s2PWLV+1XZ956kyOnNZmmrxfQZNnJqxP2S8n5GPlM+ReLdZm6s/2+aQ4/dk+nbBMe5T+EnKZ1ev2TJuTpK2D/mzaTO3Z9HUA0CKaSSSimYRRFh5We0LbeXy+O6fM9sWuVkeb3DNZyFoyJMllvKu1bDynrpVMdVPwTxnce2nzL8ee02/eN3JX8pglatPoQJZvcO077i6pEI0m9Ze9o8x2MXmv2km0DE9y3zEwy1hI9Nw54CL7TIBw1nYzWZG4Q9aGvPwSOT1lVqKctlhs23YekRMy+swFSzbKaW2m1lLkhNYxruQWyen4pF36AvLZqmsatGn92bRH6S8hH/Xl1JXaS2jroD2bNtP32W6sKQAVzSQS0UzCKGO2qT2h3YzZ6rxQbHs9uYXu8dsF7hXH7NsuOPw8ubCWiXvUtZIpqg3+KYPvH5X24jKLfvOlROdjgxdv/WSp2jQ6loVJrkVrXKu3unYfcecWCkenRsmfPFSyJ+5U3KqrnyQ1Ks1kWJLre31aHWQic3u/i4PjHTQTIGy13UzYZwJELppJJKKZhFFGrld7Qrt5eKb70x3Oi8W2R+fcdEzXD6e507Lt1yptgxJbKC1tZNQGda1k8qrEoGCfMvg7A9f3j3f6zslIPvSrv05rmtvpY7p8E7vGtXKTa8Nud+ohd0Gp2xngWHmXy51xpmnZZsuCdbWxG68s3v3hOovaTPpeMBYSmgkQKdpuJgAiF80kEtFMwii9V6o9wc88t9x16po9q9SeU2q/5I28+fE256/mtjUEpcU8u1w0Gi5psj1L7RWdSd8Vtofey/jjzBLfmW+lCLfTXbl04xtD5n46IqbIzwvDB5qFSe5lya64De4t+9znL4uqWtFsFnb7V38QLrew2URphXvbAdfS9a7YJOUZGhZu+DipSW8mw9e473op21hI9NzFOBMgvNFMgGhFM4lENJMwyn/PU3uC/3lgqnh4hvjJTPkkbjlxv9/XRVHy2wWi1qSu2PignpjrzqFb7xiyWRv7rmfcTs8lC0Vdg3NZsnl+YvbklSUzVjljDNUiuFmY5Fq81rVkvWv1NveGVNfaHa7lya4l6zzzjQvfSPPC9TMTy/Vy8tAb+cZCoufOgVnDGGcChDGaCRCtaCaRiGYSRvHzmu5tp92TCLedX871jHdXVuy9zWq76HB6LzPf2nfN7yblKfOn7PNe0t3lEgdPuJZvsMesdoS6lvhGVhEtxrtaysUle99ce/0Yrd99XmEsJHruGJA1hGYChDGaCRCtaCaRiGYSLimtFwENVQ9R7p8iyurVdRsZvFMG39p/zV9iqgfcvMNEZsUJn99Kh8O9J8P/ntAtObU0ffzqOtk3Bsc7bu930dhJtNz9UvYra7gGPBC+aCZAtKKZRCKaSbjkUnkAF4APac6XeC5g4rtuLwdp+PsDb+z7+ZiTxvkyuy6pv5qi2ew+n+Pef9ydsse1IsXYDboyzUvXZc1cVDhtkX1uvDYnb/Gu2QmlWuX4y8z6+4dfMdYSmTsHZQ9bTTMBwhfNBIhWNJNIRDMJl5wuCpdmciRf1Ps0k7J6tUV0LH1W2L7xzOLnYhuMd8kczld/NT0cDmG1i+pa98Vc9wFvRUnc2vX7UhwLV2+aOmtk/wFf9BtcOTlWm7lh1uG3l9drlWNoovO5WXXf7X3O2Ex+4Nln4qaZAGGLZgJEK5pJJKKZhEv2XlYbQndl3dmbBsHvyVFbRAfy359d/Ne/LHlmXpXxLi3ljeqvZgvcbs+5s+wOUd8oSircJ8670zI8l1Y0dIlgxTk/ofTDaVfGznriscce/elPZM7MWCjn581IfmBA5m8/+2ocvMyBc6b7X1IP67p3yKWR668vQDMBwhDNBIhWNJNIRDMJi9Q0BXwB+NBl+j5R2Xh9xRrMYsZ+tUUEml+Pv/S9lzY8NaPIeJeWURs811nvOKdTWCzC1CwqqkVOvvt4puvgCdfuw65dh2TcaUfdh0+7j2V6drwUlYm6Bs/l4eXCZquw2jw9Rz5cpqzKtW6n5/on3k5imRl37e0vr4z89MrbX16YsLx3v7d/8chjL/z+qbpZyx0xSf/z8jHZOu4ZkuPbTHIqhcXmSj3Z8PQHV34+IvtHQy/K/Hb01dFbhJYx20SDRV13AN2LZgJEK5pJJKKZhEVkE5icpjaEtvNsnBi6xnOi4fu8Jwh+YKron+CZ89Riz82HZoiXVovHYzzTcv5vvBN+5pMdoqDm+orJiXE71SIRUPqutH/7xYQnpxf0W+Uw3qvlg63CHuAlEFvmdns6hs3uqRwWq9vsiawLnptypsPpOfdXa9xud0W1e2e6e+0OWVFqliUXz1tVuiipbu/RmUuu/LDfnif/OmHFWzOcMYm505Pv7H1WNpPv9D4//MaRWjJH8j1PY3O4S6vtmbnmrRn1W47U7TnddLJQaDldFKS3CSB4aCZAtKKZRCKaSVhEFoABCWpDaCOJp4XDu41tsom0K54Tap0v8xzoJMlt35kHxN4rnpPwHs4Xi4565meVXy8w/kSuidyM1lZMPs9bKWqR8D9/XVD7jWcW/WV+tfEuPbJNrTx5829lN/IcMOZSCkxKet1tvTLfGnXg6oxky/yk3w46rh+s9dzcRr2ZLMrwfRCAyEAzAaIVzSQS0UzCInlV4o9L1IbQWh6YKqpMX/0ntDnEI7Nv+sf4i2XibImwOsT2bFHR5JlzpiSAUxI/vUTsv3J9xTac69Qpg+9+dedPPzg+IMFlvEvPyGRxMO+rlQ9D18qsd/Q998sBJ1Z8tHPrZ1tvf8Gzw0TL77+o1JvJ+N3XyyGACEIzAaIVzSQS0UzCIicKxH9NVRtCa/nTkutbwC+tvj6RcMrzc80ZT6mQhUS6WuPpJ+dLr/9n/vF09UnayIPTRPLZ6ys2fb/nVYx1ot38evylW/uteXJ6ofEuJSkXPHt+2ibfpXynDqengNkcbovd3Wxzm2zuJqu7weKuM7vLG12Fta5LFc5Thc7DeY7d2fZtF+zrzthXHrXNP+DJ4sO2HRcdZQ1uZ+vHc7XhrbkFytB2LXcOzHp17fVm8nYKw0iAyEMzAaIVzSQS0UzCIoszAjja6s9LrxeSpxZfP+zoo+2eo5DkVrt26ie5fXyhXDRYxeYL1/elLD0W2CmJJ6ddX7EPt4lBATaTF5ebf/DK9se+yHphicl4r5LBSa7UbGdGvnP/FceuLHtKpm3tKVviCdvSI7YFB60z0qxTdlu/3GkZt82TT7ZYPt5i+Wiz+aPNlg83mT9IMb+fYh690fzuBn/z3kbz59vNyzNsdc2BfVuV19i/3+e8sZnc9sK5AcusWjMZsd4zCB5AZKGZANGKZhKJaCZhkfGpARxtpTeTJxcJbQ9An1Wi2We3w57L4kyxkH+P6VfF6WLPnOyKAJqPzN82XV+xNzeKQYY60UYGJLgfHp0h02+lfaDhQu9KhiU5R623yZrx8Y3KMWaT+UNv3r/ROt7b4ImxY3Q48tlkpZH9x+YI4AtLfuCPv3nJ2Exknp/31VATbRA8gAhCMwGiFc0kEtFMwiJ/XRbAPg3ZMdadFQMSPRNJZ8SObPHAFPHLuZ4xIUeveU5N+8BU8exyzwVShq7xHCSWmuM50Mj4PG3kiYWetapu8jyDsVG0lt7LzXcO3fJcbJ3xLmNeWesw1oauzLz9Fu0sAn5as7fmF69lG5vJo+8X681kyVHPgWcAIgjNBIhWNJNIRDMJi/zXNLUbtJ3RW0Sj1XN6roJaMTHN02q2Zgmb07MLpcrkGYhy5JpnZPyFMvHTWaLJ6vm3fP+bj8y9kz1XMrlWIwYnqY2ixfwlpuYXY88+M69qQHv7SWTVGbFevLnB9fEW64ebrR9ussh8kGJ5P8US0HFZQcmKoza3399aFpsrKa3m1l5qM7lrUPbQRJfWTMbu4LzAQISJP+09TwiA6HKp0s5paSIRzSQscn8gh1rdN8Uzul0jN6zLG8XPZt00iHxxhrhY7pmQReXDbZ4Cc7U6sKO5ZGpN4nKleNmPZvJcbP0fpuS/GGdtt5bIZxu303PpxtkH3XMOuqbvc01Nc0xLc07a45iQ6vhyl/3T7bZx22yfbLWN3Wb9eIvlQ894EssHm0JVWj7abG60+Pu9JT/qy8XWO/upo02+++L5l1fa9UHwnbpkJIAul1Npl1sw6lwAkUx2krmHG9S5iAQ0k7BIQLXhyVjPGBJp1kHP5rK04rjn56YLnn0p8q+xwSL+EHv9JF2ynKRfFfk1gZUfmaJakVnSzom5ZBXpt9LRP76tkwJreWZe1c/HnJQNZG668D9zZA5ej+fmQfesg+6Z+90z9ntazbS9zql7nZPTnBN3O77YaZ+02/7lTk+l+WiLZcxmz34YfwaorDlpqzEFUE4GTsg3HtD11OQa/ZKLsgQCiCzeU/+5CSHRFPXvHBGCZhIW8X/4+90tnZtLu8ZfTbO4VOEZ51DWKIasub6MwyWK6jvSTK5UimPXAj4xlxJZWv4w9dq/v5gwZHnVhFS7sXuENPMOyZ9uvdvMOuCWZebjrdb3fPbAfLzFvOdSAP9ceupy822GA7p++Fpe79hmrZnsyFYfAgAAAH/QTLo/DebABoEYm8lrydfnaLtQ0i57rv6uSc70HOjVgWaSXeYZTx/Qibl802+lo9fipp+MPvbt3vF/nFk4aY+nIRjLQ9dH9pNJexzvp1i0ZvJ+innVsfYup+Kj2eq6b9AFpZncMTDr6am1WjOJ8+6/AgAAQKBoJt2fo/lqK2g7P5kp8qpF4mnx8AxxpcozzkROjN0hSho8x3Gl5ohH5oiVJzyD41ecED+a7tlnIm/eY3ietpN6SRzMVftGu+m7wvbYF1m3v5zy7RdW/eCV7U/PKh0Q7xq/W60HYRD3pN127XCvKamWgIatx6RUGg/oenBkntZMRm9RlwcAAIA/aCbdn+0X1VbQdu6ZLIavE7+O8ZSNYWvFGxs9c348Q7y+wbNZ/PQSz80nFnq2kuUycvnXksUTseqTtBtZZgJqJr0WN/1+Ut5dw7d9/emFdw3b9vsp+c8urJO1ZNQGMTs89pYY4v58h1U2k/E7LRbvmBw/5ZZYjQd03d7v4itrPUNNRq4XlgCODgMAAMB1NJPuz7gdaisIh4zd0WozGZDglnlhafOjH5+9d0Tq/3p6wT89Mfvu4dt/Pubkc4sa+sc79SVHJntGsRsqQbhk/mExdY/ti+0Wky2woXL9vrhq3G3Sd7FZ221ymSvBAwAABI5m0vEcvuq5sl7n8/uFaisIh/RZKdLz1E4i03+V87lF9X+NqX5+cZMsJy8uN/dt6XLvg1Z7asmsMN1b8lXmHRIx6U7/zx2sOX/VfHufc0oz+c24cq2ZbLnguYYMAAAAAkIz6XiK68TpoiCkA4dadUF+HeO5PmOLI+C9+0zaOVOwrCWfp6o1IDyz4LDnspUBqTc5f/pK1q03N5Mfv3FVayaybZY1qg8BAABA22gm3Z/fLFBbQTjkxzNERkfPGixrSbiOLWk5RwvUP4x2xW6u/NGQi77N5Ht9L7y8yiGbyXubPaUOAAAAAaGZdH8enqm2gnDID6eJk4V+XQNeidw0j6xaIrPwiAjo9FzCe/rgmevKlQO6/jKzXr7915LFvHR1eQAAALSNZtL9+eF0tRWEQ/5rqjhZIF4OcJ/JoEQxbqe63R8RqTKpfxttc7vF3tONSjP5zafXh5p8vks4vZeaAQAAgJ9oJt2c4tqArzTSNblvijhf6rmWvLF+tJFPdqhb/JGSDhzQJcvJr9645NtM7ht2efgaz7mDX08WFU3q8gAAAGgDzaSbc6IgTJuJTG6VGOp3M5EdZmxk7i3Rknha/dvwx9JtVb7N5NZe5wattGu7TXZkqwsDAACgDTSTLkpGvjjcUhYfVftA+CSzRLy6Xm0gLUY7iGvWAXVzP4Ky5Kj6t+GPM5eblTN0PTe3SWsmy46pCwMAAKANNJMuSlWTqGwpizLUPhA+2XxBfLZLvNTeUJNX1olJaeqGfiTGFdhFTTzsDvejr910QNcvPyjWmsk7m0RAl5YHAADo4Wgm3ZzZB9U+ED5JOCmWHhXD1qpVRM8gby35IlXMibSTcbUYZ+DNRJaZZz/J9W0m979yRWsmI9aL4np1eQAAALSGZtLN+dsmtQ+ET6btFTUmsT5TLSRa3t0iZuyPkk4iE3NE/dvwU9zOm4aayAyKuz7UJO64ujAAAABaQzPp5ny6U+0D4ZPFGddXct2Zry5s8tJqT5uaGclDSlrM2rPq34afsq5Zvt/nnG8zeWpSzfAkzxm6XksW9RZ1eQAAALSIZtLNWX9W7QNhknsmi8NXr69keYPn0oHD13mO3Xpnk2dXiXHLPtKTdln92/BTea39vkEXfJvJo6OLBsbZtN0m2RXq8gAAAGgRzaSb02gW8w95aoCxG3RjHpjiORKpweyznhZRaxKxGeoGfdTkWo36t+Enl8v9h3cv39brq2by/f4Xn5pUrTUT+czuwIevAAAA9EA0k8Cy70pIMmdV6i9/8ctHf/5ImGTuvIXG9262CYtdXKkUCw6rm/WhzpyD1we0zNNySM18b4wP9DMLD3fqku3vxBTd7nNA1629Mv9rRO6raz3N5LVkUVJPOQEAAGgfzSSwrDgRkoxduOuXjzzy6E9/EiaZOyfG+N5lM5HkFnx2hYg/6Tnf8bzWy8DsA24tM/e5ZsjsdU1Pc06T2eOckurJ5FTHxJ2eTNhu/9KbL7baZD7fYvtss1Vm7EbL6CSTzLuJTa8trZNZc8K+L9d9ME8cKxAnisSpIs8VV86XiYvlIq/ak5jW16ftJJwSnekOkxPL7uh73veArrteyh622qXtNtmf62l0AAAAaBvNJCyydduuXz3a/c3kt4/99+9/98TTf+41JzYhr0pkl4kzReJkgUjPE3tyPBc135olkjPFKm8tmbZPfL5LjNkmRiY5fjYq9xdv5z3yZu5DIy7fNzj7rgEX7+h/Qcv3+134ft/zMrfL9PHkey+e/6433+l9Tua2F26kl2dvw60+h0X57IU4Ny+l2tXmbo1rtWrf8D8bMtt86vakpNc9OjL75hXO7LPIrDUT+RHtu6I+BAAAAAqaSVgkuM3kqSeeeOoPTzz7zF+e79X3mT4jXhj2Ub+3Zg4Zu3Lo5+uHT9s3ePrhl2edHDz7zNCYrOGLr76yrHjEqupRSY2vr7WMXGt/ZY391TWOEetcI9cLmRFavFvYbeT+4ZeNdSJYkaVl3cG6ti+DaLaLnZfUvuF/Yg/Z23z6dmTmmvt8nqes9q/Hlumfz9spwuTd4wQAAIDW0EzCIjlXCpYvX5m8YbMxqXsO7E8/2mLOZ11pMdmXr2VmX/s4qXBEXOmw5RWvrKx5NaFxZJJl5Brba+vd7daMDuQ348qMjSJY+dUbOU3mdvZpFNSJpDNq3/Azsw+6Z+2zdWYoSE6hZfDkfGW1f3HjYvBassrVRwEAAMAXzSTa0mgWiac9uzuM/SF0GRzv+F7fm86cG5R8r8/5P3+c22xtp5ZI+3I7Pi5/Sprzy52WzjQTk8X18ZJiZeUffvOa70f00XZhc6gPBAAAgI5mEm0pqvNccsRYHkKbteLBkXm3vXDTBQc7n/4Tr+0926T+zrYk5XwHz801+6AYv8sxdqu5M83E7nSPX1mqrPwPX8vz/YheTxYFteoDAQAAoKOZRFve32qoDV2SgcttD41Sj2jqTN6cX2zx7xgrs90zIt/YOvzJtL2uMZut7200tz2OpV0xKf9/e+cB3tR56P0vbdp729729o72u/0aNsGEQCCj2UmTJm0zbpsW8MTsaVYgkACBQNh7G4wBW/KegI3BI2wzbTA28t574W1L1tb5XunAQZxXkmVZtiX5/3t+jx9Zls55zzk6et6/31XPK/+LcwvYiYM5d14iGYb/RgAAAAAAwIJk4lCWNvIDQ186L0I93Ep9ur45VqkyOytUtGgXOaFThzluOC8nsWTl6c4eTuzrH9/IO4RRM3LnP51MiD/kMVL06QIAAAAAMASSiUOZXMyvCvexr31ZRseM7jp2RnZpbTemskqv4ucN8/32rJTEEmJrp7lByCAhF5p4R/H8tBw6mey4xIhq+O8FAAAAAAAMkokjKapm9l/jV4X72DmhqlEznlrZo1sOchYdPNNYXt+NZgWSJyIz+HnDTA9e07CxhFjb1vU4exPQyWTElKz5kRr6FC09zZzLZpok/C0AAAAAAAxwkEwcwbA05uuz2oVH6Hpw3zvFTzbE9akF0c035FKz2X24HqFUM763+JHDTLcmKblkUtLYo2RyNPYh71iGumUaTCasi04xGxKZ0mZt+QEAAAAAAINkYte2dzI5tUzgXe2/4em6b9dGauZHaOaFa+ZFqOeFayW/mqhMm+n8SGbsgkI6dXTpa/Ny2iXdrqe3Shlvi2blIm6Il3PJJLeuR4PTD0bzR8CbTiasOy4xV4u0zT4AAAAAAADJxF5Nr2LWJ/BruqaM1MwMVLh4t3+ysXbCgsKxs3NHTMke5p45xFU0zC1zqKuI1KTJr8M8skZ4Zj8/LeePq8o/3dYw5bhkdpCCv6munBuuHjOnYFB3JhH+fE1Rh7TbsYSQXMzPG2Z6KJlZFfNokAkxo9LyZNIpU6/3r+YdkTnJhOgVzURl8DcIAAAAADAAQTKxM9t1K5bsuNSNvlsuh9teXVo6YkoWCSGDnLuRFoiDXURDXDNHz8z9+LuaGQFyeuPGnBOq+tvuZnPCyWDnB39eUdAitiSWEALv8iOHme6+pOZiCfFGcTcGt/CofChffKCcd1xmJhOiVxRzIZ+/TQAAAACAgQaSiZ2ZVqGtVZu5xDupGX/wXc0LM3O7G0h4DnJ+MNw9c9z8Qk9f8fwIs2rbC3ThZMycfHprPN/wyou62mzWwiWG8LV0JZNtPzwZZEK8kGv5tMFZJdKpW0t4x2V+MiF+n8R0d4ANAAAAAICDgWRiNzZ0MLuvmNVUQsLDpMPtI6flDHHtUSAx6BDXzNeWFk8VmNV+MjdcTfIMvRHOQc4Z+4+GCf0FAf7+PE9HRZWXl8vlpqYPLm3i5w3zXXtWpp9Mou5bnkzi77S+vySPd2gjPLPpWYNNmFLO36ytoNFUVlZevXw5SCikL5O+YcHB+Xl57e3t/C0AAAAAAJgBkol92NbJxGQyi8yJJZGaf+xvHTXd8ql7u3Swi+jlxSUeJ6X03mndfSXDpxhdfvGN2bcFfgZiCWtIYODN69fVasMdvdQaJq2SnzfM9FCyRn+QCTE41VQEMk1gUtO4mfxjNLieiQmFqfzN2ggtzc3kQtBXx6DklYnx8SqV5YN2AAAAADBgQTKxAxs6mB0XtaMR6OqsvvMiNK4+4rHz8gc58wNAbzjEVfTW1xXORzvokvCcGax87cuyoW78qYSHuKTvPxpO12553ktJ0Rjq7FXdypx6wI8cZrr3ylODTIhHki1PJmuOV41w5zdPjZmV161ksiqOkVhehN6io6MjNCiIviimvZCUxN8QALbKZzHtv5mbByF0MJ/bUMG/24E9gGRi6x67xSyP4ddiaScebh/uwf+3fd/4xspycwZUzAlTvb2yUv+Nk1ZcpCu1tOEhIQqFga5WN0osX8nk+/NP5gtm3Rgv5e/AbP62unCwC/+0jJ1XuKA7yWTxKabO9rpBZYlE9BUxx9aWFv62ALBJng9uo+s0EEIHkH+3A3sAycSmzaxhlpixVskUP+mLs3qx+5Zph7iJnL27bjkhzgpWvrmigluHcdX2M3SNljZQIDA42iQumzl6kx85zHTt2ae6chG/O2dhMlGqNK/Pz6FPyyuLiukzYEKvKKaylb/xfiflzh36ipjjw/p6/rYAsEmQTCB0VPl3O7AHkExs16Q87UrhdBVWXzefjvfWVPVN9y0TDnIWfbq9cXaIii4h7exQldsxyYdrin2Pmzt6QS6T8T64UiVz8g4/b5jpoWTm66djCavK8HiWLiipkY2awu+oRnz9qzL62E1b1GBzM3Tdvn2bvhzmWF9Xx98WADYJkgmEjir/bgf2AJKJLVrfzpzN6noarvdWVQw2Y8GQvpGkI6cZuXPCzAonxO9DcujqrDHpZFLTxnhTkcNMtyY9NV8wp0RuSSw4fa2ZPhvEP66tpo/ahIuimdo2/sb7HSQT4PAgmUDoqPLvdmAPIJn0m+2dmjaJ2qDRDzRfn+XXXHl+urOxNyYF7qGfbmugi2rQPYFX6eqsMelkkl3LzxtmejBZsyFeQccSYrus62SiptgaVEOfB+JfN9XTR23CL88wDWL+7vodJBPg8CCZQOio8u92YA8gmfSDVbXNcWfPBQcE0PU54vaQFLraqu+cUOWERcV0VdgWHOT8YOKhNrrMtMcFkfSxG5NOJuHp/Mhhptt+UK6K4WcS1kax0WQikUguX7wYGRbGK5jAT/DqzDv0eSD+fW8zfdQm3JDIKC3qTtarIJkAhwfJBEJHlX+3A3sAyaSvbWjpDBQYXcFje3CKV5Spea7e+rpi5NRsuh5sOw5zz5om7HodRoG/4WBmUDqZHLN0Vq51cU8tsKhvdavhZCCTyU5FGs5R+71Dhjhn0CeBJDTPE2L6qI25Mlbbfy//oXbOg9Ry5noJc6WIuVKo9WoRc7NUu3LLg2qmuJFpFDOWjYexDCQT4PAgmUDoqPLvdmAPIJn0tamp9+lqHKvQX7g0wlR19h/7bLEHF+3nO5vowuu7KFJhcN13Y/KSiVhu4SCTQ8nM6lj+rFyc5c2Gq/w11dXGlj9fuTWGPvzntIu9PJgulNEHTrvkNLPjEhN0TzvhwaUC5mIBcyGf+YHygu5PlwuZ22VMdh3T0skoDBfWyiCZAIcHyQRCR5V/twN7AMmkr40Mj6CrcToFX4ebGpnw3poqugZsmw5yFs0IVNCHwLkyvIE6fFPyksm1En7kMNO9l9Vfn+EHEs6ih4Yr+9euGh0S887cm/ThE0dOzZ4doqQPnHPxKe1iLOeymcQ8fggxU5JVrpcw1W2MoVUorQaSCXB4kEwgdFT5dzuwB5BM+trwUP5YBZ2Co8LYhVFGJ7aackIy1L1/FlK0zM92Ns0NU9MHwromrJI6A6bkJZPYLH7kMNMdF1R0IOHMqVXp74Xj4g8/0EUi+p0UjnS7Tx87cfSMnHnhRg9/RSwjvMsk5PLDhgVeK2YqWpg2KdNL8QTJBDg8SCYQOqr8ux3YA0gmfa3BZLIlJH1JpJSuwhLnhas+39lkO7MDm+kwj6w/fV9HHw7r2tAS+iSYUD+ZqDSM721+5DDTdef4S7/re6tEqXdrPCEpIYEukr+fYOH3cfSBEwe7PHh9aSF91F7RzM5LGpJJLG4nMeaFfCa1gmm3cK1IUyCZAIcHyQRCR5V/twN7AMmkr6WTyaGABGOj3qcHyEd6ZvX7QoqWOcw9a06o4VagniSTihZ+3jDTQ8nMN2eMDjIhJmQr9G6NJxhMJss2x740LZU+au2Be2T9ZctD3iGviGWiMjR0qLCiFwqYrDord+5CMgEOD5IJhI4q/24H9gCSSV9LJ5PVYZV03Z31nVWVdMXXjnQ7JqEPivhtWAVdlzWhfjIR1fAjh5nuv6qh04i+MQ/kerfGEwwmk78tuzzMNZ0+ZKLT9KzJh56aMtgrigm6q06isoTVvVjAVLVac/ZhJBPg8CCZOIZ5NXIi/bwJ31xXcia1nX4eOoz8ux3YA0gmfS0vmewPvEhX3HV1Wc3ry8voWq99+caKcvrQiF9GdNB1WRPqJ5PTmfzIYaYbEwwvsMgZlGpuMtl9MGyEkREmxHe/KZsufNQ3j2QSsuuYTH6E6FWvFDH1HfyjsIxLFy7Ql8MckUyAvYBk4hhakEygw8u/24E9gGTS1+onE39B0KJIA0t/TDzc/tLCIrrKa3cOdhHNMTIOXiCwZD0TqZI5YekgExPzBW9Pkp7LVJQ2Gm5roJPJBwuu0wfLOelgy4LIR93zlp5mzmbzk0MfeLGAKWrkH0h3aWlpCQ0Koi+HOSKZAHsBycQx5CWTiXsrqpqU30c/DLreeiVbzD7ZIVUPW1LwsE3JvSY5V8I+Vqo1ywJqEzI6DiU00RuHdir/bgf2AJJJX6ufTI4ExNFV9vmRzEteRYPtYd0Sc5wmMBC9iH7+IXR11phcMmnpZHxu8iOHOR5KNtyVy/uaPPaBoqRRLZZr1EZGaPCSyfETQiePNPpIOT2Pd3CHuTyGibfGHFwWeKWI6TQ8cMYsxGLx/bQ0+lqYKZIJsBeQTBxDXjLxu9wilqnZxy0SFfugpkWbSUgaIZnkN08nE/Y1k/dXcs9AB5B/twN7AMmkr+WSidBf4BXFb08gsWTcgkK6smu/frazkY4lxCPCWLo6a0w2mShUzP0qfuQw0+26+YK/OdO5/lTrluiG2KB7GRt8c5ZsaU/P0agMTxbMwUsmH3kl04fJOdxDxDWYENcn8ANDX3qlUF3X2NbSTZqbmwvy80MsbS1hRTIB9gKSiWPISyY5VTI2h/xG11TCPpDoskrt4+f1kwn7Xv1noAPIv9uBPYBk0tdyyeRowFm6vu56TGJ3EwSb9u1vDI/v3x10na7OGpNNJp0K7ULpdOro0oPXNJsTFVvOtBwPK7p2LOn+VkHWkq15C9bnzVvXlHRdLelitl39ZOLjGzjK3VSDybj5+fqHueMSPy30rZrzN/NizyXFnDljvqejo42teW++SCbAXkAycQx5yYQEDC6ZcI0nZ++1kyvOde5CMnF4+Xc7sAeQTPpaNpnsDbq6NLKTV1l3P97pMJ24OIe6ZdGxhPhVeJPQX0DXaA3KJpOsWkaQwk8d5hgVln1viyBn4ca8Bd+RNKJv2Q5fWUUN/7Z4Gi6ZCPwEf1l0jT5GfT/bWqt/mIJUOi30rXma+IyWQGE3RvVYRSQTYC8gmTiGJFoU18sX+tUQhy0peHd9CfmVN86E69bFimTi8PLvdmAPIJn0tWwnmSWRMl5NfXqAYqhbJl3TdQBnhxhY1cQrSn1cEEnXaA3KJpPIDH7kMNPrm4JyvL7nZRLWwuVbW67c4d8Wemg0mrNnzpAynDwhXLYptsu1Zab6P3VlY7KoqNAfxqVU0me1V0UyAfYCkskAkaSOzAoZyS0box/mVMnoF0DHk3+3A3sAyaRPbWqTBQoEvsJo3tKKs4IVf1xTTldzzXewi2jklMzR07Le/bJw+p7qlf4NG0KbN0e2rBI2LPCu+2RN6ZgZ2U5Ts4b2R5vMzCAlnUyI+wKv0jVag7LJRHiXHznM0TtZfX/FPjqTsBYs3lQfdo5/W+ihVCqjI7UJavuB8Pfn36CPTt8RUzL1F5f0imYSrL3cu2Um5SiCQ6PpE9t7IpkAewHJZIC451zj6tB69nFFo+IvW8vo10AHk3+3A3sAyaTvLCmrORtzllTaVoXX6FfQ54arR3hm09Vcc3xlXu5fV5d8H94ccVcRl6VOyDW6ynhSHhOfozmTrtoT1z5pc/nbSwu6/Pe/tZwmNDw91/KIVoF/IF2ppSXJpF3Gjxxm6n/uobEGE9bSTd4aleH5ggkpuqUGT5wQjp16lz40nq8uKdYf/r79Iv8q9KNxKdUBgp6OHjFfJBNgLyCZDBzr25Tkite1KoctKaD/Ch1P/t0O7AEkE+vb3C6vfdhaU//Eypqmm7dS2BrbCWEEr8Hkhdn5dB23Sz/5tsT3kiQ+W5PY/f/Kk5SSkKMJuS2fta+6D7qQefrxu65x7gw2a4lxkkxulPIjh5nGH75ApxF9C5dtlTW3trW1terR0tyclZl57qw2SRI/XXKVPi7aL/Y+tfR76H3+me9P8zRR8Tfpc9tLIpkAewHJBEJHlX+3A3sAycTKNrXJUlLvnz+fcP5cPOepqFNcjW1H8B39yqvHic5B3Z+M6+/ry0iuSOp+JtGXvP3UfeUK/4beng2MHCOdSVi/img2Zxw8SSbnsvmRw0zv+sbTaUTffK8NObdSkhISEuPjOeNiYrj5qQ4fDRplcgET1iGuoql+T47UK5o5l8M/5/1r3O1y+tz2kkgmwF5AMoHQUeXf7cAeQDKxpteu3QgJ7GIViIV6a5jMDlEN88ii67jGHOomWupbH3RT1sNMwvN0umpvXPuY6Rb2KOtSl6NiOpNwbgoWHRdE0CdKX6lUdvIOP3KY6cM72XQa4Xl6+4HVG3YdPHSU3rXAT/DHBV0ML2F9bXH+Ar3WsO8T+ee5/83ThEXH0cfYGyKZAHsByQRCR5V/twN7AMnEatbUtwYKuvj3/+7A6/qV8hfn5NIVXGO+s7Qg9I6CX9e0njEPVM5bKnpj8InHCSkdSDi9ojRfRTT7CUwtCV/WoDhygx85zDE2k5HXNeYvMjXOhDj5o7n/Z9TEfxnr/M9Zqzdu26+/a68N5wZRR2RQN5/2JwcVzYSkGR3z04+eS60Niz5Hn2Gri2QC7AUkEwgdVf7dDuwBJBOrmZNXTNfP9BUIAteGlnCVV09/mfkxYKiraG9cu3WbSmgDb8rGzcqh995DTYwzeRxO1HuCrtFnjFNUpaRThznerWCUre0Fy7bQaYTz/uxvh0xwJ8mE+KsJ7uM/WXDkyDFu12/PvUkfEe0w1/R5IU8Oc/EpJibTFpNJYrYsOimVPsNWF8kE2AtIJhA6qvy7HdgDSCZWM/VuOl0/03dzqGhh1KMpZf+6uWa4h7lDz4e4iE7dV9K1zN4wIUfz8TfFQ6w6ufB0I3NzPa1mb5DRSYTPPFDRqcMcmzuZd1zWpC3eRAcSLpas+szrGV0s4fzx6EmT567xO+E3f/05+nAM+t6aKu5YFkUzWy/wT6xtqEnMksYkF9Jn2OrWIZkAOwHJBEJHlX+3A3sAycRqdplMuMmC50dqxszJN7PBZPzsnLVBTUn8KmYveihR/Mm3JXRJLHZGoILKIQZcHCn1FRpcc0MgTFXTqaNLj9xgxFLlz8a5bv774jsz19CxhBjlvuIPb07VjyWsvxzv5rzo8NtzuljxnXXcrKxJ+xu5A1kew/il8M9qv5uYLT97pyIsKi4oMJQ6w9a3vKyM/2UDgE2CZAKho8q/24E9gGRiNU0nk5OCMG549B+/q6FrtwZ9bUHemXQVXcvsbRNyNF+sL6PLY5lzw54M+jftokjFzuA7x4Sn9U+dMDD86A1Lksm5bGbXyRgSM551mvT8q1Nuz+HHkqz560a/4vEjKpZodZr8m09jn5t0nz4c2v/d+XBe+JNjJLHEVhZYzGeEyRLBharw04mBAV3MzWBdL1+8qNFo+N83ANgeSCYQOqr8ux3YA0gmVtN0MtkTlMxWW6cL5Wa2lgx1FZ3J6IdYwpqYq/nUGi0nTjPz6ARi2oVRyu9Ci7hFGP3DE72vKejg0aUFDcwHU7/jwsavX3QJmfI1F0vuzlrzyuue/EDy2H97a8dzkzPow6F1mpY5J+TJIver4ixZYcbqnk5XTt1dNX5uzhAX0Qj39F0Hw+jPZK8aKBBkiUQIJ8D2QTKB0FHl3+3AHkAysZqmk8nasFK25vret9V07dagM/ZW9WUnLtqDCR1DerzUyWtfPjrwbukVpf4urFDor11RRCgMjAg59yDibuDFjiPJ3Wg8aRAzQz6Yr583nn99mvekZQmeX8fNWPPJuzOedeIHkkc6TfrtZ+fpYzHoHxbl6K/7fiCZfxr72IRczcmrnR+uKBymN1joi2WX6c9kb3s6Kqq0pEQsFvO/dQCwJZBMIHRU+Xc7sAeQTKym6WTCduXyOCmlq7YG/ePywqS8/p/cad7hWqdp3VhxhXaydwcdPMx0YZRySaR0W/C97OPhap8wouJYZIvf2bSo9MgfGo9dU3pTaYTzyOX2nfuPPeM0iZ86utRp8n99HEofiEEHTX4w8WAbV+CVsZr4XP457Bsj7ylWCRtemZc71M1AmBzknPHlplj6Y9k3BgoEPTRIKIwMC6urqeF/gQHQY/JbVCScQAgdzM9i2vl3O7AHkEyspolkclwYSaqtn+9qen66WXPyztxXHZ3WR5NxmTYxV+OdJB7sbKCya6az9Ho6WaCbT/VXkfJ231NsMuFUHguXHD/V6H9eFJF6OrHeO1mjH0u8rymOnxW5L1jHTx3GfWa06y/e3PwffxL89rME+iiMOXq6aH74o/nWvKKYgLt9HSZvFGmCL3e4bykf7t7FVG/Pu6cd8A6mP5x2ZHBgYGNDA/87DAAAAACOApKJ1TSRTLYH3yU11wmLigeZV8U/ebXTnLEKVa1ay5qZ4kYmq45Jr2buVTK3yphrxcwF6sUWG5+tcZpqYbPJCM/s+Xo9nbrrdEHruBl+6/wqlT6P2kx4qnzCFcci64WJ/r7Jq32u+5zNORaXS/Q9m7lfcHG8S9Cv3jvI+e8f+P76w5PG/K8/R/zu78m/n3T/uUnp9IEY843lpVxpl55m4rL5Z6/3JJf4XommqFL9IFd+MrZ5aFf97gY5P/Da0EcLwPeeogcP+N9hAAAAAHAUkEyspolksjhS5nJUTFcWDfr39WV0NdSgWbVMSZM2mdS2M00SplPByJSMXMUoVIxSzSh1P8ljuU7yJ2KnkpEomBYp81CsTTWlTUxOPXO/mkmrYi4V8rfPuTeu3cxR+zw/3lRP5w3zHT9L+JOxHr971bN8lz8dS1gb9gf85dNFP9b12vrJGOffvTnVw2vdvoO+c9fF0OWxss4PPP2frK4YcJd/3qwuSSOXC5isMk1FlbqqWl2t5837nS/PzuaX8Gmfd79//HgA/fm0I8/HxanVav7XGAAAAAAcAiQTq2kimXhFaYa4dtHZhjMuU01XSXkWN2pzBYklhQ1M3kMms5bJ0KWLe5XMnXLmdhlzvUTbcnK1iLlcyFwp0j5ILmFulDKp5dqmFfJ6EkiKGrSpprqNqW9n6ju076V3xJqYq3lrcT5dVNMOcRWZt8aiYedHqH/91iJ2oMh/vOTms3ir9EgIF0iUPmE/rDv41dRvfzbGme6a9ePRk58d4/af76wb/MW55yaZNcVWdx3mnvnxulK2qAujmS1JvTiL2sV85k6xJr1UU1bJDyT6pmXJXpvbRXfBySsuePv06fTB1jUuNlalUvG/xgAAAADgECCZWE1jycRPEOruK6HriAZ93jMryYx+XI1iRqVhVGqt2oYRtbbBpEPOtEu1jSckZpC8UdHClDYzRY2Post9XW5JKdfmExJaSFy5VKjNLcTkYm1uuVTA34u+M/aZO6UYp9PMPP1VPrrrzMCOn770aA3EZ0ZNfO41zy2zNoQu3yXadvzuFp+DC7e89sGcX7/kRscSzh+Ndvn1G8t+90nwoMnd6KBlpq8sLnQ72soWddVZlTClt8YFXS1kMko1JVXqyip+FOFJXvDtsS4u0yszUlZte2q5GPsSyQQAAABwYJBMrKaxZLIz+NZQN3MbTI5dlNB1U9oLxALmoi5XXCnUJo3rJczNUuZWqbbNJLWCSa9icuuY/IeP+no1d2pzi1TJaJjHarSy3b0uGu/HxXk6XTVUbxbaLn1hVt6kw+103jDfTzff/T/UzFrPOE38kdMk4jNUDjHupJ+M9fzXCfOGfhFJl9Myh3tkzgyQsvOtLYxmwtMZc/Jkt7xZpMkoVZd2lUb44aRSPW1zmYkxJ4MmP3h15h36U2ovIpkAAAAADgySidU0lkyWHbpLVxCNaXppxZRybcyobNGuIZhZx9yrYm6XawMJ2/RxSefFgkde0kmev1qkjS7JuvTCduh6UKMdMV/UqG1XqW7TvpjeF+2LM7voKaTvxxvrZ4c8mrTKMt/6Urt8uxX9ydhpQz478dyke2YuoWjCD77O40b2rzzLnLfqTMEXdUPby8xoJDFocHzLn7401fVulEear6+9jjZBMgEAAAAcGCQTq2ksmbw15zZdOzTo20sK6HqqviRgkDhR0shUtjJ17dqVBJs7mZZOpl3GiOXaDl1S3Qh4tn8XO/CdPNMm1b6MvJ6EkNJmprBRO8gkq5ZJMz6wxKDT93bRU4hz5NSceeGWT8nF+j9//pZOFz33xy+4PTt21m8/Pj5o0i265Ob46qJ8bqZg4vE7/BNlmTeKNFll2rm2LAsknJWV6kspkhEmJxH+aksM/UG1C5FMAAAAAAcGycRqGksm46en0lVDg64NbqIrrKw3S7XtGySW5D/Uhor0am2XrZu6ESOXC3U9u/SbSnTtJGz/rpRy7fCS9CrmQTWTWcPk1GkHzZc1awfQk3hzwbzWEtZT6UpzZuga5CzyOCGlk0a3nBeu/Pmrs+lcYUV/9ILbL99YPeQf5wZNvkcfhTHfW5GvP3hmabQiPqfrGQuMeYGkzUISSNTl1FxbrHmFCt/Tjet8a7YJ63yiG3MK5PRraEm2mbOjjC4855+8koXUB9UuRDIBAAAAHBgkE6vZ82TinSimK6+smbWMWjcshG0GkSiYDhnTJtM2mDRLmEYJU9WmnapL28urVjtJ160y5qpumDs7IkXfJ/27Svh7MW1SPjNiiqn/xLO+MDu/5w0mc0JlPxk3hY4T1vUZp8k/e9nrP97dPGiiWe0n5PCnn3w06p11U3h+Uq6pDngmvFzAZJepiyoMZ5LyCtXlFLHHxtJX5uQ4eWaOmZb18uwc5++K72RI6RfTHjvdSJef8+UZKX4nBfRn1fZFMgEAAAAcGCQTq2ksmXy0MJmuGtIOdRXF55haQZwd7H6VnQJYN2jk0RTANdpmkNImpqbt0WD3Rz272M5dSkam69bFLWxCvFdp4VKMry3Io0v+1FG4ZU7rwUzBnJ4nG+gg0Xv+yGny/33ny0GTjGbIEVNEbocb54Yq9Au5JLJTEBCemC2jT5Qx4zLVsRmqjFJNuckuW2cut42dnjXYUAsVeXLG1tKCYgX9Ln1LypTD3Y2Ogx/iknHEJ5D+rNq+SCYAAACAA4NkYjWNJZMVW8/QVUPa1xfmWXF+p0eTd7H9ux5P4cUubHKztIsJgk0492DNSJPNJi5HxXTMsMA/b7hF54fe9hdvbKKPyMkz47PNlfPCnsokxNXhVYcD4gMFwoQH7fSJ4pmYy+w71+6ypWLsjOzVPjV0kNA38ofWkR5GQwXr/35TGHS+mX6vvov3VdJv5Fxhn0NNkEwAAAAABwbJxGoaSyZHjwWaMzzj/eWFVkwmJrSstYR1U0TTC9Oz6MKzjpmdPzfM8gVM9H3nq/N0cuhtfzp+4XOT73OHM9g5Y+yMB1/srJ4Xym8F8orS7A5K9hcEBQgE8enN9IniJNd0//n2L4/Xv72kYJibaPzM7MORDXSK0HfSumL63PIc7iYiL6Pfq++hiAb6jZyz1sbTn1XbF8kEAAAAcGCQTKymsWRCnP5tPF011HeIq2jKzkq6XmtrhqXI31xoeO7gD9bVzgxS0hnDMsdOO6GNCi+4/8jJwBLvveTPJsx5dU7qm17pE7cWT/cXayfgejw1MM/vQ3Ke1JXvGL5wEXcV//i+7HnPrEF6Z8lzU+mddFMDRYLjm+lza8yTsU30FjhTRVL6LZyfLblKf1BtXyQTAAAAwIFBMrGaJpIJccqqpMHORpfRIPXXNYGNdO3W1jx1XzlxYwld/vELi3s+6l3ft76M1aWFSc84Tfq3sTP+fdzsX46d8fMXp/78xWk/GzP1X17w+Mlo1x87OT8zir8Uo/k+O9qVbOffxk4nW352tAt5ZvwsAV0S2g0h+UL/J8PHoxNTuPOTmC0LvFTzwVeFL87MHuzCP0vErcK6kjIlnSJYI5Ja/7iki5E8+r6zKK/K+HgV8icnT6Nd796Zd5P+lNq+SCYAAACAA4NkYjVNJxNvn6CPFiaPnmJ4glqnqVmbIlvoJGBrnslQTtlRTpf/i31PzVjVcyfuL3rm8QLwP3Ka/NPR7r94cfp/vjTvv8d7/WbCQuJvdf73BK9fvzSHRJefjfH86QtuPzajgYVslrzyV+NmkbTzq7GznnVyJdvXBpUxLhP35dEl4bk4UuojPKN/ZSNiLrInJz695VTS3Y0Hzw8xvgT7oYiG0nIVnSJYdwXVj5uRTb/LmKOmZBYUG805xFfmGG7gIr4x+xb9KbV9kUwAAAAABwbJxGqaTiZEgZ/gxAnhxj1RSzaenbYmcdqahIlfXfx0ydX359141yttc0RjTIaCDgM25VmRatHRGrqaO8w9a4Rn9sipOZyjZuQ5PXbMnIIJi4onLCohvvZl6dvfVBLfXVP10ff1H22q/3xXM3HiwTbnI+LpQvkcdqRKpOYPXhFcOOGni1GTtDpNJqHiJ6Nd/3XMlF+8OI3kk/94ae5vJyz6/SvLB/9h5dA/rBr2+urfv7r8f15e8rtXluqe/JqEmV/qYgx5I9veQnbx73+Y9f6KuKl+zXQOeVrNsohWX2EU77IGBQaHnUoIDosOEAgDtBMexNDnhzM0sbW8wmgy8dxUOtzNaKqhJRHocoqE3g7nB0uNLgY/YXoq/RG1fZFMAAAAAAcGycRqdplMWIX+/v4nBcePBxB9jgUe9gk+6B2yeV/Ux8vuv7U4752lBf/7XcmUnZUz9lYv9qlbH9q0K6bN56LkaqHmIpUT+t64TPVin3peHffTHU2fEXdq/ceBtn8eZG2fdLjD/Xgn65ST0iknZURPP9lUgZx1mlBBnBmodVaQcnaIcl64ev7joR0zAzsmTPd97s+rfj7ejQ4nBiVh48dOzj8Z7fYvYzx0cWX6f46b95vxC/97/AISWn72ouezo131O4D9+AXX95bHTN6XOydURuUQvl9FtOwJuq7fj0vPJ08u2xxLxwDOiB9MJZN/rCky0d5CO9jlQfz1Dno7nH/5qoB+F+v4aSnUUdiBSCYAAACAA4NkYjXNTCYG9fYJenPObbr6yFlR+ag6W6UbP1Cps6JKu3Y4cezMnHGzcl6anfPmovy/ri7++/oyjx2Vcw7ULD1WtzqwcWNE856zbT4XJL6XJP7JUuF1aUK2+kqBdqU/7bTC3Zmti04mg1xEdCXe6s4LV84Nlc4K6pgZ0Dbdv2mqT+nftqZ+uOLs217BY933/7+/rPnNH5f/57tLfvX63H8d7/nsGKN9un42fsp/vbvk939Z9f6yU9NO1s2PUNH7ol0YpdoafF/or20S6dKeJJO/dz+ZJNxAMgEAAACAg4BkYjV7kkyOHgv8k5epBRnLjA9OII40vqaevoOcSV1WNMRVdCVVQlJNZbVOXcIhllWpiyu1S5LP3Vf1+dqSf3xf5r69Yvqeqln7qxcdrVvp3/BdaNP34Y3zdme/P//G67Nuj5uWOsojbdzMDK8oa459t0gNyRjzIpRzw+RzQkiAkUw/Wet+pHzibhEJMH/bdm/iniznA/mzhI1zQjrnRyiNzbhl0NVhVceEp+lLZsxV20/TZ57TL7bJxKVcur9ylMnlYngOcxOlPjA109dbXrn0u1hfnXmHLrzti2QCAAAAODBIJlazJ8nExzfw0yVX6Oojp4lh08QXpnajOkvMyJZVURthJc9/tEy78sZQVxH5qdVdNNw9c/S07Jdm57zlleW16cK2A+Eb90Su3XmK1MLX7DqzJ+jarqBbW4PTNoc82BCSuzasdFVY9VcRzcsjWpdESvsnt0Rq5keqtXElXEkkD+ZHqBd0syQLI5WrwmuPCmON9OAy7Ppd0fQJ5/SONDUCfndI/djujIAf6ZGZX2RqBPzLs02MgL9NF972RTIBAAAAHBgkE6vZk2Ry4oRw6upEuvrIaXoKpt1BFfRbjPnnrwq4vmG05E8vTDW6luILU+59tyuaLr9pSc1e4B8gEAT6C4L8BCEnBaEnBWHHBRHHBVG+wugjgecOBSTuDbyyPShlc4jou9BCbbYJr1ke3ro4Ur5Iq2JRpJLkhIVRKqJXlJrY3ZhhvmTjSyPF+wMvCwUB9LF06Z5DofR541zpXVVYYvRS3k6Xzt/VjUs5c1sZvRHO0jKViSU+/+R1nS687YtkAgAAADgwSCZWsyfJRNhVL6B9oQ/pqidneYXy5dlmNZsMdn6QdFNMb4Ez5YF0mPHpod6cc+vQ0WC6/L2q0F8oJMGGPBQE6bJN8En/R/HGVxh1NCD2cEA8CRJ7gpJ3Bt3aEnJ/U0jmhtD8daHF34aVrwqv/ia8bkV441cRzcsi2pdGShZHykjU4VpySOAh+Wd5ROvqsMptwfeOCU+TLeuPaO+u/icFJhau+fPyglOX2ujTzpmeLXvew6xL6eSZmWKyK9eZS230uzhdVv5AF972RTIBANgFRUVFaWlp/GcBAF2BZGI1e5JMiJv2RuovFs5z5lZT/x0nLjtoYJkR2nEzsotLjf7Pnhh/vWOw8X+0f7rkytFjQXTh+1Ghv4BEF22bzONmGTa9+AlCTggiSNIg0eVQQMLBwB/2BV3ZHXRjR/CdbcF3N4dkbA4REbcFp+0ITtkfeOm4IIq8sSeZhHOU+3361LG+NCP7QLipkFlZpZ68zsBaljyHuIgmrSuurOS/Xd+D4Q30GznnfneOLrnti2QCgAMQGhq67TGJiYn8P1sDkgrY7e/bt6+hoYH/596HTSaZmZk7dURGRvJfAQAwBJKJ1exhMjlyLNBE35uXZmZXmKyGlleoPDaWmmju0G0kJ6dAQb9X35nbyug3cn6z7bTfSSvU3R3b9+bdoE8d5+ffFNGnXd/iUhV5Df1GzqGuIkFcs+kRJsSPlxudmIu4dV84XXLbF8kEAAeAJJMTJ07wn+0BgYGBvGdIKti9ezf7mHvQl/DaTG7dulVZWan3dwCAYZBMrGYPkwnxRc+7dA2SM/ZKO1371LeySpVbqPhiTTGdT95fnHfxjth0awmr6a5E3j621WBim05bkzjKw2izCcmf1+6aWh6xWpczN/nXkWjBm0SY/PrZ14V3Mkx14mK9kiIxEXSdPNKOH7dkFE2/i2QCgAPASybFxcV79uzJz89PTEyMiIggzzQ1NcXGxp4/f56tze/du1ehUJD40drayr5eIBDU19eTyEFer1QqfX19m3Rw29RPJmRfcrmcPAgODiavOXDgAPs1Ql5ANnL16tW4uDj218bGxoSEhCtXrpw9e5bd1/bt28neyYNcHeSBflHJrnlFJX8tLS0lbyfv4pKJWCw+efIkeTH7KwDABEgmVrPnyeTtuTfpSiTnRr9augJKezdTO4r67YV5L07PIr42N3fi2uLz1ztMjHrnFOXKh7jw96vvCfuszvaxK7bEvDwjhT57T05jTBN98nkWFisvpYinbi59c0EuuY4TZuW8sSCX/Ho9TVJZxX8xreBsE71fTlI8O237QjIBwAHgJRMSGHx8fNjHpGbP6JIJlys6Ozujo6PJg8LCQpFIxL6+ra2NPLhz5w77eroFRj+Z7N+/X/9PJFSwGYb3LlIq7nF6ejrZHfm2IXHI29ub0b2L5BbyjH5RSUTRLyrJP9xfSTjhkgl5kiQT9jEAwDRIJlaz58nEa8M5uhLJOdIjM6+wi75YrFXV6rJyVXGpklharqoyoyLL+tGyfHq/nB8suEGXGdIe8w10/+YH+gRyvj4/p6DYvEtZpS7VXcqSsm5cyoJi5XuL8+j9cnp8k0QX2y5EMgHAASAZ4PDhw6k62tvbSc2eq8SzaYFU9/XHn5AMoFarQ0JCWlpaGL3eWSS0sK83mEy4oSxVVVXsk6dPn96+fTt5hk0mly9f3rVrF9fJKiYmZt++feyfSMYguyMbqa2tvXXrFskkBw4cYJ7uo0V2Sg5Ev6j6f+UeX7hwQSaTsU8CALoEycRq9jyZbNsfTlci9U26ZWrB7x5aVKIcYbIr16y18XSZIa3fSeFykyvBD3MTXb7TRd88iyXpJfmeZDjVo0/fZZtj6GLbhUgmADgAvDaTLpMJSRQkTgQFBXGvZx+YTiYkdZDtkNewzxQUFAgEApJtyJ+4fl/Xr18nWYVkEvbXpKSknTt3ksRCHnt7e0dFRZGIQqJLRkYGCS2MRclEvykGANAlSCZWs+fJhDjSzej4BOJwd1FJWddjRSyQVGcnrSum98g5aPKD/d4hdIGhQY8eCxw95R59Gjk/XJpf3DuXMvB884dfmmr7GuWeRopHl9kuRDIBwAHgJZPw8HCuExSJEwyVTNhUwEFez/bmunnzJvt6g8mEN/Cd7LSjo4M88PPz0x+RQiIE2yWMhbyR/fXAgQMHDx5knzx27FhYWBh5oN+bi+ya7c3FFZXEGK4k5Ek2mZSWlrLPAADMAcnEalolmXyz7QxdldT3828KE25YueUkt1CxVVBnYrJg4l8WXRP68UsLTehhskMXcf6ucvpa9NCrdyWjp5pq+Brumu5ut125ApBMAHAI6Lm5GhoaduzYsX//fnaYuH51v7GxUSgUpqam3r59m0QUtvNVUFDQtm3bLl++zL6+ubl5uw5ug3QyIa/co4ONE4yuVYRsJCAgoK6ujtFFEfJrZGRke3s7o+uFxZWBpBGu05eJohKys7PZ5p2Kigo2mZD3sjH4VGoAAA1TSURBVDkKAGAOSCZW0yrJ5MTxgEGTja7TRxzhnjl9a5k5Y6DN99jpxre8cul96Tv3u/N0aaEJ1+48ZWKBGuKL07PuZcroy9ETVxyuMjElF/GVmXdW7zhNl9ZeRDIBYKBx7tw5tq2D0U3SxXWXAgA4JEgmVtMqyYT418XX6Aolz4V7KuhaqWUeP9M4xGRdlvi8+31fX8zK1T2Ffv6vz7pDn0x9X56dvd63ir4oFlhVpV51pNp0LCF+vyeKLqodiWQCwECDRJGEhISmpqbk5GR2ol7+KwAADgSSidW0VjI57BM0zDWdrlPyfH9JXnZXyyaatqJStfpo9WCT0wSzLtscS5cTdum2/eGDnU21gD2nW95kxtbSwuIejTkpKlXO2FLWZSz5cMF1upD2JZIJAAAA4MAgmVhNayUToZ/g7bm3uqzRDnYRbThRU1re9SolxgxPbB0zLYveMn9HzhlH7HbAdP/q7yeYMN3UwiasIz1EB8PqzVlwxqB3RdLDkQ3D3U1NxvWcLgIt/v4sXUj7EskEAAAAcGCQTKymtZIJ0dsn6PMvr9CVS7qu+eaC3Lk7y8srulGpJTXgTX61f19dNPjp9cUNOn5a6tfbztAlhGa6aW/kEJcuQuZzukv54dL8pBsdZd2JmiVlqhWHqp73yOyytYT40cJkf/tcXVFfJBMAAADAgUEysZpZ2QV0RcpiBX6CkW5pdP3SoMNcRZ+sLLxwqyOvUGHwX++VVeriUqUoVz53R/loz67bSVgHO2fs9w4R+tl9dbZ/nb0u3vQMwpwkYIxwF/1zbdHlFElpmdLgpSRPFhQr94c9dPmuZKTJ9Wf0HeWR5uMQDV9J8fEajYb/NQYAAAAAhwDJxGpW1jQGCqxZiZ+/Po6uYhpziItowqzsL1YXnYxpup7WmZ4ty8yTZ+fLyYOb9ztPXWpbsLv8g6X5Xfb50fe9+Tcc4L/s/e7eQ6GTVlykT68xh7qK3lyQu863OiCu4UZa5/0s2YMceUaOPC1LdiNN4h/b6LK++IWpWSSO0u815j+/uiikCmaP3r55k/8dBgAAAABHAcnEml67ej0kMIiuTlmsy8oLdC2zS0lKGeEuGumR+bxHJnkwxIwx7rR/Wp4fFBxNFwlaoMBP8PnSrrvn0ZJLOdyNXE1yHTPJA3M64PEc6Xaf7FrgEA1fpyIjJWIx/zsMAAAAAI4CkknXNrbK6hrazbGwuOKHxB/oGpXF7j4UOtyMebp6w4jLDSl3063bCjSQ3bw3YqgZA06s7idLrm7aG0mXx+4kH8XbN2+2tbW1m01HR4dUKuV/5wEAAADAVkEy6Vq6ktSXHjwS/I9ll+kaZ+/56sw7q7bb8WJ8NuuOA+Ej3O7TJ7z3/MxRWkssNjwkhP+dBwAAAABbBcmka3PyikWZef3rxuM5w1z59c7e0H1DZmoaf+/dNT8PGjbxWs7Kg1nmrCHTQ4e4PFh7NCsnh1+AAWVBfn51VRX/Ow8AAAAAtgqSiX1Y06Ty3FpKV0Ct62vzctIKpe3U3rurGpMnGUGl1jS2KietL6JPvnV13lDc0Krg7x4AAAAAwIZBMrEb2yRM9LXWId0fA22mX/tU1beq6f1aYKec/zkD+iiUGmFi49DuTK5lvp+tKghMaiS74O8VAAAAAMC2QTKxM6ubVBfTOsbPzqarpJY5yjNze0jt/SJpW6emXWcbp0TN2dKhbtXZ0qFq7lA2t2ttalc0tcsb2x5Jfm1slbO2ieXtYnlrh6yZtk3aZLYNLZ3GbGzlv9iEze1SfjE6ZKR47bpycnZ0Kjo65ZwSqbJT9kiZQi1/rFLFqVGp+apZNY98DMPK0dyu8tpX/urcnEHURbHMl2ZlJ6S0qdBiBQAAAAD7BMnE/mwRa0Iutry7OI+um3bXF6ZlbvCvKK6W1DZJ65uJncTaJkmdzppGcfVjaxqeWK33wJiPX9BhwIfUM6YUa19vUP4rTWuwME8dl/4BPjqKRnGtMZu0krP0sFmnNik9tk1KbNEln1axrE2nuFNB1EYdqVIqV8kUWnPLJYFJDW8vyqEvTXd9e1GuMKFBpkAsAQAAAIC9gmRiW7Z3alrF6haxtl1C2wTRJm9olT9skdW3SOuaiZ01TZLaRpIZJOW1HedvNXjtK3lvSS5dTzXtuJlZn6/KFybUFVS2VT3sgP1rSU17zPWHs3YWD3Prdv+u1xfkHIiquZjWKu5UqtFaAgAAAAB7BsmkP23pUNU3S2u0SYP9Jz2/zmqOlfUd2aWtsTceztlV/OEyoyllwuysv63J9ztfey+vpaJO+y56U7B/LapqFxW3xt1smL+nZJRnprFeXn9dmbc9uPL0tYfkxRVPX8fqhx01DdomnbomSVObtFOu5N/xAAAAAAC2CpJJ/9mpIZnEsjRCS8JGdknb/YLWuFsNB6Kqlx4q9dpXwro1sDLq6sPU3JaMwtaSmnb6vdCm1F7K0rZbmc3xdxq8T9esO1m+cH/p10fL1vuVH4iuTkptTC9oLaxsK6/lv5EnSSkknyhVav5NDwAAAABgkyCZ9Kfa4ebaweVKba+tNnm9rr9WrXaAh0Q72oGqa0LIkyRb3aAXSX2zpKG1s6lN2iaWdUjkUrmKZBL9AfcAAAAAADYOkokN2Mm0symlU9Mq4Q0ykT1sIWqHp9c2PQot1Q1iuoYKHVgSP9ix+PW6ofba2cbapS3t0lYSQh5PIEaiiEKpVqkezwbGv9MBAAAAAGwdJBN7lSSZDqnmUaSRcJP8alrFKhJvtD87tLZ0KHU55/Hcvrrx9A9b5fUtsvpm2ePAw2Ye7VRUdLUYmm9NYwc7YRcbIRpapI2tMm2K6JC1dHATE8vFUrl2JmK5Uq5QaVWqFCq1Qqlt5SDRQvvz8bzDJGAgYwAAAABggIBkAntdLLwIAAAAAAC6BMkE9oXoXQQAAAAAAEyDZAL7QrGMUWKOKAAAAAAAYBwkE9h3KlX8zx8AAAAAAAAsSCaw75RgwAkAAAAAADACkgnsUzEaHgAAAAAAGATJBPa1WJQcAAAAAADQIJnAflAi438QAQAAAADAAAfJBPaPYhmmEgYAAAAAAE9AMoH9plTB/zgCAAAAAIABC5IJ7E8xWxcAAAAAAGBBMoH9b6ccPbsAAAAAAAY6SCbQJpQp+R9NAAAAAAAwoEAygTakGi0nAAAAAAADFSQTaFt2yhmFiv8xBQAAAAAADg+SCbRF5ejcBQAAAAAwwEAygbYryScYGQ8AAAAAMEBAMoE2rVjGqNX8Ty0AAAAAAHA8kEygfShVoP0EAAAAAMCRQTKBdqZEzqjQigIAAAAA4HAgmUD7UyxjZAptLy+0ogAAAAAAOAxIJtC+JSmlU84oVRiOAgAAAABg3yCZQEezU6ZdEUWlQYsKAAAAAIA9gWQCHdZOuXbeYaVa25xiU6vLk8hEyqNSa5t6FI8lReVkn1GyqrWvVOvegqwFAAAAAAcGyQQOLMUyRiLTDqMnuUWmeBQD2M5gFlf7NTpJcmCzhEKXLqS6XRC1u5Np9yumCmOx3FFIFbryoycbAAAAAOwfJBMIHUoSWkgo0rYUaSzPWgAAAAAAfQ+SCYSOqUSmbbphe4IBAAAAANg+SCYQDgi1bSkKpBQAAAAA2C5IJhAOLCUyLFUJAAAAAFsEyQTCASq3FAwAAAAAgC2AZAIh1KYUElHQ1QsAAAAA/QiSCYTwiSqkEwAAAAD0E0gmEEK+UjnGogAAAACgr0EygRAaVSJHFy8AAAAA9BFIJhDCLsSijQAAAADoA5BMIIRmqV0OBV28AAAAANBrIJlACLuhWIr2EwAAAAD0CkgmEMLuKZYxciX/qwQAAAAAoIcgmUAILZHkEwVWaQQAAACA9UAygRBaKLs+IwAAAACAVUAygRD2VHTuAgAAAEDPQTKBEFpBsQyLMwIAAACgRyCZQAito0TG/34BAAAAADAfJBMIoTUl+QTTCgMAAADAApBMIITWFz27AAAAANBdkEwghNZXjJ5dAAAAAOgmSCYQwt4SLScAAAAAMB8kEwhhL4rGEwAAAACYCZIJhLB37ZTzv3cAAAAAAGiQTCCEva5Uwf/qAQAAAADggWQCIewL1ZhLGAAAAAAmQTKBEPaRKoQTAAAAABgHyQRC2HeiWxcAAAAAjIFkAiHsU9FwAgAAAACDIJlACPtaDdIJAAAAACiQTCCEfa1YhpYTAAAAAPBBMoEQ9oNYHh4AAAAAPJBMIIT9oxQrMAIAAABADyQTCGG/iZYTAAAAAHAgmUAI+000mwAAAACAA8kEQtifqtFsAgAAAAAdSCYQwv4Uay8CAAAAgAXJBELYz6oxhTAAAAAAkEwghP2uRMb/YgIAAADAAATJBELY/wIAAAAAIJlACPtfuZL/3QQAAACAgQaSCYTQJlSo+F9PAAAAABhQIJlACG3CTqxtAgAAAAxskEwghLYiAAAAAAYySCYQQlsRHboAAACAgQySCYTQVpSiQxcAAAAwgEEygRDaimJ06AIAAAAGMEgmEEIbEgAAAAADFiQTCKENqVLzv6QAAAAAMEBAMoEQ2pBYchEAAAAYsPx/EZbX25ugCOQAAAAASUVORK5CYII=" alt="Screenshot" width="100%" ></p>
<p><img src="data:image/png;base64,iVBORw0KGgoAAAANSUhEUgAABDMAAAIGCAIAAADGMlPIAACAAElEQVR4XuzdB3hc1YH3f7L//77Pu7v/Z9/s5s3WQBJSSIAsgYQkSyCBZJPNAkkgYAOuGNuUGFMSenMwxliuuEjuVZJV3C1b7r13yXKRLcmyeu+j6XPP/1xd+Xp8rjQalZFmRt/P83v0jO7cO3MlS+L+OPfce9Ot8/N6OcUN3opGX02zVm8XDXbR5CCk38WrCQAAAPi7ydocQppfpxbTTAiRsTmFxydoKAAAAIabMstcGWXujDLXmTLX6VI9p67lZEmgmKsZW53RX8eVWebOLHfL18wqd5+vdF+ocGdXui9XeS5Xe/JqPFfrvIX13rIGX2WTVtcs6u1ag12zHrER0q/icKm/lgAAAP3QTZeq9PJwsaVFXKh0n69oSaX7XEXHOW+uX6FvfrHSk13lkS94Wf+ot5HcGq8sJFdqvfm13oI6b3GDr7TRV9noq7Zptc16LWm0HKUR0g/j9qq/mQAAAP3NTcX1emEwPhbVe1siH/gK6/XxjQ7TsrK+lfki8mNJg6+kwVva4Ctr8JU3+sobfBWN+jhJlU0zOklds34eVyOnchHiF9lPfJzdBQAA+qub9M7QqDcHI7JF6Gk0o7WTaysY67d0D/+Xkj3EiGwjVU16Ialpbu0kxnlcjJYQosTmFHbO7AIAAP3VTbIn1LZ0hlr9QWuM/hBM/Le69jqt9aNOf6BPc2+J1jKrRBhncDFaQkiAONzqLyoAAEDUu0nvCQHT0DJP3T/WddpIy8la/rEefhFCAqTZKXw+9TcWAAAgWt1kPR6ylooOY30RQkj30+zissIAAKC/aKOZEELCKg76CQAA6AdoJoRERvSTuygoAAAgetFMCImYyHICAAAQrWgmhERYnG5O7gIAAFGIZkJI5MXm0O98Qj8BAADRhGZCSKSG254AAIBoQjMhJLLj8QmN0RMAABD5aCaERHZsTgZPAABANKCZEBIl8XDDeAAAEMloJoRET5qdTIsHAACRimZCSFTF4RZer/p7DgAAEP5oJoREYewu9VcdAAAgzNFMCInaMPMEAABEEJoJIVEbm1P4mHcCAAAiBM2EkOgP9QQAAIQ/mgkh/SJuj/rLDwAAEFZoJoT0i9icXLMLAACENZoJIf0oTo/QOLULAACEJZoJIf0rDi4oDAAAwhLNhJD+GB8XFAYAAGGGZkJIP42LM7sAAEA4oZkQ0n/jdKt/EQAAAPoKzYSQfp1mp/pHAQAAoE/QTAgh3CoeAAD0PZoJIUTYuWAXAADoazQTQogem1O4mHYCAAD6Ds2EEHI9To/6NwIAAKB30EwIITfEy61OAABAX6CZEELUUE4AAEDvo5kQQtRwKWEAAND7aCaEkDZicwq3V/17AQAAEDo0E0JIu6GcAACAXkMzIYS0GxundQEAgN5CMyGEBArlBAAA9A6aCSGkgzDnBAAA9AKaCSGk49gc6t8OAACAnkUzIYQEFS4lDAAAQopmQggJNnaX+hcEAACgp9BMCCGdiKapf0QAAAB6BM2EENKJcKkuAAAQIjQTQkjn4uE6XQAAIARoJoSQTsfhVv+UAAAAdBPNhBDSlbg96l8TAACA7qCZEEK6Eu5wAgAAehbNhBDSxTi4iDAAAOg5NBNCSNfj86l/UwAAALqGZkII6XqYCg8AAHoKzYQQ0q34uPciAADoCTQTQki3YuM6XQAAoCfQTAgh3U0zN4YHAADdRjMhhPRAvEyFBwAA3UMzIYT0QLiCMAAA6CaaCSGkZwIAANAdNBNCSM+E2SYAAKA7aCaEkB4LAABAl9FMCCE9FheXDwYAAF1FMyGE9GS4twkAAOgamgkhpCfDbBMAANA1NBNCSA8HAACgC2gmhJAejp17mwAAgM6jmRBCejg2TugCAACdRzMhhPR8fJr6twYAACAwmgkhpOfj8ap/awAAAAKjmRBCej5coQsAAHQWzYQQEpIAAAB0Cs2EEBKSaEw1AQAAnUEzIYSEJFw7GAAAdArNhBASqgAAAASPZkIICVUAAACCRzMhhIQqHp/6FwcAAKA9NBNCSKji8qh/cQAAANpDMyGEhCp2FzeDBwAAwaKZEEJCGDc3gwcAAMGhmRBCQhinW/2jAwAA0CaaCSEkhLE51T86AAAAbaKZEEJCGwAAgGDQTAghoQ0AAEAwaCaEkNBG4/JcAAAgCDQTQkho4+HyXAAAIAg0E0JIaMP9FgEAQDBoJoSQ0MbO5bkAAEAQaCaEkNCGCwcDAIBg0EwIISEPAABAh2gmhJCQBwAAoEM0E0JIyAMAANAhmgkhJOQBAADoEM2EEBLyAAAAdIhmQggJeQAAADpEMyGEhDya+pcHAMLOTdecPHlSfQ5Ar6CZEEJCHh/VBEAnyXpgVgX1uRDQNM18u/T0dPVpAL2CZkIICXl8PvVPDwAE1svNRPqrv/or4+3q6+vV5wD0CpoJISTkoZkA6KzebyYA+hzNhBAS8tBMAHQWzQToh2gmhJCQh2YCoLOCbybf+c53zDUNMTExdrvdf52ysjJlHX9NTU2irRnw8sHf/u3fyiWTJk1avnz5X//1X1/f5qab3nrrLf+3ANB9NBNCSMhDMwHQWUE2E3NyiJXb7TbWGTlypLkwNjb2wQcfND+dMmVKbm6usZq50NpM2sNVvICeRTMhhIQ8NBMAnRVMM6moqDDXkRVl9OjR//Zv/2YuiY+PN1b7x3/8R2PJO++8I1ouwzVx4kRjyZUrV8xXMzcM0EzkW3zjG98wP33vvffMzQF0H82EEBLy0EwAdFaHzcThcDz88MPGCvv37zeXmyMkX/jCF4wl5uvU1tYaSxobG40lkyZNMjc0V2uzmWzZssVc81/+5V+Mhbfeequ5EED30UwIISEP9zMB0FkdNhP/2uC/PC8vz9zQ4/EIv8px4cIFZZ2EhARzQ3O1NpuJuZo0bNgwY+Ett9zivxxAN9FMCCEhD80EQGd12EzS09PbXKG0tNRcbkxt//d//3fj09GjR4sbz+bKysoyNzS3opkAfYVmQggJeQCgszpsJjt27PjCF75gXcHaTOrr63/zm9+YC00//OEP/Tc0l9NMgL5CMyGEhDwA0FkdNpPy8vJbb73VWMFoIIYtW7ZYN7xw4cJNLTNP5Me/+7u/u+uuuwoLC81nDeZWNBOgr9BMCCEhDwB0VofNxOPxPP3008YKbc6ANzeUtcSYs+6/mpW5Fc0E6Cs0E0JIyAMAneXfTG62MNZpamoy1zGuGux/Sd+5c+caq40dO9ZY8jd/8zejr3nzzTfz8/PNtxM0EyAM0EwIISEPAHSWfzOxMlf74he/qD53jXmK1/bt29u7IeOuXbs0rfUaHeZCmgnQV2gmhJCQBwA6K8hmIj3wwAPKs2+99ZbdbjdXaGhomDp1qrKO6V//9V+N1cwlNBOgr9BMCCEhDwD0le3btxst4u///u/NURRN0xYsWGAsV1oHgD5EMyGEhDY2mgmAvmPeJ/7o0aPKUzQTINzQTAghoY3dpf7dAYBec8sttxj1o7i42H95fX09zQQINzQTQkho4/Kof3cAoNeMGzfObCBf/vKXBw4cKD+aS774xS8eO3ZM3QZAH6GZEEJCG49X/bsDAL3Gf2zEateuXeoGAPoOzYQQEtpcuyAnAPSZ6urqX/7yl0Yb+Yd/+Ie77rprx44d6koA+hrNhBAS2gAAAASDZkIICW0AAACCQTMhhIQ2AAAAwaCZEEJCGwAAgGDQTAghIQw3MwEAAEGimRBCQhhuZgIAAIJEMyGEhCo2bmYCAACCRjMhhIQqdhc3MwEAAMGimRBCQhU3AyYAACBoNBNCSKji86l/cQAAANpDMyGEhCoAAADBo5kQQkISrhcM9KApU6ZMnDhRfiwsLDSWLFy48MZV0LYZM2YYDz7//PMbn+mErVu31tTUqEv7jtyfLnw58udHXdSOuLg4dRHQK2gmhJCQxMskE6DnyGPK6urqXbt2TZ069fLly6IvmklTU1Nubq66NHJ04VDeFP7NZOPGjf6ftin4ZgL0FZoJISQkAdCDzGPKlStXzpkzR/g1k+PHj0+cODE5Odn4tKysTK48adKk2tpaY8ns2bPlCmvXrrXb7fLTlJQU+emsWbOMZ01y/ZiYGHO5PPYtKiqSryNXPnPmjFxiPJaMY3T5snKJ8b5yyalTp86fPy+fNV9NrmA8ttlsCQkJXq+3uLhYbjJjxozdu3cbW8l3Md+upoXyOgZjw7lz5168eFG0fBNkT/vss88mT57s8XhWrFghn42PjzdWXrp0qdxcfi3G12t+65RDefMbZWwo3/r06dNy3+S2qampxjrbt2+f2uLAgQP+zUQ2tEuXLm3atEmuvG/fPnNhTAvjfeWOGa+2bds282uXz8rvqvwac3Jy5DqrV6+WC43Njd0ztpIL5frGcvkPvWbNGrmwoqJCPmvuj/+XM336dOOfRr6yuPYjMX/+fHMFg/mtMP6t5ets2LDBWCIfGK9gvIj54vKB3H+5UK7sdDqNhUDo0EwIIT2fZv77BfSo9prJnj175CGmPGaNi4uTBUAuOXv2bEZGxokTJ4wyII8y5QF0SUlJWlqa/LSurk6uKdeXC+Xxq987CPmyFy5cMJfLqiCPhuWG+fn5xrsfPHgwMzNTHqD7fD75vnJNub7xvnKhPLSVrcb/NeUKRjuSB/Fyl+QDeXQrH8tXli8oD7LbbCbW15GmTZsmd0N2KvlAtHwTEhMT5VchG86OHTvkx6NHj8oX97aM1crVZG+RhUHugGi/mZjfKLlcbijfWn69concVm5ivJT83soXkfss31dpJjNnzkxKSpLfH1mQjIX79++Xa5rvK1uNfFxQUCC/V6KlyMkvQf5zyN2WpWjv3r1yoexaxuby7WS/kh9lKZJfjvzGyi/HeNl58+YtXrxYlkNZDGRJMPfH/8uRryx3Xu6hy+WS7yt3W+6Y/AFQvo3mt0LujPxKZb2RW8l/Pvm+8suR/yKFhYXLli0Tft8ruRtyifEDY/5jAaFDMyGE9Hy8XJUL6FHGMWVxcbFyNpf8VB6VipZTrcxhE4M8uJSHqkeOHPE/oFy0aJH52Dz2lRwOh7m58ZrGmImxxHgveVRtns1lbmu8r3wjeZhuLDEZR9uipfOIlkGJ9PR04yl59L9x48Y2m4n1dWS9kfXDeCy3kp/KZlJfX28sMaeR+O+ewdjt9pqJSW5ovPXq1avNJfKlZGkxRjZEy/sqzcSoFqKl4UjmU6Llfe12uzyUP3z4sLlQ7mdVVZX5qfE9mT9//rlz5y5eY7RBYwX5WBYYceMpWJMnTzYeyP3x/3LkvpmfynXM3TbXNxgvJfdN9jpjiXws/43k5uauGt3PfDX/d2/vGwj0IJoJIaSHY2PABOhp8gBRHj7KGmAuMQ675YGsbBHGgbXxrDEu4fP5jGYiWo4+Z82atX79eo/HYyw0mKd7iZZDW+Pg21gu1/SfWWFtJsb/oTfI963x6xj+jBO6Fi9eLFqO5o1zjUTLLsl24b+V2UysryM3PHjwoPl28kuT2xpnTAm/w2Vj944fPy67TUNDg+iomZjfKLOZmG9tvJT/d8D/sbjxazEey/eNiYkpKCgQ15qJfCB3Y/r06capa1J2dvZnn30mW5lo2Rm5slFp5PfHqHDy6zJP0jO/2/67bT7eeuM8kxq/ZmL+uwvLxBLjU/+vVFz7LskdmNhyClxzc7OgmaDv0EwIIT0crsoF9DjlEFP4HXab/4PcYM7u8D9ClcffkydPlgfi7c2b9///6IbAzUTZH+Vg17Rp06bCwkLj0FwWngBjJmYvsr6OXNnc0BCgmSxdutScDhG4mZjfqB07dihvbY6ZGONRktwBpZmYwzjGmIl8X6OACb9mIsmdkS2uvLzc+NSYnSJaJsPs2bPHGPmRKxj7Jl/TOmbiv9vmUJXcn/aaif+PRJtjJg6HQxkzkQ9iY2P916SZoK/QTAghPRwAPa69ZnLw4MGYmJgzZ84cPnw4MzNTLvnss88qKirkga/RTOTh7+XLl+UBsTwQl4f4DQ0NxslacmXl7K/58+fLI2NjuTxgtTaToqIiY3aHPNqW77ts2TL5Osb7ttkoRMsJXZMmTTLmbEizZs26cOGCLCpTWuaZiJavS+6V3D35VHvNRJo5c+b+/ftlYVi/fr0I2Ezkcf+uXbsyMjLi4uICNxPzG2XMIbE2E9Eyz2Tz5s1y96ZPn640E7lEfgfMeSbyfeVXKr8W433l7q1bt66goEDuiWws8tP4+HijjxmDLRcvXjRrQ0JCwty5c43H27ZtM97RLCH+u71mzRpzf/yXu1yu5cuXy39oWXWM0Ru5Y0lJSe3NM1m0aJHsXUeOHJEvYkxPMibrSwsWLBABm4lcR76duRDoWTQTQkhPxulW/8oA6M+MCRVRxv9srihgXCzBeHz27FlzZAzofTQTQkiPpdklfJr6VwZAv1VZWWmcvBRloqyZ+F8X4cCBA8ZZZECfoJkQQnos1BIAhtra2pkzZ1pvqREdoqyZGJdGMGbAnz59Wn0a6EU0E0JIz8SpnzQOAADQRTQTQkjPRGPABAAAdAPNhBDSA3ExYAIAALqHZkII6YEwYAIAALqJZkII6W7crVebBAAA6DqaCSGkWwEAAOgRNBNCSNdj50bAAACgh9BMCCFdjI0BEwAA0HNoJoSQLoZZ7wAAoAfRTAghXYmD87gAAECPopkQQjqdZqf6pwQAAKCbaCaEkM5F1hIPlwkGAAA9jWZCCOlEbIyWAACA0KCZEEKCDSdxAQCA0KGZEEKCDSdxAQCA0KGZEEKCiten/vkAAADoQTQTQkgHYco7olhpdTMhJCqj/rYjEtBMCCEdhFoCAAB6Ac2EEBIoPm70DgAAegXNhBDSdmzUEgAA0ItoJoSQNiJriduj/r0AAAAIHZoJIURNs0v9SwEAABBqNBNCiBouEAwAAHofzYQQcj027vIOAAD6CM2EENKaZmoJAADoOzQTQogeu0toXIkLAAD0HZoJIUS4uZciAADoazQTQvp7GCoBAADhgGZCSL8ONy0BAABhgmZCSD+N080t3gEAQBihmRDSH8MdSwAAQLihmRDS7+J0q38IAAAA+hzNhJB+FIeb0RIAABCmaCaE9JfYnFyGCwAAhC+aCSH9IpzBBQAAwhzNhJDoD9fgAgAA4Y9mQkg0x+YUHu7vDgAAIgHNhJCoDXdRBAAAEYRmQkgUptnFZHcAABBhaCaERGGYWAIAACIOzYSQ6InNKXzcrgQAAEQmmgkhURIH1wUGAACRjGZCSDTE5lR/twEAACILzYSQyI7dxXWBAQBANKCZEBLB0SeWMNkdAABEBZoJIZEaJ7crAQAAUYRmQkjkxe3hdiUAACDa0EwIibAwVAIAAKISzYSQiInNyVAJAACIWjQTQiIgdpdwcwEuAAAQ1WgmhIR7uLM7AADoD2gmhIR1XMwqAQAA/QPNhJAwjd3FrBIAANCP0EwICcdwXWAAANDf0ExI36S+SZSW+kpK9JSW+Rrt6gr9Ns1cgAsAAPRLNBPSN6mobK0lRqprNes6/TDUEgAA0G/RTEivxy5qGzT/WqIPm5T6GmyWNftT6CQAAKCfo5mQ3k5Ds6isUpuJjKwr1pX7Q2xO4eWiwAAAoN+jmZDejt5MqttsJuqa/STcQhEAAEDQTEjvp5Gzua6F+ycCAACYaCakb9LPZ8Bz/0QAAAAFzYT0TRpsorSsdeSkrLx/XTXY6VZ/DwEAAEAzIaT3wv0TAQAA2kMzIaQ3Ynepv3sAAADwRzMhJOSRtYShEgAAgMBoJoSEMHamlAAAAASHZkJIqNLsVH/fAIShR2IKvjw6mxASNfnn57O3ZTapv+qIBDQTQno+Nge3dQcig6wl6iIAkS/tVKO6CJGAZkKiJLU2kVclMorFiQJxqlCcLRFXa0RDr1+MWHYSABHky6Oz1UUAgD5CMyERn/IGsSNbxJ8Qr68XDy8U988Wv5wrHlsi3t0k0i+IikZ1/dDF5hQ+ZroDEYVmAgDhg2ZCIjUl9WLrRfFskrhnuvhujPjOpDZye4z4yUwx95C4VKFu3uNxe9XfLgDhj2YCAOGDZkIiL/XN4s2N4j+mqD0kQL43RWy7qL5OTyX4cRKnRzS7hYsOA4QNmgkAhA+aCYmw1NpE7EHx/alq9+gwv10kyhrUV+tmbA7hCbpmNDnFuTJxqlhkVwgbN14EwgPNBADCB82EREwa7eJyhXh8abvnbnWYwQmixqa+bNdicwqXRwQ9WCIqmsT2S9ez87KoaVbXAdD7aCYAED5oJiRi8sZG8ZPP1bLR2Sw+2gNz4js7pUQWmEP5NzQTmeMF3Bge6Hs0EwAIHzQTEhnJrxbfn9b10RIzzyaJfTmiqC5Q6gKOqzg7f1t3j0/syVWbycErnZigAiBEaCYAED5oJiQCUtUkHopTO0YXct8sMShBDFsZKCOS9at+WfdBxu7q4iiH29tGM9mXRzMB+h7NBADCB82ERECO5usX17I2jU7lnuliwHK1h1jz0RZ9Qot1H2S76HKPkH1mf57aTI5xNhcQBmgmABA+aCYkAjI0Ua0Znco908Sv5+svYu0hShJO6neOV97d3hPX0Sqou6GW7LgkShvVdQD0PpoJAIQPmgkJ9xTWirunqWUjyHw3RvzXPDHU0kCsGb5SLD0uGm4cLenZe7pX2sThfHHgijhyVb9UF4BwQDMBgPBBMyHhngtl4o6uTnwPZmKJkXc3q6MlDpfw+dRfmG5qcooqm2jqiUEYAD2CZgIA4YNmQsI9iSfVvhFMbvvE860xhQ98VP54nH1Y++dxjUrVJ5YcvKLfV958x+YeHSoBEM46bCZHjhwxHzc1MdwJACFEMyHhnim71dYROLdN9H11RO5Xnsr6ypOZMjcPyPzq02dvHXz+tuey73gh9+5X8u9+9er3X8n/8+LKqzV6IfGf7+5w9/w4CYBw1mEzOX78uPnYaCaHDh0qLCyUD+THAwcOmKvJ5ZcuXTp58qRcaKx5oIXT6aysrDRWNj7KT+Wzcrn5GAAgaCYk/DN+u9o9AuUz7daXS74y4KxRS6y5eeBZI+/ML1HeyOZUfz0ARL3ONhNZLWSjkPVDfpqVlWUskWQtEX5VRFYUWTnks5UtjrSQC40RGPnA2Fx+NF4KACBoJiT8s/SYpX60k2+Pc9wy7JK1jVjzwLATZ9eeNt9CdhIvQyVAv9TZZiJa6od/wTAYBcMYMzGfMsdJjH4iHxjPZmZmyk/9XxkAIGgmJPyTfkFtIG3nU+/XRl/9ygC1hFjzvWdOp36U3px+yHwLj1f9xQDQT3TYTMx5Js4WxmNZLeRj+dFczdpMZPeQKxiDKm02E/8ZLAAAQTOJ3DTaW2JZHnyqbfoFefs8RbWixqbum39yK8WdgW+z+Jn2tZFXbn7qnLWE+Oe2p85Me3NHwfTVl6au/fD1PY6kLbZmH/c6BPq5DpuJMRtE8h8GOdAyvcR4bHQPY4nxlCweB1omkMiPh1oYZ3MZz164cMFY2Xhl/4EXAOjnaCYRllqbKKnT74lh3rNvd664XHnDpaWCTGWjuFgeFqloUPfNP3XN4uexljZyLd/6wHbz0+fN+nHzk5l3DTx218Cj3xhw2lz48xEnV3y03RuX5JubNOHPu2e+tSM/ZqF3XpJotqu/EAD6mQ6bCQCg19BMIikNdpFVKvbk3nA3cf2G4pdFblW3xk/CPMNXqoXEGCr59sfOW4beMLHk3qcOxz27YP6z818cvO6rT2YYC+d9sLNqzmpZS7xzk3ZMSCufuWrwwwMaZy3XyqrUXwgA/QzNBADCB80kYtJoF/v9hkqsOVUkygIOPkRutl4Ut994s8Vvf+y6Zdjlmwe2XhrYyNeePLNjZEz28x/IXHz+g8GDNsmFPxh6piF2lawl/kl59QPnnARt0171FwJAP0MzAYDwQTOJmBwrUKuINbtz9XOfrNtGehod4tFF12vJra+Ut3ld4O8OOHFy9MdGM5EZ98z0rz5xaMgrJ5Ra4h9RXaf+TgDoT2gmABA+aCYRk105ag9pM2X16obRkXc3XZtY8l7jzU+3Pdn91gGnD4z61Gwmzwzf+t3fLZnw/kFrIZFxzF9dvGJH7rlKu4MrcwH9V+80k8XLt6iL2nc6M3fStOQZc9b4L1ywZLP/p9KsuHXy48bNh5cnbleeAoAIRTOJjFyqVBtIezlaoG4b0lwsFytP9WQO5onyts5Jq7WJIcvc3x1b1OZoiZlBw7bnvDYx86UPj74647aBp29+8tS8P012xSYqtSQj9dSCva7ZB8Scg2JNpvBxhS6gvwrDZjKzpXJ0yGgmABBNaCaRkaNBnMplpsGubh7StF6/uKdieX0z2UXuX77ewY0UfzH8uCM2qWz6svFj5978xEm5pCB27dyY+ORlh/ZuuHRkbVb6psLEnfWykxi5WCGqmwXFBOi3AjeTaTNXTZqWbER+evjo+ZjpKTNj1x47cVF+mrRqT21dk1yyYMlm/8cejzduwUa5ibGauNZMDh45J1/Q7+V1Dodr1tz1cmW5ifx0yYqtxtudzsiR3eNCdoF8vHnrMbOHLFqWLt9Ffpy3eJNo2YdO1R4ACGc0k8jI4Xy1fgRIfe82k15LfrnniY/yrG3EP/cPO+GITa6enfrKq5u/+Zg+A/7kqozp6dUzdjTN3e+dt88du18za8maTOGllAD9W+BmUlfXVFPbuGP3aaNRpK7dV1JaLT9ObflUtgJZJI6euHj+YoH/Y6fLvX3XKbmmXO1yTrG41kymfJ4qX+rGd9Df4sChrPyC8mUJ28srauXbyeYjP7rcHtlG5szbcOLUpaLiKqOZVFbWzV2UdvFS4Z59GeY+0EwARA2aSWTkYGeaSV2UNpPqBt+8jVXWNuKfh5876oxLltk1Kf3BZ9ZOf3Pdyj2NZhUxMnOfNmGz68O19tJ6egnQ3wVuJpKsGYuWpduaHeYSu8NllAHZCqprGoyF/o9NcrVtO/WbvssHskh4PIFmtck2cjojR/idpuV/vpbxeOHSdHPJ57FrBc0EQHShmURGjlxV60eAROuYSYNd7M2wfXVgoHkmo1464Gm5o2JTbMq6cRvWvvnpru2FZiH5ywbHu6nNbyY1vbaiYdI2Tx03WgT6vQ6byd4DmTl5JcbjM5m502atNk/ukq1AthTjKf/HPp8mK4SxmtFMZC1RZrSbZPOZuzDNPINLBGwm1iU0EwDRhGYSGckoUetHe9mdE2iqRqSntkn7+auBppokfrjFf6a7bXb8lqlL4g62nsEly8nnLTE+rb/+/0AB9FOBm4k+PLJiq/G4qLhqz74M0XL+1ex560X7zcQsIXI1c8yktKxm+65TxnJ/Uz5PNR7kF5R32Ez8x0yMifI0EwDRhGYSGalq0m/0bu0h1uRVq9tGWY5dbP7aU+0Omxz6bINZS4rfmuyeHV8ybVHMyqyZe9xvp9hmXuskNBMAhsDNZPrs1TW1jUZszQ7ZNCor62TxMOd4tNlMFizZfP5igTEVxGwm8mPy6r1z5m9ofelrZMGQnSRty1H5sh02k8KiyvmLN+nzTPYzzwRAFKKZREYaHfpgiLWHWFPRqG4bZamzab97L9faSWRuGZCZM22N2Uyuvv5p1bhZnrkr5y7ZPW1zZcx2zzsptum7fTQTAKbAzcS8MJdx+pZxXayi4srUNftE+82kpLTauHyWXM2/mVRU1sluo8w2Ma6+lZC8q6ikqsNmIvyuzZWQtFPQTABEF5pJxKSsoYNhk1054kK5ulVUprZJm5ZacduQrJsH3NBMnn3xoLtlkok5ZpL9/AfVf5mdvfpYwq4GWUU+36u9u0qfZ/J2iu3TdDfzTAAEbiYAgN5EM4mkBCgnu3NEjU1dP5hkluiXJO611DarO9C1uD2iodmbW+Kct6Hy1yNPDX7h0PL3tzpik/0nmdROiJPN5NILH1Z/PKdo5R7/87hm7dfDmAmA3m8mdfX6lYiN1NU1qU8DQD9GM4mwnC8T+6+otWTnZVFQq64ZZNadFfMP917avL97Z+N0X/8Jtlc2FM9aWz5zVfONtUTGNmWRbCYyuWM+rpowd/lum385kbG1nnkBoP/q/WYCAGgPzSQiU28XV2vEpQpRWNfFoZIIjc154/3a7Q7fkusTS6wxTugykv/hzMMnahYdFbEHRdwhcfQqt34HQDMBgDBCMyGRkWszS/2cu6wlbba2Ef9441ZefX1i/vg51Zv3epvtmqZ5fMLt1UMtASBoJgAQTmgmJAJidwlNaRI+n2/Ndt/8FGsbUWKbvtSWme1tar5xewDQ0UwAIHzQTEi4R3aSWrtYf068vl78cY0YmSKGrxTDVorRiZ4/JjrnL8+vm7fOWkhaMy9Zq65Tf+oB4BqaCQCED5oJCd80O/VrcJU2iDkHxQurxPAkvZAoGZXoXbIsxzZvtdpJjKzdLnw+9aceAK6hmQBA+KCZkDCNxysuVojFx/RBEmshMfLUkuYBi5rkg7cSGtOXnFZryYJU0dwzFwZuaNDKynylpb7KSp/PxxQVIHrQTAAgfNBMSNjF0XJR4HVZYkSyWkWseXJB4x1jdg6J98rHm5ee8W8m2tEM9ee9S+x2raTEZ6amhmYCRA+aCQCED5oJCa94Ws69anaJV9erJaS9PDj+wn0fZQxcbHstoblu/vU5J9qVQvXnvUuamm5oJmVlnB4GRA+aCQCED5oJCZc0X7tXidvbiVpi5JGZZbe/tO3xubVvJTTUGuVk6VrhtF5puCuUZlJeTjMBogfNBADCB82EhEVcntafyCs1YtpetXgEk6GJ2m0vpA9YZPtTgq1x3lpt9TbLlYa7yOcTFRXXy4ndTjMBogfNBADCB82E9H2andd/IlecEC+tVltHkHlkZtlPx50dvlJsWpbRtO3Y9RfttqYmrbxcP4+rpsan9VDhARAO/vl5mgkQhbz8X8TIRDMhfRz/K11dqhTPtnVp4OBz79vHBi5uluVkwjauoQWgY9sym9JONapLAUQyWUu+9epldSkiAc2E9FlsfkMlhlfWqU2jsxkS7/3Zx+flg/fS+f8lAAAAkYRmQvosHu8NP4vdHzAx8sC4rFEpYvmJ1vn0AAAAiAg0E9I3UQY0NE283snrcbWXoYna0as+9421BwAAAGGOZkL6IHbL5XzzqoO6r2KQqbExSx0AACDC0ExIb8c6MV0u+WyX2i66k5IG9S0AAAAQ5mgmpFfTZi3JrmhjwGRIvNdaOYLM4fzrN0gBAABARKCZ9HBsDtHsEg63HrtLv/yUdZ3wzLH6Kw0Ozbo8+DTaRV2jHvnA+mxTWydxSfIbtTpDrRYyAxY1WRcGmXVZosly4S8AAACEM5pJj8Xlafue416ffidB6/rWyBrTJ02motmxofrEx0WJx+uvWJ8NMjV1WllZ643Syyt81nLifztFf6sy2r614q8n51sXBpn300VxvfpGAAAACGc0kx5Is6vtTmKST8p1rBs2tQwjyOqibC4/9WnC7e2lorKh6sSnxcktzSTf+myQKS3VO4mZ+qYbng1wpawX26olMr+alDc43mNdHkxk1dmXp74RAAAAwhnNpAcSzB39PF51q6aWWmKdd+FPvnIvlJPYss3ji1bKZpLXVGN9NsiUlrYOmBipa7x+YpjNoX5dpurmdu9h8uspVwctd1mXB5PnU8WaTPW9AAAAEM5oJt2KMeIRJLvfsEmnNtQ0/eDe+u49lYlFKbKWyNTY3dZng0xp2Q1jJg22608FaF+zDqilwsyjM8sei60emqhZnwom47epI1EAAAAIZzSTrke2hc4e+zo9+oaOtiaCd6gHB0+q7a6dNeeuNNUZn37SMmAyv2yLdc3g09AsKquEXktKfdW11wdMAhQwl7ftGSZGBi6y/fyTi12+Qtfr64WDy3MBAABEDppJ19Pc+YIhm0xTwDGEANo8H6xryW2qiStLX1d1TD6ud/iMAZP1LZ92J412UVWj6bXEb/p7AEX14jnLxYLNyE5y79tHn17qsD4VTF5YxeW5AAAAIgnNpOvxtD8aEEBnh1n8uVqGXLqfiw0Vn5dsmFyyusHhO9tQYjSTvKZa65rdTIABE2ldllonlHx79KZHZ5VblweZqzXqOwKAYltmU9qpRnUpgEgmDz++9epldSkiAc2k6+lOx+gaY8il+ym2Nc0p2/RpcXKd3buj5qysJfJxrd1TY/fIJdb1u5YAE98N0/eqXULJV4ek/irminV5kMksVd8RABSPxBSoiwBEPv6PQ4SimXQxHR52h0hPXUo4oWKfLCSVdufi8p3ji1bKTy81VU4sTs1pqrau3IU0Oztobk6PNnplB2dqfWtU2h1jdlqXB5m1Z9U3BQDFl0dnq4sAAH2EZtLFdGGSSU9x98SEk1P1BbKZ5DbVzC5Niy3bdKmpanLJ6oVl28qvVu7505Qdz3+8Y+i7eVu7PvMkYCvRFdf5HptTaa0T/vnJ+6f+7+NLrMuDzPS9He8GgH6OZgIA4YNm0sU43Oq3stf4euKcrrLmZtlMZCGZVrJuZ23WqYaC8UUrzzeUFWbkJfznM4k/HbT2gWHnl2+2bmjmQN7eT7e/svLUfOtT9iBq25ki38PTi611wj+/isn70mOLhib6rE8Fk4+2djBuAwA0EwAIHzSTLsbT/k3Ne4HTre5PF/JJcZIxcrK1OnNiccr6quNyYdn54l0jYw6MnX3mw6Qrq0822nzGyjVXTldvf60+c0VT3p6mZs+m86teXvPInzf+QWbCjj8uOz5jf+6u0vrWOfTBmL7X9+AnF611wj9PLbF/ZVDykwubrE8Fk+FJ+mWaASAAmgkAhA+aSRcT+KpTodYjU+HfyV+wtuLInOINnxYnLyvfXW/XS0jOokOXYvcZKd6be3VDVm1Jk1xetvfTq1O+VDDzy6WxXz52acuE7cPf2PjEuK2D30t/6uXU349LG/xi4m//tGpInc3tCm406ZV14gdvHrbWCSU/eOPwI5+XWJcHmZIG9X2DJP99Xd5QpWuXjQYQCjQTAAgfNJMups8PLpu7PQ9+ckHyopKtS0q3zyzdeLahRC5paHBfimutJZfi9tYUNeYlnSzcetHWbLOf+HHjxv/duPb/q035P5O2jZ6ya+Q7mwZM2P70+O1P/mnVb99OeXrovN8MmfubwurKIE+gemm1uPv1/dYuoeShCdkP/CXLujzIXKpU3zdI58pEwsmQJPGUKK5X3w5AX6GZAED4oJl0MX3O47thf2RRMWKz7Gp7OVtf9NnVxHH5S8wrBVdklMpOkjN/Z83WebkLt1fn1TXUuq+uzfSe+ZrIuEnGd+YLjaf+352H75+857Fpe38/ZdfvPt748Jsrf/3ail8Pm//fg+L++9lFv52za4JP6/hcN1kbvjd219BEzVon/PPMMudXh6+xLg8ymy+o74vAZOVucIiSelFUJyptwh7cCBgQuWgmABA+aCZdTDhodul7YnepAzgeb+uISm2zZ0dpZpXNebwyT9n/cxnZH7/8p3fG/PHAwcMtSzR7fX7V/l2VaUs9WROaz6y8PG9/xdly/amqbJHxBaOZNJz8XzM2/6j01Jc+3/PIB2t+M2LRA8/Mv3/QwocGLXzw6fk/e2bBzwcvfEgmq/jkDTtkca5Mrw13vbpnSILXWieUfOmxhUMSujgJ/vOtdmbBB8nrE1U2sf+K2H7phpwu1i8HB0QrmgkAhA+aSVCxOYXDpXcAc0k4kMeLcpfanPEiy0mDw3eq+urHOfEna64WN+pzRcyUltXNj5nx1tCRMp/9+Z3GZm9zY5U3d7on6yPv2fe1wuWarbhw7ZmyE0WNNp+zdKFRS2TqTv7vz9L/K+P416dteuiFpQ8OXvjgi/GPPLfsf0ateFh+NHPkym51h260LVuvDf/x6t7B8R5rnVDypd8vHLTcZV0eIM+u1F5JsM9cXnRg+QnhDOJKYRCivFEcL1RriczOy+JqLYMniFo0EwAIHzSTDuL0qP/P3RiRCH8un7fIXlvR7NhYeOxw7eW5ZVtmlW5cUbFXNpbEuMXvjnjBaCYyDVd3+LI/9mX+2btjtJb1ofDpxcvn9OQsOHRlyVrnoe+ImiWicYe4/KOLR/958vaHJ62+N3nTN0cu/59Ryx9+f92g15KfeD3liVErHhm5/OHn4x+VH9dnxKt748fhEVNb7v7+4/dOPrmg0dorlPzrwPiBi23W5da8G1+fvuR03oJttnmrXXNTvHOTfXOTRFmVugewqGnWG4i1lpjlRJaWNjswEOloJgAQPmgmgWJr50bmvgg5RJM7L7+ENVcPxRSlflyUKDO+aOWZuoLYT2LeHjbKbCaOrL9oF972Hhnr3T7KmbFAGPcn1LTcpYevLlvsPPx14S7QF5a+fWD/rePX/2rsip8d2H3zyysfG73ikfFpw+UD2UzkY/lx3IYhsq6MTfvzR4cWLDu3SWvr21fZJD7ZoReJBydcfCyuxlowlNz2fPof5tVZlxsZtNz11KLG2GVXZScpm59mn5cq24h/tKzL6h7AIrtSbSNKdl3uy7uLAqFDMwGA8EEzaTe2IG5kHs5qPU3b6k5NLE75qHCFUUtkxhXGf5C36KMXXzFrScLEP8paop1/27tztHP3OwWrTppfdnNBbcXa17wn/kF46/TPPWX20/+r5Ojfndz7Tyf3/stHG4Y8H//o+LRhspC8s+ap99c98/HGoX9KHXDz7PtvmvTD//PJTyfsXuC3O9ftzhGvrtNLxeNza/9rUq61bCj55cScBz+5IB8MXGR7PK7ml5/l3POng995cet7763bM2Vd9Zxk99wUpY3ckDXb2+6XuMbtDTRgYiarVN0QiAI0EwAIHzSTdhPp564sr9iZV1czo2S9WUtkRl+aPOz8+Def1QdMXnhyxNinn6s5+qZsJr4M/VSu+pLKKwnHNXNCvSacp58WZ/5a+OytS7L+jzHhJG3rNyelPzdqxSNvrBowMX3EhM3PyorySdqwkQmP/dW4u//u/bs/TptYZ2/74rgLjojnkltbxz1/PmitIkqeXND4xUfnfeWZpO+/tv++D848FlczaIV7WKL23rTjmdMCdhIji1cLR2+cfmd3ixUn9a+us+nz20HW2cUOSw+x5shVKh6iUOBmUlhYeOAa9bluy8zMVBcBQP9GM2k7tt44lA0t2UkOV+VMLE4xa8lHhSuGXfxk1Okp40a888pTo15+6rm3h490n31LO/+27+TrnoPvNTZ68pYfvd5MZDfJ/YPI+H+Edu08nvO3GNfpit9054RNw0ctf+TD9YPj9oxZfOC1jzYMeXP1wPfXDblv0s/um3D/gYt7XJ62z/6ZuleMSGptHd97eZe1iih5ZpnzB28c/s2UgqeW2AfHe8wLDT8ec2nF+LVqD7FmXrJoaOqd8S+HR9jcnYujr2uJaJlkYu0h1hzKp5kgCgVuJtLx48flx0uXLsmWoj7XDbKWhKLtAEBEo5m0HWeEX4moqF7cO9vxvemuO6d6zNw+RcZ9Z4zvPz4Td0x0y9w5yX3XlJZMlh+9d00Vd8X49I/TrmWK664pdr9PHfqnU+x3xDjvmOy6Pcb1vcnuO6e45YM7Jzvunmb7Zcy4ITMfyyu/3OYME8Nbm8Twa83kW6M2dnhLk/YyJMH3wLvHm+esVKuIJSLrsnCHQQMIV9XBNZPDNBNEoyCbidPplF1CfpR1whjrkEVF1hW5xBhXyc3NlctPnjzZ1NQkPzXWlKtVVlbKB3KhfCyfPXLkiHwsN5SPT58+feNbAUB/RzNpI82WO4REnPtni+9M6oN8d5LnSF6g/61oc4nRqdfbxaMzywYsCuq6W21m0HLX/DcWWauIEm3DLlHa1bvB9wN2t9gRxDyT08XqhkAU6LCZyC6hnM0ll8i+IT+an5rDKbJvyE4iP8rHpaWlsoEYNcZY2XhslBnzUwCAiWbSRuyu3jn3J1SanOLOyWpn6LXsvhxovKnKJkam+FWLFe4A190KJo8OW+i1VBE1S9ZoZ7gbfLu8Pv2yBNYqouQS5Q7RqMNmYoyZmGTZOHTokGwmxlCJuDYXxSgbxphJfn5+U4vMFsZyca2KyOVyc/NTAICJZtJGXBF+4s/FCvHdGLUw9FriDqn74+98+fVTuYz8KiZv0HK3tXIEmR/8af/FmBVqFbFEW5iq2cPjBplhqahO7SFK9uaGxZQYoMd1qpmYAyCyWhgnd5kPjFOzZD8xHhhVRD4ra4z5qVlFjHO6/AdbAPhLTk6Oj4+vqalRn0C0o5m0kUifkrD5gviupTBY87M52uozniBHV+Ye8Pxxlc+63Jp3Nwcacdp0Qa0WT8yvH5LgtVaOIDNohfvJobGeOLWKtJGU9AgqnS6P1tDsLal2y5TVuKts+nCTEZdXXbn7NE1klbV7TtfxQv0uNEBU6rCZAOgT2dnZspwcPHjQaCmGlStXUleiG82kjUTO4WvbUjPUttBmXkz1lta6fvS5utwa2XOyS91JJz3Wp6wZuzbQPOklx9VqMTTBZ+0bwWdoovb9AfOagpgH75ufouUUqDsUlmQVSd5VMyWpbNTkfJkxMwqm7xFmroTmb3KzS1woVzuJzK4c/eJdkX4RbaA9NBMgbG3YsMEoJCkpKRUVFRkZGfJxYmLiiRMn1FURLWgmUZhPtqttoc38+HNxtcr1veDGTOIOeP+83mtdbs1jSwIdxb69Sa0W3c+P3zme/uFiZ2ww5SRZ23FIK6lQdytsOF2+V2cXfmtw1leezPTPmNXai6uEkfNl6lY9yOERGSX6jRdldueKwpZ7bAJRjGYChLOzZ88abWT37t2rV6/2eDxGV9m2bZu6KqICzSQK81aa2hbazO0xIr/S9cPp6vI28/FW72trg2omP48VnnaaiabpIyrWatHN/GZq4bsvxpXNSFB7SJtZmOpLSdeqatWdCwM1jZ4VW6u/baklMs8n+3qnmRhkP2l2tfvvCEQTmgkQnvLy8mQtkQ9WrVolq0hSUpL8WFVVZTxISEhQN0BUoJlEYZ6JV9tCe1l92jNgmWZdbs0bG3zjtwbVTL47ST+obZM80n3e75LBPZXfx1b939/Nn/rKPLWEBE5yulZWGejMs14k96K6wfvA2OxbBqidpLWZJHl7s5kA/QfNBAhDtbW1qampsoGkpaXJT30+X2Jiovz08OHD69evN4ZNrl69qm6GyEczicL8NOibmTyX5Nt63m1dbs3E7d4xq4OaAS/T3ilADU4x3NIrup8HP7n4o3eO/9PDsxtmJ6r1I3DmJftWbtL2Hhc2u7qvoVfZJA5eEeuyxPS9+jDX/W9ctRYSM6MTPTQTIBRoJkB4ampqMhqIee/mTZs2GUukVatW3bg6ogTNJNrSaBffn6pWhfbyszna1SrX7UFcYjjugGdwfFCjKzLt3fgip0otFd3P0ETtFxMvPxZb/W9PJVye3PHlg9XIcrJolbb7qHC0M9ATAvJP7IVyMf+weDtNvLZOjFmj941vDrtgLSRmnl3uopkAoUAzAcKWcR5XXl6e8anH40lISDCayZUrV25cF1GCZhJtqWgUdwTRNMwcv+IesEzrsJwcz3f/Ii7YZnKknfHVxFNqr+h+fh9X88S8evng4RnFQ4bOVItH8Jmf4tuyX9gdIT2/y6vp9UwWkpeu1Qwjj8TUWNsIzQToBTQTIJwdOnTIqCLr1q0z7gu0du1a+enWrVvVVREVaCbRlqvV+tR2a1toL48u1LJL3c+nBDpT66FYTTaTO4K7ipdMkn6fsTa8E4ILc31zZNqQa9cdvnVI8slPl6uVo1OR/WTJGu3wGVHf2OMV5WqtftbWS6tv6CRG7hl7xdpG/DM6nmYChETgZpJ7pTRmeorHo99FaOee09NnrRb6/RPr5i3alJiyy1yYcVb/f7rGQluzflPXmbFrN24+LPT/y+uVr3Dlqv57KxearzZ5Rqr5apOmJRtbmW8h11mz/sCceRuMfTBfzVhovJq5D0B/o2laYmLiypUr1ScQ+Wgm0ZbLlZ27AbzsG1cqXJuy3AH6zPit3vkHPcHcvdHI5N3qz5nhtXVqr+h+bn9pm/n4wfEX3n0hLqi7LgbOolW+9P1afrFWU69+DV0la86Kk+pQiZk7X8ixthH/PLvUSTMBQiFwM0latUfWhvyCcvl4Vtw6+djhcG3beVI+kDEXLl6h/+9bY6HRUuQDo2PkXSmVj1PX7DNXkK9WU9toPDZfzdjKfAu51bSZq4y3MPbBeDVjof+rXdtToH8pKChgqklUoplEW04Wqj2hw/x2kZZ+zj17XxuX3rpnmvZRuien3PWD4C4ubGRoovpzZnihpy/M9Z8fnPnDvDrz0+ErtVGfpE95Za7aNLqWecn6EMqK9b4t+7XzOZrT2Z1RlLyLNduWnUldkR2TVGVtJt8eHmiSicyghQ6aCRAKgZsJYyYA0JtoJtGW9VlqT+gwd0wWA5f78ipcDy+4YSbJnZPFsqOeS2Wuids9nRqHeShO/TkzDE9Sq0V38rvZFd8YsX7wCrf/whOHr9z56JRg720SZGRFWbZOW73Nt2mvdjlfc7nVLyyw+kbt7KXmFZvs81Y1zltTtmDTZ6l1SjO5bcRFaxuhmQC9IHAzAQD0JppJtCVmt9oTgswv4rSjV9znS1zZpW6ZS2XuzEJ33AHvbxdpwZ/HZUTWGOtt4HOr1WrRnQxJ8N06Yt1PP8zwXzgyRdQ3a7Y1O8e9FPfyc7PPT+renJP2ol/Oa7UvfoO2drs4fUGUVYmmZvXSXh6PqKrVdh/zLV3jm6e+gnNu6pzEEv9mctcf86xtxD+jmGcChAbNBADCB80k2jJgudoTgs8dk8U908RPZmo/n6PdO0P8xxR1heDT5FR/1NacVdtFd/LTjzJ/Pv7CoBsHTF5YJWyyILg92spNzrik/Knx+VNXuLs/7aTDLEjVp6YkpmlrtvlWb/MtW+dbvFovMNY1r0WWk/iEPLNs/GJcubWN+GcE1+YCQoNmAgDhg2YSbXkoTi0JXUhnB0msqdNPmb7O6xOLj6ntoju5ZUjqgIWNw1Zq/gvHrBF240yrC7laSronLskdt9LaCkIVWUWMWJ9qK+UL0t5OsRtl48nYJmsb8c+wpTQTICRoJgAQPmgm0ZbvBX1t35Cm+MaLWuXXik93qu2iy7nzld2/+PSSdfnrG/QbhrTyadqZC/oUdkslCJ9Uz9+wLP6K0TfufOGytZCYeX4l94AHQoJmAgDhg2YSbQn+riMhzd5c4dYvP9Nq52Uxdq1aJLqWn42/cNvz6UMTbxgtMdLG1Ypdbi23QNt+SEvb7YvfGPyARijiWpiaPXNRztT5zpmt96pvnrd647KzRt8Ysth56+Dz1k5iZEQ8zQQICZoJAIQPmkm05fbwaCYpGcLhuf5zlpohRvfEJYOHJHhvGZL6yIwS61Myi49df8frvF79zu71DVp2vnbotJa2R0vZ0vtjKd64lcdjF499dsSfnhmS++5kfWrK3KSz09M+mXvV6BvPp2gPvlf07aHnrLVEHzNJ8tJMgFCgmQBA+KCZRFs6dXnf0OXtNFHvN9Vk2l7xXLJaJDqbx+fW3jpi/c/+cs76lJGzpdffsV2aJnyaPvGlySbKq8XZS9r+E77ENGuX6Kk4ZiyrHDcrZ+zHzz0x4L4f3SuT/OEnvnnJzrjkHw89dfeYvBdTWyvH9D3awWzX/S9nW5vJ2DWt69BMgJ5FMwGA8EEziap04TaLIcov54rShtYfMtkFXl0vhluKRKfyWFz1P/5uwX0fnFZmvfunynbDD3fn+HzC6RKNzaKmTuQUaCfP+Q6c9O064tt2UEbbcVh+qh3J0M7laFdLtOo60WjTLxZsd+pbuT3C49Vfoa7Bt2mvb0HrgIx7dnzxW5Mvj/nL5VcnnH935lt/nvaf//ngL+5/8MqkWO/cpDFj9svK8fVB58wztd7cKHZckqVJO5FtG/rplQfGZt8z6vzdo87/+KWLb6UJM5cq1H0H0GU0EwAIHzSTqMqObLUhBM5vFojRKeKRReKuqa1LBi4XI5PFk8v1y3N9b4o+0PG7xfpy+fH3S9TNA+SBOddHMJwe/Xq+1iIRfIYkeG99bsN9H5x5akmz9Vkz+iWDe4TXK1xuvXI4XJrdKSMcsoG4hcul36jEZ7lXi0nTtMYmbc8xbe0OX8qWhvgNxXPiy1esr968d8OG3HtHHLnvd1M+fG6SOzaxambqvYNPyWZy84Czgxe13kXxj6vFylP6y3i8WlW953KRI/1ofdrhui3H6mXnNNN443XPAHQHzQQAwgfNJKoycafaEALk7U16Z5BcXv02iPdME9uyW++QKD8eyRdvpglNHiX7xGvr9TXlg+DvcHLvDJF0uvWHrNKm3wPRWiSCzKAV7q8MSvr15HzrU/4Zt9X8qQ4DPk0pMEWV7m8Oynr4uaP7Pt3oiUt69WV9wMTIL8aVm2dqfbzNfyMAIUczAYDwQTOJqry+Xm0IAXKp8vrPgawiTywTjX63R5RVZNIu/cH5MnGx5fQhp1fcGfT0+runiRn7Wl+quF6MSFKLRPC578OM257fPDj+hpsqWrPihLnv4cjt0X465uJ3njr9wWt7Miev+2HLgImRe19rnQQvI/8FjXIIoHfQTAAgfNBMoicVDeLRhWpDCBB3yxHw/yzQB0Okg1f0EZKrtfrk9fwafcnqTL1UHMpv/Vn55Vz1FQLk9hj9ONuwP09tEUHmt7PKvz168/3jMtu8RrB/Pt8vSq5NawnAp+lfrNsrXB7N4RHNbs3m0pqcWoNDq7dr1TatsNaXU+nNKPIevuLZme3Zet69JsO14pgrbp8zdp9r3gHX+kx3QY3P5XdB5OAl7ay5eYA6tV3mq09nPZ+smeWkqE7dEEDo0EwAIHzQTKInB/LEg7FqQwgQo5ncPa31xiMpGfpRuzx2t7lazkXSxOyD+sedl0Vzy/yNw1f1vmF9nfby+NLW//2/4IhaJDqMrCL3vHHw3rePPRZbbX1WyYgkbeVJ75F8794cz46L7o1n3WvOuJJOuJce0bvEzD3Oydudn21z/GWzY9xmx4dpet7faH9/o+PdDY53NtjfXm9/a539zXWON9bag8yHafYt590FtZ0b3bA5fPeNudhmOXlidqPZTOQ3HECvoZkAQPigmURPNmSJn85S60GAGM3k+1P1eSbS3MOivPH6T0ZNsxi/XX9Q72idMSLX/49rE+WDyX/Pb33liZ2/+/tDn2bfMWbHU0uaOxwteS7J9/Iql+wYH6TpkZXjvY32dzfoeWf9tdaxVo+1YHQnspzMP+C0Oc17zndM08SL065+/emz1mby608qzWaS2DIJHkDvoJkAQPigmURPJu3UB0CsDaG9xB0Un2zXr8E1+4DYni1+EadvvuCI2J0jZu4Xd0/Xe86BK+LTnfpQyef7xaz9+srW12kvP5whmt36D9kr69Q6ESAPfnLxW6PSfjurPMDVgc2MTPZZO0Nv5uPN9gZHJ8rJmZzmpz/OszaT7468ZDaTtzfpQ1UAegfNBADCB80kevJCaudus/jbxfrAiNenf9xyUdwxWa8fdrd+cleTs/U6UR6vPmby81iRVy0aOnmDeVljqltuMPLSarVRtJkBi5p+9O6JgYtsQxJ81mf981yy/ppvrPe8n+Z8d4NMy3lZ6x1vy7SMkFgrROgydafD0VLAgnQu337LQLWZyAxd6jKayZg13bsxC4DOeCSmQF0EIPKlnfI7DwSRg2YSPRmc0LkxjbTz138Oml36BHf/s7myysSsA62PFx1tPVY2b3sSZApbJnMHczOTgYttv558ZeDiQLcrMTI8Sbyfrt9U/vN92qz9vqm7fVN2eWUm7fRM3O6ZuM39cbrro81GnB+kOd7b6HhHn08ie4taKnok8mWvVPuCH+XweLW7R523NpMBsU1GM5Gly7gCAYBesC2ziSMYIMp4feJbrzJrMyLRTKInj3TmwlwyxiSQD7cIb8tR9e4c/dpcRXUiNUM0OPUTih5sGSrRNH35tmz9wfc72UwOXtFfeVRHNzMZEu/tcJxE5umljocmZL+ztmH2Af0MtCAj+9WsllPRjMzer8lKM2OvNn2vb/oe35Td3mm7vZN3eT/b4Zmwzf3pNrfsNn+RlWZTa6V5c51aRayZtceZU9mJ2fDTUiqszeQnbxSaJ3Tt4s8pAADof2gm0ZMff64Wg8BRrs0lj4ZlA3F59JETr0+vK79d1HpXddlJtrWcid3ZZiJLjtSdm5kM06/T5fvd7Mp/HRj/2MzC9zfard2jF2IWG9lqpu3xfbzFqZSTZUc6cf/5ukbP90eqwybfGHJ+ZKLXaCYz96ubAAAARD2aSZSk0dHpU62UZrLseOsD47wk2Ukm7Gj9KcmubL3ZYmebyZJj+lbPdrWZDEnwPbXE/rO/nPu3p1f+/JMLf9ni+3yf2hn6JLKf/CXd9c6G6xcanritExPhvT7tDx/kKs3kq09nDVvWOtVk/PbWfwsAAID+g2YSJbla3bnp7zIni/S7KN4eI44XisomMbxlZnlOlahoEqeKxH8vEK+u08dP9ueJe6brNzM5XtC5+5nIfLpT/yGzVo7AkYXkVzFXbnsh/Z+eWPq14Wt+NSlvcLzngy1qPejzzDogpu32mNNXjLu+BOlAZtPXnlIvH/ybidWjVvpkM5Hf+XqHugkAAEB0o5lESbLLO91MBieIgcv1B4Pi9UPhe6aJO6foc0Lk46fj9RLy48/FK2vF75e0rmOs3Km8kaaPwFi7R3t5Zpnz/o/O3jl215ceW/TVoasf/OTib2dXDEnwPp8qpofHaImSOQdFzA6XcTWw2ubgR01EdYPnjuHnlGZy/zvFI1a4jUnwRXX6SXQAAAD9B80kSrInp3MX5uqdyPIjD6+tDWRYy13eZZ5Z5npwQvb3Xz8gq8jf/GrG11tGSB6fWzt4hdtc87nkMK0lRmQ5mb3f88FGe2l9JybBSxMTSpVmctuI7Een1hondO281HqJAgAAgH6CZtL1FNTol9Pt2cjXtL5RMFmTqbaCcMhDcfo1vtqsJU8ubHh8bs2TCxsHLrI9tcQ+aLmrzdu9j0zRLxBs7QPhlriDWkFN55qJzeG7fZg6bPKDV/KNZhJ7UBTXq5sAAABEMZpJ11NjE6eLejjyNa1vFEwWHFZbQTjk7ml6Mxne1gz4ljGTDq4UPCpFvLtZ7QBhm6K6zp19pWni8Q9ybxlw47DJsxeNZjJhuzhbqm4CAAAQxWgmURJ5BG8tBuEQu7uLVw0e1TJaMstSAMI2a862XtYseGdy7E98qF6ka/BChzHVJPm0uj4AAEAUo5lESX63WK0EYZJqmxidqraODiPLTEScxOWf2IP6Zc06xecTRy/Ybr5x2OShj0qNYZO309T1AQAAohjNJEryUJxaCcIkpQ3i+c43kzfT1OP+iEhWmfoL1qHiStd3b5xtcveYPKOZvLRaON3q+gAAANGKZhINabSLOyarlSBMklstxqxRi0eAjEgSf96oHvFHStZldfpSv3L1F6cX+DeTW57KGhHvMcpJRom6PgAAQLSimURD6po7fQ/EXsvZMvHaerV+tJdnk8Tk3ZE0t0TJ4mNduXf74awmZR784zMbjGYiXxMAAKCfoJn0Us6X6TdcD1H25YXjzUyM7M7RZ+dbS0ibeXNjBNcSmXmHu3ITkrIat3I/+F/8pdxoJu9vFt7OXYsYAAAgUtFMeim1NlHZFKoU1YVvM/l8v0jNUBuINSNTxPjt6oF+JKa5SzNDBozL828md4y+/HyKJpvJmDUiv0ZdGQAAICrRTKIhxXVqHwiffLhFnyzR5i1NrteSZH21mfvVo/xITJNL/R0LxrsLiv2byTeHXhiZ6DWGTQ7kqSsDAABEJZpJNGTjObUPhE+eXiG8mvhkR9t3NRm7VkzdEyWdZHbLhYNdHvV3LBjnrtj9m4nME7MaX2gZNpm4U3g4oQsAAPQDNJNoyNF8tQ+ET15dp/+cubziROH1G5sMXyleXiOm7FGP7CM9S493sUVomvb95877N5P/fLNoxAq3bCZ/XC3ya9X1AQAAog/NJBpS0Si+G67X5lp9tvVHze0VK0+JV9bpN3cfuzYKa4lMyhl9gKhr/utPl/ybyfdeyBkQ22Sc0LXzsroyAABA9KGZREnWZ4kfTFdbQd/m9hgRs1u9iq7LI1IyxBzLMX105OCVG77YTvlzbJF/M7l5YOZ9bxUZzeTdTcLX1cIDAAAQKWgmnYs89NyT00uR79Vo2YEAOX8x74k/PHnfT/4zTPLssOFebxvX0PX69OuJLTisHtaHOrP265EP5hg5qCa25aN1wyAjt622qV9s8FJ21/o3E5mvPXPOmGoic7xQ+Lp0nhgAAECkoJl0LgknxfITvZTk06LBru5AgOjN5PHH7/vRvWGS4UMGt9lMhD6tQhTX61cTXnRU7wPWo3wjs/ZrM/fp+XyvNn2Pb/pu37Tdvqm7vDKTd3gnb9fz2VaPzMQt7k/T9UzY7Ppkk57xac6PN+p5K9lmZMziOpm5ux07srX9eeLIVXGiSM+ZEpFVpie3WhzMF0uOqbsRZOYdFrYuXZjLcOBsk9JMvjIg07wZvNyr8kZ1EwAAgGhCM4mehEkzeeiB+3/1y1/+/rEnXxr7Zkmdt6BOZFeKs6XiVJFeBnbniPQLYt1ZvePJWjJ9r5iwXb9k8CtrfD8am/vT1/N+NDbnh3+8/L1RF7899Py3hpz7ppHB574xKEvmVpln9Hz96ayvteSrT501csvAlgzIvLkl6lF+S16ZU2x3Bhp62HlJzD2kVo4gM++Qrwu3WTQVlLu+OShL2eFHJtcazWTsWv0G8xrndAEAgOhFM4me9Gwz+Z9f/erh//717x999IknBv5h0IsDRr035LWpz76/5Pnxyc/HbBs1/cCIGcdHxWaNijs/ekHuC0uKX1pR9Upyw9jU5jGp7hdTZDwvpnrHrNYvLSXzkswqPcZxdpv58Z8LrF2iBzNxZbk74CV9vT6x7LjaN4LPpB3u7oyZ1DZ6vz/yhstzydz1Uq75/Xl5jcirVrcCAACIGjST6El5VWNy8uo1azdasyFty94DR9vM2fM5WRfayIXLV89dujp5fcHLy4tHLy1/YUXNiwkNLyXbx6Q4x6zyyrJhrRbdzIBYy+lMPZdvDT5XURewlwj9XKz53Zj98nG6s9HR9UGNBpv3B6PVZnLbc9n+36L0C+pWAAAAUYNmQtrO/jz9Cr/W/hDSfOe5bGup6GZuGXj28zWVxVVu9WffIrdaLRvBZ+Y+7d0N9trmrjcTj1d7YKz65X9jyPnRya2T4GVeW69fFAEAACAq0UxIG6lrFu+nq7WhF/Lgh2XWatHN/Oy1y0VVbm+g2SWtjl5V+0bwmbzL+/+3dx7QTV0J/p5kZjJl/zuZmd3Z3bMbOgQIkIT0Sc8kk5n0DGDjQsc2vYTeCc303gwuknujd9N7MRhsy7333m3JklXe/z49EOJdNcuSLMm/73zHR5al9+4r0rk/37bwmKS62fxkolQxn87iJ5PenqkTIxSa8zMllnlQzH8jAAAAAIBzgGQC+RbWsrPr0rHBBnpFKvuOTqPThdn+Y0FOXbMJoURNeAI/b5jojmuqladl845IyhvNTyaEH5Zm93B9pvw93VPGqVeC1/jTMaYRzSYAAAAAcEaQTCDf4Hhm2mF+ZrCZw3Y1DvbJojOGGQ5bntPaZmpUUKqYffrnLzas73n5gmMSkkxya0xNQTpx/Tm358hk7UPo4SYaI5TxTpHfbUzSBQAAAAAnBMkE8t1+jZ1Ni84MttErUvnFqko6ZrTXPu6iCwntWAGkstn8lel/PiObf5RNJqllHZg2mGFGr8vr7fZsMhkpGi2Q8k7RgpNMnYRBNgEAAACAk4FkAp8xt5qt+NKBwZZOilG9OjmbDhum67Ot5E56++bJOp/Jzxsmuus6s/BYK4klxHsFHUwm+bxk0t01eVRgK32KVpxlF4QpbuBvAQAAAADAcUEygY+9mMmOeu/E1hJtvaNUZg84WRZUJm9/pyqzVzLZelk5Xx1LiJcyjUxMbBj1OJNnkkk3l2QPfx3JhJNcrMWn2WXsxR1YRwUAAAAAwE5AMoFMeSNzNo2Ze5xf8TXRSTEqn2ii0idKyf6MVk2KVk2O4b+svX68tJROHUYdOCaloML4BME8ZApmn7lLv2+4IOdiCfGUqN271ubrhdndn1293nAy4Vx6mol6xI6TAQAAAABwaJBMurTZVcymy0aWZufpHalw39/y9drKd2flDRib1ndUam8PUU83US83Uc+RyexP8thd1Mczte/o1Pfn5H3+c4W7X8ukKGW79jJZHXjenVPY011Exw99DvVOzykzp/kgu5qfN0x32UmpJplEJ5izdw6FQvXxTP6swaYkE86d1xlphxpsAAAAAAA6GSSTLmq9mJ2KarrJc3B5HBC/N6/o5TGpJHiQ6jKdCgzYzSWJvIsElQ/mF40OkNAb1ycJJ+4HJT1GmhROXh4lKqg0s8niXDo/b5joruvMAvXYd86gOzKzmy7Ercp3J/M7sJmeTIhB99ByAgAAAAAHBsmkK5pfw67dMc3kISXfbKwd5JXZ/dkhEGZItjDYO2vE9jrv8KerBxp2Ugzz9k8F9KZ49vEQrQ4uM7teHp3Ijxwmuu2qUhNLiAdvSs2ez7e+WTHUK5V3XO1KJvNPMi3mt9kAAAAAAHQySCZdy0YJE3Lf1GHuHv6SV7yyerWnP5WJkgr3oIlpI/3Ek0wYjkJe88HC4m7PDsB4dmtJ5x80SU1euoRHk5RdIYROHab48xl2gUWNO69ITVlsXifFVW39PPmnWj03F3/WYAPGJvI3awFUquLi4quXL4cKhcFBQQaMDAvLzMhoamrHZM0AAAAAABqQTLqW8YXMrKP86qxO3fzEg32yDeSBDkq2TGLPiL3NpoSTMULZgAn8MRgah3ql1jQqzMwl6pVM9pq7xuJSrUEmxG2XpGZMC8aRXSzlTcz1EreeSVA7ksm6C/zNdpz6urrwkBA6h+iUvPLcmTMKRYdmTwYAAABA1wTJpKv4qJg5eJuZYqy1hOSEf/pWvzkzr72DScyT7GXojLx/rq82mk+8o1SfrazoN4YeiZF0+p75/6SXyZmbefy8YaI7r6k08wVz+p6TtplbJz92s54+Pz3dROOC+WvAG7aimb/ljtDc3BwRGkonEMNeiIvjbwgAe+XrY01/8c6AEDqZL60s4n/agSOAZNIlPJVqUg+u8WFtA8al0/VjGzhkcrZ3lJIuEk+faNWXa6q03/jO5DSF2eNLGKawngm9z48cJup7/ul8wZxLT7RK5WYWZql/CX1aermnjA+V0+fBgAnF/C13hJTkZDp4mGJDfT1/WwDYJf3CGuk6DYTQCeR/2oEjgGTi/FY1mbRWybhQ+RtTO7Tyekfs5pr89cZaoy0nRK9I5ecrK3q6PR6SsTGynH9Tt4f4QibgLj9ymOKOa6pVZ58ZZEJcfFzSam4yGeObR5+WPp6p3hGmzhbAeTOPMbMEurh39y6dOkyxqrKSvy0A7BIkEwidVf6nHTgCSCZO7qMS4wNLxgfLvvKt6vGkrt+JfrCweFKMii4hLckn329r+GRZWVlth1bxiEjgRw4TXX9BsehYKy+ZEJtazcwF71BTBhP7jk5jl62kDt+AFzMZs3uU0dy5c4dOHaZYWVHB3xYAdgmSCYTOKv/TDhwBJBOntVHCxpIZR/g1V57/WFPRY2Sy9Ua6t9cPFhSPCjR1ntzNl/k3dLsgNXizx74vOynlDTLhLG80J5kUV8q6UaeCONg7iz5qw8YX8jfeEZBMgNODZAKhs8r/tANHAMmk02ySqBrFyg5KNkJvmVNUzqyK41dbebrub+ntmUJXiDvRnu6i9xcU0UXVadQj/g3dLqqa+XnDRHddZxYd19FgQiysVSiNoaIWPTl3r5E+FcS3Z+bRR23Y1A71buODZAKcHiQTCJ1V/qcdOAJIJp1gSXndyROnwoKD6fqcGUaEht6Pf9gkUWrv4lGJkWm4psSqPlpSaj9NJTz/vrqSLjPPleeYpFL+Dd0uLmbxI4eJbrui1NlgQtwbeoa+RjxDhcL4u3fbZE+XRfTalE+fBOInS0rpAzfgtENMa4d6t/FBMgFOD5IJhM4q/9MOHAEkE1tbXS8JEQjomlwHjTt3QdN+YrQT15drq17xyqTrwfYjiUzDdjXRJddWGM/UtPBv6HYRbO6sXGvOtdGZhHNn6CX66uj01PHjcjkbI5rEiv6jdA/y+XFrHX3g+px9lAm8x2RXs80m94uZG3nM1RzmSrbaHOZmPnO/iG1Jy6pil3CRmTYWBckEOD1IJhA6q/xPO3AEkExsbXz8Q7oa13EjQsMaWuRk+02tzNYr/DqrtqMDW/uNSbPb1hKN784tMjxV19FkRvy01aHdkKr5AXOXfl9+6pkFFrXdHnaNvjo6DRUK6+vqSElS81t7uPIPn9N1j5F4xjntENtzTxDPnEpjLmWxbUEXspjzmXwvqP90KZu5lc8klbGd2SRt/NPCA8kEOD1IJhA6q/xPO3AEkExsbUxUNF2Ns4hZOUWNYmX4A361Vdtvt9R1oxYat1uH72k2MDPVtRx2nUSzyatl9lCRw0QXHNU9yIS4JbwdVXlRUpJcLl8dXEYfO+dYgaEF4KcdZrZcYU6kMGfT+SHEdK/lss0s+paEQTIBTg+SCYTOKv/TDhwBJBNbGxURSVfjLKIoNauqUTFbzxzBk2KYiWHyPqNS6eqv3fr+wuKxQr0roN8r7ND0uIml/LxhojuuquhAonFTRDx9afT58MEDsaT1u8V6l5HRt5jJlEPsZND7bzOn0/hJwwwvZ7NdvFrlOvIJkglwepBMIHRW+Z924Aggmdha6yWTo7eKV8fpaWGIUb0zp9DepuEyajeXpDdm6J2c6mGx+cmE1MCjE/mRw0RXn9U7yIToG5VCXxp9xt+5+zCzobeb7laswRPS6aMmropjYpOYMx1oJ9HpxSx2LEpV8zMnCskEOD1IJhA6q/xPO3AEkExsrZWSyUFB9MzDSroWyznI267Huxt2jEB3s0lHkomkzfxBJvrmC+ZcFZ1LXx19noq7N843lz5kzvfmFvIOeeYRJuIhE5fBDxUW9EIm86D46fh4JBPg9CCZQOis8j/twBFAMrG1Vkomm0Nv0HV3zm821tK1Xgfy6w019EER7xeZn0waW80cZLLrukrffMGcK2MK6aujzzUHHrw7WXf/ul5uyV+vq+Ad8v7bTByVJSwuCScZlY9PFJIJcHqQTJzDjDIZkX7egO8tyzsa30Q/D51G/qcdOAJIJrbWGskkSBA2JVZHP64pscyXayrpWq9j2W9Mmk+Ujuagc+mM1NwR8Dfy+JHDRDdcVNBpRNulhyrpC6RT/4PC18Yl0sfLOXRqtrtfs+Zg115gW0voFGE9b+WzkwRcunCRLrkpIpkARwHJxDk0I5lAp5f/aQeOAJKJrbVGMpkZI6Yr7uPD5B8uKenmonsMgwPZzSXJw19CH2BwPFMr5t/QJhKewI8cJrritIxOI5wLD9f7Rol2h8bRF0inbvPP0wer8YtVFZO08lj0I35ysI0nbucHC4R04Y2KZAIcBSQT55CXTIZtLSqplf98qCr0RsOV1BbuyeZWZa8ZWVWNcs1rrqeLucdypWp2cPnZxOZdZ2vpjUMHlf9pB44AkomttXgy0ddg8v7C4l4eDjbkXZ/fbdGx4OCu60wBuxyIOQTc5UcOUyR71DnIZOmhirVR6XtCzwYIo4RBJtXjgwIEb0+4Sx+pxmHb6rRnTD6ews8MtvFcWlvk4bN0+Y2KZAIcBSQT55CXTAIv17dIldzjerGCe1BWz2YSkkZIJvnLs8mEe82I7cWaZ6ATyP+0A0cAycTWWjaZ7A4+MydaR639/UXFdGXXcX1rdj696uLMI+zq5mZQ2sCPHCa67apq/lE2iiyOrfcNzfbbf+va4j1J09Zc/nlL+EF/+uoYcNySs/Rhauzpljw+5Om4/9lH+YHBlsalK0k4CWlnywmSCXAUkEycQ14ySSuRcjnkL+qmEu6BWJ1Vyp88r51MuPdqPwOdQP6nHTgCSCa21rLJ5OeItGkxcl6VfYxQ5jStJZyDfbJ0LrkYnsC/oU3hUQk/cpjirhvMpouKpTE1mwQZ0ZuP35uzOXH62vRJyzN8lt1evD5m7wH66ugzKEDwgfct+jA19huT6qW1ksmiU/y0YGNP3C2KPNK+lhMkE+AoIJk4h7xkQgKGJploGk9OPGgiV1zTuQvJxOnlf9qBI4BkYmstmEwOCmPoflykRtt/XDpd2XVou7sme0XqGAQ/6yjTpuTf04Ypb2IOJfFThyn6n6u/sDFWNHUVl0a0FU1beXrTLvoC6XP8krPdqGPU9oO5BdqHue0aPyrY3nMpreGRh+lj0SeSCXAUkEycQxItcitlUwPLiL1mZH24Io/8yhtnounWxYlk4vTyP+3AEUAysbXhoaF0Nc4850bX0pX1PqN1z0Lr6HoGtNIHS8yp5t/ThrmRx+y/xU8dpnhq35Xkmet5mUTjjaUb6Quk0w07Inu46J2Si/OHrfXax2jjWbn0eSaxPlggoI9Ip0gmwFFAMukiktQhKpKS3LLqUFVaiZR+AXQ++Z924AggmdjU2kZpiMl1O8MKgwRTYp5pRvCJVg3fXkdXc023m0tSHw/RK2NT356c6eZb/JN/1dKw2rWx9QuFNdP3VXy3vGDIhLT+Y1J66Vmz3Kq6+emYf4wY84h/TxvmZCqz9yY/dZjizZ+D6dYSjQ/mrqWvEe3+AyGu8y7QR6dtN5dkT625yKZ03vB3vhnKyENn6IPSKZIJcBSQTLqIW07VLIqo5B4X1bR9ua6Afg10MvmfduAIIJnYzryCshPHTtB1OPNcHZGiXUGfFKMaOj3HvDmCB41P/Xh29gJhdfgd2QmR0vAS42fTVMeTFAcuiUdvLiFBpcdIc/Zohv/a2UjHEuK0w+2YO1imYPzv8COHKe65rkyZvpYOJBrTfZaFBgTQl0nboADBp5NvGG0w6eWeMin6aeZcdIo5Z/CK2NJzInFIcBh9aLRIJsBRQDLpOlY2smtgVTTIe83Iov8KnU/+px04AkgmlreuSVZe1VBW+dTistpbt+/RtTezFQhCpsY+HSFN/OuCIrqOa9R3pmZsP910OlV1Nl1FV0ONeiZVdShBPj+our/1u5B9t+WZDk7aHrjNKFX8O1snRfXMHrMaTKLC0+g0wvPQbj/6Smnrvfx0Nxf+cdF+tqxM++h23+Sf9s712I0s+tBokUyAo4BkAqGzyv+0A0cAycTC1jZK78U/PH367OlTZzQejm3H0GFT3B1yRrvyOilaZcZkXG9Nzgi4KjlnVibR9mSKct3hhr6e7S5Au/xmk45BNZzzTzAtMv6drZPkMn7kMNHDAdfoKMLz+LY99JXSKAgUvDvxDn1ctCP3NmkfXVgC/4R3rmeTmkKEIfQB8kQyAY4CkgmEzir/0w4cASQTS3rt2s3wEIsNcDfggqhy7VjSb0waXcHVZ3fXZNd1RXvPt8RldDSTaEvyieBG65uTMug9WsR/rK2iM4nGXdeZvBr+zU1j3qxcxIigQ3QU4Xl5xeYVa7du3rabvl5EF2PDSzgHT0jXnm9t9jHmTDr/VHe6h87eCQ02cp8jmQBHAckEQmeV/2kHjgCSicUsq2yw1Oh2wx4QHpr8pPI6Rih7f14BXcHVZ//RKbvOtRgeSdIRT6eoZh2s7GmFwSffbNTbZqKpxFe38O9vbRRK5oBZg0z2XmoMFgSnTl1BpxFt1/5r5vP9h/9q4IiPhs+atchXGBjIXa+gQMHKzbHdTejH9cr49B8212gf1L5b/DNsD55Jaoo9c4u+M7VFMgGOApIJhM4q/9MOHAEkE4uZlpFL188srjBIsCPkgqbm+tnK8t7t6Ua1JLTmbJolm0poDyXIP52TQ++6g3737ES6Oo1+xKj0DzgRy8yclWt/XElwkCBp5io6jWj70V/H/uLlYcTfDHLp8dH4tRt2cJds6+6IH3+6RB8R7WeLCrxDnpkcOdw+5gvmGZeuOH7TyN2OZAIcBSQTCJ1V/qcdOAJIJhYz/v4jun5mcf2ER2bEPK68jgqQmDKimvObZfkHL4vpWqaVnLijrN+odkQmow7b9czoC31GPdI7Gv5WPj9ymGjAoWsv/83rtPfSdCqNaAwd+dPz6lii8bn+w9//14yDB/w/mXSzh6uR+bg4XfY2ay91v+AEE0edWHswLq3t1P0K+ubUtgLJBDgISCYQOqv8TztwBJBMLKZtkolv2APNOIS/zjd1Pq6+HqKga63mTcBlnjEP5JP3lpsenIxKau10DqGddZTJqOTf5RxHRfzIYZqqgLBjfxjq7vaZ1+lR8+lMQrw1fpHH517asYTz16+M+Hbcyv4eD+jDoe3rmTIxVK45kKmHmK1X+Ge1041Ll59KqIo6ej4sPIa+ObUtLCjgXwAA7BIkEwidVf6nHTgCSCYW0zbJZErs45Uu/rWzka7d6rTnyOTQW1K6lmlt4zKY6fsr6PKY51ihjM4hOp12mB3pnlHF8NpO/O/SqcO4e65KlqzZ8csBw597edifB7tGe8zjxZI0n2XffTz+twNG0MmE+OKnB+hj0enHC4u0j2LLFeZEKv+UdpaR92T+F2qiT14NDQkLDjJpMNXlixdVBrrWAWA3IJlA6KzyP+3AEUAysZg2SCYHhLFctdUrQtHd5FHmYXc6IZZwknDitbOMLlJ77e2Z4hP1zIL3RiX5ZOd1pln6+EZvlDIBZiWTAydTh01crEkaJIGs+3HG01jivczl04nP9+cHEs4XXp/x0ohH9OHodEKwVFP4WUftIpacSlHOOlj5zrSMHiOTe45MnLP2GH1P6jNEIEhJTkY4AfYPkgmEzir/0w4cASQTi2mDZLI+LJ6ruf6wvYGu2ur0b/NyOncF8aOJij4eIrpg7XLAhAwfrQEYJjrlELPpMiNpY290pYqpE6syD8XHnKvxuyanE4g+A2KvvfntNO288adBrj9/P/3ymIXnxy4a94X37wYOpzPJ41d+HkIfi04HjkmZEvP0AJefZUMdfTJt6cqouu9X5PfTml/hfe9bwkD+PWnAI7Gx+Xl5LS0GZ0wDoLNBMoHQWeV/2oEjgGRiMW2QTGZHs6PAJ4YrermbNLh84NjUI4/kdKXTxm492dTd1dQWHp1+sKiEDh4mOiVWOTe6blVExpWgWOX+SKLcL7rF/2hq5L2jZyv8r0r3XlfRgUSjX0DoH9/woFOHMYf/4cPtL40waeA78cs1lZoCTzvMHE7mn0MbSBLssUTFukP1H8/O6u2uO0y6zLtA35ZGDREIOmioUBgTGVlRVsb/AgOgw2TWK0g4gRA6mV8fa+J/2oEjgGRiMa2dTAIFYVNiVWMEsqEz8ugqI+2bkzP8LtluMi4DxmUwozaWdGSReNd9LXTkMN3RgTU+0YqKgye5ZKJRsT9KeiC2IeB4RsTtU6eL911X8GLJ/vNlazfsfH6A3lYRns/1d/nd20v++OnB//wy9qXhpvbj6uspmhKl0JSW7Jc+h1b1WrYq7qHsw5lZ/UaldKOKp203l6TFGw7TN6dtDAsJqamu5n+HAQAAAMBZQDKxmNZOJnuCT5Nq62crynu66f5/Ns9VMXVnTFi6JKeGKW1kiuqZ3BomvZJJLGXii5g7BcyNPOZiFv/FZrsnruWTOdl0IU2xu2vy2OA2Om+YqHekbKhX2KidObL90bxk8iSfRLb5RdcEnb4kvLkq5P7uoyl+J9M5/Q9d/9z7yB8+2qnxxU/2/fGzAH3++YuI//7u0v8NTzA9lhCHeGdN1urKdcS2DSZ3clVZRcrMXPnULUWDxhpPj9/OukzfnDYzOSmJ/x0GAAAAAGcBycRiWjuZrIpI9Y5S0jVFnb7mlW7iQIWHJUxuLZNfy5Q1smuoN8sYmZyRKZg2BSNXqiWPleyv5EnyJ6mckcgZcRvT0MpUNrPvKqxnMquYxDImoYS5msPfvsaIu7LurvxymuKrk7LpvGG6321Ieq7/8N8Ocn2waj8dSzibd4d5uy14QT2/1i8HjPjzWx5fjZq3dfueFRvD6PJY3O+3NnBFnXGE2XGdf96s4aUs5lG+qrBEWVyiLC19bEmJMi277dOZmXQJte3hmrhma7Qg0KQZuizu6ZMnlUol/2sMAAAAAE4BkonFtHYymRXTNGBCBl1T1GnA1Va6PsozpZxtLcmvY5tNSLQgvyap08X9IuZeIXO3gF2a8Hoecy2XuZzNXMlhUwd5fDOf/SvJM8nlbBtLVjWbakoamIomprKJya7m70Xb71cU0EU1age7cvX83pfravXCwBGLRi+t2Rmi0Mokj9Yd2DV17X+87k53zXq+//Bfv+L6h3d++t+vY18a/pAuWMft5pL81vScqeoFaqbEMsL7zFnT8qQZXshkbuWoUgpUucXKkidphDY3Xz5saS5dVG0/8rm5eouR9Uys5MnjxxUKBf9rDAAAAABOAZKJxbRqMhEGCccHt5o4jryXW/LxZCVdN+VZWM82hijUcs0jUjnbZtLQytSJ2faTsiamuJ4p0IouiaVsdIkvUocWdWK5lM3+JJLQQp65ks3fi7abjzfSpTXqxLCn6w+a4R8/mKEJG39+ze0nj8V+03wfrvV7tM5POHvjV19N/983PZ+jYonG5/qP+P3QSX/5/EC3ESYtmNgu+45O/cb38dj3mUeZk1abKfhSFpOQp8opVhaXGoolnIKTdT0Nzknd3yNhzKJz9F1qA5FMAAAAACcGycRiWjWZ+AujX5+WQ9cRdTpxRxldN9XphUx2MAnbJEKiRQ7bQkIix+18dpwJiR8PS5i0CrZhJL+WbV2pFbOrgojb2Bl4VYxaFatC3dfrZj5/47RxGcwr41LpAuuzp1vKl2uq6LBhut6RMhIt+GFD3R5CNBBIaJ8f6Pbb1ya89M+DdDnN1mNfw+SYx+u0HLjNP10d91o2k1aozDPYSEJbUqJcG2Rkicy+bg/pu9QGIpkAAAAATgySicW0ajLZfTDWxAYT4prYerqS+rS2msuUN7H9r3JqmLTKJ20gBY+bPi5ls/9fv/jES2q53lxcq8iNvMcdupJK2bdnV7ONKiS3GBhhou3n803NV8S3ZhWMCmil84bpDt+eTWeMjvirQR7dv9z8f/+6S5e2vb7pk6S9SMtREf9cdUSSOe/kGOm4ZcDrDyTdXPgF5rljbxh9o1pbJBMAAADAiUEysZhWTSYeC87TVUOd9vUUnTU4JRfJHlnVTF4NU9zARpTqFqZOwtokZVdMF7exfbpk6uHvbUr1qHeFupeXlKmXPB3ynq2eyCu5jO3fdYHahQG3n24yWuXl7OkmGteBKbk4B3rup9NFx31+gOuL7/z0X59t7z7sKl1yU3xlQtrE0KeLvm+8zD9R5nk9m0nMV2UWPTO03Tx9gyuHGGzgGjbnIn2jWlskEwAAAMCJQTKxmFZNJv+Yfo2uGur0b/Ny6Aor5+VsNo3k1rKDRlIr2Nm07hezrSXs+JAc5kIW69Omkmy2GYRrIblbyA6Lf1jC5hCSRtIqmKwqpqCWKVVnm3ZNLnwqRdlvlPGpaYnfbqqjk0Z7/c9P5tK5woKSiPLvb8/u9m1U9+G36UPQ5+s+ogkhT2PJlFjFCZGCPlcmSpLh5SxVUr4qX08LSX6hIvR03Qr/slWB5ZHn6h8kt9Kvoc0rUOyIrKILr3GAZ4KgPUvCW0QkEwAAAMCJQTKxmFZNJl+anEym7a2gK6+ctwvYYSFydUsIO/lvGzvevVHdGFInYYeRlDWxQ0rSK9nB7gklzJ1CNrRczWXrvqzq6MLJ5Raucxe9I8O+Oy3TaLNJd9fk8SEdbTAh/ttbXnScsKzslMSvTfzdWwt6/OsSfSA6HbmrcrJ6Pi7OBVFl51Jl9IkyxYuZTGK+MquIHdpOp4uSEmXAsdqpW4renZTef5Ro4OiU9yanfz0/+/DFRvrF9HuvPxAbmOi5p2virn227tCFZAIAAAA4MUgmFtOqyWT2mmN01VCnJwzOysVNpXVVPQUwlyvuFjCPStlBI5lVTJ56pHtlM5tSWmRsz65WovzxMibcIieanyTD0Ns3Rc+NxT3dDI2Z6eaS7Lq/QzMFc3pFSJ8f6EJnCas5/A9v+XQbpjdD9nJL+n59yYRgiXYhp8bI9wmPn0lqpE+UPs+kqeJSlfG5qgI9jSScD0Stf52STheDPcMjkv4+J+tRqrTEYKev4mLl94sMjQta4HuEvletKpIJAAAA4MQgmVhMqyaTPftD6XqhTs+lGxpk0i41TSVs/64nswNfyWElkcbEIe+0vocb3piku8b8knoi3X/6VtMxwwxddhfQE3NZ2xdem/rSiETeQfV2S/zbkjyvUP5o/hkxkg1hd8n1PRVfTp8onnEZzIFL4gnbSl+bmHbqenNRkYLOEhqvPxAPNrag+5teacsOlBoOJ35Haug3ahwx7wJ9r1pVJBMAAADAiUEysZhWTSZBAYKX3RPoqiGtiUu/d6KBV8UfzcqiS8756fKyMUIZHTPM8IfNqc/1H06HB6v6XH/XbsPvaw6n24ikt6en/3NVkXfoM00lnD+Hpx0QHiLX98TtAvpEPXvSJEvDaj6fn9PbXdTXXXQ30chYkcX7S413mXNJem9yelpWG/12jWduNBuYFO7L6dfoe9WqIpkAAAAATgySicW0ajIhLt8cS1cNeb7unU5Xau1Nkp1GrM6jC098dVK29kS6HfSL5Td/8fLwFwa4kZ90hLCeb0688fakR9+uyBzj3+gTqXe0zPyoCmGQgLu4Ry4+ok8U8USy0ntn2cCxqdox4y3vtNx8OZ0iNMYnt/Zx1xsneP60s5jegsb07LYBo/W2vbwx7h59o1pVJBMAAADAiUEysZjWTibEOWuP9XR9RFcQNY5YU0jXbu3QOf7ldOH7jEqdGKaga/Bm+92GZK7N5NcDRv7boLEvDp7w/waP+/2gMWpH//YVzxcGuv2yv8vzHejx9cv+rr8Z6PFvg8b8++BxLwx0JxHopa9Wao9u1+eCqPKgoFDNlY2MPak5OXFp8kO3K39cmUdyZg9da7G7LM+lI4TGpHTZ5M2F9Lv0+cqYlAKDHcM+nJZBv4tz0Kj79F1qVZFMAAAAACcGycRi2iCZBAQIf/jp0tBx9+g6IufYLaV0DLBDl4VV04X/bEUFXYPviGOC6n75yshfsIu+D3+u/4hfDRhJAskfh3j/x2uT//O1KX95bep/vT71L2r/9Kr3vw8e/7tXRv96oNuvBrjSCYRy+O9eGfXvQ8b/YfDEF4dMfGGA+/P9Xchenh8w4oulV+iS8JwSq9wWckX7yoaGhJ/PVJ3PUJ5NbjlyOXlv0Kn+non6umNNXF9A5weN5242f7vA0LB1nmQvD1Ol9HY0frMgm34X50DPB/RdalWRTAAAAAAnBsnEYtogmRCFQUGBAQLf7VGz1hwfu/ic24Lzw+de/GrG1Y99br41/u7UPUWHH8rpJGBvbj/ZQFdze7qn9PZM7Ts6TePLY9P7j8vgHDgx8/Wpua9PyyO+MT3v/QXFrAtLPv+58vNVld9sqiP+sK3BZW/L6CDphHD5pBi24eLrtfefH6B7ei42rrCJZfjz6tDym1fUTR9Dxr84xIsklv99Y3a3t+b2eHtB73cWkwf/M3QGkTzZ4+35/z10+h8GT3hh4OM0wm3tN4Pd3vIJdd9fMlm9XwNOjZHvCT5FX9moI3GhYZEhwmDyePOuiF4j9TaOLfEro/ODxg0hla+ON7RCIq3gRB29HY1j1xbQb+Hs555AH4hVRTIBAAAAnBgkE4tpm2TCSfJJUKDg4MFgvwPB+/1Cdu8P27knfOvu8BELb743PeODmVlfLcn13Fg8enPJtH0VS8NqNx1rDLstvZCuvJxlsZm7OuKO0828Ou4Xq6u+3lD79UbW77c2/Gtno9omovtBCadnQKtngJRztEDGOUbYRhwfoja0bWK43DtSqRms4h2l+HDWkf/5ePqLb46mw4k+f9nf5dcD3H4z0J3Eld8PGv2nIT5/YdtYpvz5VR+SXn49cKQmkPyCHfI+4o0Jgd+tuz8htMVoP67pMbLV4SLN8JJnFDx9ctPOSAPd9pYdLKfzg8alfmUve4rodxlwZ1QVvR2Nkzbp7RuGZAIAAAAAC4JkYjFtmUz0+a85ehf7G7u24IHo8YROJep19IpLlcUlyiK1hSXKD6ZnDJ6Q+urEtPdnZn2+IOefS/JG+hZN2F46fX/FfEH1isjaDUcb9l1o8bskDrwqEVxvPfpIfiWLufxk2fgLVPwwIC+ZdHNJmhhuyREmOp0ULfeOkJL8MD64aWxQ3egDxT9sePj5gjMfzYwZ4rm72z+X/tenc/70/rQX3/X5/etjfj2I7Qam098OcfvjX6f0+WHN297CUX5F3pGmziS2LCInSGDS0oQdSSaL/Ur7tTOZ7I6uprejcfKmIvotnEgmAAAAALAgSCYW0x6SyejF5+jqI+ewpbk3EyR0vVPjV/P0zuSrLUkR3V2TifsO17DZhrPkccgpKFHmlShzi5XLBZXfLc//YWW+m2/RqI3FXjvLpuytmBtYtTSsZnVM/fyDeR9PuvnexNuvjokf4PlgwKiHPuGm1u+t56QYpU+U3DuyzSu8dWKYeHxQlcf+4hFbU79bd//bdfHDNicP35Y+LrDCK0zsE9VmtHlE45QY5Zzout3BZ3Q3lehy2+7w3vp7c802OJuW/9Ha9/UssKjPk9ea6O1odFmeS7+Fs78HkgkAAAAALAaSicW0h2Tis/wUXX3k/Mfc7Mv3Wuh6p8YJvnoroDo9c6OZ3ojG8b4F/TxFPUcm93RL7uWW3NtdRBwwOmXwhLSh3ukjF9/y3RG1emv0sk2HFm84snDD0S3BVzaF3lofdn9NeNKq8NSlkfmLI4vmRtX8FF0/M0YyNdbqLSq6VJGsMilaQeIKkTwgmh5IOKfEqlaHi3YGxwmDhPT10ueOvWF93B7S55zTe2MhfcI1nr/d8u3CdoyAJz4QGRoB//V8jIAHAAAAgC1AMrGY9pBMVmzSu+ZJPw9R9PkGut6p8cSVWn2TQdGSV+bmG5pq9h39q7wTJy47QxfemAJhULAgKCRIEBooCA8QRPgLow4Kog8KYg4ID+0LPr4n+PTWkCsbQ++uCU9cEZG1LDJ3YVTpnKi66bHSaTGyaTFtxKkxchJyiFNilcT2xgzTJYFkeoyUFIaUljoQ4+73C+nvoXdhzc9nZ9InXGNuvnxPjKGF23n+bVZmsf5l4IuKFEPG6V3P5NUx8XThrSqSCQAAAODEIJlYTHtIJgH+wXT1UeMEX0OzzRL/PjuNfpdODx6tpd+ubf9Reoc69HNPWLGZXfjchpJUQxQK2Ieh6mwTFhCkjjeCSH9B9P7gY7uDT+8Iubgl9Pqm0Fu+4Qmrw5NXRmQsj8hZElm4KLJkQVT5vKjqudG1P0U3zIppmRHTSkKOOtuwOYREHRJ7Zkc3LowqWxOetDf4pL8gql2NJDyFgQJS6adPHefgsamiDBl9zjVm58k/mZlJv5G218jkyDhDefVuosTAoo0feN+iC29VkUwAAA5BTk5OQkIC/1kAgDGQTCymPSQTooF2j/enpNNVT20Dj1d2o95F29stWZRpqGacmy/vqWuJQM43xt9dty2aLnknyuUWtk1GQGSbZdSGqRtnItVtMiS6nNkZfG57yOUtoTc2ht7xDXuwNvzRmvBk4rqwh+vD7m8LubJfeJS80fTxJAb8q9ftbi6J9Nkj9nEX3X4kKaFOu8aSEnaGLvqNPMmt8s6k9NSsNnoLGk/faO7uqvdSfjXjmVVZbCCSCQBOQEREhO8Tzp07x/+zJSCpgNv+tm3bqqur+X+2PlwyEYlEG9XExMTwXwEA0AWSicW0k2TSXU91lrOg0FAXLOKW8CrD4YRUiy/dFdNv1HZzWCX9Ro2u887v3R9ClxxqO3L+eQNLmmyNqMrKldNnXmNRkXLKlmL6jdou8Su7l/x4ujZ9zt1VQr9Ro/fy03TJrSqSCQBOAEkm/v7+/Gc7QEhICO8Zkgo2b97MPdY8sCW8NpPbt28XFxdr/R0AoBskE4tpJ8nkQ59bdA1So6+wkq59altSqjx1vXny5qJ+HvzuWK9PSI0425Bm8F/snO9NNjTIZPGGw4JAC7QqOLeL1h95c/w9+uxxfjQ9Q3DSSIe6khJl8Km6N73Sej/bHaubS9KH0zLO3Ggu0T+8hDMzp+31iXoXbSQZeK3N276QTABwAnjJJDc3d8uWLZmZmefOnYuOjibP1NbWHj9+/PTp01xtfuvWrW1tbSR+NDQ0cK8XCASVlZUkcpDXy+XyAwcO1KrRbFM7mZB9yWQy8iAsLIy8ZseOHdzXCHkB2cjVq1dPnjzJ/VpTU3P27NkrV66cOHGC29f69evJ3smDdDXkgXZRya55RSV/zc/PJ28n79Ikk5aWloCAAPJi7lcAgAGQTCymnSSTUYvi6Eqkxo+mZRjoBcRZWKRIy25btL/0s1mZQ8alDhqb8oZX2jcLskk1N99Yk0upepCDgUEmxE07I4WB/GJDnht3RH0x9Tp99jj7eojm7C6hTz7P/AJF0Im66duKSZIZPC7l1fGpH8/IHLY09/ClBnKV6ddrS+6TWw8lvd30duXq4Zq4a5854/s7IpIJAE4AL5mQwLB//37uManZM+pkoskVEonk0KFD5EF2dnZycjL3+sbGRvLg7t273OvpFhjtZLJ9+3btP5FQwWUY3rtIqTSPHz16RHZHvm1IHNqzZw+jfhfJLeQZ7aKSiKJdVJJ/NH8l4USTTMiTJJlwjwEAhkEysZh2kkx27g0zMNSE/OnKPSN9sTSSymtugTw3X55XoCgu5v9Vn/P3GOr/M3j0/QB/84eGdx2FQUFz1x2jT6DGPu7Jj1KN9MXSWEAuJXsd5eSaGpiJS9trD8SjVufT+9X4oY+th78HI5kA4BSQDLB79+54NU1NTaRmr6nEc2mBVPe1x5+QDKBUKsPDw+vr6xmt3lkktHCv15lMNENZSkpKuCePHDmyfv168gyXTC5fvrxp0yZNJ6tjx45t27aN+xPJGGR3ZCPl5eW3b98mmWTHjh3Ms320yE7JgWgXVfuvmscXLlyQSqXckwAAoyCZWEw7SSYHDwYbHmqyxK+MroZayqJixftTM+idaiTVWQEaTExz885I+gRqG3Tc0NrtHXRDSMUrY/TOF0z88adLdJmtLZIJAE4Ar83EaDIhiYLEidDQUM3ruQeGkwlJHWQ75DXcM1lZWQKBgGQb8idNv68bN26QrEIyCfdrXFzcxo0bSWIhj/fs2RMbG0siCokuiYmJJLQwZiUT7aYYAIBRkEwspp0kE+KX06/R9UiNPVyT7zySGB1jYJ4rDhqZEmqB71G6wFCf7068Q59DjS97iu4bG8Junlfjxd1d+bvTttuIpM07I+gCW1skEwCcAF4yiYqK0nSCInGCoZIJlwo0kNdzvblu3brFvV5nMuENfCc7bW5uJg8CAwO1R6SQCMF1CeMgb+R+3bFjx86dO7kn/fz8IiMjyQPt3lxk11xvLk1RSYzRlIQ8ySWT/Px87hkAgCkgmVhM+0kmm3ZGGp5f6w2vtL2xFv53e1GxIuZ8Qw+D1dl+7gmB6MrVHhetP2L4Uv5jXlZOvqFJusxQlCH7YKqhOQy6uyR+NvkGXVobiGQCgBNAz81VXV29YcOG7du3c8PEtav7NTU1QqEwPj7+zp07JKJwna9CQ0N9fX0vX77Mvb6urm69Gs0G6WRCXrlFDRcnGHWrCNlIcHBwRUUFo44i5M1hx1oAAA1ZSURBVNeYmJimpiZG3QtLUwaSRjSdvgwUlZCamso17xQVFXHJhLyXy1EAAFNAMrGY9pNMggIEfdwe0hVKrZpl0kfTM42OgW6X5283D1uaS+9L2y+mXhdiVq72uHtfWF+Dl7KPh+jo5UbLXkr/Y7UGlqMh9vdMGLv4LF1aG4hkAkBX49SpU1xbB6OepEvTXQoA4JQgmVhM+0kmRK9lZ+gKJc9PZmQUmTyu3bCX77W87GloPi7OXXvD6KJCww6fc5E+k9r29RC5r8yhL4p5Ck7U9tI/HxcnubsOHAimi2oDkUwA6GqQKHL27Nna2trr169zE/XyXwEAcCKQTCymXSUTYVBQP3dD/2vnHDox9U5iRwcqCE/WGphblrP3yEeu8y7Q5YRG3bUvtJ97An1KeX46MyMhRUpfHdO9kSBZfrCsu4uRSzlkTLxfJ8WSYCQTAAAAwKlBMrGYdpVMiCPmXezlamiSrpfUkwhP8C3IypUbXeREpwVFiiv3xG94pdFb5vnJpJtrbL4qn3MoDAz62xS9C5to7DEyac6uolxzx5ykZ7f5bCwcMl7vuooaf/zpYicuR4NkAgAAADgxSCYW096SSWCAYM7aY4bHT3OS+uiPS3IetvM/7gHHat+bnG60tYTYx+3hjr1hnViddXT3+oUYHjjESa71GxPTBCdq07Jk9PXSZ3GxclNo5ZBxxjPJS+rlaDqrHxcnkgkAAADgxCCZWMyU1Cy6ItW5CoOC/j7V0AzC2nZ3TX7LJy3sTH1OvrxA14jqklJlXoE8I7ttqV/Zqyb8c13j8k2H6LLBdrlqa8yHPrfoc6vTniOT/jYr8+jlxtx8eUmJjktZXKIgVzkqrn7a1qIBow0tWqJtD9fEbbs7YaZgbePOnFGpVPyvMQAAAAA4BUgmFrO4rCZEYHcTT63cHGt44UWeg8el+Gwq3BZRde2+OCFFmpwuS82SJaXJ7iW2nrvVvHBv6Y+Lc0wZ7K7xZY+Ezv0vu3PofzB45qoTpl/K7i5JJD3O2FZ0/Eo9uZQPRFJyEYn3k1tvP5JEx9V7bSgYMi61r3s7LuVHk252+iqZd27d4n+HAQAAAMBZQDKxpNeu3ggPCaWrU53rXNP6dPEkVdvebsl9PUT9PER93EWGp5HV5wDPhN377O6EOKjCoKAJS41PuUZLLmUvt2RyEYnkQQ/Xdl9KkojenXhn/4EQulS29HBMjLilhf8dBgAAAABnAcnEuDUN0orqJlPMzi06f+48XaPqXP39hYNGPaCrmzbQc2EchpdY0J17w0yZcs3ivjHu3rSfTwqp8tjSEIHgzq1bjY2NTSbT3Nzc2trK/84DAAAAgL2CZGJcupLkcPr7Bw8dd6+bC7/GaT37uD0cOf88YonFJZfy1THx9Am3nm9PuBvgL6RL4hBGhYfzv/MAAAAAYK8gmRg3LSM3WZTh6CY8ygg8kt7Po909eczw81nJdx+kZ6RnZGZAy3svIf3bBaJ+HvzTbnFJlB29WpSYzC+Ao5iVmVlaUsL/zgMAAACAvYJk0oWsbVYtDyqzdsvJgNEpFx82Yv4k60HO7U1R8+w9RfTJt6DkPvlwekZSroS/ewAAAAAA64Bk0rVskjDXksSDTVu8wgy/XZydU9omkfHvM2BxlCpyKZtNWRvRDN/ySSWZRNyq5O8VAAAAAMBqIJl0RWuaVKkF0vemptNVUvPs5ZY8ZVth3IOmRrGqScIqV6gUSrUKpfyJsrantkrlErUtrW3EZolMY5NY1tTy1IZmWV2zlG+TtLax1USr6yUGpF+vzzoiVZL6Zql2aYnNkrYWydMj4g6Ts1Wm0JwBzWkhPj5XWio5VY/Vgm0z0dDSqtwYUf7p7AxLNYW97CnadbhS2oZMAgAAAABbg2TSRW2SMNdF4n/Mz+ruyq+btteeI5N9tuSm5DWXVEsq6lorWSWVdeIqtRW1LeUaa55aVv3kgfpx6RO5X7UtrW7uqFX6pV/cfqkC849I+8Cf8fGZeXyuqkhSapDUcDa2EknsaSC2SBvVNotlLerYI2mVt0oV0jbW0hppXHz9Vwsyu3csnJDr+LpX6prg0oYWLLIOAAAAgE4AycQJJamjUaysb1EQa5vkNY2y6gZZVb20sp6NDRV1ElIVLqsVl9eIiyqbryfVLjpQ+OPSrPauedLbPXny1rydsaXpBY3Flc0lVbAzLaxoupRQ89Oe/P6j2rF4IufAMaLlgcWp+eL65jaFAiOEAAAAANA5IJk4tiSENLQoSeQoqxGrbaHrrKZYXNWcWdR4LbF2zp78weNS9HUNGjA6+dNZ6VuiSu6k1uWXN9HbgZ1ufllzWkHjhfs1C/0KX5uQQl9Ezg+mpy08UCA4U/4wq76w4pktlFaxrUAVNS0VteLqBklLaxv/awMAAAAAwAogmTi2tU1t5bWS0mp+9dRs0wsa76fXX3hQ63e8bIFfwZRteZw/BxWFnq+4m1r3MLMhu6SRfiO0K4srmzMKG+PT6g5drQo4Wb4soHDWrvzZuwtWCYtIsDx2ozoho568IL/MSLwkKaW8Rtwqk/O/OQAAAAAALA2SieMrYZokKnXHrbaaRlll/ZP+WjVibpAGXd2EUFu2kUTdQlJZJ+amBGholrKjWaTyNrlSiRmgAQAAAGATkEycxyZOiapBPcikrln+ZJCJtKpBM8iktbxWwoUWuoYKnduy6uZykkDUQ+1ruNnGmtgQ0iyWiVsfTx3WJlewM4M9ngYMAAAAAMB2IJl0aUmMUf8kkUbVJFY1SlSNYiWRZJuGFsVjmxX1zXJ1zpERSdSpUY+nr2qQPZmJi2ulYWVn1jJ3rAvkLKtp5ibs4iIEmyIa2CmS1TMUayYmlrW0qucjlsllbQpWOQkVSpIr2DmIFSrup3reYXaWYWQMAAAAANg/SCbQ6mLhRQAAAAAAYBQkE2gL0TEIAAAAAAAYBskE2sIWKSPHquIAAAAAAEA/SCbQdsqxtjgAAAAAANADkgm0nWIMOAEAAAAAAHpAMoE2FaPhAQAAAACATpBMoK1VYMAJAAAAAACgQDKBnaBYyr8RAQAAAABAFwfJBHaOLVJMJQwAAAAAAJ6CZAI7zdY2/u0IAAAAAAC6LEgmsDPFbF0AAAAAAIADyQR2vhIZenYBAAAAAHR1kEygXSiV829NAAAAAADQpUAygXakEi0nAAAAAABdFSQTaF9KZEybgn+bAgAAAAAApwfJBNqjMnTuAgAAAADoYiCZQPuV5BOMjAcAAAAA6CIgmUC7tkXKKJX8uxYAAAAAADgfSCbQMWxtQ/sJAAAAAIAzg2QCHUyxjFGgFQUAAAAAwOlAMoGOZ4uUkbaxvbzQigIAAAAA4DQgmUDHlqQUiYyRKzAcBQAAAADAsUEygc6mRMquiKJQoUUFAAAAAMCRQDKBTqtExs47LFeyzSl2tbo8iUykPAol29TT9kRSVI3cM3JOJftKpfotyFoAAAAAcGKQTGDXskXKiKXsMHqSW6Rtj2MA1xnM7Gq/Si1JDlyWaFOni1b1Lojs7qTsfluowpit5iha29TlR082AAAAADg+SCYQOpUktJBQxLYUqczPWgAAAAAAtgfJBELnVCxlm264nmAAAAAAAPYPkgmEXUK2LaUNKQUAAAAA9guSCYRdS7EUS1UCAAAAwB5BMoGwi6pZCgYAAAAAwB5AMoEQsimFRBR09QIAAABAJ4JkAiF8qgLpBAAAAACdBJIJhJBvqwxjUQAAAABga5BMIIR6FcvQxQsAAAAANgLJBEJoRCzaCAAAAAAbgGQCITRJdjkUdPECAAAAgNVAMoEQtsOWVrSfAAAAAMAqIJlACNtni5SRyflfJQAAAAAAHQTJBEJojiSftGGVRgAAAABYDiQTCKGZcuszAgAAAABYBCQTCGFHRecuAAAAAHQcJBMIoQVskWJxRgAAAAB0CCQTCKFlFEv53y8AAAAAAKaDZAIhtKQkn2BaYQAAAACYAZIJhNDyomcXAAAAANoLkgmE0PK2oGcXAAAAANoJkgmE0Fqi5QQAAAAApoNkAiG0omg8AQAAAICJIJlACK2rRMb/3gEAAAAAoEEygRBa3dY2/lcPAAAAAAAPJBMIoS1UYi5hAAAAABgEyQRCaCMVCCcAAAAA0A+SCYTQdqJbFwAAAAD0gWQCIbSpaDgBAAAAgE6QTCCEtlaFdAIAAAAACiQTCKGtbZGi5QQAAAAAfJBMIISdIJaHBwAAAAAPJBMIYefYihUYAQAAAKAFkgmEsNNEywkAAAAANCCZQAg7TTSbAAAAAEADkgmEsDNVotkEAAAAAGqQTCCEnSnWXgQAAAAAB5IJhLCTVWIKYQAAAAAgmUAIO12xlP/FBAAAAIAuCJIJhLDzBQAAAABAMoEQdr4yOf+7CQAAAABdDSQTCKFd2Kbgfz0BAAAAoEuBZAIhtAslWNsEAAAA6NogmUAI7UUAAAAAdGWQTCCE9iI6dAEAAABdGSQTCKG92IoOXQAAAEAXBskEQmgvtqBDFwAAANCFQTKBENqRAAAAAOiyIJlACO1IhZL/JQUAAACALgKSCYTQjsSSiwAAAECX5f8D/AOfDa+YMB4AAAAASUVORK5CYII=" alt="Screenshot" width="100%" ></p>
<p><img src="data:image/png;base64,iVBORw0KGgoAAAANSUhEUgAABDMAAAIGCAIAAADGMlPIAACAAElEQVR4XuzdB3Ac14Hue3vrbr26u1X7vLee926S7XVay7KtlYOc1racg7y2V5kSKcmSKFnSWtGismQFM+ccJQaAAcwEI5hzBgiQyDnnNAAmz5x3eg7YGJzGDAZ5wv9XX6EGPWe6GzQJ96fu0/2RTy8rJlGbqnZvvc3X0OFv6RLtdtHhIHESr18AAAAg2EesR8MkSvKzlCqaSRyn0yk8PkFDAQAAUD5iPWBKqNjsxhF/S5e/scMoANXt3vJWb0mLt6jZk99oJLfBk13vvlbvvlrnzqx1Xal1X6l1ZdS40gO5fD2XqsPFHHY58KkMYz0qxjrlmrMb3HIruQ3ugkZPQZOnuNkj96GizVvbbuxVU6e/tcvfbvdb95/EQRwu/Z8lAABAAkr0ZiIjj/jlcX9zpywn/nqbr7rdJyuB7CelLV7ZEGRFkVVBJlBU3HkNRn+QdSUn0CWMNBi5FmgvYaK6h0qOUUJk5zHWVhDoP3L9hYFtyUIityu3XtnmrbH5Gmw+WUtkcWqzC5tlz0ncxO3V/2UCAAAkGpqJOm1ilJOW6/2kIXABlWwpdTZfbbuvRsZoLN6qNm9Vu8/4Gnghy0Nlm/xqNJlIogZXmiuRX9uNIiTXLDchN1Rn89e1+9TlW+pUidyl1i5BLUmQyH7i4+ouAACQqGgmRmzGmRNZAIwmoPpJk1FRfEZLUbneVeSL+uuRLcJIoMAE4g+R6wPU+ED3UFFr695Eh78x0IvkppsD+yA7SaCWGNdx2ZhkkgDpdAo7V3YBAIBERTPpjjz0NxK4uEu1lDbjq+wGxukUVRJkVHVpMV50x3yr3wR/6vp6zDWrraiN+gNtxNgTW2DHrHtL4jsOt/4PFQAAIO7RTPpOd1HREji7EiaBVtMr1jF9xLIh6/6QBEyXU/h8+r9YAACAeEUzGVKspaLfWFdCSKh0ubitMAAASBQ0E0KiPQ76CQAASAA0E0JiI8bFXRQUAAAQv2gmhMRMZDkBAACIVzQTQmIsTjcXdwEAgDhEMyEk9tLpMJ58Qj8BAADxhGZCSKyGx54AAIB4QjMhJLbj8Qk/Z08AAEDso5kQEtvpdHLyBAAAxAOaCSFxEg8PjAcAALGMZkJI/KTLybR4AAAQq2gmhMRVHG7h9er/zgEAAKIfzYSQOIzdpf9TBwAAiHI0E0LiNsw8AQAAMYRmQkjcptMpfMw7AQAAMYJmQkj8h3oCAACiH82EkISI26P/4wcAAIgqNBNCEiKdTu7ZBQAAohrNhJAEitMj/FzaBQAAohLNhJDEioMbCgMAgKhEMyEkEePjhsIAACDK0EwISdC4uLILAABEE5oJIYkbp1v/jQAAADBWaCaEJHS6nPovBQAAgDFBMyGE8Kh4AAAw9mgmhBBh54ZdAABgrNFMCCFGOp3CxbQTAAAwdmgmhJCeOD367wgAAIDRQTMhhPSKl0edAACAsUAzIYTooZwAAIDRRzMhhOjhVsIAAGD00UwIIX2k0yncXv33BQAAwMihmRBCQoZyAgAARg3NhBASMp1c1gUAAEYLzYQQEi6UEwAAMDpoJoSQfsKcEwAAMApoJoSQ/tPp0H93AAAADC+aCSEkonArYQAAMKJoJoSQSGN36b9BAAAAhgvNhBAygPj9+i8RAACAYUEzIYQMINyqCwAAjBCaCSFkYPFwny4AADACaCaEkAHH4dZ/lQAAAAwRzYQQMpi4PfpvEwAAgKGgmRBCBhOecAIAAIYXzYQQMsg4uIkwAAAYPjQTQsjg4/Ppv1MAAAAGh2ZCCBl8mAoPAACGC82EEDKk+Hj2IgAAGA40E0LIkNLJfboAAMBwoJkQQoaaLh4MDwAAhoxmQggZhniZCg8AAIaGZkIIGYZwB2EAADBENBNCyPAEAABgKGgmhJDhCbNNAADAUNBMCCHDFgAAgEGjmRBChi0ubh8MAAAGi2ZCCBnO8GwTAAAwODQTQshwhtkmAABgcGgmhJBhDgAAwCDQTAghwxw7zzYBAAADRzMhhAxzOrmgCwAADBzNhBAy/PH59d81AAAA4dFMCCHDH49X/10DAAAQHs2EEDL84Q5dAABgoGgmhJARCQAAwIDQTAghIxI/U00AAMBA0ExIbMRmF62doqJRnMkTx7PFyRzjxcVCkVsl6tv0wSQawr2DAQDAgNBMSAykrEEcyBB7L4dM2hVxuVi02/UP9pu6VlHVJAprxbUK46v8dhArIaECAAAQOZoJifbUtoqDmXoV6TNZZfpnw8RmN6rI2XxxJKtnDbL/HL9mnJmxju8zDe3GmRzrcqICAAAQOZoJid60dIr8ar1+hI/sMJGc9ChvME6zWD9u5lCmqGzSPxWc07k9a8iuNHbVOkZG7kxxnTFAtiDru3Efj0//jQMAABAKzYREb3IqIz1bEpx+z5zIFhH+2jCVI1eNSSzWj8sU1vQauT9DZFfoY1Tkj7AvvXvYpSL93biPy6P/xgEAAAiFZkKiNAW9j/4HlFA9weYwJs3vv14VIslFS52QxcYsG8FpbNdHXinVxxzOSqz5+nYXD4MHAACRopmQaExDe0SnNcLk2DV9nTKZZfqwSHI2v9dKQl1gpp0SKa7TB6gcytT3Kr7j5mHwAAAgMjQTEo3JrdIP6AeR5g59teHnloTKvsu9VpJRog9QOZPXa9jRq/oAM9pexXecbv2XDgAAQJ9oJiTq0tY11BMmKlpVuFikD4g85wt61iNXax2wN+gsTX1byDEq8ge0/tTxmk6n/ksHAACgTzQTEnUZygwTLS3XT5u0dhqnPqwDIo9ZJ0K1jnOBi77ksH43VNeq/8jxHQAAgEjQTEh0pdFmPDPRejQ/uNS0dK+2olF/a6Apun7b31DN5Gq58W4k16El2iNQAAAAIkEzIdGVwppBzgbpM3JVcp1NNuOEhvXdgUY9gTFUM2m3G8+qty63xvpTx3f83J4LAABEgGZCoivpkZ0wifzOvx2Bu2kNy8SVU7nG2vpsJlfLjWu0rMutuVio/8hxHw+35wIAABGgmZDoytm+jvu1HMkyToM0toe8gW9w5DqzIrhZsKw6/c4POXLVWJu1mRzKNGrJ+QJ9uTUHM0VVs/4jx3143iIAAIgEzYREV8LcbFdFVgibvWd8doU+QEtLZx9dQkt2pTFzXY48maO/FZx96cYWrWuTZUPGOl5L2pVee544sXN7LgAAEAGaCYmuHOmvmcjyEDy+32uo6tv66Rt7g558UtZgnJCxDjAjq4W1mbR2iguF+kJrMsv0HzZBwo2DAQBAJGgmJLrSbzPRHrUusy/snJOKxn7WeSK719qKavUBwenzDEx5ozjY36z9070frpJoAQAA6BfNhERXwreIvQNvJmUN4ni2vjA4R7J6ra0wfDPp6KOZ5Ff3MyN/X+8r0BIwAAAA/aKZkOjKSDSTU7n6wuAET1xp6xJXSvUBwWnt65xJUW0/9/7S5sYkYAAAAPpFMyHRlZFoJv0+uvFsvjHVRLaOY9f6uUNXn/NMGtv7n7jP1VwAAADh0UxIdGUkmklxXf/zQORKwq9H5mDguY3WZiI3UdmkL7QmYWfAd9BMAABABGgmJLoyEs2kutmY5m59a6A5GuJ5JunFxvmW8FNN9l5/IH1iBgAAoF80ExJdGYlmYgs8Bt761kCTU2lsztpM9gb2qra/+xfLHL8mGtr1/U+E+PXfPAAQdT5y3aVLl/T3AIwKmgmJroxEM5Fj2u39TCDpN6dzu2ex99lMZOQmKhr1hdZotwJLkPioJgAGSNYDsyro740Av99vbm7v3r362wBGBc2ERFdGqJnI9Hu1VfiUN3avJ1QzkbVElpPwN+nae/1B8okWn0//1QMA4Y1yM5H+6q/+Sm2ura1Nfw/AqKCZkOjKyDWTti79rcgTfKIjVDM5X2C822Tr/+SM3BPtR4j70EwADNToNxMAY45mQqIrx67px/FaMkr1j4RvJpVNPSP7vUNXqATfVitUMzmZ0z2g39n2zR36jxD3oZkAGCiaCZCAaCYkunKxUD+O11JSr3/kYKY+JjjBJyga2gdzTdehzF7PSbxYpA9QkYVEDZBbLAg74b61U/8R4j40EwADFXkz+cIXvmCOVKZNm2a324PH1NbWamOCdXR0iL5mwMsXf/M3fyOXTJ06dc2aNX/913/d85mPfGTSpEnBmwAwdDQTEl2pbgl5UmJv4GHq1hMO6SX6sODx2uCalpDVos8cyTJmjwSvIdSjS7TLzMLslbZLiRCaCYCBirCZmJNDrNxutxrz6KOPmgsXLVp02223md/OmDGjqKhIDTMXWptJKNzFCxheNBMSXWntFLmV+qG8mRPZek+QqW7Wh5m5UKgPttmNMyeyb1gHW7MvXZTU6WuQ1cg6UqawttewxnZ9gMr+DH2FiRCaCYCBiqSZ1NfXm2NkRZk4ceI///M/m0vWrVunhv2f//N/1JJXXnlFBG7DNXnyZLWkpKTEXJv5wTDNRG7iM5/5jPnta6+9Zn4cwNDRTEjURXaPy8X6Af2+y+JahXG4bx0vk1VmXHOlfUTWmFBzzVu7jKkjYaaqp2WI3CrRaNM/qJJu2T3jii/LsArL2RU5zLzHV0KFZgJgoPptJg6H41e/+pUacOLECXO5eYbkox/9qFpirqelpUUtsdlsasnUqVPND5rD+mwm+/btM0f+4z/+o1r46U9/2lwIYOhoJiQaY7MbJysuFIrj2cacePmiorHXZA99fOBki6wuJwLjLxaKvKqQtcRMk82YECIryulccTjLuC3YmTzjWq/iOqO6WMebUY9uPF9gnFSRZSOvWrRYrjFTKak3nhy/P924m/ClItEedrVxHJ5nAmCg+m0mwbUheHlxcbH5QY/HI4IqR05OjjYmKSnJ/KA5rM9mYg6THnzwQbXwE5/4RPByAENEMyFRGtkralpEab0R+cJ6EZc1zR3GPYJlGahtjXSWudyK/FRlk9FGZBeqbhb1bRH1B7l+uZXcSlFUG67GyN2W+y9rkmwvoU74JEJoJgAGqt9msnfv3j4H1NTUmMvV1PZ/+Zd/Ud9OnDhR9L6a6+rVq+YHzU/RTICxQjMhMROb3WgRhbXGxVQXCo1cLBTXykVV0H2BBxRZG2RnSC8xzpmcyBancozTGjmVETWTjBJj/LFrxmmWUCdMOgKbOF9g3FD4VK4xud86IEECAAPVbzM5ePDgRz/6UesAazNpa2v7xS9+YS40ff3rXw/+oLmcZgKMFZoJiYHITpJdYVwWdSCjj6eX7E8XhzONhlARcUWRhUEWm1DPa5crPJsf8iyNXK49F0WOl1u3jmzr0jchf4p+rzGLywDAQPXbTOrq6j796U+rAaqBKPv27bN+MCcn5yOBmSfy69/+7d/efPPNFRUV5ruK+SmaCTBWaCYkBpJbacwDCTNhfW/gPlqnc0POWdciG8L+ELXEXFtWWd8toqJRH6zGW29nnG95qomsNEW9b+GVIAGAgeq3mXg8nvvuu08N6HMGvPlBWUvUnPXgYVbmp2gmwFihmZCoTrvdOB0RvpMER/aNYst9foNT3WwUGOsH+4zsG+UN+hpCnWnRHsgo0+duH0jIuwYDwEAFN5MbLNSYjo4Oc4y6a3DwLX2XLFmihv3xj39US/73//7fE6976aWXSktLzc0JmgkQBWgmJHrT2mXcunegT20/kqWvJzhGzxnICmWN0dZgHWMm+HyIbCnWASrWvYr7AMBABTcTK3PYxz72Mf2968xLvNLS0kI9kPHw4cN+f/c9OsyFNBNgrNBMSJSmrcuYXz6gFmFGftB6rqOjr+eQRJLgh7vLvbIOMLPvsnHDLjUy1AMZZVoiu29YPAUABirCZiJ973vf096dNGmS3W43B7S3t8+cOVMbY/qnf/onNcxcQjMBxgrNhERpzuXrB/QDyoEMvQDIzmAdFmHM22q1dupvadmf3n3D4vbQ50ysM1LiPgAwVtLS0lSL+Lu/+zvzLIrf71++fLlarrUOAGOIZkKiMU02/f5Xg0hJ7wkngzthopJV1r2SMNdomcmv7r7vsPUtlURrJp00EwBjx3xO/Llz57S3aCZAtKGZkGjMxUL9aH4QSbvSMyW933Md4bMvvWff+r3ATA44mWOMvFKqv6WSaM3E7tJ/7wDAqPnEJz6h6kdVVVXw8ra2NpoJEG1oJiTq0tg+4FnvoVLRaKywrStkSYg85sNSimr1t/qMLFeyF/VZYxKtmbg8+u8dABg1b7/9ttlAPv7xj99zzz3yq7nkYx/72Pnz5/XPABgjNBMSdSlr0A/lB52MEmOFdW0DuFNwqKQHViXT0inSQtw4ODjq7sBHr+rL9yZeM/F49d87ADBqgs+NWB0+fFj/AICxQzMh0ZW61qHOfQ/O/sBVWDmVw3ASZt9lUd/WvZMRTqY/nCUa2vSFexOvmVy/IScAjJmmpqYf//jHqo38/d///c0333zw4EF9EICxRjMh0ZXcqpCPMgyOHJN2JaKRcp1n8/SFWq5VGK3D+sh2LbLhmPtZ1mA8OMU6RktLRx9T+ROtmQAAAESCZkKiK5FMCNmfbkz2KK41Bvd7MqTdLo5f0xcG51Bmd1Vo7TReWweYkZsz97O9SxRGMOFEFp6TOfpCmgkAAIAVzYREV073d35DO7LPrdLf1SK7QZhTKweviMKanrVVN4erOhcL9b3NKNHHaKlpERcs9xmjmQAAAFjRTEh05Xi2fhyvRXaJ4PH1fU3kCI4sG33eIEvlyNXu+3epNLQbF4lZh6lYm0lmf2d4altpJvovHQAAgD7RTEh05UhfN7MKzsUi/SNhiodMWUO40yCy5xTV9qyqtF4fEJz04p6RNns/g1VkCbFeIZZQzYSHmQAAgAjRTEh0pd9mcmngzcTaDYJz9Gp3VWiyhbvuS6Yg6Lqv8wXhCo+KrD2NNn3h3gRrJjzMBAAARIhmQqIrI9FMwl8hJj+eWSrKG/q47EqLed1Xa2c/HUblWoVxOy/r8sRpJp08zAQAAESMZkKiKyPRTNKL9YWDiKw3tsDmbPY+bgRszZk8Y3Cf51USp5nYXTzMBAAARIpmQqIrI9FMSuqNhx5a3xpQGq4/ZrHf+3HJpF0xCkyoB6QkTjNxc8IEAABEjGZCoisj0UzqWsXpXH35QCObhtpcvydMDmR0P5Mx1HNUEqeZ+Hz6bxwAAIBQaCYkujISzUSOqWzSlw8oJ7J7Nmd9V0v99bMr1rdUEqeZAAAARI5mQqIrI9RMZA6GvUNX+NRdLxstnfpbWsx7ELd06G+ZaevSf4S4DPcLBobRjBkzJk+eLL9WVFSoJStWrOg9BH2bM2eOejF37tze7wzA/v37m5ub9aVjR+7PIH4c+fdHXxTC4sWL9UXAqKCZkOjKyDWTrDL9rQiTliHar1/KFb6Z7E83BqiRraFHavsfr/EyyQQYPvKYsqmp6fDhwzNnziwoKBBj0Uw6OjqKior0pbFjEIfypuhvJrt27Qr+tk+RNxNgrNBMSHRl2JtJVXP3MNugTpvIlZtXZ6lYx3SPvGw8Qr7fkYcy9f2P1wAYRuYx5fr16xcuXCiCmsmFCxcmT568ceNG9W1tba0cPHXq1JaWFrVkwYIFcsC2bdvsdrv8dtOmTfLb+fPnq3dNcvy0adPM5fLYt7KyUq5HDs7IyJBL1GtJHaPL1colartyyeXLl7Ozs+W75trkAPW6s7MzKSnJ6/VWVVXJj8yZM+fIkSPqU3Ir5uaaA7T1KOqDS5Ysyc3NFYE/BNnTpkyZMn36dI/Hs3btWvnuunXr1OAPP/xQflz+LOrnNf/otEN58w9KfVBuOj09Xe6b/GxKSooak5aWNjPg5MmTwc1ENrT8/Pzdu3fLwcePHzcXTgtQ25U7ptZ24MAB82eX78o/VfkzFhYWyjFbtmyRC9XH1e6pT8mFcrxaLv+H3rp1q1xYX18v3zX3J/jHmT17tvqfRq5ZXP8rsWzZMnOAYv5RqP+t5Xp27typlsgXag1qJebK5Qu5/3KhHOx0OtVCYOTQTEh0pd9mcjnoQewq4ZtJcFvo8+ki4XMyp2fuu4p1TPfI67cVNtPnM0+sz7CPy3Tx/1/AsArVTI4ePSoPMeUx6+LFi2UBkEuysrKuXLly8eJFVQbkUaY8gK6urk5NTZXftra2ypFyvFwoj1+DtiDkanNycszlsirIo2H5wdLSUrX1U6dOZWZmygN0n88ntytHyvFqu3KhPLSVrSZ4nXKAakfyIF7uknwhj27la7lmuUJ5kN1nM7GuR5o1a5bcDdmp5AsR+ENITk6WP4VsOAcPHpRfz507J1fuDZyrlcNkb5GFQe6ACN1MzD8ouVx+UG5a/rxyifys/IhalfyzlSuR+yy3qzWTefPmbdiwQf75yIKkFp44cUKONLcrW418XV5eLv+sRKDIyR9B/s8hd1uWomPHjsmFsmupj8vNyX4lv8pSJH8c+Qcrfxy12qVLl65atUqWQ1kMZEkw9yf4x5Frljsv99Dlcsntyt2WOyb/Amh/jOYfhdwZ+ZPKeiM/Jf/nk9uVP478X6SiomL16tUi6M9K7oZcov7CmP9jASOHZkKiK+GfiiiTX61/JPyZkOCRtsA9fyO8g/D+dOOZJNY5IblV+kg1uN0yUpai4Na077Jx/2LzwrD4jpe7cgHDSh1TVlVVaVdzyW/lUakIXGplnjZR5MGlPFQ9e/Zs8AHlypUrzdfmsa/kcDjMj6t1qnMmaonaljyqNq/mMj+rtis3JA/T1RKTOtoWgc4jAicl9u7dq96SR/+7du3qs5lY1yPrjawf6rX8lPxWNpO2tja1xJxGErx7itrtUM3EJD+oNr1lyxZziVyVLC3qzIYIbFdrJqpaiEDDkcy3RGC7drtdHsqfOXPGXCj3s7Gx0fxW/ZksW7bs2rVrudepNqgGyNeywIjel2BNnz5dvZD7E/zjyH0zv5VjzN02xytqVXLfZK9TS+Rr+b+R/Li5q6r7mWsL3nqoP0BgGNFMSHQls9Q4grce+pvRrpiSySrXx5g5X6AP7gjMFTlXoI/UcipH1Lb23SJsdv2RJlfLQ95uq77NuPzsRLaxJ3KF1gFxmU5OmADDTR4gysNHWQPMJeqwWx7IyhahDqzVu+q8hM/nU81EBI4+58+fv2PHDo/HoxYq5uVeInBoqw6+1XI5MnhmhbWZqP9Cr8jtNgd1jGDqgq5Vq1aJwNG8utZIBHZJtovgT5nNxLoe+cFTp06Zm5M/mvysumJKBB0uq927cOGC7Dbt7e2iv2Zi/kGZzcTctFpV8J9A8GvR+2dRr+V2p02bVl5eLq43E/lC7sbs2bPVpWtSXl7elClTZCsTgZ2Rg1WlkX8+qsLJn8u8SM/80w7ebfP1/t7zTJqDmon5v7uwTCxR3wb/pOL6n5LcgcmBS+C6uroEzQRjh2ZCoitFteHOaaRl9HESo65NH2amolEfrFLdLE7n6YPNyCJR1qBfxBUc2Y5k3zh+zXi2yeXikLVEpbHd6CTWQhXH4a5cwLDTDjFF0GG3+R/IFXN2R/ARqjz+nj59ujwQDzVvPvi/oyvhm4m2P9rBrmn37t0VFRXq0FwWnjDnTMxeZF2PHGx+UAnTTD788ENzOkT4ZmL+QR08eFDbtHnORJ2PkuQOaM3EPI2jzpnI7aoCJoKaiSR3Rra4uro69a2anSICk2GOHj2qzvzIAWrf5Dqt50yCd9s8VSX3J1QzCf4r0ec5E4fDoZ0zkS8WLVoUPJJmgrFCMyHRlXa70Qr6nDpyJk+UX7/RlpbiOnGs92MN96eLghp9mLYhWWkKa4x7dsmWcirXKBuyF1U191F+rLEFYl1OOpj7DoyAUM3k1KlT06ZNy8jIOHPmTGZmplwyZcqU+vp6eeCrmok8/C0oKJAHxPJAXB7it7e3q4u15GDt6q9ly5bJI2O1XB6wWptJZWWlmt0hj7bldlevXi3Xo7bbZ6MQgQu6pk6dquZsSPPnz8/JyZFFZUZgnokI/Fxyr+TuybdCNRNp3rx5J06ckIVhx44dImwzkcf9hw8fvnLlyuLFi8M3E/MPSs0hsTYTEZhnsmfPHrl7s2fP1pqJXCL/BMx5JnK78ieVP4varty97du3l5eXyz2RjUV+u27dOtXH1MmW3NxcszYkJSUtWbJEvT5w4IDaollCgnd769at5v4EL3e5XGvWrJH/Q8uqo87eyB3bsGFDqHkmK1eulL3r7NmzciVqepKarC8tX75chG0mcozcnLkQGF40ExJ1sVnOnMiacbnYuA+vdbAZ2TRK6ozrrK6UGtM5tBtqkVGL063/lgGQyNSEijgTfDVXHFA3S1Cvs7KyzDNjwOijmZBojCwh+dXGfbFkP1FXTEVyNVRbl3HpVJPNeBHmWiwyculyCZ9f/y0DIGE1NDSoi5fiTJw1k+D7Ipw8eVJdRQaMCZoJIWTYQi0BoLS0tMybN8/6SI34EGfNRN0aQc2AT09P198GRhHNhBAyPHEaF40DAAAMEs2EEDI88XPCBAAADAHNhBAyDHFxwgQAAAwNzYQQMgzhhAkAABgimgkhZKhxd99tEgAAYPBoJoSQIQUAAGBY0EwIIYOPnQcBAwCAYUIzIYQMMp2cMAEAAMOHZkIIGWSY9Q4AAIYRzYQQMpg4uI4LAAAMK5oJIWTA6XLqv0oAAACGiGZCCBlYZC3xcJtgAAAw3GgmhJABpJOzJQAAYGTQTAghkYaLuAAAwMihmRBCIg0XcQEAgJFDMyGERBSvT//1AQAAMIxoJoSQfsKUd8SxmqYuQkhcRv/XjlhAMyGE9BNqCQAAGAU0E0JIuPh40DsAABgVNBNCSN/ppJYAAIBRRDMhhPQRWUvcHv33BQAAwMihmRBC9HS59N8UAAAAI41mQgjRww2CAQDA6KOZEEJ60slT3gEAwBihmRBCutNFLQEAAGOHZkIIMWJ3CT934gIAAGOHZkIIEW6epQgAAMYazYSQRA+nSgAAQDSgmRCS0OGhJQAAIErQTAhJ0DjdPOIdAABEEZoJIYkYnlgCAACiDc2EkISL063/IgAAABhzNBNCEigON2dLAABAlKKZEJIo6XRyGy4AABC9aCaEJES4ggsAAEQ5mgkh8R/uwQUAAKIfzYSQeE6nU3h4vjsAAIgFNBNC4jY8RREAAMQQmgkhcZguF5PdAQBAjKGZEBKHYWIJAACIOTQTQuInnU7h43ElAAAgNtFMCImTOLgvMAAAiGU0E0LiIZ1O/d82AABAbKGZEBLbsbu4LzAAAIgHNBNCYjjGxBImuwMAgLhAMyEkVuPkcSUAACCO0EwIib24PTyuBAAAxBuaCSExFk6VAACAuEQzISRm0unkVAkAAIhbNBNCYiB2l3BzAy4AABDXaCaERHt4sjsAAEgENBNCojouZpUAAIDEQDMhJEpjdzGrBAAAJBCaCSHRGO4LDAAAEg3NhIxx2rtEU4u/utonU1Pjk99axyRUurgBFwAASEg0EzLGaWjyy0KimolMfaO/vVMfkzihlgAAgIRFMyFjmbaO7rMlwamt9VtHxn3oJAAAIMHRTMhYprG5j2Yik1DXdHU6hZebAgMAgIRHMyFjmSaaiYNHKAIAABhoJmQs09YhrLWkts5nHRmX4fmJAAAAJpoJGeM09p4B35AYM+B5fiIAAICGZkLGODbjrsHdZ05qan02uz4g/uJ06/8OAQAAQDMhZPTC8xMBAABCoZkQMhqxu/R/ewAAAAhGMyFkxCNrCadKAAAAwqOZEDKCsTOlBAAAIDI0E0JGKl1O/d8bgCh0+7Tyj0/MI4TETf7v43kHMjv0f+qIBTQTQoY/nQ4e6w7EBllL9EUAYl/qZZu+CLGAZkLiKi1doqRRXKkSlyrExXKRWSVKm0T7KN6JWHYSADHk4xPz9EUAgDFCMyHxk6xqkXRJvLBT3L5C/HCx+M8F4rerxKRUsTtbXK0Ro/CklE6n8DHTHYgpNBMAiB40ExLzOZQvHtkofrZUfHmG+MLUPvLFacZbd60R12r1zw5j3F79XxeA6EczAYDoQTMhsZo2u3HJ1k+WiBstVSRUvjRdpF4TTR36qoaYwZ0nkU2myy0cPHsRGFM0EwCIHjQTEpNp7RIrzhpXbUVeS1R+tkxsSBc2ywoHl06H8AzqVInLI4qbxOUqkVUjGjr1dwGMGpoJAEQPmgmJvZQ0iXvWiBun6a0jwqgzJ9bVDiidTqNdDO5sh9MjjheLtPye5NXrYwCMDpoJAEQPmgmJsZQ3i+/M08vGQPOtuaK6TV9z5BnilJLc+l61ROZgvuh06cMAjAKaCQBED5oJibFMSh382RIzN04VabmisjVcWjr1Tas4h/xY94wqvZnItHTpwwCMApoJAEQPmgmJmTR1iOTLxo22rE1jQPnSdPHrleLB9eHy8AZR2aLvgN01PLPV0/tqJg08rBYYCzQTAIgeNBMSM8moFE+k6DVjoLlllvjREjE+Wa8iWl7bqz+f0e0d5KwSq2u1ei05mC86nPowAKOAZgIA0YNmQmImj24SXwnxxJJIcuNU8ZOl/XcSmT9sFkWNPdu1D/cMkC63OFzYq5lkVOtjAIwOmgkARA+aCYmNNNjEV2frZSPC3DjNqDT3rNUbSJ+ZmCIK6rs3OnLPdJfl5FKlOFkiTpWK/Ab9XQCjhmYCANGDZkJiI+XN4qbpeuWIMN+aJ36zSm8gfebl3WJTRvd1XA6X8Pn0fzDDyOkxnmTSbB+2i8QADALNBACiB82ExEa2Z+l9I5L8+/vezz1d+Z9v1v18Wuu41V5rFTHzxl5xvMh4gKPcVteInSoBEG36bSZnz541X3d0cKsKABhBNBMSG1l4Um8d/eazr7T/673X/vWuTJUb7s76twey//2RvBsfK/jK0yW3PFt2yzOlTy2uO1voqWsXNnWexD2y50kARJt+m8mFCxfM16qZnD59uqKiQr6QX0+ePGkOk8vz8/MvXbokF6qRJwOcTmdDQ4MarL7Kb+W7crn5GgAgaCYkVjL9iF48wmWK/9/fdd/wQK5ZS/TcnXnDPVkyT8+tKK5xq010cncsIPEMtJnIaiEbhawf8turV6+qJZKsJSKoisiKIiuHfLch4GyAXKjOwMgX6uPyq1oVAEDQTEisZFOGpX6EyOf/7PzEgwU33HNVbyOWfHv8pfT151vrO2Un8XKqBEhIA20mIlA/gguGogqGOmdivmWeJ1H9RL5Q72ZmZspvg9cMABA0ExIrOVGkN5C+8xfvpx4v/9e7s6w9RMtN96Unv7mva8exzrp2j1f/hwEgQfTbTMx5Js4A9VpWC/lafjWHWZuJ7B5ygDqp0mczCZ7BAgAQNJM4iM0eiGV55KltF5WtoqJl7NNg0/etZyfbxJf7e5jJ517ruOG+bGsJCc5n78m447GzR97fVThr66RnjzmT94iCUv2fBYCE0W8zUbNBpODTICcD00vUa9U91BL1liweJwMTSOTX0wHqai71bk5Ojhqs1hx84gUAEhzNJFbT2iVy68Thgp6n9Z0tEzm13XeXGlBkJcirN9Y25qlq1ffNTLtd/HiJ8bREayGR+fybXf/2RLlZP264K/Mzd6d/7Z4zn707PXjhsjcOeRZv8C3ZUDp766yXDhZPW+5dssF/9Jz+zwJAwui3mQAARg3NJCZjsxvH8cEPETeTU9f9OI74y+Mp4isz9U5i1JJ3XJ/sPbHkq/ecnfjAjvW/n/8/D2z91F0ZauHN96fXLtgqa4lM9oxtVXM33/PzO9rmrfZvPcBNgoGERTMBgOhBM4m9yFpyqlQvJME5Uyba4rGcHCsU967Va8lnnmu44d5ek90/cdeVfY/OyHn8zbzH38h9/I3H7t+pli/98zFVS2S8ga/rn3ndsTDJt3SDaGjW/2UASAw0EwCIHjSTGEuDTVyq1KuINRlVQ5p5Ep2RP9GRAvHFaT2d5BPj84I7icpn7k6/MPFdWUtUpj0w85N3nLjhrsyCuTvMZqLFv2mv/i8DQGKgmQBA9KCZxFjy6sTRIr2HWCPHtA18wkn0p94mvjbbqCWfe73jhnF9T3b/5F0Zxx6bknu9mTzy8J4bf/Php+88al7KFRznss1tq3blbjzXZef+XEAiGp1msmrNPn1RaOmZRVNnbZyzcGvwwuUf7An+Vpq/eLv8umvPmTXJadpbABCjaCYxluPFegkJlfKWUZ1wcrVa7MgS6y8PZwob+uhXqy+Im56tCn9f4DsmHNr53KqiZ95Pf27mjfdevuGuy998IDV38kKtllzddHHFMeeiE74FJ8WGDCabAIkoCpvJvEDl6JdqJgAQT2gmsZSmDnEw6GZc4XOlWjR26GsY0XTfv3j4Yt2EsRWH+PmfCqxtJDj/OeHilrf3ehevn/78kk/ceVEumfrW6SPzt6z/4PixnflntmWf2p6z/mDrwpN+2UlkUq6Ixk5BMQESUPhmMmve5qmzNqrIb8+cy542e9O8RdvOX8yV327YfLSltUMuWf7BnuDXHo938fJd8iNqmLjeTE6dvSZXGLR6g8Phmr9khxwsPyK//WDtfrW59CuFsnvk5JXL13v2nzd7yMrVe+VW5Nelq3aLwD4MqPYAQDSjmcRSatsH0EwuVRjXPllXEgcZ926JtY0E55vjLyW/sc+3ZMNLL+7/7O92yiWpM46sO9A8O8225IR36XGPzMJAJ1EpZQI8kKjCN5PW1o7mFtvBI+mqUaRsO15d0yS/zgx8K1uBLBLnLuZm55YHv3a63GmHL8uRclhBYZW43kxmzE2Rq+q9BWMTJ09fLS2vW52UVlffIjcnm4/86nJ7ZBtZuHTnxcv5lVWNqpk0NLQuWZmam19x9PgVcx9oJgDiBs0kllLdOoBmcrFC1MVpM1mX1mxtI8H50UMX9ry7WzaTM9N333b/zskvbCtKOhZcRWTmHfe/v8f15jb7yhMuP6dLgEQVvplIsmasXL23s8thLrE7XKoMyFbQ1NyuFga/NslhBw4ZD32XL2SR8HjCzWeTbST9SqEIukwr+Hot9XrFhz2365i7aJugmQCILzSTWErdQM6ZXK6M23MmF/Mdn7w33DyT+x4/fXX6NtlMuhZt2vH2zq0vTa5ZsG7ZSa8qJFP2u1/fan9pQ8eza9vl651ZFBMgcfXbTI6dzCwsrlavMzKLZs3fYl7cJVuBbCnqreDXPp9fVgg1TDUTWUu0Ge0m2XyWrEg1r+ASYZuJdQnNBEA8oZnEUmx2cbhQbyChUlA/mOfBx0RaO/0/fTHcVJMVrx1oW7DJnOnetWDdlXfnbDpYrc6WzD/hl/1k7vHuSSZ7cphhAiSu8M3EOD2ydr96XVnVePT4FRG4/mrB0h0idDMxS4gcZp4zqaltTjt8WS0PNmNuinpRWl7XbzMJPmeiJsrTTADEE5pJjOVCuTgUwWmTgwXG9Pf4e6SJmYxCx2fGhTxtcuT9XY5FG1UtqX55hmv+Wvli/fuL5x5xTtrYOXW/J/iyLpoJkMjCN5PZC7Y0t9hUOrscsmk0NLTK4mHO8eizmSz/YE92brmaCmI2E/l145ZjC5ft7F71dbJgyE6Suu+cXG2/zaSismHZqt3GPJMTzDMBEIdoJjGWwgZxLILnmZwsic/HwJtp6/Tf8+eSf7uvj3Jyw12ZOTO2eRZ3nzCpeHFKw1vzZDkpWrx+ZmrtjIPeF5M73tvtmn+CZgKgn2Zi3phLXb6l7otVWdWQsvW4CN1Mqmua1O2z5LDgZlLf0Cq7jTbbRN19K2nj4crqxn6biQi6N1fShkOCZgIgvtBMYi/1tn5mmxwqMO7iZf1gnKW1w19U5brjzaIb7u7VTO6eeMZ9vZYY50xemZH3+BtFT//ZsTB546EW1UamHvC8tKHj5U2d7+91bcvw0kyAhBW+mQAARhPNJCbTGPrBJrKWDG7ie3GjOFM6esmp03dgQHF7uv8Ge32ipMa5YnfjC9Pyvjvh4orXDjgW9cwwkWmbvFQ9DL7o6Xeq1x0Mvo5r/gkje7I5ZwIkrtFvJq1txp2IVVpbO/S3ASCB0UxiNXn1fUw4kXWloEEfGWHOlYllZ0YvqdmDnwbjdOt/jx0tnS3bT5bP2dK5sFctkema9UH+E2+qctLw7qJ1h23a7YPTRvuwBEAUGf1mAgAIhWYS22noEBUtIr9elLcM/kA/htLp7Ov8hsPpW23cIzhUql+Zkf+H7nJS+vqc0tX7tmT4Fp8Si06JUyWixa6vD0DioJkAQPSgmZDYyPWZpRZujz/FeNx7mHgXr7dNXZ7/5NuNuw55O7v8Hq/PL9xeI330HACJhGYCANGDZkJiIHaXCPU0RH91vW+5fgWXNbKcNC3f5Gnnkm4AvdBMACB60ExItMfsJG0OYxbNlMPi6a3isU3iofXiwfXi4fX+p5Kdi9eUp6847l4SoqIs3ehLPSp8vl5/9wGAZgIA0YRmQqI3Xc6ee3DV2cTSM+JPqeL3G41CouXRZO+zSV1XVhzzWmuJzJYD/qq6Xn/xASCAZgIA0YNmQqI05rPIPD6x5qJxksRaSFTu+9B+1wrbhCTf79f7d3yQqdeS5ZuEravX3/qh6ejw19b6ZOrrfR5PiIvMAMQImgkARA+aCYm6OIJuCuz0iD/t0quINfes7PzuG1d+MrVYvt7+YVZwM/GfMB7APFycTn91tc9MY6M/1AQYADGBZgIA0YNmQqIrnqDJILKW7Mnpnk/Sb8atdn5+4p67VtieTnY2L9thXtblzy/pWeOQ2e0iuJnU1PhoJkBMo5kAQPSgmZBoSVfvZ5XIivLCzkhricr4JN+X/3j4d4ubXkzq2PFhplFOVm0RdmfQWoeqq6vXOROaCRDraCYAED1oJiQq4ro+09208JRePCLJhGT/F/6w764VtofW+43LutbvDnm/4UGRK2to6CknHR3c7wuIbTQTAIgeNBMy9umynNVocxi3BrYWj0jy20VN33r98rjVzqeSne2pp/RVD1lXl6ir88k0Nfm83uGsPQBG3/99nGYCxCEv/+UwNtFMyBjH19ex/Xtpet8YUL79evrXXjorX7y+28fvJgBhHMjsSL1s05cCiGXy//o/92yBvhSxgGZCxiydllMlyrGigU0vsWZ8kvdn00vvXtHxws5eU+oBAAAQtWgmZMxiPrEkWHGTeGuf3jQGkXGrnb9d1Lj8bK9Z9QAAAIhaNBMyNunzIiu/X7y8W+8Yg84TG5yuvsoPAAAAohDNhIxB7C79L6JS0SoeDf2s94FmGSdMAAAAYgfNhIx2+pzyLsnls47p7WIoeWOfvgkAAABELZoJGdWEqiVSWbN4ZKPeLh5M9utLBhKn5TEpAAAAiE40k5FKl1M4XMLhNtLl0t+N2lxoK21z+KzLBxSbXbTaRGu7aO/stTzURVxK6jW9VzwYeKy7jHV5hLE59K0AAAAgOtFMhjmdTuH29PHYcbnE6TbetX5EX0NgJZGMHPbsbc54pzL5ZGt+m33w5UTWktranqekt9r8arn1cYqap/p6tOL9a1z3fWi3Lo8wZS36VgAAABCdaCbDGZ+vnynXsp+EqhwOl3G7Kq3SyG/lQrc35KeGN3+p2iibySnZTIZw2qSxWZi1RKau3liVu797ZO3J1UuFyvh13p9MKbIujzAH8/UNAQAAIDrRTIYtrsimNMhh1s96fOEmYIjA00xHoZy8W7leNpNsW63N0X2iYxBpaOw5YSJTW+vrjOCSqmlH9FKhMiHZ/+030q3LI8z6y/qGAAAAEJ1oJsOTCGuJEtwxHG793TCcfbWa4Up2e62sJTL1XQ7ru5GnubVXM6lv9IcvXVKXK9zNgr8x6dyEwU41eWV3P5UPAAAAUYJmMgzpdwaFlfqgcyC1RPH4jM1Z92FwOd6SW9TRrF5vajgla8mi2j1DOWGi0tDYfUFXTa3P1d/P6PaKvSEu5VKRzeT+tW7r8kjy9FbR1d8OAAAAIBrQTIYh7oGcMFFUu7BOlI+ELCfWfRhcVtalbWw4pV4vq90vm8mm698OJTa7aGz2NzT52zr0nbeqs4lFp/RGEZzvvJFxz8pO6/JIMjFFtEVwLRkAAADGHM1kGDK4gjG4Tyl9TlYZRBbX7P1L1SY133129XbZTPJtjdZhg47Xp++51YG8vu/KZean00t+MavSujzCFDbqWwQA04HMjtTLNn0pgFgmDz8+92yBvhSxgGYy1EQyvXvYyVZj3ZNBZEVd2nuVG1rtHvl6atXm96s2NNvdLXZPeUebdfBAE+GfzMJT4SaZyNw+t+aH7+dZl0eYixX6FgHAdPu0cn0RgNjHf3GIUTSToWYQc0WGhcer78kgsqXhrDHl3e5otXvfq1y/qu5gYUezrChTqjYNcbZJlzOik0Ien3h8g2NC2Ae9j1vtvPEP+63LI0wyt+cCENrHJ+bpiwAAY4RmMqR0Oo2GMFaGPhU+s60qcAVXQ56t4d3K5IKOxhnVW5fW7i/taD03b/2hJ949NOHV/Y+81W4zTqoMKBG0EkNLl/+38+vGr/NaG0Vw/uGu1daFEWbKYW7PBSAkmgkARA+ayZAiu0EkUylGyNBnm9TZ7bKZ5NjqLrWVyRfXbLXvVq1Pb6tod/i23PFs8nfu3/69Bzf96PdtbS7rZ82sODNj7YUFwUvsLn1XQ8mv9/9iZvkD6zzWRhGcf7hrzfjB3jj4tT1j+b8RgChHMwGA6EEzGVIc7rH87/HGE+UtuzTQvF+14XxryZaGM8n1J6ZUpaQ0nFHXcZ15bcWJ/5mf/saGzPe3NpW0qsEtFTk1ae+3nfxzR9Ghji53Wl7qizvvfmb7b17cdce7aX9YeW5K8uUlVa0N+o6GtuCk/3tvX71/jcvaKILz6Ye337m83bo8kjy0QXRG3JQAJBqaCQBED5rJkOJ0RzSbYuS4PEMtJ6+WrtjecO690rWr6g6uqEtrtXvlwsbchvxFx1UKV54u2XC5ubxdLq8/t6hwxr+Uz/3/qhd+/HLB/vfSHn4x9c7nd/73G/vuezrlN+/snvB8yp0vbH7A7Y20Cjy3Q9z87LH7PrRbG0VwvvnqxV/OHvztuUqa9e0OiCyfLu9IhfM5wNiimQBA9KCZDCmyGIxpMTGOa+0ufa8GlNkVmz+oPvBG8YrpVVsy2irlknabp2xzRnczWXys6MOz9Vm15XtzOuwux+Xv2fb+Tdu2v2nd9P9OP/DE1EO/f3n33W/tG/de2t3Pp/x6xv5HJn7wX+OX/KLRVqfvaAhPbRVf/uPhu1fYrHUiOD+ZUvSdNzOsyyPMlWp9uwNS2CiSLo1INqSLc2X65gCMJpoJAEQPmsmQ4h676e8mb+8HL3Y5u2Pd2z5TZGucUb5xclnS6eZ8taThWl3B8lOyljTuWVm8an/hqjMdXf6K3dme9M+IKx9Rab/0v46fvXXa0d/NPv7fs4//9t3UX720/mcvJP306dU/v3/xzx9c8au5aW9fq07X99VC1oabnj74q9lV1joRnHFrXP88br11eYTZmsWT4AfJ4xUtdlHZKipaRVOXcZIHiDM0EwCIHjSTIWUMb8wVzOE2dsbl6TXpxe/vPqPSZvceqsmq67TvrbjUbjceqmgm91rRe3988ZWnn/rL+281tzk6HH57W1nTmWPVmzfbjs21X1lXsPSkbCm2Tl9HU6G48lGzmczb8/XKSx9fcPSXUw78+rmkH49b9p/3r/jhAyt+eP+K28Yt/8EDgddPrP2d1xfuDyi/wagNtzx/4gfvZlvrhJa/u33x+KR+buEVKjP3OmobnPrmEVanS5Q2i0MFIi2/JwcLRF7DGJ8nBIYXzQQAogfNZADpDNx1SkUtiZJmInejy9X38aIsJ1dbqt4pXHeuqWhpfqr2lJI185dOmvCozCsPP37x9KXOjlZv0RzP1bc9mW/6sl/3d5RW7swsWHHK1uFz1CWZtURm6t4fnz//uYV7v/fi+p8+tOL7j6/71SNrfvnI6l8+vu52+VXl0TW/cnvD9YFjRUZt+OqLp7/12iVrndDysV8vHbfaaV0ePn9Mss9dU3l89cX29EJ98whN1tqcOnG8qFctUTlSJBo7x/LGD8DwopkAQPSgmUQarYTIQzeHW18YnWpdLQ0O+76q9Epbe3L9sfk1qavrjqS3V7S2u19/9EnVTGTmvz3Zl/euL/NP3kMTvYcfFw0H5Gf9Xl/tobzC5ae7jn9dNK0QtkOidYvI/OsZB3/5/uZbt+/9t4mrf/RU8m9e2Xbf8xvvfHztr19MuUsWksfX/Vp+lbE52vS9CbL4tFEevvfOtZueTnsw7MMWZf753qS7VnRYl1vz8rr23R9kXFx5on7ZLteSTd4lG31LNvhWbeFoOnL5DeKgpZOYOVwosmr0jwAximYCANGDZtJ/OkM86F2WE1+M3FjJ6xOpFRe31Z55tzL5nUDm1ewqK697+aGJZjNZO/VP/pyXveef8aY9JuN3tarP2mvb8hcft5+8SbhKhHFixieu/v37u3761Jrvnz36Ly9tuv21bePe3jnh6eTfTtpy70tb7nlu4x3v7Jrw2Nrbx334izdOLlyWud0X4v5lM48ZReKn00tuevpg+MfAy3zxqbTfLW62Lle5f637jmVtf1zdtvuDK7XLUu1LUzyqkJhZulG4Ir1jWIKTf1vOleltRMvRQooe4gTNBACiB82k/8T6Edih1owpVZverlj354okVUvkiycLZ6/ev2HSg4+ZzaTl3EtGMzk00XV4UsXaba7Wru7P+0VZymXP+X8Q3us33y24tfbc31469g9XTvzDvP33/2XPw2/tHP/cxjvfS33o7V3j/7xrwospd39q4ff+16xbP/LuLa/sn3t9R3R/2mWUijuXt3/xybR+55D8YmbFf76dKRvIA+s8/72k5SdTi7764qkv//Hwt59NS5u+vWnBxs7FKb2qiCWirlHfA/SlqVPvIX2mdGj3YgaiBM0EAKIHzaSfxMT1WuEVtjbNr96lOonK4wUzHsx978m1k2QheeKu3z997yMfvPOkL/tlf9afvAcntldVF64801HccxzvqG/1Z/w/wne9q7SmqNkmaQf/7Y9JP5+05d4XUu6avPf3cw/94a1d499LffCp9Xf81Z9v+ejrN3/q7VtbOrvPvWi63OKxTd2t49uvp9/d35Va41Y7P3b7kn+4c/WnH94ux/9uUdP9a9zjk3wT1rrOz+ynk6j4T17Sd2Ikbboilp8dWDZmiIIBPKZypBQ26iWkz2RyQRfiQvhmUlFRcfI6/b0hy8zM1BcBQGKjmfSTOHCmsXBKVYpZS96qWCtryYTcd19dNu/Z+x7/n3sfeenBRw+t+KM/52Vf+gueEy/bbO7CVWfasmvNNfhdLSLzr4X/+nR2d6W6T9fmvV94cu0vnt14x2vbxi06+lTKhVfmHnxi0pZ73t754Hen/eAb73/3v2fd7vT0PQm+vkM8srG7dfxsemmYK7VUHljn+eqLp7/39tXfLGh4YK3HvPpLvlj6zg5rD7HGn3pkNJ+L6fKKTvfAot1dbazkNeglpM9crtI/CMSi8M1EunDhgvyan58vW4r+3hDIWjISbQcAYhrNJFy6+j6ojhnyKPedNPHl2a4vzfSY+eIMGbf8+pWp4qbJnpsmu780xf2V6e6bZ6h4bp4pvjLNd/MM/82zRHdm+m+eYe/5VkZ+O8N+0zTHF6e5ZL403f3lGe6bAq9vmdX5o2l/uX/ufy3aN9Phtuv7dF1WjXh4Q3frGJ/k+8nUYmsbiTC3vXWlY+F6axXRs3qbcDLVpH+59XoJ6TMZNBPEhQibidPplF1CfpV1Qp3rkEVF1hW5RJ1XKSoqkssvXbrU0dEhv1Uj5bCGhgb5Qi6Ur+W7Z8+ela/lB+Xr9PT+H/oEAAmFZhIu3hiZ4B7K7mxx41TxhTGI71heicvj0XcoyM5rvdrFfzx/wlo5Isz9a93zXljZOj9ZryKWiIqeE0EIpbpNLyF9JhouPAOGrt9mIruEdjWXXCL7hvxqfmueTpF9Q3YS+VW+rqmpkQ1E1Rg1WL1WZcb8FgBgopmEyyhe+zP8ulxi8iFrZxil7Ml2uzzh/vjWXOzVLm5+7pi1ckSeH09YcXXKGmsV0eK/kKXvByzaHOFuGWympl3/IBCL+m0m6pyJSZaN06dPy2aiTpWI63NRVNlQ50xKS0s7AjID1HJxvYrI5fLj5rcAABPNJFxiWkmzmJiiF4ZRy7QjxkPEw3h9b69qcdfy9nFrXNbKEWG+/tLZH963yGupInozWb7J3xnyAjMoPr/IqNZ7iJbTpbHd2wHTgJqJeQJEVgt1cZf5Ql2aJfuJeqGqiHxX1hjzW7OKqGu6gk+2AAi2cePGdevWNTdzF8iEQzMJl5h2olj8dKleGKz55lz/9kzPoxt91resmXfMuy/bc8ssfbk1T28N99/U3V7x5Ba9XTywrp8bB4fJhGT/TU/uz5jc/2kTX3Kqv7BM36FoJY/+bV3e6ia3Sn27r7HTeAS7TFOnPngYubziZIneRsxk1wlHuCv1gFjSbzMBMCby8vJkOTl16pRqKcr69eupK/GNZhIuMe1AnvjuAr0wWDM+yVfb4lpx2mt9y5rsanddq+sHC/Xl1vx+oygI/fgQu1s8nqK3iyHm5zPKFr+wTO8h1izd6Nu0TzjCntCJDj6/OJ/TOWtT3WPTS1XeTmmbfVSoLD6ljx9eVW3GiRFrLZGN19HXg0eBGEUzAaLWzp07VSHZtGlTfX39lStX5Ovk5OSLFy/qQxEvaCZxm3nHxU3T9cJgzS2zRHmj6/0DETWT6Ye91c2u/5ipL7fml8uNuQqhtNrFQ5ZqMcQ8sM57671L7ZHcpEtmzQ5/RfQ+j8Pp9v9pceV3n8795D1Z/3pXppmfv1v3h81CZdIu/VMjodUhzpSJQwVGTpaI5uuPtAHiBs0EiGZZWVmqjRw5cmTLli0ej0d1lQMHDuhDERdoJnGbdw+Im6bphcGaG6eJknrX0lMRNZMXdvgqm1z/MUNfbs13FxjPDQyluEnvFcOST92XVDZznV5CQmXjHn99lJ4R3nSk+fPjr95wd08nUbntzepRbiZKp0t0OKPiWSvAsKOZANGpuLhY1hL5YvPmzbKKbNiwQX5tbGxUL5KSkvQPIC7QTOI2D28QX4ygmcisPe/Jr3VFMviJFF9+rfsbc/Tl1twYmAQfyuYreqkYeiYk+b712uU/P7VEbyDhs2G3/9RlYY+KS/f8gSu41h9q1k6VmPnRG2PTTIA4RjMBolBLS0tKSopsIKmpqfJbn8+XnJwsvz1z5syOHTvUaZOyspiZNYrI0UziNt9fGOnDTO5b6ztT7L5tkd/6lpZXUr1VTa6vRHDOROYPW/q+fZPTK17rfWOuYcm41c67V3T8438tbovgwSZ6VqT4j5wTtpGcVB6Cxyfy6sWOq2LOMfFyqnh6o/vT465aO4nKD16ppJkAw4tmAkSnjo4O1UD81w8mdu/erZZImzdv7j0ccYJmEp+xOYwJJNa20Ge+M9+/+pzn4fX9N5MZhz2FdRGdXZG5b13f1/9UtIrnd+i9Yuj59bza+z50fHJCSs60tXrxiCQrNvsPnRVdo3ryRHaSA7nGY2ee227czUz2jV9Na7YWEjPfeqGMZgIML5oJELXUdVzFxcXqW4/Hk5SUpJpJSUlJ77GIEzST+ExLZ0TT3838arm/qsn1xf4+crrIvSvTc2NkzeTb84TXp/+FkzZniieG+8Zcdy5v/+JTaQ8m+2U/+e19c/TWEXmWbfKt2ebPH/GndZQ0i1d2iyev1wyV/5rZ+vmHcq2FxMy3aSbAcKOZANHs9OnTqops375dPRdo27Zt8tv9+/frQxEXaCbxmQab6LdmaDlR4P6fLeGeavLNuf6M8n7GaOnzYYtv7h3+G3N95tFdP59Rpl5/+sHNZ95b7VwU2U26QuWDrf5Tl/1lNcI1zLfI9fmNewM8taVXJ1G59fkyaxsJzvdfopkAwyx8MykqqZk2e5PH45WvDx1Nnz1/izCen9i6dOXu5E2HzYVXsoz/pqsWdgZOvc5btG3XnjPC+K+8XrmGkrJatdBc2/Q5Kebaps7aqD5lbkKO2brj5MKlO9U+mGtTC9XazH0AEo3f709OTl6/fr3+BmIfzSQ+U9tm3HTLWhXC5NntviN57jBXar2a6l133vPDCKajmGnsa+LGn3bpvWLo+ffH996xtFW9/smUwmcfW5Q7uGu6grNys2/dLv+la/6mVv1nGILqdjEpVe8kKjc/VWxtI8H51vOlNBNgeIVvJhs2H5W1obS8Tr6ev3i7fO1wuA4cuiRfyJgLV601/vOtWqhainyhOkZxSY18nbL1uDlArq25xaZem2tTnzI3IT81a95mtQm1D2ptamHw2q7vKZBYysvLmWoSl2gm8ZmiBr0kRJKdme4Vpz19zpt/OdVb0eSK5K5cwSlu0v/CSdanvw8x33/n2u8WNwcveXr6wVvvmls9J0kvG4OLcYnXdt/e4/6Tl/y1jUO50KusoOXAtqIDqzNmrm+wNpMvPJJnbSPB+Y+nimkmwPAK30w4ZwIAo4lmEp85UqCXhEjy21W+knrXHR/6tTMn/7XSl1PtmnUk0hkmZq4a/++pe3ijXi2GmM8/vuf+Na7gJZcuVr795oYXJy7UO8ZQsnSjb8VmX3KqL/WoP6/E7+zrSrUw/H5/dmHX2j3ty7c7lm6uW546fVOz1kxufCzf2kZoJsCICt9MAACjiWYSn1lwUi8JEea2Rf7TRe7MSndejZH8WndutetUkfvOD/19nksJn325+l+4sha9Vwwxv5pT/c1XLwYv+f0G0dzpF3WNuTOT/vDw/Kwpa7zWmjH0yKKybJPvw22+rQfE5Wxj0nxLu3A4e/20Hq9oavEfu+DbtNe3PEVbg3vJpmVJFc+luM2y8bVnSq1tJDjfY54JMNxoJgAQPWgm8Zlx6/SSEHlumiZunim+MUd8f6Fffv3a7Eif2GjNZMuFBrKrWNvFUPKv928ct7rXCZNHNwmbKgh5Ja4lG8pmriuZubZ53sAfcjLQyKJinFTZ5d96wL/9oG/9bt+qLb5lG/VhQXEt2VS24sCkTQ5VNn76bv2nxl2zFhIz336RZgIMM5oJAEQPmkl85sdL9JIwiAziJImWZ7brf+E2ZujVYij59by6m54+9GCyP3jhxBTRpa60crn9m/d7Fm9wL14vv1qLwYhk6caeWN+1xLNk4541Waps3LOk88tPFFoLiZlvPEczAYYZzQQAogfNJD7z5cge0z7S+cYc/S/crGN6uxh0bnnh1N/+bN4Daz3a8j9sCXqOit/vz8r3Ld9krQRRleR1hapv3LfMbi0kZm57tYJmAgwvmgkARA+aSXxmQI9ZHNG4jJvQ9HhumJ7+/qPJBZ99NPW/e9+SS+WdA722aHC5RavNf+6Kf/dRX9Iu3wdbrd1gNNOwfH3BrGXOeWvMJfs/zDArx/deq7Z2EpXvTKqkmQDDi2YCANGDZhKfiZ5mYg96UKHbK57YrBeJQWRCsu/fHt728xnlE5J81ncXne7ZYg+/X7jdos0m8kv9V3L9h876U/YbM0MstWFE41283r580/xX33h+3PiCSVPNafGTF/XcdGv8SvsXHsq21hLjnMnrVTQTYHjRTAAgetBM4jMDvb3vyKXF3vO3rb7DmJ5u7RIDzece2/2dNzKsy1UuV/VsMSR/oKt4faKjSzS3ivJq/8lLxpx1S5cYtixe3/jOgsKn3r48fcl3v3nrd279xppX31ZzUda/ue/LTxT+IaW7csgcz3X94Jk+7iD8y/dqaSbA8KKZAED0oJnEYa5U6fVgDFMZ9Pz0q7XioQ16kRhQJiT7P/tY6jdfufDg+l6z3oNTZ+vZ4oD5fMLtEV120dwmiipETpH/bIbv8FnfgVPdOX5BLvFfK/CXVvlrG0R7h9Ft7E7jfsEut3GbYLmGNpvIKzYezhgoHu4FSR3TVxb9zzsFz7yX/fKcc/O2/OQX9/zwu7cVTl7gXbKhcNbWz9+b8alxVx9e03P74N3ZcjX+1g7vit2N338m76uPZd8SyP1zmyalGo+Ql3kvTd93AINAMwGA6EEzicMcK9TrQfj8bJk84hePbBT/Mat7ya1zjW/vWdN97uXny8TvPjBe/Hql+P1G457C1pWESvAZjCOFeosYUMYn+f5rQf3H7/zwnlWd1nfNdPR+psjgeb3C4xEul3C4/HaninC6jCVyuWwgoR4GL5d7vP6CMv/2Q75Ne21Ju+qWbqhasr4p9ei+PcWPvZt7yz0pLz881bUouWV+yqrXDtxwV+YNd2eOW243m8mH57vX1OX0FVU5951vSz3TKnM6z3WpQqhk1fTaJoDBoZkAQPSgmcRh5p3Q60GYPLNdOOVhtt+4vqmiVXx9jthx1XgeiPzW6xMZVeK3HxhXYXl8xj2vHB5j+Xtp+krC5IPrB9nS0jN6i4g845O8N4zf9KmHto5b7bS+a+aNvT2bG3uyovjM24QZmto9z8wr/9e7Mve9u9u7ZMPLzx770rh0daXWD16vMZvJ2/uDPwRgBNFMACB60EziMG/t1+tBmGTX9fxtkP3kgSTR3NWzRJaTtRdFp0vkN4hrtd0LX9ypryRM3j/Ys7bJh/QiEXm+/861zz668xczy61vBWfFuZ7NRSFZVVJPt8oe8qdnjuXO3PbN8Zc+cXf3HJKv/rHkietTTZ7bYVwXBmAU0EwAIHrQTOIwsl1YG0KouANHwNuzxOZM48Wlyu5rlOTBcW698aLVbpwqOVvW/TdmX+7AHgk/bl33B6Wnt+pFIpKMT/Ld+OSB77yRPqH3ExX7TElLz+ZC8QWmvssf3OXxyx/N4RZdLn+H09/u8LfZ/a12f1Wrr6jRd6XSe6HMc7zQsz/bvfWKa91518rTzkXHXUtOuLZdcZc2+eTgUNdzheFy+297Ns86u/2T92Y9tt5rnjYpa9Y/CGAk0EwAIHrQTOIwt6/Q60GYqGay6rxYfMp4sSdHHq8bLzpd3c8rzKoRXW5xothYIrl94t61+krC5KdLu//zvzyIfyxFLxL95rcLGz77WOpvFjRY39Ly0Ab/M9t8p0u8xwo9B3Pdsk5su+LacMn94VnXslOuhcedMw45px5w/HmP4+09jrd2O95Mdby+y/76LsdrOx2v7LS/vMM+abv9pe32P22LNC/vcMw57Chp6nW9ViS2HW81T5UE53dz2sxmIhugM/A/BIARRTMBgOhBM4nD/GSJXg/CRDWTZWfF3BPGi/XporS5Z2p3h9OY8yA7SbtTfHihe+GUw/pKwuT7C7uPsOU6f79RrxPh8+MphZ+fuPtHkwv6fG5JcB7Z4HsyxfPcVucbqY43uiuH/dWdRl7ZEWgdO4zW8ZKlXQwxsswsPuG0OQZ26qSo2vm5B65am8mP/lw3caNPNZPVF0Rjp/5BAMOOZgIA0YNmEof5xhy9HoTJ/BNi+hHxg0Xiq7NEWr742VLxHzPFb1aJY0XGWZSvzRY3BuaKzDxq3Kdr6hFxplTctkhfSZjcMkt0BE62NHTodSJMHljn/fzEPbfPq7l/jcv6rpZHNvqsnWE089Zu+87MwA8ZsUemllqbyRceybtzQYdqJs/vFBcr9E8BGHY0EwCIHjSTeEujbWDzQH661Phv806PcHmNNvKl6WLqYVHdHngIodO4c5csJ01dot0hbltszIOXI59I0VcSPvWBB4xcKNcbRZ+5Z2XnL2dX/mRq8fh1Xuu7wXlko3g8RfzPVv9ru5yv7nS+tsvxinFdluPlHY6XtxtnM6wVYuTy0jb7meIBXH2VV+H4xD16M5G59fky84KuVdE9mx+ID7dPK9cXAYh9qZeH8nQzjBmaSbyluHFgD4DfmtXzt8HhMR5dUtbSczVXYaPxqBO723i99pLxEEP51tzj+krCp7jJ+Hhavl4trLl3VdfPppf+YlbFA+s81neD89AG8eoe8ZdDYs5xMf+Eb+YR36yjvumHPVMPeSaneSYfcP/lgPvPe11v7XG9tdu4xCvQXlRvGdhkksiz5IRTzcyJhMcrvvZ4trWZfP7hXPNh8JMPGfdoBjCiDmR2cAQDxBn5f8efe7ZAX4pYQDOJt5wtHVgzcQXmmZwq6b526Eypcesqacoh0WI3XlyuFM/v6F64L9d45smiU/pKwudgvvHZ1Rf1dqFl/Drv+KR+zpOo/GhywUtbWhecFJFn/knjujUzcsm8E/45x/yzj/pmHzNazayj3hmHvVMOeqYcdL+vis0e55u7u0/FRFhmsmsGcK/fxTsarM3khrszH1jl7L6ga8fwPTUSAAAg6tFM4i1bM/ViED7avbnOlHWXkLIW4+mK0uECo1RIcvHOq8Zs+IE2k1WBhy1OP6oXjAFlQrL/d4uabn3lwucm7n51R5e1e4xaZLGZe9wvy8yMw25ZWoKbycrTA2gSXQ7f1x7PsZaTn7xbr5rJk1uMuxEAAAAkCJpJvGXNBb0YhI9qJivPdTeTrVnd126p64hkOXltjzHPRCpvEZk1/3975wHe5HXo7yZNb+/t7e24bf53hRnCzmzapEkz2rSk2QngyQaD2TOssMPeBsz03gODGQbbTGP2MMZ7772nhrW+//n0gRDnSLJsy7Ik/97nfXhkWfq+8y0/58dZfAtpR5PJ3mv817depsOG8Tr6SD76Mf3/nIIHTjnl7NXodo1OCz3i/ng+n6zUCiebYzowSxdJgM4/5g1wTKaSyZ8WF2mGmtzDIHgAAAAA9BqQTGzNtdF0MDDs3SK+H9e0UO4bL376rJkR/MCSoAR+JfjEMu4LT+61nfzyizcLuLf2cNfy+M90aD0T4oooPueQf9nIYcAJgcpROwre+eHB/zoE9Z8Y8cmWnHH+cpcw1Z44OiH0rPuvc3uuyjdES4Vw0qH+V/czW5035lPJZNCE9GlBj5dc9H0yUzMAAAAAgM2DZGJrLjpFBwPDOgZwzoF86hixg1/3/e09/PRc7x/gFp/m3xem+RoXyI324V+QTEI+8+ZueiOGnX2Cbx/oUDL5an/Vq/Ov/v47r199fvCNhfFf7q8cH6BwCeN+OM8nATYe9KzuN7h915SrzvKNJ7WtxreacA0tCvfIKiqZ9HVImejbJiST3XGPO9cBAAAAANg8SCa2ZocWgDePY335PmA6k8mEIJVa5XeH699cfON333n+4h97f03SyKJr3x6uG+cvI78VPjk5hK+ms6nAcvS4za09KylpMHp+LjUiiXLYhFQqnHy2rVZIJt+fedy5DgAAAADA5kEyMYEXs/hxGiY0OoMrqaf3YqRv7aGDQY/7ofvj8SpsLLHzaP7ucN2Yo412ni0O3mJnvzady71PC7P0WCJ48IYqv7ZjyYSwL4JuNnlzbp5mqEk+BsEDAAAAoHeAZGICi+q4hyWmNKeaq2+l92KMjSK+LxabDXrWN3bx4+w3XqDzhhBOJgSRKPK4YUSfK6LoDGCxFtZ1uPdVSr6kr90zyeSVSemaZPIAg+ABAAAA0DtAMrEpq5u54ZaXTIhNUm7PNTpvGCmJJRY4tkSfoYmdWR7RaUMe1WzidEwsJBN/9ZTNAAAAAAA2D5KJTVlc17FlFs1maSNfZWdTh2Enh3BLTtNVfwvX/TpX3tThYevJ+WKq2eTDH8qmBMhJMll2lv4wAAAAAIBNgmRiUxbUWmgyyavhTibTwaNdl5zhdl6lq/6Wb2IpJ5XTT5phahrkIyc/Mw7+tZm5jkdEM9XrLUowCB4AAAAAvQAkE5syLoeOBBbiozLuYSkdPAy76LQ1deLS9ngS30bUURa5l1Aduj5cVSZ06LqPoSYAAAAA6AUgmdiUHV2d3Wxez+dapHT2MOD8SG5/PF3jtxY97nRm7faErNb+Ds+sBz9oQvqMMBW/qslV+sMAAAAAALYHkom5vV/Mr6feTZJaLJsKLMFTqZxUwU0KoROITieHcNuv0NV9K/LwTS4+n37S2qW6QTZ4XIp2MunvmDLZXyasaqLo8FzEAAAAAABWBpKJua1t4aq7zVFH6UhgIW69xDVLOdfjdAihnBbGbYjl9l6j6/pWZ0wm/aQZw8QtBVSHru/cmkgymR3BZVd3eFQ9AAAAAIB1gWRiO9a1cm/vpSOBhbj0LFcv5lYyiy1qOzWUWx3N7bPaTlzaRmfQT5oxbPQrH+j0TIeuv62rFIaaXM7mRG305wEAAAAAbAkkE9vxYiY3wiIXMyGO8eUqmrjcWm5KKB1IJqq7b62PtZFMcoBfCZ67kkM/acaQWSR22JCrnUyGu2TNCOWHmvwYiyUXAQAAAGDjIJnYjkml/GrrbCqwBEnduqaVv+EelXEzwrlJ6kBC/p0dwc8LbDOZRNDrLpdQQj9pxqBSqTzO1mgnkz52SRN92oS5g3fHoUMXAAAAAGwZJBPbsVHENz6wqcAS9HvAidWLcsiVXFgit+Uy33dr3kmrXK6kXYMSuJwa+kkzkhspLdrJhDh6Hz/UhLjkdIeXSQEAAAAAsCKQTGzKmhZu/kk6FfSsw7ZzGy/SVWqliitu4Nxv0HV62/BqDj9FcueQSJVDxj8zQ9e7S4qFZEK8nkd/HgAAAADAZkAy6Yz1rXzt02zeyOeaxXQZDDhp4uT33v2zhWg3ZqxCoaDvOzW1rdyx23S1vrvdH/9Y9+tqb+jwYBciE9lmVQvX6V5XJLN9vCBTO5n0d0pxVa9qQlx8CtMHAwAAAMBmQTLpjFXNnN998xn6kGvqUDKZMPG9P/3RQrT77lu5XHcnJJWKq2jmIpL4Yzxyi67ia7vvmoroFqfae1W556py9xXlrssK4s5Lih0XeLfGyAU3n5cRN51r2xjF++NZ6YYzvCvDRctCW4lzvBqIC/0aYzOU8XncrUJ+VcT7JVxiKZdSwZtZxeXVcX736DIY6aGb/PzInYack69W5jzTocsuSVjVRLCsif4KAAAAAIBtgGRig1pCMvnrB3/5+8cffTrqs8kuc0vrFcUNXEEdl17JDw2/XcjF5XKxmVxkChf4gB8vTmrzO65wa6O5BSdV787Pe28h79uzs191yRg2Of2VCamDxj/25XGpLzunDCQ68Q5wSunvyNvPIVmwr70gP3ac+EwV/4mDxqXGJbUaaNZokXJHDSYlA7pfV3ZxNMiCA8VUgT/bWqtJJodvYhw8AAAAAGwTJBMb1ITJ5J//+Pvnn44ijhltN9p5pv30H8bP2zThe3fXH0Onb49x2XN9yu7bU/c9dDmUNv1Y7kyvwpm+FfNDGueFieaGy2aFyVzD5DPDFXMi+Dm4BGcd59XUs1nfX17S1+GZgRamdZ1fRUZJO40aubV8pyw2dRjjpti2ZmmXosOR09VUmUdMz9acH3IyM6vorwAAAAAA2ABIJjboyZNnTujxavyduOs6vPcgOSU9hzU9uyAju/Di/cL5/qUzfCpd/etmBjbMCm6ZEyadc1xBkgYbLbqo/eHWwZMy2ERhEgeNSy2vk7Xb5nAjn84bxrvunLRR3N4ODOIXW0sXe2K69ik6lUJ/BQAAAADABkAygYa8VcBtvkiHh+7W6ahIX0esrvi2a0ZBpVHrqAcm0HnDSPddUy0/Ja5p6VIyiU+iJw7u75Q6Xb3eouCCSK5OvTgMAAAAAIAtgWQC9dog4tbG8F2w2PDQrc4IUw0cl8pGiy66J6Ja3m5ziXoMutcdOnIY6c4rymWR4sqm9vdigPuZrVTJ+zumTAtSaM7PrON8YsQkXQAAAACwMZBMoF6P3aIzg9n8YnudCZtNPlmSE3atUWlcVb6imc4bxrvhfNv3J8UlDcbtSQ9pheL+Dsna5e/nkDLJ7+n0XMSFkfycZgAAAAAAtgSSCdRtTQu/RjubGcyja7jq9Vm5bMbohF+uyGmVGBsVVCp+0jA2chjp8tMSkkyyqpSKLrSaZBVLBjo+k0z62ieP95ZSp2jWcS6/lv4uAAAAAID1gmQCdVtU1wP9uLT9dHMNGzM66gDHlKjbHVgBpKaVC0uk84aRul1TLY0Uk2TyqEQh0722pFHklEpfdn4mmfSxTx7nKWFPUUQSH6UAAAAAAGwDJBOo26i0dqb37W5dw1VvzMnra/9MHb1D9nNMuZ4q7lDdPS6XX1yFTR3GuO2inMQS4vVcuVjWkb0+C0kmg5yfmTe5j12y8zExe4pIdPS7zxXXc11cQQUAAAAAwBJAMoHPeC2HW32e78fVs7FEcEaY6sud9WzkMMaBTilZpe2sW8IS+IDOG8a7JkoqJJPoNHlXljRJL5RQ40z62CU5HhGx50dwVgQ3/yS3/3qX1p4HAAAAAOhxkEzgYxtF3KVM7vszdMXXSF3DVa5hqhmhROWMMKKKSN5kP9khpwUpOjFP15DxqUsPl8qNHV3yGJmCO9LZpd9JMFipHmRCPJEo68qSJqn5YqqlyHAyEZwTwccqI+YeAwAAAACwUJBMIJdfw13I5Bafpiu7BpwRonQ60vrF5qpP15WNdMkaND5toHPKAKeUfg4p/R2SBzim9HNMJj++PC7t5Qlpf16U/7d1laP3NkzylnaiKcbZUzLAuQPhZOTU9MwSqazjg9AL6zn3G3TkMNK9caql6lhC9L/bVtfa4b1ruJlMr2diTDIR3HWVk6BnFwAAAACsEySTXm2jmG8lmHuCruDqc9wx0Rfbal6bmdPfMaWPXYdHgPS1TyYZ5r3vi77dXuMS/HSBjnYd5yHp5/jM0At9vjIuJb/CqOUUWS5n03nDeH+MlgmxhHj4urS8C0uanIynO7AZn0yI5ILm19HbBAAAAACwfJBMerXhj/heQGztVqdf7awfMT170PjULq40QvLJ4Alp7y4udAmUs3vRqWs49+6SInZTrCuPlXa8seQxJ5LpvGGkbnHK1WcfDzIhHoiTFtR2sCeZFh5R9KRkHUomS85wJ7DUCQAAAACsECST3mizmCuo5Vaeoyu1Op0eovzHj1UDO9Kfykj72CUPn5pmf7h1qtYC5wb84IeyQRPS2e1o/PviLJG0k5FALOOO3aYjh5FuiJYJ8wUL7rokTSnr/LTBy46UsCfK2UPHrMH6nHeSa5LQm+0cYpEoNjra38fHz9vbsDeuX5dITLRXAAAAAPRKkEx6ow9LOLdrRs2+5XRUPGpjdYeGeXTIPmOThk7L+nB1+VQj2k8m+8n+uaWmj/55hLeHVHZojmBt6sXcwc4OMtFuMCFuvyBJKO58Mpm0tYA6rr561jMxYGIpvdlOoJDLL0RHsyFEn9evXVMqO5kMAQAAAACQTHqXjSLO+w4/zyxbl6Wc7C97e2F+JwaTdM6Bzqn/2FTtGk4Xg9XZQzx4Uga7hT/NTDd+rXeWO4V03jDSffFPx74LboyWxOd2MpmQZPXJ4izq0EgymeRDrwFv2EM36S13lPr6+quXLrHxw7AP7t1rbWmhtwWABfP5qeYXp2dCCG3Ml9YV0087sAaQTHqXa2PoKizrlED5BytLu7LEYacdOSPbJUTJFonSNVz1zy212sNdRk5OvZveSt/dHSGosyuZbLuo0I4lxB9Oi88ky+gdGIdCqRo+kW6h6ueQMtlPxp4HAy45Q2+5o9y6ccOYTlyUx0NDU5IwzAVYE68ENrF1GgihDUg/7cAaQDLpLVY3c6dT2m8tmRIgf3tubn/jJsIyuSRsfLq5hpSBLRilMPpl+LQsoVVnvW95bWOXpsv1uktHDiP9MaaNSiYrTosjkzqZTJpaFX2ZCQbI5XAxbiiOxtkRXGf7tT3m0oULbPBo19CgoHt379LbAsCCQTKB0Faln3ZgDSCZ9ApTyrmFp9ofWPLFttqeyiTakjI4HTVqKirXcNUk37aP11QUV3cyCQhUNNF5w3g1CyxqG3ivkzMXh1+lpwwmDnBKdQ3r8JqVsk52KHvMhdhYNni0K0kmd2/fprcFgAWDZAKhrUo/7cAaQDKxfdMquPkn6Wor5ZQA+Vuzc7o4HbAJJXVx52Nitpw63XqJH57RFS51diWTPVeV1CATwWM3pJ0oUlmNbOp2evg7cdiUDPaoDbsokt54R0EyAb0EJBMIbVX6aQfWAJJJz9gkUnbdZrGK3TLrpot0tZXS6Zj4nSVFlhNLBN9dUsQWVad+9+nbuqNEptCRw0h3XKYHmQgevCaVK5QsKoN55crDZnb4O/Gt2bnsURt2TTS98Y6CZAJ6CUgmENqq9NMOrAEkE3OblVMYFhzCVuk6YYCvb9yVa1nZBexeBJvE3NbLdJ31WVUfr6mwtEyi8W/rKqYaMebkbhF9W3eINgV3+CYdOYx0TdQz8wVrXH28wtfbl71kgX5+ZyIjqyoq6EKomb9Pdz78y/IS9qgNG/6I3nhHQTIBvQQkEwhtVfppB9YAkon5bGxVpKXnspW5rkvSDru7lHJufzxdYdV2WqB85Ixsth5sUQ6fljU9tJ3Zuiqb6du6Q+TVcu5M5DDS5ad0DDIhroyo05lMBP19fEqL6dkMW8XK16bQs3IJfrWjlj1qfS6I5FZEcYllXFol96CEu57PxedzV3Mee6OAu13Ir3aSVc1VNRtakBHJBPQSkEwgtFXppx1YA0gm5rOssv78uQ6sW2e80edj2N3ti29neMnf1pSZbbmSTtvuIoNzTnDN+qvX7SJT8NV3NnIY475rKjaTCC4/0WggmRBvXr9OlSS7RDrQSfflGLu/iT1w1tkR3LoYzvseF/yQu5rLD565mM1dyKK9mMW/fzmbu1nA3Svmcmo4sa7pA5BMQC8ByQRCW5V+2oE1gGRiPm/evBvga6i22hUbW+Xa+wpPpKut2n6zt3G4i47xDJbpcJfsGaF6Z6b6/ozuirWRlDZyYYl05DDSjTEyNpM8UeTj7cdeJo3+Pj4KxTOTZ+0KrWSPXXCSt6FsRgLJolNcUAJ3PoMOIcZ7LY/LruGapE/nGkYyAb0EJBMIbVX6aQfWAJKJ+YyLu96JpeuMtKFFptlRXStfVWWrsILTguSvTEy3/NYSjX3skyd4610BfWUUJ+3CQibplZx3p1YycYtTrYmiVzLR1tsngL1M2ra1PZ1ZWKnk7NbmsscuOD1I72Cb+ZHcwZtcRBIXm0mHjY56OYdvRalp5ZTqdIJkAnoJSCYQ2qr00w6sASQT89mtyaS+uU3YCz/q/RJdf9U4wUvy8vg0tu5r4b4xJ489FsFV5/kh7J3mRBJ38AadOoxxY4x8aSSdRrT18A1nL5O2UqlUU4z8cunLerpyDZ+Szh71THU3tkM3uXPpdMDoutfzuaoWJBPQW0AygdBWpZ92YA0gmZhP8yST4AS6CqvxW7fGvg66q7+Wr75mk64kE5mCO3abjhxGuvKM7lm5NB72O81eJm21k8msPUXsIQv+cWEhdcjzTnKBCVxUGp0oTOhF8m9yw/Ho22yxDYtkAqwOJBMIbVX6aQfWAJKJ+TRDMmkS8+Mu2Oo78etd9a9MTGcrvtbip1tq2IMi/nCu8725JPJONpjsj1cZbjAhHvKPYi+TttrJ5P05GewhC47aUE4dsvsNLpbJEt2gKiZVHBgSwZbcgEgmwOpAMrENM8vbiOz7Bnx3dX7kvWb2fWgz0k87sAaQTMxndyeTehHncZuuuAt+vrVG50IZVuQA59TpITqmD14QyYmejtfoGLeL6MhhpNsv6V5gUdsDARfYy6StJpn4x9axx6vR3r1Zc7BzIviR7kyE6E4zlScvJfoZfd8imQCrA8nENuxEMoE2L/20A2sAycR8dncyWXWerrULfrSm3IrGuxvQ8ajINVzHJF2VLfRtbSQhD+nIYaTrzukd+77sROPm0LRdQbc9fdtZT1NIJvXN8hGTdC9jQuzvmKI9/J1cYjo5mEPV6VsFIZHtBC1BJBNgdSCZ2IZUMhm9u7i0Tr4+ojrgeuPVtFbhzRaJcsC87OomueYz8Rki4bVcqVroVxH9qGV/dB27cWil0k87sAaQTMxntyaTivq2OSfoKjtxeqhq4Di9FV/r8rNttTqbTXJq6NvaSLzu0JHDSHUOMll6onVjaKZ7QIynb6gPPzFXO9eaJBOZXHUpoamfPX2kGodNyZihdcibL7GxwRzGpsvP3C0zpuUEyQRYHUgmtiGVTLyuNLRKlcLrBpFCeFHewGcSkkZIJnnx2WQifGbs3hLNO9AGpJ92YA0gmZjPbk0mWy7qaEyYGigf4GwjseQl9Qxdzh5i9jDPp9O3tTFUNNN5w0j3xj0eZLLsRMua0KpDR27HrTx4f+H21Nnrg48cYy+NPkkyOXam+t1ZekeYEP+8pEj7SI/eojODOT17r8K/vQV5kEyA1YFkYhtSySS9VCrkkBfVTSXCC5E6q1Q8eV87mQjf1X4H2oD00w6sASQT89l9ycTLJ2hhJF1fn+wv+2htBVvZtV6HTcv61k3Haujed+nb2hhSKujIYaQ7Lyt+CK/d4Zt56MitC2s9H83dnOG6JnPGamLEgSPs1dGnSCx1WJ830NFQR7u/b6jQPlL/+3RaMKexGcrQyHamEkYyAVYHkoltSCUTEjA0yUTTeHLmQTO54prOXUgmNi/9tANrAMnEfHZfMlkdQi/3MSNMNWxqhrWPeqfsa5/88ZpnauqC8092ZuLg0yl05DDS2J0nU2Zv0KQRbaO3urFXR5+HIssNXyByvBO9nrYRzY7gorph9ZIOGZPWFhQayR6LRiQTYHUgmdiGJFrkVbXN9ionDpiX/Ze1+eRHapyJpluXIJKJzUs/7cAaQDIxn2dPn+mmZMJW1gdNsOIJgg34xpw813D6YImZlY9XLjcSmYLvGcWmDmNMWrCNzSSCN1duZa+OTnfuCx5gsLWEONA5dXro00EmK8+ZYKH3rhud1OTv68cekSCSCbA6kEx6iSR1pBRLSW7ZEFGdXiplPwBtT/ppB9YAkomZbBarggIC2Jpcl/XZFXCNqqbb7Wtkq7nG28cuqZ9D8uDxqX9wzXTYXOK6v2KZb83G8IblvrVzD1dN3l32ydK8oRNTBzimsN/tbkdOz9Y5PVfgA65RTN/cBqgX8Quos6mjXQ9dlepsLRFMWLyRuUC6Hb88hj06yrfm5Ggf448X6JDQM2aqQvl5unRnbCQTYHUgmfQSd0XVrgiuEl4X18pGbS5kPwNtTPppB9YAkomZvH8/ka3Gdd1NQYmzjj8zXdU4D3Ff+3b+M16ff1mQ/b13TcBNaWSi4lyaiq6SahmdrjqdpDh2VbwyoHbUivz+5lpafuC4NNcwHclkVgTnc49TGd1sklRGRw4jPXs4jg0kGjNmrA709GQvE+XG3eED7BPZo9OWXMQvt9dqDnDZWf4A2QvRI8akik9cTGCPyw/JBFghSCa9x6omfl3eykb5gHnZ7G+h7Uk/7cAaQDIxpU0iZU29qLy6sbzqqUWl1efPRbN1uK7r4+M/57hMu4LuEqzo79Thpoy3XDOm7ysPvCWNzjCURvQZk8GdeChf4Vf72Q/5hgdOmMQZupLJTPUwjKIG+v7WCckv4Y/oyGGk91ccZAOJtif2H2avlLaeHr5vTr7LHhflhytLp/g/vbhu8dyZNPrM96CxGYqgsFPs0SGZAKsDyQRCW5V+2oE1gGRiMptFypS0rLhrN85Fndc2NDiYrcCZxIN+Z2Yef6aa/unmaraOa9jXXTI8ropPJsq7OIYhKlVJss3oH4vYXZhW7aEXlKdS6PtbJwol3/7Apg5jfLhoK5tGtD2z6wB7pbRdvT2in/0j9rgo7Q80aY+o8bvPxXTtApnc49G32aNDMgFWB5IJhLYq/bQDawDJxGSejjzNVtS61ZUhJZqaq2u4asiUTLaCa8Bhk9LczrfEZnamnUSfJN743ZD+cVbHStIhXYL1JpPZEVxmFX2LszRLuYM36MhhjIdjy2+v0Dv8XfDa6h3rNu1ZvXHXsaMe7CVzXh77itND9qAoh09Jn6WVOeed5M719KxcrDEprQEBQdQBIpkAqwPJBEJblX7agTWAZGIas3OL2Gpot+rhE6rdYPLRD6VsBVefr4xLddhcfCZZyVY3TeL5NNUS7+r352ezu+66M/S3mRAXRHJVLfRdTnGzgI4cxnjwSovHiZsXN+1h04i2u8cueH7ImOcGj/7VG05zl2328fLSXLKNu8P72rXfWkL8cmu19kEduEGfYQsxIvYudVsimQCrA8kEQluVftqBNYBkYhovXrjMhodu1d3vnKbmOi1YMWhCGlvB1edSn5rA221sRdOEnkyU7zzTbPKR8X3sk/WNM9EY8MDQDMJtCu50Kp06jPHQxSrvkKizuw6waUTbv70/+SeDRwu+9P6k9Vv2aC6Z3fcX2SNi7eeQ7OLzzFL35IjYM2wJnrlVSN2WSCbA6kAygdBWpZ92YA0gmZjGAF9fNjx0q/PCn1Ze35yVxVZwddrHLsk9tpWtYnaTpx4pBk9IZYvRaQdNSNc5Nxel/wOurIm+1wXuFnEet+nUYYweJ24u3+D28XfzM5g0ojHUcfHzT2KJ4HODR//p6zkr1u/Yvi+kvxHDS15SL3Wvnb6+P8PFMifWIsxURT2opm7LkMBAJBNgXSCZQGir0k87sAaQTEyj+ZOJZhzCjFBVP6ObJr5dV3g+3ZQDS9p1/rEqE07YNWRKps71TCjnR3L74jkpPz8kzZk0zr1Tg0w8g866LNr48xF2p52/ZzOJoMs/ZmjHEsGfDRv7P+9O/HruCfZwdDpqTZn2sey4Qp/SHjc2QxGdIo6MSwsMOk7dloF+flcvX6ZPOgAWDJIJhLYq/bQDawDJxDSaOZns9b8kVFvHHGgePDmDrd2ykvRit6koplPzAnfF2ExusWe1qcLJHxcWztS1BrxOl0dxaZX8HMHaeN2hI4cxul+Trd/mPvJTV5I0fjXcLsBxCRtLYiYu++WwsWwy4VtOhjr+z7c32cNhJSdqko9UcwhzT/ATjrFntUeMyeQ8LtaFR10L8A8ysAx8eEiISCR69qwDYLkgmUBoq9JPO7AGkExMo5mTycLwJlJtnR6iNH71Eq9r4i7OC9xpyX7nHK58ZZyxRdXnAKfUf/z4zNDwdp0dwe29xjU8WR6+pY1PJp1oMzkSleU8a81v3nISksbPh45d+/XcO1N/0MSSqHFL//s1BzaTEH/2+pwXP41kD0enH35foF3+PXH0yTS/59JUS7yqv1lXOGRian+HpPkbzrA3JOXF2FhZW9szf2kAsFSQTCC0VemnHVgDSCam0czJZG5420x1gwlbtdXpBwuzO7eKoqk8laSY5lbOFqxDDp6c8eXOejZ+GHZWBLftMnctj7/dlSouq7DyVvSDmyfSjsbJ2ASiT4+IG3/+dt7PR9hp8sZvRti//5cpYY5LLk5aMX3UjGFvOT3HZJLHn/yr5/+NSWAPh3XoxFT7PTVPS36cC35In0kzeyJR/u36wsHjU/vaPy7kO9NueXv6sPektoF+fgn377chnABrAMkEQluVftqBNYBkYhrNmUwO+Z0m1VaXEOXAcUYNLn9lfGrEQzlb6TSzsZncR4tz2OIZ7ztLiib7y9nsYaQkzq0Lzor1Cms4EqI8HCI/EtbqEZkecjs+MiPwUtPBeBUbSJ4mE5/g3709jk0d7TnmP97b8dLYRPZYdPrJukqXYIVQ2tkR3OaLPTP2ncTIrScbP16UM2JyWl9d3fC+W3Rp38FA9s5k9ffx6aIk5JyJjExJSlKp9E+4BkAXyGpQkHACIbQxPz/VTD/twBpAMjGNZksm3j4B64MzSM317YUFbJVRp+5mnIzLsOH3ZYPHG5WmdDrmQEu7UwYbcGqAaEaovOzYORJLKElKafI8nRV889y54qBLjVQsOXSxcteeg88PHcMED90+N2TsT0dO+dUHbr8bFfbSGGNjycvOKa7BMk1p3eK5KPOurhiXo7qTp1rnV02uUR+meNr2sUt6a8qddltOTGtyUhL91wsAAAAAtgWSiWk0WzI55Hd6aWgVqbn2dzR22Mb5tPb7cV3O4SqaueIGLq+Wy6jiksq5hFLudiF3PZ+7mkt/uNPGZHKjVuSxJTTGPnbJE335Pmyd9rNNDxx3Z0iOhLPJhKhQ55M676hS/0ubDsXvP5ly5GyGoEfEjVEzT/3qg30af/3Rwd/81VOf//n34Bf/Gfm/3935vzHtL/eucfi0LO0JkU8k0WevW72Vq8ouVuaXKGNvtr4+pf21cfrZP9rmFsLen91ndFQU/dcLAAAAALYFkolpNFsy2Rz0cNZx1R8W5LOVRZ3uPtvMVkNZL2bzgaSgjl8GpKaVa5LwU+62KTiZWrmSk5MXSv51m1ryW4mcE8l468RceRNX1MDl1vJzYT0s5eL0h5nQezLj5zjWdtjULGPmCzbg7z9a/PPh9rfXHZS4B7HJhNh6IHDeuBX935nw3ODRPx065rd/cB708bQFK7as3xHAlsfkfrHj6RCa3WYZ+H45m7uuDiQlpcqysqdm5so+Wdj+CjkfzLjp42XWZhOJREL/AQMAAACADYFkYhrNlkwWhTU6HBGx1USd/nF2ZrvzcSWX82mkuJHLq+Oyq7nUCr7BhKSLhBJ+UcI7RdzNAr7l5FoedyWHu5rDN6GQ4HGjgP9tQin/YfIV8kWSakg4IRGlqplveGF3pHHsj0UDHDscTuzcW9iwYbzTgiQvDHf8yeDRPxs6dvA7ky6s2ic/9DSTiA4FHZm35cU3ndmuWcQXhtv/xx8X/M9nYX2/u8oWzCS+OSt79pMFapae4c5n0CfNVF7M4q5kcw/yVbklylKtNEJZWKxwWJv/ssGZ3/raPVq9PYK9RbvP1pYW+g8YAAAAAGwIJBPTaJ5k4uvtMy1A+v7yEraayNrfIXmaWzlbN6UsqOfbQBQqTqFUt40o+fYQkYxrkXL1Yr79pLKZK23iCuv5JpGsai69ig8zJJPcL+ZuFvIRhQSVyzl8bhGMzzPUZkLcH93yuotRa7BoOzWw82PfiWP35/9k8OOBIj8dMuZPH08/NHtzwqYjjzYfvbb2wJqpa156e7y+ybV+oh468m9vzPjNe6v7fhPFlq3rfraJ76En2H0zBV9WZ5LUQlVRqaFYIhgc0/DV8ly2qNo6Lr3A3qXdJ5IJAAAAYNsgmZhG8yQTb5+AP8zPN3LVQqdtJSeMm5Lroro312V1k8i1XC4+n28kuVnAjzO5V8wnEBJFMqq4fHVfr6oWrlHCRxelil/E8LHqYCNT8r+9yGyf1T22lS2wAf+2vpING8Y7PUTW96vNdNgYPPr5IWME2Sii1yFj/vW1Kf/36eGXxj5iy9k535iVMzvicVHnn+yWge/38lV5BhtJWEtLlWlZsjemGhpz8rJjInuXdp9IJgAAAIBtg2RiGs2TTI55BvZzMNTBRttVgXWGV3wnYaOskW8JIS9SKrj7JXwbyFV1u8dltZeyn5jD/3c735tL3ZXrWh4fXYQOXfeLuOQKLruGb1QpbeKyqui96DQiQd6/I6NNnI6K2bxhvHb7C3730SI6Y3TBF4Y7vfT3bX2/OWP8jMAGnHC4UVPUzZdMOVMwSYm3c1UpBcriZ0eSGClJMjN3FLEF1navu1HTB5tEJBMAAADAtkEyMY3mSSZTfohmq4Y6JfX+8+mGYgnxQQk/IKSkkZ+Vq6qFqxXx3beapXw/LlEbP8C9TRj7rm4MEUa9k181SvhPCkPec2r5TJJWyT0q41td2F0Y8M/zstli6/S9ZSWu4XTY6JCvT/V9YQQ/yMTkvjBi/P/7666+313tM9aotRQph05OG/Vj2cwnI0y2XuZOpdInqhOSMEkCSVYRPbS9E2bnyQ1P1fXlgivsjdpNIpkAAAAAtg2SiWk0TzL5Yr6xI7DfmZPFVlgFL+fwaaSo/nGoSCrnW0uEke5Xc/mAcfFJU8lldRcv4rU8voWEfOZeMZ9nEkv5/l3plfzA9zz1wHeSbcjH2H0ZcLlfDVts1pfHpU17svhgp/2fUavYUGFCnxtq98KICb/9y5a+Y26wh6DP16YlT/WTaCYcm3VcGZlsVO87fV7JVj0qUOWX6G4hKSxSBEU3rPUoX320fHdQ9b0kMfsZnR45UcsWXuPLjg/NNkMXkgkAAABg2yCZmEZLSybT9paxNVdBkkCUKn7Iu0zdDCKWca1tfFNJk3rIe52IjxmF6imAUyv5ke4PSvmvxOWph6OoR6RoFAa+x+XynbvYHRl2f3RLX/v2O3S9v7yUTRod9dd/nsPGCZP702EO//b20n7fXWSPQqd2bpWa1hLi0tDq8yli9kQZ6fUcLqtYWcLkCsHkzLZ5e0remZkxZHzK4PEpr05O++eS7NCYxuw8OfthyrtJkn72dOG1dTNuPfiui2QCAAAA2DZIJqbRPMlk5bYTbL1Qp6eTlGzlVaOQKIRBI/FPBo08KOE7ZWVW8yPdi+q5iia+1xYJLaI2Pr0InbtIkpE+WdJEWNuE/Hilg60lglFpqpedDY2Z6WOXNPZgSxfXMJnJD39ve2GkExskus9fvuXy0qjdBobIvz49bYqPSLuQs44r3P2iziXWsSfKgKeTFHdzVQV6GkkEH6ZKNvlU6Jymuc/YpIFOyTsDqwx3+iotVdqtyeurf96FRRtP+XrR92p3iGQCAAAA2DZIJqbRPMnk2DFftl6oU8Nj3zuq0FTC9+9Sd+4SUs1VdVPJ7UKjJuPS6btzDS3n9/cfn06k2xUdD5U+P8yezQ/d7JjfjzpOHdEAx0d/XZFn51blGqakCrkl8AG5vmfvlLBniTI2i/O4InZxKx+1PO+zpbmFxQo2S2i8lSh+c2paH+bcakt+u9S9tNRgOPGNqn9/Tib7XcFvFl7ecyCYvV1NLpIJAAAAYNsgmZhG8yQTXy+fIc5GjbRud4FFU9npWEL8xzK9y2UMcE4d7y1lY0YnHL035/mhdkxy6Hb/82N37SMa5Pxo1LoilwCxaxg9bGZ2uPyI7wlyfU9fz2XPkrbRGao1wXX/WJb3snNKP4dk5w0FbIrQdr1nhYG2Do1vT09Pzmxjv67x8h3RmNV57BcF/zrr+uY9YeztanKRTAAAAADbBsnENJonmRA37gl71+UWWzvU9rVp6Wyl1gKdqH9G2rEHurTiu7afbXrw3JCxJCq8MNSBzQ/d50ujdrw9I/GLNVkTjjVO8ZPMDKfbSTTu948VLu6JC/djM3QMgj+bopx1sOKjRdlUp6yDx2vYFKExKaPtFYP95bSdtauI3YLGrDzZ3pBq9luCr0289/3mSPZeNblIJgAAAIBtg2RiGs2WTIhenr7vT7/JVhA1fr22kK3dWqAr/avYwg8cl/a3dV1aV5Hyu92ZQpvJc0PG/GLExF+PnPqrV6f+cuRk8voXIyb86/BxPx/m/MJQ++fV6aVz/nSI3b8McyKb+o+Rk8mLnwwe8/zQsd/sTGULQ7k0tHqX/zXNlQ0OPx11v1I4OSSiRCe3bAsvfcs1Q+faL33skmJvtbApQuPCfSXst/Q5dEJqlsHR8FHxzfqW+Bw67sHUVefZG9XkIpkAAAAAtg2SiWk0ZzIhbtod9ofJd9g6oqDjlvaHK1iCP4bVsYX/cFX5ZH8ZW4nvtJN8Gn820lmIEM8NGfvCUIefDyMRYsrvXp/5+9dnvfj67BffIM4i//72tRnk/X8fMUnIKmwCYf3pUHvylV+NnPabV11+OWISiSjPqWPJix/Mn+LfyhZG21nHVbv84718gjSXNcA/6PSNPHJmYlJEkVdSws/GT1h1VV8eIO9fuy9iI4TG0av09r9iJVu7lWhoHuHLd1r76ZlLbbBzwvgVMexdanKRTAAAAADbBsnENJo5mRC9PX22uoUu3Hhq9rqzE1dGj1ly8bN5cZ/OvfaX6Tdd9hSeSNDRKcjSPBDdzFZz+zumDnROHTQhXdshkzMfOyVz5IycN+bkE9+cm//u98XvLSt5b3npJ+uriKM213yxo/6bPQ12B1sdj4imBMiEqb2+3Jr4X39bweYKIgkSvEPGPNGCx/gAABl7SURBVC+EluHO/zZ8/C9HTvr1qy7/743Z//XmvJf+sKjfH5cN/NPKPm8v+d+3Fv73m/PIv/3eXvpfb839/eszfzFiopBGhK39ywiHt1x8HQ8VTwtsZ9H62eHyA3462hmCQk4Eh5/x9/UTfvxqwRX2FAn2tUt6mCplI4TGN6YZWiGR9XBELbsRjbcTJTqbbl5SL2kyevEl9lhMLpIJAAAAYNsgmZhG8ycToi/JJ14+Xp4+x475HT7if+BwINHNPcj5h2vvzs16f372x4tzvttQOH5H6exDlasC6jaG1e+Nar6QprySbcqZuzqte0wrVcf9ZEP159vqPt/O+/Xuhu/2NT2x2emY+LEe4nGeUsEJ3tIJPm3Eib4y4iQ/2RR/GQkk04LkLsGKGWGPZxyeEapwPlI+6JtNv3l7IhtO9EkixwtD7f9lmBOJK78YMeG3r8343eszX3x99n++NuPfR0z82TDHnw55pl3lt3+e+cXG21P9W7RXKdHn+qAMX2+d98wzqxZ+rn8Fm772SYlphpLJkPHGDjIR3O5fxW5E44MUqc6ph19SJ5PvFiGZAAAAAKCrIJmYxh5JJvp0WnaBrT5qvPnwaaed0lJlaZmypJS3uFRZVKr8aH7WyKlpr01Lf2tGxt+W5v5zZf7YjUUTd5bOOVSx1KdmbXDd5oiGAzEtRy6JPOPEPvGSgFvSy1mqK0+Wje/QVF3usXQymRIgZyvxptU1XD4jROYSJJ7i3zzJu37C0VLHfVlfbrjx4fzjr45z7/vZ6v/+ZPnvPljw63dcf/HGxJ+/Nu75oY/bQyh//qrjv7816b/+uvjtaV7jDhdO9WucadzSK/PCJW7+F6kEos+uJJPBHUwmOwINJxMJkgkAAAAAuhUkE9NoUcnEZfU5tvqo8dLtVrbeqXH0DznsV1j78DXjZGJ/x+TcAnlJGb/6OK864RSWKvNLlXklypxi5ddrCr5eW+Cwudh5W8nUPWWzDlYs8armQ05I3XKPwg9db7w77dbbU+68OuH+kHEPpweaZqbgrqlyDVNM59OLZFqQeFpA87gjJWN3p321+f7Xm+9+ve3h6N0Zkz0rXAJFLsFSV/0zbrEuCmvc7xft5dOBpT9GL7nEnnzBvnZJdx5J2Cuo8YO5elcg0enxi43sRjTGPxDpG2fyitNDh6UX2cKbXCQTAAAAwLZBMjGNFpVM5m44w1YfNUbFN7P1To0L9hayXzFgH7ukIv2L/ZWWKQePS+nvwAeYAUSn5IFOKUMnpA6blPa6S8aY5be2uIVu3B22fufxVdsjlm+L3OV7ZUfAje2BdzYFPdoQlLYqOP+HkMJloRWLwhrmh4tnh9MrgZhHEj9IVpkRKucNU/ALkhjXPKLtgrBmN78Lenpw6dVxqd7mL3LmSVpgz7lGAyuQ6PRGgqER8JfutPbVk0wwAh4AAAAAJgHJxDRaVDLZsCucrT5qPBZZx9Y7NcbebDBmbT5BUjne4lvJbkRjTr6c/ZbGzlVnSeXex9vf2yfAyyfQyyfI0yfkmE/YMZ/wY77Hj/pEuPud2+1/dXvAnS2B938MSl4dkrc8tGxJaP2CsJa54W1zwmVq5bOJxxWzjivVqowZGdIpVXPDpdsC7h3yPW1k9y1K17VR7HnTePJKE3vONXqd0jH1mT4/nJtZWKQ3YRaXKEJiGthvCQ4f/2D2urNs4U0ukgkAAABg2yCZmEaLSiaeHr5s9VGj8/p2Fg7/ZkWmkeFkX1hNQaHe6ixxR4COFUs0Lt1ijuX5tPX19lEHGz8fn8fZxtObZJtgEm88fEIP+5464HfugF/Mbv+4HQE3twQ92KhuulkTnPtDSOGKkNLloeVLQ6uWhNYtCmtcEN46L1xM0g7JNpocQmLPwrBm8rFVwflkC2SbHW0koVy1/QR73jQuP1TGnnON+YXyUYuz2W+x9rNP9j1bz25BY0KKxMDqKH+adnvtzuNs4U0ukgkAwFrIzc1NSEig3wUAtAeSiWm0qGRC1LcIBl+PdM1gq57aBp6redOICWcHOCYnGJy1ljh5s6G+YWt2RLAl70GF3KIdXdQG8gHGJ+Sob8Rhv8iDflH7/WL2+l/eFRC/PeDW1sC7mwITNwYlq03aGnh/d8DVw76RHj4hPt7+7C466qY9YX3tHrGnTtBxXX5pKX3ONZaWKTd6V/ZhvsVKLndyZhu7BY2Xbrca6Bv2yexrW/eGsoU3uUgmANgGwcHBW54QExND/9oUkFQgbH/Pnj01NTX0r7sfIZmkpKRsVxMeHk5/AgCgCyQT02hpyaSfvd7qLDE339Bq32XqXlhvTE1nv6iRxJKYG4YWIBd8faqhhLPvYCBbcqjtoSP+g5wesqdOkJze9GwZe9o1FpcoF+0rHeRsaJKuoRNSbz8yNMKEuOpI+YhJqex3BSetjD589PECLN0qkgkAtgFJJh4eHvS7XcDf3596h6SCnTt3Cq81L8wJ1WZy69atkpISrd8DAHSDZGIaLS2ZfDTzBluD1Lj2WEWh/mHrggWF8vl7SwaPS6GaX/o7JDuszU/NMlQhFgy/0Gig6WbkhHtenp0ZetHbfNflNnv2NB4yuDximXpi6Ox8+aTNhS870fnkvVmZ8/aU5LQXU/MK5G9PNxRT1+8KZ4vdHSKZAGAbUMkkLy9v165dWVlZMTExYWFh5J26urrTp0+fO3dOqM3v3r1bJpOR+NHY2Ch83sfHp6qqikQO8nm5XH706NE6NZptaicTsq+2tjbyIjAwkHzGzc1NoVBw6sRCNhIXF3f27Fnhx9ra2ujo6KtXr545c0bY19atW8neyYsMNeSFdlHJrqmikt8WFBSQr5NvaZJJa2urp6cn+bDwIwDAAEgmptHSksnUVdFsDVIjqWgaXgpDMCNHtvpo+ehVeeTzIyalvuWS/vnSHJdtRQkpUgOdiARJdXaTTwW7a40fuN7w8UIyad/P5sWxZ0/j7N3F7MlnTUiVLtxX8sHczJGTU8ml/MP09G9X5oZdaEzOaP82eJAifdlJ96xcgm7mavtCMgHANqCSCQkMhw8fFl6Tmj2nTiaaXCEWiyMiIsiLnJyc5ORk4fNNTU3kxZ07d4TPsy0w2slk79692r8ioULIMNS3SKk0rxMTE8nuSIAhccjd3Z1Tf4vkFvKOdlFJRNEuKsk/mt+ScKJJJuRNkkyE1wAAwyCZmEZLSyZHjvoZaK8g/mVOZkkJXQfVaUmpsqBQQZJGfqGiuKSdlhaNaz3KR+rv/0OctS6KLTZkXbH1JHv2NA50TE5IMbSqibaFxfx1JJILWtJettQ4dauhwULvTLvNlrmbRDIBwDYgGeDAgQP31DQ3N5OavaYSL6QFUt3XHn9CMoBSqQwKCmpoaOC0emeR0CJ8Xmcy0QxlKS0tFd48efLk1q1byTtCMrly5cqOHTs0naxOnTq1Z88e4VckY5DdkY1UVFTcunWLZBI3Nzfu2T5aZKfkQLSLqv1bzeuLFy9KpVLhTQBAuyCZmEZLSyZenj4GRk6/pK7RZue1042n05aWKj+cl6Vv+QvBTbvD2GJD1t0Hgtmzp+3hiKqiou66lCSOGhhhQvx8/lW2zN0kkgkAtgHVZtJuMiGJgsSJgIAAzeeFF4aTCUkdZDvkM8I72dnZPj4+JNuQX2n6fV2/fp1kFZJJhB9jY2O3b99OEgt57e7ufvz4cRJRSHR59OgRCS1cp5KJdlMMAKBdkExMo6UlE+JXC64aDicO6/KNbDbpqFt8K9ndaTvEOcHTw+LOmMX63vRb7DnUOMAhec7u4nb713VCss0ZO4rYPWrsMzZpm1sIW+BuEskEANuASiahoaGaTlAkTnBMMhFSgQbyeaE3182bN4XP60wm1MB3stMW9d8QLy8v7REpJEIIXcIEyBeFH93c3Pbt2ye8eeTIkZCQEPJCuzcX2bXQm0tTVBJjNCUhbwrJpKCgQHgHAGAMSCam0QKTyR734L/Pjmdrk9ruCqpi66Nd9NSVpv729I60HeCQuODH02yBoT7X7ogwPPlvP/ukY5HtDIXvqOnZsv3hNf0MNnx9MOMGW9ruE8kEANuAnZurpqZm27Zte/fuFYaJa1f3a2trfX197927d/v2bRJRhM5XAQEBW7ZsuXLlivD5+vr6rWo0G2STCfnkLjVCnODUrSJkI35+fpWVlZw6ipAfw8PDm5ubOXUvLE0ZSBrRdPoyUFRCWlqa0LxTXFwsJBPyXSFHAQCMAcnENFpgMvH29HFZc46tTWr73uzMovYm6eqo4zYUsDvS9kPXG7sPBLMFhvo8fMR/sP65gwW/XpFreNXLjhpwrv6f37ezUKPTsgtsabtPJBMAeiFRUVFCWwennqRL010KAGCTIJmYRgtMJkQfL59X2qvRvjMzo9hE4YTv/LO9yPD/7hP3ugf5etFFhYZ1XHqh3XAydlUOe1E6Z3B0w0BHQ60lL6m75B06EsAWtftEMgGgF0KiSHR0dF1dXXx8vDBRL/0JAIANgWRiGi0zmRCXbjY0s5Pga1PTlh8q62LjCanLtvtf7MRvF11mCwnb9eBh/0k/GJoJWvC92Rn3kiVduZTkuxu9K/vatRNLiFNXnWfL2a0imQAAAAC2DZKJabTYZOLl6TvAIZGtVmrbxy5p2ITU8AuNpUw91UjjH4j+6JpheHgJv6OxSWt3HmcLCdvV18t7y97Q/vaGpjQg9rVPmren6GxcI3uNjPTU1aY3p6WxW6bsb5+43Yxj3wWRTAAAAADbBsnENFpsMiGu3Hai3R5WL6krtV8uz7mXZOziGIJ5BfJpW3WsL67TrxdexuqKXXH8ihj2rFL24QfEJztvyEvNbGOvlz5LSpR7gqvHrs4zPORdcMT4+9NXn2OL190imQAAAAC2DZKJaTwfZe6eLcbr6+395fwrbP1Sp33t+BXiXbcXP0yTFurpFFRcosjKla3zqHh9alp/h/YrsoIDHBI9PS03v1mFvl7eH828wZ5bnfZzSPpoftbxi41J6W06+3eVlCoLixRpWbIFbiXDJhpatOSZzdo/2u4Wav6RQv4+Pkqlkv4DBgAAAAAbAsnENKamZbN1Kctx4+6wfu11BNL2ZaeUD+Zm7gysjrsnup0ofpTelpbVRiq4d5Mk1xPEx07WjlmdN2S8Ue0kgoOdEib/EM0WDHbUJZtOGX8pSc58dUraqMXZbiGVcfdaH6RIyUUkJqZJyWUloWVnYOUnC7MGOXfgUv55+i0vzx5o+DoRHk7/9QIAAACAbYFkYjJPR55iq1OW47ItJ0eMv89WNA1Lqrb97ZNJUHnFOYX8298huW97g0lYBzsn7HUP9GWKBDshOY2ua6P6GFxDU6fkUg5w5C8lcaBTcn8jem2x/mHKnYPmnY9LMNDPr/TJYgIAAAAAsFWQTNqxul5UWdNsjImJqWyNynL09PBdvPGUMQNOTK790osYXmJCDxwKHDougT3PZnDG2ijzJ8xAf/9zZ8/W19c3dwS5TEb/tQMAAACAZYNkYsj0zDy2nmTVLt0c2bfj/93eFb9bfNn8YxJsXg8Pv7nrz5gzZ5J9LfjxNFsSi/V0ZCT91w4AAAAAlg2SiSGbxarUtOzklExb0v9MxpDxyWao1PazT9rolZaZkZmVCbvFw+FpQ8bTp93kklvFcW1KwJl0tgCWbH1dHf3XDgAAAACWDZJJr7O+RbUxoOKPrulsHdSEDhmfMmFzfkOLgr7jgOkQSZTLj5ayJ9+0vjMzIyFbJG7DvFgAAAAA6F6QTHqjzRKupkm5yrOsjx1dDTWJ/1iSVVrTJleo6NsNmBqliruV1vr94RL2KpjEVZ6lrRJkEgAAAACYAySTXm1Gcdt7czLZ+minfdMl7eztpiaRSqFQKZRaKpTyJ7bJnippk4ulj22VyFrEbRqbRW3NrU9tammrb5Gy1jVJjLVRUtMg1if9Yf3WE5liEEkJtQtMbBU/PSLyWnOkRO2ToDkzz5wxtUpB1WO14FRauY+8ziiSkEBoqqg5yDllZ2hlZrFEey8AAAAAAN0KkkmvtlnC3c4Qf7Ys57WpaWz1tEP2s096d1Z6QGxVSbW4sp5kAElto5hYXS/i5zera63QWPvU8ppnXpc9sVz9o7ZlNS26rWbeMWC1fg3swjipAj8p9tMj0j7wZ3x8ZvgTJVijPnW8TRJiQ4u0UW0TSWit0hYRn3P4qCORS6QKqYxX3Ka4lND45Yqsvl0OJ69PTVvjVdrQosDChgAAAAAwJ0gmtquYaxapGluVDa2KumZ5bVMbsbpBWtUgqaqXVNaLK+vE5XWiilpRSVVLXlmzf0zlmLU5nfhP9w/mZuwJL0svaMovby6tboE9aFFlS9zDumNny79amcVeKcMOnZDy2bKs0Cu19c0y9MQDAAAAgPlBMrERSQKpbpDwYaNWVF7bytZZjbGkuiW7uCn+Ud3R0+Xfrc42kFI+nJ+xLajkVmp9Um4DCTbspmDPSi5KRmHT5YTaHzyKRq/O7qdnXcWBTsn263O8oioSshqKKvhvabYgNEaRe6myrrWmQdzQLJUr0IYCAAAAgG4EycRGrKgTC32K2EpqJ8wva07KbbycUHf0TMWWwJLZe/Nn7eFd5128I7jk7M2ahKzGnJIm9ovQoiRJI7OoiaTHKwl1JH6s9ixacKCQXEcSV3aFlkbGV8cl1iXnNRrT2FVe01rVIKb/fgAAAAAAmA4kE9uxWaxqEinr1R23qhoe99eqqBUJgzTYuiaE2gqNJBV1rVX1ImFKgPpmabOoTSyVy+T86HyMhgcAAABAt4JkYms2i/lx7SSlNIqUjSJFQws/yKSuua2mkSjlx5nwg0wkFXUivt9XTSf7fUHr9XEfLX6ovbimUUggksYWPoS0iNtEUrmkjUQRhTAzmHoaMAAAAAAAc4BkAvkY0yxRaf5tEhSps02rokn9b2MLCTnyel4ZyTn8ePpGfjx9Nfm3UUqiTlU9+VdcUcfLz6xVi4aaLlleyzdfECvrRNUNYmJto6S2UVrfLG3QTE8samuV8FlC3MbHiTaZok2ukMmVahUKhYqfiVjxeN5hkjAwTAQAAAAAlgySCex2xW30bQcAAAAAAAAFkgk0h+gSBAAAAAAADINkAs1hq5SToy8RAAAAAADQD5IJNJ9yBX3/AQAAAAAAIIBkAs2nCANOAAAAAACAHpBMoFnFaHgAAAAAAKATJBNobhUYcAIAAAAAABiQTGAPKJLSNyIAAAAAAOjlIJnAnrFViqmEAQAAAADAU5BMYI8pkdG3IwAAAAAA6LUgmcCeFLN1AQAAAAAAASQT2POK29CzCwAAAACgt4NkAi1CqZy+NQEAAAAAQK8CyQRakEq0nAAAAAAA9FaQTKBlKW7jZAr6NgUAAAAAADYPkgm0RNvQuQsAAAAAoJeBZAItV5JPMDIeAAAAAKCXgGQCLdpWKadU0nctAAAAAACwPZBMoHUokaH9BAAAAADAlkEygVamqI1ToBUFAAAAAMDmQDKB1merlJPK+F5eaEUBAAAAALAZkEygdUtSiriNkyswHAUAAAAAwLpBMoG2pljKr4iiUKFFBQAAAADAmkAygTaruI2fd1iu5JtTLGp1eRKZSHkUSr6pR/ZEUlSNwjtyQSX/SaX6K8haAAAAALBhkExg77JVyomk/DB6kluksscxQOgM1ulqv0otSQ5ClpCp04VEvQsivzspv99WpjCdVnMUEpm6/OjJBgAAAADrB8kEQpuShBYSiviWIlXnsxYAAAAAgPlBMoHQNhVJ+aYboScYAAAAAIDlg2QCYa+Qb0uRIaUAAAAAwHJBMoGwdymSYqlKAAAAAFgiSCYQ9lI1S8EAAAAAAFgCSCYQQj6lkIiCrl4AAAAA6EGQTCCET1UgnQAAAACgh0AygRDSStowFgUAAAAA5gbJBEKoV1EbungBAAAAwEwgmUAI2xGLNgIAAADADCCZQAiNkl8OBV28AAAAANBtIJlACDtgqwTtJwAAAADoFpBMIIQds1XKtcnpPyUAAAAAAF0EyQRC2BlJPpFhlUYAAAAAmA4kEwhhJxXWZwQAAAAAMAlIJhDCrorOXQAAAADoOkgmEEIT2CrF4owAAAAA6BJIJhBC0yiS0n9fAAAAAACMB8kEQmhKST7BtMIAAAAA6ARIJhBC04ueXQAAAADoKEgmEELT24qeXQAAAADoIEgmEMLuEi0nAAAAADAeJBMIYTeKxhMAAAAAGAmSCYSwexW30X93AAAAAABYkEwghN2uREb/6QEAAAAAoEAygRCaQyXmEgYAAACAQZBMIIRmUoFwAgAAAAD9IJlACM0nunUBAAAAQB9IJhBCs4qGEwAAAADoBMkEQmhuVUgnAAAAAGBAMoEQmttWKVpOAAAAAECDZAIh7AGxPDwAAAAAKJBMIIQ9owQrMAIAAABACyQTCGGPiZYTAAAAAGhAMoEQ9phoNgEAAACABiQTCGFPqkSzCQAAAADUIJlACHtSrL0IAAAAAAEkEwhhD6vEFMIAAAAAQDKBEPa4Iin9hwkAAAAAvRAkEwhhzwsAAAAAgGQCIex52+T03yYAAAAA9DaQTCCEFqFMQf95AgAAAECvAskEQmgRirG2CQAAANC7QTKBEFqKAAAAAOjNIJlACC1FdOgCAAAAejNIJhBCS1GCDl0AAABALwbJBEJoKbaiQxcAAADQi0EygRBakAAAAADotSCZQAgtSIWS/iMFAAAAgF4CkgmE0ILEkosAAABAr+X/A19WeHzOBlc3AAAAAElFTkSuQmCC" alt="Screenshot" width="100%" ></p>
<p><img src="data:image/png;base64,iVBORw0KGgoAAAANSUhEUgAABDMAAAIGCAIAAADGMlPIAACAAElEQVR4XuzdB3RU54H//WTPf897dvecfbN73uS/JU6yaRvHSbzJpmfTe886BhsMuIILcbfBcSPGDk30IgEC09TpiCp670U0oYJAvbeRNH3meZ+rK65Gz50ZjaSRdGf0/Zzf0RndeW7RGOT747YPfHLZTUIizNN7astbvDU2X0O7v9kubA7RSvoUr18AAAAg0AfMe5+EhMorB2gmUUubU3h8goYCAACg+4B5h4kMbeTuvtzpb2z317X6qm2+8hZfSZO3uNFb2ODJr/PcqPPk1Xqu1biv1rgvV7tzq92XqmRcF6tcFyq1nL+TcxXhYgzT55Kzy4XkVmkLvFztulLtvlbrvl7jvlHrLqjzFNR7bjZ4bjd55cZUtfhqW/1N7XIj/Ta7uvGkD3G41L+WAAAAwxDNxHKRu/stdtHU7m9o89fatCZQ0eIrbfbKYlDc4CnqiKwKsqXokeUhr6NFXK91y8aipVbrLT3m2p3x1ztml4XnhrZAt75YuYqiBq8sJLIU3Wr0lnTUkmqbtkn1bX5ZnFpoJtGL26v+zQQAABhuaCZWjM0hy4lflpOmdiFrQF2r1gdkqju6gewqlTI2rbGU62nWakNZs7cj8oXWZCJJx2BtLmMh8muF1oW8lR2HR6o7Vlpj046T1LX5G9q1TiK3SnYnaknUI/uJj7O7AADAcEUzsWJsHZdw6EdOGtu1M7sa2vwdFcUn64EsCVo62oLWGWxac9CjVRe9TnTGHyJ3BnSMN2bXF9W5/I7UdfSi+judRK8l2nlcpm0m/U+bU9g5swsAAAxXNBPr5k4/0c6bki1F9oFm7atWV/TDKU0dpeVOhBH9rUgSOJexqDvvamvR19ixam0btDO4OjbMvLUkinG41b+oAAAAcY9mEjPRioqSjvO+wudOsemKeUyQmNZl3h4y0Gl3Cp9P/RsLAAAQr2gm8RZzqegx5oUQi6TdxW2FAQDAcEEzIcTqcdBPAADAMEAzISQ2op3cRUEBAADxi2ZCSMxElhMAAIB4RTMhJMbidHNyFwAAiEM0E0JiL20O7ckn9BMAABBPaCaExGp47AkAAIgnNBNCYjsen/Bz9AQAAMQ+mgkhsZ02JwdPAABAPKCZEBIn8fDAeAAAEMtoJoTET9qdXBYPAABiFc2EkLiKwy28XvXvOQAAgPXRTAiJw9hd6l91AAAAi6OZEBK34coTAAAQQ2gmhMRt2pzCx3UnAAAgRtBMCIn/UE8AAID10UwIGRZxe9S//AAAAJZCMyFkWKTNyT27AACApdFMCBlGcXqEn1O7AACAJdFMCBlecXBDYQAAYEk0E0KGY3zcUBgAAFgMzYSQYRoXZ3YBAAAroZkQMnzjdKu/EQAAAIYKzYSQYZ12p/pLAQAAYEjQTAghPCoeAAAMPZoJIUTYuWEXAAAYajQTQoiWNqdwcdkJAAAYOjQTQkhXnB71dwQAAMDgoJkQQrrFy6NOAADAUKCZEELUUE4AAMDgo5kQQtRwK2EAADD4aCaEkCBpcwq3V/19AQAAMHBoJoSQkKGcAACAQUMzIYSETBundQEAgMFCMyGEhAvlBAAADA6aCSGkh3DNCQAAGAQ0E0JIz2lzqL87AAAAootmQgiJKNxKGAAADCiaCSEk0thd6m8QAACAaKGZEEJ6Eb9f/SUCAAAQFTQTQkgvwq26AADAAKGZEEJ6Fw/36QIAAAOAZkII6XUcbvVXCQAAQD/RTAghfYnbo/42AQAA6A+aCSGkL+EJJwAAILpoJoSQPsbBTYQBAED00EwIIX2Pz6f+TgEAAOgbmgkhpO/hUngAABAtNBNCSL/i49mLAAAgGmgmhJB+pY37dAEAgGigmRBC+pt2HgwPAAD6jWZCCIlCvFwKDwAA+odmQgiJQriDMAAA6CeaCSEkOgEAAOgPmgkhJDrhahMAANAfNBNCSNQCAADQZzQTQkjU4uL2wQAAoK9oJoSQaIZnmwAAgL6hmRBCohmuNgEAAH1DMyGERDkAAAB9QDMhhEQ5dp5tAgAAeo9mQgiJcto4oQsAAPQezYQQEv34/OrvGgAAgPBoJoSQ6MfjVX/XAAAAhEczIYREP9yhCwAA9BbNhBAyIAEAAOgVmgkhZEDi51ITAADQGzQTQgY7NruoahK3a0VTm/pWPIV7BwMAgF6hmZDYS3O7aGgVja3aC/O7vY3NIU4XiKzjWvZfFldLRXmDaLGrw0Il55KYvFY8mywmLhNJu3soG/U2kXtLPLdCjEzoyCzxzDJx/IY6LG4CAAAQOZoJiaXY7OJUvsg4KlbsFdvOiENXRUGlOibyyJ6QsFk8vOBOT7iTv64XJ/NFnU0db45c+9NLxYhZnXlorsg+q44JzJ6L4tXVXeP1vLxK1DSrI+MjAAAAkaOZkBhIaZ14K7XzIIOyW6/3gXWHtOMe5hlDJa9cm8u8qMCMmy/eTg/XfC4WiwcS1LnkFp4qCH7IRVYp81r0PL5YHRwf8fjU3zgAAACh0EyI1VPRKF5ZrdUS8w69kdFztDFXStR5zbE5tGs8HlukLiFo5EpnbxF1LepCZKqbxdyt6ng90zeKm9Xq+Jpm8exydWTXimZpW2VeS6zH5VF/4wAAAIRCMyHWTWObOHi1h04SmAdni7Qj6kIC09zeeY2Hed4weTJRVDSoi3o3K/gBHD2Zx7oNlt3muWR1jJKpmeoq4iB2Fw+DBwAAkaKZEItG7s0/vljdfY8kSbvURelpahcvva8OjjCjZqtL+1PoAyAjuteMvbk91xKZhxeoq4iPuHkYPAAAiAzNhFg0O8+HOygRJg/NFbXBzr86U6gdVDGPjzDrDnZb2pOJ6oDAvLe+c1hLRx2K5ChNvDYTp1v9pQMAABAUzYRYMUVV/WoRL67UbuEVuMCqJvHIQnVYryLbxUuruhYYvplsPNk5zHwnrlB5Zqn6IcRH2pzqLx0AAICgaCbEigm8FW/fMn5J16NFSmrFou3qgL7FKDxhmsn7+0RlozbmlYhricyBy+qHEDcBAACIBM2EWC42ex/P4wqMXEJRVecCD13p4yUr5iza0bnMMM1EtpcWuzieF+SewmHSEo2nRlozAAAAkaCZEMtl9hZ1r71vWbyzc4H9PwJj5LFFncsM1UzeydRqyYkbvTsbbcd59UOIp/i5PRcAAIgAzYRYK9vORuGAiZ6RCdoJXTXN6vR+5lyRtp2hmkleuXgjRYyao04PE+OilHiNh9tzAQCACNBMiLUyY6O6496f1LWIsnp1YtCMnhPpUY6dHcc3gjaTPy3XrjCJcDl6xi8R9Tb1Q4iz8LxFAAAQCZoJsVYmLFH33ZXICnGuSJTUidfWqW+Zc6tGbD2jTjRn/XGtHtQ0i+U5Yux89V0l+kliQZvJtjNiQbY6MUw2nNRWav4Q4ix2bs8FAAAiQDMh1kqP9/ZNO6JdIi9HXikR72So7yq5XCKSc9SJSh6c3VUPZJOZs1UdoGTWJm1k0GZy+bZ4PUWdGCpPL9XuZWz+BOIv3DgYAABEgmZCrJWH5qp78IExLkDX0+OZWjmXxJR0daKShXdut6WnuV0doOQv6dqwoM2kulk7O8s83RxZh+TGm3/8eA0AAECPaCbEWgnfTP60XB0/Ouy15htO9NxMpm/stsD6FnWAkncytGFBm0lFQy/uA5a0S7uLl/kTiMsAAAD0iGZCrJVeN5Ow42UzmbFJnajkqaRuCzx6XR2gZEZHkwnaTK6UiMlr1Imh8shCcbO688y0uA8AAECPaCbEWol6M8k6pk40Z8Ve7USsqiYxNauHDZBZuU9bb9BmsnS3djG9eXqojFsg5m0TNtOHEH8BAADoEc2EWCvhi0EfmklpnToxaEbNifQhJMfztPUGbSZyCcU12mGTyG8cPPLOQZj4DgAAQI9oJsRaiXozqY72kxZv12rrDdpMRnRcc3/gsnhllTo9TMbME3Xx/kgTAACAHtFMiLUS9WZis4snk9Tpfc7zKzrXG6qZjJsvalu0p6PIkeZ3Q0X+1OaPIp7iV3/zAIDlfOCOc+fOqe8BGBQ0E2KtRL2ZyDE7zomHF6hv9S1yUfp6QzUTmWV7tDsCN7Zq19ab3w2VTafVHy2e4qOaAOglWQ+MqqC+NwD8fr+xup07d6pvAxgUNBNirQxEMyms1K7lML/b2zyQoN0XWF9vmGYyPlHk3tbGnL+pvhUmf16n/mjxFJ9P/dUDAOENcjOR/uZv/kZfXXNzs/oegEFBMyHWykA0E5nKRu1yDvOAyDNqjlh7sGu9YZqJzPKczmFnC7Vr3M0DzHlkgfqjxVNoJgB6a/CbCYAhRzMh1kp0m8m2M53DbHbxlwz13V5lSrp2AYmx3vDN5L31ncMa27SrXEYmqAPMeZhmAgABaCbAMEQzIdZK+AtCzKc8PbZIHROYKyVdI2VJeHShOiDCvLBSfV77C2EvcF+0o2uk7DP7crUzwczDAiNXofxo8RSaCYDeiryZfO5znzNG6mbOnGm32wPHVFVVKWMCtba2imBXwMsXf//3fy+nzJgxY82aNX/7t3/bNc8HPjBp0qTAVQDoP5oJsVZmblJ32Y3IErLrgjr+r+vVYUZkGajvfjde+e1zK8QDET9sRM+UdK3VKOvNPBay5zyyUBy51m2wzSH2XOqhnJwpUFcRT6GZAOitCJuJcXGImdvt1sc8/vjjxsQlS5b84Ac/ML5NSEgoKirShxkTzc0kFO7iBUQXzYRYK+cKQ57QNTVDlNSp4w9dVYcZeS5ZO4lLGX/plpiSpo4Mk6eXissBB16M5FdoB3DM42USNoub1er46qZwDzkZOUs0mcpPPIVmAqC3ImkmNTU1xhhZUcaPH/9v//ZvxpR169bpw/75n/9Zn/Laa6+JjttwTZs2TZ9SXFxsLM2YMUwzkav41Kc+ZXz7+uuvG7MD6D+aCbFcSuuCnKP1p+VBDlzomb1ZHTwyQbsOxFxj9Mi6crpAvLpanUtZwpupYu2hbteWKKlqEuOXqDM+mRRyvXL85LXBnzR/uPsxlvgLzQRAb/XYTBwOx69+9St9wJEjR4zpxhGSD37wg/oUYzmNjY36FJvNpk+ZMWOGMaMxLGgz2bVrlzHyX/7lX/SJn/zkJ42JAPqPZkKsGFlOEneJZ5drBeOVVSL1sHpeVmBa7NrZUyv2ihdXionLxHtZ4lyR9uh388jAyJ6Te0ukHBILssVra7VnjzyzTLyZIqZv0M7UKqjUDmLYTHMpqWsRq/eLCYli1GztCpk5W8StGnVMYGqaxYVi7RbGD8/XZnlltZizVRRUqMPiLzzPBEBv9dhMAmtD4PSbN28aM3o8HhFQOa5fv66MSUlJMWY0hgVtJsYwady4cfrEj33sY4HTAfQTzYRYMTa7Vk4OXBZ7LopjedoOvXlMYGTNKG8Qh69q15pfuR3pmVHN7dohkZvV4mS+tqK9ueJMobhaqvUN5Xr3MJHbufuCdnvibWfE9bIeZpRVp6lduy5fDt54Qhy9Lm6U9zBLfIRmAqC3emwmO3fuDDqgsrLSmK5f2v7v//7v+rfjx48X3c/munLlijGjMRfNBBgqNBMSM9F36GdsFG+nibfStGMji3doO/fmkREmv0KsyBGzNos/r9WOzLy2VszYJN7fp5UT8+Cgka1m9hYxaY2Wd7O0i17MY5TIOiQ7yfSNYtoG7QEpsgv1eGQmDgIAvdVjM9m7d+8HP/hB8wBzM2lubv7FL35hTDR89atfDZzRmE4zAYYKzYTEQNYfF4+brjwx8tBc7ZqQvbnqXGFy8Ip23leom2XJ6U8v1cbUhT6FrKZZrD6gXjQiZ3xvfbhjIGsOiGeTux5vIl88OFtrNeaRcRYA6K0em0l1dfUnP/lJfYDeQHS7du0yz3j9+vUPdFx5Ir/+wz/8w7333ltaWmq8qzPmopkAQ4VmQqyeg1dD3p+3qxLM1rpE4NNLQsVmF7drg1y5bs6TiWLuNnV2I6mHxRPBFiJr0qVbwctJRYN4YnGQOiQ3vle1KhYDAL3VYzPxeDwPPvigPiDoFfDGjLKW6NesBw4zM+aimQBDhWZCrJsLxdqdgiN5gHrnLn6CWLVfXUhgapq1K90f7M3zTGT9MF/UXt2sHi0JzKjZ4q3UIDcsXpajjjQy0vTolTgLAPRWYDO5y0Qf09raaozR7xoceEvfpKQkfdizzz6rT/m7v/u78Xe8+uqrt27dMlYnaCaABdBMiEXT1KY9MGR06AIQNA8vECW16qKMZB5Tx0eSxF1qzTh/Ux2jRJaTvHJ17c8lq8MCc/CKOj6eAgC9FdhMzIxhH/rQh9T37jBO8crJyQn1QMb9+/f7/Z336DAm0kyAoUIzIRbNu1nqvnuEeXShKK9Xlyaz+VSQM6kizMp93RaVHProh5FRc7qVk5pmdYCS51eoGxxPAYDeirCZSN/97neVdydNmmS3240BLS0ts2fPVsYY/vVf/1UfZkyhmQBDhWZCrJgtp7XHopt33yPM5LXasxQDF1hUJcbMU4f1Kudvdi1t4Xb13aAZPafr0pe6FvVdJY8sVD+EeAoADJWcnBy9RfzjP/6jcRTF7/cvX75cn660DgBDiGZCrJiXVqk77r3KQ3PF/OyupdU0a88b6U/VkfnrBlHZ2LnA5XvUd0PlnczOWZrbta0yDzASx82kjWYCYOgYz4k/deqU8hbNBLAamgmxXG5Wq3vtfcgDCeLWnQtOMo/10AoiiVzgm6mdCzxTqL4bKiM7LlMpqNTmCn8OWBw3E7tL/b0DAIPmYx/7mF4/ysvLA6c3NzfTTACroZkQa6W2RXvih3nHvQ9ZuF1bYHN7727GFSZyOWUdV7C02MVL70d60zA57InF2lMdKxvFY6GfyhLHzcTlUX/vAMCgmTJlitFAPvzhD48cOVJ+NaZ86EMfOn36tDoPgCFCMyHWyrHr2vM9zDvufciL72sLrO3pAo9exXjk/I5z4pml6ruhIstJ0m6tz8zcFPJ2w3HcTDxe9fcOAAyawGMjZvv371dnADB0aCbEWnlltbrL3p/UtYiTN9SJQRPhAZD3sjq302YXVU29OEnsgQSxPEeUN4gVe9W39MRxM7lzQ04AGDL19fU//vGP9TbyT//0T/fee+/evXvVQQCGGs2EWCthznfS83qKuHxb3KgQS3aKxxer7yq5VSPmblUnKhk9R+y+KAoqxLYzPZ/3NXFZt60tr1cHhIksJ2cKtbL0ZKL61oi4biYAAACRoJkQa2XcfHWXXcm+XO3SkRa7KKwSSbvUd5VcKxOv9nQQZtp6rS20dpz3JQeHf+bJE0vUDV65Tx0TJmsOakda/rpenT6CZgIAAIY9mgmxVsKfHzW+ezGot6kDlORc6mGB72aJlvauBVY0aE88NA8zIpembLCt4ybCET6rfuIyceCy2HdZnT6CZgIAAIY9mgmxVsIXiT8tV8eHuqBcj/bExrDHQFbs7bY0m128kaKOCYy5mbR2PMZxyU51ZNA8ulBknxVni9TpI2gmAABg2KOZEGult81kdNjxG05od+w1TzcyaY1obO1aWnGNeGaZOiYwY+apGyBz4Ip4ObJHQz62SLup18VidfqI+G0mPMwEAABEiGZCrJWoN5O/blAnKnl1lXaFiVxUZaN4cWUP9yyWPUfZgH25PV83b+SdDO3y/azj6vQR8dtMeJgJAACIEM2EWCtRbyZrD6oTlcgqsnSPOHxNLNrRw7lhI0z35mpo1R65aB4WKqsPaP1n3jZ1+og4bSZtPMwEAABEjGZCrJWoN5P8CnVif/JORteq622RnsSlZ0KidnDmSknwbY7LZmJ38TATAAAQKZoJsVai3kwaWntxtlWPybnUud4DV8Sra9R3w+SpJO1C+WN5YvJa9S09cdlM3BwwAQAAEaOZEGsl6s3EZhfPJqvT+5YHEkRZfed6p2b1sGplxjUHtNsTL9oR8geMy2bi86m/cQAAAEKhmRBrJdSOu54+NBM55mS+eK7f5WRkgng+uXOlN8rVd8PkyUSRelh7NOT5m+Ee4xiXzQQAACByNBNirQxEM2lpF+eCPUKkV3k9peuAyar96ruh8vB8UVKnHbeRc4U/+yv+mgn3CwaiKCEhYdq0afJraWmpPiU5Obn7EAQ3b948/cX8+fO7v9MLu3fvbmhoUKcOHbk9ffhx5J8fdVIIiYmJ6iRgUNBMiLUyJmzTeO7OUQsj4ZvJtjOdw+pt4okl6ru9ypFrXStdtEN9N1TWHuysJfLruPnqu4GJv2bi5SITIHrkPmV9ff3+/ftnz55dUFAghqKZtLa2FhUVqVNjRx925Q3Wbybbtm0L/DaoyJsJMFRoJsRaCfNgxAcSxLtZvRgvc7mka2ReeQ/PKgmTpF3dViq/NY8xJ/1IZy2RqW5S31USf80EQBQZ+5RpaWmLFy8WAc3kzJkz06ZNy8jI0L+tqqqSg2fMmNHY2KhPWbRokRywadMmu90uv83MzJTfLly4UH/XIMfPnDnTmC73fcvKyuRy5OCLFy/KKfprSd9Hl4uVU/T1yinnz5+/du2afNdYmhygv25ra0tJSfF6veXl5XKWefPmHThwQJ9LrsVYXUMHZTk6fcakpKS8vDzR8SHInjZ9+vRZs2Z5PJ61a9fKd9etW6cPXrVqlZxd/iz6z2t8dMquvPFB6TPKVV+4cEFum5w3KytLH5OTkzO7w9GjRwObiWxo+fn527dvl4MPHz5sTJzZQV+v3DB9aXv27DF+dvmu/FTlz1hYWCjHbNiwQU7UZ9c3T59LTpTj9enyP/TGjRvlxJqaGvmusT2BP87cuXP1/zRyyeLOH4lly5YZA3TGR6H/t5bL2bp1qz5FvtCXoC/EWLh8IbdfTpSDnU6nPhEYODQTYq28Evo+vA/NFe/v78V4mdK6rpEtdjE57PlUoTJ2vtZqAleacVQdY47c2oqGrllqW9QBSp5MVH+0mE47//8CoipUMzl48KDcxZT7rImJibIAyCmXL1++dOnS2bNn9TIg9zLlDnRFRUV2drb8tqmpSY6U4+VEuf8asAYhF3v9+nVjuqwKcm9Yznjr1i197ceOHcvNzZU76D6fT65XjpTj9fXKiXLXVraawGXKAXo7kjvxcpPkC7l3K1/LJcsFyp3soM3EvBxpzpw5cjNkp5IvRMeHkJqaKn8K2XD27t0rv546dUou3NtxrFYOk71FFga5ASJ0MzE+KDldzihXLX9eOUXOK2fRFyU/W7kQuc1yvUozWbBgQXp6uvx8ZEHSJx45ckSONNYrW418XVJSIj8r0VHk5I8g/3PIzZal6NChQ3Ki7Fr67HJ1sl/Jr7IUyR9HfrDyx9EXu3Tp0pUrV8pyKIuBLAnG9gT+OHLJcuPlFrpcLrleudlyw+QfAOVjND4KuTHyJ5X1Rs4l//PJ9cofR/4XKS0tXb16tQj4rORmyCn6HxjjPxYwcGgmxFqpbBR/Xa/utetZnqPdAlgZf7FYHWbkhZVdhyz0NLWJZXu0oxPmwaHy9FJxrVRd6a0aMSr04ZeRs8Tji7ouSjEyIVEdGZjM4+r4mI6Xu3IBUaXvU5aXlytnc8lv5V6p6DjVyjhsopM7l3JX9eTJk4E7lCtWrDBeG/u+ksPhMGbXl6kfM9Gn6OuSe9XG2VzGvPp65Yrkbro+xaDvbYuOziM6Dkrs3LlTf0vu/W/bti1oMzEvR9YbWT/013Iu+a1sJs3NzfoU4zKSwM3T6ZsdqpkY5Iz6qjds2GBMkYuSpUU/siE61qs0E71aiI6GIxlviY712u12uSt/4sQJY6Lczrq6OuNb/TNZtmzZ1atX8+7Q26A+QL6WBUZ0PwVr1qxZ+gu5PYE/jtw241s5xthsY7xOX5TcNtnr9CnytfxvJGc3NlXvfsbSAtce6gMEoohmQiyXpnYxNbPbbaxGzRGLd6rDjGw+pe7lj+h4rGFhlTpSxubQDqQs3C7GzFNnUfLMUq3GVDWpS9Aj3wp63cjIBJF+VNyuVcfL7L6oDjbyyALtpzbPEqNp44AJEG1yB1HuPsoaYEzRd7vljqxsEfqOtf6uflzC5/PpzUR07H0uXLhwy5YtHo9Hn6gzTvcSHbu2+s63Pl2ODLyywtxM9H+h18n1NgR0jED6CV0rV64UHXvz+rlGomOTZLsInMtoJublyBmPHTtmrE7+aHJe/YwpEbC7rG/emTNnZLdpaWkRPTUT44Mymomxan1RgZ9A4GvR/WfRX8v1zpw5s6SkRNxpJvKF3Iy5c+fqp65JN27cmD59umxlomNj5GC90sjPR69w8ucyTtIzPu3AzTZe7+5+nUlDQDMx/rsL04Ul+reBP6m48ynJDZjWcQpce3u7oJlg6NBMiBWTe0tMSdd2/R+aq+21v5ulPabQPExPvU1M6n6a1uS1Yv1x0RxiX1+Wk4JKMW+beGyR2hD0yHYxfok4ej14wdBz+baYv00bqcz7p2Xido125ph5FtmIxoaoQ6tNZ6nFdLgrFxB1yi6mCNjtNv6BXGdc3RG4hyr3v2fNmiV3xENdNx/47+i68M1E2R5lZ9ewffv20tJSfddcFp4wx0yMXmRejhxszKgL00xWrVplXA4RvpkYH9TevXuVVRvHTPTjUZLcAKWZGIdx9GMmcr16ARMBzUSSGyNbXHV1tf6tfnWK6LgY5uDBg/qRHzlA3za5TPMxk8DNNg5Vye0J1UwC/0gEPWbicDiUYybyxZIlSwJH0kwwVGgmxKJpatNOiCqpE6X12m1/zQMCY7OLmmbtzK5T+eJamVYMbKYx5siqcOSa2HRK6xhTM7WzyFbtF1tOiyslwauFkqZ2sfeSeCNFuxBFVo4/LdeujDefxBUY2YjSjojRc7rVkq1n1LPOYj0Aoi5UMzl27NjMmTMvXrx44sSJ3NxcOWX69Ok1NTVyx1dvJnL3t6CgQO4Qyx1xuYvf0tKin6wlBytnfy1btkzuGevT5Q6ruZmUlZXpV3fIvW253tWrV8vl6OsN2ihExwldM2bM0K/ZkBYuXHj9+nVZVBI6rjMRHT+X3Cq5efKtUM1EWrBgwZEjR2Rh2LJliwjbTOR+//79+y9dupSYmBi+mRgflH4NibmZiI7rTHbs2CE3b+7cuUozkVPkJ2BcZyLXK39S+bPo65Wbt3nz5pKSErklsrHIb9etW6f3Mf1gS15enlEbUlJSkpKS9Nd79uzR12iUkMDN3rhxo7E9gdNdLteaNWvkf2hZdfSjN3LD0tPTQ11nsmLFCtm7Tp48KReiX56kX6wvLV++XIRtJnKMXJ0xEYgumgkh/UpDq3ZtTEWDdvetSOqQTFWj9tTFMwWisDLIlTOxHqdb/S0DYDjTL6iIM4Fnc8UB/WYJ+uvLly8bR8aAwUczIYRELe0u4fOrv2UADFu1tbX6yUtxJs6aSeB9EY4ePaqfRQYMCZoJISRqoZYA0DU2Ni5YsMD8SI34EGfNRL81gn4F/IULF9S3gUFEMyGERCdO7aRxAACAPqKZEEKiEz8HTAAAQD/QTAghUYiLAyYAAKB/aCaEkCiEAyYAAKCfaCaEkP7G3Xm3SQAAgL6jmRBC+hUAAICooJkQQvoeOw8CBgAAUUIzIYT0MW0cMAEAANFDMyGE9DFc9Q4AAKKIZkII6UscnMcFAACiimZCCOl12p3qrxIAAIB+opkQQnoXWUs83CYYAABEG82EENKLtHG0BAAADAyaCSEk0nASFwAAGDg0E0JIpOEkLgAAMHBoJoSQiOL1qb8+AAAAoohmQgjpIVzyjjhWWd9OCInLqH/bEQtoJoSQHkItAQAAg4BmQggJFx8PegcAAIOCZkIICZ42agkAABhENBNCSJDIWuL2qL8vAAAABg7NhBCipt2l/qYAAAAYaDQTQogabhAMAAAGH82EENKVNp7yDgAAhgjNhBDSmXZqCQAAGDo0E0KIFrtL+LkTFwAAGDo0E0KIcPMsRQAAMNRoJoQM93CoBAAAWAHNhJBhHR5aAgAALIJmQsgwjdPNI94BAICF0EwIGY7hiSUAAMBqaCaEDLs43eovAgAAgCFHMyFkGMXh5mgJAACwKJoJIcMlbU5uwwUAAKyLZkLIsAhncAEAAIujmRAS/+EeXAAAwPpoJoTEc9qcwsPz3QEAQCygmRASt+EpigAAIIbQTAiJw7S7uNgdAADEGJoJIXEYLiwBAAAxh2ZCSPykzSl8PK4EAADEJpoJIXESB/cFBgAAsYxmQkg8pM2p/t0GAACILTQTQmI7dhf3BQYAAPGAZkJIDEe7sISL3QEAQFygmRASq3HyuBIAABBHaCaExF7cHh5XAgAA4g3NhJAYC4dKAABAXKKZEBIzaXNyqAQAAMQtmgkhMRC7S7i5ARcAAIhrNBNCrB6e7A4AAIYDmgkhlo6Lq0oAAMDwQDMhxKKxu7iqBAAADCM0E0KsGO4LDAAAhhuaCbFK6hr8FRU+PfVNPvOAYZJ2bsAFAACGJZoJsUSaW0VlZWct0dPSpo4ZDqGWAACAYYtmQiyRqqputUSmptZvHhbHoZMAAIBhjmZChj62dvWAiUxllc9mV0fGZdqcwstNgQEAwLBHMyFDn2HeTHiEIgAAgKCZEIukqlptJjW18X8RPM9PBAAAMNBMiCUS5Ar4dnVMPIXnJwIAAChoJsQqCbxrcGNzPF/+7nSrfw8BAABAMyFk8MLzEwEAAEKhmRAyGLG71L97AAAACEQzIWTAI2sJh0oAAADCo5kQMoCxc0kJAABAZGgmhAxU2p3q3zcAFvTrmSUfHn+DEBI3+b8TbuzJbVX/qiMW0EwIiX7aHDzWHYgNspaokwDEvuzzNnUSYgHNhMRVGttFcZ24VC7OlYqzJSK3XNyqFy2D+Cx52UkAxJAPj7+hTgIADBGaCYmfXK4QKefES1vFr5PFDxPF/ywSv18pJmWL7dfElUphG/h+0uYUPq50B2IKzQQArINmQmI++/LFYxniZ0vFFxPE52YEyednam/dv0ZcrVLnjWLcXvVvFwDro5kAgHXQTEisptmunbL1kyRxt6mKhMoXZonsq6K+VV1UP9Of4yRy3na3cHlEP5YBoO9oJgBgHTQTEpNpahfJJ7WztiKvJXp+tkykXxA20wL7ljaH8PTjUEmrU5Q3i/PlIq9Gew1g8NFMAMA6aCYk9lJcL0auEXfPVFtHhNGPnJgX26u0Oft7oKO2TezNFzl3sq9A1LZyRy9gsNFMAMA6aCYkxlLSIL69QC0bvc0354uKZnXJkaf/l5TISnPidlct0XPytqjiJofA4KKZAIB10ExIjGVSdt+Plhi5e4bIyRNlTeHS2KauWo8zGo919/jEoSK1mRwtFrcb1ZEABhTNBACsg2ZCYib1rSL1vHajLXPT6FW+MEv8ZoUYlxYuj6SLskZ1A+wu4e/P+VsB3N4gzUROKapTRwIYUDQTALAOmgmJmVwsE09mqTWjt/nyHPGjJDEmVa0iSl7fqT6fUXaJKLUSjWw4R4vVZnLytqhsUUcCGFA0EwCwDpoJiZk8nim+FOKJJZHk7hniJ0t77iQyT63Xjl0Y67W71L82UVHa3O0KeJmyZuHmCnhgcNFMAMA6aCYkNlJrE1+Zq5aNCHP3TK3SjFyrNpCgGZ8lCmo6VzrQz3SvaxOXq7SDJye49h0YIjQTALAOmgmJjZQ0iHtmqZUjwnxzgfjdSrWBBM3k7SLzYud5XA6X8A38EQyvX+snNh5mAgwRmgkAWAfNhMRGNl9W+0Yk+c/3vJ+ZWPY/b1X/fGbTqNVecxUx8uZOcbhIe4CjXFf7AB8qAWAdPTaTkydPGq9bW1sD3gEARBnNhMRGFh9VW0eP+fRrLR994OpH78/Vc9eIy//x0LX/fOzG3U8UfGli8Zefv/3l5249k1h9stBT3SJs+nES92AcJwFgHT02kzNnzhiv9WZy/Pjx0tJS+UJ+PXr0qDFMTs/Pzz937pycqI882sHpdNbW1uqD9a/yW/munG68BgAImgmJlcw6oBaPcJnu/8+p7rseyjNqiZoRuXeNvCwzcX7pzUq3voo2TqkChp/eNhNZLWSjkPVDfnvlyhV9iiRriQioIrKiyMoh363tcLKDnKgfgZEv9NnlV31RAABBMyGxksyLpvoRIp/9i/Nj4wruGnlFbSOmfGvMuQtpp5tq2mQn8XKoBBiWettMREf9CCwYOr1g6MdMjLeM4yR6P5Ev9Hdzc3Plt4FLBgAImgmJlRwpUhtI8PzV+4kJJR8dcdncQ5Tc8+CF1Ld2tW851Fbd4vGqfzEADBM9NhPjOhNnB/21rBbytfxqDDM3E9k95AD9oErQZhJ4BQsAQNBM4iY2h3alhH6xRN/SbBdlTaK00RKxmTavqll8saeHmXzm9da7HrxmLiGB+fTIi/c9cfLAe9sK52yc9PwhZ+oOUXBL/WsBYNjosZnoV4NIgYdBjnZcXqK/1ruHPkV/SxaPox0XkMivxzvoZ3Pp716/fl0frC858MALAAxzNJPYjqwTNTbt2eHG0/r2FYgrlaKxTR3ZY5rbxY0akVdtiZgrVotd/DhJe1qiuZDIfPat9v94ssSoH3fdn/upERf+e+SJT4+4EDhx2Zv7PInpvqT0W3M3znl1782Zy71J6f6Dp9S/FgCGjR6bCQBg0NBMYjhy972wVhy52e054npkOdEfyhFPmZAlvjRb7SRaLXnH9fHuF5Z8ZeTJ8Q9tSXt04Z8e2viJ+y/qE+8dfaFq0UZZS2SuJWwqn79+5M/va16w2r9xDzcJBoYtmgkAWAfNJFZjc4hTJWohCczRYnGzTp0rpnOoUDywVq0ln3qh9q4Hul3s/rH7L+16POH6hLduTHgzb8KbT4zeqk9f+pdDei2R8XZ8TXvuDcfiFN/SdFHboP7NADA80EwAwDpoJrGaK5VqFTFnX4GoalFnjN3IMnagQHx+Zlcn+diYG4GdRM+nRlw4M36qrCV6Zj40++P3Hbnr/tyC+VuMZqLEn7lT/ZsBYHigmQCAddBMYjVHi9UeEjTXq9QZYzo1NvHfc7Va8pk3Wu8aFfxi94/ff/HQE9Pz7jSTxx7ZcffvVn3yjweNU7kC41y2vnnltryMU+127s8FDEeD00xWrtmlTgrtQm7RjDkZ8xZvDJy4/P0dgd9KCxM3y6/bdpxYk5qjvAUAMYpmEpMpaxJ7TSUkaA7fHOwLTjblirTz0cy+/G4/wuoz4p7ny8PfF/i+sfu2vrCy6Ln3Lrww++4Hzt91//lvPJSdN22xUkuuZJ5NPuRccsS36KhIv8jFJsBwZMFmsqCjcvRIbyYAEE9oJjGZqxGcymWkxqbOPqDRb14czSjLd4ifv1JgbiOB+Z+xZzdM2elNTJv1YtLH/nhWTpnx9vEDCzekvX/40Nb8E5uuHdt8PW1v0+KjftlJZLIuibo2QTEBhqHwzWTOgvUz5mTokd+eOHVt5tzMBUs2nT6bJ79NX3+wsalVTln+/o7A1x6PN3H5NjmLPkzcaSbHTl6VCwxYvMbhcC1M2iIHy1nkt++v3a2v7sKlQtk9rt8oka937D5t9JAVq3fKtcivS1duFx3b0KvaAwBWRjOJyVwqV+tHmFQ0q7PHekZNLTa3kcB8Y8y51Dd3+ZLSX31596f/sFVOyU44sG5Pw9wcW9IR79LDHpnFHZ1Ezy0ugAeGq/DNpKmptaHRtvfABb1RZG06XFFZL7/O7vhWtgJZJE6dzbuWVxL42uly5+w/L0fKYQWF5eJOM0mYnyUX1X0N2iqOHr9yq6R6dUpOdU2jXJ1sPvKry+2RbWTx0q1nz+eXldfpzaS2tilpRXZefunBw5eMbaCZAIgbNJOYzPkytX6ESXncNZN1OQ3mNhKYHz18ZsfU7bKZnJi1/Qejt057aVNRyqHAKiKz4LD/vR2utzbZVxxx+TlcAgxX4ZuJJGvGitU729odxhS7w6WXAdkK6hta9ImBrw1y2J592kPf5QtZJDyecNezyTZy4VKhCDhNK/B8Lf118qqu23XMX7JJ0EwAxBeaSUzmUoVaP8KkMu6aydl8x8cfCHedyYMTjl+ZtUk2k/YlmVumbN346rTKReuWHfXqhWT6bvcbG+2vprc+v7ZFvt56mWICDF89NpNDR3MLb1bory/mFs1ZuME4uUu2AtlS9LcCX/t8flkh9GF6M5G1RLmi3SCbT1JytnEGlwjbTMxTaCYA4gnNJCZzs06tH6Gyr6Avz4O3eJra/D99OdylJsmv72lelGlc6d6+aN2lqfMy91boR0sWHvHLfjL/cOdFJjuuc4UJMHyFbyba4ZG1u/XXZeV1Bw9fEh3nXy1aukWEbiZGCZHDjGMmlVUNOfvP69MDJczP0l/cKqnusZkEHjPRL5SnmQCIJzSTmIwsG/sL1RISNOfL1CvI4yMXCx2fGhXysMmB97Y5lmTotaRicoJr4Vr5Iu29xPkHnJMy2mbs9gSe1kUzAYaz8M1k7qINDY02PW3tDtk0amubZPEwrvEI2kyWv7/jWl6JfimI0Uzk14wNhxYv29q56DtkwZCdJHvXKbnYHptJaVntspXbtetMjnCdCYA4RDOJ1Ry/pZaQoCmIr8fAG2lu84/8S/F/PBiknNx1f+71hE2exM4DJqUvT699e4EsJ0WJabOzqxL2el9ObX13u2vhEZoJgB6aiXFjLv30Lf2+WGXltVkbD4vQzaSisl6/fZYcFthMamqbZLdRrjbR776VkrG/rKKux2YiAu7NlZK+T9BMAMQXmkmspq61h8MmewvEqZLBfpjJYKap1V9U7rrvraK7RnRrJiPGn3DfqSXaMZPXEm5MeLNo4l8ci1Mz9jXqbWTGHs+r6a2TM9ve2+nadNFLMwGGrfDNBAAwmGgmMZz6Nq1+mDuJnqqWvpzHVVwvTtwavOTXqBsQYdyezj/BXp8ornQmb697aeaN74w9m/z6HseSritMZJqnLdUfBl808Z2KdXsDz+NaeETLjmscMwGGr8FvJk3N2p2I9TQ1tapvA8AwRjOJ7RTVBTmta2++uF6tjowwZ0rEshODl9156gZEEqdb/XPsaGxr3Hy0ZN6GtsXdaolM+5z38598Sy8ntVOXrNtvU24fnDPYuyUALGTwmwkAIBSaSTzE5hBlTdrxh4JaUTu4T3wf5LQ5gx3fcDh9q7V7BIdKxWsJ+U91lpNbb8y7tXrXhou+xGNiyTFxrFg02tXlARg+aCYAYB00ExIbuXNlqYnb48/SHvceJt7ENNuM5flPT6nbts/b1u73eH1+4fZqCdJzAAwnNBMAsA6aCYmB2F0i1NMQ/RU1vuXqGVzmyHJSvzzT08Ip3QC6oZkAgHXQTIjVY3SSZod2utr0/WLiRvFEpng4TYxLE4+k+Z9JdSauKbmQfNidFKKiLM3wZR8UPl+3P/sAQDMBACuhmRDrpt3ZdQ+uaptYekK8ki0ezdAKiZLHU73Pp7RfSj7kNdcSmQ17/OXV3f7gA0AHmgkAWAfNhFg0xrPIPD6x5qx2kMRcSPQ8uMp+f7JtbIrv0TT/lvdz1VqyPFPY2rv9qe83v180Nvqrq32Vlb66Op8/1KlmACyPZgIA1kEzIZaLI+CmwE6PeGWbWkXMGbmi7TtvXvrJjJvy9eZVlwObif+I9gDm6LLZ/BUVPiNNTX7PnWM7AGILzQQArINmQqwVT8DFILKW7LjeeT1Jjxm12vnZ8TvuT7ZNTHU2LNtinNblzy/uWmKUNDd3aya1tT6nk8MmQEyimQCAddBMiFXS3v1ZJbKivLQ10lqiZ0yK74vP7v9DYv3LKa1bVuVq5WTlBmF3Biw1OszNxOWimQAxiWYCANZBMyGWiMt0NtTiY2rxiCRjU/2fe2rX/cm2h9P82mldadtD3m+4HzweUVXVWUsqKzlgAsQwmgkAWAfNhAx92k1HNZod2q2BzcUjkvx+Sf033zg/arXzmVRnS/YxddHRIMtOS4u/ttYn+0ljo28Aug+AQfJ/J9BMgDjk5UkBsYlmQoY4vmC79e/mqH2jV/nWGxf++9WT8sUb2338bgIQxp7c1uzzNnUqgFgm/9f/mecL1KmIBTQTMmRpMx0q0R0q6t3lJeaMSfH+bNatEcmtL23tdkk9AAAALItmQoYsxhNLAt2sF2/vUptGHzJqtfP3S+qWn+x2VT0AAAAsi2ZChiZBT7Ly+8Xk7WrH6HOeTHe6gpUfAAAAWBDNhAxB7C71D6KutEk8HvpZ773NMg6YAAAAxA6aCRnsBL3kXZLT5xxS20V/8uYudRUAAACwLJoJGdSEqiXS7QbxWIbaLsal+tUpvYnT9JgUAAAAWBPNZGDT5hDtLuFwa7G7tLtRmcdYKmeabzU7fObpfUtzq2hqES1tnd+GOolLl31V7RXjOh7rLmOeHmFsDnUtAAAAsCaayUDF5Qn+8HGvT3uwoHm8ObLGDHKT2dlw8Z2y1KNN+c32/pYTW7uob/TrT0mXaWr1t/VUEp4J9mjF0WtcD66ym6dHmNuN6loAAABgTTST6MfuCt5JDPJNOcY8oz6vrC7m2X1+7R67A11U/lqeIZvJMdlM+n3YpK5eVFZ21hKZ2lqf263+UIF25KmlQs+Ydd6fTC8yT48we/PVFQEAAMCaaCbRjy/Y/XAVsmaYj5zIWhLmMgzRcbxlQMvJ1LI02Uyu2apsDr/53V6lts5fUdl1zKSmxudyhfvZZh5QS4Wesan+b715wTw9wqSdV1cEAAAAa6KZRDOOnqpFIL+/a8b2jkMlEZIzDkQ/udZSJWuJTE27w/xub9PQ5K+s6jpm0tTk94Z+tIj88cPcLPhrk06N7eulJq9t78V/EQAAAAwhmknUIttCb/eBXR5txvDXhYcS6nywXuVwY15Ra4P+OrP2mKwlS6p29P+AiZ6WNlHZcdikutoX5jiS2yt2hjiVS49sJqPXus3TI8nEjaI97FlkAAAAsAiaSdTi6H3B0A+b9O0f9b0+dQP6kBXVORm1x/TXy6p2y2aSeefbqKSxxd/U5A9/hUm1TSw5pjaKwHz7zYsjV7SZp0eS8Vmiuacr7wEAAGAFNJOoJfLTsQKZL3aPnNurbkNvk1i586/lmfr17nMrNstmkm+rMw/rcyL5TPbcCH5XLiM/nVX8izll5ukRprBOXSMAGPbktmaft6lTAcQyufvxmecL1KmIBTSTqKUfFaOP5BrbTJvRqyRX57xblt5k98jXM8rXv1ee3mB3N9o9Ja3N5sG9TY+3CdYtPhbuIhOZX8+v/OF7N8zTI8zZUnWNAGD49cwSdRKA2Me/OMQomkl00u5UP9nB0c+7dW2oPald8m53NNm975alrazeW9jaICvK9PLMfl5tIj+QSA4HeXxiQrpjbNgHvY9a7bz7qd3m6REmldtzAQjtw+NvqJMAAEOEZhKdOMJeSjGgfAH3+OptcpvLO87gqr1hq51allrQWpdQsXFp1e5brU2nFqTte3LqvrF/3v3Y2y027aBKrxJBK9E0tvt/v7B6zDqvuVEE5iP3rzZPjDDT9/fxSh4AwwHNBACsg2YSnbg86ic7mPp8Tle13S6byXVb9bnm2/LFVVvV1PK0C82lLQ7fhvueT/326M3fHZf5o0ebm13meY0kn0hYe2ZR4JTI7zaWX+P/xeySh9Z5zI0iMB+5f82Yvt44+PUdEV3uAmB4opkAgHXQTKITz5Du+/bnUvj3ytNPNxVvqD2RWnNkenlWVu0J/TyuE68nH/nTwgtvpue+t7G+uEkf3Fh6vTLnveajf2kt2tfa7s65kf3y1hHPbf7dy9vum5rz1IpT01PPJ5U31arbF9qio/7vTrkyeo3L3CgC88lHNv9xeYt5eiR5OF20RdyUAAw3NBMAsA6aSXQS5nkdg6PPV5v8+Vby5tpT795au7J6b3J1TpPdKyfW5dXmLzmsp3DF8eL08w0lLXJ6zaklhQn/XjL//6tY/OHzBbvfzXnk5ew/vrj1f9/c9eDErN+9s33si1l/fGn9Q25vpFXghS3i3ucPPbjKbm4UgfnGn8/+cm7fb89V3KCutw9k+XR5ByqcbwYMFZoJAFgHzSQ6ieRq7wHV5wcvzi1d/37FnjdvJs8q33CxuUxOabF5bq+/2NlMEg8VrTpZc7mqZOf1VrvLcf67tp1/37zp75sy/99Ze56cse/RydtHvL1r1Ls5I17M+k3C7sfGv//bMUm/qLNVq9sXwjMbxRef3T8i2WauE4H5yfSib7910Tw9wlyqUNfbB8duipRzA5LU86KkUV0dgMFBMwEA66CZRCdDTrkOvs2p3R1LpsdjKUW2uoSSjGm3U4435OtTaq9WFyw/JmtJ3Y4VN1fuLlx5orXdX7r9mufCp8SlD+hpOfd/Dp/8+syDf5h7+H/nHv791OxfvZr2s5dSfjpx9c9HJ/58XPKv5udMuVpxQd1KE1kb7pm491dzy811IjCj1rj+bVSaeXqE2XiZJ8H3i/z0muyirElUNIsWJ0d4EFdoJgBgHTST6MQKnG7tUnhZRZRTy5xe74Gqy9Vt9p2l51rs2kMVjeRdLXr32Zdfm/jMX997u6HZ0erw25tv1584VLF+ve3QfPuldQVLj8qWYmvztdYXiksfNJrJgh1fLTv34UUHfzl9z29eSPnxqGX/Mzr5hw8l/3B08g9GLf/+Qx2vn1z7B6/P221Tusuv1WrDl1888v2p18x1Qsk//jpxTEoPt/AKldk7HVW1Q3Rf5xjncIvz5SInv1uO3BRXq4SXfoK4QDMBAOugmfQlcu/f4ep2ApUVeH3aJrlNdwkrbC2fWrjudH3R0vxs5SklaxYunTT2cZnXHplw9vi5ttYmb9E8z5Upnty3fNfe8LfeKtuaW5B8zNbqc1SnGLVEZsbOH58+/ZnFO7/7ctpPH07+3oR1v3pszS8fW/3LCet+Lb/qeXzNr9zecH3gUJFWG77y8vFvvn7OXCeUfOg3S0etdpqnh8+zKfb5a8oOrz7bcqFQXT164veLm/Vib4HaTGT2F4rKFnU8EItoJgBgHTST3kXu9yv/UuzreNahRQS93KXK1Wjz2g9UX6h3tqTWHFpYmb26+sCFltKmFvcbjz+tNxOZhVOm+W5M9eW+4t033rt/gqjdI+f1e31V+24ULj/efviroj5Z2PaJpg0i928T9v7yvfVf37zzP8av/tEzqb97bdODL2b8ccLa37ycdb8sJBPW/UZ+lbE5mtWtCZB4XCsP333n6j0Tc8aFfdiizL89kHJ/cqt5ujmT17Vsf//i2RVHapZtcyVlepMyfEnpvpUbOAmpV9xeUdIUvJZ0lpMC0WyNTg70B80EAKyDZtKLaM81Vz9ATUw8LiOn6uyOuhNTy1Lf6ciCym23S6onPzzeaCZrZ7zivz7Ze/o5b84TMn5Xkz6jvao5P/Gw/eg9wlUstA/AJ67803vbfvrMmu+dPPjvr2b++vVNo6ZsHTsx9feTNjzw6oaRL2Tc9862sU+s/fWoVb948+jiZbmbfUELkxCzD2lF4qeziu+ZuDf8Y+BlPv9Mzh8SG8zT9Yxe675vWfOzq5u3v3+palm2fWmWRy8kRpZmCFekdwyD1GQXF0zncSnJ78UNogGLopkAgHXQTCKNdQ6M9Na+povTyzOnlK77S2mKXkvki6cL567enT5p3BNGM2k89arWTPaNd+2fVLp2k6upvXN+v7iddd5z+iPCe+fmuwVfrzr1D+cOfeTSkY8s2D36rzseeXvrmBcy/vhu9sNTto35y7axL2eN+MTi7/6fOV//wNQvv7Z7/p0NUb2yTSsVf1ze8vmnc3q8huQXs0v/Z0qubCAPrfP8b1LjT2YUfeXlY198dv+3ns/JmbW5flFGW2JWtypiiqiuU7cAIcgqeblS7SHm7CtQZwRiDs0EAKyDZhJpQvy7fwwobKpfWLFN7yR6JhQkjMt79+m1k2QhefL+Ryc+8Nj77zztuzbZf/kV797xLeUVhStOtN7s2o931DT5L/4/wnenqzRl6Veb5Oz9j2dTfj5pwwMvZd0/beej8/c99fa2Me9mj3sm7b6/+cuXP/jGvZ+Y8vXGts5jL4p2t3gis7N1fOuNCyN6OlNr1Grnh36d9JE/rv7kI5vl+D8sqR+9xj0mxTd2rev07B46iR7/0XPqRgwwm1OsOSuWn+x1HEN9JzGfX7vM3VxFzGnhhC7EuPDNpLS09Ogd6nv9lpubq04CgOGNZhJR2mP2gIl0oq5wenmWUUveLl0ra8nYvKl/Xrbg+Qcn/OmBx14d9/i+5Gf91yf7LrzkOTLZZnMXrjzRfK3KWILf1Shy/1b473wK7jL9Pl3rd37u6bW/eD7jvtc3jVpy8JmsM6/N3/vkpA0jp2wd952Z3//ae9/53zm/dnqCf3Y1reKxjM7W8bNZt8KcqaXnoXWer7x8/LtTrvxuUe1Daz3G2V/yxdJ3tph7iDn+7AOD3y8dHtHm7l0cpnsYDD7ZTA4VqSUkaOrv1FUgRoVvJtKZM2fk1/z8fNlS1Pf6QdaSgWg7ABDTaCY9p80hPOFufmtdcjf8nRzxxbmuL8z2GPl8goxbfv3SDHHPNM8909xfmO7+0iz3vQl6PPfOFl+a6bs3wX/vHNGZ2f57E+xd38rIbxPs98x0fH6mS+YLs9xfTHDf0/H6y3PafjTzr6Pn/3bJrtkOt13dpjsuV4pH0jtbx5gU309m3DS3kQjzg7cvtS5OM1cRNas3CSeXmkRENpODkTWTRpoJYlyEzcTpdMouIb/KOqEf65BFRdYVOUU/rlJUVCSnnzt3rrW1VX6rj5TDamtr5Qs5Ub6W7548eVK+ljPK1xcu9PzQJwAYVmgmPcfpGfx/ao+O7dfE3TPE54YgvkM3il2ecP/4v/Vqt3bxXy8eMVeOCDN6rXvBSyuaFqaqVcQUUdp1IAhhyD/wZ0vVEmLO3gLtFl5ATOuxmcguoZzNJafIviG/Gt8ah1Nk35CdRH6VrysrK2UD0WuMPlh/rZcZ41sAgIFm0nNidN+r3SWm7TN3hkHKjmtulydcn1tztlu7uPeFQ+bKEXl+PDb5yvQ15iqixH/msrodCOF6dbhbBus5fFOdC4g5PTYT/ZiJQZaN48ePy2aiHyoRd65F0cuGfszk1q1brR1yO+jTxZ0qIqfL2Y1vAQAGmknPiYmbApsVN4jxWWphGLTMPCDawp459cbObtXi/uUto9a4zJUjwnz11ZM/fHCJ11RF1GayPNPfFvIEMwSSzTavRq0iSkqD390AiCW9aibGARBZLfSTu4wX+qlZsp/oL/QqIt+VNcb41qgi+jldgQdbAATKyMhYt25dQ8Odm4Ji2KCZ9JwYbSZHboqfLlULgznfmO/fnOt5PMNnfsucBYe8u655vjxHnW7OxI3hnhHu9oqnN6jt4qF1Pdw4OEzGpvrveXr3xWk9HzbxpWb7C2+rG2RVfr+wtXsr6t16alp8dW1CT32bOjjqPD5xukRtI0YuVQR/vA8QW3psJgCGxI0bN2Q5OXbsmN5SdGlpadSV+EYz6Tkx2kz23BDfWaQWBnPGpPiqGl3Jx73mt8y5VuGubnJ9f7E63ZxHM0RB6MeH2N1iQpbaLvqZnyfcTnxpmdpDzFma4cvcJRxhD+hYg88vTl9vm5NZ/cSsW3qmZDXPPSj0JB5Txw8EWYH2BTun61CRaA1+0zUgxtBMAMvaunWrXkgyMzNramouXbokX6empp49e1YdinhBM4nbLDgs7pmlFgZzvjxHlNS53tsTUTOZtd9b0eD6r9nqdHN+uVzszVf/tBma7OJhU7XoZx5a5/36A0vtkdykS2bNFn9ppbpZluF0+19JLPvOxLyPj7z80ftzjfx8avVT64WeSdvUuQaILEi3GsSZUq2i7C8UFyuEOza7OhAUzQSwssuXL+tt5MCBAxs2bPB4PHpX2bNnjzoUcYFmEreZukfcM1MtDObcPVMU17iWHouomby0xVdW7/qvBHW6Od9ZJDIuqn/aDDfr1V4RlXziwZTbs9epJSRUMnb4ayx6RDjzQMNnx1y5a0RXJ9Hzg7cqBr+ZGNrd2sEuIM7QTABrunnzpqwl8sX69etlFUlPT5df6+rq9BcpKSnqDIgLNJO4zSPp4vMRNBOZtac9+VWuSAY/meXLr3J/bZ463Zy7Oy6CD2X9JbVU9D9jU3zffP38X55JUhtI+KRv9x87L+yWeJK5v+MARdq+BuVQiZEfvTmUzQSISzQTwIIaGxuzsrJkA8nOzpbf+ny+1NRU+e2JEye2bNmiHza5fTtmrhpF5GgmcZvvLY70YSYPrvWduOn+wRK/+S0lr2V7y+tdX4rgmInMUxuCPwfG6RWvd78xV1QyarVzRHLrv/w2sTmCB5uoSc7yHzglbAN/UbmJxydu1IgtV8S8Q2JytpiY4f7kqCvmTqLn+6+V0UyA6KKZANbU2tqqNxD/nZ2J7du361Ok9evXdx+OOEEzic/YHNoFJOa2EDTfXuhffcrzSFrPzSRhv6ewOqKjKzIPrtOOAJiVNokXt6i9ov/5zYKqB1c5Pj426/rMtWrxiCTJ6/37Tor2QT14IjvJnjztsTMvbNbuZib7xq9mNpgLiZFvvnSbZgJEF80EsCz9PK6bNzsfnuXxeFJSUvRmUlxc3H0s4gTNJD7T2BbR5e9GfrXcX17v+nxPsxwvcm/L9dwdWTP51oLgtzVbnyuejPaNuf64vOXzz+SMS/XLfvL7B+eprSPyLMv0rdnkz78V/HBP9BQ3iNe2i6fv1Aw9v53d9NmH88yFxMi3aCZAtNFMACs7fvy4XkU2b96sPxdo06ZN8tvdu3erQxEXaCbxmVqb6LFmKDlS4P7ThnBPNfnGfP/Fkh7GKAn6sMW3dkb/xlyfenzbzxNu668/OW79iXdXO5dEdpOuUHl/o//Yef/tSuGK8kXfPr92b4BnNnTrJHq+/uJtcxsJzPdepZkAURa+mRQVV86cm+nxeOXrfQcvzF24QWjPT2xaumJ7auZ+Y+Kly9q/6eoT2zoOvS5YsmnbjhNC+1der1xC8e0qfaKxtFnzsoylzZiToc9lrEKO2bjl6OKlW/VtMJamT9SXZmwDMNz4/f7U1NS0tDT1DcQ+mkl8pqpZu+mWuSqEyfObfQduuMOcqfXnbO+6054fRnA5ipG6YBduvLJN7RX9z39O2Hnf0ib99U+mFz7/xJK8vp3TFZgV633rtvnPXfXXR/NR5xUtYlK22kn03PvMTXMbCcw3X7xFMwGiK3wzSV9/UNaGWyXV8vXCxM3ytcPh2rPvnHwhY0xcuVb751t9ot5S5Au9Y9wsrpSvszYeNgbIpTU02vTXxtL0uYxVyLnmLFivr0LfBn1p+sTApd3ZUmB4KSkp4VKTuEQzic8U1aolIZJszXUnH/cEvW5+cra3tN4VyV25AnOzXv0DJ5mf/t7PfO+dq39IbAicMnHW3q/fP79iXopaNvoW7RSvzb6dh/1Hz/mr6vpzotftgsY9m4r2rL44O63W3Ew+99gNcxsJzH89c5NmAkRX+GbCMRMAGEw0k/jMgQK1JESS36/0Fde47lvlV46c/HaF73qFa86BSK8wMXJF+7+n6pEMtVr0M5+dsGP0GlfglHNny6a8lf7y+MVqx+hPlmb4ktf7UrN92Qf9N4r9zmBnqoXh9/uvFbav3dGyfLNj6frq5dmzMhuUZnL3E/nmNkIzAQZU+GYCABhMNJP4zKKjakmIMD9Y4j9e5M4tc9+o1JJf5c6rcB0rcv9xlT/osZTw2ZWn/oG73aj2in7mV/MqvvHns4FTHk0XDW1+UV2XNzvlqUcWXp6+xmuuGf2PLCrLMn2rNvk27hHnr2kXzTe2CIez20/r8Yr6Rv+hM77Mnb7lWcoS3EmZy1JKX8hyG2Xjv5+7ZW4jgfku15kA0UYzAQDroJnEZ0atU0tC5Llnprh3tvjaPPG9xX759b/nRvrERnOmmU40kF3F3C76k4+Ozhi1utsBk8czhU0vCDeKXUnpt2evK569tmFB7x9y0tvIoqIdVNnm37jHv3mvL227b+UG37IMdVhAXEmZt5P3TMp06GXjp1NrPjHqqrmQGPnWyzQTIMpoJgBgHTST+MyPk9SS0If04SCJkuc2q3/gMi6q1aI/+c2C6nsm7huX6g+cOD5LtOtnWrnc/vW7PYnp7sQ0+dVcDAYkSzO6Yn7XFE9Sxo41l/WyMTKp7YtPFpoLiZGvvUAzAaKMZgIA1kEzic98MbLHtA90vjZP/QM355DaLvqcL7907B9+tuChtR5l+lMbAp6j4vf7L+f7lmeaK4GlkrquUO8bDy6zmwuJkR/8uZRmAkQXzQQArINmEp/p1WMWBzQu7SY0XV6I0tPffzSt4NOPZ/9v91ty6XlnT7c1alxu0WTzn7rk337Ql7LN9/5GczcYzNQuTyuYs8y5YI0xZfeqi0bl+O7rFeZOoufbk8poJkB00UwAwDpoJvEZ6zQTe8CDCt1e8eR6tUj0IWNTff/xyKafJ5SMTfGZ311yvGuNXfx+4XaLZpvIv+W/lOffd9KftVu7MsRUGwY03sQ0+/LMhX9+88VRYwomzTAui5+2pOumW2NW2D/38DVzLdGOmbxRTjMBootmAgDWQTOJz/T29r4Dl0Z715+2mlbt8nRzl+htPvPE9m+/edE8Xc/58q41huTv6Cpen2htFw1NoqTCf/Scds26qUtELYlpde8sKnxmyvlZSd/5xte//fWvrfnzFP1alLS3dn3xycKnsjorh8zhPNf3nwtyB+FfvltFMwGii2YCANZBM4nDXCpX68EQpizg+elXqsTD6WqR6FXGpvo//UT2N147My6t21Xvgam2da2x13w+4faIdrtoaBZFpeJ6kf/kRd/+k749xzpz+Iyc4r9a4L9V7q+qFS2tWrexO7X7Bbvc2m2C5RKabeLGTe3hjB3Fw70opXXWiqI/vVPw3LvXJs87tWDDT34x8off+UHhtEXepPTCORs/+8DFT4y68siartsHb78mF+NvavUmb6/73nM3vvLEtS93ZPT8+knZ2iPkZd7NUbcdQB/QTADAOmgmcZhDhWo9CJ+fLZN7/OKxDPFfczqnfH2+9u3INZ3HXn6+TPzhfe3Fb1aIRzO0ewqbFxIqgUcwDhSqLaJXGZPi++2img//cdXIlW3md420dn+mSN95vcLjES6XcLj8dqce4XRpU+R02UBCPQxeTvd4/QW3/Zv3+TJ32lK2VS9NL09Kq88+uGvHzSem5n15ZNbkR2a4lqQ2Lsxa+fqeu+7PvWtE7qjldqOZrDrduaR2p6+o3LnrdHP2iSaZ4zdc50qFnsuV3dYJoG9oJgBgHTSTOMyCI2o9CJPnNgun3M32a+c3lTaJr84TW65ozwOR33p94mK5+P372llYHp92zyuHR5v+bo66kDB5/85OtrT0hNoiIs+YFO9dYzI/8fDGUaud5neNvLmza3VDT1YUn3GbME19i+e5BSUfvT9319Tt3qT0yc8f+sKoC/qZWt9/o9JoJlN2B84EYADRTADAOmgmcZi3d6v1IEyuVXf9aZD95KEU0dDeNUWWk7VnRZtL5NeKq1WdE1/eqi4kTN7b27W0afvUIhF5vvfO1U8/vvUXs0vMbwUm+VTX6ixIVpXs402yh7zy3KG82Zu+Mebcx0Z0XkPylWeLn7xzqckLW7TzwgAMApoJAFgHzSQOI9uFuSGEirtjD3jzZbE+V3txrqzzHCW5c5xXo71osmuHSk7e7vwTsyuvd4+EH7Wuc0Zp4ka1SESSMSm+u5/e8+03L4zt/kTFoClu7FpdKL6OS9/lD+7y+OWP5nCLdpe/1elvcfib7f4mu7+8yVdU57tU5j1z23O40LP7mnvjJde6064Vx51LDruSjrg2XXLfqvfJwaHO5wrD5fb/4Pkb5qvbP/7A5SfSvMZhk9sN6owABgLNBACsg2YSh/l1sloPwkRvJitPi8Rj2osd1+X+uvaizdX5vMLLlaLdLY7c1KZIbp94YK26kDD56dLOf/6XO/FPZKlFosf8fnHtp5/I/t2iWvNbSh5O9z+3yXe82Huo0LM3zy3rxKZLrvRz7lUnXcuOuRYfdibsc87Y4/jLDseUHY63tzveyna8sc3+xjbH61sdr221T95in7TZ/upm+yubIs3kLY55+x3F9d3O14rEpsNNxqGSwPxhXrPRTGQDdHb8hwAwoGgmAPD/t3ce8E1dh/5v2vT1vb6+jtf2/1aYIYxAs9ukSTOapKRpRhPAkw0Gs0cIe4e9jAGzvbeNwQyDMQYMBgwBjPHee+8tyVr3f66uI8Q5kizZsizJv+/n++Ejy9K95y7n/HKW5YBkYoN+fJSOB3oUksnxu5x7PP8i+BFXWP9kaHerhB/zQDJJs4Tzud/55o5r9Eb0+J5HZw2bbHN6KB0n9PvRjtzhs6I+3J6jdd0STWeEKOaGy5aclqy7IF7XGTlEq8/xrjqrSh1n+dSxnEkXPZSEmSPxkhaxcU0neeWSFyamssnkw01Vs0IVQjLxvc/VttFfBACYHCQTAACwHJBMbNA/7qfjgR4PxnO7r3PvH+Ze28ddyebGHuNe2ct96cXdyONbUV5340apxorsjePn6dp5nUso5D44TG9Ej6/u41pVjS01rXSc0OPEAPnwWRc/O1Dh7NfB/pZyRqiCzQzmdEOU6Fyy6iANZsbOQjaZjJyRNf5Qq5BMlp7jHpTQ3wIAmBwkEwAAsByQTGzN2hbjxoH87Rj//+YlMq5DzqeRMbu5nde48mbVIoQSfuYuEk7q2rlmMffBEX4cPPmkazi9Ef1WqxYYuV9MJwqt2nu2fepW+vHO/EkBcva3ms4I5WaHcwtOK9ecl6w+J1lzXryK75clXnlWvDKSb81gI0TvufyMKCHfiN5XWSXigfZ0MiH+aWmRukOXl2WP5gfANvhsVzH9FgDA+rmQ2JPVzUCfgWRia+bXGrcA/OmUJ3eDWMYvXVLU8KQ3V24tv9SJSMq/9n/IL2JIfuV+k96IfvPr+K9fyaajBauDV/vY3YV/31cyMUDG/lbTqSHc6ovctqvc/pvcwXjF3uuKfXGK3ddkO6/Ktl+RbY+RbouRbrrUseFix4YovouXKr0IucW4wSSGezReIozMMQSZnHt9djqbTIZPy1QvBr/9Kj9HMwCgV4lJbkUNBgAbg/zn+IXFOfS7wBpAMrE17xYal0w6VONMbhd09h1KKOSnriLsuMo1iPgXiaXc0rOdb0Zn8mueHL5Nb0S/sdn8d30f0OmCclKAfFJgF+0kgh9uz1ke0XjoFme4B2/x/dbUkncOxCv331C6xSncbvCpZl+cfM81+Y5Y2Y5Y6VYh2FyUrI/qbIoxMMykVxgx1++RszVsMhlglzzRS9LZoeus6VaNBAAAAACweJBMbM3TyXQw0C81N1dCUWcIKWrgV1ckXMvhQwWBvH0ulR8Nb2wy8VIttrg7jg4YRjk5SPnV4bo/rbr/wqyo1Wfb2exhNkmwcb+pJGFmzzUpCS2aycTzjhFJol2seH12BhtOPv6uWkgmcyP42QgAAAAAAPoJSCa2pt99OhjoV0gmnvc6k8nplM6+W0I/IhJO1lzkx5kQihu45Aq+hdTYZLL/Jv/1HdfosGG4jj7i97/L+D+n4KHTzzp7NbnfpNNCn3gwns8nqzXCybbLRszSRRKg83f5QxxTqGTyp2+K1UNN7mMQPAAAAAD6DUgmtuaGaDoY6Pf7Yr4f18xQ7p9e/PRZcyL4gSVBifxK8Enl3Gee3Et7+OUX7xRyr7lxN/P5zxi1nglxVRSfc8i/bOTQ4+RAxdjdhW+uefi/DkGDp0R8tD13or/MJUzpdoNOCH3rwVucW5xsc7RECCdG9b96kNXmvKWASibDJmfMDOpcctH3h5maAQAAAABsHiQTW3PpWToY6NcxgHMO5FPH6N38uu9vuPHTc71ziPvmHP++MM3XxEBunA//gmQS8plX99Eb0e+803z7gFHJ5IuD1X9YFPe7r71++Y/DryyJ//xg1aQAuUsYt+YSnwTYeNC3etzmDtxUrL3AN57UtRneasI1tso9IqupZDLQIXWKb4eQTPbd6OxcBwAAAABg8yCZ2JpGLQBvHif48n3AtCaTyUFKlYqvjza8+s3t337t+fO/7f8VSSNLb351tH6iv5T8VvjktBC+ms6mAsvx5F1uwwVxaaPB83OpaBcrRk1Oo8LJpzvrhGTy7fnOznUAAAAAADYPkonJTK/kR2uY1twaei9d+pobHQz63Pc8OsersLHE7mTL10frxx9vsvNsdfAWOft1aF3ufWaYpccSwcO3lQV1xiUTwoEIutnk1QX56qEmBRgEDwAAAID+AZKJyaxu4R6VmtjaFnov+m1q5/tisdmgb31lLz/OfssVOm8I4WRyEIkinQ0julwVRWcAi7Wo3ujeV6kF4oF2TyWTF6ZmqJPJQwyCBwAAAED/AMnEpqxp4V60vGRCbJZwbjfpvGGgJJZY4NgSXYYmdWd5RKfN+VSzidMJkZBM/FVTNgMAAAAA2DxIJjZlSb1xyyyazbImvsrOpg79Tgvhlp2jq/4WrsctrqLZ6GHrKQUiqtnkvTXl0wNkJJmsuEB/GAAAAADAJkEysSkL6yw0meTXcmdS6ODRpcvOc3vi6Kq/5ZtUxklk9JOmn9pG2ZhpT42Df2lOnuOx9jmq9RbFGAQPAAAAgH4AkolNeSOXjgQW4uNy7lEZHTz0u/ScNXXi0vRUMt9GZCxLPUqpDl3vrS0XOnQ9wFATAAAAAPQDkExsSmNXZzebtwq4VgmdPfS4KJI7GE/X+K3Fk/e6s3Z7YnbbYIen1oMfNjljdpiSX9Ukjv4wAAAAAIDtgWTSN6ZXcgmF/MLqppXUYtlUYAmeTeMkcm5qCJ1AtDothNt1na7uW5FH73DxBfST1iU1jdLhE1M1k8lgx9Rp/lJhVRO50XMRAwAAAABYGUgmfWNDG1fTanrHHqcjgYW44yrXIuFcT9EhhHJmGLc5htt/k67rW52Xs+gnzRCmbC+kOnR97d5Mksm8CC6nxuhR9QAAAAAA1gWSie1Y38a9sZ+OBBbi8gtcg4hbzSy2qOmMUG5dNHfAajtxaRqdST9phrDFr2Ko01Mduj7cWCUMNbmWw7V30J8HAAAAALAlkExsx9gsbrRFLmZCHO/LVTZzeXXc9FA6kExRdd/aFGMjmeQQvxI8dz2XftIMIatY5LA5TzOZvOiSPTuUH2ryXQyWXAQAAACAjYNkYjsml/GrrbOpwBIkdevaNv6Ge1zOzQ7npqoCCfl3XgQ/L7DNZBJBr++5xFL6STMEpVJ58kKtZjIZYJc8xadDmDt43w106AIAAACALYNkYjs2tfOND2wqsAT9HnIi1aIcMgUXlsRtv8b33Vp4xiqXK+nSoEQut5Z+0gzkdmqrZjIhjjvADzUhLjtn9DIpAAAAAABWBJKJTVnbyi06Q6eCvnXULm5LLF2lVii5kkbO4zZdp7cN43L5KZK7h1iiGDHpqRm63lpWIiQT4q18+vMAAAAAADYDkkmPvJnHV0PNZouILoBWp06Z9vZbf7YQ7cZPkMvl9H2noq6NO3GXrtb3tgfjO/W4pfK2Fg/3IDKRbVa3ct3udUUy2weLszSTyWCnVFfVqibEb85i+mAAAAAA2CxIJj3S/wHnZ0ab2ukCaHXq5Clv/+mPFqLd11/JZNo7ISmVXGULF5HMH9qxBLqKr+mBm0qi+w3l/jiFW5xi33XF3mty4p6r8t1XeHdclgluuyQlbr3YsSWK97sLks3neVeHt68IbSPO92okLvFrislUxOdzCUX8qogPSrmkMi61kjermsuv5/zu02Uw0CN3+PmRuw05J1+szn2qQ5ddsrCqiWB5M/0VAAAAAADbAMnEBrWEZPLXd//y8QfvfzL202kuC8oa5CWNXGE9l1HFDw2/W8TdyONisrjIVC7wIT9enNTmd1/nNkRzi88o31qU//YS3jfm5fzBJXPUtIwXJqcNm9Tp8xPTnndOHUp04h3ilDrYkXeQQ4rgQHtBfuw48akq/g8Om5h2I7lNT7NGq4Q7rjcp6dHjlqKHo0EWHyqhCvzpjjp1Mjl6B+PgAQAAAGCbIJnYoCZMJn//28f/+GQscfw4u3HOc+xnrZm0cOvkbz1cvwudteuyi9ut6fvuzjjwyOVI+qwTeXO8iub4Vi4KaVoY1r4gXDo3TOoaJpsTLp8fwc/BJTj3FK+6ns36zsrSgQ5PDbQwrRv9KjNLu2jUyKvjO2WxqcMQt8Z0tEh6FB2Onauhyjx6Vo76/JCTmVVNfwUAAAAAwAZAMrFBz5w5f1qHcfH3btzS4v2HKakZuawZOYWZOUWxD4oW+ZfN9qly9a+fE9g4N7h1fphk/ik5SRpstOih9kfbhk/NZBOFSRw2Ma2iXtplm8PtAjpvGO7Gi5ImUVc70ItfTB1d7CkZmqfobCr9FQAAAAAAGwDJBOozoZDbFkuHh97W6Xi7ro5YPfEN18zCKoPWUQ9MpPOGgR64qVx5VlTb2qNkEp9MTxw82Cltlmq9RcHFkVy9anEYAAAAAABbAskE6rSxndtwme+CxYaHXnV2mHLoxDQ2WvRQt4gaWZfNJaox6F736MhhoHuuK1ZEiqqau96LHh5ktVElH+yYOjNIrj4/c0/xiRGTdAEAAADAxkAygTo9kUBnBrP52a56EzabfLQsN+xmk8KwqnxlC503DHfzpY5vz4hKGw3bkw7Si0SDHVI0yz/IIXWq35PpuYhLIvk5zQAAAAAAbAkkE6jd2lZ+jXY2M5hH13Dly3Pz2IzRDT9fldsmNjQqKJX8pGFs5DDQlefEJJlkVyvkPWg1yS4RD3V8KpkMtE+Z5C2hTtHcU1xBHf1dAAAAAADrBckEare4vg/6cWn6ybZaNmYY6xDH1Ki7RqwAUtvGhSXRecNA3W8ql0eKSDJ5XCqXal9b0iByyyTPOz+VTAbYp0z0FLOnKCKZj1IAAAAAALYBkgnUblR6F9P79rau4cpX5ucPtH+qjm6UgxxTb6WJjKq738jjF1dhU4ch7oyVkVhCvJUnE0mN2evTkGQyzPmpeZMH2KU4nxCxp4hER78HXEkD18MVVAAAAAAALAEkE/iUN3O5dZf4flx9G0sEZ4cpP9/TwEYOQxzqlJpd1sW6JSyBD+m8YbjroyRCMolOl/VkSZOMIjE1zmSAXbLjsXb2/AjOjeAWneEO3urR2vMAAAAAAH0OkgnstKmdu5rFfXuervgaqGu40jVMOTuUqJgdRlQSyZvsJ41yZpC8G/N0jZiUtvxomczQ0SWdSOXcse4u/U6CwWrVIBPi6SRpT5Y0SSsQUS1F+pOJ4PwIPlYZMPcYAAAAAICFgmQCuYJa7koW9805urKrx9khCqdjbZ9tq/5kY/kYl+xhk9KHOqcOcUod5JA62CFliGPqIMcU8uPzE9Ofn5z+56UFH26sGre/caq3pBtNMc6e4iHORoSTMTMyskolUuMHoRc1cB636chhoPtvKJerYgnR//uO+jaj967mTgq9nokhyURwbxwnRs8uAAAAAFgnSCb92iYR30qw4DRdwdXlxBPtn+2sfWlO7mDH1AF2Ro8AGWifQjLM298Wf7Wr1iX4yQIdXTrxpHiQ41NDL3T5wsTUgkqDllNkuZZD5w3D/S5aKsQS4tFbkooeLGlyJp7uwGZ4MiGSC1pQT28TAAAAAMDyQTLp14Y/5nsBsbVbrX6xp2H0rJxhk9J6uNIIySfDJ6e/9U2RS6CM3YtWXcO5t5YVs5tiXX2izPjGkk5Op9B5w0DdbyjWXegcZEI8dENSWGdkTzINTkbRk5IZlUyWnedOY6kTAAAAAFghSCb90RYRV1jHrb5IV2q1OitE8bfvqoca05/KQAfYpbw4I93+aNsMjQXO9fjumvJhkzPY7aj9+Jvsdkk3I4FIyp24S0cOA90cLRXmCxbce1WSWt79aYNXHCtlT5TzSS2zButy4RmuWUxv1ihaW1svXbgQHBDg5+2tR38fn0eJiVKplP4+AAAAAIDxIJn0Rx+Vcu43DZp9y+m4aOyWGqOGeRjlgAnJI2dmv7euYoYB7SfT/KR/3147QPc8wrtCqoyaI1iTBhF3uLuDTDQbTIi7rogTS7qfTKbuKKSOa6CO9Uz0mFRGb9ZwpB0dJJawOUSrJJwkJyW1trTQWwEAAAAAMBIkk/5lUzvnfY+fZ5aty1JO85e+saSgG4NJuudQ57S/ba1xDaeLwep8UjR8aia7hT/NyTB8rXeWe0V03jDQA/FPxr4LbokWx+d1M5mQZPXRN9nUoZFkMtWHXgNev0fu0Fs2nNiYGDaB6PdcZKRc3s1DBqBv+cfZlt/PyoIQ2pjPbSyhn3ZgDSCZ9C83XKarsKzTA2Xvri7ryRKH3XbM7ByXEAVbJErXcOXft9dpDncZMy3t+4w2+u42hqDurmSyM1auGUuIa86Jzqd0s4OTXKF8cQrdQjXIIXWan5Q9D3pcdp7esoGIxWJ/Hx82e3RpeVkPmmkA6DteCGxm6zQQQhuQftqBNYBk0l+saeHOpXbdWjI9QPbGgrzBhk2EZXJJ2PhkWy0pA1swSmH0y4szs4VWnU2+FXVNPZou1+t7OnIY6HeXO6hksuqcKDK5m8mkuU0+kJlggFwOF8OG4qidF8F1r19bfX09mzoMMT8vj94WANYAkgmEtir9tANrAMmkX5hawS052/XAks921vVVJtGUlMHpuEFTUbmGK6f6dnywvrKkpptJQKCymc4bhqteYFHTwPvdnLk4PI6eMpg4xCnNNczoNSul3epdVVtby6YOQ8zLzaW3BYA1gGQCoa1KP+3AGkAysX3TK7lFZ+hqK+X0ANlr83J7OB2wCSV1cecTIracWt1xlR+e0ROudnclE7c4BTXIRPDEbUk3ilReK52xix7+Thw1PZM9av0ujaQ3biBIJqC/gWQCoa1KP+3AGkAy6QOb2xU9l92sLrfG0tVWSqcTojeXFVtOLBF8a1kxW1St+j2gb2tjiUylI4eB7r5GDzIRPHxTIpMrNFEakFSuP2phh78TX5uXxx61ftdH0xs3ECQT0N9AMoHQVqWfdmANIJmYz4aWjtz80lNh4WytrhsG+vsnJHyvP6I0i7gd1+g669MqP1hfaWmZRO2HGytnGDDm5Pti+rY2ig45d/QOHTkMdH3UU/MFq113qtLX21fzegUHBKSlpOjPJ4sOaM+Hf1lZyh61fsMf0xs3ECQT0N9AMoHQVqWfdmANIJmYyRaR8kzEabY+10PPnz1XVlnP7q5VNbbkYDxdYdV0ZqBszOwcth5sUb44M3tWaBezdVX1bC2N/DrOg4kcBrryrJZBJsTVEfVUMhG8GRfXUF9Pl0BFm0jx0nR6Vi7BL3bXsUety8WR3KooLqmcS6/iHpZytwq4+AIuLrfT24Xc3SJ+tZPsGq66RcuCjEgmoL+BZAKhrUo/7cAaQDIxk3VN3ZyMVb9km7fiE9jdEQ/EdzG85MP15WZbrqTbdrnI4PzTXAtTvTYcqZyvvrORwxAP3FSymURw5ekmrckkLDg4LSWFLoSKnFLJUCftl2PCwWb2wFnnRXAbL3Pe97ngR1xcHj94JjaHu5JNG5vNv38th7tTyN0v4XJrOZHG9AFIJqC/gWQCoa1KP+3AGkAyMZMPE1PYypxJDAkKYvt0hSfR1VZN/7m/6UUXLeMZLNMXXXJmh+qcmerb809VrI2lrIkLS6Ijh4FuuSxlM8kPtvt4+7EXixgZEaFQaFkRcm9oFXvsglO99WUzEkiWnuWCErlLmXQIMdyb+VxOLdcsQTIB/Q4kEwhtVfppB9YAkomZTEi4z1bmTGJwQEBTm1xzX/VtfFWVrcIKzgySvTAlw/JbS9QOsE+Z7K1zBfTVUZykBwuZZFRx3t1aycT9hnJ9FL2SiabePgHsxSKePnVKJqNLTKKK3YY89tgFZwXpHGyzKJI7fIeLSOZisuiwYazXcvlWlPyKZn9f7ZlKv0gmwEpBMoHQVqWfdmANIJmYyd5LJkH+JJnI1DviR71fpeuvaid7iZ+flM7WfS3cV+bns8ciuPYSP4S925xO5g7fplOHIW65LFseSacRTU/6ap/qICI8nE0mBRWS53V05XpxegZ71HNU3diO3OEuZtABo+deSm4JO3eNLbl+kUyAlYJkAqGtSj/twBpAMjGTZksmwYl0FVbtV+5NAx20V38tX13NJj1JJlI5d+IuHTkMdPV57bNyqT3qd469WH46kslct2L2kAX/uKSIOuSFZ7jARC4qnU4UJlV58WH1qei7bPl1iWQCrBQkEwhtVfppB9YAkomZNE8yaRbx4y7Y6jvxy70NL0zJYCu+1uIn22vZgyKuudj93lxiWTcbTA7GK/U3mBCP+EexF8tPRzJ5Z34me8iCYzdXUIfscZuLoYNEL5ilvJwmCgyJYA9Bq0gmwEpBMrENsyo6iOz7enxrXUHk/Rb2fWgz0k87sAaQTMykGZJJQzt38i5dcRf8x45arQtlWJFDnNNmhWiZPnhxJNfeQd/WBnK3mI4cBrrrqvYFFjU9FHCFvVh+2pKJf0w9e7xq7T1a1Ac7P4If6U5HiF41S3HmapKfAdPKIZkAKwXJxDbsRjKBNi/9tANrAMnETJohmay9RNfaBd9fX2FF49316Hi83TVcyyRdVa30bW0gIY/oyGGgGy/qHPu+4nTTttD0vUF3PX1D2IvlxySThhbZ6KnalzEhDnZM1Rz+Ti4xnRzMofJcQmFIpPagpRbJBFgpSCa2IZVMxu0rKauXbYqoCbjVFJfeJrzZKlYMWZhT0yxTfyY+s114LVMol/hVRj9uPRhdz24cWqn00w6sASQTM9nbyaSulR8SzdbaZ4Uqh07UWfG1Lj/dWae12SS3lr6tDcTrHh05DFTrIJPlp9u2hGZ5BFz29A314Sfm0t7OoJlMpDLl1cTmQfb0kaodNT1ztsYhb7vKxgZzGJMhO/99uf6WEyQTYKUgmdiGVDLxut7YJlEIrxvb5cKLikY+k5A0QjLJ759OJsJnJuwvVb8DbUD6aQfWAJKJmezVZNLYJtM6H9eMQNkQZxuJJc+pZuhyPiliD/NSBn1bG0JlC503DHT/jc5BJitOt64PrT5y7O6N1YcfLNmVNm9T8LET7AWi1EwmJ87XvDVX5wgT4p+XFWse6fEEOjOY0wv3K/19tSwfKYhkAqwUJBPbkEomGWUSIYf8XtVUIrxoV2WVyh/e10wmwnc134E2IP20A2sAycRM9moyIX9/l0TS9fVp/tL3N1SylV3rddTM7K/ctayG7v09fVsbQmolHTkMdM81+Zrwut2+WUeOJVzZ4Pl4wbZM1/VZs9cRIw4dYy8QpTqZyBVKh035Qx31dbT7eHOl5pH6P6DTgjmNyVSERsawRySIZAKsFCQT25BKJiRgqJOJuvHk/MMWcsXVnbuQTGxe+mkH1gCSiZns1WRy9A49+mJ2mHLUjExrH/VOOdA+5YP1T9XUBRed6c7EwedS6chhoDF7zqTO26xOI5pG73BnLxClOpkcv1Cj/wKR453i9aSNaF4EF9ULq5cY5eX0jqDQSPag/JBMgNWCZGIbkmiRX90xz6uCOGRhzl82FJAfqXEm6m5dgkgmNi/9tANrAMnETF66GM1W5kwiSSZzmcr6sMlWPEGwHl+Zn+8aTh8sMauKUyjpm1sPUjnfM4pNHYaYvHgnm0kE76zewV4gSiGZZJeIh+htLSEOdU6bFfpkkMnqiyZY6L3nRidrXyQeyQRYKUgm/USSOlJLJCS3bI6oySiTsB+Atif9tANrAMnETAYHBLKVOVPosz/oNlVNtzvQxFZzDXeAXfIgh5Thk9Jed81y2FbqerByhW/tlvDGlb51C45WT9tX/tHy/JFT0oY4prLf7W3HzMrROj1X4EOuSUTf3HpoaOcXUGdTR5ceiZNobS0RTPxmC3OBaIVksiu46452r83P1TzG767QIaFvzFKG8vN00aPhkUyAlYJk0k/cG1W3KrhaeF1SJx27rYj9DLQx6acdWANIJuYwOTWTraGaxK1BSfNOPTVd1cSTooH2XfzPeF3+ZXHOt961AXckkUnyi+lKukqqYXSG8lyy/EScaHVA3dhVBYPNtbT80InprmFaksncCM7nPqc0uNkkuZyOHAZ64egNNpCozZy9LtDTk71MmpJkci+9eZhzF7mOXMTPd9WpD3DFBf4A2QvRJ15OE52OTaSOC8kEWClIJv3H6ma+J21Vk2zIwhz2t9D2pJ92YA0gmZjMFpGysqa5oqaporrT8urGkvLa2NjrbPXUJPr4+M8/JdWsoLsEywc7dVHlZX3NNXPWgYrABEl0pr40osvLmdzpR7JVfnWfrinQP3DCJM7WlkzmqIZhFDfS97dWSH4Jf0xHDgN9sOowG0g0PX3wKHulNA0OOfXeIn3zcQm+t7psuv+Ti+sez51Pp898HxqTKQ8KO6t5XEgmwEpBMoHQVqWfdmANIJmYzKycwujomItRl9SeP38hPDSMrZuaysN+5+eceqqa/sm2GraOq9+XXTJPxonOJMl6OIYhKk1Bss2474rZXZhWzaEXlGdT6ftbK3IF3/7Apg5DfLR0B5tGND2/9xB7pTTdejDKkCYm+0PNmiNq/B5wl3t2gUzuqei7mseFZAKsFCQTCG1V+mkH1gCSiWm8EnOVrYP2tqtDStU1V9dw5YjpWWwFV4+jpqa7X2qNyepOO4kuSbzxuy3541zjSmKULsE6k8m8CC6rmr7FWVoknMctBZs6uvRoTMXdVTqHvwveXLd741a3dVv2njh+kr1kzitjhjs/Yg+K8sXpGXM1MufCM9zFvp6Vi/VyaltAQJD60JBMgJWCZAKhrUo/7cAaQDIxgSXldfqXx+4NT/qEajaYvL+mjK3g6vKFiWkO20rOpyjY6qZJvJSuXOZd886iHHbXPXe27jYT4uJIrrqVvsspLiTWsamjSw9fbz15+k7sVjc2jWi6b8LiH48Y/8zwcb98xWnBim0+Xl7qS7ZlX/hAu8fsEbF+vqNG86AO3abPsIUYEfO9+uiQTICVgmQCoa1KP+3AGkAyMYFJj9PY5NDbevhdVNdcZwbLh01OZyu4ulzuUxt4t4OtaJrQM0myPedbDOm2ZJQD7FN0jTNRG/BQ3wzCre0Sv1uNbPDo0iOx1d4hURf2HmLTiKYfvjPtR8PHCT73ztRN293Ul8zu21j2iFgHOaS4+Dy11D05IvYMW4LnE4rUR4dkAqwUJBMIbVX6aQfWAJKJCYy7fpNNDr3twvAnldfXF+SxFVytDrBL9ohpY6uYveTZx/Lhk9PYYnTbYZMztM7NRen/kCtvpu91gZvZoiPxUjZ4dOnJ03dWbnb/4OtFmUwaURvq+M2Pf4glgs8MH/enL+ev2rR714GQwfYGNZiMmpmtmb6+Pc/FMCfWIsxSRj2sUd+QuTk59LkGwBpAMoHQVqWfdmANIJmYwD5JJupxCLNDlYMcDJ2P66uNRZcyTDmwpEsXnag24YRdI6ZnaV3PhHJRJHcgnpPw80PSRDzqOHRLyQaPLvUMuuCydMvPRtudc/6WzSSCLn+brRlLBH86asL/vDXlywWn2cPR6tj15ZrHsvs6fUr73JhMeXSqKPJGemDQKfUNmfL4MX2uAbAGkEwgtFXppx1YA0gmJtD8yWS//1Wh2jr+UMvwaV1PQfucqo+Q3dbiy92aF7gnxmRx33jWmCqc/HFJ0Rxta8BrdWUUl17FzxGsybFb3Wkw8bgp3bTTY8wnriRp/PJFuwDHZWwsuTxlxS9GTWCTCd9yMtLxf766wx4OKzlRU30k6kNYcJqfcIw9q33i5SzuZGx9eNTNAP8gdhn485GRSsMXlAHAYkAygdBWpZ92YA0gmZhA8yeTJeHNpNo6K0Rh+OolXjdFPZwXuNuS/c4/WvXCREOLqsshTml/++6poeFdOi+C23+Ta/xhefj0nCKPOFE32kyORWU7z13/69echKTxs5ETNny54N6MNepYEjVx+X+/5MBmEuJPX57/+08i2cPR6nvfFmqW3+0GfTLN78V05TKvmn9uLBoxJW2wQ/KizefZG1LwXkKCQqF46g8MABYPkgmEtir9tANrAMnEBJo/mSwI75ijajBhq7ZafXdJTvdWUTSVZ5PlM90r2IIZ5fBpmZ/vaWDjh37nRnA7r3E387mGhoazZ8/5BEREB8feOZ1+/IYRjScnI27/+auFPxttp84bvx5t/85fpoc5LoudumrW2NmjXnN6hskknZ/8q+f/jU9kD4d15JQ0e7faJyU/xQU/os+kmT2dJPtqU9HwSWkD7TsL+ebMBG9P7TPRhQYFZWZkNDYatuAlAJYBkgmEtir9tANrAMnEBJo5mRzxO0eqrS4hiqETDRpc/sKktIhHMrbSaWZjsrj3v8lli2e4by4rnuYvY7OHgZI4tzEoK8YrrPFYiOJoiOxYWNvJyIyQu/GRmYFXmw/H62tIOekT/Ns3JrKpoyvH/8fbu5+bkMQei1Y/2ljlEiwXSjsvgtsW2zdj30mM3HGm6YOluaOnpQ/U1g3v66VXDxwOZO9Mtf4+Pj00yN//dHh4XW0t/RcLAFOT3Sgn4QRCaGP+42wL/bQDawDJxASaM5l4+wRsCs4kNdc3lhSyVUatephxMi79hj+QDp9kUJrS6vhDrV1OGazHGQHts0Nl5ScuklhCSVJKs+e57OA7Fy+WBF1tomLJkdiqvW6HfzxyPBM8tPvMiAk/GTP9l++6/3Zs2HPjDY0lzzunugZL1aV1j+eizLu64o1c5b185Ua/GnKNBjDF03SAXfJr0+/pajkxocGBgW2tXS1PAwAAAABbAcnEBJozmRzxO7c8tJrUXAc7Gjps41J61/24ruVylS1cSSOXX8dlVnPJFVxiGXe3iLtVwMXl0R/utpezuLGr8tkSGuIAu5Qpvnwftm776daHjvsyxcfC2WRClKvySb13VJn/1a1H4g+eST12IVPwZMTtsXPO/vLdA2p/9f7hX//VU5f/+XHw7/8e+b9f3/u/8V0v9672xZnZmhMin06mz16vmpCnzClRFJQqYu60vTy967VxBtk/3ukewt6fJhfLpAAAAAD9ByQTE2jOZLIt6NHcU8rXFxewlUWt7rvQwlZDWWNz+EBSWM8vA1LbxjWL+Sl3O+ScVKVMwcnICwX/ukMl+a1YxrVLeetFXEUzV9zI5dXxc2E9KuNu6A4zofelg7q1/OKoGdmGzBesx9+9/83PXrS/u/Gw2COITSbEtkOBCyeuGvzm5GeGj/vJyPG/ed152AczF6/avml3AFsek/vZ7idDaPaZZeD7tRzuliqQlJYpysufmJUn/WhJNltCyndn3/Hx6vVmk2uxsfQfLQAAAADYKEgmJtCcyWRpWJPDsXa2mqjVP87L6nI+rpQKPo2UNHH59VxODZdWyTeYkHSRWMp9X8zdK+buFPItJzfzueu5XFwu34RCgsftQv63iWX8h8lXyBdJqiHhhESU6ha+4YXdkdoJ3xUPcTQ6nNh5tLJhw3BnBomffdHxR8PH/XTkhOFvTr2y9oDsyJNM0n4k6NjC7b9/1ZntmkV89kX7//jj4v/5NGzg13FswUziq3Nz5v2wQM3y89ylTPqkmcrYbO56DvewQJlXqijTSCOURSVyhw0Fz+ud+W2g3eN1uyLYW9S0Xrl8mf6jBQAAAAAbBcnEBJotmfh6+8wMkLyzspStJrIOdkiZ6V7B1k0pCxv4NhC5kpMrVG0jCr49pF3KtUq4BhHfflLVwpU1c0UNfJNIdg2XUc2HGZJJHpRwd4r4iEKCyrVcPrcIxufrazMhHoxufdnFoDVYNJ0R2P2x78QJBwt+NLxzoMhPRoz/0wezjszblrj12ONtx29uOLR+xvrn3pika3KtH6mGjvzbK7N//fa6gf+MYsvWcz/dyvfQE+y9mYKvqTJJWpGyuExfLBEMvtz4xco8tqiaOi6/wt6lphXJBAAAAOg/IJmYQLMlE2+fgNcXFRi4aqHTztLThk3JFavqzXVN1SRyM4+LL+AbSe4U8uNM7pfwCYREkcxqrkDV16u6lWsS89FFoeQXMexUFWykCv63scz2WT1i2tgC6/HDTVVs2DDcWSHSgV9so8PG8HE/HjFekI0iOh0x/l9fmv5/nxx9bsJjtpzd85W5ufMiOou66EyvDHy/X6DM19tIwlpWpkjPlr4yQ9+Yk+cdk9i71LQimQAAAAD9ByQTE2i2ZHLCM3CQg74ONpquDazXv+I7CRvlTXxLCHmRWsk9KOXbQOJU7R7XVF7N+cFc/n+38725VF25bubz0UXo0PWgmEup5HJq+UaVsmYuu5rei1YjEmWDjRlt4nRcxOYNw7U7WPjb95fSGaMHPvui03Mf7xz4z/OGzwisx8lHm9RF3XbVlDMFk5R4N0+ZWqgoeXokiYGSJDNndzFbYE33e+ibPrjnIpkAAAAA/QckExNotmQyfU00WzXUKqn3X8rQF0uID0v5ASGlTfysXNWtXF07332rRcL342rv4Ae4dwhj31WNIcKod/KrJjH/SWHIe24dn0nSq7jH5XyrC7sLPf55YQ5bbK2+vaLUNZwOG0b58gzfZ0fzg0xM7rOjJ/2/v+4d+HXcgAkGraVIOXJa+tjvyuf8MMJkxzXubBp9orohCZMkkGQX00Pbu2FOvkz/VF2fL77O3qgmFMkEAAAA6D8gmZhAsyWTzxYZOgL7zfnZbIVV8Foun0aKGzpDRXIF31oijHSPy+MDRuwPTSXXVF28iDfz+RYS8pn7JXyeSSrj+3dlVPED3/NVA99JtiEfY/elx5V+tWyxWZ+fmD7zh8UHu+3/jF3LhgoT+sxIu2dHT/7NX7YPHH+bPQRdvjQzZYafWD3h2NxTisgUg3rf6fJ6jvJxobKgVHsLSVGxPCi6ccPJinXHK/YF1dxPFrGf0eqx03Vs4dU+7/ioV2foQjIBAAAA+g9IJibQApPJzP3lbM1VkCQQhZIf8i5VNYOIpFxbB99U0qwa8l7fzseMItUUwGlV/Ej3h2X8V27kq4ajqEakqBUGvt/I4zt3sTvS78Ho1oH2XXfoemdlGZs0jPVXf57PxgmT+5NRDv/2xvJBX8eyR6FVO/cqdWsJcXlozaVUEXuiDPRWLpddoihlcoVgSlbHQrfSN+dkjpiUOnxS6h+mpf99WU7o5aacfBn7Ycrvk8WD7OnCa+qudz34HopkAgAAAPQfkExMoNmSyeqdp9l6oVbPJSvYyqtaIVEIg0bifxg08rCU75SVVcOPdC9u4Cqb+V5bJLS0d/DpRejcRZKM5IclTYS1TciP141sLRGMSlc+76xvzMwAu+QJh1t7uIbJHH74e8ezY5zYINF7/uI1l+fG7tMzRP7lWenTfdo1Czn3lNzDL+piUj17ovR4Lln+fZ6yUEcjieCjNPFWn0qt0zQPmJA81CllT2C1/k5fZWUKu/X5A3XPu7B0y1lfL/peNZVIJgAAAED/AcnEBJotmZw44cvWC7Wqf+y7sQpNJXz/LlXnLiHVxKmaSu4WGTQZl1bfWqBvOb+Pv3sykW5PdDxS9uNR9mx+6GXH/27sKeqIhjg+/uuqfDv3atcwBVXI7YEPyfW9cK+UPUuUMdncyesiF/eKsSvzP12eV1QiZ7OE2oQk0asz0gcw51ZT8tvlHmVlesOJb1TDO/Oz2O8K/nPJNbdDweztahKRTAAAAID+A5KJCTRbMvH18hnhbNBI6y4XWDSV3Y4lxL+t0LlcxhDntEneEjZmdMNx+3N/PNKOSQ697n9+4KF5RMOcH4/dWOwSIHINo4fNzAuXHfM9Ta7vuVt57FnSNDpTuT64/m8r8p93Th3kkOK8uZBNEZpu8qzU09ah9o1ZGSlZHezX1V671z5+XT77RcDSLIoAABxISURBVMG/zr21zS2MvV1NIpIJAAAA0H9AMjGBZksmxC1uYW+5JLC1Q01fmpnBVmot0Cm6Z6SdcKhHK75r+unWh8+MmECiwrMjHdj80Hs+N3b3G7OTPlufPflE03Q/8Zxwup1E7UH/GOHinr7yICZTyyD4C6mKuYcr31+aQ3XKOnyqlk0RapMzO17Q219O07l7i9ktqM3Ol+4PqWG/JfjSlPvfbotk71WTiGQCAAAA9B+QTEygOZMJ0cvT951Zd9gKotovNxSxtVsLdLV/NVv4oRPTP9zYo3UVKb/elyW0mTwzYvzPR0/51ZgZv/zDjF+MmUZe/3z05H99ceLPRjk/O9L+x6r00j1/MsLuX0Y5kU39x5hp5MWPho//8cgJ/9yTxhaGcnlozV7/JzdPcPi5qAdVwskhESU6pXVneNlrrpla134ZYJcck9DKpgi1Sw6Ust/S5cjJadl6R8NHxbfoWuJz5MSHM9ZeYm9Uk4hkAgAAAPQfkExMoJmTCXHrvrDXp91j64iCjtu7Hq5gCX4XVs8W/r21FdP8pWwlvttO9Wn66RhnIUI8M2LCsyMdfjaKRIjpv315zu9envv7l+f9/hXiXPLvb16aTd7/99FThazCJhDWn4y0J1/55ZiZv/6Dyy9GTyUR5RlVLPn9u4um+7exhdF07inlXv94L58g9WUN8A86dzufnJnLqe2R11PDL8RPXhunKw+Q928+aGcjhNpxa3X2v2IlW0tI0jeP8LV7bYN0zKU23Dlx0qrL7F1qEpFMAAAAgP4DkokJNH8yIXp7+uxwD12y5ey8jRemrI4evyz204U3Pllw8y+z7ri4FZ1O1NIpyNI8FN3CVnMHO6YNdU4bNjlD0xHTsjqdnjVmdu4r8wuIry4oeOvbkrdXlL69suyjTdXEsdtqP9vd8E+3RrvDbY7H2qcHSIWpvT7fkfRfH65icwWRBAneEeN/LISWF53/7cVJvxgz9Vd/cPl/r8z7r1cXPvf60kF/XDH0T6sHvLHsf19b8t+vLiT/Dnpj+X+9tuB3L8/5+egpQhoRtvYvox1ec/F1PFIyM7CLRevnhcsO+WlpZwgKOR0cft7f10/48YvF19lTJDjQLvlRmoSNEGpfmalvhUTWoxF17EbU3k0Sa226eU61pMm4b66yx2ISkUwAAACA/gOSiQnsk2RC9CX5xMvHy9PnxAm/o8f8Dx0NJLp7BDmvufnWgux3FuV88E3u15uLJu0um3ekam1A/Zawhv1RLVfSFddzTDlzV7f1uNxG1XE/2lzzj531/9jF++W+xq8PNP9gi9MJUacnRRM9JYKTvSWTfTqIU3ylxKl+0un+UhJIZgbJXILls8M6ZxyeHSp3PlYx7J9bf/3GFDac6JJEjmdH2v/LKCcSV34+evJvXpr925fn/P7lef/50ux/Hz3lp6McfzLiqXaV3/x5zmdb7s7wb9VcpUSXm4Iyfb192Wvq5/3UqoX/0L2CzUD75KR0fclkxCRDB5kI7vKvZjei9mGqROvUw8+pksnXS5FMAAAAANBTkExMYF8lE106rbjCVh/V3nn0pNNOWZmirFxRWsZbUqYoLlO8vyh7zIz0l2ZmvDY788PleX9fXTBhS/GUPWXzj1Qu96ndEFy/LaLx0OXWY1fbPW+IfOLFAQmSa9nK6z8sG2/UVF0eMXQymR4gYyvxptU1XDY7ROoSJJru3zLVu2Hy8TLHA9mfb7793qJTf5joMfDTdf/90crfvrv4V2+6/vyVKT97aeKPR3a2h1D+7A+O//7a1P/66zdvzPSaeLRohl/THMOWXlkYLnb3j6USiC57kkyGG5lMdgfqTyZiJBMAAAAA9CpIJibQ0pKJy7qLbPVR7dW7bWy9U+24NbnsV1gH8DXjFOJgx5S8QllpOb/6OK8q4RSVKQrKFPmlitwSxZfrC7/cUOiwrcR5Z+kMt/K5hyuXedXwISekfuXJovdcb781M+GN6ff+MPnBiImPZgWaZqbgnql0DZPP4tOLeGaQaGZAy8RjpRP2pX+x7cGX277/cuejcfsyp3lWugS2uwRLXHXPuMW6NKzpoF+0l48RS3+MW3aVPfmCA+2S7z0Ws1dQ7bsLdK5AotVTsU3sRtTGP2zXNc7kBadHDstj2cKbRCQTAAAAoP+AZGICLS2ZLNh8nq0+qo2Kb2HrnWoX7y9iv6LHAXbJxboX+ysrVwyfmDrYgQ8wQ4hOKUOdUkdOThs1Nf1ll8zxKxO2u4du2Re2ac+ptbsiVu6M3Ot7fXfA7V2B97YGPd4clL42uGBNSNGK0MqlYY2LwkXzwumVQMwjiR8kq8wOlfGGyfkFSQxrHtF0cViLu98VHT24dOq4XGfzFznzJC2w51ytnhVItHo7Ud8I+Kv32gbqSCYYAQ8AAAAAk4BkYgItLZls3hvOVh/VnoisZ+udamPuNBqyNp8gqRxv961iN6I2t0DGfktt96qzpHLv4+3v7RPg5RPo5RPk6RNywifshE/4Cd9Tx30iPPwu7vOP2xVwb3vgg++CUtaF5K8MLV8W2rA4rHVBeMf8cKlK2TziKfncUwqVSkNGhnRL5YJwyc6A+0d8zxnYfYvSdUMUe97UnrnezJ5ztV5ntUx9psv3FmQVFetMmCWl8pDLjey3BF+c9HDexgts4U0ikgkAAADQf0AyMYGWlkw8T/qy1Ue1zpu6WDj8n6uyDAwnB8JqC4t0VmeJuwO0rFiidvn23lqeT5e+3j6qYOPn49OZbTy9SbYJJvHmpE/oUd+zh/wuHvK7vM//xu6AO9uDHm5RNd2sD85bE1K0KqRsZWjF8tDqZaH1S8OaFoe3LQwXkbRDso06h5DYsySshXxsbXAB2QLZprGNJJRrd51mz5valUfK2XOutqBINvabHPZbrIPsU3wvNLBbUJuYKtazOsqfZt7dsOcUW3iTiGQCALBG8vLyEhMT6XcBAF2BZGICLS2ZEHUtgsHXI10z2aqnpoEXa181YMLZIY4piXpnrSVO26avb9j63RFsyftQIbdoRheVgXyA8Qk57htx1C/ysF/UQb/L+/2v7Q2I3xWQsCPw+62BSVuCUlQm7wh8sC8g7qhv5EmfEB9vf3YXxrrVLWyg3WP21Ak6biwoK6PPudqycsUW76oBzLdYyeVOyepgt6D26t02PX3DPpp3c8f+ULbwJhHJBADbIzg4ePsPXO6dZ5ykAmH7bm5utbW19K97HyGZpKam7lIRHh5OfwIAoA0kExNogclkkL3O6iwxr0Dfat/lql5Yr8zIYL+olsSSy7f1LUAu+PIMfQnnwOFAtuRQ0yPH/Ic5PWJPnSA5vRk5Uva0qy0pVSw9UDbMWd8kXSMnp919rG+ECXHtsYrRU9PY7wpOXR199HjnAiwmF8kEANuDJJOTJ0/S7/YAf39/6h2SCvbs2SO8Vr8wJ1SbSUJCQmlpqcbvAQDaQTIxgRaYTN6fc5utQardcKKySPewdcHCItmi/aXDJ6ZSzS+DHVIcNhSkZeurEAuGX2nS03QzZvJ9L8/uDL3ob77lcpc9e2qP6F0esVw1MXROgWzqtqLnneh88vbcrIVupbldxdT8Qtkbs/TF1E17w9lim0okEwBsDyqZ5Ofn7927Nzs7+/Lly2FhYeSd+vr6c+fOXbx4UajN79u3TyqVkvjR1NQkfN7Hx6e6uppEDvJ5mUx2/PjxehXqbWomE7Kvjo4O8iIwMJB8xt3dXS6Xc6rEQjZy48aNCxcuCD/W1dVFR0fHxcWdP39e2NeOHTvI3smLTBXkhWZRya6popLfFhYWkq+Tb6mTSVtbm6enJ/mw8CMAQA9IJibQApPJjLXRbA1SLalo6l8KQzAzV7rueMW4tfnk86Onpr3mkvGP5bkuO4sTUyV6OhEJkursVp9Kdtdq33W97eOFZNK1ny68wZ49tfP2lbAnnzUxTbLkQOm7C7LGTEsjl/L1WRlfrc4Lu9KUktn1bfAwVfK8k/ZZuQTde7PtC8kEANuDSiYkMBw9elR4TWr2nCqZqHOFSCSKiIggL3Jzc1NSUoTPNzc3kxf37t0TPs+2wGgmk/3792v+ioQKIcNQ3yKlUr9OSkoiuyMBhsQhDw8PTvUtklvIO5pFJRFFs6gk/6h/S8KJOpmQN0kyEV4DAPSDZGICLTCZHDvup6e9gviX+VmlpXQdVKulZYrCIjlJGgVF8pLSLlpa1G44WTFGd/8f4tyNUWyxIeuqHWfYs6d2qGNKYqq+VU00LSrhryORXNDSrrKl2hk79A0WenPmXbbMJhTJBADbg2SAQ4cO3VfR0tJCavbqSryQFkh1X3P8CckACoUiKCiosbGR0+idRUKL8HmtyUQ9lKWsrEx488yZMzt27CDvCMnk+vXru3fvVneyOnv2rJubm/ArkjHI7shGKisrExISSCZxd3fnnu6jRXZKDkSzqJq/Vb+OjY2VSCTCmwCALkEyMYEWmEy8PH30jJx+TlWjzcnvohtPty0rU7y3MFvX8heCW/eFscWGrPsOBbNnT9OjEdXFxb11KUkc1TPChPiPRXFsmU0okgkAtgfVZtJlMiGJgsSJgIAA9eeFF/qTCUkdZDvkM8I7OTk5Pj4+JNuQX6n7fd26dYtkFZJJhB9jYmJ27dpFEgt57eHhcerUKRJRSHR5/PgxCS1ct5KJZlMMAKBLkExMoAUmE+IXi+P0hxOHjQUGNpsY63bfKnZ3mo5wTvQ82aPpdPuVb89KYM+h2iEOKfP3lXTZv64bkm3O3l3M7lHtgAnJO91D2AKbUCQTAGwPKpmEhoaqO0GROMExyURIBWrI54XeXHfu3BE+rzWZUAPfyU5bW1vJCy8vL80RKSRCCF3CBMgXhR/d3d0PHDggvHns2LGQkBDyQrM3F9m10JtLXVQSY9QlIW8KyaSwsFB4BwBgCEgmJtAyk4mbR/DH8+LZ2qSme4Oq2fpoDz17vXmwPb0jTYc4JC3+7hxbYKjLDbsj9E/+O8g++URkF0PhjTUjR3owvHaQ3oavd2ffZktrWpFMALA92Lm5amtrd+7cuX//fmGYuGZ1v66uztfX9/79+3fv3iURReh8FRAQsH379uvXrwufb2ho2KFCvUE2mZBP7lUhxAlO1SpCNuLn51dVVcWpogj5MTw8vKWlhVP1wlKXgaQRdacvPUUlpKenC807JSUlQjIh3xVyFADAEJBMTKBlJhNvTx+X9RfZ2qSmb8/LKu5qki5jnbi5kN2Rpu+53t53KJgtMNTl0WP+w3XPHSz45ao8/ateGmvAxYa/f9vFQo1OK66wpTWtSCYA9HOioqKEtg5ONUmXursUAMAmQTIxgZaZTIg+Xj4vdFWjfXNOZomJwgnf+WdXsf7/u0/c7xHk60UXFerXcfmVLsPJhLW57EXpnsHRjUMd9bWWPKfqknfkWABbVNOKZAJAP4dEkejo6Pr6+vj4eGGiXvoTAAAbAsnEBFpsMiEu36ZvZifBl2akrzxS3sPGE1KX7fJ/sRO/WnqNLSTs0sNH/aeu0TcTtODb8zLvp4h7cinJd7d4Vw206yKWEGesvcSW0+QimQAAAAD9ByQTE2jJycTL03eIQxJbrdR0gF3yqMlp4Veayph6qoHGP2z/o2um/uEl/I4mJG/Yc4otJOxSXy/v7ftDB9vrm9KAONA+eaFb8YUbTew1MtCzcc2vzkxnt0w52D5pVy+PfRdEMgEAAAD6D0gmJtCSkwlx9c7TXfawek5Vqf18Ze79ZEMXxxDML5TN3KFlfXGtfrnkGlZX7ImTVl1mzyrlAH5AfIrz5vy0rA72eumytFThFlwzYV2+/iHvgqMnPZi17iJbvN4QyQQAAADoPyCZmMAHDx6zNSrL0dfb+/NF19n6pVYH2vErxLvuKnmULinS0SmopFSenSfdeLLy5Rnpgx26rsgKDnFI8vTETME90tfL+/05t9lzq9VBDsnvL8o+FduUnNGhtX9XaZmiqFieni1d7F46aoq+RUue2qz9413uoWYbKRQfF0f/0QIAAACAjYJkYgILiyvZGpVFuWVf2KCuOgJp+rxT6rsLsvYE1ty43343SfQ4oyM9u4NUcL9PFt9KFJ04Uzd+Xf6ISQa1kwgOd0qctiaaLRg01mVbzxp+KUnO/MP09LHf5LiHVN243/YwVUIuIjEpXUIuKwktewKrPlqSPczZiEv551kJXp7ma/hKTkqi/2gBAAAAwEZBMjGNV2Ji2UqVRbli+5nRkx6wFU39kqrtYPsUElRecE4l/w52SBnY1WAS1uHOifs9An2ZIsFuSE6j64aoAXrX0NQquZRDHPlLSRzqlDLYgF5brK9Pv3e49+fjUns+MrKjo4P+owUAAAAAGwXJRJ/1zZKq2hZDzMouZOtVFqXnSd9vtpw1ZMCJybVfHovhJSb00JHAURMT2fNsBmdviDJbwgzw9U18+LDFGNra2mRSKf1HDgAAAABWApKJPtnakrW7fFvkQOP/d3tP/Pqba2Ybk9B/PHnSb8Gm8+bMmWRfi787x5bE0jwXGUn/kQMAAACAlYBkos/MrPyU1Cwb0/985ohJKWao1A6yT97ilZ6VmZWdBXvFo+HpIybRp93kklvFcUNqwPkMtgCWZn5eXkN9Pf1HDgAAAABWApJJv7OhVbkloPKPrhlsHdSEjpiUOnlbQWOrnL7jgOloFytWHi9jT75pfXNOZmJOu6hDQe8eAAAAAMCkIJn0R1vEXG2zYq1n+QA7uhpqEv+2LLustkMmV9K3GzA1CiWXkN727dFS9iqYxLWeZW1iZBIAAAAAmAMkk35tZknH2/Oz2Ppot33VJf3C3ebmdqVcrpQrNJQrZD/YIX2iuEMmknTaJpa2ijrUtrR3tLQ9sbm1o6FVwlrfLDbUJnFto0iX9Id120BkikEkJdQsMLFN9OSIyGv1kRI1T4L6zDx1xlQqBJWdasApNXIfeZ1ZLCaB0FRRc5hz6p7QqqwSseZeAAAAAAB6FSSTfm2LmLubKfp0Re5LM9LZ6qlRDrJPfmtuRkBMdWmNqKqBZABxXZOIWNPQTqyqb6tUW/fEitqnXpf/YIXqR03La1u1W8O8o8ca3erZhWFSBf6h2E+OSPPAn7LzzPAnSrBWdep4m8XExlZJk8pmktDaJK3tfM7ho45YJpbIJVJeUYf8amLT56uyB/Y4nLw8I329V1ljq1yBxhIAAAAAmBEkE9tVxLW0K5vaFI1t8voWWV1zB7GmUVLdKK5uEFc1iKrqRRX17ZV17aXVrfnlLf6Xq8ZvyO3G/3R/d0GmW3h5RmFzQUVLWU0r7EOLq1pvPKo/caHii9XZ7JXS78jJqZ+uyA69XtfQIkVPPAAAAACYHyQTG5EkkJpGMR826tor6trYOqshlta05pQ0xz+uP36u4ut1OXpSynuLMncGlSakNSTnNZJgw24K9q3komQWNV9LrFtzsnjcupxBOtZVHOqUYr8p1yuqMjG7sbiS/5Z6C0JjFLmXqurbahtFjS0SmRxtKAAAAADoRZBMbMTKepHQp4itpHbDgvKW5Lyma4n1x89Xbg8snbe/YK4b70bvkt3BpRfu1CZmN+WWNrNfhBYlSRpZxc0kPV5PrCfxY51n8eJDReQ6kriyN7QsMr7mRlJ9Sn6TIY1dFbVt1Y0i+u8HAAAAAIDpQDKxHVtEyuZ2RYOq41Z1Y2d/rcq6dmGQBlvXhFBToZGksr6tuqFdmBKgoUXS0t4hksikMn50PkbDAwAAAKBXQTKxNVtE/Lh2klKa2hVN7fLGVn6QSX1LR20TUcKPM+EHmYgr69v5fl+13ez3Ba3Xzj5a/FB7UW2TkEDETa18CGkVdbRLZOIOEkXkwsxgqmnAAAAAAADMAZIJ5GNMi1ip/rdZsF2Vbdrkzap/m1pJyJE18EpJzuHH0zfx4+lryL9NEhJ1qhvIv6LKel5+Zq06NNT0yIo6vvmCWFXfXtMoItY1ieuaJA0tkkb19MTtHW1iPkuIOvg40SGVd8jkUplCpVwuV/IzEcs75x0mCQPDRAAAAABgySCZwF5X1EHfdgAAAAAAAFAgmUBziC5BAAAAAABAP0gm0By2STgZ+hIBAAAAAADdIJlA8ymT0/cfAAAAAAAAAkgm0Hy2Y8AJAAAAAADQAZIJNKsYDQ8AAAAAALSCZALNrRwDTgAAAAAAAAOSCewD2yX0jQgAAAAAAPo5SCawb2yTYCphAAAAAADwBCQT2GeKpfTtCAAAAAAA+i1IJrAvxWxdAAAAAABAAMkE9r2iDvTsAgAAAADo7yCZQItQIqNvTQAAAAAA0K9AMoEWpAItJwAAAAAA/RUkE2hZijo4qZy+TQEAAAAAgM2DZAIt0Q507gIAAAAA6GcgmUDLleQTjIwHAAAAAOgnIJlAi7ZNwikU9F0LAAAAAABsDyQTaB2KpWg/AQAAAACwZZBMoJXZ3sHJ0YoCAAAAAGBzIJlA67NNwkmkfC8vtKIAAAAAANgMSCbQuiUpRdTByeQYjgIAAAAAYN0gmUBbUyThV0SRK9GiAgAAAABgTSCZQJtV1MHPOyxT8M0pFrW6PIlMpDxyBd/UI/1BUlS1wjsyQQX/SYXqK8haAAAAALBhkExg/7JNwrVL+GH0JLdIpJ0xQOgM1u1qv1IlSQ5ClpCq0oVYtQsivzsJv982pjDdVn0UYqmq/OjJBgAAAADrB8kEQpuShBYSiviWImX3sxYAAAAAgPlBMoHQNm2X8E03Qk8wAAAAAADLB8kEwn4h35YiRUoBAAAAgOWCZAJh/7JdgqUqAQAAAGCJIJlA2E9VLwUDAAAAAGAJIJlACPmUQiIKunoBAAAAoA9BMoEQPlGOdAIAAACAPgLJBEJIK+7AWBQAAAAAmBskEwihTts70MULAAAAAGYCyQRC2IVYtBEAAAAAZgDJBEJokPxyKOjiBQAAAIBeA8kEQmiEbWK0nwAAAACgV0AygRAaZ5uE65DRf0oAAAAAAHoIkgmEsDuSfCLFKo0AAAAAMB1IJhDCbiqszwgAAAAAYBKQTCCEPRWduwAAAADQc5BMIIQmsE2CxRkBAAAA0COQTCCEprFdQv99AQAAAAAwHCQTCKEpJfkE0woDAAAAoBsgmUAITS96dgEAAADAWJBMIISmtw09uwAAAABgJEgmEMLeEi0nAAAAADAcJBMIYS+KxhMAAAAAGAiSCYSwdxV10H93AAAAAABYkEwghL2uWEr/6QEAAAAAoEAygRCaQwXmEgYAAACAXpBMIIRmUo5wAgAAAADdIJlACM0nunUBAAAAQBdIJhBCs4qGEwAAAABoBckEQmhulUgnAAAAAGBAMoEQmts2CVpOAAAAAECDZAIh7AOxPDwAAAAAKJBMIIR9oxgrMAIAAABAAyQTCGGfiZYTAAAAAKhBMoEQ9ploNgEAAACAGiQTCGFfqkCzCQAAAABUIJlACPtSrL0IAAAAAAEkEwhhH6vAFMIAAAAAQDKBEPa57RL6DxMAAAAA+iFIJhDCvhcAAAAAAMkEQtj3dsjov00AAAAA6G8gmUAILUKpnP7zBAAAAIB+BZIJhNAiFGFtEwAAAKB/g2QCIbQUAQAAANCfQTKBEFqK6NAFAAAA9GeQTCCElqIYHboAAACAfgySCYTQUmxDhy4AAACgH4NkAiG0IAEAAADQb0EygRBakHIF/UcKAAAAAP0EJBMIoQWJJRcBAACAfsv/B9Lx8YEeYL/jAAAAAElFTkSuQmCC" alt="Screenshot" width="100%" ></p>
<p><img src="data:image/png;base64,iVBORw0KGgoAAAANSUhEUgAABDMAAAIGCAIAAADGMlPIAABWe0lEQVR4Xuzd/18c92Hv+/4H56f7+62d9LRNv6bpl9N7eu49SU7ctE1TNYmdNHW+NHXj9FEnN65PWt/ajpM46cZhvQEUgbWSkSxZrNmAkNZGEhDwGpk1SEgIa4NA3xAghPi6SCtAsDD3M/OZnZ2dAQSf/Qjz5fV+PC3PfmZ2l11md+fNzMCvPPDyZQAAAABbX7n499KvvnwlO3JpqQXcriyxzJq579Fi30ve4GNvDv2K75oAAAAAtqIN3Ez+3/obv2IQoiNDY3e8Q4QQQgghZCNlcdFYWDQyi8bdzGJ6biE1uzAxkxm5k7mRnh+8NT9wa77/1nzf1NyV1NylybsXJ+eE3om7PeN3L1i6s345thJnse7sFcUtXJwwb03c7OXJuatTc32puf6puYFbc9dvzw+n50enMxeG0jQToic0E0IIIYSQjZ+FxcXM4uL8gjEzv3j77sKtuwuTswuj0/M372REQxAVZej2vGgLA2ZRmZNd5dqUWVeupixTJlFdViYXE8uLKwriFvqt5iOJ2x+yCom4U9GLxqYz4mu4OHyHZkL0hGZCCCGEELLxs7hoLBqGKCdzC4t3M4uzmcXpeXP/iXDbtCi6ytTdhdRsZnLGLAwma2JiJjMxI/5dGJ/JrIa1sPjXupHsv6lZ85anZs1GJO5LVCNxv3fmF2cyi9dG2WdCNIVmQgghhBCyKWId07WYWTREOZlbMP8V/WRmfmHGagiiqNyx2oLZGazGYveWuxa7wNg1ZimuBaziIcmbEjcrTFtmzDs17/qu+WUsXhuhmRBNoZkQQgghhGyiyJ0noqJYZ56YRUWYX1i0iAnZWyTDIWetkuuK9k1lZ5n3Iu/RumvzaxhknwnRFZoJIYQQQsgmjdlS/Ix7s4pNjn+BJfjuSEZsTNJMiJ7QTAghhBBCtnb8peKeVh+aCdEWmgkhhBBCCFEOzYRoC82EEEIIIYQoh2ZCtIVmQgghhBBClKPYTO5mjMFbme6x+V+OWsYcGdO4y4SpZ9L8nWLeWyFbKzQTQgghhBCiHJVmkr67+Kslww+U3nxg580HfnbzgV0jD5QLow+8PPrA7rEH9pg+GB56tP72V+pvfWDfyIMHJh88kHrwtVTj4Lz3tsgWCs2EEEIIIYQoR6WZlLx7e+Vm8l/DQ599c3x81vwTLX9efdNpJg8emvLelqZ8+6nvfP6LXxK8M7RG3sX9vpfNG5oJIYQQQghRjkoz+dWf3lihmfx6eLBpcG7q7qIZY3F8NvPggQmnmUzM3pdjuv7n//rzX/3gbwjeGVoj7+J+38vmTeHNJFrT4Bbvk8MDnvFU/rXuX6LffuyJ6JB3lBBCCCGE3Ifobyb/0DAhaklmwWwg4r+puwsPvpprJvfpbBOayUZI4c0kEIyEdlXbSiKVnXI4GQhFs+PRolBkMP9aKyQRLXv44cd2fOaxJ1841NAz6p19r9BMCCGEEELWLZqbydcaxkUVsf74o/l3VeYyi6/03HUfzZWmmWzd6GgmtbkLnQ25ZlKVzI4O1YdX1UwSoW/t+My3JjO5kbkbTTu+8p+5y6sIzYQQQgghZN2is5n8dXR4+I51DJeVzMLikct3P+g6A55msrWzgZrJWP3jr172Dopcq/r32Br2nNBMCCGEEELWLTqbyb/E70zO5prJ7Nzip39+/cFXJ2km2yQbp5lcee2pt2e8g1bu7PjGIXty8HDCMLqiwR2fMQ/3sgczU//+zW89LEa++K23b8x5mknD3h888ZV/3vGZf97d4qor2dt5/Iu524kWPfdVc8nHvvrNH1wYm8stTAghhBBClonWZvL2zNVbiwsLdjWZurvw314dpJlsn+hoJtVtp7tsb8ZyzaQinh1vr9x172byY6dp+PLvzqzBwy+FnnYf7iUewY6vlDgX5q5WPf5PuWby5MOP5Ra+dvjJ2mw58d3Oz76Uf+95d0EIIYQQcl8SCDZ0eMdWSup8PBCM1OUfZVJRHI2ez//57lBCbpIV7W2/5zZYgdHQTP7w5auf3H/598qv/e6egX3dC0Npq5xY9WR8JvMnB6+v3Ey+8/R/yM39U6c7nE1/4cdFL83N5X7Y/IlP/pV7rrDjs484c/3N5IFf+0058kd/+md9fdd++/f/UF585O8e/eBv/LZzIx9/6C+dq4ived+rBz338tzzP3AWcAblxUwm415SXHSW3J4pvJnoyhPLN5OXXM3k8dfyXouJ0GOT7svW7djNZLLecxhY7i58t/PSw8veOyGEEELIfcpam0kgeMI7tGSyzWQdUmgz+fWd/fuTsy0Dd/d03v7N8PA/v3X73ZuLM/P2nhOxrR/suL3KZvKh3/0DTyv47CNflMu8WBTyzJLKynfLBTzNpPpwrbOMqCVixGkm/nt5ObxXXkuUFs8s6cxZ+7vhjMiL//DY487IV77GxujmayYvncqb9do3vdcSHcNuJq0lr5nrUS67nR0jvtsZiD73XLQrf28MIYQQQsj9zdqbSYN3aMlsomby07N3p+esP12yaLQP3f3QnpvfeOvWu8OL19OL1o6TRfO3Brv+nskKzUT46tf+6T9//BN3KxALtCbedY94nOt6z8hvJs7eEuHSZfuH2U4zEX7/I3/y/PdfcN+I58vwm583/3q9+6K7lvzdo19xHs52zsZpJisczfWkq5lE83dJ5kpLNs55JgPRp+XpKG72Qr7bMZOZG3j3sFjmtXc5gZ4QQgghK2QuNTkhjHU2HDiTFpfDNYm2y8OXEg2lxwfExbJgbU1jQ02869K40VEVCUQSpVWJtvNiA2Ms2th1aWSitaa6zvoTcHYzGUyEapwTdF1Jxpu6B/q6TgYOdRlzaXGPgeAJ8a+YI262PhxtPd01a96d/WcbykKRc/0TbcfrikqiciQQTrg3eYZb6kpjva4Bkbmy4/Zfo1NLoc1kdzIzPmMfuyX+bR+++6FXzHLySnfmytTi5Ozizy/PrXKfyWuVr8sRcTvORv/A4KC7ITjXckY+8Ou/JS5+9H990r2Y9MvuC87yTjMRvUWO9PZedN+sM/2h3/mwc62/+czDclD0EPcybtPTS59qvQ1TeDPRdZ6JKBKrOQPe0yhyu0FcI7KZzDUFE555Tny3k5fJlh3/2eIdJIQQQgjJSyZQ7D22SjQBw6oKZY32DzrNZhLy7+gYkguYzWSwPbC33Ts/P86uEmdC3GzHgj3XbiYLXaX12Z+uXokv2UzMzA0UHbbLSV99baC8OW/u2lNoM3nqrZkLk4vz2RNLZjOLXz8+9kcHb3yt6dab1xbeHV78x8apVTaTa9f6nUFnu79/YMCZ/rP/5+POAh/+oz91xg3XPhPH73z4j5yFDVcz+cu/3uEMum/Bmf5R4EVnAWd3zR/96Z+5l3G4z3UhOpqJnt/NZaSblv2twW9mTxfxNYqGFx7z/Batf3fOMxk8XHEpf54T3+14suMzubPqCSGEEEKWSHdzZae5w0SkvioW2hkNBCNOM3EOpjKbiTVoZa5yb3WoOBLIVpdAMFpUEqm5uMwB5VN9pbusm12qmTjbMvbduY/gyk4v0UwMoy4cMY8sMuZELTk3tcxdrzqFNpMPlPb/Z9vc5dTibfOYLnOuKCd/d3Tkwb2jv76n/zf23Pt3c/3vf/v/5Fb+6OiYM+hs+l/r73emP/d5+7QTEVEwnHFjqWbyod/9A2dhEef0EveNuG/BmX5l36vOAqIsyUG5Z8ZzF8Kn//ZzzsJkAzUT+ZcWH/6Wu2nM3WjZ8ZVg7rK/UWQu7/jXw7mL1w4//o28382V11ucl57vdubcr8rMtR3frXddJoQQQgjJy7maaKDELgnx/RFng3jlZhIORrILXsjtMzGMo+URu+K4kjwSDRQ3y+lVNZOFrrKmYXtocKVmYljlpPC9JTKFNpMHdg7/3/vGW28s3sz+jUXxb8X5Ox9+pf/BiokH901obCa/8du/7ywgqoIzbriayW/93kec8Y6OM87yq28mj37la84Cu/e8Igc/8cm/ci/jdvv2bWf5bZ4N1UwM486F157b8cXnGlpa3m5p+cG3zb8u0uH+3Vu+RiHy4689tjvWceHG1HBPx1c//60rrz7lNJN05/6Hvxl8LdYyOTn1dsubDz+c3RPiu50dn3/qSEtL19WpC6danvjiYw038+YSQgghhLhTFIzmdpiEI7NyaqF35WZS5jSTZLO7mYgiEW7JbVTLmFfcFbcmx1bVTIwJ544GG2tXbibG3EDhe0tkCm4mP7v5gZ8NnRrO3LqbayZvDd596LWruprJM88971z8/Y/8yfET9R/6nQ87Iz8t2Wm4zjMR07/3kT925jrl5J7N5I//9H84F//8Lz995Gjsq1/7J2ek+4J5yop7+f0Hcr9f+BN/8SnnNrdzNlgzIYQQQgjZ8OlssI6wsogNnoWxopA5HT09vHIzMUa75LXahufymom1E2Mwe95INumexjqx8IHGy2WraiZG+mJCLF96KNGT7rtHM9GXQpvJg6VD9dfuzlt/wcSwasnU3cUvvDH64J6bupqJ4eoVHn/wx/+XXN7zW4MvX7niLJN4t819C8s1E/dFj7//8j8suXzl61XOCOXE0NFMcqe/Wy6Ny+EJz7j9swRCCCGEELKFUmgz+Z8Hh29Oy98PbFaOzMJiy/X5D+4ZfuCVcY3NpK/vmqctSMM37QNl/H9p8Q//23+XI//1Q7/bcvKd1TSTumMnfv8jf+K5iw/8+m/JXxnsX97I/w3FExPmr13bzim8mRBCCCGEkMIz2Fib2xWTOyNlo6fQZlLZuzAzL099N+ZFLRma++Du4Qf2jq++mawpiXfbflb2cvup094ZWtP8Vrx8957Ym3XeGWTF0EwIIYQQQohyCm0mgdPzV6cW5jKLd+cX4wNzH3h55IE9Yys0k1uFNROykUMzIYQQQgghylFpJr+5c9hpJn9WOX5iYOHK1OLF1OJjb449sHuMZrJtQzMhhBBCCCHKUWkmU7OL7t/N9Rt7Rj+8f+zXdo888PLoys2k4sJd722RLRSaCSGEEEIIUY5KMxGZWzAujM3/cjRrzJExjbtM2NLz7C3Z4qGZEEIIIYQQ5Sg2E0L8oZkQQgghhBDl0EyIttBMCCGEEEKIcmgmRFtoJoQQQgghRDk0E6ItNBNCCCGEEKIcmgnRFpoJIYQQQghRDs2EaAvNhBBCCCGEKIdmQrSFZkIIIYQQQpRDMyHaQjMhhBBCCCHKoZkQbaGZEEIIIYQQ5dBMiLbQTAghhBBCiHJoJkRbaCaEEEIIIUQ5NBOiLTQTQgghhBCiHJoJ0RaaCSGEEEIIUY7ZTMR/AAAAAPD+Yp8JUc/o6OjpbMTKND0zDwAAAKihmRD1OLWEZgIAAIAC0UyIemgmAAAA0IVmQtRDMwEAAIAuNBOiHpoJAAAAdKGZEPXQTAAAG8dYaub8lQldxK3570IamZz2/04hbENiTZhK3/WsHpcGp/yr02bhWe3FRY0PZ4XXlINmQtRDMwEAbBxiG9H7QVVA/FucktgY9S5KtnHu5K8eYjveu8SmiljtxUNY59eUG82EqIdmAgDYOLyfUgXHfxfCEH9ZmOTHvXqcvzLhnb3ZIh7COr+m3GgmRD00EwDAxuH9lCo4/ruYppkQX9yrB81k5fhfUB40E6IemgkAYOPwfkoVHP9dTNNMiC/u1YNmsnL8LygPmglRD80EALBxeD+lCo7/LqZpJsQX9+pBM1k5/heUB82EqIdmAgDYOLyfUgXHfxfTNBPii3v1oJmsHP8LyoNmQtRDMwEAbBzeT6mC47+LaZoJ8cW9etBMVo7/BeVBMyHqoZkAADYO76eULwsLC/F4PJlMzs7OeuctFf9dTNNMiC/u1WP7NJP/Y8/Ef9m9hLL3Vnpx+V9QHjQToh6aCQBg4/B+SmXzhS984fjx40888cT58+flSCqV+tSnPpW/1BLx38X08s3kzvRsX//Nicnbqak7Q8PjA9dHvUuQLRr36rExm8mdO3e++c1vymnxcsif6c0qm8nN6YU/jk4tukbE9Edev8efc/G/oDxoJkQ92ptJzdF3AsHIj196vfaNVv9cNamp9EetjI5NypHGX7wlLoqJf3nim5///OcHBm/4r1W48Yn0SyU/l49lZOyWf4HCJX/ZIx5IWflu/yy/733vB+Jj2D++biqjb4lv7ouhqhONHf659zR0Y7LuxCn/+JLuTM899dR3xJPz0EMPVVVV+xfQSDyxYi3yDIZCxR/72MfEFyC+DPHF+K8F4H7wfkplIzbFHnnkkZGREffg4uLi17/+dfeIP/67mF6mmdy4OdE/mHf7t25PX78x7h5ZOQuLi6LMiG5zbWBkfOKWd/YaQy9az7hXjxWayejoaF1d3agV77wCEggEvEOGMT8///zzz+/Zs0devB/NxLCqyK8dTMnpi6nM71SmZjP5S/jif0F50EyIevQ2k7HxdLDk563vdp9sTe7df1yM1MZaV78xupzOc+dlMzl9+qwcWZ9msmffseMNp+VjGR27LUZWeCwv733TP3hPr1TsFw/k648/7pQuD1FaxIOV0z29l6M/r/Evsz76B8dKy2rFN/ftd86/9nqTfwEP/7d+Tc1EPHD5TRf59Kf/xr/Aajz8yCNi48A/7uFvJmc733PuXWT/qwf91wJwP3g/pbIRm2If+9jHvKOGIeqKdyg//ruYXqaZiDpxc2TSP+gZWSGj41ODQ2OjY1M3R1PiX+/sNYZmsp5xrx4rN5O3337bO1pYRMF+4YUXvKOGceXKlUcfffTxxx+XF+9TMxH5WO0t2Ua+3Jj+HzX3Xm/9LygPmglRj95m0naqp7tnwLl4vrs/EIxI4uKVvpsvhqrEdH3TmWlrO1Us39l1Rc4dGp6UP5Jvbev23KzYcP/+D14o3fmzL3/5K3JkfZpJUXHUfTG0s1o+FvFlT6TuFO86LKbF1y9mRX5ufuXCxOQdsfEtHtq09QDFMubE8ORPflolHnv5njc8d/EXf/mXNYePiMfyk6KgHPlld+9f/MVfiJFvP/mvYtrZOBb1TO4zeSt+8hOf+MShytfFwqKqiVuQu1z+9an/LRb7zGc+M7GKbXEFzuNy3E7Pim+leNSvHDiRW2Z4UjxS8U10f+slcfXYsTbxNL5U8vOjb74rRsTT4sx1P9uip4nHcuZslzMiCoYYuXK1/4knvvnCD38kRn74w/8UT9SnPvXXg9eHxcWOM+eeffY5sYx4v07fuZuaSlfse1U+deJ5m7b2vD388MMPPfRQe7u9w+cXTeZaJJ7J7373eU8zEeM/+Yn9HTlxolFcFFeXa534GsT9ipuqq7MfNQCNvJ9S2ZSVlf3YSmlpqXfeivHfxfQyzWRgcPTOtPfw+jXVA//CU7fuiK4ijxCTI9dvjIuL14fG5MX+gRHRYcSIYe1y6R8cEdNyf4u4NbkHZjKVzt4euV9xrx5raiY//OEP5+fFR9IPn332WcPqD5/+9KfHxsZGRkY+97nPyWV27NjR0tJy9erVJ598Uo6IKvIv//IvYjHnopxw5xvf+EY0Gn3ppZdEdTHuZzMR+T/3T54ZyRSdnXEf2bVc/C8oD5oJUY/eZnI7fVduuIttVjkiNs3lj8nFLGe7/GQi+d4vr4ntVLExKtqLHCwpq702MComqmreHhtPu29WbA52X7jYP3BDTMjjavzN5Nz5q+6r9Fy87r6opuboO7vCMeexLPkjf/EQxOOdth6pHPE3E2eWh9z+Fpu8H/vYx0TZcEZqj8TEI4q8bm6pi4vOPhPnaC5RReRuBNHZ5C2Iib//+0fFkyM2l8WtjU+knS9bSN+Zuzky5f8C1kSULvHN7TrfJ25NjojHHj/53rS1r+xA5S+mrcd+qMreneJ86x3iCSkLx+S0uKIosaLYyG/66Nht8X13ljwae1N+fx2ymXz84x8X3/Hmt95+9rnvimfg1OmzglxSPGNV0WrxDIjnQTZYeRVnn4l4Wva+su/myPhHrZ1U8hDBqqpqQdQVdzO5OTIhZrnr7ketmiTXOlEFxSzx/ZJrY++lIffX6VkPAayV91MqG7FxNjWV99Pc8+fPNzU1/eM//uPx48fd457472J6mWZybWAkNeUdX9M+E/HGIorE0LC9XTs3nxHVYnrmrpgW/URcdJYcHplMp2cM6/Zv3Z42rCPHxPSCtQ0qI+uKXGZsvNBjw8jKca8eKzcTeTSXUypERBVpbGyU06I/7Nu3T07LvtFtRY441ULMEn1GTjtLevLMM8+IZSYnJ+Uafl+byfPt0587Zpfne8b/gvKgmRD16G0mQud7V8X2q9hmnUiZt+Zsnoqt0jeOtcllrg9N1MZaxYizFTuZulMZbZbTb79z3t0r5Gai2L68dXtGTAxevzm9VDM58mbC3Wd27T7qTBdCtCnnsSzZTMQDvGczKd/7xqUrS+zVaWvvkI/i4UcekZu5YvNXTjjLfHSpZnI6uzkutpLlxF/91V/t2fPKdPbpmjCfT/tawpvH24eGlz5abE1OJn4pvrmhndWy9hT/7PDgkP3e99Od5mFm4rE7O82WbCbRw3b96Osf/cVbneJf8e0WFzs6L4my6iwpD3JzX1fWDGc3hXjGvvvd58UTJdcKsTXgLOkcmuVuJmJJMd3fb7YIMbFjx47Ll6+JCXF14emn/8PdTMTq5FxRkt8FudZ9/wcviBFRfuQyO18+4iw2MnYrll3JAajxfkplIzYEv/zlL3tHraO5NDaT4ZsFHc0lcmN4QlxF7jxJ35lxDg+7cXNCXHQWE03DaSb2yMQtz331D9p7YPrFF+Y7zIzojXv1WLmZ+I/m+trXvjYxYV9F9IcDBw7IadE3Zmdn33nnHaeZOA3EU0X8zUSs8B/N5qmnnjJoJmSbRHszcbwYMg83cjZPxQar3IKftn76/trrTe4NfTFd+4bZVST3z/t/UhR0Xpwizz733emlmomYluXkZCKpq5Y4xGMRG9DuL3jPvmMtrcmpWzOraSaCaCYvhqpKy2qd2xy6MSq3bp288eZx53E5PrpUM5HjstjIJ0RM/M3f7Hjkkc9LYkSWE/FM6qolbj8JmUdhhSvqxLdSjshjsdxHfC3ZTNzfcTkdLPn5jeGUe/teaDmZ8DwPsmY4+zE+Zeavncc7MXn7oYceEgt859/+/Qtf+Dt/M5HTos/I5b/y1a/Kk5fkrYki5G4mcneKWMB916LJyO+OWHjaWvGcG5dfPLUE0ML7KeXK7du3/+3f/s098sYbb9TV1elqJtMzd0WjEO8AzojoBv69KKuJvKnJVHpkLCUaiJTJLIiRwaExUVH8zUR0j/78ZuIcG0YzWYe4V481NZNkMtnW1iY+RORvjRP9QRYJEdmlJycno9GoHHFOi7pnM3n++eed6W984xsGzYRsk9y/ZuIcyCQ3QMXWp3+fibOdKjZwD0bMw4H8vvSlL33UFbFxOb1MMxFb4aIwiFqy5A6KQshH4f6CnRMkxIb1cs2kr39U7kmQrl4bKS2vvZ2+Ky/K00XcD010DFk27rnPZNraaRAMhsQtiNsRFz/5yU/KLWY38ZRWRpv37D/mGS+c7CFL7jNZuZk4e8bE9+gXb3VOWzuU3j114aXSvN++JY/cu3LVPtJv2tdMPvvZz37/By94nih5hNuS+0zkrhVxs87yzj4TcSNLnmfyox8F5LTnPBN/M5GPZe/+4+5GDUCN91MqP0888cTFixfldDqd/tu//duRkRFdzURkZvauPCdEuH5jXLQIz2/rWn1EnbidnvHshBkaHpd7Tm66juaSs8bGpzz7TGgm6xn36rFyM/H8bq5vf/vbi4uLL7/8slg5Das/PPTQQ/I8k0cffVQus+R5JnJC5otf/OLMTG6XmpHfPUSxEbWcZkK2RfQ2kxONHU3xc63vdseOtYmSIEb2HawvKavtHxwT02K7/Nx7V8W02K4V23DuDf1p63dbia38novX3zje7vwkXh6EIze+p7NHMYmtySWbiXb7X2twHsvYeHrq1ox8LDdHpsRGufhSa99ofTFUJZvJT0JVYjNdFI+Ll2+8cuCEWEwsLB6ReTuHGsTF+qYz8qIkG5c8OG06+6uoxMTHP/7xj1qRJcQpZs4Z8HJ58ZyIwZ07d8mL8jAw9xW1q6p5++13zosnJHr4bXmomPj2iW+leGji8Sat84XczcT9rZfErNIycx0QT4W1DpglTfS3F0Ovt7QmPXf35JP/6jwi8V32NJOrfQPO3I9az5v8Db8iX//6407NkCPyDHjRNJzl5YjczSJPMvE0kyV/N9dyzQSARt5PKV/kX1rs6OgQG2reeUvFfxfTyzcTf6Zn7q6+nAxeHx0dnzJ/Q5c1YZh7XUaE1NSdG9bJJ6NjU2JC1B5RQjzNZGFxUdQPUYfGrV5k0EzWN+7VY4Vmcs+4j+Z6H6PQTP7L7tU+av8LyoNmQtSjt5kAayUqn3PyCQB4P6UKjv8uptfSTIxsOZHnqZOtGvfqsQ2byZrif0F50EyIemgmeH8l2rrd574D2Oa8n1IFx38X02tsJiI3R1P+XyhMtlLcqwfNZOX4X1AeNBOiHpoJ3keBYCR6uMU/DmDb8n5KFRz/XUyvvZmQLR/36lFIM9kgoZmQzRqaCQBg4/B+ShUc/11M00yIL+7Vg2aycvwvKA+aCVEPzQQAsHF4P6UKjv8upmkmxBf36kEzWTn+F5QHzYSoh2YCANg4vJ9SBcd/F9M0E+KLe/Wgmawc/wvKg2ZC1EMzAQBsHN5PqYLjv4tpmgnxxb160ExWjv8F5UEzIeqhmQAANo6p9F3vB1UBmcr+cVsPmgnxxL16XBo0/xbN5o1Y7cVDWOfXlBvNhKiHZgIA2DjGUjPnr0zoIm7NfxfT1rbanfvws2SyGSPWhBvj3u0fsWXvX502C89qLy5qfDjLvabcaCZEPTQTAMA2NDI5LT71ALEmrGY/AFaPZkLUQzMBAACALjQToh6aCQAAAHShmRD10EwAAACgC82EqIdmAgAAAF1oJkQ9NBMAAADoQjMh6qGZAAAAQBeVZlIRigSCQtQ7Y33TURUZ9I6RdY2nmdy6PSNM3Zp2S03dAQAAwDbn2USU243C7fSslL5zV6WZ9MTj0Zq6UDASrWlYwrGzfWnvVVaVham+RLxI1J5QtKnn3n9Bk2byvmfJZuIvJ/QTAACA7cm/WeiuJRqaiUzySNTac7KEyk7vwqtIOhCMVp6xC0lffa24nfwFvKGZ5JLuDcV6vYP3P55mIlYp93q2ZEUBAADA9uTZUHQ6iawlBTUTYyjh7yTKzeTSser6ofyhzoYDZzLi/4H9HedisaJQpKbbHI7uNRtRUXmdu5lUWoP12T0tlcHofH+7GEmZl+bC5ebcsqr2VeyJ2bR5P8qJv5lIntWOugIAALB9+Df/PPydpOBmYvT6O4lyM4nvjyQ9QyPtoWN94v+BcDywu+5ovCs5KepQe2BnXbL7Qlu8uajEbibpzobQwZPJrrPOqS+VooeEoq2nu8T0WEus4vjZZFdXOBxPLji3vgVTUx5Z53KyXDO5ZzkBAADANuTeXNTbTAx/J7FEay56l7xn6sP+Q7OSgSqzrQSC1c5QNJQ7xKtut3WV7uaibCEZbKytHzEnRDOZzS5mNpPGdd1ef/+SSbWdiA/OeYfvWzzNRKxP/rWNugIAALA9+bcGHe5CIt2ZniuomYSDkXOXh2d17IhY8miuyk7raK5ggzMWdp18Io/mSrXEAsHa1OSEJL+YSs85KnMTlbsjoYMdgzq+1I2aTFFJXf1FtV8+oBh/M3H41z8AAABsc/5C4tQSDc3EO6ScvpOl1rFb2aRbD0baps0pdzNx7zOxd7OY+0y8X4a3mZjJiMXCLRPe4a2S1JmGda4lxorNhIoCAAAAh38r0VNLCm4mxZHK/F8Z7D7yaq2p22seDFaf6GqLnxQToRr7xBN3MzEGE9nzTOLu80wCO2Ntp7uOVsXkiLuZnDtS3drVd6nrbCBU690ts1WSOnNi/WuJsbpmAgAAAPg5hURPMxH9oc69n2O6K+A6wYNs+XiaibNW+dc8AAAAIL1UIdHTTPpOn/WMtCa2ybnmxMxyzYSKAgAAADf/hqJfQc2EbPPcs5kAAAAAq0QzIepZazNZJIQQQggh2zX+jUO36Zl5mglRD82EEEIIIYSsMv6NQ0l0EolmQtTjaSZiffKvam7e1ZMQQgghhGybLNlG3GgmRD3+ZiL5OwnNhBBCCCFkm2flWkIzIQVluWayHPd1vasqIYQQQgjZ5HFv7Pnj3zj0oJkQ9RTSTAghhBBCyLaKf+PQg2ZC1EMzIYQQQgghq4x/49CDZkLUQzMhhBBCCCGrjH/j0INmQtRDMyGEEEIIIauMf+PQg2ZC1EMzIYQQQgghq4x/49CDZkLUQzMhhBBCCCGrjH/j0INmQtRDMyGEEEIIIauMf+PQg2ZC1EMzIYQQQgghq4x/49CDZkLUQzMhhBBCCCGrjH/j0INmQtRDMyGEEEIIIauMf+PQg2ZC1PM+NpOyUORc/0RqcuJcY0JcDFQlc7MahwxjLL4/khyZSI309RkZsZgQ2B0X/84umMsUBaN9YrA/GShp6EibI6Xh2kvOTXQ2lAVr5WTpscvy6mJ6sNEcFLcZKGl2lt0OORCqLt1VLac7qiLm/xZmzh2vs55qozJYWy/+PztVdzBaP5ixlkqKkdmpCfFtCreMGa6nMT1njLXE6ruHU5PDl05b37uSOjEuptv65D1slgyUlltPhZXl1p/KErmiDohVrrLTXNUCwQZnwUDYfAbEsxQIZZcXV5xLW8/V2QMJ8xlLiadsk6SmJGK9rHpTRkZ89/NfdJlAqHp4cmL48lnxqAetl6H5shUPNvuCKguekCtJamom73bf93Q3R08PiC+sr7vdMObEROuhSODQWTEh39QC5dWh8pPmVP73zjCG5GvEylBlp3jh9LqepY2bdGdDUTByyXoLvWR9s8wHMjtVE46Yr2fxkK2HL98YzUx3OW8Rafl+ay+QNoYSra5vq7mGi3fR/qTr7UJmqTUkFJET5rT1YtlKKTPfCubaaqrly19evBQ/Id4rDOtbUHE8aT5v1ueUeYWhRNnu2qNX7KtXhmrL9ppvQfI9WXzkFb2aEMu3NXbJhV1Pe9J52p23GjOzU+YCPfGjPfJbab5vyxsMHDzrLFW0t7bDsO49+wp1Zm2H2B952ZVfbgYY9vfLMFfX7FZE/juY/SHY19UsPwSJE//GoQfNhKjnfWsmnQ2t03kDvmZyIRoy39zdyX2wdTZ0ZD/tjGRzUch8fxG3UHS4V46FQyecLUvXhkXuLSmcnbs9MlbZmTHG25PWk2a/TVtpPWhO283ESkUwWtNtOJ9wySNR+a1xP43naiKzzgXxsef63m2iJA9HxVZm07h9cen1ZyFpPnUyC73RYvPpWqKZBMUHW1J+eskNCCtJc0N2U8V51ThxXnTitTOYHRyLx+S487KVLyj5Sb8BM9yU++JlzE03Z70dbxfvJ+JBueY73ztfMxlp9z9LGzCBXfFc07ZiP5DuZnMjNf8tV6SpIuK8RcjkFhhKyKvIuNZw8+3CmV5uDSkKxeLWq2yLNhMz8k01e3FCdAzDbGWul0Oy2fzMMrtBQ6i4WS524FRffTjXTMRHXmWnq9LnPe12MzEzfdZ6i3ZlKJF9A881E/nebqa7uU98YlqLbdhX6H1N7iPPWvk9zcTMlXgoaL78858f+8k0fC8W4t849KCZEPW8X83E/Rkm42smGbFMxfG8t4MlN5KMyQ65VSRuoTR0wl6yKrlSM5kdCoTbncGtn6GEtcExduCU+bHnbiaD9bXD+c2kbnekrGk4+6Y8VxaKRs+b13I/jcZgInTQ+gGzFXP319AG+xn5KlIZEh9FmdLjA/KiXH/arMKcW39yH/lGboNjyWYiGlqoztjkzaSjKhpN5O35cl507tVGfMAXWU+C/bLNvqA27nZPOhnY3dx6OfejYnczsd8Wxtvld9/K8s3ESPufpQ0Y/7aUfCBHw/aPFTwLlJmby/ZbhMxqmol4u3Cml1tDOiJR+fP7rdtMhmTBkBcHEyeKrN0aeY93ssN8J7G6QZ3cVWv2YfuK8qkT62EgFB2czf4oZLlmItZJ8y3alaWayeypE9Y6mjF/BEMzsSJX/iWayULXgWDuO5iN/SE41h2XH4LEiX/j0INmQtSzgZuJnfqDUfnzNmMVzWQsHjN/at138pL5FrNsM5EfBtsn0eJIICiZPxZafTOZ7WxotfZxG55mYiXZWBcKZW9qbiKUPe5rk2Qs+5xEo0lzU0CuP4GK9rz1Zy3NxBjvOHAmvambiZVMdHfE+dn5KpqJvXVleD/XN14WZkqza6y7mRTZa0LE/O7bWaGZyOQ9SxswSzeT6WRFm/2Szltgodd5i3DvRbSnCmsm4t+xllhHeks2E/NJK90f7xg130Pk+h8oj8vD55ZrJqKTiCe5rrzaee24n7r58d6A+UOTQpuJWEWLDveKfmLWQpqJSHblX1MzER+C8kdOxB3/xqEHzYSo5/1qJuKDsPRY/o9ms+/mYpb753Zic9B5F8690S/0OpsLrQcj8iAc6yNwpvRYIlpsvu+s0EzEB2XREfu4nW2QmXBL9kfFnQ19+Z+CRdaz5GomafEkW63P/oRzjsTwNxORVEvM+YQU05toT1Tf8Wp7SnxaW7va5PrTdiiSv/5knLUu3VYXsA7DCAez1xVzD5lHhNvNxCq98upWNmkzEemNnrenci+68XZ5mo3I0fJIOG620OzGq/2C2gTbPd3N56z/55rJdFd80p7pemnkvndiw85+2OPtdXlvWrlnaQMmHIw4JURGvoRrSuzH6Gom5mpvT3Y2BOT5NqtqJubbRW7GSmuIURaKFm3BZpK3wsuLoobJ067kwZ8y9rFV2W4gPu+sb8cSzcSwTjiRCy/ZTDqqop6f6y3TTET5iYRD1pHPNBMrcuX3NxPxXZDHJPubiZnuZufHo0TGv3HoQTMh6nnfmon1c0rz7EzznFTzHUG8ZRS9mpidTde/GjXPmJy8EI/3pmZnko11zg+t3Z+C1hnwU+4z4OVHoPODzxXOgLeu7ny4bvVMdjgbXubJu93Zt+m5dGssVtZkPrmymcynJ2r25p0Bb8iTMq0n1n0G/LmW9tTUzHB3osJ8o59I9k/MpifEtLy1TZGaYuf4+DHzCHtnE0psmeWvP/IM+PTkQMg8Ctxc1ZJHouYvAJArp/V0Oc3EGEy4zk/dfM2k/nRfenamrab6XPa4JteLTp7fnPaeAW9FvqA27BnwfacSqcn07OxUtNw+lslpJqJRp5zlks3ZjfHc9y4cipTWdMnrmt/+vi7/s7QBYx4aJH9NyOSw3JCVzcTcfSEPWXTOgDd3O2fPsTFPprJfGu5m4j8DXqwGrrcLmZXWkMH62q24z2SJZiJ/R4KRPQNefKjlnQFvLVMZilj7pvKaifjIE9+v9OSwPBgs/2m3m4n53Mo9Ku4s00zEOmCfO5drJtv4DPjsyp/fTDJ9XYnAzmXPgJfX26TnUt6/+DcOPWgmRD3vYzMhhBBCCCGbK/6NQw+aCVEPzYQQQgghhKwy/o1DD5oJUQ/NhBBCCCGErDL+jUMPmglRD82EEEIIIYSsMv6NQw+aCVEPzYQQQgghhKwy/o1DD5oJUQ/NhBBCCCGErDL+jUMPmglRD82EEEIIIYSsMv6NQw8NzaTzvaGpDfy3bMn9C82EEEIIIYSsMv6NQ48Cm8nCd3567AnL22MLU60tYuKFZvNPt5LtEJoJIYQQQghZZfwbhx4FNJOFSdlJHC+80ij+fb5pxLvkuufpZyq8Q+Q+hGZCCCGEEEJWGf/GoYdqM7kzULUvr5Y4FJvJcPPTzxSXNo+7x370TPG+c+6B1YZmsj6hmRBCCCGEkFXGv3HoodRMrifdVeQ7ZSe0NJM9r1Y9/Uw4N7JwobTqyDo3k4nmA94hsnxoJoQQQgghZJXxbxx6qDST/yjJ9ZD/iF01h6Z6c+XkldM9dzzXWEWGm/e1dex5rtgZmDlV1dTdvM7NpKUs9wWQe4ZmQgghhBBCVhn/xqHHmpvJk/nHbjnjpfnjrdOu66wmw1YJ6Xkj0m1dnGwpfabYOFctm8n1+oqnnyk+1X3hYKi4fsha4Fz1m/UVB+vbO/vNS/teKN5X334qfvySNfPpZ3Z+L9x46cr57z1T/HRFhzU2UFrTcqp7IFFT8aJ1E/Wh4qd/VG5eq6PF3lczf2fPM8W3pqZu3RUXxp9+4dD57gv1EfaiLBuaCSGEEEIIWWX8G4cea24mxthA7JVcA/mO1STmhrudkeebBgbeG/Be656RzUSUiueqxL9HXix+tuqC00yefuZAy5S94NPPHTH/d656z6lZe8i48PTBvH0rosbYU+eq/ftPng41G7KZFJsTclpO7HOuaDUTNqVXzlqbCQAAALCctTcTw3A3Ez/l80xkCTF3lZjnvoeP9Ju9IttMil2qzaFz1fXD2etOtcrdIE5ybSTXTDL7ysI/esG6BaeZZPvMUs3EqA+XP/39iuvm/hOydGgmAAAA0KWgZrK/23XM1sJtLc1kpu1Q08gF+5d05ZpJRa6HyLibiXHet8+kwp7KNpMf5SrH7Cqbicypgzud3TXEE5oJAAAAdCmkmTR5xgcamwpvJoa1h2RGTjnnmTRWPPtMcX2i41Si+XsRayivmZjnmRyMm3NbrDv3N5N93y8+cm7g1sjVF5/fuUIzOVVRfDBx9fwV0YvOH6xvF8uX/aj4ppxHfKGZAAAAQJdCmkmLZ1xXM3nWdZaIM3irp+XZ54qffn5nfbe9OyVvL8rtS997vvjp53ZesDqNv5nM97fLg8Hqe6ZWaCbGnUvi3r9Xc8Ewxl+0Dv0KRdrtWcQXmgkAAAB0KaSZLO2F5jHvFcgWDc0EAAAAuqg0E0JkaCYAAADQhWZC1EMzAQAAgC40E6IemgkAAAB0oZkQ9dBMAAAAoAvNhKiHZgIAAABdaCZEPTQTAAAA6EIzIeqhmQAAAEAXmglRD80EAAAAutBMiHpoJgAAANCFZkLUQzMBAACALjQToh6aCQAAAHShmRD10EwAAACgC82EqIdmAgAAAF1oJkQ9NBMAAADoQjMh6qGZAAAAQBeaCVEPzQQAAAC60EyIemgmAAAA0IVmQtRDMwEAAIAuNBOiHpoJAAAAdKGZEPXQTAAAAKALzYSoh2YCAAAAXWgmRD00EwAAAOhCMyHqoZkAAABAF5oJUQ/NBAAAALrQTIh6aCYAAADQhWZC1EMzAQAAgC40E6IemgkAAAB0oZkQ9dBMAAAAoAvNhKiHZgIAAABdaCZEPTQTAAAA6KKtmaT7e1sTXbML3nGyhUMzAQAAgC6amsloVyAYMe066Z1Ftm5oJgAAANBFQzPpqIrKWtI2POedt/oMJcoah5xLg421gWCta7aWDNWHrfoUjIRjXd6ZShE3VdnpHdw+oZkAAABAFw3NpDJkb+57Z6wp69VMmk53tZ1uLwpFOtLe2QqhmdBMAAAAoIWGZlImj+MKRubNS3OloUj0vHeZe2e9msmgPd0XCLcP581VidNM4vsLK2abMzQTAAAA6FJwM5nq6murs08ysZQe6/Mus5os10wWhgKh6jZrR0cgGJVzA7ua62pqxWDFzkiysyG0u0FMZ3faZMR1S2vak2L5kKfbuJrJeHvRkV5raiAca0/194qryy9AdIymy8OpyYmKkkjfbEaMmMeAhWqT3b2idA3mn+JvN5O59IFgRFwlZS3v/gLqB82RQLCurCohHkJ0d6T1YqIm3tV6vK4oGJkV8xZ6A+UN4sbF3IqWsbxb3/ChmQAAAECXQptJZUmkIjF07ki100zG1H4911DCXW8sZq8Yi8eOXjE37g2rMyStGxdzw3FrI/5iPLA7fskabH01ckn8b7wjHLJ3X0SLrU3/XLLNZC4tKk18PG9eU0UkEG4XE6HsYWmzbXX1I+aE+ErqrIJhJJsPnJpxrmLNsveZVLoOZnN/AYFD5gkt2dZkGOmzgdAJayrTE6tunTYf+OY9HoxmAgAAAF0KaiailjhFwjqUq4Ass8+kpth1lNRQItwyYZgb+g0d9lDSuZa4ihhMHrFPx5eyi8nY55mcu+w+jGuucn+tvXw4IS4XuZpJfFL839ydklOVdF136WaSt3ywwRpx9t4M5W6hs6He+tqjuyOBXbGahNK+pvc1NBMAAADootpMprqcWlJU1ZVS20/izjLNJL7fOTPE3JSv6Tb/v0IzSbXElj9BxX2eiR1nD0nrQbuZGOnL8nGFj12w5kyIcc+1nCzTTLxfwMrNxM7cQKC42XV5E4RmAgAAAF0Um4l7b4mGWmIs20zGWmI13f6juZZtJvJormV+7dYSzSSQbRTiWrKZDDbV9uX/9uNAMFrZufRNOs3k6K68o7k8S6+qmViPK+/yhg/NBAAAALqoNBPzjPBd8Z6FdED5rBJ/lmkmIj3xBrMChaKt/fYG/0rNxEymcq95TFdor2dDf4lmMt/fYe72Ka9Lt9XJZpI+c8IpXfUXrXtcmLK/hpLqZP7ZKU4zkXtaimJyN0vuC6hPysPPlm8m032hYuvuSmq1PZnrFZoJAAAAdFFpJsaU/RffN92W9L2zkLTPrbdSWuAfadnqoZkAAABAF6VmYhg1+2O6/oz6xspIe0Vb7rdvFQWrXfOINzQTAAAA6KLYTLZw2mIxuUcotLeu0F84ttVDMwEAAIAuNBOiHpoJAAAAdKGZEPXQTAAAAKALzYSoh2YCAAAAXWgmRD00EwAAAOhCMyHqoZkAAABAF5oJUQ/NBAAAALrQTIh6aCYAAADQhWZC1EMzAQAAgC40E6IemgkAAAB0oZkQ9dBMAAAAoAvNhKiHZgIAAABdaCZEPTQTAAAA6EIzIeqhmQAAAEAXmglRD80EAAAAutBMiHpoJgAAANCFZkLUQzMBAACALjQToh6aCQAAAHShmRD10EwAAACgC82EqIdmAgAAAF1oJkQ9NBMAAADoQjMh6qGZAAAAQBeaCVEPzQQAAAC60EyIemgmAAAA0IVmQtRDMwEAAIAuNBOiHpoJAAAAdKGZEPXQTAAAAKALzYSoh2YCAAAAXWgmRD00EwAAAOhCMyHqoZkAAABAl7U1k3M1kUBwtbxXJlsuNBMAAADosrZm0lFlVo6iI725oYWZttNd5y5PuJaJqjSToUSoql3cVFv8pLhu2jtbfw6EIqX1A97RzZl0Z7N3aF1CMwEAAIAua28mJbVjC7mRmnJ7D0mPUyYWxjpqYgrNpKxxSE6KblPXlz9XXwJVSe/QFki6NxRz1cX1Cs0EAAAAuqy5mVR2ui5fiQeKT4hWUR8W5STmmmEU0kyMwURZ07D4v7hZY+qCuClZJtIX24tCZjVKZatRINTQ01gXCkWKyuvExQPl0UAoWnooYc9OXw4Vm63JHulrD+/KHWlWGYxk7zET3m3u5ynaGZu3Lg821gbC7U1VZr860HhZ3liqp928bnG0bXhOjmysvB/lhGYCAAAAXQpqJsNNtWJjfdhuJnlVpJBmMhaP1XSbE+JmK0siTae7UtZ4UdCcbj1eFwgnBq1yEgjWlVUlWk93RXdHWi8mauLmXLHYrLW8uK4YaTvdVbEzUj+YMebSqcmzgUNnU5PmsWdOMxE9pDSSEIs11dQWWXtUzGYiGk6VOeg8EHGzbad72+In4+NyYMOlpjyyzuWEZgIAAABdCmomxvmGQHHdrDEzeD4RCFa7Zqg0E7k3Qyir6ZJjopnkjurqbq7szDjjgf0dRt69DAUOnpVTs2119Wbj6HUfuJXdpZN0Bp1mEgjWOotVhswbNJtJdlBMm/dkNZPBWfsL2KjJpNpOxAfXb5cOzQQAAAC6rLmZhPafdI+Uhew6Ye6UsDM33GXWDPdi9477aK5szKO5skm1xKy+YcY83aW42cgrFUO5HtLZYC452eG+wUAwav1/yWbS4Cwm7jFlNxN70Gkm5nS3eUBXch1Oz1dJpqikrv7iun5xNBMAAADosuZmYu7TaHJViKnLZbtjlcfs/RWGvVnvPbjr3rlXM1lmn8nyzaTQfSZLNBOR+f5E3q8m2zBJnWlY51pi0EwAAACgj0ozWSXvlVfOPZuJYYRCkabTva2NJ1znmazQTIzoTvM8k+TlvgPlzi6dmUCoenjEPEYsd55JU6w0krjU3dUUi+XOM/E1k7KDJ/smJ5pqaqPnZ+SsjZPUmRPrX0sMmgkAAAD0WVszIcQdmgkAAAB0oZkQ9dBMAAAAoAvNhKiHZgIAAABdaCZEPTQTAAAA6EIzIeqhmQAAAEAXmglRD80EAAAAutBMiHpoJgAAANCFZkLUQzMBAACALjQToh6aCQAAAHShmRD10EwAAACgC82EqIdmAgAAAF1oJkQ9NBMAAADoQjMh6qGZAAAAQBeaCVEPzQQAAAC60EyIemgmAAAA0IVmQtRDMwEAAIAuNBOiHpoJAAAAdKGZEPXQTAAAAKALzYSoh2YCAAAAXWgmRD00EwAAAOhCMyHqoZkAAABAF5oJUQ/NBAAAALrQTIh6aCYAAADQhWZC1EMzAQAAgC40E6IemgkAAAB0oZkQ9dBMAAAAoAvNhKiHZgIAAABdaCZEPTQTAAAA6EIzIeqhmQAAAEAXmglRD80EAAAAutBMiHpoJgAAANBFWzPZd/DEtYGb3lGypUMzAQAAgC7amkkgGDn0epN3lGzp0EwAAACgi4ZmcqCysSwc846SbRCaCQAAAHQptJlcvjIUCEaEltb3vPPWEPtGHJWd3iXIBgzNBAAAALoU1ExOn+mVRSK0s9opFd6F1pLBxtoO7xjZuKGZAAAAQJeCmomsIq+8enxgcKR8T4xmst1CMwEAAIAuKs1kbm4+k1kwss3EfRyXGBdzc4uuMZ5mUhSMtHb11h2MVnam5Ujprliyf6Jmr7jfWvNyZ8PR47GyqkTb6fZA6ETZrljb6a7W43WBQ11iZk1JpOl0V7K79+hBa2GiOzQTAAAA6LLmZuI+G+TmyGTPxYFA9rdyuWepnXaS10y6m2u67UnRQ+pHnBkiyUq5c6azIXreHqrbHZnNzpa9RTSTtqGZ7BjRH5oJAAAAdFlbMxkdS4nWsbvizbKweexWaZlZAGQzuXt3XkyIcTFXTIRKq71XXkXczSTVYh8eZqmtHzIH246dKAq5TmjpbJDjIvXh3IFk9h6V0S5zyV2xsTlnDtEZmgkAAAB0WVszeeXV4z/5aZWcvjZwU9YD2UxqY+/YbcEw7tyZdabXFM8+k8rOjGumcelYddO4NTV9tmI1zSSbunAk6b5MNIVmAgAAAF3W1kyqj7Q4laOl9T13MznecMqZdfHydQ3NxDBCoUhNvKvtdHvp/vZBw5jtbCh69eTw5QuBkurS4ns3k/DeumT/RKq/tzSUO9CLaAzNBAAAALqsrZmce+9ywDqHpP4XHc4hVXIk2X1NTIhx2Vi0NJP54S7z2K1QtKZtyKoWc2XF5sWeqXTrwXs3k3iVfTzYgeMXnFlEY2gmAAAA0GVtzcTI7jZZsnvE6hLOrNvpac9csvVCMwEAAIAua24mhDihmQAAAEAXmglRD80EAAAAutBMiHpoJgAAANCFZkLUQzMBAACALjQToh6aCQAAAHShmRD10EwAAACgC82EqIdmAgAAAF1oJkQ9NBMAAADoQjMh6qGZAAAAQBeaCVEPzQQAAAC60EyIemgmAAAA0IVmQtRDMwEAAIAuNBOiHpoJAAAAdKGZEPXQTAAAAKALzYSoh2YCAAAAXWgmRD00EwAAAOhCMyHqoZkAAABAF5oJUQ/NBAAAALrQTIh6aCYAAADQhWZC1EMzAQAAgC40E6IemgkAAAB0oZkQ9dBMAAAAoAvNhKiHZgIAAABdaCZEPTQTAAAA6EIzIeqhmQAAAEAXmglRD80EAAAAutBMiHpoJgAAANCFZkLUQzMBAACALjQToh6aCQAAAHQpvJmki4KRolcT3mGyDUIzAQAAgC4FNZNUz8lAKGZOTV0OBCOpBe8CZGuHZgIAAABdCmgmC1OijfSk7Us9x2OBvSfzFiBbPTQTAAAA6KLWTDKloUigpM47PDdQyJ6Tmv21ReJmQ9FoY9I7j2zI0EwAAACgi0oz6aipDh1s75vzjov0xesC5Q0doxnvjHtmMBHYGYs2nm2Lnywqj3vnkhWT7mz2Dq1LaCYAAADQRaWZpNJzgWBDh3fYTEdVZHAunZpdczOpD0cGvWNGIMyJ9atNTXnEO3T/QzMBAACALirNRGSlZuIdW1VmzzcEyhvahmbsywszqcnLgd3x1OSEYe4TaCgKRppOd7Uer3PqSiB4IrAz1na6vaNPLD8UCNUmu3vNw8y2a58R5SQU6/WO3s/QTAAAAKBLoc2k7XSX7fyQUUAzsc9dCUZqEn3ZkSGnY0SLI4GDZ+W0qChyQizckT3/fqwlVjdo7ahJNjsLbLuke9d5zwnNBAAAALoU2kzEhD1itYgCmomd2aGz9m8idjWTQLC23iw+ZsRdyBPkxaA9ZBg1xWarcTjj2yqpMw1F/l9LcD9DMwEAAIAuG66ZiFTY1SLXTIqCkcpO+9yV+nAkZU24m0l8v4b73dQRtaT+YnYX0nqFZgIAAABdNmIzCQSj1v9nArvtZlJTEgnst09scR3NlWsmYy2xys713i7fSMms894SGZoJAAAAdNkozaQjFpMHYhXtjjkNo6OmVowMW9Pzw13mXzspqR3L/r0UdzMR6Yk3mLdQUl1Wtf3OgE8PeEfWJTQTAAAA6KLYTHInvvvMepclWzY0EwAAAOii2EwIMWgmAAAA0IdmQtRDMwEAAIAuNBOiHpoJAAAAdKGZEPXQTAAAAKALzYSoh2YCAAAAXWgmRD00EwAAAOhCMyHqoZkAAABAF5oJUQ/NBAAAALrQTIh6aCYAAADQhWZC1EMzAQAAgC40E6IemgkAAAB0oZkQ9dBMAAAAoAvNhKiHZgIAAABdaCZEPTQTAAAA6EIzIeqhmQAAAEAXmglRD80EAAAAutBMiHpoJgAAANCFZkLUQzMBAACALjQToh6aCQAAAHShmRD10EwAAACgC82EqIdmAgAAAF1oJkQ9NBMAAADoQjMh6qGZAAAAQBeaCVEPzQQAAAC60EyIemgmAAAA0IVmQtRDMwEAAIAuNBOiHpoJAAAAdKGZEPXQTAAAAKALzYSoh2YCAAAAXQpqJlf7bhxvOBUIRvYdPHH6TI93NtnqoZkAAABAl4KaiegkbvW/OO1dgmzp0EwAAACgi2IzkVUk2X3NPbhr91Ex6B4hWzs0EwAAAOii0kzO/7LvlVePe0etiHEx1zu6utTsry0KRQKhaLQx6Z1HNmRoJgAAANBFpZmU7YkNXB/1jloR42Lu7Oycd8Y9M5gI7IxFG8+2xU8Wlce9c8mKSXc2e4fWJTQTAAAA6KLSTALBSHdPvzygyxk89HqTM/5WyznX4qtKfTgy6B27j4nv32pHndWUvw+PiGYCAAAAXRSbSW3snSWbiRw/GGl0Lb6qtB6MJBc8Y8lAlX1YV2UwUtY4ZE1E+xIN5l2Hoj1pa15nQ6C4ubUqJgYr45edKzdZI6WHEj1TGWsgWdNtzPe3i8FUn/mv5+vf9En3hmK93sH7HJoJAAAAdFFpJk3xTtlD/M3EP77qZEpD5hVrEs5pKks2k1yBKZL30mkWFfsKR6JN49bE4Wir7C0LvTUlkTFrLBCMVnbKUfN25MSWSrp3nfec0EwAAACgi0ozERkZTe3Zd8zdQN483iYuinHVZmJnduhsIBSzJpduJs6SHVXWAWBmM6nNjiXlYmH3F9DZUNOdmyWzJZtJ6kxDUUmdd/R+hmYCAAAAXRSbicjdu/Mtre+5R+QvES6wmYiE7Kvfq5lEfM1koWsbN5OMqCX1F+2dQusTmgkAAAB0UW8my6XwZhIIRq3/DwUq2q2JTMDVTDqm7cXcR3PNWiMdkezRXEeicWvCfTSXu5kc3VXQV7jxYtYS79j9D80EAAAAuhTaTPYdPOGuIqNj5tFcCmfAd8TME9aFot0x58f+PY11Aess9vpwrpn0xH1nwAdr5fnu7jPg26wbLD108tyofQa8u5kY6cuFN6gNlPSAd2RdQjMBAACALoU2E+eUd7dz7+Uagt4scRRW3nkmZF1DMwEAAIAuhTaTdQ7NZEOFZgIAAABdaCZEPTQTAAAA6LLJmgnZUKGZAAAAQBeaCVEPzQQAAAC60EyIemgmAAAA0IVmQtRDMwEAAIAuNBOiHpoJAAAAdKGZEPXQTAAAAKALzYSoh2YCAAAAXWgmRD00EwAAAOhCMyHqoZkAAABAF5oJUQ/NBAAAALrQTIh6aCYAAADQhWZC1EMzAQAAgC40E6IemgkAAAB0oZkQ9dBMAAAAoAvNhKiHZgIAAABdaCZEPTQTAAAA6EIzIeqhmQAAAEAXmglRD80EAAAAutBMiHpoJgAAANCFZkLUQzMBAACALjQToh6aCQAAAHShmRD10EwAAACgC82EqIdmAgAAAF1oJkQ9NBMAAADoQjMh6qGZAAAAQBeaCVEPzQQAAAC60EyIemgmAAAA0IVmQtRDMwEAAIAuupvJyOV57xDZsqGZAAAAQBedzaQ1Eg3sjZU1Dnln3P8Egg3eIXL/QzMBAACALtqaybnjdYFQdN5IKjaToUQgGAnHx9xjpcFIZad7YNmsqZnUlERS3jGiEpoJAAAAdFFpJqFQRLSIPMXVl8bnrJnqzeRA5EQgWJ0bWegNH27W1kySzYPeoS2UdG8o1usdvP+hmQAAAEAXhWbSm19LYsNTM665yVBVe89oxjWyugwlKtu6DoQizsDsqRNNyYSuZpI8Et3KzcQwaspzT926hWYCAAAAXRSaSTK/mXgqgTW3JJ4/uIoMWSWkuzmatFrNeHs4GDE6G2QzES2lKNxwaWT4wM5Ix7Q5MthYW18VPRrvSk6aF+WXUVkS6ZN7btLJwM66ZPeFUChSVJU0FmaO7o70TE6kJifEzPqw3IgfEhNFodq2013R8khdnzW20BsIN4vF+k43FFWdtYY2TUQ5Wec9JzQTAAAA6KLQTO7X0VyyhARCJ8S/deWRosO9TjPxLyaaid0lrIhmImpJR9q+WFOc3YEwlCgLmtOihDj7TNzNZDi7XEAUGOtmO7KLBYK12cnNkkyq7UR8UH4j1iM0EwAAAOii0kwMa+NedpLhublLpxPR/dViumcqU3gzMXeVmOe+V5vFw2kmU5ebYnVFViNymolTIQyzRZhfgHMxnF+cjOWbSXbMbiapllh99ssPFDdn526OpM40FJXUeUfvZ2gmAAAA0EWxmVTaG/15exUK+q3B2WYy21bXNNJr/5Iuu5nMiJKQXLAWuxJfppk0GMZYoMQ+tCy3zySbVTYTkYpi66GVxDbXH2YRtaT+Ynaf0XqFZgIAAABdFJtJ8kjU2R2RF+W/tJhtJoaRETc7Kyez+0zESGnN2b7us4Hy6uWbiZHubLB7UToZCEXbTnc1HTsRLo+Jgb7j1RXHk32TA7P3aCYXQkcuZwc3TVJnTqx/LTFoJgAAANBHsZkY3c1FVjPpMI/g0pFcMzGKnMKTbSbnjsXMk1tC0eG5vhWaidVqqo9eMb+ktlhMfHlFO2vDMetE9oUxeTDY8D2aidmLpKK9zdm5Gz7pAe/IuoRmAgAAAF1Um4nI3PDRWCIlD7LaKikLRnMXzpxwzjkhS4ZmAgAAAF0KaCZbMdGSSFP3QGpyYvjyhSWOVSP5oZkAAABAF5pJfqYuh+QZ8MXRpp4p71ySH5oJAAAAdKGZEPXQTAAAAKALzYSoh2YCAAAAXWgmRD00EwAAAOhCMyHqoZkAAABAF5oJUQ/NBAAAALrQTIh6aCYAAADQhWZC1EMzAQAAgC40E6IemgkAAAB0oZkQ9dBMAAAAoAvNhKiHZgIAAABdaCZEPTQTAAAA6EIzIeqhmQAAAEAXmglRD80EAAAAutBMiHpoJgAAANCFZkLUQzMBAACALjQToh6aCQAAAHShmRD10EwAAACgC82EqIdmAgAAAF1oJkQ9NBMAAADoQjMh6qGZAAAAQBeaCVEPzQQAAAC60EyIemgmAAAA0IVmQtRDMwEAAIAuNBOiHpoJAAAAdKGZEPXQTAAAAKALzYSoh2YCAAAAXWgmRD00EwAAAOhCMyHqoZkAAABAF6VmMt4brWmQxhbssXONcTlybjSTtzDZuqGZAAAAQBeVZjLYWBsIRqT6QXuwNGSPlDUO5S1Ntm5oJgAAANCloGaSX0IySw2uNWOB8pPeMbJRQzMBAACALqrNJBQ9UHNC9JDKM1PWWKbIrCXRUKigZpI8Eq3ZH/GOko0amgkAAAB0UWkmw0210c6000bEROpMg2wp6c6GsqZh7xVWmYXeaHEk1RJrm/bOIRszNBMAAADootJMXJHlxJTdeaKetkORwP4Ow5gJVLTbQ50NdY210cazHX3mpfpwJBrvaos3B8KJQevM+7rd1W3dA6n+XvEFOLdD1i00EwAAAOhSYDMx+o7b55zMe+esOeFg5MCpGTFRFKy2hzobAiUNzgKBYK2cKMou6aSpIqK6p4aoh2YCAAAAXZSayYLdCuRBXAdqTmQP6zIzm/09wmvMgGw4UlLeSGdDfe6kFXPHSE5VUgwNnz4ZKrFHsr8kjKxfaCYAAADQRaWZ3I8z4JOHo9YRWzIDgUNds4anmUwEwoncIiJX4uH4mJxsPUgzeR9CMwEAAIAuqs3E3ndh7ycxsvtPAqq/NfhAKO9EkUAw1jTuaSaG++7MnG84cMb+q47hEM3kfQjNBAAAALoU1kxCuaqQ7iykmYzlznq3Et8fMf+wSX4zMRamynZGzbuoSiTHzYHKsHmxqLwu3VZHM1n/0EwAAACgi0ozMcZ7ozUN0lj2rJJzjXE5cm7U3o9BtnxoJgAAANBFqZkQYoVmAgAAAF1oJkQ9NBMAAADoQjMh6qGZAAAAQBeaCVEPzQQAAAC60EyIemgmAAAA0IVmQtRDMwEAAIAuNBOiHpoJAAAAdKGZEPXQTAAAAKALzYSoh2YCAAAAXWgmRD00EwAAAOhCMyHqoZkAAABAF5oJUQ/NBAAAALrQTIh6aCYAAADQhWZC1EMzAQAAgC40E6Iemgn+//bu/7WJPIHj8L8/P7SE6mHFICIKDYbGariWbUol6BnaM2tbDJ6uSm+vBDmrRijroi25mXxrTFxt5/PZ22KfNw9rOpmk3d/6YjIKABCLMrH8UyYAAMSiTCz/lAkAALEoE8s/ZQIAQCzKxPJPmQAAEIsysfxTJgAAxKJMLP+UCQAAsSgTyz9lAgBALMrE8k+ZAAAQizKx/FMmAADEokws/5QJAACxKBPLP2UCAEAsysTyT5kAABCLMrH8UyYAAMSiTCz/3rx5o0wAAIhCmVicKRMAAEIoE4szZQIAQIigMpmZLSVTJk+y8zFlAgBAiIAy2X2QdsiNSq08cn0xmV2aPO0UO+zsPp4pZHlTrDRabyef/sZWi6WHL183X31MZsuVXyafjbKksDx5yMamTAAACBFQJlu1iSskL1YWk2KjuVJv/TZ++KRrVsrpGy6sbG40GjOF5YcHkyd8Y4XhT5IUFpd3v3wu0pLCT5OHbGzKBACAEDnLpPOP5eyzW4XF4wsmlSxU7r5KI6G6fprLHYO93UxuPj5NjHyxsGs1f7iZP+dtf8gpEwAAQuQsk+zySFompZ3xg+mRVvrfYmNv/OjJtre2lFbN9JrVavq2hav3Nl5/6h9Jipvrt6rZh77mFjtH3e5vz1dvZuf0L+CkibLazk7rPGuM3f1S63Zbya3W8F1b82u9k7qtytPujcvl5Hoz/eLz69bFC9n5D3/Nvtf27aX+y7Pnsneu9V+cfvfCXFpl5WcfDvtHFmZL+z/X0zNnxn7O8zZlAgBAiJxl8tV737M2aDe+Ghjf3WqxNN0z+/Xq3Vf93/7369dLraPsUb9AejtILtX7j0bXTIZl8jG5/KB3YPfupf75Xy+TZLY8PHi89P+u/CR7MH4ppl8mrdvl0cfMKhdK+70HaZk0+wd/qY8+V3bepkwAAAiRq0yOnk83Sebm47QfJk8+2dIXbk8e61bmxt6t3Sjef9cdu3Yx/niqTN4lxUbvwHfKZPigtw8v5y9l97qkFrayA9NlUhwPj61a5Wn258LxwdbY4/M1ZQIAQIg8ZXKw0bvJZEpaDtfy/l7+YuUrd64HlEl23eP1wafWylJS6D/1vTJ5+eBiobS+s9t5/25emZx+ygQAgBB5ymRhqkn6DrqHyc3Hk2efdAfJbPla/T/jh/bvVytPpz/NdaIyKV+Y+JhWO7m22f/w1d7q0nSZrBZLyZX+ZZbDb1wzad0p14f3949/mmt4ljIBAIA88pRJea70efJYts6jn+rvJw+eYkcfdhv1wb9n8vd/dXrHntWzv/KrcPXew18Ht3ecsEyWi8NkKpT3e0nzbG354uDO9fZ0maTffXslu5N+vrJz99KgTPZ/vpceqf+3/86D77VRrfbfZ/vN8R3w/QfKBAAA8slTJget7Pf1r/p98ty/aEftmSu1jUc7qfVqdebO88kTLPaUCQAAIfKUydnfdqX0YvTFUTvgM2Z20ikTAABC/Jhl0u0eLlzN/patmb8tFSubk0/anzBlAgBAiB+1TOz/PWUCAEAIZWJxpkwAAAihTCzOlAkAACGUicWZMgEAIIQysThTJgAAhFAmFmfKBACAEMrE4kyZAAAQQplYnCkTAABCKBOLM2UCAEAIZWJxpkwAAAihTCzOlAkAACGUicWZMgEAIIQysThTJgAAhFAmFmfKBACAEMrE4kyZAAAQQplYnCkTAABCKBOLM2UCAEAIZWJxpkwAAAihTCzOlAkAACGUicWZMgEAIIQysThTJgAAhFAmFmfKBACAEMrE4kyZAAAQQplYnCkTAABCKBOLM2UCAEAIZWJxpkwAAAihTCzOlAkAACGUicWZMgEAIESeMvn9yb1ktvSlWmevPXmenacpEwAAQuQpk721pekySQ8WKq3JU+3cTJkAABAiZpmkDw4mz7XzMmUCAECIyGWSP07ajcKtzY1HOxuNRv43sb9uygQAgBCxyqRUrtT6lnfeTb7gJGs35teGd6rsNebXX3/xbNhmZpcmD1nsKRMAAEJEK5OR48A41cbLpH1cJuu3qul73lh72TnKvlwtljpPHmTfqFBuvjkcnN89LF4pZ3X0aNgzW7VW99PFuVLx/r+3bw9+2ubYGxauVD8PX2xRpkwAAAhx9srk08F8YfBprtadcrP3aL+e5sRit1cm628HrygWStkfbzeLs70H6Wn3q5WnvVzZqiUXaoPzut1kdM2k3VjYGh22mFMmAACEOENlMnqHYnWnf6wyN0iOrFt6+ZFdMxm+4uHNUqvb7dyvHofHUWvmzvPswVbtxj8/Dk8cK5Oj58nl42KxiFMmAACEOENlMnjhweOZ0qBMirOlzvt3I91emYxesbe61OxdV0lmR7HRTq43s3TZqq2O/RTHZZLtcL1aTQruPIk8ZQIAQIizVybd7t3LpRe9u0rS6ljdG91Mki0tk1Fy9K+idN82Bx/r6n2aq9wafJrrj8skW79qLOKUCQAAIf4HDTEXpwO/YOIAAAAASUVORK5CYII=" alt="Screenshot" width="100%" ></p>
<p><img src="data:image/png;base64,iVBORw0KGgoAAAANSUhEUgAABDMAAAIGCAIAAADGMlPIAABVAUlEQVR4Xuzd/19c12Hn//4H3d93f6md7DZN27Rpm3a72/18ymMTp/G6sdapk0+ar3XduNm6eSTN1vUmdbubbjp2wGOBbDBIlvXFYswYhDQxkgCDMAQEAgkhjRFIIAQjxJcBBjHiyzBwP+feM3Pnci8gOHOEELzej2eUO+feuTPCcO996947/NIjb/bB68WG8en5pdnF5cSSsbRsLBvkHhmO3nUPEUIIIYQQsrGIg8lf8h6U4/PByD810Uw2F5oJIYQQQghRjtlM3GNbGHG4Lw76xaH/3OLyTGJpci4ZnU2O3k3emlmM3FkcurN4c3rxRizRN5W4PpW4JkwmeicXeiYXrk6YutM+iq7JXqbbeoognt5rEmtbuD610B9LiJe4OZ0YuiMsDs8sijcwMZecml+KJ5bmk8uLZjMRcb954grNhBBCCCGEKOdBN5Nl86B/cWl5YWn57uLynYWlqTmzFYyLfhJfHIkv3o6nWopVVBKD06JCLA5YXSJlOiGqxT2JxeTyA9OJAauHiFXJ8iP+HDZfyCwkgnjpybml2HxyJrFsnTBZTlonTGgm9wzNhBBCCCGEKOcBNxPDUU5EB5hPLs8tLt9NLAkzC0sziSXRVabnzZ4QmzdLy1T6z8m5pGVpwmoy9ySWtJjPslci/hSrnV4wX0UQrxhPmEQhmVtcWjDfkiFrCdlIaCaEEEIIIUQ5D76ZGOlruqxyYiSs8yeyogizlrtWYYhbjUVOmL1FStiW15BewNE97FXdtVZuVpHUK5qXby1YV3DJsyVcx7Xx0EwIIYQQQohytkUzMawzJ1Y/WbYYyWWzFSStumIxZFVIM29NkeSsjXA+S67HMdd8FfmKSesNyHdCJ9lUaCaEEEIIIUQ526WZuGIWFRfr1Mr60sUmw7vMKjyvRdRCMyGEEEIIIcrZps1kg/GWivWR+xqaCSGEEEIIUc7D3UzItgrNhBBCCCGEKIdmQrSFZkIIIYQQQpRDMyHaQjMhhBBCCCHKUWwmC0kjcifZHV38aNwStSVNEw6Tpp4p81N93WshOys0E0IIIYQQohyVZhJfWP6V/JFHCkYf2Tf6yOujj7wx9kiRMP7Im+OPFEcf2W/6eMnw16tnvlV952Nvjz16ZOrRI7FH34nVRhbd6yI7KDQTQgghhBCiHJVmkn9uZv1m8h9Khr/0/sTEvPlLDD9fPmo3k0ePTbvXpSnf/+Hff+XPvyG4Z2iNfIn7/SoPb2gmhBBCCCFEOSrN5Fdeu71OM/nVkkhdJDG9YP6ewmVjeWI++eiRSbuZTM7fl2u6/vizn/+Vj39CcM/QGvkS9/tVHt5k30yCFTVODQNyeMg1Hlv5rAebV5961j1ECCGEEEI2H/3N5C9qJkUtSS6ZDUT8b3ph6dHDmWZyn+42oZlsh2TfTHx5Af8b5Sn5gdJOORz2+YPp8WCuPxBZ+axVEjm+56kfvnPDPWwm2bXnqWdfPeceVg7NhBBCCCFESzQ3k2dqJkQVsX73uvmbDRPJ5bd6FpxXc8VpJjs3OppJZeZBZ02mmZSF06PD1SUbaiavF/5kzzdK3OOG8eG/Pvvy9m4mLbmaV0gIIYQQ8lBEZzP50+DIyF3rGi4ryaXlE30LH3fcAU8z2dnZVs0kGDG6Cr875Z5h7Hnx/Ve3cTNJRN9/SesKCSGEEEIeluhsJn/TcHdqPtNM5hPLX3zv1qOHp2gmuyTbrZkYN465L+hKdv2k7q6rmbQE83/wzHf3PPXsy6GuzGjkeIthdAXznvvzZ/c4qkIi0vhta+T5HxXKEauZJH7y9997+uln9zz93eCFcXthkQ+DhXL823+f7xzf429N3G799rfM1336Wy/2x63RG2XioS21aHL6H/72e+Ziz/zwB/9yKJHMrIQQQgghZCdFazP5cO7GneWlpVQ1mV5Y+o+HIzST3RMdzaS8tb0r5f1QppkcbEiPt5W+seFmIgrA03nO4RMvmof7zmby6ree7U+kZ8dbv5bfkZqOHH/V/+LUyhqw5+mX3rlhL52KWNvX/I32w3hd3omoY7YjzjcjuopzVQf/Ot1DIsefX3nOZM83VlQaQgghhJBV48urSR/HbCixKw2+vEBV34rBg3uDwStzK4aGW+QhWe6Btnsfg2UXDc3k99688SeH+n6r6Oan9g+93b00HLfKiVVPJuaSf3D01vrN5O9f/JE83D/f3mEf+gsv576aSGQO3T73J//NOVfY86Uv23O9zeSRf/9rcuQzf/hHAwM3f+O3f08+/PJXv/7xT/yGvZL/+tjj9lPEe3778FHXq7z0zz+xF7AH5cNkMulcUjy0l9ydyb6ZaEu6mbgu6Nrz4vvGimbS9bVCx3kSMevpTEN47p0VP6ldxd/tdz5Ox3s11x5/q2tEJvj9zJJ7nsp8X5m5WSbfMM2EEEIIIWrZbDPx5Z1xD62adDPZgmTbTH513+Ch8Hzj0ML+zplfKxn57tmZc6PLc4upMyfiWD+vY2aDzeSTn/odVyv40pf/XC7zSq7fNUsqLCqWC7iaSfnxSnsZUUvEiN1MvK/yZskB+SxRWlyzpAsXU/817BH58C+efc4e+dYz7sPTXZht2ExWXNCV7PrJWfMdZprJzbKXm9NzrVT9KNNMXj2/YtY7f7v6f2LFZuK6O99+w55m8uq3nv3wtvtEDSGEEEKIK5tvJjXuoVXzEDWT1y4uzCasX12ybLQNL3xy/+hfn71zbmT5VnzZOnGybH5qsOP3mazTTIRvP/NX//ryz5ytQCzQ3HLOOeJyqeuysbKZ2GdLhOt9qX/2tpuJ8Nu/+wf//H/+xbkS19vwWlw0f3u986Gzlnz169+y/zq7OduxmWSuoRqXl3IZzmZyLt95X4c0JBdyrEHG20BkvOOZZjJat+cr3wvWNE5NTQsHHd1mz/eP29Nm1m4mhnlbfPdzX3n2+X11/d47+gkhhBDycCcRm5oUop01Ry6YN56WVLS09o1cb6kpOG0elRTmVVbU1lQ0dF2fMDrKAr5AS0FZS+uVYcOIBmu7ro9NNleUV1m/Ai7VTCIt/gr7Bl1Hwg113UMDXU2+Y11GIi5e0Zd3Rvwp5ojVVpcEm9u75s2XS/3ahkJ/4NLgZOvpqtz8oBzxlbQ4D45GGqsKQr2OAZFE4enUb6NTS7bNpDicnJhLXbsl/mwbWfjkW2Y5eas72T+9PDW//F5fYoPnTN4pfVeOiPXYB/1DkYizIdjPskc+9qu/Lh7mfPZPnItJH3VftZe3m4noLXKkt/eac7X29Cd/89P2s5586mk5KHqIcxmn2dmVl+Lt4mTfTLTfZ2Kkr8LqP/xDeSmX4Wwm14+56kcmnmZy8K/chUFmnWbiusvFuYZNNZN0Ev2lL2VOARFCCCFk5yTp2+u+tko0AcOqCoW1w3LEbCZ+74mOYbmA2Uwibb4Dbe75K2OfKrEnxGo7llJzU81kqaugOvWiRn/Dqs3ETGIo93iqnAxUV/qK6lfM3XyybSY/PDt3dWp5MX1jyXxy+Tuno585evuZujvv31w6N7L8l7XTG2wmN28O2oP2cf/g0JA9/Uf/73+1F/j0Z/7QHjcc50xsv/npz9gLG45m8vif7rEHnWuwp3/qe8VewD5d85k//CPnMjbnvS5ERzPR+tlcMjeOHbxuvP6NZ+WlXIazmSRbf1K3xnv2NJMW/7Obvc/EVT/+wbGkUjMR6Xs+mN5MEEIIIWTHpLu+tFN+UqdRXRby7wv68gJ2M7EvpjKbiTVoJVF6oNy/N+BLVxdfXjA3P1BxbY07n6cHCt6wVrtaM7GPelIv57yCKz29SjMxjKqSgHllkZEQteTS9BovveFk20w+VjD4r62JvtjyjHlNlzlXlJOvnhx79MD4r+4f/MT+e3821/984X/Jo/zx8cxHGtmH/jcHB+3pP/tK6rYTEVEw7HFjtWbyyU/9jr2wiH17iXMlzjXY02+9fdheQJQlOSjPzLheQvjif/8ze2GyTZuJee7iJeft7K7P5nJ9AFcqnmZiGHfX+mwu10immTz1Q3twqjn/a9/YQDMxuoodi4kXdUwb8XP5xd3OAUIIIYQ89LlUEfTlp0pCw6GAfUC8fjMpyQukF7yaOWdiGCeLAqmK40j4RNC3t15Ob6iZLHUV1o2khiLrNRPDKifZny2RybaZPLJv5P95e6L59vJo+ncsij8PXrn76bcGHz04+ejbkxqbySd+47ftBURVsMcNRzP59d/6XXu8o+OCvfzGm8nXv/WMvUDx/rfk4Of+5L85l3GamZmxl9/l2bbN5PVvPOv8JF9nMzFuVu955ievB+umpqY7Guue+8qLqfFVmolR9X++t+ep79ac756auvlOburDtdZpJif+7tmXg41i4eIXv7fnKy/V/MtGmokxVPnSS++0mremmI9an/5+3ofiFW90Ff/oh08/9ax3W0MIIYSQhzq5ecHMCZOSwLycWupdv5kU2s0kXO9sJqJIlDS6f4OB+cQ3GqzJ6IaaiTFpv1CktnL9ZmIkhrI/WyKTdTN5ffRjrw+fH0neWcg0k7ORhcfeuaGrmfz4pX+2H/727/7B6TPVn/zNT9sjr+XvMxz3mYjp3/rd37fn2uXkns3k9//wv9gPP//4F0+cDH37mb+yR7qvmresOJc/dCTz+cKf+8IT9jp3c7ZRMyGEEEIIeSjSWWNdYWURBzxL0Vy/OR1sH1m/mRjjXfJZrSOJFc3EOokRSd83kk68p7ZKLHyktq9wQ83EiF9rEcsXHGvpiQ/co5noS7bN5NGC4eqbC4vWbzAxrFoyvbD8//18/NH9o7qaieHoFS6/8/v/SS7v+tTgvv5+e5mWc+Y/YN+zmTgfunztm3+x6vKl75bZI5QTQ0czydz+brk+IYcnXeOpf0sghBBCCCE7KNk2kz8+OjI6Kz8f2KwcyaXlxluLH98/8shbExqbycDATVdbkEZGR+Xy3t+0+Hv/8T/Lkf/wyU81Nv1iI82k6tSZ3/7dP3C9xMd+9dflRwZ7lzdWfkLx5KT5sWu7Odk3E0IIIYQQkn0itZWZUzGZO1K2e7JtJqW9S3OL8tZ3Y1HUkuHEx4tHHjkwsfFmsqm0nGt9vfDNtvPt7hlaU3+2oah4f+j9KvcMsm5oJoQQQgghRDnZNhNf++KN6aVEcnlhcblhKPGxN8ce2R9dp5ncya6ZkO0cmgkhhBBCCFGOSjP5tX0jdjP5o9KJM0NL/dPL12LLz74ffaQ4SjPZtaGZEEIIIYQQ5ag0k+n5Zednc31i//inD0X/ffHYI2+Or99MDl5dcK+L7KDQTAghhBBCiHJUmolIYsm4Gl38aDwtakuaJhwmU+KLnC3Z4aGZEEIIIYQQ5Sg2E0K8oZkQQgghhBDl0EyIttBMCCGEEEKIcmgmRFtoJoQQQgghRDk0E6ItNBNCCCGEEKIcmgnRFpoJIYQQQghRDs2EaAvNhBBCCCGEKIdmQrSFZkIIIYQQQpRDMyHaQjMhhBBCCCHKoZkQbaGZEEIIIYQQ5dBMiLbQTAghhBBCiHJoJkRbaCaEEEIIIUQ5NBOiLTQTQgghhBCiHJoJ0RaaCSGEEEIIUY7ZTMT/AAAAAODB4pwJUc/4+Hh7OuKbaXZuEQAAAFBDMyHqsWsJzQQAAABZopkQ9dBMAAAAoAvNhKiHZgIAAABdaCZEPTQTAAAA6EIzIeqhmQAAYBuOLZztv1uPXU98G4hvBuf3xolrc58pi/1y8eSu9W+KJ8UXwftT40IzIeqhmQAAYBu5s+jeU5LdGvHN0B6Ztb83vEfqu5P3p8aFZkLUQzMBAMDm3k2S3Z36/syhkfcYfXfy/tS40EyIemgmAICHwt3ZhM07Vxf3bpLs7tBMvLw/NS40E6IemgkAYDtzFpJVeZ+SDfdukuzu0Ey8vD81LjQToh6aCQBg21pRQu4uxNPuXzlx7ybJ7g7NxMv7U+NCMyHqoZkAALYhu3XIKjJ4a6y792bHpZ52y9X+24Mj05GxmVvjcUnswqTRydlo7N4fH7QW926S7O7QTLy8PzUuNBOiHpoJAGC7cZ4kGYtOh3v65zyJRif7+gdn4vPmKZT0WRR7DTN3E6KieNd8T+7dJNndoZl4eX9qXGgmRD00EwDAtuKsJaJ4tHdedZeSdCK3bo+PTzmv73KuJzazcCe+4vdRbIR7N0l2d2gmXt6fGheaCVEPzQQAsK2kakl8XtSSSx9dd9eRlYlEbk/fmU2dOVmtnHjXvz73btLKnZnZoVvjwyMT8fjcrdsTwtz8gnshshPz8DaTmcSyd1AL70+NC82EqEd7M/HlBWYc/0b1wdlOMTJ8e8q75Dr2vnHcO6js+z/4u5ycnPHoht6DWPKtg4e841vjnXfrjpR+4BxZ56snFp6cWvGfrLyyqfitKu+Ss9aXtOrMeTGRX6jzawsge7Hp2YbGyy+/+u7PXitragmLTWju3qB3sc0Sqy068HP7odxidPcMtZ7vcS4mNjJ7X1+xWXi1oNy1zD2JzYuu7bZ9b8mdmbmpWHxsPOruIp5cvXpdLGmXE9cKb09sbtfm3k0aRiKxKGrJ3dl5e0S83M2hMcciGnKmtj3/jePu0XUzMXlHPMs9SrRmg83k5Y65hSXjyNV5+XA4vvTEz+94F7snsZ67i8unbybskdnFZTHoXfKe1JrJHx+/c8+X8/7UuNBMiHq0NxNx4Hu9/7b98MCh02Int9ax9VrU9nAf/uKKd1B44oknRN9ob7/onSV94fHH7ekDb70duTXiXWZriEMH8eWyH4oDi3W+enYzqQw1e+e62M0EwHbz+psnX/GXNTWHa+ou1tabWyotzeTyRzd/5i+zH67VTMRGxvVy4uHWNJOBwXHv9k2eMBE1QzSTgaHb7hayWq5d7x8eHp2ZmVv1tMn41Nymzpy4d5OGMRmbiU7ccY4sLS/fHp2Mx+ecg1mGZrI9s/FmMjG3PDmfKgPZNJOp+eXBmSX58Hfene6NJe9ZFVal1kz+d9vsPV/O+1PjQjMh6tHeTI4GPig68PPoRFw+FM3kxPstct/T3NrtywuIHfDwiPlQ7MY6u/r3vXlCLCAelgbP/uy1MmEydlfM+qCh87XXK8TDseidWXMHNnasrE48/fCxWrlmsUxj8xUxEnjvrFhGLCCmBdfx93h0StSSgn2vf/Ob37IH/+///Vcx+J3vPFf7wdmf/SwvJ53Z9DmTb3zjG2IiNm3+Lb7z3HOCWM/NwVtf+MIXnnjiT8XTnS+hkTh0KKv40P7qicphf/XsHiIOLORhhBy50j0o/+LiSEKMlBw0z5nIL6AYfDX/PVFv5Ij8ythHD/0Do+K/RdH+1D+piueK/y4vv/qu/eoAtkBjc7ih6bJr0K4KcsMofpDFhnHW+rF968gZ8aMtNq1yAbldLQ3Wu9ZweyQmtq7VdRduDo3LkbWaidgm1H94SdQY+fDSlRv1H3bJZeyX67oyMGvVD7GFCR5vfG1fhXgoyoPYSouNxvX+27KZHDxSLRZu6+iVqxJ/LzFXLNPUEpZvQCwpRoTunsj0nTkxITdf4o2Jt5rehrfJEyZiC9x28SN3C1ktE5NTH3X3ymu6sr8V3r2bNIxbtycSCfe4qCWj41OuwXVSVt6w/+0q8Vcufut9OXK+o+f1N0+Ikas9g4ajmVwO36j+oENM5BdWignxNXn/dOv8QkKMTE7NmN8PBe+dfL/FcDSTubkF8Z87/VJEZzbeTEQTePfaQt5F87DebianbiYOdc+X9i7MLZo9oWog8eXTM2IiOrdc3rcgJsZml+WIcz12MxHLF1yak1XhLz6Ii+bzl3XxvunUysWfA3eWfto++4l3YuJhJL4klnytM9Ur5pOGeOkXmu+KbiMajhj5+1/cfe5s/L9UTM8lU6Vlccnonkx+6dSMPSLWQDMhDzLam4nY94hmIg6vZ609rtgpij2WOLYWE++fbpPLyNMCYjcmjqrliDj+vnFzzF6JmCV2q/a0c/1ybc5l7H+rkwflLoVFxXv27Bkcui2ahtxX/eNL//TYY48NDg4fOfLOyGh0KGLOspeXzaS9/eIXHn/8WOm7ciT8UY/YTYqJ8+0XhS9+8UmxWrH/dr5Qz7Vb3lffLPHVE8VAfvVm03Vi/WYiF7OfbjeT0XGz0c2mD3FczeRI6Qfyui/RW+T1Y+K59n8gyflfRJiYNC+WcI4AyJ74mRXH6K5B+WPr3DDm5b83a/38ii2AvZi9Xe29Piy2t841iJ9rsSkWa7Y7zDrNRGxkxHGtXKF8CbHMTHxBbCXkP1WIlYiHYhviM6/XNbcDosk4z7TIWfYKneu/NTwpR8QbaL9wTQ7K59rbNzl31r6UKz5/587syOhE8/kudwtZI5evXI1N313rbpNN7d3cu0nDGB2buns3cymXzFQsLoqBa3CdvOJ/V0709Q9f6Lw2MjoZOnVOjgTeOxu/OyebybW+W2UVDXI8b29QFhKxwIFDp8SEqHly1rXrkXNt3bKZLC4mRVeR40R7NtVMzKN2q4HYzSSePnEhOoYoFd+sjctCIvrAxNyyeGhfAOZcz9813T3w0bw8D2NXBfGUnqmkmBDP+mDIvNxLvMS5kcy7Ei/qXJX90mKF36mPO2fZS4oV/tuDU84Rmgl5wLkfzUTsbOROTh7yyn1PW0evfexeuD80u3Lvtf/tU86VOGe5LjMQ+0u7mdgjchlvMxkdm3z22b/6m+f/VvaKyK1RMfj0l7/8/R/8nb3Mqs1kPDr1neeeE4vJUy6x6bhoMrLbiFW9+OKP/u6H/1McNDhPL7xRfNL16grkvll89UTpEscBoqIoNxN7nXYPdDaT/MLK0zXtcgExLZ8rDiDsZwnX+283t3bbD61DE5oJoJl3wzWb3u45Z4lpsU3Y+7p5XsIetLer49EZ12mTV/Pfkz/yP3sttQldv5nIDYWoN6+/eUIuI7ZC9laiMtQsHooV2htkMct5d4qYZV+J6vobiReVI+INjI5Ny0G5IXI2E7Hm+N3ULzARm5rpO7O3R6LNbZfcFWSNdF3uFs3kzmoXdN2dXby9mb2bezdpXc01Hp12jsiruWY2czWX2EfICVknRDm53ndLjojp7p5B2Uz8+8pFS5HjopnICTlrdm7hWFmdHBHTR0trxapOVbcFj3/YfqFHjhPt2WwzEZ3hhea7djNZdqxK1ANRAzrHk2KW6CeidfzswtxLrbPe9fzOu9OXosnm24uijdhV4VZ8yV7V2Yj5ZsR65ITkaib21Vx2M/nRuVlRnORbkrPE+l3PpZmQB5z70UzE7vPQsRrxp7z5Uu57xJ9iDyompNmVR8+uf2PzNhOxl33ryJnbo7FNNZOf5Wau1BL5x5f+Sey3nnjiif3737KXWbWZiInuq9fEdGFRsWgy4mHnpSvi4Ze//BXpH//xpVnrXzRlOdFSS2bTzUR89YTqugti5dk3EzntaiZiDQ2Nl+V/C/FVda7NyS4n1BLgPhE/7Pbxus0+1WmP2D+h4vD9rcOn3zzw/qy1dbW3q+MTM/bCoqjIK6MkeXp5/Wby4S+uDAyaJ0wuf3RTLiP+tLcSgnjdKsfNJPbWRnLOkuNiiyH+FoORqLOZ2BsZbzORD/373qv+4ILZTKbvjkdj59o3dM5kbGz8Uld4cmpm1WYSm1nY1C9edO8mrQxGxoZujdsPbw6NDUYyDzcSedLDSDcTwT7lIs+iiBHxH+vEz5vHxlIXibmaieuuErFCMVJQVCmeK6/+Ivcjm20mwlxy2W4m9p0nttjC8vnRxT8+bpaT/ukVXcK5HvFEUV3+si5uV4WqgcTY7Iq1uZqJPF1j8zYTe2Qq/a5oJmTb5X40k1nrH94uXbkhjq1n0/uec+evhtPXbknOnW7xW+ZedtVZcg8tTyPMWv9Qt/FmIm8XsSM6Rl//4Je+9KUXXvgHe5m1mok8zfI//sffvPJKrnjY13czJ309mE3sPve/feqDs53Om/6zYX/1Xi0od/Y6OUvu1MUXVt7VusFmsuo5E/Hnz0+12ss41+YivvLiLxhauTAAXcTPV4vj5KQkt2nOk8nynIn98FXr4i7vdlVqv3CtMtTcfK5bEBPyQq/1m8nNoXGxxT5w6HRselYuc2t40rWVcNYPMct1zsTVTMRWUe4CxKbbPjG7fjMRG9ip2N3X9lWITWvMaiaXrvS4W8hq6eu78VF3z1rNJPs74EXid+cit6LyU4Mjw9Fbw1HRVWbnNvHBwa5m0tnVt+o5k+k7d51Xc8kJOWtutXMmsqv4C8rlONEehWZyOZp03mfy8xsJUQwOfJS6aku0i8Ul85TFS63mGYy11tM5npRXatlVQd5n8tP22RdbZn/QdPeXPc3EdZ+Jt5kklgzRiP5Xy+zS8prnTP76bLxpePHJ9zO3vnh5f2pcaCZEPfepmcw6Pj7Y3veI42l57YG8i9159DwYiRYUVp5t7GpqDk9Zd8Dbs+Qe+uVX36040XQ5fNP+rCpvMymvbGpt74mkL0kSeybRJT73uc/Jh+3tF8XDF1/8UWNTi91Vaj84KxeTmV35qcGy2IyOpVb4ta993flEOaiX/dUrq/jQeS2cmOjovF4aPNs/MCr28fLyDHs3//bR6ivdg6Nj085mIoqN+KqefP/cu+UNcsTZTKz1mLe9iq+e+MI61wZgi4nNmvl5wc3hD39x5dJl8wY2uU2LTsTFhlH0FlEtZEs5UlorfmbFz699VZXcroontl+8Zq9Q3qGeWX/+e73Xh9dvJmLiFf+78nZ5exmxlRBvQDy34uQvZlfWD1EexBZJ1J6Oi9ftO+DlLLkVEm9ebKzEVsi/L/XZX95m0tnVX/nzZrHRFjuL0KlW8TbOd/SKv6lsJtGJ2PDt8ZuDEXcR8aTpF+fEkms1k8k7mzvf695Nrp1NlRNXMxET4j968PiHNwdHxYThuAP+TM35a1ZpcTUTcyWHT7df6DnX1i0eirJkr2p0bMruM0RvNthMdhXvT40LzYSoR3szwXbgrHYA8FCQjUL+3vdps5lMj41PNja1uovIyoTDV28MDIklp2JxbzPZ1B0mkns3uW42VU7IwxiaiZf3p8aFZkLUQzPZkWgmAB46slHIX2YyfWd2YvLO2PjUlXDP5fBVdx1x5GxD0+DQbbGkt5nEZhbuOC6B2yD3bnLdzMTn5MdnkZ0amomX96fGhWZC1EMz2ZFoJgAeRqnTJtanBoumEZ2Yvjl461JXuP7DX7gbydzczZuDDR829fT2j41PiiXtTw0WbWTqzvxmf/W7zb2bJLs7NBMv70+NC82EqIdmAgDYJuwLuqzftHhXlJPxaOx6382PPuptOdd+9mxjdc0HZ6pra2o+EA8vdX3U09M3FBkRtUQsudZvWtws926S7O7QTLy8PzUuNBOiHpoJAGD7yNxqcmc2Nm2eNhHdo/daX/ijnstXujsuXGpv7xSdRDzsvnpNlJbx6OTk1IxY0nuTiRr3bpLs7tBMvLw/NS40E6IemgkAYPtwnjaZTl/TNTI60dc/eO36QE9vv9B77YZ4ODg0PB6NWbXkrjxhIpuJd52b4t5Nkt0dmomX96fGhWZC1EMzAQBsH3YzEU1DXtMlukd0IibKSeTWaP+NIdFJbg7eEg/Ho1MTk3fkdVy6TpjM0kzIytBMvLw/NS40E6IemgkAYFuxy4l5K7x15iQWi4t+IogqIolp0UlEbxELmGdL0neYeNe2Wcvu/STZvRHfDGdpJh7enxoXmglRD80EALDdyHIiyoZ98kT0E+vOk7vmtVvW5Vt3rFMlqYu4NJ0wERoH7lJOiGHVEvHNMBzLfPD0iWtznymLeY/Ud49/UzwpvgjenxoXmglRD80EALDdpJqJPHOSLicuYtC+t0RXLRHEkejZ/rv12PXEt4GzlmDjaCZEPTQTAMD25OonXvapEl21BED2aCZEPTQTAMB2ZnePtXifAuABopkQ9dBMAADbnLeNUEuAbYtmQtRDMwEAAIAuNBOiHpoJAAAAdKGZEPXQTAAAAKCLSjM56A/48oSge8bWpqMsEHGPkS2Nq5nIj2KUHxtvk58fDwAAgN3MdYjo+hRv+UHeKs2kp6EhWFHlzwsEK2pWceriQNz9lA1laXqgpSFX1B5/sK5n2j3XE5rJA8+qzcRbTugnAAAAu5P3sNBZSzQ0E5nwiaB15mQVpZ3uhTeQuC8vWHohVUgGqivFelYu4A7NJJN4rz/U6x68/3E1E+9vs/J+IwIAAGB3ch0o2p1E1pKsmokx3OLtJMrN5Pqp8urhlUOdNUcuJMX/+w51XAqFcv2Bim5zOHjAbES5RVXOZlJqDVanz7SU5gUXB9vESMx8lCgpMucWlrVt4EzMQ5sHUU68zURyfdtRVwAAAHYP7+Gfi7eTZN1MjF5vJ1FuJg2HAmHX0Fib/9SA+H9fSYOvuOpkQ1d4StShNt++qnD31daG+tz8VDOJd9b4jzaFuy7at76Uih7iDza3d4npaGPo4OmL4a6ukpKG8JK99h2YiqLAFpeTtZrJPcsJAAAAdiHn4aLeZmJ4O4klWHHNveQ9U13ivTQr7Csz24ovr9weCvozl3hVFVtP6a7PTReSSG1l9Zg5IZrJfHoxs5nUbunx+oNLMtZ6piGScA/ft7iaifh+8n63UVcAAAB2J+/RoM1ZSKS7s4msmklJXuBS38i8jhMRq17NVdppXc2VV2OPlThuPpFXc8UaQ768ytjUpCTfTKnrHpXEZGlxwH+0I6LjrW7XJHPzq6qvqX34gGK8zcTm/f4DAADALuctJHYt0dBM3EPKGWgqsK7dSifefDTQOmtOOZuJ85xJ6jSLec7E/TbczcRMUixW0jjpHt4piV2o2eJaYqzbTKgoAAAAsHmPEl21JOtmsjdQuvIjg51XXm02VQfMi8GqW7paG5rEhL8ideOJs5kYkZb0fSYNzvtMfPtCre1dJ8tCcsTZTC6dKG/uGrjeddHnr3SfltkpiV04s/W1xNhYMwEAAAC87EKip5mI/lDlPM8x2+Vz3OBBdnxczcT+rvJ+5wEAAADx1QqJnmYy0H7RNdLcskvuNSdm1momVBQAAAA4eQ8UvbJqJmSX557NBAAAANggmglRz2abyTIhhBBCCNmt8R4cOs3OLdJMiHpoJoQQQgghZIPxHhxKopNINBOiHlczEd9P3m81J/e3JyGEEEII2TVZtY040UyIerzNRPJ2EpoJIYQQQsguz/q1hGZCsspazWQtzue6v1UJIYQQQshDHufBnjfeg0MXmglRTzbNhBBCCCGE7Kp4Dw5daCZEPTQTQgghhBCywXgPDl1oJkQ9NBNCCCGEELLBeA8OXWgmRD00E0IIIYQQssF4Dw5daCZEPTQTQgghhBCywXgPDl1oJkQ9NBNCCCGEELLBeA8OXWgmRD00E0IIIYQQssF4Dw5daCZEPTQTQgghhBCywXgPDl1+qTveDaihmRBCCCGEkA3Ge3DoQjOBOpoJIYQQQgjZYLwHhy40E6h7cM0kXFgSsB9UlwR9ZWExEamtjE1NmuaT4mFpXqVhJAe66ksao+ZyS8O+fVVygerOqFjYXkNHWXpts11H/OVVA5nxXGvNItZLJMVze05V9pgrmZ5fSi1W6A/4/Km1WS8qM1RQlHmTBSWV1+0HnTWF1mJi4ZM91hueitszCSHbP5mNhtgC1A6LPyvyAwPiZ3mwt67xqnjoO3bRsTkKVw8b89OTYlshN0c+f8D+mZebL5H582f8RU1yWmwcHFu5YXsrt3K1hGw0cpcXG+zylbRF0g9l0t/MSZ+/PNgyIL67gkWBiLWDc+4EU08ZbmmW34FTk6nnE7KZeA8OXWgmUPcAm0l1/8W6idSDgtNDdjNxLmSXBDm31J85kjBW3y4bdQcDpZ3Jkr319rhYLGxtoO2jBzESkVPpFObVdMTD8oDDftHw8aCx1Gu/SfH03OO9crrEf8ZuJtXmIQ0h5CGLt5nIH2o79hbDitlMzP87kSoY4im+/PoV25aJthJ/TbQhJJ9gbhzSWznxLHsrt3K1hGw09i6vNE/s5lbZA7p2bb6SFjnL3gnazaTDsRghm4334NCFZgJ1D7KZDM+JXbU5udQrdvnrNJNod0PwypzhOW7wbpdFCveaxwqin2TGl4YLTpnnUO7RTAwj119lOJpJqV8cYSRTb9J6eoH/jD1NMyHkoY63mXSUBYMt6fOt7gohm0mi0B9MbY5qh6tKAs5ti9iwmP94MdHWOms+wdo4pLZywb3mhoJmQrKJvcsTe5/qsVX2gM5vaZHcvJrUYHonSDMhWuI9OHShmUDdA20mYm8dDIaTrcfMjek6zUQWBmO1ZpK6KGJqstlaiSg5vryAJP+pUm6pwyeCkaV7NxNjouPIhXi6mUTTqwrKZcTTow0h86zKQNP19JuhmRDykMbbTKwkg8UBX3694a4Q1tVcnTXN6Uu4rKcknduW3PTGx3ewzUhvHMRWzjDmDraaZYZmQrKJ2HOZ3117y6PpEyCuPeCazSS9E6SZEC3xHhy60Eyg7sE2E3GIX+A/49xbr9pMjO76BnlFxPHg9fSdIcZq50xkyZHxWVd721vqXH/o3s3EvOMlENxrrnbgdHlq3nCL/BdQ6+lzBada5AI0E0Ie6sQaQ6ntyVLvkfNmc0int2Jv5p9L0kldzSW2JHJzZJeZ1LZltqthKrWo3OykNg4DTdXVqeu7aCYkm7j2j949oDHRVtqZrs5LAyUN5r+kOXeCJ9+3vhVpJiS7eA8OXWgmUPeAm4l5V2ggGDZvA7WbifPeUPv0RW5ZeF78fzzsK6qRC3T0T3q3yyV5qSMAw7x8wjzXYW+UOwKpq8ONdZuJEWmxboUXhyapUyXi1UsazdsEU0cV6X8Q5Q54Qh7uLPXmHm6Zn49XHzb/OVmkun0gPj/XWlHuyzf/sdl7B7xIw6HU/cR2M5HbFtFzYukVG+H6cOafLYad513NP7kDnijl3s0kfQf8/Px0sDhzB3xqGfGNKu/V5A54kl28B4cuNBOoe3DNhBBCCCGEPGTxHhy60EygjmZCCCGEEEI2GO/BoQvNBOpoJoQQQgghZIPxHhy60EygjmZCCCGEEEI2GO/BoQvNBOpoJoQQQgghZIPxHhy60EygjmZCCCGEEEI2GO/BoQvNBOpoJoQQQgghZIPxHhy6aGgmBzqH2mbcg9gNaCaEEEIIIWSD8R4cumTZTHr/XfHkL1tei/Q2NUfFxO+dvelZDDsTzYQQQgghhGww3oNDlyyaycxN2Uls//mdCfHnp+offDPJyfmqdxDa0UwIIYQQQsgG4z04dFFtJtHI90pX1BKbYjO56s/JyXnmnVbn4J/l5LxQ41lyA2gmW4NmQgghhBBCNhjvwaGLUjO5cdtZRR55W08zef5Hz+fk/FlmZLrymZd/vMXNpPWdZ7yDWAvNhBBCCCGEbDDeg0MXlWbyiZJMD/nEqYg5ODqcKSfvjJZF3U+5t6v+FyoPP//ZHHukK/T8vib/FjeTor/JvAHcE82EEEIIIYRsMN6DQ5dNNxPn6RHBHv/iyvHCCfcT7+GqVUJa/vePm6yHA/ueycnprnlBNpP6A9/MyXnscFPlj7/xmD9sLVDzwisHvvnjAwdKL5sPX3gy5wcHDhx+55Uqa205OY8/+YNXqjreezwnJ+cfDlsvUf3Mq/sON1UfePWbXz1QL0b8387JeepJ81lV+1LnaiYvPJ+T0zrUesFsVq05T/71e02V/p9yFmVNNBNCCCGEELLBeA8OXTbdTLojkX98J9NA/l3FbTF4aTBzfden6iOnOq0TKZsim4koFZ99Xvz5yldyHn+50m4mOTnPFA2llsz57AvmRM0Lz4e60k+vzPnnUufaRB9JTde84D1/kvNtf7dsJn+5T46IaTnxgv1Eq5l0rXwiXDbbTAAAAIC1bL6ZxLudzcRL+T4TWULMUyXmve9/9spls1ekm4kzL5jL17zgv5p+7lCRPA1iy7SRTDPp+sHffPXJJx8zV2A3k3SfWa2ZdPt/8GTOF75ar3Bl2q5BMwEAAIAuWTWTZy73Z8ZnbmhpJl2Vz+/rr0x9SFemmXw100MkZzOJv+c5Z+JuJk9mKkfXBpuJVPrPj9una+BCMwEAAIAu2TSTCdf4qbosfp9Jupl0W2dIUpdR2feZHP7mYzk5/vLDh8v9j//UqhMrmol5n8mP3zHnFl2Ta3A3kxeeyHmlprr1WtVXP//4Os3k8D/kvFBe9V6H6EXv/fjAAbH8Xz+VU+99t7DQTAAAAKBLNs0k6hrX1Uwed9wlYg+2tux77LM5OZ9/3N+UOp2y4izKUOXjn8/J+exjldbFV95m0nX5gLwUzN/Suk4z6R6tEhXo8Vff6463ftW69OubPz2QeRWsRDMBAACALtk0k9X93lmlZoKHEM0EAAAAuqg0E0CimQAAAEAXmgnU0UwAAACgC80E6mgmAAAA0IVmAnU0EwAAAOhCM4E6mgkAAAB0oZlAHc0EAAAAutBMoI5mAgAAAF1oJlBHMwEAAIAuNBOoo5kAAABAF5oJ1NFMAAAAoAvNBOpoJgAAANCFZgJ1NBMAAADoQjOBOpoJAAAAdKGZQB3NBAAAALrQTKCOZgIAAABdfskgRDU0EwAAAOhCMyHqoZkAAABAF5oJUQ/NBAAAALrQTIh6aCYAAADQhWZC1EMzAQAAgC40E6IemgkAAAB0oZkQ9dBMAAAAoAvNhKiHZgIAAABdaCZEPTQTAAAA6EIzIeqhmQAAAEAXmglRD80EAAAAutBMiHpoJgAAANCFZkLUQzMBAACALjQToh6aCQAAAHShmRD10EwAAACgi7ZmEh/sbW7pml9yj5MdHJoJAAAAdNHUTMa7fHkB0xtN7llk54ZmAgAAAF00NJOOsqCsJa0jCfe8jWe4pbB22H4Uqa305VU6ZmvJcHWJVZ/yAiWhLvdMpYhVlXa6B3dPaCYAAADQRUMzKfWnDvfdMzaVrWomde1dre1tuf5AR9w9WyE0E5oJAAAAtNDQTArldVx5gUXzUaLAHwhecS9z72xVM4mkpgd8JW0jK+aqxG4mDYeyK2YPZ2gmAAAA0CXrZjLdNdBalbrJxFJwasC9zEayVjNZGvb5y1utEx2+vKCc63ujvqqiUgwe3BcId9b4i2vEdPqkTVI8t6CiLSyW97u6jaOZTLTlnui1poZKQm2xwV7xdPkGRMeo6xuJTU0ezA8MzCfFiHkNmL8y3N0rSldk5S3+qWaSiB/JC4inxKzlnW+gOmKO+PKqCstaxF8hWBxovtZS0dDVfLoqNy8wL+Yt9fqKasTKxdyDjdEVa9/2oZkAAABAl2ybSWl+4GDL8KUT5XYziap9PNdwi7PeWMxeEW0Inew3D+4NqzOErZWLuSUN1kH8tQZfccN1a7D5cOC6+L+JjhJ/6vRFcK916J9Jupkk4qLSNEysmFd3MOAraRMT/vRlafOtVdVj5oR4J1VWwTDC9UfOz9lPsWalzpmUOi5mc74B3zHzhpZ0azKM+EWf/4w1lewJlTfPmn/xh/d6MJoJAAAAdMmqmYhaYhcJ61KuLLLGOZOKvY6rpIZbShonDfNAv6YjNRS2nyWeIgbDJ1K340vpxWRS95lc6nNexpUoPVSZWr6kRTzOdTSThinx/+bplIyysOO5qzeTFcvn1Vgj9tmb4cwaOmuqrfceLA743ghVtCida3qgoZkAAABAF9VmMt1l15Lcsq6Y2nkSZ9ZoJg2H7DtDzEP5im7z/9dpJrHG0No3qDjvM0nFPkPSfDTVTIx4n/x7lZy6as2ZFOOuZ9lZo5m438D6zSSVxJBvb73j8UMQmgkAAAB0UWwmzrMlGmqJsWYziTaGKrq9V3Ot2Uzk1VxrfOzWKs3El24U4lmymUTqKgdWfvqxLy9Y2rn6Ku1mcvKNFVdzuZbeUDOx/l4rHm/70EwAAACgi0ozMe8If6OhZynuU76rxJs1molIT0ONWYH8webB1AH/es3ETLL0gHlNl/+A60B/lWayONhhnvYpqoq3VslmEr9wxi5d1desV1yaTr2H/PLwyrtT7GYiz7TkhuRplswbqA7Ly8/WbiazA/691svlV2r7Ym5VaCYAAADQRaWZGNOp3/j+0B1J3ztL4dS99VYKsvwlLTs9NBMAAADootRMDKPiUEjXr1HfXhlrO9ia+fSt3LxyxzziDs0EAAAAuig2kx2c1lBInhHyH6jK9gPHdnpoJgAAANCFZkLUQzMBAACALjQToh6aCQAAAHShmRD10EwAAACgC82EqIdmAgAAAF1oJkQ9NBMAAADoQjMh6qGZAAAAQBeaCVEPzQQAAAC60EyIemgmAAAA0IVmQtRDMwEAAIAuNBOiHpoJAAAAdKGZEPXQTAAAAKALzYSoh2YCAAAAXWgmRD00EwAAAOhCMyHqoZkAAABAF5oJUQ/NBAAAALrQTIh6aCYAAADQhWZC1EMzAQAAgC40E6IemgkAAAB0oZkQ9dBMAAAAoAvNhKiHZgIAAABdaCZEPTQTAAAA6EIzIeqhmQAAAEAXmglRD80EAAAAutBMiHpoJgAAANCFZkLUQzMBAACALjQToh6aCQAAAHShmRD10EwAAACgC82EqIdmAgAAAF1oJkQ9NBMAAADosrlmcqki4MvbKPeTyY4LzQQAAAC6bK6ZdJSZlSP3RG9maGmutb3rUt+kY5mgSjMZbvGXtYlVtTY0iefG3bP154g/UFA95B59OBPvrHcPbUloJgAAANBl880kvzK6lBmpKEqdIemxy8RStKMipNBMCmuH5aToNlUDK+fqi68s7B7aAYn3+kOOurhVoZkAAABAl003k9JOx+P+Bt/eM6JVVJeIchJyzDCyaSZGpKWwbkT8v1itMX1VrEqWifi1tly/WY1i6Wrk89f01Fb5/YHcoirx8EhR0OcPFhxrSc2O9/n3mq0pNTLQVvJG5kqz0rxA+hWTJcXmeZ7cfaFF63GkttJX0lZXZvarI7V9cmWxnjbzuXuDrSMJObK98iDKCc0EAAAAumTVTEbqKsXB+kiqmayoItk0k2hDqKLbnBCrLc0P1LV3xazx3Dxzuvl0la+kJWKVE19eVWFZS3N7V7A40HytpaLBnCsWm7eWF88VI63tXQf3BaojSSMRj01d9B27GJsyrz2zm4noIQWBFrFYXUVlrnVGxWwmouGUmYP2X0SstrW9t7WhqWFCDmy7VBQFtric0EwAAACgS1bNxLhS49tbNW/MRa60+PLKHTNUmok8myEUVnTJMdFMMld1ddeXdibtcd+hDmPFqwz7jl6UU/OtVdVm4+h1XriVPqUTtgftZuLLq7QXK/WbKzSbSXpQTJuvZDWTyHzqDWzXJGOtZxoiW3dKh2YCAAAAXTbdTPyHmpwjhf5UnTBPSqSSGOkya4ZzsXvHeTVXOubVXOnEGkNW3zBj3u6yt95YUSqGMz2ks8ZccqrDuUJfXtD6/1WbSY29mHjFWKqZpAbtZmJOd5sXdIW34PZ8lSRz86uqr23pm6OZAAAAQJdNNxPznEado0JM9xUWh0pPpc5XGKnDevfFXffOvZrJGudM1m4m2Z4zWaWZiCwOtqz4aLJtk9iFmi2uJQbNBAAAAPqoNJMNcj95/dyzmRiG3x+oa+9trj3juM9knWZiBPeZ95mE+waOFNmndOZ8/vKRMfMascx9JnWhgkDL9e6uulAoc5+Jp5kUHm0amJqsq6gMXpmTs7ZPYhfObH0tMWgmAAAA0GdzzYQQZ2gmAAAA0IVmQtRDMwEAAIAuNBOiHpoJAAAAdKGZEPXQTAAAAKALzYSoh2YCAAAAXWgmRD00EwAAAOhCMyHqoZkAAABAF5oJUQ/NBAAAALrQTIh6aCYAAADQhWZC1EMzAQAAgC40E6IemgkAAAB0oZkQ9dBMAAAAoAvNhKiHZgIAAABdaCZEPTQTAAAA6EIzIeqhmQAAAEAXmglRD80EAAAAutBMiHpoJgAAANCFZkLUQzMBAACALjQToh6aCQAAAHShmRD10EwAAACgC82EqIdmAgAAAF1oJkQ9NBMAAADoQjMh6qGZAAAAQBeaCVEPzQQAAAC60EyIemgmAAAA0IVmQtRDMwEAAIAuNBOiHpoJAAAAdKGZEPXQTAAAAKALzYSoh2YCAAAAXWgmRD00EwAAAOhCMyHqoZkAAABAF23N5O2jZ24OjbpHyY4OzQQAAAC6aGsmvrzAsXfr3KNkR4dmAgAAAF00NJMjpbWFJSH3KNkFoZkAAABAl2ybSV//sC8vIDQ2X3bP20RSK7GVdrqXINswNBMAAADoklUzab/QK4uEf1+5XSrcC20mkdrKDvcY2b6hmQAAAECXrJqJrCJvHT49FBkr2h+imey20EwAAACgi0ozSSQWk8klI91MnNdxiXExN7PoJuNqJrl5geau3qqjwdLOuBwpeCMUHpysOCBet9J83Flz8nSosKyltb3N5z9T+Eaotb2r+XSV71iXmFmRH6hr7wp39548ai1MdIdmAgAAAF023Uycd4OMjk31XBvypT+VyzlL7baTFc2ku76iOzUpekj1mD1DJFwqT8501gSvpIaqigPz6dmyt4hm0jo8lx4j+kMzAQAAgC6baybj0ZhoHcUH3y8sMa/dKig0C4BsJgsLi2JCjIu5YsJfUO5+8gbibCaxxtTlYZbK6mFzsPXUmVy/44aWzho5LlJdkrmQLHVGZbzLXPKNUDRhzyE6QzMBAACALptrJm8dPv2z18rk9M2hUVkPZDOpDP0i1RYM4+7deXt6U3GdMyntTDpmGtdPlddNWFOzFw9upJmkU1USCDsfE02hmQAAAECXzTWT8hONduVobL7sbCana87bs6713dLQTAzD7w9UNHS1trcVHGqLGMZ8Z03u4aaRvqu+/PKCvfduJiUHqsKDk7HB3gJ/5kIvojE0EwAAAOiyuWZy6XKfz7qHpPqDDvuSKjkS7r4pJsS4bCxamsniSJd57ZY/WNE6bFWLROFe82HPdLz56L2bSUNZ6nqwI6ev2rOIxtBMAAAAoMvmmomRPm2yavcIVbXYs2bis665ZOeFZgIAAABdNt1MCLFDMwEAAIAuNBOiHpoJAAAAdKGZEPXQTAAAAKALzYSoh2YCAAAAXWgmRD00EwAAAOhCMyHqoZkAAABAF5oJUQ/NBAAAALrQTIh6aCYAAADQhWZC1EMzAQAAgC40E6IemgkAAAB0oZkQ9dBMAAAAoAvNhKiHZgIAAABdaCZEPTQTAAAA6EIzIeqhmQAAAEAXmglRD80EAAAAutBMiHpoJgAAANCFZkLUQzMBAACALjQToh6aCQAAAHShmRD10EwAAACgC82EqIdmAgAAAF1oJkQ9NBMAAADoQjMh6qGZAAAAQBeaCVEPzQQAAAC60EyIemgmAAAA0IVmQtRDMwEAAIAuNBOiHpoJAAAAdKGZEPXQTAAAAKALzYSoh2YCAAAAXWgmRD00EwAAAOiSfTOJ5+YFcg+3uIfJLgjNBAAAALpk1UxiPU0+f8icmu7z5QViS+4FyM4OzQQAAAC6ZNFMlqZFG+mJpx71nA75DjStWIDs9NBMAAAAoItaM0kW+AO+/Cr3cGIomzMnFYcqc8Vq/cFgbdg9j2zL0EwAAACgi0oz6ago9x9tG0i4x0UGGqp8RTUd40n3jHsm0uLbFwrWXmxtaMotanDPJesm3lnvHtqS0EwAAACgi0ozicUTvryaDvewmY6yQCQRj81vuplUlwQi7jHDV8KN9RtNRVHAPXT/QzMBAACALirNRGS9ZuIe21Dmr9T4impah+dSj5fmYlN9vuKG2NSkYZ4TqMnNC9S1dzWfrrLrii/vjG9fqLW9rWNALD/s81eGu3vNy8x2a58R5cQf6nWP3s/QTAAAAKBLts2ktb0r5cqwkUUzSd27kheoaBlIjwzbHSO4N+A7elFOi4oiJ8TCHen776ONoaqIdaImXG8vsOsS793iMyc0EwAAAOiSbTMRE6kRq0Vk0UxSmR++mPokYkcz8eVVVpvFx4x4CXmDvBhMDRlGxV6z1djs8V2V2IWaXO/HEtzP0EwAAACgy7ZrJiIHU9Ui00xy8wKlnal7V6pLAjFrwtlMGg5peN2HOqKWVF9Ln0LaqtBMAAAAoMt2bCa+vKD1/3O+4lQzqcgP+A6lbmxxXM2VaSbRxlBp51Yfl2+nJLf4bIkMzQQAAAC6bJdm0hEKyQuxcotDdsPoqKgUIyPW9OJIl/nbTvIro+nfl+JsJiI9DTXmGvLLC8t23x3w8SH3yJaEZgIAAABdFJtJ5sZ3j3n3smTHhmYCAAAAXRSbCSEGzQQAAAD60EyIemgmAAAA0IVmQtRDMwEAAIAuNBOiHpoJAAAAdKGZEPXQTAAAAKALzYSoh2YCAAAAXWgmRD00EwAAAOhCMyHqoZkAAABAF5oJUQ/NBAAAALrQTIh6aCYAAADQhWZC1EMzAQAAgC40E6IemgkAAAB0oZkQ9dBMAAAAoAvNhKiHZgIAAABdaCZEPTQTAAAA6EIzIeqhmQAAAEAXmglRD80EAAAAutBMiHpoJgAAANCFZkLUQzMBAACALjQToh6aCQAAAHShmRD10EwAAACgC82EqIdmAgAAAF1oJkQ9NBMAAADoQjMh6qGZAAAAQBeaCVEPzQQAAAC60EyIemgmAAAA0IVmQtRDMwEAAIAuNBOiHpoJAAAAdKGZEPXQTAAAAKBLVs3kxsDt0zXnfXmBt4+eab/Q455NdnpoJgAAANAlq2YiOolT9Qft7iXIjg7NBAAAALooNhNZRcLdN52DbxSfFIPOEbKzQzMBAACALirN5MpHA28dPu0etSLGxVz36MZScagy1x/w+YPB2rB7HtmWoZkAAABAF5VmUrg/NHRr3D1qRYyLufPzCfeMeybS4tsXCtZebG1oyi1qcM8l6ybeWe8e2pLQTAAAAKCLSjPx5QW6ewblBV324LF36+zxs42XHItvKNUlgYh77D6m4dBOu+qsougB/I1oJgAAANBFsZlUhn6xajOR40cDtY7FN5Tmo4Hwkmss7CtLXdZVmhcorB22JoIDLTXmS/uDPXFrXmeNb299c1lIDJY29NlPrrNGCo619EwnrYFwRbexONgmBmMD5p+u9//QJ97rD/W6B+9zaCYAAADQRaWZ1DV0yh7ibSbe8Q0nWeA3n1jRYt+msmozyRSYXPkqnWZRST3hRLBuwpo4HmyWvWWptyI/ELXGfHnB0k45aq5HTuyoxHu3+MwJzQQAAAC6qDQTkbHx2P63TzkbyPunW8VDMa7aTFKZH77o84esydWbib1kR5l1AZjZTCrTY2G5WInzDXTWVHRnZsnsyGYSu1CTm1/lHr2foZkAAABAF8VmIrKwsNjYfNk5Ij9EOMtmIuJPPf1ezSTgaSZLXbu4mSRFLam+ljoptDWhmQAAAEAX9WayVrJvJr68oPX/w76DbdZE0udoJh2zqcWcV3PNWyMdgfTVXCeCDdaE82ouZzM5+UZW73D7xawl7rH7H5oJAAAAdMm2mbx99IyzioxHzau5FO6A7wiZN6wLucUh+5/9e2qrfNZd7NUlmWbS0+C5Az6vUt7v7rwDvtVaYcGxpkvjqTvgnc3EiPdl36C2UeJD7pEtCc0EAAAAumTbTOxb3p0uXc40BL1Z5SqsFfeZkC0NzQQAAAC6ZNtMtjg0k20VmgkAAAB0oZkQ9dBMAAAAoMtD1kzItgrNBAAAALrQTIh6aCYAAADQhWZC1EMzAQAAgC40E6IemgkAAAB0oZkQ9dBMAAAAoAvNhKiHZgIAAABdaCZEPTQTAAAA6EIzIeqhmQAAAEAXmglRD80EAAAAutBMiHpoJgAAANCFZkLUQzMBAACALjQToh6aCQAAAHShmRD10EwAAACgC82EqIdmAgAAAF1oJkQ9NBMAAADoQjMh6qGZAAAAQBeaCVEPzQQAAAC60EyIemgmAAAA0IVmQtRDMwEAAIAuNBOiHpoJAAAAdKGZEPXQTAAAAKALzYSoh2YCAAAAXWgmRD00EwAAAOhCMyHqoZkAAABAF5oJUQ/NBAAAALrQTIh6aCYAAADQhWZC1EMzAQAAgC40E6IemgkAAAB00d1MxvoW3UNkx4ZmAgAAAF10NpPmQNB3IFRYO+yecf/jy6txD5H7H5oJAAAAdNHWTC6drvL5g4tGWLGZDLf48gIlDVHnWEFeoLTTObBmNtVMKvIDMfcYUQnNBAAAALqoNBO/PyBaxAp7y69PJKyZ6s3kSOCML688M7LUW3K8XlszCddH3EM7KPFef6jXPXj/QzMBAACALgrNpHdlLQmNTM855ob9ZW0940nHyMYy3FLa2nXEH7AH5s+fqQu36Gom4RPBndxMDKOiKPOl27LQTAAAAKCLQjMJr2wmrkpgzc1vWDm4gQxbJaS7Phi2Ws1EW0lewOiskc1EtJTckprrYyNH9gU6Zs2RSG1ldVnwZENXeMp8KN9GaX5gQJ65iYd9+6rC3Vf9/kBuWdhYmjtZHOiZmoxNTYqZ1SXyIH5YTOT6K1vbu4JFgaoBa2yp11dSLxYbaK/JLbtoDT00EeVki8+c0EwAAACgi0IzuV9Xc8kS4vOfEX9WFQVyj/fazcS7mGgmqS5hRTQTUUs64qmHFXvTJxCGWwrzzGlRQuxzJs5mMpJezicKjLXajvRivrzK9OTDkmSs9UxDRP6H2IrQTAAAAKCLSjMxrIN72UlGEonr7S3BQ+Viumc6mX0zMU+VmPe+l5vFw24m0311oapcqxHZzcSuEIbZIsw3YD8sWVmcjLWbSXos1UxijaHq9Nv37a1Pz304ErtQk5tf5R69n6GZAAAAQBfFZlKaOuhfcVYhq08NTjeT+daqurHe1Id0pZrJnCgJ4SVrsf6GNZpJjWFEffmpS8sy50zS2WAzETm41/qr5Ycerl/MImpJ9bX0OaOtCs0EAAAAuig2k/CJoH06YkWUf9NiupkYRlKsdl5Ops+ZiJGCiosD3Rd9ReVrNxMj3lmT6kXxsM8fbG3vqjt1pqQoJAYGTpcfPB0emBqav0czueo/0ZcefGgSu3Bm62uJQTMBAACAPorNxOiuz7WaSYd5BZeOZJqJkWsXnnQzuXQqZN7c4g+OJAbWaSZWqyk/2W++pdZQSLy93H2VJSHrRvalqLwYbOQezcTsRVLugfr03G2f+JB7ZEtCMwEAAIAuqs1EJDFyMtQSkxdZ7ZQU5gUzDy6cse85IauGZgIAAABdsmgmOzHB/EBd91BsanKk7+oq16qRlaGZAAAAQBeaycpM9/nlHfB7g3U90+65ZGVoJgAAANCFZkLUQzMBAACALjQToh6aCQAAAHShmRD10EwAAACgC82EqIdmAgAAAF1oJkQ9NBMAAADoQjMh6qGZAAAAQBeaCVEPzQQAAAC60EyIemgmAAAA0IVmQtRDMwEAAIAuNBOiHpoJAAAAdKGZEPXQTAAAAKALzYSoh2YCAAAAXWgmRD00EwAAAOhCMyHqoZkAAABAF5oJUQ/NBAAAALrQTIh6aCYAAADQhWZC1EMzAQAAgC40E6IemgkAAAB0oZkQ9dBMAAAAoAvNhKiHZgIAAABdaCZEPTQTAAAA6EIzIeqhmQAAAEAXmglRD80EAAAAutBMiHpoJgAAANCFZkLUQzMBAACALjQToh6aCQAAAHShmRD10EwAAACgC82EqIdmAgAAAF2UmslEb7CiRooupcYu1TbIkUvjyRULk50bmgkAAAB0UWkmkdpKX15Aqo6kBgv8qZHC2uEVS5OdG5oJAAAAdMmqmawsIcnVBjebqK+oyT1GtmtoJgAAANBFtZn4g0cqzogeUnph2hpL5pq1JOj3Z9VMwieCFYcC7lGyXUMzAQAAgC4qzWSkrjLYGbfbiJiIXaiRLSXeWVNYN+J+wgaz1BvcG4g1hlpn3XPI9gzNBAAAALqoNBNHZDkxpU+eqKf1WMB3qMMw5nwH21JDnTVVtZXB2osdA+aj6pJAsKGrtaHeV9ISse68ryoub+0eig32ijdgr4dsWWgmAAAA0CXLZmIMnE7dc7LonrPplOQFjpyfExO5eeWpoc4aX36NvYAvr1JO5KaXtFN3MKB6poaoh2YCAAAAXZSayVKqFciLuI5UnElf1mVmPv05wpvMkGw4UliupLOmOnPTinliJKMsLIZG2pv8+amR9IeEka0LzQQAAAC6qDST+3EHfPh40LpiS2bId6xr3nA1k0lfSUtmEZH+hpKGqJxsPkozeQChmQAAAEAX1WaSOneROk9ipM+f+FQ/NfiIf8WNIr68UN2Eq5kYzpczc6XmyIXUb3Us8dNMHkBoJgAAANAlu2biz1SFeGc2zSSauevdSsOhgPmLTVY2E2NpunBf0HyJspbwhDlQWmI+zC2qirdW0Uy2PjQTAAAA6KLSTIyJ3mBFjRRN31VyqbZBjlwaT53HIDs+NBMAAADootRMCLFCMwEAAIAuNBOiHpoJAAAAdKGZEPXQTAAAAKALzYSoh2YCAAAAXWgmRD00EwAAAOhCMyHqoZkAAABAF5oJUQ/NBAAAALrQTIh6aCYAAADQhWZC1EMzAQAAgC40E6IemgkAAAB0oZkQ9dBMAAAAoAvNhKiHZgIAAABdaCZEPTQTAAAA6EIzIeqhmQAAAEAXmglRD80EAAAAutBMiHpoJgAAANCFZkLUQzMBAACALjQToh6aCQAAAHShmRD10EwAAACgC82EqIdmAgAAAF1oJkQ9NBMAAADoQjMh6qGZAAAAQBeaCVEPzQQAAAC60EyIev7/9u7/tYk8gePwvz8/JITqYcUgIgoNhsZquJZtSiXoGdoza1sMnq5Kb68EOatGKOuiLbmZfGtMXG3z+extsc+bhzWdTNLub30xGVUmAADEokxs9ikTAABiUSY2+5QJAACxKBObfcoEAIBYlInNPmUCAEAsysRm35s3b5QJAABRKBOLM2UCAEAIZWJxpkwAAAgRVCa5fCmZMnmSnY8pEwAAQgSUye6DtENuVGrlkeuLSX5p8rRT7LCz+zhXyPKmWGm03k4+/Y2tFksPX75uvvqY5MuVXyafjbKksDx5yMamTAAACBFQJlu1iSskL1YWk2KjuVJv/TZ++KRrVsrpGy6sbG40GrnC8sODyRO+scLwJ0kKi8u7Xz4XaUnhp8lDNjZlAgBAiBnLpPOP5eyzW4XF4wsmlSxU7r5KI6G6fprLHYO93UxuPj5NjHyxsGs1f7jcn/O2P+SUCQAAIWYsk+zySFompZ3xg+mRVvrfYmNv/OjJtre2lFbN9JrVavq2hav3Nl5/6h9Jipvrt6rZh77mFjtH3e5vz1dvZuf0L+CkibLazk7rPGuM3f1S63Zbya3W8F1b82u9k7qtytPujcvl5Hoz/eLz69bFC9n5D3/Nvtf27aX+y7Pnsneu9V+cfvfCXFpl5WcfDvtHFvKl/Z/r6Zm5sZ/zvE2ZAAAQYsYy+eq971kbtBtfDYzvbrVYmu6Z/Xr17qv+b//79eul1lH2qF8gvR0kl+r9R6NrJsMy+ZhcftA7sHv3Uv/8r5dJki8PDx4v/b8rP8kejF+K6ZdJ63Z59DGzyoXSfu9BWibN/sFf6qPPlZ23KRMAAELMVCZHz6ebJHPzcdoPkyefbOkLtyePdStzY+/WbhTvv+uOXbsYfzxVJu+SYqN34DtlMnzQ24eX85eye11SC1vZgekyKY6Hx1at8jT7c+H4YGvs8fmaMgEAIMQsZXKw0bvJZEpaDtdm/b38xcpX7lwPKJPsusfrg0+tlaWk0H/qe2Xy8sHFQml9Z7fz/t28Mjn9lAkAACFmKZOFqSbpO+geJjcfT5590h0k+fK1+n/GD+3fr1aeTn+a60RlUr4w8TGtdnJts//hq73VpekyWS2Wkiv9yyyH37hm0rpTrg/v7x//NNfwLGUCAACzmKVMynOlz5PHsnUe/VR/P3nwFDv6sNuoD/49k7//q9M79qye/ZVfhav3Hv46uL3jhGWyXBwmU6G830uaZ2vLFwd3rrenyyT97tsr2Z3085Wdu5cGZbL/8730SP2//XcefK+NarX/Pttvju+A7z9QJgAAMJtZyuSglf2+/lW/T577F+2onbtS23i0k1qvVnN3nk+eYLGnTAAACDFLmZz9bVdKL0ZfHLUDPmNmJ50yAQAgxI9ZJt3u4cLV7G/Zyv1tqVjZnHzS/oQpEwAAQvyoZWL/7ykTAABCKBOLM2UCAEAIZWJxpkwAAAihTCzOlAkAACGUicWZMgEAIIQysThTJgAAhFAmFmfKBACAEMrE4kyZAAAQQplYnCkTAABCKBOLM2UCAEAIZWJxpkwAAAihTCzOlAkAACGUicWZMgEAIIQysThTJgAAhFAmFmfKBACAEMrE4kyZAAAQQplYnCkTAABCKBOLM2UCAEAIZWJxpkwAAAihTCzOlAkAACGUicWZMgEAIIQysThTJgAAhFAmFmfKBACAEMrE4kyZAAAQQplYnCkTAABCKBOLM2UCAEAIZWJxpkwAAAihTCzOlAkAACFmKZPfn9xL8qUv1Tp77cnz7DxNmQAAEGKWMtlbW5ouk/RgodKaPNXOzZQJAAAhYpZJ+uBg8lw7L1MmAACEiFwms8dJu1G4tbnxaGej0Zj9TeyvmzIBACBErDIplSu1vuWdd5MvOMnajfm14Z0qe4359ddfPBu2XH5p8pDFnjIBACBEtDIZOQ6MU228TNrHZbJ+q5q+5421l52j7MvVYqnz5EH2jQrl5pvDwfndw+KVclZHj4Y9s1VrdT9dnCsV7/97+/bgp22OvWHhSvXz8MUWZcoEAIAQZ69MPh3MFwaf5mrdKTd7j/braU4sdntlsv528IpioZT98XazmO89SE+7X6087eXKVi25UBuc1+0mo2sm7cbC1uiwxZwyAQAgxBkqk9E7FKs7/WOVuUFyZN3Sy4/smsnwFQ9vllrdbud+9Tg8jlq5O8+zB1u1G//8ODxxrEyOnieXj4vFIk6ZAAAQ4gyVyeCFB49zpUGZFPOlzvt3I91emYxesbe61OxdV0nyo9hoJ9ebWbps1VbHforjMsl2uF6tJgV3nkSeMgEAIMTZK5Nu9+7l0oveXSVpdazujW4myZaWySg5+ldRum+bg4919T7NVW4NPs31x2WSrV81FnHKBACAEP8D+WcyYShtcq0AAAAASUVORK5CYII=" alt="Screenshot" width="100%" ></p>]]>
  </system-out>
  <testcase classname="org.example.Merchant" name="MerchantTabCreat" time="5.351"/>
  <system-out>
    <![CDATA[<p><img src="data:image/png;base64,iVBORw0KGgoAAAANSUhEUgAABDMAAAIGCAIAAADGMlPIAABVEUlEQVR4Xuzd/18c92Hv+/4HPb/f80vt5JymaZs2bdOe3tNzb3mcxGl83FjXqZOTpvlS142bUzePpDl1fZL69Jz0pGsHvBbIBoNkWV8s1qxBSGshCTAIi4DAICGkNQIJCcEK8WWBRaz4suwy9zPz2Z0dZgDBZz9CCF7vxzPK7GdmZ1cYZuatmVl+6ZE3+5Gj5+tGp+dTs4tLiZSRXDKWjJ2Y4ehd9xAhhBBCCCHriziY/CXvcTY26sWmMZoJzYQQQgghhCjHbCbusa2apSUjtWSIQ/+5xaWZRCo2n4rOJkfvJm/NLEbuLA7dWbw5vXgjluifSlybWrg6lbg6meibXOidXLgyYerJ+Di6FnuxHutZ4ul9psRVa7XXYwnxEjenE4PTCfGKwzOL4g2Mzyan5lPxRGo+ubRoNhMR95vfCaGZEEIIIYQQ5TxMzUQktSQO/ZcWUkt3RTlZSE3NJSfmzGIg6sFIfPF2PNtShu6Y5UF0lYFYYmDarBOmaZNoF2szF7OWF08ccPQQQax82HyhRfFyspNMzqVELZlJLFknTJaSZn2imRBCCCGEELKxPGTNxDptYpYT0QEWkktzi0t3EykhnhDdIHVnITU9n4rNJwVRWkRhSP85n5qcMyvEhNVk7kksaRETjpXMidWmphfMVxFEFYlbrysKyVzSLEv2dVw7s5YYNBNCCCGEEJJDHrJmIrJknjkxZDkx+0lqad6sKCnRUmYtZldZNGuDbCzSzILFKjCWpVVkFrCWt58uV3XXWrmsIqZF8/ItUZDkO9nJZ0tkaCaEEEIIIUQ5D18zMayTEuapCeviLtFSkktmK0hadcUiJgzZFizmrSmSnLUezmfZq8rMNV9FvmLSegOWHd1JZGgmhBBCCCFEOQ9lM3HFLCpeVnVZg9VqlvEuswLPCxE7NBNCCCGEEKKc7dBM1hlvqbgnsqHQTAghhBBCiHJ2UDMh9zs0E0IIIYQQohyaCdEWmgkhhBBCCFEOzYRoC82EEEIIIYQoR7GZLCSNyJ1kT3Tx43FL1JY0TThMmnqnzA/qda+FbK/QTAghhBBCiHJUmkl8YelXCkceKRp9ZM/oI6+PPvLG2CMlwvgjb44/Uhp9ZK/pk2XDf1E78+3aO594e+zRQ1OPHoo9+k6sPrLoXhfZRqGZEEIIIYQQ5ag0k8JzM2s3k39fNvyVExMT8+bvJfxi5ajdTB49Mu1el6b84Ef/8LU//6bgnqE18iXu96s8vKGZEEIIIYQQ5ag0k1957fYazeRXyyINkcT0gvmrB5eMpYn55KOHJu1mMjl/X67p+uPPf/FXPvkpwT1Da+RL3O9XeXiTezMJVtU5NQ3I4SHXeGz5sx5sXn3qWfcQIYQQQgjZePQ3k7+smxS1JJkyG4j43/RC6tGD2WZyn+42oZlsheTeTHwFAf8blWmFgfIuORz2+YOZ8WC+PxBZ/qwVEjm666kfvXPDPWwm2b3rqWdfPeceVg7NhBBCCCFESzQ3k2fqJkQVsX6duvmbChPJpbd6F5xXc8VpJts3OppJdfZBV122mVSEM6PDtWXraiavF/901zfL3OOG8eG/Pvvy1m4mrfmaV0gIIYQQ8lBEZzP50+DIyF3rGi4rydTSsf6FTzrugKeZbO9sqWYSjBjdxd+bcs8wdr144tUt3EwS0RMvaV0hIYQQQsjDEp3N5G+b7k7NZ5vJfGLpy+/devTgFM1kh2SrNRPjxhH3BV3J7p823HU1k9Zg4Q+f+d6up559OdSdHY0cbTWM7mDBc3/+7C5HVUhEzn7HGnn+x8VyxGomiZ/+w/effvrZXU9/L3h+3F5Y5MNgsRz/zj8UOsd3+dsSt9u+823zdZ/+9ovX49bojQrx0JZeNDn9j3/3fXOxZ370w385kEhmV0IIIYQQsp2itZl8OHfjzlIqla4m0wup/3AwQjPZOdHRTCrbOrrTToSyzWR/U2a8vfyNdTcTUQCeLnAOH3vRPNx3NpNXv/3s9URmdrztG4Wd6enI0Vf9L04trwG7nn7pnRv20umItX3Df9Z+GG8oOBZ1zHbE+WZEV3Guav/fZHpI5Ojzy8+Z7PrmskpDCCGEELJifAV1meOYdSV2uclXEKjpXza4f3cweHlu2dBwqzwky9/Xfu9jsNyioZn83ps3/uRA/2+V3PzM3qG3e1LDcaucWPVkYi75B4dvrd1M/uHFH8vD/Y86Ou1Df+Hl/FcTieyh2xf+5L845wq7vvJVe663mTzy735NjnzuD/9oYODmb/z278mHX/36X3zyU79hr+Q/P/a4/RTxnt8+eNj1Ki/980/tBexB+TCZTDqXFA/tJXdmcm8m2pJpJq4Luna9eMJY1ky6v1HsOE8iZj2dbQjPvbPsJ7W79HvXnY8z8V7Ntcvf5hqRCf4gu+Sup7LfV2ZuVsg3TDMhhBBCiFo22kx8BafdQysm00w2Ibk2k1/dM3ggPH92aGFv18yvlY1878zMudGlucX0mRNxrF/QObPOZvLpz/yOqxV85at/Lpd5Jd/vmiUVl5TKBVzNpPJotb2MqCVixG4m3ld5s2yffJYoLa5Z0vkL6f8a9oh8+JfPPmePfPsZ9+HpDswWbCbLLuhKdv/0jPkOs83kZsXLLZm5Vmp+nG0mr360bNY7f7fyf2LFZuK6O99+w55m8uq3n/3wtvtEDSGEEEKIKxtvJnXuoRXzEDWT1y4szCasX12yZLQPL3x67+jfnLlzbmTpVnzJOnGyZH5qsOP3mazRTITvPPPX//ryz52tQCzQ0nrOOeJysfuSsbyZ2GdLhGv96X/2tpuJ8Nu/+wf//L//xbkS19vwWlw0f3u986Gzlnz9L75t/3V2crZiM8leQzUuL+UynM3kXKHzvg5pSC7kWIOMt4HIeMezzWS0YdfXvh+sOzs1NS3sd3SbXT84ak+bWb2ZGOZt8T3Pfe3Z5/c0XPfe0U8IIYSQhzuJ2NSkEO2qO3TevPG0rKq1rX/kWmtd0SnzqKS4oLqqvq6qqfvahNFZEfAFWosqWtsuDxtGNFjffW1ssqWqssb6FXDpZhJp9VfZN+g6Em5q6Bka6G72Hek2EnHxir6C0+JPMUestrYs2NLRPW++XPrXNhT7AxcHJ9tO1eQXBuWIr6zVeXA0cramKNTnGBBJFJ9K/zY6teTaTErDyYm59LVb4s/2kYVPv2WWk7d6ktenl6bml97rT6zznMk75e/KEbEe+6B/KBJxNgT7WfbIJ37118XDvM//iXMx6eOeK/bydjMRvUWO9PVdda7Wnv70b37WftaTTz0tB0UPcS7jNDu7/FK8HZzcm4n2+0yMzFVY1w/+SF7KZTibybUjrvqRjaeZ7P9rd2GQWaOZuO5yca5hQ80kk8T18peyp4AIIYQQsn2S9O12X1slmoBhVYXi+mE5YjYTv/dEx7BcwGwmkXbfvnb3/OWxT5XYE2K1nan03HQzSXUX1aZf1LjetGIzMZMYyj+aLicDtdW+ksZlczeeXJvJj87MXZlaWszcWDKfXPruqejnDt9+puHOiZupcyNLf1U/vc5mcvPmoD1oH/cPDg3Z03/0//5ne4HPfu4P7XHDcc7E9puf/Zy9sOFoJo//6S570LkGe/pnvlfsBezTNZ/7wz9yLmNz3utCdDQTrZ/NJXPjyP5rxuvffFZeymU4m0my7acNq7xnTzNp9T+70ftMXPXjHx1LKjUTkf7ng5nNBCGEEEK2TXoay7vkJ3UatRUh/56gryBgNxP7YiqzmViDVhLl+yr9uwO+THXxFQTzCwNVV1e583l6oOgNa7UrNRP7qCf9cs4ruDLTKzQTw6gpC5hXFhkJUUsuTq/y0utOrs3kE0WD/9qW6I8tzZjXdJlzRTn5+vGxR/eN/+rewU/tvfdnc/33F/6HPMofH89+pJF96H9zcNCe/rOvpW87EREFwx43Vmomn/7M79gLi9i3lzhX4lyDPf3W2wftBURZkoPyzIzrJYQv/39/Zi9MtmgzMc9dvOS8nd312VyuD+BKx9NMDOPuap/N5RrJNpOnfmQPTrUUfuOb62gmRnepYzHxoo5pI36usLTHOUAIIYSQhz4Xq4K+wnRJaDoQsA+I124mZQWBzIJXsudMDON4SSBdcRwJHwv6djfK6XU1k1R3ccNIeiiyVjMxrHKS+9kSmVybySN7Rv6ftydabi+NZn7Hovhz/+W7n31r8NH9k4++PamxmXzqN37bXkBUBXvccDSTX/+t37XHOzvP28uvv5n8xbefsRco3fuWHPzCn/wX5zJOMzMz9vI7PFu2mbz+zWedn+TrbCbGzdpdz/z09WDD1NR059mG5772Ynp8hWZi1Pzv7+966nt1H/VMTd18Jz/94VprNJNjf//sy8GzYuHSF7+/62sv1f3LepqJMVT90kvvtJm3ppiP2p7+QcGH4hVvdJf++EdPP/Wsd1tDCCGEkIc6+QXB7AmTssC8nEr1rd1Miu1mEm50NhNRJMrOun+DgfnEN5qsyei6mokxab9QpL567WZiJIZyP1sik3MzeX30E68PfzSSvLOQbSZnIguPvXNDVzP5yUv/bD/87d/9g1Onaz/9m5+1R14r3GM47jMR07/1u79vz7XLyT2bye//4X+yH37x8S8fOx76zjN/bY/0XDFvWXEuf+BQ9vOFv/ClJ+x17uRsoWZCCCGEEPJQpKvOusLKIg54UtF8vzkd7BhZu5kY493yWW0jiWXNxDqJEcncN5JJvLe+Rix8qL6/eF3NxIhfbRXLFx1p7Y0P3KOZ6EuuzeTRouHamwuL1m8wMaxaMr2w9F/fH39076iuZmI4eoXL7/z+/y2Xd31qcP/16/YyrefMf8C+ZzNxPnT5xrf+csXly9+tsEcoJ4aOZpK9/d1ybUIOT7rG0/+WQAghhBBCtlFybSZ/fHhkdFZ+PrBZOZKppbO3Fj+5d+SRtyY0NpOBgZuutiCNjI7K5b2/afH3/sN/lCP//tOfOdv8i/U0k5qTp3/7d//A9RKf+NVflx8Z7F3eWP4JxZOT5seu7eTk3kwIIYQQQkjuidRXZ0/FZO9I2erJtZmU96XmFuWt78aiqCXDiU+Wjjyyb2L9zWRDaT3X9nrxm+0fdbhnaE3jmaaS0r2hEzXuGWTN0EwIIYQQQohycm0mvo7FG9OpRHJpYXGpaSjxiTfHHtkbXaOZ3MmtmZCtHJoJIYQQQghRjkoz+bU9I3Yz+aPyidNDqevTS1djS8+eiD5SGqWZ7NjQTAghhBBCiHJUmsn0/JLzs7k+tXf8swei/6507JE3x9duJvuvLLjXRbZRaCaEEEIIIUQ5Ks1EJJEyrkQXPx7PiNqSpgmHybT4ImdLtnloJoQQQgghRDmKzYQQb2gmhBBCCCFEOTQToi00E0IIIYQQohyaCdEWmgkhhBBCCFEOzYRoC82EEEIIIYQoh2ZCtIVmQgghhBBClEMzIdpCMyGEEEIIIcqhmRBtoZkQQgghhBDl0EyIttBMCCGEEEKIcmgmRFtoJoQQQgghRDk0E6ItNBNCCCGEEKIcmgnRFpoJIYQQQghRDs2EaAvNhBBCCCGEKIdmQrSFZkIIIYQQQpRjNhPxPwAAAAB4sDhnQtQzPj7ekYn4ZpqdWwQAAADU0EyIeuxaQjMBAABAjmgmRD00EwAAAOhCMyHqoZkAAABAF5oJUQ/NBAAAALrQTIh6aCYAANiahxa+fGLmifex04lvA/HN4PzeOHZ17nMVsV8undyx/k3ppPgieH9qXGgmRD00EwAAbGdvJdx7SrJTI74ZftScPTTyHqnvTN6fGheaCVEPzQQAAJt7N0l2dp54f8b+3vAeo+9M3p8aF5oJUQ/NBADwULg7m7B55+ri3k2SnR2aiZf3p8aFZkLUQzMBAGxlzkKyIu9TcuHeTZKdHZqJl/enxoVmQtRDMwEAbFnLSsjdhXjG/Ssn7t0k2dmhmXh5f2pcaCZEPTQTAMAWZLcOWUUGb4319N3svNjbYbly/fbgyHRkbObWeFwSuzBpdHI2Grv3xwetxr2bJDs7NBMv70+NC82EqIdmAgDYapwnScai0+He63OeRKOT/dcHZ+Lz5imUzFkUew0zdxOionjXfE/u3STZ2aGZeHl/alxoJkQ9NBMAwJbirCWieHR0XXGXkkwit26Pj085r+9yric2s3Anvuz3UayHezdJdnZoJl7enxoXmglRD80EALClpGtJfF7UkosfX3PXkeWJRG5P35lNnzlZqZx41782927Syp2Z2aFb48MjE/H43K3bE8Lc/IJ7IbId8/A2k5nEkndQC+9PjQvNhKhHezPxFQRmHP9G9cGZLjEyfHvKu+Qadr9x1Duo7Ac//Pu8vLzx6Lreg1jyrf0HvOOb4513Gw6Vf+AcWeOrJxaenFr2n6yyurn0rRrvkrPWl7Tm9EdiorBY59cWQO5i07NNZy+9/Oq7P3+tork1LDah+buD3sU2Sqy2ZN/79kO5xejpHWr7qNe5mNjI7H592Wbh1aJK1zL3JDYvurbb9r0ld2bmpmLxsfGou4t4cuXKNbGkXU5cK7w9sbFdm3s3aRiJxKKoJXdn5+0R8XI3h8Yci2jI6fqOwjeOukfXzMTkHfEs9yjRmnU2k5c75xZSxqEr8/LhcDz1xPt3vIvdk1jP3cWlUzcT9sjs4pIY9C55T2rN5I+P3rnny3l/alxoJkQ92puJOPC9dv22/XDfgVNiJ7fasfVq1PZwH/7isndQeOKJJ0Tf6Oi44J0lfenxx+3pfW+9Hbk14l1mc4hDB/Hlsh+KA4s1vnp2M6kOtXjnutjNBMBW8/qbx1/xVzS3hOsaLtQ3mlsqLc3k0sc3f+6vsB+u1kzERsb1cuLh5jSTgcFx7/ZNnjARNUM0k4Gh2+4WslKuXrs+PDw6MzO34mmT8am5DZ05ce8mDWMyNhOduOMcSS0t3R6djMfnnIM5hmayNbP+ZjIxtzQ5ny4DuTSTqfmlwZmUfPg77073xZL3rAorUmsm/6t99p4v5/2pcaGZEPVobyaHAx+U7Hs/OhGXD0UzOXaiVe57Wtp6fAUBsQMeHjEfit1YV/f1PW8eEwuIh+XBMz9/rUKYjN0Vsz5o6nrt9SrxcCx6Z9bcgY0dqWgQTz94pF6uWSxztuWyGAm8d0YsIxYQ04Lr+Hs8OiVqSdGe17/1rW/bg//n//yrGPzud5+r/+DMz39ekJfJbOacyTe/+U0xEZs2/xbffe45Qazn5uCtL33pS0888afi6c6X0EgcOlRUfWh/9UTlsL96dg8RBxbyMEKOXO4ZlH9xcSQhRsr2m+dM5BdQDL5a+J6oN3JEfmXso4frA6Piv0XJ3vQ/qYrniv8uL7/6rv3qADbB2ZZwU/Ml16BdFeSGUfwgiw3jrPVj+9ah0+JHW2xa5QJyu1oebHSt4fZITGxdaxvO3xwalyOrNROxTWj88KKoMfLhxcs3Gj/slsvYL9d9eWDWqh9iCxM8eva1PVXioSgPYistNhrXrt+WzWT/oVqxcHtnn1yV+HuJuWKZ5tawfANiSTEi9PRGpu/MiQm5+RJvTLzVzDa8XZ4wEVvg9gsfu1vISpmYnPq4p09e05X7rfDu3aRh3Lo9kUi4x0UtGR2fcg2ukYrKpr1v14i/culbJ+TIR529r795TIxc6R00HM3kUvhG7QedYqKwuFpMiK/JiVNt8wsJMTI5NWN+PxS9d/xEq+FoJnNzC+I/d+aliM6sv5mIJvDu1YWCC+Zhvd1MTt5MHOiZL+9bmFs0e0LNQOKrp2bERHRuqbJ/QUyMzS7JEed67GYili+6OCerwl9+EBfN568a4v3T6ZWLPwfupH7WMfupd2LiYSSeEku+1pXuFfNJQ7z0Cy13RbcRDUeM/MMv7j53Jv6fqqbnkunSspgyeiaTXzk5Y4+INdBMyIOM9mYi9j2imYjD61lrjyt2imKPJY6txcSJU+1yGXlaQOzGxFG1HBHH3zdujtkrEbPEbtWedq5frs25jP1vdfKg3KW4pHTXrl2DQ7dF05D7qn966X8+9thjg4PDhw69MzIaHYqYs+zlZTPp6LjwpccfP1L+rhwJf9wrdpNi4qOOC8KXv/ykWK3YfztfqPfqLe+rb5T46oliIL96s5k6sXYzkYvZT7ebyei42ehmM4c4rmZyqPwDed2X6C3y+jHxXPs/kOT8LyJMTJoXSzhHAORO/MyKY3TXoPyxdW4YCwrfm7V+fsUWwF7M3q72XRsW21vnGsTPtdgUizXbHWaNZiI2MuK4Vq5QvoRYZia+ILYS8p8qxErEQ7EN8ZnX65rbAdFknGda5Cx7hc713xqelCPiDXScvyoH5XPt7ZucO2tfyhWfv3NndmR0ouWjbncLWSWXLl+JTd9d7W6TDe3d3LtJwxgdm7p7N3spl8xULC6KgWtwjbzif1dO9F8fPt91dWR0MnTynBwJvHcmfndONpOr/bcqqprkeMHuoCwkYoF9B06KCVHz5Kyr1yLn2ntkM1lcTIquIseJ9myomZhH7VYDsZtJPHPiQnQMUSq+VR+XhUT0gYm5JfHQvgDMuZ6/b7677+N5eR7GrgriKb1TSTEhnvXBkHm5l3iJcyPZdyVe1Lkq+6XFCr/bGHfOspcUK/y/9k85R2gm5AHnfjQTsbOROzl5yCv3Pe2dffaxe/He0Ozyvdfet086V+Kc5brMQOwv7WZij8hlvM1kdGzy2Wf/+m+f/zvZKyK3RsXg01/96g9++Pf2Mis2k/Ho1Hefe04sJk+5xKbjosnIbiNW9eKLP/77H/13cdDgPL3wRulx16srkPtm8dUTpUscB4iKotxM7HXaPdDZTAqLq0/VdcgFxLR8rjiAsJ8lXLt+u6Wtx35oHZrQTADNvBuu2cx2zzlLTIttwu7XzfMS9qC9XR2PzrhOm7xa+J78kf/5a+lN6NrNRG4oRL15/c1jchmxFbK3EtWhFvFQrNDeIItZzrtTxCz7SlTX30i8qBwRb2B0bFoOyg2Rs5mINcfvpn+BidjUTN+ZvT0SbWm/6K4gq6T7Uo9oJndWuqDr7uzi7Y3s3dy7SetqrvHotHNEXs01s5GrucQ+Qk7IOiHKybX+W3JETPf0Dspm4t9TKVqKHBfNRE7IWbNzC0cqGuSImD5cXi9WdbK2PXj0w47zvXKcaM9Gm4noDC+03LWbyZJjVaIeiBrQNZ4Us0Q/Ea3j5+fnXmqb9a7nd96dvhhNttxeFG3Ergq34il7VWci5psR65ETkquZ2Fdz2c3kx+dmRXGSb0nOEut3PZdmQh5w7kczEbvPA0fqxJ/y5ku57xF/ij2omJBmlx89u/6NzdtMxF72rUOnb4/GNtRMfp6fvVJL5J9e+p9iv/XEE0/s3fuWvcyKzURM9Fy5KqaLS0pFkxEPuy5eFg+/+tWvSf/0Ty/NWv+iKcuJlloym2km4qsn1DacFyvPvZnIaVczEWtoOntJ/rcQX1Xn2pzsckItAe4T8cNuH6/b7FOd9oj9EyoO3986eOrNfSdmra2rvV0dn8geP4miIq+MkuTp5bWbyYe/uDwwaJ4wufTxTbmM+NPeSgjidWscN5PYWxvJOUuOiy2G+FsMRqLOZmJvZLzNRD7073mv9oPzZjOZvjsejZ3rWNc5k7Gx8Yvd4cmpmRWbSWxmYUO/eNG9m7QyGBkbujVuP7w5NDYYyT5cT+RJDyPTTAT7lIs8iyJGxH+sY++3jI2lLxJzNRPXXSVihWKkqKRaPFde/UXuRzbaTIS55JLdTOw7T2yxhaWPRhf/+KhZTq5PL+sSzvWIJ4rq8lcNcbsq1AwkxmaXrc3VTOTpGpu3mdgjU5l3RTMhWy73o5nMWv/wdvHyDXFsPZvZ95z76Eo4c+2W5Nzplr5l7mVXnCX30PI0wqz1D3XrbybydhE7omP0Xx/8yle+8sIL/2gvs1ozkadZ/tt/+9tXXskXD/v7b+Zlrgezid3n3rdPfnCmy3nTfy7sr96rRZXOXidnyZ26+MLKu1rX2UxWPGci/nz/ZJu9jHNtLuIrL/6CoeULA9BF/Hy1Ok5OSnKb5jyZLM+Z2A9ftS7u8m5XpY7zV6tDLS3negQxIS/0WruZ3BwaF1vsfQdOxaZn5TK3hiddWwln/RCzXOdMXM1EbBXlLkBsuu0Ts2s3E7GBnYrdfW1Pldi0xqxmcvFyr7uFrJT+/hsf9/Su1kxyvwNeJH53LnIrKj81ODIcvTUcFV1ldm4DHxzsaiZd3f0rnjOZvnPXeTWXnJCz5lY6ZyK7ir+oUo4T7VFoJpeiSed9Ju/fSIhisO/j9FVbol0spsxTFi+1mWcwVltP13hSXqllVwV5n8nPOmZfbJ39YfPdX/Y0E9d9Jt5mkkgZohH9j9bZ1NKq50z+5ky8eXjxyRPZW1+8vD81LjQTop771ExmHR8fbO97xPG0vPZA3sXuPHoejESLiqvPnO1ubglPWXfA27PkHvrlV9+tOtZ8KXzT/qwqbzOprG5u6+iNZC5JEnsm0SW+8IUvyIcdHRfEwxdf/PHZ5la7q9R/cEYuJjO7/FODZbEZHUuv8Bvf+AvnE+WgXvZXr6LqQ+e1cGKis+taefDM9YFRsY+Xl2fYu/m3D9de7hkcHZt2NhNRbMRX9fiJc+9WNskRZzOx1mPe9iq+euIL61wbgE0mNmvm5wW3hD/8xeWLl8wb2OQ2LToRFxtG0VtEtZAt5VB5vfiZFT+/9lVVcrsqnthx4aq9QnmHenb9he/1XRteu5mIiVf878rb5e1lxFZCvAHx3Krjv5hdXj9EeRBbJFF7Oi9cs++Al7PkVki8ebGxElsh/570Z395m0lX9/Xq91vERlvsLEIn28Tb+KizT/xNZTOJTsSGb4/fHIy4i4gnzb84J5ZcrZlM3tnY+V73bnL1bKicuJqJmBD/0YNHP7w5OComDMcd8KfrPrpqlRZXMzFXcvBUx/nec+094qEoS/aqRsem7D5D9GadzWRH8f7UuNBMiHq0NxNsBc5qBwAPBdko5O99nzabyfTY+OTZ5jZ3EVmecPjKjYEhseRULO5tJhu6w0Ry7ybXzIbKCXkYQzPx8v7UuNBMiHpoJtsSzQTAQ0c2CvnLTKbvzE5M3hkbn7oc7r0UvuKuI46caWoeHLotlvQ2k9jMwh3HJXDr5N5NrpmZ+Jz8+CyyXUMz8fL+1LjQTIh6aCbbEs0EwMMofdrE+tRg0TSiE9M3B29d7A43fvgLdyOZm7t5c7Dpw+bevutj45NiSftTg0Ubmbozv9Ff/W5z7ybJzg7NxMv7U+NCMyHqoZkAALYI+4Iu6zct3hXlZDwau9Z/8+OP+1rPdZw5c7a27oPTtfV1dR+Ihxe7P+7t7R+KjIhaIpZc7TctbpR7N0l2dmgmXt6fGheaCVEPzQQAsHVkbzW5MxubNk+biO7Rd7U//HHvpcs9necvdnR0iU4iHvZcuSpKy3h0cnJqRizpvclEjXs3SXZ2aCZe3p8aF5oJUQ/NBACwdThPm0xnrukaGZ3ovz549dpAb991oe/qDfFwcGh4PBqzasldecJENhPvOjfEvZskOzs0Ey/vT40LzYSoh2YCANg67GYimoa8pkt0j+hETJSTyK3R6zeGRCe5OXhLPByPTk1M3pHXcek6YTJLMyHLQzPx8v7UuNBMiHpoJgCALcUuJ+at8NaZk1gsLvqJIKqIJKZFJxG9RSxgni3J3GHiXdtGpZbcO0qyYyO+Gb58gmbi5v2pcaGZEPXQTAAAW40sJ6Js2CdPRD+x7jy5a167ZV2+dcc6VZK+iEvTCRPhv56OU06IYdUS8c3QPJT94OljV+c+VxHzHqnvHP+mdFJ8Ebw/NS40E6IemgkAYKtJNxN55iRTTlzEoH1via5aIogj0S+fmHnifex04tvAWUuwfjQToh6aCQBga3L1Ey/7VImuWgIgdzQToh6aCQBgK7O7x2q8TwHwANFMiHpoJgCALc7bRqglwJZFMyHqoZkAAABAF5oJUQ/NBAAAALrQTIh6aCYAAADQRaWZ7PcHfAVC0D1jc9NZEYi4x8imxtVM5Ecxyo+Nt8nPjwcAAMBO5jpEdH2Kt/wgb5Vm0tvUFKyq8RcEglV1Kzh5YSDufsq6kpoeaG3KF7XHH2zonXbP9YRm8sCzYjPxlhP6CQAAwM7kPSx01hINzUQmfCxonTlZQXmXe+F1JO4rCJafTxeSgdpqsZ7lC7hDM8km3ucP9bkH739czcT726y834gAAADYmVwHinYnkbUkp2ZiDLd6O4lyM7l2srJ2ePlQV92h80nx/74DnRdDoXx/oKrHHA7uMxtRfkmNs5mUW4O1mTMt5QXBxcF2MRIzHyXKSsy5xRXt6zgT89DmQZQTbzORXN921BUAAICdw3v45+LtJDk3E6PP20mUm0nTgUDYNTTW7j85IP7fV9bkK6053tQdnhJ1qN23pybcc6WtqTG/MN1M4l11/sPN4e4L9q0v5aKH+IMtHd1iOno2tP/UhXB3d1lZUzhlr30bpqoksMnlZLVmcs9yAgAAgB3Iebiot5kY3k5iCVZddS95z9SWeS/NCvsqzLbiK6i0h4L+7CVeNaXWU3oa8zOFJFJfXTtmTohmMp9ZzGwm9Zt6vP7gkoy1nW6KJNzD9y2uZiK+n7zfbdQVAACAncl7NGhzFhLp7mwip2ZSVhC42D8yr+NExIpXc5V3WVdzFdTZY2WOm0/k1VyxsyFfQXVsalKSb6bcdY9KYrK8NOA/3BnR8Va3apL5hTW1V9U+fEAx3mZi837/AQAAYIfzFhK7lmhoJu4h5Qw0F1nXbmUSbzkcaJs1p5zNxHnOJH2axTxn4n4b7mZiJikWKzs76R7eLomdr9vkWmKs2UyoKAAAALB5jxJdtSTnZrI7UL78I4OdV15tNDX7zIvBalu725qaxYS/Kn3jibOZGJHWzH0mTc77THx7Qm0d3ccrQnLE2UwuHqts6R641n3B5692n5bZLomdP735tcRYXzMBAAAAvOxCoqeZiP5Q4zzPMdvtc9zgQbZ9XM3E/q7yfucBAAAA8ZUKiZ5mMtBxwTXS0rpD7jUnZlZrJlQUAAAAOHkPFL1yaiZkh+eezQQAAABYJ5oJUc9Gm8kSIYQQQgjZqfEeHDrNzi3STIh6aCaEEEIIIWSd8R4cSqKTSDQToh5XMxHfT95vNSf3tychhBBCCNkxWbGNONFMiHq8zUTydhKaCSGEEELIDs/atYRmQnLKas1kNc7nur9VCSGEEELIQx7nwZ433oNDF5oJUU8uzYQQQgghhOyoeA8OXWgmRD00E0IIIYQQss54Dw5daCZEPTQTQgghhBCyzngPDl1oJkQ9NBNCCCGEELLOeA8OXWgmRD00E0IIIYQQss54Dw5daCZEPTQTQgghhBCyzngPDl1oJkQ9NBNCCCGEELLOeA8OXWgmRD00E0IIIYQQss54Dw5dfqkn3gOooZkQQgghhJB1xntw6EIzgTqaCSGEEEIIWWe8B4cuNBOoe3DNJFxcFrAf1JYFfRVhMRGpr45NTZrmk+JheUG1YSQHuhvLzkbN5VLDvj01coHarqhY2F5DZ0VmbbPdh/yVNQPZ8XxrzSLWSyTFc3tPVveaK5meT6UXK/YHfP702qwXlRkqKsm+yaKy6mv2g666YmsxsfDxXusNT8XtmYSQrZ/sRkNsAeqHxZ9VhYEB8bM82Ndw9op46DtywbE5CtcOG/PTk2JbITdHPn/A/pmXmy+R+Y9O+0ua5bTYODi2csP2Vm75aglZb+QuLzbY7Strj2QeymS+mZM+f2WwdUB8dwVLAhFrB+fcCaafMtzaIr8DpybTzydkI/EeHLrQTKDuATaT2usXGibSD4pODdnNxLmQXRLk3HJ/9kjCWHm7bDTsD5R3Jct2N9rjYrGwtYG2jx7ESEROZVJcUNcZD8sDDvtFw0eDRqrPfpPi6flH++R0mf+03UxqzUMaQshDFm8zkT/UduwthhWzmZj/dyxdMMRTfIWNy7YtE+1l/rpoU0g+wdw4ZLZy4ln2Vm75aglZb+xdXnmB2M2tsAd07dp8Za1ylr0TtJtJp2MxQjYa78GhC80E6h5kMxmeE7tqczLVJ3b5azSTaE9T8PKc4Tlu8G6XRYp3m8cKop9kx1PDRSfNcyj3aCaGke+vMRzNpNwvjjCS6TdpPb3If9qeppkQ8lDH20w6K4LB1sz5VneFkM0kUewPpjdH9cM1ZQHntkVsWMx/vJhob5s1n2BtHNJbueBuc0NBMyG5xN7lib1P7dgKe0Dnt7RIfkFdejCzE6SZEC3xHhy60Eyg7oE2E7G3DgbDybYj5sZ0jWYiC4OxUjNJXxQxNdlirUSUHF9BQJL/VCm31OFjwUjq3s3EmOg8dD6eaSbRzKqCchnx9GhTyDyrMtB8LfNmaCaEPKTxNhMryWBpwFfYaLgrhHU1V1ddS+YSLuspSee2JT+z8fHtbzcyGwexlTOMuf1tZpmhmZBcIvZc5nfX7spo5gSIaw+4ajPJ7ARpJkRLvAeHLjQTqHuwzUQc4hf5Tzv31is2E6OnsUleEXE0eC1zZ4ix0jkTWXJkfNbV3vaWOt8funczMe94CQR3m6sdOFWZnjfcKv8F1Hr6XNHJVrkAzYSQhzqxs6H09iTVd+gjszlk0le1O/vPJZmkr+YSWxK5ObLLTHrbMtvdNJVeVG520huHgeba2vT1XTQTkktc+0fvHtCYaC/vylTn1EBZk/kvac6d4PET1rcizYTkFu/BoQvNBOoecDMx7woNBMPmbaB2M3HeG2qfvsivCM+L/4+HfSV1coHO65Pe7XJZQfoIwDAvnzDPddgb5c5A+upwY81mYkRarVvhxaFJ+lSJePWys+Ztgumjisw/iHIHPCEPd1J9+Qdb5+fjtQfNf04Wqe0YiM/PtVVV+grNf2z23gEv0nQgfT+x3UzktkX0nFhmxUa4MZz9Z4th53lX80/ugCdKuXczydwBPz8/HSzN3gGfXkZ8o8p7NbkDnuQW78GhC80E6h5cMyGEEEIIIQ9ZvAeHLjQTqKOZEEIIIYSQdcZ7cOhCM4E6mgkhhBBCCFlnvAeHLjQTqKOZEEIIIYSQdcZ7cOhCM4E6mgkhhBBCCFlnvAeHLjQTqKOZEEIIIYSQdcZ7cOhCM4E6mgkhhBBCCFlnvAeHLhqayb6uofYZ9yB2ApoJIYQQQghZZ7wHhy45NpO+f1s6+cuW1yJ9zS1RMfF7Z256FsP2RDMhhBBCCCHrjPfg0CWHZjJzU3YS2398Z0L8+ZnGB99M8vK+7h2EdjQTQgghhBCyzngPDl1Um0k08v3yZbXEpthMrvjz8vKeeafNOfhneXkv1HmWXAeayeagmRBCCCGEkHXGe3DootRMbtx2VpFH3tbTTJ7/8fN5eX+WHZmufubln2xyM2l75xnvIFZDMyGEEEIIIeuM9+DQRaWZfKos20M+dTJiDo4OZ8vJO6MVUfdT7u2K/4Xqg89/Ps8e6Q49v6fZv8nNpORvs28A90QzIYQQQggh64z34NBlw83EeXpEsMe/vHy8eML9xHu4YpWQ1v/1k2br4cCeZ/LyeupekM2kcd+38vIeO9hc/ZNvPuYPWwvUvfDKvm/9ZN++8kvmwxeezPvhvn0H33mlxlpbXt7jT/7wlZrO9x7Py8v7x4PWS9Q+8+qeg821+1791tf3NYoR/3fy8p560nxWzZ70uZrJ88/n5bUNtZ03m1Vb3pN/815ztf9nnEVZFc2EEEIIIYSsM96DQ5cNN5OeSOSf3sk2kH9bdVsMXhzMXt/1mcbIyS7rRMqGyGYiSsXnnxd/vvK1vMdfrrabSV7eMyVD6SXzPv+COVH3wvOh7szTq/P+udy5NtFH0tN1L3jPn+R9x98jm8lf7ZEjYlpOvGA/0Wom3cufCJeNNhMAAABgNRtvJvEeZzPxUr7PRJYQ81SJee/7n71yyewVmWbizAvm8nUv+K9knjtUIk+D2LJtJNtMun/4t19/8snHzBXYzSTTZ1ZqJj3+Hz6Z96WvNypcmbZj0EwAAACgS07N5JlL17PjMze0NJPu6uf3XK9Of0hXtpl8PdtDJGczib/nOWfibiZPZitH9zqbiVT+z4/bp2vgQjMBAACALrk0kwnX+MmGHH6fSaaZ9FhnSNKXUdn3mRz81mN5ef7Kgwcr/Y//zKoTy5qJeZ/JT94x55ZclWtwN5MXnsh7pa627WrN17/4+BrN5OA/5r1QWfNep+hF7/1k3z6x/N88ldfofbew0EwAAACgSy7NJOoa19VMHnfcJWIPtrXueezzeXlffNzfnD6dsuwsylD141/My/v8Y9XWxVfeZtJ9aZ+8FMzf2rZGM+kZrREV6PFX3+uJt33duvTrWz/bl30VLEczAQAAgC65NJOV/d4ZpWaChxDNBAAAALqoNBNAopkAAABAF5oJ1NFMAAAAoAvNBOpoJgAAANCFZgJ1NBMAAADoQjOBOpoJAAAAdKGZQB3NBAAAALrQTKCOZgIAAABdaCZQRzMBAACALjQTqKOZAAAAQBeaCdTRTAAAAKALzQTqaCYAAADQhWYCdTQTAAAA6EIzgTqaCQAAAHShmUAdzQQAAAC60EygjmYCAAAAXX7JIEQ1NBMAAADoQjMh6qGZAAAAQBeaCVEPzQQAAAC60EyIemgmAAAA0IVmQtRDMwEAAIAuNBOiHpoJAAAAdKGZEPXQTAAAAKALzYSoh2YCAAAAXWgmRD00EwAAAOhCMyHqoZkAAABAF5oJUQ/NBAAAALrQTIh6aCYAAADQhWZC1EMzAQAAgC40E6IemgkAAAB0oZkQ9dBMAAAAoIu2ZhIf7Gtp7Z5PucfJNg7NBAAAALpoaibj3b6CgOmNZvcssn1DMwEAAIAuGppJZ0VQ1pK2kYR73voz3FpcP2w/itRX+wqqHbO1ZLi2zKpPBYGyULd7plLEqsq73IM7JzQTAAAA6KKhmZT704f77hkbymY1k4aO7raO9nx/oDPunq0QmgnNBAAAAFpoaCbF8jqugsCi+ShR5A8EL7uXuXc2q5lE0tMDvrL2kWVzVWI3k6YDuRWzhzM0EwAAAOiSczOZ7h5oq0nfZGIpOjngXmY9Wa2ZpIZ9/so260SHryAo5/reaKypqhaD+/cEwl11/tI6MZ05aZMUzy2qag+L5f2ubuNoJhPt+cf6rKmhslB7bLBPPF2+AdExGvpHYlOT+wsDA/NJMWJeA+avDvf0idIVWX6Lf7qZJOKHCgLiKTFreecbqI2YI76CmuKKVvFXCJYGWq62VjV1t5yqyS8IzIt5qT5fSZ1YuZi7/2x02dq3fGgmAAAA0CXXZlJeGNjfOnzxWKXdTKJqH8813OqsNxazV0SbQsevmwf3htUZwtbKxdyyJusg/mqTr7TpmjXYcjBwTfzfRGeZP336IrjbOvTPJtNMEnFRaZomls1r2B/wlbWLCX/msrT5tpraMXNCvJMaq2AY4cZDH83ZT7Fmpc+ZlDsuZnO+Ad8R84aWTGsyjPgFn/+0NZXsDVW2zJp/8Yf3ejCaCQAAAHTJqZmIWmIXCetSrhyyyjmTqt2Oq6SGW8vOThrmgX5dZ3oobD9LPEUMho+lb8eXMovJpO8zudjvvIwrUX6gOr18Wat4nO9oJk1T4v/N0ylZFWHHc1duJsuWL6izRuyzN8PZNXTV1VrvPVga8L0RqmpVOtf0QEMzAQAAgC6qzWS6264l+RXdMbXzJM6s0kyaDth3hpiH8lU95v+v0UxiZ0Or36DivM8kHfsMScvhdDMx4v3y71V28oo1Z1KMu55lZ5Vm4n4DazeTdBJDvt2NjscPQWgmAAAA0EWxmTjPlmioJcaqzSR6NlTV472aa9VmIq/mWuVjt1ZoJr5MoxDPks0k0lA9sPzTj30FwfKulVdpN5Pjbyy7msu19LqaifX3WvZ4y4dmAgAAAF1Umol5R/gbTb2puE/5rhJvVmkmIr1NdWYF8gdbBtMH/Gs1EzPJ8n3mNV3+fa4D/RWayeJgp3nap6Qm3lYjm0n8/Gm7dNVetV4xNZ1+D4WV4eV3p9jNRJ5pyQ/J0yzZN1Ablpefrd5MZgf8u62XK6zW9sXcrNBMAAAAoItKMzGm07/x/aE7kr53UuH0vfVWinL8JS3bPTQTAAAA6KLUTAyj6kBI169R31oZa9/flv30rfyCSsc84g7NBAAAALooNpNtnLZQSJ4R8u+ryfUDx7Z7aCYAAADQhWZC1EMzAQAAgC40E6IemgkAAAB0oZkQ9dBMAAAAoAvNhKiHZgIAAABdaCZEPTQTAAAA6EIzIeqhmQAAAEAXmglRD80EAAAAutBMiHpoJgAAANCFZkLUQzMBAACALjQToh6aCQAAAHShmRD10EwAAACgC82EqIdmAgAAAF1oJkQ9NBMAAADoQjMh6qGZAAAAQBeaCVEPzQQAAAC60EyIemgmAAAA0IVmQtRDMwEAAIAuNBOiHpoJAAAAdKGZEPXQTAAAAKALzYSoh2YCAAAAXWgmRD00EwAAAOhCMyHqoZkAAABAF5oJUQ/NBAAAALrQTIh6aCYAAADQhWZC1EMzAQAAgC40E6IemgkAAAB0oZkQ9dBMAAAAoAvNhKiHZgIAAABdaCZEPTQTAAAA6LKxZnKxKuArWC/3k8m2C80EAAAAumysmXRWmJUj/1hfdig119bRfbF/0rFMUKWZDLf6K9rFqtqamsVz4+7Z+nPIHyiqHXKPPpyJdzW6hzYlNBMAAADosvFmUlgdTWVHqkrSZ0h67TKRinZWhRSaSXH9sJwU3aZmYPlcffFVhN1D2yDxPn/IURc3KzQTAAAA6LLhZlLe5Xh8vcm3+7RoFbVlopyEHDOMXJqJEWktbhgR/y9Wa0xfEauSZSJ+tT3fb1ajWKYa+fx1vfU1fn8gv6RGPDxUEvT5g0VHWtOz4/3+3WZrSo8MtJe9kb3SrLwgkHnFZFmpeZ4nf09o0Xocqa/2lbU3VJj96lB9v1xZrLfdfO7uYNtIQo5srTyIckIzAQAAgC45NZORhmpxsD6SbibLqkguzSTaFKrqMSfEassLAw0d3TFrPL/AnG45VeMra41Y5cRXUFNc0drS0R0sDbRcba1qMueKxeat5cVzxUhbR/f+PYHaSNJIxGNTF3xHLsSmzGvP7GYiekhRoFUs1lBVnW+dUTGbiWg4Feag/RcRq23r6Gtram6akANbLlUlgU0uJzQTAAAA6JJTMzEu1/l218wbc5HLrb6CSscMlWYiz2YIxVXdckw0k+xVXT2N5V1Je9x3oNNY9irDvsMX5NR8W02t2Tj6nBduZU7phO1Bu5n4Cqrtxcr95grNZpIZFNPmK1nNJDKffgNbNclY2+mmyOad0qGZAAAAQJcNNxP/gWbnSLE/XSfMkxLpJEa6zZrhXOzecV7NlYl5NVcmsbMhq2+YMW932d1oLCsVw9ke0lVnLjnV6VyhryBo/f+KzaTOXky8YizdTNKDdjMxp3vMC7rCm3B7vkqS+YU1tVc39c3RTAAAAKDLhpuJeU6jwVEhpvuLS0PlJ9PnK4z0Yb374q57517NZJVzJqs3k1zPmazQTEQWB1uXfTTZlknsfN0m1xKDZgIAAAB9VJrJOrmfvHbu2UwMw+8PNHT0tdSfdtxnskYzMYJ7zPtMwv0Dh0rsUzpzPn/lyJh5jVj2PpOGUFGg9VpPd0MolL3PxNNMig83D0xNNlRVBy/PyVlbJ7Hzpze/lhg0EwAAAOizsWZCiDM0EwAAAOhCMyHqoZkAAABAF5oJUQ/NBAAAALrQTIh6aCYAAADQhWZC1EMzAQAAgC40E6IemgkAAAB0oZkQ9dBMAAAAoAvNhKiHZgIAAABdaCZEPTQTAAAA6EIzIeqhmQAAAEAXmglRD80EAAAAutBMiHpoJgAAANCFZkLUQzMBAACALjQToh6aCQAAAHShmRD10EwAAACgC82EqIdmAgAAAF1oJkQ9NBMAAADoQjMh6qGZAAAAQBeaCVEPzQQAAAC60EyIemgmAAAA0IVmQtRDMwEAAIAuNBOiHpoJAAAAdKGZEPXQTAAAAKALzYSoh2YCAAAAXWgmRD00EwAAAOhCMyHqoZkAAABAF5oJUQ/NBAAAALrQTIh6aCYAAADQhWZC1EMzAQAAgC40E6IemgkAAAB0oZkQ9dBMAAAAoIu2ZvL24dM3h0bdo2Rbh2YCAAAAXbQ1E19B4Mi7De5Rsq1DMwEAAIAuGprJofL64rKQe5TsgNBMAAAAoEuuzaT/+rCvICCcbbnknreBpFdiK+9yL0G2YGgmAAAA0CWnZtJxvk8WCf+eSrtUuBfaSCL11Z3uMbJ1QzMBAACALjk1E1lF3jp4aigyVrI3RDPZaaGZAAAAQBeVZpJILCaTKSPTTJzXcYlxMTe76Abjaib5BYGW7r6aw8HyrrgcKXojFB6crNonXrfafNxVd/xUqLiita2j3ec/XfxGqK2ju+VUje9It5hZVRho6OgO9/QdP2wtTHSHZgIAAABdNtxMnHeDjI5N9V4d8mU+lcs5S+22k2XNpKexqic9KXpI7Zg9QyRcLk/OdNUFL6eHakoD85nZsreIZtI2PJcZI/pDMwEAAIAuG2sm49GYaB2l+08Ul5nXbhUVmwVANpOFhUUxIcbFXDHhL6p0P3kdcTaT2Nn05WGW6tphc7Dt5Ol8v+OGlq46OS5SW5a9kCx9RmW821zyjVA0Yc8hOkMzAQAAgC4bayZvHTz189cq5PTNoVFZD2QzqQ79It0WDOPu3Xl7ekNxnTMp70o6ZhrXTlY2TFhTsxf2r6eZZFJTFgg7HxNNoZkAAABAl401k8pjZ+3KcbblkrOZnKr7yJ51tf+WhmZiGH5/oKqpu62jvehAe8Qw5rvq8g82j/Rf8RVWFu2+dzMp21cTHpyMDfYV+bMXehGNoZkAAABAl401k4uX+n3WPSS1H3Tal1TJkXDPTTEhxmVj0dJMFke6zWu3/MGqtmGrWiSKd5sPe6fjLYfv3UyaKtLXgx06dcWeRTSGZgIAAABdNtZMjMxpkxW7R6im1Z41E591zSXbLzQTAAAA6LLhZkKIHZoJAAAAdKGZEPXQTAAAAKALzYSoh2YCAAAAXWgmRD00EwAAAOhCMyHqoZkAAABAF5oJUQ/NBAAAALrQTIh6aCYAAADQhWZC1EMzAQAAgC40E6IemgkAAAB0oZkQ9dBMAAAAoAvNhKiHZgIAAABdaCZEPTQTAAAA6EIzIeqhmQAAAEAXmglRD80EAAAAutBMiHpoJgAAANCFZkLUQzMBAACALjQToh6aCQAAAHShmRD10EwAAACgC82EqIdmAgAAAF1oJkQ9NBMAAADoQjMh6qGZAAAAQBeaCVEPzQQAAAC60EyIemgmAAAA0IVmQtRDMwEAAIAuNBOiHpoJAAAAdKGZEPXQTAAAAKALzYSoh2YCAAAAXWgmRD00EwAAAOhCMyHqoZkAAABAl9ybSTy/IJB/sNU9THZAaCYAAADQJadmEutt9vlD5tR0v68gEEu5FyDbOzQTAAAA6JJDM0lNizbSG08/6j0V8u1rXrYA2e6hmQAAAEAXtWaSLPIHfIU17uHEUC5nTqoOVOeL1fqDwfqwex7ZkqGZAAAAQBeVZtJZVek/3D6QcI+LDDTV+ErqOseT7hn3TKTVtycUrL/Q1tScX9LknkvWTLyr0T20KaGZAAAAQBeVZhKLJ3wFdZ3uYTOdFYFIIh6b33AzqS0LRNxjhq+MG+vXm6qSgHvo/odmAgAAAF1UmonIWs3EPbauzF+u85XUtQ3PpR+n5mJT/b7SptjUpGGeE6jLLwg0dHS3nKqx64qv4LRvT6ito71zQCw/7PNXh3v6zMvMdmqfEeXEH+pzj97P0EwAAACgS67NpK2jO+3ysJFDM0nfu1IQqGodyIwM2x0juDvgO3xBTouKIifEwp2Z+++jZ0M1EetETbjRXmDHJd63yWdOaCYAAADQJddmIibSI1aLyKGZpDM/fCH9ScSOZuIrqK41i48Z8RLyBnkxmB4yjKrdZqux2eM7KrHzdfnejyW4n6GZAAAAQJct10xE9qerRbaZ5BcEyrvS967UlgVi1oSzmTQd0PC6D3VELam9mjmFtFmhmQAAAECXrdhMfAVB6//nfKXpZlJVGPAdSN/Y4riaK9tMomdD5V2bfVy+lZLc5LMlMjQTAAAA6LJVmklnKCQvxMovDdkNo7OqWoyMWNOLI93mbzsprI5mfl+Ks5mI9DbVmWsorCyu2Hl3wMeH3CObEpoJAAAAdFFsJtkb3z3m3cuSbRuaCQAAAHRRbCaEGDQTAAAA6EMzIeqhmQAAAEAXmglRD80EAAAAutBMiHpoJgAAANCFZkLUQzMBAACALjQToh6aCQAAAHShmRD10EwAAACgC82EqIdmAgAAAF1oJkQ9NBMAAADoQjMh6qGZAAAAQBeaCVEPzQQAAAC60EyIemgmAAAA0IVmQtRDMwEAAIAuNBOiHpoJAAAAdKGZEPXQTAAAAKALzYSoh2YCAAAAXWgmRD00EwAAAOhCMyHqoZkAAABAF5oJUQ/NBAAAALrQTIh6aCYAAADQhWZC1EMzAQAAgC40E6IemgkAAAB0oZkQ9dBMAAAAoAvNhKiHZgIAAABdaCZEPTQTAAAA6EIzIeqhmQAAAEAXmglRD80EAAAAutBMiHpoJgAAANCFZkLUQzMBAACALjk1kxsDt0/VfeQrCLx9+HTH+V73bLLdQzMBAACALjk1E9FJnGo/6HAvQbZ1aCYAAADQRbGZyCoS7rnpHHyj9LgYdI6Q7R2aCQAAAHRRaSaXPx546+Ap96gVMS7mukfXl6oD1fn+gM8fDNaH3fPIlgzNBAAAALqoNJPivaGhW+PuUStiXMydn0+4Z9wzkVbfnlCw/kJbU3N+SZN7Llkz8a5G99CmhGYCAAAAXVSaia8g0NM7KC/osgePvNtgj585e9Gx+LpSWxaIuMfuY5oObLerzqpKHsDfiGYCAAAAXRSbSXXoFys2Ezl+OFDvWHxdaTkcCKdcY2FfRfqyrvKCQHH9sDURHGitM1/aH+yNW/O66ny7G1sqQmKwvKnffnKDNVJ0pLV3OmkNhKt6jMXBdjEYGzD/dL3/hz7xPn+ozz14n0MzAQAAgC4qzaShqUv2EG8z8Y6vO8kiv/nEqlb7NpUVm0m2wOTLV+kyi0r6CceCDRPWxNFgi+wtqb6qwkDUGvMVBMu75Ki5HjmxrRLv2+QzJzQTAAAA6KLSTETGxmN73z7pbCAnTrWJh2JctZmkMz98wecPWZMrNxN7yc4K6wIws5lUZ8bCcrEy5xvoqqvqyc6S2ZbNJHa+Lr+wxj16P0MzAQAAgC6KzURkYWHxbMsl54j8EOEcm4mIP/30ezWTgKeZpLp3cDNJilpSezV9UmhzQjMBAACALurNZLXk3kx8BUHr/4d9+9utiaTP0Uw6Z9OLOa/mmrdGOgOZq7mOBZusCefVXM5mcvyNnN7h1otZS9xj9z80EwAAAOiSazN5+/BpZxUZj5pXcyncAd8ZMm9YF/JLQ/Y/+/fW1/isu9hry7LNpLfJcwd8QbW83915B3ybtcKiI80Xx9N3wDubiRHvz71BbaHEh9wjmxKaCQAAAHTJtZnYt7w7XbyUbQh6s8JVWMvuMyGbGpoJAAAAdMm1mWxyaCZbKjQTAAAA6EIzIeqhmQAAAECXh6yZkC0VmgkAAAB0oZkQ9dBMAAAAoAvNhKiHZgIAAABdaCZEPTQTAAAA6EIzIeqhmQAAAEAXmglRD80EAAAAutBMiHpoJgAAANCFZkLUQzMBAACALjQToh6aCQAAAHShmRD10EwAAACgC82EqIdmAgAAAF1oJkQ9NBMAAADoQjMh6qGZAAAAQBeaCVEPzQQAAAC60EyIemgmAAAA0IVmQtRDMwEAAIAuNBOiHpoJAAAAdKGZEPXQTAAAAKALzYSoh2YCAAAAXWgmRD00EwAAAOhCMyHqoZkAAABAF5oJUQ/NBAAAALrQTIh6aCYAAADQhWZC1EMzAQAAgC40E6IemgkAAAB0oZkQ9dBMAAAAoAvNhKiHZgIAAABdaCZEPTQTAAAA6KK7mYz1L7qHyLYNzQQAAAC66GwmLYGgb1+ouH7YPeP+x1dQ5x4i9z80EwAAAOiirZlcPFXj8wcXjbBiMxlu9RUEypqizrGigkB5l3Ng1WyomVQVBmLuMaISmgkAAAB0UWkmfn9AtIhldldem0hYM9WbyaHAaV9BZXYk1Vd2tFFbMwk3RtxD2yjxPn+ozz14/0MzAQAAgC4KzaRveS0JjUzPOeaG/RXtveNJx8j6Mtxa3tZ9yB+wB+Y/Ot0QbtXVTMLHgtu5mRhGVUn2S7dpoZkAAABAF4VmEl7eTFyVwJpb2LR8cB0ZtkpIT2MwbLWaifaygoDRVSebiWgp+WV118ZGDu0JdM6aI5H66tqK4PGm7vCU+VC+jfLCwIA8cxMP+/bUhHuu+P2B/IqwkZo7XhronZqMTU2KmbVl8iB+WEzk+6vbOrqDJYGaAWss1ecraxSLDXTU5VdcsIYemohysslnTmgmAAAA0EWhmdyvq7lkCfH5T4s/a0oC+Uf77GbiXUw0k3SXsCKaiaglnfH0w6rdmRMIw63FBea0KCH2ORNnMxnJLOcTBcZabWdmMV9BdWbyYUky1na6KSL/Q2xGaCYAAADQRaWZGNbBvewkI4nEtY7W4IFKMd07ncy9mZinSsx73yvN4mE3k+n+hlBNvtWI7GZiVwjDbBHmG7Afli0vTsbqzSQzlm4msbOh2szb9+1uzMx9OBI7X5dfWOMevZ+hmQAAAEAXxWZSnj7oX3ZWIadPDc40k/m2moaxvvSHdKWbyZwoCeGUtdj1plWaSZ1hRH2F6UvLsudMMllnMxHZv9v6qxWGHq5fzCJqSe3VzDmjzQrNBAAAALooNpPwsaB9OmJZlH/TYqaZGEZSrHZeTmbOmYiRoqoLAz0XfCWVqzcTI95Vl+5F8bDPH2zr6G44ebqsJCQGBk5V7j8VHpgamr9HM7niP9afGXxoEjt/evNriUEzAQAAgD6KzcToacy3mkmneQWXjmSbiZFvF55MM7l4MmTe3OIPjiQG1mgmVqupPH7dfEttoZB4e/l7qstC1o3sqai8GGzkHs3E7EVS/r7GzNwtn/iQe2RTQjMBAACALqrNRCQxcjzUGpMXWW2XFBcEsw/On7bvOSErhmYCAAAAXXJoJtsxwcJAQ89QbGpypP/KCteqkeWhmQAAAEAXmsnyTPf75R3wu4MNvdPuuWR5aCYAAADQhWZC1EMzAQAAgC40E6IemgkAAAB0oZkQ9dBMAAAAoAvNhKiHZgIAAABdaCZEPTQTAAAA6EIzIeqhmQAAAEAXmglRD80EAAAAutBMiHpoJgAAANCFZkLUQzMBAACALjQToh6aCQAAAHShmRD10EwAAACgC82EqIdmAgAAAF1oJkQ9NBMAAADoQjMh6qGZAAAAQBeaCVEPzQQAAAC60EyIemgmAAAA0IVmQtRDMwEAAIAuNBOiHpoJAAAAdKGZEPXQTAAAAKALzYSoh2YCAAAAXWgmRD00EwAAAOhCMyHqoZkAAABAF5oJUQ/NBAAAALrQTIh6aCYAAADQhWZC1EMzAQAAgC40E6IemgkAAAB0oZkQ9dBMAAAAoAvNhKiHZgIAAABdlJrJRF+wqk6KptJjF+ub5MjF8eSyhcn2Dc0EAAAAuqg0k0h9ta8gINVG0oNF/vRIcf3wsqXJ9g3NBAAAALrk1EyWl5DkSoMbTdRX0uweI1s1NBMAAADootpM/MFDVadFDyk/P22NJfPNWhL0+3NqJuFjwaoDAfco2aqhmQAAAEAXlWYy0lAd7IrbbURMxM7XyZYS76orbhhxP2GdSfUFdwdiZ0Nts+45ZGuGZgIAAABdVJqJI7KcmDInT9TTdiTgO9BpGHO+/e3poa66mvrqYP2FzgHzUW1ZINjU3dbU6CtrjVh33teUVrb1DMUG+8QbsNdDNi00EwAAAOiSYzMxBk6l7zlZdM/ZcMoKAoc+mhMT+QWV6aGuOl9hnb2Ar6BaTuRnlrTTsD+geqaGqIdmAgAAAF2Umkkq3QrkRVyHqk5nLusyM5/5HOENZkg2HCksV9JVV5u9acU8MZJVERZDIx3N/sL0SOZDwsjmhWYCAAAAXVSayf24Az58NGhdsSUz5DvSPW+4msmkr6w1u4jI9aaypqicbDlMM3kAoZkAAABAF9Vmkj53kT5PYmTOn/hUPzX4kH/ZjSK+glDDhKuZGM6XM3O57tD59G91LPPTTB5AaCYAAADQJbdm4s9WhXhXLs0kmr3r3UrTgYD5i02WNxMjNV28J2i+REVreMIcKC8zH+aX1MTbamgmmx+aCQAAAHRRaSbGRF+wqk6KZu4quVjfJEcujqfPY5BtH5oJAAAAdFFqJoRYoZkAAABAF5oJUQ/NBAAAALrQTIh6aCYAAADQhWZC1EMzAQAAgC40E6IemgkAAAB0oZkQ9dBMAAAAoAvNhKiHZgIAAABdaCZEPTQTAAAA6EIzIeqhmQAAAEAXmglRD80EAAAAutBMiHpoJgAAANCFZkLUQzMBAACALjQToh6aCQAAAHShmRD10EwAAACgC82EqIdmAgAAAF1oJkQ9NBMAAADoQjMh6qGZAAAAQBeaCVEPzQQAAAC60EyIemgmAAAA0IVmQtRDMwEAAIAuNBOiHpoJAAAAdKGZEPXQTAAAAKALzYSoh2YCAAAAXWgm5P9v7/5fm8gTOA7/+/NDQqgeVgwiotBgaKyGa9mmVIKeoT2ztsXg6ar09kqQs2qEsi7akpvJt8bE1Tafz94W+7x5WNPJJO3+1heT0dmnTAAAiEWZ2OxTJgAAxKJMbPYpEwAAYlEmNvuUCQAAsSgTm33KBACAWJSJzb43b94oEwAAolAmFmfKBACAEMrE4kyZAAAQIqhMcvlSMmXyJDsfUyYAAIQIKJPdB2mH3KjUyiPXF5P80uRpp9hhZ/dxrpDlTbHSaL2dfPobWy2WHr583Xz1McmXK79MPhtlSWF58pCNTZkAABAioEy2ahNXSF6sLCbFRnOl3vpt/PBJ16yU0zdcWNncaDRyheWHB5MnfGOF4U+SFBaXd798LtKSwk+Th2xsygQAgBAzlknnH8vZZ7cKi8cXTCpZqNx9lUZCdf00lzsGe7uZ3Hx8mhj5YmHXav5wuT/nbX/IKRMAAELMWCbZ5ZG0TEo74wfTI630v8XG3vjRk21vbSmtmuk1q9X0bQtX7228/tQ/khQ3129Vsw99zS12jrrd356v3szO6V/ASRNltZ2d1nnWGLv7pdbttpJbreG7tubXeid1W5Wn3RuXy8n1ZvrF59etixey8x/+mn2v7dtL/Zdnz2XvXOu/OP3uhbm0ysrPPhz2jyzkS/s/19Mzc2M/53mbMgEAIMSMZfLVe9+zNmg3vhoY391qsTTdM/v16t1X/d/+9+vXS62j7FG/QHo7SC7V+49G10yGZfIxufygd2D37qX++V8vkyRfHh48Xvp/V36SPRi/FNMvk9bt8uhjZpULpf3eg7RMmv2Dv9RHnys7b1MmAACEmKlMjp5PN0nm5uO0HyZPPtnSF25PHutW5sberd0o3n/XHbt2Mf54qkzeJcVG78B3ymT4oLcPL+cvZfe6pBa2sgPTZVIcD4+tWuVp9ufC8cHW2OPzNWUCAECIWcrkYKN3k8mUtByuzfp7+YuVr9y5HlAm2XWP1wefWitLSaH/1PfK5OWDi4XS+s5u5/27eWVy+ikTAABCzFImC1NN0nfQPUxuPp48+6Q7SPLla/X/jB/av1+tPJ3+NNeJyqR8YeJjWu3k2mb/w1d7q0vTZbJaLCVX+pdZDr9xzaR1p1wf3t8//mmu4VnKBAAAZjFLmZTnSp8nj2XrPPqp/n7y4Cl29GG3UR/8eyZ//1end+xZPfsrvwpX7z38dXB7xwnLZLk4TKZCeb+XNM/Wli8O7lxvT5dJ+t23V7I76ecrO3cvDcpk/+d76ZH6f/vvPPheG9Vq/3223xzfAd9/oEwAAGA2s5TJQSv7ff2rfp889y/aUTt3pbbxaCe1Xq3m7jyfPMFiT5kAABBiljI5+9uulF6MvjhqB3zGzE46ZQIAQIgfs0y63cOFq9nfspX721Kxsjn5pP0JUyYAAIT4UcvE/t9TJgAAhFAmFmfKBACAEMrE4kyZAAAQQplYnCkTAABCKBOLM2UCAEAIZWJxpkwAAAihTCzOlAkAACGUicWZMgEAIIQysThTJgAAhFAmFmfKBACAEMrE4kyZAAAQQplYnCkTAABCKBOLM2UCAEAIZWJxpkwAAAihTCzOlAkAACGUicWZMgEAIIQysThTJgAAhFAmFmfKBACAEMrE4kyZAAAQQplYnCkTAABCKBOLM2UCAEAIZWJxpkwAAAihTCzOlAkAACGUicWZMgEAIIQysThTJgAAhFAmFmfKBACAEMrE4kyZAAAQQplYnCkTAABCzFImvz+5l+RLX6p19tqT59l5mjIBACDELGWyt7Y0XSbpwUKlNXmqnZspEwAAQsQsk/TBweS5dl6mTAAACBG5TGaPk3ajcGtz49HORqMx+5vYXzdlAgBAiFhlUipXan3LO+8mX3CStRvza8M7VfYa8+uvv3g2bLn80uQhiz1lAgBAiGhlMnIcGKfaeJm0j8tk/VY1fc8bay87R9mXq8VS58mD7BsVys03h4Pzu4fFK+Wsjh4Ne2ar1up+ujhXKt7/9/btwU/bHHvDwpXq5+GLLcqUCQAAIc5emXw6mC8MPs3VulNu9h7t19OcWOz2ymT97eAVxUIp++PtZjHfe5Cedr9aedrLla1acqE2OK/bTUbXTNqNha3RYYs5ZQIAQIgzVCajdyhWd/rHKnOD5Mi6pZcf2TWT4Sse3iy1ut3O/epxeBy1cneeZw+2ajf++XF44liZHD1PLh8Xi0WcMgEAIMQZKpPBCw8e50qDMinmS53370a6vTIZvWJvdanZu66S5Eex0U6uN7N02aqtjv0Ux2WS7XC9Wk0K7jyJPGUCAECIs1cm3e7dy6UXvbtK0upY3RvdTJItLZNRcvSvonTfNgcf6+p9mqvcGnya64/LJFu/aizilAkAACH+B9LVH52njy9rAAAAAElFTkSuQmCC" alt="Screenshot" width="100%" ></p>
<p><img src="data:image/png;base64,iVBORw0KGgoAAAANSUhEUgAABDMAAAIGCAIAAADGMlPIAACAAElEQVR4Xuy9CXsTR76+fT7L+w3+yZk5Z7azOBsEsrANWYYJMxkh2RjZYEtekGVLli1bsiVrX22JhISwDyQkhJAAgRMmZAKErAwJM2FL2EMgMbveX3dJpVbLNl5Kst089/Vcpru6urolWt11u7rlf/v/Yt8gSPnzRPJANLU6kX65P/3SQHpVKg0AAABMXVI5+vv7E4lENBqNRCIZAMCEoc/X/8kEI4l/K+4yIkgZMi+xD2YCAABgusC0ZGBgIJlMxmKxUCgUCATUPSwAwNghJ/m7zN69+/5N/ckDWiGVSlN3nzr91PWPp1+OpF6OpF8Jpl71p171pV7ro6TXelKv9abW9qbW9aTWueW4Bta5Uusp3QXZMGKkOq3RNWxFakFuar1bapYap62s9bItpl7zp9YEUq+G0q/SztBeJdMv9adoJ6W9BQAAAKYmygGTeDweiUT8fr/H41H3sAAAY4dpCePf1B8+oCFkOZHMJJGS5CSWXh1JrQ6lJD9hikKe4EutYc7AXMUricRrctZ60lJkdblHqJoj8oq0Cq048FrOQ6SWyYL86TW0rYAccpJwajVpCe2MPGCyig2YwEwAAABMWVRmEgqF+vr6enp61D0sAMDYgZncR8jDJul+2U+SpCjpl+NyYilJVChRSVdejsi2IEWeIHkIp16Rkh5dUq+4I6vktXLtsKZSUvtsQ7HsdqV9SKRf6l/1Er+PC1oCAABgKsO0hN3KFY1GA4EAaUlXV5e6hwUAGDswk/uI3D1dWTmhn5KfpFZJYaIiD6cwZ+DTOXVRhguGMvkKnsgArcJXp6akBuUJpiJSUtLW2W5gtAQAAMB0QWUmfr/f7XZ3dnaqe1gAgLEDM7nvYH4ih3xAeviEpT+V7k+tyka2BVkbshkYS3yRfsW6udayjaflh0nYRqV9kAMnAQAAMD1QmkkkEvH5fN3d3Q6HQ93DAgCMHZjJfY1kKcXJesv4E4gkigulFG0LAAAAmF7wh0wSiQSZSV9fn9PptNvt6h4WAGDswEzAvSk2ipETCCdSsA4AAABaZEgzsdls6h4WAGDswEyAeIKRhLoIAAAA0ARKMwmHw16vt7OzE2YCgBBgJkA8MBMAAABaBWYCQOmAmQDxwEwAAABolSHNpK2tTd3DAgCMnYmaSX8qHYineiIDPWE5EZ6UOlEpvdFUfEDdCNAYMBMAAACahGnJwMAAzASAUjAhM0n0p/9fVegBylI51eEHluVijDxQI+VBY/Apa3yONf7g8vADK6IPrIg9UBdrDcBOtAzMBAAAgCaBmQBQUiZkJlUd8ZHN5N+NwVkrI5H+dGIg9UhDiJvJA/UxdVuCePb5Pzzx5NMU9QKhsE2UeivTF5gJAAAATQIzAaCkTMhM/l9lcAQz+YUx0BYYiPVnK0f6U0oziebKxfK/Dz3y/x78BUW9QChsE6XeyvRl4mZibrQqY/OxYr+qvFSCOy4Mj89TFwEAANAWMBMASkoJzWSuNUpawv+uRazQTEr0tAnMZCowcTPR6U2G6oZsqkz13azYrTOYc+VmvcEUKFxrCAKNMx9/vq5PXSyRcs18fJ6hQ108bmAmAACgeWAmAJSUUpnJXGuEVITXHEila3v7lWaSgJloFxFm0pSf6bbmzcTszpUGrcZRmcnS6j/PfNqoLk+n7X+Zp5vaZuLQC24QAADABIGZADACe/fuHRwc5LNbt269ffu2Yvm9KYmZzDCHQoquaSqVbvL2K5+Ah5lomyllJuZA2lX9+6h6QXrmopWGKWwmA5GVi4U2CAAAYOLATAAYjlu3brXKMDnZuHEjTa9bt+769evqqsNTEjNZaEsoHyPpH0jPaAjIWgIzuS+YamaS7qtX39CVcv25LaEyE4e56rm5v5/5+DxdsytfGmh0pNMus37Bk/NmKlRhIGCfI5cs/GM1K5HNZODPf3hm9ux5M2f/3twV5pUJu7malc/5Q5WyfKahYyDYMWeOtN3Zcxb1sXeuz0yzPNmqqdiiZ56Rqs19/rkXlw/khyQBAACUCZgJACOwZcsWspHVq1dfuXKFWcqYtCRTKjOxJ/viBU+Y/G4FzOQ+QoSZNHQ4XdmsbM6bSa0tV95ZXz1qMyEBmK1XFjctkrr7SjMxzJnXx4/JRMdTVc7sdKDRYFgULdSAmbMX1+VrZ6HWnjLY+WyiTd8UUSxWoNwZchVlU7ULch4SaFxYOGYy8+kCpQEAAFB+YCYAjAwbKhmflmTEmslvlvU9stz7q2W+/6zxL+9JBRN5OYkkU7+rY3IyrJn8YdEfWXe/0+nkXX+KTm+gUwCv9vAjjymXUmbOms2XFpvJA//+S1by2//6b5/P9x+/+g2bnf3kUw/+4j94Iw89/ChfhVi+ok61lcV/+jNfygvZLJ2klDVT/GXfr0zcTISRMxPVDV0zF61MF5iJ66lqxTgJLZqdN4QFdV7lIpfx90M+UV98N9fMYe4VMz+brznz8fxxJeEzsx2GmQAAwBQEZgLAyCjNRPnMySgRZia/WOpf7u63+/truuO/NIZ+b4t3hNLJgbyc6J3xUZrJL//z1yormDX7SVZnid6gWsRSvSz7iLPKTBoam3gd0hIq4WZSvJVlxhq2FkmLahFLV1f2V/e8hM3OnbeAl8yZq+6e3odMQTMpuKEr5fqzTdrDvJn4zDpHbqmM5Y95MzF0Fiyqe2bo/+Jxmonq6Xy+w0VmYpgzzx4s+tgAAAAoIzATAEbg5s2bzElsNhv9XLt2rbrGvRBmJpVd/clcr6kz2P/LmtACWU4CiTRzE9W3Bo9gJnL/fv5fdEuUVkAVHI4OZYkq3S7pd95KM+GjJRQ6cbCtcDOh/Oo3v/vTn19UNqLajeKw0RvlrFJLnnxqDn859zNT0Uzy91CF2a1caaWZdFQpn+tg8bNKihYYxQbCKC7Pm0mobeYTz5it9mg0RqlVuM3MZxv5tMTwZpKWHovvWfDEvIVL2/qKn+gHAABQemAmAAzH7du3lTdxsWdONm3adOPGDXXV4RFmJkZ3KpLML+oM9f+yVpKT2p5UXywd7U83eAdGaSZ19SZeyDv9/kBAaQjFFR78xX/QbEXOTJTp6enl9bmZkLewEo/Ho2yWT//yP3/N15r5+GxWSB6irKNMMql4/fc3EzcT4c+ZpHN3YfWteJ7dypVWmom3XqUfeYrMpHa+WhgYI5iJ6ikXZQtjMpMcA331i9XP9AMAACg9MBMARmDfvn3KZ0tITibtW4OftyV7o9LfLWH0p9LzWyK/rQvObYuv9KU6Qul5rbFRmonPl/1tdVppJn4/n/7v/32IV/j1b/+Ll6cVYyY8//nr3/LKaYWZPDpjJi9UtsCn/6Jbwivw4Zrf/td/K+vwKJ91ASLMROh3czH66mu96aVPz2O3cqWVZpLq+HPbMPtcZCYOw7whpWAkMynUj0WKmuMyE8K70BxUlwEAACgxMBMARuDu3bvqojEizEwerPL/pWPAG0vzP+5OcvJkc/iBmvAvavy/qLn3d3M9/4esmYTD+a804l1/n8JMZj2RfeyEIMHg5emhzEQ59EHwx0uUjShb4NO1y1fwCiRLrJCNzKg2QZnx+CxeGUxRM5HGLhYrH2dXfTeX6gu4shSZSTqdGO67uVQleTN5/HleGHVUPfX0KMwk7TIqqtFGFdPpREeVsUdZAAAAoBzATAAoKcLMhPI/yyOOYFr5NxZr3Ylf1/ofqI0+sJxpiRgz+cV//IpXUH6/VlphJsrnSZzOLl5/9Gby1Jy5vIKxppYVPvzIY8o6ysTjcV7/PmfKmsnSp+cpv8lXaSZpn3Xm3D8vNbdFozGnvW3BE4uy5UOYSdry52dmPv57a2dPNOqr02e/XGsEM2l6bp7ObKfKxkXPzHxisfXF0ZhJ2t+0eHFdh/RoijTXMftZvZ222Ocy/vH52Y/Pm+hbDAAAYOzATAAoKSLN5MGlwc5QKq74G4u2QP/DdX2izOSFxX/is7/6ze9aWqzK79eqrFqaVjxnQtO/+s1v+VIuJ/c0k9/+1//w2UcendHU3Dxn7nxe0tMrPbKirK/8fuGHH5W8BUwhMwEAAADEATMBoKSIM5OqoNXXP6D4Ux6x/vQTK8MP1IREmUla4RWq/Pq3/8Xqq7412NvXx+s4OqRfYN/TTJSzqjz1dHYURVW/3mTmJZCTtAgzyT/+LsebPSKiqnKFBQMAAAAlB2YCQEkRZib/WxcKJfNaQoZiDww8KGlJRKCZ+Hw+lS2whEIhVr/4Ly3+5nf/zUr+/Zf/aW9vH42ZWCwtv/rN71SbePAX/8H/4KOqfrrwG4qj0fv9K10nbiYAAADAFARmAkBJEWYm9Z4U/3smA6QlwYEHjaEHaiKjN5Mx4ejoWFq9rLPTqV4glDabbZmxpnmlRb0AjAjMBAAAgCaBmQBQUoSZic450BdLkZP0D6Rt/oEHl4UlLRneTPhXeAHtATMBAACgSWAmAJSUCZnJL5eGuJn8d32kxS/9UUVPLD1vZeQBo6wlMJP7EpgJAAAATQIzAaCkTMhMYv1p5Xdz/aIm/OvlkX83hh9YFh7ZTGp78eiyloGZAAAA0CQwEwBKyoTMJC0/UtIbGegJ5xLhSakTzWaCT5iAqQ/MBAAAgCaBmQBQUiZqJgAUAzMBAACgSWAmAJQUmAkQD8wEAACAJoGZAFBSYCZAPDATAAAAmgRmAkBJgZkA8cBMAAAAaBKYCQAlBWYCxAMzAQAAoElgJgCUFJgJEA/MBAAAgCaBmQBQUmAmQDwwEwAAAJoEZgJASYGZAPHATAAAAGgSmAkAJQVmAsQDMwEAAKBJYCYAlBSYCRAPzAQAAIAmgZkAUFJgJkA8MBMAAACaBGYCQEmBmQDxwEwAAABoEpgJACUFZgLEAzMBAACgSWAmAJSUAjOhDiWCIAiCIAgyZALhOMUfilG8/rDb43M43RarzdxkUfewAABjp8BM1L8ZAGDUhMNhZw46dyeTAwiCIAiisSQS/ZR4PEmJRGJ+f9Dt7rXbHS0tVnUPCwAwdmAmQAxcS2AmCIIgiFYDMwGgpMBMgBhgJgiCIIjmM8XN5P3336+oqKCf6gUKjDLq0qnEE088Qa9CXQruD2AmQAwwEwRBEETzKb+ZrF+/nrrpp0+fVi8YiombCS2iFhYvXnz58mX1skzm1KlTFTIOh0O9TBwwk/sZmAkQA8wEQRAE0XzKbyazZs3S6/X19fXXr19XLytCiJlUV1dTI0N+2xgtbWhoWLhwoQbMZPPmzS+//LK6FEw2MBMgBpgJgiAIovmU2Uzu3r1LffTXX3+d/OTTTz9VLy5CiJm0t7dTI6Qf6mWyJtHOPPvss9PdTEjzzGYzzGQKAjMBYoCZIAiCIJpPmc1kx44djz76KPOTF154Qb04kzl//vxzzz330EMPPfnkk5999tnhw4eLzWTfvn2PP/74ww8/vHr16mvXrlkslpHNhKxDr9dTO6pRmgsXLlDhl19+SeagMhOqWVlZSUv/8Ic/0FaUi6j+3LlzaeLNN9/84x//SHUuXrzIl7711lu0b1RI+79161ZWyM0kEAjQS6MK1PitW7f4WoxXX32V1mLr0mtULqJXsX37dpp4++23H3vsMXrtsViM3iu29Pjx41RSoaCkogXGBMwEiAFmgiAIgmg+ZTaTp59+mv1ef/HixdSBVvXOd+3aRYXt7e0HDhz4/PPP582bx6pxM7l69ery5cupZOPGjd999119fT31yMlkRjYT4uuvv6ZNJ5NJ5aK2tjaz2VxsJtQy2w3q+nu9XhIJWpcvpfokV7Qbs2fP7ujooD1h5bTz5AwkHmQy77zzTl9f39KlS9kiZia0tLu7m9qkVZ599lnVy/d4PAsXLvz444+pwubNm2mpcgCEXgLJzKJFiwwGA72Wbdu20YaozsmTJ1kF9iowZjIFgZkAMcBMEARBkGmRhCLFS0dOmc2EOtPUsaaJaDTKpzl/+tOfqPvOZ69cucJGALiZbNq0iXrkZAVs9u7duzt37qQK9zST69evk8aoRmnIN3bs2KEyE6rZ0NCgVJEjR47QJkiK2CzVp1najWvXrvE6BGkDlb/77ru8hA/RMDOhCnzRpUuXKuThGl5y6tQpejl89vnnn9fr9XzWKD/HT28Or+P3+5X2AjOZssBMgBhgJgiCIMhUjlJIhkzxKsUpp5ns37+fOvRs+qeffmLjAHzprVu3il2lo6NDaSYzZ86kWWUPPiP3++9pJjRx+vTpCsUwBZkGa0plJmyL586d4y1k5O2SSrFpZiZKqcjkWhvy/rRMzkx+/PFHVeEIIrF582aqwGfpJdA+HD58mJewN5C/cJjJlAVmAsQAM0EQBEGmbAokRLaLbMYoJ2UzE1KCtrY25WPo69evf/TRR/ns5cuXqftOHW5eQqxZs0ZpJhUyygoZeXhhNGbCHm45deoUKz9w4AD19TO5Pj03kyGfSKEKdrudTTMzUVU4fvw4FfI6KpiZqApH/kIweskqM3n22Wf5gyUZ+eXQ5qiQzcJMpiwwEyAGmAmCIAgyBaMSEn8g3OPxObt7WXr7gv5QLBCOB8IJFrqEsYSiyUgsqW6tXGbC/oxJMfwPm7Aef+FK6u/momllf52hHDooRrm0srKSTdNGSQxolzJFZsIsohjl6ETFMPs5nBgMaSaqLwQLh8OFGyx4pexVqLSNVoeZTH1gJkAMMBMEQRBkqkXpJOFIzN3blywiEol6+/zxwlEU3kI8MUCKkm+wXGby6KOPUm/7vULmzZtXX1/PKrA/eli4kmAz+frrr9kmaKMVuTu7VGayYMECvmhIhjSTAwcOVEzATGjFisJxGCqBmWgDmAkQA8wEQRAEmVJRagmJh7O7Vy0lOQKBYDgcHdJMKLG4tHq2zbKYCbuTSvlYOaOjo2PWrFlsmn2Hr6rzvX37dpWZFHfx9Xr9KM2Euv60Om2I9oQ/8aIyE/ZtYEP+wXjGkGZy9OjRijHezaU0E9pD1Z9boX4IzEQbwEyAGGAmCIIgyJSKUku6e7xqHSmE5CRGvjG8nGTbLIuZbN68mUxgz549qnL24DipApstHnZ44YUXlGbCtOH7779X1qkYxXdz8VkSAPYn4b1eLytRmcn+/fvZlwLzVVQMaSYZeTe47ai4p5k8//zztFfKpU/I8Nl7msnx48fnzp3b1dWlrACmAjATIAbhZqLTm/jvqCittm4qCQajxTVHSGV1Y3HhuPPsc8/RuTIcGdU+UM3a2uXF5eVJnaltRX2rsmSEd48qR6MF/2UNTe3GWktxzaT8llpaOmmiaozvbVNTM129JvE9QRDNJxZL2uwuncG0pNLc7nDTKVRfaS6uNtZQs8tqVvJZdsbo6fV3dPYqq9FJpnJpwWnBUNWgqnPP0OlF1HmbD5iQQkRjiXA4onaRInp7vVSTy4mqQXZpK4+ZzJo1K1n4t0Q4Tz/9tMViYXdPKf+eyddff03dbvbnDrmZKP+eyblz56jmww8/vGTJktGbCYkHrV5fX89vnVKZSSb390xmz579zjvvvPfee6tXr3788cf50+fDmQn/eyZbt25laz311FNs0T3NZMeOHVSB+h60lc8//5w2R/s8JjO5e/euz+ejRg4dOkRv3ccff6ysCSYRmAkQg3AzoY6vty/IZ2uWt9BFbri+9XAZ3xXO3u4uLqTQOZTOYk5nV/EiFup58+ma2uWBQKi4TnlCXQd6u/gsdSxGePe4mTQ1O4qXqsLNZEyJxRIVMjATBCldli5rXmKQnMTa1tXaJp2phJiJq8dHzfLZ4cyETjKqzdFseczE5w8Xn9+yWiJbhM8fVFvIUHjoqhMMUf0hh03C0WQsnn0WpdRmQmfLTz/9VF0q09bWRnLCviyYutfsD6gzqJd/8uTJisK/Ac9u+uLMnTt3zZo1ozcTNkrDnn1nFJsJwfxHyT3NhHZ+7969ylW4WtzTTEjM2F9OZNDV+ZtvvhmTmWRyQsUY4Q0BZQZmAsQg3EzqTK3LalZGck2RmTStdLBrj6OjR6c30ZUyKD2WKPWVu119S5c1UQWarTfbllSaKdFYgha12rorlzbSbDgST8oXsHpzG63OhxSojt3hphJTg43qUAWapqj63+GI9FeuqpYuffrpObzwxRf/QoXz5y9obbUtWSJ9cyIjmRszoesHTVC/nErmL1hAoXZ8/gA5zGOPzaDVlZsQGOo6mBvt/N0j5eDvHvcQ6liwbgQrcff42QunngSVsDET9gZSIfU5YvJ31HAz4b2HPl+I/i/4r1RpXfp/0RlMfOuxeJLeBJPJTBcPmAmClCh0HrO1u1SFXBXYiZE+yFH5dEQf29oVLfTRplMrq8DOq3R6VLUQDMXo7EqqQ+dGVjKcmdA5oc3eTRrDZrvdfW12F6vDN+dyS0vpHEJnGDpHsTEWkgeaoJMGeQEzk9oVVqrc6fSwpuh10VKqQ9LFdoBqUgmlpzdAZxhpWj590Y7RrvJzOFMIOgN3dvWoLWQoItFoT49nuHu62KPw5TETAO5bYCZADCUwkzbq7NKlKylfcemiSJcZ6lvTxMqcM7BhAbqMUa+alVD/u8+XvXyyRXRZ5dPK9llryjr8d3VD3shUvUz6s010EaJONrtWvbB48cMPP0wlK1bUhUIRf0BaxOszM3E6u0hC6utNrMTd0xuXu+mdzi7KjBkzqVm6fis31OsJFG99rKF3j8SAvXvJnE6MbCasGl+dm0koLBldMtfFUZkJCR6rSd7CZI/W5f9BypC8sfckKXdZlIuosxIKZ/+bEAQZX+iTSF1qVSH72CpPjPrcaZPOALwaP696vEG73Pvnoc81nYqpZe4wI5gJnWRIY1iDbBNUh3r5tG/sVxXUCM3SOUSXu1+XTEY50sIW8QaV7QeCUVZCO+DsykoLW5ef39jSZOGtXHR+dnS6Ch1kWFzu3pjihi7VsAld3WAmAJQUmAkQQynMhC427CLHurzs2tPp9PC+e3VNc7Lw6lWz3KJsRLlIdZsBXS+5mfASVqfYTELh6Lx58xcufIZ5BbtNa/bs2c8+9xyvM6SZhCPR+QsWUDU25EIXPO421NSiRX987vnnqdPAhxco1UbpRU0w7NpM7x5JF11iSVHGbSa8Te6BSjOpqm5qsTpZBZpm6waKbqtIFppJnalV8UU30v8aG/5CEGTcKT5xJXPnPeUimmZjFLUrrLyQn1fDkbhq2IQ++OwjvyR3Ch3ZTNiJgvSGzj+sDp2F+FmiqdlBs9QgPyHTIuXTKbSI34mqekW0UVZCO8B/l8FOREozoZbprMKkgl4pOVVQMpNuhX2MhMvVI5nJUDd0JWAmAJQemAkQQynMhC4qy+ut9JPdKcSuPfSTrqA0wZIs7D2rfsdWbCZ0zatd0UKXxjGZyRL5b9xyXli8mK5Jjz32WE1NLa8zpJkkJQHw0HT1MiOZDM12d7srpCcFn2B54YXFSfk3mkxOhGhJMmcm9O5RrG1d1PjEzYRNq8yEWrDZXdn/DnnoibemitJM5Gqt9WYb05LiygiCjDX0YS8ee+RDnbyEf0Lp00cnQ3525edVduMrC02zO6NYlJ/x4czE3i4NcdO0q8fH6tDP/FkiGKXtWhQPk/CzDYtyESuPy8/x+wMRpZnwk0yxmbBZw9IGa2uXZCaxRDgS63COaswkHA53u9zRaHxIM4nF+yMx3M0FQGmBmQAxlMJMkvIv3rrdfVb5UU527aHrHL93i0V50TXWSlfZIRexKzQbRkjKv6gbvZmwx0U45BjePv+sWbP+8IdFvM5wZsKGWX7/+4VLluhp1uuVvgxEdYcAXT6pg95q61Y+9D+R8HePTEzpdWwRu6jTG8ueah2lmQw5ZkI/V1o6eB1la6qozCQaS5CcNK/swGgJgggJnUAcHT2qQnZOU/o/GzPhs+xzXXxeZXF2eZqaHdQshSbYjV4jmwlpCZ2xa5a3xGJJVicQjKrOEkr9oEWqMROVmdBZkV0C6NTNB2ZHNpOEfIahZrmZdLuH/UsmSrzevp6e3uHMpJxPwANw3wIzAWIokZkkFV8fzK891J9m9x6wu7yUvWd/IEKXLpvd1e5wsyfg+SJ2hdYZTI1N7S63j39XVbGZNDS1dzilqykrT8ia8fDDD7NZp7OLZhct+qO93cFdhbrdrBojWfitwUxsQuFsg0899ZRyRVYoNvzdMzfalffC0YSz21tvtvX5QvRGsdsz+GV+eZ2VeiehcExpJiQ29K6SQpgapF1VmYncjvTYK7179MYqW1NFZSYIgggPndbY9wXb293dLulpLnZOi0QS9HknuyC1YJZCpwX6zNLnl99Vxc6rtCJ/hINS/C3AHm9wZDORmzKxx+V5HTpL0A7Quo3N0llCqR90eqczEmmPs8vLn4Bni9hZiO08nYUMS7Pf/VVsJvRim1Y66KRNrTVbOoLyfb/0SpmZkD8Eg2GfP6DykGLa22nd8HBmEpX/pAnMBICSAjMBYhBuJshUiFLtEARBpkWYUUj+kDOTcDhqb+9Qi0ghJBh9ZFQkJkM9Z8KvazATAEoKzASIAWaiycBMEASZdikwE/KHaJx8g/zBNeI9XTZbO2nGkGYSi0tNZRuHmQBQSmAmQAwwE00GZoIgyHRMXk7kPwBPCuHzB7pd7jZ7u9pIkkmfz2+zt/d6+khLqCb/1mD6GY33q65oMBMASgrMBIgBZoIgCIJMkSjNhEwjKj8H7/X6eno8jg6nzWa3WltbrK30k2a7XT29vV5/IESmQTWH+0uL2ZZhJgCUEpgJEAPMBEEQBJk6Ud7QxZ42IffweLzunl6Xu8fZ1e10dpOT0GxPr4ekJRyJRqPx4f6YSb5ZmAkApQRmAsQAM0EQBEGmTgqGTXL3dIVCEW+f3+P19Xr6KB5PH81Kj5dEYkxLlAMmxW1KzcJMACglMBMgBpgJgiAIMnWifA4+e09XNM7kJBAI9fX5yUl8/gDNhiPRSDSevY9rxAETqVmYCQClBGYCxAAzQRAEQaZUuJzwkRPmJ5Ki5CLNkpPIN3FlR0uGHzCR2oSZAFBKYCZADDATBEEQZKqlQE64n8iKko3sGCotgZkAMFnATIAYYCYIgiDIVEvWTArlRB25nDvJCFoiNQgzAaCUwEyAGGAmCIIgyNSMyk+Gzii0RGoKZgJAKYGZADHATBAEQZCpnLyfDJPiVYoDMwGgpMBMgBhgJgiCIMgUT7GNjElLpBZgJgCUEpgJEAPMBEEQBNF8YCYAlBSYCRADzARBEATRfGAmAJQUmAkQA8wEQRAE0XxgJgCUlImaSa3BpNNTzOoF5cVpNgXUZaCsqMyEnbWzXxtf/P3xCIIgCDINk/1DjZEYJRgMe72+7m53W5utudmi7mEBAMbORM2k12YzN1oMepO50TpELF2+hHqVUZGK+Rw2PWmPwdzWG1MvLQJmMukMaSZDyAn8BEEQBJm2gZkAUFImaiYMd5NZHjkZIvXd6sqjIKHTm+u7skLiszZRO4UV1MBM8iQ8hmaPurD0qM2k6K9Zqf0EQRAEQaZboiQnsUSE5CQaD4Yi3j5/t8vdZrM3r2xR97AAAGNHjJmkg45iJxm3mXgtDdZgYVG3dUVXiv7VLXd2NzfrDabGHqnYXCMZkX6ZRWkm9XKhNTfSUq83D/g7qUSeHzAuk5ZWmztHMRIzbZkMORnCTIb7a7vQFQRBEGR6BmYCQEkRZCZpT7GTjNtMbMtNblVRuNNg8dG/OqNNZ7Q021zuKOlQp26pxd3T22Fr01dlzSTRbTXUtbtdXfzRl3ryEIPZ4XTRdMTeXNvS5Xa5jEabWzIdzdK4zFRmORnWTO4lJwiCIAgyXaK8pysUivT1+V0ut81mXwkzAUAEoswkXewkcsyNY+8eW43Ft2a5dWbJVnT6Bl5kNuRv8bKwVXra9DkhCbQ2WcPSBJlJf66aZCatY9+haUkq1tFiCwyoi0uGykykry4ZOUWnewRBEASZ4oGZAFBShJmJUW/q9ob6RQxEDHk3V323fDeX3srLjIqHT9jdXDF7s07fFItGWdjO1KueURmI1htNhjpnQMSuTlVS+iqL1TO+Lx8YJ8VmwqN2EgRBEASZnlHe0xUKR/t8AZe7x2ZrX2nBtwYDIACRZqIuGje+9ir53q0cCUedqSMpTSnNRDlmkh1mkcZM1LuhNhOJFFUz2qPqYq0Q67KWWUvSI5oJFAVBEATRRmAmAJQUcWZSaaov/Mpg5Z1XY8VSI90MZnW4OmztNGFozD54ojSTdMCRe87EpnzORLe0ucPpajY3sxKlmXQ3NThcPq+rS2doUg/LaIVYV0v5tSQ9OjNBEARBkGkd5T1d4XDU5wu4ZTOxwEwAEIEwMyF/KBjnSLp0igc8gOZRm0lyIJui0zqCIAiCTNPATAAoKcLMxOfsUpU4HPfJs+ZAYlgzgaIgCIIgWgnMBICSIsxMwH3Ovc0EQRAEQaZ5lE+bhCMxnz/odvfa7A5LC8wEAAHATIAYxmom6vUBAACAKU9KZmBgoL+/P5FIhMNhr9fb2dnZ1tam7mEBAMYOzASIAWYCAABA85TNTH76aXDHux939b7W699w5LPj6sVlZ8++I5cvX1WXAiAamAkQg8pMkkUqAjMBAAAw3SmPmVy4eCUY23Lmu4vqBZNB/6q3PIENidSbkcTrZErqxQAIBWYCxFBsJizFTgIzAQAAME0pj5ls2/7hl0dPqAovXb7q7ltHkjA4eIOVrNu4Z9UrO3p869957yAt7fasXf3au2yRP/LX9/cdIZGg+tdv3KSSr4+fodWpZPPWfTT7zfEz/zh2ig3L0OaoZNeew9+eOMtWpzZpKZv+efDG6TMX4gPbpGGTHzBsAkoLzASIYTgzGS7q9QEAAIApT3nMxB/erCoheegLbWLTHv+Gvx34MiP7AyvZ+Ne9Hx/6R0a2iwsXr2TkFq78+BNb2purxnhtw26SDTKT1MtvM2lhJTRB+kE/vz97idpRrkItUEkovpVVA6B0wEyAGGAmAAAANM9kmQmVvL3z72x6zfpd/aveysj3WbESWnTx0o80cfDwMVIOVj+7Zm761Onz3uDGrt7XKMxMqLJqdWYmZCy3b9/hqwNQTmAmQAwwEwAAAJqnPGYS7X/jxs1bypKJm4m7b923J85e+fEnqjycmezac/j7s5f44AwA5QdmAsQAMwEAAKB5ymMmJ06eS6bfvKT4LiySBy4MPb717G6ukc2Ef5VWr289qcjqNTvZLLspa0gzIV5+9R322AkAkwLMBIgBZgIAAEDzlMdMMvLNV69t2M2+NfjsucsZ+XuEVU/Aj2wmu/YcVj4Bv3nrPpr1hTYd/OTrEcwk2v8Gqw/ApAAzAWKAmQAAANA8ZTOTCVL8pMoo8Y13RQCEADMBYoCZAAAA0DwaNpMfrlzbtefwjnc/Vi8AoIzATIAYYCYAAAA0j4bNZOeugz2+9bdu3VYvAKCMwEyAGGAmAAAANM90MRMApikFZtKT6EGQ8QVmAgAAQPPATAAoKTATRExgJgAAADQPzASAkgIzQcRk8szEXW008Rmr0awzu2ki0NoUi0al9Kdotl7fRBcUn6vNaI9I9VJB3VILq2DtjlBl3oLTnGst6VphaLD48uV6uWVC3kSK1u21NPVKjbCNSFQbTDpDtjV5owx/1bL8TlYZm7x8pttaLVejys298g5HE3whANMI9tFjVLcG0+mIfoVDOqTDPuljFHQ42EcyGk0rPpL0kUnnPl/s0Fd+HnXLGnIfQTetUtuRzC0JVtc0yP8WNAumMux/NuZ36YydgcL/6NyJN6UzNJgdPvrfNC8zBeTzqvLcy1bJn94n4z8dZgJASYGZIGIyiWZi7etqk3WDqGrxczNRVuKSwJbWy50hzlAXyHRbram+O2WsbOPlVM0tXyl5D4xKAmwqR7Xe6ky4mf/wjbobzemUh+8kra5v9LBpo6GFm4k1mK0AwHSkyEx667u5SEgK4czPKD4dTeZ07vOlq2pLKz+PkU5nKp37sMhmom/ma2U/qoXNgqkM/5+t19PZdYgTr+qMqjM62CJ+7uVmoqhVbmAmAJQUmAkiJpNpJsEkCYk0mfJQ534EM4n02MxuqavEZIBTfIEkqivb6FpIfpIvTwWr5DGUe5hJOq03WNKKvle9gbpTqexOyqtXGVr4NMwEaIMiM0npDOYAH08cykzoI1ltyJoJfb4s8vgn/zyyCWP2wyKZSUe9/HlMecyVTTCTaQf/n6WTnjU8xIk3P2Qto9dbs4W5cy/MBADNAzNBxGRSzSRtrjSb3SnWaxnBTJgwpIcyE35vgCPX9dHpTSxsrINdMt1N5kDq3maSjjhXdCVyZhLJNSX1wNLyHkZszVKrvnZvbmdgJmC6U2QmEgMRj7XObIuoFYJ/JB3yLVz5m3mMjuyH192mz30G5Y+gZCaSk8if9NqOJMxk2kH/s9J/aGVDJDcAojrxDmsmuXPv/WMmd+5mrt+8iyDTInS4CgRmgojJ5JoJdfGrDC2sYzSCmaR72qQeknx7lTf3m9z0UGMm2V/NyuiWtfPytNSXar63mUhPvJjMlVKzvhb5bvi01IViN8nLqyerLA5WAWYCtIFumS07lfKs6FTcx5WOVreFhjQT+kjqpRHF/Ocr0W1tXimVrDA027IPEbDxRtlM0mn+SYeZTDtUp+XiE2860lnfnXvQLuUzyudr5bmXHRuaNxPq5w18cPmu0N4eACXirny4CpQTmAkiJpNsJumgZALyncjcTLK/jcs/AZ+WHsk1u/vp34Rbt8zKKjj7osUXSGPudnbCXJm724RVMGUfsk+PaCbpgEN+FN7TKK8uEzHapa5W1qD0Jl1tp7xK1kzwBDyY1jRWmdzhWCzssa6Qfr2djvb6otFENORutUgf0iGegCcituWm/oJflid08mNguuXOWK5ILz3ulTUT/knnZoIn4KcL9zaT3BPw/f0xszH/BHy2Dp175WNDOdiSa6B8lMFMbt66+835G+pSAKYqdLjSQasuHS8wE0RMJs9MAAAAgDJRBjO5flNYJw+A8iDwoIWZIGICMwEAAKB5YCYAFCPwoIWZIGICMwEAAKB5YCYAFCPwoIWZIGICMwEAAKB5YCYAFCPwoIWZIGICMwEAAKB5YCYAFCPwoIWZIGICMwEAAKB5YCYAFCPwoIWZIGICMwEAAKB5YCYAFCPwoBVsJuYOpzOuLkTuh8BMAAAAaB6YCQDFCDxoRZrJY7rW/5Gz3NfT0Wqjiacs3cXVEE0GZgIAAEDzwEwAKEbgQSvITOLdzEl45lS3SWaysktds+zR6RuKCxHhgZkAAADQPDATAIoReNCKMJOwU1ddoCU84zQTb4tOb1ra6lQWGvSmms6imqMIzKQ8gZkAAADQPNPXTPzhzeoiAAQh8KCdsJl4HEoVecwgxkyMdU06vTlfErcvbVhZZjPpbG0sLkSGC8wEAACA5tGMmfSFNm3aso/PfvLp8V7f+rd3/l1RBYDRIvCgnaiZzF6S95DZ5k6pMNiRl5Pq9pVh9Sr3jrelxt5mNJh4iau9qaGrpcxm0lib3wHknoGZAAAA0DyaMRN/5K+h+NbLl6+y2VfWvtv/0naYCRgfAg/aCZnJQ4X3bvHyZwvL6yPqFe8Rrywh3Stru+TZgHWp3tTT2czMpN3SoNObmrvttctMJq9cobO53tJQa2m19EqzNVWmGktrc6ulTW6NKutXWGxu+xK9SVfXJm+iY2mjtbm7o6mxscrSQSUmo0nH1nJYs2M10W6j3uQMdDmjVN+pq2pq6babzBhFGTYwEwAAAJqn/GZy+YerFy/9eODvX/X41tPs3g8+PXrs5IWLV3rlWXIJkoqBl7YfPvINm97/4Rc0TYvWbdpD1d7fd2Tb9g8zOTM59s3p9ZvfZ7Pp1TuoPttKfGDbyVPnmZmE41u/PHri3LnLbBNr1u+i9unn519+yyoDoGKqmEmPz1mleMLkseVSL9/Vlx8zeWqls62j4HGRUYWZCUmFoYl+1lebljTYuZno9I2NgWxNnaFZmuhsNra7cqvbdfU2ZWtkJtnpzubi8ROdsaWHmYnRykpomk3U8BVlM3EXroioMlYzQRAEQZBpl0SChKQ/Hk9SIpGY3x90u3vtdkdLi1XdwxovQ3byAtG/nj13WVlCFvHz4A36+c3xM7yETyvpX/VWRlYRb3Bj6uW3WSHNkrf4I3+l6X8cO/XtibPkP9TC4OCNdRv3sDokOf/89ntyEqqZawyAIRjyoB0fEzOTRI/STIoz7udMmIRIQyXSs+/m+l7JK3JmYlIkaybZwRNKoJUNg/DkbSRvJu6a2gZ9ldwCN5OczwxlJj2mFSZdZUO7NH6CDB2YCYIgCKL5TIqZfPr5Pz/6+CibPnX6PAlGV+9rFGYmZBRskXKaeG3DblaNmYnLu87dt+7zL/7FlrIhlI1/3Xvtp0H6eePmLWYm9JOtxUKqQ2ZCG+LNAlBM8UE7boSZyWKnO18edwkxE5e9qcFnz35JV95MGvIewqI0kyHGTNRmos8rh2uUZsJiqTfx4RpEFZgJgiAIovmU30xu374TjG1h0+QPfNBj3cY9I5hJevWO6zdusmk+ZnLlx59i/W/cunWbzdJPpiXh+FaaZmZCbb667j22IgNmAu7JFDQT9vxGPm3NE/h7Jjkz6ZFHSFyskD9n0tJIhSZ7W7O9ZYlZ1okCM5GeM6ltlZY2+lgLajOpqTTVd3Y4fQ6DYaQxk+Y6Uy2da9z0Euy1llaqX11lai/eW0TOWM1EfesuAAAAMOUp/3MmofjWc+d/IG1g1uHyrrtw8connx73BjaOYCbbtn/43u5DVC2afIObCVvkCWxQzf7j2KlMzkwy8jMnO3cd/Oe3329/5yPaBMwE3JMpaCYFwxQ94sxkieIpEV7odFmXkFQYTKYuuf1CM+kJtrOlVvnJ+2IzcXta2c1gJlfXCGbSE26nOksa7T2JLoN861eVOf+UP6IKzAQAAIDmKb+ZKO+totnNW/fRhC+06eAnX49gJoODN9x966ja/gNfqMwkmX7z2k+DfHb1mp00m1GYyU8/DZKu0FbC8a23b9+BmYB7MgXNZOg8ZekuXgXRZGAmAAAANE/5zQSAqY/Ag3aiZoIgLDATAAAAmgdmAkAxAg9amAkiJjATAAAAmgdmAkAxAg9amAkiJjATAAAAmgdmAkAxAg9amAkiJjATAAAAmgdmAkAxAg9amAkiJjATAAAAmgdmAkAxAg9amAkiJjATAAAAmgdmAkAxAg9amAkiJjATAAAAmgdmAkAxAg9amAkiJjATAAAAmgdmAkAxAg9amAkiJjATAAAAmqcMZnLz1t1vzuNvroNpAx2udNCqS8cLzAQRE5gJAAAAzVMGM7lzNzPwweW7wnp6AJSQu/Lhekfc4QozQcQEZgIAAEDzlMFMMrKcXL95F0GmRQRqSQZmgogKzAQAAIDmKY+ZAHDfAjNBxGSKm0nd3IqKihfVpaOAVqvzqQsBAKPkkQXm4g/QixUV6qIcc4Zc5Kt70a4uAxoh7jb/aT6daZe0BnlZl3nJI1S0wMxL5j9ScGDEXTUVymMiFVk4Z8aYVumoWUjVF5vdbNayqILDSlqXSHtV8ciMYD9fSQJmAkBJgZkgYnL/mYlPvoTN4PPsksbrvviQNLvImrum2V9kFRjxXDUAtAR90CKRSNDdUblw1vwVQ39y0oLMhPqdFXPr1KVgOvDc7OeaAtnpiocWWeQTYtyyqCksTXRVzrBHeF1pySMVM+rm5w8Md8385xrtSs2omFlweqcKhavE1at4athWaaNmeaM1cwoPvK7KSld2ckbFLOUSmAkAJQVmgojJ/Wom+YsZm+V1aXrhM6QmlqyayGYi9dlaa2iisitXDwANQR+03GScjn7lIiUTN5OgZfGTlV0wk2nKnIo5/Lxa8UxTTkO6FjZG0snWRQ+pj4EXbRHFoUVasVA6A/NjItm60FygMlRh5FWCpvn2lDyVsksbLT4m7S/yPVQdkzATAEpKgZkoP3sAjIlJMxNfHVMCxnyTfDHxmXlJXZ9UkDOTuFwmDXRIJbNmzchVy662QLodgMGar5DNxNf4HNV8ssAnJDN58aGK6l55zrmEOkm5dqQrpdRCpIl+Zi+ZspmwhRXSfubvWwBAMyj7guyDRp8L+UPRX/HQrFZHR92Suq5Uthdof3GGWf54pvvqZjxXEwmQtksfNCqINC58rsbuiURefKrCl8qbSd38CrtiwBFmMk0pMJMZS7qYJISbyBx8K+ZUzKhcsoAOhEcsnvx9VMpDSyavGbRKV9Aun7tHuUq/ZRFfFGGFc9h5/9EnF1a1sgXUWjAZ6Vrx3IvKYw5mAkCJgZkAMUyumbBrXNMzkiykU/bFFdJgBZV06enyNt8ckD1kbh3NzMhdZGRXyV4dpdXsafufpAuTJSmVSKvJ8kAl9j5Zfuar+kCSmUjXN+obpbqWzKio8UiV2Z5Ityw/JA3RyNe6hVJR4d1cyoYA0Ay8L0j9OXY3FzOT/K+oZejDYP/LLN7hW6z4RMySp+nzlivwVPylQzITm/SLg6zJ5ICZTDv64xGCzKTaJU1IJR7LYtlD7EH3rGUe+Uw5h1WunJ0/MIbXDOnkWpM7MEa3yhBmkqe3Wh5FiT/y0Kwue93iuY88Z/Yol8NMACgpMBMghsk1EzYpX9JepJI5dGWrlXpF0q/fZOuQPGSGNEDSmvvlFxtFYVekfJ2cWmRXkxfNmCldKWsKrk1pZibyqMhC6bboigqPXJmtLj1LKavRLKlJefcUZvKireDGAwA0A/sQSTzyJPuoMTOhwz/3K3IJ9mHgv4hW3i3DpvmHRYI+ib66GTOlzy+vxoCZTFOUYyZ5kpZFln7Psln8v5UOG36uHF4z0rQKb2yUqygOSJ+kvgV4ZlR2xS2L2Hh7Wv5FlXIxzASAkgIzAWKYQmaSsktPnxePmVTM8KyQvmuF3fFVbCbMHYrHTOYvc7Obvgq/oEU2E7autPhJNi1f7SJy9TyS1eTu5orLXwFT0BIAWqGoL5g1E1/tHNWYibTooezAiHLMJGcm2d+aZ8ndzaV60BlmMk0Z0kxenCmfYxXPmSgfOCk6tAqeM8k+RD/6VcJm1RPwnLht8RJnuuMvecNRjsOkYSYAlBiYCRDDFDITIm7nVlD4nEl6/kNSYVdqCDORVpMlg8HalFqgK2iyg66aFQ/J92VlyZpJ9Wyp8pPykEqFbCYRs/RllNla8lW2Yna18jmThQ8V3xsGgBYo6gvy50ziFQ/N6vIEzVVLLIHc08Zxe/buyq7KWc8XPmdiXUQlFoe7tdW8xJE3k3RfjfIrv2AmGsC8QDqFPjJrfkThrvNnPlLx0CNditHlokNLoRnpdNC2RGplLKu4V8hj2yuyTw8uXiCNcM+Ys7Ay9+XFrKTikRmtgYLfSsFMACgpMBMghqllJum0Rf4q+jnPVLJZbiaRRkkbqD80lJkQ8fmzHqFrUaUte3Gq4N/N1VVJ09LDuFmyZiLfycXEhJmJT2457zDyXs1QmonPJO0brwCAZijqC3IzSXeZF0ufhAVLOiL570GaUTFjsU1yk0VPST3RJxfVVed+P714gfznKR6dZQ8rzKRwOAVmAsoPzASAkgIzAWKYNDMBAAAAygXMBICSAjMBYoCZAAAA0DwwEwBKCswEiAFmAgAAQPPATAAoKTATIAaYCQAAAM0DMwGgpMBMgBhgJgAAADQPzASAkgIzAWKAmQAAANA8k2Um/vDmt3f+XV062fT61quLRo27b92XR0+oS8F9D8wEiAFmAgAAQPOUx0wOHj525LPj585dfmvHgWBsS6YEZtK/6q1Vr+y4fuMmmyXH+Ob4mcIq92Z8ZnLy1Pk7d+5GEq9fvPTjiZPn1IvB/Q3MBIgBZgIAAEDzlM1MuCew3n8pzMTdt+6Dv33OZstpJmvW76JNewMbYwPbunpfUy8G9zcwEyAGmAkAAADNU34zIYW4cfMWmQl15b88euL9fUfWbdxz+/adjHxD1OkzF15Z+y5N0Cyt0hfadPTYyXPnLru8Ugmxaes+WuXvB4+u27Qn13y22bPnLgeif71163ZGYSZUzirQLO0GTQy8tP1vB76kNnt861Mvv00TH370JW2UrbV2w+5vT5zdtv3Dd947mJE3R4UXLl6hHWYt00QwtuWjj4/mtixBsyRatLfKQgAyJTKThN/jcLj6838tG2gfmAkAAADNU2Yz+eafZ/jdXJu27GNLmUVQna+/Oc3rk7RQ4Z59R1gJ9fsvXvpx566D5B6sRKUBzECu37gZim/NjGgmYblCRm6TlINNs9ES5ZgJm6bNXb58lSa+P3uJtq6qw3n51Xfo55HPjl+SKwPAKYGZhF06vUlKdbt6EdAuMBMAAACap2xm0tX7GsvpMxcyhXdzMYtg7sFKmEVwl8jkzGTN+l28HdV9U9xAvMGNmRHNhJcotzicmSg3x3Z4SDMBYDgEm4nTbGZa0hGaQNcz6KhuDfK5QGuTTt+kWCyEoNUo65PeZGx2qReOC2qqvltdeP8AMwEAAKB5ymYmqqc+is3k8JFvisdMVGZCP33hzaxEBfeNnwdvxPrfoPZVZkINjslM2B1ltDk+rsKAmYAxIdhM6g3Z7r56wZgol5m0OV0dzk69weRMqBePA5gJzAQAAIC2mTpmcu78D6+/9TeavXXr9urXdl77abDYTP5x7FTPMGLAfSMjN+jLmUk0+QYrpMZHYyb8273YXWG0uR3vfsxKlDUBGCWCzaSa3celN8kdz4Eqg8nsVte5N+Uyk0B22qczdoYKlo4Hbia25RMTs+kJzAQAAIDmmTpmQhOfffGvrt7X4gPbvpL/MEixmdDEnTt3Q7EtVG3jlr3ZtmSUZnLlx594mx9+9CVVXv3au//69vt7mkk48frWbfs9gQ2+0CbaUEbe3Id//4pa6Att+uHKNV4TgFEi1ExiLl+HJfuQiZwqi09dZzQMZyapoM7Q0CEPdOj0ZrZUV91maWyiwtqlJne31WC00nRu0CZF61Y1drqpvkHlNgoziXTqmzzylN/Y3Bnze2h1tgPkGG3eUCwara0y+eQn+qV7wAxN7h4PSVeg8BH/rJkMJFboTbRKTK6v3AGrvIJOb6k2O+glmI0mh8fRaHM5Wix6vamflqU8umVWapyW1tojBa1PecZqJkkAAABgupGQictEIhG/3+92u+12e0tLi7qHBQAYOyLNpL7KVOsIdjc1cDOJjO/ruYIOpd7IkbwiYmtu7su2SM7glidpqdEmd+I9Np3R5pULHStMXmkFp9GQHb4wV8pd/zw5MxlIkNKwBjhttSadsZMmDLnb0vo7LNawNEF7YmFG4m5b0Znkq8iLsmMm9Yqb2ZQ7oKuXHmjJWVM6nejSGVrkqVRvc4MjKb3w6Xs/2NjNBEEQBEGmWRKJfko8nqREIjG/P+h299rtjpYWq7qHBQAYO8LMhLSEi8RE79QZZsyksVJxl1TQYbRH01JH3+rMFrn5WrQKFbqbso/js+SqMbLPmXR7lbdxDdQvb8rWNzpoXq8wE5u0NWk4JZ/CO9WGNJOC+nqrXMJHb4L5FrqtVnnfzUaTrrq50TGusaZJBWaCIAiCaD4wEwBKiggzibm4lujNrtj4xkmUDGMmtuX8yRCpK9/YI/07gpnE7M3DP6CifM4kCx8hcdRlzSSd8LLXZbT0ykuiVK5aizOMmah3YGQzyTLg11W2KeanATATBEEQRPOBmQBQUgSYiXK0RICWpIc1k4i9ubGn+G6uYc2E3c01zNduDWEmupxR0FrMTAJtTb7CASCd3lzfPXST3Eyaqwvu5lLVHpWZyK+rYH7KAzNBEARBNB+YCQAlZaJmIj0RXm3rTSV0436qpJhhzITotVklBTKYHf5sh38kM5FI1ddI93QZalQd/SHMZMDvlIZ9llkSHRZmJomuFi5dVo+8xVQsuw9VDe7Cp1O4mbCRFn0zG2bJ74DVzW4/G95Mkj5Dpby5qiZhb2a5gJkgCIIgmg/MBICSMlEzSceyf/F92vWk703KnX22XqZqgn+kRevATBAEQRDNB2YCQEmZsJmk043Lm0X9GfWpRbiztiP/7Vt6fYNiGVADM0EQBEE0H5gJACVFgJlomI7mZjYiZKixTPQLx7QOzARBEATRfGAmAJQUmAkQA8wEQRAE0Xw0aSY3b9/9cfAOgowvdPyoD6kJADMBYoCZIAiCIJpPeczk/A+Dgzdu3xXZ3xsW6lbu/dfPZdkU0CB05NDxI1BOYCZADDATBEEQRPMpj5mQlqiLSsaPg3eEdSrBfcld+ShSl44XmAkQA8wEQRAE0XzKYyblGS1hCOxTgvsWgUcRzASIAWaCIAiCaD7lMZNyIrBPCe5bBB5FMBMgBpgJgiAIovnATAAoRuBRBDMBYoCZIAiCIJoPzASAYgQeRTATIAaYCYIgCKL5wEwAKEbgUQQzAWKAmSAIgiCaD8wEgGIEHkUwEyAGmAmCIAii+cBMhNPUGlIXgemGwKMIZgLEADNBEARBNB+YiXBgJhpA4FEEMwFigJkgCIIgmg/MRDgwEw0g8CiCmQAxwEwQBEEQzWcqmMm2bdvitPlk8vr167zw8uXLqVQqEokoC1966SW6QPPZIRHYpxwfMBMNIPAogpkAMcBMEARBEM1n0s1ky5YtZ8+eZdOxWIxNnDlzZvPmzflKmcyNGzdo6e7du9NjN5PVr7210hY+9MnRjNTOTZsz8d33F459fcJij7AK16/faGmP8gqxgU1v7viAV7h67ece32paJZH6K1Xjzb69cz9VuPzDVZp2dPd/dPALFpiJBig+isYNzASIAWaCIAiCaD6TbiapVIpPk438/PPPNPHWW29xXWHcvn37s88+e+ONN9JjNJMffrja2ZNq60ww8SB+/jk7COMJvHr3rlQhnNiw94PDvAKTDV6BuHNH+oekJZLcePPmLbaUmt3yxh5WudOdYoUZjJloApgJmHLATBAEQRDNZ9LNpL+/n0/v2bPnW5lEInHw4MFIJLJhwwZF3czWrVvTYzQTRmtHnIsHJxBdy6f/+a8zI1cgrl79qS+0hrnKlm17yHBoFWYmXZ5VvBrMRAMMeRSND5gJEAPMBEEQBNF8Jt1Mjhw58uqrrx46dGj37t2rV68mLfnss8/ISdjgydmzZ19//XVeWaCZnL9w+dV12/lssZkoK9BS8o2Bl1+/cOEHmr1y5dpbOz6gCW4mbOLzL4+vtEVgJhpgyKNofMBMgBhgJgiCIIjmM+lmQpCQRKPRNWvWvPvuu5cvX2Zmwpe+8sor165dY9OizOSHH64Gouv4bV2ZocxEWeHWrduXLl156dVtFnvk7t3M+s072SJuJpwt2/bATDTAkEfR+ICZADHATBAEQRDNZyqYCSeRSNDP8+fP84dPbt68uXbt2sHBQTYrxEyuXvs5FF9PP5UVVGZSXIFBddj4iTJKOfn8y+MwEw0w5FE0PmAmQAwwEwRBEETzmXQzuXjx4ieffHLo0CHSkhMnTrDCCxcu0CyVx+PxS5cu8coTN5Off77e4Rrg36N16fKPrAI3E6ogPRD/f4d4hX99e2bX+38n/Xhl7faVNmnMhMPGTAYHb2zeuovdzdXSHoWZaIAhj6LxATMBYoCZIAiCIJrPpJvJqVOnIpFINBrdu3evsvytt96i8u3b84+CZESYiWrEg4+TcDOhCaqsrHD12s8d7hRN+yNrP/n0H8pmmZncvn2ny7OKKlgdsVOnz8FMNMCQR9H4gJkAMcBMEARBEM1n0s1EOAL7lOMDZqIBBB5FMBMgBpgJgiAIovnATIQDM9EAAo8imAkQA8wEQRAE0XxgJsKBmWgAgUcRzASIAWaCIAiCaD4wEwCKEXgUwUyAGGAmCIIgiOYDMwGgGIFHEcwEiAFmgiAIgmg+MBMAihF4FMFMgBhgJgiCIIjmAzMBoBiBRxHMBIgBZoIgCIJoPjATAIoReBSN30y6G006/WijXhloDpgJgiAIovnATAAoRuBRNH4zcZol5dA3efJFqWSH09XtjSrqmMdjJkGHwdxJTXXY2mndhHqxeFYYTFVWv7p0epLoblMXlQWYCYIgCKL5lMdMBm/cVheVDOpT3lWXATAG7k4hM6lqiqTyJY3LsiMkvVwmUhFnY/M4zKS6NcgmyW0svsKl4tCZ3eoiDZDwGJoVulguYCYIgiCI5lMeMzn/w6C6qGT8dP3u2WvlEyGgPej4oaNIXTpeJmQm9d2K+T6brrKFrMJqJDlpVixIT8RM0gFHdVuI/qVm07FeaorJRMLTqTdIahTLqZHOYO1ttRgMJv0yC82uWGbWGcxV9Y7s4oTXUClZU7bE12mszt9pVq835baYMhqlcR790uYBeT7Q2qQzdraZJb9a0epljcV6O6V1K80dIVZrijEZcgIzQRAEQTSf8pgJceHK4HcXfzpzoRw5cfnWruM/Icj4QseP+vCdAMLMJNTWRJ31UNZMClRkImYSsTU39kgT1Gx9lanN6YrJ5Xq9NO1oseiMjoAsJzq9pdrscDhdZqPJ4XE02qSlVK1frk/rUkmH01W71GSlFQYSsWiXrr4rFpXuPeNmQh5SZXJQtbbGJr08oiKZCRmOWSrkL4Sa7XB6OmzttggrmHI0LjOVWU5gJgiCIIjmUzYzKSc3b9/9cfAOgowvdPyoD6kJIMxM0m6rrtLSn04G3A6dvkGxYDxmwkYzKNWNLlZGZpK/q6unrb47O1YiidByZ7pgK0FdXReb6u+wWCXj8Chv3MoN6bh5ITcTnb6JV6s3SA1KZpIrpGlpS7KZBPoV97FNRVKxjhZboHxDOjATBEEQRPPRpJkAMHWYkJkYlrcrS6oNWZ2QBiWyDIRckmYoq90b5d1cOaS7uXLE7M2yb0hIj7tUtqULpCKY95Buq1Qz6lQ2qNOb5X+HNBMrr0ZbjGXNJFvIzUSa7pFu6HKX4fH88ZDSV1msnrLuHMwEQRAE0XxgJgCUlAmZiTSm0aZQiJi32thcb8mOV6Sz3Xr1zV335l5mMsyYyfBmMtExkyHMhBjwOwq+mmzKEOuylllL0jATBEEQ5D4IzASAkjJRMxll1CuPzD3NJJ02GExtTo+jtUXxnMkIZpI2L5WeM3F7fSuW8SGdpM7QEApL94jlnzNpa64yObw9rrbm5vxzJkVmUl3X7otG2xqbzO4kWzR1iHW1lF9L0jATBEEQ5D4IzASAkjJ+MwFACcwEQRAE0XxgJgCUFJgJEAPMBEEQBNF8YCYAlBSYCRADzARBEATRfGAmAJQUmAkQA8wEQRAE0XxgJgCUFJgJEAPMBEEQBNF8YCYAlBSYCRADzARBEATRfGAmAJQUmAkQA8wEQRAE0XxgJgCUFJgJEAPMBEEQBNF8YCYAlBSYCRADzARBEATRfGAmAJQUmAkQA8wEQRAE0XxgJgCUFJgJEAPMBEEQBNF8YCYAlBSYCRADzARBEATRfMpjJnfu3A3FtnT1vuYNbPznt9+rF5eSXt962m6vf8Mra99lJf2r3iqsMlFc3nV8+pvjZw4ePqZYOCouXvrx7Z1/V5eOjitXru3cdVBdCqYMMBMgBpgJgiAIovmUx0x2vPvxuk17Pvr46PZ3PvrqHyfViwXx/dlL8YFtqkIykwsXr7y3+5A/vPnYN6czJTATMp/LP1xl02U2k6+Onvh58AZtkVo4eqxUbyyYCDATIAaYCYIgCKL5lMdMyAqUs8qOOE3QrFQn8tf39x2hXv627R9ev3FTWeIJbGAlBOkNlXADIRP4+vgZb3Dj//3t827PWlpEoc46W5qRzYRPh+NbM7KZ0OpUWakx6dU7aMVdew6zWdr0/gNfUMn6ze//ePVnVsiGfdZu3M3XYmzcspdvhZsJf138xa5Zv4scibb7znsHb926vfq1nS7vukuXJaWhOm/tOECvgl4pvXzWFO0Mba7Ht35Qfjn0HlLLofhWXoEgI9qz7wi9EGpB+arB1AFmAsQAM0EQBEE0n/KYCXWdef8+M5yZhDevemXHuXOXqb9OPqAsob44K6E+vbtv3ekzF15Z+y4pSkY2gS1vfPDe7kPU6X/9rb/5QptYa5xiM6G+/t7/+5TqR5Kvnzv/A5Uc/+d3ZCa0IapMzpCRN037THWoZN3GPVSye+8ntBtUh9a69tMgbzMjK0cy/SYrHNlMKNQC7cDOXQd3vX/4w4++pBdy+/YdquMNbDx67CSZGG2RSjK50Z6/Hzy6bpO0A7RLW7ftJ4E5eeq8cuvB2Bb2usDUBGYCxAAzQRAEQTSf8pgJsXbjblKOl199JzO8mbAS6nl7gxuVJQQroT791/IdWWw6I5uAsinV4EwmZyYkMyQ57G4u3o9nu0E/+VqS3ry5P6PYNGkGa8ET2MBKrl79mbkKh3yDVSDDGdlMrly5xhb5cu1T47QK1dm0ZR8r+f7spT37jpC6XJaHU4i+0KaMvEuvbVAP1wwO3qDWqOYXX32rWgSmCDATIAaYCYIgCKL5lM1MGGfPXV69ZufIZsJVQakZvIQPiTBhUD7XMZyZ0CpXr+VHbPhzJmw3qAU+rvLz4A2mGcVmwkZjWJStZXJmQjXdfevIK0YwE3bDlXI/uZnwN4RNU+Uz313kW8zIu8TrgGkEzASIAWaCIAiCaD5lNpOMLAbKjvjrb+5XmckIYya9/g3FYyb3NBNVicpMLl++Goj+lZWMMGZCm2YlxTAzuX37zvrN73959ITKTMhVRmMmfByGXv6efUeoDu0MK2HATKYpMBMgBpgJgiAIovmUx0xIBj76+Cglknyd3VJFPfL39x05euxkMLqFm0l8YJvqORNWwp8zoRbYcyZrN+zmz5lwM/n8y29pKXXo2XMajHuaCU3QJmL9b6ieM2F1uJn8398+X/XKjsNHvtn/4RdHPjuebUuGmQnD5V3L9ufEyXPs2RXSntGYCb0PZDW79hzuzT1nQk3RK6K3a/WanRmYybQFZgLEADNBEARBNJ/ymMloKB7uKC4BYNoBMwFigJkgCIIgmg/MBICSAjMBYoCZIAiCIJoPzASAkgIzAWKAmSAIgiCaz9QxEwA0CcwEiAFmgiAIgmg+MBMASgrMBIgBZoIgCIJoPjATAEoKzASIAWaCIAiCaD4wEwBKCswEiAFmgiAIgmg+MBMASgrMBIgBZoIgCIJoPjATAEoKzASIAWaCIAiCaD4wEwBKCswEiAFmgiAIgmg+ZTOTC1cGv7v405kL5cj1G7eLCxFklKHjR334TgCYCRADzARBEATRfMpjJud/GFQXlZJBoT1LcL8h9vgpiZksr2vx+UPqUqBpYCYIgiCI5lMeMxHb1QNgGlESM9HpTfWmNnUp0DQwEwRBEETzKY+ZAHDfIthMVtS3Vhub1aXgPgBmgiAIgmg+MBMASopIM/H2BXV6E8XucKmXjYFsIzz13eoaYAoCM0EQBEE0H5gJACVFmJk4uzxMJAxLG7hUqCuNhUBrk1NdBqYuMBMEQRBE84GZAFBShJkJU5HaFS3+QHhZTTPM5H4DZoIgCIJoPjATAErKRM1kYGAglUqlc2aivI+LymlpvuoYUZmJXm9yuDyWOnN9d4KVVFU3u/3RxhrabpM0321tbmmuNjs6nJ06Q0t1dXOH0+VosejqpV1qrDK1OV3uHk9znVwZiAZmgiAIgmg+MBMASsqEzET5NEgoHO31+KXHQuRv5VIuGt9jJwVm0tPW2JOdJA+xhvkCwl3PBme6rWZ3tshiNPXnFjNvITPpCCZzZUA8MBMEQRBE84GZAFBSxm8m4UiMrMNYu7LaKN27VVUtCQAzk/7+AZqgclpKE4aqBvXKo0BpJjF79vYwOU3WoFTYYWnRGxQPtHRbWTlhNeZvJMuOqIRdUs3q5sj4R3HASMBMEARBEM0HZgJASRm/mdSuaFlSaWbTPn+I6QEzk6bm9qwtpNP0AebTY0I1ZlLfLd0zxvFaGtoi8lSyq3Y0ZpLDYjTlRlaASGAmCIIgiOYDMwGgpIzfTBqa7Fw57A5pRCKdM5MWaydf5PEGBJhJOm0wmBptrg5nZ9XyzkA63d9t1a9oD3l7dVUNVZX3NhNjjcXtj8b8nipD/kYvIBCYCYIgCKL5TLqZnDx5MplM7t69e+vWrevWrePliUTinXfe+eSTT27evMlKqGMXi8XoAs3rjJI1a9ZEIhFq8KuvvlIvKw2Dg4Nr166ljdIOHzlyhBVSSWGt8UPt9/f3nzlzhs1+9tln3377bWGVezOOdxKMg/GbSbfLq5OfIbG2OvktVazE3eOjCSpnxiLETAZCLuneLYO5sSMoq8VAdaU02xtLOOrubSY2c/Z+sBUtvXwREAjMBEEQBNF8Jt1MtmzZcvbsWTZN/Xg2QX3uzZs35ytlMjdu3KClJDDpMfanSQw2btxIhvO3v/3t0KFD6sWCIK1SzjIzuXz58sGDB6PRKCsUayakPfS62CzMZCozfjNJ54ZNhnSPZouDL4on8Oi59oGZIAiCIJrPpJtJIpHg0++///758+d//PHHl19+WVElDwlAeoz96WIf4CXUm6c+PfkDtXngwAHq6+/atYstohKaphIqv3PnDpV8//33pEZUsn//fpqltWjdY8eOUcnq1asjMrT/bHVmJmyaqh09ejQjb3fNmjUkKidOnGCLyJpoLSr55ptvMvL+HD9+fO/evco9+eGHH+Lx+KpVq9gsg9r/4IMPXn/9dXq7MgozUb45bJp+fvTRRwMDA7RpmmXfQHv48GG2iF4LlSSTSRI/Krl9+zaV0NZ37tyZkf87aJ+3b99OdXizYKxMyEwA4MBMEARBEM1n0s2EesxXr15l0y+99BKzBeocU1/89OnT9JP34zPjMpNTp05Rz/7ixYu8ZEgzYftAfXHWxSdfom46Tbzxxhu0lKZfffVVthZ1648fP05rUZ1//vOfGdkThhwzYdPvvvsu8wc+IkQr0napkBaxEnKMn3/+mTa9fv16JglUQo2899573EnojaI6bJoWMQtibY5gJvyF0JvJbpa7cuUKvc+sAn/nSU7YTyYtX375Jb1G2gT9R7DVwbiBmQAxwEwQBEEQzWfSzeTIkSPU6T906NDu3btXr17NzYT1ws+ePUt9dF55HGZCvPPOO9QgGzTIDGMmrOS777778MMPM4qRnKNHj5LYUJ09e/awEpomo6CffMdGMBPq+nMh4QNBtDnq9NOm//Wvf7ESmv76669pf9jWM7Ij0SbIJUiNWAlpw8mTJ9k0N5ONGzdeunRpZDNhs/wl8H1TVmajImRB5C00Qda0b98+2oRyRAuMD5gJEAPMBEEQBNF8Jt1MlGzYsOHmzZskA7w3n5E70NSrZtPjMxMGqc4rr7ySGdFMaJr1+HmPnOrQNKvJSpiH8Jq8hE3zEvacCevoM/h207KZMPdgJax95VbYUqrJLIg1xYcvuJlk5GETZjWZe5kJW2VIM2HTJG+kgmxzbBPjfrcBB2YCxAAzQRAEQTSfKWUmrBt9/vz5VCrFSkhUqBtNvWQ2OxEzyeT639wQqEM/yjETsoLiMZN7momyJFNkJl988UXxmInKTGgVVcsMpZmsX7/+q6++mqCZ9Pf300962y9dusQLYSZCgJkAMcBMEARBEM1n0s3k4sWLn3zyyaFDh6gPzR8puXDhAs1SOVmBsq88DjOhjju1c/DgQZpgX+Abi8XOyqxatYqbyZo1a2ijtIiNS9DWN27cSHWi0ei+ffsy8jMwJA9sx6iO0kwy8q1Wl2TY7GjMhCbo1dEmTp8+zcaIis3k6tWrtGO0A+Qeb7zxBjc0pZkQkUiEmcn27dsPHDhw/Phx2nn2Ro1sJtQ4vaj9+/e/+eabVPLee+/Rnhw7dowaOXnyJMxECDATIAaYCYIgCKL5TLqZTDrKMRMOnq8AooCZADHATBAEQRDNB2YCMwElBWYCxAAzQRAEQTQfmAnMBJQUmAkQA8wEQRAE0XxgJgCUFJgJEAPMBEEQBNF8YCYAlBSYCRADzARBEATRfGAmAJQUmAkQA8wEQRAE0XxgJgCUFJgJEAPMBEEQBNF8YCYAlBSYCRADzARBEATRfGAmAJQUmAkQA8wEQRAE0XzKYyZ376pLALhPgJkAMcBMEARBEM2nPGZy/odBdVEpGbxxW10EwKgRe/zATIAYYCYIgiCI5lMeMyEuXBn87uJPZy6UI9dv3C4uRJBR5jrMBExBYCYIgiCI5lM2MwHg/gRmAsQAM0EQBEE0H5gJACUFZgLEADNBEARBNB+YCQAlBWYCxAAzQRAEQTQfmAkAJQVmAsQAM0EQBEE0H5gJACUFZgLEADNBEARBNB+YCQAlBWYCxAAzQRAEQTQfmAkAJQVmAsQAM0EQBEE0H5gJACUFZgLEADNBEARBNB+YCQAlBWYCxAAzQRAEQTQfmAkAJQVmAsQAM0EQBEE0n/+/vXPpbuJaFLT/Qe7ortWrf0FPenIHPe7Vgx7d2b130uvOjpaEY5QAlpB1bWGDjGwL2/Hb8kviFd5vSAghvBMOIRBISIBD4nMgITwCGBuMsTGod1VJ5fKWMbaqSkjb37e+5VTtKpWUQ2llf6eqDGUC4CqUCTgDZYKIiMpLmQC4irNl0u/1Brwro/IwLAEoE0REVF7KBMBVHCuTRPM6jy+sL7V6vIFEUt4B1IYyQURE5aVMAFzFoTJJJkSNNPdn1pprwp6P1s3aAVSHMkFEROWlTABcxX6ZJMt9AU95tTw81G7nykloRZVXHNYXDK6Jy9ugKKFMEBFReSkTAFexWyax0GrfqvVtQ/K4oK2u2rM8EutefJ10RD0fhoNrGurr1nmX18lbYV76G2vloYJAmSAiovJSJnnTn/xsy7bj8ijAbOyWSaJ/yOONxORhjVgw0DHUnxhcdJlE/IEOeSzl8fNg/UIJLQ/IQ+5DmSAiovIWrExaO/dsaNt18dLNY19d+uHasLz5LfQNHZGH3kLunr8O/9HQvN1c3bbr5IuJScv2/Hk5OfV8fEIc8Ivj342OjYtVeQ+ALHbLRDBfmchjC2IwHvEsj9R3DmTWkwOJ3laPvy7R25vSrglEvN5AbawpWlNt5orHW+P5MFwfWx9rE/t3enxV8Q0t2m1mS7VnRJz4wi3yqJtQJoiIqLyFKZMjRy9cv3lHGnwy8iz+yc6Wjt0T2WDYuef0QOqzxpYdRmbs2ndGpIVwcOPnYnXj1mNiWbzE2P/Vq+m2rr1ipHfgsLSngSiT76/+sn33KWPVLBMxIvZsat0pPoBYbe/Zf+WHXzt7D3T1HRSr4qfY+uWJy8ardu49Ld5RbM0cNMvjJ2PN7bvFa8WCtAnAipNlUh9ryhjvTNkok8yzK95AKNqWHek0GyO4LOBZ1WAsi0QxFsTOsezz9z1rw9Ud+oWaeK25w5Kjv6XAV04oE0REVN7ClIkIBunCwqPHo6IBrv44fO78tcFNR5+PT4hBMdc/eeaKaJiegUMP/3w6OjYu2kNM/cVCWo8E8aoz534QnZPWu2XvgXOXr/4iVqU9DUSZCEVXGKtmmXy684TY87vLN7fu+EqstnfvE8e5ees3MX726x/FR3r4cETUkdg08vSZ+CTi84i3uHjppnlkgfjAonCGNh0VgWQdB5BwskzEQmZErwgbZZJhsLMh85uILWXi8VZFtPDREG9hPCAvBjNDqVRomVY1pub4kiLREPHm/loCN6FMEBFReQtTJmL2L42IVhElYC4bD2x061ct0voViS+Of5ee64VpfX/xs232ptw9jTK589tD0TDpue7mMl5ilIlYEFvNj2TsLJLJ3Lmlfbe5LDh5+sr09GuRWxcuXreOA0gUdZkIPs6kxUyZeL2BysbMsysRfyChL1jLpG6FA+9b0ogsibRkLyEVCsoEERGVtzBl0jt4eHLqlXVE9IDRHmk9A4zYMO/Fyi2Ti5du7th9yrgkIu1s8LYyEQtDm46OPH126LPzIjZu/Xo3teWYWH39+o1ZJsZ7ia3ikxivNcpEbBKfxHBEv/ULYLEUe5l4vEH9nwNmmYTKA54VmQdbLHdzzZRJz9pwZWOh5+XFRLLAV0sMKBNERFTewpTJ3gPnjEgwGdx0NPeayTxlInLCvB9sUddMxMLw3+8d+vyv4oAiNsQnMRvjnWUixQ9AHhRjmcTCYeNGLK8/bBZGLFQlRrr05aGuJu1vOymv6sn+3i9rmQia6yLaEcpXVwSX3hPw/e3ySEGgTBARUXkLUyYC7WH39t0XL908+/WPv/3+8Pn4hIiT7y7f/Ou3183nTHLLRLzq0ePRe/efHDl64cSp76/+ONw7cNjYbefe04c+O//32/dFdVj3NN/RLBPBQOqzhubtIjbE2x04/M3NW7+J1HlnmYyOjYvPfPzk5R+uDe/cczpzXIDF4ECZzDz4nuOgvC8oC2WCiIjKW7AyAViaOFAmACnKBBERl4CUCYCrUCbgDJQJIiIqL2UC4CqUCTgDZYKIiMpLmQC4CmUCzkCZICKi8lImAK5CmYAzUCaIiKi8lAmAq1Am4AyUCSIiKi9lAuAqlAk4A2WCiIjKS5kAuAplAs5AmSAiovJSJgCuQpmAM1AmiIiovJQJgKtQJuAMlAkiIiovZQLgKpQJOANlgoiIyluYMrn/+IU8BFCsOHu6UibgDJQJIiIqb2HKZGJyWh4CKFacPV0pE3AGygQREZW3MGUCsGShTMAZKBNERFReygTAVSgTcAbKBBERlZcyAXAVygScgTJBRETlpUwAXIUyAWegTBARUXkpEwBXoUzAGSgTRERUXsoEwFUoE3AGygQREZWXMgFwFcoEnIEyQURE5aVMAFyFMgFnoEwQEVF5KRMAV6FMwBkoE0REVF7KBMBVKBNwBsoEERGV972UyeTk5ObNm3t7e/v6+q5cuSJvdpodO3b88ccf5mp/f79lI4C7UCbgDJQJIiIqb+HLZGJiYmBgQB59F8+fPz9z5ow8Ohf79u2TRkSZJBKJS5cuGauUCRQSygScgTJBRETlLXyZfP/992YkmDx9+rRPfIKBgZcvX4rVkZGRn376KZlMikHRJGJkaGioR+fatWsPHz4UdSFiQ7zKePn58+fFpq1bt/7888/GbtaMEWVy6NChjRs3GqtmmYhBsef+/fuN44j/9F+8eFGMbNu2La2/o/gAmUOk05s2bRLvePjwYXMEYCFQJuAMlAkiIipv4ctEdMLU1JR15MSJEyIDjGXjcoooE1ECxoj4L/KITu41E2PT8PCwNXXE8S27zIyIfX744Yd0zjUTcVhxHGN8enpaLNy9e3fnzp1iYXR09PTp02LBTBSxSZSV+VqAd0KZgDNQJoiIqLzFUCbiv7lmdRw8eHBiYsLaISIYbt++bR0Ry+IlPT09Kb1MjJcYm9JvLxPB4OBg2lImx44d6+3tNY5jHTffSxxWHFwsGNdhDIwRgAVCmYAzUCaIiKi8hS+Tffv2jY2NWUdSiyyTgYGB4eHh169fpxZZJufOnbtx44ZxfeYf//jH7t27R0dHr127lnpXmSSTSeO6jWB8fNzYDWAhUCbgDJQJIiIqb+HLRMSA+ciHgcgA824uIw/mLBPjxirB1q1b0/ov+Eot5m4uA3E049YskRzGEyy7du1KLaBMjBu9ABaLY2XySVtnTWS9xxtYsaom1tAsbwbVoUwQEVF5C18maX3qbzzR3tfXd+fOHTHy4sUL6Ql4qUzEwrZt2xKJxI0bN86dOydee/bs2S1btog9xaZvvvlGjIgC+fPPP58+fdrb23v+/Hnz7axl8uzZM6NARGkM6AwPD4vjpOctk7T+7uItxD7iLTLHAlgAjpWJaBKrkTUxeQ9QGsoEERGV972UCcDSwYEyMVIkvqHNOljhD4tB6wioDWWCiIjKS5kAuIrdMhFB8vHKGnlUR4xLubJwQiuqvL6AxxcMronL26AooUwQEVF5KRMAV7FbJhUfhds7uuVRHTEutg4ODskb3klH1PNhOLimob5unXd5nbwV5qW/sVYeKgiUCSIiKi9lAuAqdsvE4w1saG43bugyBysDteZ43dpGy+4LIuIPdMhjLlK3QrW7zkLL38O/EWWCiIjKS5kAuIoDZVIVXjdnmRjjqwJrLLsviOiqQDwpjcU9wcxtXZXeQMWaTn0h2BaNaG/tCzb369saI55ltdGg9ohLZV2r+eJafaS8MtqcMI4bD21IDbVrv0ks0ab9lD5/ydPf4gu3yIMuQ5kgIqLyUiYArmK3TGrrGo0OyS2T3PEFkyz3aS8MRc3HVOYsk5mA8Rrv0qiFSuYFVcFa7W8pFRUSjBrdkmwJlQeMMY83WNlojGrHMRaUor+lwFdOKBNERFReygTAVeyWiaC7O/HRimprgfxXTb1YFeP5lkmGwc4Gjy+sL85dJuaesaB+A5hWJlXZsbixm9/6ARojoQ0zmwyULJNEQ8RbXi2PugllgoiIykuZALiKA2UiGBwcWhttso4Yv5XLZpkIfJmXv6tMAjllkmxawmWSFFkSaclcFCoMlAkiIiovZQLgKs6UyduwXyYeb1D/Z6fn4/X6QtJjKZPYQGY3691cg/pILJC9m6sqWKcvWO/mspZJuMLWJyw+tCyRx9yHMkFEROWlTABcxckyWbGqxpoi3T3a3Vx5PAEfC2sPrAu9/rD5f/s3r9FuGCuvjEb8M2XSXJfzBLy3ynje3foEfL1+wPLKdY3dmSfgrWWS6m+1X1BFRH+7PFIQKBNERFTewpTJ/ccv5CGAYsXZ09XJMjEfebfa2DRTCM4yx11Ys54zgYJCmSAiovIWpkxeTk7/8WgcsSQUp6t8BtvAyTIpMJRJUUGZICKi8hamTACWLJQJOANlgoiIykuZALhKCZcJFBWUCSIiKi9lAuAqlAk4A2WCiIjKS5kAuAplAs5AmSAiovJSJgCuQpmAM1AmiIiovJQJgKtQJuAMlAkiIiovZQLgKpQJOANlgoiIykuZALgKZQLOQJkgIqLyUiYArkKZgDNQJoiIqLyUCYCrUCbgDJQJIiIqL2UC4CqUCTgDZYKIiMpLmQC4CmUCzkCZICKi8lImAK5CmYAzUCaIiKi8lAmAq1Am4AyUCSIiKi9lAuAqlAk4A2WCiIjKS5kAuAplAs5AmSAiovIWpkwuX7nV0LzdcHDj5/Lmefn97p9tXXvFwhfHv3v8ZEza+uNPf//77fvSIEDxQJmAM1AmiIiovAUrk1+H/5BHF4lUJtt2nYx/slN0TmLoiAgey44ARQRlAs5AmSAiovK+rzLZuef0o8ejjS07vjxx+cnIsy3bjze17hQLYtMvw39s3HpMxMa+g+fEqnhhc9uudE6ZTE69evjn0y3bvzp45PyI/kKAIoQyAWegTBARUXnfV5lsaNt1/eYdsbBn/9lL3//NGGzr3mfdZ/vuUy8mJt9WJoKO3v3i5cnNX4jIsY4DFA+UCTgDZYKIiMpbsDIRXXHx0k2hURGDGz8X1ZGe3RtGgfx+90/RJMZDKfOXCUDxQ5mAM1AmiIiovAUrE+mayTxlEv9k547dp0bHxsUmygRKHcoEnIEyQURE5S22MhGDW7Ydn55+LVa7+g5SJlDqUCbgDJQJIiIqb8HKxLyb66frt9NvLxPxs6l154lT31/9cbi1Yw9lAqUOZQLOQJkgIqLyFqZMAJYslAk4A2WCiIjKS5kAuAplAs5AmSAiovJSJgCuQpmAM1AmiIiovJQJgKtQJuAMlAkiIiovZQLgKpQJOANlgoiIykuZALiKm2XS3TokD4GyUCaIiKi8lAmAq7hVJtFA0PNRuGJNp7zBfTzeiDwE7kOZICKi8lImAK7iSpk01lR7fMGhVDzPMumMerwBf12PdazcG6hstA68lUWVSag8kJDHIB8oE0REVF7KBMBV7JaJzxcQFTHLZatbe4zbuPIvk5WBGo939cxIssUfqnWsTOK1HfKQQvS3+MIt8qD7UCaIiKi8lAmAq9gsk5bZWRLuSgxYtsZ9wfXN3UnLyMLojFbWN630BcyBwfU1tfGoU2USrwqqXCapVGj5zP90BYMyQURE5S1MmbycnP7j0ThiSShOV/kMtoHNMonPLhMpCfSt5XWzBxdApx4hG2qDcb1qetb7vYFUY8QoE1EpXn+ktbtr5YeBmN5BHWuqIsFguK4p3qutGh+jsjzQZly56Y97PqyOb2j2+QLeYDyVHAj7A829vYlebe+I35jEd4oFr6+qPtYUXB6obtPHki0ef63YrS0W8QYb9KGSQcRJga+cUCaIiKi8hSmTCUenegCu4uzparNM3Lqby4gQj69G/KxeHvCGWswyyd1NlEmmJXREmYgsifVnVkPLshcQOqMVXm1ZRIh5zcRaJl3Z/TwiYPTDxrK7ebxV2cVSIZmor6nrKNxvR6NMEBFReQtTJgBLFrtlktIn90aTdA0NtcaiwRWrxXJzImm/TLRLJdqz76u18DDLJNFaG6726kVklomZECmtIrQPYK76Z4dT6u1lkh3LlElibTiS/fieZbXZraVBoiHiLa+WR92EMkFEROWlTABcxYEyqcxM+mddVbD1W4OzZTJYX13b3ZL5JV2ZMhkQkWDc5JX6pO4tZRJJpXo85Zlby2aumWRZYJkIPl6m/6uVhwt36cEJRJZEWrLXjAoFZYKIiMpLmQC4igNlEq8KmpcjZpH337SYLZNUKikOO2gsZq+ZiJHyUEPbhgbP8tVvL5NUf2Mk00X9cY8vWB9rqq2u8S8Pi4G2mtUf18TbetsH31Emzb6q1uxgyZBoqCl8lqQoE0REXAJSJgCu4kCZpDbUevUyiWl3cDnBTJmkvGbwZMuksTqsPdziC3YNtc1TJnrVrA5/on2k+nBYfDzvh1X+sP4ge7LHuBms6x1lonWRofej2uzWoqe/XR4pCJQJIiIqL2UC4CpOlIlgqCscjjoVJkVChTc4s9JQYz5zAnNCmSAiovJSJgCu4lCZqEiwPFC7oT3R29vV2jzHvWowG8oEERGVlzIBcBXK5O0kWn3GE/DLgrXNCXkrzIYyQURE5aVMAFyFMgFnoEwQEVF5KRMAV6FMwBkoE0REVF7KBMBVKBNwBsoEERGVt7TK5Msvv9yzZ49Y6O/vl7cBFCWUCTgDZYKIiMpb+DK5ffu2CIyrOj///LO8eWFQJlAqUCbgDJQJIiIq73spk2vXrsmji4QygVKBMgFnoEwQEVF5i6FMdu7cefDgwUePHone2LVrl1i4cuXKgQMHxKYjR4480DFSROy2Y8eONGUCpQNlAs5AmSAiovK+lzLpyXLmzBkxsnnz5rGxMbEgVp88eWLsJrWHESSUCZQclAk4A2WCiIjK+17KxHzO5N69e2m9OiYmJtJ6mYyMjBi7Ge3x008/iQUjY9KUCZQglAk4A2WCiIjK+17KRLqb621lIrrl/PnzxurGjRvTlAmUIJQJOANlgoiIyvteykT63VxvK5MXL16IIHn06JHoE54zgRKFMgFnoEwQEVF530uZmM+ZiP/apt9eJuLn9u3be3t7xc/Dhw+nKRMoQSgTcAbKBBERlbfwZQKwpKBMwBkoE0REVF7KBMBVKBNwBsoEERGVlzIBcBXKBJyBMkFEROWlTABchTIBZ6BMEBFReSkTAFehTMAZKBNERFReygTAVSgTcAbKBBERlZcyAXAVygScgTJBRETlpUwAXIUyAWegTBARUXkpEwBXoUzAGSgTRERU3sKUycTktDwEUKw4e7pSJuAMlAkiIipvYcrk/uMX8hBAseLs6UqZgDNQJoiIqLyFKROAJQtlAs5AmSAiovJSJgCuQpmAM1AmiIiovJQJgKtQJuAMlAkiIiovZQLgKpQJOANlgoiIykuZALgKZQLOQJkgIqLyUiYArmK7THpagqGIYU8yM9a4ps4YaezODoHqUCaIiKi8lAmAq9gtk441VR5vwDDSkRks92VGKtZ0ztob1IUyQURE5aVMAFzFsTKZHSHJuQYXS49n+Tp5DIoVygQREZWXMgFwFSfKxBdcGaoRHVLZkNDHkl4tS4I+n60yiVcFQysC8igUK5QJIiIqL2UC4Cp2y6SrtirY2G/WiFhINESMSulvjFTUdskvWCDJluCyQGJtuH5A3gLFCWWCiIjKS5kAuIrdMrFgxIlm9uJJ/tRXBjwrYqnUgOfj9Zmhxkj1mqrgmoZYm7YW8QeCdU31dbUef7RDf8y+2r+6fkN7or1FfADzOFAwKBNERFReygTAVRwsk1RbTeaZkyF5y6LxewMr12uXS7ze1ZmhxoinPGLu4PFWGQve7J4mtR8H8r1SA/lDmSAiovJSJgCuYrtMkpkqMG7iWhmqyd7WpTGY5y8NbjcKxzBuHKQxEpl5aEW7MDJjMC6GumLrfOWZkewvCYPCQZkgIqLyUiYArmK3TNx4Aj4eCup3bBm0eyqbBlNSmfR6/NGZXQSf1PnreozF6CrK5D1AmSAiovJSJgCu4kSZZK5dZK6TpLLXTzz5/tbglb5ZD4p4vOHaHqlMUta304hHVjZkLtD4fZTJe4AyQURE5aVMAFzFuTLxzaRCf6OdMumZeepdp25FQPuLTWaXSSqZqPgwqL1FMBrXL5ZU+rVV7/Lq/vpqyqTwUCaIiKi8pVgmR7+8eP/BE3kUoCixWyapnpZgKGLYk32qpHFNnTHS2J3ngyZQclAmiIiovAUrk+np11t3fLVl23F5w2L4dfiPBw9HLl+59WJi8tavd+XNAMWH7TIB0KFMEBFReQtWJvcfPGnv3vdJ1155w2IY3Ph5Q/P2/uRnPf2HxIK8GaD4oEzAGSgTRERU3oKVSd/Qka07vtqz/+yzZy/E6hfHvxMjQ5uOXvnhV7F66uzVI0cvXL95Z3DTUWP/T3eeePxkTMTM9PRr63EE3X0HOxMHpEGA4oQyAWegTBARUXkLVibtPfsfPR4dHX0u+iStl0lz2y5jk4iTlo7dxnLv4GHzJYLLV26JPrGO3Lh55/6DJ6JkJiYmreMAxQllAs5AmSAiovIWpkxES+zZf9ZYNm7oEmXS3r3PGBHLDc3bTY3B/Ye+bmzZIValMgEoLSgTcAbKBBERlbcwZZLc/MX5Cz9fvHRT2N138Pn4hLVMLl+51dyeuWZisPfAuZGRZ2Lh+MnLlAmUNJQJOANlgoiIyluYMtmQvXFLcPL0lb/d+t1aJvcfPGnr3vfq1bS5z7ZdJ43HUUTSUCZQ0lAm4AyUCSIiKm8BymRk5NmRoxesI6JDrGVi0Dd0pKF5u/EUiqiUlo7dQtEwlAmUNJQJOANlgoiIyluAMgFYylAm4AyUCSIiKi9lAuAqlAk4A2WCiIjKS5kAuAplAs5AmSAiovJSJgCuQpmAM1AmiIiovJQJgKtQJuAMlAkiIiovZQLgKpQJOANlgoiIykuZALgKZQLOQJkgIqLyUiYArkKZgDNQJoiIqLyUCYCrUCbgDJQJIiIqL2UC4CqUCTgDZYKIiMpbmDK593j84eOnDx6NoGKKP1bxh/v57al/HnjyQZ8iin8X+Qy2AWUCzkCZICKi8hamTMgShRV/uP+UM7kvdeUz2AaUCTgDZYKIiMpbmDLJnc6iSubO7Etd+Qy2AWUCzkCZICKi8lImaN/cmX2pK5/BNqBMwBkoE0REVF7KBO2bO7MvdeUz2AaUCTgDZYKIiMpLmaB9c2f2pa58BtuAMgFnoEwQEVF5KRO0b+7MvtSVz2AbUCbgDJQJIiIqL2WC9s2d2Ze68hlsA8oEnIEyQURE5aVM0L65M/tSVz6DbUCZgDNQJoiIqLyUCdo3d2Zf6spnsA0oE3AGygQREZWXMkH75s7sS135DLYBZQLO0N3dTZkgIqLaUiZo39yZfakrn8E2oEzAeSgTRERU0vdVJj09PZs2bc4dx1I0d2Y/v+nJV385+fzgkzc3ro9lRkYnc3eby7H063TOoPPKZ7ANKBNwHsoEERGV9L2UyZ2793bt3jMwOJg7x8VSNHdmP7+iTPSFZ+mxqX/N2TqfJ6dO352O5447rXwG28CxMvF6A54c5Z1gaUCZICKikr6XMtm9e4+Ik69OnLr5y7BY/eLYl5s3b9m2bfuFi9+J1b6+vpOnz3x9/sK+/fvFqvh57MvjN/72ixjPnRNjMZg7s5/fbJmMpUde/k9jZOSlselpOn3h2vi/f/0yPTqZGy0XptIf9D1NP8q86oO+F/dHX2/69vlfTj4Tq1+Mp/vOjG169CY9PW3s/8W9qfjXzyquvfrHL5mLMwtUPoNt4FCZtK0THbIyFAmarljt8VbJuy2CZKKtwevT8sYfisZ75M3zEPEHoq1dsU8GPN5gqEXe6ggeX7U8BBYoE0REVNL3UiZGY9y9/6cIkgd6mZjVcez4V8O3fzOWpYsqWz/9VDoOFom5M/v5zZwWE5l+0EZmyuRNdp/pTbkvHJsSP6++Tv/jV6M0Xkw8mJjZmgme5yJR5Bdmj79AZ52+9nCoTBoj0hWS1urVHn80Vl0XH7AOL5RYKCgOWFm9vj4a9fqqo/3yDvPgy34Sj291ddvsbQ7h8dXIQ2CBMkFERCUtfJncuXtv27btxnJvIvFAL5OhoaQxsnvP3h4LYuSv317csnWruYpFaO7Mfn7150y0qxwzIwspk+0vZ06pcS1RRJk8vfti5iAWjJGDD18/nXqjrZd0mSTWVWv3bvlWz1wwCWmhEv5EREK4djGXOzL0rPesalhMjMzC3rWat+J157BKQpkgIqKSFr5M9h84qN2s9c1fhVs//fTmL8PWMhHLvwzfNnf++catr06cMpaTycw+WGzmzuznN3txwzLy7jIZ2zlqXgl5od/WpS3MLpPXlv2ffHB9+vR5Y3m8tMtEuzwiyiTQZB0UI3Hx0x/tsI4ujI41VaJqcomFw+Kwvo9q67uGjBGPf31tMKzd9LVsdSKZSg20RFZp+xgXcESiRDq13RLNUcvTL5FUKu4JxrNHjVes0XdKxUMbUiuXBz0rYmJlqCteXq7tH23X3qsxVGW8XNumHTlivFi8u2+ZqLJgs/b2GpXeQE9DndjTa/mcSw3KBBERlbTwZTI4NGQuX7h46ezX31jL5PurPx778ri5w9Uffz5z7htjOaFfYMEiNHdmP7/5lMmpqfvZTcKKO6/XaQuzyuSL8fTB78f/cvJF3x39+Cennt6d+Pd9T3c+eVPaZTLns+9aG3RG5wyMdxLxB3J7pqcuHP7EmP331K0IxPVFo0B0+j0VdcaSec0kWyYDnuXr9IG2cIWx/9xl4vEGs4MziH87Y1/rpRijTOKhoHmbWag8YFwcEmUSMwZb6sz7ypYalAkiIipp4ctk9+491tW+vj5rmQjPfXNe/Je3p6fnwMFDYnXL1q29vb3i5959+6wvxOIxd2Zf6spnsA1sl0myJbdJNFc1iH6Qd14Y4oWN8lgqtMxytM6of21vynLtwrqcUya9Hn9UH3hHmWQXdBKtFRXasy7CSv3T5JaJ3xoejZHQBu2flTODccvy0oIyQUREJS18maB65s7sS135DLaB3TLpr9cfMslRlMPH+c7LW6vneHLdRplo1z26+ofi1VUen7HpXWXSuq7cF6htakv09lZQJouHMkFERCWlTNC+uTP7Ulc+g21gt0wqc5rEsD+V9KxqkPdeKP0eb/DjunbrUM/acGhD7t1cCyqTYLl0m1an5+P1xs1XHZGq3DKJ+APZyyzJea6ZxKuCddnn+613c2X3okwQERGVkjJB++bO7Etd+Qy2gd0yCS4LzPmUdyJWU6dd1ciXZKItWpf5+0z+qzmhjzXXab/yy/dRbbQ983jHAsuk2p9NJl+wR0+a5jXV5Zkn1ztzy0S8e2O19iR9RagpXJEpk56GWjFS120cOfNe9eGwcZzG7pkn4I0FygQREVExKRO0b+7MvtSVz2Ab2C2T/rg2X5/TQXnf90Sy0+uP1MeahLXhsLfKnb98ESxQJoiIqKSUCdo3d2Zf6spnsA3slknx0xgKtJoryU4b95jBQqFMEBFRSSkTtG/uzL7Ulc9gG6hfJiJHKj/SfsuW98Mqf2i9vBFcgDJBREQlpUzQvrkz+1JXPoNtsBTKBAoNZYKIiEpKmaB9c2f2pa58BtuAMgHnoUwQEVFJKRO07z/lzOxLXfkMtsG5c+eMLBELZfIEEyAvKBNERFRSygTt+792jeZO7kta+Qy2wd69+4wyEQtl8gQTIC8oE0REVNLClMnj0fHc6SyqofjDFX/En9+eUuPKifi3EP8u8hlsA+vXrUyeYALkBWWCiIhKWpgymZic/uPROCqp+MOV/7zBgvXrViZPMAHygjJBREQlLUyZACxZrF+3MnmCCZAXlAkiIiopZQLgKtavW5k8wQTIC8oEERGVlDIBcBXr161MnmAC5AVlgoiISkqZALiK9etWJk8wAfKCMkFERCWlTABcxfp1K5MnmAB5QZkgIqKSUiYArmL9upXJE0yAvKBMEBFRSSkTAFexft3K5AkmQF5QJoiIqKSUCYCrWL9uZfIEEyAvKBNERFRSygTAVaxftzJ5ggmQF5QJIiIqKWUC4CrWr1uZPMEEyAvKBBERlZQyAXAV69etTJ5gAuQFZYKIiEpKmQC4ivXrViZPMAHygjJBREQlLWSZbL7x8r8NjXzQ9wSxOP0/+8fks9Y21q9bmTzBBMgLygQREZW0MGVy9dF07iwQsTgVp6t8BtvA+nUrkyeYAHlBmSAiopIWpkz+Zcdo7vwPsTgVp6t8BtvA+nUrkyeYAHlBmSAiopIWpkxyJ3+Ixax8BtvA+nUrkyeYAHlBmSAiopJSJoi5ymewDaxftzJ5ggmQF5QJIiIqKWWCmKt8BtvA+nUrkyeYAHlBmSAiopJSJoi5ymewDaxftzJ5ggmQF5QJIiIqKWWCmKt8BtvA+nUrkyeYAHlBmSAiopJSJoi5ymewDaxftzJ5ggmQF5QJIiIqKWWCmKt8BtvA+nUrkyeYAHlBmSAiopJSJoi5ymewDaxftzJ5grkABuO1Hm9gtpFER6e8HywlKBNERFRSygQxV/kMtoH161YmTzAXQMeaqtwyEYO+UFzeFZYMlAkiIiopZYKYq3wG28D6dSuTJ5gL4G1lIhb65X1hqUCZICKiklImpeW/Hh479fur3HF0VvkMtoH161YmTzAXwDxlkn+cdEZ9wfX1sab6aDT/g8D7gzJBREQlpUyKx803Xn5z79WKs+Pbb03+731juTt8sPgyGZ18Yyz0/fQydyu+TfkMtoH161YmTzAXwFxlEgiGIobVTb3yCxZCZ7RiTfZJlY5oRW3XrK328Hqr5CFwGsoEERGVlDIpHn96PP0vO0atI8+m3jRemhALm2689J58/oFeJufvv3r1On1//HX4/Atjt28faCOCjddfPp96M/k6/dVvU+YRxM//OPrM+IMwjobv1Hr22sT6dSuTJ5gLYM4yMZ0JjEVhLZPOmTKpDYbFMVeuaU0ktdWIP5CIr9PeyBeMdetDGkm/P6jVUSzbM42ReGqofFnAv7atMZT5tDHLAX3+8FD2xeAIlAkiIiopZVI8fnpz8tDfp/7H1qfmyJxlMvU6/W+fPxN98lyvDuGbdPrD0+PC12/Szd9P7P11UuxjHsFYuP5kWno7nEf5DLaB9etWJk8wF4C7ZTLUX+HL3M0VrwrG9KWeOpETq1N6mdT2ZF7h9wX0bev9Xn1BLK4NhzboudIY8ZRHMvulUh7zmklntLLRHAYnoUwQEVFJKZOi8v8de3by96lXr9P/PTnywVvK5MzdzN1cZmzcHMks5HZI7gguRPkMtoH161YmTzAXgEtlYh7BH24yxkLLMsmhdYueH9o1k+wroqsC8VQqsTY8Ex7JuLeqRVtojKxcP5Dd0VImyRbP8pliAQehTBARUUkpkyL0/L1Xdd9qd2rNWSbmcyYiNv7vAe1xlHk6JHcEF6J8BtvA+nUrkyeYC4qrftIAAADwSURBVMClMsm8sL/BG8iUid8bSPT2mqb0MjFf0RGpiunXVTxeMzY6PStiWro0RiKWTzFTJhrJ2nDY4+PJE4ehTBARUUkpkyI09M148rr2wPrzqTfxy1qZXH00bZbJnWevxcJ/fvn8zwm5OnI7JHcEF6J8BtvA+nUrkyeYC8DdMkmlwssDrfo9WaI6Ih3mwyQaokzM5DCuoqR6YpnbuvS7uYLxzN1cby8TDaNqwEEoE0REVFLKpHg8f/+V8T/Xtw8yV0Vi37148vLN9Jv00M8z10zEsvQE/DwdYo782+fP3qTTa/VLMfhOZ5+/trB+3f4/D8iTuqyAf5EAAAAASUVORK5CYII=" alt="Screenshot" width="100%" ></p>
<p><img src="data:image/png;base64,iVBORw0KGgoAAAANSUhEUgAABDMAAAIGCAIAAADGMlPIAACAAElEQVR4XuydeXcTV573503Mmb+f55x5AZNM9/Q684yzNASysDVZmg7daSHZGNlgS16QZUuWLVuyJWtfbRUJCTsECIEACZDQk85CQkjSCc2SSVgS9rCaLfj5VV3pqlSyjZcq2S6+n/M9purWrVuSkarux7eu9E//N3EMQaZ4jv6fxPGiwmP/NykVxhXlx6XKR5WVRxd2RNa+1BQ7FvspS0x4NZF5JSW80iu8nBFWZDICAACAqUgmR29vbyqVisfjsVhsAAAwbuj99VeJcCz1T0VdLgSZcplQM2EZzEx+kfwcZgIAAPqAaUlfX186nU4kEpFIJBQKKXtYAIDRQ07yscR77+3/J+U7D4AxQZqrLCoV1NvvE1ZQ1z+VeTkhvBLNrAxnXgsLqwIZyuoeYY0vs9qXWdOdWduVWesVf66jnx4x6zoLsn7o5Kt5WPrEprzUVJ/YcneGjrLGT4cTD7oqmFkVyrwWJS0RVpKWpIWXezMrYCUAADBFkQ+YJJPJWCwWDAZ9Pp+yhwUAGD1MSxj/pHzzATAmJtJMMmQmQm9G6F3xclJ4hWQgJrxKVhARXiNFCYrJWoooKlL8JBJ9oq5kI5Bd3CdUR0x2F7EFyUOybdLPoEBCIhoRHZQOHc28Gsu8ksy8LGqJsILcCWYCAABTFIWZRCKRnp6erq4uZQ8LADB6YCZAfSbQTARp2CTD5ERYQSaQEkQloCQyoqhQ4pmV5AmxjCgtYqSFaGYl+YMYyWTuH1aZNSI2yBdeiUtHEUM2QnaUER9DKrOCHk9vBloCAABTG6Yl7FaueDweCoVISzo6OpQ9LADA6IGZAPWZYDPJMDlZIcmJOEbRu0IcrEiJhiBJguQqCUlXxAjMH3IRR1pYcoKhTK6CVJ/tLoa1KS1IRxGPSMeVxkle7pNu4upj4gQ1AQCAKYvCTILBoNfrbW9vV/awAACjB2YC1GdizYSR8xNRUTLiDVTS/JOMNJYiRhy+EKUlG1EeWPpGHNleuXZYs2LEo/Rlj8seA5wEAAD0gNxMYrFYIBDo7Ox0uVzKHhYAYPTATID6TAYzUSCKiiK5+75UTvGBMsoHAwAAYOrCJ5mkUikyk56eHrfb7XQ6lT0sAMDogZkA9ZmEZjISio3ivgEAAPCgMaiZOBwOZQ8LADB6YCZAfaaomQAAAAD3RW4m0WjU7/e3t7fDTABQBZgJUB+YCQAAAL0CMwFAO2AmQH1gJgAAAPTKoGbS0tKi7GEBAEbPeM2kNyOEkpmuWF9XVEqMJ6NMXEx3PJPsUzYCdAbMBAAAgC5hWtLX1wczAUALxmUmqV7h3yoiD1EWS6mMPrQkF3PsoSoxD5vDT9uTs+zJh5dGH1oWf2hZ4qGaRHMIdqJnYCYAAAB0CcwEAE0Zl5lUtCWHN5N/N4dnLI/FeoVUX+axugg3k4dqE8q2VOK5F/7w5FPPUJQbVIUdQuujTF1gJgAAAHQJzAQATRmXmfxbeXgYM/mZOdQS6kv0ZivHejNyM4nnytXlvx957N8e/hlFuUFV2CG0PsrUZfxmYq23y+MIsOKgolwrwR0TpifmKIsAAADoC5gJAJqioZnMtsdJS/h3PiQKzUSj2SYwk8nA+M3EYLSYKuuyqbDUdrJir8FkzZVbjSZLqHCvQQjVT3/ihZoeZbFIxjP9iTmmNmXxmIGZAACA7oGZAKApWpnJbHuMVITX7MsI1d29cjNJwUz0ixpm0pBf6bTnzcTqzZWG7eYRmcniyj9Pf8asLBcE51/mGCa3mbiMKjcIAABgnMBMABiG9957r7+/n69u2bLl7t27su33RxMzmWaNRGRd00xGaPD3ymfAw0z0zaQyE2tI8FT+Pq7cIExfsNw0ic2kL7Z8oaoNAgAAGD8wEwCG4s6dO80STE42bNhAy2vXrr1586ay6tBoYibzHSn5NJLePmFaXUjSEpjJA8FkMxOhp1Z5Q1fG8+eWlMJMXNaK52f/fvoTcwyNnnxpqN4lCB6rcd5Tc6bLVKEv5Jwllcz/YyUrkcyk789/eHbmzDnTZ/7e2hHllQmntZKVz/pDhbx8uqmtL9w2a5Z43JmzFvSw31yPlVZ5slUziQXPPitWm/3C8y8t7csPSQIAACgRMBMAhmHz5s1kIytXrrx8+TKzlFFpyYBWZuJM9yQLZpj8dhnM5AFCDTOpa3N7slnemDeTakeuvL22csRmQgIw0ygvblggdvflZmKaNaeHvyZTbU9XuLPLoXqTaUG8UAOmz1xYk6+dhVp72uTkq6kWY0NMtlmG/MGQq8ibqp6X85BQ/fzCMZPpzxQoDQAAgNIDMwFgeNhQydi0ZEBdM/n1kp7Hlvp/uSTwi6rg0q5MOJWXk1g689saJidDmskfFvyRdffb3W7e9acYjCY6BfBqjz72O/lWyvQZM/nWYjN56N9/zkp+85//FQgE/uOXv2arM596+uGf/Qdv5JFHH+e7EEuX1SiOsvBPf+ZbeSFbpZOUvGaGP+0HlfGbiWrkzERxQ9f0BcuFAjPxPF0pGyehTTPzhjCvxi/f5DH/ftAZ9cV3c00f4l4x63P5mtOfyL+uRAJW9oBhJgAAMAmBmQAwPHIzkc85GSGqmcnPFgeXenudwd6qzuTPzZHfO5JtESHdl5cTozs5QjP5+S9+pbCCGTOfYnUWGU2KTSyVS7JTnBVmUlffwOuQllAJN5PioywxV7G9SFoUm1g6OrJ/uuclbHX2nHm8ZNZsZff0AWQSmknBDV0Zz58d4iPMm0nAanDltkrY/pg3E1N7waaaZwf/Lx6jmShm5/MHXGQmpllznOGitw0AAIASAjMBYBhu377NnMThcNDPNWvWKGvcD9XMpLyjN53rNbWHe39eFZknyUkoJTA3UXxq8DBmIvXv5/7FsEhuBVTB5WqTlyjS6RH/5i03Ez5aQqETBzsKNxPKL3/92z/9+SV5I4qHURw2eiNflWvJU0/P4k/nQWYymkn+Hqoou5VLkJtJW4V8XgdLkFWStcAoNhBGcXneTCIt05981mp3xuMJSrXMbaY/V8+XRYY2E0GcFt8178k58xe39BTP6AcAAKA9MBMAhuLu3bvym7jYnJONGzfeunVLWXVoVDMTszcTS+c3tUd6f14tykl1V6YnIcR7hTp/3wjNpKbWwgt5pz8YCskNobjCwz/7D1oty5mJPF1d3bw+NxPyFlbi8/nkzfLln//iV3yv6U/MZIXkIfI68qTTsuf/YDN+M1F9nomQuwurZ9kL7FYuQW4m/lqFfuQpMpPquUphYAxjJopZLvIWRmUmOfp6ahcq5/QDAADQHpgJAMOwf/9++dwSkpMJ+9TgFxzp7rj4vSWM3owwtyn2m5rw7Jbk8kCmLSLMaU6M0EwCgexfqwW5mQSDfPm//vsRXuFXv/lPXi7Ixkx4fvGr3/DKgsxMHp82nRfKW+DLfzEs4hX4cM1v/vO/5HV45HNdgBpmoupnczF6aqv9wuJn5rBbuQS5mWTa/twyxGMuMhOXac6gUjCcmRTqxwJZzTGZCeGfbw0rywAAAGgMzASAYbh3756yaJSoZiYPVwT/0tbnTwj8y91JTp5qjD5UFf1ZVfBnVff/bK4X/pA1k2g0/5FGvOsfkJnJjCez004IEgxeLgxmJvKhD4JPL5E3Im+BL1cvXcYrkCyxQjYyozgEZdoTM3hlMEnNRBy7WCifzq74bC7FB3BlKTITQUgN9dlcipK8mTzxAi+MuyqefmYEZiJ4zLJqdFDZspBqqzB3yQsAAACUApgJAJqimplQ/t/SmCssyL9jsdqb+lV18KHq+ENLmZaoYyY/+49f8gryz9cSZGYin0/idnfw+iM3k6dnzeYVzFXVrPDRx34nryNPMpnk9R9wJq2ZLH5mjvyTfOVmIgTs02f/ebG1JR5PuJ0t855ckC0fxEwE25+fnf7E7+3tXfF4oMaY/XCtYcyk4fk5BquTKpsXPDv9yYX2l0ZiJkKwYeHCmjZxaoq41jbzOaOTjtjjMf/xhZlPzBnvrxgAAMDogZkAoClqmsnDi8PtkUxS9h2LjlDvozU9apnJiwv/xFd/+evfNjXZ5Z+vVV6xWJDNM6HlX/76N3wrl5P7mslv/vP/8dXHHp/W0Ng4a/ZcXtLVLU5ZkdeXf77wo4+L3gImkZkAAAAA6gEzAUBT1DOTirA90Nsn+yqPRK/w5PLoQ1URtcxEkHmFIr/6zX+y+opPDfb39PA6rjbxD9j3NRP5qiJPP5MdRVHUr7VYeQnkRFDDTPLT36X4s6+IuKJcZsEAAACA5sBMANAU1czkv2sikXReS8hQnKG+h0UtialoJoFAQGELLJFIhNUv/qbFX//2v1jJv//8F87W1pGYic3W9Mtf/1ZxiId/9h/8Cx8V9YXCTyiOxx/0j3Qdv5kAAAAAkxCYCQCaopqZ1Poy/PtM+khLwn0PmyMPVcVGbiajwtXWtrhySXu7W7lBVVocjiXmqsblNuUGMCwwEwAAALoEZgKApqhmJgZ3X08iQ07S2yc4gn0PL4mKWjK0mfCP8AL6A2YCAABAl8BMANCUcZnJzxdHuJn8V22sKSh+qaIvIcxZHnvILGkJzOSBBGYCAABAl8BMANCUcZlJoleQfzbXz6qiv1oa+3dz9KEl0eHNpLobU5f1DMwEAACALoGZAKAp4zITQZpS0h3r64rmEuPJKBPPZpwzTMDkB2YCAABAl8BMANCU8ZoJAMXATAAAAOgSmAkAmgIzAeoDMwEAAKBLYCYAaArMBKgPzAQAAIAugZkAoCkwE6A+MBMAAAC6BGYCgKbATID6wEwAAADoEpgJAJoCMwHqAzMBAACgS2AmAGgKzASoD8wEAACALoGZAKApMBOgPjATAAAAugRmAoCmwEyA+sBMAAAA6BKYCQCaAjMB6gMzAQAAoEtgJgBoCswEqA/MBAAAgC6BmQCgKTAToD4wEwAAALoEZgKApsBMgPrATAAAAOgSmAkAmlJgJtShRBAEQRAEQQZNKJqkBCMJij8Y9foCLrfXZndYG2zKHhYAYPQUmInyLwMAjJhoNOrOQefudLoPQRAEQXSWVKqXkkymKbFYIhgMe73dTqerqcmu7GEBAEYPzASoA9cSmAmCIAii18BMANAUmAlQB5gJgiAIovtMcjN59913y8rK6KdygwyzhLJ0MvHkk0/Ss1CWggcDmAlQB5gJgiAIovuU3kzWrVtH3fRTp04pNwzG+M2ENlELCxcuvHTpknLbwMDJkyfLJFwul3KbesBMHmRgJkAdYCYIgiCI7lN6M5kxY4bRaKytrb1586ZyWxGqmEllZSU1MuinjdHWurq6+fPn68BMNm3a9MorryhLwUQDMwHqADNBEARBdJ8Sm8m9e/eoj75161byk88//1y5uQhVzKS1tZUaIf1QbpM0iR7Mc889N9XNhDTParXCTCYhMBOgDjATBEEQRPcpsZns3Lnz8ccfZ37y4osvKjcPDJw7d+75559/5JFHnnrqqS+++OLgwYPFZrJ///4nnnji0UcfXbly5bVr12w22/BmQtZhNBqpHcUozfnz56nwq6++InNQmAnVLC8vp61/+MMf6CjyTVR/9uzZtPDmm2/+8Y9/pDoXLlzgW7dv306PjQrp8W/ZsoUVcjMJhUL01KgCNX7nzh2+F+O1116jvdi+9Bzlm+hZ7Nixgxbeeuut3/3ud/TcE4kE/a7Y1uPHj1NJmQxNRQuMCpgJUAeYCYIgCKL7lNhMnnnmGfZ3/YULF1IHWtE737NnDxW2trZ++OGHX3755Zw5c1g1biZXr15dunQplWzYsOH777+vra2lHjmZzPBmQhw9epQOnU6n5ZtaWlqsVmuxmVDL7GFQ19/v95NI0L58K9UnuaKHMXPmzLa2NnokrJwePDkDiQeZzK5du3p6ehYvXsw2MTOhrZ2dndQm7fLcc88pnr7P55s/f/6BAweowqZNm2irfACEngLJzIIFC0wmEz2Xbdu20YGozokTJ1gF9iwwZjIJgZkAdYCZIAiCIFMiKVmKtw6fEpsJdaapY00L8XicL3P+9Kc/Ufedr16+fJmNAHAz2bhxI/XIyQrY6r1793bv3k0V7msmN2/eJI1RjNKQb+zcuVNhJlSzrq5OriKHDh2iQ5AUsVWqT6v0MK5du8brEKQNVP7222/zEj5Ew8yEKvBNFy9eLJOGa3jJyZMn6enw1RdeeMFoNPJVszSPn345vE4wGJTbC8xk0gIzAeoAM0EQBEEmc+RCMmiKdylOKc3k/fffpw49W75+/TobB+Bb79y5U+wqbW1tcjOZPn06rcp78ANSv/++ZkILp06dKpMNU5BpsKYUZsKOePbsWd7CgHRcUim2zMxELhUDudYGvT9tIGcmV65cURQOIxKbNm2iCnyVngI9hoMHD/IS9gvkTxxmMmmBmQB1gJkgCIIgkzYFEiLZRTajlJOSmQkpQUtLi3wa+rp16x5//HG+eunSJeq+U4eblxCrVq2Sm0mZhLzCgDS8MBIzYZNbTp48yco//PBD6usP5Pr03EwGnZFCFZxOJ1tmZqKocPz4cSrkdRQwM1EUDv+BYPSUFWby3HPP8YklA9LTocNRIVuFmUxaYCZAHWAmCIIgyCSMQkiCoWiXL+Du7Gbp7gkHI4lQNBmKpljoEsYSiadjibSytVKZCfsak2L4F5uwHn/hTsrP5qJleX+dIR86KEa+tby8nC3TQUkM6CENFJkJs4hi5KMTZUM8zqHEYFAzUXwgWDQaLTxgwTNlz0KhbbQ7zGTyAzMB6gAzQRAEQSZb5E4SjSW83T3pImKxuL8nmCwcReEtJFN9pCj5BktlJo8//jj1tt8pZM6cObW1tawC+9LDwp1UNpOjR4+yQ9BBy3J3dinMZN68eXzToAxqJh9++GHZOMyEdiwrHIehEpiJPoCZAHWAmSAIgiCTKnItIfFwd3YrpSRHKBSORuODmgklkRR3z7ZZEjNhd1LJp5Uz2traZsyYwZbZZ/gqOt87duxQmElxF99oNI7QTKjrT7vTgeiR8BkvCjNhnwY26BfGMwY1k8OHD5eN8m4uuZnQI1R83Qr1Q2Am+gBmAtQBZoIgCIJMqsi1pLPLr9SRQkhOEuQbQ8tJts2SmMmmTZvIBPbt26coZxPHSRXYavGww4svvig3E6YNP/zwg7xO2Qg+m4uvkgCwr4T3+/2sRGEm77//PvtQYL6LgkHNZEB6GNx2FNzXTF544QV6VPKtT0rw1fuayfHjx2fPnt3R0SGvACYDMBOgDqqbicFo4X+jojQ7OqkkHI4X1xwm5ZX1xYVjznPPP0/nymhsRI+BalZXLy0uL01qLC3LapvlJcP89qhyPF7wX1bX0GquthXXTEu/UltTOy1UjPJ329DQSFevCfydIIjuk0ikHU6PwWRZVG5tdXnpFGostxZXG22o2SVVy/kqO2N0dQfb2rvl1egkU7644LRgqqhT1Llv6PSi1nmbD5iQQsQTqWg0pnSRIrq7/VSTy4miQXZpK42ZzJgxI134XSKcZ555xmazsbun5N9ncvToUep2s6875GYi/z6Ts2fPUs1HH3100aJFIzcTEg/avba2lt86pTCTgdz3mcycOXPXrl3vvPPOypUrn3jiCT77fCgz4d9nsmXLFrbX008/zTbd10x27txJFajvQUf58ssv6XD0mEdlJvfu3QsEAtTIp59+Sr+6AwcOyGuCCQRmAtRBdTOhjq+/J8xXq5Y20UVuqL71UBnbFc7Z6i0upNA5lM5ibndH8SYW6nnz5arqpaFQpLhOaUJdB/p18VXqWAzz2+Nm0tDoKt6qCDeTUSWRSJVJwEwQRLssXtK4yCQ6ib2lo7lFPFOpYiaergA1y1eHMhM6ySgOR6ulMZNAMFp8fstqiWQRgWBYaSGD4aOrTjhC9QcdNonG04lkdi6K1mZCZ8vPP/9cWSrR0tJCcsI+LJi61+wL1BnUyz9x4kRZ4XfAs5u+OLNnz161atXIzYSN0rC574xiMyGY/8i5r5nQg3/vvffku3C1uK+ZkJixb05k0NX52LFjozKTgZxQMYb5hYASAzMB6qC6mdRYmpdULY/lmiIzaVjuYtceV1uXwWihK2VYnJYo9pU7PT2LlzRQBVqttToWlVsp8USKNjU7OssX19NqNJZMSxewWmsL7c6HFKiO0+WlEkudg+pQBVqmKPrf0Zj4LVcVixc/88wsXvjSS3+hwrlz5zU3OxYtEj85kZHOjZnQ9YMWqF9OJXPnzaNQO4FgiBzmd7+bRrvLD6FiqOtgrXfy3x4pB//tcQ+hjgXrRrASb1eQPXHqSVAJGzNhv0AqpD5HQvqMGm4mvPfQE4jQ/wX/kyrtS/8vBpOFHz2RTNMvwWKx0sUDZoIgGoXOY45Wj6KQqwI7MdIbOS6djuhtW72sid7adGplFdh5lU6PihbCkQSdXUl16NzISoYyEzontDg7SWPYaqe3p8XpYXX44TxecSudQ+gMQ+coNsZC8kALdNIgL2BmUr3MTpXb3T7WFD0v2kp1SLrYA6CaVELp6g7RGUZclk5f9MDoofJzOFMIOgO3d3QpLWQwYvF4V5dvqHu62FT40pgJAA8sMBOgDhqYSQt1dunSlZauuHRRpMsM9a1pYXnOGdiwAF3GqFfNSqj/3RPIXj7ZJrqs8mV5+6w1eR3+t7pBb2SqXCJ+bRNdhKiTza5VLy5c+Oijj1LJsmU1kUgsGBI38frMTNzuDpKQ2loLK/F2dSelbnq7u4Mybdp0apau3/IDdftCxUcfbei3R2LAfnvpnE4MbyasGt+dm0kkKhpdOtfFUZgJCR6rSd7CZI/25f9B8pC8sd9JWuqyyDdRZyUSzf43IQgyttA7kbrUikL2tpWfGI250yadAXg1fl71+cNOqffPQ+9rOhVTy9xhhjETOsmQxrAG2SGoDvXy6bGxP1VQI7RK5xBD7n5dMhn5SAvbxBuUtx8Kx1kJPQB3R1Za2L78/Ma2pgtv5aLzs6vdU+ggQ+LxdidkN3Qphk3o6gYzAUBTYCZAHbQwE7rYsIsc6/Kya0+728f77pVVjenCq1fVUpu8EfkmxW0GdL3kZsJLWJ1iM4lE43PmzJ0//1nmFew2rZkzZz73/PO8zqBmEo3F586bR9XYkAtd8LjbUFMLFvzx+RdeoE4DH16gVJrFJzXOsGsz/fZIuugSS4oyZjPhbXIPlJtJRWVDk93NKtAy2zdUdFtFutBMaizNsg+6Ef/X2PAXgiBjTvGJK50778k30TIbo6heZueF/LwajSUVwyb0xmdv+UW5U+jwZsJOFKQ3dP5hdegsxM8SDY0uWqUG+QmZNslnp9Amfieq4hnRQVkJPQD+twx2IpKbCbVMZxUmFfRMyanCopl0yuxjODyeLtFMBruhKwUzAUB7YCZAHbQwE7qoLK210092pxC79tBPuoLSAku6sPes+BtbsZnQNa96WRNdGkdlJouk77jlvLhwIV2Tfve731VVVfM6g5pJWhQAHy1XLjGTydBqZ6e3TJwp+CTLiy8uTEt/0WRyooqWpHNmQr89ir2lgxofv5mwZYWZUAsOpyf73yENPfHWFJGbiVStudbqYFpSXBlBkNGG3uzFY498qJOX8HcovfvoZMjPrvy8ym58ZaFldmcUi/w9PpSZOFvFIW5a9nQFWB36mT9LhON0XJtsMgk/27DIN7HypDSPPxiKyc2En2SKzYStmhbX2Zs7RDNJpKKxRJt7RGMm0Wi00+ONx5ODmkki2RtL4G4uALQFZgLUQQszSUt/eOv09tilqZzs2kPXOX7vFov8omuuFq+yg25iV2g2jJCW/lA3cjNh00U45Bj+nuCMGTP+8IcFvM5QZsKGWX7/+/mLFhlp1e8XPwxEcYcAXT6pg97s6JRP+h9P+G+PTEzudWwTu6jTL5bNah2hmQw6ZkI/l9vaeB15a4oozCSeSJGcNC5vw2gJgqgSOoG42roUheycJvd/NmbCV9n7uvi8yuLu8DU0uqhZCi2wG72GNxPSEjpjVy1tSiTSrE4oHFecJeT6QZsUYyYKM6GzIrsE0KmbD8wObyYp6QxDzXIz6fQO+U0mcvz+nq6u7qHMpJQz4AF4YIGZAHXQyEzSso8P5tce6k+zew/YXV7y3nMwFKNLl8PpaXV52Qx4voldoQ0mS31Dq8cb4J9VVWwmdQ2tbW7xasrKU5JmPProo2zV7e6g1QUL/uhsdXFXoW43q8ZIF35qMBObSDTb4NNPPy3fkRWqG/7bs9Y75ffC0YK7019rdfQEIvSLYrdn8Mv80ho79U4i0YTcTEhs6LdKCmGpEx+qwkykdsRpr/Tbo1+svDVFFGaCIIjqodMa+7xgZ6u30yPO5mLntFgsRe93sgtSC2YpdFqg9yy9f/ldVey8SjvyKRyU4k8B9vnDw5uJ1JSFTZfndegsQQ+A9q1vFM8Scv2g0zudkUh73B1+PgOebWJnIfbg6SxkWpz97K9iM6En27DcRSdtaq3R1haW7vulZ8rMhPwhHI4GgiGFhxTT2kr7Rocyk7j0lSYwEwA0BWYC1EF1M0EmQ+RqhyAIMiXCjEL0h5yZRKNxZ2ubUkQKIcHoIaMiMRlsngm/rsFMANAUmAlQB5iJLgMzQRBkyqXATMgf4knyDfIHz7D3dDkcraQZg5pJIik2lW0cZgKAlsBMgDrATHQZmAmCIFMxeTmRvgCeFCIQDHV6vC2OVqWRpNOBQNDhbO329ZCWUE3+qcH0M57sVVzRYCYAaArMBKgDzARBEASZJJGbCZlGXJoH7/cHurp8rja3w+G025ub7M30k1Y7PV3d3f5gKEKmQTWH+qbFbMswEwC0BGYC1AFmgiAIgkyeyG/oYrNNyD18Pr+3q9vj7XJ3dLrdneQktNrV7SNpicbi8XhyqC8zyTcLMwFAS2AmQB1gJgiCIMjkScGwSe6erkgk5u8J+vyBbl8PxefroVVxekkswbREPmBS3KbYLMwEAC2BmQB1gJkgCIIgkyfyefDZe7riSSYnoVCkpydIThIIhmg1GovH4snsfVzDDpiIzcJMANASmAlQB5gJgiAIMqnC5YSPnDA/ERUlF3GVnES6iSs7WjL0gInYJswEAC2BmQB1gJkgCIIgky0FcsL9RFKUbCTHUGgJzASAiQJmAtQBZoIgCIJMtmTNpFBOlJHKuZMMoyVigzATALQEZgLUAWaCIAiCTM4o/GTwjEBLxKZgJgBoCcwEqAPMBEEQBJnMyfvJECnepTgwEwA0BWYC1AFmgiAIgkzyFNvIqLREbAFmAoCWwEyAOsBMEARBEN0HZgKApsBMgDrATBAEQRDdB2YCgKbATIA6wEwQBEEQ3QdmAoCmjNdMqk0Wg5FiVW4oLW6rJaQsAyVFYSbsrJ392Pjiz49HEARBkCmY7Bc1xhKUcDjq9wc6O70tLY7GRpuyhwUAGD3jNZNuh8NabzMZLdZ6+yCxdQRSyl1GRCYRcDmMpD0ma0t3Qrm1CJjJhDOomQwiJ/ATBEEQZMoGZgKApozXTBjeBqs0cjJIajuVlUdAymC01nZkhSRgb6B2CisogZnkSflMjT5lofYozaTo26yUfoIgCIIgUy1xkpNEKkZyEk+GIzF/T7DT421xOBuXNyl7WACA0aOOmQhhV7GTjNlM/LY6e7iwqNO+rCND/xqWujsbG40mS32XWGytEo3IuMQmN5NaqdCeG2mpNVr7gu1UIq33mZeIWyut7SMYiZmyTIScDGImQ33bLnQFQRAEmZqBmQCgKSqZieArdpIxm4ljqcWrKIq2m2wB+tdgdhjMtkaHxxsnHWo3LLZ5u7rbHC3GiqyZpDrtpppWr6eDT32pJQ8xWV1uDy3HnI3VTR1ej8dsdnhF09Et9UssJZaTIc3kfnKCIAiCIFMl8nu6IpFYT0/Q4/E6HM7lMBMA1EAtMxGKnUSKtX703WO7ufjWLK/BKtqKwVjHi6ym/C1eNrZLV4sxJySh5gZ7VFwgM+nNVRPNpHn0D2hKkkm0NTlCfcpizVCYifjRJcOn6HSPIAiCIJM8MBMANEU1MzEbLZ3+SK8aAxGD3s1V2yndzWW08zKzbPIJu5sr4Ww0GBsS8TgLezC1ijkqffFas8VU4w6p8VAnKxljhc3uG9uHD4yRYjPhUToJgiAIgkzNyO/pikTjPYGQx9vlcLQut+FTgwFQATXNRFk0ZgKtFdK9WzlSrhpLW1pckpuJfMwkO8wijpkoH4bSTEQyVM3sjCuL9UKiw15iLRGGNRMoCoIgCKKPwEwA0BT1zKTcUlv4kcHyO69Gi61KvBnM7vK0OVppwVSfnXgiNxMh5MrNM3HI55kYFje2uT2N1kZWIjeTzoY6lyfg93QYTA3KYRm9kOhoKr2WCCMzEwRBEASZ0pHf0xWNxgOBkFcyExvMBAA1UM1MyB8KxjnSHoNsggfQPUozSfdlU3RaRxAEQZApGpgJAJqimpkE3B2KEpfrAZlrDkSGNBMoCoIgCKKXwEwA0BTVzAQ84NzfTBAEQRBkikc+2yQaSwSCYa+32+F02ZpgJgCoAMwEqMNozUS5PwAAADDpyUj09fX19vamUqloNOr3+9vb21taWpQ9LADA6IGZAHWAmQAAANA9JTOT69f7d759oKN7dXdw/aEvjis3l5x9+w9dunRVWQqA2sBMgDoozCRdpCIwEwAAAFOd0pjJ+QuXw4nNp7+/oNwwEfSu2O4LrU9l3oyltpIpKTcDoCowE6AOxWbCUuwkMBMAAABTlNKYybYdH3x1+DtF4cVLV709a0kS+vtvsZK1G/ateHVnV2Ddrnc+oa2dvjUrV7/NNgVjr7+7/xCJBNW/ees2lRw9fpp2p5JNW/bT6rHjp/9x5CQblqHDUcmefQe//e4M253apK1s+Ub/rVOnzyf7tonDJj9i2ARoC8wEqMNQZjJUlPsDAAAAk57SmEkwuklRQvLQE9nIln3B9X/78KsByR9YyYbX3zvw6T8GJLs4f+HygNTC5SvX2dbuXDXG6vV7STbITDKvvMWkhZXQAukH/fzhzEVqR74LtUAlkeQWVg0A7YCZAHWAmQAAANA9E2UmVPLW7o/Z8qp1e3pXbB+Q7rNiJbTpwsUrtPDJwSOkHKx+ds/c8slT5/zhDR3dqynMTKiyYndmJmQsd+/+xHcHoJTATIA6wEwAAADontKYSbz3jVu378hLxm8m3p6133535vKV61R5KDPZs+/gD2cu8sEZAEoPzASoA8wEAACA7imNmXx34mxaePOi7LOwSB64MHQF1rG7uYY3E/5RWt2BdaQiK1ftZqvspqxBzYR45bVdbNoJABMCzASoA8wEAACA7imNmQxIN1+tXr+XfWrwmbOXBqTPEVbMgB/eTPbsOyifAb9py35aDUQ2fvLZ0WHMJN77BqsPwIQAMwHqADMBAACge0pmJuOkeKbKCAmMdUcAVAFmAtQBZgIAAED36NhMfrx8bc++gzvfPqDcAEAJgZkAdYCZAAAA0D06NpPdez7pCqy7c+eucgMAJQRmAtQBZgIAAED3TBUzAWCKUmAmXakuBBlbYCYAAAB0D8wEAE2BmSDqBGYCAABA98BMANAUmAmiTibOTLyVZgtfsZutBquXFkLNDYl4XExvhlZrjQ10QQl4WszOmFgvEzYstrEK9s4YVeYtuK251tKeZaY6WyBfbpRaJqRDZGjfbltDt9gIO4hIpcliMGVbkw7KCFYsyT/ICnODn6902iulalS5sVt6wPEU3wjAFIK99RiVzWFBiBmXucSXdDQgvo3CLhd7S8bjguwtSW8ZIff+Yi99+fvRsKQu9xb00i7VbenclnBlVZ30b0GzYDLD/mcTQY/B3B4q/I/OnXgzBlOd1RWg/03rEktIOq/Kz71sl/zpfSL+02EmAGgKzARRJxNoJvaejhZJN4iKpiA3E3klLglsa63UGeIMdoEUWqottZ0Zc3kLL6dqXulKyXtgVBJiSzkqjXZ3ysv8hx/UW28VMj7+IGl3Y72PLZtNTdxM7OFsBQCmIkVm0l3byUVCVAh3fkX27miwCrn3l6GiRZC/H2Pt7oyQe7NIZmJs5Htl36qFzYLJDP+frTXS2XWQE6/ijGowu9gmfu7lZiKrVWpgJgBoCswEUScTaSbhNAmJuJjxUed+GDOJdTmsXrGrxGSAU3yBJCrLW+haSH6SL8+EK6QxlPuYiSAYTTZB1veqNVF3KpN9kNLuFaYmvgwzAfqgyEwyBpM1xMcTBzMTektWmrJmQu8vmzT+yd+PbMGcfbOIZtJWK70fMz5reQPMZMrB/2fppGePDnLizQ9ZSxiN9mxh7twLMwFA98BMEHUyoWYiWMutVm+G9VqGMRMmDMJgZsLvDXDluj4Go4WFjXWwS6a3wRrK3N9MhJh7WUcqZyaxXFNiD0yQHmHM0Si2Gmj15x4MzARMdYrMRKQv5rPXWB0xpULwt6RLuoUrfzOP2ZV983pbjLn3oPQWFM1EdBLpnV7dloaZTDnof1b8Dy2vi+UGQBQn3iHNJHfuhZkAoHtgJog6mVgzoS5+hamJdYyGMROhq0XsIUm3V/lzf8kVBhszyf5pVsKwpJWXC2JfqvH+ZiLOeLFYy8VmA03S3fCC2IViN8lLu6crbC5WAWYC9IFhiSO7lPEta5fdxyXEK1sig5oJvSWN4ohi/v2V6rQ3LhdLlpkaHdlJBGy8UTITQeDvdJjJlENxWi4+8Qqx9trO3ES7TMAsna/l51722ngQzORfq47c/emeshSAyQe9UOnlqiwdBzATRJ1MsJkIYdEEpDuRuZlk/xqXnwEviFNyrd5e+jflNSyxswrunnjxBdKcu52dsJbn7jZhFSzZSfbCsGYihFzSVHhfvbS7RMzsFLtaWYMyWgzV7dIuWTPBDHgwpamvsHijiUTUZ18m/nlbiHcH4vFUPOJttolv0kFmwBMxx1JLb8Efy1MGaRqYYak7kSsyitO9smbC3+ncTDADfqpwfzPJzYDv7U1YzfkZ8Nk6dO6VXhvywZZcA6WjNGay9cAVZREAkxV1X64wE0SdTJyZAAAAACWiNGYCwAMLzARRJzATAAAAugdmAoCmwEwQdQIzAQAAoHtgJgBoCswEUScwEwAAALoHZgKApsBMEHUCMwEAAKB7YCYAaArMBFEnMBMAAAC6B2YCgKbATBB1AjMBAACge2AmAGiKymbS1O5yJ5WFyIMQmAkAAADdAzMBQFPUNJNFRov45XFGS0Owy93SQAsVTe3F1RBdBmYCAABA98BMANAUlcwk6WZOwlNhtoo/bW3KmiWPwVhXXIioHpgJAAAA3QMzAUBT1DCTaGttVYGW5P1kbGbib6J9Fze75YUmo6WqvajmCAIzKU1gJgAAAHTP1DWTYHSTsgiAyce4zcTfLFcRY4U6ZmKuaTAYrfmSpHNx3fISm0l7c31xITJUYCYAAAB0j27MpCeycePm/Xz1s8+PdwfWvbX7Y1kVACaA8ZqJyZT3EFO9UywMt+TlxGxriSp3uX/8TVXOFrPJwks8rQ11HU0lNpP66vwDQO4bmAkAAADdoxszCcZejyS3XLp0la2+uubt3pd3wEzAhDMuM5EPj1B4ubmw3BZT7nif+CUJ6Vxe3SGthuyLqfH2RmYmrbY6arOx01m9xGLxSxXaG2ttddW2Zlu3uFpVYamyNTc221qk1qiycZnN4XWKE/RrWqRDtC2utzd2tjXU17NRHYvZYmB7uezZsZp4Jz0Ld6jDHaf6bkNFQ1On02LFKMqQgZkAAADQPaU3k0s/Xr1w8cqHH3/dFVhHq+/9z+eHj5w4f+Fyt7RKLkFS0ffyjoOHjrHl9z/4Oy3TprUb91G1d/cf2rbjg4GcmRw5dmrdpnfZqrByJ9VnR0n2bTtx8hwzk2hyy1eHvzt79hI7xKp1e6h9+vnlV9+yygBox7jMpCvYKvbpcwayqKaZCr09+fu7KmytzvZW5V73DTMTkgpTA/2srbQsqnNyMzEY6+tD2ZoGU6O40N5obvXkdncaah3y1vLK1N5YPH5iMDd1MTMx21kJLbOFqrxriWbiLdwRUWS0ZoIgCIIgUy6pFAlJbzKZpsRiiWAw7PV2O52upia7soelKqH462fOXpKXkEXc6L9FP48dP81L+LKc3hXbByQV8Yc3ZF55ixXSKnlLMPY6Lf/jyMlvvztD/kMt9PffWrthH6tDkvPNtz+Qk1DNXGMAaMv4zIT16QtHSOQZ8zwTJiHiUIk4991a2y16Rc5M5IfImkl28IQSalYcNG8jeTPxVlXXZafEcDPJ+cxgZtJlWWYxlNe1iuMnyOCBmSAIgiC6z4SYyedffvPRgcNs+eSpcyQYHd2rKcxMyCjYJvkysXr9XlaNmYnHv9bbs/bLv/8v28qGUDa8/t616/3089btO8xM6Cfbi4VUh8yEDsSbBUBTVDOTpR2d+fJkhypm4nE21AWc2Q/pyptJXd5DWORmMsiYidJMjHnl8IzQTFhstRY+XIMoAjNBEARBdJ/Sm8nduz+FE5vZMvkDH/RYu2HfMGYirNx589ZttszHTC5fuZ7ofePOnbtslX4yLYkmt9AyMxNq87W177AdGTATUErUMhPlXVJsNsg4zaRLGiHxsEI+z6SpngotzpZGZ9Miq6QTBWYizjOpbha31gdYC0ozqSq31La3uQMucfr+0GbSWGOppnONt4Nsp9rWTPUrKyytxY8WkTJaM1HeugsAAABMeko/zySS3HL23I+kDcw6PP615y9c/uzz4/7QhmHMZNuOD97Z+ylVi6ff4GbCNvlC6xWr/zhyciBnJgPSnJPdez755tsfduz6iA4BMwGlRC0zESeEyKOWmSySzRLhhW6PfRFJhcli6ehgmwpGUcKtbKtdmnlfbCZeX3YmjMXTMYyZdEVbqc4i8QPHOkzSrV8VVnEiDTJoYCYAAAB0T+nNRH5vFa1u2rKfFgKRjZ98dnQYM+nvv+XtWUvV3v/w7wozSQtvXrvez1dXrtpNqwMyM7l+vZ90hY4STW65e/cnmAkoJWqZyeCpaGov3gXRZWAmAAAAdE/pzQSAB4rxmgmCsMBMAAAA6B6YCQCaAjNB1AnMBAAAgO6BmQCgKTATRJ3ATAAAAOgemAkAmgIzQdQJzAQAAIDugZkAoCkwE0SdwEwAAADoHpgJAJoCM0HUCcwEAACA7oGZAKApMBNEncBMAAAA6B6YCQCaAjNB1AnMBAAAgO6BmQCgKTATRJ3ATAAAAOie0pjJ1gPZr3IHYPKj7ssVZoKoE5gJAAAA3VMaM/nXqiN3f7qnLAVg8kEvVHq5KkvHAcwEUScwEwAAALqnNGYCwAMLzARRJzATAAAAugdmAoCmwEwQdTLJzaRmdllZ2UvK0hFAu9UElIUAgBHy2Dxr8RvopbIyZVGOWYNuCtS85FSWAZ2Q9Fr/NJfOtIuaw7ysw7roMSqaZ+Ulcx8reGEkPVVl8tdEJjZ/1rRR7dJWNZ+qL7R62aptQRmHlTQvEh9V2WPTwr18JxGYCQCaAjNB1MmDZyYB6RI2ja+zSxqv+9Ij4uoCe+6a5nyJVWAkc9UA0BP0RovFYmFvW/n8GXOXDf7OEVQyE+p3ls2uUZaCqcDzM59vCGWXyx5ZYJNOiEnbgoaouNBRPs0Z43XFLY+VTauZm39heKvmPl/vlGtG2fSC0ztVKNwlqdzFV8WOSge1SgetmlX4wusoL/dkF6eVzZBvgZkAoCkwE0SdPKhmkr+YsVVel5bnP0tqYsuqiWQmYp+tuYoWyjty9QDQEfRGyy0m6dUv3yRn/GYSti18qrwDZjJFmVU2i59Xy55tyGlIx/z6mJBuXvCI8jXwkiMme2mRVswXz8D8NZFunm8tUBmqMPwuYctcZ0ZayjjFgxa/Jp0v8UeoeE3CTADQlAIzkb/3ABgVE2YmgRqmBIy5FuliErDykpoesSBnJkmpTBzoEEtmzJiWq5bdbZ54OwCDNV8mmUmg/nmq+VSBT4hm8tIjZZXd0pp7EXWScu2IV0qxhVgD/cxeMiUzYRvLxMeZv28BAN0g7wuyNxq9L6Q3RW/ZIzOaXW01i2o6MtleoPOlaVbp7Sn01Ex7vioWIm0X32hUEKuf/3yV0xeLvfR0WSCTN5OauWVO2YAjzGSKUmAm0xZ1MEmINpA5BJbNKptWvmgevRAes/ny91HJX1oSec2gXTrCTuncPcJdem0L+KYYK5zFzvuPPzW/opltoNbC6VjHsudfkr/mYCYAaAzMBKjDxJoJu8Y1PCvKgpBxLiwTByuopMNIl7e51pDkIbNraGVa7iIjuUr26iju5hScfxIvTLa0WCLuJskDlTh7JPmZq+gDiWYiXt+ob5TpWDStrMonVmaPRLxl+RFxiEa61s0Xiwrv5pI3BIBu4H1B6s+xu7mYmeT/RC1BbwbnX2bwDt9C2TtihrRM77dcga/sL22imTjEPxxkTSYHzGTK0ZuMEWQmlR5xQSzx2RZKHuIMe2cs8UlnylmscvnM/AtjaM0QT65VuRfGyHYZxEzydFdKoyjJxx6Z0eGsWTj7seetPvl2mAkAmgIzAeowsWbCFqVL2ktUMouubNVir0j885tkHaKHTBMHSJpzf/xioyjsipSvk1OL7G7SpmnTxStlVcG1SWBmIo2KzBdviy4r80mV2e7iXEpJjWaITUoPT2YmLzkKbjwAQDewN5HIY0+xtxozE3r55/5ELsLeDPwP0fK7Zdgyf7OI0DsxUDNtuvj+5dUYMJMpinzMJE/atsDW61syg/+30suGnyuH1gyBduGNjXAX2QsyIKpvAb5p5R1J2wI23i5If6iSb4aZAKApMBOgDpPITDJOcfZ58ZhJ2TTfMvGzVtgdX8VmwtyheMxk7hIvu+mr8ANaJDNh+4qbn2LL0tUuJlXPI1pN7m6upPQRMAUtAaAXivqCWTMJVM9SjJmImx7JDozIx0xyZpL9q3mW3N1cionOMJMpyqBm8tJ06Rwrm2cin3BS9NIqmGeSnUQ/8l2iVsUMeE7SsXCRW2j7S95w5OMwAswEAI2BmQB1mERmQiSd3AoK55kIcx8RCzsyg5iJuJskGQzWptgCXUHTbXTVLHtEui8rS9ZMKmeKlZ+ShlTKJDOJWcUPo8zWkq6yZTMr5fNM5j9SfG8YAHqgqC/I55kkyx6Z0eELWysW2UK52cZJZ/buyo7yGS8UzjOxL6ASm8vb3Gxd5MqbidBTJf/IL5iJDrDOE0+hj82YG5O569zpj5U98liHbHS56KUl0wxBCDsWia2MZhfvMmlse1l29uDCeeII97RZ88tzH17MSsoem9YcKvirFMwEAE2BmQB1mFxmIgg26aPoZz1bzla5mcTqRW2g/tBgZkIk5854jK5F5Y7sxamMfzZXRzkti5Nxs2TNRLqTi4kJM5OA1HLeYaRHNU1uJgGL+Nh4BQB0Q1FfkJuJ0GFdKL4T5i1qi+U/B2la2bSFDtFNFjwt9kSfWlBTmfv79MJ50tdTPD7DGZWZSeFwCswElB6YCQCaAjMB6jBhZgIAAACUCpgJAJoCMwHqADMBAACge2AmAGgKzASoA8wEAACA7oGZAKApMBOgDjATAAAAugdmAoCmwEyAOsBMAAAA6B6YCQCaAjMB6gAzAQAAoHsmykyC0U1v7f5YWTrRdAfWKYtGjLdn7VeHv1OWggcemAlQB5gJAAAA3VMaM/nk4JFDXxw/e/bS9p0fhhObBzQwk94V21e8uvPmrdtslRzj2PHThVXuz9jM5MTJcz/9dC+W2nrh4pXvTpxVbgYPNjAToA4wEwAAALqnZGbCPYH1/rUwE2/P2v/525dstZRmsmrdHjq0P7Qh0beto3u1cjN4sIGZAHWAmQAAANA9pTcTUohbt++QmVBX/qvD3727/9DaDfvu3v1pQLoh6tTp86+ueZsWaJV26YlsPHzkxNmzlzx+sYTYuGU/7fLxJ4fXbtyXaz7b7Jmzl0Lx1+/cuTsgMxMqZxVolR4GLfS9vONvH35FbXYF1mVeeYsWPvjoKzoo22vN+r3ffndm244Pdr3zyYB0OCo8f+EyPWDWMi2EE5s/OnA4d2QRWiXRokcrLwRgQCMzSQV9LpenN/9t2UD/wEwAAADonhKbybFvTvO7uTZu3s+2MougOkePneL1SVqocN/+Q6yE+v0XLl7ZvecTcg9WotAAZiA3b92OJLcMDGsmUanCgNQmKQdbZqMl8jETtkyHu3TpKi38cOYiHV1Rh/PKa7vo56Evjl+UKgPA0cBMoh6D0SKmslW5CegXmAkAAADdUzIz6ehezXLq9PmBwru5mEUw92AlzCK4SwzkzGTVuj28HcV9U9xA/OENA8OaCS+RH3EoM5Efjj3gQc0EgKFQ2UzcVivTkrbIOLqeYVdlc5ivhZobDMYG2WZVCNvNkj4ZLeZGj3LjmKCmajuVhQ8OMBMAAAC6p2Rmopj1UWwmBw8dKx4zUZgJ/QxEN7ESBdw3bvTfSvS+Qe0rzIQaHJWZsDvK6HB8XIUBMwGjQmUzqTVlu/vKDaOiVGbS4va0uduNJos7pdw8BmAmMBMAAAD6ZvKYydlzP27d/jdavXPn7srVu69d7y82k38cOdk1hBhw3xiQGgzkzCSefoMVUuMjMRP+6V7srjA63M63D7ASeU0ARojKZlLJ7uMyWqSOZ1+FyWL1Kuvcn1KZSSi7HDCY2yMFW8cCNxPH0vGJ2dQEZgIAAED3TB4zoYUv/v6/Hd2rk33bvpa+GKTYTGjhp5/uRRKbqdqGze9l25KQm8nlK9d5mx989BVVXrn67f/99of7mkk0tXXLtvd9ofWByEY60IB0uA8+/ppa6Ils/PHyNV4TgBGiqpkkPIE2W3aSiZQKW0BZZyQMZSaZsMFU1yYNdBiMVrbVUNliq2+gwurFFm+n3WS203Ju0CZD+1bUt3upvknhNjIzibUbG3zSUtDc2J4I+mh39gDIMVr8kUQ8Xl1hCUgz+sV7wEwN3i4fSVeocIp/1kz6UsuMFtolIdWXPwC7tIPBaKu0uugpWM0Wl89V7/C4mmxGo6WXtmV8hiV2apy2VjtjBa1PekZrJmkAAABgqpGSSErEYrFgMOj1ep1OZ1NTk7KHBQAYPWqaSW2FpdoV7myo42YSG9vHc4Vdcr2RInpFzNHY2JNtkZzBKy3SVrND6sT7HAazwy8VupZZ/OIObrMpO3xhLZe6/nlyZtKXIqVhDXBaqi0GczstmHK3pfW22exRcYEeiY0ZibdlWXua7yJtyo6Z1MpuZpM/AEOtOKElZ02CkOowmJqkpUx3Y50rLT7xqXs/2OjNBEEQBEGmWFKpXkoymabEYolgMOz1djudrqYmu7KHBQAYPaqZCWkJF4nx3qkzxJhJfbnsLqmwy+yMC2JH3+7OFnn5XrQLFXobstPxWXLVGNl5Jp1++W1cfbVLG7L1zS5aN8rMxCEeTRxOyafwTrVBzaSgvtEulfDRm3C+hU67XXrsVrPFUNlY7xrTWNOEAjNBEARBdB+YCQCaooaZJDxcS4xWT2Js4yRyhjATx1I+M0Tsytd3if8OYyYJZ+PQE1Tk80yy8BESV03WTISUnz0vs61b2hKncsVenCHMRPkAhjeTLH1BQ3mLbH0KADNBEARBdB+YCQCaooKZyEdLVNASYUgziTkb67uK7+Ya0kzY3VxDfOzWIGZiyBkF7cXMJNTSECgcADIYrbWdgzfJzaSxsuBuLkXtEZmJ9LwK1ic9MBMEQRBE94GZAKAp4zUTcUZ4paM7kzKMeVZJMUOYCdHtsIsKZLK6gtkO/3BmIpKprRLv6TJVKTr6g5hJX9AtDvsssaXabMxMUh1NXLrsPumImUT2MVTUeQtnp3AzYSMtxkY2zJJ/AHYvu/1saDNJB0zl0uEqGlT7ZZYKmAmCIAii+8BMANCU8ZqJkMh+4/uU60nfn4w3O7deomKcX9Kid2AmCIIgiO4DMwFAU8ZtJoJQv7RRra9Rn1xE26vb8p++ZTTWybYBJTATBEEQRPeBmQCgKSqYiY5pa2xkI0KmKtt4P3BM78BMEARBEN0HZgKApsBMgDrATBAEQRDdB2YCgKbATIA6wEwQBEEQ3ac0ZnLux/7+W3fv3VOWa8S/Vh25+1OpDgb0Bb1y6PWjLB0HMBOgDjATBEEQRPcpjZmQliiLtARaAsaDuq8fmAlQB5gJgiAIovuUxkxKNloCwGQDZgLUAWaCIAiC6D6lMRMAHlhgJkAdYCYIgiCI7gMzAUBTYCZAHWAmCIIgiO4DMwFAU2AmQB1gJgiCIIjuAzMBQFNgJkAdYCYIgiCI7gMzAUBTYCZAHWAmCIIgiO4DMwFAU2AmQB1gJgiCIIjuAzMBQFNgJkAdYCYIgiCI7gMzAUBTYCZAHWAmCIIgiO4zGcxk27ZtSTp8On3z5k1eeOnSpUwmE4vF5IUvv/wyXaD5KgCTH5gJUAeYCYIgCKL7TLiZbN68+cyZM2w5kUiwhdOnT2/atClfaWDg1q1btHXv3r3C6M1k9fq9nb41nxw8Qss3b972BdefOn3+8JETHv9aVqG//5a3Zy2vIKzcuWPXR7zClas3oskttMuKV3dSNd7szrcPUIULF6/Qck9k40cHDrPwCgAMwEyAWsBMEARBEN1nws0kk8nwZbKRGzdu0ML27du5rjDu3r37xRdfvPHGG8IozeTipavB6CayESYexPXr/Wwhnn6DVeh9ecd7f/2cV2CywSsQP/10j37evHU788pbt27fYYXU7Nbtf2OVA9ECjwKAAzMB6gAzQRAEQXSfCTeT3t5evrxv375vJVKp1CeffBKLxdavXy+rO7BlyxZhlGbC6A6s4+LBSWXe5MvHjp8evgJx+cr1RG/WVchJrl3vp12YmYTir8trAsCBmQB1gJkgCIIgus+Em8mhQ4dee+21Tz/9dO/evStXriQt+eKLL8hJ2ODJmTNntm7dyiuraCZnz15au3EfXy02E3kF2trRvXrl6t1nz/1Iq5d+vPrWro9ogZsJW/j8y288/jWyNgCAmQCVgJkgCIIgus+EmwlBQhKPx1etWvX2229funSJmQnf+uqrr167do0tq2UmFy9dTQtvXsvd1jUwmJnIK9y5c/f8hcur1u1h4rFxy362iZsJZ+v2v504eU5eAh5wYCZAHWAmCIIgiO4zGcyEk0ql6Oe5c+f45JPbt2+vWbOmvz9rCKqYyZWrN3pXbKef8goKMymuwKA6bPxEHrmcfP7lN0ePnZLtAR50YCZAHWAmCIIgiO4z4WZy4cKFzz777NNPPyUt+e6771jh+fPnaZXKk8nkxYsXeeXxm8m16/3yz9E6f+Eyq8DNhCr0vrzj3b9+zisc/+b7ve9+RvqxduM+xc1abMzkRv+tLdv+h93NJf/wLgAGYCZALWAmCIIgiO4z4WZy8uTJWCwWj8ffe+89efn27dupfMeOHfLC8ZuJYsSDj5NwM6EFqiyvcOXqjUBkIy2nMm9++tlRebPMTO7e/Skc30wVSEtOnDwrrwAAzASoA8wEQRAE0X0m3EwA0DcwE6AOMBMEQRBE94GZAKApMBOgDjATBEEQRPeBmQCgKTAToA4wEwRBEET3gZkAoCkwE6AOMBMEQRBE94GZAKApMBOgDjATBEEQRPeBmQCgKTAToA4wEwRBEET3gZkAoCkwE6AOMBMEQRBE94GZAKApYzeTznqLwTjSKHcGugNmgiAIgug+MBMANGXsZuK2isphbPDlizLpNren0x+X1bGOxUzCLpO1nZpqc7TSvinlZvVZZrJU2IPK0qlJqrNFWVQSYCYIgiCI7lMaM+m/dVdZpCV3f7qnLAJgxKj7+hmfmVQ0xDL5kvol2RGSbi4TmZi7vnEMZlLZHGaL5Da2QOFW9TBYvcoiHZDymRplulgqYCYIgiCI7lMaMzn3Y7+ySEu2HriiLAJgxKj7+hmXmdR2ytZ7HIbyJrIKu5nkpFG2QRiPmQghV2VLhP6lZoVENzXFZCLlazeaRDVK5NTIYLJ3N9tMJotxiY1Wly2xGkzWilpXdnPKbyoXrSlbEmg3V+bvNKs1WnJHzJjN4jiPcXFjn7Qeam4wmNtbrKJfLWv2s8YS3e3ivuXWtgirNcmYCDmBmSAIgiC6T2nMhDh/uf/7C9dPny9F3vrs6r8s+vqfDQgy6tArh14/ypfvOFDNTCItDdRZj2TNpEBFxmMmMUdjfZe4QM3WVlha3J6EVG40isuuJpvB7ApJcmIw2iqtLpfbYzVbXD5XvUPcStV6pfq0L5W0uT3Viy122qEvlYh3GGo7EnHx3jNuJuQhFRYXVWupbzBKIyqimZDhWMVC/kSo2Ta3r83R6oixgklH/RJLieUEZoIgCILoPiUzEwAeTFQzE8FrN5TbeoV0yOsyGOtkG8ZiJmw0g1JZ72FlZCb5u7q6Wmo7s2MloggtdQsFRwkbajrYUm+bzS4ah09+41ZuSMfLC7mZGIwNvFqtSWxQNJNcIS2LR5LMJNQru49tMpJJtDU5QqUb0oGZIAiCILoPzAQATRmXmZiWtspLKk1ZnRAHJbL0RTyiZsir3R/53Vw5xLu5ciScjZJviIjTXcpbhAKpCOc9pNMu1oy75Q0ajFbp30HNxM6r0RETWTPJFnIzEZe7xBu6vCWYnj8WMsYKm91X0gcHM0EQBEF0H5gJAJoyLjMRxzRaZAqR8FeaG2tt2fEKIdutV97cdX/uZyZDjJkMbSbjHTMZxEyIvqCr4KPJJg2JDnuJtUSAmSAIgiAPQGAmAGjKeM1khFHuPDz3NRNBMJksLW6fq7lJNs9kGDMRrIvFeSZef2DZEj6kkzaY6iJR8R6x/DyTlsYKi8vf5WlpbMzPMykyk8qa1kA83lLfYPWm2abJQ6KjqfRaIsBMEARBkAcgMBMANGXsZgKAHJgJgiAIovvATADQFJgJUAeYCYIgCKL7wEwA0BSYCVAHmAmCIAii+8BMANAUmAlQB5gJgiAIovvATADQFJgJUAeYCYIgCKL7wEwA0BSYCVAHmAmCIAii+8BMANAUmAlQB5gJgiAIovvATADQFJgJUAeYCYIgCKL7wEwA0BSYCVAHmAmCIAii+8BMANAUmAlQB5gJgiAIovvATADQFJgJUAeYCYIgCKL7wEwA0BSYCVAHmAmCIAii+5TGTH766V4ksbmje7U/tOGbb39QbtaS7sA6Om53cP2ra95mJb0rthdWGS8e/1q+fOz46U8OHpFtHBEXLl55a/fHytKRcfnytd17PlGWgkkDzASoA8wEQRAE0X1KYyY73z6wduO+jw4c3rHro6//cUK5WSV+OHMx2bdNUUhmcv7C5Xf2fhqMbjpy7NSABmZC5nPpx6tsucRm8vXh727036IjUguHj2j1iwXjAWYC1AFmgiAIgug+pTETsgL5qrwjTgu0KtaJvf7u/kPUy9+244Obt27LS3yh9ayEIL2hEm4gZAJHj5/2hzf89W9fdvrW0CYKddbZ1gHJTPhyNLllQDIT2p0qyzVGWLmTdtyz7yBbpUO//+HfqWTdpnevXL3BCtmwz5oNe/lejA2b3+NH4WbCnxd/sqvW7SFHouPueueTO3furly92+Nfe/GSqDRUZ/vOD+lZ0DOlp8+aogdDh+sKrOuXng79DqnlSHILr0CQEe3bf4ieCLUgf9Zg8gAzAeoAM0EQBEF0n9KYCXWdef9+YCgziW5a8erOs2cvUX+dfEBeQn1xVkJ9em/P2lOnz7+65m1SlAHJBDa/8T/v7P2UOv1bt/8tENnIWuMUmwn19d/76+dUP5beevbcj1Ry/JvvyUzoQFSZnGFAOjQ9ZqpDJWs37KOSve99Rg+D6tBe16738zYHJOVIC2+ywuHNhEIt0APYveeTPe8e/OCjr+iJ3L37E9XxhzYcPnKCTIyOSCUDudGejz85vHaj+ADoIW3Z9j4JzImT5+RHDyc2s+cFJicwE6AOMBMEQRBE9ymNmRBrNuwl5XjltV0DQ5sJK6Getz+8QV5CsBLq0x+V7shiywOSCcibUgzODOTMhGSGJIfdzcX78exh0E++l6g3b74/IDs0aQZrwRdaz0quXr3BXIVDvsEqkOEMbyaXL19jmwK59qlx2oXqbNy8n5X8cObivv2HSF0uScMpRE9k44D0kFavVw7X9Pffotao5t+//laxCUwSYCZAHWAmCIIgiO5TMjNhnDl7aeWq3cObCVcFuWbwEj4kwoRBPq9jKDOhXa5ey4/Y8Hkm7GFQC3xc5Ub/LaYZxWbCRmNY5K0N5MyEanp71pJXDGMm7IYr+ePkZsJ/IWyZKp/+/gI/4oD0kHgdMIWAmQB1gJkgCIIguk+JzWRAEgN5R3zrm+8rzGSYMZPu4PriMZP7momiRGEmly5dDcVfZyXDjJnQoVlJMcxM7t79ad2md786/J3CTMhVRmImfByGnv6+/YeoDj0YVsKAmUxRYCZAHWAmCIIgiO5TGjMhGfjowGFKLL2V3VJFPfJ39x86fOREOL6Zm0myb5tingkr4fNMqAU2z2TN+r18ngk3ky+/+pa2UoeezdNg3NdMaIEOkeh9QzHPhNXhZvLXv3254tWdBw8de/+Dvx/64ni2LQlmJgyPfw17PN+dOMvmrpD2jMRM6PdAVrNn38Hu3DwTaoqeEf26Vq7aPQAzmbLATIA6wEwQBEEQ3ac0ZjISioc7iksAmHLATIA6wEwQBEEQ3QdmAoCmwEyAOsBMEARBEN0HZgKApsBMgDrATBAEQRDdZ/KYCQC6BGYC1AFmgiAIgug+MBMANAVmAtQBZoIgCILoPjATADQFZgLUAWaCIAiC6D4wEwA0BWYC1AFmgiAIgug+MBMANAVmAtQBZoIgCILoPjATADQFZgLUAWaCIAiC6D4wEwA0BWYC1AFmgiAIgug+JTOT85f7v79w/fT5UuStz67+y6Kv/9mAIKMOvXLo9aN8+Y4DmAlQB5gJgiAIovuUxkzO/divLNKSrQeuKIsAGDHqvn40MZOlNU2BYERZCnQNzARBEATRfUpjJv237iqLtOTuT/eURQCMGHVfP5qYicFoqbW0KEuBroGZIAiCILpPacwEgAcWlc1kWW1zpblRWQoeAGAmCIIgiO4DMwFAU9Q0E39P2GC0UJwuj3LbKMg2wlPbqawBJiEwEwRBEET3gZkAoCmqmYm7w8dEwrS4jkuFstJoCDU3uJVlYPICM0EQBEF0H5gJAJqimpkwFale1hQMRZdUNcJMHjRgJgiCIIjuAzMBQFPGayZ9fX2ZTEbImYn8Pi4qp635qqNEYSZGo8Xl8dlqrLWdKVZSUdnoDcbrq+i4DeJ6p72xqbHS6mpztxtMTZWVjW1uj6vJZqgVH1J9haXF7fF2+RprpMpAbWAmCIIgiO4DMwFAU8ZlJvLZIJFovNsXFKeFSJ/KJd80tmknBWbS1VLflV0kD7FH+QbCW8sGZzrtVm+2yGa29OY2M28hM2kLp3NlQH1gJgiCIIjuAzMBQFPGbibRWIKsw1y9vNIs3rtVUSkKADOT3t4+WqBy2koLpoo65c4jQG4mCWf29jApDfawWNhmazKaZBNaOu2snLCb8zeSZUdUoh6xZmVjbOyjOGA4YCYIgiCI7gMzAUBTxm4m1cuaFpVb2XIgGGF6wMykobE1awuCQG9gvjwqFGMmtZ3iPWMcv62uJSYtpTuqR2ImOWxmS25kBagJzARBEATRfWAmAGjK2M2krsHJlcPpEkckhJyZNNnb+SafP6SCmQiCyWSpd3ja3O0VS9tDgtDbaTcua434uw0VdRXl9zcTc5XNG4wngr4KU/5GL6AiMBMEQRBE95lwMzlx4kQ6nd67d++WLVvWrl3Ly1Op1K5duz777LPbt2+zEurYJRIJukDzOiPkzp27nb41nxw8wku27/yQSmRVRHpf3nHh4hVauHnrdiSxmSp8ffg7tun1rX/t6F4dS2/94u//y+tfu97Pd+mJbKQKLLwCAAPjMZNOj98gzSGxN7v5LVWsxNsVoAUqZ8aiipn0RTzivVsma31bWFKLvspycbU7kXLV3N9MHNbs/WDLmrr5JqAiMBMEQRBE95lwM9m8efOZM2fYMokHWzh9+vSmTZvylQYGbt26RVtJYITRm8nq9XvlZtLff8vbs7bYTDz+taQZN2/eFlbu3LHro8NHTlAJlV+5eiOa3HLq9PkVr+6kHXn9nW8fYLsMSGby0YHDLLwCAAPjMRMhN2wyqHs02lx8UzKFqef6B2aCIAiC6D4TbiapVIovv/vuu+fOnbty5corr7wiq5Jny5YtwijN5PKV66e/v9AdWMfNZM36vceOn6YSebW08CZVYJrBWbVuz43+W4OWXLvev3X73/guwWiBRwHAGZeZAMCBmSAIgiC6z4SbyapVq65evcqWX3755W+//faLL76IxWIrVqw4deoU/fzuu+wtVQNjMhOG3EwIhZl8dfi7I0dPFpuJwl5WvLqTG0hPZCP95Lt4/GvZrVwffPy1fBcAYCZAHWAmCIIgiO4z4WZy6NCh11577dNPP927d+/KlSu5mdy4cYO2njlzZuvWrbyyFmZy6cer0eSWAZlmMM6evbR24z5en6xj5erdZ8/9yHZ5a9dH8l3YwudffuPxK28SAw84MBOgDjATBEEQRPeZcDORs379+tu3bx8+fJhPOCHoinzp0iW2rIWZ9EQ2Hjl2aqDQTK5cvdG7YjuvzyEhOXHyHBswGSiSmQFp+IX8RF4CHnBgJkAdYCYIgiCI7jOpzITNOTl37lwmk2ElJCpr1qzp7+9nq1qYCf9MLRZmGqQlJCe8PocaYeMnxbswSEuOSp4DAANmAtQBZoIgCILoPhNuJhcuXPjss88+/fRT0hI+peT8+fO0SuXJZPLixYu8shZmwmEDIOyzgN/96+fsg7bOX7h8/Jvv9777GW1au3Gf4mYttsuN/ltbtv0Pu5tL/uFdAAzATIBawEwQBEEQ3WfCzQQAfQMzAeoAM0EQBEF0H5gJAJoCMwHqADNBEARBdB+YCQCaAjMB6gAzQRAEQXQfmAkAmgIzAeoAM0EQBEF0H5gJAJoCMwHqADNBEARBdB+YCQCaAjMB6gAzQRAEQXQfmAkAmgIzAeoAM0EQBEF0H5gJAJoCMwHqADNBEARBdB+YCQCaAjMB6gAzQRAEQXSf0pjJvXvKEgAeEGAmQB1gJgiCIIjuUxozOfdjv7JIS7YeuKIsAmDEqPv6gZkAdYCZIAiCILpPacyEOH+5//sL10+fL0Xe+uzqvyz6+p8NCDLq0CuHXj/Kl+84gJkAdYCZIAiCILpPycwEgAcTmAlQB5gJgiAIovvATADQFJgJUAeYCYIgCKL7wEwA0BSYCVAHmAmCIAii+8BMANAUmAlQB5gJgiAIovvATADQFJgJUAeYCYIgCKL7wEwA0BSYCVAHmAmCIAii+8BMANAUmAlQB5gJgiAIovvATADQFJgJUAeYCYIgCKL7wEwA0BSYCVAHmAmCIAii+8BMANAUmAlQB5gJgiAIovvATADQFJgJUAeYCYIgCKL7wEwA0BR1zSRlNFqMy1zKYvAAADNBEARBdB+YCQCaopqZJLpbDaZGaclvMFoSGWUFoG9gJgiCIIjuAzMBQFNUMpNMgmykO5Vd625qNFS1FlQAegdmgiAIgug+MBMANGX8ZpKpMFkMFTZlcV9wPCMn9UsbjNSsyWpt9iq3gUkJzARBEATRfWAmAGjKeM3EXV9nqmkP9CnLiYDDZlhid0dHbychl2Fxo7W5o83RalziUG4Fw5LqbFEWlQSYCYIgCKL7wEzGTCrz5spVu5WlABQyXjNJpPoMRrtbWSzitlpCfalE76jNxG62hJRlgsGMifUjpX6JRVmkPTATBEEQRPcpmZn4wxu6Aus+OnB459sHDn1xXLl5CJJ925RFQ1Bc89jx0x3dq/nqqnV7bvTfkm0fOzdv3b52vZ8afGv3x5evXKdVZQ0AcozXTIjhzERZNiJ6vXbDEntbOJ1dz6QTcb/B7EjE44I4JmA3Gi0tbo+r6f+3dy7dTVyNgvU/yB31Wr36F/SkJ3fQ41496NGd3XsnvXr2aUk4RuFhCVmfLdtgY8vCNn6/bYWEhPcrIUBCAgQSQgivkIQQHgkECBDAYDAG/FAfVUnl8ikbjOqUkA57r72c0qnSg4+jdc++VWUqrVzx+at870brG9Y2tInjO32BisS6lvRlZm9rz4g4CURb5FEvoUwQEVF781Mme/efuHDxujT4YPRxYv2Wlo5tE9lg2LL9yGDys3jLZjMztu78WqSFcOj9feLh+xs/F9viKebxk5NTbV07xEjv4KfSkSaiTM6cu7xp22HzoVUmYkQc2dS6RXwA8bC9Z9fZH6909u7u6t8jHoqfYu8XX502n7VlxxHxjmJv5kWz3H8w1ty+TTxXbEi7AOyoLJP6hqaMic6kizLJ3LviD0Xq2rIjnVZjhJeEfCsbzW2RKOaGOLghe/99z+poZYdxoiZRYx3w1jHQkuczJ5QJIiJqb37KRASDdGLh3v1HogHOnb967PhPQxv2PxmfEINirX/o67OiYXoGP7n798NHY+OiPcTSX2ykjEgQz/r62I+ic1JGt+zYfez0ucvioXSkiSgToegK86FVJh9t+Uoc+cPpixs3fyketnfvFK9z8dKfYvzoN+fFR7p7d1TUkdg1+vCx+CTi84i3OHnqovXKAvGBReEMb9gvAsk+DiChskzERmbEqAgXZZJhqLMx85uIbWXi81fE0uGTRryFeYO8GMwMJZORJemqsbTG3yr6GmN+568l8BLKBBERtTc/ZSJW/9KIaBVRAta2ecNGt3HWImWckThw8IfUfE9MGceLn21zdzmPNMvk+p93RcOk5ruay3yKWSZiQ+y1PpJ5sEgm6+CW9m3WtuDQkbNTU9Mit06cvGAfB5Ao6DIRLMukxWyZ+P2h8njm3pVYMNRnbNjLpHa5gvctakSWxFqyp5DyBWWCiIjam58y6R369PmLSfuI6AGzPVJGBpixYV2L5SyTk6cubt522DwlIh1sslCZiI3hDftHHz7+5LPjIjYuXbmZ/PBz8XB6esYqE/O9xF7xScznmmUidolPYjpqXPoF8LoUepn4/GHjv4NWmURKQ77lmRtbbFdzzZZJz+poeTzf6/JCYiTPZ0tMKBNERNTe/JTJjt3HzEiwGNqw33nO5CVlInLCuh7stc6ZiI2rv//1yb7vxAuK2BCfxGqMV5aJFD8AOVCIZdIQjZoXYvmDUaswGiIVYqTL2B7uakr/ayelFT3Z3/tlLxNBc20s/Qqlq8rCb98d8APt8kheoEwQEVF781MmgvTN7u3bTp66ePSb83/euPtkfELEyQ+nL373/QXrPhNnmYhn3bv/6K/bD/buP/HV4TPnzl/tHfzUPGzLjiOffHb892u3RXXYj7Te0SoTwWDys8bmTSI2xNvt/vTbi5f+FKnzyjJ5NDYuPvPBQ6d//Onqlu1HMq8L8DooKJPZG98dDsnHgrZQJoiIqL15KxOAtxMFZQKQpEwQEfEtkDIB8BTKBNRAmSAiovZSJgCeQpmAGigTRETUXsoEwFMoE1ADZYKIiNpLmQB4CmUCaqBMEBFReykTAE+hTEANlAkiImovZQLgKZQJqIEyQURE7aVMADyFMgE1UCaIiKi9lAmAp1AmoAbKBBERtZcyAfAUygTUQJkgIqL25q1MZmZS04gFr5ioaqFMQA2UCSIiam9+ymTVptvTqhd8AF4gJqqYrvKoCygTUANlgoiI2puHMhFJcubahDwKUKiI6aqwoykTUANlgoiI2puHMuFsCRQdCictZQJqoEwQEVF7KRMAJwonLWUCaqBMEBFReykTACcKJy1lAmqgTBARUXspEwAnCictZQJqoEwQEVF7KRMAJwonLWUCaqBMEBFReykTACcKJy1lAmqgTBARUXspEwAnCictZQJqoEwQEVF7KRMAJwonLWUCaqBMEBFReykTACcKJy1lAmqgTBARUXuLukyG3t/3dOK5PArgGoWTljIBNVAmiIiovfkvk/bunY3Nmyzn7HtNKBPwCMoECg7KBBERtTf/ZWJx6fKNA1+clEdfB8oEPGKhSZsDlAmogTJBRETtfVNl8mR8YmjDfvFTbH/73c/d/XsamzedOHlBPPx46yHhh5sO9g/vFRsPRh+b25OTU+KweMvmtq4d5otYZdLcttX22gBumXfS5gZlAmqgTBARUXvfVJm0dGz7ZN930mB7z66UUSbWVV5i23le5d79RwcO/pDKlkli/RbpAACXzDtpc4MyATVQJoiIqL1vpEy++Or0+Z9/tx6eOXd5YOQz67YTUSMiOcxdYtu6Xmt6ekYc1ty+TRxmlsm6tq0iS279dT/7SgBqcE7anKFMQA2UCSIiau8bKZPWzu3W9uTkVHPb1kNHzooCMYNkoTLZsuOIOOzu3VExYpZJU+uWI8d+HNqwP/tiAGpwTtqcoUxADZQJIiJqb/7L5PDRc6fPXrIeXrl66/iJX8ztptbNqYXLxLqZ5Nz5q/aruU6cvGA/AwPgnkIsk/VtnVWxtT5/aPnKqobGZnk36A5lgoiI2pv/MrH/ymDz8q3B5Gfxls3i55btR1ILl8nNW/fEYcI/b9y1l4nY6OjdNTk5ZR4G4J5CLBPRJHZj1Q3yEaA1lAkiImpv/ssEoPBROGkVlImZIol1bfbBsmBUDNpHQG8oE0RE1F7KBMCJwknrtkxEkCxbUSWPGohxKVcWT2R5hT8Q8gXC4eqEvA8KEsoEERG1lzIBcKJw0rotk7L3ou0d3fKogRgXe4eGhuUdr6SjzvduNFzdWF+7xr+0Vt4LL2UgXiMP5QXKBBERtZcyAXCicNK6LROfP7Suud28oMsaLA/VWOO1q+O2wxdFLBjqkMc8pHa5bledRZa+gT8RZYKIiNpLmQA4UThpFZRJRXTNvGVijq8MVdsOXxR1K0OJEWks4QtnLusq94fKqjuNjXBbXSz91oFw84CxLx7zLampC6dvcSmvbbWeXGOMlJbXNfeZr5uIrEsOt6d/k1hfW/qn9PmLnoGWQLRFHvQYygQREbWXMgFwonDSui2Tmtq42SHOMnGOL5qR0kD6iZE66zaVectkNmD85rvE06GSeUJFuKbH2IiE68xuGWmJlIbMMZ8/XB43R9OvY25oxUBLns+cUCaIiKi9lAmAE4WT1m2ZCLq7+95bXmkvkH9W1YuHYjzXMskw1NnoC0SNzfnLxDqyIWxcAJYuk4rsWMI8LGj/APFYZN3sLhMty6SvMeYvrZRHvYQyQURE7aVMAJwonLQKykQwNDS8uq7JPmL+Vi6XZSIIZJ7+qjIJOcpkpOktLpMRkSWxlsxJofxAmSAiovZSJgBOFE5aNWWyEO7LxOcPG//t9C1ba2yM+Gxl0jCYOcx+NdeQMdIQyl7NVRGuNTbsV3PZyyRa5uoTFh7pLJHHvIcyQURE7c1DmczMqFznAXiNmK4z6masyjJZvrLKniLdPemruXK4A74hmr5hXegPRq3/t39zdfqCsdLyulhwtkyaax13wPsrzPvd7XfA1xsvWFq+Jt6duQPeXibJgVb3BVVADLTLI3mBMkFERO3NQ5kIVm26TZxAUSAmqpiu8qgLVJaJdcu73XjTbCGoZZ6rsObcZwJ5hTJBRETtzU+Z/Hh9IvjBraUbEAtdMVHFdJVnsAtUlkmeoUwKCsoEERG1Nz9lAvDWQpmAGigTRETUXsoEwFOKuEygoKBMEBFReykTAE+hTEANlAkiImovZQLgKZQJqIEyQURE7aVMADyFMgE1UCaIiKi9lAmAp1AmoAbKBBERtZcyAfAUygTUQJkgIqL2UiYAnkKZgBooE0RE1F7KBMBTKBNQA2WCiIjaS5kAeAplAmqgTBARUXspEwBPoUxADZQJIiJqL2UC4CmUCaiBMkFERO2lTAA8hTIBNVAmiIiovZQJgKdQJqAGygQREbWXMgHwFMoE1ECZICKi9lImAJ5CmYAaKBNERNTe/JTJ6bOXGps3mQ69v0/e/VJu3Py7rWuH2Dhw8If7D8akved//v33a7elQYDCgTIBNVAmiIiovXkrkytXb8mjr4lUJh9vPZRYv0V0Tt/wXhE8tgMBCgjKBNRAmSAiova+qTLZsv3IvfuP4i2bv/jq9IPRxx9uOtjUukVsiF2Xr956f+PnIjZ27jkmHoonNrdtTTnK5PmLybt/P/xw05d79h4fNZ4IUIBQJqAGygQREbX3TZXJuratFy5eFxvbdx09deY3c7Cte6f9mE3bDj+deL5QmQg6eneJp498cEBEjn0coHCgTEANlAkiImpv3spEdMXJUxeFZkUMvb9PVEdqbm+YBXLj5t+iScybUl5eJgCFD2UCaqBMEBFRe/NWJtI5k5eUSWL9ls3bDj8aGxe7KBModigTUANlgoiI2ltoZSIGP/z44NTUtHjY1b+HMoFihzIBNVAmiIiovXkrE+tqrp8vXEstXCbiZ1Prlq8Onzl3/mprx3bKBIodygTUQJkgIqL25qdMAN5aKBNQA2WCiIjaS5kAeAplAmqgTBARUXspEwBPoUxADZQJIiJqL2UC4CmUCaiBMkFERO2lTAA8hTIBNVAmiIiovZQJgKd4WSbdrcPyEGgLZYKIiNpLmQB4ildlUhcK+96LllV3yju8x+ePyUPgPZQJIiJqL2UC4CmelEm8qtIXCA8nEzmWSWedzx8K1vbYx0r9ofK4fWBBXqtMIqWhPnkMcoEyQURE7aVMADzFbZkEAiFREXNcsqq1x7yMK/cyWRGq8vlXzY6MtAQjNcrKJFHTIQ9pxEBLINoiD3oPZYKIiNqbnzJ5MTUzNjGFWBSK6SrPYBe4LJOWuVkS7eobtO1NBMJrm7tHbCOLo7OuvL5pRSBkDQytrapJ1Kkqk0RFWOcySSYjS2f/p8sblAkiImpvfsrk+uiLQ1fHEYtCMV3lGewCl2WSmFsmUhIYe0tr5w4ugk4jQtbVhBNG1fSsDfpDyXjMLBNRKf5grLW7a8W7oQajgzqqK2LhcLS2KdGbfmh+jPLSUJt55mYg4Xu3MrGuORAI+cOJ5MhgNBhq7u3t600fHQuai/hOseEPVNQ3NIWXhirbjLGRFl+wRhzW1hDzhxuNoaJBxEmez5xQJoiIqL15KJPxZ9N3nkzJowCFipiuYtLKo7nisky8uprLjBBfoEr8rFwa8kdarDJxHibKJNMSBqJMRJY0DGQeRpZkTyB01pX509siQqxzJvYy6coe5xMBY7xsQ/Ywn78iu1ksjPTVV9V25O+3o1EmiIiovXkok7EJsgSKDIWT1m2ZJI3FvdkkXcPDrQ114eWrxHZz34j7MkmfKknf+74qHR5WmfS11kQr/UYRWWViJUQyXRHpD2A9DM4Np+TCZZIdy5RJ3+poLPvxfUtqsnuLg77GmL+0Uh71EsoEERG1lzIBcKJw0iook/LMon/OWQVXvzU4WyZD9ZU13S2ZX9KVKZNBEQnmRV7J9bULlEksmezxlWYuLZs9Z5JlkWUiWLbE+KOVRvN36kEFIktiLdlzRvmCMkFERO2lTACcKJy0CsokURG2TkfMIed/aTFbJsnkiHjZIXMze85EjJRGGtvWNfqWrlq4TJID8VimiwYSvkC4vqGpprIquDQqBtqqVi2rSrT1tg+9okyaAxWt2cGioa+xKv9ZkqRMEBHxLZAyAXCicNIqKJPkuhq/USYN6Su4VDBbJkm/FTzZMolXRtM3twTCXcNtLykTo2pWRdenP1J9NCo+nv/dimDUuJF9pMe8GKzrFWWS7iJT/3s12b0Fz0C7PJIXKBNERNReygTAicJJq6JMBMNd0WidqjApEMr84dkHjVXWPScwL5QJIiJqL2UC4EThpFVUJjoSLg3VrGvv6+3tam2e51o1mAtlgoiI2kuZADhROGkpk4Xpaw2Yd8AvCdc098l7YS6UCSIiai9lAuBE4aSlTEANlAkiImovZQLgROGkpUxADZQJIiJqL2UC4EThpKVMQA2UCSIiam9Rl0nDur6nTyfk0bzz4aY94mNcuvzHe6F6eR8UJwonLWUCaqBMEBFRe/NfJj+c/umb46eFx46fcrmUd5bJ9T9vVcRabt+59/e9B+L1K2vX2/d6CmWiE5QJFByUCSIiam/+y8Ti4m9Xd+z+XB59HaQyufL79ZUV8cnJSWtk8/bPRKJYDz2FMtGJhSZtDlAmoAbKBBERtfdNlcmuTw6+V55Zx/cPbxEPb9y8bY70DHzc3Dbc3f/Rjz9dFNtNLYPm9rPnz83DxPEXLl5JZcvk2+9O7977pXhYtbrt7t/3xWHLVzWULV+9prFbDNau7RJ98mD0kfley8Jrxc+lK9d8vHWvKBmxYY6Lp3y2/8hPP/8mNi5fuSZG4i0DXx87KQbFp0qsH7p9557Y1dn7ofmBzY9hfeB5r+YaTG4d+WDHN8dPjz5Mv7t4L/Es8QriA6eMknl/484/rt0QH0N8yNbOpNgbLK8z/2jwZpl30uYGZQJqoEwQEVF730iZiHW8WIs/GnssjYvSSBkL/UhVszkitu/dH51zkPH0nXu+SBnHf3X4OxEA5uDho9+LjdA/m8TP3y79LkJFbFTXdUxNTbV1bRA/Hz4aE5Vy4uQ5sdd8KbH90y+XxMbKSKM5IlrCfKL5UyDeyzzxIg62t4d4R+sDz1sm4cqEtW1/U5Ef4k3F8QcOHjNHVlWtMzfEC4pXM7fhDeKctDlDmYAaKBNERNTeN1Imu/d+eebcL9bDk6fO1zf1BoLVwpSx0DdX/Oa2db3W9PS0OGxZaK04zCyT98rrl65cc/PWHbEtqkOs/lPZVb7YNjdia9pTRnj8ce3GqTM/X7h4RTz3/oOH5muKPLA/K2V0iLltfQbreKtMxAc2P4b1gectE+sVUrYXEYjDxEtZb52iTAoP56TNGcoE1ECZICKi9ua/TJ49f26djkgZ96x/tv+IuV0Ra0ktXCbWaY0Ho4+scyZib7gyMTMzY50zES8+Nvakpr4zWt1y7frNw1+fSBk3nKxp7DZPxfxw+ifnORPzKq+U7ZzJQmVifWDxMawPPG+Z2M+Z2N/UOmdCmRQslAkUHJQJIiJqb/7LJPTPpq+PnTR/PZfwyfhTsb7/8aeL5h0dqYXLRKSFOOz2nXsrK+L2MpmcnIzWtIqHIjxu/ZU+f+LEvKDLvEsklb7lo24wufWPazes+0zKlq/esmOf/T6ThcrE/MDmx5j3PpN488DZHy+kjNtRPtry6emzv4hAMt/0xs3bvYObrPtMKJOChTKBgoMyQURE7c1/mZgXQVmKkbVNvaXLasXPvqHNqYXLRCzrxWFCsdC3l0nKONki+qS9+wPxIubBTg4f/f7UmZ/N7XPnf61a3SZe6ucL6RMmKaMN1rUNmy9ujixUJqnsBxZHWh/YXiaiea7/eStlnB0K/zMhjrx95++U8aZL3qsx78tPUSaFDWUCBQdlgoiI2pv/MvGU6enpptZBETwrIo0d2TMkgrt/349Wp6+8WgirDQBSSictZQJqoEwQEVF7NSuTeRFZsjbRZ17xtRCUCdhROGkpE1ADZYKIiNr7NpQJwOuicNJSJqAGygQREbWXMgFwonDSUiagBsoEERG1lzIBcKJw0lImoAbKBBERtZcyAXCicNJSJqAGygQREbWXMgFwonDSUiagBsoEERG1lzIBcKJw0lImoAbKBBERtZcyAXCicNJSJqAGygQREbU3D2Uy/mz6zhNl6zwArxHTVUxaeTRXKBNQA2WCiIjam4cyeTE1c/SP8Rl5GKAQERNVTFcxaeUduUKZgBooE0RE1N48lEnKiJOxiSnEolBhlqQoE1AFZYKIiNqbnzIBeGuhTEANlAkiImovZQLgKZQJqIEyQURE7aVMADyFMgE1UCaIiKi9lAmAp1AmoAbKBBERtZcyAfAU12XS0xKOxEx7RjJj8epacyTenR0C3aFMEBFReykTAE9xWyYd1RU+f8g01pEZLA1kRsqqO+ccDfpCmSAiovZSJgCeoqxM5kbIyHyDr0uPb+kaeQwKFcoEERG1lzIB8BQVZRIIr4hUiQ4pb+wzxkb86SwJBwKuyiRREY4sD8mjUKhQJoiIqL2UCYCnuC2TrpqKcHzAqhGx0dcYMytlIB4rq+mSn7BIRlrCS0J9q6P1g/IeKEwoE0RE1F7KBMBT3JaJDTNO0mZPnuROfXnIt7whmRz0LVubGYrHKqsrwtWNDW3pR7FgKFzbVF9b4wvWdRi32VcGV9Wva+9rbxEfwHodyBuUCSIiai9lAuApCssk2VaVuedkWN7z2gT9oRVr06dL/P5VmaF4zFcasw7w+SvMDX/2SIuaZaFcz9RA7lAmiIiovZQJgKe4LpORTBWYF3GtiFRlL+tKM5TjLw1uNwvHNGG+SDwWm71pJX1iZNZwQgx1NawJlGZGsr8kDPIHZYKIiNpLmQB4itsy8eIO+EQkbFyxZdLuK28aSkpl0usL1s0eIlhfG6ztMTfrVlImbwDKBBERtZcyAfAUFWWSOXeROU+SzJ4/8eX6W4NXBObcKOLzR2t6pDJJ2t8uTSK2ojFzgiYYoEzeAJQJIiJqL2UC4CnqyiQwmwoDcTdl0jN717tB7fJQ+h82mVsmyZG+snfD6bcI1yWMkyXlwfRD/9LKgfpKyiT/UCaIiKi9xVgm+784efvOA3kUoCBxWybJnpZwJGbak72rJF5da47Eu3O80QSKDsoEERG1N29lMjU1vXHzlx9+fFDe8TpcuXrrzt3R02cvPZ14funKTXk3QOHhukwADCgTRETU3ryVye07D9q7d67v2iHveB2G3t/X2LxpYOSznoFPxIa8G6DwoExADZQJIiJqb97KpH9478bNX27fdfTx46fi4YGDP4iR4Q37z/54RTw8fPTc3v0nLly8PrRhv3n8R1u+uv9gTMTM1NS0/XUE3f17Ovt2S4MAhQllAmqgTBARUXvzVibtPbvu3X/06NET0Scpo0ya27aau0SctHRsM7d7hz61niI4ffaS6BP7yK8Xr9++80CUzMTEc/s4QGFCmYAaKBNERNTe/JSJaIntu46a2+YFXaJM2rt3miNiu7F5k6U5uOuTb+Itm8VDqUwAigvKBNRAmSAiovbmp0xGPjhw/MQvJ09dFHb373kyPmEvk9NnLzW3Z86ZmOzYfWx09LHYOHjoNGUCRQ1lAmqgTBARUXvzUybrshduCQ4dOfvbpRv2Mrl950Fb987JySnrmI+3HjJvRxFJQ5lAUUOZgBooE0RE1N48lMno6OO9+0/YR0SH2MvEpH94b2PzJvMuFFEpLR3bhKJhKBMoaigTUANlgoiI2puHMgF4m6FMQA2UCSIiai9lAuAplAmogTJBRETtpUwAPIUyATVQJoiIqL2UCYCnUCagBsoEERG1lzIB8BTKBNRAmSAiovZSJgCeQpmAGigTRETUXsoEwFMoE1ADZYKIiNpLmQB4CmUCaqBMEBFReykTAE+hTEANlAkiImovZQLgKZQJqIEyQURE7c1Pmfx1f/zu/Yd37o2iZoq/VvGXu+/ai/8y+OCdfk0UfxZ5BruAMgE1UCaIiKi9+SkTskRjxV/uvzgW98WuPINdQJmAGigTRETU3vyUiXM5izrpXNkXu/IMdgFlAmqgTBARUXspE3Svc2Vf7Moz2AWUCaiBMkFERO2lTNC9zpV9sSvPYBdQJqAGygQREbWXMkH3Olf2xa48g11AmYAaKBNERNReygTd61zZF7vyDHYBZQJqoEwQEVF7KRN0r3NlX+zKM9gFlAmogTJBRETtpUzQvc6VfbErz2AXUCagBsoEERG1lzJB9zpX9sWuPINdQJmAGigTRETUXsoE3etc2Re78gx2AWUCauju7qZMEBFRbykTdK9zZV/syjPYBZQJqIcyQURELX1TZdLT07NhwwfOcSxGnSv7l5t6PvmPQ0/2PJj59cJYZuTRc+dh8zmWmk45BtUrz2AXUCagHsoEERG19I2UyfWbf23dtn1waMi5xsVi1Lmyf7miTIyNx6mxF//m2PsyD704cnMq4RxXrTyDXaCsTPz+kM+hfBC8HVAmiIiopW+kTLZt2y7i5MuvDl+8fFU8PPD5Fx988OHHH286cfIH8bC/v//Qka+/OX5i565d4qH4+fkXB3/97bIYd66JsRB0ruxfbrZMxlKjz/6HOTL6zNz1MJU68dP4f3zzLPXouTNaTrxIvdP/MHUv86x3+p/efjS94fsn/zj0WDw8MJ7q/3psw72Z1NSUefyBv14kvnlc9tPkH5czJ2cWqTyDXaCoTNrWiA5ZEYmFLZev8vkr5MNeg5G+tkZ/IJ03wUhdokfe/RJiwVBda1fD+kGfPxxpkfcqwReolIfABmWCiIha+kbKxGyMm7f/FkFyxygTqzo+P/jl1Wt/mtvSSZWNH30kvQ4WiM6V/cvNTIuJTD+kR2bLZCZ7zNQG5xPHXoif56ZTf1wxS+PpxJ2J2b2Z4HkiEkV+Yvb1F+mc6esORWUSj0lnSForV/mCdQ2VtYlB+/BiaYiExQuWV66tr6vzByrrBuQDXkIg+0l8gVWVbXP3KcIXqJKHwAZlgoiIWpr/Mrl+86+PP95kbvf29d0xymR4eMQc2bZ9R48NMfLd9yc/3LjReogFqHNl/3KN+0zSZzlmRxZTJpuezU6p8XSiiDJ5ePPp7IvYMEf23J1++GIm/bioy6RvTWX62q3AqtkTJpF0qETXi0iI1rzO6Y4MPWt9KxtfJ0bm4O5czYL4vXlZLaFMEBFRS/NfJrt270lfrPXtd8KNH3108fJVe5mI7ctXr1kH//LrpS+/Omxuj4xkjsFC07myf7nZkxu2kVeXydiWR9aZkKfGZV3pjbllMm07/sE7F6aOHDe3x4u7TNKnR0SZhJrsg2IkIX4G6zrso4ujo7pCVI2ThmhUvGzgvZr6rmFzxBdcWxOOpi/6WrKqbySZHGyJrUwfY57AEYkS60wf1tdcZ7v7JZZMJnzhRPZVE2XVxkHJRGRdcsXSsG95g3gw3JUoLU0fX9eefq94pMJ8enpf+pVj5pPFuweWiCoLN6ffPk25P9TTWCuO9Ns+59sGZYKIiFqa/zIZGh62tk+cPHX0m2/tZXLm3PnPvzhoHXDu/C9fH/vW3O4zTrBgAepc2b/cXMrk8Ivb2V3CsuvTa9Ibc8rkwHhqz5nxfxx62n/deP1DLx7enPiPnQ+3PJgp7jKZ9973dBt01s0bGK8kFgw5e6anNhpdb67+e2qXhxLGplkgBgO+slpzyzpnki2TQd/SNcZAW7TMPH7+MvH5w9nBWcSfzjzWfirGLJNEJGxdZhYpDZknh0SZNJiDLbXWdWVvG5QJIiJqaf7LZNu27faH/f399jIRHvv2uPi/vD09Pbv3fCIefrhxY29vr/i5Y+dO+xOxcHSu7ItdeQa7wHWZjLQ4myTtykbRD/LBi0M8MS6PJSNLbK/WWRdc3Zu0nbuwbzvKpNcXrDMGXlEm2Q2DvtaysvS9LsJy49M4yyRoD494LLIu/d/y2cGEbfvtgjJBREQtzX+ZoH46V/bFrjyDXeC2TAbqjZtMHIpyWJbrury1cp47112USfq8R9fAcKKywhcwd72qTFrXlAZCNU1tfb29ZZTJ60OZICKillIm6F7nyr7YlWewC9yWSbmjSUwHkiO+lY3y0YtlwOcPL6tttw/1rI5G1jmv5lpUmYRLpcu0On3L1poXX3XEKpxlEguGsqdZRl5yziRREa7N3t9vv5orexRlgoiIqJWUCbrXubIvduUZ7AK3ZRJeEpr3Lu++hqra9FmNXBnpa6urzfx7Jv9s7jPGmmvTv/Ir8F5NXXvm9o5FlkllMJtMgXCPkTTN1ZWlmTvXO51lIt49Xpm+k74s0hQty5RJT2ONGKntNl8581710aj5OvHu2TvgzQ3KBBERUTMpE3Svc2Vf7Moz2AVuy2QgkV6vz+uQfOwbYqTTH4zVNzQJa6JRf4U3//gi2KBMEBFRSykTdK9zZV/syjPYBW7LpPCJR0Kt1oORThfXmMFioUwQEVFLKRN0r3NlX+zKM9gF+peJyJHy99K/Zcv/bkUwslbeCR5AmSAiopZSJuhe58q+2JVnsAvehjKBfEOZICKillIm6F7nyr7YlWewCygTUA9lgoiIWkqZoHv/xbGyL3blGeyCY8eOmVkiNkrkBSZATlAmiIiopZQJuvd/bn3kXNwXtfIMdsGOHTvNMhEbJfICEyAnKBNERNTS/JTJ/UfjzuUs6qH4yxV/xfuuvdDjzIn4U4g/izyDXWD/upXIC0yAnKBMEBFRS/NTJhPPp27dG0ctFX+58t832LB/3UrkBSZATlAmiIiopfkpE4C3FvvXrUReYALkBGWCiIhaSpkAeIr961YiLzABcoIyQURELaVMADzF/nUrkReYADlBmSAiopZSJgCeYv+6lcgLTICcoEwQEVFLKRMAT7F/3UrkBSZATlAmiIiopZQJgKfYv24l8gITICcoE0RE1FLKBMBT7F+3EnmBCZATlAkiImopZQLgKfavW4m8wATICcoEERG1lDIB8BT7161EXmAC5ARlgoiIWkqZAHiK/etWIi8wAXKCMkFERC2lTAA8xf51K5EXmAA5QZkgIqKWUiYAnmL/upXIC0yAnKBMEBFRS/NZJh/8+uy/Do++0/8AsTD937vG5FnrGvvXrUReYALkBGWCiIhamp8yOXdvyrkKRCxMxXSVZ7AL7F+3EnmBCZATlAkiImppfsrkXzc/cq7/EAtTMV3lGewC+9etRF5gAuQEZYKIiFqanzJxLv4QC1l5BrvA/nUrkReYADlBmSAiopZSJohO5RnsAvvXrUReYALkBGWCiIhaSpkgOpVnsAvsX7cSeYEJkBOUCSIiaillguhUnsEusH/dSuQFJkBOUCaIiKillAmiU3kGu8D+dSuRF5gAOUGZICKillImiE7lGewC+9etRF5gAuQEZYKIiFpKmSA6lWewC+xftxJ5gQmQE5QJIiJqKWWC6FSewS6wf91K5AXmIhhK1Pj8obnG+jo65ePgbYIyQURELaVMEJ3KM9gF9q9bibzAXAQd1RXOMhGDgUhCPhTeGigTRETUUsoE0ak8g11g/7qVyAvMRbBQmYiNAflYeFugTBARUUspk+Ly3z4dO3xj0jmOapVnsAvsX7cSeYG5CF5SJrnHSWddILy2vqGpvq4u9xeBNwdlgoiIWkqZFI4f/Prs278mlx8d33Tp+f/aOeY84J3XL5NHz2fMjf6fnzn34kLKM9gF9q9bibzAXATzlUkoHImZVjb1yk9YDJ11ZdXZO1U66spquubsdYffXyEPgWooE0RE1FLKpHD8+f7Uv25+ZB95/GImfmpCbGz49Zn/0JN3jDI5fntycjp1e3w6evypedj3d9IjgvcvPHvyYub5dOrLP19YryB+/uf+x+ZfhPlq+Erts9cl9q9bibzAXATzlonlbGC8FvYy6Zwtk5pwVLzmiurWvpH0w1gw1JdYk36jQLih2xhKMxIMhtN11JDtmXgskRwuXRIKrm6LRzKftsH2goFgdDj7ZFACZYKIiFpKmRSOH118/snvL/77xofWyLxl8mI69e/7Hos+eWJUh3AmlXr3yLhweibVfGZix5Xn4hjrFcyNCw+mpLfDlyjPYBfYv24l8gJzEXhbJsMDZYHM1VyJinCDsdVTK3JiVdIok5qezDOCgZCxb23Qb2yIzdXRyDojV+IxX2ksc1wy6bPOmXTWlcetYVAJZYKIiFpKmRSU//fzx4duvJicTv23kdF3FiiTr29mruayYuPiaGbD2SHOEVyM8gx2gf3rViIvMBeBR2VivUIw2mSORZZkkiPdLUZ+pJecb4AAAAFKSURBVM+ZZJ9RtzKUSCb7Vkdnw2Mk4a9oSW/EYyvWDmYPtJXJSItv6WyxgEIoE0RE1FLKpAA9/tdk7ffpK7XmLRPrPhMRG/9nd/p2lJd0iHMEF6M8g11g/7qVyAvMReBRmWSeONDoD2XKJOgP9fX2WiaNMrGe0RGraDDOq/j8Vmx0+pY3pNMlHovZPsVsmaQZqYlGfQHuPFEMZYKIiFpKmRSgkW/HRy6kb1h/8mImcTpdJufuTVllcv3xtNj4f188+XtCrg5nhzhHcDHKM9gF9q9bibzAXATelkkyGV0aajWuyRLVEeuwbiZJI8rESg7zLEqypyFzWZdxNVc4kbmaa+EySWNWDSiEMkFERC2lTArH47cnzf+5vr+TOSvS8MPTB89mpmZSw7/MnjMR29Id8C/pEGvk3/c9nkmlVhunYvCVzp2/rrB/3f4/rDVkUItj4KcAAAAASUVORK5CYII=" alt="Screenshot" width="100%" ></p>
<p><img src="data:image/png;base64,iVBORw0KGgoAAAANSUhEUgAABDMAAAIGCAIAAADGMlPIAACAAElEQVR4Xuy9+5MUVZ7//f0nNvbn54nYv+H5ScW+0g1d9/u9KmLGNXZjNjbCmJkfZmPdmfG7jo4iKiCIiooidwERxAugzKgoiCCDDIgDNA19o+kbTV/r+WR+qk6fOtVZVHWdaqor3694R5N58uSlmsqT+eqTp+r//L8bf0IQBEEQBEEQpPHzCv28/P9svJIvubxQBTlXFqhTceQ9msntpaDw//u/H/yfojURBEEQBEEQBGnE1LGZ/GLX+f+TAUAHiWRKLQIAAAAaiHQ6nUqlkslkLBYLh8PBYDALwHJjbi47O5edmctOzsyNTc3euTd7e2Kmb3zm5th098j09ZHpayPT/xieunJn6vLQ5KWhKcrfb09eHJz80cyFfP42UCqi2oX8irSFS7eNrdFmfxqa+nl46h93pq4NT10fmTr819NH/nrq069OH/v6NMwE6AFmAgAAoIFJm5CZJBKJaDQaCoUCgYB60wfAcmB2bm5mbm56NjsxPTc6OTsyOTt0b7b/7nTv+MytsWlSlJ7R6RujhqWQNrCrXB02dOXnO2aGjZC6lA5Xo/q0IoW2cM00Hw5tn/ZCu6OdfvLl6U+/PEVa8sVJmAnQBMwEAABAAyPMJB6PRyIR0hKv16ve8QGwHJiby85lsyQnU7NzkzNz92bm7k4b/SeUUSNz5CrDk7N37s0MTcyQtBgxJ25PzNyeoJ+zgxMz5cSsTD/NjeR/3rlnbHn4nmFEtC9SoxMnT1H++s2pL7/5FmYC9AAzAQAA0MCwmSSTSTYTv9/v8XjUOz4AlgnmM11zM3NZkpOpWeMn+cnE9OzE9NyEKSrjU7Pjpq6Mm8aS85ZJMzmByWnMQpEqTM6vzpuizVLumpkwdjr3pekkX5mBmQA9wEwAAAA0MLKZhMNhn8/ndrvV2z0AlhXceUKKYo48MUSFMj07Z4Ym2Fs4WRFeVGakFXObyi8y9sJ7PPntt0a+oXwDMwF6gJkAAABoYPhRLh7+HgqFvF6vy+VSb/QAWLYYllKc7P1jis18iisskMK9fPPNtwKYCdADzMS28N8RAQC2RW0UGpR0kZk4nU715g6ARkdVlzJyX+a9BGYCdAEzsRXqjYl5wQYA2A21IWhoS0kXmonH44GZAKAFmAnQD8zEJoj7D3FrkgQA2JtiUVEbjoYAZgJAjYCZAP3ATGyCrCV8U5KQiAMA7IF84st+YiszcTgc6h0WAKByqjUTanISqUw0mS5KZsHEkplUYzZTYB6YiR2QnYQ9hK7QUZMIAMB+8OlP7QC7iuwnavOx/IGZAFAjqjITcoyHXAkpyYfcxUm0B1KUhzxJM6mHvKlgogHbKSCAmTQ84qrMQkI3JRs2bJiYmFAbGACAzaB2gFoDFhVqH9hPGq/zBGYCQI2oykxc4VRpM3nYnWj1J5Npw2GafQlhJhR1W5roXLWqra2doi7QCu+i1ntZvsBMGhu+yaCrciKR4H4SmlCbFgCAjaE2geSE2geagJkAAMqnKjN5yClriWompCXBRFo8u0V+IptJsjZtVFNz80MPPUxRF2iFd1HrvSxfqjcTny8gJxTn4rhSXu1utOJsXakWNSJCS7jDhG4+6KqstisAANuzfv16ah9Et0mDPdYFMwGgRtTQTFYGkvKQEuPRL8lMajTaBGZSD1RvJg6n1+ny5eP1Rrg46nCKQp/T6U0UrrUACV9r6ypvTmwUoq2tK51htXTR2M1MEolENBqlS3IgEFDbFQCA7Tl37hy1D9ynCjMBAJRJrcxE0RKa9MTSMBOboMNM/PMzkcC8mfii+dJEwF2WmbhcXa3tbrU8kwk5Vjrq20zCTs0b1AKbiegwIS3xer1quwIAANkstQ9ytwnMBICG54svvpAHne7fv39mZkZafn9qYiYtvkSi8NbUn9MSmIktqCsz8SUyUVdHUl2QaV3ld9axmaST/tVaN6gL5XpMWuJ2u9V2BQAAsllqH6iVoLYCZgKAHZienv5vE5aT3bt30/SOHTvu3bunVrWmJmbSESoYRkJtUUtu+DvMxBbUm5lk4t6iB7qiXcGUYiZhn6tzZUdr60qHX+zF2AJVifqcHW0rWyVVSCdC7WZJx2oXl5hmku5a1dlG5W0dvkiBDYV8Li5vX5Wrz7Q6w+lEuL3d2G9b+6o4/+biPpoVyddNrersNKqtXNXZ5anNCXR/xPWYH+WiOw+Xy6W2KwAAkDcTaiuSJjATABqeffv2kY1s3bp1eHiYLaUiLcnWzEzSuRssE5KQRz0wExuhw0x84Ug0F79/3kw8oXx52Osq20xIANqccrF/lXG7L5uJs31lXLwnU+F2V26XtAWnc5XS5dLatto7XzsHba3dGRKzqaDTX9xTYyIfDLmKvClPR95DEr6Owj6T1vYCpXkg8KNcYpBJIBBwu924HgMAFoTaB2oleKgJm0nDyAnMBAAruKtkcVqS1WsmK9zxZk/sEXec4oka38AoSJKceAs+NbjYTFatWs23++FIRNz6UxxOp9yWNTe3yEspra1tYmmxmTz0cK7aikcfjcfjjzyygmfb2tofevgRsRHarFiF8Hi8yl5Wd3WJpaKwuEQutC3Vm4k28maiPNDVusrok5HMJNrukvpJaFGbZAjemLwo6u5QO2BMip/marV4VszXOV+ztXX+fWUQzx1w3ZoJj2RNmB8JSvccLperq6tLbVcAACCbpfaBh5okTDNppAe6YCYAWCGbySK+6EybmTzsIhtJh+JpdyT1sDvREUqFE8ZzXAJnhL9s8f5m8nBeHkRa23LuQZaiLOK43LkhzoqZ+Hx+UYe0hEqEmRTvxZ3fiCEtRbugUPPKFUQJz65c2SFK2leqt6c2pA7NpPCBrmhXyDjCeTOJ+xyFEhFYPW8mil94Ja+QWaSZKKPzxQEXmYmzfWXoQX9F6YJmsnr1arVdAQAAmAkA9mNqaoqd5H/+53/o5/bt29Ua90ObmTgj8w1OOJEWciJ6Tu77qcHCTPj+nk5y2QqoQjgclkuURKLG37xlMxG9JRRqO3gvwkwoj6x4tKurS96IchjF4Rcpz8pa0taO7140qEczmX+GKsmPcmVkMwm75HEdnJzISFtgig2EKS6fN5NEsLWt0xcI0aWZ4pHNpNMnpg2szSRjDIuPdrSt7HAF4xbPidUaxUz8fr/T6YSZAAAWhNoHaiVgJgDYhJmZGdYSfoiLx5zs2bNncnJSrWqNNjNxR41HtgSGnHgMOfFEM/GUsch3v08NFkrg9XpFobjpjycSYvqhBR+jeviRjGQmcqLR+adx5s3k4dxGqFmRNyumSVzEWq2tbVxIHiLXkdMwDW71VG8m2seZZPJPYcU9q/hRroxsJjGvoh/zFJmJx6JbrISZKKNc5C1UZCZ50nHv6qIx/UuBMBP+yGCYCQCgBMJMGu+Dg2EmACzIiRMn5LElJCcP7FODV4XSsaTxvSUMTawMJFd4EyuDKX+cRCVDE2WaCT92xYj7fioU0482NYsKK1Y8KsozC5nJIyvmBSMjmUlLS6solLcgpqmVERVEd82KRx+V64jIY12ADjPR+tlcTNzriWVc7Sv5Ua5MwTiTcFfQ4piLzCTszHenFFLKTAr1Y5VUc1FmQsQ6LF2qhixoJqtWrVLbFQAAgJkAYD/m5ubUogrRZiYPueKOcDqWMp7aYujfNr/xUV0Pu+MPu+//2VzCTOhUF4Xi1l82EzHshCDBEOWZhcxE7vogxPASeSPyFsQ0NTSiwvzezZ4ZZReUltZ5zwF1aiZG38VqeTi78tlcCz8hVWQmmUzK6rO5lJJ5M2ldJQqTYVd7exlmkom6pWq0U2k6kwq73AUj9pcImAkAoHxgJgCAStFoJokmT1IeWEJ4oqkVnnjeSbSZycOPGHqQqyB9vlZGMhN5PIkYuZ6pxEzk20e328OF/BFeoo4caqREfZtTt2bial8pf5KvbCaZeKB1ZZfLF6SrZyQU7GjLu8QCZpIJdHW2tnYEwtFkMu515j5cq4SZ+DtXOnwhquxe1UlWE+gqx0wycf/q1d6wMTTFmAu3dTpDtMd41L16VVvrymp/xYsCZgIAKB+YCQCgUnSaCYXMRFaOUCLd7NVmJqtXz49Wf2TFo4FAQP58LafL+ExVeQT8IysWkJP7msmKR5vEbHNLC7Wq7StXipKoOZJeri9/vjDVF9u0M3VkJkArMBMAQPnATAAAlaLTTALxgiaH3MN8mks8x1WtmWQkr1CyYoUx/CNT9KnBsfh8T0s4bPwB+75mIs8qEb0oSn2v1ydKICcZHWYyP/zdTCz3jkgq5UVvIlBbYCYAgPKBmQAAKkWbmTR5E8p3LYQS6SItqdZM5Ge65CQSub+eF3/T4opHc0PkH374EWo+yjGTQCDwiDSwPpeHHxFNqlLfKHl4vqZ8/PakejMB9QnMBAD7MDs7qxZVCMwEAFAp2szEG8uIBicttMStaEkpM6mIcDjscrnD4fkBJLUgGAq53W6/P6AuACWBmTQqtTaTixcv/uIXv1BLAQBLztatW1esWDE2NsazzzzzDM3KHwZaDjATAEClaDMTRyQdTxlOQs1OKJ42nIRTGzMB9QzMpFHRYiZNhbS0tExPT/MiMpNf/epXhdUr4Mknn6QN7ty5U10AAKgQkpAVJv39/U899RRN/Pd//7da6X7ATAAAlVKVmTwsDTJ51JsMxI0vVYylMivNDwuGmdgWmEmjostM6F4na37q+fHjx2l248aN1X8COhEMBltbWx9//HF1AQCgclhImpubWVFE/0n5wEwAAJVSlZmQXcgj4B92J1d4kg8LJ7E2E0+sQdomsCAwk0ZFr5kwFy5coJLPP/9cqrIYRkdH6RbqyJEjtDUtngMAyBhfZ5zrOVGXlQHMBABQKVWZScYcUhJLpqMLJGMV9JY0PDCTRqUWZkLTVHL48GGaJj8Jh8NcPj4+TuX/9V//JZ77IvEQz30V8/zzzz/11FPkJI8//rjyQBete/78eZfLRRPiabGLFy+KLRNHjx7l8uHh4V/84hdU4na76Wd7e7tYBICt4LEl6DNZEJgJADWiWjMBoBiYSaNSCzM5c+ZMR0cH/cwuZCadnZ2jo6M0e+fOHZo9deqUWFEhGAx++eWXNLF58+YnnnhCXkQr0gHT3QNtc2hoiEpu3rxJJb/97W+z5pb/+Mc/kreI+q+//vq5c+doore3l9bF42HAhhSPM6GfaqX7ATMBAFQKzAToB2bSqOg1k9nZ2b1799LsyZMneVGxmYyMjIgV16xZ8/vf/37BJ7XIXqgyT9MdVVPhA100y9IioINva2uTS6hOX1+fXMJEo1GxZQDsw7Zt2+R+Eu4/KdFpuSAwEwBApcBMgH5gJo2KLjORoeu6WFRsJmIR8fbbb//qV7+icrmQOXfunHwYtOKNGzfkWdlwiI6OjmAwKJesXr36woULcglDe1QOAwA7QG7/5JNPilkS/j//+c/S8rKAmQAAKgVmAvQDM2lUdJmJ1WjaRZsJaYZsO8QTTzwhvnuhWC2azAEkoUIuXbpEi86fP0+3GlSBSv73f/+XXl3x6gCAcoCZAAAqBWYC9AMzaVTq00yKH98aGBigkjVr1vBssVq0tbXRnYRSyFBlutsQs3Q8xasDAMoBZgIAqBSYCdAPzKRRqU8zUR7lYmTBKFYL7mNRChkq/+Mf/yhmOzo6rGoCAEoDMwEAVArMBOgHZtKo1KeZkGYcOXJEKeTvg+cHuorVgj+biw6eP/iLtvnss8/youbm5vb29unp6bm5ud/+9retra3FqwMAygFmAgCoFJgJ0A/MpFGpQzPhR7nkEoaU4/HHH9+8eXN2ITNhPvvss87OTlpKtxSHDh3iQtrgzp07yU+o8MqVK9u2bbNaHQBQGpgJAKBSYCZAPzCTRkWLmQAAbALMBABQKTAToB+YSaMCMwEAlA/MBABQKTAToB+YSaMCMwEAlA/MBABQKTAToB+YSaMCMwEAlA/MBABQKTAToB+YSaMCMwEAlA/MBABQKQVmQjeUCIIgVoknkpRYPBGJRgPBkNvjXb26a2VHp9quAABANkvtA7US1FZQixGNxbkBKW5YlmP4tdCLCoUjPn/A6XStWt2lvn4AQOUUmIn6NwEAyiaZTEbyUKudBo0I/42Q/0wYDod9Pp/D4UCfCQBgQah9oFaC2gpqMRKJhOg2aQC4MaQXRc4VDAbdbjf6TADQAswE6EFoCcykgYGZAADKB2YCAKgUmAnQA8zEDsBMAADlAzNZej7//POmpib6qS6Q+JWJWlpPdHV14StubQvMBOgBZmIHYCYAgPKBmWhh586ddJt+48YNdcFCVG8mtIi2QC9waGhIXZbNdnd3N5n88Y9/VJfpA2ZiZ2AmQA8wEzsAMwEAlA/MRAvUxj722GNPPPHEvXv31GVFaDGTf//3f6eNPPnkk+oyc+lvfvMbeskNYCZ79+59++231VLwoIGZAD3ATOwAzAQAUD4wk+qZm5uje/QDBw5QS3vu3Dl1cRFazOQPf/gDbYRel7rM1CQ6GPo/Xe5mQpr361//GmZSh8BMgB5gJnYAZgIAKB+YSfUcOXKkra2N/YT2qC7OZvv7++my29zcTAfwww8/nDlzpthMTpw40dnZ2dLSsnXr1rGxsd/97nelzYSs47HHHqPtKL00AwMDVHjhwgUyB8VMqObjjz9OS+n/mvYiL6L6Ho+HJj788EP6jVGdwcFBsfTQoUN0bFRIx79//34uFGby0ksv0UujCrTx6elpsRbz7rvv0lq8Lr1GeRG9isOHD9PERx991N7eTq9948aN9LvipVeuXKGSJomaihaoCJgJ0APMxA7ATAAA5QMzqR6Xy8V/16c90g20cnd+9OhRKvzDH/5w8uTJ8+fPe71eribMZHR09D//8z+pZPfu3Tdv3nziiSfojpwu06XNhLh8+TLtevPmzfKiJ5988te//nWxmdCW+TDo1n/NmjUkErSuWEr1Sa7oMFavXv3UU0/RkXA5HTw5A4kHmczHH3/8wgsv/Nu//RsvYjOhpX/6059om7QKvYuUl//888/Tb/7UqVNUYe/evbRU7gChl0AyE4/H//Vf/5Vey8GDB2lHVOf69etcgV8F+kzqEJgJ0APMxA7ATAAA5VO3ZpKSsjiWzEzoZppurGnilVdeEdMCOhK6fRezw8PD3AMgzGTPnj10R05WwLNzc3OffPIJVbivmdy7d480RumlId84cuSIYiZU8ze/+Y2sImfPnqVdkBTxLNWnWTqMsbExUYcgbaDyTz/9VJSILho2E6ogFt2+fbvJ7K4RJd3d3fRyxCz9Rzz22GNi9lfmOH765Yg6L774omwvMJO6BWYC9AAzsQMwEwBA+dSbmchCsmDKZ2nM5Msvv6Qbep4eHx/nfgCxdHp6uthVnnrqKdlMOjo6aFa+g8+a9/33NROauHHjRpPUTUGmwZtSzIT32NfXJ7aQNfdLKsXTbCayVGTzW1PMR8BmMjIyohSWEIm9e/dSBTFLL4GO4cyZM6KEf4HihcNM6haYCdADzMQOwEwAAOVTV2ZSICEpKYuSkyUwE1KCJ598Uh6GvnPnzra2NjE7NDREt+90wy1KiG3btslm0mQiV8ia3QvlmAkPbunu7ubykydP0r1+Nn9PL8xkwREpVOH3v/89T7OZKBWuXLlChaKOghhnIlP6A8HoJStmQm88MbAka74c2h0V8izMpG6BmQA9wEzsAMwEAFA+dWImipDEE8loLB6JxDixeCKeSNFla6Gkra5mS2Am/DUmxYgvNuE7/sKV1M/momn5fp2Ruw6KkZc+/vjjPE07pZdJh5QtMhO2iGLk3okmi+O0EoMFzUT5QLD169cX7rDglfKrULSNVoeZ1D8wE6AHmIkdgJkAAMqnHsxEdhLaPzmJWiOdNtq0eFzpRRFQCSmKwhKYSVtbG91tf1aI1+t94oknuAJ/6WHhSprN5PLly7wL2mlT/skuxUz8fr9YtCALmsnJkyebqjATWrGpsB+GSmAmjQHMBOgBZmIHYCYAgPJ54GYiawklEompNfLkD28BM0nnt1BYUlsz4Sep5GHlzFNPPSWaXP4MX+Xm+/Dhw4qZFN/iP/bYY2WaCd360+q0IzoSMeJFMZOU+WlgC35hPLOgmVy8eLGpwqe5ZDOhI1S+bmXLli0wk8YAZgL0ADOxAzATAED51IWZCC2JWmoJQ0do1W2SNrdTOFtbM9m7dy+ZwPHjx5VyHjhOqsCzxd0OdFSymbA23Lp1S67TVMZnc4lZenX8lfBr1qzhEsVMvvzyS/5QYLGKwoJmkjUPQ9iOwn3NhH7tdFTy0i4TMXtfM7ly5YrH43n66aflCqAegJkAPWg3E4fTK18JgqEIlSSK+9RL4nT51KIq4G+DonZfXbAQVJNaPbV0qfB6gx5vUC4p8dujysnC/zKfP+T2BOQShi5ytB2fL0j3GR0dXYswk4nJmZ6BcWSZhv771P/RCqEtDNyZKN4ysixS6RtgxYqWri5XRWYSCIR1tdtyh0nSFAm1RhF0nMYh5uVEQb601dpMqF1VvktE4HK5fve73/HTU/L3mVy+fJl+1fx1h8JM5O8z6evro5otLS2//OUvyzcTEg9a/YknnhCPTilmks1/n8nq1as//vjjzz77bOvWrXS5FKPPrcxEfJ/J/v37eS2n08mL7msmR44coQpbtmyhvZw/f552R8dckZnMzc2tXbuWNvLdd9/Rr+7UqVNyTfAAgZkAPWg3E5fLF4snxCzdKNPlyure2orFXeFCoahaZMJfGUsvUF2QhyqIabfHQxctaeGSQrIhv3a6ypb47Qkz8fvD6rJCZDNZXJ/JrcGC6wRYXlT/30dbqPTuFtQPlf73LZmZxOPJ4vZN7jCJS1eTEhjD4UXPSVG3CamNOPxamwlda86dO6eWmjz55JMkJ/xhwXR7zX8yY+gu//r1602F3wHPD30JPB7Ptm3byjcT7qXhse9MsZkQ7D8y9zUTOvgvvvhCXkWoxX3NhMSMvzmRIcP56aefKjKTbF6omBK/ELDEwEyAHrSbCd0uu91+8bd8MhO6b+ZrTzgcpftjhzN3q02XsUg07nL7+cba6wvRIgpdA2lRMBShn8asuSm6gHl9QVpddCnQ0pC5QVqR6lAFc+NeukByBYa7yOl6QC2gKOzqclDhypUdwWDI4XCKNi6d7zOhyjTBF+OVHR0U2g5dI1tMaHWxKb3Qb89nvhyepd+M+O0JD4nG4k6ncQfAJdFonF843UUYv3yzz4R/gVRIE+bVet5MVub7TNrbV6rtCgCgQekZqMBO29o72EzC4YjT6e1yeHikB7Wu1MJQG8USwn86obaFvIDNxOMJGG1RflhIKGQ00dxWc5NFNbm9isYMkeBpCjVlgaDRZHEbnjeTVDiy8N+bFKh9jkZjwmcUOUlJQ+FrbSYA2BaYCdBDjcyELl00TVcjEga6zNC9NU34887AVzX6SXfVXEL331Qhvw3uKMgdjPJ3ON6aXEf8rW7BB5lcbndraytJhWEaZsnq1aubm5upxOMxHpSKJ4xFoj6bCf02yEC8Xi+X8DWPJsKRSNhY1EqbjeQPnonFyvrbXmlYNvi3lzZfo3i9VmbC1cTqwkzE/yZVLjaTpua2hx9R/7IFAGhUKjKTjs5VZCahUJicJBaL0628y+2nNpCaI0f+eV1qvbkhYnhRrs0pbLSpBeMSaqDEWHZeV7RvvDRd+CgXLQqbSlMOZis9/0CXcjET7SHMBIAaATMBeqiFmdDFhi5jNM39G3ztCUeM5wK4Di+Vr16KVMiL5Itf2uh4iQkzESVcp9hMEsnkypUrOzo62Sv4Ma22trbOzk5RZ0EzoUuXsVpnJ3e50MVMuA1tatWq1Z2rVpFNycM8+EVVCV+baVPGgwmpNCnKos0kv0ljuthMVqxoaWpqVdsVAECDsggzCQRCHk+An+aitogaJePPQPkGORAwurVFOyM/zaU0xdRMcQk1UPN/MTEry2Zi/g2l2Ewsn8JVINOwMpMUzASA2gMzAXqohZnQhcHjDdBPt3mzztce+slPLHPSRXfPYlqZ5Quh03xOgC6NFZmJwzn/pFaTOc6PjqqlpcXtnh/jvqCZpA0BiNG0y+0mk6HZSCRKs215aFNps6uH3UCLlqTzZkK/PUogGDGecKiZmbS0zH8nMQCgsVmEmXh9fmo0otTixBOUlNlnUtzaMMVmQvWppYqbo1SEmYi/5hSbCc9SOTV9pmCQQlTwNFckGk2aw2EWMBNjJL2YhpkAUBNgJkAPtTCTtPkcVyQapwtMWvSZhGPi2S1Gvnt2ewru7IvNhLsR0uYf6so3Ex4uIiCjoGtsa2vrqlWrRB0rM0mZ3SwdHR0OhzNtjrBsyj8PJjDsyxMIhiLyoP9qEL89enWy1/EivqhHjIElGszk0aYWtV0BADQoizCTQIDaE788Al7WD3/hkPdiMzEGn5iXAGq6XS6jNbuvmdAyHmcozOS+HxnMUPtMBmVlJks5Ah4A2wIzAXqokZmkpY8PFtceup/mZ7r4KS/5qhZPJOnSFQpF6aacr0xiEVuHcWPtDxlPNuc/q6rYTKgCbV9c51KmZjQ3N/MsvUCaXbVqdSgUFq4SDIa4GpMu/NRgFptE/jMrZc+hFblQL+K35/OF5Gfh0sbxx7y+UDyeoF+UYiYeb4B+M/TfJ5sJiQ0V+f1hWqvYTOj38NBDj6rtCgCgQVmEmYTD4dWrXV1dHmpevL5ccyQaXmreqW2hFoaaJjECnhdxK0StEzVWcXOQidLNy21U2vw7C3/IB23Nn3/ul1YXZpIwxije/+8+1KoLgVrATKQZmAkANQJmAvSg3UxAPSCrXTp/MU7imxYBsCsVmcmD+qZFNoqcXZhmQrsm61DrFWI+b2YM05e/0kQcrnJdg5kAUCNgJkAPMJOGBGYCAJBZhmZi9LokzY8DjpZ8pisUMjqTFzQTnpWBmQBQI2AmQA8wk4YEZgIAkFkWZpIulBPzC+CNz0WMkEWEFniANh6Pk5bw5xqzl8xbjfEdJgscM8wEgBoBMwF6gJnYAZgJADZnOZqJ0XCZcsID3MPhCHlIIBDk0CwZS8z8+nejd0XSEtFnUgzMBIAaATMBeoCZ2IEHZSbDI+MDgyNqqTXXrvepRaBBuX6jXy2yZujO2FW8N6pjuZhJusBMuO1KkXvQkZiPdUVzlyuaotmYISZqh4m1lqRhJgDUDJgJ0APMxA7oNZOJickbNwfVUonuoptOug0dG5tQCouBmSwX6D+U3gZq6aIofrcUAzOpnmVmJpKccLcJHUUsHicPmU88bg4vMZbOa4lpJiWAmQBQI2AmQA8wEzuwxGZSfBNJygEzaSQ0mknxu6UYmEn1LF8z4W4TlhM6GNIRdhLzuIxDK/M5LgZmAkCNgJkAPcBM7ECtzaTn5uDo2ATdO97svX337uRV00NmZmbphnJgcGT87j0quTM8RhO0orij5XvNW31DtNbI6N3ungE2k9m5OVpEG6TZqalpeUegTlDMpNf8T6T/4n9c6+US+h+k/1D6b6US+i/mksnJ6dGxu9e6jU4S/r+W3y1CX+knr0LvH9rI8Mg41eEt9/bfoR3dHhqljdzVpEY2YRmZSXoBOZn3k4JwZ4lcTd2SCswEgBoBMwF6gJnYgVqbCUN3kzx4QPx5m80kK/WZFJuJ/Ldwvlul29yxcaMy3df2mneooN6QzYT+i8V/4sDgMGlDVvpvpXcF/bdSZTIKLuFFon9M1Cw2E7GItslmIkrumpbL06AclpeZpBeWk5yi5CladL8OkzTMBICaATMBeoCZ2IFamwnN0o0jZRFmIj/BxdNia+LP7aDekM2E3YOnxf+4YiZcMjMzO373ntxnItcsYSbiaS7xxqDATCpiuZrJwnJSlHzl+wIzAaBGwEyAHmAmdqCmZtLdM3BvciprGkVFZqL8FZyrZc172dEyBqWAB0hBn8nt+/eZ0MS17vn/aGPW2kxGRu9amYn8bgEVsezMhCnLT8rWkjTMBICaATMBeoCZ2AHtZkI3pv2Dw5ybvbd7+4YGzdtTYSZ0c0m6IsyEJIQHk1C1npuDwyPjNHv1umEmPbcGbxWNM6H6g0Ojff137gyPFe4c1AWkGX0Dd/gNQLP0k/5b7wyPy+NMeEKYyfXufu7rKO4z4XfL1fzQFNo4mwm9W5RxJrRTKqF3Rf/AHVrKWwDlsEzNhJn3E4uUD8wEgBoBMwF6gJnYAe1mIj9UM3HPmKV7R5IQNpP+gWEqGRufEGZC6sL3nTy63XgUhzzEvEOdmprmEqoj/qzOW6Dy8fF70p5BvSC/AbKmTF4zxYM7TLJFZjI6NkH/+2wyLBvCTMS7hce10zSJh3iKj0uGh8evm+8W2hG9x/i9QQ7DdUA5LGszSRepyOK0JA0zAaBmwEyAHmAmdkCvmQBQKfJTfINDI0JgwJKx3M1EFzATAGoEzAToAWZiB2Am4MEiOlUofQN31MWg9sBMGJgJADUCZgL0ADOxAzATAGwOzISBmQBQI6o1E4/T6zDiUxcsLRGfN6GWgSVFMRP1M09yAcsb1hK+GIdCIa/X29XV1dnZqbYrAIAGpSIzofaBWglqK6jFiMfj3ICozcryhF8LvSi65AUCAZfLRS9Wff0AgMqp1kxioZDPF3A6vfRzgQQi8ZS6Snmk4uGQ03SeYOz+m4CZPHDKMxP4yfIGZgKAzYGZMDATAGpEtWbCRP0+s+dkgXgjauUySJGQeCM5IYkH/LSdwgoqMJN5UjGnP6YW1p5KzARZrqGbCtNMktFoLBQKe72+ri5HZyee5gLALlRoJg5qJaitoBYjHjee5uLnuRog3BjSi4pEooFA0OVy04tVXz8AoHL0mEkmES52kkWbSSzgCyieEQl4zO04PJGI32900USNWZ/bMCKnOyCbidcsDOR7WrxOXzpuHJ45n3abS12+cBk9McuWByEnMBM7BGYCgM2BmXBgJgDUCE1mkokVO8mizSTk8ZreIZEMOwNx+tfhDjncAX8oGk2aOuQKUHsXDgWdrpyZpCIBp5cWR8TQFy95iNMXjhibTIb8nkAkGo263SF1F42Fz+1dYjmBmdghMBMAbA7MhAMzAaBG6DKTTLGTmPH5Kr89DriLH82KOsxeEnmovU96xCu3SjTozFdIBP2BpDFBZpLOVzPMJFj5AS1PUuFAKCFees2BmdghMBMAbA7MhAMzAaBGaDMTt9Mbiem5EV7waS7ue3E4A6LMLZkJP82VCvkdTn/KbDAofDBeZYxKOul1U1mkSH4aCqcrIJ5nWxpgJnYIzAQAmwMz4cBMAKgROs1ELVo08ZDLfHYrT4rugMKmZ8hmYtFnoh6GaiYmVM0dMrtUGpFUZKm1JAMzsUeqN5OJyRm1CCwfqv/vq34L4AFC/30DdybUUmtgJgCAStFpJt7Cjwyu5ktOyDQcTm8gHA2HQjTh5AHvhWYijTMJyeNMHC5/OBL1+/xcIptJxO8LR+MxYxSKX+2WaRQeiJZkYCb2iBYz6RkYR5ZpqvcKvrUt3jKyLFLpGwBmAgCoFG1mYoiE3M+RjjqkAR6g4VHNJJ3OpahBR5ZvqjcTAIB9gJkAACpFm5nEI+qHcIXDdhlrDjIlzASK0kCBmQAAygdmAgCoFG1mAmzO/c0EWf5Jmt98TPcX0VgsFA57fb4uh6NzFcwEALAA1D5QK0FtBbUY8YRpJoaYqA3Lcgw3hvSiItFoIBh0ud30YtXXDwCoHJgJ0EOlZqKuD5YDafq/M4nH4xHjW0/9TqdzFcwEALAQ1D5QK0FtBbUYeStpkMafG0N6UbFYLBQKeTweB8wEAB3ATIAeYCZ2AGYCACgfmEk1jI9PHPn01NPPvffci7vO/nBFXbzkHD9xdmhoVC0FQDcwE6AHxUyMVrtk1PXBcgBmAgAoH5jJohkYHH55476em4PqggfBa28eev6lXa++8eGGVw+QKamLAdAKzAToodhMmGIngZksX6o3E3xqMIIs31T6qcEwk0Vz8PDXFy5eUwpvD40++8IOkoSJiUku2bH7+JvvHPnz2p0ff3aalv7p+e1b3/uUF7244f3PT5wlkaD69yanqOTylR5anUr27j9Bsz9d6fn7pW7ulqHdUcnR42euXuvl1WmbtJSn705M3ugZ2PT6QaPb5A66TUBtgZkAPViZiRXq+mA5kNZhJmoRAGCZUOk3LcJMFs2L6/cqJSQPL6zbw9PPv7jrq5MXsqY/cMnu97849d3fs6ZdDAwOZ80tDI+M89Ln8tWY93YdI9kgM3nj7Y9YWriEJkg/6Oet3tu0HXkV2gKVrNu0n6sBUDtgJkAPMBM7kK7aTAAAy5qegdzNbjnATBZNsZlQyUeffMvT23Yefe3NQ1nzOSsuoUWDt0do4vSZS6QcXD+3Zn66+0b/mpd3P/3cexQ2E6qsrM5mQsYyMzMrVgdgKYGZAD3ATOxAGmYCgL2BmTDcGNbOTF557YPJqWm5pHozefaFHVev9Q6PjFNlKzM5evzMrd7bonMGgKUHZgL0ADOxA2mYCQD2BmbCcGNYOzO5dr1v85YPb0ufhUXyIIThz2t38tNcpc1EfJTWc2t3kops3fYJz/JDWQuaCfH2ux/zsBMAHggwE6AHmIkdSMNMALA3MBOGG8PamUnWfPjqvV3H+FODe/uGsubnCCsj4EubydHjZ+QR8Hv3n6DZtev2nP7+cgkzeeW1D7g+AA8EmAnQA8zEDqRhJgDYG5gJw41hTc2kSopHqpTJ2sWuCIAWYCZADzATO5CGmQBgb2AmDDeGDWYmd4bHjh4/c+TTU+oCAJYQmAnQA8zEDqRhJgDYG5gJw41hg5nJJ0dP/3ntzulpfLY7eJDATIAeYCZ2IA0zAcDewEwYbgzr2UwAWKYUmEk0FUWQxQVmYgfSMBMA7A3MhOHGEGYCgHZgJoiewEzsQBpmAoC9gZkw3BjCTADQDswE0ZMHZyZRl9srZgJun8MXpYlE0E8XDSPmrrxOP/2MR4PuUNKsmHC4AlwhEElSZbGFiC+/tXTU4/QF4vPlTnPLBO+C1o0F/DFjI7wTA5fT6zD3lcnv1CQuH6TL7Y+JmUjAZVajyrQt85BSYmG9kdZqJhMTk/+41iuiLtbHjZuD4kM2F0df/52R0btqKQD2oxoziQd8RhsSjzrc4YTZSou2RTS8DqfPF45TS+hzexP5RaLt5VXmm/ckt+cPAG4MYSYAaAdmgujJAzSTQDwSzF+eXIG4MBO5kpAEXup1zntCxuICGfR4vZGM2xkU5VSNL4+8kYy5Il87BS5nIJKKsv+InUZ9vkwmJg6SVnf6cm7ids6bSUDZVv2R1m0m5AxqaSHXrvepRZWzaDPRsncAGonqzSRjtsDUuhY3vEqLSgLDi0TbK8xEqvVg4MYQZgKAdmAmiJ48SDNJpF25ro0Y3dyXMJNkNOSLGrtmGRAUXyAzRp1g1PQTqTzBO7qPmWQyTmcgI5kJT+QP0ljdZVbIT8NMcly/0X+jZ+Af13qvdffNzs313Bzk7hQqz5qCIRbxbLdZ+W7eOkZG73Id2oi8WWEmY+MTtPTq9b6Je7lVhkfGeRc3e29PTU1f6+7nCsreb/UNjY1NUH2qQ0upkFbkLYhjHrg9wgcGQAOjxUyo0QskF2h457usTbghldtemAkADQ/MBNGTB2omGZ/TR7IQ9hpXtRJmwte5zEJmIp4N4I2Q5DiM57KMcF8HXzKjfl+iDDPJJCOeSCpvJsn8pnxch1ZPhvzGVuOhWP5gYCaEeKZrdGzilvmdx6LXgsyBn6eiu38WFapsZQJCJBhhJlfzW6OJ/oHhqemZ693GphSK984bvH1nVGyBjmHK/GxNccykTLwWAA1MlWbS5fBQS5h7prao4bU2k1zbCzMBoOGBmSB68mDNhG7xSQlYGEqYSSYa5GEmUV/+aSqT4j/d5f3EwOEOifKMcbH0399MjBEvXp+5U7oY55YlwmHzdZurp12BMFews5nQ/X3/4DBlcGg0K5mAkBZRcs3sqeCwHrCfyJA89Ny6zXWKzWQs7xtcQqsP3RkbGBwR1WZmZqmQV1/QTHgtLqEVaXW5jtF5cr+H0wBY7lRpJnLjX9zwZshQImKgXZwfi5XbXiJT1Lw/ELgxrJ2Z/Mt/XJqZXfgvLwDUFfRGpberWloFMBNETx6wmWQShgmYviDMJPfXOGkEPF33nPw4VyrqcOdGwEfiC4yAd0udKj6zr0NcHSPe3CD7TEkzIQ8xh8LHeHWTJF9ocwbl9Do8xlPUdh4Br9zKlzYTcoNcxg3rKDYTMpbungFaStqwCDPpuTnY2z9ENSkwEwAWpLZmYjSMxgh4amnkEfC5OtT2mkME5c4WXrT0cGNYOzM5cGq+aQKgztH7doWZIHry4MwELB3pJTcT8fTUzd7bbAKCYjO53t1/9+49mjD8pMhMsvd7mkssHbw9wmYiSthM6ADmn+bqzj3NBTMBtqIaM0nhU4MBAPcDZoLoCczEDqR1m4l4mouSXchM/nGtd3RsYmT07vjde2QFd4bHSBt4UbGZUOWbt27fHjJGgyxoJrTKAO1rYJgmeNw81RwYHKHNkntQ4eDQaG//EBWymYi9s5nMzs3RxK3e3C544zATYCtgJgw3hjATALQDM0H0BGZiB9JazQQAsOyAmTDcGMJMANAOzATRE5iJHUjDTACwNzAThhtDmAkA2oGZIHoCM7EDaZgJAPYGZsJwYwgzAUA7MBNET2AmdiANMwHA3sBMGG4MYSYAaAdmgugJzMQOpGEmANgbmAnDjSHMBADtaDaTQDgcKSpE7BCYiR1Iw0wAsDcwE4YbQ5gJANrRaSbGN8eZ8cejkaCfJlyBcHE1pCEDM7EDaZgJAPYGZsJwYwgzAUA7uswkIrSE43Ib39VaD2bicPqKCxHtgZnYgTTMBAB7AzNhuDGEmQCgHR1mkgx53QVaMu8nizOTWMBYNxiRC51OrztcVLOMwEyWJjATO5CGmQBgb2AmDDeGy8tMXly/Vy0CoP6o2kxiQVlFnC49ZuL2+guNIuTy+ZfYTMLBRa5oz8BM7EAaZgKAvYGZMNwYLmszeWHdnj37TojZ789deW7tzo8++VaqAsADoFozccpa4gsZhQnJVdyBYFJd5f4hMwkF3U7vfEnI74sElthMfB7pAJD7BWZiB9JVm8nE5IxaBABYJtD5O3BnQi21BmZSVyhm8uKG99dt2j80NMqz72z/9LW3DsNMwAOnKjORu0cckki4C8sDlcpJzJSQiN8TMWcTARdtPJzrMwkFjBEs/kjI4/Z6Y2aFsN8b8HkCwYA563Z5SYj8wUDQ3JqhTJ5AKBoyDsYbNHcRdvkC/kjY7/Nxr47xNBqvFQ7kTCYZoVcRSUQixsFHHC5/IBLy+hYpOXYIzMQOpHWYSc/AOIIgyzGV/mUBZqKFoTujg7dHTn7745/X7qTZL/567uKl6wODw8+Zs+QSJBWvv3X4zNmfePrLr/9G07Rox57jVO3zE2cPHv46mzeTSz/d2Ln3c57dsvUI1ee9bHr94PXufjaT9Zv2X7h4ra9viHexbedR2j79PH/hKlcGoHZUZSbReOEIE77vj8/3mbgCoVDY7EipKGwmhlT46afX5XX4QsJMyBx8iVxNrmAsConVQw5vwR7nlSmsPCFmLnUHomwm5gRP84TUaWOYibIioqRSMwHLEb4S88U4HA77fD66GFdkJgAA+0DtA7US1FZQi5FIJIScNADcGNKLikajwWDQ7XbXzkyYl155v7dvSC4hi7g7MUk/f7rSI0rEtMxrbx7Kmiqy5uXdb7z9ERfSLHnLixvep+m/X+q+eq2X/Ie2MDExuWP3ca5DkvPz1VvkJFQzvzEAakt1ZsL39IU9JHIWP87ElBCjq8R4YMxn9I3Mm4m8i5yZ5DpPUsazZMpO521EMhO3x5cbEiPMJO8zC5lJ1Ouhyr5QpZ0/dgrMxA7ATAAA5QMz0cW58z9/c+oiT3ff6CfBePq59yhsJmQUvEieJt7bdYyrsZk8s2bHsy/sOP+3f/BS7kLZ/f4XY+MT9HNyaprNhH7yWhxSHTIT2pHYLAA1RZuZeCLyR2nlPkS4SjMxhpfEQ7kP6ZL6TOY9hCObyQJ9JqqZOCXlKNNMOAGvV3TXIEpgJnYAZgIAKB+YiRZmZmZf3riPp8kfRKfHjt3HS5jJlq1H7k1O8bToMxkeGd/42gfT08ZTeWwmrCXrN+2naTYT2ua7Oz7jFRmYCVhKdJmJ+pQUjwap1kwKn8WSx5l4Q0F/KGA85WUukl3F7fJ6gsZSX5y3oJoJKYc3HI7Ew8bwfWsz8Xu9nlA4ECUvCnkCQarvcnlDxUeLmKnUTNSHdsFyIF31OBMAgH3AOBMtrNu0v6//DmkDW8cza3YMDA5/f+7Kmpd2lzCTg4e//uzYd1Ttlc0fCDPhRc+/tEuZ/ful7mzeTLLmmJNPjp7++eqtwx9/Q7uAmYClRJeZqMMwamcmlEjU+MITw0+4o6bQTKIJc7B7fuR9sZmITzr2RiMlzCSaNLdjyE+EH/1y+XgAPbJAYCZ2IA0zAQCUDcxEC/KzVTS7d/8Jmli7bs/p7y+XMJOJiclnX9hB1b48+TfFTDZv+XBsfELMbt32Cc1mJTMZH58gXaG9rN+0f2ZmFmYClhJdZrJwFmkmyDIMzMQOpGEmAICygZkAACqlWjNBEA7MxA6kYSYAgLKBmQAAKgVmgugJzMQOpGEmAICygZkAACoFZoLoCczEDqRhJgCAsoGZAAAqBWaC6AnMxA6kYSYAgLKBmQAAKgVmgugJzMQOpGEmAICygZkAACoFZoLoCczEDqRhJgCAsoGZAAAqBWaC6AnMxA6kqzaTG9d/RhBkWUc9q62BmQAAKgVmgugJzMQOpGEmCGL7qGe1NTATAEClwEwQPYGZ2IE0zARBbB/1rLYGZrJoDpzKfZU7APWP3rcrzATRE5iJHUjDTBCkZHp6h3oGxust3d3Xiw910VHPamtgJovmX/7j0szsnFoKQP1Bb1R6u6qlVQAzQfQEZmIH0jATBCkZ9R1fH5CcFB/qoqNu3RqYCQCgUmAmiJ7ATOxAGmaCICWjvuPrA5iJdrgxhJkAoB2YCaIndW4m3pVNTU1damkZ0GreuFpoW9IwEwQpGfUdXx/UtZmkor4uo4F2BBOiLOJzNFNRh0+UrGxuEtMZYyV3U1dIKkh2tLdUtErY3UHVV/uiPBtY1STgkqDDOKqm5pZE0SFnYCYA1AyYCaIn9jOTuHkJaxHzfEkTdbuMi2TTqkD+lYa6uAKTyldbXqRhJghSMuo7vj6oNzPpbOv05zWkqXlVwGwQU4FV/qQxEXG2hMyJPKnmphZqw8V81L2y0xeSNaOptaB5pwqFq6TUVWJu3ivt1Gfuy90uKptEnM6cs2RamloLFplwYwgzAUA7MBNET+xqJk1inmdFXZru6JTUxDSTZDIRDbppwhnJ11tWpGEmCFIy6ju+Pqg3M2lvahftalMn+wgR6SBLSAdXNTflCvJ0hZKymcTcHUYLLDQjHTRWlKAKpVdJeFfmVw7xul1SY24Wd4kjbFcWmXBjCDMBQDsFZqKeeQCUzQMzk7iXlYBZyReTuE+UcEHeTFJmmdHRYZS0trbkq+VW6zB7Okx4803mFuK+TqrZVuAThpl0NTe5YuZcxEH7zm/HuFIaW0j6m4yHC8xLpmkmvLDJOM755xaWEWmYCYKUjPqOrw/q2kxaHLmGlRrMrlDc097U4nR0UIvbHIjNXylkzTCZ1wxaJZIImW13maukA6vEoiQXtnO739LW4QryAtpaIp2MeDq7Qgt0cnNjCDMBQDswE6CHB2smfI3zdxqyQBKwusnorMiYTwWQBfgSpoes9NJMS/4iY7pK7uporBbKPW/FfRzGaqY8UEmI5Well3eYxzAT4/pmlEccLU3umFGZj8R4ZLnZ6KIxVmzqMIoKn+aStrOcSMNMEKRk1Hd8fVA/ZpJKJmiCzMQVpX+Nv9qkY4HVpoeEEtFWd8xsKdu5wXG2NYnGx1ozjMbVnfec8lZZwEzmibnMPyelmptbIyHv6pXNnT7++1MB3BjCTADQDswE6OHBmglPmpe0Lipppyubx7hSGX9+M63D8JAWo4MkmP/jF/ei8BVpvk5eLXKrmYtaWo0rpVu9NhlmYvaKdLAAxczKvLoxltJUI2NVPjzJTLoKn6FeRqRhJghSMuo7vj6oHzPhxl/uM5Hal8CqQDrmbhV/BqJWU7SV1pqRoVXExspcharlV4k3OcKihkmsxRlJBVaJI2xZ6G9J3BjCTADQDswE6KGOzIT+bV6oz6SpJeYx/uEnvorNxKrPZKU7yg99FR60aSa8rrG4jafNa1nSrD6PYTX5p7lS5kfAzG9mWZGGmSBIyajv+PpgWZhJV6vZxkrjTOQBJyU0w1iFB9GXv0rSp4yAF6RCqx2RTNgxbzhyP4yAG0OYCQDagZkAPdSTmRjXFmEFheNMjM+RJCILmYmxmikZDG8zt4V0mK6aTc3mc1k5cmbiajMqt5ldKk2mmSR9xodR5mqZV9mmNpc8zsQYzKI+G7Y8SMNMEKRk1Hd8fVBvZiJjtpdNza0rZUFY2drc1NwckYpKaUYmkwg5zK1UsErUY/Zte3KDXFZ3GD3cLe0dzvyHF3NJU3NLcKGPDebGEGYCgHZgJkAP9WUmmUzA/Cj69k4nzwozYW1o6QotZCZEyrgiNjU7Q7mLU5P4bK6Is0n66C1hJma3DIuJUTlOB2Rsed5hzKNqkc2Ea4gKy4g0zARBSkZ9x9cH9WwmyxRuDGEmAGgHZgL08MDMBCwhaZgJgpSM+o5fiBfX71WLqmD/wb/enZhUSwuBmWiHG0OYCQDagZkAPcBM7EAaZoIgJaO+4026b/Q/9+Kup597b+26PX39d6oxk+fW7qTtUN7Z/imXvH/gL2PjE4W1VGAm2uHGEGYCgHZgJkAPMBM7kIaZIEjJqO/4bPb0mUs7dh+XS6o0E9ogTfT2DW3d9om62AKYiXa4MYSZAKAdmAnQA8zEDqRhJghSMuo73nQJpYTN5Nr1vjUv7/756q0de45f+ukGlQwNjX7xl3NUsnb93lu9twdvj+w/+OWhIyevd/eLdYWZEOs37aef23YevTsx+dEn376wbs+NngFavXiPMBPtcGMIMwFAOzAToAeYiR1Iw0wQpGTUd3w2+8ya7UoJm8k72z/dvOVDmrg3OUXTMzOzogLrB5lJsWMIMxkeGecHuoSZHD1+huu8uOF9eZUszKQGcGMIMwFAOzAToAeYiR1Iw0wQpGTUd7y1mYgRIxQqIQ8hRdnw6gEuYTMh31DWFWutMztMspKZUH0uee3NQ/MrmMBMtMON4VKaCb1Jit8PD5xieS6fZ1/YceHiNbUU2B6YCdADzMQOpGEmCFIy6jvefOZK+ewsNpMXN7x/+ONv5HK6UeOJ51/cVcJMxNNcDMzkgcCNYe3MhP6Xz/5wpa9v6NCRky9v3JetgZnQ++TNd46QD/MsvbV+utJTWOX+LM5Mrnf3z87OkYfTm/ba9T51MbA3MBOgB5iJHUjDTBCkZNR3fDZ77IvvDx7+Wi4RT3PxHadAmEnpPhOYST3AjWFNzUR4At/918JM6C3316/O8+xSmgm9aWnXa17avfH1g/RuVxcDewMzAXqAmdiBNMwEQUpGfcebfPf95WfW7OBPDZ6cmhafzdU/cIfuz2gRy8bffrxKdba+9+lrbx2GmdQ53BgujZnQfyi/behW/sLFa5+fOLtj93EemETvnxs9A2S5rLW0ygvr9ly8dL2vb4jeV7z6nv0naJVvT1/csafgM+Jos719Qy+98v709ExWMhPx/qFZfrO9/tbhr05eoG3+ee3ON97+iCa+/uYCD3OitbbvOnb1Wi/p98efnc6au6PCgcFhOmDeMk2QhH9z6mJ+zwY0yx/bIBcCkK2RmaTisXA42iDNDygPmIkdSMNMEKRk1Hd8fQAz0Q43hktgJj/93COe5tqz7wQvZYugOpfNT3Xj+iQtVHj8xFkuYVn95Ohpcg8uUTSADeTe5BSPWSphJvwpcFlzm6QcPM29JXKfCU/T7oaGRmniVu9t2rtSR/D2ux/Tz7M/XLltVgZAUAMzSUYdTq8RV0hdBBoXmIkdSMNMEKRk1Hd8fQAz0Q43hjU1E/EBCTd6BrKFT3OxRcgdZWwRwiWyeTPZtvOo2I7y3JQwkDUv786WNBNRIu/Rykzk3fEBL2gmAFih2UwiPh9rSThRReuTCLuCifm5oN/h9EuLtZAIuE19cnrd/qi6cFHQprwRtdA+wEzsQBpmgiAlo77j6wOYiXa4MaypmSijPorN5MzZn4r7TBQzoZ9rLb7ZU/jG3YnJja99QNtXzIQ2WJGZ8BNltDvRr8LATEBFaDYTL/eWOL3qgopYKjMJRqLhSNjp9EZS6uJFADOBmTQ8aZgJgpSM+o6vD2Am2uHG8MGaSV//nQOHvqLZ6emZre99MjY+UWwmf7/U/WcLMZDHI9EG1+bN5JXNH3AhbbwcMxGf7sVPhdHujnx6ikvkmgCUiWYzceXNxGx70jTrW0SHxFKZSX4fcYc7PL+/xSLMJOSpTsyWJzATO5CGmSBIyajv+PoAZqIdbgwfrJnQxA9/+8fTz7236fWDP5pfDFJsJjQxOzu3buM+qrZ73xe5bZnIZjI8Mi62+fU3F/iTGP5x9dZ9zWT9qwf2H/zy+Zd2rV23h3aUNXf39bc/0hZeWLfnzvCYqAlAmWg1k1Q0Hg7kBpmYcQXiap1ysDSThMPpC5sdHTTBSx2uYMDnp0KPyxuNBJzuAE2LThta1+ULR436ittIZpIMO/0xcyru9odT8Zhx5OYBkGMEYwlqe2jjcbM5NZ8B80ejMZIuRWZyZpJOeZxeWiVl1pcPIGCu4HAGqIRegs/tDcfCvlA0HAg4cy4Xc7gDtHFa6gkl5Y3XP5WaCViO8JWYL8bhcNjn89HFGGaCICLqO74+eFBmQu0DtRLUVlCLkUgkhJw0ANwY0ouKRqPBYNDtdus1EwBsi04z8bq8nnAi4s8NNaEs8uY6EZb1xozhFcmQ3583HXIG7oyhpW6+iY+FHO4QG0bY4zUmkhF3XlF8uVt/Qd5MSCRcXsUCgh6vwx2mCWd+9TTZg1lHCEYmGvSECzaZMxPzkTZRKB+AwzxkYU2ZVIQshSdjfp+xsUR4+T4PBjOxAzATBCkd9R1fH8BMtAMzAaBGaDMT0hIhEtV21lr0mfjk4SuJMAsJ3dznb+ajYi1ahQqjkiNRCu/5c+NMIjG55yPt9fhz9YvMxNyb0Z0yn8In1RY0k4L6podIvTeJ+S1EAiw8PrfX4SJNWVRf0wMFZmIHYCYIUjrqO74+gJloB2YCQI3QYSapqNASpy+qYTC5hZmEPNIDVJEA39WXMJNUqMQAFXmcSQ7hIWFvzkwyqZyKuAPcGZMsMSLFwkzUAyhtJjnScYczKM0vA2AmdgBmgiClM3SnHr+coad3qPhQFx1169bATAAAlaLBTOTeEg1akrE0k2TIL+7kpae5LM2En+ayOKQFzMSRNwp3vs+EtsPDS6Q6PqtP8hJm4ncVPM2l1C7LTMzXVTBf98BM7ADMBEFKhxygZ2C83tLdfb34UBcd9ay2BmYCAKiUas3EGBHuCsUyKceiR5UUY2EmGWMsCY+w94XjuRv+UmZi4nUbz3Q53cqN/gJmko5HuGYqHGAzSUXmB/QHYrzHVO4YXL5o4QsWZsI9LflR9fMHEDBXKGUm6biTd+fya/tlLhUwEzsAM0EQRD2rrYGZAAAqpVozyaRy3/i+7O6kyyCaG1tv4qryS1oaHZiJHYCZIAiintXWwEwAAJVStZlkMj6PX9fXqNcXybD86VvO/OcUgwWBmdgBmAmCIOpZbQ3MBABQKRrMpIEJ+3Mf1eV0B6r9wLFGB2ZiB2AmCIKoZ7U1MBMAQKXATIAeYCZ2AGaCIIh6VlsDMwEAVArMBOgBZmIHYCYIgqhntTUwk0XTf2diYnJmbk4trxH/8h+XZmaXamegsaB3Dr1/1NIqgJkAPcBM7ADMBEEQ9ay2BmayaEhL1KJaAi0B1aD3/QMzAXqAmdgBmAmCIOpZbQ3MZNEsWW8JAPUGzAToAWZiB2AmCIKoZ7U1MBMAQKXATIAeYCZ2AGaCIIh6VlsDMwEAVArMBOgBZmIHYCYIgqhntTUwEwBApcBMgB5gJnYAZoIgiHpWWwMzAQBUCswE6AFmYgdgJgiCqGe1NTATAEClwEyAHmAmdgBmgiCIelZbAzMBAFQKzAToAWZiB2AmCIKoZ7U1MBMAQKXATIAeYCZ2AGaCIIh6VlsDMwEAVArMBOgBZmIHYCYIgqhntTUwkxpx8ODBTZs2bd68+d69e6JwaGjojTfe2LBhg1z41ltvbdmyRcwCUP/ATIAeYCZ2AGaCIIh6VlsDM6kF+/bt6+3t5emNGzfyRE9Pz969e+crZbOTk5O09NixY4swk/d2HfvT89tPn7lE0/fuTT3/4q4bPQMXL11/Zs0OrjAxMfnsCztEhS1bjxz++BtRYWT07vpN+2mVN985QtXEZo98eooqDN4eoekX1u355tRFjqgAQBZmAnQBM7EDMBMEQdSz2hqYSS144403xDTZyN27d2ni0KFDQleYmZmZH3744YMPPqjUTG4Pjb64fi/ZCIsHMT4+wROvbP6AK7z21uEv/nJOVGDZEBWI2dk5+nlvcuqNtz+anJrmQtrsgUNfceW16ws8CgABzAToAWZiB2AmCIKoZ7U1MJNa8Nprr4np48ePXzV59dVXT58+vWHDhl27dkl1s/v376/UTJjn1u4U4iF49Y0PxfRPV3pKVyCGR8Y3vpZzFXKSsfEJWoXN5KVX3pdrAiCAmQA9wEzsAMwEQRD1rLYGZlILzp49++6773733XfHjh3bunUrackPP/xATsKdJ729vQcOHBCVNZpJX9/Qjj3HxWyxmcgVaOnTz7239b1P+vrv0OzQndGPPv6GJoSZ8MS58z8/s2a7tA0AYCZAEzATOwAzQRBEPautgZnUCBKSV155Zdu2bZ9++unQ0BCbiVj6zjvvjI2N8bQuM7k9NLp5y4dj+ce6sguZiVxhenpmYHB4286jLB579p/gRcJMBAcOfXW9u18uATYHZgL0ADOxAzATBEHUs9oamEmtefXVV+lnf3+/GHwyNTW1ffv2iYmcIWgxk5HRu6+9eYh+yhUUMymuwFAd7j+RI8vJufM/X/7phrQGsDswE6AHmIkdgJkgCKKe1dbATGrB4ODg999//91335GWXLt2jQsHBgZolso3bdp0+/ZtUbl6Mxkbn5A/R2tgcJgrCDOhCq+9dfjzv5wTFa78fPPY59+TfuzYc1x5WIv7TO5OTO4/+Fd+mkv+8C4AsjAToAuYiR2AmSAIop7V1sBMakF3d/eGDRteeeWVL774Qi4/dOgQlR8+fFgurN5MlB4P0U8izIQmqLJcYWT07tp1e2j61Tc+/O77y/Jm2UxmZmZffmUfVSAtud7dJ1cAAGYC9AAzsQMwEwRB1LPaGpgJAKBSYCZADzATOwAzQRBEPautgZkAACoFZgL0ADOxAzATBEHUs9oamAkAoFJgJkAPMBM7ADNBEEQ9q62BmQAAKgVmAvQAM7EDMBMEQdSz2hqYCQCgUmAmQA8wEzsAM0EQRD2rrYGZAAAqBWYC9AAzsQMwEwRB1LPaGpgJAKBSYCZADzATOwAzQRBEPautgZkAACpl8WYS8XkdznKjrgwaDpiJHYCZIAiintXWwEwAAJVSrZk4/TGpLB2ORCOxpFTHtxgzSYSd1JRFouFQiNZNqYv143F6XYG4Wro8SUWCatGSADOxAzATBEHUs9oamMmimZicUYtqyczsnFoEQNnoff9UZyYu/7yFZDI+d66HJDYvE8mIz78IM3EFEzxJblM7ZXD4ompRA5CKFeriEgEzsQMwEwRB1LPaGpjJoum/M6EW1ZIDp0bUIgDKRu/7pyoz8Uak+XjI4QyQVQQMP/FLCzLVmImYps3SPTdtimUiFQs7nYYaCQmivceCASp0uukwMh63z+H0ubzh3GK6XzetKVcSD7td80+aeak8v0e3saLX6fKnzdlE0O9wh4OmX3mCuTt+2ru5ri+c4Fp1xoOQE5iJHYCZIAiintXWwEyqYWB44ubgeM/AUuSj70f/+Zc//tMvEKTi0DuH3j/q27cKtJmJcQfv9CZyZlKgItWYSTLk544N2ixZRTASZRUhzaDpcCBA2sBVyUxc5jNgPrc3HAv7QsZSqsbqQOsaJZGox+UN0ArUqiQjDm+EmhZjad5M6FWQulA1UhGnuWPzdfl4y+KF0GbDkVg4FArJfUb1BP0SllhOYCZ2AGaCIIh6VlsDMwEAVIo2M8lEA+QG6Uw6EQ3Trby0YDFmwr0ZRhdH/oErMpP5p7qiQbFrQ4Q8xoy0l4QjvzhNdmIYR0x+cCvfpRMVhcJM5N4er7lB00xyhTTN2yUzqc/OEplUOBBawqOEmdgBmAmCIOpZbQ3MBABQKVWZidMTkktceZ0wZYBhUanYTOaf5spjPM2VJxXyi12YA/GNMd+SVCTmPSRimkkyIm8wL04LmonxJBhDe0zlzCRXKMzEmDZfV64Hp/5wugIBabjPEgAzsQMwEwRB1LPaGpgJAKBSqjITo09DVohUzOX2ewPzPSn8iJd2M7HoM7E2k2r7TBYwEyIdDy/xE1NlkoostZZkYCb2AGaCIIh6VlsDMwEAVEq1ZlJm1JVLc18zyY0ziYWD8jiTEmaS8ZnjTKKxuMctunTSDqcvkTSeEVPGmcSoofHL40xUM3F5Q/FkMujz+6JL97hUmTwQLcnATOwBzARBEPWstgZmAgColMWbCQAyMBM7ADNBEEQ9q62BmQAAKgVmAvQAM7EDMBMEQdSz2hqYCQCgUmAmQA8wEzsAM0EQRD2rrYGZAAAqBWYC9AAzsQMwEwRB1LPaGpgJAKBSYCZADzATOwAzQRBEPautgZkAACoFZgL0ADOxAzATBEHUs9oamAkAoFJgJkAPMBM7ADNBEEQ9q62BmQAAKgVmAvQAM7EDMBMEQdSz2hqYCQCgUmAmQA8wEzsAM0EQRD2rrYGZAAAqBWYC9AAzsQMwEwRB1LPaGpgJAKBSYCZADzATOwAzQRBEPautgZkAACoFZgL0ADOxAzATBEHUs9oamMmimZ2dW7dx39PPvbfmpd0/X72lLq4lz63dSft97sVd72z/lEtee/NQYZVqeWbNDjH905We02cuSQvLYvD2yEeffKuWlsfw8NgnR0+rpaBugJkAPcBM7ADMBEEQ9ay2BmayaI58emrHnuPfnLp4+ONvfvz7dXWxJm713t70+kGlkMxkYHD4s2Pfvbh+76WfbmRrYCZkPkN3Rnl6ic3kx4vX7k5M0h5pCxcv1eoXC6oBZgL0ADOxAzATBEHUs9oamMmiISuQZ+UbcZqgWaPOhvc/P3GW7vIPHv763uSUXPL8S7u4hCC9oRJhIGQCl6/0rHl591++Ov+n57fTIgrdrPPSrGkmYnr9pv1Z00xodaosa8yWrUdoxaPHz/As7frLk3+jkp17Px8ZvcuF3O2zffcxsRaze98XYi/CTMTrEi92286j5Ei0348/Oz09PbP1vU+eWbPj9pChNFTn0JGT9CroldLL503RwdDu/rx254T5cuh3SFtet2m/qECQER0/cZZeCG1BftWgfoCZAD3ATOwAzARBEPWstgZmsmjo1lnc32etzGT93jffOdLXN0T36+QDcgndi3MJ3dM/+8KOGz0D72z/lBQla5rAvg/++tmx7+im/8Chr9au28NbExSbCd3rf/GXc1R/w+YDff13qOTKzzfJTGhHVJmcIWvumo6Z6lDJjt3HqeTYF9/TYVAdWmtsfEJsM2sqx+YtH3JhaTOh0BboAD45evro52e+/uYCvZCZmVmqs+al3RcvXScToz1SSTbf2/Pt6Ys79hgHQIe0/+CXJDDXu/vlvb+8cR+/LlCfwEyAHmAmdgBmgiCIelZbAzOphu27j5FyvP3ux1lrM+ESuvNe8/JuuYTgErqnv2w+kcXTWdME5E0pnTPZvJmQzJDk8NNc4j6eD4N+irUMvfnwy6y0a9IM3sLzL+3iktHRu+wqAvINrkCGU9pMhofHeNHa/PZp47QK1dmz7wSX3Oq9ffzEWVKXIbM7hXhh3Z6seUjv7VK7ayYmJmlrVPNvP15VFoE6AWYC9AAzsQMwEwRB1LPaGphJ9fT2DW3d9klpMxGqIGuGKBFdIiwM8rgOKzOhVUbH5ntsxDgTPgzaguhXuTsxyZpRbCbcG8ORt5bNmwnVfPaFHeQVJcyEH7iSj1OYifiF8DRV7rk5KPaYNQ9J1AHLCJgJ0APMxA7ATBAEUc9qa2AmWiAxkG/ED3z4pWImJfpMnntxV3GfyX3NRClRzGRoaPSlV97nkhJ9JrRrLimGzWRmZnbn3s8vXLymmAm5SjlmIvph6OUfP3GW6tDBcAkDM1mmwEyAHmAmdgBmgiCIelZbAzNZNCQD35y6SNmw+QA/UkV35J+fOHvx0vWXX9knzGTT6weVcSZcIsaZ0BZ4nMn2XcfEOBNhJucvXKWldEPP4zSY+5oJTdAuNr72gTLOhOsIM/nLV+fffOfImbM/ffn1387+cCW3LRM2E+aZNdv5eK5d7+OxK6Q95ZgJ/R7Iao4eP/NcfpwJbYpeEf26tm77JAszWbbATIAeYCZ2AGaCIIh6VlsDM6kpxd0dxSUALDtgJkAPMBM7ADNBEEQ9q62BmdSUYg8pLgFg2QEzAXqAmdgBmAmCIOpZbQ3MpKYUe0hxCQDLDpgJ0APMxA7ATBAEUc9qa2AmAIBKgZkAPcBM7ADMBEEQ9ay2BmYCAKgUmAnQA8zEDsBMEARRz2prYCYAgEqBmQA9wEzsAMwEQRD1rLYGZgIAqBSYCdADzMQOwEwQBFHPamtgJgCASoGZAD3ATOwAzARBEPWstgZmAgCoFJgJ0APMxA7ATBAEUc9qa2AmAIBKgZkAPcBM7ADMBEEQ9ay2BmZSDQPDEzcHx3sGliIffT/6z7/88Z9+gSAVh9459P5R375VADMBeoCZ2AGYCYIg6lltDcxk0fTfmVCLasmBUyNqEQBlo/f9UxMz8XgD8XhCLQUNDczEDsBMEARRz2prYCaLZmJyRi2qJTOzc2oRAGWj9/1TEzNxOL1eb1AtBQ0NzMQOwEwQBFHPamtgJgCAStFsJh5v0OX2q6XABsBM7ADMBEEQ9ay2BmYCAKgUnWYSiyccTi8lFI6qyyogtxERb0StAeoQmIkdgJkgCKKe1dbATAAAlaLNTCKRGIuE0+UTUqFWqoRE0A8lWUbATOwAzARBEPWstgZmAgCoFG1mwiri8QTiiaTb7YeZ2A2YiR2AmSAIop7V1sBMAACVUq2Z0PnJEws+xyWWLgLFTJxObzgaC3h93kiKS1wufzSe9Llpv+bIlkjAH/C7qA2MhB3OAC0NR6LhQMDhNQ7J5/IGI9SAxPxeDIOpCTATOwAzQRBEPautgZkAACqlKjORR4MkjJuVuDEsxPxULnnR4oadFJhJNOjLb4M8JJAUC4xlXu6ciQREnYDbK5SIvYXMJJxYvCaB+wIzsQMwEwRB1LPaGpgJAKBSFm8m1MKQdbg9fpf57JbLZQgAmwmdtEaJ209LHebIE3XlMpDNJBXKPR5mxh8wvyslHAg45QEtkQCXZ0wzya+aM5NMMmrUdPmT0JPaADOxAzATBEHUs9oamAkAoFIWbyYeT8DhzClH3PxUrkzeTPz+UM4WSCpShqWItcpH6TNRPqErFvAFueckHfGUYyZ5aNFienDA/YCZ2AGYCYIg6lltDcwEAFApizcTn6QfobDRI5HJm0kgEBaLqDnSYCbmOBNfKBqOhF2ecMLwkYDTE0rEYg6Xz1WGmbjdgWg8mYrHqDJ6TWoBzMQOwEwQBFHPamtgJrXg+vXrmzdvPnbs2P79+3fs2CHKX3311Y8//vj777+fmpriErqx27hx45YtW0SdMpmenvnT89tPn7kkSg4dOUklUhWD1946PHh7hCbuTU6t27iPKvx48Rovev/AX55+7r0Nmw/88Ld/iPpj4xNilRfW7aEKHFEBgGw1ZhKJGh8TTE4SCEbEI1VcEo0aA06onI1Fi5mkE1Hz2S1q5Hi8SNplzsZSqbD3/mYS8uWeB/MEYmIR0AjMxA7ATBAEUc9qa2AmtWDfvn29vb08TeLBEz09PXv37p2vlM1OTk7SUhKYRZjJe7uOyWYyMTH57As7is3kmTU7SDPu3ZvasvXI4Y+/uXjpOpVQ+cjo3fWb9t/oGXjznSO0oqh/5NNTvErWNJNvTl3kiAoAZKsxk0y+22RB9/Cb3SYcaoiUpaDxgJnYAZgJgiDqWW0NzKQWvPrqq2L6888/7+/vHxkZefvtt6Uq8+zfv79SMxkeGe+5Ofjc2p3CTLbvOvbTlR4qkatt3vIhVWDNEGzbefTuxOSCJWPjEwcOfSVWeXF9gUcBIKjKTAAQwEzsAMwEQRD1rLYGZlILtm3bNjo6ytNvvfXW1atXf/jhhw0bNrz55ps3btygn9eu5R6pyi7KTBjZTAjFTC5cvHbpcnexmSj28uY7R4SBvLBuD/0UqzyzZgc/yvX1tz/KqwAAMwF6gJnYAZgJgiDqWW0NzKQWnD179t133/3uu++OHTu2detWYSZ3796lpb29vQcOHBCVa2EmQ3dG12/an5U0g+nrG9qx57ioT9ax9b1P+vrv8CofffyNvApPnDv/8zNr1IfEgM2BmQA9wEzsAMwEQRD1rLYGZlJrdu3aNTU1dfHiRTHghCAVGRoa4ulamMkL6/Zc+ulGttBMRkbvvvbmIVFfQEJyvbufO0yyRTKTNbtfyE/kEmBzYCZADzATOwAzQRBEPautgZnUGh5z0t/f/8Ybb3AJicr27dsnJiZ4thZmIj5Ti8OmQVpCciLqC2gj3H9SvApDWnLZ9BwAGJgJ0APMxA7ATBAEUc9qa2AmtWBwcPD777//7rvvSEvEkJKBgQGapfJNmzbdvn1bVK6FmQi4A4Q/C/jzv5zjD9oaGBy+8vPNY59/T4t27DmuPKzFq9ydmNx/8K/8NJf84V0AZGEmQBcwEzsAM0EQRD2rrYGZAAAqBWYC9AAzsQMwEwRB1LPaGpgJAKBSYCZADzATOwAzQRBEPautgZkAACoFZgL0ADOxAzATBEHUs9oamAkAoFJgJkAPMBM7ADNBEEQ9q62BmQAAKgVmAvQAM7EDMBMEQdSz2hqYCQCgUmAmQA8wEzsAM0EQRD2rrYGZAAAqBWYC9AAzsQMwEwRB1LPaGpgJAKBSYCZADzATOwAzQRBEPautgZkAACoFZgL0ADOxAzATBEHUs9oamMmimZtTSwCwCTAToAeYiR2AmSAIop7V1sBMFk3/nQm1qJYcODWiFgFQNnrfPzAToAeYiR2AmSAIop7V1sBMqmFgeOLm4HjPwFLko+9H//mXP/7TLxCk4tA7h94/6tu3CmAmQA8wEzsAM0EQRD2rrYGZAAAqBWYC9AAzsQMwEwRB1LPaGpgJAKBSYCZADzATOwAzQRBEPautgZkAACoFZgL0ADOxAzATBEHUs9oamAkAoFJgJkAPMBM7ADNBEEQ9q62BmQAAKgVmAvQAM7EDMBMEQdSz2hqYCQCgUmAmQA8wEzsAM0EQRD2rrYGZAAAqBWYC9AAzsQMwEwRB1LPaGpgJ+P/bO7PvKK48z/8J7peZOXPmuR/mZV56zszjnDnzME+tVCoXKTO1T3XVVFd1tbuW7q6u7qruqp5qbAwYsAFjwDYGA2IHg1nNYjDGLGbHYhFGSEL7iiS05vwyb2YodEMhMjMi5cyMz+d8j3zj3puRScW9qvvhRiQA2YKZgDtgJl4AMyGE6LPaHswEALIFMwF3wEy8AGZCCNFntT2YCQBkC2YC7oCZeAHMhBCiz2p7MBMAyBbMBNwBM/ECmAkhRJ/V9mAmAJAt7ppJvc8X8FVE9GrwAJiJF8BMCCH6rLYHMwGAbHHNTOqrq8p8IVUq8wXq9XYocTATL4CZEEL0WW0PZgIA2eKWmdSLjVSndaQ6HCrzV81rh1IHM/ECmAkhRJ/V9mAmAJAtLphJuS9QVh7WaxtqnOycBCtCPjmtLxisjOltUJBgJl4AMyGE6LPaHswEALLFqZlEg0FfIFLToNcLNVXhMn84WqfXv5raSFl5KFgZjVRV+dh7yZL6aKVetSRgJl4AMyGE6LPaHswEzLz/wdFtO07ptQDzcWom8kumzBeO6tUJosFArUzehaRlccL+QK1e11jm58H6TAn6A3pV/sFMvABmQgjRZ7U9mIkTVr2z963Vu69caz5x+tqtOy16sw0btxzRq2yw9nzc0rFsxU7jcMfuM2PjE6b23Hk5MflidFxOePzU1aHhUTnUewCkcWomwmJmotdlREMssdkSqTWcpqG+rrrMXyW/BhoTewJhny9QGY1FwmFDV+QzlJWHItFItEaOast8oVisOnGbmVd9RuTEF6rWa/MJZuIFMBNCiD6r7cFMcubIscv3m1u1yv6BkeVvN61cu2c8LQxNe89t+vDoGyt3Kc3Yvf+8qIVk80efyeFH209IWV6i+k9NTa9+d5/UbNj0qdZTIWbyzc1HO/ecVYeGmUiN9HxzVZN8ADlcs/7AjVuP39lw8N2Nh+RQfkrryc+vq1c17Tsn7yitqZOm6esfXrFmj7xWCloTgBk3zSQitqASSyhJzmbSqJ5d8QWCkYRnJKk1HCMoTYGUComiqIJ0jqYfaqmrCoXVG8cqjQ6eo756iXdOMBMvgJkQQvRZbQ9mkjMiDNrGQm/fkDjAzdstFy7d2bz12IvRcamUtf6Z8zfEYdZvOtzdMzg0PCruIUt/KcSTkiCvOn/hlnhOPOkt+w5euH7zkRxqPRViJhLxCnVomMknTZ9Lz6vXm7fvOi2Ha9btl/M0P3wm9V9cvC0fqbt7QOxImgYGR+STyOeRt7hyrdk4syAfWAxny9ZjIkjmegANN81ECqmapEU4MRNFQ2009U3EJjORmpR4JN9CPSCf7pYgoS6mGPWeIrGzZP1agnyCmXgBzIQQos9qezCTnJHVv1YjriImYJTVAxvrkrsW8eSOxPFTV+MLvTCe7C8/V89vsvZUZtL6rFscJr7Q3VzqJcpMpCCtxkdSnUWZjM4r1+wxysKZczemp2dEty5fuW+uB9AoaDMRKlJqMWcmPl8gvWWSeCJF7ZSYzaSqwoX3LWpES8LGVzgvFZiJF8BMCCH6rLYHM8mZDZs/nZicMteIDyj3iCc1QMmGcS+W1UyuXGvetees2hLROivszEQKW7YeGxgcOXz0ksjGw8ftH247IYczM7OGmaj3klb5JOq1ykykST6JykDy1i+AbCl0MynzBZP/bZi7m6s8UFZhvZtrzkzqqkJzt3Z5kiXeLVFgJl4AMyGE6LPaHswkZ/YdvKAkwWDz1mPWPZNFzER0wrgfLKs9Eym0PHl++LOv5IQiG/JJDMd4pZlo8gOQA4VoJtFQSN2I5fOHDMOIBhOV6oQNtbHEv3ZSHjK+kdhsJkJ1VThxhvJgedB7T8DXGw/nLCmYiRfATAgh+qy2BzNxQuJh9zV7rlxr/uLi7Wdt3S9Gx0VOrl5v/urr+8ZzJlYzkVf19g097+w/cuzy52e/uXm7ZcOmT1W3pn3nDh+99ORpp1iHuafxjoaZCJs+PLpsxU6RDXm7g59+2fzwmajOK81kaHhUPvOpM9dv3Wlp2nsudV6AbHDBTOYefLck+28MhmIFM/ECmAkhRJ/V9mAmAJAtLpgJQCNm4g0wE0KIPqvtwUwAIFswE3AHzMQLYCaEEH1W24OZAEC2YCbgDpiJF8BMCCH6rLYHMwGAbMFMwB0wEy+AmRBC9FltD2YCANmCmYA7YCZeADMhhOiz2h7MBACyBTMBd8BMvABmQgjRZ7U9mAkAZAtmAu6AmXgBzIQQos9qezATAMgWzATcATPxApgJIUSf1fZgJgCQLZgJuANm4gUwE0KIPqvtwUwAIFswE3AHzMQLYCaEEH1W24OZAEC2YCbgDpiJF8BMCCH6rLYHM8mZP/3rh9Mzs3otQOEhA1WGq17rAMwE3AEz8QKYCSFEn9X2YCY5c/jasF4FUKi4O1wxE3AHzMQLYCaEEH1W24OZAEC2YCbgDpiJF8BMCCH6rLYHMwGAbMFMwB0wEy+AmRBC9FltD2YCANmCmYA7YCZeADMhhOiz2h7MBACyBTMBd8BMvABmQgjRZ7U9mAkAZAtmAu6AmXgBzIQQos9qezATAMgWzATcATPxApgJIUSf1fZgJgCQLZgJuANm4gUwE0KIPqvtwUwAIFswE3AHzMQLYCaEEH1W24OZAEC2YCbgDpiJF8BMCCH6rLYHMyk0Nn/02dj4hF4LUEhgJuAOmIkXwEwIIfqstgczcYU16/YvW7HTiN6cDZgJFD6YCbgDZuIFMBNCiD6r7cFM3OXho7bjJ6/otdmAmUDhg5mAO2AmXgAzIYTos9oezMRFXoyOb956TH5K+cuv7q7beGjZip2Xr9yXwx27z0i27Ty1ccsRKfQPjKjy1NS0dHtj5a7V7+5TJzHMZMXq3aZzAxQQmAm4A2biBTATQog+q+3BTFxk5do9hz/7Sqtcs/5APGkmxl1eUrbuq/T2DR0/dTWeNpPlbzdpHQAKB8wE3AEz8QKYCSFEn9X2YCZucfLz67fvPjEOv7n56P0PjhqPnYiNiHKoJikb92vNzMxKtxVr9kg3ZSZvrd4tWtLxvC99JoCCAzMBd8BMvABmQgjRZ7U9mIlbrHpnr1GemppesXr3mXM3xECUkNiZSdO+c9Ktu3tAapSZvLmq6dyFW5u3HkufDKDgwEzAHTATL4CZEEL0WW0PZuIKZ7+4ef3GQ+PwcUvHpcv3VPnNVbvi9mZiPExy83aL+W6uy1fum3dgAAoK18ykpqY2HI6U+QIVgXA0Wq03Q6mDmXgBzIQQos9qezATVzB/ZbC6fWvTh0ffWLlLfjbtPRe3N5P2jl7pJnnW1m02Eyms3XBgampadQMoKFwzE3ESc8KVUb0HlDSYiRfATAgh+qy2BzMBgGxxwUyUisRiNebKcn9IKs01UNpgJl4AMyGE6LPaHswEALLFqZmIkFRUhPXaJFKv6UrmBCtCvoTwBIOVMb0NChLMxAtgJoQQfVbbg5kAQLY4NZNyf6imtk6vTSL10ioTWG94JbWRsvJQsDIaqary+av0VliU+milXrUkYCZeADMhhOiz2h7MBACyxamZJO7jqq5RN3QZlYFApVFfVZX1Aydhf6BWr8sjVRWldtdZ0P89/IkwEy+AmRBC9FltD2YCANnigpmEQlULmomql7Kpe0ZEAgHLLVyxsmCqLuALlFcmzCXgC9ZEwsm3DlbXJ9uiclgZCSYecQlUzX0/WGWypjwQSXVrjMnJGmoS3yRWn/ypff6ip77aF1rqr0fDTLwAZkII0We1PZgJAGSLUzOprIoqD7GaibU+c8qTLwxGjMdUFjSTOYHxqXdJmEnq7WKhYGXyLrOY/FpMCUl1sDyg6kRmAtFUbSCnT1jo1Fcv8c4JZuIFMBNCiD6r7cFMACBbnJqJIL9q/BVzSiCEkv+widTnbCaKhtpomS+ULC5sJkbPaDB5A1jCTFR/Iaa6+c0fIBpOnibVpChJM6mPhn3lC38zQZ7ATLwAZkII0We1PZgJAGSLC2YiyCytisy7A0t9K5dDM2k0NkNeaSYBzGQeoiXh9L1rSwNm4gUwE0KIPqvtwUwAIFvcMRM7nJtJmS+Y/G9tWUUkXTNnJtH0936Z7+ZSddFA+m6uULAq9eVhc3dzmc0kVO7oExYgS7xbosBMvABmQgjRZ7U9mEnOTM/M6lUAhYq7w9VNM6kIqOfRUwt9dTdXDk/AR0OJB9YlPn/I+Gv/6srEycsDkbB/zkyqq6xPwIfU8+7mJ+AjyROWB6qiKUWZZyaN9dXODaqAqM/x35BxCGbiBTATQog+q+3BTHLmT//6oburPYA8IQNVhqte6wA3zcR45N2caCxfXxK1wF1Y8+7mgiUFM/ECmAkhRJ/V9mAmOXP85sh/+OG3/+4vCCn0yECV4aqPYAe4aSZLDGZSUGAmXgAzIYTos9oezAQAsgUzAXfATLwAZkII0We1PZgJAGRLEZsJFBSYiRfATAgh+qy2BzMBgGzBTMAdMBMvgJkQQvRZbQ9mAgDZgpmAO2AmXgAzIYTos9oezAQAsgUzAXfATLwAZkII0We1PZgJAGQLZgLugJl4AcyEEKLPanswEwDIFswE3AEz8QKYCSFEn9X2YCYAkC2YCbgDZuIFMBNCiD6r7cFMACBbMBNwB8zEC2AmhBB9VtuDmQBAtmAm4A6YiRfATAgh+qy2BzMBgGzBTMAdMBMvgJkQQvRZbQ9mAgDZgpmAO2AmXgAzIYTos9oezAQAsgUzAXfATLwAZkII0We1PZgJAGQLZgLugJl4AcyEEKLPanswEwDIFswE3AEz8QKYCSFEn9X2YCYAkC2YCbgDZuIFMBNCiD6r7cFMcub6jYfLVuxU2fzRZ3rzorS196x+d58Ujp+62tc/rLXevvvkydNOrRKgcMBMwB0wEy+AmRBC9FltD2aSM2Imj1s69Nos0cxkx+4zy99uEs95b8sRER5TR4ACAjMBd8BMvABmQgjRZ7U9mEnOWM2kae+53r6hN1buOvn59f6BkW07T725qkkK0vSopeOj7SdENvYfuiCH8sIVq3fHLWYyMTnV3TO4befpQ0cuDSRfCFCAYCbgDpiJF8BMCCH6rLYHM8kZq5m8tXr3/eZWKew98MW1bx6oytXr9pv77Nxzdmx8ws5MhLUbDsjLP/j4uEiOuR6gcMBMwB0wEy+AmRBC9FltD2aSM2Im4hVXrjVLlEVs/ugzsY74fN9QBtLW3iNOoh5KWdxMAAofzATcATPxApgJIUSf1fZgJjlj3TNZxEyWv920a8/ZoeFRacJMoNjBTMAdMBMvgJkQQvRZbQ9mkjOZm4lUbttxanp6Rg7f3XgIM4FiBzMBd8BMvABmQgjRZ7U9mEnOmO/munv/adzeTOTnm6uaPj/7zc3bLavW7sVMoNjBTMAdMBMvgJkQQvRZbQ9mAgDZgpmAO2AmXsC5mQCAd8BMACBbMBNwB8zEC2AmAJA5mAkAZAtmAu6AmXgBzAQAMgczAYBswUzAHTATL4CZAEDmYCYAkC2YCbgDZuIFMBMAyBzMBACyJZ9mUlfdoFdByYKZeAHMBAAyBzMBgGzJl5lEAsEyf6i8slZvyD9lvrBeBfkHM/ECmAkAZA5m4oTpGcksIQUffeg6JC9mEg2Hy3zBhsZYjmZSGynzBfxVdea6cl8gEDVX2JKVmQTLA/V6HeQCZuIFMBMAyBzMJGe+65m89fQlIUURGa76CHaAUzPx+QJleoLVdeo2rtzNpCKQcBtTVbU/WOmamcRy+1hFQn21L1StV+YfzMQLYCYAkDmYSW5YV36EFH7a+6f0oZwTDs2ker6ThGrrzY+WxHzBSPW8nY/MqI0EIrEKX8CoaIiEK2MRt8wkFgqWspk0Ngb9c//TLRmYiRfATAAgczCTHBgen5FF3sfXRv/blr7/upmQQo8MVBmuSk700ZwTDs0kNt9MNCVItpZXza/MgNqkhMQqg7HkYV3EL5YSDSszEUvx+cPVdbUV5YFo0oNqK0PhYDBUFYslLUh9jEB5oEZZUn2srDwci1X7fAFf4owNIX+gWn4/1iV6h1OL+Fop+HyhSDQmy/pwTbJOvMtfKd1qomFfMDMrKhjkT7HEOyeYiRcofDPp7Rs6fPSSXgslCpe7wMFMcuBOa2KFd+KxO4s8gCVAhmvhmEm+7uZSEqIcI+EMwWrDTKzdEmaScokE8irRkmj68ZGgsfdSGylPluWExscym0m6srYsqURyWuMNy3yhdLFoqI+Eq2qX7tvRMBMv4NxMHrd0LFux0zjcsfvM2PiEqT13hkfGJian5GzXbzzs6x+edv2hPHCPBw/blr/dpNdmybfNrcblbn74TG+GAgAzyQEXV3gAS4Yat9Mzs3pD9jg1k8bk4l45SW1DQ3U0EqwISrk6IQZOzSSxVZJ49j2YEA/DTOqrxUSUERlmYnYWUaMy051g/vni1GhvJum6lJnUV4XC6X5lvsp0a3FQHw37yl9xV5u7YCZewBUz+eDj4x3P+9Shi2YiK9Q3Vu7asOnT9zZ/KvIzOsb/tRcuR45dfv+Do3ptlshVNi6387NBPsBMcgAzgWKksMwkkFr0z9tVcPStwWkzSTxeUled+pKulJk0iCSom7waa6pszERW5HVl6XX53J5JmgzNRKhQf7Ty0NJtPbiBaEk4qYZLCWbiBVwxE4nx9+WGmdy+++Tm7Zar15u37zoth339w/sOXmh++OyTps+/uHh780efdXcPiHioV63beOh+c6usbq9ca06fOIH0eee9g9JqroQC5K3Vu5+2dl26fE8drlm3/50NB+VqPmvrGRgcWb/psFzKFat3q+vbtO9ce0ev/JRXzTtLPM7lLnAwkxzATKAYKSwziYUSexTmbYoUOf9Li2kzaUxoRiB1kvSeidSUB6M1sWiZP2hvJonVecqL6mNlvmAkGqsMh/3+hD7VhIMV4VhNXeI5lEXN5Pv5kiuHfC9a0oiZeAO3zKT1Wffu/eenp2eseyaySI2nzUQK0ipyoppU5/Hxiaa951TNyjV7njztTL80fujIl8dPXR0YGLn37VOjEgoNcRK5TPGkn6gaddEVm7ceUwXxFrm+Rr1cehFU41CQkcDlLnAwkxzATKAYKSwzaYxVqnurjEc7nGIyE58hPGkziYZDybcL1jbULGImyUIwlHz+JBIKycfzlYf8qY516gPXvsJMEhak4vMXz91c9aZnbpYQzMQLuGUmUlj+dtPtu08MMxEVkeXpshU7DTNRi1dplT7qtaqzNEk3lRWrd6uzQRFx5NhlkRMpvP3uPlVjNhM1DIzrKzXf3Hy0Ys0eVWN0g6IAM8kBzASKkQIzE6GhNhSKuCUmBUK5+R9UiYaNZ05gQTATL+CimbQ8eb5y7R7RD5GNfQcvvJu+J+eVZmLeRYGi4+btljdXNV251iw5fPTSV1/fj2t7JvM3Rp619Zw5d0MKAwMjazccMDdB4YOZ5ABmAsVI4ZlJKRIsD1TGauR3T2114p9t0ZthPpiJF3DRTIQXo+PLVuwU05Dl6Rsrd3V3D3y47cQrzUQKG7ccOXXm+q07LU17z7n1AD0sDW+/u0+ZhkLs9Glrl9lMhoZH1U16x05ekesrg0SERMbGqnf2Wp8zgQIHM8kBzASKEcxkSahP/BMoybu5gpXfx5MbxQVm4gXcNZN48kkDUYupqemTn18XSzlx+tr6TYfjrzKT0dFxWdGKzJy/cItvBy4uVq/b39nVbz48cuyy2UziyeeFZDCs23hIrq8cbvrwqFzrZ23dxvNFUCxgJjmAmUAxgplAwYGZeAHnZgIA3gEzyQHMBIoRzAQKDszEC2AmAJA5mEkOYCZQjGAmUHBgJl4AMwGAzMFMciCvZvK7f10xNj6u1y45W7fvkY/x6PGTxh/9Qm+D4gQzgYIDM/ECmAkAZA5mkgNWM7l6/ebFS1eTueJwKW81k9Zn7X/9y992dff29vXL+X/+d/9ibs0rmEkpgZlAwYGZeAHMBAAyBzPJAauZGDQ/eLxn/xG9Nhs0M2l58vRHf/V3U1NTRs2OpoOiKMZhXsFMSgnMBAoOzMQLYCYAkDmYSQ7Ymcm+g581/Ojnqrz+/a1y2N7RqWrWrNvyb8vXrlm3+dad+1L+w7LVqjwxMam6Sf9vmx/F02by5VdXDxw+Loe/+Pvf9/T0Sbcf/OWvahp/9pvfvSGVv/7tMvGTgYFB9V7/58e/lJ91P3h9+679YjJSUPU/+PGvjhw7fedes7z2cctTqfn9H1edv3BZKht++PP/98aaru5eaVq19n31gdXHMD7wgndzvbd526YPd1y8dHVgcCiefFN5lZxBPnA8aTJbtu767mmbfAz5kG+sWCet9T/8G/VHg+8XzAQKDszEC2AmAJA5mEkOLGgmso6Xtfjw8IhWL6YRTy70/+rn/6RqpNzXNzCvU/LloijxZP/Pz14UAVCVZ89fksKPf/Zr+fngUcsvf/0HKfzqH/51enp6+aoN8nNoaFgs5fKVb6RVnUrKd+8/kMIPf/K3qkZcQgwnnvQcVSPvpTZepLPZPeQdjQ+8oJn85PXfGGXzm4p+yJtK/2Mnz6qan/78H1VBTihnU2X4HsFMoODATLwAZgIAmYOZ5MCCZnLg8PFvbt4xDq9cvfFPv19eVfuXknhyoa9W/Kps3K81MzMj3Rr/7y+kmzKThh/+XG1ESFmsQ1b/8fQqX8qqoPxExOO7p23Xvrn9bfMjeW1ff8p2RA/Mr4onPUSVjc9g9DfMRD6w+hjGB17QTIwzxE0nEaSbnMp46zhmUnhgJlBwYCZeADMBgMzBTHLAaiYTE5PKFhStz9qPHDutyj/7xW/j9mZibGsMDAwaeybS+pPXfzM7O2vsmcjJR0Ze/N0//vH1X/1OTn7m/Jfx5AMnv/ndG2or5ur1m9Y9E3WXV9y0Z2JnJsYHlo9hfOAFzcS8Z2J+U2PPBDMpWDATKDgwEy/g3EzGJ6Y7ekdJkUYun35Fs6R3cNx6WlIskcs3OTWjX1R7MJMcsJrJj3/26/MXLqe/nuvq6OiYrO9v3bmvnuiI25uJqIV06+ru/dFf/Z3ZTKampl7/1T/LoYhHx/Ou1NvMR93QpZ4SEer+4vX3Nm/77mmb8ZxJTePPdu05ZH7OxM5M1AdWH8P4wGYz+Zc/rrpx6248+TjKth37vrlxR2RGvWl7R+c7Gz40njPBTAoWzAQKDszECzg3k86+Ub0Kigfnl290fO5bgKDokMsncqLX2oOZ5IDVTNRNUEak5rd/eCta/1P5ue69j+L2ZtLW/ly6SWShbzaTeHKzRfzkrdXvyUlUZytnz1+69s1tVb55+94vf/0HOdW95IZJPOkGf3xzrTq5qrEzk3j6A0tP4wObzUScR51kYmLyL1//B+nZ1d0TT75ppO4nv/nnN9VpMZNCBjOBggMz8QLOzQQAipqO3izsFDPJAauZ5JWZmZl/XbZahOcvfvK3K9ekdkiEnp6+13/1u7l+Fgw3AIhjJlCAYCZeADMB8DiYiaJkzGRBenr7fveHt9QdX3ZgJmAGM4GCAzPxApgJgMfBTBSlbSYA2YKZQMGBmXgBzATA42AmCswEwAxmAgUHZuIFMBMAj4OZKDATADOYCRQcmIkXwEwAPA5mosBMAMxgJlBwYCZeADMB8DiYiQIzATCDmUDBgZl4AcwEwONgJgrMBMAMZgIFB2biBTATAI+DmSgwEwAzLprJlStXlJZIATOB3MFMvABmAuBxMBNF/szkTmtihXfiMXICRYMMVxeNmj0TcAfMxAtgJgAeBzNR5M9MvuuZlBXe/9jaP+3C3z4D5B0ZqDJcMRMoODATL+CumYyPTzx91m0c9vYNDwy+MLWDt5ianr7/6Om9h9/pDVBIYCaK/JlJPH1jDCHFlfb+KX0o5wRmAu6AmXgB183ku9aulxOT6hAz8TgDQyM37z+6ce+R3gCFBGaiyKuZyArPuuwjpJDjlpbEMRNwC8zEC7huJl3dA61tqW0Tw0zan/c9fdYt0vJidFwOpYPUS82z9p6Z2dme3iFpkp/SlDjsSxzKS0wnhqLkdnPL/UdPm1taR8cS1/3x03apufvgSXtnjxx+c/fho+/annf33XnwRPWXzkMjoyIzU9PTptNALsgK4L35SI3eKQlmosirmSimZySzhBR89KHrEMwE3AEz8QKum0ln90B376DYRXyhPZPW5L1e4iRtHb1SGBwaFTmRVyWakj4jTZ1dA6pJuQoUKbOzs+IYQyMvRkbHRDniSTMRG1GtIic9fYOqfPvbFuNVQtvzHvETcw3khllO7LQkjpmkWQIzAfAmmAm4A2biBfJhJi8nJkUzRl6ML2ImXT2JVemLF+PKQwRRFNU0OJR4ydjYS7ZNipqBoZHmllbxEymrG7rETMRVVKuUr995YERVPmh5pg4xE7d4pZbEMZM0mAlAnsBMwB0wEy+QDzORQlf3wHetXf0DI2ImkraOXilPT88YZiLSEldmkuwfn28mUi8ZG0vspUCRcvfBk6ftXc86uiW3vn08Ov7SbCZtz7u7evvN/UVjhl8klsgtrR2YiYssriVxzCQNZgKQJxybSV11MBhWqUvXRSurVE3UqIJSBzPxAnkyE2FgcERkQ7Sk/Xnf2FjimwcTeykZmEkHWyUlwa37j42yKIeIh9lM4snnTO4+/K6nb1B9eVdre9eDJ886e/pv3HuImSwlmIkCMwHIE07NpLYyVOYLqIRrU5Xl6ZryynQVlDqYiRfIn5nMzM5+19olZtLTO/S8s394ZKyto/eVZtLdOyiv6u0f7ukd7OtP9IFiRFTk4Xdt5pqb9x5pZvK8u+92c8v1Ow/UUyhTU9PiJBKRE8xkKcFMFJgJQJ5wzUw0CVmwMkvqyvxVeh0UKpiJF3DXTACg6MBMFJgJQJ5wxUyCFcGweEggWq8qfQktCfqcmUksFAxWBPRaKFQwEy+AmQB4HMxEgZkA5AkXzCSYFBJlI1Koj6YsRQoOzKQ66AvUV4UiDXoDFCaYiRfATAA8DmaiwEwA8oRTMzGTlJNEjM2TnIkEAmUV0cbGhrKKSKoqGg6LBVVGozWJo7A/EKyKRaoqy/wRZT9hfzASq6mvqZYPkD4NLB2YiRfATAA8DmaiwEwA8oSbZlITTj1z4nyfw+8LVCS3S3zJfZgE0XBZedjoUOYLqYIv3dOgsiKQ804N5Axm4gUwEwCPg5koMBOAPOHcTFJWoG7iqgiGjdu65tqypkYZjkpM1UXDxnd/NTYmNkbmEkx0qY1W+cpTNZjJ0oOZeAHMBMDjYCYKzAQgTzg1k3w8AR8LBpN3bClqygKxhOHMM5O6Mn/6Li9FTZW/KvWPp0QCmMn3AGbiBTATAI+DmSgwE4A84YqZqJ2K9G1X6f2TslzNpGL+gyJlvlBlnWYmjea3SxALJx5LSeJnz+T7ADPxApgJgMfBTBSYCUCeKEAzqZt76j1JVUUg8Q+bzDcTeZPy8mDiLYKRWHKzJOBPHPr84frI/I6wJGAmXgAzAfA4mImiuMzk2MkrnV39ei1AQeLUTBrrqoPBsErqbipZpFZWqZqoUQWlDmbiBTATAI+DmSiWwEymp2e27zq9bccpvSEbHrd0dHUPXL/xcGx84uHjdr0ZoPBwbCYASTATL+DcTMYnpvUqKB64fICZKJbATDq7+tes2//2u/v0hmzY/NFny1bsfP+Do+vfPywFvRmg8MBMwB0wEy/gipnIyoYUaZybSe/guPW0pFgil29yaka/qPZgJk7YuOXI9l2n9x74YmRkTA6Pn7oqNVu2Hrtx67Ecnv3i5pFjl+83t27eekz1/6Tp877+YZGZ6Wn9Gq3beOid9w5qlQCFCWYC7oCZeAHnZgIA3gEzccKa9Qd6+4aGhl6In8STZrJi9W7VJHKycu0eVd6w+VPjJcL1Gw/FT8w13za3dnb1i8mMj0+Y6wEKE8wE3AEz8QKYCQBkDmaSM+ISew98ocrqhi4xkzXr9qsaKS9bsdOIqjxw+OIbK3fJoWYmAMUFZgLugJl4AcwEADIHM8mZDz4+funyvSvXmiXrNh56MTpuNpPrNx6uWJPaM1HsO3hhYGBECiTTL4AAABYiSURBVKfOXMdMoKjBTMAdMBMvgJkAQOZgJjnzVvrGLeHMuRsPHraZzaSzq3/1uv1TU3PPfe3YfUY9jiJKg5lAUYOZgDtgJl4AMwGAzMFMcmNgYOTIscvmGvEQs5koNm45smzFTvUUiljKyrV7JOIwmAkUNZgJuANm4gUwEwDIHMwEALIFMwF3wEy8AGYCAJmDmQBAtmAm4A6YiRfATAAgczATAMgWzATcATPxApgJAGQOZgIA2YKZgDtgJl4AMwGAzMFMACBbMBNwB8zEC2AmAJA5mAkAZAtmAu6AmXgBzAQAMgczAYBswUzAHTATL4CZAEDmYCYAkC2YCbgDZuIFMBMAyBzMBACyBTMBd8BMvABmAgCZg5kAQLZgJuAOmIkXwEwAIHMwk5x53jfa3TfY1TtASixyWeXifvZ08t9v6n9tY4lE/iz6CHYAZgLugJl4Aedm8rilY9mKnZJ3Nhw8cfqa3pxkaHh0/abD8WTn6zcempv6+ofXrNsvhS8u3u7uHjA3QVEwNj6x+aPP1BiQGBfUCUeOXV65ds/qd/fpDfH48VNXzedfsXq3NqIMNn149MXouF4LzsBMcgYtKeHIxf0Ty+K+2KOPYAdgJuAOmIkXcMVMLn5192lr147dZ95YuevlxKTew8QiZgJFijKTK9eaVVy5oOIbMqj27D//4GGb1pS5mRjIyNSrIFcwk5yxLmdJKcW6si/26CPYAZgJuANm4gVcMRNjaSiFG7cey9pUlo+qRgpyaKxWzZ03fXhUTObBo7YNmz+d13P9/ktf31u2Yufu/edVz/aO3jdXNam/kne+6gV3UWZiHJrN5My5G6vf3SfXTq6gqukfGFn+dtPKtXvGxydUjWjDtp2nNm45YuxvTExObdtxanp6prOr/9yFW6rSwM5MmvaeUyNKTqWa5FPJZ1v//mE1coyXgBMwk5yxrmVJKcW6si/26CPYAZgJuANm4gVcNJNHLR3vbDgoC8pMzOTA4Ysdz/uk8OVXd9Wq0dxzYGDEqJHCqnf2qrN90vS5LFtVGQoEOzN58LBNLq6qFGeQgXHk2OW30zdorVyzRxUWdIYtW49JT+O6m7EzkzdX7VI1xhhTZiJhz8RFMJOcsa5lSSnFurIv9ugj2AGYCbgDZuIFXDET9XfSso68fPXbeHJturiZjI69fP+Do6pDZ1e/Wq1qPePJHRjpLwVjOYuZFCDm50zk2hlXUC5ob9+Q6iNludDSTa6gqpGyuIoU1qxfYBNs975zcrbmh8/0BnszWbfxkKoxhh9mkg8wk5yxrmVJKcW6si/26CPYAZgJuANm4gVcMRPjBq2nrV1Hjl1+pZmY9cO8kLUzk0eP22WduvrdfZe+vqeaoHCw2zMRHxhL37KlLqXUGwPDaDW/VrH1k5Pqzq5NHx4VOdm+67T54SU7MzHOg5nkFcwkZ6xrWVJKsa7siz36CHYAZgLugJl4AXfNZGh4VFaBZjM5fPSS1UzMeya9fUOrX2UmBw5fXPzBevgesTOTU2eu63smW49Z90ysZmIMAPETEQ+JufXS5Xvmu7xWrNkj4hrHTJYKzCRnrGtZUkqxruyLPfoIdgBmAu6AmXgBV8zk4ld3ZTkoK9GVa/Y8a+uJJ/8m+/yFW80Pn72z4aDVTKTQ+qz7vc2fdncPvP3uvreSS89FzOTsFzfVzULL324ynpyGAsHOTAS5skePX5ZhsHJt4qkSMQ2Rk6vXm7/6+r4UVB+rmZw4fW37rtNfXbl/9vxNueISrcPJz69v2XrsyrXm9ZsOP0xqSdzeTKQg7244EjgEM8kZ61qWlFKsK/tijz6CHYCZgDtgJl7AuZnkm86u/kuX527isi5kAWDJwExyxrqWJaUU68q+2KOPYAdgJuAOmIkXKHwzefK007hbbGpqetuOU/PbAWDpwExyxrqWJaUU68q+2KOPYAdgJuAO8jsaMyl5Ct9MhKbkNzWtWrt3556zehsALCGYSc5Y17KklGJd2Rd79BHsAMwE3AczKVWKwkwAoEDATHLGupZdv3791q0fW+tJMca6sl888YmpH5x5cah/9tv7w6maoQlrt4UyHJ+JWyrdjz6CHYCZgPtgJqUKZgIAmYOZ5Iy2kG1tf757z95Nmzdb17ikGGNd2S8eMZNkYSQ+PPnnltbFcmbyXPv0cmu929FHsANcMxOfL1Bmid4JvAFmUqpgJgCQOZhJzmgL2T179oqcnP78bPOjFjk8fuLkxx9v27Fj5+UrV+Vw48aNZ86dv3jp8v4DB+RQfp44eerbB4+k3romJoUQ68p+8aTNZDg+8PK/qJqBl6ppMB6/fGc0dPFlfGjCKi2XJ+OvbRyM96Ze9drGsc6hma1fv/jBmRE5PD4a33h+eGvvbHx6WvU//nxy+cWRn96Z+u5RanMmw+gj2AEumUlNlXhIRTAcNFIRLPOF9G7ZUF8TVbbjD0ZidXrrIoT9gUh1bbSmocwXDFbrra5Q5gvrVWACMylVMBMAyBzMJGe0haxyjPbOHhGSrqSZGNZx4tTplqfPVFnbVNn+ySfaeUiBxLqyXzypYTGe8odEzZyZzKb7TG+1vnB4Un7enIl/91iZxth41/hca0p4Xoii6C9Mnz/DzBu+znDJTKJhbYekOhws80ei4apYg7k6U6Ky4vEFAmH5hRbx+cKRer3DIvjSn0TMJFwzv80lMJPFwUxKFcwEADIHM8kZ8yq2tf35jh07VXnDe+91Jc1ky5YPVM2evfvWm5Car76+sm37duOQFGCsK/vFk3zOJLHLMVeTiZnsfDk3pEYTiiJmMtg+NncSE6rmUPfM4ORs4riozaS+KqEliQ0K056J1IRqRBJCldlsd6Soi5QFotnIyDwc7tXY4cvPaUsSzKRUwUwAIHMwk5wxr2IPHDyUuFnry68k2z/5pPlRi9lMpPyo5anR+d63D09/flaVP/gg1YcUWqwr+8WT3tww1bzaTIabhoydkLHkbV2JwnwzmTH173/t/vS5S6o8WtxmktgeETMJxMyVUiPHZf5Irbk2M2orQ6GF9jqioZCc1uevjNSmNmLk/JXBUPKmr2DCZBqqw4FEH7WBI4oSTr59fXXE9PRLuLExVhY0Pm2svFJ9xpjUVfiDZRXRxJlqY+Xlif6RmsR7RYOp0ybaTHsmxrtXp0Uq4AvURRP3tpk/p9fATEoVzAQAMgczyRnzKnbzli1G+fKVa19c/NJsJt/cvH3i5Cmjw83b985f+FKV30tusJACjHVlv3hyMZOzk53pJslPW2f+kCjMM5Pjo/FD34z+4MzYxtbk+c9MDraPh/YPNvXPFreZLPjse8INaiMLCsYrCfsDVp+pqzJ0pa6qIqVBykCS1JeVV6mSsWeSNpOGMr9qqgmVq/4Lm4kIRrpyDvnTqb7mrRhlJjH5hZsWkmB5QG0OiZmktnuqq4z7yrwGZlKqODeT8Ynpjt5RUqSRy6df0SyRM/QOjlvPTIoi2Q4AzCRnzKvYPXv2mg83btxoNhPJhS8vffjhh+vXrz946LAcbtu+fcOGDfJz3/795heSwol1ZV/s0UewA5ybSbXVSRIJRMUf9L6ZIS9UWxNmguZVfm3EX5UQAfPzHkbZYiZ1Zf5IsuIVZpIuJKmvLi9P7gX5AurTWM3Eb/5I0bA6ZWCuMmYqewvMpFRxxUz0KigenF8+52eA7xEllnqtPZhJzljXsqSUYl3ZF3v0EewAp2ZSH1EPmegRc6jIdV1eHV7gyXUHZpLY96itb4iFQ+mmV5lJdVW5L1AZq5FfPOWYSfZgJqWKczMBgKKmo3dUr7IHM8kZ61qWlFKsK/tijz6CHeDUTAIWJ1Gpl+X7AjsfGVJf5gtWVM2zk7qqUNomzHdzZWQmwXLtNq3asoqIuvmqNhyymknYH0hvszQusmcSCwWTfpTAfDdXuhdmAqUGZgLgcTATBWZCnMS6si/26CPYAU7NJOgLLPiUd300bKzac6K+JpJ4TiOx/RJKPV5enfwSsMST5TWpxzsyNJOEaaSUKag+VHVluDx5WF1fazWT5MdPPPJeHoyFylNmUhetlBr1hzLeKxIKqfNE039YzKQRMyldMBMAj4OZKDAT4iTWlX2xRx/BDnBqJvWxxHp9wSxoLN8HtT5/OBKNSSpDIV8oP//4IpjATEoVzATA42AmCsyEOIl1ZV/s0UewA5yaSeETDQZMLlLr4B4zyBTMpFTBTAA8DmaiwEyIk1hX9sUefQQ7oPTNRAj4E9+y5SsP+YOpp0cgr2AmpQpmAuBxMBMFZkKcxLqyL/boI9gBnjATWGIwk1IFMwHwOJiJAjMhTmJd2Rd79BHsAMwE3AczKVUwEwCPg5koMBPiJH9iWdkXe/QR7ICTJ08qLZECZgLugJmUKpgJgMfBTBSYCXGS/757yLq4L+roI9gBy5cvV2YiBcwE3AEzKVUwEwCPg5ko8m0mfUOj1uUsKY3IxZVL/NnTydLYOZE/hfxZ9BHsAPNEw0zAHTCTUsVdMxkfn/iutUvy9Fl3+/M+vTnJ0PBoT++QFKSD9Dc3GTWtbd3meigi1ABQefFivPWZo0s5OvZSztPa1tM/MKI19fYNDwy+MA7t3kjO0Nnl5l/+lR6YiSLfZjI+MS3/U5OSjFxc/XqDCfNEw0zAHTCTUsV1M2nr6B0eGZO1oMjJYPKvkexYxEygeBGr7O4d7Okbkjg3ExkSff3DMqieWs6ToZkYtLX3mPuDQQdmkiTfZgLgWcwTDTMBd8BMShXXzcTYKpFVqZTlZ2f3gKqRghzK6lDWlHGTh4y/TOy0yNLzeWd/as8kucqUNa68ROolLycSO8uTk1NSVn8fb5wWCopn7T2GXprNRC63uspyueVwZnZWrq/USH/VITE8RselRsxW1cQTYyDR2j8wkqGZyLtI5JxyHtWqRmBn14AaNq8UGA+CmSgwE4A8YZ5omAm4A2ZSquTJTGSJ2f68d+TF+CvNpG9gRNaLqkNi2WoyE0NIZBWr1rvGKta6ToUCYUEzed7VPzyc8g117eSnXNZ40jbVZZXhYb0DUIaQCIz4ifFyAzszMQ8n6WOMQDlkz2RBMBMFZgKQJ8wTDTMBd8BMShXXzcR4xqCjM3Fz/yvNpLMrsSuiOrR19GpmoupVDWZSFBgDQK6RYSZy4ZSHqPLk1LT5Cj59lnAJGR5Wcxh5MabtohjYmYnaZlE1ashhJouDmSgwE4A8YZ5omAm4A2ZSqrhuJsZfe7+cmJQ16CvNRN17ozoY93ctaCbx5DnVqlcWrEYTFBQL7pmY76FSV9lcoy60Gh5GZTz58LoaTsltk+6x8YmOzrlNFTszMYYTZpIhmIkCMwHIE+aJhpmAO2AmpUp+zaSt58Xo+PPk5omQOLSYSV//sHH7jaw+FzcTeeHQcBarKFh6FjQTcQPtbi651ta7uTQzkWttaO3oaOJLusytMrTaOnpVWT2AFMdMcgIzUWAmAHnCPNEwE3AHzKRUcd1MZLEoa8Ge3iHxkO6eQVl9yopw5MV4/8CILEatZiICIy+RnqIoTy3PmRhnVjXqCenEc8zpO3ag0FjQTMbGJ+Tqj6iBkTSHnr6hjud94h4yDKQcX8hMxDfkWktrZ9eAetpEjRwDaZWRIx3a2nvUSRY3k/bniS+OM58B4phJGswEIE+YJxpmAu6AmZQq7ppJXnne1f8sLSSyotUWqQCQG5iJAjMByBPmiYaZgDtgJqVKEZmJ+a/D+waGrf/0HgDkAGaiwEwA8oR5omEm4A6YSalSRGYyMzvb0zek7ubq7h3UmwEgJzATBWYCkCfMEw0zAXfATEqVIjITAMgHmIkCMwHIE+aJhpmAO2AmpQpmAuBxMBMFZgKQJ8wTDTMBd8BMShXMBMDjYCaKpTGTj799+R+3DLy2sZ+Qwsz/OuD+t8uYJxpmAu6AmZQqmAmAx8FMFPk2k5u909ZVICGFGRmu+gh2gHmiYSbgDphJqYKZAHgczESRbzP5s11D1vUfIYUZGa76CHaAeaJhJuAOmEmpgpkAeBzMRJFvM7Eu/ggp5Ogj2AHmiYaZgDtgJqUKZgLgcTATBWZCiDn6CHaAeaJhJuAOmEmpgpkAeBzMRIGZEGKOPoIdYJ5omAm4A2ZSqjg3k86+LJY1UGg4v3xyhvEJN5+VhKUk28uHmeSMdeVHSCFHH8EOME80zATcATMpVZybiSxrOnpHSZEmq1XpgsgZegfHrWcmRZFsBwBmkjPWlR8hhRx9BDvAPNEwE3AHzKRUcW4mAOAdMJOcsa78CCnk6CPYAeaJhpmAO2AmpQpmAgCZg5nkjHXlR0ghRx/BDjBPNMwE3AEzKVUwEwDIHMwkZ6wrP0IKOfoIdoB5ouViJg2xyjJfYH7C9bW1ej/wEphJqYKZAEDmYCY5Y135EVLI0UewA8wTLRczqa0MWc1EKn3BmN4VPANmUqpgJgCQOZhJzlhXfoQUcvQR7ADzRHPTTKRQr/cFr4CZlCqYCQBkDmaSM9aVH8ktf/7p8Nm2KWs9cTf6CHaAeaK5bCa5y0ltxCe/yqIx+XWW+0ng+wMzKVUwEwDIHMwkZ6wrP2LNx9++/PL51N98Mbrz4cT/3D9s7fBa9mYyNDGrChvvvrS2ErvoI9gB5onmlpkEgsGwSjhWp78gE2oj5ZXpJ1XMZTfw+UJ6FbgNZlKqYCYAkDmYSc5YV37Emrt903+2a8hcMzI5+8a1cSls/fblj868eC1pJpc6p6Zm4p2jM/9waUx1+7orUSN8dP/li8nZiZn46WeTxhnkZ/jYiLoQ6mzklTGPXoeYJ5prZmIkR6mwMZPKYOK9Kiqr1S5K2B+oj1Ul3ygYNRmQ3x9M2FE0fYZoONbYUO4L+KtqoskzSKLJFnVCnz/UMPdqcAHMpFTBTAAgczCTnLGu/Ig1nzRPHH4y+Z+3Dxo1C5rJ5Ew8+NmI+MmLpHVIZuPxn5wblczMxld8M77v8YT0Mc6gCvf7p7W3I4tEH8EOME+0wjOThvry9N1csVAwmizVVck7BhuTZlKZFhK/L5Bsi6QKyW6ph/Cj4bLycKpfY2OZsWdSG0kJCrgNZlKqYCYAkDmYSc5YV35kwcROjJxpm5yaif+nDwZeszGT8+2pu7kM2WgeSBWsHmKtIZlEH8EOME+0AjIT4wz+UOo7voJp5Uh4S7Kc2DNJvyISCEi/+oS0GDdrxXyh6sR/o+GKyNymiKlDdZl/zljARTCTUgUzAYDMwUxyxrryI4vk0vOpf/k6cafWgmZiPGcisvG/DyYeR1nEQ6w1JJPoI9gB5olWQGaSemF91JcwjgR+X0B+DRhpTJrJ3CvCoWhyX6XMZ8hGbVlFcpclGg6bPoXJTBJUhswyA+6AmZQqmAkAZA5mkjPWlR9ZJH//5egH9xMPrL+YnF1+PWEmN3unDTNpHZmRQs3JFz3junVYPcRaQzKJPoIdYJ5ohWcmjY0hfyC58ZGwDrNgNCbNxKhRuyiNddEF7+ZaxEwa01YDLoKZlCqYCQBkDmaSM9aVH7HmUueU+p/r667Ursi/XR3rfzk7PRvfcm9uz0TK2hPwi3iIURP8bGQ2Hv99ciuGvDLzx68jzBPt/wOSCJliQ/XzpwAAAABJRU5ErkJggg==" alt="Screenshot" width="100%" ></p>
<p><img src="data:image/png;base64,iVBORw0KGgoAAAANSUhEUgAABDMAAAIGCAIAAADGMlPIAACAAElEQVR4Xuy9+XMTV773f/+Jp56fn2/V/SPurLkGm2CzBCRZ+77vUlVqZn6YqptZUjeTDCEkIQRCEpKQIewBhkDIAiTMkJBACFkIAyEDBoM3jDeM8aLvp/tIR60jS5aslpHV71e9y3SfPn26ZdRH/fLpbv3H/7f5RwRBEARBEARBmj8v088r/2/z1VzJldkqKHN1ljpVR7lFOdmtFBT+/C/v/0fRmgiCIAiCIAiCNGMa2Ez8e777jzQAahCNJcQiAAAAoIlIpVLJZDIej0cikWAw6Pf7MwAsNmZmMtMzmamZzMTUzOiD6bv3p++MT/WOTd0anbwxPNk1PHl9ePLfQw+u3n1wZXDi8uADyr/uTFwamPhBzsVcvu8vF17tYm5FauHyHak1avbHwQc/DT34990H14cedA0/OPrPc8f+efajz86d+PwczASoA8wEAABAE5OSYWYSDodJS7xer3jSB8BiYHpmZmpmZnI6Mz45MzIxPTwxPXh/uu/eZM/Y1O3RSVKU7pHJmyOSpZA2MFe5NiTpyk935QxJIXUpH1aN6tOKFGrhumw+LNQ+bYU2Rxv98PS5j06fJS359AzMBKgEzAQAAEATw8wkkUjEYrFQKERa4nK5xDM+ABYDMzOZmUyG5OTB9MzE1Mz9qZl7k9L4CWVEygy5ytDE9N37U4PjUyQtUuSJO+NTd8bp5/TA+FQlkSvTT7mR3M+796WWh+5LRkTbIjU6deYs5Z9fnD39xZcwE6AOMBMAAABNDDeTaDQaDAY9Ho/T6RTP+ABYJMjXdM1MzWRITh5MSz/JT8Ynp8cnZ8ZlURl7MD0m68qYbCxZb5mQkxWYrMbMFkWFifzqrClqlnJPzri00ZnTspN8JgdmAtQBZgIAAKCJUZpJIBBwu912u1083QNgUcEGT0hR5DtPJFGhTE7PyKEJ5i0sGR62qMIoVsw2lVskbYVt8cyXX0r5gvIFzASoA8wEAABAE8NvMolEIn6/3+l02mw28UQPgEWLZCnFycwdWWzyKa4wSwq38sUXX3JgJkAdYCYAAACamGIzsVqt4skdAM2OqC4VZE7yXgIzAWoBMwEAANDEwEwAqBMwE6A+MBMAAABNjGAmDocDZgKAKsBMgPrATAAAADQxxWZisVjEMywAQPXUaibJVDqSSAVjFSSeTSIlNgKaDJgJAACAJgZmAkCdqMlMEsn0f3VGf8ZjjOVj4ok+6kosdyV+Zo79zBJncUVgJ80MzAQAAEATAzMBoE7UZCad3kR5M/m5KdrmiMWS6UQqtcQW5WbyM2tcbEslVq5avezR5RRxgaqwTdR7K4sXmAkAAIAmBmYCQJ2oyUz+yxAtYyY/N0XckVQ8ma0cS6aUZsLL1eW/W5b8189+ThEXqArbRL23snip3Uxsdpcy7jArjgjl9RLceWFoaxeLAAAANCMwEwDqRB3NpN0l6Ucqd91WvNBM6nS3CcykEajdTHR6q8Foy6bTavWz4oDOkCs02vQGa6RwrVmI2FvbVlmyYlNIKtDa1m7wisXzBmYCAAAaAWYCQJ2ol5m0u2KkIrwm+Yk5mISZaAQ1zMSen/G78mZiC+RKoy5TRWbSaVzbutwklqfTHl27rrHNxKtXuUEAAACqADMBYFY+/fTT8fFxPnvw4MGpqSnF8rmpi5m02qJRxakpaYk9lFTeAQ8zaW4aykxskXTAuKL4uq/W1Q5DA5tJKuZYo2qD9SYFAAA5xA6i6UjBTAAoYnJy8n9kmJzs3buXpnft2nX//n2xamnqYiYr3AnlbSTJVLrVFslrCcyk2Wk0M0mHreIFXanAWndCMBOvrXNV+4rWtnadg29FaoGqBGz6jkfbWxWqkIp4lsslKx4zshLZTFJrV69ctqy9ddkKmz/GKxMem5GVL1/dqSxvNXhTUe/y5dJ2ly1fHWa/ubCNZnmyVVPx1StXStXaV61aa26cj37xlET+wAYAaA2xI2icTqoOpGAmAMzGgQMHyEa2b98+NDTELKUqLcnUy0w8STrBUt5h8msLzERDqGEmNq8vkI3DkTcTsztX7rMaKzYTEoBlemWxfbV0uq80E8Py9jB/Tya8j3b6stMRu8GwOl74dm1dtsaSr52FWnvU4OGzCbfeXuAmeZQ7Q66ibMrckfOQiH1F4ZhJ6/ICpWkE+PkHOy9J5IgDALQH7wEEURE7jqYAZgJAKdhQyfy0JKOumfzKGF5iDv3SGP6lKWIOpqIKOYkJcjKbmaxe/Rg73ff5fPzUn6LTG5Rd25IlS5VLKa1ty/jSYjP52c9/wUp+/cgj4XD4F7/8FZtd9uijfBGlZclSvgphtliEraxZs5Yv5YVslnZPWbNZO+LKqd1MVCNnJsIFXa2rHekCMwk8alSMk9CiZXlD6LCElIsCphWz3lFffDVXa4lrxWwr8zVb2/LvK4mwje1w45uJ0knYeUksFovKRAAA2oMd/tQPcFHhfiJ2H4sfmAkApVCaifKekwpRzUx+3hkxB5KeSNLkT/zCFF3hTnij0nVcvEfS+xIVmgmXB562ZY+yOnq9QVjEYjRmb3EWzMRmt/M6pCVUwhsv3orRlG2EpEVYxEK9D6vAS9hse3sHL1neLp6eapAGNJOCC7rkS7nSSjMJ23SFEuF8LG8mhtzwCcOi8Aol8zQT4e58vsNFZmJY3u6JFh02Dw/2wcwHSZiQhGVCAADtwQ5/piiCnIjdx+IHZgLArDx48IA5yR/+8Af6uXPnTrHGXKhmJgZ/kj+LyxdNkpx0yHISSaRZ8ZxPDeZmIp/fd+h0eqUVUAWv16ssEeIPSH/zVpqJckiEOk22FaWQ/PJXv16zdq2yEWE3isN6WOWsUksexXcvyjSimeSvoYqxS7nSSjPxdirv62DJrqdogVFsIIzi8ryZRN2ty1baXB72aW1WmslKxR016XJmQqRiwY5l7Ss63eHiO/oXFv6pHIvF6IOZjq/XX399HoO2AIAmg/oB6g2YqLDxk6YcOYGZAFDM1NSU8iIuds/Jvn37JiYmxKqlUc1MTIFUTHHXuyQnZklOzMEUnUXFk2lbqFIzsVitvJCf9NPBrzSE4grkITTbkjMTZYLBIK/PzYTVJ6gDVTbLp6kmX6u1bRkrJA9R1lGGOileX+PUbiaq32eSzl2FFbasYpdypZVmErIK+pGnyEzyt4IUUsZMhLtclC1UZSY5UmHrGvGe/oWCnWGw0RI67aCTDzq+zp8/L3YtAAANQ30Cna8zOWnKy7pgJgDMyqlTp5R/piQ5eWhPDV7lTgbj+Wu3kql0hzP2a0u03Z1whFPeaLrdNccd8NxMwuH8mSA/71eaySP/3cIr/OrXj/DytGLMhOeXv/o1r5xWmMnS1lZeqGyBT+t0+bNJPlzz60ceUdbhUd7rAtQwE1WfzcUIW82hdOfydnYpV1ppJikvLxQpMhOvoX1WKShnJoX6sVpRc15mQoRW2KJi2YLAzYRdwUVaQp/KYr8CANA8r732GvUP7Mou+X60prqsC2YCwKzMzMyIRVWimpn8rDOi86ZC8TRXDpKTRx3Sl8H/3BSh5LWkhJmsyplJLJZ/pBE/9Q8rzITfdkKQYPDy9Gxmohz6SCvMRNmIsgU+bTZbeAWSJVbIRlqETfyXZCZtvDJoUDORxi7WKG9nF57NJTyAK0uRmaTTiVLP5hJK8mbStooXxr2djy6vwEzSAZOiGm1UMZ1OeDtN+YHABYWZCR8w8fl8Ho9H7FcAAJpnfHyc+gdh2ETsUBYtMBMA6oSKZhL9b3PMG00rv2PRHEj8yhz5mTkuRT0zIdvgFZQ3k6QVZqK8n8Tny57YpqsxE+Xpo8lkZoVL5Ed48TrKUM/L62uchjWTzuXtyif5Ks0kHXa1tq/ttLnpk8bncXcsW50tn8VM0s61K1vbVrh8wXg8bNFnH65Vxkzsq9p1Ng9VNq1eSVbjWluJmdDkmjUWr3RjijTnXbZS76EthgOmx1Yta2uv9Vc8X7iZRKPRUCjk9XpdLpfYrwAAQCZD/QP1EtRXwEwAABWipplQfNFUQnG3hTuSXGIJq2Umj61Zw2d/+atfO50upX4YOqVnqvL7TGia6vClXE7mNJNfP/LffHbJ0la7w7FccY87u2VFWV/5fOElSwsePaxZGshMgNooP48DgQBpid1uF/sVAADIZKh/oF6C+oq4/JwumAkAYE7UNBNXuOAvIvFkepl0NVdULTNJFz5ZS5lf/Vq6/SNd9NTgUDjM63i90h+w5zQT5awQPooi1LdabbwEcpJWw0zyt7/LCWXfEXGhHM8cWGDYgAn7PA6Hw+zz2Gq1iv0KAABkMtQ/sPvguZk0jZzATACoE6qZyX9bolH+2GDpoE17IilZS2IqmklYYRrKRKPZu4GLv2mR3yL/81/80uPxVGImTqdTOd7C8rOf/4J3qUL9dOFFZdmrbzRM7WYCGhPBTHw+Hz6PAQCloP6B3WoCMwEAVIhqZmINpbiYSFoSlbXEFKvcTKrC6/V2Go3U5YkLVMXtdhtNJofDKS4AZYGZNCvsw5jd/s5uMrHZbGazWexXAAAgk6H+gd1qovxiE7FbWZzATACoE6qZic6XCselPof8xB1J/cwoPZWrfmYCGhmYSbMimInH47FarSaTSexXAAAgk6H+gXoJmAkAoHJqMpNfdObN5BFrzBmRvlQxFE+3yw8LhploFphJszKrmRiNRrFfAQAAmAkAoHpqMpN4Mq28A/7nptivzDH6mR8wKWEm5iBuXW5mYCbNCswEAFA5MBMAQLXUZCZp+ZaSYCxVUeLZYLSk6YGZNCswEwBA5cBMAADVUquZAFAMzKRZgZkAACoHZgIAqBaYCVAfmEmzAjMBAFQOzAQAUC0wE6A+MJNmBWYCAKgcmAkAoFpgJkB9YCbNCswEAO0wPT0tFlUJzAQAUC0wE6A+MJNmpd5mcunSJfqMF0sBAAvO9u3bH3nkkdHRUTb79NNP0+z9+/cLa80BzAQAUC0wE6A+MJNmRRUzaVFgt9u7urr4oh07dqxcuVJRtzpOnz7d1tZ28+ZNcQEAoEqYivzmN7+h6fHx8UdkuKhUCMwEAFAtMBOgPjCTZkUtM+nr66OJmZmZkydP0uzmzZtpWqxXPbQnra2t4XBYXAAAqJ4nn3ySbGTJkiXz05IMzAQAUD0wE6A+MJNmRV0zYVy8eJFKPvnkE0WV+TAyMkKnUMeOHaPWVPEcAAAd40xLlMds5cBMAADVAjMB6gMzaVbqYSY0TSU7duygafITs9nMysfGxlauXDk9PR0Oh5ctW9be3n7q1Cm+VjFnzpyhPbl58+by5cuFC7qoffrZ09NDjdjtdl6+fft2kpk1a9Y89dRT+dqZzOTk5OOPP05rrVq16urVq8pFAGgHfhEX8T//8z/i4gqAmQAAqgVmAtQHZtKs1MNMzp8/Ty5BPzNFZkI1ySVGRkZo9u7duzR79uxZvqIA7cbp06dpYuvWreQVykXshhaTyURtDg4OUsmtW7eo5He/+11GbvnPf/7zY489xuu/9tpr33zzTUaWGVoXl4cBDXL//n0+WsIu66KfYqW5gJkAAKoFZgLUB2bSrKhrJtPT0/v376fZM2fOsEXFZjI8PMxXXL9+/R//+MdZr9Qie2EDIxn5jEq4oItmmbRw6Byira1NWUJ1ent7lSUMeoG8ZQC0w44dOx4pejbX5ORkYa05gJkAAKoFZgLUB2bSrKhlJkpsNhtfVGwmfBHx1ltv0aapXFnI+Oabbzo6Ovgsrai8oKul0HCI5cuXC7u9YsWKixcvKksYtEVhNwDQAuT2TzzxBJ8l4f/rX/+qWF4RMBMAQLXATID6wEyaFbXMpNTdtPM2E9oHpe0Qjz/+OP/uhWK1oJJly5aZCrl8+TIt+u6770iWqAKV/O///i8JT/HqAIBKgJkAAKqlwEzohBJBEKRUItF4OBILhaOBYNjj9dsdzk6jaa3OIPYrZWmpg5konYRBRsHuFWFLC6tLJXTOJBQy1q5dS0v5je+0P8WrAwAqgfoH6iWor6Aeg/oN6j2oDynuWBZjeGfo8wddbo/ZYuvsNImvHwBQPQVmIv5NAICKicVivhzUayeTKaT5kkgk4/FELBaPRKKBQNDlcpvNFoOhU+xXytKitpkIl3IxaF2n08mnC5blxliEQgaV//nPf+azy5cvL1UTAFAe6h+ol6C+gnoMediEjmBp4KQJkusMY6FQ2Ov12e0OerHi6wcAVA/MBKgD1xKYSROnMc2ENOPYsWNC4RNPPEGrswu6itWCPZtr9erV7MFf1OYzzzzDFi1ZsmTZsmWTk5MzMzO/+93vWltbi1cHAFQCzAQAUC0wE6AOMBMtpDHNhFyiv79fKDx9+nRbW9uVK1cys5kJ0dXV1VIIK6c3M00vXbp0mcwf/vCHWVcHAMwJzGThoV60Za7vrk3IiKWNxMqVK9HxahaYCVAHmIkWooqZAAA0AsxEFXbv3t1S+LzBMtRuJgn5gYQul4t9+5PAjRs32J9ylFe9qg7MRMvATIA6wEy0EJgJAKByYCaq0NHREQwGlc8bLIMqZkKvixpRPjZaufS3v/2t0WhsAjPZv3//W2+9JZaChw3MBKgDzEQLgZkAACoHZlI7MzMzdI5+6NAh5fMGy6CKmfzpT3+iRmZ9IjztBu2M2Wxe7GZCmveb3/wGZtKAwEyAOsBMtBCYCQCgcmAmtXPs2LG2tjbmJ/x5g0r6+vosFsuSJUtWrVr17bffnj9/vthMTp061d7evnTp0u3bt4+Ojv7+978vbyZkHcFgsCX3EBFOf38/FV68eJHMQTATqhkOh1vkL8+lrSgXUf21a9fSxHvvvedwOKjOwMAAX3rkyBHaNyqk/T948CAr5Gbywgsv0EujCtT45OQkX4vxt7/9jdZi69JrVC6iV3H06FGaeP/995ctW0avffPmzfwWx6tXr1JJi4K6ihaoCpgJUAeYiRYCMwEAVA7MpHYee+wx9nd9l8tFJ9DC2fnx48ep8E9/+tOZM2e+++47nU7HqnEzGRkZSctP9di7d++tW7cef/xxOiMnkylvJsSVK1do01u3blUueuKJJ37zm98Umwm1zHaDTv3Xr19PIkHr8qVUn+SKdmPFihVPPvkk7Qkrp50nZyDxIJP54IMPnnvuuWg0yhYxM6Glf/nLX6hNWoV9tZTy5T/77LNGo/Hs2bNUYf/+/bRUOQBCL4Fkxm63h0Ihei2HDx+mDVGdrq4uVoG9CoyZNCAwE6AOMBMtBGYCAKichjWThCLFSyvJgpkJnUyzZwy+/PLLfJrjdrvp9J3PDg0NsREAbib79u2jM3L6jGazMzMzH374IVWY00zu379PGiOM0pBvHDt2TDATqvnb3/5WqSIXLlygTbBnsmdkB6BZ2o3R0VFehyBtoPKPPvqIl/AhGmYmVIEvunPnTos8XMNLbty4QS+Hz1qt1mAwyGcT8n389MvhdZ5//nmlvcBMGhaYCVAHmIkWAjMBAFROo5mJUkhmTfEqpbIwZnL69Gk6oWfTY2NjbByAL52cnCx2lSeffFJpJuy7YpVn8Bn5vH9OM6GJmzdvtiiGKcg0WFOCmbAt9vb28hYy8nZJpdg0MxOlVGRyrc16fVomZybDw8NCYRmR2L9/P1Xgs/QSaB/Onz/PS9gvkL9wmEnDAjMB6gAz0UJgJgCAymkoMymQkEQyn3nJyQKYCSnBE088obwNfffu3W1tbXx2cHCQTt+Fr3jasWOH0kxaZJQVMvLwQiVmwm5uuXHjBis/c+YMnetncuf03ExmvSOFKvzxj39k08xMhApXr16lQl5HgJmJUFj+gWD0kgUzMZvNyu/OopdDm+NfmQUzaVhgJkAdYCZaCMwEAFA5DWImgpBEIrFgKOzzB1mC4WgkGo/EEjxRnngyFp99hxfATNjXmBTDv9iEnfEXriQ+m4umlefrDOXQQTHKpeFwmE3TRkkMaJcyRWbCLKIY3kiZ/SwlBrOaifBAsJdeeqlwgwWvlL0KQdtodZhJ4wMzAeoAM9FCYCYAgMppBDNROgntQiAYThZB5aFwRBhFybeQSEWL/GQBzKStrY3Otj8uRKfTPf7446wC+9LDwpVUNpMrV66wTdBGW3JXdglmYjAY+KJZmdVMzpw501KDmdCKLYXjMFQCM2kOYCZAHWAmWgjMBABQOQ/dTIRrt3z+oCglOeQ9jM9qJpS4XF7Qcp3NhF1JpbytnPHkk092dHSwafYMX+Hk++jRo4KZFJ/iB4PBCs2ETv1pddoQ7Qm/40UwE/Y0sFm/MJ4xq5lcunSppcqruZRmQnsofN3Ktm3bYCbNAcwEqAPMRAuBmQAAKqchzCSnJf5gSNSRQmgnmYGUkpOClutsJvv37ycTOHnypFDObhwnVWCzxcMOTqdTaSZMG27fvq2s01LBs7n4LAlATP5K+PXr17MSwUxOnz7NHgrMVxGY1Uwy8m5w2xGY00ysVivtlXLpShk+O6eZXL16de3atU899ZSyAmgEYCZAHVQ3E53eqvwMc7n9VBKVxtTFmmViMNqLC+edlfI3OsWk647FRcWhmtQDFpcvTCxWt8XqUpaU+e1R5bj0qZsvsdk9JrOzuCb9j+g7bXa7hz7CVz9mgJkAAMqwtLW902iuykycTp9a/bZywIRZhKAixQSDIbaTTE6EBpUfbfU2k46ODuG7RDiPPfbY73//e3b1lPL7TK5cuUIfOuzrDrmZKL/PpLe3l2ouXbo0EAhUbiYkHrT6448/zi+dEswkk/s+kxUrVnzwwQcff/zx9u3b29vb+d3npcyEf5/JwYMH2VqrV69mi+Y0k2PHjlGFbdu20Va+++472hztc1VmMjMzs2HDBmrkq6++ol/d2bNnlTXBQwRmAtRBdTPpNNpD4SifpRNlQ6et1Ll1qczvE87jCRQXUthXxvp8/uJFvAKfNpnN9GFcXGdhQrJBvy4+G48ny/z2uJnYHd7ipcoozQRjJgCA8ixdukBmEo7Eivs35YBJWOqN54Y0IxqNcjMR5CQWT/KRk3qbCX3WfPPNN2KpzBNPPEFywh4WTKfX7AvUGXSW39XV1VL4HfDsoi/O2rVrd+zYUbmZsFEadu87o9hMiLTsP0rmNBPa+U8//VS5CleLOc2ExIx9cyKDDOfHH3+sykwyOaFilPmFgAUGZgLUQXUzsVhdRpMjlmuKzITOm9lnj9cb1OmtekP2VJs+xvyBMJkMO7G22ty0iEIfG7TI5fYbOu00y5qiDzCqQKvzIQWq4/EGqITKqQ5VoGkKfUAq94c+Vanz6uzsXL58OS9cu1ZHhR0dHXSOrtfreR+XzI2ZsGfJs/P+DhlqJxyJLJVopdWVm1AxJBs2u4f/9ug3w3973EOCwQj9WngJnTywF+71BamEjZmwXyAVktiQ3ijNZFVuzGTNmrVivwIAAJnMqtVrmZn4fIFOo22tzuL3h5KyflAPQ30Udc5J+SyfJnQGK3kBMxOzxUXdjs8nVaa4PQFaSnWor2ZdFtWkEgr1Y9SfSdNy90VdGeuyWB/OB0zK3GGihORJGjYpcU2X8lb4epsJAJoFZgLUoQ5m4iYzoY8umqZPIxIG+pihc2uacOScgQ0L0McYnVWzEjr/DodjvBFaxP+QJvwdjrWmrMP/VjfrhUxGo6m1tZXOyKU/rsglj61Zs2TJEiqxWCzRaIwt4vWZmfh8flIQq9XKSgLSfYfJFnnghUINUrOkVcoNBUPZ11JL6LdHWsJ+e0n5NfLXW8pMWDW+OjcT/r9JlYvN5NHlK5culZ5wDwAAAjqdgczE7w/oDdZwOEr9DPXq1I1Qd8Sv1w0Ew6wjYmGLeMfFyymRaJyVUAflkw2H9UtsLd7V09Jk4aVc1D97fQHRQkpAHqW8oEsYNuH9IcwEgDoBMwHqUA8zoQ+bzuznkDS+wT57fL4QP3enD7lk4aeXIBXKRcoPP4rXF+RmwktYnWIzicbi7e0dK1asZF7BLtNatmzZylWreJ1ZzSQWi3d0dFA1NuRCn2Tcbaip1asfW7VqFdkUH9xI5l5UjWGfzZ2ydNGGSFHmbSa8TfLAYjNpbetY3i4+khIAADI5M/F4fFark13NRX0RdUTUHfEO2enysZGT7KzTx69EFbpiWp2VUAcVzd3vx/oopZnIf0PJm0k8ayZ+UUFKUMZMEjATAOoPzASoQz3MhLp+s9VFP9nJOvvsoZ9kJjTBkhTOngv/xlZsJvSZZ7Y4acWqzER5pRbx2Jo1tFdLly41mfL3uM9qJklJAEI0bTSayGRo1u8PtMgXxTIee2xNUh7qYXKiipYkc2ZCvz2Ky+2nxlUwE6O92EyWLm3v6Fgl9isAAJAzE6fTbbO7Q6FIOByNRGKkDXyAWtnbsCgXsXKp2zHYaEWlmbAui/dRSjPJNtJpc7n8OX+IVzhmQqbhDwRKmQltk3/xIswEgDoBMwHqUA8zScrXcfkDYTq3TuY+e8gf+LVbLIVjJgVn9sVmwoYRpNZc+au5WIUyZsJuF+GQUYTCkba2ttWrV/M6pcwkIQ+zrFixgvSGZuljrCV3PRgP1aGN0stU3vRfS/hvjz6elV7HFrEPdfrFVmcms42ZLG3reHT5CrFfAQCAnJm4PT6L1aG8A16pHw6nVxwzKTQT6hXZRwD1YLlR9DnMJCEPsFCz3Ez8gYruM6H+ORgsOWaykHfAA6BZYCZAHepkJknF44P5Zw+dT7NruthVXsqz50gkRh9dbk+ATsqlT6YiM9EZrHRiHQiE+bOqis3EZvfQdCT3OZeQNWPJkiVs1ufz0+zq1Y95PF7uKnSOzqoxkoVPDWZiwy8/ePTRR5UrskJ1w3979FqU18LRhM8fstrc4XCUflGCmZgtLrI+2k+lmZDY0G/V4fDSWsVmotd3tixZJvYrAACQM5NAILhWZ9bpLdTx2uxS16TUD+pVqG+xO7zUNfE74Nki1gvFYgnqrKgXok5b6LJYH5WU/85CLUjfR5JIkupE5et+aXVuJtFoLByJiCJSBPXqVLOUmXAtYbsNMwGgHsBMgDqobiZII0Spdsn8hzG+aREAMDcP65sW+U0mvMuikHWIIlII7Wc4HJF2czYzET7XYCYA1AmYCVAHmElTBmYCAJg3DWEm0s0hUq9FuxEoe02X2y2NBs9qJnF5tmATMBMA6gPMBKgDzKQpo7qZjE9MdfePIYs09N8n/o9WCbXQf3e8uGVkUaTaN8DDMpPkbMMm4UjEHwiQfohGkkyGwxG3xxMMhdnoSt5M2KO9ZvtEg5kAUCdgJkAdYCZaiCpmIhaBxUPt/321twAeIkwsxdLSNI6ZsI5LvsE9RCJBfuJyuZwuCZr1B4JUzgdM2AiJcsykODATAOoEzASoA8xEC6ndTAAAi5ru/jGxqDQP0UyShRd08Y4rFAqRhtAu+fzS192Sk0hWEqRiacCEOcycWiI1DjMBoD7ATIA6wEy0EJgJABpnkZlJkZxEo7FQOCINnsihCZrNj5YUDpgUt5lvHGYCQH2AmQB1gJloITATADTOIjUT1ndxOaH9CZOfhCNkJVF512JFWgIzAeChADMB6gAz0UJgJgBonEVkJsliOcn5idSP5cJLeDVmJsWtFbQMMwGgPsBMgDrATLQQmAkAGmdxmUmySE6yfqJQlPw4ScUDJlKzMBMA6gPMBKgDzEQLgZkAoHEWq5kUyknJ5CoXtyM2CzMBoD7ATIA6wEy0EJgJABpn0ZkJS0V+UrGWSA3CTACoDzAToA4wEy0EZgKAxlmkZsKS95MSKV6lVGAmANQJmAlQB5iJFgIzAUDjLGozSRapyPy0RGoHZgJAfYCZAHWAmWghMBMANM5iNxO1AjMBoE7ATIA6wEy0EHXNZHx84uatAbF0NoaGx/r6h8TS0lzv6hWLQEPSdbOP3gZiaTVcv9EnFpVm8O7oNbw3agNmwgIzAaBOwEyAOsBMtJAFNpMbN8WTTjqRHR0dFwqLgZksFmo3E07xu6UYmEntwExYYCYA1IlazcRssOr0FJu4YGHx2awRsQwsKIKZJORHnWQfG8+j+E4rZDEmlvv6ZPow9vn8DofTZDLp9QaxX6mMYjO50d3/7+s93bcHxu9P3O4ZpGkKqQidUPYPDHffGmAldDpLK/IzWnau+eDBJE3Q0p7eQW4mPX1SI7du3+GbAA2FYCbTMzPXb0j/iXcGR1gJzd7ulf8Te+7cn3iQyf2fstzO/V8r3y1UwvSVflKFXDt9rFn2buEbKu/GoJiqzIT6B+olqK+gHoP6DfZt68Udy2IM7wzJu9xuj9VqMxpN4usHAFRPrWZCR6TN7jTorTa7a5Y4/eGEuEpFpOJhr1tP2mOwuYNxcWkRMJOHzqxmMoucwE8Wc+ptJuQeI6PjdO5Ip6H37k1ck08xp6ammZmM3btPJXeHRmmi2EzoHJTWGh65R3rDzlbp7JMWjcinquQtyg2BBkEwkx75P5H+i8kZWAn9D9J/KP23Mg9hJRMTkyOj99h1XOz/WvluKTYTev9QI0PDY8xdpQ313aUNkahQI/dUGrTRCDATFpgJAHWiVjNhBOw2eeRkllj9YuUKSOj0Nqs/KyRhl53aKawgAjPJkwgZHCGxsP6UMpNyioIstsTiiWgsHonG6DTD5w84nC6Tyaw3qGYmDDqb7JKvzOEX3jAzycinoeyks9hMlFfpsLPVnt7B0TGpMp3X9uT+dg4aCqWZ0H8x/0/sHxhiwya8hA2PUGUyClbCFvHxMV6z2Ez4ImqTmQkvuSdbLpsGlVClmZipl6C+QhaTGPUe1IcUdyyLMbwzDARDbo/XarMbTWbx9QMAqkcdM0lHvcVOMm8zCTltrmhhkd9l8afoX51Z+jut3mC1B6Vim0kyIr3RqTQTq1zoyo20WPW2VMRHJfJ8ymSUlhptvgpGYhYtD0NO5jSTWVPc3SONnLqaSd/AEM2O3bs/PzNR3lvCpqnO8PA9qk9R62YGoC5KM+GXZmUU/+OCmdBE9+077MKtkdF7mSrNhN9nck2uw3LvHt4bVQAzYYGZAFAnVDKTdKjYSeZtJm6zNSAUxXwGZ5j+1ZncOpPT4Q4EyCuiPl2nMxAMet1ufWfWTBJ+l8HiCQT8/NYXK3mIweb1SU3GPA6z0x8IBEwmd0AynabFbrQusJzMz0yQxRV+DUM4HPH7A07ZTAwqmcmN7n52IwEVVmUmwl/BWbWMfC47UsHt8uAhUjBmcmfuMZOMfOcJK2GUMZPhkXtlzISVgGqp1kyol6C+gnoMfilXcceyGMM7w2Aw5PF4bTa7CWYCgBqoZSbpYieRY7NXf3rsMhVfmhXQ2SS1UN5qbzPkL/FyslWCbn2uQsRld8WkCTKTZK6aZCau6ndoUZKKe53uyMLpF8xEC1HdTOjEtG9giOVWz52e3sEB+fSUmwmdXJKucDNhd0JTIVXrvjUwNDxGs9e6JDPpvj1wu+g+E6o/MDjS23f37tBo4cZBQ0Ca0dt/l70BMvK4Gf233h0aU95nwia4mXTJ97JTlPeZsJrs3XItd2sKu3ueFtG7RbjPhDZKJfSu6Ou/S0tZC6ASYCYsMBMA6oRqZmLSW/2haFKNM+FZr+aysqu59C5eZlLcfMKu5op7HDq9PZ6D7YxVuEclFbearAaLbwFP2heelL7T6QrN7+ED8wRmooWoayYAVIv8aIT7bJpMg/kqWEhgJiwwEwDqhJpmIhbNm7CnU752K0fCa7F65YEPpZkox0yywyzSmIm4G6KZSKSomsnTtDeaxP2uBdaSNMxEG4GZgIeL8iq+gcFh/nBhsGDATFhgJgDUCfXMxGC1Fj4yuJYvOXGapIvBXN6A1+2hCYM9e+OJ0kzSEe+s95noOh1eX8Bhc7ASpZn47TZvIBwK+HUGuzgs0yzE/Qs9WsKAmWghMBPwcJG/hyR7NVdv/11xMag/MBMWmAkAdUI1MyF/KBjnSAZ0ihs8QNMjmkkylU1Rh44s3sBMANA4MBMWmAkAdUI1Mwn7xIdweb0audccSJQ0EyhKEwVmAoDGgZmwwEwAqBOqmQnQOHObCbL4w5/iT6cZ/kDQ6XKbzBaDoVPsVwAATUp1ZmK2UC9BfUVOTKQvMynuWBZjcp1hLBgKe7w+m91BL1Z8/QCA6oGZAHWo1kzE9cFiIJVKJZPJRCJB5xihUMjj8VitVqPRKPYrAIAmpSozof6BegnqK9hwCfUe1IeI3crihHWG9KIikYjf73c4HBYLzAQAFYCZAHWAmWgBmAkAGgdmwlgAMxkbGz/20dmn1r2z7vk9F769Ki5ecE6eujCIp+GB+gMzAeogmEmySEVgJk0AzAQAjQMzYdTbTPoHhl7cfKD71oC44GHw6htHnn1hzyuvv7fplUNkSuJiAFQFZgLUodhMWIqdBGayeIGZAKBxYCaMepvJ4aOfX7x0XSi8MzjyzHO7SBL4t/rs2nvyjbeP/XXD7g8+PkdL//Lszu3vfMQWPb/p3U9OXSCRoPr3Jx5QyZWr3bQ6lew/eIpmf7za/a/LN9iwDG2OSo6fPH/teg9bndqkpWz63vjEze7+La8dloZN7mLYBNQXmAlQh1JmUiri+mAxULuZjE9MiUVg8VD7f1/tLYCHCP339d8dF0tLAzOZN8+/tF8oIXl4buM+Nv3s83s+O3MxI/sDK9n77qdnv/pXRraL/oGhjNzC0HBWI9flqjHe2XOCZIPM5PW33mfSwkpogvSDft7uuUPtKFehFqhk45aDrBoA9QNmAtQBZqIFVDGT7v4xZJGmdq9gp7bFLSOLItW+AWAm86bYTKjk/Q+/ZNM7dh9/9Y0jGfk6K1ZCiwbuDNPEufOXSTlY/eyauekbN/vWv7j3qXXvUJiZUGVhdWYmZCxTU9N8dQAWEpgJUAeYiRao3UwAANoBZjJvXn717xMPJpUltZvJM8/tuna9Z2h4jCqXMpPjJ8/f7rnDB2cAWHhgJkAdYCZaAGYCAKgcmMm8ud7Vu3Xbe3cUz8IieeDC8NcNu9nVXOXNhD9Ka92G3aQi23d8yGbZRVmzmgnx1t8+YLedAPBQgJkAdYCZaAGYCQCgcmAmtXDjZt87e06wpwb39A5m5OcIC3fAlzeT4yfPK++A33/wFM1u2Ljv3NdXypjJy6/+ndUH4KEAMwHqADPRAjATAEDlwEweIsV3qlTIhvmuCIAqwEyAOsBMtADMBABQOTCTh8g8zOTu0Ojxk+ePfXRWXADAAgIzAeoAM9ECMBMAQOXATB4i8zCTD4+f++uG3ZOT1T2BDQB1gZkAdYCZaIHazQRPDUaQxRs8NZjT+GYCwCKlwEyCiSCCzC8wEy2gipmIRQCARQK+aZEDMwGgTsBMEHUCM9ECtZsJAGBR092f/VrxSoCZAACqBWaCqJOHZyYBo8nKZ1wmm84WoImIyx5nyNuy6u30URIOuE2emFQvFdV1Otlylz9GlXkLPluutWTAYrA5w/lyvdwyIW8iResGnfZgfiMSRoNVZ8i2Jm+UEek05ney02QP8Rm/yyhXo8oO1lY8wRc2GjATADROLWYSctqoD4lHAjqTLyL30rxvyXW8KZ3BZvOGqbLNaI3I/aqy72Wr5Lv3eDzXwEIDMwGgTsBMEHXyEM3EFfa7Zd0gOp0RbibKSlwS2FKrIe8J6dk/INNus9XqT5kMbl5O1QLyjrNG0vKKETaVw6h3+RIB5j98owG7LZ0K8Z2k1fU5NzEZnNxMXNFshYYFZgKAxqndTNJSd0e96ywdr9Cj6kxetoj3vdxMFLUeDjATAOoEzARRJw/TTKJJEhJpMhWik/syZhILum2BZFryh4KlxR+QaWn0w02fheQn+fJUtFMeQ5nDTNJpvcGZVpiJ1eCgncvupLx6p1yBTcNMAACLBVXMhDo9V2yWjjc/ZC2j17uyhbm+F2YCQNMDM0HUyUM1k7TNYLMFUl6r9KlWxkyYMKRnMxN+bQBrhCRHp7eysLEO9pEZsNsiqbnNJB3zWfyJnJnEck3ZWB1aPeZ2SK2GPaHczsBMAACNT41mslZn0RlssdwAiNDxljSTXN8LMwGg6YGZIOrk4ZoJneJ3GpxMGMqYSTroZppBH3IhxS4U/+ku6ycyOqOHl6clvXHMbSbSHS9Wm3zDSdiZFZJ01OuVBmzYHiY7nV5WAWYCAFgs1GgmyjvgizvedMxn9edutEuFTXJ/rex7iXRR9/5QqLeZ/Gfy8tT0jFgKQONBb1R6u4qlNQAzQdTJQzaTdFQyAflKZG4m2b/F5e+AJ2J6djlXIqAzuthyXzhe/AFp0kuffwybQVIL/unos2Zvsk+XNZN0xCvfCh+yy6vLxEwe6X7NrEHprTqzVBd3wAMAFgv1NZPcHfB0zm8z5e+Az9ahvle+RVA52JJrYKGpt5kcOjssFgHQqKj7doWZIOrk4ZkJWDhgJgBonFrMBE8NBgDMCcwEUScwEy0AMwFA48BMGDATAOoEzARRJzATLQAzAUDjwEwYMBMA6gTMBFEnMBMtoK6ZjI9P/Pt6D4+4WD1u3hqgbYml1dDbd3d45J5YCoD2gJkwYCYA1AmYCaJOYCZaQHUz6brZ1zcwxCIulqEKYlH1zNtMVNk6AM0EzIQBMwGgTsBMEHUCM9ECqpsJOYOyhEzgZnf/v6/3XL/ROz0z031rgA2nMEO4Kc+yRWz2hlz5Xs46hkfusTrUiLJZbiajY+O09FpX7/j97CpDw2NsE7d67jx4MHn9Rh+rIGz9du/g6Og41ac6tJQKaUXWAt/n/jvDbMcAaGJgJgyYCQB1AmaCqBOYiRaot5nwa7pGRsdJBmjielcvKyFzYNdT0dk/ExWqXMoEuEgwuJlcy7VGE339Qw8mp7puzDIqUrx11uCduyO8BdoHWj2j2GdSJrYWAE0MzIQBMwGgTqhsJk6f11dUiGghMBMtoLqZsEEJNi6RUZgDlxbuBsoLq1g1MgFeItA/MFxsJnKb2bEUau1Gd//o2PjtnllcgmrOaib0k+8hTTNTUrqKIFoANB8wEwbMBIA6oaaZ6PVW6cvj9FZ7JOhz22mi0+krroY0ZWAmWkB1MxFO5bkJFJsJTZAbZDMmWUfxTSAkCcw3ZjUTpha8hFYfvDtKNXm17lsDPX2DzGFmNRO2FiuhFWl1ZR2YCdACMBMGzASAOqGWmfiYk/B0mmyymXiLai50dHpbcSGiemAmWmDhzYSPSNzqucNMgFNsJl03+u7du08Tkp8UmUlmrqu5+NKBO8PMTJQjJNQg7UB+hORG9moumAnQFDATBswEgDqhhpnEPFZTgZbk/WR+ZhJySuu6CsZbDHqryVdUs4LATBYmMBMtoLqZdBU+m6vYTP59vWdkdHx45N7YvftkBXeHRkkb2KJiM5FuZL99586gdDfIrGZCq/TTtvqHaILdN081+weGqVlyDyocGBzp6ZMu2WJmwrfOzGR6ZoYmbvdkN8Eah5kATQEzYSxGM3n+pf1iEQCNR81mEnIpVUTfqY6ZmCz2QqPwdNocC2wmPpe9uBApFZiJFlDXTAAAiw6YCaMJzOS5jfv2HTjFZ7/+5uq6Dbvf//BLRRUAHgK1monBkPcQg90jFUbdeTkxOd0xcZW5Q2bicZsMVl4S8NhtfucCm4ndnN8BZM7ATLQAzAQAjQMzYTSBmTy/6d2NWw4ODo6w2bd3fvTqm0dhJuChU5OZKIdHKLzcVFjurFZOQrKE+B1mvzwbcXVS477smInHKd3B4vB7zEarNSRX8DmsTpvZ6XIGpVlTp9XkdDlcTrfcGlXWW5zugEe6Qd/iljfh7bS7HH6v3W5nozrS1WhsLa8razJxP70KX8Tviwelu2g67U6/x2rDKErJwEy0AMwEAI0DM2EspJkM3h0ZuDN85ssf/rphN81++s9vLl3u6h8YWifPkkuQVLz25tHzF35k06c//56madGufSep2ienLhw++nkmZyaXf7y5e/8nbHbb9mNUn21ly2uHu270MTN5acvBi5eu9/YOsk3s2H2c2qef3128xioDUD9qMpNgpOAOE73FRYWBcP76rk6nx+OTB1KqCjMTkgqDZAJWo1Vv83Az0ent9ki2ps7gkCZokSeQW92jszL9yNXhyuRzFI+f6EzOIDMTk7TzbJpNmPKuJZlJoHBFREi1ZoIsxiQS9ElMWkIfxtFAIOhyuc1mi8HQKfYrAIAmpSozof6BegnqK6jHkOUkQX1IcceyGJPrDGOhUNjr9dntDnqx4utXlRdefren8BuTyCLujU/Qzx+vdvMSPq3k1TeOZGQVWf/i3tffep8V0ix5y/Ob3qXpf12+ce16D/kPtTA+PrFr70lWhyTnp2u3yUn65VsBAVgAajMTdk5fOEKizPzvM5ElRBoqke59t1mDsn5kzUS5iayZZAdPEvIAS+FG8zaSN5OAyWzL3hLDzSTnM7OZSdBqseoMNo80foLMHpiJFgIzAUDjwExYFthMvvnupy/OXmLTN272kWA8te4dCjMTMgq2SDlNvLPnBKvGzOTp9bueeW7Xd9//my1lQyh73/10dGycfk48mGRmQj/ZWiykOmQm7JEhACwAqpmJ2e9XlPtVMRPp9pKwJ/uQrryZ2PIewqI0k1nGTEQz0eeVI1ChmbA4rdJXtQiFCAvMRAuBmQCgcWAmLAtpJlNT0y9uPsCmyR/4oMeuvSfLmMm27cfuTzxg03zMZGh4bPOrf5+Un3jOzIRpyUtbDmbkB6azcZi/7fqYrciAmYCFRC0zEa+SYneD1GgmQXmEJHsZVf4+E+k7HK0et8Pj1NtknSgwE+k+E7NLWmoPsxZEMzEZrFaf1xf2SrfvlzYTh8Vq9nidATIuj9npovrGTquneG8ROdWaiXjRLlgM4D4TADROVWaC+0xUYeOWg719d0kbmHU8vX5X/8DQ199cXf/C3jJmcvjo5x+f+Iqqvbz179xM2KJnX9gjzP7r8o1Mzkwy8j0nHx4/99O120c/+II2ATMBC4laZiLeGq6WmeTHN3JmQvEFXHqSChIMNlBTaCbBqIctdcl33hebSSD3pGNrwF/GTIIxD9XRSw8c8xvkS786bdl7UZDiwEy0AMwEAI0DM2EspJkor62i2f0HT9HEho37zn19pYyZjI9PPPPcLqp2+sz3gpls3fbe6Ng4n92+40OazSjMZGxsnHSFtvLSloNTU9MwE7CQqGUms6fTWfBtiUgTB2aiBWAmAGgcmAljIc0EAE1Rq5kgCAvMRAvATADQODATBswEgDoBM0HUCcxEC8BMANA4MBMGzASAOgEzQdQJzEQL1G4mtweqOK0BADQUdPyOT0iPdaoQmAkAoFpgJog6gZlogdrNhE5ruvvHEARZjKlKSzIwEwBA9cBMEHUCM9ECtZsJAEA7wEwAANUCM0HUCcxEC8BMAACVAzMBAFQLzARRJzATLQAzAQBUDswEAFAtMBNEncBMtADMBABQOTATAEC1wEwQdQIz0QIwEwBA5cBM5s2hs9mvcgeg8VH37QozQdQJzEQLwEwAAJUDM5k3/5m8PDU9I5YC0HjQG5XermJpDcBMEHUCM9ECMBMAQOXATAAA1QIzQdQJzEQLwEwAAJUDMwEAVAvMBFEnDW4mlvaWlpa1YmkF0GqWsFioWWAmAIDKqchMEgHbmg7qafWuKC/z2/RLqKjDxks6lrTw6bS0kqllrSc/n4qtWN5a1Spe0wqqvsYWYLPO1S0cVuLSS3vVsqQ1muQr5YGZAFAnYCaIOtGemYTlj7BWPs8+0njdtfLsalfuM83DCrIkctUWFzATAEDllDKTVctW2SPZXoW6SafcISacq+0xacJvaPXIEzkSS1paLR15zQiYOlbZPUrNaGkt6N6pQuEqCXGVkIltlTZqk7dlWl6gMbQThqyzpFtb2goWycBMAKgTMBNEnWjVTPIfZmyW16XpFSulz9ysmshmEotFAy4TTRj8uXqLCpgJAKBySpnJ8pblvF9tWcl8hPCvoMmka7WiX2WsdceoD+ezIdMKqQfmmpF0rWB6oahQfpWotcPDPoVSHmmj8t+SeGUJz1q+h8uL9icNMwGgbhSYiXjkAVAxD81MwhamBIwOq/xhErbxEvbpkjOThFwmDXRIJW1trblq2dU6pMsBGKz5FrmFsH0V1Xy0wCckM6EPM2NQnvPpW9qlPcl+liVdUgsxO/3MfmTKZsIWtkj7mb9uYREBMwEAVE5FZtKq97MPBOow13rCluUtrQZ9B/W4S5yh/HVUSs2QyWsGreKPeuS+u8JVks7VfFGMFS5n/f7SR1d0utgCai2ajPktq9Z6ZhnkhpkAUCdgJkAdHq6ZsM84+0pJFtIpz5oWabCCSvz6Vum644jsIe0WmmnNfcjIrpL9dJRW86Tl1VrYGIe0miwPVOJh8tNhYRvMIZmJ9PnWbkmnpO2YQlJltifyJcvSEI38WbdCKiq8mkvZ0CKidjO52fUTgiCLOuJRXZpiM0nEozRNZmIM0L/SX22SIeca2UM80UCbMST3lMtZh2NYlu8qS2uG1Lmacp5T2SqzmEmeoFEeRUksaWnzeyxr2pessoUKKsjATACoEzAToA4P10zYpPyRtlb6Axp9spmlTyp5UvrckTykVRogceX++MVGUdgnUr5OTi2yq8mL5PWWm8TPJslM5FGRFdJl0S0tIbkyW10SE1mN2qQm5d1TmMlad8GFB4sImAmCIOJRXZpiMykeM8lDvuBMhoxt0p97ZKjX5H1lac1I0yq8sQpXoWq5VcItOi+vIRNqNfgTztV8D1tn+1sSzASAOgEzAerQQGaSkv8tHjNpaQ1ZpGetsCu+is2EuUPxmEmHMcAu+ip8QItsJmxdafGjbFr+LIvJ1fNIVpO7mishj6cUtLR4gJkgCCIe1aWpykyoI5X6WMV9JsobTspohrQKu4m+8lViNuEOeE7CvUbvS3t1ecNRjsNwYCYA1AmYCVCHBjITIuHhVlB4n0lafgxkiz81i5lIq8mSwWBtZltIeuUl8nVZWbJmYlwmVX5UHlJpkc0kZpMeRpmtJX/KtiwzKu8zkRaL14YtDmAmCFI+g3dHxDd9A9DdM1i8q/OO2HppSpmJEht7Nm9bR0yxpEN6AvASv8IZymlGOh116+Vuu4pVAhZ5bNuSvXtwTYc0wt26fIUh9/BiVtKypNUVmeWxwTATAOoEzASoQ2OZSTrtlB9Fv3ylgc1yM4nZJS9oXeuZzUyIREeb9IlocGc/nFr4s7n8BpoO53c8aybylVxMTJiZhOWW8w4j71Wr0kzCVmnfeIVFBMwEQcpHfMc3Bt39Y8W7Ou+IrZemEjNZpMBMAKgTMBOgDg/NTMACAjNBkPIR3/GNAcxEdWAmANQJmAlQB5iJFoCZIEj5iO/4xgBmojowEwDqBMwEqAPMRAvATBCkfMR3fGMAM1EdmAkAdQJmAtQBZqIFYCYIUj7iO74xgJmoDswEgDoBMwHqADPRAjATBCkf8R3fGMBMVAdmAkCdgJkAdYCZaAGYCYKUj/iObwxgJqqz8Gby/Ev73//wS7H0YbNuw26xqGKeeW7XxUvXxVKgeWAmQB1gJloAZoIg5SO+4xsDmInq1NtMzp2/fOHbq729g0eOnXlx84FMHczk1TeOvPH2sfsTD9gsOcaPV7sLq8zN/Myk60bf9PTMplcODdwZvt7VKy4G2gZmAtQBZqIFYCYIUj7iO74xgJmozgKYCfcEdvZfDzN55rld//zsOza7kGayY/dx2vT6F/Zufu3wU+veERcDbQMzAeoAM9ECMBMEKR/xHd8YwExUZyHNhBRi4sEkmQmdyl+8dP2TUxd27T05NTWdkS+Iutnd//bOj2iCZmmV5zbuu3S5q7d38On1Ugmx7+ApWuXLc5d27TuZaz7bbE/v4Asvvzs5OZVRmAmVswo0S7tBE6+9efSzMxepzb9u2P36W+/TxOdfXKSNsrV27jlx7XrP4aOff/DxuYy8OSrsHxiiHWYt08SLmw98cfZSbssSNEuiRXurLAQgUyczSURCXm8AJ5+aAmaiBWAmCFI+4jt+NuhETSyqgYOH/3lvfEIsLQRmojoLZiY//tTNr+bad+AUW8osgupc+fEmr0/SQoUnT11gJXTeP3Bn+MPj58g9WImgAcxA7k882LjlYKasmbwkV8jIbZJysGk2WqIcM2HTtLnBwRGauN1zh7Yu1OG89bcP6OeFb6/ekSsDwKmDmcQCOr1VitEjLgLNC8xEC8BMEKR8xHe8zI2bfeue3/PUunc2bNzX23e3FjOhkzxqh8L+Yk28e+gfo2PjhbVEYCaqswBmwv6jKTe7+zOFV3Mxi2DuwUqYRXCXyOTMZMfu47wd4bopbiDrX9ybKWsmvES5xVJmotwc2+FZzQSAUqhsJj6bjWmJN1pD7xP1Gl1RPhdx2XV6u2KxKkRdJlmf9FaTIyAunBfUlNUvFmoHmIkWgJkgSPmI73j5FHPX3oKraGo0E3ay2NM7uH3Hh+LiEsBMVGcBzES466PYTM5f+LF4zEQwE/q5ocT7jfvGvfGJza/+ndoXzIQarMpM2BVltDk+rsKAmYCqUNlMrIbs6b64oCoWykzcvoDX59MbrL6EuHgewExgJk0PzARBykd8x2cyW147PDQ8pizhZnKzu//p9bvopJDNjo9PPL/p3afWvfP9D9dolk4B6bxw45aDh49+ztflZpLJXWOzY/dxOrOkU8aum33UGq1OJ6y8PgNmojqNYCa9fXcPHfmMZicnp7a/8+Ho2Hixmfzr8o2/lhAD7hsZucENOTN5eWv2DUmNV2Im/Ole7Kow2tyxj86yEmVNACpEZTMxsuu49Fa570l1Gqy2eQxILJSZRLLTYZ3Jl9/efOFm4jbXJmaLE5iJFoCZIEj5iO/4TObp9TuFEmYmb+/8aOu29zLyhf40zW5oZjD9oFPA4lM6biZkO+yCLm4mx0+eZ3VIb5SrZGAmdaARzIQmvv3+3+SiZL8/yF8MUmwmNDE9PbNx8wGqtvfAp9m2ZJRmQm8n3ubnX1ykytvf+ejf127PaSYvvXLo4OHTz76wZ8PGfbShjLy5z7/8gVp4buO+u0OjvCYAFaKqmcQDYa8ze5OJnE5nWKxTCaXMJBXVGWxeeaBDp7expTqj22m3U6G50xrwuwwmF03nBm1StG6n3Reg+gbBbRRmEvPp7SF5KmJy+OKREK3OdoAcwx2KUtdDjYflk2npGjCDPRAMkXRFCjvYrJmkEha9NS71wdJi5Q645BV0eqfR5qWXYDNZvSGv3R3wOp16vTVJy1IhndFFjdNSsydW0HrDU62ZJMEihJyE3tp0kkEfxoFAwOVymc1mg8Eg9iulKT7LQZBmiviOL20m63J3jFCohE74SFE2vXKIlTAz4WeiHL4W+/t0RmEm/JRRecbJeFhmQv0D9RLUV1CPweSE+hCxW1mc8M6QvMvr9drtdnqx4usHAFSPmmZi7bSavVG/PXurCSU2vz+ORL1KvZEjeUXM7XCEsy2SMwTkSVpqcssn8SG3zuQOyYVei1VSjZjPZMgOX9gM8ql/npyZpBJkHawBDjWuM/lowpC7LC3pdbrkOrQnTmYkAbfFV9Bk1kzo96C4mE25AzqrNH6Us6Z0OuHXGZzyVCrosHmT0gtfvNeDVW8myOILnVTQqQWdYEQi0UAg6HK5zWaLwdAp9iulKT7LQZBmiviOz118r4SbyT8++450gjJ4d2R6euZV+dms7PmwZcyErcVLGttMLNRLUF9BPYZsJkxMxI5lMSbXGZKZhL1en93uoBcrvn4AQPWoZiakJVwk5ucjeUqMmdhzZ/msjskTT0sn+i7JISQCfC1ahQoDCkei5KoxsveZ+EPKy7hSVrM9W9/kpXm9wkzc0tak4ZR8Cq9Um9VMCurrXXIJH72J5lvwu9i+20xWndFh985rrOmhAjPRQmAmCFI+4js+kznx6dfKG0Uyiqu52NNgOdxhyo+Z8Mt1GDCThxKYCQB1Qg0ziQe4luhtgXitXlLSTNxmfmeIdCpvD0r/ljGTuMdR+gYV5X0mWfgIideSNZN0IqsiJqe8sXScyoW1OCXMRNyB8maSJRXRGdyK+UUAzEQLgZkgSPmI73iZr76+wu5N37BxHxsSYeV9/XfJRmgRk43vf7jGru9/9c2jMJMGD8wEgDqhgpkoR0tU0JJ0STOJeRz2YPHVXCXNhF3NVeKxW7OYiS5nFLQWM5OI2567fIzXsVn9szfJzcRhLLiaS6hdkZnIr6tgvuGBmWghMBMEKR/xHd8YwExUD8wEgDpRq5lId4Qb3cFUQjfvu0qKKWEmRNDtkhTIYPNGsif85cxEImU1Sdd0GUzCif4sZpKK+KRhH6Mz4XUyM0n48zf0u0LyFlPx7D502gKFd6dwM2EjLXoHG2bJ74ArwC4/K20mybCBPXa5067aL3OhgJloITATBCkf8R3fGMBMVA/MBIA6UauZpOPZb3xfdGfSc5MKZO+tl+ms8Utamh2YiRYCM0GQ8hHf8Y0BzET1wEwAqBM1m0k6bTc71Poa9cYi5jNLD8zKos89pxjMCsxEC4GZIEj5iO/4xgBmonpgJgDUCRXMpInxOhxsRMhgcjbfmJC6wEy0EJgJgpSP+I5vDGAmqgdmAkCdgJkAdYCZaCEwEwQpH/Ed3xjATFQPzASAOgEzAeoAM9FCYCYIUj7iO74xgJmonnqbSd/d8fGJqZkZsbxO/Gfy8tT0Qm0MNBf0zqH3j1haAzAToA4wEy0EZoIg5SO+4xsDmInqqbeZkJaIRfUEWgJqQd33D8wEqAPMRAuBmSBI+Yjv+MYAZqJ66m0mCzZaAkCjATMB6gAz0UJgJghSPoN3R8Q3fQPQ3TNYvKvzjth6aWAmAIBqgZkAdYCZaCEwEwRBxKO6NDATAEC1wEyAOsBMtBCYCYIg4lFdGpgJAKBaYCZAHWAmWgjMBEEQ8aguDcwEAFAtMBOgDjATLQRmgiCIeFSXBmYCAKgWmAlQB5iJFgIzQRBEPKpLAzMBAFQLzASoA8xEC4GZIAgiHtWlgZkAAKoFZgLUAWaihcBMEAQRj+rSwEwAANUCMwHqADPRQmAmCIKIR3VpYCZ14vDhw1u2bNm6dev9+/d54eDg4Ouvv75p0yZl4Ztvvrlt2zY+C0DjAzMB6gAz0UJgJgiCiEd1aWAm9eDAgQM9PT1sevPmzWyiu7t7//79+UqZzMTEBC09ceLEPMzknT0n/vLsznPnL9P0/fsPnn1+z83u/kuXu55ev4tVGB+feOa5XbzCtu3Hjn7wBa8wPHLvpS0HaZU33j5G1Xizxz46SxUG7gzT9HMb931x9hILrwBABmYC1AJmooXATBAEEY/q0sBM6sHrr7/Op8lG7t27RxNHjhzhusKYmpr69ttv//73v1drJncGR55/aT/ZCBMPYmxsnE28vPXvrMKrbx799B/f8ApMNngFYnp6hn7en3jw+lvvTzyYZIXU7KEjn7HKG14q8CgAODAToA4wEy0EZoIgiHhUlwZmUg9effVVPn3y5MlrMq+88sq5c+c2bdq0Z88eRd3MwYMHqzUTxroNu7l4cF55/T0+/ePV7vIViKHhsc2vZl2FnGR0bJxWYWbywsvvKmsCwIGZAHWAmWghMBMEQcSjujQwk3pw4cKFv/3tb1999dWJEye2b99OWvLtt9+Sk7DBk56enkOHDvHKKppJb+/grn0n+WyxmSgr0NKn1r2z/Z0Pe/vu0uzg3ZH3P/iCJriZsIlvvvvp6fU7FW0AADMBKgEz0UJgJgiCiEd1aWAmdYKE5OWXX96xY8dHH300ODjIzIQvffvtt0dHR9m0WmZyZ3Bk67b3RnOXdWVmMxNlhcnJqf6BoR27jzPx2HfwFFvEzYRz6MhnXTf6lCVA48BMgDrATLQQmAmCIOJRXRqYSb155ZVX6GdfXx+/+eTBgwc7d+4cH88agipmMjxy79U3jtBPZQXBTIorMKgOGz9RRikn33z305UfbyrWAFoHZgLUAWaihcBMEAQRj+rSwEzqwcDAwNdff/3VV1+Rlly/fp0V9vf30yyVb9my5c6dO7xy7WYyOjaufI5W/8AQq8DNhCq8+ubRT/7xDa9w9adbJz75mvRj176TwsVabMzk3vjEwcP/ZFdzKR/eBUAGZgLUAmaihcBMEAQRj+rSwEzqwY0bNzZt2vTyyy9/+umnyvIjR45Q+dGjR5WFtZuJMOLBx0m4mdAEVVZWGB65t2HjPpp+5fX3vvr6irJZZiZTU9MvvnyAKpCWdN3oVVYAAGYC1AFmooXATBAEEY/q0sBMAADVAjMB6gAz0UJgJgiCiEd1aWAmAIBqgZkAdYCZaCEwEwRBxKO6NDATAEC1wEyAOsBMtBCYCYIg4lFdGpgJAKBaYCZAHWAmWgjMBEEQ8aguDcwEAFAtMBOgDjATLQRmgiCIeFSXBmYCAKgWmAlQB5iJFgIzQRBEPKpLAzMBAFQLzASoA8xEC4GZIAgiHtWlgZkAAKpl/mbit1t1+kojrgyaDpiJFgIzQRBEPKpLAzMBAFTL/M3EZ5OUQ28P5YtSSa8v4A/FFXVs8zGTqNdg81FTXreH1k2Ii9XHYrB2uiJi6eIk4XeLRQsCzEQLgZkgCCIe1aWBmcyb8YkpsaieTE3PiEUAVIy675/azKTTHkvlS+zG7AhJkMtEKuazO+ZhJkZXlE2S2zjDhUvVQ2cLiEVNQCJkcCh0caGAmWghMBMEQcSjujQwk3nTd3dcLKonh84Oi0UAVIy675+azMTqV8yH3TqDk6zCZSI5cSgWpGsxk3TEa3RL09RsOh6kpphMJEI+vUFSo3hOjXQGV9DlNBiseiPtRtpitOkMtk6rN7uYztcNkjVlS8I+U86jaM6qt+a2mDKZpHEefaeDNRxx2XUmn9sm+ZXFlT3jjwd90roGmzeqMLPG4WHICcxEC4GZIAgiHtWlgZnUQv/Q+K2Bse7+hcj7X4/838AP/8ePIFWH3jn0/hHfvjWgmplE3XY6WY9mzaRARWoxk5jbYQ9KE9QsWYXbF2DXiun10rTX6dSZvBHZDnR6p9FG/UPAZrJ6Q167W1pK1ZJyfVpXKvEFzJ1WF62QSsTjfp3VH49L7XEzIQ8hdaFqbrtdL4+oSGZChiO3zF8INev1hbxujzvGChoOu9G6wHICM9FCYCYIgohHdWlgJgCAalHNTNIBl87gTKaTkYBXp7cpFszHTNhoBsVoz15wRWaSv6or6Lb6s4MVkgiZfemCrUR1luyeJb1O2ThCygu3ckM6AV7IzUSnt/NqVoPUoGQmuUKalrYkm0kk2ZCjJXlSca/TzaRtQYCZaCEwEwRBxKO6NDATAEC11GQmBrNHWWKUL5eiSIMSWVJRSVSqNpP81Vw5pKu5csQ9Dr5cut3FIN3zrZCKaN5D/C6pZtynbDAnTrOaiYtXoy3Gs2aSLeRmIk3LF3QFFuD2/PmQ0nc6XaEF3TmYiRYCM0EQRDyqSwMzAQBUS01mIo1pyDeBZImHjCaH1ZkfSZFP68WLu+ZmLjMpMWZS2kxqHTOZxUyIVMRb8GiyhiFOr3phtSQNM9FGYCYIgohHdWlgJgCAaqnVTCqMuHJ55jSTdNpgsLp9Ia9LeZ9JGTNJ2+T7TAKhsMXIh3SSOoMtGpOuEcvfZ+J2dFq9oWDA7XDk7zMpMhOjxROOx912uy3AbmNpIOL+hR4tYcBMtBCYCYIg4lFdGpgJAKBa5m8mACiBmWghMBMEQcSjujQwEwBAtcBMgDrATLQQmAmCIOJRXRqYCQCgWmAmQB1gJloIzARBEPGoLg3MBABQLTAToA4wEy0EZoIgiHhUlwZmAgCoFpgJUAeYiRYCM0EQRDyqSwMzAQBUC8wEqAPMRAuBmSAIIh7VpYGZAACqBWYC1AFmooXATBAEEY/q0sBMAADVAjMB6gAz0UJgJgiCiEd1aWAmAIBqgZkAdYCZaCEwEwRBxKO6NDATAEC1wEyAOsBMtBCYCYIg4lFdGpgJAKBaYCZAHWAmWgjMBEEQ8aguDcwEAFAtMBOgDjATLQRmgiCIeFSXBmYyb6anZzZuPvDUunfWv7D3p2u3xcX1ZN2G3bTddc/veXvnR6zk1TeOFFaplafX7+LTP17tPnf+smJhRQzcGX7/wy/F0soYGhr98Pg5sRQ0DDAToA4wEy0EZoIgiHhUlwZmMm+OfXR2176TX5y9dPSDL374V5e4WCVu99zZ8tphoZDMpH9g6OMTXz3/0v7LP97M1MFMyHwG746w6QU2kx8uXb83PkFbpBYuXa7XLxbUAswEqAPMRAuBmSAIIh7VpYGZzBuyAuWs8kScJmhWqrPp3U9OXaCz/MNHP78/8UBZ8uwLe1gJQXpDJdxAyASuXO1e/+Lef3z23V+e3UmLKHSyzpZmZDPh0y9tOZiRzYRWp8pKjdm2/RitePzkeTZLmz595nsq2b3/k+GRe6yQDfvs3HuCr8XYe+BTvhVuJvx18Re7Y/dxciTa7gcfn5ucnNr+zodPr991Z1BSGqpz5NgZehX0Sunls6ZoZ2hzf92we1x+OfQ7pJY3bjnIKxBkRCdPXaAXQi0oXzVoHGAmQB1gJloIzARBEPGoLg3MZN7QqTM/v8+UMpOX9r/x9rHe3kE6XycfUJbQuTgroXP6Z57bdbO7/+2dH5GiZGQTOPD3f3584is66T905LMNG/ex1jjFZkLn+p/+4xuqv2nrod6+u1Ry9adbZCa0IapMzpCRN037THWoZNfek1Ry4tOvaTeoDq01OjbO28zIyrF123ussLyZUKgF2oEPj587/sn5z7+4SC9kamqa6qx/Ye+ly11kYrRFKsnkRnu+PHdp1z5pB2iXDh4+TQLTdaNPufUXNx9grws0JjAToA4wEy0EZoIgiHhUlwZmUgs7954g5Xjrbx9kSpsJK6Ez7/Uv7lWWEKyEzumvyFdksemMbALKpoTBmUzOTEhmSHLY1Vz8PJ7tBv3ka0l6897pjGLTpBmshWdf2MNKRkbuMVfhkG+wCmQ45c1kaGiULdqQa58ap1Wozr4Dp1jJ7Z47J09dIHUZlIdTiOc27svIu/TOHnG4Znx8glqjmt//cE1YBBoEmAlQB5iJFgIzQRBEPKpLAzOpnZ7ewe07PixvJlwVlJrBS/iQCBMG5X0dpcyEVhkZzY/Y8PtM2G5QC3xc5d74BNOMYjNhozEsytYyOTOhms88t4u8ooyZsAuulPvJzYT/Qtg0Ve6+NcC3mJF3idcBiwiYCVAHmIkWAjNBEEQ8qksDM1EFEgPlifih904LZlJmzGTd83uKx0zmNBOhRDCTwcGRF15+l5WUGTOhTbOSYpiZTE1N797/ycVL1wUzIVepxEz4OAy9/JOnLlAd2hlWwoCZLFJgJkAdYCZaCMwEQRDxqC4NzGTekAx8cfYSZdPWQ+ySKjoj/+TUhUuXu158+QA3ky2vHe4tvM+ElfD7TKgFdp/Jzj0n+H0m3Ey+u3iNltIJPbtPgzGnmdAEbWLzq3/vLbzPhNXhZvKPz7574+1j5y/8ePrz7y98ezXblgwzE8bT63ey/bne1cvuXSHtqcRM6PdAVnP85Pl1uftMqCl6RfTr2r7jwwzMZNECMwHqADPRQmAmCIKIR3VpYCZ1pXi4o7gEgEUHzASoA8xEC4GZIAgiHtWlgZnUlWIPKS4BYNEBMwHqADPRQmAmCIKIR3VpYCZ1pdhDiksAWHTATIA6wEy0EJgJgiDiUV0amAkAoFpgJkAdYCZaCMwEQRDxqC4NzAQAUC0wE6AOMBMtBGaCIIh4VJcGZgIAqBaYCVAHmIkWAjNBEEQ8qksDMwEAVAvMBKgDzEQLgZkgCCIe1aWBmQAAqgVmAtQBZqKFwEwQBBGP6tLATAAA1QIzAeoAM9FCYCYIgohHdWlgJgCAaoGZAHWAmWghMBMEQcSjujQwk1roHxq/NTDW3b8Qef/rkf8b+OH/+BGk6tA7h94/4tu3BmAmQB1gJloIzARBEPGoLg3MZN703R0Xi+rJobPDYhEAFaPu+6cuZmK2OMORqFgKmhqYiRYCM0EQRDyqSwMzmTfjE1NiUT2Zmp4RiwCoGHXfP3UxE53earW6xVLQ1MBMtBCYCYIg4lFdGpgJAKBaVDYTi9VlNDnEUqABYCZaCMwEQRDxqC4NzAQAUC1qmkkoHNXprRSPNyAuq4JsIzxWv1gDNCAwEy0EZoIgiHhUlwZmAgCoFtXMxOcPMZEwdNq4VIiVqiHisvvEMtC4wEy0EJgJgiDiUV0amAkAoFpUMxOmImaLMxKJGU0OmInWgJloITATBEHEo7o0MBMAQLXUaiYpmXTOTJTXcfFF80MwE73e6g2EnBab1Z9gJZ1GRyASt5tou3Zp3u9yOB1GG3URPp3BaTQ6vL6A1+nUWaVdsnda3T7qHkMOi1wZqA3MRAuBmSAIIh7VpYGZAACqpSYzUd4NEo3Fg6GIdFuI/FQu5aL53XZSYCZBtz2YnSQPccX4AiJgZYMzfpcttx2nyZrMLWbeQmbijfIyoD4wEy0EZoIgiHhUlwZmAgColvmbCXUyZB0ms4Ndu9VplASAmQkdtDRB5bRUJ995Iq5cAUoziXuyl4fJsbvk70rxOp16g+KGFr+LlRMuU/5CsuyISiwg1TQ6YvMfxQHlgJloITATBEHEo7o0MBMAQLXM30zMFhKDrHKEI9IDtdI5M7E7PFlbSKfp6OXTVSGMmVj9BUoRctrcbOQk6TdXYiY5nCb56i6gNjATLQRmgiCIeFSXBmYCAKiW+ZuJzZ7XD49XGpFI58zE6fLxRSH5Ei++VuUI95kYDFa7O+D1+TrNvojkIy69xRMNBXWdtk7D3GZiMjkDkXg8EqLKuKirHsBMtBCYCYIg4lFdGphJPejq6tq6deuJEycOHjy4a9cuXv7KK6988MEHX3/99YMHD1gJndht3rx527ZtvE6FTE5O/eXZnefOX+YlR46doRJFFYlX3zw6cGeYJu5PPNi4+QBV+OHSdbbo3UP/eGrdO5u2Hvr2+3/z+qNj43yV5zbuowosvAIAmVrMxB+QHhNMTuKSPYSbCZUEgmGaoHJmLKqYSSoakK7dMtjs2ftFUkZ5NhhPeC1zm4nblr0ezOLM3bACVAVmooXATBAEEY/q0sBM6sGBAwd6enrYNIkHm+ju7t6/f3++UiYzMTFBS0lg5mEm7+w5oTST8fGJZ57bVWwmT6/fRZpx//6DbduPHf3gi0uXu6iEyodH7r205eDN7v433j5GK/L6xz46y1bJyGbyxdlLLLwCAJlazCSdGzaZ1T0cTi9fRAewsBQ0HzATLQRmgiCIeFSXBmZSD1555RU+/cknn/T19Q0PD7/11luKKnkOHjxYrZkMDY913xpYt2E3N5Ode078eLWbSpTVtm57jyowzeDs2H383vjErCWjY+OHjnzGV3n+pQKPAoBTk5kAwIGZaCEwEwRBxKO6NDCTerBjx46RkRE2/eabb167du3bb7/dtGnTG2+8cfPmTfp5/Xr2kqrMvMzk/2/vTb6jOP497T/h15vb97znXd9Fb3rTi173eRfv6q6qNEBVSSVKEwiBtOvTu+5etIcfYLAZLBuwMdggBNhgMKMBGxtjZjCDLBBGEkLziCQ0Vn+ropSkIklRQ5RcVfk853PkyMjIrMIZIcWjyCwp7GYiaGbyqLWj7UmX00w0e/nywFnLQD7aflS+Wod8sKVZ3cp17cZj+yEAmAmYATPxQjATQog+qt3BTLLBvXv3vv7669u3b1+6dGn//v2WmUxOTsre3t7eEydOWI2zYSbDI+M7mo5HbZqh6Osbbj562Wov1rH/4Pm+/hF1yJlz1+2HqML9B88+2KLfJAYeBzMBM2AmXghmQgjRR7U7mEm2aWlpmZmZaW1ttR44EURFhoeHVTkbZvLR9qNtT19El5rJ2Pjk7i9/sNpbiJB0dvWrBZOoQ2ai8eUX8RN7DXgczATMgJl4IZgJIUQf1e5gJtlGPXPS39+/d+9eVSOicujQoampKbWZDTOxPlNLRZmGaInIidXeQk6i1k+chyhES57EPQdAgZmAGTATLwQzIYToo9odzCQbDA4O3r179/bt26Il1iMlAwMDsin1TU1NQ0NDVuNsmImFWgBRnwX80y/31QdtDQyOtj97eemnu7Kr+ehl7WYtdcjk1PTxk7+qu7nsH94FEMVMwBSYiReCmRBC9FHtDmYCAKmCmYAZMBMvBDMhhOij2h3MBABSBTMBM2AmXghmQgjRR7U7mAkApApmAmbATLwQzIQQoo9qdzATAEgVzATMgJl4IZgJIUQf1e5gJgCQKpgJmAEz8UIwE0KIPqrdwUwAIFUwEzADZuKFYCaEEH1Uu4OZAECqYCZgBszEC8FMCCH6qHYHMwGAVMFMwAyYiReCmRBC9FHtDmYCAKmCmYAZMBMvBDMhhOij2h3MJG0WFvQaAI+AmYAZMBMvBDMhhOij2h3MJG36R6b0qmxy4uaYXgWQNGb7D2YCZsBMvBDMhBCij2p3MJNMGBidejk40T2wEjlzd/xfqx//SxUhKUd6jvQfvftmAGYCZsBMvBDMhBCij2p3MBMASBXMBMyAmXghmAkhRB/V7mAmAJAqmAmYATPxQjATQog+qt3BTAAgVTATMANm4oVgJoQQfVS7g5kAQKpgJmAGzMQLwUwIIfqodgczAYBUwUzADJiJF4KZEEL0Ue0OZgIAqYKZgBkwEy8EMyGE6KPaHcwEAFIFMwEzYCZeCGZCCNFHtTuYCQCkCmYCZsBMvBDMhBCij2p3MBMASBXMBMyAmXghmAkhRB/V7mAmAJAqmAmYATPxQjATQog+qt3BTAAgVTATMANm4oVgJoQQfVS7g5kAQKqYNZMNfn/AvzqiV4MHwEy8EMyEEKKPancwEwBIFWNmUl+zxldUFi/V+vyB+ga9ARQ2mIkXgpkQQvRR7Q5mAgCpYshMGurFRmo2JLZqyst8pWuWNIBCBzPxQjATQog+qt3BTAAgVTI3k4biooCvuNxRvS6TlZPQqpBfTlsUDIar9X2Qk2AmXghmQgjRR7U7mAkApEqmZlIZChatrlz7NgNZW1HuKwlXrn/bvuVZF/EVlwXDVZGKNf6SCn0vLMuGqr/n/xhm4oVgJoQQfVS7g5mAnc/2ntr/zXm9FmApmZpJ/YYGnz9cqVfHqAwG1jVsqN+YspmESwPr9LpGXykP1idLqCSgV2UfzMQLwUwIIfqodgczyYQtnxz559bD12+2nr1w894f7fpuF5r2nNSrXHC2fNre/d6mg9bmN4cvTk5N2/anz+vpmVcTU3LCM+dvjI5NyKbeAmCRTM1EWM5M9Lqk2Fgd9pWEI3UbE9sNMv5rfaUV9fX1jbE1gbDfH6iorI6Ul1u64vOX+4rLIjIpXivt63xFoeqa2thtZl71GZGTorJavTabYCZeCGZCCNFHtTuYSdqcPH3tUWuHVjk0PP7hR82bP26ZWhSG5iOXP//i1PubDynNOHzsJ1ELye4vf5DNLw+clbIcotrPzs5t3X5UanZ9/r3WUiFmcvvuk4Mtl9SmZSZSIy0/2NIsb0A2t+389s69p5/s+m5703HZlK+y99yPt9RRzUcvyyvK3sRJFxkcGtu0rUWOlYK2C8COSTOJiC2oVNc1ZmAmiWdX/IFQZO1iTZ3lGEHZtbpKlUVRVEEaVy4+f79+TVn5uvhCTXWF1cBzbKhd4ZUTzMQLwUwIIfqodgczSRsRBm1hYWBwVBzg7v32K1f/2L3v9KuJKamUuf7Fn+6Iw+z8/ERf/8jo2IS4h0z9pRCNS4Ic9dOVe+I50bi3HP3uyq27T2RTa6kQM5GIV6hNy0y+bv5RWt641Xrg0AXZ3LbjmJynta1T6n/+5b68pb6+YbEj2TU8Mi7vRN6PvMT1m63WmQV5w2I4e/adFkGy1wNomDQTKSRq4haRgZkk2FhXlfgkYpuZ+PyhcEx8YshLqAfkpTJR1dgYiluNFaveU9RXhf3OjyXIJpiJF4KZEEL0Ue0OZpI2MvvXasRVxASssnpgY0d81SIaX5E4c/5G9G0HRuPt5evWpbucLZWZdHT2icNE33Y3lzpEmYkUZK/1llRjUSar8eZtLVZZuHj5ztzcvOjWteuP7PUAGjltJsKqhFq8MRO/PxCoSjy7Ei4NxG7wWmomFasMvG5eI1oSrl1cQlopMBMvBDMhhOij2h3MJG127f5+embWXiM+oNwjGtcAJRvWvVhOM7l+s/VQyyW1JKI1VriZiRT27Ds9PDJ+4tRVkY22py++2H9WNufnFywzUa8le+WdqGOVmcgueScqw/FbvwBSJdfNxOcPxv+70TKTUHHAtyrxYIvtbq43ZrJ+TVmgaqXn5blEwwqvligwEy8EMyGE6KPaHcwkbY5+d0VJgsXufaedaybLmInohHU/WEprJlJof/byxA+/yQlFNuSdWI7xTjPR5AcgDXLRTCrLytSNWP7SMsswZNxLjbqNq6GuOvbXTopD1icS281EqKkIx85QHCwJeu8J+A3p/V/PFMzEC8FMCCH6qHYHM8mE2MPu21qu32z9+Zf7nV19ryamRE5u3Gr97fdH1nMmTjORowYGR1/2DJ08fe3HS7fv3m/f9fn3qlnz0csnTl199rxHrMPe0npFy0yEz7849d6mgyIb8nLfff9ra1unqM47zWR0bELe8/mLt+790d585HLivACpYMBM3jz47sjip2tB4YOZeCGYCSFEH9XuYCYAkCoGzASgETPxRjATQog+qt3BTAAgVTATMANm4oVgJoQQfVS7g5kAQKpgJmAGzMQLwUwIIfqodgczAYBUwUzADJiJF4KZEEL0Ue0OZgIAqYKZgBkwEy8EMyGE6KPaHcwEAFIFMwEzYCZeCGZCCNFHtTuYCQCkCmYCZsBMvBDMhBCij2p3MBMASBXMBMyAmXghmAkhRB/V7mAmAJAqmAmYATPxQjATQog+qt3BTAAgVTATMANm4oVgJoQQfVS7g5kAQKpgJmAGzMQLwUwIIfqodgczSZt/29g2N7+g1wLkHtJRpbvqtRmAmYAZMBMvBDMhhOij2h3MJG1O3BzTqwByFbPdFTMBM2AmXghmQgjRR7U7mAkApApmAmbATLwQzIQQoo9qdzATAEgVzATMgJl4IZgJIUQf1e5gJgCQKpgJmAEz8UIwE0KIPqrdwUwAIFUwEzADZuKFYCaEEH1Uu4OZAECqYCZgBszEC8FMCCH6qHYHMwGAVMFMwAyYiReCmRBC9FHtDmYCAKmCmYAZMBMvBDMhhOij2h3MBABSBTMBM2AmXghmQgjRR7U7mAkApApmAmbATLwQzIQQoo9qdzCTXGP3lz9MTk3rtQC5BGYCZsBMvBDMhBCij2p3MBMjbNtx7L1NB63ou1MBM4HcBzMBM2AmXghmQgjRR7U7mIlZ2p50nTl3Xa9NBcwEch/MBMyAmXghmAkhRB/V7mAmBnk1MbV732n5KuVff3uwo+n4e5sOXrv+SDa/OXxRsv/g+aY9J6UwNDyuyrOzc9Ls/c2Htm4/qk5imcmmrYdt5wbIITATMANm4oVgJoQQfVS7g5kYZPPHLSd++E2r3Lbz22jcTKy7vKTsXFcZGBw9c/5GdNFMPvyoWWsAkDtgJmAGzMQLwUwIIfqodgczMcW5H2/df/DM2rx998lne09Zj52IjYhyqF1Stu7Xmp9fkGabtrVIM2Um/9x6WLSk++Xg4pkAcg7MBMyAmXghmAkhRB/V7mAmptjyyRGrPDs7t2nr4YuX74iBKCFxM5Pmo5elWV/fsNQoM/lgS/PlK/d27zu9eDKAnAMzATNgJl4IZkII0Ue1O5iJES79fPfWnTZr82l799VrD1X5gy2Hou5mYj1Mcvd+u/1urmvXH9lXYAByCmNmsnZtXXm40ucPrFpdXllVo++GQgcz8UIwE0KIPqrdwUyMYP/IYHX71udfnHp/8yH52nzkctTdTF50D0gzSWdXn91MpPDxrm9nZ+dUM4CcwpiZiJPYEw5X6i2goMFMvBDMhBCij2p3MBMASBUDZqJUpLpmrb2ypLRMKu01UNhgJl4IZkII0Ue1O5gJAKRKpmYiQrJqdbleG0fqNV1JntCqkL8o4CsKBsPV+j7ISTATLwQzIYToo9odzAQAUiVTMykpLVu3br1eG0fqZa8MYH3HO1kX8RWXBcNVkYo1/pIKfS8sy4aqv+f/GGbihWAmhBB9VLuDmQBAqmRqJj5/oKZmnbqhy6oMBCqs+oo1VbbmSREuDazT67JIxapCu+ssVPI3/IswEy8EMyGE6KPaHcwEAFLFgJmEyta81UxU/epA2NY8KSKrA9X6Qku1L5i4rSvgD5SE6+KF4NpIOPbSRcGaDfF9VWFfUUUkGHvEJVBRax1cEa8pDkRq6tV5q0M1jQ3rYp8kVr829lV7/3nPhtqisjf//JUBM/FCMBNCiD6q3cFMACBVMjWTiooq5SFOM3HWJ01DcVHswFDEekzlrWbyRmD86lWqYqKSOCAUrIjfZSaFiPKWhtpQcUDV+fzBQJWqjZ1HFQqKDbUrvHKCmXghmAkhRB/V7mAmAJAqmZqJIN9tSleV2w2krDwim1Kfrpkk2FhX5SsqixffbiZWy8pg/AawmJmEFuuqVbNS+xuoCodif2olsUtRkGZSXxX2F7/9kwmyBGbihWAmhBB9VLuDmQBAqhgwE0FG6ZrIkg/RUp/KlaGZCEWJw99lJgGHmTR42UwaREvCtYlFoZUBM/FCMBNCiD6q3cFMACBVzJiJG5mbic8fjP+3zrdK/enGBp/NTCo3JprZ7+ZSdZWBN3dzqYL9bi67mZSt7F1P2SemJXpd9sFMvBDMhBCij2p3MJO0mZtf0KsAchWz3dWkmaxaHbuny1IRdTdXGk/AV5bFHliX+EvLrF/714RjJy8ORMKlb8ykpsLxBLw/pJ53tz8BH4mfsDiwpmp94gl4u5k0bqjN3KByiA0r+cFmb8BMvBDMhBCij2p3MJO0+beNbWZnewBZQjqqdFe9NgNMmon1yLs9VdXZ+pCot9yFteQ5E1hRMBMvBDMhhOij2h3MJG3O3B3/1+rH/1JFSK5HOqp0V70HZ4BJM1lhMJOcAjPxQjATQog+qt3BTAAgVTATMANm4oVgJoQQfVS7g5kAQKrksZlAToGZeCGYCSFEH9XuYCYAkCqYCZgBM/FCMBNCiD6q3cFMACBVMBMwA2bihWAmhBB9VLuDmQBAqmAmYAbMxAvBTAgh+qh2BzMBgFTBTMAMmIkXgpkQQvRR7Q5mAgCpgpmAGTATLwQzIYToo9odzAQAUgUzATNgJl4IZkII0Ue1O5gJAKQKZgJmwEy8EMyEEKKPancwEwBIFcwEzICZeCGYCSFEH9XuYCYAkCqYCZgBM/FCMBNCiD6q3cFMACBVMBMwA2bihWAmhBB9VLuDmQBAqmAmYAbMxAvBTAgh+qh2BzMBgFTBTMAMmIkXgpkQQvRR7Q5mAgCpgpmAGTATLwQzIYToo9odzAQAUgUzATNgJl4IZkII0Ue1O5hJ2ty60/bepoMqu7/8Qd+9LF0v+rduPyqFM+dvDA6NaXvvP3j27HmPVgmQO2AmYAbMxAvBTAgh+qh2BzNJGzGTp+3dem2KaGbyzeGLH37ULJ7z6Z6TIjy2hgA5BGYCZsBMvBDMhBCij2p3MJO0cZpJ85HLA4Oj728+dO7HW0PD4/sPnv9gS7MUZNeT9u4vD5wV2Th2/IpsyoGbth6OOsxkema2r39k/8ELx09eHY4fCJCDYCZgBszEC8FMCCH6qHYHM0kbp5n8c+vhR60dUjjy7c83b/+pKrfuOGZvc7Dl0uTUtJuZCB/v+lYO3/vVGZEcez1A7oCZgBkwEy8EMyGE6KPaHcwkbcRMxCuu32yVKIvY/eUPYh3Rpb6hDKTrRb84iXooZXkzAch9MBMwA2bihWAmhBB9VLuDmaSNc81kGTP58KPmQy2XRscmZBdmAvkOZgJmwEy8EMyEEKKPancwk7RJ3kykcv835+fm5mVze9NxzATyHcwEzICZeCGYCSFEH9XuYCZpY7+b68Gj51F3M5GvH2xp/vHS7bv327d8fAQzgXwHMwEzYCZeCGZCCNFHtTuYCQCkCmYCZsBMvBDMhBCij2p3MBMASBXMBMyAmXghmAkhRB/V7mAmAJAqmAmYATPxQjATQog+qt3BTAAgVTATMANm4oVgJoQQfVS7g5kAQKpgJmAGzMQLwUwIIfqodgczAYBUyaaZrK9t0KugYMFMvBDMhBCij2p3MBMASJVsmUkkEPSVlpWE6/Qd2cfnD+tVkH0wEy8EMyGE6KPaHcwEAFIlK2ZSVV7uKwo2NFanaSZ1EZ8/UFqx3l5X7A8EquwVrqRkJqHiQL1eB+mAmXghmAkhRB/V7mAmAJAqmZpJUVFALGJJioK169VtXOmbyepAuc8ffFPTUFsaqjBmJtUV6/SqAmJDbVFZrV6ZfTATLwQzIYToo9odzAQAUiVDM6ldqiVldfUbbXuri4KVNQlLSYW6SCBSvbooYFVsrCyvqI6YMpPqULCQzaSxMVTy5n/dioGZeCGYCSFEH9XuYCZpc+bu+L9WP/6XKkJyPdJRpbvqPTgDMjST6qVmoilBfG9xxdLKJKiLS0hNRbA6bjXrK0v9gcaqsDITsRR/abh2fd3q4kBl3IPWhUPhYLBMvvvFb8xSbyNQHFirnGhDta+4vLqmpqgo4A9WNzZsLCsN1NTHkJ3hUjWJr5OCvygUqawOlgTK18brGmp9pRXSbG1l2B9MzopyBpGTFV45wUy8kMzNBAC8A2aSNidujulVALmK2e6aoZlk624uJSG+onL5Wl4S8IdqLTNxNhMzSbhEHDET0ZLKDYnNkLX2Uhcp8cfKIiHWmondTBbfa51PBCZ+2srFZj5/aLGYLzTUR8or1qW+YJUumIkXgpkAQPJgJgCQKpmaSWN8cq+cpK6hobYyElwVlHJNfUPmZhJbKok9+x6MiYdlJvW1FWXl/rgRWWZiKURjzCJib8DaLF0qTo3uZrJYlzCT+jVl1tv3FaW+8vO3Ul8V9hfHvG7FwEy8EMwEAJIHMwGAVDFgJoHEpH/JqkJGnxq8aCYbI+UV62sTH9KVMJONIgnqJq/GtYln4h1mEm5sXO8rTtxa9mbNZJEkzURYpVaEistWbunBBKIl4drFNaOVAjPxQjATAEgezAQAUsWAmVSHYmsU9mWKBGn/pcVFM2lsbJDTJp6pX1wzkZriUNXamipfSdDdTBo3VIUTXrSh2lcUjFRWV5SXl5aUScXa8uCq8uq19es2vsNMaopCK/qohhHqq8pXXksaMRNvBDMBgOTBTAAgVQyYSWNNhT9uJpWxO7hM8MZMGv2W8CyaSVV5WezhlqJgXcPaZcwkbjXBsvhT8JGyMnl7/uJQaVn8gIb16mawuneYScyLVPyl+XM314a/54PHMBMvBDMBgOTBTAAgVUyYidBQV1YWMSUmOUKJ/Q+qVJWnd2Oad8BMvBDMBACSBzMBgFQxZCaFSLA4UFGzrr6+vq625i33qsFSMBMvBDMBgOTBTAAgVTATd+prE5+JXBSsqIn/qRRwBzPxQjATAEgezAQAUgUzATNgJl4IZgIAyYOZAECqYCZgBszEC8l9MxkYHD1x6qpeCwUKlzvHwUwAIFUwEzADZuKFZG4mT9u739t00Nr85vDFyalp2/70GRufnJ6ZlbPdutM2ODQ2Nzevt4Cc4c+2rg8/atZrU+Rxa4d1uVvbOvXdkANgJrnG7i9/MPUtNxOOn/xV3ob8ONi09bC+DzwPZgJmwEy8ECNmcvvuk4Mtl9SmZSYve4Y2bWv5YEvz0PC4bMpc8869p5/s+m5703HZfPj4ufjMuR9vqaOkjcxrZW/ipHHm5xfkqMtX7jXtOSkF+y7INeSyXrx8p6d3SG1u23FMXeKTp6/JZvPRy1K+frNV7f31twfvbz60dfvRa9cfWWcQhkfGrcudC5MtcIKZGEG+GcpwkPx+43GGU3mnmXR29cv30r6+4YHBUTm/+pa7MmAm8FYwEzADZuKFGDETifX7cstM7j94dvd++41brQcOXYjGzeTod1da2zq/bv7x51/uy09T+cEp01N11I6m449aO2QWa01eFdLmk0+/27GCP1khPf659fDzjt6r1x6qTTETmRvJ1ZRJkvjGzs9PyKWUKYu6viIqL7oH5Os/HZMYLneOg5mYpe1J15lz1/XaVNDM5Nnzni2fHJmdnbNq5PuqKIq1mVUwE3grmAmYATPxQkyZSUdn3+FjP83NzTvv5pJJanTRTKQge0VO1C7VeGpquvnIZVWzeVuL/GRdPDR2h8CZ8zeGh8cfPn5uVUKuIU4ilyka9xNVoy66Yve+06og3iLX16qXSy+TKmtTkJ7A5c5xMBODnL1w0xoyIuqyKcauauR745cHzsrXB4+ey9c9+06r8uvpGdVM2v/Z1hVdNBNxfrUELWLf1z8izTZ/HFuybtpzUio/3f29+MlwfPk6Gv82K18//Kj5xA+/yfdb6/dKUn/x8p1HrR1ybPuzl1Ijr/vb74+kUt7V3q/O9PUNyy71yybt9wvqm7nTTOTngnznl7c3PBJ7dXktOUrOoH5JIe2PHb8i30Dkbcib3Pf1OfV/QP3ToGDATMAMmIkXYspMovGfYfJD8cSpq/Lzqe3pC/kB1trWOT+/YJmJmrzKXvkZpo5VP8xkl/yAlK8S+dlp/20f5D7j45O7dn//3qaDKmr2YzcTKauLa11fmbvIFMdpJpD7YCamkP4vc/HRsQmtXg0K+d64bee3qkbKzkWPybjGR+Ptf7n6hwiAqlTrlh9tPypfnzx9oVYgd352Ym5ufv835+Xr6OgrsZRbd9pkrzqVlMVGpLDlkyOqRlxCHWgtYMprqfcgje3uYY1iNzPZavtWYH9R0Q95UWl/+co9VWN905ATWj8joDDATMAMmIkXYtBM2p+9FBuRH2Dy80l+sFk3N7/TTCZtqyiQd9y93/7BlmZ107x46W+/xx4dWbJmslQ/Orv6L16+IwWxlI93JeZekC9gJqY49+Ot+w+eWZu37z75bO8ppffR+PdGa+DYF6Ln5xek2aZtLdLMWqj88KPm7peDUhbrkNl/dHEASlkVdnx2IhoXj+cdvTJg/2zrkmOth/fkG7j9qGjcQ1TZeg9We8tM5A2rt2G94beaiX34219UmsmprJeOYiYFDWYCZsBMvBCDZiK8mpiSn1Ly80mmp+9vPtTXN/zF/rPvNBMpNO05ef7irXt/tDcfuWz9DIa84KPtR5VpKMROZfZjN5PRsQl1k97pc9fl+konESGRviHzJOdzJpDjYCZGeD09Y3+eytJ1Qem6m5lYyxoi9taaiexVSxPWmomcfCy+mPnJru86u/p+/e1BNP7AiXynVUsxd+49da6ZWDdbWmsmbmbi/P2Cm5nY10zsL2qtmWAmXgAzATNgJl5I5mYCAN4BMzGC+Pxvvz9SK40SpesPHj1XT3RE3c1E1EKaKbG3m8ns7Nwnn8Y+21DEQ62fOFE3dKmnRKLxRz4OH/vpeUev9ZzJB1uaT525Zn/OxM1MnL9f0Mxk977TakWo+ejlE6eu3vujXQRJveiL7oFDLZes50wwEy+AmYAZMBMvBDMBgOTBTIxgPZdl3Q31+Ren3t98SL6qjwNxMxOZ1ksziUz07WYSjS+2iJ/sP3heTqIaO7l67eHd++2q/MfDv3Y0HZdTPY4vmETjbvDF/rPq5KrGzUyii29YWlpv2G4m4jydXf3R+OrQ1u1HpWVv33A0/qLy71XP5UcxE8+AmYAZMBMvBDMBgOTBTHKf+fmFvV+dEQHY8vERa4VE6Osf0f5mlIb9JkwAg2AmYAbMxAvBTAAgeTCTPKV/YOTzL35Qd3y5gZlAlsBMwAyYiReCmQBA8mAmAJAqmAmYATPxQjATAEgezAQAUgUzATNgJl4IZgIAyYOZAECqYCZgBszEC8FMACB5MBMASBXMBMyAmXghmAkAJA9mAgCpgpmAGTATLwQzAYDkwUwAIFUwEzADZuKFZG4mU9Nz3QMTJE8jl0+/oikyMDLlPC3Jl8jlm5md1y+qO5gJAKQKZgJmwEy8ECNmoldB/sDlA/ETvcodzCRtTtyM/Q11gLzAbHfFTMAMmIkXkrmZAEBeg5moZNtM/m1j29z8gl4LkHtIR5XuqtdmAGYCZsBMvBDMBMDjYCYq2TYTAM+CmYAZMBMvBDMB8DiYiQpmApAlMBMwA2bihWAmAB4HM1HBTACyBGYCZsBMvBDMBMDjYCYqmAlAlsBMwAyYiReCmQB4HMxEBTMByBKYCZgBM/FCMBMAj4OZqGAmAFkiYzNZXxsMhVXWNyTqqsIVqqbKqoJCBzPxQjATAI+DmahgJgBZIlMzWRcO+fwBlfC6RGVxUaKmJFy3pDUULpiJF4KZAHgczEQFMwHIEsbMZKmENLytMlXW+0rW6HWQq2AmXghmAuBxMBMVzAQgS5gwk6Lg6lC5eEigqj5e1+CPaUmwqCgjM6kOBUOrAnot5CqYiRdi1kympqafd/ZZmwODY8Mjr2z7wXO86OnveNGr10IugZmoYCYAWSJTM6mrCAWrNlg2IoX6qrCylA1V4ZKKdM2koTZYFKhfUxbZqO+B3AQz8UKMm8lfHb2vp2fUJmbicWbn5h49ef6w7S99B+QSmIkKZgKQJTI1ExtKTmJZXDxJn0gg4FtV2di4Mf41TlW4PBwKhqsq18a2wqWBYEV1pKLCVxpZF3/Mvrw0GKlZV7+uVt6AdR5YMTATL8S4mfT2DXd0JZZNLDN58XLweWefSMuriSnZlAZSLzWdL/rnFxb6B0Zll3yVXbHNwdimHGI7MeQlzzq77z58cu/RU7X59PmLP1rb/2zvvPPwiWx2dvfJrtsP2sbGEzPjx0+e3/rjT0xmhcFMVDATgCxh0Ewa15YnnjnJ/AO5Sv2B1ZWx5RJ/bB0mTlXYVxy2Gvj8IVXwL7a0qFgVSHelBtIHM/FCjJtJT9xMZmZmo0vMZGBwaGxgcPRF94BsipN09wyOjE6ImYjJdHUPjI5NPO+M3fPT2z8iWjI2PtnR1T85Nb309JBn3G9tf/TkeWt7x8RkzEjFTKTmwZ/PXvT0y6Y4yZO/ul72Df7x5zPVXhqPjk/cffRkdm7OdhpIB5kBfLoUqdEbxcFMVDATgCyRsZk0JKxA3cS1OlS+eFtXjI1pOso6ZTgq1eokVWHbQyuxhZE3CVZLVV3lmqLiRM3ih4TByoGZeCHZMJPX0zMiJ+Ovppx3c3XEn0IRMxEDkcKrV1M9vcNql1iK2jUyGjtkcvI1yyZ5zcLCgjjG6Pir8YlJUY5o3EzERtRekZP+wVgfEO4/breOErpe9o8urqJAJtjlxE1LopjJYjATgCyRqZlk4wn46lAwfseWYp0vUB2znyVmUu8rjbxpIqytKK1Yr4qR1ZjJ3wBm4oVkw0yk0Ns3/FdH79DwuJiJpKt7QMpzc/OWmYi0RJWZxNtHl5qJ1EsmJ1kzyWOev+i99cefVqJxMxFXUXulLGYiBqIiNb0DQw/+fDb+ahIzMYiSE712KZiJCmYCkCVMmEli7WLxtqvF9RNfup8avLpoyYMiPn9ZTDqWmEmj/eViVIdXVyUWaEqLMJO/AczEC8mSmUihS2aeQ7E1k+6eQfV4SdS2ZrKMmfDQfGEgmiFy0tndF3ue5PHTianXdjPpetknKmJv39reMfYqNkVu7+jGTAxyw321RIGZqGAmAFnCnJkUvVGFDRmZyfo3T73HqVgViP1hk6Vm0thQX1IcjL1EMFIdXywJlMY2/SXlGyLlmMnKg5l4IVkyk2j8Wfa/OnpFM/oHRl/2DI2NT3Z1D7zTTPoGYmdq6MUAABipSURBVM+ZDAyN9Q+MiNgkzgt5iPXguyDKIeJhN5No/DmTB21/9Q+OqEfeO170/vmss6d/6M7DNsxkJcFMVPLLTE6fu97Tu8TtAXKWTM2kcX1tMBRWWb/4VElVuELVVFlVUOhgJl6IWTMBgLwDM1FZATOZm5s/cOjC/m/O6ztS4Wl7d2/f8K07bZNT021PX+i7AXKPjM0EIA5m4oVgJgAeBzNRWQEz6ekd2rbj2Efbj+o7UmH3lz+8t+ngZ3tP7fzshBT03QC5B2YCZsBMvBDMBMDjYCYqK2AmTXtOHjh04ci3P4+PT8rmmfM3pGbPvtN37sVufbz0892Tp689au3Yve+0av9184+DQ2MiM3Nz8/bzCDuajn/y6XdaJUBugpmAGTATLwQzAfA4mInKCpjJtp3fDgyOjo6+Ej+Jxs1k09bDapfIyeaPW1R51+7vrUOEW3fatIfuHrd29PQOiclM8UefIB/ATMAMmIkXgpkAeBzMRCXbZiIuceTbn1VZ3dAlZrJtxzFVI+X3Nh20oiq/PfHL+5sPySYfBwJ5DWYCZsBMvBDMBMDjYCYq2TaTvV+duXrt4fWbrZIdTcdfTUzZzeTWnbZN2xJrJoqj310ZHh6XwvmLtzATyGswEzADZuKFYCYAHgczUcm2mfxz8cYt4eLlO3+2ddnNpKd3aOuOY7Ozc1abbw5fVI+jiNJgJpDXYCZgBszEC8FMADwOZqKSVTMZHh4/efqavUY8xG4miqY9J9/bdFA9hSKWsvnjFok4DGYCeQ1mAmbATLwQzATA42AmKlk1EwAvg5mAGTATLwQzAfA4mIkKZgKQJTATMANm4oVkbiZT029ujIa8g8sHmIkKZgKQJTATMANm4oUYMROZ2ZA8TeZmMjAy5TwtyZfI5ZuZ1f+K3zJgJgCQKpgJmAEz8UIyNxMA8A6YCQCkCmYCZsBMvBDMBACSBzMBgFTBTMAMmIkXgpkAQPJgJgCQKpgJmAEz8UIwEwBIHswEAFIFMwEzYCZeCGYCAMmDmQBAqmAmYAbMxAvBTAAgeTATAEgVzATMgJl4IZgJACQPZpI2Lwcn+gZHegeGSYFFLqtc3B+ez/zHz4f+0VQgkX+L3oMzADMBM2AmXghmAgDJg5mkDVpSwJGL+x8ck/t8j96DMwAzATNgJl4IZgIAyYOZpI1zOksKKc6Zfb5H78EZgJmAGTATLwQzAYDkwUzSxjmXJYUU58w+36P34AzATMAMmIkXgpkAQPJgJmnjnMuSQopzZp/v0XtwBmAmYAbMxAvBTAAgeTCTtHHOZUkhxTmzz/foPTgDMBMwA2bihWAmAJA8mEnaOOeypJDinNnne/QenAGYCZgBM/FCMBMASB7MJG2cc1lSSHHO7PM9eg/OAMwEzICZeCGYCQAkD2aSNs65LCmkOGf2+R69B2cAZgJmwEy8EMwEAJIHM0kb51yWFFKcM/t8j96DMwAzATNgJl7IypjJ6NhE056TUnja3n3rTpt91+DQ2LYdx6Rw5dc/BgZH7bsgH7Eu6N/OlwfOTk5N67WQGZhJ2jjnsqSQ4pzZ53v0HpwBmAmYQb5BYyYFn8zNRGTjl98ePO/o/ebwxfc3H3o9PaO3sLGMmUCeIrP/3V/+cP1mq4qRC7pp62HpVC3HfvqzrUvbdeb8Dfv5paXWo5xIz9SrIF0wk7RxzmVJIcU5s8/36D04AzATMA9mUqgxYibW1FAKd+49lbmpTB9VjRRk05qt2ht//sUpMZk/n3Tt2v39kpY7j139/eF7mw4ePvaTavmie+CDLc1SI8l81gtmUWZibdrN5OLlO1u3H5VrJ1dQ1QwNj3/4UfPmj1umFlczRBv2HzzftOfkq4kpVTM9M7v/m/Nzc/M9vUOXr9xTlRZuZtJ85LLqUWp1TpB3Je9t52cnVM+xDoFMwEzSxjmX3blz5759XznrST7GObNfPtHp2cqLr44PLTx+NJaoGZ12NntbxqLzUUel+eg9OAMwEzAPZlKoMWsmV6897OzqT8ZM+vqGd35+Qr5u+eTIP7ce1lrK5HJgcFQmnTI9lV3bm44PD49fv9m6Kd4Scgo3M5FrJ9dL5ORRa4eoiNTINZVLefd++5Wrf+zed1q1//LAWZGTB4+eq2ut2Lytpe1Jl8hG98tBq1LhZiabtrVc/Cn2WrF+1T8SXTSTlz1D4jnyrqxDIBMwk7TRJrIdL14ebjny+e7dzjkuycc4Z/bLR8wkXhiPjs38u2Pvcrk4c/nF3IfOetPRe3AGGDMTvz/gc0RvBN4AMynUGDET9TtpcYxrNx5H43PT5c1kYvL1Z3tPqQY9vUMfbT/qbBmNr8BIeymoBsLXzT9Oz8yqMuQIykysFS3rCsoFtR4ckrJcaGkmV1DVSFmpyLadb1kEO3z0spytta1T3+FuJjuajqsaq/spM5FwN5dBMJO00SayLS1HRE4u/Hip9Um7bJ45e+6rr/Z/883Ba9dvyGZTU9PFyz/9cvXasW+/lU35evbc+cd/PpF655yY5EKcM/vls2gmY9Hh1/9Z1Qy/VrtGotFrf0wU/fI6OjrtlJZrM9F/NI1EBxJH/aNpsmd0ft/vryovjsvmmYlo009j+wYWonNzqv2ZlzMf/jK+/o/Zv54kFmeSjN6DM8CQmaxdIx6yOhQOWlkV9PlDerMUaKhfW+UviulNaShSvV7fvQzh0kCktq5y7UafPxiq1fcawVdUrleBDcykUGPETKw1k+cdvSdPX3unmdj1wz6RdTOTJ09fyDx16/ajV39/qHZB7uC2ZiI+YD2Ari6l1Fsdw9prP1ax7+tz6s6uz784JXJy4NAF+8NLbmZinQczySqYSdpoE1nlGC96+kVIeuNmYlnH2fMX2p93qrK2qHLg66+185AciXNmv3wS3WIq4Q+xmjdmsrDYZm6f88CxGfl6dz7611NlGpNTvVNv9iaE55Uoin7g4vmTzJLumxmGzKQqrK2Q1JYHfaWRyvKK6o326mSpDInYBALllZFIxF9UHtmgN1iGosV34isKlq9dus8QmMnyYCaFGrNmMjo2IbNAu5mcOHXVaSb2NZOBwdGt7zKTb0/8svyD9fA34mYm5y/e0tdM9p12rpk4zcTqAOInIh7aLXxXrz3c8skRa3PTthYR1yhmslJgJmljn8V2vHj5zTcHVXnXp5/2xs1kz569qqblyNGdNqTmt9+v7z9wwNokORjnzH75xJ8zia1yvKlJxkwOvn7TpSZiiiJmMvJi8s1JbKia433zIzMLse28NpP6NeWxe7eKgm8WTEIxUSlbK5JQVpHKckeC9ZW+1VWpyMgSMlurccWfndMWJJhJocaImfzy2wOZDspMdPO2ls6u/mj8N9k/XbnX2tb5ya7vnGYihY7Ovk93f9/XN/zR9qPO50zUmS0zufTzXXWz0IcfNVtPTkOO4GYmglzZU2euSTdQz5mIaYic3LjV+tvvj6znTJxmcvbCzQOHLvx2/dGln+7KFZdoDc79eGvPvtPXb7bu/PxEW1xLou5mIgV5dT6Q2hSYSdrYZ7Hffnc8drPWr79JDnz9deuTdruZSPlJ+3Or8cPHbRd+vKTKe/cm2pBci3Nmv3wWFzdsNe82k7HmUWslZDJ+W1essNRM5m3th/7xaO7yVVWeyG8ziS2PiJkEqu2VUiPbvtLIOnttcqwLh8rettZRWVYmpy0qrYjUNagaX2llRbAsdtNXUbBe6jbWhlfH2qgFHFGUcF2sWX1NxPb0S7ixsdoXtN5tdYlq1FgdqmlcXRL0raqUjYa66uLiWPvIuthrVYVC6vDYvtiZw+pgefWi+KvXxF4+RsAfWF9VIS39tvfpNTCTQo0RM1HasGlbS/PRy6ry2PEr6iOY1Ed1Oc0kuvjZXKIo+785H13WTLbuOKY+kVampN+e+EXthRxhGTO5+vtD7bO5JiamtM/mcprJ7Ozctp3HpEeJtfb0DomonDx9TSrtbT7be0oaWP0tuqyZ7D94Xnqa1RIyATNJG/ssdveePVb52vWbP//yq91Mbt+9f/bceavB3fsPf7ryqyp/Gl9gITkY58x++aRjJpdmehZ3SdZ3zP/vWGGJmZyZiB6/PVF5cbKpI37+izMjL6aKjo00Dy3kt5m89dn3mBvURd4qGO8kXBpw+sz6irKytWqiv75iVaA6XlQGEmeDr6RClaw1k0Uz2egrWROvWFtWotq/3Ux8/uBi5RvkX6fa2pdilJlUh4LWbWah4oBaHBIzqVSVtRXWfWVeAzMp1GRuJtnm2fMeS2Zkeqo0BgD+FjCTtLHPYltajtg3m5qa7GYiufLr1S+++GLnzp3fHT8hm/sPHNi1a5d8PXrsmP1AkjtxzuzzPXoPzoCMzaSh1ukksayuEn/QGyeHHFil1zWGimxnq4uUrqlvtK1d2MsOM6n3lUbiFe8wk8VCnPrakpL4WpA/oN6N00xK7eJRFQ7VxP4beFNZbSt7C8ykUJP7ZiI0xz+pacvHRw62XNL3AcAKgpmkjXMuSwopzpl9vkfvwRmQqZlsiMQfMnFEzGFVuvPy2vK3PLmegZnE1j3qNjRUl4d8RWrXu8ykdk1xUaCiem19fX0JZpI6mEmhJi/MBAByBMwkbZxzWVJIcc7s8z16D86ATM0k4HASlQ2NDb7VzpWPJNng8wdXVSy5pWv9mrJQjfNurqTMJFis3aZV51tVqW6+WhcOOc0kXBpYXGZpWGbNpDoUtJ7vt9/NtdgKMyGFFswEAJIHM0kb51yWFFKcM/t8j96DMyBTMwkWBd76lHd9ZXlFbFUjXRrq10YqEn/PpKxGnammIvaRX7En4NclHu9I0kzKSxeVqSi4Pv52a8LlxYkn1+ucZiKvXlUee5K+JFRdVpIwE/Vcu1IR67UiZWXqPFXqvJhJHMykUIOZAEDyYCZp45zLkkKKc2af79F7cAZkaiYbqmPz9bcmrT9kkgUa6vyl4UhltaSirMyfpT++CDYwk0INZgIAyYOZpI1zLksKKc6Zfb5H78EZkKmZ5D5VocAbF2moy+AeM0gWzKRQg5kAQPJgJmnjnMuSQopzZp/v0XtwBhS+mYiOBEpjn7LlLw6VhtTfI4HsgpkUajATAEgezCRtnHNZUkhxzuzzPXoPzgAvmAmsNJhJoQYzAYDkwUzSxjmXJYUU58w+36P34AzATMA8mEmhBjMBgOTBTNLGOZclhZT/4JjZ53v0HpwBFy5cUFoiBcwEzICZFGoyN5Op6bnugQmSp5HLp1/RFJEzDIxMOc9M8iKpdgDMJG2cc1lSSPmvh0edk/u8jt6DM+Djjz9RZiIFzATMgJkUaoyYiV4F+UPmly/zM8DfiBJLvdYdzCRtBkcnnNNZUhiRiyuX+IfnM4WxciL/Cvm36D04A+wDDTMBM2AmhZrMzQQA8prugdikKkkwk7RhebmAwy9olsc+0DATMANmUqjBTAA8TjdmEk+2zQTAs9gHGmYCZsBMCjWYCYDHwUxUMBOALGEfaJgJmAEzKdRgJgAeBzNRwUwAsoR9oGEmYAbMpFCDmQB4HMxEBTMByBL2gYaZgBkwk0INZgLgcTATFcwEIEvYBxpmAmbATAo1mAmAx8FMVDATgCxhH2iYCZgBMynUYCYAHgczUcFMALKEfaBhJmAGzKRQg5kAeBzMRAUzAcgS9oGGmYAZMJNCDWYC4HEwExXMBCBL2AcaZgJmwEwKNWbNZGpq+q+OXsnzzr4XLwf13XFGxyb6B0alIA2kvX2XVdPR1WevhzxCdQCVV6+mOjozupQTk6/lPB1d/UPD49qugcGx4ZFX1qbbC8kZenqH9FqwgZmoYCYAWcI+0DATMANmUqgxbiaWkMissbdveOn+JSxjJpC/dL7oty5i5maiHFX60nPHeZI0Ews5g709WGAmKpgJQJawDzTMBMyAmRRqsmcmMiuVsnztWfQTKcimzA5lThm1ecjU69hKi0wcX/YMJdZM4rNMmZXKIVIveT09IzUzM7NSVr+Pt04LOYWbmcjlVldZLrdszi8syPWVGmmvGsS6x8SU1IyNT6qaaKwPxPYODY8naSbyKhI5p5xH7VU9sKd3WHWbdwqMB8FMVDATgCxhH2iYCZgBMynUZMlMZIr54uXA+Kupd5rJ4PC4zBdVg9i01WYmlpDILFbNd61ZrHOeCjnCW83kZe/Q2FjCN9S1k69yWaNx21SXVbqH8w5A6UIiMOIn1uEWbmZi707SxuqBrJm4gZmorIyZfPX49f+zZ/gfTUOE5Gb+v29jP6DNYh9omAmYATMp1Bg3k67uAZkL9g+Mdr3ol4ngO81E/YZbNXjznMni5DVx3sUameAODI1NTL5Wv0qHHEREom9gpH9wdGBw1DIT+0qFusr2GnWhVfewKq1dch7pIePxXfbr7mYmVneSGnVOzGR5MBOVbJvJ3YE55yyQkNyMdFe9B2eAfaBhJmAGzKRQY9xMrF97v56ekTmiWTORc6p7csZf6b9BhxzhrWsm6ZmJKKjqTvFlk77JqenunjeLKpiJKTATlWybyX85NOqc/xGSm5HuqvfgDLAPNMwEzICZFGqyayZd/a8mpl72JD4ZKbbpMJPBoTHr9huZfS5vJnLg6FgKsyhYed5qJuIG2t1ccq2dd3NpZiLX2tLaiYnYh3TZ90rX6uoeUGX1AFIUM0kLzEQl22binPwRksvRe3AG2AcaZgJmwEwKNcbNRK1pqCeb1dSzuyfx6PPAUOym/2WegO8bGFnGTMZfTck5+wdG+wdHZUqKouQmbzWTqK0b2J6Ajz2nbomE00wE0drYY+tdfS97h9SKmepUitHRCdXZLEVZxkyk58ircx+gE8xEBTMhxB69B2eAfaBhJmAGzKRQY9ZMsorMTTsXp5WiJUpvACBDMBMVzIQQe/QenAH2gYaZgBkwk0JNHpnJwGDsd97jr6YkUpiZmdVbAEDqYCYqmAkh9ug9OAPsAw0zATNgJoWaPDKT+YWF/sFRdfdO38CIvhsA0gIzUcFMCLFH78EZYB9omAmYATMp1OSRmQBANsBMVDATQuzRe3AG2AcaZgJmwEwKNZgJgMfBTFQwE0Ls0XtwBtgHGmYCZsBMCjWYCYDHwUxUMBNC7NF7cAbYB1o6ZrKxusLnDyxNuH5dnd4OvARmUqjBTAA8DmaigpkQYo/egzPAPtDSMZN14ZDTTKSyKFStNwXPgJkUajATAI+DmahgJoTYo/fgDLAPNJNmIoUNelvwCphJoQYzAfA4mIkKZpIv+ffvxy51zTrridnoPTgD7APNsJmkLyd1kaJgZaSyOhKJpH8S+PvATAo1mAmAx8FMVDCTXMhXj1//+nK28eeJg23T/+3YmLPBP1I3k9HpBVVoevDauZe4Re/BGWAfaKbMJBAMhVXKq+v1A5KhLlISXnxSZV2kpMLkUyt+f0ivAtNgJoWazM2kZzCFaQ3kGplfPjnD1PScXgt5QqqXDzNJG+fMjzjzYHDuvxwatdeMzyy8f3NKCvsev665+OofcTO52jM7Ox/tmZj/H1cnVbPfe2M1wpePXr+aWZiej17onLHOIF+LT4+rC6HORt4Ze+/NEPtAM2YmVt4IRkrYzaTujZlUBMvknKvDtfUNsc1waaC+ek3shYqClevjVTEaSkuDMTuqXDxDVbi6saG4KFC6Zm1VKPFuK20nLCotsw4GI2AmhZrMzUSmNd0DEyRPk9Ks9K3IGQZGppxnJnmRVDsAZpI2zpkfcebr1ukTz2b+04ERq+atZjIzH/X/MC5+8ipuHZKFaLTu8oRkfiG66fbU0afT0sY6gyo8GprTXo4sE70HZ4B9oOWemTRsKClK3M1VHQpWxkvrK0Qngo1xM6lYnziitCgQ31dZ6o8XpLimLFQTN46qsK84nGjX2Oiz1kzqIoEqqxpMgpkUajI3EwDwDphJ2jhnfuStCZwdv9g1Mzsf/X/3Dv/DxUx+epG4m8uSjdbhRMHpIc4akkz0HpwB9oGWQ2ZinaG0LPEZXyHlHvG9JXH9iK2ZLB4RWR2QdvVryt6IR0O1P1QbK1SFV1duXGxoM5OGWl/JG2MBg2AmhRrMBACSBzNJG+fMjyyTqy9n/+fvsTu13mom1nMmIhv//3exx1GW8RBnDUkmeg/OAPtAyyEzSRy4ocofM44Ypf5AvY3GuJlYR8jbqIyvq/j8lmzU+VZVxtpVhe3v4o2ZxGioKCvzFfHkiWEwk0INZgIAyYOZpI1z5keWyX//dWLvo9gD669mFj68FTOTuwNzlpl0jM9LIXTuVf+Ubh1OD3HWkGSi9+AMsA+03DOTxsaykkBt/J4ssY7wuiXPg4iZWKdXqyixu7kWl1bWrykLVifu5nI3kxjKasAgmEmhBjMBgOTBTNLGOfMjzlztmVX/u37vTayK/J8bk0OvF+YWonsevlkzkbL2BPwyHmLV+H8YX4hG/1d8KYa8M0v7b0bYB9r/BUyoT7LwHK8RAAAAAElFTkSuQmCC" alt="Screenshot" width="100%" ></p>
<p><img src="data:image/png;base64,iVBORw0KGgoAAAANSUhEUgAABDMAAAIGCAIAAADGMlPIAACAAElEQVR4Xuy9iX8cxZ3/vf/K87xe+0ds7pUtG9/Y0kgjzYzmHmkOXc/yS7K/ze5Cjg0JAXMEAgQICU7MZQwmJJwhBG8cDAZjY8uyrtHp27Jsy7J8SM+36ttd01M9M5rR9MiS5vPm+xLd1dXVPYer6z1V1f1P/+9TAwgEAoFAIBAIBGL1x5P0t///eWrQTOnPlcEagznylBzWI8owjpKV+PWfvfNPtj0RCAQCgUAgEAjEaoxlbCbRV4/9UzcATpBMdehJAAAAwCqiq6urs7Ozvb09kUi0trZGo9F5AFYac3Pzt+fmb83Nz96au3rj9qXrty/O3Do7fevU1Ztjl2+OXr45cvlmeurG4KUb/ZOzfZM3KE5enO29MHtCRo8Zx88XCpWtx9yRSui7KEqjYgcmbwxN3UhfujEydWP08o23//75u38/9ME/Pv/rJ5/DTIAzwEwAAACsYrokbCbxeJy0JBwO640+AFYCt+fmbs3N3bw9P3Nz7srs7cuztyev3z537eaZ6Vunr94kRZm4cnP8irAU0gZ2leEpoStDl2RMiSB1KRycjfLTjhRUwog0Hw4qn45Ch6ODvn/g8w8OHCIt+fggzAQ4BMwEAADAKobNpKOjI5VKtbW1kZYEAgG9xQfASmBubn5ufp7k5Mbtudlbc9dvzV27KfpPKK6ImCNXmZq9fen6rcmZWyQtIuTCxZlbF2fo7+0LM7eKCZmZ/spCzL+XrouSp64LI6JjkRrtP3iI4u+fHjrw6WcwE+AMMBMAAACrGGUmyWSytbU1FAr5/X69xQfACkGO6Zq7NTdPcnLjtvhLfjJz8/bMzbkZKSrTN25PS12ZlsZieMusDENgDI3JFZYMs5nduSgqluKajBlx0LkD0kn+IQNmApwBZgIAAGAVYzWTWCwWDAZ9Pp/e3ANgRcGdJ6QocuaJEBWKm7fnZNACewvHvAreVGRYdjSKMjeJo/ARD372mYhPKT6FmQBngJkAAABYxahJJolEIhqN+v1+r9erN/QAWLEIS7HH/MIhxSYT9gw5Ivson376mQJmApwBZgIAAGAVYzcTj8ejN+4AWO3o6lJELEjGS2AmwClgJgAAAFYxMBMAKgTMBDgPzAQAAMAqRjOTlpYWmAkAjgAzAc4DMwEAALCKsZtJc3Oz3sICAJROuWbS2dWd6OhqTRUR7UZ0dOmFgFUGzAQAAMAqBmYCQIUoy0w6Orv/pSH5NRWNqUy4VSTvCnRsCHR8rSn1teZ2jkACdrKagZkAAABYxcBMAKgQZZlJQ7ijsJl83Z1c15JKdXZ3dHWt8SaVmXzN066X5RBbtm5bf9cGCn2Do/AhKn2UlQvMBAAAwCoGZgJAhSjLTP7FlSxgJl93J4KJrvZOI3Oqs8tqJirdWf61Zs2/fO3rFPoGR+FDVPooK5fyzcTrC1gjGOfkhJZeKcFdFK51G/UkAAAAqxGYCQAVooJmsjEg9KPLHLfVnm0mFZptAjNZDpRvJnX1Hlej14gGjyfKybE6l5nY6K13eRLZe+Ug4atdt7XZEJtsumK16za6wnryooGZAABAlQAzAaBCVMpMNgZSpCIqJ/lJU2snzKRKcMJMfJmVaCBjJt6YmZoMuIsyk4bGHbUb3Hp6d3eobmPd8jaTcL3DBQIAAHAEmAkAOfn4449nZmbU6r59+27dumXZvjAVMZNabzJpaZqSlvjaOq0z4GEmq5tlZSbeRHescbN93FftthbXMjaTrlTLdkcLrDRdAABgolcQq44umAkANm7evPnfEpaTPXv20PLLL798/fp1PWt+KmImm4Md1mkknV3dtd5ERktgJqud5WYm3XGPPqCrK7Yj2KGZSdjbsHXj5tp1G+ta1FFECZQl5q3fdNfGWosqdCVCG2TK5rsbOUWaSdeObVvWr99Yu36zN5pSmYmQt5HTN2xrsKbXusJdyfCGDeK46zdsi/M7F/fSqgoja1f7ti1bRLaNW7fuaFo+l369SSIv2ACAakOvCJZPJVUBumAmAOTijTfeIBvZtWvX1NQUW0pJWjJfKTMJdVIDyzrD5NvNMJMqwgkz8YYjMSNaWjJm0hQ00yOexqLNhARgfb012bdNNPetZuLasDGuvpMd4bsaIsZywudybWvP/rrWrt/enMltQKXd5Qqp1Y5gvS/LTTJYT4ZcxVpU0ybTQxK+zdl9JrUbspRmOaDaH9wu6TBpBwBUH6oG0ERFrzhWBTATAPLBXSWL05J5Z83kW43xNU1t32yMf9OdaGrtSlrkJKXJSS4z2bbtbm7uRyIR1fSnqKt3Wau2NWvWWrdS1K5br7bazeRrX/8Gp3z7O9+Jx+Pf+Oa3eHX9XXepTRQ1a9aqXYim5mbtKNu371BbVSKv0ulZc67Wirh4yjcTxzDNRBvQVbutpTvLTGJ3NVr6SWjT+owhbGpus26KuTfnnFFvH81Vm2esmHdLJmftusz3ShD38gkvfzOxOgm3S1KpVFKSAABUH/zPn+oBJSrKT/TqY+UDMwEgH1Yzsc45KRLHzOTrDYmmWGco0emOdnzDndwc7AgnxTguVSPVRzqKNBMlDyrWrb+L89TXu7RNHI2NxhRnzUy8Pp/KQ1pCKapw+1Ea3UYhJC3aJg6qfTiDSuHVjRs3qZQNG/XmaRWyDM0ka0CXHMrVbTWTuLcuWyL8d2fMxGV2nzDNFq+wskgz0WbnqxO2mYlrw8ZQ0vbP5s7BF2bVScJCEpe0AQCqD/7nz4qiyYlefax8YCYA5OTGjRvsJPfddx/9femll/QcC+GYmbiinepeXJFkJ8nJJikniY5uTl7wrsHKTGT7flNdXb3VCihDOBy2pmgRjYnfvK1mYu0SoUqTj2IVkm9+69vbd+ywFqKdhj24hrWuWrXkLjx7UbIczSQzhirFQ7m6rWYSbrDO6+Aw9rOUwNgNhLGnZ8wkGaxdv8UbCPHVuslqJlssM2q6C5kJ0ZVq3bR+4+aGYNw+o39pUVflVCpFF2b69/Wb3/xmEZ22AIBVBtUDVBuwqHD/yarsOYGZAGDn1q1b1kFcPOfktddem52d1bPmxzEzcce6UpZZ70JOmoScNLV2USuqvbPb21asmTR7PCpRNfrpH7/VEOwZyENotcY0E2u0traq/MpMOD9BFai1WLVMOdVetevWcyJ5iDWPNaiSUvmrnPLNxPF5Jt3mKKx481YeytVtNZM2j6YfGWxmkpkKkk0BM9FmuVhLKMlMTLrinu36nP6lglsY3FtCzQ5qfNC/r8OHD+tVCwCgiqE6gdrrLCerclgXzASAnOzfv9/6MyXJyR27a/DWYGdre2bsVmdX9yZ/6tvNyY3BjpZ4VzjZvTGwwAx4ZSbxeKYlqNr9VjP5zr/WqAzf+vZ3VHq3pc9ExTe/9W2VudtiJmtra1WitQS1XFeXaU2q7ppvf+c71jwqrHNdgBNm4ui9uZi4p6mtu2HDRh7K1W01k66wStSxmUnYtTGnFBQyk2z92GbJuSgzIdo2e5N62pKgzIRHcJGW0FVZr1cAAFXPc889R/UDj+yS89FW1bAumAkAOZmbm9OTSsQxM/laQ6Iu3NXW3q2Ug+TkrhbxMPivuxMUGS3JYyZbTTNJpTK3NFJN/7jFTNS0E4IEQ6V35zITa9dHt8VMrIVYS1DLTU3NKgPJEidyT4t2iH8RZrJOZQbL1ExE38V263R27d5c2g24DGxm0t3dke/eXFpKxkzWbVWJ7eGGuzYUYSbdMbclGx3UstzdEW5wZzoClxQ2E9VhEolEQqGQXq8AAKqemZkZqh+0bhO9QlmxwEwAqBAOmknyX5tS4WS39RmLTbGObzUlvtbULsI5MyHbUBmsk0m6LWZinU8SiRgN2+5SzMTafHS7mzhxjbyFl8pjDap5Vf4qZ9maScOGjdY7+VrNpDseqN24o8EbpCtNJBTctH6bkZ7DTLr9O7bUrtsciLS2t8eb642baxUwE9/WjXXeEGV2b9tCVhPYUYyZ0OL27c1hMTFFrIXXb6kP0RHjMffdW9ev21juW7xYlJkkk8m2trZwOBwIBPR6BQAA5uepfqBaguoKmAkAoEicNBOKSLKrwzLbIpjoXNMcd8pM7t6+Xa1+81vf9vsDVv1wNYh7qqp5JrRMedRWJScLmsm3v/OvanXN2lpfS8sGyxx3nrJizW+9v/CatVm3Hq5alpGZAKexXo9jsRhpic/n0+sVAACYn6f6gWoJqiva5X26YCYAgAVx0kwC8axfRNo7u9eL0VxJp8ykO/vOWtb41rfF9I9u212D2+JxlSccFj9gL2gm1lUtVC+Klt/j8aoUyEm3E2aSmf4uo834RrRr6bjnwBLDHSZ8PY7H43w99ng8er0CAADz81Q/8Dx4ZSarRk5gJgBUCMfM5F+bk0l122Dxj7Y7lOiSWpJy0EziFtOwRjJpzAa2P2lRTZH/+je+GQqFijETv99v7W/h+NrXv6GqVC1/d/agMmP0TRVTvpmA5YlmJpFIBNdjAEA+qH7gqSYwEwBAkThmJp62LiUmQkuSUkvcqeLNpCTC4XBDYyNVefoGRwkGg41ud0uLX98ACgIzWa3wxZinv/MkE6/X29TUpNcrAAAwP0/1A081sT7YRK9WViYwEwAqhGNmUhfpireLOof8JJjo+lqjuCtX5cwELGdgJqsVzUxCoZDH43G73Xq9AgAA8/NUP1AtATMBABRPWWbyjYaMmXzHk/InxEMV29q7N8qbBcNMqhaYyWolp5k0Njbq9QoAAMBMAAClU5aZtHd2W2fAf92d+lZTiv5mOkzymElTK6Yur2ZgJqsVmAkAoHhgJgCAUinLTLrllJLWVFdR0W4EektWPTCT1QrMBABQPDATAECplGsmANiBmaxWYCYAgOKBmQAASgVmApwHZrJagZkAAIoHZgIAKBWYCXAemMlqBWYCACgemAkAoFRgJsB5YCarFZgJANXD7du39aQSgZkAAEoFZgKcB2ayWqm0mfT29tI1Xk8FACw5f/vb3/77v/97ZmaGV9944w1avXHjRnauBYCZAABKBWYCnAdmslpxxExqLPh8vtHRUbVp9+7dW7ZsseQtjQMHDqxbt258fFzfAAAoEVaRF154gZZnZ2f/W6JEpUhgJgCAUoGZAOeBmaxWnDKTc+fO0cLc3NxHH31Eq0899RQt6/lKh86ktrY2Ho/rGwAApbNnzx6ykfvuu29xWjIPMwEAlA7MBDgPzGS14qyZMD09PZTyt7/9zZJlMVy5cmXNmjXvvvsuleaI5wAAnnjiCdaSqakpfVsRwEwAAKUCMwHOAzNZrVTCTGiZUnbv3j0vh7Y3NTVx+vT09JYtW27fvh2Px9evX79x48b9+/ervewcPHiQzmR8fHzDhg3agC4qn/6eOXOGCvH5fCp9165dJDPbt2+///77M7nn52/evHnPPffQXlu3bh0cHLRuAqB6UIO4iJdeeknfXAQwEwBAqcBMgPPATFYrlTCTw4cPk0vQ33mbmVBOcokrV67Q6qVLl2j10KFDakcNOo0DBw7QwjPPPENeYd3EE1rcbjeVOTk5SSmnTp2ilO9///vzsuQf//jHd999t8r/3HPPHT16dF7KDO2L4WGgCrlx44bqLeFhXfRXz7QQMBMAQKnATIDzwExWK86aye3bt/fu3UurBw8e5E12M7l8+bLacefOnT/84Q9zjtQie+GOEeL69evagC5aZWlRUBti3bp11hTKc/bsWWsKQy9QlQxA9bB///7/tt2b69atW9m5FgBmAgAoFZgJcB6YyWrFKTOx4vV61Sa7mahNxAsvvECHpnRrInP06NFNmzapVdrROqCrJttwiA0bNminvXnz5p6eHmsKQ0fUTgOAKuHll19Wyzdu3Ni3b59lY1HATAAApQIzAc4DM1mtOGUm1tFcVhZtJnQOVtsh7rnnnuvXr/NWu1pQyvr1693Z9PX10aZjx46RLFEGSvnpT39KwmPfHQBQDDATAECpZJkJNSgRCAQiXySS7fFEqi2ejLXGQ+Gor8Xf0OjeUefS65WC1FTATKxOwpBR8FwR3pqdXaRQm0lLZHbs2EFb1cR3Oh/77gCAYqD6gWoJqiuoxqB6g2oPqkPsFctKDFUZRqKtgWCoqdnb0ODWXz8AoHSyzET/TQCAokmlUhETqrU7O7sQqy86Ojrb2ztSqfZEIhmLtQYCwaamZperQa9XClLjtJloQ7kY2tfv96vlrG1mH4uWyFD6j3/8Y7W6YcOGfDkBAIWh+oFqCaorqMaQ3Sb0L1h0nKyCMCvDVFtbPByO+Hwt9GL11w8AKB2YCXAGpSUwk1Ucy9NMSDPeffddLfHee++l3XlAl10t+N5c27Zt4xt/UZkPPPAAb1qzZs369etv3rw5Nzf3/e9/v7a21r47AKAYYCYAgFKBmQBngJlUQyxPMyGXOH/+vJZ44MCBdevW9ff3z+cyE2J0dLQmG06nLzMtr127dr3kvvvuy7k7AGBBYCZLD9WiNQs9u7ZDoqcuJ7Zs2YKKt2qBmQBngJlUQzhiJgCAKgFm4givvPJKTfb9BgtQvpl0yBsSBgIBfvqTxtjYGP+UYx316jgwk2oGZgKcAWZSDQEzAQAUD8zEETZt2tTa2mq932ABHDETel1UyL333qtvk1u/973vNTY2rgIz2bt37wsvvKCngjsNzAQ4A8ykGgJmAgAoHphJ+czNzVEb/c0337Teb7AAjpjJj370Iyok5x3h6TToZJqamla6mZDmffe734WZLENgJsAZYCbVEDATAEDxwEzK59133123bh37ibrfoJVz5841NzevWbNm69atX3311eHDh+1msn///o0bN65du3bXrl1Xr179wQ9+UNhMyDpaW1trzJuIKM6fP0+JPT09ZA6amVDOeDxeIx+eS0exbqL8O3bsoIU//elPLS0tlOfChQtq65///Gc6N0qk81dP81Rm8thjj9FLowxU+M2bN9VezB/+8Afai/el12jdRK/i7bffpoV33nln/fr19NqfeuopNcVxcHCQUmosVFS0QEnATIAzwEyqIWAmAIDigZmUz913382/6wcCAWpAa63zDz/8kBJ/9KMfHTx48NixY3V1dZxNmcmVK1e65V099uzZc+rUqXvuuYda5GQyhc2E6O/vp0M/88wz1k333nvvd7/7XbuZUMl8GtT037lzJ4kE7au2Un6SKzqNzZs3/+QnP6Ez4XQ6eXIGEg8ymffee+/hhx9OJpO8ic2Etv7sZz+jMmkXfrSU9eU/9NBDjY2Nhw4dogx79+6lrdYOEHoJJDM+n6+trY1ey1tvvUUHojyjo6OcgV8F+kyWITAT4Awwk2oImAkAoHiWrZl0WMK+tZhYMjOhxjTfY/DJJ59Uy4pgMEjNd7U6NTXFPQDKTF577TVqkdM1mlfn5ubef/99yrCgmVy/fp00RuulId949913NTOhnN/73vesKnLkyBE6BN+TfV46AK3SaVy9elXlIUgbKP2DDz5QKaqLhs2EMqhNFy9erJHdNSplbGyMXo5a9Xg8ra2tarVDzuOnN0flefTRR632AjNZtsBMgDPATKohYCYAgOJZbmZiFZKcYd8lXyyNmRw4cIAa9Lw8PT3N/QBq682bN+2u8pOf/MRqJvysWGsLfl62+xc0E1oYHx+vsXRTkGlwUZqZ8BHPnj2rSpiXxyWV4mU2E6tUzJul5RyfNm+ayeXLl7XEAiKxd+9eyqBW6SXQORw+fFil8BuoXjjMZNkCMwHOADOphoCZAACKZ1mZSZaEdHRmYlFysgRmQkpw7733Wqehv/LKK+vWrVOrk5OT1HzXHvG0e/duq5nUSKwZ5mX3QjFmwpNbxsbGOP3gwYPU1p832/TKTHLOSKEMP/zhD3mZzUTLMDg4SIkqjwabiZZY+IZg9JI1M2lqarI+O4teDh1OPTILZrJsgZkAZ4CZVEPATAAAxbNMzEQTkkQi1doWj0RbOVrjyUSyPZHqUJFU0d6Zas99wktgJvwYEzvqwSbc4s/eSb83Fy1b2+uMtevAjnVrPB7nZTooiQGd0rzNTNgi7KhCCpxnPjHIaSbaDcGeeOKJ7ANmvVJ+FZq20e4wk+UPzAQ4A8ykGgJmAgAonuVgJlYnoVOItcY7bVB6Wzyh9aJkSujoStr8ZAnMZN26ddTa/ks2dXV199xzD2fghx5m7+SwmfT39/Mh6KA15sguzUxcLpfalJOcZnLw4MGaMsyEdqzJ7oehFJjJ6gBmApwBZlINATMBABTPHTcTbexWJNqqS4mJPMP2nGZC0S7Ts0qusJnwSCrrtHLmJz/5yaZNm3iZ7+GrNb7ffvttzUzsTfzW1tYizYSa/rQ7HYjORM140cyE7waW84HxTE4z6e3trSlxNJfVTOgMtcetPP/88zCT1QHMBDgDzKQaAmYCACieZWEmppZEW9t0HcmGTpINJJ+cZJVcYTPZu3cvmcBHH32kpfPEcVIFXrV3O/j9fquZsDacPn3amqemiHtzqVUSgJR8JPzOnTs5RTOTAwcO8E2B1S4aOc1kXp6Gsh2NBc3E4/HQWVm3bpGo1QXNZHBwcMeOHffff781A1gOwEyAMzhuJnX1Hus1LBCMUkpS9KnrOQuEq9FnT1x0bJFPdEqJccf6JntQTqoB7elLE82eYLMnYE0p8O5R5nZx1c2keH0hd5PfnpM+kfoGr88Xokv4trtdMBMAQAHW1m5saGwqyUz8/ohT9ba1w4QtQlMRO62tbXySLCdagdZLW6XNZNOmTdqzRBR33333D37wAx49ZX2eSX9/P110+HGHykyszzM5e/Ys5Vy7dm0sFiveTEg8aPd77rlHDZ3SzGTefJ7J5s2b33vvvb/85S+7du3auHGjmn2ez0zU80z27dvHe23bto03LWgm7777LmV4/vnn6SjHjh2jw9E5l2Qmc3NzjzzyCBXyxRdf0Ft36NAha05wB4GZAGdw3EwaGn1t8aRapYayq8Gbr22dLxZ3hQuFYvZECn5kbCQStW9SGdSyu6mJLsb2PEsTJBv0dqnV9vbOAu+eMhNfS9i+1RpWM0GfCQCgMGvXLpGZxBMpe/1m7TCJi9p4YUgzksmkMhNNTlLtnarnpNJmQteao0eP6qmSe++9l+SEbxZMzWt+gDpDrfzR0dGa7GfA86AvxY4dO3bv3l28mXAvDc99Z+xmQnRL/7GyoJnQyX/88cfWXZRaLGgmJGb85ESGDGdgYKAkM5k3hYop8IaAJQZmApzBcTNp9gQa3S0psygyE2o387UnHG6tq/fUu4ymNl3GorE4mQw3rD3eIG2ioMsGbQoEo64GH61yUXQBowy0u+pSoDyhcIxSKJ3yUAZapqALpPV86KpKlVdDQ8OGDRtU4o4ddZS4adMmaqPX19erOq7T7DPhe8lzu3+ThMqJJxJrBbW0u/UQDgbJhtcXUu8evTPq3VMe0tqaoLdFpVDjgV94ONJKKdxnwm8gJZLYkN5YzWSr2WeyffsOvV4BAID5+a3bdrCZRCKxhkbvjrrmaLStU+oH1TBUR1Hl3Clb+bRQ5/KQF7CZNDUHqNqJRERmimAoRlspD9XVXGVRTkqhoHqM6jOxLKsvqsq4yuI6XHWYFJhhYoXkSXSb5BnTZZ0KX2kzAaBqgZkAZ6iAmQTJTOjSRct0NSJhoMsMta1pocV0Bu4WoMsYtao5hdrf8XhKFUKb1A9p2u9wXJo1j/qtLudApsZGd21tLbXIxY8rMuXu7dvXrFlDKc3Nzclkijep/GwmkUiUFMTj8XBKTMw77KyRHS8UVCAVS1plPVBrm/Faygl690hL+N3rlK9Rvd58ZsLZ1O7KTNSnSZntZnLXhi1r14o73AMAgEZdnYvMJBqN1bs88XiS6hmq1akaoepIjdeNtca5IuLgTariUukUiWQ7p1AFFZGGw/US76WqetramT2Ui+rncCSmW0geyKOsA7q0bhNVH8JMAKgQMBPgDJUwE7rYNBjXIdG/wdeeSKRNtd3pIteZffXSpMK6yXrxowhHWpWZqBTOYzeTZKp948ZNmzdvYa/gYVrr16/fsnWrypPTTFKp9k2bNlE27nKhK5lyGypq27a7t27dSjalOjc6zRdVZvC1uUFKFx2IFGXRZqLKJA+0m0ntuk0bNuq3pAQAgHnTTEKhiMfj59FcVBdRRUTVkaqQ/YEI95wYq/6IGomqVcW0O6dQBZU05/txHWU1E/kbSsZM2g0zieoKkocCZtIBMwGg8sBMgDNUwkyo6m/yBOgvN9b52kN/yUxogaNTaz1n/8ZmNxO65jU1+2nHkszEOlKLuHv7djqrtWvXut2ZOe45zaRTCEAbLTc2uslkaDUajdXIQbHM3Xdv75RdPSwnjmhJp2km9O5RBIJRKtwBM2n02c1k7dqNmzZt1esVAAAwzcTvD3p9wba2RDyeTCRSpA2qg9pa23BYN3G6qHZcXtrRaiZcZak6ymomRiEN3kAgavpDe5F9JmQa0Vgsn5nQMdWDF2EmAFQImAlwhkqYSaccxxWNxalt3Wlee8gf1Ngtjuw+k6yWvd1MuBtBlBbIjObiDAXMhKeLKMgo2uKJdevWbdu2TeXJZyYdsptl8+bNpDe0SpexGnM8mArKQwell2md9F9OqHePLs9Wr+NNfFGnN7Y0M8nVZ7J23aa7NmzW6xUAADDNJBiKNHtarDPgrfrR4g/rfSbZZkK1Il8CqAYze9EXMJMO2cFCxSozicaKmmdC9XNra94+k6WcAQ9A1QIzAc5QITPptNw+WF17qD3NY7p4lJe19ZxIpOjSFQzFqFEurkw2M6lzeahhHYvF1b2q7Gbi9YVoOWFe5zqkZqxZs4ZXI5EorW7bdncoFFauQm10zsZ0Zt81mMVGDT+46667rDtyorOh3j16LdaxcLQQibZ5vMF4PElvlGYmTc0Bsj46T6uZkNjQu9rSEqa97GZSX99Qs2a9Xq8AAIBpJrFY6466prr6Zqp4vT5RNVn1g2oVqlt8LWGqmtQMeN7EtVAq1UGVFdVCVGlrVRbXUZ3ydxYqQTyPpKOTVCcpx/3S7spMkslUPJHQRcQG1eqUM5+ZKC3h04aZAFAJYCbAGRw3E8RyCKvadWYuxnjSIgBgYe7UkxbVJBNVZVGQdegikg2dZzyeEKeZy0y06xrMBIAKATMBzgAzWZUBMwEALJplYSZicoioteg0YgXHdAWDojc4p5m0y9WsQ8BMAKgMMBPgDDCTVRmOm8nM7K2J89OIFRr08emfaIlQCecvzdhLRqyIKPULcKfMpDNXt0k8kYjGYqQfupF0dsbjiWAo1NoW596VjJnwrb1yXdFgJgBUCJgJcAaYSTWEI2aiJ4GVQ/kfX/klgDsIi6Wemp/lYyZccckJ7m0kEuQngUDAHxDQajTWSumqw4R7SKx9JvaAmQBQIWAmwBlgJtUQ5ZsJAGBFM3F+Wk/Kzx00k87sAV2q4mprayMNoVOKRMXjbslJhJW0UrLoMGGHWVBLROEwEwAqA8wEOAPMpBoCZgJAlbPCzMQmJ8lkqi2eEJ0nMmiBVjO9JdkdJvYyM4XDTACoDDAT4Awwk2oImAkAVc4KNROuu5Sc0PnEyU/iCbKSpDy1lE1LYCYA3BFgJsAZYCbVEDATAKqcFWQmnXY5Mf1E1GNmqBSVjc3EXlpWyTATACoDzAQ4A8ykGgJmAkCVs7LMpNMmJ4afWBQl009SdIeJKBZmAkBlgJkAZ4CZVEPATACoclaqmWTLSd4wM9vL0YuFmQBQGWAmwBlgJtUQMBMAqpwVZyYcRflJ0VoiCoSZAFAZYCbAGWAm1RAwEwCqnBVqJhwZP8kT9l3yBcwEgAoBMwHOADOphoCZAFDlrGgz6bSpyOK0RJQDMwGgMsBMgDPATKohYCYAVDkr3UycCpgJABUCZgKcAWZSDeGsmczMzI6fuqCn5mLq8vS581N6an5GRs/qSWBZMjp+jr4GemopjIyd05PyM3np6jC+G+UBM+GAmQBQIWAmwBlgJtUQS2wmY+N6o5MaslevzmiJdmAmK4XyzURh/7bYgZmUD8yEA2YCQIUo10yaXJ66egqvvmFpiXg9CT0NLCmamXTIW50Yt41XYXmmFWIlRsp8fDJdjCORaEuL3+1219e79HqlOOxmMjZxPj1yZuL0hZnrs6fPTNIyBakINSjPX7g8ceoCp1BzlnZULVpua964cZMWaOuZs5PKTM6cE4WcOn1RHQIsKzQzuT03NzImPsSLk1c4hVZPn5Uf4pmL12dvzJufKcdp87O2flsohfWV/lIGs5xzXCx/W9SBCrsxsFOSmVD9QLUE1RVUY1C9wU9bt1csKzFUZUjeFQyGPB5vY6Nbf/0AgNIp10zoX6TX53fVe7y+QI7wR+Md+i5F0dUeDwfrSXtc3mBru77VBszkjpPTTHLICfxkJUelzYTc48rVGWo7UjP02rXZYdnEvHXrNpvJ9LXrlHJp6iot2M2E2qC01+Ur10hvuLVKrU/adEU2VclbrAcCywTNTM7ID5E+YnIGTqFPkD5Q+ljZQzhldvbmlavXeBwXf9bWb4vdTOj7Q4VMXZ5mdxUHOneJDkSiQoVcc6jTpkqAmXDATACoEOWaCRPzeWXPSY7wRPXMRdBRV+/1RA0hiQd8VE52Bh2YSYaONldLm55YefKZSSFFQay0SLV3JFPtiWSKmhmRaKzFH3C7m+pdjpkJQ63JUTkyRw28YTOZl81QbnTazcQ6Sodbq2fOTl6dFpmpXXvG/O0cLCusZkIfsfoQz1+Y4m4TlcLdI5SZjIJTeJPqH1M57WaiNlGZbCYq5Zq0XF4GxVCimTRRLUF1hRSTFNUeVIfYK5aVGKoyjLW2BUNhj9fX6G7SXz8AoHScMZPuZNjuJIs2kza/N5DMTooGmqNd9P+6JvE7bb3L42sVyV63MKL6Rr/VTDwyMWD2tHjqvV2JCKXI9S53o9ja6I0U0ROzYrkTcrKgmeQMe3WPWM5RUTM5d2GKVqevXV+cmVjnlvAy5bl8+Rrlp3BqMgNwFquZqKFZ85ZPXDMTWpg4fZEHbl25em2+RDNR80yGZR6Oa9fw3SgBmAkHzASACuGQmXS32Z1k0WYSbPLEtKRUxOWP0//r3ME6t78lGIuRVyQjdQ3+WGtrOBisbzDMpCMacDWHYrGomvriIQ9xecMRUWQq1NLkj8ZiMbc7GBOms2rxNXqWWE4WZyaIlRVqDEM8nohGY35pJi6HzGRs4jxPJKDEksxE+xWcs83LtuyVIqbLgztIVp/JxYX7TOblzBNOYQqYyeUr1wqYCaeAUinVTKiWoLqCagw1lMtesazEUJVha2tbKBT2en1umAkATuCUmXTbnUSG11d68zjgtg/NitV5hVpYp9p7XZkhXn7epTVYb2ZIBHyBlFggM+k0swkzCZR+QiuSrvawP5hYOv2CmVRDOG4m1DA9d2GK49SZi2fOTl6QzVNlJtS4JF1RZsIzoSmRsk2cujB1eZpWh0eFmUycvnDaNs+E8l+YvHL23KVLU1ezDw6WBaQZZ89f4i/AvOw3o4/10tS0dZ4JLygzGZVz2Sms80w4J39bhs2pKTx7njbRt0WbZ0IHpRT6Vpw7f4m2cgmgGGAmHDATACqEY2birvdE25KdTrSEc47m8vBorvqASnNbJp/waK72UEtdva/dhE/Go81R6Wr3uD2u5sgSNtqXnq76Bn+gbXE3H1gkMJNqCGfNBIBSkbdGuM7LZBrsq2ApgZlwwEwAqBBOmometGjioQY5dsukI9zsCcuOD6uZWPtMjG4W0Wein4ZuJoIuyuYOrdqJJu3RwBJrSTfMpDoCZgLuLNZRfBcmL6ubC4MlA2bCATMBoEI4ZyYujyf7lsHlPOTE7xaDwQLhWDgYogWXz5h4YjWT7kQ45zyTuoaWcCTW4m3hFKuZRH3ecCzeFovWuXx6t8xqoT261L0lDMykGgJmAu4s8jkkxmius+cv6ZtB5YGZcMBMAKgQjpkJ+UNWP0dnrM4ywQOsenQz6ewywlahI1ZuwEwAqHJgJhwwEwAqhGNmEo/oN+EKh6tkrjkQ5DUTKMoqCpgJAFUOzIQDZgJAhXDMTECVs7CZIFZ+qLv4UzMjGmv1B4LupmaXq0GvVwAAq5TSzKSpmWoJqitMMREPM7FXLCsxzMow1doWD4UjXl8LvVj99QMASgdmApyhVDPR9wcrga6urs7Ozo6ODmpjtLW1hUIhj8fT2Nio1ysAgFVKSWZC9QPVElRXcHcJ1R5Uh+jVysqEK0N6UYlEIhqNtrS0NDfDTABwAJgJcAaYSTUAMwGgyoGZMEtgJtPTM+9+cOj+B1988NFXj3w1qG9ecj7af2QSd8MDlQdmApxBM5NOm4rATFYBMBMAqhyYCVNpMzl/YeqXT70xceqCvuFO8Oxv//zQY6/++jd/+tWv3yRT0jcD4CgwE+AMdjPhsDsJzGTlAjMBoMqBmTCVNpO33v6kp3dES7w4eeWBh18mSVBP9Xl5z0e//f27v3jklff+8jlt/dlDL+168QPe9OivXv/b/iMkEpT/+uwNSukfnKDdKWXvvv20OjA4cbJvjLtl6HCU8uFHh4dHzvDuVCZt5eVrM7PjE+effu4t0W1yCd0moLLATIAz5DOTfKHvD1YC5ZvJzOwtPQmsHMr/+MovAdxB6OM7f2lGT80PzGTRPPrEXi2F5OHhx1/j5YceffUfB3vmpT9wyp7XPz70xcl5aRfnL0zNyxKmLhsa+aCZjXnx1b+SbJCZ/OaFd1haOIUWSD/o7+kzF6kc6y5UAqU8/vQ+zgZA5YCZAGeAmVQDjpjJxPlpxAqN8r2Cm7b2khErIkr9AsBMFo3dTCjlnfc/4+Xdr3z47G//PC/HWXEKbbpw8TItfH64j5SD8xt7mstj4+d2/nLP/Q++SMFmQpm13dlMyFhu3bqtdgdgKYGZAGeAmVQD5ZsJAKB6gJksmief/ePsjZvWlPLN5IGHXx4eOTN1eZoy5zOTDz86fPrMRdU5A8DSAzMBzgAzqQZgJgCA4oGZLJqR0bPPPP+ni5Z7YZE8KGH4xSOv8GiuwmaibqX14COvkIrs2v0+r/KgrJxmQrzwh/d42gkAdwSYCXAGmEk1ADMBABQPzKQcxsbPvfjqX/muwWfOTs7L+whrM+ALm8mHHx22zoDfu28/rT7y+Guff9lfwEyefPaPnB+AOwLMBDgDzKQagJkAAIoHZnIHsc9UKZJHFrsjAI4AMwHOADOpBmAmAIDigZncQRZhJpemrn740eF3PzikbwBgCYGZAGeAmVQDMBMAQPHATO4gizCT9z/8/BePvHLzZml3YAPAWWAmwBlgJtVA+WYyevnWb49eRSAQKzHo36/+T7ogMBMAQKlkmUlrRysCsbiAmVQD5ZtJeirrPpgAgBUE/fv988A1PTU/MBMAQKnATBDOBMykGijfTObm9BQAwEqB/v3+9uhVPTU/MBMAQKnATBDOxJ0zk1ij26NWAm5vnTdGC4mAr52Rx/LU++hSEo8F3aGUyNeVrGvw8/ZANEWZVQkRr1laZ6zZ5fXHM+n1smRCHqKL9m31+1ozBxE0ujx1LqM0eVAm0dCYOckGt69NrUQDjTIbZW7hsto71MblRvlmAgBY0ZRjJm1+L9Uh7YlYnTuSkLW0qlvMirerzuX1huOU2dvoSch61Vr38i6Z6r293SxgqYGZAFAhYCYIZ+IOmkkgHg1K3SAa/AllJtZMShJ4q8eV8YTu3BfI7mCTxxPtcruCKp2yxeSJcyHdcscEL5k01gciHTH2H3XQmM/b3dWmTpJ2rzfdxO3yKzMJJI0MyxaYCQBVTvlm0i2qO6pdc1S8Wo1a5w7zJlX3KjOx5LozwEwAqBAwE4QzcSfNJNlJQiIWu9qocV/ATFKtQW+ss1v4Q9ZW+wWyW/R+BOlaSH6SSe9KNsg+lAXMpLu73uXvtpiJx9VCJ2ecpNy9QWbgZZgJAGCl4IiZUKUXSOWoeDNd1pL6+oCRaNa9MBMAVj0wE4QzcUfNpNvr8npjXWGPuKoVMBMWhu5cZqLGBnAhJDl19R4O7uvgS2bM5010LWwm3alIc7TDNJOUWZSX89DuqWCLKDUeajNPBmYCAFj+lGkmO+qa61zelNkBolW8ec3ErHthJgCsemAmCGfizpoJNfEbXH4WhgJm0t0aZM2gi1yb5RTsP90ZfiKpawyp9G6hNy0Lm4mY8eLxygkncb8hJN3JcFh02PAZdjb4w5wBZgIAWCmUaSbWGfD2irc7FfFEzYl2XXG3rK+tdS/Rbave7wiVNpN/7uy7dRs3DAErAPqi0tdVTy0DmAnCmbjDZtKdFCYgRyIrMzF+i8vMgCdS9TycqyNW1xjg7ZF4u/0C6a4X1z/G6xJqoa6OEY8xyb67oJl0J8JyKnybT+4uSblDYr6mYVD1nromkRcz4AEAK4XKmok5A57a/F53Zga8kYfqXjlF0NrZYhaw1FTaTN48dFlPAmC54uzXFWaCcCbunJmApQNm4hQd9/xUTwJgJVCOmeCuwQCABYGZIJwJmEk1ADNxCpgJWKHATBiYCQAVAmaCcCZgJtUAzMQpYCZghQIzYWAmAFQImAnCmYCZVAPOmsm1mev//l8Pq9VPD33VPzhi2b5E0EH/z388qKda+PVvXqVT1VPLA2YCVigwEwZmAkCFgJkgnAmYSTXguJlQA3129gavwkwAWP7ATBiYCQAVAmaCcCZgJtWA42by9nv7/+vHj/OqMpNnnt9DqtD9vZ9PTk7R6szM9Zde/TM15f/+jy9+8fBvWBKe+91eSqH0Gbn6nz98TBXLyz/44WP9AyP//l8P/++BL2jh3/79Acr/+xf/qLIp7GZCx6X8dGJz8qadZCafH+7p/D/3P/qr3585e4FSTp0+x2f4q1+/xCX0nhz63n/upEPseeM9ayGUyGd4cXLqs8+P/cd9j1Li5SvTMBOwQoGZMDATACoEzAThTMBMqgHHzWTfWx/+7X8P/ePgl/O5+kzYMe75v7+gPPPSB9hM9rz+Hi1Tysn+9Hd/8JDKad2LzEE5j4Kcx977oZkJFc47kpbc/+Az89JMjh4TN2ung/7HvY+onASdPykHlbDzl7/jFD4EFaJy8hlStvv+51ecQmcIMwErFJgJAzMBoEI4bCb+SDhiS0RUQ8BMqoFKmMns7A1qsp+/MJnPTH5w36O0lRZu3brNZkJ/uTeDlyk9p5lQ4SqRoZQFzeTBR3/77G9f42WWCjKTqakr8/IEHn969+wNY/jZvLQpNpP3PzzAKewqdFZPPfsKp/AZUuILu9/kFDoczASsUGAmDMwEgArhpJnU13vEw+PqPb5EayToo4UGf8SeDbEqA2ZSDVTCTGjhrbc/+rfvP3D8xAA18fv6hx95fNeJ3qHbt+fYMdQILrVs9RCeBJLTTEgbOIUKHx6ZmLp8tRgzod1fee0dEgmKyUvi6VHWeSa8/L3/3MlnqMxEHYvNhApRXsS7UKJKgZmAlQvMhIGZAFAhnDKTCDuJiga3V5pJ2JZzqaOu3mtPRDgeMJNqoEJmMi/HZf3ikeepiU/t+CtXpylldvYGO8a//fsD//j0CC2cPnOezYT24tFcx3oG7vm/v6AFNSfk8uWrmplQ/sef3s1Hue9/frWgmex5/T0SD8t2oRZffNlDC6Q3vOl/Hvj1vDzDnb/8XU4zob9qNBefIcwErA5gJgzMBIAK4YSZpEIed5aWZPxkcWbS5hf7BrL6W1z1HnfElrOIgJksTcBMqoHKmQl5BTXWqYm//8AXu1/505mzFx55fBc7xhO/fpGa8ucvTN7/4DNsJtPTM6QilPKDHz724KO/pTy7XvzjB3/9x4neoUef+L29z6T7ez+nzGQX3//PnbT7C7vfHB07zZvmTTM5cPBLis8P95Db/OyhZ996+2+Hj5zgYV1kJv/5o19SCT/5+dM8V6Tru/fzGX7/v3bmNBM6QzoxEip6OXyGMBOwOoCZMCvRTB59Yq+eBMDyo2wzaQtYVaS+wRkzcTf7so0i1OBtWWIziQR89kREvoCZVAPOmskisI7sWjTaLPY7AswErFBgJswqMJOHH3/ttTf2q9Uvjw4++Mgr77z/mSULAHeAcs3E5cp4iMsXEonJYEZO3P5gSt9l4SAzCQXdLo9KiYV83qh/ic3E15Q5AcSCATOpBlaHmfzsoef0pCUHZgJWKDATZhWYyaO/ev3xp/dNTorbexC/f+mDZ3/3NswE3HHKMhNr9wiFSndnp/tLlZM2KSHRlqaoXE0EGqjwiNFnEvKLGSwt0VBTo8fTJjNEWjx+b5M/4G8Vq+4Gj9sfaAn4g7I0ylzf7A/GQmKCfnNQHiLc4Au0RMM+n497dcRoNN4rHDBMpj1KryKSiEbaW8UsmgafPxryeNGLkjdgJtXA6jCT5QDMBKxQYCbMUprJ5KUrFy5ePvjZiV88Iu749/Hfj/b2jZ6/MPWgXCWXIKl47ndvHz4ywMsHPjlOy7Tp5dc+omx/23/krbc/mTfNpG9g/JW9f+PV53e9S/n5KE8/99bo2Dk2kyee3tfTO3L27CQfYvcrH1L59PdYzzBnBqBylGUmrYmsGSb1zQFKjMUz47sa/KFQRHaklBRsJiQVLmECnkZPvTekzKSu3udLGDnrXC1igTaFYubuoToP64eZRylTpMXef1Ln9reymbjFyfMyL7gzriXMJJa9I0KLUs0EsRKjo4OuxKQldDFOxmKtgUCwqanZ5WrQ6xUAwCqlJDOh+oFqCaorqMaQctJBdYi9YlmJYVaGqba2eDgc8fla6MXqr99RHnvy9TNnxf3TFWQR12Zm6e/A4IRKUctWnv3tn+eliuz85Z7fvPAOJ9Iqecujv3qdlk/2jQ2PnCH/oRJmZmZf3vMR5yHJGRo+TU5COc3CAKgs5ZkJt+mze0issfh5JlJCRFeJmPvu9bRK/TDMxHoIw0yMzpMO2cGSfdCMjWTMJOZu8hpTYpSZmD6Ty0xaPc2eOpc3JPpPELkDZlINATMBoMqBmXAssZkcPTb06aFeXh4bP0eCcf+DL1KwmZBR8CbrMvHiq3/lbGwmP9/58gMPv3zseJq3chfKntc/vjo9Q39nb9xkM6G/vBcHqQ6ZCR1IFQtARXHMTJqiUUt61BEzEdNL4iHjJl0ZM/FmPITDaiY5+kx0M6nPKEesSDPh8HvEo1q0RAQHzKQaAmYCQJUDM+FYSjO5dev2L596g5fJH1Snx8t7PipgJs/vevf6rPFYWNVnMnV5+qln/3jz5i1epb+sJU88vY+W2UyozD+8/BfekYGZgKXEKTPRR0nxbJAyzaRV9pAYw6gy80zEMxw9oWBLyF/vlTqRZSZinklTQGz1xbkE3UzcLo8nEo7Ew2L6fn4zaWn2NIXC/hgZV6jJH6D8jQ2ekP1sETJKNRN90C5YCdzxeSYAgDtLSWaCeSaO8PjT+86eu0TawNbx850vn78w9eXRwZ2P7SlgJm+9/clf/voFZXvymT8qM+FNDz32qrZ6sm9s3jSTeTnn5P0PPx8aPv32e5/SIWAmYClxykz0qeFOmUmmf8M0E4pILFBPUkGCwR012WbSmgzx1oCceW83k5h5p2NPLFrATFpTIcpTL244FnXJoV8NXmMuCsIeMJNqAGYCQJUDM2GW0kysY6tode++/bTwyOOvff5lfwEzmZmZfeDhlynbgYPHNTN55vk/XZ2eUau7dr9Pq/MWM5meniFdoaM88fS+W7duw0zAUuKUmeSOBn/W0xIRqzhgJtUAzASAKgdmwiylmQBQVZRrJggEB8ykGoCZAFDlwEwYmAkAFQJmgnAmYCbVQPlmMjenpwAAVgr07xdmwsBMAKgQMBOEMwEzqQbKN5Pdx6chJwCsROhfLv37Hb0sbutUJDATAECpwEwQzgTMpBoo30yoWfPbo1cRCMRKjJK0ZB5mAgAoHZgJwpmAmVQD5ZsJAKB6gJkAAEoFZoJwJmAm1QDMBABQPDATAECpwEwQzgTMpBqAmQAAigdmAgAoFZgJwpmAmVQDMBMAQPHATAAApQIzQTgTMJNqAGYCACgemMmiefOQ8Sh3AJY/zn5dYSYIZwJmUg3ATAAAxQMzWTT/3Nl36zbusA5WAPRFpa+rnloGMBOEMwEzqQZgJgCA4oGZAABKBWaCcCZgJtUAzAQAUDwwEwBAqcBMEM7EMjeT5o01NTU79NQioN2a43pi1QIzAQAUT1Fm0hHzbt9ENW19IKnSot76NZS0yatSNq2pUcvdYid3zY5QZr0rtXlDbUm7hN2bKft2b4xX/dtqFJwSqBdnVbOmNtmpdsoAMwGgQsBMEM5E9ZlJXF7CatU6X9JU3h1ydVvAvKaFOMGgw8y2soCZAACKJ5+ZbF2/1ZcwahWqJv2yQuzwb/OlxELUVRuSCyYda2pqmzdlNCPm3rTVF7JqRk1tVvVOGbJ36dB3aXPzUemgXnks94YsjaGTcBnO0l1bsy5rkwRmAkCFgJkgnIlqNZPMxYxXVV5a3rxFXHMNNZFmkkolYwE3LbiiZr4VBcwEAFA8+cxkQ80GVa/WbGEfIaKbabEzsM1SrzI7gimqw9Vqm3uzqIGVZnQGNrNeWDIU3iXp2RTiq1BXSBxU/pakMgtCO9QZbrCdTzfMBICKkWUm+r88AIrmjplJvJmVgNnkkReTuFel8NXFNJMOmSY6OkTKunW1ZjZjt01iOADDxdfIEuK+rZTzriyfEGZCF7PGVrkWqa/ZKM7EuJZ1BkQJKR/9NS6Z0kx4Y404z8y4hRUEzAQAUDxFmUltfZQvCFRh7gjFmzfU1LrqN1GNu8bflhlHZdUMSUYzaJdoMiTr7iJ36fRvU5tSnLiB6/21d21uCPAGKi3ZmYo2b90RytHJDTMBoELATIAz3Fkz4Wucb4uQhe6u0PYa0VlBKdH6WjHuOCE9ZGMzrdSaFxnpKsbVUewW6pa71XAfh9hNygOlhFh+NjXzAU2EmYjr28bm7i5xHHebyMxnIocsiy4aea3bLJKyR3NZC1pBlG8mE2PD1hgdGRqjGE3LGKJVM0UlZoWRwZa+YPCOFOOj6fHRoQVjZHiQ9kqnBwYHB4aGBtLpwYHBfnu2AjFmHG7xwSWM2dI5JsbS2jtJL017e60xJl545rWPpAcmxodPjQ9PDPed6jtsD5E+PkJ5KKf96KPy/VExnn0yxQTtwh8l/VWJdD5DvUPirOTy2HB6dCjNKRwDxwfprAZ7BikD/R08MciJtEo5x0eMEoZO0C4jMrPaS5Q5dJI3Daf76FUMU37exIlUoDX/qbE0fQS8OjKYpqAMtNfE6PAAnYDMKXcZofMcHx4eS6dpU1YJZgY6EJ0en4P5SkeGezMh86i/w/om28fNQe9e/0BfX39f/0A/fVELB32BBwYoa196aGBibEgFf0utKQVC/iNN6/+q82M3k472JC2TmTTG6P/iV5vONv926SGhZGxdY5usKTdwheNan6kq82uGqFzdpucUt0sOM8nQ2ih7UTrW1KyLhpq3b1yz1duWlUECMwGgQsBMgDPcWTPhRXlJ2yF+QKMrW5O4UslFcd0RHlIrOkgC5o9f3IvCV6RMHlMtjN3kJrnfBrd+bRJmIntFNoth0TU1bTIz7y7ERKrROlGkPD2LmewIZg08WEE4biaydWUKia4TpqXIoGWyBYpcOYsNLkS29RfwEzYTCrEwIhfSA2OlmAYblz29+FjITPRGqv291TJIdTFOaWxkkF4RtXpFDPXoZjJ0XGkJ5bQfXb0/HDnbzQuG+VFmXouQBKuZpNNjw8ODUhs4hc2E/rJUkC2oXRY0E3Kh4f4hVgVSi+G+oVOkN9JtWBsKmAmnk5aQ2/ChVWhmQm+FdRcuk81kwjATkYFSNP1QQUfRzWSskPvR29gvlWNwsAg/kTlJtuVXSIQ0w2KDP279X3V+7GZi7zPJQL7g72xrXCd+7pFQranqyvya0U27qMKK3IWymbvEa+rCKoekrdYV7fBvU2dYm+u3JJgJABUCZgKcYRmZSZf8v73PpKa2rVnca4VHfNnNhN3B3meyqTHGg76yb9AizYT3FZvv4mV5LUvJ7BmE1ZijuTpkf0pWSSuH8s2EJUT84i7b3FqLVja/slOUTmhCYorKgmG273VF4bC3ubWW94jpQlyaPWe+cMRMRN9RnpPUmqdjRZiJmcfwk1EhJ/3yt/+sljEH5aSto7m0ZMLs7lBvpv1wxQR/NNZP/JSpGdx2Z4sgGTglN5kt/hESElKLdJ84ruj9kEKyoJlM8CZR/gjZDieSTqRPDlk6QLLNZDTLTCZkHu4z4RQZI1RIMWbCKeMiw8jIyaw+kwJxakz0otg/cVukyTe4/2SgCEVhmRnK7j9ZMPgrrf+rzk9JZkIVqahjLfNMrBNOCmiG2IUn0Re/S8qrzYBXdAS310e6w3UZw7H2wyhgJgBUCJgJcIZlZCZER0hZQfY8k255G8iaaFcOMxG7SclguEyjhM6w3CLHZRkYZtK4XmS+S3ap1EgzSXnFzSiNXPIqW7O+0TrPRGzWx4atDMo3E9Wek+0zo7XHQY1g0cDKrFoHemUawdIZFmylZYL3Ghe767/0Z5WZ3QRXw8kMvZEL/EtzzuDmvmr0ixIqaSb2PoqxoszE+r5l5ISb11laInpL8o5em8h0d5RnJkY3TibllJQH0obBE4O0wKbBDX3yB0rklAk5lEtt4gW7mVAeWhYlj4r8tDzcL1Y588iA7MSQJeQ0E36LeFWekpAZ3l3IiTwl9hyrmUxeuqJ/6ZcBY6cn7XLCQX4yMNA/NNhv9xB7yM96SC89P/nMxIqX7827blPKsmWTuAPwmqjFGQppRnd3Mlgvq+0Sdok1y77tZmP24PZNooe7dsNml3nzYk6pWVMbSOS4bTDMBIAKATMBzrC8zKS72y9vRb9hi4tXlZmkfMILaneEcpkJ0bFpnbgiuoLGxalG3Zsr6qLleObEDTORI7lYTNhM4rLkjMPIs6q1mkncI85NZVhBlG8mE8PpiQHxqzM3ASdG0hPpoYmhIfljs0yh5aFBkT5u/MxvbQGzY9jbuAVC7Gs2nUUPTNZ4MHKSgaHBvqGBk7JvJCMn6qDKTGgvbaqJxUa0g4oWLbuNvVlffFTYTIYtcmIO6zKDUnL2lqhDK3Pjd8Z+uAVDuqJ+zsIZBoUz8DAtqQfir+jZ6BviRLYIlUEtkJbw90qUIBPpEGk5ZIuziWUWY/PdM0owFYXyGIUP8JwQw0zE+cgYGzZHZMmjqAL50MKLxob1b/zyYOL8tN1JVPQP9PfLwWDy8y0Uo/QP02kzWaHATACoEDAT4Ax3zEzAEuKAmQzIwS3H+owm3Vd91JijRLEwPkLpotk3kuYMykZkE19vxRYZtha5oQ0jI0I5yEkG+3sp0kP93NpWRzSb3Rkz6evvy6MienAj3gkz4Q4fPexHtLfy7RlsZjJsvBsjg8ND4p0XvSXU+h7KPYjLcugsY6T3x1bswsGvzp5uyAMLQN5E8SnwqkpUGYzMY6QNaSPGhsTMIrHXkEgXkZZhLNDJmClG4oTYhYO/eyLGzRc+KuafcMniJcjDGbvr3/jlQWEzyVKUgX75gepOYjGTEl4jzAQAUCowE+AMMJNqoHwzMYTkRD//Nk8L3LBjMzHblMPjvQO0IAdZGQ10azu1pJB6YN3dsIWRsUGKdJpaYsJMOKxOotqgVjMpMBHZGnwIeWi9ZV98VNJMxHvC7600scHhdP/gQC+HnF6iH9E8rjiKaqAbb9GizIQN0J5eTPDYPHu6JZSBGMGH0xJVUGn2RBVUGr9R6iXz9CexV0aZjMz6N355QGZS7C285PwTymnXEn4fJkp5jTATAECpwEyAM8BMqoHyzWT8eP/E0BD9VWZiuAr3mZConBwQGXpEutkGzQzHWkTIJrtuJqNjhpkIORnqGxkZ4C4UlgEtqOEu/w719/cVeSaGWtwxMzF+4OcWPLvHmGU2f64w2u7c4M7aJBN5VJsowRzepmJxgsEHtacXE2Y/hp5uCd0uWMPs1iFCzhsxRhjat5rB7yEHvQNqX77jsPi85Eemf+OXB2Qm/HVi8RgoQlF4irzWfwIzUcBMAKgQMBPgDDCTaqB8MzE8xGImE5Y+E/l3+NTosDITbhYv1AwtEKIdqaWMmx0muUMqSs4W/NDQwMhw8Y1pPnRW2B2jQPA5iL9msGPIMEXCVIVMCmfW7KKSoY7L3mKcg3gJee91m3OSSfGR7/uQmSrDg7LkgCu2FHmqumwou8gRmQzmPBZ5zvzXbiZq2Jj+jV8ekJlY36h0Wkx8F4qy0F282GSUokiZHNJLzw/MBABQKjAT4Awwk2qgfDMZP9Y/0W/MKmEzGbeaybG+UwOiR4UVhRv3RXZT5Awed6Sl6CqSM2Tr394K534V+4Fyhjy0HmwdpmYYasF2YQ+j3Z8tHjlPrLSwuES+KO8oeuFjhl5yGBPo7e9YkWE3E5YHWhgbZj/J0gzZpBbvvG4j5vLEqLijl3lLLg5DSMhM1C3C6LjqQDYz4fQS5mAsJZqZTMjRdKQlxcjJoNl/MpwWX8iSXiPMBABQKjAT4Awwk2qgfDNRbTjz5+3M7YPtDcqxxY4UUiEcwNaK1SUkfxRondvb8TZ5yLtvxSPrTKymMcRiMGG4Qea9lU9kz3FL5coFn56pK/oHVyDGLa+Cg7888oEhRp8JJw7Ih8SbGfQQ6aZdaE9aVBnGh3kmvXG3LlHm8UHxJHh2FdNMxkfF4yB5d/0bvzyQZmK8aXSSYmCb+RrFfcakG9OHogmJ+haNjw3TqvzghCfrpecHZuIgjz6x9533P9NT7zQPPvKKnlQ0Dzz8ck/viJ4Kqh6YCXAGmEk1UL6ZaK3MCfnbrT1xwrx3U77hQEUGF6Il2g0kX/CPxFpj2t7ILi/YYXSxUcfihYwCWUZMiQwqjGktxTb0rWaS50XlOA25nDNzWSFLFo+pKebjztNhMpI+OaR0l+8aTCnD/cYjR2SK2MRPbxyXd6nmuROcOCSel8IlsKiMGDcCZiGRD1gUbfq06EJRD1ERm46LZz7yplPL2Ez4feZun+NffcmdQvzu0SoF6Qffm0v1olD+nmNHjh/7ciQ9MJweoAycUy89PzCTRfP54b4jXw2ePTv553cP/vKpN+YrYCbP/vbPv/39u9dnb/AqOcbA4ER2loVZnJmMjp27fXvuV79+88LFyyOjZ/XNoLqBmQBngJlUA5UwkzFbQ5ODm9329JKiTDMZGuLfiY2gFltaPOijmKa5asHrsqF1tuTrexG7m0pQTHu91FBmog7EoZ0hz2kZs/UR8ak6ayl86NHsp8LbI5+ZkF0M96dJD8xxWSKFjIKXx4aHhwfEE0holcSDnzTPb7VyDEqn3UlmBk8M8hNU2DcoWD9oEy+oEVy8if6ODhoL+jd+ecBmMiZVn8Sqt+foQN8JzUzkqrhXnXkXL3GLNmEmX33Z33eCZw3BTBRLYCbKE7j1XwkzeeDhl//+j2O8upRmsvuVD+nQOx/b89Rzb93/4Iv6ZlDdwEyAM8BMqoEKmEnuXhFLD4C+qaTIaSaWSI+OZd2nSwtSEWvTmVbl3VTljpkOBDnV2zKJwnp02c62H7eoMG7OW0YJBcJwJ6uTDA+OZ4bPZSbrT4jTkNkKnYn5rA/DrEx7yR7nZj3cmLpXWC7TU5Zi/w6wUNlDDeVSMTEuBlmRk/CCSDFzyr/GaK4xOf+E+xAy+47yIx3VCENVrKExmckqmRAZ9G/88sCcZyJe44njR2mBe0L4yZIWM8m8yfyRkZkMDZzkHpX0oHj4D6XopecHZrJorGZCCjF74yaZCTXle3pH/rb/yMt7Prp16/a8HBA1PnH+9y99QAu0Srs8/PhrvX2jZ89O/nynSCFe27efdvns896XX/vILN4o9szZyceefP3mzVvzFjOhdM5Aq3QatPDc797+x8EeKvMXj7zymxfeoYVPPu2hg/JeL7361+GRM2+9/cl7f/l8Xh6OEs9fmKIT5pJp4ZdPvfHpoV7zyAJaJdGis7UmAjBfITPpSLSFwzE0PqsKmEk14LiZ2Nud3Critql9U6lRqhuMZVvKoHjmYKbdPDQk7mhk3ytfcBvdnl5kcFu/pPMvJlSjM2MCUg/kVuvhDDnhVc5fuDdjweDJDNbgLwAbkX5WltMzNxW635c1qJE93D+kBmWZz4nPaAbnYTOZsN+zy+IbE/KRi9YTM89E3slA3qvKuq/+jc8FNdT0pDLY99bfr83M6qnZqBnw7CEkJCQYFPwac5oJfyUoD73hJ3uPUwrloe8zzIRZMjMZGJpQo7lee2M/b2WLoDz9A+MqP0kLJX603/iAqN1/4eLl9z/8nNyDUzQNYAO5Pnvj8af3zRc0kydkhnlZJikHL3NvibXPhJfpcJOTV2jh9JmLdHQtj+KFP7xHf498NXhRZgZAUQEzScXq6j0iGkP6JrB6gZlUA46biWzs6s1KbgXmlJZSo1Qzmcge6zU4lDV2K70YMynt6NlhtMtt6YuOtDk6S++7UHmyD5dREWfMxHwzR0xFGZEdNbyV/URuyuUnluko9pK1MD3E1tGRpRziJr/GVJPsMPtPMvaSpUz8Blr6gpSr5Luj7tj4uQcfffX+B1985PHXzp67VI6ZUCOPyqHgX6yJ19/836vTM9m5dAwzEXPfB9lDMjaS30wopef4kbGx9NDgycGBk8ePwUwyLIGZ8AdNMT5xfj57NBdbBLsHp7BFKJeYN81k9ysfqnK0cVPKQHb+cs98QTNRKdYj5jMT6+H4hHOaCQD5cNhMIl4va0k4WUbtkww3BpJqLRHw1dX7LJsdIRlwS32q97hbYvrGRUFFeaJ6YvUAM6kGHDeT0ZEcLV1u/9nTFxGLcgPR/hb3qhobGh4eTKczU02o0TxgjOYqKhbhRdlhtINt6cZW2a1hPE7RaCjrU0GMwVTcK6K39WVDXzPAfD0SvLvVTMz2fbGhGvf8nmTa+mJVP6i8V5g4vSwlsMQoO0yufe3BR9H0g4N1wp6uhVWWVB8Ld6dY3SanmVDb7uU9WaNoyjQTbiyeOTu5a/f7+uY8sJnQ53Wy9xjJCX9wvSeOiTspm2bCXxJ+x/g7w2bCHzRpSXrw5Kgc36WXnh+YyaKxjuZi7GZy+MiAvc9EMxP6+0ie75vyjWszs089+0cqXzMTKrAkM+ERZXQ41a/CwExASThsJh6X0dzXN5TEUplJMBILRyL1Lk+kQ9+8CGAmMJNVjxNmktWOlI3dXO3IXOmLiDLdYFz0k2QGdNHC0NCAPVu+KPPoucwkzWOxsvXDdI88XQ05gwuxHTFvaGaiuhQmipYTdVdiHuFmVY78Z0JbjQkn9pcgQk1HKegnnNPuG6wc9kR7WA9q9RDL95lFcUj/xs/PP/3cW1OXp60pykzGJ87/fOfL1Cjk1ZmZ2Ud/9fr9D754/IS4xxc1Aald+PjT+956+xO1rzKTeXOMze5XPqSWJTUZR8fPUWm0OzVYVX6GzMQQDNk3wjHYf2Kwv/fU+AibCY/vGh0W33C7mZCWnJL3+D5x/KhWeAFgJoumGDM5e+7Sm3/+B63evHlr14vvX52esZvJyb6xX+QRA+Ub87LAR0wzefIZ4wtJhRdjJuruXjwqjA737geHOMWaE4AicdhMGnkcV71H1j1dDS6PdxEdEktlJgljOV7njmSOt1iUmQSbyhOzlQnMpBpwwkxEM3F0hH8R53ZeViNS9gA4NrlCDZdfdPTLp1+rVim3g+3Zcob1R+gCofoHrL4hDmSblVF2GA9tLNyOzxlWM+Gm6rh4/AU/ENOM/L0o/LGOZUuI9Qkq+eXECPUp5LUUY5BYjjd8THvMokUt5Ackwr41K5vlPcyk256sQuemf+Pn53++8yUthc3k9y998Mzzf5qXA/1pmSc0M6wf1AS0N+mUmZDt8IAuZSYffnSY85DeWHeZt5gJx4TFLe3BRs1mYomRvpPHeYqOVngBYCaLphgzoYWvjqfJRcl+T8gHg9jNhBZu3557/Kk3KNueNz42ypJYzYS+TqrMTz7tocy7XvwgPXx6QTN54tdv7nvrwEOPvfrI46/Rgebl4T757ASV8PDjr12auqpyAlAkjppJeywe9huTTGQ0+ON6nmLIZyZdyTqXNyw7Ourqvby1rjHo9/kosanBE4sGXO4ALZudNl20b4MvEqP8Ls1tLGaSitT72uRSwt0SaU+00e58AuQYwbYkVT1UeFw2psUYMJcv1tpG0pXIrmANM+nqaK73tIs6WGy2nkBA7lBX72/0hukleN2ecFvYF4yF/f76ek8nbetqq2sMUOG0tSmUyip92VOqmXSCFQg5CX21qZFBF+NYLBYIBJqamlwul16v5MfeahS/NMtRSaLZJ41lLNcdmRYX3Jq0pxcT3HwfkLdPVQ1TOr3iB3SZrXk9PStD/nZ2wcjMcOBgk1H3wuIuFPk2FjqBAsHtV9U8FX0jlmYrtVB5JJg2i4NOgHfUwtAJ2+Ar63it0YIWp3qEzBLMaSe53kB+Q8xvEe+l+wYrh3gt0jF4OrvRKDcnjfBe1kNwfg6+cVn2yxnSv/H5zeRBc8YIBaVQg48U5Ve/fpNT2ExUS1Sh9uLfp+ctZqKajNYWJ2N/Bny+4I/J/omcEn0svfwpa4UXgOoHqiWorqAag+WE6hC9WlmZqMqQvCscDvt8Pnqx+usHAJSOk2biafA0hZNRnzHVhCK1uB9HkmGr3sgQXpEKtrTEjRLJGWJykba6g7IR3xascwfbZGK42SNUIxVxu4zuC69LNv0zmGbS1UHWwQUoqPA6d4QWXOawtM6wPyDz0Jn42UhiweZIVpGGmdD7YBnMZj2BOo/oPzKtqbu7I1rn8sulrtYWb7hTvPCVOx6sdDNBrLygRgU1LaiBkUgkY7HWQCDY1NTscjXo9Up+7C0hLbhhvej2tBZjZcykl2YinopNKmJt9Zo3Dl44uDFtT+fgCd/WkgtGxkCMHhXRphddBKIQ594xFdQAHejv7T0hfiaXspHu7z+ZHuo/ceL4CZlIy5yNFvg3dfrbZz4lQwt+FbncQ9ytWG3NlSGrhDH9/TQkJOc7KQo059PbtcRqJtYUnj3CJ8PvrbVwoV4WMzH3Ms5qNJeZ8OB7K8pM/vcfx0gnKCYvXbl9e+5ZeW9Wvj9sATPhvVSKs2Yykf3NVJ8Ifaz9fT38QWuFF4DqB6olqK6gGkOaCYuJXrGsxDArQzKTeDgc8fla6MXqrx8AUDqOmQlpiRKJxflIhjx9Jj6zlc953KH2btHQDwiHEMTUXrQLJcYsjkRhZmOMeSbRNuswri5Pk8/I7w7Ter3FTILiaKI7JRPZI9VymklW/vqATFG9N8lMCdEAn7vX7alrbPGFF9XXdEeBmVRDLI2ZONjOlg3ZRRfFz+gY6uvvs7ZNB4ueasIdQfZ0njthbUNn+4b88b64B6JPmDcXLuNl5g3xM/nAyZHhAXIPMdpqfLi3t4f+9svfzgfkX7IUSjnRc5ya7EODfWKwk24mmTtx5bNE67uRU07U+19g0JdoT+dRFN5Rzm8xukE4uG/EaiY5w3p6IxYzER1KhswY5zCWy0z++vGX1oki85bRXHw3WIVymMJ9Jmq4DuO4mbDvZSlZ9pwTrfACwEwAAKXihJm0x5SW1Htj7eV6SV4zCTapmSGiKe9rFf8vYCbtoZb8E1Ss80wMVA9JuNkwk+4OQ0Xcfnmw7nZK1/ZS5DET/QQKm4lBV6LOFbSsrwBgJtUQS2Am3Ayypy8qymyyG4/OSA8JZ7C2TWWx9vz24BPISsx2EjEeqUgDKRBclD29vJBnJa2DlklR5K/mvRPSAYaHBoSlyHRaoDz0ukROOf/E+p6r15tTOezZcr6WYgqxak9hSxmVw8C4YyTnKC8trBN+rH0mo4aZZB1X/8ZLvviyn+emP/L4a9wlwunnzl8iG6FNLBvHTwzz+P5nf/f2HTQTnvik/hmKwV0ZMxE9Y1rhBYCZAABKxQEzsfaWOKAl3XnNJBVq8bXaR3PlNRMezZXntls5zKTONArai80kEfSZw8dUHq8nmrtIZSYtjVmjubTcRZmJfF1Z68semEk1xMoyE7MzQU8vPrixS6204XTWj/rpdN5f7rWwnUDWCK4CPQAlBf+8bU8vNfgXce70GOWJ8uPDvSfITIZP9oqRPEODfdwQlwO9hJnwmK7+fuEtIuc43+EgM1NIvV6+JVe+4O6pfG+LKiRfr4sowbZpLP9AL3E+xibdQ+yRVYJl9JdpJlkH1b/xy4PSzIRHc2V9o8Q3gc0k5/3H8gEzAQCUSrlmImaENwZbuzrqFj2rxE4eMyFagwGhQC5vOGE0+AuZiaDL4xZjulxuraGfw0y6EhHR7dPo7wj72Uw6opkJ/YE2ecSuduMcGryx7Nkpyky4p6W+hbtZMicQiPHws/xm0hl38W2XG3yOvZlLBcykGmKFmYlsStrTiw+zsStmm1gbtf1FP29xLPuZ5daeAXtLetHBv2rbuxqKDyUkoldE2oWa8j6cHqBGPFkHn7BpL8ZDDHkuCrdlh4WlGI1ao/WfadMvfG7j2U9gtGzKWIF9L8vuubfK0xadJKLwfJZibs3ZhaJewrjxBEZj4g1binY4/Ru/PCjbTMSHzmZC3we99PzATAAApVKumXS3G098X3Et6YXpihlz6yUNZT6kZbUDM6mGWCIzydPELDX4N3h7evGhdicVsTZq00VPNRmzGAib0pj54HMHzYRLXmS3iWka5Bi0TIUMDpzkxJNymJbsLTFuwMW6Yt1dicqo+fw+FaYvZbyCX7h+AtlBJ5Ae6k8Pirk93D+j9Mbel2KNfCVrvSLiFsByZnzevhS5VT2BUd6zi29BNsLOZnyvMorCxRpH17/xy4OSzMR8K2xmcoxHc2EGvAiYCQAVomwz6e72NbU49Rj15UUq0iRumGVQb96nGOQEZlINsTRmkq+JmTPEKKAR3kXfy0kzGcg8b3FsoSayVoJq4WmTJco8t+wwmv629AXC9ArRyOa57GJiibj1lvSQMXEXYM5m3zdnOdnpeqOf37rC7x6/z4MDvTwQS3TC5O5I0Y+V52tT4EkmhR4ao3pR5H2QpZaIW0if7O+n6KW/A3LijUwXfTJmsbnnmdxxYCaOB8wEgArhgJmsYsItLdwj5HL7V1+fkLPATKohlsZM7I5RZBidEuKhKPKX77JnX1BRvDCczpoEP1r0w+Dl+bCHZAY4qU32/IsO7p2wp2th9Qe5kD55sqf3xPGhwX5qbYvhSfIGXLxg7yEpJYz3SgwNytVBkU8zRs3JISQng/29I+kB3nd0gafcFDCT3LcMtgb359hPclQ+uWVCdJr15gz5rEn2FqMo/Ru/PCjRTPh90M2E4sTxoyU9Ax5mAgAoFZgJcAaYSTVE+WayUPuyLDOxhLzhb9lmonYfFbPes6aaFPm8RW7dcqjGrtpkz7/o4PIL3+aLVUT1b1B7uq/vRN/JE/SJiA6TsTRPMqHlkeEBWwdIaaF0glfHbDdKlsKW42z5VYyxmQz0ijsRy6KkyeTIb0Y+MxHfN7uK2MN4jInNT+hdGhRdJbqTqJCTT1aAmYwMF3sfamXRWjo7GPpMOGAmAFQImAlwBphJNUT5ZtI3PE5xMj3WOzR6YnDk8PG+g18e//TI8a96ByZOnRoZE1v70mMns4MzUxzvHzoxOHr6zJmpyYsLxomB9LG+IXt68dEzMKqW97y9n0+e49EX/2LPb4+ewdFDX/WeTE9wHDxy4vKlSxRTk5Mj42d42ZE4OTh8Ymj8xMCIfdOVqanrMzPXr8/Mzl5/7LmXh9LDE2fOJL7/s1Nnzsa/d/8vnnyBNv3q96/evHHj08+P7nr1TyLn9ev2chaMq5cvT1+9cmXq0tGTQ/Rij/QOahkmL16kj/uTw8f53fjky+NahrNnz16+NEkLvQPpF/a+9evfvPDsH17hzP3pHC9Nxblz586cOWtPv3g2ferU6emLgyXF5fOD/UP99MHRe7Lvg49+/txuFQ8+/9InXxylv9ZEykM5J8+laV/9G788IDMhl+6n6O8bHFygu8+cHZTX6vXS8wMzWTTnLs3MzN6am9PTK8Q/d/bdur1UBwOrC/rm0PdHTy0DmAlwBphJNYRTZlIo0uNHewc/P3byk8PHKD490vP5Vye+7Ok7eqKf7EWYycAIZUuPjtk1QAvSkmMnB+3pxceJwcxRnnn9f63n+ae//N2e3xqiGX7h/OGefqUl1ob4uXPnL56/YG9JlxNfnSRtG7Onk5CcO3v2aE/fjVlavO5vv/e+B5+Znr4W6LzvytWrpCh/+uDjYPcPaRt5BYW9hIVj6tLMtemrV6+S2ExdvkKFH+tL63ksQR8rvyfWxKlLk8cGRtUqudZnFqmzF2KNiYnTF86ft6dfu3aNTkb8d+3qtenLHGQRM9NX6HxNFUnfuD49fXWKXjktzE5Pnjk1PDg82tM/RDmVfjzywqvXr1+nFA5aphS1lVLSo+PL2UxISFSQn/T195Go5OxoUvctyLFJdmnqpecHZrJoSEv0pEoCLQHl4Oz3B2YCnAFmUg1RvpmcTI992dN/vH9YFxJbUM4TgyPUwP3ieN/nX/V+dqTn8PGTx/sGSVH60mM9/cN2GdCCzOTIiQF7evHRnx5Xy8JM0pnT++jTL+35Kc6ePZseGfuqt/9Ijzjtk+lxblgf6R08c/acajGPTZyekp0DDsbImDjQxQu68JBy7H3rvci//Zi05Pr1mfj377/3wWfJIn700DNTV66c7B8Kdt738YHPKJu9zCKDdIZ2f/iZP3T98KGfPvqb8xcuXiZs2VR8ceyk3TfOn7/wVV/GTC5fmjw5MMxv4ImhcXsh1hgdP0UmaE8nM+lPj/7imV3WIIv4zZ59ykyuX7ty+syZnz75/H2P/fqlP75DcjI2fro/PXKOVOfKVRaPTw5/dXHyktISDkp54vevcQbKSflXiplQqC6UYdvDedhMckqLHJ4HMxFRaTNZst4SAJYbMBPgDDCTaojyzYSkYkr2J0xeOH/x/PnR8Ymvege4e4SMhVTErig5QhoCj/KiIHuhONzTz3Hoq14KKvCrk0OfHT1x8MtjB788zvHpkUyQPBw7OfiHl17p6U8PDo9yjFCb9PQZjsmLFwZHMmby3Bv76YjqHD490iPLPEbHIv85MTh6ckgMPLPaizxJ0f4+2jtwaTLLQ45mNcEdC2rHU0N8+uoV8gSKK1MikRbo5Xx5vC/Qed/VK1eoBR/9t59Qu/zBJ3dR2/oG96TMzNhLKybIcGh3KoRa6t/7n8fe/OCjZ//w+uUr4gTsmVXwcK/PvjppTRwcPdVrMxD6ZCnnwPACb9fQyBjJiT19ZuYavTg6mS+O9ez/7At+W+hUf/LEc7PXp9lMSEX+v58+TH8phtLDL/7xnZkrZ/9/9t6Dy40j2/P8FHv2q+zszu55Z+adMefMm3kzklrdLVEkRYqylEi1fKullmgkeu+9997bIlksx/IF7xLITGTCe1dFqR/3H3GBRFYmUIViFdnqqbzv33iRkZGRCaCgc3+8cePizxIfSr/dReBx8OINXLXtxAVq4BVtNDYePkMDMBKfYfegPZ0tGv/ofwMWjmYMZKLJ53HwBJ6mwgBZrC4Ao8Qh4+zNzSITyyyzbKpmkYllM2MWmcwGzQSZ1H39ZorFYkFRhmsI1x9oYWOLuET4/UY+eV4NjjiOHD9l0AzOz8T+pT+MOXttHnMQQ1GjDZddTV++oFwqlcEa0URq1+Fz8MJx90KhiM6fdx06d6MNcBKJJyPxxLJN+4AltILLPE+LKuRy5XJ5/pIfMe2+05fe++Inp9uTymQ+X75pAjLB29fiSPp+u0/Kjo97RCIxGglqFcP4y2kWZcqATBKJhCCFQ3I4EolCIVkJ4ECJ4BPIZTMDnEyKPJKDZwOZaDCGwyUr1lfKBZAJSIa9FmKUZNLeN0TgQRyy5sBJjUzQ/kW31gsjcWj3ifTAnlqsrJn0SfbPJ0CCRhdoiyFBO9QWawUCfjOKGATwqKW2iwG/G6K2FApQv55MwjyQYvxVNzeLTCyzzLKpmkUmls2MWWQyGzQDZCJOTiY5nqFBr6AUWVH8QXHE7bd5BIqH2NwByjZ5Prn9oSeDNhJhybXbbYZYx3OIlp/xJBkPj9WwsEy0UVp2PJGU1ZlMf9cE73zY4QXLjY2NqbH46GgFvnIulwOZLPpi5Tufr7j5qPezHza5A4KsRhiWFJ4TSwoFlqdRqVT6h+w3H3S2dfZJaqR70L7kL+s++GbVht3HJyATl58FTCBDzjrP6hnHHl6h6uhHYvFoNBZWG0RF8vxdS+HqKbBNgpsUVoErQBTASSQK0nC29w6mU2kMMJPJ91v2bjl8qq3jyRiPnJQyIv7M0P9k2K4nE3olUVsjE4zEeI1MJpWZNFoU7fMmiQLlsmsKCHUIAZaEQBkB0IkP/RPziUYmajgEGmHbNIuC1+2ALDKZQBaZWGbZCzKLTCybGbPIZDbopZFJQymRqP4wk05lUinQCymVTECJeFxWVIhWXnmFEJBmxFVV95BDEy0hu9/R2zPs6Bl2kgYcXk1gDE2ugDExxhOU+Qo0n08I4a54ADxPNp0yPLPZjX6x4hAy9+O/3nzUefDslc5+Wy5fiCVScJoXfbaS1jLRJl3PzSQQW/tVLj/o7hXD6pU77TaXDx3gjDuPu+kWY7WFZGbhq+mze8/evGf3BvX92UwmEq3n4UDJRLJnmCXKOwLhfDaTy2Zk/AVEGxAdICTcaClXNpPGqTyP7VDMBHOGZKVcKoFMAFcUWsEnhufP5fNqNPbRD2vAbOViAX82SjSWymQJPNYcOAkUoVcStTUywciApLT3jdi8IS25aAKZkaOxOISQZEnQVxQ1kMk42PD7pHA1e4Tv1xxkIRQeRWkwuEYmSjjkdtm0ypINyYSST4y/6uZmkYllllk2VbPIxLKZMYtMZoNmhEzgx5upwyxQhv4Qrn98fM8ECisqbjTNLYP1CoR4iCZUEyeTdcfuKeo4WDLL7C7PoOD9w+euNZiABO98vuK9L1cBTp6OjeEVPZSevuQv6yaIY7QodovR0Wv3Oz/5bn1Yjcxf8mOlUpn3yQ93O/r+tHwjuIiWS02gMzfu7TlwBOqtbaBMCoWjhpFDTq/Dz0IQPbqRYAn8KRhGivi+VePleR4/UXg/PiXKM9Gv5sIrD/uUgSvXH3RQOkqxVFq792i5XAbS0IIuEAjAI5PLNdS9rj6cXcdXdvWOuEppcCzLdNIIBG/zcd/I435bR79t2FMNFjUnkyDVnic1zEHX1BAzSIGAXyMTygzRarYEeCCFLfSqxVh0q7mY/F6nmUx8Pg+uEmslZYy/6uZmkYllllk2VbPIxLKZMYtMZoNmhEzU8aGPZlIj44qWxOOJZJIt8WpFnkCIB0wm37+rRcXjcZaxAF83m02m0n5RcQsSyKRz0GEerJfZXZ4pFfKsSglzr4vF0Qr7V//R0Uomm1uxcV84mvrr+gOxRPKDL39GZ7lcgtudzrBYh3meZsqY0mOK+dwY3zZ3++Ez24+cLZXKNx90nrhw6+qdRws+Xbb74MkJQiWkXDazZe8hIhOfIOpP2f3GHHf495St0e+oJ8qnUikzhEhKVFYabCsci8UiUbZgrBmZkPCO/rJpN7XjydTO4+dAJtFYbNDByOT4lVtaYKSZzt9m9UwwHmTSOWAfqRGIW5A7BuySogKQglLYFZAakgmtziKFq6VIJ2ISrtAEZBIMBhqSCcEJ7gIsYcZn0MgkxOvZNySTgN8bqGWtgE+Mv+rmZpGJZZZZNlWzyMSymTGLTGaDZoRMlEgkn8uanXgS3OgKV1hlZML+VZsfymo0w9dKwT8uNLmcFenLsdoaQYmt40qb1lZNVdl0CjetwO8fZX6/QTfaBzccn6Teotldnr7AGppX/fGf1zx9OnbxzoNFn61c8v2GWCK1Yst+TiPlBUt/xKnz1+5VKpU8j6iYp5pAmXRaidTyQPIs6gLhFgs/XUbRmANnL6Nn7uK/VjggTYoleV5Isa27H1hy/NwlkKf+lMNEJna+KxekRMahCBhVlBUqyEiSw6ogymJYMSTQh2rDQCbuQHDY4dHIZO3eI5rwcaXSme+37P3ohzVnrtxhbwSjWOQt4vD4gByGuooG+YQQxmBkPMJ2+gKKuNkubezJhz3B7iEXPYzTJ2hYAlUXaAFFOJyYwGMSKeFQs+wR9IuyINfIhDjHUPA+zHAlqMpBliuvi5kIfjcbzNvasi4ik9r8LNhi/FU3N4tMLLPMsqmaRSaWzYxZZDIbNH0y8YtKqVgAabDMAZMfD7GCfRGhUioEJLV+WC6J4QgdkswX6s8WCsV8gd2lWMibh7WuZCJBEFJQPflLf63sfn1096vZE5+Odh/luRalYY9kzi3RS+8oT194O3hPcJ17evsJBt7/8me4xR99u+bKvYcLPluOpwIq8E2Ay2gAIVipwefafYutEyuwe+HTpFCJKEo7j539du0ubzC0ZvcxdqOx0YfdvXjN80Vlk0oQw1dvPwCZjHgEwzbKhv2Cc5mMKyB7+SZXyfElKVWe1K7qcCWssGR38AlPOGEkE4nGUsmkVjae1rlBwNo8JxMS+5wqbCszrYc66apEIvmol+245fT4zUBC2nr8PO2YfLezN58Mgky6eW4Mqc/mARHRbPolXkAXXmGdAQmwRJk8QmKULLF1WWYsITKRdGRCO/8ayASXayEUw2ous8aTCZPxV93cLDKxzDLLpmoWmVg2M2aRyWzQ9MkEvJF0d0dv7TDEPSjWkeN04V/xn0qpiIfXX8eh99v/C68UMEFDOf19XrSzMoX8En34BWeDm/6A8SRhzb/CK6dAiuFeNWyonzJMleMruOCkZj1dlRMfAUjMwikMKBYLE8CJ3qWeppjLXC6dvsb+UR9UcPLirbFRluMB9hDDysffr9178vqmPSe8Qmjux3/9y6od5GfjTZn3vJpUFAbZtv/kD+t2we2+9ajrcb+r3+btH3adv3F/7sc/wB2/fOcxC82USpTr0orgqe87dOzMxatDTp++P5lIGp4QDENO/KArYJiEM2oGEKLFUmQlqm3zhVPJZJL25gqxIicMYxQ1ikND9jzYRlbUiT8ZMaxevteOTwBvFB8s5ZyQ0HZ6AzgVSyTvPOoOh0NUHQWftkYg3UMOrf5jz7BT6x9w+DRseI6ACSQEjUCiyc+TTChHhSaPNCeTCCeTSWWRiVl/XzK5du3a7t279+7di/8saJ2ZTObAgQM7duzQdx4+fPjgwYPaoWWW/fbNIhPLZsYsMpkNehFkQsu3ijE4djGKeBCZFItsHRe8cSITEotgVMqszV4LOdFJl9NURCb5QoECJmw8H5wL9Gsz0L0oEsJO+Xqp0zBVKpXEgJy/zwwkelX2/B7DDMn6L4hMKFryxbLNmWzu3c9Xbj14atHnKylCsnr74XQmGxJFHI7yrbfG2JKkKjCIcmR8bfVJhA/myv3HCz9dns3nWVChwuIwFZbHMvrRt2vho3+ybF2hUGD+OgM/4+XNBAZw+qWzV+94gmGQhP6Uk+2+NW7wQC3CMOwaxzB5ngRPDVFmOUt5XmZRv7jLPBJns6xOTjwgyhAVPOFLwoyXmPVk2Hm97fEv46u/a4qnUr0j7pCs5DIpYMmIq1rbnuTwVgu2ZNPpYU99NVfXoIMAIyyzautm8JhUviYbc/EEEm1jLpbBouqSTDThvubOCA+hsL2DRYF2HDbPb5GJpr8jmVy6dCkWi1F7165d1FBV9cKFC/VBz56NjY3h7IMHD56DTE6efbBq/amBIR/ao6NP128+q6hJj09eveE0DahUxtZsPK0NOHj09s07vdqAfKG8ffdlXHLo2G0M06a9fa8fA1LpPNobt53v7feQtAGWWfbMIhPLZsosMpkNmj6ZeIOygUwAA9L+xf5l/+z97t/nZRccayKTfCYVWPUvGpkUIoKw9n/iMHZ7R0Hxgip8y/6j74d/Cqz675Xa2jAiE7YbbCxeKhZo2Ziw/jWMUc78UC5kK8UcJsGEmAcjpf0fox1tO5zsvoAGTUVPFYlGWYji1FIzjRgE77xYLFBIxyyzpzsd4V0PO90b955ctmVvOBL7+Pu1327Y/fTp2NVbbV+s2PzeVz+JSgygYrgqlUxNlUwu3LgPhADesNVOpdIHX63K5nK40a5DZ975YoVXCLFVT5Wy+doJFI8naDtdZ0AyRCrMj9dvr7r4nkDIcCokV5PdARvEHpxMxo0h6cikrlw2A0SRwpFkImk+a9aQy98z7EymM2YsgR709IckJVXbLaB7yKHhhyeoSOEq/OC9O3Xp750amUgzTya6LYMbkwnHDyOT1E5pDxMKhQRJZGvG+LKxcSvHjL/q5maRyYuwAwcOaG3QSLlcRuPGjRsarpD9+uuvdrv96tWrUyWTdKawefsF0AiBB6xUqlBj596rNGDf4ZvtHTZtAMGGNgD2t7/9G15Hx54eOHJr7Okv1Ilpr9zopsGbto/jKMss08wiE8tmxiwymQ2aPpm4A6KeTEAU5WIuLzkpcEHMQGTi+/7/rfCgBzrL2aR/5X9lYyplXFtUvJHLa6uxjli4EPUW8jmNTMQdC0jFhFKIBBiQlEuBNf9DPrhktJQPbXmTTcvJhNLrvd/9P7HbO9GQDi4hMgFm5HPZUkysE0jPcRZmSato5DsPsbYWNtk/B4dKhKXBmGX2dJ9bTl/I4ReLpfLXq7bdan9Cu9zOXfzXsBrVciRASeFGNRzZ/rmN3PSGoqwMzLxp74l3Pl9hc/lz+QIagig/ZTkZo2b4aUVDTh/55X32+l5bJJcwDi2AHC6+JsodDGtOP0lSIvF4vT5jOp1SIrFm0Y+GZAKF1Ugq2RKWYKTLL6Z4YKStu8+AJfe7eoEl+vGP+20afox46gVbwFdaP+QTqoDByITDw1TVlEx4rIPIRMutN+CHwlJcjExSIxP9XdjlisxCKAKvkaLtNWz8VTc3i0xehO3bt09rP3z4UOS2Z8+egYGBHTt2nD17Vjf22eXLl6dKJmTrNp3RwEOzPQeua+2AoE48AJbLl3btq7IKmKRYquASIpMtOy/qR1pmmWYWmVg2M2aRyWzQ9MnE4RXSnid6MgEM+H78D4HV/yNyZR2Riffbf8eyRDa+ni/Aiixp5C//t3p+JYEEu5bHTORDn/p++Cf/T/+lMj5mMm4pV6Xs+/7/w8z+lf8ZrAIywSvFUjCShgGBkt0XSqWifPQLHGZZhkkMj1HoOt6QTEYrfFGZPnICMlEjWROWzBSZ2DwBija4g+CLGGGDICljvP4Ge9VVEbH5qmnfxkma9JsFdz+WSN/v7N1x8EyZf4xAkct3H8JB5x+1cbxedr/cLHNj2IV3oQ66/N7guAhJMpHUkjFIIA3y4Id1zj3JDBtgDCmsGmbQ5jH0YJgcVlvEkjz/0Bim4jNJpTDb9QcdkVgSdIbXK/cedQ44JGXc8wzx90gCpWj9HTpiwVfp8LEUdk1m8JhUzcosMnioFTPhMzdIfw/rkkzM0sImjTYNC4khttDL+KtubhaZvAgbGRk5fvz44ODggwcPjh49Ciyx2+1gEgqexGKxK1euaIMvzxyZxOOZ0+cfaodmMtEPwNmf1508evJuPJHFYSZbuHWnFw2NTKhhcwRXbzilm8MyyywysWyGzCKT2aAZJJNiIZ/PsRIZhZgUu7uzXGSRjSqZfPfvYx1nQCNEDuhMdJzEK1s1VSxGbm4HmZS4pYbuSAcWF2MhipmALohMMDltYxW7uyc9fIc4pHUygfuLx0ie+XOdPUIDjEYKmSqimMgEwPAiyEQMKy5/yBNSmATJEwznshmgyLrdp320pIpny+gvMcQfNMGHNmyH1VBwwW2eYCgczebyby/50S+EMH+pyFJc9LkrzRSJxh1+WTSVTQSuuAXGG0+GXYZlVJTRru/hJMac+H5TdMVMJnnarUttUAPevMoLw5TxuxVPIGDMiLdedAVgNuL232jrvHizDa9oq9GYMyAH5UgiwarXZ1Ip2k+M1Dlg167tGqyv8iLpi5mYwWNSNStmQrGUasykOrORTPTp7w1FEZUJcmCMv+rmZpHJCzIAyc6dO0+cOHHv3r1MJkNkop09duwY/mtJ7cszRCbpTGHvwevF2rKuZ43IRD/gl19+TaZyJ860EXicv/yYTmlkotmVG91yOKHvsWyWm0Umls2MWWQyGzR9Mhlx+UAmYIBU3xWuqwXFJe1fnHU9Vi/8pF/NlUvGhI0sv5zyTPKqENrx9ijPM2Grua6sj93elU9Goje3ZEP9apTVlQeTgDfgRhMVAE5id3apl1bnAgOYpEUyyaRTohw2sEelmEZPKRcp73+rIZkoitIw1cTs77YoUVaoMJ8nqLhriRl4Ffk/0lOaB6M704X4KJoRiMuUaD7uwkic50IoYBs5rOIGa3Yd/vDrn8emXjkePr3dDx9dCUgRNRJLxBP+UDXLQgqPK4mIRzWnv/fZWPr7iEdw+qoZ5JoCojEjhSsDMlTHb71lHgwsSbSWW5Ln6SgOnwhqMnSmkslYLI5Xtjsc72RBtkTS7pMcrABLNdrDn7+6qxhG9juqK9m8bMMuJy5Xwmyz4NaKKhqFq5puGSz4Q6EAEUXDpVyEHOZOsyieox3qn9P4q25uFpm8aNuzZw9ewcZa8snTp09PnTpVqVQJ4fJMkEm+UN536AZe9QMMZGIeQIYxFD/RSw8nNkfQH1B0V1g2280iE8tmxiwymQ2aPpl4AkGWwpGKaGIefyZeTMjlAutnh3yTrkKhiAbbKDcVIYRgh6PlSiEDn5xFCtKxYiJcyiZYoCOdcgsyK2OSZIM1MGBXpaKldBS34JOXWYOTCRrVaVPRciEHMinn2GoljUxSF34w4Ee9nVYNp27ca5ckefpkAi9WVlh+BbnmfN3ROMwwVyQ0q1nYpNm1wIMRvnOU3Rty+Kr+dL0GSCP+mVSiEuNPngFNYf4eXuXD4R9X950PixqeFuOp9PuTYZfhvTdbtUWS1RjFLkhs/VUtAZ2dVUAu9QSVSeX0SyNeEcATkhtEaRqK3iMJb0pDFzwJvSPSIC9pb+aN1hVsvmWwFooJBryC3xMUfFTPUanRCBVYNHOIWWyeJtEV46+6uVlk8iIslUoNDw8PDg4CSyRJos5kMolD9O/evTudTmuDL0+bTIqlin4frWQqRwM0MsGAfYdvPuqwaQOEYOTBo2Hgx+nzDw2LtShmUq6MXb7WSau59Jt3WWbZM4tMLJsps8hkNmj6ZOL2B+EJl8ulumpV3iv8kF4hRY1QkgMdFvI5OqzwHrjL2lW0lCuZTGSybHfYso5MtGE0CTWARpiAbo2L6RTr5A04kvBiARu5R3tbJ5ObbZ37zj8QhNB0yARQ5PKH4BMzSPAFY+O31iX5RVVzeZvJ5pOSplQKQI6hmiEpm04DSHBH3Bfeux4Givm8PoNlSgqI42IjHQO4iWrzGjfaAixJjGHqPfDjyYN3eMdVMsG7lhSWzGOYQX9hWKnfNBKNa0VOtF28WpfNK1E+DD5MJdoS0ujT34d1ZVhCcr3Cifa+zLzRusxAYiATwhIoFPTRgjEuAQJsaJQygVROJs1GGn/Vzc0ikxdh4XB4x44dO3fubG9v1/ffuHED/Tdv3tR3Xp42mRgiHlqcRCMTNDBYPyBfKG/adh7tPQeuDw6PS0wiMvn1179t3XkJA4AlcjiuH2CZZRaZWDYzZpHJbND0ySQoyt4gK6E4qcJq492uximbAagQrgBWcrmcNygZx7QsmkcKqyPuQFAKl7OxVsikcmg+Tl26cd/uFTyC5B//AGb/taGABw5f0BtSAA8jbiEer//bv1kGp1+njI+lo8ipVNobrG5lG5Qjdr/sCMjxuJFVEomk0y/ijlBQbBxmeW7hvegPOzmZDLuNq7NAJpnxu28NOKr7BRs+BLYCqlEyiV5UYJHa3qBIq9rwaqixOKlCMsvq4VVQMiCcJNt2WZp0JdiAw6/hhz7JhKiM5ApIEf4wZt5oUYocapZkwuVnQRIpGBR84BMxFCBE0WIpVRGrsJH1cIpeSjXJxNhvkYmmvyOZWGbZ/95mkYllM2MWmcwGTZ9MRPbvxy2RSSzOUkcmEScT34//gRZ9lUpFlgBgHtZc8D4LObZyKZ1KYo74g0NwHN0Bqb2D1XdvhUxSAzdLpVL7k0GfqEBuQYrrntzsv5qVSadsfDGVS5Dd/qB+V9yGarjLFhxoMIm/xgNw950B2eGX3IISY0xiDLOkUkm6KbDE5TeGMqYvz/g1WpQCPuj0G4a5TQvPyI93BWRDeCTICrpPQiYQIESNxEJSmOq+p1MsAkYFGVuXwy/G+LeAjw5YkmefuZzgjWbCn+KIJ6gRSIeeTHSxFLtPJBIzIwdRR1hmzIDXZikoAAa/vzGZBDiW8DFsEiHgZVNJQYlnnjQWznI+CUuCfpUXpb+bmcQiE00WmVhm2Qsyi0wsmxmzyGQ2aPpkAo8R7rsajeF/shIVw5GQrMKfhtyC7Ko60zLkCylmkDBKI5PRilZa0ThmQgFpMs72jKsTVAOBTOCKglLcfoGVUIwK4+DEpOyh93Dr9u4+u0fYeKINevTEhjcYCEmYJDcZmeBD4Gu3WBKCP9iANxpKkMbFTMRwFBBiqPsxgXBTl1/kme5ySFayzTM3SIIcgV+OJwzKEQ45xgENhUfSHw45WTzBUMkE2GC+u4MvZjPXPFHUWCvbaoFGGNNyEsuk0wAUrzA17gLc4iukti9UBSe8d/NIvUBNbl6DhcSTZKqn9PknT0aq/Wbk4Fiikcm44AZOKTVKkcRgs2Im/oBfDzBaprtKMRC+mosiKkY+GX87vu5roi28jL/q5maRiWWWWTZVs8jEspkxi0xmg6ZPJvF4HI57JpVquJOVXnBbITNIkEARrEdHJsFNfxA2/C52dw9b1jX+qnytdgoadLl2CvPkZVcxEaZVYSATLWult7eXAU9CLt5ca2YSCKcwICBKvcPOu51Dey92HL7WA52+04v36IX7p0t7MCiVSvKtnFS7N+gJsCVVttpWTq0ITnA0GvfxWoQTJIUblEgk6KZsD+KAaA6kTKpUMqVE4o6A7AyEPfB1G1V1JBkCO1Q5UfPLtU7DVclEkjx4h+nTYOnvk9EXOEcYv1NwPJ6YYoZJZsQrOvxyOBJj23PxPQNCpk2QzRpwsP3ENMlqFFQDogOhuYPV9HdAV/eQg8abyIRlg4TH7dLLdu6ioIdGDiwSAgJpRiZ+3zgyaY4WGqu0AioUVFFkwSITvSwyscyyF2QWmVg2M2aRyWzQ9MkklUzCazeQQ0PBDTUszSrmc+VSMdV3JdF7lTLjGU6MVohMIlc3xO7uDW2bW+bQUtsYKo1DGkxMUs6w/b6okwFOqYjL/Sv/S6WY15MJwMnt84cktkkXG3bmCwOWpIdus/Vdo5Xunp4Rt797wKaRCdQx6PYGZac/ZKjdQQrJkRE3W0nlDEhqhK0acvpF875VEwgur90ngUzMp5opEU/QBly4qXPay7ci0Tj8dXuTzb7yJjKhzal6R9z6TvPl2ubCgZCMb19TIpH0BcVEc2OLuNRoSFIM2SlsNdf4nX8nlhKJ2nwiZgOT0MbHeVP8p6E6dRVLnH6JcBHPjm9Y6x9y+fvt1U/AQCZKuIoBJmLhsRR+ilZYQWKIFWU3y0wmzRJF9IjCJ68GSYxkopPGJ0Aa46+6uVlkYplllk3VLDKxbGbMIpPZoOmTCZzIVskkbSQTIIKw7pXojU15yQHAAF5Ih5ZUijkik2TPhfCxL4X1r/Fc+Gy5kMiHRipUBp4norBQia8XIqLIjDQCRVYAAIAASURBVNxDTzEWKCTVYlTIC0Po1Mgkx4I2yRGnl+CkoYKS3NbxRFFVlz/oCcq0mkuDE8gdEL0stSCkFRhRI1GKWriD4ZDuX/ejsTg6RdkYQ2iooMRqhJj7mwlevt3LUiAAP4ZyItNUNpNWm+xb5R6/DxitWDNUTjRUMgFUPOELn9yCHFYi+Kwi0ZgmPz4ddVxPLMZ23yLhWvy1yPwq/Zz4ewvJrb5lVmXSK+mrweDdgU/sjRJ7DOqzVxP38U57hqv4kWPbJTs1MukadIRqZekN+FGjggZkohcAZoL0d984MmETTrAiqypFjMiCKgVYQxH5llzVKIoGKqxfZiM1SjH+qpubRSaWWWbZVM0iE8tmxiwymQ2aPpmokUiLGfAgk0RCn0qeAUjEbu8EewjrXwWQlHnF91IinBq6Lu5YAKlnl5VzyVIhD7oAYyinvy/x2AiVWQys+Vffsv8YWPXfhLX/E4f+Ff8ZU6Hh/fbf+X74JzSCG36HOWnpF4nBicv7sLPPjCXeQAinFEXFsARfogafeNjuMcAJ98jZ5lcOv2T3cVDxhvi/6xtXUoFYgCtml9cglxBOT7aoSZMnEKLkB1dAFms+8cyqWY0UQapHKiLRBLnmg846maRYPs+4NzLk9FEhF3OSSZ6v5mrlLRjWboFVglJLn5g7INl8UuvpOnrhC3Ww1B32HoFVj/tt1K+oUf1Wwr02j3aJATkmKLhuEPAjIDSGEz2Z8Dk5V5hppCqGHGHPoCr5ISXgUEUv55NqTgsabEUZH6YILlVh0Rua2firbm4WmVhmmWVTNYtMLJsZs8hkNuglk0mEV3YnsYiH7ClnYqWkkuw8DTYAdfhX/KdyOopm9MaW2N09tEYLg0Emye7z8pHPKVTiX/7P0etbUk8uQhlXZ+LREYzPuDvjd/egUUyGMCcaiQeH6XK9wB4gEHPk5OLlazhFmTDZdMoXCnsFEe0dZx8evNKtkcm9HkfPsFsrtOcMSM22vnXxWEoq1WD1l6ZYLO5vumWwQRlBCnt4hgOYRxAn/1f/55N5RRZJn63uE6uuuc1d35sLzECF7TXxTHEKrdQ9eE0htjfXpO89Az7EsGQSH2RSCithNYpGtElgR38hsMReS3yfquQwS92h9zjkDlItRQh/Er0jbo1MAIraJQbeIIowdDaUvzmZQPqR1cSVRpsC18nE3U/REk4pAxFFqgZPap1c9U4+sxUzYbLIxDLLXpA9P5m8M+eNV15tVcaLLfvfziwymQ16mWSS1ZFJIZdN9V9Ldpwa5YUV8RLaOie0bV6xkGd8IipyJK6yBU4ssSRXC7Akey4EVv03/7J/ZlcVCxhMYvkk9/cXYyK6o7E4MAaiU+bHyNWWdZ24fKNUKoFJ4O9eudXm9nr1Y1z+kFuQ4D2jvft8+6GrVTjZfaGzzxF8MgIfVQ6OT842yy2EnX6R1303nspmmOscbp5xrimRSNi9QQqVOHzBVsIF01EikTRXSsHnr+3ixYuBsK29ILc/qI0xLOUCpbgEGqbEdaXc9XNKSmSCdH/MoKjRXJZVLwH+KZGo9t59k+Gc3SfxgIwxkNWinjB4reLH434bVSzJ89qL2oZdDh/Lk9Eu0SME7crVMMnEpKaruYArhhm0BBW6EGpIJrRSiwiExUao3zeiij4NXRTfMCOTkFfx29WQx/irbm4WmVhmmWVTtecnk4VvMuR4dc579a4lnyxYuOid9xbrxrz5PGTy4YLX3lyIqRbMfxvXfmw8PfP2x9fe+N28D4y9/5j28TvzjV0vxSwymQ16yWSiRqLVQ04a2o7ARBdQobbyKhKJGtJXcKpSy3o3IEe+VsMkFFYDIWNlxkw6FYvFs+O3DgOcrD90/cLVW/fbezr7huD6J5MJ/QC8LzwA+IQOQSbrjt0jMoFcQvhBr9Ps0RoUVvDhsOVehv4UK04yCdXk+Sa5Dr5gzBWQ7V7hRTOJJvOzgUa06h9BOTLCa8x7eV57/arxG3OB3GjMiKdOLyZlxCbp7FkqzcnRAt9WeHzlE8dkKewNS8S0KLyp7iHdvsDDLnqMPCOWesBEv5QrP55MaAMubV/gCdWUTNBvnqG2SMzYT6CisiVbbKUW8CPsGWRwEg7ikPV4hyG2sivo0ciEYYnoR8P4q25uFpk8t1XGfjV2vUj79W//ZuyyzLKWbWb/fqZHJr+b89GSes+c16sRknc1mFjy0cI5bz0Hmbw+70Nqgm3mvj/+7MzZK28uMnb9b2Afv/faWzpcfFlmkcls0EsmE0mpkUlt599mh4rKwMAwAw0zjNTLLUgGMjHwhl6bTz54/GRwxO13+kLmMvYZtqCL1V+nQ5DM9jMPNTK52+30hpR0qum/95NymQx5sYZ+kMakmBGSVdp6yy3IgihNusHuDKq+oCuXY8pm44lk9c3mcqAyf6gaNxBryejFUik5/tPorhX96NFVAjEr0qikCS+nGAFP0iH+GMK6JXOFXC4cTRSBp/qr2B8Ge1QaIEdMA1rWsNMH6tAIhBePZ/34NodcAa2/e7C6XzBpHD9wMmnED0aBPQLNyaThDM3WidXiJHyZluRX/DYl4GBBEr8t7BsBhLBwiuRn0RUtZhIOht0DYc+A8Vfd3CwyeW5LZCvGrhdpV/rzxi7LLGvZZvbvZ1pk8sY7uuP357/y2lxQxbzfA07e0p1YOh0yWfrBgtfnszamXbr4XUxFMPHxewtffY2h0eIaGr3y2rx358197bU3Xn0dj7H0j6+/+cprb/7ujQXV0/DXX2PUVO15f+HvaxyFozdefaN2xyW//z2L87z6u7do4g/mzXnl9wvnv8n46o/zqh7/4ncXsmtfe3PBhzoy++3Y3wNOLDKZDZo+mUhhpVUyyaT1ZDKx2LTBKhW0LjOZ6Mu3G7T3YkefzU2F3htSkCsgUh48HSYSiXXH7hGZQAeu9jyxGWt0mOX0BcEwWm2TsBpz+CVDPoZBQUkBunhZCflwQDSGL16C1GgslUoV8/lCoZBIpkZHK2oMgJcZGxuNxhPlcrlYLJF3TsucCvmcrEYEKVyosQE07K4WUDcUJDFIVlRDtkkymcSHrl8A5g9J9YVzudzo6Oj+s1fwMPWrcjkcZrMsqobDUql84NxV9BQKRf3MLapjwE7VWry8YonWD1aitBmSPvs/byATmZUuMcODWZIoNEsy0W8ZrBcFZMz9xCTVUAm13SzPhMdPBhiNCK4wB5I6mYRY/CRixUy4XjSZwJK5SiRVUpMvQ7eGC//nIvf/8Y4lS1MW/nLw92P8852GzRiZfDh/Dpz1D6tkMg5FpkMmH81/a867rIFpQRXzFy6itWKvvsraC+bOfeX3Cz7gdPDKq3NffxP/fVj05u/fWPDegjnz2VkM+4SPx7WsZ+GiP/zujXm4YMnHixe/88ob7yxezObTyAQcAnTBsPlz5rzKIyqMTEA4fGbtjWDaBQvfWzD/7fkfUcdvzua8/sZLhhOLTGaDpk8mQVE2Bxwa6u9CJiAB8zDSpGTi9gfRL+gm3HD8/vZzjzU48QSVMK9eMoHYtsJ+iQpo5LIZu0+SJ8wtCcoRKuRn4xUbzQNegrJp9rmBTB73DX66cgNcfCWWIjL56Ic1ZbYKr4gn9Il1MnH6AoMOFyOTXHUSGjAuIYTHu6oDtAarea/oD4El9fwN3h+SlfrmyJxM8Bh6MikVC9l8fvnOw2OjoyzFqFiiAc9HJt1D9X2BB2q575DLX2Utkj79Pa8jE1bJpPGCqwYKNalkMgGZUKFGc3+NRvop4QSvnFIkxTeiBOyMQ6SAlh9PZKINNv6qm5tFJpZZZtlUbcbIZOmiea+8NveTpZ98sGjBK6++qTvxPGRC0Qzo9TnVBVcgk/qqrnfnv/FONVjBQOgPC5eOu8uHr/yx+mSfLJjLieM9/cKtWkhnkdapkckrr87Rhr3xGpuQkUmtE212J04mH3zym4yW1G3J4gVz5xO0vRSzyGQ2aEbIxNMyQgREtidvK5opMoFTax5GApkMOjwTkEmSpZ4LzlqqCRSLxdYcqYdN9l7qcgfD+nIZevmC1TVR0Tirgy7ADxSaZkdkUil+L1aX0OEXn2+v2xmUzSfHE0mQydKVG4qlYgkqFvKFwvebd5PHXyqVCwVW1xKHo5Wy3eMHmWR57AISZQUDkulsNJGkAdRf5FsOoJGpjYSoRk0mm6U2NdCC2Mhslupv4v50iLaBTNCzevfhz37eRDPkC89PJpl02s43VSN11PYLzvP0d60f31GylnhD0gihuoOWiRwaqlmSiWDaMlgvvqCradhEEZw8r51tGcz6qdY7rfKqBUkUrRHAYJvxV93cLDKxzDLLpmrTIpPX/vC2vud1vlwKYkGJqi35kIHKlMmkvpqrZmw1V80Wv/2Wdp6lu7zGcr51UPFhnUPemcdGLl6on7AGTg3JZJ42DHdcXCWTaqdGJqzNF3Qtegnp+c9jS1793dx5773Uh7PIZDboJZMJq7gXiSUSiUwtH5024yrxKu85vjswHcqKaiAT7VQ+m6EGtXFKOyQygQ+tzZlM1QbXOjV1DXmGXH4wSSrNTCvIqB+TBk1JKjiBDjEGPujy/bc1OBlwheDImh3c/PjCICMeoRmWgEkAP+zf4INhuzcYj08ShHk5kpWoX1RBJna399DFm+VyGbDw7YYdD58MEU6cvdl28Py1I5duHbpwHYcOr/+LNdsu33sIJDh++SYGf/7zpluPuu60d321ZusvT59+t3Hn7lMXMOBPP2/+buMuNvLHNTfbe3Hq42XrLty6j56lKzZsPHji9PU7P+869HRsLBpPrNi+/1HvEPp9QfHp0zFcgmEXbrfpyaSQYyTz1dqtohIZcXnQLpXLE5BJjv3NZAo4h/+xrRQyWoJ7nvGkpF+ypd8WWb9hV6+tWntRkx4bWtuViwn4YWYSUjA4bstgvah+vLmfSZ9twkcqVFqxdkrVZaRobeOvurlZZGKZZZZN1aZFJiymwZNAqrb4vdd//9Ybc+uRFO7WGxd3TW6TkUmTmElzMpluzKQBmcCWfLBg3NZkvxlbjHf9crFkqUUms0PTJxNhKmTiDMiugOzwS5AAjz+ZZJsGs3+Lr+7wi0Mom8nEk2kDmaC/jFPZbLlURDuDzlyOwUI2Q4d4xSUgE5ZskGen+MKeIk4Vi4XRShkNveB8D7v8flGBj5pMJolk6EY0AKjC4AR0kmZL0egW8EE3n3qgkcnJW71wZFPj//mcJMj1pG0/93fBY4YxmHbY5WNYElKcPiFtGvD3Er4CIhOPEISXr0TjcPQ/Wb7u7I27YAa0AQlgNTQW/7h2yOVz+gMnrz/C4YYDxz9duQFj/rplDwZUKgwSiEwqPAZy6e7DW+1daIBPlm/bh1OfrdpMYRPCCTb5D2tCYeXRkwG80uHV++0gk2/WbdcGaGRSzOfTmey5W23oWbXrEMVkmpEJBbhwU73yfLc0GkBfhyb91mE2b301l80nxeIs90Y7q7FBs4BGQzUjk4DgF0XBPJ5EuxK3smBMru8yPJGMv+rmZpGJZZZZNlWbLpm0KOPFE9ukZLJ06WuvvTF/4XsL5unzTCYgk6Vv8jyTRe+9/8fXtZDOJ6+89uaHH7E1YvU8k/lv/e6NBe+9u2j+W2/V80xMZPL6H99+f/Hi+XPmvLmI0lh+Q7b4nZcdLSGzyGQ2aPpk4vYHPYJxo95m8o3PlYdfDsz46ptv8UuGE+kNhsscPz5a/DHIxC1IMW6JeDybZlQQluWvvvoGjb8sW7Nj527wRiHHcgwuXbo8Z87c42cuxRNJIpMdO3bMf3shy4coFnGqo6MDZLJmzVoIh8uWLUcDZOLwhRLJ1MXLV9GJkfRUuAqHGPDpZ1+hEVaUfCH/3vsfoE1kkk6lVx2+t6sGJ4/63c6ALkVbJ2AYXN5YPGn3SZ6gYvcK2ik5rNLaLXcw7NJVBZkRRaLxZmvMpqT23oFBh2vZ1r0bDp6E93/9XjsjE4Ymo1+s3pLJ5tkyqj1H1u496vILGInPGwNABRhyt6P367Xbftiyhw5BJmN8qRXRDhpr9x4haPly9RZ8lex7Z0ksVUTpHrJVymWgC82w/8wlbzA04PCU2XowHZnwgMne0xeHnB5Mu/jHNeAZzGkmE1Af/g+n8BBPRlw7Tpxfs/8EXtHGu0D/2OgoxnQO2DX8GHEL2scYEKs58aQBhzfHtjyOeoOKjecOESc02zirmZqSScA/8Ty6wiYTqUVMMv6qm5tFJpZZZtlU7fnJxDLL9GaRyWzQ9MlkyOl1B1olE3dtE14SHNnvlq1+++2Fi977sADKqMVMPvro40Qqo2WAQKAUDCYyOXH6zJ8++wLDwCR0ydy589euXbdgwTv5QkEjkyVLPr3f9kAjEwxOZzKlEqMOn89XLORvdNjEsArndcE7761YtXHE7tbiNgQh0Pnz50+cOIlJ9GQCbTzx4OdDd4lM1h69D7rwhhRJieZZpcJUJBYXJJXTiKxG41RpEegCjzYeT4SViINnMti9QV9Qeu5qgBOo5bryTeUSwj5RhZcP3iiVyj9u3btyxwFgA5EJtGTFevRDX63ZeuLqLSOZPB0Dlmjhi1rMpJzP59p7jWQCyAEtaDETSiPpHho5fvlGLJmifpAJ5jxw5jLO62MmlMGCh3H6AlBbVy/NaSCTdCqFQ/Q/6h1avf+EWev2nxjj0Zh+Rz1m0j1UL1nTNVgnFk8wHImw71ovSnxvERg0+ZuQiZ+RCVuIxQuYNBBls9A+XXRTsyhXnpZ+sdmax1iMv+rmZpGJZZZZNlWzyMSymTGLTGaDZoRMXAHRDCEN5QoYF2gtfOfdZct/+v6vy2KxaJEXg2dkUouZOLwByOlje2Tlcnkik7nz3o7GYmXd4isww8P2x3hlZCLKRCYPH3egp1AjE0Fkq8gIVOAOggf2X3yUyebgvKKnr78fbENzamRSLBZ27jl47eo1M5k86HNr2SbbzrQ/7GflL2w+CQ69zYcbyQCV5PjS7+ATL9tq1ufws+KJdl/oxa3dwt3NnVMS3kuWx0z67U7AwPmb9+Drgx4AHnDfAQmfLF+XymTxgaPhC8pmMvns500ltqwur5FJuVwp5HKPewfMMROQCSCHcILAo3vIdvLqLcBGNpvRyORPfE6YRiZ4Ntxi+/FL7MLR0Wwu9+2GHSwjZTyZxGJx3AjPb2YSTRdvtmGMzRPQ8kw6BuzaB9KhS3+367YS1sRdfIYBM0ImoigQclAQZkZEz8a3MzYiivFX3dwsMrHMMsumahaZWDYzZpHJbND0yQSenLtlMuGlPKptyg+Bu+/xeKLx+Pvvf0hYoicTbTDgJJ8vSJKE8R988NGFy9fLDBIypWKhu6fnwIGDuOrAkRO37z9KplJEJna7/ctvvu/p7SMyofqMdEcik6PXuwuFwqP2jn37D8CFfeuteRUeh6ExhCJff/s9sCSbzRnIBDp5q3dHbQdhUMrJW30uQdbnUpMoSDLsDrgFVqLEHQyDTKK1GoITy1yLvUXVSyU+r/yiUsznhRD8WZVoYcTtBTwMuXzw74tF0EH53M17ZzioQGosIYbVZCo94PCcv3X/6dgYvrKdJ85df9Bx4Tbz+G897Bzjq7kwZySWAE487Oy7cPs+Tl1ra+dkUsJImg2NIL/v6et3rrU9vvmoE/NgZDqb3X7s7LUHj2lknu/iBXrB3YG1dAhGAo7SACITICKuHXR4zDRiEMZgpMMnEpzYa1Vo8iz/pF5jsVNHLJrUaoH2qZFJszKLUJVM9KoFTBReL4XxRrWeo5E0xivErtJFUWqq9xh/1c3NIhPLLLNsqmaRiWUzYxaZzAb9HckErqTL44e7/+FHi4Ei5Pc3I5NkIpHL54lMlLC8YME7jCJ4KvzmrdsXLXoPlyx69/31m7YBNjQyUSORDz5c3IxMTt3uhee6ZctWdvlH4x4A7UQiPnfe21998xeQSTqTNZNJJp3acKKaCr/6yL21R+97a5UHSelUatjlcwYkD1vrxTxavH2PICYS42IpzZRJp22+Bv8234qe+0JNYTVWyLONfUEglMsBBcNRTheVdCrN+gsF6i/xvYOhgByhJV65bLZQOzvGl1FRo1wbiQ+nVGZ7AdMpXJPnXKEXLQar1HYcpkM2uFxt6C+hIo/U1m5HnfhW0LPr1CU9hJy/fh+AhFd9J8ZgJMNI/pXhlUpk4rtw12ovGmIpmtRapZFwC3kdJNBFMzKZYMtgTTUyMfY3F+MZ/UIvTcZfdXOzyMQyyyybqllkYtnMmEUms0HTJxOnL+QO1Ct+TCyPriYjvPxPP/sKAEAw8M6i9+HgjlZYGT88D9z3RCIBR1a/aksUxa+++gY48eWXX+/Zs5clQ1fKBqJgZFIpE5mgZ+HCRc3IJJVMnrt8i19ShE6cu3LkyNEyD5ugEyDU0z/81lvzovF4oVh89z1GJpgBbmu6to/Tsv23iEw2nXy4fP9tqoMx4g6MeARyYT0hxeETh11+ZbKCjGYpahTesLm/FflDz3khKRqLgz3yfO/gbDrtCrAsGhyGZJaWEwiyrdW8bOdcj/lamzfolyKpVMpQ2V1TIZeNJVJqtF7iHXNmsrlmJVwikXGFKXPZjGOKoaRoPDE2NkbssWb/yfWHTqPxS21jLrTRs/XYeRqAkfj0RtzCkIu+RxY8odqXmvRbCWtS65VMxkUweI8ZEphEsWmZxdbIhMVPzP1TEq3yMv6qm5tFJpZZZtlUzSITy2bGLDKZDZo+mXgEydMymQhSvdIiIGHNmrUVTgJQV+/g4cNHWIE93r96NbRGVVU9mcRj0f37D2TSaeAHBmzfvjOdTu3eu5//iztbG7Zj5y4hJGOKq1euBgUBNFIsFjCb3W7TyGTV6jWSKNo9gUw2u37Dpp17D8Mz9olKOpNdv35jPJ7AISYnXHG7PXsPHMVVmzdvpU7yTVk+iTfo8AVXHriz5fQjIMqei513upy3OoZ5xXfJ7Q8l4nXn+znkC6kBqb5lbeuC765GpwxCegm1+2qrwuKJpCAqY6Ojtx935/OFgMQ+hN4Rl+FCVjw+Ei+Vymdu3KeYhlmlUulWew/Ar1jkSSC5XLlcvvagI8vjG2b5Q+PiPwCYKa1VS6fTmN/u8RF4POobAo1kcjmNTLQ2DcBI/Mn1DLu0JVveoNRrc2tY4mpSl4Z7+UQm41x/ntdh5AFSs4CJwHcNNo83iOIe5v7nkPFX3dwsMrHMMsumahaZWDYzZpHJbNAMkEkw/NxkQirk2N6v1CYyYZ28ygkaejIhFQv5crkE1xacUKlU8KpG2ebC7ASrncdiJjRSfxVuoagRxifswoJfDOdyLP0dSiSTPl7VRC8MgqtM7TJ7nmqn/t/OPUGla9i37njb3ktdtzsdIJPTdwa2nH7IN+kyJpxMVW4BXu24cEGLArm1uGCsmVy1WI0zUPfC0TnGq5fg00vybP4+mzvPPyOmLMuGVyJxIhMtQ53683mWBJLn6AIy+XL1lrbuAXzX6MFnG4nFMT6WqIEcq0NTpxRZjel7Upksbq2dbaA8+4K1Q5AJqKOzf7hFMsHIp0/HugYdnYMOmiGRSOirvw86fcY7cqlNtgyegEwmKAAPmccbZJHJzMoiE8sse0FmkYllM2MWmcwGTZ9M4NN7AkEzhDSUEomaOxsqEJL0eSYTyOEJJFJpIoewqlKeCSAlk0qpkQi8Z2jEHdDvQUxilxTBNmU0UqmUL6TYPIEhl7/f7ukZcjwZdvaOOAfsbpcvyPb18goQerqHnJSEoJebF7WA4NGevTe48uAdQZx0xRErPc4KkGcyWa4Mr+moFe/DbDg0XTW51Gi8emHOeKpFOTiQpFJpRRd7yeYKm4+e7R60S4oK9sADM5YoFHpHHNF4Aphh8/jQKJVZ0UQlGoOvn0yn0Y8BGZ4BElZjgEN8TyATEE6pXI4l0lScBIpgEnwZ5fKgw42bjY2OlljpkkogKII8i8VqgkpIVjoHbDiFW4/yzbioP8H3BWa5JcUi7siLPFbwCQDSQBpmMsGw7Scu4LUhmdx53OMVRHrjAw7vgKu6PA9fvT7JxO6XtQ3W1CbV3yfYqzcYNNKIFjAJhZqWWdTUjEy0XYPrKSXjE0so20R/ifFX3dwsMrHMMsumahaZWDYzZpHJbNCMkAkcdzMwNFQsxmommvvNmoBMmMPNfO6M1lMul957/4P7bW2JROLYseOpZDISS4I0DCgSkFRJjUlKFNgw6PCAYcJhBd4wpZp4Q+Gs6V5mkRvqC4oDdu+wJ+ip7TALPRlx3+lyPrH5+p0CgYrDL8PLdwlhF8ufxkjFL6okUYlB8LkjcM8BASlm8HTDatTDth6WnEI42ai0/KSitVjw0XN5VgmRhaRMYyZUBncHazl1WS54NmDA4h/ZxsErdhzI5vK5XG7F9v3dQ3Y0dpw4//2m3bjj12u3lnh6ulZU5IetB3D4p583AjoSPCqCRwKZnLx2O89T5IExy7bupZgJoIXVNhkd3Xv6yqc/bcIMy7btS2ey7kAQl2Dw1kOne3gFxqOXb1283RZNJPef4fsF1+74/Za9P+08iMOlK9ZTfzKZTCST4UjMQCYQDqmhJxPAGAY/eDKiffgd/TZXgOXVQDZvCIfaxxIQ67szUz0TM5lMsHdWswx4kIkkmucxqkYmjSefWBaZmGWRiWWWvSCzyMSymTGLTGaDZoRMgi2TSTwBLzxp7jerGZkUauu+KnxvrmpnoQAyuXOvSibZbDaRTJuDJLF4gkUkCgVcmOULvfRkApKJx+PmOxqkeaKYSpDULiBOLT0alNLeZwOc3O123u9xrTl6n4IhFBjh67smWuIFRKE9tTA4lUyBauw+OT71dVk+vtgJTvnH365lMQTd0qZWlEmnRSUaVmNiuF5MEI8BYFi+8/AYL2soyWGQBsiE6h66A8KtR2xT4J3Hz4FMqJwIkQkcffTvOXWBlVnkUxGZFEulc7dYLgq44XH/CEbGkynoxLW7LIqVz4MxMM+f129nm3KNVpy+AOFHqVTGcTqTaUgmnyxfRyPP3+nB3wca6XTaHRC1DPhJyQQje0fsd7uqS7mgjgG7FiUbcAkDDi/1G/J5dNv4GjBgInhouKALuNKIcIwiMpkgJjOBLDIxyyITyyx7QWaRiWUzYxaZzAbNCJk4/JIrIDv9Epx7syuvVyqZjDM8MPab1ZBMKM197ry3Fy5c9MMPy5KJuNMfwgPksmxX37a2BxqZJFOZcCTmD4X7bK5cPk95LOVS8bvvvl+7dl1nZyf1SLJcJxPQizD59seaJ6pX74hLC5509NtAJuCTg1d7prR7r90nGfahyvOth+1+WVGjRDiEOhMLN4Ur/9OOg5/8yMhE0y98L13m9zfJNSeB37L1VWQMpZKwdPbQ+aurdx9eu/fIl2u2UhoJyKRcLoEcPELwcd8gEGj3yfOMTMbqZJJIpUrFAvEDzUlkgkNQhMMX+OznTcQViVS6d8QRCivFQh49V9seRxMJPO33m3Z9vGztmr1HCDxAJnj+dDbbkEwW/7jm67Xbvlm3HZLVCL9pBt/OL6Zdgxtq77kbGHm/e+BWe7f2gQw661XhH/fbKPIDhSMsAAhUpkQptclqrucjkwmyUzRVyaSFkQYpvCKkvsf4q25uFplYZpllUzWLTCybGbPIZDZoRsiEVnMlwAnjS7ybBTRRozFzv1kamQBm2O5d+bwvKIJDurq6bQ63lqcuSGpQVnM5VgkRZBKNxkAm6UymWCxcv34dLh5cW0VVTp06RWGWx109p86cQw9VVDSQybDTCxQwP4xeZleepEaiztqaH7svRHCyfP9t88hmcgcVLcnELEmJav7xxApIrKjI/CU/jrh9vSNOeOcHT1/5+Lu1D3v6V+065PL47E4PefNACAgNfL5MPE89KEd8IdUtyFTnEY8UjyeBE8ADuiqby8PvJzLhJRdL7oAAMonF4lUy0cVM4mDETLohmdxu71qyYv2aPYfHeKoJGCaby+06cR6ncNXnqzZjhpU72GIwDNh29DRu9fGydZRwosZiIBPcaPuxM+PJZO3j3kH2jmp5KXm+2XFYjeDszUddZhrRtGb/SYwRZeV+j2OoFhhJJlP6z7bf7ta+I3w2rHCkKNudLrypiAKPX8SrVg8RwiHrkaoNtTaADiFZFHCVJAYBJAoLZfBDjg1swtpI7UJq6CfhfFIVECiiSPoHoB6FFWesjtfPaZGJXi+aTP72t3/btuvSz+tObthyLihGjadfpK3bdAb3Xbf57LFT96hn36Eb44dM11ZvOK21A4I6MOTTnWzJUun8rbt9xt7WLJcr3m0bMPZa9psxi0wsmxmzyGQ2aEbIRNubS19IsaEAGq2TicsvDtjdT4ad+UJhz5598XhcUiKAkIXvvNvX31/dLCsPZinAOSYySaWSx4+fKBTyJ06fAW8sXLhI26eLNHfe22+/vfDP3/1Ah1IopCcT3C6Tek4yybPISX1vWXi3IJO1R++3mMWey7K1YeZ+TbF43MvyHIKTKhyJ+0Ph/ScuxRKp/WevgDy+27DrxoPOVDo975MfFiz98e0lP1643fb12m0ur1AqsyVPmnCjLD58KeILylnuguOpymVW6/DLNVvHeKnE0dHRIxevF/Msz4QVVczlHF4/sCeRSJjJJJZIlIrFhmQCgPx6HZ7Br5EJGuAfoMyybftwCjN8v3k37WHw1dptuO+5O90nrt3F1/3dxl0XOJmAVa4/7LjX2Ut3XL7z8NKVG/DAlG1CN43FEx0DNpytVCpmINF08SarVX+97TFbvuUP0tMK4rjdDoZd9Y258N6//Oa7117/4/965XcbNm9jTj/HBpdjRBMHgBAaKsEAf6V+EtoKC2KwbHhZCtIhJZmws06bRhE02O/zaBcCOWhyTUHBi85xPQGMlzxuO0QXunVzWmSi14smk9v3+k+ff9jb77l5p9ftlY2nZ8iisfTu/dcMnSCTZCp3/8Hg5u0XfAHl2QsgE5BPJlug9ksmE7dHKlfGcEfM4PG9qA/WsumYRSaWzYxZZDIbNANkElKeDDlkRQVLOP2iVwgZNOLyk+DVdQ85Bp3stUfTMOSEBhxem0dwBdiSMEN+CLDhzJmzuXw+Eo1n2Va/BXixy5avzGTZiqx58xfC2f3gg49AJuAQkMlbb827ffs2TnX3DY2yxOs4uAUNcMuhQ4djsdict+bhEjjZFFTRyGTQ4U0mJ1lsZmYGvQYcHrcQHnQFgCWkVYfvRVqoLsLWUDUPmED+IAvITJypAlV4xfR3v/zp2p12sMeS79fjc5u7+K/FUtEVUM5db4M/vXbXqUg8efX2I/SHwpHTV++EZHX7gdNw3Pk6rvot/KKSTDJgIC8fb80TUnichN0FnyFbW1UoUt33NNsRuFwoFp8+fYpznATYMK3uO805WivlrontyFVhndpIUpFvAK0d0oVUAD6dzTIy4QGfZsLlDl75BNQXEMP9Nic91dGL1w1McuDCdeAQTj3sHgAJP+63JWvpPV34m6hhiScYViPV3Bv89Zw4f+Ozzz6ne815ay5VWIfH77QPa+DBASDkdAwLfjcd+jwO/QC0Az43wYnX7cRhlUzorGPY5RwheMAhwIOuFQIewV9FlOq0PrfP6+RtyfAAkMdlg6iNCalhkYlBL5pMQAX6Q70jjgYO2ZgdFx89HoGXf+1mz+jYU33P+i1nqQcGvEGPRiAgAb+gbth6rqPbsWr9KZyC8EOhs884mWjt7bsvP+NkgssxWI8xB4/exoVtD4foELfueuJEz5kLj/KFMnVS2OfUuQfaVWTnLrVrd9HIRHtf2ps9caYNjIT73rk/8Msvvx49eXf1htPpDEMajLlx+wneBd4p3j5NhYfB7dZuOlPhbwefIWbetvuyNgAGInr4eARvBDPo37Vlvx2zyMSymTGLTGaDpk8m3X3D567cHHEHHL6gOyA5fCGDXAFRk1uQ4d7h1RsMkwwQ0lDwfT/905dUFgNeZrGQt9vtO3bsLPO4x+79R+Gzfv7lN4cPs8bhw0fOXrwEH7fCiiquQ49fCC1Y+C4a0MJFH3z95+//8t1f0e7vHwgGg3oywbtQIhEzjbROJqlU6k6XjQImpGX7b5283W8eaZBfnChgArn5p2fuN4goAshBHvP8JT+o0TgdPurp73gyBKr4etWOXL6w/+w19D99OvbT9oMrdxwRZQWE4fCHXP5QSA4nEiCltItvH1wsFvFxZTJZr8gcdFmNZXEvtjtXLp3ORGMJ1srlBJlFtNAPF3/rkdOYGcwxyjYHy9GHT09YKhbosMLL10DpVJpG5mtkNcYopZRn1UgydMjnyeKrr3CGITJhJFOjplGGScxGa+SDa7WajLFYvL13+Mmw/ReebPNkxLXjxPk1+0/gFW3c/RdGU5Vr9x/bvcHuIaf2eXYO2DUycQbkbO0PAI/3l2U/Pe7qpXvdvPtA4wczmXjdDi1s4nbaDDETt8vOE9nZhThLZIJTUigA/ACcyKLA5uELsdg8PE6i8AwTErupY5jubn6AiEUmrelFkwlcZ82/f9aMTLZfOHTsdjyegb8OHtD3wBenHvj0azaeVtTksVP3gCjPOAlcutp5/8EgnP4rN7o3bTtPs2lmJhP4+u0dNozfsfdKPJFFjxCMgExwIwwGMzzjt8YzYwx6Tp97iJ4H7cN4DIzBVcVSRZvzGUeOvQevU+fEZAJhBjzA3baBtkdDPb0uvJFff/0bxmzYcs7jk0FiuCN6ntWiPX0DntPn2QPgkS5f6wLA4D9R+rtv3XWJ3pdlv02zyMSymTGLTGaDpk8mR46fOnri9LFTZ9GAzFzxfHIFpGGXv2fI0Tvigj+aTCa++vpbIAT0w+ptsVi0wjPa8XryDNv3KZvNXbpygwaQFix4p739MRpL//SV2+OhzlVr1p0+d/Hzz79Ee9PmLalkEm63RiZgJ5vbb6aR1skE8grSppMPNTK52m776eAd8zCDbL6JqEOJxB0+cdgdMJ8yaLTmqZf5zlRSWHX7he827oJDvv/EZeBHoVgkUFn8zZrlG/bBI8fhu1/8XCoWfSHR5g3qFy95QopLCAPY+EK1aoo/XPWeYRfc92G3wPclU4ZdgUGHl84G5Ai+jnM37+EVvj44ALfglFLdm8ssQ5V3vaRwfVvePN83LJ1im/niXQy5fCz/iPeXy2XcAtIPBvDoq8UDTjyC2MvhpKGu3m/nb1/xB+vP0z3k0j4NvGutH+9u4cJ3AoKAT/LYybMQgYHKwQCcQOIAEGI04rR5PQ4CAwOZYLzP4wBgeFx2ipmEOWy4ebQEPTRe5skqbH7HsJtjBqtVwpNG/F6XEPASbERMDxDhZFLv1LglHNRk/FU3N4tMpmOnzj0Achw5fudZczKhHnjeG7ae0/fAqAc+vZ+vyKL2M04C+qkMwZlnNTIBzAByaDWX5sfTY+BVu4rhzfWuZ7pbAzNohvVbzlJPoVAmVtEMvEEDQDgTk0kuV6RTm2rzY3JcgjHnLz2mnmgs/fDxCNAlw8MpsI3bzj/jj3TyrDFcU6mMYTaMdLqnwNiWvUyzyMSymTGLTGaDpk8mx06dO3j2Sr/dA/WOOOvLtGp6MsyqFpIwAH4tr2DoodqF7kBIEGVwSCQ6URHGYrHgcDg+++yLjz76mC3DKuTRk0zE9+zZu2z5T2iH1Ugmkx7lWSVlnbQeNEZZHb8qz1D/uXsDHYOeXD4fkFSQiTcYxgOb766X3vedQCdv9WlwwhJOjt03j9HLN2HMZNjFtocCV5hPTaJCgef6lwlUyuVqYAHtL5ZtvnLrIbz5t5cu4yRTNFwbjcadPmGI7UxVr9lSkwImcfhCIwA5vvrL6Q3QqT67B/P/ef12luFTKXuEEJz+H7bs0ZNJdT+r2qHcpNR9PJHUVk+RYvFEIZeD8LQaluQ5mazde9RAJolkysB7eFRPQOy3OQ1McuN++7mrdwlLnAEJd9EucfiruxpA+hqLsC++/nZ4eIg48NPPvqLYBZGJBh6cFhiZiEE/+gW/W5YEA5mEgj4GJ16XLApEJrIUqhJOTUQd1SVetfmBJbyISrCGQI2DNpEmMROLTAx6CWRCFotnjp64OzGZaKigxwytRwuJEDDo8zqakQkuKRTrERstz4QeAzNocZVyZYwww0wmFI0h6Wd7ViMTjFyz8TS4YgIyoQVX+ufUyET7QKiNwWokpd3xGX8kbYxl/0BmkYllM2MWmcwGTZ9MJEm+dP1eNBqD4vF4wqQkr2FCgmfvFhrs3yVIqrlTr3wum85kPB6Py+UCUcDFRAOU8sUXX2fSadzZE5QDoUny780CI5260amP1fQMzwyZHLjSpSeT5Qcm2aQrOmEuis3DapBHYhONmVTw5MWwCrebyGSMr4B6Oja24FNGJs0Kxj8ZrgcNvHzbMVq5J8lKIsHrw/BhQ85qzAR/A6Vi8U7HEwOZFHVlVcZGK2O1xV1QZDx+aIrhD6q2RS8JsKHtJ5bP1/c+bpFMaM723mFKOCGhffDMpcf9NqpLAz5J1WosAo20SiZQ12C9yEk0ntqz78C2Hay+pJ5MzGBAZBLh67g8LrtqyoCnxHfQBS3o4jknIUkUMN7vdUEup41vsTUOPFReqDHCAyZBHjDRZJHJ8+mlkckzDgZ6R/zK9S4DmUwQM1m3+aw5ZjIpmRh6DGSSyRS27LxIPRPETHBr6jEbkcmvv/7tzIVHLo9kIBOwSitkosVh8PYfPh7BGDwM9ZBZZPIPahaZWDYzZpHJbND0ycTsu0+shvt3KZGJAiZVZTNV8cNKbbstuNQuf8jmCaQn2/DXLF9I3nnukZ5M4Habh+ll8HQn0Ooj9zQyufJw+NKDIfMYUmDCXbkgcponTpFvRU5/CPNIYVYkvsBLsM9f+qMvIGhJIJqCkjLs8nt0fnnviJuyLIqlIuGBfnyfzQ3gIRph+T8VtjuWnkwAEs6AjGGyooKJhJBIXx/L+xhj+wKzOfmKrGpPDZxwiAnpLpj7s583LVm+/vvNe9jI2iW4BcjkF75srCp+fYknqxgEOOkcsF++9fDq7Ud4Rfthn0sjkD57db9gyMECQfV4kX7VmV9UcYc//PGN//6v/+v3f5zzL//yr3ow0LbGitTIROUbBFNPrb/KCVRdhKWOcDKh2AhAQttrWBYD+kv0IRSWXq+7XcDnogx4rcfP0uKlGpkwkrHIpJleNJkABnr7PdCOvVdoSRU88kePRzw+eevOSxqZ7N5/LT4+z4R6tDwTzEB5JqfOPtDyTDQycbhEnIVDT3kaZJOSCRq4xa59V+Pj80xojEYmHd2OQ8duD40EunqcI3ahOhc3IhOy1RtO0fNIcpxyV4A9rZAJPgdQTdvDoXW1PBNMhXeEj+voibvPLDL5hzWLTCybGbPIZDbo5ZNJw5hJNDZ58fUJ5A2Fg1LY3N+Kjl9txyOND5s4J9g72OzpTqA9FzvrYZP9t2nhk1n2SQoyZrws/XriMS2JbZ4WUtO1mAAcfea/j1Z3zcplMiE5MsLjM2y9VkjptVX3QR6we2hM3fWvAQBec3mWmA5EPHzh2qc/bfQKIXjtoJFSueIO1MmETSWqPlEFsXz0I9vkF9f+6aeNP+1kRUvoEHf/YvWW6w+7dh4/h8N1+499vmozGgxBeWH7ZdsPReLJr9duQ6fD6z974+7OE+ey2ayeTE5fv/vn9dsxQ7FoXKJGyuBPLhoTZQWv6XR60OnX8EO/ZOvJSD1e5BJYdZfq5el0MpEo5llFSE0amTBsqEnfY2jQFsPUQ3tzUR68UluUFeG1SurDtMLt/BJW+aS2fkx/owkVIjihqywyMehFk0krZg53mHsss+wfziwysWxmzCKT2aDfApmkU60Whm8oXA6cUCfbU6uZHg+4DWQCzoEj7g+KISkshZV4PJ7RRWPMbu4EWn7gtkYmO849vt1lM4/Js/T3iagjFk96ed65+dRU5eK1IOuAlMsW8rk8Kwmf8QYltn+aIGOAOxge8QSDMouT8EPF7qkm35fLrIAJAQDFQ6D9Zy7hEHyVzeX2nbl0u71rdLRid3sx+MyNu0QmgAdMpUQTHGPKn67cQNeevnYnk8m0P+nXuOJ2e/dfNu7stzkxErd4MmLXyASNNXuPLl2xXolEMf5uRw+QoFgqdw2OGGImHy9b12dzVJqn3fPgGwvB4S/I7mOhJJJ+yVZHv03rBzJp/XzpHfsMWb5TqcRUKLDlVeEQYwndrlmaqFh7s0YoJECCEGCNoBAMBrRT+mHmQ8MtwnJQEgWZPwMtAGMQArZBm4k4pDrYIhODLDKxzLIXZBaZWDYzZpHJbNDLJxN/SDH0AEuSSZaC8nwClAAnKInl+QSPXE8mRrH1PGGmYNgTlOG7w10ddPgGnb4nI+7OATt82e4hR5/NHa8VwdAUVmM7zrZrcHLoas+mkw88ASNj6FOuzXLzJVj6DaOeW56Q4tb92z/kDcoOn0hrlnB2yOlL6FI7HNxl7xx0RGspLolUmlx/OP3XHzz+7OdNf/pp4xerNn++avPHy9YuXbkBh0EpDEj4YvWWz1ZtpnRzyoAXZQVXfbl6C3T8yk284vI/r9+J15sPOz/7mU2y9filEU/o67Xbvlm3femKDV+s2bpkxfoqmRQKTl+gwIu7Azxw+fLt+z/9aSOuSqcz+BvCHdHG+JCsPuVrwMBU5g/BIFWNaPgBOb31DdD6axuOsQ9BF0tR1XGJMelUqnfExXfKqvODJvSDFjTRIWWrk0AjQBFgiV5hyTjP84rt34WbNhV/KuOvurlZZPJCzcwh5h7LLPuHM4tMLJsZs8hkNujlkwm8RnOnWfowxcRy+YJuoUHuil5wHknmUzkTmfBk7rC54CNJ78U2ktJn88CLdfqCfH/bzE+H7qw9el+fDb/heNuZu/UKJ0E50myVF8nhDzn8YiTaeAOr1pVKstiL0y+CAwfZjlvVB3b6JUEchyukSCRWHSOIWmepVFq1+0gkFk+m0kt53KNrYNjlC1C8gtJF8P8oEYXaYzxdpFxm4YvRCmuP8l3SNMKBqhkjGMbrmVA4hXqg6jZc+Xw2lzt38x5uHU8mL919wMbwAVTDpHoV72FryYpFqrTYRCxgks2kB3T44RbkoKRkADrpNN6jfmOux/02DGZKpxOJJD6TjgH7iFtw8xQgSA8DjFK4368nEBLO0mItr9vh97rQ8Af8EAFJQKg20KOGQ+bLWT1HkkYdooCbEvM0o6NJZfxVNzeLTCyzzLKpmkUmls2MWWQyG/TyyURSWkh2z6SDk+3WpcnmCTh9IXO/JhACC3cITGokZh4A1x/I4fCxV6jP5noy7OyzufvtngGHZ9jlt3sZ/EAamTyxeTsGNefeKE9IAUsM2D1DTl/7gHvlwTvn24Y0MrnZYV+2/1ZArP5zvmeyf9d3BSTMk05NbSGZWWAbL18V5qw53G4h7PKH9EESveB80zB9SAeO/+bDpxb/uHbpivW9ww6QgCDJSiQKNpDUeI4XQyzkcsV8nq10KrB6jFQhkfb+ojYUjSdG3AG/qIhqnEmJShHWGHR4ATrReBIXgg2qk2h3HxvbdPDEpys3LF2xQVYj1f2j2R2z7Ka8XcznGBo9HSsUi/p6JnibsVhcCgO0pBGXD/w56PD0jrDCLNoX5xJkgGUv15MRt35jrsd9IxgM4a8CXOfwifqzXiKTWiCCM0OIIMREJow3IjyHhKqRgEbAIaGQkUz4iizj5WYRn1AFeoIiTikMVGqPMbmMv+rmZpGJZZZZNlWzyMSymTGLTGaDXj6ZKJFYK/GQgNgqmbD9owTR3K8plUw6A8bkFr2ISeB0miMkPr6IC+Qz5PKDVbqHHPBQ1x9v232hs66LndvOtG8+9fB2Vz0tQS+Ait0vdQzY2/tsGp+sO9Z2+u5ANp2eOMkkz9IzlIA4wb/9tyQ5zDiEnsfmDcJB1zb8bahkItnD9wt2BMKUU0ECA2i5HGOjozjEx+sOKn4pAhgzzzOZMoIoGzYm1j40fLNDTn/XoB0fO9Q16OgZdpbKFRJ4CPBAAiqw9XUOH74AEt4syIGtXmNr8MJUEbJRYZYZED5PPJuBQyh8YQ6bKDwSQhkgtOMWjQwGvHjVVnMFOJmYUtjr4htzcTJpEpzR7sUVNCvMslOCiiyEJWs1F5NFJpZZ9oLMIhPLZsYsMpkNevlkokZbIpMWYybZTBr8EBQnAg/czjUhmdi9QR4qcQ+7/M0WcWmCy3v10dA4Mqlp65n2vZe6rraPdAw1DKcoNlZlkqWmtD2xX31kW37g9r5Lnb7QRFsGp1IpLysS0jis0aJkReXJJCxg4hGkeHzyuiiBkEwrvvBqPJvLsloitXIiQTkK8Gs8sjXh8frtniFXtVajWXh4FqMAbAhhn6gKcgQyD3vJcgakfoev7/9n7zy4nLjSPv8p9uyn2rN7FhwxyRiMsbFxjthgbGwwyWCwyTk1TQaToYHOWbGqVLlUpZylbnUz877e595bqi5VSWp1t9ozO32f8x9N1a1bQVJr5v54ko8Licjv5KYCghyuoCyTTAA8cPcStAvbIS5IyERVJBVnw8O4KgtkMgi2RZ6VparWJRGMQHXJZMrrMpXsbgk9W5hmwE+Jkgk1avNklEyotcYomSwE/f1kAovs9HT57rmmg75IYS5YarsPWbLIJIEN1sGaboAEWRNkFeRlRUImw352OBAKCo0S4vGq1Lj5dOTwNSeZOHSgvfP4ja77vcGaa25WCsP4oD90v8efydSN1JI1dMfG/o36ygZ5mcRu+UJy4zx7hwAVOOxhGApM9feoqQDGEhB8gO6jMxLcFJb7fR7Gy0r2HI+5iJV1Bj8hfNrDQaHfy8L1e0eDIPiu/SERQNGaDIOaHhEVDWSP8hr0c35ORMJllyVFi8bijuwgNxgQbHDHdAFRCDwXYgOwYbVvV2Qed3+XZTGkqZKON8KqxLEBPFMjKAKwIQksx/hx6xLzFvXIBHMR2XZiiUkmtDaXTZRMqFGbJ6NkQq01RslkIajlZIIif/Lon9XdhECEagSj3uHOcbuaJxPUOlAOwxpywBvs9wT7RgNDPnaUEUABXuHkcAglA6B0djOpfTqXyLRyL3yHg+LZu4NuMnHqWjfAzFCgBqUAA/g4ud/DuAtwwRuEhbV7ET+tfKyA0QI5alIpZ9GwaWUV0jXqNGi3xFSCxGStRhr9jCSqYXjmyi6q5xuJxEax6wYACYVsYQFOcKIC0vSoYSChtiTpNAgolOSvg0jCOvBDKolS/9N1PoQBH2d9EZ2DXjIIZ1lNTjhZt0oJw9cUquPjcoOBhQcOcgCi4EMM0AUik0q/dsIkURziRTLjUcN4HaWOkPaLACfwKkshJuAxcIKKef1a8ENku68TSwiZWNvOX3V9o2RCjRq1mRolE2qtMUomC0GtJRNYTVqt2UFukMhjD0bc1r3ExJhctlhAGcykOcRYqVgqlUh+s3UWLD8j0aishhle8jD8SIAb9LFeTkR5IILCShpwCJDD1Ru3eYAQF1G0SnaisCsgaI/6mdN/DiBvyaXHhEY2Hbjg4JMD7Z17Lz4L4SYhjiswouZhJS8jxG3RVkAI9k4aTUpQ0BIf3UVUI9OhRS1liZ8BLpKqtGWso6z1RmLxuVYPAw4J1Vr3k4/XPd6kSFGyemQyamuzaBEIvGsgOjII8Nk5ZDai8bAILHO1fFxuMLDwAGV02GK6iOuDDfqEUJDwSQQDDGES3LvdI/Bog2X8TNDLc0HYICMwn+TNT5GJmQHvvC+5tXlHF5aQPBNKJnZRMqFGbZ6Mkgm11hglk4WgFpIJcASwxJdbdq1c/+Xbn246eOriBGYL+A8RmoOJhbyWMH70DXs7e4eKxSLM/O3wmc2//Hb8/HVeUtZ8/N26TzejVXWhwIgqoY568jHc1Ru3Ll+9Djp97iLo7MV2IBZyFKAlwCv+kOxhBNBokB/yc0TANiiIKxBC00St34McLzAB5GOFYEgMon+el0l4D0CRbkR0eKZ4ghEUWLV7Wd7HiZXoI7OSVdew7+S59t+OnNxz8vJHW3fvOHHN6Ty52n2tY9QXkh/0+LqH/QQh7EJ9RVhxJBASZMAtg3c5UuoJVszwTlncLREeKZ1Kp1wtVpqRopluEHgM91G7jEpl4SAih9mFnE0pm8mEaiXVkMz12Ya0TUMmJAOHaMDLkEH8CZjfC4ox4004DAoyjGtG1H0dNxjYCcHhOSFogWWGaYXYAGnlbm/6Xj3NnAmSBM5GJqgql/um5L7m7dxkgst2UTKx628gk1S+HE2PRVJ/h+55iv9zDfs/VlNRzVjwlwN/P84/3zkYJRNqrTFKJgtBLSGTZDJhRKKAGT0DI/uOnIUVqhbWgU+yudyGr35c/8WWdz7Z9P3eQ+Xy+MCwB8ZBMDJRLq/64GtY7vsY/q0PvoFdGEfNCgt52CgWS0Y0lkimYcONIiBG1HycBAv7Pk+gZ8TfOeiBZaWP5U+evciJUjKRyKRSmXQqm67bxsTSkJ+FCwL8uA+5RZahahjmG5wk29emsLDWjNiAjyWdLnqG/YePnwadvHIzIISf9PstMgmhlIbAgJeDZS4g08Pe4KNeVHtqlJn693tLPaPBeoV97QrwElwNqMbDiFn8j/qwlI/Gpz8RFIlH+7KMJaA1cuvhAOeebJcVyjXknyYdpRnBA8OllLCzjDLJxXcTSz2l04AhKT2aAIlalLBfPTKxf9Qjlfc76DU/AVDXkC9WaSajaDW+dyI3GNhVr45wFKeaMAEvcqoYpgMEZqqKRFqamK1LbL0RCZxUmr4j2R0ydlEymZHmm0ySubJzaD7t5lDBOUSNWtPW2r+feSGT115f/s66d52j1P6jjZLJQtDcyQRWsbBwHGX4Qj4/OOrf9Mv+QhGslM8XCGwcPNW28ae9sAG7n2z+xc+EegZGYXd8bOzStTswE0SOrt6wEQVxlce37T389dZfr919VEDXKoUUPSiosIL3olgafSQQ8rECw0uCrGq6EYvFUrbElRGP140TjQXrUSCTkKy7D7lFlqE1ycRSLpMJSeqxSzeOnrt0++HT5/0essYNilrXCPfn81FWCj/qC/aMBDlZhzU9qSP8sDcA9NLvZUgklSVYWMOc4UCoXrNFoC9JRUVykUTVWoLDQh+W5u75bvmTsp1M4Hbk1kM8J+bCqXSynr/Cx5t56i0hE2BauJTkKpHsxTkzglLXd8TDZyvpIHgeUFBE2zDII86Jiip6wppkgr4p20c9GkTvAj7PzqGpAtDdI34rpE3TI/C9e5gaVcjcYOCABNJsxDEexTRCYENRJAMV9UIiXeEJipBMkikOwShS2UVHXeW/TNmrBjvIxKBk4tJ8k0l58p/Oofm0f/7XfzuHqFFr2lr79zMvZLJo8ZIlS1Y6R6n9Rxslk4WguZOJ5cRIZbJAEacuXQfM2PDNTwdPtgFsvLn+K0IpH3z1oxGNwaH3Pv9h1QffwIY3wAF+tN+839M3CLsAJPCaxywCBuvqgRHvu599PzY2ZtXyisZicKNpS3vNVD6WR2SitIxMLKXTaX9I7PMEnbAh6x5WejbgH0KlwDR7h3iix32BPg8zirMaps5SjFFGhGWxvSpUSEJxZSFcfSuXzfiFsGZYiSVZRW8qyaQKS1IcPBu5Y7/K2g/5MmKs2gkDDEBm8rY+8XMRI4UBrhyDqWQKoG6UEdzzm1GDaC7dsFcfNlhBKWD86AH8rYz7bHk+8XgCntBbK8jNDQZuTnDEdDkkCGabRUvAJwhLMJkgIDHdI+5KxNPIgSWUTGpqvsmEGrUFay0mk9eXrHjl1WXOUWoLwCiZLATNnUwYQUVRVYEQXrhnsTKxRPKzzTtDgrx6w8ZxnFjy0cafJTUM7GHE4uXxsXgcdQ2H3VKpmM1mkc8E7wKfTJTHbz16vvbj7975ZFNn/6A9k56X1SY9GzMSrKoRXCnTVB8mIstQQib+UPO56VlB0Xs9jDurBIQpZaoJo10PewNdw34raIoIwMYfUvpGg7BeD6F/6RfiU+6UbGiqvBXyaQCrcFK4cTyYAz8Ib7CSPhQR/NgLYZdXVEEBISxpBgsfAo/QqOa6fxbycbI/5OQ9+KNiBJSP7p7fjBqQCSeZae7oU1UMVUcfnYNMghhXrEsBAQZrVUtz84BbpuujDpzwAu8gExhxT5uF3GRCnoSSiV2UTKhRmydrJZmsfefdRYuXgN5ctcZ5bAZmXsTSktXOGdT+DY2SyULQ3MkkJCqiomlhY2xszONnDp2+RApzbd5xIMgJABiJZIoJoQ1gj6NnL3+3bd+NO482/rQXxj/fvOOjjdvXffb96g83FovF9d/8hPLjcXmuc5dvtl37k2TVEyTIZdIBXoFlopsW5ihBNhuYRGPTlyomy1DdiNaL6mkguMFIkB/wcQ4XSgjDyZN+/8NeJ5kQoSgvD8Pg1PapFTPGElgoZzJmrJEeiUdiSSkcjcbMIK5MOhOPJ+Rw1N+w07ydTGA+7piOru/jVfuhkUhoxBCGDZEI3kWfh+kcGGVlXVZ1uJf7yjOVhxUDvNNnAoLvKDQPZOLnTO9QCPGeAUxScJGJ3+YzyWYyPlaEL8J9KTcP1FTNmC4iUXL6TCiZ/J2iZEKN2jxZy8jkrdVrCUi89PIbFlQ4J83E1q1Y+pZzjNq/r1EyWQiaO5lYS3ZCEV//sHvNx9+tXP/l59/vBBR597Pvn3X1HTh2Hl4JseiRqCir+Xye7FqCyfAKTIJLPGVLxQIINqzrM7yEym3BuS5amKM03QxIk7XaDplEAqX4y2qYE2XSSYOTFE5GGS9GJEYUjcWTFXMvWx3KZbOspPd5gv1elpTSqgillACHuOGEyO1y8YbU3y4923Ls3k8nHjwb4vJZ1AYEyCQohnO25JCg1KjZiB0/IlFUujeEC/UOG4L9kEO9IyjF/8ipc0MBMy8FluyMqLKCkkk3rjVcV7ysAee4x4EJ4PrR2PSfrVvw9cG52VqP1Ds6RSBwX/LdwWuXrf2inUxAgKPAMO5LuXmgjsyYLnfauq7JolgFJ8L8kQkuF0bJxC5KJtSozZO1jEwIirz2+vJ169575dVllEwWmlEyWQhqIZkU8rlx3IGk/daDUY8XNgA23vt8i8UeBDbI9jgmEDKCCKRhc0YiHysAPOhGxH1ojorH46QDIyBHKpmEXcQhmg67rIDS7gMh2apcHMJhP6SJB4llsuTjZCIPK4IUzajvRsjCRZQwih8bDnCkTbslgJPHfQE3ljzqnVpGg+50jtorEe869wT45H5vUFTQyl7RY4AWpEhXAYd1uZ7BVD6XneKNDKOGTfgJirqbRuw6c/EqKT527V5HkIePyHoXBnxoWtiw7t688N1rrPsLpHbwrLJZTDKp9TB23whbgbfGZMJJMlfrCd08UE/uIsLWuKpKVWSCynM5T5+FKJk0I0om1KjNk82VTDZg+7BCJvY4LuvQ7MxBJosXL1m1Zu3y199Ysvp9MvLyK8vWrFu/9FW471K0v3rFsuXLXnkD/ifirUUvLX/llWWr3lqzavnyRUvQIy19ecnKt+B/Htcuex1PptZqo2SyENRCMiEq4J6JINgYGytt+HqrFY41R6Em7iqs9Vuc/p7HbRzJxe0KyWFW0hhBDcCaW1B4WeVlTVLDiqYLsubFOeIs6vCoIolqsCJ/CGVKBCo91IE6YFdUwnY3QiSG/BL2hn0MIBAn2V0isNvnYR5VEAU2Bisls87dRf0ca2r/pee7z3UAojzuC8JlVT3m48NGLOEXagQgEbHJqZAtJg4kZlYuBrhy04ilwQwXEMKAJc8GRm4+ek4uBe8IdQJBDWTMJiE4G0eBt5+u5bJwKx5HFFHT5QLk405BaUYNyKTbRiCospmkc6iOs2QnlgEvaz8FqDVUK67MzQMNRMDA0BWzBLBuJp8AnGgqCvdSFYQooiRoquQ+PWJrdeI+VE/2U8gDWIW/nL/q+kbJhBo1ajO1OZGJPRvk3ffWv7123aJKVS77odmlnVSRydsrl75tbgKHrHjPOgC2Zglxzqxe8UblPstfXfJB5TDhFiCTVe9aY9Rab5RMFoJaTiZ2FfI54iFxH5qpYKnKox4mrQ/lIiJtGYf9LKxisw3hhyxDORnliLuXp3bls1lYxQLD+CuUwojhIK+wKB5MrekZSKfSqK/flPOBlAzmSJY5Gbn+1OMGErcOtHcCnxy80vmgN5hKpXy8xiuGHQ9ELZpGzV4ydt7I57K9niDcBRbsXYzfDSSWhBhaxAOZ9HqYmtSRQ28/JihhX0g2l/5SOCioQCkNejJm00CJtdvJexmhZhjVtHKQCbzlZKU1StfwVHVgIDF4Wk5C4WTWYAh3nrFfLY9LG7uzVtwk4PaK2ISoACBB5sySwaj6lqrqKgrxgkFDV21uE2fcVwRjhhiUDM05XlPkFpqoSKwMkE3gxP54zl91faNkQo0atZna7MkE/kcGqOPV15aR2K2XX0EAQMgEfrSwAeNwdBHOPHGe3ITZyWT9m2Z4GNbSFbhXyqrlyxe/ZEtoWb2CjIOteHUqkMz0qLy3Bs18Zdl7s/fiUGtklEwWguaVTFoo3YgAOQR52X2oJSKRWsN+DlbG7qN2WWvTmmjhFvBJLJ5kBMUKdoIFfYBXcdN052Ss7EiAszrKO+QNqRZ7HLzave3UQyAQN5ZUJnRtO/Xoh2P373SOxhNJIBPgE1Y2kslUIpFkJD2Sijt4Ax6gHzcZ9DBiLxd0A4mlJK5SdfbStdHgNGUA0L0ExcItVtJht142DmkDX7NzC6rM1txn7pCDTODt+4WwoOjhSLzb7hvxmb4RXlKBBq1xB5kUcHPGeNzZKMbNA3qd1uxExGFC6AK5TcIKYElYqSITVZUURbLIxO70sJOJfdy9S0bgVWIkgBMZ/gLwHVHbx8qlnL/q+kbJhBo1ajO12ZPJa68DGJjI8c46VFDrwwqZLF32pkkLH34Iv15re0bm8JksWV2FFGuXv7GSeE4+WP1aM2RSseWv4uguaq02SiYLQXMnk1Kx4F6+25VOJWOwjktMNUPE6/ssSiypJLiT3ZqpJmRc1nTNiAKfWHMcp1i75iC+srUNz1DAr/AgRjSqRyKwzGVF5L4I8HJQUAiZjAT5aZul4JVuMoRr9TrWptMKKEUJ67xsBjv5OBnel3saVrZ72O+1VY5Cd2TELcfuWeAByGHfbaDfLj3/6eSDo9e74cpaOjKYYEcjtSO14L4EIfo8zkMO6ZGYn1f6RwNGJOp6+BoiAWxBQQVCY3ERZBznpmh61emkwUi2Um3MIThkRJrq0GJXg2gugmFEXcN+a7xz0GuN944E7HF3BfwY8D06LmWnDpsawQmhC1BYRpQCZEJ8JpqEXg20gVwc5CgIuEUVFDiKdzVEJmG0gcflCNpGMlQVdlUR+0Yq7AFn6ao5QQkhbwlQijlfo2SCRMmEGrV5stmTyRtLp/DjzVXII/FhhUyWr3jLOrQWh3hZZzVvjjyTl15asnTlmlVvvfXya2+tQzyyYvHrb7679u1FL7/x8kvTk8mrry5fs279+nVrYTIN6poPo2SyEDR3MikUC6RcFVnoY6koX1zS0HIfZ5YTsZIGRyPRKKni1dHx1Ar0cuxaQmnzxQIcevKk4/GTDjBRkgCFyCk9AyPJVIqgEexGIhGYCXNgJVosFmGNC69wYrFYghGWZWGbaGRk1Igl4CEDKCdE8rLiKIPS633w0LrhphEiuBGqaFwqwmRGCoeNaaK5GiuMuomjBTpQimPRHJIUKwIKreBtwV2DQdkNHk3qwOXOrccfXH40BHDiJg1QJBnP4GAqtByXGzlMQH7c/Z2R9JorfrdCkop6U1a6KAIieliRpP7D58AAsQhyLpv14kH36eZF4I6CbG802YwakAkAmPXZAo1Y44O+KZ9Jz0jA+QXBM4tTTU6I3OARwekcrkGUUkJEyATAAF4rZIJ8KTKLA71CMowAn6iiAnOATwiiwDaghUUmMKgrpvsFT9DI6RHsJCEbiEB0NMGiETKfbAC0OH/V9Y2SyXxYOBw+cuQI/G/XjRs32trarPHDhw8/ePDA4/G8ePGCjMDC7uDBgydOnLDmNGn/+Mc/t+26ODzKWyN37vfDiG0KsqOn7qYzBdiYmHyx/+B1mMByGjl07WbXzzsv/H7kpj849QdTGitbp+zZfwUmEFkTqFH7ay5ksnoNKhMMTLICc4hFJjCy5u13YAPGCbG0hEw2vLsGxW699MZSM19kwyt49+317696fXoyWfmGGQ/2+vJKwgq1lholk4WguZMJrPsdueOmFJREDkt9AABrBEVkCQrARiKZXLp0uZ1M7LuWgASSyQQcsnT12nWSXp9MJde+8+6pc+1jYyVyhb7eXmva2QuX4cFAsA18Eo3FTp48ZR3dvv2XVCplRKJw8VQKOXOGfCw8W0BQgArcTJLHPhm4xVipNDk5kc1mpXAkU2ulOyOxgkKW5h5GzFcq/OqR6EjQzEEnGvSxMEL8DCA3cjSvHWcfbzl2T9IMIaM5SGMgw2ZzqICyuRw3miITP680SBqxy48D2KodLCgPB5iEtE8hFb0CqOSAc9FvKSiiTJVcJdunSTVJJl1DPmu8MZlwisHY2i8SuQgEyZbLgfLdSTMT1GwRy8IDYAMEGBUykTBaAFcY2HOCJisKwQwbVEz5TAh+wC7OIdEk1pyJj1bIxEAMA3MqmS3odEomdv0LyeT69evxeJxsA3iQjUgkcvXq1alJf/01OTkJRwFgZkEmF9o77GRSLk/+sqfNTSbbd7cBZkxMvDhx5v7dBwMcH4aRv9C/QI0fOHTDiKROnr0PJ1rz7z8aIqf8hclkYIgjsiZQo/bXXMjkw4rbpCZ7LFu+yjoEP2DHUWr/eUbJZCFo7mQSi8V0IwKC1X8sHkcOE1czREImsKBUtDBMAGDYve+Pjd9uGhgaBkKA/0uuRyakyvAY8pyUvtn8M8wZr3DI7t8Ow+6KlavIWfDa29t74cJFgIc7D56Sq1mXBZgBMiFuGSJH5Fi/J4i8OqI2HOAcz2A+SSE/UR7fsuvw8vWbdh9pHwmwwFdAKXA7xwp1pkJtUhQD5OPEAd9UcJE/pMD6GBbipNN8PJ4gxOLmjZlq26lHN595ArwG77c/xRLSkFIohYPUpGKksBtF7PLFRes5Q7iqFeAEL2sxV/aFJdLqxD1OpIYjIVkn3iEyU1Z1i9YsAcLBUdIPsXnF65PJcKXcWaiaTODPwBrvHvY7smL8qOOn8724sEQxcPErO4pUyEQ2UArKFJlE8EaFTFRCJgg8dFVTUecTO0g4yIS4UJBnpUImkbAKG0AyxMdikQlRBPtSCMlQMrHrX0gmhw8ftrafPXuG/t4KhdOnT9umTNmNGzdmSib5wlgkmt756yWLTC62d4hSBEbs046c+BMmEMyw7PylJ+PlyZojpbHyzTu91il7D1RxFDVqls2JTKhRs4ySyULQ3MmkYGuGCGIElRWceeoki4NsA2W0XboMwJBKp1avfhuQIxyJEecGIIjjRKJ0Oj3iY1atWi1JEpyer/hYHj199s4772YyGQCP8fGxzq7u8+cvwKFt23c6yCQSSwCZHDt2HId71QgbIz4TWOD1jQbcD0DuCLcG/PrHixfxZPrOo64d+44cabtWHh93rFBnoUQiaU8pYXEPR7Iux2kwU9FNB9qfu0ljFjrQ3rmv7Rlo51nUBaW9e4hcn8DPCFM7C4WoP870VBoUovwfPSKoulXyGIVmiVqQV+zRbinchb1mxS27VB1dE94yiXODCwKrMLwMHzvxk5gZPszMMnyisXioTiG1kQBvJxBr3M9NoZebTACQ4MEcl7JoxAzWqtCIiSIo4cSZc2KRiVHxnwBgIHIg0VycjMBDR+klMI5iuiqJIniCSSaqgKaR0xGZwFTBDNkSbdFcMAjkY55OyKTihAGwcf6q6xslk/mw8+fPF4tFsn3q1Cn4tv1+/++//37y5EnDMOBV08yQqr9mRSbE7GQC5iAThtN4QXeTiYNeTp69bxHInv1X4NU6ZfvuNhLK1TfI2k+hRo2SCbXWGCWThaC5k4ljlQ9k4q6gZScTQIiN325au3YdwYZCsRBLpAiZFAoFWQ3HYnHH6YVicdOm7+8+RESBQCiXLRTycIVkMtF2+dqtW7dRu8ZSsbu7BxZLX3zxFVzqh63b7GSi6YY9mstNJoGQROLNGpAJy0sPnvb+cbqdl1XgE1A2m8UtI53r3Rkpm8n04UK9RLAcHfJzVioFSc+wJj/oY35raw2cWNp7EbWQH/DxqVSadJAc8HFuIJmSwnhZtHCH1bn1nICPrKAEBK0SmoWOBgVV0Yx0KhWNIjaoWVzYLg8rkgbwvKSi8sqVADY/r8AdRdUg3U78vNNf0VgNyGSUqSIQa9xOJl3D/niiyhcE3MhUkwmqEO3wkFSSSdxA4iYTK7KLJKkDeERwvjvACSr1i0ECEQsjaRIaDKPEEpNMdDwN+MTymaDrKChRHqejmDeKhBGKkNNxDr2GzhLRHBh3/qrrGyWT+TCv13vu3LmRkZGOjo4zZ85YZDI+Pg5H4/H4zZs3rck35oFMsrnigUM3/rJhBrFEItt25ak1H6jjzIWHiWSOnHLvwYD9FLLhC8jbdzuDxKgtcKNkQq01RslkIaglZFK0RUYFeNQ03bGst5MJoQVLkUjEQgggEM2IgiQ1LMgaKeA7NlYaGBx+94NPkdcCMAD3SDl6BnldiNasfRc9QxGRSVtbG1AKDD568nSsVCSXhfP0aNwRzeV4QkAXEnI2jJwVTizJ42guOGuiPB5NpNquP1jz+dbl6zdNTk44VrozUi6T4US0micrYFiIDwX4WHXBXB339bNnVrQ9GPrx+P1d5564GWMuAj7ZduoReZJ+rxniVVOjjJkGU69ecA6VIEMNFhkxbL01QA54LwA/7vmWcMOTqvyNRCIpKmG4FO5cOdWGMsCjjpZBEbW5DEmaDGt7A1XyBQpyR201IBNfyGw1E8L5JNa4qExVHega8jmi1FCZBwl1rkwmk2oYxd1xikHcIyAcqeWEkJoiLosIJhOr6yJhCZJeQvJMUBK8OhXKNSM57mXJfrsorRqM9S8kE7u1t7e/ePGC4zgr4QQMUCSbzZLtG/NAJnv2X+FF469qMikUx4+evGPNtwyAJKwnicPkLxfM/IXdL8An9hFqC9womVBrjVEyWQiaO5n0xhlSLIuoMZkAV2SzmeXLV167dgP088/bL127jVChjBACgUehQDLXYb6XFfL53Pj42Dffburr7bWgAvAAJpMrgIgPxCIT2Ibrf/fdZgt44LKxuEkmNQsTg2ACIRMfJ7mPEhVy2YmJMjzfixeTExMTowwPG46V7kyUhaWwh7NqcBl9nqBmOEvi1syROHK9e+uJB7OAk4NXuw5e6TroGrcUwCzRqGRwirEIIWxMUy9YVHUPIwTRNdEpACpANboRdSeQEKE5Qu0u78AA8PeACwZM8YldjKT7QrKHEYGXkE9DkFA8WSQGfGtEUMFiVEjalaw/OzIBckYdRwzURpPQF5AJYZLmscSiBRQAhlNQ7NigqagHvBUSxgu8nS6qtquRw36I7FbfTqtkzFMycerfhExIzgn8wR8/fpyMAKhcvHixXC6T3RvzQCZWTS0iQhqAJQAn1nzL4CLEf+I+hRhgiYA5hxo1YpRMqLXGKJksBM2dTBz9TIK8HAg5o7lYUSNkMj5W2r3vQG9fXxlFQSEvBJBDV3dPGcOGJRhnBRS0ksnm4vG4/dDevfuATJYtX1nGiR/w+vXGTc+7usfGxiwyGfUzK1a8mUgmyWVLpWIigfJMGpBJvpKmD4/qPkQE9zt7+c+f95548+MtKz/8/rOf9k5OzpJM1HDEnljihbdavcpPpdKJZCqeSBkoDsrAfdOdFwlH4nvOd/xy5jHAhpsxGmjHmcd/1D9lMCB3DgWcQFJR76gZeDbk59yP1EDACUFBtSogA0VIWiQanXIQkQpa7t7qDvkwyxVQFFw6FosrYV3WwpyooGaOghIQUTgZI4VZyawrYH3IFRmsbPh5Ba4DCE0SWojsZALsYR/3sAJMhlPgRBCJeQvhiDVGUEmLFQsAmoETe/91q2aXbYIiiALpAW92gsdkUlMo5X2KRsxtxEi1M1umMunt485fdX2jZDIflk6nPR7PyMgIYImVUpJKpWAXxg8dOpTJZKzJN+aBTCwjDhBSC/hZl48U2kql85Ic7XjmgUNtV546grXIKePlyRu3u0k0l714FzVqf1EyodYqo2SyEDR3MnEs31HvQheZkMLB+UpMFIIKzDPjFTcIaBzL2iUn5rLZIjLkRQGN4UYowBvWFUgx30KxmMvlSiV0lIzYBf+vr4SjY5WjjmezRMjEijpzC+6+eceh0tj45OTEhh92hXUUh+ZeOjeWoGi4Iq25tGVlvWY+txyOZjMZ8m/8sPwdDQr1kjRi8cTeCx1bjt379eJTN2Y0UD3PyZHrPTvOPnYzCZGFFpLqbDXYpHKZDJzrRw1bzGLBsA0k4GF4e0ZNPRGic48TyWFU2isooGpmFWVhhQcMo0eiiqYD44UklRVVP696EeRMoYu91zsJorPwIyig5pjwnAyOH+Ml9CE42sBbq/xqxqgtPGcKG0h2in0CL/BVZCIKGGAQw+gkm6WS0BJFeSkoEQU2whKqC2x6Rap9KRVviWYbN/0n1GdC9C8kE2rU/rONkgm11hglk4WgeSETHvfCy+esKC+LTBqIV3T3IBEnyHAUrsBJGiwuc3iwmM+hvoe4iDAjoJ6JiURirFSEQSIr+8XHiXDutM3dSchZ3efMZSfK478dvZDN5SOR6PL3NwmiAkTkXhw3EDyhvRhUUAz3jgbdIUYF7A+xtgO47Ukk6gz0IgJ4i8fiD3u8h691X3/qdZPGLPTDsfu9GSeTIKFQLvPh3U8yI8GX6GGEAI8yNEI4GoqRdPhA3DMd8uDke/c4kaiGWUkHznEfciuZTLI2n0mfJ2gdMhCZmNDS52H8nGjnEHj4ECo11jIyIZhhn+DwmYiSUF19eErAFahPPG62KHMoD54UDiZeEdg2wqjdO86t1+A1XGkhb2ikDTziE+evur5RMqFGjdpMjZIJtdYYJZOFoBaSiYki+XyhUEhnsiFRtlwfzZAJLL7dg3Z5GR6RA27XCLAxNjbGCQLcIptJC6oBS8k8Tq+/9/ARIMQXX3w1o7uDWMkkE07SGTGMy0zpIVmH65Mrw/vqG/JMlMv7jlxgBGmG6e9Zu6sEFuKDPrZej8J8NhuJTZWp5UQVTuFlsxhUGidOCErYy4rwzNYFGVEb8Is/n3y45di9/XMrLnygvfPkrT4nlmQZL2tGoA0HQu7HnrWisaQ/JCHnCSe6jzrkw1WzHP4KSwEeFS+O4PCqaaVHovZoLj835WlJJJKkCSbIw0ojwar3CzAJ4wDJ1kg2k7FqczVJJragL9KEkcRfmRNkGdGIHU5URSLFvkgvFGsmcAXpXoK6mijIZ4Kuj4t34d7wmiqYGSxhGZ0VRRWEUaFhci5pvOj8Vdc3SibUqFGbqVEyodYao2SyENQqMhkbKyVS6YER3+6DZ9/7cvuB423X7z0hvUfyiDqUxmwQNqIEAOyywrHILgGMWCwmyCoracViye/3F4rF4eER2M5lzFOuXLlCUuStExt5Qmwi02B15z6Ux1fuH/buP36pVBp78WISVARScS123YJVrKTpXhS8ZCLEKHBPw9xxB5kkk6gZCG65KFsZDpxsBHiVk1RNRy0sHVe41+3/4dj9O11+N3U0qR+P399x9nGXrRN8r3+qtLG9wG5LhMkkUt0hvraCAvok680cCaDOifUi3xzSdPQxWm9KtHlagDRwrBcaD4phexNGIjiRk8KCGgmIOnwpRixhA48aCR4OEYxBNGJihhmpZU3QVMlBJoIouK8TqZAJ4g3sAHGTCQAJcAupLKyJCigsoVdzG3djdP6q6xslE2rUqM3UKJlQa41RMlkIaiGZbN5xCJjk6+37Yf3jgIpASG7MBjV5AE63uz5COKCLlBJWwjohE3h9a/XbwCfWKQ4yyWXSyA1S6/p2pZJJQibuZixE5fL46fY/13+1/Z2N23TdmJycaLKTiazq9s7uA14WbuGeZlcmnYnGq1r7WacD2LBS2MsKPk5MVDfZcOj5EMfKeoNM92kFcLLz3JPetAknJIyKPEPLyYQ0SMk0QRS8rMEDqHrtjBQP7k8ClOs+5FYIpYvUJhMA3dHK+4WPsdNFJkHkVQvzaiRaYcgq8JiWTHREJvYRB5nAUbG5JPgKmZhpJCiaq5pMiAiZWBkmOI7LSjWh0VxIlEyoUZsno2RCrTVGyWQhqGVkgstkpVKpM+23v9v+x0ff7fr18Lkc+ud/dLQxmcAqUCSVu2w8U0BpJGOiKOXz+TGSN1IsoVgxCxXGxwJ+f6mExuG+5UqpLgeZZNIpuDVKfXHd1y6GR08IGvAy7qOgiYlysVgc9gTHy+O37z14MTmJahy7FrsO5bPZgIBisUK4XaBQichqLCCTRLKqRBX6F3rFaNwMxKGgqAUE7eYz77ZTD/e1PXODR5P68fiD9of9j3weawUP8rL2FPMWyI/alQCZOJ0/bhEyEZTan6QP+6ZyrpYmNcWKVT1SHBFig37kfgnhrvb2sl1EPk7yh6oI004LTQZ02XcRmVQX7HKkmpDCwW5FK/FaOLVdk1Bnd/QKiILH0TbxmaBtVpJY5DnB27LMmrji/FXXN0om1KhRm6lRMqHWGqNkshDUKjIpFQtl1FSkcONex8ebdh88feXB024rmqsxmchh9I/ceQwbX329MY8z12H7/Q8+vH379vsffVHCthS3Yhwn5bmwgEzSqeSq1WtPnDi5Z+8+NFged5CJHonwCspLcd/Xrn5PEJ6QlbQhP+s+WizkFU3/aNOuh097stnsui9+ngRQyTtXum4NoNwSvJTnpJqZ7k2Kwd3Q3T0EGwituSWzV/rzYe7H4/d/v9zpBo9mtP/S82dDyO1jUVaoOl987gobUVbS/SElO53bRA0bqC5wdUNGS7h3SqRevxSHvMxUNYKQy2PT77HS/Y0+D+M41x+SgkJVK3o7LTRDJo6Ud1J0yz7iLBxcN5oLAYl92+4MsavSXdGsx1UZR9vOX3V9o2RCjRq1mRolE2qtMUomC0GtIhOAkDuPnn/y455PNu/xs7wFD+RoAzLJZdJW7jvM/+67zTh/A1X+XbNmLbw+e/oUeKNYRGRSLCKvyNmz51Hh4PI4kMknn37eMzACg8uWrVDDuptMUGMKWWeFaXwmg7BKVQ1GVBm+RqdFIJN7T7q2/nqsu38kk82v+WRrOpP1sqKk6fFYHJX3zdbo4lew/bu7+x/dZyQGZ7pP2+vDUjSWdCy1r3d4thy7V69ScDPyC+EHPVOpJgFRq5fBPwtl0hkc0GWMMoIRjTdAC0ImHqZ2+3mCcDW/C5eyo9Vk4pgAX5l1qM/LOo5ykhZEn8DUiJ0WZkMmOLvdPuIuHOy+yIxEag27xyO0nwkWJRNq1ObJKJlQa41RMlkIaiGZqHqko6t/98Gzn33/63tfbv/0+1/DOm68nUWLznpkwojhcCRGtoElNnz06aeffq4oSjKZ+OPwiffWf7B6zdp0Kqnr4R+2bgcyGSsWPAH2/uMnMHjl+u2TF2+gUryjnpUrV0UikYHBod6eHjuZjAZDrKTFYuYt6snPo/R6DyMkk0n30UI+B1fbc/Dsx5t37zh05kjbdSAR1MvPlj+NFuuCBhSUTqfJypiXzeJOzbTpaCyShuEuSFUv1TvIK+6b5rLZPbjziTv55OkAc+nh8PGbvW4gsevUn/2Akd2jJm4FeLXfyxiRWDP5Ic0IHpup9EvhZN3LSroRdeT3R2NxdKhWE5hCJSHHPe4WfEcjAdOjFUIFBpzhYZ2DXuvocFBw0I4Whq++6hO2L/TrNFtE+e5WQxIijAposhsbHGQiSoKqouz25oRS6kmSvZWO70hlscv5q65vlEyoUaM2U6NkQq01RslkIahVZFLIZScmyqBx1Nkwc+v+0z9OXmJ5cVoyCRsxUlYrj8lEUcOfffbl6tVvr31n3erVawEwli9fCdtr1qxVVFSPq1hAaSdkEF7fXrtu7dp1K1auWrZsBWy8+ebqDM5Wt8jEx4pBQU2nUrlMumaePRFpZjIcCGXSNdqewF3hrWUzmQ3f7li+flO5XM7DSjQSC0nqSCDk5ST8T/VmXw5/SPZxUj6btf7RfdA/1xq7Hvyv+7Aod4xLWu0SVfCWfdVZEETJZOpGx/CPx+87kAPeODx5QAy7acQhoJffL3cGcNAUeb9wLrxT97PNQvChRWOJ0aBg9W5nZR3euxFNWGAQiyeCYhi+VvfpBZNMnEhWU3CvQVtlAjeZ9I5O+Uw8rOhw48D7DVUntDjAoBoSKhzi6kZi8sMUpUxdxN3SRJZFB1FMpyk+wVBESoG5p1EyQZpvMvnv/3aOUKO2QIySCbXWGCWThaBWkQkAQ6lUPHftzsGz7VduP4JtWMpb0VyETIgCvBwIiUpYr8kAZpd3u8rjcKk8LuQKl4T/XvnmakJBE7gZPJE5AkO2K8AFOUljRcUqSWxEovF4wnFTWF+Swl9ehnc/EmBJsVjc+cfp8bGxkxdvAJkUSyXYdixkC7igE+oxIuvWwho0FAi5fR0zFScpqF6wrMGHAMpVVslGtAYPwFFYncu2bhtu7Tjz+IAt7cR6WlCPV3ADSU097g/CU3399VfTyv0AzQi+LC8rWC1H4FMdCfCCagCZeOuTSTPtGgu4W+KAd6pxpIdxXnAkaLqGQsgbFnYk+ZBSzvAKnzb6UtJpmz9EwjDg4pAKftjxoGpmNZk4qgYTOLGYpx5j1BO5kXucyPmrrm+UTGZtyVzZOTSfdnOo4ByiRq1pa+3fDyUTaq0xSiYLQa0iE1i+Hzjetu23k/3D3nQm+8mPeywsAbGoibuh6QYnyoyoIgcFJgGQn5MEWcu5mpnYZbJHufzDjz/98cfBMi7D5Z5WU3CLkKRau3okTuoO2yVrZo9FeEL3FcbHxzbvOAj3BD75dMuvk5MT7365vVwuFxpmwPebq16jXu/2GYkVUScT4Dmyy0g6+Sd8e6t4SzAt1EQW+A/H7u+9aNbsIutvL4eailhksq/t2bUOjxtIHPL7ff948aKBZk0mlnIYKfFfTlX4nJ9XPICC8IYNgIQkRjI06L6CW4AT9kySkaAzPCyIW6zY72WJEcNWYxlLmC4wZmD8MIVgYAohdBdOWCN4MrqChRzuZou8wFtH0czpahNbMi9eJ8kkQskEa77JBCyVL0fTY5HU36F7nuL/XMP+j9VUVDMW/OXA34/zz3cORsmEWmuMkslCUAvJ5PqDjp/2HgtHYvFE6j1Yu9cikzwu46uE9UBIDFQK9YYU3c8KbiSwswEhk2w2S7bdc+oJri+rYWtX0VGreIf8nICeRDHi8bj7KNzx8y174aawmj1x4QaQybovtk1LJh7cLp2Vmvr3+2nlZQS4mho245T8QljQIkFR9/M1rs+KGtOE32D76YfbTj0idDEaRNfHXeqnyOQgIhbjyQDrppGaZHL99r2zF9vng0yIgLWCggYfbFAMk0z3ilBOPDqEY958XI0wNrccZDLg4xwTvGxVfnxNsbIOTwJENxrkiVPC6pzoXv0jQnCRict/YrpWYFdVJDeZkEPkUrDdJJwQMmngZnH+qusbJRNq1KjN1CiZUGuNUTJZCGoVmcAyvWdgdMPGHR9v2g3r+Hw+j0KwKot7UdF4RRfkKd8FkRKOAq4gMMAuFFhZuh0algBgQO7xxoLLpmxJ7VYdMLtGAhwCpDpZKGNjpZMXbmz/7eRHm3dp4chn2/Zevf+kXB5vQCayaq6bW1Va14cz4GNN5HIA77GwapecWRNu6ZH4lmP3CF2cuNUHENXvRXkXj/t8ZPDKk1HYhUGY9uPx+4evOZnEQSaffLGRbAz7mQEvayeT7mF/GHVtn8aNM60AA0aCPCfrnqBZmyuRSCph9JcT4FUc92W6MmDmKCMEeDGVStV0H2XSaXuOu/ub6hzyWUd9nGRPxK9ZeMC93HfL5bVwowIiExLcFXY3W8S7U1drCBuWDNJg3nnrKjl/1fWNkgk1atRmapRMqLXGKJksBLWMTCoZ8KBUJvvxd7sDnABrenIU8AOgwt1enUVRSeY2J8ok2YMV1Ui0hmeDJKnXzE6pJzWs80pVgFZN/PAwyGfi5ZyPZ4mEk42hgK7S5MTE5OSEe2FqKaxHhgPon9vd1bFmLT9uINhM1WBAL5iZamLm0es9Vip81wg/wiqP+5AP4W6Xlwz+2eWHt3DyVh/ZfdTnh6P3ewKnbvcfslGKRSbfbPzuzJnTxVIJtgd9nJ1MyPo+IGhDAUAIeUYtI+1CZYURmRiBUN1Wj7kMCs9DBaBFjcXVlsmtvazEy2GcZYRAxTCivaNTRZDdXe0H/abPhFOM3mpu0aM1Eofcy323HHhQP/HDTFtXFMlOJgAq9n6LBGBc5zplBpjVvReS81dd3yiZUKNGbaZGyYRaa4ySyUJQy8gknyuXxx929n+9df/nW/au/2r7x5t2pytFt8IGrPB0d355oNqDAbskvguWlXZHBxEroaPu8QbiJYWvdrMo4Yh7WoBX4MpDfs59iKiEu8uD6dE4kMl4w+7vfZ4gwYO5l+Sy1Hw/E5x8bzTT0GPHmUfbTj0kdAFnDQSkUQ41Yr9eyS0BMnk6xFkE0u1BEV+XHg4HJb3fMxXiZZEJABu8Pu4ZqEcmRIwY7hkJpKqb3DcpOH0kwMPTctI0IVukzJek6R7cJqVyd/jT0gBEw5G4nUwAdbqqyQTwZhT7qfBRZw94Va9RmNi93HfLQSZWaFYtmXBSRSaSRSZmra0myQTFfTWc6fxV1zdKJtSoUZupUTKh1hqjZLIQNHcyITV/gUz6h71fbd2PSmmVy19t/Y0JibBNVvbRaCwko9wSx4pftGWAgARcWTgej7MSco/4ONGeGU88Ko1z5R0KcKLdSQJUk0jUABsO367fE3QfsiudSsK06ZqUZ9lKLSlJnT7Zo0mR+lTucYf0SBSm+WvVC3Zry7F7+y89J3QBZ93uRC4R0N6LTy0ysfDj4JUu0mmEQBcRKxvHb/ZaZPLOZxt9QYZsO8iEXOR+t8cbmjo9wKsDXpZHMX7TcxQRnDWKU260WmzQWLoRDUmqj5McafQhzB4OMjGiMWvaKCMOV4LHiAStxt3dy323ZkImSO6WJgImk2aAxBIlkyZFyYQatXkySibUWmOUTBaC5k4miYSZNU5CueKJ5KUbD977cntX/wjgCjmUANgQ1WB1I/Z0KhW3cYJR6bdIJCpaCIdvBXkFeAJwBW/XDbiqKV8ltZ0RVUkz1Frp70YkevnqdU7S7CW86gmuFok0qrVFkrBDqNZT7SblsxOnGAA87nGHgoIC06xE+QZKJVM7zz4hwHD0Ri/yQuCFeFDULRohgmnHbvR0j041JcRL+anFfTO1uRzXbHswPMoi/4x1tT4vM+Tnpk2kCeHWIvA6O5eLXQBFwBvkARgx3DXksx/1soh/iDqHfEb1lw6fkvuC7uW+W65orka0ABKqyUQyO8E35Sqx1ASZKM5fdX2jZEKNGrWZGiUTaq0xSiYLQS0kk3J5vHvQ8+n3v3703a4AyxfAKmSSSiZh0ewgk2gsgbOTzV1WqvKfoBHBLN4VCEm8hHq0s6LimNNYcF8fZ7ZSQYkugiZr4Vz1HEnRCJlEp+sTn8d+m8ZkMuQ3m2D0exj30VkLyCEoTp/UDnO8rJhoYtU+FJCsfiZ/dvqszonDQcmOEPsvPT9yvSeXzSqaDUV4tXs40OdhSJTULMgEdPR6T8cgi5L1zcsCGulDPq5eoxKiUIVM3IdmqpEAP8qY8VpuMrGnv3cP+5PJpP1oQKjhDXMt92vIQSbTVtZyk4ksi+GqvijTXCHSkEwMnGcPcv6q6xslE2rUqM3UKJlQa41RMlkImjuZGJVs9fL4mCApG7f9/v7XvzzuGkyn08UKmWTSKT8nslJVVgmQiT22ypFzYknRdJL7zgi1M+ObUTaT9iJvBkqIt0DFz0mcqAz5WUIm7rPcgidxxGhNTqKOkvBazOfh7fAqdgIoRjM56M0rhGOf3ON2ZVG/SPiEGoGTpQOXzJAtEGDJ8Zu9ZBW+58LUOOjH4/fJfCBDMqFr1NeXZaakMT2jAdRCvhLDRnT1yejhaz1uIKmp8/eHgmLY3p5ywMd2o77yCUc5rxDuKxJqBZl0DnoBPsjtAoLaaSMTXg7bk+OHA073l3+2ZGIP35oWSyKuNvBEJP+ktjBmONCFDJJtnJ1iHrXOomRCRMmEGrV5Mkom1FpjlEwWguZOJlZ3QlLAqlgsnL96570vt9+422GRSTadCoScZJLLZEScWEIkKE6fiSVSdNjD8DMqzOVQLpPWjQgjyEFBIYkliE9kHZ6qJpnAmrhULBBZg0AmrCjDmyQqj4+/eDG59ddj/3gBNlkqlYrFkmrE4frIZeRavM5OuEX99NkjKI9CieSqW5XX09YTDyww4GTjwv0hsgp3MMO5uwNkvkUmVViC1R9neo1gv4chGSCW+v3SiUpdr2l1/FZf28PhgDiFN4A6I0EBAMFqvm41Ugy1mkzgmnYygb800tqFSFSdsVstIZNmIrLcZCJKAsEMCzBMDnFTCgYVUxaN4O3KBJNYDBrNhUXJhBq1eTJKJtRaY5RMFoJaSya7/jizaefBRDIFC3REKRUyARGXhWP1b0TjjKgFBKRs/dT2dCoFFBGL1WiDOGvlUEJ7MiQpF67fOX3u4h/n2u1HCWV1dA0cOn2ZC4lkF3NXsVwe9zAC0Nbk5MT7X+842X5r+fpNNx92Bnlx454//jh1eXy8LKt6JovcKeMl+BzGQWTxWioUYBA0MVFuXOCraskbjYVQBsg0PhPSm9w9XlNWJxOQvWuhnRZ2nHls5aY3IJMqpZg+D9M9HCDt5Ing+jeempWIp9e17nP3Bu3+E9geZcS+0SC8O8AV0nzd/Y5mKkCRgGC+KUAUABXrUM9IIIjT/UE1IcRXq8GlmyvcssiEhFG5J1RLcXRaJFJVyX4RVzngKd+IjVtsvhTz1lVc5PxV1zdKJtSoUZupUTKh1hqjZLIQNHcyCVVyP3BVLlhvF89cuv3p5j2n22/bvQ0wzU0mTQr5TGZYlatJAe2MBPnT59vuPe6yj8P7IG3sQR99twtAAijlg29+2bbv+J4DR7oGvYygjI2NA5O8eDGJXicnAyGh7foDsnuno/P2k86OnqHx8bGvdx44cfEmCvcqFsbHx/cduQAT1m/8JZ5IosEmXCusgP5pnxH1gBiuuSYmQlnpTTRYBA34xX1tzwgJ3HzqrYRyGW0Phy1C2H760aGrndYpzZKJTf1plNTeM+IPoHJeJmkMBeVjN3udNFJfIwxq5FItdKlIJNqkd6ieuoZ8TCW7BshnxBayBY9t3a572A/ffi6XhT9v4FL4iwauTKUzyD9WKGTS6Vw2OzY2ls7kIgZKI0GLfgNFahGhwbCsqRJRhSIQFcAugRMS1kUmkHNxjrt5KcsBQi4oyyjVJGpYEKKS7Zqv1gaAirVtPiQlE5comVCjNk9GyYRaa4ySyUJQK8lkfMxstlguR2PxaDzhIBNHa5HmxYkKJ9eN9ZqLCJlcvn57wMvYx+G9fPnjvjLqYVL6eut+eEfAWkfOXQOOAK4Y8ASf9QzbyQQYw8vyl248gPe//rtfCsUSHN3y68Hj7TdPX32068i5jt7B8vg4fDibdx7+4JsdJy/dfu+r7cipMjbmXjQ7FORhdW7Imo56dMRr9PgDJZNJWEY7SkjV042nowfazfT3rlH+8LVuOHeYkY9cn8oM+fnkw2dDnHXKrMiEjcaS6VSKFdV+L0tasoSwF+LPzql6xNPq8uORajIxWWLQz3kYXtGM6HQVvWrKTibDQX6UEcg4kIaHm8KhrmF/PB5bveadB8+64K8hmcrAVwu7ly5fCUkqcAt8O52Do2vXvQ8UESawYags4yOSRQ6NV/wVQAiyFOIYHyIQHM2lyAJMQy4OHGpFzhVCTISEe9kuFWIDBsYYVUEAwzF+JujlWD9CDgwhMKJrxJ2i8FyQcAiHL25UtimZNBAlE2rU5slaSybvL168ZPHrq5zD1BaAUTJZCGotmXT1Db/35fbnvSPrv4LXobFS0Vrrazqq3utmg2bESpo/JLnH3aqXRl9PhEzgwYYDITICK+lASIolUueu3P3w253rv97+0fe7AkHuw293Xb/zBN7jmk+2ptKZszfuAFcAk/zjxQvyGggJQCYAJAfPXUGgwmnnb97zMdwn3//a7wnCBdPZPBx988Mtv51uA0R5f+MOmIb6E+L4LlMozAtHf+Xz1hoaTiwWiuPjiGFqdh9XwrqfV4LCNOFeln6otH4HASeM4AK+diwBPR+ewhJQMGRGZ7kJpJ6ATHIoXce8AmCVHol7WL7fy5BgLUbSR1i1+UT54zd7rcwQhzjZAPKBrxJQoWck4OPERB2EswTIYWXtD/o4oF8y7q+8U0u6bvyv//V/QPD1EcH2iRPHjVgibMRg9/WV7/7fl5da/g1Y/QMzEGAI+j0GLvJr+T0kgYNB4tCI4gloDjkaVoBt4FwygZAJbPMhBtBCVQTgEIIZMAhoEcUsxOJ7oUsFPGEz0EtB8INpBGYygcoEfFnCSJRM3KJkQo3aPFnLyGT9228uemkZ3lq7aPGS9RucE6j9Zxslk4WguZOJ1dkdVu2Xbz4YHytt23fi5v2new6etZNJIhGfHZmkkqi/YTMlffMzJxNJDXtY1PPEi19NKbqkGUxIbL/1iLhNtv56rKOrf8M3Oy7duL/2s5+BQwDA1n2x7WGPH7aBIga9LHAFLFLHy+VNOw6t+fSndZ9vg0PvfL4Nxs+2XS7m86IaLpVKgDHnbt5998vtwwEOsGTXofOn2m+9+dEWQjhANcAml249QZctAI8UYQOuuvbTn+A6pUK+Vo+/LKm9m0hMsxa35lut3w+hHPd+OBeuYGeAn08+dJw1CzIB/HDdekqSihqr46R5RCk9o+zpPwfcNFJPwDOPegNBlDHvbJvokDckexgRNODj7OodDVrZLEApimakU2lQz8hUVS4iXY8AiryxfFVpbKxYGlu6bOXdji5CJsViCUb+9//5v78evqDKAnF0WGRCYMBNJromEbcJcokEfRaZRPEubAshRlNE5FSxkUkYzsJkAjMJbFjs0ZhM4HRV5smlCJmgsl2UTFyiZEKN2jxZi8hkw3qgkbffN/feXr5s0atvVk2g9p9ulEwWglpLJiFBOtl2c+O23z/Zsud02y07mZAsdjcbTKtINAonplI1ere7FRRnFvRlkQlRUFD8nCgqWjKZzBcKv+w/CaB1+tKtK7cfATD0D/t2/n46Gk9ibCikMyjHHfk8Kq4PIJNMJlseH9cisVQ6A9NWfLD59LXbn6PAsHHAjImJidWf/wh8kszkPvhmh6JHV27YDOtdYJVIPEEy6fOF4uc/7Mvm8p//8NuXW/fHk+mO7sFPt+7F95pIZ/KlYtG+xCcluRjU7aSpTupGJG71WDx2sxeW+HB6nzdkX/f/cuax46yWkwkolUppeqTfy1p00e3h3RDSQCdv9bU/GrnfG/TZ4q9mocNXn+9re/Yb1p2uqU4mRIRMDpy69LCrLxBkFi1+xSIT+MZh5NMvvtHCBsv4idsEkUnACwQiCqzl/bCTiaoIMAH4RFNFWQzZyYTMBywReRYxAx7hGD+cxQR9ssQbGH5Mnwx2m0xLJsAhGHhkSiaNRcmEGrV5srmTyYaXX1qy6OXlruF1kn36NAAAgABJREFUc/GcLH1t6WK47EtvvLFijfMYtX9Lo2SyENRaMjEi0UQiCYvyIlqFl2HEjgGw9E8mE248aCyfqxFKAznaNRYLeTsduWWRSZ8nmMtUHYKHP3r2amffUDaXK6NIqixcCiX4l3BNrTxWZZHNyxrpAAjr7GI+V1Ee48rY+Pj45MREqVDwM/y6L7b9fqb9VkfPR1v23HrwDOWoTExcuvMwFovDth6JxZOpHb+fPnLumqCEUWzYqQusqF662w3M4wuF3/8axYDhzxY9C9yakcL+kBypFeVVU3c6Rw9WVvZ3u7ywG6ouyQVrdF525tnPB5lYymUzAITdw37ixOBk48kAe+rPfjeKTCsAraPXe47e6AXBdmO5T68pQRCBTACtF7306rK1n8I2kMnRo0d6PAIMwsirr72xdNkK7B5RdQ1FWyHwCMs8FxR4BkBiqqwWbAqcIvGEN2AaCc0CVEAtFFUJtoEiWBzQRbJKkNODC8LVADwwlqBkFQIzmioT9sAz65IJvIZYPxydIhMcOUbJxCFKJtSozZPNlUzeWvrGS6+/9U4tAnln5fJFr6x4671axxrbulWLXl72xorVq1a+ufiVlc6j1Bra+6v/NZ8YJZOFoFaSSRlleJMMeN2I7Pz9NK7UNZUEPzsy8bJigK9qHu8WYAPZEDWDFNQaGyvlK8V/x/F2TdnJxHGInEtkfxfuhXUBd8Dw8yhHvNcTtI/DqePYAEtAkWj8j1OXv/3lIEBIgAP0iKzc8D0wxgebdv7jxYu1X/yUzmSS6fTRS9dlTV/92Y+/HjlfLpe7B0dH/RwAyc6DZ862//n51n3/QD4alJeSTKXgppIWLhSm8lIay6rKBbreMdLrRUBlX4j/dPKB+6xZkEmw6RLGRIlEAj5Gq9wwUMqDPsaR/fIvkUUmJNvk0Ll2QiZyOHrvWQ+MfPLZVyBCDkQEOXRNIhtuMhFxtgmBCkImAAyKFCKZ7iB8yEwpIdFc1khl26wAZmcYVUbdTkCAPcQrQmhEA+ahZDKdKJnMwg4f//PM+YfOUWrUqm2uZLL+/Q2LFq94yzmM7K03lqzb8P76D2ZMJiteXbLOOfbholdpYn2ztvSVJc6h+TdKJgtBrSST8TEmJL735XbQD7uPwOvp9lt2KgAAMCIzbuI+LZkgDikV4RXwwYjGbzx4Gk8kyS68frxpN/EuIEhwIUoDMqkn95IaNFipM+vjRPdRS/AYE5jfgFWyuOFJsVS6+eA5L6sAG6s+2vLJpj2rP/3RE+RXffwDHA1H4ofOXPvteFsmm4OzPtuy9+e9J1Z8sBlFfG3d/6x7sDQ2ns3l4X3pkdjkRNl9R4ce9AatTiZn7w7Cuh+e+Xp1s5Ezf/a7T5wFmTQocNxYuhHt97KeCqKwkv5kIHiy6aaNLZdFJvsPHd/w8eexeIKQSS6XX7Fy1WvL3oJDAJnAG4QHLDIhCAFUoAKbVJMJgAHgB/CJRSYWexByEHhWFkP2PBO4Dsv4cUgYXAbFg5EcFU1BXeFhkMM8w7F+dEE8zWKYCHa2oO2wwgs8zBdEATYsOX/V9Y2SyVxs92+Xd/x6aWCIu/9oyOuXnIfr2KFjt51Ddcw9U5QiP++8YO2ev/RkvDxpOz57m5h8URorwwXvPRzMF8Zg1zmDGrWKzZVMwBqRiXOsKftgzYpFr6xY9e4H5v4G+P2vXfTqyvXr13+IfAIrFi9esvKtNauWL7dwZdHi5YteXrYKFsXvwPx3F720dM3ba1GY2ULlGYCTl5atdY7Op1EyWQhqLZmk0mn0j/f4P8lUuuyK5pLVmeWB5F1kUsyj2Cr7lWH7m58PkEFglJ6BUUFSREmBV1jNA5mg2Kfy+Odb9h6+eBXmJBLxWDyu6YYgq/DwLSGT4SDyPIB0w52hXkN6BE3O57Io6KuIOsejRhmVCl0vJidhpP3WI9DExMTJK7fe+XzbvhMXRwIMHN209/D7m3a+/enWQnFs+fuoLFg6nYaZcMh1o2w0lrTnn+w+34EblZhr7uO3+hwOk13nntTMV5kFmdTsUdi8gpKeTKZ64D1Xyg2HUDq7Orsor7kIwKOmcrkc2XjUzxy+1k1IwBLygSgS2UZAgslEUUTHNLdgmiyb01BxYbxhXQpNQEcxeGD8sKLFzAl4EO4+NaKr+IImq1gOHLucv+r6Rslk1nb7bh/DaY7BTLb4y562XfvayxVgaLv89MiJP7ftukgw49LVZ4AWoKMn78DuybP3YRtOIfP/8Y9//rr/Coz8ceSWYyYxIJMRj3ChvYPsWmQCIzBz++42eADY3fv7tVGv+Nsf1/cfugG78ApHHzweJme1XXkKd4Sj5kUrls4Udu5th3Nhw3GIGjW7tZJMVgEtEK1598M5kImZu7J4ydJV71RG3rUY4w049Ppqsg2IQjZg8luV/Pv33ly2fB121KxZaU1YcPb+2r/Zc0LJZCGohWQyPob6voNYUcnCmrtYsAdB5TGZiLLqXus3FiGTUiEP1EEyPSLxBNylkM/BLgwCePx6+FwerFDYf7ytf9i7++DZr7b+tuGbHXBow8YdpVJp/7GLdzq6YKRQLLKiyggqK2mcHA6BFH3uZOINmRnYTfbW0CMobd3qsE6E3g5+g+PjqDStBSrwZm/efyoq4XVfbvvo+93eILfig82dvUPAYSs3bH7xYvL05Vvoky+bneZtygaEcFAMxytlu348fn/vxafWmvvWcw8rGfZVOExwXQRpFmQSmAOZRGIJAjbZdNofkoaDgtWvHRQUtY5B7uqT4aM3ZtC0cdZ6PsyBHvQGycblRyNk4+qTUbJBpqnINyJjoQ3TSYJH7AxARgAV4BWnxZNTZKAXeFUqDGOfRq5AcugJcsC4pslItovDubBrHySnk2ual6pc3yHnr7q+UTKZtQEwOBwLqXQeGMDjkzp7/EdP3S2NlWEQ1vpPno0Cw/x+5GYimcsXxoA9YOkPG39hSICznnV6gXP+wtxy5XrnsEeAXcdMYkAmIOAKsmuRybm2xzBzcJg7e/ER7O49cBWuw/FhGH/e5YNHSiSyQEdwKJsrwpPA88AtBoY468pg8MBAOMdO3QVAso9To+awVpIJbJgjmCLmQCamffDuarMSsY1MFi1eugKBDzK4BUmQh0Fz6MMPl2KqsWSNLyhbv3rFYndZgvk0SiYLQS0kE0uoMaKk6UbEMQ4AwAqN4rIcIpxTKBSATGBj228nOV6Cje2/nUTxUGOl7v6RzTsODXkCjzv7h7x+2M7mcoKswW6xWNq+/1ShUAQyYXkJXmH38y174bkERYPHEBUNxPAikM/cyYQRNVgxs7IOK2n3Ubfi8QTMz1WTiV32UCiUx18slMtloJRsvtA54OkZ8cH26Su3+jyBfccu+hgeKKXB1VKpVFDUOdnYc6HDvuYGaDl3b9A+0uerHY02CzKBO7qv06SAaozqnH6gODVs9HtZ1Oq+giiWPJz6fJg9c2dGdYe7T/85QPT75S4ANjj9eoeH6HGfz9KzIabHK9g1EJDsgruDSIJH89JRCjvqmeg+BAK8EURBEHhgCYAK2DDCioJdHzAuioKbLuYi56+6vlEymbXB6t8xAqwCJGBtk4SNA9hr8Rf2SNx7OPhXrRP/wvPh9dfqQ+6ZhEy0cAIY5q9a0VzkFEImsAFHrUcikwGZrMm79rZb22BPno7+85//BbjVN8DYx6lRc9i/NZmAvWaixRSZLF68ZMlqM3dlxatLUIBXNZmsfK0F9/3/2gBLVqytuJD+LqNkshD0d5IJDHKVtoz1RGiEBGvB6/qvt0fjcV5WYZtksCiwPo1E2289PHnx5p5j54BAgDriiSQ5+rSrH5Dl0o37MP/A8bZ8IQ+DcIVPN++BETgXXbmSLp9vUZ5JPIEwA+TlZPfRmkrjzPVspsbViOot60m9L6K3PtoyPja2+rMfx0qleBIuaHgYASDEfRYRK4T3tz+3Lc177vVM9WL//XLnD3UcJqDRYGimZCJoUfd1mhF8QWq47rlBQYZ3Cn9IQ/5Q17AfWGU0yAcr3dxnpyv3n3b0e93jM5JVGpiIxGJZ7RfdMnA/eJySLgGiEME2qb5ldUIkk8m2JHCkWDDMwZ4QQcd5I5YEIowuSFKzAOP8Vdc3Siaztj+O3pp88Q/7CPAAYY+/MAYQ2LBisdxkMjDEXWzvIC4Rx2Ri9cgENo6dupvNFW/+2QOwwYvGiTP3Yfe//uu/LTIh94Kj8CTkXEImcAiehCiLQ7+oUZup/buTyaLFb+D//sAik6UvL1n0mpnYYovmmiKT995ctmT1370u/3eyDX+zt4QYJZOFoPkhExnW+ormTClhRY11kUmxgBK4ARiKebQkhVX+6fY/y5WkduCK/hG/EkYVt4BADp26/O32PwrF4qZdB2GCpGjfbv8d5kxMlD/ctFNUtI+/2z2GO5AQMoErkqPPugc2/XLw8y17i3A/G5mwguwPoaedC5mQ0CzQKFPb4eDWtGTCynVL7uI0euQ/uf+8p2vQc/76vXK5LChh4kzwh5SgoMTiSfeJAIv2wlwgKxrq0oPhM3f6z/7ZY8V9OTQyczJR9Jj7Os0I9Tkx6pKJl0Xemzhu8Z5Jp8NGVNb0QEgaDoQGfOwIIwAf2lNTmlHnoBfkHp+RHOCBEQLV7XUyiekVkVClYJzjjvwnWhWN2EVanVSTiSkdO17QK47gUhVJkRFmiNXZ7cAnGvHAVEtRUAAYPATI+auub5RMZm1XrncSSLDs6Km7bp9JAzIBnLDiwWbkM4ENSY7evNMLFwTYgCexGGNaMnHADzVqs7B/RzJ5a9kyEoi1+NVlFmHA7x5GSBjXhnfXoG4nLy+1KhLbyQTs7ZUr0BVefuOVNxZeBvz7s/vU52qUTBaC/k4yCfIKIzjJpIyr+u4+eJZsjI+P6UYEWEIQZQCJDd/s2PXHmXQmk8lmv9v+xxc/7dP0yFdb9wOlSEr4o293wVkfbNyRyyECGfYGs9msFjZiOBElm0P1rJAHpjyO5Kr/C4IVrUkmowHHg9WTe608GuTJ2nTYH3IfrSmgI5jfIPSrns9kSvk8fF6oU8rkRBF3Vslns2E94uMk0hIeXuEDTySnXCiJRIKT9WFGPtDeSYDk/L0hP6/1+81ILSwjIKjDAX4kEPJzYrJy+izIJGW79UwVicbrlfYifWPc43bBR5FMJo1IFP5I4F2AvKwI6EI06OOG/Fyfh7Hede9ocJSxfwhOAer4QrKPm1II1WGrGrECsRA2YG+JgTshkm2iKB4kBALbxGdCtonQtCbIxJyMu8s7eia6NfVU+NYoRR7zjIGzVggvOX/V9Y2SyVwMJbvvbR8Y4p53+cJ6ojRWBjgZHOZ6+xkrz8RNJnBWKp2PxjK37/Y97hjx+KQ/jtwi09quPL35Z4+sxoA67DOtO1pkAnbkxJ8/77wAsAG3u36rm+PDgDrTkkm+MAbP/PDJsNcvtV1+al6XGrWZWAvIZCrx3aVKdS1q//lGyWQhaD7IJCQqsNaXFNQekfAAUTqbZcSpDHiABBgkLVCAK67defzNzwdg+86j5yFJXf/VdlSf6uYDsqGEdR8rwDSEHNks8oSUy8Arx85fK5VwV0fMHriu1JRLZFq1hEys+raiUnsxXVPAAJFoXa+CEo7C0twvhEXNcCTK20VaOrrH0+m0xUsINnhVDRtBQQPq2H/pmdVpcdupR88G/O6FuE0GCzDjD3UPm9PcBFJTRqyu06N5ATW53zuhAvfk5lXKhscyUtewHziNvKkBH2dPX8FBYswoEwpJiqBouaSYT0qF1JSySfSNRwzZPhjRZQs5mADq0Y6xQZVFwAmNVPgVedaCEItMiOAUcpaDKwiukHFCJqAQF0CFiU3PTGMyMSPH7IN6GAEJ2SZw4vxV1zdKJtSoUZuptYBMqFH7kJLJwtB8kImshu1kcvzizRt3O7oGR/KFgqgaxUIeVMDFfxMpVGUYuOKjb3ft/P30R5t3jZVK0Xjy2r0nwB6FYnHUz8IGapuYy8L8Tzf/SiDnxMWb5XHUGITsYldIbkZMQjR3MslmMiR2CJa2yWSNGKp64oBMInXJpICCmtKxeEJQIz5ecx+dVvCJASkFeIXFa24GZ2IMB3irnwlo64kHt572EwIZ8nOD/pC9BFa1zIW7G0JqSom0gEwSyRT8wTgG54NMhvwh6w16WElWRJjQQMU0egbDqBqM2skkiBiDFPDVFAHIhGNRqxMmgHodgsKq5CATngtKIqcpogNO0HUq7GGRCVwfLgunOCbXEnG5VJEJdqGYI8Rz4vxV1zdKJtSoUZupUTKh1hqjZLIQNHcyGQ2GAEVknJgeicYy6RQhk5CkAi1wonLvSVc2l+sb8V64dhcg4vr9DlFWJ8rjdx4+v9/RvXXP0W93/P7roXPpdFYzorcfPEMtBb//taOz/8LVu2cv/wlkgioCYzJJpRHqAIEkkylFj3LiDCp91dTcySQkKWRFO8II7kVwAwHJSOoMfCxzUSwWB3wCSjl9u/enEw/sqSZ3upAzZMgWh5ZIJAVZ6/cw/V42gBvb2+WGkJoKKTowlftJZqp0Os1KVYFtfh594O6ZzctNJva8lKCgsYIgKbIbSCyVMohMVFVwkIkp3B7RQg7sCdHgVeAZ4hUhE3C/RRRSBUdVRZBERCnEqWKnCHM+RhoTRQyVZXzkIg5niFs4F4WEclVGap3i/FXXN0om1KhRm6lRMqHWGqNkshA0dzKBZT0nhzkpzIhqUFD8nOTD1a4YXjaiMVj6P+joIQkkvx29eP9J18/7Tny4cScrSLv+OFNAXhRdj0TP37gLr8lUet/RC+XyOEwAmHn/m1++33XkcVcfIRPSxH2sVAQ8iESjsPadUQ3impo7mQz6WFikcooBG+5FcAOxUvhvI5NsJoOW3bK2p7rTIhHijdGg+6x4PO5jxWF/yBdSgrgscpNkIiZ0Pw9/EvDNxnOuT2ymgg8qbUvIIV4d97TmZZFJg0R5FPnGy6l4XT6BOYpSNWInE6AONuiTBBZYgmP9wB6AHBzjh0FCGhzjkxGKaEzQKwkcEAuwhxBiVFmoTyYavMJ1+FAQXVzkQmzAMdktW5LJ1Ih7mvNXXd8omVCjRm2mRsmEWmuMkslC0NzJJCQpkqLxssaIYVZUYD1H+hiCorH4vcddX/3427Z9J97/+heACl+Qe/C05+NNu7fvP3nkzFU1bIyNle53dOdyuSNnrhSLpU27D+awg8WK1EJZ6/mcAw+SySTgxGgw5CaHGWnAGwwKKlyqd5ZkkoVVOyxSB/0hJeyMO2osWBYHBck9Ph/yMCLxPNhDuSzBoXytvu92zaifiZw0SHEwIApJi/Bzdp4IALqiSXEkOM09p3mZZDLkIxFuDgU4lpdk+DMmHhVAMuBtgJBSpopS0GNIWm0ywXDiVqTiP4niDV1DAV14l6gyrUIL1ogelgFabDPNye50ebdI8S77rntOhJIJFiUTav+Pvfdgc6u6+r4/xXu9n+D5OLnvvDeQZgwYY7oJBAKhJIFACJiO6c1gTLENpheDMTbYHttT1U7vTb23GSe58661t3Tm6GxJo/HIPE5mr+sf5WiffbaOpBHX+nnttRa3C2ScTLhNxziZbAZtnExCl91yBxqYYH53ofDK2x8CXRz9YWbnPbsANfYe+Lxarb5z6Mtb73u82cQ2iL+7/8mX3/kQOCTIF4BMEEVIf3cWCaIql0qAEylJY0+tSxskE8XsbeWSTV+2UJLhUoHXC0K/lkgkAh8XJFLp7qKgsn7zBKqSTvPDWQJIoDBY+beErU4C0rnFjFUNBn343eJXJ9LsOlEpur0oahOSydmyxCTGVAXDs/1xSTVryvXhQ/ZClmAnTK4xZAK46HmrSSaFLBb1oiykWD7+qeia7yOQpFX8KkeSSV8eSVIXhaSQTqiySJlEVXBTVhRChgomSEIKZBnq0Mm0ajA7HlGseFc8FT5U/Fc92jiZcOPGbb3GyYTbdIyTyWbQFMnEz+ajHrzjBaVK9bk97wNsgFt5x/1PLXc7+z744vjM/B8feYG2GclIajIjwQQ4VSPt21kSGCpAEyQTWWdPrUsbJJOZxUzPo0XwQBTpkYnpUVCJOb4xwdWs37ym6rVqRnPTqlMoDCnLi6c018vme5OrVfiUwKuuVSqfHV8K6wWHOrEoZ9Q1QjdnEkL4Xs5m4ygSEwbN+vGNULVqBW4sly+ytbYmkWlj0V6F7Jqjt8HOmVyUTE7Mp9h0fxgpFwZ4AwQ0IqiG1Ktz4MGdaKaNZKLbE5KJbWpBLwbiODbmuE9IJjZmz4+cvCaZRCsO4/zRk+O/6tHGyYQbN27rNU4m3KZjnEw2g6ZFJuVSqVAoRj14zXKK5WpAWouA4GApLQKNAMDQEcxlr9fCmlqq5aUnJo1quQw4Iajx7ijr1UbIJJfLU3d2NiWz7i8VOOLZfLFSLsPnk88XQH6Q9YIsoJqgO+dHJqFgTc3yBd3N5vK0NYqLeR3o+sOj4QQZQkqAJWkF2ePhwdx3qh8XpFHhFyrd9sK6VaDTKYGlkahSqpMfhkwgGFct31lP8AQwjBbjEg34zHK0D4w8ug3lJIIPZxSZSIYHn5huB6bjZQOrkLOjm7hgRNTtNGEkBZtaDuzvYrEEyYS0QYyMWJNswVrV2Mmk+O+QpJFQtIcjO84q/qsebZxMuHHjtl7jZMJtOsbJZDNoWmSSzRfA+4568JKObhxtMAKinTfw1LDavuUS5o0UCgX21FDRmElaNthT69J5kwm4yQsZbBgimV7YjpAVJRN2vIG9FDdKJqEAfLK5AiBBrDthrUoS3y3044GOHt17JIYl7349uyCaomqya1IhGPQdcYnkXZxYSrE0MkgmbrE0soNkA2t/lRRzrT6SRFlSUgxe1HF7TV0omYiD1brOQ6PIRNSdbNDjjXrJrhSsYg4hRbd9yYCP1xFwhx4m92dUWza9cJ9eRu1BSE9YdMsMXMw+HySTiThhQmEOyVgyiSWZjFH8Vz3aOJlw48ZtvcbJhNt0jJPJZtC0yMQL8sAXUQ8+o5iCOmntLHD0AQ/Y8VHK5fIwPyHEW6msV0AmgE/nQSZz2JsPPfWkPG4r1IbJpArIwQwOV7Vclk3fdrPlPhjYLsY6EhLeoWEHT717LEYmh2fSpMOgD/hRGdaQ3vHCDVTYGx7JZHGjZNIgWexjcI4KProkaWGZUa1wsFadHpnMJWn1gqjgxmxbjUZComqVzSBwQLplZ7ResbJQhBOokEZoUazwgB5H0YWKdmRfldcT7dc+vovimuCxJrqEiv+qRxsnE27cuK3XOJlwm45xMtkMmhaZmIPp77lcTtRsEIyDD6fbuIcHXGfW0aeSdEsxPXZ8lGTdkk1XJ80cowJXvt1uhcIGjP1TcIyDpOgwiE6A+yxX0ArFMswduLZRh2nNeo0+Ddehzeapv67aQblSxRGiTrvd833rdXiK7e273VLETe/N7HQauEvKL5YrcEl4OVmhFfOhc/mCZKxj81K9VgVKzOheDT5VwxM0myLH3s9nYliy5/MzX89kkGcMm3ZAh/mK4dD9YHQpoBqKJfNpmR7PpWWWRqJKq04aU0rWACrTCVyyO4s9BV9iWjFFkq4DaBQ9RcmEIgTMkQ0HmDZfGM5+YzSKTECLgsIyCSugPvgbqBY9UDHv5AKLNCdBUTKhCrEkqqGIEgGboeot21shvGQ0mcSSTMYr/qsebZxMuHHjtl7jZMJtOsbJZDNoWmQiD3KFZtoxcqhVsKO5YmLmA+BKkM1F50uGk2B6yY9RStIk3S4VBzJb6gQ/Xn31tdvv+D3orj/cqxoGUAQ9BQcwSBs1YrWoTAae/u52nEm13O289dZeenzvH+/3gyxgDKDCQ3/9m+v23gg83fX83ldff6NSqwOWLAra3Pz8jmtvAN1w4y2ziRQWO+52VlaWH3/i6S1btt5+130wsrK8DN5wq9U6s5S68eZb4Wyr0YAVfnvbHfRaquMnZuAU60bXq9W06sYaDq6pNGmSGEZC2HrBS5Lx9henw/ngaiclnXJIRrWLxdJCRqHO+lxKBiSgT8GbZ2kkqhIJhhSKpZTqOH5+BHug8oVSRnNjOfHFYlEgJbNSilmtxHuhUDKB21NNB+5WNLBal2r5jWbr3MrK38+dg8eV5S6dyb5iqD6Z9DaqRXViPsVyCKt8gJ9Vo7yaLs8mmbAaHwMh6oVKMHJCQyj9cMoA28RIJgQejJDQl8D5EwZMAk4mRBeaTP7Pb9V//PN/46PcuF18Bn+o8OcaH92AcTLhNh3jZLIZNC0yAW8ySgiSZiiWZ2N6QBwqsrmcaoFD6QClAKvQPWCK6Un6OtLZBdUCMqkOZrbUCZk89tjjDz/8CDze96cHtm69skcmtSo4q/AUeIPm3KuqCnNuvvkWGNy16/FHdz0GZPLss7vhKYz/7vY7//zAQ5im3+3ceuvvTLO3LQ1Gfvnry3+z5Ypms6U52YWMfPLkqeuuu+GBBx686be3X/LrbeAXg8C9/tnPfv7482/9zy+2zswnKW8Aojz/4kswfuT4j512G8jkb488dv8Df9l5y22//s0WWGF2fmEomTRIq0TNDtygV3FrEoHbLfXTOcD7j7V+B31ybOn7WTF6CXjzgmLQfBKAriURnW/Z8uHtNMgGNoVkorM0ElWIBOVyWdC9tOqEu8tYAf8Mbs2qJggdZeBPJBhSgKse2c0F6yuGXSpXAEhYZUm9gVJp+J4xAIn5lETfYEwzixmWQ1iVchhBqpVWy3OxHMJqAjIJFd/KRdmDjkfDMoOUEiJKD1eYZYcr/qsebZxMzts+m2/Eh7hxu1htun+unEy4Tcc4mWwGTYtMxEEyScvYBj47GBhhVSmX3CAHiAKTKwxmjBFtAF+rxMcpmWSzAa39tf2aa5FMalV4fPzp5w5/d/zhR5+gYROY2Wm3nnrqaUARwAy42XarScmEXksPliNk0iDrAFqA2u1OvV5v1utAJm+/vY8CCYzTg1t/d2dakDsdLIX80N8eg5ngDdMJt91+15Yrr4FjyXAdP9dqNr/+5sidd94J3NIh289YNzpUqVhKx1uFDFehWAS/WbN6Tr9suM/uPx7Fkjc+O73vy7PshURVw6ZFvdBTB/qi4/NpJBPZ9FgaiYpZreZl8ynVtdzsUE6ALzGNifvVXC4v6I5s+qYzcvdaNAMeVgMCgc/NWmh896dzUQlfdOBUt9sFNgaUyhCONR0PuJQGkdoVK0omNNmm/35H5plEVc5jvCXaJJ7lEFYbIRPKIcy0nsjeLaSUVTIhI+zMoYr/qkcbJxNu3Lit1ziZcJuOcTLZDJoWmWAf8QghpGUdYCOfH+hwMkq65cDk2mAC/XjBfHlYjCVGJlddvQM5pF6jpAHssW3bdjhukhwSmBySSVLU4GlIJs1mgyUTuEq37O233v//XfrLQrHUBIuQyXK3G5LJZZdfmy+Wm3WkEdzNtbIMx+Ao//fP/2f36/vpNFF3EqIOdEbJhCafrCnXxxQLdjwmUUO/OXz61hdnYgGTz35IqqPXAfcdc07Izi4/2yvyuyTgbi7Z8lkaGU8mIMnAJu4pkoJSZlLtLddXTIdGS1LjKwqskkkVvk3Aj1PPdWNYQqXP12nwhO4No+8FLlwSNNmwakVzLkImgGFhp5SkbFaYlias6iXcLFfMrY6wHBKhEap1kEk/CX51ZHxWyeBMuuMr2mNxDcV/1aONkwk3btzWa5xMuE3HOJlsBk2LTGIN4CUDYaNciueBsCqVihnVTCvrq/8Li8cyVagomQBUUL322usUUUBXb0dKuf6GnfCKXbLFaxSZXH/DjXTfF80zoWRCAyZ3/uE+YBI/yN1+x12tVouSyaWX/uKyX10BvEHzTGhspFDC7PmQTODx408/f+/AB3B89733LSSSTlA4DzIhqoJ/r9tZZrwncN8l00uIqw3m2SSTD79bIPk28WupFgmEgObTq9XDNLNXjepsPk4j48mkVq3mIwXKvCCfizzFPHu6bcz0LXfNXBrSz8TycwUMmBzdFY+WRDV/qAKcCB9srlDULBdoTdAsQXPYDphATUm5lw0PH13O11gUYQWT88Fqw3iWSfpkEseAScQ2a5+cTHByL2wS5soPisRVoikr8V/1aONkwo0bt/UaJxNu0zFOJptBUyGTaqUcawCvWN6EVYAxumL5lrOOwlxBNjtq8VjMpEMIBA5e27Pvrvv+8uCDD919z70vvrIHyYRs6ArJRNLMRr0WxkzuvfeP3333XZRM6IJw9o477wEBe7zyLmJGGDN5a+++R3c9Tjnkrj89eGZuHo5L5crV11xXrVYprtBrb73jDztuvK3d7pwvmaBqlUpKdWmDxZgUw8am75GmkA/vGUgyef3T03u/OMNeSAW3JOg9CLHd1bgK6SyJPv1peVyzRXZB041njMA6NPE9IB1LABVMG4uJsdeygslp1QIsyXxTj6GI+cO5o0/WYoMwcxXS6rVGoy4aXqVSWRIVmjlDyeTUYkYhxdbcIJ+WJyITyfR1C9vJr4NMxnZOjLZ7H0omOOivsUh0MoWZIRpMmgfFf9WjjZMJN27c1mucTLhNxziZbAZNhUzKpVI2N9AkEcgExJIDK1GzADPA62VPjZLteiq6tvHx+iCZ0JFGrVoql2+44aYaQZR8sbh9+45yudRs1KNkcmYpYzruk08jmdQbjYWFxT//+QEkk06bkIkBB44XXLXtGiCKRrP5Xz+/lG7KCskkyOfD3VyffH3s5rv+1Gq1XnnzvT8/8CBW61pe/q//+h96llIKkol0/mTSIOnjgj7QWpEMFtOKmY70ALG93NPvDySZfHBk8dSixC5I5QfZvr/uRCtrwa3SaMNJMc0CyRgyEfR4JASW0m3PdII0qds7fgdXTJLhLaQV4A02SPLjY/ERSiayYcOFNIQFgk8eHsuVckahNZGRTE7Op+CgXK7AWUEdaO5ORRpZYi/LtIaCYyATWbe7nda55TYIocKzCI1YPcYYJJMoeAxVdALAQ/iUykNW6Q2y18bk91eL90shNb7YFJT4r3q0cTLhxo3beo2TCbfpGCeTzaCpkEmhUIzlrwM5SHq82chQYXRlMoYJlZK0UdgDsPHBwQ/C/Vp05PC3RwFX6Ag8wvH77+8H6mg2Gx9+eGjXrseBTGgH+o8++hieNjCDpAUH1Vod5r/00suu5zVbrQMffiwIYpDNA3KcOHX6gQceBAc3k8l89913tFLw3x7fbboeMAYcf3385O/u+MPu1/eTqsFd3bDe2PMmHMP9wFm4NsgWMqpVKJZm5xfeeP318yAToirASbRrIe3/CB9pWnVcPwtfzRPvHI1t5frixwRbkDfUbFKim5rm03F6oWW7TqXTZypxIBlFJuVy2fF7mSqhqpj1jkwCmAE3GTs7XgnJ0EwXSC9kD/00JpxE1ayuJp8UAmwaUymXO+0WfPLPbs1QJX7wgVY0J6vYmNZ/ekmA+wEsgVPwBxAtBxwVEEin3QDBMXx9wFcwQhfUBSNwezwAx3gwmObRH3foMQsY4YVBn0zgKZVr9pjE1oZs6MJLyEv3R3DyqJm+gwexmEz8Vz3aOJlw48ZtvcbJhNt0jJPJZtBUyMQfTPmoVcrg6AvakAz1mPwA92UJ6tozoxJ1Wxy9OLj+WOGqXouN0Kx3GKdPq5VyStKzhRJIs1xs7afbTpDzcwXDAcctR09ZXrZYwmaM9CloZkkAqqGltNqtFjzS9ojNep0ct+EsCFxn8s/zbdoHMJwWzgxyhZRi5vOF6KnzkxvkMxp2XheIuy+oZnjq5KL07RkxRiYvHTrBLkJVKpVoGGE2JbNbxWgbeDh1phQHkqFkotsBGzDRTMz0ACYhW/hG5rqM0pmECJTYqsQDI1FFgycnX62dO7cCBBiSCcVIODjzhZ8vlIBG8m4D4BoOOtgtE8/CNwvIUckj89CQCAiPzy1bmSoIngKZWF4Oi01vzdCYiSEapmwCe1CK6OFHH1fIOMoxwngIzoxMiJCJY4ZPQUAmBE4GV+4RDg72XzecED0OXwJHwjU5mcTEyYQbtwtknEy4Tcc4mWwGTYVMDGcg/b1YLABvZNReD5AxUnTcyqWaNntqjCTDTcs6O74uSZqJL020JCgZxZhNClRnE8KZpcxsUsTG56Jab9SbzSa4oRgIMpxCoUg3Ba12fI+o28U8E9QyCpEmVxyaaw7kRsmEPXUeqpQradUhFXJtN1iNUex6+7uH3vgmiiXvfDV76OgiuwJVStYomUj66n6wUAmSJg4fy+niyFST6HzgpcGOh9UglydVv/yUrLPrTyIkw06HJZOV7goMsmQCxzASZHMhmSwTaISDmY+yQCmeVtx9RWb31kyt0oavDDHj3ErmVOHHd3w4/vxpOyST13fKYcgFngqa6QW5bqcVkolnWzQqQh8RQnQc8QBhbOQKQzJ8txcJMSVkCVsz6VNKDqPIJEuwJ0o1hoQX0kXoCuRU7zg601JxJr2cnoURTiasOJlw43aBjJMJt+kYJ5PNoKmQCaBC1On3/GBUVd84Hug2AMyabU9iUixPNtYHM1HVAKVsl+boA2nYnk+z28MNYFStZgPDIs3G7t3PAWvROsgAMLrtfXN8hlTbwl7jMcHgZb/49ez8wltvvVmrVYuFou3ngdzAFxdI2VzJ9A0H3nFR0OwpkkmDoA5gQzSPvF6tPvLWkZc/OhklkzMpLIQFX1lC0lVzYCdYg/RnVDDxYzXqEtVZstEL5pzx4kBCZQUjt2ZhYr2GifVYWWsD7/r42aVKtdqursTI5Ohf2xgheascI5OZl9vAIVEy2fcH9bkrhfmv8s1mq93p7r1DaQFkNpswCEwSkknqWP7cynKMTKIxE8OysvlCu9UnE5JSEgIADVCYCjKAGyGTCDPgti7PHgCPkEzcCJnQ2EiENxzXtABqsmRrFmAPjIQxE5gWkMXDmeFLkJvpvQQnE1acTLhxu0DGyYTbdIyTyWbQxskkoznZwfx1mURCDGvtPBOKByBRtxUDGCFLW8KPF8mYXx/MRLWYkWUTX1c23SCLpYG//fbbTz/5lHIInQNHkqpv377jj/c/XC6X4JRKbhU4ynKDr4+dbLc7tWo1o9oysI0bVMo9HoiRCetYhxJUYACsScWeWlPANpo90I2EFM4KgDSig4dnMi98cCKKJcfmhJcPnfSDnKQ7WD+X5I1IhpdWLdNB7qIBk4wyPKAxQwpYCbpzJhFnEiovP7xLfalUEg0XQzqKKeCWMF8zJ2oZyQru4eSiBPAQI5NohCRKJo1Go1KrR3dzhTGTL3fbVqYWhkEok9BHYaaoz5fbzebnT1urZHKzFJJJu2K4ro5k0h5JJsAGFCqADYaRCaEFyQSoAGYYTybBIJlkScwELrS1HuQQMukBDCETm84kQZUe29CZOAFphOeZxPVvSiavv/VVp7sSH+XG7WIyTibcpmOcTDaDNk4mLEvQjVKWMxBIYVUplzBqAUzS5xPJcJKiCmBTKZXY/u5UdKsYOz6hAEVoy3nQXEqCEXBYATyq1UqpWIRjOg0OHnjgwcWUQGMpjVpVtXyZhIZsr08mtaqXLThBXjb9JUFVTSwANTmZKPjGg4Son0euBYCQoHthuANWILEOP9bEkG1jcvhU5vVPTtKzjo8EQhoRYsUt2fKTpNch6a44PPRxegnJBADj5EKKxRJQvjQ8GJKUkXnSqolVuSzMMwENbQm/pgCKvvj+RIgioO8fWqY0AjrzApLJ6edXuQWeukGuFCGTFaxJsHzgfn3fH1RHqulLVRozAQvJRJwpjSeTVtk0bDdL0oTC3Vy+3eMH+uhZvcjGCDLBmAndWIWkMUgm0d1ctFJwZDdXL4EEjmGQvMRoMumP99ULqkSxhJMJ1U9JJs++8NEjT7wfKn56PcbJhNvFb5xMuE3HOJlsBm2cTFjvX9It4A0/yLKnogJ0Ufut3+FRI53gwftXSEBDJTn0gmqA/1corJYkhqfnTSawjqjbdHFgCVpHuFgq7bj+5nc//OKaHddRMmnUa51OG+7/hhtuOjlzGua4fqA7gYr/zF8FF/bbH2ZoMsknn38pyXK90TDdrOXn4Obb7daEZAJKKxaJWvimHS/+O4mCXAEub/QT08ntDUz4656BDBPQ8wd/HLp/zAuyC2mFFgVeFDR2AlUYVDm1MLxwcKk6BDYSIuauRG+vhju78J4zql0uxfPsx2tJ1E4tZoA3sjJu3xqvU891YeZsSqzXqkgmy12giJxRyxu13VdkTh4M4Et8YZtQLbcq1dr+P+sxMmk1GspscfazXK3QkGbyQCYrKyuB0Zj5MNtut2slB8gEqAYugQV9kmRC91ZRMsEDEQMUgB9RMqE7rBA/LNvRMXYBI3Ey6dfm8l2bpqYEGPfokQlcRV4It3LRzHi8nEyIkQlwi63jTKAmW+vt5iJLcTKJ66ckk9BUzTv87Wx8dD3GyYTbxW+cTLhNxziZbAZdCDIRkSisXH6NFiWKbgGEhE8dD4HBCwLFsFIkqQNlgTxRs1OSlicL0q1i7GqTaD4l9Zbtp8EAdXz77ZHZuTk4oGTSrNfCtJM97xzatm07HOi2VwP+aGDmSUgmL+w7+LOf/fzSy365sowtMrAIcbMF0yYnE0y9wD1d2P4c4IedsKZEw/OzBRL08CuDARN4+uS730exZM/nZw59d5ZdhOr0kkDJZC4VLxYcSrdcSiazKYnFElCRIRPAJ7g3YKdYaCibzdGllkaD0FAlJR0gyvaCcysDG7pYHX+i3ax2l5eXZQOz+UMyefEaEfTxLhP+KDqd7nv3aa/eIL16E47EyaTqr3Rbu7dmXr5OhMfXbpbOYW2D9vPbhJxZx+6KfTKBBZEiSISEEkWPTEjqOQBJlEzohBBF4CD6NEYmOjlrq2aUN2BCeCElFpwTgsfqzN7NxGaGW7w4mUT105NJq919fe/X8AjHp05nXnjl00eeeP/MrAhP3zv4PWjf+0deeeMLOKhUm/T473//B0x79Mn9zzx/iC4SkskTzxyMrM2N20VknEy4Tcc4mWwGXRAy0e2EqFbL8V1eMYFTnoqU2EqKKtulxHK9tKyLmNvdC6T0uMJ0gVWWBMV03Eq5RAMv47WYkem1SUmD16KDQBqpVOr3v7/rhht3ApksdzvdbufNt/bCQbOBzUxAt935xypMrtcrlcr+AwfBbQUy+e+fX/Lx10eAT2YX07aXhQP4jbTROpf94lcTkglVrVpNq2Rnl2SYzrr5RNBs2fQkLV5K67F938UCJj/Oi9nc8DwQwIaMjjknQBFBNt5+JBTQDsWJhKSzWEIVJZA0yadPK/F7o6rXqhJ+s4hDSclIiBrZ37XGh5aSwc325lIiIAd8F0fvH84nPzyO0RLQ18dPFYtYuBk7ycD32ukAWoCajYbhYk9JQAu6mwubzbTguLPc7cJjq9UC9ljp1MLdXPDltpv1lU6j97Ri6HYAs+iCFAOwu2J/3xRFCAoJdM9V/9Qo9SaEZBIKYINmnoxVr1IwfdHwQmZa/xQnk0H99GTy5O4PPvvqdGzw2Rc//hchk3CXFxyzcZVSuX74yNy/+mTy2NMHYhO4cbt4jJMJt+kYJ5PNoAtBJrLhStoEJYMtz7BXc1GAZ4SxhYYpnLgeJk/D+qJmS4YTEotierACoA6cxdJXhUKIK1Xs9t0LwmRUs1QshmtGIyR33nXvewc+PHTo0NYrrvrz/Q8eIvbOO+8+8+xugAfXz8KcrVuv3Pv+hz/72c/feu8DOPjLw4/CMRxcveP6//75pX/b9TiM77z19k6nPTmZUNkutvhAP161Jk/AoO1HLHcIz7BJJm9/cZqdRmU5FEuC1AiKCEWnAU6wTBJKKWPKTVLSMXdFGV7mKxR8tqJqCrojGRiQIeku8Hfhk11nQz7AFElZgbM/ziYAM7Be8Mry/Fvdow9i78Ufnmqffb3TqDZg3HSDdz75KhqMatYK8Cq0Z2Ja0eZSMn07tAd8o2TQxalOLqRjbRYVw46NiDpWG6PHtON72Pedev+2bhmS6ZD9VDEYGC9/MEMdu7Y7QzonsqIt3tnxULSXfGww/qsebZxMpmXfHl1IZczw6WJCe3XPl2HaCdAIIAc9Bcfhfq1//vN/YdoTz34A0yiZPP7MQcCSIFvur8SN20VnnEy4Tcc4mWwGXRAyMd0ocgxVuYTp70F2NRcF0CIlaexMKpouLxu9el/4r/elYjaXE1XwJvUwNQVleeB9IqVImu168FKKYS2mewGThKDEVsasEpIED14+gAfo/ff3//a3t9HjHTuuK5WK+UKpQRjmhhtuAhQJ9d8/v+zr776Hg19tu+XE2YXLLr8WjivVKnjL6yUTkKzbNFMcfHr27FBpFnrGscR3kO3nHt830Pr99U9P7/ty5FauMwnsgA6CA/ZsVKHjzgJJVAAVGc1Jq3aexCvWUrVULJmO10/Bx+1touECJ7DlARJkDrxl2bBnE2kaGAE6aVexn0mnhW1k6ODhH2dmk2K02z2QCbDEKDKBwfmMEr7BU4uZGIcYVpxMaLZMtYi0EyOTINLofb1YwgpwIta1fZQmI5P4YPxXPdo4mUzLnnruw/D473//xxPPHPz++BIQCAWSUWRy4NBxmFYoVGGEksmupw4cP5F8fe/X/cW4cbvojJMJt+kYJ5PNoAtBJgAAa7YocT3seRLd8aVavuONTCARVEMlmeLsqaiKxYJi2KsbwKzVDWCghbTMXhKq1WwsL3c//uTTkydPwgHZ+NMGwQEg0L533rv66muyuTz+Ez2cDdXtwAhoy5at4CB3ut0s2Q1FzzIu+DiZtgceOabFk7wR1fSizUmGqQrT0uqQKMfzB4/FAiZfnkiB68/OpAqRYM0qxikVWWhNMqnjvQXnlzyTLxQToppWTJr3omAFM03UzAphjCi9zCwJ35+eX+6jSFRffP+j4wVRLGkQMoH7H0Mmp5d6hAaaz6h0ZqtsgholM5/LxcgkQ9KEfH9IzGS6QjJhAh1D5TkmwgmViyJI0xMs0o+ZhMKr4r/q0cbJZCp27MfEwpIaPtWNYOaMQI93PbX/X6PJJEwmSaSM6G6uM7NiNALDjdtFZVMjkxtuuOnKq6655NItv/7NldfsuC5+mtt/unEy2QyaOpmUikVggEq5xLr+oWqVcloxJH214QltzsjOpCqXSyp2wDif7opnEgLFkkWhl1syRp3+zq5upOsiDJ44eaqBZWVb2PGE8aRBtFQXXEXLZAm6o5guG8oYI+LKoyNeq1Yx64NkaKD/rdtDNzWBZAMbg1SZV4GlHt7zbYxMvjqZYlegKhaL9LUkc6BHylDN9r35s9k4jUSVFDXgCvby9SqXzwNkirojkdYrMkmmJ59SxcWqx8bRmbmDn38L30wUSz7++th8v9SYRMIvwG8p2QRlNCch6VS0rSSZ4y2KGjyFCXSEvlaIRtFBuAG4VtDMfKCLigqDlsWSyUQUMbkomUwiuu8rSiY4spbiv+rRxslkKhYtGUy3b7325pePPrkfHg98ePxfo8nED0owDeR6hSiZwMHulz7++9//Qadx43ZR2dTIBJgkqquuuiY+g9t/tHEy2QyaOpmAKxkLhrDK5/PgeWciWSWqMa7iluXgZq1KaRztjFJS6mWYLKSxe8maIhiACkeARgA5AEtqtdqo7PBmvU5UE7U+UVh+WjH97JASvUNFa1UJWq+0brVSSUi4s0s2fc2KlwOmSsqY58CO65bz7P4foljy6sczL314gp1JRZvHK1gvWGXPxnSKNFsEnc0ML89FlVFtQT+fUsisALTy+QJgGGUSqvBsNpcXVOPQN9/3tnWdW5lNZj777odkhDE2KNHwQLSBfUS+bHqEZDDxKUYm0w6b0EAHOz5ElEx8svsLsYQgiusYbu+RCuMqoTiZUP2UZMKN26ayKZAJRZFrr7shOvjLX10Bg9ERbv/ZxslkM2jqZOKS6Mf4Ylm0FaNhr8ZMJN0S9ZEhETiVjlTxmly0RwqIrfq1XgFNCSrSFOs6D1VGMWiHdfBcwak1HY9NmYiK+L52oTCQlQFOOc3JTimWpGFaeahKBctkWS67+aq6+8AAloAOfb+0IIy884U0JlfATQJ0sGdjOgmziWt+Yml4s0WQU8Z3nVbdUqm01oa0dSutIkdFR+BTOrWQnllMf3nsxNmECH9Lo0oINGuFcCPW0N1cs0kxZA8Ay0rBCufDGaBEetwqm7KuJ0UVbga+OJh5UZHJsIiN5Y5IoCehFU4mKE4m3LhdINsomQCQ/Po3V8ZHicF4DFcmt62/3nrpZVsuuezyy6+6Nn6O20VpnEw2g6ZOJgbAgDUy+kFF2x1G+yfKpPs7OxPkB1mYXIxMnlxJSVOxzTz63OzZ9SqbzcFqjj+8P/pQlctlEXgG/7Ef9wWlZNP1s6zfLKiAH36ZGacC2BOxUzv2JaToks8X0CceFpR4/uAPbIPFuczIniE1rFhA25jIsayMoaJtE5FMFkeQSUU0c4hkdPFcviiD767C+85Psv6aYskEJBl+rYrb/moE/zKam1IdIEPdycLrFgqlShlfek0yOTGXDMkkKQ+Qie3iVxA+DSVopmR4F5RMSPSDhY0hGjUTxzmZrCVOJty4XSDbKJn88ldX3HjjzfFRYjAOZ+EHHD+xpt24/ZJfXHH5VTu2b7v60l9ui5/lNtZu2fF/5xPjZLIZNHUykXUL3G/WrY9KMjCUER1RTI+2PmSFfccjDRnXJVqza1FQ12z7OKEU001MXDiLqo4uc2Uxo1I4kUwvo1qx1HBBwzwK9tpQWLeqFzzB0Ids2LLlJ8Qhm6/+9taRWINF0P5v59mZVHAn1BFfEpRRCS1RSXpv69eZBMMkRHPwJ2Djxqfwknq1WigW06oDwAAIUZ/gVcaIJofEBk13ABcBh+Az94Oc7eUE3UuRl26sk0wWRa1VXiWQQh6327FkYjn4tV4kZEKzStjxMStwMgnFyYQbtwtkGyWTSy7dct11N9INXeHgli3bwvFtV++ITJ/IrvrVlhvjYxfQtv36P23X2dZf/l94R5xMNoOmTiaSZmWUcW1JaP1fqV//t44FtUjS/LA0ErrvSzNXJ08oTFWv15rNFlxu406q+ITzk06q9Dr+8GyTNVUollKyEWYsADLJhgOYAsdBbu2MFKCIcIcY651TsW1M3vtm/tMfkuxMqvk0eufyBLnvVPl8Ibx5FktAC2VFUK3JF1yvaJJ6bLBYLEUjUfnBTXGh1iSTcK8aeYNaDELwq3dXoyhU5QLeTyHLkslwEjgPjeINVjSrZMj4aDLheSahOJlw43aBbApksvWKq4eSCR3/zZarItMnsu2/2XJtPNBy7SWX97Z1bbl0yy+vuokcXH7D9qvwpS+7/LpbyLkdV11y2bbtl2OKy5Zt14cXbyMjv9iy/bqddN1rt1532603YiWxnTfgY+z+/+3tlusvu2L17f80xslkM2jqZJJRzfFkksvhnihRW80qofu1hibNSzpGV3K59UU8aM56IiM3Gs1SpVqPpLNvUNVKGVsByusLm0QFaJbN5ZMku10hIRTSAH5SP542MKEXsmcbw8hkJqFlR2PPkohFeCfPVg/bwKcUi8USUC5fEHR7VN/3oVrXLq+hZAIr5AurZGJ7w9FxXWQyn1ZYMjHtgZE2yTmBcddzx5DJ+P7ra2pdZDI0n8Qb3Q6Fk0koTibcuF0g2yiZbNu2g3IISybs+MR26y8uwwu3bg/TVIaSySrAXEpfZQeCSu+CrZdvI7vM4GA75ZZbr9/6iy107JJLL9+yg47iOvTgP8puuf4njpxwMtkMmjqZAHII6vB9WVSaiUkmsr5KL4puDd2vRXueiNq41YYKsOTltw8+99o7zWbrjj89GqsCvEFRNmC93vWr6vg53KtG/OCkNDIVJKakbJASuljTVmSamcQaLB48svDyoZPsIlTFIoIWvPrMYoY9O1QAAfSG4R5YLAGZDna6TIiTvh2QG+TZwVEaSiagaMlj080VCkXgExC8wZTqgNKqm9Z6DeBHkclMv/IYaDYlsWQiadjbJDae0eykpMfIJNzQBRxiGRowA2USWRbXTSZrNU+kwpLBI8hkFJYEnEwi4mTCjdsFso2SCRj81+ZXv74ySiBXXLkdnsL4+ZJJz357045LLruCHA4nk3DmNZeTDWBIJlv7Y9fSab+K3sCOq7Ziq5XeKWr/kWSyc8dVl/5ieGWCC2ScTDaDpk4msunq1rjNVySoYpSKRfq0Ui7REXYmQE5GMfPrTBFp1Gvg5W/beXe1Wrt65z2aaT35wp4pkkmD9EEvTtTafG1JOgZMkiStXNSdhLhGNCaXy+O/0JMs/ISIzTTALSap85i8YThBLMlk19vfHT6VZtehoiuACoWRQRVG1YyGueDg8bNYAiIZNQFtNzmhVDsoleJdWUZpFJmkSSYJ1aiYSb2SH08mZxKrtbnOJsQYgaQUU9CsRmlgsE2S4GGFPo3EhDSi6wqwASUTSRSyvhOsxk+cUVGUcHxCMul3LxlCJmPEySQUJxNu3C6QTYFMwOBXevX2gSJatCrXBskE7LLe5WuRyRaGTG7dzGRyK2DJVdf3gkI/jXEy2QyaOpkolmeNzeuQdCfaycTzg9gIVbVSVq2RafFjBGRiuR6QyZ8f3f3BZ99UqtUX97w7dTLJ5tbxz/yjVCqW0oqVVq0adi/BXVXY3Q9bK8ZnhkpJwDA+LUBcKZepm55RLc1EvxwA76UPT0bJ5JG3jrgjsmJq1WrfNZ90LxlVvx3hcDKhmfrr2qBFaaeQn4iO6AfFjovG6vY2zQ7gw2FT7ddFJqeXhBiBJLHBolMvxsnEsPCWes0NGfmepWtKGDOhZKKpMhzDqZBMYnwS5ZaAUAcLFUMZY0x4ZKg4mYTiZMKN2wWy6ZDJKNs4mVxy6eXk/2+65Ne0deOtl0TI5Jrf9qZFd3PRsWu2rO7mogfR3VxRMrnip931dOENsSQ+duGNk8lm0MbJJOr0V0l2ezabYx16Kpr+7gVBOJIihX1db3WESsL2fx7ti+Jnc5rth2GWMQIfF+5nudtttVrFUumrIz9u/+19nXZr6mTiB8Pd/XUpRbZyOV7Pzw5y+SUBAw7g/laYzu5UCpbkGtgo5fpZWvZX0Oyn3jsWxZKXDp385rTALkJ1JiHQXHzEIRP7Bgq6KxpuSjHBBU9JekJU4UA2TNvzQfl8gfr6YRv4M0ocS0D01CRlvgZVtVwsJM2MxzWKTIDWDAfLcKWxAphXLJbgzw1Et3WZLr5NoJf+zi58pMGfKJmcTUohmcwsZuJkIhuS4ZoO1giOqpDDFpA0yxzFkAlwCKCFYxu2pQOZBJ5lmRogh4I7uxx4DAh7wIQIqDiqKgVk91dAtmPF0IUVZYz1Zt5zMgl1ocnkH//83/gQN24Xq033z3WaZPLr3+CerhBF6G6u88iAv+YKTFgHXfqrK8J/9r/uKlz8F1u2X/WrVTK5bhuTAX/pVprvHs2A304W/MWWq3fc3MuAj5LJbbdcv3GCuojslp+ysNmqcTLZDNo4mdD6V2nFPJsQTi9l4Nh0XKCIcqkIHFItl4EuapWeWw9MgmW4yqtluGgF4Rh1wCUwqDABE8vNgjMNvnhsPBQQyF0PPL5t590g8HSXl7ugdqvJzjxvNQiZGM6kKeOjVaW5IrHxXC5Pcz+WBC3WQl4gJMOsg8rm8uB2L4l6lEwefOMwOzNUUum1VE9KGkKIqAGNIJMoJvCJZHoyikALuc/QZQ91UkzHsCQgpXWpMpotaJYfZMe3mIyK1vYdr1Fkwqjq+HlBx1YqQFy5fKFWrVbL+TBLZGjMJIQu0Im5ZIxAgHxI/YOBQSr4xMDFZ1NNUIRAwu1biiKZukKfShLGT2RJAHohxzhiGmo4Do8k2OIAtKiKRPmEsMdqi3fXMWhEhXIRyx7jxckk1IUmk//zW3W63h43bhfI4A8V/lzjoxuwaZJJmPIe1Y5rL1SRqCG7sAbyTLj9pMbJZDNoWmSCwn96d+EgKeuLGWUBJc+npSVBTohKWtI0084oeqwdOzzFwlyDPePz+TwMBujUDlCB5WWLxZKoOdpgO5RQQCbX3vbHj746et3tf7rhjgfA4QYyYadtRA1CJooxbs/VJMrlMWMkw6SwgwOt2wF4uuAEC7qTi+xxEjQ7M9gJPqqTi8qho4tRMnnojW/YaaH6BYhx41Oj33elXAZsLBUKBQAkoB3b9Q3HV01H0i1BM4EKUrK5hGyAoMKSSbmGlbvgJinJANXAGxF12wsmak8JIMEOxjQxmfRUKpUUUnwsrbkZ3YV37bh2Me+zZNIsmwtCr4/kUDKpFJDl4G+bJRMgc0IFDJYMIxNdw61cIZlIogCYoSB4mIauwDjACbAH3fdFJmNcRdcUgJOgXxoYRWp2EWHiOyeTDepCk8nhRPP/vVb6f3ZwcV3sgj9U+HON/wVvwKZJJj+xcTK5qIyTyWbQNMik2SOTiQU0Ao4cSfjWgGcE1dIGk+ZFzY6WFQ5lub1NX7VqxXTAA3b0CKI0atVkRv7i2+N3/PnRN975QDHMG3//wBT3cVE1CJmIqrn+DUsDwvdogGMYj5kImkMOqilZJ83jsXM8YIPjobtcGJ15/9i+76JYAnrr8zPsNKow930+o7BnxwtuTDK9dw8cOrMkxMjExt4sfgY/HKzkC/y2mFH78RYf3lpKNuz+7jVWbJEu041PBkCC1fKTJaVQpdReKIbmmbTKZqNkyrpNKyaHZAKDFHuozjB5Jo1Sr9klSyYguo8L6IIlk3AjFj72+AT+9CXKHnBMD2xLd2zDMlQ4BXNkCfd6kX1fNH6COSrAMC4pwEWIgiSWeDhCQGV1O5mLdzIRpXAyCXWhyYQbt01rnEy4Tcc4mWwGbZxMqOtfKBSSkjaXkgTNnk/LS6IGPmgGO+65Cv7bPAoghKWUqMBZn02KIBUzT4ZERTRM/o4P2n620Wi2W61ut9PptJOScsMd97+y9+D7H32Vy+cb9Rp7yUbUIMnWpJbxRsikCv66ZlIIGVBsRxM48jSNBDx7RJQRL1osFh/dO0Amez4biSWgRbHfUEVHiliXDMtNKdare95+//NvYmQCwCObnkdKh0UFZAWUAn8PtN6xQnJpkvDaTlAjH2kDY0VDkuajFbeozoNMpH5y/PgMeACPfnI/YbZ0vGowbV2iDOsEDwq8MGoRhxOfIITbr+cbsgorSRJURcL9Xa5lGiolEBpXoWQC6BKMyDahL0GxZJVShom+VnQk/qsebZxMuHHjtl77NyYTbheVcTLZDNo4mXT6QYlapYzFi1Qzl8t7fgBooVuOoOhLgno2IYCAWwBaUphGjLklw2X5suHC45IgkxSFASoYSibNeu3E6blvf5hpNpvL3S7ojj89um3n3dt/e1+z2WDnb1AN3HTkwruIJYGsS9kc5mOUiqvNAUMZTjyKAgBDvXmJENHQq9KK/ez+H6JksiTZuUjzwZgEvdex8TyKjHlBdiGjAJm88PreGJnAxwLYFt2BFlWpVPKDXJLMUUjmvWS4gma5PgZGsrkh4SA28+Q8yETtJ/OMJ5N60aAlAUaRCYhSIjsOAgLpIQGTcELJxBvWaSQEFRpLcW0DgcQ2HCLb0lkywcnMIiGZkGOEDRpU6YdWVrd+ha9IMlU4mayKkwk3bhfIOJlwm45xMtkM2jiZNPod1gEkRM2W9CG7sGIChqlWyhX0U7MpSQNoWczIQyMqsunS3HrTceuYLo+PMdFQSbvV2v/RlwAkv//zLngKwvF2i52/QYGDG6aDy6aXUQzWFV5T8KbEYW3XdSe+ealBMk8wV970l0jbE/q64EObTi8UAHjx1z3fxLZyPf/BiWKplNbARY2jjmL0ct8T0vncvGHaf33hDSCTH2aXZkqZEEvkvAPslJL0SUoG16oV3XKXBI1SCkGvIbW5PGZ/13rJBD69kHnWJBM4CMkkIaosfqRVawyZBH04iZFJloZTRpBJVIMhFFqny+kfrDIMe2FII9FByiGx9eE2gHBocbBwPP6rHm2cTLhx47Ze42TCbTrGyWQzaONkErrsmmnjli1zXJvFoQJQcf0gKal0QxfLJ7BsQtKToppW7XIpXjsY8IPW4Go2G/s/+mL7LffcfM9fX3zj3UazUe9T0xTVIHkmcD9AFwQSfFF31tt4UdCdJEMF4NCzIYIGbuhCdxl84mq5DN48TT5RyIYo1QRUq358bClGJi98cGJRwOLCbpDPaI6fG/DjFwWFrjCXXneSSQNDH+VTi+lPvvn+mx9PRwMmVhHxCRx6tpHIKNH8GaBZ0cD3KGkD9QAq5XKBCRCtl0zKpXKtvwVuPJnUCr3M/jFkQru1sOOUTKIbt4aQyXpK+g4iyoDYyUGvzWIcfkIyCa/1XSwCBlhCB8OZ8V/1aONkwo0bt/UaJxNu0zFOJptBUyQTWbfUEfkhk8j1cSsXHJSKRcN2ZpO4NWgopYB3uCQo2Rx2TWnUqomUsG3n3Xc+8PiTL71ZqmAIxQ9yJ07PwQH7KhsXJnZjD3j0mMvlMnjVJHeCIIpm0/HxAq8afWsmPmB5uWi7wFDgtSdEvVhYhR9w2b0gm6JoZPn7vjob62Ty0BvfRPGgVCqlVafc75FCsynmM0CR8XDKhDq9lFkU1I+++DZKJsVKCTx7NkQziWgsIvYxekE+zEIJBTcNb9n2Jn2V6Ec6AZn0sASk6UN2c8FnBu/RtB32VAghNGwSS4WnGeq0K/zG5TlWTP0XHSCfyFMEEklEBdjeMU448V/1aONkwo0bt/UaJxNu0zFOJptBUyQTUcdwR4mJaUwo0qwj3jy+UsYdX0ApWMVrGKVojl+uVJeXu7lC8cx8gnYyueXuhz759th025iEyigG24TEz+bTit7reKi7SUmvjdjRBO8Js3H04bnv4b/uhzIdxJ5Y48VKuUJTw+vV6tlE+uNjS7GtXEfPilZ/r1coEj9xNaxGgJ53Sh7o2Mgq3S9pxUrSzYxmH/jos1lXCskEkFI5nx6LZEFCdzUsy2bSjxE+ZKCpUinecZKSCdCpao4soBxVWJirsRaZaNZqkgncg20PiZlYDsaFkuKQwsFRDglzPGJk4mPjkUnDJusSzX33BxcPn0bjLYYmY549aUIfzoz/qkcbJxNu3Lit1ziZcJuOcTLZDJoimWBeu+XXGFd+QiUllSUTqmq5bNpuQlAXMgrmx0fgpFar7Tv4me24NPe9UCzuO/jJ1bfc8+EX31wgMkmKGvimrAdcr1VN2+tvtfLTSi+xOybdwj7rtK7uoKokUTvu1gsa1rOKjQfZfErtsc3hU6nnD/4YxZKD3y4QQHIUw4mhjuVmwVOnzvf4DVHFIuaosONUJuk5CIuctVdjJq6fJWQSnzyJ6C01Ih8jXR8+xjCdpjeTkAnihOEKKp4dlXBPFd0gN55MALciZOLZtsbiRz4A/vSSwzZ6sRESlkxIS8TphE1icklJrlHYM7gfzDENlbSfX50Q/1WPNk4m3LhxW69xMuE2HeNkshk0RTIBrpCHZahPKEE1xQmy5yvlkum4cykRXHYgk2aztW3n3fCoGfZNdz7QarW6nY7leNhg8QIkmdQRwLyUHE8RiapUhDv0MioiimS4ompFq+jSHOtCZGsWVR6blMfDLGXSJTDmmjdILd1KuTeZzX2HkVwun+y15iC9DjXsiAKTlwQlQ8pPLUl6bM2YVCvQ7JGYUSNb2kCnjNUMeJFkgKzOYd7OKJEUf4w1RQfhhi0Xm4fQd4GfJObVOHTfl+14Ivad7EU5gBWBxCTNZAuXOf5qDv14MlnM9NJvcMRwfT/OHqBy3oRbErSRu7lI7eBId5E+nPhhM8SJO42sSzREM55MaBtHF6t79bLqwwnxX/Vo42TCjRu39RonE27TMU4mm0HTIpNisQCcMAlaRNWoVbudNlWj0UzLOjtnjKrlUrVau+ehp4BM/vb0y3/4yxNw8MlX3yuqDgey6S6k5YSoxhrMb1DgJWvWkL1YrACjFoVeQ0PcAiTppP5vkBnM86aKbjoKLx+67wv8+KBfbMr1c0+++30US/725rdPvPt9f3JVs/3+PfgZzQ6r4mprbYVKq040s4UVXed0stdsUShYtHckvBHJ9IMgN0mFLir4ghRSVIA91SA71mDNJVEPOQQUZtHAWXghSbdpbjp9p5LpwfeezRcLg+GUUWSCO8cUHRSuD/zTKsfZA9SqmElRkU0vCALVNNOyCk9Tkp4iPeBXtdoMcbVOVwxaWH4YpVjFraGiIRp2nAogRNcUOAA4URVs48jzTFhxMuHG7QIZJxNu0zFOJptB0yKTIJsFMpF0i3Xlx6jZqEuq/vyeA4VSGcjEsN1GvRaWIV5TMLNYKt3+x0cM077lnoefff0dAJJHn321WKqEnekzqgl8kpI0z493RzkPUR968h4gGA0w7F4VL2yCjkWoJmmwCAL+Gbrvy3KzoV9+YkF6bnAr10N7vvno6EJ0fq1SkQ1cKnS7wXEvM/kbMbH3ExNdai6tFAolkgZTBYhKiMPpwvZz2dyQoBBVLpeHpRZHd6MHMikUMeMIq3iRTizsnEKhqBhOWrHCd5pRLYAx0/HWrM2F/elVAxR+RAsZ3K9VLli+b9i2BoJvTdAsQbdJ/QDEPFF3w/rRoBBISFRkZAXhSNfFCeFkHHKE6m8Vi49TkYCJCo+AJTRywsmEFScTbtwukHEy4TYd42SyGbRxMlnKKGlZEzUTMEDWTdabHyMgE98Pbr3v8fsfe/nV9z+aObvoZ/Nd0o2EncwKMKbZaBw/eea62/+0befd19/x59fe/mD7Lfc0Gg0vyLEZ8xK4zoKaklTLGZ7QsqZoPjrrFq8pcMoBD1b9YM3O51fxplqpsKneEvGwy6X49qRo+seDbxyObeXa9fZ3YQ2umBYE9cTZxMwieO+BiHufLLZ/CBXpATL8VChYBdY5mxTDS+Cp4438cCrlSr5Qoln4gu5qdpDLFymrSLopGZ46OhIFZFLsfz50Nxc7Jyp4LcvBIFVY8gsoQtQsRddqpd5GLHY3V3Rv2KmFdNbXokWEJdOH1QBLaGUzQTMBk2zXzwd6IauX84giMQjJ9ooFxwcpsUyYDe+TRiXseEy44OjV6CYuWpuLZphwMmHFyYQbtwtknEy4Tcc4mWwGbZxMVl1/CwMUs0lBVI1aJe7TjxJu5ep2nn/jQLlcsW3n4KffvHPoywnJhCqXzzebrUajWSiV3vv08EPPvtIll4OzD3dyNiHI5kDSPBX2SBFVuFtlPXEeSbeGFvadRODXgorFomzYEmkvKJleWjEBD9gABd33JTD7vmBypb9LqlgsAYdEseSxfUdHEQX40LDga2/uO/DRZ/l8ISH14gNwD2xYxgvya+7Fom490A59StcfFRUZqhrZiGU4uAFM0J2hGfl0e1i0ErFAEnXYmaNUJ5S1JPSaVCJ4kIjH6aVMjEzCCQrm4cDn4yckvVk2W2UztqcLJpQLfmyQxRIKIdE8eKp1hU1op3Z2fFBrzOknloTiZDJEnEy4cbtAxsmE23SMk8lm0DTJJMInCxlM8LAcb80cj0a9BiBRKJWxuBZpmAhqNRvszFGaS0mOny1XKuDrwlK5QjFalSuXy2UUfUlQgAHit0oSY9KKsSSohu3W1rrVOqmMnByb/j5KNZKgAmBDn4Ifn+n/cz7+S3y/0FYo+AxFw8XtbYPj0bJgMwnthQ9ORMnkkb1HRhHFfFpakvRX97z942yiQbolSrpN7wEwSdSsaNBGd1ZT9kfpTEJED76/fUvBiFCkZFmjvirmWhCgJIgeY0657vTuPHKhG+QtLxuLGql24DKN4dcU7vUikSJ4y5odGG4W0JRCDgj+aGeTEhlcpRd4O55nxfAjJBPPtyckEzZmkiWxlPFkEsLDJGSyZlwFaATW0VRZkUVJFDiZDBUnE27cLpBxMuE2HeNkshm0cTKRNBPYQDY91u8HKaYLvuBiRgE2GNWEsdNpv/TWBzvv2XXz3btuve/xuYQAuMJOGypAkWazBW7sQkZx/aBOkk/YaVTFQkExLLjbod1RZBP7kCwKCrwj9loqeDuxPuUTKiHqkunFmqODz+33GyYCh8h6b3sVdaOH7oxKRxiG3cr16N4j7CUNkmoCTPLG3vdOzCVjnRDhHsi+LNJCBPvZ2zDCpuOzOrmAu8Lgy6VP4SDZT2HvtFvFcjXQG6BqpbaysgysGL0WJrTbbRg/B//rdqu1hoS1E6rNeq3T6dALs3at3e4sdzvRC2ECDAZGA66LjkcFwENLSEcHgfGQwTQsBHxuue2rtWazGeTwc4ZPu1ZueyquHJIJCP5iWSYJyUTR4zWFWfzI9rLe410XCZng+Bgy8R1UQLdpjaUOOmctMlmVZep0JDoh/qsebZxMuHHjtl7jZMJtOsbJZDNo42RSJ13bFdMDT25RUCXdYZ1+6veD058QVeAT8H2j7j74qa0WOIotQTXuefg53K20HjL50+MvwLXAG5MEPUDg/euWs5iRST/vIUCVlDR4L7lcPnYh+Pcqdh8fAgxrSjIxSMKOg3L5PIldkBZ+koEd4k1wo/1Yd8UG2ZjkRAoQx+oFv3To5LuH59j1G8QvBzIBffPj3NAsFFEzSWY58klKNsd0Mgl1ipCJoDt1kl9OdoX13iB8oZ8/bT+7NUOVOZVdXiacUK8T9SY0Go1z51bydhOQIKU6Gd0NcoWs0Qgv/HK3vUog5Fogk7zTeOlasTdep+MDN9btdAp2M4YuQD4IzwQngExgcfI314K3AK/++dMWjFAyEclGO9B8WmaZhEp3sjKBnAnJhA2b0FSTkWQCf2U2CM9ORiZ0tfh4qD6W4D4unyzIyYQVJxNu3C6QcTLhNh3jZLIZNBUyAdIAhz6Xy1EPPshmRdVIiuqSqMUaI1IBxgiaBaCSktR8odjptD87fDyRlvxs/tY/PlEoDnDLGDUwU6F6/e33g4vZbjVBzYmRhqpYLAIpJSU1IWkKE/ZJyjoAjOn0mrR4fgCD60qlaBCcEBGB/OowJAgFn6KoWbQLCq3ixc4hW7l6UZfTCTXWYPHxfUdz+eF1fpdE3Mf18p59JrM9LCbdcmllYbgTuJ8wp4VVWullqhSJKZHWjRQ8gA1AwCTg9NMDeCz6yAzwDB7/fu4c6JXrJUCCbrfbJOABZPL1iw7WQGh3Dr9kA2N0Oh2YXG80cYXlZRgHwYV0/VajS487JAhD13z9ZpmexQQkckvwdhKSTmtzUTL58jm71W6rNpLJy9eJz18lLHe7cNxqteG16EG304LJJa/RaeBBu2LCI6jgwwQ46NCn3WYFHsP8jWy057qLj2FXk+ggHgxO6x17+DQkE5fp7M6KViJmx0PRlTVNxiR4SYg1Mwk4mRBdaDJZWFIfeeJ9qtff+ip+eqx5fvGZ5w/BweEjc+VKI3Y2lTFNOxcb5Mbt4jFOJtymY5xMNoOmQibZHBbCAkBhXf9apZzNYqbHbFIE75+lFLi21WopmrWQEN5492PLcWn++iRqNeqabt7+p8e27bz73oeeeO61fbX1FB2OCfhKwl6B3pKgxm5S1J2FtLwkKLK5hmfPChgMc6lFjT01VIsZeBVMchB0T7ODaBN3wDx6oFn+3976NraV68E3DrOrgVIytuk4MZdMSZPeQy5fSCkmuQ3Mwh9awssnHd9BQTanmVg/N6SmVTJZXm7U6y9sE4AW9MXKV8872nxl7+/VVr176mAWBn258dIOUZwpIUUQMsmZPTIBVnn1RqndRJ55YbuQOFI4usdLHSvUyx2AGbh23x/U9+7VHKlWDlpwCfzZWJkaqGC3XrleVM5WKJngDrF2CwC4VCq3Go16rbpCYOm5KzPy2QJM8Mzi4re5V28SgUw+fcLKOUC3jUoB14SR3VdkrFT1xPv+169Yfz+38tpN0lfP2anj+QP3a3APsA4wSafVePM2Bdx9XTAM0fAsCw8k0zEskKVgMV/PpaWEbRgH5IAJromBCzywLHoJrGBrlq3hBEMyQjIZGVrpi1YrZsdDUQ4xdVVVsZkJLRwcnRD/VY82TibnbUAmuhHER9dpMTJ57+D3jz19ADjn5Te+AOCJTOTG7SIyTibcpmOcTDaDpkImroeJ7zXG149Jt9zFjJyUdMlw1P42Ks32W8Qk1Wg2m51Ou1ytGrZTLBbYFWJqNTGjoNNu793/yU13PgB84rrueZMJCGsfWz548MAh7LY0wBLsaKEabCXfMaJZ5kBg7KmhEnU3QwImjp9XTD+tuTnS8bBcLod1t46cTseSTF4+dPLVj0+xqwFUnAaiInGYYOJ7wAuLJVm3aeVibPiomrHdZSXSnx5k2G5SMgTNiZEJkAPouSuFha8K4MQffEBv1jD6IZ0qm4kqkEY0ZrK83AWEoGQCQAIX7rlVhsdz51YcuZQ+XqQxEDgVJZN6owkTYmQSxkzA4C+K1lSgYRm6qQxOAVG8fJ340SMGjH/0iFnM1mDNkEwq1XqPTJa7X+62m60WaP+f9W6nCy/awGY5TWSScyvwCG+2WqkSMkHMMIFDfBtIAwCDRioARXCEVgom2SM4UzSAWOglCAm9AwfAhl5FcSWYKplYpqapMqxGyYRu66KK/6pHGyeT8zaWTA58eLxUrj/65P5vjy5Uqs197x/Z9dQBOIBTmhG89c43ABsffXoCnsKFTzxz8F8Mmayc+3uhWNv3/neffjFTJRdy43YRGicTbtMxTiabQVMhE3BbSQZz3NEfI/CYVcNaEtRqrQ5+3r2PvnD81Nx9j7xQKJWbzRaSANb4shYymJpi2i4bkAGPEJzRux9+eucfHvry2+PAJ9QHZV9rciEy2b00fQAtzXSSkpqSjSifUC9/UdTmUpLprFFB2PHQd08p8bK8QxXu+yoVB8inVCqrWMLLDetuAZY8u/+HKJk89d4xyx2SADObkmj2yFxaZs9OoKpsekBKtKVgCuCsn+gCN0PJJCKsxisbdrFY+vwpjJlQ5AD3nYYXQs0cygKZwARw7gmZtOmaYcyEcsjxfb6Tqb++Uw4vfPEakZIJnAVIwJ1X9bqv1eCSRr1OyQTWpGRC14QDOAsqeA2M4fTJpJitA5zAHb64XQAOiZJJuVKlZNLpdD570nr+KuHQw0a91qrmcRtYKEomcPOVSi2MmVgq2XzlIlr0yEQ0ADx6Rbp825RMUzaBTOCAogjCQ59MKKhgrS0b8YamtqPCpvJkHRKBoQ1MSC4KniLrjBC9E02TgUk0jQRM/F7ePFX8Vz3aOJmct7Fk8vgzB0XZgYMPP/5xflGhg8+88FF0zvsfHOt0V0aRCdjulz6Gy/e8fRggJzrOjdvFY5xMuE3HOJlsBk2FTDKKCRTBOvqTCOjCz+aXUhK4mMVC4dip2R6ZDEohCdYJUVsSZMdFeIAL5xOZlCA/+vwb+w5+tm3n3ffvem5djVBiqpTLKunGyJ7K5nJ0ixft5h4V+OLzaalcHh5FkUni+4QxFpK5MW7fV0ZzgV4KhWKsjclzB38cupWLpn9QlCpNdg8xKaStypmKeKYqLuqaQPqvi4abUowgm6OtCU8nhHw+D69lukFC0iXTzxeKQCbg9AN1guMOAABk8uqNiBNU51ZWTh3MhmQC3zh8cTRmkjXqSCbLuBNM+LGkzlaPv+3D3wa9EFajZAIrAJk0Wy38swmacAlQipWugZaXl1+7WWq12/liCVBT1G03WwDBSIuUMKZk0mg2jUTl7Cc5U8iHZAIsBGQC0FvKIyA5Yq2UwxyS5U4LLmnVup8/Y650W6S2GOa6IJ8st1e67SiZZFkyIaGPrIf7u3ySUgJwEpIJnRYlkyzNgMeYSS+mAShCyYQSThQqQnRhgSQGJ55jKLIo806LI/QTkAlwxey8DKIU8fpbXwF1/GuQNyiBeH4RmIQmpYwnE27cLn7jZMJtOsbJZDNoKmQi6ba0nn6FUeFmrFbzgadesRz3s2+Oq7rZqGOuhchspqKSTRcgISEo7Vbrk6+/r9cb199xP/i1N/7+fgCVaCeT9SqXz6ukMBd7qo4bvSw8K6rzGZX2SQwlmd7ZhCioRqyXSKWMUQXVXN3mNF7U7x+z5yqfL6ime/Ss8Nxg7vuje7975v1j7PwlQenhkzokn34SpRVMygcsoZo3FUHDHH0F4ydGQsQMlrm07Pi9cA12TrTdXL4AZOJrdardV2B44fBLTvpYsVnr+CpmhoRk8uoNUrWAafE0JwTmf/a0lTMboPfu1cpZjIocfMAoBa16pX34RSe6m2t5udtqtRqV1t7fq5V848ADOiWTt+9SK0ginSKpv0w+gdXCaCGZwAwS9OiEZDL3RX7282w5aMx9lQMyqVTrHz1iriy3qnkMsAAOvbRD1OZKzUbj0ycsSibJo4VqDuuJrUkmgWe6puUaeBb3fQ0jE0sxabFgWIfmmQwK4yRIJjR4EoqgCzN5VfQlgEk0VQapCmabRCfEf9WjjZPJeRsbMxlDJo89fWD/B8fqjTac4mTC7d/dOJlwm45xMtkM2jiZgDcKLrtp9wpYrVeYK7LczRWKnx4+tpQSl7udsL4W1vjSjKSENb7oPiuqGjH85/N6bf8nh7ftvHt+KbPj1vtIPsb5J5kAk8iG45GmKKwwMcby6r3CXFXFsOfTPb8/lKi782mZtFVBFAEnXpq4YbyA+7iCRL9x4SgVCoUfF5QolrxCct8XxPiGsVqlQlGH+OXn0x2yWMRMkrNZKSQTqrNFcdaW0v1OkaLhLQxuFeu0W1aymjpapIJvKlcoAQBkTpRO7A/kMyWAB1/BMAj4+o1Gc+ZDpBRKJtVSK7ywUcXNYCvLywWnOf9FPnGk2EH0bGd+KAEVKGfKK1ibC9exxAqgTgW+qFodK3WtLCP5LC/DXxeQHtykbq2WLoCzuDghkyTeXqdea6eOFWlBsLOfZhe/zhW9hr5UAVaxYeUDPoyc67aWW6VOo2Uulk99EDSbzZXlbq3QhFPJI3npZBG4AsDDty0gk6y3Wm6LpovQLVhZkkCC0xybZMA7IcDQp3hA8uYRGNw4YIwSZrBMUJsrjJbAQThIJ8R/1aONk8l52+RkAoP73jvyj3/8E54+/8qnnEy4/bsbJxNu0zFOJptBGyeTagU3Qbl+lvXmJxHGTNqtQqFUqVQxX7nbYRvAg68/lxQToiagN+yBS1mt1TChudvN5fN3P/oMwMmrbx/EPA3NrAw2S5lcgmaJms0mtFCplg90VI+UDLY9rKC1KKg0kSPU2YR4NilWKxUZt2aprMc/VCnFEnVnzcQV0IJoxcjkyXe/b5A0FXjRfL5guR6wHO2ESAXHJ+dTcKspWZN1S7Nc389WymUQXALC6gUAdYOxHc3C0FAMS1ZVEhMSxkxAMTKBbzDcuIVaXgaQ8/MIJ1SFYqnVasPXB/DTamNaPMxpYnMSbHcYvbBZrzcaq6s1sDx0C8CG4gfNG2FeDst5UcFfVK1aVQbbVtKaxQH86ZQq8Or1BtxLB0XqBbdaTdygtYwbtgrAug18SrZsNdsVY6WL5YO7XZxMCxD3zmLV4J6vj2QSHve8/96Gq6wfO9UvNDxCLGMMlTemNQoRXU1VRAAYxzZURTK0gchJ/Fc92jiZnLdFd3NlRPzMR5EJPO566sDRY4uJlPHU7g85mXD7dzdOJtymY5xMNoM2TibFQgHIpFwqst78eDVq2PMbyOSpl985euLsG+9+/Njze7v4r+JxMhm4ql6rVKuAIqBb79+1mMzQht/AN0A3NKgi6nZKNuZSkmbacHvsIkOF15rD8/jpRi9Bxd7wfQe3CtRBGoxgjd25tLwoajFEUSItPtYUTDacge7sQ3V8NhPLfX/905kzSQWL/DKvvi6JugtKySZ8dAuCNpuSBd1ZFLQzZYZJQuVF+pbhQhomWlP9LP9ANsMdcVg0DJNA2m345g0nS49b/bbxtFEJYkajjvONde5Mq2PXGyyvRZJMQgGq4W2T1iXlak21e58DfK20c+JcSqa3x3ZaDIIczO8xSacW6bRIAyZUq30VfZoZEnY1GWjFGKeI9QuxZzyZBAROTEN1LJ1mpMTgJ/6rHm2cTLhx47Ze42TCbTrGyWQzaONkQmEAU401O6OamI9h2oblWI7r+fgP09Xy8NbsACFffXciJcivvHOoWqvDUyr8x3tmcihAAgIzex968qWTZxcfe+4NQJTr7ri/0Wg4HnZCZAV3lZD0hKjBXY0Kibiki2J1RBd5WTPhrG6txkxKpVJatcB3jzq7Qa4wn5Zpp8LQ7QYHV9TiW61iAm9bwX4g8fEG7smqwNnZlLQo6lgDQDJiAZMYYExdouHCW5gRM2eKDJlUxaTc67c4OTDA10HzXgBIdMuFY93NujLW10JIKJdr5bY8ix1O6PzlZUwLmTmUpS3bc7k8u+ZQAcmsLC9nzcahh42vXrS63Q6NsVCdXEhLpt9qd57fJnSBbDtYWThXKGu6REnDtlX61pKSwpKJ4Wb1+bJ6pngOOzASMvGxIrCtmaaCKSLo96/ixwgyWWdsZKhI5sk4LKEJ9L1yXr18eqrVWsPxX/Vo42TCjRu39RonE27TMU4mm0EbJxOFdibp9yeJSjYcAQtqqYJqyuCE+kG5VAI2AACoVcoAGHf85emb795F9eyb759ZzKxJJiCs49Rs7rjtj8AkACRHjv94051/abVaqmHNpyXSLCV+J1RJST+zlNFMu5Av1AYhJCVpNI1kqATVkE3XdsM8E8z3ICWqhiDHmYQArnw0gpFSLEEzxuTBh+GXqKqVCoDdzGImrfQyOqgGyOTjU9FTF06S4Z1azJwuCgNk4vViJgoJNURvPjuaH+DtACiGT/1sQTY8caaExa9abcP2il4TOASDJHWsKH1uBYvzwki9VvOyvRgUFvJqtmhqCnlaJ5NbtF0jnYM5KivLu7dmPn/Kfu8+7eRnWPKr2WjgDrFa7WwSUDqgZAIzgUyO7/PLtYZpqe2q1a6YpYKrOVmgptmkWC05ZNDAx6oFdMSQSa85iSFiEnxYYosQCIZQKAmET0Myof0WKR7gQYRSJoQWShrsOK3r1S/nNVDFq580v3ph/Fc92jiZcOPGbb3GyYTbdIyTyWbQxskkLRvg4lEPvkYalYAHDxwia6akW5Jui7oNiAKefY9h+iqWysvdrmbZpTKmGoN3CF5pp91iwSCqBu3Hly+CG+p4wdU77/GDLPBMs1EP5wD8OJ6fEBRS48tmEUUlZYiXRDUJQGLaxWJB0p0M2aw1VHAWZtJ4C/V6TccD9kjLIxPWgcHOJqUon4A7rhp2rF8hlWR6SbmXpJ7LF5bgzjF9JY4HoC9+TEXJ5ND3S+ycCyq4z7MJ8bQrnKmISXm1hvLiYO6+oI9KmKkCzMAXHR0EVFDOVgA/mq0W0ELe7ZGJOley07WCh20NYeTMJzllFrPe2532cnc5cTSvzGIHxnPnVny13qx1Zj7KloMWQRpcFg5Of5TV5su1GmbJv3aT9N0bbjXXrhVhgZYjVwGHAHuATApuUzpdevk6MWc1ArXWrjWXO5heYmWq8Jcpz5Y9tWKJxXMry8LJPLyKI1bbnU6UTJbbFQCSoI8Tvms7xmpqO1bZIseehbnv/VMOPDVlelUv9530YXTwlI0tTSYnk5E1hfv1u9gUecon9Dj+qx5tnEy4ceO2XuNkwm06xslkM2jjZAIuvqSN9OljqlUQXfwgcD2/0Wg8uvvNQ58fsRw8vuXexwAvWhHAYAVnfd87euLs/o++fPHN/btf3ffQEy9t23k3VmwaHWnJ5nKm4yZFNSFqbGd3pBSCTAvAWJYTZIek8sMEupWr3icTuosJoIjxvAeUy+XnUnIq0gUFeUa1YHBRUOBzA1axXRyfTcnzGTU6c6he+3gmSiYh+QDbwLXzaQWo5mxSpIOa5YiaKSgGvBacAqKYS+PBoqABVGRUW9CBGM8zOyUs/EVrKMOdFIvYq55qFJkUSBnf6MxGhExwt1W9TmMmwAx7blWWjhTarQ6cevVGbHvy+TO2LZRpi0PAGDNT+u51b2W5+/WLzvF3vE6n89yVmfQPpSBfsBx8+trN2GBe0iyarAJrpr4vwWsBmRx51cVuJIRM4LHd6cLkZbJU3qhRMvn0CQvIBCbMf5VrNppv3CLXCjj+3n1ahyGTsP5vZJsW6U/iYXMSR8fSW/AU2cPrlRKGOVhlmKAIDbPANAIk/ZkTkAlFkVgfRncYisQUDbbEf9WjjZMJN27c1mucTLhNxziZbAZtnEzAp5+cTKLqdtq/ve8xbH+Hu3AasmEfOT4zPv0dCOSdD74AFNlx2x9vuOP+m+968NZ7H374qZdxDxgzmRWAxFxKXBJUWuOLRZSkpM+lpIxqliMFvirlEpzK53uZ9NSZTpFwQS1SqmuUyuUyvKL0/7d3Jt9NXH2f/xPybrr79Ol1L3rTm170uk8vevWuJNkCDZaQLc9g7/r0rrsXnTx5IIEwxQmQEAhgzBwIYwgEMEMgjB7wLM+2PMi2LM/qX9VPKperLCOprhyp6vs53+PcunVVEqlb1v341pW6+zcZ3HeG3rR2vZBXWrdu/I6UVNlwK9elJ6/bpCU0zX99oLR0dPOXx3dIq1akxvoXQ2IwMjLW1ddPFvb09QdK81/vn71uefG2Tfrkro+9rd39JDnpL6YnsVE+Pngg+fXwM6nNhE4BtZze+MUvWjMZlMxkeWmJzET6cF7560eoRvo0rLG5K//slURC+iit+dmZef5WE+m7R+QvMOGWA8Nj9Cy0yWbS2Su9GDpUNBp999u43kzkeZiUZsIHIR2SP4NrLjY3R/Iz2BnZ3EzkO7WGkh/P1ZXUle62DV+kSPX8scKKmXRLX28iSYI8o7LeUm8UmrCKaFbAS5Mkn1oTn1w6L5W1V3VqYCYAgEzJpZnUVNRpq4BpgZlYIcbNZFBaWWuhJEZ+8h+qdUO9rZK43V9z03+aCfWE+nq6uju7u7vU6ezs0D+R8hT6XWlG+QN8f1+3dpVC6vCj5D/Vp/xKcj6svn6gr5fH4kPSku6+UI/8LYTSaF4ex7d0Uw1PAvR8lEbwNI6nMX1/b6/8fYV9vZ3yMeWWfXJLabn5YB/vHZQ9Qfp6kP7EvVW02dfJq0HWHUCax5APxV/TntQGqZ5fWF+3/KQ9vaFu+f9JX+8AfxuJNEnSq+8qBRTtVZ0amAkAIFNyZSYBl9vm9Bb7qrU7co/N7tNWgdwDM7FCYCaZhm/ZTw79Ex92lPzIo8Q9/cpN//2h7kT6ukN93dLwXRrrc3RLkzcZ6EvNEiPyng1OomSTUb5hM+F/hbLJ/7RQBpaS+J/AlrJ+2OT/H/0zkgwo0wt9XdL3oGvMhCVB+ppC1ZQCmQZ/kzqbCbeUrUY6Jv/slU2Gd9HDyS/4yw172jcxk2H5fqrEbVT9G80k8TXt0q6eDulUKmYyKE9Z6LtKAUV7VacGZgIAyJScmElZSYnN4a6rD2ZpJtUBm93l9Neo64rsLleZuiIlGZmJp8hVq60D2QAzsUJgJplGnr6QB6ZygaOYxid9I530J55iwy06nV3aCRNKqHcTM1FegH5XmkneIKStl7SK/+3phf/nKAseksq0yZGH5UmMno895BpJAdhgJuQtod71XZJm9PVQg63NhGuoJdkOHV9dIx1zo5lQYSAkaUl3m/Qy6OBaM6HX0J14hdI/pE9a0U67+N+l7yoFFO1VnRqYCQAgU4yaicPhIovYEIe7ooZv48reTHa6Smx293pNXYXT4xdmJkF/lbbKROyucHgrtJW5B2ZihcBMMo1+/G007DOyiqRaG0Ba0qUzE6rRtxwSYybSFJC+XsmgpE/pT6FIUZxt038ju0Ga4c+5UkX7TerKZ+/yPV1bJvFY3TG1oVeur0zskieC9F2lgKK9qlMDMwEAZIpBM6nYqCXe6to9qr1Bh7u0PGEpmVAdcAWCOx0upWJPaYk/GBBlJkGP28xmUl/vKV7/X7dtwEysEJhJptGPubeIeiJFlcQcy4A8q0BOsulgXR3JTNJbZDIkmUliWkO/K71Ij93aTDiD8utXbh5LM/QQ/aE4ylhf2lSV1RqgaanZpW5D/5B+6c6xhFFonkVpM5T8lCquV2QmuTeRAfnONP2TDkt76Vm0/aSwor2qUwMzyZpbb2b/XbDt35QhSL6HOip1V20PNoBBMwluNBONEsh7i/wbK9OgWpaQcr87KFtNTanT7qov87GZkKXYnb6KmuqdRa5S2YOqfB6f2+2l337yjVn8MlxFrkp2ot1BW1FJsLzc4XDZ3cH6uj1ep6u8VoJ2+pw8iK+mgt3hCZQG3cWukkq5rq7C5vRTs8pSn92dnhXlDSQn2zxzAjOxQoybCQDAOsBMsubayxltFQD5itjuatBMcnU3F0uIzVFCP0uKXXZPhWIm+mZkJgmXkCEzIS0p3Z3Y9ChzL9WBYrtUJglR5kzUZpJ8rdU2Ehj5sKXJZja7J1ksFOpqAyX+qswnrLIFZmKFwEwAAOkDMwEAZIpRM6mXB/fsJNV1dRWlAfcON5XLa+uMm4k0VSKtfXdL4qGYSW2F31til41IMRNFIeoli5BegLLp3ChO9anNJFmXMJPaXV7l5dscmc/8/K3UlvnsRZLXbRswEysEZgIASB+YCQAgUwSYiSsx6N8wq2DoU4OTZrInUOKvqUh8SFfCTPaQJPBNXvWViTXxOjPx1dfX2IoSt5atz5kkSdNMiB08I1Tk3b6pBxGQlvgqknNG2wXMxAqBmQAA0gdmAgDIFAFmEvRIcxTqaYoEWX/TYtJM6uvr6LCJNfXJOROqKfKUVZaX2Yrdqc2kfneZL+FFu4M2hztQGvSXlDiLvVRRWeLeURKsrK3a8wkzKXd4tnWphhBqy0q2X0vqYSbWCMwEAJA+MBMAQKYIMJP6cr9dNpNS6Q4uEaybSb1dEZ6kmZSVeKXFLQ53dV3lFmYiW43bK6+CD3i99PLsRR6nV35AXQ3fDFb9CTORvIhjdxbO3Vy7/54PHoOZWCEwEwBA+sBMAACZIsJMiLpqrzcgSkzyhGL1F6qUlWR3Y5p1gJlYITATAED6wEwAAJkiyEzMiLvI5S+vqq2tra4o3+ReNbARmIkVAjMBAKQPzAQAkCkwk9TUViQ+E9nh9pfLX5UCUgMzsUJgJgCA9IGZAAAyBWYCxAAzsUJgJgCA9IGZAAAyBWYCxAAzsULy30zCE5FrN5q1tcCk4HTnOTATAECmwEyAGGAmVohxM+nqHvp871ll88z5+/OxRdX+7JmZnV9cWqajvXrdMTE5s7Kyqm0B8oaPHQNfft2orc2QtvaQcrrbO/q1u0EeADPJN479+KuoX7lGuHr9Cb0MejvYu/+8dh+wPDATIAaYiRUixEz+etN5tul33lTMZHhkcu+Bpn981Tg5NUubNNZ8/bbr4NErhxqu0mZLWx/5zJ3fXvGjqA2Na2lv4qAyq6tr9KgHj942HL9OBfUukG/Qab3/4PXI6CRvHjh8iU/x9ZvPaLPx4gMqv3jZznufPP3wxb5z+w9dfPaiVTkCMTU9q5zufBhsAT0wEyHQL0O6HCjP/2wzOJTXm0n/wDj9Lh0bmwpPROj4/Ct3e4CZgE2BmQAxwEysECFmQlH+Xq6YybsPPW/edf/5qv30uXtx2UwuXnnU3tH/c+Nvfzx+R++m9MZJw1N+1OGGq63tIRrFKoNXhtoc/PbK4W18ZwXZ8c/95/tCo83PWniTzITGRnQ2aZBEvnHk+2t0KmnIwueXRGVwKEw//6kbxOB05zkwE7F0dA7cuvNCW5sJGjPp6Rv56uCF5eUVpYZ+r5KiKJs5BWYCNgVmAsQAM7FCRJlJqH/s/KWHKyur+ru5aJAaT5oJFWgvyQnv4sax2GLjhQdcs+9AE72zJh8q3SFw6+6fU1OzLW19SiXIN8hJ6DTFZT/hGj7pzLGTN7lA3kLnV6mnU0+DKmWToJ6A053nwEwEcvveS+WSIVGnTTJ2rqHfjT+evk0/P7T20c/jJ29yeWFxiZtR+48dA/GkmZDz8xQ0if3Y+DQ12/eNNGXdcPw6VX577Bfykyl5+jou/5qln19+3Xjt16f0+1b5uxLV33/wurU9RI/t7hmmGnrep89bqZJe1Ymfbo2NTdEu/mOT5u8L/Mtcbyb0vkC/+enlTU1Lz07PRY+iI/AfKaj9pauP6BcIvQx6kSd/vsP/B/ifBkwDzASIAWZihYgyk7j8HkZvitduNNP7U0fXIL2BtXf0r66uKWbCg1faS+9h/Fh+M6Nd9AZJPyn03qn+ax/If2Zn548e++XzvWc5PPpRmwmV+eQq55fGLjTE0ZsJyH9gJqKg/k9j8chMVFPPFwX9bjxw5DLXUFk/6TEva3xcbv+4+T0JAFfyvOXXhy7Sz86uQZ6BPPLdtZWV1VNn7tLPSGSOLOXV6w7ay4eiMtkIFb46eIFryCX4gcoEJj0XvwZqrHYP5SpOZSb7Vb8K1E9K+kFPSu0fPHrLNcovDTqg8h4BzAHMBIgBZmKFCDST7p5hshF6A6P3J3pjU25u/qSZzKtmUUDB8eZd9z++auSb5slLnz6Xlo5smDPZqB/9A+P3H7ymAlnKN0cTYy9QKMBMRHHnt1fvPvQom3+96fzuxA3W+7j8u1G5cNQT0aura9Rs74EmaqZMVH75dePQ8ASVyTpo9B9PXoBU5sLh767FZfHoC43SBfuxY4Aeqyzeo1/g6kfFZQ/hsvIalPaKmdAL5pehvOBNzUR9+auflJrRoZSnjsNMTA3MBIgBZmKFCDQTYi4ao3cpen+i4ekX+86NjU39cOr2J82ECg3Hr9+9/+rt++7GCw+U92BQEHx96CKbBkN2SqMftZlEZqJ8k97NOy/o/FInISGhvkHjJP06E5DnwEyEsLC4pF5Ppeg6wbqeykyUaQ0Se2XOhPby1IQyZ0IHn5EnMw8evdI/MPbk6Ye4vOCEftPyVMzrt136ORPlZktlziSVmej/vpDKTNRzJuonVeZMYCZWAGYCxAAzsUKMmwkAwDrATIRAPv/0eSvPNFJY1z+09vGKjnhqMyG1oGYs9mozWV5eOfit9NmGJB48f6KHb+jiVSJxecnH+UsP+0KjyjqTf3zVeOPWM/U6k1Rmov/7gsZMjp28yTNCjRcfXLvR/PZ9NwkSP+ngUPhc0+/KOhOYiRWAmQAxwEysEJgJACB9YCZCUNZlKXdDff/DjS/2naOf/HEgqcyEhvXUjEIDfbWZxOXJFvKTU2fv0kG4sZ7mZy1v3nVz+X1L7+GGq3SoNnnCJC67wQ+nbvPBuSaVmcSTL5haKi9YbSbkPP0D43F5dmj/oYvUcnRsKi4/Kf17eV1+HGZiGWAmQAwwEysEZgIASB+YSf6zurp24qdbJABffXNBmSEhxsanNd8ZpUF9EyYAAoGZADHATKwQmAkAIH1gJgXKeHj6+x9+5Tu+UgEzATkCZgLEADOxQmAmAID0gZkAADIFZgLEADOxQmAmAID0gZkAADIFZgLEADOxQmAmAID0gZkAADIFZgLEADOxQmAmAID0gZkAADIFZgLEADOxQmAmAID0gZkAADIFZgLEADOxQmAmAID0gZkAADIFZgLEADOxQoybSWxxZSgcRQo0dPq0ZzRDwtMx/WGRQgmdvqXlVe1JTQ3MBACQKTATIAaYiRUixEy0VaBwwOkD5CfaqtTATLLm2kvpO9QBKAjEdleYCRADzMQKMW4mAICCBmbCybWZ/Mc9HSura9paAPIP6qjUXbW1BoCZADHATKwQmAkAFgdmwsm1mQBgWWAmQAwwEysEZgKAxYGZcGAmAOQImAkQA8zECoGZAGBxYCYcmAkAOQJmAsQAM7FCYCYAWByYCQdmAkCOgJlDp7ZLAAAdHElEQVQAMcBMrBCYCQAWB2bCgZkAkCNgJkAMMBMrBGYCgMWBmXBgJgDkCMNmUlPh9vg4NXWJujKfn2vKlCpgdmAmVgjMBACLAzPhwEwAyBFGzaTK57HZXRxfVaKyyJGoKfZVb2gNzAvMxAqBmQBgcWAmHJgJADlCmJlslJC6zSozpcZWvEtbB/IVmIkVAjMBwOLATDgwEwByhAgzcbh3ekrIQ1xltXJdnV3SErfDYchMgh63Z4dLWwvyFZiJFSLWTGKxxb7+MWUzPDEzNT2n2g8sx+DIeGhwVFsL8gmYCQdmAkCOMGom1X6Pu2y3YiNUqC3zsaXsLvMV+7M1k7oKt8NVu8sb2KPdA/ITmIkVItxMekOjC4tLvAkzsTjLKyutnX0tHb3aHSCfgJlwYCYA5AijZqKC5URKcvIkewIul21HaX39HvmnTJmvxOdx+8pKK6Utn9Pl9gcDfr/NGaiSl9mXON2B8qraqgp6AcpxwLYBM7FChJvJ6NhUaCAxbaKYyeDwRF//GEnLXDRGm9SA6qmmf3B8dW1tPByhXfSTdkmbE9ImPUR1YFCQ9PQPvWnpfNvaxZtdfYPv27s/dve/bumkzf6hMdr114eOmdnEyLits+/V+48wmW0GZsKBmQCQIwSaSX1lSWLNifEP5HLaXTtLpekSuzQPI1PmsxX5lAY2u4cL9mRLBf8OV7YzNSB7YCZWiHAzGZHNZGlpOb7BTMITkzPhicjgUJg2yUmGRiamI1EyEzKZgaFwZCba1y/d8zM6Pk1aMjM7HxoYn48tbjw8KDDetXe3dva1d4ei85KRkplQzYePPYMj47RJTtLZOzA8NvH+Yw+3p8aR2eib1s7llRXVYUA20Ajg241QjbaRDMyEAzMBIEcYNpO6hBXwTVw7PSXJ27ok9mTpKFVsOJwgH6TMp1q0Ik2MrMcdpKrq0l2OokRN8kPCwPYBM7FCcmEmC4tLJCezczH93VwheRUKmQkZCBXm5mIjo1O8iyyFd01HpIfMzy9g2qSgWVtbI8eIzM7NRudJOeKymZCN8F6Sk/EJqQ8Q79q6lUcRA8PjkeQsCjCCWk5SaUkcZpIMzASAHGHUTHKxAj7occt3bDFVNldQsp8NZlJrcwbWmxCVfqe/houBnTCTvwGYiRWSCzOhwujYVG9odHJqlsyEMjAUpvLKyqpiJiQtcTYTuX18o5lQPWV+HnMmBUzf4Oir9x+VxGUzIVfhvVQmMyED4VDNaHjyw8ee2bl5mIlAWE60tRuBmXBgJgDkCBFmkpi7SN52lZw/sWX7qcE7HRsWitjsXkk6NphJvfrpJIK+nWWJCRqnA2byNwAzsUJyZCZUGKCR56Q0ZzI0MsHLS+KqOZMtzASL5s0BaQbJSf/QmLSepK0rGltQm8nA8BipiLp9e3doZk4aIneHhmAmAvkz9WwJAzPhwEwAyBHizMSxrgq7DZlJzfqqdxn/Dpf0xSYbzaS+rra4yC09hTsQlCdLXE5p015csjtQAjPZfmAmVkiOzCQur2XvDY2SZoyHI8MjkzOz8wND4U+ayVhYWmcSnpwZD0+T2CSOCwoQZeE7QcpB4qE2k7i8zuRDR+/4xDQveQ8Njn7s6R8Zn3zd0gEz2U5gJpzCMpObd16MjG5wewDyFqNmUl9T4fb4ODXJVSVlPj/XlClVwOzATKwQsWYCACg4YCacbTCTlZXV0+funTpzV7sjE7q6h0bHpl697piPLXZ0DWp3A5B/GDYTAGRgJlYIzAQAiwMz4WyDmYyMTh44fOnrQxe1OzLh2I+/fr737Hcnbhz57hoVtLsByD9gJkAMMBMrBGYCgMWBmXC2wUwajl8/fe7ehct/zM7O0+atu39SzfGTN1+/lW59/P2PN9dvPmttDx07eZPb/9z428TkDMnMysqq+jjE4YarB7+9oqkEID+BmQAxwEysEJgJABYHZsLZBjM5cORyeCISicyRn8RlM9m7/zzvIjnZ900Tl48e+0V5CPHqdYdm0V1be2hkdJJMJoYvfQKFAMwEiAFmYoXATACwODATTq7NhFziwuU/uMw3dJGZHDh8iWuo/Pnes0q48vK1x1/sO0eb+DgQUNDATIAYYCZWCMwEAIsDM+Hk2kxO/HSr+VnLi5ftlMMNV+eiMbWZvHrdsfdAYs6EuXjl0dTULBXu3n8FMwEFDcwEiAFmYoXATACwODATTq7N5J/JG7eI+w9ef+wYUJvJyOjk/sOXlpdXlDZnzt/n5SikNDATUNDATIAYYCZWCMwEAIsDM+Hk1Eympmav33ymriEPUZsJ03D8+ud7z/IqFLKUfd80UchhYCagoIGZADHATKwQmAkAFgdmwsmpmQBgZWAmQAwwEysEZgKAxYGZcGAmAOQImAkQA8zECjFuJrHF9RujQcGB0wdgJhyYCQA5AmYCxAAzsUKEmAmNbJACjXEzCU/H9IdFCiV0+paWtd/itwUwEwBApsBMgBhgJlaIcTMBAFgHmAkAIFNgJkAMMBMrBGYCAEgfmAkAIFNgJkAMMBMrBGYCAEgfmAkAIFNgJkAMMBMrBGYCAEgfmAkAIFNgJkAMMBMrBGYCAEgfmAkAIFNgJkAMMBMrBGYCAEgfmAkAIFNgJkAMMBMrBGYCAEgfmEnWDE9ExyamR8NTiMlCp5VO7q99S//2+8nPGkwS+rdoe7ABYCZADDATKwRmAgBIH5hJ1kBLTBw6uf+iG9wXerQ92AAwEyAGmIkVAjMBAKQPzCRr9MNZxEzRj+wLPdoebACYCRADzMQKgZkAANIHZpI1+rEsYqboR/aFHm0PNgDMBIgBZmKFwEwAAOkDM8ka/VgWMVP0I/tCj7YHGwBmAsQAM7FCYCYAgPSBmWSNfiyLmCn6kX2hR9uDDQAzAWKAmVghMBMAQPrATLJGP5ZFzBT9yL7Qo+3BBoCZADHATKwQmAkAIH1gJlmjH8siZop+ZF/o0fZgA8BMgBhgJlYIzAQAkD4wk6zRj2URM0U/si/0aHuwAWAmQAwwEysEZgIASB+YSdbox7KImaIf2Rd6tD3YADATIAaYiRWyPWYSmYk2HL9Oha7uoVevO9S7JiZnDhy+RIVHT96HJyLqXaAQUU7o386Pp2/Pxxa1tcAYMJOs0Y9lETNFP7Iv9Gh7sAFgJkAM9AsaZmL6GDcTko3HTz/0hUbPnL//xb5zC4tL2hYqtjATUKDQ6P/Yj7++eNnOEXJC9+4/T52q6dLDjx0Dml237v6pPj611PQoPdQztVUgW2AmWaMfyyJmin5kX+jR9mADwEyAeGAmZo0QM1GGhlR4/baLxqY0fOQaKtCmMlpVN/7+hxtkMh87B44e+2VDyyOXmp+3fL737PlLD7nl4FD4H181Ug3F+KgXiIXNRNlUm8n9B6/3H7pI547OINdMTs1++XXjvm+aYsnZDNKGU2fvNhy/PheNcc3i0vKpM3dXVlZHRicfPHrLlQqpzKTxwgPuUTw7R9Crotd25Ltr3HOUhwAjwEyyRj+WPXLkyMmTP+nrkUKMfmS/deKLy6X3565OrrW1ziRqIov6ZptlJr4a11WKj7YHGwBmAsQDMzFrxJpJ87OW/oHxdMxkbGzqyPfX6OdXBy/8c/95TUsaXIYnIjTopOEp7TrUcHVqavbFy/a9ckuQV6QyEzp3dL5ITlrbQ6QiVEPnlE7lm3fdj5rfHzt5k9v/ePo2ycmH1j4+18y+A00dnQMkG0PDE0olk8pM9h5ouv9Qei6pX41Px5NmMjwySZ5Dr0p5CDACzCRrNAPZ0ODw+aYL3x87ph/jIoUY/ch+65CZyIXZ+MzSv+r2bpX7Sw8GV77U14uOtgcbQJiZ2O0umy7aRsAawEzMGiFmwn+TJsd49mdbXB6bbm0m0fmF707c4AYjo5NfH7qobxmXZ2CoPRW4AfFz42+LS8tcBnkCm4kyo6WcQTqhysIhKtOJpmZ0BrmGyqwiB45sMgl2/uIDOlp7R792R2ozOdxwlWuU7sdmQsHdXAKBmWSNZiDb1HSB5OTeb7+3d3bT5q3bd3766dSZM2efvfiTNhsaGu4/ePi4+dmly5dpk37evnO37WMn1evHxEg+RD+y3zpJM5mJTy38Z66ZWuBd0/H4s/dRx+OFeGRRLy3PluKfNUzHw4lHfdYwPxJZPfl8rvT+LG3eisYbHs6cDK/FV1a4/a3hpS8fz9a8X+7tTEzOpBltDzaAIDOp3EUestPjcyvZ4bbZPdpmGVBXW1lmd0h64/QEgjXa3Vvgc7oCFdWllXtsdrenQrtXCDZHibYKqICZmDVCzESZM+kLjV6/+eyTZqLWD/VANpWZdHYN0jh1/6GLzc9beBfIH1LNmZAPKAvQ+VRSvdIxlL3qxzInf77Dd3Z9/8MNkpPT5+6pFy+lMhPlODCTnAIzyRrNQJYdY3BknIRkVDYTxTpu373X3dfPZc2kyumff9YcB8mT6Ef2WyfRLWIJf5Bq1s1kLdlm5aT+gTNL9PPNary3i01jPjYaW9+bEJ45UhTtA5PHTzMbuq8xBJlJmU8zQ1JR4rY5A6Ul/uAedXW6lHpIbFyuktJAIGB3lAR2axtsgSP5SmwOd0nlxn2CgJlsDczErBFrJpGZKI0C1WZy7Uaz3kzUcybhicj+T5nJ5WuPt15YD/5GUpnJ3fuvtHMmJ2/q50z0ZqJ0APITEg/NLXzNz1q+OnhB2dx7oInENQ4z2S5gJlmjHsWGBofPnDnL5aPffjsqm8nx4ye4punCxSMqqObp8xenTp9WNpE8jH5kv3XkdSbSLMd6TTpmcnZhvUtFJUUhM5kenF8/iAquuTq2Or20Jm0XtJnU7iqR7t1yuNcnTDySqHgrSRK8/kymOxLUlNp2lmUiIxswNleTEntuDmtKYCZmjRAzefz0Aw0HaSS670BT/8B4XP5L9sNHb9s7+g8evaI3EyqE+se+PfbL2NjU14cu6teZ8JEVM/n9jzd8s9CXXzcqK6dBnpDKTAg6szduPaNuwOtMyDRITv581f70eauyzkRvJrfvvTx97t7TF62/P3xDZ5yiaXDnt1fHT9588bL9yPfXOmQtiac2EyrQs+MDqUUBM8ka9Sj28pWr0s1aT55STv/8c3tnt9pMqNzZ3ac0bmnruPfb71w+cSLRBsm36Ef2Wyc5uaGq+bSZzDRGlJmQefm2Lqmw0UxWVe0nP2tdedDM5Whhm4k0PUJm4gqqK6mGtm3OQJW6Nj2qfB7vZnMdpV4vHdbh9Aeq67jG5iz1u73STV8Ody3V7anw7ZTa8AQOKYqvWmpWWx5QrX7x1dcHbW7l1QaLuVF90FNev7PYbdtRSht11cGiIql9oEp6rjKPhx8u7ZOO7OMH07M75Gcvl55ewmV31ZT5qaVd9TqtBszErBFiJqwNew80NV58wJWXrj7ij2Dij+rSm0k8+dlcpCinztyNb2km+w9f4k+kpSHp5WuPeS/IE7Ywk+bnLZrP5opGY5rP5tKbyfLyyoEjl6hHkbWOjE6SqFy/+Ywq1W2+O3GDGij9Lb6lmZw6e5d6mtISGAFmkjXqUeyx48eV8rMXL/94/ERtJn+9eXf7zl2lwZt3LQ8fPeHyt/IEC5KH0Y/st042ZvL70khyF6UmtPp/pcIGM7kVjV/9K1p6f74hJB///tL0YMxxabpxcq2wzWTTte+SG1QHNhWMT+JzuvQ+U+P3eit5oF/j3+EKykU2EJndtmI/l5Q5k6SZ7LEV75IrKr3F3H5zM7HZ3cnKdehfx23VUzFsJkGPW7nNzFPk4skhMpNSrqzwK/eVWQ2YiVlj3ExyTU/fiCIzNDxljQEA/C3ATLJGPYptarqg3mxoaFCbCeXRk+YffvjhyJEjV65eo81Tp08fPXqUfl68dEn9QCR/oh/ZF3q0PdgAhs2krkLvJFJ2lpE/aBunBz2wTFtX73GojlYdcO6qrVfNXajLOjOptTkDcsUnzCRZkKmtKC6W54LsLn41ejNxqsWjzOcpl/7rWq8MqsrWAmZi1uS/mRCN8ic1ffXNhbNNv2v3AQC2EZhJ1ujHsoiZoh/ZF3q0PdgARs1kd0BeZKILmcOObMflFSWbrFw3YCbSvEf17rpgicfm4F2fMpOKXUUOlz9YWVtbWwwzyRyYiVlTEGYCAMgTYCZZox/LImaKfmRf6NH2YAMYNROXzkk4u+vrbDv1Mx9psttmd+/wb7ilq2aX11Ouv5srLTNxF2lu06q27Sjlm6+qfB69mficruQ0S90WcyZBj1tZ36++myvZCmaCmC0wEwBA+sBMskY/lkXMFP3IvtCj7cEGMGombodr01XetaUlfmlWI1vqaisD/sT3mXjL+Ujlfukjv6QV8FWJ5R1pmkmJM6lMDneN/HLLfSVFiZXr1XozoWcvK5FW0hd7gt7ihJnwunZWEeW5Al4vH6eMjwszkYGZmDUwEwBA+sBMskY/lkXMFP3IvtCj7cEGMGomu4PSeH3TZPVFJjmgrtru9AVKgxS/12vP0ZcvAhUwE7MGZgIASB+YSdbox7KImaIf2Rd6tD3YAEbNJP8p87jWXaSu2sA9ZiBdYCZmDcwEAJA+MJOs0Y9lETNFP7Iv9Gh7sAHMbyakIy6n9Clb9iKP08PfRwJyC8zErIGZAADSB2aSNfqxLGKm6Ef2hR5tDzaAFcwEbDcwE7MGZgIASB+YSdbox7KImaIf2Rd6tD3YADATIB6YiVkDMwEApA/MJGv0Y1nETPkX3ci+0KPtwQa4d+8eawkVYCZADDATs8a4mcQWV4bCUaRAQ6dPe0YzhI4Qno7pj4wURDLtADCTrNGPZREz5b+ej+gH9wUdbQ82wDffHGQzoQLMBIgBZmLWCDETbRUoHIyfPuNHAH8jLJba2tTATLJmIhLVD2cRc4ROLp3iX/uWzDFzQv8K+rdoe7AB1BcazASIAWZi1hg3EwBAQTMUlgZVaQIzyRpML5s4+APN1qgvNJgJEAPMxKyBmQBgcYZgJnJybSYAWBb1hQYzAWKAmZg1MBMALA7MhAMzASBHqC80mAkQA8zErIGZAGBxYCYcmAkAOUJ9ocFMgBhgJmYNzAQAiwMz4cBMAMgR6gsNZgLEADMxa2AmAFgcmAkHZgJAjlBfaDATIAaYiVkDMwHA4sBMODATAHKE+kKDmQAxwEzMGpgJABYHZsKBmQCQI9QXGswEiAFmYtbATACwODATDswEgByhvtBgJkAMMBOzBmYCgMWBmXBgJgDkCPWFBjMBYoCZmDVizSQWW+wNjVL6+scGhye0u2UiM9HxcIQK1IDaq3cpNaGBMXU9KCC4A3Dm5mKhfkOnMjq/QMcJDYxPTs1qdoUnZqam55TNVE9ERxgZndTWAhUwEw7MBIAcob7QYCZADDATs0a4mShCQqPG0bGpjfs3sIWZgMKlf3BcOYnGzYQdlfpSn+44aZqJAh1B3R4owEw4MBMAcoT6QoOZADHATMya3JkJjUqpTD9Hkn5CBdqk0SGNKeMqD4ktSDMtNHAcHplMzJnIo0waldJDqJ6ysLhENUtLy1Tmv8crhwV5RSozodPNZ5lON22urq3R+aUaas8NpO4RjVHNzOw818SlPiDtnZyaTdNM6FkodEw6Du/lHjgyOsXd5pMCY0FgJhyYCQA5Qn2hwUyAGGAmZk2OzISGmIPD4dm52CfNZGJqlsaL3EAatqrMRBESGsXyeFcZxerHqSBP2NRMhkcnZ2YSvsHnjn7SaY3LtsmnlbqH/g5A6kIkMOQnysMVUpmJujtRG6UHYs4kFTATzvaYyU9tC//++NRnDZMIkp/575elN2ixqC80mAkQA8zErBFuJgNDYRoLjocjA4PjNBD8pJnwX7i5wfo6k+TgNXHcZA0NcMOTM9H5Bf5TOshDSCTGwtPjE5HwREQxE/VMBZ9ldQ2faO4eSqWyi45DPWRW3qU+76nMROlOVMPHhJlsDcyEk2szeRNe0Y8CESQ/Q91V24MNoL7QYCZADDATs0a4mSh/9l5YXKIxolgzoWPyPTmzc9q/oIM8YdM5k+zMhBSUu5M8bTI2H1scGlmfVIGZiAJmwsm1mfyXcxH9+A9B8jPUXbU92ADqCw1mAsQAMzFrcmsmA+Nz0djwSOKTkaRNnZlMTM4ot9/Q6HNrM6EHRmYyGEWB7WdTMyE30NzNRedafzeXxkzoXCtaG41KH9Kl3ktda2AozGVegBSHmWQFzISTazPRD/4QJJ+j7cEGUF9oMBMgBpiJWSPcTHhOg1c289BzaCSx9Dk8Kd30v8UK+LHw9BZmMjsXo2OOhyPjExEakkJR8pNNzSSu6gaqFfDSOnVFJPRmQpDWSsvWB8aGRyd5xow7FROJRLmzKYqyhZlQz6Fnx32AemAmHJgJgqij7cEGUF9oMBMgBpiJWSPWTHIKjU37k8NK0hLWGwCAQWAmHJgJgqij7cEGUF9oMBMgBpiJWVNAZhKekP7mPTsXo1BhaWlZ2wIAkDkwEw7MBEHU0fZgA6gvNJgJEAPMxKwpIDNZXVsbn4jw3Ttj4WntbgBAVsBMODATBFFH24MNoL7QYCZADDATs6aAzAQAkAtgJhyYCYKoo+3BBlBfaDATIAaYiVkDMwHA4sBMODATBFFH24MNoL7QYCZADDATswZmAoDFgZlwYCYIoo62BxtAfaFlYyZ7gn6b3bUxvtqqam07YCVgJmYNzAQAiwMz4cBMEEQdbQ82gPpCy8ZMqnwevZlQpcMT1DYFlgFmYtbATACwODATDswEQdTR9mADqC80kWZChd3atsAqwEzMGpgJABYHZsKBmRRK/vWXmd8HlvX1iNhoe7AB1BeaYDPJXk6qAw53aaA0GAgEsj8I+PuAmZg1MBMALA7MhAMzyYf81LbwZHi5/o/o2Y7F/3ZpRt/gs8zNJLK4xoWGDwv6vUiqaHuwAdQXmigzcbk9Pk5JsFb7gHSoDhT7kitVqgLFfpGrVux2j7YKiAZmYtYYN5ORiQyGNSDfMH766AixxRVtLSgQMj19MJOs0Y/8EH0+TKz8l3MRdc3s0toXL2NUONm2UH5/7jPZTJpHlpdX4yPR1f/VPM/Nno9KNcSPrQtzS2uLq/F7/UvKEehn0c1ZPhF8NOSTUfdeg6gvNGFmomRdMDJCbSbV62bid3vpmDt9FbV10qbP6aoN7pKeyOEurZGrJOqcTrdkR6XJI5T5gvV1RQ6Xc1dlmSfxaktVB3Q4vcqDgRBgJmaNcTOhYc1QOIoUaDIalW4KHSE8HdMfGSmIZNoBYCZZox/5Ifr83L54rWfpP52eVmo2NZOl1bj911nykznZOihr8Xj1gyhldS2+96/Yxa5FaqMcgQutkyuap0O2iLYHG0B9oeWfmdTtLnYk7uYKetylcqnGTzrhrpfNxF+TeITT4ZL3lTrtcoGKu7yectk4yny2Il+iXX29TZkzqQ64ypRqIBKYiVlj3EwAANYBZpI1+pEfsmlct2fvDywtr8b/w4mpz1KYycPBxN1cimy0TyUKeg/R1yDpRNuDDaC+0PLITJQjOL2Jz/jysHvIe4tl/ZDmTJKPCOx0UbvaXd518agL2j0VUqHMt7N0T7KhykzqKmzF68YCBAIzMWtgJgCA9IGZZI1+5Idskebh5f/9XLpTa1MzUdaZkGz8jyvScpQtPERfg6QTbQ82gPpCyyMzSTxwd5ldMg4Jp91Vq6JeNhPlEfQySuV5FZtdkY1q245SqV2ZT/0q1s1Eos7v9docWHkiGJiJWQMzAQCkD8wka/QjP2SL/M8n0ROt0oL1uaW1L19JZvImvKKYSWh2lQqeO3PjMa116D1EX4OkE20PNoD6Qss/M6mv9xa7KuR7ssg6fFUb1oOQmSiH51kU6W6u5NRKzS6vO5i4myu1mUiw1QCBwEzMGpgJACB9YCZZox/5Ifo0jyzz/67no4lZkf/35/zkwtrKWvx4y/qcCZU1K+C38BClxv7r7Fo8/n/kqRjkk9nYfw2hvtD+P3WPUoAx5m8UAAAAAElFTkSuQmCC" alt="Screenshot" width="100%" ></p>
<p><img src="data:image/png;base64,iVBORw0KGgoAAAANSUhEUgAABDMAAAIGCAIAAADGMlPIAAB+pElEQVR4XuydCXsTR57/903ss69gX8AmOzM7185/nWMgkINryDFMmMkIycbIBlvygSxbsmzJki1Z92lLSUi4IUAIBEg4wmwmB2eSSRgI2YQj4XQ4zRX8/3WXVGq1bOOjW7ab7+f5Pqa7urpaMlJ3fVxd0r9kAFCCUDQpLwIAAAC0QjpHT09PMpmMxWLRaHQAADBu6P31NxHqTP6L/J0HwJiAmQAAANAwTEt6e3tTqVQ8Hg+Hw8FgUN7DAgCMHnKST0U++GD/v8jfeQCMCZgJAAAArSIdMEkkEtFoNBAIeL1eeQ8LADB6mJYw/kX+5gNgTMBMAAAAaBWZmYTD4e7u7s7OTnkPCwAwemAmQHlgJgAAALQK0xJ2K1csFgsGg6QlLpdL3sMCAIwemAlQHpgJAAAArSIzk0Ag4PF42tvb5T0sAMDogZkA5YGZAAAA0CpSM4lGo36/v6Ojw+FwyHtYAIDRAzMBygMzAQAAoFX4JJNkMklm0t3d7XQ67Xa7vIcFABg9MBOgPDATAAAAWmVQM7HZbPIeFgBg9MBMgPLATAAAAGgVqZlEIhGfz9fe3g4zAUARYCZAeWAmAAAAtArMBAD1gJkA5YGZAAAA0CqDmklLS4u8hwUAGD3jNZOedCaYSHdGezsjYqI8aXliQrpi6USvvBGgMWAmAAAANAnTkt7eXpgJAGowLjNJ9mT+oyL8CGWxmMrII0tyMUYfqRLyqDH0rDUxy5p4dGnkkWWxR5bFH6mJNwdhJ1oGZgIAAECTwEwAUJVxmUlFW2J4M/lPY2jG8mi0J5PsTT9RF+Zm8khtXN6WQrzw0h+ffuY5inyDorBDqH2UqQvMBAAAgCaBmQCgKuMyk/8oDw1jJj8zBluCvfGebOVoT1pqJrFcubL8z2NP/MejP6PINygKO4TaR5m6jN9MzPVWaWx+VhyQlasluGPC8NQceREAAABtATMBQFVUNJPZ1hhpSTqdrRwvNBOVZpvATCYD4zcTnd5kqKzLpsJU28GKPTqDOVdu1htMwcK9BiFYP/2pl2q65cUCaff0p+YY2uTFYwZmAgAAmgdmAoCqqGUms61RUhFeszedqe7qkZpJEmaiXZQwk4b8Soc1byZmT640ZDWOyEwWV/5l+nNGeXkmY//rHN3kNhOHXuEGAQAAjBOYCQDD8MEHH/T39/PVzZs337t3T7L9wahiJtPM4bCka5pOZxp8PdIZ8DATbTOpzMQczLgr/xCTb8hMX7DcMInNpDe6fKGiDQIAABg/MBMAhuLu3bvNIkxO1q9fT8tr1qy5deuWvOrQqGIm821J6TSSnt7MtLqgqCUwk4eCyWYmme5a+Q1dafdfWpIyM3GYK16c/YfpT83RNbrzpcF6RybjNuvnPTNnukQVeoP2WWLJ/D9VshLRTHr/8sfnZ86cM33mH8yuCK9M2M2VrHzWHyuk5dMNbb2htlmzhOPOnLWgm/3mus20ypOtmo4veP55odrsl158ZWlvfkgSAABAiYCZADAMmzZtIhtZsWLFlStXmKWMSksG1DITe6o7UTDD5LfLYCYPEUqYSV2b053N8sa8mVTbcuXttZUjNhMSgJl6aXHDAqG7LzUTw6w53fw1mWx7tsKZXQ7WGwwLYoUaMH3mwpp87SzU2rMGO19NtugbopLNEqQPhlxF2lT1vJyHBOvnF46ZTH+uQGkAAACUHpgJAMPDhkrGpiUDyprJr5d0P7HU98sl/v+qCiztTIeSeTmJptK/rWFyMqSZ/HHBn1h3v93p5F1/ik5voFMAr/b4E7+XbqVMnzGTby02k0f+8+es5Df//Tu/3/+LX/6arc585tlHf/YL3shjjz/JdyGWLquRHWXhn//Ct/JCtkonKWnNNH/aDyvjNxPFyJmJ7Iau6QuWZwrMxP1spWSchDbNzBvCvBqfdJPb+IdBZ9QX3801fYh7xcwv5GtOfyr/uhLwm9kDhpkAAMAkBGYCwPBIzUQ652SEKGYmP1scWOrpsQd6qjoSPzeG/2BLtIUzqd68nOidiRGayc//61cyK5gx8xlWZ5HeINvEUrkkO8VZZiZ19Q28DmkJlXAzKT7KEmMV24ukRbaJxeXK/umel7DV2XPm8ZJZs+Xd04eQSWgmBTd0pd1/sQmPMG8mfrPOkdsqYvlT3kwM7QWbap4f/L94jGYim53PH3CRmRhmzbGHit42AAAASgjMBIBhuHPnDnMSm81GP1evXi2v8SAUM5NyV08q12tqD/X8vCo8T5STYDLD3ET2qcHDmInYv5/7V90iqRVQBYejTVoiS4db+Ju31Ez4aAmFThzsKNxMKL/89W///JdXpI3IHkZx2OiNdFWqJc88O4s/nYeZyWgm+XuoIuxWrozUTNoqpPM6WAKskqQFRrGBMIrL82YSbpn+9PNmqz0Wi1OqJW4z/YV6viwwtJlkhGnxnfOenjN/cUt38Yx+AAAA6gMzAWAo7t27J72Ji8052bBhw+3bt+VVh0YxMzF60tFUflN7uOfn1YKcVHemu+OZWE+mztc7QjOpqTXxQt7pDwSDUkMorvDoz35Bq2U5M5Gms7OL1+dmQt7CSrxer7RZvvzz//oV32v6UzNZIXmItI40qZTk+T/cjN9MFJ9nksndhdW97CV2K1dGaia+Wpl+5Ckyk+q5cmFgDGMmslku0hZGZSY5ertrF8rn9AMAAFAfmAkAw7B//37p3BKSkwn71OCXbKmumPC9JYyedGZuU/Q3NaHZLYnl/nRbODOnOT5CM/H7s3+tzkjNJBDgy7/7n8d4hV/95r95eUYyZsLzX7/6Da+ckZjJk9Om80JpC3z5r7pFvAIfrvnNf/9OWodHOtcFKGEmin42F6O7ttqXWfzcHHYrV0ZqJum2v7QM8ZiLzMRhmDOoFAxnJoX6sUBSc0xmQvjmm0PyMgAAACoDMwFgGO7fvy8vGiWKmcmjFYG/tvX64hn+5e4kJ880Rh6pivysKvCzqgd/NtdLf8yaSSSS/0gj3vX3S8xkxtPZaScECQYvzwxmJtKhD4JPL5E2Im2BL1cvXcYrkCyxQjYyIzsEZdpTM3hlMEnNRBi7WCidzi77bC7ZB3BlKTKTTCY51GdzyUryZvLUS7ww5qh49rkRmEnGbZRUo4NKljPJtgpjp7QAAABAKYCZAKAqipkJ5f8tjTpCGel3LFZ7kr+qDjxSHXtkKdMSZczkZ7/4Ja8g/XytjMRMpPNJnE4Xrz9yM3l21mxewVhVzQoff+L30jrSJBIJXv8hZ9KayeLn5kg/yVdqJhm/dfrsvyw2t8Ricae9Zd7TC7Llg5hJxvKX56c/9Qdre2cs5q/RZz9caxgzaXhxjs5sp8rGBc9Pf3qh9ZWRmEkm0LBwYU2bMDVFWGub+YLeTkfsdhv/9NLMp+aM91cMAABg9MBMAFAVJc3k0cWh9nA6IfmORVuw5/GabqXM5OWFf+arv/z1b5uarNLP1yqvWJyRzDOh5V/++jd8K5eTB5rJb/77//HVJ56c1tDYOGv2XF7S2SVMWZHWl36+8ONPCt4CJpGZAAAAAMoBMwFAVZQzk4qQ1d/TK/kqj3hP5unlkUeqwkqZSUbiFbL86jf/zerLPjXY193N6zjahD9gP9BMpKuyPPtcdhRFVr/WZOYlkJOMEmaSn/4uxpd9RcRk5RILBgAAAFQHZgKAqihmJv9TEw6n8lpChmIP9j4qaElUQTPx+/0yW2AJh8OsfvE3Lf76t79jJf/58/+yt7aOxEwslqZf/vq3skM8+rNf8C98lNXPFH5CcSz2sH+k6/jNBAAAAJiEwEwAUBXFzKTWm+bfZ9JLWhLqfdQYfqQqOnIzGRWOtrbFlUva253yDYrSYrMtMVY1LrfIN4BhgZkAAADQJDATAFRFMTPROXu742lykp7ejC3Q++iSiKAlQ5sJ/wgvoD1gJgAAADQJzAQAVRmXmfx8cZibye9qo00B4UsVvfHMnOXRR4yilsBMHkpgJgAAADQJzAQAVRmXmcR7MtLP5vpZVeRXS6P/aYw8siQyvJlUd2HqspaBmQAAANAkMBMAVGVcZpIRp5R0RXs7I7lEedLyxLIZ5wwTMPmBmQAAANAkMBMAVGW8ZgJAMTATAAAAmgRmAoCqwEyA8sBMAAAAaBKYCQCqAjMBygMzAQAAoElgJgCoCswEKA/MBAAAgCaBmQCgKjAToDwwEwAAAJoEZgKAqsBMgPLATAAAAGgSmAkAqgIzAcoDMwEAAKBJYCYAqArMBCgPzAQAAIAmgZkAoCowE6A8MBMAAACaBGYCgKrATIDywEwAAABoEpgJAKoCMwHKAzMBAACgSWAmAKgKzAQoD8wEAACAJoGZAKAqMBOgPDATAAAAmgRmAoCqFJgJdSgRBEEQBEGQQROMJCiBcJziC0Q8Xr/D6bFYbeYGi7yHBQAYPQVmIv/LAAAjJhKJOHPQuTuV6kUQBEEQjSWZ7KEkEilKNBoPBEIeT5fd7mhqssp7WACA0QMzAcrAtQRmgiAIgmg1MBMAVAVmApQBZoIgCIJoPpPcTPbt21dWVkY/5RskGEXkpZOJp59+mp6FvBQ8HMBMgDLATBAEQRDNp/RmsnbtWuqmnzlzRr5hMMZvJrSJWli4cGFfX59828DA6dOny0QcDod8m3LATB5mYCZAGWAmCIIgiOZTejOZMWOGXq+vra29deuWfFsRiphJZWUlNTLop43R1rq6uvnz52vATDZu3Pj666/LS8FEAzMBygAzQRAEQTSfEpvJ/fv3qY++ZcsW8pPPPvtMvrkIRcyktbWVGiH9kG8TNYkezAsvvDDVzYQ0z2w2w0wmITAToAwwEwRBEETzKbGZ7Nix48knn2R+8vLLL8s3DwxcuHDhxRdffOyxx5555pnPP//88OHDxWayf//+p5566vHHH1+xYsX169ctFsvwZkLWodfrqR3ZKM3Fixep8MsvvyRzkJkJ1SwvL6etf/zjH+ko0k1Uf/bs2bTwzjvv/OlPf6I6ly5d4lu3bdtGj40K6fFv3ryZFXIzCQaD9NSoAjV+9+5dvhfjzTffpL3YvvQcpZvoWWzfvp0W3n333d///vf03OPxOP2u2NaTJ09SSZkEVUULjAqYCVAGmAmCIAii+ZTYTJ577jn2d/2FCxdSB1rWO9+9ezcVtra2fvzxx1988cWcOXNYNW4m165dW7p0KZWsX7/++++/r62tpR45mczwZkKcOHGCDp1KpaSbWlpazGZzsZlQy+xhUNff5/ORSNC+fCvVJ7mihzFz5sy2tjZ6JKycHjw5A4kHmczOnTu7u7sXL17MNjEzoa0dHR3UJu3ywgsvyJ6+1+udP3/+gQMHqMLGjRtpq3QAhJ4CycyCBQsMBgM9l61bt9KBqM6pU6dYBfYsMGYyCYGZAGWAmSAIgiBTIklJircOnxKbCXWmqWNNC7FYjC9z/vznP1P3na9euXKFjQBwM9mwYQP1yMkK2Or9+/d37dpFFR5oJrdu3SKNkY3SkG/s2LFDZiZUs66uTqoiR48epUOQFLFVqk+r9DCuX7/O6xCkDVT+3nvv8RI+RMPMhCrwTZcvXy4Th2t4yenTp+np8NWXXnpJr9fzVaM4j59+ObxOIBCQ2gvMZNICMwHKADNBEARBJnOkQjJoincpTinN5MMPP6QOPVu+ceMGGwfgW+/evVvsKm1tbVIzmT59Oq1Ke/ADYr//gWZCC2fOnCmTDFOQabCmZGbCjnj+/HnewoB4XFIptszMRCoVA7nWBr0/bSBnJlevXpUVDiMSGzdupAp8lZ4CPYbDhw/zEvYL5E8cZjJpgZkAZYCZIAiCIJM2BRIi2kU2o5STkpkJKUFLS4t0GvratWuffPJJvtrX10fdd+pw8xJi5cqVUjMpE5FWGBCHF0ZiJmxyy+nTp1n5xx9/TH39gVyfnpvJoDNSqILdbmfLzExkFU6ePEmFvI4MZiaywuE/EIyessxMXnjhBT6xZEB8OnQ4KmSrMJNJC8wEKAPMBEEQBJmEkQlJIBjp9PqdHV0sXd2hQDgejCSCkSQLXcJYwrFUNJ6St1YqM2FfY1IM/2IT1uMv3En+2Vy0LO2vM6RDB8VIt5aXl7NlOiiJAT2kgSIzYRZRjHR0omyIxzmUGAxqJrIPBItEIoUHLHim7FnItI12h5lMfmAmQBlgJgiCIMhki9RJItG4p6s7VUQ0GvN1BxKFoyi8hUSylxQl32CpzOTJJ5+k3vb7hcyZM6e2tpZVYF96WLiTwmZy4sQJdgg6aFnuzi6ZmcybN49vGpRBzeTjjz8uG4eZ0I5lheMwVAIz0QYwE6AMMBMEQRBkUkWqJSQezo4uuZTkCAZDkUhsUDOhxBPC7tk2S2Im7E4q6bRyRltb24wZM9gy+wxfWed7+/btMjMp7uLr9foRmgl1/Wl3OhA9Ej7jRWYm7NPABv3CeMagZnLs2LGyUd7NJTUTeoSyr1uhfgjMRBvATIAywEwQBEGQSRWplnR0+uQ6UgjJSZx8Y2g5ybZZEjPZuHEjmcDevXtl5WziOKkCWy0ednj55ZelZsK04YcffpDWKRvBZ3PxVRIA9pXwPp+PlcjM5MMPP2QfCsx3kTGomQyID4PbjowHmslLL71Ej0q69WkRvvpAMzl58uTs2bNdLpe0ApgMwEyAMihuJjq9if+NitJs66CSUChWXHOYlFfWFxeOOS+8+CKdKyPRET0GqlldvbS4vDSpMbUsq22Wlgzz26PKsVjBf1ldQ6ux2lJcMyX+Si1N7bRQMcrfbUNDI129JvB3giCaTzyestndOoNpUbm51eGhU6i+3FxcbbShZpdULeer7IzR2RVoa++SVqOTTPnigtOCoaJOVueBodOLUudtPmBCChGLJyORqNxFiujq8lFNLieyBtmlrTRmMmPGjFThd4lwnnvuOYvFwu6ekn6fyYkTJ6jbzb7ukJuJ9PtMzp8/TzUff/zxRYsWjdxMSDxo99raWn7rlMxMBnLfZzJz5sydO3e+//77K1aseOqpp/js86HMhH+fyebNm9lezz77LNv0QDPZsWMHVaC+Bx3liy++oMPRYx6Vmdy/f9/v91Mjhw4dol/dgQMHpDXBBAIzAcqguJlQx9fXHeKrVUub6CI3VN96qIztCmdv9RQXUugcSmcxp9NVvImFet58uap6aTAYLq5TmlDXgX5dfJU6FsP89riZNDQ6irfKws1kVInHk2UiMBMEUS+LlzQuMghOYm1xNbcIZypFzMTd6adm+epQZkInGdnhaLU0ZuIPRIrPb1ktES3CHwjJLWQwvHTVCYWp/qDDJpFYKp7IzkVR20zobPnZZ5/JS0VaWlpITtiHBVP3mn2BOoN6+adOnSor/A54dtMXZ/bs2StXrhy5mbBRGjb3nVFsJgTzHykPNBN68B988IF0F64WDzQTEjP2zYkMujp//fXXozKTgZxQMYb5hYASAzMByqC4mdSYmpdULY/mmiIzaVjuYNceR1unTm+iK2VImJYo9JU73N2LlzRQBVqtNdsWlZspsXiSNjXbOsoX19NqJJpIiRewWnML7c6HFKiO3eGhElOdjepQBVqmyPrfkajwLVcVixc/99wsXvjKK3+lwrlz5zU32xYtEj45kZHKjZnQ9YMWqF9OJXPnzaNQO/5AkBzm97+fRrtLD6FgqOtgrrfz3x4pB//tcQ+hjgXrRrAST2eAPXHqSVAJGzNhv0AqpD5HXPyMGm4mvPfQ7Q/T/wX/kyrtS/8vOoOJHz2eSNEvwWQy08UDZoIgKoXOY7ZWt6yQqwI7MdIbOSaejuhtW72sid7adGplFdh5lU6PshZC4TidXUl16NzISoYyEzontNg7SGPYaoenu8XuZnX44dweYSudQ+gMQ+coNsZC8kALdNIgL2BmUr3MSpXbnV7WFD0v2kp1SLrYA6CaVELp7ArSGUZYFk9f9MDoofJzOFMIOgO3uzrlFjIY0Viss9M71D1dbCp8acwEgIcWmAlQBhXMpIU6u3TpSolXXLoo0mWG+ta0sDznDGxYgC5j1KtmJdT/7vZnL59sE11W+bK0fdaatA7/W92gNzJVLhG+tokuQtTJZteqlxcufPzxx6lk2bKacDgaCAqbeH1mJk6niySkttbESjydXQmxm97udFGmTZtOzdL1W3qgLm+w+OijDf32SAzYby+V04nhzYRV47tzMwlHBKNL5bo4MjMhwWM1yVuY7NG+/D9IGpI39jtJiV0W6SbqrIQj2f8mBEHGFnonUpdaVsjettIToz532qQzAK/Gz6teX8gu9v556H1Np2JqmTvMMGZCJxnSGNYgOwTVoV4+PTb2pwpqhFbpHKLL3a9LJiMdaWGbeIPS9oOhGCuhB+B0ZaWF7cvPb2xrqvBWLjo/O9rdhQ4yJG5PV1xyQ5ds2ISubjATAFQFZgKUQQ0zoYsNu8ixLi+79rQ7vbzvXlnVmCq8elUttUgbkW6S3WZA10tuJryE1Sk2k3AkNmfO3Pnzn2dewW7Tmjlz5gsvvsjrDGomkWhs7rx5VI0NudAFj7sNNbVgwZ9efOkl6jTw4QVKpVF4UuMMuzbTb4+kiy6xpChjNhPeJvdAqZlUVDY0WZ2sAi2zfYNFt1WkCs2kxtQs+aAb4X+NDX8hCDLmFJ+4UrnznnQTLbMxiuplVl7Iz6uRaEI2bEJvfPaWX5Q7hQ5vJuxEQXpD5x9Wh85C/CzR0OigVWqQn5Bpk3R2Cm3id6LKnhEdlJXQA+B/y2AnIqmZUMt0VmFSQc+UnCokmEmHxD6Gw+3uFMxksBu6kjATANQHZgKUQQ0zoYvK0lor/WR3CrFrD/2kKygtsKQKe8+yv7EVmwld86qXNdGlcVRmskj8jlvOywsX0jXp97//fVVVNa8zqJmkBAHw0nLlEiOZDK12dHjKhJmCT7O8/PLClPgXTSYnimhJKmcm9NujWFtc1Pj4zYQty8yEWrDZ3dn/DnHoibcmi9RMxGrNtWYb05LiygiCjDb0Zi8ee+RDnbyEv0Pp3UcnQ3525edVduMrCy2zO6NYpO/xoczE3ioMcdOyu9PP6tDP/FkiFKPjWiSTSfjZhkW6iZUnxHn8gWBUaib8JFNsJmzVsLjO2uwSzCSejETjbc4RjZlEIpEOtycWSwxqJvFETzSOu7kAUBeYCVAGNcwkJf7hrcPTbRWncrJrD13n+L1bLNKLrrFauMoOuoldodkwQkr8Q93IzYRNF+GQY/i6AzNmzPjjHxfwOkOZCRtm+cMf5i9apKdVn0/4MBDZHQJ0+aQOerOtQzrpfzzhvz0yManXsU3sok6/WDardYRmMuiYCf1cbmnjdaStySIzk1g8SXLSuLwNoyUIokjoBOJo65QVsnOa1P/ZmAlfZe/r4vMqi9PlbWh0ULMUWmA3eg1vJqQldMauWtoUj6dYnWAoJjtLSPWDNsnGTGRmQmdFdgmgUzcfmB3eTJLiGYaa5WbS4Rnym0yk+HzdnZ1dQ5lJKWfAA/DQAjMByqCSmaQkHx/Mrz3Un2b3HrC7vKS950AwSpcum93d6vCwGfB8E7tC6wym+oZWt8fPP6uq2EzqGlrbnMLVlJUnRc14/PHH2arT6aLVBQv+ZG91cFehbjerxkgVfmowE5twJNvgs88+K92RFSob/tsz19ul98LRgrPDV2u2dfvD9Itit2fwy/zSGiv1TsKRuNRMSGzot0oKYaoTHqrMTMR2hGmv9NujX6y0NVlkZoIgiOKh0xr7vGB7q6fDLczmYue0aDRJ73eyC1ILZil0WqD3LL1/+V1V7LxKO/IpHJTiTwH2+kLDm4nYlIlNl+d16CxBD4D2rW8UzhJS/aDTO52RSHucLh+fAc82sbMQe/B0FjIszn72V7GZ0JNtWO6gkza11mhpC4n3/dIzZWZC/hAKRfyBoMxDimltpX0jQ5lJTPxKE5gJAKoCMwHKoLiZIJMhUrVDEASZEmFGIfhDzkwikZi9tU0uIoWQYHSTUZGYDDbPhF/XYCYAqArMBCgDzESTgZkgCDLlUmAm5A+xBPkG+YN72Hu6bLZW0oxBzSSeEJrKNg4zAUBNYCZAGWAmmgzMBEGQqZi8nIhfAE8K4Q8EO9yeFnur3EhSKb8/YLO3dnm7SUuoJv/UYPoZS/TIrmgwEwBUBWYClAFmgiAIgkySSM2ETCMmzoP3+fydnV5Hm9Nms1utzU3WZvpJqx3uzq4uXyAYJtOgmkN902K2ZZgJAGoCMwHKADNBEARBJk+kN3Sx2SbkHl6vz9PZ5fZ0Ol0dTmcHOQmtdnZ5SVoi0Vgslhjqy0zyzcJMAFATmAlQBpgJgiAIMnlSMGySu6crHI76ugNen7/L203xertpVZheEo0zLZEOmBS3KTQLMwFATWAmQBlgJgiCIMjkiXQefPaerliCyUkwGO7uDpCT+ANBWo1EY9FYInsf17ADJkKzMBMA1ARmApQBZoIgCIJMqnA54SMnzE8ERclFWCUnEW/iyo6WDD1gIrQJMwFATWAmQBlgJgiCIMhkS4GccD8RFSUb0TFkWgIzAWCigJkAZYCZIAiCIJMtWTMplBN5xHLuJMNoidAgzAQANYGZAGWAmSAIgiCTMzI/GTwj0BKhKZgJAGoCMwHKADNBEARBJnPyfjJEincpDswEAFWBmQBlgJkgCIIgkzzFNjIqLRFagJkAoCYwE6AMMBMEQRBE84GZAKAqMBOgDDATBEEQRPOBmQCgKjAToAwwEwRBEETzgZkAoCrjNZNqg0mnp5jlG0qL02wKystASZGZCTtrZz82vvjz4xEEQRBkCib7RY3ROCUUivh8/o4OT0uLrbHRIu9hAQBGz3jNpMtmM9dbDHqTud46SCwuf1K+y4hIx/0Om560x2Bu6YrLtxYBM5lwBjWTQeQEfoIgCIJM2cBMAFCV8ZoJw9NgFkdOBklth7zyCEjq9OZaV1ZI/NYGaqewghyYSZ6k19DolReqj9xMir7NSu4nCIIgCDLVEiM5iSejJCexRCgc9XUHOtyeFpu9cXmTvIcFABg9yphJJuQodpIxm4nPUmcNFRZ1WJe50vSvbqmzo7FRbzDVdwrF5irBiPRLLFIzqRULrbmRllq9uTfQTiXieq9xibC10tw+gpGYKctEyMkgZjLUt+1CVxAEQZCpGZgJAKqikJlkvMVOMmYzsS01eWRFkXaDxU//6ow2ndHSaHN7YqRD7brFFk9nV5utRV+RNZNkh9VQ0+pxu/jUl1ryEIPZ4XTTctTeWN3k8rjdRqPNI5iOZqlfYiqxnAxpJg+SEwRBEASZKpHe0xUOR7u7A263x2azL4eZAKAESplJpthJxJjrR989thqLb83y6MyCrej0dbzIbMjf4mVhu3S26HNCEmxusEaEBTKTnlw1wUyaR/+ApiTpeFuTLdgrL1YNmZkIH10yfIpO9wiCIAgyyQMzAUBVFDMTo97U4Qv3KDEQMejdXLUd4t1ceisvM0omn7C7ueL2Rp2+IR6LsbAHUyubo9IbqzWaDDXOoBIPdbKS1ldYrN6xffjAGCk2Ex65kyAIgiDI1Iz0nq5wJNbtD7o9nTZb63ILPjUYAAVQ0kzkRWPG31oh3ruVI+moMbWlhCWpmUjHTLLDLMKYifxhyM1EIE3VjPaYvFgrxF3WEmtJZlgzgaIgCIIg2gjMBABVUc5Myk21hR8ZLL3zarRYqoSbwawOd5utlRYM9dmJJ1IzyQQduXkmNuk8E93ixjanu9HcyEqkZtLRUOdw+31ul87QIB+W0QpxV1PptSQzMjNBEARBkCkd6T1dkUjM7w96RDOxwEwAUALFzIT8oWCcI+XWSSZ4AM0jN5NUbzZFp3UEQRAEmaKBmQCgKoqZid/pkpU4HA/JXHMgMKSZQFEQBEEQrQRmAoCqKGYm4CHnwWaCIAiCIFM80tkmkWjcHwh5PF02u8PSBDMBQAFgJkAZRmsm8v0BAACASU9apLe3t6enJ5lMRiIRn8/X3t7e0tIi72EBAEYPzAQoA8wEAACA5imZmdy40b/jvQOurlVdgXVHPz8p31xy9u4/2td3TV4KgNLATIAyyMwkVaQiMBMAAABTndKYycVLV0LxTWe/vyTfMBH0vLrNG1yXTL8TTW4hU5JvBkBRYCZAGYrNhKXYSWAmAAAApiilMZOt2z/68th3ssLLfdc83WtIEvr7b7OSNev3vvrGjk7/2p3vH6StHd7VK1a9xzYFom/t23+URILq37p9h0pOnDxLu1PJxs37afXrk2f/efw0G5ahw1HJ7r2Hv/3uHNud2qStbPlm/+0zZy8mercKwyY/YtgEqAvMBCjDUGYyVOT7AwAAAJOe0phJILJRVkLy0B3ewJa9gXV///jLAdEfWMn6tz44cOifA6JdXLx0ZUBs4crVG2xrV64aY9W6PSQbZCbp199l0sJKaIH0g37+cO4ytSPdhVqgknBiM6sGgHrATIAywEwAAABonokyEyp5d9enbHnl2t09r24bEO+zYiW06dLlq7Rw8PBxUg5WP7tnbvn0mQu+0HpX1yoKMxOqLNudmQkZy717P/HdASglMBOgDDATAAAAmqc0ZhLrefv2nbvSkvGbiad7zbffnbty9QZVHspMdu89/MO5y3xwBoDSAzMBygAzAQAAoHlKYybfnTqfyrxzWfJZWCQPXBg6/WvZ3VzDmwn/KK0u/1pSkRUrd7FVdlPWoGZCvP7mTjbtBIAJAWYClAFmAgAAQPOUxkwGxJuvVq3bwz41+Nz5vgHxc4RlM+CHN5Pdew9LZ8Bv3LyfVv3hDQePnBjGTGI9b7P6AEwIMBOgDDATAAAAmqdkZjJOimeqjBD/WHcEQBFgJkAZYCYAAAA0j4bN5Mcr13fvPbzjvQPyDQCUEJgJUAaYCQAAAM2jYTPZtftgp3/t3bv35BsAKCEwE6AMMBMAAACaZ6qYCQBTlAIz6Ux2IsjYAjMBAACgeWAmAKgKzARRJjATAAAAmgdmAoCqwEwQZTJxZuKpNJr4itVo1pk9tBBsbojHYkJ60rRaq2+gC4rf3WK0R4V66ZBusYVVsHZEqTJvwWnOtZZyLzPUWfz5cr3YMiEeIk37dlkauoRG2EEEKg0mnSHbmnhQRqBiSf5BVhgbfHylw1opVqPKjV3iA44l+UYAphDsrceobA5lMlH9Mofwko74hbdRyOFgb8lYLCN5S9JbJpN7f7GXvvT9qFtSl3sLemiX6rZUbkuosqpO/LegWTCZYf+z8YBbZ2wPFv5H5068aZ2hzuzw0/+meYkpKJ5Xpedetkv+9D4R/+kwEwBUBWaCKJMJNBNrt6tF1A2ioinAzURaiUsC21ordoY4g10gMy3VptqOtLG8hZdTNY94peQ9MCoJsqUclXqrM+lh/sMP6qk3Z9Je/iBpd329ly0bDU3cTKyhbAUApiJFZtJV28FFQlAIZ35F8u5oMGdy7y9dRUtG+n6MtjvTmdybRTQTfSPfK/tWLWwWTGb4/2ytns6ug5x4ZWdUndHBNvFzLzcTSa1SAzMBQFVgJogymUgzCaVISITFtJc698OYSbTTZvYIXSUmA5ziCyRRWd5C10Lyk3x5OlQhjqE8wEwyGb3BkpH0vWoN1J1KZx+kuHuFoYkvw0yANigyk7TOYA7y8cTBzITekpWGrJnQ+8sijn/y9yNbMGbfLIKZtNWK78e011zeADOZcvD/WTrpWSODnHjzQ9Yier01W5g798JMANA8MBNEmUyomWTM5WazJ816LcOYCROGzGBmwu8NcOS6Pjq9iYWNdbBLpqfBHEw/2EwyUecyVzJnJtFcU0IPLCM+wqitUWjV3+rLPRiYCZjqFJmJQG/Ua60x26JyheBvSYd4C1f+Zh6jI/vm9bToc+9B8S0omIngJOI7vbotBTOZctD/rPAfWl4XzQ2AyE68Q5pJ7twLMwFA88BMEGUysWZCXfwKQxPrGA1jJpnOFqGHJN5e5cv9JTcz2JhJ9k+zIrolrbw8I/SlGh9sJsKMF5O5XGjW3yTeDZ8RulDsJnlx91SFxcEqwEyANtAtsWWX0t5l7ZL7uDKxypbwoGZCb0m9MKKYf38lO6yNy4WSZYZGW3YSARtvFM0kk+HvdJjJlEN2Wi4+8Wai7bUduYl2ab9RPF9Lz73stfEwmMm/Vx2/99N9eSkAkw96odLLVV46DmAmiDKZYDPJhAQTEO9E5maS/WtcfgZ8RpiSa/b00L9Jj26JlVVwdseKL5DG3O3shLk8d7cJq2DKTrLPDGsmmaBDnArvrRd3F4ka7UJXK2tQepOuul3cJWsmmAEPpjT1FSZPJB6PeK3LhD9vZ2Jd/lgsGQt7mi3Cm3SQGfBE1LbU1FPwx/KkTpwGplvqjOeK9MJ0r6yZ8Hc6NxPMgJ8qPNhMcjPge3riZmN+Bny2Dp17xdeGdLAl10DpKI2ZbDlwVV4EwGRF2ZcrzARRJhNnJgAAAECJKI2ZAPDQAjNBlAnMBAAAgOaBmQCgKjATRJnATAAAAGgemAkAqgIzQZQJzAQAAIDmgZkAoCowE0SZwEwAAABoHpgJAKoCM0GUCcwEAACA5oGZAKAqMBNEmcBMAAAAaB6YCQCqorCZNLU7nAl5IfIwBGYCAABA88BMAFAVJc1kkd4kfHmc3tQQ6HS2NNBCRVN7cTVEk4GZAAAA0DwwEwBURSEzSTiZk/BUGM3CT0ubvGbJo9PXFRciigdmAgAAQPPATABQFSXMJNJaW1WgJXk/GZuZ+Jpo38XNTmmhQW+qai+qOYLATEoTmAkAAADNM3XNJBDZKC8CYPIxbjPxNUtVRF+hjJkYaxp0enO+JGFfXLe8xGbS3lxfXIgMFZgJAAAAzaMZM+kOb9iwaT9fPfLZyS7/2nd3fSqpAsAEMF4zMRjyHmKotwuFoZa8nBgtLRH5Lg+Or6nK3mI0mHiJu7WhztVUYjOpr84/AOSBgZkAAADQPJoxk0D0rXBic1/fNbb6xur3el7bDjMBE864zEQ6PELh5cbCcktUvuMD4hMlpGN5tUtcDVoXU+PtjcxMWi111GZjh716icnkEyu0N9Za6qotzZYuYbWqwlRlaW5strSIrVFl/TKLzWMXJujXtIiHaFtcb23saGuor2ejOiajScf2clizYzWxDnoWzqDLGaP6Tl1FQ1OH3WTGKMqQgZkAAADQPKU3k74fr126fPXjT7/q9K+l1Q/+97Njx09dvHSlS1wllyCp6H1t++GjX7PlDz/6By3TpjUb9lK1ffuPbt3+0UDOTI5/fWbtxn1sNbNiB9VnR0n0bj11+gIzk0hi85fHvjt/vo8dYuXa3dQ+/fziy29ZZQDUY1xm0hloFfr0OQNZVNNMhZ7u/P1dFZZWe3urfK8HhpkJSYWhgX7WVpoW1dm5mej09fXBbE2doVFYaG80trpzu9t1tTZpa3llam8sHj/RGZs6mZkYrayEltlCVd61BDPxFO6IyDJaM0EQBEGQKZdkkoSkJ5FIUaLReCAQ8ni67HZHU5NV3sNSlGDsrXPn+6QlZBE3+2/Tz69PnuUlfFlKz6vbBkQV8YXWp19/lxXSKnlLIPoWLf/z+OlvvztH/kMt9PffXrN+L6tDkvPNtz+Qk1DNXGMAqMv4zIT16QtHSKQZ8zwTJiHCUIkw991c2yV4Rc5MpIfImkl28IQSbJYdNG8jeTPxVFXXZafEcDPJ+cxgZtJpWmbSlde1CuMnyOCBmSAIgiCaz4SYyWdffPPJgWNs+fSZCyQYrq5VFGYmZBRsk3SZWLVuD6vGzMTtW+PpXvPFP/6PbWVDKOvf+uD6jX76efvOXWYm9JPtxUKqQ2ZCB+LNAqAqipnJUldHvjzhUsRM3PaGOr89+yFdeTOpy3sIi9RMBhkzkZuJPq8c7hGaCYul1sSHaxBZYCYIgiCI5lN6M7l376dQfBNbJn/ggx5r1u8dxkwyK3bcun2HLfMxkytXb8R73r579x5bpZ9MSyKJzbTMzITafHPN+2xHBswElBKlzER+lxSbDTJOM+kUR0jcrJDPM2mqp0KTvaXR3rTILOpEgZkI80yqm4Wt9X7WgtxMqspNte1tTr9DmL4/tJk01piq6VzjcZHtVFuaqX5lham1+NEiYkZrJvJbdwEAAIBJT+nnmYQTm89f+JG0gVmH27fm4qUrRz476QuuH8ZMtm7/6P09h6haLPU2NxO2yRtcJ1v95/HTAzkzGRDnnOzaffCbb3/YvvMTOgTMBJQSpcxEmBAijVJmskgyS4QXOt3WRSQVBpPJ5WKbCkZRQq1sq1WceV9sJh5vdiaMye0axkw6I61UZ5HwgWMug3jrV4VZmEiDDBqYCQAAAM1TejOR3ltFqxs376cFf3jDwSMnhjGT/v7bnu41VO3Dj/8hM5NU5p3rN/r56oqVu2h1QGImN270k67QUSKJzffu/QQzAaVEKTMZPBVN7cW7IJoMzAQAAIDmKb2ZAPBQMV4zQRAWmAkAAADNAzMBQFVgJogygZkAAADQPDATAFQFZoIoE5gJAAAAzQMzAUBVYCaIMoGZAAAA0DwwEwBUBWaCKBOYCQAAAM0DMwFAVWAmiDKBmQAAANA8MBMAVAVmgigTmAkAAADNAzMBQFVgJogygZkAAADQPDATAFQFZoIoE5gJAAAAzVMaM9lyIPtV7gBMfpR9ucJMEGUCMwEAAKB5SmMm/151/N5P9+WlAEw+6IVKL1d56TiAmSDKBGYCAABA85TGTAB4aIGZIMoEZgIAAEDzwEwAUBWYCaJMJrmZ1MwuKyt7RV46Ami3Gr+8EAAwQp6YZy5+A71SViYvyjFr0E3+mlfs8jKgERIe85/n0pl2UXOIl7nMi56gonlmXjL3iYIXRsJdVSZ9TaSj82dNG9UubVXzqfpCs4etWhaUcVhJ8yLhUZU9MS3Uw3cSgJkAoCowE0SZPHxm4hcvYdP4Oruk8bqvPCasLrDmrmn2V1gFRiJXDQAtQW+0aDQa8rSVz58xd9ng75yMQmZC/c6y2TXyUjAVeHHmiw3B7HLZYwss4gkxYVnQEBEWXOXT7FFeV9jyRNm0mrn5F4anau6L9XapZpRNLzi9U4XCXRLyXbxV7Kh0ULN40KpZhS88V3m5O7s4rWyGdAvMBABVgZkgyuRhNZP8xYyt8rq0PP95UhNLVk1EMxH6bM1VtFDuytUDQEPQGy23mKBXv3STlPGbSciy8JlyF8xkijKrbBY/r5Y935DTENf8+mgm1bzgMflr4BVbVPLSIq2YL5yB+Wsi1TzfXKAyVGH4XUKmufa0uJS2Cwctfk3aX+GPUPaahJkAoCoFZiJ97wEwKibMTPw1TAkYc03ixcRv5iU13UJBzkwSYpkw0CGUzJgxLVctu9s84XYABmu+TDQTf/2LVPOZAp8QzOSVx8oqu8Q15yLqJOXaEa6UQgvRBvqZvWSKZsI2lgmPM3/fAgCaQdoXZG80el+Ib4qessdmNDvaahbVuNLZXqD9lWlm8e2Z6a6Z9mJVNEjaLrzRqCBaP//FKrs3Gn3l2TJ/Om8mNXPL7JIBR5jJFKXATKYtcjFJiDSQOfiXzSqbVr5oHr0QnrB48/dRSV9aInnNoF1cIbt47h7hLj2WBXxTlBXOYuf9J5+ZX9HMNlBroVTUtezFV6SvOZgJACoDMwHKMLFmwq5xDc8LspBJ2xeWCYMVVOLS0+VtrjkoesjsGlqZlrvIiK6SvToKu9kz9j8LFyZLSigRdhPlgUrs3aL8zJX1gQQzEa5v1DdKuxZNK6vyCpXZIxFuWX5MGKIRr3XzhaLCu7mkDQGgGXhfkPpz7G4uZib5P1GL0JvB/tcZvMO3UPKOmCEu0/stV+At+2ubYCY24Q8HWZPJATOZcvQkogSZSaVbWBBKvJaFoofYQ54ZS7zimXIWq1w+M//CGFozhJNrVe6FMbJdBjGTPF2V4ihK4onHZrjsNQtnP/Gi2SvdDjMBQFVgJkAZJtZM2KJ4SXuFSmbRla1a6BUJf34TrUPwkGnCAElz7o9fbBSFXZHydXJqkd1N3DRtunClrCq4NmWYmYijIvOF26LLyrxiZba7MJdSVKMZQpPiw5OYySu2ghsPANAM7E0k8MQz7K3GzIRe/rk/kQuwNwP/Q7T0bhm2zN8sAvRO9NdMmy68f3k1BsxkiiIdM8mTsiyw9HiXzOD/rfSy4efKoTUjQ7vwxka4i+QF6RfUtwDvtHJXwrKAjbdnxD9USTfDTABQFZgJUIZJZCZpuzD7vHjMpGyad5nwWSvsjq9iM2HuUDxmMneJh930VfgBLaKZsH2Fzc+wZfFqFxWr5xGsJnc3V0L8CJiClgDQCkV9wayZ+KtnycZMhE2PZQdGpGMmOTPJ/tU8S+5uLtlEZ5jJFGVQM3lluniOlcwzkU44KXppFcwzyU6iH/kuEbNsBjwnYVu4yJlp+2vecKTjMBmYCQAqAzMByjCJzIRI2LkVFM4zycx9TCh0pQcxE2E3UTIYrE2hBbqCptroqln2mHhfVpasmVTOFCo/Iw6plIlmEjULH0aZrSVeZctmVkrnmcx/rPjeMAC0QFFfkM8zSZQ9NsPlDZkrFlmCudnGCXv27kpX+YyXCueZWBdQicXhaW42L3LkzSTTXSX9yC+YiQYwzxNOoU/MmBuVuOvc6U+UPfaESzK6XPTSkmhGJhOyLRJaGc0unmXi2Pay7OzBhfOEEe5ps+aX5z68mJWUPTGtOVjwVymYCQCqAjMByjC5zCSTsYgfRT/r+XK2ys0kWi9oA/WHBjMTIjF3xhN0LSq3ZS9OZfyzuVzltCxMxs2SNRPxTi4mJsxM/GLLeYcRH9U0qZn4TcJj4xUA0AxFfUFuJhmXeaHwTpi3qC2a/xykaWXTFtoEN1nwrNATfWZBTWXu79ML54lfT/HkDHtEYiaFwykwE1B6YCYAqArMBCjDhJkJAAAAUCpgJgCoCswEKAPMBAAAgOaBmQCgKjAToAwwEwAAAJoHZgKAqsBMgDLATAAAAGgemAkAqgIzAcoAMwEAAKB5YCYAqArMBCgDzAQAAIDmmSgzCUQ2vrvrU3npRNPlXysvGjGe7jVfHvtOXgoeemAmQBlgJgAAADRPaczk4OHjRz8/ef5837YdH4fimwZUMJOeV7e9+saOW7fvsFVyjK9Pni2s8mDGZianTl/46af70eSWS5evfnfqvHwzeLiBmQBlgJkAAADQPCUzE+4JrPevhpl4utf879+/YKulNJOVa3fToX3B9fHera6uVfLN4OEGZgKUAWYCAABA85TeTEghbt+5S2ZCXfkvj323b//RNev33rv304B4Q9SZsxffWP0eLdAq7dId3nDs+Knz5/vcPqGE2LB5P+3y6cFjazbszTWfbfbc+b5g7K27d+8NSMyEylkFWqWHQQu9r23/+8dfUpud/rXp19+lhY8++ZIOyvZavW7Pt9+d27r9o53vHxwQD0eFFy9doQfMWqaFUHzTJweO5Y4sQKskWvRopYUADKhkJsmA1+Fw9+S/LRtoH5gJAAAAzVNiM/n6m7P8bq4Nm/azrcwiqM6Jr8/w+iQtVLh3/1FWQv3+S5ev7tp9kNyDlcg0gBnIrdt3wonNA8OaSUSsMCC2ScrBltloiXTMhC3T4fr6rtHCD+cu09FldTivv7mTfh79/ORlsTIAHBXMJOLW6U1CKlvlm4B2gZkAAADQPCUzE1fXKpYzZy8OFN7NxSyCuQcrYRbBXWIgZyYr1+7m7cjum+IG4gutHxjWTHiJ9IhDmYn0cOwBD2omAAyFwmbiNJuZlrSFx9H1DDkqm0N8LdjcoNM3SDYrQshqFPVJbzI2uuUbxwQ1VdshL3x4gJkAAADQPCUzE9msj2IzOXz06+IxE5mZ0E9/ZCMrkcF942b/7XjP29S+zEyowVGZCbujjA7Hx1UYMBMwKhQ2k1pDtrsv3zAqSmUmLU53m7NdbzA5k/LNYwBmAjMBAACgbSaPmZy/8OOWbX+n1bt3761Ytev6jf5iM/nn8dOdQ4gB940BsUF/zkxiqbdZITU+EjPhn+7F7gqjw+147wArkdYEYIQobCaV7D4uvUnsePZWGExmj7zOgymVmQSzy36dsT1csHUscDOxLR2fmE1NYCYAAAA0z+QxE1r4/B//5+palejd+pX4xSDFZkILP/10PxzfRNXWb/og25aI1EyuXL3B2/zoky+p8opV7/3ftz880EwiyS2bt37oDa7zhzfQgQbEw3306VfUQnd4w49XrvOaAIwQRc0k7va3WbKTTMRUWPzyOiNhKDNJh3SGujZxoEOnN7OtusoWS30DFVYvNnk6rAajlZZzgzZp2reivt1D9Q0yt5GYSbRd3+AVlwLGxvZ4wEu7swdAjtHiC8djseoKk1+c0S/cA2Zo8HR6SbqChVP8s2bSm1ymN9EucbG+9AFYxR10ekul2UFPwWw0ObyOepvb0WTR6009tC3t1S2xUuO0tdoeLWh90jNaM0kBAAAAU42kSEIkGo0GAgGPx2O325uamuQ9LADA6FHSTGorTNWOUEdDHTeT6Ng+nivkkOqNGMErorbGxu5si+QMHnGRthptYifea9MZbT6x0LHM5BN2cBoN2eELc7nY9c+TM5PeJCkNa4DTUm3SGdtpwZC7La2nzWKNCAv0SCzMSDwty9pTfBdxU3bMpFZyM5v0AehqhQktOWvKZJIunaFJXEp3NdY5UsITn7r3g43eTBAEQRBkiiWZ7KEkEilKNBoPBEIeT5fd7mhqssp7WACA0aOYmZCWcJEY7506Q4yZ1JdL7pIKOYz2WEbo6Fud2SIP34t2oUJPQ3Y6PkuuGiM7z6TDJ72Nq7d2aUO2vtFB63qJmdiEownDKfkU3qk2qJkU1NdbxRI+ehPKt9BhtYqP3Ww06Sob6x1jGmuaUGAmCIIgiOYDMwFAVZQwk7iba4ne7I6PbZxEyhBmYlvKZ4YIXfn6TuHfYcwkbm8ceoKKdJ5JFj5C4qjJmkkm6WPPy2jpErfEqFy2F2cIM5E/gOHNJEtvQFfeIlmfAsBMEARBEM0HZgKAqihgJtLREgW0JDOkmUTtjfWdxXdzDWkm7G6uIT52axAz0eWMgvZiZhJsafAXDgDp9ObajsGb5GbSWFlwN5es9ojMRHxeBeuTHpgJgiAIovnATABQlfGaiTAjvNLWlU7qxjyrpJghzIToslkFBTKYHYFsh384MxFI11YJ93QZqmQd/UHMpDfgFIZ9lliSbRZmJklXE5cuq1c8YjqefQwVdZ7C2SncTNhIi76RDbPkH4DVw24/G9pMUn5DuXi4igbFfpmlAmaCIAiCaD4wEwBUZbxmkolnv/F9yvWkH0zak51bL1Ixzi9p0TowEwRBEETzgZkAoCrjNpNMpn5po1Jfoz65iLRXt+U/fUuvr5NsA3JgJgiCIIjmAzMBQFUUMBMN09bYyEaEDFWW8X7gmNaBmSAIgiCaD8wEAFWBmQBlgJkgCIIgmg/MBABVgZkAZYCZIAiCIJpPaczkwo/9/bfv3b8vL1eJf686fu+nUh0MaAt65dDrR146DmAmQBlgJgiCIIjmUxozIS2RF6kJtASMB2VfPzAToAwwEwRBEETzKY2ZlGy0BIDJBswEKAPMBEEQBNF8SmMmADy0wEyAMsBMEARBEM0HZgKAqsBMgDLATBAEQRDNB2YCgKrATIAywEwQBEEQzQdmAoCqwEyAMsBMEARBEM0HZgKAqsBMgDLATBAEQRDNB2YCgKrATIAywEwQBEEQzQdmAoCqwEyAMsBMEARBEM0HZgKAqsBMgDLATBAEQRDNZzKYydatWxN0+FTq1q1bvLCvry+dTkejUWnha6+9RhdovgrA5AdmApQBZoIgCIJoPhNuJps2bTp37hxbjsfjbOHs2bMbN27MVxoYuH37Nm3ds2dPZvRmsmrdng7v6oOHj9PyrVt3vIF1Z85ePHb8lNu3hlXo77/t6V7DK2RW7Ni+8xNe4eq1m5HEZtrl1Td2UDXe7I73DlCFS5ev0nJ3eMMnB46x8AoADMBMgFLATBAEQRDNZ8LNJJ1O82WykZs3b9LCtm3buK4w7t279/nnn7/99tuZUZrJ5b5rgchGshEmHsSNG/1sIZZ6m1XoeW37B3/7jFdgssErED/9dJ9+3rp9J/36u7fv3GWF1OyWbX9nlf2RAo8CgAMzAcoAM0EQBEE0nwk3k56eHr68d+/eb0WSyeTBgwej0ei6deskdQc2b96cGaWZMLr8a7l4cJLpd/jy1yfPDl+BuHL1Rrwn6yrkJNdv9NMuzEyCsbekNQHgwEyAMsBMEARBEM1nws3k6NGjb7755qFDh/bs2bNixQrSks8//5ychA2enDt3bsuWLbyygmZy/nzfmg17+WqxmUgr0FZX16oVq3adv/Ajrfb9eO3dnZ/QAjcTtvDZF9+4faslbQAAMwEKATNBEARBNJ8JNxOChCQWi61cufK9997r6+tjZsK3vvHGG9evX2fLSpnJ5b5rqcw713O3dQ0MZibSCnfv3rt46crKtbuZeGzYvJ9t4mbC2bLt76dOX5CWgIccmAlQBpgJgiAIovlMBjPhJJNJ+nnhwgU++eTOnTurV6/u788agiJmcvXazZ5Xt9FPaQWZmRRXYFAdNn4ijVROPvvimxNfn5HsAR52YCZAGWAmCIIgiOYz4WZy6dKlI0eOHDp0iLTku+++Y4UXL16kVSpPJBKXL1/mlcdvJtdv9Es/R+vipSusAjcTqtDz2vZ9f/uMVzj5zfd79h0h/VizYa/sZi02ZnKz//bmrf/L7uaSfngXAAMwE6AUMBMEQRBE85lwMzl9+nQ0Go3FYh988IG0fNu2bVS+fft2aeH4zUQ24sHHSbiZ0AJVlla4eu2mP7yBlpPpdw4dOSFtlpnJvXs/hWKbqAJpyanT56UVAICZAGWAmSAIgiCaz4SbCQDaBmYClAFmgiAIgmg+MBMAVAVmApQBZoIgCIJoPjATAFQFZgKUAWaCIAiCaD4wEwBUBWYClAFmgiAIgmg+MBMAVAVmApQBZoIgCIJoPjATAFQFZgKUAWaCIAiCaD4wEwBUBWYClAFmgiAIgmg+MBMAVGXsZtJRb9LpRxr5zkBzwEwQBEEQzQdmAoCqjN1MnGZBOfQN3nxROtXmdHf4YpI65rGYSchhMLdTU222Vto3Kd+sPMsMpgprQF46NUl2tMiLSgLMBEEQBNF8SmMm/bfvyYvU5N5P9+VFAIwYZV8/4zOTioZoOl9SvyQ7QtLFZSIdddY3jsFMKptDbJHcxuIv3KocOrNHXqQBkl5Do0QXSwXMBEEQBNF8SmMmF37slxepyZYDV+VFAIwYZV8/4zKT2g7JerdNV95EVmE1kpw0SjZkxmMmmaCjsiVM/1KzmXgXNcVkIult1xsENYrn1EhnsHY1WwwGk36JhVaXLTHrDOaKWkd2c9JnKBesKVvibzdW5u80q9WbckdMG43COI9+cWOvuB5sbtAZ21vMgl8ta/axxuJd7cK+5ea2MKs1yZgIOYGZIAiCIJpPacyEuHil//tLN85eLEXePXLt3xZ99a86BBl16JVDrx/5y3ccKGYm4ZYG6qyHs2ZSoCLjMZOorbG+U1igZmsrTC1Od1ws1+uFZUeTRWd0BEU50ektlWaHw+k2G00Or6PeJmylaj1ifdqXStqc7urFJivt0JuMx1y6Wlc8Jtx7xs2EPKTC5KBqLfUNenFERTATMhyzUMifCDXb5vS22VptUVYw6ahfYiqxnMBMEARBEM2nZGYCwMOJYmaS8Vh15ZaeTCrocej0dZINYzETNppBqax3szIyk/xdXZ0ttR3ZsRJBhJY6MwVHCelqXGypp81iFYzDK71xKzek4+GF3Ex0+gZerdYgNCiYSa6QloUjiWYS7JHcxzYZScfbmmzB0g3pwEwQBEEQzQdmAoCqjMtMDEtbpSWVhqxOCIMSWXrDbkEzpNUejPRurhzC3Vw54vZG0TcEhOku5S2ZAqkI5T2kwyrUjDmlDer0ZvHfQc3EyqvREeNZM8kWcjMRljuFG7o8JZiePxbS+gqL1VvSBwczQRAEQTQfmAkAqjIuMxHGNFokChH3VRobay3Z8YpMtlsvv7nrwTzITIYYMxnaTMY7ZjKImRC9AUfBR5NNGuIua4m1JAMzQRAEQR6CwEwAUJXxmskII995eB5oJpmMwWBqcXodzU2SeSbDmEnGvFiYZ+Lx+Zct4UM6KZ2hLhwR7hHLzzNpaawwOXyd7pbGxvw8kyIzqaxp9cdiLfUNZk+KbZo8xF1NpdeSDMwEQRAEeQgCMwFAVcZuJgBIgZkgCIIgmg/MBABVgZkAZYCZIAiCIJoPzAQAVYGZAGWAmSAIgiCaD8wEAFWBmQBlgJkgCIIgmg/MBABVgZkAZYCZIAiCIJoPzAQAVYGZAGWAmSAIgiCaD8wEAFWBmQBlgJkgCIIgmg/MBABVgZkAZYCZIAiCIJoPzAQAVYGZAGWAmSAIgiCaD8wEAFWBmQBlgJkgCIIgmg/MBABVgZkAZYCZIAiCIJoPzAQAVYGZAGWAmSAIgiCaT2nM5Kef7ofjm1xdq3zB9d98+4N8s5p0+dfScbsC695Y/R4r6Xl1W2GV8eL2reHLX588e/DwccnGEXHp8tV3d30qLx0ZV65c37X7oLwUTBpgJkAZYCYIgiCI5lMaM9nx3oE1G/Z+cuDY9p2ffPXPU/LNCvHDucuJ3q2yQjKTi5euvL/nUCCy8fjXZwZUMBMyn74fr7HlEpvJV8e+u9l/m45ILRw7rtYvFowHmAlQBpgJgiAIovmUxkzICqSr0o44LdCqUCf61r79R6mXv3X7R7du35GWeIPrWAlBekMl3EDIBE6cPOsLrf/b37/o8K6mTRTqrLOtA6KZ8OVIYvOAaCa0O1WWakxmxQ7acffew2yVDv3hx/+gkrUb9129dpMVsmGf1ev38L0Y6zd9wI/CzYQ/L/5kV67dTY5Ex935/sG7d++tWLXL7VtzuU9QGqqzbcfH9CzomdLTZ03Rg6HDdfrX9otPh36H1HI4sZlXIMiI9u4/Sk+EWpA+azB5gJkAZYCZIAiCIJpPacyEus68fz8wlJlENr76xo7z5/uov04+IC2hvjgroT69p3vNmbMX31j9HinKgGgCm97+3/f3HKJO/5Ztf/eHN7DWOMVmQn39D/72GdWPpracv/AjlZz85nsyEzoQVSZnGBAPTY+Z6lDJmvV7qWTPB0foYVAd2uv6jX7e5oCoHKnMO6xweDOhUAv0AHbtPrh73+GPPvmSnsi9ez9RHV9w/bHjp8jE6IhUMpAb7fn04LE1G4QHQA9p89YPSWBOnb4gPXoovok9LzA5gZkAZYCZIAiCIJpPacyEWL1+DynH62/uHBjaTFgJ9bx9ofXSEoKVUJ/+hHhHFlseEE1A2pRscGYgZyYkMyQ57G4u3o9nD4N+8r0EvXnnwwHJoUkzWAve4DpWcu3aTeYqHPINVoEMZ3gzuXLlOtvkz7VPjdMuVGfDpv2s5Idzl/fuP0rq0icOpxDd4Q0D4kNatU4+XNPff5tao5r/+Opb2SYwSYCZAGWAmSAIgiCaT8nMhHHufN+KlbuGNxOuClLN4CV8SIQJg3Rex1BmQrtcu54fseHzTNjDoBb4uMrN/ttMM4rNhI3GsEhbG8iZCdX0dK8hrxjGTNgNV9LHyc2E/0LYMlU++/0lfsQB8SHxOmAKATMBygAzQRAEQTSfEpvJgCgG0o74lnc+lJnJMGMmXYF1xWMmDzQTWYnMTPr6rgVjb7GSYcZM6NCspBhmJvfu/bR2474vj30nMxNylZGYCR+Hoae/d/9RqkMPhpUwYCZTFJgJUAaYCYIgCKL5lMZMSAY+OXCMEk1tYbdUUY983/6jx46fCsU2cTNJ9G6VzTNhJXyeCbXA5pmsXreHzzPhZvLFl9/SVurQs3kajAeaCS3QIeI9b8vmmbA63Ez+9vcvXn1jx+GjX3/40T+Ofn4y25YIMxOG27eaPZ7vTp1nc1dIe0ZiJvR7IKvZvfdwV26eCTVFz4h+XStW7hqAmUxZYCZAGWAmCIIgiOZTGjMZCcXDHcUlAEw5YCZAGWAmCIIgiOYDMwFAVWAmQBlgJgiCIIjmAzMBQFVgJkAZYCYIgiCI5jN5zAQATQIzAcoAM0EQBEE0H5gJAKoCMwHKADNBEARBNB+YCQCqAjMBygAzQRAEQTQfmAkAqgIzAcoAM0EQBEE0H5gJAKoCMwHKADNBEARBNB+YCQCqAjMBygAzQRAEQTQfmAkAqgIzAcoAM0EQBEE0n5KZycUr/d9funH2Yiny7pFr/7boq3/VIcioQ68cev3IX77jAGYClAFmgiAIgmg+pTGTCz/2y4vUZMuBq/IiAEaMsq8fVcxkaU2TPxCWlwJNAzNBEARBNJ/SmEn/7XvyIjW599N9eREAI0bZ148qZqLTm2pNLfJSoGlgJgiCIIjmUxozAeChRWEzWVbbXGlslJeChwCYCYIgCKL5wEwAUBUlzcTXHdLpTRS7wy3fNgqyjfDUdshrgEkIzARBEATRfGAmAKiKYmbidHmZSBgW13GpkFcaDcHmBqe8DExeYCYIgiCI5gMzAUBVFDMTpiLVy5oCwciSqkaYycMGzARBEATRfGAmAKjKeM2kt7c3nU5ncmYivY+LymlrvuookZmJXm9yuL2WGnNtR5KVVFQ2egKx+io6boOw3mFtbGqsNDvanO06Q1NlZWOb0+1osuhqhYdUX2Fqcbo9nd7GGrEyUBqYCYIgCKL5wEwAUJVxmYl0Nkg4EuvyBoRpIeKnckk3jW3aSYGZdLbUd2YXyUOsEb6B8NSywZkOq9mTLbIYTT25zcxbyEzaQqlcGVAemAmCIAii+cBMAFCVsZtJJBon6zBWL680CvduVVQKAsDMpKenlxaonLbSgqGiTr7zCJCaSdyevT1MTIM1JBS2WZr0BsmElg4rKyesxvyNZNkRlYhbqFnZGB37KA4YDpgJgiAIovnATABQlbGbSfWypkXlZrbsD4SZHjAzaWhszdpCJkNvYL48KmRjJrUdwj1jHJ+lriUqLqVc1SMxkxwWoyk3sgKUBGaCIAiCaD4wEwBUZexmUtdg58phdwgjEpmcmTRZ2/kmry+ogJlkMgaDqd7mbnO2VyxtD2YyPR1W/bLWsK9LV1FXUf5gMzFWWTyBWDzgrTDkb/QCCgIzQRAEQTSfCTeTU6dOpVKpPXv2bN68ec2aNbw8mUzu3LnzyJEjd+7cYSXUsYvH43SB5nVGyN279zq8qw8ePs5Ltu34mEokVQR6Xtt+6fJVWrh1+044vokqfHXsO7bprS1/c3Wtiqa2fP6P/+P1r9/o57t0hzdQBRZeAYCB8ZhJh9unE+eQWJud/JYqVuLp9NMClTNjUcRMesNu4d4tg7m+LSSqRW9lubDaFU86ah5sJjZz9n6wZU1dfBNQEJgJgiAIovlMuJls2rTp3LlzbJnEgy2cPXt248aN+UoDA7dv36atJDCZ0ZvJqnV7pGbS33/b072m2EzcvjWkGbdu3cms2LF95yfHjp+iEiq/eu1mJLH5zNmLr76xg3bk9Xe8d4DtMiCayScHjrHwCgAMjMdMMrlhk0Hdo9Hi4JsSSUw91z4wEwRBEETzmXAzSSaTfHnfvn0XLly4evXq66+/LqmSZ/PmzZlRmsmVqzfOfn+py7+Wm8nqdXu+PnmWSqTVUpl3qALTDM7Ktbtv9t8etOT6jf4t2/7OdwlECjwKAM64zAQADswEQRAE0Xwm3ExWrlx57do1tvzaa699++23n3/+eTQaffXVV8+cOUM/v/sue0vVwJjMhCE1E0JmJl8e++74idPFZiKzl1ff2MENpDu8gX7yXdy+NexWro8+/Uq6CwAwE6AMMBMEQRBE85lwMzl69Oibb7556NChPXv2rFixgpvJzZs3aeu5c+e2bNnCK6thJn0/XoskNg9ININx/nzfmg17eX2yjhWrdp2/8CPb5d2dn0h3YQufffGN2ye/SQw85MBMgDLATBAEQRDNZ8LNRMq6devu3Llz7NgxPuGEoCtyX18fW1bDTLrDG45/fWag0EyuXrvZ8+o2Xp9DQnLq9AU2YDJQJDMD4vAL+Ym0BDzkwEyAMsBMEARBEM1nUpkJm3Ny4cKFdDrNSkhUVq9e3d/fz1bVMBP+mVoszDRIS0hOeH0ONcLGT4p3YZCWnBA9BwAGzAQoA8wEQRAE0Xwm3EwuXbp05MiRQ4cOkZbwKSUXL16kVSpPJBKXL1/mldUwEw4bAGGfBbzvb5+xD9q6eOnKyW++37PvCG1as2Gv7GYttsvN/tubt/4vu5tL+uFdAAzATIBSwEwQBEEQzWfCzQQAbQMzAcoAM0EQBEE0H5gJAKoCMwHKADNBEARBNB+YCQCqAjMBygAzQRAEQTQfmAkAqgIzAcoAM0EQBEE0H5gJAKoCMwHKADNBEARBNB+YCQCqAjMBygAzQRAEQTQfmAkAqgIzAcoAM0EQBEE0H5gJAKoCMwHKADNBEARBNB+YCQCqAjMBygAzQRAEQTSf0pjJ/fvyEgAeEmAmQBlgJgiCIIjmUxozufBjv7xITbYcuCovAmDEKPv6gZkAZYCZIAiCIJpPacyEuHil//tLN85eLEXePXLt3xZ99a86BBl16JVDrx/5y3ccwEyAMsBMEARBEM2nZGYCwMMJzAQoA8wEQRAE0XxgJgCoCswEKAPMBEEQBNF8YCYAqArMBCgDzARBEATRfGAmAKgKzAQoA8wEQRAE0XxgJgCoCswEKAPMBEEQBNF8YCYAqArMBCgDzARBEATRfGAmAKgKzAQoA8wEQRAE0XxgJgCoCswEKAPMBEEQBNF8YCYAqArMBCgDzARBEATRfGAmAKgKzAQoA8wEQRAE0XxgJgCoCswEKAPMBEEQBNF8YCYAqIqyZpLU6036ZQ55MXgIgJkgCIIgmg/MBABVUcxM4l2tOkOjuOTT6U3xtLwC0DYwEwRBEETzgZkAoCoKmUk6TjbSlcyudTU16qpaCyoArQMzQRAEQTQfmAkAqjJ+M0lXGEy6Cou8uDcwnpGT+qUNemrWYDY3e+TbwKQEZoIgCIJoPjATAFRlvGbirK8z1LT7e+XlhN9m0S2xOiOjt5OgQ7e40dzsarO16pfY5FvBsCQ7WuRFJQFmgiAIgmg+MJMxk0y/s2LlLnkpAIWM10ziyV6d3uqUFws4zaZgbzLeM2ozsRpNQXlZRmfExPqRUr/EJC9SH5gJgiAIovmUzEx8ofWd/rWfHDi2470DRz8/Kd88BInerfKiISiu+fXJs66uVXx15drdN/tvS7aPnVu371y/0U8Nvrvr0ytXb9CqvAYAOcZrJsRwZiIvGxE9HqtuibUtlMqup1PxmE9ntMVjsYwwJmDV600tTrejycJ1Radv0i1ubHO2O/1UP6QzNHg6vcJtZg+rz5CcGBq98lI1gZkgCIIgmk9pzGTr9o++PPadrPBy3zVP9xpvcF1/ThjWrN+byrzT4V3NNGPtxn2kFpSeV7fR6qtv7KBl2oXVv3v3nj+8gUpiqbdlNRlkJoeOnFi1bg9b5WZCJVTT7VtDD4BWA9G3Dh/9OhTbFE5splX6SVt3vn+Q7bVmw146Im3NNprj0uWrXYF1tC8tyDYBIEVJM2lzurPxhDLjMJPs3BW9qd7hz5WEuGOYy026GhdbJkVhC1TZmZt/H7U3WoLiQI2nhVd46Eh6SzxyAjNBEARBNJ/SmAkJg2xg4eKlK+QARz47uf/Dz3te2379Rj8VUl9/977D5DDR1JbzF368cvUGuQd1/WlhQJQE2mvf/qPkOQOit2zYtP/gkRO0KqvJIDOhkFewVW4mb655n2p+evDYG6vfo9VAZCO1c+z4KSr/4G+f0UM6f76P7Ig29f14jR4JPR46xCcHjvGWCXrAZDi9r20nQZKWAyBDSTOhhWyJaBHjMJP/396ZNTeRLQja/+BG3I6Onol+vg/zONFv8zbRD/M0MS8d3Q8T86gr4TKqgrKErDbCpgy2LGzj3cKLVCzFvhfFWgVUcVmKgoLiUsBlqcta7MaY1ZvmZKaUTp+0wSgzhXT8ffGFK3UylUouqejzdWaaLP0dDdnfRGwpE5+/KqaFj4b4COMBeTGYHUqnI/O0qjE1x+cUyYaY3/5rCbyEMkFEROUtTJmI2b80IlpFlIC5bDyw0aVftcjoVyT2H/opM90bM/r24mfr1FX2LY0yuXX7oWiYzHR3cxlvMcpELIi15iEZG4tkMjdubttiLgsOHz03NjYucuvU6UvWcQCJoi4TwWfZtJgsE78/VBnPPrsSC4aS+oK1TGoXuPC5JY3Iklhz7hJSoaBMEBFReQtTJj39X78dGbWOiB4w2iOjZ4ARG+a9WPYyOX3mysYtR4xLItLGBjOViVgYWL1v8Nnw7m9OiNi4ev1ueu0B8XJ8fMIsE+OzxFpxJMZ7jTIRq8SRGA7qt34BfCjFXiY+f1j/b59ZJpHykG9B9sEWy91ck2XSvTRaGS/0vLyYSBX4aokBZYKIiMpbmDLZtvOYEQkm/av32a+ZvKNMRE6Y94N90DUTsXDjt9937z0pdihiQxyJ2RjvLRMpfgDyoBjLpD4aNW7E8gejZmHUR6rESKe+PNDZqP1rJ+VV3bnf+2UtE0FTbUzbQ/miivDcewK+t00eKQiUCSIiKm9hykSgPezetuX0mSs//OXC7TsPX7x8LeLkp7NXTv54yXzOxF4m4l2Pnwz9fv/pnn2nvjvy8/kLN3r6vjY227Tt6O5vTvx2876oDuuW5ieaZSLoS3/T0LRBxIb4uJ1fH79y9bZInfeWydDzl+KYDx0++8tfb2zaejS7X4APwYUymXzw3Wa/vC0oC2WCiIjKW7AyAZibuFAmAGnKBBER54CUCYCnUCbgDpQJIiIqL2UC4CmUCbgDZYKIiMpLmQB4CmUC7kCZICKi8lImAJ5CmYA7UCaIiKi8lAmAp1Am4A6UCSIiKi9lAuAplAm4A2WCiIjKS5kAeAplAu5AmSAiovJSJgCeQpmAO1AmiIiovJQJgKdQJuAOlAkiIiovZQLgKZQJuANlgoiIyluYMvnTp1fHxifkUYDiQ5yo4nSVRx1AmYA7UCaIiKi8hSmT3Weey0MAxYq7pytlAu5AmSAiovIWpkwA5iyUCbgDZYKIiMpLmQB4CmUC7kCZICKi8lImAJ5CmYA7UCaIiKi8lAmAp1Am4A6UCSIiKi9lAuAplAm4A2WCiIjKS5kAeAplAu5AmSAiovJSJgCeQpmAO1AmiIiovJQJgKdQJuAOlAkiIiovZQLgKZQJuANlgoiIylvSZdL/5d5Xr9/KowDFBGUC7kCZICKi8ha+TNq6tjc0bTCVV38IlAkUP5QJuANlgoiIylv4MjG5eu3O/oOn5dEPgTKB4ocyAXegTBARUXk/Vpm8ePm6f/U+8VMsHz95sWvVroamDadOXxIv128+LFy74dCqgT1i4engsLE8OjomNos3b2zt3GbsxCyTptbNln0DFBGUCbgDZYKIiMr7scqkuX3L7r0npcG27h0ZvUzMu7zEsv26yuMnQ/sP/ZTJlUli5SZpA4DigTIBd6BMEBFReT9KmRz87uyFi7+ZL38+f6039Y352ImoEZEcxiqxbN6vNT4+ITZratsiNjPKZEXrZpEl935/ktsTQNFBmYA7UCaIiKi8H6VMWjq2msujo2NNrZsPHz0nCsQIkpnKZNO2o2Kzhw8HxYhRJo0tm44e+6V/9b7czgCKDsoE3IEyQURE5S18mRz54fzZc1fNl9dv3Dtx6ldjubFlY2bmMjEfJjl/4Yb1bq5Tpy9Zr8AAFBWulcnK1o7FseU+f2jB54vrG5rk1aA6lAkiIipv4cvE+iuDjdu3+tLfxJs3ip+bth7NzFwmd+89FpsJb995aC0TsdDes2N0dMzYDKCocK1MRJNYjS2pl7cApaFMEBFReQtfJgBzChfKxEiRxIpW62BFMCoGrSOgNpQJIiIqL2UC4ClOy0QEyWcLF8ujOmJcypXZE1lQ5Q+EfIFweElCXgdFCWWCiIjKS5kAeIrTMqn4NNrW3iWP6ohxsba/f0Be8V7a63yfRMNLGpbVfuGfXyuvhXfSG6+RhwoCZYKIiMpLmQB4itMy8flDK5rajBu6zMHKUI05Xrs0btl8VsSCoXZ5zENqF6h211lk/kf4E1EmiIiovJQJgKe4UCZV0S+mLRNj/PPQEsvms6Lu81AiJY0lfOHsbV2V/lDFkg59IdxaF9M+OhBu6tXXxWO+eTV1Ye0Rl8raFvPNNfpIeWVdU9LYbyKyIj3Qpv0msWSr9lM6/pKntzkQbZYHPYYyQURE5aVMADzFaZnU1MaNDrGXiX181qTKA9obI3XmYyrTlslkwPiNT4lroZJ9Q1W4pltfiITrjG5JNUfKQ8aYzx+ujBuj2n6MBaXobS7wlRPKBBERlZcyAfAUp2Ui6OpKfrqg2log/7l4mXgpxvMtkyz9HQ2+QFRfnL5MzC3rw/oNYFqZVOXGEsZmQesBxGORFZOrDJQsk2RDzF9eLY96CWWCiIjKS5kAeIoLZSLo7x9YWtdoHTF+K5fDMhEEsm9/X5mEbGWSapzDZZISWRJrzl4UKgyUCSIiKi9lAuAp7pTJTDgvE58/rP+3w/fZcn0h5bOUSX1fdjPr3Vz9+kh9KHc3V1W4Vl+w3s1lLZNohaMjLD60LJHHvIcyQURE5S1MmYyNT8hDAMWKu6erm2Wy4PPF1hTp6tbu5srjCfj6qPbAutAfjJr/b/+mJdoNY+WVdbHgZJk01dqegPdXGc+7W5+AX6bvsLzyi3hX9gl4a5mke1ucF1QR0dsmjxQEygQREZW3MGXyp0+vujvbA/AIcaKK01UedYCbZWI+8m413jhZCO4yzV1YU54zgYJCmSAiovIWpkz2nx/+pz9f/kcfYrErTlRxuspnsAPcLJMCQ5kUFZQJIiIqb2HKBGDOQpmAO1AmiIiovJQJgKeUcJlAUUGZICKi8lImAJ5CmYA7UCaIiKi8lAmAp1Am4A6UCSIiKi9lAuAplAm4A2WCiIjKS5kAeAplAu5AmSAiovJSJgCeQpmAO1AmiIiovJQJgKdQJuAOlAkiIiovZQLgKZQJuANlgoiIykuZAHgKZQLuQJkgIqLyUiYAnkKZgDtQJoiIqLyUCYCnUCbgDpQJIiIqL2UC4CmUCbgDZYKIiMpLmQB4CmUC7kCZICKi8lImAJ5CmYA7UCaIiKi8lAmAp1Am4A6UCSIiKm9hyuTsuasNTRsM+7/cK69+J3fuPmrt3CYW9h/66cnT59LaCxd/++3mfWkQoHigTMAdKBNERFTegpXJ9Rv35NEPRCqT9ZsPJ1ZuEp2THNgjgseyIUARQZmAO1AmiIiovB+rTDZtPfr4yVC8eePB784+HRxeu+FQY8smsSBWXbtx78t1B0RsbN91TLwUb2xq3ZyxlcnbkdGHj56t3fDtrj0nBvU3AhQhlAm4A2WCiIjK+7HKZEXr5ktXbomFrTt+OPPz34zB1q7t1m02bDny6vXbmcpE0N6zQ7w9tWa/iBzrOEDxQJmAO1AmiIiovAUrE9EVp89cERoV0f/lXlEdmam9YRTInbuPRJMYD6W8u0wAih/KBNyBMkFEROUtWJlI10zeUSaJlZs2bjky9PylWEWZQKlDmYA7UCaIiKi8xVYmYnDt+kNjY+PiZeeqXZQJlDqUCbgDZYKIiMpbsDIx7+a6eOlmZuYyET8bWzZ9d+Tn8xdutLRvpUyg1KFMwB0oE0REVN7ClAnAnIUyAXegTBARUXkpEwBPoUzAHSgTRERUXsoEwFMoE3AHygQREZWXMgHwFMoE3IEyQURE5aVMADyFMgF3oEwQEVF5KRMAT/GyTLpaBuQhUBbKBBERlZcyAfAUr8qkLhT2fRqtWNIhr/Aenz8mD4H3UCaIiKi8lAmAp3hSJvHF1b5AeCCdyLNMOup8/lCwtts6Vu4PVcatAzPyQWUSKQ8l5THIB8oEERGVlzIB8BSnZRIIhERFTHHeopZu4zau/MtkYWixz79ociTVHIzUuFYmiZp2eUghepsD0WZ50HsoE0REVF7KBMBTHJZJ89QsiXYm+yxrE4Hw8qaulGVkdnTUVS5rXBgImQP9yxfXJOrcKpNEVVjlMkmnI/Mn/6crGJQJIiIqb2HKZP/54X/68+V/9CEWu+JEFaerfAY7wGGZJKaWiZQE+try2qmDs6BDj5AVNeGEXjXdy4P+UDoeM8pEVIo/GGvp6lz4Sahe76D2JVWxcDha25jo0V4ah1FZHmo1rtz0JnyfVCdWNAUCIX84kU71RYOhpp6eZI+2dSxoTOI7xII/ULWsvjE8P1Tdqo+lmn3BGrFZa33MH27Qh0oGEScFvnJCmSAiovIWpkx2n3kuDwEUK+6erg7LxKu7uYwI8QUWi5/V80P+SLNZJvbNRJlkW0JHlInIkvre7MvIvNwFhI66Cr+2LCLEvGZiLZPO3HY+ETD6butzm/n8VbnFUiGVXLa4tr1wvx2NMkFEROUtTJkAzFmclklan9wbTdI5MNBSXxdesEgsNyVTzstEu1SiPfu+SAsPs0ySLTXRar9eRGaZmAmR1ipCOwDzZXBqOKVnLpPcWLZMkkujsdzh++bV5NaWBsmGmL+8Wh71EsoEERGVlzIB8BQXyqQyO+mfclXB0W8NzpVJ/7Lqmq7m7C/pypZJn4gE4yav9MraGcoklk53+8qzt5ZNXjPJMcsyEXw2T/+jlUcLd+nBDUSWxJpz14wKBWWCiIjKS5kAeIoLZZKoCpuXI6aQ97+0mCuTdDoldttvLOaumYiR8khD64oG3/xFM5dJujcey3ZRb8IXCC+rb6ypXhycHxUDrYsXfbY40drT1v+eMmkKVLXkBkuGZMPiwmdJmjJBRMQ5IGUC4CkulEl6RY1fL5N67Q4uN5gsk7TfDJ5cmcSro9rDLYFw50DrO8pEr5pF0ZXaIS2LRsXh+T+pCkb1B9lT3cbNYJ3vKROtiwz9n9bk1hY9vW3ySEGgTBARUXkpEwBPcaNMBAOd0WidW2FSJFT4w5MvGhabz5zAtFAmiIiovJQJgKe4VCYqEi4P1axoS/b0dLY0TXOvGkyFMkFEROWlTAA8hTKZmWRLwHgCfl64pikpr4WpUCaIiKi8lAmAp1Am4A6UCSIiKi9lAuAplAm4A2WCiIjKS5kAeAplAu5AmSAiovKWdJn0f7n31eu38mjB2bXnuDiM6zfuNbVultfBnIcyAXegTBARUXkLXybnfrl++swV4Y8/XXY4lbeXye07jzp6dj58OPj4yZDYf+eqXda1nkKZwLRQJuAOlAkiIipv4cvE5Oq1O/sPnpZHPwSpTH67eb+lY+vo6Jg5smffKZEo5ktPoUxgWigTcAfKBBERlfdjlcmBb8+syM3jN207Kl7evffYGFm/+fCX6w6Inxcv3RQ/B1bvM5bfvB0xNhPb/+3qnUyuTE6fuXLwu7PiZdeqXQ8fPRObNbdvaWzZtGpgjxhM9n8t+mRwcNj4rOa2LeJnYuWm3XtPipIRC+b44aPnLl25Jd5747ffxYj43JM/XhKD4qhSa/Y/fDgoVq3b+K1xwMZhmAc87d1cm7d/v23nMXF4g8+0TxefJd4l9iBGMnrJbN917OatB+IwxEGu/uqg8b+A8UcDZaBMwB0oE0REVN6PUiZiHi/m4kPPX0rjojQy+kS/rXuHMSKW7Rc9xNv3H/opo2//lxN/FQFgDJ449atYWNm5Tfy8dv1ul34rV3fv7rGx8bXrD4mfQ0MvRKWcPXdVrDV2JZZFjYiFlo6txohoCeONxk+B+CzjGMTG1vYQn2ge8LRl0tq13Vy2fqjID/GhYvujx34xRtpyW4odir0Zy6AGlAm4A2WCiIjK+1HK5OB3Zy9c/M18+fP5a72pbxqaNggz+kTfmPEby+b9WuPjE2KzprYtYjOjTMQUP7Fy073fn4hlUR1i9p/JzfLFsrHQ1bs7o4fHzVsPzl+48berd8R7nzx9buxT5IH1XRm9Q4xl8xjM7c0yEQdsHIZ5wNOWibmHjGUnArGZ2JX50RnKRGkoE3AHygQREZW38GXy5u2IeTkioz+zfvjoOWO5vUe7VDJTmZiXNQYHh81rJmKtcWnCvGYidv58+FVP/9cdPTtv33l4/OTFjP7AyaqBPcalmHO/XLdfMzHu8spYrpnMVCbmAYvDMA942jKxXjOxfqh5zYQymQtQJuAOlAkiIipv4ctkZee2kz9eMn49l/DFy9difn/x0k3jiY7MzGUi0kJs9vDhoEgUa5mMjo51JHeKlyI8jOsndowbuoynRDL6Ix+bt39/89YD8zmTxpZN3+w/ZX3OZKYyMQ7YOIxpnzPpX73PuCK0advR3d+c+OWvN0QgGR96997jjVuOmM+ZUCZzAcoE3IEyQURE5S18mRg3QZmKkb70N/HmjeLnpq1HMzOXiZjWi82EYqJvLZOMfrFF9MnaDYfEToyN7Zw49ev5CzeM5b/++veuVbvEri7rF0wyehuk1x4wdm6MzFQmmdwBiy3NA7aWiWie23ceZfSrQ62d28SWDx4OZvQPFX9e47n8DGUyZ6BMwB0oE0REVN7Cl4mnjI9PpNbsFwHQ0r7VvEIiePjoWUePdl1lJsw2AHAXygTcgTJBRETlVaxMpuXR42d96b3GHV8zQZmAR1Am4A6UCSIiKu9cKBOAjwhlAu5AmSAiovJSJgCeQpmAO1AmiIiovJQJgKdQJuAOlAkiIiovZQLgKZQJuANlgoiIykuZAHgKZQLuQJkgIqLyUiYAnkKZgDtQJoiIqLyUCYCnUCbgDpQJIiIqb2HKZPcZ7d9QBygJ3D1dKRNwB8oEERGVtzBl8qdPr46NT8ijAMWHOFHF6SqPOoAyAXegTBARUXkLUyYAcxbKBNyBMkFEROWlTAA8hTIBd6BMEBFReSkTAE+hTMAdKBNERFReygTAUygTcAfKBBERlZcyAfAUygTcgTJBRETlpUwAPMVxmXQ3hyMxw+5Udiy+pNYYiXflhkB1KBNERFReygTAU5yWSfuSKp8/ZBhrzw6WB7IjFUs6pmwN6kKZICKi8lImAJ7iWplMjZDUdIMfSrdv/hfyGBQrlAkiIiovZQLgKW6USSC8MLJYdEhlQ1IfS/m1LAkHAo7KJFEVjiwIyaNQrFAmiIiovJQJgKc4LZPOmqpwvNesEbGQbIgZldIbj1XUdMpvmCWp5vC8UHJpdFmfvAaKE8oEERGVlzIB8BSnZWLBiBPN3MWT/FlWGfItqE+n+3yfLc8OxWPVS6rCSxrqW7VXsWAoXNu4rLbGF6xr1x+zrw4uWraiLdnWLA7A3A8UDMoEERGVlzIB8BQXyyTdujj7zMmAvOaDCfpDC5drl0v8/kXZoXjMVx4zN/D5q4wFf25Lk5rPQvleqYH8oUwQEVF5KRMAT3FcJqlsFRg3cS2MLM7d1qXRn+cvDW4zCscwYewkHotNPrSiXRiZNJwQQ531XwTKsyO5XxIGhYMyQURE5aVMADzFaZl48QR8IhLW79gyaPNVNvanpTLp8QXrJjcRrKwN1nYbi3WfUyYfAcoEERGVlzIB8BQ3yiR77SJ7nSSdu37iy/e3Bi8MTHlQxOeP1nRLZZK2fpxGIrawIXuBJhigTD4ClAkiIiovZQLgKe6VSWAyFXrjTsqke/Kpd53aBSHtHzaZWibpVLLik7D2EeG6hH6xpDKovfTPr+5dVk2ZFB7KBBERlbcUy2TfwdP3HzyVRwGKEqdlku5uDkdiht25p0riS2qNkXhXng+aQMlBmSAiovIWrEzGxsbXbfx27fpD8ooP4fqNew8eDp49d/XV67dXr9+VVwMUH47LBECHMkFEROUtWJncf/C0rWv7ys5t8ooPof/LvQ1NG3pT33T37hYL8mqA4oMyAXegTBARUXkLViarBvas2/jt1h0/DA+/Ei/3H/pJjAys3nful+vi5ZEfzu/Zd+rSlVv9q/cZ23+16bsnT5+LmBkbG7fuR9C1aldHcqc0CFCcUCbgDpQJIiIqb8HKpK17x+MnQ0NDL0SfZPQyaWrdbKwScdLcvsVY7un/2nyL4Oy5q6JPrCOXr9y6/+CpKJnXr99axwGKE8oE3IEyQURE5S1MmYiW2LrjB2PZuKFLlElb13ZjRCw3NG0wNQZ37P5LvHmjeCmVCUBpQZmAO1AmiIiovIUpk9Sa/SdO/Xr6zBVh16pdL16+tpbJ2XNXm9qy10wMtu08Njg4LBYOHT5LmUBJQ5mAO1AmiIiovIUpkxW5G7cEh4+e+9vVO9Yyuf/gaWvX9tHRMXOb9ZsPG4+jiKShTKCkoUzAHSgTRERU3gKUyeDg8J59p6wjokOsZWKwamBPQ9MG4ykUUSnN7VuEomEoEyhpKBNwB8oEERGVtwBlAjCXoUzAHSgTRERUXsoEwFMoE3AHygQREZWXMgHwFMoE3IEyQURE5aVMADyFMgF3oEwQEVF5KRMAT6FMwB0oE0REVF7KBMBTKBNwB8oEERGVlzIB8BTKBNyBMkFEROWlTAA8hTIBd6BMEBFReSkTAE+hTMAdKBNERFReygTAUygTcAfKBBERlbcwZfL7k5cPnzx78HgQFVP8tYq/3H03R/7LwNM/9imi+LPIZ7ADKBNwB8oEERGVtzBlQpYorPjL/Qfb5L7Ulc9gB1Am4A6UCSIiKm9hysQ+nUWVtM/sS135DHYAZQLuQJkgIqLyUiboXPvMvtSVz2AHUCbgDpQJIiIqL2WCzrXP7Etd+Qx2AGUC7kCZICKi8lIm6Fz7zL7Ulc9gB1Am4A6UCSIiKi9lgs61z+xLXfkMdgBlAu5AmSAiovJSJuhc+8y+1JXPYAdQJuAOlAkiIiovZYLOtc/sS135DHYAZQLuQJkgIqLyUiboXPvMvtSVz2AHUCbgDpQJIiIqL2WCzrXP7Etd+Qx2AGUC7tDV1UWZICKi2lIm6Fz7zL7Ulc9gB1Am4D6UCSIiKunHKpPu7u7Vq9fYx7EUtc/s323m7eifj7zY/XTiyuXn2ZGht/bNpvN5ZjxjG3Rf+Qx2AGUC7kOZICKikn6UMrl19/fNW7b29ffb57hYitpn9u9WlIm+MJwZHvk/trXv8sjI9/fGmuzjbiufwQ5wrUz8/pDPprwRzA0oE0REVNKPUiZbtmwVcfLtd0euXLshXu4/cHDNmrXr1284dfon8XLVqlWHj37/lxOntu/YIV6KnwcOHrr8t2ti3D4nxmLQPrN/t7kyeZ4ZfPPfjZHBN8aqZ5nMjxdf/sfxN5mht/Zo+XEk88e+Z5nH2Xf9se/Vg6HxNadf/PnIsHh54FWm74fnax5PZMbGjO0P3B9pOj4cvDj692vZizOzVD6DHeBSmbR+ITpkYSQWNl2wyOevkjf7AFLJ1gZ/QMubYKQu0S2vfgexYKiupbN+ZZ/PH440y2tdwReolofAAmWCiIhK+lHKxGiMu/cfiSB5oJeJWR0HDn174+ZtY1m6qLLuq6+k/WCRaJ/Zv9vsafE62w/ayGSZTOS2GVtjf+PwiPh5fjzz9xtGabx68+D15Nps8LwQiSK/Mbf/WTrl9HWGS2USj0lXSFqqF/mCdfXVtYk+6/BsqY+ExQ4rq5cvq6vzB6rreuUN3kEgdyS+wKLq1qnrXMIXWCwPgQXKBBERlbTwZXLr7u/r128wlnuSyQd6mQwMpIyRLVu3dVsQIyd/PL123TrzJRah9pn9u9WfM9GuckyOzKZMNr2ZPKVeaYkiyuTZvVeTO7FgjOx+NP5sZEJ7XdJlkvyiWrt3K7Bo8oJJRAuV6EoRCdGaD7nckaV7ue/zhg+JkSk4u1YzI35vdqsklAkiIipp4ctkx85d2s1ax08K13311ZVrN6xlIpav3bhpbvzr5avffnfEWE6lsttgsWmf2b/b3MUNy8j7y+T55iHzSsgr/bYubWFqmYxbtn/6x8tj3580ll+Wdplol0dEmYQarYNiJCF+BuvaraOzo31JlagaO/XRqNht4NOaZZ0DxogvuLwmHNVu+pq3KJlKp/uaY59r2xgXcESixDq0zZJNdZanX2LpdMIXTuT2mqhYom+UTkRWpBfOD/sW1IsXA52J8nJt+7o27bPikSrj7do6bc8x483i0wPzRJWFm7SP16j0h7obasWWfstxzjUoE0REVNLCl0n/wIC5fOr0mR/+ctxaJj+fv3Dg4CFzg/MXfv3+2HFjOalfYMEi1D6zf7f5lMn3Iw9yq4TB2+N12sKUMjnwKrP73Ms/H3nVd1vf/5GRZ/de/8eOZ5ufTpR2mUz77LvWBh110wbGe4kFQ/ae6a6NRlcas//u2gWhhL5oFIhOr6+i1lgyr5nkyqTPN/8LfaA1WmFsP32Z+Pzh3OAk4k9nbGu9FGOUSSISNm8zi5SHjItDokzqjcHmWvO+srkGZYKIiEpa+DLZsmWr9eWqVausZSI8dvyE+L+83d3dO3ftFi/XrlvX09Mjfm7bvt36Riwe7TP7Ulc+gx3guExSzfYm0fy8QfSDvPHsEG+My2PpyDzL3jrqgkt70pZrF9ZlW5n0+IJ1+sB7yiS3oJNsqajQnnURVupHYy+ToDU84rHICu2/lZODCcvy3IIyQUREJS18maB62mf2pa58BjvAaZn0LtMfMrEpyuGzfOflLdXTPLnuoEy06x6dvQOJ6ipfwFj1vjJp+aI8EKppbE329FRQJh8OZYKIiEpKmaBz7TP7Ulc+gx3gtEwqbU1i2JtO+T5vkLeeLb0+f/iz2jbrUPfSaGSF/W6uWZVJuFy6TavD99ly4+ar9liVvUxiwVDuMkvqHddMElXh2tzz/da7uXJbUSaIiIhKSZmgc+0z+1JXPoMd4LRMwvNC0z7lnaxfXKtd1ciXVLK1rjb775n8Z1NSH2uq1X7lV+DTmrq27OMdsyyT6mAumQLhbj1pmpZUl2efXO+wl4n49Hi19iR9RaQxWpEtk+6GGjFS22XsOftZy6JRYz/xrskn4I0FygQREVExKRN0rn1mX+rKZ7ADnJZJb0Kbr09rv7ztRyLV4Q/GltU3CmuiUX+VN//4IligTBARUUkpE3SufWZf6spnsAOclknxE4+EWswXqQ4H95jBbKFMEBFRSSkTdK59Zl/qymewA9QvE5EjlZ9qv2XL/0lVMLJcXgkeQJkgIqKSUiboXPvMvtSVz2AHzIUygUJDmSAiopJSJuhc+8y+1JXPYAdQJuA+lAkiIiopZYLO/QfbzL7Ulc9gBxw7dszIErFQJk8wAfKCMkFERCWlTNC5/2PrkH1yX9LKZ7ADtm3bbpSJWCiTJ5gAeUGZICKikhamTJ4MvbRPZ1ENxV+u+Cved3NEjSsn4k8h/izyGewA69etTJ5gAuQFZYKIiEpamDJ5/Xbs3uOXqKTiL1f++wYL1q9bmTzBBMgLygQREZW0MGUCMGexft3K5AkmQF5QJoiIqKSUCYCnWL9uZfIEEyAvKBNERFRSygTAU6xftzJ5ggmQF5QJIiIqKWUC4CnWr1uZPMEEyAvKBBERlZQyAfAU69etTJ5gAuQFZYKIiEpKmQB4ivXrViZPMAHygjJBREQlpUwAPMX6dSuTJ5gAeUGZICKiklImAJ5i/bqVyRNMgLygTBARUUkpEwBPsX7dyuQJJkBeUCaIiKiklAmAp1i/bmXyBBMgLygTRERUUsoEwFOsX7cyeYIJkBeUCSIiKillAuAp1q9bmTzBBMgLygQREZW0kGWy5vKb/zow+IdVTxGL03/d8Vw+ax1j/bqVyRNMgLygTBARUUkLUybnH4/ZZ4GIxak4XeUz2AHWr1uZPMEEyAvKBBERlbQwZfIvG4fs8z/E4lScrvIZ7ADr161MnmAC5AVlgoiISlqYMrFP/hCLWfkMdoD161YmTzAB8oIyQUREJaVMEO3KZ7ADrF+3MnmCCZAXlAkiIiopZYJoVz6DHWD9upXJE0yAvKBMEBFRSSkTRLvyGewA69etTJ5gAuQFZYKIiEpKmSDalc9gB1i/bmXyBBMgLygTRERUUsoE0a58BjvA+nUrkyeYAHlBmSAiopJSJoh25TPYAdavW5k8wQTIC8oEERGVlDJBtCufwQ6wft3K5AnmLOhP1Pj8oanGku0d8nYwl6BMEBFRSSkTRLvyGewA69etTJ5gzoL2JVX2MhGDgUhC3hTmDJQJIiIqKWWCaFc+gx1g/bqVyRPMWTBTmYiFXnlbmCtQJoiIqKSUSWn5v79+fuTOqH0c3VU+gx1g/bqVyRPMWfCOMsk/TjrqAuHly+obl9XV5b8T+HhQJoiIqKSUSfG45vKb47+PLvjh5Yarb//n9uf2Df7w4WUy9HbCWFh18Y19Lc6kfAY7wPp1K5MnmLNgujIJhSMxw+rGHvkNs6GjrmJJ7kmV9rqKms4pa53h91fJQ+A2lAkiIiopZVI8Xnwy9i8bh6wjwyMT8TOvxcLqy2/8h1/8QS+TE/dHR8cz91+OR0+8Mjb78YE2Ivjy0psXIxNvxzPf3h4x9yB+/vu+YeMvwtgbvlfr2esQ69etTJ5gzoJpy8R0MjA+CGuZdEyWSU04Kva5cElLMqW9jAVDycQX2gcFwvVd+pBGKhgMa3VUn+uZeCyRHiifFwoubY1Hskdbb9lhIBgdyL0ZXIEyQUREJaVMisevrrzd/dvIf1v3zByZtkxGxjP/tndY9MkLvTqEE5nMJ0dfCscnMk0/v952/a3YxtyDsXDp6Zj0cfgO5TPYAdavW5k8wZwF3pbJQG9FIHs3V6IqXK8vddeKnFiU1sukpjv7jmAgpK9bHvTrC2JxaTSyQs+VeMxXHstul077zGsmHXWVcXMY3IQyQUREJaVMisr/e2D48J2R0fHMP6cG/zBDmXx/N3s3lxkbVwazC/YOsY/gbJTPYAdYv25l8gRzFnhUJuYegtFGYywyL5scWrfo+aFdM8m9o+7zUCKdTi6NToZHKuGvatYW4rGFy/tyG1rKJNXsmz9ZLOAilAkiIiopZVKEnvh9tPZH7U6tacvEfM5ExMb/2qk9jvKODrGP4GyUz2AHWL9uZfIEcxZ4VCbZN/Y2+EPZMgn6Q8meHtO0XibmO9pjVfX6dRWf34yNDt+Cei1d4rGY5Sgmy0QjVRON+gI8eeIylAkiIiopZVKERo6/TF3SHlh/MTKROKuVyfnHY2aZ3BoeFwv/7+CLR6/l6rB3iH0EZ6N8BjvA+nUrkyeYs8DbMkmno/NDLfo9WaI6Yu3mwyQaokzM5DCuoqS767O3del3c4UT2bu5Zi4TDaNqwEUoE0REVFLKpHg8cX/U+J/rxwfZqyL1P716+mZibCIz8OvkNROxLD0B/44OMUf+be/wRCazVL8Ug+916vnrCOvX7f8DzWX/JfFL2/IAAAAASUVORK5CYII=" alt="Screenshot" width="100%" ></p>
<p><img src="data:image/png;base64,iVBORw0KGgoAAAANSUhEUgAABDMAAAIGCAIAAADGMlPIAABacklEQVR4Xuy9618cZ2Kgmz9h9/v5EntmN8nkOplcNufk7FmynjgzO8rqjNaeM5mZaOK1ZzzrTH4zniSjnY2VrMdx2wK3AMnIoIslYdOiJYzUFhIXIQESCAQIIbUQICRACCHuiBY3AXXeqre7uroKUPPySuLyPL/HVvVb1dUtRHfVQ1U1v2IA6KB38KF7CAAAAAAgOcTO5K+4xwCUoEwAAAAAQBnKBLRBmQAAAACAMpQJaIMyAQAAAABlKBPQBmUCAAAAAMpQJqANygQAAAAAlKFMQBuUCQAAAAAoQ5mANigTAAAAAFCGMgFtUCYAAAAAoAxlAtqgTAAAAABAGcoEtEGZAAAAAIAylAlogzIBAAAAAGUUy2R61uh5MNsy+Oj6gOWg7azpkMNh09aRufGZefdaYH1BmQAAAACAMiplEpme/9WMvucy7z+36/5zu+8/92H/c3uEA899NPBc9uBze02/mNP73ZLxrSUPvvBx//OHR54/PPr8J6NlPY/c64J1BGUCAAAAAMqolEnGxfGly+Tf5/RuOTk0NDX/cGbuxWP37TJ5/tMx97o08ZOf/cO3/up7QvcMrciHeNKPsnahTAAAAABAGZUy+dWd95Yok1/L6SnvmRmbnjcx5oemZp8/PGyXyfDUEzmn6z+98OKvfvHXhe4ZWpEP8aQfZe2y8jIJFpQ6reiUw3dc46OJ93q2fPDNV91DAAAAALB89JfJ35QOiyyZnTMLRPw3Nj33/KF4mTyhq00ok9XAysvElxbwf3gsakYgr0kOh33+YGw8mOoP9CTeawF6Ptv8zZ99cts9bDLbvPmbr35w0T2sDGUCAAAAoAXNZfJK6ZBIEfNgiciSeWNmdn5/67TzbK4IZbJ+0VEmhfEbTaXxMskPx0Z7S3KSKpPdWW9v/l6Oe9wwKt999b3VXSY1qZpXCAAAALAm0Fkmm4J9fQ+tc7gsZufmj3dMf9FxBTxlsr5ZVWUS7DGas3404p5hbN528oNVXCYzgyff0rpCAAAAgLWCzjJ5o+LhyFS8TKZm5v/y6N3nD41QJhuE1VYmxu1P3Sd0zTa/Xf7QVSY1wYyfvvKjzd989b1Qc3y057Maw2gOpv3wr17d7EiFmZ6q71sjf/uLLDlilcnM2//wdy+99Orml34UbBywFxZUBrPk+Pf/IcM5vtlfO3Ov9vtbzcd9aeu2WxFr9Ha+uGkbXXR27Oc//jtzsVd+9tNfHpyZja8EAAAAYD2htUwqJ28/mJ+bi6bJ2PTcfzjUQ5lsHHSUybHa+uaoJ0PxMjlQERuvy/sw6TIRAfBSmnP4+DZzd99ZJh9sffXWTGx2pPY7GQ3R6Z7PPvBvG0nMgM0vvfXJbXvpKGJt3/FX2Tcj5WnHBx2zHTifjGgV56oOvB7rkJ7P/jbxmMnm7yUkDQAAAMCCbH/7pOOHrI9nvKl0+9s5xW0Jg3vfPRhomk4Y6rmQW2/++fbui/0JM/SjoUz+4KPbf3Gw43f3dP3O3jsft8z1Rqw4sfJkaHL2j3PvLl0m/7DtF3J3/1J9g73rL3wv9YOZmfiu21f/4r845wo3b3nZnustk+f+3W/IkT/8kz/t7Oz6rd/7A3nz5W9/94u//lv2Sv7zn3/dvot4zh8fynU9ylv//La9gD0ob87OzjqXFDftJTcmKy8TbcTKxHVC1+ZtJ42EMmn+TlbCS/iDl+KF8MNPOpyzmrN/dMt5O4b3bK7N/lrXiCT4k/iSm78Z/74y6cqXT5gyAQAAADWWWybb3z7uHlqQWJk8BVZaJr+2q/tgeKrqzvTepvHfyOn70bnxi/fnJx9Fj5yIff20hvEky+RLv/P7rirY8vJfyWXeT/W7Zkmz9mTLBVxlcuyzQnsZkSVixC4T76N8lLNP3ktEi2uWtPFy9Ef39oi8+Tev/tAe2fqKe/d0A7IKyyThhK7Z5rfPmc8wXiZd+e9Vx+ZaFP0iXiYfXEqY9cmPF/4nViwT19X59hP2lMkHW1+tvOc+UAMAAADgYvllYv7E9vGsoTLZeXl6Ysb61SXzRl3v9Jf23n/93IOLffN3I/PWgZN581ODHb/PZIkyEX7/ldfefW+HswrEAtU1F50jLq80XzUSy8Q+WiK82RH9sbddJsLf+8of//P//qVzJa6n4fXRI/O31ztvOrPk29/dav91NjKrsUzi51ANyFO5DGeZXMxwXtchvSMXcqxB4i0QiXc8Xib3yzd/6++CpVUjI2PCA4622fyTz+xpk8XLxDAvi2/54bde/dtd5be8V/QDAADA2mZ2fOiBcLj+dG7dhLi9J+9CQ9vgrcrTO07cFTd3vh04XnTyeFnzrUGj+XDO9o8rdx6+0NB03zBGAkXNt/oe1OblnrR2eKNl0n3h3Tz7Al0HzaUV1+72NlZu399sTE+IR9z+9nHxf3PO4ZwzmftrLzZPmg+XIztk1zs5zbcfNJwoePe9/XJke+YF59lc/eUFO4/edAwIZned6E4cWR4rLZPs8OzQZPTcLfH/ur7pL+0342R/y+ytsfmRqfmjHTNJHjP5JO+IHBHrsXf67/T0OAvBvpc98oVf+01xM+WFv3AuJr3ecsNe3i4T0S1ypK2t3blae/pLv/1l+17/9ZsvyUHRIc5lnE5MTNrLb3BWXibarzMxYmdh3Tr0M3kql+Esk5ufuvIjjqdMDrzmDgbJEmXiusrFuYZllUmMmVt5b7mv6QcAAIB1wfZ33edWiRIwrFTYWXRfjphl8o73QMd9uYAok4buC2/vNu+1BPahEntCrLZ5Ljo3WiZz4Z2fRx/UaC9fsExMpu++G4jGSffngbf9pYmzl81Ky+Rn5yZvjMw/il1YMjU7/4PTg3+Ye++V8gcnu+Yu9s3/97KxJMukqyveWPZ+f/edO/b0n/4//9le4Mt/+Cf2uOE4ZmL721/+Q3thw1EmX9+02R50rsGe/lff+/YC9uGaP/yTP3UuY+u81gV0lInWz+aS3P70wE1j9/deladyGc4yma19u3yR5+wpkxr/q8u9zsSVHz93LKlUJoKOvw32uscAAABgrXOtNLfePGAiOHM4sGPH/u1v59hlYp9MZZaJNWgxm7v74Lvv5myPpcv2t/e/+17O8fhP5hMZubszzVrtQmViJ0f04ZxncMWmFygTwyjOzDHPLDJmRZZcX/HJHSstky9kdr9bO9MxOj9untNlzhVx8u0T/c/vG/i1vd2/vvfxn8319//4P+Ve/sBA/CON7F3/ru5ue/q/fSt62YlABIY9bixUJl/6nd+3FxbYl5c4V+Jcgz29/+ND9gIiluSgPDLjegjhX/6//81eGFZpmZjHLt5yXs7u+mwu1wdwRfGUiWE8XOyzuVwj8TL55s/swZHqjO98L4kyMZqzHYuJB3VMG5GLGdktzgEAAABY81zP27/9vWgkXNiTMxwbX7pM9rxtX7N6wz5m0mwYJ/053vN52vL3b3/3tJxOqkzmwrtOx/bMuyuXKBPDipOVHy2RrLRMntvV9x8/Hqq+N38/9jsWxf8PXHv45f3dzx8Yfv7jYY1l8uu/9Xv2AiIV7HHDUSa/+btfsccbGhrt5ZMvk+9ufcVeIHvvfjn41b/4L85lnI6Pj9vLb3BWbZns/t6rzk/ydZaJ0VWy+ZW3dwfLR0bGGqrKf/itbdHxBcrEKPrff7f5mz8qvdQyMtL1SWr0w7WWKJPjb776XrBKLJy97e82f+ut0l8mUybGncK33vqk1rw0xbxV+9JP0irFI95uzv7Fz1765qvyF58AAADAuuHdt/fHD5hkxrpi7ubSZbLTLpPm084yESGxp9x98MK8Y1q5NTmSVJkYD+wH6i8KLF0mxvTdlR8tkay4THbf/8Lu3kt9sw+m42Vyrmf6zz+5ratM/tdb/2zf/L2v/PHp4pIv/faX7ZGdGbsMx3UmYvp3v/JH9lw7Th5bJn/0J/+3ffPFr//l8ROh77/ymj3ScsM8MOZc/uDh+OcLf/Vr37DXuZFZRWUCAAAAsCaoP2mdYWV5OGzMjbz7jjkduDi4dJkY/eG3rXs19M4mlIl1EKM3dt1IjIlbRcfFwh8X3d6VVJkYkzcuiOV37L9wa7z7MWWij5WWyfOZvSVd04+s32BiWFkyNj3//30+8Pze+7rKxHB0hcvf/6P/Uy7v+tTgjlu37GVqLpo/wH5smThvuvzOX//NgsvnHcm3R4gTQ0eZxC9/t7w5JIeHXeNTifcCAAAAgHXASsvkP+X23Z+Qnw9sJsfs3HzV3Udf3Nv33P4hjWXS2dnlqgVp330zEA1PmQj+4D/8X3Lk33/pd6rOX0imTIpOFf/eV/7Y9RBf+LXflB8Z7F3eSPyE4uFh+7TADcrKywQAAAAAVk5/USB+KCZ+RcpqZ6Vlktc2N/lIXvpuPBJZ0jvzxey+5/YNJV8my6LmYu3urI/qLsWOaT0Zzp6r2JO9N3SyyD0DloQyAQAAAABlVlomvvpHt8fmZmbnpx/NV9yZ+cJH/c/tHVyiTB6srExgNUOZAAAAAIAyKmXyG7v67DL507yh4jtzt8bm20fnXz05+Fz2IGWyYaFMAAAAAEAZlTIZm5p3fjbXr+8d+PLBwX+X3f/cRwNLl8mBG9PudcE6gjIBAAAAAGVUykQwM2fcGHx0fSDmoO2s6ZDD4aiRRxwtWedQJgAAAACgjGKZAHihTAAAAABAGcoEtEGZAAAAAIAylAlogzIBAAAAAGUoE9AGZQIAAAAAylAmoA3KBAAAAACUoUxAG5QJAAAAAChDmYA2KBMAAAAAUIYyAW1QJgAAAACgDGUC2qBMAAAAAEAZygS0QZkAAAAAgDKUCWiDMgEAAAAAZSgT0AZlAgAAAADKUCagDcoEAAAAAJQxy0T8h4iIiIiI+GzlmAmoMzAwUB9DfDNNTD5CRERERFSTMgF17CyhTBARERFxhVImoA5lgoiIiIi6pExAHcoEEREREXVJmYA6lAkiIiIi6pIyAXUoE0RERNuxyLT3s4ZwYyq+GZzfGyduTv5RcPTf5AxvWP9tzrD4InhfNS4pE1CHMkFERLR9OPnIvaWEjYr4ZugfmbC/N7x76htT76vGJWUC6lAmiIiItu7NJGxsnLtG3n30jan3VeOSMgF1KBNERFwTPpyYsfXO1aV7MwkbG8rEq/dV45IyAXUoE0REXM06g2RBvXdZie7NJGxsKBOv3leNS8oE1KFMEBFx1ZoQIQ+nIzGfXJy4N5OwsaFMvHpfNS4pE1CHMkFExFWoXR0yRbrv9re0dTVcaa23vHHrXnffWE//+N2BiNT+PKX7wxODo4//+KDFdG8mYWNDmXj1vmpcUiagDmWCiIirTedBkv7BsXDrrUkPg4PDHbe6xyNT5iGU2FEUew3jD2dEonjX/Fjdm0nY2FAmXr2vGpeUCahDmSAi4qrSmSUiPOqbbrijJEbP3XsDAyPO87uc6xkdn36Q+PsoktG9mYSNDWXi1fuqcUmZgDqUCSIiriqjWRKZElly5fpNd44k0tNzb+zBRPTIyUJx4l3/0ro3kxYPxifu3B3o7RuKRCbv3hsSTk5NuxeC9cjaLZPxmXnvoBa9rxqXlAmoo71MfGmBccfPqM6caxIjvfdGvEsuYfqHn3kHlf3JT99MSUkZGEzqOYgl9x846B1/On5ypPxw3hnnyBJfPbHw8EjCP9mxwvPZ+4u8S05YX9Ki4ktiIiNreV/bwuOhr33ta8/wa4K47h0dm6iouvreB0d27Mw/XxMWb6Gp6UHvYstVrHbPvs/tm/Ido6X1Tu2lVudi4k0mfXfC28IHmcdcyzxW8fai633bvrbkwfjkyGikf2DQ3SIebty4KZa048S1wntDy9u0uTeThjEz80hkycOJKXtEPFzXnX7HIhooLqvP+PAz9+iSDA0/EPdyj4JWkiyT9xsnp+eMw61T8mZvZG7TyQfexR6rWM/DR/PF3TP2yMSjeTHoXfKxqpVJSuGDxz6c91XjkjIBdbSXidjxvXnrnn1z38HTYiO32L71Yqpt4SovXPMOCr/xjW+I3qivv+ydJf3a179uT+/b/3HP3T7vMk9Hsesgvlz2TbFjscRXzy6TwlC1d65Lu0yW5ehY5M/+7M+eba0hrnt3f3TifX/++epwafnlsrPmO5WWMrl6vWuHP9++uViZiDcZ18OJm0+nTDq7B7zvb/KAicgMUSadd+65K2Qh2m/e6u29Pz4+ueBhk4GRyWUdOXFvJg1jeHR8cOiBc2Rufv7e/eFIZNI5uEIok9VJ8mUyNDU/PBWNgZWUycjUfPf4nLz5lfyxttHZx6bCgqqVyb/UTTz24byvGpeUCaijvUxyA2f27Pt8cCgib4oyOX6yRm57qmtbfGkBsQHu7TNvis1YU/OtXR8dFwuIm3nBczt25guHRx+KWWcqmnbuLhA3+wcfTJgbsP5P88vF3Q99WibXLJapqr4mRgJHz4llxAJiWuja/x4YHBE71pm7dv/1X2+1B995510x+IMf/LDszLkdO9JSYkzEjpl873vfExNiv1yM/OCHPxSK9XR13/3a1772jW9sEnd3PoRGxa5DfkGl/dUTyWF/9ewOETsWcjdCjlxr6ZZ/cbEnIUZyDpjHTOQXUAx+kHFU5I0ckV8Ze+/hVud98W+xZ2/0R6rivuLf5b0PjtiPPvZgQnwRAoF8kXaUCeITsqo6XHH+qmvQTgX5xiheyOKNccJ62e4/XCxe2uKtVS4g31fzgmdda7jXNyreXUvKG7vuDMiRxcpEvCecrbwiMkbevHLt9tnKZrmM/XDN1zonrPwQ7zDBz6p27ioQN0U8iHdp8aZx89Y9WSYHDpeIhesa2uSqxN9LzBXLnK8JyycglhQjwpbWnrEHk2JCvn2JJyaeauw9vE4eMBHvwHWXr7srZCGGhkeut7TJc7pWfim8ezNpGHfvDc3MuMdFltwfGHENLkH+sYq9HxeJv3L2/pNy5FJD6+6PjouRG63dhqNMroZvl5xpEBMZWYViQnxNTp6unZqeESPDI+Pm90Pm0RMnawxHmUxOTot/7thDgU6SLxNRAvnt0x80mbv1dpmc6po5eGMqr2168pHZCUWdM98qHhcTg5PzxzqmxUT/xLwcca7HLhOxfGbzpEyFvymPiPL57+WRjrHoysX/Ox/M/Wv9xG98Oipu9kTmxJI7r0S7YmrWEA/9j9UPRduIwhEj/1D98PVzkf/42djkbDRaHs0ZLcOzW06P2yNiDZQJPEu0l4nY9ogyEbvXE9YWV2wUxRZL7FuLiZOn6+Qy8rCA2IyJvWo5Iva/b3f12ysRs8Rm1Z52rl+uzbmM/bM6uVPuMmtP9ubNm7vv3BM72XJb9U9vbf/zP//z7u7ew4c/6bs/eKfHnGUvL8ukvv7y177+9U/zjsiR8PVWsZkUE5fqLwv/8i//q1it2H47H6i1/a730Zer+OqJMJBfvYlYTixdJnIx++52mdwfMItuIraL4yqTw3ln5Hlfolvk+WPivvY/kFMRb/JrMmHtsjhnXQ133e8f894FEZNXvGbFPrprUL5snW+MaRlHJ6zXr3gHsBez31fbbvaK91vnGsTrWrwVizXbDbNEmYg3GbFfK1coH0IsMx6ZFu8S8kcVYiXipngP8Znn605NWAdknEda5Cx7hc713+0dliPiCdQ3tstBeV/7/U3OnbBP5YpMPXgw0Xd/qPpSs7tCFuHqtRujYw8Xu9pkWVs392bSMO73jzx8GD+VSzIyGhFh4Bpcgvf9R+REx63exqb2vvvDoVMX5Ujg6LnIw0lZJu0dd/MLKuR4WnpQBolYYN/BU2JCZJ6c1X6z52JdiyyTR49mRavIcdDOssrE3Gu3CsQuk0jswIVoDBEVW8siMkhEDwxNzYub9glgzvW8eeHh/utT8jiMnQo3RmbbRmbFhLjXmR7zdC/xELV98WclHtS5KvuhxQp/cDbinGUvKVb4f3w84hyhTOAZ8yTKRGxs5EZO7vLKbU9dQ5u97561NzSRuPXa+/Ep50qcs1ynGYjtpV0m9ohcxlsm9/uHX331tTf+9seyK3ru3heDL7388k9++qa9zIJlMjA48oMf/lAsJg+5jI5FRMnIthGr2rbtF2/+7O/FToN9eEH4YfYJ16MrKLfN4qsnokvsB4hEUS4Te512BzrLJCOr8HRpvVxATMv7ih0I+162zjLJDZyROyXCyMOZvQdPycNfiKis941rIva+55wlpsV7Qvpu87iEPWi/rw4MjrsOm3yQcVS+5HfsjL6FLl0m8o1C5M3uj47LZcS7kP0uURiqFjfFCu03ZDHLeXWKmGWfier6G4kHlSPiCdg/y5BvRM4yEWsW7yoyKsT7zNiDiXt9g9V1V9wJsgjNV1tEmTxY6ISuhxOP7i1n6+beTFpncw0MjjlH5Nlc48s5m0tsI+SEzAkRJzc77soRMd3S2i3LxL/rmKgUOS7KRE7IWROT05/ml8sRMZ2bVyZWdaqkLvhZZX1jqxwH7Sy3TEQz/GP1Q7tM5h2rEnkgMqBpYFbMEn0iqiP18uT22gnver6SP3ZlcLb63iMRMHYq3I3M2as6d9d8MmI9ckLqKhP7bC67TP7XxQkRTvIpyVk3rNRx3pcygWfMkygTsfk8+Gmp+L+8+FJue8T/xRZUTEgnEveeXT9j85aJ2MruP1x87/7osspkR2r8TC3BP721XWy3vvGNb+zdu99eZsEyERMtN9rFdNaebFEy4mbTlWvi5ssvf0v6T//01oT1E00ZJ1qyZCJWJuKrJywpbxQrX3mZyGlXmYg1VFRdlf8W4qvqXJtLZ5lMWHGSFzwns8S7MCIuV/Fi9x57tA912iP2K1S8+vYfOv3RvpMT1rur/b46MDRuLyxCRZ4ZJZWHl5cuk8oL1zq7zQMmV693yWXE/+13CaF43CLHxST2u43UOUuOi7oQf4vunkFnmdhvMt4ykTf9u46WnGk0y2Ts4cDg6MX6pI6Z9PcPXGkOD4+ML1gmo+PTy/rFi+7NpEV3T/+duwP2za47/d098ZvJIA96GLEyEdqHXORRFDEi/rGOf17d3x89ScxVJq6rSsQKxUjmnkJxX3n2FzwJllsmwsnZebtM7CtPbEen5y/df5RSaMbJrbGElnCuR9xxyDp3y06Fos6Z/omEtbnKRB6usfWWiT0yEntWlAmsOp5EmUxYP3i7cu222LeeiG17Ll66EY6duyV1bnSz95tb2QVnyS20PIwwYf2gLvkykZeL2IjG6LjVvWXLln/8x5/byyxWJvIwy//4H2+8/36quNnR0ZUSOx/MVmw+93586sy5JudF/yvR/up9kHnM2XVyltyoiy+svKo1yTJZ8JiJ+P/np2rtZZxrc+kqk+HRhyJOTpy8yNESRC2KN5Ca2hbXoHxPcx5MlsdM7JsfWCd3ed9XpfWN7YWh6uqLLUIxIU/0WrpMuu4MiHfsfQdPj45NyGXu9g673iWc+SFmuY6ZuMpEvCvKTYB467YPzC5dJuINdmT04c5dBeKtddQqkyvXWt0VshAdHbevt7QuViYrvwJeEHk42XN3UH5qcE/v4N3eQdEqE5PL+OBgV5k0NXcseMxk7MFD59lcckLOmlzomIlsFX/mMTkO2lEok6tDs87rTD7vnBFhsP969KwtUReP5sxDFttrzSMYi62naWBWnqllp4K8zuRf6yf+Z83ET88//DeeMnFdZ+Itk5k5QxTRLy5OzM0veszkRxWR872PNhfFL33x6n3VuKRMQJ0nVCYTjo8Ptrc9Yn9annsgr2J37j139wxmZhWeq2o+Xx0esa6At2fJLfR7HxwpOH7+arjL/qwqb5kcKzxfW9/aEzslSWyZxC71V7/6VXmzvv6yuLlt2y+qztfYrSJ2u+VikonETw2WYXO/P7rC73znu847ykG92l+9/IJK57lwYqKh6WZe8NytzvtiGy9Pz7A38x/nllxr6b7fP+YsExE24qsqEuLIsQo54iwTaz3mZa/iqye+sM61uXSVCSJqV7ytmZ8XXB2uvHDtylXzai75njY4FBFvjKJbRFrISjmcVyZes+L1a59VJd9XxR3rL7fbK5RXqMfXn3G07Wbv0mUiJt73H5GXy9vLiHcJ8QTEfQtOXJhIzA8RD+IdSWRPw+Wb9hXwcpZ8FxJPXrxZiXch/67oZ395y6Sp+Vbh59XiTVtsLEKnasXTuNTQJv6mskwGh0Z77w10dfe4Q8TD+QsXxZKLlcnwg+g5qEnq3kwuzrLixFUmYkL8owc/q+zqvi8mDMcV8MWll9qtaHGVibmSQ6frG1sv1rWImyKW7FXd7x+xewb0kmSZbCi9rxqXlAmoo71McDXoTDtExDWhLAr5e9/HzDIZ6x8Yrjpf6w6RRMLhG7c774glR0Yj3jJZ1hUmUvdmckmWFSewFqFMvHpfNS4pE1CHMlmXUiaIuOaURSF/mcnYg4mh4Qf9AyPXwq1XwzfcOeLgXMX57jv3xJLeMhkdn37gOAUuSd2bySUZj0zKj8+C9Qpl4tX7qnFJmYA6lMm6lDJBxLVo9LCJ9anBojQGh8a6uu9eaQ6frbzgLpLJya6u7orK861tt/oHhsWS9qcGixoZeTC13F/9buveTMLGhjLx6n3VuKRMQB3KBBERV4n2CV3Wb1p8KOJkYHD0ZkfX9ettNRfrz52rKik9U1xSVlp6Rty80ny9tbXjTk+fyBKx5GK/aXG5ujeTsLGhTLx6XzUuKRNQhzJBRMTVY/xSkwcTo2PmYRPRHm3tHeHrrVevtTQ0XqmvbxJNIm623GgX0TIwODw8Mi6W9F5koqZ7MwkbG8rEq/dV45IyAXUoE0REXD06D5uMxc7p6rs/1HGru/1mZ2vbLWFb+21xs/tO78DgqJUlD+UBE1km3nUuS/dmEjY2lIlX76vGJWUC6lAmiIi4erTLRJSGPKdLtMfg0KiIk56792/dviOapKv7rrg5MDgyNPxAnsel64DJBGUCiVAmXr2vGpeUCahDmSAi4qrSjhPzUnjryMnoaET0iVCkiFRMiyYR3SIWMI+WxK4w8a5tubo3k7CxoUy8el81LikTUIcyQUTE1aaMExEb9sET0SfWlScPzXO3rNO3HliHSqIncWk6YCK8N/TQvaWEjYr4ZhhzfPD0iZuTfxQc9e6pbxz/bc6w+CJ4XzUuKRNQhzJBRMTVZrRM5JGTWJy4FIP2tSW6skQo9kTF1hBR6MwSTF7KBNShTBARcXXq6hOv9qESXVmCiCuXMgF1KBNERFzN2u2xmN67IOIzlDIBdSgTRERc5XprhCxBXLVSJqAOZYKIiIiIuqRMQB3KBBERERF1SZmAOpQJIiIiIupSpUwO+AO+NGHQPePp0pAf6HGPwVPFVSbyoxjlx8bbys+PR0RERMSNrGsX0fUp3vKDvFXKpLWiIlhQ5E8LBAtKF/DU5c6I+y5JMTfWWVORKrLHHyxvHXPP9UCZPHMWLBNvnNAniIiIiBtT726hM0s0lIkkfDxoHTlZwLwm98JJEPGlBfMao0HSWVIo1pO4gBvKJE6kzR9qcw8+eVxl4v1tVt5vRERERETcmLp2FO0mkVmyojIxemu8TaJcJjdPHSvpTRxqKj3cOCv+9B1suBIKpfoDBS3mcHCfWUSpe4qcZZJnDZbEjrTkpQUfddeJkVHz1kzOHnNuVn5dEkdi1izPIk68ZSJ1fduRK4iIiIgbR+/un0tvk6y4TIw2b5Mol0nFwUDYNdRf5z/VKf705VT4sotOVDSHR0QO1fl2FYVbbtRWnE3NiJZJpKnUn3s+3HzZvvQlT3SIP1hd3yymB6tCB05fDjc35+RUhOfsta9DCvYEnnKcLFYmj40TRERERNyAOncX9ZaJ4W0Sy2BBu3vJx1KS4z01K+zLN2vFl3bMHgr646d4FWVbd2k5mxoLkp6ywpJ+c0KUyVRsMbNMyp7q/vqzY3a0triiZ8Y9/MRwlYn4fvJ+t5EriIiIiBtT796grTNIpA8nZlZUJjlpgSsdfVM6DkQseDZXXpN1NldaqT2W47j4RJ7NNVoV8qUVjo4MS+WTyXNdozIznJcd8Oc29Oh4qquV2dSMopJ2tQ8fUMRbJrbe7z9ERERE3OB6g8TOEg1l4h5SpvN8pnXuVoxIdW6gdsKccpaJ85hJ9DCLeczE/TTcZWIyKxbLqRp2D68XRhtLn3KWGEuWCYmCiIiIiLbevURXlqy4TNIDeYkfGew882q5FO0zTwYrqWmurTgvJvwF0QtPnGVi9NTErjOpcF5n4tsVqq1vPpEfkiPOMrly/Fh1c+fN5ss+f6H7sMx6YbSx+OlniZFcmSAiIiIierWDRE+ZiH4och7nmGj2OS7wgHWPq0zs7yrvdx4iIiIiYmShINFTJp31l10j1TUb5FpzMFmsTEgURERERHTq3VH0uqIygQ3OY8sEERERETFJKRNQZ7llMg8AAAAAGxXvzqHTiclHlAmoQ5kAAAAAQJJ4dw6lokmklAmo4yoT8f3k/VZz6v72BAAAAIANw4I14pQyAXW8ZSL1NgllAgAAALDBWTpLKBNYEYuVyWI67+v+VgUAAACANY5zZ8+Ld+fQJWUC6qykTAAAAABgQ+HdOXRJmYA6lAkAAAAAJIl359AlZQLqUCYAAAAAkCTenUOXlAmoQ5kAAAAAQJJ4dw5dUiagDmUCAAAAAEni3Tl0SZmAOpQJAAAAACSJd+fQJWUC6lAmAAAAAJAk3p1Dl5QJqEOZAAAAAECSeHcOXf5KS6QFUU3KBAAAAACSxLtz6JIyQXUpEwAAAABIEu/OoUvKBNV9dmUSzsoJ2DdKcoK+/LCY6CkrHB0ZNp2aFTfz0goNY7az+WxO1aC53Fyvb1eRXKCkaVAsbK+hIT+2tonmw/5jRZ3x8VRrzQLrIWbFfVtPFbaaKxmbmosuluUP+PzRtVkPKrmTuSf+JDNzCm/aN5pKs6zFxMInWq0nPBKxZwKsIeRLT5JV1msYg6mHasxv6f5O82XUW1MtX5Ijw4bjJSleMkbs9SW/9Z2vR9+eY7GXYFjc5UDtZGxOb9a+Y9afCauF1Yz8lx3tbvbl1PUk/kPH3nhnff5jwZpO8a8Z3BPosd5Xne+98i7xt3f+0QHWMt6dQ5eUCar7DMuk5Nbl8qHojczTd+wycS5kR4Kcm2ftDNkstIE0yg8E8ppmc9LP2uNisbC1pbT3wMRIj5yKkZVW2hAJy/6xHzT8WdCYa7OfpLh76mdtcjrHX2yXSUlvdAGAtYinTG7kNdkhYSZEQ/yG49VxPGjEXl++jLOG8/U4VNcwZ8ReLFaZpIXse0VfqomrhdWM/S+blybeXRd443W9o/pyauQs+73XLhPHUgCwVvHuHLqkTFDdZ1kmvZMiSMzJuTaxc79EmQy2VASvmbtKMgZsvBtIQVb6WbEtFH0SH5/rzTxl/gD3MWViGKn+IsOx75XnF7tTs9Enad09019sT1MmsD7wlMmszx/ssQ5amixUJuIlmeWPlol4fRVZxz/t16OcyIm+WMwyqf3Uej3OtQXTCymTNYf9Lyve9Er6F3jjjR+ytkhNK40Oxt57KROA9YR359AlZYLqPtMyMYLpwWB4Vu61LFEmMhiMhcrEPjegOrbr40sLSOWxDrnJDB8P9sw9vkyMoYbDjZFYmQzGVmXugRnWMxysCJlHVTrP34w9GcoE1jqeMjF5NNRWkhusGHInhP2SrLZO4YqfzJNTE33xhs+mxl6D1imYZpmYTWK90g/UTlImaw7xL2v+g6YfG4wdAHG98S5aJrH3XsoEYD3h3Tl0SZmgus+2TMQufqa/WO4YLVEmRstZcw/JOr3qZuzKEGOhYybRH81a+Pact8cNc18q9PgyMa94CQTTzdV2nrbOhjfMXajaCfNP6+6Tmadq5AKUCawPfHsqolNzbYcvOc7jMoazyvsWLBPxkkw1jyjGX1+RptITJ82Rw/5QxYgck8cbrTIxDPuVTpmsOVxvy943XmOoLq8pdqHdXGdOhdmkzvde+b1BmQCsD7w7hy4pE1T3GZeJ0WuWQNg8b8Quk+hP4+JXwBvmJbn54SnxZyTs21MqF2i4NezdQObETmcXBNNjZ5vIBQLRi+yNJcvE6KmxLoVvK7DubjGYU2VerxktqLSA70CddZdomXAFPKxpCjIC4f6x0f62kkPmj7eNkRudI8ORkb5wWZH5Il3gCnjBYMXBwFTCD8sjPusyMN/BhtHYUKp5uVe0TOxXul0mXAG/Vnh8mcSugJ+aGgtmx6+Ajy4j3nut7w3nwZbYCgBg7eHdOXRJmaC6z65MAAAAAGCN4d05dEmZoLqUCQAAAAAkiXfn0CVlgupSJgAAAACQJN6dQ5eUCapLmQAAAABAknh3Dl1SJqguZQIAAAAASeLdOXRJmaC6lAkAAAAAJIl359AlZYLqUiYAAAAAkCTenUOXGsrk9KXqhgfuQdwIUiYAAAAAkCTenUOXKyyT6++nBcxfHpcWON59veFsoZjIKL7kWQzXp5QJAAAAACSJd+fQ5QrK5EG9bBLbjOyg+f9Tte4ln7q+tKPeQdQuZQIAAAAASeLdOXSpWib9F/L2JmRJvE/UyqSjWNx3d1m9c9CfFthb51kyCSmTpyNlAgAAAABJ4t05dKlUJjfLnCmSlnlES5lkf3LclxaMjzyo2n3086dcJnVlBd5BXEzKBAAAAACSxLtz6FKlTPz+eIf4CyrNwXtn43GSXVTe777L4+0o3lt1NtsfsEeaLxw/2lj8lMuk4ED8CeBjpUwAAAAAIEm8O4cul10mzsMjQns8O3G8aNB9x8fYYUVI0+cHGq+bN3tKdouV14VkmVw4dVSsM9RUdWBP4MhNa4G6UN6powdOnSm6YS6wNyOw99SZUNmpcmttvrQjaYdOnQtXmhfo5561HuLi7s9KQk0Xj39WII/qHMkO+DKPmPeqLokeqxm5Iv4WDXcbG4bFQ9T7MgpPN1UdyecoyqJSJgAAAACQJN6dQ5fLLpOW7gvmPn2sQN7PPSMGw7fP2CMZpy5UXbrgvtdjlWUiosJ/XPw/Lyvw/tEqu0x8aQUFd6NL+vwhc6IulH3hauzuVb68c861xZOpLuQ9fuLLLm6RZZJdIkfEtJzYG28ts0zCiXdEl8stE0RERETExVx+mch9+sQjJE6VrzOREWIeKjGvfQ/m3TC7IlYmzoeIlsmRjth975a5HjReI/Eyubb3wNG0DGsNdpnEemahMmk5cuiIb+fRC+bxE8fzRIeUCSIiIiLqckVlcrDxSnz8wWUtZdJcVXi0qyr6IV3xMjka7xCps0wilZ5jJu4ySYsnx9Uky0RalHfEPlyDLikTRERERNTlSsrEfZbUhSLzapAVlklL5LpYSbMctK8zKS4Qg0cqz4Yqi9/Pt3IioUzM60wOlJlzC7rMm94y2bszkHfpYkNXtd9/ZIkyCeUGDlRWnw43ito5cOqMWD4rM3DB+2zRcrll4j7ZEAAAAAA2DN6dQ5crKZNC17imMml533GViJ0rDc0l7/sDPv+RI42NclbCUZR7F+TcUuvKe2+ZhNuin3R8pPnyEmXS0n9BLPP+Z5UtkUa/depXRr55IQ0uKGUCAAAAAEni3Tl0uZIyWdiM4kveu+C6lDIBAAAAgCTx7hy6VCkTRCllAgAAAABJ4t05dEmZoLqUCQAAAAAkiXfn0CVlgupSJgAAAACQJN6dQ5eUCapLmQAAAABAknh3Dl1SJqguZQIAAAAASeLdOXRJmaC6lAkAAAAAJIl359AlZYLqUiYAAAAAkCTenUOXlAmqS5kAAAAAQJJ4dw5dUiaoLmUCAAAAAEni3Tl0SZmgupQJAAAAwMZkNjLiHnoc3p1Dl5QJqkuZAAAAAGxA9h6vkrpnLIl359AlZYLqUiYAAAAAGxDKBFedq7xMcl9JSUl5xz2aBOJuuV3uQQBIkhdfz/e+gN5JSXEPxdi64Kyu3HeWt72DtcN4OP9fXhPvtDvO3LPHGoM7XhRDr+fbI6+9mPCNMX51X8ovK+O3Z4fe2LppWXe5uPcNsfj2YFjeLPp5io0cKXvffFYpL266N23fCQAWZqTl8pGTVSeaet0zlsS7c+iSMkF1N16ZdFmbsE32bblJs5d95wXz5raS2Dat6h25gGQ8thjAekK80IaGhu6FL6a/seW1Qwu/cgxNZSL2O1NeyXWPwlrgzZffLOyJTqe8sK3IekMcP7WtsN+caNy5qXLIXtac82LKptzX4t8Y4b2vvVlQ6cyMlM0Jb+9igcS7jLvv0r5v2ynzUcWD5lsPum9r4jfe5fT0q9HJTSlbEmYBgCa8O4cuKRNUd6OWSXxjJm/ay4rpN36ckvLzomiaWGVi7rOd2Scm0i/HlgNYR4gXWmxyXIS5c5aTlZfJvVPbv72zkTJZo2xN2Wq/r6b8uDCWIY1vFAwZE2XbXnB/D7xzbsjxrWW0733DfAe2M2Oi7I1gQsqIBZa+y73Aa5Wz1tRspfmg3u/JqnfsZ7jw9yQAJPBo+sGIfFUlj3fn0OWvuO8BkDTPrEy6cmUSSF4LWBuTrnx7JPeWORArk3FrzDzQYY5s2bIptlj0bq+bpwNI5OpTrDLpKnhTLCn2hKIPai0sZr3zQkrWDetW/Q6xkxRbj7mlNNcwVCj+H91kWmUiZ6aYzzN+3gLAusG5LyhfaOJ1Yb0oplNe2FJWfTH3/dzG2eheYOUvN+VbL0/jVu6mn+4b6gmX7TVfaGJgqOCNN/dWtg8NvfPdlK7ZeJnkvpZS6TjgSJmsURLKZNOORrk7018oyqHr0NaUTek7XhffCC8WtcfPo3J+a1nEM0PcpfFepfXeneRdpot+bs8akoNb5fv+17/9RmaZnCHWdm9iqPHQm+9UcZAb4DE8qetM3PcASJpnWyZyG1f4YzMWjNnK7SnmwQox0pgmNm+v5fdYHfJKrrix6ZfRHRurVaJbR/NuVUblv5gbpqIJc8S8mxUPYqTylhU/r7n2gcwymT61zdw3mm3csSllX7u5sHwm5inLL5iHaKxt3RvmUOLZXM4VAawb7H1BsT8nz+aSZRL/EbWFeDFUvrvF3uHb7nhFbLGmxestNtCe8u5Fs0zOmT84iJZMDMpkzTE9PiQQZZJ11ZwwR9qLtlsdUnkvvOWj9spfijfIrXLh9Jfj3xiLZ4ZI3JR9sW+M5O6yQJnEuZFlHUUZf/GFLY1VudtfefHNYHvCAgDg4ZNomVxwz1gS786hS8oE1Hm2ZSInrU3aO2Jkq9iyHTD3iswfv1nVYXbIJvMASVnsh1/yKIrcIsWXiaWFeTdrcyX+3LTZ3FLuc2+bzDKxjoq8YVxOF6tutxaWd9+WEk2jLeYqrafnKJN3ziWceACwbpAvIpMXvy1farJMxGsz9iNyE/lisH8Q7TxbRk7bLxYT8Ursyt202Xz92otJKJM1ivOYSZyJom2npts/2mL/s4pvG/u9cvHMMMRd7JUleRfHN2SXmb4JtG/a2Th+aps83m5YP6hKmA8AHh60Xz16+kJxy6B7xpJ4dw5dUiagzioqk9lK8+pz7zGTlE3th8zPWpFnfHnLxLr7AsdMXvsoLE/6SvyAFqtM5H3N2d+W09bWbshaPI5ZNbGzucQGT04ArD88+4LRMuk6sNV1zMSc9UL0wIjzmEmsTKI/NY8SO5vLdaEzZbJGWbBM3tlsvcc6rjNxXnDi+dZKuM5EXs5uJH+X/nzXFfA24+e276g3Lr4bLxzncRgA0Ih359AlZQLqrKIyEYxX2lWQeJ2J8Zr1kVmNswuUiXm3X8oGMZHrNNcgtqATF8VWM+UF67ysKNEyyXrZXPjbe81DKilWmQwFzQ+jjC5lbWVTXs5yXmfyxgvec8MA1gOefUH7OpPxlBe2NLbfy8/cUdQTu9p4vDJ6duXl9C1/n3idSck2MVJUHS47k7+jOl4mxq19zo/8okzWAfmvm2+hL255bcjRrq9tfjHlhRcbHUeXPd9ajswwjHvndphrWc5dwofMHxJtOxS9enD76+YR7k1b30iPfXixHEl5cVNZDx8bDPAYwlUX9h6vOlTR5p6xJN6dQ5eUCaizusrEMIqsj6Lf+uN0edMuk6ECMxvE/tBCZSIYf23Li2JblH4uunFKsT+b63K6mDYvxo0SLZPGnWJX6tvyXC9zAfGEzDXHG8Z6VpucZdIVMJ+bvQDAusGzL2iXidEY3G6+El7fcXEo/jlIm1I2bT9ntsm275p7ot/+eW5W7OfT21+3fj3F17dU9jvKJPFwCmUCALAa4Ap4WHU8szIBAAAAgGfHAa6Ah9UGZQIAAACwAbl/peGT0BP4HfDuewAkDWUCAAAAAEni3Tl0SZmAOpQJAAAAACSJd+fQJWUC6lAmAAAAAJAk3p1Dl5QJqEOZAAAAAECSeHcOXVImoA5lAgAAAABJ4t05dEmZgDqUCQAAAAAkiXfn0CVlAupQJgAAAACQJN6dQ5fayiTS3VZd0zw15x6HdQxlAgAAAABJ4t05dKmpTAaafWkB0w/Pu2fB+oUyAQAAAIAk8e4cutRQJg35QZkltX0z7nnJ01uTVRb/LZI9ZYW+tELHbC30luRY+ZQWyAk1u2cqIVaV1+Qe3DhQJgAAAACQJN6dQ5cayiTPH93dd89YFk+rTMrrm2vr61L9gYaIe7YClAllAgAAAADJ4N05dKmhTLLkeVxpAWvHcybTHwhecy/zeJ5WmfREpzt9OXV9CXNVsMuk4uDKwmxtQpkAAAAAQJJ4dw5drrhMxpo7a4uiF5lYZp7qdC+TDIuVyVyvz3+s1jrQ4UsLyrm+D88WFRSKwQO7AuGmUn92qZiOHbSZFffNLKgLi+X9rrZxlMlQXerxNmvqTk6obrS7TdxdPgHRGOUdfaMjwwcyAp1Ts2LEPAfMXxhuaRPR1ZN4iX+0TGYih9MC4i6j1vLOJ1DSY4740oqy8mvEXyGYHahurymoaK4+XZSaFpgS8+bafHtKxcrF3ANVgwlrX/Ust0wmAAAAAGDD4t05THSlZZKXEThQ03vl+DG7TAbVPp6rt8aZN5ZmVwxWhE7cMnfuDasZwtbKxdycCmsnvr3Cl11x0xqsPhS4Kf4YasjxRw9fBNOtXf84sTKZiYikqRhKmFd+IODLqRMT/thpaVO1RSX95oR4JkVWYBjhs4cvTdp3sWZFj5nkOU5mcz4B36fmBS2xajKMyGWfv9iamm0NHaueMP/ia/d8sGWXCSIiIiLiIq6oTESW2CGx0jN1FjlmUpDuOEuqtyanatgwd/RLG6JDYfte4i5iMHw8ejm+NLaYJHqdyZUO52lcM3kHC6PL59SI26mOMqkYEX+ah1Pi5ocd9124TBKWTyu1RuyjN73xNTSVlljPPZgd8H0YKqhROtb0TKFMEBEREVGXqmUy1mxnSWp+86jacRIni5RJxUH7yhBzV76gxfxziTIZrQotfoGK8zqTKPYRkurcaJkYkQ7598o5dcOaMyzGXfeyWaRM3E9g6TKJMnPHl37WcXsNQJkgIiIioi4Vy8R5tERDlhiLlslgVaigxXs216JlIs/mWuRjtxYoE1+sKMS9ZJn0lBd2Jn76sS8tmNe08CrtMjnxYcLZXK6lkyoT6++VcHvVQ5kgIiIioi5VysS8IvzDita5iE/5qhIvi5SJoLWi1Ewgf7C6O7rDv1SZmMzm7TPP6fLvc+3oL1Amj7obzMM+e4oitUWyTCKNxXZ0lbRbjzg3Fn0OGcfCiVen2GUij7SkhuRhlvgTKAnL088WL5OJTn+69XAZhdq+mE8LygQRERERdalSJsZY9De+r7k96cczF45eW2+RucJf0rLeoUwQERERUZdKZWIYBQdDun6N+uqiv+5AbfzTt1LTjjnmgRvKBBERERF1qVgm65jaUEgeEfLvK1rpB46tdygTRERERNQlZQLqUCaIiIiIqEvKBNShTBARERFRl5QJqEOZICIiIqIuKRNQhzJBRERERF1SJqAOZYKIiIiIuqRMQB3KBBERERF1SZmAOpQJIiIiIuqSMgF1KBNERERE1CVlAupQJoiIiIioS8oE1KFMEBEREVGXlAmoQ5kgIiIioi4pE1CHMkFEREREXVImoA5lgoiIiIi6pExAHcoEEREREXVJmYA6lAkiIiIi6pIyAXUoE0RERETUJWUC6lAmiIiIiKhLygTUoUwQERERUZeUCahDmSAiIiKiLikTUIcyQURERERdUiagDmWCiIiIiLqkTEAdygQRERERdUmZgDqUCSIiIiLqkjIBdSgTRERERNQlZQLqUCaIiIiIqEvKBNShTBARERFRl5QJqEOZICIiIqIuKRNQhzJBRERERF1SJqAOZYKIiIiIulxemVwpCPjSktV9Z1h3UCaIiIiIqMvllUlDvpkcqcfb4kNzk7X1zVc6hh3LBFXKpLfGn18nVlVbcV7cN+KerZ/D/kBmyR336Nok0nTWPfRUoEwQERERUZfLL5OMwsG5+EjBnugRklY7JuYGGwpCCmWSVdYrJ0XbFHUmztWHLz/sHloHRNr8IUcuPi0oE0RERETU5bLLJK/JcftWhS+9WFRFSY6Ik5BjhrGSMjF6arLK+8SfYrXG2A2xKhkTkfa6VL+ZRqOxNPL5S1vLivz+QOqeInHz8J6gzx/M/LQmOjvS4U83qyk60lmX82H8TLO8tEDsEWdzss3jPKm7Qo+s2z1lhb6cuvJ8s68Ol3XIlY221pn3TQ/W9s3IkdXFs4gTygQRERERdbmiMukrLxQ7633RMklIkZWUyWBFqKDFnBCrzcsIlNc3j1rjqWnmdPXpIl9OTY8VJ760oqz8mur65mB2oLq9pqDCnCsWm7KWF/cVI7X1zQd2BUp6Zo2ZyOjIZd+nl0dHzHPP7DIRHZIZqBGLlRcUplpHVMwyEYWTbw7afxGx2tr6ttqK8xVDcmDVUbAn8JTjhDJBRERERF2uqEyMa6W+9KIpY7LnWo0v7ZhjhkqZyKMZwqyCZjkmyiR+VlfL2bymWXvcd7DBSHiUXl/uZTk1VVtUYhZHm/PErdghnbA9aJeJL63QXizPb67QLJPYoJg2H8kqk56p6BNYrcyO1hZX9Dy9QzqUCSIiIiLqctll4j943jmS5Y/mhHlQIspMX7OZGc7FHo/zbK4Y5tlcMUarQlZvmJiXu6SfNRKiojfeIU2l5pIjDc4V+tKC1p8LlkmpvZh4xNFomUQH7TIxp1vME7rCT+HyfBVmUzOKStqf6pOjTBARERFRl8suE/OYRrkjIcY6srJDeaeixyuM6G69++Sux/O4MlnkmMniZbLSYyYLlIngUXdNwkeTrRpGG0ufcpYYlAkiIiIi6lOlTJLUfeeleWyZGIbfHyivb6suK3ZcZ7JEmRjBXeZ1JuGOzsN77EM6kz7/sb5+8xyx+HUm5aHMQM3NlubyUCh+nYmnTLJyz3eODJcXFAavTcpZq4fRxuKnnyUGZYKIiIiI+lxemQA4oUwQERERUZeUCahDmSAiIiKiLikTUIcyQURERERdUiagDmWCiIiIiLqkTEAdygQRERERdUmZgDqUCSIiIiLqkjIBdSgTRERERNQlZQLqUCaIiIiIqEvKBNShTBARERFRl5QJqEOZICIiIqIuKRNQhzJBRERERF1SJqAOZYKIiIiIuqRMQB3KBBERERF1SZmAOpQJIiIiIuqSMgF1KBNERERE1CVlAupQJoiIiIioS8oE1KFMEBEREVGXlAmoQ5kgIiIioi4pE1CHMkFEREREXVImoA5lgoiIiIi6pExAHcoEEREREXVJmYA6lAkiIiIi6pIyAXUoE0RERETUJWUC6lAmiIiIiKhLygTUoUwQERERUZeUCahDmSAiIiKiLikTUIcyQURERERdUiagDmWCiIiIiLqkTEAdygQRERERdUmZgDqUCSIiIiLqkjIBdSgTRERERNSltjL5OLe468599yisaygTRERERNSltjLxpQU+PVLuHoV1DWWCiIiIiLrUUCaH88qyckLuUdgAUCaIiIiIqMuVlknHrV5fWkBYVX3VPW8ZRFdim9fkXgJWIZQJIiIiIupyRWVS39gmQ8K/65gdFe6FlkNPWWGDewxWL5QJIiIiIupyRWUiU2T/odN3evr37A1RJhsNygQRERERdalSJjMzj2Zn54xYmTjP4xLjYm580WXiKpPUtEB1c1tRbjCvKSJHMj8MhbuHC/aJxy00bzeVnjgdysqvqa2v8/mLsz4M1dY3V58u8n3aLGYWZATK65vDLW0ncq2FQTeUCSIiIiLqctll4rwa5H7/SGv7HV/sU7mcs9QuO0kok5azBS3RSdEhJf32DEE4Tx6caSoNXosOFWUHpmKzZbeIMqntnYyNgX4oE0RERETU5fLKZGBwVFRH9oGTWTnmuVuZWWYAyDKZnn4kJsS4mCsm/JnH3HdOAmeZjFZFTw+zLCzpNQdrTxWn+h0XtDSVynFBSU78RLLoEZWBZnPJD0ODM/Yc0AllgoiIiIi6XF6Z7D90esfOfDnddee+zANZJoWhC9FaMIyHD6fs6WXhOmaS1zTrmGncPHWsfMiamrh8IJkyiVGUEwg7b4MmKBNERERE1OXyyuTY8So7OaqqrzrL5HTpJXtWe8ddDWViGH5/oKCiuba+LvNgXY9hTDWVph4639dxw5dxLDP98WWSs68o3D082t2W6Y+f6AUaoUwQERERUZfLK5MrVzt81jUkJWca7FOq5Ei4pUtMiHFZLFrK5FFfs3nulj9YUNtrpcVMVrp5s3UsUp37+DKpyI+eD3b49A17FmiEMkFEREREXS6vTIzYYZMF2yNUVGPPGo9MuObC+oMyQURERERdLrtMAGwoE0RERETUJWUC6lAmiIiIiKhLygTUoUwQERERUZeUCahDmSAiIiKiLikTUIcyQURERERdUiagDmWCiIiIiLqkTEAdygQRERERdUmZgDqUCSIiIiLqkjIBdSgTRERERNQlZQLqUCaIiIiIqEvKBNShTBARERFRl5QJqEOZICIiIqIuKRNQhzJBRERERF1SJqAOZYKIiIiIuqRMQB3KBBERERF1SZmAOpQJIiIiIuqSMgF1KBNERERE1CVlAupQJoiIiIioS8oE1KFMEBEREVGXlAmoQ5kgIiIioi4pE1CHMkFEREREXVImoA5lgoiIiIi6pExAHcoEEREREXVJmYA6lAkiIiIi6pIyAXUoE0RERETUJWUC6lAmiIiIiKhLygTUoUwQERERUZeUCahDmSAiIiKiLikTUIcyQURERERdrrxMIqlpgdRDNe5h2ABQJoiIiIioyxWVyWjreZ8/ZE6NdfjSAqNz7gVgfUOZICIiIqIuV1Amc2OiRloj0Vutp0O+fecTFoD1DmWCiIiIiLpUK5PZTH/Al1HkHp65s5IjJwUHC1PFav3BYFnYPQ9WJZQJIiIiIupSpUwaCo75c+s6Z9zjgs6KIt+e0oaBWfeMx9JT49sVCpZdrq04n7qnwj0XliTSdNY99FSgTBARERFRlyplMhqZ8aWVNriHTRryAz0zkdGpZZdJSU6gxz1m+HK4sD5ZCvYE3ENPHsoEEREREXWpUiaCpcrEPZYUU9dKfXtKa3sno7fnJkdHOnzZFaMjw4Z5TKA0NS1QXt9cfbrIzhVfWrFvV6i2vq6hUyzf6/MXhlvazNPMNmrPiDjxh9rco08SygQRERERdbnSMqmtb456rddYQZlEr11JCxTUdMZGeu3GCKYHfLmX5bRIFDkhFm6IXX8/WBUq6rEO1ITP2gtsOCJtT/nICWWCiIiIiLpcaZmIieiIVRErKJMoU72Xo59E7CgTX1phiRk+JuIh5AXyYjA6ZBgF6WbV2NrjG4rRxtJU78cSPEkoE0RERETU5aorE8GBaFrEyyQ1LZDXFL12pSQnMGpNOMuk4qCGx13TiCwpaY8dQnpaUCaIiIiIqMvVWCa+tKD156QvO1omBRkB38HohS2Os7niZTJYFcpretr75auJ2ad8tERCmSAiIiKiLldLmTSEQvJErNTskF0YDQWFYqTPmn7U12z+tpOMwsHY70txlomgtaLUXEPGsaz8jXcFfOSOe+SpQJkgIiIioi4VyyR+4bvHKfeysG6hTBARERFRl4plAmBQJoiIiIioT8oE1KFMEBEREVGXlAmoQ5kgIiIioi4pE1CHMkFEREREXVImoA5lgoiIiIi6pExAHcoEEREREXVJmYA6lAkiIiIi6pIyAXUoE0RERETUJWUC6lAmiIiIiKhLygTUoUwQERERUZeUCahDmSAiIiKiLikTUIcyQURERERdUiagDmWCiIiIiLqkTEAdygQRERERdUmZgDqUCSIiIiLqkjIBdSgTRERERNQlZQLqUCaIiIiIqEvKBNShTBARERFRl5QJqEOZICIiIqIuKRNQhzJBRERERF1SJqAOZYKIiIiIuqRMQB3KBBERERF1SZmAOpQJIiIiIuqSMgF1KBNERERE1CVlAupQJoiIiIioS8oE1KFMEBEREVGXlAmoQ5kgIiIioi4pE1CHMkFEREREXVImoA5lgoiIiIi6XFGZ3O68d7r0ki8t8HFucX1jq3s2rHcoE0RERETU5YrKRDSJ05Iz9e4lYF1DmSAiIiKiLhXLRKZIuKXLOfhh9gkx6ByB9Q1lgoiIiIi6VCmTa9c79x867R61EONirns0OQoOFqb6Az5/MFgWds+DVQllgoiIiIi6VCmTrL2hO3cH3KMWYlzMnZqacc94LD01vl2hYNnl2orzqXsq3HNhSSJNZ91DTwXKBBERERF1qVImvrRAS2u3PKHLHvz0SLk9fq7qimPxpCjJCfS4x54gFQfX21lnBXuewd+IMkFEREREXSqWSWHowoJlIsdzA2WOxZOiOjcQnnONhX350dO68tICWWW91kSws6bUfGh/sDVizWsq9aWfrc4PicG8ig77zuXWSOanNa1js9ZAuKDFeNRdJwZHO83/u57/mifS5g+1uQefMJQJIiIiIupSpUzKK5pkh3jLxDueNLOZfvOOBTX2ZSoLlkk8YFLlozSZoRK9w/Fg+ZA18VmwWnbLXFtBRmDQGvOlBfOa5Ki5Hjmxroi0PeUjJ5QJIiIiIupSpUwE/QOjez8+5SyQk6drxU0xrlomUaZ6L/v8IWty4TKxl2zIt04AM8ukMDYWlovlOJ9AU2lBS3yWZF2WyWhjaWpGkXv0SUKZICIiIqIuFctEMD39qKr6qnNEfojwCstE4I/e/XFlEvCUyVzzBi6TWZElJe3Rg0JPB8oEEREREXWpXiaLsfIy8aUFrT97fQfqrIlZn6NMGiaiiznP5pqyRhoCsbO5jgcrrAnn2VzOMjnx4Yqe4erDzBL32JOHMkFEREREXa60TD7OLXamyMCgeTaXwhXwDSHzgnVhanbI/rF/a1mRz7qKvSQnXiatFZ4r4NMK5fXuzivga60VZn56/spA9Ap4Z5kYkY6VF9QqInLHPfJUoEwQERERUZcrLRP7knenV67GC0EvC5yFlXCdCTxVKBNERERE1OVKy+QpQ5msKigTRERERNQlZQLqUCaIiIiIqMs1ViawqqBMEBEREVGXlAmoQ5kgIiIioi4pE1CHMkFEREREXVImoA5lgoiIiIi6pExAHcoEEREREXVJmYA6lAkiIiIi6pIyAXUoE0RERETUJWUC6lAmiIiIiKhLygTUoUwQERERUZeUCahDmSAiIiKiLikTUIcyQURERERdUiagDmWCiIiIiLqkTEAdygQRERERdUmZgDqUCSIiIiLqkjIBdSgTRERERNQlZQLqUCaIiIiIqEvKBNShTBARERFRl5QJqEOZICIiIqIuKRNQhzJBRERERF1SJqAOZYKIiIiIuqRMQB3KBBERERF1SZmAOpQJIiIiIuqSMgF1KBNERERE1CVlAupQJoiIiIioS8oE1KFMEBEREVGXlAmoQ5kgIiIioi4pE1CHMkFEREREXVImoA5lgoiIiIi61F0m/R2P3EOwbqFMEBEREVGXOsukOhD07QtllfW6Zzx5fGml7iF48lAmiIiIiKhLbWVy5XSRzx98ZIQVy6S3xpcWyKkYdI5lpgXympwDi7KsMinICIy6x0AFygQRERERdalSJn5/QFREgunHbg7NWDPVy+RwoNiXdiw+MteW89lZbWUSPtvjHlpHRNr8oTb34JOHMkFEREREXSqUSVtiloT6xiYdc8P+/LrWgVnHSHL01uTVNh/2B+yBqUvF5eEaXWUSPh5cz2ViGAV74l+6pwZlgoiIiIi6VCiTcGKZuJLAmptRkTiYBL1WhLScDYatqhmqy0kLGE2lskxEpaTmlN7s7zu8K9AwYY70lBWW5AdPVDSHR8yb8mnkZQQ65ZGbSNi3qyjccsPvD6Tmh425yRPZgdaR4dGRYTGzJEfuxPeKiVR/YW19c3BPoKjTGptr8+WcFYt11pem5l+2htYMIk6e8pETygQRERERdalQJk/qbC4ZIT5/sfh/0Z5A6mdtdpl4FxNlEm0JC1EmIksaItGbBemxAwi9NVlp5rSIEPuYibNM+mLL+UTAWKttiC3mSyuMTa4VZkdriyt65D/E04AyQURERERdqpSJYe3cyybpm5m5WV8TPHhMTLeOza68TMxDJea178fM8LDLZKyjPFSUahWRXSZ2QhhmRZhPwL6ZkxhOxuJlEhuLlsloVagk9vR96Wdjc9cGo42lqRlF7tEnCWWCiIiIiLpULJO86E5/wlGFFX1qcKxMpmqLyvvboh/SFS2TSREJ4TlrsVsVi5RJqWEM+jKip5bFj5nESLJMBAfSrb9aRmht/WIWkSUl7bFjRk8LygQRERERdalYJuHjQftwRALKv2kxViaGMStWOyUnY8dMxEhmweXOlsu+PccWLxMj0lQa7aJI2OcP1tY3l58qztkTEgOdp48dOB3uHLkz9ZgyueE/3hEbXDOMNhY//SwxKBNERERE1KdimRgtZ1OtMmkwz+DSQbxMjFQ7eGJlcuVUyLy4xR/sm+lcokysqjl24pb5lGpDIfH0UncV5oSsC9nnBuXJYH2PKROzi6Sp+87G5q56InfcI08FygQRERERdalaJoKZvhOhmlF5ktV6ISstGL/RWGxfcwILQpkgIiIioi5XUCbrkWBGoLzlzujIcF/HjQXOVYNEKBNERERE1CVlkshYh19eAZ8eLG8dc8+FRCgTRERERNQlZQLqUCaIiIiIqEvKBNShTBARERFRl5QJqEOZICIiIqIuKRNQhzJBRERERF1SJqAOZYKIiIiIuqRMQB3KBBERERF1SZmAOpQJIiIiIuqSMgF1KBNERERE1CVlAupQJoiIiIioS8oE1KFMEBEREVGXlAmoQ5kgIiIioi4pE1CHMkFEREREXVImoA5lgoiIiIi6pExAHcoEEREREXVJmYA6lAkiIiIi6pIyAXUoE0RERETUJWUC6lAmiIiIiKhLygTUoUwQERERUZeUCahDmSAiIiKiLikTUIcyQURERERdUiagDmWCiIiIiLqkTEAdygQRERERdUmZgDqUCSIiIiLqkjIBdSgTRERERNQlZQLqUCaIiIiIqEvKBNShTBARERFRl5QJqEOZICIiIqIuKRNQhzJBRERERF0qlclQW7CgVDo4Fx27UlYhR64MzCYsDOsXygQRERERdalSJj1lhb60gLSkJzqY+f+3d8c/TaQJHIf//fkB0uhuxNhsjMEsjQ0VbQ5PSjCNng2sKBAbT04NtxJCTnAxIatRSG+m05ZS3F2Y910l+nzzZC3TaWF/85PpYKl3ZGJ+69jZ9u1OmQAAEEtQmRyPkIPPHTzrdpLLD0aP2XmdMgEAIJaiZVKqTtbuph0y9fhd99jBWJYl1VIpqEzat6q1a5XRo3Zep0wAAIilSJlsL8xUV/YHNZI+2HvcyCtlf6UxsbA9+oJT7nC9eqGyd7+++PvoM3Y+p0wAAIilSJkMLY+TTP/iSfEt/lxJri13Ou+Tq0u9QyuN2fmZ6vyT5Y3sq7lypdpcW2zeS8qtze6d97NXphefvd77dT39AQbvY19sygQAgFgCy6Sz8c/ePSefRp8588rjlclf3qcPxsane4dWGsnFxuCEZHwmfzDWP3OwhauVoldqrPiUCQAAsRQqk8NeFeQf4pqs3e1/rCvbh/7vET7jXueFk2vnb7LSmDu6aSW7MHLkRjs9tP3oQeli70j/l4TZl5syAQAgliJl8nfcAd++We1+Yivf6+TntQ+dkTJ5m5RbR6eke9UsN3fyhw+vK5OvMGUCAEAsRcukd+2id52k079+khT9rcGTpWM3iiTj9YXdkTLpDH+7bE8bk497/6pjuaRMvsKUCQAAsYSVSekoFfZXQspk5+iu9+6a1yrZP2xyvEw6h+8mfqxm3+JGq72bHZgqZ1+OXZ7dX5xVJl9+ygQAgFiKlElnd71aa+R2+neVrM438yOrb3rXMeybnzIBACCWQmVi1p0yAQAgFmVixadMAACIRZlY8SkTAABiUSZWfMoEAIBYlIkVnzIBACAWZWLFp0wAAIhFmVjxKRMAAGJRJlZ8ygQAgFiUiRWfMgEAIBZlYsWnTAAAiEWZWPEpEwAAYlEmVnzKBACAWJSJFZ8yAQAgFmVixadMAACIRZlY8SkTAABiUSZWfMoEAIBYlIkVnzIBACAWZWLFp0wAAIhFmVjxKRMAAGJRJlZ8ygQAgFiUiRWfMgEAIBZlYsWnTAAAiEWZWPEpEwAAYlEmVnzKBACAWJSJFZ8yAQAgFmVixadMAACIRZlY8SkTAABiUSZWfMoEAIBYlIkV35s3b5QJAABRKBOLM2UCAEAIZWJxpkwAAAgRVCZj45XkhNGT7PuYMgEAIERAmWw8SDtkstaoDlybTsZnRk87ww72Np6MlbK8Kdda7d3Rp/9kc+XKw5fby6/eJ+PV2n9Gn42ypDQ7esiGpkwAAAgRUCYrjZErJC/uTCfl1vKdZvv34cOn3XKtmr7h1J2lxVZrrDT7cH/0hD9Zqf+TJKXp2Y3jz0VaUro7esiGpkwAAAhRsEz2/jWbfXarNH10waSWhcrtV2kk1BfOcrmjt92l5PqTs8TIsYVdq/nDjf09b/tNTpkAABCiYJlkl0fSMqmsDR9Mj7TT/5Zbm8NHT7fN+Zm0ak5uuV5P37b0073F7Y/5kaS8tHCjnn3o68L03mGn8/v63PXsnPwCTpooc1vZaXvPW0N3vzQ6nXZyo91/1/bEfPekTrv2rDN5uZpcW06/+LTd/uFidv7DX7PvtXpzJn959lz2zo38xel3L11Iq6z6/N1BfmRqvLLzuJmeOTb0c35vUyYAAIQoWCafvfc9a4Ot1mcD4y83V66c7JmdZv32q/xv/zvNa5X2YfYoL5Du9pNLzfzR4JpJv0zeJ5cfdA9s3L6Un//5MknGq/2DR0v/76pPswfDl2LyMmnfrA4+Zla7WNnpPkjLZDk/+J/m4HNl39uUCQAAIQqVyeH6ySbJXH+S9sPoyadb+sLV0WOd2oWhd9tqle+/7Qxduxh+fKJM3iblVvfAX5RJ/0F3715OXMrudUlNrWQHTpZJeTg8Vhq1Z9mfU0cH20OPv68pEwAAQhQpk/3F7k0mJ6TlcLXo38tf3PnMnesBZZJd99je/9i+M5OU8qf+qkxePvihVFlY29j77e2EMjn7lAkAACGKlMnUiSbJ7XcOkutPRs8+7faT8erV5uvhQzv367VnJz/NdaoyqV4c+ZjWVnJ1Kf/w1ebczMkymStXkiv5ZZaDP7lm0r5Vbfbv7x/+NFf/LGUCAABFFCmT6oXKp9Fj2fYe3W3+NnrwDDt8t9Fq9v49k3/8e6977Hkz+5VfpZ/uPfy1d3vHKctkttxPplJ1p5s0z+dnf+jdub51skzS7756J7uTfqK2dvtSr0x2Ht9LjzT/l79z73st1uv5+6y+OboDPn+gTAAAoJgiZbLfzv6+/lkfRs/9SjvcGrvSWHy0llqo18durY+eYLGnTAAACFGkTM7/VmuVF4MvDrcCPmNmp50yAQAgxLdZJp3OwdRP2W/ZGvtxplxbGn3S/oYpEwAAQnyrZWJfesoEAIAQysTiTJkAABBCmVicKRMAAEIoE4szZQIAQAhlYnGmTAAACKFMLM6UCQAAIZSJxZkyAQAghDKxOFMmAACEUCYWZ8oEAIAQysTiTJkAABBCmVicKRMAAEIoE4szZQIAQAhlYnGmTAAACKFMLM6UCQAAIZSJxZkyAQAghDKxOFMmAACEUCYWZ8oEAIAQysTiTJkAABBCmVicKRMAAEIoE4szZQIAQAhlYnGmTAAACKFMLM6UCQAAIZSJxZkyAQAghDKxOFMmAACEUCYWZ8oEAIAQysTiTJkAABBCmVicKRMAAEIoE4szZQIAQIgiZfLh6b1kvHJcY29za/Q8+56mTAAACFGkTDbnZ06WSXqwVGuPnmrfzZQJAAAhYpZJ+mB/9Fz7XqZMAAAIEblMisfJVqt0Y2nx0dpiq1X8TezrTZkAABAiVplUqrVGbnbt7egLTrOt1sR8/06VzdbEwvaxZ8M2Nj4zeshiT5kAABAiWpkMHAXGmTZcJltHZbJwo56+5+T8y73D7Mu5cmXv6YPsG5Wqy28Oeud3DspXqlkdPer3zEqj3fn4w4VK+f5/V2/2ftrloTcsXal/6r/YokyZAAAQ4vyVycf9iVLv01ztW9Xl7qOdZpoT051umSzs9l5RLlWyP3aXyuPdB+lp9+u1Z91cWWkkFxu98zqdZHDNZKs1tTI4bDGnTAAACHGOymTwDuX6Wn6sdqGXHFm3dPMju2bSf8XD65V2p7N3v34UHoftsVvr2YOVxuQv7/snDpXJ4Xpy+ahYLOKUCQAAIc5RmfReuP9krNIrk/J4Ze+3twOdbpkMXrE5N7Pcva6SjA9iYyu5tpyly0pjbuinOCqTbAcL9XpScudJ5CkTAABCnL8y6XRuX6686N5VklbH3ObgZpJsaZkMkiO/itLZXe59rKv7aa5qu/dprj8uk2x51VjEKRMAAEL8H9kLjqUvBc4ZAAAAAElFTkSuQmCC" alt="Screenshot" width="100%" ></p>]]>
  </system-out>
  <testcase classname="org.example.Merchant" name="OpenMerchant" time="11.043"/>
  <system-out>
    <![CDATA[<p><img src="data:image/png;base64,iVBORw0KGgoAAAANSUhEUgAABDMAAAIGCAIAAADGMlPIAACAAElEQVR4Xuy9C3AUV5rvObERGzfi7sb2jRu7E7sRExsxdvfc7ul5dc+r79zbe3dku9vdM0N3tTwyY2gvjEeMoY0xj3ZD0y3sFjYFligjwMISWM1DqFAZISxLgEQLJGE9AIEokCUeeiEhCZBUKiiVpNIj9zt5Mk+dzCy9qkqFJP6/+CMyT5581ldV3z/POVm/98zHTRAEzVHto793pJI7z2Q0swn+16I//LjZWD9sSdsP7qv5mYxgndUlD7xDY/6R8cCYMjqujCsAAAAAADPGPzhyXYUmfs+SkUAQNGc0h53JL8sfwpkAAAAAIELIk1xWoYnfMy8EICw6ewbMRSBixseVsXGFUv/BkXFfYKx/aKzHP3p/YPTe45GORyPtj0bavCMt/YHm/sAdz/BtT+B2X+BW3/DN3uFGVQ26vuyZTKJag7rWzb7hW0wB2iBtljZOu2jtD9z1BmiPnY9H6AAe+kc9Q2N0SEOj4yPMmRDmgwcAAAAAmBJuSzhwJiA6wJnMEmPjlPqPD4+Nkzl5PDzmGRztHWTGgOxBt2+ky8dcCqmdGRVmHsirkFq9zE4weZmaVfcyiVg17kC8zIS0eTUfQiIL1OljhoR2xz1J3+AY2ZLHgXG1wWR8lNknOBMAAAAAhAOcCYg+cCazhNpswswJeYDhUeZPBgJjJF+AvMHYo+Ex79CYd3isf2iUTAsZBvZXnegbZBaiV3UyU4pqqqIJfSPq3351449UkRXxqfslQzI4ysyS6McFWwIAAACA8IAzAdEHzmT2GGctJ8wDBLg/GRsfYhZljFyKXxXzKmp3L+5YuB4Pq1INjKrxCaRXUOuL1fmmBtSN870MqjulXZNB4keC1hIAAAAARAicCYg+cCazCmX/TGrnLtWlMFdAGhljzSkjYzSh+RZVbGgKF180HclriU3pS9le+B5H1QNQBU8CAAAAgEiBMwHRB84klmhGxSS1dWUSqa7GIGudELLsCAAAAAAgWsCZgOgDZzIHsZqKKQUAAAAAEEvgTED0gTMBAAAAAAAzBc4ERB84k3nK8KjSOTB2zxcFeYbQ5gIAAACAmQFnAqIPnMl8hGyJ1WBEot7BcdomAAAAAMA0idSZUObR8Wi0oWfky4eqeoRGmXol9THd9LAnlpq3AhYWcCbzi8BYlD2JrAf+MfP+AAAAAABCEZEz8Q2P/2Fa9zO77z+z5/4ze+8/89GDZ/aRHj7z8cNnMnqe2c/0tczOnxY/Xlb86Ku/ffDsYc+zh/ufze4/2zFi3hZYQMCZzCOGRsetdiLqMu8VAAAAAMBCRM4krfrx5M7kv2R2vlTY2zvEfqDtxeP3hTN59qjXvK0osXbD24uXvEoyL4gqfBezvZf5C5zJPCJaA0smVwDeBAAAAABTEZEz+cMPuyZxJl/P7CjtCHiH2W+wjSvjvUOjzx7uE86kb3YGyP79Cy/+4de+QTIviCp8F7O9l/lL5M7ElVciq6yVF7ebyvuNa0URm6PGXBQBq+M3mYvmBv3DsWgw4TLvGwAAAADAyCw6k38t6SNbMjrGHAj98w6PPXso6ExmabQJnMlcIHJnYk91Oj46rinNmVPHi+vtDpde7kpxODuMa0WRmDuTTlt84uvZTeZiFVpkPZ6TmxJNJUrHCVaTa8ma7JIGcwUjUR/yPrkwGh4AAAAAkzNbzuS1kl6yIurvSrOfbAuMjn9yc1juzeWDM1m4RMOZ5Adn6kqCziS3Xi/tLM5cUM5kdXrmxvhV5mJFCZxP3ZsSwpnY1idl3TEWdZxwyVck0GRLSC7qkUqMWM3DbAvmBAAAAACTMCvOZJGru3tA7cOlMjo2frJp+GvSCHg4k4UNnImJaTkTV6dSl3nSYiRej0+ucpidiacguXxQsSWkyoVmZ6IoJVsTbetPGIokrM4hEn3lpM9aaFLnAPp0AQAAAGBCZsWZvFE24BkKOpOhwPiPPr337CEPnMlTwtxxJu0uZgkCXTXLl62yxSduPFBqquC5U7p8SaItftX2ArdcbnACbSfW5bepUzWU+jeXHExIYD2mlr+dFqyjUnIgmXemWpdSKJcbncmA7bV0aZajOhOlydqhy7a11OJMOl1rWVeu5ARjhy6LM2Errg3tTCZ5JFfNOc9XMvqYPukr7DEvnUjTcSb3MNoEAAAAABMzO86kfLDl0fjYmGZNvMNj//VQB5zJ00M0nMnxmstuTYUFQWeSVaaXX8z5aFrOJGFxUnZLQJsfbVqaHnQgtoSkrAb9UANNtmXptYP6IuEEfDXL04QrqElYvMojdUmyxSeL6XUJib7gkoAtfo2YEc6k3ZVkW5wkyiW4M1GS4w1mw1OQ7B5VDYbkTNzpq2wrj7KpuszsFlEcwpmQdeGbtdI7OJkzqdGnv5LhsVYIKTgTAAAA4AnScTa/1lw2Gf03yuypziLTHVHPVdcNPRnidFbxNCzlwMUp867IiaYz+euPW35wsOkv9rX9+f723zaMdfpUc6Lak97B0e8cuTe5M3l702ae7l+6XCtSf9L2lJ2BgJ5ZKsr3fvCP8lKS7aWXxVKrM3nmj/6Yl/zN3323tbXtT7/113z25Vd++rVv/KnYyPPf/wexCh3zbw8dMe0l6Z1gDioK+ezo6Khck2ZFzaeTyJ1JtCBnUuQxlJBJ4Ok7LaoyvlDNhzbYVqgZv3Amo20Jb8ttDjVLMwxNK1UpupHoOLGzWl6iKHeOinEg3Jn4qtN2Vk90ZTRnYurQ9brqfEzOhOyQqGNLkNptZGcy6N3+5qoi3tITikkeFiycSXOH79nPdb/R6au4P1xR3f/2Ha3aH2T01XQN5VwZaFZnmTN57P+Dk75GywZlmY8DAAAAANFgps7EnnrGXBQS3ZnEhqg5k6/vuXuwfqiifXh/3eM/zuxedf5x9f3xwRGt5YRy/dTax9N0Jt/88780uYKXXl7C6+xIcZgWcaXvy+AVTM7k+Il8UYdsCZUIZ2Ldy8eZB/haZFpMi7iuXNVeGVHCZ/818XVRsuw1yxOTnj7mlDMxOAnJmZCpCPpdzqV0W7zWoKE6gYEqx5p2g3up2Vho+Cke8gzaVGVaifEWg6LUrsvX2iu4M1mXEGxFsaA7E2OHLtu2CsXsTJpsW0vFkb8ut7HIz+aKT9zrkjuAmbF6BqFgb64DHovN8H/n/KA6MfT7hYZGEnImOSf7rj02b80k83EAAAAAIBrM3JmUmItCMk+dyYdXh/0B9adLxpWLncPf3H9/5flH1d3j93zjasPJOHtqsPR7JpM4E9Ly11Zs2/6B7AqoQmVVtVxi0jX3dcXoTERrCelOk5btCWdC+tZffeed32yVN2I6DKtGRtiv18uzsi155afLxOk8zcwpZ9JuLBHOhA/VMNBxYrWe6NscFbZl25LWJ5qcialhRDgT647oMgg7QTvduSxxqdS/y4JwJsHRI56C5GZ1QnYmrCuXZD9IwQ5dcpuJr/T1Q+YhKzLTaTMh/VNGH59ovut79rfMrnzrnJ+VtD9actWw1lcO9X3lk37r1kwyHwcAAADwVBPo9/SReupKDl9hvcJ7Ks7UNHXfqSrZfVrNLDqr8s6W5JW57/QqtblOu7Nqd25VzQ3KGXrKnAV3HvRV5h0vUn/2TXMmHVWOPDEoV6K+rLShvdV9wX7UPaQotEd76hn6S0tos8WZrsrLrFz4kHSH89rdvv4HrSlpLl5iz6wy9ebaXXDLWBBIP639Al3YRM2ZZNSP9g5qfbfo78Xu4W9+wszJJw2jzd5xz9D4p02BabaZZOcc4yW0HZH0t3d0yA5BrCVKvvr1P6HZuBd+IFfj+rKhUdQXzoR8Cy+5deu2vFkx/c0/+7ZY68fxCbyQfIhcR5bfb75n/tQSuTOJ4jiTiZzJFG0ma7VuXUY7MaEzmarNRH0c8Gibbf0Jo9URBJ2Jcl0dPXLn6HJ9EIvsTOSRLSoDtlcz3XybxnEmWSsTjR3ZDExznMn/UJ1JzXnPVzJU1/HYpzkT36C1zeRey6PvnOdLJ5T5OAAAAACgjNp3mftWkRNg/3VWpZ/VMgTmTBzWho5OXoE5k46L9gMXzcuN2FNLeNOKaDOhzdaK72fuTMbcu4v1tKS5bCJnogTaU04IcxKw7zsnLQuTqDmTDecHGz3jI/rAkqHR8X8/3fM3R7peK31U2DZW3T3+b2e903QmbW13RaHI+++2t4vp7/6/z4sK3/6bvxPlitRmIvRn3/4bUVmRnMk/LLKJQnkLYvp9+w5RQTTX/M3ffVeuIySPdQHRcCZRezbXRM7EU8gevCsTYpyJorgz1pQEB7ZP7Ew8xcnnjWdtGWdCbExInKApQ3ImStPyQ02sbUTtyqUYnEmTKBQsjU/Udm10JoFL6dsrJ3whHk386+/kTAq7hq51DdXcfPyVT7yssN77+xl9zY8DW116m4k+ziSvwndWnVVHwI98JdOztWXEuk0h83EAAAAAoOFcTp2WbYx01zv2uOypTuFMRGcq5kx4ISPQ7a5y7HJSTeFMUtKcebdD3wFVvK27P1I3G8qZBNMHvju5B5c+HcKZKEpRppP1JlICrcX517wT7HomRM2ZfHX33W01gab+8cesTxdbSubklc8ePHvg4df33/3G/qmfzfXzX/ySZ/kPHwaHAIvUv+3uXTH9z4u1YScEGQxRroRyJt/8878UlQkxvETeiLwFMf3Jbw+JCmSWeCFvmTHtgvSjn/yzqAzmhTNR2PDxDRl1Uz2bS7UT+uTEzmR6z+ZSVKtTJdXTkZ0J69BlW3mUd+VSJGdCdkUUCjwFyVpDiuXZXHTkq3MmHAVvtQ2zLfyeCQAAAGDiWp7LnqaZhLKDTnuW1ugxuTPJTHVmlvGEuTHYZqIon+1zhsgyaGu7zmkT03EmY+700m6tpGMyZ6Ko5sS+71xUbIkSRWfyzJ7u//Hb3squ8fv6byzS36wbA9/+5O6zWX3P/rYvis7kG3/6LVGBrIIoVyRn8id/8VeivLb2iqg/fWfy02WviQoZ+z/hhd/7wT/KdWQ9fvxY1H/KmS/OpDE7KSF+1clLDZ4W9+rFiSX3g9VkZ8KeqXWJn9FkzsTXcDRhZXJjl9fjadv+5qrtpQ/FIsPvmah9uoKzGgZnQg5kY0FwdeFMzD9gwhms0MotzoS1AiWYen8FsTqH2ZZnyPyuBwAAAJ5yUlJdosGEchv7katsauzW5M4kPdWZVaPeT60/JzsTMhKZFZafbabM6qMy9f+eaTkTpU/siDY7uTNRAu3RsiVKNJ3J3vtf3dt5qXv00XDQmZzvGP5+dku0nMmvkt4Rs9/6q++cPlP8zT/7tij5MG2PIo0zoem/+Ku/FUuFOZnSmfzt3/0/YvbFf/jRyc8Klr+2QpQ0NLIhK3L9g4eDzxf+3g//SWzzaWbuOBMwCZMMNZkN0e7MRwAAAAA85dSVqD2sVFGSM9ZTm1dA067L3ZM7E+Wh23WA9c6q6Q4YnInaiNFh6aNw82wRVT58til9Ws5E8d2uYofkcN30tU7hTKJK1JzJs7s7i9uGR9RfMFFUW+IdHv+Xzx8+u/9+tJyJIvkKk/7yb/8br296anBTc7OoU1XN7jpP6UzkWZOW/n//GrJ+zrFcUQJzokTDmQSHv6u608uL+0zl7CESIAL6Jx5tEnWZ9w0AAAAAYCRqzuTvj3Tf9/PnAzPLMTo2XnFv5Gv7u5/5pDeKzqS1tc3kFri672sdcay/tPjX//W/85L/8s0/r7jwxXScSdGpM9/6q++YdvHVr/8Jf2Swtb5ifEJxXx97BNvTTOTOBMQMq4WYDT3ww5kAAAAAMaLjbH6wKYa3xswTouZMcm6NDY7woe/KCNmSzsDXMrqfOdA7fWcyI6qqa/amf3zx0mXzgqhy7nzZvoz9BYVF5gVgUuBM5hFDo7FoNjHvFQAAAADAQtScif3ySIt3LDA6PjwyXtYe+OrHD57Z3zOJM3kUmTMBcxk4k/lFYGwWW07QWgIAAACAaRKRM/njPd3CmXw3p/dM+1izd/x2/3hiYc8zGT1wJk8tcCbzjtkbcGLeEwAAAADABETkTLxD4/Kzub6x/+G3D/b8UcaDZz5+OLkzyWocNm8LLCDgTOYpw6NK54DZWoQnPCAYAAAAADMlImeiqP1AGntGvnyoq0dolKlXUp8m3whSlgUOnAkAAAAAAJgpkToTAKzAmQAAAAAAgJkCZwKiD5wJAAAAAACYKXAmIPrAmQAAAAAAgJkCZwKiD5wJAAAAAACYKXAmIPrAmQAAAAAAgJkCZwKiD5wJAAAAAACYKXAmIPrAmQAAAAAAgJkCZwKiD5wJAAAAAACYKXAmIPrAmQAAAAAAgJkCZwKiD5wJAAAAAACYKXAmIPrAmQAAAAAAgJkCZwKiD5wJAAAAAACYKXAmIPrAmQAAAAAAgJlicCaUUEIQBEEQBEEQBMVeBmditi0ATJuHDx+KSKLA8g+OQBAEQRAEQdD0JRkTOBMQAXIkwZlAEARBEARBM5WcT8KZgPCRIwnOBIIgCIIgCJqp5HwSzgSEjxxJcCYQBEEQBEHQTCXnk3AmIHzkSIIzgSAIgiAIgmYqOZ+EMwHhI0cSnAkEQRAEQRA0U8n5JJwJCB85kuBMIAiCIAiCoJlKzifhTED4yJEEZwJBEARBEATNVHI+CWcCwkeOJDgTCIIgCIIgaKaS80k4ExA+ciTBmUAQBEEQBEEzlZxPwpmA8JEjCc4EgiAIgiAImqnkfBLOBISPHElwJhAEQRAEQdBMJeeTcCYgfORIgjOBIAiCIAiCZio5n4QzAeEjRxKcCQRBEARBEDRTyfkknAkIHzmSouJM/i69jU/83i9vDuiF973DCUfv0cT/9u5tKue682CQSnofB77haKHZ5w/cvdSmHQBthNd55oNmqiBK5B392/EusS/S32fe7fIM0wRt9v/e3iT2QqJdk+gYeM3auwNf+c3t/2nzTfu5Hr5x0n/49a38614+Xd7ky7naL+8rPH2SdXDNmrdI772/zfvITyWefh8v+c1vknkJacAfSN3pWL9+A+n6jQZeKGpu3Lipta2DF3bf7/m88LS8farGpxsab//852+vXbuOtnzhi2q+rhBVcH2at2nTZqpwPC9fbCES0fHTedEGab+VVRd5SXnFF7ykuaWdV7t5q/nipSvyig7HLnlWPk5xOoVFp996ay2dO61L9eU6NCtvk67Jr36VROV0gn2ex7zwF7/YKC4v3yPf8sFDR6jm++/bT58pkY8hPNELl7z1Pdpg5v5P6HhM15wf4eXaOnpZaZZeYqrPV+SBQSdIxyyXcPGXmBbRdLReL3F4dO70GvFCXiIfhl89qaSkd+QVnc5cMctfOxGcpKysQ2JpZ9dDeunpfGkv8vWPRNlHne0d3WKWXll+zO+8+xv+ctMh7dmbLirQwR8/fsJvORGKmb1708VRye8den9RpNE2k7a8c6/zvvxS8vMVs+KNHLnkqKY9WgPAWsKn6QrTiZhiibRXuggkerPLs1RffETwiBJXoLfv0c6dH3bf75XrQxAEzVRyPglnAsJHjqToOhPyG9/a3cqnZWciJ/0r8rrIEvDpx/6RX515wO2B2Ah5m/996x1e8sKB9uNuzTyQ/vCDZtmZ0L7+9dMuMUsifyKmhTO52Drw3Y+1ta51+L+aojkf8kX/OfkOt1JRdCY8s6G0YMOGt/1qSkeFvGTz5l/x9H3tuvUiz6AU/+zvzss1SSfyP+OrT+RMTp0q/vzzU6Kci9Idysb4dG1tndv9palCJKL9WlMfSkmray7zWTqeq3XX/dNwJpRryrNd3T1bt75/t71TLjStJbZ5/0Hfb5K38sKeXu+HH6ZRCU2TYfj1r5PERrgzOXW6uO2uebNhizK5d99NFi+ckHw69FKSxeLTIgb80gtXUVFZd+2GXMIV9ddLBMNj3xDZM56GiksqDoP0RWX1R+kfi/ybVty+/YOHPdrbQTgTEZy0QTov/rpv/tWveWEURRd59+69Yla+vJRPk5Foam4ToUgH88EHqZRq+y0nQqdP26Go4LPigtMJ0gUR2+Ql4o3DRTsVJXQ8fPsRiq6kuIZ+6bNCLpFDgq/CJ3gs8dgT1Tq7HogToSPcfyDrylW3WJc+ZEwfEXxFumJ0RnI5BEFQeJLzSTgTED5yJEXXmXx9ZzP5EJ7rT+RMyHXIdqK9d+jFLJasy5aDVuElPy+8bzustR54BwK0oqjW/HCIlv6BPWhF/BM4k3873lXTGjzNfVV9n3/J8ozXPu0iX1R6m92Fjboz8esZlZzS8XTnYY9HTrwoUdi2bbupJk3TdijbmMiZJCW9QyuKci45wbImWxGK0j5KZ+USclnZR50iU6dcNn0fywtn6kzIhr399i/kEutaYpu/Kz0vp1836hvPna+gCbIrlG+J2/ncmdClowto3XJ4ok2988671nL5dN577335FvvHGft5ii9eOHEipjQ06q+XvEG6DrfvtPilSyq/RhSNly5fbWi4LVakWZHUWp0JLyQ/QBMhL0gkoquXuf+TjZt+KUrky0uHTdFCdfbsTedXj4JQvEFMJ0KVL9fWUVTwd4q44HTkwndxWS++7EzIg1Hwy0vDUyTOxK+2/vGmJFGN/u7atbvfyz7c6E1BVpMuHT9ZqkmxZ/qI4CvSK9t4k936gSAIilByPglnAsJHjqToOhMyBuQ0vvtxW5dneCJn8n++f+f6PUPvCOFD+Oyxuv5lLnafm0qSih8I70E+hDbLq5FLIcdCs8/vvyt6Z/lDORPe0UsUkrr7tQMThzcwO87kbaMzoSTp8JGjlCtQGnSj3tBLzVSTq7a2jmpO5Ew2b/6VvAUuOcGiHb311tpt9u1WAxOe6LxM3VrowNo7DG1WPJ+bqTOh7PZozjG5xLoW3yY3bPIZkS/i1bZseZfKKRu713mfr0uVSXQR6r80XO1IRPkfJc2mvFY+HdFIwkUpoOxD6GgpUeavoCkN5a8XVY7W6yWCgQJPRAu/VvJh+FWXS3+3bn1frEhRt+ODFN5QENKZUHDS0fpV67UrbY+1HSlskfGgrJriQfQ1skaLX828qaZfdSMiLMWJ8HV5KNL15I1s4oKvW7de3qB/KmdCqT8PJ9NaM1WEzoS8pej0xasdz8vnhtOvnzu90MUlv/Or703Ru1KIVjx/viIqLguCIMgPZwKihRxJUXcmfrW/1v/x3h3Zmaw+2X3wsofkn9SZkIsg/V/btPt53Jkcd3vP3npMf3k53xe5lP+czGZpU28VBLukh+FMWh4OvXCgPYrOhHcBX79+Q79Xu69J2RuleqJXyTSdCVWLxJkIOY+5du3aba08U0XRmbC+QNWXuPzRcyZi43xdkeRRirZ27bpDxg48keh82QW5Y9s0ncnd9s5Tp4tv1DfyRVRSUVHJL4K4sJ1dD6L1etF+yUdR/Hz2WSEdLb9oKSk7qUQ+DMpTeRvUjh0pvA6POr3z4d2QzuSiOjCDT1PNTz75LV3hqHgqeuP4Wd8k78cfZ/INhnQmJN7OJt5W8onQun7dmfjVLnZX665P7kwomPlr0dXNGtlkZ8KjLirOZOfOD8UrTseTvPU9OQBESJDx4yWmt4BwJhRLdJx02XmfOvKQvBm24kIVj8CJnEndtRt0haPoJCEIepol55NwJiB85EiaDWdy6/7gH6U2CwNgajP5j1tunW40dNrmrSJiI+RAeH8w7kzu9Q2T9/jXT7t4ty5e7S92t4rB7rQvsSmrM6HVqbJ3IPhNTGZm8+kHvAIvoUOiwmg5E578iSxNpHSUQvGEgGwJJRDyWiGdCe+BM5EzsWZX/gmcyUSVZyrK9h72MG8pRGdhslhJSe9QwjSlMzHlmpRKygOaQ67Ft8laRT7OpLRVlNP0gQNZfsmZ7Erbc/9BnymV/PzzUybPEKFEHyH/pM6ELhHvOcNfuIc9/Xv1MxUvpVVReb3kYKCUnd8p55dUHAa/nmLUdVMze3NxZ+JXGx+oGs/yrcEpd7iiwKYrbAqGMETHIw6G3BQ/HvnyetT+S3yaDo8y8sz9n/BZ+US4bxTOhNZ67/1tx4+f4BfcGgnWN47sTCikTeNSwpMjsjYTOkhyLHK1AXXEf3tHN115ce4kKqfAE+OITNunV8r09oQgCApPcj4JZwLCR46k2XAmpH5fgAxGSGeyIq/rf33nNp8OOQK+sXvwnw5qJoSciV8dmkL2o/khSwSpkGyGmCXRtDAeVmdCExdbB77/iXb7UB4BL5xJfaf/27tbo+VMTNmGSOk6ux6Int/ybcuQI+Ap2+Y3j6mauCvsl5IqpzP3fNkFUc5lTbC4uPOJUJTumwbO0rG9/fYvLl2+ymc/D3cEfHPL3c2bf2V9UpDVmfjVw+DDcvzGEfDCmfCjMjmTiorKqFwEoR0faC0MfuPp0Et55sxZPj0QagQ8HZhp5IlVUTlUkzPhZlhcUn4YJ/I/E40/3kd+PpRcOBM6waysQ/btO/zG4Oz3+ig4TS8xXWExwCNs0fFwN+JXu2nxoSzy5aUI5G0aJMq86fDErHwitC6diHAmfjU4ydLwC06vEe8JJmR948jOhLY80Ss1I0XiTOi1WKv7VdmZ0IdDe0cX+RPxecJd6ID6dArTR4RYUfbVEARBYUvOJ+FMQPjIkTRLzsSvPkcrpDPp8gzHZd795+x7By97/mRXy3/49S3RQiLq/Mctt3gJdyZ/n3n354Vs8AAvvH7Pv/18cFgzTYsB7iGdCel/2XJr27ke2iNN/IX+9DDhTEj/869uzbYz8au+gufuh48c3ZW2h5JFEiUcPEvwqP2+2truuT7N+/nP3z579hxf6733t332WWF19aWjOcdElyRKvN56a+258xVUfuKElmbJCdbpMyV8Ka0bld5BfrULGR3AF5U1amtJo19NH9euXUcltC9ht+gY6BR4NxV+l1f0WqlWu2/Jvbn4uVfXXN646Zc0S9sRvVBCOhN+GPyC0CrCkIgJv/oEJ+5Mso866VCpJl3PyHtz3brd7PhwFz/IiXpz8QyS75Re4tzc47xcJIUUANyIfiL15qJTjvrrdVHvzXX8+Ak6fe7fxCXlh7FjRwpdIrEKVaNVhDMhddy7z3tt8eCkclpKl52Ck7/W5A2q1cikdSNMdnv7vHQ8coZN2/Srl5f2S5eUDuA3vwl6Y6rP2wf4tHwitC5Jdib0flmjP6L6sTqkh06Bjryw6HS/d+Ci1JvLff1Lv2oOaQs0Ta94SupOseVIZHUm4n3BY94UEn619929zvsFnxe988678vOm77Z3UvlHH+07lvspXQE5Grkx86vvTfER8bn6PAMRhPR2oxMXlxqCICg8yfkknAkIHzmSJnEm9L0FQRAEQRAEPVWy5oQhJeeTcCYgfORI4s7EGpQQBEEQBEEQNDCBV5HzSTgTED5yJJEzscYfBEEQBEEQBJkEZwKijxxJcCYQBEEQBEHQ9AVnAqKJHElwJhAEQRAEQdBMJeeTcCYgfORImqYz8Q0MQxAEQRAEQQtS1txvSsn5JJwJCB85kmRnYg1TCIIgCIIg6KmV1ZDAmYAoI0cSdybWQIQgCIIgCIIg3wT+RM4n4UxA+MiRRM7EGn8mPfYNQRAEQRAEQQtY1gzQKjgTEH3kSDI5E2uYQhAEQRAEQU+nrOZE+BM5n4QzAeEjR5JwJtZYhCAIgiAIgp5ywZmA2UWOJHIm1hAkPXo8CEEQBEEQBD2FsmaGVn8i55NwJiB85EiSnYk1LmV5H/khCIIgCIKghSRrymfSRP5EzifhTED4yJEknIk1EK2xC0EQBEEQBC1gWRPCicyJnE/CmYDwkSOJnMmUbuRvP6xWVQX1ewcgCIIgCIIWjKyJX0iXYjUncj4JZwLCR44k4UxMsWgNXAiCIAiCIOhp0EQWRfYncj4JZwLCR44kcib+wREIgiAIgiAImr7kfDIcZ5LlcNpTSS7zgthSm+vsMJeBmCJHEpwJBEEQBEEQNFPJ+WQ4zuRmWZkrr8iR6nTllYTQqautPvMq02LM21pVlkK2x+Eqvek1L7UAZ/LEkSMJzgSCIAiCIAiaqeR8Mhxnwqk/6VJbTkIop85ceRr47KmunCuaIWktzqftGCuYgTMJ4rvlKLhlLpx95EiCM4EgCIIgCIJmKjmfDN+ZKJ1VVk8StjO5c+p4caexqK7k8JVR+t9+sPZaQUGKw5nXwIpdB5gjStlXJDuTHLWwWG9pyUl1jdy9SCX9bC6QuY8tTc+9OI2WmHnLkzAnciTBmUAQBEEQBEEzlZxPRuBMlFtWTxK2Myk76Kw3FT246DjVSv/bM8vsGUWflbnrPWSHLtr3FNU3NNaUnUtJ05yJr67EceRCvfuqGPqSQz7E4aq87KbpnoqCrNNX693uzMyy+jGx9QVI3j5njM2JHElwJhAEQRAEQdBMJeeTkTgTxepJVLnybptrTklxprVrVr09l7kVe+pxUeRyBLt4FWWoqzScS9ENScfZ/OIHbIKcyZBejTmTszHN158co/01Z8o6AubiWUOOJDgTCIIgCIKgua+Ttwd/f3/fVzJiIdqR9QBMkvPJiJxJZqrzWlP3UDQaIkL25sqpU3tzpZaIskxp8AnvzdVfUWBPze/39HHxg8kxjVEJ9OVkOB1HajuicahzldGUtKLi2+E9fCBM5EiCM4EgCIIgCJr7+k8W/zCrsh6ASXI+GakzMReFTeuF3WrfLR1f5RFnjZ9Nyc5EbjPRmllYm4n5MMzOhDFK1TIr+szFC4X+KyUxtiUKnAkEQRAEQdB8k9U8zKqsB2CSnE9G5kx2OXOMjwyWe17NlKIDrDNYcZW7puwCTTjytIEnsjNROqr0cSZl8jgT+56Cmsvuz3ILeInsTK6dPF7pbr3jvmp35JubZRYK/VfOxN6WKHAmEARBEARB801W8zCrsh6ASXI+GZEzIf9QJLdz+N12aYAHWPDIkQRnAkEQBEEQNPdlNQ+zKusBmCTnkxE5k9bLV00llVVPyVhzwJAjCc4EgiAIgiBo7stqHmZV1gMwSc4nI3Im4ClHjiQ4EwiCIAiCoLkvq3mYVVkPwCQ5n4QzAeEjR1KMnckXX1Q///zzzz333Jni31mXQhAEQRAEQSFlNQ+zKusBmCTnk3AmIHzkSIqKM1m8eHF7R5e13KTevkff+973rOVPRHFxcXQ81nIIgiAIgqA5KKt5mLaGGm9aC6eQ9QBMkvNJOBMQPnIkxdKZ1F278cbqN63lsdHcMUUQBEEQBEEzldU8GDXU2uT7t3NM1kXcmWT0Kf+klfjKqqxbMMh6ACbJ+SScCQgfOZJi6UzOnS9/Us7ENzAcFxdnLYcgCIIgCJoXspoHoyZpGLEsOh+AMwFzBTmSou5MyHscOpz9/e9//+WXF//4x7bnnntuwB+g8uPH8996a+1PfvKT99+3p6TupBIqp2pkGKjmD3/4Q/orNkgbuVp3nRbRFqg+38W///vrtDWqRn+psLDoNN8LVau4UMVXfPR4kGapfMuWd55//nm+LokmqJzvurnlrl/tzSV2R6vzw+BbKy0tE4todunSn7700j/TItrgm2veEosgCIIgCIJiJqt5MMpsPzbfG6+5MbD0YqB1VOGLDnkUbWnVCJwJmCvIkTQbzuTXSVvIIYhZYRvO/u683Gbyi19sPJpzTMz+cvOv0vdliLXID4hFfnUXwkuQpaHpV199lc/Wf3nzlVeWdNy7L9fnku2Hqc3EtIjbJ7++cXH8NN3UzJyMdS0IgiAIgqCYyWoejBK9uR7zkn5lXFtUGIAzAXMXOZJmw5nIz916991kMiR82uRMXnrppaamNjF7vuwCLeWj0mlCNi1+dReLFi0Ss+QQaMt8mnY9UXey6TiT+w/6fvCDH8iLfvSjH99t17YmmxbrRiAIgiAIgmIjq3kwytxmoghnoi+CMwFzETmSZsOZ1F27IRZN4kzijE/Hkg2GaSN+dReEvO4nWQetK7qvf0mLfvjDH/LuXtNxJrQject+494nWguCIAiCICiWspoHo8zOpFHRfMif3RiFMwFzFzmSnqAzSXj55UnaTMJzJs8999z9B9p7iY85kVeRNyhme3q9k7eZhFwLgiAIgiAolrKaB6OGRKanlTh9g2OKMjx25rLf7Ewy+vppUc+QZSNBWQ/AJDmfhDMB4SNH0hN0Jr9O2iLchd8yziQ8ZyK3w9y+0zIdZ8KnxcAS6ziTidaCIAiCIAiKmazmYVZlPQCT5HwSzgSEjxxJT9CZkH74wx/G6c/m+slPfiLKw3Ym779vf/7555ctW7ZkyRL6KxuJH/3oxwkJCUuWLi0r/4JvQSzizwETz+aSx8nAmUAQBEEQNBdkNQ+zKusBmCTnk3AmIHzkSHqyzqTt7r3tOz6gdP9f/uVfHvb0i/KwnUm/10f2g5bGx8fTBv/xH/9RrHLxYi2ZFiqvrrnMtyBvPz394+eee44K6XjkcjgTCIIgCILmgqzmYVZlPQCT5HwSzgSEjxxJUXEmEARBEARB0KzKah5mVdYDMEnOJ3+vwdcAQeFJjiQ4EwiCIAiCoLkvq3mYVVkPwCQ5n4QzgcKXHElwJhAEQRAEQXNfVvMwq7IegElyPglnAoUvOZLgTCAIgiAIgua+rOZhVmU9AJPkfBLOBApfciTBmUAQBEEQBM19/SeLeZhVWQ/AJDmfhDOBwpccSXAmEARBEARBc19/ndtv9Q+zJ+sBmCTnk3AmUPiSIwnOBIIgCIIgaF7o5O3BGLSc0C5oR9a9myTnk3AmUPiSIwnOBIIgCIIgCJqp5HwSzgQKX3IkwZlAEARBEARBM5WcT8KZQOFLjiQ4EwiCIAiCIGimkvNJOBMofMmRBGcCQRAEQRAEzVRyPglnAoUvOZLgTCAIgiAIgqCZSs4n4Uyg8CVHEpwJBEEQBEEQNFPJ+SScCRS+5EiCM4EgCIIgCIJmKjmfhDOBwpccSeRMIAiCIAiCIGhGkvNJOBMofMmRRIH16PEgl/eRX1a/d6C371FPr3cYAAAAAAA8BQR0KAns8zymbFAkiqTHviEu38CwnE9GwZmcvlRZ+8hcCD0NkiNJdiYmc0KxSBFJcckD1By5AAAAAABgniOsiAnKAD39PkoITZ6E25LoOpMvd6Q67apO3v2y9lw+TaSduWSpBi1MyZFEzoQHmexPuEzOBAAAAAAALGxGdCgJFM7Eakui50weXeaeRCgtw8X+nqox14y57KmfWguhqEuOJOFMrP6EYpEikuJSxCgAAAAAAHgaEF25QtqSKDmTB1/k7DfYkqA/Cc+ZNJ2hdfeevSwXOlKd+y9aak5DcCaxkRxJJmciWxQ4EwAAAACAp5DR0VFKAmVnInuSKDmTO2dlK5K6+1hUnElG9kl7qitY8qhi76efx9iZXDybZy2EJpIcSeRMeHiFNCcUkRSXowAAAAAA4GlCOBOrJxnwB0hyPhmOM3E4gj7EkVfOCrvOBc1JRlHpA/MqU6vpzP6KcxkOpyhxf3Hy0ytnYuxM8rKCBwBNKTmShDOx+hM4EwAAAACApxPuTEK2lkTBmcjNIyRRnmEsL+oxrziFmlQTUvd51pUv2WxH8V7a+MUC7ky+OPUpbbOgriJrn/PYHbXCxYKcU59mnfpdUSOrsD/Nuf/U7wrOnipVt2ZPPZZ66NT5+nI2QP/IOXUX1XtPFBfUVZ88kcdbdY5lOO27j7G1Kou1thrPNTqL2ntXavtoF5ftafmn6yqO5aIVZULJkWRyJiaXwp/QZQ5VAAAAAACwsBgzQhkg5YEmZ8I9SRScScPdL1hOrzuQHUd+R4X1Lb8TJWmnvqi49IV5rSnFnQmZCsdJ+puT7tzxaYVwJvbUvLx7Wk27o4BNXCzI+OK6vnqFPee8vLWgZbpYYG0/sWecaeDOJKOYl9A0n9gf9FrMmdQbV4RMkiOJnAnFltWWyM7EFKkAAAAAAGBhIzsT2ZBEyZnwnN7YQiIr7HEm3ISwphI29t2V08h8he5M5F1ozuRYk77uvbOmnQbdSNCZ3Nif9WlqmroF4Ux0PxPKmTQcO3TM/uGnX7D2E+k4IUlyJHFnwgVnAgAAAAAAxnRnMpEtiaYzOXjlWrD80dWoOBN3Rf6nbRXaQ7qCzuTToA/hkp2Jr9zSZmJ2JqlBy3F9ms6EqyjnmGiugUySI0l2JiZRLPIndI2Pj5ujFQAAAAAALBTGLfBfMomBMzH3kvqiiI0GidCZNPi+pI24eaEYZ3ImjwqPlZ8rKD+zI1e1EwZnwsaZZJ1lS/Pa2KzVmez/0Jlzqbq2rdLhODaJMyk44swqrzxdf4XcTtap31H99N3OL6xHC6mSI2mazgQAAAAAADw9xMyZ5JvKo+RMGnZIo0SEXal1F+9wOO2OY8euXOGLDK0oXV/wpSXqyHurM6m/pT3p+Jj76iTOpOHBF1Rnx4nyBt8Vh9r1Ky2XDaSBQkqOJDgTAAAAAABgYhJn4h8cIcn5ZCTOJLTSzlyyrgItSMmRBGcCAAAAAABMhHQm3JNEx5lAEJccSeRMRITBmQAAAAAAgHHJmchuBM4Eir7kSJKdiUmxdyY3zpbc6DQXPlGGVthejHvhxRvm8tlnpJOuhrkQAAAAAGCWUVQoCXzsGzK1k8CZQNGXHEmTOBOKRf5L8DxAJ+fIa3Fxca98sOODD95948UXaDquqM1cZ0pWvBD30o5qc+nsEBe3zFxk5nb6y3FFj82ls8mV9yr0ybZcuhrD8kIAAAAAgFgBZwLFSHIkRdWZvKfNDHcVbV4Ut/msocYcY2pn0pv/Rlxcr7l0NmlMDzoTAAAAAIAnB5wJFCPJkTQrzoRRHrdoF/u/7Ujc1vJg6da4I3pbyu3Pd73IGlfiXlq5qXeUlSyjGa1y+Usf377i2sI6U8W9uOt8l74BxpaVL1HFF23LutS1iN7Gol1vsrUXvbzitm4mjry7glV7adkbO47oqwYJOpO2I5tODZ/d/QY7lBdezL2utpI8uPLKP6gHR7ymrU57Yc1BLy462xFszKC9khW7/fkWqkhH2XaICjY9vp7Ljvunb6hVht/4KZvLvRq0OfWfH1iknvxLK7fwkjde4ReDwa5Q2xF1yxrlh/iliNviuhIs3Bp3m10NtiX5agAAAAAARAicCRQjyZE0G87kdsWB9ba4ct4PaiJncvvAonf18lEt0ZedCU3W6z2pqFzk46/Exd3Wqg/Habn77bhFW7TdUan69+zmuAPNesnjEF2yZGfCTIWe1i8S7SRGb6Bc3RX3muq1FGWTjTwMdx3s2Ba9sCKd+xnNmcS9V6HONh+Ie/HFF19YwRfRloWhaWvTz+HyB3Ebi7TCQ8uk3lzBvee/Gbfpc82b1X+8YtGH2sWgixmnb1wZbaMD0aYBAAAAACIDzgSKkeRIiqoz0fmHVzbt113HRM6k4r1lWeaRKEZnEsyzizaKlhZyI5olID5YFFfOHEV53LIDpm3R8aiLJsToTILbTH85TjtcgzMZJquz67o28/jUJt0UsWPecj7ofLgz0R1IF02/sv82n9m1KC7UGJorcS+n86mJnAmZseAORm/T0ear5oku5qLUYBOKOCQAAAAAgAiBM4FiJDmSoupMRG+u4dvON+JW5LLJiZyJorz0QtyLr7yx6/N6sdTgTPQ+VGxma5yWsqvtGzJ8a1tY9664N3ZrjQ+Mx/VUsuzdEP24OAZnIh0hnYh2hLIzUaelMSdtB5ZpBsbQrqI7EzFLexHny8ySXt5bX7Ts5Zde0jqMaddtImdiagxh53WIbVS+mLw8OAMAAAAAEAFwJlCMJEfS7DgThpYoG/N+qfVDZbT39ue7qGabZZzJhM5EKjfR21jEvIreiYsY7ihXR2+E6Ob0BJ1J/e5Fi4J7LIczAQAAAMBcA84EipHkSIqFMxHjSRSFEnqDM1HJfTPuvUo2MbUzGS2Pe8GwFxNdrjfithn6TD2+/MEr6th0EzNzJkr1ey8Ex7oo/qJNcWz0uRKWM6GLwLtjMUan40wMu6DZTadYfzE4EwAAAADMEnAmUIwkR9KsOJPR3isfr4iz8fHit+PiFmkjwtko7RDOpPzdRbuusompnYk66EIMN1eGzUPbH5/fIgaIazQfMDZ3aMzQmbBH+sbZtBM0jYAP1pmeM8l/Mzg05T1b8LoNn9oUHDci7b1oY9yKLG3Yv2kEPJwJAAAAAGYDOBMoRpIjKarORP2lxR0f8Ofh5uq9qhaxuRep/JUX43JTF2nJdMV7Kzayyh/s2BKnj/CejjNpy1tPtbawFTe9qOXi5S+t3MR3TSX8IV1HVi5S63zAnvMrHmAlMWNnop7Iso0fbHnzlbgXXtK8VljOZLjyvbgX2AX5YOOyRZtzg47Of5bWpXI28kbe++Mr7Aq+8gadcpze802BMwEAAADArAFnAsVIciRFy5kAAAAAAIAFA5wJFCPJkQRnAgAAAAAATMCZQDGSHElwJgAAAAAAwMTMnIl5bQCmjRxJcCYAAAAAAMAEnAmIEXIkwZkAAAAAAAATcCYgRsiRBGcCAAAAAABMwJmAGCFHEpwJAAAAAAAwAWcCYoQcSXAmAAAAAADABJwJiBFyJMGZAAAAAAAAE3AmIEbIkQRnAgAAAAAATMCZgBghRxKcCQAAAAAAMAFnAmKEHElwJgAAAAAAwAScCYgRciTBmQAAAAAAABNwJiBGyJEEZwIAAAAAAEzAmYAYIUcSnAkAAAAAADABZwJihBxJcCZhUJThtB+5ai4F8wvPVdeNuRzbTellneYyCzcLXR3mMgAAACAKwJmAGCFHUjSdSaA7fY/LnurcfbCkuL7PvDSmdNodBcG5upLiqXO8GVB20GnPazSXgidHeqrTrirlo4KeMfPS0HhqD1+ZdmxPg+Ax7CnoDpiXzpym3cXt5jILNwtcreYyEGM6izOdZb36XF2JPTVfXhwJtbl6UGUU9E8zsCOg42w+352uqJ0IAGA+AmcCYoQcSdFyJq40pz2txFz6xOjMyi3JqvFpc1F0Jp1V9IWdmeFMySygidrZzxXAdCBXIKafVDpFx5BTp01/ljmrb4fW9LPRCmgQOcyZpIgInNiZVB5x2nPrzaWTQs5EbxMbtaceNyyLBo5Qh6r6k+lH7+BMTwoAMF94Ms7Ed/dWZZV7CAnW04QcSVFyJp32rIs9pjJ/o31fSb+nO51MS2aVon7LFh0p6vZ03yk7k1XV6Cq71eo+l+5wDrHa9Y59x2uauvs97fQdr5YomXlVVHKnqmT3afXmcWeVY4+LSq6dLuKZ2WGHlg3UHHXSAfBplU6qcHiXU7MmujPJyypq9fT13623O84o/H7kkbKiy63B4/H06cczanccd1W1trovpJi+d8c6U07UlmbpGwdzAKMzYc1lOalOkb7zNGvoRknW6fr+B61ZhW5W2lnFjYQ9zeXYlU8vvWufs9avrtBbm3LoAtW0O3je1qlGcl9xXklpq2E7PFA5sjNRlL6yg2pOOXZLXbedgjanzic21dpwtVRt7GBtjLlV19zuml52SHlnSxx7Cmou0xHWa8ffWbV7n6v+bl9l3nG7epr9nqu7TzXRRnwBkbkOsnAtu9XddFU/ZnY8jiMX+BsKTmY2Yc5E8blTnGpcCWfSeZGiiH1enT3DPkPGBj/LcNqPXqUXjhbmpTkrtY87F83SFkSMyZuWnIkW5Omp+RQkeWXuO71KR2l+1mn3nQd9xc7janSxsM86xXZa6nRV3ijbnXGOdsHDhvmNXYYgGfH10aHSTkf0XXAMzkQN4Er1U5fvgs6LhxM7zbHBfk+TOCkAwALjSTiTh26t0fajC+ZFYOEiR1KUnEl9yslbpqLW08crefLeUcW/U+lb9rPmUbWI8n72fUz0lBWoLQ/19n1lvIS+F41NHKPc2LD2Cs1+sBL6wq4/oXVlyUp1ZpbJzog5E1+N/lVqaTMRx6PfhrQcT+uFw1c065FivFXZUZxfSklk/bn0UmR7cwXdmQR8d6861I52VmdCcWUYkiGcSarLVa+GpVYySEa3Q71ZQ/6T22bJcli2o2N0Jsq1PGet+i6o1eJo1L7vgmlTit+9+5TUG4sifNcZvX7QmeiDmgZrc138zSJOTctcWy+IFsKiTM3Y0/HwtwSLc/4OArOC6kzUQGJzujOhKLqj3/LjnyHMfui3OeiF5hP8QyzHGDwC2ZnwDyvWaVBfV9yaURSfGl1sO9oHKTmKtBLutCmMFb2nFq+ds0ubCNm8IzsTSwAzmLHxXdWDsBNtJgAsVGLtTOhLjtuSmkj6RHdWyXfj1E+0EJ90kcE+9/mhZhaoN6Uixj7B18BTghxJs+dMcqTb2Pz71fgtq9+T02xDMNkS08W5BQ514IpwJuJVo9Vr2f/tKSdovz32o4a719yZ0H+Z/JtbdyatVWUpDi2WFGPGZjoe0b1bVAZzGUrX+llr2K2asjL7AWZfrc6EfIvD4czM03N04UxUl6uiBl4nM9LipVfDTMnLdKVkFukd/Y3b0TE5EwqhWp4pBsU+G/mmPqtihoQ+MPn2NaQIl51JsFCbNjsT+Z0lol20I82wcw6YKZozYU1t9DGoOxO5HY9XkJxJvfzxwl4vb6MxxjSCH0QOFx9AJYeZ/LLy3UlhHzQMPDzkMBCBF/L7Wq5pDWCGzy2a5uBMAFjAxNqZ5EgpWvjEypmUXnbXXL5IaaV+/yYi7HAmOlFyJq32g7X9xqIInYmvrmR33sX6u6yTwMTORGH9snovave8g2jOpKM0P69hVGkuY7sY67SnFXWrfWD4sU3uTG5SpqtLWwTmKnIWmGlO0aQXN9CX+ZFzd4Hqoid1JuKl1zu6jBbn5tv3FJV1qJGmb0f+NDI6E/ap1a0ehthUv8erLmKboo8y2hScyYJAdyYs0lz0acMHb0zuTHh/PC69N7UWY2ItRX1l1Q8ir+hxHXtnYglghc5RayBiwJkAsGCJtTMR9wXVr97AbofTdcNcZ2pi5Uz0791We+bFbsPScBDOpOxgZMZsfiJHUpScCWudsGdq3bE4FAxab67mst26E5jEmdh3neMFHcWsN1ex3imFdUuY2JnUn3AV6WmBhOZMFDXOdx8pYruoK/msWVvMDfkkzkRpvSAHNpjjWJ2Jy+F0FDSx+bFWU16uVZ7Imai9uULeAVEDJjicibYjf2bKKeNh/YEQraePF3MzY4FtytKbK6Qz0Tsx+mqdWm+u3Xr3RO091VklenN9ti/Ym4uXwJnMMkFnonRU0afNbvVLsDbXJXpz8Y5YzJnwsSjslkroL0p6QeUvOIPnVJHDTHTKkntzTepMtPqHZ9KbyxLAo6w72VirPgCvU5wUAGCBEVtn4nW31hRJrbROwxfk9JnImYx12h3Ha9SGDnFzxf7RuaK8fCrM2uOsrytxZJTQtP5ZyW4fsnvkVN/8kS05k96Leq+h9syCi/13b9n1D2LyGKVsQGFfVpqzdYh9krKvAUd+fcMtMl2817hAcyYB32F+Q0itLx8A/yy2pxal51bRKbgynJW3q/LK3JWni7Tx2eq4QNo4Lc2qMI/9nuPIkRQtZ0KMdNc7dqmxdLDsmoeV1OSxB1hlFrh5P4TJnUn62SY2Vj7VefgsTyh7eM8r1+XuSZwJM6uGse+coDOhb1DK1Xgid3ify+5w7T5axTOJyZyJonRfLsvcx/qSZeYZ7muDOYi4z2Lf5brpVROpsZ5aNfwonFLUF3eo4QKr4HBd4xUmdCaM0ly2ruMAv4HdyQM7p6p9xLodHXEMDuMDXmsK2KZYJFe0ik2l7CngrTEizNiA+AmcSc6Vnt20VloBvRf4Mlcmi+S8+uB7qvvyOfb2cbhqH2pHBWcSKyRnojpDke4XHz3OPsTSCjTX6GuiEjt/XQLd7DVVHwdMXyg1uQUixvQtMSZ3JvS9yT7TaCMHgk0ckzqTkryD7ABEF+6eK+do1tTkYQoYCmB+qCyAffU5adrDP+6c0kYSBk8KALCwiKkzoQ+XrKrOayfZBwrXdH8EwIT6EFWj2IdyT1mBPtaZeYZ6deN2MUz5dpk9o4zfT6o85LyjsB662pAA+tLdpd8s19CdScBHlib42HiV0iztLqZD/2QcqikqfsAm6EiK+M2e+nOHLxnSa/YFoH64yz2O5AOwH2U3gYKftr6r/GlO9E1ws+B4pd+UQ8wz5EiKojOJDLk310zwuzMr0NsKLFzm80cNmDvAoAIAZkrsnEmOemeai9+3C58J2kzygq3MrA7PHaX73ME0lHd4rT+pDcfnMt6j1saZXGvS7heqBHIOsrZpJvW2t3icPDmTMnbDnjWnBGXsCBvSmRjqq5/gUku31JVWv6fuynDaPyrIU0eyzi/kSJrXzqTf0+0IPp0GgIUInAmIBnAmAICZEhNn4nULW5KS647Cb8pO4Ey0Z/lz6kryGtj/kziT/oqCkB1eVeRxJhqihYT9dhXvkONr4ueVeYr/OHef1EnDzATOxHwAkzsTjUC7GCAxX5Ajac44EwAAAAAAMFeIhTORW0uiYEuUCZ1JT0UBeyaSitSba0JnwntzhRp0qoR0JnbdUagDr5kz6SjNbzU+/die6tJ+zsKCcCaffWTozWWqPS1nop6XYX7OI0cSnAkAAAAAADAx686EjQj/qOzmmM8e9qgSKxM4E+JmWQmzQA5X5V0t4Z/MmTBGcw6wPl0OfTCfTghnMnK3ljX77Cvy1RRxZ+K7ckaYruLb6h7HvNoxpB2vN45OEc6Et7SkFPBmluABFNfz7mcTOxN/Kx+waE/Lj9rFjBVyJMGZAAAAAAAAE7PuTBSv9ovv8y6TnpqxevknwPkzasFEyJEEZwIAAAAAAEzMvjNRlLyDBdH6GfW5xYOLWTXBBDpFfXg8mAg5kuBMAAAAAACAiVg4kwWM+NEAx4GiSB84ttCRIwnOBAAAAAAAmIAzATFCjiQ4EwAAAAAAYALOBMQIOZLgTAAAAAAAgAk4ExAj5EiCMwEAAAAAACbgTECMkCMJzgQAAAAAAJiAMwExQo4kOBMAAAAAAGACzgTECDmSYulMbPFp5qIpqNkZn2guAyAUzSUHE+ITbfGJy99ODZgXRofGA2tsP8s1l0YJ29oT5iJFaXdt4u+apIRV5mURUOVIbDeXzQxPyTbb4hBvZzpg9sO3TyMPbSuPmstiRl1mckFDY12buXwqwouE1ZaP5Yxl5pLJ8dQV7t1MsZ24LqVYDXL2ztW1yWX6ZeW5gfEgE3dWmysAsPCAMwExQo6k+elMOumL4fXsJjHvzlhFJcGv2J5CaWmnay3/Llm1fUH+mA8gfDW2hFUlFRXlFRXbN28wL50PTO5Mosvk+WjWik3momkTwpkMliZbTsHmqDGVzHtajtriZyfwBkvNl9QCfQBO8oJaEdd/8kiYCKszmSnujA2rtx5117lXL0580FZbrr5zbfHJ6kRt+1TfOc2HZudSTwo/yPKs5O0FbKIx+NvOE7La1WkuAmBeAWcCYoQcSfPUmazbkfZ6fPAusi0hbWfwK7Ype2XixuBS5kz4FH2fFXn0YrCAsFnjxNdwMiWJyjceqFDnWSx1V6Tz27Q07ylILtFDO1CaerKHrbJ0cWLCyuSMyoeKmmS3e9wJCczWZl/yKmoap/mHqWoy7lewkiVrWAOOfjC8fpDRh7QdKt9b+VBsWa4pnAnLBUfde18Vp9m0NJ3Z7O7Kg1R5dUohL10dv6m7kp1j8nm2240/W0WGrdGnrVO1h22Z9tV4aIOcj/KNJCzbRIXNLlaHVKWapfbRh3QW5QHF11LKD3XdHnY9g5aJn6Z2IzmNORNPrXQpvLwhyyZuHHgqdq5k9xFs/CW7X5GxeQNNby9oEMdDZ8rPTqXJto3tkZ1LfOLSt/XPkI4T4qY1O0711aGrR7tr1opjCr00FFHlekStjk9yu1LZaS7Z4BlVTm5KFB885dvkI6zZeSmwbtkq2+I1PCyJxoI0tmLCqqr7ivkCqoFnMwZS4PoJXkdtahjgq7+++SBfar0s4vpT3kxLm1uK1dVXlbRobY38UougEiSr4fT61hPJ6mtHbyhfw4nklatez25SP6gf2raW6s2VA7ZNheyU1fBIWKu9ataDUSrTxNvQ8AWhv8W0WR5mi9eU0zm25PLjfzKtFtVpcpOO6X3NZ5e/nUoHuXqJ9sIFawMw34AzATFCjqRoORPbsjXLl2xq9nh3/iyxSl2jPT8pKbvC01Jji1+zs3qA1VG/eNYlJC5PY3fsKNla/puj5Tc7q7K38XtLO5cl2n6W7vF0rluW2D6qCGdS5Vhz0tBPoZPqewr1PKCnMLslePOPvvhtK49KeWfQmVAhnMlCpNO2WcvqBLaE1BKekbflJp8f4LHkZkEl7ut7tbU8xRvVMLO9qiVG7vRVzWq1jQVawrEzgceh5kymrMmDkJfw+lXqwfD6gqUia/GVii3LNQ3OhLiemXFdXZqximXugxWrc9Q3Rk+heo6sGl+dSFaPhNjIjMqA0nAwuZTVoX3RItmZmJprbPFamwklVUtTuK8Lwt9o4sBs8VruWJXCkm/rpQjV7NOp37MfoKvUrL4ovso0ehcL+CuiqHcT6FUT58JXYf+Hciba1XgC8KPyUjrO5+mFEJ807PKOukUrrrhiKjW2VzP5lBaWLUe1l0lRstcmBozNUKbAE4hPv9fptearj7aRowuEvizi+rOle+u0Uh5jwUutBxWnZEsif6UUNTAU1Zlk6xvmH9T0qm0sZM6cPpzVT9oB21re+/Fh6IMhE/u29DaR4kScKYsQ1XKLRYq+uyeD5EyaszcY39c1RrNUgzYTMN+BMwExQo6kqDmT+FXaN5yeMYhvuKqUVTyZYF88bSeWOmp47mT+8lZCZ5Ps6y0hSa/IYc6E0jKeA9HXQ7P03Uz7ZUkApZtahqQ7k9EAmaJZGoEAnijBTCtYEkypO21bSw3tb3puwXNE8qsUeKxaWi1fzppQulhGKHwsDyHdmUxdk5JyKQMz1xdIqdjARFs2OBO9qURrPLmUrm+tia8od7OxxWvvmqwVibS0PWdTlZZZDpRsNTqT+DUePelUZ4UzCdHjnzUQGZxJKi8XzsR0KSZ1JjXBqzRas/xQsH8mHSF/q2aoZyoOSZ1We/KEcib6CcacnkKeg4oOXcYXQr1QK3gK7uVNQDo1SzPYC8pQw5L5EP0saLpkUHYm5vAQiE8/2pdYnV4aWj3UZTE4E333WrovwkYEFWe7dEbLdWciSvg0M+SqNzu5ib98tevytdTclpBea3mNdi5L7DYEnoiT4JnS8dCZ0qe6W7qpNDecSefJ9dph6C9Hk+1n6aIinAlYAMCZgBghR1LUnImaHKhoH8fBr5mOE/x7mhIguSu25cvb8DmuJmosm7TFJ+p3gQWqM2G3nNnWlqr5pf7d3KT1IghmCcyZeDzeqvQ1mu0BC40BceNZJ3QsafN6buFOX+VhN3q5qa5ZfaiB4oQrMGq4V210JlPXXG3oamKuL5AbKybastGZsKNlldX8j2WuemWPj6WCxvdUqtgULRXJqyIlsoLGkoO2+FX8/SE5kzRxXkvjE90tXs+jgMmZBFoKbawnWNLeCnbBrZdiMmciuQuzvdQbGfiZylvQzjGUMzGdVKxoYt5P73PF2+UsH25ask42mFfQkQJVDUvDWQivos2bw0MQdCbBz2H2Opo3qGFwJmKp7kwMYaMvNJwRn7Y6E9HhUHs/dpxILtE35RngbSbywZgSd+lVDnGmnpulCXR51RidG86EfaRYXw5XSpLttW28ApwJmO/AmYAYIUdSbJ1JYu0hrflbCfHlHTqbLLlTus5l7o3Aa1JCwGqq9yC177w7R0WKoHfw1dtMfKXB25NgYWGTBh2pTKvNRKnLpAnKotRkUV6FYU2ydWcydc3t8cY2E0ufKI4tIXiHdaItm5wJJbiU/2ntgdVpojsNx/ieMnSAac/ZJG6AV6VYs1WlOSeJ96cK5UyC/ZRq0wy9udwHDO0t1ksxmTNRaidqMyHUjl41/EwnbTNhzU3tlqw3dtRlkm3ThkcfShbd6sRyzcKdTy0fDPYs1TE7k+78pMnaTCYIpKAzCdVmYrkskzuT0M8/kNtMJnQmqttvVx5qw4RGpTYxlVAHE0SKk9BnGmjJ5X51bjgT66upsXMZbzKCMwHzHjgTECPkSJo9Z7JTH61bslXrcy9yrI2FLNuwfnkHe3PdOSr15mL9wYw3GjVnovQUrlu/iS/i33lSf3T1SZpsI8HvDzoktJosTNpO2BLW8GdzZe9h/Ytc6xNtr23zeDqTjGOWGFJPcdvKDWJ4Q/bPEvcWVDReqihxpfPkewJnMnVNOp51CYknLzWUl2j1bYs3uVs6eX1B0ebEvSUN3R7v3jdXiS3LNa3ORBmseH3lKnErm3LiEtpLReHeS2xWfk95zqcu/83R7hZ39tYkdelD2jLf19Jlhkc5bTxQ6PF4s7esqVXf60kJic0er8fgTGh6Da3bXFfI1xUH1n06WbsRsHhNd6jmI6XhIB0krSt3pLQlJNFLo6g5XMKb6R5P2+sJ5vcm+9zQu1/6qtNW7ylt7PKeTNvAB62x01lGr69358/WPFlnkkwfaPrQGoVdqOSTPSE+3NhEgmH0kYrZmSis2hq6/t03K7RerA0H1x1y8wvIA88aSOLc211JfHV6Nfn9nJCXhV//9vsDVmfCw0YOKo3rmVTu6Wooz97Gx0eFdCaK0vT6Sta9lpO8LDG7pNZdUbGadeYyHUyt7MwVgzMJvsU2bi1kH+ybD9IVoF3vvMRe/ZItiSUt3u7g07E6tXsTXSd4c41N6yqsla+j+JTKT65nI/55uVs12/w2FpXzcVyinA+bEeUMeQT8aJPxfV3rKnHzYFYXe23LUmlWrw3A/APOBMQIOZJmz5ko/Fku8atONmjDKLUvntG27LUsWQzx5R3oLFcfHyQ/T4lXWBq/anulGI6pOxO2otY9TP3OY+Ms9TpiqXRni75I1uaqeSoAIGIGK8RwbUX9EJCWRUpz9gZLJ735DZkWPIEDADCPgDMBMUKOpGg5EwDAU0eXPFBkQO01FzV2vmr4zaL5Tyd/PhUAAMwX4ExAjJAjCc4EABA2/AccEpZtWJcSxQaTWtqm+mseC4ST6xMTVmoPMQMAgPkCnAmIEXIkwZkAAAAAAAATcCYgRsiRBGcCAAAAAABMwJmAGCFHEpwJAAAAAAAwAWcCYoQcSXAmYGGB3xAAAAAAogCcCYgRciTBmYCFRZjORP9dTgBmCnsueZH4bY3qtIl+rHA+UyP/gi3eLAA8JcCZgBghRxKcCVhYhO1MFl42CWIDcyb8xwcZEzuT5fGbgj/SNy+ZwZtL/plOAMA8Bc4ExAg5kuBMwELgfkVCfOLSt9Or7jdoydP9iozNG2zxidsLGvRKA+uWrbIlrBKPo7U5alxbN9hWHm2GMwHhw5xJVcqqKv4j9pIz2ch+apbCkv2MbLOLPV5ZFZttLEhj04s3dKs//HoyJWnp4kQKTtf14C9Xzj0MzqS78iA7hYRVjeqJa2cUn5h83F3uYG89pqj++CYAIMbAmYAYIUcSnAlYANgStB+L8JWmqsnTAPMbas7nq0zLblGUlqOv63e1s9cm8h+8kzulrFbzRQBmDnMmCgunNWxOdybJCSK6WDSqFfQ2k5aj2ys1B7I0fgNl/NIPVs5lJGcyWLE6p41PblTfR+Tz9WoMtJkAsACAMwExQo4kOBMw/5Fv5arTHfJvk3dSzlTlkG7fVqfxBFG+obs6IV1MAzATNGei9BQvzXALZ8LbRjiree6uOxMWjcYxGxlrWetKdskc/8374But3bXJdAq1B5JsS5KSs0t5BTgTABYAcCYgRsiRBGcC5j9RcCbb0e0EhInuTHizyZ2jy6fhTBo9Xo8uXifQUZOQkFiktUPMTQzOpMRyClWutNVLEpMK2TnAmQCwAIAzATFCjiQ4E7AAsL2qZYGB6jRzb67SVNabq+MEzw6JrJV6by7JjbgvzfHb1WDOEnQmSlvu61tTV6vOZOerIXpzZXPj0XJ0nSu0BbGtp5gMNHvUmUCnR43h2rpONWJDlPN5Xi5i2N3FqnfX1crlnju1olxdqVOU87W0ck8Tf3fo5fpOGYbeXEuN3bcEtvgk9W9alXqQAID5C5wJiBFyJMGZgIVAcAT8gJY8edxsdLthBHzAPAJecia2BHWQAAAzRnImqu8VI+CTpRHwChsynr56SaJtSSabrlCHj8cnbtxTTFtYvoRNJ7yWxFxBx4nlB9z0f3t+UsZ1hRmbxdtKekKXs+3q5VoMD9YmbKFtKusSEuXyncsSRTnfiCjn1oOX16atYfsS5frGVQwj4D3XCxPUU1i3lfmuda+xk7UtWdOsOptGV+rrixMTNrM9AgDmKXAmIEbIkQRnAgAAAAAATMyiM7mW57SnTlfmlcGCQ44kOBMAAAAAAGBiFp1JbS6zHCknbwWLxgZrLruvNfVJdVzhOJPOKkfuRdpUTdkFWpc/z31WOexw7i5uN5fOT3x158xFMUGOJDgTAAAAAABgYpadSVp+z1iwJG+f1kJyU5iJsZ7avIIwnEn6Wa3jKXmbolbj0uhhz603Fy0AfLccBZJdjBVyJMGZAAAAAAAAE7PrTHLqpPnmMvuuM+QqijPJnBRIC5RInInSUZVe2k3/02YVbyNtipsJ3+2LKQ5mjfp1a2R3lNw8W+RwOFP2FdHs4X0uu8O1+6j+jEFfk2MXc01aSevFzI+CPc1yUp36HkczM1g7T8qeghF1vuNsvj3zYmku81eHz2pPKem/eZGtu8tV082fODLHeBLmRI4kOBMAAAAAAGAids6kuzSfkvVuzZkYrEgkzqSnrCBPfQoObTYnzVl62d2vlqeksunK00X2zKoO1ZzYU4vSc6sqL7tdGc7K21V5ZWwpVRtS69O6VFJz2Z21x1ncMaoEfP2eq/ajV/s9rO+ZcCbkQ3Y7q6haaV5+itqiwpwJOZxcVihOhDZbc/lWTdmFsl5eMOfI2+eMsTmRIwnOBAAAAAAAmIidM1FulNh3FQ0pgx03quypx6UF4TgT3ppBSs/Tni1IziTYq6vhXE6d9lRzZoQOskekS3vptB+5yqeGaoqKmeO4JXfc0pt06kWhcCb21HxRLcfBNsiciV5I0/xh7ORMOobm+GPVR/trzpR1xK5JR44kOBMAAAAAAGBidp2J4+AFuSTdodkJ1iihEeh2M5shV5sauTeXDuvNpdNfUaD6DQYb7rLrnGIwFZ1BH1JXwmp6auUN2lNd6v8hnUmJqEZ77NeciVYonAmbbmAduupjMDw/HEZT0oqKb8f04ORIgjMBAIAIYL9nYhM/3FGdJn7PxETWCu034OchD8srKsorDi5PKVQnKszLLSTjN+ABmP/MrjNhbRqlkoXwNqVnFOSc0torFC2tN3fumpqpnMkEbSYTO5NI20xCOBNi5G6V4dFkc4b+KyUxtiUKnAkAAEQN5kyWxus/tjixM1keP3+dCcfwS4uTw34D3lwGAJhnzLozmabMK0/OlM5EURwOZ+nlW5Vnz0jjTCZxJoprDxtnUt/UenifaNIZtDuOdz9gfcSC40xKC3Y7q+40uEsLCoLjTCzOJP3IhVZPX2levuvGnMuw+6+cib0tUeBMAAAgaqi/Ae+rWJqitiTozqQ9Pykpu6Kxy+vasWFn9UDA56XyrAavxzOgsN9l39Dt8TZXH13qqKEt2H6WXnKzs7mu9GSLYdNzDIMzscWvafZ4u2+W2tafYLPqGXla3NsLmgKP6GRTS2j2Uex6KQMAos4sOhMAZORIgjMBAIAIUJ2JohRtTqwdDDoTueXEFr+Bl/A2k+78JNGkn8waW5rImZR3zf0kXnIml9JPdmmTWSvY6ZMzkU8AbSYALADgTECMkCMJzgQAACJAcyZKT/HSDLfkTNJEjdVqXy/hTKocibb4oKgkY+0qmsgu0R52P1cJOpN21ybTKdQeSLItSUrOLuUV4EwAWADAmYAYIUcSnAkAAESA7kwU5eT6xOa2E6unajOhtL4q5AMjPRW2bVMPLn9ySG0m1WnZbYZlGqNeW0KqAmcCwIIAzgTECDmS4EwAACACgs5Eact9fWsqdyY7X9ULlQHbyqOK6ky0bL7l6DpXyLxeUcdsBJo96kyg06MamNq6TrWjVIhyPs/L3Ze0Jhe32jGsu65WLvfcqRXl6kqdopyvpZV7mninLL1c3ylDciaDFeoImRDY4pPUv2mh3RcAYP4AZwJihBxJcCYAABABkjNRlKyViaK1JPlnrI/W0re1bl3dlemrlyTalmSy6YqDvB/Uxj3FtIXlS9h0wmtJzBV0nFh+gP04WHt+UsZ1hRmbxdtKekKXs+3q5baENWx2sDZhC3uE8bqERLl857JEUc43Isq59eDltWlr2L5Eub5xFcMIeM/1wgT1FNZtZb5r3WvsZG1L1jSrzqbRlfr64sQE8TBlAMA8BM4ExAg5kuBMAAAAAACACTgTECPkSIIzAQAAAAAAJuBMQIyQIwnOBAAAAAAAmIAzATFCjiQ4EwAAAAAAYALOBMQIOZLgTAAAAAAAgAk4ExAj5EiCMwEAAAAAACbgTECMkCMJzgQAACKAPTW4SH3SLkP/DfiFRY38i+/8R98BAAseOBMQI+RIgjMBAIAIYM7EJn64Y2JnkrVC+w34ecjD8oqK8oqDy1MK1Ympf6g+Gb8BD8D8B84ExAg5kuBMAAAgApgzqUpZVeVT5yRnslH6pcVmV5Le4MBmGwvS2PTiDd3qD6WfTElaujjRlrDKdX1A2+pcxPBLi92V6o9FJqxqVE9cO6P4xOTj7nLHBu1k154Q9QEA8w44ExAj5EiCMwEAgAhQfwPeV7E0RW1J0J1Je35SUnZFY5fXtWPDzuqBgM9L5VkNXo+HeQ9bwoZuj7e5+uhSRw1twfaz9JKbnc11pSdbDJueYxiciS1+TbPH232z1Lae2Q9+Rp4W9/aCpsAjOtnUEpp9pP4gPABgfgJnAmKEHElwJgAAEAGqM1GUos2JtYNBZyL36bLFb+AlvDdXd35Srb4omY3ZaCJnUt4195N4yZlcSj/ZpU1mrWCnT85EPgEbenMBMP+BMwExQo4kOBMAAIgAzZkoajOCcufocs2ZsF5bnNXqkHHhTKociY0er0cXrxPoqElISCxqEyvNQYLOpN21iTWJGE+hypW2ekliUiE7BzgTABYAcCYgRsiRBGcCAAAREHQmJ9cnNredWD1Vmwml9VXq8BIzngrbtqkHlz85pDaT6rTskCZq1GtLSFXgTABYEMCZgBghRxKcCQAAREDQmSgsI0/knsRXnbZ6T2ljl/dkGhtnQiVJCYlLt5V6Wlhyb4tfVV7X1n2zdu9myuNrXSXuZo/XXZC+Lr9TuZRu21zsodK0xI2FXjYKJX5VxnXWgYo/AUwuZ7vUy7WH+XadsL2aqR2JVL6OZvVyvnFR7maraeVkrti+RLl+MCqGcSZL4xNLLjV0t7iztybR7HZXqcfjba4r5MNOaOm6Q+7ujoeiPgBg3gFnAmKEHElwJgAAAAAAwAScCYgRciTBmQAAAAAAABNwJiBGyJEEZwIAAAAAAEzAmYAYIUcSnAkAAAAAADABZwJihBxJcCYAAAAAAMAEnAmIEXIkwZkAAAAAAAATcCYgRsiRBGcCAAAAAABMwJmAGCFHEpzJ/9/e/fg0kS/6///fSE5ykpts0rDhbo5ko9nU7LrrMev62Wg2YfP5uifbPbe11+IRL71err+gHxt+2cgq9eJBvFTUKtbtF2QFQfjUnhUtnFN/Id75vN/znplOh1IBywDl+cg7On3Pj7bwZjqvvt8zAwAfQN7PpGfWfHQjZL/HYrUY0u/TUijO+QCqEckELrG3JJIJAHwAmUzqrYP15ZPJLvMe8FtW0Z0Wy+Me8EAVIJnAJfaWRDIBgA8gk0nCvyeR1x/ZksnBL/d4ar3134bE9ES0wexwkA9HYyE5/cmB7KJcstvfUP+J11O3J3pf3i1+sypKJtnBU/It1O0Z1d+48Y5qvYfbU9eCB4w3+7W8HzyALYpkApfYWxLJBAA+gEwmmuwl2CcfmcnkcJ015OmF54tWfQGzz+RR60+DRgKprz0gjviP3DCX3dRsyeTVwN62KTV5UO8v8gSHzMUk+kyAKkAygUvsLYlkAgAfwEgm2mxvfXPKSiaqb0TZq47dzWSSCDrP2Wj+WvaunIuPW6tsSoVkMh095HgLyZMNnh0Nh8/1qQVIJkAV2Jhk8p9nL09N/81Zi6pmb0kkEwD4AGYyUd0mD1t3rSCZjObmc2ZRyyzMDNXVeXuMfojNqSiZxJe8hUQ0tHeHt+GifA8kE6AKbEwy8QUirf/H+JID24S9JZFMAOADFJKJNnX+8x8Ce/VkcuTTEqO5zqng8ah1f7R0BPF80ylCykROf7CQyelnoSSHMwv646X16rGqT90yulxST+Ti2eGkvT73MGnV6ytlrHq1llGfG9efy6o3n1QqGs1VXzx8y+KpbdD/DSX0Fwlg63I7mZxpu9IUjjlrsQ3YWxLJBAA+gC2ZaFrLF17rDPjDtjPgNXnKeNPeHV7PjrCcHtBPH6/1HjzWK7awa4ecrvusQaaCmc5dJ1Pi/+muhub7mgw2n/wYny1dL7dr1nvq9BNdXiXrvhfb1PbXee31R3Z6rXq1EateRQ9Vnwztk89l1Zsb1xWdAZ+7f7FOfwv7f5C5a/9n8s16duyb0JPNaDTw+Sfeuu/kMwLYolxNJuMTGV8gIsrAoNzDrZWxEau0DTuXwCZkb0kkEwAAADi4l0xu3xlTQSJ4rN0KFc6FVmPmSpfRH4ytwN6SSCYAAABwcC+ZqCjyH6cvTc/8duLfYyST7cbekkgmAAAAcFj3ZLKw8HZx8Z1mJhP7OC5RL+YWFl0lRzLxByKDqbGes9G2YXXrKa3xeCz9+HnHSfG8XfLxcPzCpVjT+cTQ7Zu+4OWm47Gh26nBSz2+VjmetSMU6budSo+MXTirL4xKs7ckkgkAAAAc1jeZ2M8G+dtvuQe/TvvMq3LZZ63ttJOiZDJytWPEmBQ5pPc3a4aQblOdM8Px6C9GVU9z5LU5W+UWkUyGMhwNryN7SyKZAAAAwGEdk8nT2TmROppbLjaF5ditxiYZAFQyefPmrZgQ9WKumAg2tjtXXgF7MpkbMIaH6aWrV7+Sx9DPl/1B2wktw3FVL/SGCwPJjB6Vpym55PHYrLp4ISrN3pJIJgAAAHBYx2TyH6cv/cu/nlfTU9N/U/FAJZOu2H8baUHTXrx4bU2viqPPpG246DLmD39u73umT72827KSZGLqCUfS9seoEHtLIpkAAADA4b3J5P79++pgUkysLpm0dw9YkWNg8L49mVyK37Jm/Tr+fyuQTDQtGIx09KeGbt9sPHVzRtNeD8f9p69nx0d9ofbGo+9PJuGTPenHz+cejzUGCwO9UEEkEwCoEHk/E491444bIet+Jg4tu417wG9BT68NDFwbOLXLf1GfGHDOX+Iw94AHtr73JpOXejgRxMTqksm9++M+/RyS3v9KWkOqVE16ZEpMiHqVWCqSTN5mU3LsVjDaMZTRo8VC01H58MF8fvDs+5NJ/3ljPNiZS6PWLFQQyQQAKkQmk/pa82aLyyeTXbVbN5koRXdaLE/eA95ZB2CLWUkyscrqkolmdpuUzB6xnoQ16x/5l465qD4kEwCoEP0e8PmBer/ek2Amk+muhoZzA6NP5qN/PnDkxouF/LyobxmZz+VeaPK+7AeyufmJG631wSGxBc+XTfEHmYnhvu5HRZveZIqSiad230RuPvugz/NNp3yov6Pco9RPsfGFv4s3G4iLh3/nbFFgC1vfZAJYSCYAUCF6MtG0nu+8yVeFZGLvOfHUHlA1qs8k29VgjTI4LDtbxkUyufZk8x/E25LJrabuJ8Zky2759kUysb8B+kyAKkAygUtIJgBQIUYy0WZ765tTtmQSspbYq4/1spJJIuj11BaKqGn+eo+YOBcft1bZlArJZDp6yPEWkicbPDsaDp+TtyLQSCZAVSCZwCUkEwCoEDOZaFr3N96Jqc697+szEYf1iaILWJpyA54f339y+cax9ZncCJ2bKppnWJz31AU0kglQFUgmcAnJBAAqpJBMtKnzn/8QUMnkyKdmpfbC80WrpicT42j+Uev+aMnjek0/Z2NhIqc/WMjk9ACTHM7oA6VK1KvHqj51y+hySekDw7LDSXt97mHSqtdXylj1ai2jPjeuBmWZ9eaTSrZk8mpAP0OmBE9tg/5vqHT6ArB1kEzgEpIJAFSILZloWssXXqu35PCXcoxW/bfGsK7sYNPeHV7PjrCcHjilxkEdPNYrtrBrh5yu+6xBpoKZzl0nU5p+Dn3zfU0Gm09+jM+WrpfbNes9dfvkw1fJuu/lJYz313nt9Ud2eq16tRGrXkUPVZ8M7ZPPZdWbG9cVnQGfu3+xTn8L+3+QuWv/Z/LNenbsm9CTzWg08Pkn3jrrYsoAtiCSCVxCMgEAAEAZJBO4hGQCAACAMkgmcAnJBAAAAGWQTOASkgkAAADKIJnAJSQTAAAAlEEygUtIJgAAACiDZAKXkEwAoELkVYN79CvtSuY94KvLkP2O7+qm7wCqHskELiGZAECFyGTisW7csXwyadlt3AN+C3p6bWDg2sCpXf6L+sT7b1R/mHvAA1sfyQQuIZkAQIXIZJLw70nk9Ue2ZHLQdqfFiWiD2eEgH47GQnL6kwNZ/Ubp3f6G+k+8nro90fsvjK1uRkV3WswO6jeLrNszqr9x4x3Veg+3p64FDxhv9utOa3kAWw7JBC4hmQBAhej3gM8P1Pv1ngQzmUx3NTScGxh9Mh/984EjN14s5OdFfcvIfC4ns4en7kA2Nz9xo7U+OCS24PmyKf4gMzHc1/2oaNObTFEy8dTum8jNZx/0eb6R8UO9o9yj1E+x8YW/izcbiIuHf9dvCA9gayKZwCUkEwCoED2ZaFrPd97kq0IysY/p8tQeUDVqNFe2qyFpzjosz9kYF8nk2pPNfxBvSya3mrqfGJMtu+XbF8nE/gY8jOYCtj6SCVxCMgGACjGSiaZ3I2gPW3cZyUSO2lL26qeMW8kkEfSO5uZzZlHLLMwM1dV5e6aslTahQjKZjh6SXSLFbyERDe3d4W24KN8DyQSoAiQTuIRkAgAVUkgm3d94J6Y6976vz0Qc1if000uccgOeH99/cvnGsfWZ3AidKxmiFuc9dQGNZAJUBZIJXEIyAYAKKSQTTR6Re1Umyd8I7T3WN/pkvjskzzMRNQ113vof+3KP5MG9p3bPteGp7IPkX74Tx/HJaDw1kZtPxZr2d2W0W02e73pzojbkPXhxXp6FUrun+b4cQKWuAGavl09p1hsX833S6fk0bLwSW/1+8dCsVxu36lNyNaNehCv5XFa9+WJ0ReeZ1Nd647dGso9S535oEA9/ivblcvMTwxfVaSdi7v7TqezMU2t5AFsOyQQuIZkAAACgDJIJXEIyAQAAQBkkE7iEZAIAAIAySCZwCckEAAAAZZBM4BKSCQAAAMogmcAlJBMAAACUQTKBS0gmAAAAKINkApeQTACgQuT9THpmzUc3QvZ7LFaLIf0+LYXinA+gGpFM4BKSCQBUiEwm9dbB+vLJZJd5D/gtq+hOi+VxD3igCpBM4BKSCQBUiEwmCf+eRF5/ZEsmB7/c46n11n8bEtMT0Qazw0E+HI2F5PQnB7KLcsluf0P9J15P3Z7ofXm3+M2qKJlkB0/Jt1C3Z1R/48Y7qvUebk9dCx4w3uzX8n7wALYol5NJ3h+I+E/zpcZ2RDIBgAqRyUSTvQT75CMzmRyus4Y8vfB80aovYPaZPGr9adBIIPW1B8QR/5Eb5rKbmi2ZvBrY2zalJg/q/UWe4JC5mESfCVAF3Esmcw+u+4IxOTU/7gtE5t45F0B1I5kAQIUYyUSb7a1vTlnJRPWNKHvVsbuZTBJB5zkbzV/L3pVz8XFrlU2pkEymo4ccbyF5ssGzo+HwuT61AMkEqAJuJZN38yKNPFD9zpr24FLMd/J60QKodiQTAKgQM5mobpOHrbtWkExGc/M5s6hlFmaG6uq8PUY/xOZUlEziS95CIhrau8PbcFG+B5IJUAVcSCaLjcGIL9TjrF6Y/pCek45TXX6x2WA0eiXtnIdNiWQCABVSSCba1PnPfwjs1ZPJkU9LjOY6p4LHo9b90dIRxPNNp/hInsjpDxYyOf0slORwZkF/vLRePVb1qVtGl0vqiVw8O5y01+ceJq16faWMVa/WMupz4/pzWfXmk0pFo7nqi4dvWTy1Dfq/oYT+IgFsXeueTJId7cGzNyfVXqfYZH+P70Q8+XT1O5KZhO9YLHrl7lD/df+JfudclJUfvuqscgXJBAAqxJZM5BG5V43myt8I7T3WN/pkvjt04MgNeVZJQ523/se+3CN5cO+p3XNteCr7IPmX7wLiwzkaT03k5lOxpv1dGe1Wk+e7XhEHkiHvwYvzYvti4eb7mqrXiuvlU5r1alSV9qTT82nYeCW2+v3ioVmvNm7Vp+RqRn33N175XFa9+WJ0RWfA19d647dGso9S536QUeSnaF8uNz8xfFEPV3Lu/tOp7MxTa3kAW866J5O5/IIvEDe+HimWPB+ZWcjPvV51MukNR5ZeBdEXphd3pTpORJxV649kAgAAgDLWPZkI5ZKJs25FXv8S952ID2XMg9d3r+Zy477m/rncc032CcT9gUjf7dTgpR4rrvgCl33HYkO3byYnxfIZX7ArPTImh5lt1zwjwkkwNuasXU8kEwAAAJThajIZup0yyi+yc3bNycQ4dyUQ6UhMmjUZK2NEj0Z8Z++qaRFR1IRYOGmefz87EOuZ0Ttq0letBbad/JjLPSckEwAAAJThajIRE0aNniI+IJkYXmfuGlcitiUTX6Cr1xyVKp5CnSAvKo0qTes4KlONVaz6bWXuTty/9LIE64lkAgAAgDK2djIRWoxoUUgm/kCkbdg4d6U3HJnTJ+zJpP9UBZ53SxOxpPdXswvJLSQTAAAAlLHlk4kvENX/f+VrNpJJRyjiO2Wc2GIbzVVIJrMDsbZht4/LN5NFl3tLFJIJAAAAytiSySQZi6mBWP7mmJUwkh1doiarT7/NpuTdTkJds+b9UuzJRHjQH5dbCLU3nd9+Z8Dnp501riCZAAAAoAw3kknhxPcl5bVzWVQtkgkAVIi8n4m6c4h0I6TuZ7JUy27jHvBb0NNrAwPXBk7t8l/UJwac85c4zD3gga3PjWQCaCQTAKgYmUzq1V0OtXLJZFft1k0mStGdFsuT94B31gHYYkgmcAnJBAAqRL8HfH6g3q/3JJjJZLqroeHcwOiT+eif5T3gF/Lzor5lZD6Xk/eD99QdyObmJ2601geH5N3cv2yKP8hMDPd1Pyra9CZTlEw8tfsmcvPZB33qpu/qHeUepX6KjS/8XbzZQFw8/PtCYW0AWw3JBC4hmQBAhejJRD9Sl4/MZHK4zuxF0V54vmjVFzD7TB61/jQo84lQX3tAHPEfuWEuu6nZksmrgb1tU2ryoN5f5JERq4A+E6AKkEzgEpIJAFSIkUy02d765pSVTMShubXEXnXsbiaTRNDrqS0UUdP89R4xcS4+bq2yKRWSyXT0kOMtJE82eHY0HD7XpxYgmQBVgGQCl5BMAKBCzGSiad3feCemOvcayaRwtolHdowUkok4rE8YN/oqlhvw/Pj+k8s3jq3P5EbonNFlUmxx3lMX0EgmQFUgmcAlJBMAqJBCMtGmzn/+Q0AlkyOflhjNZRzNP2rdHy15XK/p52wsTOT0BwuZnB5gksMZ/XSNEvXqsapP3TK6XFJP5OLZ4aS9PvcwadXrK2WserWWUZ8bV6eGmPXmk0pFo7n0M2RK8NQ26P+GSqcvAFsHyQQuIZkAQIXYkommtXzhtXpLDn8px2jVf2sM68oONu3d4fXsCMvpgVNqHNTBY71iC7t2yOm6zxpkKpjp3HUypenn0Dff12Sw+eTH+Gzperlds95Tp5/o8ipZ9728hPH+Oq+9/shOr1WvNmLVq+ih6pOhffK5rHpz47qiM+Bz9y/W6W9h/w8yd+3/TL5Zz459E3qyGY0GPv/EW2ddTBnAFkQygUtIJgAAACiDZAKXkEwAAABQBskELiGZAAAAoAySCVxCMgEAAEAZJBO4hGQCAACAMkgmcAnJBAAAAGWQTOASkgkAAADKIJnAJSQTAKgQeT8Tj3Xjjhsh+93f7Vp2G/eA34KeXhsYuDZwapf/oj7x/hvVH15yD/hE0OvZKe/lIs107q0t3ATGbuL0AftdUwBsIJIJXEIyAYAKkckk4d+TyOuPbMnkoO1OixPRBnVrRU+tfDgaC8npTw5k9Ruld/sb6j/xeur2RO+/MLa6GRXdaTE7qN8ssm7PqP7GjXdU6z3cnroWPGC82a87reVFMpluO3RuSn9gSyb2n5L26Lz5U5JzHT8l+1OodQGsK5IJXEIyAYAK0e8Bnx+o9+s9CWYyme5qaDg3MPpkPvrnA0duvFjIz4v6lpH5XE5mD0/dgWxufuJGa31wSGzB82VT/EFmYriv+1HRpjeZomTiqd03kZvPPujzfCPjh3pHuUepn2LjC38XbzYQFw//rt8QXieSibY45fn6vHxgJhPHT0lbeHG41rv39EguN29t0/wpFT2FtVkA64dkApeQTACgQvRkomk933mTrwrJxD6my1N7QNWo0VzZroakOeuwPEAfF8nk2pPCQfxmZUsmt5q6nxiTLbvl2xexwf4GPKVGc4l/U837umcKyWTpT+mISCb6syz5KTmfAsB6I5nAJSQTAKgQI5loejeC9rB1l5FM9OFJOusoXCUTcYw+mpvPmUUtszAzVFfn7VGDnTapQjKZjh6SXSLFbyERDe3d4W24KN/DcslEqBc/jVd9RthY8lOykknJn5L9KQCsN5IJXEIyAYAKKSST7m+8E1Ode9/XZyIO6xP6iRNOuQHPj+8/uXzj2PpMboSMM0YcFuc9dQGtbDJJhvbF80NH3tdnsuxPyXwKAOuNZAKXkEwAoEIKyUSTh9dedbSdvxHae6xv9Ml8d0g/g0LTGuq89T/25R7Jw25P7Z5rw1PZB8m/fCcOspPReGoiN5+KNe3vymi3mjzf9ebkEbz34MV5eRZK7Z7m+3IAlboCmL1ePqVZr84a1550ej6Vl8CSr8RWv188NOvVxq16dTq5qhfhSj6XVW++GF3ReSb1td74rZHso9S5HxrEw5+ifbnc/MTwRXXaiZi7/3QqO/PUWt5KJmquevalP6X4917PzkAupzpe7D+l4qfQ36b1Cgs/JefbN39Ktnr9JRj19rev6W/fXm/9lIwfy5NOq17/FZj1RT8loHqQTOASkgkAAADKIJnAJSQTAAAAlEEygUtIJgAAACiDZAKXkEwAAABQBskELiGZAAAAoAySCVxCMgEAAEAZJBO4hGQCAACAMkgmcAnJBAAAAGW4l0weTT65FL/lC0T+8+zl23ceOGej2pFMAAAAUIZ7yURkEnvp/a/bziVQ1UgmAAAAKMONZKKiSHpkyl55vPmCqLTXoLqRTAAAAFDGuieTX/7/yf84fclZqxP1Yq6zdmU6TnX5gxFfMBq9knbOw6ZEMgEAAEAZ655Mmv49Nv1/nzprdaJezH39esE5471mEr5jseiVu0P91/0n+p1zUVZ++KqzyhUkEwAAAJSx7snEF4iMPHisBnRZla3/p8+q/+vAPdviK9Ibjsw469ZR/6lqG3XWcWID3hHJBAAAAGW4kUy6Yv9dMpmo+rORK7bFV2TwbCT9zlGX9p03hnW1BSJNVzL6RHQyEZdPHYw+yOvzhuO+o1cHz8dEZVv/uLVyn17T2Jp4ML+oV6Q7RrS3j2+KyrlJ+a/j9W95+bFgbMxZuc5IJgAAAChj3ZNJX/+wyiFLk8nS+hVbbAzKFTsS1mkqJZNJIcD41bMMy6BirNAd7XumT3RGB1VueTfWEYrM6nW+QLRtWNXK7aiJqpIfc7nnhGQCAACAMtY9mQi/PZ379//82Z5ALl4aEg9F/VqTieF15q4vGNMnSycTa8nkeX0AmEwmXWZdWi0Wtr+A4XjHSGGWUpXJZO5O3B/qcdauJ5IJAAAAynAjmQhv3rwdGLxvr1EXEf7AZCIEjdXfl0wiS5LJu9Q2TiaLIpb0/mp0CrmDZAIAAIAyXEomy/nwZOILRPX/M76Wm/rEos+WTJIvjcXso7le6zXJiDmaqzvar0/YR3PZk8mF4x/0CjcfGUucdeuPZAIAAIAyXE0m/3n2sj2KPJ2Vo7nWcAZ8MiZPWBfF3xyzvvZ/cKXHp5/F3hsuJJMH/UvOgA90qfPd7WfAD+kbbGy9fu+pcQa8PZlo+fEPT1CbSH7aWeMKkgkAAADKcDWZWKe828u9+4WEUFklRmEVnWcCV5FMAAAAUIarycRlJJNNhWQCAACAMkgmcAnJBAAAAGVUczLBpkIyAQAAQBkkE7iEZAIAAIAySCZwCckEAAAAZZBM4BKSCQAAAMogmcAlJBMAAACUQTKBS0gmAAAAKINkApeQTAAAAFAGyQQuWXkyyb94QzIBAADYbsQRoDgOJJlg3a0qmYi47FwfAAAAVU0cAZJM4IYVJpOXMpy8yb8gmQAAAGwv4ghQHAcuPTgsWUgmWLvVJJMFdbaJcxMAAACoUuoMkxV2mLwkmeBDrDaZ5F+8efV64X/+x7kdAAAAVBNxvCeO+tQ4LpIJ3LDyZKKK3jTfiDaqTjuhUCgUCoVCoVRfyb9Q55as9PQSq5BMsHarTSYvzc4Te0ShUCgUCoVCoVRNUYFkVV0lViGZYO3WkEwoFAqFQqFQKJSShWSCtSOZUCgUCoVCoVAqVUgmWDuSCYVCoVAoFAqlUoVkgrUjmVAoFAqFQqFQKlVIJlg7kgmFQqFQKBQKpVKFZIK1I5lQKBQKhUKhUCpVSCZYO5IJhUKhUCgUCqVShWSCtSOZUCgUCoVCoVAqVUgmWDuSCYVCoVAoFAqlUoVkgrUjmVAoFAqFQqFQKlVIJlg7kgmFQqFQKBQKpVKFZIK1I5lQKBQKhUKhUCpVSCZYO5IJhUKhUCgUCqVShWSCtSOZUCgUCoVCoVAqVSqdTH4bf+usQtUimVAoFAqFQqFQKlUqmUwGI1HfyVjTlYxzxvrzBeLOKqw/kgmFQqFQKBQKpVKlYsnk3qUeXzD6VkuvMZlkEr5AJNw/a69rDETahu0Vy1pVMukIReacdVgLkgmFQqFQKBQKpVJlLckkGIyIFFFUjrY/fLagz1x7MjkTuewLtBdq3o2FO69WLJmkr844q6pIfiwYG3NWrj+SCYVCoVAoFAqlUmUNyWSsOJbEsvOvbHPTwfM3HzxdtNWsTCbRNpQ6E4xYFa9vXe5LJyqVTNLd0WpOJprWcaLwo3MNyYRCoVAoFAqFUqmyhmSSLk4mjkigzw31F1euQEYPISNXo2k91Ty7GQ5EtOG4SiYipfjD8Ye/Zc8ciyRfypqZK12956MX+lPpnHyoXkZbKDKpem7yad+xnvTIaDAY8Z9Pa+9eXWiOPMg9n8s9FzN7w+ogPiMm/MGuodup6IlIz6Re927MF74qFpu8Hfefv6tXbRkinLjcc7KGZPLi5YJZ3uRfUCgUCoVCoVCqqohjPOt4b+mhYPmyhmSyXqO5VAjxBS+Lf3tORPydY1YyWbqYSCZGltCJZCJiSTJvPOw4anYgZBJNATktQojVZ2JPJllzOZ8IMPpmk+ZivkCXOblVLM4NXe6fUb8IN6wqmagGmn/x+h/513//xysKhUKhUCgUSrUWcbwnjvpWm0/Wkkw0/eBeZZLswsLD24noqXYx/WB+8cOTiewqkee+t8vgYSWT+fG+WI9fT0RWMrEihCZThHwB1sNwcXDSlk8mZp2RTOYGYr3my/cdvWrO3Rrm7sT9oR5n7XpaeTIxY8mbV68X/ud/nNsBAABANRHHe+KoT+9CWUU4WWMyaTMO+ot6FT7oqsFmMnk91NP325hxkS4jmbwSISH9Tl9son+ZZBLXtFlfyBhaVugzMa0wmQgtR/W3FoptrRuziFjS+6vZZ+SWVSUT0TTfvlW/RQAAAFQ/ceynwsnSg8OSZY3JJN0dtbojiqz5TotmMtG0RbHZ12rS7DMRNY0ddydH7vpOtC+fTLT8cNzIRfm0Lxgdup3q+/ly+ERMVExeam+5lJ7MTb9+TzIZDXaPm5Vbxtydy+7HEm0VyUTGkn/kjd8qAAAAtgl9WNcbcTS45PiwRFljMtFGrvr1ZJKUI7gqoZBMNL8VeMxkcu/nmDy5JRjNLkyWSSZ6qmm/MCFf0lAsJl6e/1hXOKafyP5uVg0Gy74nmchcpIr/5FVz7qaXn3bWuGKFyUR1mJBMAAAAthuVTFbYbbLWZCIsZC/EEnPVNTynKRAtPLhz2TrnBCWtPJmos96d6wMAAKCqqbPh1z+ZVKNoKNI3Mj2Xe54dHy0xVg3FSCYAAAAog2TyAebHg+oM+KPRvgfzzrkoRjIBAABAGSQTuIRkAgAAgDJIJnAJyQQAAABlkEzgEpIJAAAAyiCZwCUkEwAAAJRBMoFLSCYAAAAog2QCl5BMAAAAUAbJBC4hmQAAAKAMkglcQjIBAABAGSQTuIRkAgAAgDJIJnAJyQQAAABlkEzgkg1PJlOnd/5pwFm5rs4e/ENNTc33Pz9zzlh///j1xj+cdQAAAJsayQQuWa9k8qRHHP3//uOPP/7njz/+JzlpPyL/qOZP1nQFk8nOmhpn1RJvfj70h3/71Vm7nmo+O2tOvrnx40fnp+wzAQAANjuSCVyyLsnkH9f+5Kn5uKHHqvjm45rdpwuH5DUbl0zu/OtHR+86K9fTG1syAQAA2HpIJnDJeiSTr2pqan53yFEp6t5o2q/Rr/7w+xplp55VVDI5+kc5wqrmnz5O2/tW3jzZ6fl9ze9+f/5+oVYe6D+7cVJf3raoZE8mNf/c9OzuefVUXzVe0+veHPriI/PJzSXfPNntkXXfR+88WzTqrv1QI1/Zsxtixp8GZcXH//artvjkD/9UU/P7j9QrPP+/d+tbvmKsI7Y0dW3nx3JTv/fsfKJv6kZg5+9/ZzydSl9iy2fNgPZstEe9651/PGptRJs6e+jnN1cav5LPVfzGAQAANgTJBC5Zj2QijrbF4bWj8uxnNU2janLK0WdSU/OR+egfVmboOVhj1f/JU9P1m7GEOJL/6LsedejvUJRMamqazMP6k5/VWP0k9mzQ9cfCU6T/TSYNa5ndu2vEsxjLaddkttituj7kK/z972vUpk8W3pT2jxlzkNjik5qaj41psa6tz6Tw7HeP1nx21IhhT3pqfveV8QanzortW+/uo5qaDTgbBgAAwIZkApesUzJZOkBLHJSblUuSyVfnrYcfm/HgDyI0BO6o6WfRr1QHi6ZvfKpULNGWJBNr+s3Ph6zV7clEdlj8LzN+LP7a9IeaLj0HiGVqPjtpexaRTD62EohMKWaP0LOOr3ZHnljLWWzPXjqZXPmu5uh9q1ou/9G/6m9WJpOvrPqmf65R3T0AAAAbhWQCl2yGZGJfWKQLFRxkALD7wThEr6nZWVi6WHEysS028CdrdXsyEXGg6JyTv36vAox9GZ1MF1bFTtuLEVu2Mo/2curQF/pwLp25eOlksrO4M+Sk3Kj+MxHJxNq43tFU/EoAAADcRjKBS9YpmVjdHZZDNTXXjF6IlSaTpfFG27TJ5FlPze92m4u8v8+EZAIAALYKkglcsh7JRJ4B/1Eheyg1+hnwupUmk0J3hE1Fk0nNVx2FgPDrv32sTo9ZSzL56/fGcCzde5PJn35XY49uIrbV/HOTnCKZAACATYZkApesRzJRVw3+w4+F61Z9X3TV4De2U96XTSb6GfCFc8GfvNfPc+cAACQdSURBVDQmKphM1FOovOQ4A37VyUSe0X5Sr3rza0thUyLv2M8bKWx5tKnG86drKhY5zoAnmQAAgM2EZAKXrEsy0U0NnFXX6P39xzuvzRRdquvJf/2LqP/Dv6XlYsskE2nx2Vc7PxJLfrzzKyuiVDCZSIvPduvnhvxL8VWDV51MNO3Kn2Ug2fnHo9eeaN/bXsmd07JHRN1y3r7lNzNXjv5Rbmz3QRVpdCQTAACwyZBM4JL1SyYAAACoAiQTuIRkAgAAgDJIJnAJyQQAAABlkEzgEpIJAAAAyiCZwCUkEwAAAJRBMoFLSCYAAAAog2QCl5BMAAAAUMb6J5NnY9GOuCqz74y6e1f6Vc29p+adHVDtSCYAAAAoY92TycyVLl8gokrvjFHZGDRqmq5kipZG9SKZAAAAoAz3kklxCFksVblas74T15112KxIJgAAACjDlWQSjJ7puCxySNudeb1u0S9jSTQY/KBkku6OdpyKOGuxWZFMAAAAUMa6J5NsX1d0OG+lETExdyeuUkp+ON7Ul3WusELvxqJHI3MDsaGXzjnYnEgmAAAAKGPdk4mNCieymJ0nazfUGvGdSmraK1/LTaNqON5zpSt65W5yUj7qDUei/amh/qu+cGJGP/O+p7l9aGR67vGYeAHWduAakgkAAADKcDOZaJOXjHNO3jrnrFo4EDlzSx68+gPtRtVw3BeKWwv4Al1qwm8uaelriay1pwZrRzIBAABAGeufTN4Zh5hqENeZjsvmsC7ptXkd4VWaVglHlbTayHC8t3DSiuwYKZTzaVGVvX09GDJqzIuEwT0kEwAAAJSx7slkPc6AT3dG9RFbyrSvNfVacyST575worCIMNEf7p9Vk4NnSSYbwJ1k0rYJh+plEm3DzrqV81m9gsAyxG426azbeMnz7Gk3qQvHjC8Hgc1kvKl/LceEqDKuJBOj76KwK1T9J761XjX4TLDo6NMXiPU9cyQTzf500i/xM3eMuzqGg3xeboD1SCZWt1i4wzjdqNLJJNMbjvQ/Mx8Nx61RgqvwYcnEv4ZnhCvmHtyUze9otPFUYRypKzKq2QdP9qiRsZVPJsNxf/eY9Uj8FdjmrRTJZH3Nj/uDEV8wGr1S+E2tUEdoFb/QNvsABHMMArY5e5PQPxmLGom51KIveNm+liKXaU05avQ92Hhj77S9HtuTi8kkWIgKebMdrymZzBbOetf1n4rIG5sUJxPt3XzTsah8ivOJtH5k2RaWD/0nevJDPXxeum99kkmX8UufSQR/lh1p65FM/NY23U0m6q8mGGgXxx+NRY0bm0HWd/qus24dBK1GXpAxjw7zvkDP4Mt1SSZt4chDc7QtyWSzyfaJD9YeZ+36Sq/p8xrVyTksRSvx+fj61uWOzqgxWMXG13q56PvlyevRjjXswSYvHF/Lfgmb37onE+3ZWLQjrsqs+Tl370q/qrn31OjHQNVb32QijtVOJef0ZOJvvjqXyzYGI3796G2mr6vlUmrucbo30t4mL2CtNQUiwWPRofHsvUs95mftoi/Yns09bwlF5BIFMplo+ZQ/on/BY+557YdcTXpuETW+s/09tycf9l9uSYxG+8cmc8+bghE5zjCT8IeijR0353LTVshJd0ejicnJ1HXxIuUzZhIdV+Id/amHVv+MTmT4vsTV3hn+TDahV76jRV8Hlm4Vx9tFqxC/aOv6HFaNaGz39Iuei3YiWqNoHqLR6s0vfaY30XS0a+h26m3+uWhyFx48n8vZG6aVTGTncMeITCb+Y1HR5EQ7Nw4OXo76TsT7RqYfJvrVMYR8MaGoaJnZ8bu+o/Gk/tThYOTe4+eDHe2+YHHkHo4n5f1wjUojmdgytnqz8oun41dla0/1N/48Otja/vC352dCETXaVizjP9Yj/qyiJ4x3OjsQa7mUFi9A1KhLJvoiicbzicHb+ohcrJg45nOOC3g3Jn7j+k4mau7ouoLHYqIVPXw6ZvWA+Y5eTb+zvsF5da8jGo7dvHf7rjxd81nSag+l9jmFZKI2IoljyvSio52r3/WyTQtVYSXJpFE0s3dj6ktDO7n7Grnao6r1O0CY362YbSyTsD6jjQ/NJTufudzdM4HIXO55fkE2Xf/p64Wm+3I0GpLN72HqptrRYWtZ/2QC6NY3meTvNl6SvcBt5hUR9M46eSxo+24mL/vW9KNGs9tt0di9Tl4/c0cdE5q7S4OeTPTjP/mofDIxTghZtLoHZ/tjyXdyl+o7fVcdVz78uV3WyF22sYw/0C6fUSxTfJgr5VNnjkZkJ6HtonPYPES0CMcK3SZlW4VRo8m2ZJ44lEnoH8OvfCf6VUX+zmW9+cl00WMeGtrit8VKJnKwxJDeZ2KdR9emN/jJS+2DZpaxvRij1Yka/WP+lXl4MdvXoqdoi0wm2gUzP5RLJtb7ss4bFH9E+g9CLNPxq/4u8nfVrMIf47Ob6pKJtoEfWJVM/+losKXfutCl+I0n1T6sM2rt6FSNpmcJ/X8johjJZPK6PHY0yWvxm+3BMdhGV0gm1rUxxQ5N7G8d7dxo1cs1LVSFlSQTNZTLbHu2ern7mvZ3yqYoM3bw8tJkYn1GG/vVJTsfsbA1REI0XbWnMpqu2LWuYXQDNg2SCVyyPsnEGNXqD19VNYXRXOZeUuUTRR2imYdlkpqrf7IapXjEgpFM5Fcy4hO9fDIx99SFZ1QjDO2jucxp6+mMZ1zriC9ssHev2pqNI/7yrcKaa/9El9NFv3oVOYqGzZROJsYQ2XZ15GkfzaVarH1Yo3pq+4tpM1udvR0WjabQk4mefGL9z8onE7MvyHqd5mL2H4i8r1Rxs1fhqsTxDVZhsfd8l945LI/SbD9euZuywrDQc0JOWxePUc3D3iQ09ZVNoSz9NqTQLPUem5hmXrXf0c5Vq162aaEq+I5fHrqd0ov5ZV5xMhGNJJqWX0xcOO6MpupvP6w3wrDZ6+tIJtauxpi1ZOdjTyZLm+7bx/IkwN5U1lgHWwrJBC5Zn2TiPGgrlUwK+0r1xd7SZCL3faUvYG0mE/2A7+GM8U2M/ZAruOQzfmkyaeoz948jV8VeWF+muIeEZLKVqc/O0q0iaDSG/lOROX3CqpGXEJS3ix0tnET0Lq2PfFhBMik+C3lpMrGfGSKmX5dMJu/Sy56/ZCQT7fUvcb84sjzvTCbqCofvTSb3jMXlO50r/mNUSCYfTk8ghT1Vcb3p2c224UW/Hic0cz8509tl3xG1ved8tqJmOXmpffJdWvXUOdq5bNVlmhaqQom/XHsyeXZTBA8juvTH1YgGi9p9iejS92xaNaFVJRPz8qqFZKI6ipd6+zjheGpsCSQTuGSjkkmbHBClFEZzOZKJNnm9uKvEYvu8n0k0nu1p1Ld5ryPywEgyi74VJBNfy0011CbdGVWDzeyDKCSSyRaWF5+Uk8u1CtsAKjVROD1gZslorqEeNZrLkUyWXLLj/clE1FijuVRjK5FMxFMvN1DQTCbiRSUj0ZbT+ov/7WZLwthoi36Fw/cmE/WlqTxM0Y8/zhgn0hSUOL7BKqkvXERUcJwcUpRMtOf+zlE9CUvLjuZarj1IxWfAP7vZcyU+pA/id7Tz9zQtVIUSf7m2ZCJao+pV082KT177KGlj9/VurDHcJS+supJksmTn4xjNZQ1cLJbxdYw667DpkUzgko1KJuIw8cwJ/bJsJ41PyhLJRN6Is192BIe6HhadMFf0TeSFE8YwCbHNppC8cFZja6JDTz7lk0lyYTYZi4ntR29njVnaQlh/VeGOpHxGksnWkwnqV/9rPNU/+Fh9KuqtQtQUt4q2k1HRVB7Mm+eNmDViMWNL6vKvoln2j+uPiw4BZ+9cbToaKR6r/f5kIgx1xORmj7arS4+USiaFK88GTxZf6KmQTCQVtITeVnmlOF8oNjsQW0kyyf8qx1QU3qm2KN97QF5qOakfkZQ4vsEKzNyKNx3Xd2vNMeuQbEjfyYia6IA8DixOJjIWqiCh2feT7+ZVo72X0x+a7eHC8HNjgQLntbmsNFKynS/btFAV5F+xWYwqWzIxzp809ZwoukywtftSfcvaSpLJkp2P9DQlnr1D31jfeX13p5ruy7GeU/IUOPG3YGwFWwrJBC5Zj2QCbGb2MGBZWgNsRVZaLtnOAWBtSCZwCckE203JI7alNcCWkp97nO44WRg/U7KdA8DakEzgEpIJAAAAyiCZwCUkEwAAAJRBMoFLSCYAAAAog2QCl5BMAAAAUAbJBC4hmQAAAKAMkglcQjIBAABAGSQTuIRkAgAAgDJIJnAJyQQAAABlkEzgEpIJAAAAyiCZwCUkEwAAAJRBMoFLSCYAAAAog2QCl5BMAGCTG23ZN+2sAwD3kEzgEneSSXbwlKfW+/kPnVbNwpOBXTu8nto9f7lj1MT/vM9Te8haQFt8KmqiM4UKaxWrxrGAWMW+hYVHvXW1cvnE3/THD1s98qEsaq3c/c7DX+6RD+/PW2uh+vz07T7REuq/bSpU5VJ7d8pfvVUxeq7hyI3CfE17UWebK3QfO6waj7XAe1bJJevqvHVfh4yHr/qs5qfWEu1ZLF+3s+EvA5nCWkApoyf3TTjrgBJ++szr+dr4qJ04fcDa7ZBs8YFIJnDJ+iWTXSeT5mTq89Pj8v/F8frmlJyY7d3fpteYxM401ddUyBV/6/N8GRY1VvA4WOctuUohmeir2JLJC88XrWqq5Qv9eHEwlDDn6eY9/19fXp/qPuRdKJqFrS178cesOd3znVf9lmWT+K5X/Ne801sfHDDna1p+5Ny3e3pudBZiRn7Es/PH/baYIVbJLVqPjAXsq4gt2FeZOHfAUxfQJ194Dl3Mif+nzhelaE3z7D6lJlJNezjoBPDhdtV546FCMkn4i75eAT4EyQQuWb9k4gkOGVMzneemzMrahu4nWvTrUrvLG6GiPhO9xjyYyxiRxqGwgKGwhRnbgeaNkHjS6bZD1tGq4tkZTumJ5KdPS70ebFnT0UPWF4RHbAFjrz4t8omMCg72BqNTCysq0jgtv4p40r1RoydEVB65JYOxldQVT91h+d/i1LmvCcbVYqZzf503+0objf3YfF9WJILe6Dd74gMD8lf8Kun5simXy+zf6Z3Wg+50V8Nef2fy1sC1WflQBOD4g0zi3I/1tfvs6167MyWmVZP21B04Eh+ZuNFaL3ewme5v5CoTw33dj9QrwHYnmoqVTM79kY82VAzJBC5xI5m86jsYe2pU1h4SWUIct41GA55a78FzycJX0eWSydDBi1PWKqUWMBS28LDVikPa/bBYTOyv6z+Rndr13xoDbI7s9Ho+C8lBNd8WhpmhCtiTSctuW8CQyUGm3Oxgk5je77fljeVjhlpl/849nk/2rXCVw7XenwaNyoP68C3xkurlWERv80BG5ZDoN97mG5no9/s8n9mGmWErE79lz6dhfXJKfZkidjt724w90cS5A3HVfzd1/vBfX4j/D9cVHTh6PjV2Taobzb6ukUwetf40KFcU6msPiB2jPXgDWnEyEc1DH9Is9nUXi5cCVo1kApdUPpksLuRy86J4fuwT/y7owSN5To7RPxwd8dQG4q/kAZz6gM7Hf/TU6t8ca2WTyUxnvX/AWqXH+sZ7NcnE5oU6evjpM2/dH0Pxk4fr/miMq8HWJ5vf6OlDo3ojzMsQsCBDhfhsPjawSz+Y83x9Xn1jrY2cUl9sS8vHDLWKMbmyVZYmE4s+8lu2+XPf7mkeSO0VceWzHwuzsaU9av281ptb0KbjAavPxAzJRSlCHDtOy/2VeRqSvoB1SoBHPxfOtq4xLQ86bcvIGbmkmDgXLxrpiu3MnkwK8n2lxx0AK0YygUsqn0xMhT4Te+Xu1gn9uM14PNO51zqjvUwyedVXOLab6SwcGpZJJktGc9nJQ8PF8frgkEo7577xMtC/mtj7TOxEMNa0cWucld4XZ178YPmYsYZVSozmsjxs3SXb/AvPN/rRw+J8Irjv2ir+sLCp5W6ERVSo+1KdZbS6ZLL39Ij6Wkd9p1MymajIrYqatTAzVFfn7bG+iMH2VjqZmGfZAWtGMoFL3Ewm09GGbj1ITJw7MKF/aS2/P64zP5vLJBOxtS9arVUStgFgyyYTfRU1YZwBb1mc8hy6qD3p/MuwUVHUD4Otr2Qyyd8IHbklR8J46gJqUE2+L1BoP8vHDE1fRU2scJVc7LDzDHhTwr9H77JLWkMci/phsLU5h1fZ04VolsZoroetpUdz1TXYHy5NJtqj1v3R0hHECLrY9konk6nzhR0OsCYkE7hk/ZKJnRzq+sm+a08KJ/pGf5BXM/yLOeZeKptMtPyItUrpBXRFW/ibvCqrp3aPet7ESeOqr9aIW1GjLh37U4xu7ur15KL8vdft6bauDb34NHGswSOHF9p+78vHDGnxqTxJaceBVaySH5FXDTa/O5+4GHL8FYzGQvLL9Z2HDp4cKKyFrSx18lDdZz9eGxgQpV5vDPZ0IVzTG57tN75wUL9wuXH++kLmc/3C6PV/PLxQMploWnbglFrl4LFeTctc88sN1n3WwEUUoNiTSfN3h9SnHp9x+HAkE7jEnWQCAFXv89oDLQ+N6Z7virtqAWArI5nAJU+fPiWZAMCHO7LTW/99Zy43n33Q59lpP4cEALY2kgk2AMkEAAAADiQTbACSCQAAABzcSyb+QMS3pDgXwvZAMgEAAICDW8lk8rrIIWc64lGrnGr3Bbqci63C4tzkXX9QxptwRyL9zDm7jN5wZHA8m5x45QtEO351zq0IX7DHWQUbkgkAAAAc3Eomw3FHD8nDn9t94UTy5/70S3v1SiU7omKDbT/fHEok/MGeQXXt9pUJmq/EF2zvmSyeVyG+4GVnFWxIJgAAAHBwI5nM/XePHLsVbC90mHTIoHJhQoSEWN9qujsMz276zt5dTRgp8mF9Ncvyr89mqxLJBAAAAA5uJBPZPSKSSaTo/juiJi3+DSeK71+3IjNXukSqWSoZi4nNBk9eHcoaN4PyhW/2nY/JQV9H2+feadrLsd6zchnVgSMiSq9+M725Bwnb2S9xTUv7zqfNraabrqg77qU7RrQzJ6K+U0nx4G023RiSyw8+ls91r7NLrS7nyS3H1cri2YNHRSqLPpg3bifeFojM3ukXS/ptr3O7IZkAAADAwY1kUvLcd5kNMomSAeO9esORpXlmtj92YUId/c/2n4qk38kplUB0ed/xfjVl9ZmYyeSV78R1vWLywnG1fOlk4gtEzcoC8e6iv8gJe1eMSibpzqg1zKwjFJnVJ0QySarKX/utcWXbDckEAAAADuufTN6NLc0kspy9K/KDc+GVESvec9ZpHUdtW8skwgPPNVvfhX16STJ57gsn9Ir3JBNzQjc/3nRcnusiStuwrFiaTML24DEc7xiR/7cVKtO26e2FZAIAAACHdU8m+SH9JJMlRSSHlrUelz/8ucSZ6x+QTGS/Rza/kP65yxdUs96XTMavNwYjfanJudzzJpLJ6pFMAAAA4LDuyaRtSSZRJa8t+s7edS69UnlfINrSP22vmh2IdYwsHc21omQSDTmGaWV8LTfV4KuZ3q6lyaQ3HPE1q26WxTJ9JunuaL95fr99NJe5FMmkRCGZAAAAbE/rnkyiRyNvnXXS3O3L/Tln5Sq8m59M9Bv3M7k4OqfXPeiXl/wKnrw6+Ng4vWOFyaQnbEamYHRWjzQPrvQ0GmeuZ5YmE/Hs936WZ9I3daQuHDeSyeydq6Km/ze1ZeO5hmIxtZ17TwtnwKsJkknJQjIBAADYntY9meTT8ni9ZHntXHaDvMv4m+NDt1Oi9MVi/u4x5wKoNJIJAAAAHNY9mWx+9zoiD60H7zIfMMYMK0UyAQAAgAPJRFhsOymvsuU/1hXuuOmciXVAMgEAAIADyQQbgGQCAAAAB5IJNgDJBAAAAA4kE2wAkgkAAAAcSCbYACQTAAAAOJBMsAFIJgAAAHAgmWADkEwAAADgQDLBBiCZAAAAwIFkgg1AMgEAAIADyQQbYEOSSfJ8ZKa4Zi7Rc+9lcZWpLRCR/+XuthyNOucBwKa1/F6rzB5vPfjCCWcVoGlNgUjbsLMSsJBMsAEqlUx8x9sbg3qEsGpC0eV2eVYy8Z1PO2YtZSQTYHni83XodkqVWe2VPnGz7bhR+dpczBeIPLSvpmkzv6i1bvpa+uXEL5ni+cB7ZXrDEd/Rq4WKd2P+UNTx5YubZvpivuMxvWHfbTp+VSOZVLF3GV+wS/2uG5uvO+e+D8kE5ZFMsAEqlkwC8WT6as+k+Xiivy+dULs88aFofEhnjBqVTMSBozhSFKXpSmbmSldSzkmLHDKZiIvK8M+jaiUjmWQSTWZE6Tsfkysej6mHYvvJji5/MDK0oCqw7Vhtw0YeLxZVyPY562tNFVUaMmZInvW13Jw1Kl/5TlwXLdMXvnnhVLtocoOPzRaWHxftTbTAjjvmsti+ZEvra4mYAfjV4NmI8eWLudcSrWhmXm8zgciFX+ZVjb7HkztDLT8md2jB9rym9ba2+4LRB3m1YWOHqRZTG+z9bXFmSO4hk08XZ+9clSuGjD2hadp3or+4Ru4k205GxcL+k3FVc+9KvOmYrOn9VT2Z/J5IPvsJeXSb//Wm2jmLovbeaq9Lg990huO9xV+n2HeGRiIVzSaz2HQ0cuaWvgd7mpJN8Wj0tUomd+Ybj4qH7XPvjLU6TnXJz+WO1Kxe0xToUi1Nrv5uVi5stg0xd/ZOv956zUaL6kIywQaoZDLRxhovTeuPFtOd0dfmx+pyyWQuN+5rvTuXez73etGeTIKnr8/lpv0B45PemUzejflOxMUC9y71tA3LfaEv3B9s6e+TX5Zjm1pBMnk11BqZlA21x1ZpsZKJWCDW90yfepkK98/KZHK0Pdo/lh2/6wt2qYOAjlBkcDwrWqA/UHqsDrYT2dLmBmJDanTWs5vhQPvSZBI8Fn342/O5x2lfoEvVWMmk52xPNpd92H+5JTEqWtpk6qrIz3LvVyqZRC9dDXfclNs50R88e33ut8m+1mjhKyF9GdFubY8lcRgaTUxmc8+jJyJJ/XV2tPRc6B+T2wleNpaJJBrPJ2S3YeZmUzAy+3rxYX9Px4NFOc/c64oGr/a62CwmrzcZH7uGksmk40q8oz/1UOzZ9F9ubyI11C/jq1jYH4ree/xc7M2arhgRJ9yRmMtlG4MR9YEukknwmOyCE6vf64gOPs7nf0t3nIjMqacIRCdzz+XukX65akQywQaoaDIRuzB5oPb61mU5tuF9ycR+OGhPJqpGyyXDA8+1JcnEfripPuPVv9jOmszv8NTXeLqiZDLbH1PtpP+UzCdLFJriw5/bfcflZ7ZY8rXeMkVWUbPS3VF90E7W12F06L0e6un9TU1i21ItbdHXclM86DkREcFgaTLpzxlLq2ZpTybWkFZfwAwJAT0Dl0omaq+oFQ1zLbReacmX6JpMJlfNybR1AKpY2/EFje4U2eb1PwGxZX/3mGjw1p+SaPDsbzebuQd6B1ew3eziKJFMrF96VOQNW/sQC1stSn2IW/TuYrm6fYOFVnfnsmzSv8StHeCF44XFUDVIJtgAlU0makiD+Fd+nn1gMjE/QR3JpM12DGomE+MDFdtWk+08E7OuKJmI40V14CgOrS5MWNUW27Hd5PVGPWCHzWNKq4GZ02lbC4wsPQrENmO0NH+gXf83Jo7YliYT65hvaTIxdo+2XVmZZGLVlEkmHSOFR4rt+2xjvzqZ6A83yzGKVpgvLCP/BCKzC9pM4nLHyKLaLTv2uthU3j6bHIzFlgYJK5lYzUYO3zKnHQ+tZNKrxkuLsmSDQ62Rwcyrt8/GLoQjs8Yucem3QqgeJBNsgMomEzUAxhipvzSZTPSvIpmsoM9EIZnA/tlpsieTRV8wdsGMLtbwFZuiY7vXty4Pvcz4O8c046PXOBQz+0wyvkjJk1WwPRktbfJSezqfiqbl8KdKJxN57spKk4k2tnRcjTOZjFxVr1Oz/e3YlpntPx15az4o/lPC5qWahG1n+GppMjkTcPaZOJJJ/ykZOYR7HSWSiTbSPzRvtBxpON5jNV9UI5IJNkCFk4n8yjBijLc294aiprHj7txvk8ET7cXJRPMFuy6MZGeevrInE3/z1bLnmUyKtdKPsw9TqXCr/BacZAJ7n4k5xL5wOPV6qMc4dUTX12J89No4ju1EyzQGfenJJNpyKW0/z+TCiUi0PyVa4OCVOJ/L257V0matr40rk0zEBkM9c/LkkGjjCf1iXytKJlqyI+pr7lF/Dm2dd7WlyeRlyhe+eu/x8yF5rtTSZPLqQbfRnXLmyrisMPe6osGrvS42iZm+mDxp5LbcF6nfoIgWPalp1WyWJhNtJtEUjPSlJocSRupwJBMRsM/0T06O3PSHjNWLksnTpNVDknwqI4poP4OpyezjsQtn6UyrQiQTbICKJ5MLx81r1Jh7w9k7V5tC6todY45kIi8FI8e5Zu3J5EG/vPKM8Ym4NJlo2lDM6GuODsijR5IJmmwjCsxDwEIysV03SXp963LRGcOS89guaDY2NYKrQ78211DWvDbXQlZdoMbfHLNvGdtSoaX59AFdWsWSibGHjN6ZnR2IrTyZiAaqrsQl964X5TlRzmSiaWdOyAUaWxOFF28uk451+Y8ZwcbKLWqvKxq82utik3g9cl1d881/LKbOMzGuHKg3mxLJRNPeZtW1uWRbXZpMtHezcm4o9vYXI+rYk0nLsaj5HdBNX0iejGSc5RKINJ29bi2GqkEywQaoVDKpEPt5JsBGyVgXFzbPLQG2CysXCR2c1oyCrD0DL3OdQ1QVkgk2AMkEsMnK7/+OFz5xSSbYdp6m1B0t/Me6Ju0nFWDbUyMafMFo8GTcdiYSqhbJBBtgkyUTAAAAbDySCTYAyQQAAAAOJBNsAJIJAAAAHEgm2AAkEwAAADiQTLABSCYAAABwIJlgA5BMAAAA4EAywQYgmQAAAMCBZIINQDIBAACAA8kEG4BkAgAAAId1Tyavf7kqb95ZVOJzMxnncthOSCYAAABwWPdkMnOla2kyEZXBjrRzUWwbJBMAAAA4bFgyERN557LYLkgmAAAAcNjIZLL2cJJJBM/fHLqdGkok1r4RbJyKJZP8yLlv93hqDznrgXU2fWfg2sDAT7u94l9Z7kxpN0LRGTkrEfR6ag/bln1av3NfQk5kol+byw8MjM7aFlGmOj2fHBKz4tHQ3k+83VOyTt+aN7VoLLK31nvkhpywN/uFvwZaHhrT09FDPUu3jGrzIhnadySWSsWa9kf1hgK4yFO7b/RJZnSgtT445JwHfJgNSSaRaEdclZ7Uc+cKK5FJNF0xz1SZSTT1ZYvmfhh/oMtZhUqrVDL56bvOiYWiQzTATSJpFB7Ykkmqac+EWT1x+kAqeshKJmZ1CZ7aPfaHn9fKhcXW6ptTViMvmUyE+tp9asLzachej6qU7Wrw1Bm/6J/0dgK451aT2tcJ5/5I80OFbUwysUohYKyKPZlkCsmk73xMbPPMlfG5d/Jhbzgy98t1+UTBaPKp+ZWjthhujsp0dNvMM8PxtLbQeDQSHpi612m82qRtg8Hm2FtzZVREpZKJQjLBRlkumWj3w+ceGdV/+dQ7vaJk8sKzu9X+uGW3kUw8waFzX3un9X3Ycsmk5zvvtPgv33cw9tRej6okW8XXnWq6bKMCKs/coUmiKVbyu2FgyyeThXxT0BjNle6OJvWp2X4RJ9o1PZn0PTPWCAcj8r9nN8MBfUIsNhDrGNE/6ofjvlDcWE7TfFafSSbRNmxVo5JIJqgOyyYT2XcR1mtf1Del7MnEU6uXrztlkCiS8RSPixDbmTaTiXjoqWvQlk8mMtjs3FfP1+fbg2xIZmtR7QRwjb3J2VMKUBFbNZlYWwjHUqqu46gROWRu0eOH7DMx1xg8G0lr2txArBA83qX93WNyYjh+5lbhONi2wJjvRCGxoIJIJqgOZZLJQRUSZi8237c+vG3nmdyZWiisqWQ8P/TZHyf8Rcmkeac3Vy6ZyFmeL4p6XVCt4j94Pf4BNd3zHXEUrpo4fcBKJqnmPQRjVNZWTSbGivm7/oiRTMKByFzuuVU0PZlYa8z0diX1fhVfwAobGd+ppIwuw/Fe26soJBNpsS8W8wU586TCSCaoDmWSycJfA92z4+e+kNMrG8217Hkm5rfjLzx1gSPLJxP79+iobrmLh63zTA7TUQaX3Q9b55moQadABW3xZKJpF05EHupnlYjU0TtjnUwiiWRiRQ7Vi6I9SxrDuvTRXNG0MZpr+WQiqVSDCiKZoDqUSSaabJlez4/yi+0SfSYruDZXj3VtLjNv5AdDnkIyOWBtSnW/kEy2lVSzcW2u+mbj6znANda1uTzf9TrnAR9mVcnk/wGpfYkc6RRXkwAAAABJRU5ErkJggg==" alt="Screenshot" width="100%" ></p>
<p><img src="data:image/png;base64,iVBORw0KGgoAAAANSUhEUgAABDMAAAIGCAIAAADGMlPIAACAAElEQVR4Xuy9D1BUWZ7vObERGy/i7cb2ixe7E7sRExsxVd3zuqfnX/f86zfv9b4dqqq7umfGnmxqKKe0a3VqcNQq2/ZPV+vYjVWNVaYWmCVqYYEW7R8gJUuEokAFGwUsElQUUynwD/8EE1QkQRNQRO/+zj33njz33iSB5GYK+P3Et6yb5/6/eTI5nzznZv6OAoAd+PuGzEUAAAAAAABEZHjk0SUVmvgd80wAogJmAgAAAAAApgo5yTkVmoCZAHuAmQAAAAAAgKnCtYQDMwH2ADMBAAAAAABTBWYC7AdmAgAAAAAApgrMBNgPzAQAAAAAAEwVmAmwH5gJAAAAAACYKjATYD8wEwAAAAAAMFVgJsB+YCYAAAAAAGCqwEyA/cBMAAAAAADAVIGZAPuBmcxSHo4p/qHHN4M2JPDgiXnrAAAAAAARgZkA+4GZzEZIS6yCMZ3cHXlC2wQAAAAAmCTTNRNqeXTfG2vue/TlHTV9ImMsd6X0s1wJPL4/ig9T5zgwk9nF6GObnUTO7eHH5v0BAAAAAIRjWmYSfPjk9zN6n9tx67mdt57bdeu5j24/t5ty57mP7zyX1ffcHpavZft/Un5/Ufm9r/7m9vMHAs8fGHg+d+BE9yPztsAcAmYyi3gw9sSqE7bHvFcAAAAAAAvTMpOMuvuRzeS/ZPtfKb1798GTodHHLx++Jczk+bxB87ZsYtXat+cveJ1inmErfBex3svsBWYyi7DrxpLIGYWbAAAAAGAipmUmv/9hTwQz+Xp2d2X36ODDJwzlyd0HY88f6Bdm0h+bG2T/9qWXf/9r36CYZ9gK30Ws9zJ7mb6ZeAor5FR18OIuU/mAcS0bcbjqzUXTYEXienPRzGDgYTw6THjM+wYAAAAAMBJDM/mXin7SkrHHzEDov8GHj5/fHzKTGN1tAjOZCUzfTJzpbtdHh7VkuPMbeXGT0+XRyz1pLne3cS0bibuZ+B2JyUtzW83FKjTLejzF65NNJUr3EbYkz4KVuRXN5gWM2H7Le+TgbngAAAAARCZWZvJGxV1SEdZZQlryRBkde/LJlYfyaK4gzGTuYoeZFIUeNFaEzKSgSS/1l2fPKTNZkZm9LnG5uVhRRk+l70oLYyaONSk5141F3Uc88hUZbXUkpZb1SSVGrPIQ60BOAAAAABCBmJjJPE9v75A6hktl7PGT4taHX5PugIeZzG1gJiYmZSYev9KYXWwRiaWJqV6X2UwCJanVI4ojKV0uNJuJolRsSnasOWIokrCaw3TyleKgtdAU/xDGdAEAAABgXGJiJm9VDQUehMzkweiTH3168/n9AZjJM8LMMZMuD1OC0Z76xYuWOxKT1+2tNC0QuF65eEGyI3H5lhKfXG4wgc4jq4s61al6avq3VexLSmIjpha/nRFaRqVibyofTLU6rVQuN5rJkOONTOkhRzUTpdU6oMuxqdJiJn7PKjaUKzXJOKDLYiZsxVXhzSTCV3LVnwx8Jauf5ZP+0j7z3PEyGTO5ibtNAAAAADA+sTGT6pH2e08eP9bUZPDh4/+6vxtm8uxgh5kcrj/n01JaEjKTnCq9/Ez+R5Myk6T5Kbnto9rjsdaFmSEDcSSl5DTrhzra6liU2TCizxImEKxfnCGsoD5p/vKANCTJkZgqplcnJQdDc0YdiSvFA2EmXZ4Ux/wUUS7BzURJTTTIRqAk1TemCoZkJr7M5Y5leWyqMTu3XRSHMRNSF75ZK3dHIplJvT79layAdYGwgZkAAAAAT5HuE0UN5rJIDFyucqa7y0yfiAYueC7rjSGO38ubYWl7z0zY7po+dprJX37c/oN9rX+2u/NP93T9pvmxP6jKiaond0fGvnPwZmQzeXv9Bt7cP3uuQTT9KVvSto2O6i1LRfneD/5enktxvPKqmGs1k+f+4A95yV/9zXc7Ojr/+Ft/yR+++tpPvvaNPxYbefH7fydWoWP+zf6Dpr2kvBNqg4pC/nBsbExekh6KJZ9Npm8mdkFmUhYwlJAk8OY7zfIan6i2/WsdS9QWvzCTsc6kt+U+h/qFWYauFW+aLhLdR7bVyXMU5XqeuA+Em0mwLmNb3XhXRjMT04Cupar5mMyEdEgs40iS+m1kMxkZ3PLT5WW8pyccEb4sWJhJW3fw+c913/AHa249rKkbePu6ttjvZfXX9zzIPz/Upj5kZnJ/+PeKgy2WDcoxHwcAAAAA7GCqZuJMP24uCotuJvHBNjP5+s4b+5oe1HQ93NN4/w+ze5eful9368nII63nhNr66Q33J2km3/zTPzdZwSuvLuDLbE1zmWbxZO7O4guYzOTwkSKxDGkJlQgzse7l4+y9fC2SFtMsnvMXtGdGlPCH/5K8VJQsesPyjUnPHjPKTAwmIZkJSUXIdzlnMx2JWoeGagJDXtfKLoO91K8rNfwUDzmDNlWbUWH8iEFRGlYXaf0V3ExWJ4V6USzoZmIc0OXYXKOYzaTVsalSHPlSuY9F/m6uxORdHnkAmBmrM4iERnPtDVg0Y/g7p0bUiQe/W2roJCEzyS/uv3jfvDVTzMcBAAAAADuYuplUmIvCMkvN5MMLD4dH1Z8ueaKc8T/85p5by07dq+t9cjP4RO04ecK+NVj6PZMIZkJZ/MaSzVs+kK2AFqj11sklplz0XVKMZiJ6SyjXW7XWnjATyrf+4jvv/HqTvBHTYVjz6BH79Xr5oawlr/1kkTidZ5kZZSZdxhJhJvxWDQPdR1boDX2Hq8axaHPKmmSTmZg6RoSZWHdEl0HoBO1026LkhdL4LgvCTEJ3jwRKUtvUCdlM2FAuST8ooQFdcp9JsHLpfvMtKzKT6TOh/ENWP59ouxF8/jdMV751cpiVdN1bcMGw1lf293/lkwHr1kwxHwcAAADwTDM6EOin9DVWHDjPRoX31Ryvb+297q3YcUxtWfi9hScqCqt81+8qDQVup9u7o8Bbf5naDH1V7pLrt/trCw+XqT/7pplJt9dVKG7KlWiqqmzu6vCddub5HigK7dGZfpz+pTm02fJsT+05Vi48JNPlvnijf+B2R1qGh5c4s72m0Vw7Sq4aC0Yzj2m/QBc1tplJVtPY3RFt7Bb9e6b34Tc/YXLySfNY2+CTwIMnn7aOTrLPJDf/EC+h7YhGf1d3t2wIYi1R8tWv/xE9THjpB/JiPF82t4jlhZmQt/CSq1evyZsV09/8k2+Ltf4xMYkXkofIy8gZHjZ/Zv7MMn0zsfE+k/HMZII+k1XasC6jToxrJhP1mahfBzzW6VhzxKg6gpCZKJfUu0eu5y3Wb2KRzUS+s0VlyPF6to9v03ifSc6yZONANgOTvM/kf6hmUn8q8JUs1TruBzUzCY5Y+0xutt/7zik+d9yYjwMAAAAAyphzu3lsFZkA+5/fm3lCayEwM3FZOzr8fAFmJt1nnHvPmOcbcaZX8K4V0WdCm20Qf5+5mTz27SjXmyVtVeOZiTLalXZEyMmoc/dJaV6U2GYma0+NtASePNJvLHkw9uTfjvX91cGeNyrvlXY+rut98q8nBidpJp2dN0ShaPff6OoS09/9f18UC3z7r/5GlCtSn4nIn3z7r8TCimQmfzfPIQrlLYjp951bxQKiu+av/ua78jIi8r0uwA4zse27ucYzk0Ap++JdmTD3mSiKL2tlRejG9vHNJFCeesp41pb7TIh1ScnjdGVIZqK0Lt7fyvpG1KFcisFMWkWhYGFisrZro5mMns3cUjvuE3Fv/F9/JzMp7XlwsedB/ZX7X/lkkBU2Df5uVn/b/dFNHr3PRL/PpLAmeEJ9qN4B/+gr2YFN7Y+s2xQxHwcAAAAAmk/mN2qtjUe9Ta6dHme6W5iJGEzFzIQXMkZ7fV7XdjctKcwkLcNdeC38J6DKYMeOj9TNhjOTUPOB704ewaVPhzETRSnLdrPRRMpoR3nRxcFxdj0VbDOTr+64sbl+tHXgyX02povNJTl57bPbz++98/U9N76xZ+Lv5vr5L/6dt/Lv3AndAiya/p03bojpf5qv3XZCkGCIciWcmXzzT/9cLEyI20vkjchbENOf/Ga/WIBkiRfynhnTLig/+vE/iYXBrDAThd0+vjarcaLv5lJ1Qp8c30wm991ciqo6Xmk5HdlM2IAux7I8PpRLkcyEdEUUCgIlqVpHiuW7uejIV+SPexe8VRtiHfyeCQAAAGDiYqHHmaFJQtU+tzNH6/SIbCbZ6e7sKt5gbgn1mSjKZ7vdYVoZtLXtJ7WJyZjJY19mZa9W0h3JTBRVTpy7T9qiJYqNZvLczt7/8Zu7tT1Pbum/sUj/5lwe+vYnN57P6X/+N/02msk3/vhbYgFSBVGuSGbyR3/2F6K8oeG8WH7yZvKTRW+IBbL2fMILv/eDv5eXkXP//n2x/DPObDGTltyUpMTlxWebA+2+FfOTK26FFpPNhH2n1ll+RpHMJNicl7QstaVnMBDo3PLT5Vsq74hZht8zUcd0hR5qGMyEDGRdSWh1YSbmHzDhjNRo5RYzYb1ASabRXyGs5hDrBB6YX/UAAADAM05aukd0mFDbxnnwApt6fDWymWSmu3Pq1c9Tm07KZkIikV1j+dlmall9VKX+v29SZqL0ix3RZiObiTLaZZeWKHaaya5bX93lP9s7du9hyExOdT/8fm67XWbyy5R3xMNv/cV3jh0v/+affFuUfJixU5HuM6HpP/uLvxZzhZxMaCZ//Tf/j3j48t/9qPizksVvLBElzS3slhV5+X0HQt8v/L0f/oPY5rPMzDETEIEIt5rEIrQ78xEAAAAAzziNFeoIKzXUyHnc11BYQtOec72RzUS54/PsZaOz6ntHDWaidmJ0W8YoXDlRRgsfONGaOSkzUYLXvOyQXJ4rwY4JzMRWbDOT53f4yzsfPlJ/wURRtWTw4ZN//vzO83tu2WUmiuQVpvz5X/83vrzpW4Nb29rEMt469qnzhGYiPzRl4f/3L2GXzz9UIEogJ4odZhK6/V3N9bu8uN9Uzr5EAkyDgfHvNrE95n0DAAAAABixzUz+9mDvrWH+/cBMOcYeP6m5+ehre3qf++SujWbS0dFpsgWe3lvaQBzrLy3+5X/977zkv3zzT2tOfzEZMyk7evxbf/Ed0y6++vU/4l8ZbF1eMX5DcX8/+wq2Z5npmwmIG1aFiEVuD8NMAAAAgDjRfaIo1BXDe2NmCbaZSf7VxyOP+K3vyiPSEv/o17J6n9t7d/JmMiW8dfW7Mj8+c/aceYatnDxVtTtrT0lpmXkGiAjMZBbxYCwe3SbmvQIAAAAAWLDNTJznHrUPPh4de/Lw0ZOqrtGvfnz7uT19Eczk3vTMBMxkYCazi9HHMew5QW8JAAAAACbJtMzkD3f2CjP5bv7d412P2wafXBt4klza91xWH8zkmQVmMuuI3Q0n5j0BAAAAAIzDtMxk8MET+bu5vrHnzrf39f1B1u3nPr4T2UxyWh6atwXmEDCTWcrDMcU/ZFaL6IIvCAYAAADAVLl5s5drCU1M2UwUdRxIS9+jL+/o6RMZY7krpV9L8BGaLHMcmAkAAAAAAJgqwyOPRKIxEwCswEwAAAAAAMBUgZkA+4GZAAAAAACAqQIzAfYDMwEAAAAAAFMFZgLsB2YCAAAAAACmCswE2A/MBAAAAAAATBWYCbAfmAkAAAAAAJgqMBNgPzATAAAAAAAwVWAmwH5gJgAAAAAAYKrATID9wEwAAAAAAMBUgZkA+4GZAAAAAACAqQIzAfYDMwEAAAAAAFMFZgLsB2YCAAAAAACmCswE2A/MBAAAAAAATBWDmVCDEkEQBEEQBEEQJP5Bnwmwhzt37pzTMVUsBEEQBEEQBJlSYCYgeoSWwEwQBEEQBEGQaQZmAqIHZoIgCIIgCILYFZgJiB6YCYIgCIIgCGJXYCYgemAmCIIgCIIgiF2BmYDogZkgCIIgCIIgdgVmAqIHZoIgCIIgCILYFZgJiB6YCYIgCIIgCGJXYCYgemAmCIIgCIIgiF2BmYDogZkgCIIgCIIgdgVmAqIHZoIgCIIgCILYFZgJiB6YCYIgCIIgCGJXYCYgemAmCIIgCIIgiF2BmYDogZkgCIIgCIIgdgVmAqLHdjP5m8xOPvE7/35lSC+8NfgwKe8mTfxv716jcp7rt0eo5O790W+42unhi3tvnO3UDoA2wpd57oM2WkCUyDv618M9Yl+Uv82+0RN4SBO02f97S6vYC4V2TaFj4Es23Bj6yq+v/U8brjhP9vGNU/7Dr64WXRrk09WtwfwLA/K+ossnOftWrvwZ5b33Nw/eG6aSwECQl/z616m8hDI0PJq+zbVmzVrKpcvNvFAsuW7d+o7Obl7Ye6vv89Jj8vZpMT7d3HLt5z9/e9Wq1bTl01/U8XVFaAHPp4Xr12+gBQ4XFoktTCd0/HRetEHab633DC+prvmCl7S1d/HFrlxtO3P2vLyiy7Vdfigfpzid0rJjP/vZKjp3WpeWl5ehh/I26Zr88pcpVE4n2B+4zwt/8Yt14vLyPfIt79t/kJZ8/33nseMV8jFEF3riUje9RxvM3vMJHY/pmvMjPNfQSE8rPaSnmJbnK/KKQSdIxyyX8PCnmGbRtF3Plzg8Ond6jnghL5EPY1g9qZSUd+QV3e4C8ZA/d6JyUnJy9ou5/p479NTT+dJe5Os/neTmubu6e8VDemb5Mb/z7q/5002HtHNXpliADv7w4SPDlhOhOrNrV6Y4Kvm1Q68vqmm0zZSN79z035KfSn6+4qF4IU8/cq2mPVorgLWET9MVphMx1SXKLukiUOjFLj+k5cVbBK9R4grc7b+3bduHvbfuyssjCIJMJzATED2xMxPyjW/t6ODTspnIjf4lhT2kBHz6/vCjXx6/zfVAbITc5n/fdJ2XvLS367BPkwfK73/QJpsJ7etfPu0RDynkJ2JamMmZjqHvfqytdbF7+KtpmvmQF/3n1OtcpWw0E96yoWbB2rVvD6tNOirkJRs2/JI331etXiPaGdTEP/HbU/KSlCNFn/HVxzOTo0fLP//8qCjnoeYOtcb4dENDo8/3pWmB6YT2a236UJO0rv4cf0jHc6Hx0vAkzITamvLDnt6+TZvev9HllwtNa4lt3rrd/+vUTbyw7+7ghx9mUAlNkzD86lcpYiPcTI4eK++8Yd5s1KGW3LvvpoonTkQ+HXoqSbH4tKgDw9ITV1NT23jxslzCY/vzJSrD/eAD0jPeDBWXVBwG5Yvauo8yPxbtb1pxy5YP7vRpLwdhJqJy0gbpvPjzvuGXv+KFNoYu8o4du8RD+fJSe5pEorWtU1RFOpgPPkinpvaw5UTo9Gk7VCv4Q3HB6QTpgoht8hLxwuGhnYoSOh6+/WmGrqS4hsPSe4VcIlcJvgqf4HWJ1z2xmL/ntjgROsI9e3POX/CJdelNxvQWwVekK0ZnJJcjCIJMPzATED2xM5Ovb2sjD+Ft/fHMhKxD1omuuw9ezmGNdVk5aBVe8vPSW44DWu/B4NAorSgWa7vzgOb+njOkIsPjmMm/Hu6p7wid5m5v/+dfsnbGG5/2kBdVXmOfwtpuJsN6i0pu0vHmzp2+gNzwoobC5s1bTEvSNG2HWhvjmUlKyju0oijnkRtY1sbWNEPNPmrOyiVkWbl5btFSp7Zs5m7WLpyqmZCGvf32L+QS61pim7+tPCU3vy43tZw8VUMTpCvU3hIf53MzoUtHF9C65ehCm3rnnXet5fLpvPfe+/JH7B9n7eFNfPHEiRMxNUNtf77kDdJ1uHa9fVi6pPJzRLXx7LkLzc3XxIr0UDRqrWbCC8kHaCLsBZlO6Opl7/lk3fp/FyXy5aXDptpCy+zclcmvHlVC8QIxnQgtfK6hkWoFf6WIC05HLryLx3rxZTMhB6PKL8+NLtMxk2G19493JYnF6N/t23cMDLI3N3pRkGrSpeMnS0tS3TO9RfAV6ZltucI++kEQBLExMBMQPbEzExIDMo3vftzZE3g4npn8n+9fv3TTMDpCeAh/eKhxYJGHfc5NJSnlt4V7kIfQZvliZClkLPTwxT03xOis4XBmwgd6iUJK74B2YOLwhmJjJm8bzYQaSQcO5lFbgZpBl5sMo9RMS/I0NDTSkuOZyYYNv5S3wCM3sGhHP/vZqs3OLVaBiS50XqZhLXRgXd2GPivenpuqmVDrNi//kFxiXYtvkwubfEbkRXyxjRvfpXJqjd303+Lr0sIUughNXxqu9nRC7T9qNJvatfLpiE4SHmoCyh5CR0sNZf4Mmpqh/Pmihe16vkRloIonagu/VvJhDKuWS/9u2vS+WJFq3dYP0nhHQVgzocpJRzusqtf2jJ3WfqSoQ+JBrWqqD2KskbW2DKstb1pyWLURUS3FifB1eVWk68k72cQFX716jbzB4YnMhJr+vDqZ1ppqpmkm5JZi0Bdf7HBhERfOYf3c6Ykur/jtsPraFKMrRWjFU6dqbLEsBEEQU2AmIHpiaibD6nit/+O967KZrCju3XcuQBmOaCZkEZT/a7P2eR43k8O+wRNX79O/vJzviyzlP6eyh7Spn5WEhqRHYSbtdx68tLfLRjPhQ8DXrFk7MKh9rkmtN2rqiVElkzQTWmw6ZiLiPuTZvn2HdeGpxkYzYWOB6s7yDNtnJmLjfF3RyKMm2qpVq/cbB/BMJ6eqTssD2yZpJje6/EePlV9uauGzqKSmppZfBHFh/T237Xq+aL/kUVR/PvuslI6WX7S0tG1UIh8GtVN5H9TWrWl8GV7r9MGHN8KayRn1xgw+TUt+8slv6Arb4lT0whlmY5MGP/44m28wrJlQeD+beFnJJ0LrDutmMqwOsbvQeCmymVBl5s9FTy/rZJPNhNc6W8xk27YPxTNOx5O66T25AogqQeLHS0wvAWEmVJfoOOmy8zF15JC8G7bmtJfXwPHMpPHiZbrCNpokgiAID8wERE+szeTqrZE/SG8TAmDqM/mPG68eazEM2ua9ImIjZCB8PBg3k5v9D8k9/uXTHj6siy/2Zzs6xM3utC+xKauZ0Oq08OBQ6C8xycyGY7f5AryEDokK7TIT3vgTrTTRpKMmFG8QkJZQA0JeK6yZ8BE445mJtXU1PI6ZjLfwVEOtvTt9zC1F6CxMipWS8g41mCY0E1Nbk5qS8g3NYdfi22S9Ih9nU7NVlNP03r05w5KZbM/Yeet2v6kp+fnnR03OMM2IMULDEc2ELhEfOcOfuDt9A7v0MxVPpTW2PF9yZaAmO/+knF9ScRj8eoq7rlvb2IuLm8mw2vlAi/FWvrVyygOuqGLTFTZVhihCxyMOhmyKH498eQPq+CU+TYdHLfLsPZ/wh/KJcG8UZkJrvff+5sOHj/ALbq0J1heObCZUpU33pUQX1/T6TOggyVjkxYbUO/67unvpyotzp1A5VTxxH5Fp+/RMmV6eCIIg0w/MBERPrM2EMhAcJcEIayZLCnv+13eu8emwd8C39I78wz5NQshMhtVbU0g/2u6whiAVkmaIhxSaFuJhNROaONMx9P1PtI8P5TvghZk0+Ye/vaPDLjMxtTZEk87fc1uM/JY/tgx7Bzy1tvmHx7SY+FR4WGpUud0Fp6pOi3IeawOLh5vPNEPNfdONs3Rsb7/9i7PnLvCHn0d7B3xb+40NG35p/aYgq5kMq4fBb8sZNt4BL8yEH5XJTGpqam25CCJbP9B6GIaNp0NP5fHjJ/j0ULg74OnATHeeWGPLoZrMhMuwuKT8MI4UfSY6fwbvDfNbyYWZ0Anm5Ox3btk6bKycA4NBqpymp5iusLjBI+rQ8XAbGVaHafFbWeTLSzWQ92lQqOVNhyceyidC69KJCDMZVisnKQ2/4PQc8ZFgItYXjmwmtOXxnqkpZTpmQs/FKt1XZTOhN4eu7h7yE/F+wi10SP12CtNbhFhR9moEQRBbAjMB0RMHMxlWv0crrJn0BB4mZN/4p9yb+84F/mh7+3/41VXRQyKW+Y8br/ISbiZ/m33j56Xs5gFeeOnm8JZToduaaVrc4B7WTCj/y8arm0/20R5p4s/0bw8TZkL5n395NdZmMqx6BW+7HziYtz1jJzUWKdTg4K2EgDruq7PzpufTwp///O0TJ07ytd57f/Nnn5XW1Z3Nyz8khiRRw+tnP1t18lQNlR85ojWz5AbWseMVfC6ta8vooGF1CBkdwBe19WpvScuw2nxctWo1ldC+hG7RMdAp8GEq/FNeMWqlTh2+JY/m4udeV39u3fp/p4e0HTEKJayZ8MPgF4RWEUIiJobVb3DiZpKb56ZDpSXpek5/NNfVa22uD7fzgxxvNBdvQfKd0lNcUHCYl4tGIVUALqKfSKO56JRtf77O6KO5Dh8+QqfP/U1cUn4YW7em0SUSq9BitIowE0r3zVt81BavnFROc+myU+XkzzW5QZ1aM2ndaTZ27/YP0vHILWza5rB6eWm/dEnpAH7965Ab0/K8f4BPyydC61JkM6HXy0r9K6rvq7f00CnQkZeWHRsYHDojjebyXfpyWJVD2gJN0zOelr5NbHk6sZqJeF3wOm+qEsPq6Lub/lsln5e988678vdN3+jyU/lHH+0+VPApXQG5NnIxG1Zfm+It4nP1+wxEJaSXG524uNQIgiDTD8wERM8kzYT+biEIgiAIgiDPVKxtwgkDMwHRYzUTa6VEEARBEARBkKFJuArMBESPyUys9Q9BEARBEARBTLE6CcwETBeYCYIgCIIgCBJdYCbATmAmCIIgCIIgyHQCMwH2EIWZBIceIgiCIAiCIHMy1rbfhIGZAHsYz0ys1RRBEARBEAR5ZmMVEpgJsBmrmVgrIoIgCIIgCIIEx/ETmAmwB5OZWOufKfeDDxAEQRAEQZA5HGsL0BqYCbCfCGZiraYIgiAIgiDIsxmrnAg/gZkAewhrJta6iCAIgiAIgjzjgZmA2GIyE2sVpNy7P4IgCIIgCII8g7G2DK1+AjMB9jCemVjrpZzBe8MIgiAIgiDIXIq1yWfKeH4CMwH2ENZMrBXRWncRBEEQBEGQORxrg3A8OYGZAHswmcmENvLXH9ap8SIDg0MIgiAIgiBzJtaGX1hLscoJzATYQ1gzMdVFa8VFEARBEARBnoWMpyiyn8BMgD2YzESuWAiCIAiCIAgypURjJjkutzOd4jHPiC8NBe5ucxmIKzATBEEQBEEQxK5EYyZXqqo8hWWudLensCJMjl7oCJpXmRSPBzu8VWmkPS5P5ZVB81wLMJOnDswEQRAEQRAEsSvRmAmnqdij9pyESX6jeeFJEHSme/LPa0LSUV5E2zEuYAZmEiJ41VVy1VwYe2AmCIIgCIIgiF2J3kwUv9fqJFGbyfWjh8v9xqLGigPnx+j/zn0NF0tK0lzuwmZW7NnLjChtd5lsJvlqYbne05Kf7nl04wyVDLBHo9m72dzMgjOT6ImZtTwNOYGZIAiCIAiCIHZlGmaiXLU6SdRmUrXP3WQqun3GdbSD/u/MrnJmlX1W5WsKkA6dce4sa2puqa86mZahmUmwscJ18HST74K49SWfPMTlqT3no+m+mpKcYxeafL7s7Kqmx2Lrc5DC3e44ywnMBEEQBEEQBLEr0zETxeokajyF18xLTkh5tnVoVpOzgNmKM/2wKPK4QkO8yrLUVZpPpulC0n2iqPw2myAzeaAvxszkRFzb60+PsYH641Xdo+bimAEzQRAEQRAEmV0pvjbyu3v6v5IVj9COrAcQIdMyk+x098XW3gd2dESEHc2V36iO5kqvEGXZ0s0nfDTXQE2JM71oINDPww8m33SPymh/fpbbdbCh245DnamMpWWUlV+L7ssHogRmgiAIgiAIMrvynyz+ENNYDyBCpmsm5qKo6Ti9Qx27pROsPeiuH2ZTspnIfSZaNwvrMzEfhtlMGGO0WHZNv7l4rjBwviLOWqLATBAEQRAEQWZbrPIQ01gPIEKmZybb3fnGrwyWR15NlbK9bDBYuddXX3WaJlyF2o0nspko3V79PpMq+T4T586S+nO+zwpKeIlsJheLD9f6Oq77LjhdReZumbnCwPnj8dcSBWaCIAiCIAgy22KVh5jGegARMi0zIX8ok/s5hn1O6QYPMOeBmSAIgiAIgsyuWOUhprEeQIRMy0w6zl0wldR6n5F7zQEDZoIgCIIgCDK7YpWHmMZ6ABEyLTMBzzgwEwRBEARBkNkVqzzENNYDiBCYCYiep2gmX3xR9+KLL77wwgvHy39rnYsgCIIgCIKEjVUeYhrrAUQIzAREj+1mMn/+/K7uHmu5KXf7733ve9+zlj+VJCQk0PFYyxEEQRAEQWZgrPIw6TxouWItnCDWA4gQmAmInqdlJo0XL7+14qfW8vhk5kgRgiAIgiDIVGOVB2MedLQG//Uki3UWN5OsfuUftJJglde6BUOsBxAhMBMQPU/LTE6eqn5aZhIcepiQkGAtRxAEQRAEmRWxyoMxETpGLLNOjcJMwEwhpmZC7rH/QO73v//9V1+d/4//6HjhhReGhkep/PDhop/9bNWPf/zj9993pqVvoxIqp8VIGGjJH/7wh/Sv2CBt5ELjJZpFW6Dl+S7+7d+W0tZoMfqXCkvLjvG90GI1p718xXv3R+ghlW/c+M6LL77I16XQBJXzXbe13xhWR3OJ3dHq/DD41iorq8Qserhw4U9eeeWfaBZt8KcrfyZmIQiCIAiCxC1WeTDGrB8bbj6pvzy08Mxox5jCZ+0PKNpc7yOYCZgpxNpMfpWykQxBPBTacOK3p+Q+k1/8Yl1e/iHx8N83/DJzd5ZYi3xAzBpWdyFcgpSGpl9//XX+sOnLK6+9tqD75i15eR5ZP0x9JqZZXJ+G9Y2L46fp1jZmMta1EARBEARB4harPBgjRnPd5yUDyhNtVukozATMXGJtJvL3br37bioJCZ82mckrr7zS2topHp6qOk1z+V3pNCFLy7C6i3nz5omHZAi0ZT5Nux5vONlkzOTW7f4f/OAH8qwf/egfb3RpW5OlxboRBEEQBEGQ+MQqD8aY+0wUYSb6LJgJmInE2kwaL14WsyKYSYLx27FkwTBtZFjdBSGv+0nOPuuKvktf0qwf/vCHfLjXZMyEdiRvedi49/HWQhAEQRAEiWes8mCM2UxaFM1D/uTyGMwEzFxmiJkkvfpqhD6T6MzkhRdeuHVbey3xe07kVeQNiod9dwcj95mEXQtBEARBECSescqDMQ9ES08rcQdHHivKw8fHzw2bzSSrf4Bm9T2wbCQU6wFECMwERM8MMZNfpWwUdjFsuc8kOjOR+2GuXW+fjJnwaXFjifU+k/HWQhAEQRAEiVus8hDTWA8gQmAmIHpmiJlQfvjDHybo38314x//WJRHbSbvv+988cUXFy1atGDBAvpXFokf/egfk5KSFixcWFX9Bd+CmMW/B0x8N5d8nwzMBEEQBEGQmRCrPMQ01gOIEJgJiJ6ZYyadN25u2foBNff/+Z//+U7fgCiP2kwGBoOkHzQ3MTGRNvj3f//3YpUzZxpIWqi8rv4c34K8/czMj1944QUqpOORy2EmCIIgCILMhFjlIaaxHkCEwExA9NhuJgiCIAiCIEhMY5WHmMZ6ABHyO83BZgSJLjATBEEQBEGQ2RWrPMQ01gOIEJgJEn1gJgiCIAiCILMrVnmIaawHECEwEyT6wEwQBEEQBEFmV6zyENNYDyBCYCZI9IGZIAiCIAiCzK78J4s8xDTWA4gQmAkSfWAmCIIgCIIgsyt/WTBg9YfYxXoAEQIzQaIPzARBEARBEGTWpfjaSBx6TmgXtCPr3iMEZoJEH5gJgiAIgiAIYldgJkj0gZkgCIIgCIIgdgVmgkQfmAmCIAiCIAhiV2AmSPSBmSAIgiAIgiB2BWaCRB+YCYIgCIIgCGJXYCZI9IGZIAiCIAiCIHYFZoJEH5gJgiAIgiAIYldgJkj0MZkJgiAIgiAIgkwpMBPEnpjM5N79EZ7Be8NyBgaH7vbf67s7+BAAAAAAADwDjOpQI7A/cJ9ag6KhSLkffMATHHpos5kcO1vbcM9ciDwLGc9MTHJCdZFqJNVLXkHNNRcAAAAAAMxyhIqYoBZgYCBIDUKTk3AtsddMvtya7naqKb7xZcPJIprIOH7WshgyN2MyE17JZD/hMZkJAAAAAACY2zzSoUagMBOrlthnJvfOcScRycjysH+P1puXjHuc6Z9aCxHbE9ZMrH5CdZFqJNVLUUcBAAAAAMCzgBjKFVZLbDKT21/k7zFoSchPojOT1uO07q4T5+RCV7p7zxnLkpMIzCQ+iWAmsqLATAAAAAAAnkHGxsaoESibiewkNpnJ9ROyiqTvOGSLmWTlFjvTPaGSezW7Pv08zmZy5kShtRAZLyYz4dUrrJxQjaR6OQYAAAAAAJ4lhJlYnWRoeJQyXTNxuUIe4iqsZoU9J0NyklVWedu8ysRpPb6n5mSWyy1KfF8Uf3r+eJzNpDAndADIhAlrJlY/gZkAAAAAADybcDMJ21tig5nI3SMUUZ5lLC/rM684QVpVCWn8POf8l+xhd/ku2viZEm4mXxz9lLZZ0liTs9t96Lq6wJmS/KOf5hz9bVkLW2BPhnvP0d+WnDhaqW7NmX4off/RU03V7Ab9gyfVXdTtOlJe0lhXfKSQ9+ocynI7dxxia9WWa301gYt0Fg03zzf00y7OOTOKjjXWHCpAL8q4iWAmJkvh39BlrqoAAAAAAGBu8dgItQCpHWgyE+4kNphJ840vWJteN5CtB39LhU3tvxUlGUe/qDn7hXmtCcPNhKTCVUz/5me6t35aI8zEmV5YeFNb0ukqYRNnSrK+uKSvXuPMPyVvLaRMZ0qs/SfOrOPN3EyyynkJTfOJPSHXYmbSZFwRMcVkJlS3rFoim4mppgIAAAAAgLmNbCaykNhkJrxNb+whkRP1fSZcQlhXCbv33ZPfwrxCNxN5F5qZHGrV1715wrTTkI2EzOTynpxP0zPULQgz0X0mnJk0H9p/yPnhp1+w/hPpOBEpVjPhgZkAAAAAAIDHupmMpyV2msm+8xdD5fcu2GImvpqiTztrtC/pCpnJpyEP4ZHNJFht6TMxm0l6SDkuTdJMeMryD4nuGsSU8czEFKqL/Bu6njx5Yq6tAAAAAABgrvDEAv8lkziYiXmU1Bdl7G6QaZpJc/BL2oiPF4r7TI4XUuGh6pMl1ce3Fqg6YTATdp9Jzgk2t7CTPbSayZ4P3fln6xo6a12uQxHMpOSgO6e69ljTebKdnKO/peUzd7i/sB4toiYKMwEAAAAAAM8OcTOTIlO5TWbSvFW6S0ToSoOvfKvL7XQdOnT+PJ9l6EXp+YLPrVDvvLeaSdNV7ZuOD/kuRDCT5ttf0DJbj1Q3B8+71KFfGQXsRhokbGAmAAAAAAAgAhHMRHaS6ZtJ+GQcP2tdBZmTgZkAAAAAAIAIhDUTq5NEbyYIwmMyE1GrYCYAAAAAAOCJZCZWD7EGZoJEn/HMxJT4m8nlExWX/ebCp8qDJY6XE156+bK5PPY88tPVMBcCAAAAAMQYRYUagfeDDyL0k8iBmSDRZ5JmQnWR/xI8r6CROfhGQkLCax9s/eCDd996+SWaTijrNC8zIUteSnhla525NDYkJCwyF5m5lvlqQtl9c2ksOf9ejT7ZWUBX46E8EwAAAAAgXsBMkDglZmbynvbgYU/ZhnkJG04YlphhTGwmd4veSki4ay6NJS2ZITMBAAAAAHh6wEyQOCXmZsKoTpi3nf2/82DCpupQ6aaEg3pfyrXPt7/MOlcSXlm2/u4YK1lED7SFq1/5+Np5z0Y2mCrh5e2nevQNMDYue4UWfNmxqEddi7jbUrb9p2ztea8uuabLxMF3l7DFXln01taD+qohQmbSeXD90YcndrzFDuWllwsuqb0kt8+/9nfqwRFvaKvTXlh30MvzTnSHOjNor6Ri1z7fSAvSUXbup4L19y8VsOP+yVvqIg/f+gl7VHAhpDlNn++dp578K8s28pK3XuMXg8GuUOdBdcsa1fv5pUjY6DkfKtyUcI1dDbYl+WoAAAAAAEwTmAkSp8TaTK7V7F3jSKjm46DGM5Nre+e9q5ePaQ192UxoskkfSUXloj3+WkLCNW3xhwla2/1awryN2u6oVP33xIaEvW16yf0wQ7JkM2FSoTfr54l+EqMbKBe2J7yhupairHeQw3DrYMc276UlmdxnNDNJeK9Gfdi2N+Hll19+aQmfRVsWQtPZqZ/DuQ8S1pVphfsXSaO5Qnsv+mnC+s81N2v6eMm8D7WLQRczQd+4MtZJB6JNAwAAAABMD5gJEqfEzEx0/u619Xt06xjPTGreW5RjvhPFaCahdnbZOtHTQjaiKQHxwbyEamYU1QmL9pq2RcejzhoXo5mEtpn5aoJ2uAYzeUiqs/2S9uD+0fW6FLFj3ngqZD7cTHQD6aHp1/Zc4w+2z0sIdw/N+YRXM/nUeGZCMhbawdg1OtoiVZ7oYs5LD3WhiEMCAAAAAJgmMBMkTomZmYjRXA+vud9KWFLAJsczE0V55aWEl197a/vnTWKuwUz0MVTswaYErcmu9m/I8K1tZMO7Et7aoXU+MO43Ucmid8OM4+IYzEQ6QjoR7QhlM1GnpXtOOvcu0gTG0K+im4l4SHsR58tkSS+/21S26NVXXtEGjGnXbTwzMXWGsPPazzYqX0xeHnoAAAAAADANYCZInBJ7M2FoDWVju1/q/VAZu3vt8+20ZKflPpNxzUQqN3G3pYy5ij6Ii3jYXa3evRFmmNNTNJOmHfPmhfZYDTMBAAAAwEwDZoLEKfE2E3E/iaJQg95gJioFP014r5ZNTGwmY9UJLxn2YqLH81bCZsOYqfvnPnhNvTfdxNTMRKl776XQvS7KcNn6BHb3uRKVmdBF4MOxGGOTMRPDLujh+qNsvBjMBAAAAAAxAmaCxCkxN5Oxu+c/XpLg4PeLX0tImKfdEc7u0g5jJtXvztt+gU1MbCbqTRfidnPlofnW9vunNoobxDXa9hq7OzSmaCbsK30THNoJmu6ADy0zOTMp+mno1pT3HKHr9vDo+tB9I9Ley9YlLMnRbvs33QEPMwEAAABALICZIHFKzMxE/aXFrR/w78Mt0EdVzWOPXqby115OKEifpzWma95bso4t/MHWjQn6Hd6TMZPOwjW01Ea24vqXtbZ49SvL1vNdUwn/kq6Dy+apy3zAvudXfIGVxJTNRD2RRes+2PjT1xJeekVzrajM5GHtewkvsQvywbpF8zYUhIxu+AStS+Xszht57/fPsyv42lt0ygn6yDcFZgIAAACAmAEzQeKUWJgJAAAAAACYM8BMkDgFZgIAAAAAACIAM0HiFJgJAAAAAACIwNTMxLw2AJMGZgIAAAAAACIAMwFxAmYCAAAAAAAiADMBcQJmAgAAAAAAIgAzAXECZgIAAAAAACIAMwFxAmYCAAAAAAAiADMBcQJmAgAAAAAAIgAzAXECZgIAAAAAACIAMwFxAmYCAAAAAAAiADMBcQJmAgAAAAAAIgAzAXECZgIAAAAAACIAMwFxAmYCAAAAAAAiADMBcQJmAgAAAAAAIgAzAXECZjJNyrLczoMXzKVgdhG44Lk8k+t2a2aV31xm4Uqpp9tcBgAAANgAzATEiViZyWhv5k6PM929Y19FeVO/eW5c8TtdJaFHjRXlE7fxpkDVPrezsMVcCp4emelup5q0j0r6HpvnhifQcOD8pOv2JAgdw86S3lHz3KnTuqO8y1xm4UqJp8NcBuKMvzzbXXVXf9RY4UwvkmdPh4YCvVJllQxMsmJPg+4TRXx3emw7EQDAbARmAuJELMzEk+F2ZlSYS58a/pyCipz6oPbIRjPxe+kPdnaWOy27hCYaYt9WAJOBrEBMP63mFB1DfqM2/Vl2TF8OHZkn7KrQYPowM0kTNXB8M6k96HYWNJlLI0JmoveJjTnTDxvm2YEr3KGqfjL52jsy1ZMCAMwWno6ZBG9crfX6HqCB9SwRAzPxO3PO9JnKhlucuysGAr2ZJC3ZXkX9K1t2sKw30Hu96niOt8VTdbXDdzLT5X7Alm5y7T5c39o7EOiiv/FqiZJd6KWS696KHcfUD4/9XtdOD5VcPFbGW2YHXFproD7PTQfAp1X8tMCB7W5NTXQzKcwp6wj0D9xocrqOK/zzyINVZec6QscT6NePZ8zpOuzxdnT4TqeZ/u4+9qcdaajM0TcOZgBGM2HdZfnpbtF8582sB5crco41DdzuyCn1sVK/l4uEM8Pj2l5ET71nt7thWF3hbkPa/tO0pNPF221+tSb3lxdWVHYYtsMrKkc2E0Xpr9qntikfX1XX7aJKm98YFJvqaL5QqXZ2sD7GAu9Fn6/+LjukwhMVrp0l9efoCJu04/d7d+z2NN3ory087FRPcyBwYcfRVtpIcFS0XEdYda262tt6QT9mdjyug6f5CwomE0uYmShBX5pbrVfCTPxnqBax96sTx9l7yOORz7LczrwL9MTRzMIMd632duehh7QFUcfkTUtmolXyzPQiqiSFVb7rd5XuyqKcY77rt/vL3YfV2sWqfc5RttNKt6f2ctWOrJO0C15tmG9sN1SSR8F+OlTa6SN9FxyDmagVuFZ91+W7oPPi1Ymd5uORgUCrOCkAwBzjaZjJHZ/WafvRafMsMHeJgZk0pRVfNRV1HDtcyxvv3V7+N5X+yn7WNqYWUbuf/T0m+qpK1J6HJufuKl5CfxeNXRxjXGxYf4WmH6yE/mA3HdGGsuSku7OrZDNiZhKs1/+UWvpMxPHoH0Najqfj9IHzmnqkGT+q7C4vqqRGZNPJzEq09mYKupmMBm9ccKkD7axmQvXKcEuGMJN0j6dJrZZayQiJbrf6YQ35J9dmSTks29ExmolysdDdoL4KGrR6NObcfdq0KWXYt+OoNBqLavj24/ryITPRb2oaaSjw8BeLODWt5dpxWvQQlmVrYk/Hw18SrJ7zVxCICaqZqBWJPdLNhGrRdf0jP/4ewvRD/5iDnmg+wd/E8o2VRyCbCX+zYoMG9XXFRzOKElRrF9uO9kZKRpFRwU2bqrGij9TiS+dv1ybCdu/IZmKpwAwmNsELeiX0o88EgLlKvM2E/shxLamfzphov1f+NE59RwvzTjc92Ps+P9TsEvVDqWnjHOfPwDNCfMwkX/oYm/99Nf6V1T+T07Qh1NgS0+UFJS71xhVhJuJZo9Ub2P+70o7QfvuceYZPr7mZ0P+y+V9u3Uw6vFVpLq0uKcYWm+l4xPBusTCYyVBzbYD1hl2tr6py7mX6ajUT8haXy51dqLfRhZmolquiVjw/E2nx1KvVTCnM9qRll+kD/Y3b0TGZCVWhBt5SDIW9N/JNfeZlQkJvmHz7GlINl80kVKhNm81EfmWJ2i76kaY4OAdMFc1MWFcbvQ3qZiL34/EFJDNpkt9e2PM12GKsYxqhNyKXh99AJVcz+Wnlu5OqfUgYePWQq4GoeGH/XstLWiswI+gTXXMwEwDmMPE2k3ypiRY98TKTynO++nNnqFmpf34zLZwwE5vNpMO5r2HAWDRNMwk2VuwoPNN0gw0SGN9MFDYu6+4Z7TPvEJqZdFcWFTaPKW1VbBeP/c6Msl51DAw/tshmcoVaunq0WWCmIrcCs81NNOnJHe3P/si9o0S16IhmIp56faDLWHlBkXNnWVW3WtP07cjvRkYzYe9avephiE0NBAbVWWxT9FZGm4KZzAl0M2E1zUPvNvzmjchmwsfj8eijqbU6JtZS1GdWfSMaFCOu428mlgqs0DlqHUQMmAkAc5Z4m4n4XFD90zu6w+X2XDYvMzHxMhP9726HM/tMr2FuNAgzqdo3PTGbncTATFjvhDNbG47FocqgjeZqq9qhm0AEM3FuP8kLusvZaK5yfVAKG5Ywvpk0HfGU6c0CCc1MFLWe7zhYxnbRWPFZmzabC3kEM1E6TssVG8xwrGbicbldJa3s8eMOU7tcW3g8M1FHc4X9BEStMKHbmWg78num3GQ8oH8hRMexw+VcZiywTVlGc4U1E30QY7DBrY3m2qEPT9ReU36vGM312e7QaC5eAjOJMSEzUbq99G6zQ/0j2FDgEaO5+EAsZib8XhT2kUr4P5T0hMp/4AzOqSJXMzEoSx7NFdFMtOUPTGU0l6UCj7HhZI879Bvw/OKkAABzjPiayaCvo75M6qV1G/5ATp7xzOSx3+k6XK92dIgPV5wfnSwrLKLCnJ3upsYKV1YFTevvlezjQ/YZOS1vfsuWzOTuGX3UUFd2yZmBG1ed+hsxOUYlu6GwPyfD3fGAvZOyPwOuoqbmqyRdfNS4QDOT0eAB/oGQurx8APy92JlellngpVPwZLlrr3kLq3y1x8q0+7PV+wJp4zQ3p8Z87/cMJxZmQjzqbXJtV+vSvqqLAVZSX8i+wCq7xMfHIUQ2k8wTrexe+XT3gRO8QdnHR155zvVGMBMmq4Z73zkhM6G/oNRW4w25A7s9TpdnR56XtyQimYmi9J6ryt7NxpJlFxo+1wYzEPE5i3O758qg2pB63NegVj+qTmnqk/ug+TRbwOW5yBcY10wYlQVsXdde/gG2n1fsfG/XI+t2dMQxuIxf8FpfwjbFanJNh9hU2s4S3hsjqhm7IX4cM8k/37eD1sooodcCn+fJZjW5sCn0muo9d5K9fFyehjvaUcFM4oVkJqoZiuZ+ed5h9iaWUaJZY7CVSpz8eRntZc+p+nXA9AelvqBE1DF9S4zIZkJ/N9l7Gm1kb6iLI6KZVBTuYwcghnD3nT9JD01dHqYKQxWYHyqrwMGm/Aztyz+uH9XuJAydFABgbhFXM6E3lxyv/2Ixe0PhmeyPAJhQv0TVGPam3FdVot/rzJyhSd24U9ymfK3KmVXFP0+q3e++rrARutotAfRHd7v+YbmGbiajQVKa0NfGq1TmaJ9iuvR3xgf1ZeW32QQdSRn/sKfp5IGzhuY1+wOgvrnLI47kA3DmsQ+BQu+2wQv825zoL8GVksO1w6Y2xCwjRmYyPeTRXFNh2Jddg9FWYO4ym99qwMwBggoAmCrxM5N89ZNpHv65XfSM02dSGOplZsvwtqP0OXeoGcoHvDYVa7fj8xg/o9buM7nYqn1eqDKav4/1TbOoH3uLr5MnM6liH9iz7pRQjANhw5qJYXn1HVzq6ZaG0uqfqXuy3M6PSgrVO1lnF3PGTAYCva7Qt9MAMBeBmQA7gJkAAKZKXMxk0Ce0JK3AZ8Nvyo5jJtp3+XMaKwqb2f8jmMlATUnYAa8q8n0mGqKHhP12FR+QE2zl55V9lP84d780SMPMOGZiPoDIZqIx2iVukJgtzEgzAQAAAAAAM4V4mIncW2KDlijjmklfTQn7TiQVaTTXuGbCR3OFu+lUCWsmTt0o1BuvmZl0VxZ1GL/92Jnu0X7OwoIwk88+MozmMi09KTNRz8vweMYDMwEAAAAAABGIuZmwO8I/qrryOOiM+q4SK+OYCXGlqoIpkMtTe0Nr8EcyE8ZY/l42psul38ynE8ZMHt1oYN0+u8uC9WXcTILnjwvpKr+m7vHxoHYMGYebjHenCDPhPS1pJbybJXQA5U18+Nn4ZjLcwW9YdGYU2XYx4wXMBAAAAAAARCDmZqIMar/4Puta0hPzuEn+CXD+HbVgPGAmAAAAAAAgArE3E0Up3Fdi18+ozyxun8mpDzWg09QvjwfjATMBAAAAAAARiIeZzGHEjwa49pZN9wvH5jowEwAAAAAAEAGYCYgTMBMAAAAAABABmAmIEzATAAAAAAAQAZgJiBMwEwAAAAAAEAGYCYgTMBMAAAAAABABmAmIEzATAAAAAAAQAZgJiBNPy0wciRnmogmo35aYbC4DIBxtFfuSEpMdicmL304fNc+0h5a9Kx1vFphLbcKx6oi5SFG6POv5qyYlabl53jTwupK7zGVTI1Cx2TE/zMuZDpj98O2zyB3HsjxzWdxozE4taW5p7DSXT0R0NWGF5W05a5G5JDKBxtJdG6huJ69OK1crOXvl6lnvMf2y8szAeJDJ2+rMCwAw94CZgDgx+83ET38Ylua2ise+rOVUEvoT21cqzfV7VvG/Jcu3zMkf8wFEsN6RtLyipqa6pmbLhrXmubOByGZiL5HbozlL1puLJk0YMxmpTLWcgsNVbyqZ9bTnORJjU/FGKs2X1AK9AUZ4Qq2I6x+5JoyH1Uymii9r7YpNeb5G34r5ybc7G6rVV64jMVWdaOia6G9O2/7YXOqI8IOszkndUsImWkK/7TwuKzx+cxEAswqYCYgTc8BMVm/NWJoY+hTZkZSxLfQntjV3WfK60FxmJnyK/p6VBfRiMIdwWOtJsLk4LYXK1+2tUR+zutRbk8k/pqXHgZLUCr1qj1amF/exVRbOT05alppVe0dRG9ldAV9SEtPa3LODitqM0/xhoiUZt2pYyYKVrANHPxi+fIixO7QdKt9Ve0dsWV5SmAlrC475dr0uTrN1YSbT7N7afbTwirRSXroicX1vLTvH1FNst+veXE7C1hLU1vHuZFumfbXsXyu3R/lGkhatp8I2D1uG4lVlqWvsDp1F9agSbK/kh7p6J7ueIWXip6l9kJzBzCTQIF2KQd6R5RAfHARqti1jnyM4+FN2qyZrw1qa3lLSLI6HzpSfnUqrYzPbIzuXxOSFb+vvId1HxIfW7DjVZ4euHu2uTSuOK/TUUI2q1mvUisQUnyedneaCtYExpXh9snjjqd4sH2H9trOjqxctd8xfyasl0VKSwVZMWu69pZgvoFrxHMaKNHrpCF9G7WoY4qsv3bCPz7VeFnH9qd1Mc9vay9XVl1e0a32N/FKLSiVIVavT0k1HUtXnjl5QweYjqcuWL81tVd+o7zg2VerdlUOO9aXslNXqkbRKe9asB6PUZoiXoeEPhP4S0x7yajZ/ZTWdY3sBP/6n02tRlyF36Zhe1/zh4rfT6SBXLNCeuNDSAMw2YCYgTsTCTByLVi5esL4tMLjtzWSvukZXUUpKbk2gvd6RuHJb3RBbRv3DszopeXEG+8SOGluLf51XfcXvzd3MP1vatijZ8WZmIOBfvSi5a0wRZuJ1rSw2jFPw0/KBUr0d0Fea2x768I/+8DuW5UntzpCZUCHMZC7id2zQWnUCR1J6BW+RdxaknhridcnHKpX4XH9QWytQvk6tZo7XtYaRL3N5m7rYuhKtwbEtiddDzUwmXJJXQl7Cl/eqB8OXFywUrZZgpdiyvKTBTIhL2VmX1LlZy1nLfaRmRb76wugrVc+RLcZXJ1LVIyHWMVEZUpr3pVayZWhfNEs2E1N3jSNR6zOhRtXCNO51IfgLTRyYI1FrO3rTWOPbeinCdfv49c/sh+gqtalPSrA2g17FAv6MKOqnCfSsiXPhq7D/hzMT7Wo8BfhRDVJznD+mJ0K807DLO+YTvbjiiqnUO17P5lNatWzP054mRcldlTxq7IYyVTyBePdbSs81X32sk4xuNPxlEdefzd3VqJXyOha61Hql4lRsTObPlKJWDEU1k1x9w/yNmp61daXMzOnNWX2nHXKs4qMf74Q/GJLYt6WXiVRPxJmyGqIqt5il6Lt7Okhm0pa71vi6rjfKUj36TMBsB2YC4kRMzCRxufYXTm8xiL9w3rTlvDHB/vB0HlnoqudtJ/MfbyV8a5L9eUtK0RfkMDOhZhlvA9GfhzbpbzPtlzUCqLmptZB0MxkbJSmK0R0I4KkSammFSkJNar9jU6Wh/01vW/A2IvkqVTy2WEYDn8+6UHpYi1B4LK9CuplMvCQ1yqUWmHl5gdQUGxpvywYz0btKtM6Ts5n61lr5ivIwG0ei9qrJWZJMc7vy13u1luVQxSajmSSuDOiNTvWhMJMwI/5ZB5HBTNJ5uTAT06WIaCb1oas0Vr94f2h8Jh0hf6lmqWcqDkmdVkfyhDMT/QTjTl8pb4OKAV3GJ0K9UEt4E3yQdwHp1C/MYk8oQ62WzEP0s6DpihHZTMzVQyDe/WhfYnV6amj1cJfFYCb67rXmvqg2olJxtkhntFg3E1HCp5mQq25WvJ4/fQ2ri7SmuSMps8HyHG1blNxrqHiinoTOlI6HzpTe1X3Sh0ozw0z8xWu0w9CfjlbHm5liQZgJmAPATECciImZqI0DFe3tOPRnpvsI/ztNDSB5KLblj7fhfVxtqLHWpCMxWf8UWKCaCfvImW1todq+1P82t2qjCEKtBGYmgcCgN3Olpj1grjEkPnjWCV+XtMd628KXuTzAPujlUl2/Yn8z1ROe0THDZ9VGM5l4yRWGoSbm5QVyZ8V4WzaaCTtatrDa/mMtV33hQJA1BY2vqXSxKZorGq+K1JAVtFTscyQu568PyUwyxHktTEz2tQ8G7o2azGS0vdTBRoKl7KphF9x6KSKZiWQXZr3UOxn4mcpb0M4xnJmYTipetDL308dc8X45y5ub1lgnDeYL6EgVVa2WhrMQrqI9NlcPQchMQu/D7Hk0b1DDYCZirm4mhmqjzzScEZ+2mokYcKi9HruPpFbomwoM8T4T+WBMDXfpWQ5zpoErlUl0edU6OjPMhL2lWJ8OT1qK443NfAGYCZjtwExAnHh6ZpLcsF/r/lbC/PEO35qsuF652mMejcCXpAYBW1L9DFL7m3c9TzQR9AG+ep9JsDL08SSYWzikm45UJtVnojRm0wS1otTGorwKw9rI1s1k4iW3JBr7TCxjojiOpNAnrONt2WQm1MCl9p/WH1iXIYbTcIyvKcMAmK789eIDcG+atbWqtOWn8PFU4cwkNE6pIcMwmsu319DfYr0UkcxEaRivz4RQB3rV8zON2GfCupu6LK3e+NGYTdqm3R69P1UMqxPzNYU7lV49EhpZqmM2k96ilEh9JuNUpJCZhOszsVyWyGYS/vsP5D6Tcc1Etf0u5Y52m9CY1CemEu5gQkj1JPyZjrYXcF+dGWZifTY1ti3iXUYwEzDrgZmAOBEfM9mm361bsUkbcy/aWOtKWWvD+sc7NJrrep40mouNBzN+0KiZidJXunrNej6L/82TxqOr36TJNhL6+0GHhF6TuUnnEUfSSv7dXLk72fgiz5pkxxubAwF/ivGeJYY0UtyxbK24vSH3zeRdJTUtZ2sqPJm88T2OmUy8JB3P6qTk4rPN1RXa8o75633tfr68oGxD8q6K5t7A4K6fLhdblpe0mokyUrN02XLxUTa1iStoLzWlu86yh/JrKnAqffGv83rbfbmbUtS5d2jLfF8LFxm+ymnd3tJAYDB348oG9bWekpTcFhgMGMyEplfSum2NpXxdcWC9x1K1DwLmr+wN132kNO+jg6R15YGUjqQUemoUtQ2X9NPMQKBzaZL5tcneN/Thl8G6jBU7K1t6Bosz1vKb1tjpLKLnd3Dbmyufrpmk0huafmuNwi5UanFfmDc3NpFkuPtIxWwmCltsJV3/3is12ijW5n2r9/v4BeQVz1qRxLl3eVL46vRs8s9zwl4Wfv27bg1ZzYRXG7lSaVzKpvJAT3N17mZ+f1RYM1GU1qXL2PBaTuqi5NyKBl9NzQo2mMt0MA2ymSsGMwm9xNZtKmVv7Bv20RWgXW87y579io3JFe2DvaFvx/Jrn030HOHdNQ5tqLBWvprqp1RevIbd8c/Lfaps84+xqJzfxyXK+W0zopwh3wE/1mp8XTd4Kny8MquzBx2L0umhvjQAsw+YCYgT8TEThX+XS+Ly4mbtNkrtD89YZ+4q1lgM88d71F+tfn2Q/H1KfIGFicu31IrbMXUzYStqw8PUv3nsPkt9GTFX+mSL/pCsKlDbqQCAaTNSI27XVtQ3AWnedGnLXWsZpDe7IWnBN3AAAGYRMBMQJ2JhJgCAZ44e+UaRIXXUnG1se93wm0WzHz//fioAAJgtwExAnICZAABsgf+AQ9KitavTbOwwaaBtqr/mMUcoXpOctEz7EjMAAJgtwExAnICZAAAAAACACMBMQJyAmQAAAAAAgAjATECcgJkAAAAAAIAIwExAnICZgLkLfkMAAAAAsAGYCYgTMBMwd4nSTPTf5QRgqrDvJS8Tv61RlzHejxXOZurlX7DFiwWAZwSYCYgTMBMwd4naTOZeaxLEB2Ym/McHGeObyeLE9aEf6ZuVTOHFJf9MJwBglgIzAXECZgLmGrdqkhKTF76d6b3VrDWebtVkbVjrSEzeUtKsLzS0etFyR9Jy8XW0Dle9Z9Nax7K8NpgJiB5mJt605V7+I/aSmaxjPzVL1ZL9jGybh329shr2sKUkg03PX9ur/vBrcVrKwvnJVDk9l0K/XDnzMJhJb+0+dgpJy1vUE9fOKDE59bCv2sVeeiy2/vgmACDOwExAnICZgDmGI0n7sYhgZbraeBpivqG2+YK1GbntitKet1T/VDt3VTL/wTt5UMoKtb0IwNRhZqKw6rSSPdLNJDVJ1C5WG9UF9D6T9rwttZqBLExcSy1+6QcrZzKSmYzUrMjv5JPr1NcReb6+GAN9JgDMAWAmIE7ATMDcQv4oV53uln+b3E9tJq9L+vi2LoM3EOUPdFckZYppAKaCZiZKX/nCLJ8wE943wlnB2+66mbDaaLxnI2sV613JrZjhv3kfeqF1edabTqFhb4pjQUpqbiVfAGYCwBwAZgLiBMwEzC1sMJMtGHYCokQ3E95tcj1v8STMpCUwGNDDlxntrk9KSi7T+iFmJgYzqbCcgteTsWJBckopOweYCQBzAJgJiBMwEzDHcLyutQJH6zLMo7kq09loru4jvHVI5CzTR3NJNuI7O8M/rgYzlpCZKJ0FSzelr1DNZNvrYUZz5XLxaM9b7QmvII41VCdH2wLqg1F/QK3DDY1+tcaGKeePebmow74etnhvY4NcHrjeIMrVlfyinK+llQda+atDL9d3yjCM5lpoHL4lcCSmqP9meNWDBADMXmAmIE7ATMBcI3QH/JDWeAr42N3thjvgR813wEtm4khSbxIAYMpIZqJ6r7gDPlW6A15ht4xnrliQ7FiQzaZr1NvHE5PX7SynLSxewKaT3khhVtB9ZPFeH/2/qygl65LCxGb+5oq+8OVsu3q5VodHGpI20jaV1UnJcvm2RcminG9ElHP14OUNGSvZvkS5vnEVwx3wgUulSeoprN7EvGv1G+xkHQtWtqlm0+JJXzo/OWkD2yMAYJYCMwFxAmYCAAAAAAAiEEMzuVjodqZPNuaVwZwDZgIAAAAAACIQQzNpKGDKkVZ8NVT0eKT+nO9ia7+0jCcaM/F7XQVnaFP1VadpXf597jHlgMu9o7zLXDo7CTaeNBfFBZgJAAAAAACIQIzNJKOo73GopHC31kNyRcjE476GwpIozCTzhDbwlNymrMM41z6cBU3mojlA8KqrRNLFeAEzAQAAAAAAEYitmeQ3So/bqpzbj5NVlGeTnJRIM5TpmInS7c2s7KX/02aVwRbaFJeJ4LUzaS6mRgO6GjldFVdOlLlc7rTdZfTwwG6P0+XZkad/x2Cw1bWdWZNW0nEm+6PQSLP8dLe+x7HsLNbPk7az5JH6uPtEkTP7TGUB86sDJ7RvKRm4coatu91T38u/cWSG8TTkBGYCAAAAAAAiED8z6a0sosZ6r2YmBhWZjpn0VZUUqt+CQ5vNz3BXnvMNqOVp6Wy69liZM9vbrcqJM70ss8Bbe87nyXLXXvMWVrG5tNgDdXlal0rqz/lydrrLu8eU0eBA4IIz78JAgI09E2ZCHrLD7aXFKguL0tQeFWYmZDgFrFCcCG22/tzV+qrTVXd5wYyjcLc7znICMwEAAAAAABGIn5kolyuc28seKCPdl73O9MPSjGjMhPdmUDILte8WJDMJjepqPpnfqH2rOROhfewr0qW9+J0HL/CpB/Vl5cw4rsoDt/QunSZRKMzEmV4kFst3sQ0yM9ELaZp/GTuZSfeDGf616mMD9ceruuPXpQMzAQAAAAAAEYitmbj2nZZLMl2aTrBOCY3RXh/TDHmxiZFHc+mw0Vw6AzUlqm8w2O0u208qBqnwhzyksYItGWiQN+hM96j/D2smFWIx2uOAZiZaoTATNt3MBnQ1xeH2/GgYS8soK78W14ODmQAAgE2w3zNxiB/uqMsQv2diImeJ9hvws5A71TU11TX7FqeVqhM15vkWUvEb8ADMfmJrJqxPo1JSiMHWzKyS/KNaf4WiNevNg7smZiIzGafPZHwzmW6fSRgzIR7d8Bq+mmzGMHC+Is5aosBMAADANpiZLEzUf2xxfDNZnDh7zYRj+KXFyLDfgDeXAQBmGTE3k0nGvHJkJjQTRXG53JXnrtaeOC7dZxLBTBTPTnafSVNrx4HdoktnxOk63HubjREL3WdSWbLD7b3e7KssKQndZ2Ixk8yDpzsC/ZWFRZ7LM66FPXD+ePy1RIGZAACAbai/AR+sWZim9iToZtJVlJKSW9PSM+jZunZb3dBocJDKc5oHA4Ehhf0u+9rewGBbXd5CVz1twfFmZsUVf1tjZXG7YdMzDIOZOBJXtgUGe69UOtYcYQ/VMwq0+7aUtI7eo5NNr6CH9+I3ShkAYDsxNBMAZGAmAABgE6qZKErZhuSGkZCZyD0njsS1vIT3mfQWpYgu/VTW2dJKZlLdM/Mb8ZKZnM0s7tEmc5aw0yczkU8AfSYAzAFgJiBOwEwAAMAmNDNR+soXZvkkM8kQS6xQx3oJM/G6kh2JoVBJ1qrlNJFboX3Z/UwlZCZdnvWmU2jYm+JYkJKaW8kXgJkAMAeAmYA4ATMBAACb0M1EUYrXJLd1HlkxUZ8JNeu9Yb8wMlDj2DzxzeVPD6nPpC4jt9MwT2Ns0JGUrsBMAJgTwExAnICZAACATYTMROksWLopnZvJttf1QmXIsSxPUc1Ea8235632hG3XK+o9G6NtAfXBqD+gCkxDo18dKBWmnD/m5b6zWpeLTx0Y1tvYIJcHrjeIcnUlvyjna2nlgVY+KEsv13fKkMxkpEa9QyYMjsQU9d+M8PYFAJg9wExAnICZAACATUhmoig5y5JFb0nqm2yM1sK3tWFdvbWZKxYkOxZks+mafXwc1Lqd5bSFxQvYdNIbKcwKuo8s3st+HKyrKCXrksLEZv7mir7w5Wy7erkjaSV7ONKQtJF9hfHqpGS5fNuiZFHONyLKuXrw8oaMlWxfolzfuIrhDvjApdIk9RRWb2LetfoNdrKOBSvbVLNp8aQvnZ+cJL5MGQAwC4GZgDgBMwEAAAAAABGAmYA4ATMBAAAAAAARgJmAOAEzAQAAAAAAEYCZgDgBMwEAAAAAABGAmYA4ATMBAAAAAAARgJmAOAEzAQAAAAAAEYCZgDgBMwEAAJtg3xpcpn7TLkP/Dfi5Rb38i+/8R98BAHMemAmIEzATAACwCWYmDvHDHeObSc4S7TfgZyF3qmtqqmv2LU4rVScm/qH6VPwGPACzH5gJiBMwEwAAsAlmJt605d6g+kgyk3XSLy22eVL0Dgf2sKUkg03PX9ur/lB6cVrKwvnJjqTlnktD2lZnIoZfWuytVX8sMml5i3ri2hklJqce9lW71monu+qIWB4AMOuAmYA4ATMBAACbUH8DPlizME3tSdDNpKsoJSW3pqVn0LN17ba6odHgIJXnNA8GAsw9HElrewODbXV5C131tAXHm5kVV/xtjZXF7YZNzzAMZuJIXNkWGOy9UulYw/SDn1Gg3belpHX0Hp1segU9vKf+IDwAYHYCMwFxAmYCAAA2oZqJopRtSG4YCZmJPKbLkbiWl/DRXL1FKQ36rFR2z0YrmUl1z8xvxEtmcjazuEebzFnCTp/MRD4BB0ZzATD7gZmAOAEzAQAAm9DMRFG7EZTreYs1M2Gjtjgr1FvGhZl4XcktgcGAHr7MaHd9UlJyWadYaQYSMpMuz3rWJWI8Ba8nY8WC5JRSdg4wEwDmADATECdgJgAAYBMhMylek9zWeWTFRH0m1Kz3qreXmAnUODZPfHP500PqM6nLyA0rUWODjqR0BWYCwJwAZgLiBMwEAABsImQmCmuRJ3MnCdZlrNhZ2dIzWJzB7jOhkpSk5IWbKwPtrHHvSFxe3djZe6Vh1wZqxzd4KnxtgUFfSebqIr9yNtOxoTxApRnJ60oH2V0oicuzLrEBVPwbwORytku9XPsy354jjteztSORylfTQ72cb1yU+9hqWjnJFduXKNcPRsVwn8nCxOSKs8297b7cTSn0cIunMhAYbGss5bed0NzV+3293XfE8gCAWQfMBMQJmAkAAAAAAIgAzATECZgJAAAAAACIAMwExAmYCQAAAAAAiADMBMQJmAkAAAAAAIgAzATECZgJAAAAAACIAMwExAmYCQAAAAAAiADMBMQJmAkAAAAAAIgAzATECZgJAADYBPs9k7I+/VFdhvwbi3OFevV3WkIxzwcAzEVgJiBOwEwAAMAmmJksFI318c1ksf4b8LMWwy8tRga/AQ/AHABmAuIEzAQAAGyCmYk3bbk3qD6SzGTdm8sdickL386g6TZPit7hwB62lGSw6flre8fYksVpKQvnJzuSlnsusV+Ln6kYzKS3dh87haTlLeqJa2eUmJx62FftWqud7Cr2e/AAgFkKzATECZgJAADYBDMThfUSrGSPdDNJTRJDnoYcy/LUBfQ+k/a8LbWagSxMXEst/m11+rIzGslMRmpW5HfyyXVqf5HDVa8vxkCfCQBzAJgJiBMwEwAAsAnNTJS+8oVZPmEmvG+Es4K33XUz8brM92xkrWK9K7kVrWKVGUnITLo8602n0LA3xbEgJTW3ki8AMwFgDvB0zOQ3B493dt0yl4I5DcwEAABsQjcT3m1yPW/xJMykJTAY0MOXGe2uT0pKLtP6IWYmBjOpsJyC15OxYkFySik7B5gJAHOAp2MmznR33iHtQw7wjAAzAQAAmwiZidJZsHRT+grVTLa9HmY0Vy4Xj/a81Z7wCuJYc4QkpS2gPhj1B9S7UBoa/aPqY2s5f8zLfWe1LhdfD1u8t7FBLg9cbxDl6kp+Uc7X0soDreq+RLm+U4ZhNNdC4/AtgSMxRf03w6seJABg9hJvMzmQfyIzu8RcCp4BYCYAAGATkpkoSs6yZHEHfKp0B7zCbhnPXLEg2bEgm03XqLePJyav21lOW1i8gE0nvZHCrKD7yOK9Pvp/V1FK1iWFic38zRV94cvZdvVyR5J6o8tIQ9JG2qayOilZLt+2KFmU842Icq4evLwhYyXblyjXN65iuAM+cKk0ST2F1ZuYd61+g52sY8HKNtVsWjzpS+cnJ21gewQAzFLiaiatbX5nuptSU8ve4aJF24hIfqN5CTADgZkAAAAAAIAIxM9Mzp2/ykXCtfOwkArzQlOh+0SR1h8MZgMwEwAAAAAAEIH4mQlXkU/2H+vqvr17TwnM5FkDZgIAAAAAACIQczMZHf3/27sf3yauRP/7/1uklVa6UiUrVW61jSqqKqilZVEpzwpUKdXz0FXdvTa+OCzhxl++ufxK/GDFSbBwIeaGNeHGBDAEUz/5URISkm/wloCTXVMghDvPOXNmxuOJY0KwJ7/eLx3B+MwP28nJeD4+Z2ZeLy+/0cxkYh/HJerF3OKi78iRTHz+8GBmPH420jmsbj2ltRyPZR89i54Uz9sjHw8nLlyKtZ5PDd2+6Q1cbj0eG7qdGbwU93bI8azRYLj/diY7Mn7hrL4wqo1kAgAAgApqm0zsZ4P8/df82C8zXvOqXPZZ6zvtpCSZjFyNjhiTIof0/WrNELKdqnNmOBH52aiKt4VfmrNVbhHJZGiOo+EaIpkAAACgghomkyfzCyJ1tLVfbA3JsVstrTIAqGTy6tVrMSHqxVwxEWjpcq68BvZksjBgDA/TS0+ffiWPoZ8u+wK2E1qGE6pe6AsVB5IZPSpPMnLJ47F5dfFCVBvJBAAAABXUMJn879OX/u3fz6vp6Zm/q3igkklP7L+NtKBpz5+/tKbfiaPPpHO45DLmD37q6n+qT/12t30tycQUD4Wz9seoEpIJAAAAKqhhMunqHbAix8DgfXsyuZS4Zc36ZeL/VCGZaFogEI4mM0O3b7acujmraS+HE77T13MTo95gV8vRtyeT0Ml49tGzhUfjLYHiQC9UEckEAKpE3s/EY92440bQup+JQ/tu4x7wW9CTawMD1wZOfeq7qE8MOOevcJh7wANbXw2Tyb37E179HJK+/0pbQ6pUTXZkWkyIepVYqpJMXucycuxWIBIdmtOjxVLrUflwbLEwePbtySR53hgPdubSqDULVUQyAYAqkcmksd682eLqyeTT+q2bTJSSOy1WJu8B76wDsMXUMJloZrdJ2ewRi6esWf8s/OaYi+2HZAIAVaLfA74w0OjTexLMZDLT09x8bmD08WLkLweO3Hi+VFgU9e0ji/n8c03el/1ALr84eaOjMTAktuD5sjUxNjc53N/7sGTTm0xJMvHU75vML+bG+j3fdMuH+jvKP8z8GJtY+od4s/6EePgPzhYFtrDaJhPAQjIBgCrRk4mmxb9tSr8oJhN7z4mn/oCqUX0muZ5ma5TBYdnZMiGSybXHm/8g3pZMbrX2PjYm23fLty+Sif0N0GcCbAMkE7iEZAIAVWIkE22+r7EtY0smQWuJvfpYLyuZpAJNnvpiETVtX+8RE+cSE9Yqm1IxmcxEDjneQvpks+fj5sPn5K0INJIJsC2QTOASkgkAVImZTDSt95umyenuvW/rMxGH9amSC1ia8gOeH95+cvnGsfWZ3Aiemy6ZZ1he9DT4NZIJsC2QTOASkgkAVEkxmWjT5z//3q+SyZFPzErtueeLDk1PJsbR/MOO/ZGyx/Wafs7G0mRef7A0l9cDTHp4Th8oVaZePVb1mVtGl0tGHxiWG07b6/MP0la9vtKcVa/WMurzE2pQlllvPqlkSyYvBvQzZMrw1Dfr/wbLpy8AWwfJBC4hmQBAldiSiaa1f9Fk9ZYc/lKO0Wr8kzGsKzfYuvfjJs/HITk9cEqNgzp4rE9s4dOP5XTDZ80yFcx2f3oyo+nn0Lfd12Sw+eiHxHz5erlds97TsE8+fJFu+E5ewnh/Q5O9/siuJqtebcSqV9FD1aeD++RzWfXmxnUlZ8Dn719s0N/C/u9l7tr/mXyzno/3TerJZjTi//yjpgbrYsoAtiCSCVxCMgEAAEAFJBO4hGQCAACACkgmcAnJBAAAABWQTOASkgkAAAAqIJnAJSQTAAAAVEAygUtIJgAAAKiAZAKXkEwAoErkVYPj+pV2JfMe8NvLkP2O7+qm7wC2PZIJXEIyAYAqkcnEY924Y/Vk0r7buAf8FvTk2sDAtYFTn/ou6hNvv1H9Ye4BD2x9JBO4hGQCAFUik0nKtydV0B/ZkslB250WJyPNZoeDfDgaC8rpjw7k9Bul9/qaGz9q8jTsidx/bmx1Myq502JuUL9ZZMOeUf2NG++ovulwV+Za4IDxZr/utpYHsOWQTOASkgkAVIl+D/jCQKNP70kwk8lMT3PzuYHRx4uRvxw4cuP5UmFR1LePLObzMnt4Gg7k8ouTNzoaA0NiC54vWxNjc5PD/b0PSza9yZQkE0/9vsn8Ym6s3/ONjB/qHeUfZn6MTSz9Q7xZf0I8/Id+Q3gAWxPJBC4hmQBAlejJRNPi3zalXxSTiX1Ml6f+gKpRo7lyPc1pc9Zhec7GhEgm1x5v/oN4WzK51dr72Jhs3y3fvkgm9jfgYTQXsPWRTOASkgkAVImRTDS9G0F70PGpkUzkqC1lr37KuJVMUoGm0fxi3ixqmaXZoYaGpvi0tdImVEwmM5FDskuk9C2kIsG9Hzc1X5TvgWQCbAMkE7iEZAIAVVJMJr3fNE1Od+99W5+JOKxP6aeXOOUHPD+8/eTyjWPrM7kRPFc2RC0vehr8GskE2BZIJnAJyQQAqqSYTDR5RN6kMknhRnDvsf7Rx4u9QXmeiahpbmhq/KE//1Ae3Hvq91wbns6Npf/6rTiOT0cSmcn8YibWur9nTrvV6vm2Ly9qg00HLy7Ks1Dq97TdlwOo1BXA7PXyKc1642K+j7s9n4SMV2Kr3y8emvVq41Z9Rq5m1ItwJZ/LqjdfjK7kPJPG+qbErZHcw8y575vFwx8j/fn84uTwRXXaiZi7/3QmN/vEWh7AlkMygUtIJgAAAKiAZAKXkEwAAABQAckELiGZAAAAoAKSCVxCMgEAAEAFJBO4hGQCAACACkgmcAnJBAAAABWQTOASkgkAAAAqIJnAJSQTAKgSeT+T+Lz56EbQfo/F7WJIv09LsTjnA9iOSCZwCckEAKpEJpNG62B99WTyqXkP+C2r5E6LlXEPeGAbIJnAJSQTAKgSmUxSvj2pgv7IlkwOfrnHU9/U+KegmJ6MNJsdDvLhaCwopz86kFuWS/b6mhs/avI07Incl3eL36xKkklu8JR8Cw17RvU3bryj+qbDXZlrgQPGm/1a3g8ewBblcjIp+Pxh32m+1NiJSCYAUCUymWiyl2CffGQmk8MN1pCn554vOvQFzD6Thx0/DhoJpLH+gDjiP3LDXHZTsyWTFwN7O6fV5EG9v8gTGDIXk+gzAbYB95LJwth1byAmpxYnvP7wwhvnAtjeSCYAUCVGMtHm+xrbMlYyUX0jyl517G4mk1TAec5G29eyd+VcYsJaZVMqJpOZyCHHW0ifbPZ83Hz4XL9agGQCbANuJZM3iyKNjKl+Z00buxTznrxesgC2O5IJAFSJmUxUt8mDjk/XkExG84t5s6hllmaHGhqa4kY/xOZUkkwSK95CKhLc+3FT80X5HkgmwDbgQjJZbgmEvcG4s3pp5n16TqKnenxis4FI5ErWOQ+bEskEAKqkmEy06fOff+/fqyeTI5+UGc11TgWPhx37I+UjiOebbvGRPJnXHyzN5fWzUNLDc0v645X16rGqz9wyulwyj+XiueG0vT7/IG3V6yvNWfVqLaM+P6E/l1VvPqlUMpqrsXT4lsVT36z/G0zpLxLA1lXzZJKOdgXO3pxSe51SU8m490Qi/eTddySzKe+xWOTK3aHkdd+JpHMuKioMX3VWuYJkAgBVYksm8oi8SY3mKtwI7j3WP/p4sTd44MgNeVZJc0NT4w/9+Yfy4N5Tv+fa8HRuLP3Xb/3iwzmSyEzmFzOx1v09c9qtVs+3fSIOpINNBy8uiu2Lhdvua6peK62XT2nWq1FV2uNuzych45XY6veLh2a92rhVn5GrGfW93zTJ57LqzRejKzkDvrG+KXFrJPcwc+57GUV+jPTn84uTwxf1cCXn7j+dyc0+sZYHsOXUPJksFJa8/oTx9Uip9Pnw7FJh4eU7J5O+UHjlVRC9IXpx1yp6Iuysqj2SCQAAACqoeTIRKiUTZ92avPw54T2RGJozD17fvFjIT3jbkgv5Z5rsE0j4/OH+25nBS3Errnj9l73HYkO3b6anxPJz3kBPdmRcDjPbqXlGhJNAbNxZW0skEwAAAFTgajIZup0xys+yc3bdycQ4d8UfjqamzJo5K2NEjoa9Z++qaRFR1IRYOG2efz8/EIvP6h012avWAjtOYdzlnhOSCQAAACpwNZmICaNGTxHvkUwML+fuGlcitiUTr7+nzxyVKp5CnSAvKo0qTYselanGKlb9jrJwJ+FbeVmCWiKZAAAAoIKtnUyEdiNaFJOJzx/uHDbOXekLhRf0CXsySZ6qwvNuaSKW9P1idiG5hWQCAACACrZ8MvH6I/r/L7xtRjKJBsPeU8aJLbbRXMVkMj8Q6xx2+7h8M1l2ubdEIZkAAACggi2ZTNKxmBqI5WuLWQkjHe0RNTl9+nUuI+92EuyZN++XYk8mwlgyIbcQ7Go9v/POgC/MOGtcQTIBAABABW4kk+KJ7yvKS+ey2LZIJgBQJfJ+JurOIdKNoLqfyUrtu417wG9BT64NDFwbOPWp76I+MeCcv8Jh7gEPbH1uJBNAI5kAQNXIZNKo7nKoVUomn9Zv3WSilNxpsTJ5D3hnHYAthmQCl5BMAKBK9HvAFwYafXpPgplMZnqam88NjD5ejPxF3gN+qbAo6ttHFvN5eT94T8OBXH5x8kZHY2BI3s39y9bE2NzkcH/vw5JNbzIlycRTv28yv5gb61c3fVfvKP8w82NsYukf4s36E+LhP5aKawPYakgmcAnJBACqRE8m+pG6fGQmk8MNZi+K9tzzRYe+gNln8rDjx0GZT4TG+gPiiP/IDXPZTc2WTF4M7O2cVpMH9f4ij4xYRfSZANsAyQQuIZkAQJUYyUSb72tsy1jJRByaW0vsVcfuZjJJBZo89cUiatq+3iMmziUmrFU2pWIymYkccryF9Mlmz8fNh8/1qwVIJsA2QDKBS0gmAFAlZjLRtN5vmianu/cayaR4tolHdowUk4k4rE8ZN/oqlR/w/PD2k8s3jq3P5EbwnNFlUmp50dPg10gmwLZAMoFLSCYAUCXFZKJNn//8e79KJkc+KTOayziaf9ixP1L2uF7Tz9lYmszrD5bm8nqASQ/P6adrlKlXj1V95pbR5ZJ5LBfPDaft9fkHaateX2nOqldrGfX5CXVqiFlvPqlUMppLP0OmDE99s/5vsHz6ArB1kEzgEpIJAFSJLZloWvsXTVZvyeEv5Ritxj8Zw7pyg617P27yfByS0wOn1Diog8f6xBY+/VhON3zWLFPBbPenJzOafg59231NBpuPfkjMl6+X2zXrPQ36iS4v0g3fyUsY729ostcf2dVk1auNWPUqeqj6dHCffC6r3ty4ruQM+Pz9iw36W9j/vcxd+z+Tb9bz8b5JPdmMRvyff9TUYF1MGcAWRDKBS0gmAAAAqIBkApeQTAAAAFAByQQuIZkAAACgApIJXEIyAQAAQAUkE7iEZAIAAIAKSCZwCckEAAAAFZBM4BKSCQAAACogmcAlJBMAqBJ5PxOPdeOOG0H73d/t2ncb94Dfgp5cGxi4NnDqU99FfeLtN6o/vOIe8KlAk2eXvJeLNNu9t754Exi7ydMH7HdNAbCBSCZwCckEAKpEJpOUb0+qoD+yJZODtjstTkaa1a0VPfXy4WgsKKc/OpDTb5Te62tu/KjJ07Ancv+5sdXNqOROi7lB/WaRDXtG9TduvKP6psNdmWuBA8ab/brbWl4kk5nOQ+em9Qe2ZGL/KWkPz5s/JTnX8VOyP4VaF0BNkUzgEpIJAFSJfg/4wkCjT+9JMJPJTE9z87mB0ceLkb8cOHLj+VJhUdS3jyzm8zJ7eBoO5PKLkzc6GgNDYgueL1sTY3OTw/29D0s2vcmUJBNP/b7J/GJurN/zjYwf6h3lH2Z+jE0s/UO8WX9CPPyHfkN4nUgm2vK05+vz8oGZTBw/JW3p+eH6pr2nR/L5RWub5k+p5CmszQKoHZIJXEIyAYAq0ZOJpsW/bUq/KCYT+5guT/0BVaNGc+V6mtPmrMPyAH1CJJNrj4sH8ZuVLZncau19bEy275ZvX8QG+xvwlBvNJf7NtO3rnS0mk5U/pSMimejPsuKn5HwKALVGMoFLSCYAUCVGMtH0bgTtQcenRjLRhyfprKNwlUzEMfpofjFvFrXM0uxQQ0NTXA122qSKyWQmckh2iZS+hVQkuPfjpuaL8j2slkyERvHTeNFvhI0VPyUrmZT9KdmfAkCtkUzgEpIJAFRJMZn0ftM0Od299219JuKwPqWfOOGUH/D88PaTyzeOrc/kRtA4Y8RhedHT4NcqJpN0cF+iMHTkbX0mq/6UzKcAUGskE7iEZAIAVVJMJpo8vG5SR9uFG8G9x/pHHy/2BvUzKDStuaGp8Yf+/EN52O2p33NteDo3lv7rt+IgOx1JZCbzi5lY6/6eOe1Wq+fbvrw8gm86eHFRnoVSv6ftvhxApa4AZq+XT2nWq7PGtcfdnk/kJbDkK7HV7xcPzXq1catenU6u6kW4ks9l1ZsvRldynkljfVPi1kjuYebc983i4Y+R/nx+cXL4ojrtRMzdfzqTm31iLW8lEzVXPfvKn1LiuybPLn8+rzpe7D+l0qfQ36b1Cos/JefbN39Ktnr9JRj19rev6W/fXm/9lIwfy+Nuq17/FZj1JT8lYPsgmcAlJBMAAABUQDKBS0gmAAAAqIBkApeQTAAAAFAByQQuIZkAAACgApIJXEIyAQAAQAUkE7iEZAIAAIAKSCZwCckEAAAAFZBM4BKSCQAAACpwL5k8nHp8KXHL6w//59nLt++MOWdjuyOZAAAAoAL3konIJPbS91+3nUtgWyOZAAAAoAI3komKItmRaXvl8bYLotJeg+2NZAIAAIAKap5Mfv7/pv736UvOWp2oF3OdtWsTPdXjC4S9gUjkStY5D5sSyQQAAAAV1DyZtP6v2Mz/eeKs1Yl6MfflyyXnjLeaTXmPxSJX7g4lr/tOJJ1zUVFh+KqzyhUkEwAAAFRQ82Ti9YdHxh6pAV1WZcf/22/V/23gnm3xNekLhWeddTWUPLXdRp1FT2zAOyKZAAAAoAI3kklP7L/LJhNVfzZ8xbb4mgyeDWffOOqy3vPGsK5Of7j1ypw+EZlKJeRTByJjBX3ecMJ79Org+Zio7ExOWCv36zUtHamxxWW9Ihsd0V4/uikqF6bkv47Xv+UVxgOxcWdljZFMAAAAUEHNk0l/cljlkJXJZGX9mi23BOSK0ZR1mkrZZFIMMD71LMMyqBgr9Eb6n+oT3ZFBlVvejEeD4Xm9zuuPdA6rWrkdNbGtFMZd7jkhmQAAAKCCmicT4dcnC//rP3+yJ5CLl4bEQ1G/3mRieDl31xuI6ZPlk4m1ZPq8PgBMJpMesy6rFgvZX8BwIjpSnKVsy2SycCfhC8adtbVEMgEAAEAFbiQT4dWr1wOD9+016iLC75lMhICx+tuSSXhFMnmT2cHJZFnEkr5fjE4hd5BMAAAAUIFLyWQ1759MvP6I/v+ct/2mPrHstSWT9G/GYvbRXC/1mnTYHM3VG0nqE/bRXPZkcuH4e73CzUfGEmdd7ZFMAAAAUIGryeQ/z162R5En83I01zrOgE/H5AnrovjaYtbX/mNX4l79LPa+UDGZjCVXnAHv71Hnu9vPgB/SN9jScf3eE+MMeHsy0QoT75+gNpHCjLPGFSQTAAAAVOBqMrFOebeXe/eLCaG6yozCKjnPBK4imQAAAKACV5OJy0gmmwrJBAAAABWQTOASkgkAAAAq2M7JBJsKyQQAAAAVkEzgEpIJAAAAKiCZwCUkEwAAAFRAMoFLSCYAAACogGQCl5BMAAAAUAHJBC4hmQAAAKACkglcQjIBAABABSQTuGTtyaTw/BXJBAAAYKcRR4DiOJBkgpp7p2Qi4rJzfQAAAGxr4giQZAI3rDGZ/CbDyavCc5IJAADAziKOAMVx4MqDw7KFZIL1e5dksqTONnFuAgAAANuUOsNkjR0mv5FM8D7eNZkUnr968XLpf/7HuR0AAABsJ+J4Txz1qXFcJBO4Ye3JRBW9ab4SbVSddkKhUCgUCoVC2X6l8FydW7LW00usQjLB+r1rMvnN7DyxRxQKhUKhUCgUyrYpKpC8U1eJVUgmWL91JBMKhUKhUCgUCqVsIZlg/UgmFAqFQqFQKJRqFZIJ1o9kQqFQKBQKhUKpViGZYP1IJhQKhUKhUCiUahWSCdaPZEKhUCgUCoVCqVYhmWD9SCYUCoVCoVAolGoVkgnWj2RCoVAoFAqFQqlWIZlg/UgmFAqFQqFQKJRqFZIJ1o9kQqFQKBQKhUKpViGZYP1IJhQKhUKhUCiUahWSCdaPZEKhUCgUCoVCqVYhmWD9SCYUCoVCoVAolGoVkgnWj2RCoVAoFAqFQqlWIZlg/UgmFAqFQqFQKJRqlWonk18nXjursG2RTCgUCoVCoVAo1SrVTCaD4Yj3ZKz1ypxzRu15/QlnFWqPZEKhUCgUCoVCqVapWjK5dynuDURea9l1JpO5lNcfDiXn7XUt/nDnsL1iVe+UTKLB8IKzDutBMqFQKBQKhUKhVKusJ5kEAmGRIkrK0a4HT5f0metPJmfCl73+rmLNm/FQ99WqJZPs1Vln1TZSGA/Exp2VtUcyoVAoFAqFQqFUq6wjmYyXxpJYbvGFbW42cP7m2JNlW83azKU6hzJnAmGr4uWty/3ZVLWSSbY3sp2TiaZFTxR/dK4hmVAoFAqFQqFQqlXWkUyypcnEEQn0ucFkaeUazOkhZORqJKunmqc3Q/6wNpxQyUSkFF8o8eDX3Jlj4fRvsmb2Sk/f+ciFZCablw/Vy+gMhqdUz00h6z0Wz46MBgJh3/ms9ubFhbbwWP7ZQv6ZmNkXUgfxc2LCF+gZup2JnAjHp/S6N+Pe0FWx2NTthO/8Xb1qyxDhxOWek3Ukk+e/LZnlVeE5hUKhUCgUCmVbFXGMZx3vrTwUrFzWkUxqNZpLhRBv4LL4N34i7Oset5LJysVEMjGyhE4kExFL0gXjYfSo2YEwl2r1y2kRQqw+E3syyZnLeUWA0TebNhfz+nvMya1ieWHocnJW/SLc8E7JRDXQwvOX/yy8/Mc/X1AoFAqFQqFQtmsRx3viqO9d88l6kommH9yrTJJbWnpwOxU51SWmxxaX3z+ZyK4See57lwweVjJZnOiPxX16IrKSiRUhNJki5AuwHoZKg5O2ejIx64xksjAQ6zNfvvfoVXPu1rBwJ+ELxp21tbT2ZGLGklcvXi79z/84twMAAIDtRBzviaM+vQvlHcLJOpNJp3HQX9Kr8F5XDTaTycuheP+v48ZFuoxk8kKEhOwbfbHJ5CrJJKFp896gMbSs2GdiWmMyEdqP6m8tGNtaN2YRsaTvF7PPyC3vlExE03z9Wv0WAQAAsP2JYz8VTlYeHJYt60wm2d6I1R1RYt13WjSTiaYti82+VJNmn4moaYnenRq56z3RtXoy0QrDCSMXFbLeQGTodqb/p8uhEzFRMXWpq/1Sdio/8/ItyWQ00DthVm4ZC3cuux9LtHdIJjKW/LNg/FYBAACwQ+jDul6Jo8EVx4dlyjqTiTZy1acnk7QcwVUNxWSi+azAYyaTez/F5MktgUhuaapCMtFTTdeFSfmShmIx8fJ8x3pCMf1E9jfzajBY7i3JROYiVXwnr5pzN73CjLPGFWtMJqrDhGQCAACw06hkssZuk/UmE2EpdyGWWthew3Na/ZHigzuXrXNOUNbak4k66925PgAAALY1dTZ87ZPJdhQJhvtHZhbyz3ITo2XGqqEUyQQAAAAVkEzew+JEQJ0BfzTSP7bonItSJBMAAABUQDKBS0gmAAAAqIBkApeQTAAAAFAByQQuIZkAAACgApIJXEIyAQAAQAUkE7iEZAIAAIAKSCZwCckEAAAAFZBM4BKSCQAAACogmcAlJBMAAABUQDKBS0gmAAAAqIBkApeQTAAAAFAByQQu2fBkMn16158HnJU1dfbgH+rq6r776alzRu3985cb/3TWAQAAbGokE7ikVsnkcVwc/f/+ww8//NcPP/wXOWk/Iv+g7s/WdBWTya66OmfVCq9+OvSH//jFWVtLdZ+dNSdf3fjhg/PT9pkAAACbHckELqlJMvnntT976j5sjlsV33xYt/t08ZC8buOSyZ1//+DoXWdlLb2yJRMAAICth2QCl9QimXxVV1f3u0OOSlH3StN+iXz1h9/XKbv0rKKSydE/yhFWdf/yYdbet/Lq8S7P7+t+9/vz94u18kD/6Y2T+vK2RSV7Mqn719and8+rp/qq5Zpe9+rQFx+YT24u+erxbo+s+y5y5+myUXft+zr5yp7eEDP+PCgrPvyPX7Tlx3/4l7q633+gXuH5/3u3vuUrxjpiS9PXdn0oN/V7z67H+qZu+Hf9/nfG06n0JbZ81gxoT0fj6l3v+uNRayPa9NlDP7260vKVfK7SNw4AALAhSCZwSS2SiTjaFofXjsqzn9W1jqrJaUefSV3dB+ajf1qZIX6wzqr/s6eu51djCXEk/8G3cXXo71CSTOrqWs3D+pOf1Vn9JPZs0PPH4lNk/0MmDWuZ3bvrxLMYy2nXZLbYrbo+5Cv8/e/r1KZPFt+U9s9Zc5DY8uO6ug+NabGurc+k+Ox3j9Z9dtSIYY/jdb/7yniD02fF9q1390Fd3QacDQMAAGBDMoFLapRMVg7QEgflZuWKZPLVeevhh2Y8+IMIDf47avpp5CvVwaLpG58uF0u0FcnEmn710yFrdXsykR0W/5cZP5Z/af1DXY+eA8QydZ+dtD2LSCYfWglEphSzR+hp9Kvd4cfWchbbs5dPJle+rTt636qWy3/w7/qblcnkK6u+9V/rVHcPAADARiGZwCWbIZnYFxbpQgUHGQDsvjcO0evqdhWXLlWaTGyLDfzZWt2eTEQcKDnn5G/fqQBjX0Yn04VVscv2YsSWrcyj/TZ96At9OJfOXLx8MtlV2hlyUm5U/5mIZGJtXO9oKn0lAAAAbiOZwCU1SiZWd4flUF3dNaMXYq3JZGW80TZtMnkar/vdbnORt/eZkEwAAMBWQTKBS2qRTOQZ8B8Us4dSp58Br1trMil2R9hUNZnUfRUtBoRf/uNDdXrMepLJ374zhmPp3ppM/vy7Ont0E7Gt7l9b5RTJBAAAbDIkE7ikFslEXTX4Dz8Ur1v1XclVg1/ZTnlfNZnoZ8AXzwV//JsxUcVkop5C5SXHGfDvnEzkGe0n9apXv7QXNyXyjv28keKWR1vrPH++pmKR4wx4kgkAANhMSCZwSU2SiW564Ky6Ru/vP9x1bbbkUl2P/+vfRP0f/iMrF1slmUjLT7/a9YFY8sNdX1kRpYrJRFp+uls/N+TfSq8a/M7JRNOu/EUGkl1/PHrtsfad7ZXcOS17RNQt5+1bfjV75egf5cZ2H1SRRkcyAQAAmwzJBC6pXTIBAADANkAygUtIJgAAAKiAZAKXkEwAAABQAckELiGZAAAAoAKSCVxCMgEAAEAFJBO4hGQCAACACkgmcAnJBAAAABXUPpk8HY9EE6rMvzHq7l1Jqpp7T8w7O2C7I5kAAACggponk9krPV5/WJW+WaOyJWDUtF6ZK1ka2xfJBAAAABW4l0xKQ8hyucp3Ne89cd1Zh82KZAIAAIAKXEkmgciZ6GWRQzrvLOp1yz4ZSyKBwHslk2xvJHoq7KzFZkUyAQAAQAU1Tya5/p7IcMFKI2Ji4U5CpZTCcKK1P+dcYY3ejEeOhhcGYkO/OedgcyKZAAAAoIKaJxMbFU5kMTtP1m+oI+w9lda0F972m0bVcCJ+pSdy5W56Sj7qC4UjycxQ8qo3lJrVz7yPt3UNjcwsPBoXL8DaDlxDMgEAAEAFbiYTbeqScc7Ja+ecdxbyh8/ckgevPn+XUTWc8AYT1gJef4+a8JlLWvrbw+vtqcH6kUwAAABQQe2TyRvjEFMN4joTvWwO65JemtcRfkczKuGoklUbGU70FU9akR0jxXI+K6pyt68HgkaNeZEwuIdkAgAAgApqnkxqcQZ8tjuij9hSZrwdmZeaI5k884ZSxUWEyWQoOa8mB8+STDaAO8mkcxMO1ZtLdQ4769bOa/UKAqsQu9m0s27jpc+zp92kLhwzvhwENpOJ1uR6jgmxzbiSTIy+i+KuUPWfeNd71eAzgZKjT68/1v/UkUw0+9NJPyfO3DHu6hgK8Hm5AWqRTKxusVDUON2o2slkri8UTj41Hw0nrFGC7+D9kolvHc8IVyyM3ZTN72ik5VRxHKkr5lSzD5yMq5Gx1U8mwwlf77j1SPwV2OatFcmkthYnfIGwNxCJXCn+ptYoGnyHX2infQCCOQYBO5y9SeifjCWNxFxq2Ru4bF9Lkct0ZBw1+h5soqVvxl6PncnFZBIoRoWC2Y7XlUzmi2e965KnwvLGJqXJRHuz2HosIp/ifCqrH1l2huRD34l4YSjO56X7apNMeoxf+mwq8JPsSKtFMvFZ23Q3mai/moC/Sxx/tJQ0bmwGOe/pu866GghYjbxozjw6LHj98cHfapJMOkPhB+ZoW5LJZpPrFx+scWdtbWXX9XmN7ck5LEUr8/n48tblaHfEGKxi4+24XPL98tT1SHQde7CpC8fXs1/C5lfzZKI9HY9EE6rMm59z964kVc29J0Y/Bra92iYTcax2Kr2gJxNf29WFfK4lEPbpR2+z/T3tlzILjzRDiiUAAB+9SURBVLJ94a5OeQFrrdUfDhyLDE3k7l2Km5+1y95AVy7/rD0YlksUyWSiFTK+sP4Fj7nntR9yteq5RdR4zybjt6ceJC+3p0YjyfGp/LPWQFiOM5xL+YKRlujNhfyMFXKyvZFIamoqc128SPmMc6nolUQ0mXlg9c/oRIbvT13tm+XPZBN64T1a8nVg+VZxvEu0CvGLtq7PYdWIxnZPv+i5aCeiNYrmIRqt3vyyZ/pSrUd7hm5nXheeiSZ3YezZQt7eMK1kIjuHoyMymfiORUSTE+3cODj4bdR7ItE/MvMglVTHEPLFBCOiZeYm7nqPJtL6U4cC4XuPng1Gu7yB0sg9nEjL++EalUYysWVs9WblF0/Hr8rWnkm2/DQ62NH14NdnZ4JhNdpWLOM7Fhd/VpETxjudH4i1X8qKFyBq1CUTveFUy/nU4G19RC7WTBzzOccFvBkXv3F9JxMxd3Q9gWMx0YoePBm3esC8R69m31jf4Ly4F42EYjfv3b4rT9d8mrbaQ7l9TjGZqI1I4pgyu+xo5+p3vWrTwrawlmTSIprZm3H1paGd3H2NXI2rav0OEOZ3K2Ybm0tZn9HGh+aKnc9C/u4Zf3gh/6ywJJuu7/T1YtP9bTQSlM3vQeam2tFha6l9MgF0tU0mhbstl2QvcKd5RQS9s04eC9q+mynIvjX9qNHsdls2dq9T18/cUceE5u7SoCcT/fhPPqqcTIwTQpat7sH5ZCz9Ru5SvafvquPKBz91yRq5yzaW8fm75DOKZUoPc6VC5szRsOwktF10DpuHiBahWLHbpGKrMGo02ZbME4fmUvrH8AvviaSqKNy5rDc/mS7i5qGhLX5brGQiB0sM6X0m1nl0nXqDn7rUNWhmGduLMVqdqNE/5l+Yhxfz/e16irbIZKJdMPNDpWRivS/rvEHxR6T/IMQy0V/0d1G4q2YV/xif3lSXTLQN/MA7mUuejgTak9aFLsVvPK32Yd0Ra0enajQ9S+j/GxHFSCZT1+Wxo0lei99sD47BNrpiMrGujSl2aGJ/62jnRqterWlhW1hLMlFDucy2Z6uXu68ZX7dsijJjBy6vTCbWZ7SxX12x8xELW0MkRNNVeyqj6Ypd6zpGN2DTIJnAJbVJJsaoVl/oqqopjuYy95IqnyjqEM08LJPUXP2T1SilIxaMZCK/khGf6JWTibmnLj6jGmFoH81lTltPZzzjekd8YYO9edHZZhzxV24V1lz7J7qcLvnVq8hRMmymfDIxhsh2qSNP+2gu1WLtwxrVU9tfTKfZ6uztsGQ0hZ5M9OQTSz6tnEzMviDrdZqL2X8g8r5Spc1ehasyxzd4B8t953v0zmF5lGb78crdlBWGhfgJOW1dPEY1D3uT0NRXNsWy8tuQYrPUe2ximnnVfkc7V6161aaFbcF7/PLQ7YxezC/zSpOJaCSRrPxi4sJxZzRVf/shvRGGzF5fRzKxdjXGrBU7H3syWdl0Xz+SJwH2ZXLGOthSSCZwSW2SifOgrVwyKe4r1Rd7K5OJ3PeVv4C1mUz0A74Hs8Y3MfZDrsCKz/iVyaS139w/jlwVe2F9mdIeEpLJVqY+O8u3ioDRGJKnwgv6hFUjLyEobxc7WjyJ6E1WH/mwhmRSehbyymRiPzNETL8sm0zeZFc9f8lIJtrLnxM+cWR53plM1BUO35pM7hmLy3e6UPrHqJBM3p+eQIp7qtJ609ObncPLPj1OaOZ+cravx74j6nzL+WwlzXLqUtfUm6zqqXO0c9mqKzQtbAtl/nLtyeTpTRE8jOiSTKgRDRa1+xLRpf/pjGpC75RMzMurFpOJ6ihe6fWjlOOpsSWQTOCSjUomnXJAlFIczeVIJtrU9dKuEovt83421XI23qJv8140PGYkmWXvGpKJt/2mGmqT7Y6owWb2QRQSyWQLK4hPyqnVWoVtAJWaKJ4eMLtiNNdQXI3mciSTFZfseHsyETXWaC7V2MokE/HUqw0UNJOJeFHpcKT9tP7if73ZnjI22q5f4fCtyUR9aSoPU/TjjzPGiTRFZY5v8I7UFy4iKjhODilJJtozX/eonoSlVUdzrdYepNIz4J/ejF9JDOmD+B3t/C1NC9tCmb9cWzIRrVH1qunmxSevfZS0sft6M94S6pEXVl1LMlmx83GM5rIGLpaa80ZHnXXY9EgmcMlGJRNxmHjmhH5ZtpPGJ2WZZCJvxJmUHcHBngclJ8yVfBN54YQxTEJsszUoL5zV0pGK6smncjJJL82nYzGx/cjtnDFLWwrpryoUTctnJJlsPXMB/ep/LaeSg4/Up6LeKkRNaavoPBkRTWVs0TxvxKwRixlbUpd/Fc0yOaE/LjkEnL9ztfVouHSs9tuTiTAUjcnNHu1Slx4pl0yKV54NnCy90FMxmUgqaAl9HfJKcd5gbH4gtpZkUvhFjqkovlNtWb53v7zUclo/IilzfIM1mL2VaD2u79baYtYh2ZC+kxE1kQF5HFiaTGQsVEFCs+8n3yyqRnsvrz8028OF4WfGAkXOa3NZaaRsO1+1aWFbkH/FZjGqbMnEOH/SFD9Rcplga/el+pa1tSSTFTsf6UlGPHtU31j/eX13p5rub+PxU/IUOPG3YGwFWwrJBC6pRTIBNjN7GLCsrAG2Iistl23nALA+JBO4hGSCnabsEdvKGmBLKSw8ykZPFsfPlG3nALA+JBO4hGQCAACACkgmcAnJBAAAABWQTOASkgkAAAAqIJnAJSQTAAAAVEAygUtIJgAAAKiAZAKXkEwAAABQAckELiGZAAAAoAKSCVxCMgEAAEAFJBO4hGQCAACACkgmcAnJBAAAABWQTOASkgkAAAAqIJnAJSQTANjkRtv3zTjrAMA9JBO4xJ1kkhs85alv+vz7bqtm6fHApx83eer3/PWOUZP4yz5P/SFrAW35iaiJzBYrrFWsGscCYhX7FpYe9jXUy+VTf9cfP+jwyIeyqLXy97sPf7lHPry/aK2F7efHP+0TLaHxT63Fqnxm7y75q7cqRs81H7lRnK9pzxtsc4XeY4dV47EWeMsq+XRDQ1PD10Hj4Yt+q/mptUR7Fss37Gr+68BccS2gnNGT+yaddUAZP37W5Pna+KidPH3A2u2QbPGeSCZwSe2Syacn0+Zk5vPTE/L/5YnGtoycmO/b36nXmMTONNPfWswVf+/3fBkSNVbwONjQVHaVYjLRV7Elk+eeLzrUVPsX+vHiYDBlztMtev6f/oI+1XuoaalkFra23MUfcuZ0/Nsm9VuWTeLbPvFf266mxsCAOV/TCiPn/rQnfqO7GDMKI55dP+y3xQyxSn7ZemQsYF9FbMG+yuS5A54Gvz753HPoYl78P32+JEVrmmf3KTWRad3DQSeA9/dpQ1MiWEwmKV/J1yvA+yCZwCW1SyaewJAxNdt9btqsrG/ufaxFvi63u7wRLOkz0WvMg7k5I9I4FBcwFLcwazvQvBEUTzrTecg6WlU8u0IZPZH8+Em514MtayZyyPqC8IgtYOzVp0U+kVHBwd5gdGphRUUap9VXEU+6N2L0hIjKI7dkMLaSuuJpOCz/W54+9zXBeLuY7d7f0JR7oY3Gfmi7LytSgabIN3sSAwPyV/wi7fmyNZ+f27+raUYPujM9zXt93elbA9fm5UMRgBNjc6lzPzTW77Ove+3OtJhWTdrTcOBIYmTyRkej3MHO9X4jV5kc7u99qF4BdjrRVKxkcu6PfLShakgmcIkbyeRF/8HYE6Oy/pDIEuK4bTTi99Q3HTyXLn4VXSmZDB28OG2tUm4BQ3ELDzqsOKTdD4nFxP668SPZqd34J2OAzZFdTZ7PgnJQzZ+Kw8ywDdiTSftuW8CQyUGm3Nxgq5je77PljdVjhlpl/649no/2rXGVw/VNPw4alQf14VviJTXKsYhNbQNzKodEvmlquzEX+W6f5zPbMDNsZeK37PkkpE9Oqy9TxG5nb6exJ5o8dyCh+u+mzx/+23Px/+GGkgNHzyfGrkl1o9nXNZLJw44fB+WKQmP9AbFjtAdvQCtNJqJ56EOaxb7uYulSwDsjmcAl1U8my0v5/KIonh/6xb9LevBIn5Nj9A9HRjz1/sQLeQCnPqALiR889fo3x1rFZDLb3egbsFaJW994v0sysXmujh5+/Kyp4Y/BxMnDDX80xtVg65PNb/T0oVG9ERZkCFiSoUJ8Nh8b+FQ/mPN8fV59Y62NnFJfbEurxwy1ijG5tlVWJhOLPvJbtvlzf9rTNpDZK+LKZz8UZ2NLe9jxeX1TfkmbSfitPhMzJJekCHHsOCP3V+ZpSPoC1ikBHv1cONu6xrQ86LQtI2fk02LiXKJkpCt2MnsyKSr0lx93AKwZyQQuqX4yMRX7TOyVuzsm9eM24/Fs917rjPYKyeRFf/HYbra7eGhYIZmsGM1lJw8NlycaA0Mq7Zz7pomB/tuJvc/ETgRjTZuwxlnpfXHmxQ9WjxnrWKXMaC7Lg45PZZt/7vlGP3pYXkwF9l17hz8sbGr5GyERFRq+VGcZvVsy2Xt6RH2to77TKZtMVORWRc1amh1qaGiKW1/EYGcrn0zMs+yAdSOZwCVuJpOZSHOvHiQmzx2Y1L+0lt8fN5ifzRWSidjaFx3WKinbALBVk4m+ipowzoC3LE97Dl3UHnf/ddioKOmHwdZXNpkUbgSP3JIjYTwNfjWoptDvL7af1WOGpq+iJta4Sj522HkGvCnl26N32aWtIY4l/TDY2pzDq+zpQjRLYzTXg47yo7kamu0PVyYT7WHH/kj5CGIEXex45ZPJ9PniDgdYF5IJXFK7ZGInh7p+tO/a4+KJvpHv5dUM/2qOuZcqJhOtMGKtUn4BXckW/i6vyuqp36OeN3XSuOqrNeJW1KhLx/4Yo5t7+3p8Uf7eG/b0WteGXn6SOtbskcMLbb/31WOGtPxEnqT08YF3WKUwIq8abH53Pnkx6PgrGI0F5Zfruw4dPDlQXAtbWebkoYbPfrg2MCBKo94Y7OlCuKY3PNtvfOmgfuFy4/z1pbnP9QujN/7x8FLZZKJpuYFTapWDx/o0be6aT26w4bNmLqIAxZ5M2r49pD71+IzD+yOZwCXuJBMA2PY+rz/Q/sCYjn9b2lULAFsZyQQuefLkCckEAN7fkV1Njd915/OLubF+zy77OSQAsLWRTLABSCYAAABwIJlgA5BMAAAA4OBeMvH5w94VxbkQdgaSCQAAABzcSiZT10UOORNNRKxyqsvr73Eu9g6WF6bu+gIy3oSiqexT5+wK+kLhwYlcevKF1x+J/uKcWxXeQNxZBRuSCQAAABzcSibDCUcPyYOfuryhVPqnZPY3e/VapaMRscHOn24OpVK+QHxQXbt9bQLmK/EGuuJTpfOqxBu47KyCDckEAAAADm4kk4X/jsuxW4GuYodJVAaVC5MiJMT636W7w/D0pvfs3XcJIyXer69mVb7abHZbIpkAAADAwY1kIrtHRDIJl9x/R9Rkxb+hVOn969Zk9kqPSDUrpWMxsdnAyatDOeNmUN7Qzf7zMTno62jXwhtN+22876xcRnXgiIjSp99Mb2EsZTv7JaFpWe/5rLnVbOsVdce9bHREO3Mi4j2VFg9e57ItQbn84CP5XPe6e9Tqcp7cckKtLJ49cFSkssjYonE78U5/eP5OUizps73OnYZkAgAAAAc3kknZc99lNphLlQ0Yb9UXCq/MM/PJ2IVJdfQ/nzwVzr6RUyqB6Are40k1ZfWZmMnkhffEdb1i6sJxtXz5ZOL1R8zKIvHuIj/LCXtXjEom2e6INcwsGgzP6xMimaRV5S9Ja1zZTkMyAQAAgEPtk8mb8ZWZRJazd0V+cC68NmLFe846LXrUtrW5VGjgmWbru7BPr0gmz7yhlF7xlmRiTugWJ1qPy3NdROkclhUrk0nIHjyGE9ER+X9nsTJrm95ZSCYAAABwqHkyKQzpJ5msKCI5tK/3uPzBT2XOXH+PZCL7PXKFpexPPd6AmvW2ZDJxvSUQ7s9MLeSftZJM3h3JBAAAAA41TyadKzKJKgVt2Xv2rnPptSp4/ZH25Iy9an4gFh1ZOZprTckkEnQM05rztt9Ug69m+3pWJpO+UNjbprpZliv0mWR7I0nz/H77aC5zKZJJmUIyAQAA2JlqnkwiR8OvnXXSwu3Lybyz8h28WZxKJY37mVwcXdDrxpLykl+Bk1cHHxmnd6wxmcRDZmQKROb1SDN2Jd5inLk+tzKZiGe/95M8k741mrlw3Egm83euiprkr2rLxnMNxWJqO/eeFM+AVxMkk7KFZAIAALAz1TyZFLLyeL1seelcdoO8mfO1JYZuZ0Tpj8V8vePOBVBtJBMAAAA41DyZbH73ouEH1oM3c+8xxgxrRTIBAACAA8lEWO48Ka+y5TvWE4redM5EDZBMAAAA4EAywQYgmQAAAMCBZIINQDIBAACAA8kEG4BkAgAAAAeSCTYAyQQAAAAOJBNsAJIJAAAAHEgm2AAkEwAAADiQTLABSCYAAABwIJlgA5BMAAAA4EAywQbYkGSSPh+eLa1ZSMXv/VZaZer0h+V/+bvtRyPOeQCwaa2+16qwx6sFbyjlrAI0rdUf7hx2VgIWkgk2QLWSifd4V0tAjxBWTTCy2i7PSibe81nHrJWMZAKsTny+Dt3OqDKvvdAnbnYeNypfmot5/eEH9tU0bfZntdZNb3tSTvw8VzofeKu5vlDYe/RqseLNuC8YcXz54qbZ/pj3eExv2Hdbj1/VSCbb2Js5b6BH/a5b2q47574NyQSVkUywAaqWTPyJdPZqfMp8PJnsz6bULk98KBof0nNGjUom4sBRHCmK0nplbvZKT1rOyYocMpVKiMrQT6NqJSOZzKVazYjSfz4mVzweUw/F9tPRHl8gPLSkKrDjWG3DRh4vllTI9jnv7ciUVBrmzJA8722/OW9UvvCeuC5apjd088KpLtHkBh+ZLawwIdqbaIHRO+ay2LlkS+tvD5sB+MXg2bDx5Yu51xKtaHZRbzP+8IWfF1WNvseTO0OtMC53aIGugqb1dXR5A5GxgtqwscNUi6kN9v26PDsk95DpJ8vzd67KFYPGntA04z2RLK2RO8nOkxGxsO9kQtXcu5JoPSZr+n5RTya/J5LPfkIe3RZ+ual2zqKovbfa69LgN53hRF/p1yn2naGRSEWzmVtuPRo+c0vfgz3JyKZ4NPJSJZM7iy1HxcOuhTfGWtFTPfJzOZqZ12ta/T2qpcnV38zLhc22IebO30nqrddstNheSCbYANVMJtp4y6UZ/dFytjvy0vxYXS2ZLOQnvB13F/LPFl4u25NJ4PT1hfyMz2980juTyZtx74mEWODepXjnsNwXekPJQHuyX35Zjh1qDcnkxVBHeEo21Lit0mIlE7FArP+pPvVbJpScl8nkaFckOZ6buOsN9KiDgGgwPDiREy3Q5y8/Vgc7iWxpCwOxITU66+nNkL9rZTIJHIs8+PXZwqOs19+jaqxkEj8bz+VzD5KX21OjoqVNZa6K/Cz3fuWSSeTS1VD0ptzOiWTg7PWFX6f6OyLFr4T0ZUS7tT2WxGFoJDWVyz+LnAin9dcZbY9fSI7L7QQuG8uEUy3nU7LbcO5mayA8/3L5QTIeHVuW88y9rmjwaq+LzWLqeqvxsWsom0yiVxLRZOaB2LPpv9y+VGYoKeOrWNgXjNx79EzszVqvGBEnFE0t5HMtgbD6QBfJJHBMdsGJ1e9FI4OPCoVfs9ET4QX1FP7IVP6Z3D3SL7cdkUywAaqaTMQuTB6ovbx1WY5teFsysR8O2pOJqtHy6dDAM21FMrEfbqrPePUvdrJW8zs89TWeriSZzCdjqp0kT8l8skKxKT74qct7XH5miyVf6i1TZBU1K9sb0Qft5LxRo0Pv5VC871c1iR1LtbRlb/tN8SB+IiyCwcpkkswbS6tmaU8m1pBWr98MCX49A5dLJmqvqJUMcy22XmnFl+iaTCZXzcmsdQCqWNvxBozuFNnm9T8BsWVf77ho8Nafkmjw7G83m4UxvYMr0GV2cZRJJtYvPSLyhq19iIWtFqU+xC16d7Fc3b7BYqu7c1k26Z8T1g7wwvHiYtg2SCbYANVNJmpIg/hXfp69ZzIxP0EdyaTTdgxqJhPjAxU7VqvtPBOzriSZiONFdeAoDq0uTFrVFtux3dT1Fj1gh8xjSquBmdNZWwsMrzwKxA5jtDSfv0v/NyaO2FYmE+uYb2UyMXaPtl1ZhWRi1VRIJtGR4iPF9n22sV+dSiVDbXKMohXmi8vIP4Hw/JI2m7ocHVlWu2XHXhebyuunU4Ox2MogYSUTq9nI4VvmtOOhlUz61HhpUVZscKgjPDj34vXT8Quh8LyxS1z5rRC2D5IJNkB1k4kaAGOM1F+ZTCaT75BM1tBnopBMYP/sNNmTybI3ELtgRhdr+IpNybHdy1uXh36b83WPa8ZHr3EoZvaZzHnDZU9Wwc5ktLSpS13ZQiaSlcOfqp1M5Lkra00m2vjKcTXOZDJyVb1Ozfa3Y1tmPnk6/Np8UPqnhM1LNQnbzvDFymRyxu/sM3Ekk+QpGTmEe9EyyUQbSQ4tGi1HGk7EreaL7Yhkgg1Q5WQivzIMG+Otzb2hqGmJ3l34dSpwoqs0mWjeQM+Fkdzskxf2ZOJru1rxPJMpsVb2Ue5BJhPqkN+Ck0xg7zMxh9gXD6deDsWNU0d0/e3GR6+N49hOtExj0JeeTCLtl7L280wunAhHkhnRAgevJPhc3vGsljZvfW1cnWQiNhiML8iTQyItJ/SLfa0pmWjpaMTbFld/Dp3dd7WVyeS3jDd09d6jZ0PyXKmVyeTFWK/RnXLmyoSsMPe6osGrvS42idn+mDxp5LbcF6nfoIgW8cyMajYrk4k2m2oNhPszU0MpI3U4kokI2GeSU1MjN31BY/WSZPIkbfWQpJ/IiCLaz2BmKvdo/MJZOtO2IZIJNkDVk8mF4+Y1asy94fydq61Bde2OcUcykZeCkeNcc/ZkMpaUV54xPhFXJhNNG4oZfc2RAXn0SDJBq21EgXkIWEwmtusmSS9vXS45Y1hyHtsFzMamRnBF9WtzDeXMa3Mt5dQFanxtMfuWsSMVW5pXH9ClVS2ZGHvIyJ35+YHY2pOJaKDqSlxy73pRnhPlTCaaduaEXKClI1V88eYy2ViP75gRbKzcova6osGrvS42iZcj19U133zHYuo8E+PKgXqzKZNMNO11Tl2bS7bVlclEezMv5wZjr382oo49mbQfi5jfAd30BuXJSMZZLv5w69nr1mLYNkgm2ADVSiZVYj/PBNgoc9bFhc1zS4CdwspFQpTTmlGUs2fgVa5ziG2FZIINQDIBbHLy+7/jxU9ckgl2nCcZdUcL37GeKftJBdjx1IgGbyASOJmwnYmEbYtkgg2wyZIJAAAANh7JBBuAZAIAAAAHkgk2AMkEAAAADiQTbACSCQAAABxIJtgAJBMAAAA4kEywAUgmAAAAcCCZYAOQTAAAAOBAMsEGIJkAAADAgWSCDUAyAQAAgEPNk8nLn6/Km3eWlMTC7JxzOewkJBMAAAA41DyZzF7pWZlMRGUgmnUuih2DZAIAAACHDUsmYqLgXBY7BckEAAAADhuZTNYfTuZSgfM3h25nhlKp9W8EG6dqyaQwcu5Pezz1h5z1QI3N3Bm4NjDw4+4m8a8sd6a1G8HIrJyVCjR56g/bln3SuGtfSk7MRb42lx8YGJ23LaJMd3s+OiRmJSLBvR819U7LOn1rTZllY5G99U1HbsgJe7Nf+pu//YExPRM5FF+5ZWw3z9PBfUdimUysdX9EbyiAizz1+0Yfz40OdDQGhpzzgPezIckkHIkmVIlnnjlXWIu5VOsV80yV2VRrf65k7vvx+XucVai2aiWTH7/tnlwqOUQD3CSSRvGBLZlkWvdMmtWTpw9kIoesZGJWl+Gp32N/+Hm9XFhsrbEtYzXysslEaKzfpyY8nwTt9diWcj3NngbjF/2j3k4A99xqVfs64dwfaX6oso1JJlYpBox3Yk8mc8Vk0n8+JrZ55srEwhv5sC8UXvj5unyiQCT9xPzKUVsOtUVkOrpt5pnhRFZbajkaDg1M3+s2Xm3atsFAW+y1uTKqolrJRCGZYKOslky0+6FzD43qv37SNLOmZPLcs7vD/rh9t5FMPIGhc183zej7sNWSSfzbphnxX6H/YOyJvR7bkmwVX3er6YqNCqg+c4cmiaZYze+GgS2fTJYKrQFjNFe2N5LWp+aTIk50aXoy6X9qrBEKhOV/T2+G/PqEWGwgFh3RP+qHE95gwlhO07xWn8lcqnPYqkY1kUywPayaTGTfRUivfd7YmrEnE0+9Xr7ulkGixJyndFyE2M6MmUzEQ09Ds7Z6MpHBZte+Rr4+3xlkQzJbi2ongGvsTc6eUoCq2KrJxNpCKJZRddGjRuSQuUWPH7LPxFxj8Gw4q2kLA7Fi8HiT9fWOy4nhxJlbxeNg2wLj3hPFxIIqIplge6iQTA6qkDB/se2+9eFtO8/kzvRScU1lzvN9v/1xyleSTNp2NeUrJRM5y/NFSa8LtqvE900e34Cajn9LHIWrJk8fsJJJpm0PwRjVtVWTibFi4a4vbCSTkD+8kH9mFU1PJtYas309ab1fxeu3wsac91RaRpfhRJ/tVRSTibTcH4t5A5x5UmUkE2wPFZLJ0t/8vfMT576Q02sbzbXqeSbmt+PPPQ3+I6snE/v36Nje8hcPW+eZHKajDC67H7LOM1GDToEq2uLJRNMunAg/0M8qEamjb9Y6mUQSycSKHKoXRXuaNoZ16aO5IlljNNfqyURSqQZVRDLB9lAhmWiyZTZ5fpBfbJfpM1nDtbni1rW5zLxRGAx6isnkgLUp1f1CMtlRMm3Gtbka24yv5wDXWNfm8nzb55wHvJ93Sib/Pw0bcguS35PEAAAAAElFTkSuQmCC" alt="Screenshot" width="100%" ></p>
<p><img src="data:image/png;base64,iVBORw0KGgoAAAANSUhEUgAABDMAAAIGCAIAAADGMlPIAACAAElEQVR4Xuy9D1BUWZ7vObERGy/i7cb2ixe7E7sRExsxVd3zuqfnX/f86zfv9b4dqqq7umfGnmxqKKe0a3VqcNQq2/ZPV+vYjVWNVaYWmCVqYYEW7R8gJUuEokAFGwUsElQUUynwD/8EE1QkQRNQRO/+zj33njz33iSB5GYK+P3Et6yb5/6/eTI5nzznZv6OAoAd+PuGzEUAAAAAAABEZHjk0SUVmvgd80wAogJmAgAAAAAApgo5yTkVmoCZAHuAmQAAAAAAgKnCtYQDMwH2ADMBAAAAAABTBWYC7AdmAgAAAAAApgrMBNgPzAQAAAAAAEwVmAmwH5gJAAAAAACYKjATYD8wEwAAAAAAMFVgJsB+YCYAAAAAAGCqwEyA/cBMAAAAAADAVIGZAPuBmcxSHo4p/qHHN4M2JPDgiXnrAAAAAAARgZkA+4GZzEZIS6yCMZ3cHXlC2wQAAAAAmCTTNRNqeXTfG2vue/TlHTV9ImMsd6X0s1wJPL4/ig9T5zgwk9nF6GObnUTO7eHH5v0BAAAAAIRjWmYSfPjk9zN6n9tx67mdt57bdeu5j24/t5ty57mP7zyX1ffcHpavZft/Un5/Ufm9r/7m9vMHAs8fGHg+d+BE9yPztsAcAmYyi3gw9sSqE7bHvFcAAAAAAAvTMpOMuvuRzeS/ZPtfKb1798GTodHHLx++Jczk+bxB87ZsYtXat+cveJ1inmErfBex3svsBWYyi7DrxpLIGYWbAAAAAGAipmUmv/9hTwQz+Xp2d2X36ODDJwzlyd0HY88f6Bdm0h+bG2T/9qWXf/9r36CYZ9gK30Ws9zJ7mb6ZeAor5FR18OIuU/mAcS0bcbjqzUXTYEXienPRzGDgYTw6THjM+wYAAAAAMBJDM/mXin7SkrHHzEDov8GHj5/fHzKTGN1tAjOZCUzfTJzpbtdHh7VkuPMbeXGT0+XRyz1pLne3cS0bibuZ+B2JyUtzW83FKjTLejzF65NNJUr3EbYkz4KVuRXN5gWM2H7Le+TgbngAAAAARCZWZvJGxV1SEdZZQlryRBkde/LJlYfyaK4gzGTuYoeZFIUeNFaEzKSgSS/1l2fPKTNZkZm9LnG5uVhRRk+l70oLYyaONSk5141F3Uc88hUZbXUkpZb1SSVGrPIQ60BOAAAAABCBmJjJPE9v75A6hktl7PGT4taHX5PugIeZzG1gJiYmZSYev9KYXWwRiaWJqV6X2UwCJanVI4ojKV0uNJuJolRsSnasOWIokrCaw3TyleKgtdAU/xDGdAEAAABgXGJiJm9VDQUehMzkweiTH3168/n9AZjJM8LMMZMuD1OC0Z76xYuWOxKT1+2tNC0QuF65eEGyI3H5lhKfXG4wgc4jq4s61al6avq3VexLSmIjpha/nRFaRqVibyofTLU6rVQuN5rJkOONTOkhRzUTpdU6oMuxqdJiJn7PKjaUKzXJOKDLYiZsxVXhzSTCV3LVnwx8Jauf5ZP+0j7z3PEyGTO5ibtNAAAAADA+sTGT6pH2e08eP9bUZPDh4/+6vxtm8uxgh5kcrj/n01JaEjKTnCq9/Ez+R5Myk6T5Kbnto9rjsdaFmSEDcSSl5DTrhzra6liU2TCizxImEKxfnCGsoD5p/vKANCTJkZgqplcnJQdDc0YdiSvFA2EmXZ4Ux/wUUS7BzURJTTTIRqAk1TemCoZkJr7M5Y5leWyqMTu3XRSHMRNSF75ZK3dHIplJvT79layAdYGwgZkAAAAAT5HuE0UN5rJIDFyucqa7y0yfiAYueC7rjSGO38ubYWl7z0zY7po+dprJX37c/oN9rX+2u/NP93T9pvmxP6jKiaond0fGvnPwZmQzeXv9Bt7cP3uuQTT9KVvSto2O6i1LRfneD/5enktxvPKqmGs1k+f+4A95yV/9zXc7Ojr/+Ft/yR+++tpPvvaNPxYbefH7fydWoWP+zf6Dpr2kvBNqg4pC/nBsbExekh6KJZ9Npm8mdkFmUhYwlJAk8OY7zfIan6i2/WsdS9QWvzCTsc6kt+U+h/qFWYauFW+aLhLdR7bVyXMU5XqeuA+Em0mwLmNb3XhXRjMT04Cupar5mMyEdEgs40iS+m1kMxkZ3PLT5WW8pyccEb4sWJhJW3fw+c913/AHa249rKkbePu6ttjvZfXX9zzIPz/Upj5kZnJ/+PeKgy2WDcoxHwcAAAAA7GCqZuJMP24uCotuJvHBNjP5+s4b+5oe1HQ93NN4/w+ze5eful9368nII63nhNr66Q33J2km3/zTPzdZwSuvLuDLbE1zmWbxZO7O4guYzOTwkSKxDGkJlQgzse7l4+y9fC2SFtMsnvMXtGdGlPCH/5K8VJQsesPyjUnPHjPKTAwmIZkJSUXIdzlnMx2JWoeGagJDXtfKLoO91K8rNfwUDzmDNlWbUWH8iEFRGlYXaf0V3ExWJ4V6USzoZmIc0OXYXKOYzaTVsalSHPlSuY9F/m6uxORdHnkAmBmrM4iERnPtDVg0Y/g7p0bUiQe/W2roJCEzyS/uv3jfvDVTzMcBAAAAADuYuplUmIvCMkvN5MMLD4dH1Z8ueaKc8T/85p5by07dq+t9cjP4RO04ecK+NVj6PZMIZkJZ/MaSzVs+kK2AFqj11sklplz0XVKMZiJ6SyjXW7XWnjATyrf+4jvv/HqTvBHTYVjz6BH79Xr5oawlr/1kkTidZ5kZZSZdxhJhJvxWDQPdR1boDX2Hq8axaHPKmmSTmZg6RoSZWHdEl0HoBO1026LkhdL4LgvCTEJ3jwRKUtvUCdlM2FAuST8ooQFdcp9JsHLpfvMtKzKT6TOh/ENWP59ouxF8/jdMV751cpiVdN1bcMGw1lf293/lkwHr1kwxHwcAAADwTDM6EOin9DVWHDjPRoX31Ryvb+297q3YcUxtWfi9hScqCqt81+8qDQVup9u7o8Bbf5naDH1V7pLrt/trCw+XqT/7pplJt9dVKG7KlWiqqmzu6vCddub5HigK7dGZfpz+pTm02fJsT+05Vi48JNPlvnijf+B2R1qGh5c4s72m0Vw7Sq4aC0Yzj2m/QBc1tplJVtPY3RFt7Bb9e6b34Tc/YXLySfNY2+CTwIMnn7aOTrLPJDf/EC+h7YhGf1d3t2wIYi1R8tWv/xE9THjpB/JiPF82t4jlhZmQt/CSq1evyZsV09/8k2+Ltf4xMYkXkofIy8gZHjZ/Zv7MMn0zsfE+k/HMZII+k1XasC6jToxrJhP1mahfBzzW6VhzxKg6gpCZKJfUu0eu5y3Wb2KRzUS+s0VlyPF6to9v03ifSc6yZONANgOTvM/kf6hmUn8q8JUs1TruBzUzCY5Y+0xutt/7zik+d9yYjwMAAAAAyphzu3lsFZkA+5/fm3lCayEwM3FZOzr8fAFmJt1nnHvPmOcbcaZX8K4V0WdCm20Qf5+5mTz27SjXmyVtVeOZiTLalXZEyMmoc/dJaV6U2GYma0+NtASePNJvLHkw9uTfjvX91cGeNyrvlXY+rut98q8nBidpJp2dN0ShaPff6OoS09/9f18UC3z7r/5GlCtSn4nIn3z7r8TCimQmfzfPIQrlLYjp951bxQKiu+av/ua78jIi8r0uwA4zse27ucYzk0Ap++JdmTD3mSiKL2tlRejG9vHNJFCeesp41pb7TIh1ScnjdGVIZqK0Lt7fyvpG1KFcisFMWkWhYGFisrZro5mMns3cUjvuE3Fv/F9/JzMp7XlwsedB/ZX7X/lkkBU2Df5uVn/b/dFNHr3PRL/PpLAmeEJ9qN4B/+gr2YFN7Y+s2xQxHwcAAAAAmk/mN2qtjUe9Ta6dHme6W5iJGEzFzIQXMkZ7fV7XdjctKcwkLcNdeC38J6DKYMeOj9TNhjOTUPOB704ewaVPhzETRSnLdrPRRMpoR3nRxcFxdj0VbDOTr+64sbl+tHXgyX02povNJTl57bPbz++98/U9N76xZ+Lv5vr5L/6dt/Lv3AndAiya/p03bojpf5qv3XZCkGCIciWcmXzzT/9cLEyI20vkjchbENOf/Ga/WIBkiRfynhnTLig/+vE/iYXBrDAThd0+vjarcaLv5lJ1Qp8c30wm991ciqo6Xmk5HdlM2IAux7I8PpRLkcyEdEUUCgIlqVpHiuW7uejIV+SPexe8VRtiHfyeCQAAAGDiYqHHmaFJQtU+tzNH6/SIbCbZ6e7sKt5gbgn1mSjKZ7vdYVoZtLXtJ7WJyZjJY19mZa9W0h3JTBRVTpy7T9qiJYqNZvLczt7/8Zu7tT1Pbum/sUj/5lwe+vYnN57P6X/+N/02msk3/vhbYgFSBVGuSGbyR3/2F6K8oeG8WH7yZvKTRW+IBbL2fMILv/eDv5eXkXP//n2x/DPObDGTltyUpMTlxWebA+2+FfOTK26FFpPNhH2n1ll+RpHMJNicl7QstaVnMBDo3PLT5Vsq74hZht8zUcd0hR5qGMyEDGRdSWh1YSbmHzDhjNRo5RYzYb1ASabRXyGs5hDrBB6YX/UAAADAM05aukd0mFDbxnnwApt6fDWymWSmu3Pq1c9Tm07KZkIikV1j+dlmall9VKX+v29SZqL0ix3RZiObiTLaZZeWKHaaya5bX93lP9s7du9hyExOdT/8fm67XWbyy5R3xMNv/cV3jh0v/+affFuUfJixU5HuM6HpP/uLvxZzhZxMaCZ//Tf/j3j48t/9qPizksVvLBElzS3slhV5+X0HQt8v/L0f/oPY5rPMzDETEIEIt5rEIrQ78xEAAAAAzziNFeoIKzXUyHnc11BYQtOec72RzUS54/PsZaOz6ntHDWaidmJ0W8YoXDlRRgsfONGaOSkzUYLXvOyQXJ4rwY4JzMRWbDOT53f4yzsfPlJ/wURRtWTw4ZN//vzO83tu2WUmiuQVpvz5X/83vrzpW4Nb29rEMt469qnzhGYiPzRl4f/3L2GXzz9UIEogJ4odZhK6/V3N9bu8uN9Uzr5EAkyDgfHvNrE95n0DAAAAABixzUz+9mDvrWH+/cBMOcYeP6m5+ehre3qf++SujWbS0dFpsgWe3lvaQBzrLy3+5X/977zkv3zzT2tOfzEZMyk7evxbf/Ed0y6++vU/4l8ZbF1eMX5DcX8/+wq2Z5npmwmIG1aFiEVuD8NMAAAAgDjRfaIo1BXDe2NmCbaZSf7VxyOP+K3vyiPSEv/o17J6n9t7d/JmMiW8dfW7Mj8+c/aceYatnDxVtTtrT0lpmXkGiAjMZBbxYCwe3SbmvQIAAAAAWLDNTJznHrUPPh4de/Lw0ZOqrtGvfnz7uT19Eczk3vTMBMxkYCazi9HHMew5QW8JAAAAACbJtMzkD3f2CjP5bv7d412P2wafXBt4klza91xWH8zkmQVmMuuI3Q0n5j0BAAAAAIzDtMxk8MET+bu5vrHnzrf39f1B1u3nPr4T2UxyWh6atwXmEDCTWcrDMcU/ZFaL6IIvCAYAAADAVLl5s5drCU1M2UwUdRxIS9+jL+/o6RMZY7krpV9L8BGaLHMcmAkAAAAAAJgqwyOPRKIxEwCswEwAAAAAAMBUgZkA+4GZAAAAAACAqQIzAfYDMwEAAAAAAFMFZgLsB2YCAAAAAACmCswE2A/MBAAAAAAATBWYCbAfmAkAAAAAAJgqMBNgPzATAAAAAAAwVWAmwH5gJgAAAAAAYKrATID9wEwAAAAAAMBUgZkA+4GZAAAAAACAqQIzAfYDMwEAAAAAAFMFZgLsB2YCAAAAAACmCswE2A/MBAAAAAAATBWDmVCDEkEQBEEQBEEQJP5Bnwmwhzt37pzTMVUsBEEQBEEQBJlSYCYgeoSWwEwQBEEQBEGQaQZmAqIHZoIgCIIgCILYFZgJiB6YCYIgCIIgCGJXYCYgemAmCIIgCIIgiF2BmYDogZkgCIIgCIIgdgVmAqIHZoIgCIIgCILYFZgJiB6YCYIgCIIgCGJXYCYgemAmCIIgCIIgiF2BmYDogZkgCIIgCIIgdgVmAqIHZoIgCIIgCILYFZgJiB6YCYIgCIIgCGJXYCYgemAmCIIgCIIgiF2BmYDogZkgCIIgCIIgdgVmAqLHdjP5m8xOPvE7/35lSC+8NfgwKe8mTfxv716jcp7rt0eo5O790W+42unhi3tvnO3UDoA2wpd57oM2WkCUyDv618M9Yl+Uv82+0RN4SBO02f97S6vYC4V2TaFj4Es23Bj6yq+v/U8brjhP9vGNU/7Dr64WXRrk09WtwfwLA/K+ossnOftWrvwZ5b33Nw/eG6aSwECQl/z616m8hDI0PJq+zbVmzVrKpcvNvFAsuW7d+o7Obl7Ye6vv89Jj8vZpMT7d3HLt5z9/e9Wq1bTl01/U8XVFaAHPp4Xr12+gBQ4XFoktTCd0/HRetEHab633DC+prvmCl7S1d/HFrlxtO3P2vLyiy7Vdfigfpzid0rJjP/vZKjp3WpeWl5ehh/I26Zr88pcpVE4n2B+4zwt/8Yt14vLyPfIt79t/kJZ8/33nseMV8jFEF3riUje9RxvM3vMJHY/pmvMjPNfQSE8rPaSnmJbnK/KKQSdIxyyX8PCnmGbRtF3Plzg8Ond6jnghL5EPY1g9qZSUd+QV3e4C8ZA/d6JyUnJy9ou5/p479NTT+dJe5Os/neTmubu6e8VDemb5Mb/z7q/5002HtHNXpliADv7w4SPDlhOhOrNrV6Y4Kvm1Q68vqmm0zZSN79z035KfSn6+4qF4IU8/cq2mPVorgLWET9MVphMx1SXKLukiUOjFLj+k5cVbBK9R4grc7b+3bduHvbfuyssjCIJMJzATED2xMxPyjW/t6ODTspnIjf4lhT2kBHz6/vCjXx6/zfVAbITc5n/fdJ2XvLS367BPkwfK73/QJpsJ7etfPu0RDynkJ2JamMmZjqHvfqytdbF7+KtpmvmQF/3n1OtcpWw0E96yoWbB2rVvD6tNOirkJRs2/JI331etXiPaGdTEP/HbU/KSlCNFn/HVxzOTo0fLP//8qCjnoeYOtcb4dENDo8/3pWmB6YT2a236UJO0rv4cf0jHc6Hx0vAkzITamvLDnt6+TZvev9HllwtNa4lt3rrd/+vUTbyw7+7ghx9mUAlNkzD86lcpYiPcTI4eK++8Yd5s1KGW3LvvpoonTkQ+HXoqSbH4tKgDw9ITV1NT23jxslzCY/vzJSrD/eAD0jPeDBWXVBwG5Yvauo8yPxbtb1pxy5YP7vRpLwdhJqJy0gbpvPjzvuGXv+KFNoYu8o4du8RD+fJSe5pEorWtU1RFOpgPPkinpvaw5UTo9Gk7VCv4Q3HB6QTpgoht8hLxwuGhnYoSOh6+/WmGrqS4hsPSe4VcIlcJvgqf4HWJ1z2xmL/ntjgROsI9e3POX/CJdelNxvQWwVekK0ZnJJcjCIJMPzATED2xM5Ovb2sjD+Ft/fHMhKxD1omuuw9ezmGNdVk5aBVe8vPSW44DWu/B4NAorSgWa7vzgOb+njOkIsPjmMm/Hu6p7wid5m5v/+dfsnbGG5/2kBdVXmOfwtpuJsN6i0pu0vHmzp2+gNzwoobC5s1bTEvSNG2HWhvjmUlKyju0oijnkRtY1sbWNEPNPmrOyiVkWbl5btFSp7Zs5m7WLpyqmZCGvf32L+QS61pim7+tPCU3vy43tZw8VUMTpCvU3hIf53MzoUtHF9C65ehCm3rnnXet5fLpvPfe+/JH7B9n7eFNfPHEiRMxNUNtf77kDdJ1uHa9fVi6pPJzRLXx7LkLzc3XxIr0UDRqrWbCC8kHaCLsBZlO6Opl7/lk3fp/FyXy5aXDptpCy+zclcmvHlVC8QIxnQgtfK6hkWoFf6WIC05HLryLx3rxZTMhB6PKL8+NLtMxk2G19493JYnF6N/t23cMDLI3N3pRkGrSpeMnS0tS3TO9RfAV6ZltucI++kEQBLExMBMQPbEzExIDMo3vftzZE3g4npn8n+9fv3TTMDpCeAh/eKhxYJGHfc5NJSnlt4V7kIfQZvliZClkLPTwxT03xOis4XBmwgd6iUJK74B2YOLwhmJjJm8bzYQaSQcO5lFbgZpBl5sMo9RMS/I0NDTSkuOZyYYNv5S3wCM3sGhHP/vZqs3OLVaBiS50XqZhLXRgXd2GPivenpuqmVDrNi//kFxiXYtvkwubfEbkRXyxjRvfpXJqjd303+Lr0sIUughNXxqu9nRC7T9qNJvatfLpiE4SHmoCyh5CR0sNZf4Mmpqh/Pmihe16vkRloIonagu/VvJhDKuWS/9u2vS+WJFq3dYP0nhHQVgzocpJRzusqtf2jJ3WfqSoQ+JBrWqqD2KskbW2DKstb1pyWLURUS3FifB1eVWk68k72cQFX716jbzB4YnMhJr+vDqZ1ppqpmkm5JZi0Bdf7HBhERfOYf3c6Ykur/jtsPraFKMrRWjFU6dqbLEsBEEQU2AmIHpiaibD6nit/+O967KZrCju3XcuQBmOaCZkEZT/a7P2eR43k8O+wRNX79O/vJzviyzlP6eyh7Spn5WEhqRHYSbtdx68tLfLRjPhQ8DXrFk7MKh9rkmtN2rqiVElkzQTWmw6ZiLiPuTZvn2HdeGpxkYzYWOB6s7yDNtnJmLjfF3RyKMm2qpVq/cbB/BMJ6eqTssD2yZpJje6/EePlV9uauGzqKSmppZfBHFh/T237Xq+aL/kUVR/PvuslI6WX7S0tG1UIh8GtVN5H9TWrWl8GV7r9MGHN8KayRn1xgw+TUt+8slv6Arb4lT0whlmY5MGP/44m28wrJlQeD+beFnJJ0LrDutmMqwOsbvQeCmymVBl5s9FTy/rZJPNhNc6W8xk27YPxTNOx5O66T25AogqQeLHS0wvAWEmVJfoOOmy8zF15JC8G7bmtJfXwPHMpPHiZbrCNpokgiAID8wERE+szeTqrZE/SG8TAmDqM/mPG68eazEM2ua9ImIjZCB8PBg3k5v9D8k9/uXTHj6siy/2Zzs6xM3utC+xKauZ0Oq08OBQ6C8xycyGY7f5AryEDokK7TIT3vgTrTTRpKMmFG8QkJZQA0JeK6yZ8BE445mJtXU1PI6ZjLfwVEOtvTt9zC1F6CxMipWS8g41mCY0E1Nbk5qS8g3NYdfi22S9Ih9nU7NVlNP03r05w5KZbM/Yeet2v6kp+fnnR03OMM2IMULDEc2ELhEfOcOfuDt9A7v0MxVPpTW2PF9yZaAmO/+knF9ScRj8eoq7rlvb2IuLm8mw2vlAi/FWvrVyygOuqGLTFTZVhihCxyMOhmyKH498eQPq+CU+TYdHLfLsPZ/wh/KJcG8UZkJrvff+5sOHj/ALbq0J1heObCZUpU33pUQX1/T6TOggyVjkxYbUO/67unvpyotzp1A5VTxxH5Fp+/RMmV6eCIIg0w/MBERPrM2EMhAcJcEIayZLCnv+13eu8emwd8C39I78wz5NQshMhtVbU0g/2u6whiAVkmaIhxSaFuJhNROaONMx9P1PtI8P5TvghZk0+Ye/vaPDLjMxtTZEk87fc1uM/JY/tgx7Bzy1tvmHx7SY+FR4WGpUud0Fp6pOi3IeawOLh5vPNEPNfdONs3Rsb7/9i7PnLvCHn0d7B3xb+40NG35p/aYgq5kMq4fBb8sZNt4BL8yEH5XJTGpqam25CCJbP9B6GIaNp0NP5fHjJ/j0ULg74OnATHeeWGPLoZrMhMuwuKT8MI4UfSY6fwbvDfNbyYWZ0Anm5Ox3btk6bKycA4NBqpymp5iusLjBI+rQ8XAbGVaHafFbWeTLSzWQ92lQqOVNhyceyidC69KJCDMZVisnKQ2/4PQc8ZFgItYXjmwmtOXxnqkpZTpmQs/FKt1XZTOhN4eu7h7yE/F+wi10SP12CtNbhFhR9moEQRBbAjMB0RMHMxlWv0crrJn0BB4mZN/4p9yb+84F/mh7+3/41VXRQyKW+Y8br/ISbiZ/m33j56Xs5gFeeOnm8JZToduaaVrc4B7WTCj/y8arm0/20R5p4s/0bw8TZkL5n395NdZmMqx6BW+7HziYtz1jJzUWKdTg4K2EgDruq7PzpufTwp///O0TJ07ytd57f/Nnn5XW1Z3Nyz8khiRRw+tnP1t18lQNlR85ojWz5AbWseMVfC6ta8vooGF1CBkdwBe19WpvScuw2nxctWo1ldC+hG7RMdAp8GEq/FNeMWqlTh2+JY/m4udeV39u3fp/p4e0HTEKJayZ8MPgF4RWEUIiJobVb3DiZpKb56ZDpSXpek5/NNfVa22uD7fzgxxvNBdvQfKd0lNcUHCYl4tGIVUALqKfSKO56JRtf77O6KO5Dh8+QqfP/U1cUn4YW7em0SUSq9BitIowE0r3zVt81BavnFROc+myU+XkzzW5QZ1aM2ndaTZ27/YP0vHILWza5rB6eWm/dEnpAH7965Ab0/K8f4BPyydC61JkM6HXy0r9K6rvq7f00CnQkZeWHRsYHDojjebyXfpyWJVD2gJN0zOelr5NbHk6sZqJeF3wOm+qEsPq6Lub/lsln5e988678vdN3+jyU/lHH+0+VPApXQG5NnIxG1Zfm+It4nP1+wxEJaSXG524uNQIgiDTD8wERM8kzYT+biEIgiAIgiDPVKxtwgkDMwHRYzUTa6VEEARBEARBkKFJuArMBESPyUys9Q9BEARBEARBTLE6CcwETBeYCYIgCIIgCBJdYCbATmAmCIIgCIIgyHQCMwH2EIWZBIceIgiCIAiCIHMy1rbfhIGZAHsYz0ys1RRBEARBEAR5ZmMVEpgJsBmrmVgrIoIgCIIgCIIEx/ETmAmwB5OZWOufKfeDDxAEQRAEQZA5HGsL0BqYCbCfCGZiraYIgiAIgiDIsxmrnAg/gZkAewhrJta6iCAIgiAIgjzjgZmA2GIyE2sVpNy7P4IgCIIgCII8g7G2DK1+AjMB9jCemVjrpZzBe8MIgiAIgiDIXIq1yWfKeH4CMwH2ENZMrBXRWncRBEEQBEGQORxrg3A8OYGZAHswmcmENvLXH9ap8SIDg0MIgiAIgiBzJtaGX1hLscoJzATYQ1gzMdVFa8VFEARBEARBnoWMpyiyn8BMgD2YzESuWAiCIAiCIAgypURjJjkutzOd4jHPiC8NBe5ucxmIKzATBEEQBEEQxK5EYyZXqqo8hWWudLensCJMjl7oCJpXmRSPBzu8VWmkPS5P5ZVB81wLMJOnDswEQRAEQRAEsSvRmAmnqdij9pyESX6jeeFJEHSme/LPa0LSUV5E2zEuYAZmEiJ41VVy1VwYe2AmCIIgCIIgiF2J3kwUv9fqJFGbyfWjh8v9xqLGigPnx+j/zn0NF0tK0lzuwmZW7NnLjChtd5lsJvlqYbne05Kf7nl04wyVDLBHo9m72dzMgjOT6ImZtTwNOYGZIAiCIAiCIHZlGmaiXLU6SdRmUrXP3WQqun3GdbSD/u/MrnJmlX1W5WsKkA6dce4sa2puqa86mZahmUmwscJ18HST74K49SWfPMTlqT3no+m+mpKcYxeafL7s7Kqmx2Lrc5DC3e44ywnMBEEQBEEQBLEr0zETxeokajyF18xLTkh5tnVoVpOzgNmKM/2wKPK4QkO8yrLUVZpPpulC0n2iqPw2myAzeaAvxszkRFzb60+PsYH641Xdo+bimAEzQRAEQRAEmV0pvjbyu3v6v5IVj9COrAcQIdMyk+x098XW3gd2dESEHc2V36iO5kqvEGXZ0s0nfDTXQE2JM71oINDPww8m33SPymh/fpbbdbCh245DnamMpWWUlV+L7ssHogRmgiAIgiAIMrvynyz+ENNYDyBCpmsm5qKo6Ti9Qx27pROsPeiuH2ZTspnIfSZaNwvrMzEfhtlMGGO0WHZNv7l4rjBwviLOWqLATBAEQRAEQWZbrPIQ01gPIEKmZybb3fnGrwyWR15NlbK9bDBYuddXX3WaJlyF2o0nspko3V79PpMq+T4T586S+nO+zwpKeIlsJheLD9f6Oq77LjhdReZumbnCwPnj8dcSBWaCIAiCIAgy22KVh5jGegARMi0zIX8ok/s5hn1O6QYPMOeBmSAIgiAIgsyuWOUhprEeQIRMy0w6zl0wldR6n5F7zQEDZoIgCIIgCDK7YpWHmMZ6ABEyLTMBzzgwEwRBEARBkNkVqzzENNYDiBCYCYiep2gmX3xR9+KLL77wwgvHy39rnYsgCIIgCIKEjVUeYhrrAUQIzAREj+1mMn/+/K7uHmu5KXf7733ve9+zlj+VJCQk0PFYyxEEQRAEQWZgrPIw6TxouWItnCDWA4gQmAmInqdlJo0XL7+14qfW8vhk5kgRgiAIgiDIVGOVB2MedLQG//Uki3UWN5OsfuUftJJglde6BUOsBxAhMBMQPU/LTE6eqn5aZhIcepiQkGAtRxAEQRAEmRWxyoMxETpGLLNOjcJMwEwhpmZC7rH/QO73v//9V1+d/4//6HjhhReGhkep/PDhop/9bNWPf/zj9993pqVvoxIqp8VIGGjJH/7wh/Sv2CBt5ELjJZpFW6Dl+S7+7d+W0tZoMfqXCkvLjvG90GI1p718xXv3R+ghlW/c+M6LL77I16XQBJXzXbe13xhWR3OJ3dHq/DD41iorq8Qserhw4U9eeeWfaBZt8KcrfyZmIQiCIAiCxC1WeTDGrB8bbj6pvzy08Mxox5jCZ+0PKNpc7yOYCZgpxNpMfpWykQxBPBTacOK3p+Q+k1/8Yl1e/iHx8N83/DJzd5ZYi3xAzBpWdyFcgpSGpl9//XX+sOnLK6+9tqD75i15eR5ZP0x9JqZZXJ+G9Y2L46fp1jZmMta1EARBEARB4harPBgjRnPd5yUDyhNtVukozATMXGJtJvL3br37bioJCZ82mckrr7zS2topHp6qOk1z+V3pNCFLy7C6i3nz5omHZAi0ZT5Nux5vONlkzOTW7f4f/OAH8qwf/egfb3RpW5OlxboRBEEQBEGQ+MQqD8aY+0wUYSb6LJgJmInE2kwaL14WsyKYSYLx27FkwTBtZFjdBSGv+0nOPuuKvktf0qwf/vCHfLjXZMyEdiRvedi49/HWQhAEQRAEiWes8mCM2UxaFM1D/uTyGMwEzFxmiJkkvfpqhD6T6MzkhRdeuHVbey3xe07kVeQNiod9dwcj95mEXQtBEARBECSescqDMQ9ES08rcQdHHivKw8fHzw2bzSSrf4Bm9T2wbCQU6wFECMwERM8MMZNfpWwUdjFsuc8kOjOR+2GuXW+fjJnwaXFjifU+k/HWQhAEQRAEiVus8hDTWA8gQmAmIHpmiJlQfvjDHybo38314x//WJRHbSbvv+988cUXFy1atGDBAvpXFokf/egfk5KSFixcWFX9Bd+CmMW/B0x8N5d8nwzMBEEQBEGQmRCrPMQ01gOIEJgJiJ6ZYyadN25u2foBNff/+Z//+U7fgCiP2kwGBoOkHzQ3MTGRNvj3f//3YpUzZxpIWqi8rv4c34K8/czMj1944QUqpOORy2EmCIIgCILMhFjlIaaxHkCEwExA9NhuJgiCIAiCIEhMY5WHmMZ6ABHyO83BZgSJLjATBEEQBEGQ2RWrPMQ01gOIEJgJEn1gJgiCIAiCILMrVnmIaawHECEwEyT6wEwQBEEQBEFmV6zyENNYDyBCYCZI9IGZIAiCIAiCzK78J4s8xDTWA4gQmAkSfWAmCIIgCIIgsyt/WTBg9YfYxXoAEQIzQaIPzARBEARBEGTWpfjaSBx6TmgXtCPr3iMEZoJEH5gJgiAIgiAIYldgJkj0gZkgCIIgCIIgdgVmgkQfmAmCIAiCIAhiV2AmSPSBmSAIgiAIgiB2BWaCRB+YCYIgCIIgCGJXYCZI9IGZIAiCIAiCIHYFZoJEH5gJgiAIgiAIYldgJkj0MZkJgiAIgiAIgkwpMBPEnpjM5N79EZ7Be8NyBgaH7vbf67s7+BAAAAAAADwDjOpQI7A/cJ9ag6KhSLkffMATHHpos5kcO1vbcM9ciDwLGc9MTHJCdZFqJNVLXkHNNRcAAAAAAMxyhIqYoBZgYCBIDUKTk3AtsddMvtya7naqKb7xZcPJIprIOH7WshgyN2MyE17JZD/hMZkJAAAAAACY2zzSoUagMBOrlthnJvfOcScRycjysH+P1puXjHuc6Z9aCxHbE9ZMrH5CdZFqJNVLUUcBAAAAAMCzgBjKFVZLbDKT21/k7zFoSchPojOT1uO07q4T5+RCV7p7zxnLkpMIzCQ+iWAmsqLATAAAAAAAnkHGxsaoESibiewkNpnJ9ROyiqTvOGSLmWTlFjvTPaGSezW7Pv08zmZy5kShtRAZLyYz4dUrrJxQjaR6OQYAAAAAAJ4lhJlYnWRoeJQyXTNxuUIe4iqsZoU9J0NyklVWedu8ysRpPb6n5mSWyy1KfF8Uf3r+eJzNpDAndADIhAlrJlY/gZkAAAAAADybcDMJ21tig5nI3SMUUZ5lLC/rM684QVpVCWn8POf8l+xhd/ku2viZEm4mXxz9lLZZ0liTs9t96Lq6wJmS/KOf5hz9bVkLW2BPhnvP0d+WnDhaqW7NmX4off/RU03V7Ab9gyfVXdTtOlJe0lhXfKSQ9+ocynI7dxxia9WWa301gYt0Fg03zzf00y7OOTOKjjXWHCpAL8q4iWAmJkvh39BlrqoAAAAAAGBu8dgItQCpHWgyE+4kNphJ840vWJteN5CtB39LhU3tvxUlGUe/qDn7hXmtCcPNhKTCVUz/5me6t35aI8zEmV5YeFNb0ukqYRNnSrK+uKSvXuPMPyVvLaRMZ0qs/SfOrOPN3EyyynkJTfOJPSHXYmbSZFwRMcVkJlS3rFoim4mppgIAAAAAgLmNbCaykNhkJrxNb+whkRP1fSZcQlhXCbv33ZPfwrxCNxN5F5qZHGrV1715wrTTkI2EzOTynpxP0zPULQgz0X0mnJk0H9p/yPnhp1+w/hPpOBEpVjPhgZkAAAAAAIDHupmMpyV2msm+8xdD5fcu2GImvpqiTztrtC/pCpnJpyEP4ZHNJFht6TMxm0l6SDkuTdJMeMryD4nuGsSU8czEFKqL/Bu6njx5Yq6tAAAAAABgrvDEAv8lkziYiXmU1Bdl7G6QaZpJc/BL2oiPF4r7TI4XUuGh6pMl1ce3Fqg6YTATdp9Jzgk2t7CTPbSayZ4P3fln6xo6a12uQxHMpOSgO6e69ljTebKdnKO/peUzd7i/sB4toiYKMwEAAAAAAM8OcTOTIlO5TWbSvFW6S0ToSoOvfKvL7XQdOnT+PJ9l6EXp+YLPrVDvvLeaSdNV7ZuOD/kuRDCT5ttf0DJbj1Q3B8+71KFfGQXsRhokbGAmAAAAAAAgAhHMRHaS6ZtJ+GQcP2tdBZmTgZkAAAAAAIAIhDUTq5NEbyYIwmMyE1GrYCYAAAAAAOCJZCZWD7EGZoJEn/HMxJT4m8nlExWX/ebCp8qDJY6XE156+bK5PPY88tPVMBcCAAAAAMQYRYUagfeDDyL0k8iBmSDRZ5JmQnWR/xI8r6CROfhGQkLCax9s/eCDd996+SWaTijrNC8zIUteSnhla525NDYkJCwyF5m5lvlqQtl9c2ksOf9ejT7ZWUBX46E8EwAAAAAgXsBMkDglZmbynvbgYU/ZhnkJG04YlphhTGwmd4veSki4ay6NJS2ZITMBAAAAAHh6wEyQOCXmZsKoTpi3nf2/82DCpupQ6aaEg3pfyrXPt7/MOlcSXlm2/u4YK1lED7SFq1/5+Np5z0Y2mCrh5e2nevQNMDYue4UWfNmxqEddi7jbUrb9p2ztea8uuabLxMF3l7DFXln01taD+qohQmbSeXD90YcndrzFDuWllwsuqb0kt8+/9nfqwRFvaKvTXlh30MvzTnSHOjNor6Ri1z7fSAvSUXbup4L19y8VsOP+yVvqIg/f+gl7VHAhpDlNn++dp578K8s28pK3XuMXg8GuUOdBdcsa1fv5pUjY6DkfKtyUcI1dDbYl+WoAAAAAAEwTmAkSp8TaTK7V7F3jSKjm46DGM5Nre+e9q5ePaQ192UxoskkfSUXloj3+WkLCNW3xhwla2/1awryN2u6oVP33xIaEvW16yf0wQ7JkM2FSoTfr54l+EqMbKBe2J7yhupairHeQw3DrYMc276UlmdxnNDNJeK9Gfdi2N+Hll19+aQmfRVsWQtPZqZ/DuQ8S1pVphfsXSaO5Qnsv+mnC+s81N2v6eMm8D7WLQRczQd+4MtZJB6JNAwAAAABMD5gJEqfEzEx0/u619Xt06xjPTGreW5RjvhPFaCahdnbZOtHTQjaiKQHxwbyEamYU1QmL9pq2RcejzhoXo5mEtpn5aoJ2uAYzeUiqs/2S9uD+0fW6FLFj3ngqZD7cTHQD6aHp1/Zc4w+2z0sIdw/N+YRXM/nUeGZCMhbawdg1OtoiVZ7oYs5LD3WhiEMCAAAAAJgmMBMkTomZmYjRXA+vud9KWFLAJsczE0V55aWEl197a/vnTWKuwUz0MVTswaYErcmu9m/I8K1tZMO7Et7aoXU+MO43Ucmid8OM4+IYzEQ6QjoR7QhlM1GnpXtOOvcu0gTG0K+im4l4SHsR58tkSS+/21S26NVXXtEGjGnXbTwzMXWGsPPazzYqX0xeHnoAAAAAADANYCZInBJ7M2FoDWVju1/q/VAZu3vt8+20ZKflPpNxzUQqN3G3pYy5ij6Ii3jYXa3evRFmmNNTNJOmHfPmhfZYDTMBAAAAwEwDZoLEKfE2E3E/iaJQg95gJioFP014r5ZNTGwmY9UJLxn2YqLH81bCZsOYqfvnPnhNvTfdxNTMRKl776XQvS7KcNn6BHb3uRKVmdBF4MOxGGOTMRPDLujh+qNsvBjMBAAAAAAxAmaCxCkxN5Oxu+c/XpLg4PeLX0tImKfdEc7u0g5jJtXvztt+gU1MbCbqTRfidnPlofnW9vunNoobxDXa9hq7OzSmaCbsK30THNoJmu6ADy0zOTMp+mno1pT3HKHr9vDo+tB9I9Ley9YlLMnRbvs33QEPMwEAAABALICZIHFKzMxE/aXFrR/w78Mt0EdVzWOPXqby115OKEifpzWma95bso4t/MHWjQn6Hd6TMZPOwjW01Ea24vqXtbZ49SvL1vNdUwn/kq6Dy+apy3zAvudXfIGVxJTNRD2RRes+2PjT1xJeekVzrajM5GHtewkvsQvywbpF8zYUhIxu+AStS+Xszht57/fPsyv42lt0ygn6yDcFZgIAAACAmAEzQeKUWJgJAAAAAACYM8BMkDgFZgIAAAAAACIAM0HiFJgJAAAAAACIwNTMxLw2AJMGZgIAAAAAACIAMwFxAmYCAAAAAAAiADMBcQJmAgAAAAAAIgAzAXECZgIAAAAAACIAMwFxAmYCAAAAAAAiADMBcQJmAgAAAAAAIgAzAXECZgIAAAAAACIAMwFxAmYCAAAAAAAiADMBcQJmAgAAAAAAIgAzAXECZgIAAAAAACIAMwFxAmYCAAAAAAAiADMBcQJmAgAAAAAAIgAzAXECZjJNyrLczoMXzKVgdhG44Lk8k+t2a2aV31xm4Uqpp9tcBgAAANgAzATEiViZyWhv5k6PM929Y19FeVO/eW5c8TtdJaFHjRXlE7fxpkDVPrezsMVcCp4emelup5q0j0r6HpvnhifQcOD8pOv2JAgdw86S3lHz3KnTuqO8y1xm4UqJp8NcBuKMvzzbXXVXf9RY4UwvkmdPh4YCvVJllQxMsmJPg+4TRXx3emw7EQDAbARmAuJELMzEk+F2ZlSYS58a/pyCipz6oPbIRjPxe+kPdnaWOy27hCYaYt9WAJOBrEBMP63mFB1DfqM2/Vl2TF8OHZkn7KrQYPowM0kTNXB8M6k96HYWNJlLI0JmoveJjTnTDxvm2YEr3KGqfjL52jsy1ZMCAMwWno6ZBG9crfX6HqCB9SwRAzPxO3PO9JnKhlucuysGAr2ZJC3ZXkX9K1t2sKw30Hu96niOt8VTdbXDdzLT5X7Alm5y7T5c39o7EOiiv/FqiZJd6KWS696KHcfUD4/9XtdOD5VcPFbGW2YHXFproD7PTQfAp1X8tMCB7W5NTXQzKcwp6wj0D9xocrqOK/zzyINVZec6QscT6NePZ8zpOuzxdnT4TqeZ/u4+9qcdaajM0TcOZgBGM2HdZfnpbtF8582sB5crco41DdzuyCn1sVK/l4uEM8Pj2l5ET71nt7thWF3hbkPa/tO0pNPF221+tSb3lxdWVHYYtsMrKkc2E0Xpr9qntikfX1XX7aJKm98YFJvqaL5QqXZ2sD7GAu9Fn6/+LjukwhMVrp0l9efoCJu04/d7d+z2NN3ory087FRPcyBwYcfRVtpIcFS0XEdYda262tt6QT9mdjyug6f5CwomE0uYmShBX5pbrVfCTPxnqBax96sTx9l7yOORz7LczrwL9MTRzMIMd632duehh7QFUcfkTUtmolXyzPQiqiSFVb7rd5XuyqKcY77rt/vL3YfV2sWqfc5RttNKt6f2ctWOrJO0C15tmG9sN1SSR8F+OlTa6SN9FxyDmagVuFZ91+W7oPPi1Ymd5uORgUCrOCkAwBzjaZjJHZ/WafvRafMsMHeJgZk0pRVfNRV1HDtcyxvv3V7+N5X+yn7WNqYWUbuf/T0m+qpK1J6HJufuKl5CfxeNXRxjXGxYf4WmH6yE/mA3HdGGsuSku7OrZDNiZhKs1/+UWvpMxPHoH0Najqfj9IHzmnqkGT+q7C4vqqRGZNPJzEq09mYKupmMBm9ccKkD7axmQvXKcEuGMJN0j6dJrZZayQiJbrf6YQ35J9dmSTks29ExmolysdDdoL4KGrR6NObcfdq0KWXYt+OoNBqLavj24/ryITPRb2oaaSjw8BeLODWt5dpxWvQQlmVrYk/Hw18SrJ7zVxCICaqZqBWJPdLNhGrRdf0jP/4ewvRD/5iDnmg+wd/E8o2VRyCbCX+zYoMG9XXFRzOKElRrF9uO9kZKRpFRwU2bqrGij9TiS+dv1ybCdu/IZmKpwAwmNsELeiX0o88EgLlKvM2E/shxLamfzphov1f+NE59RwvzTjc92Ps+P9TsEvVDqWnjHOfPwDNCfMwkX/oYm/99Nf6V1T+T07Qh1NgS0+UFJS71xhVhJuJZo9Ub2P+70o7QfvuceYZPr7mZ0P+y+V9u3Uw6vFVpLq0uKcYWm+l4xPBusTCYyVBzbYD1hl2tr6py7mX6ajUT8haXy51dqLfRhZmolquiVjw/E2nx1KvVTCnM9qRll+kD/Y3b0TGZCVWhBt5SDIW9N/JNfeZlQkJvmHz7GlINl80kVKhNm81EfmWJ2i76kaY4OAdMFc1MWFcbvQ3qZiL34/EFJDNpkt9e2PM12GKsYxqhNyKXh99AJVcz+Wnlu5OqfUgYePWQq4GoeGH/XstLWiswI+gTXXMwEwDmMPE2k3ypiRY98TKTynO++nNnqFmpf34zLZwwE5vNpMO5r2HAWDRNMwk2VuwoPNN0gw0SGN9MFDYu6+4Z7TPvEJqZdFcWFTaPKW1VbBeP/c6Msl51DAw/tshmcoVaunq0WWCmIrcCs81NNOnJHe3P/si9o0S16IhmIp56faDLWHlBkXNnWVW3WtP07cjvRkYzYe9avephiE0NBAbVWWxT9FZGm4KZzAl0M2E1zUPvNvzmjchmwsfj8eijqbU6JtZS1GdWfSMaFCOu428mlgqs0DlqHUQMmAkAc5Z4m4n4XFD90zu6w+X2XDYvMzHxMhP9726HM/tMr2FuNAgzqdo3PTGbncTATFjvhDNbG47FocqgjeZqq9qhm0AEM3FuP8kLusvZaK5yfVAKG5Ywvpk0HfGU6c0CCc1MFLWe7zhYxnbRWPFZmzabC3kEM1E6TssVG8xwrGbicbldJa3s8eMOU7tcW3g8M1FHc4X9BEStMKHbmWg78num3GQ8oH8hRMexw+VcZiywTVlGc4U1E30QY7DBrY3m2qEPT9ReU36vGM312e7QaC5eAjOJMSEzUbq99G6zQ/0j2FDgEaO5+EAsZib8XhT2kUr4P5T0hMp/4AzOqSJXMzEoSx7NFdFMtOUPTGU0l6UCj7HhZI879Bvw/OKkAABzjPiayaCvo75M6qV1G/5ATp7xzOSx3+k6XK92dIgPV5wfnSwrLKLCnJ3upsYKV1YFTevvlezjQ/YZOS1vfsuWzOTuGX3UUFd2yZmBG1ed+hsxOUYlu6GwPyfD3fGAvZOyPwOuoqbmqyRdfNS4QDOT0eAB/oGQurx8APy92JlellngpVPwZLlrr3kLq3y1x8q0+7PV+wJp4zQ3p8Z87/cMJxZmQjzqbXJtV+vSvqqLAVZSX8i+wCq7xMfHIUQ2k8wTrexe+XT3gRO8QdnHR155zvVGMBMmq4Z73zkhM6G/oNRW4w25A7s9TpdnR56XtyQimYmi9J6ryt7NxpJlFxo+1wYzEPE5i3O758qg2pB63NegVj+qTmnqk/ug+TRbwOW5yBcY10wYlQVsXdde/gG2n1fsfG/XI+t2dMQxuIxf8FpfwjbFanJNh9hU2s4S3hsjqhm7IX4cM8k/37eD1sooodcCn+fJZjW5sCn0muo9d5K9fFyehjvaUcFM4oVkJqoZiuZ+ed5h9iaWUaJZY7CVSpz8eRntZc+p+nXA9AelvqBE1DF9S4zIZkJ/N9l7Gm1kb6iLI6KZVBTuYwcghnD3nT9JD01dHqYKQxWYHyqrwMGm/Aztyz+uH9XuJAydFABgbhFXM6E3lxyv/2Ixe0PhmeyPAJhQv0TVGPam3FdVot/rzJyhSd24U9ymfK3KmVXFP0+q3e++rrARutotAfRHd7v+YbmGbiajQVKa0NfGq1TmaJ9iuvR3xgf1ZeW32QQdSRn/sKfp5IGzhuY1+wOgvrnLI47kA3DmsQ+BQu+2wQv825zoL8GVksO1w6Y2xCwjRmYyPeTRXFNh2Jddg9FWYO4ym99qwMwBggoAmCrxM5N89ZNpHv65XfSM02dSGOplZsvwtqP0OXeoGcoHvDYVa7fj8xg/o9buM7nYqn1eqDKav4/1TbOoH3uLr5MnM6liH9iz7pRQjANhw5qJYXn1HVzq6ZaG0uqfqXuy3M6PSgrVO1lnF3PGTAYCva7Qt9MAMBeBmQA7gJkAAKZKXMxk0Ce0JK3AZ8Nvyo5jJtp3+XMaKwqb2f8jmMlATUnYAa8q8n0mGqKHhP12FR+QE2zl55V9lP84d780SMPMOGZiPoDIZqIx2iVukJgtzEgzAQAAAAAAM4V4mIncW2KDlijjmklfTQn7TiQVaTTXuGbCR3OFu+lUCWsmTt0o1BuvmZl0VxZ1GL/92Jnu0X7OwoIwk88+MozmMi09KTNRz8vweMYDMwEAAAAAABGIuZmwO8I/qrryOOiM+q4SK+OYCXGlqoIpkMtTe0Nr8EcyE8ZY/l42psul38ynE8ZMHt1oYN0+u8uC9WXcTILnjwvpKr+m7vHxoHYMGYebjHenCDPhPS1pJbybJXQA5U18+Nn4ZjLcwW9YdGYU2XYx4wXMBAAAAAAARCDmZqIMar/4Puta0hPzuEn+CXD+HbVgPGAmAAAAAAAgArE3E0Up3Fdi18+ozyxun8mpDzWg09QvjwfjATMBAAAAAAARiIeZzGHEjwa49pZN9wvH5jowEwAAAAAAEAGYCYgTMBMAAAAAABABmAmIEzATAAAAAAAQAZgJiBMwEwAAAAAAEAGYCYgTMBMAAAAAABABmAmIEzATAAAAAAAQAZgJiBNPy0wciRnmogmo35aYbC4DIBxtFfuSEpMdicmL304fNc+0h5a9Kx1vFphLbcKx6oi5SFG6POv5qyYlabl53jTwupK7zGVTI1Cx2TE/zMuZDpj98O2zyB3HsjxzWdxozE4taW5p7DSXT0R0NWGF5W05a5G5JDKBxtJdG6huJ69OK1crOXvl6lnvMf2y8szAeJDJ2+rMCwAw94CZgDgx+83ET38Ylua2ise+rOVUEvoT21cqzfV7VvG/Jcu3zMkf8wFEsN6RtLyipqa6pmbLhrXmubOByGZiL5HbozlL1puLJk0YMxmpTLWcgsNVbyqZ9bTnORJjU/FGKs2X1AK9AUZ4Qq2I6x+5JoyH1Uymii9r7YpNeb5G34r5ybc7G6rVV64jMVWdaOia6G9O2/7YXOqI8IOszkndUsImWkK/7TwuKzx+cxEAswqYCYgTc8BMVm/NWJoY+hTZkZSxLfQntjV3WfK60FxmJnyK/p6VBfRiMIdwWOtJsLk4LYXK1+2tUR+zutRbk8k/pqXHgZLUCr1qj1amF/exVRbOT05alppVe0dRG9ldAV9SEtPa3LODitqM0/xhoiUZt2pYyYKVrANHPxi+fIixO7QdKt9Ve0dsWV5SmAlrC475dr0uTrN1YSbT7N7afbTwirRSXroicX1vLTvH1FNst+veXE7C1hLU1vHuZFumfbXsXyu3R/lGkhatp8I2D1uG4lVlqWvsDp1F9agSbK/kh7p6J7ueIWXip6l9kJzBzCTQIF2KQd6R5RAfHARqti1jnyM4+FN2qyZrw1qa3lLSLI6HzpSfnUqrYzPbIzuXxOSFb+vvId1HxIfW7DjVZ4euHu2uTSuOK/TUUI2q1mvUisQUnyedneaCtYExpXh9snjjqd4sH2H9trOjqxctd8xfyasl0VKSwVZMWu69pZgvoFrxHMaKNHrpCF9G7WoY4qsv3bCPz7VeFnH9qd1Mc9vay9XVl1e0a32N/FKLSiVIVavT0k1HUtXnjl5QweYjqcuWL81tVd+o7zg2VerdlUOO9aXslNXqkbRKe9asB6PUZoiXoeEPhP4S0x7yajZ/ZTWdY3sBP/6n02tRlyF36Zhe1/zh4rfT6SBXLNCeuNDSAMw2YCYgTsTCTByLVi5esL4tMLjtzWSvukZXUUpKbk2gvd6RuHJb3RBbRv3DszopeXEG+8SOGluLf51XfcXvzd3MP1vatijZ8WZmIOBfvSi5a0wRZuJ1rSw2jFPw0/KBUr0d0Fea2x768I/+8DuW5UntzpCZUCHMZC7id2zQWnUCR1J6BW+RdxaknhridcnHKpX4XH9QWytQvk6tZo7XtYaRL3N5m7rYuhKtwbEtiddDzUwmXJJXQl7Cl/eqB8OXFywUrZZgpdiyvKTBTIhL2VmX1LlZy1nLfaRmRb76wugrVc+RLcZXJ1LVIyHWMVEZUpr3pVayZWhfNEs2E1N3jSNR6zOhRtXCNO51IfgLTRyYI1FrO3rTWOPbeinCdfv49c/sh+gqtalPSrA2g17FAv6MKOqnCfSsiXPhq7D/hzMT7Wo8BfhRDVJznD+mJ0K807DLO+YTvbjiiqnUO17P5lNatWzP054mRcldlTxq7IYyVTyBePdbSs81X32sk4xuNPxlEdefzd3VqJXyOha61Hql4lRsTObPlKJWDEU1k1x9w/yNmp61daXMzOnNWX2nHXKs4qMf74Q/GJLYt6WXiVRPxJmyGqIqt5il6Lt7Okhm0pa71vi6rjfKUj36TMBsB2YC4kRMzCRxufYXTm8xiL9w3rTlvDHB/vB0HlnoqudtJ/MfbyV8a5L9eUtK0RfkMDOhZhlvA9GfhzbpbzPtlzUCqLmptZB0MxkbJSmK0R0I4KkSammFSkJNar9jU6Wh/01vW/A2IvkqVTy2WEYDn8+6UHpYi1B4LK9CuplMvCQ1yqUWmHl5gdQUGxpvywYz0btKtM6Ts5n61lr5ivIwG0ei9qrJWZJMc7vy13u1luVQxSajmSSuDOiNTvWhMJMwI/5ZB5HBTNJ5uTAT06WIaCb1oas0Vr94f2h8Jh0hf6lmqWcqDkmdVkfyhDMT/QTjTl8pb4OKAV3GJ0K9UEt4E3yQdwHp1C/MYk8oQ62WzEP0s6DpihHZTMzVQyDe/WhfYnV6amj1cJfFYCb67rXmvqg2olJxtkhntFg3E1HCp5mQq25WvJ4/fQ2ri7SmuSMps8HyHG1blNxrqHiinoTOlI6HzpTe1X3Sh0ozw0z8xWu0w9CfjlbHm5liQZgJmAPATECciImZqI0DFe3tOPRnpvsI/ztNDSB5KLblj7fhfVxtqLHWpCMxWf8UWKCaCfvImW1todq+1P82t2qjCEKtBGYmgcCgN3Olpj1grjEkPnjWCV+XtMd628KXuTzAPujlUl2/Yn8z1ROe0THDZ9VGM5l4yRWGoSbm5QVyZ8V4WzaaCTtatrDa/mMtV33hQJA1BY2vqXSxKZorGq+K1JAVtFTscyQu568PyUwyxHktTEz2tQ8G7o2azGS0vdTBRoKl7KphF9x6KSKZiWQXZr3UOxn4mcpb0M4xnJmYTipetDL308dc8X45y5ub1lgnDeYL6EgVVa2WhrMQrqI9NlcPQchMQu/D7Hk0b1DDYCZirm4mhmqjzzScEZ+2mokYcKi9HruPpFbomwoM8T4T+WBMDXfpWQ5zpoErlUl0edU6OjPMhL2lWJ8OT1qK443NfAGYCZjtwExAnHh6ZpLcsF/r/lbC/PEO35qsuF652mMejcCXpAYBW1L9DFL7m3c9TzQR9AG+ep9JsDL08SSYWzikm45UJtVnojRm0wS1otTGorwKw9rI1s1k4iW3JBr7TCxjojiOpNAnrONt2WQm1MCl9p/WH1iXIYbTcIyvKcMAmK789eIDcG+atbWqtOWn8PFU4cwkNE6pIcMwmsu319DfYr0UkcxEaRivz4RQB3rV8zON2GfCupu6LK3e+NGYTdqm3R69P1UMqxPzNYU7lV49EhpZqmM2k96ilEh9JuNUpJCZhOszsVyWyGYS/vsP5D6Tcc1Etf0u5Y52m9CY1CemEu5gQkj1JPyZjrYXcF+dGWZifTY1ti3iXUYwEzDrgZmAOBEfM9mm361bsUkbcy/aWOtKWWvD+sc7NJrrep40mouNBzN+0KiZidJXunrNej6L/82TxqOr36TJNhL6+0GHhF6TuUnnEUfSSv7dXLk72fgiz5pkxxubAwF/ivGeJYY0UtyxbK24vSH3zeRdJTUtZ2sqPJm88T2OmUy8JB3P6qTk4rPN1RXa8o75633tfr68oGxD8q6K5t7A4K6fLhdblpe0mokyUrN02XLxUTa1iStoLzWlu86yh/JrKnAqffGv83rbfbmbUtS5d2jLfF8LFxm+ymnd3tJAYDB348oG9bWekpTcFhgMGMyEplfSum2NpXxdcWC9x1K1DwLmr+wN132kNO+jg6R15YGUjqQUemoUtQ2X9NPMQKBzaZL5tcneN/Thl8G6jBU7K1t6Bosz1vKb1tjpLKLnd3Dbmyufrpmk0huafmuNwi5UanFfmDc3NpFkuPtIxWwmCltsJV3/3is12ijW5n2r9/v4BeQVz1qRxLl3eVL46vRs8s9zwl4Wfv27bg1ZzYRXG7lSaVzKpvJAT3N17mZ+f1RYM1GU1qXL2PBaTuqi5NyKBl9NzQo2mMt0MA2ymSsGMwm9xNZtKmVv7Bv20RWgXW87y579io3JFe2DvaFvx/Jrn030HOHdNQ5tqLBWvprqp1RevIbd8c/Lfaps84+xqJzfxyXK+W0zopwh3wE/1mp8XTd4Kny8MquzBx2L0umhvjQAsw+YCYgT8TEThX+XS+Ly4mbtNkrtD89YZ+4q1lgM88d71F+tfn2Q/H1KfIGFicu31IrbMXUzYStqw8PUv3nsPkt9GTFX+mSL/pCsKlDbqQCAaTNSI27XVtQ3AWnedGnLXWsZpDe7IWnBN3AAAGYRMBMQJ2JhJgCAZ44e+UaRIXXUnG1se93wm0WzHz//fioAAJgtwExAnICZAABsgf+AQ9KitavTbOwwaaBtqr/mMUcoXpOctEz7EjMAAJgtwExAnICZAAAAAACACMBMQJyAmQAAAAAAgAjATECcgJkAAAAAAIAIwExAnICZgLkLfkMAAAAAsAGYCYgTMBMwd4nSTPTf5QRgqrDvJS8Tv61RlzHejxXOZurlX7DFiwWAZwSYCYgTMBMwd4naTOZeaxLEB2Ym/McHGeObyeLE9aEf6ZuVTOHFJf9MJwBglgIzAXECZgLmGrdqkhKTF76d6b3VrDWebtVkbVjrSEzeUtKsLzS0etFyR9Jy8XW0Dle9Z9Nax7K8NpgJiB5mJt605V7+I/aSmaxjPzVL1ZL9jGybh329shr2sKUkg03PX9ur/vBrcVrKwvnJVDk9l0K/XDnzMJhJb+0+dgpJy1vUE9fOKDE59bCv2sVeeiy2/vgmACDOwExAnICZgDmGI0n7sYhgZbraeBpivqG2+YK1GbntitKet1T/VDt3VTL/wTt5UMoKtb0IwNRhZqKw6rSSPdLNJDVJ1C5WG9UF9D6T9rwttZqBLExcSy1+6QcrZzKSmYzUrMjv5JPr1NcReb6+GAN9JgDMAWAmIE7ATMDcQv4oV53uln+b3E9tJq9L+vi2LoM3EOUPdFckZYppAKaCZiZKX/nCLJ8wE943wlnB2+66mbDaaLxnI2sV613JrZjhv3kfeqF1edabTqFhb4pjQUpqbiVfAGYCwBwAZgLiBMwEzC1sMJMtGHYCokQ3E95tcj1v8STMpCUwGNDDlxntrk9KSi7T+iFmJgYzqbCcgteTsWJBckopOweYCQBzAJgJiBMwEzDHcLyutQJH6zLMo7kq09loru4jvHVI5CzTR3NJNuI7O8M/rgYzlpCZKJ0FSzelr1DNZNvrYUZz5XLxaM9b7QmvII41VCdH2wLqg1F/QK3DDY1+tcaGKeePebmow74etnhvY4NcHrjeIMrVlfyinK+llQda+atDL9d3yjCM5lpoHL4lcCSmqP9meNWDBADMXmAmIE7ATMBcI3QH/JDWeAr42N3thjvgR813wEtm4khSbxIAYMpIZqJ6r7gDPlW6A15ht4xnrliQ7FiQzaZr1NvHE5PX7SynLSxewKaT3khhVtB9ZPFeH/2/qygl65LCxGb+5oq+8OVsu3q5VodHGpI20jaV1UnJcvm2RcminG9ElHP14OUNGSvZvkS5vnEVwx3wgUulSeoprN7EvGv1G+xkHQtWtqlm0+JJXzo/OWkD2yMAYJYCMwFxAmYCAAAAAAAiEEMzuVjodqZPNuaVwZwDZgIAAAAAACIQQzNpKGDKkVZ8NVT0eKT+nO9ia7+0jCcaM/F7XQVnaFP1VadpXf597jHlgMu9o7zLXDo7CTaeNBfFBZgJAAAAAACIQIzNJKOo73GopHC31kNyRcjE476GwpIozCTzhDbwlNymrMM41z6cBU3mojlA8KqrRNLFeAEzAQAAAAAAEYitmeQ3So/bqpzbj5NVlGeTnJRIM5TpmInS7c2s7KX/02aVwRbaFJeJ4LUzaS6mRgO6GjldFVdOlLlc7rTdZfTwwG6P0+XZkad/x2Cw1bWdWZNW0nEm+6PQSLP8dLe+x7HsLNbPk7az5JH6uPtEkTP7TGUB86sDJ7RvKRm4coatu91T38u/cWSG8TTkBGYCAAAAAAAiED8z6a0sosZ6r2YmBhWZjpn0VZUUqt+CQ5vNz3BXnvMNqOVp6Wy69liZM9vbrcqJM70ss8Bbe87nyXLXXvMWVrG5tNgDdXlal0rqz/lydrrLu8eU0eBA4IIz78JAgI09E2ZCHrLD7aXFKguL0tQeFWYmZDgFrFCcCG22/tzV+qrTVXd5wYyjcLc7znICMwEAAAAAABGIn5kolyuc28seKCPdl73O9MPSjGjMhPdmUDILte8WJDMJjepqPpnfqH2rOROhfewr0qW9+J0HL/CpB/Vl5cw4rsoDt/QunSZRKMzEmV4kFst3sQ0yM9ELaZp/GTuZSfeDGf616mMD9ceruuPXpQMzAQAAAAAAEYitmbj2nZZLMl2aTrBOCY3RXh/TDHmxiZFHc+mw0Vw6AzUlqm8w2O0u208qBqnwhzyksYItGWiQN+hM96j/D2smFWIx2uOAZiZaoTATNt3MBnQ1xeH2/GgYS8soK78W14ODmQAAgE2w3zNxiB/uqMsQv2diImeJ9hvws5A71TU11TX7FqeVqhM15vkWUvEb8ADMfmJrJqxPo1JSiMHWzKyS/KNaf4WiNevNg7smZiIzGafPZHwzmW6fSRgzIR7d8Bq+mmzGMHC+Is5aosBMAADANpiZLEzUf2xxfDNZnDh7zYRj+KXFyLDfgDeXAQBmGTE3k0nGvHJkJjQTRXG53JXnrtaeOC7dZxLBTBTPTnafSVNrx4HdoktnxOk63HubjREL3WdSWbLD7b3e7KssKQndZ2Ixk8yDpzsC/ZWFRZ7LM66FPXD+ePy1RIGZAACAbai/AR+sWZim9iToZtJVlJKSW9PSM+jZunZb3dBocJDKc5oHA4Ehhf0u+9rewGBbXd5CVz1twfFmZsUVf1tjZXG7YdMzDIOZOBJXtgUGe69UOtYcYQ/VMwq0+7aUtI7eo5NNr6CH9+I3ShkAYDsxNBMAZGAmAABgE6qZKErZhuSGkZCZyD0njsS1vIT3mfQWpYgu/VTW2dJKZlLdM/Mb8ZKZnM0s7tEmc5aw0yczkU8AfSYAzAFgJiBOwEwAAMAmNDNR+soXZvkkM8kQS6xQx3oJM/G6kh2JoVBJ1qrlNJFboX3Z/UwlZCZdnvWmU2jYm+JYkJKaW8kXgJkAMAeAmYA4ATMBAACb0M1EUYrXJLd1HlkxUZ8JNeu9Yb8wMlDj2DzxzeVPD6nPpC4jt9MwT2Ns0JGUrsBMAJgTwExAnICZAACATYTMROksWLopnZvJttf1QmXIsSxPUc1Ea8235632hG3XK+o9G6NtAfXBqD+gCkxDo18dKBWmnD/m5b6zWpeLTx0Y1tvYIJcHrjeIcnUlvyjna2nlgVY+KEsv13fKkMxkpEa9QyYMjsQU9d+M8PYFAJg9wExAnICZAACATUhmoig5y5JFb0nqm2yM1sK3tWFdvbWZKxYkOxZks+mafXwc1Lqd5bSFxQvYdNIbKcwKuo8s3st+HKyrKCXrksLEZv7mir7w5Wy7erkjaSV7ONKQtJF9hfHqpGS5fNuiZFHONyLKuXrw8oaMlWxfolzfuIrhDvjApdIk9RRWb2LetfoNdrKOBSvbVLNp8aQvnZ+cJL5MGQAwC4GZgDgBMwEAAAAAABGAmYA4ATMBAAAAAAARgJmAOAEzAQAAAAAAEYCZgDgBMwEAAAAAABGAmYA4ATMBAAAAAAARgJmAOAEzAQAAAAAAEYCZgDgBMwEAAJtg3xpcpn7TLkP/Dfi5Rb38i+/8R98BAHMemAmIEzATAACwCWYmDvHDHeObSc4S7TfgZyF3qmtqqmv2LU4rVScm/qH6VPwGPACzH5gJiBMwEwAAsAlmJt605d6g+kgyk3XSLy22eVL0Dgf2sKUkg03PX9ur/lB6cVrKwvnJjqTlnktD2lZnIoZfWuytVX8sMml5i3ri2hklJqce9lW71monu+qIWB4AMOuAmYA4ATMBAACbUH8DPlizME3tSdDNpKsoJSW3pqVn0LN17ba6odHgIJXnNA8GAsw9HElrewODbXV5C131tAXHm5kVV/xtjZXF7YZNzzAMZuJIXNkWGOy9UulYw/SDn1Gg3belpHX0Hp1segU9vKf+IDwAYHYCMwFxAmYCAAA2oZqJopRtSG4YCZmJPKbLkbiWl/DRXL1FKQ36rFR2z0YrmUl1z8xvxEtmcjazuEebzFnCTp/MRD4BB0ZzATD7gZmAOAEzAQAAm9DMRFG7EZTreYs1M2Gjtjgr1FvGhZl4XcktgcGAHr7MaHd9UlJyWadYaQYSMpMuz3rWJWI8Ba8nY8WC5JRSdg4wEwDmADATECdgJgAAYBMhMylek9zWeWTFRH0m1Kz3qreXmAnUODZPfHP500PqM6nLyA0rUWODjqR0BWYCwJwAZgLiBMwEAABsImQmCmuRJ3MnCdZlrNhZ2dIzWJzB7jOhkpSk5IWbKwPtrHHvSFxe3djZe6Vh1wZqxzd4KnxtgUFfSebqIr9yNtOxoTxApRnJ60oH2V0oicuzLrEBVPwbwORytku9XPsy354jjteztSORylfTQ72cb1yU+9hqWjnJFduXKNcPRsVwn8nCxOSKs8297b7cTSn0cIunMhAYbGss5bed0NzV+3293XfE8gCAWQfMBMQJmAkAAAAAAIgAzATECZgJAAAAAACIAMwExAmYCQAAAAAAiADMBMQJmAkAAAAAAIgAzATECZgJAAAAAACIAMwExAmYCQAAAAAAiADMBMQJmAkAAAAAAIgAzATECZgJAADYBPs9k7I+/VFdhvwbi3OFevV3WkIxzwcAzEVgJiBOwEwAAMAmmJksFI318c1ksf4b8LMWwy8tRga/AQ/AHABmAuIEzAQAAGyCmYk3bbk3qD6SzGTdm8sdickL386g6TZPit7hwB62lGSw6flre8fYksVpKQvnJzuSlnsusV+Ln6kYzKS3dh87haTlLeqJa2eUmJx62FftWqud7Cr2e/AAgFkKzATECZgJAADYBDMThfUSrGSPdDNJTRJDnoYcy/LUBfQ+k/a8LbWagSxMXEst/m11+rIzGslMRmpW5HfyyXVqf5HDVa8vxkCfCQBzAJgJiBMwEwAAsAnNTJS+8oVZPmEmvG+Es4K33XUz8brM92xkrWK9K7kVrWKVGUnITLo8602n0LA3xbEgJTW3ki8AMwFgDvB0zOQ3B493dt0yl4I5DcwEAABsQjcT3m1yPW/xJMykJTAY0MOXGe2uT0pKLtP6IWYmBjOpsJyC15OxYkFySik7B5gJAHOAp2MmznR33iHtQw7wjAAzAQAAmwiZidJZsHRT+grVTLa9HmY0Vy4Xj/a81Z7wCuJYc4QkpS2gPhj1B9S7UBoa/aPqY2s5f8zLfWe1LhdfD1u8t7FBLg9cbxDl6kp+Uc7X0soDreq+RLm+U4ZhNNdC4/AtgSMxRf03w6seJABg9hJvMzmQfyIzu8RcCp4BYCYAAGATkpkoSs6yZHEHfKp0B7zCbhnPXLEg2bEgm03XqLePJyav21lOW1i8gE0nvZHCrKD7yOK9Pvp/V1FK1iWFic38zRV94cvZdvVyR5J6o8tIQ9JG2qayOilZLt+2KFmU842Icq4evLwhYyXblyjXN65iuAM+cKk0ST2F1ZuYd61+g52sY8HKNtVsWjzpS+cnJ21gewQAzFLiaiatbX5nuptSU8ve4aJF24hIfqN5CTADgZkAAAAAAIAIxM9Mzp2/ykXCtfOwkArzQlOh+0SR1h8MZgMwEwAAAAAAEIH4mQlXkU/2H+vqvr17TwnM5FkDZgIAAAAAACIQczMZHf3/27sf3yauRP/7/1uklVa6UiUrVW61jSqqKqilZVEpzwpUKdXz0FXdvTa+OCzhxl++ufxK/GDFSbBwIeaGNeHGBDAEUz/5URISkm/wloCTXVMghDvPOXNmxuOJY0KwJ7/eLx3B+MwP28nJeD4+Z2ZeLy+/0cxkYh/HJerF3OKi78iRTHz+8GBmPH420jmsbj2ltRyPZR89i54Uz9sjHw8nLlyKtZ5PDd2+6Q1cbj0eG7qdGbwU93bI8azRYLj/diY7Mn7hrL4wqo1kAgAAgApqm0zsZ4P8/df82C8zXvOqXPZZ6zvtpCSZjFyNjhiTIof0/WrNELKdqnNmOBH52aiKt4VfmrNVbhHJZGiOo+EaIpkAAACgghomkyfzCyJ1tLVfbA3JsVstrTIAqGTy6tVrMSHqxVwxEWjpcq68BvZksjBgDA/TS0+ffiWPoZ8u+wK2E1qGE6pe6AsVB5IZPSpPMnLJ47F5dfFCVBvJBAAAABXUMJn879OX/u3fz6vp6Zm/q3igkklP7L+NtKBpz5+/tKbfiaPPpHO45DLmD37q6n+qT/12t30tycQUD4Wz9seoEpIJAAAAKqhhMunqHbAix8DgfXsyuZS4Zc36ZeL/VCGZaFogEI4mM0O3b7acujmraS+HE77T13MTo95gV8vRtyeT0Ml49tGzhUfjLYHiQC9UEckEAKpE3s/EY92440bQup+JQ/tu4x7wW9CTawMD1wZOfeq7qE8MOOevcJh7wANbXw2Tyb37E179HJK+/0pbQ6pUTXZkWkyIepVYqpJMXucycuxWIBIdmtOjxVLrUflwbLEwePbtySR53hgPdubSqDULVUQyAYAqkcmksd682eLqyeTT+q2bTJSSOy1WJu8B76wDsMXUMJloZrdJ2ewRi6esWf8s/OaYi+2HZAIAVaLfA74w0OjTexLMZDLT09x8bmD08WLkLweO3Hi+VFgU9e0ji/n8c03el/1ALr84eaOjMTAktuD5sjUxNjc53N/7sGTTm0xJMvHU75vML+bG+j3fdMuH+jvKP8z8GJtY+od4s/6EePgPzhYFtrDaJhPAQjIBgCrRk4mmxb9tSr8oJhN7z4mn/oCqUX0muZ5ma5TBYdnZMiGSybXHm/8g3pZMbrX2PjYm23fLty+Sif0N0GcCbAMkE7iEZAIAVWIkE22+r7EtY0smQWuJvfpYLyuZpAJNnvpiETVtX+8RE+cSE9Yqm1IxmcxEDjneQvpks+fj5sPn5K0INJIJsC2QTOASkgkAVImZTDSt95umyenuvW/rMxGH9amSC1ia8gOeH95+cvnGsfWZ3Aiemy6ZZ1he9DT4NZIJsC2QTOASkgkAVEkxmWjT5z//3q+SyZFPzErtueeLDk1PJsbR/MOO/ZGyx/Wafs7G0mRef7A0l9cDTHp4Th8oVaZePVb1mVtGl0tGHxiWG07b6/MP0la9vtKcVa/WMurzE2pQlllvPqlkSyYvBvQzZMrw1Dfr/wbLpy8AWwfJBC4hmQBAldiSiaa1f9Fk9ZYc/lKO0Wr8kzGsKzfYuvfjJs/HITk9cEqNgzp4rE9s4dOP5XTDZ80yFcx2f3oyo+nn0Lfd12Sw+eiHxHz5erlds97TsE8+fJFu+E5ewnh/Q5O9/siuJqtebcSqV9FD1aeD++RzWfXmxnUlZ8Dn719s0N/C/u9l7tr/mXyzno/3TerJZjTi//yjpgbrYsoAtiCSCVxCMgEAAEAFJBO4hGQCAACACkgmcAnJBAAAABWQTOASkgkAAAAqIJnAJSQTAAAAVEAygUtIJgAAAKiAZAKXkEwAoErkVYPj+pV2JfMe8NvLkP2O7+qm7wC2PZIJXEIyAYAqkcnEY924Y/Vk0r7buAf8FvTk2sDAtYFTn/ou6hNvv1H9Ye4BD2x9JBO4hGQCAFUik0nKtydV0B/ZkslB250WJyPNZoeDfDgaC8rpjw7k9Bul9/qaGz9q8jTsidx/bmx1Myq502JuUL9ZZMOeUf2NG++ovulwV+Za4IDxZr/utpYHsOWQTOASkgkAVIl+D/jCQKNP70kwk8lMT3PzuYHRx4uRvxw4cuP5UmFR1LePLObzMnt4Gg7k8ouTNzoaA0NiC54vWxNjc5PD/b0PSza9yZQkE0/9vsn8Ym6s3/ONjB/qHeUfZn6MTSz9Q7xZf0I8/Id+Q3gAWxPJBC4hmQBAlejJRNPi3zalXxSTiX1Ml6f+gKpRo7lyPc1pc9Zhec7GhEgm1x5v/oN4WzK51dr72Jhs3y3fvkgm9jfgYTQXsPWRTOASkgkAVImRTDS9G0F70PGpkUzkqC1lr37KuJVMUoGm0fxi3ixqmaXZoYaGpvi0tdImVEwmM5FDskuk9C2kIsG9Hzc1X5TvgWQCbAMkE7iEZAIAVVJMJr3fNE1Od+99W5+JOKxP6aeXOOUHPD+8/eTyjWPrM7kRPFc2RC0vehr8GskE2BZIJnAJyQQAqqSYTDR5RN6kMknhRnDvsf7Rx4u9QXmeiahpbmhq/KE//1Ae3Hvq91wbns6Npf/6rTiOT0cSmcn8YibWur9nTrvV6vm2Ly9qg00HLy7Ks1Dq97TdlwOo1BXA7PXyKc1642K+j7s9n4SMV2Kr3y8emvVq41Z9Rq5m1ItwJZ/LqjdfjK7kPJPG+qbErZHcw8y575vFwx8j/fn84uTwRXXaiZi7/3QmN/vEWh7AlkMygUtIJgAAAKiAZAKXkEwAAABQAckELiGZAAAAoAKSCVxCMgEAAEAFJBO4hGQCAACACkgmcAnJBAAAABWQTOASkgkAAAAqIJnAJSQTAKgSeT+T+Lz56EbQfo/F7WJIv09LsTjnA9iOSCZwCckEAKpEJpNG62B99WTyqXkP+C2r5E6LlXEPeGAbIJnAJSQTAKgSmUxSvj2pgv7IlkwOfrnHU9/U+KegmJ6MNJsdDvLhaCwopz86kFuWS/b6mhs/avI07Incl3eL36xKkklu8JR8Cw17RvU3bryj+qbDXZlrgQPGm/1a3g8ewBblcjIp+Pxh32m+1NiJSCYAUCUymWiyl2CffGQmk8MN1pCn554vOvQFzD6Thx0/DhoJpLH+gDjiP3LDXHZTsyWTFwN7O6fV5EG9v8gTGDIXk+gzAbYB95LJwth1byAmpxYnvP7wwhvnAtjeSCYAUCVGMtHm+xrbMlYyUX0jyl517G4mk1TAec5G29eyd+VcYsJaZVMqJpOZyCHHW0ifbPZ83Hz4XL9agGQCbANuJZM3iyKNjKl+Z00buxTznrxesgC2O5IJAFSJmUxUt8mDjk/XkExG84t5s6hllmaHGhqa4kY/xOZUkkwSK95CKhLc+3FT80X5HkgmwDbgQjJZbgmEvcG4s3pp5n16TqKnenxis4FI5ErWOQ+bEskEAKqkmEy06fOff+/fqyeTI5+UGc11TgWPhx37I+UjiOebbvGRPJnXHyzN5fWzUNLDc0v645X16rGqz9wyulwyj+XiueG0vT7/IG3V6yvNWfVqLaM+P6E/l1VvPqlUMpqrsXT4lsVT36z/G0zpLxLA1lXzZJKOdgXO3pxSe51SU8m490Qi/eTddySzKe+xWOTK3aHkdd+JpHMuKioMX3VWuYJkAgBVYksm8oi8SY3mKtwI7j3WP/p4sTd44MgNeVZJc0NT4w/9+Yfy4N5Tv+fa8HRuLP3Xb/3iwzmSyEzmFzOx1v09c9qtVs+3fSIOpINNBy8uiu2Lhdvua6peK62XT2nWq1FV2uNuzych45XY6veLh2a92rhVn5GrGfW93zTJ57LqzRejKzkDvrG+KXFrJPcwc+57GUV+jPTn84uTwxf1cCXn7j+dyc0+sZYHsOXUPJksFJa8/oTx9Uip9Pnw7FJh4eU7J5O+UHjlVRC9IXpx1yp6Iuysqj2SCQAAACqoeTIRKiUTZ92avPw54T2RGJozD17fvFjIT3jbkgv5Z5rsE0j4/OH+25nBS3Errnj9l73HYkO3b6anxPJz3kBPdmRcDjPbqXlGhJNAbNxZW0skEwAAAFTgajIZup0xys+yc3bdycQ4d8UfjqamzJo5K2NEjoa9Z++qaRFR1IRYOG2efz8/EIvP6h012avWAjtOYdzlnhOSCQAAACpwNZmICaNGTxHvkUwML+fuGlcitiUTr7+nzxyVKp5CnSAvKo0qTYselanGKlb9jrJwJ+FbeVmCWiKZAAAAoIKtnUyEdiNaFJOJzx/uHDbOXekLhRf0CXsySZ6qwvNuaSKW9P1idiG5hWQCAACACrZ8MvH6I/r/L7xtRjKJBsPeU8aJLbbRXMVkMj8Q6xx2+7h8M1l2ubdEIZkAAACggi2ZTNKxmBqI5WuLWQkjHe0RNTl9+nUuI+92EuyZN++XYk8mwlgyIbcQ7Go9v/POgC/MOGtcQTIBAABABW4kk+KJ7yvKS+ey2LZIJgBQJfJ+JurOIdKNoLqfyUrtu417wG9BT64NDFwbOPWp76I+MeCcv8Jh7gEPbH1uJBNAI5kAQNXIZNKo7nKoVUomn9Zv3WSilNxpsTJ5D3hnHYAthmQCl5BMAKBK9HvAFwYafXpPgplMZnqam88NjD5ejPxF3gN+qbAo6ttHFvN5eT94T8OBXH5x8kZHY2BI3s39y9bE2NzkcH/vw5JNbzIlycRTv28yv5gb61c3fVfvKP8w82NsYukf4s36E+LhP5aKawPYakgmcAnJBACqRE8m+pG6fGQmk8MNZi+K9tzzRYe+gNln8rDjx0GZT4TG+gPiiP/IDXPZTc2WTF4M7O2cVpMH9f4ij4xYRfSZANsAyQQuIZkAQJUYyUSb72tsy1jJRByaW0vsVcfuZjJJBZo89cUiatq+3iMmziUmrFU2pWIymYkccryF9Mlmz8fNh8/1qwVIJsA2QDKBS0gmAFAlZjLRtN5vmianu/cayaR4tolHdowUk4k4rE8ZN/oqlR/w/PD2k8s3jq3P5EbwnNFlUmp50dPg10gmwLZAMoFLSCYAUCXFZKJNn//8e79KJkc+KTOayziaf9ixP1L2uF7Tz9lYmszrD5bm8nqASQ/P6adrlKlXj1V95pbR5ZJ5LBfPDaft9fkHaateX2nOqldrGfX5CXVqiFlvPqlUMppLP0OmDE99s/5vsHz6ArB1kEzgEpIJAFSJLZloWvsXTVZvyeEv5Ritxj8Zw7pyg617P27yfByS0wOn1Diog8f6xBY+/VhON3zWLFPBbPenJzOafg59231NBpuPfkjMl6+X2zXrPQ36iS4v0g3fyUsY729ostcf2dVk1auNWPUqeqj6dHCffC6r3ty4ruQM+Pz9iw36W9j/vcxd+z+Tb9bz8b5JPdmMRvyff9TUYF1MGcAWRDKBS0gmAAAAqIBkApeQTAAAAFAByQQuIZkAAACgApIJXEIyAQAAQAUkE7iEZAIAAIAKSCZwCckEAAAAFZBM4BKSCQAAACogmcAlJBMAqBJ5PxOPdeOOG0H73d/t2ncb94Dfgp5cGxi4NnDqU99FfeLtN6o/vOIe8KlAk2eXvJeLNNu9t754Exi7ydMH7HdNAbCBSCZwCckEAKpEJpOUb0+qoD+yJZODtjstTkaa1a0VPfXy4WgsKKc/OpDTb5Te62tu/KjJ07Ancv+5sdXNqOROi7lB/WaRDXtG9TduvKP6psNdmWuBA8ab/brbWl4kk5nOQ+em9Qe2ZGL/KWkPz5s/JTnX8VOyP4VaF0BNkUzgEpIJAFSJfg/4wkCjT+9JMJPJTE9z87mB0ceLkb8cOHLj+VJhUdS3jyzm8zJ7eBoO5PKLkzc6GgNDYgueL1sTY3OTw/29D0s2vcmUJBNP/b7J/GJurN/zjYwf6h3lH2Z+jE0s/UO8WX9CPPyHfkN4nUgm2vK05+vz8oGZTBw/JW3p+eH6pr2nR/L5RWub5k+p5CmszQKoHZIJXEIyAYAq0ZOJpsW/bUq/KCYT+5guT/0BVaNGc+V6mtPmrMPyAH1CJJNrj4sH8ZuVLZncau19bEy275ZvX8QG+xvwlBvNJf7NtO3rnS0mk5U/pSMimejPsuKn5HwKALVGMoFLSCYAUCVGMtH0bgTtQcenRjLRhyfprKNwlUzEMfpofjFvFrXM0uxQQ0NTXA122qSKyWQmckh2iZS+hVQkuPfjpuaL8j2slkyERvHTeNFvhI0VPyUrmZT9KdmfAkCtkUzgEpIJAFRJMZn0ftM0Od299219JuKwPqWfOOGUH/D88PaTyzeOrc/kRtA4Y8RhedHT4NcqJpN0cF+iMHTkbX0mq/6UzKcAUGskE7iEZAIAVVJMJpo8vG5SR9uFG8G9x/pHHy/2BvUzKDStuaGp8Yf+/EN52O2p33NteDo3lv7rt+IgOx1JZCbzi5lY6/6eOe1Wq+fbvrw8gm86eHFRnoVSv6ftvhxApa4AZq+XT2nWq7PGtcfdnk/kJbDkK7HV7xcPzXq1catenU6u6kW4ks9l1ZsvRldynkljfVPi1kjuYebc983i4Y+R/nx+cXL4ojrtRMzdfzqTm31iLW8lEzVXPfvKn1LiuybPLn8+rzpe7D+l0qfQ36b1Cos/JefbN39Ktnr9JRj19rev6W/fXm/9lIwfy+Nuq17/FZj1JT8lYPsgmcAlJBMAAABUQDKBS0gmAAAAqIBkApeQTAAAAFAByQQuIZkAAACgApIJXEIyAQAAQAUkE7iEZAIAAIAKSCZwCckEAAAAFZBM4BKSCQAAACpwL5k8nHp8KXHL6w//59nLt++MOWdjuyOZAAAAoAL3konIJPbS91+3nUtgWyOZAAAAoAI3komKItmRaXvl8bYLotJeg+2NZAIAAIAKap5Mfv7/pv736UvOWp2oF3OdtWsTPdXjC4S9gUjkStY5D5sSyQQAAAAV1DyZtP6v2Mz/eeKs1Yl6MfflyyXnjLeaTXmPxSJX7g4lr/tOJJ1zUVFh+KqzyhUkEwAAAFRQ82Ti9YdHxh6pAV1WZcf/22/V/23gnm3xNekLhWeddTWUPLXdRp1FT2zAOyKZAAAAoAI3kklP7L/LJhNVfzZ8xbb4mgyeDWffOOqy3vPGsK5Of7j1ypw+EZlKJeRTByJjBX3ecMJ79Org+Zio7ExOWCv36zUtHamxxWW9Ihsd0V4/uikqF6bkv47Xv+UVxgOxcWdljZFMAAAAUEHNk0l/cljlkJXJZGX9mi23BOSK0ZR1mkrZZFIMMD71LMMyqBgr9Eb6n+oT3ZFBlVvejEeD4Xm9zuuPdA6rWrkdNbGtFMZd7jkhmQAAAKCCmicT4dcnC//rP3+yJ5CLl4bEQ1G/3mRieDl31xuI6ZPlk4m1ZPq8PgBMJpMesy6rFgvZX8BwIjpSnKVsy2SycCfhC8adtbVEMgEAAEAFbiQT4dWr1wOD9+016iLC75lMhICx+tuSSXhFMnmT2cHJZFnEkr5fjE4hd5BMAAAAUIFLyWQ1759MvP6I/v+ct/2mPrHstSWT9G/GYvbRXC/1mnTYHM3VG0nqE/bRXPZkcuH4e73CzUfGEmdd7ZFMAAAAUIGryeQ/z162R5En83I01zrOgE/H5AnrovjaYtbX/mNX4l79LPa+UDGZjCVXnAHv71Hnu9vPgB/SN9jScf3eE+MMeHsy0QoT75+gNpHCjLPGFSQTAAAAVOBqMrFOebeXe/eLCaG6yozCKjnPBK4imQAAAKACV5OJy0gmmwrJBAAAABWQTOASkgkAAAAq2M7JBJsKyQQAAAAVkEzgEpIJAAAAKiCZwCUkEwAAAFRAMoFLSCYAAACogGQCl5BMAAAAUAHJBC4hmQAAAKACkglcQjIBAABABSQTuGTtyaTw/BXJBAAAYKcRR4DiOJBkgpp7p2Qi4rJzfQAAAGxr4giQZAI3rDGZ/CbDyavCc5IJAADAziKOAMVx4MqDw7KFZIL1e5dksqTONnFuAgAAANuUOsNkjR0mv5FM8D7eNZkUnr968XLpf/7HuR0AAABsJ+J4Txz1qXFcJBO4Ye3JRBW9ab4SbVSddkKhUCgUCoVC2X6l8FydW7LW00usQjLB+r1rMvnN7DyxRxQKhUKhUCgUyrYpKpC8U1eJVUgmWL91JBMKhUKhUCgUCqVsIZlg/UgmFAqFQqFQKJRqFZIJ1o9kQqFQKBQKhUKpViGZYP1IJhQKhUKhUCiUahWSCdaPZEKhUCgUCoVCqVYhmWD9SCYUCoVCoVAolGoVkgnWj2RCoVAoFAqFQqlWIZlg/UgmFAqFQqFQKJRqFZIJ1o9kQqFQKBQKhUKpViGZYP1IJhQKhUKhUCiUahWSCdaPZEKhUCgUCoVCqVYhmWD9SCYUCoVCoVAolGoVkgnWj2RCoVAoFAqFQqlWIZlg/UgmFAqFQqFQKJRqlWonk18nXjursG2RTCgUCoVCoVAo1SrVTCaD4Yj3ZKz1ypxzRu15/QlnFWqPZEKhUCgUCoVCqVapWjK5dynuDURea9l1JpO5lNcfDiXn7XUt/nDnsL1iVe+UTKLB8IKzDutBMqFQKBQKhUKhVKusJ5kEAmGRIkrK0a4HT5f0metPJmfCl73+rmLNm/FQ99WqJZPs1Vln1TZSGA/Exp2VtUcyoVAoFAqFQqFUq6wjmYyXxpJYbvGFbW42cP7m2JNlW83azKU6hzJnAmGr4uWty/3ZVLWSSbY3sp2TiaZFTxR/dK4hmVAoFAqFQqFQqlXWkUyypcnEEQn0ucFkaeUazOkhZORqJKunmqc3Q/6wNpxQyUSkFF8o8eDX3Jlj4fRvsmb2Sk/f+ciFZCablw/Vy+gMhqdUz00h6z0Wz46MBgJh3/ms9ubFhbbwWP7ZQv6ZmNkXUgfxc2LCF+gZup2JnAjHp/S6N+Pe0FWx2NTthO/8Xb1qyxDhxOWek3Ukk+e/LZnlVeE5hUKhUCgUCmVbFXGMZx3vrTwUrFzWkUxqNZpLhRBv4LL4N34i7Oset5LJysVEMjGyhE4kExFL0gXjYfSo2YEwl2r1y2kRQqw+E3syyZnLeUWA0TebNhfz+nvMya1ieWHocnJW/SLc8E7JRDXQwvOX/yy8/Mc/X1AoFAqFQqFQtmsRx3viqO9d88l6kommH9yrTJJbWnpwOxU51SWmxxaX3z+ZyK4See57lwweVjJZnOiPxX16IrKSiRUhNJki5AuwHoZKg5O2ejIx64xksjAQ6zNfvvfoVXPu1rBwJ+ELxp21tbT2ZGLGklcvXi79z/84twMAAIDtRBzviaM+vQvlHcLJOpNJp3HQX9Kr8F5XDTaTycuheP+v48ZFuoxk8kKEhOwbfbHJ5CrJJKFp896gMbSs2GdiWmMyEdqP6m8tGNtaN2YRsaTvF7PPyC3vlExE03z9Wv0WAQAAsP2JYz8VTlYeHJYt60wm2d6I1R1RYt13WjSTiaYti82+VJNmn4moaYnenRq56z3RtXoy0QrDCSMXFbLeQGTodqb/p8uhEzFRMXWpq/1Sdio/8/ItyWQ00DthVm4ZC3cuux9LtHdIJjKW/LNg/FYBAACwQ+jDul6Jo8EVx4dlyjqTiTZy1acnk7QcwVUNxWSi+azAYyaTez/F5MktgUhuaapCMtFTTdeFSfmShmIx8fJ8x3pCMf1E9jfzajBY7i3JROYiVXwnr5pzN73CjLPGFWtMJqrDhGQCAACw06hkssZuk/UmE2EpdyGWWthew3Na/ZHigzuXrXNOUNbak4k66925PgAAALY1dTZ87ZPJdhQJhvtHZhbyz3ITo2XGqqEUyQQAAAAVkEzew+JEQJ0BfzTSP7bonItSJBMAAABUQDKBS0gmAAAAqIBkApeQTAAAAFAByQQuIZkAAACgApIJXEIyAQAAQAUkE7iEZAIAAIAKSCZwCckEAAAAFZBM4BKSCQAAACogmcAlJBMAAABUQDKBS0gmAAAAqIBkApeQTAAAAFAByQQu2fBkMn16158HnJU1dfbgH+rq6r776alzRu3985cb/3TWAQAAbGokE7ikVsnkcVwc/f/+ww8//NcPP/wXOWk/Iv+g7s/WdBWTya66OmfVCq9+OvSH//jFWVtLdZ+dNSdf3fjhg/PT9pkAAACbHckELqlJMvnntT976j5sjlsV33xYt/t08ZC8buOSyZ1//+DoXWdlLb2yJRMAAICth2QCl9QimXxVV1f3u0OOSlH3StN+iXz1h9/XKbv0rKKSydE/yhFWdf/yYdbet/Lq8S7P7+t+9/vz94u18kD/6Y2T+vK2RSV7Mqn719and8+rp/qq5Zpe9+rQFx+YT24u+erxbo+s+y5y5+myUXft+zr5yp7eEDP+PCgrPvyPX7Tlx3/4l7q633+gXuH5/3u3vuUrxjpiS9PXdn0oN/V7z67H+qZu+Hf9/nfG06n0JbZ81gxoT0fj6l3v+uNRayPa9NlDP7260vKVfK7SNw4AALAhSCZwSS2SiTjaFofXjsqzn9W1jqrJaUefSV3dB+ajf1qZIX6wzqr/s6eu51djCXEk/8G3cXXo71CSTOrqWs3D+pOf1Vn9JPZs0PPH4lNk/0MmDWuZ3bvrxLMYy2nXZLbYrbo+5Cv8/e/r1KZPFt+U9s9Zc5DY8uO6ug+NabGurc+k+Ox3j9Z9dtSIYY/jdb/7yniD02fF9q1390Fd3QacDQMAAGBDMoFLapRMVg7QEgflZuWKZPLVeevhh2Y8+IMIDf47avpp5CvVwaLpG58uF0u0FcnEmn710yFrdXsykR0W/5cZP5Z/af1DXY+eA8QydZ+dtD2LSCYfWglEphSzR+hp9Kvd4cfWchbbs5dPJle+rTt636qWy3/w7/qblcnkK6u+9V/rVHcPAADARiGZwCWbIZnYFxbpQgUHGQDsvjcO0evqdhWXLlWaTGyLDfzZWt2eTEQcKDnn5G/fqQBjX0Yn04VVscv2YsSWrcyj/TZ96At9OJfOXLx8MtlV2hlyUm5U/5mIZGJtXO9oKn0lAAAAbiOZwCU1SiZWd4flUF3dNaMXYq3JZGW80TZtMnkar/vdbnORt/eZkEwAAMBWQTKBS2qRTOQZ8B8Us4dSp58Br1trMil2R9hUNZnUfRUtBoRf/uNDdXrMepLJ374zhmPp3ppM/vy7Ont0E7Gt7l9b5RTJBAAAbDIkE7ikFslEXTX4Dz8Ur1v1XclVg1/ZTnlfNZnoZ8AXzwV//JsxUcVkop5C5SXHGfDvnEzkGe0n9apXv7QXNyXyjv28keKWR1vrPH++pmKR4wx4kgkAANhMSCZwSU2SiW564Ky6Ru/vP9x1bbbkUl2P/+vfRP0f/iMrF1slmUjLT7/a9YFY8sNdX1kRpYrJRFp+uls/N+TfSq8a/M7JRNOu/EUGkl1/PHrtsfad7ZXcOS17RNQt5+1bfjV75egf5cZ2H1SRRkcyAQAAmwzJBC6pXTIBAADANkAygUtIJgAAAKiAZAKXkEwAAABQAckELiGZAAAAoAKSCVxCMgEAAEAFJBO4hGQCAACACkgmcAnJBAAAABXUPpk8HY9EE6rMvzHq7l1Jqpp7T8w7O2C7I5kAAACggponk9krPV5/WJW+WaOyJWDUtF6ZK1ka2xfJBAAAABW4l0xKQ8hyucp3Ne89cd1Zh82KZAIAAIAKXEkmgciZ6GWRQzrvLOp1yz4ZSyKBwHslk2xvJHoq7KzFZkUyAQAAQAU1Tya5/p7IcMFKI2Ji4U5CpZTCcKK1P+dcYY3ejEeOhhcGYkO/OedgcyKZAAAAoIKaJxMbFU5kMTtP1m+oI+w9lda0F972m0bVcCJ+pSdy5W56Sj7qC4UjycxQ8qo3lJrVz7yPt3UNjcwsPBoXL8DaDlxDMgEAAEAFbiYTbeqScc7Ja+ecdxbyh8/ckgevPn+XUTWc8AYT1gJef4+a8JlLWvrbw+vtqcH6kUwAAABQQe2TyRvjEFMN4joTvWwO65JemtcRfkczKuGoklUbGU70FU9akR0jxXI+K6pyt68HgkaNeZEwuIdkAgAAgApqnkxqcQZ8tjuij9hSZrwdmZeaI5k884ZSxUWEyWQoOa8mB8+STDaAO8mkcxMO1ZtLdQ4769bOa/UKAqsQu9m0s27jpc+zp92kLhwzvhwENpOJ1uR6jgmxzbiSTIy+i+KuUPWfeNd71eAzgZKjT68/1v/UkUw0+9NJPyfO3DHu6hgK8Hm5AWqRTKxusVDUON2o2slkri8UTj41Hw0nrFGC7+D9kolvHc8IVyyM3ZTN72ik5VRxHKkr5lSzD5yMq5Gx1U8mwwlf77j1SPwV2OatFcmkthYnfIGwNxCJXCn+ptYoGnyHX2infQCCOQYBO5y9SeifjCWNxFxq2Ru4bF9Lkct0ZBw1+h5soqVvxl6PncnFZBIoRoWC2Y7XlUzmi2e965KnwvLGJqXJRHuz2HosIp/ifCqrH1l2huRD34l4YSjO56X7apNMeoxf+mwq8JPsSKtFMvFZ23Q3mai/moC/Sxx/tJQ0bmwGOe/pu866GghYjbxozjw6LHj98cHfapJMOkPhB+ZoW5LJZpPrFx+scWdtbWXX9XmN7ck5LEUr8/n48tblaHfEGKxi4+24XPL98tT1SHQde7CpC8fXs1/C5lfzZKI9HY9EE6rMm59z964kVc29J0Y/Bra92iYTcax2Kr2gJxNf29WFfK4lEPbpR2+z/T3tlzILjzRDiiUAAB+9SURBVLJ94a5OeQFrrdUfDhyLDE3k7l2Km5+1y95AVy7/rD0YlksUyWSiFTK+sP4Fj7nntR9yteq5RdR4zybjt6ceJC+3p0YjyfGp/LPWQFiOM5xL+YKRlujNhfyMFXKyvZFIamoqc128SPmMc6nolUQ0mXlg9c/oRIbvT13tm+XPZBN64T1a8nVg+VZxvEu0CvGLtq7PYdWIxnZPv+i5aCeiNYrmIRqt3vyyZ/pSrUd7hm5nXheeiSZ3YezZQt7eMK1kIjuHoyMymfiORUSTE+3cODj4bdR7ItE/MvMglVTHEPLFBCOiZeYm7nqPJtL6U4cC4XuPng1Gu7yB0sg9nEjL++EalUYysWVs9WblF0/Hr8rWnkm2/DQ62NH14NdnZ4JhNdpWLOM7Fhd/VpETxjudH4i1X8qKFyBq1CUTveFUy/nU4G19RC7WTBzzOccFvBkXv3F9JxMxd3Q9gWMx0YoePBm3esC8R69m31jf4Ly4F42EYjfv3b4rT9d8mrbaQ7l9TjGZqI1I4pgyu+xo5+p3vWrTwrawlmTSIprZm3H1paGd3H2NXI2rav0OEOZ3K2Ybm0tZn9HGh+aKnc9C/u4Zf3gh/6ywJJuu7/T1YtP9bTQSlM3vQeam2tFha6l9MgF0tU0mhbstl2QvcKd5RQS9s04eC9q+mynIvjX9qNHsdls2dq9T18/cUceE5u7SoCcT/fhPPqqcTIwTQpat7sH5ZCz9Ru5SvafvquPKBz91yRq5yzaW8fm75DOKZUoPc6VC5szRsOwktF10DpuHiBahWLHbpGKrMGo02ZbME4fmUvrH8AvviaSqKNy5rDc/mS7i5qGhLX5brGQiB0sM6X0m1nl0nXqDn7rUNWhmGduLMVqdqNE/5l+Yhxfz/e16irbIZKJdMPNDpWRivS/rvEHxR6T/IMQy0V/0d1G4q2YV/xif3lSXTLQN/MA7mUuejgTak9aFLsVvPK32Yd0Ra0enajQ9S+j/GxHFSCZT1+Wxo0lei99sD47BNrpiMrGujSl2aGJ/62jnRqterWlhW1hLMlFDucy2Z6uXu68ZX7dsijJjBy6vTCbWZ7SxX12x8xELW0MkRNNVeyqj6Ypd6zpGN2DTIJnAJbVJJsaoVl/oqqopjuYy95IqnyjqEM08LJPUXP2T1SilIxaMZCK/khGf6JWTibmnLj6jGmFoH81lTltPZzzjekd8YYO9edHZZhzxV24V1lz7J7qcLvnVq8hRMmymfDIxhsh2qSNP+2gu1WLtwxrVU9tfTKfZ6uztsGQ0hZ5M9OQTSz6tnEzMviDrdZqL2X8g8r5Spc1ehasyxzd4B8t953v0zmF5lGb78crdlBWGhfgJOW1dPEY1D3uT0NRXNsWy8tuQYrPUe2ximnnVfkc7V6161aaFbcF7/PLQ7YxezC/zSpOJaCSRrPxi4sJxZzRVf/shvRGGzF5fRzKxdjXGrBU7H3syWdl0Xz+SJwH2ZXLGOthSSCZwSW2SifOgrVwyKe4r1Rd7K5OJ3PeVv4C1mUz0A74Hs8Y3MfZDrsCKz/iVyaS139w/jlwVe2F9mdIeEpLJVqY+O8u3ioDRGJKnwgv6hFUjLyEobxc7WjyJ6E1WH/mwhmRSehbyymRiPzNETL8sm0zeZFc9f8lIJtrLnxM+cWR53plM1BUO35pM7hmLy3e6UPrHqJBM3p+eQIp7qtJ609ObncPLPj1OaOZ+cravx74j6nzL+WwlzXLqUtfUm6zqqXO0c9mqKzQtbAtl/nLtyeTpTRE8jOiSTKgRDRa1+xLRpf/pjGpC75RMzMurFpOJ6ihe6fWjlOOpsSWQTOCSjUomnXJAlFIczeVIJtrU9dKuEovt83421XI23qJv8140PGYkmWXvGpKJt/2mGmqT7Y6owWb2QRQSyWQLK4hPyqnVWoVtAJWaKJ4eMLtiNNdQXI3mciSTFZfseHsyETXWaC7V2MokE/HUqw0UNJOJeFHpcKT9tP7if73ZnjI22q5f4fCtyUR9aSoPU/TjjzPGiTRFZY5v8I7UFy4iKjhODilJJtozX/eonoSlVUdzrdYepNIz4J/ejF9JDOmD+B3t/C1NC9tCmb9cWzIRrVH1qunmxSevfZS0sft6M94S6pEXVl1LMlmx83GM5rIGLpaa80ZHnXXY9EgmcMlGJRNxmHjmhH5ZtpPGJ2WZZCJvxJmUHcHBngclJ8yVfBN54YQxTEJsszUoL5zV0pGK6smncjJJL82nYzGx/cjtnDFLWwrpryoUTctnJJlsPXMB/ep/LaeSg4/Up6LeKkRNaavoPBkRTWVs0TxvxKwRixlbUpd/Fc0yOaE/LjkEnL9ztfVouHSs9tuTiTAUjcnNHu1Slx4pl0yKV54NnCy90FMxmUgqaAl9HfJKcd5gbH4gtpZkUvhFjqkovlNtWb53v7zUclo/IilzfIM1mL2VaD2u79baYtYh2ZC+kxE1kQF5HFiaTGQsVEFCs+8n3yyqRnsvrz8028OF4WfGAkXOa3NZaaRsO1+1aWFbkH/FZjGqbMnEOH/SFD9Rcplga/el+pa1tSSTFTsf6UlGPHtU31j/eX13p5rub+PxU/IUOPG3YGwFWwrJBC6pRTIBNjN7GLCsrAG2Iistl23nALA+JBO4hGSCnabsEdvKGmBLKSw8ykZPFsfPlG3nALA+JBO4hGQCAACACkgmcAnJBAAAABWQTOASkgkAAAAqIJnAJSQTAAAAVEAygUtIJgAAAKiAZAKXkEwAAABQAckELiGZAAAAoAKSCVxCMgEAAEAFJBO4hGQCAACACkgmcAnJBAAAABWQTOASkgkAAAAqIJnAJSQTANjkRtv3zTjrAMA9JBO4xJ1kkhs85alv+vz7bqtm6fHApx83eer3/PWOUZP4yz5P/SFrAW35iaiJzBYrrFWsGscCYhX7FpYe9jXUy+VTf9cfP+jwyIeyqLXy97sPf7lHPry/aK2F7efHP+0TLaHxT63Fqnxm7y75q7cqRs81H7lRnK9pzxtsc4XeY4dV47EWeMsq+XRDQ1PD10Hj4Yt+q/mptUR7Fss37Gr+68BccS2gnNGT+yaddUAZP37W5Pna+KidPH3A2u2QbPGeSCZwSe2Syacn0+Zk5vPTE/L/5YnGtoycmO/b36nXmMTONNPfWswVf+/3fBkSNVbwONjQVHaVYjLRV7Elk+eeLzrUVPsX+vHiYDBlztMtev6f/oI+1XuoaalkFra23MUfcuZ0/Nsm9VuWTeLbPvFf266mxsCAOV/TCiPn/rQnfqO7GDMKI55dP+y3xQyxSn7ZemQsYF9FbMG+yuS5A54Gvz753HPoYl78P32+JEVrmmf3KTWRad3DQSeA9/dpQ1MiWEwmKV/J1yvA+yCZwCW1SyaewJAxNdt9btqsrG/ufaxFvi63u7wRLOkz0WvMg7k5I9I4FBcwFLcwazvQvBEUTzrTecg6WlU8u0IZPZH8+Em514MtayZyyPqC8IgtYOzVp0U+kVHBwd5gdGphRUUap9VXEU+6N2L0hIjKI7dkMLaSuuJpOCz/W54+9zXBeLuY7d7f0JR7oY3Gfmi7LytSgabIN3sSAwPyV/wi7fmyNZ+f27+raUYPujM9zXt93elbA9fm5UMRgBNjc6lzPzTW77Ove+3OtJhWTdrTcOBIYmTyRkej3MHO9X4jV5kc7u99qF4BdjrRVKxkcu6PfLShakgmcIkbyeRF/8HYE6Oy/pDIEuK4bTTi99Q3HTyXLn4VXSmZDB28OG2tUm4BQ3ELDzqsOKTdD4nFxP668SPZqd34J2OAzZFdTZ7PgnJQzZ+Kw8ywDdiTSftuW8CQyUGm3Nxgq5je77PljdVjhlpl/649no/2rXGVw/VNPw4alQf14VviJTXKsYhNbQNzKodEvmlquzEX+W6f5zPbMDNsZeK37PkkpE9Oqy9TxG5nb6exJ5o8dyCh+u+mzx/+23Px/+GGkgNHzyfGrkl1o9nXNZLJw44fB+WKQmP9AbFjtAdvQCtNJqJ56EOaxb7uYulSwDsjmcAl1U8my0v5/KIonh/6xb9LevBIn5Nj9A9HRjz1/sQLeQCnPqALiR889fo3x1rFZDLb3egbsFaJW994v0sysXmujh5+/Kyp4Y/BxMnDDX80xtVg65PNb/T0oVG9ERZkCFiSoUJ8Nh8b+FQ/mPN8fV59Y62NnFJfbEurxwy1ijG5tlVWJhOLPvJbtvlzf9rTNpDZK+LKZz8UZ2NLe9jxeX1TfkmbSfitPhMzJJekCHHsOCP3V+ZpSPoC1ikBHv1cONu6xrQ86LQtI2fk02LiXKJkpCt2MnsyKSr0lx93AKwZyQQuqX4yMRX7TOyVuzsm9eM24/Fs917rjPYKyeRFf/HYbra7eGhYIZmsGM1lJw8NlycaA0Mq7Zz7pomB/tuJvc/ETgRjTZuwxlnpfXHmxQ9WjxnrWKXMaC7Lg45PZZt/7vlGP3pYXkwF9l17hz8sbGr5GyERFRq+VGcZvVsy2Xt6RH2to77TKZtMVORWRc1amh1qaGiKW1/EYGcrn0zMs+yAdSOZwCVuJpOZSHOvHiQmzx2Y1L+0lt8fN5ifzRWSidjaFx3WKinbALBVk4m+ipowzoC3LE97Dl3UHnf/ddioKOmHwdZXNpkUbgSP3JIjYTwNfjWoptDvL7af1WOGpq+iJta4Sj522HkGvCnl26N32aWtIY4l/TDY2pzDq+zpQjRLYzTXg47yo7kamu0PVyYT7WHH/kj5CGIEXex45ZPJ9PniDgdYF5IJXFK7ZGInh7p+tO/a4+KJvpHv5dUM/2qOuZcqJhOtMGKtUn4BXckW/i6vyuqp36OeN3XSuOqrNeJW1KhLx/4Yo5t7+3p8Uf7eG/b0WteGXn6SOtbskcMLbb/31WOGtPxEnqT08YF3WKUwIq8abH53Pnkx6PgrGI0F5Zfruw4dPDlQXAtbWebkoYbPfrg2MCBKo94Y7OlCuKY3PNtvfOmgfuFy4/z1pbnP9QujN/7x8FLZZKJpuYFTapWDx/o0be6aT26w4bNmLqIAxZ5M2r49pD71+IzD+yOZwCXuJBMA2PY+rz/Q/sCYjn9b2lULAFsZyQQuefLkCckEAN7fkV1Njd915/OLubF+zy77OSQAsLWRTLABSCYAAABwIJlgA5BMAAAA4OBeMvH5w94VxbkQdgaSCQAAABzcSiZT10UOORNNRKxyqsvr73Eu9g6WF6bu+gIy3oSiqexT5+wK+kLhwYlcevKF1x+J/uKcWxXeQNxZBRuSCQAAABzcSibDCUcPyYOfuryhVPqnZPY3e/VapaMRscHOn24OpVK+QHxQXbt9bQLmK/EGuuJTpfOqxBu47KyCDckEAAAADm4kk4X/jsuxW4GuYodJVAaVC5MiJMT636W7w/D0pvfs3XcJIyXer69mVb7abHZbIpkAAADAwY1kIrtHRDIJl9x/R9Rkxb+hVOn969Zk9kqPSDUrpWMxsdnAyatDOeNmUN7Qzf7zMTno62jXwhtN+22876xcRnXgiIjSp99Mb2EsZTv7JaFpWe/5rLnVbOsVdce9bHREO3Mi4j2VFg9e57ItQbn84CP5XPe6e9Tqcp7cckKtLJ49cFSkssjYonE78U5/eP5OUizps73OnYZkAgAAAAc3kknZc99lNphLlQ0Yb9UXCq/MM/PJ2IVJdfQ/nzwVzr6RUyqB6Are40k1ZfWZmMnkhffEdb1i6sJxtXz5ZOL1R8zKIvHuIj/LCXtXjEom2e6INcwsGgzP6xMimaRV5S9Ja1zZTkMyAQAAgEPtk8mb8ZWZRJazd0V+cC68NmLFe846LXrUtrW5VGjgmWbru7BPr0gmz7yhlF7xlmRiTugWJ1qPy3NdROkclhUrk0nIHjyGE9ER+X9nsTJrm95ZSCYAAABwqHkyKQzpJ5msKCI5tK/3uPzBT2XOXH+PZCL7PXKFpexPPd6AmvW2ZDJxvSUQ7s9MLeSftZJM3h3JBAAAAA41TyadKzKJKgVt2Xv2rnPptSp4/ZH25Iy9an4gFh1ZOZprTckkEnQM05rztt9Ug69m+3pWJpO+UNjbprpZliv0mWR7I0nz/H77aC5zKZJJmUIyAQAA2JlqnkwiR8OvnXXSwu3Lybyz8h28WZxKJY37mVwcXdDrxpLykl+Bk1cHHxmnd6wxmcRDZmQKROb1SDN2Jd5inLk+tzKZiGe/95M8k741mrlw3Egm83euiprkr2rLxnMNxWJqO/eeFM+AVxMkk7KFZAIAALAz1TyZFLLyeL1seelcdoO8mfO1JYZuZ0Tpj8V8vePOBVBtJBMAAAA41DyZbH73ouEH1oM3c+8xxgxrRTIBAACAA8lEWO48Ka+y5TvWE4redM5EDZBMAAAA4EAywQYgmQAAAMCBZIINQDIBAACAA8kEG4BkAgAAAAeSCTYAyQQAAAAOJBNsAJIJAAAAHEgm2AAkEwAAADiQTLABSCYAAABwIJlgA5BMAAAA4EAywQbYkGSSPh+eLa1ZSMXv/VZaZer0h+V/+bvtRyPOeQCwaa2+16qwx6sFbyjlrAI0rdUf7hx2VgIWkgk2QLWSifd4V0tAjxBWTTCy2i7PSibe81nHrJWMZAKsTny+Dt3OqDKvvdAnbnYeNypfmot5/eEH9tU0bfZntdZNb3tSTvw8VzofeKu5vlDYe/RqseLNuC8YcXz54qbZ/pj3eExv2Hdbj1/VSCbb2Js5b6BH/a5b2q47574NyQSVkUywAaqWTPyJdPZqfMp8PJnsz6bULk98KBof0nNGjUom4sBRHCmK0nplbvZKT1rOyYocMpVKiMrQT6NqJSOZzKVazYjSfz4mVzweUw/F9tPRHl8gPLSkKrDjWG3DRh4vllTI9jnv7ciUVBrmzJA8722/OW9UvvCeuC5apjd088KpLtHkBh+ZLawwIdqbaIHRO+ay2LlkS+tvD5sB+MXg2bDx5Yu51xKtaHZRbzP+8IWfF1WNvseTO0OtMC53aIGugqb1dXR5A5GxgtqwscNUi6kN9v26PDsk95DpJ8vzd67KFYPGntA04z2RLK2RO8nOkxGxsO9kQtXcu5JoPSZr+n5RTya/J5LPfkIe3RZ+ual2zqKovbfa69LgN53hRF/p1yn2naGRSEWzmVtuPRo+c0vfgz3JyKZ4NPJSJZM7iy1HxcOuhTfGWtFTPfJzOZqZ12ta/T2qpcnV38zLhc22IebO30nqrddstNheSCbYANVMJtp4y6UZ/dFytjvy0vxYXS2ZLOQnvB13F/LPFl4u25NJ4PT1hfyMz2980juTyZtx74mEWODepXjnsNwXekPJQHuyX35Zjh1qDcnkxVBHeEo21Lit0mIlE7FArP+pPvVbJpScl8nkaFckOZ6buOsN9KiDgGgwPDiREy3Q5y8/Vgc7iWxpCwOxITU66+nNkL9rZTIJHIs8+PXZwqOs19+jaqxkEj8bz+VzD5KX21OjoqVNZa6K/Cz3fuWSSeTS1VD0ptzOiWTg7PWFX6f6OyLFr4T0ZUS7tT2WxGFoJDWVyz+LnAin9dcZbY9fSI7L7QQuG8uEUy3nU7LbcO5mayA8/3L5QTIeHVuW88y9rmjwaq+LzWLqeqvxsWsom0yiVxLRZOaB2LPpv9y+VGYoKeOrWNgXjNx79EzszVqvGBEnFE0t5HMtgbD6QBfJJHBMdsGJ1e9FI4OPCoVfs9ET4QX1FP7IVP6Z3D3SL7cdkUywAaqaTMQuTB6ovbx1WY5teFsysR8O2pOJqtHy6dDAM21FMrEfbqrPePUvdrJW8zs89TWeriSZzCdjqp0kT8l8skKxKT74qct7XH5miyVf6i1TZBU1K9sb0Qft5LxRo0Pv5VC871c1iR1LtbRlb/tN8SB+IiyCwcpkkswbS6tmaU8m1pBWr98MCX49A5dLJmqvqJUMcy22XmnFl+iaTCZXzcmsdQCqWNvxBozuFNnm9T8BsWVf77ho8Nafkmjw7G83m4UxvYMr0GV2cZRJJtYvPSLyhq19iIWtFqU+xC16d7Fc3b7BYqu7c1k26Z8T1g7wwvHiYtg2SCbYANVNJmpIg/hXfp69ZzIxP0EdyaTTdgxqJhPjAxU7VqvtPBOzriSZiONFdeAoDq0uTFrVFtux3dT1Fj1gh8xjSquBmdNZWwsMrzwKxA5jtDSfv0v/NyaO2FYmE+uYb2UyMXaPtl1ZhWRi1VRIJtGR4iPF9n22sV+dSiVDbXKMohXmi8vIP4Hw/JI2m7ocHVlWu2XHXhebyuunU4Ox2MogYSUTq9nI4VvmtOOhlUz61HhpUVZscKgjPDj34vXT8Quh8LyxS1z5rRC2D5IJNkB1k4kaAGOM1F+ZTCaT75BM1tBnopBMYP/sNNmTybI3ELtgRhdr+IpNybHdy1uXh36b83WPa8ZHr3EoZvaZzHnDZU9Wwc5ktLSpS13ZQiaSlcOfqp1M5Lkra00m2vjKcTXOZDJyVb1Ozfa3Y1tmPnk6/Np8UPqnhM1LNQnbzvDFymRyxu/sM3Ekk+QpGTmEe9EyyUQbSQ4tGi1HGk7EreaL7Yhkgg1Q5WQivzIMG+Otzb2hqGmJ3l34dSpwoqs0mWjeQM+Fkdzskxf2ZOJru1rxPJMpsVb2Ue5BJhPqkN+Ck0xg7zMxh9gXD6deDsWNU0d0/e3GR6+N49hOtExj0JeeTCLtl7L280wunAhHkhnRAgevJPhc3vGsljZvfW1cnWQiNhiML8iTQyItJ/SLfa0pmWjpaMTbFld/Dp3dd7WVyeS3jDd09d6jZ0PyXKmVyeTFWK/RnXLmyoSsMPe6osGrvS42idn+mDxp5LbcF6nfoIgW8cyMajYrk4k2m2oNhPszU0MpI3U4kokI2GeSU1MjN31BY/WSZPIkbfWQpJ/IiCLaz2BmKvdo/MJZOtO2IZIJNkDVk8mF4+Y1asy94fydq61Bde2OcUcykZeCkeNcc/ZkMpaUV54xPhFXJhNNG4oZfc2RAXn0SDJBq21EgXkIWEwmtusmSS9vXS45Y1hyHtsFzMamRnBF9WtzDeXMa3Mt5dQFanxtMfuWsSMVW5pXH9ClVS2ZGHvIyJ35+YHY2pOJaKDqSlxy73pRnhPlTCaaduaEXKClI1V88eYy2ViP75gRbKzcova6osGrvS42iZcj19U133zHYuo8E+PKgXqzKZNMNO11Tl2bS7bVlclEezMv5wZjr382oo49mbQfi5jfAd30BuXJSMZZLv5w69nr1mLYNkgm2ADVSiZVYj/PBNgoc9bFhc1zS4CdwspFQpTTmlGUs2fgVa5ziG2FZIINQDIBbHLy+7/jxU9ckgl2nCcZdUcL37GeKftJBdjx1IgGbyASOJmwnYmEbYtkgg2wyZIJAAAANh7JBBuAZAIAAAAHkgk2AMkEAAAADiQTbACSCQAAABxIJtgAJBMAAAA4kEywAUgmAAAAcCCZYAOQTAAAAOBAMsEGIJkAAADAgWSCDUAyAQAAgEPNk8nLn6/Km3eWlMTC7JxzOewkJBMAAAA41DyZzF7pWZlMRGUgmnUuih2DZAIAAACHDUsmYqLgXBY7BckEAAAADhuZTNYfTuZSgfM3h25nhlKp9W8EG6dqyaQwcu5Pezz1h5z1QI3N3Bm4NjDw4+4m8a8sd6a1G8HIrJyVCjR56g/bln3SuGtfSk7MRb42lx8YGJ23LaJMd3s+OiRmJSLBvR819U7LOn1rTZllY5G99U1HbsgJe7Nf+pu//YExPRM5FF+5ZWw3z9PBfUdimUysdX9EbyiAizz1+0Yfz40OdDQGhpzzgPezIckkHIkmVIlnnjlXWIu5VOsV80yV2VRrf65k7vvx+XucVai2aiWTH7/tnlwqOUQD3CSSRvGBLZlkWvdMmtWTpw9kIoesZGJWl+Gp32N/+Hm9XFhsrbEtYzXysslEaKzfpyY8nwTt9diWcj3NngbjF/2j3k4A99xqVfs64dwfaX6oso1JJlYpBox3Yk8mc8Vk0n8+JrZ55srEwhv5sC8UXvj5unyiQCT9xPzKUVsOtUVkOrpt5pnhRFZbajkaDg1M3+s2Xm3atsFAW+y1uTKqolrJRCGZYKOslky0+6FzD43qv37SNLOmZPLcs7vD/rh9t5FMPIGhc183zej7sNWSSfzbphnxX6H/YOyJvR7bkmwVX3er6YqNCqg+c4cmiaZYze+GgS2fTJYKrQFjNFe2N5LWp+aTIk50aXoy6X9qrBEKhOV/T2+G/PqEWGwgFh3RP+qHE95gwlhO07xWn8lcqnPYqkY1kUywPayaTGTfRUivfd7YmrEnE0+9Xr7ulkGixJyndFyE2M6MmUzEQ09Ds7Z6MpHBZte+Rr4+3xlkQzJbi2ongGvsTc6eUoCq2KrJxNpCKJZRddGjRuSQuUWPH7LPxFxj8Gw4q2kLA7Fi8HiT9fWOy4nhxJlbxeNg2wLj3hPFxIIqIplge6iQTA6qkDB/se2+9eFtO8/kzvRScU1lzvN9v/1xyleSTNp2NeUrJRM5y/NFSa8LtqvE900e34Cajn9LHIWrJk8fsJJJpm0PwRjVtVWTibFi4a4vbCSTkD+8kH9mFU1PJtYas309ab1fxeu3wsac91RaRpfhRJ/tVRSTibTcH4t5A5x5UmUkE2wPFZLJ0t/8vfMT576Q02sbzbXqeSbmt+PPPQ3+I6snE/v36Nje8hcPW+eZHKajDC67H7LOM1GDToEq2uLJRNMunAg/0M8qEamjb9Y6mUQSycSKHKoXRXuaNoZ16aO5IlljNNfqyURSqQZVRDLB9lAhmWiyZTZ5fpBfbJfpM1nDtbni1rW5zLxRGAx6isnkgLUp1f1CMtlRMm3Gtbka24yv5wDXWNfm8nzb55wHvJ93Sib/Pw0bcguS35PEAAAAAElFTkSuQmCC" alt="Screenshot" width="100%" ></p>
<p>>>>> Screen Scrolled to bottom , and bottom to top</p>
<p><img src="data:image/png;base64,iVBORw0KGgoAAAANSUhEUgAABDMAAAIGCAIAAADGMlPIAACAAElEQVR4Xuy9D1BUWZ7vObERGy/i7cb2ixe7E7sRExsxVd3zuqfnX/f86zfv9b4dqqq7umfGnmxqKKe0a3VqcNQq2/ZPV+vYjVWNVaYWmCVqYYEW7R8gJUuEokAFGwUsElQUUynwD/8EE1QkQRNQRO/+zj33njz33iSB5GYK+P3Et6yb5/6/eTI5nzznZv6OAoAd+PuGzEUAAAAAAABEZHjk0SUVmvgd80wAogJmAgAAAAAApgo5yTkVmoCZAHuAmQAAAAAAgKnCtYQDMwH2ADMBAAAAAABTBWYC7AdmAgAAAAAApgrMBNgPzAQAAAAAAEwVmAmwH5gJAAAAAACYKjATYD8wEwAAAAAAMFVgJsB+YCYAAAAAAGCqwEyA/cBMAAAAAADAVIGZAPuBmcxSHo4p/qHHN4M2JPDgiXnrAAAAAAARgZkA+4GZzEZIS6yCMZ3cHXlC2wQAAAAAmCTTNRNqeXTfG2vue/TlHTV9ImMsd6X0s1wJPL4/ig9T5zgwk9nF6GObnUTO7eHH5v0BAAAAAIRjWmYSfPjk9zN6n9tx67mdt57bdeu5j24/t5ty57mP7zyX1ffcHpavZft/Un5/Ufm9r/7m9vMHAs8fGHg+d+BE9yPztsAcAmYyi3gw9sSqE7bHvFcAAAAAAAvTMpOMuvuRzeS/ZPtfKb1798GTodHHLx++Jczk+bxB87ZsYtXat+cveJ1inmErfBex3svsBWYyi7DrxpLIGYWbAAAAAGAipmUmv/9hTwQz+Xp2d2X36ODDJwzlyd0HY88f6Bdm0h+bG2T/9qWXf/9r36CYZ9gK30Ws9zJ7mb6ZeAor5FR18OIuU/mAcS0bcbjqzUXTYEXienPRzGDgYTw6THjM+wYAAAAAMBJDM/mXin7SkrHHzEDov8GHj5/fHzKTGN1tAjOZCUzfTJzpbtdHh7VkuPMbeXGT0+XRyz1pLne3cS0bibuZ+B2JyUtzW83FKjTLejzF65NNJUr3EbYkz4KVuRXN5gWM2H7Le+TgbngAAAAARCZWZvJGxV1SEdZZQlryRBkde/LJlYfyaK4gzGTuYoeZFIUeNFaEzKSgSS/1l2fPKTNZkZm9LnG5uVhRRk+l70oLYyaONSk5141F3Uc88hUZbXUkpZb1SSVGrPIQ60BOAAAAABCBmJjJPE9v75A6hktl7PGT4taHX5PugIeZzG1gJiYmZSYev9KYXWwRiaWJqV6X2UwCJanVI4ojKV0uNJuJolRsSnasOWIokrCaw3TyleKgtdAU/xDGdAEAAABgXGJiJm9VDQUehMzkweiTH3168/n9AZjJM8LMMZMuD1OC0Z76xYuWOxKT1+2tNC0QuF65eEGyI3H5lhKfXG4wgc4jq4s61al6avq3VexLSmIjpha/nRFaRqVibyofTLU6rVQuN5rJkOONTOkhRzUTpdU6oMuxqdJiJn7PKjaUKzXJOKDLYiZsxVXhzSTCV3LVnwx8Jauf5ZP+0j7z3PEyGTO5ibtNAAAAADA+sTGT6pH2e08eP9bUZPDh4/+6vxtm8uxgh5kcrj/n01JaEjKTnCq9/Ez+R5Myk6T5Kbnto9rjsdaFmSEDcSSl5DTrhzra6liU2TCizxImEKxfnCGsoD5p/vKANCTJkZgqplcnJQdDc0YdiSvFA2EmXZ4Ux/wUUS7BzURJTTTIRqAk1TemCoZkJr7M5Y5leWyqMTu3XRSHMRNSF75ZK3dHIplJvT79layAdYGwgZkAAAAAT5HuE0UN5rJIDFyucqa7y0yfiAYueC7rjSGO38ubYWl7z0zY7po+dprJX37c/oN9rX+2u/NP93T9pvmxP6jKiaond0fGvnPwZmQzeXv9Bt7cP3uuQTT9KVvSto2O6i1LRfneD/5enktxvPKqmGs1k+f+4A95yV/9zXc7Ojr/+Ft/yR+++tpPvvaNPxYbefH7fydWoWP+zf6Dpr2kvBNqg4pC/nBsbExekh6KJZ9Npm8mdkFmUhYwlJAk8OY7zfIan6i2/WsdS9QWvzCTsc6kt+U+h/qFWYauFW+aLhLdR7bVyXMU5XqeuA+Em0mwLmNb3XhXRjMT04Cupar5mMyEdEgs40iS+m1kMxkZ3PLT5WW8pyccEb4sWJhJW3fw+c913/AHa249rKkbePu6ttjvZfXX9zzIPz/Upj5kZnJ/+PeKgy2WDcoxHwcAAAAA7GCqZuJMP24uCotuJvHBNjP5+s4b+5oe1HQ93NN4/w+ze5eful9368nII63nhNr66Q33J2km3/zTPzdZwSuvLuDLbE1zmWbxZO7O4guYzOTwkSKxDGkJlQgzse7l4+y9fC2SFtMsnvMXtGdGlPCH/5K8VJQsesPyjUnPHjPKTAwmIZkJSUXIdzlnMx2JWoeGagJDXtfKLoO91K8rNfwUDzmDNlWbUWH8iEFRGlYXaf0V3ExWJ4V6USzoZmIc0OXYXKOYzaTVsalSHPlSuY9F/m6uxORdHnkAmBmrM4iERnPtDVg0Y/g7p0bUiQe/W2roJCEzyS/uv3jfvDVTzMcBAAAAADuYuplUmIvCMkvN5MMLD4dH1Z8ueaKc8T/85p5by07dq+t9cjP4RO04ecK+NVj6PZMIZkJZ/MaSzVs+kK2AFqj11sklplz0XVKMZiJ6SyjXW7XWnjATyrf+4jvv/HqTvBHTYVjz6BH79Xr5oawlr/1kkTidZ5kZZSZdxhJhJvxWDQPdR1boDX2Hq8axaHPKmmSTmZg6RoSZWHdEl0HoBO1026LkhdL4LgvCTEJ3jwRKUtvUCdlM2FAuST8ooQFdcp9JsHLpfvMtKzKT6TOh/ENWP59ouxF8/jdMV751cpiVdN1bcMGw1lf293/lkwHr1kwxHwcAAADwTDM6EOin9DVWHDjPRoX31Ryvb+297q3YcUxtWfi9hScqCqt81+8qDQVup9u7o8Bbf5naDH1V7pLrt/trCw+XqT/7pplJt9dVKG7KlWiqqmzu6vCddub5HigK7dGZfpz+pTm02fJsT+05Vi48JNPlvnijf+B2R1qGh5c4s72m0Vw7Sq4aC0Yzj2m/QBc1tplJVtPY3RFt7Bb9e6b34Tc/YXLySfNY2+CTwIMnn7aOTrLPJDf/EC+h7YhGf1d3t2wIYi1R8tWv/xE9THjpB/JiPF82t4jlhZmQt/CSq1evyZsV09/8k2+Ltf4xMYkXkofIy8gZHjZ/Zv7MMn0zsfE+k/HMZII+k1XasC6jToxrJhP1mahfBzzW6VhzxKg6gpCZKJfUu0eu5y3Wb2KRzUS+s0VlyPF6to9v03ifSc6yZONANgOTvM/kf6hmUn8q8JUs1TruBzUzCY5Y+0xutt/7zik+d9yYjwMAAAAAyphzu3lsFZkA+5/fm3lCayEwM3FZOzr8fAFmJt1nnHvPmOcbcaZX8K4V0WdCm20Qf5+5mTz27SjXmyVtVeOZiTLalXZEyMmoc/dJaV6U2GYma0+NtASePNJvLHkw9uTfjvX91cGeNyrvlXY+rut98q8nBidpJp2dN0ShaPff6OoS09/9f18UC3z7r/5GlCtSn4nIn3z7r8TCimQmfzfPIQrlLYjp951bxQKiu+av/ua78jIi8r0uwA4zse27ucYzk0Ap++JdmTD3mSiKL2tlRejG9vHNJFCeesp41pb7TIh1ScnjdGVIZqK0Lt7fyvpG1KFcisFMWkWhYGFisrZro5mMns3cUjvuE3Fv/F9/JzMp7XlwsedB/ZX7X/lkkBU2Df5uVn/b/dFNHr3PRL/PpLAmeEJ9qN4B/+gr2YFN7Y+s2xQxHwcAAAAAmk/mN2qtjUe9Ta6dHme6W5iJGEzFzIQXMkZ7fV7XdjctKcwkLcNdeC38J6DKYMeOj9TNhjOTUPOB704ewaVPhzETRSnLdrPRRMpoR3nRxcFxdj0VbDOTr+64sbl+tHXgyX02povNJTl57bPbz++98/U9N76xZ+Lv5vr5L/6dt/Lv3AndAiya/p03bojpf5qv3XZCkGCIciWcmXzzT/9cLEyI20vkjchbENOf/Ga/WIBkiRfynhnTLig/+vE/iYXBrDAThd0+vjarcaLv5lJ1Qp8c30wm991ciqo6Xmk5HdlM2IAux7I8PpRLkcyEdEUUCgIlqVpHiuW7uejIV+SPexe8VRtiHfyeCQAAAGDiYqHHmaFJQtU+tzNH6/SIbCbZ6e7sKt5gbgn1mSjKZ7vdYVoZtLXtJ7WJyZjJY19mZa9W0h3JTBRVTpy7T9qiJYqNZvLczt7/8Zu7tT1Pbum/sUj/5lwe+vYnN57P6X/+N/02msk3/vhbYgFSBVGuSGbyR3/2F6K8oeG8WH7yZvKTRW+IBbL2fMILv/eDv5eXkXP//n2x/DPObDGTltyUpMTlxWebA+2+FfOTK26FFpPNhH2n1ll+RpHMJNicl7QstaVnMBDo3PLT5Vsq74hZht8zUcd0hR5qGMyEDGRdSWh1YSbmHzDhjNRo5RYzYb1ASabRXyGs5hDrBB6YX/UAAADAM05aukd0mFDbxnnwApt6fDWymWSmu3Pq1c9Tm07KZkIikV1j+dlmall9VKX+v29SZqL0ix3RZiObiTLaZZeWKHaaya5bX93lP9s7du9hyExOdT/8fm67XWbyy5R3xMNv/cV3jh0v/+affFuUfJixU5HuM6HpP/uLvxZzhZxMaCZ//Tf/j3j48t/9qPizksVvLBElzS3slhV5+X0HQt8v/L0f/oPY5rPMzDETEIEIt5rEIrQ78xEAAAAAzziNFeoIKzXUyHnc11BYQtOec72RzUS54/PsZaOz6ntHDWaidmJ0W8YoXDlRRgsfONGaOSkzUYLXvOyQXJ4rwY4JzMRWbDOT53f4yzsfPlJ/wURRtWTw4ZN//vzO83tu2WUmiuQVpvz5X/83vrzpW4Nb29rEMt469qnzhGYiPzRl4f/3L2GXzz9UIEogJ4odZhK6/V3N9bu8uN9Uzr5EAkyDgfHvNrE95n0DAAAAABixzUz+9mDvrWH+/cBMOcYeP6m5+ehre3qf++SujWbS0dFpsgWe3lvaQBzrLy3+5X/977zkv3zzT2tOfzEZMyk7evxbf/Ed0y6++vU/4l8ZbF1eMX5DcX8/+wq2Z5npmwmIG1aFiEVuD8NMAAAAgDjRfaIo1BXDe2NmCbaZSf7VxyOP+K3vyiPSEv/o17J6n9t7d/JmMiW8dfW7Mj8+c/aceYatnDxVtTtrT0lpmXkGiAjMZBbxYCwe3SbmvQIAAAAAWLDNTJznHrUPPh4de/Lw0ZOqrtGvfnz7uT19Eczk3vTMBMxkYCazi9HHMew5QW8JAAAAACbJtMzkD3f2CjP5bv7d412P2wafXBt4klza91xWH8zkmQVmMuuI3Q0n5j0BAAAAAIzDtMxk8MET+bu5vrHnzrf39f1B1u3nPr4T2UxyWh6atwXmEDCTWcrDMcU/ZFaL6IIvCAYAAADAVLl5s5drCU1M2UwUdRxIS9+jL+/o6RMZY7krpV9L8BGaLHMcmAkAAAAAAJgqwyOPRKIxEwCswEwAAAAAAMBUgZkA+4GZAAAAAACAqQIzAfYDMwEAAAAAAFMFZgLsB2YCAAAAAACmCswE2A/MBAAAAAAATBWYCbAfmAkAAAAAAJgqMBNgPzATAAAAAAAwVWAmwH5gJgAAAAAAYKrATID9wEwAAAAAAMBUgZkA+4GZAAAAAACAqQIzAfYDMwEAAAAAAFMFZgLsB2YCAAAAAACmCswE2A/MBAAAAAAATBWDmVCDEkEQBEEQBEEQJP5Bnwmwhzt37pzTMVUsBEEQBEEQBJlSYCYgeoSWwEwQBEEQBEGQaQZmAqIHZoIgCIIgCILYFZgJiB6YCYIgCIIgCGJXYCYgemAmCIIgCIIgiF2BmYDogZkgCIIgCIIgdgVmAqIHZoIgCIIgCILYFZgJiB6YCYIgCIIgCGJXYCYgemAmCIIgCIIgiF2BmYDogZkgCIIgCIIgdgVmAqIHZoIgCIIgCILYFZgJiB6YCYIgCIIgCGJXYCYgemAmCIIgCIIgiF2BmYDogZkgCIIgCIIgdgVmAqLHdjP5m8xOPvE7/35lSC+8NfgwKe8mTfxv716jcp7rt0eo5O790W+42unhi3tvnO3UDoA2wpd57oM2WkCUyDv618M9Yl+Uv82+0RN4SBO02f97S6vYC4V2TaFj4Es23Bj6yq+v/U8brjhP9vGNU/7Dr64WXRrk09WtwfwLA/K+ossnOftWrvwZ5b33Nw/eG6aSwECQl/z616m8hDI0PJq+zbVmzVrKpcvNvFAsuW7d+o7Obl7Ye6vv89Jj8vZpMT7d3HLt5z9/e9Wq1bTl01/U8XVFaAHPp4Xr12+gBQ4XFoktTCd0/HRetEHab633DC+prvmCl7S1d/HFrlxtO3P2vLyiy7Vdfigfpzid0rJjP/vZKjp3WpeWl5ehh/I26Zr88pcpVE4n2B+4zwt/8Yt14vLyPfIt79t/kJZ8/33nseMV8jFEF3riUje9RxvM3vMJHY/pmvMjPNfQSE8rPaSnmJbnK/KKQSdIxyyX8PCnmGbRtF3Plzg8Ond6jnghL5EPY1g9qZSUd+QV3e4C8ZA/d6JyUnJy9ou5/p479NTT+dJe5Os/neTmubu6e8VDemb5Mb/z7q/5002HtHNXpliADv7w4SPDlhOhOrNrV6Y4Kvm1Q68vqmm0zZSN79z035KfSn6+4qF4IU8/cq2mPVorgLWET9MVphMx1SXKLukiUOjFLj+k5cVbBK9R4grc7b+3bduHvbfuyssjCIJMJzATED2xMxPyjW/t6ODTspnIjf4lhT2kBHz6/vCjXx6/zfVAbITc5n/fdJ2XvLS367BPkwfK73/QJpsJ7etfPu0RDynkJ2JamMmZjqHvfqytdbF7+KtpmvmQF/3n1OtcpWw0E96yoWbB2rVvD6tNOirkJRs2/JI331etXiPaGdTEP/HbU/KSlCNFn/HVxzOTo0fLP//8qCjnoeYOtcb4dENDo8/3pWmB6YT2a236UJO0rv4cf0jHc6Hx0vAkzITamvLDnt6+TZvev9HllwtNa4lt3rrd/+vUTbyw7+7ghx9mUAlNkzD86lcpYiPcTI4eK++8Yd5s1KGW3LvvpoonTkQ+HXoqSbH4tKgDw9ITV1NT23jxslzCY/vzJSrD/eAD0jPeDBWXVBwG5Yvauo8yPxbtb1pxy5YP7vRpLwdhJqJy0gbpvPjzvuGXv+KFNoYu8o4du8RD+fJSe5pEorWtU1RFOpgPPkinpvaw5UTo9Gk7VCv4Q3HB6QTpgoht8hLxwuGhnYoSOh6+/WmGrqS4hsPSe4VcIlcJvgqf4HWJ1z2xmL/ntjgROsI9e3POX/CJdelNxvQWwVekK0ZnJJcjCIJMPzATED2xM5Ovb2sjD+Ft/fHMhKxD1omuuw9ezmGNdVk5aBVe8vPSW44DWu/B4NAorSgWa7vzgOb+njOkIsPjmMm/Hu6p7wid5m5v/+dfsnbGG5/2kBdVXmOfwtpuJsN6i0pu0vHmzp2+gNzwoobC5s1bTEvSNG2HWhvjmUlKyju0oijnkRtY1sbWNEPNPmrOyiVkWbl5btFSp7Zs5m7WLpyqmZCGvf32L+QS61pim7+tPCU3vy43tZw8VUMTpCvU3hIf53MzoUtHF9C65ehCm3rnnXet5fLpvPfe+/JH7B9n7eFNfPHEiRMxNUNtf77kDdJ1uHa9fVi6pPJzRLXx7LkLzc3XxIr0UDRqrWbCC8kHaCLsBZlO6Opl7/lk3fp/FyXy5aXDptpCy+zclcmvHlVC8QIxnQgtfK6hkWoFf6WIC05HLryLx3rxZTMhB6PKL8+NLtMxk2G19493JYnF6N/t23cMDLI3N3pRkGrSpeMnS0tS3TO9RfAV6ZltucI++kEQBLExMBMQPbEzExIDMo3vftzZE3g4npn8n+9fv3TTMDpCeAh/eKhxYJGHfc5NJSnlt4V7kIfQZvliZClkLPTwxT03xOis4XBmwgd6iUJK74B2YOLwhmJjJm8bzYQaSQcO5lFbgZpBl5sMo9RMS/I0NDTSkuOZyYYNv5S3wCM3sGhHP/vZqs3OLVaBiS50XqZhLXRgXd2GPivenpuqmVDrNi//kFxiXYtvkwubfEbkRXyxjRvfpXJqjd303+Lr0sIUughNXxqu9nRC7T9qNJvatfLpiE4SHmoCyh5CR0sNZf4Mmpqh/Pmihe16vkRloIonagu/VvJhDKuWS/9u2vS+WJFq3dYP0nhHQVgzocpJRzusqtf2jJ3WfqSoQ+JBrWqqD2KskbW2DKstb1pyWLURUS3FifB1eVWk68k72cQFX716jbzB4YnMhJr+vDqZ1ppqpmkm5JZi0Bdf7HBhERfOYf3c6Ykur/jtsPraFKMrRWjFU6dqbLEsBEEQU2AmIHpiaibD6nit/+O967KZrCju3XcuQBmOaCZkEZT/a7P2eR43k8O+wRNX79O/vJzviyzlP6eyh7Spn5WEhqRHYSbtdx68tLfLRjPhQ8DXrFk7MKh9rkmtN2rqiVElkzQTWmw6ZiLiPuTZvn2HdeGpxkYzYWOB6s7yDNtnJmLjfF3RyKMm2qpVq/cbB/BMJ6eqTssD2yZpJje6/EePlV9uauGzqKSmppZfBHFh/T237Xq+aL/kUVR/PvuslI6WX7S0tG1UIh8GtVN5H9TWrWl8GV7r9MGHN8KayRn1xgw+TUt+8slv6Arb4lT0whlmY5MGP/44m28wrJlQeD+beFnJJ0LrDutmMqwOsbvQeCmymVBl5s9FTy/rZJPNhNc6W8xk27YPxTNOx5O66T25AogqQeLHS0wvAWEmVJfoOOmy8zF15JC8G7bmtJfXwPHMpPHiZbrCNpokgiAID8wERE+szeTqrZE/SG8TAmDqM/mPG68eazEM2ua9ImIjZCB8PBg3k5v9D8k9/uXTHj6siy/2Zzs6xM3utC+xKauZ0Oq08OBQ6C8xycyGY7f5AryEDokK7TIT3vgTrTTRpKMmFG8QkJZQA0JeK6yZ8BE445mJtXU1PI6ZjLfwVEOtvTt9zC1F6CxMipWS8g41mCY0E1Nbk5qS8g3NYdfi22S9Ih9nU7NVlNP03r05w5KZbM/Yeet2v6kp+fnnR03OMM2IMULDEc2ELhEfOcOfuDt9A7v0MxVPpTW2PF9yZaAmO/+knF9ScRj8eoq7rlvb2IuLm8mw2vlAi/FWvrVyygOuqGLTFTZVhihCxyMOhmyKH498eQPq+CU+TYdHLfLsPZ/wh/KJcG8UZkJrvff+5sOHj/ALbq0J1heObCZUpU33pUQX1/T6TOggyVjkxYbUO/67unvpyotzp1A5VTxxH5Fp+/RMmV6eCIIg0w/MBERPrM2EMhAcJcEIayZLCnv+13eu8emwd8C39I78wz5NQshMhtVbU0g/2u6whiAVkmaIhxSaFuJhNROaONMx9P1PtI8P5TvghZk0+Ye/vaPDLjMxtTZEk87fc1uM/JY/tgx7Bzy1tvmHx7SY+FR4WGpUud0Fp6pOi3IeawOLh5vPNEPNfdONs3Rsb7/9i7PnLvCHn0d7B3xb+40NG35p/aYgq5kMq4fBb8sZNt4BL8yEH5XJTGpqam25CCJbP9B6GIaNp0NP5fHjJ/j0ULg74OnATHeeWGPLoZrMhMuwuKT8MI4UfSY6fwbvDfNbyYWZ0Anm5Ox3btk6bKycA4NBqpymp5iusLjBI+rQ8XAbGVaHafFbWeTLSzWQ92lQqOVNhyceyidC69KJCDMZVisnKQ2/4PQc8ZFgItYXjmwmtOXxnqkpZTpmQs/FKt1XZTOhN4eu7h7yE/F+wi10SP12CtNbhFhR9moEQRBbAjMB0RMHMxlWv0crrJn0BB4mZN/4p9yb+84F/mh7+3/41VXRQyKW+Y8br/ISbiZ/m33j56Xs5gFeeOnm8JZToduaaVrc4B7WTCj/y8arm0/20R5p4s/0bw8TZkL5n395NdZmMqx6BW+7HziYtz1jJzUWKdTg4K2EgDruq7PzpufTwp///O0TJ07ytd57f/Nnn5XW1Z3Nyz8khiRRw+tnP1t18lQNlR85ojWz5AbWseMVfC6ta8vooGF1CBkdwBe19WpvScuw2nxctWo1ldC+hG7RMdAp8GEq/FNeMWqlTh2+JY/m4udeV39u3fp/p4e0HTEKJayZ8MPgF4RWEUIiJobVb3DiZpKb56ZDpSXpek5/NNfVa22uD7fzgxxvNBdvQfKd0lNcUHCYl4tGIVUALqKfSKO56JRtf77O6KO5Dh8+QqfP/U1cUn4YW7em0SUSq9BitIowE0r3zVt81BavnFROc+myU+XkzzW5QZ1aM2ndaTZ27/YP0vHILWza5rB6eWm/dEnpAH7965Ab0/K8f4BPyydC61JkM6HXy0r9K6rvq7f00CnQkZeWHRsYHDojjebyXfpyWJVD2gJN0zOelr5NbHk6sZqJeF3wOm+qEsPq6Lub/lsln5e988678vdN3+jyU/lHH+0+VPApXQG5NnIxG1Zfm+It4nP1+wxEJaSXG524uNQIgiDTD8wERM8kzYT+biEIgiAIgiDPVKxtwgkDMwHRYzUTa6VEEARBEARBkKFJuArMBESPyUys9Q9BEARBEARBTLE6CcwETBeYCYIgCIIgCBJdYCbATmAmCIIgCIIgyHQCMwH2EIWZBIceIgiCIAiCIHMy1rbfhIGZAHsYz0ys1RRBEARBEAR5ZmMVEpgJsBmrmVgrIoIgCIIgCIIEx/ETmAmwB5OZWOufKfeDDxAEQRAEQZA5HGsL0BqYCbCfCGZiraYIgiAIgiDIsxmrnAg/gZkAewhrJta6iCAIgiAIgjzjgZmA2GIyE2sVpNy7P4IgCIIgCII8g7G2DK1+AjMB9jCemVjrpZzBe8MIgiAIgiDIXIq1yWfKeH4CMwH2ENZMrBXRWncRBEEQBEGQORxrg3A8OYGZAHswmcmENvLXH9ap8SIDg0MIgiAIgiBzJtaGX1hLscoJzATYQ1gzMdVFa8VFEARBEARBnoWMpyiyn8BMgD2YzESuWAiCIAiCIAgypURjJjkutzOd4jHPiC8NBe5ucxmIKzATBEEQBEEQxK5EYyZXqqo8hWWudLensCJMjl7oCJpXmRSPBzu8VWmkPS5P5ZVB81wLMJOnDswEQRAEQRAEsSvRmAmnqdij9pyESX6jeeFJEHSme/LPa0LSUV5E2zEuYAZmEiJ41VVy1VwYe2AmCIIgCIIgiF2J3kwUv9fqJFGbyfWjh8v9xqLGigPnx+j/zn0NF0tK0lzuwmZW7NnLjChtd5lsJvlqYbne05Kf7nl04wyVDLBHo9m72dzMgjOT6ImZtTwNOYGZIAiCIAiCIHZlGmaiXLU6SdRmUrXP3WQqun3GdbSD/u/MrnJmlX1W5WsKkA6dce4sa2puqa86mZahmUmwscJ18HST74K49SWfPMTlqT3no+m+mpKcYxeafL7s7Kqmx2Lrc5DC3e44ywnMBEEQBEEQBLEr0zETxeokajyF18xLTkh5tnVoVpOzgNmKM/2wKPK4QkO8yrLUVZpPpulC0n2iqPw2myAzeaAvxszkRFzb60+PsYH641Xdo+bimAEzQRAEQRAEmV0pvjbyu3v6v5IVj9COrAcQIdMyk+x098XW3gd2dESEHc2V36iO5kqvEGXZ0s0nfDTXQE2JM71oINDPww8m33SPymh/fpbbdbCh245DnamMpWWUlV+L7ssHogRmgiAIgiAIMrvynyz+ENNYDyBCpmsm5qKo6Ti9Qx27pROsPeiuH2ZTspnIfSZaNwvrMzEfhtlMGGO0WHZNv7l4rjBwviLOWqLATBAEQRAEQWZbrPIQ01gPIEKmZybb3fnGrwyWR15NlbK9bDBYuddXX3WaJlyF2o0nspko3V79PpMq+T4T586S+nO+zwpKeIlsJheLD9f6Oq77LjhdReZumbnCwPnj8dcSBWaCIAiCIAgy22KVh5jGegARMi0zIX8ok/s5hn1O6QYPMOeBmSAIgiAIgsyuWOUhprEeQIRMy0w6zl0wldR6n5F7zQEDZoIgCIIgCDK7YpWHmMZ6ABEyLTMBzzgwEwRBEARBkNkVqzzENNYDiBCYCYiep2gmX3xR9+KLL77wwgvHy39rnYsgCIIgCIKEjVUeYhrrAUQIzAREj+1mMn/+/K7uHmu5KXf7733ve9+zlj+VJCQk0PFYyxEEQRAEQWZgrPIw6TxouWItnCDWA4gQmAmInqdlJo0XL7+14qfW8vhk5kgRgiAIgiDIVGOVB2MedLQG//Uki3UWN5OsfuUftJJglde6BUOsBxAhMBMQPU/LTE6eqn5aZhIcepiQkGAtRxAEQRAEmRWxyoMxETpGLLNOjcJMwEwhpmZC7rH/QO73v//9V1+d/4//6HjhhReGhkep/PDhop/9bNWPf/zj9993pqVvoxIqp8VIGGjJH/7wh/Sv2CBt5ELjJZpFW6Dl+S7+7d+W0tZoMfqXCkvLjvG90GI1p718xXv3R+ghlW/c+M6LL77I16XQBJXzXbe13xhWR3OJ3dHq/DD41iorq8Qserhw4U9eeeWfaBZt8KcrfyZmIQiCIAiCxC1WeTDGrB8bbj6pvzy08Mxox5jCZ+0PKNpc7yOYCZgpxNpMfpWykQxBPBTacOK3p+Q+k1/8Yl1e/iHx8N83/DJzd5ZYi3xAzBpWdyFcgpSGpl9//XX+sOnLK6+9tqD75i15eR5ZP0x9JqZZXJ+G9Y2L46fp1jZmMta1EARBEARB4harPBgjRnPd5yUDyhNtVukozATMXGJtJvL3br37bioJCZ82mckrr7zS2topHp6qOk1z+V3pNCFLy7C6i3nz5omHZAi0ZT5Nux5vONlkzOTW7f4f/OAH8qwf/egfb3RpW5OlxboRBEEQBEGQ+MQqD8aY+0wUYSb6LJgJmInE2kwaL14WsyKYSYLx27FkwTBtZFjdBSGv+0nOPuuKvktf0qwf/vCHfLjXZMyEdiRvedi49/HWQhAEQRAEiWes8mCM2UxaFM1D/uTyGMwEzFxmiJkkvfpqhD6T6MzkhRdeuHVbey3xe07kVeQNiod9dwcj95mEXQtBEARBECSescqDMQ9ES08rcQdHHivKw8fHzw2bzSSrf4Bm9T2wbCQU6wFECMwERM8MMZNfpWwUdjFsuc8kOjOR+2GuXW+fjJnwaXFjifU+k/HWQhAEQRAEiVus8hDTWA8gQmAmIHpmiJlQfvjDHybo38314x//WJRHbSbvv+988cUXFy1atGDBAvpXFokf/egfk5KSFixcWFX9Bd+CmMW/B0x8N5d8nwzMBEEQBEGQmRCrPMQ01gOIEJgJiJ6ZYyadN25u2foBNff/+Z//+U7fgCiP2kwGBoOkHzQ3MTGRNvj3f//3YpUzZxpIWqi8rv4c34K8/czMj1944QUqpOORy2EmCIIgCILMhFjlIaaxHkCEwExA9NhuJgiCIAiCIEhMY5WHmMZ6ABHyO83BZgSJLjATBEEQBEGQ2RWrPMQ01gOIEJgJEn1gJgiCIAiCILMrVnmIaawHECEwEyT6wEwQBEEQBEFmV6zyENNYDyBCYCZI9IGZIAiCIAiCzK78J4s8xDTWA4gQmAkSfWAmCIIgCIIgsyt/WTBg9YfYxXoAEQIzQaIPzARBEARBEGTWpfjaSBx6TmgXtCPr3iMEZoJEH5gJgiAIgiAIYldgJkj0gZkgCIIgCIIgdgVmgkQfmAmCIAiCIAhiV2AmSPSBmSAIgiAIgiB2BWaCRB+YCYIgCIIgCGJXYCZI9IGZIAiCIAiCIHYFZoJEH5gJgiAIgiAIYldgJkj0MZkJgiAIgiAIgkwpMBPEnpjM5N79EZ7Be8NyBgaH7vbf67s7+BAAAAAAADwDjOpQI7A/cJ9ag6KhSLkffMATHHpos5kcO1vbcM9ciDwLGc9MTHJCdZFqJNVLXkHNNRcAAAAAAMxyhIqYoBZgYCBIDUKTk3AtsddMvtya7naqKb7xZcPJIprIOH7WshgyN2MyE17JZD/hMZkJAAAAAACY2zzSoUagMBOrlthnJvfOcScRycjysH+P1puXjHuc6Z9aCxHbE9ZMrH5CdZFqJNVLUUcBAAAAAMCzgBjKFVZLbDKT21/k7zFoSchPojOT1uO07q4T5+RCV7p7zxnLkpMIzCQ+iWAmsqLATAAAAAAAnkHGxsaoESibiewkNpnJ9ROyiqTvOGSLmWTlFjvTPaGSezW7Pv08zmZy5kShtRAZLyYz4dUrrJxQjaR6OQYAAAAAAJ4lhJlYnWRoeJQyXTNxuUIe4iqsZoU9J0NyklVWedu8ysRpPb6n5mSWyy1KfF8Uf3r+eJzNpDAndADIhAlrJlY/gZkAAAAAADybcDMJ21tig5nI3SMUUZ5lLC/rM684QVpVCWn8POf8l+xhd/ku2viZEm4mXxz9lLZZ0liTs9t96Lq6wJmS/KOf5hz9bVkLW2BPhnvP0d+WnDhaqW7NmX4off/RU03V7Ab9gyfVXdTtOlJe0lhXfKSQ9+ocynI7dxxia9WWa301gYt0Fg03zzf00y7OOTOKjjXWHCpAL8q4iWAmJkvh39BlrqoAAAAAAGBu8dgItQCpHWgyE+4kNphJ840vWJteN5CtB39LhU3tvxUlGUe/qDn7hXmtCcPNhKTCVUz/5me6t35aI8zEmV5YeFNb0ukqYRNnSrK+uKSvXuPMPyVvLaRMZ0qs/SfOrOPN3EyyynkJTfOJPSHXYmbSZFwRMcVkJlS3rFoim4mppgIAAAAAgLmNbCaykNhkJrxNb+whkRP1fSZcQlhXCbv33ZPfwrxCNxN5F5qZHGrV1715wrTTkI2EzOTynpxP0zPULQgz0X0mnJk0H9p/yPnhp1+w/hPpOBEpVjPhgZkAAAAAAIDHupmMpyV2msm+8xdD5fcu2GImvpqiTztrtC/pCpnJpyEP4ZHNJFht6TMxm0l6SDkuTdJMeMryD4nuGsSU8czEFKqL/Bu6njx5Yq6tAAAAAABgrvDEAv8lkziYiXmU1Bdl7G6QaZpJc/BL2oiPF4r7TI4XUuGh6pMl1ce3Fqg6YTATdp9Jzgk2t7CTPbSayZ4P3fln6xo6a12uQxHMpOSgO6e69ljTebKdnKO/peUzd7i/sB4toiYKMwEAAAAAAM8OcTOTIlO5TWbSvFW6S0ToSoOvfKvL7XQdOnT+PJ9l6EXp+YLPrVDvvLeaSdNV7ZuOD/kuRDCT5ttf0DJbj1Q3B8+71KFfGQXsRhokbGAmAAAAAAAgAhHMRHaS6ZtJ+GQcP2tdBZmTgZkAAAAAAIAIhDUTq5NEbyYIwmMyE1GrYCYAAAAAAOCJZCZWD7EGZoJEn/HMxJT4m8nlExWX/ebCp8qDJY6XE156+bK5PPY88tPVMBcCAAAAAMQYRYUagfeDDyL0k8iBmSDRZ5JmQnWR/xI8r6CROfhGQkLCax9s/eCDd996+SWaTijrNC8zIUteSnhla525NDYkJCwyF5m5lvlqQtl9c2ksOf9ejT7ZWUBX46E8EwAAAAAgXsBMkDglZmbynvbgYU/ZhnkJG04YlphhTGwmd4veSki4ay6NJS2ZITMBAAAAAHh6wEyQOCXmZsKoTpi3nf2/82DCpupQ6aaEg3pfyrXPt7/MOlcSXlm2/u4YK1lED7SFq1/5+Np5z0Y2mCrh5e2nevQNMDYue4UWfNmxqEddi7jbUrb9p2ztea8uuabLxMF3l7DFXln01taD+qohQmbSeXD90YcndrzFDuWllwsuqb0kt8+/9nfqwRFvaKvTXlh30MvzTnSHOjNor6Ri1z7fSAvSUXbup4L19y8VsOP+yVvqIg/f+gl7VHAhpDlNn++dp578K8s28pK3XuMXg8GuUOdBdcsa1fv5pUjY6DkfKtyUcI1dDbYl+WoAAAAAAEwTmAkSp8TaTK7V7F3jSKjm46DGM5Nre+e9q5ePaQ192UxoskkfSUXloj3+WkLCNW3xhwla2/1awryN2u6oVP33xIaEvW16yf0wQ7JkM2FSoTfr54l+EqMbKBe2J7yhupairHeQw3DrYMc276UlmdxnNDNJeK9Gfdi2N+Hll19+aQmfRVsWQtPZqZ/DuQ8S1pVphfsXSaO5Qnsv+mnC+s81N2v6eMm8D7WLQRczQd+4MtZJB6JNAwAAAABMD5gJEqfEzEx0/u619Xt06xjPTGreW5RjvhPFaCahdnbZOtHTQjaiKQHxwbyEamYU1QmL9pq2RcejzhoXo5mEtpn5aoJ2uAYzeUiqs/2S9uD+0fW6FLFj3ngqZD7cTHQD6aHp1/Zc4w+2z0sIdw/N+YRXM/nUeGZCMhbawdg1OtoiVZ7oYs5LD3WhiEMCAAAAAJgmMBMkTomZmYjRXA+vud9KWFLAJsczE0V55aWEl197a/vnTWKuwUz0MVTswaYErcmu9m/I8K1tZMO7Et7aoXU+MO43Ucmid8OM4+IYzEQ6QjoR7QhlM1GnpXtOOvcu0gTG0K+im4l4SHsR58tkSS+/21S26NVXXtEGjGnXbTwzMXWGsPPazzYqX0xeHnoAAAAAADANYCZInBJ7M2FoDWVju1/q/VAZu3vt8+20ZKflPpNxzUQqN3G3pYy5ij6Ii3jYXa3evRFmmNNTNJOmHfPmhfZYDTMBAAAAwEwDZoLEKfE2E3E/iaJQg95gJioFP014r5ZNTGwmY9UJLxn2YqLH81bCZsOYqfvnPnhNvTfdxNTMRKl776XQvS7KcNn6BHb3uRKVmdBF4MOxGGOTMRPDLujh+qNsvBjMBAAAAAAxAmaCxCkxN5Oxu+c/XpLg4PeLX0tImKfdEc7u0g5jJtXvztt+gU1MbCbqTRfidnPlofnW9vunNoobxDXa9hq7OzSmaCbsK30THNoJmu6ADy0zOTMp+mno1pT3HKHr9vDo+tB9I9Ley9YlLMnRbvs33QEPMwEAAABALICZIHFKzMxE/aXFrR/w78Mt0EdVzWOPXqby115OKEifpzWma95bso4t/MHWjQn6Hd6TMZPOwjW01Ea24vqXtbZ49SvL1vNdUwn/kq6Dy+apy3zAvudXfIGVxJTNRD2RRes+2PjT1xJeekVzrajM5GHtewkvsQvywbpF8zYUhIxu+AStS+Xszht57/fPsyv42lt0ygn6yDcFZgIAAACAmAEzQeKUWJgJAAAAAACYM8BMkDgFZgIAAAAAACIAM0HiFJgJAAAAAACIwNTMxLw2AJMGZgIAAAAAACIAMwFxAmYCAAAAAAAiADMBcQJmAgAAAAAAIgAzAXECZgIAAAAAACIAMwFxAmYCAAAAAAAiADMBcQJmAgAAAAAAIgAzAXECZgIAAAAAACIAMwFxAmYCAAAAAAAiADMBcQJmAgAAAAAAIgAzAXECZgIAAAAAACIAMwFxAmYCAAAAAAAiADMBcQJmAgAAAAAAIgAzAXECZjJNyrLczoMXzKVgdhG44Lk8k+t2a2aV31xm4Uqpp9tcBgAAANgAzATEiViZyWhv5k6PM929Y19FeVO/eW5c8TtdJaFHjRXlE7fxpkDVPrezsMVcCp4emelup5q0j0r6HpvnhifQcOD8pOv2JAgdw86S3lHz3KnTuqO8y1xm4UqJp8NcBuKMvzzbXXVXf9RY4UwvkmdPh4YCvVJllQxMsmJPg+4TRXx3emw7EQDAbARmAuJELMzEk+F2ZlSYS58a/pyCipz6oPbIRjPxe+kPdnaWOy27hCYaYt9WAJOBrEBMP63mFB1DfqM2/Vl2TF8OHZkn7KrQYPowM0kTNXB8M6k96HYWNJlLI0JmoveJjTnTDxvm2YEr3KGqfjL52jsy1ZMCAMwWno6ZBG9crfX6HqCB9SwRAzPxO3PO9JnKhlucuysGAr2ZJC3ZXkX9K1t2sKw30Hu96niOt8VTdbXDdzLT5X7Alm5y7T5c39o7EOiiv/FqiZJd6KWS696KHcfUD4/9XtdOD5VcPFbGW2YHXFproD7PTQfAp1X8tMCB7W5NTXQzKcwp6wj0D9xocrqOK/zzyINVZec6QscT6NePZ8zpOuzxdnT4TqeZ/u4+9qcdaajM0TcOZgBGM2HdZfnpbtF8582sB5crco41DdzuyCn1sVK/l4uEM8Pj2l5ET71nt7thWF3hbkPa/tO0pNPF221+tSb3lxdWVHYYtsMrKkc2E0Xpr9qntikfX1XX7aJKm98YFJvqaL5QqXZ2sD7GAu9Fn6/+LjukwhMVrp0l9efoCJu04/d7d+z2NN3ory087FRPcyBwYcfRVtpIcFS0XEdYda262tt6QT9mdjyug6f5CwomE0uYmShBX5pbrVfCTPxnqBax96sTx9l7yOORz7LczrwL9MTRzMIMd632duehh7QFUcfkTUtmolXyzPQiqiSFVb7rd5XuyqKcY77rt/vL3YfV2sWqfc5RttNKt6f2ctWOrJO0C15tmG9sN1SSR8F+OlTa6SN9FxyDmagVuFZ91+W7oPPi1Ymd5uORgUCrOCkAwBzjaZjJHZ/WafvRafMsMHeJgZk0pRVfNRV1HDtcyxvv3V7+N5X+yn7WNqYWUbuf/T0m+qpK1J6HJufuKl5CfxeNXRxjXGxYf4WmH6yE/mA3HdGGsuSku7OrZDNiZhKs1/+UWvpMxPHoH0Najqfj9IHzmnqkGT+q7C4vqqRGZNPJzEq09mYKupmMBm9ccKkD7axmQvXKcEuGMJN0j6dJrZZayQiJbrf6YQ35J9dmSTks29ExmolysdDdoL4KGrR6NObcfdq0KWXYt+OoNBqLavj24/ryITPRb2oaaSjw8BeLODWt5dpxWvQQlmVrYk/Hw18SrJ7zVxCICaqZqBWJPdLNhGrRdf0jP/4ewvRD/5iDnmg+wd/E8o2VRyCbCX+zYoMG9XXFRzOKElRrF9uO9kZKRpFRwU2bqrGij9TiS+dv1ybCdu/IZmKpwAwmNsELeiX0o88EgLlKvM2E/shxLamfzphov1f+NE59RwvzTjc92Ps+P9TsEvVDqWnjHOfPwDNCfMwkX/oYm/99Nf6V1T+T07Qh1NgS0+UFJS71xhVhJuJZo9Ub2P+70o7QfvuceYZPr7mZ0P+y+V9u3Uw6vFVpLq0uKcYWm+l4xPBusTCYyVBzbYD1hl2tr6py7mX6ajUT8haXy51dqLfRhZmolquiVjw/E2nx1KvVTCnM9qRll+kD/Y3b0TGZCVWhBt5SDIW9N/JNfeZlQkJvmHz7GlINl80kVKhNm81EfmWJ2i76kaY4OAdMFc1MWFcbvQ3qZiL34/EFJDNpkt9e2PM12GKsYxqhNyKXh99AJVcz+Wnlu5OqfUgYePWQq4GoeGH/XstLWiswI+gTXXMwEwDmMPE2k3ypiRY98TKTynO++nNnqFmpf34zLZwwE5vNpMO5r2HAWDRNMwk2VuwoPNN0gw0SGN9MFDYu6+4Z7TPvEJqZdFcWFTaPKW1VbBeP/c6Msl51DAw/tshmcoVaunq0WWCmIrcCs81NNOnJHe3P/si9o0S16IhmIp56faDLWHlBkXNnWVW3WtP07cjvRkYzYe9avephiE0NBAbVWWxT9FZGm4KZzAl0M2E1zUPvNvzmjchmwsfj8eijqbU6JtZS1GdWfSMaFCOu428mlgqs0DlqHUQMmAkAc5Z4m4n4XFD90zu6w+X2XDYvMzHxMhP9726HM/tMr2FuNAgzqdo3PTGbncTATFjvhDNbG47FocqgjeZqq9qhm0AEM3FuP8kLusvZaK5yfVAKG5Ywvpk0HfGU6c0CCc1MFLWe7zhYxnbRWPFZmzabC3kEM1E6TssVG8xwrGbicbldJa3s8eMOU7tcW3g8M1FHc4X9BEStMKHbmWg78num3GQ8oH8hRMexw+VcZiywTVlGc4U1E30QY7DBrY3m2qEPT9ReU36vGM312e7QaC5eAjOJMSEzUbq99G6zQ/0j2FDgEaO5+EAsZib8XhT2kUr4P5T0hMp/4AzOqSJXMzEoSx7NFdFMtOUPTGU0l6UCj7HhZI879Bvw/OKkAABzjPiayaCvo75M6qV1G/5ATp7xzOSx3+k6XK92dIgPV5wfnSwrLKLCnJ3upsYKV1YFTevvlezjQ/YZOS1vfsuWzOTuGX3UUFd2yZmBG1ed+hsxOUYlu6GwPyfD3fGAvZOyPwOuoqbmqyRdfNS4QDOT0eAB/oGQurx8APy92JlellngpVPwZLlrr3kLq3y1x8q0+7PV+wJp4zQ3p8Z87/cMJxZmQjzqbXJtV+vSvqqLAVZSX8i+wCq7xMfHIUQ2k8wTrexe+XT3gRO8QdnHR155zvVGMBMmq4Z73zkhM6G/oNRW4w25A7s9TpdnR56XtyQimYmi9J6ryt7NxpJlFxo+1wYzEPE5i3O758qg2pB63NegVj+qTmnqk/ug+TRbwOW5yBcY10wYlQVsXdde/gG2n1fsfG/XI+t2dMQxuIxf8FpfwjbFanJNh9hU2s4S3hsjqhm7IX4cM8k/37eD1sooodcCn+fJZjW5sCn0muo9d5K9fFyehjvaUcFM4oVkJqoZiuZ+ed5h9iaWUaJZY7CVSpz8eRntZc+p+nXA9AelvqBE1DF9S4zIZkJ/N9l7Gm1kb6iLI6KZVBTuYwcghnD3nT9JD01dHqYKQxWYHyqrwMGm/Aztyz+uH9XuJAydFABgbhFXM6E3lxyv/2Ixe0PhmeyPAJhQv0TVGPam3FdVot/rzJyhSd24U9ymfK3KmVXFP0+q3e++rrARutotAfRHd7v+YbmGbiajQVKa0NfGq1TmaJ9iuvR3xgf1ZeW32QQdSRn/sKfp5IGzhuY1+wOgvrnLI47kA3DmsQ+BQu+2wQv825zoL8GVksO1w6Y2xCwjRmYyPeTRXFNh2Jddg9FWYO4ym99qwMwBggoAmCrxM5N89ZNpHv65XfSM02dSGOplZsvwtqP0OXeoGcoHvDYVa7fj8xg/o9buM7nYqn1eqDKav4/1TbOoH3uLr5MnM6liH9iz7pRQjANhw5qJYXn1HVzq6ZaG0uqfqXuy3M6PSgrVO1lnF3PGTAYCva7Qt9MAMBeBmQA7gJkAAKZKXMxk0Ce0JK3AZ8Nvyo5jJtp3+XMaKwqb2f8jmMlATUnYAa8q8n0mGqKHhP12FR+QE2zl55V9lP84d780SMPMOGZiPoDIZqIx2iVukJgtzEgzAQAAAAAAM4V4mIncW2KDlijjmklfTQn7TiQVaTTXuGbCR3OFu+lUCWsmTt0o1BuvmZl0VxZ1GL/92Jnu0X7OwoIwk88+MozmMi09KTNRz8vweMYDMwEAAAAAABGIuZmwO8I/qrryOOiM+q4SK+OYCXGlqoIpkMtTe0Nr8EcyE8ZY/l42psul38ynE8ZMHt1oYN0+u8uC9WXcTILnjwvpKr+m7vHxoHYMGYebjHenCDPhPS1pJbybJXQA5U18+Nn4ZjLcwW9YdGYU2XYx4wXMBAAAAAAARCDmZqIMar/4Puta0hPzuEn+CXD+HbVgPGAmAAAAAAAgArE3E0Up3Fdi18+ozyxun8mpDzWg09QvjwfjATMBAAAAAAARiIeZzGHEjwa49pZN9wvH5jowEwAAAAAAEAGYCYgTMBMAAAAAABABmAmIEzATAAAAAAAQAZgJiBMwEwAAAAAAEAGYCYgTMBMAAAAAABABmAmIEzATAAAAAAAQAZgJiBNPy0wciRnmogmo35aYbC4DIBxtFfuSEpMdicmL304fNc+0h5a9Kx1vFphLbcKx6oi5SFG6POv5qyYlabl53jTwupK7zGVTI1Cx2TE/zMuZDpj98O2zyB3HsjxzWdxozE4taW5p7DSXT0R0NWGF5W05a5G5JDKBxtJdG6huJ69OK1crOXvl6lnvMf2y8szAeJDJ2+rMCwAw94CZgDgx+83ET38Ylua2ise+rOVUEvoT21cqzfV7VvG/Jcu3zMkf8wFEsN6RtLyipqa6pmbLhrXmubOByGZiL5HbozlL1puLJk0YMxmpTLWcgsNVbyqZ9bTnORJjU/FGKs2X1AK9AUZ4Qq2I6x+5JoyH1Uymii9r7YpNeb5G34r5ybc7G6rVV64jMVWdaOia6G9O2/7YXOqI8IOszkndUsImWkK/7TwuKzx+cxEAswqYCYgTc8BMVm/NWJoY+hTZkZSxLfQntjV3WfK60FxmJnyK/p6VBfRiMIdwWOtJsLk4LYXK1+2tUR+zutRbk8k/pqXHgZLUCr1qj1amF/exVRbOT05alppVe0dRG9ldAV9SEtPa3LODitqM0/xhoiUZt2pYyYKVrANHPxi+fIixO7QdKt9Ve0dsWV5SmAlrC475dr0uTrN1YSbT7N7afbTwirRSXroicX1vLTvH1FNst+veXE7C1hLU1vHuZFumfbXsXyu3R/lGkhatp8I2D1uG4lVlqWvsDp1F9agSbK/kh7p6J7ueIWXip6l9kJzBzCTQIF2KQd6R5RAfHARqti1jnyM4+FN2qyZrw1qa3lLSLI6HzpSfnUqrYzPbIzuXxOSFb+vvId1HxIfW7DjVZ4euHu2uTSuOK/TUUI2q1mvUisQUnyedneaCtYExpXh9snjjqd4sH2H9trOjqxctd8xfyasl0VKSwVZMWu69pZgvoFrxHMaKNHrpCF9G7WoY4qsv3bCPz7VeFnH9qd1Mc9vay9XVl1e0a32N/FKLSiVIVavT0k1HUtXnjl5QweYjqcuWL81tVd+o7zg2VerdlUOO9aXslNXqkbRKe9asB6PUZoiXoeEPhP4S0x7yajZ/ZTWdY3sBP/6n02tRlyF36Zhe1/zh4rfT6SBXLNCeuNDSAMw2YCYgTsTCTByLVi5esL4tMLjtzWSvukZXUUpKbk2gvd6RuHJb3RBbRv3DszopeXEG+8SOGluLf51XfcXvzd3MP1vatijZ8WZmIOBfvSi5a0wRZuJ1rSw2jFPw0/KBUr0d0Fea2x768I/+8DuW5UntzpCZUCHMZC7id2zQWnUCR1J6BW+RdxaknhridcnHKpX4XH9QWytQvk6tZo7XtYaRL3N5m7rYuhKtwbEtiddDzUwmXJJXQl7Cl/eqB8OXFywUrZZgpdiyvKTBTIhL2VmX1LlZy1nLfaRmRb76wugrVc+RLcZXJ1LVIyHWMVEZUpr3pVayZWhfNEs2E1N3jSNR6zOhRtXCNO51IfgLTRyYI1FrO3rTWOPbeinCdfv49c/sh+gqtalPSrA2g17FAv6MKOqnCfSsiXPhq7D/hzMT7Wo8BfhRDVJznD+mJ0K807DLO+YTvbjiiqnUO17P5lNatWzP054mRcldlTxq7IYyVTyBePdbSs81X32sk4xuNPxlEdefzd3VqJXyOha61Hql4lRsTObPlKJWDEU1k1x9w/yNmp61daXMzOnNWX2nHXKs4qMf74Q/GJLYt6WXiVRPxJmyGqIqt5il6Lt7Okhm0pa71vi6rjfKUj36TMBsB2YC4kRMzCRxufYXTm8xiL9w3rTlvDHB/vB0HlnoqudtJ/MfbyV8a5L9eUtK0RfkMDOhZhlvA9GfhzbpbzPtlzUCqLmptZB0MxkbJSmK0R0I4KkSammFSkJNar9jU6Wh/01vW/A2IvkqVTy2WEYDn8+6UHpYi1B4LK9CuplMvCQ1yqUWmHl5gdQUGxpvywYz0btKtM6Ts5n61lr5ivIwG0ei9qrJWZJMc7vy13u1luVQxSajmSSuDOiNTvWhMJMwI/5ZB5HBTNJ5uTAT06WIaCb1oas0Vr94f2h8Jh0hf6lmqWcqDkmdVkfyhDMT/QTjTl8pb4OKAV3GJ0K9UEt4E3yQdwHp1C/MYk8oQ62WzEP0s6DpihHZTMzVQyDe/WhfYnV6amj1cJfFYCb67rXmvqg2olJxtkhntFg3E1HCp5mQq25WvJ4/fQ2ri7SmuSMps8HyHG1blNxrqHiinoTOlI6HzpTe1X3Sh0ozw0z8xWu0w9CfjlbHm5liQZgJmAPATECciImZqI0DFe3tOPRnpvsI/ztNDSB5KLblj7fhfVxtqLHWpCMxWf8UWKCaCfvImW1todq+1P82t2qjCEKtBGYmgcCgN3Olpj1grjEkPnjWCV+XtMd628KXuTzAPujlUl2/Yn8z1ROe0THDZ9VGM5l4yRWGoSbm5QVyZ8V4WzaaCTtatrDa/mMtV33hQJA1BY2vqXSxKZorGq+K1JAVtFTscyQu568PyUwyxHktTEz2tQ8G7o2azGS0vdTBRoKl7KphF9x6KSKZiWQXZr3UOxn4mcpb0M4xnJmYTipetDL308dc8X45y5ub1lgnDeYL6EgVVa2WhrMQrqI9NlcPQchMQu/D7Hk0b1DDYCZirm4mhmqjzzScEZ+2mokYcKi9HruPpFbomwoM8T4T+WBMDXfpWQ5zpoErlUl0edU6OjPMhL2lWJ8OT1qK443NfAGYCZjtwExAnHh6ZpLcsF/r/lbC/PEO35qsuF652mMejcCXpAYBW1L9DFL7m3c9TzQR9AG+ep9JsDL08SSYWzikm45UJtVnojRm0wS1otTGorwKw9rI1s1k4iW3JBr7TCxjojiOpNAnrONt2WQm1MCl9p/WH1iXIYbTcIyvKcMAmK789eIDcG+atbWqtOWn8PFU4cwkNE6pIcMwmsu319DfYr0UkcxEaRivz4RQB3rV8zON2GfCupu6LK3e+NGYTdqm3R69P1UMqxPzNYU7lV49EhpZqmM2k96ilEh9JuNUpJCZhOszsVyWyGYS/vsP5D6Tcc1Etf0u5Y52m9CY1CemEu5gQkj1JPyZjrYXcF+dGWZifTY1ti3iXUYwEzDrgZmAOBEfM9mm361bsUkbcy/aWOtKWWvD+sc7NJrrep40mouNBzN+0KiZidJXunrNej6L/82TxqOr36TJNhL6+0GHhF6TuUnnEUfSSv7dXLk72fgiz5pkxxubAwF/ivGeJYY0UtyxbK24vSH3zeRdJTUtZ2sqPJm88T2OmUy8JB3P6qTk4rPN1RXa8o75633tfr68oGxD8q6K5t7A4K6fLhdblpe0mokyUrN02XLxUTa1iStoLzWlu86yh/JrKnAqffGv83rbfbmbUtS5d2jLfF8LFxm+ymnd3tJAYDB348oG9bWekpTcFhgMGMyEplfSum2NpXxdcWC9x1K1DwLmr+wN132kNO+jg6R15YGUjqQUemoUtQ2X9NPMQKBzaZL5tcneN/Thl8G6jBU7K1t6Bosz1vKb1tjpLKLnd3Dbmyufrpmk0huafmuNwi5UanFfmDc3NpFkuPtIxWwmCltsJV3/3is12ijW5n2r9/v4BeQVz1qRxLl3eVL46vRs8s9zwl4Wfv27bg1ZzYRXG7lSaVzKpvJAT3N17mZ+f1RYM1GU1qXL2PBaTuqi5NyKBl9NzQo2mMt0MA2ymSsGMwm9xNZtKmVv7Bv20RWgXW87y579io3JFe2DvaFvx/Jrn030HOHdNQ5tqLBWvprqp1RevIbd8c/Lfaps84+xqJzfxyXK+W0zopwh3wE/1mp8XTd4Kny8MquzBx2L0umhvjQAsw+YCYgT8TEThX+XS+Ly4mbtNkrtD89YZ+4q1lgM88d71F+tfn2Q/H1KfIGFicu31IrbMXUzYStqw8PUv3nsPkt9GTFX+mSL/pCsKlDbqQCAaTNSI27XVtQ3AWnedGnLXWsZpDe7IWnBN3AAAGYRMBMQJ2JhJgCAZ44e+UaRIXXUnG1se93wm0WzHz//fioAAJgtwExAnICZAABsgf+AQ9KitavTbOwwaaBtqr/mMUcoXpOctEz7EjMAAJgtwExAnICZAAAAAACACMBMQJyAmQAAAAAAgAjATECcgJkAAAAAAIAIwExAnICZgLkLfkMAAAAAsAGYCYgTMBMwd4nSTPTf5QRgqrDvJS8Tv61RlzHejxXOZurlX7DFiwWAZwSYCYgTMBMwd4naTOZeaxLEB2Ym/McHGeObyeLE9aEf6ZuVTOHFJf9MJwBglgIzAXECZgLmGrdqkhKTF76d6b3VrDWebtVkbVjrSEzeUtKsLzS0etFyR9Jy8XW0Dle9Z9Nax7K8NpgJiB5mJt605V7+I/aSmaxjPzVL1ZL9jGybh329shr2sKUkg03PX9ur/vBrcVrKwvnJVDk9l0K/XDnzMJhJb+0+dgpJy1vUE9fOKDE59bCv2sVeeiy2/vgmACDOwExAnICZgDmGI0n7sYhgZbraeBpivqG2+YK1GbntitKet1T/VDt3VTL/wTt5UMoKtb0IwNRhZqKw6rSSPdLNJDVJ1C5WG9UF9D6T9rwttZqBLExcSy1+6QcrZzKSmYzUrMjv5JPr1NcReb6+GAN9JgDMAWAmIE7ATMDcQv4oV53uln+b3E9tJq9L+vi2LoM3EOUPdFckZYppAKaCZiZKX/nCLJ8wE943wlnB2+66mbDaaLxnI2sV613JrZjhv3kfeqF1edabTqFhb4pjQUpqbiVfAGYCwBwAZgLiBMwEzC1sMJMtGHYCokQ3E95tcj1v8STMpCUwGNDDlxntrk9KSi7T+iFmJgYzqbCcgteTsWJBckopOweYCQBzAJgJiBMwEzDHcLyutQJH6zLMo7kq09loru4jvHVI5CzTR3NJNuI7O8M/rgYzlpCZKJ0FSzelr1DNZNvrYUZz5XLxaM9b7QmvII41VCdH2wLqg1F/QK3DDY1+tcaGKeePebmow74etnhvY4NcHrjeIMrVlfyinK+llQda+atDL9d3yjCM5lpoHL4lcCSmqP9meNWDBADMXmAmIE7ATMBcI3QH/JDWeAr42N3thjvgR813wEtm4khSbxIAYMpIZqJ6r7gDPlW6A15ht4xnrliQ7FiQzaZr1NvHE5PX7SynLSxewKaT3khhVtB9ZPFeH/2/qygl65LCxGb+5oq+8OVsu3q5VodHGpI20jaV1UnJcvm2RcminG9ElHP14OUNGSvZvkS5vnEVwx3wgUulSeoprN7EvGv1G+xkHQtWtqlm0+JJXzo/OWkD2yMAYJYCMwFxAmYCAAAAAAAiEEMzuVjodqZPNuaVwZwDZgIAAAAAACIQQzNpKGDKkVZ8NVT0eKT+nO9ia7+0jCcaM/F7XQVnaFP1VadpXf597jHlgMu9o7zLXDo7CTaeNBfFBZgJAAAAAACIQIzNJKOo73GopHC31kNyRcjE476GwpIozCTzhDbwlNymrMM41z6cBU3mojlA8KqrRNLFeAEzAQAAAAAAEYitmeQ3So/bqpzbj5NVlGeTnJRIM5TpmInS7c2s7KX/02aVwRbaFJeJ4LUzaS6mRgO6GjldFVdOlLlc7rTdZfTwwG6P0+XZkad/x2Cw1bWdWZNW0nEm+6PQSLP8dLe+x7HsLNbPk7az5JH6uPtEkTP7TGUB86sDJ7RvKRm4coatu91T38u/cWSG8TTkBGYCAAAAAAAiED8z6a0sosZ6r2YmBhWZjpn0VZUUqt+CQ5vNz3BXnvMNqOVp6Wy69liZM9vbrcqJM70ss8Bbe87nyXLXXvMWVrG5tNgDdXlal0rqz/lydrrLu8eU0eBA4IIz78JAgI09E2ZCHrLD7aXFKguL0tQeFWYmZDgFrFCcCG22/tzV+qrTVXd5wYyjcLc7znICMwEAAAAAABGIn5kolyuc28seKCPdl73O9MPSjGjMhPdmUDILte8WJDMJjepqPpnfqH2rOROhfewr0qW9+J0HL/CpB/Vl5cw4rsoDt/QunSZRKMzEmV4kFst3sQ0yM9ELaZp/GTuZSfeDGf616mMD9ceruuPXpQMzAQAAAAAAEYitmbj2nZZLMl2aTrBOCY3RXh/TDHmxiZFHc+mw0Vw6AzUlqm8w2O0u208qBqnwhzyksYItGWiQN+hM96j/D2smFWIx2uOAZiZaoTATNt3MBnQ1xeH2/GgYS8soK78W14ODmQAAgE2w3zNxiB/uqMsQv2diImeJ9hvws5A71TU11TX7FqeVqhM15vkWUvEb8ADMfmJrJqxPo1JSiMHWzKyS/KNaf4WiNevNg7smZiIzGafPZHwzmW6fSRgzIR7d8Bq+mmzGMHC+Is5aosBMAADANpiZLEzUf2xxfDNZnDh7zYRj+KXFyLDfgDeXAQBmGTE3k0nGvHJkJjQTRXG53JXnrtaeOC7dZxLBTBTPTnafSVNrx4HdoktnxOk63HubjREL3WdSWbLD7b3e7KssKQndZ2Ixk8yDpzsC/ZWFRZ7LM66FPXD+ePy1RIGZAACAbai/AR+sWZim9iToZtJVlJKSW9PSM+jZunZb3dBocJDKc5oHA4Ehhf0u+9rewGBbXd5CVz1twfFmZsUVf1tjZXG7YdMzDIOZOBJXtgUGe69UOtYcYQ/VMwq0+7aUtI7eo5NNr6CH9+I3ShkAYDsxNBMAZGAmAABgE6qZKErZhuSGkZCZyD0njsS1vIT3mfQWpYgu/VTW2dJKZlLdM/Mb8ZKZnM0s7tEmc5aw0yczkU8AfSYAzAFgJiBOwEwAAMAmNDNR+soXZvkkM8kQS6xQx3oJM/G6kh2JoVBJ1qrlNJFboX3Z/UwlZCZdnvWmU2jYm+JYkJKaW8kXgJkAMAeAmYA4ATMBAACb0M1EUYrXJLd1HlkxUZ8JNeu9Yb8wMlDj2DzxzeVPD6nPpC4jt9MwT2Ns0JGUrsBMAJgTwExAnICZAACATYTMROksWLopnZvJttf1QmXIsSxPUc1Ea8235632hG3XK+o9G6NtAfXBqD+gCkxDo18dKBWmnD/m5b6zWpeLTx0Y1tvYIJcHrjeIcnUlvyjna2nlgVY+KEsv13fKkMxkpEa9QyYMjsQU9d+M8PYFAJg9wExAnICZAACATUhmoig5y5JFb0nqm2yM1sK3tWFdvbWZKxYkOxZks+mafXwc1Lqd5bSFxQvYdNIbKcwKuo8s3st+HKyrKCXrksLEZv7mir7w5Wy7erkjaSV7ONKQtJF9hfHqpGS5fNuiZFHONyLKuXrw8oaMlWxfolzfuIrhDvjApdIk9RRWb2LetfoNdrKOBSvbVLNp8aQvnZ+cJL5MGQAwC4GZgDgBMwEAAAAAABGAmYA4ATMBAAAAAAARgJmAOAEzAQAAAAAAEYCZgDgBMwEAAAAAABGAmYA4ATMBAAAAAAARgJmAOAEzAQAAAAAAEYCZgDgBMwEAAJtg3xpcpn7TLkP/Dfi5Rb38i+/8R98BAHMemAmIEzATAACwCWYmDvHDHeObSc4S7TfgZyF3qmtqqmv2LU4rVScm/qH6VPwGPACzH5gJiBMwEwAAsAlmJt605d6g+kgyk3XSLy22eVL0Dgf2sKUkg03PX9ur/lB6cVrKwvnJjqTlnktD2lZnIoZfWuytVX8sMml5i3ri2hklJqce9lW71monu+qIWB4AMOuAmYA4ATMBAACbUH8DPlizME3tSdDNpKsoJSW3pqVn0LN17ba6odHgIJXnNA8GAsw9HElrewODbXV5C131tAXHm5kVV/xtjZXF7YZNzzAMZuJIXNkWGOy9UulYw/SDn1Gg3belpHX0Hp1segU9vKf+IDwAYHYCMwFxAmYCAAA2oZqJopRtSG4YCZmJPKbLkbiWl/DRXL1FKQ36rFR2z0YrmUl1z8xvxEtmcjazuEebzFnCTp/MRD4BB0ZzATD7gZmAOAEzAQAAm9DMRFG7EZTreYs1M2Gjtjgr1FvGhZl4XcktgcGAHr7MaHd9UlJyWadYaQYSMpMuz3rWJWI8Ba8nY8WC5JRSdg4wEwDmADATECdgJgAAYBMhMylek9zWeWTFRH0m1Kz3qreXmAnUODZPfHP500PqM6nLyA0rUWODjqR0BWYCwJwAZgLiBMwEAABsImQmCmuRJ3MnCdZlrNhZ2dIzWJzB7jOhkpSk5IWbKwPtrHHvSFxe3djZe6Vh1wZqxzd4KnxtgUFfSebqIr9yNtOxoTxApRnJ60oH2V0oicuzLrEBVPwbwORytku9XPsy354jjteztSORylfTQ72cb1yU+9hqWjnJFduXKNcPRsVwn8nCxOSKs8297b7cTSn0cIunMhAYbGss5bed0NzV+3293XfE8gCAWQfMBMQJmAkAAAAAAIgAzATECZgJAAAAAACIAMwExAmYCQAAAAAAiADMBMQJmAkAAAAAAIgAzATECZgJAAAAAACIAMwExAmYCQAAAAAAiADMBMQJmAkAAAAAAIgAzATECZgJAADYBPs9k7I+/VFdhvwbi3OFevV3WkIxzwcAzEVgJiBOwEwAAMAmmJksFI318c1ksf4b8LMWwy8tRga/AQ/AHABmAuIEzAQAAGyCmYk3bbk3qD6SzGTdm8sdickL386g6TZPit7hwB62lGSw6flre8fYksVpKQvnJzuSlnsusV+Ln6kYzKS3dh87haTlLeqJa2eUmJx62FftWqud7Cr2e/AAgFkKzATECZgJAADYBDMThfUSrGSPdDNJTRJDnoYcy/LUBfQ+k/a8LbWagSxMXEst/m11+rIzGslMRmpW5HfyyXVqf5HDVa8vxkCfCQBzAJgJiBMwEwAAsAnNTJS+8oVZPmEmvG+Es4K33XUz8brM92xkrWK9K7kVrWKVGUnITLo8602n0LA3xbEgJTW3ki8AMwFgDvB0zOQ3B493dt0yl4I5DcwEAABsQjcT3m1yPW/xJMykJTAY0MOXGe2uT0pKLtP6IWYmBjOpsJyC15OxYkFySik7B5gJAHOAp2MmznR33iHtQw7wjAAzAQAAmwiZidJZsHRT+grVTLa9HmY0Vy4Xj/a81Z7wCuJYc4QkpS2gPhj1B9S7UBoa/aPqY2s5f8zLfWe1LhdfD1u8t7FBLg9cbxDl6kp+Uc7X0soDreq+RLm+U4ZhNNdC4/AtgSMxRf03w6seJABg9hJvMzmQfyIzu8RcCp4BYCYAAGATkpkoSs6yZHEHfKp0B7zCbhnPXLEg2bEgm03XqLePJyav21lOW1i8gE0nvZHCrKD7yOK9Pvp/V1FK1iWFic38zRV94cvZdvVyR5J6o8tIQ9JG2qayOilZLt+2KFmU842Icq4evLwhYyXblyjXN65iuAM+cKk0ST2F1ZuYd61+g52sY8HKNtVsWjzpS+cnJ21gewQAzFLiaiatbX5nuptSU8ve4aJF24hIfqN5CTADgZkAAAAAAIAIxM9Mzp2/ykXCtfOwkArzQlOh+0SR1h8MZgMwEwAAAAAAEIH4mQlXkU/2H+vqvr17TwnM5FkDZgIAAAAAACIQczMZHf3/27sf3yauRP/7/1uklVa6UiUrVW61jSqqKqilZVEpzwpUKdXz0FXdvTa+OCzhxl++ufxK/GDFSbBwIeaGNeHGBDAEUz/5URISkm/wloCTXVMghDvPOXNmxuOJY0KwJ7/eLx3B+MwP28nJeD4+Z2ZeLy+/0cxkYh/HJerF3OKi78iRTHz+8GBmPH420jmsbj2ltRyPZR89i54Uz9sjHw8nLlyKtZ5PDd2+6Q1cbj0eG7qdGbwU93bI8azRYLj/diY7Mn7hrL4wqo1kAgAAgApqm0zsZ4P8/df82C8zXvOqXPZZ6zvtpCSZjFyNjhiTIof0/WrNELKdqnNmOBH52aiKt4VfmrNVbhHJZGiOo+EaIpkAAACgghomkyfzCyJ1tLVfbA3JsVstrTIAqGTy6tVrMSHqxVwxEWjpcq68BvZksjBgDA/TS0+ffiWPoZ8u+wK2E1qGE6pe6AsVB5IZPSpPMnLJ47F5dfFCVBvJBAAAABXUMJn879OX/u3fz6vp6Zm/q3igkklP7L+NtKBpz5+/tKbfiaPPpHO45DLmD37q6n+qT/12t30tycQUD4Wz9seoEpIJAAAAKqhhMunqHbAix8DgfXsyuZS4Zc36ZeL/VCGZaFogEI4mM0O3b7acujmraS+HE77T13MTo95gV8vRtyeT0Ml49tGzhUfjLYHiQC9UEckEAKpE3s/EY92440bQup+JQ/tu4x7wW9CTawMD1wZOfeq7qE8MOOevcJh7wANbXw2Tyb37E179HJK+/0pbQ6pUTXZkWkyIepVYqpJMXucycuxWIBIdmtOjxVLrUflwbLEwePbtySR53hgPdubSqDULVUQyAYAqkcmksd682eLqyeTT+q2bTJSSOy1WJu8B76wDsMXUMJloZrdJ2ewRi6esWf8s/OaYi+2HZAIAVaLfA74w0OjTexLMZDLT09x8bmD08WLkLweO3Hi+VFgU9e0ji/n8c03el/1ALr84eaOjMTAktuD5sjUxNjc53N/7sGTTm0xJMvHU75vML+bG+j3fdMuH+jvKP8z8GJtY+od4s/6EePgPzhYFtrDaJhPAQjIBgCrRk4mmxb9tSr8oJhN7z4mn/oCqUX0muZ5ma5TBYdnZMiGSybXHm/8g3pZMbrX2PjYm23fLty+Sif0N0GcCbAMkE7iEZAIAVWIkE22+r7EtY0smQWuJvfpYLyuZpAJNnvpiETVtX+8RE+cSE9Yqm1IxmcxEDjneQvpks+fj5sPn5K0INJIJsC2QTOASkgkAVImZTDSt95umyenuvW/rMxGH9amSC1ia8gOeH95+cvnGsfWZ3Aiemy6ZZ1he9DT4NZIJsC2QTOASkgkAVEkxmWjT5z//3q+SyZFPzErtueeLDk1PJsbR/MOO/ZGyx/Wafs7G0mRef7A0l9cDTHp4Th8oVaZePVb1mVtGl0tGHxiWG07b6/MP0la9vtKcVa/WMurzE2pQlllvPqlkSyYvBvQzZMrw1Dfr/wbLpy8AWwfJBC4hmQBAldiSiaa1f9Fk9ZYc/lKO0Wr8kzGsKzfYuvfjJs/HITk9cEqNgzp4rE9s4dOP5XTDZ80yFcx2f3oyo+nn0Lfd12Sw+eiHxHz5erlds97TsE8+fJFu+E5ewnh/Q5O9/siuJqtebcSqV9FD1aeD++RzWfXmxnUlZ8Dn719s0N/C/u9l7tr/mXyzno/3TerJZjTi//yjpgbrYsoAtiCSCVxCMgEAAEAFJBO4hGQCAACACkgmcAnJBAAAABWQTOASkgkAAAAqIJnAJSQTAAAAVEAygUtIJgAAAKiAZAKXkEwAoErkVYPj+pV2JfMe8NvLkP2O7+qm7wC2PZIJXEIyAYAqkcnEY924Y/Vk0r7buAf8FvTk2sDAtYFTn/ou6hNvv1H9Ye4BD2x9JBO4hGQCAFUik0nKtydV0B/ZkslB250WJyPNZoeDfDgaC8rpjw7k9Bul9/qaGz9q8jTsidx/bmx1Myq502JuUL9ZZMOeUf2NG++ovulwV+Za4IDxZr/utpYHsOWQTOASkgkAVIl+D/jCQKNP70kwk8lMT3PzuYHRx4uRvxw4cuP5UmFR1LePLObzMnt4Gg7k8ouTNzoaA0NiC54vWxNjc5PD/b0PSza9yZQkE0/9vsn8Ym6s3/ONjB/qHeUfZn6MTSz9Q7xZf0I8/Id+Q3gAWxPJBC4hmQBAlejJRNPi3zalXxSTiX1Ml6f+gKpRo7lyPc1pc9Zhec7GhEgm1x5v/oN4WzK51dr72Jhs3y3fvkgm9jfgYTQXsPWRTOASkgkAVImRTDS9G0F70PGpkUzkqC1lr37KuJVMUoGm0fxi3ixqmaXZoYaGpvi0tdImVEwmM5FDskuk9C2kIsG9Hzc1X5TvgWQCbAMkE7iEZAIAVVJMJr3fNE1Od+99W5+JOKxP6aeXOOUHPD+8/eTyjWPrM7kRPFc2RC0vehr8GskE2BZIJnAJyQQAqqSYTDR5RN6kMknhRnDvsf7Rx4u9QXmeiahpbmhq/KE//1Ae3Hvq91wbns6Npf/6rTiOT0cSmcn8YibWur9nTrvV6vm2Ly9qg00HLy7Ks1Dq97TdlwOo1BXA7PXyKc1642K+j7s9n4SMV2Kr3y8emvVq41Z9Rq5m1ItwJZ/LqjdfjK7kPJPG+qbErZHcw8y575vFwx8j/fn84uTwRXXaiZi7/3QmN/vEWh7AlkMygUtIJgAAAKiAZAKXkEwAAABQAckELiGZAAAAoAKSCVxCMgEAAEAFJBO4hGQCAACACkgmcAnJBAAAABWQTOASkgkAAAAqIJnAJSQTAKgSeT+T+Lz56EbQfo/F7WJIv09LsTjnA9iOSCZwCckEAKpEJpNG62B99WTyqXkP+C2r5E6LlXEPeGAbIJnAJSQTAKgSmUxSvj2pgv7IlkwOfrnHU9/U+KegmJ6MNJsdDvLhaCwopz86kFuWS/b6mhs/avI07Incl3eL36xKkklu8JR8Cw17RvU3bryj+qbDXZlrgQPGm/1a3g8ewBblcjIp+Pxh32m+1NiJSCYAUCUymWiyl2CffGQmk8MN1pCn554vOvQFzD6Thx0/DhoJpLH+gDjiP3LDXHZTsyWTFwN7O6fV5EG9v8gTGDIXk+gzAbYB95LJwth1byAmpxYnvP7wwhvnAtjeSCYAUCVGMtHm+xrbMlYyUX0jyl517G4mk1TAec5G29eyd+VcYsJaZVMqJpOZyCHHW0ifbPZ83Hz4XL9agGQCbANuJZM3iyKNjKl+Z00buxTznrxesgC2O5IJAFSJmUxUt8mDjk/XkExG84t5s6hllmaHGhqa4kY/xOZUkkwSK95CKhLc+3FT80X5HkgmwDbgQjJZbgmEvcG4s3pp5n16TqKnenxis4FI5ErWOQ+bEskEAKqkmEy06fOff+/fqyeTI5+UGc11TgWPhx37I+UjiOebbvGRPJnXHyzN5fWzUNLDc0v645X16rGqz9wyulwyj+XiueG0vT7/IG3V6yvNWfVqLaM+P6E/l1VvPqlUMpqrsXT4lsVT36z/G0zpLxLA1lXzZJKOdgXO3pxSe51SU8m490Qi/eTddySzKe+xWOTK3aHkdd+JpHMuKioMX3VWuYJkAgBVYksm8oi8SY3mKtwI7j3WP/p4sTd44MgNeVZJc0NT4w/9+Yfy4N5Tv+fa8HRuLP3Xb/3iwzmSyEzmFzOx1v09c9qtVs+3fSIOpINNBy8uiu2Lhdvua6peK62XT2nWq1FV2uNuzych45XY6veLh2a92rhVn5GrGfW93zTJ57LqzRejKzkDvrG+KXFrJPcwc+57GUV+jPTn84uTwxf1cCXn7j+dyc0+sZYHsOXUPJksFJa8/oTx9Uip9Pnw7FJh4eU7J5O+UHjlVRC9IXpx1yp6Iuysqj2SCQAAACqoeTIRKiUTZ92avPw54T2RGJozD17fvFjIT3jbkgv5Z5rsE0j4/OH+25nBS3Errnj9l73HYkO3b6anxPJz3kBPdmRcDjPbqXlGhJNAbNxZW0skEwAAAFTgajIZup0xys+yc3bdycQ4d8UfjqamzJo5K2NEjoa9Z++qaRFR1IRYOG2efz8/EIvP6h012avWAjtOYdzlnhOSCQAAACpwNZmICaNGTxHvkUwML+fuGlcitiUTr7+nzxyVKp5CnSAvKo0qTYselanGKlb9jrJwJ+FbeVmCWiKZAAAAoIKtnUyEdiNaFJOJzx/uHDbOXekLhRf0CXsySZ6qwvNuaSKW9P1idiG5hWQCAACACrZ8MvH6I/r/L7xtRjKJBsPeU8aJLbbRXMVkMj8Q6xx2+7h8M1l2ubdEIZkAAACggi2ZTNKxmBqI5WuLWQkjHe0RNTl9+nUuI+92EuyZN++XYk8mwlgyIbcQ7Go9v/POgC/MOGtcQTIBAABABW4kk+KJ7yvKS+ey2LZIJgBQJfJ+JurOIdKNoLqfyUrtu417wG9BT64NDFwbOPWp76I+MeCcv8Jh7gEPbH1uJBNAI5kAQNXIZNKo7nKoVUomn9Zv3WSilNxpsTJ5D3hnHYAthmQCl5BMAKBK9HvAFwYafXpPgplMZnqam88NjD5ejPxF3gN+qbAo6ttHFvN5eT94T8OBXH5x8kZHY2BI3s39y9bE2NzkcH/vw5JNbzIlycRTv28yv5gb61c3fVfvKP8w82NsYukf4s36E+LhP5aKawPYakgmcAnJBACqRE8m+pG6fGQmk8MNZi+K9tzzRYe+gNln8rDjx0GZT4TG+gPiiP/IDXPZTc2WTF4M7O2cVpMH9f4ij4xYRfSZANsAyQQuIZkAQJUYyUSb72tsy1jJRByaW0vsVcfuZjJJBZo89cUiatq+3iMmziUmrFU2pWIymYkccryF9Mlmz8fNh8/1qwVIJsA2QDKBS0gmAFAlZjLRtN5vmianu/cayaR4tolHdowUk4k4rE8ZN/oqlR/w/PD2k8s3jq3P5EbwnNFlUmp50dPg10gmwLZAMoFLSCYAUCXFZKJNn//8e79KJkc+KTOayziaf9ixP1L2uF7Tz9lYmszrD5bm8nqASQ/P6adrlKlXj1V95pbR5ZJ5LBfPDaft9fkHaateX2nOqldrGfX5CXVqiFlvPqlUMppLP0OmDE99s/5vsHz6ArB1kEzgEpIJAFSJLZloWvsXTVZvyeEv5Ritxj8Zw7pyg617P27yfByS0wOn1Diog8f6xBY+/VhON3zWLFPBbPenJzOafg59231NBpuPfkjMl6+X2zXrPQ36iS4v0g3fyUsY729ostcf2dVk1auNWPUqeqj6dHCffC6r3ty4ruQM+Pz9iw36W9j/vcxd+z+Tb9bz8b5JPdmMRvyff9TUYF1MGcAWRDKBS0gmAAAAqIBkApeQTAAAAFAByQQuIZkAAACgApIJXEIyAQAAQAUkE7iEZAIAAIAKSCZwCckEAAAAFZBM4BKSCQAAACogmcAlJBMAqBJ5PxOPdeOOG0H73d/t2ncb94Dfgp5cGxi4NnDqU99FfeLtN6o/vOIe8KlAk2eXvJeLNNu9t754Exi7ydMH7HdNAbCBSCZwCckEAKpEJpOUb0+qoD+yJZODtjstTkaa1a0VPfXy4WgsKKc/OpDTb5Te62tu/KjJ07Ancv+5sdXNqOROi7lB/WaRDXtG9TduvKP6psNdmWuBA8ab/brbWl4kk5nOQ+em9Qe2ZGL/KWkPz5s/JTnX8VOyP4VaF0BNkUzgEpIJAFSJfg/4wkCjT+9JMJPJTE9z87mB0ceLkb8cOHLj+VJhUdS3jyzm8zJ7eBoO5PKLkzc6GgNDYgueL1sTY3OTw/29D0s2vcmUJBNP/b7J/GJurN/zjYwf6h3lH2Z+jE0s/UO8WX9CPPyHfkN4nUgm2vK05+vz8oGZTBw/JW3p+eH6pr2nR/L5RWub5k+p5CmszQKoHZIJXEIyAYAq0ZOJpsW/bUq/KCYT+5guT/0BVaNGc+V6mtPmrMPyAH1CJJNrj4sH8ZuVLZncau19bEy275ZvX8QG+xvwlBvNJf7NtO3rnS0mk5U/pSMimejPsuKn5HwKALVGMoFLSCYAUCVGMtH0bgTtQcenRjLRhyfprKNwlUzEMfpofjFvFrXM0uxQQ0NTXA122qSKyWQmckh2iZS+hVQkuPfjpuaL8j2slkyERvHTeNFvhI0VPyUrmZT9KdmfAkCtkUzgEpIJAFRJMZn0ftM0Od299219JuKwPqWfOOGUH/D88PaTyzeOrc/kRtA4Y8RhedHT4NcqJpN0cF+iMHTkbX0mq/6UzKcAUGskE7iEZAIAVVJMJpo8vG5SR9uFG8G9x/pHHy/2BvUzKDStuaGp8Yf+/EN52O2p33NteDo3lv7rt+IgOx1JZCbzi5lY6/6eOe1Wq+fbvrw8gm86eHFRnoVSv6ftvhxApa4AZq+XT2nWq7PGtcfdnk/kJbDkK7HV7xcPzXq1catenU6u6kW4ks9l1ZsvRldynkljfVPi1kjuYebc983i4Y+R/nx+cXL4ojrtRMzdfzqTm31iLW8lEzVXPfvKn1LiuybPLn8+rzpe7D+l0qfQ36b1Cos/JefbN39Ktnr9JRj19rev6W/fXm/9lIwfy+Nuq17/FZj1JT8lYPsgmcAlJBMAAABUQDKBS0gmAAAAqIBkApeQTAAAAFAByQQuIZkAAACgApIJXEIyAQAAQAUkE7iEZAIAAIAKSCZwCckEAAAAFZBM4BKSCQAAACpwL5k8nHp8KXHL6w//59nLt++MOWdjuyOZAAAAoAL3konIJPbS91+3nUtgWyOZAAAAoAI3komKItmRaXvl8bYLotJeg+2NZAIAAIAKap5Mfv7/pv736UvOWp2oF3OdtWsTPdXjC4S9gUjkStY5D5sSyQQAAAAV1DyZtP6v2Mz/eeKs1Yl6MfflyyXnjLeaTXmPxSJX7g4lr/tOJJ1zUVFh+KqzyhUkEwAAAFRQ82Ti9YdHxh6pAV1WZcf/22/V/23gnm3xNekLhWeddTWUPLXdRp1FT2zAOyKZAAAAoAI3kklP7L/LJhNVfzZ8xbb4mgyeDWffOOqy3vPGsK5Of7j1ypw+EZlKJeRTByJjBX3ecMJ79Org+Zio7ExOWCv36zUtHamxxWW9Ihsd0V4/uikqF6bkv47Xv+UVxgOxcWdljZFMAAAAUEHNk0l/cljlkJXJZGX9mi23BOSK0ZR1mkrZZFIMMD71LMMyqBgr9Eb6n+oT3ZFBlVvejEeD4Xm9zuuPdA6rWrkdNbGtFMZd7jkhmQAAAKCCmicT4dcnC//rP3+yJ5CLl4bEQ1G/3mRieDl31xuI6ZPlk4m1ZPq8PgBMJpMesy6rFgvZX8BwIjpSnKVsy2SycCfhC8adtbVEMgEAAEAFbiQT4dWr1wOD9+016iLC75lMhICx+tuSSXhFMnmT2cHJZFnEkr5fjE4hd5BMAAAAUIFLyWQ1759MvP6I/v+ct/2mPrHstSWT9G/GYvbRXC/1mnTYHM3VG0nqE/bRXPZkcuH4e73CzUfGEmdd7ZFMAAAAUIGryeQ/z162R5En83I01zrOgE/H5AnrovjaYtbX/mNX4l79LPa+UDGZjCVXnAHv71Hnu9vPgB/SN9jScf3eE+MMeHsy0QoT75+gNpHCjLPGFSQTAAAAVOBqMrFOebeXe/eLCaG6yozCKjnPBK4imQAAAKACV5OJy0gmmwrJBAAAABWQTOASkgkAAAAq2M7JBJsKyQQAAAAVkEzgEpIJAAAAKiCZwCUkEwAAAFRAMoFLSCYAAACogGQCl5BMAAAAUAHJBC4hmQAAAKACkglcQjIBAABABSQTuGTtyaTw/BXJBAAAYKcRR4DiOJBkgpp7p2Qi4rJzfQAAAGxr4giQZAI3rDGZ/CbDyavCc5IJAADAziKOAMVx4MqDw7KFZIL1e5dksqTONnFuAgAAANuUOsNkjR0mv5FM8D7eNZkUnr968XLpf/7HuR0AAABsJ+J4Txz1qXFcJBO4Ye3JRBW9ab4SbVSddkKhUCgUCoVC2X6l8FydW7LW00usQjLB+r1rMvnN7DyxRxQKhUKhUCgUyrYpKpC8U1eJVUgmWL91JBMKhUKhUCgUCqVsIZlg/UgmFAqFQqFQKJRqFZIJ1o9kQqFQKBQKhUKpViGZYP1IJhQKhUKhUCiUahWSCdaPZEKhUCgUCoVCqVYhmWD9SCYUCoVCoVAolGoVkgnWj2RCoVAoFAqFQqlWIZlg/UgmFAqFQqFQKJRqFZIJ1o9kQqFQKBQKhUKpViGZYP1IJhQKhUKhUCiUahWSCdaPZEKhUCgUCoVCqVYhmWD9SCYUCoVCoVAolGoVkgnWj2RCoVAoFAqFQqlWIZlg/UgmFAqFQqFQKJRqlWonk18nXjursG2RTCgUCoVCoVAo1SrVTCaD4Yj3ZKz1ypxzRu15/QlnFWqPZEKhUCgUCoVCqVapWjK5dynuDURea9l1JpO5lNcfDiXn7XUt/nDnsL1iVe+UTKLB8IKzDutBMqFQKBQKhUKhVKusJ5kEAmGRIkrK0a4HT5f0metPJmfCl73+rmLNm/FQ99WqJZPs1Vln1TZSGA/Exp2VtUcyoVAoFAqFQqFUq6wjmYyXxpJYbvGFbW42cP7m2JNlW83azKU6hzJnAmGr4uWty/3ZVLWSSbY3sp2TiaZFTxR/dK4hmVAoFAqFQqFQqlXWkUyypcnEEQn0ucFkaeUazOkhZORqJKunmqc3Q/6wNpxQyUSkFF8o8eDX3Jlj4fRvsmb2Sk/f+ciFZCablw/Vy+gMhqdUz00h6z0Wz46MBgJh3/ms9ubFhbbwWP7ZQv6ZmNkXUgfxc2LCF+gZup2JnAjHp/S6N+Pe0FWx2NTthO/8Xb1qyxDhxOWek3Ukk+e/LZnlVeE5hUKhUCgUCmVbFXGMZx3vrTwUrFzWkUxqNZpLhRBv4LL4N34i7Oset5LJysVEMjGyhE4kExFL0gXjYfSo2YEwl2r1y2kRQqw+E3syyZnLeUWA0TebNhfz+nvMya1ieWHocnJW/SLc8E7JRDXQwvOX/yy8/Mc/X1AoFAqFQqFQtmsRx3viqO9d88l6kommH9yrTJJbWnpwOxU51SWmxxaX3z+ZyK4See57lwweVjJZnOiPxX16IrKSiRUhNJki5AuwHoZKg5O2ejIx64xksjAQ6zNfvvfoVXPu1rBwJ+ELxp21tbT2ZGLGklcvXi79z/84twMAAIDtRBzviaM+vQvlHcLJOpNJp3HQX9Kr8F5XDTaTycuheP+v48ZFuoxk8kKEhOwbfbHJ5CrJJKFp896gMbSs2GdiWmMyEdqP6m8tGNtaN2YRsaTvF7PPyC3vlExE03z9Wv0WAQAAsP2JYz8VTlYeHJYt60wm2d6I1R1RYt13WjSTiaYti82+VJNmn4moaYnenRq56z3RtXoy0QrDCSMXFbLeQGTodqb/p8uhEzFRMXWpq/1Sdio/8/ItyWQ00DthVm4ZC3cuux9LtHdIJjKW/LNg/FYBAACwQ+jDul6Jo8EVx4dlyjqTiTZy1acnk7QcwVUNxWSi+azAYyaTez/F5MktgUhuaapCMtFTTdeFSfmShmIx8fJ8x3pCMf1E9jfzajBY7i3JROYiVXwnr5pzN73CjLPGFWtMJqrDhGQCAACw06hkssZuk/UmE2EpdyGWWthew3Na/ZHigzuXrXNOUNbak4k66925PgAAALY1dTZ87ZPJdhQJhvtHZhbyz3ITo2XGqqEUyQQAAAAVkEzew+JEQJ0BfzTSP7bonItSJBMAAABUQDKBS0gmAAAAqIBkApeQTAAAAFAByQQuIZkAAACgApIJXEIyAQAAQAUkE7iEZAIAAIAKSCZwCckEAAAAFZBM4BKSCQAAACogmcAlJBMAAABUQDKBS0gmAAAAqIBkApeQTAAAAFAByQQu2fBkMn16158HnJU1dfbgH+rq6r776alzRu3985cb/3TWAQAAbGokE7ikVsnkcVwc/f/+ww8//NcPP/wXOWk/Iv+g7s/WdBWTya66OmfVCq9+OvSH//jFWVtLdZ+dNSdf3fjhg/PT9pkAAACbHckELqlJMvnntT976j5sjlsV33xYt/t08ZC8buOSyZ1//+DoXWdlLb2yJRMAAICth2QCl9QimXxVV1f3u0OOSlH3StN+iXz1h9/XKbv0rKKSydE/yhFWdf/yYdbet/Lq8S7P7+t+9/vz94u18kD/6Y2T+vK2RSV7Mqn719and8+rp/qq5Zpe9+rQFx+YT24u+erxbo+s+y5y5+myUXft+zr5yp7eEDP+PCgrPvyPX7Tlx3/4l7q633+gXuH5/3u3vuUrxjpiS9PXdn0oN/V7z67H+qZu+Hf9/nfG06n0JbZ81gxoT0fj6l3v+uNRayPa9NlDP7260vKVfK7SNw4AALAhSCZwSS2SiTjaFofXjsqzn9W1jqrJaUefSV3dB+ajf1qZIX6wzqr/s6eu51djCXEk/8G3cXXo71CSTOrqWs3D+pOf1Vn9JPZs0PPH4lNk/0MmDWuZ3bvrxLMYy2nXZLbYrbo+5Cv8/e/r1KZPFt+U9s9Zc5DY8uO6ug+NabGurc+k+Ox3j9Z9dtSIYY/jdb/7yniD02fF9q1390Fd3QacDQMAAGBDMoFLapRMVg7QEgflZuWKZPLVeevhh2Y8+IMIDf47avpp5CvVwaLpG58uF0u0FcnEmn710yFrdXsykR0W/5cZP5Z/af1DXY+eA8QydZ+dtD2LSCYfWglEphSzR+hp9Kvd4cfWchbbs5dPJle+rTt636qWy3/w7/qblcnkK6u+9V/rVHcPAADARiGZwCWbIZnYFxbpQgUHGQDsvjcO0evqdhWXLlWaTGyLDfzZWt2eTEQcKDnn5G/fqQBjX0Yn04VVscv2YsSWrcyj/TZ96At9OJfOXLx8MtlV2hlyUm5U/5mIZGJtXO9oKn0lAAAAbiOZwCU1SiZWd4flUF3dNaMXYq3JZGW80TZtMnkar/vdbnORt/eZkEwAAMBWQTKBS2qRTOQZ8B8Us4dSp58Br1trMil2R9hUNZnUfRUtBoRf/uNDdXrMepLJ374zhmPp3ppM/vy7Ont0E7Gt7l9b5RTJBAAAbDIkE7ikFslEXTX4Dz8Ur1v1XclVg1/ZTnlfNZnoZ8AXzwV//JsxUcVkop5C5SXHGfDvnEzkGe0n9apXv7QXNyXyjv28keKWR1vrPH++pmKR4wx4kgkAANhMSCZwSU2SiW564Ky6Ru/vP9x1bbbkUl2P/+vfRP0f/iMrF1slmUjLT7/a9YFY8sNdX1kRpYrJRFp+uls/N+TfSq8a/M7JRNOu/EUGkl1/PHrtsfad7ZXcOS17RNQt5+1bfjV75egf5cZ2H1SRRkcyAQAAmwzJBC6pXTIBAADANkAygUtIJgAAAKiAZAKXkEwAAABQAckELiGZAAAAoAKSCVxCMgEAAEAFJBO4hGQCAACACkgmcAnJBAAAABXUPpk8HY9EE6rMvzHq7l1Jqpp7T8w7O2C7I5kAAACggponk9krPV5/WJW+WaOyJWDUtF6ZK1ka2xfJBAAAABW4l0xKQ8hyucp3Ne89cd1Zh82KZAIAAIAKXEkmgciZ6GWRQzrvLOp1yz4ZSyKBwHslk2xvJHoq7KzFZkUyAQAAQAU1Tya5/p7IcMFKI2Ji4U5CpZTCcKK1P+dcYY3ejEeOhhcGYkO/OedgcyKZAAAAoIKaJxMbFU5kMTtP1m+oI+w9lda0F972m0bVcCJ+pSdy5W56Sj7qC4UjycxQ8qo3lJrVz7yPt3UNjcwsPBoXL8DaDlxDMgEAAEAFbiYTbeqScc7Ja+ecdxbyh8/ckgevPn+XUTWc8AYT1gJef4+a8JlLWvrbw+vtqcH6kUwAAABQQe2TyRvjEFMN4joTvWwO65JemtcRfkczKuGoklUbGU70FU9akR0jxXI+K6pyt68HgkaNeZEwuIdkAgAAgApqnkxqcQZ8tjuij9hSZrwdmZeaI5k884ZSxUWEyWQoOa8mB8+STDaAO8mkcxMO1ZtLdQ4769bOa/UKAqsQu9m0s27jpc+zp92kLhwzvhwENpOJ1uR6jgmxzbiSTIy+i+KuUPWfeNd71eAzgZKjT68/1v/UkUw0+9NJPyfO3DHu6hgK8Hm5AWqRTKxusVDUON2o2slkri8UTj41Hw0nrFGC7+D9kolvHc8IVyyM3ZTN72ik5VRxHKkr5lSzD5yMq5Gx1U8mwwlf77j1SPwV2OatFcmkthYnfIGwNxCJXCn+ptYoGnyHX2infQCCOQYBO5y9SeifjCWNxFxq2Ru4bF9Lkct0ZBw1+h5soqVvxl6PncnFZBIoRoWC2Y7XlUzmi2e965KnwvLGJqXJRHuz2HosIp/ifCqrH1l2huRD34l4YSjO56X7apNMeoxf+mwq8JPsSKtFMvFZ23Q3mai/moC/Sxx/tJQ0bmwGOe/pu866GghYjbxozjw6LHj98cHfapJMOkPhB+ZoW5LJZpPrFx+scWdtbWXX9XmN7ck5LEUr8/n48tblaHfEGKxi4+24XPL98tT1SHQde7CpC8fXs1/C5lfzZKI9HY9EE6rMm59z964kVc29J0Y/Bra92iYTcax2Kr2gJxNf29WFfK4lEPbpR2+z/T3tlzILjzRDiiUAAB+9SURBVLJ94a5OeQFrrdUfDhyLDE3k7l2Km5+1y95AVy7/rD0YlksUyWSiFTK+sP4Fj7nntR9yteq5RdR4zybjt6ceJC+3p0YjyfGp/LPWQFiOM5xL+YKRlujNhfyMFXKyvZFIamoqc128SPmMc6nolUQ0mXlg9c/oRIbvT13tm+XPZBN64T1a8nVg+VZxvEu0CvGLtq7PYdWIxnZPv+i5aCeiNYrmIRqt3vyyZ/pSrUd7hm5nXheeiSZ3YezZQt7eMK1kIjuHoyMymfiORUSTE+3cODj4bdR7ItE/MvMglVTHEPLFBCOiZeYm7nqPJtL6U4cC4XuPng1Gu7yB0sg9nEjL++EalUYysWVs9WblF0/Hr8rWnkm2/DQ62NH14NdnZ4JhNdpWLOM7Fhd/VpETxjudH4i1X8qKFyBq1CUTveFUy/nU4G19RC7WTBzzOccFvBkXv3F9JxMxd3Q9gWMx0YoePBm3esC8R69m31jf4Ly4F42EYjfv3b4rT9d8mrbaQ7l9TjGZqI1I4pgyu+xo5+p3vWrTwrawlmTSIprZm3H1paGd3H2NXI2rav0OEOZ3K2Ybm0tZn9HGh+aKnc9C/u4Zf3gh/6ywJJuu7/T1YtP9bTQSlM3vQeam2tFha6l9MgF0tU0mhbstl2QvcKd5RQS9s04eC9q+mynIvjX9qNHsdls2dq9T18/cUceE5u7SoCcT/fhPPqqcTIwTQpat7sH5ZCz9Ru5SvafvquPKBz91yRq5yzaW8fm75DOKZUoPc6VC5szRsOwktF10DpuHiBahWLHbpGKrMGo02ZbME4fmUvrH8AvviaSqKNy5rDc/mS7i5qGhLX5brGQiB0sM6X0m1nl0nXqDn7rUNWhmGduLMVqdqNE/5l+Yhxfz/e16irbIZKJdMPNDpWRivS/rvEHxR6T/IMQy0V/0d1G4q2YV/xif3lSXTLQN/MA7mUuejgTak9aFLsVvPK32Yd0Ra0enajQ9S+j/GxHFSCZT1+Wxo0lei99sD47BNrpiMrGujSl2aGJ/62jnRqterWlhW1hLMlFDucy2Z6uXu68ZX7dsijJjBy6vTCbWZ7SxX12x8xELW0MkRNNVeyqj6Ypd6zpGN2DTIJnAJbVJJsaoVl/oqqopjuYy95IqnyjqEM08LJPUXP2T1SilIxaMZCK/khGf6JWTibmnLj6jGmFoH81lTltPZzzjekd8YYO9edHZZhzxV24V1lz7J7qcLvnVq8hRMmymfDIxhsh2qSNP+2gu1WLtwxrVU9tfTKfZ6uztsGQ0hZ5M9OQTSz6tnEzMviDrdZqL2X8g8r5Spc1ehasyxzd4B8t953v0zmF5lGb78crdlBWGhfgJOW1dPEY1D3uT0NRXNsWy8tuQYrPUe2ximnnVfkc7V6161aaFbcF7/PLQ7YxezC/zSpOJaCSRrPxi4sJxZzRVf/shvRGGzF5fRzKxdjXGrBU7H3syWdl0Xz+SJwH2ZXLGOthSSCZwSW2SifOgrVwyKe4r1Rd7K5OJ3PeVv4C1mUz0A74Hs8Y3MfZDrsCKz/iVyaS139w/jlwVe2F9mdIeEpLJVqY+O8u3ioDRGJKnwgv6hFUjLyEobxc7WjyJ6E1WH/mwhmRSehbyymRiPzNETL8sm0zeZFc9f8lIJtrLnxM+cWR53plM1BUO35pM7hmLy3e6UPrHqJBM3p+eQIp7qtJ609ObncPLPj1OaOZ+cravx74j6nzL+WwlzXLqUtfUm6zqqXO0c9mqKzQtbAtl/nLtyeTpTRE8jOiSTKgRDRa1+xLRpf/pjGpC75RMzMurFpOJ6ihe6fWjlOOpsSWQTOCSjUomnXJAlFIczeVIJtrU9dKuEovt83421XI23qJv8140PGYkmWXvGpKJt/2mGmqT7Y6owWb2QRQSyWQLK4hPyqnVWoVtAJWaKJ4eMLtiNNdQXI3mciSTFZfseHsyETXWaC7V2MokE/HUqw0UNJOJeFHpcKT9tP7if73ZnjI22q5f4fCtyUR9aSoPU/TjjzPGiTRFZY5v8I7UFy4iKjhODilJJtozX/eonoSlVUdzrdYepNIz4J/ejF9JDOmD+B3t/C1NC9tCmb9cWzIRrVH1qunmxSevfZS0sft6M94S6pEXVl1LMlmx83GM5rIGLpaa80ZHnXXY9EgmcMlGJRNxmHjmhH5ZtpPGJ2WZZCJvxJmUHcHBngclJ8yVfBN54YQxTEJsszUoL5zV0pGK6smncjJJL82nYzGx/cjtnDFLWwrpryoUTctnJJlsPXMB/ep/LaeSg4/Up6LeKkRNaavoPBkRTWVs0TxvxKwRixlbUpd/Fc0yOaE/LjkEnL9ztfVouHSs9tuTiTAUjcnNHu1Slx4pl0yKV54NnCy90FMxmUgqaAl9HfJKcd5gbH4gtpZkUvhFjqkovlNtWb53v7zUclo/IilzfIM1mL2VaD2u79baYtYh2ZC+kxE1kQF5HFiaTGQsVEFCs+8n3yyqRnsvrz8028OF4WfGAkXOa3NZaaRsO1+1aWFbkH/FZjGqbMnEOH/SFD9Rcplga/el+pa1tSSTFTsf6UlGPHtU31j/eX13p5rub+PxU/IUOPG3YGwFWwrJBC6pRTIBNjN7GLCsrAG2Iistl23nALA+JBO4hGSCnabsEdvKGmBLKSw8ykZPFsfPlG3nALA+JBO4hGQCAACACkgmcAnJBAAAABWQTOASkgkAAAAqIJnAJSQTAAAAVEAygUtIJgAAAKiAZAKXkEwAAABQAckELiGZAAAAoAKSCVxCMgEAAEAFJBO4hGQCAACACkgmcAnJBAAAABWQTOASkgkAAAAqIJnAJSQTANjkRtv3zTjrAMA9JBO4xJ1kkhs85alv+vz7bqtm6fHApx83eer3/PWOUZP4yz5P/SFrAW35iaiJzBYrrFWsGscCYhX7FpYe9jXUy+VTf9cfP+jwyIeyqLXy97sPf7lHPry/aK2F7efHP+0TLaHxT63Fqnxm7y75q7cqRs81H7lRnK9pzxtsc4XeY4dV47EWeMsq+XRDQ1PD10Hj4Yt+q/mptUR7Fss37Gr+68BccS2gnNGT+yaddUAZP37W5Pna+KidPH3A2u2QbPGeSCZwSe2Syacn0+Zk5vPTE/L/5YnGtoycmO/b36nXmMTONNPfWswVf+/3fBkSNVbwONjQVHaVYjLRV7Elk+eeLzrUVPsX+vHiYDBlztMtev6f/oI+1XuoaalkFra23MUfcuZ0/Nsm9VuWTeLbPvFf266mxsCAOV/TCiPn/rQnfqO7GDMKI55dP+y3xQyxSn7ZemQsYF9FbMG+yuS5A54Gvz753HPoYl78P32+JEVrmmf3KTWRad3DQSeA9/dpQ1MiWEwmKV/J1yvA+yCZwCW1SyaewJAxNdt9btqsrG/ufaxFvi63u7wRLOkz0WvMg7k5I9I4FBcwFLcwazvQvBEUTzrTecg6WlU8u0IZPZH8+Em514MtayZyyPqC8IgtYOzVp0U+kVHBwd5gdGphRUUap9VXEU+6N2L0hIjKI7dkMLaSuuJpOCz/W54+9zXBeLuY7d7f0JR7oY3Gfmi7LytSgabIN3sSAwPyV/wi7fmyNZ+f27+raUYPujM9zXt93elbA9fm5UMRgBNjc6lzPzTW77Ove+3OtJhWTdrTcOBIYmTyRkej3MHO9X4jV5kc7u99qF4BdjrRVKxkcu6PfLShakgmcIkbyeRF/8HYE6Oy/pDIEuK4bTTi99Q3HTyXLn4VXSmZDB28OG2tUm4BQ3ELDzqsOKTdD4nFxP668SPZqd34J2OAzZFdTZ7PgnJQzZ+Kw8ywDdiTSftuW8CQyUGm3Nxgq5je77PljdVjhlpl/649no/2rXGVw/VNPw4alQf14VviJTXKsYhNbQNzKodEvmlquzEX+W6f5zPbMDNsZeK37PkkpE9Oqy9TxG5nb6exJ5o8dyCh+u+mzx/+23Px/+GGkgNHzyfGrkl1o9nXNZLJw44fB+WKQmP9AbFjtAdvQCtNJqJ56EOaxb7uYulSwDsjmcAl1U8my0v5/KIonh/6xb9LevBIn5Nj9A9HRjz1/sQLeQCnPqALiR889fo3x1rFZDLb3egbsFaJW994v0sysXmujh5+/Kyp4Y/BxMnDDX80xtVg65PNb/T0oVG9ERZkCFiSoUJ8Nh8b+FQ/mPN8fV59Y62NnFJfbEurxwy1ijG5tlVWJhOLPvJbtvlzf9rTNpDZK+LKZz8UZ2NLe9jxeX1TfkmbSfitPhMzJJekCHHsOCP3V+ZpSPoC1ikBHv1cONu6xrQ86LQtI2fk02LiXKJkpCt2MnsyKSr0lx93AKwZyQQuqX4yMRX7TOyVuzsm9eM24/Fs917rjPYKyeRFf/HYbra7eGhYIZmsGM1lJw8NlycaA0Mq7Zz7pomB/tuJvc/ETgRjTZuwxlnpfXHmxQ9WjxnrWKXMaC7Lg45PZZt/7vlGP3pYXkwF9l17hz8sbGr5GyERFRq+VGcZvVsy2Xt6RH2to77TKZtMVORWRc1amh1qaGiKW1/EYGcrn0zMs+yAdSOZwCVuJpOZSHOvHiQmzx2Y1L+0lt8fN5ifzRWSidjaFx3WKinbALBVk4m+ipowzoC3LE97Dl3UHnf/ddioKOmHwdZXNpkUbgSP3JIjYTwNfjWoptDvL7af1WOGpq+iJta4Sj522HkGvCnl26N32aWtIY4l/TDY2pzDq+zpQjRLYzTXg47yo7kamu0PVyYT7WHH/kj5CGIEXex45ZPJ9PniDgdYF5IJXFK7ZGInh7p+tO/a4+KJvpHv5dUM/2qOuZcqJhOtMGKtUn4BXckW/i6vyuqp36OeN3XSuOqrNeJW1KhLx/4Yo5t7+3p8Uf7eG/b0WteGXn6SOtbskcMLbb/31WOGtPxEnqT08YF3WKUwIq8abH53Pnkx6PgrGI0F5Zfruw4dPDlQXAtbWebkoYbPfrg2MCBKo94Y7OlCuKY3PNtvfOmgfuFy4/z1pbnP9QujN/7x8FLZZKJpuYFTapWDx/o0be6aT26w4bNmLqIAxZ5M2r49pD71+IzD+yOZwCXuJBMA2PY+rz/Q/sCYjn9b2lULAFsZyQQuefLkCckEAN7fkV1Njd915/OLubF+zy77OSQAsLWRTLABSCYAAABwIJlgA5BMAAAA4OBeMvH5w94VxbkQdgaSCQAAABzcSiZT10UOORNNRKxyqsvr73Eu9g6WF6bu+gIy3oSiqexT5+wK+kLhwYlcevKF1x+J/uKcWxXeQNxZBRuSCQAAABzcSibDCUcPyYOfuryhVPqnZPY3e/VapaMRscHOn24OpVK+QHxQXbt9bQLmK/EGuuJTpfOqxBu47KyCDckEAAAADm4kk4X/jsuxW4GuYodJVAaVC5MiJMT636W7w/D0pvfs3XcJIyXer69mVb7abHZbIpkAAADAwY1kIrtHRDIJl9x/R9Rkxb+hVOn969Zk9kqPSDUrpWMxsdnAyatDOeNmUN7Qzf7zMTno62jXwhtN+22876xcRnXgiIjSp99Mb2EsZTv7JaFpWe/5rLnVbOsVdce9bHREO3Mi4j2VFg9e57ItQbn84CP5XPe6e9Tqcp7cckKtLJ49cFSkssjYonE78U5/eP5OUizps73OnYZkAgAAAAc3kknZc99lNphLlQ0Yb9UXCq/MM/PJ2IVJdfQ/nzwVzr6RUyqB6Are40k1ZfWZmMnkhffEdb1i6sJxtXz5ZOL1R8zKIvHuIj/LCXtXjEom2e6INcwsGgzP6xMimaRV5S9Ja1zZTkMyAQAAgEPtk8mb8ZWZRJazd0V+cC68NmLFe846LXrUtrW5VGjgmWbru7BPr0gmz7yhlF7xlmRiTugWJ1qPy3NdROkclhUrk0nIHjyGE9ER+X9nsTJrm95ZSCYAAABwqHkyKQzpJ5msKCI5tK/3uPzBT2XOXH+PZCL7PXKFpexPPd6AmvW2ZDJxvSUQ7s9MLeSftZJM3h3JBAAAAA41TyadKzKJKgVt2Xv2rnPptSp4/ZH25Iy9an4gFh1ZOZprTckkEnQM05rztt9Ug69m+3pWJpO+UNjbprpZliv0mWR7I0nz/H77aC5zKZJJmUIyAQAA2JlqnkwiR8OvnXXSwu3Lybyz8h28WZxKJY37mVwcXdDrxpLykl+Bk1cHHxmnd6wxmcRDZmQKROb1SDN2Jd5inLk+tzKZiGe/95M8k741mrlw3Egm83euiprkr2rLxnMNxWJqO/eeFM+AVxMkk7KFZAIAALAz1TyZFLLyeL1seelcdoO8mfO1JYZuZ0Tpj8V8vePOBVBtJBMAAAA41DyZbH73ouEH1oM3c+8xxgxrRTIBAACAA8lEWO48Ka+y5TvWE4redM5EDZBMAAAA4EAywQYgmQAAAMCBZIINQDIBAACAA8kEG4BkAgAAAAeSCTYAyQQAAAAOJBNsAJIJAAAAHEgm2AAkEwAAADiQTLABSCYAAABwIJlgA5BMAAAA4EAywQbYkGSSPh+eLa1ZSMXv/VZaZer0h+V/+bvtRyPOeQCwaa2+16qwx6sFbyjlrAI0rdUf7hx2VgIWkgk2QLWSifd4V0tAjxBWTTCy2i7PSibe81nHrJWMZAKsTny+Dt3OqDKvvdAnbnYeNypfmot5/eEH9tU0bfZntdZNb3tSTvw8VzofeKu5vlDYe/RqseLNuC8YcXz54qbZ/pj3eExv2Hdbj1/VSCbb2Js5b6BH/a5b2q47574NyQSVkUywAaqWTPyJdPZqfMp8PJnsz6bULk98KBof0nNGjUom4sBRHCmK0nplbvZKT1rOyYocMpVKiMrQT6NqJSOZzKVazYjSfz4mVzweUw/F9tPRHl8gPLSkKrDjWG3DRh4vllTI9jnv7ciUVBrmzJA8722/OW9UvvCeuC5apjd088KpLtHkBh+ZLawwIdqbaIHRO+ay2LlkS+tvD5sB+MXg2bDx5Yu51xKtaHZRbzP+8IWfF1WNvseTO0OtMC53aIGugqb1dXR5A5GxgtqwscNUi6kN9v26PDsk95DpJ8vzd67KFYPGntA04z2RLK2RO8nOkxGxsO9kQtXcu5JoPSZr+n5RTya/J5LPfkIe3RZ+ual2zqKovbfa69LgN53hRF/p1yn2naGRSEWzmVtuPRo+c0vfgz3JyKZ4NPJSJZM7iy1HxcOuhTfGWtFTPfJzOZqZ12ta/T2qpcnV38zLhc22IebO30nqrddstNheSCbYANVMJtp4y6UZ/dFytjvy0vxYXS2ZLOQnvB13F/LPFl4u25NJ4PT1hfyMz2980juTyZtx74mEWODepXjnsNwXekPJQHuyX35Zjh1qDcnkxVBHeEo21Lit0mIlE7FArP+pPvVbJpScl8nkaFckOZ6buOsN9KiDgGgwPDiREy3Q5y8/Vgc7iWxpCwOxITU66+nNkL9rZTIJHIs8+PXZwqOs19+jaqxkEj8bz+VzD5KX21OjoqVNZa6K/Cz3fuWSSeTS1VD0ptzOiWTg7PWFX6f6OyLFr4T0ZUS7tT2WxGFoJDWVyz+LnAin9dcZbY9fSI7L7QQuG8uEUy3nU7LbcO5mayA8/3L5QTIeHVuW88y9rmjwaq+LzWLqeqvxsWsom0yiVxLRZOaB2LPpv9y+VGYoKeOrWNgXjNx79EzszVqvGBEnFE0t5HMtgbD6QBfJJHBMdsGJ1e9FI4OPCoVfs9ET4QX1FP7IVP6Z3D3SL7cdkUywAaqaTMQuTB6ovbx1WY5teFsysR8O2pOJqtHy6dDAM21FMrEfbqrPePUvdrJW8zs89TWeriSZzCdjqp0kT8l8skKxKT74qct7XH5miyVf6i1TZBU1K9sb0Qft5LxRo0Pv5VC871c1iR1LtbRlb/tN8SB+IiyCwcpkkswbS6tmaU8m1pBWr98MCX49A5dLJmqvqJUMcy22XmnFl+iaTCZXzcmsdQCqWNvxBozuFNnm9T8BsWVf77ho8Nafkmjw7G83m4UxvYMr0GV2cZRJJtYvPSLyhq19iIWtFqU+xC16d7Fc3b7BYqu7c1k26Z8T1g7wwvHiYtg2SCbYANVNJmpIg/hXfp69ZzIxP0EdyaTTdgxqJhPjAxU7VqvtPBOzriSZiONFdeAoDq0uTFrVFtux3dT1Fj1gh8xjSquBmdNZWwsMrzwKxA5jtDSfv0v/NyaO2FYmE+uYb2UyMXaPtl1ZhWRi1VRIJtGR4iPF9n22sV+dSiVDbXKMohXmi8vIP4Hw/JI2m7ocHVlWu2XHXhebyuunU4Ox2MogYSUTq9nI4VvmtOOhlUz61HhpUVZscKgjPDj34vXT8Quh8LyxS1z5rRC2D5IJNkB1k4kaAGOM1F+ZTCaT75BM1tBnopBMYP/sNNmTybI3ELtgRhdr+IpNybHdy1uXh36b83WPa8ZHr3EoZvaZzHnDZU9Wwc5ktLSpS13ZQiaSlcOfqp1M5Lkra00m2vjKcTXOZDJyVb1Ozfa3Y1tmPnk6/Np8UPqnhM1LNQnbzvDFymRyxu/sM3Ekk+QpGTmEe9EyyUQbSQ4tGi1HGk7EreaL7Yhkgg1Q5WQivzIMG+Otzb2hqGmJ3l34dSpwoqs0mWjeQM+Fkdzskxf2ZOJru1rxPJMpsVb2Ue5BJhPqkN+Ck0xg7zMxh9gXD6deDsWNU0d0/e3GR6+N49hOtExj0JeeTCLtl7L280wunAhHkhnRAgevJPhc3vGsljZvfW1cnWQiNhiML8iTQyItJ/SLfa0pmWjpaMTbFld/Dp3dd7WVyeS3jDd09d6jZ0PyXKmVyeTFWK/RnXLmyoSsMPe6osGrvS42idn+mDxp5LbcF6nfoIgW8cyMajYrk4k2m2oNhPszU0MpI3U4kokI2GeSU1MjN31BY/WSZPIkbfWQpJ/IiCLaz2BmKvdo/MJZOtO2IZIJNkDVk8mF4+Y1asy94fydq61Bde2OcUcykZeCkeNcc/ZkMpaUV54xPhFXJhNNG4oZfc2RAXn0SDJBq21EgXkIWEwmtusmSS9vXS45Y1hyHtsFzMamRnBF9WtzDeXMa3Mt5dQFanxtMfuWsSMVW5pXH9ClVS2ZGHvIyJ35+YHY2pOJaKDqSlxy73pRnhPlTCaaduaEXKClI1V88eYy2ViP75gRbKzcova6osGrvS42iZcj19U133zHYuo8E+PKgXqzKZNMNO11Tl2bS7bVlclEezMv5wZjr382oo49mbQfi5jfAd30BuXJSMZZLv5w69nr1mLYNkgm2ADVSiZVYj/PBNgoc9bFhc1zS4CdwspFQpTTmlGUs2fgVa5ziG2FZIINQDIBbHLy+7/jxU9ckgl2nCcZdUcL37GeKftJBdjx1IgGbyASOJmwnYmEbYtkgg2wyZIJAAAANh7JBBuAZAIAAAAHkgk2AMkEAAAADiQTbACSCQAAABxIJtgAJBMAAAA4kEywAUgmAAAAcCCZYAOQTAAAAOBAMsEGIJkAAADAgWSCDUAyAQAAgEPNk8nLn6/Km3eWlMTC7JxzOewkJBMAAAA41DyZzF7pWZlMRGUgmnUuih2DZAIAAACHDUsmYqLgXBY7BckEAAAADhuZTNYfTuZSgfM3h25nhlKp9W8EG6dqyaQwcu5Pezz1h5z1QI3N3Bm4NjDw4+4m8a8sd6a1G8HIrJyVCjR56g/bln3SuGtfSk7MRb42lx8YGJ23LaJMd3s+OiRmJSLBvR819U7LOn1rTZllY5G99U1HbsgJe7Nf+pu//YExPRM5FF+5ZWw3z9PBfUdimUysdX9EbyiAizz1+0Yfz40OdDQGhpzzgPezIckkHIkmVIlnnjlXWIu5VOsV80yV2VRrf65k7vvx+XucVai2aiWTH7/tnlwqOUQD3CSSRvGBLZlkWvdMmtWTpw9kIoesZGJWl+Gp32N/+Hm9XFhsrbEtYzXysslEaKzfpyY8nwTt9diWcj3NngbjF/2j3k4A99xqVfs64dwfaX6oso1JJlYpBox3Yk8mc8Vk0n8+JrZ55srEwhv5sC8UXvj5unyiQCT9xPzKUVsOtUVkOrpt5pnhRFZbajkaDg1M3+s2Xm3atsFAW+y1uTKqolrJRCGZYKOslky0+6FzD43qv37SNLOmZPLcs7vD/rh9t5FMPIGhc183zej7sNWSSfzbphnxX6H/YOyJvR7bkmwVX3er6YqNCqg+c4cmiaZYze+GgS2fTJYKrQFjNFe2N5LWp+aTIk50aXoy6X9qrBEKhOV/T2+G/PqEWGwgFh3RP+qHE95gwlhO07xWn8lcqnPYqkY1kUywPayaTGTfRUivfd7YmrEnE0+9Xr7ulkGixJyndFyE2M6MmUzEQ09Ds7Z6MpHBZte+Rr4+3xlkQzJbi2ongGvsTc6eUoCq2KrJxNpCKJZRddGjRuSQuUWPH7LPxFxj8Gw4q2kLA7Fi8HiT9fWOy4nhxJlbxeNg2wLj3hPFxIIqIplge6iQTA6qkDB/se2+9eFtO8/kzvRScU1lzvN9v/1xyleSTNp2NeUrJRM5y/NFSa8LtqvE900e34Cajn9LHIWrJk8fsJJJpm0PwRjVtVWTibFi4a4vbCSTkD+8kH9mFU1PJtYas309ab1fxeu3wsac91RaRpfhRJ/tVRSTibTcH4t5A5x5UmUkE2wPFZLJ0t/8vfMT576Q02sbzbXqeSbmt+PPPQ3+I6snE/v36Nje8hcPW+eZHKajDC67H7LOM1GDToEq2uLJRNMunAg/0M8qEamjb9Y6mUQSycSKHKoXRXuaNoZ16aO5IlljNNfqyURSqQZVRDLB9lAhmWiyZTZ5fpBfbJfpM1nDtbni1rW5zLxRGAx6isnkgLUp1f1CMtlRMm3Gtbka24yv5wDXWNfm8nzb55wHvJ93Sib/Pw0bcguS35PEAAAAAElFTkSuQmCC" alt="Screenshot" width="100%" ></p>
<p>>>>> Screen Scrolled to bottom , and bottom to top</p>]]>
  </system-out>
  <testcase classname="org.example.Merchant" name="EditMerchnt" time="5.750">
    <error message="class java.lang.Double cannot be cast to class java.lang.Long (java.lang.Double and java.lang.Long are in module java.base of loader &#039;bootstrap&#039;)" type="java.lang.ClassCastException">
      <![CDATA[java.lang.ClassCastException: class java.lang.Double cannot be cast to class java.lang.Long (java.lang.Double and java.lang.Long are in module java.base of loader 'bootstrap')
at org.example.Merchant.scrollToTop1(Merchant.java:290)
at org.example.Merchant.EditMerchnt(Merchant.java:257)
at java.base/jdk.internal.reflect.DirectMethodHandleAccessor.invoke(DirectMethodHandleAccessor.java:103)
at java.base/java.lang.reflect.Method.invoke(Method.java:580)
at org.testng.internal.invokers.MethodInvocationHelper.invokeMethod(MethodInvocationHelper.java:139)
at org.testng.internal.invokers.TestInvoker.invokeMethod(TestInvoker.java:677)
at org.testng.internal.invokers.TestInvoker.invokeTestMethod(TestInvoker.java:221)
at org.testng.internal.invokers.MethodRunner.runInSequence(MethodRunner.java:50)
at org.testng.internal.invokers.TestInvoker$MethodInvocationAgent.invoke(TestInvoker.java:969)
at org.testng.internal.invokers.TestInvoker.invokeTestMethods(TestInvoker.java:194)
at org.testng.internal.invokers.TestMethodWorker.invokeTestMethods(TestMethodWorker.java:148)
at org.testng.internal.invokers.TestMethodWorker.run(TestMethodWorker.java:128)
at java.base/java.util.ArrayList.forEach(ArrayList.java:1596)
at org.testng.TestRunner.privateRun(TestRunner.java:829)
at org.testng.TestRunner.run(TestRunner.java:602)
at org.testng.SuiteRunner.runTest(SuiteRunner.java:437)
at org.testng.SuiteRunner.runSequentially(SuiteRunner.java:431)
at org.testng.SuiteRunner.privateRun(SuiteRunner.java:391)
at org.testng.SuiteRunner.run(SuiteRunner.java:330)
at org.testng.SuiteRunnerWorker.runSuite(SuiteRunnerWorker.java:52)
at org.testng.SuiteRunnerWorker.run(SuiteRunnerWorker.java:95)
at org.testng.TestNG.runSuitesSequentially(TestNG.java:1256)
at org.testng.TestNG.runSuitesLocally(TestNG.java:1176)
at org.testng.TestNG.runSuites(TestNG.java:1099)
at org.testng.TestNG.run(TestNG.java:1067)
at org.apache.maven.surefire.testng.TestNGExecutor.run(TestNGExecutor.java:308)
at org.apache.maven.surefire.testng.TestNGXmlTestSuite.execute(TestNGXmlTestSuite.java:71)
at org.apache.maven.surefire.testng.TestNGProvider.invoke(TestNGProvider.java:113)
at org.apache.maven.surefire.booter.ForkedBooter.runSuitesInProcess(ForkedBooter.java:385)
at org.apache.maven.surefire.booter.ForkedBooter.execute(ForkedBooter.java:162)
at org.apache.maven.surefire.booter.ForkedBooter.run(ForkedBooter.java:507)
at org.apache.maven.surefire.booter.ForkedBooter.main(ForkedBooter.java:495)
]]>
    </error>
  </testcase> <!-- EditMerchnt -->
  <system-out>
    <![CDATA[<p><img src="data:image/png;base64,iVBORw0KGgoAAAANSUhEUgAABDMAAAIGCAIAAADGMlPIAACAAElEQVR4Xuy9C3Qb132v23XXuuusde5dNyvtybn3ZDV3NXbSJk3SNmnapj0395zSduI4qVLZrpzaSa9S126S5SR+JI5dJ34/YIk0TFIWaUIyrYdFiBApSpRI8WFSECVSpPgSLZgSHxJFUhREkQQoQuAL5Nz/nj3Y2NgDgCQIQHz8vvWzPNizZzAz2BjuD7MH+D0NgEQwNHJTLQIAAAAAACAm/snZj3Ro4vfUmQDEBcwEAAAAAAAsFXKSZh2agJmAxAAzAQAAAAAAS4VrCQdmAhIDzAQAAAAAACwVmAlIPDATAAAAAACwVGAmIPHATAAAAAAAwFKBmYDEAzMBAAAAAABLBWYCEg/MBAAAAAAALBWYCUg8MBMAAAAAALBUYCYg8cBMAAAAAADAUoGZgMQDM1mlTAe0oZtzV3wJiGdqXl07AAAAAEBMYCYg8cBMViOkJWbBWE5GJ+dpnQAAAAAAi2S5ZkI9j8Ebgc6R2Y+v6xkRCbCMShljueCZm5jBh6lrHJjJ6mJmLsFOImfYP6c+HwAAAABAJJZlJr7p+c9muW/Lvnbbtmu3vXPttu3Dt+VSrt/27vXb8kZu28HyedvQjyonNlfe+Nz7w7fv8dy+x3v7B97qwVl1XWANATNZRUwF5s06kfCozwoAAAAAYGJZZpJ1eiK2mfyJbej+o6OjU/M3Z+buLromzOT2fePquhLEE796+gcP/QtFnZFQ+FMk+1lWLzCTVUSibiyJnRm4CQAAAAAWYllm8tm3r8Ywky/YBmsGZ8an5xna/OhU4PY9Y8JMxpJzg+zf33X3Zz//RYo6I6Hwp0j2s6xelm8mjuIqOc4+XjyglHvDl0ogG62NatEy+Pl9z6pFKwPvdCoumPCozw0AAAAAEE4SzeRfq8ZISwJzzEDov/Hpudt3h8wkSXebwExWAss3E0uG3bq9yEiWvaCdF7ssVkew3JFutQ+GL5VAUm4mQxvve+QnH/SqxTo0y7w9h559RCnRBg+ymjwP/fKDqk61QjgJv+U9dnA3PAAAAABikywzebhqlFSEXSwhLZnXZgLz712Ylkdz+WAma5dEmElJ6EF7VchMCl3B0qFK25oyk5/n2J6572dqsabNHM94Jz2CmWx86vn8nvCiwYMO+YjM9G7c9ErZiFQSjlkekh3ICQAAAABikBQz2eBwu2/qY7h0AnPzh3qnPy/dAQ8zWdvATBQWZSaOIa3ddsgkEj+575UGq2omntJXTkxqGzdlyIWqmWha1auPbHzqYFiRhNkclpNPHPKZC5UM3cSYLgAAAABEJSlm8pjzpmcqZCZTM/PfP3Dl9t0emMk6YeWYyYCDKcHM1cYfb/7ZxvseeWZnjVLB01Pz44ce2Xjfz94s7ZDLw0zg8sEnSy7rU43U9b9YtWvTJjZi6sdPZ4Xq6FTtfIUPpnoy/ahcHm4mNzc+nCM95OhmovWaB3RtfLXGZCZDjifYUK5XNoUP6DKZCVvwichmEuMruRprPZ/IG2N5b+zoiDo3WhZjJldwtwkAAAAAopMcMzkxeenG/NycoSbj03N/u3sQZrJ+SISZFDU2dxg5Whoyk3xnsLypYPuizGTTD57/4NKM8TjQ+8OckIFs3PR8fmdwU2d6N27OaZkMzhIm4Gv8cZawgsZNP/iZRxqStPG+V8T0k5se8YXmzGy875figTCTAcfzG3/wvCiX4GaivXJfmGx4Sl/pCOiCIZlJR87PNv50H5tqt31wSRRHMBNSF75aM6OTscykMTj9iTyPuULEwEwAAACAW8hgdUmLWhYL7zmnJcNepnwi6mlznAt2hjhDDbwblr6zacF+1/JJpJn81buXvrOr9y9yL//5joH3O+eGfLqc6HoyOhn4xt4rsc3k6Wef4939M80toutPeTP9rZmZYM9S0771ne/Jcykb739AzDWbyW1//Ke85K//7pt9fZe/8tW/4g8fePBHn//iV8RK7vz2d8UitM3v796rPMvzL4b6oKKQPwwEAnJNeihqrk+WbyaJgsykzBNWQpLAu+80qyH8hbq4+1cbH9V7/MJMApc3PS1fc2j8YV7YpZWG9KBIDB5867Q8R9N69on7QLiZ+E5nvXU62pExzEQZ0PUT3XwUMyEdEnU2bpKu28hmMjn+5i9+Vsav9EQixpcFCzO5OOi7/UjQN4Z8ddem6057n+4xqv1h3ljj1amC1psX9YfMTCb8f3jId960QjnqdgAAAAAgESzVTCwZFWpRRIJmkhoSZiZf2Na/yzVVNzC9o33iT23unx2fOH1tfnLWuHJCff2MlolFmsmX/vwvFSu4/4GHeJ0t6VZlFk9Obh6voJhJ0cESUYe0hEqEmZif5V3bTr4USYsyi6e1zXhlRAl/+K+P/ESUbH7Y9I1J648VZSZhJiGZCUlFyHc5Z3I23mdc0NBN4GaD9ZcDYfbS+MzRsJ/iIWcwpuqzqsI/YtC0lidLjOsV3Eye3BS6imIiaCbhA7o2vlGnqWbSu/HVGrHlP5GvscjfzXXfI+845AFgKmZnEAmN5trpMWmG/xvHJ/WJqf96NOwiCZlJwaGxsxPq2pSo2wEAAACARLB0M6lSiyKySs3k7bZp/4z+0yXzWtPQ9Jd2XPvp8Run3fNXfPP6hZN59q3B0u+ZxDATyo8ffvSNN7fKVkAV6htOyyVKznZ8pIWbibhaQunpNXp7wkwoX/36N158+VV5JcpmmDM7y369Xn4oa8mDP9osdmc9s6LMZCC8RJgJv1UjjMGDPw929Dda6zZufuP5px5RzES5MCLMxPxEdBiETtCTvrX5kR9K47tMCDMJ3T3iKX3loj4hmwkbyiXpByU0oEu+ZuKr+clu9ZYVmcVcM6H8Q94Yn7jY77v9faYrX631s5KBGw+1hS31id1jn3jPa16bEnU7AAAAgHXNjNczRhlpr9rTykaFj9RVNPa6exqqso/pPYuhhuLqqmJnR8+o1lJot9gbsgsbGs9Rn2HEaS/tGR6rLy4q03/2zTCTwQZrsbgpV8LlrOkc6Os4adnXMaVp9IyWjAr6l+bQaittjvpmVi48JMdqP9s/5h3uS89y8BKLrUEZzZVd2hVeMJNzzPgFurhJmJnkuQKjk8bYLfq3yT39pfeYnLzXGbg4Pu+Zmj/QO7PIayYfFOznJbQe0ekfGByUDUEsJUo+94Uv08O0u74jV+P5uPO8qC/MhLyFl3R1dcurFdNf+rOviaX+8b5NvJA8RK4jx+9XPzNftyzfTBJ4n0k0M1ngmskTxrCucJ2IaiYLXTPRvw44cHnjUwfDVUcQMhPtI/3ukZ59Pw7exCKbiXxni87Njf9i6+DrDL/PJP+nj4QPZAtjkfeZ/A/dTBqPez6Rp1vHhM8wE9+k+ZrJlUs3vnGcz40adTsAAAAAoAUsmerYKjIB9r+hhpxqo4fAzMRqvtAxxCswMxlssuxsUueHY8mo4pdWxDUTWm2L+PvMzWSuI7sy2C256IxmJtrMQPpBISczltxaaV6cJMxMfnV88rxnfjZ4Y8lUYP7fj4389d6rD9fcOHp57rR7/t+qxxdpJpcv94tC0e/vHxgQ09/8n3eKCl/7678T5Zp0zUTkz77216KyJpnJdzdsFIXyGsT065YtooK4XPPXf/dNuY6IfK8LSISZJOy7uaKZieco++JdmQj3mWhaR94vq0I3tkc3E0/lK8fD99p0nwnxzKZHolzKkMxE6/3x7l52bUQfyqWFmUmvKBT88L5HjKcON5OZMzlv1kd9IW5E//V3MpOjV6fOXp1qvDDxiffGWaFr/L/mjV2cmHnVEbxmErzPpLjOV60/1O+An/2EzfPqpVnzOkXU7QAAAABAZ21Bu9HbmHW7rNsclgy7MBMxmIqZCS9kzLg7GqyZdqopzCQ9y17cHfkTUG28L3u7vtpIZhLqPvCnk0dwBacjmImmldnsbDSRNtNXWXJ2PMpTL4WEmcnnsvvfaJzp9c5PsDFdbC7JyYOHh2/fef0LO/q/uGPh7+b69W/+g/fyr18P3QIsuv6X+/vF9D/9wLjthCDBEOVaJDP50p//pahMiNtL5JXIaxDT772/W1QgWeKF/MqM8hSU79/7T6IyWBVmorHbx3+V177Qd3PpOhGcjG4mi/tuLk1XnQapXhDZTNiAro0/3ceHcmmSmZCuiEKBp/QV40KK6bu5aMt/XhD1LnizNiQ7+D0TAAAAQOFsscOSZUiCc5fdkm9c9IhtJrYMu83JO8znQ9dMNO1wrj1CL4PWlllrTCzGTOY6cmrcRslgLDPRdDmx5NYmREu0BJrJbdvc/+P90fqr89eCv7FI/+afu/m19/pvzx+7/f2xBJrJF7/yVVGBVEGUa5KZfPkvvi7KW1paRf3Fm8mPNj8sKuTteI8Xfus735PryJmYmBD11zmrxUzOf/D8pvt+duhMp+dSx89/8EjVtVA12UzYd2qd4XsUy0x8nfs2/fSV81fHPZ7Lb/7iZ2/WXBezwn7PRB/TFXpoEGYmZCDPlIYWF2ai/oAJZ7LOKDeZCbsKtEkZ/RXCbA7JjmdKfdcDAAAA65z0DIe4YEJ9G8veNjY11xXbTHIy7PmN+ueprlrZTEgkbHWmn22mntV2p/7/kUWZiTYmnohWG9tMtJmBRGmJlkgzeefa594ZOuMO3JgOmcnxwelvf3ApUWby2+dfFA+/+vVvHKuo/NKffU2UvJ21TZPuM6Hpv/j634i5Qk4WNJO/+bv/Vzy8+7vfP3S49McPPypKOs+zW1bk+rv2hL5f+Fv3/INY53pm5ZgJiEGMW02SEXo6dQsAAACAdU57lT7CSg91cuZGWopLadrR7I5tJtr1DsdONjqr0T0TZib6RYxB0xiFC9VlVHlPdW/OosxE83U3sE2yOi74+hYwk4SSMDO5PXuo8vL0rP4LJpquJePT8/985PrtO64lykw0ySuU/OXf/HdeX/nW4N6LF0WdhtPsU+cFzUR+qOSH/9+/RqxfsL9QlEBOtESYSej2dz09o7x4TClnXyIBloE3+t0mCY/63AAAAAAA4STMTP5+r/uan38/MFOOwNx83ZXZz+9w3/beaALNpK/vsmILPO5rxkAc8y8t/tXf/j+85E++9Od1J08txkzKyiu++vVvKE/xuS98mX9lsLm+Fv4NxWNj7CvY1jPLNxOQMswKkYwM+2EmAAAAQIoYrC4JXYrhV2NWCQkzk4KuuclZfuu7NktaMjTz+Tz3bTtHF28mS6LhdOM7Oe82nWlWZySU2uPO3LwdpUfL1BkgJjCTVcRUIBWXTdRnBQAAAAAwkTAzsTTPXhqfmwnMT8/OOwdmPvfu8G07RmKYyY3lmQlYycBMVhczc0m8coKrJQAAAABYJMsykz/d5hZm8s2C0YqBuYvj893e+UeOjtyWNwIzWbfATFYdybvhRH0mAAAAAIAoLMtMxqfm5e/m+uKO61/bNfLHecO3vXs9tpnkn59W1wXWEDCTVcp0QBu6qapFfMEXBAMAAABgqVy54uZaQhNLNhNNHwdyfmT24+vBjIgEWEaljBnxzaLLssaBmQAAAAAAgKXin5wVicdMADADMwEAAAAAAEsFZgISD8wEAAAAAAAsFZgJSDwwEwAAAAAAsFRgJiDxwEwAAAAAAMBSgZmAxAMzAQAAAAAASwVmAhIPzAQAAAAAACwVmAlIPDATAAAAAACwVGAmIPHATAAAAAAAwFKBmYDEAzMBAAAAAABLBWYCEg/MBAAAAAAALBWYCUg8MBMAAAAAALBUYCYg8cBMAAAAAADAUoGZgMQDMwEAAAAAAEslzEyoQ4kgCIIgCIIgCJL64JoJSAzXr19vDqI0LARBEARBEARZUmAmIH6ElsBMEARBEARBkGUGZgLiB2aCIAiCIAiCJCowExA/MBMEQRAEQRAkUYGZgPiBmSAIgiAIgiCJCswExA/MBEEQBEEQBElUYCYgfmAmCIIgCIIgSKICMwHxAzNBEARBEARBEhWYCYgfmAmCIAiCIAiSqMBMQPzATBAEQRAEQZBEBWYC4gdmgiAIgiAIgiQqMBMQPzATBEEQBEEQJFGBmYD4gZkgCIIgCIIgiQrMBMQPzARBEARBEARJVGAmIH4SbiZ/l3OZT/zef1y4GSy8Nj69ad8Vmvg/Xuqmcp6e4UkqGZ2Y+aL1Ej28c2f/mcvGBtBKeJ3btl6kCqJEfqJ/K7oqnovy97b+q55pmqDV/t9v9opnodBTU2gbeM2W/pufeLn7f3nugqV2hK+c8p9+11Xy0TifPtHrK2jzys8VX97L3/XLXz5Oee31N8Zv+KnE4/XxkpdffoWXUG76ZzLesj711K8oH53r5IWi5jPPPNt3eZAXuq+NHDl6TF4/VePTnee7f/3rp5944kla88lTp/myIlTBcaD42WefowpFxSViDcsJbT/tF62Qnre+oYmXnKg7xUsuXhrg1S50XWw60yovaLVmyg/l7RS7c7Ts2OOPP0H7TstSfbkOPZTXScfkt799nsppB8c8E7zwN795Rhxe/ox8zbt276War79uOVZRJW9DfKEX7pVXX6MV2na8R9ujHHO+hc0t7fSy0kN6iak+X5A3DNpB2ma5hIe/xDSLphP1eonNo32n14gX8hJ5M/z6Tj3//IvygnZ7oXjIXzvROCn5+bvF3KGr1+mlp/2lZ5GP/3LywT77wKBbPKRXlm/ziy+9zF9u2qRt7+SICrTxRUUH/aYdoTbzzjs5Yqvk9w69v6il0Tqff+HFK0PX5JeS7694KN7Iy4/cqukZzQ3AXMKn6QjTjihtifKOdBAo9GaXH1J9cYrgLUocgdGxG2+99bb72qhcH0EQZDmBmYD4SZ6ZkG98NbuPT8tmInf6Hy2+SkrApyf8s7+tGOZ6IFZCbvNfXu3hJXftHCjqMOSB8tmtF2Uzoef61wNXxUMK+YmYFmbS1Hfzm+8aS50d9H8u3TAf8qLff6WHq1QCzYT3bKhb8KtfPe3Xu3RUyEuee+63vPv+xJNPiX4GdfGrPzwu16QcLDnMF49mJuXllUeOlItyHuruUG+MT7e0tHd0fKxUWE7oec1dH+qSnm5s5g9pe9raP/Ivwkyoryk/vOoeefXV1/sHhuRCZSmxzmvDYy+/8iovHBkdf/vtLCqhaRKG3/3uebESbiblxyov96urjTvUk3vppVfECyci7w69lKRYfFq0Ab/0wtXV1befPSeX8CT89RKNYcI3RXrGu6HikIrNoJyqP709513R/6YF33xz6/UR4+0gzEQ0Tloh7Rd/3Z/77e94YQJDBzk7+x3xUD681J8mkei9eFk0RdqYrVszqKvtN+0I7T6th1oFfygOOO0gHRCxTl4i3jg89KSihLaHr3+ZoSMpjqFfOlfIJXKT4IvwCd6WeNsT1YauDosdoS3csTO/ta1DLEsnGeUUwRekI0Z7JJcjCIIsPzATED/JM5MvvHWRPIT39aOZCVmHrBMDo1N357POuqwctAgv+fXRaxv3GFcPxm/O0IKi2sXrUzT3Dy0hFfFHMZN/K7ra2BfazdyGsSMfs37GwweukhfVdLNPYRNuJv5gj0ru0vHuzvURj9zxoo7CG2+8qdSkaVoP9Taimcnzz79IC4pyHrmDZe5sLTPU7aPurFxClvXBPrvoqVNfNieX9QuXaiakYU8//Ru5xLyUWOeHNcfl7tc51/na43U0QbpC/S3xcT43Ezp0dADNa44vtKoXX3zJXC7vzmuvvS5/xP5u3g7exRcvnNgRpRua8NdLXiEdh+6eS37pkMqvEbXGM81tnZ3dYkF6KDq1ZjPhheQDNBHxgCwndPRsO9575tn/ECXy4aXNptZCdba9k8OPHjVC8QZRdoQqN7e0U6vg7xRxwGnLhXfxmA++bCbkYNT45bnxZTlm4tev/vFLSaIa/ZuZme0dZyc3elOQatKh4ztLNantKacIviC9sucvsI9+EARBEhiYCYif5JkJiQGZxjffvXzVMx3NTP6v13s+uhI2OkJ4CH+4v9272cE+56aS5yuHhXuQh9BqeTWyFDIWenjnjn4xOssfyUz4QC9RSHF7jQ0Tm3czOWbydLiZUCdpz9591FegbtA5V9goNaUmT0tLO9WMZibPPfdbeQ08cgeLnujxx594w/KmWWDiC+2XMqyFNmxgMOyaFe/PLdVMqHe7r2C/XGJeiq+TC5u8R+RFvNoLL7xE5dQbuzJ0jS9LlSl0EFwfhx3t5YT6f9RpVvq18u6IiyQ81AWUPYS2ljrK/BVUuqH89aLKiXq9RGOghidaCz9W8mb4dculf1999XWxILW6LVvT+YWCiGZCjZO21q+rV2bWNvN1pLhD4kG9amoPYqyRubX49Z431fTrNiKapdgRvixvinQ8+UU2ccCffPIpeYX+hcyEuv68OSlLLTXLNBNySzHoi1crKi7hwukP7ju90JVVH/r196YYXSlCCx4/XpcQy0IQBFECMwHxk1Qz8evjtT71Wo9sJj8/5N7V7KH4Y5oJWQTlv71hfJ7HzaSoY7y6a4L+5eX8uchSfv8V9pBW9XhpaEh6HGZy6frUXTsHEmgmfAj4U0/9yjtufK5JvTfq6olRJYs0E6q2HDMRse93ZGZmmysvNQk0EzYW6PQZHn/izESsnC8rOnnURXviiSd3hw/gWU6OO0/KA9sWaSb9A0PlxyrPuc7zWVRSV1fPD4I4sENXhxP1etHzkkdR+zl8+ChtLT9o6elvUYm8GdRP5degtmxJ53V4qwsOPuyPaCZN+o0ZfJpqvvfe+3SEE+JU9Mbxs7FJ4+++a+MrjGgmFH6dTbyt5B2hZf1BM/HrQ+za2j+KbSbUmPlrcdXNLrLJZsJbXULM5K233havOG3PK6++JjcA0SRI/HiJ8hYQZkJtibaTDjsfU0cOyS/D1p1s4C0wmpm0nz1HRziBJokgCMIDMwHxk2wz6bo2+ccZF4UAKNdM/vMLXcfOhw3a5ldFxErIQPh4MG4mV8amyT3+9cBVPqyLV/uL7D5xszs9l1iV2Uxocao8fjP0l5hk5rljw7wCL6FNosJEmQnv/IlemujSUReKdwhIS6gDIS8V0Uz4CJxoZmLuXfmjmEm0yksN9faujzC3FKG9UBTr+edfpA7Tgmai9DWpKynf0BxxKb5OdlXkXRt1W0U5Te/cme+XzCQza9u14TGlK3nkSLniDMuMGCPkj2kmdIj4yBn+wl0f8b4T3FPxUpqTkNdLbgzUZeeflPNDKjaDH09x13XvRfbm4mbi1y8+UDXeyzc3TnnAFTVsOsJKY4gjtD1iY8im+PbIh9ejj1/i07R51CO37XiPP5R3hHujMBNa6rXX3ygqOsgPuLklmN84splQk1buS4kv1uVdM6GNJGORq93U7/gfGHTTkRf7TqFyanjiPiJl/fRKKW9PBEGQ5QdmAuIn2WZC8fpmSDAimsmjxVf/9xe7+XTEO+DPuyf/YZchIWQmfv3WFNKPi9dZR5AKSTPEQwpNC/EwmwlNNPXd/PZ7xseH8h3wwkxcQ/6vZfclykyU3obo0g1dHRYjv+WPLSPeAU+9bf7hMVUTnwr7pU6V3V543HlSlPOYO1g83HyWGeruKzfO0rY9/fRvzjS38YdH4r0D/uKl/uee+635m4LMZuLXN4PfluMPvwNemAnfKsVM6urqE3IQRLZsNa4w+MN3h17KiopqPn0z0h3wtGHKnSfmJGRTFTPhMiwOKd+MgyWHxcWf8Rt+fiu5MBPawfz83ZY3t/jDG6d33EeNU3mJ6QiLGzziDm0PtxG/PkyL38oiH15qgfyaBoV63rR54qG8I7Qs7YgwE7/eOElp+AGn14iPBBMxv3FkM6E1R3ullpTlmAm9Fk8EfVU2Ezo5DAxeJT8R5xNuoTf1b6dQThFiQdmrEQRBEhKYCYifFJiJX/8erYhmctUznWbr/6cPruxq9nw589J/+l2XuEIi6vznF7p4CTeTv7f1//oou3mAF350xf/m8dBtzTQtbnCPaCaU/+2FrjdqR+gZaeIvgt8eJsyE8r/+tivZZuLXvYL33ffs3ZeZtY06ixTqcPBegkcf93X58hXHgeJf//rp6upavtRrr79x+PDR06fP7CvYL4YkUcfr8cefqD1eR+UHDxrdLLmDdayiis+lZRMyOsivDyGjDThV36hfLTnv17uPTzzxJJXQcwndom2gXeDDVPinvGLUyml9+JY8movv++nG5mee/Q96SOsRo1AimgnfDH5AaBEhJGLCr3+DEzeTD/bZaVOpJh3P5Y/m6uq+aH07k29ktNFcvAfJn5Re4sLCIl4uOoXUALiIvieN5qJdTvjr1RQczVVUdJB2n/ubOKR8M7ZsSadDJBaharSIMBPK4JVrfNQWb5xUTnPpsFPj5K81ucFpvWXSssvs7I6OjdP2yD1sWqdfP7z0vHRIaQNefjnkxlSfXx/g0/KO0LIU2Uzo/fLL4FdUT+i39NAu0JYfLTvmHb/ZJI3m6vjoY78uh7QGmqZXPD3jLbHm5cRsJuJ9wdu80iT8+ui7K0PXSo+UvfjiS/L3TfcPDFH59u25+wsP0BGQWyMXM7/+3hSniCP69xmIRkhvN9pxcagRBEGWH5gJiJ9Fmgn93UIQBEEQBEHWVcx9wgUDMwHxYzYTc6NEEARBEARBkJuLcBWYCYgfxUzM7Q9BEARBEARBlJidBGYClgvMBEEQBEEQBIkvMBOQSGAmCIIgCIIgyHICMwGJIQ4z8d2cRhAEQRAEQdZkzH2/BQMzAYkhmpmYmymCIAiCIAiybmMWEpgJSDBmMzE3RARBEARBEATxRfETmAlIDIqZmNufkgnfFIIgCIIgCLKGY+4BmgMzAYknhpmYmymCIAiCIAiyPmOWE+EnMBOQGCKaibktIgiCIAiCIOs8MBOQXBQzMTdByo2JSQRBEARBEGQdxtwzNPsJzAQkhmhmYm6XcsZv+BEEQRAEQZC1FHOXT0k0P4GZgMQQ0UzMDdHcdhEEQRAEQZA1HHOHMJqcwExAYlDMZEEb+Zu3T+tpQLzjNxEEQRAEQdZMzB2/iJZilhOYCUgMEc1EaYvmhosgCIIgCIKsh0RTFNlPYCYgMShmIjcsBEEQBEEQBFlS4jGTfKvdkkFxqDNSS0uhfVAtAykFZoIgCIIgCIIkKvGYyQWn01FcZs2wO4qrIqS8rc+nLrIo5sb7GpzppD1WR82FcXWuCZjJLQdmgiAIgiAIgiQq8ZgJx3XIoV85iZCCdrXyIvBZMhwFrYaQ9FWW0HrCK6jATEL4uqylXWph8oGZIAiCIAiCIIlK/GaiDTWYnSRuM+kpL6ocCi9qr9rTGqD/W3a1nC0tTbfaiztZsWMnM6L03DLZTAr0wsrglZaCDMdsfxOVeNmjGVsum5tT2LSIKzGrllshJzATBEEQBEEQJFFZhploXWYnidtMnLvsLqVouMla3kf/t9iclryyw84Ol4d0qMmyrczVeb7RWZueZZiJr73Kuvekq6NN3PpSQB5iddQ3d9D0SF1p/rE2V0eHzeZ0zYm1r0GKc+0plhOYCYIgCIIgCJKoLMdMNLOT6HEUd6s1F6TSZh6a5bIUMluxZBSJIoc1NMSrLE9fpLM2PSgkg9UllcNsgsxkKliNmUl1Svvrt46At7HCOTijFicNmAmCIAiCIAjlhm9yeNQ7NT2zcjJx009bJbaw/OLUZ3ePpzh/8sG4+VjFyLLMxJZhP9vrnkrEhYiIo7kK2vXRXBlVoswm3XzCR3N560otGSVezxgP35gC5R6VmbGCPLt1b8tgIjZ1pRJIzyqr7I7vywfiBGaCIAiCIAhCuTbiMbvBLQ9tldjC20zakJqYj1WMLNdM1KK46TuZrY/dCuKr32tv9LMp2UzkaybGZRZ2zUTdDNVMGAGqZqsbU4vXCt7WqhRriQYzQRAEQRAE0bPyzcTsDKmJ+VjFyPLMJNNeEP6VwfLIq6VStpMNBqts6Gh0nqQJa7Fx44lsJtpgQ/A+E6d8n4llW2ljc8fhwlJeIpvJ2UNF9R19PR1tFmuJellmreBtrUi9lmgwEwRBEARBED0wk2gxH6sYWZaZkD+Uydc5/B0W6QYPsOaBmSAIgiAIgvhhJtFjPlYxsiwz6WtuU0rqG9bJveaAATNBEARBEATxw0yix3ysYmRZZgLWOTATBEEQBEEQP8wkeszHKkZgJiB+bqGZnDp1+s4777zjjjsqKj80z0UQBEEQBEllYCbRYj5WMQIzAfGTcDP5wQ9+MDB41VyuZHTsxre+9S1z+S1JWloabY+5HEEQBEGQ9ZNbYiZNZ85QzOUiMBOwjrhVZtJ+9txjP/+FuTw1WTlShCAIgiDICklsM9mek/OpT32q7uSp9rMdp+obzBXiS6LMJK1kwjcz/+RJ/8mhWUfPjLnCcmI+VjECMwHxc6vMpPb4iVtlJr6b02lpaeZyBEEQBEHWc2KbyWc+85mMt94yly8ziTKTX9b5Sy8lWEhEzMcqRmAmIH6SaibkHrv3fPDtb3/7gQd+8I//uPGOO+646Z+h8qKikscff+Lee+99/XVLesZbVELlVI2EgWrec8899K9YIa2krf0jmkVroPr8Kf79339Ca6Nq9C8VHi07xp+FqtWdbOAL3piYpIdU/sILL9555518WQpNUDl/6ouX+v36aC7xdLQ43wy+tpoap5hFD3/4wx/df/8/0Sxa4S9++biYhSAIgiDIak8MM7k2PPziiy+ay0sOHb7qvka9keHrI/Twnnu++9LLL18Zukr/dnX3UMmhw6Vbtm691NdXUVlFD+nfT3/602Me71e+8hW+hkSZSVrJxI2ZebnkywU3drimf9c46fbP01xZXbzTrObu89Mzc9qmY76J8AXNMR+rGIGZgPhJtpn87vkXyBDEQ6EN1R8el6+Z/OY3z+wr2C8e/sdzv83JzRNLkQ+IWX79KYRLkNLQ9L/8y7/wh66PLzz44EODV67J9Xlk/VCumSizuD75gysX20/TvReZyZiXQhAEQRBktSeGmVzuH7DZdpjLeb70pS9zuyAzEfUPlx6hiS9/+ctyTXpYXHyQJiqrqlta26YSZyaf1VWkyztH1mFpmZTL93fPPHnSTxO+GTaLYnNN84cH9HFfpCjW9inzCkXMxypGYCYgfpJtJvL3br300iskJHxaMZP777+/t/eyeHjceZLm8rvSaUKWFr/+FBs2bBAPyRBozXyanjracLLFmMm14bHvfOc78qzvf/8f+weMtcnSYl4JgiAIgiCrOjHM5Nrw8JtbtiqF1G369t13f/KTn/z0pz8dzUw+85nPyIvQw08G4Ysk0Ex43P75Qd8cTdxb5hubmuf9PW4m1yfnawZnqwZmf/zhTXo4HQh1CLPOwkzACiDZZtJ+9pyYFcNM0sK/HUsWDGUlfv0pCHnZ9/J3mRfs+OhjmnXPPffw4V6LMRN6InnN/vBnj7YUgiAIgiBrIDHMhPKpT31Kvs9kzOPdsGEDn/6jP/psNDPZeO+9k1PTYqn77/+nl15+WV5tws2k/PIMH9YlBneRjXAz2dI65Z2e50O5KAMTc83XAuY1mGM+VjECMwHxs0LMZNMDD8S4ZhKfmdxxxx3Xhsd4Ob/nRF5EXqF4ODI6HvuaScSlEARBEARZA4ltJiQY5eXHPvnJT/7BH/xBd08vlfQPDNLDu7/znW99+9vRzISW+vrX/4qq3XvffXxWXd1Jevj5z3/ed9M/lTgz+e3pycC8Nq9pB3tn/vbABJW82jxJDy+Oz+06P83NhFI1wK6ZiKXyXNNUxz/LbkQxr1PEfKxiBGYC4meFmMnvnn9B2IXfdJ9JfGYiX4fp7rm0GDPh0+LGEvN9JtGWQhAEQRBktSe2mdyqLNJMkhrzsYoRmAmInxViJpR77rknLfjdXPfee68oj9tMXn/dcuedd27evPmhhx6if2WR+P73/3HTpk0P/fCHzhOn+BrELP49YOK7ueT7ZGAmCIIgCLKGAzOJFvOxihGYCYiflWMml/uvvLllK3X3//mf//n6iFeUx20m3nEf6QfNve+++2iF3/ve98QiTU0tJC1Ufrqxma9BXn9Ozrt33HEHFdL2yOUwEwRBEARZw4GZRIv5WMUIzATET8LNBEEQBEEQZDUGZhIt5mMVI7/X6etEkPgCM0EQBEEQBPHDTKLHfKxiBGaCxB+YCYIgCIIgiB9mEj3mYxUjMBMk/sBMEARBEARB/DCT6DEfqxiBmSDxB2aCIAiCIAjiXw1mcpvJGVIT87GKEZgJEn9gJgiCIAiCIJQRz40J/dcPV1Roq8QW3hXz9xCTF/OxihGYCRJ/YCYIgiAIgiA8N3yT10Y8KyeylvCkWE5u2z1efnHKfKBiBGaCxB+YCYIgCIIgCJKowEyQ+AMzQRAEQRAEQRIVmAkSf2AmCIIgCIIgSKICM0HiD8wEQRAEQRAESVRgJkj8gZkgCIIgCIIgiQrMBIk/MBMEQRAEQRAkUYGZIPEHZoIgCIIgCIIkKjATJP4oZoIgCIIgCIIgSwrMBElMFDO5MTHJM37DL8c7fnN07MbI6Pg0AAAAAABYB8wEoU7gmGeCeoOio0iZ8E3x+G5OJ9hMjp2pb7mhFiLrIdHMRJETaovUIqld8gaqtlwAAAAAALDKESqiQD1Aj9dHHULFSbiWJNZMPt6SYbfoOdT/cUttCU1kVZwxVUPWZhQz4Y1M9hMexUwAAAAAAMDaZjYIdQKFmZi1JHFmcqOZO4lIVp6D/VveqNZMeSwZB8yFSMIT0UzMfkJtkVoktUvRRgEAAAAAwHpADOWKqCUJMpPhUwU7wrQk5CfxmUlvBS37TnWzXGjNsO9oMtVcRGAmqUkMM5EVBWYCAAAAALAOCQQC1AmUzUR2kgSZSU+1rCIZ2fsTYiZ5HxyyZDhCJTfq3jlwJMVm0lRdbC5EokUxE968IsoJtUhqlwEAAAAAALCeEGZidpKb/hnKcs3Eag15iLX4BCu8WhuSk7yymmF1kYXTW7GjrjbPahclHacOHWitSLGZFOeHNgBZMBHNxOwnMBMAAAAAgPUJN5OIV0sSYCby5RGKKM8LLy8bURdcIL26hLQfyW/9mD0crHyHVt5Uys3kVPkBWmdpe11+rn1/j16hqbSg/EB++Ydl51mFHVn2HeUfllaX1+hrs2Tsz9hdftx1gt2gv7dWf4rT7xysLG0/fehgMb+qsz/Pbsnez5aqrzSu1XjO0l60XGltGaOnaLZklRxrr9tfiKsoURPDTBRL4d/QpTZVAAAAAACwtpgLh3qA1A9UzIQ7SQLMpLP/FOvTBw1ky94PqdB16UNRklV+qu7MKXWpBcPNhKTCeoj+LcixbzlQJ8zEklFcfMWoabGWsomm0rxTHwUXr7MUHJfXFlKmplLz9RNLXkUnN5O8Sl5C03xiR8i1mJm4whdElChmQm3LrCWymSgtFQAAAAAArG1kM5GFJEFmwvv04VdI5MR9nwmXEHaphN377ig4z7wiaCbyUxhmsr83uOyVauVJQzYSMpNzO/IPZGTpaxBmEvSZSGbSuX/3fsvbB06x6yfSdiJSzGbCAzMBAAAAAABzQTOJpiWJNJNdrWdD5TfaEmImHXUlBy7XGV/SFTKTAyEP4ZHNxHfCdM1ENZOMkHJ8tEgz4Skr2C8u1yBKopmJEmqL/Bu65ufn1dYKAAAAAADWCvMm+C+ZpMBM1FFSp8rY3SDLNJNO38e0kg5eKO4zqSimwv0naktPVGwp1HUizEzYfSb51Wxu8WX20GwmO962F5w53XK53mrdH8NMSvfa80/UH3O1ku3kl39I9XOy7afMW4voicNMAAAAAADA+iFlZlKilCfITDq3SHeJCF1p6ajcYrVbrPv3t7byWWFXUa6e4nOr9DvvzWbi6jK+6Xh/R1sMM+kcPkV1thw80elrtepDv7IK2Y00SMTATAAAAAAAQAximInsJMs3k8jJqjhjXgRZk4GZAAAAAACAGEQ0E7OTxG8mCMKjmIloVTATAAAAAAAwL5mJ2UPMgZkg8SeamShJvZmcq646N6QW3lKmHt14d9pdd59Ty5PP7BAdDbUQAAAAACDJaDrUCZzwTcW4TiIHZoLEn0WaCbVF/kvwvIHGZu/DaWlpD27dsnXrS4/dfRdNp5VdVussyKN3pd2/5bRamhzS0jarRSrdOQ+klU2opcmk9bW64OTlQjoa0/JMAAAAAIBUATNBUpSkmclrxoPpq2XPbUh7rjqsxgpjYTMZLXksLW1ULU0m53NCZgIAAAAAcOuAmSApStLNhHEibUMm+//lvWmvngiVvpq2N3gtpftI5t3s4kra/T99djTASjbTA6Pyifvf7W51vMAGU6XdnXn8anAFjBd+ej9VvHvj5qv6UsTo+bLMX7ClNzzwaHdQJva+9Cirdv/mx7bsDS4aImQml/c+Wz5dnf0Y25S77i78SL9KMtz64Hf1jSMeNhanZ2GXg+7eUD0YuphBz0oq1n3kBapIW3l5NxU8O/FRIdvuHz2mV5l+7EfsUWFbSHNcR3Zu0Hf+/p++wEsee5AfDAY7Qpf36ms2OLGbH4q0FxytocJX07rZ0WBrko8GAAAAAMAygZkgKUqyzaS7budTG9NO8HFQ0cyke+eGl4LlAaOjL5sJTbqCI6moXPTHH0xL6zaqT6cZfffutA0vGE9Hpfq/1c+l7bwYLJmIMCRLNhMmFcFu/QZxnSTcDbS2zLSHddfStGc3ksNw62DbtuGuR3O4zxhmkvZanf7w4s60u++++65H+SxasxCay5eD+9C8Ne2ZMqNw92ZpNFfo2Ut+kfbsEcPNXO8+uuFt42DQwUwLrlwLXKYNMaYBAAAAAJYHzARJUZJmJkG+++CzO4LWEc1M6l7bnK/eiRJuJqF+dtkz4koL2YihBMTWDWknmFGcSNu8U1kXbY8+KyrhZhJaZ84DacbmhpnJNKlO5kfGg4nyZ4NSxLb5heMh8+FmEjSQqzT94I5u/iBzQ1qke2ha0x7I4VPRzIRkLPQEgW7a2hJdnuhgbsgIXUIRmwQAAAAAsExgJkiKkjQzEaO5prvtj6U9Wsgmo5mJpt1/V9rdDz6WecQl5oaZSXAMFXvwaprRZdevb8jwtb3AhnelPZZtXHxgTLioZPNLEcZxccLMRNpC2hFjC2Uz0aele04u79xsCEzYdZWgmYiH9Cxif5ksBctHXWWbH7j/fmPAmHHcopmJcjGE7ddutlL5YPLy0AMAAAAAgGUAM0FSlOSbCcPoKIf3+6WrHzqB0e4jmVTzsuk+k6hmIpUrjJ4vY64SHMRFTA+e0O/eiDDM6RaaiSt7w4bQM56AmQAAAABgpQEzQVKUVJuJuJ9E06hDH2YmOoW/SHutnk0sbCaBE2l3hT2LwlXHY2lvhI2Zmmje+qB+b7rC0sxEO/3aXaF7XTR/2bNp7O5zLS4zoYPAh2MxAosxk7CnoIfPlrPxYjATAAAAACQJmAmSoiTdTAKjre8+mraR3y/enZa2wbgjnN2lHcFMTry0IbONTSxsJvpNF+J2c21avbV94vgL4gZxg4s7wy93GCzRTNhX+qZtNHZQuQM+VGdxZlLyi9CtKa9tDB236fJnQ/eNSM9e9kzao/nGbf/KHfAwEwAAAAAkA5gJkqIkzUz0X1rcspV/H25hcFTVBvbobip/8O60wowNRme67rVHn2GVt255IS14h/dizORy8VNU6wW24LN3G33xE/f/9Fn+1FTCv6Rr70836HW2su/5FV9gJbFkM9F3ZPMzW1/4xYNpd91vuFZcZjJd/1raXeyAbH1m84bnCkNG56+mZamc3XkjP/tEKzuCDz5Gu5wWHPmmwUwAAAAAkDRgJkiKkgwzAQAAAAAAawaYCZKiwEwAAAAAAEAMYCZIigIzAQAAAAAAMViamahLA7BoYCYAAAAAACAGMBOQImAmAAAAAAAgBjATkCJgJgAAAAAAIAYwE5AiYCYAAAAAACAGMBOQImAmAAAAAAAgBjATkCJgJgAAAAAAIAYwE5AiYCYAAAAAACAGMBOQImAmAAAAAAAgBjATkCJgJgAAAAAAIAYwE5AiYCYAAAAAACAGMBOQImAmAAAAAAAgBjATkCJgJgAAAAAAIAYwE5AiYCbLpCzPbtnbppaC1YWnzXFuJbft3hznkFpm4sJRx6BaBgAAACQAmAlIEckykxl3zjaHJcOevauq0jWmzk0pQxZraehRe1Xlwn28JeDcZbcUn1dLwa0jJ8Nu0ZO+vXRkTp0bGU/LntZFt+1FENqGbaXuGXXu0unNrhxQy0xcKHX0qWUgpfgnp3fuKu8fGOYPW9u7MzId4VXip8BRSy3qzbf2b887PDWdgFYVm4rqZt6GeRK4IwCA1QjMBKSIZJiJI8tuyapSS28ZQ/mFVfmNPuNRAs1kqIH+YNvy7Om2UppoWWQnGCQZsgIxbckokeakDtqGgnZj+rAtqW+HvpzqRDVosFy4mWx9u5A/jGEmewuqyTTU0phQfVo/nxZPkUDefqdYLdL9JGv7QbU0CoHA3FJ3CgCwWrg1ZuLr76pv6JhCB2s9kQQzGbLkN40oZf7zltwqr8edQ9Jia6CClkJ72d4yt8fd46zIbzjvcHb1ddTmWO1TrLbLmlvU2Ov2egbSM3iJZituoJKehqrsY/qHx0MN1m0OKjl7rIz3zPZYjf5o4z47bQCf1hmiCnsy7YaaBM2kOL+szzPm7XdZrBWavj2Wvc6y5r7Q9njGgtsTsFiLHA19fR0n0wtdYr2MuaH0gy01+cGVgxVAuJmwy2UFGXbRfbdkMEmYOleVf8zlHe7LP9rBSocauEhYshzWzBJ66R259ha/vsBoS/ruk1TTYuWSM6S35LHK4qqavrD18IbKkc1E08acu+xsnNVcl77sADXagnafWFVfZ1uNfrGDXWMsbDjb0dE4yjapuLrKuq20sZm20GVs/1BDdq7D1T9WX1xk0XfT62nLLu+llfhmWBvWR3NNsubq7HL3tgW3mW2Pde9J/oaCySQPbibXhj32A8c1yUwuXrr6/t7KC90D1NEvLHbOzgby3jtKcjI6doPmbs873Hmhf3jYwyu/t/tYzo5SmlV86KS8ctlMeE1yhkNH6muOt42MjlfVtJaWn74yNPLB/g/PtFzgc2kN9KT7CmvqTn1EG0ZP8eZb+zXdN97KOlDrbKfnfSv7AJVM+PzpmQ560rm5+dBThpuJxztBG0aLHD3WyJ+C9qvywxaaoLXRTl11j4mdAgCsMW6FmVzvMK7bbg87G4K1TRLMxJV+qEsp6jtWVM8774MNvONIvajDFwN6EfX7jY8VR5yl+pUHlyXXyUsGq0vCL3EEuNiw6xWGfrAS6pC5DhpDWfIz7DanbEbMTHyNvC8Y4ZqJ2B5LRpFeYNqevpN7Wg31SDfqGAxWltRQJ9JVm1OD3t5KIWgmM77+Nqs+0M5sJtSuwm7JEGaS4XC49GZplEyS6A7qH9aQf3JtlpTDtJ4g4WainS22t+jvghajHQUsuSeVVWn+juxyaTQWtfDMimD9kJkEb2qabCl08DeL2DXDTPpOiiuEZTZD7Gl7+FuCtXP+DgJJgJuJFrymIcyEbGH8xk1ehzrx9C9VE5cXsnMNgSwqqfPdnCQToAV5iYxsJun6amnlYtnMoD9w7dF0M3l35xGa8HgmSH6Gr3tpOn8P+yCGj9Ti9bflHuITES/vyGZCQkLSxaf5UxDW7KKhq6PcT2jzcM0EgLVKqs2E/shxLWlczpjooQb50zj6m52EoRRDlTZj2KutVP+wc9lYwvsQ643UmEmB9DE27z8FP99l8M4iw9CGUGdLTFcWllr1G1eEmYhXjRZnfxW1gfSD9Lwjln1hn15zM6H/2fhFlaCZ9DU4061GW9LCe2zK9ujSEooxC6xUqBfuZVfDuhqdTstOpq9mMyFvsVrttuJgH12YiW65OnrDG2IiLV56vZlpxTZHuq3Ma1xbDl9PEMVMqAm16JshNSR2buSrOtzAhIROmHz9BlILl80kVGhMq2Yiv7NEaxfXkfTTcvKGlq13hJn0DwwXHz4pzETu9PMKwkxGx27Ip5fei0PU+9/xflnOjlLlZhJ+nwlli7VwUlcUWq1wGHnMlbiiQl6hhQsD1xvZN2iaX+VY0ExoQmynqExby6+6aDATANY0qTaTAqmLFj+pMpOa5o7G5ibqVgY/UFwWFphJgs2kz7KrhX06J7FMM/G1V2UXN7n62Z300c1EY+OyRpuMz7xDGGYyWFNS3BnQLjrZU8wNWbLK3PoYGL5tsc3kAvV0gzFmgZWKPJrLpk9HMhNyijHbdnt2qW7RMc1EvPSzxqxAZWGJZVuZc1BvacH1yGejcDNhZy23vhliVV7PuD6LrYpOZbQqmMkaQJiJpl826bzQz2/eiG0mpeWn6V+e2Vnj9EVzxdUMUTJ0ddTjmRB1Um8mYjtpM3gh7SOZEp+GmQCwhkm1mYjPBfU/vTPZVrvjnFpnYVJlJsG/u30WW5M7bG48CDNx7lqemK1OkmAm7OqExWYMx+JQYzBGc110ZgdNIIaZWDJrecFgJRvNVRkclMJG6kc3E9dBR5nN/CIaZqLp7Tx7bxl7ivaqwxeN2VzIY5iJ1ndSbthghWM2E4fVbi3tZY/n+pR+uVE5mpnoo7kifgKiN5jQ7Uy0HvmcKZvJnuAXQvQdK6rkMmOCrco0miuimQQHMfpa7MZoruzg8ETjPTXUIEZzHc4NjebiJTCTpCKbSXfPIE3zQVaFRU4xmosPxKJZ+wpreIm45qBAvXx+bUQ8FKO5OLKZCI2RR3PFMBPxQaQYD8Y3TEEZzdXdeyV8Plucdq2wmJ3wac1ipwAAa4zUmsl4R19jmbhKSwn7A7l4opnJ3JDFWtSoX+iwZBjnPsv22rLiEirM32Z3tVdZ86poOniuZB8fss/IqX7wDs4gkpmMNgVHDQ3YSpu8/V2W4Cej5Bg17P7psfwse98U6wqwMWDWEldnF0kXHzUuMMxkxreHf6Kp15c3gHcmLBllOYUNtAuOPHt9d0Oxs6P+WJlxf7Z+YyutnObm16n3fq9wkmEmxKzbZc3U29Iu51l9ZHJjMfsCK1tpB/8i19hmklPdy+6Vz7DvqeYdyhE+8srR7I5hJkxWw+5954TMhDqm1FfjHbk9uQ6L1ZG9r6FSl5lYZqJp7manLZeNJbMVh32uDVYgofFXmY4L47oJzI206M2PmlM6vwO+8ySrYHWc5RWimgmjppAta91Zpj8a4g27oGFg1ryeIGIbrHmlwXFfjMZStirWkuv6xKrSt5XyqzGimbEb4qOYSUHrSDYtlVVK7wU+z2FjLbnYFXpPuZtr2dvH6mi5bmwVzCQ1yGZCvLvziLgQsdf+4RZrYeY7xfyKx5hnYq+9mt+PfvPmJMkJve7b8w4HAnMHSuoystjDEyfDRizHNhNNv5OelhJ3gMQ2E5r7/t5K2oCBQeM7jhvPdNLiHq9xMYQjmwlx+Gg9bSotRds2POzZ9u4hvjul5aeHro5qbDeNnQIArDFSaiYFWfb8hqGzh9iXvfAs9kcAFPQvUQ0P84oRZ2nwXmfmDC595RZxm3K305Ln7NEL63fbezT2ZTjGLQH0Rzcz+GG5QdBMZnykNE52JgxRk298imkN/hmeaiyr1M+6tCVl/NNKV+2eM2Hda0vw0015xJG8AZZ97M+DRcz1tfFvcyKDulBaVO9X+hCrjCSZyfKQR3MtBX+HrQ6jrcDaZTWfasDKQfENAABYkNSZSYH+yTQP/9wufqJcMynOlAbYDDXwvqP0OXeoG8pHWrsOGbfj84R/Rm3cZ3K21/i8UGemYFeJUV//2DtdMhMn+8CeXU4JJfyLXyOaSVh9/SNGaWTaUGgNwc/UHXl2y/bSYv1O1tXFmjETr8dtDfokAGsTmAlIBDATAMBSSYmZjHcILUkv7JCHHMRJFDMxvsuf015V3Mn+H8NMvHWl0W9Qke8zMRBXSOr3Bgfk+Hr5ftnK+Y9zj0mDNFSimIm6AbHNxGBmQNwgsVpYkWYCAAAAAABWCqkwE/lqSQK0RItqJiN1pew7kXSk0VxRzYSP5op006kW0UwsQaPQb7xmZjJYU9IX/u3HlgyH8XMWJoSZHN4eNppLqb0oM9H3K+zxigdmAgAAAAAAYpB0M2F3hG93XpjzWeK+q8RMFDMhLjirmAJZHfX9Roc/lpkwAgU72Zgu606lox/BTGb7W9hln9wyX2MZNxNfa4WQrspu/Rnnxo1tyCpyhd+dIsyEX2lJL+WXWUIbUOniw8+im4m/j9/JaskqSdjBTBUwEwAAAAAAEIOkm4k2bvzi+6rrSS/MnEv+CXD+HbUgGjATAAAAAAAQg+SbiaYV7ypN1M+oryyGm/IbQx3o9IwiaR5QgZkAAAAAAIAYpMJM1jDiRwOsO8uW+4Vjax2YCQAAAAAAiAHMBKQImAkAAAAAAIgBzASkCJgJAAAAAACIAcwEpIiEm8nUdGBy2viSaACWhHvUrxYtkRHvwk0UAJnh4WE6+9G/NyeXO/h3JrD2vlIGJBfR/HDuAiscmAlIEQk3E5xeQdws32mpDatFAMREnACpd6jOAyCZcC0Rf3/V2QCsJGAmIEWI0yI/M5qbF8/izQSnV3ALQfMDS0U+B6rzAEgmctvDuQuscGAmIEUoZ0Zz8+KBmYBVAZofWCryOVCdB0Aykdteis9dU1NTV6Jz7do1qqAuA9Y3MBOQIpQzo7l58cBMwKoAzQ8sFfkcqM4DIJnIbS/F566TJ09WxYQqqMuA9Q3MBKQI5cxobl48MBOwKkDzA0tFPgeq8wBIJnLbS+W5a3p6WhWRSFA1dUmwjoGZgBShnBnNzYsHZgJWBWh+YKnI50B1HgDJRG57qTx3tba2qhYSCaqmLgnWMTATkCKUM6O5efHATMCqAM0PLBX5HKjOAyCZyG0vleeuEydOqBYSCaqmLgnWMTATkCKUM6O5efHATMCqAM0PLBX5HKjOAyCZyG0vSecuv9/f09NTW1urasfSoZXQqtQnkLjun7viW1OZDMyrO7mOgZmAFKGcGc3NiwdmAlYFaH5gqcjnQHUeAMlEbntJOnedPXu2urpalYx4oVXNzMyoz6FDnXhzz34NRN3PdQzMBKQI5cxobl48MBOwKkDzA0tFPgeq8wBIJnLbS9K5S3WLcM6cOeP3++X69JAK1XoSTU1Ncn2BuU+/NqLu5zoGZgJShHJmNDcvHpgJWBWg+YGlIp8D1XkAJJNz586Jtpekc5cqFkHq6urm56MOVbp69SpVEJUDgQAViiFham0dc59+bUTdz3UMzASkCOmP8i0zk5wMu1q0EC2F9kG1DIB4mt/y8TaUnQ372DGRWDIi9QOGGvi75vA2hzprGQxWl7SoZUvE0+Y4F+ksMdRQ0K6WrRDkc6A6b9UTyMmyWzJL1OKFiKsluApMZ/ILRx04UcdgeHhYtL0knbuEXSgMDQ3J1W7cuMH1gzM3N0cVRGU+y+l08oehxSTMffq1EXU/1zEwE5AipD/Ka8FMrLlFTk/oYU2+PT3LIf7EZmfYLRlFYq5le0VNc0djc4fVah/E+WdNYGp+PkuGvbKBvcqHC0tHwuetCmKbSWKJ3R/tKQ+9d5ZMBDPpqwzrGmmavy0/4s4mGfkcqM5bPv4OSxJeKR3TATThrSttWcqZTRz/2C0hChHMZKmMOMusu6rOdnblb7O7rvc16udnOmnzCbW2ianGMrVo9WA6dyUGYRcyDQ0NokJnZ6c8ix6KWVRNniUQFWTMffq1EXU/1zEwE5Ai5L/KyTATi61pcLw33WpPzy0VhcW7iuivdYGzlz80+li+3sM2Zgj0583dXEsVLFZHn3GvnY998pdhz97l5I+DZhJIzwj7zNhS2GHJPdknHuY3ucSf2Lmu7GMDI87SxuDH2xZbg6E3EbpNYFWiNL89VrtPfsxQ25Kl+Pysm3Uf03fqf3FdtYcvGlWtGQ6HK2AsYi0a4X+khhoqh8azM9lKbOXntbBu3AI1iZrCUno7UNt2i/o0t1TpdfnYUplFe6p7g2YSXjNoJnpfcMSyt23KWHCS2jz7//UO9qazGX0IqubrbhBdZP4GrOk2js2F6jJ6SM810lgW1h/VV0Kb2jik5eh7wd627fSGLRlpraWSPWdmtOvnrfqs7H16X0e8leZG+I7zsPLWsEPB1qzPCj7jmKjM3pW+XjpQof01GDH2jjFJ73RN3xe2qqxSvjO0pznVRoedHzp6dQbnRqhOY+Qbd5NqJiM1+Xafq7YseEoSJ7ecwhY6udHpqGbUmDV1pkJU0/Rm6djpoJr1/cZ2j7Q6LXor5S9c+AE0Gp58uBz8yOgvGZ0qxeJ8rvmwNB5grYKFTozUpMfP8/P24XPjvAJvNqJRCfh2tlzvPbydNTA6OdPLx9aTe5KfqC0ZZfXirJuh/yHwsT8Klu3GHwXzxmiDDeJtaMmQr/mEv8X4eqyOys5JzcPexezYBhvA6iKVZuLzGe/9gYEBdV5VFRXyuVRNnacTWruEuU+/NqLu5zoGZgJShPxXOSlmYnVYtzl6hsfKdjuMT/iGmtJ3n/R6BrKDvUbex6q02S3b2CmP/nin59V6Pe6ehqr0QheVnC12OJxdfZ6x4p2OykF2WZn/wfO1V+XUhP0RshS60jOKjD/wc117zkyKXqPxh3+0Kb/R2IuQmbhqi0OfE4FVjNr8wsVVi9SWLFkOa2YJlThy7S1+1mzSD3XxypbMWtec5jrkcDT09XWcpNbIWuxQAzXpxl43teF0vemKNrZgTc1/3rKttNjZ0ah/Zsnruz1j+VlhBkUrzD/mcvd20LuGd6/VmmFmwnp7xqVCT4vNOaKNttis9rP9Y/XFRXwfWX89s8T41Hm0hb0Bh/ssVt7hC9BRot2n55IvMNKmOrLYSno6muiweD1tezLsXs+Yb4aZiVXfix7qVbucNZ0DXn3DmB0FzYSOc32/zzfssuxq8erltHJamzgU3oaKwxfo4dis8XyBC+UllowKKqEH9NSW3Co6CVA3VL6eafRrNXYtgu2pfjKhI3y2uoKfKyKaSWWho6a5I9oVM/kcqM5bJn0ns2ln57qs5YZziJMbnf3YBvO9YEw27rPLW0jNkhqqu7fNklnFmqXemOlEWmkv4q1aPoCi4ckNiWbRIa3XX7LBmhKxeEE7q2I+LFPjY/z4e8fZaTN9m9EqDDEINhvRqAx8Lv2VovO5Iz3TMJNKm6O+uaPx3BA/UdvIMOvYy8r8k9xyrqs4y15Pr9qxsmgb01Lo6Am+7pKZBOS3GLUq+qtB6+nrbKuhAzw3eTiPNVHvlLR5q4dUmgn/fq25uTkxQEuGCvmyVE2dpxP2BEHMffq1EXU/1zEwE5Ai5L/KSTET0WfShizsb4l0xX/Oxf9gUx+rcqdd/LWThwTwv0n091IqYdfr6Q/ehfYqazHri8jQU9AfOepQ0jT9pdekXqMtuFoxoMv4gFD9XBasYkzNT/0jam5LTD+MAhfv1GZznwl+1G2xGivJp15vjZs62cFultG6RBtbsCZ1pPhDjqiv+dtYfVEufUjMd0GtGW4m1NT5xYSafKYHDqv+7Hxxa9XZsPfUeZrLp3rKi2iW1lpRFhwZSSWSmXTssdovjItOXuidG3kgWXsVWzZoJqKycQYwHQqqrwxGYu9c4/UastjFW3LIsrdN1KEt1H9PYcy5i+2pfK4o0PcrspnE/AxdnADPnTunzlsejky7ftLTDC+VN7i9ir/KVv105K0rtVhDLVPTmyWfMPaovUq8TDTNridIB1BtHkFCLTOjRCzOT4ARD4t4v9Bccd7mjVY0G1ZNPJ2mleUFy9lgPDZNJ2cxhIybydSZCq6U/JI1+xCq2LiEyA+CsjFU4YJk6uLt4Ca/kt5imjZQlmtvdIeuhSnvr9VFKs2E3/ve39+vzgjCl6Vq6gydsCcIYu7Tr42o+7mOgZmAFCGJSZLMRO+v6HPYH+mw8fHcVVhH58I5J//wTItoJrbQoFheQn/w9jT2yeXGXLbCyfq9rNfCB3sE/zb3CQ+huPSzjXHNZK7PsivUHwOrGlPzU6+ZmNtS6NJZ0Eyo/0QtxKF/AMwq5DnZB7E8U4HQgCWzmSxUU27bEeqLckmoDDMxrVk2E22ui28t787SrD0Nwcoe36z8vPqCYlWz0sZr4dOckd429n5hb83IZpJjtesXhXyKmWgzA+y9ZnUY/UbToYhpJsYLwQl/m49Y9nXQCyT2VMzgvdKIZhL77c3vQqZ/1RnLZVI+5/BRW2Yz4Z11mzFuMITYa75HYXvBD6ZsJlEakmQm4jxsHLSIh0U2E3He5gdWbjbs5Q4iNWmjhcg3AYpht66DjhH28RB7P1K17PLe4KrYUDFlY/jfhdDDoJnQ2uQ95YVTQ650q92pf7AFMzGjWoUOv6Pd7/erM4LwZamaOkMn7AmCmPv0sbOxbMJcmNh8/+iN37eNvXtuSpTQdPO1WXPNGFH3cx0DMwEpItVmIn1kK18zYUNKsqpa9L93EczE9Dk3/4OXL32MZ8zV/6RNnamoGR3gwySMv3muWls5u4eSpbx0zxm2I6JLqtysAlYvSvOzZehDjCTMbclsJtpoU0F7ID04cEhehGHqZEv9vwVqhj5g1lHrB4lwzcS05jAz0Xt+g9pI+kE2Dq3Aas8O7/WH3lNzLn5tIURrRWWwTz5YGaG3OtvfkH1sIJqZiI/23TX6smKXO52NoestEQ5FTDNxR7tmQlisFdQB5Xsqf5Af45qJeadSwWhT9oEm45zjrNKPYQQzYdemzkzycYMyiplo52JeM4nSkKSWGeGaifmwxDATtdkECTXpuY49Uc2EnYFpa3lrYddMQq8vI+LGCMTbQW8hkfZ0vIN8dQpmEgnVKnSmpozzYsR73MX98VRNnacTWruEuU8vp8cb+OO93k/axv5ol6djJHAlJWbyDcd46/DspRtzr5zxD+olMJPlADMBKSLlZqKPS2YjrdX7TLRBpbPFENf684+5+KBn+T4TWhf5jKjM6hsftgUswS4p/5vHhxmEqumdzlCXtLPWVhdtFDpYTah/3eeGLMHv5qopN/qpSluKYCasw13E9VXTRxBlFze5e887dpWx25pMnWzRr1qwJmv828rKGrrONje5g/UbOwcaGxrkG6ZchxzGfSZ7jftM1JqqmRAD1u1Fxt0Mox17suxlDeddzR05h9iwGfk9RXNpG3qGB2rK+RcZBdhXTdAB2euwyveZDDXt2eV0e8Yaj5XpXwQ85txtr+8fc4+Gm0mGnZalTTXuURG7fL2FXytI31nbcj3C5SPN05K+r42WDb3xup3pGXZ6Rt7FpI30etz54feZaPqhCH3LhX4yqe91u5zGPWl06CzWIrdxg8StNBN+O7ggXb8qEsFMNM1qtcv3vnNUM9GHhPUMj9UUG/eZyAdQNDylIYl997VXicXFrR3mw8KPv3toxGwmotmIRmUw2mKczzND95lEMBPao+3iDsC+w7l2h7Ojp6PDto+NQgzfGLds5ppkJtRW5beYpp0vtlXREaBXn99weKHUcbjTPXh94b9TKxD13JUgVKvQuXTpEp87Nzen/EI8PaRCPpeqybMEYuUy5j69yOUbc1/8wKsUJttMznsC8tUSHpjJcoCZgBRxC8yEuh37In03lxYYrCwpG5T+eIf+Js1E+W4ubU9m2K3D4imswZXwv3nKGO49+ud/UpfUZ8ms4FdswKrG/Ne9r4F9JRHrIhtfBKS2pYhmQi1EfIcbLWLLZd8+ZCtu6fFH8A2pX7VATU36bi6vVN+SVcLqhwh9N5fV+Bg7vGYEM2GSIKY1/Qvx6FkOt7NBL2Fmom8DVbbuNL5iVXw3l++iM9RB9HeV7Sphxy0veNP5dfbdR8WuMDPhy9KmeoeaZDPJ3+bglwscubTNzkiHIsC/78t4xzJ8fG1umpxxNxabv5tL56IzeNc4g04m8ndzaXMjLfqCtDvpt9RM0qUvKCfK6Djs64hoJuQw5s9FzGbivcC+XU18N1f4AYzckKR9D4jFTbNCGK/mrpYIZhJsNqJRCYLfzeWr3xvLTLJJYoPT9PryL2pz1LGy8I0Zs1iNlskJF5XQW4y2rVHfpPRtpbN8pv6dYLY61oJWHeZzV0JQrUJH3OOumb6eS3wxlyb9gImCqCBj7tOLVFyesbZPKoXfP3rjd6f9n8gbe1ua9d3SG5+0je3rmlZKvlJgiE3L8Oz/udNDS/2oyhCb0+7Z/7JjjKop6//TD7xUjXJFsiBhJv0Tc2+1TSrPHjHqfq5jYCYgRSTbTABIJWh+KwO3+IzA11DGR80lCuooKyP0VjvK5yZgfZKkc5dqFUHk3y0xEwgElN85kVFr65j79CK/Onmz/TobwSXnS/u8rcNMEr7hGOclLzf5z+oDvR6p8f3PYlYoSgZ9c7zkvx8wKotFaD1XdPnZfT7sCol8zcRsJl/e5yUvoomHKid6veq2yVH3cx0DMwEpAmYC1hJofiuEC84q/vl6ZYfb+Dw7AbhpnZXBn2FZA+hfNlW0dvYHLIMknbtUq5BobGwcHzd+rEaGCpUhXgrqAjrmPr1Iettko1sdQyVsgctGlyfwzSLDOg5fnP7cHg9NiBIKLyFF+fuD479vG6sZnOEV+IURCvmPvP7YZvJJm7EUJfb4LnU/1zEwE5AiYCZgLYHmBwBYjSTp3KVaRTgffvih1+sVN5bQBD2kQrVeOOHPYGDu04uQaZhHcylmIpeQP9y+m3mIfC8KL+E57Z7ll0qoQrT7VWKbCXkObZV5KXPU/VzHwExAioCZgLUEmh8AYDWSpHOXahVRiH2RRKapiX1pgRlzn14OmQDJSaN79oMLhg+YzaRjJPD9ozfOjgT+23ueXF0qRMnLTX5e8uMPfaQcVPIne5mZtA7PfqXAe7RvpnZw5uRQ2KWP2GbyUpP/0/ke2p78j9W75JWo+7mOgZmAFAEzAWsJND8AwGokSeeu9vZ21S2Wx/T0tPocOuY+/dqIup/rGJgJSBEwE7CWQPMDAKxGknTumpmZ+fjjj1W9iBdalfoEQcx9+rURdT/XMUk0k7PFoV+lXTDqwmDNATMBawk0P7BULkio8wBIJnLbW+3nLnOffm1E3c91TBLNpKWQKUf6IfYDugZzk43NHWd7Q99Q3lKofzP6Us1kqMFaqP/krfMkLZuC7xvZw37qOPTd26saX3utWpQSYCZgLRGj+YkfiFgCwZ8NAWBFwn5sJOzzxKU3cuoSFHeynxzlUIMXvzyzZjB96hr2S463EFmGY5y7VgXmPv3aiLqf65gkm0lWyYh0tItzjbfrBSETwR+rClVaDPRXPPg7ZeQ25h+1TRTim/LXFL4ua6mki6kCZgLWEjGaXxydNs3TYlvqaRCsQh599FG1aHUwOXiO/ZxlwXY7/13LxnPSL8BHpq8yvIreJah1BbsEMcxk9f7l5QenprDoMD9KzdJv2EdGPUpJgpsJb34xzl2rAnOffm1E3c91THLNJOy8c9FpyawIfvQS/K1fneWYiTbYkFPDfoeV/Xzs+HlL8Id+fd1N+u/1lniDL7fFWnWhusxqtafnsl/j2pPrsFgd2fuCfQhfr1X/pVijpK/Jtt3wKE36cVxNC9jy2HUe8Vuwg9UlFlsT/83aPdXGb417LzSxZTMdje4ZXrKyuBVyknAzGfEuXAeAiExOhz67jQ/1r/vcCP+BcEfriGEmPv3H0aUfFx9pdfJflQ7+tDZzmJbiEksGnRhdyq+ngzXJqjUTA/Ez7ZziXUVSew6In4cf1DTe+C0ZVeI319nPtFeWiMsIITO53sHfOwVO9ge0IPiXV/+bq6/T6sgp5F/T5MvJYrPo7+9K/hFM5WfvefeguHWEP+QHLXtXVeNQhKOUJGAmKz/qfq5jUmcm7JeeMuzu4EXh0IzlmcmIs7RY/4FRWm1Blr2mucOrl6dnsOn6Y2X0t39Qf8UtGWU5hQ31zR2OPHt9d0Oxk82lavwER8tSSWNzR/42e+VgQJvxeT1tln1tXg8beybMhM442fYG9qFIcUm6/rkOMxMynEJWKHaEVtvY3NXoPOkc5QUrjuJce4rlJOFmMjUdWH7/EqxP3KN+tWiJKGLcUuhwNPT1dTY5co2BLg46HXUOeD1u6ksFT0GO/GMd3n4XTfClLDanNd/Z2NwHMwFLYiZwa/oxYWYy2pK++6R3uM9iLaE/mlPnqvKPuejhWedJ+qvqbag4fGHM6/GJn7+kLoE2N1RmM94OwkxyrPbGXvfZ6opsKxub7fX08r+83qnASF0prdPd20ZvK1pqsKaE3mXe/q766si/dLFCCDOTuS5LbpXXM5Ce4Sho92n+8+ygedyH9zpb/BGOUpKQR3Ot9g/1zH36tRF1P9cxqTMT7VyVJbNsil0UbrBkFEkz4jET/pkK+1il2Pg8ks6YoVFdnbUF7UaflYnQLnaWkJ5lyLK3jU9NNZbp11K75MvHwUs6LlEozEQeNlpgZStkZhIsFOcjMpPBqRXeaQ54Gyucg6m7pJNwMwEAAADAusLcp18bUfdzHZNcM7HuOimX5BgXLvWLEgYz7g6mGXK1hZFHcwWRP8vx1pWKsZtsbGtmrRYmFUMhD2mvYjU9LfIKg59oRjST0Ec19Ixew0yMQvmTksFONqDLlYLb8+MhkJ5VVhkcUpIaYCYAAAAAWA7X/Wqffm1E3c91THLNhF3TqJEUYrw3J6+0oNy4XqEZ3Xp1cNfCLGQmUa6ZRDeT5V4ziWAmxGx/Q9hXk60YvK1VKdYSDWYCAAAAgOUxGZg3d+vXQNT9XMck3UwWGXXh2CxoJppmtdprmrvqqyuk+0ximInm2MbuM3H19u3JFZd0Ji3WIvcwGyMWus+kpjTb3tDT2VFTWhq6z8RkJjl7T/Z5xmqKSxznVlwP29takXot0WAmAAAAAAAgJkk0EwBkYCYAAAAAACAGMBOQImAmAAAAAAAgBjATkCJgJgAAAAAAIAYwE5AiYCYAAAAAACAGMBOQImAmAAAAAAAgBjATkCJgJgAAAAAAIAYwE5AiYCYAAAAAACAGMBOQImAmAAAAAAAgBjATkCJgJgAAAAAAIAYwE5AiYCYAAAAAACAGMBOQImAmAAAAAAAgBjATkCJgJgAAAAAAIAYwE5AiYCYAAAAAACAGMBOQImAmAAAAAAAgBjATkCJgJgAAAAAAIAYwE5AiYCYAAAAAACAGMBOQImAmAAAAAAAgBjATkCJgJgAAAAAAIAYwE5AiYCYAAAAAACAGMBOQImAmAAAAAAAgBjATkCJgJgAAAAAAIAYwE5AiYCYAAAAAACAGMBOQImAmAAAAAAAgBjATkCJgJgAAAAAAIAYwE5AiYCYAAAAAACAGMBOQImAmAAAAAAAgBjATkCJgJgAAAAAAIAYwE5AiFm8mvpvTMBMAAAAAgPUG9QCpHwgzAUlnSWZCuqwuDwAAAAAA1jTUA4SZgFSwSDPxMzmZ9t2EmQAAAAAArC/+//buJ6aRLN8XfO9mdrOb5Vs+6e3vclZoWiqppZL6qqQr9apGrSnpSaWr2Yx0W2/RM9JtvdC0rXj8UZpMdzY3Ey5EE8JJYrUTMBeuCxq3SZyAOz0kJNQ4gXQ6SQOmygUk2C/m/Ik4jgibwDjsANvfj44yzXE4bPDPx/F1nAiTLUCyHVi9cVizIZlA426TTC750Sb2VQAAAABAh+JHmNS5w+SsicnkX0Zm3u1/tPdCR7ttMin+9Pn84vK//3f7egAAAACgk5DtPbLVx+dx3UEykfzK6J/m7b3Q0epPJryx0vxMapQfdoKGhoaGhoaGhtZ5rfgTP7ak3sNLRGtCMhkemwsEw/Ze6AK3TSa88eiMhoaGhoaGhobWwa16I/DG5jaZ7H6flfwKaYvLf7Nfdwv6SkQbW7cvAfdQY8kEDQ0NDQ0NDQ0Nrbq5Siarr7Z5kJAHJkSosC90Gwdzk0l7H9xfSCZoaGhoaGhoaGjNaq6SCY8if3w6vX9wOPiHMJJJt0EyQUNDQ0NDQ0NDa1ZrJJlcXl6VSmXNSCbmeVykn1xbWfSWbMnE51eWU9uREXVsvch7+h+E03vHocfkfifpz+vRqelwYDyeWF2R5JnAg3BiNbU8HZFGU+TKUJ8yv5pKb25PjbCFodmQTNDQ0NDQ0NDQ0JrVbp1MzEeDfDw82Xq7Lxln5TJf1dhhJ5ZksrkQ2tQvkhwyeyiuINJjfOfMelR9rXdFHiniyzJ4biHJJJE9N/qg+ZBM0NDQ0NDQ0NDQmtVul0w+5QskdTwa+nMgSOdu9QdoAODJ5PPnK3KB9JNryQW5f8J+4zqYk0lhUZ8extrkbJZ2Jl7M+GTTAS3rUd5PzAYrE8n0PSqfUnTJB+H8pbgGmgnJBA0NDQ0NDQ0NrVntdsnkj0+nf//fxvnld/sfeTzgyWQy/Bc9LWjaTz9diMu3YttnMrZeMl2p7byYmD9il87WhupJJoZIUEmbf4YmQTJBQ0NDQ0NDQ0NrVrtdMpl4vigix+Ly38zJZDr6Ulz1dvd9E5KJpsmyEoqlEqsr/U9WDjTtYj3qe7qU230j9U30996cTIKPI+m948Ledr9cmegFTYRkgoaGhoaGhoaG1qx2u2Sy8bddiR1DMvtvSTGlivekN9+RC6SfJ5amJJOrXIrO3ZLVUCLLosVloJf+uHVaXB65OZnExvX5YMPTb8RV0ERIJmhoaGhoaGhoaM1qt0smmrHbpGb2CEfi4qofi2e2a6HzIJmgoaGhoaGhoaE1q906mQAISCZoaGhoaGhoaGjNakgm0DgkEzQ0NDQ0NDQ0tGY1JBNoHJIJGhoaGhoaGhpasxqSCTQOyQQNDQ0NDQ0NDa1ZDckEGodkgoaGhoaGhoaG1qyGZAKNQzJBQ0NDQ0NDQ0NrVkMygcYhmaChoaGhoaGhoTWrIZlA45BM0NDQ0NDQ0NDQmtWQTKBxjSWTn84u0dDQ0NDQ0NDQOrtVbwTe2JBMoHENJBNTvX4u/oSGhoaGhoaGhtZRjWzjNRxOkEygcbdKJrxAiz9d/Fi8+OHHczQ0NDQ0NDQ0tE5tZHuPbPXdNp8gmUDj6k8mvC5JjdpXAQAAAAAdimz73SqcIJlA426VTIo/fb66KttXAQAAAAAdimz7sfldSCbQenUnExpLsMMEAAAAoNuwaV2fydZg1fZhjYZkAo2rM5nwHSZIJgAAAADdhieTOnebIJlA4+pPJvyod/vtAQAAAKCj8aPhkUyg5ZBMAAAAAMABkgl4BMkEAAAAABwgmYBHkEwAAAAAwAGSCXgEyQQAAAAAHCCZgEeQTAAAAADAAZIJeATJBAAAAAAcIJmAR5BMAAAAAMABkgl4BMkEAAAAABwgmYBHkEwAAAAAwAGSCXgEyQQAAAAAHCCZgEeQTAAAAADAAZIJeATJBAAAAAAcIJmAR+48mbx7+vXvFu2dLTXyT7/q6en57Ysj+xWt9+Pbv/5o7wMAAAC41zxOJkWfX/E9jdu7oQu0Kpl8iJCt/y+++uqrf/jqq1/Qi+Yt8i97ficuNzGZfN3TY++q8vnFb3718K29t5V6fj1iXPz81//65fg785UAAAAA9513yaSwtSTJYXrpdFfyK4WyfQHobK1IJt/985cki1h2Dvz4XU/Pr/TLn9/23F0y+e6fe0a8zAZnc6ZkAgAAANB+vEom5VOSRraK+k9b02Hp8ZJlAeh0rUgm35Jc8vPf2DpJ32dNe6t++6sverivn9KIwJNJ7z/SGVY9v/gqbQ40nz98/csven7+xfjfKr10Q//or4/Z8qZFKXMy6fmHwNHaOL+rb/u/Y32ff/OfvzTu3Fjy84dvfkn7fqu+OirpfSS90Ed29Fdyxe+WacdXD99qpQ+/+kVPzxdf8kc4/n9/w9Y8p9+GrOndd19/RVf1xS+//sBW9Vf/11/8XL87nr7MuejoTYT/1l//Y69YifZu5DcvPs/1f0vvy/qLAwAAANwJD5JJqV9WpL6Ivfty382ek9CTSR9Zrayqc2n7dXAvtSKZkK1tsnlt6xz5dU/gDb/4zrbPpKfnS+OnH0VmiPxTj+j/3S97Jg/1JciW/Jf/JcI3/W0syaSnJ2Bs1j/+dU/vmt5vzgaT/1i5i/RDmjTEMt9800PuRV9O+45mi2/4rg/6CL/4Qt8j9LjyS2k/HhiTxEofenq+0i+T25r2mVTufa2359e9egz7EOn5+bf6L/huhKxf/HZf9vTcwdEwAAAAACYtTybJ0IQ8spK5tPcTmVhEGowmP9Xa9HN2EJcGwurcWiK25BuM2a8FR8X1BXuXJ1qUTKonaJGNcqOzKpl8Oy5+/MqIB78iocH/il8+Ur/lO1g0tvJ319SmLZmIy59f/Ebc3JxM6A6L/9OIH6W3gV/1TLIcQJbp+fVj072QZPKVSCA0pRh7hI5C336jfBDLCaZ7r51M5v5LT+/fRDdd/sv/xn5Zmky+Ff2Bf+jhu3sAAAAA7krLk0mheCn5o0l7N5UcVw4ui4WLa7b+rjcbVA7sfZoUxIH19QoNKvau1rsPycS8MEkXPDjQAGD2z/omek/P15WlrazJxLTY4u/Ezc3JhMQBsS+F+vff8gBTdSwKTRei42vTgyFrFplHO3v3m//MpnMxxuK1k8nX1p0hj+lK2d+EJBOxcrajydOjYgAAAACqtDyZEE7JxN5Xl4vXUWkwmsgaG6/l88LJrvQoVjg51ug+gajPr8yvppanIyKuSP4ZaSCcWF1JZsjyWUmeTG9u02lm3ZpnSDiRw9v23lZqUTIRuzuE3/T0fKen3XqTSXW80e5tMjmK9Pz8G2ORm/eZIJkAAABAu/A0mSRWU3p7ndVcJBP92BW/EopnjJ6syBhqryKN6JuBJKLwC2ThpHH8fX4xHDlgm67pBbFA1ylue7znpBXJhB4B/2Ule3A97Ah4pt5kUtkdYdLUZNLzbagSEN4+/IofHtNIMvn33+rTsZgbk8nvft5jjm4ktvX8Q4BeQjIBAACAe8bTZEIu6D0sRbhIJrqL7Jp+JmJTMpH8k7M0+FDkLvgB8qRT79K0UC9NNaKJ/q5SeBX1VZ+WoJVakUy0H7/73S97fvVfK+et+u1XPd9UYsZn0yHv1yYTdgR85VjwD2f6hSYmE34XPC/ZjoC/dTKhR7Q/Zl2f3w5VVkXyjvm4kcqa3wR6fvm773gssh0Bj2QCAAAA90l7JxNiSI8WlWTi8ytj6/pm5mxQKbAL5mQSe9KE+21rJJbMvjV2IXmlJcmEebc4ws/R+8VXX393YDlV14d/+z3p/9VDmk+vSyZU6ejbr+lXo3z19bciojQxmVClo2/YsSG/t541+NbJRNPm/h8aSL7+x97vPmi/NT2SV0/pHhH+lfPmNX8+mOv9R7qyb/6JRxoGyQQAAADumbZPJpJfZf+fS4/0ZBLqU6Qn+oEtptlclWSSXwyPrXu9XX6flDzeW8K1LpkAAAAAQAdoy2SSDIf5RCzfo7BIGMnQJOnJsctXuRT9tpO+ybzxfSnmZEJsxaJ0DX0TgfHuOwK+uG/v8QSSCQAAAAA48CKZVA58r2oX9mWhYyGZAAAAAIADL5IJgIZkAgAAAACOkEzAI0gmAAAAAOAAyQQ8gmQCAAAAAA6QTMAjSCYAAAAA4ADJBDyCZAIAAAAADpBMwCNIJgAAAADgAMkEPIJkAgAAAAAOkEzAI0gmAAAAAOAAyQQ8gmQCAAAAAA6QTMAjSCYAAAAA4ADJBDyCZAIAAAAADpBMwCNIJgAAAADgAMkEPOJNMhnzK/auO5eNj63b++on+SfsXQBWB3OTSXvf3UuOKwf2PrgXpgZUexfA3dsNxLL2Pug+SCbgkVYkE8mv8BYMrfCeZieT7GxQiR0ZP61HJf+k+eq6uEsmvgbuETxR2Fqh5der9j+J2q9rrSwve/lx5Ir93Pxksh71Pd8WP5FXgem6eiGZtNbprk9WJFlV5yrPVJ1Cfbd4QseMYVZv42n7EtB9zCXB3hktRWIsVZLkGfOtOLrMaMrWw0aw3f7ZfXM/dCckE/BIa5LJ5Cz/hOUgLr/IaK1JJj6xTm+TCR2+ZVX2T5Dtj37994T7Iyc9XbP3tYAsirwia2wdFiV/ZPmsJclkLKjslPWfkEzum9z8JHnq7b2tlQ7M2QsRupYUjNu7qt4fL17OhJ6peXMXI43ODMumISWzpIYaGMEyUw8aGZfg/kMyAY+0NpmQbbUnyQJLJr5HC4WTXL+s+NjW28H85NB0qrCXnlUmxtaLpCfgV+QBNbGb25iOGO+1JUmeyJ0cD/UpdIkKmky0YsqnsA94jJHXvMkVYLmF9EgjschqZic2MxR/o8a2MyfHAVm5oOuI+/rU/tBK4WRfhJz0c1WNZzKpJfIg6T1m46G5aCiW2hH7Z5jienQ+vjB7ULL0wr1wLvVaPg6sXRUPJkhVkCda6tP3q4geUmwbZ2xhWSHVSMqDFC0rv/TwbDzQO5lYTV0Vj0nJTW0dF07MhSmSCXkJqKFNmkx8AyopOVLn+sbB2RtpMDq/ub8Tj/FtCPpg+lRSmbndNak3mmR3HZSVjb3j5dCEJFsj93o0SV4UxnaGnkxMGZv/suR+pQcLtNpTsf4Xb5ZHJ3YOj4f7FPohAVvGNxAhLyt1UP9N84vhoek0eQCk54DFHkmJ94/Hl1dT9JUCdSPbfOSpt3SVt8kzzgYZ1RjoJuWBMKminU/bYg+Y1LuQLotPcM43QmowvLKxukY6taOkqIdaY04lmfCVUGSbMl2y1Tl/rq8tLegI9SSTflJm5W3+oaEZHb42FyK8u7yt9irGZytGjWXj4j1af9OsGnwKJ2vDfqVwcly8pKXre7pUKd2zN2ofLb+d1Aof6KC9IJmAR1qbTIpr/dN0LzB5x+VvmXSbyU+3BU2fzRSlwSWNbTVKQ3z2V0kfXjNLw6/4NqExXOpYMmHbf/Qn52SiHxBCQo6+xZCPhZNlOqRKT9f4duXOiwnaQ4dsfRmff4LeI1nGuplLFVPDvWTlebFRC/cKiRbBcGW3iWNV6D0arSXjwKFsnL0Nn0uDMd5RfDXDyo+mi4ixaWiK34JIJnSyRILtMwnG9I8mx1jBZ6Ynlo0sY3owetWRHvY2f25sXuTnh1iKFmgy0aaM/OCUTMTvJSv6VgV5EbE/BFkm9Jb9FsU1flXlxXi0MvySvsZNEz/gVrKxp6o8FOPT+TT2jCf5GPZMFQMd79FYlmD/6xFFTyaZJbrtaEiMKqIebJNtmEoyCfoV/vSRAY2Mt7Y616v6utKCjlBPMuFTuYzaM/XT4Wvf94yWIs3Y8kx1MhHv0fq4WjX4kIXFFAlSunyk0kuXDK0NzG6AewPJBDzSmmSiz2r1BRd4T2U2lzFK8nzC8U00Y7OM4teyd1a9WWcs6MmEfiRD3tGdk4kxUlfucT1KtynNs7mMy+YpufQeG53xBXesfD72SN/id64Kca35HZ1etjz1PHJYps3UTia8eOQJvuVpns3FK9Y8rZHftfnBjBlVZ65Dy2wKlkxY8gnHjpyTibEvSDxOYzHzH4Tc9YG17Hm4qrF9A7dQmh2fZDuH6Vaa6c9LhykRhonIIL1MQgv/4IWXh7kkNP6RTaVVfxpSKUu2xyassQ9WtKo651V9bWlBR5AezCRWU6wZH+ZZkwkpEjVNP5iYemCPpvy1H2RFGDT2+tqSiRhq9KuqBh9zMqku3as9ehDgbCqn3wbaCpIJeKQ1ycS+0VYrmVTGSv7BXnUyoWOfMaXeykgmbINv50D/JMa8ySVXvcdXJ5PAvDE+bi6QUZgtY91DgmTSzvh7Z+2qkPViiD1RCuyC6NG0Y+kJud2bykFE5TSb+VBHMrEehVydTMxHhpDLFzWTSTl97fFLejLRLl5HfWTLctyeTJZH6komG/ri9DctWF+MHJKJeyyBVEYqa7/haGVsveRjcUIzxsmD2UnzQDR2w/FslrLMTE9kymm+p85W57SqHUoLOkKNV645mRytkOChR5dYlM9oEPjwRaLL/NE+L6FbJRM++JiTCd9RXO1qL267a2gLSCbgkbtKJmN0QhRXmc1lSyZaZsm6q0Qwvd8fxPtHIv1snRshZUtPMiWpjmQiDa3wqTbpZyqfbGaeREEhmbSxInmnzFxXFaYJVPxC5fCAg6rZXIkIn81lSyZ8cpTJzcmE9IjZXLzYaiQTctfXTRQ0kgl5UElFHXrKHvzhylBcX+mQXFcy4R+a0s0Utv0xrB9IU1Fj+wZuiX/gQqKC7eAQSzLRjn3P3rAkTF07m+u6eqCsR8AfrUTmogk2id9W5zeUFnSEGq9cUzIh1cj3qjF58s5rniWtD1/l7f7g5PwRvXhzMqkafGyzucTERausFHpj74N7D8kEPHJXyYRsJg4PqmRL0fdYf6eskUw0LbcaozuC+yZ3LAfMWT6JnBrUp0mQdQb66Imz+kfjIZZ8nJNJ8jKfDIfJ+tXVnH6VdhlkjyoYStJ7RDJpP1l5gD6D/U9iy3v8XZFVBemxVsXYY5WUytapcdyI0UMW09fET/9KyjK2y362bALmXy0EehXrXO2bkwmRCIXpansn8iwv1UomlTPPyo+tJ3qqJBOKBy1idpSeKU7qC+cXw/Ukk+JbOqei8ptqJfq7++mplpNsi6TG9g3U4eBlNPCADWuPwmKTLMEGGdKjLtLtQGsyobGQBwnNPE6WT3nRbpywH416mFo/1heosJ+bS6SRmnV+bWlBR6CvYqPpXaZkoh8/aYgMWk4TLIYvvm9ZqyeZVA0+1KcUufcQW9n8OBvueOmebUee0EPgyGtBXwu0FSQT8EgrkgnAfWYOA0J1D0D7OUuLeTI16xwAoDFIJuARJBPoNjW32Kp7ANpKsbCXDj2uzJ+pWecAAI1BMgGPIJkAAAAAgAMkE/AIkgkAAAAAOEAyAY8gmQAAAACAAyQT8AiSCQAAAAA4QDIBjyCZAAAAAIADJBPwCJIJAAAAADjwLpn8f5kP09GXkl/5l5GZ1Vdb9quh0yGZAAAAAIAD75KJ+RtDSZv9t1X7EtDRkEwAAAAAwIEXyYRHkfTmO3Png0dTpNPcA52t6cnk4nPp/HPJ3gtQh9zRmb3rllB+0BhSNu7L76fzK3sXQH3yhZvfXp25XwN0rXqKp+XJ5PX/m/nj02l7L0P6ybX23vqEnkz6ZEWSVXUubb8O7qWmJxOyEnsXgFdQfgDQjtyPXe7XAF2rnuJpeTIJ/CG8//6TvZch/eTai4tL+xU3OohLA2F1bi0RW/INxuzXgqPi+oK9yxNIJtBJUH4A0I7cj13u1wBdq57iaXkykfzK5tYen9AlOkf/NC/6/31xw7R4XWaDyoG9r4ViTzpt1llo8A5+IyQT6CQoPwBoR+7HLvdrgK5VT/F4kUwmw3+pmUx4/4gyZ1q8LssjSrps60tL4/q0rjG/EpjLsgtqJh6ldy2rW0V23XpU6l1YHg+TzrHYrrjxPOvpH41vnfKJ4+nQpna1t0I6Cxn6r+3xt73ithzetne2GJIJdBKUHwC0I/djl/s1QNeqp3hankzmY+s8h1Qnk+r+upX6ZXrDUFwcplIzmVQCjI/fyzoNKvoNnqvzR+zCM3WZ55bydqhPybM+ya+OrfNeuh5+oaMUtz3ec4JkAp0E5QcA7cj92OV+DdC16imelicT4vBT4Q//8sKcQP48nSA/kv5Gk4nuIrsmyWF2sXYyEUsmx9kEMJpMJo2+NF8saH4A69HQZuUqriOTSeFV1NcXsfe2EpIJdBKUHwC0I/djl/s1QNeqp3i8SCbE589Xi8t/M/fwkwi7TCaErN/8pmSiVCWTcqqLk0mJxJLZt/pOIW8gmUAnQfkBQDtyP3a5XwN0rXqKx6Nkch33yUTyq+z/rDS0wi6UJFMySRpnjTfP5rpgPUnFmM31XI2xC+bZXOZkMvXA1SO8f2gssfe1HpIJdBKUHwC0I/djl/s1QNeqp3g8TSb/MjJjjiKf8nQ2VwNHwCfD9IB10nyPwuJj/625iMSOYp8NVpLJVqzqCHj/JD/e3XwEfIKtsH90aeOTfgS8OZloxV33CeoeKe7bezyBZAKdBOUHAO3I/djlfg3QteopHk+TiTjk3dw2/lZJCM1VYxaW5TgT8BSSCXQSlB8AtCP3Y5f7NUDXqqd4PE0mHkMyuVeQTKCToPygkwSq3y7hHnj7ns/jYH76vnLZBfdjl/s1ODlZU1/fvAEAHvj+7XvTT8150uspHiQT8IjXyWQzJsvKxt5xZESdPdAH94CszK5mCif7mQO2/nJekpWx9cqNlhWVzvQTPQcr4iZ6zzU3ET+qfcr85v58aEKSWaVl42P/nkqs0rbDDmciK5SVFbJC/dgnaE83lF95WxqIFA4ziemIPjW0nCUlMTaXKpwc80PdNK1ESlScuoPIJ2ZIdYkf+U12Do/FTfgCppuwNVRucr4RUtXYdjoWNeajZuXxFV5+fInZoDK/m8uklob6PP2+WvDIerRfVoKLx6JD6lPrGWpuTiZna0l7F7Rc+I8PYzyc/PT6YXDUfnVDbhi76uCwBtsbIhlw+PgjhiBDtn9wojL2kbfOXkUKxk0ddcrMmqbeQ3O9Dv9hNEbDCbnw8OFDU0punEPxCJ2cTOBe8SaZyE/1d8/YE0UaWWMXi9IT1lne9o1bBsfIYyW2Hq/EjOKu1BcJmJJJqE+x3KS4e91NxCKSzM8uUFweYWdTOIjbxk3pQWyLfc1O+pm6Y7kG2kmN8jtMxg71i4XFsP4tSbQk6JnN08/VpP5Frlxxazo8tFg5qSAtVL9K3sjFEtU34QuIm/A1VG6SWeo3SlHy89OpZy2HzNFzgUzol9ILU835BBbuk/Xo8KhinA+G2A+EojenjjqSyUUigmRyB36ggYSEk0pEca3G2HVL166h6g0x8ui6usoGlBk1XfmNJDnaSDL5PoZk0kLlH1gg+Yn8yyOKe9cWjwmSCXjEm2QihrYxvzL8ythVQgfKUnJcKVQWNGRNMYMxJZMSiTR13sS4aDp3Qjauvta0VzMbxnUc2U6dP6QPLBLUTxMH7ahG+WUrKZQUm+jmycGICjZZ8z4TzViYq3kTczJhsuIm5E5F/eud5RQtQpMhfQdL6WB2MmGcuhA6x3o0qW2HevWSSD9TL7JxfYAqb0/Ftgt76chTlT/1khKfDarLq6kLMYiVs9JAlPyfXwwPTaczJ8fqoHJQ1i5Oj7deTC6fHBdObx6ZoblK72OjDx/+KfHJfoUVeWN9WMW+EFNj7Lol5zWYk8nwtYmXfmgiyTP6T0crkYzx9m28w0qyOjSd2jk8JhXLh9aDuUkjHutvtYX4zNTWceGEfg7Eiza3u0bWQ4v2dZT8WDjMDP2ZVjg06PI9KaQbio+xF5+L8kMyAY94nEymHii+Z9t6Jx0c6QZc/tUCuRwYT2YujRvUihlGT9b3fFvcpLJErZvol87WRBzSTpJkMTKS+nrZeeQGw1esm25ZyuGL012+BQBtqkb5mZLJzouJNNszRgRZGJB6F9THdJ6D77H5eXdMJrVu4pBMlkcUSdF38cWesM5s3NdH1xAM6/2kIAPh9NZcxCfz861DZ6HJRMtM6+U3TGpPJBNBbPmRkc0oWbpMmdZSku3rozfkjlaGX9LR2LRRCJ4K//Hhw+BQPVO5bNuF5K3WvgRTY+y6Jec1mOstwM911DshhiADTSaizEjFZsTbt6k+9WXLeg6pTiak4PUSPkuJtQX9CilasjAmrLr3OvyHoSE6p+vGHXa2bOym/JBMwCMtTiaXhRM6HV96FCP/FmnwuMzE6TmjA6GUTGewpMf89MM/6m1M1r8Gp3bMMHrS/KMX6m2MfQUnU+sm+qWqZGJS4h+BRx4r0kB4Yy4qDdzBt8pAs9iGV1p+WzH26d1xgdXfmB4qFvgXIpm+43WXJF7jdo7JpNZNbpdMhO9j/NiDrekw2UQYC6qSrPKoDB2FJRNNy0ujpBLytGwq+0xOg48m6GaiMcTR8c24Hd+ClMP6qTL5Ynpj9YZkcicqk7jYtC771VXE1qH9CpN6Ng2dOa/BnoQ5YwgysImm6YVIhv7gY2+OVclEfCKjj5MOyYRcVVW0l7KsBEO3nyEGhtseZyLK77pYot1UPBySCXikxclEV2ui6jk7zuScbLfpHeVUZRdzrZhh9JxXNgHLqaGE8ZBq3cS4eCxucpGIxE6MbsZHNzTTlfWcrdnWA22kRvmZ9pmY8UQqyeJdtmQcAaXdkExq3cQhmRQWw+ImQ/aNg+1+9uBMd20qb+gYejKhOz0y0xP0UDcjmfjExzGHKzWTCSmznRcTfJ9J9alikEzuxNv3pnGmvnNzOWwUcjXGrltyXkPtZGIMQQb9EDipdyFdTPEDTm6RTM7W7PtMrj2/0aXkn+D5B27r/e3PzcW38ey9Js7FwyGZgEfuKpkU16P8FIQXL2f4QcnFRKQyhNWKGaJHkiPiJpVBtdZNxGX7EfAVRTIEa9qbYMzoNu+HgXZTo/xqJpNi2hd6o5mnxxSN91TKKZnUvIlDMtGOVoJGKdqOUSm+0g82rRwbbdl1A53CSCbpZ2qAH21iJBPJOPlBPha+Jpmw40zY+UJI7YlvMeboRqExQRHaWo2x65ac11AzmYghyKAnEzJkBYKTfPLhjckkNz8p3pFFMonwImazuWxFy5HHYzvcDu6Qc/FwSCbgEW+SScUhPeGvJKvzW6eiLxkKS35leG63IN5ia8WMSk85L25SWaLWTSo/FHd9suIbjMyy+91ZpDPKyMPofxLj12/FooEBy9R/aEc3lJ+Wo1O5BsJjMVE5pUAfnWbQP2oOz07JRL8JKR7TTZySCVXs76WzunmFX3yfJNVI7jS0mtOvfrtCe0wFCR3FSCaalmETuirJpPg2zstv6zR7bTIhCWR2MkJPs17i0xGlXjV5xK8p0lNU8/McQju7aey6mfMazG+IY4/pBELfo7AYggx6MrmgHxTqmfnGZEIMD9KyTH7KGx/WlAJ0xFvgl3nRBkaWSNFebC7xN98NyxkO4Y45Fw+HZAIe8TqZALQSyg8A2pH7scv9GqBr1VM8SCbgESQT6CQoPwBoR+7HLvdrgK5VT/EgmYBHkEygk6D8AKAduR+73K8BulY9xYNkAh5BMoFOgvIDgHbkfuxyvwboWvUUD5IJeATJBDoJyg8A2pH7scv9GqBr1VM8SCbgESQT6CQoPwBoR+7HLvdrgK5VT/EgmYBHkEygk6D8AKAduR+73K8BulY9xYNkAh5BMoFOgvIDgHbkfuxyvwboWvUUD5IJeATJBDoJyg8A2pH7scv9GqBr1VM8SCbgESQT6CQoPwBoR+7HLvdrgK5VT/EgmYBHmp5MLj6Xzj+X7L0Adcgdndm7bgnlB40hZeO+/H46v7J3AdQnX7j57dWZ+zVA16qneJBMwCNNTyYAAAAA0EmQTMAjSCYAAAAA4ADJBDyCZAIAAAAADpBMwCNIJgAAAADgAMkEPIJkAgAAAAAOkEzAI0gmAAAAAOAAyQQ8gmQCAAAAAA6QTMAjSCYAAAAA4ADJBDyCZAIAAAAADpBMwCNIJgAAAADg4E6TyeHulb0LOhaSCQAAAAA4uLNksqyo0uNwYC5rv6L1JH/U3gWth2QCAAAAAA7uJplsTEckWb3S0g0mk2xc8ivBWN7c1+9XxtbNHde6VTIJ9SkFex80AskEAAAAABy0PJnIskJShKX1TuwcXbIrG08mw8qM5J+o9JS3g88WmpZM0gsH9q4OUtyWw9v2ztZDMgEAAAAAB61OJtvWWBLOnZq3ONPy+MrWp5Kppz7Z+FgiNSwrouPi5cx8Ot6sZJJ+rnZyMtG00GDlT+cZJBMAAAAAcNDqZJK2JhNbJGDX9sWsnXXIshCyuaCmWao5Wgn6FW09ypMJSSm+YHTnMDc8oGdTu/YAACv1SURBVCTPaM/B3OTsuDoVS6VP6I/8YYz1KRm+56aYlgYi6c03sqz4xtNa+XzqkbJ1clw4OSZXzgb5RnyWXPDJk4nVlDqoRDKsr7wtBRfIYpnVqG98jXW1DRJOPN5zgmQCAAAAAA5anUxaNZuLhxBJniH/RgYV37NtkUyqFyPJRM8SDEkmJJYki/qPoV5jB0I2HvDTyySEiH0m5mSSM5aTSIBhq00ai0n+SeNiuygVEjOxA/5EeOHOk0lyvPK0coV4ZINl12pjrBK0k7WhXtV+HQDAvXX9qOUw4rWCFIzbuwA0LVD3UcHQnVqeTDS2cc8zSe7ycmc1rj6ZIJe3TkvukwndVUKPfZ+gwUMkk9Pd+XDExxKRSCYiQmg0RdAHIH4MWoOTdn0yMfr0ZFJYDM8aD1/qXTCubQ+FV1FfX8Te20qtSCb0KWPpVAheP+TVSCZ/ifC9atWMZJIcMk0aBDALmMaNJBkWrCOJKDY+TJmJIVFv2ICDW6NvSf3T++YuvequH7UcRrymmB0P85IOhmhJo7A7WCKsP9dDL249YQTJBJx5kUzG9Ddgy14FV2cNNpLJRSIyf7itn6RLTybnJCSky2yx72PXJJOopuWlPn1qWWWfiaHOZEIM9bJfrS/cXl/MQmLJ7Ftjn5FXWpJM5JnhUcV0jrb9QKhq15nBSCbn4ulzoCcTgOvxXaxW5oGC2w88N+ad2lVGEoBbYsnEX9k3cvFyRq368MVLPr9S4O+8BiSTjvU6Gnpbc0yrC5IJOPMimaSfqzxb269o+JsWjWSiaSWy2gt+0dhnQnr6Q2uZzTVpcOL6ZKIV16N6LiqmJVlNrKbmX8wEB8OkIzM9MTSdzpzsX9yQTN7Iz3eNzrZReDXjfSzRWpRM/NGktm18cFhKP1MvxEy/YFx/kzZ6eDIpnOxKo2uFk+PCRckojDTJIfLTpcLJvs8oJz2ZGBP86DFFg1GywMZ0ZGyd/vWkYEweis2vpiznroZuUkcyOU+MKhlaqDX3T1aSieQPzx+xS2epYCxPKlPqnVBj27ndNUme5PtmQ33K8m6OVKDPtD0K3YpWWmExnOD7QOjBlhP6hy/GqEWqSB5Qdw6PC3tp/smgeCskS0ZGIrmT3E5sZij+hlRaJrUgjabo6Fd5ezU+zcnG1emFYGiFrmcwJo8sFQ4z86OqeY40WcZ2Hn+NTiVQ1Xgmd3KsDurHfIaGIlOxbboeY1+3pMT7x+OJ11ktuxKQlfxFaScWCW2xrV5j1CUFz0dduC8ySwHr/jrzYKgn0mw8NBcNxVI7ZGRjT+5sPJWI0eOKycK+PnVj75iMZuLj6WAoXjjJ9cv6nsCAn1RvmGyYkZtvhNTlvWLxMB0a1L/FQfKrmZNjOjwi/XYiL5KJtrng4xMe6AyuZjANnT7xejCSycaLMD24RVZzlxmHZMJSzcTU9/Qh8f2SvoHJYJjtlyzn+WSw3A3JhOYi3nyPF4xr772iZUDxTMuSiTGV7oydru2mZGLeHDQnkx32aR89WQIbJ23JhIRV48CkkjS4pLEAjLfKLndzMuE1WWtCF1MpRbVXfz+m+4GPaB2Kj3LGehW+mNTLN+ZoAjdvE0JXYpXGcqzGBigyLlUnE5EWxlgdmpMJf++jA5qsB13JP5Ms104m0sgaH+6CYppiebtfzGbW6PtvaLPyEyeJCG1aJydeO6LOWRpfYBezvuf07Cxi1CUFz0dduDfOyRM3m8peGHvJaiYTY8jSEqMKybRiAToPdmiFXSxV3qkZUnL85mQZcTBwZQrDq5nYCR1XA0btXTO0QnvzJJkQl7mpcNy2q7fdBcyfXL6aMY/SUK11yWR+iO7oIP/S97NGkwnvEcc+2ZKJMSOxMi+x6kRz0HVIbSRWU7wZfZZkEhnU34BJ3pj6XnQLptlcmSU+M4e/0bJkoheYcdlynkOMNl1PrzQf+14vnz9Mttiqk4n4SI4vbE4mYnNQVBoZ2Whd1Uomosc0VFrnItZMJpXPs/VxNROPBR/R4zxFIKksQ18CSv5SO4jPhDbpYajVoy7cK1dHmeVwWAQJ0S+SiSibgHX6lvlH/iaumQ5Sql4hCTbL2fOro+2pIJ28zT+4EU0sBh3Dq2TSidQ+ZX5zv0B3Kb7By+NGrUsm/INDsglIPx6sTibG4UZ1JZOTZHCRni3alkyqDh5AMoEb95mUJDk8ZUQX26kaGMu23cXLmcRZlp5mUH/r1TfF6GxY+llyVlJE/gHQKy0zPZEupviBTM1OJufLI3UnE227el6NPZmIE/2b95lUlsnHniqmCd7Vh2zBfcRLwjQYnlcnk2G/Yt7DVp1MYk/040U3QjWSibYZS5hn3KxHI+b9LNBxkExcON2V+RHwver81qn9WrBqYTKhM6yMeQsimTyIbbF9dDsv9MONKsnE2MIzJxN+1oSD2Wtnc80eWOYiIpnADcnkLMVjBleZd1ph3bYrb4/NxfncffNsrmExm0vGx8YgGJV2tBIITvLhqznJ5HBlKM6m0RTXhuT6kwmdl2Wb4GpPJutRseewxj4Ty75rqnrUhXuo35ZMisaxH6ayqZ7NZUsmpD75EZ5qb41kQup2y/wFB2RoxblDOhqSCXiklclEm3pgnAjBGA3zrxYCffRwo63itjWZaLOjdDpBcDFnTiZbsSjpHJ7TT2lgSyaa6SSJ6iLdeEQygYBpRoGxCVhJJnySoXDxcsZyxDBl37aTjWLjM7hC7ATriZzxnnyZ62cfhfgehc1rhq5UqTSJTejSmpVMjBFSfZXPL4brTyakQMce62e7Cf75jVadTEjMHqQL9I/GKw/eWCYdnvQNRPgORhHj9UNAH4X5qAv3xMXmEj8W1zcQzvNZ+sVd3kPKpjqZEFe5FF2gl9ZqdTLRD+7tC1+9jlYnk6EBeo4i1lb4d3MXtlZ4pQVGlsRi0DGQTMAjrUgmTWL/rA7gTkh+em5AzUgm1isBOlk/PSGNfjn2BAMyCOfSSOUrU3w44qgLIJmAR5BMAK5xTk/Dqqhi7gqSCXQbtU/xPY2z4zbXxLeNARCSPEFP9M/O2t/gl+BBW0EyAY/c42QCAAAAAHcPyQQ8gmQCAAAAAA6QTMAjSCYAAAAA4ADJBDyCZAIAAAAADpBMwCNIJgAAAADgAMkEPIJkAgAAAAAOkEzAI0gmAAAAAOAAyQQ8gmQCAAAAAA6QTMAjTU8mV6UyWQ8aWgMtX7i5wJyh/NAabu7L7+Jziaykes1oaM7Nfe1xKD+0Blqd5YdkAh5pejKps8QBqv10fmXvuiWUHzTMffnljs7OP5fsvQA3IWVz4bpyyBpQftCAOssPyQQ80vRkQlZi7wLwCsoPANqR+7HL/Rqga9VTPEgm4BEkE+gkKD8AaEfuxy73a4CuVU/xIJmAR5BMoJOg/ACgHbkfu9yvAbpWPcWDZAIeQTKBToLyA4B25H7scr8G6Fr1FA+SCXgEyQQ6CcoPANqR+7HL/Rqga9VTPEgm4BEkE+gkKD8AaEfuxy73a4CuVU/xIJmAR5BMoJOg/ACgHbkfu9yvAbpWPcWDZAIeQTKBToLyA4B25H7scr8G6Fr1FA+SCXgEyQQ6CcoPANqR+7HL/Rqga9VTPEgm4BEkE+gkKD8AaEfuxy73a4CuVU/xIJmAR5BMoDG53e/NP96TZ73+8psaUO1dLRDwK/YuaIoPlvL7vt6nHeCeqn/suo77NUDXqqd4kEzAI14mk3xiRpIVaTxtvwLa0PvY6B/Cr38o08sPHz7kF+7cdeWXWE2RJvkn+IWdI/sCt1SU/Io8FCWrCg2pcujakkYyaZHS+9jDP4bppQ9Lo8GHr3+wL3AfSH51aDq1s7rkw6AHN7lu7KqfbQ0BWUns5iJPVakvau4HqFZP+SGZgEc8TCYl9dXpbBDJpHOQcPKQuSexRHMqP0ryT4rLYywzHMxN5srZ5fFJSVbzZS0ZmvTJiu/xgr7Qp1ToyQQJIfNvi+KGRKhXyZt+XB5RttgFss7c6gJZPjCezFzSHpZM8vNDYvlzaXDJuB24wsLJEMkn9zOWaK+js1n9YuQRAircwHnsqod1DW8Cc3r9HcxO4k0XnNVTfkgm4BEPkwmFZNJZftp4/oeHQ7P27io8wJiRerMv1AzO5VczmURCYTW2nUnF+l+8oZ9wHx4P9ykZtkyQpJSnS4XDjCRXbkjI1j0hF4lI5IBeIOv0PVoonOT6yQ1ZnfN9JhcvZ+b5XpqzVDBmDjXgyh8ePpx9W7L3VrEX38OH9iVagJRW0ricHFdy5usAqjiPXfWwrCEbH1s3Lq9HZw8r1wBUq6f8kEzAI0gm0KgS2cL7Q/g1n9Zlv7IKKTAPtgudy69mMomdVF2rv6m/Cczr25M7LyY29Oso83ooYyOAr5Naj/JlxGwu6UGM/Bt7olzoS4BbfBIX+Vef1uWoEkpaWX5mJI2wuEqZUwpATc5jVz0sa1iv7LKzpBSAWuopv9Ynk6NtNRTlLW/MxNiYi/GejU83fwoFnQHJBBozZJrERcLJn/5qbOBfj4cTe29TOZdfzWQiNhntySQbH44fF070dmUspjnuM9G7qpLJ/BDNJFLvgr4AuPH57YuhyrEldFrXn+KWBWrxMpZo2GcCt+Q8dtUD+0ygYfWUX8uTCRk0Jb/C26zxwU6/rPeI6YnQ8ZBMoDEnDZ2ba7U1k7gE5/K7XTIpp/srnzpaVB9nwmd/OSSTi5czibOs79m2vgC4dHTrc3PxUc7e2zqbC6J8ph5YoixANeexqx7WNWyLDbmdFxN40wVn9ZSfd8nEGkJKtTpvK49DPNsIkgl0Eufyu10y0bThPkUaiOwc7s+/iBhLcfzcXDF+bq7+53recEgmhCTrAQa6hDg3l/QEk7ngBs5jVz1sawiKc3PJN093hC5XT/l5kkxkdTg0Q95fx16dsr6Sj8YSVZZdJZP0czX0BJ8PtQ2PkwlAS93n8pP82D4AgNrcj13u1wBdq57iaXkyyc1PqutFkUbIhcKrKE8pxfWoOO7z1srbaq9SWAwnzuzXwP2EZAKd5B6XX1YaTdn7AAAY92OX+zVA16qneFqeTEx4OKHN2HnSuMSownZbn0tDK3rXejQyN6nOrSXZPIbZoKLGUonYghSMH7DDZyOPJhKb+4W9bcl6UCl4A8kEOsm9LL8cncT4wDYfDACgwv3Y5X4N0LXqKR4vk4mWmdaPOTGffKYxQb8y/JJuvPr8E3rXetT8/aNiJrfPWFKYH8LZS+4Akgl0EpQfALQj92OX+zVA16qneFqfTMr6JiafxDUcmjGmdVEXDX6j8z5POLyl+UrMJ9XW6I6RSmNHQudWl+Q+vUec/R08g2QCnQTlBwDtyP3Y5X4N0LXqKZ6WJ5NWHAGffqaazjyzL42m6HeKWZLJsRS0nnX++5j4RuTlESSTO4BkAp0E5QcA7cj92OV+DdC16ikeT5KJvu9C30+iGftPpEbPGjwsWw4Ukfzh+SNbMqFnUaz8QLyODr/Sv9UxKCOZ3AEkE+gkKD8AaEfuxy73a4CuVU/xeJhM5EpUKNJz8DecTPKVo96Z2BOFfrGJNZlo5dPAgErvYjyePqIdY0H6o28wUkzwr1EGTyGZQCdB+QFAO3I/drlfA3Steoqn5clEO9pWQ1He8sZRJRtzMd6z8UnfjwEdD8kEOgnKDwDakfuxy/0aoGvVUzytTyYADJIJdBKUHwC0I/djl/s1QNeqp3iQTMAjSCbQSVB+cIfOP2O6ATQoX7j57dWZ+zVA16qneJBMwCNNTyZXpTJZDxpaA62ewdEZyg+t4ea+/C4+l8hKqteMhubc3Nceh/JDa6DVWX5IJuCRpicTAAAAAOgkSCbgESQTAAAAAHCAZAIeQTIBAAAAAAdIJuARJBMAAAAAcIBkAh5BMgEAAAAAB0gm4BEkEwAAAABwgGQCHkEyAQAAAAAHSCbgESQTAAAAAHCAZAIeQTIBAAAAAAdIJuARJBMAAAAAcIBkAh5BMgEAAAAAB0gm4BEkEwAAAABwgGQCHkEyAQAAAAAHSCbgESQTAAAAAHCAZAIeQTIBAAAAAAdIJuARJBMAAAAAcIBkAh65w2QiBePs/91ALGu7qomS48qBvQ+6lG9gwd51g92pAdXe17FFlR7zK+S/QjyycWa/DpopGx9bp/+39k+djQfYE3rX0oE52whf+2VFGY95689qJ77E7gn9GRnqVdXXzXxPh86GZAIeaUUykfyTU1vHmc3U1MikNBBNFu0LcEYyaaaD+bD0IByKpRKra4EHC1rHbkTCtQL+Cd/z7crP6QVfr1K1bVTLUSaxSionJfkn+AX7AoYbi2rnxUT1PUoPZvhqHdZcTTyYxOvshf3Kes0GlcLJ8cZqKvhAka7dWtWTCbiQNf+pA/P2GtAZyaS51AFFktVlUiqxpaFYvqXJRB6ciJ1UfpwfInUVTVY6zEQyycxe8/eoaOVj7gbSo1jhZD+9mhoKqnIobb9aV50V3Qqan7WzVP/0Pr9IRhvpQYxf5uPY/PjEFLtw0LpMDq2BZAIeaVEyEe9AF+tRnzFmhZ5MkHHKF4zqi+nJhI6S+Vh42RinLhKR+SPyf3ErFiXLB8NsM46+Y03mXy2QHrVX8T3TNz0jg4ppc21fGtQHQYFsRGb2kvR+H+v3q5XzgQGV9My+1TOTNJ6eHaWPLUPu9e0KHUx5Y49wfjzMhtewsUq410idmN8mh/wq2eDm78Rk40ljJSGF3qiPaQ0s712KJQVSwMbFysa6XgaymjMlk3xiZmydVhGp1UAfuXYiXyYbYHFRQsZ6KHsU/5TyyYrUFx6L7bKf02RrtfiW3ta8lOnBsB+D8WRoUvLPJOgDLwUHVfKQtozwn38VIzcPjK+IHo5sLpt+ykqDS+xCkT5m8RIzftmDuUmyiUleZfKLDL/B1APLS3je9sIZXErFwuw1yzr9ExH9dl2IJhPxA7lc+09tJBPxpxY3ufFPLflr/6kvXs4MJazPOtvK33hB6zb44k2hTPuKe2u06mQ1ENIfyWy2FOjVazUZZkXOGnuErMBYRZlXrNHHkyIPRjzP0tCKkUwqW738txM99H7pmqOVlxW991OZ9Y/F2baskUxM4d9W5PRlMvxAEdu+YGYeZJLjakJ/V7X/DfkzEmDPMkmVxnvo+fKIkif/F3f5kxV6RX8iz+NBOc+HHZ+/srOr3zRSFRbDxpv+ceyJ8dylFyKZvGn9lFEV0H6QTMAjrU4mmrYd4u+7R0nf06XCYWY5NDF7UKKLmZKJdrQSXDzmNyDjGhkO08/JSDqROzke6lPocMqSiTwQTqymMtMTUu8CX7jfNFCSZYIxOpKakXc4X+8kWY86qCT5MF3enoptF/bSkjzDB25JifePx5dXU2QADchK/qK0E4voQ3B5WxqMFk72N6YjfBsU7jlSJ6SExHsh2X6qkUz6VDW2ndtdk3qNvGpSI5mcvZEGwhupN4k4LVqx2WSk7hKpVTWeyaSWfONp7bI47Ff6X+wWTvSS5mzJhFRaYje3MTfTL7MK19LDs/FA76Rtj0pVMonJQ7HEaoYUen4xPDSdpr9FMH7Atjslv5phpW67L2sy0ddJXmLkMVdeYtZkkn6mileZ/lowXsKSrD8k/sKhO3POUsZL75xspNpfhF3EkkzI5lrtP7U1mZA/tfhw+8Y/9bCs1PxTk5pMsxqoYFv58sgSGb58xksgvzhDqm4nHiVVx5cJzUXZTuYUXWHfzBUp38O09IRuPfIC4xXFC0wgScknclF5e/jl+Y3JpBCfmdo6LpwUzcmkf1BN7x3T39TosSUTc5GzDvoyGZtb2zio682o21he+JsLY+v0rbZqoLAkk3wsrO/+Oknyz3RCfcrybo6VDa1G8jzOjqt82IkMVspbjA/U2Zr+vJO3ciOxJEbph33mjx01JJN2hmQCHml9MtHfY1T+RsgXkOnmoCWZ0FvpnwWSwMCX2eBLkyFvPmfdy08/2mGbntuWT87Wo9WzBegbtn7Rvgt7TP9cUH88nLHrORt5RO/OvJ1h20aE+4kkE62c1rfeMkukqGokE+M9teb8pepkYtuyJ2vYWo/KeqLQcvOTeq3SXTR0SXGPZuLTaLb+dL8o1nKa7Z1Ik609yw0YcSvjV6gUobg89YDuBdJeR2cPeUdGfPTO2R4/fylVyp6/xKzJRNP29a2QMn+VvREv4Z0XE/z3Nb9wZP+ExrbFjY9pu5MlmYhRy/6ntiYT8qfWdwLX86f+PlbzT217iinTmEnuiBe/QD8I58tUCjU9lNBHeDIas39FsWVogZmQWqXrZK8jsgFKe25KJqbxuZJMxAdSZDM6tFmVTF5HzUXOb1vzZQKc9SMJ9pe3/g3Z82hJJjzianxK3igJqDnxXF8kImRIoclE1MjZml4kmwu2XaMSK0u6n5DFWtbD7/fY2HNIIZm0LyQT8Ejrkwl9qz5gg6Bpy6xGMjE+C8yzwdG8Gce2yazzjy9eztAYQ3cWiz76zkff26xMswKMN8jyafARnSkhiWRiGs37/Ur+UjuI67utxywPG8mkDdBkopX4VJP0M7VgygmVZGI843UmE9tidEccne0QET+ay5UvXyOZVI4zeSO2TZks29iyJ2dOHGfCPyQ2b1+a71TfUrQ+DKFqnwnflKwszO7alky0zPQE/Riev8rYC1Aszxcwv3B4jLHN3Og+1mSyTuejatV/ansyoR8/1/2n1hOj7U9Nj28x/UjVSiZXubTM5rKSxpOJqQ7pPhO6zNE237g0P2xbHqA/Gp+OB9lQ2Vgyqdw7v2xNJrVKuvbLBDhLMmGx0/Y3NA81RjLReBAlz+bwSzLIpM3Lk6fMmiV4jCmRodU2Z3OMxWmyTiPf7vPAo7FBTCyGZNK+kEzAI61OJsVEROKb+KZ9JpwtmdAjlf2T+ViYz0mQ/DNJ8/wBazIh6Cwd+zq3bZNYtFrJRMyUrYzLplvFnipX4oeqTTq4/1gyoRvKvmfb/DNd98mE70AT9KIq6hMY6Hutda5L7WRiKc431ftMqm+iWR4M/9GcTKxReT0aMWrdxlLG5QzfYiAvsUonZU8m9GOC8bR+FEQ5XfVys/5GZyk6pcc8waMbWZLJ1KBS+09dlUzox9Xu/tSFxfDYunV8rpFMjsXG4kaoOploMksmgr3ATHhQYZ8Q7fP9k9XJZOfFxI3JhO2sY2ruM6HRzvYYar9MgDPXyfIIm+B3/d9QvAOSmHGg5Y2jN7OSYplQassSNBjTdVYdeJlemPo+K43SSdH0p2cqP9KdtKkniti/h2TSvpBMwCMtSib83FzqkCo9iqX5lJejlDQQ2Tmkpw0JPKc7i+3JhH1GyycqaOxdTfIric39RDxOz3BTlUzIsMv3rpglQ+QeI1Ns2vTYszXaU5VMhmVlY+84MR3x1UomW8/13SlS7wR94GU61Tu9l9tJpYKj9sNA4R7iyYR/oMt3qblPJloxTao3c5jZWF3JmYoqqajs1HMlUjD9oZXc7hv1Cd2RQvKt1DdTOLEcpGuLzWNsMnc6Rmf888M8am5yOSST/MsZeWQpt7c9NTIZek17SEkvpzKJ1RXSIxbTTOfm6mdHP/NO8hIjj7nyEquRTMiLRa28yoyX8PwLfWeR7TeSZf0P3sUq5+Yif+qhxco2uuVPXZVMaNhw/acOsCeXnptrdWU2XTOZkPpR+UF3vj52Wl5rMgmyQ+Eler6QBc0oMF5RvMAEYxcKrXy+JWokE3rMFbmLyFO1f9CaTE6SvtG1wl7OnEzIw9hwPs7EVOSso/bLBDhxbq7ggNIf1s8TUzVQ2JOJpu3LDyZEQZFErcZS5F1veS7K91xZssTZmiTzvSt25EkUBztZo0teRGL72qB9IJmAR1qTTPS3N/lx1Lz/QZzdaGqdzi2uTiZaZsk0IfUyt0pPNCT1Te6c1UgmF4mImqaH91ldjj1W+XlFgn+m+ac6mfDTH/WPxsk2RFUyKfoGIvxjnuXpyNBf6ONMGOerURertgXg/tGTCTsYiT9hTUgmpuotmIuqmPKxzxdJrfKzGAVD7G33U0oN0pPh6Kth7Dv0TtkJcEzn5qq5yeWQTMhW4Bg7w1hgZCl5RH8ubLEzy/WqpMe0GJv8zWo4GF7LnIpXzSV/zPpLrFYySYxaNkH4H0F+XHtzeeoBO7FPV6PJRPypTf3WP3V1MtHOm/CnPs0s88FKVmPGrDB+jUgmyRBdQF3NXb2mG52WZHKQpPGJjX4kumzRLr3ASEXxAhPE5C7ZuAsjmeh3MTy3W9xcsCQTjZ0EjO7qMc3mepXvZ3GIPCTeY0sm5iJnP9Z+mQDHa4/+ucbNBWMbKKqTCb1hZfHLHH9SfI/CFzWyBN1fZz/dAmM6W5c+K1sQE7qq1gZtA8kEPPLp06emJxNvjJlOtdk0r03H0Jd3xVlTAeBG/NwV4IFW/KnN89CK8Yj5fEqt0prvdYGWuliPVu+vg26AZAJ3oF2Sicp2iSQ/Ve8waYLQE3q8oG9g0vqRJwBcKzc/Kcls9iO0GNsl0qI/dZF/0ZMkq7Mptgej1ZBM2g3d8cK/CQe6D5IJ3IF2SSYAAAAA4BnvkonPmJVobvaFoDsgmQAAAACAjVfJJLNEcshwKKqK9mSi6gRzt1IqZNb0449D8bT1mDlns0F6pprk9+eSXw29tV/bFJKsH00INSGZAAAAAICNV8nE+B4ogZ6qNRhPvoilGzr6jZ6z1a+MvVhJxOM+ObJ8m8mwlVN8yBMtOr6qFUcNdhIkEwAAAACw8SKZFP4S4cfSVXaYhGhQmfqehIQw/YLt2zpakUbWbhNGLNztq7mWrzWr7UhIJgAAAABg40Uy4d9kZ/uyT9KTZqdOv+arhJ0czE2SVFMtyc6wLj9eSOQueY8UXJkfD9NJX70ThbKmnW3PjuhfGUGvNb5BvLBFv3fCaFFNS4tzqJtOap4ObWrDg6r0hJ4j+yqX7u+jyy/v0fvaeEbPs0QaP3+2+CoAcu9yLz0DyZZxav8xv5J/Rb89w2d6nN0GyQQAAAAAbLxIJjWPfafZIBuvGTBuNBsUX41UkY+Fp77nW//52BP9+0F5AmGK0oMYvyT2mRjJ5Nz40r3M1AO+fO1kIvktX2fGkd9OZd9Za94Vw5NJ+pkqppmF+vTvqyLJhH2Xs6a9jYl5Zd0GyQQAAAAAbFqfTMrb1ZmEtpE1kh/sC9eH3HDD3qeFzF+Hl40HF9mXf5u+xlhcrkomx8a33t6QTCzfCHu6G3jAzshufLlpdTIJmoPHejS0Sf83fRV05Vufu02zkkm+cE5WhYZ223bxuQnfUYPyQ2ugkbJxX36oPbSG21Wp1teq3xIqsAsbedLJU/8xf+Ky2YupSsuTSTHBDjKpaiQ5DDW6Xb7zosaR6y6SCd3vkStepl9MSjK/6qZksrvULyvzqUzh5DiAZHJ72WYkE/Lufu76DR66U+6ooTNvmKD8oDGkbNyX30/nV/YugPrw7Us3MPp1J/Kkk6e+OmncttnXW6XlyWSsKpPwVtRK0kjDX31dlPzqUGzf3JVfDIc2q2dz1ZVM1D7bNK2sNLTCJ18dzE5WJ5PZoCI94rtZSg77TNLP1ZhxfL95NpexFJJJjVZ/MiErsXcBeAXlBwDtyP3Y5X4N0KbIU1+dNG7b7Cut0vJkovYqNT/bKazOxG5+eNcrn2biMf37TP78psD6tmL0lF/y44XlPf3wjjqTSSRoRCZZzbNIszUX6dePXM9WJxNy7xsv6JH0gVBq6oGeTPKvFkhP7JCvWb+vRDjM17PxqXIEPL+AZFKzIZlAW0D5AUA7cj92uV8DtKkOSSbFNN1er9ku7MvekXLW9yiaWE2RNh8O+55v2xeAZkMygXaH8gOAduR+7HK/BmhTHZJM7r+NkLIjfihnXcwxg3ohmUC7Q/kBQDtyP3a5XwO0KSQTz5TGHtOzbPkGJoOhFfuV0AJIJtDuUH4A0I7cj13u1wBtCskEOhaSCbQ7lB8AtCP3Y5f7NUCbQjKBjoVkAu0O5QcA7cj92OV+DdCmkEygYyGZQLtD+QFAO3I/drlfA7QpJBPoWEgm0O5QfgDQjtyPXe7XAG0KyQQ6FpIJtDuUHwC0I/djl/s1QJtCMoGOhWQC7Q7lBwDtyP3Y5X4N0KaQTKBjtSKZXOVSKjv7s7qa4z3Ftyv0ZNCPF8QyU08mSM/826L+8+kbn6z4gtFKD0B97O/N5dP+XkXqnRyL7Vr6ATxWzi8r6mzW3g1tKPcwOCp+CP/x4evPpisbZR+7bs+2hszeR97eHXwqXpmvMfnh5P0R/T9zcPOG6Y1OPx5+NL1pf8p+FCslD8O4+IN4YLwZ/dC465JJ4Bc/236f+dkvgvzHn/3d76uXEc2+0ipIJnAHWpFMpAexrTK9kH6m7mha7IlifGlmUXqSJP9lpieW2Vi2PKJIQ/SLayQ5whcgPXm+FoD62Mqv36/wC8VEZJ69AQPcgU9r0uBCOhFFMukQP7wm4ST2vkRiCfnXfm1DWpBMDsXlg/2PpzXDiZFMmuQs8/7kR+OHygM4P33/4cgcWsgd7310+/uCcF0y+V9+9h/Jv3/P/v3z//4/bVctYG72lVZBMoE70JJkEowfsAsHc5MbmjbmV4KLx/wqnz+sabnZoL7tqL2akViPNJ4WPbGbXywAFfbyk6P6pXJKFB6A14prmUtNW0cy6RwkkzwMDpl3nrjU0mRyfnR0kOd7dkr7B3RPxfEZ+8m0z+THw0+ZPf3DwPN8PrP3iVz4+OGQLJw9OuO5JvPhh1z2MLOff//+o5FAPn/Kfizol+md5n7gF8/Ffhiy5k9nP7yzRBMkk2a6Lpn8ryKZpH7/d+yyQ7OvtAqSCdyBViQTEjwkOXxxuisN0G3EqQeK79k2v0ryK9rZ2pDxqbZ2kgyynuFXxkdQJ8mxdf0iQD2s5XcuKSnj8nEl8QLcCSSTDlJ/Mnlotbq6al+CaWkyoXszSE44Pz3Y+8gzxj6fRmWZzXX+8b2eHsi1+5/OCx8PP7EAc/ThY2affrKTMW6uXelJQ2QYjqQUviRJIyKJvGP3RRPOsdi/hGTSTNclk4n/7X/ks7n+w89+Hth6/vePtn7zn35WvRiSCdxfrUgmkceKNBDemItKA3yO1mUmHiWZJBBKyf4JJBNoLiQTuL+QTDpFZRIXm9Zlv7oKSSM8ltivMGlxMvmJZI/Tj3QHiOUAD9txJuen+4dnNMZkT8mb/XvLASF0bebDUXjeIBnG2BvDXP3wnvXviQNIzk8zH+hulJPcodgng2TSXNclE972/vWrP+dOPv7rVy/zxr+1mn2lVZBM4A60IJkU6WwudpxJclxN8N3HBslPskp6TCSTbDxAL6cDc8a7dzauvjaWBqiD7b2ZlJ+4Rgq9MV8F4DUkkw5xYjsC/m0dR8A77C3hWptMrn4g8YAlk3yxeM4b7bcfAV/KvD/Riid85wbJGGLhYvHCtBj18f3Hc3ovR0eWI1hKRx/oge/WiWHVx7sjmTSTczL5P/4D20+CZALtqAXJ5E0wZnxG8jYW2qxcUVyPqq/p2vKxMI6Ah2axvTfTvXAMjoCHu4dkAtdraTLZ2/t4qtHdFwd7Hy2fENqTiZbd+5g70PND4eNh7gfL8f2WU3hd/fD+48kHul6bH/c+HL0/Yjc8Pea7VvQrDj8ZyyOZNJNTMnk3/vf/mmOXZ//+cQazuaDNtCCZlCRZHZpOF05yQ30K3Xlyls3sHed230h+RZ+DWt6WBqOFvW3Jr4Y26VgW6lPmN/fnQxOkx7QqgJvZ3pvTz1U1tp2ORftlY9ccwF1BMoHrtSKZFIvnn/In798fZg70D2Z+zOffZY9/OP3hQ5bllqpkQtLIOxFpropkJUenZ4cfj/azdAHbyYUze5Vj381IP9+RwmZwmT4TYrtu2CUkk2ZySCYv/6//+Dfj8t/9Dz/7n3/RV70Mb/aVVkEygTvQgmQC4CmUHwC0I/djl/s13Jb52He4Qw7JpP5mX2kVJBO4A0gm0O5QfgDQjtyPXe7XULfPxeL5x6x9rhfcFSQT6FhIJtDuUH4A0I7cj13u11C3s9zBx8w+jgO9L5BMoGMhmUC7Q/kBQDtyP3a5XwO0KSQT6FhIJtDuUH4A0I7cj13u1wBtCskEOhaSCbQ7lB8AtCP3Y5f7NUCbQjKBjoVkAu0O5QcA7cj92OV+DdCmkEygYyGZQLtD+QFAO3I/drlfA7QpJBPoWEgm0O5QfgDQjtyPXe7XAG0KyQQ6FpIJtDuUHwC0I/djl/s1QJtCMoGO1ZRkki/cvAxATeef3X5vF8oPGua+/AAa5j5XYPTrWuSpr04at232lVZBMoE70JRkorEXCVkVGtpt20UzNg1RfmgNNFI27ssPtYfWcLsqle31dHuowC5sPJFWJ43bNnsxVUEygTuQbVIyAQAAAICOgWQCdwDJBAAAAABsWp5MLl4vSH7F2qKFg6x9OegmSCYAAAAAYNPyZHIwN1mdTEinHErbF4WugWQCAAAAADZ3lkzIhaJ9WegWSCYAAAAAYHOXyaTxcJKNy+MridVUIh5vfCVwd5BMAAAAAMDmTpKJooaivEVSx/Yb1CMbD8wZR6ocxAPzOcu17vj8k/YuaDYkEwAAAACwuZtkIlolYNyKOZlkK8lkfjxM1jk8t1tgZ+ueDSqF10v0jmQ1+UmcP74UfKTSdLRq5Jn1aFq77O9VgovvNp7pjzZpWqH8KHxl3BiaAskEAAAAAGzaPJlcFgOyPpsr/VxNskv5GIkTExpLJvNH+i2CskL/O1oJ+tkFsthiOLTJ4sp6VOqL6stpmiT2mWTjY+uiG5oJyQQAAAAAbNo1mYg1BMMp3hfq1SMHzS0sftB9JsYtlkeUtKYVFsOV4FFO+55v0wvr0eGXle1g0wLb0mAlsUATIZkAAAAAgE27JhP9hsU1n6Ink6BfKZwci6axZCJucTA7mWT7VSS/CBtZ6UmSRpf16KzpUVSSCVWaD4clGUeeNBmSCQAAAADYtHky0bSpQWWHHVVCUsfsgTiYhCLJREQOvhdFO0rq07rYbC41rc/muj6ZUDzVQBMhmQAAAACAza2Syf8P/abX0xQwg5YAAAAASUVORK5CYII=" alt="Screenshot" width="100%" ></p>
<p><img src="data:image/png;base64,iVBORw0KGgoAAAANSUhEUgAABDMAAAIGCAIAAADGMlPIAACAAElEQVR4Xuy9D3AU153vu/WqXt2q+169VHZv7ns3tXm1a8e5yTrZTbLZ3dy9L+/ele3EcXbJEjt2sBM/sixO7CK28b8YOwHbYHsAibEkjLAGkAEZDRokBAMCJFliEEhI6B8ysgAhISQhCSFpRmg0kkZ/5v26T/eZM6dnRtL8Q3++n/oad58+/Xd6RuczfbrnT3wAxILu/hG5CAAAAAAAgLB4Ric+U6GBP5EnAhARMBMAAAAAADBXyElqVGgAZgJiA8wEAAAAAADMFaYlDJgJiA0wEwAAAAAAMFdgJiD2wEwAAAAAAMBcgZmA2AMzAQAAAAAAcwVmAmIPzAQAAAAAAMwVmAmIPTATAAAAAAAwV2AmIPbATAAAAAAAwFyBmYDYAzMBAAAAAABzBWYCYg/MZIEyPunrHpm66Y5BnGPT8tIBAAAAAMICMwGxB2ayECEtMQpGNBkYnaZlAgAAAADMkmjNhFoeXXcmm/snPr+tpp9nUsmAkEElV5xTw158mbrIgZksLLxTMXYSMX2eKXl9AAAAAADBiMpM3OPTf5nWe0/6rXu237rnw1v37Oi7Zyfl9j0f3b4ns/+eXUrus3T/qmh4ZdGdr37cd+9+5737Xfd+4irpmpCXBRYRMJMFxNjktFEnYh55rQAAAAAABqIyk7Tzw+HN5L9auh87PjAwNj3inXo47xY3k3sPDMnLihFrX3ntF089TZEnxBS2inivZeECM1lAxOrGkvDxwk0AAAAAMBNRmclfftATxky+bukq7fIOjU8r+KYHxibv3T/IzWQwPjfI/tNDD//lfd+gyBNiCltFvNeycIneTGz5xWIc7ay4Uyp3Bc4VQ5abq+SiKPjdo+vkovmBazwRF0xY5HUDAAAAAAQSRzP5t+JB0pLJKcVA6L+h8al79/nNJE53m8BM5gPRm4kpxWrekaclzZrTwIqbTGabXm5LNlu7AueKIQk3k+7lj67+7SetcrEKTTJuz5F1q6USX9dhpSbLUy98UtwsVwgk5re8hw/uhgcAAABAeOJlJquKB0hFlIslpCXTPu/k9J4r42JvLjfMZPESCzMp8I80FPvNJLdJL+0usiwqM/ldhuX1R5+Ti30+7+mUD5ODmMnyl9dnXQss6jpsE4+It3X54xsL+4WSQIzyEO9ATgAAAAAQhriYyTJbb++I2odLZXJq+kjr+H3CHfAwk8UNzERiVmZi6/Y1WI4YROK3j26sNMtm4rRvPDPqW/54ilgom4nPV7xp9fKXDwcUCRjNIZp84YjbWCilewR9ugAAAAAQkriYyRrHiHPMbyZj3umfHrp57z4nzGSJMH/MpNOmKIG3p+rXK59b/ujq13eXShWc10p//dTq5Y8+t9neKJYHmMCNwy8V3FCHqqjp31a89/HHlR5Tv34tzV9HpXj3RtaZ6qXk42J5oJmMLF+VIYwyVDPxtRo7dC3fVGowk27bWqUr18bHAzt0GcxEmXFtcDMJ80iuqjLnFzIHlewZPN4vTw2V2ZjJTdxtAgAAAIDQxMdMzoxevzM9NaWpydD41H/b1wUzWTrEwkzyqmoatRy3+80ky6GXV+fsmJWZPP6L9Z9c92rjk62/zPAbyPLH12c165vqbV2+MqN2VJ/ETcBd9es0bgVVj//iOafQJWn5oxv58EuPr3b7p3iXP/oCH+Fm0mlbv/wX63m5ADMT38ZHA2TDad/YOKkKhmAmjRnPLX/2gDLUYPnkOi8OYiakLmyxRgZGw5lJlT78hUynsULQwEwAAACAu0hXSUGtXBYO1yWHKcVaKH0j6qy3XdIbQ4zuStYMS95dPWO7K3piaSZ/99H1H+9t/fbOG3+zq/Pj5qlutyonqp4MjE5+P/tmeDN5bd2brLl/oaaWN/0pm5O3eb16y9Ln++GP/1mcSln+2BN8qtFM7vnaX7GSv//HH7S33/jWd/6OjT7x5K/u+8a3+EIe/NFP+Cy0zR/vy5bWsv4tfxuUF7LRyclJsSaN8ppLk+jNJFaQmRQ6A0pIEljznSZVBr5QbfteWf6M2uLnZjJ54/HXxGsOVb/MDLi0Upmsi0TX4W3nxSk+37UD/D4QZibu82nbzoc6MpqZSB26fquaj2QmpEO8zvLHhes2opmMDm1+/rlCdqUnGGEeFszNpK3Lfe8x3Te63eW3xsvPu167plX788zBqp6xnLqRNnVUMZNhz58fcV82LFCMvB0AAAAAiAVzNRNTyim5KCi6mSSGmJnJ17d37G0aK+8c39Uw/FeW3udOD5+/NT06oV05obZ+Su3wLM3k/r/5W8kKHnviKVZnS7JZmsSSsTOTVZDMJO9wAa9DWkIl3EyMa/nIspvNRdIiTWKpq9deGV7CRv9t9W95ycpVhicmLT3mlZkEmIRgJiQVft9lXMhY/qh2QUM1gZFK8wudAfZS9frxgJ/iIWfQhirSigO/YvD5al8q0K5XMDN56XH/VRQDupkEduha/n65TzaT1uWbSvmW/1a8xiI+m+vR1R/axA5gMkZn4PH35trtNGiG5/unR9WBsf98POAiCZlJzpHBi8Py0qTI2wEAAACAWDB3MymWi4KyQM3kg/pxj1f96ZJpX3X3+P27bj17+s753umb7mn1wsm08tRg4fdMwpgJ5dernnl/81bRCqhCReV5sUTKxcbPfIFmwq+WUK61aq09biaU73zv+2+9s0lciLQZxkxMKL9eL46KWvLkr1by3VnKzCsz6Qws4WbCbtUIoOvw7/SG/nJz+fKV769/ebVkJtKFEW4mxhXRYeA6QSvdtnL1L4X+XQa4mfjvHnHaN7apA6KZKF25BP2g+Dt0iddM3KW/3SffsiIym2smlH/JHGQDbR3uez9WdOU7ZR6lpPPOU/UBc31h3+AX9riMS5MibwcAAACwpPG6nIOU/obi/XVKr/D+8lNVrb3XKovTT6oti+7K/JLifEfjtQFfba7VZK1Mz62sukRthn6H1X6tb7AiP69Q/dk3zUy6Ks35/KZcgSZHaXNne+NZ04HGMZ+P1mhKOUX/0hRabJHFVlGjlHMPyTBbL3YMuvrak9NsrMRkqZR6c6XbrwYWeDNOar9AFzExM5PMpsmBUa3vFv1b3Tt+/x5FTvY0T7YNTTvHpg+1emd5zeSTnIOshJbDG/2dXV2iIfC5eMlXv/5NGk166MdiNZbPmy/z+txMyFtYydWrLeJi+fD9f/1dPte/Pvo4KyQPEeuI8Xjk78yXLNGbSQzvMwllJjNcM1mrdesK1ImQZjLTNRP1ccCTN5a/fDhQdTh+M/F9pt49cu3Ar/WbWEQzEe9sURlZ/rSlkS0z8D6TrGdXB3ZkC2CW95n8D9VMqk47v5CpWsewWzMT96jxmsnN63e+f5pNDRl5OwAAAADgmzSlyn2ryASU/3VXZpRoLQTFTMzGCx3drIJiJl3Vpt3V8vRATCnF7NIKv2ZCi63lf5+ZmUw1phfpzZI2Rygz8Xk7kw9zOfGadpYJ0yIkZmbyyunRy87pCf3GkrHJ6d+c7P/77J5VpXeO35g63zv97yVDszSTGzc6eCFv93d0dvLhH/zPB3mF7/79P/Jyn3DNhOevv/v3vLJPMJOfLFvOC8Ul8OH3TFt4BX655u//8QdiHR7xXhcQCzOJ2bO5QpmJ87jy4F2RIPeZ+HyNmS8U+29sD20mzqKNpwP32nCfCfH646tDXMoQzMTX+ut9rcq1EbUrly/ATFp5IeeXj67WVh1oJt4LGZsrQr4Qd0L/+juZyfGesYs9Y1VXhr+wZ0gpbBr6z5mDbcPeTTb9mol+n0l+ubtEHVXvgJ/4gsW56fqEcZk88nYAAAAAoLksp0FrbUz0Npm320wpVm4mvDOVYiasUMHb21hpTrVSTW4myWnW/Jbg34D6htrTd6iLDWYm/uYDW53Yg0sfDmImPl+hxar0JvJ524sKLg6FWPVciJmZfDW94/0qb6treljp06VMJTl58mjfvbtvf31Xxzd2zfxsrld//wZr5d++7b8FmDf9b3R08OGf/0K77YQgweDlvmBmcv/f/C2vTPDbS8SFiEvgw3s+3scrkCyxQnZlRloF5ac/+zmvDBaEmfiU28dfyWyY6dlcqk7og6HNZHbP5vKpqlMp1NMRzUTp0LX82QOsK5dPMBPSFV7Icdo3ahdSDM/moi3/XU7Iu+CN2hDv4PdMAAAAAImL+TZTmiYJjr1WU5Z20SO8mVhSrBYHazBf9l8z8fmO7rQGaWXQ0lLLtIHZmMlUY0Zpr1bSFc5MfKqcmHaWxURLfDE0k3u29/6PjwcqeqZv6b+xSP9mXRr57p6Oe7MG7/14MIZm8o1vfYdXIFXg5T7BTL757e/x8traOl5/9mbyq5WreIXMXXtY4Q9//M9iHTHDw8O8/hJnoZjJ5U/WP/7oc0cuNDuvN/7uF6uLb/mriWaiPFPrAtujcGbibj7w+LMbL/cMOZ03Nj//3ObS23xSwO+ZqH26/KMaAWZCBvK63T87NxP5B0wYo+VaucFMlKtAj0u9v/wYzSHecY7J73oAAABgiZOcYuMXTKhtY8quV4amroY3k4wUa1aV+n1qU5loJiQSlnLDzzZTy2qHQ/1//6zMxDfIV0SLDW8mPm9nrLTEF0sz+fDWVz/svtA7eWfcbyanu8Z/9Mn1WJnJH9a/xUe/873vnzxVdP9ff5eXfJC23SfcZ0LD3/7eP/CpXE5mNJN/+Mf/l48+/JOfHjlq//WqZ3hJ82XllhWx/t79/ucL//CRf+HLXMrMHzMBYQhzq0k8QquTtwAAAABY4jQUqz2s1FAjZ6q/Nt9Ow7aa3vBm4rvdaNut9M6q6vUGmIl6EaPL0EfhSkkhVd5f0poxKzPxuVsqlU0y266422cwk5gSMzO5N7276Mb4hPoLJj5VS4bGp1ccu33vrluxMhOf4BVS/vYf/jurLz01uLWtjdepPK986zyjmYijUn75//1b0Po5B3N5CeTEFwsz8d/+rubaACselMqVh0iAKHCFvtsk5pHXDQAAAAAQSMzM5J+ye2952POBFeWYnJouvzlx367ee/YMxNBM2ttvSLbA0ntL64hj/KXFv/tv/w8r+a/3/0352XOzMZPCE6e+873vS6v46te/yR4ZbKzvC3xC8eCg8gi2pUz0ZgIShlEh4pE+D8wEAAAASBBdJQX+SzHsaswCIWZmknN1anSC3frumyAt6fbel9l7z+6B2ZvJnKg8X/VhxkfVF2rkCTGl7LRjZ+Yu+/FCeQIIC8xkATE2mYjLJvJaAQAAAAAMxMxMTDUT14emvJPT4xPTjk7vVz/qu2dXfxgzuROdmYD5DMxkYeGdiuOVE1wtAQAAAMAsicpM/mp7LzeTH+QMnOqcahuabnFNrz7ef09mP8xkyQIzWXDE74YTeU0AAAAAACGIykyGxqbFZ3N9Y9ft7+7t/1pm3z0f3Q5vJlmXx+VlgUUEzGSBMj7p6x6R1SKy4AHBAAAAAJgrN2/2Mi2hgTmbiU/tB3K5f+Lz23r6eSaVDAgZ1OKeQJNlkQMzAQAAAAAAc8UzOsETiZkAYARmAgAAAAAA5grMBMQemAkAAAAAAJgrMBMQe2AmAAAAAABgrsBMQOyBmQAAAAAAgLkCMwGxB2YCAAAAAADmCswExB6YCQAAAAAAmCswExB7YCYAAAAAAGCuwExA7IGZAAAAAACAuQIzAbEHZgIAAAAAAOYKzATEHpgJAAAAAACYKzATEHtgJgAAAAAAYK7ATEDsgZkAAAAAAIC5AjMBsQdmAgAAAAAA5kqAmVCDEkEQBEEQBEEQJPHBNRMQG27fvl2jI51YCIIgCIIgCDKnwExA5HAtgZkgCIIgCIIgUQZmAiIHZoIgCIIgCILEKjATEDkwEwRBEARBECRWgZmAyIGZIAiCIAiCILEKzAREDswEQRAEQRAEiVVgJiByYCYIgiAIgiBIrAIzAZEDM0EQBEEQBEFiFZgJiByYCYIgCIIgCBKrwExA5MBMEARBEARBkFgFZgIiB2aCIAiCIAiCxCowExA5MBMEQRAEQRAkVoGZgMiBmSAIgiAIgiCxCswERA7MBEEQBEEQBIlVYCYgcmJuJv+YcYMN/MkbV0b0wltD448fuEkD/8fbLVTOcq1vlEoGhr3fMF+n0Qd3d1y4oW0ALYTVuWdrG1XgJeKK/j2vh6+L8k+Wjh7nOA3QYv/vza18LRRaNYW2gdWs7Rj5wjst/8ubV0xl/WzhlP/wx6sFnw2x4TOt7px6l7iuyLIna+8LL7xIefe994fueKjE6XKzknfe2chKKCMeb8o288svv0L57FIzK+Q1X399XfuNLlbYe6v/2PGT4vKpGhtuvtzy6quvrV37Ei357LnzbF4eqmA7lL9u3ZtUIS+/gC8hmtD2037RAmm9FZXVrORM+TlW0na9k1W7crWt+kKdOKPZnCqOitvJd+d44ckXX1xL+07zUn2xDo2Ky6Rj8oc/rKdy2sFB5zAr/P3vX+eHl62RLXnvvmyq+d57ppOnisVtiCz0wm3c9C4t0LJrD22PdMzZFtbUNtDLSqP0ElN9NiM7MWgHaZvFEhb2EtMkGo7V68U3j/adXiNWyErEzfCoO7V+/VvijFZrLh9lrx0/OSlZWfv41O6e2/TS0/7SWsTjH00+OWDt7Orlo/TKsm1+6+132MtNm7T9wwxegTY+L++wx7AjdM58+GEG3yrxvUPvLzrTaJnrN7x1s/uW+FKy/eWj/I0cfcSzmtZoPAGMJWyYjjDtiHQuUT4UDgKF3uziKNXnHxHsjOJHYGDwzrZtH/TeGhDrIwiCRBOYCYic+JkJ+cZ30tvZsGgmYqP/mfweUgI2POyZ+MOpPqYHfCHkNv9p0zVW8tDuzrxGTR4of7m1TTQTWte/HerhoxTyEz7MzaS6feQHH2lzXezyfDVZMx/yoj/deI2pVAzNhLVsqFnwyiuvedQmHRWykjff/ANrvq996WXezqAmfsmnp8WalMMFR9nsoczkxImiY8dO8HIWau5Qa4wN19Y2NDZ+LlWIJrReY9OHmqTnq2rYKG1PfcNnnlmYCbU1xdGe3v5Nm97r6OwWC6W5+DJv9Q2+s3ETK+wfGPrggzQqoWEShj/+cT1fCDOTEyeLbnTIi4041JJ7++2N/IXjEXeHXkpSLDbMzwGP8MKVl1c0XLwklrDE/PXiJ8Owe4z0jDVD+SHlm0E5V3F+R8ZHvP1NM27evPV2v/Z24GbCT05aIO0Xe93f/MMfWWEMQwc5Pf1DPioeXmpPk0i0tt3gpyJtzNatKdTU9hh2hHaflkNnBRvlB5x2kA4IXyYr4W8cFlopL6HtYcuPMnQk+TH0CJ8VYol4SrBZ2AA7l9i5x6t19/TxHaEt3LU7q66+kc9LHzLSRwSbkY4Y7ZFYjiAIEn1gJiBy4mcmX9/WRh7C2vqhzISsQ9SJzoGxh7OUxrqoHDQLK3n1+K3l+7WrB0MjXpqRV2u7PUZT/9zkVxFPCDP597yeqnb/bu6sHDz2udLOWHWoh7yotEX5FjbmZuLRW1Rik441d273O8WGFzUU3n9/s1SThmk51NoIZSbr179FM/JyFrGBZWxsRRlq9lFzViwhy/rkgJW31Kktm7FTaRfO1UxIw1577fdiiXEuvsxPS0+Lza9LTZfLTpfTAOkKtbf41/nMTOjQ0QE0Ljmy0KLeeuttY7m4O++++574FftHmbtYE5+/cHxHpGZozF8vcYF0HFquXfcIh1R8jehsvFBT39zcwmekUd6oNZoJKyQfoIGgBySa0NGz7Nrz+ro3eIl4eGmz6WyhOts/zGBHj05C/gaRdoQq19Q20FnB3in8gNOWc+9iMR580UzIwejkF6dGlmjMxKNe/WOXkng1+jc1Nd01pHy40ZuCVJMOHdtZqknnnvQRwWakV/byFeWrHwRBkBgGZgIiJ35mQmJApvGDj270OMdDmcn/9d61z24G9I7gHsJGDza4VtqU77mpZH1RH3cP8hBaLKtGlkLGQqMP7urgvbM8wcyEdfTihZRel7ZhfPNG4mMmrwWaCTWS9mcfoLYCNYMuNQX0UpNqstTWNlDNUGby5pt/EJfAIjawaEUvvrj2fdNmo8BEFtovqVsLbVhnV8A1K9aem6uZUOv2QM5BscQ4F1smEzZxj8iLWLUNG96mcmqN3ey+xealyhQ6CE2fBxztaELtP2o0S+1acXf4RRIWagKKHkJbSw1l9gpKzVD2elHlWL1e/GSgE4+fLexYiZvhUS2X/t206T0+I511W7YmswsFQc2ETk7aWo+qXqlp243XkSIOiQe1qul84H2NjGeLR215U02PaiP8tOQ7wuZlpyIdT3aRjR/wl156WVygZyYzoaY/O52kueaaKM2E3JJ3+mLV8vILmHB69H2nF7qo+FOP+t7kvSt5aMbTp8tjYlkIgiBSYCYgcuJqJh61v9aX3r0mmsnvjvTurXFSPGHNhCyC8l/e177PY2aS1zhUcnWY/mXlbF1kKX+6URmlRb1o93dJj8BMrt8ee2h3ZwzNhHUBf/nlV1xD2vea1Hqjph7vVTJLM6Fq0ZgJj/WgLTU13Vh5romhmSh9gc5fYPHEzkz4wtm8vJFHTbS1a1/aF9iBJ5qcdpwVO7bN0kw6OrtPnCy61HSZTaKS8vIKdhD4ge3u6YvV60XrJY+i8+fo0eO0teygJSdvoxJxM6idyq5BbdmSzOqws07vfNgR1Eyq1Rsz2DDV3LPnYzrCMXEqeuN4lL5JQx99ZGELDGomFHadjb+txB2heT26mXjULnb1DZ+FNxM6mdlr0dOrXGQTzYSddTExk23bPuCvOG3Pxk3viicAPyVI/FiJ9BbgZkLnEm0nHXbWp44ckl2GLT9byc7AUGbScPESHeEYmiSCIAgLzARETrzN5Oqt0a+ltHEBkK6Z/McNV09eDui0za6K8IWQgbD+YMxMbg6Ok3v826Ee1q2LVft2eju/2Z3WxRdlNBOanSoPjfj/EpPMvHmyj1VgJbRJVBgrM2GNP95K4006akKxBgFpCTUgxLmCmgnrgRPKTIytK08IMwlVea6h1t7tfsUteWgvJMVav/4tajDNaCZSW5OakuINzUHnYstUrop8ZKFmKy+n4d27szyCmaSmbb/VNyg1JY8dOyE5Q5ThfYQ8Yc2EDhHrOcNeuNv9rg/1PeUvpTExeb3Ek4Ga7OybcnZI+Waw48nvum5tU95czEw86sUHqsZa+caTU+xwRSc2HWHpZIggtD18Y8im2PaIh9ep9l9iw7R51CK37NrDRsUdYd7IzYTmeve99/PyDrMDbjwTjG8c0UzolJbuS4ks5uiumdBGkrGI1UbUO/47u3rpyPN9p1A5nXj8PiJp+fRKSW9PBEGQ6AMzAZETbzOhuNxeEoygZvJMfs///lYLGw56B/zl3tF/2atJCJmJR701hfSj7bbSEKRC0gw+SqFhLh5GM6GB6vaRH+3Rvj4U74DnZtLU7fluenuszERqbfAmXXdPH+/5LX5tGfQOeGptsy+PqRr/VtgjNKqs1tzTjrO8nMXYwGJh5hNlqLkv3ThL2/baa7+/UFPPRo9Fegd82/WON9/8g/FJQUYz8aibwW7L8QTeAc/NhG2VZCbl5RUxOQg8W7ZqVxg8gbtDL+WpUyVseCTYHfC0YdKdJ8bEZFMlM2EyzA8p24zDBUf5xZ+hOx52Kzk3E9rBrKx9ps1bPIEnp2vITSen9BLTEeY3eEQc2h5mIx61mxa7lUU8vHQGsmsaFGp50+bxUXFHaF7aEW4mHvXkJKVhB5xeI9YTjMf4xhHNhJYc6pWaU6IxE3ot1uq+KpoJfTh0dvWQn/DPE2ahI+rTKaSPCD6j6NUIgiAxCcwERE4CzMSjPkcrqJn0OMeTLB0//+Tm3hrnN1Ov/4c/XuVXSHid/7jhKithZvJPlo5Xjys3D7DCz256Np/239ZMw/wG96BmQvnfNlx9v6yf1kgD39afHsbNhPK//uFqvM3Eo3oFa7vvzz6QmradGosUanCwVoJT7fd148ZN26H8V199raSkjM317nvvHz16/Pz5CwdyDvIuSdTwevHFtWWny6n88GGtmSU2sE6eKmZTad6Y9A7yqF3IaAPOVVSpV0sue9Tm49q1L1EJrYvrFm0D7QLrpsK+5eW9Vs6r3bfE3lxs389X1by+7g0apeXwXihBzYRtBjsgNAsXEj7gUZ/gxMzkkwNW2lSqSccz+t5cV1vazB+kso0M1ZuLtSDZSuklzs3NY+W8UUgnABPRPUJvLtrlmL9e1Xpvrry8w7T7zN/4IWWbsWVLMh0iPgtVo1m4mVC6bt5ivbbYyUnlNJUOO52c7LUmNzivnpk0b5SN3YHBIdoesYVNy/Soh5fWS4eUNuCdd/xuTPXZ9QE2LO4IzUsRzYTeLy/oj6geVm/poV2gLT9eeNI1NFIt9OZq/OxzjyqHtAQaplc8OWUbX3I0MZoJf1+wc146JTxq77ub3bfsxwrfeutt8XnTHZ3dVL5jx86DuYfoCIhnIxMzj/re5B8Rx9TnGfCTkN5utOP8UCMIgkQfmAmInFmaCf3dQhAEQRAEQZZUjG3CGQMzAZFjNBPjSYkgCIIgCIIgI7NwFZgJiBzJTIznH4IgCIIgCIJIMToJzAREC8wEQRAEQRAEiSwwExBLYCYIgiAIgiBINIGZgNgQgZm4R8YRBEEQBEGQRRlj22/GwExAbAhlJsbTFEEQBEEQBFmyMQoJzATEGKOZGE9EBEEQBEEQBHGH8BOYCYgNkpkYzz8pw+4xBEEQBEEQZBHH2AI0BmYCYk8YMzGepgiCIAiCIMjSjFFOuJ/ATEBsCGomxnMRQRAEQRAEWeKBmYD4IpmJ8RSk3BkeRRAEQRAEQZZgjC1Do5/ATEBsCGUmxvNSzNAdD4IgCIIgCLKYYmzySQnlJzATEBuCmonxRDSeuwiCIAiCIMgijrFBGEpOYCYgNkhmMqON/MMH59VUIq6hEQRBEARBkEUTY8MvqKUY5QRmAmJDUDORzkXjiYsgCIIgCIIshYRSFNFPYCYgNkhmIp5YCIIgCIIgCDKnRGImWWarKYVikyckltpca5dcBhIKzARBEARBEASJVSIxkysOhy2/0JxiteUXB8mJ+na3PMusmBpqr3Qkk/aYbaVXhuSpBmAmdx2YCYIgCIIgCBKrRGImjKYjNvXKSZDkNMiVZ4HblGLLqdOEpL2ogJYTWEEGZuLHfdVsvyoXxh+YCYIgCIIgCBKrRG4mvu5Ko5NEbCbXTuQVdQcWNRTvr5uk/5v21l6025PN1vxmpdi2WzGi5J2FopnkqIVF+pWWnBTbREc1lbiUMa9lpzI1I7d6FldiFix3Q05gJgiCIAiCIEisEoWZ+K4anSRiM3HstTZJRX3V5hPt9H+TxWHKLDzqaGxykg5Vm7YXNjVfrnKUJadpZuJuKDZnn21qrOe3vuSQh5htFTWNNNxfbs86Wd/U2GixOJqm+NIXIfk7rQmWE5gJgiAIgiAIEqtEYyY+o5OoseW3yDVnpMhi7JrVZMpVbMWUkseLbGZ/F6/CTHWW5rJkXUi6SgqK+pQBMpMxvZpiJiUJba/fPSZdVaccXV65OG7ATBAEQRAEQSh33KN9A66xce/8yfCIh7aKb+HJtrH7socSnPsPDBmPVZhEZSaWFOvF1t6xWFyICNqbK6dB7c2VUszLLMLNJ6w3l6vcbkopcDkHWdjG5Ej3qHgHczKt5uzarlhs6nxlMjmtsKglsocPRAjMBEEQBEEQhHKr32l0g7se2iq+hV8zaENiYjxWYRKtmchFEdN+Nl3tu6Xjrsi2VnmUIdFMxGsm2mUW5ZqJvBmymShMUjVL+aBcvFhw1RUnWEt8MBMEQRAEQRA1899MjM6QmBiPVZhEZyap1pzARwaLPa/mSuFupTNYUWVjleMsDZjztRtPRDPxdVXq95k4xPtMTNvtVTWNR3PtrEQ0k4tH8ioa26811pvMBfJlmcWCq+5U4rXEBzNBEARBEARRAzMJFeOxCpOozIT8oVC8zuFpNAk3eIBFD8wEQRAEQRDEAzMJHeOxCpOozKS9pl4qqahcIveaAwWYCYIgCIIgiAdmEjrGYxUmUZkJWOLATBAEQRAEQTwwk9AxHqswgZmAyLmLZnLu3PkHH3zwgQceOFX0qXEqgiAIgiBIIgMzCRXjsQoTmAmInJibyS9+8YvOrh5juZSBwTs//OEPjeV3JUlJSbQ9xnIEQRAEQZZO7oqZVF+4QDGW88BMwBLibplJw8VLa373vLE8MZk/UoQgCIIgyDxJeDPZkZHxpS99qfzsuYaLjecqKo0VIkuszOSho8Nu7/Sr5zzneibyWr3GCtHEeKzCBGYCIudumUnZ6TN3y0zcI+NJSUnGcgRBEARBlnLCm8lXvvKVlG3bjOVRJlZm8tJZz/H2GAsJj/FYhQnMBEROXM2E3GPf/k9+9KMfPfHEL/71X5c/8MADIx4vleflFbz44tqf/exn771nSk7ZRiVUTtVIGKjmI488Qv/yBdJC6hs+o0m0BKrPVvGb3/yWlkbV6F8qPF54kq2FqpWfrWQz3hkepVEq37DhrQcffJDNS6EBKmerbrve4VF7c/HV0exsM9jSSksdfBKN/vKXv3rssZ/TJFrg8y+8yCchCIIgCLLQE8ZMbvX1vfXWW8bygiNHe3pvUWuk73Y/jT7yyE/efuedm9099O/VlmtUcuSofcvWrdfb208VFdMo/fvlL3950On61re+xZYQKzN56OjwHe+0WPLtg3f2fD7+VvXoLc80TRXVxTWu1My+Mu6d8q0ocg8HzmiM8ViFCcwERE68zeSP6zeQIfBRrg0ln54Wr5n8/vevH8g5yEffePMPGTsz+VzkA3ySR10FdwlSGhp++umn2WjT51eefPKprpu3xPoson5I10ykSUyfPPrC+fbTcGubYjLGuRAEQRAEWegJYyY3Ojotll3Gcpb77/8mswsyE17/qP0YDXzzm98Ua9Jofv5hGigqLqmtqx+LnZncp6pIi2uKrGNL3ahYnnvN++o5Dw24vcokyu7Px9lovtrvixQl9eKYcYE8xmMVJjATEDnxNhPxuVtvv72RhIQNS2by2GOPtbbe4KOnHWdpKrsrnQZEafGoq1i2bBkfJUOgJbNhWnWo7mSzMZNbfYM//vGPxUk//em/dnRqSxOlxbgQBEEQBEEWdMKYya2+vs1btkqF1Gz60cMPf/GLX/zyl78cyky+8pWviLPQ6Bd12CwxNBOWW57pLvcUDfz8pHtwbJq195iZ3B6dLuuaKOmcWFU6QqPjU/4G4fZGmAmYB8TbTBouXuKTwphJUuDTsUTBkBbiUVdBiPPuydprnLHxs89p0iOPPMK6e83GTGhF4pI9gWsPNReCIAiCIIsgYcyE8qUvfUm8z2TQ6Vq2bBkb/ou/+MtQZrL8Zz8bHRvncz322M/ffucdcbExN5OTN7ysWxfv3EU2wswkuX7MNT7NunJRSGBq+yaNSzDGeKzCBGYCImeemMnjTzwR5ppJZGbywAMP3OobZOXsnhNxFnGBfLR/YCj8NZOgcyEIgiAIsggS3kxIME6cOPnFL37xz/7sz1qutVJJR2cXjT784x//8Ec/CmUmNNf3vvd3VO1njz7KJpWXn6XR++67zz3iGYudmWyoGp2c9k37fAVt3h/kD1PJe7WjNHp9aGr/5XFmJpSSTuWaCZ9r1+fjVMczodyIYlwmj/FYhQnMBETOPDGTP67fwO3CY7jPJDIzEa/DtFy7PhszYcP8xhLjfSah5kIQBEEQZKEnvJncrczSTOIa47EKE5gJiJx5YiaURx55JEl/NtfPfvYzXh6xmbz3nunBBx9cuXLlU089Rf+KIvHTn/7r448//tQvf+k4c44tgU9izwHjz+YS75OBmSAIgiDIIg7MJFSMxypMYCYgcuaPmdzouLl5y1Zq7q9YseJ2v4uXR2wmriE36QdNffTRR2mB//zP/8xnqa6uJWmh8vNVNWwJ4vIzMj564IEHqJC2RyyHmSAIgiDIIg7MJFSMxypMYCYgcmJuJgiCIAiCIAsxMJNQMR6rMPmTZnczgkQWmAmCIAiCIIgHZhI6xmMVJjATJPLATBAEQRAEQTwwk9AxHqswgZkgkQdmgiAIgiAI4oGZhI7xWIUJzASJPDATBEEQBEEQz0Iwk68ZnCExMR6rMIGZIJEHZoIgCIIgCELpd94ZVn/9cF6Ftopv4Y/D/h5i/GI8VmECM0EiD8wEQRAEQRCE5Y579Fa/c/5E1BKWBMvJ17KHTraNGQ9UmMBMkMgDM0EQBEEQBEFiFZgJEnlgJgiCIAiCIEisAjNBIg/MBEEQBEEQBIlVYCZI5IGZIAiCIAiCILEKzASJPDATBEEQBEEQJFaBmSCRB2aCIAiCIAiCxCowEyTywEwQBEEQBEGQWAVmgkQeyUwQBEEQBEEQZE6BmSCxiWQmd4ZHWYbueMS4hkYGBu/0DwyNAwAAAACAJYBXhxqBg85hag3yhiJl2D3G4h4Zj7GZnLxQUXtHLkSWQkKZiSQndC7SGUnnJTtB5TMXAAAAAAAscLiKSFAL0OlyU4NQchKmJbE1k8+3pFhNao50fF5bVkADaacuGKohizOSmbCTTPQTFslMAAAAAADA4mZChxqB3EyMWhI7M7lTw5yEJy3Tpvx7okqumfCYUg4ZC5GYJ6iZGP2EzkU6I+m85OcoAAAAAABYCvCuXEG1JEZm0ncuZ1eAlvj9JDIzaT1F835YUiMWmlOsu6oNNWcRmEliEsZMREWBmQAAAAAALEEmJyepESiaiegkMTKTayWiiqSkH4yJmWR+csSUYvOX3Cn/8NCxBJtJdUm+sRAJFclM2OkVVE7ojKTzchIAAAAAACwluJkYnWTE46VEayZms99DzPlnlMKeMr+cZBaW9smzzJzWU7vKyzLNVl7SeO7IobpTCTaT/Cz/BiAzJqiZGP0EZgIAAAAAsDRhZhL0akkMzES8PELh5ZmB5YX98owzpFWVkIZjWXWfK6NdRR/SwqvtzEzOnThEy7Q3lGfttB68plaotuecOJR14tPCy0qFXWnWXSc+tZecKFWXZko5mLLvxOmmM8oN+tll6irOf3i4yN5w/sjhfHZV52Cm1ZR+UJmroki7VuO8SHtRe7OudpBWUWNKKzjZUH4wF1dRQiaMmUiWwp7QJZ+qAAAAAABgcTEVCLUAqR0omQlzkhiYSXPHOaVNrxvIluxPqbDp+qe8JO3EufIL5+S5ZgwzE5IK8xH6NyfDuuVQOTcTU0p+/k2tpslsVwaq7ZnnPtNnLzflnBaX5lemarvx+okp81QzM5PMIlZCw2xgl9+1FDNpCpwRkSKZCZ1bRi0RzUQ6UwEAAAAAwOJGNBNRSGJkJqxNH3iFREzE95kwCVEulSj3vttyLiteoZuJuArNTA626vPeLJFW6rcRv5lc2pV1KCVNXQI3E91ngplJ88F9B00fHDqnXD8RthMRYjQTFpgJAAAAAACY0s0klJbE0kz21l30l9+pj4mZNJYXHLpRrj2ky28mh/wewiKaifuM4ZqJbCYpfuX4bJZmwlKYc5BfrkGkhDITKXQusid0TU9Py2crAAAAAABYLEwbYL9kkgAzkXtJnStU7gaJ0kya3Z/TQhpZIb/P5FQ+FR48U2Y/c2pLrqoTAWai3GeSVaJMzb+hjBrNZNcH1pwL52tvVJjNB8OYiT3bmnWm4mRTHdlO1olPqX5GuvWccWsRNRGYCQAAAAAAWDokzEwKpPIYmUnzFuEuEa4rtY1FW8xWk/ngwbo6NingKkrPOTa1WL3z3mgmTVe1Jx0fbKwPYybNfeeozpbDZ5rddWa161darnIjDRI0MBMAAAAAABCGMGYiOkn0ZhI8aacuGGdBFmVgJgAAAAAAIAxBzcToJJGbCYKwSGbCzyqYCQAAAAAAmBbMxOghxsBMkMgTykykJN5MLpUUX+qWC+8qY88sfzjpoYcvyeXxZ6KbjoZcCAAAAAAQZ3wq1Agcdo+FuU4iBmaCRJ5Zmgmdi+yX4NkJGp7sVUlJSU9u3bJ169trHn6IhpMKb8h1ZuSZh5Ie23JeLo0PSUkr5SKZlownkgqH5dJ4UvduuT54I5eOxrg4EQAAAAAgUcBMkAQlbmbyrjYy3lP45rKkN0sCaswzZjaTgYI1SUkDcmk8uZzhNxMAAAAAgLsHzARJUOJuJgpnkpalKv+/kZ206Yy/dFNStn4tpeVY6sPKxZWkx55dNzCplKykEa3ymcc+aqmzbVA6UyU9nHq6R1+AwoZnH6OKDy9f2aPORQxcLkx9Xpl72RPPtOgykf32M0q1x1au2ZKtz+rHbyY3stedGC9JX6NsykMP536mXiXpq3vyJ+rGEau02WktyuWgh5eVdPkvZtBaScVajm2girSVN/ZRwbrhz3KV7f7VGrXK+JpfKWO59X7NaTq2e5m68489u4GVrHmSHQwF5QjdyFaXrHFmHzsUSRtsdf7CTUktytFQliQeDQAAAACAKIGZIAlKvM2kpXz3y8uTzrB+UKHMpGX3srf18kmtoS+aCQ026T2pqJy3x59MSmrRqo8naW33lqRlG7TVUan6b8mbSbvb9JLhIF2yRDNRpEJv1i/j10kC3cBXn5q0SnUtn2/dcnIYZh3Kti176JkM5jOamSS9W66Otu1Oevjhhx96hk2iJXOhuXFD34earUmvF2qF+1YKvbn8ay94PmndMc3Nmj56ZtkH2sGgg5mkL9w3eYM2RBsGAAAAAIgOmAmSoMTNTHR+8uS6Xbp1hDKT8ndXZsl3ogSaib+dXfg6v9JCNqIpAbF1WdIZxSjOJK3cLS2LtkedFJJAM/EvM+OJJG1zA8xknFQn9TNtZPjEOl2KlG3ecNpvPsxMdAPpoeEnd7WwkdRlScHuoalLeiKDDYUyE5Ix/womW2hrC1R5ooO5LMV/CYVvEgAAAABAlMBMkAQlbmbCe3ONt1jXJD2TqwyGMhOf77GHkh5+ck3qsSY+NcBM9D5UysimJK3Jrl7fEGFL26B070pak65dfFAYbqKSlW8H6cfFCDATYQtpR7QtFM1EHRbuObmxe6UmMAHXVXQz4aO0Fr6/iizp5QNNhSufeOwxrcOYdtxCmYl0MUTZr33KQsWDycr9IwAAAAAAUQAzQRKU+JuJgtZQDmz3C1c/VCYHWo6lUs0bhvtMQpqJUC4xcLlQcRW9Excx3nVGvXsjSDenu2gmTenLlvnXeAZmAgAAAID5BswESVASbSb8fhKfjxr0AWaikvt80rsVysDMZjJ5JumhgLVI9NjWJL0f0GdquGbrk+q96RJzMxPf+Xcf8t/r4vMUrktS7j73RWQmdBBYdyyFydmYScAqaHTdCaW/GMwEAAAAAHECZoIkKHE3k8mBuo+eSVrO7hdvSUpapt0RrtylHcRMzry9LLVeGZjZTNSbLvjt5r5x+db24dMb+A3iGm27Ay93aMzRTJRH+iYt13ZQugPeX2d2ZlLwvP/WlHeX+4/b+Il1/vtGhLUXvp70TJZ22790BzzMBAAAAADxAGaCJChxMxP1lxa3bGXPw83Ve1UtU8YepvInH07KTVmmNabL333mdaXy1i0bkvQ7vGdjJjfyX6ZaG5QZ1z2stcXPPPbsOrZqKmEP6cp+dplaZ6vynF/+ACuBOZuJuiMrX9+64fknkx56THOtiMxkvOLdpIeUA7L19ZXL3sz1G52nhOalcuXOG3Htw3XKEXxyDe1ykt7zzQczAQAAAEDcgJkgCUo8zAQAAAAAACwaYCZIggIzAQAAAAAAYYCZIAkKzAQAAAAAAIRhbmYizw3ArIGZAAAAAACAMMBMQIKAmQAAAAAAgDDATECCgJkAAAAAAIAwwExAgoCZAAAAAACAMMBMQIKAmQAAAAAAgDDATECCgJkAAAAAAIAwwExAgoCZAAAAAACAMMBMQIKAmQAAAAAAgDDATECCgJkAAAAAAIAwwExAgoCZAAAAAACAMMBMQIKAmQAAAAAAgDDATECCgJkAAAAAAIAwwExAgoCZRElhptWUXS+XgoWFs952aT6f260Zjm65zMCV47YuuQwAAACIATATkCDiZSbe3oztNlOKNX1vcVHToDw1oXSbzHb/WENx0cxtvDng2Gs15V+WS8HdIyPFalKTvMPePyVPDY6zdn/drM/tWeDfhu32Xq88de60phd1ymUGrtht7XIZSCie0fHde090dPax0bqGlpRUW2CVyMmxldEZtXnbwR2ZR8fGY3BWhedUSQ07h1liuCMAgIUIzAQkiHiYiS3NakorlkvvGt1ZucVZVW5tLIZm0l1Jf7AtmdZki50GamfZCAZxhqyAD5tSCoQpiYO2IadBGz5qievboT2jJFYnNIgWZiZbP8hlo2HMJDunhExDLg0L1afls2G+ihjywYf5cpHqJ2k7DsulIZicnJrrTgEAFgp3x0zcHVcrKhvH0MBaSsTBTLpNWdX9UpnnsmlnscvZm0HSYqmkgtpca2F2Ya+z95rjVFblZZvjantjWYbZOqbUbjLvzKtq7XU5O5NTWInPkl9JJdcqi9NPql8ed1eat9uo5OLJQtYy22/W2qNVB6y0AWxYpZsq7E+1amqim0l+VmG7c9DV0WQyn/Kp22PKdhTWtPu3xzmob8+kyZxnq2xvbzybnNvEl6sw1Z18uLY0S184mAcEmolyuSwnxcqb76YURRLGLhVnnWxy9bVnHW9USrsrmUiY0mzm1AJ66W07rbUedYaB2uR9Z6mmycwkp1s9kweL8otL2wOWw05UhmgmPt+gY69V6Wc1dVWdt5NO2pwGN19Ue3N9qXqxQ7nGmFt5sbGxakDZpPySYvN2e1UNbWGTtv3dlek7bU0dgxX5eSZ1N13O+vQTrbQQt1c5h9XeXKPK6eq42ttar2+zsj3m7LPsDQWTiR/MTG71Oa2HTvsEM2m73vNxdtGVlk5q6OfmOyYmJjP3HCc5GRi8Q1N3ZB5tvtLR1+dklffsO5mxy06T8o+cFRcumgmrSc5w5FhF6en6/oGh4tI6+4nzN7v7Pzn46YXaK2wqLYFWeiC3tPzcZ7RhtIrN2w76VN/YlnaozNFA692WfohKht2e5FQbrXRqatq/ykAzcbqGacNoluMnq9gqaL+KPq2lAVoa7VRP7yDfKQDAIuNumMntRu267Y6AT0OwuImDmTQlH7kqFbWfzKtgjfeuStZwpFbU0bZJtYja/drXiv0Ou3rlocm008FKukoKAi9xTDKxUa5XaPqhlFCDrOmw1pUlK8VqcYhmpJiJu4q1BYNcM+HbY0rJUwsM29N+dn+dph7JWh2NrqKCUmpENpVllKK1N1/QzcTr7qg3qx3tjGZC51XALRncTFJstib1tNRKRkl0u9Qva8g/mTYLymFYjk6gmfgu5ltr1XdBrXYeTZp2npUW5fM0pp8QemPRGZ56Sq/vNxP9pqbR2lwbe7PwXdPMpP0sv0JYaNHEnraHvSWU85y9g0AcYGbi069pcDMhWxi6M8LqUCOe/qVq/PJC+k5NIPMKyt0jo2QCNCMrERHNJFldLC2cz5uq+wPTHp9qJh/tPkYDTucwyU/fbRcNZ+1XvohhPbVY/e07j7CBoJd3RDMhISHpYsNsFYQ5Pa+7Z4D5CW0erpkAsFhJtJnQHzmmJVXR9InurhS/jaO/2XHoStFdZNG6vVrs6pedUWMKbEMsNRJjJjnC19is/aR/v6vAGosKmjb4G1t8uCjXblZvXOFmwl81ml35q+jrTD5M6+03HQj49pqZCf3Pwi6q6GbSXulINmvnki+wxSZtjyot/miTwHyFWuEu5WrY1SqHw7Rb0VejmZC3mM1WS77eRudmolquinridSsizV969TTz5VtsyZZCl3ZtOXA5OpKZ0ClUq26GcCIpn41sUUcrFSGhD0y2fA3hDBfNxF+oDctmIr6z+NnOryOpH8vx61q21OFm0tHZl3/0LDcTsdHPKnAzGRi8I368tLZ1U+t/18eFGbvs0s0k7D4TyhZz7qiqKLRY7jBinyt+RYW8whcoDExvRN+gYXaVY0YzoQG+nbwybS276uKDmQCwqEm0meQITbTISZSZlNY0VtVUU7NS/0IxKkwwkxibSbtpb63y7ZxAlGbibihOz69u6lDupA9tJj6lX9ZAtfadtx/NTLpKC/KbJ31tDmUVU92mtMJetQ8M27bwZnKFWrp6tElgviL25rKow8HMhJxi0LLDmm5XLTqsmfCXfkKbNFmUW2DaXujoUs80fTnip1GgmSifWr3qZvBFuZxD6iRlUfRRRouCmSwCuJn41MsmzVc62M0b4c3EfuI8/csyMaF9fNFUfjWDl3T3DDidw7xO4s2EbydtBiukfSRTYsMwEwAWMYk2E/69oPqn15tuttouyXVmJlFmov/dbTdZqnsDpkYCNxPH3ujEbGESBzNRrk6YLFp3LAadDFpvrjZHum4CYczElFrGCrqKlN5cRXqnFKWnfmgzaTpsK7QYX0TNTHzqeZ6eXaisoqH4aJs2mQl5GDPxtZ8VT2wwzzGaic1sNdtblfGpdqldrlUOZSZqb66g34CoJ4z/diZajviZKZrJfv2BEO0n84qYzBhQFmXozRXUTPROjO5aq9abK13vnqi9p7oreW+uozv9vblYCcwkrohm0nKti4ZZJ6vcPAfvzcU6YtGkA7mlrIRfc5CgVj67NsJHeW8uhmgmXGPE3lxhzIR/Ecn7g7ENk5B6c7W03gycrsxOu5abr3zg05L5TgEAFhmJNZOhxvaqQn6VlhLwB3L2hDKTqW6TOa9KvdBhStE++0w7ygrzC6gwa7u1qaHYnFlMw/pnpfL1ofIdOdXX7+DUEcxkoFrvNdRpsVe7Oq6a9G9GyTFKlfunB7PSrO1jSlNA6QNmLmhqvkrSxXqNczQz8br3s2801friBrDGhCmlMCO3knbBlmmtaKnMdzRWnCzU7s9Wb2ylhdPUrHL53u95TjzMhJjobTKnqufSXsdFtWdyVb7yACuLvZE9yDW8mWSUtCr3yqdY95ewBmU/63llq+kNYyaKrAbc+87wmwk1TKmtxhpy+3faTGZb+oHKIlVmwpmJz9db47DsVPqSWfIDvtcG8xB//6tU25Uh1QSm+mvV049Op2R2B3zzWaWC2XaRVQhpJgqlucq85t2F6lg3O7FzKjsnjMvR4dtgzrTr/b4UquzKopQzubydLyp5u51djeGnmXJDfAgzyanrT6e50uz0XmDTbBblTM5v8r+nemvKlLeP2VZ7W9sqmEliEM2E+Gj3MX4hItv66RZzbuqH+eyKx6BzONtawu5HHxkZJTmh131H5tHJyalDBeUpacrombMBPZbDm4lPvZOe5uJ3gIQ3E5r6cXYRbUBnl/aM46oLzTS706VdDGGIZkIcPV5Bm0pz0bb19Tm3f3SE7Y79xPnungGfspvaTgEAFhkJNZOcNGtWZffFI8rDXlhm+yMAEupDVAOjeEW/w67f66w4Q5O6cBO/TbnFYcp0XFMLK/ZZr/mUh+FotwTQH91U/ctyDd1MvG5SGofySeinNEv7FtOs/xkeqyosUj91aUsK2beVTWX7LwQ0r036t5tijyNxA0wHlD8PJj7VXc+e5kQGdcWeV+GR2hALjDiZSXSIvbnmgqfRUo7eVmDxspA/asD8QfINAACYkcSZSY76zTQL+94uckJcM8lPFTrYdFeytqPwPbe/Gcp6Wjcd0W7HZwn8jlq7z+Riq/Z9oYo3Z2+BVl/92jtZMBOH8oW9cjnFn8AHvwY1k4D66leMQs+0bv8S9O/UbZlW0w57vnon68Ji0ZiJy9lr1n0SgMUJzATEApgJAGCuJMRMhhq5liTnNopdDiIkhJloz/JnNBTnNyv/D2MmrnJ76BtUxPtMNPgVkopsvUOOu5Xtl+UE+3HuQaGThkwIM5E3ILyZaHg7+Q0SC4V5aSYAAAAAAGC+kAgzEa+WxEBLfCHNpL/crjwTSUXozRXSTFhvrmA3nfqCmolJNwr1xmvFTLpKC9oDn35sSrFpP2dhgJvJ0R0Bvbmk2rMyE3W/AsbnPTATAAAAAAAQhribiXJH+A7HlSm3KeK7SoyEMBPiiqNYUSCzraJDa/CHMxOFyZzdSp8u826poR/ETCY6apXLPjsL3VWFzEzcdae4dBW1qGucGtK2IS2vKfDuFG4m7EpLsp1dZvFvQFET634W2kw87exOVlNaQcwOZqKAmQAAAAAAgDDE3Ux8Q9ovvi+4lvTMTDWJPwHOnlELQgEzAQAAAAAAYYi/mfh8+XvtsfoZ9flFX3VWlb8BnZySJ0wDMjATAAAAAAAQhkSYySKG/2iAeXdhtA8cW+zATAAAAAAAQBhgJiBBwEwAAAAAAEAYYCYgQcBMAAAAAABAGGAmIEHE3EzGxidHx7WHRAMwJ3oHPHLRHOl3zXyKAiDS19dHn37078hotJ1/b7oX3yNlQIJIro320w+AuAIzAQki5maCpiGImOidls5huQiAsPAPQJITeRoAieLZ0uA/uQbAPAFmAhKEICaxMRM0DcFdBKcfmCviZ6A8DYBEATMB8xyYCUgQ4l9lmAlY6OD0A3NF/AyUpwGQKBJsJmNjYzdDc+vWLaogzwOWNjATkCDEv8owE7DQwekH5or4GShPi44VK1/NuqiPdNlfWblGnLoo6Fmxco2YLrkCmC0JNpOzZ88Wh4UqyPOApQ3MBCQI8a8yzAQsdHD6gbkifgbK06LjlW0Z61bpNhLaTLJfCF6+cOhZ8cEFuSwEz67cIBcBlUSayfj4uCwiwaBq8pxgCQMzAQlC/KsMMwELHZx+YK6In4HytOhQ2utTnStey1dGuJl02VdtzHUOdlbbMlZRBa9n88o1zsEhijLLylevDw71fe5Ysc6ujK56o48mXb+07UibuOR5RoCZrF+1pvr6UFn6GytWbaLRVeoeObuvbM6q8A4PrVi5Qd1ZPIdKJpFmUldXJ1tIMKiaPCdYwsBMQIIQ/yrDTMBCB6cfmCviZ6A8LTpYe/15XUiYmZzduua6/mzhVSvfoH+382spIxWvHOxkg+vVwtlfi7iriGbi0UzM139s/Rov7cJrimJxVuCaSQgSaSZnzpyRLSQYVE2eEyxhYCYgQYh/lWEmYKGD0w/MFfEzUJ4WHVp7ferSirc+5WYi9uk6/JoyzM2ky7ZBvGeDSup3bVrxm02bsx18lnmJYCZddnEXqn2+60fSVqx+Y/2Hmp/ATEIRJzPxeDzXrl0rKyuTtWPu0EJoUfIKBG57pm66F1VGJ6flnVzCwExAghD/KsNMwEIHpx+YK+JnoDwtOnh7fRVpxohj8yzMpEzt1sU7dxHVtoxXfrNmU6F2LWVeEmAmm4v9u+BVy64Wf7L+hbWv7Lrkg5mEJk5mcvHixZKSElkyIoUW5fWyV1WGGvHGlv0iiLyfSxiYCUgQ4l9lmAlY6OD0A3NF/AyUp0WHv70+XLFic9om1UCqP1jLe3OtMPTmUu48CcaKlco9G5e6WaPQe92l/O9SdZtTXRQr76tv4OX0r/NaAy9X5/LV1/ewcjaqlbva2EL1cm/wcm8PWxcv1zfGJ/fmei5DHw6AKRnMJBRxMhPZLQK5cOGCxxNwzw+NUqFcT6C6ulqszzG26RdH5P1cwsBMQIIQ/yrDTMBCB6cfmCviZ6A8LTrEu0TKNmsdtIjDm9+g4aef26SdrLcqlL5Pq9bSoPPiyafVflDrNufS6Lo1a5VJv3n1OlnASMPTGz9V6nfZn2XXH1apTyXWy9etWsPL6d/tz63h5epqPCtWp7BypzrOyuvTXy27rYxq5V32gPKRBlbelb9JfQKyh5fTwtly5GdzuS6tWq3szrNvptHY+ldeVXZh9av1qjX1lVvUPfrYXx+oJNhMysvLp6dDdlXq6emhCrzy5OQkFfIuYXJtFWObfnFE3s8lDMwEJAjxr/LdMpOMFKtcNBO1uVY8OB8YieD0ix5XZeHFuD1qyJQSrB3QXcneNUe32+RJUdBVUlArl80RZ73tUrBPie7KHO2b+nmH+BkoTwMgUSTYTLq7u8Vqd+7cYfrBmJqaogq8MpvkcDjYqH82AWObfnFE3s8lDMwEJAjxr/IiMBPzzjyH/j0eUZplTU6z8cZWeorVlJLHp5p2nCqtaayqaTSbrV34/FkUGE4/tynFWlSpvMpHc+39gdMWBOHNJLaEN5NrJ/zvnTkTxEzaiwKaRsrX8VlBdzbOiJ+B8jQA4kxfXx+dePRvIs2ksrKSV2hubhYn0SifRNXESRxeQcTYpl8ckfdzCQMzAQlC/KscDzMxWaq7hlqTzdbknf5nR+bvzaP2Yo6jlY1qbSx361GLYgg5KdbemjKqYDLb2rWezO6MNJIKa/pe7Rk1uplMJqcEfGdsym007Tzbzkezqpt4Y2vqavrJzn6HvUr/ettkqdT0JkizCSxIpNNvv9lq+Gsvn0um/MsTvY1Ukrxb/YvbVHZU/+kIc4rN1jSpzWLO62d/pLori7qH0lOVhVhOXPYFNOhnqEmU5trp7UDndi+vT1PtjdoCNNzKXKl5+0tadTMJrKmbSY7yb78pu35Mm3GUznnl/7cblTedRWtDUDV3S6VJlxn2Bixt0Y7NlZJCGqV19VcVBpiJuhDa1KpuX4a6F8rbtoHesAX9dWVUsv+C13f7slmdlH5Abevwt9JUP9txFqW8LuBQKEtWJ+lrHOSVlXelu5UOlH9/Nfq1vVMYpXe6T90XZVFpdrYztKcZJZrxsENHr07XVD/VqQp+4y7MBNw1Ll26xM+9RJqJ262tq7OzU55WXEyFbCpVk6ep+JcuYGzTL47I+7mEgZmABCH8UY6PmZht5u22a32Dhfts2lek3dXJ+866nJ3pequRtbGKLFbTduUjj9oWyZllLmfvtcri5NwmKrmYb7M5rrY7B/N324q6lMvKzEzcDcUZpQHfu5pym5JT8gqZmkxd3X9hlLcaxy6cUsoHqrOqtL3wm0lTWb7/eyKwgJFPv0Bx9QU7l0xpNnNqAZXYdlprPcppk3zkKqtsSi1rmvI1HbHZKtvbG8/S2aicsd2VdEpXtfbSOZysnrr8HJuxps9z2bTdnu9orFK/s2T1e52DWWkBBkULzDrZ1NvaSO8a1ryWawaYCe2mXbtU6Ky1OPp9A7UWs/Vix2BFfh7bR6W9nlpQVaO28gdqlTdgX7vJXKDOM0lHiXaf1iVeYKRNtaUpC7nWWE2HxeWs359idTkH3V7FTMzqXlwboC1zlDZ3utQNU+xINxM6zhUdbndfk2lvrXJ/QXclLZyWxg+Fq/LU0Ss0OjihrW/yyokCU8opKqERWrVpZzF9CJCPidczaU+1IU+jsqfqhwkd4Yslp9hnRVAzKcq1ldY0hrpiJn4GytMAiCfiuZdIM2HP15qamuIdtESokM1L1eRpKgEr0DG26RdH5P1cwsBMQIIQPxnjYia8zeTrNilNhybWllKYajKfUByC2lhFu62sCeXTG1sMU4rSeKL2ilBS6FPN5EpDsTlfaYuI0CqoIUINShquOhDQarToi+Uduvh3tIZvrMFCxXD6yX9EjeeSoh9aQRNr1KYzn2kqY4prMmsLyaJWb2kvNbIt5Urr2aefXfwcm7Em6TcbZfD6Pk+9Up+Xq6e9PqzUkWsGmgmd6uxiQmmWogc2s7p2Nru5+GLAe+oyTWVD107kKbc0150q1HtGUolgJo37zdYrQ7zruf+dG7wjWUOxMq9uJryy9glgOBRUX+rNpbxztder22Tlb8luU3Y9r0NbqP6ewqBjr7Kn4mdFjrpfwc1E6jYWCP8AvHRJuX0cgNjCn3xgRPjzm1AzYfe+d3R0yBN02LxUTZ6gErACHWObfnFE3s8lDMwEJAjxkzE+ZqK2V9QpipkE9I9nrqI0dK5ccuQ0aJ/LQczE4u8Uy0rITPZXtYvl2lRlgaMV2UqrhXX20FuN7dxDKE3qp412zWSq3bQ3oA8LWLgYTj/5monxXPJfOtPNpN9hpzPElqq3rTMdLqfy7b6SsUl/hyWjmcxUUzy3g9Tn5YJQaWZiWLJoJr6pq2xrmZPTpP2VemWne0JcrzojX9REQFe0gGFGf2u98n5R3prBzSTDbFUvCrklM/F5O5X3mtnWy/pQGQ5FWDPRXghG4Nu833SgkV4gvqd8ArO+oGYS/u3NO/rLEwCIBfPQTNgd7R6PR56gw+alavIElYAV6Bjb9OGzvHDYWBjb/PT4nT+1DH50aYyX0HDNrQljzTCR93MJAzMBCUL8ZEyEmQhf2YrXTJQuJWnFteoncxAzMXzPzXpzZfFF8amq6oxdOFU60Kl09uDtkqYyywnlNmglJ+z7Lyg7wpuk0s0qYOEinX6WFLWLkYDxXDKaiW+gOqdhMlnvOCTOomBoZPvNZKaahZmBZiLV1wlyzcSw5AAz8U02HbZ1+fqTDyv90HLM1vTAVr94oZJdW/BTd6pIb5N3FQVpxE90VKaf7AxlJswQiN5SdV6+y82OKv/1liCHIqyZ9Ia6ZkKYzKdIQtie+j9Mwl4zMe4UAAljHprJ2Jj2uRj0Hnd+fzxVk6ep+JcuYGzTi7nmmvxatuuLlsG/2Ots7J+8mRAz+b5tqK5v4vqdqY0XPF1qCcwkGmAmIEGIn4wJMROfz91kUm4jke8z8XVJjS0F1kTrUrvds67w4n0mypOX0gI+JbVVKF3ntSYpa5dkCctUqqmNTn+TtLnMUh6qFzpYSEinn2+q26Q/m6v0hNZOlc6lIGaiNLjzmL761B5E6fnVva2XbXsLlduaDI1s3vadsaZy8m8vLKy8erGmulevX9XcWVVZKd4w1XTEpt1nkq3dZyLXlM2E6DTvyNOe/TDQuD/NWlh5uammMeOIcrt5wLWagUbahmt9naUnFDFT3ixm9T6TbJtZvM+ku3r/Xkevc7DqZKH6IOBBxz5rRcdg70CgmaRYaV7aVO0eFb7Lt2vZ9cnk3WW1t4NcPvI5a5MP1NO8/jdeiyM5xUprHNPuOit0OXuzAu8z8amHwv+UC/XDpKK1t8mh3ZNGh85kzutVX1+YCZgPzEMzuX79Ops6NTUl/UI8jVIhm0rVxEkcvnARY5ue58adqW984pIK420ml52T4tUSFphJNMBMQIIQPxkTZCbU7DgQ7NlcvsmuooLCrkmjmfh83hDP5vLtTw24dZivwqwvhLVLTOaAr5z3q1+vCk1Styn1FLtiAxY0spn4fO2VDq2JvINdA5HPpaBmQmcIf4YbzWLZSc1cqyW/9poniG8Ibd8ZavqEZ3O5hPqmtAKlvh//s7nM2mWEwJpBzESRBD7sUx+IR2s52qDc3SH1ImOPvTLvZmbifzaXu83hb8R7rhbuLVCOW6Z+0/lt5Qlm+U0BZsLmpU11dVeLZpK13cYuUdp20jY7gh2KSfa8L+0dq+BmSyNn83l7q/KNz+ZSaXOwy6EM+jARn83lm+qvVWek3Um+22ayYqX6S4iMLjv7EfTFRY/ys4lC9LfSHKC5VmXyO3x6Dr+22I7SPDQTfo+7z/B4Lv5gLp/wAyYSvIKIsU3Pc+qG19wwKhX+9PidP573fCFz8ANh0k/sd75oGTxwdVwq+VaOJja1fRP/524nzfWrYk1szvdO/Kddg1RNWv5ffeKiapSbggVxM+kYntpWPyqtPWjk/VzCwExAghA/GeNhJgAkEpx+84Ne/h2Bu7KQ9ZqLFUUWuYfevOWVbRn676+HM5PsF4KXLxwCfwM+LM+u3CCVrHglY/u6Nde1FmBIMynbHLx8/jMPzaQ48HdLjExOTkq/cyIi11Yxtul5Xjk70nBb6cEl5v4Drro+RRK+bxtiJe9Uey6qHb1Wl7r/Z75SyEu63FOs5L8f0irzWWg5N1X52Xc54AqJeM3EaCbfPOAiL6KBp4qGW13ytomR93MJAzMBCUL8ZISZgIUOTr95whVHsXItxWwrauydkCdGTC8ts0j/GZb5j9Jen+pc8Vq+MsLNpMu+amOuc7Cz2paxiip4PZtXrnEODlGUWVa+en1wqO9zx4p1yqWqFave6KNJ1y9tO6L/yM58JMBM1q9aU319qCz9jRWrNtHoKnWPnN1XNmdVeIeHVqzcoO6s/xLhipUZ1cq/G9Qx3UykozTlzX5FPkrb165hR0lcBV/s/GF+mglRVVU1NKQcTwkqlLp4ScgzqBjb9DzJ9aNVvXIfKm4LTDauOid/kKdZx9G28a/ud9IAL6GwElKUfzo89KeWwdIuL6vALoxQyH/E5Yc3ky9atLko4ft3yfu5hIGZgAQhfjLCTMBCB6cfmD+w9vrzupAwMzm7lV8foCb1G/Tvdt5yHal45aDWl2a9Wjj7axF3FdFMPJqJ+fqPrV/jpV14zf8buz6/gYgliplkr12j3lCkmYnxKPmvpfCjdPukdpQCVzHfmLdmQnz66acul4vfWEIDNEqFcr1AAtegYWzT85BpGHtzSWYilpA/3LtP8RDxXhRWwnK+d4JdKqEKoe5XCW8m5Dm0Vca5jJH3cwkDMwEJQvxkhJmAhQ5OPzB/0NrrU5dWvPUpNxOxTxdrbXMz6bJtEO/ZoJL6XZtW/GbT5mz/XQHzEsFMuuziLpByXD+StmL1G+s/1OQhlJkoA6tM3EyMR4mbifEoSauYb4Qxk7v1G/BGwl8kEamuZi+XjLFNL4ZMgOSkqnfikyuaDxjNpLF/8qfH71zsn/wve5w7VangJe9Ue1jJrz91k3JQyX/NVsykrm/iWzmu4+3esi7v2e6ASx/hzeTtas+Xs5y0PVmfy3fJS5H3cwkDMwEJQhATmAlY8OD0A/MH3l6vT3+1bPgCM5Dt/M4Tfdh/zaQy4+ANPlFgamjFqjS5cB4hmMnUBX7ZJxDvCvXSRxgz8VZbNpd6qj8IfpT810xCHSV9FfONMGbiE35OJ05m0tDQILtFdIyPj8vrUDG26RdH5P1cwsBMQIKAmYDFBE4/MH/wt9eHK1ZsTtuktlCrP1jL+ymxlrTYm0u5pyIYK1Yq92xc6ma/W+m9rj7Z7VJ1m1NdFCvvq2/g5fSv81oDL1fn8tXX97ByNqqVu9rYQvVyb/Bybw9bFy/XN8Yn9+Z6LkMfDoBdBgljJsq8q9I2bwx+lMTeXKGOElsF202fvoXsaPByfli0clcbK9f22tvDy9nu8fLA3ddeghnLaV3hzYQTJzPxer2ff/65rBeRQouSV6BjbNMvjsj7uYSJo5lczPf/EvaMkWcGiw6YCVhM4PQDc+WKgDwtOsS7RMo2a12PiMOb36Dhp5/bpJ2styqUjkmr1tKg8+LJp9VOSus259LoujVrlUm/efU6NXtHGp7e+KlSv8v+7C7lMbsrVqlPJdbL161aw8vp3+3PreHl6mo8K1ansHKnOs7Kles5t5VRrbzLHlA+0sDKu/I3qU9A9vByWjhbjvxsLtelVauV3Xn2TeU6z/pXXlV2YfWr9WqTva/cou7Rx7y6YCa+kdK0kEdp+Ip6ZISj9JtX2VEKXIW2m/ywsKMh7r5YTrvDytle027ycnZYeDl7ALRWrr8E8mGRytVtCGMm4rkXJzNJGMY2/eKIvJ9LmDiaSW2uohzJR676i6ZGq2oaL7Yqj73X66gPzp+rmXRXmnOrlWfYO87SvAl4k+1Xfuo46IXjhYe7oUwuSggwE7CYCHP6mSzaDxvPAf1nQwAAIDLCmwkfhpnMz8j7uYSJs5mkFfQLRzt/p3aF5Ap/X+g/VuWvNBvor7j+O2XkNoXaj/TGHv6k/EWF+6rZLuhiooCZgMVEmNMvEjNx1lrm+jEIFiDPPPOMXARAjJjRTNjpBzOZn5H3cwkTXzPhv8Wr0OYwpZ6iP+hFFpKTgEdbRGMmvq7KjFLll3xpsb6hyyb9h37dLdXq7/UWuPSX22QuvlJSaDZbk3cqv8a1f6fNZLalH9DbEO5Ws/o7wVpJe7Vlh7+nWU6KVV/jpCVTuc6TvN3Onp3fVVJgslSznzreX9LKFua6Uq3Mm2qr6uUdZOcTd0NOYm4m/a6Z6wAQlNHxSblojshmMtXPfiDcVtevmYlb/XF04cfF++sc7OfVS/UfyqCatfkFphT6YGySfj0dLEpgJiB+wEwWdOT9XMIkzkx6S+kPsLVXM5OAv8HRmEm/w56v/sAoLTYnzVpa08juCktOUYYrThbS33714eW0lsKM3MqKmkZbprWipTLfoUylauxXfmleKqmqaczabi3qmvR53S5nvelAvcup9D3jZkIekm6tpGql+QXJ6hUVxUzIcHKVQr4jtNiqmqtVjrOOAVYw78jfaU2wnMTcTMbGJ6NvX4KlSe+A//fXIkMS49pcm62yvb252rbTyszERh9HzZ0uZ29GmlX/CLJlnWx0dTTRAJvLZHGYsxxVNe0wEzAn0I4Bc0LszZVcG+2n393F2KZfHJH3cwmTODPxXSo2pRaO+Ua7LlWaUvKECZGYCbuaQcnI176PJDPx9+pqLstp0NqsigjtrfUFrKXblF3PhsaqCosU47gqdtzSL+k08UJuJqaUAl4tx6wsUDETvZCGlTWpZtI1Ns8bzZOuqlOOrsRd0om5mQAAAABgSWFs0y+OyPu5hImvmZj3nhVLMtS+DRTlooSGt7dR0Qyx2syIvbl0lN5cOq5yu+obCsrtLqllvgCp6PZ7SEOxUtNZKy5Q/0YzqJn4f5SU1ujSzEQr5GaiDDcrHbqa5ulV08nktMIivUtJYoCZAAAAACAabnvkNv3iiLyfS5j4molyTaNUUIih1oxMe84J7XqFT2vWy527ZmYmMwlxzSS0mUR7zSSImRATHZUBjyabN7jqihOsJT6YCQAAAACiY3Ry2tisXwSR93MJE3czmWXkmcMzo5n4fGaztbTmakXJKeE+kzBm4rNtV+4zaWpt37+TX9IZNZnzevuUPmL++0xK7enWymvNjaV2u/8+E4OZZGSfbXcOluYX2C7Nuxa2q+5U4rXEBzMBAAAAAABhiaOZACACMwEAAAAAAGGAmYAEATMBAAAAAABhgJmABAEzAQAAAAAAYYCZgAQBMwEAAAAAAGGAmYAEATMBAAAAAABhgJmABAEzAQAAAAAAYYCZgAQBMwEAAAAAAGGAmYAEATMBAAAAAABhgJmABAEzAQAAAAAAYYCZgAQBMwEAAAAAAGGAmYAEATMBAAAAAABhgJmABAEzAQAAAAAAYYCZgAQBMwEAAAAAAGGAmYAEATMBAAAAAABhgJmABAEzAQAAAAAAYYCZgAQBMwEAAAAAAGGAmYAEATMBAAAAAABhgJmABAEzAQAAAAAAYYCZgAQBMwEAAAAAAGGAmYAE8f+3dz8xjWT5vuB7N7Ob3Szf8klvf5ezQtNSSS2V1FclXalXNWpNSU8qXc1mpNt6i56RbuuFpm3F44/SZLqzuZlwIZoQThKrnYC5cF3QuE3iBNzpISGhxgmk00kaMFUuIMF+MedPxHFE2ATGYQfY/n50lGmOw2GDfz6Or+NEGMkEAAAAABwgmYBHkEwAAAAAwAGSCXgEyQQAAAAAHCCZgEeQTAAAAADAAZIJeATJBAAAAAAcIJmAR5BMAAAAAMABkgl4BMkEAAAAABwgmYBHkEwAAAAAwAGSCXik/mRS/OkzkgkAAABAtyFbgGQ7EMkEWu5WyYTEZfvtAQAAAKCjkS1AJBPwQp3J5IyGk8/Fn5BMAAAAALoL2QIk24HVG4c1G5IJNO42yeSSH21iXwUAAAAAdCh+hEmdO0zOmphM/mVk5t3+R3svdLTbJpPiT5/PLy7/+3+3rwcAAAAAOgnZ3iNbfXwe1x0kE8mvjP5p3t4LHa3+ZMIbK83PpEb5YSdoaGhoaGhoaGid14o/8WNL6j28RLQmJJPhsblAMGzvhS5w22TCG4/OaGhoaGhoaGhoHdyqNwJvbG6Tye73WcmvkLa4/Df7dbegr0S0sXX7EnAPNZZM0NDQ0NDQ0NDQ0Kqbq2Sy+mqbBwl5YEKECvtCt3EwN5m098H9hWSChoaGhoaGhobWrOYqmfAo8sen0/sHh4N/CCOZdBskEzQ0NDQ0NDQ0tGa1RpLJ5eVVqVTWjGRinsdF+sm1lUVvyZZMfH5lObUdGVHH1ou8p/9BOL13HHpM7neS/rwenZoOB8bjidUVSZ4JPAgnVlPL0xFpNEWuDPUp86up9Ob21AhbGJoNyQQNDQ0NDQ0NDa1Z7dbJxHw0yMfDk623+5JxVi7zVY0ddmJJJpsLoU39Iskhs4fiCiI9xnfOrEfV13pX5JEiviyD5xaSTBLZc6MPmg/JBA0NDQ0NDQ0NrVntdsnkU75AUsejoT8HgnTuVn+ABgCeTD5/viIXSD+5llyQ+yfsN66DOZkUFvXpYaxNzmZpZ+LFjE82HdCyHuX9xGywMpFM36PyKUWXfBDOX4proJmQTNDQ0NDQ0NDQ0JrVbpdM/vh0+vf/bZxffrf/kccDnkwmw3/R04Km/fTThbh8K7Z9JmPrJdOV2s6LifkjdulsbaieZGKIBJW0+WdoEiQTNDQ0NDQ0NDS0ZrXbJZOJ54siciwu/82cTKajL8VVb3ffNyGZaJosK6FYKrG60v9k5UDTLtajvqdLud03Ut9Ef+/NyST4OJLeOy7sbffLlYle0ERIJmhoaGhoaGhoaM1qt0smG3/bldgxJLP/lhRTqnhPevMduUD6eWJpSjK5yqXo3C1ZDSWyLFpcBnrpj1unxeWRm5NJbFyfDzY8/UZcBU2EZIKGhoaGhoaGhtasdrtkohm7TWpmj3AkLq76sXhmuxY6D5IJGhoaGhoaGhpas9qtkwmAgGSChoaGhoaGhobWrIZkAo1DMkFDQ0NDQ0NDQ2tWQzKBxiGZoKGhoaGhoaGhNashmUDjkEzQ0NDQ0NDQ0NCa1ZBMoHFIJmhoaGhoaGhoaM1qSCbQOCQTNDQ0NDQ0NDS0ZjUkE2gckgkaGhoaGhoaGlqzGpIJNA7JBA0NDQ0NDQ0NrVkNyQQa11gy+ensEg0NDQ0NDQ0NrbNb9UbgjQ3JBBrXQDIx1evn4k9oaGhoaGhoaGgd1cg2XsPhBMkEGnerZMILtPjTxY/Fix9+PEdDQ0NDQ0NDQ+vURrb3yFbfbfMJkgk0rv5kwuuS1Kh9FQAAAADQoci2363CCZIJNO5WyaT40+erq7J9FQAAAADQoci2H5vfhWQCrVd3MqGxBDtMAAAAALoNm9b1mWwNVm0f1mhIJtC4OpMJ32GCZAIAAADQbXgyqXO3CZIJNK7+ZMKPerffHgAAAAA6Gj8aHskEWg7JBAAAAAAcIJmAR5BMAAAAAMABkgl4BMkEAAAAABwgmYBHkEwAAAAAwAGSCXgEyQQAAAAAHCCZgEeQTAAAAADAAZIJeATJBAAAAAAcIJmAR5BMAAAAAMABkgl4BMkEAAAAABwgmYBHkEwAAAAAwAGSCXgEyQQAAAAAHCCZgEeQTAAAAADAAZIJeOTOk8m7p1//btHe2VIj//Srnp6e3744sl/Rej++/euP9j4AAACAe83jZFL0+RXf07i9G7pAq5LJhwjZ+v/iq6+++oevvvoFvWjeIv+y53fichOTydc9PfauKp9f/OZXD9/ae1up59cjxsXPf/2vX46/M18JAAAAcN95l0wKW0uSHKaXTnclv1Io2xeAztaKZPLdP39Jsohl58CP3/X0/Eq//Pltz90lk+/+uWfEy2xwNmdKJgAAAADtx6tkUj4laWSrqP+0NR2WHi9ZFoBO14pk8i3JJT//ja2T9H3WtLfqt7/6oof7+imNCDyZ9P4jnWHV84uv0uZA8/nD17/8oufnX4z/rdJLN/SP/vqYLW9alDInk55/CBytjfO7+rb/O9b3+Tf/+Uvjzo0lP3/45pe077fqq6OS3kfSC31kR38lV/xumXZ89fCtVvrwq1/09HzxJX+E4//3N2zNc/ptyJrefff1V3RVX/zy6w9sVX/1f/3Fz/W74+nLnIuO3kT4b/31P/aKlWjvRn7z4vNc/7f0vqy/OAAAAMCd8CCZlPplReqL2Lsv993sOQk9mfSR1cqqOpe2Xwf3UiuSCdnaJpvXts6RX/cE3vCL72z7THp6vjR++lFkhsg/9Yj+3/2yZ/JQX4JsyX/5XyJ809/Gkkx6egLGZv3jX/f0run95mww+Y+Vu0g/pElDLPPNNz3kXvTltO9otviG7/qgj/CLL/Q9Qo8rv5T244ExSaz0oafnK/0yua1pn0nl3td6e37dq8ewD5Gen3+r/4LvRsj6xW/3ZU/PHRwNAwAAAGDS8mSSDE3IIyuZS3s/kYlFpMFo8lOtTT9nB3FpIKzOrSViS77BmP1acFRcX7B3eaJFyaR6ghbZKDc6q5LJt+Pix6+MePArEhr8r/jlI/VbvoNFYyt/d01t2pKJuPz5xW/Ezc3JhO6w+D+N+FF6G/hVzyTLAWSZnl8/Nt0LSSZfiQRCU4qxR+go9O03ygexnGC699rJZO6/9PT+TXTT5b/8b+yXpcnkW9Ef+IcevrsHAAAA4K60PJkUipeSP5q0d1PJceXgsli4uGbr73qzQeXA3qdJQRxYX6/QoGLvar37kEzMC5N0wYMDDQBm/6xvovf0fF1Z2sqaTEyLLf5O3NycTEgcEPtSqH//LQ8wVcei0HQhOr42PRiyZpF5tLN3v/nPbDoXYyxeO5l8bd0Z8piulP1NSDIRK2c7mjw9KgYAAACgSsuTCeGUTOx9dbl4HZUGo4mssfFaPi+c7EqPYoWTY43uE4j6/Mr8amp5OiLiiuSfkQbCidWVZIYsn5XkyfTmNp1m1q15hoQTObxt722lFiUTsbtD+E1Pz3d62q03mVTHG+3eJpOjSM/PvzEWuXmfCZIJAAAAtAtPk0liNaW311nNRTLRj13xK6F4xujJioyh9irSiL4ZSCIKv0AWThrH3+cXw5EDtumaXhALdJ3itsd7TlqRTOgR8F9WsgfXw46AZ+pNJpXdESZNTSY934YqAeHtw6/44TGNJJN//60+HYu5MZn87uc95uhGYlvPPwToJSQTAAAAuGc8TSbkgt7DUoSLZKK7yK7pZyI2JRPJPzlLgw9F7oIfIE869S5NC/XSVCOa6O8qhVdRX/VpCVqpFclE+/G73/2y51f/tXLeqt9+1fNNJWZ8Nh3yfm0yYUfAV44F/3CmX2hiMuF3wfOS7Qj4WycTekT7Y9b1+e1QZVUk75iPG6ms+U2g55e/+47HItsR8EgmAAAAcJ+0dzIhhvRoUUkmPr8ytq5vZs4GlQK7YE4msSdNuN+2RmLJ7FtjF5JXWpJMmHeLI/wcvV989fV3B5ZTdX34t9+T/l89pPn0umRClY6+/Zp+NcpXX38rIkoTkwlVOvqGHRvye+tZg2+dTDRt7v+hgeTrf+z97oP2W9MjefWU7hHhXzlvXvPng7nef6Qr++afeKRhkEwAAADgnmn7ZCL5Vfb/ufRITyahPkV6oh/YYprNVUkm+cXw2LrX2+X3ScnjvSVc65IJAAAAAHSAtkwmyXCYT8TyPQqLhJEMTZKeHLt8lUvRbzvpm8wb35diTibEVixK19A3ERjvviPgi/v2Hk8gmQAAAACAAy+SSeXA96p2YV8WOhaSCQAAAAA48CKZAGhIJgAAAADgCMkEPIJkAgAAAAAOkEzAI0gmAAAAAOAAyQQ8gmQCAAAAAA6QTMAjSCYAAAAA4ADJBDyCZAIAAAAADpBMwCNIJgAAAADgAMkEPIJkAgAAAAAOkEzAI0gmAAAAAOAAyQQ8gmQCAAAAAA6QTMAjSCYAAAAA4ADJBDyCZAIAAAAADpBMwCPeJJMxv2LvunPZ+Ni6va9+kn/C3gVgdTA3mbT33b3kuHJg74N7YWpAtXcB3L3dQCxr74Pug2QCHmlFMpH8Cm/B0ArvaXYyyc4GldiR8dN6VPJPmq+ui7tk4mvgHsETha0VWn69av+TqP261sryspcfR67Yz81PJutR3/Nt8RN5FZiuqxeSSWud7vpkRZJVda7yTNUp1HeLJ3TMGGb1Np62LwHdx1wS7J3RUiTGUiVJnjHfiqPLjKZsPWwE2+2f3Tf3Q3dCMgGPtCaZTM7yT1gO4vKLjNaaZOIT6/Q2mdDhW1Zl/wTZ/ujXf0+4P3LS0zV7XwvIosgrssbWYVHyR5bPWpJMxoLKTln/CcnkvsnNT5Kn3t7bWunAnL0QoWtJwbi9q+r98eLlTOiZmjd3MdLozLBsGlIyS2qogREsM/WgkXEJ7j8kE/BIa5MJ2VZ7kiywZOJ7tFA4yfXLio9tvR3MTw5Npwp76VllYmy9SHoCfkUeUBO7uY3piPFeW5LkidzJ8VCfQpeooMlEK6Z8CvuAxxh5zZtcAZZbSI80EousZnZiM0PxN2psO3NyHJCVC7qOuK9P7Q+tFE72RchJP1fVeCaTWiIPkt5jNh6ai4ZiqR2xf4Yprkfn4wuzByVLL9wL51Kv5ePA2lXxYIJUBXmipT59v4roIcW2ccYWlhVSjaQ8SNGy8ksPz8YDvZOJ1dRV8ZiU3NTWceHEXJgimZCXgBrapMnEN6CSkiN1rm8cnL2RBqPzm/s78RjfhqAPpk8llZnbXZN6o0l210FZ2dg7Xg5NSLI1cq9Hk+RFYWxn6MnElLH5L0vuV3qwQKs9Fet/8WZ5dGLn8Hi4T6EfErBlfAMR8rJSB/XfNL8YHppOkwdAeg5Y7JGUeP94fHk1RV8pUDeyzUeeektXeZs842yQUY2BblIeCJMq2vm0LfaASb0L6bL4BOd8I6QGwysbq2ukUztKinqoNeZUkglfCUW2KdMlW53z5/ra0oKOUE8y6SdlVt7mHxqa0eFrcyHCu8vbaq9ifLZi1Fg2Lt6j9TfNqsGncLI27FcKJ8fFS1q6vqdLldI9e6P20fLbSa3wgQ7aC5IJeKS1yaS41j9N9wKTd1z+lkm3mfx0W9D02UxRGlzS2FajNMRnf5X04TWzNPyKbxMaw6WOJRO2/Ud/ck4m+gEhJOToWwz5WDhZpkOq9HSNb1fuvJigPXTI1pfx+SfoPZJlrJu5VDE13EtWnhcbtXCvkGgRDFd2mzhWhd6j0VoyDhzKxtnb8Lk0GOMdxVczrPxouogYm4am+C2IZEInSyTYPpNgTP9ocowVfGZ6YtnIMqYHo1cd6WFv8+fG5kV+foilaIEmE23KyA9OyUT8XrKib1WQFxH7Q5BlQm/Zb1Fc41dVXoxHK8Mv6WvcNPEDbiUbe6rKQzE+nU9jz3iSj2HPVDHQ8R6NZQn2vx5R9GSSWaLbjobEqCLqwTbZhqkkk6Bf4U8fGdDIeGurc72qryst6Aj1JBM+lcuoPVM/Hb72fc9oKdKMLc9UJxPxHq2Pq1WDD1lYTJEgpctHKr10ydDawOwGuDeQTMAjrUkm+qxWX3CB91RmcxmjJM8nHN9EMzbLKH4te2fVm3XGgp5M6Ecy5B3dOZkYI3XlHtejdJvSPJvLuGyekkvvsdEZX3DHyudjj/QtfueqENea39HpZctTzyOHZdpM7WTCi0ee4Fue5tlcvGLN0xr5XZsfzJhRdeY6tMymYMmEJZ9w7Mg5mRj7gsTjNBYz/0HIXR9Yy56HqxrbN3ALpdnxSbZzmG6lmf68dJgSYZiIDNLLJLTwD154eZhLQuMf2VRa9achlbJke2zCGvtgRauqc17V15YWdATpwUxiNcWa8WGeNZmQIlHT9IOJqQf2aMpf+0FWhEFjr68tmYihRr+qavAxJ5Pq0r3aowcBzqZy+m2grSCZgEdak0zsG221kkllrOQf7FUnEzr2GVPqrYxkwjb4dg70T2LMm1xy1Xt8dTIJzBvj4+YCGYXZMtY9JEgm7Yy/d9auClkvhtgTpcAuiB5NO5aekNu9qRxEVE6zmQ91JBPrUcjVycR8ZAi5fFEzmZTT1x6/pCcT7eJ11Ee2LMftyWR5pK5ksqEvTn/TgvXFyCGZuMcSSGWksvYbjlbG1ks+Fic0Y5w8mJ00D0RjNxzPZinLzPREppzme+psdU6r2qG0oCPUeOWak8nRCgkeenSJRfmMBoEPXyS6zB/t8xK6VTLhg485mfAdxdWu9uK2u4a2gGQCHrmrZDJGJ0RxldlctmSiZZasu0oE0/v9Qbx/JNLP1rkRUrb0JFOS6kgm0tAKn2qTfqbyyWbmSRQUkkkbK5J3ysx1VWGaQMUvVA4POKiazZWI8NlctmTCJ0eZ3JxMSI+YzcWLrUYyIXd93URBI5mQB5VU1KGn7MEfrgzF9ZUOyXUlE/6hKd1MYdsfw/qBNBU1tm/glvgHLiQq2A4OsSQT7dj37A1LwtS1s7muqwfKegT80UpkLppgk/htdX5DaUFHqPHKNSUTUo18rxqTJ++85lnS+vBV3u4PTs4f0Ys3J5Oqwcc2m0tMXLTKSqE39j6495BMwCN3lUzIZuLwoEq2FH2P9XfKGslE03KrMbojuG9yx3LAnOWTyKlBfZoEWWegj544q380HmLJxzmZJC/zyXCYrF9dzelXaZdB9qiCoSS9RyST9pOVB+gz2P8ktrzH3xVZVZAea1WMPVZJqWydGseNGD1kMX1N/PSvpCxju+xnyyZg/tVCoFexztW+OZkQiVCYrrZ3Is/yUq1kUjnzrPzYeqKnSjKheNAiZkfpmeKkvnB+MVxPMim+pXMqKr+pVqK/u5+eajnJtkhqbN9AHQ5eRgMP2LD2KCw2yRJskCE96iLdDrQmExoLeZDQzONk+ZQX7cYJ+9Goh6n1Y32BCvu5uUQaqVnn15YWdAT6Kjaa3mVKJvrxk4bIoOU0wWL44vuWtXqSSdXgQ31KkXsPsZXNj7Phjpfu2XbkCT0EjrwW9LVAW0EyAY+0IpkA3GfmMCBU9wC0n7O0mCdTs84BABqDZAIeQTKBblNzi626B6CtFAt76dDjyvyZmnUOANAYJBPwCJIJAAAAADhAMgGPIJkAAAAAgAMkE/AIkgkAAAAAOEAyAY8gmQAAAACAAyQT8AiSCQAAAAA4QDIBjyCZAAAAAIAD75LJ/5f5MB19KfmVfxmZWX21Zb8aOh2SCQAAAAA48C6ZmL8xlLTZf1u1LwEdDckEAAAAABx4kUx4FElvvjN3Png0RTrNPdDZmp5MLj6Xzj+X7L0Adcgdndm7bgnlB40hZeO+/H46v7J3AdQnX7j57dWZ+zVA16qneFqeTF7/v5k/Pp229zKkn1xr761P6MmkT1YkWVXn0vbr4F5qejIhK7F3AXgF5QcA7cj92OV+DdC16imelieTwB/C++8/2XsZ0k+uvbi4tF9xo4O4NBBW59YSsSXfYMx+LTgqri/YuzyBZAKdBOUHAO3I/djlfg3QteopnpYnE8mvbG7t8QldonP0T/Oi/98XN0yL12U2qBzY+1oo9qTTZp2FBu/gN0IygU6C8gOAduR+7HK/Buha9RSPF8lkMvyXmsmE948oc6bF67I8oqTLtr60NK5P6xrzK4G5LLugZuJReteyulVk161Hpd6F5fEw6RyL7Yobz7Oe/tH41imfOJ4ObWpXeyuks5Ch/9oef9srbsvhbXtniyGZQCdB+QFAO3I/drlfA3Steoqn5clkPrbOc0h1Mqnur1upX6Y3DMXFYSo1k0klwPj4vazToKLf4Lk6f8QuPFOXeW4pb4f6lDzrk/zq2DrvpevhFzpKcdvjPSdIJtBJUH4A0I7cj13u1wBdq57iaXkyIQ4/Ff7wLy/MCeTP0wnyI+lvNJnoLrJrkhxmF2snE7FkcpxNAKPJZNLoS/PFguYHsB4NbVau4joymRReRX19EXtvKyGZQCdB+QFAO3I/drlfA3SteorHi2RCfP58tbj8N3MPP4mwy2RCyPrNb0omSlUyKae6OJmUSCyZfavvFPIGkgl0EpQfALQj92OX+zVA16qneDxKJtdxn0wkv8r+z0pDK+xCSTIlk6Rx1njzbK4L1pNUjNlcz9UYu2CezWVOJlMPXD3C+4fGEntf6yGZQCdB+QFAO3I/drlfA3SteorH02TyLyMz5ijyKU9nczVwBHwyTA9YJ833KCw+9t+ai0jsKPbZYCWZbMWqjoD3T/Lj3c1HwCfYCvtHlzY+6UfAm5OJVtx1n6DukeK+vccTSCbQSVB+ANCO3I9d7tcAXaue4vE0mYhD3s1t42+VhNBcNWZhWY4zAU8hmUAnQfkBQDtyP3a5XwN0rXqKx9Nk4jEkk3sFyQQ6CcoPOkmg+u0S7oG37/k8Duan7yuXXXA/drlfg5OTNfX1zRsA4IHv3743/dScJ72e4kEyAY94nUw2Y7KsbOwdR0bU2QN9cA/IyuxqpnCynzlg6y/nJVkZW6/caFlR6Uw/0XOwIm6i91xzE/Gj2qfMb+7PhyYkmVVaNj7276nEKm077HAmskJZWSEr1I99gvZ0Q/mVt6WBSOEwk5iO6FNDy1lSEmNzqcLJMT/UTdNKpETFqTuIfGKGVJf4kd9k5/BY3IQvYLoJW0PlJucbIVWNbadjUWM+alYeX+Hlx5eYDSrzu7lMammoz9PvqwWPrEf7ZSW4eCw6pD61nqHm5mRytpa0d0HLhf/4MMbDyU+vHwZH7Vc35Iaxqw4Oa7C9IZIBh48/YggyZPsHJypjH3nr7FWkYNzUUafMrGnqPTTX6/AfRmM0nJALDx8+NKXkxjkUj9DJyQTuFW+SifxUf/eMPVGkkTV2sSg9YZ3lbd+4ZXCMPFZi6/FKzCjuSn2RgCmZhPoUy02Ku9fdRCwiyfzsAsXlEXY2hYO4bdyUHsS22NfspJ+pO5ZroJ3UKL/DZOxQv1hYDOvfkkRLgp7ZPP1cTepf5MoVt6bDQ4uVkwrSQvWr5I1cLFF9E76AuAlfQ+UmmaV+oxQlPz+detZyyBw9F8iEfim9MNWcT2DhPlmPDo8qxvlgiP1AKHpz6qgjmVwkIkgmd+AHGkhIOKlEFNdqjF23dO0aqt4QI4+uq6tsQJlR05XfSJKjjSST72NIJi1U/oEFkp/IvzyiuHdt8ZggmYBHvEkmYmgb8yvDr4xdJXSgLCXHlUJlQUPWFDMYUzIpkUhT502Mi6ZzJ2Tj6mtNezWzYVzHke3U+UP6wCJB/TRx0I5qlF+2kkJJsYlunhyMqGCTNe8z0YyFuZo3MScTJituQu5U1L/eWU7RIjQZ0newlA5mJxPGqQuhc6xHk9p2qFcvifQz9SIb1weo8vZUbLuwl448VflTLynx2aC6vJq6EINYOSsNRMn/+cXw0HQ6c3KsDioHZe3i9HjrxeTyyXHh9OaRGZqr9D42+vDhnxKf7FdYkTfWh1XsCzE1xq5bcl6DOZkMX5t46Ycmkjyj/3S0EskYb9/GO6wkq0PTqZ3DY1KxfGg9mJs04rH+VluIz0xtHRdO6OdAvGhzu2tkPbRoX0fJj4XDzNCfaYVDgy7fk0K6ofgYe/G5KD8kE/CIx8lk6oHie7atd9LBkW7A5V8tkMuB8WTm0rhBrZhh9GR9z7fFTSpL1LqJfulsTcQh7SRJFiMjqa+XnUduMHzFuumWpRy+ON3lWwDQpmqUnymZ7LyYSLM9Y0SQhQGpd0F9TOc5+B6bn3fHZFLrJg7JZHlEkRR9F1/sCevMxn19dA3BsN5PCjIQTm/NRXwyP986dBaaTLTMtF5+w6T2RDIRxJYfGdmMkqXLlGktJdm+PnpD7mhl+CUdjU0bheCp8B8fPgwO1TOVy7ZdSN5q7UswNcauW3Jeg7neAvxcR70TYggy0GQiyoxUbEa8fZvqU1+2rOeQ6mRCCl4v4bOUWFvQr5CiJQtjwqp7r8N/GBqic7pu3GFny8Zuyg/JBDzS4mRyWTih0/GlRzHyb5EGj8tMnJ4zOhBKyXQGS3rMTz/8o97GZP1rcGrHDKMnzT96od7G2FdwMrVuol+qSiYmJf4ReOSxIg2EN+ai0sAdfKsMNItteKXltxVjn94dF1j9jemhYoF/IZLpO153SeI1bueYTGrd5HbJRPg+xo892JoOk02EsaAqySqPytBRWDLRtLw0SiohT8umss/kNPhogm4mGkMcHd+M2/EtSDmsnyqTL6Y3Vm9IJneiMomLTeuyX11FbB3arzCpZ9PQmfMa7EmYM4YgA5toml6IZOgPPvbmWJVMxCcy+jjpkEzIVVVFeynLSjB0+xliYLjtcSai/K6LJdpNxcMhmYBHWpxMdLUmqp6z40zOyXab3lFOVXYx14oZRs95ZROwnBpKGA+p1k2Mi8fiJheJSOzE6GZ8dEMzXVnP2ZptPdBGapSfaZ+JGU+kkizeZUvGEVDaDcmk1k0ckklhMSxuMmTfONjuZw/OdNem8oaOoScTutMjMz1BD3UzkolPfBxzuFIzmZAy23kxwfeZVJ8qBsnkTrx9bxpn6js3l8NGIVdj7Lol5zXUTibGEGTQD4GTehfSxRQ/4OQWyeRszb7P5NrzG11K/gmef+C23t/+3Fx8G8/ea+JcPBySCXjkrpJJcT3KT0F48XKGH5RcTEQqQ1itmCF6JDkiblIZVGvdRFy2HwFfUSRDsKa9CcaMbvN+GGg3NcqvZjIppn2hN5p5ekzReE+lnJJJzZs4JBPtaCVolKLtGJXiK/1g08qx0ZZdN9ApjGSSfqYG+NEmRjKRjJMf5GPha5IJO86EnS+E1J74FmOObhQaExShrdUYu27JeQ01k4kYggx6MiFDViA4yScf3phMcvOT4h1ZJJMIL2I2m8tWtBx5PLbD7eAOORcPh2QCHvEmmVQc0hP+SrI6v3Uq+pKhsORXhud2C+IttlbMqPSU8+ImlSVq3aTyQ3HXJyu+wcgsu9+dRTqjjDyM/icxfv1WLBoYsEz9h3Z0Q/lpOTqVayA8FhOVUwr00WkG/aPm8OyUTPSbkOIx3cQpmVDF/l46q5tX+MX3SVKN5E5Dqzn96rcrtMdUkNBRjGSiaRk2oauSTIpv47z8tk6z1yYTkkBmJyP0NOslPh1R6lWTR/yaIj1FNT/PIbSzm8aumzmvwfyGOPaYTiD0PQqLIcigJ5ML+kGhnplvTCbE8CAty+SnvPFhTSlAR7wFfpkXbWBkiRTtxeYSf/PdsJzhEO6Yc/FwSCbgEa+TCUArofwAoB25H7vcrwG6Vj3Fg2QCHkEygU6C8gOAduR+7HK/Buha9RQPkgl4BMkEOgnKDwDakfuxy/0aoGvVUzxIJuARJBPoJCg/AGhH7scu92uArlVP8SCZgEeQTKCToPwAoB25H7vcrwG6Vj3Fg2QCHkEygU6C8gOAduR+7HK/Buha9RQPkgl4BMkEOgnKDwDakfuxy/0aoGvVUzxIJuARJBPoJCg/AGhH7scu92uArlVP8SCZgEeQTKCToPwAoB25H7vcrwG6Vj3Fg2QCHkEygU6C8gOAduR+7HK/Buha9RQPkgl4pOnJ5OJz6fxzyd4LUIfc0Zm965ZQftAYUjbuy++n8yt7F0B98oWb316duV8DdK16igfJBDzS9GQCAAAAAJ0EyQQ8gmQCAAAAAA6QTMAjSCYAAAAA4ADJBDyCZAIAAAAADpBMwCNIJgAAAADgAMkEPIJkAgAAAAAOkEzAI0gmAAAAAOAAyQQ8gmQCAAAAAA6QTMAjSCYAAAAA4ADJBDyCZAIAAAAADu40mRzuXtm7oGMhmQAAAACAgztLJsuKKj0OB+ay9itaT/JH7V3QekgmAAAAAODgbpLJxnREktUrLd1gMsnGJb8SjOXNff1+ZWzd3HGtWyWTUJ9SsPdBI5BMAAAAAMBBy5OJLCskRVha78TO0SW7svFkMqzMSP6JSk95O/hsoWnJJL1wYO/qIMVtObxt72w9JBMAAAAAcNDqZLJtjSXh3Kl5izMtj69sfSqZeuqTjY8lUsOyIjouXs7Mp+PNSibp52onJxNNCw1W/phFc6MAACwrSURBVHSeQTIBAAAAAAetTiZpazKxRQJ2bV/M2lmHLAshmwtqmqWao5WgX9HWozyZkJTiC0Z3DnPDA0ryjPYczE3OjqtTsVT6hP7IH8ZYn5Lhe26KaWkgkt58I8uKbzytlc+nHilbJ8eFk2Ny5WyQb8RnyQWfPJlYTamDSiTD+srbUnCBLJZZjfrG11hX2yDhxOM9J0gmAAAAAOCg1cmkVbO5eAiR5Bnyb2RQ8T3bFsmkejGSTPQswZBkQmJJsqj/GOo1diBk4wE/vUxCiNhnYk4mOWM5iQQYttqksZjknzQutotSITETO+BPhBfuPJkkxytPK1eIRzZYdq02xipBO1kb6lXt1wEA3FvXj1oOI14rSMG4vQtA0wJ1HxUM3anlyURjG/c8k+QuL3dW4+qTCXJ567TkPpnQXSX02PcJGjxEMjndnQ9HfCwRiWQiIoRGUwR9AOLHoDU4adcnE6NPTyaFxfCs8fCl3gXj2vZQeBX19UXsva3UimRCnzKWToXg9UNejWTylwjfq1bNSCbJIdOkQQCzgGncSJJhwTqSiGLjw5SZGBL1hg04uDX6ltQ/vW/u0qvu+lHLYcRritnxMC/pYIiWNAq7gyXC+nM99OLWE0aQTMCZF8lkTH8DtuxVcHXWYCOZXCQi84fb+km69GRyTkJCuswW+z52TTKJalpe6tOnllX2mRjqTCbEUC/71frC7fXFLCSWzL419hl5pSXJRJ4ZHlVM52jbD4Sqdp0ZjGRyLp4+B3oyAbge38VqZR4ouP3Ac2PeqV1lJAG4JZZM/JV9IxcvZ9SqD1+85PMrBf7Oa0Ay6Vivo6G3Nce0uiCZgDMvkkn6ucqztf2Khr9p0UgmmlYiq73gF419JqSnP7SW2VyTBieuTyZacT2q56JiWpLVxGpq/sVMcDBMOjLTE0PT6czJ/sUNyeSN/HzX6GwbhVcz3scSrUXJxB9NatvGB4el9DP1Qsz0C8b1N2mjhyeTwsmuNLpWODkuXJSMwkiTHCI/XSqc7PuMctKTiTHBjx5TNBglC2xMR8bW6V9PCsbkodj8aspy7mroJnUkk/PEqJKhhVpz/2QlmUj+8PwRu3SWCsbypDKl3gk1tp3bXZPkSb5vNtSnLO/mSAX6TNuj0K1opRUWwwm+D4QebDmhf/hijFqkiuQBdefwuLCX5p8MirdCsmRkJJI7ye3EZobib0ilZVIL0miKjn6Vt1fj05xsXJ1eCIZW6HoGY/LIUuEwMz+qmudIk2Vs5/HX6FQCVY1ncifH6qB+zGdoKDIV26brMfZ1S0q8fzyeeJ3VsisBWclflHZikdAW2+o1Rl1S8HzUhfsisxSw7q8zD4Z6Is3GQ3PRUCy1Q0Y29uTOxlOJGD2umCzs61M39o7JaCY+ng6G4oWTXL+s7wkM+En1hsmGGbn5Rkhd3isWD9OhQf1bHCS/mjk5psMj0m8n8iKZaJsLPj7hgc7gagbT0OkTrwcjmWy8CNODW2Q1d5lxSCYs1UxMfU8fEt8v6RuYDIbZfslynk8Gy92QTGgu4s33eMG49t4rWgYUz7QsmRhT6c7Y6dpuSibmzUFzMtlhn/bRkyWwcdKWTEhYNQ5MKkmDSxoLwHir7HI3JxNek7UmdDGVUlR79fdjuh/4iNah+ChnrFfhi0m9fGOOJnDzNiF0JVZpLMdqbIAi41J1MhFpYYzVoTmZ8Pc+OqDJetCV/DPJcu1kIo2s8eEuKKYplrf7xWxmjb7/hjYrP3GSiNCmdXLitSPqnKXxBXYx63tOz84iRl1S8HzUhXvjnDxxs6nshbGXrGYyMYYsLTGqkEwrFqDzYIdW2MVS5Z2aISXHb06WEQcDV6YwvJqJndBxNWDU3jVDK7Q3T5IJcZmbCsdtu3rbXcD8yeWrGfMoDdVal0zmh+iODvIvfT9rNJnwHnHsky2ZGDMSK/MSq040B12H1EZiNcWb0WdJJpFB/Q2Y5I2p70W3YJrNlVniM3P4Gy1LJnqBGZct5znEaNP19Erzse/18vnDZIutOpmIj+T4wuZkIjYHRaWRkY3WVa1kInpMQ6V1LmLNZFL5PFsfVzPxWPARPc5TBJLKMvQloOQvtYP4TGiTHoZaPerCvXJ1lFkOh0WQEP0imYiyCVinb5l/5G/imukgpeoVkmCznD2/OtqeCtLJ2/yDG9HEYtAxvEomnUjtU+Y39wt0l+IbvDxu1Lpkwj84JJuA9OPB6mRiHG5UVzI5SQYX6dmibcmk6uABJBO4cZ9JSZLDU0Z0sZ2qgbFs2128nEmcZelpBvW3Xn1TjM6GpZ8lZyVF5B8AvdIy0xPpYoofyNTsZHK+PFJ3MtG2q+fV2JOJONG/eZ9JZZl87KlimuBdfcgW3Ee8JEyD4Xl1Mhn2K+Y9bNXJJPZEP150I1QjmWibsYR5xs16NGLezwIdB8nEhdNdmR8B36vOb53arwWrFiYTOsPKmLcgksmD2BbbR7fzQj/cqJJMjC08czLhZ004mL12NtfsgWUuIpIJ3JBMzlI8ZnCVeacV1m278vbYXJzP3TfP5hoWs7lkfGwMglFpRyuB4CQfvpqTTA5XhuJsGk1xbUiuP5nQeVm2Ca72ZLIeFXsOa+wzsey7pqpHXbiH+m3JpGgc+2Eqm+rZXLZkQuqTH+Gp9tZIJqRut8xfcECGVpw7pKMhmYBHWplMtKkHxokQjNEw/2oh0EcPN9oqbluTiTY7SqcTBBdz5mSyFYuSzuE5/ZQGtmSimU6SqC7SjUckEwiYZhQYm4CVZMInGQoXL2csRwxT9m072Sg2PoMrxE6wnsgZ78mXuX72UYjvUdi8ZuhKlUqT2IQurVnJxBgh1Vf5/GK4/mRCCnTssX62m+Cf32jVyYTE7EG6QP9ovPLgjWXS4UnfQITvYBQxXj8E9FGYj7pwT1xsLvFjcX0D4TyfpV/c5T2kbKqTCXGVS9EFemmtVicT/eDevvDV62h1MhkaoOcoYm2Ffzd3YWuFV1pgZEksBh0DyQQ80opk0iT2z+oA7oTkp+cG1IxkYr0SoJP10xPS6JdjTzAgg3AujVS+MsWHI466AJIJeATJBOAa5/Q0rIoq5q4gmUC3UfsU39M4O25zTXzbGAAhyRP0RP/srP0NfgketBUkE/DIPU4mAAAAAHD3kEzAI0gmAAAAAOAAyQQ8gmQCAAAAAA6QTMAjSCYAAAAA4ADJBDyCZAIAAAAADpBMwCNIJgAAAADgAMkEPIJkAgAAAAAOkEzAI0gmAAAAAOAAyQQ80vRkclUqk/WgoTXQ8oWbC8wZyg+t4ea+/C4+l8hKqteMhubc3Nceh/JDa6DVWX5IJuCRpieTOkscoNpP51f2rltC+UHD3Jdf7ujs/HPJ3gtwE1I2F64rh6wB5QcNqLP8kEzAI01PJmQl9i4Ar6D8AKAduR+73K8BulY9xYNkAh5BMoFOgvIDgHbkfuxyvwboWvUUD5IJeATJBDoJyg8A2pH7scv9GqBr1VM8SCbgESQT6CQoPwBoR+7HLvdrgK5VT/EgmYBHkEygk6D8AKAduR+73K8BulY9xYNkAh5BMoFOgvIDgHbkfuxyvwboWvUUD5IJeATJBDoJyg8A2pH7scv9GqBr1VM8SCbgESQT6CQoPwBoR+7HLvdrgK5VT/EgmYBHkEygk6D8AKAduR+73K8BulY9xYNkAh5BMoFOgvIDgHbkfuxyvwboWvUUD5IJeATJBBqT2/3e/OM9edbrL7+pAdXe1QIBv2Lvgqb4YCm/7+t92gHuqfrHruu4XwN0rXqKB8kEPOJlMsknZiRZkcbT9iugDb2Pjf4h/PqHMr388OFDfuHOXVd+idUUaZJ/gl/YObIvcEtFya/IQ1GyqtCQKoeuLWkkkxYpvY89/GOYXvqwNBp8+PoH+wL3geRXh6ZTO6tLPgx6cJPrxq762dYQkJXEbi7yVJX6ouZ+gGr1lB+SCXjEw2RSUl+dzgaRTDoHCScPmXsSSzSn8qMk/6S4PMYyw8HcZK6cXR6flGQ1X9aSoUmfrPgeL+gLfUqFnkyQEDL/tihuSIR6lbzpx+URZYtdIOvMrS6Q5QPjycwl7WHJJD8/JJY/lwaXjNuBKyycDJF8cj9jifY6OpvVL0YeIaDCDZzHrnpY1/AmMKfX38HsJN50wVk95YdkAh7xMJlQSCad5aeN5394ODRr767CA4wZqTf7Qs3gXH41k0kkFFZj25lUrP/FG/oJ9+HxcJ+SYcsESUp5ulQ4zEhy5YaEbN0TcpGIRA7oBbJO36OFwkmun9yQ1TnfZ3Lxcmae76U5SwVj5lADrvzh4cPZtyV7bxV78T18aF+iBUhpJY3LyXElZ74OoIrz2FUPyxqy8bF14/J6dPawcg1AtXrKD8kEPIJkAo0qkS28P4Rf82ld9iurkALzYLvQufxqJpPYSdW1+pv6m8C8vj2582JiQ7+OMq+HMjYC+Dqp9ShfRszmkh7EyL+xJ8qFvgS4xSdxkX/1aV2OKqGkleVnRtIIi6uUOaUA1OQ8dtXDsob1yi47S0oBqKWe8mt9MjnaVkNR3vLGTIyNuRjv2fh086dQ0BmQTKAxQ6ZJXCSc/Omvxgb+9Xg4sfc2lXP51UwmYpPRnkyy8eH4ceFEb1fGYprjPhO9qyqZzA/RTCL1LugLgBuf374YqhxbQqd1/SluWaAWL2OJhn0mcEvOY1c9sM8EGlZP+bU8mZBBU/IrvM0aH+z0y3qPmJ4IHQ/JBBpz0tC5uVZbM4lLcC6/2yWTcrq/8qmjRfVxJnz2l0MyuXg5kzjL+p5t6wuAS0e3PjcXH+Xsva2zuSDKZ+qBJcoCVHMeu+phXcO22JDbeTGBN11wVk/5eZdMrCGkVKvztvI4xLONIJlAJ3Euv9slE00b7lOkgcjO4f78i4ixFMfPzRXj5+bqf67nDYdkQkiyHmCgS4hzc0lPMJkLbuA8dtXDtoagODeXfPN0R+hy9ZSfJ8lEVodDM+T9dezVKesr+WgsUWXZVTJJP1dDT/D5UNvwOJkAtNR9Lj/Jj+0DAKjN/djlfg3QteopnpYnk9z8pLpeFGmEXCi8ivKUUlyPiuM+b628rfYqhcVw4sx+DdxPSCbQSe5x+WWl0ZS9DwCAcT92uV8DdK16iqflycSEhxPajJ0njUuMKmy39bk0tKJ3rUcjc5Pq3FqSzWOYDSpqLJWILUjB+AE7fDbyaCKxuV/Y25asB5WCN5BMoJPcy/LL0UmMD2zzwQAAKtyPXe7XAF2rnuLxMplomWn9mBPzyWcaE/Qrwy/pxqvPP6F3rUfN3z8qZnL7jCWF+SGcveQOIJlAJ0H5AUA7cj92uV8DdK16iqf1yaSsb2LySVzDoRljWhd10eA3Ou/zhMNbmq/EfFJtje4YqTR2JHRudUnu03vE2d/BM0gm0ElQfgDQjtyPXe7XAF2rnuJpeTJpxRHw6Weq6cwz+9Join6nmCWZHEtB61nnv4+Jb0ReHkEyuQNIJtBJUH4A0I7cj13u1wBdq57i8SSZ6Psu9P0kmrH/RGr0rMHDsuVAEckfnj+yJRN6FsXKD8Tr6PAr/VsdgzKSyR1AMoFOgvIDgHbkfuxyvwboWvUUj4fJRK5EhSI9B3/DySRfOeqdiT1R6BebWJOJVj4NDKj0Lsbj6SPaMRakP/oGI8UE/xpl8BSSCXQSlB8AtCP3Y5f7NUDXqqd4Wp5MtKNtNRTlLW8cVbIxF+M9G5/0/RjQ8ZBMoJOg/ACgHbkfu9yvAbpWPcXT+mQCwCCZQCdB+QFAO3I/drlfA3SteooHyQQ8gmQCnQTlB3fo/DOmG0CD8oWb316duV8DdK16igfJBDzS9GRyVSqT9aChNdDqGRydofzQGm7uy+/ic4mspHrNaGjOzX3tcSg/tAZaneWHZAIeaXoyAQAAAIBOgmQCHkEyAQAAAAAHSCbgESQTAAAAAHCAZAIeQTIBAAAAAAdIJuARJBMAAAAAcIBkAh5BMgEAAAAAB0gm4BEkEwAAAABwgGQCHkEyAQAAAAAHSCbgESQTAAAAAHCAZAIeQTIBAAAAAAdIJuARJBMAAAAAcIBkAh5BMgEAAAAAB0gm4BEkEwAAAABwgGQCHkEyAQAAAAAHSCbgESQTAAAAAHCAZAIeQTIBAAAAAAdIJuCRO0wmUjDO/t8NxLK2q5ooOa4c2PugS/kGFuxdN9idGlDtfR1bVOkxv0L+K8QjG2f266CZsvGxdfp/a//U2XiAPaF3LR2Ys43wtV9WlPGYt/6sduJL7J7Qn5GhXlV93cz3dOhsSCbgkVYkE8k/ObV1nNlMTY1MSgPRZNG+AGckk2Y6mA9LD8KhWCqxuhZ4sKB17EYkXCvgn/A93678nF7w9SpV20a1HGUSq6RyUpJ/gl+wL2C4sah2XkxU36P0YIav1mHN1cSDSbzOXtivrNdsUCmcHG+spoIPFOnarVU9mYALWfOfOjBvrwGdkUyaSx1QJFldJqUSWxqK5VuaTOTBidhJ5cf5IVJX0WSlw0wkk8zsNX+PilY+5m4gPYoVTvbTq6mhoCqH0varddVZ0a2g+Vk7S/VP7/OLZLSRHsT4ZT6OzY9PTLELB63L5NAaSCbgkRYlE/EOdLEe9RljVujJBBmnfMGovpieTOgomY+Fl41x6iIRmT8i/xe3YlGyfDDMNuPoO9Zk/tUC6VF7Fd8zfdMzMqiYNtf2pUF9EBTIRmRmL0nv97F+v1o5HxhQSc/sWz0zSePp2VH62DLkXt+u0MGUN/YI58fDbHgNG6uEe43Uifltcsivkg1u/k5MNp40VhJS6I36mNbA8t6lWFIgBWxcrGys62UgqzlTMsknZsbWaRWRWg30kWsn8mWyARYXJWSsh7JH8U8pn6xIfeGx2C77OU22Votv6W3NS5keDPsxGE+GJiX/TII+8FJwUCUPacsI//lXMXLzwPiK6OHI5rLpp6w0uMQuFOljFi8x45c9mJskm5jkVSa/yPAbTD2wvITnbS+cwaVULMxes6zTPxHRb9eFaDIRP5DLtf/URjIRf2pxkxv/1JK/9p/64uXMUML6rLOt/I0XtG6DL94UyrSvuLdGq05WAyH9kcxmS4FevVaTYVbkrLFHyAqMVZR5xRp9PCnyYMTzLA2tGMmkstXLfzvRQ++XrjlaeVnRez+VWf9YnG3LGsnEFP5tRU5fJsMPFLHtC2bmQSY5rib0d1X735A/IwH2LJNUabyHni+PKHnyf3GXP1mhV/Qn8jwelPN82PH5Kzu7+k0jVWExbLzpH8eeGM9deiGSyZvWTxlVAe0HyQQ80upkomnbIf6+e5T0PV0qHGaWQxOzByW6mCmZaEcrwcVjfgMyrpHhMP2cjKQTuZPjoT6FDqcsmcgD4cRqKjM9IfUu8IX7TQMlWSYYoyOpGXmH8/VOkvWog0qSD9Pl7anYdmEvLckzfOCWlHj/eHx5NUUG0ICs5C9KO7GIPgSXt6XBaOFkf2M6wrdB4Z4jdUJKSLwXku2nGsmkT1Vj27ndNanXyKsmNZLJ2RtpILyRepOI06IVm01G6i6RWlXjmUxqyTee1i6Lw36l/8Vu4UQvac6WTEilJXZzG3Mz/TKrcC09PBsP9E7a9qhUJZOYPBRLrGZIoecXw0PTafpbBOMHbLtT8qsZVuq2+7ImE32d5CVGHnPlJWZNJulnqniV6a8F4yUsyfpD4i8cujPnLGW89M7JRqr9RdhFLMmEbK7V/lNbkwn5U4sPt2/8Uw/LSs0/NanJNKuBCraVL48skeHLZ7wE8oszpOp24lFSdXyZ0FyU7WRO0RX2zVyR8j1MS0/o1iMvMF5RvMAEkpR8IheVt4dfnt+YTArxmamt48JJ0ZxM+gfV9N4x/U2NHlsyMRc566Avk7G5tY2Dut6Muo3lhb+5MLZO32qrBgpLMsnHwvrur5Mk/0wn1Kcs7+ZY2dBqJM/j7LjKh53IYKW8xfhAna3pzzt5KzcSS2KUfthn/thRQzJpZ0gm4JHWJxP9PUblb4R8AZluDlqSCb2V/lkgCQx8mQ2+NBny5nPWvfz0ox226blt+eRsPVo9W4C+YesX7buwx/TPBfXHwxm7nrORR/TuzNsZtm1EuJ9IMtHKaX3rLbNEiqpGMjHeU2vOX6pOJrYte7KGrfWorCcKLTc/qdcq3UVDlxT3aCY+jWbrT/eLYi2n2d6JNNnas9yAEbcyfoVKEYrLUw/oXiDtdXT2kHdkxEfvnO3x85dSpez5S8yaTDRtX98KKfNX2RvxEt55McF/X/MLR/ZPaGxb3PiYtjtZkokYtex/amsyIX9qfSdwPX/q72M1/9S2p5gyjZnkjnjxC/SDcL5MpVDTQwl9hCejMftXFFuGFpgJqVW6TvY6IhugtOemZGIanyvJRHwgRTajQ5tVyeR11Fzk/LY1XybAWT+SYH9569+QPY+WZMIjrsan5I2SgJoTz/VFIkKGFJpMRI2crelFsrlg2zUqsbKk+wlZrGU9/H6PjT2HFJJJ+0IyAY+0PpnQt+oDNgiatsxqJBPjs8A8GxzNm3Fsm8w6//ji5QyNMXRnseij73z0vc3KNCvAeIMsnwYf0ZkSkkgmptG836/kL7WDuL7beszysJFM2gBNJlqJTzVJP1MLppxQSSbGM15nMrEtRnfE0dkOEfGjuVz58jWSSeU4kzdi25TJso0te3LmxHEm/ENi8/al+U71LUXrwxCq9pnwTcnKwuyubclEy0xP0I/h+auMvQDF8nwB8wuHxxjbzI3uY00m63Q+qlb9p7YnE/rxc91/aj0x2v7U9PgW049UrWRylUvLbC4raTyZmOqQ7jOhyxxt841L88O25QH6o/HpeJANlY0lk8q988vWZFKrpGu/TICzJBMWO21/Q/NQYyQTjQdR8mwOvySDTNq8PHnKrFmCx5gSGVptczbHWJwm6zTy7T4PPBobxMRiSCbtC8kEPNLqZFJMRCS+iW/aZ8LZkgk9Utk/mY+F+ZwEyT+TNM8fsCYTgs7Ssa9z2zaJRauVTMRM2cq4bLpV7KlyJX6o2qSD+48lE7qh7Hu2zT/TdZ9M+A40QS+qoj6Bgb7XWue61E4mluJ8U73PpPommuXB8B/NycQaldejEaPWbSxlXM7wLQbyEqt0UvZkQj8mGE/rR0GU01UvN+tvdJaiU3rMEzy6kSWZTA0qtf/UVcmEflzt7k9dWAyPrVvH5xrJ5FhsLG6EqpOJJrNkItgLzIQHFfYJ0T7fP1mdTHZeTNyYTNjOOqbmPhMa7WyPofbLBDhznSyPsAl+1/8NxTsgiRkHWt44ejMrKZYJpbYsQYMxXWfVgZfphanvs9IonRRNf3qm8iPdSZt6ooj9e0gm7QvJBDzSomTCz82lDqnSo1iaT3k5SkkDkZ1DetqQwHO6s9ieTNhntHyigsbe1SS/ktjcT8Tj9Aw3VcmEDLt874pZMkTuMTLFpk2PPVujPVXJZFhWNvaOE9MRX61ksvVc350i9U7QB16mU73Te7mdVCo4aj8MFO4hnkz4B7p8l5r7ZKIV06R6M4eZjdWVnKmokorKTj1XIgXTH1rJ7b5Rn9AdKSTfSn0zhRPLQbq22DzGJnOnY3TGPz/Mo+Yml0Myyb+ckUeWcnvbUyOTode0h5T0ciqTWF0hPWIxzXRurn529DPvJC8x8pgrL7EayYS8WNTKq8x4Cc+/0HcW2X4jWdb/4F2scm4u8qceWqxso1v+1FXJhIYN13/qAHty6bm5Vldm0zWTCakflR905+tjp+W1JpMgOxReoucLWdCMAuMVxQtMMHah0MrnW6JGMqHHXJG7iDxV+wetyeQk6RtdK+zlzMmEPIwN5+NMTEXOOmq/TIAT5+YKDij9Yf08MVUDhT2ZaNq+/GBCFBRJ1GosRd71lueifM+VJUucrUky37tiR55EcbCTNbrkRSS2rw3aB5IJeKQ1yUR/e5MfR837H8TZjabW6dzi6mSiZZZME1Ivc6v0RENS3+TOWY1kcpGIqGl6eJ/V5dhjlZ9XJPhnmn+qkwk//VH/aJxsQ1Qlk6JvIMI/5lmejgz9hT7OhHG+GnWxalsA7h89mbCDkfgT1oRkYqregrmoiikf+3yR1Co/i1EwxN52P6XUID0Zjr4axr5D75SdAMd0bq6am1wOyYRsBY6xM4wFRpaSR/TnwhY7s1yvSnpMi7HJ36yGg+G1zKl41Vzyx6y/xGolk8SoZROE/xHkx7U3l6cesBP7dDWaTMSf2tRv/VNXJxPtvAl/6tPMMh+sZDVmzArj14hkkgzRBdTV3NVrutFpSSYHSRqf2OhHossW7dILjFQULzBBTO6Sjbswkol+F8Nzu8XNBUsy0dhJwOiuHtNsrlf5fhaHyEPiPbZkYi5y9mPtlwlwvPbon2vcXDC2gaI6mdAbVha/zPEnxfcofFEjS9D9dfbTLTCms3Xps7IFMaGram3QNpBMwCOfPn1qejLxxpjpVJtN89p0DH15V5w1FQBuxM9dAR5oxZ/aPA+tGI+Yz6fUKq35XhdoqYv1aPX+OugGSCZwB9olmahsl0jyU/UOkyYIPaHHC/oGJq0feQLAtXLzk5LMZj9Ci7FdIi36Uxf5Fz1JsjqbYnswWg3JpN3QHS/8m3Cg+yCZwB1ol2QCAAAAAJ7xLpn4jFmJ5mZfCLoDkgkAAAAA2HiVTDJLJIcMh6KqaE8mqk4wdyulQmZNP/44FE9bj5lzNhukZ6pJfn8u+dXQW/u1TSHJ+tGEUBOSCQAAAADYeJVMjO+BEuipWoPx5ItYuqGj3+g5W/3K2IuVRDzukyPLt5kMWznFhzzRouOrWnHUYCdBMgEAAAAAGy+SSeEvEX4sXWWHSYgGlanvSUgI0y/Yvq2jFWlk7TZhxMLdvppr+Vqz2o6EZAIAAAAANl4kE/5NdrYv+yQ9aXbq9Gu+StjJwdwkSTXVkuwM6/LjhUTukvdIwZX58TCd9NU7UShr2tn27Ij+lRH0WuMbxAtb9HsnjBbVtLQ4h7rppObp0KY2PKhKT+g5sq9y6f4+uvzyHr2vjWf0PEuk8fNni68CIPcu99IzkGwZp/Yf8yv5V/TbM3ymx9ltkEwAAAAAwMaLZFLz2HeaDbLxmgHjRrNB8dVIFflYeOp7vvWfjz3Rvx+UJxCmKD2I8Utin4mRTM6NL93LTD3gy9dOJpLf8nVmHPntVPadteZdMTyZpJ+pYppZqE//viqSTNh3OWva25iYV9ZtkEwAAAAAwKb1yaS8XZ1JaBtZI/nBvnB9yA037H1ayPx1eNl4cJF9+bfpa4zF5apkcmx86+0NycTyjbCnu4EH7IzsxpebVieToDl4rEdDm/R/01dBV771uds0K5nkC+dkVWhot20Xn5vwHTUoP7QGGikb9+WH2kNruF2Van2t+i2hAruwkSedPPUf8ycum72YqrQ8mRQT7CCTqkaSw1Cj2+U7L2ocue4imdD9HrniZfrFpCTzq25KJrtL/bIyn8oUTo4DSCa3l21GMiHv7ueu3+ChO+WOGjrzhgnKDxpDysZ9+f10fmXvAqgP3750A6NfdyJPOnnqq5PGbZt9vVVankzGqjIJb0WtJI00/NXXRcmvDsX2zV35xXBos3o2V13JRO2zTdPKSkMrfPLVwexkdTKZDSrSI76bpeSwzyT9XI0Zx/ebZ3MZSyGZ1Gj1JxOyEnsXgFdQfgDQjtyPXe7XAG2KPPXVSeO2zb7SKi1PJmqvUvOzncLqTOzmh3e98mkmHtO/z+TPbwqsbytGT/klP15Y3tMP76gzmUSCRmSS1TyLNFtzkX79yPVsdTIh977xgh5JHwilph7oyST/aoH0xA75mvX7SoTDfD0bnypHwPMLSCY1G5IJtAWUHwC0I/djl/s1QJvqkGRSTNPt9Zrtwr7sHSlnfY+iidUUafPhsO/5tn0BaDYkE2h3KD8AaEfuxy73a4A21SHJ5P7bCCk74ody1sUcM6gXkgm0O5QfALQj92OX+zVAm0Iy8Uxp7DE9y5ZvYDIYWrFfCS2AZALtDuUHAO3I/djlfg3QppBMoGMhmUC7Q/kBQDtyP3a5XwO0KSQT6FhIJtDuUH4A0I7cj13u1wBtCskEOhaSCbQ7lB8AtCP3Y5f7NUCbQjKBjoVkAu0O5QcA7cj92OV+DdCmkEygYyGZQLtD+QFAO3I/drlfA7QpJBPoWEgm0O5QfgDQjtyPXe7XAG0KyQQ6ViuSyVUupbKzP6urOd5TfLtCTwb9eEEsM/VkgvTMvy3qP5++8cmKLxit9ADUx/7eXD7t71Wk3smx2K6lH8Bj5fyyos5m7d3QhnIPg6Pih/AfH77+bLqyUfax6/Zsa8jsfeTt3cGn4pX5GpMfTt4f0f8zBzdvmN7o9OPhR9Ob9qfsR7FS8jCMiz+IB8ab0Q+Nuy6ZBH7xs+33mZ/9Ish//Nnf/b56GdHsK62CZAJ3oBXJRHoQ2yrTC+ln6o6mxZ4oxpdmFqUnSfJfZnpimY1lyyOKNES/uEaSI3wB0pPnawGoj638+v0Kv1BMRObZGzDAHfi0Jg0upBNRJJMO8cNrEk5i70sklpB/7dc2pAXJ5FBcPtj/eFoznBjJpEnOMu9PfjR+qDyA89P3H47MoYXc8d5Ht78vCNclk//lZ/+R/Pv37N8//+//03bVAuZmX2kVJBO4Ay1JJsH4AbtwMDe5oWljfiW4eMyv8vnDmpabDerbjtqrGYn1SONp0RO7+cUCUGEvPzmqXyqnROEBeK24lrnUtHUkk85BMsnD4JB554lLLU0m50dHB3m+Z6e0f0D3VByfsZ9M+0x+PPyU2dM/DDzP5zN7n8iFjx8OycLZozOeazIffshlDzP7+ffvPxoJ5POn7MeCfpneae4HfvFc7Icha/509sM7SzRBMmmm65LJ/yqSSer3f8cuOzT7SqsgmcAdaEUyIcFDksMXp7vSAN1GnHqg+J5t86skv6KdrQ0Zn2prJ8kg6xl+ZXwEdZIcW9cvAtTDWn7nkpIyLh9XEi/AnUAy6SD1J5OHVqurq/YlmJYmE7o3g+SE89ODvY88Y+zzaVSW2VznH9/r6YFcu//pvPDx8BMLMEcfPmb26Sc7GePm2pWeNESG4UhK4UuSNCKSyDt2XzThHIv9S0gmzXRdMpn43/5HPpvrP/zs54Gt53//aOs3/+ln1YshmcD91YpkEnmsSAPhjbmoNMDnaF1m4lGSSQKhlOyfQDKB5kIygfsLyaRTVCZxsWld9qurkDTCY4n9CpMWJ5OfSPY4/Uh3gFgO8LAdZ3J+un94RmNM9pS82b+3HBBC12Y+HIXnDZJhjL0xzNUP71n/njiA5Pw084HuRjnJHYp9MkgmzXVdMuFt71+/+nPu5OO/fvUyb/xbq9lXWgXJBO5AC5JJkc7mYseZJMfVBN99bJD8JKukx0QyycYD9HI6MGe8e2fj6mtjaYA62N6bSfmJa6TQG/NVAF5DMukQJ7Yj4N/WcQS8w94SrrXJ5OoHEg9YMskXi+e80X77EfClzPsTrXjCd26QjCEWLhYvTItRH99/PKf3cnRkOYKldPSBHvhunRhWfbw7kkkzOSeT/+M/sP0kSCbQjlqQTN4EY8ZnJG9joc3KFcX1qPqari0fC+MIeGgW23sz3QvH4Ah4uHtIJnC9liaTvb2PpxrdfXGw99HyCaE9mWjZvY+5Az0/FD4e5n6wHN9vOYXX1Q/vP558oOu1+XHvw9H7I3bD02O+a0W/4vCTsTySSTM5JZN343//rzl2efbvH2cwmwvaTAuSSUmS1aHpdOEkN9Sn0J0nZ9nM3nFu943kV/Q5qOVtaTBa2NuW/Gpok45loT5lfnN/PjRBekyrAriZ7b05/VxVY9vpWLRfNnbNAdwVJBO4XiuSSbF4/il/8v79YeZA/2Dmx3z+Xfb4h9MfPmRZbqlKJiSNvBOR5qpIVnJ0enb48Wg/SxewnVw4s1c59t2M9PMdKWwGl+kzIbbrhl1CMmkmh2Ty8v/6j38zLv/d//Cz//kXfdXL8GZfaRUkE7gDLUgmAJ5C+QFAO3I/drlfw22Zj32HO+SQTOpv9pVWQTKBO4BkAu0O5QcA7cj92OV+DXX7XCyef8za53rBXUEygY6FZALtDuUHAO3I/djlfg11O8sdfMzs4zjQ+wLJBDoWkgm0O5QfALQj92OX+zVAm0IygY6FZALtDuUHAO3I/djlfg3QppBMoGMhmUC7Q/kBQDtyP3a5XwO0KSQT6FhIJtDuUH4A0I7cj13u1wBtCskEOhaSCbQ7lB8AtCP3Y5f7NUCbQjKBjoVkAu0O5QcA7cj92OV+DdCmkEygYyGZQLtD+QFAO3I/drlfA7QpJBPoWE1JJvnCzcsA1HT+2e33dqH8oGHuyw+gYe5zBUa/rkWe+uqkcdtmX2kVJBO4A01JJhp7kZBVoaHdtl00Y9MQ5YfWQCNl4778UHtoDberUtleT7eHCuzCxhNpddK4bbMXUxUkE7gD2SYlEwAAAADoGEgmcAeQTAAAAADApuXJ5OL1guRXrC1aOMjal4NugmQCAAAAADYtTyYHc5PVyYR0yqG0fVHoGkgmAAAAAGBzZ8mEXCjal4VugWQCAAAAADZ3mUwaDyfZuDy+klhNJeLxxlcCdwfJBAAAAABs7iSZKGooylskdWy/QT2y8cCccaTKQTwwn7Nc647PP2nvgmZDMgEAAAAAm7tJJqJVAsatmJNJtpJM5sfDZJ3Dc7sFdrbu2aBSeL1E70hWk5/E+eNLwUcqTUerRp5Zj6a1y/5eJbj4buOZ/miTphXKj8JXxo2hKZBMAAAAAMCmzZPJZTEg67O50s/VJLuUj5E4MaGxZDJ/pN8iKCv0v6OVoJ9dIIsthkObLK6sR6W+qL6cpklin0k2PrYuuqGZkEwAAAAAwKZdk4lYQzCc4n2hXj1y0NzC4gfdZ2LcYnlESWtaYTFcCR7ltO/5Nr2wHh1+WdkONi2wLQ1WEgs0EZIJAAAAANi0azLRb1hc8yl6Mgn6lcLJsWgaSybiFgezk0m2X0Xyi7CRlZ4kaXRZj86aHkUlmVCl+XBYknHkSZMhmQAAAACATZsnE02bGlR22FElJHXMHoiDSSiSTETk4HtRtKOkPq2LzeZS0/psruuTCcVTDTQRkgkAAAAA2Nwqmfz/WZk4Vnf5UHoAAAAASUVORK5CYII=" alt="Screenshot" width="100%" ></p>
<p><img src="data:image/png;base64,iVBORw0KGgoAAAANSUhEUgAABDMAAAIGCAIAAADGMlPIAACAAElEQVR4Xuy9D3BU153vmdqqrVf1dmuz79Xu292qqVc1djIvmcy/ZGYyebObfTuynTiZGTIdeWTGED8YjxiDjQl/4sCQCDvCpsESbQRYWAIr/NEf1EYIyxIgEYEkrJYAgWiQJf7oHxItAZJagta/RtLd37nn3tPn3ttqSa3uRhLfT32Nb5/7//bp1vn0Obf7K8983DybeEfGH42ODz2e8I8r4xPKxIQCnk48PYPmIgAAAAAAAEIyNPz4mgpNfMUqG9PPi85OmAngwEwAAAAAAMBMISe5pEITX/myZ5TS2BtIk5obvaM3+yj+W32jzV5/64C/td/fPuDveOi/++hxt+/xvcGx3uGxh6qWjIxNPGZmAi95eoGZAAAAAACAmcK1hPOVln4/D3MPVT8obQMkIY/JQ+4M+DsfPu54+JhsxON73KUKyf3BsZ6hsb7h8f6RsUH/OGmJf3xibEKBlzzNwEwAAAAAAMBMMZhJ7zDr+uAh2VAz5h0Z99K/+gQZyMDI+MNRlkej4z7/+ODjiaHHE8OPx8lJHo8r0BIAMwEAAAAAADPFYCaP/BNqxrXo7sEzyP9VPYSpyBjZCBu7NTo+MaqO4FK1ZGJ8YgIjuZ5yYCYAAAAAAGCmGMyE24WIPxA2Rot3iaiZ4BmbYCqi2gi7sYR8BE4CFJgJAAAAAACYOQYz0ewidNQv3ZIDgAmYCQAAAAAAmCkGM4F1gIgAMwEAAAAAADPFYCbmmQCEBcwEAAAAAADMFJgJiDwwk3nK6JjiGRy/64tAvCPocgUAAADAzICZgMgDM5mPkJZYBWM26R2eoG0CAAAAAEyT2ZoJtTw6H4419jz+8oGaHpExll4pfSw3vOOP/PgwdYEDM5lf+Mcj7CRy7g+Nm/cHAAAAABCMWZmJb3Ti99O6n9l975k9957Ze++Zj+4/s4/y4JmPHzyT0fPMfpavZ3p+VvpoWenDr/32/rOHvc8e7n82u/9M52PztsACAmYyjxgZm7DqRMRj3isAAAAAgIVZmUlazaPQZvJfMj0vFff2jkwM+sdfPHZPmMmzOQPmbUWItRveXrzkVYp5RkThu4j2XuYvMJN5RKRuLAkdP9wEAAAAAFMxKzP5/Q+7QpjJNzI7yzv9A6PsN+EnlInekbFnD/cJM+mLzg2yf/PCi7//9W9SzDMiCt9FtPcyf5m9mTgLyuRUtPHiDlN5v3GtCGJz1JqLZsHq+E3morlB/2gsOkx4zPsGAAAAADASRTP557I+0pKxcWYg9N/A6PizhwJmEqW7TWAmc4HZm4k9Nc/x0TEtaXm59by4we5w6uXOFEdep3GtCBJzM/HY4hNfz242F6vQLOvxnNiUaCpROo+zJXmWrMkuazQvYCTit7yHDu6GBwAAAEBoomUmr5X1koqovynPfrHRPzbxyY1ReTSXD2aycImEmRQGHtSXBcwkv0Ev9ZRmLigzWZ2euTF+lblYUfznUvemBDET2/qkrNvGos7jTvmK+JttCcklPVKJEas8RDuQEwAAAACEICpmssjZ3T2ojuFSGRufONE8+nXpDniYycIGZmJiWmbi9Cj1mScsIvF6fLLLYTYTb1Fy5bBiS0iVC81moihlWxNt648biiSs5jCbfPWEz1poimcQY7oAAAAAMClRMZM3Kwa9IwEzGfFP/OTTu88e8sJMnhLmjpl0OJkS+Ltqly9bZYtP3Hig3LSA93b58iWJtvhV24vccrnBBNqPrytsV6dqqenfUnYwIYGNmFr+dlpgGZWyA8l8MNW6lGK53Ggmg7bX0qWHHNVMlGbrgC7b1nKLmXica9lQruQE44Aui5mwFdcGN5MQX8lVe9b71Yw+lk/6invMcyfLdMzkLu42AQAAAMDkRMdMKodbH06Mj2tqMjA6/l8PdcJMnh4iYSbHai+5tRQXBcwkq0Ivv5D70bTMJGFxUnarX3s81rw0PWAgtoSkrEb9UP3NtmXpdcP6LGECvtrlacIKahMWr/JKQ5Js8cliel1Coi8wx2+LXyMeCDPpcCbZFieJcgluJkpyvEE2vEXJ7jFVMCQzcaevsq3MYVP1mdmtojiImZC68M1a6R0OZSa1+vRXM7zWBYIGZgIAAAA8QTrPFNaZy0LRf73CnppXYvpE1HvFeV1vDHE8Lt4MSzlwYcp21+yJpJn85cetPzrY/Gf72v90f8dvG8c9PlVOVD3pHR773pG7oc3k7U2beXP/4qU60fSnbE/Z6ffrLUtF+cGP/k6eS7G99LKYazWTZ/7gD3nJd//6+21t7X/87b/kD19+5Wdf/+Yfi408/8O/FavQMf/20BHTXpLeCbRBRSF/ODY2Ji9JD8WSTyezN5NIQWZS4jWUkCTw5jvNchmfqJZDG2wr1Ba/MJOx9oS35T6H2qUZhq4VV4ouEp3Hd9bIcxTldo64D4Sbia8mbWfNZFdGMxPTgK7XVfMxmQnpkFjGliD128hmMjyw/a1VJbynJxghvixYmElLp+/Zz3Xf8Piq7o1W1fS/fVtb7Pcy+mq7RnIvD7aoD5mZPBr6vRO+JssG5ZiPAwAAAACRYKZmYk89bS4Kim4msSFiZvKNPXcONoxUdYzur3/0h5ndq849qrk3MfxY6zmhtn5q3aNpmsm3/vTPTVbw0stL+DI7UhymWTzp+zL4AiYzOXa8UCxDWkIlwkyse/k48wBfi6TFNIvn8hXtmREl/OE/J74uSpa9ZvnGpKePOWUmBpOQzISkIuC7nIvptnitQ0M1gUGXY02HwV5qNxYbfoqHnEGbqk4rM37EoCh16wq1/gpuJusSAr0oFnQzMQ7osm2rUsxm0mzbWi6O/HW5j0X+bq74xL1OeQCYGasziARGcx3wWjRj6HvnhtWJkf9UbOgkITPJPdF39ZF5a6aYjwMAAAAAkWDmZlJmLgrKPDWTD6+MDvnVny6ZUC54Rr+1/97Kcw9ruifu+ibUjpMJ9q3B0u+ZhDATyvLXVmzb/oFsBbRAtatGLjHlqvuaYjQT0VtCud2stfaEmVC+/Rffe+c3W+WNmA7DmseP2a/Xyw9lLXnlZ8vE6TzNzCkz6TCWCDPht2oY6Dy+Wm/o2xxVtmXbktYnmszE1DEizMS6I7oMQidopzuXJS6VxndZEGYSuHvEW5Tcok7IZsKGckn6QQkM6JL7THzlrx8y37IiM50+E8rfZ/TxiZY7vmd/y3Tl22eHWEnHwyVXDGt99VDfVz/pt27NFPNxAAAAAE81/n5vH6WnvuzwZTYqvKfqdG1z921X2e5TasvC4yo4U1ZQ4b7dq9Tl59nzXLvzXbXXqc3QU5FXdPt+X3XBsRL1Z980M+l0OQrETbkSDRXljR1t7vP2HPeIotAe7amn6V+aQ5stzXRWX2LlwkPSHXlX7/T1329LSXPyEnumyzSaa3fRTWOBP/2U9gt0YRMxM8loGOsd1sZu0b8Xuke/9QmTk08ax1oGJrwjE582+6fZZ5Kde5SX0HZEo7+js1M2BLGWKPnaN/6IHsa98CN5MZ4vG5vE8sJMyFt4yc2bt+TNiulv/cl3xFr/EJ/AC8lD5GXkDA2ZPzN/apm9mUTwPpPJzGSKPpO12rAuo05MaiZT9ZmoXwc81m5bf9yoOoKAmSjX1LtHbucs129ikc1EvrNFZdD2aqabb9N4n0nWykTjQDYD07zP5L+pZlJ7zvvVDNU6Hvk0M/ENW/tM7rY+/N45PnfSmI8DAAAAAMqYfZd5bBWZAPufx5V+RmshMDNxWDs6PHwBZiadF+wHLpjnG7GnlvGuFdFnQputE3+fuZmMu3eX6s2SlorJzETxd6QcF3Lit+87K80Lk4iZyYZzw03eicf6jSUjYxP/eqrnu0e6Xit/WNw+XtM98S9nBqZpJu3td0ShaPff6egQ09///54XC3znu38tyhWpz0TkT77zXbGwIpnJ3y6yiUJ5C2L6ffsOsYDorvnuX39fXkZEvtcFRMJMIvbdXJOZibeYffGuTJD7TBTFnbGmLHBj++Rm4i1NPmc8a8t9JsTGhMRJujIkM1Galx9qZn0j6lAuxWAmzaJQsDQ+Udu10Uz8F9O3V0/6RDyc/NffyUyKu0audo3U3nj01U8GWGHDwH/K6Gt55N/q1PtM9PtMCqp8Z9SH6h3wj7+a6d3a+ti6TRHzcQAAAACg8WxuvdbaeNzd4NjjtKfmCTMRg6mYmfBChr/b7XLsyqMlhZmkpOUV3Ar+Cagy0Lb7I3Wzwcwk0Hzgu5NHcOnTQcxEUUoy89hoIsXfVlp4dWCSXc+EiJnJ13bf2Vbrb+6feMTGdLG5JCevfHb/2QMPvrH/zjf3T/3dXL/45b/xVv6DB4FbgEXTv/3OHTH9j4u1204IEgxRrgQzk2/96Z+LhQlxe4m8EXkLYvqT3x4SC5As8ULeM2PaBeUnP/1HsTCYF2aisNvHN2TUT/XdXKpO6JOTm8n0vptLUVXHJS2nI5sJG9BlW5nDh3IpkpmQrohCgbcoWetIsXw3Fx356txJ74K3akO0g98zAQAAAExcLXDa0zRJqDiYZ8/SOj1Cm0lmal5mBW8wNwX6TBTls315QVoZtLVdZ7WJ6ZjJuDu9vFsr6QxlJooqJ/Z9ZyOiJUoEzeSZPd3/7be91V0T9/TfWKR/s64PfueTO89m9T37274Imsk3//jbYgFSBVGuSGbyR3/2F6K8ru6yWH76ZvKzZa+JBTL2f8ILf/Cjv5OXkfPo0SOx/FPOfDGTpuykhPhVJy42elvdqxcnlt0LLCabCftOrYv8jEKZia8xJ2FlclPXgNfbvv2tVdvLH4hZht8zUcd0BR5qGMyEDGRjUWB1YSbmHzDhDFdp5RYzYb1ACabRXwGs5hDteEfMr3oAAADgKScl1Sk6TKhtYz9yhU2N3wxtJumpeVm16uepDWdlMyGRyKyy/Gwztaw+qlD/3zMtM1H6xI5os6HNRPF3REpLlEiayd57X9vrudg99nA0YCbnOkd/mN0aKTP5VdI74uG3/+J7p06XfutPviNKPkzbo0j3mdD0n/3FX4m5Qk6mNJO/+uv/Vzx88W9/cuKzouWvrRAljU3slhV5+YOHA98v/IMf/73Y5tPM3DETEIIQt5pEI7Q78xEAAAAATzn1ZeoIKzXUyBnvqSsoomnnpe7QZqI8cDsPsNFZtd1+g5monRidljEKN86U0MKHzzSnT8tMFN8tFzskh/OGr20KM4koETOTZ3d7SttHH6u/YKKoWjIwOvFPnz94dv+9SJmJInmFKX/+V/83X970rcHNLS1iGVcN+9R5SjORH5qy9L//c9Dlc4/mixLIiRIJMwnc/q7mdi8v7jOVsy+RALOgf/K7TSIe874BAAAAAIxEzEz+5kj3vSH+/cBMOcbGJ6ruPv76/u5nPumNoJm0tbWbbIGn+542EMf6S4t/+V//H17yX771p1Xnv5iOmZScPP3tv/ieaRdf+8Yf8a8Mti6vGL+huK+PfQXb08zszQTEDKtCRCP3h2AmAAAAQIzoPFMY6IrhvTHzhIiZSe7N8eHH/NZ35TFpicf/9YzuZw70Tt9MZoSrpnZv+scXLl4yz4goZ89V7MvYX1RcYp4BQgIzmUeMjMWi28S8VwAAAAAACxEzE/ulx60D4/6xidHHExUd/q99fP+Z/T0hzOTh7MwEzGVgJvML/3gUe07QWwIAAACAaTIrM/nDPd3CTL6f23u6Y7xlYOJW/0Ricc8zGT0wk6cWmMm8I3o3nJj3BAAAAAAwCbMyk4GRCfm7ub65/8F3Dvb8Qcb9Zz5+ENpMsppGzdsCCwiYyTxldEzxDJrVIrzgC4IBAAAAMFPu3u3mWkITMzYTRR0H0tTz+MsHenpExlh6pfRp8T1Gk2WBAzMBAAAAAAAzZWj4sUg4ZgKAFZgJAAAAAACYKTATEHlgJgAAAAAAYKbATEDkgZkAAAAAAICZAjMBkQdmAgAAAAAAZgrMBEQemAkAAAAAAJgpMBMQeWAmAAAAAABgpsBMQOSBmQAAAAAAgJkCMwGRB2YCAAAAAABmCswERB6YCQAAAAAAmCkwExB5YCYAAAAAAGCmwExA5IGZAAAAAACAmQIzAZEHZgIAAAAAAGYKzAREHpgJAAAAAACYKQYzoQYlgiAIgiAIgiBI7IM+ExAZHjx4cEnHVLEQBEEQBEEQZEaBmYDwEVoCM0EQBEEQBEFmGZgJCB+YCYIgCIIgCBKpwExA+MBMEARBEARBkEgFZgLCB2aCIAiCIAiCRCowExA+MBMEQRAEQRAkUoGZgPCBmSAIgiAIgiCRCswEhA/MBEEQBEEQBIlUYCYgfGAmCIIgCIIgSKQCMwHhAzNBEARBEARBIhWYCQgfmAmCIAiCIAgSqcBMQPjATBAEQRAEQZBIBWYCwgdmgiAIgiAIgkQqMBMQPjATBEEQBEEQJFKBmYDwibiZ/HV6O5/4yr/dGNQL7w2MJuTcpYn/5d1bVM5z+/4wlfQ+8n/T0UoPnz9w52K7dgC0Eb7MMx+00AKiRN7RvxzrEvui/E3mnS7vKE3QZv/z9maxFwrtmkLHwJesuzP41d/c+h8237Cf7eEbp/y7X98svDbApyubfblX+uV9hZdPsg6uWfNzynvvbxt4OEQl3n4fL/nNb5J5CWVwyJ+607F+/QbKteuNvFAsuXHjprb2Tl7Yfa/n8+JT8vZpMT7d2HTrF794e+3adbTl81/U8HVFaAHnpwWbNm2mBY4VFIotzCZ0/HRetEHab7XrAi+prPqCl7S0dvDFbtxsuXDxsryiw7FLfigfpzid4pJTP//5Wjp3WpeWl5ehh/I26Zr86ldJVE4n2Od9xAt/+cuN4vLyPfItHzx0hJZ8/337qdNl8jGEF3rikre+RxvM3P8JHY/pmvMjvFRXT08rPaSnmJbnK/KKQSdIxyyX8PCnmGbRdKSeL3F4dO70HPFCXiIfxpB6UklJ78gr5uXli4f8uROVk5KVdUjM9XQ9oKeezpf2Il//2SQ7J6+js1s8pGeWH/M77/6GP910SHv2posF6OCPHTs+ZDkRqjN796aLo5JfO/T6oppG20za8s5dzz35qeTnKx6KF/LsI9dq2qO1AlhL+DRdYToRU12i7JUuAoVe7PJDWl68RfAaJa5Ab9/DnTs/7L7XKy+PIAgym8BMQPhEz0zIN769u41Py2YiN/pXFHSREvDpR0OPf3X6PtcDsRFym/9t621e8sKBjmNuTR4ov/9Bi2wmtK9//rRLPKSQn4hpYSYX2ga//7G21tXOoa+laOZDXvQfk29zlYqgmfCWDTULNmx4e0ht0lEhL9m8+Ve8+b523XrRzqAm/pnfnZOXpBwv/IyvPpmZnDxZ+vnnJ0U5DzV3qDXGp+vq6t3uL00LzCa0X2vTh5qkNbWX+EM6niv114amYSbU1pQfdnX3bN36/p0Oj1xoWkts8979vt8kb+WFPb0DH36YRiU0TcLw618niY1wMzl5qrT9jnmzYYdacu++myyeOBH5dOipJMXi06IODElPXFVVdf3V63IJT8SfL1EZHvlGSM94M1RcUnEYlC+qaz5K/1i0v2nF7ds/eNCjvRyEmYjKSRuk8+LP++Zf/ZoXRjB0kXfv3iseypeX2tMkEs0t7aIq0sF88EEqNbWHLCdCp0/boVrBH4oLTidIF0Rsk5eIFw4P7VSU0PHw7c8ydCXFNRyS3ivkErlK8FX4BK9LvO6JxTxd98WJ0BHuP5B1+YpbrEtvMqa3CL4iXTE6I7kcQRBk9oGZgPCJnpl8Y2cLeQhv609mJmQdsk509I68mMUa67Jy0Cq85BfF92yHtd6DgUE/rSgWa3kwQnN/zx5QkaFJzORfjnXVtgVOc5+r7/MvWTvjtU+7yIvKb7FPYSNuJkN6i0pu0vHmzoMer9zwoobCtm3bTUvSNG2HWhuTmUlS0ju0oijnkRtY1sbWLEPNPmrOyiVkWdk5eaKlTm3Z9H2sXThTMyENe/vtX8ol1rXENn9Xfk5ufl1vaDp7roomSFeovSU+zudmQpeOLqB1y+GFNvXOO+9ay+XTee+99+WP2D/O2M+b+OKJEydiaoZG/PmSN0jX4dbt1iHpksrPEdXGi5euNDbeEivSQ9GotZoJLyQfoImgF2Q2oauXuf+TjZv+TZTIl5cOm2oLLbNnbzq/elQJxQvEdCK08KW6eqoV/JUiLjgdufAuHuvFl82EHIwqvzw3vMzGTIbU3j/elSQWo3937drdP8De3OhFQapJl46fLC1Jdc/0FsFXpGe26Qb76AdBECSCgZmA8ImemZAYkGl8/+P2Lu/oZGbyf75/+9pdw+gI4SH84dH6/mVO9jk3lSSV3hfuQR5Cm+WLkaWQsdDD5/ffEaOzhoKZCR/oJQop3f3agYnDG4yOmbxtNBNqJB0+kkNtBWoGXW8wjFIzLclTV1dPS05mJps3/0reAo/cwKId/fzna7fZt1sFJrzQeZmGtdCBdXQa+qx4e26mZkKt25zco3KJdS2+TS5s8hmRF/HFtmx5l8qpNXbXc4+vSwtT6CI0fGm42rMJtf+o0Wxq18qnIzpJeKgJKHsIHS01lPkzaGqG8ueLFo7U8yUqA1U8UVv4tZIPY0i1XPp369b3xYpU63Z8kMI7CoKaCVVOOtohVb12pe2x9iOFHRIPalVTfRBjjay1ZUhtedOSQ6qNiGopToSvy6siXU/eySYu+Lp16+UNDk1lJtT059XJtNZMM0szIbcUg774YscKCrlwDunnTk90adnvhtTXphhdKUIrnjtXFRHLQhAEMQVmAsInqmYypI7X+t/fuy2byeoT3QcveSlDIc2ELILyf23TPs/jZnLMPXDm5iP6l5fzfZGl/Mdk9pA29fOiwJD0MMyk9cHICwc6ImgmfAj4+vUb+ge0zzWp9UZNPTGqZJpmQovNxkxE8o46d+3abV14pomgmbCxQDUXeYYiZyZi43xd0cijJtratesOGQfwzCbnKs7LA9umaSZ3OjwnT5Veb2jis6ikqqqaXwRxYT1d9yP1fNF+yaOo/nz2WTEdLb9oKSk7qUQ+DGqn8j6oHTtS+DK81umDD+8ENZML6o0ZfJqW/OST39IVjohT0QtniI1NGvj440y+waBmQuH9bOJlJZ8IrTukm8mQOsTuSv210GZClZk/F13drJNNNhNe6yJiJjt3fiiecTqe5K3vyRVAVAkSP15iegkIM6G6RMdJl52PqSOH5N2wVeddvAZOZib1V6/TFY6gSSIIgvDATED4RNtMbt4b/oPUFiEApj6Tf7/l5qkmw6Bt3isiNkIGwseDcTO52zdK7vHPn3bxYV18sT/b3SZudqd9iU1ZzYRWp4UHBgN/iUlmNp+6zxfgJXRIVBgpM+GNP9FKE006akLxBgFpCTUg5LWCmgkfgTOZmVhbV0OTmMlkC8801Np70MPcUoTOwqRYSUnvUINpSjMxtTWpKSnf0Bx0Lb5N1ivycSY1W0U5TR84kDUkmcmutD337veZmpKff37S5AyzjBgjNBTSTOgS8ZEz/Il70NO/Vz9T8VRaE5HnS64M1GTnn5TzSyoOg19Pcdd1cwt7cXEzGVI7H2gx3sq3Vk55wBVVbLrCpsoQRuh4xMGQTfHjkS+vVx2/xKfp8KhFnrn/E/5QPhHujcJMaK333t927NhxfsGtNcH6wpHNhKq06b6U8OKYXZ8JHSQZi7zYoHrHf0dnN115ce4UKqeKJ+4jMm2fninTyxNBEGT2gZmA8Im2mVD6fX4SjKBmsqKg639+5xafDnoHfFP38N8f1CSEzGRIvTWF9KPlAWsIUiFphnhIoWkhHlYzoYkLbYM//ET7+FC+A16YSYNn6Du72yJlJqbWhmjSebrui5Hf8seWQe+Ap9Y2//CYFhOfCg9Jjaq8vPxzFedFOY+1gcXDzWeWoea+6cZZOra33/7lxUtX+MPPw70DvqX1zubNv7J+U5DVTIbUw+C35QwZ74AXZsKPymQmVVXVEbkIIjs+0HoYhoynQ0/l6dNn+PRgsDvg6cBMd55YE5FDNZkJl2FxSflhHC/8THT+DDwc4reSCzOhE8zKOmTfvmPIWDn7B3xUOU1PMV1hcYNH2KHj4TYypA7T4reyyJeXaiDv06BQy5sOTzyUT4TWpRMRZjKkVk5SGn7B6TniI8FErC8c2Uxoy5M9UzPKbMyEnou1uq/KZkJvDh2dXeQn4v2EW+ig+u0UprcIsaLs1QiCIBEJzASETwzMZEj9Hq2gZtLlHY3LvPOP2XcPXvL+0a7Wf/frm6KHRCzz77fc5CXcTP4m884vitnNA7zw2t2h7ecCtzXTtLjBPaiZUP6nLTe3ne2hPdLEn+nfHibMhPI//upmtM1kSPUK3nY/fCRnV9oeaixSqMHBWwleddxXe/td56cFv/jF22fOnOVrvff+ts8+K66puZiTe1QMSaKG189/vvbsuSoqP35ca2bJDaxTp8v4XFo3IqODhtQhZHQAX1TXqr0lTUNq83Ht2nVUQvsSukXHQKfAh6nwT3nFqJUadfiWPJqLn3tN7aWNm/6NHtJ2xCiUoGbCD4NfEFpFCImYGFK/wYmbSXZOHh0qLUnXc/ajuW7eanF8uIsf5GSjuXgLku+UnuL8/GO8XDQKqQJwEf1EGs1Fpxzx5+uCPprr2LHjdPrc38Ql5YexY0cKXSKxCi1GqwgzoXTevcdHbfHKSeU0ly47VU7+XJMb1Kg1k9adZWO3t2+AjkduYdM2h9TLS/ulS0oH8JvfBNyYluf9A3xaPhFalyKbCb1e1uhfUf1IvaWHToGOvLjkVP/A4AVpNJf72pdDqhzSFmianvGU1J1iy7OJ1UzE64LXeVOVGFJH39313Cv6vOSdd96Vv2/6ToeHyj/6aN/R/E/pCsi1kYvZkPraFG8Rn6vfZyAqIb3c6MTFpUYQBJl9YCYgfKZpJvR3C0EQBEEQBHmqYm0TThmYCQgfq5lYKyWCIAiCIAiCDE7DVWAmIHxMZmKtfwiCIAiCIAhiitVJYCZgtsBMEARBEARBkPACMwGRBGaCIAiCIAiCzCYwExAZwjAT3+AogiAIgiAIsiBjbftNGZgJiAyTmYm1miIIgiAIgiBPbaxCAjMBEcZqJtaKiCAIgiAIgiC+SfwEZgIig8lMrPXPlEe+EQRBEARBEGQBx9oCtAZmAiJPCDOxVlMEQRAEQRDk6YxVToSfwExAZAhqJta6iCAIgiAIgjzlgZmA6GIyE2sVpDx8NIwgCIIgCII8hbG2DK1+AjMBkWEyM7HWSzkDD4cQBEEQBEGQhRRrk8+UyfwEZgIiQ1AzsVZEa91FEARBEARBFnCsDcLJ5ARmAiKDyUymtJG/+rBGjQvpHxhEEARBEARZMLE2/IJailVOYCYgMgQ1E1NdtFZcBEEQBEEQ5GnIZIoi+wnMBEQGk5nIFQtBEARBEARBZpRwzCTLkWdPpTjNM2JLXX5ep7kMxBSYCYIgCIIgCBKphGMmNyoqnAUljtQ8Z0FZkJy80uYzrzItxgfaXBUppD0OZ/mNAfNcCzCTJw7MBEEQBEEQBIlUwjETTsMJp9pzEiS59eaFp4HPnurMvawJSVtpIW3HuIAZmEkA301H0U1zYfSBmSAIgiAIgiCRSvhmonhcVicJ20xunzxW6jEW1ZcdvjxG/7cfrLtaVJTiyCtoZMXOA8yIUvaVyGaSqxaW6j0tuanOx3cuUEk/e+TP3MfmpudfmEZPzLzlScgJzARBEARBEASJVGZhJspNq5OEbSYVB/MaTEX3LzhOttH/7ZkV9oySzyrcDV7SoQv2PSUNjU21FWdT0jQz8dWXOY6cb3BfEbe+5JKHOJzVl9w03VNVlHXqSoPbnZlZ0TAutr4AKdiXF2M5gZkgCIIgCIIgkcpszESxOokaZ8Et85JTUpppHZrVYM9ntmJPPSaKnI7AEK+SDHWVxrMpupB0niksvc8myExG9MWYmZyJaXv9yTHWX3u6otNvLo4aMBMEQRAEQZD5lc9uDf8fB/r+18xYhHZkPYAQmZWZZKbmXW3uHolER0TQ0Vy59eportQyUZYp3XzCR3P1VxXZUwv7vX08/GByTfeo+PtyM/IcR+o6I3Goc5WxlLSS0lvhfflAmMBMEARBEARB5lf+g8UfohrrAYTIbM3EXBQ2bed3q2O3dHzVR/Jqh9iUbCZyn4nWzcL6TMyHYTYTxhgtllnVZy5eKPRfLouxligwEwRBEARBkPkWqzxENdYDCJHZmcmuvFzjVwbLI69mSskBNhis1OWurThPE44C7cYT2UyUTpd+n0mFfJ+JfU9R7SX3Z/lFvEQ2k6snjlW72267r9gdheZumYVC/+XTsdcSBWaCIAiCIAgy32KVh6jGegAhMiszIX8okfs5htx26QYPsOCBmSAIgiAIgsyvWOUhqrEeQIjMykzaLl0xlVS7npJ7zQEDZoIgCIIgCDK/YpWHqMZ6ACEyKzMBTzkwEwRBEARBkPkVqzxENdYDCBGYCQifJ2gmX3xR8/zzzz/33HOnS39nnYsgCIIgCIIEjVUeohrrAYQIzASET8TNZPHixR2dXdZyU3r7Hv7gBz+wlj+RxMXF0fFYyxEEQRAEQeZgrPIw7YzcuGEtnCLWAwgRmAkInydlJvVXr7+5+i1reWwyd6QIQRAEQRBkprHKgzEjbS2+fznLYp3FzSSzT1mklfgqXNYtGGI9gBCBmYDweVJmcvZc5ZMyE9/gaFxcnLUcQRAEQRBkXsQqD8aE6BixzKrww0zAXCGqZkLucehw9g9/+MOXX178D/9ge+655waH/FR+7Fjhz3++9qc//en779tTUndSCZXTYiQMtOSPf/xj+ldskDZypf4azaIt0PJ8F//6r6/T1mgx+pcKi0tO8b3QYlXnXXzFh4+G6SGVb9nyzvPPP8/XpdAElfNdt7TeGVJHc4nd0er8MPjWyssrxCx6uHTpz1566R9pFm3wrTU/F7MQBEEQBEFiFqs8GGPWj195Ji5cH/zZBX/bmMJnHfIq2lzXY5gJmCtE20x+nbSFDEE8FNpw5nfn5D6TX/5yY07uUfHw3zb/Kn1fhliLfEDMGlJ3IVyClIamX331Vf6w4csbr7yypPPuPXl5Hlk/TH0mpllcn4b0jYvjp+nmFmYy1rUQBEEQBEFiFqs8GCNGcz3iJf3KhDarxA8zAXOXaJuJ/L1b776bTELCp01m8tJLLzU3t4uH5yrO01x+VzpNyNIypO5i0aJF4iEZAm2ZT9OuJxtONh0zuXe/70c/+pE86yc/+Yc7HdrWZGmxbgRBEARBECQ2scqDMeY+E0WYiT4LZgLmItE2k/qr18WsEGYSZ/x2LFkwTBsZUndByOt+knXQuqL72pc068c//jEf7jUdM6EdyVseMu59srUQBEEQBEFiGas8GGM2kxuK5iF/en0MZgLmLnPETBJefjlEn0l4ZvLcc8/du6+9lvg9J/Iq8gbFw57egdB9JkHXQhAEQRAEiWWs8mDMiGjpaSVHfcPjijI6XnppyGwmmX39NKtnxLKRQKwHECIwExA+c8RMfp20RdjFkOU+k/DMRO6HuXW7dTpmwqfFjSXW+0wmWwtBEARBECRmscpDVGM9gBCBmYDwmSNmQvnxj38cp383109/+lNRHraZvP++/fnnn1+2bNmSJUvoX1kkfvKTf0hISFiydGlF5Rd8C2IW/x4w8d1c8n0yMBMEQRAEQeZCrPIQ1VgPIERgJiB85o6ZtN+5u33HB9Tc/6d/+qcHPf2iPGwz6R/wkX7Q3Pj4eNrg3/3d34lVLlyoI2mh8praS3wL8vbT0z9+7rnnqJCORy6HmSAIgiAIMhdilYeoxnoAIQIzAeETcTNBEARBEARBohqrPEQ11gMIka80+hoRJLzATBAEQRAEQeZXrPIQ1VgPIERgJkj4gZkgCIIgCILMr1jlIaqxHkCIwEyQ8AMzQRAEQRAEmV+xykNUYz2AEIGZIOEHZoIgCIIgCDK/8h8s8hDVWA8gRGAmSPiBmSAIgiAIgsyvfNfZb/WH6MV6ACECM0HCD8wEQRAEQRBk3uWzW8Mx6DmhXdCOrHsPEZgJEn5gJgiCIAiCIEikAjNBwg/MBEEQBEEQBIlUYCZI+IGZIAiCIAiCIJEKzAQJPzATBEEQBEEQJFKBmSDhB2aCIAiCIAiCRCowEyT8wEwQBEEQBEGQSAVmgoQfmAmCIAiCIAgSqcBMkPBjMhMEQRAEQRAEmVFgJkhkYjKTh4+GeQYeDsnpHxjs7XvY0zswCgAAAAAAngL8OtQI7PM+otagaChSHvlGeHyDoxE2k1MXq+semguRpyGTmYlJTqguUo2keskrqLnmAgAAAACAeY5QERPUAvT2+6hBaHISriWRNZMvd6Tm2dWcuPNl3dlCmkg7fdGyGLIwYzITXslkP+ExmQkAAAAAAFjYPNahRqAwE6uWRM5MHl7iTiKSluFk/56sNS8Z89hTP7UWIhFPUDOx+gnVRaqRVC9FHQUAAAAAAE8DYihXUC2JkJnc/yJ3v0FLAn4Snpk0n6Z19565JBc6UvP2X7AsOY3ATGKTEGYiKwrMBAAAAADgKWRsbIwagbKZyE4SITO5fUZWkdTdRyNiJhnZJ+ypzkDJw6q9n34eYzO5cKbAWohMFpOZ8OoVVE6oRlK9HAMAAAAAAE8TwkysTjI45KfM1kwcjoCHOAoqWWHX2YCcZJSU3zevMnWaT++vOpvhyBMl7i9OfHr5dIzNpCArcADIlAlqJlY/gZkAAAAAADydcDMJ2lsSATORu0coojzDWF7SY15xijSrElL/edblL9nDztK9tPELRdxMvjj5KW2zqL4qa1/e0dvqAheKck9+mnXydyVNbIH9aXn7T/6u6MzJcnVr9tSjqYdOnmuoZDfoHzmr7qJm7/HSovqaE8cLeK/O0Yw8++6jbK3qUq2vxnuVzqLu7uW6PtrFJXta4an6qqP56EWZNCHMxGQp/Bu6zFUVAAAAAAAsLMaNUAuQ2oEmM+FOEgEzabzzBWvT6way48jvqLCh9XeiJO3kF1UXvzCvNWW4mZBUOE7Qv7npeTs+rRJmYk8tKLirLWl3FLGJC0UZX1zTV6+y556TtxZQpgtF1v4Te8bpRm4mGaW8hKb5xP6AazEzaTCuiJhiMhOqW1Ytkc3EVFMBAAAAAMDCRjYTWUgiZCa8TW/sIZET9n0mXEJYVwm7992Z28S8QjcTeReamRxt1te9e8a004CNBMzk+v6sT1PT1C0IM9F9JpiZNB49dNT+4adfsP4T6TgRKVYz4YGZAAAAAACAcd1MJtOSSJrJwctXA+UPr0TETNxVhZ+2V2lf0hUwk08DHsIjm4mv0tJnYjaT1IByXJummfCU5B4V3TWIKZOZiSlUF/k3dE1MTJhrKwAAAAAAWChMWOC/ZBIDMzGPkvqihN0NMkszafR9SRtx80Jxn8npAio8Wnm2qPL0jnxVJwxmwu4zyTrD5ha0s4dWM9n/YV7uxZq69mqH42gIMyk6kpdVWX2q4TLZTtbJ39Hy6bvzvrAeLaImDDMBAAAAAABPDzEzk0JTeYTMpHGHdJeI0JU6d+kOR57dcfTo5ct8lqEXpesLPrdMvfPeaiYNN7VvOj7qvhLCTBrvf0HL7Dhe2ei77FCHfqXlsxtpkKCBmQAAAAAAgBCEMBPZSWZvJsGTdvqidRVkQQZmAgAAAAAAQhDUTKxOEr6ZIAiPyUxErYKZAAAAAACACclMrB5iDcwECT+TmYkpsTeT62fKrnvMhU+UkRW2F+NeePG6uTz6PPbQ1TAXAgAAAABEGUWFGoGPfCMh+knkwEyQ8DNNM6G6yH8JnlfQ0Bx5LS4u7pUPdnzwwbtvvvgCTceVtJuXmZIVL8S9tKPGXBod4uKWmYvM3Ep/Oa7kkbk0mlx+r0qfbM+nqzEqzwQAAAAAiBUwEyRGiZqZvKc9GO0q2bwobvMZwxJzjKnNpLfwzbi4XnNpNGlKD5gJAAAAAMCTA2aCxChRNxNGZdyiXez/7UfitlYGSrfGHdH7Um59vutF1rkS99LKTb1jrGQZPdAWrnzp41uXnVvYYKq4F3ed69I3wNiy8iVa8EXbsi51LaK3qWTXW2ztRS+vuKXLxJF3V7DFXlr25o4j+qoBAmbSfmTTydEzu99kh/LCi/nX1F6S+5df+Vv14IjXtNVpL6w76MVFZzoDnRm0V1KxW59voQXpKNsPUcGmR9fy2XH/7E11kdE3f8Ye5V8JaE7D5wcWqSf/0sotvOTNV/jFYLAr1H5E3bJG5SF+KeK2OC8HCrfG3WJXg21JvhoAAAAAALMEZoLEKNE2k1tVB9bb4ir5OKjJzOTWgUXv6uVjWkNfNhOabNBHUlG5aI+/Ehd3S1t8NE5ru9+KW7RF2x2Vqv+e2Rx3oEUveRRkSJZsJkwq9Gb9ItFPYnQD5cquuNdU11KUTTZyGG4d7NgWvbAinfuMZiZx71WpD1sOxL344osvrOCzaMtCaNrb9XO49EHcxhKt8NAyaTRXYO+Fb8Vt+lxzs4aPVyz6ULsYdDHj9I0rY+10INo0AAAAAMDsgJkgMUrUzETnb1/ZtF+3jsnMpOq9ZVnmO1GMZhJoZ5dsFD0tZCOaEhAfLIqrZEZRGbfsgGlbdDzqrEkxmklgm+kvx2mHazCTUVKdXde0B49ObtKliB3zlnMB8+FmohtIF02/sv8Wf7BrUVywe2gux72czqcmMxOSscAOxm7R0Raq8kQXc1FqoAtFHBIAAAAAwCyBmSAxStTMRIzmGr2V92bcinw2OZmZKMpLL8S9+Mqbuz5vEHMNZqKPoWIPtsZpTXa1f0OGb20LG94V9+ZurfOB8aiBSpa9G2QcF8dgJtIR0oloRyibiTot3XPSfmCZJjCGfhXdTMRD2os4XyZLenlvQ8myl196SRswpl23yczE1BnCzusQ26h8MXl54AEAAAAAwCyAmSAxSvTNhKE1lI3tfqn3Q2Ws99bnu2jJdst9JpOaiVRuorephLmKPoiLGO2sVO/eCDLM6QmaScPuRYsCe6yEmQAAAABgrgEzQWKUWJuJuJ9EUahBbzATlfy34t6rZhNTm8lYZdwLhr2Y6HK+GbfNMGbq0aUPXlHvTTcxMzNRat57IXCvizJUsimO3X2uhGUmdBH4cCzG2HTMxLALerjpJBsvBjMBAAAAQJSAmSAxStTNZKz38scr4mz8fvFbcXGLtDvC2V3aQcyk8t1Fu66wianNRL3pQtxuroyab21/dG6LuEFco+WAsbtDY4Zmwr7SN86mnaDpDvjAMtMzk8K3AremvGcLXLfRk5sC941Iey/ZGLciS7vt33QHPMwEAAAAANEAZoLEKFEzE/WXFnd8wL8PN18fVbWIPXqRyl95MS4/dZHWmK56b8VGtvAHO7bE6Xd4T8dM2gvW01Jb2IqbXtTa4pUvrdzEd00l/Eu6jqxcpC7zAfueX/EFVhIzNhP1RJZt/GDLW6/EvfCS5lphmclo9XtxL7AL8sHGZYs25weMbugMrUvl7M4bee+PLrMr+MqbdMpx+sg3BWYCAAAAgKgBM0FilGiYCQAAAAAAWDDATJAYBWYCAAAAAABCADNBYhSYCQAAAAAACMHMzMS8NgDTBmYCAAAAAABCADMBMQJmAgAAAAAAQgAzATECZgIAAAAAAEIAMwExAmYCAAAAAABCADMBMQJmAgAAAAAAQgAzATECZgIAAAAAAEIAMwExAmYCAAAAAABCADMBMQJmAgAAAAAAQgAzATECZgIAAAAAAEIAMwExAmYCAAAAAABCADMBMQJmAgAAAAAAQgAzATECZgIAAAAAAEIAMwExAmYyS0oy8uxHrphLwfzCe8V5fS7X7eb0Co+5zMKNYmenuQwAAACIADATECOiZSb+7vQ9Tntq3u6DZaUNfea5McVjdxQFHtWXlU7dxpsBFQfz7AVN5lLw5EhPzbOrSfmoqGfcPDc43rrDl6ddt6dB4Bj2FHX7zXNnTvPu0g5zmYUbRc42cxmIMZ7SzLyKXv1RfZk9tVCePRvq8vVKlVHUP82KPQs6zxTy3emJ2IkAAOYjMBMQI6JhJs60PHtambn0ieHJyi/LqvVpjyJoJh4X/cHOzMhLySyiibrotxXAdCArENNPqjlFx5Bbr01/lhnVl0Nb+plIVWgwe5iZpIgaOLmZVB/Js+c3mEtDQmai94mN2VOPGeZFAkewQ1X9ZPq1d3imJwUAmC88GTPx3blZ7XKPoIH1NBEFM/HYsy70mMqGmuz7yvq93ekkLZkuRf0rW3KkpNvbfbvidJaryVlxs819Nt2RN8KWbnDsO1bb3N3v7aC/8WqJklngopLbrrLdp9QPjz0uxx4nlVw9VcJbZocdWmugNiePDoBPq3hogcO78jQ10c2kIKukzdvXf6fB7jit8M8jj1SUXGoLHI+3Tz+eMbvjmNPV1uY+n2L6uzvuSTleV56lbxzMAYxmwrrLclPzRPOdN7NGrpdlnWrov9+WVexmpR4XFwl7mtOxq5Ceeue+vLohdYXeupRD52lJu4O32zxqTe4rLSgrbzNsh1dUjmwmitJXcVBtU47fVNftoEqbW+8Tm2prvFKudnawPsZ811W3u7aXHVLBmTLHnqLaS3SEDdrxe1y79zkb7vRVFxyzq6fZ772y+2QzbcTnFy3XYVZdK252N1/Rj5kdj+PIef6CgslEE2Ymis+dkqfWK2EmngtUi9j71ZnT7D1kfPizjDx7zhV64mhmQVpetfZ256SHtAVRx+RNS2aiVfL01EKqJAUV7tu9Smd5YdYp9+37faV5x9Taxap91km20/I8Z/X1it0ZZ2kXvNow39hlqCSPfX10qLTTx/ouOAYzUStwtfquy3dB58WrEzvN8eF+b7M4KQDAAuNJmMkDt9Zp+9F58yywcImCmTSknLhpKmo7dayaN947XfxvKv2V/axlTC2idj/7e0z0VBSpPQ8N9n0VvIT+Lhq7OMa42LD+Ck0/WAn9wW44rg1lyUrNy6yQzYiZia9W/1Nq6TMRx6N/DGk5nrbzhy9r6pFi/Kiys7SwnBqRDWfTy9HamyvoZuL33bniUAfaWc2E6pXhlgxhJqlOZ4NaLbWSYRLdTvXDGvJPrs2Scli2o2M0E+VqQV6d+iqo0+rRmH3fedOmlCH37pPSaCyq4btO68sHzES/qWm4Lt/JXyzi1LSWa9t50UNYkqmJPR0Pf0mwes5fQSAqqGaiViT2SDcTqkW39Y/8+HsI0w/9Yw56ovkEfxPLNVYegWwm/M2KDRrU1xUfzSiKT61dbDvaGykZRVoZN22qxoo+UosvnbtLmwjavSObiaUCM5jY+K7oldCDPhMAFiqxNhP6I8e1pHY2Y6I9LvnTOPUdLcg73exg7/v8UDOL1A+lZo19kj8DTwmxMZNc6WNs/vfV+FdW/0xO04ZAY0tMl+YXOdQbV4SZiGeNVq9j/+9IOU777bHnGD695mZC/8vkf7l1M2lzVaQ4tLqkGFtspuMRw7vFwmAuQ821ftYbdrO2osJ+gOmr1UzIWxyOvMwCvY0uzES1XBW14nmYSIunXq1mSkGmMyWzRB/ob9yOjslMqArV8ZZiIOy9kW/qMxcTEnrD5NvXkGq4bCaBQm3abCbyK0vUdtGPNMPBOWCmaGbCutrobVA3E7kfjy8gmUmD/PbCnq+BJmMd0wi8ETmc/AYquZrJTyvfnVTtA8LAq4dcDUTFC/r3Wl7SWoEZPrfomoOZALCAibWZ5EpNtPCJlZmUX3LXXrpAzUr985tZYYeZRNhM2uwH6/qNRbM0E1992e6CCw132CCByc1EYeOyei9on3kH0Myks7ywoHFMaalguxj32NNKutUxMPzYQpvJDWrp6tFmgbmK3ArMNDfRpCfX35f5Ud7uItWiQ5qJeOr1gS5jpfmF9j0lFZ1qTdO3I78bGc2EvWt1q4chNtXvHVBnsU3RWxltCmayINDNhNU0J73b8Js3QpsJH4/Ho4+m1uqYWEtRn1n1jWhAjLiOvZlYKrBC56h1EDFgJgAsWGJtJuJzQfVPr3+3I8953bzM1MTKTPS/u232zAvdhrnhIMyk4uDsxGx+EgUzYb0T9kxtOBaHKoM2mqulYrduAiHMxL7rLC/oLGWjuUr1QSlsWMLkZtJw3FmiNwskNDNR1Hq++0gJ20V92Wct2mwu5CHMRGk7L1dsMMexmonTkecoamaPx9tM7XJt4cnMRB3NFfQTELXCBG5nou3I75lyk/Gw/oUQbaeOlXKZscA2ZRnNFdRM9EGMvro8bTTXbn14ovaa8rjEaK7P9gVGc/ESmEmUCZiJ0umid5vd6h/BunynGM3FB2IxM+H3orCPVIL/oaQnVP4DZ3BOFbmaiUFZ8miukGaiLX94JqO5LBV4jA0nG2/Tb8DziJMCACwwYmsmA+622hKplzbP8Ady+kxmJuMeu+NYrdrRIT5csX90tqSgkAqz9uQ11Jc5MspoWn+vZB8fss/IaXnzW7ZkJr0X9FFDHZlFF/rv3LTrb8TkGOXshsK+rLS8thH2Tsr+DDgKGxpvknTxUeMCzUz8vsP8AyF1efkA+HuxPbUkPd9Fp+DMyKu+5SqocFefKtHuz1bvC6SN09ysKvO933OcaJgJ8bi7wbFLrUsHK656WUltAfsCq8wiNx+HENpM0s80s3vlU/MOn+ENyh4+8sp5qTuEmTBZNdz7zgmYCf0FpbYab8gd3ue0O5y7c1y8JRHKTBSl+1JF5j42liyzwPC5NpiDiM9Z7LucNwbUhtR4T51a/ag6pahP7kjjebaAw3mVLzCpmTDK89m6jgP8A2wPr9i5ro7H1u3oiGNwGL/gtbaIbYrV5Ko2samUPUW8N0ZUM3ZD/CRmknu5ZzetlVZErwU+z5nJanJBQ+A11X3pLHv5OJx1D7SjgpnECslMVDMUzf3SnGPsTSytSLNGXzOV2Pnz4u9mz6n6dcD0B6U2v0jUMX1LjNBmQn832XsabeRAoIsjpJmUFRxkByCGcPdcPksPTV0epgpDFZgfKqvAvobcNO3LP26f1O4kDJwUAGBhEVMzoTeXLJfn6gn2hsIz3R8BMKF+iaox7E25p6JIv9eZOUODunG7uE35VoU9o4J/nlR9KO+2wkboarcE0B/dXfqH5Rq6mfh9pDSBr41XKc/SPsV06O+MI7UlpffZBB1JCf+wp+Hs4YuG5jX7A6C+ucsjjuQDsOewD4EC77a+K/zbnOgvwY2iY9VDpjbEPCNKZjI75NFcM2HInVmF0VZg4TKf32rA3AGCCgCYKbEzk1z1k2ke/rld+EzSZ1IQ6GVmy/C2o/Q5d6AZyge8NpzQbsfnMX5Grd1ncrVZ+7xQxZ97kPVNs6gfe4uvkyczqWAf2LPulECMA2GDmolhefUdXOrplobS6p+pOzPy7B8VFah3ss4vFoyZ9Hu7HYFvpwFgIQIzAZEAZgIAmCkxMZMBt9CSlHx3BH5TdhIz0b7Ln1NfVtDI/h/CTPqrioIOeFWR7zPRED0k7Ler+IAcXzM/r8yT/Me5+6RBGmYmMRPzAYQ2Ew1/h7hBYr4wJ80EAAAAAADMFWJhJnJvSQS0RJnUTHqqith3IqlIo7kmNRM+mivYTadKUDOx60ah3njNzKSzvLDN+O3H9lSn9nMWFoSZfPaRYTSXaelpmYl6XobHcx6YCQAAAAAACEHUzYTdEf5RxY1xnz3su0qsTGImxI2KMqZADmf1Ha3BH8pMGGO5B9iYLod+M59OEDN5fKeOdfvsK/HVlnAz8V0+LaSr9Ja6x/EB7RjSjjUY704RZsJ7WlKKeDdL4ABKG/jws8nNZKiN37BoTyuM2MWMFTATAAAAAAAQgqibiTKg/eL7vGtJT814g/wT4Pw7asFkwEwAAAAAAEAIom8milJwsChSP6M+t7h/Ias20IBOUb88HkwGzAQAAAAAAIQgFmaygBE/GuA4UDLbLxxb6MBMAAAAAABACGAmIEbATAAAAAAAQAhgJiBGwEwAAAAAAEAIYCYgRsBMAAAAAABACGAmIEbATAAAAAAAQAhgJiBGwEwAAAAAAEAIYCYgRjwpM7HFp5mLpqB2Z3yiuQyAYLSUHUyIT7TFJy5/O9VvnhkZmg6ssb2Rby6NELa1x81FitLh3MRfNUkJq8zzZoHLkdhhLpsZ3rJttsVBXs50wOyHb59GHthW5pjLYkZ9ZnJRY1N9u7l8KsKrCastb8sZy8wlofHWF+/dTHU7cV1KqVrJ2StXzyan6ZeV5wbGg0zcWWNeAICFB8wExIj5byYe+sPwenazeOzOWEUlgT+xPcXSXI9zLf9bsmr7gvwxH0D4am0Jq8qqqiqrqrZv3mCeOx8IbSaRJXR7NGvFJnPRtAliJsPlyZZTsDlqTSXzntYcW3x0Kt5wufmSWqA3wBBPqBVx/UPXhMmwmslMcWdsWL01x13vXr048X57XaX6yrXFJ6sTdR1T/c1pORSdSx0SfpCVWcnbi9hEU+C3nSdltdNjLgJgXgEzATFiAZjJuh1pr8cHPkW2JaTtDPyJbc5embgxMJeZCZ+iv2clXr0YLCBs1nriazyRkkTlGw9UqY9ZXequSucf09Jjb1FymV61/eWpJ3rYKksXJyasTM6ofqCojewOrzshgWlt9sUBRW3Gaf4w1ZKMe1WsZMka1oGjHwxfPsDYA9oOle+tfiC2LC8pzIS1Bcfce18Vp9m8NJ1pdnf1QVp4dUoxL10dv6m7mp1j8jm2241vrCJha/Jp67j2sC3TvpoObZDbo3wjCcs2UWGLky1Dcamy1DH2gM6i0q/4Wsv5oa7bw65nQJn4aWofJKcxM/HWSZdigHdk2cQHB96qnSvZ5wg2/pTdq8rYvIGmtxc1iuOhM+Vnp9Js28b2yM4lPnHp2/p7SOdx8aE1O0712aGrR7tr0YpjCj01VKMq9Rq1Oj7J7Uxlp7lkg3dMObEpUbzxVG6Tj7B250X/umWrbIvX8GpJNBWlsRUTVrnuKeYLqFY8m7Ei+a8d58uoXQ2DfPXXNx/kc62XRVx/ajfT3JbWUnX1VWWtWl8jv9SiUgmS1er0+tbjyepzRy8oX+Px5JWrXs9uVt+oH9i2luvdlYO2TcXslNXqkbBWe9asB6NUp4mXoeEPhP4S0x7yarZ4TSWdY2s+P/4n02tRkyZ36Zhe1/zh8rdT6SBXL9GeuMDSAMw3YCYgRkTDTGzL1ixfsqnFO7DzjUSXukZHYVJSdpW3tdYWv2ZnzSBbRv3Dsy4hcXka+8SOGlvLf5NTecPjyt7GP1vauSzR9ka61+tZtyyxY0wRZuJyrDlhGKfgoeW9xXo7oKc4uzXw4R/94betzJHanQEzoUKYyULEY9usteoEtoTUMt4ib89PPjfI65KbVSrxuf6Atpa3dKNazWyvag0jd/qqFnWxjUVag2NnAq+HmplMuSSvhLyEL+9SD4YvL1gqWi2+crFleUmDmRDXMjOuqXMzVrGW+3DV6lz1hdFTrJ4jW4yvTiSrR0JsZKIyqDQeTC5ny9C+aJZsJqbuGlu81mdCjaqlKdzrAvAXmjgwW7zWdnSlsMa39VIE6/bx6J/ZD9JValGfFF91Gr2KBfwZUdRPE+hZE+fCV2H/D2Ym2tV4AvCjGqDmOH9MT4R4p2GXd8wtenHFFVOptb2ayae0atmaoz1NipK9NtFv7IYyVTyBePd7nZ5rvvpYOxmdP/hlEdefzd1br5XyOha41Hql4pRtSeTPlKJWDEU1k2x9w/yNmp61jcXMzOnNWX2nHbSt5aMfHwQ/GJLYt6WXiVRPxJmyGqIqt5il6Lt7Mkhm0pK9wfi6rjXKUi36TMB8B2YCYkRUzCR+lfYXTm8xiL9wrpRVvDHB/vC0H1/qqOVtJ/MfbyV4a5L9eUtI0hfkMDOhZhlvA9GfhxbpbzPtlzUCqLmptZB0MxnzkxRF6Q4E8EQJtLQCJYEmtce2tdzQ/6a3LXgbkXyVKh5bLK2Oz2ddKF2sRSg8llch3UymXpIa5VILzLy8QGqKDU62ZYOZ6F0lWufJxXR9a818RXmYjS1ee9VkrUikuR25m1xay3KwbKvRTOLXePVGp/pQmEmQEf+sg8hgJqm8XJiJ6VKENJPawFUaq11+KDA+k46Qv1Qz1DMVh6ROqyN5gpmJfoIxp6eYt0HFgC7jE6FeqBW8CT7Au4B0apdmsCeUoVZL5iH6WdB02bBsJubqIRDvfrQvsTo9NbR6sMtiMBN991pzX1QbUak426UzWq6biSjh00zIVTc7sYk/fXXrCrWmuS0hvc7yHO1clthtqHiingTOlI6HzpTe1d3Sh0pzw0w8J9Zrh6E/Hc22N9LFgjATsACAmYAYERUzURsHKtrbceDPTOdx/neaGkDyUGzLH2/D+7jaUGOtSVt8ov4psEA1E/aRM9vaUrV9qf9tbtZGEQRaCcxMvN4BV/oaTXvAQmNQfPCsE7wuaY/1toU7fZWXfdDLpbp29aFGqic8/jHDZ9VGM5l6ydWGoSbm5QVyZ8VkWzaaCTtatrDa/mMtV31hr481BY2vqVSxKZorGq+K1JAVNJUdtMWv4q8PyUzSxHktjU90tw54H/pNZuJvLbaxkWBJe6vYBbdeilBmItmFWS/1TgZ+pvIWtHMMZiamk4oVzcz99DFXvF/O8uamNdZJg/kCOlJFVaul4SyEq2iPzdVDEDCTwPswex7NG9QwmImYq5uJodroMw1nxKetZiIGHGqvx87jyWX6pryDvM9EPhhTw116loOcqfdGeQJdXrWOzg0zYW8p1qfDmZJke20bXwBmAuY7MBMQI56cmSTWHdK6v5Ugf7yDtybLbpevc5pHI/AlqUHAllQ/g9T+5t3OEU0EfYCv3mfiKw98PAkWFjbppiOVafWZKPWZNEGtKLWxKK/CsDaydTOZesnt8cY+E8uYKI4tIfAJ62RbNpkJNXCp/af1B9akieE0HONryjAApiN3k/gA3JViba0qLblJfDxVMDMJjFOqSzOM5nIfMPS3WC9FKDNR6ibrMyHUgV61/ExD9pmw7qYOS6s3dtRnkrZpt0cfShbD6sR8TeHOpVYOB0aW6pjNpLswKVSfySQVKWAmwfpMLJcltJkE//4Duc9kUjNRbb9DeaDdJjQm9YmpBDuYAFI9CX6m/tZ87qtzw0ysz6bGzmW8ywhmAuY9MBMQI2JjJjv1u3XLtmpj7kUba2Mxa21Y/3gHRnPdzpFGc7HxYMYPGjUzUXqK163fxGfxv3nSeHT1mzTZRgJ/P+iQ0GuyMGk/bktYw7+bK3sPG1/kXJ9oe22b1+tJMt6zxJBGittWbhC3N2S/kbi3qKrpYlWZM503vicxk6mXpONZl5B44mJjZZm2vG3xJnerhy8vKNmcuLessds7sPetVWLL8pJWM1GGq15fuUp8lE1t4jLaS1Xx3ovsofya8p5LXf6bnO5Wd/bWJHXuA9oy39fSZYavctp4oNjrHcjesqZOfa0nJSS2eAe8BjOh6TW0bkt9MV9XHFj3qWTtg4DFa7qDdR8pjQfpIGldeSClLSGJnhpFbcMlvJXu9ba/nmB+bbL3DX34pa8mbfWe8qaugRNpG/hNa+x0ltHzO7DzjTVP1kyS6Q1Nv7VGYRcq+URPkDc3NpFguPtIxWwmCltsDV3/7htV2ijWxoPrDrn5BeQVz1qRxLl3OJP46vRs8s9zgl4Wfv077g1azYRXG7lSaVzLpHJvV2Nl9jZ+f1RQM1GU5tdXsuG1nORlidllde6qqtVsMJfpYOpkM1cMZhJ4iW3cWsze2DcfpCtAu955kT37ZVsSy1oHugPfjuXRPpvoOs67a2zaUGGtfB3VT6n8xHp2xz8vd6uyzT/GonJ+H5co57fNiHKGfAf8WLPxdV3nLHPzyqzOHrAtS6WH+tIAzD9gJiBGxMZMFP5dLvGrTjRqt1Fqf3jG2rPXssZikD/efk+l+vVB8vcp8QWWxq/aXi1ux9TNhK2oDQ9T/+ax+yz1ZcRc6ZMt+kOyNl9tpwIAZs1wlbhdW1HfBKR5s6Ule4NlkN78hqQF38ABAJhHwExAjIiGmQAAnjq65BtFBtVRcxFj56uG3yya/3j491MBAMB8AWYCYgTMBAAQEfgPOCQs27AuJYIdJnW0TfXXPBYIJ9YnJqzUvsQMAADmCzATECNgJgAAAAAAIAQwExAjYCYAAAAAACAEMBMQI2AmAAAAAAAgBDATECNgJmDhgt8QAAAAACIAzATECJgJWLiEaSb673ICMFPY95KXiN/WqEmb7McK5zO18i/Y4sUCwFMCzATECJgJWLiEbSYLrzUJYgMzE/7jg4zJzWR5/KbAj/TNS2bw4pJ/phMAME+BmYAYATMBC417VQnxiUvfTnfda9QaT/eqMjZvsMUnbi9q1BcaXLdslS1hlfg6Wpuj1rl1g21lTgvMBIQPMxNXyioX/xF7yUw2sp+apWrJfka2xcm+XlkNe9hUlMamF2/oVn/49URK0tLFiVQ5ndcCv1w59zCYSXf1QXYKCaua1BPXzig+MfmYu9LBXnosEf3xTQBAjIGZgBgBMwELDFuC9mMRvvJUtfE0yHxDbfP5qtOyWxWlNed1/VPt7LWJ/Afv5EEpq9X2IgAzh5mJwqrTGvZIN5PkBFG7WG1UF9D7TFpztldrBrI0fgO1+KUfrJzLSGYyXLU6t51PblRfR+T5+mIM9JkAsACAmYAYATMBCwv5o1x1ulP+bXIPtZlcDunj25o03kCUP9BdnZAupgGYCZqZKD2lSzPcwkx43whnNW+762bCaqPxno2Mtax3Jbtsjv/mfeCF1uHcZDqFugNJtiVJydnlfAGYCQALAJgJiBEwE7CwiICZbMewExAmupnwbpPbOcunYSZN3gGvHr6Mv7M2ISGxROuHmJsYzKTMcgouZ9rqJYlJxewcYCYALABgJiBGwEzAAsP2qtYK9NekmUdzlaey0Vydx3nrkMhaqY/mkmzEfXGOf1wN5iwBM1Ha81/fmrpaNZOdrwYZzZXNxaM1Z50zuILY1lOd9Ld41Qd+j1etw3X1HrXGBinnj3m5qMPuLrZ4d32dXO69XSfK1ZU8opyvpZV7m/mrQy/Xd8owjOZaahy+JbDFJ6n/prnUgwQAzF9gJiBGwEzAQiNwB/yg1njyutnd7YY74P3mO+AlM7ElqDcJADBjJDNRvVfcAZ8s3QGvsFvG01cvSbQtyWTTVert4/GJG/eU0haWL2HTCa8lMSvoPL78gJv+31GYlHFNYWKzeFtZT/Bytl29XKvDw3UJW2ibyrqERLl857JEUc43Isq5evDyurQ1bF+iXN+4iuEOeO+14gT1FNZtZd617jV2srYla1pUs2lypr6+ODFhM9sjAGCeAjMBMQJmAgAAAAAAQhBFM7lakGdPnW7MK4MFB8wEAAAAAACEIIpmUpfPlCPlxM1A0fhw7SX31eY+aRlnOGbicTnyL9CmaivO07r8+9yjymFH3u7SDnPp/MRXf9ZcFBNgJgAAAAAAIARRNpO0wp7xQEnBPq2H5IaQifGeuoKiMMwk/Yw28JTcpqTNODdy2PMbzEULAN9NR5Gki7ECZgIAAAAAAEIQXTPJrZcet1TYd50mqyjNJDkpkmYoszETpdOVXt5N/6fNKgNNtCkuE75bF1IcTI36dTWyO8punClxOPJS9pXQw8P7nHaHc3eO/h2DvmbHLmZNWknbhcyPAiPNclPz9D2OZWawfp6UPUWP1cedZwrtmRfK85lfHT6jfUtJ/40LbN1dztpu/o0jc4wnIScwEwAAAAAAEILYmUl3eSE11rs1MzGoyGzMpKeiqED9FhzabG5aXvkld79anpLKpqtPldgzXZ2qnNhTS9LzXdWX3M6MvOpbroIKNpcWG1GXp3WppPaSO2tPXmnnmOL39Xuv2HOu9HvZ2DNhJuQhu/NctFh5QWGK2qPCzIQMJ58VihOhzdZeullbcb6ilxfMOQr25cVYTmAmAAAAAAAgBLEzE+V6mX1XyYgy3HndZU89Js0Ix0x4bwYlvUD7bkEyk8CorsazufXat5ozETrIviJd2ovHfuQKnxqpLSllxnFTHrild+k0iEJhJvbUQrFYroNtkJmJXkjT/MvYyUw6R+b416qP9deeruiMXZcOzAQAAAAAAIQgumbiOHheLkl3aDrBOiU0/N1uphnyYlMjj+bSYaO5dPqrilTfYLDbXXadVQxS4Ql4SH0ZW9JbJ2/QnupU/x/UTMrEYrTHfs1MtEJhJmy6kQ3oaojB7fnhMJaSVlJ6K6YHBzMBAIAIwX7PxCZ+uKMmTfyeiYmsFdpvwM9DHlRWVVVWHVyeUqxOVJnnW0jGb8ADMP+JrpmwPo1ySSEGmtMzinJPav0VitasNw/umpqpzGSSPpPJzWS2fSZBzIR4fMdl+GqyOUP/5bIYa4kCMwEAgIjBzGRpvP5ji5ObyfL4+WsmHMMvLYaG/Qa8uQwAMM+IuplMM+aVQzOlmSiKw5FXfulm9ZnT0n0mIcxEce5h95k0NLcd3ie6dIbtjmPd99kYscB9JuVFu/Nctxvd5UVFgftMLGaSfuR8m7evvKDQeX3OtbD7L5+OvZYoMBMAAIgY6m/A+6qWpqg9CbqZdBQmJWVXNXUNOHds2Fkz6PcNUHlW44DXO6iw32Xf0O0daKnJWeqopS3Y3kgvu+FpqS8/0WrY9BzDYCa2+DUt3oHuG+W29cfZQ/WMvK3u7UXN/od0sqll9PBh7EYpAwAiThTNBAAZmAkAAEQI1UwUpWRzYt1wwEzknhNb/AZewvtMuguTRJd+MutsaSYzqeya+414yUwupp/o0iazVrDTJzORTwB9JgAsAGAmIEbATAAAIEJoZqL0lC7NcEtmkiaWWK2O9RJm4nIk2uIDoZKMtatoIrtM+7L7uUrATDqcm0ynUHcgybYkKTm7nC8AMwFgAQAzATECZgIAABFCNxNFObE+saX9+Oqp+kyoWe8K+oWR3irbtqlvLn9ySH0mNWnZ7YZ5GmMDtoRUBWYCwIIAZgJiBMwEAAAiRMBMlPb817emcjPZ+apeqAzaVuYoqplorfnWnHXOoO16Rb1nw9/iVR/4PV5VYOrqPepAqSDl/DEvd1/Uulzc6sCw7vo6udx7u06Uqyt5RDlfSyv3NvNBWXq5vlOGZCbDVeodMkGwxSep/6YFty8AwPwBZgJiBMwEAAAihGQmipK1MlH0liS/wcZoLX1bG9bVXZ2+ekmibUkmm646yMdBbdxTSltYvoRNJ7yWxKyg8/jyA+zHwToKkzKuKUxsFm8r6wlezrarl9sS1rCHw3UJW9hXGK9LSJTLdy5LFOV8I6Kcqwcvr0tbw/YlyvWNqxjugPdeK05QT2HdVuZd615jJ2tbsqZFNZsmZ+rrixMTxJcpAwDmITATECNgJgAAAAAAIAQwExAjYCYAAAAAACAEMBMQI2AmAAAAAAAgBDATECNgJgAAAAAAIAQwExAjYCYAAAAAACAEMBMQI2AmAAAAAAAgBDATECNgJgAAECHYtwaXqN+0y9B/A35hUSv/4jv/0XcAwIIHZgJiBMwEAAAiBDMTm/jhjsnNJGuF9hvw85AHlVVVlVUHl6cUqxNT/1B9Mn4DHoD5D8wExAiYCQAARAhmJq6UVS6f+kgyk43SLy22OJP0Dgf2sKkojU0v3tCt/lD6iZSkpYsTbQmrnNcGta3ORQy/tNhdrf5YZMKqJvXEtTOKT0w+5q50bNBOdu1xsTwAYN4BMwExAmYCAAARQv0NeF/V0hS1J0E3k47CpKTsqqauAeeODTtrBv2+ASrPahzwepl72BI2dHsHWmpyljpqaQu2N9LLbnha6stPtBo2PccwmIktfk2Ld6D7RrltPdMPfkbeVvf2omb/QzrZ1DJ6+FD9QXgAwPwEZgJiBMwEAAAihGomilKyObFuOGAm8pguW/wGXsJHc3UXJtXps5LZPRvNZCaVXXO/ES+ZycX0E13aZNYKdvpkJvIJ2DCaC4D5D8wExAiYCQAARAjNTBS1G0G5nbNcMxM2aouzWr1lXJiJy5HY5B3w6uHL+DtrExISS9rFSnOQgJl0ODexLhHjKbicaauXJCYVs3OAmQCwAICZgBgBMwEAgAgRMJMT6xNb2o+vnqrPhJr1LvX2EjPeKtu2qW8uf3JIfSY1adlBJWpswJaQqsBMAFgQwExAjICZAABAhAiYicJa5IncSXw1aav3lDd1DZxIY/eZUElSQuLSbeXeVta4t8Wvqqxv775Rt3cztePrnGXuFu+Auyh9XaFHuZhu21zqpdK0xI3FA+wulPhVGdfYACr+DWByOdulXq59mW/XcdurmdqRSOXr6KFezjcuyt1sNa2c5IrtS5TrB6NiuM9kaXxi2cXG7lZ39tYkerjdWe71DrTUF/PbTmjuukPu7s4HYnkAwLwDZgJiBMwEAAAAAACEAGYCYgTMBAAAAAAAhABmAmIEzAQAAAAAAIQAZgJiBMwEAAAAAACEAGYCYgTMBAAAAAAAhABmAmIEzAQAAAAAAIQAZgJiBMwEAAAAAACEAGYCYgTMBAAAIgT7PZOSHv1RTZr8G4sLhVr1d1oCMc8HACxEYCYgRsBMAAAgQjAzWSoa65ObyXL9N+DnLYZfWgwNfgMegAUAzATECJgJAABECGYmrpRVLp/6SDKTjW+sssUnLn07jaZbnEl6hwN72FSUxqYXb+geY0ueSElaujjRlrDKeY39WvxcxWAm3dUH2SkkrGpST1w7o/jE5GPuSscG7WTXst+DBwDMU2AmIEbATAAAIEIwM1FYL8Ea9kg3k+QEMeRp0LYyR11A7zNpzdlerRnI0vgN1OLfWaMvO6eRzGS4anVuO5/cqPYX2Ry1+mIM9JkAsACAmYAYATMBAIAIoZmJ0lO6NMMtzIT3jXBW87a7biYuh/mejYy1rHclu6xZrDInCZhJh3OT6RTqDiTZliQlZ5fzBWAmACwAnoyZ/PbI6faOe+ZSsKCBmQAAQITQzYR3m9zOWT4NM2nyDnj18GX8nbUJCYklWj/E3MRgJmWWU3A501YvSUwqZucAMwFgAfBkzMSempdzVPuQAzwlwEwAACBCBMxEac9/fWvqatVMdr4aZDRXNheP1px1zuAKYlt/nCSlxas+8Hu86l0odfUev/rYWs4f83L3Ra3Lxd3FFu+ur5PLvbfrRLm6kkeU87W0cm+zui9Rru+UYRjNtdQ4fEtgi09S/01zqQcJAJi/xNpMDuf+/+3dj28TV6L//f8t0korXamSlSq32kYVqDJqaVlUylOBKqV6HrrC3Wvji8MSNr7cXH4lfrDiJFi4EHPDhnBjAhiCqZ/8KAkJyTdkS8DJrvkVwp3nnDkz4/HEMSHYk1/vl45gfDwe28nJeD4+58xcaQrHnbXYBkgmAFAhtmSiaS1feq0Z8IdsM+A1OWW8ac+nXs+nYbncp08fr/UeONYttrDzU7lc93mDTAXTHTtPZsT/U50Nzfc1GWw+OZycK10vt2vWe+r0iS4v03U/iG1q++q89vojO7xWvdqIVa+ih6pPh/bK57LqzY3rimbA5+5frNPfwr4fZe7a97l8s55P947ryWY4GvjiE2/d9/IZAWxSriaTsfEZXyAiSl+/3MOtlbERq7QNOtfABkQyAQAAQBnuJZPbd0ZVkAgea7dChXOl9zF9pdPoD8ZmQDIBAABAGe4lExVF/vP0panp3078R5xkst2QTAAAAFBG1ZPJ4uKbpaW3mplM7OO4RL24t7Dqe3IkE38g0p8ZTZyNtg2qS09pjcfj2UfPYifF83bK24PJC5fiTedTA7dv+oKXm47HB25n+i8lfK1yPGssFOm5nckOjV44q6+MSiOZAAAAoIzqJhP7bJC//5Yb+XXKZ56Vy37X2qadFCWToauxIWNR5JDu36w7hGyb6pwZTEZ/MaoSzZFX5t0qt4hkMjDD0XAVkUwAAABQRhWTyZO5eZE6mlsuNoXl2K3GJhkAVDJ5/fqNWBD14l6xEGxsdz54FezJZL7PGB6ml85u/UweAz9f9gdtE1oGk6pe6A4XBpIZPSpPMnLN4/E5dfJCVBrJBAAAAGVUMZn85+lL//bv59Xy5NTfVTxQyaQz/j9GWtC0589fWcvvxdFn0jZYdBrzBz+39zzVl17cbVlNMjElwpGs/TYqhGQCAACAMqqYTNq7+qzI0dd/355MLiVvWXf9OvZ/KpBMNC0YjMR6MwO3bzaeujmtaa8Gk/7T12fHhn2h9saj704m4ZOJ7KNn849GG4OFgV6oIJIJAFSIvJ6Jx7pwx42QdT0Th5ZdxjXgN6En1/r6rvWd2um/qC/0Oe9f5hDXgAc2vyomk3v3x3z6HJLu/05bQ6pUTXZoUiyIepVYKpJM3sxm5NitYDQ2MKNHi8Wmo/LmyEK+/+y7k0nveWM82JlLw9ZdqCCSCQBUiEwm9bXmxRZXTiY7azdvMlGKrrRYnrwGvLMOwCZTxWSimd0mJbNHPJGy7vpn/oXjXmw9JBMAqBD9GvD5vnq/3pNgJpOpzoaGc33Djxeif95/5MbzxfyCqG8ZWsjlnmvyuuz7Z3ML4zda64MDYguer5qSIzPjgz1dD4s2vcEUJRNP7d7x3MLsSI/n2w55U39HuYeZn+Jji/8QbzaQFDf/wWxRYBOrbjIBLCQTAKgQPZloWuJ7b/plIZnYe048tftVjeozme1ssEYZHJKdLWMimVx7vPEP4m3J5FZT12NjsWWXfPsimdjfAH0mwBZAMoFLSCYAUCFGMtHmuuubM7ZkErLW2KOP9bKSSSro9dQWiqhp/ma3WDiXHLMesiEVkslU9KDjLaRPNng+bTh0Tl6KQCOZAFsCyQQuIZkAQIWYyUTTur71jk927HlXn4k4rE8VncDSlOvzHH735PL1Y+szuRE6N1l0n2FpwVMX0EgmwJZAMoFLSCYAUCGFZKJNnv/ix4BKJkc+Myu1554vWzU9mRhH8w9b90VLHtdr+pyNxfGcfmNxJqcHmPTgjD5QqkS9uq3qM7eMLpeMPjBsdjBtr889SFv1+oNmrHr1KKM+N6YGZZn15pNKtmTysk+fIVOCp7ZB/zdUOn0B2DxIJnAJyQQAKsSWTDSt5Uuv1Vty6Cs5Rqv+O2NY12x/055PvZ5Pw3K575QaB3XgWLfYws5P5XLd5w0yFUx37DyZ0fQ59M33NRlsPjmcnCtdL7dr1nvq9sqbL9N1P8hTGO+r89rrj+zwWvVqI1a9ih6qPh3aK5/Lqjc3riuaAZ+7f7FOfwv7fpS5a9/n8s16Pt07rieb4Wjgi0+8ddbJlAFsQiQTuIRkAgAAgDJIJnAJyQQAAABlkEzgEpIJAAAAyiCZwCUkEwAAAJRBMoFLSCYAAAAog2QCl5BMAAAAUAbJBC4hmQBAhcizBif0M+1K5jXgt5YB+xXf1UXfAWx5JBO4hGQCABUik4nHunDHysmkZZdxDfhN6Mm1vr5rfad2+i/qC+++UP0hrgEPbH4kE7iEZAIAFSKTScq/O5XXb9mSyQHblRbHow1mh4O8ORwPyeVP9s/qF0rv8jfUf+L11O2O3n9ubHUjKrrS4my/frHIut3D+hs33lGt91B75lpwv/Fmv+mw1gew6ZBM4BKSCQBUiH4N+HxfvV/vSTCTyVRnQ8O5vuHHC9E/7z9y4/lifkHUtwwt5HIye3jq9s/mFsZvtNYHB8QWPF81JUdmxgd7uh4WbXqDKUomntq947mF2ZEez7cyfqh3lHuY+Sk+tvgP8WYDSXHzH/oF4QFsTiQTuIRkAgAVoicTTUt8702/LCQT+5guT+1+VaNGc812NqTNuw7JORtjIplce7zxD+JtyeRWU9djY7Fll3z7IpnY34CH0VzA5kcygUtIJgBQIUYy0fRuBO1B604jmchRW8oefcq4lUxSQe9wbiFnFrXO4vRAXZ03MWk9aAMqJJOp6EHZJVL8FlLR0J5PvQ0X5XsgmQBbAMkELiGZAECFFJJJ17fe8cmOPe/qMxGH9Sl9eolTrs9z+N2Ty9ePrc/kRuhcyRC1tOCpC2gkE2BLIJnAJSQTAKiQQjLR5BG5V2WS/I3QnmM9w48XukJynomoaajz1h/uyT2UB/ee2t3XBidnR9J/+V4cx6ejycx4biETb9rXOaPdavJ8350TtSHvgYsLchZK7e7m+3IAlToDmL1ePqVZb5zM93GH57Ow8Ups9fvETbNebdyqz8iHGfUiXMnnsurNF6MrmmdSX+tN3hqafZg592ODuPlTtCeXWxgfvKimnYh7953OzE4/sdYHsOmQTOASkgkAAADKIJnAJSQTAAAAlEEygUtIJgAAACiDZAKXkEwAAABQBskELiGZAAAAoAySCVxCMgEAAEAZJBO4hGQCAACAMkgmcAnJBAAqRF7PJDFn3roRsl9jcasY0K/TUijO+wFsRSQTuIRkAgAVIpNJvXWwvnIy2WleA37TKrrSYnlcAx7YAkgmcAnJBAAqRCaTlH93Kq/fsiWTA1/t9tR6678LieXxaIPZ4SBvDsdDcvmT/bNLcs0uf0P9J15P3e7ofXm1+I2qKJnM9p+Sb6Fu97D+xo13VOs91J65FtxvvNlv5PXgAWxSLieTvD8Q8Z/mS43tiGQCABUik4kmewn2yltmMjlUZw15eu75slVfwewzedj6U7+RQOpr94sj/iM3zHU3NFsyedm3p21SLR7Q+4s8wQFzNYk+E2ALcC+ZzI9c9wXjcmlhzBeIzL91roCtjWQCABViJBNtrru+OWMlE9U3ouxRx+5mMkkFnXM2mr+RvSvnkmPWQzakQjKZih50vIX0yQbPpw2HzvWoFUgmwBbgVjJ5uyDSyIjqd9a0kUtx38nrRStgqyOZAECFmMlEdZs8aN25imQynFvImUWtszg9UFfnTRj9EBtTUTJJLnsLqWhoz6fehovyPZBMgC3AhWSy1BiM+EIJZ/Xi1If0nMROdfrFZoPR6JWs8z5sSCQTAKiQQjLRJs9/8WNgj55MjnxWYjTXORU8Hrbui5aOIJ5vO8RH8nhOv7E4k9NnoaQHZxb128vr1W1Vn7lldLlkHsvVZwfT9vrcg7RVrz9oxqpXjzLqc2P6c1n15pNKRaO56ouHb1k8tQ36v6GU/iIBbF5VTybpWHvw7M0JtdcpNtGb8J1Ipp+8/45kOuU7Fo9euTvQe91/otd5L8rKD151VrmCZAIAFWJLJvKI3KtGc+VvhPYc6xl+vNAV2n/khpxV0lDnrT/ck3soD+49tbuvDU7OjqT/8n1AfDhHk5nx3EIm3rSvc0a71eT5vlvEgXTIe+Digti+WLn5vqbqteJ6+ZRmvRpVpT3u8HwWNl6JrX6fuGnWq41b9Rn5MKO+61uvfC6r3nwxuqIZ8PW13uStodmHmXM/yijyU7Qnl1sYH7yohyt5777TmdnpJ9b6ADadqieT+fyiL5A0vh4plj4fmV7Mz79672TSHY4sPwuiL0wv7mrFTkScVdVHMgEAAEAZVU8mQrlk4qxblVe/JH0nkgMz5sHr25fzuTFfc+987pkm+wSS/kCk53am/1LCiiu+wGXfsfjA7ZvpCbH+jC/YmR0alcPMtmueEeEkGB911lYTyQQAAABluJpMBm5njPKL7JxdczIx5q4EIrHUhFkzY2WM6NGI7+xdtSwiiloQK6fN+fdzffHEtN5Rk71qrbDt5Edd7jkhmQAAAKAMV5OJWDBq9BTxAcnE8GrmrnEmYlsy8QU6u81RqeIp1AR5UWlUaVrsqEw1VrHqt5X5O0n/8tMSVBPJBAAAAGVs7mQitBjRopBM/IFI26Axd6U7HJnXF+zJpPdUBZ53UxOxpPtXswvJLSQTAAAAlLHpk4kvENX/f+lrNpJJLBTxnTImtthGcxWSyVxfvG3Q7ePyjWTJ5d4ShWQCAACAMjZlMknH42oglr85biWMdKxT1Mzqy29mM/JqJ6HOOfN6KfZkIoz0JuUWQu1N57ffDPj8lLPGFSQTAAAAlOFGMilMfF9WXjnXxZZFMgGACpHXM1FXDpFuhNT1TJZr2WVcA34TenKtr+9a36md/ov6Qp/z/mUOcQ14YPNzI5kAGskEACpGJpN6dZVDrVwy2Vm7eZOJUnSlxfLkNeCddQA2GZIJXEIyAYAK0a8Bn++r9+s9CWYymepsaDjXN/x4IfpneQ34xfyCqG8ZWsjl5PXgPXX7Z3ML4zda64MD8mruXzUlR2bGB3u6HhZteoMpSiae2r3juYXZkR510Xf1jnIPMz/Fxxb/Id5sIClu/mOx8GgAmw3JBC4hmQBAhejJRD9Sl7fMZHKozuxF0Z57vmzVVzD7TB62/tQv84lQX7tfHPEfuWGuu6HZksnLvj1tk2rxgN5f5JERq4A+E2ALIJnAJSQTAKgQI5loc931zRkrmYhDc2uNPerY3UwmqaDXU1sooqb5m91i4VxyzHrIhlRIJlPRg463kD7Z4Pm04dC5HrUCyQTYAkgmcAnJBAAqxEwmmtb1rXd8smOPkUwKs008smOkkEzEYX3KuNBXsVyf5/C7J5evH1ufyY3QOaPLpNjSgqcuoJFMgC2BZAKXkEwAoEIKyUSbPP/FjwGVTI58VmI0l3E0/7B1X7Tkcb2mz9lYHM/pNxZncnqASQ/O6NM1StSr26o+c8vocsk8lqvPDqbt9bkHaatef9CMVa8eZdTnxtTUELPefFKpaDSXPkOmBE9tg/5vqHT6ArB5kEzgEpIJAFSILZloWsuXXqu35NBXcoxW/XfGsK7Z/qY9n3o9n4blct8pNQ7qwLFusYWdn8rlus8bZCqY7th5MqPpc+ib72sy2HxyODlXul5u16z31OkTXV6m636QpzDeV+e11x/Z4bXq1UasehU9VH06tFc+l1VvblxXNAM+d/9inf4W9v0oc9e+z+Wb9Xy6d1xPNsPRwBefeOuskykD2IRIJnAJyQQAAABlkEzgEpIJAAAAyiCZwCUkEwAAAJRBMoFLSCYAAAAog2QCl5BMAAAAUAbJBC4hmQAAAKAMkglcQjIBAABAGSQTuIRkAgAVIq9n4rEu3HEjZL/6u13LLuMa8JvQk2t9fdf6Tu30X9QX3n2h+kPLrgGfCno9O+S1XKTpjj21hYvA2I2f3m+/agqAdUQygUtIJgBQITKZpPy7U3n9li2ZHLBdaXE82qAureiplTeH4yG5/Mn+Wf1C6V3+hvpPvJ663dH7z42tbkRFV1qc7dcvFlm3e1h/48Y7qvUeas9cC+433uw3Hdb6IplMtR08N6nfsCUT+09Je3je/CnJex0/JftTqMcCqCqSCVxCMgGACtGvAZ/vq/frPQlmMpnqbGg41zf8eCH65/1HbjxfzC+I+pahhVxOZg9P3f7Z3ML4jdb64IDYguerpuTIzPhgT9fDok1vMEXJxFO7dzy3MDvS4/lWxg/1jnIPMz/Fxxb/Id5sIClu/kO/ILxOJBNtadLzzXl5w0wmjp+Stvj8UK13z+mhXG7B2qb5Uyp6CmuzAKqHZAKXkEwAoEL0ZKJpie+96ZeFZGIf0+Wp3a9q1Giu2c6GtHnXIXmAPiaSybXHhYP4jcqWTG41dT02Flt2ybcvYoP9DXhKjeYS/2aa93ZNF5LJ8p/SEZFM9GdZ9lNyPgWAaiOZwCUkEwCoECOZaHo3gvagdaeRTPThSTrrKFwlE3GMPpxbyJlFrbM4PVBX502owU4bVCGZTEUPyi6R4reQiob2fOptuCjfw0rJRKgXP42XPUbYWPZTspJJyZ+S/SkAVBvJBC4hmQBAhRSSSde33vHJjj3v6jMRh/UpfeKEU67Pc/jdk8vXj63P5EbImDHisLTgqQtoZZNJOrQ3mR848q4+kxV/SuZTAKg2kglcQjIBgAopJBNNHl571dF2/kZoz7Ge4ccLXSF9BoWmNdR56w/35B7Kw25P7e5rg5OzI+m/fC8OstPRZGY8t5CJN+3rnNFuNXm+787JI3jvgYsLchZK7e7m+3IAlToDmL1ePqVZr2aNa487PJ/JU2DJV2Kr3ydumvVq41a9mk6u6kW4ks9l1ZsvRlc0z6S+1pu8NTT7MHPuxwZx86doTy63MD54UU07EffuO52ZnX5irW8lE3WvevblP6XkD17PjkAupzpe7D+l4qfQ36b1Cgs/JefbN39Ktnr9JRj19rev6W/fXm/9lIwfy+MOq17/FZj1RT8lYOsgmcAlJBMAAACUQTKBS0gmAAAAKINkApeQTAAAAFAGyQQuIZkAAACgDJIJXEIyAQAAQBkkE7iEZAIAAIAySCZwCckEAAAAZZBM4BKSCQAAAMpwL5k8nHh8KXnLF4j819nLt++MOO/GVkcyAQAAQBnuJRORSeyl+79vO9fAlkYyAQAAQBluJBMVRbJDk/bK480XRKW9BlsbyQQAAABlVD2Z/PL/Tfzn6UvOWp2oF/c6a1cndqrTH4z4gtHolazzPmxIJBMAAACUUfVk0vQf8an/88RZqxP14t5Xrxadd7zTdMp3LB69cneg97r/RK/zXpSVH7zqrHIFyQQAAABlVD2Z+AKRoZFHakCXVdn6//ZY9X/ru2dbfVW6w5FpZ10V9Z7aaqPOYifW4R2RTAAAAFCGG8mkM/4/JZOJqj8buWJbfVX6z0aybx11Wd95Y1hXWyDSdGVGX4hOpJLyqYPRkbx+32DSd/Rq//m4qGzrHbMe3KPXNLamRhaW9IpsbEh78+imqJyfkP86Xv+mlx8NxkedlVVGMgEAAEAZVU8mPb2DKocsTybL61dtqTEoHxhLWdNUSiaTQoDxq2cZlEHFeEBXtOepvtAR7Ve55e1oLBSZ0+t8gWjboKqV21ELW0p+1OWeE5IJAAAAyqh6MhF+ezL/H//1sz2BXLw0IG6K+rUmE8Ormbu+YFxfLJ1MrDXT5/UBYDKZdJp1WbVa2P4CBpOxocJdypZMJvN3kv5QwllbTSQTAAAAlOFGMhFev37T13/fXqNOIvyByUQIGg9/VzKJLEsmbzPbOJksiVjS/avRKeQOkgkAAADKcCmZrOTDk4kvENX/n/G13NQXlny2ZJJ+YaxmH831Sq9JR8zRXF3RXn3BPprLnkwuHP+gV7jxyFjirKs+kgkAAADKcDWZ/NfZy/Yo8mROjuZawwz4dFxOWBfF3xy3vvYfuZLw6bPYu8OFZDLSu2wGfKBTzXe3z4Af0DfY2Hr93hNjBrw9mWj5sQ9PUBtIfspZ4wqSCQAAAMpwNZlYU97t5d79QkKorBKjsIrmmcBVJBMAAACU4WoycRnJZEMhmQAAAKAMkglcQjIBAABAGVs5mWBDIZkAAACgDJIJXEIyAQAAQBkkE7iEZAIAAIAySCZwCckEAAAAZZBM4BKSCQAAAMogmcAlJBMAAACUQTKBS0gmAAAAKINkApesPpnkn78mmQAAAGw34ghQHAeSTFB175VMRFx2Ph4AAABbmjgCJJnADatMJi9kOHmdf04yAQAA2F7EEaA4Dlx+cFiykEywdu+TTBbVbBPnJgAAALBFqRkmq+wweUEywYd432SSf/765avF//1f53YAAACwlYjjPXHUp8ZxkUzghtUnE1X0pvlatFE17YRCoVAoFAqFsvVK/rmaW7La6SVWIZlg7d43mbwwO0/sEYVCoVAoFAqFsmWKCiTv1VViFZIJ1m4NyYRCoVAoFAqFQilZSCZYO5IJhUKhUCgUCqVShWSCtSOZUCgUCoVCoVAqVUgmWDuSCYVCoVAoFAqlUoVkgrUjmVAoFAqFQqFQKlVIJlg7kgmFQqFQKBQKpVKFZIK1I5lQKBQKhUKhUCpVSCZYO5IJhUKhUCgUCqVShWSCtSOZUCgUCoVCoVAqVUgmWDuSCYVCoVAoFAqlUoVkgrUjmVAoFAqFQqFQKlVIJlg7kgmFQqFQKBQKpVKFZIK1I5lQKBQKhUKhUCpVSCZYO5IJhUKhUCgUCqVSpdLJ5LexN84qbFkkEwqFQqFQKBRKpUolk0l/JOo7GW+6MuO8o/p8gaSzCtVHMqFQKBQKhUKhVKpULJncu5TwBaNvtOwak8lMyheIhHvn7HWNgUjboL1iRe+VTGKhyLyzDmtBMqFQKBQKhUKhVKqsJZkEgxGRIorK0fYHTxf1O9eeTM5ELvsC7YWat6PhjqsVSybZq9POqi0kPxqMjzorq49kQqFQKBQKhUKpVFlDMhktjiXx2YWXtnuzwfM3R54s2WpWZybVNpA5E4xYFa9uXe7JpiqVTLJd0a2cTDQtdqLwo3MNyYRCoVAoFAqFUqmyhmSSLU4mjkig3xvqLa5chRk9hAxdjWb1VPP0ZjgQ0QaTKpmIlOIPJx/8NnvmWCT9QtZMX+nsPh+90JvJ5uRN9TLaQpEJ1XOTz/qOJbJDw8FgxH8+q719eaE5MpJ7Np97Ju7sDquD+Bmx4A92DtzORE9EEhN63dtRX/iqWG3idtJ//q5etWmIcOJyz8kaksnzF4tmeZ1/TqFQKBQKhULZUkUc41nHe8sPBcuXNSSTao3mUiHEF7ws/k2ciPg7Rq1ksnw1kUyMLKETyUTEknTeuBk7anYgzKSaAnJZhBCrz8SeTGbN9XwiwOibTZur+QKd5uJmsTQ/cLl3Wv0i3PBeyUQ10PzzV//Mv/rHP19SKBQKhUKhULZqEcd74qjvffPJWpKJph/cq0wyu7j44HYqeqpdLI8sLH14MpFdJXLue7sMHlYyWRjriSf8eiKykokVITSZIuQLsG6Gi4OTtnIyMeuMZDLfF+82X77v6FXz3s1h/k7SH0o4a6tp9cnEjCWvX75a/N//dW4HAAAAW4k43hNHfXoXynuEkzUmkzbjoL+oV+GDzhpsJpNXA4me30aNk3QZyeSlCAnZt/pq470rJJOkps35QsbQskKfiWmVyURoOaq/tVB8c12YRcSS7l/NPiO3vFcyEU3zzRv1WwQAAMDWJ479VDhZfnBYsqwxmWS7olZ3RJE1X2nRTCaatiQ2+0otmn0moqYxdndi6K7vRPvKyUTLDyaNXJTP+oLRgduZnp8vh0/ERcXEpfaWS9mJ3NSrdyST4WDXmFm5aczfuex+LNHeI5nIWPLPvPFbBQAAwDahD+t6LY4Glx0flihrTCba0FW/nkzScgRXJRSSiea3Ao+ZTO79HJeTW4LR2cWJMslETzXtF8blSxqIx8XL8x/rDMf1iexv59RgsNl3JBOZi1Txn7xq3rvh5aecNa5YZTJRHSYkEwAAgO1GJZNVdpusNZkIi7MX4qn5rTU8pykQLdy4c9mac4KSVp9M1Kx35+MBAACwpanZ8NVPJltRNBTpGZqazz2bHRsuMVYNxUgmAAAAKINk8gEWxoJqBvzRaM/IgvNeFCOZAAAAoAySCVxCMgEAAEAZJBO4hGQCAACAMkgmcAnJBAAAAGWQTOASkgkAAADKIJnAJSQTAAAAlEEygUtIJgAAACiDZAKXkEwAAABQBskELiGZAAAAoAySCVxCMgEAAEAZJBO4hGQCAACAMkgmcMm6J5PJ0zv+1OesrKqzB/5QU1Pzw89PnXdU3z9/vfFPZx0AAMCGRjKBS6qVTB4nxNH/7z/++ON//fjjf5GL9iPyj2r+ZC1XMJnsqKlxVi3z+ueDf/jrr87aaqr5/Ky5+PrG4Y/OT9rvBAAA2OhIJnBJVZLJP6/9yVPzcUPCqvj245pdpwuH5DXrl0zu/PtHR+86K6vptS2ZAAAAbD4kE7ikGsnk65qamt8ddFSKutea9mv06z/8vkbZoWcVlUyO/lGOsKr5l4+z9r6V1493eH5f87vfn79fqJUH+k9vnNTXt60q2ZNJzb82Pb17Xj3V143X9LrXB7/8yHxyc83Xj3d5ZN0P0TtPl4y6az/WyFf29Ia440/9suLjv/6qLT3+w7/U1Pz+I/UKz//fu/QtXzEeI7Y0eW3Hx3JTv/fseKxv6kZgx+9/ZzydSl9iy2fNgPZ0OKHe9Y4/HrU2ok2ePfjz6yuNX8vnKn7jAAAA64JkApdUI5mIo21xeO2oPPt5TdOwWpx09JnU1Hxk3vqnlRkSB2qs+j95ajp/M9YQR/IffZ9Qh/4ORcmkpqbJPKw/+XmN1U9izwadfyw8RfavMmlY6+zaVSOexVhPuyazxS7V9SFf4e9/X6M2fbLwprR/TpuDxJYe19R8bCyLx9r6TArPfvdozedHjRj2OFHzu6+NNzh5Vmzfencf1dSsw2wYAAAAG5IJXFKlZLJ8gJY4KDcrlyWTr89bNz8248EfRGgI3FHLT6Nfqw4WTd/4ZKlYoi1LJtby658PWg+3JxPZYfF/mfFj6demP9R06jlArFPz+Unbs4hk8rGVQGRKMXuEnsa+3hV5bK1nsT176WRy5fuao/etarn+R/+uv1mZTL626pv+tUZ19wAAAKwXkglcshGSiX1lkS5UcJABwO5H4xC9pmZHYe1ixcnEtlrfn6yH25OJiANFc07+9oMKMPZ1dDJdWBU7bC9GbNnKPNqLyYNf6sO5dObqpZPJjuLOkJNyo/rPRCQTa+N6R1PxKwEAAHAbyQQuqVIysbo7LAdraq4ZvRCrTSbL4422YZPJ00TN73aZq7y7z4RkAgAANguSCVxSjWQiZ8B/VMgeSo0+A1632mRS6I6wqWgyqfk6VggIv/71YzU9Zi3J5G8/GMOxdO9MJn/6XY09uonYVvOvTXKJZAIAADYYkglcUo1kos4a/IfDhfNW/VB01uDXtinvKyYTfQZ8YS744xfGQgWTiXoKlZccM+DfO5nIGe0n9arXv7YUNiXyjn3eSGHLw001nj9dU7HIMQOeZAIAADYSkglcUpVkopvsO6vO0fv7j3dcmy46Vdfj//43Uf+Hv2blaiskE2np6dc7PhJrfrzjayuiVDCZSEtPd+lzQ/6t+KzB751MNO3Kn2Ug2fHHo9ceaz/YXsmd07JHRF1y3r7l19NXjv5RbmzXARVpdCQTAACwwZBM4JLqJRMAAABsASQTuIRkAgAAgDJIJnAJyQQAAABlkEzgEpIJAAAAyiCZwCUkEwAAAJRBMoFLSCYAAAAog2QCl5BMAAAAUEb1k8nT0WgsqcrcW6Pu3pVeVXPviXllB2x1JBMAAACUUfVkMn2l0xeIqNI9bVQ2Bo2apiszRWtj6yKZAAAAoAz3kklxCFkqVfm+5nwnrjvrsFGRTAAAAFCGK8kkGD0TuyxySNudBb1uyS9jSTQY/KBkku2Kxk5FnLXYqEgmAAAAKKPqyWS2pzM6mLfSiFiYv5NUKSU/mGzqmXU+YJXejkaPRub74gMvnPdgYyKZAAAAoIyqJxMbFU5kMTtP1m6gNeI7lda0l76Wm0bVYDJxpTN65W56Qt7qDkeivZmB3qu+cGpan3mfaG4fGJqafzQqXoC1HbiGZAIAAIAy3Ewm2sQlY87JG+c97y0ciJy5JQ9e/YF2o2ow6QslrRV8gU614DfXtPS0RNbaU4O1I5kAAACgjOonk7fGIaYaxHUmdtkc1iW9Ms8j/J6mVMJRJas2MpjsLkxakR0jhXI+K6pmb18Phowa8yRhcA/JBAAAAGVUPZlUYwZ8tiOqj9hSpnytmVeaI5k884VThVWE8d5w75xa7D9LMlkH7iSTtg04VG8m1TborFs9n9UrCKxA7GbTzrr1lz7PnnaDunDM+HIQ2EjGmnrXckyILcaVZGL0XRR2har/xLfWswafCRYdffoC8Z6njmSi2Z9O+iV55o5xVcdwkM/LdVCNZGJ1i4VjxnSjSieTme5wpPepeWswaY0SfA8flkz8a3hGuGJ+5KZsfkejjacK40hdMaOaffBkQo2MrXwyGUz6u0atW+KvwHbfapFMqmthzB+M+ILR6JXCb2qVYqH3+IW22QcgmGMQsM3Zm4T+yXmXUocAACDJSURBVFjUSMy1lnzBy/ZHKXKd1oyjRt+DjTV2T9nrsT25mEyChaiQN9vxmpLJXGHWu673VERe2KQ4mWhvF5qOReVTnE9l9SPLtrC86T+RyA8k+Lx0X3WSSafxS59OBX+WHWnVSCZ+a5vuJhP1VxMMtIvjj8aixo2NYNZ3+q6zrgqCViMvmDGPDvO+QKL/RVWSSVs48sAcbUsy2Whme8QHa8JZW13ZNX1eY2tyDkvRSnw+vrp1OdYRNQar2PhaLxd9vzxxPRpbwx5s4sLxteyXsPFVPZloT0ejsaQqc+bn3L0rvarm3hOjHwNbXnWTiThWO5We15OJv/nqfG62MRjx60dv0z2dLZcy84+y3ZH2NnkCa60pEAkeiw6Mzd67lDA/a5d8wfbZ3LOWUESuUSCTiZbP+CP6Fzzmntd+yNWk5xZR4zvbm7g98aD3cktqONo7OpF71hSMyHGGMyl/KNoYuzmfm7JCTrYrGk1NTGSuixcpn3EmFbuSjPVmHlj9MzqR4XtSV7un+TPZgF76jhZ9HVi6VRxvF61C/KKt83NYNaKx3dNPei7aiWiNonmIRqs3v+yZ7lTT0c6B25k3+WeiyV0YeTafszdMK5nIzuHYkEwm/mNR0eREOzcODl4M+04ke4amHqR61TGEfDGhqGiZs2N3fUeTaf2pw8HIvUfP+mPtvmBx5B5MpuX1cI1KI5nYMrZ6s/KLp+NXZWvP9Db+PNzf2v7gt2dnQhE12las4z+WEH9W0RPGO53ri7dcyooXIGrUKRN9kVTj+VT/bX1ELlZNHPM5xwW8HRW/cX0nEzV3dJ3BY3HRih48GbV6wHxHr2bfWt/gvLwXi4bjN+/dviunaz5NW+2h1D6nkEzURiRxTJldcrRz9btesWlhS1hNMmkUzeztqPrS0E7uvoauJlS1fgUI87sVs43NpKzPaONDc9nOZz5390wgMp97ll+UTdd/+nqh6b4YjoZk83uQual2dNhcqp9MAF11k0n+buMl2QvcZp4RQe+sk8eCtu9m8rJvTT9qNLvdlozd68T1M3fUMaG5uzToyUQ//pO3yicTY0LIktU9ONcbT7+Vu1Tf6bvquPLBz+2yRu6yjXX8gXb5jGKd4sNcKZ85czQiOwltJ53DxiGiRThe6DYp2yqMGk22JXPi0ExK/xh+6TvRqyrydy7rzU+mi4R5aGiL3xYrmcjBEgN6n4k1j65Nb/ATl9r7zSxjezFGqxM1+sf8S/PwYq6nRU/RFplMtAtmfiiXTKz3Zc0bFH9E+g9CrBP7VX8X+bvqrsIf49Ob6pSJtoEfeC8zvaejwZZe60SX4jeeVvuwjqi1o1M1mp4l9P+NiGIkk4nr8tjRJM/Fb7YHx2AbXSGZWOfGFDs0sb91tHOjVa/UtLAlrCaZqKFcZtuz1cvd15S/QzZFmbGDl5cnE+sz2tivLtv5iJWtIRKi6ao9ldF0xa51DaMbsGGQTOCS6iQTY1SrP3xV1RRGc5l7SZVPFHWIZh6WSepe/ZPVKMUjFoxkIr+SEZ/o5ZOJuacuPKMaYWgfzWUuW09nPONaR3xhnb192dZsHPGXbxXWvfZPdLlc9KtXkaNo2EzpZGIMkW1XR5720VyqxdqHNaqntr+YNrPV2dth0WgKPZnoySfe+7R8MjH7gqzXaa5m/4HI60oVN3sVrkoc3+A9LHWf79Q7h+VRmu3HK3dTVhgWEifksnXyGNU87E1CU1/ZFMryb0MKzVLvsYlr5ln7He1cteoVmxa2BN/xywO3M3oxv8wrTiaikUSz8ouJC8ed0VT97Yf1Rhg2e30dycTa1Rh3Ldv52JPJ8qb75pGcBNidmTUeg02FZAKXVCeZOA/aSiWTwr5SfbG3PJnIfV/pE1ibyUQ/4HswbXwTYz/kCi77jF+eTJp6zP3j0FWxF9bXKe4hIZlsZuqzs3SrCBqNofdUZF5fsGrkKQTl5WKHC5OI3mb1kQ+rSCbFs5CXJxP7zBCx/KpkMnmbXXH+kpFMtFe/JP3iyPK8M5moMxy+M5ncM1aX73S++I9RIZl8OD2BFPZUxfWmpzfbBpf8epzQzP3kdHenfUfU9o75bEXNcuJS+8TbrOqpc7Rz2arLNC1sCSX+cu3J5OlNETyM6NKbVCMaLGr3JaJLz9Mp1YTeK5mYp1ctJBPVUbzcm0cpx1NjUyCZwCXrlUza5IAopTCay5FMtInrxV0lFtvn/XSq8WyiUd/mvVhkxEgyS75VJBNfy0011CbbEVWDzeyDKCSSySaWF5+UEyu1CtsAKrVQmB4wvWw010BCjeZyJJNlp+x4dzIRNdZoLtXYSiQT8dQrDRQ0k4l4UelItOW0/uJ/u9mSMjbaop/h8J3JRH1pKg9T9OOPM8ZEmoISxzd4T+oLFxEVHJNDipKJ9szfMawnYWnF0VwrtQepeAb805uJK8kBfRC/o52/o2lhSyjxl2tLJqI1ql413Zz45LWPkjZ2X29HG8Od8sSqq0kmy3Y+jtFc1sDFYjO+2LCzDhseyQQuWa9kIg4Tz5zQT8t20vikLJFM5IU4e2VHcKjzQdGEuaJvIi+cMIZJiG02heSJsxpbUzE9+ZRPJunFuXQ8LrYfvT1r3KUthvVXFY6l5TOSTDafmaB+9r/GU739j9Snot4qRE1xq2g7GRVNZWTBnDdi1ojVjC2p07+KZtk7pt8uOgScu3O16WikeKz2u5OJMBCLy80ebVenHimVTApnng2eLD7RUyGZSCpoCd2t8kxxvlB8ri++mmSS/1WOqSi8U21JvveAPNVyWj8iKXF8g1WYvpVsOq7v1prj1iHZgL6TETXRPnkcWJxMZCxUQUKz7yffLqhGey+n3zTbw4XBZ8YKBc5zc1lppGQ7X7FpYUuQf8VmMapsycSYP2lKnCg6TbC1+1J9y9pqksmynY/0JCOePaZvrOe8vrtTTffFaOKUnAIn/haMrWBTIZnAJdVIJsBGZg8DluU1wGZkpeWS7RwA1oZkApeQTLDdlDxiW14DbCr5+UfZ2MnC+JmS7RwA1oZkApeQTAAAAFAGyQQuIZkAAACgDJIJXEIyAQAAQBkkE7iEZAIAAIAySCZwCckEAAAAZZBM4BKSCQAAAMogmcAlJBMAAACUQTKBS0gmAAAAKINkApeQTAAAAFAGyQQuIZkAAACgDJIJXEIyAQAAQBkkE7iEZAIAG9xwy94pZx0AuIdkApe4k0xm+095ar1f/Nhh1Sw+7tv5qddTu/svd4ya5J/3emoPWitoS09ETXS6UGE9xKpxrCAeYt/C4sPuulq5furv+u0HrR55Uxb1qNz9jkNf7ZY37y9Yj8LW89N3e0VLqP+uqVCVy+zZIX/1VsXwuYYjNwr3a9rzOtu9QtexQ6rxWCu84yG5dF2dt+6bkHHzZY/V/NSjRHsW69ftaPhL30zhUUApwyf3jjvrgBJ++tzr+cb4qB0/vd/a7ZBs8YFIJnBJ9ZLJzpNpczHzxekx+f/SWH1zRi7Mde9r02tMYmea6Wkq5Iq/93i+CosaK3gcqPOWfEghmegPsSWT554vW9VSy5f68WJ/KGXep1vw/D89eX2p66B3segubG6zFw/PmsuJ773qtyybxPfd4r/mHd76YJ95v6blh859tztxo6MQM/JDnh2H99lihnhIbsm6Zaxgf4jYgv0h4+f2e+oC+uJzz8GLOfH/5PmiFK1pnl2n1EKmaTcHnQA+3M46bzJUSCYpf9HXK8CHIJnAJdVLJp7ggLE03XFu0qysbeh6rEW/KbW7vBEq6jPRa8yDuRkj0jgUVjAUtjBtO9C8ERJPOtV20DpaVTw7whk9kfz0WanXg01rKnrQ+oLwiC1g7NGXRT6RUcHB3mB0amVFRRqnlR8innRP1OgJEZVHbslgbCV1xVN3SP63NHnuG4LxVjHdsa/OO/tSG44fbr4vK1JBb/Tb3cm+Pvkrfpn2fNWUy83s2+Gd0oPuVGfDHn9H+lbftTl5UwTg5MhM6tzh+tq99sdeuzMpllWT9tTtP5IcGr/RWi93sDNd38qHjA/2dD1UrwDbnWgqVjI590c+2lAxJBO4xI1k8rLnQPyJUVl7UGQJcdw2HA14ar0HzqULX0WXSyYDBy5OWg8ptYKhsIUHrVYc0u6HxWpif13/iezUrv/OGGBzZIfX83lIDqr5rjDMDFuAPZm07LIFDJkcZMqd7W8Sy/v8tryxcsxQD9m3Y7fnk72rfMihWu9P/UblAX34lnhJ9XIsore5b0blkOi33uYbM9Ef9no+tw0zw2Ymfsuez8L64qT6MkXsdva0GXui8XP7k6r/bvL8ob89F/8fqis6cPR8ZuyaVDea/bFGMnnY+lO/fKBQX7tf7BjtwRvQipOJaB76kGaxr7tYvBbw3kgmcEnlk8nSYi63IIrncI/4d1EPHulzcoz+oeiQpzaQfCkP4NQHdD552FOrf3OslU0m0x31/j7rIQnrG+/3SSY2z9XRw0+fe+v+GEqePFT3R2NcDTY/2fyGTx8c1hthXoaARRkqxGfzsb6d+sGc55vz6htrbeiU+mJbWjlmqIcYi6t7yPJkYtFHfss2f+673c19mT0irnx+uHA3NrWHrV/UenOL2lQyYPWZmCG5KEWIY8cpub8ypyHpK1hTAjz6XDjbY41ledBpW0fekUuLhXPJopGu2M7syaQg31N63AGwaiQTuKTyycRU6DOxV+5qHdeP24zb0x17rBntZZLJy57Csd10R+HQsEwyWTaay04eGi6N1QcHVNo5962Xgf5bib3PxE4EY00bs8ZZ6X1x5skPVo4Za3hIidFclgetO2Wbf+75Vj96WFpIBfdee48/LGxouRthERXqvlKzjN4vmew5PaS+1lHf6ZRMJipyq6LuWpweqKvzJqwvYrC9lU4m5iw7YM1IJnCJm8lkKtrQpQeJ8XP7x/UvreX3x3XmZ3OZZCK29mWr9ZCUbQDYislEf4haMGbAW5YmPQcvao87/jJoVBT1w2DzK5lM8jdCR27JkTCeuoAaVJPvCRTaz8oxQ9MfohZW+ZBc/JBzBrwp5d+td9mlrSGORf0w2Nycw6vs6UI0S2M014PW0qO56hrsN5cnE+1h675o6QhiBF1se6WTyeT5wg4HWBOSCVxSvWRiJ4e6frL32uPCRN/oj/Jshn8xx9xLZZOJlh+yHlJ6BV3RFv4uz8rqqd2tnjd10jjrqzXiVtSoU8f+FKebe+t6fFH+3ut2d1nnhl56kjrW4JHDC22/95VjhrT0RE5S+nT/ezwkPyTPGmx+dz5+MeT4KxiOh+SX6zsOHjjZV3gUNrPMyYN1nx++1tcnSr3eGOzpQrimNzzbb3zxgH7icmP++uLMF/qJ0ev/eGixZDLRtNm+U+ohB451a9rMNb/cYN3nDZxEAYo9mTR/f1B96vEZhw9HMoFL3EkmALDlfVG7v+WBsZz4vrirFgA2M5IJXPLkyROSCQB8uCM7vPU/dORyC7MjPZ4d9jkkALC5kUywDkgmAAAAcCCZYB2QTAAAAODgXjLxByK+ZcW5ErYHkgkAAAAc3EomE9dFDjkTS0atcqrdF+h0rvYeluYn7vqDMt6EY6nsU+fdZXSHI/1js+nxl75ANPar896K8AUTzirYkEwAAADg4FYyGUw6ekge/NzuC6fSP/dmX9irVysdi4oNtv18cyCV8gcT/erc7asTNF+JL9iemCi+r0J8wcvOKtiQTAAAAODgRjKZ/5+EHLsVbC90mMRkULkwLkJCvOd9ujsMT2/6zt59nzBS5MP6albkr85mtySSCQAAABzcSCaye0Qkk0jR9XdETVb8G04VX79uVaavdIpUs1w6HhebDZ68OjBrXAzKF77Zcz4uB30dbZ9/q2kvRrvPynVUB46IKN36xfTmR1K22S9JTcv6zmfNrWabrqgr7mVjQ9qZE1HfqbS48WY22xiS6/c/ks91r6NTPVzeJ7ecVA8Wzx48KlJZdGTBuJx4WyAyd6dXrOm3vc7thmQCAAAABzeSScm57zIbzKRKBox36g5HlueZud74hXF19D/XeyqSfSuXVALR5X3He9WS1WdiJpOXvhPX9YqJC8fV+qWTiS8QNSsLxLuL/iIX7F0xKplkO6LWMLNYKDKnL4hkklaVv/Za48q2G5IJAAAAHKqfTN6OLs8kspy9K/KDc+XVEQ+856zTYkdtW5tJhfueaba+C/vysmTyzBdO6RXvSCbmgm5hrOm4nOsiStugrFieTML24DGYjA3J/9sKlVnb8vZCMgEAAIBD1ZNJfkCfZLKsiOTQstbj8gc/l5i5/gHJRPZ7zOYXsz93+oLqrnclk7HrjcFIT2ZiPvesiWTy/kgmAAAAcKh6MmlblklUyWtLvrN3nWuvVt4XiLb0Ttmr5vrisaHlo7lWlUyiIccwrRlfy001+Gq6u3N5MukOR3zNqptlqUyfSbYr2mvO77eP5jLXIpmUKCQTAACA7anqySR6NPLGWSfN377cm3NWvoe3CxOpXuN6JheH5/W6kV55yq/gyav9j4zpHatMJomwGZmC0Tk90oxcSTQaM9dnlicT8ez3fpYz6ZtimQvHjWQyd+eqqOn9TW3ZeK6BeFxt596Twgx4tUAyKVlIJgAAANtT1ZNJPiuP10uWV85118nbGX9zcuB2RpSeeNzfNepcAZVGMgEAAIBD1ZPJxncvFnlg3Xg78wFjzLBaJBMAAAA4kEyEpbaT8ixb/mOd4dhN552oApIJAAAAHEgmWAckEwAAADiQTLAOSCYAAABwIJlgHZBMAAAA4EAywTogmQAAAMCBZIJ1QDIBAACAA8kE64BkAgAAAAeSCdYByQQAAAAOJBOsA5IJAAAAHEgmWAfrkkzS5yPTxTXzqcS9F8VVprZARP6Xu9tyNOq8DwA2rJX3WmX2eNXgC6ecVYCmNQUibYPOSsBCMsE6qFQy8R1vbwzqEcKqCUVX2uVZycR3Puu4azkjmQArE5+vA7czqsxpL/WFm23HjcpX5mq+QOSB/WGaNv2LetRNX0uvXPhlpvh+4J1musMR39GrhYq3o/5Q1PHli5ume+K+43G9Yd9tOn5VI5lsYW9nfMFO9btubL7uvPddSCYoj2SCdVCxZBJIprNXExPm7fHenmxK7fLEh6LxIT1j1KhkIg4cxZGiKE1XZqavdKblPVmRQyZSSVEZ/nlYPchIJjOpJjOi9JyPywcej6ubYvvpWKc/GBlYVBXYdqy2YSOPF4sqZPuc87VmiioNM2ZInvO13JwzKl/6TlwXLdMXvnnhVLtocv2PzBaWHxPtTbTA2B1zXWxfsqX1tETMAPyy/2zE+PLF3GuJVjS9oLeZQOTCLwuqRt/jyZ2hlh+VO7Rge17TulvbfcHoSF5t2NhhqtXUBrt/W5oekHvI9JOluTtX5QNDxp7QNOU70VtcI3eSbSejYmX/yaSquXcl2XRM1nT/qp5Mfk8kn/2EPLrN/3pT7ZxFUXtvtdelwW84g8nu4q9T7DtDI5GKZjOz1HQ0cuaWvgd7kpFN8Wj0lUomdxYaj4qb7fNvjUfFTnXKz+VYZk6vaQp0qpYmH/52Tq5stg1x79ydXr31mo0WWwvJBOugkslEG228NKXfWsp2RF+ZH6srJZP53Jiv9e587tn8qyV7Mgmevj6fm/IHjE96ZzJ5O+o7kRQr3LuUaBuU+0JfuDfY0tsjvyzHNrWKZPJyoDUyIRtqwlZpsZKJWCHe81RfepEJ987JZHK0Pdo7Ojt21xfsVAcBsVCkf2xWtEB/oPRYHWwnsqXN98UH1OispzfDgfblySR4LPrgt2fzj7K+QKeqsZJJ4mxiNjf7oPdyS2pYtLSJzFWRn+Xer1QyiV66Go7dlNs50Rs8e33+t4me1mjhKyF9HdFubbclcRgaTU3M5p5FT0TS+uuMtSQu9I7K7QQvG+tEUo3nU7LbcOZmUzAy92rpQW8iNrIk7zP3uqLBq70uNoqJ603Gx66hZDKJXUnGejMPxJ5N/+V2pzIDvTK+ipX9oei9R8/E3qzpihFxwrHUfG62MRhRH+gimQSPyS448fB7sWj/o3z+t2zsRGRePUUgOpF7JneP9MttRSQTrIOKJhOxC5MHaq9uXZZjG96VTOyHg/Zkomq0XDrc90xblkzsh5vqM179i+2syfwOT32NpytKJnO9cdVOek/JfLJMoSk++Lndd1x+Zos1X+ktU2QVdVe2K6oP2pn1xYwOvVcDie7f1CK2LdXSlnwtN8WNxImICAbLk0lvzlhbNUt7MrGGtPoCZkgI6Bm4VDJRe0WtaJhrofVKy75E12QyuWouZq0DUMXaji9odKfINq//CYgt+7tGRYO3/pREg2d/u9HMj+gdXMF2s4ujRDKxfulRkTds7UOsbLUo9SFu0buL5cPtGyy0ujuXZZP+JWntAC8cL6yGLYNkgnVQ2WSihjSIf+Xn2QcmE/MT1JFM2mzHoGYyMT5QsW012eaZmHVFyUQcL6oDR3FodWHcqrbYju0mrjfqATtsHlNaDcxcztpaYGT5USC2GaOl+QPt+r9xccS2PJlYx3zLk4mxe7TtysokE6umTDKJDRVuKbbvs4396kSqN9wsxyhaYb6wjvwTiMwtatOpy7GhJbVbdux1saG8eTrRH48vDxJWMrGajRy+ZS47blrJpFuNlxZl2QYHWiP9My/fPB29EI7MGbvE5d8KYesgmWAdVDaZqAEwxkj95clkvPc9kskq+kwUkgnsn50mezJZ8gXjF8zoYg1fsSk6tnt16/LAixl/x6hmfPQah2Jmn8mML1Jysgq2J6OlTVxqz+Yz0awc/lTpZCLnrqw2mWijy8fVOJPJ0FX1OjXb345tnbne05E35o3iPyVsXKpJ2HaGL5cnkzMBZ5+JI5n0npKRQ7gXK5FMtKHegQWj5UiDyYTVfLEVkUywDiqcTORXhhFjvLW5NxQ1jbG7879NBE+0FycTzRfsvDA0O/3kpT2Z+Juvlp1nMiEelX00+yCTCbfKb8FJJrD3mZhD7AuHU68GEsbUEV1Pi/HRa+M4thMt0xj0pSeTaMulrH2eyYUTkWhvRrTA/itJPpe3PaulzVlfG1cmmYgNhhLzcnJItPGEfrKvVSUTLR2L+poT6s+hreOutjyZvMj4wlfvPXo2IOdKLU8mL0e6jO6UM1fGZIW51xUNXu11sUFM98TlpJHbcl+kfoMiWiQyU6rZLE8m2nSqKRjpyUwMpIzU4UgmImCf6Z2YGLrpDxkPL0omT9JWD0n6iYwoov30ZyZmH41eOEtn2hZEMsE6qHgyuXDcPEeNuTecu3O1KaTO3THqSCbyVDBynOusPZmM9MozzxifiMuTiaYNxI2+5mifPHokmaDJNqLAPAQsJBPbeZOkV7cuF80YlpzHdkGzsakRXDH93FwDs+a5uRZn1Qlq/M1x+5axLRVamk8f0KVVLJkYe8jonbm5vvjqk4looOpMXHLvelHOiXImE007c0Ku0NiaKrx4c51svNN/zAg2Vm5Re13R4NVeFxvEq6Hr6pxv/mNxNc/EOHOg3mxKJBNNezOrzs0l2+ryZKK9nZP3huJvfjGijj2ZtByLmt8B3fSF5GQkY5ZLINJ09rq1GrYMkgnWQaWSSYXY55kA62XGOrmwObcE2C6sXCTEmNaMgll7Bl7hPIfYUkgmWAckE8BmVn7/d7zwiUsywbbzJKOuaOE/1jlhn1SAbU+NaPAFo8GTSdtMJGxZJBOsgw2WTAAAALD+SCZYByQTAAAAOJBMsA5IJgAAAHAgmWAdkEwAAADgQDLBOiCZAAAAwIFkgnVAMgEAAIADyQTrgGQCAAAAB5IJ1gHJBAAAAA4kE6wDkgkAAAAcqp5MXv1yVV68s6gk56dnnOthOyGZAAAAwKHqyWT6SufyZCIqg7Gsc1VsGyQTAAAAOKxbMhELeee62C5IJgAAAHBYz2Sy9nAykwqevzlwOzOQSq19I1g/FUsm+aFz3+321B501gNVNnWn71pf30+7vOJfWe5MajdC0Wl5Vyro9dQesq37pH7H3pRcmIl+Y67f1zc8Z1tFmezwfHJQ3JWMhvZ84u2alHX61ryZJWOVPbXeIzfkgr3ZL/4t0PLAWJ6KHkws3zK2mufp0N4j8Uwm3rQvqjcUwEWe2r3Dj2eG+1rrgwPO+4APsy7JJBKNJVVJZJ45H7AaM6mmK+ZMlelUU89s0b0fxh/odFah0iqVTH76vmN8segQDXCTSBqFG7ZkkmnaPW5Wj5/en4ketJKJWV2Cp3a3/eYXtXJlsbX65ozVyEsmE6G+dq9a8HwWstdjS5rtbPDUGb/on/R2ArjnVpPa1wnn/kjzQ4WtTzKxSiFgvBd7MpkpJJOe83GxzTNXxubfypvd4cj8L9flEwWj6SfmV47aUrg5KtPRbTPPDCaz2mLj0Ui4b/Jeh/Fq07YNBpvjb8wHoyIqlUwUkgnWy0rJRLsfPvfQqP7LZ96pVSWT555drfbbLbuMZOIJDpz7xjul78NWSiaJ771T4r98z4H4E3s9tiTZKr7pUMtlGxVQeeYOTRJNsZLfDQObPpks5puCxmiubFc0rS/N9Yo40a7pyaTnqfGIcDAi/3t6MxzQF8RqffHYkP5RP5j0hZLGeprms/pMZlJtg1Y1Kolkgq1hxWQi+y7Ceu3z+qaMPZl4avXyTYcMEkVmPMXjIsR2psxkIm566hq0lZOJDDY79tbz9fn2IBuS2VpUOwFcY29y9pQCVMRmTSbWFsLxjKqLHTUih8wtevyQfSbmI/rPRrKaNt8XLwSPt1l/16hcGEyeuVU4DratMOo7UUgsqCCSCbaGMsnkgAoJcxeb71sf3rZ5JncmFwuPVGY8P/bYb6f8RcmkeYc3Vy6ZyLs8Xxb1umCrSv7o9fj71HLie+IoXDV+er+VTDLNuwnGqKzNmkyMB+bv+iNGMgkHIvO5Z1bR9GRiPWK6uzOt96v4AlbYmPGdSsvoMpjstr2KQjKRlnricV+QmScVRjLB1lAmmSz+LdA1N3buS7m8utFcK84zMb8df+6pCxxZOZnYv0fH1pa7eMiaZ3KIjjK47H7YmmeiBp0CFbTJk4mmXTgReaDPKhGpo3vamkwiiWRiRQ7Vi6I9TRvDuvTRXNGsMZpr5WQiqVSDCiKZYGsok0w02TK9nsPyi+0SfSarODdXwjo3l5k38v0hTyGZ7Lc2pbpfSCbbSqbZODdXfbPx9RzgGuvcXJ7vu533AR/mvZLJ/w/J3DHc8Fr4PAAAAABJRU5ErkJggg==" alt="Screenshot" width="100%" ></p>
<p><img src="data:image/png;base64,iVBORw0KGgoAAAANSUhEUgAABDMAAAIGCAIAAADGMlPIAACAAElEQVR4Xuy9C1Rb153vP+uu9V93rfv/r9u10k6nvW09U6ed6Wse7Tza6dzemUkyfWQeMXFL0ybNTeKQOM7TSZpHkzgPp4nsgBWDbWywTf1EtgzGJsYGHLCMDQaDjbExNgaMAQPmJWSEACGh/2+ffbS1dY4ksF5G8P2sb5yjffZ56GjraH/Oiz9auKkVQRAEQRAEQZCEzEb6t0UqaVmY1aatI+Wrm9r864cZZT7el7REthqUtoVZvjq/O95vG3ePTLgn3FOuKc+UJwCOsUmRP9IvBkEQBEEQBEGQxMgsNpO3K27RTLQjAQiL7oFRbREAAAAAAIgxU1Me95TH6fZMuKbsTvfwuHvA4eobdfXYJ7tuTnbenLxmm2y3OduGnS3WiStW55UhZ/PQxOXBiUtKmry5OBAqolqTMtVlZQ40K5ohzZZmftXmbB92dtictMTrI5O99sl+h8s67qZVckxOTbo9rilCu/IemAmIBTATAAAAAIDbgnuKuv6s9z82OTUy4baOMSXod0zeGHWRIfTYXd0jzBY6magweejw6srVYSU2FrKL0OHVqH67IiE0hw7FfChdio10K0JCCyUvGlC0ZMQ5RVoy7ppyuqfcMBMQN2AmAAAAwJyE9SfB7MbtnnK53ZNu94TLPT7pdjjdo073yISLcnPCZRtnGR53WccmhxyTQ2MuFmVg0DE56KB/SSQmZxKlMv2rzMT7L4kQzXx4jC3l5oS6XLvTPeaamnCTk3hImdxT7NxOQGAmIPrATAAAAIC5gbbbCxIB9xSXkymSE54xpigubikUu2ILzBkUc1C9ZVyJIjBK3EEi1Rn3Tc5nZVdmzpfiUBZKix73roZyMofUKYiXwExALICZAAAAAIkO6+C63S6Xa1LBCRKNiQnnhNM5PjExPuEcm5gYY/86HeMTSmjAOTo+4Y1ThI+aYaQJ1Vl5R7Gl8CUqi2brQGvidFJDmqRGpehJAD+BmYDoAzMBAAAAEhquJSQk4+Pjo6Ojdrt9BCQyN28Gysj0sd28KUdfIUB0CxJQQ6LmRI2KmlZAOYGZgOgDMwEAAAASGuoyulwup9NJ/UibzWa1WoeGhgbBXGdg4JYzc6gJUUOi5kSNipoWNTCYCYgHMBMAAAAgceH3KnAtWVCxDEGiHi4nvKXJbQ9mAqIPzCRBmXB5ukfd1+1RiHVcexQEAABAosAv5ZqYmLDZbPo+JYJEHmpa1MD0F3TBTED0gZkkIqQlesGIJINjUzRPAAAACYcwE6vVqu9TIkjkoaYVEzOhnkfXTVfTwOTFfiUDIi6WQSlDLJet7M+saOcC5hYwk8TC6Y6yk8jpc7i1ywMAADC74TeZjI+PDw0N6fuUCBJ5qGlRA9PfahKRmdgnpr6a3rsw48bCdTcWrr+xcEPfwo2U/oWb+hdmDSzczPL17O7flIw8UnLza3/ou3OH9c4dw3fuGj7aNamdF5hDwEwSiHHXlF4noh7tUgEAAMxihJkMDg7q+5QIEnmoaUXfTNJPjYQ2k7/I7v75IVry1KjT/dO8G8JM7txt084rSix/+ZUHHnyYoh0RVfgiYr2UxAVmkkBE68aS0HHCTQAAIHGAmSCxTkzM5Ksf94Qwk29kd5V1OW0T/K77qcFx1507hoSZDMXmBtl//beffvXr36RoR0QVvohYLyVxidxMzPmlciztvLhTUz7sP1UUSTJWa4si4NnFr2uLZgfDE/E4YcKjXTYAAIDZCswEiXVug5k8VjpEWuJys+XRf7YJ953bfWYSo7tNYCazgcjNxJBmMm7IU5Nuyq3nxY0Go9lbbk41mrr8p4oicTeT7qTFKUt3tWqLFWiUfn0OvJ6iKfF07Wc1eR58fldpk7aCP1G/5T10cDc8AAAkCjATJNaJt5ksKR0kFeELo3+crqmtlyfkq7nsMJO5SzTMpMD3or7UZyZ7G72l3SXZc8pMns3Mfm3xMm2xx+M8lrY+NYCZJL20IqfFv6hrv1neIs7WpOSVRQNSiT96eYh1ICcAAJAQwEyQWCeuZvJf5t7eUeUaLgWXe+pA68TXpTvgYSZzG5iJhhmZibnbU599QCcSSxevrDJqzcRauPL4mCcpOU0u1JqJx1P6fkrSS/v9iiT05hBJPnPAri/UpHsU13QBAEACADNBYp24mskzllHruM9Mxp1T9+27fud2K8xknjB7zKTTzJTA2VP96CPLkhanvLalTFPB2lL26IMpSYuXrSpskMv9TODa/hcLrilD1dT1byvdlpzMrph69JV0Xx2F0i0r+cVUL6Yeksv9zWQ0aUmm9JKjmImnVX9BV9L7ZToz6TYvZ5dyrUz2v6BLZyZswuWBzSTEI7mqy62fyRpi2Tp0aEA7NlhmYibXcbcJAAAkAjATJOysvnog4LAm8TWT42NXb06xv52iVLNNuP9xexfMZP4QDTPJq65tUHOo0GcmORZveU3uhhmZSfIDK3ZddaqvXa0PZfoMJCl5RU6Td1WdrUmPZNaNeUcJE7BXP5ourKA6+YFlVumSpKTFK8Xwi8kpdt8YZ9Li58ULYSad5hVJD6wQ5RLcTDwrF/vJhrVwZYNLEQzJTBoylyU9tZsN1WfvuiqKA5gJqQufrZ7BsVBmUu0d/kyWVV8hYGAmAAAwZ4CZJGK+dPSxL+oKQ+Qr5Y/fceTRPznmX25J+Xz5U5qSPy5jA58tTvmSbib6/NPpt5Zc3EgD9C8N6yvwxMNM/n7T1Z9ta/2bjdf+enPnH5rc3XZFTpTlDY65frDzemgzeeX1N3h3/3Rtnej6U1alrnE6vT1Lj+fHP/sPeSwl6ee/FGP1ZrLwz7/FS/7hhz9qb7/2l9/9e/7yl7/+zde/+ZdiJvf85N/FJLTOf9i+U7OUFe/4+qCikL+kzSrXpJei5vwkcjOJFmQmRVa/EpIE3n2nUVX+H1Tb9peTnlB6/MJMXNeSX5HPOVQ/lOV3aqUq1SsSXfvXnJLHeDwtu8V9INxM7KfS15wKtmVUM9Fc0LVUMR+NmZAOiTpJydJ5G9lMxmyrnltWxM/0BCLEw4KFmbR12e/8xOsb3faKGxMVp4ZfaVGrfTlrqLpnPPfMaJvykpnJiOPLB+yXdDOUo10PAAAAsw+YSSLmVs3kjiNL9IUB4jWTmWf55W1vtpjoX/0okZibyTfWdWxrHK/onNhcP/Kt7N5lx0ZO3Zgam1TPnNBS0+pGZmgm3/7rv9VYwc9/+SCvszrVqBnFk7kxi1fQmEne/gJRh7SESoSZ6JeyKXsLn4qkRTOK58xZ9dC9KOEvH0tZKkoeWaJ7YtL8Y1aZiZ9JSGZCUuHzXc7pzKTF6gkNxQRGq4zPd/rZS/Vrh/z+FA85gzpUmV7qPd/ipe7FAvV8BTeTF5N9Z1F0eM3E/4KupA8rPFozaU16v0ys+VL5HIv8bK7FKevN8gVgWvTOIOK7mmuLVacZjh8cG1MGxj9/yO8kCZlJ7oGhcyPauWmiXQ8AAACzD5hJImb2mMk/nX5rZVteiBMmC+JgJh+fnXA42RkSmn9N98S3N9946tjNU71T1+1TyomTKfbUYOnvmYQwE8qjS574cNVHshVQhcqqU3KJJucaznv8zUScLaG0tKq9PWEmlO/+3Q/eee99eSaa1dBncpL99Xr5pawlv/7NI+LtzGdmlZl0+pcIM+G3avjRtf9Zb0c/yViR9MiHK15K0ZiJ5sSIMBP9gmgzCJ2gha55JOUh6fouHcJMfHePWAtXtikDspmwS7kk/aD4LuiSz5nYy5Zu196yIjOTcyaU/8wa4gNtHfY7/8B05bvlDlbSefPBs35TfWb70Ge2Duvnpol2PQAAAMw+YCbxzFcsSylfLlvyx2XsMqovf7rki8eWfqlsyWePPskqWFI+f3TJ5z994kuWZV8sffSOkpTPlqZ8sXzpgoqlXyhZ8iXL0i+UPsavyFLN5BhVeEK/lAXlj3+h/MkvlT9+R8kTX1EWSmZC/9Iomu2fFD/2hTJWLjzkc0cepdX4iuXJzx55jJfcobua67NHtQv6nLLO/IQJ/asZKyfmZpLV6BocU7xEadA1vRPf3srkZGuTq802ZR2f2tfqnOE5k125e3gJzUd0+ju7umRDEFOJkq994zv08q5/+5lcjedi0yVRX5gJeQsvaW6+Is9WDH/7r74nplq0OJkXkofIdeQ4HNpj5vOWyM0kiveZBDOTac6ZLFcv6/LXiaBmMt05E+VxwK5rSS/t91cdgc9MPOeVu0dadj/qvYlFNhP5zhaF0aSHsxv4PP3vM8l5KsX/QjY/ZnifyT8rZlJ9zPqZLMU6RuyqmdjH9OdMrl+9+YNjfGzQaNcDAADA7ANmEv/oz2CQCbABS8rnjjJ/WKAohL4aKQqvwMzkWIo6VfDQHPipFTErmq3vZItqJk981rvQBcceD2YmCyqelC3ojuLH6d+f1v3+gYaPaYD+pWH/+r7E3ExePjZ2yTo16b2xZNw19eSRgX/Y2bOk7Oaha+5TvVOPH7XN0EyuXesQhaLf39HZKYZ/9C/3iArf+4cfinKPdM5E5K++9w+iskcyk3//ryRRKM9BDH9gWC0qiNM1//DDH8l1ROR7XUA0zCRqz+YKZibWQ+zBuzIB7jPxeBqyni/13dge3EysJSuP+b9r3X0mxGvJKUFOZUhm4ml9dHsrOzeiXMrl8TOTVlEoeGhxirpofzNxns5cVRn0g7gZ/K+/k5kc6hk/1zNefXnkM1ttrLDR9vmsobYR5/tm7zkT730m+RX2o8pL5Q74yc9kW9+/Oqmfp4h2PQAAAMw+YCbxTvnj/IQJi+WJzxY/dseRR4WZiIupmJlI4vHl8pTPUrUjjwozoZefL9fNnOf4k+psA5mJTzn44uQruLzDgcxk2Z8UP8oHmBcdZwPyqZIQp01ibiZfy+j4sNrZOjw1wq7pYmNJTn59sO/OLf3f2Nzxzc3TP5vrt6/+jvfy+/t9twCLrv+1jg4x/IsH1NtOCBIMUe4JZCbf/uu/FZUJcXuJPBN5DmJ46x+2iwokS7yQn5nRLIJy3/2/EJVBQpiJh90+/nJW/XTP5lJ0wjsY3Exm9mwuj6I6VVI9L7KZsAu6kp7azS/l8khmQroiCgXWwpXqiRTds7lozZ/NDXoXvF4bYh38PRMAAEgIwjaTf6x584Or+/uctgn3pHNqkv6l4ZVt+xZWPKuvjPB8sfQxIQlfKGHXa/Hh0GbyORKST/lpjSd850wqln2++FF2UZYudxxhJzSUgRmYCc1TnTm7PCyEmSxQ5OSO4se5lsw8wczk+vXeWgUaiMhMFq7r/ec/DFb2TN3w/o1F+jfnwuj3tnbcmTN05x+Gomgm3/zL74oKpAqi3COZyXf+5u9EeV3dGVF/5mbym0eWiApZm7fywh//7D/kOnJGRkZE/XlOopjJpV0rkhcvO3C6yXq14dkHUkpv+KrJZsKeqXWav6NQZmJv2p381MpLPTar9dqq55atKusXo/z+nolyTZfvpYqfmZCBvFbom1yYifYPmHDGKtRynZmws0DJmqu/fOjNIdaxjmu/9QAAAGYh4ZnJdypfujDSMeHWXis97nY+3bTlTyue1k+CUJQbOdQTJqyXr5rJE9OaiTpV+eOymZBI+KRCCr/UakEFu71kBmayVCyIZhvaTBZUPHmrWrIguJmcP3+emwkNRGYm6298bX336V7XzQmfmRzrmvjJrqvRMpM3V7wjXn73735wpLjk23/1PVHycfo6j3SfCQ3/zd99X4wVcjKtmXz/h/9HvPzpv9934GDho0ueECVNl9gtK3L9bTt8zxf+8b3/KeY5n5k9ZgJCEOJWk1iEFqddAwAAALOSMMzkL06+MDkV6sR4wY0aqqOfcL6nbIlyhZUSds/G0i+WspLPl3ndIIiZLLA88Xnl6qwvWpb5mYmiN3qF+F9H2Wz/+OiTn5uRmSz7SnmKslaP/a/jT05nJuEkmJlwLeFEZCZ3ZnSXXJuYVP6CiUdp07aJqV990n/n5hvRMhOP5BWa/O33/4nX1zw1uLWtTdSpOsWOOk9rJvJLTR76v48FrJ+7Z68ogZx4omEmvtvflbQM8uIhTfm4/1TgVhkOfrdJ1KNdNgAAgNnKrZrJwopnx3SnSvRQnYUVz+gnR+ZhYm4m/7qz94aDPx+YLcDlnqq4Pvn1zb0Ltw5G0Uza269pbIGn94Z6IY7+Ly3+/T/+b17yF9/+64oTJ2diJkWHi7/7dz/QLOJr3/gOf2Swvr7H/wnFQ0NDonx+ErmZgLihV4hYpM8BMwEAgIThVs3kH2venPJo+3WCS/brfBzVoZr6ycNL6WADzbBksEE/alalebRHXzhteieG9YUzz5eO8pvd5bMx2jo83zq5nG9JTfnaa0UvXPrDgojXJFhibia5ze6xSXXek6Ql3c6vZ/Uu3DI4czO5JapOVa/P3FRzulY7IqqUH7NszNpceKhIOwKEBGaSQIy74nHaRLtUAAAAs5hbNZOq4WbtLLyQOfxpxdNXRnv4S6qpnzx0Tlgv6QspV8f69IVhpGW0l3rhNNAepRlqEtBMtnVb9IVyYuQD+hy3Xgy4JRPeTAy1k1dtbqdramJyytLp/NqmvoWbB0KYyc3IzATMZmAmiYXTHcMzJzhbAgAACcetmkmwS7kcLudXK565q/Y90ecbczn1k4cONxNT78nD/WdpDnbX+LdOLr/qYBfL8E4/9a1pmP7l9anQNumgjvUDDWv52YBaW+uA86Yy0EYV1ncUu6bc9HJN+ydbrpfxFaOl8LndXbtSniEtl7SK3ghfrlgr0V+nCrQgWtyBvlqqQzV5NerW01LaHL18tovqP6JRk1Mumj9feYLqrGzLozWhmo9f3EjVzt1spzo0c9kHaJJxN5v2tSu7aFlig/A6fA59TtuLl7eJmnxCq9PudE/Soml4/40aWmK/0ybWjdbnrZY9LuXuIFpJmi3NnI+ltyObyXOXtpp6K/k8b06OiRWLJDExk2+t6xVm8qPcweJOd5tt6srwVMqhgYVZAzCTeQvMJOGI3Q0n2iUBAACY9dyqmUy41cvdZZxTrpPDl/+0Yhl12UUh1dRPHjqiI35hpIN63iQb1BdfIJ2LIA/5fvXvyD24ElCHm3rVVJP62XwU9c539VTQgEPxIuqO01gK79mPuMb5ORPhOfIMabnuqaknLm4Sy+XRm0nLaC/14Pf1ntrWbSEZ6BgbeKZp697eKj7bf6l9l8Z+cHU/7+KLlR90jtCa0PxbHb20OFo0LYXcSTYTmiFN+OTFbJqJ3kxIP2jU6qsHaCytfEbH4XdbzVRuvHaI3vWbLaZqW8sCZSvR/Nd1HKHh8yMdyQ3GFa17Fyibl69MCDOhf2n1+MpE6xRKTMzENj4lP5vrm5v7v7dt4M+z+hZu6g9tJjmXJrTzAnMImEmCMuHydI9q1SK84AHBAACQuNyqmTinVDMZdY1Tb/jczXYa/t2V3K9WPHPvmQ/dUteTauonDx3REef9ZvqXhhd4O/e8D71A8Q0+ILrOoqYo4ZOkXzs8ppxY4If/NWYiXvIZCgEQc+PRmwnvx/NRVEjzkRdKJkBuQGrE344wE9+WcU+K9yLPf4FyzoTGbuwsWaCshsZM5KvFxEKpGo3lc6ZCWjcyqz6njWZFY3/bvIO2wGtXdi2YsZl0jbOWsOrqAXIksbhIEhMz8SjXgVwamLzY782AiItlUMqQGvskuixzHJgJAAAAkLjcqpmIq7lqbC3/XPvOn1Y8zXvPd1Y8O+5/oVckV3MFNJOnLm7mZyF29FS8dHn7ghmYiXjJ+/EaM7E67fIMg5lJz4SVD/AOvZCKb51cfnm0O639E/IQ/pJmS118vqzHGjM1ZjLgvCnm+dylrbRQPqw/NfHkxWyyvl+cS+NzoH95HbkmXyjPeeUUk2Ym8r00W6+X0xKFmRy3XuRbmL8XjZm82WLaer1Mv1ZhJ1ZmAoAemAkAAACQuNyqmdxw2viErik3v8f96yee/7OKp//P6bc1z+y6odzncEsJbSYLvNcpiau5pjUTfivImvZP+DkTmvxAX+2/1L4rOujyDIOZSf3N9lead36/+ndUmZvJVceNZ5q20qzE1VxPXNxELkGz5WcwqJDMTXjF4xc30vxJhEgPaD65vSfoJVUjB6B10ztARsfhDcppk36njS+X17G7xh++sH711QM0/9O21vRrh2nFFihXc1XbWkhOdnltZ4G/CJUPNdKEwkxIPHb2VNA68EcCaMyEyq+N9Q86R+RViiQwExA/YCYAAABA4nKrZvL7q/vlyUlOvlrxzFste/R/D16+VWMuRb6aa66GXGjaR4rNPDATED9gJgAAAEDicqtm8kP/v2fimnLfe+bDXu99DoLo/j2TWZX5YCZ9TtvDF9bry8MLzATED5gJAAAAkLjcqplQNl//VDsXf5xTLqqjn3BuZG6bCX/KsP6ulUgCMwHxA2YCAAAAJC5hmMmfVTy9uevTYH8Jfszt/IuTL1Ad/YTI/AzMBMQPmAkAAACQuIRhJpTvVL50YaRDf28JlTzTtPVPoSWIFJgJiB8wEwAAACBxCc9MeP6s4ukf1ry1ruNIzvVy+peGcaoE0QdmAuIHzAQAAABIXCIxEwSZSWAmIH7ATAAAAIDEBWaCxDowExA/YCYAAABA4gIzQWIdmAmIHzATAAAAIHGBmSCxDswExA+YCQAAAJC4wEyQWAdmAuIHzAQAAABIXGAmSKwzIzOhDiWCIAiCIAgyn3O9395542Z799DFK11ftjyFIFEPNS1qYNTMqLHJbc/PTGRlAeCW6O/vFy2JGpZjbBJBEARBkETMqMM5Yh+3Dtuvd9/4yvFlCBL1UNOiBkbNjBqb3PYkMYGZgAiQWxLMBEEQBEESNzATJNaBmYDYIrckmAmCIAiCJG5gJkisAzMBsUVuSTATBEEQBEncwEyQWAdmAmKL3JJgJgiCIAiSuIGZILEOzATEFrklwUwQBEEQJHEjzKS7p0/fp0SQyENNC2YCYojckmAmCIIgCJK4oc6ifXRi2Dba09uv71MiSOShpkUNjJoZzATEBLklwUwQBEEQJHHDzcR203Gjb0jfp0SQyENNixoYzATECrklwUwQBEEQJHFDnUUKdRwHBm36PiWCRB5qWtTAeEuT257cn4SZgPCRWxLMBEEQBEESOvxWEy4nvTcGe3r7u3v6rnffQJCwQ02IGhI1J64l+ptMKOfPn+edSRqAmYDwgZkgCIIgyJwJv6Dr5siYddhO/cj+geG+fiuCRBhqSNScqFFR09JfykW5fr2XdyZpAGYCwgdmgiAIgiBzKVxORuzj1Imk2G46ECTC8LZEjSqglmgCMwHhAzNBEARBkLkXficAgkQ3+pamD8wEhA/MBEEQBEHmfPRdTASZSfRtadrATED4RN1Mfph5jQ/80e8uj3oLb9gmkndfp4H/+e4VKudp6RujksER5zeNV+nlPVs6Tl9TV4Bmwuss/KiNKogSeUGP5/WIZVH+NbujxzpBAzTbBataxVIotGgKrQOvWdcx+pn3rvy3Ny4bygf4zCn//a3mgvM2Pny81Z57dlheVnjZmrPt+edfoPz+gw9tNx1UYh2285L33lvJSxzKr0XaGuNLL71MOX+hiReKmq+99nr7tS5e2Htj4JNDR+T5UzU+3HTpym9/+8ry5S/SnE+cPMWnFaEK5n35r7/+BlXIyy8Qc4gktP70vmiGtNzKqhpecrziJC9pu9rJq11ubqs5fUae0GhcK7+U11O8nUNFR154YTm9d5qW6st16KU8T9omb765gsrpDQ5ZR3jhq6++JjYvXyKf87btO6nmBx8YjhSXyusQXuiDW/n+72mG2Zu30vpotjlfw9q6evpY6SV9xGL/zhsGvUFaZ7mEh3/ENIqGo/V5idWj906fES/kJfJqOJQ3tWLFO/KEJtNe8ZJ/dqJxUnJytoux3T399NHT+6WlyNs/kuzabers6hUv6ZPl6/zOu+/xj5tWad36TFGBVj4vb79D90aozaxfnynWSv7u0PeLWhrNc8Xb71zvviF/lPz9ipfiixx55FZNS9Q3AH0JH6YtTG9E05Yo66WNQKEvu/yS6otdBG9RYgsMDt1cs+bj3huDcn0EQZBIAjMB4RM7MyHf+G5GOx+WzUTu9D+R30NKwIdHHJNvFvdxPRAzIbf53PstvOTftnTmNajyQPnqR22ymdCyHtvXI15SyE/EsDCTmvbRH21SpzrX5fhaqmo+5EV3rGzhKhVFM+E9G+oWvPzyKw6lS0eFvOSNN97k3fflL74k+hnUxT/66TG5JmV/wUE+eTAzOXy45JNPDotyHuruUG+MD9fV1Tc0XNRUiCS0XH3Xh7qkp6pr+Utan7P15x0zMBPqa8ove3oH3n//g47ObrlQM5WY542+ofdWvs8LBwZtH3+cTiU0TMLw1lsrxEy4mRw+UnKtQzvbsEM9uXffXak/mCS/HfooSbH4sGgDDumDq6iorD93QS7hifrnJRrDiH2c9Ix3Q8UmFatBOVl5akPmJtH/pglXrfqof0D9OggzEY2TZkjvi3/ub7z5Fi+MYmgjZ2SsFy/lzUv9aRKJ1rZroinSynz0URp1tR26N0Jvn+ZDrYK/FBuc3iBtEDFPXiK+ODy0UFFC68PnH2FoS4pt6JD2FXKJ3CT4JHyAtyXe9kS17p4+8UZoDTdvyTlztkFMSzsZzS6CT0hbjN6RXI4gCBJ5YCYgfGJnJt9Y00Yewvv6wcyErEPWic7B8Z/msM66rBw0CS/57aEbSTvUswe2USdNKKq19Y/T2C8bfCriCGImj+f1VLf73ubGqqFPLrJ+xpJ9PeRFZVfYUdiom4nD26OSu3S8u9M/YJU7XtRR+PDDVZqaNEzzod5GMDNZseIdmlCU88gdLH1nK8JQt4+6s3IJWdau3SbRU6e+bOZG1i+8VTMhDXvllVflEv1UYp6flh2Tu18XGi+VH6ugAdIV6m+Jw/ncTGjT0QbUzzm80Kzeeeddfbn8dn7/+w/kQ+ybsjbzLr744MQb0XRDo/55yTOk7XCl5apD2qTyZ0St8XTt2aamK2JCeik6tXoz4YXkAzQQcINEEtp62Zu3vvb670SJvHlptam1UJ116zP51qNGKL4gmjdClWvr6qlV8G+K2OC05sK7ePQbXzYTcjBq/PLY8BKJmTiUs3/8VJKoRv+uXZsxbGM7N/pSkGrSpuNvlmpS29PsIviE9MleuswO/SAIgkQxMBMQPrEzExIDMo0fbbrWY50IZiZf+KDl/HW/qyOEh/CXe+qHHzGz49xUsqKkT7gHeQjNllcjSyFjoZf3bO4QV2c5ApkJv9BLFFJ6h9UVE6s3GhszecXfTKiTtGPnbuorUDfoQqPfVWqamjx1dfVUM5iZvPHGm/IceOQOFi3ohReWf2hYpReY8ELvS3NZC61YZ5ffOSven7tVM6He7e7cPXKJfio+Ty5s8jsiL+LV3n77XSqn3tj17ht8WqpMoY3QeNFva0cS6v9Rp1nTr5XfjjhJwkNdQNlDaG2po8w/QU03lH9eVDlan5doDNTwRGvh20peDYdiufTv++9/ICakVrf6o1R+oiCgmVDjpLV1KOq1Nn2d/jxS2CHxoF41tQdxrZG+tTiUnjfVdCg2IpqleCN8Wt4UaXvyk2xig7/44kvyDB3TmQl1/Xlz0kx1q4nQTMgtxUVfvFpefgEXTof3vdMHXVL6qUP5boqrK0VowmPHKqJiWQiCIJrATED4xNRMHMr1Wn/8+xbZTJ490Lut1kpxhDQTsgjKFz9Uj+dxM8lrsB1tHqF/eTlfFlnKHSvZS5rVC4W+S9LDMJOr/eP/tqUzimbCLwF/6aWXh23qcU3qvVFXT1xVMkMzoWqRmImIaY957doMfeVbTRTNhF0LdOo0jyN6ZiJmzqcVnTzqoi1f/uJ2/wt4Iskxywn5wrYZmklHZ/fhIyUXGi/xUVRSUVHJN4LYsN09fdH6vGi55FHUfg4ePERryzdaauoaKpFXg/qp/BzU6tWpvA5vdd6LDzsCmkmNcmMGH6aaW7f+gbZwVJyKvjgOdm2SbdOmbD7DgGZC4efZxNdKfiM0rcNrJg7lEruz9edDmwk1Zv5Z9PSyk2yymfBWFxUzWbPmY/GJ0/qsfP/3cgMQTYLEj5dovgLCTKgt0XrSZufX1JFD8tOwFSeqeAsMZib15y7QFo6iSSIIgvDATED4xNpMmm+M/XlamxAAzTmT//F285FLfhdt87MiYiZkIPx6MG4m14cmyD0e29fDL+vi1f4mo13c7E7LErPSmwlNTpVto75fYpKZN4708Qq8hFaJCqNlJrzzJ3ppoktHXSjeISAtoQ6EPFVAM+FX4AQzE33vyhHETIJVvtVQb69/gLmlCL0LjWKtWPEOdZimNRNNX5O6kvINzQGn4vNkZ0U2ZVO3VZTT8JYtOQ7JTNamr7vRN6TpSn7yyWGNM0QYcY2QI6SZ0CbiV87wD65/YHi9952Kj1KfqHxecmOgLjs/Us43qVgNvj3FXdetbezLxc3EoZx8oGq8l69vnPIFV9SwaQtrGkMYofURK0M2xddH3rxW5folPkyrRz3y7M1b+Uv5jXBvFGZCU/3+gw/z8vbzDa5vCfovjmwm1KQ196WEF2Nk50xoJclY5Gqjyh3/nV29tOXFe6dQOTU8cR+RZv70SWm+ngiCIJEHZgLCJ9ZmQhm2O0kwAprJE/k9/987V/hwwDvgL/WO/ec2VULITBzKrSmkH239rCNIhaQZ4iWFhoV46M2EBmraR3+yVT18KN8BL8yksdvxvYz2aJmJprchunTdPX3iym/5sGXAO+Cpt80PHlM1cVTYIXWqTKa9xywnRDmPvoPFw80nwlB3X3PjLK3bK6+8err2LH/5Sbh3wLdd7XjjjTf1TwrSm4lDWQ1+W47D/w54YSZ8rTRmUlFRGZWNILL6I/UMg8P/7dBHWVx8lA+PBroDnlZMc+eJPlFZVY2ZcBkWm5Svxv6Cg+Lkj+2mg99KLsyE3mBOznbDqtUO/8Y5bLNT49R8xLSFxQ0eYYfWh9uIQ7lMi9/KIm9eaoH8nAaFet60euKl/EZoWnojwkwcSuMkpeEbnD4jfiWYiP6LI5sJzTnYJ3VLicRM6LNY7vVV2Uxo59DZ1UN+IvYn3EJHladTaHYRYkLZqxEEQaISmAkInziYiUN5jlZAM+mxTtyV3fGLXde31Vq/s/bqf3+rWZwhEXX+x9vNvISbyb9md/z2ELt5gBeev+5Ydcx3WzMNixvcA5oJ5f99u/nD8gFaIg38jffpYcJMKP/Pm82xNhOH4hW8775j5+616euos0ihDgfvJViV676uXbtu3pf/29++cvRoOZ/q9x98ePDgoVOnTu/O3SMuSaKO1wsvLC8/VkHl+/er3Sy5g3WkuJSPpWmjcnWQQ7mEjFbgZGW1crbkkkPpPi5f/iKV0LKEbtE60Fvgl6nwo7ziqpVTyuVb8tVc/L2fqq597fXf0Uuaj7gKJaCZ8NXgG4QmEUIiBhzKE5y4mezabaJVpZq0PSO/mqv5Spvx47V8JYNdzcV7kHyh9BHv3ZvHy0WnkBoAF9Gt0tVc9Jaj/nnVeK/mysvbT2+f+5vYpHw1Vq9OpU0kJqFqNIkwE0rX9Rv8qi3eOKmcxtJmp8bJP2tyg1NKy6RpI+zsDg7ZaH3kHjbN06FsXloubVJagffe87kx1efnB/iw/EZoWopsJvR9ed77iOoR5ZYeegu05oeKjgzbRmukq7kazl90KHJIc6Bh+sRT09aIOUcSvZmI7wVv85om4VCuvrvefaPwk6J33nlXft50R2c3lW/YsHHP3n20BeTWyMXMoXw3xS7iE+V5BqIR0teN3rjY1AiCIJEHZgLCZ4ZmMqr7yzsIgiAIgiDI3I6+TzhtYCYgfPRmom+UCIIgCIIgCDI6A1eBmYDw0ZiJvv0hCIIgCIIgiCZ6J4GZgEiBmSAIgiAIgiDhBWYCognMBEEQBEEQBIkkMBMQHcIwE/voBIIgCIIgCDIno+/7TRuYCYgOwcxE30wRBEEQBEGQeRu9kMBMQJTRm4m+ISIIgiAIgiCIPYifwExAdNCYib79aTJiH0cQBEEQBEHmcPQ9QH1gJiD6hDATfTNFEARBEARB5mf0ciL8BGYCokNAM9G3RQRBEARBEGSeB2YCYovGTPRNkHJzZAxBEARBEASZh9H3DPV+AjMB0SGYmejbpRzbTQeCIAiCIAgyl6Lv8mkSzE9gJiA6BDQTfUPUt10EQRAEQRBkDkffIQwmJzATEB00ZjKtjXz/41NKqpBh2yiCIAiCIMicib7jF9BS9HICMwHRIaCZaNqivuEiCIIgCIIg8yHBFEX2E5gJiA4aM5EbFoIgCIIgCILcUsIxkxyjyZBGMWtHxJe6vaYubRmIKzATBEEQBEEQJFoJx0wuWyzm/CJjmsmcXxogh8+227WTzAi3rb3KkkraYzSXXbZpx+qAmdx2YCYIgiAIgiBItBKOmXAaD5iVMycBkluvrTwD7IY0c+4ZVUjaSwpoPv4VtMBMfNibjYXN2sLYAzNBEARBEARBopXwzcTTXaV3krDNpOVwXkm3f1F96Y4zLvq/YVvducLCVKMpv4kVm7cwI0rdWCSbSa5SWOI905KbZp7sqKGSYfbKmb2Rjc3cWzODMzEJy+2QE5gJgiAIgiAIEq1EYCaeZr2ThG0mlm2mRk1RX43xcDv935BtMWQVHbQ0NFpJh2oM64oamy5VW8pT01UzsdeXGneeaGw4K259ySUPMZoraxtoeKCiMOfI2caGhuxsS6NbzH0Okr/RFGc5gZkgCIIgCIIg0UokZuLRO4kSc/4Vbc1pKcnWX5rVaNjLbMWQlieKzEbfJV5FWcokTeWpXiHpOlpQ0scGyEzGvdWYmRyNa3/99uEari62dDm1xTEDZoIgCIIgCJJYOdI2/u3dtq/vjEdoQfoVCJGIzCQ7zXSutXc8GiciAl7NlVuvXM2VVirKsqWbT/jVXMMVhYa0gmHrEA9fmVzNPSrOodwsk3FnXVc0VnW24kpNLyq5Et7DB8IEZoIgCIIgCJJY+XOdP8Q0+hUIkUjNRFsUNu0nMpRrt7zYK3eaqh1sSDYT+ZyJepqFnTPRrobWTBguqpZdMaQtnisMnymNs5Z4YCYIgiAIgiCJFr08xDT6FQiRyMxkrSnX/5HB8pVXt0rRFnYxWElVQ7XlBA0Y89UbT2Qz8XRVee8zscj3mRjWFVbXNhzcW8hLZDM5dyCvsqG9peGswVigPS0zVxg+Uxx/LfHATBAEQRAEQRItenmIafQrECIRmQn5Q5F8nsPRYJBu8ABzHpgJgiAIgiBIYkUvDzGNfgVCJCIzaa89qymprJon95oDBswEQRAEQRAksaKXh5hGvwIhEpGZgHkOzARBEARBECSxopeHmEa/AiECMwHhcxvN5OTJU/fcc8/dd99dXPKpfiyCIAiCIAgSMHp5iGn0KxAiMBMQPlE3kwceeKCzq0dfrsng0M0f//jH+vLbkrvuuovWR1+OIAiCIAgyC6OXhxnH2dKiL5wm+hUIEZgJCJ/bZSb15y488+xz+vL4ZPZIEYIgCIIgyK1GLw/+cXZec7x4kkU/ipvJTqvnN2qJo6pWPwe/6FcgRGAmIHxul5mUHzt+u8zEPjpx11136csRBEEQBEESInp58E+IEyO6UVWTMBMwW4ipmZB7bN+x6yc/+ckvf/nAokVJd99996jDSeV5eQUvvLD8/vvv/+ADQ2raGiqhcqpGwkA17733XvpXzJBmcrb+PI2iOVB9vognn1xKc6Nq9C8VHio6wpdC1SpOVPEJb46M0Usqf/vtd+655x4+LYUGqJwvuu1qh0O5mkssjibnq8HnVlZmEaPo5UMP/ebnP/8FjaIZPvf8C2IUgiAIgiBI3KKXB/9o9ePD3qkzlxxPn53sdHn4qL02jzq2FmYCZg2xNpO3VrxNhiBeCm04+ukx+ZzJq6++tjt3j3j5uzfezNyYJaYiHxCjHMoihEuQ0tDwww8/zF82Xrz8618/2HX9hlyfR9YPzTkTzSiuTw7vzMX603BrGzMZ/VQIgiAIgiBxi14e/KO9msvmmVJHfToJMwGzl1ibifzcrXffXUlCwoc1ZvLzn/+8tfWaeHnMcoLG8rvSaUCWFoeyiP/6r/8SL8kQaM58mBYd7HKymZjJjb6hn/3sZ/Ko++5b1NGpzk2WFv1MEARBEARB4hO9PPhHe87EI8zEOwpmAmYjsTaT+nMXxKgQZnKX/9OxZMHQzMShLIKQp92as00/YcP5izTq3nvv5Zd7zcRMaEHynB3+Sw82FYIgCIIgSDyjlwf/aM2kxaN6yL9ecsFMwOxllphJ8i9/GeKcSXhmcvfdd9/oG+Ll/J4TeRJ5huLlwKAt9DmTgFMhCIIgCILEM3p58I9T9PTUkgOO8SmPZ8J97Ny41kx22mw0amhCNxNf9CsQIjATED6zxEzeWvG2sAuH7j6T8MxEPg9zpeXqTMyED4sbS/T3mQSbCkEQBEEQJG7Ry0NMo1+BEIGZgPCZJWZCuffee+/yPpvr/vvvF+Vhm8kHHxjuueeeRx555MEHH6R/ZZG4775FycnJDz70kOX4ST4HMYo/B0w8m0u+TwZmgiAIgiDIbIheHmIa/QqECMwEhM/sMZNrHddXrf6Iuvu/+tWv+geGRXnYZjJss5N+0NjFixfTDP/jP/5DTFJTU0fSQuWnqmv5HOT5Z2Zuuvvuu6mQ1kcuh5kgCIIgCDIbopeHmEa/AiECMwHhE3UzQRAEQRAEQWIavTzENPoVCJE/arI3IUh4gZkgCIIgCIIkVvTyENPoVyBEYCZI+IGZIAiCIAiCJFb08hDT6FcgRGAmSPiBmSAIgiAIgiRW9PIQ0+hXIERgJkj4gZkgCIIgCIIkVv5cJw8xjX4FQgRmgoQfmAmCIAiCIEhi5acHb+r9IXbRr0CIwEyQ8AMzQRAEQRAESbgcaRuPw5kTWgQtSL/0EIGZIOEHZoIgCIIgCIJEKzATJPzATBAEQRAEQZBoBWaChB+YCYIgCIIgCBKtwEyQ8AMzQRAEQRAEQaIVmAkSfmAmCIIgCIIgSLQCM0HCD8wEQRAEQRAEiVZgJkj4gZkgCIIgCIIg0QrMBAk/GjNBEARBEARBkFsKzASJTjRmcnNkjMd20yFn2DY6OHRzYNA2MUMc1+9LekVbCECMyX1uyX1JUp4zT1QYc6+yUcdTl9z3fplcmSocZ/+/Jk/1UYVcReXwpndo1M8ffuW3m9Q5sLklPSMqLPNOKDf77CeXDIkXjrpfb6gTr8CcxdH/xK+W3PerN3wfPQDx4vJhI9uPJS/vdGhHARAeTi/UCRyyjlBvUHQUKSP2cR776ESUzeTI6cq6m9pCZD4kmJlo5ITaIrVIape8gWpbroahhm0vLYWZgPjTVl32aVnZB48voX9Zqlv8zCTpHanu9V8//IwwE7V+Wdn5bqkKp8V8X/IrNOpwrnFZ8pK8FlamzG1JnffnP6CZ2EtXZzepw225rxzUzxnMNaynjM98tL+ubn/G87lKQwEgjtyX9Mz5jmvny7b/OvWEdhwAM0OoiAbqAVqH7dQh1DgJ15LomsnF1Wkmg5IDHRfrygtoIL34tK4aMjejMRPeyGQ/4dGYSWg+eH1f86jzvqRXtSMAiAum55f4XpwwmtrZ/ytSl5xZt7TZW9yc8+IZ06sVbPCaX30d9yUtlV8+kcQq09x+nXlGNPKnyUxOsAFNs/910rN84L6HjHI5mJN05r1538/VD/oDpZ0AED+q1vF9HbH9GTQ/EB0mvVAnUJiJXkuiZyY3a7mTiKRnmdm/h6u1NeMeQ9o+fSES9QQ0E72fUFukFkntUrTRaVl0/6vaIgDiApmG78XJj03t7P8n0qiw+cH1Z3nxol98dNX06gk22OFXX0vHovdK5dcnVi+5qsxtUVrl5OUdL5haqfDp+5eknmRjtc3+8o7Uk7azG589O+5XDOYkR95bsmj1MT5c+HqIRgVA9LmS8+JV7/DZjUvFMABRQVzKFVBLomQmfSdzN/tpic9PwjOT1mKadv3RWrnQmGbaXKOrOYPATOKTEGYiKwrMBCQQwc1kctFvNimlNlIU2UwW3a/k+X26n/MOZiASNB+fmTDDeXMyhJlM2hb932cfvB+d1HkBa0je1sLbCQBxQ25y3p0bANHB5XJRJ1A2E9lJomQmLUdlFUnL2BMVM8nadcCQZvaV3KxYv++TOJtJzdF8fSESLBoz4c0roJxQi6R26Zoxi+5/TVsEQFzY88LjvheVH++5xv5/Mo0VFr/3+JjLNXDg3SsuV/ue106yMZ1+9bXcXJSyU369JYVVprktSquigbHq9a8W9r57/+OplWysvtnTzHlNMOdhreKFPD4cslEBEH28OzQGNcXr8jgAIkaYid5JRh1OSqRmYjT6PMSYf5wV9pT75CSrqKxPO8n0aS3eXFGeZTSJkoaTB/adKY6zmeTn+FYAmTYBzUTvJzATkECEMJOxso/232jesZQNz8xMqCU/Jb988n4/M2Hq8ouPUmEmgIy38N1Fv/iYD7+rtBMA4se5TXxf5/IeQAEginAzCXi2JApmIp8eoYjyLP/yogHthNOkVZGQ+k9yzlxkL7tK1tPMawq5mZw8vI/mWVhfkbPRtKdFqVBTmHt4X87hT4susQqb002bD39aePRwmTI3Q9qetO2HjzUeZzfo7yxXFnFq/f6SwvpTB/bn87M6e7JMhow9bKrKEvVcjfUcvYu662fqhmgRtYb0giP1FXv24ixK0IQwE42l8Cd0aZtqcPRdNADiQwgzcbGW+fii31tc/mZyzGLhabwhpvTSlrfol6/RqOI9Hz/zy8c/aWNlkpm4bCc+XuQzk5fErMaUsTCTeUX9xudSD9TXH1j/4MZ67TgAYsyi+59r7OpstOxc9Lsj2nEA3CJuf6gHSP1AjZlwJ4mCmTR1nGR9eq+BrN75KRU2Xv1UlKQfPllx+qR2qmnDzYSkwniA/s3NNK3eVyHMxJCWn39drWkwFrKBmsKsk+e9k1cYco/Jc/MpU02h/vyJIau4iZtJVgkvoWE+sNnnWsxMGv0nRDTRmAm1Lb2WyGaiaakAAAAAAGBuI5uJLCRRMhPep/c/QyIn7PtMuISwUyXs3ndz7iXmFV4zkRehmsmeVu+0149qFuqzEZ+ZXNicsy8tXZmDMBOvzwQyk6Y92/cYPt53kp0/kdYTkaI3Ex6YCQAAAAAAcHvNJJiWRNNMtp055yu/eTYqZtJQUbDvWoX6kC6fmezzeQiPbCb247pzJlozSfMpx/kZmglPUe4ecboG0SSYmWhCbZE/oWtqakrbWgGYU4wPDlpFxp3a0QAAAMDcZkoH/0smcTAT7VVSJ4vY3SARmkmT/SLNpIEXivtMivOpcM/x8sLjxav3KjrhZybsPpOco2xs/jX2Um8mmz825Z4+VXet0mjcE8JMCneaco5XHmk8Q7aTc/hTqp+ZYTqpX1tESRhmAgAAAAAA5g9xM5MCTXmUzKRptXSXiNCVuoaS1UaTwbhnz5kzfJTfWZSek3xsqXLnvd5MGpvVJx3vaTgbwkya+k5SndX7jzfZzxiVS7/S97IbaZCAgZkAAAAAAIAQhDAT2UkiN5PASS8+rZ8EmZOBmQAAAAAAgBAENBO9k4RvJgjCozET0apgJgAAAAAAYEoyE72H6AMzQcJPMDPRBGYCAAAAADDf8ChQJ3DEPh7iPIkcmAkSfmZoJtQW+V+C5w0UAAAAAADME2AmSJwCMwEAAAAAACGAmSBxCswEAAAAAACEAGaCxCkwEwAAAAAAEAKYCRKnwEwAAAAAAEAIYCZInAIzAQAAAAAAIYCZIHEKzAQAAAAAAIQAZoLEKTATAAAAAAAQApgJEqfATAAAAAAAQAhgJkicAjMBAAAAAAAhgJkgcQrMBAAAAAAAhABmgsQpMBMAAAAAABACmAkSp8BMAAAAAABACG7NTLRTAzBjYCYAAAAAACAEMBMQJ2AmAAAAAAAgBDATECdgJgAAAAAAIAQwExAnYCYAAAAAACAEMBMQJ26jmRiyq5T/t2ZaujWjokjdXlOXtgzMU1LXlWuLpqH14DqztmzONqrG3DQT/W+4quicQzsORJPuqtx69v/YburuqkzlA73dNGYe1ezhA3+tGN51vnzIPBe/YrME9RPJWWs2X4jmbzqY28BMQJyIhZkY0kw8qVmFw27tWIEwk4ySTs2oSCjZW2hcy5aenc/mP0c7kSAo1LMpapcLmqkx8F9ig7FYHqGlvlQ0XR5qnPnpAfp24TUq/znPFN9U2VVhLJRTkq3OJHNv1blep3a0itdMThbVxa67PMfplje1dqRAmEl0N7Xb1l5lYUs3mg9Wd8fUTGgp49LL4YpCQ1ppnVQiEcBMAn6tGMJMCs1+X2IwM8TuImObRTvOh9dMjKYdZ2b0mz4thrRC6dWYYYO69GxakyPq77u8A6SUxPCAJIgJMBMQJ2JjJgVip7MjnfWo/EZ7CVYeCalpJo0LhdeJBIlLZlqBYW25eFm925RrVM1khlAD1hb5M22jOrghwBLDa/DTrsxMoO6yd9B++XBBbr1dHutFNRMQAcxMvMN2Q5o58Kb2mklU6TYYC4o6JO2MqZnsLs62DIiXGfSlm9ZM2izTd0Zjuc7zAWkn40oNuiX1rhgpZTkm0RrGq4u8x4Y6Mw+UZ6f5nR/rOloQpJ2A2Q7MBMSJWJvJeH2p2D/mb8szpJlSs0vVauo+lO0lByyFld5jh7RfKxv0sC6UhR3Dzi5sYKXsF6tg4Ew5lZjXmlL3N/PKRRvlQ3edho3aA0XUiWzvqGPL3aIu1+MeyFxnZsdsrqidBsPexpLdbN1od2q/UuM7rqOsYdneQja8QT4mBGYv1E6ypZ/kHOodinMmaawNUJMw5F8yb2FtoFLuyXmRZMDXWVebgdHcK5nJQHUx73pSW80kCTfmDZAYt1eJJuSdD0NrJv0NqUaTIb0w19KqvG6k3qr9CptWrqUxE5pJXT71Aour2Yq7sjeaaZUue3u/A2fYIfPMvTWihCN1lz2sC7vxhDJgZ+ssvmLeN8u7DvQtMx5W+xckWnyAf4XLNF+cjScaLIXKd1YpTMvzP2c1r5DNRDlVFXBTe81EbGoxybSb2pAWeFOPny7Oqfb/1JVe/rnDrN1mH77ED9nYO86yVmc0Z+ara1LS7cpUTjLTq7pCpZErUdZQaWBKi5Jn7GHr00ArIz5nQ06N10x8vV5vH1QtYctlcy71fa3Y0m1GpTy3Sjmy7jUTSf41jZx9TXZs8B2JBzLyTqZur7la/VXVbkP+iWQqnzJJhfc3dKxypyIY9lb+YeWfYa/oc+xyD/DdTqqkGRnSnmq4otD7oz9k2eb97BrLi9oHpPkzYCaJC8wExIlYm4nH00s/z13Koesu9WzGgGE3+1GUzYR2Z4ZtdcPKa96tzEgz7zij7EfZ3k39xarjO9bBGtH1lI+Oe+pL85t8rzj0C2dudLEh3XFKvl/2sBX27WG9M+wuymKF7Ufy1IV6XN5OBpjVkJlQL83be+ukHkwAM/H+vgY8QKs3E2oGlVKvj3eb7PWlaies/YTaVtlZuzz6VyxRxt9MxoRF288UK/3LRlpuUZfSViW0ZpJmEiuyw6iuPH0ddpwe8zgaMvkXT/qCcPzNRG3wGaKTwb9i/mbiaSoXvRDlSzEmvsKiqyF9cbzfDsdZ+VD6/MPPTDwX2LEVj35T+5sJbWqx45p2UzfuNwfc1LRcvv/0oewzeQ3W5v2an0vt+ndXGdaKSxwbsyuG+BC/OEc0MGpRrIFJkCkVbVSPENHXjXrA05oJ7Z+9vws+MzHsPMuLqBtd59aZiaNBbuR82qicRZyr+H3KfTVsy/tvQ+Vz9DMTj7WOf+7KJXnscxdNghpbu/I5ppoa+G5nwFLotZ12cXxQYYw3S6ogruxSl0vzlxoqzCRxgZmAOBF7M2E/1V3KTlAcjeMdRH8zYXsxZf/l9RapPqvgf5Zf7XqqPSovQczEe+zN+wPptmVnseOR7EAdNxNpb55Bv+VOT1eVenAo12+18YuYAGSyj4l1lNuVX9ZhyRN8ZuL9xANev6Q3E001moNyTLFIvJSbK68fwEw2FFfXNii55O/J3dTPk7t0Moa0PD7VuS727eNvwTtKWu7eRvrJ16yGIKCZyJWVRfubieJjjW5fZ1r+CvMK8heH+qkeqSc9X/E3E+XOJY9+U2vMhPUFy2e8qTsDbupgZsIHlbbBWs5kb6NROWNM4WYitcMxQzrrkk4ONhu2scXKq600UR/spVeA+eU64ZmJb+l82N9MAjXpwF8TwPEzE9qYR7s121De1UjH5phLCG+R69NH5u8SY4acGtrBcmmRyVU8hOaZU837CZ1KTYZBOV7DgZkkLjATECdibibuRrHDGrYOecOOv2jMhB0LpB3ZYA0/xWHIslwW9cddGjPxuJszjnTSJH6HZ9ss4pifQG8m9BNeVNtud7Luo95MhuvLaXecurGo5LLNo3QxpdVmJWCWo5iJx5iWd7BNvU4mFmayo7q9cqd6YJte+tqqlbXAwGbi32mYsZn4+bC/mRT7GqfdST/5lf6rIdCZCZsnfcV8k9NXTGcm/MuofsuUL6CoP8nnI70jfjBVc035/MPPTJROYaBNrTMT2m4RbmpqjX7q4AlsJqlppsYO1jaoRGcmnrLtirQYzfwpCZoG5qvnUcxEufiH7IgfLI+ZmfjWgU8b8GsCOH47mfpS8wXtNlQ+R62Z8P2kqseexozDraL+uFvrEuy0sLtZvgSRQ623xcOeMqKeVGlTHsbgZ5UMmEniAjMBcSLWZpJppF4gO3BSvdt7LZYXjZl4PM35a03idz1D07fTmAn7LS/QP2rJIF3rwtGbiTh+YwhkJpo+aPuRvBLdBTZgNsPNhF1UYCzg1xtEbiYBr+bysB9ppXfYfkLTW6KpMnR3+/p1GuSrudQbRgN3uUKYyQ6jf2t3NKT6H9gW+LrL7oHK3eqjQuXLxBV0ZqJ0VrzXZrBLjIJ8hTkuw96qeX/1v2Qm7gFDWpBNrTMTdiFNhJva3WxIL67sl3ZWAcykW716SulZ6s3EsKHc90LfwCTUUyju5ozsAn7lpNdMLhkLlfum3O0HN/ITPj4zKVL3xdLVXN7D6nWmoFdz+a9D4K8J4EjtxK76QPBtKMzE01Re1ljlu6TQ6LfP0bgE7VpLaBeqXNrgT3PmgfLcerUF+i4FJBrLxdWAMJPEBWYC4kRszEQ9TGLcUsoP+HHEPcQH69nRL52ZsB6edC+Hs7dWOeiSXtDiCGAm49VF6g0kfjhzt5j53XvZhy55ApkJv8k4Y3cV9SF0ZmJPXVfEL56pPFKUc5KtZ7X3rlBzheb0NZiNcDPhB3T5Bxa5mXik1jssNyp7Q6qJ/UJTW+X3CmfnKz+7/Q3mbHbLqTobBf/OpcdjU24zle6AD9jlCmEm1EPNVe7jz9x5ok7pHQ5fVp7fsNZMJVI131ODswvPttvEt8bJ11n9igUyE+oiyzcY8I1g3KJexqZ5Rwc3+J7PM1/xPTWYNrVU7r+pdWbCbSTSTW1rr+Q7K6PZ4r0qjI8R50zq8lkFc23v5IVSrZl01WXk1/C9n3mj6TIrUhsYtSjewATi4i6jdxFeM1EXseNoq72p3M9MPMqt9uxGGumcyZmBDOX+e1olXuJnJspUopErLwN/TQCHtz22ufweWq3ZUejMRJnQV93Zyz+U1KzC8QAuMeY9u6JFMnD1qmyBOCComxtIGGAmIE7EwkziA7sIXlsWMe0nDraJF0OaS6sBACHwO0oKYkksNjWpke/GlaZy3Tm/GOB/xgYkCJ2pB+R738F8AWYC4kQimslA39BwR6MhXT54HCUcl1K3Vw1bh3pbz5qztBdUAAACMm4baLEU42B2HBi29sZoU3eVFZhrO5W7CzqNMTCfAMBMEo1e61Cm9towMF+4PWZi72iurGoYD3SSDsxVEtFMAAAAAABA3LgdZtLfoF6huMHvAmUwt4GZAAAAAACAEMTbTOr2qg84r+YPCwwP5eHZ4pVyy53fvZvRQL6/UP9oiHAwSDeBzUNgJgAAAAAAIATxNpNc5VlGfg9nCIN4mUkZe3hITaoxOrcBwExgJgAAAAAAIBjxNpNM75PmlGe8OjOMJvMFbZ3piZeZeB8m2G7IrlEeNBgRwkws2yITs8QEZgIAAAAAAEIQXzOxNbRXF6k3mSjJOBzW320IZibuboMxT3lKeo3B+2drDRvKi/ILqDBnnamxvtSYVUrD3pM2Lpo2I7+mker7/8UfPzMZrPE+uq4zu7BmuKPZ4P2rBeQYZa29w9ahnHRTO/vbxsrj/I0FjU3NJF38zzYLVDNx2nfwP7ur1JdXgP+hPUNaUebeKnoL5ixT5ZWqfAv7exepacpjFt3Nho2lNHMam1MR4CnzsxmYCQAAAAAACEFczSQ33ZRT1X3uQJ4wk4HwHs/Vzf6AnX+YVwxYCg+2qX/bi5yB/4EeGpttUTrxVyyGLEuLUli53dRC/xusy/Y+stC8VnrCOsNrJk47KY3F/28/leWof25c/O2n8eqikj42QGtSxP+St/S3SDmqmfj/zTV5BfgfDPJak8djP+v90+Ouy4V5ldKfzUpEYCYAAAAAACAE8TMT0hIhEvKf6w6HIOdM8tdKV0l1V2VXKH//2/v3YuU/6cr/OGjjAfV2fB7/Pxeq3mdyrlW+jMuZu61Ara/8odxUyUwsVvo/O53ii/+fzwtoJn71lT+dK12Z1u2bQ30p/3NU5iyTYUNhflVY55puKzATAAAAAAAQgriYia1BaEnq3obh8M6TyAQxE8s2cWcI68rnN7H/hzCT4YrC4DeoyPeZqIgzJJU7VTPx2Fv5+8o+fEkZM0TlmqkEQcxEuwKhzUTF2WlYWy69TgBgJgAAAAAAIATxMBP5bEkUtMQT1EwGKgrzm/RXcwU1E341V5DHbgUwE4PXKGgqbiZdZQXt/k8/NqSZc+sDz1KYycENfldzaWrPyEyU9+X3etYDMwEAAAAAACGIuZmwO8I3WC677Yaw7yrRE8RMiMuWUqZARnNlh9rhD2UmDFfuFnZNl3GLpqMfwEwmO+rYaZ+NRfbqIm4m9jPFQrpKrihLdNvUdUjPa/S/O0WYCT/TklrIT7P4VqCkkV9+FtxMHO3Gtcri0guitjHjBcwEAAAAAACEIOZm4rGpf/E94XrS0+NuVO+tV8iI8I+0zHVgJgAAAAAAIASxNxOPJ39bYbT+jPrsoq8mp9rXgU5Ny5PGAS2xMBPr+f0rn16WtDjFfN7GS3ort9HLpe/vF3VWvfJ80uJlVTfUl86rJcmLU+QSAMLEWpecnJK8PP1A06h2FACxx960O8lYrS0FAIBEJh5mMoepLizkZ4SMW4oifeDYXCcGZmJLeq+MX7R34PUU5X6fhqXbW9n/Xa0PZTEZPv5hCn+OdM5TKQ9lUslo0lO7+cRUwgcACI+k5DTl/6Ol76ewJ/MBED9GL+1aseJQNcwEADDHgJmAOBEDM+kWv8pVxhT2dOeu/Vnn1XFJD2eTiKxJVvWjM/d1KvF46p41q/caUclcPJEH4oav+Xkq04ugJiC+tO1a6dcIAQBgTgAzAXEiBmbiWfNIStKSdGdPRfIryuVbY2WvFfbzUUmLXzd3eR5d/Lpa9Xz2QzTcsnvXNbWASszBHvAMwLSMla2q9A5bS9ackscBEB9gJgCAuQbMBMSJWJjJqiUpyc+ll25ZmfzcNl5St2tl0uKUleampMVppWMwExAzYCbg9gMzAQDMNWAmIE5E30xcrQ8Zq/l9JrteSmnzH5n0xG4qeXax92aSU+lJi1d4uvb7epCn0g/0eIcBuGWqxZWBrF2d9hsHQFyAmQAA5howExAnom8mPfvX878P4/HYSz+UL/TvNK84oJwPachc5n8HvAd3wINogTvgwe0GZgIAmGvATECciL6ZeDxVW1Y++wh7avAq72Op2ROBH3j+eI/ypC6F9cpTg30lNyr4U4PlOgCEg72JPTX46TTx0GoA4gvMBAAw14CZgDgRCzMBAAAAAABzBpgJiBMwEwAAAAAAEAKYCYgTMBMAAAAAABACmAmIEzATAAAAAAAQApgJiBMwEwAAAAAAEAKYCYgTMBMAAAAAABACmAmIEzATAAAAAAAQApgJiBMwEwAAAAAAEAKYCYgTMBMAAAAAABACmAmIEzATAAAAAAAQApgJiBMwEwAAAAAAEAKYCYgTMBMAAAAAABACmAmIEzATAAAAAAAQApgJiBMwEwAAAAAAEAKYCYgTMBMAAAAAABACmAmIEzATAAAAAAAQApgJiBMwEwAAAAAAEAKYCYgTMBMAAAAAABACmAmIEzATAAAAAAAQApgJiBMwEwAAAAAAEAKYCYgTMBMAAAAAABACmAmIEzATAAAAAAAQApgJiBMwEwAAAAAAEIIYmsm5fJMhbabRTgzmHDATAAAAAAAQghiaSd1ephypB5p9Re6x6tqGc61DUh1zOGbSXWXcW0OzqracoGnt2tHRZ4fRlFHSqS1NTOz15dqiuAAzAQAAAAAAIYixmaQXDLh9Jfkb1TMkl4VMuAfq8gvDMJPMo918kNymqN1/bPQw7G3UFs0B7M3GQkkX48VtNBNDdpXy/9ZMi9psos7BdeYYzTx1Xbm2SEdmmim3XlsIAAAS+h1gK+24/EsAuP3MvFl6f9zBnCK2ZuLXW2qzGNYWk1WUZJOcFEojPJGYiaerKrOsl/5Ps/XYLtGsuEzYr9SkGpkaDXvVyGAsvXy0yGg0pW4sopc7NpoNRnPGbm+ztrca1zJrUkvaa7I3+K40y00zeZfoys5i53lS1xVOKq+7jhYYsmvK9jK/2nG0lc9s+HINm3atubrXyUtmF7dDTmJhJoa0goOXh9qbGg7uLDCsK60Lcvos6jsvdr6utsGQlpd7jA20DGor3ArtBzeo7X+4opBaaR1vse4G4+GZOjfM5PZgb6R9SKXSGHK35WnHAhBD2C/psHWoupb91mhHTofvBxSAsBC/qjlppf5jbg1DluWydaixtiEn22zMv+VjwVH/cQezgfiZSW9ZAe1Ae1Uz8duT3vKOVTKTAUthfhMboNnmppvKahuGlfLUNDZceaSIGm6X0tUzpBVl7q2iboQ5y1R5pSrfwsZStXGlPk1LJdTDyFlnKulyeZz2YetZw+6ztOtnY71mQh6SYaqiamX5BanKGRVmJmQ4e1mheCM02+ra5mrLCUtEfdYYkr/RFGc5iZGZlHh/YXekm4LtpIKVR4i89EhoPGDm++PKnaYc5hgu9qKpnDfsmQAzuS3QPqeoY1YeegBzH/ZLyofqTOZKh//IaWiHmYAIEb+qhgjNhHpo6qAr9Va7gjH7cQe3l/iZiedCqWFt0bhnrOtClSHN7/hiGGbCz2ZQMvMbeBntpn1HmJvK1e6dUm7YVufxW0q3YedZPjReXaR0LpvlC7e8p3QaRaEwE+qMimq5RjZDZibeQhpmS1LMpGtcXYHZimu4utjSFb9+VazNhD7E/LXKRzxYl7r9xHBfe2V+HpNM386rkX2IgzXZFeqdTpZtpgFFDAzGvF7rUE66cs8SeW9agXFdIalm+5E8w9pyXjkjTXt+WV66aCGZaXnZ+TXDHY35W0znqoqrW3vLdnsvONStmIrjLF8lanisOSlLpHXjzsz3+/RtMq4tMFuae1vPGtYqvwRdVZlG07mOoWpFsPl3zZBmbukbKjHlGZS19Z6NGSPn4d+ClsN5hg0WpRBEiEu0DYGsiGqr667KP1qab2En1tgFrqYqdhTjQrfH3Zyfbqps7T13pCi3XjnZ111lXGeuVkq8Hccxg9Fc3XDpXO3ZRrfHt7j2E+bGWb57AbHGZyae+lJ+FMOcbipr6mypsmSmm9jxOMcltsOx9rY01NQxdVF2gMpBt4zDrcpBt8Zc9WeRWlpeu3WI7V6M7OeMdkTUGnOONNCuTP7VA4Cj7N9c47YhQ1oxP4BLOzTDxtJha2eq97dS/BoaNlq0v4bSfLxm4uu58WbZVVZgrmqnn+bKo+qPoGFDXlFte3vDCUO6qkPqbrbRQi1/WPkRH1duDM62DCjjxww5NbwmSCBiaybGbSfkEupIcZ2QumXO3gamGXK16ZGv5vLi200rV8WILiNrzcovurR77fZ5SH0pq2mtk2fIe3VBzMR3eICdTFfNRC0UZsKGm9hJ9sYg1xfdblyp6UUlV+K6crE3E/ZZ0z7OrBijWsHIPho/M1EEoEw5l2UwFvM653htx1l2ZSAzEzEH1qdXDKE544j2EQhBzERM25ihjlbbm37F/F/yRah+leq1d2EmQp35XntHmsk7f4+Rd4jrS4vEPr6+9GAbE2+LlQ3TjwcX6Zw0U071jLYtmA5pN+IloJmIfQvbF3k/d3bEJP+SWpPvmrqrhDPTh16nnGdWL+1TEE1RNXAwr1HNZNLe6z3S3G0wqcfp1KNvjobU7fIRZXUHKA+oXcCjvpZGw5UO9i/bdSjIv60AcHTnTHrFDo0d8O1jA+LXMNf3a6XdbfqZibdl8mbZfiTPXNvLL5v3SH05j3Lkjl8doz1nUs/2nJ42i1H5AaWuYPWtnU4Es4LYmgk7p1Em9RxtrZlZhbmH1fMVHrVbr724a3qmM5Mg50yCm0mk50wCmAkx2VHl92iyWcPwmdI4a4knHmbCfqq7lL2hOKXGPxqNmXgPqAwYdrMfcqmy8in7mYln/HQx05jGcv2DFqY1E28rVdubfsUEzEPaLOQSbLIDZnoXYhcszETsvvleW+4E82G/5tddxcZa63accbFv4s6z1K/1KG1bdDhAZHTzHYtMQDMRJeyD8P6O5vo1BtVMfNMqZiJ/6B6pKQprBfMY9bpog+/+RrHDYfCWtmODybittKSh17+C1kz8WprymyjvTGAmQI/OTBrlX1L+yyibiebXUOBnJt6unXoqz21jdwuvLWi3se6cvP8ULVYtsbVnbFAf9Kq0286ijWwOZTnqpQcgsYi5mcww2olDM62ZeDxGo6mstrnyaDFr9+p9JiHMxGNex+4zaWxt37FRnNJhJ7h7+1iHVHyvusoKM0xVLU0NZYWFvvtMdGaSufNEu3WoLL/AfGFGPex4MnymOP5a4om9mdiri/jJLm6MMhozUfp2BQOWwka1YRTLR6Y1ZkIYNp7Qz5OV36KZBJwJx7LNxM2B4WjIqVKv7/IEN5MdTPt5h8OTwTvEF7TnTDzKe0/lNjJYk9/UPTtVOUHxnlz1IZnJWGgzYd1K3xFuBZ2ZdJX4nTNh5UpT9F6oAOYz0tVcKr3acyZeJjuqlPOxQc1EPjsnzpnATEAIdGYin7JTuVUzoR9B/qOsmomXur3maoffOWfNORNxII+1ZD7kaNhxekx/wS1ICGJoJgDIxMhM+LO5zDlmQ5ZFvXZusMGwrqilr7OxtiHzADu/rDUT5TQxP9vr4bdepJmqmzqrq6rYGT6dmbCbNJSzKxpu1Uz0K+ajzWJIY4+M49D6tPiGA5uJp4n8SnufCQ209JESq/eZeNjlW2bxrg1rb/VOWRCSrhrxbK6D+ezjo99LQ3rRsHXIvNEc2kw87vaDG01mS0NLQ0P2buVKaJ2ZkG7T/Bs7eqlOpXJ1BG+KOAoIApmJ8kiGhs6W2hM5/D6T7pqyhvbhvnbaRSjHyMQeaciQXjxsZa7i7QK6qKUp95k0iPtMYCYgBGJXRj86vdYh2inRDo0aD+2vKo+W8l+rGZmJ99lc2etMGd6n8vBmee4AzW1I2Z2ynz/lai6zuSrAfSb0i8lbb2q6WbRbo9Gkv9IBJAQwExAnYmMm6jk345ZScTUqwR/iTL+1B+uVO8t1ZuJpP2HYeMJb3dlba2H10wtaHAHMZLy6KOANx7dsJroVk7gkXxqULa1AUDNhj8Zm92hl7K46uEE1k+HLrCR1S2mZ97QY9SrEShrT1ONMIFpUFiofKGuBiljaW0t2M9E1nxmYxkw8rN1lKE8qN1cov58BzMRz2VLK539OuQYvWFME848AZkItSrn6JS+7UDmS4mhmL2mHkKVenyx2gOZs9tB8yUw8vbXlfNdU188aGMwEhEbsyi4fLaKW0+thza9a2R9Se+NHT2ZkJt4f8cy9vn0jb5Zdp9W9X+Ze1hj5/jN3C2u6l5Xru9jkymrwdaCWP9xdI9ot/Szi5HKCAjMBcSIWZhIfcnHDMZgdoCkCAOYn2iM708GfcAMSEZgJiBOJaCYDfUPsiYfeE8cA3D7saIoAgHnLzM2EPSnbUuy7RAIkGjATECcS0UwAAAAAAEDcgJmAOAEzAQAAAAAAIYCZgDgBMwEAAAAAACGAmYA4ATMBAAAAAAAhgJmAOAEzAQAAAAAAIYCZgDgBMwEAAAAAACGAmYA4ATMBAAAAAAAhgJmAOAEzAQAAAAAAIYCZgDgBMwEAAAAAACGAmYA4ATMBAAAAAAAhgJmAOAEzAQAAAAAAIYCZgDgBMwEAAAAAACGAmYA4ESszcfUnLX5dWwhA7Hl2cYq2SKLT/HqVtixmnEpPWpxCSX7k9QardmR4JC3fry0CswqXbemDKUkPrrBrRwAQD0p3pb24ZBntdh59bqWy1+k2L2d7oaTFy1YVNlhdrEjdSXbtf1bZQVFWmavlmQh6T+1PTqb2/PyL6yq048A8A2YC4kRMzMTetOuVZTATcFuYVWaS02RrqKgoNacnPZKuHRsWMJPZzWhd+vNrChsaCjNfNF/TjgQgxlgrM8mKV+46dLyiYtUbLwszoZfHK8qSF6c8ZGQGIpuJ1WqjUUsfSDkQqMEmJT9fWn+N2vOzD6R0akeC+QXMBMSJWJjJqjf2tzk9MBNwW9Caib3poQfYQcGsyn4PN5MbFVlvvJy0eFnpVSer4OqvM7OTG8lPp/Epnl28osGcRiWv7arjhxj5TJKfWslnIub56Ct8ktEXH2EHKV/b4n9Y8VS6uUsdpM6B0ktQay59YxsvJ9NQf++79q85xf6/ZnFKb0Um1XkxtaRNWUFaQ7b0R1asr+yHmcxmegtWJCWrCroqpCEDEAP6k57arS1TzEQdZGdx2e+ybCaiHg0v3dUqXmrx7qDAvAVmAuJELMyEAzMBtwWNmSQ9rPYUGzKXtSlmsqJ0lJfkPOXfd/T+9LLjiEpBlTGFm4BmJmv8F7F08TJ1qD5711VphGQmK5PZJEvFhK5rSR8yjQloJg2KDtGqJi1my31ITGUvg5nMZkrfT0lKVe206A2YCYgvp9JzWrRlPjNxOV9MTnkovc4TxEzq0lP4DkdPW0Xm0uQUfpwEzFtgJiBOwEzAHMPfTLqTlF9iwlmWdqCHdfeLvLd8tG1/uUFUZFQLM+GvvW6gncmup1KO9/h+ppOSM9WhsbIXC7pFuWomLqf9agW/mkv+4U9azM63BDQTtYb3AKc01SjMZDbDLuhXrpbxKFqLq19AXJEOhaxR7h5RdiniPpOUVYVN/PangGYiDoVoYNMuWZFVKu3ZwLwEZgLiBMwEzDH8zaT62e1NVquNx+nyu8+ED5tfSkl65MNeqy24mWhnQji7qs2pK5KWfEjDSc/tFmPt8ldEuc/k/2/v/n4aSRJ80f8Jq/u0b/fxPO5/cB5X+3QfSi21RtrWakY7dTSnR7Oj3WmtZtTS3Ice6eTctTcvuKaM8Kllq6ALH/LgorDaBZiF9cDgNY0L8JQvPxpq3AXr9VRR2PS6gKag88aPzMjISDsxP5yA+X5kVZlwOv0rHBnfjMi0XCjnCit1tJJM5HshmVxjYpDNZCnFfSNAm3099PMv9pw/rSbFHjOpT33Ua+2KaZhMaID5WfPmpT4j7g63E5IJBATJBDqMOpvrw1/Kf5Kw8fMkO1bENH/zV3TJOx98wqdAVJOfNUkm6koE0hOtyHO0FNIuTM55bseb1myu//ZwlUWdl48+aZZMPhKzxQ5ySCbX2s4XP7c/vjsffOa+DaDt7nxw1zo0zvQkE9K2/NXdO7+aMhsmkz9O3fl+NO+zhZeCDdxOSCYQECQT6DBkW8tOREMvVdP8/Md3f5OcKfyhnDaiWyxs/Oivf/rLz3OVtRmeNz778O6dn8Wq/7Hy0fd/2iyZ8JWsfjnDV/Kbv+1+SUdIvv4RO3pk9fNPfnLvi98uff3b9JOnchTxJJMt45fkocl9P/+/f8pP3fTRB3d/1D1FHv0HP26aTFKf3v1NeuXl0he/+ZuPkUyuuUKvdW4udOMgeKuPfnnnrz/7jTFFWj+j+5dKMql+8dmdD35qupMJOzfXFx9+cDfV6NxcP7/3hLRXhfTjX/713d/uqLfCrYJkAgFpXzIBAAAAgA6AZAIBQTIBAAAAAB9IJhAQJBMAAAAg6vbJPNjFOsE6gIlkAoFBMgEAAAAAH0gmEBAkEwAAAADwgWQCAUEyAQAAAAAfSCYQECQTAAAAAPBxNcnknwfGv976o1oKHQ3JBAAAAAB8XE0y0cLxx/+L/j4o3B5IJgAAAADgI+hk0j84GY0l1VK4BZBMAAAAAMBHoMlk82VZC8fJZWbu9+ptZ2CtRFwGl9Ql4BpCMgEAAAAAH8Elk4Xn6zxI6PeGRahQFzqL7cmRvFoG1xeSCQAAAAD4CC6Z8CjyT4/GtrZf9/zPJJLJbYNkAgAAAAA+2p5Mjo7eHx+fmHYykedxkXJyq7PoGSnJJBSOzxXWUwPG4FKdl0TuJ4uvdhMPyOOO0L+X0qNjyehQNrcwr+nj0fvJ3EJhbiylPS6QGxPd8amFQnFlfXSALQyXDckEAAAAAHy0N5nIR4P88XV17astzT4rl3zT+Q47cSWTlenEinWV5JCJ1+IGojjIB2eW0sYLqyjVGz+0b+a5hSSTXBm94TZCMgEAAAAAH21MJm92aiR19PZ9EY3RuVuRKA0APJl8++17coWUk1vJFT0yrN65BXIyqc1Y08PYZWSiTAtzz8ZDunRAy1KalxMTMWcimTWi8qZAl7yf3DkSt8BlQjIBAAAAAB9tTCb/9GjsH/7fIX79660/8njAk8lI8ndWWjDNd+8OxfUzUcZMBpeOpRvNjWfDU2/Ztf3FvlaSiS0Vixflv+GSIJkAAAAAgI82JpPhpzMicszM/V5OJmPpL8VNX23++yUkE9PU9XgiU8gtzEcezm+b5uFSOvRotrK5qnUPR7pOTyaxB6niq93aq/WI7kz0gkuEZAIAAAAAPtqYTJZ/v6mxY0gm/iUvplTxkuLK1+QKKeeJ5VKSyftKgc7d0o1ErsyixVG0i/65tlefGzg9mWSGrPlg/WOr4ia4REgmAAAAAOCjjcnEtIdNGmaPZCorbvrP+r5yK3QeJBMAAAAA8NHeZAIgIJkAAAAAgA8kEwgIkgkAAAAA+EAygYAgmQAAAACADyQTCAiSCQAAAAD4QDKBgCCZAAAAAIAPJBMISDDJJPRgXi26BJvRjH3CabgA5Uzft9noPYNXqqjnvIVnVl00XrDvy9HW1ONhLRyvixIAgJtkk7SNatmlCt2bXsbpYK83JBMIyKUnk0H7rNPWZahICrXeWXU5j1I2E+s1yF0iDzPqbY1tRia21LIzq2sP7W75USV6jz+BtGuRNjqK9dBHjA7Mzm2f/t62iZ1MDrRYVr3tBopK1e+siSvRHeeVSk0mS+nQ03Xxl/zLS01V8/3P6WdafGJo3eO11yVRAp3K1fSF4+KnugCCIeqekdlUb2vdUlqpyWRrS9pGdbEzONa6p+n/5awWHpZvSHTFo5P0e6Lp4/nLTiaHL9Ihnf4yHlwKJBMIyKUnE1uRNzctKj41Bpfq9l9HWrjp7hmd/QTnJSmTLib7AVDT6I5r3YEFEm7V0C/S1rfgZaaVt0uMmZTGhosnyo03jxoqzkVdyVJ6MBbfsN8cn2TifcNJVj/TdwFuOgxCwlURe5e2J0ZGX7pvOzv+g9cXlx8ySvxaOdsfl7cyB9pQ+hzN42Eu1epXrDRrFI/VQjgXJBMISDDJhDeX0bARScwXX+3OJYajU67GSNmPsvFsOM8aL61r2MisVzYXNX1komy+r++StrJW3a1V6+IhaKjoSdeqlWh3fJvdi/QM9HvGxuvd1CODt62kKzm3WSmtLE4knPhBFtPC4+xqWeub3xE3cPurymrzQ/HUQKpSrWxkxvuyq+SJlQrT2uMCzTblrDE2TV5a4gF5Mhl9YLb2ukReVIq1x5l4kjwZ8qrdL3Mr1RMvHUkF9H0wStVdoyfO3zHSqdUfzdaqW8tjqVBilS5RzEytbJF3oK+bZ6oi7fh2jeQWCiZ7IGOywB+a/FnLjvO36z3Lfpo+XGF3ZBHwmLz8vrFiZbMQ6jbsVr7Ex7huNCVUkJeZSiTZh5WJPFvtGytUNuf7u+N8Sxkjn1R1t1SYJZ+jKaUIbzLJm8fkzUxt042cSCak7pGPYyObIZ8XqSSifpI3nFSJwSXzcG+3PxyPPNus7R3wEuptPvSI1RB7f54Wy+h9mdxCaYfuO6Qf09xkwDkZLo2STGKJLGlGIno8MsaG4/T4zuHxRiYVYvtfGjZNAOfjjHuXs7GZXfJvYjKt30vyDURMj8stD9miafeHUwsl2gA22jEnJRO6oaH/21u62qui2NJNPTb4lo6sf5ncJLVsnLOecnaivMsbW2InkyzZ23EtnObfGq3boM012w7yURTautp3543q2rOROdINII3qyXqim36DyCaS79zcnhoxsqXaq/XBjDWlQtMbvDQ4ByQTCEiwyYT3iU26p8TdWGjhlPyn+XycT4Rg48jUYJc9MUxqK+1R4NQcX+92tv9L+gxJzyCWYUHjpDjIxiWsVtVtboAEAH4ATFGeq8OVxoaV1ZJ2fPQl3/tyrOnWqA7JNjRElbPawCL9++18LBznzajRFY/I8znsJyMcrmRIC759aO/R2S9E+fJsJSZ72mI/vbL7yu790A0G7y7LrAeig/LWvSJho/85ez3FaboVqeb77Ccz2uPMetJ6b/yELm8y6ctZ9U4T7z95E6xtnYVsF81Tkgl9o3hNFsmE1D1+hSzPK4m8DeY5xBkzsUoOco+trDvVZw3Zac5Xw+yAcHjLNRwzob1AVnm0rmlWUE71Nm2aAM5HJJN6LkXbebJh6hrPW40Lna8rtzy0Tto7y9QWj2mYTKwtHckh9paOxAO2pXPmA4uWjXM29zSZkNUm2R9035yzHRfJRMyYsJtQJZmY7nF+8gLZ1WOth04aJy+KLytc1sgPIJlAQAJOJqJEaQebJxOrRWPjG/S6J5k0eCCpZ0Dna9H/91ZJ5280W6pJs5XoITFWL9CbTOyGmOEtI2nyRG9WPDHyfOhTFbvDpTuSh+brrxSyepeYsKuie9z1kYltOojhntrr6rVY1/dKkfv00BTNOojC9TzJAw0+oAdbWw8kJRN5zeQdE++n6e5I2duMG4xUrdxCgV9M9dWpsWEumbTfltOTCdn4FZ8ambcimTh1z+l3eh5CTSblrPdIGPFZEMvJEa1rpLSnpk24KZRkMjFk1zFWQyLh+M6RuZ0d52MmDZsmgPNxGvkEG5dwNkwsVLhbHtFqme6tm9AwmYgVSpueMt3Sedbv3CqN5JDNZfEJndxFD8CjB3l6kolzuKN9U/NkQjfizoU925O9kB7ve2bFJ9PbmMN5IZlAQK4qmVhbZRsfIhBGe8S+ZKtlpJOR2L5GTzKpaHFraJi2gGx3ToNkwu0VBq1JUJRIDqYIGI6KdEe6Wr6H6TzJpJq3BnCaH1hibSGW0sqOfDl18LfI3uFqVqacMRNrCeeBTOuBXMmEje0Iz+lEL351e0Luu9/4gW/vmEmzZEIqlZjx3FoyoUJko2vtlnPqHv2sWd07PZl4hs7MRm97fsjIXfbxoBAMqcrtZh7G+XdyOWH1AjOP4u/FooK7aQI4H6lbz8jJ5KToGsPn2x17NINU1Jp8G3O2ZOJZv6AkE9PcCj1ZJ9sy1vyeJZm8zCjJhDa8TgdAcrKn6XwsxdOYw3khmUBAAk4m9rEcdWU2F+kjGsUGR8BrdpvS38psrpcZMZurcTJhbXHFvk7aYns2F50gq8Vc5wQjK1FWe85kUs725dj7VpwONWki6TShxwVzvxByz+Qhq7K7zvQgB/Kfdt96klN9njET8UCs90z/c83mch+HTWKM9Dydvru9/pur9WRCPtAN6++d1pNJPm70PbJuFbO5ImeczWXPr7B4kwl5xInXahncCEr7Y51jo8s5eEwsKZObJoDz8Usm5oHWnZZbHjaby9rUqi0ec7ZkwtZvl7gos7lYyQgJJ6yohWRyP7PGtoMbz4adZMJK6GyuJmffkvbKDbtvgXNCMoGABJxM8slkhGyhu5PevYYNzxpMWqvEQzo9KVexDhXfeT5Nx23p0IH9EEeVXILOl4glrX0n3mSSYxMqQveSg1npRMMr0/LQzftKkc+5Ek9AWe05kwnplDygr4u8hOWE1Prvr6cesulbXcbyG2vqTm1tnpdEB+iUWbKqtQw7gWPXMJ/ssTaZsv4sz6vJxH6g0INp+4GO+dvF4s5RZSFD79s9smHtjK/Tz6JruP4yY71dUra5uZS5Uj7JRLwD/ZOb0ZaTiUnXY996VAnpdA079tiL84Y3TSbUFKuQ+gMr2MjJhJ+6OjokPyDcJK7ZXCc7tIaQFu9FmjWD9dC9FJ9qODeW6vvdbuOmCeBcfJOJae5tyi0PH6sfJFsN3VhrNH30jMmErp/Wdqll45w5EXYymRuwzkHSSjIhjWq0O06fZH3dfvS6Th6In/H/qEKb8XDcmKGr3P6SbzEN++wy1kwKuDgkEwhI25JJA2pvrwUN9iVfJnoE3nWeQdFs92qblMaGMYMIoI1Ks9K5XHdxtgO4QvJxJm2VeyxySOBKs3w0Gy4OyQQCcruTiUnnlV3jHSrBJpPjYLZSALfX/mroUbZW3a1sLhq96qQ+gCAFlkzYibOuYp7wyjR+afESIZlAQIJMJgAAAABw4yCZQECQTAAAAADAB5IJBATJBAAAAAB8IJlAQJBMAAAAAMAHkgkEBMkEAAAAAHwgmUBAkEwAAAAAwAeSCQQEyQQAAAAAfCCZQECQTAAAAADAB5IJBATJBAAAAAB8IJlAQJBMAAAAAMAHkgkEBMkEAAAAAHwgmUBAkEwAAAAAwAeSCQSkHcnECP3yB395986HH//2P454ydEfJj784O6PPn0olvn13//0zgcfZ/9o/ckXkEu4z2ghvfzjv1kln3/6Cfnzw7/ttv6u5j/8kC7wdOWdWICUOAswWd1aD79smebLR3Q94k/m6O++//Gd731SObb+fpnuJrf+/MGMvRpH+v/5qbHt/Nnw5ZDXK0r4AuIdaPZ6idXPfylerHkwJZ6kVeh5vbxEfr38LXIWAACAznfENjR37/zlTyvWthfg0gScTOqhcDz0KKsWwy3QjmQi/Oav7rL/393574/p/8ebH0UL5P/f/o+7L1nvv++/32Ul9gKshF/hfvLBL+Q/X37+SbrOr76784svyH93Pgzzv9O/ultttIDXjz74mPybDbkeyDyY+exDq4QvQEp+9GiTXtl4/JslZ0Hzj1O//uu7hamonUzeyS+Hl4jXy0vEAvY70PT1fv73H6f+7YmTTL4ekvOP2ej12iXW6xXvAF8AAABuByeOfMS3YgCXJ7hkUlub1fQkvba3qYXjtRN1AehsbU0mVl9/2+lq3/ngl0//g+QNuzv+b92kRF6AlJAFhDsfRp0/TPMfxR1paCHXcz8xytbfZCVfehfw2Jn4+RdvyP+f/43r1i3jF3c+sIYdsvrdCisRYf3Oz55U7OuWf+u2MsP2E/nl0CfveTnyM/F/vZR861x3Xr6p0esVJfwNcd4BtgAAANw2d9w79QAuLqhkcrJH0siatY/ZXBtLag9mXQtAp2tfMqn/YebOj9nkpY3Hn39tFX70wS9Ih/4HotH8fYyUyAuQEnmU4M6HH9O5Wz/+jO8L+kzq4v+cXD+Y+vWc/Xd1gnTo1QU8Xn7+SYENX5AePJtPdffvQmyo4dEnd/5miC9T6P2YT/eyZ3mZd/72ibhuEclk47H8cmih5+U4C7B3wLuAi5RMSDr66C/pk7TegUavV5TwN8R5B9gCAABwixy9ezkT/dEDOj0B4BIFkEyOI3pc606pxUdbFxk5STwcCZHV6oYxWVRvg2upLcnk6F21uleY+eLOhz+lf14gmQh3PvgsVfUEj0Y9ddcCbtXkZ3c+/EwpNOtTH/UWrmcykZF3oOHrRTIBAADiqL5X/UPht8mHd/7aNd0A4OLankzyiWF9YL7U6BipUial9aTzb+yjgFu3ndXuJY3JxVxmNtSTUW8FX/WlabUoEG1JJrZs6GO63+YCs7mEH3zwce/vvZO1Gsxuci/g0vt9fliL4t2dTyeu6WwuyQ/ovOEGrxezuQAAQPZr6yBPgEvT9mRSqx9p4bR7CrslPxTfPqrXDs+cTCZice/Obi2GA+tbleiJq0Xt19Zkkv7VXZ4DlCPgC9GP3UfA2wt4jgi3vbvzV7HCMR308D8C3ruAZJMkkAYHhX899PPkG/O4YB+vbx8Bf1xofAQ8J5KJ++XwEuUIeLGAeAf8Xm/jZELfAbPR61WOgBfvAI6ABwC4ncQJXQAuS9uTCeGXTNSylhy+SGs96VzZ7ryeHNSqm1pvplbdNemYQDoUjk8tFObGUiKuaOFx7V4ytzCfL5Hly5o+UlxZp9PMbmueIeFET66rpe10+clkp/CD79ODQ+5876fpjT2r8I8zH35w96O/d8aXf8POoitOK8wXECX/aLWq7/7uv9FzIP5EOt2w8St21uAfWx10s77Cz6Jr/N56LLIAPYuutUD56c+sDnrq07svrftQvZ/+gp+N99dJZxSFnTXYOd9iZS5KD0S5Z501+I58thMpmZhNXg55vaKEL+C8A57X6wzmSMnk5RfddLHv/dR5Bzyvl5c4b4j9FjkLAABAp6suPfnoe+y4xO//4iX2S8FlCzSZ5BYK1uUFnRZy7mRiHbsSjieyJbukLDKG0RXXBhb5dRJR+BWycN4+/n5nJpnaZjuWi9NigVunvh7wyMnlJ5PL8IMPPlGLzkc+7uLCxEDHpSOv9/M/qIUAAAAA10GgyYRcsUpYirhAMrEclhetMxFLyUQLj0zYM+TJQ/AD5EmhVWSaiS6aasRFlN8qtefpkPe0BO10PZMJAAAAAFwTNzuZEH1WtHCSSSgcH1yyjl2ZiMVr7IqcTDIPL+FxbzQSSya+soeQgoJkAgAAAAA+bnwy0cIG+/9A67WSSaI7rj20DmyRZnM5yWRnJjm4FHS//Do5Dni0hEMyAQAAAAAfNzKZ5JNJPhEr1JsUCSOfGCEl/Iyr7ysF+msn3SM79u+lyMmEWMuk6Rq6h6NDt+8I+Lr6gxnBQDIBAAAAAB9BJBPnwHfP5VBdFjoWkgkAAAAA+AgimQCYSCYAAAAA4AvJBAKCZAIAAAAAPpBMICBIJgAAAADgA8kEAoJkAgAAAAA+kEwgIEgmAAAAAOADyQQCgmQCAAAAAD6QTCAgSCYAAAAA4APJBAKCZAIAAAAAPpBMICBIJgAAAADgA8kEAoJkAgAAAAA+kEwgIEgmAAAAAOADyQQCgmQCAAAAAD6QTCAgSCYAAAAA4APJBAKCZAIAAAAAPpBMICBIJgAAAADgA8kEAoJkAgAAAAA+kEwgIEgmAAAAAOADyQQCgmQCAAAAAD6QTCAgSCYAAAAA4APJBAJybZOJFstuq2UXknhgaLoRGSupN3SQvi7DeBHcZ3Q71bKp5X218NopZweX1DK4GcrZaDiuFl7IUaQrroXjuW/UGzrP2hfG5W44OhhpykL3ptXSq1JdJNsvtfBSoW5cEJIJBKQdyYRsArWwaGLKE7HzbGXPnUyielzTR3ILhbnJtKYnJ7aPaWk13/+cXRGW0hNlfq1kX7kE5MVqQ0W11I0sU6vu5hbmE31GdPL8j01eI7lMDQ2Psivb17+7HAjSq+PvDLnsqDdSp35AkoPtF3Q9g/ftdb44/+fFHFgV+6TMa+lEIhnpnVWXuriGyaQ0i+DaZrS50x7mrb+W0lp4xHV7K86fTOr5hKH3pUm9Im2LnijWWWnxqdohE83UYS7lvuVinEa1KS08LL6eh+qN1MazYbWoqd0Ntp6Y+Mpv7qqL3D79Ok2haulVG73v+iIcbq/yj0wLJ9mVVfnWczgUdW8pHdFdL1/rNho0hqdp9auxX+h3P1wHQzKBgLQlmXRNF7ezUaudsJOJ1FXKD8XplrKcnXh9vJ0jG+94/s3xzvPpaFdc605aK4ll176aJzdFHjr9tsTDYVIy9RXf4NIu5sTjYa1nVoyD1GaSRlFKIC8zEdpGl/kuQ1eX1G7IQqwd18Jp1puoR7tJsBneOeELFY0XZux+XLufmviqXv8qS5bsn9zkDz81lCR/6g9SEyvO2yI2+YPheGVhmq3NKB2J261lxHUe4Whv9WSHPJMcXfI41mOQNUeH5tki5DkclbL0XYo9a9B8b0+O2P0g2innb7IWm58bGiEPHU0UTLbm0INp8iazpdj6yU3W+juN0quLis1GfTHyrEQyBvu44yQTknpo1jfpnz20jiUejtDrumF/+g75I7Pf8CL5iOvFWXIXXjf6yZq7hq2qadbXMuwjSxbEHYnS2HCRr7xBH47VPekuZA28ZO41/ZPUN1pXu0TlNLXEqvGAVpW5V1YN41U08ji79maR1wTylaH30o0cezjSL0x18qjhlaPNXT5u5Hk9sJOJ1eIxvH6SEvLxjZIGTad1hrZj7INj66DJJJ+kzctgdsu+n7tpIo1n+Zg2mFJtT5A/+5wv9dwAaU4zhyu0SrCL0zW0mqlqQXwXaOmbAm0oYmnewJJ6Xjkp88pDHjSfoN8OVxtC7ts94so8dq0m7Q95RXRtPVZ7LihRLST2Yb3M9OXq/BXRF75Em1D+tYqMkTehHuvlj6iu0GSNrbguNi7R8EizjYtpt96J5w33XdxoO9rjQr04Lb7m7haAvBUZ8cGRj5hs+OhCJzvWJpJd+EaHbL9o3Rjimxf/5k59P3kFICWjL/bInyX6QNZ21r6HxSmxAzmveHz7JSoe2X7xpaznrxtr4rGZiKhIS+m89PJJvZoqWn0P+2tIXx1vWsWrE7sIreZd+WrUN+l7eN+uP/xP3bA2/eVs/5ctdY1uOiQTCEhbkgnt5R/bWyC/ZGKMTccS87VXRa0now/M5jYrU48N3qZoXUboXqpS3TV64tbkmbf50KPZ2uuSpo/wkRAtno0MZXMvymLfG9kYb9jXmdLoffLoR7W1TH92t1aXIoK9Ea1lx0fXdmvV+nu2c9HIlkqF2dAQ391Y7HvGnlWcdOVTkd7pWnWLtFasGSprPeladXcikZ6SunpyMgn1Tk+tbG1k0yH3TvpGySQzMWRMsX38OzPJvrFiib3wbdoLKeo9wzp54dWtUDju3cvYOJncnzYy66VChvTL5x4Pb7ze7e+2+t98/ZXNRXv9nUZJJttTVm0hdYO83lp1U3u8SD642uExqYcTMWPOHgmJJbK1aoV8Xqwn5NIsmfQN8ApJ6wb5rJefjvBNFKlIpBNJam9fd1zegDrrKc1G3Y/C6550lwOy5Ysl55cXFmmY2V8l9Y1VpwzJsfwuWrdBPmXyUWpd6Tz7jpCPe/nVbm4sFeK7CfdXyVeGlGwU5vkCfWJbC23Bmrt6IRRn8dI/mQxkUguljcx4X3aVfluru+Tjo19w1kWLkIaRfeX5vdSmqZxNTKYTGbrX2V6xqZMKmXOa6MNcij764d7c4/gaqfBV2kfkrGbq5GC0l47fku8CKYyxyjOXIGGJPmdSz1OJJHlWpBmJPFvtGytUNuf5bqDDF2nShpCav5yZdbVIIpnoBlmeNDupR4aSwJVkspywUtxoD632tepif5g+JdJUk+9XtGtkcHJxeZu8qB1jskAekTw9b7RukkyGm21czJN11npvObmoY5RmaRN0sq4/Yy/V3QKQD468ZPKZ8g9OJBPyKcy9qtdfFxM98Rq9WzF0zwjR7V0lwuukb3PnfT95BaBvfniEVID39V1yhda0qjtPNEkmpOLx7ZeoeGT7xT86jT1/2ujZzSCnhcetaySZmOt2G35cfGIc2n0PkUzIqyPPX351ajKRvxon64nu+NxmZXksNbhU599x8mdpZdHe9JfOMg5/gyGZQEDalkxMc2U6OlX2TyaxGWvwXdq0lPmXnA68WCUHbHbEqmHv/N54RradtDnj/8rkHiQnHksdz5UGf8W2U6yQduCmKrQJe7rOCpw5abRLQdvELdIWW3eTyMlEFCobY76q9/VKcTLFG0TefHPSwiUtsSo9BzonTbxjQuNkErb37iylU7xPZLf7nvV3mqi954/t/KP69Hj0Wcbe9lgVzGQfZb5RNlO2eWbzZOK9ld+XVKRl/vf+IqtIFjk11dbokGD/2CrfC+5UZnaXytSI/NzkhyDXeXeQfEd4Ce3DkVd3UoiIavQyw5JJIfQou7bnjCLatRfaxGooMg/Z/hT/ZGJ/fHKnin6A8myul5nECltGaZrIMp6EKTcjlL0e+dE50UxJ9WpVVFTSwC6zep6pWreJRoO3MIdfjvdNblq3yUQyEe2P9HXjxHdTfD0jYWNwbJr1+Uz5ayU3oZKy94U3SSbe9fAnUxGvmoS3CTYg2TGMLuulWZnW3QKQD4707Gt2wyKSifMWPR9nH7q00bE+U5/mrsH7KSqAqGnKRlBomEy8Fc/agr9Ii8+L7XMUpGpGkwmpqDQj0ddLvmXeZOJ5dWoykV4mfQn2hpI9n61UTzxXcU2E8I4FdSQkEwhIG5OJeazpSadP3yiZiBLPxsN1nAlt/lizJW3VWDLx9LFEp812nI+rj2VpmEykh2BNlWiwvMnETMSMUCwlWnlONMT+ycR6FDaRgy3A3zF+XXqZdFVOo+m+bmmSTOyGUrw6J5ko6+80Uek4E15Sfz5OttN2dXIlE7nHNsEmJNBLo3olrreUTNSKZN/q7my9f1vSdevhlLsoz61B30uq/1YykSu5fZ1OugjHJwoVXix3iKEN7IbibZ72fvyTiRj7Ur6tcjKxP0e1RnkbNLrM8OhL6e/tLJvLqtZzs2EyKYtJX/SSdzcsSjIxzSNSb2OJ7LK7fyYlE9FR8yYT5zgTXrI9Qafr2O12s2RyNPiAzg6yXr5bg2+HXzKhDyFeqTKkc9OJIzxJx52/pe4W4KiUSZHtDv/gRDLJPY7PlQ/ev10fjcXZfCxpQ3N6MmnwfooKcL5k4q14vMKzJ+w8lr0UUVSSyVQfffnkX/o19CQT76vzSSbyq7Oez94quT6adQbvpCjeyZBMICDtTCZs0D9XJ80B/UPalNJ5Ne4Sz8ZD2uts7tIxk5PioOc4M28PsslxJq7HsjROJvbOS4tfMuEGu+PaY2dCRYvJRP7TlN4xdl1pwYvOyMYZxkx8kknjLUTHcHp1tkjY6F9YtefUNU4mmYd8k0x569XZk8l4w9EY73MT61HqHumunT5moiSTk4IzPrPtqvDvX2X59Aal9sJlcxoKcmVjmx7tYLprms4+7laTycq0NWaiNE3eBq3hcSZsAmdLyeSk6Ay4MQ07iKKFYY5KEyOuuVUtJRO1/SElqbVFu6VtnExizvXVCyeTc56U5QZ4Ox/53/NW8Mu4ZqWKFoDjH5xIJuZKJieNrDbsuzdv7hq8n21KJqaYAqBSx0zM/UIss0O+DrRVP0sy2Xg2rCQT+hL45EzFXkFs+qUK38mQTCAgbU0mRL9zjOaO1p2qVXdLK/ORHnauGP9kcn840jXiPs6koN1LbbzemniV0iMAADSGSURBVHqWij6lnfWGfSzXubm6Uxl+bi7vhlx02av50OPF2qvKDmuVIon5yuaq8TBFZ6L5JZPViex6rboV0eNs0ppFNMTnTiY7X47rA7NzhRI9edcLUlAMdfMpv2c5zqR5MuHrr7xat9ffaeQxkx1pIjvd5LArpHqMrlS23xzIPbbS2HB/pkQqJ6lv3nolf2StJBM64ZA8jZWtXDYr1Q5nBsL2VHIiS59hxB4z4XVPukudzdVe3CgU6BHwJ2VS+VOFrY2FWadHqyQTNoWDH2ei32PHmZTnpwr02BVSws/K1ReOKx1QuFRyL+3Y2cm6Mh1JLG68Zh9NS8nE0NmcfnGcido0eRs0ip+bK5Nj5+aKPF3nQ7I+yWQtafDvArne3x1PZVeLCwXSwJpNOoi8hdnOpJY3K5XNQuqR4TqDdkvJxHVuLvJM+NFu/DAw09zNPIrPvdqtvHU1oame+NRmpUh623qD8xmeMZmQbxM9WLH4qkK2EY07ujeTe4ITO7uAuwUgH1wsOU+2wvyDc5LJm7wYFmAnOWjQd/dp7rzvpzeZ9OnxUnWXbGftu1rOlkxYE0c2jmT7NTrg2qq6jzOhyJI5XjlPTybHmj5MD/PbLER6rGTifDVOSqM9cSNTIE1x7DFJ/quJWJq8FlIb7U1/qXF06ThIJhCQdieTOj0K027R2Mk6tO7kzkzy1GRC+k91fm4ufr4aRpwOa3SJDh14e5DUXmmOndZG6x5x5hp4N+TOUAk7xY11WMsRP+dMLJHfoI2aTzIp6yx0DWa33vMbmIsnE/J8BtkJl7QuI//WZM9hk5/oqb/R3O6zJhPP+jtNVBp8z8sn/yGbz4FF066HsZmKq8fGzmBGKqexUPHWq7MmE1KRKgvWOXBYRbIUnxr83FyHK7P8pHCDk9ZxJqLuibuIc3Mts1nXuYTn3FyeZOKcm6teojVhf50/SqjXPuWdMuEHLplr/zHp0Njf/WP+UZKPJsGOBDgtmYzzc3OR2mjdpDRN3gbNcsS/3foDZyeuTzLh56Yj3wV6fc864xBpYM0mHUTewpDaSyuqbsgnTqRaSibO13Ob9gjttpGdOo9eeUNPi5QouppQXhh6MJ2rHF1CMiHfJvb2ku+Fd1/PzRUKD8t/kjh36G4ByAfHT3HGPziRTPruGXZcnNe6M4367v7Nnfp+epPJzvNp+qF7ppKeNZnww/PIJTrgqntOO28nEzGfrYVkYubt1rW+Mm09uvzVOKrwc5cZM6SKlnOsHxK6l7Q2/eWsfOaJDoZkAgFpRzKBS9Xg2BK4seraeX+o5xLQLTS+wgAgq8jpUQu39jse10w9l7qaweD94qB91oGOF1wy+UPpP8bSX5L8988D4wvP19SbodMhmVx7SCYAANAufEyeDZel5SkAALLgkgkfFxOXiX9ZUJeAjoZkAgAAAAA+gkgmPIoUV76WC+/3jmry5E7odEgmAAAAAOCj7cnkxf9X+qdHY2opQ8rJrWppaxIPR/ghdMak66A3uLaQTAAAAADAR9uTSfR/Jrf+/Y1aypBycuvhofsXlFqxndXuJY3JxVxmNtSTUW8FX/WlabUoEEgmAAAAAOCj7clEC8dX1l7xCV2i8PH/mhLl/zpj/8xdy+iJydWyNso87LRZZ4meK3hFSCYAAAAA4COIZDKS/F3DZMLLB+KT0uItmRuI81P1S4ribHTijPuDYaOUtU4EscZ/CGoprXVNz7FTRA9mnF9s4D9eQc/Nb/06aTGxYr5/Rc9mXStZ57SWn/+NV1/Xk+tqYZshmQAAAACAj7Ynk6nMEs8h3mTiLW/ZMf0943A8kRWHqTRMJk6AsX7gdokGFesOT40p9utvxSfGHM8tJ+uJ7vgOK9PCxuASL3X/DFPHqK8HPHKCZAIAAAAAPtqeTIjXb2r/85+fyQnki7Ec+ZOUnzeZWA7Li5rOf3K4cTIRS1o/yUmTifiRbOvXG2LyE1hKJ1acm7iOTCa15+lQd6C/c4RkAgAAAAA+gkgmxLffvp+Z+71cwk8ifMFkQujW3U9LJnFPMjkp3OJkckxiycRX1qBQMJBMAAAAAMBHQMmkmYsnEy1ssP/LWt88u3KsSckkv28tJs/mOmQl+bg9m+upkWFX5NlccjIZvX+hZ3j90FiilrUfkgkAAAAA+Ag0mfzzwLgcRd7s0Nlc5zgCPp+kB6yTS6g3KXb7r02mNHYU+0TMSSZrGc8R8OERfry7fAR8jq0w8nh2+Y11BLycTMz65sUT1DVS31JLAoFkAgAAAAA+Ak0m4pB3+bL8eychXK4Gs7Bcx5lAoJBMAAAAAMBHoMkkYEgm10o7kklUj4cezVY2C1p3Wr0NoN2O39z53sf/+G/2nwf5Oz+OPl36+mn3JwY9jA6gfcrG39797cwMvaw1/i1jgPaprzz+8Ht37/ztE/UGgAtDMoGAtCGZrIpJd9sTI9YJEACC8vmnUXP7iUgmT392V9x054PPxHWANsj94wdOfQMI2M+NzayOZAJt0cnJBK6Vy08m5ezgkn19KT3xWr4NIBBSMpF7ij9BrxHa6njm16hjcKWQTKBNkEwgIJefTEgaEecpkFMKQGCkZCKnEezPhjY7qizNVKp7aaP7zs/QO4QrgGQCbYJkAgG5/GTyMpOiP1LDrEw7KQUgMFIy+UxKIz9HMoGg/AiVDa4Ckgm0CZIJBOTyk4m5Lo4z2Xg2jONM4ApIyST1KY4zgSvQ+1dIJnAFkEygTZBMICBtSCZmTJybS0+qtwEEQEom5nFBnJur9/fyQgCXbGvks5/86vHL6l768//xkZ5TbwZoPyQTaBMkEwhIO5KJ+aZgPDC0cDxXOVJvAgiAnExM0/jVJx9+ePfDH4edIoA2ONqY+PXff3Lng7sf/c1naPvgSiCZQJsgmUBA2pJMAAAAAKBTIJlAQJBMAAAAAMAHkgkEBMkEAAAAAHwgmUBAkEwAAAAAwAeSCQQEyQQAAAAAfCCZQECQTAAAAADAB5IJBATJBAAAAAB8IJlAQJBMAAAAAMAHkgkEBMkEAAAAAHwgmUBAkEwAAAAAwAeSCQQEyQQAAAAAfCCZQECQTAAAAADAB5IJBATJBAAAAAB8IJlAQJBMAAAAAMAHkgkEBMkEAAAAAHwgmUBAkEwAAAAAwAeSCQQEyQQAAAAAfCCZQECQTAAAAADAB5IJBATJBAAAAAB8IJlAQJBMAAAAAMAHkgkEBMkEAAAAAHwgmUBAkEwAAAAAwMeVJpPXm+/VIuhYSCYAAAAA4OPKkslc3NAeJKOTZfWG9tPCabUI2g/JBAAAAAB8XE0yWR5Labrx3iyeM5mUs1o4HsvsyGWRcHxwSS5o6kzJJNEdr6llcB5IJgAAAADgo+3JRNfjJEW4Ll3DG2+P2I3nTyb98XEtPOyUnKzHnkxfWjIpTm+rRR2kvq4n19XC9ruaZFJdNF5c0qrcRu8ZatE5HddeZMj3IrVpmnur9Auin3PNtWxqeV8tvFSb0cy5vrAAAAAALWh3Mll3x5JkZU/uJhb1ofm1N8dSSWvK2cFcoV+Pi4LDL8enitnLSibFp0YnJxPTTPQ4b11g2pFMRNUK9SZrJ+qtVDXf/7ylVXmUlUStVIlE9+nvoXVf3Uhkt+rqjba387FwvFTd3Tkxp/riy692a69ayY3q09Ni2drvUvkLJJNB+xWRtR1K5bWZpP2V2YxMbEm3XI6JWLzpmwMAAAC3SbuTSdHdf1IiAbu1O+MubEGZhZCVaaPIUg3r25lLaZ5MSEoJxdIbryv99+K8o7Y9OTIxZIxmCsUq/ZM/DdIPK/GRm3pRu5cqrqzqejw0VDRPDkZ742vV3Vp112TdJv6Q5EpIH8ktFIyeeKrEyk7Wtdg0Way0kA4NLbKiG4OEk4BHTtqTTEYm7J34/d20d+66+RLQz10taxl5evxKfsjQ9MZ5mFRO8b2Ihs/8WBd5ei7lbP+X1nuuPR6Xp0pGws4zPItSyyOiB1rfvFoGAAAAt0+7k0m7ZnPxEKLp4+TfVE889GRdJBPvYqTzZ2UJhnSzSCzJ2/tpE112366c5V1D0tsTO8jlZFKxl9NIgGGrzduLiT7ozXFcy41ntvkHEYR2JxPTXOcfZX4oPhEz5hYKuRdlXgeKTwz6gTGhMJsr9TYfejRbe13SdOuD02IZvS+TW5AqCuVKJmQZEnGnFgqk2z5opwhSn43MemVzkURW6cmwm+xasfFsWOuaNqV7sVvT5lF97Rnp94+TfFuv7kbCcXKlVj8ST28uMTyxTeM3f3r8oWXy0xMVUhvIpAZSlWqFfPtGe0dKJDwXprXHBZONB2r6cKW629ftGqlwvcyhYkhMlTxZJ4nFTibWF5Z8TfSB2dxmZXksJUrEt4/kQ/L1qVUXI882ebxX3+39VfpntTI6kOH7DvrOHsmu3NjXR3/Su9vKRb0nwIWRJrSVy+G3Z5+SAHAatH7QVm1PJibr9PBMUjk62ljIGg+HyfW1veOLJxM6VEL36Q7T4CGSyd7mVDIVYolIJBMRIUzaI6RPQPwZcwcns3kyscusZFKbSYqeKO933iC15+lQd0otbaf2J5MK/+BIMomKUnt4LbFiFbBP6iD3OL7NZn9N9Vkzl8hH32hOkTuZhOOhOO3fm3IyEXVpv8grhmAlk5ODqB7nR2ioyaTJmIl4eqa5wxNFk6fXJJmEh0df0h4JiWTGkj0SEqYxPhI2+p+zNRWn5bguZwPyKlL2fL/DL8dz+9ZTlZOJHZCO+TiVN5lI327Pu13OKhHu0kZ+AvQXT7/xboYbXtR7AlwYaUK/eXfKfiWywE6tpYYU4EzQ+kFbBZFMBq1Ov2tU4UJnDbaTyWEuNfV63Zp5YiWTA9L1LPJe3ctMk2SSph2+bqs76IyZ2FpMJkRfF3tp3cn39m03AoklE1817Oi2UfuTCf2MeDJxjgkRw2u8VvDuOBscE1nU7s03nLCkJJO0qEhSMnHuqKyEPL1adbeyuRrR43qC1pkWk4n89PitTZ5ek2RiZYMGw3pyCJe/fU6+YsnEfDtPJ3fReZJ0iMmbTJyF2U1+yaTRu91/P64/TItvDfnIXJHuJvBug+VLJP8O22ZoH9KEqkWNtLgYwJl4Wzzn8uibTyf20PrBRQSRTOgEEtYpUW849y8t2t1NustWHK1rj5mQkkhisbSyqPUMN08mZn0pbfWc6kVNN3ILhaln47GeJCkojQ33jRVL1a3DU5LJqv500y68MWrPx4OPJWb7k0k9l9JYN7phMpnqi5NPzeAp9KQ4KJ0+gWvS9W8lmTiRWxk6c26qL/JBiRaTSctP7xzJZDzf6FQBrrDBqrcWTqZ6rHNznyWZHKjJpNG7zUX1eGSMHlLv+shuCHV7LF1++OJ9beewtW3zMZ+SqrJnlspcJUtpOWSy1rXF8xMcGQ9H6F10wzrQDm6gFiOHz2KkDuTkE2ZU81rLZ96XeSvqJaFtL6/b0aHscqVJZbVb+Aue/8OlnNUe5sW82ZvYOrWbt9ETl9FvvhtfcEZU1Htajmtr8/TD7TIminSZy3qTa6VFPl8mdD+5fVn14fycvdheobBRqVY2VlpptG+dIJKJuTId4rtL6Qyuy+AkE/Lp2s2inUyWnyXpwS26UTkq+SQTlmqsSS+5ZJJW5XsjsSQ7kP1kh1fuyinJhOYifgk9mLZvvfbqV/NNaHcyId1cLUYPpG6YTOgJprqmSW+bldL5ReJAI65J17+VZGIvUC80ns1l0rEaXlEN0Uc/Kfkkk5af3pmTScQ9VCLwiZEcfxUkxYXCyam3rKSFZNKXZc+4viiSScT6bBq82xzteSRW+RX5bGA3gneTLC65A/PRv7a213C/4NQf2anJ5G0pt1DIfZEc/NcCvbJgTTJswXF0YLa4sp7LTJPul3oj3BA+kUPms5h2fzg241TOnUwydLnJZH/xYtWLtr216u7yQiF2v9GeTU7qDFwa/oNpM1Y28ek0bzwbVotuB2+jZ136viFb7v/rkVOi3pOpL6VJZaPHgmZm+3N0W+/zJp9FnXxwE1nSHs6PDiWVYzIbIp9gww3iJfFLJlrvpZ+wp3MEkkyIo8poMtv4vK43VpQfS809H1emzoOiPcnESob6A9fUIG8y4f1jcfopYmqIxlH9gXWwTZOufyvJJJ1gh05506l4erFkwdrlZ4fe/snNUPNkYtpPjwTs0SXauDd5emdOJvSruEB/PkXrHtmQdikVnxrWHEg7mZgvM87Zuk5LJmZ9c+IxfROM5zvi0Y2YIX6bxfVu76/zN2H0xZ69kpu3gVc3ydal9lHh/cHut3Khek/JVF+87j7gp7+Hvmlrb6xBNqskHI88zjY4T8BSWmp2nOlzE+U9unemOzmY5bsh6tFutgPlXlJOgFo40CPN4BL5RA6Zz2Lkmxvih2gyejgpRj6XJ+mIXKgnxUfXSYv6vlIwHtB6OPfKGruof0W773K1dN9r12r9rNaA1UDdyNs/EkDK84kR0g5MT1u7P0x2VJv0XVDOi1jWembZFasyk0aVFTvnucmz/Sn6M2sVo/etu/P2ecqeKUDaN9pY9cwWMs5Da9JbQdaZ2S70d1mH9kkblOMY+zKGHrBGr0TfAX6hf74pkJcTiqWtB2J/0rfoYeOm+0bztHv08qcj70b3vsvk//PU1o/uk3J32cmbXHpFR+3IeyvqGP/gSDvG3tCyZh/kGRMHOp5Ixyrv01+SUPaAeScp7Dxnmz9SfxKFhp8guT6Y4XNhisYLs16cJSWkSpMK33+fnsDJeoj6Jt+oJZ7T50K346xK8+M5bXYyYW1ypIvenXeD+9i3yd61atUrUUUhqGTSiYzu+NTKFj+QwKrZ0Fw7ksl10Cwz3DT1NpxzuTW0b3FjPm7Bu2Eml3/4d7LZ+e6/9rkK1XtK+FQuMQkw8yi+wbZb9GRurEkRJXyEll9zNEkm2gA/iflBfsjIn9CtvljIsrea6ImvYTt4Y/lEDpnPYqThKo1Z5wykvbovD6Q5mYw9cEfqj3WCfnuvBKmWWg8/3b+nWtr3kneLROxlUqRLqp7S49iKHPtOGmfUM7bzB4qIHYL2QYOumRF0goa1gM/JTvgC8kPL50ln/UiTNonsYFSRTKSfUKvzO0odXzqLlV3Z4Q8UvXmn6zwDb9NHLqskULx7rxSq9+TK+b7uuDVFhXHqmF1/yAdnN30mP1ck6cen6CdxEHo628dGWuiHbi/D9vHxOREObzJRNnODziSCA7tKm/XnPCEXSQl/DiTx2nMFd3hA0rrG+USA4hOjZD26movkZGKfGZ+eM4ZXJ/FMRL3Kxw07ft92SCYXsLep8yPgu4ypNWvvLzSDZHLNiV9aDFjmobdBvwG8G+Y/6a1VTsyDqmvApOm22WQ/iMS2W2JKar/Yjr7M6Oy6U0L3ans+oCbJxJmlw85KRzqgxkJFLGeyzzr0+Ib9BBPIfCKHzGcx2nDRXiDtxx9+OV48kY8W44q8Y5eXTlDBS0i1tOdqequldS/3gK21I5l14OhInXx4ns76nXTCreuYKzWZ8A6r88NQ+4vRqYqaTMwt67yCJ+vsGLZVMYGWpP1ldkX+aSnx0K5DbuyTB8Z0mjFEMnEdUsjuKHV8V+mTYfgDke4mOwFpZ/I0fbt/+oTUtO9yy64BE7/W74ie1D4Um+Z/SXXMqj9yqOBHKvbRKXa75kmx//kR2/lyMDfgTAOWZx8IDZJJ2JAn70jJREw/pkMxbOStGHpq/eaba+oETRQVPg/ZZOdhmnjNH92bRZ1kItpkzZ55IZKJc0d69ODNmz7QDkgmEJBOTSZwO1mb3r69Gvnj+OTPenf/Yfuk9If9P3cPmDTfNtPNKp9IQMfx2awSZ5qcveNQnjjXYEJ/k2Ti9C/F9cNytItOp+HF7ZxaDUHwiRwyn8V4R430q+b2zRjrD1nJ5KSsdacq9JeInGQi5sfyEjnDWNXScy9XMhE7qmnfi/bD5E7kToYGg1jYECMzjJpMrDv2ZuiPPvHL4bEnmdBfXibrKT4x6CAI+x6J5d/z9Uh7zcVDixLKOa05eVHTJGnYycR5zvxVOx3fcrY/az8r+4F2NhfpfKTes/+W9LXHW7b/8uwg8813tdf0bB+rR2ZksqY0fc1bPxupNvczG646ZtUfubnjNYH2/rumySdboxO6DLb7xgkDh/YpcGTeZEJsZDOx+/EI+6VpJ5m4DljiicKZKuZJJkX+a138cnjSOBfJyUSsvFEyse/Y6PDC2wnJBAKCZAKdRGx6f/jifeXEzBXfkX8/Ha22um2mZ2SO84PXc5k0P0eZM0KyneUTYOQxEzElxtEkmYjdt/Iv+Zgne/khw7VvGG4sn8gh81nM6g/tF2KZHT7VxMobK9NWQng9z/tJ3mRCqqWoY1a19NzrtDETqRvH5pI5p/u3uJPJSYk/Sfc8fqfPJz3czimnYZTn89gP7ZSYcjKhJ1Yhaz59zORE2uPuFvU8gQ4gGrf/8gVtUD6bpAMmf+Zp+pq2fhLeU/cmE+dsMfaYCZuqN8J/5mGqj34urg+umo+JM7XaGiYT5kh8gnb8WPWOmTRPJs5BL9zFkoldrzBmYkMygYAgmUAncW+Aq7l3Zunrfe+Gudm2efR+PPTEmipgsjNI0o7dyrQ+MFt7XdLvGdYUL1ay/Go3N5ZyzkMoNEkmoW6D3GUuYR2ssvx0pPhqt7Qyb/Twzf+qpqf5zBa4oXwih8xnMdGRCtmnD7aSyX5Bi02TSkhqEa9y3mTCz7fpqpaee5lfZaLP1ivlnUPWb+sbK1Y2C5o+MrFNA4zSjdP1uHweCMY5N1eEnWyTl248G44k5nMrW7lsdqrcMJmY/brBj2ah3ha0e6mN11tTz+yTnbiPNGjw0PJPwZ6UyZeIv/z6UjqSWKy9Wp9KDA8u0SmomUfxuVe7tSrbrdAdT2VXi/TnB+gD9T/MVKq79A3x7MjvAK4mbpCej6t32jkb4amtn3E/OfhsPrdQSPQZ/J30JhP6cw690+S9LWbSIetweTbOzD++0myoK86PNnGwD4udm4t8CrSCFZ8aRrZEKl7qkcGrXCw5z44NLvCDiOgRU93j/BMc7I7PbVbI9Yh1JL1PMjFHe0idJO1qZW4yvX2xZCLqlRa23g1AMoGAIJlAJ/Fug5td1Hu2WzvOowrXjE/kkLW42JWTDi4P2hU+9M3lbeWaXdR7ArQAyQQCgmQCncS7DW52Ue/Zbkgmt0CLkaPFxa5c498bDcQVPvTN5W3lml3UewK0AMkEAoJkAp3kL546v3Psf1Hv2W5IJrcAaUK/edfkZ9FtZIGd2nVvSCtTI5pu/0ZEsK7woW+669v6QUdAMoGAIJlAhzl180wWGPv6lO4jwDkcfntMUgdpSH0u1z+WwM11auv3f8R20frB+SCZQECQTAAAAADAB5IJBATJBAAAAAB8IJlAQJBMAAAAAMAHkgkEBMkEAAAAAHwgmUBAkEwAAAAAwAeSCQQEyQQAAAAAfCCZQECQTAAAAADAB5IJBATJBAAAAAB8IJlAQJBMAAAAAMAHkgkEBMkEAAAAAHwgmUBAkEwAAAAAwAeSCQQEyQQAAAAAfCCZQECQTAAAAADAB5IJBATJBAAAAAB8IJlAQJBMAAAAAMAHkgkEBMkEAAAAAHwgmUBAkEwAAAAAwAeSCQQEyQQAAAAAfCCZQECQTKCTjH199Ce9u61c1HsCXJi3mjW8kFqq3hPgwg6/PSYb8VYu6j0BWoBkAgFBMoFO8hdPv/F2BBte1HsCXJi3mjW8kFqq3hPgwnZqB9+8OyX0fmeaSCZwPkgmEBAkE+gk3l6gfInk34nr6j0BLsxb5cTlT436Z8v7qH7QPi1GjhYXA1C0P5m8XTcSaX7ZObHKliczvGT5zbFrYehcSCbQSbw9QnH54Yv3tZ3DU7uG+aG4FqaXWLKg3uZR+10qv68Wwq3lrXXisnpkmgfvT61+lYUMr37RgVn1ttZEw3G16JIUnxg5qbZr4XTe+UtWjE6W1TJVK8s4NH1cLWqEv/btyZEmT6zDtRg5mi92XFubp9Wvy5go0ipKGsNtdZmzKk/ErBY1OpRdrjQb0rHqw2W2qOXs4JJaJoTCRn+mtLGypd4AzbU9mZCvLq8r5DJhV72IblegszQZcKMhmUAn8fYIxSV3YD76171Tu4ZkYzy1UMgtFHQ9vm3vtVFoQ0W1CKB59fvTYdIX/C5X+M/Tqt8x2f7mWPWL9YyoN3rtL/aF00qZSCaXvh3v1+N9OWcT0O5kcphLqUWnQTJRixpptlh9KR0Kx+dI9cvM9rMP+rKSSa26u0yq9H3avVRvt5xeH87MN5lovdkLv7RbJ7hk4q4NtFn0FJ7VjtZzzp09EDwkE+gk3k4hu9Q+Krw/2P1WLlTvaXM2xmLD9mZV74prurFWp38Nsu0rbydFH0hLrL6vFEhh6IHdUzzZiXRZS7Lt8XGsxyBXYokCtoidylPxrMvyt2bvv9RaqH7e/plVbUS9GgzHSbXsvx+PjK2K2iXXKN47j9p1j9VhayXRoXm+DKmuZn2dlPRPbpr1TbqkXb3XMuloN71j39S6s1JqR3tcCIWHUyXrbzuZFI0XR/ThuoZjz1bZLeRVbPGVRIfsjOD+ErFlNvm9anb+33nOxov4MlX6bbK/O/Sx7PUUQjrdqX9IetKvFhMPaU8mmrCGN13JpDhtFK3ZHxHySr/s/I1Xs8ihaLYYHdxw73MhjWHpVZ5Xv7lX1nBH4uEw/Vy6k+yTLGtx682PheM7/NqJXI1pMrGv0z/t/mGd1xB7aNq6C//sjK64/syqZ6P3rbvzx536yqpA5KlOPB4maytkklNveRmpJ079dBrwcnaivMdbY15F+x7QrwO5TNDHVL9i0EwgyUQ3+hPj5PMYfL7Hyo5D9KMydP1CyaT41Eg8bBaL4dpBMoFO4u0Ukss//Dvp+3z3X/tcheo9bXYyOervVvcX2l2xsth+O8kkbFjdIGtzWBy09w5q4WSmSpdEIOl43rpHLj8sHtdeO9MI/atfRI8PTha3D60udb8uNqZ13qUbpJtpaziF7WFUu1P2mInTO3RW8naed9BJB270JX2I4hPDWLJadS1MZ0w1Gw8sjQ3n9un2Xeua5iUimWg9GV5Cng/r6hXFMt7hC/sJF7X71r3Iy6H32i9E2Z1N1sc1WUeZ/8mWoffKPY6Lx5KJvQnKmIk9B6wUeqKkrM7ULHIomi5Wzvd1k6iwKArIGyuaNf7eko9gw06SJKaa7ONL0Xf/IPR0lg+p0fffGW1WkonJo2YkbFh/F6dZlnAlE3NlOmQvwOrSAXlcPoI91Rc/5OXO8MuxlXb2F2MZKxxRUjLR+qxMLqqKFrPGTLxfMWim7cmkMjViLNVFGqHzC5+neUqpL6WjUxX1Di06WSdhtzaTlGejwnWGZAKdxNsv/JPeWuXEPKi6Bkx8uoY+x5n4JZOuabtDxzexajI5/HK8b3LTWgQ6lKfu0cvyt+ajaWcaoX/1M/c26ZhAOM6P9hQhhF2nHUGaTKTq10oykVZSoqMlUnWVO5F8MU0fNhYadADIlp3+R7uMomJbyST01O73V/OxmV1XyVLajhsWkUzEMn3ku0bu9SI98dpahu8m9yYTQ49HlNUxIvYryaSPP9UV3vftfE0jh5vfYkcVXY+HYtP8L9IYimaNN2iiWaPXWZ/e+vhOiv3Pj7QBkmoO5gas8MCoyYR/Rppu19v9RdbhdCcTcyvVw+51sh4Z2zLNVcPODxvPhpfZFWcNpqmzr4ba85SSCauWlNNi28nE+xWDZtqeTCQ8nLBhX2vw5PzoLo2H5HM/EAmVNEypyRFjcjHPmgZSR41MIZeZptWCNYip3uHcylbtFR1ZFuuBwCCZQCexen59ezXyx/HJn/Xu/sP2SekP+3/uHjDx6RpaO9VOSqwpo6J6PLdZee90xRolE3s75/QIj7Zou6obzjGfR7ux+/FIct2ajgAdx65d1dUjc3Vzn04jfPH+YFcdMPGpfkJ/F+3eycGDd+kGpenWLSeT8Vp117rUaXUU1VUe03C6aIflaFe8b0bOAAe8k8AvfPKMSCbSJAsrljslPJlsZ+UvkbQkxV8ReSZz4klW6fvjTSZRa3KahXRdIon52t5Bs2TC98dbmeoW8IscktMXOylr9zMbruNMrGQin1+Bf0C0EpKg+8So0cEuw3yZ0aW+vjeZWAG4N+PUSTpCqCQTOr5nFI/JaukgCBuxEcu/5+uJZe1VmjsZmknoo8ukZCKqjbfF9n7FoJkgk4lZGrOOOeGf90XE7NmcfJiPWkpr3c4HL9q+kGfe51RfvCL/DYFAMoFOInp+P3zxvnJi5orvyL+fjlZb7xqKjbF7OgG7cqZkspLJ7XlPcnjkmgkNnUXUrj//HYkV3/1w+oCed+G36oCJT/UTeD307tA9VzKRe4qsxD+ZECd7rtNhvZ2P/O95fmh+LpNmu7GdZMLHYSh7zERJJsocMPa/c68Y3+m+lGaTghzeZNIflsdMdrW+eT53ZznReDaXaW6Rp6qFk9Zfne70yMG0shj/cL3JRIxdmPaYCRtGG0mw+Ed6cTyoiGXUZHJS4rut+dRBiSeZmDukmbVS5UnReiyJnEzM/QLpT7oft/Vkon7FoJn2J5MTq4vJJ3H1J8btaV3UYZMz0pyG7SO0L0W+EtdgLh0YcS5s615ZmNXZgVCa+zA+CAaSCXQSd/+vmntnlr52fkSila6hszFemY7N0J4PaZpK1d3UI8PuipmaPlKrVrbf0J21TZPJG3rkqEYPrJzOvznezqSWNyuVzYLWnV7GZNcOJVew/3OU9v+80wj9ql95PjG5SHv/2SypYyY7XVIksbjxencqMTxIJ2C7kon5VYZsuCvVXWnyjEgmu1r3+Nyr3cpbc+fLcX1gdq5Qyi3MJ17Q23ySyeDkYvHVbmllXovZEx+ko5A5HtpFMgl1G3ObleWxFHky7JmoyeTwS3pEq/gSsRuKes8wuVcxkw4lVvnzpyeGKpQqr9ZHB+gzWUsaoysV8kUzRZ5hYy9T5IVkaa9UYyd+JU+VPIEmyYTONboNx75zrUQOs/lixv3k4DOaPxN9Bq9s3mRi1ota73StukU/OGsHDZ2+ZeWE0myoy3UCN55M+Lm56NlfdauTufFsOJKYz61skY9yilYWbzIx+3VDe2xPqX1b0O6lNl5vTT2zztjmSiamqetxdY9Pa8mEf8Vqr9bFVwyaaXsyobn2so+ALz4xpIqxRaoUbW5cyWRXqUzmy4w4YolUbiST4CGZQCfxdgGbXdR7Xio6r5VOuWbYPkXXzdChvNWs2UW95w0mz+a6dqzDFW6HZpFD0eJiN4t0IDu0SyDJxBq7cGbm8fET7bxnDVZqhhZmp3JzHwAnPxz1It3/3JrwENORTK4Akgl0Em8XsNlFveelks+/Wc+mtPCZf5kBbiJvNWt2Ue95g13rZOJMLL8FWowcLS52s7T4W5xwEQEmE3twzWSjWhdIJjvOUe9M5mGcnoJNOTXHyV70Hj+xerb4lhYMxtiZpHtS9ZwyyxSCgGQCneQvnn7j7QU2vKj3vGT1tQxrTnVjokAP/IXbwFvNGl5ILVXveYNd12TyIk2+fTvnnJp+I+3UDr551+xH1i3fdVwyqUyNaPowpmEFoO3JxHy7biTS/CK+usuTGV7Cz1cItwGSCXSYU8MJWWDs61O23wDnQOpVK9VPvRvAJSHhhGzH/S+H36KDB+fR/mQCwCCZAAAAAIAPJBMICJIJAAAAAPhAMoGAIJkAAAAAgA8kEwgIkgkAAAAA+EAygYAgmQAAAACADyQTCAiSCQAAAAD4QDKBgCCZAAAAAIAPJBMICJIJAAAAAPhAMoGAIJkAAAAAgA8kEwgIkgkAAAAA+EAygYAgmQAAAACADyQTCAiSCQAAAAD4QDKBgCCZAAAAAIAPJBMICJIJAAAAAPhAMoGAIJkAAAAAgA8kEwgIkgkAAAAA+EAygYAgmQAAAACADyQTCAiSCQAAAAD4QDKBgCCZAAAAAIAPJBMICJIJAAAAAPhAMoGAIJkAAAAAgA8kEwgIkgkAAAAA+EAygYAgmQAAAACADyQTCAiSCQAAAAD4QDKBgCCZAAAAAIAPJBMICJIJAAAAAPhAMoGAIJkAAAAAgA8kEwgIkgkAAAAA+EAygYC8efMGyQQAAAAAmkEygSuAZAIAAAAACiQTuAKXlUx2agdkVf6Xw2+P1bsBAAAAwPUTXDIJheOa56IuBLfDpSQTEku+eXf0nVrs8h17LLUUAAAAAK6foJJJaZbkkP5E2hCXh8NaeERd7AyOa6XFkE7jTSyRLb5Vb/YxEYvPbVbyLw+0sJH4Sr31Umh6Si0CyaUkkxYjR4uLAQAAAMDVCiqZLKWVEZKNZ8NaLJt/linuy8WtyicMssLBZ/O5bDakp+bq6gI+dPuZaPpwquS+7ZJo+rhaBJJrm0wGG4zjbUYzZfJf1L4pdG9avjkA+aH4tlrmoxidpE/Ya3tyJK+WXYh4TwAAAAAuLohkUvtdis7d0oedAZMEDSqjL0lISE6dZbjD8nZeG1g8SxhxudhYTVOh9qy2I12jZEJH84ZJVeQaJROL0gs/zPkPi+1uLBRyC4VYOJ5jV3Kbu+oikolY3MiQxRYjvbMb6o1BJpM6yfx6X5o84USfoSeK/t8yJBMAAAC4REEkEzo8QpJJvCAXkpIi+TeWPUuXy0I6WKIrKcsnk2S1+oPpXOWIl2ix+amhJJ301TVcOzHN/fWJAboMH8AhEWWCdeFqa1np6Jc06dtpQ0V7raKfV0ysmP09hvaQ9u7eV4qRbrr83Cv6WMtPRvjdec+PrYQij653kVRmrO1Zx2GTvu/O8wxZMiQ9z9vm+iST0thw4mE89GSd/9l6MpkbaLqkzGeFMpKO1CJJYMlkZ4Z+O+y/jkPheGxmR15AgWQCAAAAlyiIZNLw2HfaASpnGwaMU03EGnTUdjLJ0Ze897+TeRgvntBrUjerrt3P8GtizMROJgdazywrKI3e58s3TiZa2LALHeTVGS/oFXkohieT4hNDTDNLdMd5F490VfO88KuMmFd221yfZEIjwdv5mP1BkE9HfzSb26xsZNOhxCorsyqA6IXTD/fkYLQ3Xqvuksvhl+Ni3K9fVz9QVzIpz4cezdaqW8uT4yGnglGRcPy9/Depk7qRK6wuLyySmkySSahrpFLdrWwual0s9L7Nk1Utv9qdSwxPbLNqXy9qPWmy8ohu8Ccs5ZAifxqihCSQvrEiXVssu82+KRypkH05550/zKV4rY6GR/R7yUSmsEFe6XaWvorXpdxYKsRfnefJkCc8ETPmFgqHZpk8q7nNSmllcao9MycBAACgY7Q/mZysezMJvQwskvygLtwacsdltcxMdMldwGxshk6eEWMX8nVPMtkl/TNWcEoyce2K3tuM3qfHupDL4BIt8CYT0d+lltKJFfq/1FW1+ou30HVJJm/n+Wdam0nyI47kT6TPut4ombB4LJa0Q++u9tg1MGi6V+i6rmaY48GYoenDOywnVKZG8lJgIB19UR35Sgzp7ppOnk851WuX7C+emkxEXSUVXrMCmFXORxEt5Sx/1fLYSL90nUdrz5OhT9h+/lskmdzasUEAAAA4k7Ynkzrd7eqJJXSWyK7d8zuzjWcNjly/QDKh4x6V+lHx2Yim85tOSyabsxE9PlUo1aq7USSTs7smyaQ0NmwNd+wv6s9olWoUJE5PJhE+mPZ2vv9L9WnLK5T79/Ldhblkkg9iKNO35D/5CqOubxOdfyjXqxaSiXR3afRGPuSG2s5GPMnEe93zZFxPOBGjAX406/nGAgAAALi1PZkMugOJuNTNY21gUV26VXUtbPRltuSinZlkYsU7m6ulZGJ0K9O0ylrfPJ98tT0x4k0mpFup9fJhlmOteTIpPjUy9jwfeTaXvRSSSYNLkMkkJA5PXyho7LOQPxE7WJ6eTA6/HM/tlxuGDXmF8tiCZ8zEQpYnD0dqnTJmoiQTz92lMZOTgppM9hf5XgDvmImCxHtS88WfcwNxPtGx2ZgJzy2eJ6MmK2qv4B1QAgAAAJC1PZkYXcoEekttYTxTVQvP4GSvlM1Yv2fyxWqNla1l6Cm/9AfTc6+swztaTCapmB2ZdINPp1mbTEWsI9fL3mRCHn35GT1WOJoojN63ksnO82lSknnN12w9Vi6Z5OtZfuMcAc+vIJk0vASXTPYXYxnn8O6dDD1NHPlEQr3Tc5uVYsb3OBNSQ5LG6EqlVq1YhbrViVe4PuJ6UeudrlW36Mrdx5lEBzIkHc1Npu0DP+qkzhRfVTYKhbnXDZKJ+bag3UulsqvFhUL0KXueb/N85ZEu6zgTfvgHLbk3HGEjis5xJl+O6wOzlVfrowMjCXaUlI2fm4s+mUSfEXm6zr9IriPdV6bJfd3HmahPRnrCqxPZ9VJ1l7zk6JQ8UQwAAABA1fZkUi/S/nrDy6G67BU5KYd66WlSyWUqmQw9tU7TBO1zHZIJiSI5+bd09guRsa3B8AjJt9Fu+2RuVONkYtY3eTXmhTpJyFLOEZTwOfGYnaeuO6mcjTfWS8tD95I8GJt2zCaX5WqjZMJO+0aTuW6MLlnnIzYe0HlT+Td1EaHpqeRoCR1FNF3zu44H2cLRgdm8PaxnO+I36Q+cVO9KJny1uhF5nLWPy1KfjPSEy/TcdOylNdxDAQAAACC0PZlcf8uJuPMLEiflC8wxg1Zdh2Ryqcra48J1SdoAAAAANxOSiSn2H4fujcQSziR7aJ9LSSY7tYNv3h19pxa7fNf+ZEIPOrrv/6uLAAAAAHA6JBO4ApeSTA6/PSbraeWi3hMAAAAArh8kE7gCl5JMAAAAAKCTIJnAFUAyAQAAAAAFkglcASQTAAAAAFAgmcAVQDIBAAAAAAWSCVwBJBMAAAAAUCCZwBVAMgEAAAAABZIJXAEkEwAAAABQIJnAFUAyAQAAAAAFkglcASQTAAAAAFAgmcAVQDIBAAAAAAWSCVwBJBMAAAAAUCCZwBVAMgEAAAAABZIJXAEkEwAAAABQIJnAFUAyAQAAAAAFkglcASQTAAAAAFAgmcAVQDIBAAAAAAWSCVwBJBMAAAAAUCCZwBVAMgEAAAAABZIJXAEkEwAAAABQIJnAFUAyAQAAAAAFkglcASQTAAAAAFAgmcAVQDIBAAAAAAWSCVwBJBMAAAAAUCCZwBVAMgEAAAAABZIJXAEkEwAAAABQIJnAFUAyAQAAAAAFkglcASQTAAAAAFC0PZkcvpjWwnH3JV3bLqvLwW2CZAIAAAAAirYnk+3JEW8yIYV6oqguCrcGkgkAAAAAKK4smZArdXVZuC2QTAAAAABAcZXJ5PzhpJzVh+ZzC4VcNnv+lcDVQTIBAAAAAMWVJJO4kUjzS6qwq96hFeVsdNI+UmU7G52quG69mFB4RC2Cy4ZkAgAAAACKq0km4uIEjDORk0nZSSZTQ0myzv7JzdoJ/XMiFq+9mKUPpBv5N8fW8uZxrNeg6WjBzjNL6aJ5FOmKx2a+Xn5iPdu8tEK9N/nevjNcCv9kUn+HZAIAAABw65AeIOkH3thkclSP6tZsruJTI8+u7WRInBg2WTKZemvdI6bH6X9v52NhdoUsNpNMrLC4spTWutPWcqapiTGTcnZwSRTDZTotmXxL4rJ6HwAAAADoaKQHSPqBNy+ZiDXEkgVeluiyIgfNLSx+0DET+x5zA/GiadZmkk7wOCmGnq7TK0vp/i+dPfTSAutaj5NY4BL5JJP9AyQTAAAAgNuIJxPSG/T0DxtcrlEyse5YXwzFrWQSC8dr1V1xMVkyEffYnhjJs3EVLSzCRll7mKfRZSk9IT0LJ5lQx1PJpKbjyJNL5ptMrGGT9+/ZnDwAAAAAuAVI36/1AZP965hMTHO0J77BerAkdUxsi4NJKJJMROTgoyjm27w1rYvN5jKK1myu5smE4qkGLtGpyYSHk4PDo+++U+8LAAAAAJ2E9PdIr4/HktaTyf8P8uvVQ6adSK8AAAAASUVORK5CYII=" alt="Screenshot" width="100%" ></p>
<p><img src="data:image/png;base64,iVBORw0KGgoAAAANSUhEUgAABDMAAAIGCAIAAADGMlPIAACAAElEQVR4Xuy9C1RV553/Petd613/tf7vu/55VzvTmf7bcaZJO7d2Lu3cO+/85z8ncWrbGVsbJ+nYpi+JCbnUprm0aWxSTZqYEJUQJAkqolVJQIiIIUEFRIEIgoiKwRveUARErgJHQPC8v72ffZ6zz95whMM5J4Cfz/qG7PPsZ1/OPs/Z5/mcZ+/jb/kAIkFze7+zCAAAAAAgJN5r13V+yzkTICwwEwAAAACYKJgJRB7MBAAAAAAmCmYCkQczAQAAAICJgplA5MFMAAAAZiQ3AMLC2ZLGADOByIOZAAAAzAycHUyASOBsZ34wE4g8mAkAAMB0R7qPIyMjw8PD102GACaNakvSqKRpjeonmAlEHswEAABgWqO0RDqRAwMD/f39fX19vQCTRhqSNCdpVNK0RpUTzAQiD2YCAAAwrZEu4/Dw8NDQkPQje3p6urq6Ojs7OwAmgTQhaUjSnKRRSdOSBoaZQCzATAAAAKYv6k4ApSWzyh8jJOJRcuK+5wQzgciDmUxTBod9zf0jl/oikK4B57cgAAAwXVCXcg0ODvb09Lj7lIRMPtK0pIG5L+jCTCDyYCbTEdESt2BMJh3Xbsg6AQBg2qHNpKury92nJGTykaYVFTORnkfT1eHj7dePXTHTrjNspMOWTiMnu0Z6h/gydYaDmUwvhkYi7CT2tHlHnNsDAICpjbrJZGBgoLOz092nJGTykaYlDcx9q8mkzKRv8MYXVrXennL59jcv3/7W5dvfbrt9teTK7Wuu3L62/fZ1Rr6U1nxfYW9c4dUv/qbtjs1dd2zuvuOd7uKm6851wQwCM5lGDAzfcOtExOPcKgAATGG0mXR0dLj7lIRMPtK0Im8mq/b3hjaTP05rnv+hbPlG/9DInK2XtZnc8W6Pc10R4smfPfP9H/xI4pwRUdQmor2V6QtmMo2I1I0loTOEmwAATB8wExLtRMVMvvBGSwgz+ZO0ppKmoZ5Bddf9jY6B4Ts2d2oz6YzODbL/OnvOF770pxLnjIiiNhHtrUxfJm8mOblF9pSeV8UXHeXdwUtFkHlJVc6iSfCTuxc7i6YG3YOxGDBRcW4bAACmKpgJiXY+ATN5oKhTtGR4xNie/NczOHLHpoCZROluE8xkKjB5M0lIzEp6e6uVVVmZh1VxfUJSjr88Z2VSVlPwUhEk5mbSPO/uhx5554yz2ERmufdn++KHHCW+pm1GTZUf/PSdouPOCsFE/Jb30OFueACA6QJmQqKdWJvJwqIOURG1MfkzNHxj/clB+9VcfZjJzCUSZpIXeHC4KGAm2fX+0ubCtBllJj9JTXv27secxT7f0N7Et1aOYibznl6y4XRwUdO2HPsRGToz756XCtptJcG45SHaQU4AAKYFmAmJdmJqJnNzWlv7zWu4TIZHbmw/M/gl2x3wmMnMBjNxMC4zyWn2HU7b7hKJR+5+qTLJaSZd+S+VXfPNuyfRXug0E5+v6OWH5j29LajIhtscJpPbtve5Cx1p7ueaLgCAaQBmQqKdmJrJotL+roGAmQwM3fjOe5fu2NSFmdwiTB0zuZhjKMFQS9X9cY/Nu/uhZ9NLHBW6Tpfc/4OH5t392Gv5dfbyIBNo3PZUXqM5VSVd/7NFG++5x7hi6v5nVgXqmBSlv6Qupnpq5Yf28mAz6Z+3MNX2UGGaie+M+4KueS+XuMykOedJ41Kul+4JvqDLZSbGgk+ObiYhfpKrak/XbWs7jazv/LDdOXesjMdMLnG3CQDAdAAzIWFn+bnto047ElszKbt27uoN499OMav1DI7846YmzOTWIRJmsrWqps7Kh/kBM9lQ6i+vznx7XGZyz/eXvHNuyHo8fOaHqQEDmXfPkg3H/bs6dGZeXOrBa/5Z2gT6qu5fpa2g6p7vP9ZluyRp3t0v6emn7nmoLzBnaN7dP9UPtJlczFky7/tLdLkNZSa+l+4Oko2u/Jfqhk3BsJlJXepj8x5915g6nPbOOV08ipmIuqjVuum4FspMqvzTt63tclcYNZgJAMCMATOZjvlc8QOfdRWGyO/vefBTO+//3b3B5aUPfWbPo46S3ykxJj6966HPuVbizj8d+NXCY6tlQv7KtLuCSizM5G/XnPvmxjN/tbrxL9dd/M3xkeY+U07M7XVcG/6HjEuhzeSZxc+p7v6BmoO66y95beXrQ0P+nqXP92/f/Hf7XMm8+ffquW4zuf2P/kyV/N3X//n8+cY//+rfqof3LrjvS3/653old33j23oR2effbMpwbGXJC4E+qC5UD+Ww2mvKQ13z1mTyZhIpxEwKuoJKRBJU911mVQa/UGc3/WxevNnj12Yy3HjPM/Yxh6ofrg0aWqlc6ReJpm2v77fP8flOv6vvA1Fm0rd/1ev7xzoylpk4Luh6xDQfh5mIDuk68+6xjdvYzeRaz2uPP1agRnpGI8SPBWszOdvUd8cHft9o7iu/PFi+v/uZ01a1z6/trGoZyKztP2s+NMyk1/v57X0nXCu0x7kfAAAw9cBMpmMmaiaf2rnQXThK/GYy/jx5cuPzp7Pkr3uWTtTN5E/evLCxfqD84uC6w71/ltb62N7e/ZdvXLtujZzIVhMP9o7TTL78l3/tsIL59/5A1Vm+MskxSyV19VpVwWEmW7fl6TqiJVKizcS9lTVp6WopkRbHLJXaQ9ZX97pEPXzgoUd0SdxC1y8m3XpMKTMJMgmbmYhUBHxXcSB13t3WgIZpAv2VST+9GGQvVc9+GPRP8YgzWFMVq4r84y1+Dj6VZ41XKDN56p7AKIoLv5kEX9A179Vyn9NMzsx7uUTv+SP2MRb7b3Pd/dBbOfYLwJy4nUEncDVXepdLM7z/sPeaOTHwmQ+DBknETDK3dx7pda7NEed+AADA1AMzmY6ZOmbyTwd+9dLZrSEGTGbFwEzeODToHTJGSGT91c2DX153+dG9V/e33rjUd8McOLlh/Gqw7d8zCWEmkvsXxr/62gq7FUiFisr99hJHjtQd9QWbiR4tkZw+Y/X2tJlIvvo3//DCr1+2r8SxG+5cv2786/X2h3YtWXBfnH46tzJTykwuBpdoM1G3agTRtO0n/o7+vKTyeXGvLnn6IYeZOAZGtJm4NySHQeuEbPT1uId+aLu+y4U2k8DdI135L501J+xmYlzKZdMPSeCCLvuYSV/JI5uct6zYGc+YieQ/1naqibMX+u74jaErX93jNUouXv3BoaClbtvUedv6bvfaHHHuBwAATD0wk1jm90sfkXy+ZOHvlBiXUX1+98LP7n3kcyULP138sFGh9KHPFC/8zO74z5U+9tmi+z9V+NCnix767J5HZpU/8nuFCz9X+sjvFT2grsiyzGSvVIh3b2XWngd/b8/Dn9vz4KcK43/f3KiYifyVWbLa3931wO+VGOXaQ3575/2yG79f+vCndz6gSj7luprr08XODf22uc9qwET+OubaE3UzWVs/3HHN9BKzQVe3Dn55vSEn648Pn+250TVw470zQ+McM3knc4sqkfXoTv/Fpia7IeildMkX/+Qr8tAz+5v2airHjp/Q9bWZiLeoklOnGuyr1dNf/ouv6aW+e/c9qlA8xF7HHq/X+Z35LcvkzSSC95mMZSY3GTN50rqsK1gnxjSTm42ZmD8HPNw47+ltwaqjCZiJ76h598jpd+/338RiNxP7nS0m/fN+lFan1hl8n8mGRx8KvpAtiHHeZ/IvpplU7e26ba1pHb19lpn0XXOPmVw6d/Uf9qq5Y8a5HwAAMPXATGIf9wiGmIAxUfrQbxcb/jDLVAh3NVEUVcEwk70PWUuNHVmDGlrRq5LVBgZbLDOJ/7R/o7P2PjiWmcwqf9huQZ/a9aD8nXNw2ffr3pAJ+SvTwfUDibqZ/GzvtRNdN677bywZGL7x8M72v8toWVhy9cPGkf2tNx4s7hmnmTQ2XtCFut9/4eJFPf3P//suXeFrf/d1Xe6zjZno/MXX/k5X9tnM5Ntz5+lC+xr09CsJy3UFPVzzd1//Z3sdHfu9LhAJM4nYb3ONZSZdHxo/vGtnlPtMfL66tT8tCtzYPraZdBW+tDf4WbvuMxGeveehMYYybGbiO3P/pjPG2Ih5KZcvyEzO6ELND+9+yNp0sJkMHUh9rWLMF+Lq2P/6u5jJhy0DR1oGqk723ra+xyis7/nM2s6zvUMv5/jHTPz3meSW9xWbD8074K/fltb18rnr7nXqOPcDAACmHphJrLPnQTVgYqQ0/tO7HvjUzvu1meiLqQwzsYnH5/c89GmptvN+bSby8DN7XCtXKXvYWu1oZhJQDrU5+xVc/unRzOSx3911v5owvKjMmLAPlYQYNom6mXwx5cKrVUNnum/0Gtd0GXNFTha833ZH+pU/WXfhT9fd/Le5fv6LX6pe/pUrgVuAdde/8cIFPf2f37duOxFEMHS5bzQz+fJf/rWuLOjbS+wrsa9BT6//zSZdQWRJFaqRGccmJN/53n/qyjAtzMRn3D7+s7WHb/bbXKZO+CfHNpPx/TaXz1SdSls9P3YzMS7omvfou+pSLp/NTERXdKGmK/8layDF9dtcsuc/yRzzLni3NkQ7/HsmAADTgrDN5B+rn3/l3La2oZ7BketDN67LX5l+6ex7t5f/xF2ZqHy26AEtCb9XaFyvpaZDm8lvi5DsVsMa8YExk/LHPrPrfuOiLFc+tdMY0DAnxmEmsk5r5cblYSHMZJYpJ5/a9aDSkvEn6mZy+5ut//KbjoqWG5f9/8ai/N3wcf/X1l+4Y0PnHb/pjKCZ/Omff1VXEFXQ5T6bmXzlr/5Glx88WKvrj99M7otbqCusXbdeFf7bN//dXsee3t5eXf8WZ7qYyYl3ltxz92PbDxzvOlf3k+8/VHQ5UM1uJsZvah1QzyiUmfQdf/eeR1860dLT1dX42uOPvVZyRc8K+vdMzGu6Ag8tgsxEDOTZ/MDi2kyc/4CJ4lq5Ve4yE2MU6B7H1V8B3OYQ7XQNON/1AAAwBQnPTL5S8fTHvRcGR5zXSg+MDP34ePoflP/YvQiRmDdyWAMmRi/fMpP4m5qJtdSeB+1mIiIRkApb1KVWs8qN20vGYSaP6A3JakObyazyhyeqJbNiYSZvXf7iW80HWoevDgbMZG/T4DfeORcpM3l+yQv64Vf/5h927ir88l98TZe8sepNn+0+E5n+q7/5ez1Xy8lNzeTvv/6/9MM53/7O9vfz718Yr0uOnzBuWbHX37g58PvC//at/9DrvJWZOmYCIQhxq0k0Iptz7gEAAExJwjCTP973xPUboQbG8y5XSx33grd6ShaaV1iZMe7ZeOSzRUbJZ0r8bjCGmcwqjf+MeXXWZ0sfCzITU2/cCvE/i43V/k7xw789LjN57Pf3PGTu1QP/s+zhm5lJOIm6mdyR0lzYOHjd/BdMfGab7hm88V8fXLlj3eVImYnP5hWO/PXf/5Oq7/jV4DNnz+o6lfuNb51vaib2h4788P97YNT6mVuydQly4ouEmQRufzdzukMVdzrKB4KXgonSPfbdJhGPc9sAADBVmaiZ3F7+k2uuoRI3Uuf28kXuxcktmKibyb9mtF72qt8HNjYwPHKj/NL1L61rvX19RwTN5Pz5RoctqLReti7Ecf9Li3/7j/+vKvnjL/9l+Uf7xmMmBTt2ffVv/sGxiS/+yVfUTwa76/uCf6G4s7NTl9+aTN5MIGa4FSIaafNiJgAA04aJmsk/Vj9/w+fs12lO9F1S86SO1HQvHl6KOupkhYUdde5ZUyqn+lvchTdN62C3u3D8+VyxutndPhrjrKPyZ/ueVEfSUZ7cWPDEid/MmvSejJWom0nmqZFr1611XxctaR760trW29M7xm8mE6Jyf9VbqWuqD9Q4Z0SUPXtLV69dl/9hgXMGhAQzmUYMDMdi2MS5VQAAmMJM1Ewqu085V+FHzOEPyn/c0N+iHkpN9+Kh81HXCXeh5Ny1NndhGDnd3yq9cJk4H6EVOjKqmWxsLnUX2hMlH3CnrOvYqEdy2ptJQs31cz0jQ8M3Bq/fKL049MU1bbevaw9hJlcnZyYwlcFMphdDI1EcOWG0BABg2jFRMxnrUi7v8NAXyhd5an6t+3zXhofci4eOMpOs1n07rhySNfQND/zZvifPeY2LZVSnX/rWMi1/VX0p7LnulY719+uS1WhATc+Z9qGr5sRZqfDWhV3DN0bk4evnP0i/VKJ2TLai1nZnzUv2Fcp2Ravkiajt6r3S/XWpIBuSzW1vq5E6UlNVk269bOWst1Wt9ruHV8is6zeGZf1q5wWp89LZrbInUvPBY6ul2pGr56WOrNzuA7LIwIix7LMN78i29AFRddQa2oZ6njq5UddUC3YN9Q2NXJdNy/S2y9WyxStDPXrfZH9+dXrLsHl3kOykrFZWrubK07GbyeMn1me1Vqh1Xr1+Te/YZBIVM/mzN1u1mfxzZseuiyNne240dN946MP229e2Yya3LJjJtCN6N5w4twQAAFOeiZrJ4Ih1ubudoRvD+7pP/kH5Y9Jl14VS07146OiO+Me9F6TnLbIhffFZtrEI8ZC/r/qluIdSAulwS69aako/W82S3vk7LeUy4TW9SLrjMleieva9wwNqzER7jn2Fst2RGzfij63R21Vxm8np/lbpwb/Xun9jc6nIwIVr7YuOr89urVSr/d81L8rcV85tU118vfMdQ72yJ7L+M95W2ZxsWrYi7mQ3E1mhLPjwsTRZidtMRD9k1vJz22Wu7HzKhR0vnsmR8qTGD+VZP386q6rn9CzzKMn637ywU6aP9l64py5pyZnsWebhVTsTwkzkr+ye2plIDaFExUx6Bm7Yf5vrT9dd+drG9j9a23b7miuhzWTDiUHnumAGgZlMUwaHfc39TrUIL/xAMADA9GWiZjJ0wzKT/uEB6Q0fuXpepn/ZkPmF8kXfqn11xNb1lJruxUNHd8RVv1n+yvQsf+de9aFnmb6hJnTXWdfUJWqRVY07rpkDC+rrf4eZ6IdqhVoA9NpU3Gai+vFqlhTKeuwbFRMQNxA1Uk9Hm0ngyIxc18/Fvv5Z5piJzF19sXCWuRsOM7FfLaY3KtVkrlqzFMq+iVm1DfXIqmTuz09tliPwbMM7s8ZtJk0DRkt47dx2cSS9uckkKmbiM68DOdF+/dgVf9p1ho102NJppe86XZYZDmYCAAAwfZmomeiruap7Tv9LzQt/UP5j1Xu+o/wnA8EXek3maq5RzeTRY+vUKMTmlvKnT26aNQ4z0Q9VP95hJl1DffYVjmUmLYNdakJ16LVU/Nm+J0/2Nyee/0A8RD2U1UoXX23rgfpUh5m0D13V63z8xHrZqJp2D008fCxNrO8/jySqNchfVcdeU21U5ag5xORYif1emvWX9sgWtZmUdR1TR1g9F4eZPH86a/2lEvdehZ1omQmAG8wEAABg+jJRM7k81KMWHL4xou5x/9JHP/3D8h//rwNLHb/Zddm8z2FCCW0ms/zXKemruW5qJupWkNfPf6DGTGTx7W01/7vmRd1Bt69wLDM5fPX8M6cy/r7ql1JZmck57+VFx9fLqvTVXPHH1ohLyGrVCIYUirlpr3jw2GpZv4iQ6IGsJ7P1I3ko1cQBZN/cDpByYcfb5rDJlaEetV1Vp2944Ecfv7X83HZZ/4GeM6sad8iOzTKv5qrqOS1y8o7fdmYFi9CeznpZUJuJiEdGS7nsg/pJAIeZSHnjtSsdQ732XZpMMBOIHZgJAADA9GWiZrLs3Db74iInXyhf9KvTW9z/Hrz9Vo2ZFPvVXDM14kI3/Umx8QczgdiBmQAAAExfJmomXw/+90yGb4x8q/bVVv99DprI/nsmUyq3gpm0DfX86OO33OXhBTOB2IGZAAAATF8maiaSdZd2O9cSzNCNYanjXnBmZGabifqVYfddK5MJZgKxAzMBAACYvoRhJn9Y/uN1TbvH+pfgr40M/fG+J6SOe0FyawYzgdiBmQAAAExfwjATyVcqnv6494L73hIpWXR8/R+gJcQWzARiB2YCAAAwfQnPTFT+sPzHX6/+1ZsXdm64tEf+yjRDJcQdzARiB2YCAAAwfZmMmRAynmAmEDswEwAAgOkLZkKiHcwEYgdmAgAAMH3BTEi0g5lA7MBMAAAApi+YCYl2MBOIHZgJAADA9AUzIdEOZgKxAzMBAACYvmAmJNoZl5lIh5IQQgghhNzKuXSl7+Llq+ebO481NH2+9FFCIh5pWtLApJlJY7O3PcZMIDJcuXKlxo+jYRFCCCFkGqXfO9TbN9DV3Xep+fLvlz1GSMQjTUsamDQzaWzuFqiCmUD4aC3BTAghhJBpHcyERDuYCUQXzIQQQgiZGcFMSLSDmUB0wUwIIYSQmRHMhEQ7Y5nJpUutqjMpE5gJhA9mQgghhMyMYCYk2hnLTOz9ScwEwsfekjATQgghZPpGm0lzS5u7T0nI5CNNCzOBKGJvSZgJIYQQMn0jncW+/sHunv6W1ivuPiUhk480LWlg0swwE4gK9paEmRBCCCHTN8pMeq56L7d1uvuUhEw+0rSkgWEmEC3sLQkzIYQQQqZvpLMokY5je0ePu09JyOQjTUsamGpp9rZn709iJhA+9paEmRBCCCHTOupWEyUnrZc7WlqvNLe0XWq+TEjYkSYkDUmak9IS900mXswEIoW9JWEmhBBCyLSOuqDrau+1ru4+6Udeae9uu9JFyCQjDUmakzQqaVruS7m8mAlECntLwkwIIYSQ6R4lJ719A9KJlPRc9RIyyai2JI1qVC3xYiYQKewtCTMhhBBCZkbUnQCERDbulqZi709iJhA+9paEmRBCCCEzMu4uJiHjibstjRp7fxIzgfCxt6SImMnXUxvVxG/98mS/v/Byz+A9716Sif/xYoOUq5xuuyYlHb1Df5p0Th7elX7hQKO1A7ISVef2FWelgi6xb+jBrS16W5J/TbvQ0jUoE7LaWa+d0VuRyKYlsg+q5sEL/bf9uuH/eO5kwp52tXLJf/vVqbyjPWq67Exf5qFu+7bCy/oNG3/60ycky155teeqV0q6uvtUya9//ZIq8ZqfFomvJz399M8kRz8+rgp1zWefXXy+sUkVtl5u/+DDnfb1SzU1ffxEw89//syTTz4la/5o3361rI5UyHkvd/Hi56TC1tw8vYbJRPZfnpesULZbUVmtSsrK96mSs+cuqmonT52tPlBrXzApKdn+0L6f+ul8WLDziSeelOcuy0p9ex15aF+nHJPnn18i5fIEO7t6VeEvfvGsPrxqi2rNGzdlSM1XXknYuavIvg/hRV64l15eJitMW7de9sdxzNUe1hw8LC+rPJSXWJ/fVcOQJyj7bC9RUS+xzJLpSL1eevfkuctrpApViX03vOaTWrLkBfuCWVnZ+qF67XTjlGzYsEnPbW65Ii+9PF/Ziv34TybvvJt1salVP5RXVu3zCy/+Wr3csktvvpWqK8jOb926zet6ItJm3norVe+V/b0j7y9pabLOJUtfuNR82f5SquerH+o38uRjb9WyRXcDcJeoaTnC8kQcbUnylu0gSOTNbn8o9fUpQrUofQQ6Oq++/vobrZc77PUJIWSisfcnMRMIH3tLiqyZiG98NeW8mrabib3TH5/bIkqgpnu915/f1ab0QK9E3Oa3Xz6tSmanX9xaZ8mD5AsrztrNRLb1wHst+qFE/ERPazOpPt//z2uspY40eb+40jIf8aJPvXRaqVQEzUT1bKRb8LOfPeM1u3RSqEqee+551X1/8qmndT9DuvjFu/faa0q25b2vFh/LTHbsKPzggx26XEW6O9IbU9MHDx6uqzvmqDCZyHbdXR/pku6vqlEPZX8OHT7qHYeZSF/T/rCltf3ll1+5cLHZXuhYSq/zclvnr196WRW2d/S88cYqKZFpEYZf/WqJXokykx07CxsvOFcbdqQn9+KLL7m/TLI/HXkpRbHUtG4DXtsLV15ecfjIx/YSlYi/Xrox9PYNiJ6pbqg+pHo3JPsq9r+dukb3v2XB115bcaXdejtoM9GNU1Yoz0u97s89/ytVGMHIQU5JeUs/tB9e6U+LSJw526ibouzMihWJ0tX2up6IPH1Zj7QK9VAfcHmCckD0OlWJfuOoyEZ1ieyPWv8kI0dSH0Ov7VxhL7E3CbWImlBtSbU9Xa25pU0/EdnDdekbag/V6WXlJOM4RagF5YjJM7KXE0JIeLH3JzETCB97S4qsmfzJ62fFQ1RffywzEeuw68TFjoE5G4zOul05ZBFV8vMPL8/bbI0e9PQPyYK62tkrAzL38wkBFfGOYSYPbm2pOh94mqsrOz84ZvQzFr7XIl5U0mB8CxtxM/H6e1T2Lp3q7lxp77J3vKSj8OqrrzlqyrSsR3obY5nJkiUvyIK6XMXewXJ3tiYZ6fZJd9ZeIpb1zrtZuqcufdnU1Ua/cKJmIhr2zDO/sJe4l9Lr3F2y1979+rj+xJ695TIhuiL9Lf11vjITOXRyAN1rDi+yqhdeeNFdbn86y5a9Yv+Kfc3adaqLr184/UQc3dCIv172FcpxaDh9zms7pPbXSFrjgZpDx4836AXloe7Uus1EFYoPyMSoB2QykaOXtm79s4t/qUvsh1d2W1qL1HnzrVR19KQR6jeI44lI5ZqDh6VVqHeKPuCy59q7VNwH324m4mDS+O1zw8tkzMRrjv6poSRdTf4mJ6d09xgnN3lTiGrKoVNPVmpK23OcItSC8sqeOGl89UMIIZOMvT+JmUD42FtSZM1ExEBM45/XNLZ0DY5lJr/3yumjl4KujtAeoh5uOdwdl2N8zy0lSwrbtHuIh8hqVTWxFDEWeXjXugv66izvaGaiLvTShZLWbmvH9O71R8dMngk2E+kkbc54V/oK0g36uD7oKjVHTZWDBw9LzbHM5LnnnrevQcXewZINPfHEk68mvOYWmPAiz8txWYvs2MWmoDEr1Z+bqJlI7/bdzC32EvdSap1K2OzPSLxIVVu69EUpl97YpebLalmpLJGDUH8s6GhPJtL/k06zo19rfzp6kERFuoB2D5G9lY6yegUd3VD1eknlSL1eujFIw9OtRR0r+254TcuVvy+//IpeUFrd8hUr1UDBqGYijVP21muqV/KqN93jSGFHxEN61dIe9LVG7tbiNXveUtNr2ohulvqJqGVVU5TjqQbZ9AF/6qmn7Sv03sxMpOuvmpNjqYlmkmYibqkv+lLVtubmKeH0+p+7vNCFRbu95ntTX12pIwvu3VseEcsihBAvZgKRwt6SIm4mXvN6rd9ZdtpuJj/Z3rqxpkviDWkmYhGSz75qfZ+nzGRrXU/xqV75q8rVtsRSPvWS8VBW9UR+4JL0MMzk3JWB2ekXI2gm6hLwp5/+WXeP9b2m9N6kq6evKhmnmUi1yZiJTtaWnOTkFHfliSaCZmJcC7T/gIo3cmaiV66W1Z086aI9+eRTm4Iv4JlM9pZ+ZL+wbZxmcuFi846dhR/Xn1CzpKS8vEIdBH1gm1vaIvV6yXbFo6T9vP/+h7K36qCtXPm6lNh3Q/qpagxq+fKVqo5qdf6LDy+MaibV5o0Zalpqrl//GznCEXEqeeN4jWuTetasSVMrHNVMJGqcTb+t7E9ElvX6zcRrXmJ36PDR0GYijVm9Fi2txiCb3UxUq4uImbz++hv6FZf9eenlZfYGoJuEiJ8qcbwFtJlIW5L9lMOurqkTh1TDsOUfVaoWOJaZHD7ysRzhCJokIeRWjr0/iZlA+NhbUjTM5NTla3+UeFYLgGPM5L8vPbXzRNBF22pURK9EDERdD6bM5FLnoLjHA++1qMu6VLW/Sjmvb3aXbelVuc1EFpfKPf2BT2KRmed2tqkKqkR2SQojZSaq86d7abpLJ10o1SEQLZEOhH2pUc1EXYEzlpm4e1feMcxkrMoTjfT2rrQbbqkjz8KhWEuWvCAdppuaiaOvKV1J+w3Noy6l1mmMiqxJk26rLpfp9PQNXpuZJK9683Jbp6Mr+cEHOxzOMMnoa4S8Ic1EDpG6cka9cFfau9/yP1P9UroTkdfL3hiky66+KVeHVO+GOp76ruszZ403lzITrzn4INVUL9/dOO0XXEnDliPsaAxhRPZH74zYlNof++HtMq9fUtOye9IjT1u3Xj20PxHljdpMZKllr7y6des2dcDdLcH9xrGbiTRpx30p4SVpcmMmspNiLPZq/eYd/xebWuXI6+cukXJpePo+Isf65ZVyvD0JISS82PuTmAmEj70lRcNMJN19QyIYo5pJfG7L//1Cg5oe9Q74E63X/mOjJSFiJl7z1hTRj7NXjI6gFIpm6IcSmdbi4TYTmag+3/+N9dbXh/Y74LWZ1Dd7v5ZyPlJm4uht6C5dc0ubvvLb/rXlqHfAS29bfXks1fS3wl5bpyorK3tv6Ue6XMXdwVJR5jPJSHffceOs7Nszz/ziQM0h9fCDcO+AP3vuwnPPPe/+pSC3mXjN3VC35XiD74DXZqL2ymEm5eUVETkIOstXWCMM3uCnIy/lrl3Farp/tDvgZcccd564E5FddZiJkmF9SNVubMt7Xw/+9Fz1qlvJtZnIE9ywYVPCa8u9wY2zu6dPGqfjJZYjrG/wCDuyP8pGvOZlWupWFvvhlRaoxjQk0vOW3dMP7U9ElpUnos3EazZOURp1wOU1UleC6bjfOHYzkTWP9UpNKJMxE3ktnvT7qt1M5ORwsalF/ESfT5SF9pu/TuE4RegF7V5NCCFhx96fxEwgfOwtKUpm4jV/R2tUM2npGvSkXfjPdy5trOn6SvK5//arU3qERNf570tPqRJlJv+aduHnHxo3D6jCo5e8r+0N3NYs0/oG91HNRPJ/LT316p522aJM/JX/18O0mUj+z+dPRdtMvKZXqL775ox3k1e9KZ1FiXQ4VC+hy7zuq7HxUs57uT//+TPFxXvUUsteefX99z/cv//Au5lb9CVJ0vF64okn9+wtl/Jt26xulr2DtXNXkZory0bk6iCveQmZ7MC+iipztOSE1+w+PvnkU1Ii29K6JfsgT0FdpqK+5dVXrew3L9+yX82lnvv+qppnF/9SHsp69FUoo5qJ2g11QGQRLSR6wmv+gpMyk3fezZJdlZpyPCd/NdephrNJbySrnRzrai7Vg1QblZc4O3urKtedQmkASkTX267mkqcc8der2n8119at2+TpK3/Th1TtxvLlK+UQ6UWkmiyizUTSdOmyumpLNU4pl7ly2KVxqtda3GC/2TJl2Ul2djs6e2R/7D1sWafXPLyyXTmksgO//nXAjaW+Gh9Q0/YnIstK7GYi75ef+n+iute8pUeeguz5hwU7u3v6q21Xc9UdPeY15VDWINPyiq9MfF2veTJxm4l+X6g272gSXvPqu0vNl/M/KHjhhRftvzd94WKzlL/99uot2e/JEbC3RiVmXvO9qU8RH5i/Z6Abobzd5InrQ00IIeHF3p/ETCB87C0phJn0u/7lHUIIIYQQMrPj7hOOGnt/EjOB8LG3JGUm7kZJCCGEEEJI/xiuYu9PYiYQPvaWJGbibn+EEEIIIYQ4gplA5LG3JMyEEEIIIYSMP5gJRBJ7S8JMCCGEEELIRGPvT2ImED72ljROM+nrHySEEEIIITMy7r7fTWPvT2ImED72lmQ3E3czJYQQQgght2zcQoKZQISxtyRlJu6GSAghhBBCSN8YfmLvT2ImED72liRm4m5/jvT2DRBCCCGEkBkcdw/QHcwEIo+9JTnMxN1MCSGEEELIrRm3nGg/sfcnMRMIH3tL0mbibouEEEIIIeQWD2YC0cXeksRM3E1QcrX3GiGEEEIIuQXj7hm6/cTen8RMIHzsLcluJu52aU/PVS8hhBBCCJlJcXf5HBnLT+z9ScwEwsfekrSZuBuiu+0SQgghhJAZHHeHcCw5sfcnMRMIH3tLEjO5qY38/Rv7zVSS7p5+QgghhJAZE3fHb1RLccvJ0aNHVWdSJjATCJ9RzcTRFt0NlxBCCCGE3AoZS1HsfuK9dv2oiUxgJhA+DjOR9kQIIYQQQkh4CcdMNiRlJSRKcpwzYsvB7KwmZxnEFMyEEEIIIYREKuGYycnS0pzcgqTErJzcolGy49D5Puci42Kk53xl6UrRnqSckpM9zrkuMJNPHMyEEEIIIYREKuGYiaJ+e445cjJKMg87K4+DvoTEnMxaS0jOF+bJeoIrOMFMAvSdSso/5SyMPpgJIYQQQgiJVMI3E19zpdtJwjaT0zu2FjYHFx0u2lw7LP9P2HjwSH7+yqSs3ONGcU66YUQrVxfYzSTTLCz0j7RkJuZcv1AtJd3Go6G01cbc1OzqcYzETFs+CTnBTAghhBBCSKQyCTPxnXI7SdhmUroxq95R1FadtOO8/D8hrTRhbcH7pXX1XaJD1QlvFtQfP1FVumflKstM+g4XJWV8VF93SN/6kikekpRTUVMn0+3l+Rt2Hqqvq0tLK60f0WufgeSuzoqxnGAmhBBCCCEkUpmMmfjcTmImJ7fBWfOmFKa5L82qT8g2bCUhcasuykkKXOJVsNZc5PielX4haSrOK2wzJsRMBvzVDDMpjml//ZNjuLtqV2nTkLM4amAmhBBCCCHTKzvPDnz53Z4vZcQisiH3DoTIpMwkLTHryJnWgUgMRIx6NVfmYfNqrsQiXZZmu/lEXc3VXZ6fkJjX3dWponYm03GPylBn5tqspIyDTZHY1anK8MpVBYUN4f34QJhgJoQQQggh0yt/5PKHqMa9AyEyWTNxFoXN+Y9SzGu3/PRVZGRVeY0pu5nYx0ysYRZjzMS5G04zMRiWamnlnc7imUJ3bVGMtcSHmRBCCCGETLe45SGqce9AiEzOTJKzMoN/Mth+5dVEKUg3LgYrrKyrKv1IJpJyrRtP7Gbia6r032dSar/PJOHN/Kqauvez81WJ3UyObN9aUXf+dN2hhKQ857DMTKG7dlfstcSHmRBCCCGETLe45SGqce9AiEzKTMQfCuzjHN66BNsNHjDjwUwIIYQQQqZX3PIQ1bh3IEQmZSbnaw45Sioqb5F7zcEAMyGEEEIImV5xy0NU496BEJmUmcAtDmZCCCGEEDK94paHqMa9AyGCmUD4fIJmsm/f/rvuuuvOO+/cVbjbPZcQQgghhIwatzxENe4dCBHMBMIn4mby/e9//2JTi7vckY7Oq//2b//mLv9E4vF4ZH/c5YQQQgghUzBueRh3hk6fdhfeJO4dCBHMBMLnkzKTw0c+XvSTx93lscnUkSJCCCGEkInGLQ/BGbrY6H1qnxH3LGUmGV2++6wSb2WNew1Bce9AiGAmED6flJns2Vv2SZlJX/+gx+NxlxNCCCGETIu45SE4IQZGXLMqr2MmMFWIqpmIe2za/M43vvGNe+/9/ne/O+/OO+/s9w5J+dateU888eT3vve9V15JWJn4upRIuVQTYZCa3/rWt+SvXqGs5NDhozJL1iD11SYefvgRWZtUk79S+GHBTrUVqVb+UaVa8GrvNXko5UuXvnDXXXepZSUyIeVq02fPXfCaV3PpzcniajfU2kpKSvUsefjDH943f/5/yixZ4eM/fULPIoQQQgiJWdzyEBynfrzaeqP2hPfHh65fHPapWdk9PmtuDWYCU4Zom8mvliwVQ9APtTYU795rHzP5xS+efTdzi374y+eeT129Vi8lPqBnec1NaJcQpZHpH/3oR+ph/bGTCxb8oOnSZXt9Fbt+OMZMHLOUPnn9K9f7L9Nnzhom416KEEIIISRmcctDcJxXc/X4blizdl/HTGDqEm0zsf/u1osvviRCoqYdZjJ//vwzZxr1w72lH8lcdVe6TNilxWtuYu7cufqhGIKsWU3Lpse6nGw8ZnK5rfOb3/ymfdZ3vvPdCxettdmlxb0SQgghhJDYxC0PwXGOmfi0mfhnYSYwFYm2mRw+8rGeFcJMPMG/jmUXDMdKvOYmBPuy6zdsdC9Yd/SYzPrWt76lLvcaj5nIhuxr9gZvfaylCCGEEEJiGbc8BMdpJqd9lof864lhzASmLlPETO65994QYybhmcmdd955ua1Tlat7TuyL2FeoH7Z39IQeMxl1KUIIIYSQWMYtD8EZ0j09q2S7d+CGzzc4svfIgNNMMnp6ZFbnoGslgbh3IEQwEwifKWImv1qyVNuF13WfSXhmYh+HaTh9bjxmoqb1jSXu+0zGWooQQgghJGZxy0NU496BEMFMIHymiJlIvvWtb3n8v831ve99T5eHbSavvJJw1113xcXF/eAHP5C/dpH4zne+e8899/zghz8sLdun1qBnqd8B07/NZb9PBjMhhBBCyFSIWx6iGvcOhAhmAuEzdcyk8cKl15avkO7+f/3Xf11p79blYZtJd0+f6IfMvfvuu2WF//7v/64Xqa4+KNIi5furatQa7OtPTV1z5513SqHsj70cMyGEEELIVIhbHqIa9w6ECGYC4RNxMyGEEEIIIVGNWx6iGvcOhMhvHe87Tkh4wUwIIYQQQqZX3PIQ1bh3IEQwExJ+MBNCCCGEkOkVtzxENe4dCBHMhIQfzIQQQgghZHrFLQ9RjXsHQgQzIeEHMyGEEEIImV75I5c8RDXuHQgRzISEH8yEEEIIIWR6Zc77V93+EL24dyBEMBMSfjATQgghhJBpl51nB2IwciKbkA25tx4imAkJP5gJIYQQQgiJVDATEn4wE0IIIYQQEqlgJiT8YCaEEEIIISRSwUxI+MFMCCGEEEJIpIKZkPCDmRBCCCGEkEgFMyHhBzMhhBBCCCGRCmZCwg9mQgghhBBCIhXMhIQfh5kQQgghhBAyoWAmJDJxmMnV3msqPVe99nT39Hd0Xm3v6BkEAAAAgFuAIT/SCezs6pXeoO4oSnr7BlT6+gcjbCY7D1QcvOosJLdCxjITh5xIW5QWKe1SNVBnywUAAACAaY5WEQfSA+zq7pMOocNJlJZE1kyOLU/MSjCz/cKxg3vyZGLVrgOuamRmxmEmqpHZ/UTFYSYAAAAAMLO57kc6gdpM3FoSOTO5WqOcRGfV2hzj744qZ82YJyHxPXchiXhGNRO3n+hhE91GAQAAAOBWQHqAIbQkQmbSti9zXZCWBPwkPDM5s0uWfau4xl6YlJi1rtpVcxzBTGKTEGZiVxRlJqLLzqYKAAAAADOX4eFh6QTazcTuJBEyk9PFdhVJTNkSETNZ+872hMScQMnV8rfe+yDGZlJdnOsuJGPFYSaqebnlxPQTb8/V/mEAAAAAuJWQHqD0A0d1kn7vkGSyZpKUFPCQpNwyo7BlT0BO1haUtDkXuXnO7FpXvmdtUpYuqdu3/b3aXTE2k9wNgR0gN82oZjKqn6iRk4GBIWdrBQAAAIAZivT91ICJW0siYyb24RGJLl8bXF7Q7lzwJjljSsjhDzbUHjMeNhW+JSuvzldmsm/He7LO/MPlG1ZnbTltVqjOz9zx3oYduwtOGBXWrcpat2N3fvGOEnNtCYlbEjft2FtfZtygn7HH3MT+t7YV5h/ev31brhrV2bI2KyFli7FURaE1VtN1RJ7FwUu1BztlEzUJq/J2Hi7fks0oypgJYSaOKD+RptnXf80c2QMAAACAGciIify/32t8N606gaM6SQTM5PiFfUaf3m8gyzN2S2H9ud26ZNWOfeUH9jmXummUmYhUJG2Xv5mpWcvfK9dmkpCYm3vJqpmQlG9MVOev3XfUv3h5QuZe+9oCylSd7x4/SVi767gyk7WFqkSm1cS6gGsZZlIfvCBxxGEm0rbcTuLyk1F+VpgQQgghhMyYXO1VN5YYWjKWkETITFSfPniExJ6w7zNREmIMlRj3vudknjC8wm8m9k1YZrLljH/ZS8WOjQZsJGAmH6/b8F7iKnMN2kz8PjOamRzfsmlLwhvv7TPGT2z7SWxxm4mK20mC5UTF+ePChBBCCCFkukcJiWOoxC0kkTeTjbVHAuVXD0XETOrK895rLLd+pCtgJu8FPETFbiZ9Za4xE6eZJAaU4+g4zUSlIHOLHq4hjoxlJiHidhVCCCGEEDIz4u773TSRMhPnVVL7Coy7QSZpJsf7jslK6lShvs9kV64Ubinbk1+2a3m2qRNBZmLcZ7Kh2Jib22g8dJvJujeyMg/sP9hYkZS0JYSZ5GdkbSir2FlfK7azYcduqZ+akrXPvbfETBhmQgghhBBCiE6kzCTPUR4hMzm+3HaXiNaVg3WFy5OyEpK2bKmtVbOCRlFa9qm5Read924zqT9l/dLxlrpDIczkeNs+qbN8W9nxvtok89KvVdnGjTRk1GAmhBBCCCEkvNidZPJmMnpW7TrgXoTMyGAmhBBCCCFkonE7SfhmQoiKw0x0q3K3P0IIIYQQcivH7SHuYCYk/IxlJo64myYhhBBCCJnZcfcJbxrMhISfcZoJIYQQQgghNw1mQsIPZkIIIYQQQiIVzISEH8yEEEIIIYREKpgJCT+YCSGEEEIIiVQwExJ+MBNCCCGEEBKpYCYk/GAmhBBCCCEkUsFMSPjBTAghhBBCSKSCmZDwg5kQQgghhJBIBTMh4QczIYQQQgghkQpmQsIPZkIIIYQQQiIVzISEH8yEEEIIIYREKpgJCT+YCSGEEEIIiVQwExJ+wjOTfu8QIYQQQgiZ2XF3Am+a3/IBhMtEzcRspoN9/UZ6+wYIIYQQQsjMS1+/ZFB6fRP1E8wEwmf8ZqLUWdrotYGhGzec6wEAAACAmYT096TXZ/rJBMZPMBMIn4maiTi0cxUAAAAAMEORvh9mAjFiImYy2NePlgAAAADcWkgPUPqB7s7hqMFMIHzGaSbqOi4GTAAAAABuNczbTsZ7wwlmAuEzITO52nvNuTwAAAAAzGikB4iZQCwYv5mILmMmAAAAALca0gNUd5u4u4juYCYQPpgJAAAAAIQAM4EYgZkAAAAAQAgwE4gRmAkAAAAAhAAzgRiBmQAAAABACDATiBGYCQAAAACEADOBGIGZAAAAAEAIMBOIEZgJAAAAAIQAM4EYgZkAAAAATJ6djUP/z9rO26Z8ZCdlV517H5JPxkz6LpyqqKwbGHGWwwwGMwEAAACYPG4HmMpx7n1IPgkzuVKXkJhl5O2PnLNg5oKZAAAAAEwed+9/Kse59yGJtZkczM5RWlLVOrHBnSCaK1OLm/WjpuK8hMQ82+yI0FyYZupTYlZafp1zZljIqjIPOwtvHTATAAAAgMnj7v1P5Tj3PiSxNpPMJKu775wxIWJlJiU1dVU11SuTsg72OWeHAWaCmQAAAABMEnfvfyrHufchibWZpKrruBKzrhuPhlKSsnI+dta5ObEykyZr+nxCWnVr0Nxw0GZSunFyYjY9iZ6ZdJwomD9vjkeYPWfFpmLnbAAAAIAZhLv3P5Xj3PuQxNZMeurOVxVYN5mYSdlx3llnPIxlJiPNCUlbq8yBjoTEHDU34e09Bbl5Urjhzaz6w0VJa4tk2j9oMyzLpuRW10v9JIfb2Myko3rl9lPm1MW0/OruC6dkcbUD4hglZ1q7uzo3rMo6PzAsJcY1YEl59cdPiXQ1Bd/ib5nJUN/mxCxZpNusb9+BwiajJCGxIDW7Up5CztqsiobK3NK6ip0FKxOzBmTeyKmE1UWycpm7obw9aO1TnqiYyXBjRrzHc98yXVC/u9Y2ewLM93icRePhROqycmcZAAAAQPRw9/6ncpx7H5KYmknmqqwNlc1Htm/VZtIe3s9zNVfa9caM4RXtpfnvnzU69z7TGerNlcvctFKzE99QmrC29LRZWLEp67T8r+NgWpI1fJGTbHb9A/jNZKhPlKa0I2heyYashLRqmUjyX5Y2UFVQ2GZMyJ4UmILhq9+z+UBQ99oyEzkOtovZ7DuQ8K5xQ4vfmny+vkMJSbvMqeGT+VsrvMYTn77Xg0XDTBrWLPB4PI3Waz4ZBj3hmMlgw7o4zAQAAABiibv3r/LcpRu+roGgwsrrz9kedg9ed8w11ze8ybWqCMax86GJnZmIlmiRUIchfMYYM8lNtl0l1VyZVm4ci4TEooNWUb1eShaRwvrt1u34Kv5qCus+kyNn7JdxDWVuzLPqp1XK45U2Myntkv8bwymBZNfblh3dTILqJxaZJXr0pjmwhsNFhea+56zNSng7P7cyrLGmT5RomIlxBdezBc5SE+PqrtlzVixfIRPLynut0saM+YnpnjkLFr24YunjYjVzjcK2+uLdxVJd/hZXNaqK8nDxcqOOLJ5nOqewbL6xwfhnV8yfN6fB55P62S/OX/R2sUwMmhXmejyy5hUvLvJ4FqQ3WEsBAAAARBB371+l+5JX5ERNG5bi83VfssxELXgi2Eykvv2hUcNf4cQlo7deWmlMbzK6uOZGT6ovg61NqHX6J4btq3KudtzExEx66rSWrMyu6w5vnMTOGGZSulHfGWJ05XOPG/8PYSbd5flj36Biv8/EQo+QVGRYZuLrO6OeV9qOE+acTil3LKUZw0ycOxDaTCyGLiYk77E9ngZEyUxGHbIofs6TfDTwMDAe0pgh7qDLU+/1lPmnxxwz6ciz5Kch3bMoO3jwzNe4yT5mUuaJS7fNBAAAAIg87t6/EWt4xKt0wrIOVXjS0obgMROrpoqlNP4xlm5z7EX9vW3tgDXwYpmJsQNagW4z1CUw7U7wvt+EWJiJfbQkAlriG9NM2svzc4+7r+Ya00zU1Vxj/OzWKGaS4DcKWUqZSVNJ3vngXz9OSMzJPDz6KrWZvP920NVcjtrjMhPzeQU9nvJEwUwaxzKTpR6PfcRisX4oZrIwQ5dnLPRk+1/jMc1EfMNcRCRkUa5DTBxm0iEr6YjApWUAAAAAY+Lu/d/mHyTxGeMkhpOMw0yCxkzGYybd6rovc23T1UyMO8LfLj050pcQ9l0lbsYwE+FkaZGhQEk5FResDn8oMzEYzkw3rulKSnd09Ecxk+sXDhrDPqsL+qoKlJn01e7S0lXYYG5xpMfah1Vb64P7sdpM1EjLynw1zBLYgcJ6dfnZ2GbiPZ+UbG5uVV7EDmasiIKZGDoRn9XiLPX54oI1QwzEGhsRM3lZD5MY5RnW1VvBZtJbJg+XLk83ru/KWarMpOzlQGVNsJnIi9kR923jiq+yUXYKAAAAIAK4e/+GAPjvMNnUZY1p+G52NZd1n8mgrY6/QrCZGLPUmo2VXLLqBHbGGEuZLldz9Vj/4vu060nfnJF66956k5RJ/iMtM51omMkiwwICV2dpls321NoeBo2Z3NRMhsuWemyLn023xkw23HTMJICxX6/ud5YCAAAATBp3738qx7n3IYm+mfh8uRvzI/XPqE8t2qo3VAU60CsTt9rmgZNomEnZy3M9o/02V/FznhU1gYcB6xiPmXTkifDo0ZGOnEXWBWCHkm92n0mAZcZoTrazFAAAAGDSuHv/UznOvQ9JLMxkBlOVn69GhJLSCyb7g2MznWiYiUFLgVjAnHnz599rxOOx/m0TQ1nUb3PNDvptrrHMZPFsz/xFS1e8aOhEY1a8Z84C9bte8Wuy9a0pi+cZYyGLl6+Imz/HWovX+FEvqWledVc2/9HFK8xf9PLMW1bm3yYAAABABHH3/qdynHsfEswEYkS0zEREYnf6XPOfgPfMmbt0naUMg03FyY/HGUMXz9p+L2tsM5H6so4596WqR/HGPyo/J3mvcb9I4Kb5wZbiFOMKsjnz4vTgyYpHDQkyzaQj3lAjY24DWgIAAADRwd37n8px7n1IMBOIEdEzEwAAAIBbB3fvfyrHufchwUwgRmAmAAAAAJPH3fufynHufUgwE4gRmAkAAADA5PlMurP3P2Uju+rc+5BgJhAjMBMAAAAACAFmAjECMwEAAACAEGAmECMwEwAAAAAIAWYCMQIzAQAAAIAQYCYQIzATAAAAAAgBZgIxAjMBAAAAgBBgJhAjMBMAAAAACAFmAjECMwEAAACAEGAmECMibibuZQkhhBBCyJSNszPnAjOBGIGZEEIIIYTcynF25lxgJhAjMBNCCCGEkFs5zs6cC8wEYkTEzQQAAAAAZhKYCcQIzAQAAAAAQoCZQIzATAAAAAAgBJgJxAjMBAAAAABCgJlAjMBMAAAAACAEmAnECMwEAAAAAEKAmUCMwEwAAAAAIASYCcQIzAQAAAAAQoCZQIzATAAAAAAgBJgJxAjMBAAAAABCgJlAjMBMAAAAACAEmAnECMwEAAAAAEKAmUCMwEwAAAAAIASYCcQIzAQAAAAAQhBFMzmSm5WQON44F4YZB2YCAAAAACGIopkczDaUY+X2U4GikWtVNXVHznTa6uSEYybNlUnZ1bKqqtKPZNk+5+zIszkpK6XworN0etJ3eI+zKCbEzkyaKpMyPuru6uzuuniwQ1pdc8LqIvNha0qS1dKkca7MrlfTCcbEsFQ4uSPvpFGtZ2DEKN+ctLXgvH+dspI3C8yVdBYebjcmTpa+f9J42D0w7K9Un5CUo6YK07IyD1ulKau3DvhrpK7Ne/+s/8FIfWq6tT8pO86olfvnQThkJuapw9jdZZwVUtPy9JFvKs5LSSyyHnjrUt7e6p/jSy1u9lnNAGAG0CznHz2tTkS5q7LOy/viwqluszTh3UPWO0VOX82VB+Vzoat1ZWJO7vFh+3lMLy6c37k14d06NS3nsdQk/zvIPI9ZbyL7asFEPmvkb+vxypW5JwbME5FjlvqEqjjTGvITyljQf3ILfEykJmUlJFkrlLOf8b/mykLjpTAxX1l5QVMD7UE+m3L0CuXvQI9+3QMfQ31D1tzutvMJq/bUmx+IMaZ0Y1Z9W6fsQFVxneyl7FVKYp76zJW5ss9Ge+7qLNiUc9DsAqYmFulmbK6g3vqAls+CkVOO9g9TnCibyaq8dlubzl1tjZCc1DIx0n4wNz8MM1HnQZ/pNoHuY6SZmZ2VvlNJ+TZdjBUxMxM5B9lltb00X525DI7vUWdtaZyp/k9f/SrLubjJX9Eof7cuaYfVtuq3W6e/APYPAIv6wpK8I15jymYmFwtO1lWYhT7jg6Ro5Tbr4A8c2JXr/8DQ7Rkmg/XZ7Cd1+56SDmu6YHVOgt9M5Mif3ImZwExlFDNJTdwVmO9o7Vb/1egLmu+FwHnMZiYXC1Zv3ZxUoB7IeSx3m3X+VOcx3kRjYemH0ZnedXBkFDMZ5yeUfUFNalppYW6O+tgKYSa52/Pb/WUpyXscK/S/7kEfQ3puWmKe65MuFjhO5j6jDfv3ZOSUbVfblcIpM/GZT8f8f739ODjaP0xxomsm+usWg7OlCcm71EkzITHfNsM3GTPxNVWmlrT6zL6gr+eErEqdGvsaqlcmGWrU7VejhKSik8UFSUlZK1cbp9fN0lNJykl5t9Ka3XcmKdmwJqvkfHXa24ErzTITrbeuzzecttYY51n5Zv5187G8gRPSqkuyDb/aXHxGraz7ZLWxbHJOVeuQKplafBJyEjMzSUjzv6YmmcGtS52UjY+EkeYUUzxGN5PmyvoRX8mGrM0HjD1JdZ0lRzeTZqlpdHm1majPnpWrP1KKI2fPgtXWOtOSinQHAjOJCE4zKW5OsI78sDHtN5PU5D3yeaZeBVXNR6cKZg6jmMnB7JycysB3eKOYyci1lUmq5xc4j9kWz0orbffV79HnsYO+i/bzGG+isdBmIj2QI6ONmYzzE2p0MzG74ytNYwxhJoXN11J2mhd9jJySuUErHLmWlFRQan6DM4qZDDRL98b+hV3MkB3YsDOoOWkzcXyHmGY+cctMzGZsFtvMxNfnaP8wxYmdmbSW5ElnvdUyk+C34iTMpL00P/e4MWH0BVdlldTUdZvlKxON6YqdBdJPbTLlJCGxIDW7sqKmLmdtVkVDZW6pMVeqqes9ZFkpqaqp2/BmVmHTsG+or7vrkBqbNub6zUTeEilZlVKtJDdPmbphJmI42UahfiKy2qqaU1WlH6k3/BQkd3VWjOXkkzOToBO6mqs+ElLMWaOayXnzO/WBA7vUBQzjN5PTO7ZKe9NmsjnJ+KqmYLV1YZicPY0Gk3FIplduO6U7EMqBddcZwiNT37qmvkUrbs5M2mpcPuetK+nw6cOrPqTllVXvfTpVMLMYxUx8vqHUVVmpudblWP4TjtnVa65UDw9eUZdgBc5jenE5j1UZoygX9XlMeoH285j1JvK/AV3nxlsXa2DkTHXKTuPYGed/fZqyvvcc1yeUbcFAffVCVGQYlwmENBNfwtulp81PtHbXCivarO9P/es31umfm2O/7CW2DG9enZP0buXJHuvKQLuZ2OsptUv1H1LdjK2nY53Yg9o/THFiZya+j4sSkgsGfNeaPpbzoPo+xkK9PyeA/0wq0U1NTo4BIz6+J/Ow1ZoNEdpovD1tW2lWp1RhoKrAbOun7P0S/5BOvS7UZmI/KWSal4Sab2CrUKbVeKKYSdNUv9B2uLtqV2lT7IZ0YmcmidYlBwrbh7TQrl5H63ss74nUkuZRzWTlhkp1xW1Flvnh4b/8N8AYZuIzvsHK85tJe06teanrmY/M7+mNDxKfr9MYbja/fWTMJLK4x0zkVLAyeU/JBuM4W2YiR97/yhpfA2MmMNNoHc1MTEbqcz42/j/amMmpDVXqoiLbeaxZLe4/j3V16vPYQXXZjP88xptoLPSYicLeq1azxvkJ5eiOK/QlTAmriqyzX1t14IOpKWAm9dtzxCHTzG/KHCvsLs9PWGvo0ChjJvV7KmJwI28oApoduJrrcNFBmy+tTDJO7P4xE2czDsLf/mGKE10zSdr4kb3EuFtLfaHSpHvtQ611hmbYq90c+9Vcfuxvb3mn6UYpu5FgnkxtUhHojEoTN2p2HbSvMMF/B9VoZhL4Vlu22G2ZiVWozcSYPm5c0FX/Cb+rx2J45aqCwoaY7lzMzKTvcFFKrnUj5uku/x3wfdcGeoLuL7QmsqzbAX12M+k6WNqlpowznTEo11fvv42+8+BZ8wbEsc3E11eXkGSYiXwY6HntpfndlpkY50dlv7rRcgd8RHDeAe8f51T39hjv066DafpS0pFTOcnGC2S9tbl5F2YMHQdTcusGBnpyVls33RXWnO8buFaVu1XdQOK+A95n3qFnvhcC57HNyWOex8xeYOA8xptoLG5qJvoO+NCfUE2j3gHvNxOREH0rfELSVvm8O19TlGLdqaJeUKOLn1NvvC5BZjLUt2FVlhpGdt8B7zO+Zv1k7jMpLT3VPXCtvrjAf3WWzUysO+B7Bgb6CjKC7oD3mc3Y/L/tDvjzdY72D1Oc6JqJMaZRYmvUPWdS1+Zn7rDGK3xWt94a05wANzOTMcZMxjaTyY6ZjGImwvULlUE/TTZl6K4tirGW+GJoJkLuxq1Gu0rKqTIF42RpkWpmJSd7VIXAp0XfIbeZqE9fP8OqX1uVb9xKJMmsuZmZGO3E+ERXHV+LjuqSDr+Z+IbVqJ1utGrNE34jQDCBq7nM42ydJTqq1e+hSaG8supsYDJcb97F639r+4dhXecWgGmHOgdmllq3PqrbI/V9lUGt3W8mfVUFCcYdC4HzmJSMdR4zFwmcx3gTjcXNzcT8hEpddZNPKN1ZSrB9TATMRF4Lf+ekvbZU6qxML/KvzXpB5ex32nzsWKE0EtUb0OuXF13vZ0VGlr7GJJbkpBstNil9j75Z124m11vrjBuJE7PS8v2/F+c/FNJozXEe/9Vc8llwvtrR/mGKE3UzGWecC4fmpmbi8yUlZZXUnKoo3mW7zySEmfhy3jTuM6k/c37zaj2kcy0haWtrm3GNWOA+k5L8lKzK08frSvLzA/eZuMwkNeOj812dJbl5OR9PqocdDbprd8VeS3yxNRMAAAAAmHZE0UwA7GAmAAAAABACzARiBGYCAAAAACHATCBGYCYAAAAAEALMBGIEZgIAAAAAIcBMIEZgJgAAAAAQAswEYgRmAgAAAAAhwEwgRmAmAAAAABACzARiBGYCAAAAACHATCBGYCYAAAAAEALMBGIEZgIAAAAAIcBMIEZgJgAAAAAQAswEYgRmAgAAAAAhwEwgRkTcTNzLEkIIIYSQKRtnZ84FZgIxAjMhhBBCCLmV4+zMucBMIEZgJoQQQgght3KcnTkXmAnEiIibCQAAAADMJDATiBGYCQAAAACEADOBGIGZAAAAAEAIMBOIEZgJAAAAAIQAM4EYgZkAAAAAQAgwE4gRmAkAAAAAhAAzgRiBmQAAAABACDATiBGYCQAAAACEADOBGIGZAAAAAEAIMBOIEZgJAAAAAIQAM4EYgZkAAAAAQAgwE4gRmAkAAAAAhAAzgRiBmQAAAADMDIb7upxFkQAzgRiBmQAAAADMCK6u216+qeTE5RHnjEmCmUCMwEwAAAAAZgCXayrFTCRbatqc8yYHZgIxIpZm4gnGOXviyEoyGp2FME0ZbKuPmz/HaBnfnl/WNOicHQ06CpbuNTZU9rKHdgRwi9N7NNs8Ac0ptp1/spcvkqL4nBZda07wh1f9uvhl5fYCo4IuKUgxFpd1ZhzqMB4PdzR8kCyP5z661KrR0RA3b06ggp+MeKm1zJjyFlgfmbbVTgE6PAvS9YM485g4T6SDLQu+bez23HvjG732GRBVrm/5sPz9w83DzvLJ8smYyW8ydjVevOwshRkNZgJTg945s+cU17d0CA2182fP6XVWiCLOD1QAuPWYP9tT1tDRUl/smR1vFZ3NnhO3VM5KDWctVylYYnx9ohfxDbd45syxC4Oq4C+pnxO3uL7JXKdnrjzOE0+ZEycl6U/NTT5kVEid70nP2a8raObM9lhm0pixNKe4eLeR+gh/CT4JGtI9nvn60ahmInK1wtzzjOWLGsyShjWBRWDa8cmYSUJi1rtbSpylMKOJpZlo5Iwbn2WcwQrWLY6/d67xcHmxmiUnuAKvL37enGUVxhnZ41ncUWF8w2R8/VKeMd/4Aibw3ZI2k8ZNxvdL1tph6hHwUU+cPNy/aWm8OTyScdQUkEPJc2cvdiwiJR05i7L9n8SDhYvT5cOttz77ReO1XpRSpsqXeTwNHyw1Stbt7zC/I4rzxDfuMErmLFxhPPy2Z868+BV7za88W/YbTWj2nAXPZhgPGzNUB8JtJsmPL5A1xK+pN/sjvdIgZaky/9emnlf3pz++QJ7A4k31sksyISusj6VLAUAk8CzU326VLcr1j1ocSs7rMM45cl7xVzQZbijrsHrhivTHl+nTiL2Ce3DDfZKRTdsf2iukL/T4ypdZZlK+zDrZTR2Ga1fM9cj5udg/EjKqmaizvSbOHD/x+A/OovuMjwA9dmS8EMMt4mPFg4HzfLI6b/sfzn/U+TEBozJ4tSviAya+2JvJ5szi1LR8ZyncAsTcTBqz5Qwz2zrd1+ZmFNe3+IY7jHOQ8QWScYIzepkvrtjfocxEOpgLViw3R40bixt6BweNr2o8nsfzfGZ/VzTGMBuPh27h1Kcjd1H62aAS9Xm2yGMaiDSNNbU+b2/Bc9aHnPz1LDB8RFhs1vTMXlygXumz6YsLDWswzMQ8BzduilMfhHG6MbRle+LNz37zc1SVKaSy8WE/hpkUP2etU7HA3xGR7oLnOUOhxURUSW3i3GXlxm7Ih7THs9RaAACmCTYzaZibWKum5EwlZ4aMhZ65b9Qa30rMmdtgu7zUbiYGdjMxcZvJYEutZ97TQUWHktVHniKowolU4zzpNxM5Wc01+/Rz7lsUk4tcb46cIc1LuTrkzK1KRjWT2pQFc+KWZpTrsrJl/kO3eLY+hr3qqjB5gnNftBTMM3dpmXkSlxNsg3mSd5sejMXgsYPqPpP3jkT4F7piaiZnzjYnJGZJyiuOOudNAGslOpmHnTVgChJjM1GDG4Gvpvx4/Kcew0zmLrVKTTNRZygbjcZJ2vy2yZh71rQX1QGFqc2iwKeRhfqg8tybKh8/tW/MVc2i7EWjUD6P5e98z/zUE0ahxxhUafT4P7qM6WcLBv1rMOgwLpTwBfUbyuI2qA/FRulk+AtN1NeQY5jJsuD91Mphyo/xpZ1nbrIuKVMOY3Qjgr4gBICpzDLzKy2Nz3inz23o6Ohoqp8/b66cGaTC3PsWGNd31WR44q0uuG+iZqK+X/PMqe22V/Etmxf4Ns38Pi5QIXmeuX49ZjLYsr++paGmIOPFuPhNU+KyUznTxpl7or+jGdVMhKULjYGRxev2m48CZmI/W6qrwqTE74gtnldVfd/gjsXZTb70BR7PfeahgHEwE+6Ar6k9pUQi6c2tWiqclSZCU3HeQWcZTF1iaibDplRo8fDuV6fsFctXeOxm8rK/92me063JLENpPN9esGK5caGONhOLhYFb8WBq0pG7KEMNmEgzmPd0+u763kG/mZhfW+Y9br7W/vEN+TQylspZZDhJW/aKGp9hGrYPZrVUwEz8H3tBZmLVt8wkfranuL7F+N4xpJk4eh6Biy78+qFLrLEX2yyAEKi7BZxfzMAnh23MJIB0iAu8vtR7rf63L+g84zw/3MRM/DRuiMvzv/Dp8R77IIxCVRisWGadJ7WZ2JgffC/KJ0RD4JPX46m1rqE1jonbTBS9e5cu3jEYbCaBp6aWlRLrXCrn7TX1xg2HJoP+4WsRM8/84HEnGJ3r7+3ct+t4u7N40sTOTJSKrN+082JT2+p1+ZjJrUYszUTOvIaX7PV/VWSceT2LcoyztedmZiI9S/9JMGjMJH5Nvbqay3Weh6lEY3a8Hog4lGxqhkG8+kwyx0xEXfIaemvXxC+4b0Fjb69nQapRw1u8eLZHBMB86VsmPGYSbCaeucadJ0JLVryxojHMZKnDTNxjJpgJwIxgVDMpfs4jH0sFzwY+jOznhPDMRE4R1pYGGzzxo32VZlaQc1EwQXIydyqcZGpWLFpj3ZFfvGaRuqo2tJn4T8Whx0y0mdjHxoNYNo8P+k+SqJvJ0ND14WHjX2FxX8cl5TI3UHWCOMxkZWJWRd2pgoyczMN9qiTl7fz6C5256bJd41YB3+Gi93fmp2ZXVtVUJyTtSn07v6qmrmJnQcK7dTIzd1VWSU1d/fFT72eYlSHSxNJMHGfcxrY8PS3d1tBmUvuGEhDBnPCbiXGu9+6XE5a+dwWmIB7xjBr1FVivyIYnPrmsoaN43dNzzdc3e5FnwRp1O8lonEjV1wwYv6Q5/+mOjpan53kaze/Slhk/dbOio6NBVjXXvAYglJl4PA0dxq/izJ03dxQzqVjmedz8WvNshqyzpaF26SZjhY2b4p9eV6Z+sUd9nYmZAMw8Gowf5tqfvTwufk298Xi4UU446eUNtTnL1LlFMQEzacxOzymWs56sVv2il3EG+/bTVrd+d7FUWLRw8f76Fl0hgH/MJPvxuOKahoaagvSfz19W7ry4OfaoW/40HvMuwVHNJO7ZZPU04+ao03VHwVOeAjnIbb7e8mVxywvqmzqyX12gnpTNTHzp9xmn9dqGloJNK2SFKxYuzfigVk7yC1zXA8PoDET4DhNFdM3EfjfI5baukw0XE/y/ymWfFd5tJ0FmcnxP7nFrUjykMOiat/pMNThzuCjnY6uoYG3WgH+28hYxk6rmSfWGITSxNBOAsZAPqvmLkq3fDP4gI6/JNs9b7L4xSWO/ygIAAOBWRt8Bv60uwn4SRTO50t4t1rF2w4epaca1WymphgAoMxkcvC4TUi5zZSIpZatz4XFgN5PucuvyMDN5hc1GYdWOXSuTbDe0HC5S5UJhWuBCMmtE5UqdUfPt/PYhPQciCWYCU4SCdYuN0bDZc+bHLWqx/TRW46Y4/duUbjATAAAAxbS8A379pp0r3rB+ZaLx4mWlB8pM8vL3Wbbg8/X3D+jpCeEYM8k8HPSryqd3bC1R3356D20Yj5n4KUjLModXIcJgJjBlacmK98xZYPybIWODmQAAAPi5/k7+dPs34LduL9fKUV5x1G4mO4sO6FkNZy5FwEx8vqSkrNzSuqqa6pSN1U0+38DhopWbPmo9cyJh1daU5JubSVp6Qf2Fzu4Lp1KSAhd6QQTBTAAAAAAgBFE0kyNHzySY95AU7j6oL6lSJfXHG2VCypWxRMRMrrfWGdduJeXkVjWbajGUmmw8PNnTV5FxczMpzbauB9u80/xHDSDSYCYAAAAAEIIomonPP2wyqnvkF1TqWb19Y1/cDTMFzAQAAAAAQhBdMwHQYCYAAAAAEALMBGIEZgIAAAAAIcBMIEZgJgAAAAAQAswEYgRmAgAAAAAhwEwgRmAmAAAAABACzARiBGYCAAAAACHATCBGYCYAAAAAEALMBGIEZgIAAAAAIcBMIEZgJgAAAAAQAswEYkTEzcQLAAAAANMHZ2fOBWYCMSLiZgIAAAAAMwnMBGIEZgIAAAAAIcBMIEZgJgAAAAAQAswEYgRmAgAAAAAhwEwgRmAmAAAAABACzARiBGYCAAAAACHATCBGYCYAAAAAEALMBGIEZgIAAAAAIcBMIEZgJgAAAAAQAswEYgRmAgAAAAAhwEwgRmAmAAAAABACzARiBGYCAAAAACHATCBGYCYAAAAAM4Phvi5nUSTATCBGYCYAAAAAM4Kr67aXbyo5cXnEOWOSYCYQIzATAAAAgBnA5ZpKMRPJlpo257zJgZlAjJhqZuLxeDIanYVRImOhbM1T5iyGKUryo3M9s+fEratXD+M8nmXlwTUmwjKPx1kURFncpog2xMaMie5t2csez8IMZykAwFRnwufPxk3GGd1ZCmFw7rBpJvsKTvU7Z00OzARiBGaCmUwPOvKW7g0q+ATMZLilYMn8RSnZHR0dLfXFGS/GLd3R4qwzFpgJwNRm/mxPWYPx1vbMjreKzmbPiVva0tHRcHZQFcgZYI7t1KEWSf/5fGuRxuz5S+T80FC27un4rEaft7F4d7GVDU8nHx1tnY0ZS3OsOnq1wpzZHtVTT53vSc/ZL3slW1lWYe3GlGe082dIxjST8mW6SzDXM9enToz3LlVHbL95DO3nSVkPn+lRAjOBGBE7MxmulRNtrfXAmG7w+QabipMfXyDTi1Ksk4mhCi1lcuqf++iKMun11azw6I+BQ8lqOv3Z+PnzpIpnxW6zXzjYUrZphXEenzO3tsOqqzDM497UhpzFHk+8VFsUN99eTZlJ/dEM+bvg2Yz6XmuR2sEG81PBk17RUbY83tjQXtUBHVzxeJwxwzMn45CxCjlFzn2j1uff4cCGIRjRAPlMjf//23v/1zaufP//fzsgEAQGDIKCICAICAIiPzQUIgprAhExdoyrZlk3G+uTW1f31ittvW6dq7SJkiby1nF6HTltdrZpZpuNbv2Jumlmk65yvVWrMO/X65wzXzRS5Di2x9+eD0QyOnN0ZqQ5c855nC9jumpxw3Lr1rz8MdOjdOntUka4l65dfZvzBv+qMRE/Mly6SxemkTwkf/hTfqXD9dj1ZpKSHEq7SbYyKSNwvRyKXzyRFMkCJbg0PcxX7nBW7dJm0mmKoVxNXnqVFemIcj/VrBafMJ3hyYpOLTlpddSmxi5nLFkXNuw6H0jmGb1Pnf9QWqbtm8kkZag01aM17wfx0jfLwxwSi3POD5hJ81I2t6CTUdCpchY9lOAv3jINPk3/JgIAvCJ0i7nt3lpm1r15V/JzttO+TBVHxo0o6Vg1m0se9334I3TPeu1xEetqZ2fkp/qkuZDrvW8LRwSF97bUd0VXRaNYovJuOstlztSSDgwVd66ZVN42qID1i7tAcRoq7jwzad2dTAetxjWTdEz/7L1dNjCTEO1/Pe2uqbYGmAmIiOjMRDb68ytyy3WMhBQAhSqKaMMYcoO4RLOE6zP1d6jRmVRxPHjHWjXrpcMf8ZFBGflvjqK5kXQ0ZSaG99l0SX0kkfDicVtTYsgzb3s7hNd5M5TwvsXSWvDgwIfqWCORKC1b5sWc4dpFZrRo282krG+owi6pObHyavJe2RlZOZ2UnZFt++5k9qJtt/wuwxRnlUTdsnX3JGOPTVftVVPlE0KcLKROFqu3GvSxfCZr2XbhTaMqL5Myk9opo/RARn08Z7xZoM/SEYscUjOGjIrZVGfIR+3Ucwv8v73CKhtPpHJXbTrbyXtcFyYSieNTVduqCZHi1BolqkerJjnzMH1frq2VmXQaIqFEqOb9IDp9yl2xZK5cb5oV1f/qVcCGiMtTdGlwn2vxYrVaztO73JCgdOg800OisR3VEQD7l6CZ+KOydLcuyhvw2Jwb5BM0k9BH7IvHS6pXhO70t7vGQMQQ36190rw+7LbufcSRQh8z6VjBrpkdo1Gk4i7xVsG2LcP9KcLFnTaTloinZQGrizu/OO0p7jwzoaS6umGUmTwops/pebwwk3V48QPP5rry172+Av75mfGZM9M3w8HgABClmZQycgTDcSbfIF8oOQ8K1MJLXeB6gUJ48EGKgepaVm19R3Y1Jc5Zzr1J8oVMuWtMRITmYjW4yRgMUImEm2tuNGUmql7yDsf/qdJfnh6XoWsVP9BNgpNVRaR7wlRGb3T8+uDAZiKvr8O/sGy7u/CAgwp/Y5L+nTsmZI2+lJ7R4x7WuQTX3D2zoage8zosE1IUPejKqo1Qt6WkptKhU6qdTnhjETm3Q87Rn6p5J6yqRjpPWaHaxjiHF1JCNUrootOuOTdjqkPn3IzN2zGZgen8rzeontbx+qVfczMqbVfWdAWcCNXT3afKWfGklzMb4oTujwQADCanCn0Xh4smg9rO9qqZGDKolOBS63CS53ctF1W/lSJgJvoj1anj6iMOV3NyBPMwe4iHNZX0OkTCababS2bTWq54k8TyQ3IjYCZypD6ePLELBkwcLoq9gtfVgFq4uGMzMUUs4X5m/eJOmUk63lNfL+TixKG47DBiVLWrCFbfHl2tgoPHflgB/+zbP49MzPPWT9+NjM8822rHArucKM1EjVpQsUX/cjHNJa+IDyUSb8jXWW5/CresUbOmHD38nSjI0QtqGrYXZYUSN8ZGeaIXlUElnm8l4oczY7/hreABZRo6pDdacJ2JF1N4guF7To33nao1ZviDmZNjY6PDwjeTlHfCMJOXwS1198dRZtJayCVPl+xnbc9MSFzp+gpjrN7hH59HSFxYCfqZiRci2wqt2ikjV6631gJm4vWldRpi6HjTtoNmUrlX8aYNUAr+8eyW2+cnkVXp0mmVZl3Vyhl19LWqrmV1VH3o4LlxNiOtpeyUnkz6BhVOPzgPxAuhZkzlRLiqDjaMutIJfl+wK1GT47vnnIKdJDBm4tO+lKW28uQbfqmlhlgV3TegRn3Ev1s7tojpiaP2bMabwfWyNJl7k/kVruB0E7x3zIQLz+6ZYDtCoCjWRV8gRBd3VGkOZdXot2T94k6aiVg6l1RjLj7ubK6U6ihU1S7GTAbx6x8//eKzb56EgzdNVGby4ieykW+f63fffjo/UvhzVwSw34nUTJQApN2lI/cmfQ0IRAiZiVqgIrXCnUAlMmrmj5Be4cd8yZiJ2qZoqrc7NGaiSjEvpni5mXB8Qy0mCY6ZwEzWp8dM7LljemEJtfjVDlLQ6lpDX6OO3wmn6Wcm3rgKr4y059RMbicwquDXWCv5sWW5sVryzIQjuEtduwcinN6q1B0zoTTz7ZaVPJxMjteqpwxeBNNjJpRauBNRnr/l17vh9Jsz6b5jJk7L1yfFcFcmb2LMBIDXpq+ZVN/m0ok0wxsqD950/cyEV8fZ3bKRdbe5W82d2fWyNJmVfOFB14CAJDQ/uWvAeWfoNRNnKVzcyfKtdSnrDnSsX9ypMROnY3nTfYPxZbS0GuKGmewUEZhJ5+zEzMi7PdXYL99vZuRk9v25M5TsRLlc1TMCwS4nYjNRMiCSBfU2HfMLYFX6eBu+b7jbySleFy37n3xqcuxbMzRozKQ32kbNRC50UfBGA2byyvSYCU9vyJZNa7lkDBneryZicu27JDskCheX6lerpSnZ9ehVh6slYfBMiZQwkocTNYunUsh1Jha1AEpms17OGYa+6H6NtVYV6by9ahrupAvdhmjV9MTox1WROG6uWnTE1PhSb1VKhpy9FOrN0/SaCSWbGxIVdTLBdSZKqDjlnvT56yeOT9W8RwN5FXDtpEFJkMLpDPmgGE+NlRbN6kXeW0yLwgJP4D6OdSYAbAKLH8y1VBpN6SUNnYa6ufguPu0vBgmaifpInG5q+RGqI+gW5kf3XS3IB10QtsiU/FGycJqN0rFUddmyliuq683HHTPJHMkumU11Ykn3mek7SR8z4dVuXcWdW74NG0KaxvrFnTYT2riQ8iZuBeM78ihUxMFM1ufnvfk34G/PfjRR/PLhL+Fw4uGNysh7V27/uPEqbvXmyG/ny9WVWzf+fOa9G+G9YCDP73weDoqEiM3ELrNXKMeQ7+ulk+wJ8aFUQ07DFf3MhBeoqOcrMa2knMebnTazMekVDyrDRyiIH/HhfUQh03BDHsjlIoFoGzUTqlTU40fGrjeTMJON0GsmTqdpqMdqLea8Xy0RvHx2nR85FYsnjnabydpS/E3uUkmJ4Vq7mTwUeDaX+5A0d+ZVV42VPczPganbjS4zkeMtw9e5MlVZkeIUFnjSV7+qND3JDwoL08dMHD7/vs/monpX/gJ90m9eHev7bC7Wp5NyMqE7b9t9Npdc6N/mX1Lg2VwAbA7uKeMCZ9gPksUU3Wh2oEEUNBP1kZJ8VKOkleanCnON1lSl0ko+e1mXT5quNNvW7LD8gFFd7Y7mmknlrOyMkyfWHWOH6Gcm4eLOLd9a19lNXqW488yEZ94eKfidLAEzce7xY7tgJush/wb8jftPX3eM4WVsu5k8e/7LyPiV2+Fg5nZpZvWX589+3rCZXD4/sxoOc0bOY2H9qzL73kw4aPuJ0kxs207KQZINTbO2bV6X4j+cEexbwk+z2YW0V2sp+exL8qXCRW+ABwAAANh59vYK+EFmEg57JX7+y5WR967ceuQ2Xl/8+9nT70Z+f+PZ0386PCZw5cz4zLXlrxc/rXi6MjL+2chv528tf3n7IcV/NDIxZ35zn6eZHVSfITmZmL8fDt1OojQTas8lj+XDPUPr0JSdwbu9wQo2R7OUFvGkXjAKAAAAgNfi1/+cX/jkzqMNDy+sR6Rmcmv5a/36yyNnE2ai166Mz8zefOiGPPIco5yfGSmqP2bhkKKoDYp8211//2RhvrIqf0nzcy/CgeP5/YhHTqI0EwAAAAAAsOeI1ExoQ4dIi9iEmWh+frSin0QcMJOR8bnLLD4MHUIt46JAHeQ4s3m2Gu/lhR8ontWvnOl9LMF2AjMBAAAAAAAD2NtmQlzQauGbyZnxmQ/v6MGly+dnnsmNoJnceH8LjrunIS25bLlDSFEBMwEAAAAAAAPY82YyMl6W//975PfaTGbfnRl5Xy9sCczm8s3kycL8h3eibpfvJjoRj5YoYCYAAAAAAGAAe9JMbs/Pq4lYZ34/7xnG7dk5CvlBbv/6w9f8107enXviPsssaCbEtzeucArvfjRZOngr4J9/Hw6JBJgJAAAAAAAYQBRm4i9873n9HI4L9i0wEwAAAAAAMIAozAQAB2YCAAAAAAAGAjMBEQEzAQAAAAAAA4CZgIiAmQAAAAAAgAHATEBEwEwAAAAAAMAAYCYgImAmAAAAAABgADATEBEwEwAAAAAAMACYCYgImAkAAAAAABgAzAREBMwEAAAAAAAMAGYCIgJmAgAAAAAABgAzAREBMwEAAAAAAAOAmYCIgJkAAAAAAIABwExARMBMAAAAAADAAGAmICJgJgAAAAAAYAAwExARMBMAAAAAADAAmAmICJgJAAAAAAAYAMwERATMBAAAAAAADABmAiICZgIAAAAAAAYAMwERATMBAAAAAAADgJmAiICZAAAAAACAAcBMQETATAAAAAAAwABgJiAiYCYAAAAAAPuDzvOn4aCtAGYCIgJmAgAAAACwD2j/9fbUxwv0+tPXW+wnMBMQETATAAAAAIB9wD+Wbyoz+cPy4/C+zQEzARGxe8xEMKlw6CYoHqEEc7VwMABbRrtRSwzFKZ9lzlYsWweK+HAwDgCvhF0Zvt4OB24YM3nBCoeBV6N1t8Q3s4hXV/0LURrNUFC63PRiURxvb1bWWwp+b1spLhDiRirrxWE6DaqM5IZtXcxTZOPosL/XrstP6WQrZ/mIlEJxRZYpL0tzhwh8Y6bYCEd4BdqZw/x940OJyoPN53kQ4tc//PfCJ3cedcLhmwVmAiJi95hJYXQsXzbDoZuAqpnCda86AWCr6TRFPFm3bKJ4MhWPJcIRAAB7h0RM1Cy7aVZFLK2DHpTiqeGmbVtuA7rym0TQTFIiUb1aVS96O5kQhfISpVB4K5Fb9Nvcjem0MpM5ko54yly1C28a+RW9Nx0XxasmHUS+M+OpLEd4K0F64rw8zZ1CfdnSycSk3GishSP0YIXshX6N1GiJPluZHivc45DU9Ov4DYgYmAmIiCjNpHhEZGZte7EghEifrLTuFrnLJRY3W7xX9r/wmAn9V+80Ddl5NeaqRf5YMh4T8aFUs6sfoEFxKMFMMi7ihtV2sofjlGDyRNEJjpks5ISRr42mZSeNrnLaq1VKUHBvN4ZVtp0cXYlFhy5TPMndftkkX93stBTRTjPNdb2IH1Y9gjWKrPLGmOG3AApJQXVy8WQ6ccjPM06jWFp1UodE/MgYvWteHwvmGUVKpOvT2SR96lDSlpnHupjPpAw3ZkOc1BmA2gx62KNTo5qyZVVUJkyPcoQcb2rorT2bEclJFd1DJAv8r+ocpSZGeVjIDKYyrToT/rx7JiqCortubqVlH6qC3otTteIJ/tW48dKsqaw7rE2ez1Z9rDGd4nNtFOlYS1Pc8zp80Qq1ZZrXucs2npA3QrNGd1YgKf6arWW+Q4t3+SfmK3UoqX5ssHnoAjU7Dbp8qVHOFbXRFF2KmsqwjWJugf8Xp5e4dOrqVpf5IZ7UpV8g29Nnu7O9zgwiXeIMQ2Xm4YybCJeiFLMkryxQiCNes7lG1ZPeXMnP2U77Mt2t/q/HdKyaTTeyXy55N3svlLLaKBwRyXNWb0wVgY5Sesmkm9opEWqwe2nuOLqocQllLTUkkhmtWtMpVVgFv34u8AMSlJN1DJn/5WfjXuanr0y3CSVS5YJM3wiotQfT/tfTLR8wcWAmIDIiNhPCeLtim9z0EelJ26pkh7gEc7rNRIikbdvWx9yMc2SrVAzlqEqwr3P7MJAkmwklaNl2WhZ/9VVbJiioXukyE9q6alGC3CDllijVE6ImqyEKyV7e+Y6o/Q1fANWO79TpUqrAUqarfnJbZmwmhQcy5HHJuzTCYPfw0PVcoyhOVHjjcUmkdQsj6DMO+4DrGz31ei4mG/0iJQ/XNt4pZC/x4bjSDZTrXe2DTt2QJmMYY/WO017MZanp3zJVc5CynOOdm1UYvi7r6WU6o6TT50waxjt19TYlO0c9VDrMg4LqWA1k+7ZnRK3rwwU2lb5mIlQboXbKEDG/TZCNcSPJfcdJWfKbuknxlVIhdNLulbI9eQObhC5Q9hJfGbucETL7OVwEyVmsnplQXl9WsWWIReWfzh4qIwWzPdlnd7Z3zcTLMFKz6VpX3xYNeWXpMyjvPAJmYhnj+n60ZzP0y9NtSHeobApzt5dHl5nEVK9KJn/V7xBpN+vFN42KSvfepCrNwmaykpe3doOOotwyfVJeUxdKQQwd9952pbkLCJhJOGvRrq7TXMiFxkzaK3kRTwUGW/wSLOveFFQmuR09uigjvBuBClVVXoFevBXwf/wKK+DB3iRyM0mpQoq2JuUwrnUuERASd+OUKvTqQta7VBOkLqiSi41CpSZhM1EJ1k7SJk+nkQlyYMhMZPx6ntpb1Ch8wGqkkph8g6sfnR7YHugCuD+yP0bR0yNY88zEDWlTC0w2CerJqa6KyDMTt5uz5uaQQLNeMqCDU8XkflFKpFMbvq4PVznR1XQLVrT1d4yaGuKTMeeOqcQbw9f5P/pGvEsepTmTXlKfWatk5Tn0nEkj4UrC+mbi24X/TemcZQr9zUTHWaEs7yfuapiiNym/O5NvH/dK7Z6e2r0OXaA5lWG5UNLL6vTF8szEyLvlEV9Zykje1VcZKZjtg9fL+4jDF9rr7G/I4nRJebgjS0idMw82XCsEcPhHM3hu5qqZGDLoWnCpdTjJ87uWiyJd8j4YvJHrV6t6MqcbmOLE9Lg9kR/S4aHCJzekGtx8BVNvFiiR40NuedjgEWNKof5MRw6luRsImEk4a7UvZ49PB6rUHjMhSid5tDB5gt0jWIIF15qqCr0rxCsG1yrpGUzV7g9WwIM9T+Rmopek05baoAKu10zccorFoyFD4kOJxBv6pZNzI6h0qFGoin6Z4MvMhDuouJklQ7wEE2dRU28vXPt611RrpzaTYloUrppN2+5nJtwTTE5SHze4IfagaLxZqJrNtlfNu425YN22npm0RCyZK9dbazomZxhqC8pDZGR3dULmQ3JYXkPyrO2ZCTUyDPfk1bfIq47qxyV1GtmYysB8bvTtTF6BonH6nIlTe4enQIhYvM7722oC99KDttOxuSfWnZfI8T038L8yv5GnMdBMgtvyuPoLyF09SXWbifdlYSZbhN+eG2AmgflFdGW5ZEtNBjNSMNu/3Ey8drC8sjIbeIlgzMQj8Gv7tC9lK2vcaeXdWcFCKXhD+dyb9NaNKEgO24u5otsREDSTQlq4gzAWHcUNDkwnkzQuuB7rEp5dtnP4Oblv1mrbmWQ8dVb6ST8z0bRqcvQvaCb+r6R+52BI8EZorb++5cDy6x8//eKzb56EgzdNdGby94fNT6/8z8j4zH8UP1uufxveDfY7e8JMeDZXLD25zIV0vTynUvMiqHQ2ZiZy7IUSpGK0/cxa6i79wZYzwExUx5gj57f0momcr5ISsayK746b2OuaiX1vqS4fsBP2gUZRTdlypHvwf51aLkbH4CqfM08qL8+woSfMSDuipKmRkVvwJ+gLOZvLaVtxuWAmz32m3oopeW5WIe2ekiJ8JvyvP1uji4VcuEXiu0FgNtelrJzSsJQ4q1eJTCbl7aDaCjKkdlLP5qovctSXzubSScFMtpfXMBM5mytwRzhd2f5VzUROuVHDfSBIXzNRw4y8zkSWPA7/nn7PfT8zadGNxgVCALII29SL4+lFb6tXTSoxSEvU3CcFHaUirwvdg6FTsc4lw+XALjSTl2ct/UMt5ALjtN10LPF2lTOtO3ib8+fierO5fDMJ3wggWqIzE3KS4OvyVTW/FRwU9oSZOA/kWnmNX0NswkwctS5F0adqAlvKADPJyufh2KumIWdQhM3EaVdOCFl7cRWefofjFt401jUTftyBkXf6+IAlhrIls1kv5wxdC8pDqMa3nNOv1IU+z8/kWS7RiTXk7IuG213nSF1RCwZ68apSfvzoslW9WBw7xu2bnjNx8nLIRPir/13WeB6jzpxyUWnQDehMKjzIZCVjegY2jwJdNJtmNXk4yT+uNJPEWwX6VSmF9IxqqvLR5TOC4ktmszI9rJKKp8aCScFMtpXXMRPHMaeSqdFS01xSGem1zIQkvyoSx81VqzTVndmAi8UP5loqjabS59TDORo8ortgcVlx2h9XD9zIjexUiQoE7zlamSNZurlUIsmprkdNqitCCYpDx4OP8+IHCg8dV/cglzuNUqHMM8QoBTVDbECaO0jATMJZq1FWJ1zVC9XsCi8utfzJV/SN+OtfLA6n4nJMyaYymX6B5mOntZBLjVLkeul0UvUEBc3EuxHosyXU2gP4eYtXmCiiMBOlIuY3XZf3d7//hAKDIWB/E6WZAPAaWFPJ3bkMqDGTTp0ssqmsmtmj+Y3OCKTv5S+dsecCE6sc8Yb/1K/Ma3QTds/gAgAAcEDYw38D/i9/ffj/TX8aDpVQOO0Nh74as+/PnZmYGZkol6u7xezBYGAmYNdir9r5o3HvWV77jPZi7vh0XY7BNFNx//kzjpxM0pTh5sUxb2XLBoCZAADAweTvd6SZfFG5/3/hXZtj281kcmr++///x3CohMJp788//xLesS6rN0d+O1+urty68ecz790I7wUDeX7n83BQJMBMwK4lF9N/sWG/ov6siojF8xe7njzWvJ5XK+ATqYz6yycbA2YCAAAHlF//c35v/g34kfGZb779XzWhywv8rz9c88KvL3wViP5KXD4/sxoO20ZuvL/fZp3NvrcD3whmAgAAAAAABhCFmczNf9HXTFR4cUauzdoIi8UZ80UozBwp6WldH47PTFYfyY3yw5tX+NAT5W+fy313rozkP18szVPghze+8z58TYac/a+b3/6k3M+c/cb59X+/pMBnD/nf0PnveZ7fn5i/Hw7cZmAmAAAAAABgANtuJtdu3FEe0msmveGvTOfsBH9w9qa3TKWvmfgCc0Yd5Q6Liv7Ax+Vr8jF55p/Ki8pbXtyffXdGPpnZHBkvf3hHhXI6amNf8fx+xCMnMBMAAAAAADCAbTcT4vGPz6b+41LQQP7701v0lsJf10w0Pz9aGZmYl5v9zcSLebskJ4CxmXh/pMJU0c4HT+DOldlv/F2KfWkmz+pXzryr/4pCNMBMAAAAAADAAKIwE6Ld/nVh8W4wRD1EeJNmQkzoj69nJjM9ZvLi6wNsJh3SksuWHhSKBpgJAAAAAAAYQERm8jI2byYj42X5/6ORC1/Kjc5IwExur+lowdlcP8uQ2zPubK6PyzfUXz8NzOYKmsknv9vUGe4+WEvCYdsPzAQAAAAAAAwgUjP5j+JnQRX58QnP5nqNFfC353nBOr3O/H7e6/b/tloZkavYL5/3zeTbGz0r4Mfn1Hr34Ar4WzLBs//1569+1Cvgg2biPP9u8wa1i3j+fTgkEmAmAAAAAABgAJGaibfkPfj66q5vCFtLn1lYXetMQKTATAAAAAAAwAAiNZOIgZnsKmAmAAAAAABgADATEBEwEwAAAAAAMID9bCZgVwEzAQAAAAAAA4CZgIiAmQAAAAAAgAHATEBEwEwAAAAAAMAAYCYgImAmAAAAAABgADATEBEwEwAAAAAAMACYCYgImAkAAAAAABgAzAREBMwEAAAAAAAMAGYCIgJmAgAAAAAABgAzAREBMwEAAAAAAAOAmYCIgJkAAAAAAIABwExARMBMAAAAAADAAGAmICJgJgAAAAAAYAAwExARMBMAAAAAADAAmAmICJgJAAAAAAAYAMwERATMBAAAAAAADABmAiICZgIAAAAAAAYAMwERATMBAAAAANgfdJ4/DQdtBTATEBEwEwAAAACAfUD7r7enPl6g15++3mI/gZmAiNjTZiKEKDbCgQC8KnZlbLFN/9dOCeQjAADYJCkhcgvhQBApf78jzeSLyv3/C+/aHDATEBFRmonoJrx748BM9hPtx2YqEeeccShRW2Vh2HbsyvB1mAkAgGndLckCKF4NlD+l0QwFpctNL1a8u/Iyp9LdbXGO4IVUzvLHKc3iis3vO7Z1MU/vjaPDOoZtpYbifgSXYppi5XhrraKrzN3R6KfSMkhoL8xkF/DrH/574ZM7jzrh8M0CMwEREaWZ2C5FKqtj6fDujSNgJvuE9tJoouJV/USzkp6J7tLCTAA4mCTemnMLHlucqKitygnBltCp54eEHWzftUwxdDwdaI4XjsbnFop+W9yN4IV4ilPKyDSbjaYK6pjiVI031nQUHUHxoFCczmkzoe3dWTx1GuJIIRT2amZipaZ351cCg4CZgIiI0kw8yChUu7MylU2/YfDb0araReVaZc1JD8Vzi47TKAqRtRe5h4lK+OZCMXFIBPuWPDNpTHP/kk4d7D4CXWwpers0PZyWwyPFuy3evZI3YtnQRyjELmdKj/Xb9uVsweKKv3SSr3XmrKzUHYdqb+viMIdMLak2REqkG5c4JH5kjN8eEvGh9Nh12fxoLnEWisWTJ4r8tqGbFL1mkj+WpBTS50zZamhRhqRP1dwmjDi9VDiWpC+QnTbplGiDEjTlVwEA7CHEEa/ZX8vMumqwkp+zucyhcsWNKOlYNZsrKS+gcCznFSPBCL2t895Chg4dfBuMUDginAXXTBZyurDbZVC1W3igNlKNTjMeE9W2/90n06IRkDpVblMpWlxpp7geZ1TMzGEeMiqpukD+LLXRlEpNl73xpFfgg1eh/a+nWz5g4sBMQGREbiaNEhVQMV3c12eLVbPpdGwqpPIrHJKSBVbm5NiSrcyEiqzk2KjsmGlUrVa7bRU48NicI9u7pDFsNkKgWbj7sWczqibzUHV8RkgDoaxxru6stSpvcyDV0/SvSLKPEFkZU8SyFXWlHxSyl7niYjORZTDVjkp7Ul5meFwSaVn3d+pjRpe4UmSu6F5iJtW3dZqKpNsQoeaCeJsVmkxEhdTHjdwCnwZJlBDD+gMAgD1CwEwsY7yutqikopKheEQY79Rly9iwAtNLg2bCBM1E0msm7WZdDB3vClrJqypP0RXh3iSXk66ZUGFlyKZ8/HAmkkmur0hDJCf1Fp3hSW0O6rsX06LWVSXXun+Qmjdmko3pH7N20qDS3pHVuvfRpDD01vKYrgnAengr4P/4FVbAg71JxGaSjnVZhBwzSUiz0EU5m4ka43a0mbhx5ZgJz8eVyN4m+t8Yon9SKLP2Arb2BGoCXMxnUvq6O27jgJRV7mxQg8BxzaRAVRM3F2ypBH595n0q5+eQmtoOtBu8+DpNntItx+iIAWYSann4XZvcVmD58UK04QR2ATAAP++BnaYlpxaL1KQpNxwul3islTykeXdy8h6XLd5spYTXRO4pH9Yxk07btpvmYoX8xo/RMr3CkN/ZdjCCPqg3ZhIgPIazUzRKadco+J1XDMrvbgwZibOmt1eRPxKPH8kWLqqq2i/J/e/YKKofNvit1f2iwASwV+X7u2oFfPXvv4Z3bQ6YCYiISM2k0+ACxhjWb9eWZIETHxsdE+uZSWNGjgUfSo6NysrDNRNNz2xXsNuwZzNFNWBC2WDoeOGq2Wprr1COMXdMXmt3fIOchD9VzohY1nlcGlt2Nm8mVJtWTTnNW02QgJmAaKlerdKra6Uz2FECYyY+7UvZypoz+YbfGg6UM+HyYR0zcWlcSM25F76QFsFBGIWK0F7M6XKyn5kEBWkHobJaDOW9tyEzEelJf6wjQPEkz9Ga42/3ymaSmvSWp7bWvGAwmF//+OkXn33zJBy8aWAmICKiNJMkWchbcw23oJElr8jMNJ01S6xnJtSyJJbajn2VP+WZCdUqtVPcC55bwHyu3QtP4fP6CBdyk/f0prq+aTWbq2NTvZUarTXbbLDeoo76uMGzrlV8bzbXvUlvNlddzea6kPJmc+lP9piJeENNP7BLmb5jJm1LNh1Cs7m8BKm+1bO5YCYA7Av6mokhG9a8zsRd/xa8u1/PTKxzSTaTtlXoXoDhoSLYJrsrv36XoeqxejU4+NASBq+d22Eezxmnl4JiFTIT/u6dhppx3YtIl7hkvuAqnzvPtnJCuLO5fDPxZtKC3QDMBERElGYiRzd8qGTK8CpiXj1MbcHBZkIlXeUk7xy73uS1yQEzYVZ4lXzf4h7sAuRYmYYr+CwveeTrrmdw3evfx+ZikbnozXazOhpeAW+WeRgtO113V8C/1EzM6ayO2Sj1MZNGKXFWTzRXK+AzZTX3oB1eAQ8zAWDfwZONY/GE9zxfotM04jxWH3xC1wbMZK2hn4QeixcXuPjgOiwARdCPFXYj+LhjJtbsMCcRN1LH/GGKHUR2DfrU+pqJ7CoKrCpsyKfXiHgirZRm7AiXqGO3eFtWB4EV8F0jRW25Pl7Eh1IWxkxelX9NfbwwfeP+0xfhHZsEZgIiIkozAeBltBZyiUy+yWNpVv1icW41sG+t6j8zp4fgLAsAAADgILNP/wb84++2eNUM2MXATMCupW03zfJwIrDUsheYCQAAAKDZf38DfnGmPFKYn6w+Cu/YfkbGr4SDwPYDMwEAAAAAAAPYGTP56tPKyET5V8d8TTN5dHNkfOb8ja4HApwdn/nwTjDgpWzITGbfnXkWDgOvA8wEAAAAAAAMYNvNZGJihiyi65X/6G/2L3Ln65vJBzOfjYx/5Ie8uM/AkmMAADEOSURBVH/+T59vmZmYnwcnn+83nt+fmL8fDtx+YCYAAAAAAGAA220m97u1ZP6Hn4ItTnOi9OW3P278OUePbn546+sPJma8gJ//57Nr5s2tMhPz4/J+NhPHmX3P/+kiA2YCAAAAAAAGsN1mYnabSUgJ5N53b3QHvgKPpIR883nZlFZjf3l+fMa5c0WZCVnKmfNX/vb4hw9+O3NbPv1ttTp3uVT+5MbXpnx+gDqND9+deahGbp6bI7+tmN/cm5iYOVMynRf//uT3M98+/eezp/+knZfPq0b8I9o4MzF3a/nr8nszlYcy7MX9kfOfU7SHy1fOlFZk0J6B5CTikROYCQAAAAAAGMB2m8l2zeZSEjIy8Rn9W3lv5syf7ntm0huNzES7hITMhLTk9nP9djbvDiA8ujk5ztskId6YSdBMfnDjjZT4bxJRsrfdaCPj/f/Wzy6m8+zWZzdW1YWIApgJAAAAAAAYwLabiSMb98pJfvjll78t3yy//xFtf/tTZ/NmwkMlvPb9IxYPz0x++u7afOWMNCLPTDyFcNgi+AS8t+e7xcl5uZm4YdpMni3MX3ZPfyT/ubt3b/CsfuXMu5Vw6HYCMwEAAAAAAAOIwkw+1I3+rlGFTT012DWTn29Vrj2+rx/Spc3k3yQJpvqDlA9uvMRMrjjOk5F39dQyf8zE5RXNhLiQl1/t3fm99YdZSEsuW+6YUVTATAAAAAAAwACiMBPz47I3HNHFa/+lRddMHKdDyf6sNt0xEwo5O7vy8JuVkfc+ermZOM/vXNFe9NwcmSjfWv762qXPzr83TwEPP/3owqfmw6ff/7yOmdyb+Pg7N3DP8Kz+WfRa4sBMAAAAAADAQKIwE+ebz89IM7nNM7i2At9MnDOe8Lhm8tWleV7cMlH+4ZeHA8xEWs1HnzzgU7o1P0+nd+a3c+fn5UL2F0/UZLAf1jET9iL1OlP43N2763n+fTgkEmAmAAAAAABgAJGYCfHLD5/M33ymJlntFybHy/6b+mfemhPQF5gJAAAAAAAYQFRmsh8pvztz7Zvvnz395w/f3eszVw10AzMBAAAAAAADgJlsgp++m1Ar4PPla9/+FN4LuoGZAAAAAACAAcBMQERsuZmsAQAAAACAvUO4MdcDzARExJabCQAAAAAA2E/ATEBEwEwAAAAAAMAAYCYgImAmAAAAAABgADATEBEwEwAAAAAAMACYCYgImAkAAAAAABgAzAREBMwEAAAAAAAMAGYCIgJmAgAAAAAABgAzAREBMwEAAAAAAAOAmYCIgJkAAAAAAIABwExARMBMAAAAAADAAGAmICJgJgAAAAAAYAAwExARMBMAAAAAADAAmAmICJgJAAAAAAAYAMwERATMBAAAAABgX/CvqY8Xpq/d+8eL8I5NAjMBEQEzAQAAAADYB7T/epvMhF5/+vppeN/mgJmAiNi1ZrI0mhBCNByndor+T3HQ2pIQ8XC816JRTovEGG9tXZrgtbEX8+mhuDiUKh3dwLXIUbaYboRD12My8aqH6I35ekcMwfn5SDEcOphGMbcQDgP7nrgso1JCqKsfP1oKRXgN7EvHl9bof7M3ewOwddQ2WlQ2pjmnh0PBa/D3O9JMvqjc/7/wrs0BMwEREaWZyKLHZb3GWetuKT/KFbNvJk5rbLTQHSuMcGtxRx8uVexbPDZr+bIpt9ZPE2w3QgzXOuHAddkST9gQwSOm4yJ+ZLhpE1YmIcxWd9SXAzM50DSKmd9Vq1fVSxVB6+CZyXo0xKma94ayWaT3xr4gERM1y26aVRFL66AHpXiKb3PrQVsFVH6TiAuh96413EtZrV44nr8ru7oO52yrXjqdLD7gKCmR8OLQ2yUv/tVqXBhUFc1lxPB0lQ/Kb33iMa7N1DaVNsWrpnsaTRFPmavyPLs/spvYMjOhcD9bWwUhEt472TbIzNlegG0MGX0TAVsCzARERORmkpq8y605+5ku6NclYCbr86pmAnYTdNH8uueV2UEzaS+OZS81/R2dpkiXXvFUYCYHmo1fSpjJtpJ4a869k21xoqK2KicEN3c79fyQsIOdJi1TDB1Pe2bi066+zR+xppIV3UnREhke40q9tPJqqwhOU1+o/BuBZB8UitM53cju1I3AlSWabuXZ9ZHdxbaYCf28+WP+V6ZMno2JTNlVE6uQO53umwjYEmAmICKiNxNfFRpFEolEwlCDKOmjST2cIsv94hHeqAXNRMZ3ZLswwf1JkqGuYki8xEzc2IzTL00q1PzDp2WFsUAVQ0a+R0m3WeinHL5QHJ6uLD1oU0VbKNct2y68aVTXHLJUIbIV2261+aKr+OmYKF6sVsv5YCL5TNbiIYqaiGVVmsaQUTWb5sWccXpJRmmLWJLi5I8aqsMy2D5LyQudc1sVIpY4PlXl1NxMkpE9pvaqqXpMvZi5IVExm/VyzjC0mWi1aDeNuBBxw5JVpmzW1IxEorRs0SklY0K2H/iUcuV606yoZD0zMeQ0Qs6lPWdC38xctYu/Seo+UdWc7TSKaVELDs6sLYlEZmlxaew/6/Ru6bThHUh9fbDr6DETcWKycNU0y8NUpk2mUpQBKfOLt7l/XZU8npmobENXOZTJXfqbiT07rO4RypAcSbfzajp7y5uR8p66GSmc7tP0oZTq4D8I0K/qFhG14etuKF2mRXmrHptzg3xUSRKk/o4hhriw8goNx40mYv2rD/pIvXuguJDyPyuOFGQFxJ+l0/BHBboJfiQ6GsUE8VaBymLD/b6UaSmb1aaHSaJkEaXMpCXi6RLnUl0w2nbzZQWjZyaUVLCQC5qJEEnncSl7SZsZ/TLOSt6gQMmYIV6mNweLFz/wbK4rf8UKeLBXidxMNFxsSStQ1e0wbbwxaXEsS8jlJQPMRKUik6RGrVBtUoVKPEDXmIlMqn+aPlwfyBC50dj4LCPQC/+U3d1+kppucrljJq6ZLKUuDOpvU9U/m8k73CInsjKE6zD3erHtrA00E5FRG5zT+NyW0jO689Q6l1jyYzbESX3mWT1mUpu858gaUaZwfZgP0SimuEaseadE+YfyXvCUaFudEuX5hFv7ypui+0wWcgWvxbmQ42NRO+l6w63jfUrprqxL9qc2ZJosb2DXoQo9VTYpyzW0fvtZhUseLp36mklw6qPK5C4NL2VF6Bai9Bt+O881Ex91M9b63af7Ey6UAjj8exrc97FqJoYM+jW4hDmc5Pldy0XdXSXpNRMRy0qv69qlfuH61Sp3pyxX/DlgEtW94tOqeQMj+SEZ0zUTzg1vkgaETyP4kUhpFDOz2pW87OSV2LmYSJyzpJmYIubNvFq/YFRSkY6H61zfTB6X9C0jkgXZVmAzkRGk47WN8TrMhPjH8k21Av4Py4/D+zYHzARERORmomdztdbcSlqWrVxJ6PYf16+DzcSrSNR20D3obfainC1m2+Y5PpzaWziRVp96WZqObVWmsnJqr5u4pyhg03Dl6g3ud+xMKsGjDV6TK2QmPf3KCutiXn1KXZdgmqoREPQQdekHmomuwLQPBJqMQmYSN6Y/LUEf0Z6jlJszaZHiFUqqwce5hd8G5jDICjh4Al6IMAwhjquwYFWqzsSviXm3/CkaRWPISJwNL0sINS79SWJu0xbsOgLrTHj8MHDV/Os+2Ez8Pn6dyV0aIjPprWGYzOiM116tJXhlBNPwj+KNmfDNqPYqM9noJJy9S0tWE1QjmXLD4RJmmH+IuNG8Ozl5T9ZKR/QqxERgRUfYTDr1UBeJItMdzTqX9FdEBD6imEz7LXJ90ICZeLv802iZwY9ESqB81tkpEOJ29NR4ycdbenbcqxSMsiQ0gstIFN59YU0lS7KlTT+ylB9tJjyKcrlN/+ZXuorTg8v3d9UK+Orffw3v2hwwExAR0ZuJX5WGzER3/6xvJilZj8rIfcZMemdzyRS4W3rAmIlMUqbZPWai0wKbI2gRhle5rpb6m0nH74HzWcmPLetNNc+bL4+exKUbAWQLA8ZMEoPNpOegbsyGd5Rh/S3kmMnjuUzMaK2104eTpUYrHUtyYE8FHDylRmDMxGlV0jJmr5k4i/3GTBa4ZROauxiay4Exkz1Aj3Vv2EwGjJkEetDdnG/rxQw8DayPmfTcjAfITBRB0/NQi0YqJ/yR3uFAXRAyk0JSTU9i5gKrILyxUM1K3ruvgx/ht2lhue9VJRUgR6fhxdSn0bZEuuB9JGp6zSQwyh0YM2m0LmXdCYfrF4y6JOxYoYEg774ga9HifY5nWTuemcifmn5SFRlmsn3ATEBERG8m/gr41zUTtWtyuWmWs7QRLJ+5IH+5mfAE7pekyTvkRkEOrvAumMnWETQTr1fMLmf6m4nTFslJFUe+a/IiVNVGl6jrwpfHkI9+9hoBjWL2kpwk1bHE29W2bI2ZfjNOf8p92+0DdNDudr8f09Dhhv4WTbXm0l7Mc3ZqthMxMXZdzQQLV8D+KTnOpGyOaDNxG4V9zGStlpQ9gg7pywnBW+46k8IRPeO8vsq5PrDclvEaTHQgtVAB7Do2bSYsnd2Z3KWvmTT0qu5OnWfh+0fRZtJzM8JMGHVvti9nvTlXur6QhMwk+IAs+hlDK+A9aif9hSVdz9RqW8HnQdum+/Cu31H7O1O9atJpeLe5Oo3CTo2WKPqYiV9iu1OtVEZqiaG8/NbrF4xeSRj6ef1DuKW9ysyqLFUB9FbNrYWZbCswExARkZuJC9Wyr2smTHOJJ/YcSoSe1ir6mQmVj0mOnGytVbOx/mm2lgsZihSLm622PgrMZOsImknrrrzusXjdbrzETJz2apVn1h3ipY2NmXR+hQOzh/kCJU8U1foKnj71oCX/EErSe35O8+oYpZ085i+d5wjyU3lDfUofIuwDhF1Xs8USR7k54sV0mjUKNo6OkSeob0FVabN/y6CnApanpM6hJuXFMxOeJn6S5271nom9wj+RcXS4dFfm70BTgPPt2lL8zYpSlNJJNun0+JJ82w4eCOxGuiYN8nXfqJmwqfdkcklfM3Fqo5xDxq4224u5XjNRNyPdHe7NeODMJAh3XcXiiaPDflBHPuUiUMI4oabzSp6nEgUonuBnqcQPK6Vpp9+Qj3iJG1XZm8AEP8Lr0wIZImit7mwux72I+jS6552GRDcK+pgJF55UYseH0m6FrDNS6/qw1Lz1C0a/JOw0xJGCp17qEKR8aiWPZq2anLI8M3HuTaqfFGYikX8D/sb9p1gBD/YoUZrJLqFl27khKtKHeS3KBS7xwzHA/sX3jc1hXSxkj/IE/XgitQQTAHuEkJkAsJupXq0m5DPlwKuDFfBgz3MAzUT3Ub1ddXud9DMHwb7Hspv+xHoADhiW2Rw7In54YJkzWdwIYPdD1XN61B8JBK8E/gY82OscQDMBAAAAAACvzvabiX2/PHtFvZ64c9G+qt5QIV/92H8ONdh/wEwAAAAAAMAAtt1MVqtzI+Mz6nV5VQeendAhk9VHXbHB/gVmAgAAAAAABhCdmXRLSKdf4EZ5MvLen8NhYLcCMwEAAAAAAAOIxEwmyh/MfkYe8mH9JxnWOcNaUp6Y2JSZmB+XZ9+fCYeC3QrMBAAAAAAADGDbzeSHa3PlO889G6GNZ/UrylKe37kyee2H8AdekRf3y/mZZwvzt4JPnga7GJgJAAAAAAAYwLabSQAlJ/xyB09en1v/NTPy/m3H+ffIhS910J0rlepcubpy+yG/u3x+pnzj61s3Ph85f3NVrryv/P6jW998/+x/79MJeOmAyICZAAAAAACAAURpJs7DT/Wak1/DezbM+fGZD/6HG69nxj/SQXeujLx7xYswMj6nNs64MT2uXZh53ZEa8PrATAAAAAAAwAC230xe6CammsT1wexn7rQu5ufX/Jv23yvDUS9TJXLnymV/0QoPjPivkklBPyz/eeJdHeI+JAxEB8wEAAAAAAAMYNvNZDtWwJt/KssZW4rvR/7r65+dkJn8c+T8TT8K8eDG+RtP1OZiEWayA8BMAAAAAADAACIxEz12ocdJHHf8ZOR1nxr8wUTXQpGR8flrdshMnODhmL9c+aCu/6rj+QmYyQ4AMwEAAAAAAAOI0EwmfFV4fmczZvLEX/UuufH+DP9hk24zcV78NPnbMh+idNO0OeDD8/z2zHuV57cqMJPogZkAAAAAAIABbLuZOPb98uwV9Xririr5qnpDhXz1ox7HAPsemAkAAAAAABjA9psJAJItN5M1AAAAAACwdwg35nqAmYCI2HIzAQAAAAAA+wmYCYgImAkAAAAAABgAzAREBMwEAAAAAAAMAGYCIgJmAgAAAAAABgAzAREBMwEAAAAAAAOAmYCIgJkAAAAAAIABwExARMBMAAAAAADAAGAmICJgJgAAAAAAYAAwExARMBMAAAAAADAAmAmICJgJAAAAAAAYAMwERATMBAAAAAAADABmAiICZgIAAAAAAAYAMwERATMBAAAAAAADgJmAiICZAAAAAADsC/419fHC9LV7/3gR3rFJYCYgImAmAAAAAAD7gH8s3yQzodcflh+H920OmAmIiD1sJmtLQsTp/+IRQdTCuwdB8VPTjWDIgERStONU3z0gUvJHDRGLp6ZM9ZauS26hO8ZGyAkRDuqiFsohm6VR3OjZ1k4JcaQYDgVAcvxQQm1sKJP0RH5pPu+JCcBLScnilIqs/pkJRMnf70gz+aJy///CuzYHzARExB42E6c1NlpwBkrFy4CZ7D3sueHrXQE7YCadZuU3iczZkm3bTbNaPJkavtQMx3kZMBOwPWwok/RE7pfPJT0xAQhgFYTQbuy8xEyKaTFWrlavVoujGUuGWOf8j4A9B8wERESUZkKt/8Q5q3W3SE397DT3fCsfcOyluNtMzB9LUkjmrDaB0sk0vTVSmWZH7WVNSBzNFi5a1NTjz3ZJRXtMRhAiXlyxVQqajp1OxHlHIm1LM8ldbxocIMauc+MyaCb18jC/icVLd1tO0ExsK/2GwbsOJZrtQOJgPUgDcovt9FBcxA3L/enU1UyP0m9rlzLCvWDt6tuCq7FmLR4T8SPD8io0kofkhQ0oIpvJ9WaSkhxKu0m2Mim+QOqaEhS/eCIpkgVKcGmaL2v8cFbt0mbSaYqhXI2vs857dES5n1psFp8wneHJik4tOWnJfOhhl7nGbUynGnadDyREYdH9Hur8h9Iybd9MJilHp6nNV/N+EC99szzMIbF4TZ6+ZybNS9ncgk5GQadKiVM+5C/eMlVO9u4asGuRWYWLO+PocEXeCXSV6QryBUxyP0t3JnQyh2WpNZTiBp+60LE4FYCO2xZ0XIVoWRWVDeQN1YVOJJFWkYeP0j0SpxOQO30zUYVt3rt33GQD9ykAkk59zBBU+lXXdEBfMxEiFXjnpFQZ7vYoqWzp5kPOb41Ok4q1apuzeldudN+qnA/Wpf2vp9011dYAMwEREbGZiKFEIqaLJx1C5dSQftteHNP7hCrgLO8tN1XXqt5b8Xa1r5n4EYThH5gq3aOy0pa0pZkYQ9Ix3JiBRBpeTLXLNxPuJXJJl4Lpg8GQBhiJRGnZMi/mDNcuMqNF224mY/LSX86W1JzYtWpWhmRiombZldNJEaMWVdu+O5m9aNst3whTfBETdcuuTR1Pz6gK0R6brtqrJrXyVBxxspA6WazeatDH8pmsZduFNw1VmyozqZ0ySg9k1MdzxpsF+iwdscghNcohFbOpzpCP2qnnFvh/e4UzXjyRyl216Wwn73FzM5FIHJ+q2lZNV8aNUpqqWLNZmx6m78tWocyk0xAJJUI17wfR6VPujSVz5XrTrMiv7JuJIWct+jRK8dRw8WK1Ws7TO7p9KB06z/SQaGxHdQS2DsoqyUSSrlbusPCucjEdr1ytUi4NZcL2Yu74VI3eLpULlENKaUEZ0lquFEeHnR4zsWeHq2529Y9HR5xJ0y2wtFgtneXcIgxj7KJJeYxOoMY3gmsmnbo4nLNtyxCG0mAv2eB9CoAji2suYx+Xspd0gdzXTJKytvWw7Qp9zJalOGVLKjDNVbv4m6Sb3/LFU4nS1apNZTU1Cdzc6MicL9/aKueDdXjxA8/muvJXrIAHe5WozURkK7JdSFv5Fe0Dw9dlf/CDApVuqQtcsk2+IYx36o49R3upHtWfX8nT28KCW/T1MRMPtovuzhuhG77uW7f3fUnF9BKpneQz8qLN2f1mcy3k1KHBK8JmQhdUEupI415kFf7GJP07d0xqp7OUntF9t9a5xBLHC8+GouuSmdUDFIluEaWrqTZELBcMl9RUOnRKtdMJbywiF2h4yU/VvBOmy11s8HnKWtY2xjmcMquaXUYNO9o1546UqEPn3JzM2zEeKuTzv94QcW6MSvqkX3O9grbpNlFmQibfNVzSfaqc1U96mbMhTujhF7A7CWaV+jtGXTbmvOseyoTU/js+7WYSynJJUV3tMnO1EZp25d1QitDtJgz2E4lyEvVvkxp/KrR9iVqPenTFjcmEkgUHmYw7HdrrA+prJsTwEe4TzE5xEc5lr5dpA9lSzQqjkKL+cFOcVvE5N5ZWOeeTmXjxwWCwAh7seSI3k5xqRvHWQrdUyOZ+fCiReEO+znLZZN+rcAxXM5oLetTCoJKrx0waMzzgmzk5NjbK83YCRWQfUXHnMOhdXiK8EYvrc3gjMbfqm4kc24mPjY6NvckzLgLpgXXglro7aUTVSa2FXPJ0yX7W9lo8pYwczjLG6h32EB4hceHmWD8z8UJkvdiqnTJy5XprLWAmXuuq0xBDx5u2HTSTyr1K2j2rlOzMc2n5fcmONoel0yrNutKhjDr6WlVLhY6qDx08N85RlH8ou6Ynk75BhdPvqtTdEMrplRPhkRCvSSrpWieAtQG7nGBWUdvB696TCXmwMJOktl1c2Wm7wVMEReK4iqw+5Q6sibplB28ovVd0NekCOSRoJtxkDB3aSzZ0n4IDjz+XgeDi+uVmomhdH5ajK0Ez8bOl+qzXNuA8ec708mLbLf2KJ1Mq54P1+PWPn37x2TdPwsGbBmYCIiJyM8moLkMRGDPR5dG9yUTPwnSivcqTuNzeFD2Xhsu1HjPhDWNMxgqpCM/yqgR6nsXLzYQagqGOds9M6P9MWZ49xkw2SI+Z2HPH9MISavGrHe3L2epaQ41IOJ2aN+ag6Wcm3rgKD/rbcxn3onh9z347bCU/tiw3VkuemXAEOaOG34Ynq4TNwR0z4VkH7ZaVPJxMjteqp4xWd3NTj5nE+o2ZLDjWuaRa09KbfnMm3XfMxGn5+qQY7sp7TYyZ7CHoypZW9bY3ZuJd3Z5MqGhbF9K8Ukph13JD7PDdZmKLjJ5f6t1Qem9ozKS/mTQ8mffwkg3dp+CgszyWOcfr2vl1LpO9zOXiYDMJCrB632/MxDOT4DhwFyrng50CZgIiImoziUmtkOiQ4ESsB8o6GFYR6R4KLu+kDyj6jplQTe/tF92DJPmEu0d3z7zUTByn5UeVkT0zyXgnn+bBGT91sB49ZuJYU8ls2bSWS8aQ4V0pyh5eAyw7JAoXl+pXq6WpLL/3zGS1pGakpISRPJyoWXZVrzOxCklRMpv1cs4wgo02yVpVpPP2qkmHC5qJ06rpdSCPqyJx3Fy16Iip8aVec3A69eyl0LwqTa+ZULJUiVbUyQTXmSih8luEEpU+f/3E8ala06yG1pnUThqUBDUNda57UIynxkqLZvUi7y2mRWGB15kcxzqTXQ9lFSORCK0z8Uuq7kzYKGeXzCblh8KbxtKaM3ZkmD5IOUot+QiNmVCh17Tt0A3l8BHTqdGStVytTA97kSVBM6HsbYp4qm41K9NjmRMsOV6yvfcpOMhku+s+QfL6uL+ZpE7klcCk4qpositvioplNx/zmHlqtGKu2qXT7joT30ycAt0dbm6kBCnnFy/WKXdjsdOr8vPTcMhWADMBERG1mRwp1Bd5Rlbw2VxeeeS4z4fhZ9GsUWuynpBP80iPyp7gRlU9fCY7tcSP6uoxE6fTUE9DGrveTHabidNuqqTihzPOOmbiNK/m1Xr5hHxsiGcmrWU+8+SJotniQRg3abA+vWbidPjZaPxYrcWcd6USwV/VrgefROSbydpS/E3ODykxXGs3k4cCz+Zq1uRTj8bcmVdds5uyh/mxV3W70WUmcrxFrXRSeY/iFBZ40lc/c0hPyse1hehjJg6ff99nczUupOQv0Cf95tWxvs/mYn06WePJijH9zE332VxykndbP2UOz+ba/XBWkQ9to1yqFo2EGnPBTNheKciHahmpY/zYrqoqGxPp4Yvs7yEzqY2qkrPrhpK09bO5VNH3MjOh9M9mKJqRyozNcvpesr33KTjIiJgskF2yMZGcsvqaSSalewSHp/W6ESqi6e3YLd7kApmL62G1J2gmVKZ5ubEtc76qvlXOB+sh/wb8jftPsQIe7FGiNpNg6QNAFw259n1X016tpeSjhPWjqwHYCEGJBQCALQcr4MGeB2YCdgH8aKB4sqsrDoD9B8wEALDN/Pqf8wuf3Hm05XN7YSYgIqI0EwAAAAAAsOeAmYCI+PHHH2EmAAAAAADgZcBMwA4AMwEAAAAAACFgJmAHgJkAAAAAAIAQ0ZnJmfGZkZ5XOBI4GMBMAAAAAABAiKjM5OGfyUM+mL1S9l7vfzQyPheOtgE6zx6unJlgvTk/e9NUfzz21bh8fmbxux9uP/j3yHhZPk596xmZwB9IHgTMBAAAAAAAhIjKTO5cCY2Q/O3SRyPnb96+dMNcCwa/Krdny5Tgh5e+vHXz5pmJyuLzcIQBTLhnMjLxUeVh974tYmTis3AQCAAzAQAAAAAAIaIwk2dfVHju1sRH/oDJLIvKJw9IEuavbWS4Q2N/OVJc2YiMdLG5sZqXcmZ7kt2XwEwAAAAAAECIKMyEh0fITGa+DgZSiEn/nr+5Ggx9NVarc2Q1vdyen6dkJwqf3/rhFxUycv7La6V5nvSV/+jZC8dZu3+5yHHUAA4pyuVHHO3ZtzcDq1+uOI45UjLdVM3JqozkmLPfOB+8Vx55/za9+fUH8+y7HH/xf/lYX/1pTn2c93HKV9SH6egTebKy8rc/6b9F8+H4zJP6DYp5JnCeBw2YCQAAAAAACBGFmfRd+85u8OhmX8FYl8vnZ3p95smN+U8eqNb/kxvvz5gveEsZiOT5yO9uqC1vzMQ1k3+PvPdnGfDwk9+p+P3NZGS87Ab60Lcr/4U3gkMxykzMP5W9aWaz7848kRtkJrdVoHXDm1d20ICZAAAAAACAENtvJi/u9zoJv4or5A/hyK8GffCrcJgzmw+k9ujm+YV/OoGxi+B2j5n8c+T8TRmwjpm4G5Kfvpv8Ha91odeHdzig10zOB8XjzpXZb/j/D/1AM7B9sICZAAAAAACAENtuJs9vyUUmPS8yhwuv2y7/26U+K9c3YSY87vHD81/MS3MjE2rXemby3Z/PTsxc+/rhs6f/nISZbByYCQAAAAAACLHtZvJhj5Oo13OnM1JcCcd+VZ6PjJcv3Pg+GPRkYX72m97ZXK9kJuV3Q9O0Ho1c+FJNvlq9PNdrJpfPz4z8Xg2zdAaMmZgfl2+46/uDs7ncWDCTPi+YCQAAAADAwWTbzaScn/k1HMY8W/7sxtNw4AZ48dPDmzf03zP573vPZNi3N/iRXxOFzxf/Vy/veEUzqZx3lWmi/EQqzbfVylm9cv1Rr5nQ0b+6xCvpJ2e//uR32kye1D+nkBuPVcr6WLfm51U6X/3or4BXGzCTvi+YCQAAAADAwWTbzeS5ye31vq+fw3F3iBePzvz+yq3lr+l1bX7+zMf3wxHAVgMzAQAAAAAAIbbdTHY/X83O/M178+LRJuaYgVcFZgIAAAAAAELATIjOhwV+ytaZ386dn/0yvBNsAzATAAAAAAAQAmYCdgCYCQAAAAAACAEzATsAzAQAAAAAAISAmYAdAGYCAAAAAABCwEzADgAzAQAAAAAAIWAmYAeAmQAAAAAAgBAwE7ADwEwAAAAAAEAImAnYAWAmAAAAAAAgBMwE7AAwEwAAAAAAEAJmAnYAmAkAAAAAAAgBMwE7AMwEAAAAAGDv0nn+NBy0FcBMwA4AMwEAAAAA2KO0/3p76uMFev3p6y32E5gJ2AFgJgAAAAAAe5R/LN9UZvKH5cfhfZsDZgJ2gP1jJgs5IUQ48BVI0cdO1cKhALyEdqOWGIpTrsmcrVi2DhTx4WAcAMCeoHW3xDeziFdX215gaTRDQely04sVD1QuWY6v8QKdTqOYFl5FQimkZCnBb2yrcpYTNFJZvXut0icFx6EUhMj577vT3PXUUtONcNhAGtOpru/rQbV5LFtd8wP45wv8VvVxw9tbO6V/yXgi1fSv4UHj1z/898Indx51wuGbBWYCdgCYCcwEbIBOU8STdcsmiidT8VgiHAEAsHdIxETNsptmVcTSOuhBKZ4abtq29UC3cyu/SQTNJCUS1atV9fICG9PpeMy1CJlC8apJadC7yYSIp7Lmql14K5FblGk2isPlcAoEpRBsqXeluQfYSjNJxkRm1u34cRwxZBjeJVirZmMie0lfHTaTN4bplyyR/qWL3kfAlgAzATvAdptJ8QiXL/ZigUrc9MlK626ROzdicbPFe2vTY5lUggJSJ2SB0ihSQVVZc9JD8dyinwgrR7M2dpSKpnhNd2O1m1fzce4mScuUAmbyoJim8p1KKAox8rXRtBEX8SFd67RXq/ljLCPp0YoK8cwkN8SnVtPJgc1C14MuYiYZjye5pzCb5B7E7LTJ+zrNNNf1In5YdSLWKLLKG2OG3wIoJAVVPsWT6cQhP89QJimtOqlDIn5kjN41r4/xp657vZtMSqTr09kkfepQ0padSNbFfCZluDEb4qSu7jNC6Nqvw9Vqy6oYsgc1PSqzBG9q6K09mxHJSRXdQyQL/K9bv5rlYcHDKbWmPK46E/68eyYqgqK7Im+lZSergt5Ttiye4F+NWzfNmmy1iOGy/AEDjQCq3flc+d5JL01x3+LwRSvUddi8nhfyZpFvavljyUBS/DVby3yHFu/yT8xX6lAS9wHYr4gjRffGq/nN35X8nO20L9PdmnEjSjpWzeZqwgvo05juNJLnLKpxVLESTiEAHZr/c2MGKRwRshZzE+9Oc4ehUrdhq6IsM7WkA2WhRHWrW1boQqnytiGGclyqL7ZVmUZVv4pBpR+HxHQ97plJ6+5kOlgY0rdepqogqd/emywtc9tAvStRIfd21dvLZqJ+VVmbq40DSPtfT7d8wMSBmYAdIQIzIYy3K7bJTR+RnrStSpYdgMvuxuViaZnaXW1+TzWENBPePjm25HeXsJmIZK5q2XMnuHFJIdywEqK+apeoEBQGR1Jm0qrxDi4WdUjuKvdv88e4MWrx3ljatpv8sVO1tizLEucsHkaPpYsP/IOCTcK/vmrHd+r6ishKJRiHrnhuwVFmUlA//uNS9rJuVwuD3cND19mNojgh67nHJfJPVZsFfcaR19TLPl6lpcjFZKNfpOTh2sY7BdX3xu37QLlOtZ1fT3bqhjQZwxird5z2Yi5LTf+WqaphyuGOd25WYfi6rKbdarXnTBrGO3X1NqXyrYtKh3lQyK/w/yqrS9qeEbWuDxfYVPqaiVBNhNopQ8T8xlM2JriJo+GkLPlN3aT4SqkQOmn3StmevAGwzwiYiWWM6/vRns1QWUS3Id2h3HqOG0G/7zKTmOpVyeSv6g6RpEjxf9oi+B4PtcgVxTeNijww3bPGIa6LvBSo8c0lUsBMutPcaajUzZRUUeaWjX6hRGWdVyhR4eNWozWvANdllEWFrbYY0rC2ZyYPikZo2oL81tZUsi7LJSrBVPmmdqqJXvV3DLXXM5OWVRHpkpfGgcJbAf/Hr7ACHux9IjGTlKoHaGvyHm9Y5xJCFbsuKdV/rMzEGA7ucuQHZfuVu7VUc40LdSEn0lDzVBVY0kO6BCMwvytvyMLrAdtRQrbSuN8lllvShzblIdBNvJXQr++2wv0xiq4WvwzwzMQNaZN4yCZBPTnltacZz0zcbs5a6oJOzG/WSwZ0cKqY3C9KiXRqw9f14SonuKb0oCrTO0+qAtVImoo5d0wl3hi+zv/RN+Jd8ijNmbTuTlyrZOU59JxJQ2U/uWs9M/Htwv+mdM4yhf5mouOsUH73E3c1TNGbFF8pFcB3q3ulQkYHwD4gOAqqagcqpbjvatVMDBlUFnGpdTjJ87uWi8FmbvBGrl+t6smcKrBT1/eUtoiaSoE4PuQWdw0eEE6qqQEOD/kvmU1rueJNEssPyQ3PTMJp7jR+qesWOIGSJBdTtWqNa1J/gmvN64Whb0FtgGDvD21X1rSZpOOiEertV9+6URxb5ndsOF751qnr2dcredWH5a0zoUOrkeoDCFbAg31FJGbijXHrKbOyPEpxg1UyPMp9tb6Z9Kz6oDDdxyXLdxVCn5NBNdrindJDJG47LGAmfBpH5Pwu+pjboFTKxEeU6N5usEXk/NlKDe+aKjMhgSxcNZu23c9MuOeenKQ+bnBN+KBovFmomryy0TMTramB1vl6ZtISsWSuXG+t6ZicA428OkSG6r1lJyFVmfIhryF51vbMhFoMXn+e+hZ5NT7zuKROIxvjD6pzo29ncoNE4/Q5E6f2jhzwi8XrvL+t5povPWg7HZt7WWNxr/niu4H/lfmNPI2BZhLclsf176g+SXWbifdlYSZbhLrEgTFgsMMExkx82pey1FaefMOfYxkslII3lM+9yfyKY3gLVLRFWIFZmoHZYpLwRC+ZQnsxF+hN41KiJ82dJlBueAWOF+KWGzUxlOXxDU1g2Yk0k65uKddVqMxbOpcMT6L258VlqaTlARm3TKuccCtshn9Mb8xkMukPUB88fv3jp1989s2TcPCmgZmAHWAnzURqhnF6yWnbYoNmonTCnc0li0LXQ/i9mtbSaybKhdzZXOLtqprNxUd8IBfAYP3c1jHATPR4l+PYZZ5BETITqooyIiVivASF4rvjJva6ZmLfW6rLB+yEfaBR9JZL6mWUnVouRseQUwopN6by8gwbep6YtCNKmloMwZE0IWdzOW0rLhfM5LnPVK9+0edmFbpmS/eeCf973N8dZCE3112vBtwgMJvrUlZOnFhKnNWrRKg+5h9X3jt6LOmkns1VX+SoL53NpZOCmYCDRV8zUcOMvM5EljwO36r+wH4/M2nRjUYFgrcavvq7zKRUUC8FusVCRwqZiUrBNv0UKEL1qtmb5g7TayaBQkkEZnNxN9BQXs6zCpuJLId1cTop1xDq2Vy9P69rJvVxI616glwzCf6AVE/wSI2/zqTRuw4QbBKYCdgBdtJMOnUpEdIIkhszk8Y0P15Robu0XQ9ZOs3SwT1VfczE4cXxLqqfxjuiClTxweYZYCZZ+Twce9U05AyKsJk4be4Ye5ufWkMNhfQ7HLfwprGumXCeMPJOHx+wxFC2ZDbr5ZyhV6TIQ6j6zCokhaHUhT7Pz+RZLtGJUdK5IdEIDICQrng1awh9brwRry5b1YvFsWPcOuk5Eyev1kj5q/9d1vzbQa1ED7oBnUmFB5msZEwvJuFRoItm06wmDyf5x5X3TuKtAv2qlEJ6hn8ZlZ/lzRJfMpuV6WGVVDw1FkwKZgIOLBY/mGupNJpKn1MP5+AH9RYWLC4rTrtLvbtu5EZ2qkQFQuGthF7i6OG2p1UK6hajYiVzJFso8wQwOkpyio7SKB1LUSlhLVd6U/BKEi9E35A7Sx8z0YUS/1CnVF2qC+RhQ1XKPWbCpVbi+FTNexKaZyaNC6muRZ7et14e05qnzcRfF6T2ji0HzcTteDqY/LzFK0wUMBOwA2y3mQDwGvDax3DYrqAxk06dLLKprJrZo3m/5fJq0Pfyl87Yc4GJVY54w+/ty7xG/do9gwsAAMABAX8DHuwrYCZgV2Gv2vmjce9ZXvuM9mLu+HRdjsE0U3E9ZKEw5HANhZsXx8JPqnkVYCYAAHAw+fsdaSZfVO7/X3jX5oCZgB0AZgJ2FbkY/6ES96/W7EPUn1URsXj+YteTx5rX+e/zUHgilVF/+WRjwEwAAOCA8ut/zuNvwIP9AswEAAAAAACEgJmAHQBmAgAAAAAAQsBMwA4AMwEAAAAAACFgJmAHgJkAAAAAAIAQMBOwA8BMAAAAAABAiG03k5//8vnI+Ez368qz1UfheOAgATMBAAAAAAAhtt1MVqtzvWZCgROz8k+fggMJzAQAAAAAAITYMTOhjefhuOCgADMBAAAAAAAhdtJMXl9OHt2cKH15a/nrWzdvvn4iYOeAmQAAAAAAgBA7YiYz5dkr6lX5+p/hD7wKj25OVt2VKqs3J6/90LV3c5wZnwsHga0GZgIAAAAAAELsjJl4L18wNkTQTB75ZnKtNE9pflD97tkLfnv5/Myzv/yZDzRRvv1jR8d3Oud/X2Y7WnZ95s4V0/nlbH7m/ELjqz/ps70dSHDi9/O/uh8GWwLMBAAAAAAAhNjjZvLL88kJPZvL/Lh8W249uUE68ZEjzeSarT9xfmKG/7O/PD8uNyjawvzsN1JX7lwZefeKjuc4I96YyaObH97xgsFWAjMBAAAAAAAh9qqZeCmcn/9ahc3mtXKwt0j94DET9xOLxRnTcZ4tzPvi8cI88/F93rhz5YP/8dvBgQj3R97zjQVsITATAAAAAAAQYq+aif7g85UzM9pMzo/PPHv6T+/lSDPxPrF6ee62HFcZGfdk49HI+7dZXe5cuRw4C99MmM61+fmRCaw82WJgJgAAAAAAIMQeNxPH+eS9mb/JVSVkHZdXvcUkDJmJpxxqFMWxb+tpXXI2V9nUs7lebiaMshqwhcBMAAAAAABAiA2Zyf8D6gjhekvXVMoAAAAASUVORK5CYII=" alt="Screenshot" width="100%" ></p>]]>
  </system-out>
  <testcase classname="org.example.Merchant" name="Addcontact" time="6.386">
    <error message="element click intercepted: Element &lt;td aria-expanded=&quot;false&quot; class=&quot;pointer white-space-nowrap&quot; data-toggle=&quot;dropdown&quot;&gt;...&lt;/td&gt; is not clickable at point (1471, 337). Other element would receive the click: &lt;input class=&quot;form-control ng-dirty ng-valid ng-touched&quot; formcontrolname=&quot;email&quot; placeholder=&quot;Email&quot; type=&quot;text&quot;&gt;
  (Session info: chrome=132.0.6834.111)
Build info: version: &#039;4.12.1&#039;, revision: &#039;8e34639b11&#039;
System info: os.name: &#039;Windows 11&#039;, os.arch: &#039;amd64&#039;, os.version: &#039;10.0&#039;, java.version: &#039;21.0.4&#039;
Driver info: org.openqa.selenium.chrome.ChromeDriver
Command: [68a5d3e080460096a61763d4e7f33b44, clickElement {id=f.F0A7F73C650679EF3677B485DA4DA506.d.373A4921146153D44CDB35DABC8E23BA.e.279}]
Capabilities {acceptInsecureCerts: false, browserName: chrome, browserVersion: 132.0.6834.111, chrome: {chromedriverVersion: 132.0.6834.159 (2d77d3fc445..., userDataDir: C:\Users\I-Eng\AppData\Loca...}, fedcm:accounts: true, goog:chromeOptions: {debuggerAddress: localhost:64620}, networkConnectionEnabled: false, pageLoadStrategy: normal, platformName: windows, proxy: Proxy(), se:cdp: ws://localhost:64620/devtoo..., se:cdpVersion: 132.0.6834.111, setWindowRect: true, strictFileInteractability: false, timeouts: {implicit: 0, pageLoad: 300000, script: 30000}, unhandledPromptBehavior: dismiss and notify, webauthn:extension:credBlob: true, webauthn:extension:largeBlob: true, webauthn:extension:minPinLength: true, webauthn:extension:prf: true, webauthn:virtualAuthenticators: true}
Element: [[ChromeDriver: chrome on windows (68a5d3e080460096a61763d4e7f33b44)] -&gt; xpath: /html/body/app-root/app-dashboard/div/div/div/div[2]/div[3]/app-merchant-view/div/div/div/div[2]/div/div/div/app-information/div[2]/div/div/div/div/div/app-contact-list/p-table/div/div/table/tbody/tr[1]/td[6]]
Session ID: 68a5d3e080460096a61763d4e7f33b44" type="org.openqa.selenium.ElementClickInterceptedException">
      <![CDATA[org.openqa.selenium.ElementClickInterceptedException: element click intercepted: Element <td aria-expanded="false" class="pointer white-space-nowrap" data-toggle="dropdown">...</td> is not clickable at point (1471, 337). Other element would receive the click: <input class="form-control ng-dirty ng-valid ng-touched" formcontrolname="email" placeholder="Email" type="text">
  (Session info: chrome=132.0.6834.111)
Build info: version: '4.12.1', revision: '8e34639b11'
System info: os.name: 'Windows 11', os.arch: 'amd64', os.version: '10.0', java.version: '21.0.4'
Driver info: org.openqa.selenium.chrome.ChromeDriver
Command: [68a5d3e080460096a61763d4e7f33b44, clickElement {id=f.F0A7F73C650679EF3677B485DA4DA506.d.373A4921146153D44CDB35DABC8E23BA.e.279}]
Capabilities {acceptInsecureCerts: false, browserName: chrome, browserVersion: 132.0.6834.111, chrome: {chromedriverVersion: 132.0.6834.159 (2d77d3fc445..., userDataDir: C:\Users\I-Eng\AppData\Loca...}, fedcm:accounts: true, goog:chromeOptions: {debuggerAddress: localhost:64620}, networkConnectionEnabled: false, pageLoadStrategy: normal, platformName: windows, proxy: Proxy(), se:cdp: ws://localhost:64620/devtoo..., se:cdpVersion: 132.0.6834.111, setWindowRect: true, strictFileInteractability: false, timeouts: {implicit: 0, pageLoad: 300000, script: 30000}, unhandledPromptBehavior: dismiss and notify, webauthn:extension:credBlob: true, webauthn:extension:largeBlob: true, webauthn:extension:minPinLength: true, webauthn:extension:prf: true, webauthn:virtualAuthenticators: true}
Element: [[ChromeDriver: chrome on windows (68a5d3e080460096a61763d4e7f33b44)] -> xpath: /html/body/app-root/app-dashboard/div/div/div/div[2]/div[3]/app-merchant-view/div/div/div/div[2]/div/div/div/app-information/div[2]/div/div/div/div/div/app-contact-list/p-table/div/div/table/tbody/tr[1]/td[6]]
Session ID: 68a5d3e080460096a61763d4e7f33b44
at java.base/jdk.internal.reflect.DirectConstructorHandleAccessor.newInstance(DirectConstructorHandleAccessor.java:62)
at java.base/java.lang.reflect.Constructor.newInstanceWithCaller(Constructor.java:502)
at java.base/java.lang.reflect.Constructor.newInstance(Constructor.java:486)
at org.openqa.selenium.remote.codec.w3c.W3CHttpResponseCodec.createException(W3CHttpResponseCodec.java:200)
at org.openqa.selenium.remote.codec.w3c.W3CHttpResponseCodec.decode(W3CHttpResponseCodec.java:133)
at org.openqa.selenium.remote.codec.w3c.W3CHttpResponseCodec.decode(W3CHttpResponseCodec.java:52)
at org.openqa.selenium.remote.HttpCommandExecutor.execute(HttpCommandExecutor.java:191)
at org.openqa.selenium.remote.service.DriverCommandExecutor.invokeExecute(DriverCommandExecutor.java:196)
at org.openqa.selenium.remote.service.DriverCommandExecutor.execute(DriverCommandExecutor.java:171)
at org.openqa.selenium.remote.RemoteWebDriver.execute(RemoteWebDriver.java:602)
at org.openqa.selenium.remote.RemoteWebElement.execute(RemoteWebElement.java:224)
at org.openqa.selenium.remote.RemoteWebElement.click(RemoteWebElement.java:77)
at org.example.Merchant.Addcontact(Merchant.java:365)
at java.base/jdk.internal.reflect.DirectMethodHandleAccessor.invoke(DirectMethodHandleAccessor.java:103)
at java.base/java.lang.reflect.Method.invoke(Method.java:580)
at org.testng.internal.invokers.MethodInvocationHelper.invokeMethod(MethodInvocationHelper.java:139)
at org.testng.internal.invokers.TestInvoker.invokeMethod(TestInvoker.java:677)
at org.testng.internal.invokers.TestInvoker.invokeTestMethod(TestInvoker.java:221)
at org.testng.internal.invokers.MethodRunner.runInSequence(MethodRunner.java:50)
at org.testng.internal.invokers.TestInvoker$MethodInvocationAgent.invoke(TestInvoker.java:969)
at org.testng.internal.invokers.TestInvoker.invokeTestMethods(TestInvoker.java:194)
at org.testng.internal.invokers.TestMethodWorker.invokeTestMethods(TestMethodWorker.java:148)
at org.testng.internal.invokers.TestMethodWorker.run(TestMethodWorker.java:128)
at java.base/java.util.ArrayList.forEach(ArrayList.java:1596)
at org.testng.TestRunner.privateRun(TestRunner.java:829)
at org.testng.TestRunner.run(TestRunner.java:602)
at org.testng.SuiteRunner.runTest(SuiteRunner.java:437)
at org.testng.SuiteRunner.runSequentially(SuiteRunner.java:431)
at org.testng.SuiteRunner.privateRun(SuiteRunner.java:391)
at org.testng.SuiteRunner.run(SuiteRunner.java:330)
at org.testng.SuiteRunnerWorker.runSuite(SuiteRunnerWorker.java:52)
at org.testng.SuiteRunnerWorker.run(SuiteRunnerWorker.java:95)
at org.testng.TestNG.runSuitesSequentially(TestNG.java:1256)
at org.testng.TestNG.runSuitesLocally(TestNG.java:1176)
at org.testng.TestNG.runSuites(TestNG.java:1099)
at org.testng.TestNG.run(TestNG.java:1067)
at org.apache.maven.surefire.testng.TestNGExecutor.run(TestNGExecutor.java:308)
at org.apache.maven.surefire.testng.TestNGXmlTestSuite.execute(TestNGXmlTestSuite.java:71)
at org.apache.maven.surefire.testng.TestNGProvider.invoke(TestNGProvider.java:113)
at org.apache.maven.surefire.booter.ForkedBooter.runSuitesInProcess(ForkedBooter.java:385)
at org.apache.maven.surefire.booter.ForkedBooter.execute(ForkedBooter.java:162)
at org.apache.maven.surefire.booter.ForkedBooter.run(ForkedBooter.java:507)
at org.apache.maven.surefire.booter.ForkedBooter.main(ForkedBooter.java:495)
]]>
    </error>
  </testcase> <!-- Addcontact -->
  <system-out>
    <![CDATA[<p><img src="data:image/png;base64,iVBORw0KGgoAAAANSUhEUgAABDMAAAIGCAIAAADGMlPIAACAAElEQVR4Xuy9e3Qb153n2f9Pz+7O9M7uzp5pJ907u53T03t6246T2InjmJRkUZL1VvSwJVGiQIAUCVIiAD4EggQI8AW+QIIEQAAkEjttd9yJE3fSdtxuu23Z7YntSTuxHTuxYluy3m/qLerB/VVd4OKiiiApsgoiit/P+R6p6tatWwWgCN4Pbl3wjxIAaEEwFFUWAQAAAEZhNEU8Ho9Go+FwOBQKTQAA5gz9fL0pQ53JP1L+5AEwK2AmAAAADAzTkpGRkVgsFolEBgcHBwYGlD0sAMCdQ07yrsz+/W/8kfInD4BZATMBAABgVMQBk+Hh4VAo1N/f39PTo+xhAQDuHKYljD9S/vABMCtgJgAAAIyKwkwGBwf7+vq6urqUPSwAwJ0DMwHaAzMBAABgVJiWsFu5wuHwwMAAaUl7e7uyh7UAuA3ArFBeSQIwE6A9MBMAAABGRWEm/f39fr+/tbVV2cMyIsoOJgBaIF5jMBOgPTATAAAARkU0k1AoFAgEOjo6vF6v2LsyHtR9vHXr1s2bN2/IjAMwZ+hCuilDlxb3E5gJ0B6YCQAAAKPCJ5lEo1Eyk76+vra2No/Hk9mTNxRMS6gfee3atcuXL1+6dOkiAHOGLqSrV6/SRUWXFpcTmAnQHpgJAAAAozKpmbjdbmV33kCw0ZLx8XHSkrGxsXPnzp09e/YMAHOALiG6kC5cuEAXFV1adIHBTIBewEwAAAAYFdFMhoaGent7W1tbDWwm1F/kWnLP/nIE0TxMTticE5gJ0B6YSZ4SH00Eo6MDWiQcVzYOAADGYAGayY0bN65fvz42NqbuUyLI3EOXFl1g7IYumAnQHphJPkJaohaMuSQUk9oEAACDMamZNDc3K3v0RoGbyblz59R9SgSZe+jS0sxMpN7M8GhXaKRrSE6IZ1SZsJTu8OjwiLIRYDBgJvnFiNZOImYoBjsBABgHpiUjIyMLykzGx8evXbt29uxZdZ8SQeYeurToAmNTTeZkJtF44m/KB++l7JZTMXRvZSrW0L1VUu6zBle5hte4hu/bM3Tv3vC9eyP31kSaBmAnRgZmkkdoPlQyaZRHBQCA/GQhm8mZM2fUfUoEmXvo0tLGTMp9w1ObyVetweX7QqF4Ijoyurh2kJvJvbaIsi2N2Pz4E4+tXE1RbtAUdgi9j5K/wEzyCK0mlkydEbgJAMAQwEwQRPNoZiZ/Uxacwkzutw40D4xEUhNhQ/FR0Ux0miD7SOHiv7nvfopyg6awQ+h9lPxl7mbiqHOJcQdYcb+iXC/BTSSKLD5l0RzYuGyrsmh+QD+eaovQKcpjAwBAHgIzQRDNkyMzWesKU79nNNUhiWSaiU6zTWAm84G5m4nJbLdU1CZTbrd1sGK/yeJIlTvMFvtA5l4aknMzCRYtW7ehpldZLEOb1OdTv3WdoiQxUCfVZFm5qcbVpayQSW7u4+LBbHgAgAGAmSCI5smFmax1hSJCT2RkNFHdHRfNJAozMS5amEl9eqXDlTYThz9VGnRZDWUmGyusW5d9V1lMPztu827zJGZStKW4WiEyA3UO8RkZ6S1asdMZEkoyUcuD3oGcAADyHZgJgkyR//TSjj99vYyv/smL29V11NHdTJY6BgeFrunoaKK+Ny7OgIeZGBuYiYIZmYkjmOiw1qtEYsOynV6L0kzCDTs9sUTRCrNYqDSTRMJVsq5oS11GkYDaHOaSr9RH1YWKBHFPFwAgz4GZIEi2kJP8u59spDA5+Y8vbKPl//CPW0VXmTS6m8lGd1ScRhIfSSytHZC1BGayIJg/ZtLvkJRgJOhbs+a7RcvWba1qVlQI9zavWbmuaNl3TQ2dYnmGCQTqttSzmS4+6vr3ufasWCHdMbXmifJ0HRlX1U52M9UW8z6xPNNMokVrK4RVhmwmiV71DV1FJc0qMwk6Nku3cu1ckXlDl8pMpB03T24mU9zK5WsOf8Uqpzq8L6Tcmi0zMZMBmAkAIM+BmSDIFPmTF7czG/kvr1loofbdEa4lnZ/9VF2fRX8z8cT6hjNmmDy0F2aygNDCTGp9bZ3J7GtIm0m1O1XeaquYkZmseKy4pi91tY32rqpIG0jRiuLqrtSpjvQWraloi6U2cROI+taUcyvwrXjsu2Ghd120bCdf3rJinfCwR4qWbeIr3Ez6HcVFjxXzcgFmJomdyzJkI9yws3NUFgzBTDorvlu0wSYtdVhr+njxJGZC6sKaVROKTWUmvtQy+Ym6wqSBmQAAFgIwEwSZOmyohOXBt50lvw1TIf37zXca1ZVZ9DKTb1b2Ld7T+0Bl4BtV/Xu6RoPRtJyEYqMP1TA5yWomT2zdxrr7rW1tvOtPMZkt9BbAqy1a/Ki4lVK0fAXfqjaTe7/6NVbyrW8/HAgEvv7AN9nqipWr7rv/67yRwkVL+C7Enr01iqMU70j3QXkhW6U3KbHmKH/YC5W5m4lWkJk4wxklJAms+06bvJkvVN/ex4vWyz1+biajgRVPiGMOvlXWjKEVrzklEgN1yvu/em18Hggzk6iv3OLL9swkzURxQ9cG2XwUZkI6xOsUrRDGbUQziUVMm77rTH6n2SRM8WXB3Ez6BqL37kv5RjDqGYx7fJEnepPV/toa9gXjtvZon7wqmclw7K/ro92qBsUozwMAAPIKmAmCTB3RTP709bI9v/ue88Az9K+6Jo8uZnL/7v49/rinP17VMfw16+B33cO+wURsJC0n5rbhGZrJ177xoMIKlq9YyeqUmi2KTSwVlVZWQWEmtXX1vA5pCZVwM1EfpdJaxfYiaVFsYmlvT350z0vY6tp1G3jJmrWqb0xaeMwrM8kwCcFMSCqU12BrRdGyYrYom0DUa9nUn9GX9m3dl/FNxeQMqaVyV2q8JUXblvrkeAUzky0r0qMoKlJmknlDV9EuT0JpJr1FJc38zDeIYyzid3MtW7fbMdVUGbUz8KTv5qoKqzQj9pA7Ji/E/4pLixwyE1t9uGNY2ZoiyvMAAIC8AmaCIFOETzX5459uYrd1ffOdxpZPfzTFgMk9OplJWXs8luoutQbjX6sa3CDLyUA0wTojim8NnsJM5P79+l2mUtEKqILX6xNLFOnolLqgopnw0RIKvXGwo3AzoTzwzYd27CwRG1Gchjps9EZcFbVk5ao1/OEsZOaVmfRnlnAzYVM1Mhio25jq6BdZPEVrdhVvWacwE8XACDcT9YHoaeA6QQe1rFm3Sri/SwU3k/TskXDDTnavlmgm0q1cgn5Q0jd0iWMm0eYNe5VTVkRmMmZCeTR1N1dff/TePZKuPNAsm0n/8Mr2jL2+sjf8leqIujVFlOcBAAB5BcwEQaaIOAOezTmpfi9W/XHCeeAZdWUeXczE6h8NCZ8Ztw7Gv1YtyUl112hfJBGOJ2p7R2ZoJjU2Oy/knf7+gQHRENQV7rv/67RakDITMV1d3bw+NxPyFlbS09MjNsuXv/aNB/leRctWsELyELGOmFhM+Zn5gmXuZqLhPJNsZjLNmMnm5G1dmTqR1UymGzORvw54NFC0pS5TdThpM0l0yrNHem1rUpNYRDMRZ7bIRItWWztZm5nzTKo3rMu8kS2DGc4z+Y5sJj43OYlsHcPRpJlEY+oxk4G+4dSIStYozwMAAPIKmAmCTBHFtwY/9HrDpt/00QL9u/R/+NT1WXQxk8fdse6w9HdLGPHRxPrG0Ldqgmubh/cFRn2DiXVNkRmaSSCQ7kzyfn9/fz9ffviRQl7hwW99m5cnhDETnm88+C1eOSGYyZKlRbxQbIEv7zKV8gp8uOZb335YrMMjznUBWpiJZt/Nlc1MwvukL94VmWSeiaQJm1zpR5PdTMKune7MR62aZ0JsXbEuy1CGYCaJ3jV7e6WxEflWrkSGmfTyQs6qZeuSh840k5HWCpM36wsxnP2vv5OZ7AvGO4JxX/dwchjEH/kra7hveKTEkRozSc0zqfNEm+RVeQb8yFes4ZK+EXWbPMrzAACAvAJmgiAzjzhUMsWwiS5mcl95/y7fSG8kwf+4O8nJyoahe6uG7q/qv79q+u/mevyJpJkMDaWnAPOuf0Awk+WPJaedECQYvDwxmZmIQx8En14iNiK2wJer9+zlFUiWWCEbmVEcgrJ02XJeGeSFmSSk6eOPWzum+24uWSdSi9nNZGbfzZWQVWcyXxDNRLqhq2iDjd+lxc2EdEX8Li5GuGFnciBF9d1cdOYbbVlnwau1Qe/g75kAAPIdmMnM88DbztbPnjs5Pnb91o3x2zeu3hqn5ZZP//7P91eqKyMLObqYCeU7e0LeYEL8G4vV/uiD1f33Vofv3cO0RBszuf/rD/AK4vdrJQQzEeeTtLW18/ozN5NVa9byCtaqala4aPGjYh0xw8PDvP4CJ1/MpLumeMWy79a3doX7Ojc+ts41mK4mmon0nVqt7BFNZSbRLtuKDTu7g5FwOGDa9F1T8xDflPH3TOR7utKrSTLMhAxka0N6d24myj9gwoh5kuUqM5FGgVYo7v5KozYHvSP+mSMAAMhHYCYzzF/9a80HFw9dvzWuaO3arfHdH8W/tH+3ehdkwUYvM7lvd7B1cHRY6Hy4B+KLavq0MpPtxTv46gPffKix0SV+v1ZZ+e6EMM+Elh/45rf4Vi4n05rJt779Hb66eMnS+oaGNWvX85KubmnKilhf/H7hRUskbwHzx0zAFEwx1USPiPPQAAAgT4GZzCR/8Wb1jdu3lA0J/OTE25AThEcfMykPugLxEeFPeUTiicf2Dd1bNaiVmSQEr1DkwW99m9VXfGtwb18fr+P1SZ86T2sm4qoiq1YnR1EU9W12By+BnCS0MJP09Hc5vckrIqwox0fwcySSfbaJ5lEeGwAA8hCYybT58/2VV1VDJWoqPhr58/0V6t2RBRhdzOSRmsHBWLrzQYbiGRi5T9KSkIZmEggEFLbAMjiYvBFH/ZcWv/nQw6zkq1/7hqelZSZm4nQ2PvDNhxSHuO/+r/M/+Kion8j8huJweIqvRFoQzN1MQM5QK4QeGRLeHAAAIH+BmUybB9523p64rWwlxceXjrBtv77wOdVU7z67/NOZ39BB1eXzLb+/fExdOG2OXz+vLtQjf/nmnkmfycDBf6z+OLHpNwGdzkQXM7H1jPK/ZzJCWhIcuc86eG9VaOZmckd4fb7dFZWtrW3KDZrS7HZXWqsa9jmVG8CUwEzyiPhoLuREeVQAAMhPYCZT5y/erH7r/O+VTcjcvH3rpTO/+dL+3Z9cPkar1P2lmuoWps4b5z5WF1I+u3pSXTiLHLh8nC18rlGDikxqJh9dOqIuFKOTD6jz+rnfTvpM5qWZmNpG+iKj5CTxkYS7f+S+yiFJS7KbCf8KL2A8YCb5xYiecoLREgCAkYCZTJ3S30ay3cpl//1Tf7a/ouBdDx9PuXpzXN3C1GFm8szxN1849W/UwnMn3v7LN/d8duUELVOnv/DdFupb0zL9y+pT4diNK9SxPnT1NBsNeHfsD6fHL5AmvTv2KVUYPPQLWqbyns9/Fj/yCjsxOgpTCGrwmvxwWIN0XNKqKzfHL928RsflZ8X761SBuu90uJ+efJfqUE1W7dMrx+ko9C9rls6BNt24fZPaZydPUNe/5dMf0ZlQzV2/DVO1X1/4nFapcdEH2CnRvnWf/ICOxZ8QWqYF1sLJ8TGxJtvx3Pil8Vs3Vr/np1Oi542OeEquxs6NzqfxwN/dlGcH0UlSs6xBOit6OKKZWD8eeeb4v7I2L9y4yk9sLtHMTL62e5CbycO2UGO/9EcVeyKJdftC91plLYGZLEhgJnmHfhNOlEcCAIB8BmYydYKHXrx+64ayiYmJ8ds3/+LN6i/tL6cuOy+kmuoWpg7viH9w8RD1vC/evEZ98XtSYxHkD+QhX/9lA7kHUwLqcFOvmmpSl5ptot75D47t7zv48yuyF1F3nLayCrRKDbID8QbJWHiDdNxbt2+TfZHksOOyqM3kwOXj1IP/++P//XtHXyMZOHb9XMVHIz88/hZrlgppa+tnz7EuPh9IOTN+kc6E2v/DleN0ODph+pfcSTQT2pd2NP82+p133WozIf2gTZ2f/ZSd/MChF9x/eJaWew/+nB6188Azvxw7QLuzlunFok3kWt/9Ta/rDz+8R3562clMYSZUSKfHTkarIRTNzIR6M+J3c91fNfTgntBXrUP3Vg5NbSbV3Zi6bGRgJnlKfDQRVKnF7IIvCAYAGBKYydQZPfLq+O2kmVy+eY16w7++8DktN3zy9Jf37172qzbq2fOWqaa6hamj6IhTz5iW70l17skrqA99j+wbbIF3nXlNXsJ26T/4wlV5YIF9/K8wE77KGqQW2O50dNYab5wtcDOhfjzfRIV8lTW7/9xH5AakRuzhcDNJPzO3bjAfULR/jzwSQlvDX7x0j3waiieEN0X78pNnRsFaviiP9pBZnRwfo6ZY4/QM1H3yg3tmbCaHr0lXQsdnPyXJ4Sc2l2hmJgn5PpDu0EjXUCohnlFlwsnMcYYJmP/ATAAAABgSmMnUEe/menvswMPvNn9p/27We3YeeIbdGcWZy91ck5rJufFLbBTiyWP7a373fVaB7ZjNTPgq68crzIQaZKuswWxmcuz6ObbAOvRcKsgBfnf5aPfnP+uQBzFolZqlLj7bd+eHIYWZnB6/wNu0fjxCB2XLopmwmH8bJevb8Otu1gIXCV6Tdif54fXfl4eYFI2Ic2lGjrxKu3Azef3cb1mD7LEozIReypEjr6jPatbR0kwAUAMzAQAAYEhgJlPnG2/vOzE+xna8efsWm+P+f79R9eX9uw9fO6P4zq4T8jyHO8rUZsLu5iIB4HdzTWsmbCpIz+c/Y2MmbPfvvOvmDdIm3mA2M3nvwueO3z/Vf/AF2p2ZyWdXTlR8NPLTk++yu7kOXD5OzkYuQc1ShV9f+JwKydzYwzlxfWzXb8PUPokQ6cHXf9nw9PE3aJWOxc5N7QADh14YkodNTo2PUX12XFq9dPPatg8GOz/7Ke34ztgf6JToxO6R7+b65dgBkpMfpGznnkwRevXsh7QjNxMSj6eO7aeToTNXmwk1fvDqqTPjFxVnNevATIC+wEwAAAAYEpjJ1Pny/grfZ8+Ju5Oc/Nn+isYDfycWTsh/DF6cqmGkiHdzGTXkQiRd6vLZBWYC9AVmAgAAwJDATKbNg5l/z+Tm7VvLftV2PDXPgaPt3zOZV1kIZnJyfGzbB4Pq8tkFZgL0BWYCAADAkMBMZpLYkX9WtpLJ+O2bf/WvNeodjRFjmwk9NLJN9ayVuQRmAvQFZgIAAMCQwExmki/v3x07/M/Z/hL81Vvjf/FmtXovZMEGZgL0BWYCAADAkMBMZpi/+teaDy4euq76q4tUUvHRyJf271bvgizYwEyAvsBMAAAAGBKYyR3ly/t3P/h2Y/DQi6NHXi39bYSWvwwnQVSBmQB9gZkAAAAwJDATBNE8MBOgLzATAAAAhgRmgiCaB2YC9AVmAgAAwJDATBBE88BMgL7ATAAAABgSmAmCaB6YCdAXmAkAAABDAjNBEM0DMwH6AjMBAABgSGAmCKJ5spoJdSgRBEEQBEGQSTMwNEzpH4xQevuH/D0Bb5vf6XI76p3KHr1RgJkgeiermSg/GQBgxgwNDbWloPfuWGwEQRAEQQyWaDROGR6OUUKhSH9/0O/v9ni8jY0uZY/eKMBMEL0DMwHaw7UEZoIgCIIYNTATBNE8MBOgPTATBEEQxPCZ52by+uuvFxQU0L/KDQJWGWVpdmAmiN6BmQDtgZkgCIIghk/uzeTZZ58l2Thy5Ihyw2RoZSY9PT2LFi0qSPHII4985zvfcblc6j4lgsw9MBOgPTATBEEQxPDJvZksX77cbDbbbDbquim3qdDETFavXk2NWCwW6ibSKv17/fr1jz/++NixY+o+5azzxz/d9B9f2KYun13+8ysmDVtDchyYCdAemAmCIAhi+OTYTKijRpLwD//wD+Qn77//vnKzirmbycmTJ6mF9vZ2LkL8bq6zZ8+q+5Szzr/7yUYNXeJPXtyuYWtIjkOXFswEaAzMBEEQBDF8cmwmL7300pIlS5ifbN++Xbl5YuLUqVNbtmwpLCxcuXLlBx988N5776nN5I033li2bNmiRYueeuqpS5cuOZ3OKcxk48aNjz32mFhCR79x48b169fPnTsn9iZJBv74p5so//PPHv/T18vETSQJ/+svimnh//jnXawOVeZb/8trFiohM+ERd6cd2dZ///zm//PVUrFZCtX8318uYRX+l58/wXakw4mtUbliL2Sehy4tusBu3boFMwGaATNBEARBDJ8cm8nq1auffPJJWiguLiblIEMQt7766qtU2NLS8vbbb3/44Yfr1q1j1biZXLx4cc+ePVTyox/96NixYzabjfyETGYKM6HKL774olhCncWbN2+Oj49fuHCB9SPJB0gA/qd/2ELmQO7xH/5xK63SAu9okirQVrEO85P//IqJVSA5mXTMhKSC7UIV/tNLOxTN0jKVUDu0ifyEanKloWV1a0i+hC4tusBgJkBLYCYIgiCI4ZNjMyFPOHDgAC2Ew2G+zNmxY8ejjz7KV8fGxgpkuJn8+Mc/LiwsJDlhq9Tte/nll6lCNjO5evUqbf3oo4/EQm4mly9fZv1I5gziQMe/f34zuQFfZYMYbNiE5X/7p52iimQzE8UgCTVL2sNX6RCkJaKriJvUrSH5Erq06AK7LQMzAdoAM0EQBEEMn1yayVtvvUVewZap60Y6UVZWxrfeuHFD7So+n080k6KiIlq9LU9k5zz22GPZzOTUqVNUn/5VlN+6dYvLyU9+8pOHH36Yfu+fETh06NBDDz306aefstV9+/bRqliBoJJ169ax5d///ve0StUyqyihh8N3YYf45JNPMqskoWrTtgbmFWfPnj137tyFCxeYlrBJJnSxwUyANsBMEARBEMMnZ2ZC4tHc3Lxx40Ze8uyzzy5ZsoSvUq+OLIJ6dbyEePrpp0UzYUMoYgXi8ccfv1MzoS4jyQmd0rVr1zo6OshM3nnnnYuZiIUul4ukKHO7VIEXfv7557RK1TKrKIlGoxs2bGDLH3zwAe1CHdnMKkmo2rStgfnGpUuXrl69ShcVXVrsVq4JmAnQCpgJgiAIYvjkzEzYnzFRw/+wyUcffVSgsg7Fd3PRsmI6+8SU381FnkO7/O53v1NumEjKyc2bNysqKh555JGjR4+OZ0KFr7zyClt2u93kVJnbpQrLly9ny7Q7rVK1zCrjHo/nkUx4O9Q4rWZWT0PV1K2BeQ4JyU0ZriUTMBOgFTATBEEQxPDJmZksWbKEJOGVTNatW2ez2ViFw4cPa24mE/IuPT09ytIU1H0kAaA6J06cYLMCOFT42muvseWWlpbNmzdnbpcq0MmwZfbdxFRNrED9h8LCQnZXD0Ns55e//GWBfGfapFA1RWsgjxCvMZgJ0AaYCYIgCGL45MZMbsv9+NWrVyvKfT7f8uXL2fLp06cLVHdzvfjiiwozUduL2WyewkzooBs2bFCWCrC5+B9++OGEfJ4cKvzggw/Y8uzMZMuWLWVlZWIJWRBv5+OPP6Zd2IframAm+YXyqhKAmQBt0NxMvl0RYAt/tq07miocjMRX2AZo4Ss7eqicpXcoRiWh4ZH7LX20WljV3xpIngA1wurcW9pHFXiJeKB1tUF+LMoj1v5gOE4L1Oz/Z+rlR6HQoSl0DqxmW3/0Kzt7/nxbt6k5xBqn/NftPfWdEbbs6Y3a2pPLc0l19Z5NmzZTSnbtigxLDzYcibKSnTt3shIKPUtmi2XLlscpnf4uVshrbt26NRCQnjrK4GBo375GsX2qxpa7unsef/yJzZu3UMstLT62Lw9VcNTWbd26jSrU1tXzFuYSOn96XNQgHdfrbWUlHk8LK+nr62fVunv6WlvbxR0tljJxVTxP/nD2ORvp1xU9dtqX6ot1aFVsk56T7duLqZweYDg8zAqfeGIrf3rZEVnLe/bWUM1du0zUFxHPYXahF25nSQk1aK2qpvNRPOfsDNvaOuhlpVV6ifmPA7swCDpnsYSFvcS0Sa6jzevFT48eO71GrJCViKcRkx9UcfEOcUe73cFX2WvHL05KdfVevjUYHKKXnh4vHUV8/ueSGpu9f2CQr9Iry855x46d7OWmU9q9u4JXoJOvlR+O4oHQNUPV+FmJPzv080VXGrVJ9QeCg+JLyR4vX+U/yHOPeFXTEdUXgLqELdMzTA9EcS1RxCeBQj/s4mpUeItgVxR/BkLhYToZ+jkS6xsyuTGT5557rrCw8LXXXlOUX7x4kXrn5CRslZbZdwpztm/fLpoJ+xLh48ePi3UKsn83F8EE4Pvf/z45gHKbzJkzZ3bIiIXsK794j9Pr9dLPglhhInMAh02S4V8axli1apXH4xFLlixZIrZDu/z4xz8WtqehR6poDeQpMBOgDfqZCfnGA+XJZdFMxE7/+rogKQFbHo6NbG8cYnrAG6FfqP+tpJeVkLrUpuSB8jelfaKZ0LHW1gb5KoX8hC9zMyH5ebgyuVfHQOw+c9J8qPG/3NnLft9raCasZ0PNUp8gJnfpqJCVbNu2nXXfN2/ZwvsZ1MVvanKLNSl19Q1s92xm4nS69u1z8nIW6u5Qb4wtU/+4szPpPJqEjqvu+lCX1OdrY6t0Pu0dnbEZmAn1NcXV4GCopGQXdRrEQsVevM3BofDOnSWskLoaZWXlVBKThYF0hTfCzMTZ6Aqomp116LWgzjF/4XjEh0MvJSkWW+bXQEx44ahX1NHhF0tYNH+9+MUwHI2TnrFuKH9K+WlQWry+iopK3v+mHU2m0qFQ8seBmwm/OKlBelzsdd+2fTsr1DD0JJeX7+ar4tNLJ0Mi0dsX4JcinUxpqTkkG4vigdDDp3boqmCr/AmnB0hPCG+TlfAfHBY6KC+h82HtzzF08vw5jAnvFWKJeEmwXdgCu5bYtcerkRbyB0JnWFVV3d4u/QCy0JuM4i2C7UjPGD0isdzAyY2ZLF++nK45ZanM6tWrnU4n+8Mm4t8zOXDgAHXiy8rKRDO5KPw9k5MnT1LNRYsWlZaWTmEmxFNPPVUgs23bthdffJH23blz56OPPsrHZ9jXgtHh6KB0aGqWVulkeAvTmglB6sX2OnjwIPt78/SQqYSs7NSpU9QsnSqdp9gOe7y04/PPP//KK6+YzWb+BcdkLKw12vett97iu4C8A2YCtEFXMyEPYb8+s5kJWYeoE/2h+OJqqbMuKgftwkoe3zdYtDc5ehCJjqwVxkz6huK09a8FFYllMZN1tUFfamSGUukN7+uS+hnUGnlRc4+0rLmZxFI9KrFLx7o7Q6Gw2PGijsKuXSZFTVqmdqi3kc1Miot30I68nEXsYKk7W3MMdfvoN7pYQpZVY7Pznjr1ZSsqpX7hnZoJadgTTyR78Nn24m02NbvF7hf1M5rdHlogXaH+Fv84n5kJPXUafjAsm0n6I3ke8eGQYokfsVdaq1gXn79w/IEouqGav15ig/Q89PRKy/wpFV8juhpb29q7upKfF1A5rfJOrdpMWCH5QEzqtU/yhMwl9OxZq6pFBxafXjptulqozu7dFezZo4uQ/4AoHghVJt+jq4L9pPAnnM6cexeL+skXzYQcjC5+cevsMhczicmjf2woiVejf8nMI/Iy/VCQatJTxx4s1aRrT/EWwXakV7a7O+Nt08DJjZlQJ/v9999Xlso0NzeTnLAvC759+/ayZcuYRbAu+xdffFGQ+Tfg2U1fnLVr1z799NNTmwk1S++f4l4M8c6x0dFRcdOqVavEW3RmYiY2m43vzr4NjI0Icagy+YnYDh2CDiTW4WYi7qs+NMgjYCZAG/QzExIDMo2HKwPBcDybmfy/u3o7B9JdN1ZBbMTeEVnjkNSFSopdQ9w9yEOoWVaNLIWMhVYLq/r53VmxycyE3ejFC2OCMvHTi+bETKiTtLfGRn0F6gbRb0dxL7XDsPpUM5uZbNs2yWfVYgeLDkTv+LtMJrXAzC70uBS3tdCJ9Q9kjEiw/tydmgn1bm02u1ii3ou1yYRNfETRVDWmatQbGwhKvTdmJhR6EvxdGc/2XEL9P+o0K/q14sPhgyQs1AUUPSQqfwDPXkFFN5S9XlRZq9eLXwx0IfGrhT1X4mnEUndAkVPxHemq4wMRk5oJtUlnG5PVq6x8t3ocadYh8aBeNV0PXCnVV0tM7nlTzZhsI/yy5A+E7csuRXo+2SAbf8K3bNkiNhibzkwi8lWncIZZZI5mQm7Jb/pi1Wrr6plwxlKPnV5ol6spJv9s8rsreWhHt9ujiWXlS3JjJgAsWGAmQBt0NZOYfL/WfyvpFc1kY/3gnrYwJTalmZBFUKgCb5bMpLYz0tQzTP+ycnYsspS/3CmtUlObG9K3pM/CTPqGJL3R0EzYLeBbtjzOPsukPgT13tjUCFZnhmYifXQ9BzPhsdsdZWXl6sp3Gg3NRL4XqJUlpp2Z8MbZvryTR120zZu37M28gWcucbtbsn2oP4WZUK/I2ejiLz2VUA+JPQn8iQ0Gh7R6vei45FF0/TQ07KOzZU+a2WyhEvE0qJ/KxqBIRVgddtXxmw8nNZNWeWIGW47Kj4WeYU2cin5wYtK9SZHKSitrcFIzkculp5r/WIkPhPaNpcwkJt9i197RObWZ0MXMXougbDWimbCrThMzofBXnM5nZ0mJeAHwS4LEj5UofgS4mdC1ROdJC+yeOnJINgxL2sGuwGxm0tHhp2dYQ5Oc54GZAKArMBOgDXqbSc9g7KvmvmxjJv9PcU9jd8ZN22xUhDdCBsJ+cTIzGQjHyT3W1gbZbV2s2gPlyenyFDoWb0ptJrQ7VY5E04cjmdnWOMQqsBI6JSrUykxY54/30niXjrpQ7HFJvxpbMm6LmtRM2B042cxE3buKZTGTbJXvNNTbGwpJbslDj0KhWKQH1GGa1kwUfU3qSirm8qr3Ym1KoyKVVuq28nJarqqqjglmUla+e3AorOhK7tvnVDjDHMPvEYpNaSb0FLE7Z9gLNxSK8EfKX0p1NHm9xIuBuuzsk3L2lPLTYM8nn3Xd2yf9cDEzicmDD1SN9fLVF6foZlH5GVZcDLMInQ8/GWqfnY/49Ibl+5fYMp0e9cit8qsfk69Pcd+YYCa0V8muXbW1dewJV18J6h8c0UzoklbMS5ldLHMbM6GTJGMRq0Xly75/YJCeef7YKdIgcEt6HpGifXqlFD+eBg7MBABdgZkAbdDbTGLy3VYkGJOayfq64F/IgySxLDPguwdjj+5JSgiZSUyemkL60TckdQSpkBrnqxRa5uKhNhNaaA1EF8lTWWKZM+C5mfiDsQfLA1qZiaK3wbt0weAQv/Nb/Nhy0hnw1NtmHx5HhU+FY0Knym53uN3JL1ziUXewWBQmMLtQd18xcTYqf27d2pbs5eyb7Qz4vr7+bdu2qyeEqM0kJp8Gm5YTy5wBz82EnZXCTKgvosmTwMNHGGKZD4deysZG6XaaWJYZ8HRiipkn6mhyqgozYTLMn1J2GnX1DVwwIsMxdgcXNxN6gNXVe02m0ljmxRmJROniVLzE9AzzCR6zDp0Ps5GYfJsWm8oiPht0BbIxDQr1vOn0+Kr4QGhfeiDcTGLyxUmXCnvC6TVid4LxqH9wRDOhlrO9UneUuZiJdLNfyldFM5G+9WEgSBc/fz9hFhqV32QUbxF8R9GrjR2YCQC6AjMB2pADM4nJ36M1qZkEw/ECa//ymoE9beGvl/X91+3JGfO8kZg8iMFKmJk8Yu1/fF/yli0q7ByImdzpXiwt8wnuk5oJa3BXc4iOSAv828O4mVD+r+0ZJznrqHsbYpeO+qms7763xlZWvps6ixTqcLBeQli+7ysQGHDU1lHNpqZmtlfJrl0NDft8vlabzc5vSaKO1+bNm5vdHiqvq0t2s8QOFv3qZVtpX03uDorJt/fQCUhT4VOjJdQF3Lx5C5XQsbhu0TnQQ2C3qbBPefldKz759i3xbi722H2+Nur/0Sq1w+9CmdRM2GmwJ4R24UIifl2sRb5thp7PGptduq3e10pHnPvdXD09fZYy6W4cOslsd3OxHiQ7KL3EDkctK+edQroAmIhWC3dz0UPW/PVqTd3NVStfTszf+FPKToO6/jXCfXTS9dneyc2EMjAwyO7aYhcnldNWeux0cbLXmtzAJ1+ZtO8cO7uhcITOR+xhM6+jp5eOS08pncDOnWk3pvpsfIAtiw+E9qWIZkI/L5tSX1EtvUabN9NDoDPf52wk0WoV7uZi35BGB6UWaJlecbPZwlueS9Rmwn8u2DWvuCRi8t13A8HBhn3OHTt2iN83TT1sKq+oqLQ7aqOZ3xfMxCyW/NlMvkWQmLEd2TNAP270wPlTbeDATADQFZgJ0IYZmkkUQRAEQfI2ZKEUsjXKUCgSkM3E7fE6YSYAaAHMBGiD2kzUb+gIgiAIkteBmQCgKzAToA0KM1G/myMIgiBIvgdmAoCuwEyANsBMEARBEMMHZgKArsBMgDbATBAEQRDDB2YCgK7ATIA2zMZM5G84QRAEQZB8CftWrkgkShkaCgcCA35/l9vd4nTCTADQAJgJ0IasZqJ6W0cQBEGQPA3MBABdgZkAbZjETFRv6AiCIAiS14GZAKArMBOgDUozUb2bK9/cEQRBECTfwmaYhCNRyuBQuC8w0CmbyT6YCQBaADMB2jCFmajf2REEQRAkHwMzAUBXYCZAGyY1E/V7OoIgCILkb2AmAOgKzARog8JM1O/mUuTbcxEEQRAkT8NmmITDw5TBwVBfX39np9/t9uzb16jsYQEA7hyYCdCGrGaielvPeItHEARBkPwJGy0JhYcpwcFQb19/R6e/2e1pgJkAoAUwE6ANk5sJVARBEAQxUGAmAOgKzARog9JMprORb5X55HgRdm8AgiAIMv/D7uMKhSKUYHCotzfQ0eFvbnY3NDiVPSwAwJ0DMwHaMKmZKIVE9RaPIAiCIHkUmAkAugIzAdqgMJNYbARBEARBDJbkN0/Kn76RnPT3B/3+bo/H29iI7+YCQAPmaibVFrvJTHEoN+SWNod9QFkGcgrMBEEQBDF8YCYA6MpczaTb7XbUOS1mu6PONUmc7YGocpcZMRoJeN1m0h6Lo7k7otyqAmZy14GZIAiCIIYPzAQAXZmrmTD89Q555GSS2DqUlWdA1GR22NqTQhJw1VM7mRWUwEzSRHssDT3KQv2BmSAIgiCGD8wEAF3RxkwSQa/aSWZtJr3OWlcws6jDtbd9lP437WnraGgwW+x1XVKxo0oyInOlUzQTm1zoSo202MyOkf5WKpHXR6yV0tYKR+sMRmLylrshJzATBEEQxPCBmQCgKxqZSaJH7SSzNhP3HrtfUTTUanEG6H+T1W2yOhvcnf4w6VCrabfT39Xtczeby5NmEu1wWWpa/J3tfOqLjTzE4vC2ddJyyNNQ3dju7+y0Wt1+yXQMS12lPcdyAjNBEARBDB+YCQC6opWZJNROIsdRd+fdY5dVfWuW3+SQbMVkruVFDkv6Fi8n26Wr2ZwSkoGmeteQtEBmEk9Vk8yk6c5PKC8Zjfga3QMjymLdgJkgCIIghg/MBABd0cxMrGZ7R+9gXIuBiEnv5rJ1yHdzmV28zCpMPmF3c0U8DSZzfSQcZmEnY1PMURkJ26x2S03bgBanOl8ZNZc7XT2z+/KBWQIzQRAEQQwfmAkAuqKlmSiLZk2gpVy+dytF1Ftj98WkJdFMxDGT5DCLNGaiPA2lmUiMUjWrJ6wsNgqRdleOtSQBM0EQBEEWQGAmAOiKdmZSZrdlfmWweOfVneKskm4Gc3k7fe4WWrDUJSeeiGaSGPCm5pm4xXkmpt0NvrbOBkcDKxHNpKO+1tsZ6O1sN1nqlcMyRiHS3ph7LUnATBAEQZAFEJgJALqimZmQP2SMc8Q6TcIED2B4YCYIgiCI4QMzAUBXNDOTQFu7osTrXSBzzYEEzARBEAQxfGAmAOiKZmYCFjgwEwRBEMTwgZkAoCswE6ANd9FMWlp8hYWFBQUFja4m9VYEQRAE0SowEwB0BWYCtEFzM3nsscf6B4LqckVC4eFFixapy+9KyI7ofNTlCIIgiDGSGzP51Xuf/Pj5N/hq/HsvCBs14P0PP/vs4HFlKQDzAJgJ0Ia7ZSYdHf6NGzepy3OT+SNFCIIgSA6SMzMJx38Wif+MrWprJu3dz1CDkZGf08KL//SOcjMAdxWYCdCGu2UmzW7P3TIT+uVUUFCgLkcQBEGMmpyZya9+faA78Cxb5WZy4NOj/r4fUp6TR1T+8OnRTz871hv8ETnGkaOnf/nOR7RA/7LKVNLZ+0Mq+fh3h1gJ48zZC08988/P//ytc+cu3rhxU9wEwF0HZgK0QVczIffYu7dm0aJFK1Y8VlRURD4Qlctra+s3b968bNmyXbtMZrOFSqLyOAZVoJpLliyhf3mD1Eh7RydtohaoPjvE+vUbWGX6lwr3ORvZUWjV0+JlO9KvH1ql8uLiHYWFhWxfCi2wvejQfX39MfluLn442p21zFprbnbzTbS6atWq5cuX0yZqcNOmzXwTgiAIMp+TMzMhfxi7cDn+/RcnJhszeebv/+XK1etkJk898zIrIT+hEloYHH7+xX965+bNW7HEP7JNo0/+glb5vidOnvvRT/ZT4ekzY7wQgHkCzARog95msr24mH4N8FWuDU1NbnHM5Iknttpsdr66bdv2ikor34t8gG+KyYfgLhGVhWH16tVs1d/VvXLlyoGBQbE+i6gfijETxSamT7FU4/z8ablXNhn1XgiCIMh8Ti7NhBZ+/Pwbh744yc3k8JFTbISEwsyEarJN/UPPsQWq/PSzr9ImVo2FtQbA/AdmArRBbzMRv3drx46dJCRsWWEmy5cv7+0N8FW3u4W2slnptCBKS0w+xNKlS/kqGQK1zJbp0NluJ5uJmQwOhRcvXixuWrq0iH6B8WpcWtSNIAiCIPM2OTaT02fGvveDl556Ojkw4u/74cFDJ2jhFy+/O62ZvPnfP6RGWG7dus22AjDPgZkAbdDbTDo6/HzTFGZSkPntWKJgKBqJyYcgxH2rq/eod+zs7KJNS5YsYbd7zcRM6EBiy7HMo2fbC0EQBJnnybGZTMg3boVj0lR4UhGmKOfOXRwcfn5qM7l581Yw8lNWAkAeATMB2jBPzGTFihVTjJnMzkyofHAozMrZnBNxF7FBvkq/rqYeM5l0LwRBEGSeJ/dmMiF/mxZbeO75N2j5rbd/+6tfH5jaTGjh1Onz/j5pBnxk5OdsEwDzH5gJ0IZ5Yibbi4u5XcRU80xmbSZ8HKant28mZsKW+cQS9TyTbHshCIIg8zm5MRMAFiwwE6AN88RMKEuWLClIfTfXsmXLePmszWTXLlNhYeGaNWtWrlxJ/4oisXRp0YoVK1auWuX2tLAW+Cb2PWD8u7nEeTIwEwRBkDwNzAQAXYGZAG2YP2YS6B8wlZZSd59aGApFePmszSQSiZJ+0FbyHGrw0Ucf5bu0traRtFC5z9fGWhDbr6ioLJCh8xHLYSYIgiB5GpgJALoCMwHaoLmZIAiCIMh8C8wEAF3JMJOuaBeCzC4wEwRBEMTwgZkAoCswE0SbwEwQBEEQwwdmAoCuwEwQbQIzQRAEQQwfmAkAugIzQbQJzARBEAQxfGAmAOgKzATRJjATBEEQxPCBmQCgKzATRJvATBAEQRDDB2YCgK7ATBBtAjNBEARBDJ/cmMnxM1eURQDMV7S9XGEmiDaBmSAIgiCGT27M5Or1m8oiAOYr2l6uMBNEm8BMEARBEMMnN2YCwIIFZoJoE5gJgiAIYvjATADQFZgJok1gJgiCIIjhAzMBQFdgJog2gZkgCIIghg/MBABdgZkg2gRmgiAIghg+MBMAdAVmgmgThZkgCIIgiPEyMDRM6R+MUHr7h/w9AW+b3+lyO+qdyh4WAODOgZkg2kRhJuzzJEpEkUg0FB4OhSJxAAAAIN+IyURlwuHwwMBAV1dXS0uLy4UxEwA0QGMzaWz1tg0rC5GFkGxmopSTCL2VD5OcjMgo3/IBAACAeQzMBABd0dJMSs12k5z6/q625npaKG9sVVdDDBmlmUTjUgQ/SVpKppkAAAAAeYToJ5FIJBgMdnd3e71emAkAmqCRmQy3MSfhKbc6pH+dPmXNnMdkrlUXIppncjNR+QkfNlG+2QMAAADzHpgJALqihZkMtdiqMrQk7SezM5PeRtp3d1ObWGgx26taVTVnEJhJbjKVmQiKkjSTSFT5Zg8AAADMe2AmAOjKnM2kt0lUEXO5NmZirak3mR3pkmHP7tp9OTaT1qY6dSGSLQozSX6v4qSR/CQ6CgAAAOQbop8MDw8PDg729PT4fL6mpiZlD0s7Dh0+deTYmVOnx06cOk9Rbs7C8ZPnlEWTQc0qSr44curw0dPXro+z1YNfnMzcDoCOzNVMLJa0h1jqPFJhsDktJ1Zn85Byl+nT21jlabZa7Lyks6W+tr0xx2ZSV50+AWTaTGomk/uJPHISj48o3+8BAACA+U3uzeTq1euzcIMrV67N0ExIQhQlZCafHzpx8nRSgWZxdABmzZzMRBweofBya2a5M6TccZr0yhLSsa+6XV4dcO2mxlsbmJm0OGupzYYOT3Wl3d4rV2htsDlrq51Nzm5ptarcXuVsamhyNsutUWXzXqfb75Em6Nc0y4fw7a5zNXT46uvq2KiO3Wo3sb28ruRYTbiDHkXbQHtbmOq3mcrrGzs8dgdGUbJmCjNRhPkJyUk0GhuBngAAAMgfcm8mR46duXT5qlhy8dLVQ4dPnjl74eSp82QRVHLp0lXyB1ZC9cdv3Dw/dunYibNUfv36OJVTTp8ZO3L0NG2ikHicPnOBKoxduEwtUDXyH94+lVy4eIUOMT5+Y0IwkyPHTlPNQ1+cPCLLDJUfPXaGDkT1T5w8d/bcRSo/e/4ibTpx6jw1TiWHDp+6IrQMwLTMyUy6+lukPn3KQEprmqjQ35e+v6vc2eJpbVHuNW2YmZBUWOrpX1uFvbTWw83EZK6rG0jWNFkapIXWBmtLZ2p3j8nmFltLK1Nrg3r8xGRt7GJmYnWxElpmC1Vp15LMxJ+5I6KI0kxSfyg3W2Q/mexrhREEQRBkviYsT5WU/jBXeDg4GOrt6+/o9De7PQ37GpU9LI1g7qEoIUngy2QaJAxHj59hJSQM585fohL1mAlJBZWTRZDb8MJJ26d/r10fJzmZUI2ZkNIckkt4uXSsE9KxSG/Ii8RNV65cYyUAzJC5mQnr02eOkIiZ9TwTJiHSUIk0991h65a8ImUm4iGSZpIcPKEMNCkOmraRtJn4q6prk1NiuJmkfGYyM+my77WbympbpPETZPJMYiYsKifJlJMMRUEQBEGQ+ZxIJMq+YZIyOBjq6+vv7PS73Z59eprJ9dSUDwaJAbcO6veTD4geojYTNtDx+aETzEzYLmzTRHYzmZCbunX7NteMo8fPUiOsHbaVlfNjcTNh1VhgJuCO0MxM9rR3pMuH2zUxk05PfW3Ak/ySrrSZ1KY9hEU0k0nGTJRmYk4rR+cMzYTFabPz4RpEkaxmMkVUroIgCIIg8zminwwNhQOBAb+/y+1ucTr1+m6uE6fOnz6TMUl90jGTKcyEDX1IC7KZHD8xozGTCdk0aJl5yNHjyZvKTpw8N62ZYGoKmDVamYnyLik2G2SOZtIlj5B0skI+z6SxjgrtnuYGT2OpQ9aJDDOR5plUN0lb6wKsBaWZVJXZba2+toBXmr6f3UwaauzVHm+jv51sp9rZRPUryu0t6rNF5MzGTBAEQRAkr8KnSlKGQpFAf9Dv73Z7vM5GvcxkIjWj49TpMcrZcxevyMJAukKrzCLUZnJdvhfrwsUrly9f+/zQCVo4fPQ0M5Px8RtUwiaijI1dPnr87OkzF7K5CjXLNIOOdey4NHWEVqc1k5Onz9Ph6BC015mzF3hrAEyLVmYiTQgRo5WZlAqzRHhhW6erlKTCYre3t7NNGaMowRa21SXPvFebib8nORPG3tk+hZl0DbVQnVLpC8faLfKtX+UOaSINMmlgJgiCIIjhc1fM5JI8wZ3dHEXdfSohOaFlKrx6TbovS20mE6mv2CIxOHHyHC1QhUOHpcnuE/K4B5V8Ic90v3T5Ki2fOJWelCKayeUr15iBkM/QAuXseWle+8SUZnLr9m12dKpDh+CtATAtWpnJ5ClvbFXvghgyMBMEQRDE8LkrZgLAwmGuZoIgLAozicVGWNRv6wiCIAiSp4GZAKArMBNEm2QzE0XU7/IIgiAIki+BmQCgKzATRJvM0EwQBEEQJH8jfkNXKBTpl83E4/E2wkwA0AKYCaJNYCYIgiCI4QMzAUBXYCaINoGZIAiCIIYPzAQAXYGZINoEZoIgCIIYPjATAHQFZoJoE5gJgiAIYvjATADQFZgJok1gJgiCIIjhAzMBQFdgJog2gZkgCIIghk9uzOTq9ZvKIgDmK9perjATRJvATBAEQRDDJzdmcvzMFWURAPMVbS9XmAmiTWAmCIIgiOGTGzMBYMECM0G0CcwEQRAEMXxgJgDoCswE0SYwEwRBEMTwgZkAoCswE0SbwEwQBEEQwwdmAoCuwEwQbTI7M4kiCIIgSP5kmLQkGo8MxyhDoUhANhO3x+uEmQCgBRlmkgBgttypmchv8dInT9KHTwiCIAiSD2FOEo5EKYND4b7AQKe/y+1u2eeEmQCgATAToA0zN5PkJ0/ReCw+omwFAAAAmMeMyoyMjMTj8Wg0OjQ01Nvb29ra2tzcrOxhAQDuHJgJ0IY7NZPhaFzZBAAAADC/gZkAoCswE6ANd2Im0h1cyv0BAACAeQ/MBABdgZkAbZihmbD7uDBgAgAAIB+BmQCgKzAToA13ZibDMeX+AAAAwLwHZgKArsBMgDbM3EykrzeBmQAAAMhDYCYA6ArMBGgDzAQAAIDhgZkAoCswE6ANMBMAAACGB2YCgK7ATIA2wEwAAAAYHpgJALoCMwHaADMBAABgeGAmAOgKzARoA8wEAACA4blbZrJ58+Ynn3xSWXq3eeyxx5RFAMwNmAnQBpgJAAAAw5MbM3n99dffeuutY8eO0bG2bt06oYOZWK3W2traa9eusVVyjI8++iizyvTATIDmwEyANsBMAAAAGJ6cmQn3BNb718NMioqKXnjhBbYKMwHzBJgJ0AaYCQAAAMOTezMhhbh27RqZyZo1a/7t3/7tJz/5SXt7+40bN2gTqcXBgwfp0LRAq7TLhg0bfvOb3xw7duzRRx+lktu3bwcCAdrl1Vdf7ejoEI4gNXv06NHHH3+cNcXNhMpZBVql06CFPXv2vPTSS9TmihUrbDYbLbz88svs8dJe9NgPHDgQi8X+9m//lkrocFR48uTJTZs2sZZpYevWra+88krqyABMhS5mEu3v8Xo746PKcmBgYCYAAAAMT47N5OOPP+Z3c9GB2FZmEVTnww8/ZCWvvfbae++9R4XPPfccK3nyySdPnTr19NNPk3uwEpIWtsBgBkLOs3379okpzaS4uJiVUJukHGyZjZaIYyZsmQ53+vRpWjh8+DAdXVEHgGnRwUyGOk1mu5SKFuUmYFxgJgAAAAxPzsykQKawsPDgwYMTmXdzMYtg7sFKmEVwl5hImYnX62XtMNgmBjeQtWvX3r59ewoz4SXiEbOZiXg4dsIwE3BHaGwmbQ4H0xLf4Ihy28wJeiuagnxtoKneZK4XNmtC0GWV9clstzZ0KjfOCmrK1qEsXDjATAAAABienJmJYtaH2kzefPNN9ZiJwkzo340bN7ISBdw3Ll++bLFYNm3apDATavCOzGTZsmX0Lx2Oj6swYCbgjtDYTGyWZHdfueGOyJWZNLd1+tpazRZ7W1S5eRbATGAmAAAAjM38MZPjx49HIhFavXHjRmNj48WLF9Vm8v77769YseL27du8HQ73jQm5QTIKdkSTyUT/0i7U+EzMhH27F9Vnd4XR4Z566ilWR6wJwAzR2Ewq2H1cZrs8YjJSbrE7/Mo605MrMxlILgdM1tbBjK2zgZuJe8/cxCw/0c9MQt3O5UWLpYHhwsWle5uUmwEAAIBcMX/MhBbeeeedwsLC8vLy9957b0K4/2pCsIhbt25t27aNfoX29PQk25IRzeT8+fO8zZdffpkqNzU1ffLJJ9Oayc6dO0Oh0OrVq0ls6EAT8uGoBTqr9evXnz17ltcEYIZoaiaRzoDPmZxkIqfcGVDWmQnZzGQ0aLLU+uSBDpPZwbaaKpqddfVUWL3b7u9wWawuWk4N2ozSvuV1rX6qb1G4jWAmoVZzfY+81G9taI3099Du7ATIMZp7ByPhcHW5PSDP6JfuAbPU+7t6SLoGMqf4J81kJLrXbKddInJ98QRc8g4ms7PC4aWH4LDavT3eOnent9FpNtvjtG20x1TposZpa7UnlNH6vEcXMxkN1KwvKFhVwgv8Te3C5jtgeUGBsmgmdFeUeJRlAAAAFiy5MRMAFixamomt3F7tDXbU13IzCc3u67mCXlFv5EheEXI3NPQlWyRn8MuLtNXqljvxPW6T1d0rF3r32nulHdqsluTwhaNM7vqnSZnJSJSUhjXAaa62m6yttGBJ3ZYW9zldQ9ICnYmTGYm/eW9rRvc6aSb0PAg3s4knYLJJE1pS1pRIRNtNlkZ5abS7odYbkx54/t4PpoeZ9FSuLCgoCMzuKsogXjAbM4n3VK2BmQAAAODATADQFc3MhLSEi8QcJr/LZBkzqSsT7pIKeq2ecELq6LvakkV+vhftQoX++uR0fJZUNUZynklHr3gb14htT32yvtVL62bBTNzS0aThlHQy71Sb1Ewy6ptdcgkfvQmmW+hwueRzd1jtpoqGOu+sxpruKnqYiXQH11anslRGururcHFpaSktlHiGk6WBmuXmqoLFKzfuKC3eRFazVCoc8jc1NbGx6SZf8omVGi6V6tDu9bJzEiXLpQOu31q6vGhxTyJB1R07lm+skPZjWru0oIBaLt2xsaBgZRUbZgMAALCQgJkAoCtamEmkk2uJ2dEZmfsn3FnMxL2HzwyRuvJ1XdL/U5hJxNOQfYKKOM8kCR8h8dYkzSQR7WWPy+rslreEqVyxFyeLmShPYGozSTLSbyprFtbzAJ3MZNIhi6ZtBWXCF6qlx0MCNeQOvLxiRQHfO+uYSag+KT89VQUbHYpb6AJ7xTETT8GaKmEjAACABQfMBABd0cBMxNESDbQkkdVMQp6Gui713VxZzYTdzZXla7cmMRNTyihoL2YmA831gcwBIJPZYeuYvEluJg0VGXdzKWrPyEzkx5WxPu/RwUwC2cykuKBAHLHYylfJTNbW8PKatQWO1Guc1UzIN+RdSEI21inn9mSaSYgameUNigAAAAwBzAQAXZmrmUgzwivc3aNR06xnlajJYiZEt9slKZDF4e1PdvinMhOJUVuVdE+XpUrR0Z/ETEb626Rhn0pn1OdkZhJtb+TS5eqRjzgaSZ5Dea0/sx/LzYSNtJgb2DBL+gRcfnb7WXYziQUsZfLhyus1ezJzhQ5mIunEenumscmsydQMMpCkPpCZCCZB5TWp2+IyzGTYQ6vFpVXSfVqOYmYmnpJ0ZU6mmdCLGVqzRLrjyzPJSQEAADA+MBMAdGWuZpKIJP/ie971pKdn1J+cWy9TPsc/0mJ09DCTjZIFpO/O4pQUFohf0ZUxZjKtmYx6iguE3fuqkmMm1dOOmaSRzmuXT1kKAADA6MBMANCVOZtJIlG3p0GrP6M+vxhqrfalO9Bmc62wDSjRw0w8JUsLJvturqZtBaXCFxqkrWMmZhKqJ+HhoyMhx8bkDWDtZdPNM0lTIo3mJL+3GgAAwMIBZgKArmhgJgbG19DARoQsVc65fuGY0dHDTCSCTrKAxUXLl6+QUlCQ/NsmkrKw7+YqzPhurmxmsrWwYPnG4tIdkk4E7OsLFq9k3+u1vtLBp6ZsLZLGQraWlq5ZvjjZSkz6Ui+qKd9151m+gTbK3/pVlD4mAACAhQPMBABdgZkAbdDLTEgkmqqWyn8CvmDx0uKqpDLEB5rKNq2Rhi62Ct+Xld1MqD61sXhVBVtbL/1R+cVlbmm+SHrSfDzYVC7dQba4aA0fPCndIEmQbCah9ZIaSVt7oCUAALAggZkAoCswE6AN+pkJAAAAME/IjZkcP3NFWQTAfEXbyxVmArQBZgIAAMDw5MZMAFiwwEyANsBMAAAAGB6YCQC6AjMB2gAzAQAAYHhgJgDoCswEaAPMBAAAgOGBmQCgKzAToA0wEwAAAIYHZgKArsBMgDbATAAAABgemAkAugIzAdoAMwEAAGB4YCYA6ArMBGgDzAQAAIDhgZkAoCswE6ANMBMAAACGB2YCgK7ATIA2wEwAAAAYHpgJALoCMwHaoLmZqPdFEARBkLubaJSERPotRgmFIv39Qb+/2+PxNja6lD2sec+585cOfnFSWXpXOX7y3KVLV5WlYCEBMwHaADNBEARBDJ+7ayZHjp35/NCJU6fHbt68xUpOnRmjEsqly8kOPdXJ5htUfubshdNnLtDChYtXNDcTOg1qny1fvXqdziRz+/TATADMBGgDzARBEAQxfO6imZB7HDp8cuzC5YNfnKAePJWMj9+g5fNjl6k3f+36OKtDepDNN6icbGRCGi25eOzEWc3N5NDhU18cOXX5yrUJmAmYLTAToA2amwkAAAAw37iL80yoo39d1o/Ll6+RA9ACacCt27cVddiQiFjI4WZC2nD46GlmJrRw4eIV8hlmOyQ/Z85eOHnqPG26cvU6eQIbabkoL4zfuElHPHr8DFU4fWbsaKZ7HPriJDXCjs7NhMsG/XtI3kTlFDroiVPnTpw8R/+eOj3GGme706bzY0lrIu+iM6RVOhadMGuETvLUmTHx0MAwwEyANsBMAAAAGJ67aCbHTpxlt2xRZ5312unfI0dPk1RQT50ryrRmMj5+g8RGcTcXKQH1+GWdOM1KmL2QCZCHsBJqmXYhl6DD8QbZAoOJB2kM1ZnaTEiu2C68BdY4VR67cJmV0OOVHSx9CFpmjSh8DBgJmAnQBpgJAAAAw3MXzYQ67qQKFy9J93Qd/OLEhNStP3Hy1HlyjKPSUElyDGEKM2EzUihfHJGGXNRmQv1+NnLCoGpiCZMHNteFh1eeSJkJacPBpORkNRPaKu4yIZgJv5uLLVNT/FjsDPkuwJDATIA2wEwAAAAYnrtoJhxSEWYUYh+d3d81MaWZsDETvqo2k2vXxtVjJgoz4fdrqRE0Y+zk6fMKM+GnPbWZnB9LnuHR49LQijhmMiHoDTAqMBOgDTATAAAAhmc+mAl11tkEDz7P5PKVa3y6+VzMZEJuk7zi1OmxQ6l5JgozoSMeO3H2iDzrg9SFtzahNKWT7JTYRBHSEnmoZ3ozOSTPMzl77iKrPHbhMu0oT2u5cOz4WZiJ4YGZAG2AmQAAADA8d9FMxm/cpH75iZPnpJus5Aknp+Q56NSJZ9PZWbU5mgnZCPt2L9KACXmMQmEmtHDz5i2yBarGp6AwRGfgYyZS+eFTVPn8WNJkpjYTUhF279bYWHLCCb9/jOrATAwPzARoA8wEAACA4bmLZgLAQgBmArQBZgIAAMDwwEwA0BWYCdAGmAkAAADDAzMBQFdgJkAbYCYAAAAMD8wEAF2BmQBtgJkAAAAwPDATAHQFZgK0AWYCAADA8MBMANAVmAnQBpgJAAAAwwMzAUBXYCZAG2AmAAAADA/MBABdmb2ZdNTZTeaZRrkzMBwwEwAAAIYHZgKArszeTNocknKY63vSRaMxX1tnR29YqOOYjZkEvRZHKzXlc7fQvlHlZu3Za7GXu/qVpflJtKNZWZQTcmcmA15LTUskHI6E+9tCdNUFTZUueXWw3JK80ujiNDv8bNkkLYxShW5nfbdULRIflcr3WmqdgVSb1Mhup9xI2NURkha63Q3d0mqytoTfZHGwJZfVbutIlpZX1sZTNSqs9Q19qZVRf0VV8nzKnb2s8dQ2MEv4Mxkdkd4oKiy1/Am3WeormoJsOdBYa7J1Jl+XoLdN/rfC7EpWBSD/qTDXC8vStW0qZ29igz7pnc2ffAcLh0fkt0SpXjxSZ7XTuyb9OJgs9a4B9ubmdyV/bhLOytq9rck354GmelOFO7mBGq+ql6v5beZ63uzCZDIzcZY5yUyalD0sAMCdMzczKa8P8W5bIlFXmRwh6eYyMRpqq2uYhZnwHga5Tbr7qDVyn9VwRHssDYIu5oqcmUldeYashtwNbXy9q5n9iqWLsyJlEfxVpl+0A6mKUrmt05K6tvz1jnQjjKCX/7ZO4Xc113fIJy6YSb+zu9ObejQVFpe5Lvnkx1sbqROQLE9dz2COZDyTQW9dnYM/4aY9zXyr1MGyOJOvC8wEGBG1mZRnvGelfSPBzSQhvUmyHwdXncNkbZWL0jXLK1tMNe1smd4wHWXJd9FEImatZ++ukpmkChco2c1EyzGTq9dvKosAmK9oe7nOyUz4x8YSfW5TWSO94VGnzWRuEDYk5mImiQFvRfNgQu4LJiLd1BTrZkZ7Ws0WSY0iKTUyWVzdTU6LxW6udNLq3kqHyeIot3mTm6O9ljLJmpIlgVZrRfpOM5vZnjriqNUqjfOYdzewD4Skz42src0Oya/2NvWyxiLdrdK+ZQ7f4Lz82OhuyEnOzMRkTb2mMrbMq4t5iPRreDRYLovH5GYS9PpHE83VdvYBofg7nleYxEyCVLM2IZgJ+31vrmxhikP9A2dlsk2rxSVdtKwcZqIRCjNpIzOslJ/kUGvbaDD9U+wOJfzN9LqkqsFMgNFQm0mFxd4R5G+tk5tJg9UujSXKPxTR9kav9IlMquaov5l+buqSNkJvmIlAi09uL+RuSL0lwkxyZCbXrt88evoyguRFrs1PMxlsrqfO+mDSTDI7i3MwE3pDrOuSFqS+YLm9ua0zIpebzdKyt9FJ/VQ2Im0yOyscXm9bp8Nq9/Z469zSVqrG7uigfanE19ZZvdsuDWGPRCPhdpOtnd1gw82E3ovL7V6q1lxXz24HksyEDMchFfIHQs362np87ha3NC4+H6mrtOdYTu6emWT8mmRb2a/hcnnTpGYSaJQEI97aaLJ1Ju7ETHqdtXT5cDPZayEblz6hZ6Mv1D+QLhj5Q0dzXQ83E+bAJvSM50zqmbQz2WiTX9Z48gVNmUmsU+5OkbRIrzLMBBgStZkkIr3SB3YV0mdz0t2nwjxPdve19PmaW/58jf1QJKJmeyc3E3o/lH5dBpKfs0hmkghWSz9L9KPkEMwk3ezCJDdmAsCCRTMzoTc3U5kznogN+L0m+XNlzh2/hQW9/C21ok7qOCZkM0nf1dXVbOtIjpVIIrRHeo8VjhLk49Fxn1N+M+0Rb9xKDen4eSE3E5PwXm+TJy1IHc1UIS3L7+aSmQykpx/MT0Yjvkb3QO6GdHJnJmb2ezcJ7/3LhNjrmPyAMNZd0Ryc1EzM1V52q7TXLtVkr3UGWcyEMFvqU2YScrTLd3L3tlSUNSeS/YOwe4894W8OCOeGMROtUI2ZEGGrOyQPjyTNpLnawV5cel38ozATYExEMynPvLbl27QmHzMxVcpTR5I/O4kB6Q7VZE1rGZuwF2Z3SMpmkrCaG/x1jvLGfoyZcGAmAOjKnMzEske+WSJFhSWpE6l5dcTIYKekGWK16RHv5kohdkAjngb+nit9FCR3CgWpSHdGEx0uqWa4TWzQZGaj1ZOaSfr9nY4YSZpJspCbibTcJd3Q5c/B9PzZMGoud7p6cnpyOTOTaIervE4a7KJI37bAZsBHY/FIxgz45ILdMYmZhNvcfC76aI80KBf1p6bRh9v65G3ZzSQR7TRZJDPx1/ObsKXBvQj/5HLUz+yXX7SYAa8Vihnw7OeRxLJZntXLforFr+WQPrZIm0kjXgVgGEKeBkdbfzwSDrS5bB30bh/294fj0fBgl7eimX4QJpsBL+/VFkv/7CSkdy07+/yO3Z6QkNzebvWEmZnQ71BTdSubNM/NhDe7MIGZAKArczITaUxDegdMEemtsDbYnMnxikSyW3/nw77TmUmWMZPsZjLXMZNJzIQY6fdmfDXZvCHS7sqxliRyaCZE3Z5a6bqyOHxyJ7Pb7WKXWXN3hFVIT/eMtqvNhFlEilH2AaGvQZpKRLG1TWcm8gAdmYkwPVSa50Cd49Sn8qNs1E51N9cd/iAAFfyZlMasUr0rf51DvmlTNhOmmimsZun++JSZJPcVvwgBgLxl1Fopz4qsYm87YTaXMjVJMn03V5v4ljgakCbgCWbS66yV3tn8zfx3JL1Dko0kzWS0R76hSzSTdLMLE5gJALoyVzOZYZQ7T820ZpJIWCz25rYeb1OjMM9kCjNJOHZL80z8vYG9lXxIJ2ay1A4OSfeIpeeZNDeU2729XZ3NDQ3peSYqM6moaQmEw8119Q7/nHrYehBpb8y9liRyayYAAADAXWEyM8HfMwFAM2ZvJgCIwEwAAAAYHpgJALoCMwHaADMBAABgeGAmAOgKzARoA8wEAACA4YGZAKArMBOgDTATAAAAhgdmAoCuwEyANsBMAAAAGB6YCQC6AjMB2gAzAQAAYHhgJgDoCswEaAPMBAAAgOGBmQCgKzAToA0wEwAAAIYHZgKArsBMgDbATAAAABgemAkAugIzAdoAMwEAAGB4YCYA6ArMBGgDzAQAAIDhgZkAoCswE6ANMBMAAACGJzdm8qv3PmnvfoYl/r0XlJun5PCRU4HBH9PCL15+98zZC8rNAMxvYCZAGzQ3E/W+CIIgCHJ3E42SkEi/xSihUKS/P+j3d3s83sZGl7KHNQfITMgr3vkfv6N8+NFB5eaZATMB+QjMBGgDzARBEAQxfHJmJn/49KhY8sMfvXb6zFhHz9/90yu/Onvu4lPPvNzZ+0NaoE0HPj36vR+81N79zHPPv0GrtGN34NkJmAnIT2AmQBtgJgiCIIjhc7fMZOT7Lz797KsnT57rCjw7+uQvXn39vV++89EP/u6fadP+f33/hz+WvIUJCcwE5DUwE6ANmpsJAAAAMN/I/TwTWqaSoeHnx8YuTci+QRLCqjED4dCmK1evw0xAXgMzAdoAMwEAAGB4cmYmijGT+PdeIOuYyPQNZiD+vh/+3d//y9iFyzATYABgJkAbYCYAAAAMz3wzk+vjN0af/MW16+MT8lwUmAnId2AmQBtgJgAAAAxPzsxE8d1c2cyE/u3s/eEr//Jvv37/096BH8FMQL4DMwHaADMBAABgeHJjJgAsWGAmQBtgJgAAAAwPzAQAXYGZAG2AmQAAADA8MBMAdAVmArQBZgIAAMDwwEwA0BWYCdAGmAkAAADDAzMBQFdgJkAbYCYAAAAMD8wEAF2BmQBtgJkAAAAwPDATAHQFZgK0AWYCAADA8MBMANAVmAnQBpgJAAAAwwMzAUBXYCZAG2AmAAAADA/MBABdgZkAbYCZAAAAMDy5MZNr128ePX0ZQfIidLkqr+A5ADMB2pBLMynIRLn5zqFGagLKQpC/+PeVLS6Uro3lG4rjyo264C9f2iMvrNHiggQAzFtyYyZXNe3qAaAr2l6uupjJnprGQP+gshQYGpgJmCcMd1YtXlscDEm0O8oWb6hS1tATmAkAxiY3ZgLAgkUXMzGZ7TZ7s7IUGJpcmgmHjGK9XVIKZ9XW9SuWSqulTWwTdRCdscT6osUl3kQiUFNQsDXkLZM1Jh701CxfQouLa9pDvB1mJoG96zVRHaAbnhKupCUeWh/ucS5dTC/m0uCovH20fatzOGMPKnHFlxYsLW1LFqxMvcQbV0l7OjqT9QvWO6o2rZTa2lCcLNnloxKqtHWvPzHsp4WCwsV+uXrPvjJptaCg1B1MyKfF3FZlJsN0EUptrtlKK0G3dBFS+8mDBmocA4mAs5gKPUHaWipdl0XrM1sAAMwjYCYA6IrGZrLX1lRhbVCWggVAzs0k4CCJKNzIVtrrapr8wcRoiDp2Ze1SyRq517hxR6kvxMyEenwrS0vlj88DTT3D8XhPlVS4qT4hmwlpjGQ2BQWZvVowTykrUr5SBWtrEolQ/SZJDOjaaB8Yjo/GSV+kTSsqQo6NBYWSG5BTLDW3J2JNWwuTCuHZsbRgpXRhFHCpiHmY9hQUrGQF7ealJZ7kfWEFBcXJajIlcjvZzIRbkESsaWUlu+drmA4qLdGVmRKpjQXJFkil1lRjCA+AeQrMBABd0dJMevuCJrOd4vF2KrfdAclGeGwdyhpgHpJjM2GDGxvrkoMenILkJ+mymSwtTpbKZuJROkdAEhGpOyvt5emT7WW9tArmP+kXl5dILyUJwnJaXlqQVNaCNZJyrCE/iTm3MkloL6vqYUMva5J7SsvSXgWpvaTlpWX834R0va3xsDEZqVpqR5matVOZSYbGeEqq+tLLFd3Slcmv4ZL0joHkRQwAmH9Mbib1xY/cf7+yhwUAuHM0M5O29h4mEpbdtVwqlJXuhIGm+tTNFyAPyKmZjMpSwfumMZ882rG4tFS6GSZtJrx7J5tJctEuKU3BkpWlpdItNNxMkqzN6ZwEMDv4gMmwp2RpQUF7j9S5l17KAcd6WRu4USRfX3YltJWSk5Qula4EMg02nCIRqGE6kS5JLbPdpSpkJulNdIjhgsKVPaEQXcjTmEmqhURmI3RQ6aTYvzIwE3CHxJtkfH25+ZYHkGRyM8GYCQAaoZmZMBWp3tvYPzBUWdUAM1lo5NJMAtVrJC9xpwZB5KkHGx1y93Q6M6F+JNEuff6dMWayvtLP7ubCL/l5T7ygKKkQ9ZukF54ti2MmGwuXDsfiwbaKlYs3DndXSaMTEj0rq3qSAyPeScdM0hM8kmMm2cwkVM+ut8R0d3NljJl4JxkzgZkAkF/ATADQlbmaCf1w0o9oImUm4n1c7Ec3XfUOUZiJ2Wz3dvY4axy2jigrKa9o8PeH66rouNJUgUSHq6GxocLh9bW1miyNFRUNvrZOb6PTZJNOqa7c3tzW6e/qaaiRKwOtyaWZsOENTmConi+vL5zGTNrLmIAQ8kLKTKQZ8DFfSVF67gqYj8ivUUD+3q3QcLynaiW9jsFQqGTVYvZShhwbe1K3XanZWlCw1ZV0z2FPyZpSZ6innVookW/1o4UtVZ6g31myqsAhe0ZWM0n0FBRtDdHOjpKl8iCMwkykgTnZbTwl1KbT721ylJcmpNvMFvsHQo5d0mnL7cJMAMgzYCYA6MqczEScDTI4FO7u6ZemhcjfyiVumt20kwwz6Wqu60oukoe4hvgGwm9jgzP/f3v32tw2dqeLfr7BfIBdtd/v11Op8zpQ0QUV+9BFF33o4y665KJJioosukUTFmWalNCkRQkt2rRow6JEE7MnM7knM8kkk0tncuszSSaXmsye2Ukme+bs7ty6k75M32/u9v6vtQAQBCnbEgGagp5foWxwAVyAiCVpPVwL1HpZ0cyi0kLBfudb5BZKJrXWSL1huL9xJhOA+0iGpaxSE+Eln+7LmRRknA9dnLO5AACGQjIB8NXBk8ktfZtSx8KFy/MLbO7W3DwLACKZdDp3aIXKaSutzM5dcj/5ITiTybZqTg/jS7HMPqXTqJWuZGYdN7Ssl0U5KS/0JpKZIyq3Ntie88v6wUdx4H6QTGBSdPXEybAYF4un+z7SQLY+a2soJBMAeCAkEwBfHTyZXFi8ks6aM7ybN26KeCCSSXH5STMtGMbOTsde3xfXmMnF9b4pGtdKl1bENO/d+oWHSSaW0kLBGlkBLyGZwCRjMWUqZP7Nkz0gmQDAAyGZAPjq4MnkUlG1I4daZSMShpVMrpSv2psa17Y8SCaGMTtbWFrdqK1dnXvi6pZhdNbLmcUnb17bTM1dmss+OJks5ErajdvbNxpzs72JXuAhJBMAAAi88SeTV/7zjf/93Atiee7Xf3Bvvq/fPf/yr3/7R1p5dp9PBHhUDp5M1jeupfg9JOXKmj2lSpRoTzVphcpFYvEkmdy5ucHmbs0qS7UWjxZ35rPs4eb2TjX/4GSyqpjzwRavmB/TA95CMgEAgMB7JMnk98+//MeXXqXlxZdfc29+OEgmcFgcPJkY1rDJ0OyxXKram9o76IYGH5IJAAAE3iNJJi++1BdIfvv7l15/4+3//dwLL/zhlTfeZCu00Apt+sOL/yke/vHFV8WeGDOBw2WkZAJgQzIBAIDAm4Rk8uyvX3j5ldfvsclaL734EksgvLAvezz3G/YQyQQOHSQT8AaSCQAABN4jSSb2fSbP/+GVeyx1/PHNN9+hFXr4+htsqOTeQPYQgQTJBA4dJBPwBpIJAAAE3iNJJq4xEwobb7/97j2eTN5wJJP33nuf/n3t9bdoK5IJHFJIJuANJBMAAAi8SU4mr7725gt/ZIMq9zCbCw4tJBPwBpIJAAAE3iNJJq7P5tormbz19rsUSF57/S3KJ8/++oV7SCZwCCGZgDeQTAAAIPDGn0wAjhQkE/AGkgkAAAQekgmAr5BMwBtIJgAAEHhIJgC+QjIBbyCZAABA4CGZAPgKyQS84Xky2QUAAJgwO1yb03X9xo0bmqapqnrlyhV3DwsA9g/JBLzheTIBAACYNBgzAfAVkgl4A8kEAAACD8kEwFdIJuANJBMAAAg8JBMAXyGZgDeQTAAAIPCQTAB8hWQC3kAyAQCAwEMyAfAVkgl4A8kEAAACbzzJ5O1377qLACaVt80VyQS8gWQCAACBN55k8s67d3/34ptYsByK5R0kE5hASCYAABB440kmAEcWkgl4A8kEAAACD8kEwFdIJuANJBMAAAg8JBMAXyGZgDeQTAAAIPCQTAB8hWQC3kAyAQCAwEMyAfAVkgl4A8kEAAACD8kEwFdIJuANJBMAAAg8JBMAXyGZgDeQTAAAIPCQTAB8hWQC3pi0ZCJJUr7pLvRJ/gQdTVLdxTCpOo3QFF2xUNsqUJPSKI1FkpLuIofmYtTbtnGQs23mk96eBMBRhWQC4CskE/AGkgk6fodFVpZcJQfp6zscLJnEQlK+oulMIx6WNDsnPchBzhbJBMAjSCYAvkIyAW+ML5l06xQD6uYDtt4wjM5WJXsqQuvxObP/xaJCSw1Jknwyrbbo/NJUYj0pK9ZziVh4mnaR0pUWK++01MU0ezc9JNd1c1+BJY/H5htKQpJitFs8GnbuJpKJtpGnfyOJvOhispM035uXclVdTcfYgVb5gYxO+lSUbZBCeV4F9TXlbN2wTrh3YBhAHf2mXqcXNnQ8bhZ1W7Ewu475DfbSy5Js7xzhF1pTZviLHWl1jXo+wV95STqRt3ej11/bUNjlO5UTJe1GSQ6xS0xPMcRBuy1+NRP0MMsvX4xaFt8qkkl7Yz42JdpYO8bblWiNLJnotRxvn9QS2PZuPTvtTkdpnpeSVFe1w54ekhsdc5M4/8ipLGvJjmTSKiWSatt+QXr1s20qe4mmY2besZLJfExq8nM2tTXlLGuZ0TMl9qTVbPw4+7IV/koCwCAkEwBfIZmAN8aXTHinPyuiiZUxwrxbJohOG63I01bRNHUcG5KVZ+pZmbp5Yh8b27BbSdj1sKf08KI4/zdJu1k7mbuJZCLbz40p4inhsL0f65VyLIBQMrE3SLwbTX1NaTpsfxW1kV6egKOOeDgc1rb03GnZHBbr1nNKXW+o0lSismvkIr1OvySzmCdNRVo6bc/JSbWzrVM0YQMV21bHXyTD8GnaJ3ncfPH1pZmK1tIuJyM5Sr7soPlkWKkQjR7G03ldb0WmJLFVJBOKJeFzrPtPDSx5WaPaTk9Lbf5cORw+nVPZGUpRVrkSF7mowvMqCyHUQHORDk8mtLOy1qBDy+YwR4fOv6Hr2ZOyNBUTZ0tfd1tNylJInJt4Qez6jaZCJ0Pnry7OmJWIZNJtSuG+hp2k75FwvFatpfOsXdLBT+cqvJ5eugMAJyQTAF95m0x2MplCZrHqLoYjYJzJhPp1bATDMOYfo7ygGNdz1LuLXmC9VCoRfX8qEV0y0denFXpS+HzD2JwPsyf1jYlIrrlYTTb64SwQlfS92Wz0dhPJRPSS7cOx/8QZ8NNjveDdUq/QqoJVK5KJtYViU3Rx37N1jg7qiBfNq9fsfzH5gIPKXudEiaeOepaCQ6sQq1k7JPilSfZfXIO//tYoXEc6ZVXPUYRoimQycE2oUAQMOmws1Gse0pTV+98txQotxwmzpmKwEwjPb7LTU27x0tUZVnczr4pkYsZuQ8QMNuRi1UzrpV0+wqMmKQWJcY1h9ZvfDmxdDONQMlltSiEWbBxa0lnHC6gmc9d76+wMAWDA8GRSnPnoRz7i7mEBwP55lky2N59MzS7ztWupTGHb1YeDoBtnMhGjFhQz6N/KrtmvD02Hw4/xZY51RO2oIGZN0UqnTP3ScI6PXlC/tVPlaSAkp9Nsohd10BTx/vXxeHqGrTkPyOswSwZ3c95nYu8p2QGjl3NUti2pNgvsifGzdOQZqZdMzL5vFMnkvhy3bZjJJB+TchWt3bGSCUt3EaNbF/OjWD+e38whGHskE/sVF1GE8mG9wXa2k4ndhW+rycg5Rd/uOJKJVDsfMYMCPYzO24ejlu58rkgOMX6t9aW4OYiXkZt8zMQQocK6+iKZ9N1VoibpiVSSKDWkWF5kocH6o478K0pYI4zNR9wjIaqzpTnrwX0ph0GHjeFVKrXrvdE/GIPhyQRjJgAe8SiZdLcpjWzumI82ryynck/27QBBN9ZkIgJAzLp1ZHO+FwMcO7iSibhBhccKawKVFBdvWks8V/T23GPMRKzTbnKGdyn7x0xER87eU9o7mbD9+Swj1rdGMtmnwWRi31gSs3rkbEIXe03ZjSjOMQdhaDKxxlV0Pmais7E4bjCZFE9JYoiids68WYXN5uo25KSZTSRpxtqXGUwO5pjJrWKi2GitzceOR5RmOzY1PJm0CrHBMRPaIzElxfieQ+qfGjZmohoNR3zimn1jJlWMmQA8GJIJgK9GTybdudlCao7dPdnnzo1RRk6WnihmqNpZReGzumHyjTmZiDAgRcz7lWNTIhEw9qwqdzKx1sW9AfqSuG/ERB20bO++lPuNmQzutt9kwm90EdgKksm+DCYT6qOrDb2SOy3bYwW7JWlKSpTN95IlKVRZa7S0WvoUu3/dTiYULeJL5icQRI5FnfeZ0KXhD0ODyaSRiyQUrbGmyNNyL5nQPhei4j4QLReJphU6YuVyXmkOSQ7sPpPIvFXWZzCZsJWpcENn99U47zNhgzdnZUoag/WzYZ1pqaS16op1s4o1BhIVX/uWIslZw7zP5HRjS8tm2M9wWQpF0yW9Ucd9JgB7QTIB8NWoyWRt6dJs/mrzjrucNFdLqfPltVv7Tydb1dTHlpVKvbb6ZOb8qnsr3NfO+oq7aCzGnExY387KGPxxXXzEUGg62jR7lkOSSf+T2hH2+UlSYlFjXVsquF6aOcE+mEhtsaeLnQQRI8wH1/ntIo7d9ptMjG5TfG5SerUVQTLZp8Fk0rY+FU2J2bOYOpKcrls/e1oV9kkJJJ4uGo5k0izExD0d9Pq3N5QQr0RsMj9LrdIaTCZGtyWH2OVjEwIdyYQua+6EuNukwz/hirXGxrDZXEa3MR+RxOd6uQxNJq0KGx4c/GwuSiDyWXVI/Qb7jhj62VwUn9jAyG4tdJq/nWR948QybNBIr+cT+GwugPtCMgHw1ajJZHvnTipTXnMXM2tKYevOznZn2K/f+yovFLbcZUZqATfWP6yl8wV3kf/GmUx0XY/wQZL+j/Z9AF1n96WI98gh2Dpq0g6tE6txOSc+6jcUjtbEp0kDwMQbTzL5+jd/8unPf+dHP/nlV7/xo1/826+p5BOf+ZZ7J4AgGjWZkPslE3fZQ+lo5dT5cq1ldV67u9u3r6UWVrdv3zbYmEA5kymsrG1Ur5TsuJLKXEl9bLm2dnWtyd7RTM0WtacabJrZUc0zFE5ml8faNRtnMhHvH1e29nXfZ4vFkrmKuxgChy50NN0b4QAA8NB4ksmNW19wPtR3vlTf/CQtX3v6x/SQQot2/dONrc++/fa793hooeXjn3y6fefL9PBb3/mn5s3PP9X8jNj6/vt36SE9l9KOs06AyeRlMqmtbZiLxt4APHAyMe9dyRSWqvaclpadMZRsIcU/ep9QRBErtPOadf+9ri6XtvhAjbZi73Dk7DTGPHIyzmQCAADwSIwnmVDGeO31t+yHv3/+5Y9/4umXXn7trbffffGlV/XdL/3sf/zHM9//l85//+o9nkz+/C+/Tv/+68+fpYebzc9895l//vFPf0kBhh5+4+9/Sg+ffe6Fb3/vZ3aFABPLy2RCK2YJTxEjJBNTp1U3P4nYkUxSmWLZmvlAhxA3yFOhWWQYS1mWauzFLj9StuvlzODHEvgJyQQAAAJvPMmEfOpz39649um/+Ktv0DoFEns2V+fP/87eh9bv3v2ANt3Q/1qUPP2tn77yyuti/frNz9O/X/7qD7//w/9pPwVgwk10MiEXzGjRSyaZTOHiunnvSnmhsM1XnMlk9QkPjnuoUSwpN6whpHFBMgEAgMAbWzIRXvjDKx//xNPOZOKc6EWFYpMdV2j9d79/6aWXXxOLKHz1tTevtT737e9izAQOgUlPJqmM+KsCu3YyWZorpJ4wb2xxzObqJRNdXb64Pu5++STpjnm0REAyAQCAwBtzMrnHB0b6xkz4DC57kxgzsZPJ157+8YsvvWrvYHvn3fea/feuAEymSUwma8vLYiJWZmHZThhrS0UqucnX79zcYH/tZK6oW5/75UwmZHO1zGqYuzSvHL074HduuEvGAskEAAACbzzJhJLGj37yS1r03S/96t9/SyWNrc/+9Gf/i1LHG2++3br9Nz/+6S9/8I8/t+8zcU7x2rj2qU9//jv0rI9/4ml6+Dd/+w/PPvfCz/7Hf9xxRBqAieVBMund+D6w7Ouzk+BQQzIBAIDAG08yATiyPEgmAAaSCQAAHAFIJgC+QjIBbyCZAABA4CGZAPgKyQS8gWQCAACBh2QC4CskE/AGkgkAAAQekgmAr5BMwBtIJgAAEHhIJgC+QjIBbyCZAABA4CGZAPgKyQS8gWQCAACBh2QC4CskE/AGkgkAAAQekgmAr5BMwBtIJgAAEHhIJgC+QjIBbyCZAABA4CGZAPgKyQS8gWQCAACBN55k8ubb77uLACaVt80VyQS8gWQCAACBN55kAnBkIZmAN5BMAAAg8JBMAHyFZALeQDIBAIDAQzIB8BWSCXgDyQQAAAIPyQTAV0gm4A0kEwAACDwkEwBfIZmAN5BMAAAg8JBMAHyFZALeQDIBAIDAQzIB8BWSCXgDyQQAAAIPyQTAV0gm4A0kEwAACDwkEwBfIZmAN5BMAAAg8JBMAHyFZALeQDIBAIDAm7RkcuPWF8TKZvMz/VsAhrh79+4HH3xgP3z22WcdGycCkgl4A8kEAAAC75Enk3fefa9958tvvPm2eLhXMvnggw9vbv9NffOT17Y+9/8/+7xzExxlzzzzzPe+9z0RTiiltNtt9x6PGpIJeGNykonERN2lI8ifoAqTqrsYwEuluThrucfCsbN5s0gvzax2+nYCeDjanNxwl+2bfvm06uOP6sPqkSeTL3/1hzvdr3zur78nHu6VTLZu/7Xz4d27H3ziM99ylsCR9ZWvfGV7e/u9996jf53jJxMCyQS8MTnJJJdOZxXNXTqC9oaSW225SwG8o+Vi0bN5nTTqylw8lvOyAQOAhx55MrnZ/uK3vvNPTSuQ7JVM7HJB3/lSffOTtHzt6R/Tw09//ju0/sUvf//tt9+lhxRaXn7l9Y9/8un2nS/TQ6qftj7V/IzYKh7S8vVv/sRZJxxS7777LoUTaszf+56ZbycKkgl4Y5zJJH9Cii/pejUnSVLsbKm9kWdvNk+FtDbbao+Z0H/1bksOscdpK1pkT0VCU1JoOtrqOmo0mrQPVRiPhKSQ3OgYieMhqjCSYO9e98ZM1KQkZ9V0jB6HpmPimZ2tClVI4nMYVhmH5iJduya95tG0anRbajpKV0Pll7fdKGVPRVmrSJvXQjqR5zs8LsUV3aygI0VybN/L2ZDjOtK1Ndp1KkkssnaUT0TsFmVRk9VOq5IWrU4U0RFZAwvJ1JyoBima48V1SU7XeQOjxkP/1hZnYmHWEPMbrEbeRAU+uFfPlvoORN9O6Qp9izTz9lAdtVvW6k7M8EfsTGLTrEL7TGZOipbONM0ncS1VtE8uSa9e03zRErRRU2ZYPVPmC8i+hBPmiA3twf9nx4oek6RjkXiuZlVqUs6y74XoGXEObWdVRDpXy9Fp07fRoma0NTo98Q0FXqHL1V5jP7XoNaaHCfrxdYy/2vxSimYQlWL1xQRdJrp8uvih19aorYQi8Sz/qShavrhSdssXV4paC2+ArF3YLb9hDuPxy021HL2fe482mdy9+wGFh3ffe9/4+Nffefe9e3snk3/+l/9o3Pjsq6+9KR6+9fa79pjJl7/6w9/9/iVa+dX/+g3tc48nk69940di67/96jc//NHPxbq9VTyEYNhXMqF4sO1AD917eA3JBLwx5mRC5DMlXWPhRIrN641SYpr98jX6kwn1hdjb0EX2i5lKctS7m06quqGvJkWJhSUTqrCh6zHejatv6bxCqaj3JxNaqzSoQpnWzlJZg/5XeZ+XShJlzL3xHfWWErwjryvx2KLZCZf75+/Z3TK6OqLPn5Ypj7DpLZ1SQrnl2LWrRnkl9JT5TVZQz8jSlCw2StJMb09DtfOG1WPrYR36LSXGG1UjF8mdksLn2eFcEwut7j6jL8Vz1+m/Ypy3W2p4rXandMZsa+zpVjKpnJGaZpDWpTMVcSbisTgT+rcuHhtNOWutcuKbgqhnJZ3vKZ9VzRzUyIlXkuROSJ09kokUmRcl9Ny8I/TQl9kLVA32vSVWqSp+knToiCihlzSpsm8NumRq3zsCMBK6XA3xenbr9JONr9FrzC6EI5mw6y5KxMWV5BlewK5Lw9Hy2Sar5Ysr5UwmdsunBkorEcnck1I0/8Y6Qh5tMqFQ8exzL9DK8y+8/KWvfP/e3slEeOb7/0I7/Orff+tMJs7hFCoUm97iwyOiRIyQiIVKvvjlf7jW+tyX/u4H9rPg8KJYQgFDZBLKJ/sKJ+4N/kAyAW+MPZmYnSRaE79WG+fDjkBirZjvOdcl/kYy/VKNXhC/r1miELVxLJmICqkDJ0lhtgerkBW6kgnfv56V+a/56ywaiSrmH5NcnULwA/WNilZXi/XsOWeP3+D7WMnEDAbsaj7GetjFU6wL7tC0k4m4eLzvNSO29ecKtXd91aSzj26IZGI0qA0YvH2ySvjhxL+2pOM841N8nQ4s9owr7NFZs4myFmclk6TYk5OmkoNnQoezOoeDyYS9m27wmkUysc+c9TutnEDrpd3hyaRXIYWoJWvkyWhRDrPW+140vs4OSt8Pdol5oIHXDUbhaE5N/kYJIzKJM5mYe5ihoiWdM8e+WErf6rV8g7WWGXPNale8UtYu7HLzpytrh9xuKVY4WpNdhyeT4sxHP/IRdw/LB7c7f2tnhpvtL957UDIhL/zhlY9/4ul9JZPf/f6ll15+TSyi8Ovf/AmFk29/92f2E+GQ+sEPfmDfAU8phdqwe49hxjNaIiCZgDfGnkzMzEFrYoX/3nUnE9HpFMGjyUtC0+HwY+ZiVmftIOrh6YP90uUV7pVMmqyQ+nC8xK4wPOee7gKes3pLfd1c0f2itBg5p+jbHUcysfpP/L3kDusus9EGNSlLU5GGzvrqdjIx24r1rjB/el8ysZqTeeg2q0WqN1hn3ezQq0lKTbxHzrIrddpYu+k2penTuYrW7vS6kvpSPM9jVasQ48/VRQBIy6LRNtgTrWRCJ8RuQTG1B8+ERI6xdh86znPILa3C0Zl1Ggr/jpDSFdZ97L16ji9ZPKB6hiaT3rH6150py/nEXufVKhl6yWB0fcnEmvn3oGSiRs9rdmPq8FmI9jXpfb88MJlE53stcqQf54fP8GQyljGTu3c/EGlEoHUqeWAyefW1N//yU9+k4PFXn/57UfK1p38sZnP9/JfPPcWf5Uwm//ar3+x1P4mY3AXgK8+SyfVm60r5aipTeCJ/Za1ujQ3DkXEokgmbcTIVm19jXcm6UhS12TuIevaXTPjYC1VIXd7OdqNmv6EMvhnazeXdr6aUKInxEOrfiy2OZMJmvCQXc2LmCe1v7ruWfnAy6bT4BH13HmBtIMFvsejWrV54MzyXTa+Z+2TnwqLq3mwZ3n7YrK+Y1Y9nc8DYhKvaXFSaCrU6zeLj4dAJPlnLMZvLmoAluM+E/jttDiS55fk0LZszmVD99myu+QjbrXZOkh4zBzqspu6YOXZBjLd0eBbrn83VzNs9YKrKnM2FZOKzAyUTg34GihLhYMnEnrx3BD3CZPKt7/zT8y+8bD+k9S9/9Yd7JZO/+Ktv1Dc/uXnjs5/87LdFycc/+fR641Pf+u4/0frnv/iM6w54O5mQH/74F2JY5nN/w6b63ND/WlT12utv2fsA+MSzZEKZxLmUK+KXMxwVhyKZGNf5vfIm3uk0HTiZsNsDbOh1jcHQbq7ofkmSnFC0xpoiT8tiS18yYX0yScx64nccJXS9EQnJD0wm1F/ns5jceYDfWyG3dD15PGT3wiVZNmcu7VZkmbeW3YoUy6oNvZI7LZvnGaE0K95utm8MGMK+A/5WRQqf1rYa9UolmqkNngm7rd8iboC2tYr8w4gl8zb9vmTCXpDw6Zza0ipmb5XPUtS22KlaXU+VXsyS1lL5ybOQU01Kp3iqb6t0Vo0tLZth8ay5GLOrEsNBSCZ+O1gyyR2X0kpFq1ZKi2nnnsZ+komWi0TTSkurVS7nlSN2TR9hMgE4CjxIJiKKaE/1/XCaX1imQmcJBNs4kwnAwdi3g0+a8JSkVNkcm/rlfPrUjHvzg0T4nVFC8ZQj5+xWrGEkpjfhah+cM7gAAMkEwF+jJhMKJBcWr7hLOSp3xZWHt/REMTNbSM0qSgWf6384IJnABOvoW5oyExbv5QdPcpp9mhxpaSXrM5qEpnQ8KUZnco8f7MtHMgHog2QC4KtRk8l8bvnGlvMzOHuonLZ2OnfcGx5oq5r62LJSqddWn8ycX3VvhfvaWV9xF40FkglMsBabzcT/5kMwtVTx10xC4ai4CcQm/uSIxP4SxQEGTAwkEwAXJBMAX42aTFKZwlObN8SELrvwYmHFLl9V1x27P5TyQmHLXeaj1SeCNuts6fwj+IqQTAAAIPCQTAB85UEyKS4/OTSZiPJ8gX1Iy75U8wXN/de4tJRiTuu6mCnM84+/vJhRmtUyO/SssrnDt62XU9mVqsJucbm4es1+8govmbtY3dwW9WpLTxl3brBPEttusn9d53/o7TRml8f9t6+QTAAAIPCQTAB8NWoyWVldFzlkMJkMlj+07twse+JS1Z5FMDSZ9AJMRhxlnQUV8wlFZYXPatCWlKrILd3G0lxBlKUyysV1UcrqESuBstMY88gJkgkAAAQekgmAr0ZNJuTWre3cEyVnArl8pUYPqfygycTUadVTs8t8dXgysfdcU/gEMJZM7D9SoYndFpwnsF5eeqq3SQhkMtmulzNz/C8tjAuSCQAABB6SCYCvPEgmpNO5o1Y3nCXiU7lGTCZk1nz6g5JJYSCZdDeOcDLpUiwpN8xBofFAMgEAgMBDMgHwlTfJZC+jJ5NURuH/t1IXrvKVbsqRTNas/q1zNpf49P61gjWbq6isig+rcczmciaT5fmRznDysFjiLvMfkgkAAAQekgmAr7xMJk/krzijyC2dzeY6wB3wa8vshnVaMgvL9tv+mxU2YWzuYrW80Esmm6sDd8BniuJ+d+cd8DVe4dzFJ9dvmXfAO5OJsXNt9AQ1QXZuuEvGAskEAAACbzzJ5M2333cXAUwqb5url8nEvuXduaxv9BKCt4bMwuq7zwTGCskEAAACbzzJ5MX/fPt3L76JBcuhWKi5ulvwCLxMJmOGZDJRkEwAACDwxpNMAI4sJBPwBpIJAAAEHpIJgK8OcTKBiYJkAgAAgYdkAuArJBPwBpIJAAAEHpIJgK+QTMAbSCYAABB4SCYAvkIyAW8gmQAAQOAhmQD4CskEvIFkAgAAgYdkAuArJBPwBpIJAAAEHpIJgK+QTMAbSCYAABB4SCYAvkIyAW8gmQAAQOAhmQD4CskEvIFkAgAAgYdkAuArJBPwBpIJAAAEHpIJgK+QTMAbSCYAABB4Y0smf/apV/+r8cqftl/GgmWSF2qo7rY7GiQT8AaSCQAABN54ksnPXrw72AXEgmUyF2qu7hY8AiQT8AaSCQAABN54kglGS7AcooWaq7sFjwDJBLyBZAIAAIE3nmQy2PnDgmWSF3cLHgGSCXgDyQQAAAIPyQQLlsHF3YJHgGQC3kAyAQCAwEMywYJlcHG34BEgmYA3kEwAACDwkEywYBlc3C14BEgm4A0kEwAACDwkEyxYBhd3Cx4Bkgl441AnE0mS8k13IcDD0+bDogVFJcm1CQCCBMkEC5bBxd2CR4BkAt4YZzKR+rk37x+SScBol7OhKdY2widnOu6NvtDm5AZfQTIBCDYkEyxYBhd3Cx4Bkgl4Y5zJRLfk45I0FXNv3j8kkyAJT8nOh6Uz8jivLZIJQLAhmWDBMri4W/AIkEzAG+NMJjZKFLEC63aWconYYzJ7mK6ITdRBLO0aselQsmoYzbwkJfRqlg+wdFpqPnyMVkP5um7XI5JJczHmySAM+EZNWmNlUlKlx+1GSQ7RxZRbXb69W0+U2n3PoJJyR5bk9JpZELEucfw4e6ayYe4vxZTcqQir6+SMWXKuRiW0U2JRM9oarUhTIY3v3ricZQ8lKb3aMvhp7TGbq02NkNUZTdCD1iprhFS/edBmXtkymqUZKlRbtDXN2uW0B2EbAHyCZIIFy+DibsEjQDIBb4w9mTQVChFTcfGgvpSvaC2jq1PHLltnJVHea4yfTdd0kUyoxxdJp3P8qZVGu9Np5FjhqaLBkwnFGJZsJKm/VwsTKjvtvlLSibxh6MVTLBhQ26hvtTvdDsUXtumxeV2JS1MsG1CmkDN1Y7eSmDIjhHpWliKsYUh2qNhVReyRpIgoqGfkpGrOC5OkGXM3Lsnr2SuZ2CmI2a1Ezos5X206KFujlmkFqbhk1kBRKnphnMM8ALAPSCZYsAwu7hY8AiQT8MaYk0mM30Vg9035mEmYJwvRpeTJRKwZZjKx9uVjJuxtbI51Z1mXVJ6mf6I50W+ECVfPJlXz4ne21HCYX026lHoxLkWpkK6k2GpeX/awUzkj6TxjNNjgWFSEFqaZF3GiV2Kti6ezXRajVmOiTewQ1sgbY+ydTOwajP5K6KCseYp/uWTvic1e0wXYU1M0v+gicuxYDU8mtScvF4vuHtYIBnt+WAaX/9J95eV3Pvzw3r233v/w//7b1wZ3oIXKv/2b9wfL91p+8crdwUIsD1zcLXgESCbgjbEmky7/lSzPmA93a/wXdCidZpNh7p9MmgU2X0s6Fkmn2RQaO5mYTpg9Wphk9oBJW03KklRvsFl57FJuKTGRTOSs2NO8vqIlrKUpeaZl1hJGTiZtaSrS0HVqyPkTSCbwSHQqXO36eD7lAUzDkwnGTB7F8he/eOcffv/+E99785O/evejX/Ammbz67odipf2v7wxuxbLX4m7BI0AyAW+MM5mwWwEeLzat++DFrQfxQsvYbTwwmVA/ktQ6hl7hNyxYySTfNHgvV7LfjIfJ1Kkm7WvErmaixNa6dX4pWxRN6JG4pyh0It1cOi0dY1lFoOQpneF3Iu2yqy0KSwnJPZurbc3m2iuZNPOJktkdlIeNmeibtfoW26F/Npdqz+aig4rZXEgmAIcLksnkLP/60t0/+9SrzpLX3/tw/Sdv08p//8U7mW+98ac8mXz/+fff/1KS8TsAACp/SURBVODe829+sPz9t8Ru//gCKyF//vN33njvw3c/uPfNX79n10D//j9ffV1cCFEblgcuztY7IiQT8MY4k4kY3rBRjzDO7lKWIol85cwDkonRbZbOso3p1Rb1Gp3JhKmzHm1T3EsNE8hxAzy7vt2WmmaDYOlKy0wR3YZ8hmeVYSgP1B0XN+G6A15KZs074NNmyV7JxDDSJ2WxZ+3ckGSSnJZCp0Vk0s074Hmdep01Recd8EgmAIcLksnkLP/tL/+TAsZb73/4+NdfFyVDk8lzr39AK/Gvvv6Ht8zxkD++ba689wF7qT/6hdeefY3tI2oQKz9/GdO69rG4W/AIkEzAG+NMJgD3kQxLWaVmfq502vyMBCEXcYxgDHDO5gIAGArJZKIWyiTf+s17lE/+S/eVP90jmXz3t+ZsLjts/NK6mWQwhwyWYHmYxd2CR+BnMrl17Y67CAILyQQmWUvXG2pWvu9YBJIJADwQkskELh/7zpsURf7UkUw+9+/v2snkB8+7k8l9cshgCZaHWdwteAR+JZNqQUnllucr7JP+xyyVKbuLwH9IJgAAEHhIJpOz/H+/Y7e/UwL5w1sfxv6OTeh66e0Pf/nK3f/3a6+/9f6HdjJ574N76b9/459fvPvKO+7UMZhD7JJv/+b98g/f+r8+03cfC5a9FncLHoEvyWT9Sik1q9wxtAMmk1Y1lSksrJp/BU+YyxQurjsL9rSvZLI0V9h2l8FBIJkAAEDgIZlMzvL9598XL9c/vmCOiqz9+K2X3/nw7of37vzP3mwuWnfdAT+YQwZLKOp8eO+e+o/mU7Dcf+lvvyMZNZnMzhYoRfQt2UvXdDGN6+DJZLFwJZW51CvpNhaWVjxLJtrKlrsoQHYas8uP4K9yIJkAAEDgIZlgwTK4uFvwCEZMJo3+WLJ8c9vZ49Rmlaubt/b/OUet6sXaxuJswS7oXL2yolW9SiZaUQlyMjGMpfO9l25skEwAACDwkEywYBlc3C14BCMmE60/mbgiAd86t9pf+BBaPIQ8taJoPNXoVxcyBWO9LJIJpZTMQvnarZuLHyus8f7tVqVYVpTl1Q3tNnsoTuPiXKEpRm52tNTHStpTm7OzhYyiGd3d5YXC5u3b27fZ3uUF0Ylv0Upmtlhb21DOF0ri4z+7jdTCCu3WXCtnlDovOjQonIx55ATJBAAAAg/JBAuWwcXdgkcwYjLxazaXCCGp2Sv0b+l8IbPUsJPJ4G6UTMwswVEyoViytmM+XMpaAwit6nyGrVMIscdMnMnkprVfigIMr3bN2i2VKVqrh0V3u3ZldWt8n46GZAIAAIGHZIIFy+DibsEjGDWZGLxzLzLJzTt3rq1VlScu0frmdnf0ZMKGSti975dY8LCTyfa1leVShiciO5nYEcJgKYKdgP1woT84GXsnE6vMTCbb6nLZOv1UdsXaejhs18uZuT3/3pwfkEwAACDwkEywYBlc3C14BB4kk4tmp79vVGGkTw22kkmnVlq51TA/pMtMJrsUEsQkL+P66h7JpGwYemrOnFrWGzOxPGQyIRey/EubWx7f0IMXKJaUG9aY0bggmQAAQOAhmWDBMri4W/AIPEgmWlGxhyP6HPgvLVrJhH4CULUdsWqNmVDJ3FK9+VQ9df7S3snE2Fkvm7loR0vNKrW1jZXSlYXzy1TQvHLpwhWteftG5wHJZHO2eM0qPDS261fGH0sMJBMAADgCkEywYBlc3C14BB4kE+OplQxPJmtsBpcXesnEyNiBx0om66VldnPLrHLzTvM+yYSnmkvL19kp1ZaX6fQyHysuLPMb2bu6mAx28wHJhOUisWRyK9bWibdzw10yFkgmAAAQeEgmWLAMLu4WPAIvkgm5c3N5uepVMJkQ8xml96B+xb7nBIZCMgEAgMBDMsGCZXBxt+AReJRMgkiZK6w8dWP79u2b1zaHzFWDfkgmAAAQeEgmWLAMLu4WPAIkk71tX5sVd8BnlZXNbfdW6IdkAgAAgTeeZPJfjVcGO39YsEzmQs3V3YJHgGQC3vA8mewCAABMmB2uzem6fuPGDU3TVFW9cuWKu4c1gp+9eHew/4cFy2Qu1FzdLXgESCbgDc+TCQAAwKQZz5gJ+bNPvYqREyyTv1BDdbfd0SCZgDeQTAAAIPDGlkwAjiYkE/AGkgkAAAQekgmAr5BMwBtIJgAAEHhIJgC+QjIBbyCZAABA4CGZAPgKyQS8gWQCAACBh2QC4CskE/AGkgkAAAQekgmAr5BMwBtIJgAAEHhIJgC+QjIBbyCZAABA4CGZAPgKyQS8gWQCAACBh2QC4CskE/AGkgkAAAQekgmAr5BMwBtIJgAAEHhIJgC+QjIBbyCZAABA4CGZAPgKyQS8gWQCAACBh2QC4CskE/AGkgkAAAQekgmAr5BMwBsTm0xq6bAkSU3DUJP0f5QV7dYkKeTe70CaSkwKp9mad3XCSPRaiC5zTguFs/Wue+NemotR1V32YKFwuvZwDXlwT2qNzb6CgzjAadM3gbsIjgQtprAWZ7UZ8+GI5sMhUU9I/Bg8GpBMAHyFZALeGGcyoV+uku1E3r25X3tDyabZb81eMjHa6XSufy832jVpdfr44aL5ob/HW2pW0fjag+sE3+nF+IF63gfo4o+ol0xapZmwlFXquq5rlbwUnim1+nfd2wFOG8kkSKgVKRVT7XrHvXmYh28z0b6mokYXh/4EPIqQTAB8hWQC3hh7MonOb+jM9kP9Pjb6ksmDPWwygYnSzPd3px7Ww3fXvGInk1hIip0X4ZbRzsek6aT98P4OcNpIJkFygJG3h28zSCZ7QTIB8BWSCXhj/MmkFxWaeQoS4bAsBlFiJyP2gAptzJ9gK6ozmfD96f9ONR2esnbt7w5KeyQTa2/GGFan0cj1Dh9TWAnbKc4fP2yPE+6DLkc+GVYqFd0wijPx9GJF39IkKULXU9+Yp0tFcdVgV0pcwI40Fa5Ua/l03jm5K57OV7SWdjkZyTVEnXI40tD13GnZnOTSVOTTOV1vRKYkmdfk7KiJkTrzEM18OBym2lR6stinW5eOJ0u8JKm2e3sabWkq0tL15PGQPC2z46ylVf6tUF9MUPsIR1kL6ZQTDd5qwseidEotrURnwI5TiEmSrG3p+ZmIqNbsZV7Ph8/x6gfPZLdGZ8LquJyVYuycrWTSlkIxvmKiyqNn87VqRZnL0sPYlMTqWZyhL58dCSaSO5k08+lcOn5O0RuqFJmPPJ6ji6ickXkbN6OFlUyspGG1c7rWop3bhiaTbDyRU+qs/qmEwZuTKDd/uK2x7fQNeHpaEu8YRaVoOByvVCq9mg4/JBMAXyGZgDfGnkxM7PciTwWiszhDK4/Ns1/ERkPit5fcJ5mIWniVOq3U7AP0JxCub8yEVzW8TtdO9krzoe95gPtjyWTg3Vu6ynxbb8xEhIFWIabe95UXzYbqLLI4w0vkbN05ttBVk1NmazFLBpJJfMl8suj2KTHHnhILAGLP5oWodTKdUsJsnOyRXkyvsf+j0gzfqtIXSK2mLva1TobdPnPdLKEUY4jDXVdCJ3kAZo/dZ2LWz9F6h1elngtTWrPLhf7hRDV6wXqJu2r4PP9+gskjfhAJrqboGBxr8tY3PJk4djNEO7c5pswyrjET8UR3MrGpZso52BjmhBueTIozH/3IR9w9LADYPyQT8MbYk4k5m4vVJJIJ/1XIflOfFb8Tm9KDkon4jSvqpBVnf5ceJi7z2WK6rp3vjZnkEjHxrL3qNPRGKZcITZn7sBI7ooAXnNNRWmp+5iT7hAPzFR5IJu43lS35s7FwOMSeZiUTu07xREePqin69/dJJs7hNVU0wh7WPAZPRqxnZV5nNSkSi9m9a+bpoXNnK5n03tMWJ8OGeqal7IZVOuxMrG1mhea5PV6yy4W+nqWjHvZ91P9WOkwO1XGfCUskjgv3kMnE2aqdOdbgm6y6ybzYv3E5G4/2vuPcyYR++s3F+fcVT0pHKpnUnrxcLLp7WACwf0gm4I3xJxPXbK5eMjF/OT84mYg3BfnOQ8ZMnJ08cTheQ9yw3qocWievktdpBxIkE0/1UoRejCvWO8Ti7d6BZOIYpugpnpKsAZLemImyZZWIMRP7/eMhYyad+ycTVw/PcJyM3cbUs44xk249OldvN0qRSKR9q5KcZoXDksmwMRPDmI9YE64GzsQ5emOPmdB6u5TIW1UJ/WMmNYyZHAru4L3/ZNJr5/3rhjtU8P3rWTG4R2LDkokkp8WcSTZWyXc7QskEs7kAPIJkAt4YfzLp3QF/0GQiNs2vtTSFzfJ33krfq8Y6nDOZxKb2rJNt4Cs5PrjCNiGZeKqXTJr5RMm8aOZtFQPJxGjkEqXejRL6JosGoo/OdOt2MjFDTrcuZ9gsKjUpN3gfizrx/CYWsysmiu6fTBq5yEC/n+9SzyZVfuRdqp41zto5s85EJBSKJNprWYn+W2Q3xA8mE3pKxAwJbSnCPgjOfCmu58w5PANnQv/aX33E6kryR21pmt1PYuiN2hr7LLBEX6+0I0XmxRp9+fwuBZhEoycTu50brJWydm4bkkzU5Pym+Vj8THMnE3MmraHEj96YCZIJgEeQTMAbY08mFuojHjSZMK2aHJKkY2Gt/z7fXjXm4cQQTTvCdo60dyvUkxtaZ3stF6edpkJau2MeBcnEU71kYhjpk+zqySfTZhd/MJlQHFBmJLGPbiSn+WhJt8WeJknpSstOJp2WGppiu5lVU8tJsM8ymFGsptHWxCS99Kr5rL2SCanMxSPHaN9Qeol11eyTUdMssFIN1OPnfcq2FJt3tT1hMJkQvc6amXxyRjy0D5c7wW9kGnom/IjUaFu8A2pX1V6dmVlt187JUug0L+jEj7MXJXScZW86En2xoenYjPmh2DCJ+I8WE0sI+08mhtXO6Vq7muGQZEIJljeSSCIvhuNcyURbTLBmfyyiNxVxIkgmALBfSCbgjXEmkwnR1nXq6VLfld2LcoH1/9x7QKA50usoKBPlRVKKJfAnceAwcSWTIwLJBMBXSCbgjSOYTMyBmzMV613LvrkQEGjsc1alU/YHegEcOQ29JbO7sszvBffm4EIyAfAVkgl44wgmEwAAOGqQTAB8NXIy0RvKUlksunUj3XplVZSs3xr4WBwIKCQTAAAIPCQTAF+Nmky2KsVUpiCWsvWxm3OzZsl8hX3qCxwFSCYAABB4SCYAvvIsmfSHkO6wwv3SU+efdJfBpEIyAQCAwEMyAfCVF8lkVllcukI55GJ9m5d1MyyWKLOzIyUTragsPVFwl8KkQjIBAIDAQzIB8NWoyeTmSlFZ37HTCK1s18sipeysl+dXbrqf8JC6DSVb2FaXa+jBHhJIJgAAEHhIJgC+GjWZOIhwwhZr8OTgahcLqSfWDGM3deGqWbReLlWKSqW+xv88VHmhoKxu1FZXUgvVLX6bfWnhUu2pG9s3GnQCdj0wNkgmAAAQeEgmAL7yMJkYzSvmPSd33Fv2bSFTWLzKOq+ZzCWzaL2cmivbO6Qy5qenZ6w9bSsXCgcdqYGDQzIBAIDAQzIB8NXIyaRrdjHFJK7FpSvWtC6mc8APDb4hEo5YNFHJerncu2mFDYz0FkWjoptrT87OmSXWh4TB+CCZAABA4CGZAPhq1GTixx3w2pLCZ2wJN1IXNzqGK5ncTi1Ue7uQ66sLq+afY67mkUweASQTAAAIPCQTAF95kUzMsQtznMSwxk9SB/3U4MXZvhtFUpnlFd2VTAzn4RitvFg3B2gWZpFMHgEkEwAACDwkEwBfeZdMZntRYWd9lGSi9+5651afKLA/bNKfTIzu9vzHFHYIparxwZKLC+xh5nxpp1ZCMhk/JBMAAAg8JBMAX42aTAy9oSyVxaJbd5WsV1ZFyfqtA95oAocOkgkAAAQekgmAr0ZOJgCc58lkFwAAYMLscG1O1/UbN25omqaq6pUrV9w9LADYPyQT8IbnyQQAAGDSYMwEwFdIJuANJBMAAAg8JBMAXyGZgDeQTAAAIPCQTAB8hWQC3kAyAQCAwEMyAfAVkgl4A8kEAAACD8kEwFdIJuANJBMAAAg8JBMAXyGZgDeQTAAAIPCQTAB8hWQC3kAyAQCAwEMyAfAVkgl4A8kEAAACD8kEwFdIJuANJBMAAAg8JBMAXyGZgDeQTAAAIPCQTAB8hWQC3kAyAQCAwEMyAfAVkgl4A8kEAAACD8kEwFdIJuANJBMAAAg8JBMAXyGZgDeQTAAAIPCQTAB8hWQC3jjEyWS3Jkkh+j9/QiKqe/P90P7Rxaaz5D6VRGlDcugWGK9OIzRFFyPUtgrUpNR3FfeJrqu7yKG5GPX2qh/kbJt5ND24D710ura7z3YysDM19eHfCwN7HmpIJgC+QjIBbxziZGK00+mccd9QsRckk8MoK0uukoP09R2G98YseyWTWEjKVzSdacTDkmbnpAc5yNkGq2sIftlXOxnYGcnE3cMCgP1DMgFvjDOZUO8/fL7R3shTVz+xqIkSYui1kGR2OrOnIlQSnzN/HypnY/RQjsZbXbGVxYTwyUTucoN+a7Ln9oWKTprvIEmhfF0XNZi6eiwcYhvCMZ0nk+RqS2YFUnq11V+JUVdm2IOpkLLBep29ZKI3Yo/JbNOxcKvjqBweAvV+mno9NCWFjsfNom5LXJQ8f51lSbZ3jvArq4kLEYrQ1a/nE2ydnMjbu1FfX9tQqCxyimVU0m6U2GUNyaLBsIN2W3ykJWFY7SeWVsVW0Rtrb8zHpkTza8em2fmI5seSiV7L8QaZq/Lm1K1np93pKM3zUpLqqnbY00Nyw2ob4vwjp7Iqa2K9ZNIqJZJq235BevWzbSp7iaZjZt6xuobzManJz9nU1sS3RvRMiT1pNRs/zr5s0WJhwlFraVyeiR6jnyQRnV/WqBTNNw0qSZRZ66ELyi7uWYXv3hYNiX52dXrXWoqnK4adn+0I0f891eNsMLTzKrXsOKskVxOV2MlEVG4e+oHVHipIJgC+QjIBb4w5mUjT4TDvikmOUJGcNh92qmlzmyT6cA37YYMe7Vbsh9KZytBk0tvB0c0lykmeQrgOTybyNM8Y1p6OSpr2nmJTL5k0cr0tMdFpgIdFvZ9wOKxt6bnTcl700Lv1nFLXG6o0lajsGrlIr9MvyWn271SkpdP2nJxUO9s6RRM2ULHdC4XU15fDp2mf5HGJzWmh8Lg0U9Fa2uVkJMeaDB00nwwrFcKScDyd1/VWZEoSW0VvjGJJ+By7vvWsnLysUW2np6U2f64cDp/OqewMpSirXImLXFRJs04eCyGsUUQ6vK9JOytrDTq0bPbmOnT+DV3PnpSlqZg4W/q622pS5rMQ7RfErt9oKnQydP7q4oxZiegadptSuO8tbfYtE47XqrV0vm6wL0Q+navwevqaPUwmai3UsNiFpm+GcywbUDLJLiazSkW7RW2YMoPc4K2a4mizEBPfCKVF9k0hs2ut6ltaYp5HEncy6X1POQ7Y32CaeZl+Dj+eo5Yn8x+hdjKhQ1Pl9qGHVlsZ6ZfAo4RkAuArJBPwxriTiZQo8TpoLVs388DMKn8f7nqOfj1GL7BO6/xjkkyb9SJtTV9mfUqmzt5HzKnWjJghycTG0oVz5gw9VG71PbQmaNXEnnYl6ll2RvZuRX3YbC7qY1qDPPCQqPdTNAcGmq7Xkw04UMFuKVHiqaOepeDQKsRYl41L8Fc7OfCa03VgHXOmI52yqucoQjRFMhmYQcX6YTxg0GFjod5YhDRl9f53S7FCy3HCrHkY7ATC85vs9My2tDrD6m7mVZFMsua5iJjBuoxWzbROzZ6N8KhJSkHibedh9Zvtn62LYRz29nZTCrFg49CSzjpeQDWZu95bZ2cIk83ZkuN8nf3os+aXsrc9tsRqQzpXo+hLycSO4yyFLlqtfjCZWPq/WfobTDMfX7K+FfnT7WRCh7Z2YoceWq2r5BBBMgHwFZIJeGPsycT8vSbW+kIF7+6HpsPhx/gyx/ql+maJ7WHFjJZqjlqwNxoHkgl7c1GS4mfT6TSb/ODokQ4JKlY/wNxkV8JWpkLmOTwWLm71kgkf2wlR7enTbIaPoz54MLMLxVfF65mPSbmK1u70ujuyFDG6dTE/ivXj+c0cguHubDHOOzdEFJElqd5gO9vJxO5HtdVk5Jyib3ccyUSqnY+YQYEeRuftw1FLdz5XJIcYn3KjL8VFx7CekZt8zMQQoaLXs2TJpO+uEjVJT6SSRKkhxfIiCw3Wz7qHVpEoYY08Nh9xj4SozruknPUMdiVhAjlbslh3Xnr29k2vIZqRRF2ckabC5h4dPR4JRedYM+xLJt2m83vK3Jk/u++2OkcjGUgmCfvI7NDWnoPfqocRkgmAr5BMwBtjTyZx8T6x5BgzMX/Tbc6HB25MJ50tNonLfudbr7NAwn6PDiQTtsJnAQ1EETbLq+SYIC3tnUxKCan33jlnJxP6P67ws8eYyf4NJhP7xpKY1d1hE7rYa8tuRHGOOQhDk4k1rqLzMROdrpB4PJhMiqck8UZx7Zx5swprRd2GnDSziT1WJgwmB3PM5FYxUWy01uZjxyNKsx2bGp5MWoXY4JgJ7ZGYkmJ8zyH1Tw0bM1GNhiM+cc2+t8CrGDM5ZIaOmTiSSbR3QR3UpOyYSUU/01jD60sm9azze8re1d1g7pdMWNPtsfYc/FY9jJBMAHyFZALeGHcymeKxgjNLnBOxrovUwfB+Ze8h66/xPCAMHTNhv5et7VL/IEk2bG3hT5H2TiaG0e7tanUaxG/juH3yMTY406sdHsJgMqE+utrQK7nTst3d2S1RCxE3ARvsMoUqa42WVkufYpPm7f4cRQsxHYVaRORY1HmfCV16/jA0mEwauUhC0RprCrvFyE4mtM+FqLgPRMtFommFjli5nFeaQ5IDu88kMm+V9RlMJmxlKtzQ2X01zvtM2ODNWZmSxmD9bFhnWipprbpi3axidQ2j4mvfUiQ5a4jhu/DpxpaWzbA74GUpFE2X9EYd95kcCtRa2AXru8+k1+PXywn6jihVtUpFSVeNWiY6s8gGUdi9H/RTaE6paa2WVpGmeet1JpPdivN7qnc8V4PZO5nQocOP5+xD23sO+VY9hJBMAHyFZALeGHcyOZGrV9mMLOdnczl/04kPkAlNR5t0qN16+BgPAmnW/TKaFfFpWolcjX220kAyMbpN8blG6dVWpD+ZGJ2WqEp8MJR0v2RitCpZcb98+OSM4Ugm7TV25pFEXmuzQRirangog8lEfEobvZ5KzO7udCQ5XbeGGuhC8OsgxdNFw5FMmoWYuKeD+vrtDSXEKxGbVH5verrSGkwmRpd9Ghs1j0416Uwm1GxyJ8TdJh3xwUTU/BrDZnMZ3cZ8RBKf6+UyNJm0KuwTHQY/m4sSiHxWHVK/wcYEh342F8Un9j76bi10mn8v6HXxnRLL8EmP9XwCn811eFBr0ZQZ9kluvc/m6uvx0+VlDfFYWL1lNMsz4nOxYmfZpY9H+U/BkFzjI4B9yaT/e6pXndHfYPZOJmTmJK+fH3potUgmADAUkgl4Y9zJ5BD/XgPfddQk/9Csida4nBMf9RsKR2s8cgDsy+C8RBgDJBMAXyGZgDeQTGBCUOOIptE6IPiQTB4JJBMAXyGZgDfGmUwAAAAeCSQTAF8hmYA36KczkgkAAAQbkgmAr5BMwHtIJgAAEEhIJgC+QjIB7yGZAABAICGZAPjKs2SSyRRSA4t7JzgakEwAACCQkEwAfOVRMmk+STlkcams2MsTl1IZ9qcDDqq73axnZlm8WViqauJPLj+c8kKheu3m2vXdVEZZ8ueTQ1Oz/E8BwB6QTAAAIJCQTAB85VEyWS+7RkiulS6lFqprpVXtQF3QtSWFKrxYulqrVjOzpeqOe4f7mLXOJDV7qdT3R/I8k5q94i4CByQTAAAIJCQTAF95kEy2nyyxuVuzl3oDJkssqCxfp5CwvLKf4Q6TfjWVr+8njPQZbaxmTxl/qg0kJBMAAAgkJBMAX3mQTNjwCCWTwoazkEo0+nehuuUsfThblSKlmkFry8tU7WxupXbzjihJLVxdUZbZpK/spe2uYew2ynm2jxjAoYhS5n9ZeXuz6rj7pWwYWkrRrFq1+Yr488va0lPG4nkl9cQaPbhzU5ubY/tXb7BjrS8VxdPZNlZzWTyZjj6bpVSmbLLDMxczBb2+SntmHOd51CCZAABAICGZAPjKg2Qy9N53lg1a1aEB44HKC4XBPKOvLi9fF71/ffWJgsZXRQLhdlLzq2LNHjOxkslu6vyTvKC5PC/2H55MUhnFKuyhr07s6xyKEclEW1LsaWZLcwUxOETJZE0UNlbteWVHDZIJAAAEEpIJgK9GTibdxmAmYUu+TvnBvfPDoSeuu8uMpayjtlZ1Qb1tOMYunOsDyeR2aqHKCx6QTKwVbvva/Dy714WWi/xsBpPJgjN4rJeXnmL/X+wVao71owXJBAAAAgnJBMBXoyaTnRq/yWRgoeRw4aD98mulIXeuj5BM2LjHzZ07WqmYmhWbHpRMrj05N1tY2Whu3749j2Syf0gmAAAQSEgmAL4aNZlcHMgkYtkxuql83b33w9pJZZQLqzecRbq6vPTU4Gyuh0omypxrmlYrdeGqmHy1VS4OJpPyQsEaZuneZ8xEKyqr1v39ztlc1l5IJkMWJBMAADi8kEwAfDVqMlGyhaF3eW+vXVlloxoH1d1uVlfNv2dyeXObl22uso/8ms2tVG+Yt3c8ZDIpLViRaVbReaTZrJTmzDvXW4PJhI6+XmJ30s8vbSzPm8lEr69QyeotUbN5rNrysqhn/VbvDnixgmQydEEyAQCAwwvJBMBXoyaTHY3114cuHfe+j0i3lVko19Y2aFlZXs4U/fnji+CAZAIAAIGEZALgq1GTyeRbXypcsx90WyPMMYOHhWQCAACBhGQC4KvgJxP6MXIxxz5lK/Ox4sLSVfdG8AGSCQAABBKSCYCvjkIygXFDMgEAgEBCMgHwFZIJeA/JBAAAAgnJBMBXSCbgPSQTAAAIJCQTAF8hmYD3kEwAACCQkEwAfIVkAt5DMgEAgEBCMgHw1TPPPCNiCa38ifv7D+BAkEwAACCQkEwAfPX5z39BJBNa+RP39x/AgSCZAABAICGZAPjK2Wn8E/f3H8CBIJkAAEAgIZkA+ArJBLyHZAIAAIGEZALgKyQT8B6SCQAABBKSCYCvkEzAe0gmAAAQSEgmAL5CMgHvIZkAAEAgIZkA+ArJBLwXnGSiJiVJchc+hCg9Lam6SwH2VpqLU6uRjoVjZ/NmkV6aWe307QQAjxqSCYCvkEzAe0gmSCawL1ouFj2b10mjrszFYznNvQcATAYkEwBfIZmA9/xOJvkTUnxJ16s56v/HzpbaG3n2ZvNUSGuzrepiOh4NU0E0wd97buYpJ5R2jdh0KFntVcIiR0tNn5QlKaS2RFmnVcmG6HE4xmtyJJPr+dgUHSzPSuSsmo7JISk0HTOftlXJnmJhJJYuiRI7mSSn2ampZnXggeZitNVthqakaFo1unQJo/YVbDdK1oUwY6F0Is93eFyKK7pZQUeK5Ni+l/m1ti4iXVijXaeSxCJrR/lExG5RFjVZpRaSFq1OFNERZVaL3OryxhLN8eK6JKfrXbZGbZX+rS3OxMK0n5TfYDWyNmGK8t2zJVcLWUtXdlnTteNt9lSE9g6dmOGP2JlQe3aeycxJdiJC03wS11LptbIk6dVrmi9agjZqygyrZ8p8AdmXcMIcsYmamZwdK3pMko5F4rmaValJORtjX8MZcQ5tZ1VEOlfL0WmHIvSSGm2NTi8iviUBDjMkEwBfIZmA98aQTIh8pqRrLJxIsXm9UUqwDBCnrc1yXllrsA6oxAKMSCZs/Wy6ZnVODdE7jCQrDb2YoHDCOmGs6ydJ9S1dOUMlMttJJJO2yjZMJ+0S9jRdZ087Sz3HBts6FdP1FntaUu3wXl34fCMfY+X5672Dwuiob53gHXldiccWzU64LLr4FrpKYgNdGdHnT8uUR6hVGJ1SQrnl2LWrRnkl9JT5TVZQz8jSFL/67OkzvT0N1c4bdA6uETHWod9SYrwhNXKR3CnWAFh5/4lZ3X1GX4rnqG3oxThvtxR9W+1O6YyZadnTrWRSOSM1+XFpb+lMRZyJeCzOhP6ti8dGU85aq5z4piDqWUnne8pnraTcyIlXkuROSJ09kokUmRcl9Ny8I/TQl9kLVPTA+tKoKn6SdOiIKKGXlH9bsEumml8IwGGFZALgKyQT8N5YkonZSaI10aFsnA8P9gJZp1MkE3nGucngTzTfkK5nWfww38kOs5JbiigROaQvYDjmd2Vl3o27ztKR6IYqcdozWTMPrfFDYLjEY9Q/LoqEqSZZz55z9vgNvo+VTMwmwZrHY6yHXTzFuuAOTTuZiB49PdcOJP0tSu11+tWks49uiGRiNOYfY6dB7ZNVwg8n/rUlHecZn7LamNgzrrBHZ6XoBVY1a51WMkmKPTlqYINnQodj7Y8ZTCZsbMRwJBP7zFmqsXICrZd2hyeTXoUUopbscN+iHGat971ofJ0dVJKzdol5oIHXDeDQGZ5MijMf/chH3D0sANg/JBPw3liSiRkraE2s8P4Q9SObPGBIM+m07EwmA3d9sMghOklNNhlMlFi9K1USU2J4DuGiZifYkUzYaZzg87voaav2RtbzE6M0vBzJxGNilIBxdHNFN5queOScom93HMmEj3QxOuXGDusus9EGNSlLU5GGzvrqdjIxmwNrSOazXMlE7MlX2aHbrBap3mCddbNDryYpNfEeeZ2Cq7FbYu2u25SmT+cqWrvTSyb6Ulxk3VYhxp+riwBArZYfpcGeaCUTOiF2C4qpPXgmJHKMtbfQcZ5DbmkVjs6s02Axm6QrbJZV79VzfMniAdUzNJn0jtW/7kxZzifyB+x1s0uGXjIYWUdc5dp1fEzCWA1PJhgzAfAIkgl471EmEx4z5HM1o6OzlLCfZCLihDWbi/e6rBzCHot5QYPJRGQhazaXdKYiZnOxI17nN8DEMLfeS0O7ubwb3ZQSJdFHo/79QDKhDkU9uZjjU7rY/ua+a+kHJ5NOS2dv+bvzAGsACX6LRbdu9cKb4blses3cJzsXFlWLYT2Dtzr6l836slsFmwPGJlzV5qLSVKjVaRYfD4dO8Mlajtlc/WNv7jOh/06bA0lueT5Ny+ZMJlS/PZtrPsJ2q52TpMfMgQ6rnTtmjl0Q4y0dnsX6Z3Px7zKxSlWZs7mQTCCIkEwAfIVkAt57lMmE+oiWWGR/yaS5yG7nFWSxv5VDaudY6GBTWYYkE3aHgE30IO0jikKxP3hiaDdXdIvpuiUUrbGmyNPykGRCD6ckMeuJ3RUxndD1RiQkPzCZUH+dz2Jy5wF+b4Xc0vXk8ZDdC5dk2Zy5tFuRZX7pdytSLKs29ErutGyeZ2R+zR4AYYM5ZrUu9h3wtypS+LS21ahXKtFMbfBMxF1VArvd3KFV5B9GLJm36fclE/aChE/n1JZWoWjNHrORHknbYqdq3Tei0otZ0loqP3kWcqpJ6VSRbWmrdFaNLS2bYfGMvn3sqsRwEJIJBBKSCYCvkEzAe34nE4CDsW8HnzThKUmpapRU6pfz6VMz7s0PEhH3R3HFU46cs1uxhpGY3oSrfXDO4AIAJBMAfyGZgPeQTGDCdPQtTZkJB/Vz0pLTbBYiaWkl80PkTE3peFKMzuQeP9iXj2QC0AfJBMBXSCbgPSQTmDAtNpspYn5KVQC1VPHXTELhqLgJxCb+5IjE/vLJAQZMDCQTABckEwBfIZmA95BMAAAgkJBMAHyFZALeQzIBAIBAQjIB8BWSCXgPyQQAAAIJyQTAV0gm4D0kEwAACCQkEwBfIZmA95BMAAAgkJBMAHw1ajLpaCupTKF/KW9vtdz7wVGCZAIAAIGEZALgq1GTyValOJhMqHB2qe/vEMORgmQCAACBhGQC4Cu/kgmt7Lj3haMCyQQAAAIJyQTAVz4mk4OHk1Z1VrlaW9uoVasHrwQeHSQTAAAIJCQTAF/5kUwKylJZLKWN2+4nPIxWdb5i3amyVZ1fudm3dTSZTNFdBF5DMgEAgEBCMgHwlS/JxF56AWNfnMmk1UsmK8oy1blYubbdZQ/LC4Vt7Ul2oFll7RYvYroLCwpLR2tWnlkva8aduWxhQW2uL5lnu+aocHZh+Y71ZPAEkgkAAAQSkgmAryY7mdzZmZ81Z3NpRWWNr+mrFCcuGTyZrOjmMxZmC3zb1YUMX6FVdXnpKR5X1supubK5n2Gk7DGTVvXiul0MXkIyAQCAQEIyAfDVhCYTu4aF5Q1RtpQ1IwfLLTx+sDET6xnVfEEzjG11uRc8ulqm2GAr6+XFq71+sGOHRup8L7GAh5BMAAAgkJBMAHw1ocnEfOJOPVMwk8lCprB9+7a9GDyZ2M/YKhfX+LhKKmOHjVbqiTUWXdbLZcdZ9JIJ011ZXk7N4s4TjyGZAABAICGZAPhqspOJYSyfL1zjc7IodZS37JtJGEomduQQoyiGvmZO6+KzuRTNnM21dzJhRKoBDyGZAABAICGZAPjK2Wn8P/IOnE775v0DAAAAAElFTkSuQmCC" alt="Screenshot" width="100%" ></p>
<p><img src="data:image/png;base64,iVBORw0KGgoAAAANSUhEUgAABDMAAAIGCAIAAADGMlPIAACAAElEQVR4Xuy9eXQb153v2f/PezPz3sx7896caXe65810Tr+809N2O4md1aQli5KsXdFiS6IWECBFgpQIgItAkAABbuAGEiQAAiDhJbFjx0vcSezYjt227Li9JHG8yYtiW7I2azW1WBK1za/qAhcXVSTFpQoCit/P+R6p6tatWwWgCN4Pbl3wrxIAaEEwFFUWAQAAAEZhJEU8Ho9Go+FwOBQKXQMAzBr6+XpVhjqTf6X8yQNgRsBMAAAAGBimJcPDw7FYLBKJDAwM9Pf3K3tYAIDpQ07ylszu3a/8lfInD4AZATMBAABgVMQBk6GhoVAo1NfX193drexhAQCmD9MSxl8pf/gAmBEwEwAAAEZFYSYDAwO9vb2dnZ3KHhYAYPrATID2wEwAAAAYFaYl7FaucDjc399PWtLW1qbsYc0BrgIwI5RXkgDMBGgPzAQAAIBRUZhJX1+f3+9vaWlR9rCMiLKDCYAWiNcYzARoD8wEAACAURHNJBQKBQKB9vZ2r9cr9q6MB3Ufr1y5cvny5UsyYwDMGrqQLsvQpcX9BGYCtAdmAgAAwKjwSSbRaJTMpLe3t7W11ePxZPbkDQXTEupHXrhw4dy5c2fPnj0DwKyhC+n8+fN0UdGlxeUEZgK0B2YCAADAqIxrJm63W9mdNxBstGRsbIy0ZHR09NSpUydPnjwBwCygS4gupNOnT9NFRZcWXWAwE6AXMBMAAABGRTSTwcHBnp6elpYWA5sJ9Re5lty0uwxBNA+TEzbnBGYCtAdmkqfERxLB6Ei/FgnHlY0DAIAxmINmcunSpYsXL46Ojqr7lAgy+9ClRRcYu6ELZgK0B2aSj5CWqAVjNgnFpDYBAMBgjGsmTU1Nyh69UeBmcurUKXWfEkFmH7q0NDMTqTczNNIZGu4clBPiGVEmLKUrPDI0rGwEGAyYSX4xrLWTiBmMwU4AAMaBacnw8PCcMpOxsbELFy6cPHlS3adEkNmHLi26wNhUk1mZSTSe+KeygZsp2+WUD95ckYo1dHOllFuswaWuoeWuoVt2DN68M3zzzsjN1ZHGftiJkYGZ5BGaD5WMG+VRAQAgP5nLZnLixAl1nxJBZh+6tLQxkzLf0ORm8s/W4KJdoVA8ER0emVczwM3kZltE2ZZGrLvn3ruXLKMoN2gKO4TeR8lfYCZ5hFYTSybPMNwEAGAIYCYIonk0M5N/Kg1OYia3Wvub+ocjqYmwofiIaCY6TZC9o3DeP91yK0W5QVPYIfQ+Sv4yezNx1LrEuAOsuE9RrpfgJhJFFp+yaBasWbhBWZQb0I+n2iJ0ivLYAACQh8BMEETzZMlMVrjC1O8ZSXVIIplmotNsE5hJLjB7MzGZ7ZbymmTK7LZ2Vuw3WRypcofZYu/P3EtDsm4mwaKFK1dX9yiLZWiT+nzqNqxUlCT6a6WaLEvWVrs6lRUyyc59XDyYDQ8AMAAwEwTRPNkwkxWuUEToiQyPJKq64qKZRGEmxkULM6lLr7S70mbi8KdKgy6rocxkTbl1w8KfKIvpZ8dt3m4ex0yK1hdXKUSmv9YhPiPDPUWLtzhDQkkmannQO5ATAEC+AzNBkEnyX3637a9fLuWr//m5Leo66uhuJgscAwNC13RkJFHXExdnwMNMjA3MRMGUzMQRTLRb61QisXrhFq9FaSbh+i2eWKJosVksVJpJIuHaurJofW1GkYDaHGaTb9ZF1YWKBHFPFwAgz4GZIMgk+Q+/2UBhckJaQsv0r+gq40Z3M1njjorTSOLDiQU1/bKWwEzmBLljJn0OSQmGg77ly39StHDlhsomRYVwT9PyJSuLFv7EVN8hlmeYQKB2fR2b6eKjrn+va8fixdIdU8vvLUvXkXFVbmE3U6037xLLM80kWrSiXFhlyGaS6FHf0FW0tUllJkHHOulWri2LM2/oUpmJtOO68c1kklu5fE3hb1rlVIV3hZRbJ8pUzKQfZgIAyHNgJggySZiN/KdnN5ON0ELDOw9yLen47Jfq+iz6m4kn1juUMcPkBzthJnMILcykxtfakcyu+rSZVLlT5S228imZyeK7i6t7U1fbSM/S8rSBFC0urupMnepwT9Hy8tZYahM3gahveRm3At/iu38SFnrXRQu38OX1i1cKD3u4aOFavsLNpM9RXHR3MS8XYGaS2LIwQzbC9Vs6RmTBEMyko/wnRatt0lK7tbqXF49jJqQurFk1odhkZuJLLZOfqCuMG5gJAGAuADNBkMnD5ITl9jecWz8IUyH9+703G9SVWfQyk+9V9M7b0XNbReC7lX07OkeC0bSchGIjP6hmcjKhmdy7YSPr7re0tvKuP8VkttBbAK9257y7xK2UokWL+Va1mdz8z99mJd//4Y8CgcB3bvseW128ZOktt36HN1J453y+C7FjZ7XiKMWb031QXshW6U1KrDnCH/ZcZfZmohVkJs5wRglJAuu+0yZv5gvVu/OeolVyj5+byUhg8b3imINvqTVjaMVrTolEf63y/q8eG58Hwswk6iuz+CZ6ZpJmoriha7VsPgozIR3idYoWC+M2opnEIqa1P3Emv9NsHCb5smBuJr390Zt3pXwjGPUMxD2+yL09yWr/aA37gnFbW7RXXpXMZCj2j3XRLlWDYpTnAQAAeQXMBEEmj2gmf/1y6Y6P7nPufZj+Vdfk0cVMbt3et8Mf9/TFK9uHvm0d+Il7yDeQiA2n5cTcOjRFM/n2d29XWMGixUtYnRKzRbGJpbzCyioozKSmto7XIS2hEm4m6qNUWCvZXiQtik0sbW3Jj+55CVtdsXI1L1m+QvWNSXOPnDKTDJMQzISkQnkNtpQXLSxmi7IJRL2WtX0ZfWnfhl0Z31RMzpBaKnOlxltStK6vS45XMDNZvzg9iqIiZSaZN3QVbfMklGbSU7S1iZ/5anGMRfxuroUrtzsmmyqjdgae9N1clWGVZsR+4I7JC/FvcWmRQ2Ziqwu3DylbU0R5HgAAkFfATBBk8jAn+Y9Pb2STTL73ZkPzp49NMmByk05mUtoWj6W6Sy3B+LcrB1bLctIfTbDOiOJbgycxE7l/v2qbqUS0Aqrg9frEEkXaO6QuqGgmfLSEQm8c7CjcTCi3fe8Hm7dsFRtRnIY6bPRGXBW1ZMnS5fzhzGVyykz6Mku4mbCpGhn0165JdfSLLJ6i5duK169UmIliYISbifpA9DRwnaCDWpavXCrc36WCm0l69ki4fgu7V0s0E+lWLkE/KOkbusQxk2jT6p3KKSsiUxkzodyVupurty968w5JV25rks2kb2hJW8Ze39wZ/mZVRN2aIsrzAACAvAJmgiCTRD0D3vZeourDhHPvw+rKPLqYidU/EhI+M24ZiH+7SpKTqs6R3kgiHE/U9AxP0UyqbXZeyDv9ff39oiGoK9xy63dotSBlJmI6O7t4fW4m5C2spLu7W2yWL3/7u7fzvYoWLmaF5CFiHTGxmPIz8znL7M1Ew3kmE5nJdcZM1iVv68rUiQnN5HpjJvLXAY8EitbXZqoOJ20miQ559kiPbXlqEotoJuLMFplo0TJrB2szc55J1eqVmTeyZTDFeSY/ls3E5yYnka1jKJo0k2hMPWbS3zuUGlGZMMrzAACAvAJmgiCTRPGtwT9+tWHtO720QP8u+INPXZ9FFzO5xx3rCkt/t4QRH0msagh9vzq4omloV2DEN5BY2RiZopkEAunOJO/39/X18eUf3VHIK9z+/R/y8oQwZsLz3du/zysnBDOZv6CIF4ot8OVtphJegQ/XfP+HPxLr8IhzXYAWZqLZd3NNZCbhXdIX74qMM89E0oS1rvSjmdhMwq4t7sxHrZpnQmxYvHKCoQzBTBI9y3f2SGMj8q1ciQwz6eGFnKULVyYPnWkmwy3lJu+EL8TQxH/9ncxkVzDeHoz7uoaSwyD+yLes4d6h4a2O1JhJap5JrSfaKK/KM+CHv2kNb+0dVrfJozwPAADIK2AmCDL1iEMlkwyb6GImt5T1bfMN90QS/I+7k5wsqR+8uXLw1sq+Wyuv/91c99ybNJPBwfQUYN71Dwhmsuju5LQTggSDlyfGMxNx6IPg00vERsQW+HLVjp28AskSK2QjM4pDUBYsXMQrg7wwk4Q0ffwea/v1vptL1onU4sRmMrXv5krIqjOeL4hmIt3QVbTaxu/S4mZCuiJ+FxcjXL8lOZCi+m4uOvM1tglnwau1Qe/g75kAAPIdmMnUc9sbzpbPnjg6NnrxyqWxq5fOXxmj5eZPf/F3uyvUlZG5HF3MhPLjHSFvMCH+jcUqf/T2qr6bq8I372Baoo2Z3Pqd23gF8fu1EoKZiPNJWlvbeP2pm8nS5St4BWtlFSu8c95dYh0xQ0NDvP4cJ1/MpKu6ePHCn9S1dIZ7O9bcvdI1kK4mmon0nVot7BFNZibRTtvi1Vu6gpFwOGBa+xNT0yDflPH3TOR7utKrSTLMhAxkQ316d24myj9gwoh5kuUqM5FGgRYr7v5KozYHvSP+mSMAAMhHYCZTzLd+X/3emf0Xr4wpWrtwZWz7nvjf7N6u3gWZs9HLTG7ZHmwZGBkSOh/u/vid1b1amcmm4s189bbv/aChwSV+v1Zp2faEMM+Elm/73vf5Vi4n1zWT7//wx3x13vwFdfX1y1es4iWdXdKUFbG++P3Cd86XvAXkjpmASZhkqokeEeehAQBAngIzmUr+/tWqS1evKBsSePLLNyAnCI8+ZlIWdAXiw8Kf8ojEE3fvGry5ckArM0kIXqHI7d//Iauv+Nbgnt5eXsfrkz51vq6ZiKuKLF2WHEVR1LfZHbwEcpLQwkzS09/l9CSviLCiHB/Bz5LIxLNNNI/y2AAAkIfATK6bv9tdcV41VKKmfM/w3+0uV++OzMHoYiZ3VA8MxNKdDzIUT//wLZKWhDQ0k0AgoLAFloGB5I046r+0+L0f/IiV/PO3v+tpbp6KmTidDbd97weKQ9xy63f4H3xU1E9kfkNxODzJVyLNCWZvJiBrqBVCjwwKbw4AAJC/wEyum9vecF69dlXZSooPzx5k2/58+nOqqd59ZnnuxDt0UHV5ruXjc4fVhdfNkYtfqQv1yD+8umPcZzKw7zdVHybWvhPQ6Ux0MRNb9wj/eybDpCXB4VusAzdXhqZuJtPC6/NtL69oaWlVbtCUJre7wlpZv8up3AAmBWaSR8RHsiEnyqMCAEB+AjOZPH//atVrX32sbELm8tUrz5545292b//k3GFape4v1VS3MHleOfWhupDy2fmj6sIZZO+5I2zhc40aVGRcM9lz9qC6UIxOPqDOy6c+GPeZzEszMbUO90ZGyEniwwl33/AtFYOSlkxsJvwrvIDxgJnkF8N6yglGSwAARgJmMnlKPohMdCuX/eMH/3Z3ecFbHj6ecv7ymLqFycPM5OEjrz597E/UwhNfvvEPr+747OsvaZk6/YVvNVPfmpbpX1afCkcvfU0d6/3nj7PRgLdG/3J87DRp0lujn1KFgf2/pWUq7/78V/GDL7ATo6MwhaAGL8gPhzVIxyWt+vry2NnLF+i4/Kx4f50qUPedDvfLo29RHarJqn369RE6Cv3LmqVzoE2Xrl6m9tnJE9T1b/70MToTqrntgzBV+/Ppz2mVGhd9gJ0S7Vv7yU/pWPwJoWVaYC0cHRsVa7IdT42dHbtyadnbfjolet7oiMfkauzc6Hwa9v78sjw7iE6SmmUN0lnRwxHNxPrh8MNHfs/aPH3pPD+x2UQzM/n29gFuJj+yhRr6pD+q2B1JrNwVutkqawnMZE4CM8k79JtwojwSAADkMzCTyRPc/8zFK5eUTVy7Nnb18t+/WvU3u8uoy84Lqaa6hcnDO+LvndlPPe8zly9QX/ym1FgE+QN5yHderyf3YEpAHW7qVVNN6lKzTdQ7/+nh3b37fv217EXUHaetrAKtUoPsQLxBMhbeIB33ytWrZF8kOey4LGoz2XvuCPXgf3Hk3+479BLJwOGLp8r3DD9y5DXWLBXS1pbPnmBdfD6QcmLsDJ0Jtf+Xr4/Q4eiE6V9yJ9FMaF/a0fxB9MdvudVmQvpBmzo++yU7+f79T7v/8igt9+z7NT1q596HXx/dS7uzlunFok3kWj95p8f1l0dukp9edjKTmAkV0umxk9FqCEUzM6HejPjdXLdWDt6+I/TP1sGbKwYnN5OqLkxdNjIwkzwlPpIIqtRiZsEXBAMADAnMZPKMHHxx7GrSTM5dvkC94T+f/pyW6z956Bu7ty/8Yyv17HnLVFPdwuRRdMSpZ0zLN6U69+QV1Ie+SfYNtsC7zrwmL2G79O17+rw8sMA+/leYCV9lDVILbHc6OmuNN84WuJlQP55vokK+yprdfWoPuQGpEXs43EzSz8yVS8wHFO3fJI+E0NbwF8/eJJ+G4gnhTdG+/OSZUbCWz8ijPWRWR8dGqSnWOD0DtZ/89KYpm8mBC9KV0P7ZL0ly+InNJpqZSUK+D6QrNNw5mEqIZ0SZcDKznGECch+YCQAAAEMCM5k84t1cb4zu/dFbTX+zezvrPTv3PszujOLM5m6ucc3k1NhZNgrxwOHd1R/dzyqwHScyE77K+vEKM6EG2SprcCIzOXzxFFtgHXouFeQAH5071PX5r9rlQQxapWapi8/23fJ+SGEmx8dO8zatHw7TQdmyaCYs5g+iZH2r/9zFWuAiwWvS7iQ/vP678hCTohFxLs3wwRdpF24mL5/6gDXIHovCTOilHD74gvqsZhwtzQQANTATAAAAhgRmMnm++8auL8dG2Y6Xr15hc9z/n1cqv7F7+4ELJxTf2fWlPM9hWpncTNjdXCQA/G6u65oJmwrS/fmv2JgJ2/3Hb7l5g7SJNziRmbx9+nPHxw/27Xuadmdm8tnXX5bvGf7l0bfY3Vx7zx0hZyOXoGapwp9Pf06FZG7s4Xx5cXTbB2Fqn0SI9OA7r9c/dOQVWqVjsXNTO0D//qcH5WGTY2OjVJ8dl1bPXr6w8b2Bjs9+STu+OfoXOiU6sZvku7leH91LcvLTlO3clClCL558n3bkZkLi8eDh3XQydOZqM6HG950/dmLsjOKsZhyYCdAXmAkAAABDAjOZPN/YXe777Alxd5KTv91d3rD352LhNfmPwYtTNYwU8W4uo4ZciKRLXT6zwEyAvsBMAAAAGBKYyXVze+bfM7l89crCP7YeSc1z4Gj790xyKnPBTI6OjW58b0BdPrPATIC+wEwAAAAYEpjJVBI7+DtlK5mMXb38rd9Xq3c0RoxtJvTQyDbVs1ZmE5gJ0BeYCQAAAEMCM5lKvrF7e+zA7yb6S/Dnr4z9/atV6r2QORuYCdAXmAkAAABDAjOZYr71++r3zuy/qPqri1RSvmf4b3ZvV++CzNnATIC+wEwAAAAYEpjJtPKN3dtvf6MhuP+ZkYMvlnwQoeVvwEkQVWAmQF9gJgAAAAwJzARBNA/MBOgLzAQAAIAhgZkgiOaBmQB9gZkAAAAwJDATBNE8MBOgLzATAAAAhgRmgiCaB2YC9AVmAgAAwJDATBBE88BMgL7ATAAAABgSmAmCaJ4JzYQ6lAiCIAiCIMi46R8covQNRCg9fYP+7oC31e90uR11TmWP3ijATBC9M6GZKD8ZAGDKDA4Otqag9+5YbBhBEARBDJZoNE4ZGopRQqFIX1/Q7+/yeLwNDS5lj94owEwQvQMzAdrDtQRmgiAIghg1MBME0TwwE6A9MBMEQRDE8MlxM3n55ZcLCgroX+UGAauMsnRiYCaI3oGZAO2BmSAIgiCGT/bN5NFHHyXZOHjwoHLDeGhlJt3d3XfeeWdBijvuuOPHP/6xy+VS9ykRZPaBmQDtgZkgCIIghk/2zWTRokVms9lms1HXTblNhSZmsmzZMmrEYrFQN5FW6d+LFy9++OGHhw8fVvcpZ5x/98u1//HpjerymeW/vmDSsDUky4GZAO2BmSAIgiCGT5bNhDpqJAn/8i//Qn7y7rvvKjermL2ZHD16lFpoa2vjIsTv5jp58qS6Tznj/E9PrtHQJf63ZzZp2BqS5dClBTMBGgMzQRAEQQyfLJvJs88+O3/+fOYnmzZtUm6+du3YsWPr168vLCxcsmTJe++99/bbb6vN5JVXXlm4cOGdd9754IMPnj171ul0TmIma9asufvuu8USOvqlS5cuXrx46tQpsTdJMvDvfrmW8r/86p6/frlU3ESS8L//tpgW/svvtrE6VJlv/b9eslAJmQmPuDvtyLb++6fW/Z8vlojNUqjm//H8Vlbhf/31vWxHOpzYGpUr9kJyPHRp0QV25coVmAnQDJgJgiAIYvhk2UyWLVv2wAMP0EJxcTEpBxmCuPXFF1+kwubm5jfeeOP9999fuXIlq8bN5MyZMzt27KCSxx577PDhwzabjfyETGYSM6HKzzzzjFhCncXLly+PjY2dPn2a9SPJB0gA/ud/WU/mQO7xH36zgVZpgXc0SRVoq1iH+cl/fcHEKpCcjDtmQlLBdqEK/+nZzYpmaZlKqB3aRH5CNbnS0LK6NSRfQpcWXWAwE6AlMBMEQRDE8MmymZAn7N27lxbC4TBf5mzevPmuu+7iq6OjowUy3Ewef/zxwsJCkhO2St2+559/nipMZCbnz5+nrXv27BELuZmcO3eO9SOZM4gDHf/+qXXkBnyVDWKwYROW//zcFlFFJjITxSAJNUvaw1fpEKQloquIm9StIfkSurToArsqAzMB2gAzQRAEQQyfbJrJa6+9Rl7BlqnrRjpRWlrKt166dEntKj6fTzSToqIiWr0qT2Tn3H333ROZybFjx6g+/asov3LlCpeTJ5988kc/+hH93j8hsH///h/84AeffvopW921axetihUIKlm5ciVb/vjjj2mVqmVWUUIPh+/CDvHJJ59kVklC1a7bGsgpTp48eerUqdOnTzMtYZNM6GKDmQBtgJkgCIIghk/WzITEo6mpac2aNbzk0UcfnT9/Pl+lXh1ZBPXqeAnx0EMPiWbChlDECsQ999wzXTOhLiPJCZ3ShQsX2tvbyUzefPPNM5mIhS6Xi6Qoc7tUgRd+/vnntErVMqsoiUajq1evZsvvvfce7UId2cwqSajadVsDucbZs2fPnz9PFxVdWuxWrmswE6AVMBMEQRDE8MmambA/Y6KG/2GTPXv2FKisQ/HdXLSsmM5+bdLv5iLPoV0++ugj5YZrSTm5fPlyeXn5HXfccejQobFMqPCFF15gy263m5wqc7tUYdGiRWyZdqdVqpZZZczj8dyRCW+HGqfVzOppqJq6NZDjkJBcluFacg1mArQCZoIgCIIYPlkzk/nz55MkvJDJypUrbTYbq3DgwAHNzeSavEt3d7eyNAV1H0kAqM6XX37JZgVwqPCll15iy83NzevWrcvcLlWgk2HL7LuJqZpYgfoPhYWF7K4ehtjO66+/XiDfmTYuVE3RGsgjxGsMZgK0AWaCIAiCGD7ZMZOrcj9+2bJlinKfz7do0SK2fPz48QLV3VzPPPOMwkzU9mI2mycxEzro6tWrlaUCbC7++++/f00+Tw4Vvvfee2x5Zmayfv360tJSsYQsiLfz4Ycf0i7sw3U1MJP8QnlVCcBMgDZobiY/LA+whb/d2BVNFQ5E4ott/bTwzc3dVM7SMxijktDQ8K2WXlotrOxrCSRPgBphdW4u6aUKvEQ80MqaID8W5Q5rXzAcpwVq9v8z9fCjUOjQFDoHVrO1L/rNLd1/t7HL1BRijVP+26buuo4IW/b0RG1tyeXZpKpqx9q16yhbt22LDEkPNhyJspItW7awEgo9S2aLZf36eygd/k5WyGtu2LAhEJCeOsrAQGjXrgaxfarGlju7uu+5595169ZTy83NPrYvD1Vw1NRu2LCRKtTU1vEWZhM6f3pc1CAd1+ttYSUeTzMr6e3tY9W6untbWtrEHS2WUnFVPE/+cHY5G+jXFT122pfqi3VoVWyTnpNNm4qpnB5gODzECu+9dwN/etkRWcs7dlZTzW3bTNQXEc9hZqEXbsvWrdSgtbKKzkfxnLMzbG1tp5eVVukl5j8O7MIg6JzFEhb2EtMmuY42rxc/PXrs9BqxQlYinkZMflDFxZvFHe12B19lrx2/OClVVTv51mBwkF56erx0FPH5n02qbfa+/gG+Sq8sO+fNm7ewl5tOafv2cl6BTr5GfjiKB0LXDFXjZyX+7NDPF11p1CbV7w8OiC8le7x8lf8gzz7iVU1HVF8A6hK2TM8wPRDFtUQRnwQK/bCLq1HhLYJdUfwZCIWH6GTo50isb8hkx0yeeOKJwsLCl156SVF+5swZ6p2Tk7BVWmbfKczZtGmTaCbsS4SPHDki1imY+Lu5CCYA999/PzmAcpvMiRMnNsuIhewrv3iP0+v10s+CWOFa5gAOmyTDvzSMsXTpUo/HI5bMnz9fbId2efzxx4XtaeiRKloDeQrMBGiDfmZCvnFbWXJZNBOx07+qNkhKwJaHYsObGgaZHvBG6Bfqf9/aw0pIXWpS8kD5p5Je0UzoWCtqgnyVQn7Cl7mZkPz8qCK5V3t/7BZz0nyo8X/Y0sN+32toJqxnQ81SnyAmd+mokJVs3LiJdd/XrV/P+xnUxW9sdIs1KbV19Wz3iczE6XTt2uXk5SzU3aHeGFum/nFHR9J5NAkdV931oS6pz9fKVul82to7YlMwE+priqvBgdDWrduo0yAWKvbibQ4Mhrds2coKqatRWlpGJTFZGEhXeCPMTJwNroCq2RmHXgvqHPMXjkd8OPRSkmKxZX4NxIQXjnpF7e1+sYRF89eLXwxD0TjpGeuG8qeUnwal2esrL6/g/W/a0WQqGQwlfxy4mfCLkxqkx8Ve942bNrFCDUNPclnZdr4qPr10MiQSPb0BfinSyZSUmEOysSgeCD18aoeuCrbKn3B6gPSE8DZZCf/BYaGD8hI6H9b+LEMnz5/DmPBeIZaIlwTbhS2wa4lde7waaSF/IHSGlZVVbW3SDyALvcko3iLYjvSM0SMSyw2c7JjJokWL6JpTlsosW7bM6XSyP2wi/j2TvXv3Uie+tLRUNJMzwt8zOXr0KNW88847S0pKJjET4sEHHyyQ2bhx4zPPPEP7btmy5a677uLjM+xrwehwdFA6NDVLq3QyvIXrmglB6sX22rdvH/t78/SQqYSs7NixY9QsnSqdp9gOe7y041NPPfXCCy+YzWb+BcdkLKw12ve1117ju4C8A2YCtEFXMyEPYb8+JzITsg5RJ/pC8XlVUmddVA7ahZXcs2ugaGdy9CASHV4hjJn0DsZp6z8KKhKbwExW1gR9qZEZSoU3vKtT6mdQa+RFTd3SsuZmEkv1qMQuHevuDIbCYseLOgrbtpkUNWmZ2qHexkRmUly8mXbk5SxiB0vd2ZplqNtHv9HFErKsapud99SpL1teIfULp2smpGH33pvswU+0F2+zscktdr+on9Hk9tAC6Qr1t/jH+cxM6KnT8INh2UzSH8nziA+HFEv8iL3CWsm6+PyF4w9E0Q3V/PUSG6TnobtHWuZPqfga0dXY0trW2Zn8vIDKaZV3atVmwgrJB2JSr32cJ2Q2oWfPWlklOrD49NJp09VCdbZvL2fPHl2E/AdE8UCoMvkeXRXsJ4U/4XTm3LtY1E++aCbkYHTxi1tnltmYSUwe/WNDSbwa/UtmHpGX6YeCVJOeOvZgqSZde4q3CLYjvbJdXRlvmwZOdsyEOtnvvvuuslSmqamJ5IR9WfDVq1cXLlzILIJ12b/44ouCzL8Bz2764qxYseKhhx6a3EyoWXr/FPdiiHeOjYyMiJuWLl0q3qIzFTOx2Wx8d/ZtYGxEiEOVyU/EdugQdCCxDjcTcV/1oUEeATMB2qCfmZAYkGn8qCIQDMcnMpP/sa2noz/ddWMVxEbs7ZHlDkldqKTYNcjdgzyEmmXVyFLIWGi1sLKP350VG89M2I1evDAmKBM/vWhWzIQ6STurbdRXoG4Q/XYU91I7DKtPNScyk40bx/msWuxg0YHoHX+byaQWmJmFHpfithY6sb7+jBEJ1p+brplQ79Zms4sl6r1Ym0zYxEcUTVVjqka9sf6g1HtjZkKhJ8HfmfFszybU/6NOs6JfKz4cPkjCQl1A0UOi8gfw7BVUdEPZ60WVtXq9+MVAFxK/WthzJZ5GLHUHFDkV35GuOj4QMa6ZUJt0tjFZvUrLtqvHkWYcEg/qVdP1wJVSfbXE5J431YzJNsIvS/5A2L7sUqTnkw2y8Sd8/fr1YoOx65lJRL7qFM4wg8zSTMgt+U1frFpNbR0TzljqsdML7XI1xuSfTX53JQ/t6HZ7NLGsfEl2zASAOQvMBGiDrmYSk+/X+u9be0QzWVM3sKM1TIlNaiZkERSqwJslM6npiDR2D9G/rJwdiyzlH7ZIq9TUuvr0LekzMJPeQUlvNDQTdgv4+vX3sM8yqQ9BvTc2NYLVmaKZSB9dz8JMeOx2R2lpmbrydKOhmcj3ArWwxLQzE94425d38qiLtm7d+p2ZN/DMJm5380Qf6k9iJtQrcja4+EtPJdRDYk8Cf2KDwUGtXi86LnkUXT/19bvobNmTZjZbqEQ8DeqnsjEoUhFWh111/ObDcc2kRZ6YwZaj8mOhZ1gTp6IfnJh0b1KkosLKGhzXTORy6anmP1biA6F9Yykzicm32LW1d0xuJnQxs9ciKFuNaCbsqtPETCj8Fafz2bJ1q3gB8EuCxI+VKH4EuJnQtUTnSQvsnjpySDYMS9rBrsCJzKS93U/PsIYmmeOBmQCgKzAToA16m0n3QOyfzb0TjZn8v8XdDV0ZN22zURHeCBkI+8XJzKQ/HCf3WFETZLd1sWq3lSWny1PoWLwptZnQ7lQ5Ek0fjmRmY8Mgq8BK6JSoUCszYZ0/3kvjXTrqQrHHJf1qbM64LWpcM2F34ExkJureVWwCM5mo8nRDvb3BkOSWPPQoFIpFekAdpuuaiaKvSV1JxVxe9V6sTWlUpMJK3VZeTsuVlVUxwUxKy7YPDIYVXcldu5wKZ5hl+D1CsUnNhJ4iducMe+EGQxH+SPlLqY4mr5d4MVCXnX1Szp5Sfhrs+eSzrnt6pR8uZiYxefCBqrFevvriFN0sKj/DiothBqHz4SdD7bPzEZ/esHz/Elum06MeuVV+9WPy9SnuGxPMhPbaum1bTU0te8LVV4L6B0c0E7qkFfNSZhbL7MZM6CTJWMRqUfmy7+sfoGeeP3aKNAjcnJ5HpGifXinFj6eBAzMBQFdgJkAb9DaTmHy3FQnGuGayqjb49/IgSWyCGfBdA7G7diQlhMwkJk9NIf3oHZQ6glRIjfNVCi1z8VCbCS20BKJ3ylNZYpkz4LmZ+IOx28sCWpmJorfBu3TB4CC/81v82HLcGfDU22YfHkeFT4VjQqfKbne43ckvXOJRd7BYFCYws1B3XzFxNip/bt3Smuzl7JrpDPje3r6NGzepJ4SozSQmnwablhPLnAHPzYSdlcJMqC+iyZPAw0cYYpkPh17KhgbpdprYBDPg6cQUM0/U0eRUFWbCZJg/pew0auvquWBEhmLsDi5uJvQAq6p2mkwlscyLMxKJ0sWpeInpGeYTPGYcOh9mIzH5Ni02lUV8NugKZGMaFOp50+nxVfGB0L70QLiZxOSLky4V9oTTa8TuBONR/+CIZkItT/RKTSuzMRPpZr+Ur4pmIn3rQ3+QLn7+fsIsNCq/ySjeIviOolcbOzATAHQFZgK0IQtmEpO/R2tcMwmG4wXWvkXV/Ttaw98p7f1vm5Iz5nkjMXkQg5UwM7nD2nfPruQtW1TY0R8zudO9WFrmE9zHNRPW4LamEB2RFvi3h3EzofzfmzJOcsZR9zbELh31U1nffWe1rbRsO3UWKdThYL2EsHzfVyDQ76ippZqNjU1sr63bttXX7/L5Wmw2O78liTpe69ata3J7qLy2NtnNEjtY9KuXbaV9Nbk7KCbf3kMnIE2FT42WUBdw3br1VELH4rpF50APgd2mwj7l5Xet+OTbt8S7udhj9/laqf9Hq9QOvwtlXDNhp8GeENqFC4n4dbEW+bYZej6rbXbptnpfCx1x9ndzdXf3Wkqlu3HoJCe6m4v1INlB6SV2OGpYOe8U0gXARLRKuJuLHrLmr1dL6m6uGvlyYv7Gn1J2GtT1rxbuo5Ouz7YObiaU/v4BdtcWuzipnLbSY6eLk73W5AY++cqkfWfZ2Q2FI3Q+Yg+beR09vXRcekrpBLZsSbsx1WfjA2xZfCC0L0U0E/p5WZv6imrpNVq3jh4CnfkuZwOJVotwNxf7hjQ6KLVAy/SKm80W3vJsojYT/nPBrnnFJRGT777rDw7U73Ju3rxZ/L5p6mFTeXl5hd1RE838vmAmZrHkz2byLYLEjO3IngH6caMHzp9qAwdmAoCuwEyANkzRTKIIgiAIkrchC6WQrVEGQ5GAbCZuj9cJMwFAC2AmQBvUZqJ+Q0cQBEGQvA7MBABdgZkAbVCYifrdHEEQBEHyPTATAHQFZgK0AWaCIAiCGD4wEwB0BWYCtAFmgiAIghg+MBMAdAVmArRhJmYif8MJgiAIguRL2LdyRSJRyuBgOBDo9/s73e5mpxNmAoAGwEyANkxoJqq3dQRBEATJ08BMANAVmAnQhnHMRPWGjiAIgiB5HZgJALoCMwHaoDQT1bu58s0dQRAEQfItbIZJOBKlDAyGewP9HbKZ7IKZAKAFMBOgDZOYifqdHUEQBEHyMTATAHQFZgK0YVwzUb+nIwiCIEj+BmYCgK7ATIA2KMxE/W4uRb49F0EQBEHyNGyGSTg8RBkYCPX29nV0+N1uz65dDcoeFgBg+sBMgDZMaCaqt/WMt3gEQRAEyZ+w0ZJQeIgSHAj19Pa1d/ib3J56mAkAWgAzAdowvplARRAEQRADBWYCgK7ATIA2KM3kejby/VKfHC/C7g1AEARBcj/sPq5QKEIJBgd7egLt7f6mJnd9vVPZwwIATB+YCdCGcc1EKSSqt3gEQRAEyaPATADQFZgJ0AaFmcRiwwiCIAhisCS/eVL+9I3kpK8v6Pd3eTzehgZ8NxcAGjBbM6my2E1mikO5Ibu0Ouz9yjKQVWAmCIIgiOEDMwFAV2ZrJl1ut6PWaTHbHbWuceJsC0SVu0yJkUjA6zaT9lgcTV0R5VYVMJMbDswEQRAEMXxgJgDoymzNhOGvc8gjJ+PE1q6sPAWiJrPD1pYUkoCrjtrJrKAEZpIm2m2p71YW6g/MBEEQBDF8YCYA6Io2ZpIIetVOMmMz6XHWuIKZRe2unW0j9L9pR2t7fb3ZYq/tlIodlZIRmSucopnY5EJXaqTFZnYM97VQibw+bK2QtpY7WqYwEpO33Ag5gZkgCIIghg/MBABd0chMEt1qJ5mxmbh32P2KosEWizNA/5usbpPVWe/u8IdJh1pM253+zi6fu8lcljSTaLvLUt3s72jjU19s5CEWh7e1g5ZDnvqqhjZ/R4fV6vZLpmNYaivsWZYTmAmCIAhi+MBMANAVrcwkoXYSOY7a6XePXVb1rVl+k0OyFZO5hhc5LOlbvJxsl84mc0pI+hvrXIPSAplJPFVNMpPG6Z9QXjIS8TW4+4eVxboBM0EQBEEMH5gJALqimZlYzfb2noG4FgMR497NZWuX7+Yyu3iZVZh8wu7minjqTea6SDjMwk7GppijMhy2We2W6tZ+LU41Vxkxlzld3TP78oEZAjNBEARBDB+YCQC6oqWZKItmTKC5TL53K0XUW233xaQl0UzEMZPkMIs0ZqI8DaWZSIxQNasnrCw2CpE2V5a1JAEzQRAEQeZAYCYA6Ip2ZlJqt2V+ZbB459V0cVZKN4O5vB0+dzMtWGqTE09EM0n0e1PzTNziPBPT9npfa0e9o56ViGbSXlfj7Qj0dLSZLHXKYRmjEGlryL6WJGAmCIIgyBwIzAQAXdHMTMgfMsY5Yh0mYYIHMDwwEwRBEMTwgZkAoCuamUmgtU1R4vXOkbnmQAJmgiAIghg+MBMAdEUzMwFzHJgJgiAIYvjATADQFZgJ0IYbaCbNzb7CwsKCgoIGV6N6K4IgCIJoFZgJALoCMwHaoLmZ3H333X39QXW5IqHw0J133qkuvyEhO6LzUZcjCIIgxkh2zOSPb3/y+FOv8NX4fU8LGzXg3fc/+2zfEWUpADkAzARow40yk/Z2/5o1a9Xl2UnuSBGCIAiShWTNTMLxX0Xiv2Kr2ppJW9fD1GBk+Ne08Mxzbyo3A3BDgZkAbbhRZtLk9twoM6FfTgUFBepyBEEQxKjJmpn88c97uwKPslVuJns/PeTvfYTyhDyi8pdPD3362eGe4GPkGAcPHX/9zT20QP+yylTS0fMIlXz40X5Wwjhx8vSDD//uqV+/durUmUuXLoubALjhwEyANuhqJuQeO3dW33nnnYsX311UVEQ+EJXLa2rq1q1bt3Dhwm3bTGazhUqi8jgGVaCa8+fPp395g9RIW3sHbaIWqD47xKpVq1ll+pcKdzkb2FFo1dPsZTvSrx9apfLi4s2FhYVsXwotsL3o0L29fTH5bi5+ONqdtcxaa2py8020unTp0kWLFtEmanDt2nV8E4IgCJLLyZqZkD+Mnj4Xv/+Za+ONmTz8i3/9+vxFMpMHH36elZCfUAktDAw99cxzb16+fCWW+A3bNPLAb2mV7/vl0VOPPbmbCo+fGOWFAOQIMBOgDXqbyabiYvo1wFe5NjQ2usUxk3vv3WCz2fnqxo2byiusfC/yAb4pJh+Cu0RUFoZly5axVX9n15IlS/r7B8T6LKJ+KMZMFJuYPsVSjfPzp+Ue2WTUeyEIgiC5nGyaCS08/tQr+784ys3kwMFjbISEwsyEarJNfYNPsAWq/NCjL9ImVo2FtQZA7gMzAdqgt5mI37u1efMWEhK2rDCTRYsW9fQE+Krb3Uxb2ax0WhClJSYfYsGCBXyVDIFaZst06IluJ5uKmQwMhufNmyduWrCgiH6B8WpcWtSNIAiCIDmbLJvJ8ROj9/302QcfSg6M+Hsf2bf/S1r47fNvXddMXv2396kRlitXrrKtAOQ4MBOgDXqbSXu7n2+axEwKMr8dSxQMRSMx+RCEuG9V1Q71jh0dnbRp/vz57HavqZgJHUhsOZZ59In2QhAEQXI8WTaTa/KNW+GYNBWeVIQpyqlTZwaGnprcTC5fvhKM/JKVAJBHwEyANuSImSxevHiSMZOZmQmVDwyGWTmbcyLuIjbIV+nX1eRjJuPuhSAIguR4sm8m1+Rv02ILTzz1Ci2/9sYHf/zz3snNhBaOHf/K3yvNgI8M/5ptAiD3gZkAbcgRM9lUXMztIqaaZzJjM+HjMN09vVMxE7bMJ5ao55lMtBeCIAiSy8mOmQAwZ4GZAG3IETOhzJ8/vyD13VwLFy7k5TM2k23bTIWFhcuXL1+yZAn9K4rEggVFixcvXrJ0qdvTzFrgm9j3gPHv5hLnycBMEARB8jQwEwB0BWYCtCF3zCTQ128qKaHuPrUwGIrw8hmbSSQSJf2greQ51OBdd93Fd2lpaSVpoXKfr5W1ILZfXl5RIEPnI5bDTBAEQfI0MBMAdAVmArRBczNBEARBkFwLzAQAXckwk85oJ4LMLDATBEEQxPCBmQCgKzATRJvATBAEQRDDB2YCgK7ATBBtAjNBEARBDB+YCQC6AjNBtAnMBEEQBDF8YCYA6ArMBNEmMBMEQRDE8IGZAKArMBNEm8BMEARBEMMHZgKArsBMEG0CM0EQBEEMn+yYyZETXyuLAMhVtL1cYSaINoGZIAiCIIZPdszk/MXLyiIAchVtL1eYCaJNYCYIgiCI4ZMdMwFgzgIzQbQJzARBEAQxfGAmAOgKzATRJjATBEEQxPCBmQCgKzATRJvATBAEQRDDB2YCgK7ATBBtAjNBEARBDB+YCQC6AjNBtInCTBAEQRDEeOkfHKL0DUQoPX2D/u6At9XvdLkddU5lDwsAMH1gJog2UZgJ+zyJElEkEg2Fh0KhSBwAAADIN2IyUZlwONzf39/Z2dnc3OxyYcwEAA3Q2EwaWrytQ8pCZC5kIjNRykmE3sqHSE6GZZRv+QAAAEAOAzMBQFe0NJMSs90kp66vs7WpjhbKGlrU1RBDRmkm0bgUwU+SlpJpJgAAAEAeIfpJJBIJBoNdXV1erxdmAoAmaGQmQ63MSXjKrA7pX6dPWTPrMZlr1IWI5hnfTFR+wodNlG/2AAAAQM4DMwFAV7Qwk8FmW2WGlqT9ZGZm0tNA+25vbBULLWZ7ZYuq5hQCM8lOJjMTQVGSZhKJKt/sAQAAgJwnr80kft/TX5+/qCwFIJeYtZn0NIoqYi7Txkys1XUmsyNdMuTZXrMry2bS0lirLkQmisJMkt+rOG4kP4mOAAAAAPmG6CdDQ0MDAwPd3d0+n6+xsVHZw9KIt9/5y5t/+IjyxlsfdgUeVW6eDjATkPvM1kwslrSHWGo9UmGwKS0nVmfToHKX66enodLTZLXYeUlHc11NW0OWzaS2Kn0CyHUzrpmM7yfyyEk8Pqx8vwcAAABym+ybCeeTvQd++9ybytLpADMBuc+szEQcHqHwcmtmuTOk3PE66ZElpH1XVZu82u/aTo231DMzaXbWUJv17Z6qCru9R67QUm9z1lQ5G51d0mplmb3S2Vjf6GySW6PK5p1Ot98jTdCvbpIP4dte66pv99XV1rJRHbvVbmJ7eV3JsZpwOz2K1v621jDVbzWV1TW0e+wOjKJMmEnMRBHmJyQn0WhsGHoCAAAgf7hRZvLs7/7QmRoweeTxl2j14KHjrOShR1+876fP0r/v79lH/w7f/wxbvnBxjFWj+h9/cuBaykze/MNHz73wR7FxAHKHWZlJZ1+z1KdPGUhJdSMV+nvT93eVOZs9Lc3Kva4bZiYkFZY6+tdWbi+p8XAzMZlra/uTNU2Wemmhpd7a3JHa3WOyucXW0srUUq8ePzFZGzqZmVhdrISW2UJl2rUkM/Fn7ogoojST1B/KnSiyn4z3tcIIgiAIkqsJy1MlpT/MFR4KDoR6evvaO/xNbk/9rgZlD0s7SCci8V+Nnj6nKCfTuCabSV/oSVZCy8dPjGZUknf/7fNvXZPrv/rae48+8bKiAgC5w+zMhPXpM0dIxMx4ngmTEGmoRJr77rB1SV6RMhPxEEkzSQ6eUPobFQdN20jaTPyVVTXJKTHcTFI+M56ZdNp32k2lNc3S+AkyfsYxExaVk2TKSYaiIAiCIEguJxKJsm+YpAwMhHp7+zo6/G63Z5eeZvLcC3989/3P+Oqf/rw3OvKbtq6HKddkG2GKwpb5/VpXrlylal19v6BqzEw6A4/6ex85dPhEqiUAcg7NzGRHW3u6fKhNEzPp8NTVBDzJL+lKm0lN2kNYRDMZZ8xEaSbmtHJ0TNFMWJw2Ox+uQRSZ0EwmicpVEARBECSXI/rJ4GA4EOj3+zvd7manU6/v5rpwcWxw6Cm++sWBYy++9DZb7g9LQyUTmUlP8DG2cOrUGT5mQlsDg0+wcgByEK3MRHmXFJsNMksz6ZRHSDpYIZ9n0lBLhXZPU72nocQh60SGmUjzTKoapa21AdaC0kwqS+22Fl9rwCtN35/YTOqr7VUeb4O/jWynytlI9cvL7M3qs0XkzMRMEARBECSvwqdKUgZDkUBf0O/vcnu8zga9zKR34PF/e2MP+3ouytlz50lI3t+zj/yEzzMZ10yGhn9N1Y4ePUWKIprJpUuXg5FfppoHILfQykykCSFitDKTEmGWCC9s7XCVkFRY7Pa2NrYpYxQl2My2uuSZ92oz8XcnZ8LYO9omMZPOwWaqUyJ94VibRb71q8whTaRBxg3MBEEQBDF8sm8m7K4tHiqJJX7T3v1z+veRx166NrGZHDx0nKpRvjhwVDSTa/JgC/kJqwZATqGVmYyfsoYW9S6IIQMzQRAEQQyf7JsJAHOK2ZoJgrAozCQWG2ZRv60jCIIgSJ4GZgKArsBMEG0ykZkoon6XRxAEQZB8CcwEAF2BmSDaZIpmgiAIgiD5G/EbukKhSJ9sJh6PtwFmAoAWwEwQbQIzQRAEQQwfmAkAugIzQbQJzARBEAQxfGAmAOgKzATRJjATBEEQxPCBmQCgKzATRJvATBAEQRDDB2YCgK7ATBBtAjNBEARBDB+YCQC6AjNBtAnMBEEQBDF8smMm5y/iD7SDvEHbyxVmgmgTmAmCIAhi+GTHTI6c+FpZBECuou3lCjNBtAnMBEEQBDF8smMmAMxZYCaINoGZIAiCIIYPzAQAXYGZINoEZoIgCIIYPjATAHQFZoJoE5gJgiAIYvjATADQFZgJok1mZiZRBEEQBMmfDJGWROORoRhlMBQJyGbi9nidMBMAtCDDTBIAzJTpmon8Fi998iR9+IQgCIIg+RDmJOFIlDIwGO4N9Hf4O93u5l1OmAkAGgAzAdowdTNJfvIUjcfiw8pWAAAAgBxmRGZ4eDgej0ej0cHBwZ6enpaWlqamJmUPCwAwfWAmQBumayZD0biyCQAAACC3gZkAoCswE6AN0zET6Q4u5f4AAABAzgMzAUBXYCZAG6ZoJuw+LgyYAAAAyEdgJgDoCswEaMP0zGQoptwfAAAAyHlgJgDoCswEaMPUzUT6ehOYCQAAgDwEZgKArsBMgDbATAAAABgemAkAugIzAdoAMwEAAGB4YCYA6ArMBGgDzAQAAIDhgZkAoCswE6ANMBMAAACGB2YCgK7ATIA2wEwAAAAYnhtlJuvWrXvggQeUpTeau+++W1kEwOyAmQBtgJkAAAAwPNkxk5dffvm11147fPgwHWvDhg3XdDATq9VaU1Nz4cIFtkqOsWfPnswq1wdmAjQHZgK0AWYCAADA8GTNTLgnsN6/HmZSVFT09NNPs1WYCcgRYCZAG2AmAAAADE/2zYQU4sKFC2Qmy5cv/9Of/vTkk0+2tbVdunSJNpFa7Nu3jw5NC7RKu6xevfqdd945fPjwXXfdRSVXr14NBAK0y4svvtje3i4cQWr20KFD99xzD2uKmwmVswq0SqdBCzt27Hj22WepzcWLF9tsNlp4/vnn2eOlveix7927NxaL/exnP6MSOhwVHj16dO3ataxlWtiwYcMLL7yQOjIAk6GLmUT7ur3ejviIshwYGJgJAAAAw5NlM/nwww/53Vx0ILaVWQTVef/991nJSy+99Pbbb1PhE088wUoeeOCBY8eOPfTQQ+QerISkhS0wmIGQ82zatOnapGZSXFzMSqhNUg62zEZLxDETtkyHO378OC0cOHCAjq6oA8B10cFMBjtMZruU8mblJmBcYCYAAAAMT9bMpECmsLBw37591zLv5mIWwdyDlTCL4C5xLWUmXq+XtcNgmxjcQFasWHH16tVJzISXiEecyEzEw7EThpmAaaGxmbQ6HExLfAPDym1TJ+gtbwzytf7GOpO5TtisCUGXVdYns91a36HcOCOoKVu7snDuADMBAABgeLJmJopZH2ozefXVV9VjJgozoX/XrFnDShRw3zh37pzFYlm7dq3CTKjBaZnJwoUL6V86HB9XYcBMwLTQ2ExslmR3X7lhWmTLTJpaO3ytLWaLvTWq3DwDYCYwEwAAAMYmd8zkyJEjkUiEVi9dutTQ0HDmzBm1mbz77ruLFy++evUqb4fDfeOa3CAZBTuiyWSif2kXanwqZsK+3Yvqs7vC6HAPPvggqyPWBGCKaGwm5ew+LrNdHjEZLrPYHX5lneuTLTPpTy4HTNaWgYytM4GbiXvH7MQsP9HPTEJdzkVF86SB4cJ5JTsblZsBAACAbJE7ZkILb775ZmFhYVlZ2dtvv31NuP/qmmARV65c2bhxI/0K7e7uTrYlI5rJV199xdt8/vnnqXJjY+Mnn3xyXTPZsmVLKBRatmwZiQ0d6Jp8OGqBzmrVqlUnT57kNQGYIpqaSaQj4HMmJ5nIKXMGlHWmwkRmMhI0WWp88kCHyexgW03lTc7aOiqs2m73t7ssVhctpwZtRmjfstoWP9W3KNxGMJNQi7muW17qs9a3RPq6aXd2AuQYTT0DkXC4qswekGf0S/eAWer8nd0kXf2ZU/yTZjIc3Wm20y4Rub54Ai55B5PZWe7w0kNwWO3ebm+tu8Pb4DSb7XHaNtJtqnBR47S1yhPKaD3n0cVMRgLVqwoKlm7lBf7GNmHzNFhUUKAsmgpd5Vs9yjIAAABzluyYCQBzFi3NxFZmr/IG2+tquJmEZvb1XEGvqDdyJK8Iuevre5MtkjP45UXaanXLnfhut8nq7pELvTvtPdIOrVZLcvjCUSp3/dOkzGQ4SkrDGuA0VdlN1hZasKRuS4v7nK5BaYHOxMmMxN+0syWje500E3oehJvZxBMw2aQJLSlrSiSibSZLg7w00lVf441JDzx/7wfTw0y6K5YUFBQEZnYVZRAvmImZxLsrl8NMAAAAcGAmAOiKZmZCWsJFYhaT32UmGDOpLRXukgp6rZ5wQurou1qTRX6+F+1Chf665HR8llQ1RnKeSXuPeBvXsG1HXbK+1UvrZsFM3NLRpOGUdDLvVBvXTDLqm11yCR+9CaZbaHe55HN3WO2m8vpa74zGmm4oepiJdAfXBqeyVEa6u6twXklJCS1s9QwlSwPVi8yVBfOWrNlcUryWrGaBVDjob2xsZGPTjb7kEys1XCLVod3rZOckti6SDrhqQ8mionndiQRVd2xetKZc2o9p7YKCAmq5ZPOagoIllWyYDQAAwFwCZgKArmhhJpEOriVmR0dk9p9wT2Am7h18ZojUla/tlP6fxEwinvqJJ6iI80yS8BESb3XSTBLRHva4rM4ueUuYyhV7cSYwE+UJTG4mSYb7TKVNwnoeoJOZjDtk0bixoFT4QrX0eEigmtyBl5cvLuB7TzhmEqpLyk93ZcEah+IWusBOcczEU7C8UtgIAABgzgEzAUBXNDATcbREAy1JTGgmIU99baf6bq4JzYTdzTXB126NYyamlFHQXsxM+pvqApkDQCazw9Y+fpPcTOrLM+7mUtSekpnIjytjPefRwUwCE5lJcUGBOGKxga+Smayo5uXVKwocqdd4QjMh35B3IQlZU6uc25NpJiFqZIY3KAIAADAEMBMAdGW2ZiLNCC93d41ETTOeVaJmAjMhutwuSYEsDm9fssM/mZlIjNgqpXu6LJWKjv44ZjLc1yoN+1Q4oz4nM5NoWwOXLle3fMSRSPIcymr8mf1YbiZspMVcz4ZZ0ifg8rPbzyY2k1jAUiofrqxOsyczW+hgJpJOrLJnGpvM8kzNIANJ6gOZiWASVF6dui0uw0yGPLRaXFIp3aflKGZm4tmarszJNBN6MUPL50t3fHnGOSkAAADGB2YCgK7M1kwSkeRffM+7nvT1GfEn59bLlM3yj7QYHT3MZI1kAem7szhbCwvEr+jKGDO5rpmMeIoLhN17K5NjJlXXHTNJI53XNp+yFAAAgNGBmQCgK7M2k0Sidke9Vn9GPbcYbKnypTvQZnONsA0o0cNMPFsXFIz33VyNGwtKhC80SFvHVMwkVEfCw0dHQo41yRvA2kqvN88kzVZpNCf5vdUAAADmDjATAHRFAzMxML76ejYiZKl0zvYLx4yOHmYiEXSSBcwrWrRosZSCguTfNpGUhX03V2HGd3NNZCYbCgsWrSku2SzpRMC+qmDeEva9XqsqHHxqyoYiaSxkQ0nJ8kXzkq3EpC/1opryXXeeRatpo/ytX0XpYwIAAJg7wEwA0BWYCdAGvcyERKKxcoH8J+AL5i0orkwqQ7y/sXTtcmnoYoPwfVkTmwnVpzbmLS1na6ukPyo/r9QtzRdJT5qPBxvLpDvI5hUt54MnJaslCZLNJLRKUiNpaze0BAAA5iQwEwB0BWYCtEE/MwEAAAByhOyYyZ8OfH1VWQZALnJVvlyVpbMAZgK0AWYCAADA8GTHTKAlII/Q9nKFmQBtgJkAAAAwPNkxEwDmLDAToA0wEwAAAIYHZgKArsBMgDbATAAAABgemAkAugIzAdoAMwEAAGB4YCYA6ArMBGgDzAQAAIDhgZkAoCswE6ANMBMAAACGB2YCgK7ATIA2wEwAAAAYHpjJtHA1R5VFIH8YvR7KHbQAZgK0AWYCAADA8MBMpgXMJK9RiogK5Q5aADMB2gAzAQAAYHhgJtMCZpLXKEVEhXIHLYCZAG3Q3EzU+yIIgiDIjU00SkIi/RajhEKRvr6g39/l8XgbGlzKHhaAmeQ5ShFRodxBC2AmQBtgJgiCIIjhc2PN5ODhE5/v//LY8dHLl6+wkmMnRqmEcvbceV5n3xdH0/sInDgxOhB5zNueEEvcLfGPP9nPVts673/plT/94U8f+doTn+z94viJr9q7Hjjy5Yme/odbOu7jFaikd+DnVIG388BDzwTDv6CFN976gPb9/evvUkZPn4WZ5DWihCxLIRYqd9ACmAnQBpgJgiAIYvjcQDMh99h/4Ojo6XP7vvjyyNFTVDI2domWvxo9d/bs+QsXx1gdspSJzKQz8LPe4M+5mezbf5hKnnvhDW4mX5+/wGs+9MhztHDhgtTsgYNHW/ySmfAKJ06OsgqMrsDPmJm89sZ7JDO8HGaS13AD4VoCMwF5g+ZmAgAAAOQaN3CeycHDJy7K+nHu3IX9B47RwhcHj125elVR5/iJ0xOZCaO5bURcfeOtD7iZcFo77//V06/y1aPHTrUJvnFNdhVW4dKly7HEv9C/zEye+vXugchjvBrMJK8RJWRclDtoAcwEaAPMBAAAgOG5gWZy+MuT7Jatr0bPMfegfw8eOv75/i/3HzjKFWWWZkIu4W6Jnz59TqhyzdeR4KJCFSh8wKSt8/5XXnuHFpiZHD/x1b+98T6ZzODQ46+9/i7MJK9RiogK5Q5aADMB2gAzAQAAYHhuoJmc+ursgUPHz5yV7una98WX1yQz+fLosa9On/n6kDRUkuwmztJMSC1e/bd3mltHXnvjPVayb//hBx565tKly7zCkS9PSOLxxnsXLozd99PfsE3MTDhU2BX4Gcwkr1GKiArlDloAMwHaADMBAABgeG6gmXBIRZh77BcMhN3fdW3WZsL41dOvsukiBw4evf9nTyu2MqgC2QgbQmFRyElb1wMwk7yGG4g4z0ScaqLcQQtgJkAbYCYAAAAMTy6Yyf4DRw8dPnFNmGdy7usLB+WSa7Mzk8Ghxz77/NCf/vyxuyX+r7v/eOTLE919D7Ev2mLftcUqHD/xVST+JFUQ22FaMjj0+FO/3n302KnegZ9/+PE+mEleww1kFN/NBfIOmAkAAADDcwPNZOzS5bNnz3959BQJCZtwcuzEKCnKyVNnDhw6fuqrs6zabMzkvp/+hlzC0zL84UefX5U3iUMiVI1VoJCZZEy9T5nJY0++2NZ5P1V44KFnrmEGfJ4jSohaS0ZhJiCXgZkAAAAwPDfQTPIRmEleo/AQNcodtABmArQBZgIAAMDwwEymBcwkr1GKiArlDloAMwHaADMBAABgeGAm0wJmktcoRUSFcgctgJkAbYCZAAAAMDwwEwB0BWYCtAFmAgAAwPDATADQFZgJ0AaYCQAAAMMDMwFAV2AmQBtgJgAAAAwPzAQAXYGZAG2AmQAAADA8MBMAdGXmZtJeazeZpxrlzsBwwEwAAAAYHpgJALoyczNpdUjKYa7rTheNxHytHe09YaGOYyZmEvRaHC3UlM/dTPtGlZu1Z6fFXubqU5bmJ9H2JmVRVsiemfR7LdXNkXA4Eu5rDdFVFzRVuOTVgTJL8kqji9Ps8LNlk7QwQhW6nHVdUrVIfEQq32mpcQZSbVIj251yI2FXe0ha6HLXd0mrydoSfpPFwZZcVrutPVlaVlETT9Uot9bV96ZWRvzllcnzKXP2sMZT28AM4c9kdFh6oyi31PAn3GapK28MsuVAQ43J1pF8XYLeVvnfcrMrWRWA/KfcXCcsS9e2qYy9iQ34pHc2f/IdLBwelt8SpXrxSK3VTu+a9ONgstS5+tmbm9+V/LlJOCtqdrYk35z7G+tM5e7kBmq8sk6u5reZ63izc5PxzMRZ6iQzaVT2sGaB4s+rA5DLaHu5zs5MyupCvNuWSNRWJEdIurhMjIRaa+tnYCa8h0Fuk+4+ao3cZzUc0W5LvaCL2SJrZlJbliGrIXd9K1/vbGK/YuniLE9ZBH+V6Rdtf6qiVG7rsKSuLX+dI90II+jlv61T+F1Nde3yiQtm0ufs6vCmHk25xWWuTT758ZYG6gQky1PXM5glGc9k0Ftb6+BPuGlHE98qdbAszuTrAjMBRkRtJmUZ71lp30hwM0lIb5Lsx8FV6zBZW+SidM2yimZTdRtbpjdMR2nyXTSRiFnr2LurZCapwjnKxGai5ZjJya8vK4sAyFW0vVxnZSb8Y2OJXreptIHe8KjTZjLXCxsSszGTRL+3vGkgIfcFE5Euaop1M6PdLWaLpEaRlBqZLK6uRqfFYjdXOGl1Z4XDZHGU2bzJzdEeS6lkTcmSQIu1PH2nmc1sTx1xxGqVxnnM2+vZB0LS50bWliaH5Fc7G3tYY5GuFmnfUodvICc/NroRcpI1MzFZU6+pjC3z6mIeIv0aHgmWyeIxvpkEvf6RRFOVnX1AKP6O5xXGMZMg1axJCGbCft+bK5qZ4lD/wFmRbNNqcUkXLSuHmWiEwkxayQwr5Cc51NI6Ekz/FLtDCX8TvS6pajATYDTUZlJusbcH+Vvr+GZSb7VLY4nyD0W0rcErfSKTqjnib6Kfm9qkjdAbZiLQ7JPbC7nrU2+JMJMsmclXX19+a/85BMmLfJWbZjLQVEed9YGkmWR2FmdhJvSGWNspLUh9wTJ7U2tHRC43m6Vlb4OT+qlsRNpkdpY7vN7WDofV7u321rqlrVSN3dFB+1KJr7WjartdGsIejkbCbSZbG7vBhpsJvReX2b1Uram2jt0OJJkJGY5DKuQPhJr1tXb73M1uaVw8F6mtsGdZTm6cmWT8mmRb2a/hMnnTuGYSaJAEI97SYLJ1JKZjJj3OGrp8uJnstJCNS5/Qs9EX6h9IF4z8oaO5tpubCXNgE3rGsyb1TNqZbLTKL2s8+YKmzCTWIXenSFqkVxlmAgyJ2kwSkR7pA7ty6bM56e5TYZ4nu/ta+nzNLX++xn4oElGzvYObCb0fSr8uA8nPWSQzSQSrpJ8l+lFyCGaSbnZukh0zAWDOopmZ0JubqdQZT8T6/V6T/LkyZ9pvYUEvf0str5U6jgnZTNJ3dXU22dqTYyWSCO2Q3mOFowT5eHTc55TfTLvFG7dSQzp+XsjNxCS819vkSQtSRzNVSMvyu7lkJv3p6Qe5yUjE1+Duz96QTvbMxMx+7ybhvX+ZEHsdkx8QxrrKm4Ljmom5ystulfbapZrstc5gAjMhzJa6lJmEHG3yndw9zeWlTYlk/yDs3mFP+JsCwrlhzEQrVGMmRNjqDsnDI0kzaapysBeXXhf/CMwEGBPRTMoyr235Nq3xx0xMFfLUkeTPTqJfukM1WdNayibshdkdkrKZJKzmen+to6yhD2MmHJgJALoyKzOx7JBvlkhRbknqRGpeHTE80CFphljt+oh3c6UQO6ARTz1/z5U+CpI7hYJUpDujiXaXVDPcKjZoMrPR6nHNJP3+TkeMJM0kWcjNRFrulG7o8mdhev5MGDGXOV3dWT25rJlJtN1VVisNdlGkb1tgM+CjsXgkYwZ8csHuGMdMwq1uPhd9pFsalIv6U9Pow6298raJzSQR7TBZJDPx1/GbsKXBvQj/5HLEz+yXX7SYAa8Vihnw7OeRxLJJntXLforFr+WQPrZIm0kDXgVgGEKeekdrXzwSDrS6bO30bh/294Xj0fBAp7e8iX4QxpsBL+/VGkv/7CSkdy07+/yO3Z6QkNzebvWEmZnQ71BTVQubNM/NhDc7N4GZAKArszITaUxDegdMEekpt9bbnMnxikSyWz/9Yd/rmckEYyYTm8lsx0zGMRNiuM+b8dVkOUOkzZVlLUlk0UyI2h010nVlcfjkTmaX28Uus6auCKuQnu4ZbVObCbOIFCPsA0JfvTSViGJrvZ6ZyAN0ZCbC9FBpngN1jlOfyo+wUTvV3VzT/EEAKvgzKY1ZpXpX/lqHfNOmbCZMNVNYzdL98SkzSe4rfhECAHnLiLVCnhVZyd52wmwuZWqSZPpurlbxLXEkIE3AE8ykx1kjvbP5m/jvSHqHJBtJmslIt3xDl2gm6WbnJjATAHRltmYyxSh3npzrmkkiYbHYm1q7vY0NwjyTScwk4dguzTPx9wR2VvAhnZjJUjMwKN0jlp5n0lRfZvf2dHY01den55mozKS8ujkQDjfV1jn8s+ph60GkrSH7WpLIrpkAAAAAN4TxzAR/zwQAzZi5mQAgAjMBAABgeGAmAOgKzARoA8wEAACA4YGZAKArMBOgDTATAAAAhgdmAoCuwEyANsBMAAAAGB6YCQC6AjMB2gAzAQAAYHhgJgDoCswEaAPMBAAAgOGBmQCgKzAToA0wEwAAAIYHZgKArsBMgDbATAAAABgemAkAugIzAdoAMwEAAGB4YCYA6ArMBGgDzAQAAIDhgZkAoCswE6ANMBMAAACGB2YCgK7ATIA2wEwAAAAYnuyYyR/f/qSt62GW+H1PKzdPyoGDxwIDj9PCb59/68TJ08rNAOQ2MBOgDZqbiXpfBEEQBLmxiUZJSKTfYpRQKNLXF/T7uzweb0ODS9nDmgVkJuQVb/7hI8r7e/YpN08NmAnIR2AmQBtgJgiCIIjhkzUz+cunh8SSRx576fiJ0fbunz/3wh9Pnjrz4MPPd/Q8Qgu0ae+nh+776bNtXQ8/8dQrtEo7dgUevQYzAfkJzARoA8wEQRAEMXxulJkM3//MQ4++ePToqc7AoyMP/PbFl99+/c09P/3572jT7t+/+8jjkrcwIYGZgLwGZgK0QXMzAQAAAHKN7M8zoWUqGRx6anT07DXZN0hCWDVmIBza9PX5izATkNfATIA2wEwAAAAYnqyZiWLMJH7f02Qd1zJ9gxmIv/eRn//iX0dPn4OZAAMAMwHaADMBAABgeHLNTC6OXRp54LcXLo5dk+eiwExAvgMzAdoAMwEAAGB4smYmiu/mmshM6N+Onkde+Nc//fndT3v6H4OZgHwHZgK0AWYCAADA8GTHTACYs8BMgDbATAAAABgemAkAugIzAdoAMwEAAGB4YCYA6ArMBGgDzAQAAIDhgZkAoCswE6ANMBMAAACGB2YCgK7ATIA2wEwAAAAYHpgJALoCMwHaADMBAABgeGAmAOgKzARoA8wEAACA4YGZAKArMBOgDTATAAAAhgdmAoCuwEyANsBMAAAAGB6YCQC6AjMB2gAzAQAAYHiyYyYXLl4+dPwcguRF6HJVXsGzAGYCtCGbZlKQiXLz9KFGqgPKQpC/+HeVziuUro1Fq4vjyo264C9b0C0vLNfiggQA5CzZMZPzmnb1ANAVbS9XXcxkR3VDoG9AWQoMDcwE5AhDHZXzVhQHQxJtjtJ5qyuVNfQEZgKAscmOmQAwZ9HFTExmu83epCwFhiabZsIho1hll5TCWblh1eIF0mpJI9tEHURnLLGqaN5WbyIRqC4o2BDylsoaEw96qhfNp8V51W0h3g4zk8DOVZqoDtANz1aupFs9tD7U7Vwwj17MBcEReftI2wbnUMYeVOKKLyhYUNKaLFiSeonXLJX2dHQk6xesclSuXSK1tbo4WbLNRyVUacNOf2LITwsFhfP8cvXuXaXSakFBiTuYkE+Lua3KTIboIpTaXL6BVoJu6SKk9pMHDVQ7+hMBZzEVeoK0tUS6LotWZbYAAMghYCYA6IrGZrLT1lhurVeWgjlA1s0k4CCJKFzDVtpqqxv9wcRIiDp2pW1SyXK517hmc4kvxMyEenxLSkrkj88Djd1D8Xh3pVS4ti4hmwlpjGQ2BQWZvVqQo5QWKV+pghXViUSobq0kBnRttPUPxUfipC/SpsXlIceagkLJDcgpFpjbErHGDYVJhfBsXlCwRLowCrhUxDxMewoKlrCCNvOCrZ7kfWEFBcXJajJb5XYmMhNuQRKxxiUV7J6vITqotERXZkqk1hQkWyCVWl6FITwAchSYCQC6oqWZ9PQGTWY7xePtUG6bBslGeGztyhogB8mymbDBjTW1yUEPTkHyk3TZTBYUJ0tlM/EonSMgiYjUnZX28vTK9rJKWgW5T/rF5SXSS0mCsIiWFxQklbVguaQcy8lPYs4NTBLaSiu72dDL8uSe0rK0V0FqL2l5QSn/NyFdb8s9bExGqpbaUaZ6xWRmkqExnq2Vvenl8i7pyuTX8Nb0joHkRQwAyD3GN5O64jtuvVXZwwIATB/NzKS1rZuJhGV7DZcKZaXp0N9Yl7r5AuQBWTWTEVkqeN805pNHO+aVlEg3w6TNhHfvZDNJLtolpSmYv6SkRLqFhptJkhVZnZMAZgYfMBnybF1QUNDWLXXupZey37FK1gZuFMnXl10JrSXkJCULpCuBTIMNp0gEqplOpEtSy2x3qQqZSXoTHWKooHBJdyhEF/J1zCTVQiKzETqodFLsXxmYCZgm8UYZX292vuUBJBnfTDBmAoBGaGYmTEWqdjb09Q9WVNbDTOYa2TSTQNVyyUvcqUEQeerBGofcPb2emVA/kmiTPv/OGDNZVeFnd3Phl3zOEy8oSipE3VrphWfL4pjJmsIFQ7F4sLV8ybw1Q12V0uiERPeSyu7kwIh33DGT9ASP5JjJRGYSqmPXW+J6d3NljJl4xxkzgZkAkF/ATADQldmaCf1w0o9oImUm4n1c7Ec3XXWaKMzEbLZ7O7qd1Q5be5SVlJXX+/vCtZV0XGmqQKLdVd9QX+7w+lpbTJaG8vJ6X2uHt8FpskmnVFtmb2rt8Hd211fLlYHWZNNM2PAGJzBYx5dXFV7HTNpKmYAQ8kLKTKQZ8DHf1qL03BWQi8ivUUD+3q3QULy7cgm9jsFQaOvSeeylDDnWdKduu1KzoaBggyvpnkOerctLnKHuNmphq3yrHy2sr/QE/c6tSwscsmdMaCaJ7oKiDSHa2bF1gTwIozATaWBOdhvPVmrT6fc2OspKEtJtZvP8/SHHNum05XZhJgDkGTATAHRlVmYizgYZGAx3dfdJ00Lkb+USN81s2kmGmXQ21XYmF8lDXIN8A+G3scGZdpfDnyxy/v/t3Wtz29idLvr5BvMBdtV+v19Ppc7rQEUXVOxDF130oY+76JKLJikqsugWTViUaVJCkxYltGjTog2LEk3Mnszknswkk0wuncmtzySZXGoye2YnmeyZs7tz6076Mn2/udv7v9YCQBCkbEsEaAp6foWywQVwASKWpPVwLVALBfudb5FbKJnUWiP1huH+xplMAO4jGZaySk2El3y6L2dSkHE+dHHO5gIAGArJBMBXB08mt/RtSh0LFy7PL7C5W3PzLACIZNLp3KEVKqettDI7d8n95IfgTCbbqjk9jC/FMvuUTqNWupKZddzQsl4W5aS80JtIZo6o3Npge84v6wcfxYH7QTKBSdHVEyfDYlwsnu77SAPZ+qytoZBMAOCBkEwAfHXwZHJh8Uo6a87wbt64KeKBSCbF5SfNtGAYOzsde31fXGMmF9f7pmhcK11aEdO8d+sXHiaZWEoLBWtkBbyEZAKTjMWUqZD5N0/2gGQCAA+EZALgq4Mnk0tF1Y4capWNSBhWMrlSvmpvalzb8iCZGMbsbGFpdaO2dnXuiatbhtFZL2cWn7x5bTM1d2ku++BkspAraTdub99ozM32JnqBh5BMAAAg8MafTF75zzf+93MviOW5X//Bvfm+fvf8y7/+7R9p5dl9PhHgUTl4MlnfuJbi95CUK2v2lCpRoj3VpBUqF4nFk2Ry5+YGm7s1qyzVWjxa3JnPsoeb2zvV/IOTyapizgdbvGJ+TA94C8kEAAAC75Ekk98///IfX3qVlhdffs29+eEgmcBhcfBkYljDJkOzx3Kpam9q76AbGnxIJgAAEHiPJJm8+FJfIPnt7196/Y23//dzL7zwh1feeJOt0EIrtOkPL/6nePjHF18Ve2LMBA6XkZIJgA3JBAAAAm8Sksmzv37h5Vdev8cma7304kssgfDCvuzx3G/YQyQTOHSQTMAbSCYAABB4jySZ2PeZPP+HV+6x1PHHN998h1bo4etvsKGSewPZQwQSJBM4dJBMwBtIJgAAEHiPJJm4xkwobLz99rv3eDJ5w5FM3nvvffr3tdffoq1IJnBIIZmAN5BMAAAg8CY5mbz62psv/JENqtzDbC44tJBMwBtIJgAAEHiPJJm4Pptrr2Ty1tvvUiB57fW3KJ88++sX7iGZwCGEZALeQDIBAIDAG38yAThSkEzAG0gmAAAQeEgmAL5CMgFvIJkAAEDgIZkA+ArJBLyBZAIAAIGHZALgKyQT8IbnyWQXAABgwuxwbU7X9Rs3bmiapqrqlStX3D0sANg/JBPwhufJBAAAYNJgzATAV0gm4A0kEwAACDwkEwBfIZmAN5BMAAAg8JBMAHyFZALeQDIBAIDAQzIB8BWSCXgDyQQAAAIPyQTAV0gm4A0kEwAACLzxJJO3373rLgKYVN42VyQT8AaSCQAABN54ksk779793YtvYsFyKJZ3kExgAiGZAABA4I0nmQAcWUgm4A0kEwAACDwkEwBfIZmAN5BMAAAg8JBMAHyFZALeQDIBAIDAQzIB8BWSCXgDyQQAAAIPyQTAV0gm4A0kEwAACDwkEwBfIZmAN5BMAAAg8JBMAHyFZALeQDIBAIDAQzIB8BWSCXhj0pKJJEn5prvQJ/kTdDRJdRfDpOo0QlN0xUJtq0BNSqM0FklKuoscmotRb9vGQc62mU96exIARxWSCYCvkEzAG0gm6PgdFllZcpUcpK/vcLBkEgtJ+YqmM414WNLsnPQgBzlbJBMAjyCZAPgKyQS8Mb5k0q1TDKibD9h6wzA6W5XsqQitx+fM/heLCi01JEnyybTaovNLU4n1pKxYzyVi4WnaRUpXWqy801IX0+zd9JBc1819BZY8HptvKAlJitFu8WjYuZtIJtpGnv6NJPKii8lO0nxvXspVdTUdYwda5QcyOulTUbZBCuV5FdTXlLN1wzrh3oFhAHX0m3qdXtjQ8bhZ1G3Fwuw65jfYSy9Lsr1zhF9oTZnhL3ak1TXq+QR/5SXpRN7ejV5/bUNhl+9UTpS0GyU5xC4xPcUQB+22+NVM0MMsv3wxall8q0gm7Y352JRoY+0Yb1eiNbJkotdyvH1SS2Dbu/XstDsdpXleSlJd1Q57ekhudMxN4vwjp7KsJTuSSauUSKpt+wXp1c+2qewlmo6ZecdKJvMxqcnP2dTWlLOsZUbPlNiTVrPx4+zLVvgrCQCDkEwAfIVkAt4YXzLhnf6siCZWxgjzbpkgOm20Ik9bRdPUcWxIVp6pZ2Xq5ol9bGzDbiVh18Oe0sOL4vzfJO1m7WTuJpKJbD83poinhMP2fqxXyrEAQsnE3iDxbjT1NaXpsP1V1EZ6eQKOOuLhcFjb0nOnZXNYrFvPKXW9oUpTicqukYv0Ov2SzGKeNBVp6bQ9JyfVzrZO0YQNVGxbHX+RDMOnaZ/kcfPF15dmKlpLu5yM5Cj5soPmk2GlQjR6GE/ndb0VmZLEVpFMKJaEz7HuPzWw5GWNajs9LbX5c+Vw+HROZWcoRVnlSlzkogrPqyyEUAPNRTo8mdDOylqDDi2bwxwdOv+GrmdPytJUTJwtfd1tNSlLIXFu4gWx6zeaCp0Mnb+6OGNWIpJJtymF+xp2kr5HwvFatZbOs3ZJBz+dq/B6eukOAJyQTAB85W0y2clkCpnFqrsYjoBxJhPq17ERDMOYf4zygmJcz1HvLnqB9VKpRPT9qUR0yURfn1boSeHzDWNzPsye1DcmIrnmYjXZ6IezQFTS92az0dtNJBPRS7YPx/4TZ8BPj/WCd0u9QqsKVq1IJtYWik3RxX3P1jk6qCNeNK9es//F5AMOKnudEyWeOupZCg6tQqxm7ZDglybZf3EN/vpbo3Ad6ZRVPUcRoimSycA1oUIRMOiwsVCveUhTVu9/txQrtBwnzJqKwU4gPL/JTk+5xUtXZ1jdzbwqkokZuw0RM9iQi1UzrZd2+QiPmqQUJMY1htVvfjuwdTGMQ8lktSmFWLBxaElnHS+gmsxd762zMwSAAcOTSXHmox/5iLuHBQD751ky2d58MjW7zNeupTKFbVcfDoJunMlEjFpQzKB/K7tmvz40HQ4/xpc51hG1o4KYNUUrnTL1S8M5PnpB/dZOlaeBkJxOs4le1EFTxPvXx+PpGbbmPCCvwywZ3M15n4m9p2QHjF7OUdm2pNossCfGz9KRZ6ReMjH7vlEkk/ty3LZhJpN8TMpVtHbHSiYs3UWMbl3Mj2L9eH4zh2DskUzsV1xEEcqH9Qbb2U4mdhe+rSYj5xR9u+NIJlLtfMQMCvQwOm8fjlq687kiOcT4tdaX4uYgXkZu8jETQ4QK6+qLZNJ3V4mapCdSSaLUkGJ5kYUG64868q8oYY0wNh9xj4SozpbmrAf3pRwGHTaGV6nUrvdG/2AMhicTjJkAeMSjZNLdpjSyuWM+2ryynMo92bcDBN1Yk4kIADHr1pHN+V4McOzgSibiBhUeK6wJVFJcvGkt8VzR23OPMROxTrvJGd6l7B8zER05e09p72TC9uezjFjfGslknwaTiX1jSczqkbMJXew1ZTeiOMcchKHJxBpX0fmYic7G4rjBZFI8JYkhito582YVNpur25CTZjaRpBlrX2YwOZhjJreKiWKjtTYfOx5Rmu3Y1PBk0irEBsdMaI/ElBTjew6pf2rYmIlqNBzxiWv2jZlUMWYC8GBIJgC+Gj2ZdOdmC6k5dvdknzs3Rhk5WXqimKFqZxWFz+qGyTfmZCLCgBQx71eOTYlEwNizqtzJxFoX9wboS+K+ERN10LK9+1LuN2YyuNt+kwm/0UVgK0gm+zKYTKiPrjb0Su60bI8V7JakKSlRNt9LlqRQZa3R0mrpU+z+dTuZULSIL5mfQBA5FnXeZ0KXhj8MDSaTRi6SULTGmiJPy71kQvtciIr7QLRcJJpW6IiVy3mlOSQ5sPtMIvNWWZ/BZMJWpsINnd1X47zPhA3enJUpaQzWz4Z1pqWS1qor1s0q1hhIVHztW4okZw3zPpPTjS0tm2E/w2UpFE2X9EYd95kA7AXJBMBXoyaTtaVLs/mrzTvuctJcLaXOl9du7T+dbFVTH1tWKvXa6pOZ86vurXBfO+sr7qKxGHMyYX07K2Pwx3XxEUOh6WjT7FkOSSb9T2pH2OcnSYlFjXVtqeB6aeYE+2AitcWeLnYSRIwwH1znt4s4dttvMjG6TfG5SenVVgTJZJ8Gk0nb+lQ0JWbPYupIcrpu/expVdgnJZB4umg4kkmzEBP3dNDr395QQrwSscn8LLVKazCZGN2WHGKXj00IdCQTuqy5E+Jukw7/hCvWGhvDZnMZ3cZ8RBKf6+UyNJm0Kmx4cPCzuSiByGfVIfUb7Dti6GdzUXxiAyO7tdBp/naS9Y0Ty7BBI72eT+CzuQDuC8kEwFejJpPtnTupTHnNXcysKYWtOzvbnWG/fu+rvFDYcpcZqQXcWP+wls4X3EX+G2cy0XU9wgdJ+j/a9wF0nd2XIt4jh2DrqEk7tE6sxuWc+KjfUDhaE58mDQATbzzJ5Ovf/MmnP/+dH/3kl1/9xo9+8W+/ppJPfOZb7p0AgmjUZELul0zcZQ+lo5VT58u1ltV57e5u376WWljdvn3bYGMC5UymsLK2Ub1SsuNKKnMl9bHl2trVtSZ7RzM1W9SearBpZkc1z1A4mV0ea9dsnMlEvH9c2drXfZ8tFkvmKu5iCBy60NF0b4QDAMBD40kmN259wflQ3/lSffOTtHzt6R/TQwot2vVPN7Y++/bb797joYWWj3/y6fadL9PDb33nn5o3P/9U8zNi6/vv36WH9FxKO846ASaTl8mktrZhLhp7A/DAycS8dyVTWKrac1padsZQsoUU/+h9QhFFrNDOa9b997q6XNriAzXair3DkbPTGPPIyTiTCQAAwCMxnmRCGeO119+yH/7++Zc//omnX3r5tbfefvfFl17Vd7/0s//xH898/186//2r93gy+fO//Dr9+68/f5YebjY/891n/vnHP/0lBRh6+I2//yk9fPa5F779vZ/ZFQJMLC+TCa2YJTxFjJBMTJ1W3fwkYkcySWWKZWvmAx1C3CBPhWaRYSxlWaqxF7v8SNmulzODH0vgJyQTAAAIvPEkE/Kpz31749qn/+KvvkHrFEjs2VydP/87ex9av3v3A9p0Q/9rUfL0t376yiuvi/XrNz9P/375qz/8/g//p/0UgAk30cmEXDCjRS+ZZDKFi+vmvSvlhcI2X3Emk9UnPDjuoUaxpNywhpDGBckEAAACb2zJRHjhD698/BNPO5OJc6IXFYpNdlyh9d/9/qWXXn5NLKLw1dfevNb63Le/izETOAQmPZmkMuKvCuzayWRprpB6wryxxTGbq5dMdHX54vq4++WTpDvm0RIByQQAAAJvzMnkHh8Y6Rsz4TO47E1izMROJl97+scvvvSqvYPtnXffa/bfuwIwmSYxmawtL4uJWJmFZTthrC0VqeQmX79zc4P9tZO5om597pczmZDN1TKrYe7SvHL07oDfueEuGQskEwAACLzxJBNKGj/6yS9p0Xe/9Kt//y2VNLY++9Of/S9KHW+8+Xbr9t/8+Ke//ME//ty+z8Q5xWvj2qc+/fnv0LM+/omn6eHf/O0/PPvcCz/7H/9xxxFpACaWB8mkd+P7wLKvz06CQw3JBAAAAm88yQTgyPIgmQAYSCYAAHAEIJkA+ArJBLyBZAIAAIGHZALgKyQT8AaSCQAABB6SCYCvkEzAG0gmAAAQeEgmAL5CMgFvIJkAAEDgIZkA+ArJBLyBZAIAAIGHZALgKyQT8AaSCQAABB6SCYCvkEzAG0gmAAAQeEgmAL5CMgFvIJkAAEDgIZkA+ArJBLyBZAIAAIGHZALgKyQT8AaSCQAABN54ksmbb7/vLgKYVN42VyQT8AaSCQAABN54kgnAkYVkAt5AMgEAgMBDMgHwFZIJeAPJBAAAAg/JBMBXSCbgDSQTAAAIPCQTAF8hmYA3kEwAACDwkEwAfIVkAt5AMgEAgMBDMgHwFZIJeAPJBAAAAg/JBMBXSCbgDSQTAAAIPCQTAF8hmYA3kEwAACDwkEwAfIVkAt5AMgEAgMBDMgHwFZIJeAPJBAAAAm/SksmNW18QK5vNz/RvARji7t27H3zwgf3w2WefdWycCEgm4A0kEwAACLxHnkzeefe99p0vv/Hm2+LhXsnkgw8+vLn9N/XNT17b+tz//+zzzk1wlD3zzDPf+973RDihlNJut917PGpIJuCNyUkmEhN1l44gf4IqTKruYgAvlebirOUeC8fO5s0ivTSz2unbCeDhaHNyw122b/rl06qPP6oPq0eeTL781R/udL/yub/+nni4VzLZuv3Xzod3737wic98y1kCR9ZXvvKV7e3t9957j/51jp9MCCQT8MbkJJNcOp1VNHfpCNobSm615S4F8I6Wi0XP5nXSqCtz8VjOywYMAB565MnkZvuL3/rOPzWtQLJXMrHLBX3nS/XNT9Lytad/TA8//fnv0PoXv/z9t99+lx5SaHn5ldc//smn23e+TA+pftr6VPMzYqt4SMvXv/kTZ51wSL377rsUTqgxf+97Zr6dKEgm4I1xJpP8CSm+pOvVnCRJsbOl9kaevdk8FdLabKs9ZkL/1bstOcQep61okT0VCU1Joeloq+uo0WjSPlRhPBKSQnKjYySOh6jCSIK9e90bM1GTkpxV0zF6HJqOiWd2tipUIYnPYVhlHJqLdO2a9JpH06rRbanpKF0NlV/edqOUPRVlrSJtXgvpRJ7v8LgUV3Szgo4UybF9L2dDjutI19Zo16kkscjaUT4RsVuURU1WO61KWrQ6UURHZA0sJFNzohqkaI4X1yU5XecNjBoP/VtbnImFWUPMb7AaeRMV+OBePVvqOxB9O6Ur9C3SzNtDddRuWas7McMfsTOJTbMK7TOZOSlaOtM0n8S1VNE+uSS9ek3zRUvQRk2ZYfVMmS8g+xJOmCM2tAf/nx0rekySjkXiuZpVqUk5y74XomfEObSdVRHpXC1Hp03fRoua0dbo9MQ3FHiFLld7jf3UoteYHibox9cx/mrzSymaQVSK1RcTdJno8unih15bo7YSisSz/KeiaPniStktX1wpai28AbJ2Ybf8hjmMxy831XL0fu492mRy9+4HFB7efe994+Nff+fd9+7tnUz++V/+o3Hjs6++9qZ4+Nbb79pjJl/+6g9/9/uXaOVX/+s3tM89nky+9o0fia3/9qvf/PBHPxfr9lbxEIJhX8mE4sG2Az107+E1JBPwxpiTCZHPlHSNhRMpNq83Solp9svX6E8m1Bdib0MX2S9mKslR7246qeqGvpoUJRaWTKjChq7HeDeuvqXzCqWi3p9MaK3SoAplWjtLZQ36X+V9XipJlDH3xnfUW0rwjryuxGOLZidc7p+/Z3fL6OqIPn9apjzCprd0SgnllmPXrhrlldBT5jdZQT0jS1Oy2ChJM709DdXOG1aPrYd16LeUGG9UjVwkd0oKn2eHc00stLr7jL4Uz12n/4px3m6p4bXandIZs62xp1vJpHJGappBWpfOVMSZiMfiTOjfunhsNOWstcqJbwqinpV0vqd8VjVzUCMnXkmSOyF19kgmUmRelNBz847QQ19mL1A12PeWWKWq+EnSoSOihF7SpMq+NeiSqX3vCMBI6HI1xOvZrdNPNr5GrzG7EI5kwq67KBEXV5JneAG7Lg1Hy2ebrJYvrpQzmdgtnxoorUQkc09K0fwb6wh5tMmEQsWzz71AK8+/8PKXvvL9e3snE+GZ7/8L7fCrf/+tM5k4h1OoUGx6iw+PiBIxQiIWKvnil//hWutzX/q7H9jPgsOLYgkFDJFJKJ/sK5y4N/gDyQS8MfZkYnaSaE38Wm2cDzsCibVivudcl/gbyfRLNXpB/L5miULUxrFkIiqkDpwkhdkerEJW6EomfP96Vua/5q+zaCSqmH9McnUKwQ/UNypaXS3Ws+ecPX6D72MlEzMYsKv5GOthF0+xLrhD004m4uLxvteM2NafK9Te9VWTzj66IZKJ0aA2YPD2ySrhhxP/2pKO84xP8XU6sNgzrrBHZ80mylqclUySYk9OmkoOngkdzuocDiYT9m66wWsWycQ+c9bvtHICrZd2hyeTXoUUopaskSejRTnMWu970fg6Oyh9P9gl5oEGXjcYhaM5NfkbJYzIJM5kYu5hhoqWdM4c+2IpfavX8g3WWmbMNatd8UpZu7DLzZ+urB1yu6VY4WhNdh2eTIozH/3IR9w9LB/c7vytnRlutr9470HJhLzwh1c+/omn95VMfvf7l156+TWxiMKvf/MnFE6+/d2f2U+EQ+oHP/iBfQc8pRRqw+49hhnPaImAZALeGHsyMTMHrYkV/nvXnUxEp1MEjyYvCU2Hw4+Zi1mdtYOoh6cP9kuXV7hXMmmyQurD8RK7wvCce7oLeM7qLfV1c0X3i9Ji5Jyib3ccycTqP/H3kjusu8xGG9SkLE1FGjrrq9vJxGwr1rvC/Ol9ycRqTuah26wWqd5gnXWzQ68mKTXxHjnLrtRpY+2m25SmT+cqWrvT60rqS/E8j1WtQow/VxcBIC2LRttgT7SSCZ0QuwXF1B48ExI5xtp96DjPIbe0Ckdn1mko/DtCSldY97H36jm+ZPGA6hmaTHrH6l93piznE3udV6tk6CWD0fUlE2vm34OSiRo9r9mNqcNnIdrXpPf98sBkEp3vtciRfpwfPsOTyVjGTO7e/UCkEYHWqeSByeTV1978y099k4LHX33670XJ157+sZjN9fNfPvcUf5Yzmfzbr36z1/0kYnIXgK88SybXm60r5aupTOGJ/JW1ujU2DEfGoUgmbMbJVGx+jXUl60pR1GbvIOrZXzLhYy9UIXV5O9uNmv2GMvhmaDeXd7+aUqIkxkOofy+2OJIJm/GSXMyJmSe0v7nvWvrByaTT4hP03XmAtYEEv8WiW7d64c3wXDa9Zu6TnQuLqnuzZXj7YbO+YlY/ns0BYxOuanNRaSrU6jSLj4dDJ/hkLcdsLmsCluA+E/rvtDmQ5Jbn07RszmRC9duzueYjbLfaOUl6zBzosJq6Y+bYBTHe0uFZrH82VzNv94CpKnM2F5KJzw6UTAz6GShKhIMlE3vy3hH0CJPJt77zT8+/8LL9kNa//NUf7pVM/uKvvlHf/OTmjc9+8rPfFiUf/+TT641Pfeu7/0Trn//iM6474O1kQn7441+IYZnP/Q2b6nND/2tR1Wuvv2XvA+ATz5IJZRLnUq6IX85wVByKZGJc5/fKm3in03TgZMJuD7Ch1zUGQ7u5ovslSXJC0Rprijwtiy19yYT1ySQx64nfcZTQ9UYkJD8wmVB/nc9icucBfm+F3NL15PGQ3QuXZNmcubRbkWXeWnYrUiyrNvRK7rRsnmeE0qx4u9m+MWAI+w74WxUpfFrbatQrlWimNngm7LZ+i7gB2tYq8g8jlszb9PuSCXtBwqdzakurmL1VPktR22KnanU9VXoxS1pL5SfPQk41KZ3iqb6t0lk1trRshsWz5mLMrkoMByGZ+O1gySR3XEorFa1aKS2mnXsa+0kmWi4STSstrVa5nFeO2DV9hMkE4CjwIJmIKKI91ffDaX5hmQqdJRBs40wmAAdj3w4+acJTklJlc2zql/PpUzPuzQ8S4XdGCcVTjpyzW7GGkZjehKt9cM7gAgAkEwB/jZpMKJBcWLziLuWo3BVXHt7SE8XMbCE1qygVfK7/4YBkAhOso29pykxYvJcfPMlp9mlypKWVrM9oEprS8aQYnck9frAvH8kEoA+SCYCvRk0m87nlG1vOz+DsoXLa2unccW94oK1q6mPLSqVeW30yc37VvRXua2d9xV00FkgmMMFabDYT/5sPwdRSxV8zCYWj4iYQm/iTIxL7SxQHGDAxkEwAXJBMAHw1ajJJZQpPbd4QE7rswouFFbt8VV137P5QyguFLXeZj1afCNqss6Xzj+ArQjIBAIDAQzIB8JUHyaS4/OTQZCLK8wX2IS37Us0XNPdf49JSijmt62KmMM8//vJiRmlWy+zQs8rmDt+2Xk5lV6oKu8Xl4uo1+8krvGTuYnVzW9SrLT1l3LnBPklsu8n+dZ3/obfTmF0e99++QjIBAIDAQzIB8NWoyWRldV3kkMFkMlj+0Lpzs+yJS1V7FsHQZNILMBlxlHUWVMwnFJUVPqtBW1KqIrd0G0tzBVGWyigX10Upq0esBMpOY8wjJ0gmAAAQeEgmAL4aNZmQW7e2c0+UnAnk8pUaPaTygyYTU6dVT80u89XhycTec03hE8BYMrH/SIUmdltwnsB6eemp3iYhkMlku17OzPG/tDAuSCYAABB4SCYAvvIgmZBO545a3XCWiE/lGjGZkFnz6Q9KJoWBZNLdOMLJpEuxpNwwB4XGA8kEAAACD8kEwFfeJJO9jJ5MUhmF/99KXbjKV7opRzJZs/q3ztlc4tP71wrWbK6isio+rMYxm8uZTJbnRzrDycNiibvMf0gmAAAQeEgmAL7yMpk8kb/ijCK3dDab6wB3wK8tsxvWacksLNtv+29W2ISxuYvV8kIvmWyuDtwBnymK+92dd8DXeIVzF59cv2XeAe9MJsbOtdET1ATZueEuGQskEwAACLzxJJM3337fXQQwqbxtrl4mE/uWd+eyvtFLCN4aMgur7z4TGCskEwAACLzxJJMX//Pt3734JhYsh2Kh5upuwSPwMpmMGZLJREEyAQCAwBtPMgE4spBMwBtIJgAAEHhIJgC+OsTJBCYKkgkAAAQekgmAr5BMwBtIJgAAEHhIJgC+QjIBbyCZAABA4CGZAPgKyQS8gWQCAACBh2QC4CskE/AGkgkAAAQekgmAr5BMwBtIJgAAEHhIJgC+QjIBbyCZAABA4CGZAPgKyQS8gWQCAACBh2QC4CskE/AGkgkAAAQekgmAr5BMwBtIJgAAEHhIJgC+QjIBbyCZAABA4I0tmfzZp179r8Yrf9p+GQuWSV6oobrb7miQTMAbSCYAABB440kmP3vx7mAXEAuWyVyoubpb8AiQTMAbSCYAABB440kmGC3BcogWaq7uFjwCJBPwBpIJAAAE3niSyWDnDwuWSV7cLXgESCbgDSQTAAAIPCQTLFgGF3cLHgGSCXgDyQQAAAIPyQQLlsHF3YJHgGQC3kAyAQCAwEMywYJlcHG34BEgmYA3kEwAACDwkEywYBlc3C14BEgm4I1DnUwkSco33YUAD0+bD4sWFJUk1yYACBIkEyxYBhd3Cx4Bkgl4Y5zJROrn3rx/SCYBo13OhqZY2wifnOm4N/pCm5MbfAXJBCDYkEywYBlc3C14BEgm4I1xJhPdko9L0lTMvXn/kEyCJDwlOx+WzsjjvLZIJgDBhmSCBcvg4m7BI0AyAW+MM5nYKFHECqzbWcolYo/J7GG6IjZRB7G0a8SmQ8mqYTTzkpTQq1k+wNJpqfnwMVoN5eu6XY9IJs3FmCeDMOAbNWmNlUlJlR63GyU5RBdTbnX59m49UWr3PYNKyh1ZktNrZkHEusTx4+yZyoa5vxRTcqcirK6TM2bJuRqV0E6JRc1oa7QiTYU0vnvjcpY9lKT0asvgp7XHbK42NUJWZzRBD1qrrBFS/eZBm3lly2iWZqhQbdHWNGuX0x6EbQDwCZIJFiyDi7sFjwDJBLwx9mTSVChETMXFg/pSvqK1jK5OHbtsnZVEea8xfjZd00UyoR5fJJ3O8adWGu1Op5FjhaeKBk8mFGNYspGk/l4tTKjstPtKSSfyhqEXT7FgQG2jvtXudDsUX9imx+Z1JS5NsWxAmULO1I3dSmLKjBDqWVmKsIYh2aFiVxWxR5IioqCekZOqOS9MkmbM3bgkr2evZGKnIGa3Ejkv5ny16aBsjVqmFaTiklkDRanohXEO8wDAPiCZYMEyuLhb8AiQTMAbY04mMX4Xgd035WMmYZ4sRJeSJxOxZpjJxNqXj5mwt7E51p1lXVJ5mv6J5kS/ESZcPZtUzYvf2VLDYX416VLqxbgUpUK6kmKreX3Zw07ljKTzjNFgg2NREVqYZl7EiV6JtS6eznZZjFqNiTaxQ1gjb4yxdzKxazD6K6GDsuYp/uWSvSc2e00XYE9N0fyii8ixYzU8mdSevFwsuntYIxjs+WEZXP5L95WX3/nww3v33nr/w//7b18b3IEWKv/2b94fLN9r+cUrdwcLsTxwcbfgESCZgDfGmky6/FeyPGM+3K3xX9ChdJpNhrl/MmkW2Hwt6VgknWZTaOxkYjph9mhhktkDJm01KUtSvcFm5bFLuaXERDKRs2JP8/qKlrCWpuSZlllLGDmZtKWpSEPXqSHnTyCZwCPRqXC16+P5lAcwDU8mGDN5FMtf/OKdf/j9+098781P/urdj37Bm2Ty6rsfipX2v74zuBXLXou7BY8AyQS8Mc5kwm4FeLzYtO6DF7cexAstY7fxwGRC/UhS6xh6hd+wYCWTfNPgvVzJfjMeJlOnmrSvEbuaiRJb69b5pWxRNKFH4p6i0Il0c+m0dIxlFYGSp3SG34m0y662KCwlJPdsrrY1m2uvZNLMJ0pmd1AeNmaib9bqW2yH/tlcqj2biw4qZnMhmQAcLkgmk7P860t3/+xTrzpLXn/vw/WfvE0r//0X72S+9caf8mTy/efff/+De8+/+cHy998Su/3jC6yE/PnP33njvQ/f/eDeN3/9nl0D/fv/fPV1cSFEbVgeuDhb74iQTMAb40wmYnjDRj3COLtLWYok8pUzD0gmRrdZOss2pldb1Gt0JhOmznq0TXEvNUwgxw3w7Pp2W2qaDYKlKy0zRXQb8hmeVYahPFB3XNyE6w54KZk174mE2SEAACn3SURBVIBPmyV7JRPDSJ+UxZ61c0OSSXJaCp0WkUk374Dndep11hSdd8AjmQAcLkgmk7P8t7/8TwoYb73/4eNff12UDE0mz73+Aa3Ev/r6H94yx0P++La58t4H7KX+6Bdee/Y1to+oQaz8/GVM69rH4m7BI0AyAW+MM5kA3EcyLGWVmvm50mnzMxKEXMQxgjHAOZsLAGAoJJOJWiiTfOs371E++S/dV/50j2Ty3d+as7nssPFL62aSwRwyWILlYRZ3Cx6Bn8nk1rU77iIILCQTmGQtXW+oWfm+YxFIJgDwQEgmE7h87DtvUhT5U0cy+dy/v2snkx88704m98khgyVYHmZxt+AR+JVMqgUllVuer7BP+h+zVKbsLgL/IZkAAEDgIZlMzvL//Y7d/k4J5A9vfRj7Ozah66W3P/zlK3f/36+9/tb7H9rJ5L0P7qX//o1/fvHuK++4U8dgDrFLvv2b98s/fOv/+kzffSxY9lrcLXgEviST9Sul1Kxyx9AOmExa1VSmsLBq/hU8YS5TuLjuLNjTvpLJ0lxh210GB4FkAgAAgYdkMjnL959/X7xc//iCOSqy9uO3Xn7nw7sf3rvzP3uzuWjddQf8YA4ZLKGo8+G9e+o/mk/Bcv+lv/2OZNRkMjtboBTRt2QvXdPFNK6DJ5PFwpVU5lKvpNtYWFrxLJloK1vuogDZacwuP4K/yoFkAgAAgYdkggXL4OJuwSMYMZk0+mPJ8s1tZ49Tm1Wubt7a/+cctaoXaxuLswW7oHP1yopW9SqZaEUlyMnEMJbO9166sUEyAQCAwEMywYJlcHG34BGMmEy0/mTiigR869xqf+FDaPEQ8tSKovFUo19dyBSM9bJIJpRSMgvla7duLn6ssMb7t1uVYllRllc3tNvsoTiNi3OFphi52dFSHytpT23OzhYyimZ0d5cXCpu3b2/fZnuXF0QnvkUrmdlibW1DOV8oiY//7DZSCyu0W3OtnFHqvOjQoHAy5pETJBMAAAg8JBMsWAYXdwsewYjJxK/ZXCKEpGav0L+l84XMUsNOJoO7UTIxswRHyYRiydqO+XApaw0gtKrzGbZOIcQeM3Emk5vWfikKMLzaNWu3VKZorR4W3e3aldWt8X06GpIJAAAEHpIJFiyDi7sFj2DUZGLwzr3IJDfv3Lm2VlWeuETrm9vd0ZMJGyph975fYsHDTibb11aWSxmeiOxkYkcIg6UIdgL2w4X+4GTsnUysMjOZbKvLZev0U9kVa+vhsF0vZ+b2/HtzfkAyAQCAwEMywYJlcHG34BF4kEwump3+vlGFkT412EomnVpp5VbD/JAuM5nsUkgQk7yM66t7JJOyYeipOXNqWW/MxPKQyYRcyPIvbW55fEMPXqBYUm5YY0bjgmQCAACBh2SCBcvg4m7BI/AgmWhFxR6O6HPgv7RoJRP6CUDVdsSqNWZCJXNL9eZT9dT5S3snE2NnvWzmoh0tNavU1jZWSlcWzi9TQfPKpQtXtObtG50HJJPN2eI1q/DQ2K5fGX8sMZBMAADgCEAywYJlcHG34BF4kEyMp1YyPJmssRlcXuglEyNjBx4rmayXltnNLbPKzTvN+yQTnmouLV9np1RbXqbTy3ysuLDMb2Tv6mIy2M0HJBOWi8SSya1YWyfezg13yVggmQAAQOAhmWDBMri4W/AIvEgm5M7N5eWqV8FkQsxnlN6D+hX7nhMYCskEAAACD8kEC5bBxd2CR+BRMgkiZa6w8tSN7du3b17bHDJXDfohmQAAQOAhmWDBMri4W/AIkEz2tn1tVtwBn1VWNrfdW6EfkgkAAATeeJLJfzVeGez8YcEymQs1V3cLHgGSCXjD82SyCwAAMGF2uDan6/qNGzc0TVNV9cqVK+4e1gh+9uLdwf4fFiyTuVBzdbfgESCZgDc8TyYAAACTZjxjJuTPPvUqRk6wTP5CDdXddkeDZALeQDIBAIDAG1syATiakEzAG0gmAAAQeEgmAL5CMgFvIJkAAEDgIZkA+ArJBLyBZAIAAIGHZALgKyQT8AaSCQAABB6SCYCvkEzAG0gmAAAQeEgmAL5CMgFvIJkAAEDgIZkA+ArJBLyBZAIAAIGHZALgKyQT8AaSCQAABB6SCYCvkEzAG0gmAAAQeEgmAL5CMgFvIJkAAEDgIZkA+ArJBLyBZAIAAIGHZALgKyQT8AaSCQAABB6SCYCvkEzAG0gmAAAQeEgmAL5CMgFvTGwyqaXDkiQ1DUNN0v9RVrRbk6SQe78DaSoxKZxma97VCSPRayG6zDktFM7Wu+6Ne2kuRlV32YOFwunawzXkwT2pNTb7Cg7iAKdN3wTuIjgStJjCWpzVZsyHI5oPh0Q9IfFj8GhAMgHwFZIJeGOcyYR+uUq2E3n35n7tDSWbZr81e8nEaKfTuf693GjXpNXp44eL5of+Hm+pWUXjaw+uE3ynF+MH6nkfoIs/ol4yaZVmwlJWqeu6rlXyUnim1OrfdW8HOG0kkyChVqRUTLXrHffmYR6+zUT7mooaXRz6E/AoQjIB8BWSCXhj7MkkOr+hM9sP9fvY6EsmD/awyQQmSjPf3516WA/fXfOKnUxiISl2XoRbRjsfk6aT9sP7O8BpI5kEyQFG3h6+zSCZ7AXJBMBXSCbgjfEnk15UaOYpSITDshhEiZ2M2AMqtDF/gq2ozmTC96f/O9V0eMratb87KO2RTKy9GWNYnUYj1zt8TGElbKc4f/ywPU64D7oc+WRYqVR0wyjOxNOLFX1Lk6QIXU99Y54uFcVVg10pcQE70lS4Uq3l03nn5K54Ol/RWtrlZCTXEHXK4UhD13OnZXOSS1ORT+d0vRGZkmRek7OjJkbqzEM08+FwmGpT6clin25dOp4s8ZKk2u7tabSlqUhL15PHQ/K0zI6zllb5t0J9MUHtIxxlLaRTTjR4qwkfi9IptbQSnQE7TiEmSbK2pednIqJas5d5PR8+x6sfPJPdGp0Jq+NyVoqxc7aSSVsKxfiKiSqPns3XqhVlLksPY1MSq2dxhr58diSYSO5k0sync+n4OUVvqFJkPvJ4ji6ickbmbdyMFlYysZKG1c7pWot2bhuaTLLxRE6ps/qnEgZvTqLc/OG2xrbTN+DpaUm8YxSVouFwvFKp9Go6/JBMAHyFZALeGHsyMbHfizwViM7iDK08Ns9+ERsNid9ecp9kImrhVeq0UrMP0J9AuL4xE17V8DpdO9krzYe+5wHujyWTgXdv6Srzbb0xExEGWoWYet9XXjQbqrPI4gwvkbN159hCV01Oma3FLBlIJvEl88mi26fEHHtKLACIPZsXotbJdEoJs3GyR3oxvcb+j0ozfKtKXyC1mrrY1zoZdvvMdbOEUowhDnddCZ3kAZg9dp+JWT9H6x1elXouTGnNLhf6hxPV6AXrJe6q4fP8+wkmj/hBJLiaomNwrMlb3/Bk4tjNEO3c5pgyy7jGTMQT3cnEppop52BjmBNueDIpznz0Ix9x97AAYP+QTMAbY08m5mwuVpNIJvxXIftNfVb8TmxKD0om4jeuqJNWnP1depi4zGeL6bp2vjdmkkvExLP2qtPQG6VcIjRl7sNK7IgCXnBOR2mp+ZmT7BMOzFd4IJm431S25M/GwuEQe5qVTOw6xRMdPaqm6N/fJ5k4h9dU0Qh7WPMYPBmxnpV5ndWkSCxm966Zp4fOna1k0ntPW5wMG+qZlrIbVumwM7G2mRWa5/Z4yS4X+nqWjnrY91H/W+kwOVTHfSYskTgu3EMmE2erduZYg2+y6ibzYv/G5Ww82vuOcycT+uk3F+ffVzwpHalkUnvycrHo7mEBwP4hmYA3xp9MXLO5esnE/OX84GQi3hTkOw8ZM3F28sTheA1xw3qrcmidvEpepx1IkEw81UsRejGuWO8Qi7d7B5KJY5iip3hKsgZIemMmypZVIsZM7PePh4yZdO6fTFw9PMNxMnYbU886xky69ehcvd0oRSKR9q1KcpoVDksmw8ZMDGM+Yk24GjgT5+iNPWZC6+1SIm9VJfSPmdQwZnIouIP3/pNJr533rxvuUMH3r2fF4B6JDUsmkpwWcybZWCXf7QglE8zmAvAIkgl4Y/zJpHcH/EGTidg0v9bSFDbL33krfa8a63DOZBKb2rNOtoGv5PjgCtuEZOKpXjJp5hMl86KZt1UMJBOjkUuUejdK6JssGog+OtOt28nEDDndupxhs6jUpNzgfSzqxPObWMyumCi6fzJp5CID/X6+Sz2bVPmRd6l61jhr58w6E5FQKJJor2Ul+m+R3RA/mEzoKREzJLSlCPsgOPOluJ4z5/AMnAn9a3/1EasryR+1pWl2P4mhN2pr7LPAEn290o4UmRdr9OXzuxRgEo2eTOx2brBWytq5bUgyUZPzm+Zj8TPNnUzMmbSGEj96YyZIJgAeQTIBb4w9mVioj3jQZMK0anJIko6Ftf77fHvVmIcTQzTtCNs50t6tUE9uaJ3ttVycdpoKae2OeRQkE0/1kolhpE+yqyefTJtd/MFkQnFAmZHEPrqRnOajJd0We5okpSstO5l0Wmpoiu1mVk0tJ8E+y2BGsZpGWxOT9NKr5rP2SiakMhePHKN9Q+kl1lWzT0ZNs8BKNVCPn/cp21Js3tX2hMFkQvQ6a2byyRnx0D5c7gS/kWnomfAjUqNt8Q6oXVV7dWZmtV07J0uh07ygEz/OXpTQcZa96Uj0xYamYzPmh2LDJOI/WkwsIew/mRhWO6dr7WqGQ5IJJVjeSCKJvBiOcyUTbTHBmv2xiN5UxIkgmQDAfiGZgDfGmUwmRFvXqadLfVd2L8oF1v9z7wGB5kivo6BMlBdJKZbAn8SBw8SVTI4IJBMAXyGZgDeOYDIxB27OVKx3LfvmQkCgsc9ZlU7ZH+gFcOQ09JbM7soyvxfcm4MLyQTAV0gm4I0jmEwAAOCoQTIB8NXIyURvKEtlsejWjXTrlVVRsn5r4GNxIKCQTAAAIPCQTAB8NWoy2aoUU5mCWMrWx27OzZol8xX2qS9wFCCZAABA4CGZAPjKs2TSH0K6wwr3S0+df9JdBpMKyQQAAAIPyQTAV14kk1llcekK5ZCL9W1e1s2wWKLMzo6UTLSisvREwV0KkwrJBAAAAg/JBMBXoyaTmytFZX3HTiO0sl0vi5Sys16eX7npfsJD6jaUbGFbXa6hB3tIIJkAAEDgIZkA+GrUZOIgwglbrMGTg6tdLKSeWDOM3dSFq2bRerlUKSqV+hr/81DlhYKyulFbXUktVLf4bfalhUu1p25s32jQCdj1wNggmQAAQOAhmQD4ysNkYjSvmPec3HFv2beFTGHxKuu8ZjKXzKL1cmqubO+Qypifnp6x9rStXCgcdKQGDg7JBAAAAg/JBMBXIyeTrtnFFJO4FpeuWNO6mM4BPzT4hkg4YtFEJevlcu+mFTYw0lsUjYpurj05O2eWWB8SBuODZAIAAIGHZALgq1GTiR93wGtLCp+xJdxIXdzoGK5kcju1UO3tQq6vLqyaf465mkcyeQSQTAAAIPCQTAB85UUyMccuzHESwxo/SR30U4MXZ/tuFElllld0VzIxnIdjtPJi3RygWZhFMnkEkEwAACDwkEwAfOVdMpntRYWd9VGSid67651bfaLA/rBJfzIxutvzH1PYIZSqxgdLLi6wh5nzpZ1aCclk/JBMAAAg8JBMAHw1ajIx9IayVBaLbt1Vsl5ZFSXrtw54owkcOkgmAAAQeEgmAL4aOZkAcJ4nk10AAIAJs8O1OV3Xb9y4oWmaqqpXrlxx97AAYP+QTMAbnicTAACASYMxEwBfIZmAN5BMAAAg8JBMAHyFZALeQDIBAIDAQzIB8BWSCXgDyQQAAAIPyQTAV0gm4A0kEwAACDwkEwBfIZmAN5BMAAAg8JBMAHyFZALeQDIBAIDAQzIB8BWSCXgDyQQAAAIPyQTAV0gm4A0kEwAACDwkEwBfIZmAN5BMAAAg8JBMAHyFZALeQDIBAIDAQzIB8BWSCXgDyQQAAAIPyQTAV0gm4A0kEwAACDwkEwBfIZmAN5BMAAAg8JBMAHyFZALeQDIBAIDAQzIB8BWSCXjjECeT3Zokhej//AmJqO7N90P7RxebzpL7VBKlDcmhW2C8Oo3QFF2MUNsqUJNS31XcJ7qu7iKH5mLU26t+kLNt5tH04D700una7j7bycDO1NSHfy8M7HmoIZkA+ArJBLxxiJOJ0U6nc8Z9Q8VekEwOo6wsuUoO0td3GN4bs+yVTGIhKV/RdKYRD0uanZMe5CBnG6yuIfhlX+1kYGckE3cPCwD2D8kEvDHOZEK9//D5RnsjT139xKImSoih10KS2enMnopQSXzO/H2onI3RQzkab3XFVhYTwicTucsN+q3JntsXKjppvoMkhfJ1XdRg6uqxcIhtCMd0nkySqy2ZFUjp1VZ/JUZdmWEPpkLKBut19pKJ3og9JrNNx8KtjqNyeAjU+2nq9dCUFDoeN4u6LXFR8vx1liXZ3jnCr6wmLkQoQle/nk+wdXIib+9GfX1tQ6GyyCmWUUm7UWKXNSSLBsMO2m3xkZaEYbWfWFoVW0VvrL0xH5sSza8dm2bnI5ofSyZ6LccbZK7Km1O3np12p6M0z0tJqqvaYU8PyQ2rbYjzj5zKqqyJ9ZJJq5RIqm37BenVz7ap7CWajpl5x+oazsekJj9nU1sT3xrRMyX2pNVs/Dj7skWLhQlHraVxeSZ6jH6SRHR+WaNSNN80qCRRZq2HLii7uGcVvntbNCT62dXpXWspnq4Ydn62I0T/91SPs8HQzqvUsuOsklxNVGInE1G5eegHVnuoIJkA+ArJBLwx5mQiTYfDvCsmOUJFctp82KmmzW2S6MM17IcNerRbsR9KZypDk0lvB0c3lygneQrhOjyZyNM8Y1h7Oipp2nuKTb1k0sj1tsREpwEeFvV+wuGwtqXnTst50UPv1nNKXW+o0lSismvkIr1OvySn2b9TkZZO23NyUu1s6xRN2EDFdi8UUl9fDp+mfZLHJTanhcLj0kxFa2mXk5EcazJ00HwyrFQIS8LxdF7XW5EpSWwVvTGKJeFz7PrWs3Lyska1nZ6W2vy5cjh8OqeyM5SirHIlLnJRJc06eSyEsEYR6fC+Ju2srDXo0LLZm+vQ+Td0PXtSlqZi4mzp626rSZnPQrRfELt+o6nQydD5q4szZiWia9htSuG+t7TZt0w4XqvW0vm6wb4Q+XSuwuvpa/Ywmai1UMNiF5q+Gc6xbEDJJLuYzCoV7Ra1YcoMcoO3aoqjzUJMfCOUFtk3hcyutapvaYl5HkncyaT3PeU4YH+DaeZl+jn8eI5ansx/hNrJhA5NlduHHlptZaRfAo8SkgmAr5BMwBvjTiZSosTroLVs3cwDM6v8fbjrOfr1GL3AOq3zj0kybdaLtDV9mfUpmTp7HzGnWjNihiQTG0sXzpkz9FC51ffQmqBVE3valahn2RnZuxX1YbO5qI9pDfLAQ6LeT9EcGGi6Xk824EAFu6VEiaeOepaCQ6sQY102LsFf7eTAa07XgXXMmY50yqqeowjRFMlkYAYV64fxgEGHjYV6YxHSlNX73y3FCi3HCbPmYbATCM9vstMz29LqDKu7mVdFMsma5yJiBusyWjXTOjV7NsKjJikFibedh9Vvtn+2LoZx2NvbTSnEgo1DSzrreAHVZO56b52dIUw2Z0uO83X2o8+aX8re9tgSqw3pXI2iLyUTO46zFLpotfrBZGLp/2bpbzDNfHzJ+lbkT7eTCR3a2okdemi1rpJDBMkEwFdIJuCNsScT8/eaWOsLFby7H5oOhx/jyxzrl+qbJbaHFTNaqjlqwd5oHEgm7M1FSYqfTafTbPKDo0c6JKhY/QBzk10JW5kKmefwWLi41UsmfGwnRLWnT7MZPo764MHMLhRfFa9nPiblKlq70+vuyFLE6NbF/CjWj+c3cwiGu7PFOO/cEFFElqR6g+1sJxO7H9VWk5Fzir7dcSQTqXY+YgYFehidtw9HLd35XJEcYnzKjb4UFx3DekZu8jETQ4SKXs+SJZO+u0rUJD2RShKlhhTLiyw0WD/rHlpFooQ18th8xD0SojrvknLWM9iVhAnkbMli3Xnp2ds3vYZoRhJ1cUaaCpt7dPR4JBSdY82wL5l0m87vKXNn/uy+2+ocjWQgmSTsI7NDW3sOfqseRkgmAL5CMgFvjD2ZxMX7xJJjzMT8Tbc5Hx64MZ10ttgkLvudb73OAgn7PTqQTNgKnwU0EEXYLK+SY4K0tHcyKSWk3nvnnJ1M6P+4ws8eYyb7N5hM7BtLYlZ3h03oYq8tuxHFOeYgDE0m1riKzsdMdLpC4vFgMimeksQbxbVz5s0qrBV1G3LSzCb2WJkwmBzMMZNbxUSx0Vqbjx2PKM12bGp4MmkVYoNjJrRHYkqK8T2H1D81bMxENRqO+MQ1+94Cr2LM5JAZOmbiSCbR3gV1UJOyYyYV/UxjDa8vmdSzzu8pe1d3g7lfMmFNt8fac/Bb9TBCMgHwFZIJeGPcyWSKxwrOLHFOxLouUgfD+5W9h6y/xvOAMHTMhP1etrZL/YMk2bC1hT9F2juZGEa7t6vVaRC/jeP2ycfY4EyvdngIg8mE+uhqQ6/kTst2d2e3RC1E3ARssMsUqqw1WlotfYpNmrf7cxQtxHQUahGRY1HnfSZ06fnD0GAyaeQiCUVrrCnsFiM7mdA+F6LiPhAtF4mmFTpi5XJeaQ5JDuw+k8i8VdZnMJmwlalwQ2f31TjvM2GDN2dlShqD9bNhnWmppLXqinWzitU1jIqvfUuR5Kwhhu/CpxtbWjbD7oCXpVA0XdIbddxncihQa2EXrO8+k16PXy8n6DuiVNUqFSVdNWqZ6MwiG0Rh937QT6E5paa1WlpFmuat15lMdivO76ne8VwNZu9kQocOP56zD23vOeRb9RBCMgHwFZIJeGPcyeRErl5lM7Kcn83l/E0nPkAmNB1t0qF26+FjPAikWffLaFbEp2klcjX22UoDycToNsXnGqVXW5H+ZGJ0WqIq8cFQ0v2SidGqZMX98uGTM4YjmbTX2JlHEnmtzQZhrKrhoQwmE/EpbfR6KjG7u9OR5HTdGmqgC8GvgxRPFw1HMmkWYuKeDurrtzeUEK9EbFL5venpSmswmRhd9mls1Dw61aQzmVCzyZ0Qd5t0xAcTUfNrDJvNZXQb8xFJfK6Xy9Bk0qqwT3QY/GwuSiDyWXVI/QYbExz62VwUn9j76Lu10Gn+vaDXxXdKLMMnPdbzCXw21+FBrUVTZtgnufU+m6uvx0+XlzXEY2H1ltEsz4jPxYqdZZc+HuU/BUNyjY8A9iWT/u+pXnVGf4PZO5mQmZO8fn7oodUimQDAUEgm4I1xJ5ND/HsNfNdRk/xDsyZa43JOfNRvKByt8cgBsC+D8xJhDJBMAHyFZALeQDKBCUGNI5pG64DgQzJ5JJBMAHyFZALeGGcyAQAAeCSQTAB8hWQC3qCfzkgmAAAQbEgmAL5CMgHvIZkAAEAgIZkA+ArJBLyHZAIAAIGEZALgK8+SSSZTSA0s7p3gaEAyAQCAQEIyAfCVR8mk+STlkMWlsmIvT1xKZdifDjio7naznpll8WZhqaqJP7n8cMoLheq1m2vXd1MZZcmfTw5NzfI/BQB7QDIBAIBAQjIB8JVHyWS97BohuVa6lFqorpVWtQN1QdeWFKrwYulqrVrNzJaqO+4d7mPWOpPU7KVS3x/J80xq9oq7CByQTAAAIJCQTAB85UEy2X6yxOZuzV7qDZgssaCyfJ1CwvLKfoY7TPrVVL6+nzDSZ7Sxmj1l/Kk2kJBMAAAgkJBMAHzlQTJhwyOUTAobzkIq0ejfheqWs/ThbFWKlGoGrS0vU7WzuZXazTuiJLVwdUVZZpO+spe2u4ax2yjn2T5iAIciSpn/ZeXtzarj7peyYWgpRbNq1eYr4s8va0tPGYvnldQTa/Tgzk1tbo7tX73BjrW+VBRPZ9tYzWXxZDr6bJZSmbLJDs9czBT0+irtmXGc51GDZAIAAIGEZALgKw+SydB731k2aFWHBowHKi8UBvOMvrq8fF30/vXVJwoaXxUJhNtJza+KNXvMxEomu6nzT/KC5vK82H94MkllFKuwh746sa9zKEYkE21JsaeZLc0VxOAQJZM1UdhYteeVHTVIJgAAEEhIJgC+GjmZdBuDmYQt+TrlB/fOD4eeuO4uM5ayjtpa1QX1tuEYu3CuDyST26mFKi94QDKxVrjta/Pz7F4XWi7ysxlMJgvO4LFeXnqK/X+xV6g51o8WJBMAAAgkJBMAX42aTHZq/CaTgYWSw4WD9suvlYbcuT5CMmHjHjd37milYmpWbHpQMrn25NxsYWWjuX379jySyf4hmQAAQCAhmQD4atRkcnEgk4hlx+im8nX33g9rJ5VRLqzecBbp6vLSU4OzuR4qmShzrmlardSFq2Ly1Va5OJhMygsFa5ile58xE62orFr39ztnc1l7IZkMWZBMAADg8EIyAfDVqMlEyRaG3uW9vXZllY1qHFR3u1ldNf+eyeXNbV62uco+8ms2t1K9Yd7e8ZDJpLRgRaZZReeRZrNSmjPvXG8NJhM6+nqJ3Uk/v7SxPG8mE72+QiWrt0TN5rFqy8uinvVbvTvgxQqSydAFyQQAAA4vJBMAX42aTHY01l8funTc+z4i3VZmoVxb26BlZXk5U/Tnjy+CA5IJAAAEEpIJgK9GTSaTb32pcM1+0G2NMMcMHhaSCQAABBKSCYCvgp9M6MfIxRz7lK3Mx4oLS1fdG8EHSCYAABBISCYAvjoKyQTGDckEAAACCckEwFdIJuA9JBMAAAgkJBMAXyGZgPeQTAAAIJCQTAB8hWQC3kMyAQCAQEIyAfAVkgl4D8kEAAACCckEwFfPPPOMiCW08ifu7z+AA0EyAQCAQEIyAfDV5z//BZFMaOVP3N9/AAeCZAIAAIGEZALgK2en8U/c338AB4JkAgAAgYRkAuArJBPwHpIJAAAEEpIJgK+QTMB7SCYAABBISCYAvkIyAe8hmQAAQCAhmQD4CskEvIdkAgAAgYRkAuArJBPwXnCSiZqUJMld+BCi9LSk6i4F2FtpLk6tRjoWjp3Nm0V6aWa107cTADxqSCYAvkIyAe8hmSCZwL5ouVj0bF4njboyF4/lNPceADAZkEwAfIVkAt7zO5nkT0jxJV2v5qj/Hztbam/k2ZvNUyGtzbaqi+l4NEwF0QR/77mZp5xQ2jVi06FktVcJixwtNX1SlqSQ2hJlnVYlG6LH4RivyZFMrudjU3SwPCuRs2o6Joek0HTMfNpWJXuKhZFYuiRK7GSSnGanpprVgQeai9FWtxmakqJp1ejSJYzaV7DdKFkXwoyF0ok83+FxKa7oZgUdKZJj+17m19q6iHRhjXadShKLrB3lExG7RVnUZJVaSFq0OlFER5RZLXKryxtLNMeL65KcrnfZGrVV+re2OBML035SfoPVyNqEKcp3z5ZcLWQtXdllTdeOt9lTEdo7dGKGP2JnQu3ZeSYzJ9mJCE3zSVxLpdfKkqRXr2m+aAnaqCkzrJ4p8wVkX8IJc8QmamZydqzoMUk6FonnalalJuVsjH0NZ8Q5tJ1VEelcLUenHYrQS2q0NTq9iPiWBDjMkEwAfIVkAt4bQzIh8pmSrrFwIsXm9UYpwTJAnLY2y3llrcE6oBILMCKZsPWz6ZrVOTVE7zCSrDT0YoLCCeuEsa6fJNW3dOUMlchsJ5FM2irbMJ20S9jTdJ097Sz1HBts61RM11vsaUm1w3t14fONfIyV56/3Dgqjo751gnfkdSUeWzQ74bLo4lvoKokNdGVEnz8tUx6hVmF0SgnllmPXrhrlldBT5jdZQT0jS1P86rOnz/T2NFQ7b9A5uEbEWId+S4nxhtTIRXKnWANg5f0nZnX3GX0pnqO2oRfjvN1S9G21O6UzZqZlT7eSSeWM1OTHpb2lMxVxJuKxOBP6ty4eG005a61y4puCqGclne8pn7WSciMnXkmSOyF19kgmUmRelNBz847QQ19mL1DRA+tLo6r4SdKhI6KEXlL+bcEumWp+IQCHFZIJgK+QTMB7Y0kmZieJ1kSHsnE+PNgLZJ1OkUzkGecmgz/RfEO6nmXxw3wnO8xKbimiROSQvoDhmN+VlXk37jpLR6IbqsRpz2TNPLTGD4HhEo9R/7goEqaaZD17ztnjN/g+VjIxmwRrHo+xHnbxFOuCOzTtZCJ69PRcO5D0tyi11+lXk84+uiGSidGYf4ydBrVPVgk/nPjXlnScZ3zKamNiz7jCHp2VohdY1ax1WskkKfbkqIENngkdjrU/ZjCZsLERw5FM7DNnqcbKCbRe2h2eTHoVUohassN9i3KYtd73ovF1dlBJztol5oEGXjeAQ2d4MinOfPQjH3H3sABg/5BMwHtjSSZmrKA1scL7Q9SPbPKAIc2k07IzmQzc9cEih+gkNdlkMFFi9a5USUyJ4TmEi5qdYEcyYadxgs/voqet2htZz0+M0vByJBOPiVECxtHNFd1ouuKRc4q+3XEkEz7SxeiUGzusu8xGG9SkLE1FGjrrq9vJxGwOrCGZz3IlE7EnX2WHbrNapHqDddbNDr2apNTEe+R1Cq7Gbom1u25Tmj6dq2jtTi+Z6EtxkXVbhRh/ri4CALVafpQGe6KVTOiE2C0opvbgmZDIMdbeQsd5DrmlVTg6s06DxWySrrBZVr1Xz/EliwdUz9Bk0jtW/7ozZTmfyB+w180uGXrJYGQdcZVr1/ExCWM1PJlgzATAI0gm4L1HmUx4zJDP1YyOzlLCfpKJiBPWbC7e67JyCHss5gUNJhORhazZXNKZipjNxY54nd8AE8Pcei8N7ebybnRTSpREH4369wPJhDoU9eRijk/pYvub+66lH5xMOi2dveXvzgOsAST4LRbdutULb4bnsuk1c5/sXFhULYb1DN7q6F8268tuFWwOGJtwVZuLSlOhVqdZfDwcOsEnazlmc/WPvbnPhP47bQ4kueX5NC2bM5lQ/fZsrvkI2612TpIeMwc6rHbumDl2QYy3dHgW65/Nxb/LxCpVZc7mQjKBIEIyAfAVkgl471EmE+ojWmKR/SWT5iK7nVeQxf5WDqmdY6GDTWUZkkzYHQI20YO0jygKxf7giaHdXNEtpuuWULTGmiJPy0OSCT2cksSsJ3ZXxHRC1xuRkPzAZEL9dT6LyZ0H+L0VckvXk8dDdi9ckmVz5tJuRZb5pd+tSLGs2tArudOyeZ6R+TV7AIQN5pjVuth3wN+qSOHT2lajXqlEM7XBMxF3VQnsdnOHVpF/GLFk3qbfl0zYCxI+nVNbWoWiNXvMRnokbYudqnXfiEovZklrqfzkWcipJqVTRbalrdJZNba0bIbFM/r2sasSw0FIJhBISCYAvkIyAe/5nUwADsa+HXzShKckpapRUqlfzqdPzbg3P0hE3B/FFU85cs5uxRpGYnoTrvbBOYMLAJBMAPyFZALeQzKBCdPRtzRlJhzUz0lLTrNZiKSllcwPkTM1peNJMTqTe/xgXz6SCUAfJBMAXyGZgPeQTGDCtNhspoj5KVUB1FLFXzMJhaPiJhCb+JMjEvvLJwcYMDGQTABckEwAfIVkAt5DMgEAgEBCMgHwFZIJeA/JBAAAAgnJBMBXSCbgPSQTAAAIJCQTAF8hmYD3kEwAACCQkEwAfIVkAt5DMgEAgEBCMgHw1ajJpKOtpDKF/qW8vdVy7wdHCZIJAAAEEpIJgK9GTSZbleJgMqHC2aW+v0MMRwqSCQAABBKSCYCv/EomtLLj3heOCiQTAAAIJCQTAF/5mEwOHk5a1Vnlam1to1atHrwSeHSQTAAAIJCQTAB85UcyKShLZbGUNm67n/AwWtX5inWnylZ1fuVm39bRZDJFdxF4DckEAAACCckEwFe+JBN76QWMfXEmk1Yvmawoy1TnYuXadpc9LC8UtrUn2YFmlbVbvIjpLiwoLB2tWXlmvawZd+ayhQW1ub5knu2ao8LZheU71pPBE0gmAAAQSEgmAL6a7GRyZ2d+1pzNpRWVNb6mr1KcuGTwZLKim89YmC3wbVcXMnyFVtXlpad4XFkvp+bK5n6GkbLHTFrVi+t2MXgJyQQAAAIJyQTAVxOaTOwaFpY3RNlS1owcLLfw+MHGTKxnVPMFzTC21eVe8OhqmWKDrayXF6/2+sGOHRqp873EAh5CMgEAgEBCMgHw1YQmE/OJO/VMwUwmC5nC9u3b9mLwZGI/Y6tcXOPjKqmMHTZaqSfWWHRZL5cdZ9FLJkx3ZXk5NYs7TzyGZAIAAIGEZALgq8lOJoaxfL5wjc/JotRR3rJvJmEomdiRQ4yiGPqaOa2Lz+ZSNHM2197JhBGpBjyEZAIAAIGEZALgK2en8f8A+UbEtikqaBsAAAAASUVORK5CYII=" alt="Screenshot" width="100%" ></p>
<p><img src="data:image/png;base64,iVBORw0KGgoAAAANSUhEUgAABDMAAAIGCAIAAADGMlPIAACAAElEQVR4Xuy9eXQb153v2f/PezPz3sx7896caXe65810Tr+809N2O4mdxTFpyaIka1e02JKoBQRIkSAlAuAiECRAgBu4gQAJgAAI2JbjLV7iTmLHcey2ZcftJY4T25EdK7Yla1+tzdql+VVd4OKiiqQosgoCi9/P+R6q6tatWwWgCN0P7i3wr/4u+pepJJx6JJp8OJZ6OJF6KJl6MJlMgZlJKBxTFgEAAABGIZkhkUjEYrFIJBIOh68BAKYM/X69IUOdyb9Sy8bE893YhzATwICZAAAAMDBMS0ZGRuLxeDQaHRwcDAaDyh4WAODGISd5V2bHjtf/qjP5UzlP8nSxjDzhT1Ke9I883pN8ojf1eG/y8b7kY/3JRwPJR4PJn1CGSEtS20lL4qmHEskHYSUzGZgJAAAAoyIOmAwPD4fD4YGBgd7eXmUPCwBw4zAtYfxVT/JxFsk9ZP2Q81hf2kMeC6R/PjqQenQg+ZNQ6tFQ8ieDyUeGko+Ekw8PJx+StCT14EgKZjKjgZkAAAAwKgozGRwc7O/v7+7uVvawAAA3To6ZDKUeyUb2jaHk9nCKrGO7lPTCw5Hk9mhKDtlISkqMknyQnCSRhJYAmAkAAADDwrSETeWKRCLBYJC0pKOjQ9nDmgFcBWBSKK8kgRwzSftG6uF0klKYe0hJPhRNPpT2ECkPxdggyYMPJVIPjciTuEboN1b6pVX+GoMZBcwEAACAUVGYycDAgN/vb2trU/awjIiygwmAFojXWI6ZjMiCwZPIRh4PkYdE5KRYRqSJWynZRqRxEjgJYMBMAAAAGBXRTMLhcCAQ6Ozs9Hq9Yu/KeFD38cqVK5cvX74kcxGAKUMX0mUZurS4n+SYSdouxk9SGQAUwEwAAAAYFX6TSSwWIzPp7+9vb2/3eDy5PXlDwbSE+pHnz58/e/bsmTNnTgMwZehCOnfuHF1UdGlxOck1E1gH0AKYCQAAAKMyqpm43W5ld95AsNGSixcvkpacPHnyxIkTx48fPwbAFKBLiC6kU6dO0UVFlxZdYKOYifKXD4BJATMBAABgVEQzGRoa6uvra2trM7CZUH+Ra8ktOyoQRPMwOWH3nMBMgPbATKYpiWQqFEsGtUgkoWwcAACMwQw0k0uXLl24cOHkyZPqPiWCTD10adEFxiZ0wUyA9sBMpiOkJWrBmErCcalNAAAwGKOaSUtLi7JHbxS4mZw4cULdp0SQqYcuLc3MROrNDCe7wyPdQ3LCPEllIlJ6IsnhEWUjwGDATKYXI1o7iZihOOwEAGAcmJaMjIzMKDO5ePHi+fPnjx8/ru5TIsjUQ5cWXWDsVpMpmUkskfqnisFbKZvlVA7dWpWJNXxrtZTbrKGFruHFruHbtgzdujVy69borbXR5iDsxMjATKYRmg+VjBrlUQEAYHoyk83k2LFj6j4lgkw9dGlpYyYVvuHxzeSfraF528LhRCo2kpxVN8jN5FZbVNmWRqy6/4H7FiyiKDdoCjuE3keZvsBMphFa3VgyfkbgJgAAQwAzQRDNo5mZ/FN5aBwzud0abAmORDM3woYTSdFMdLpB9u7iWf902+0U5QZNYYfQ+yjTl6mbiaPeJcYdYMUDinK9BDeVKrH4lEVTYMXcNcqiwoB+PdUWoVOUxwYAgGkIzARBNE+ezGSJK0L9Hv5HUaK5ZqLT3SYwk0Jg6mZiMtstlXXpVNhtnazYb7I4MuUOs8UezN1LQ/JuJqGSuUuX1/Ypi2Vok/p8GtYsVZSkgvVSTZYFK2td3coKueRnHhcP7oYHABgAmAmCaJ58mMkSVzgq9ERGkqmanoRoJjGYiXHRwkwasiudrqyZOPyZ0pDLaigzWVFpXTP3x8pi+t1xmzebRzGTktWlNQqRCdY7xGdkpK9k/gZnWCjJRS0PegdyAgCY7sBMEGSc/JffbPrr18r56n/+9QZ1HXV0N5M5jsFBoWuaTKYa+hLiHfAwE2MDM1EwITNxhFKd1gaVSCyfu8FrUZpJpHGDJ54qmW8WC5Vmkkq5Ni4tWV2fUySgNoep5JsNMXWhIiHM6QIATHNgJggyTv7DL9dQmJyQltAy/RRdZdTobiYr3DHxNpLESGpOXVDWEpjJjKBwzGTAISnBSMi3ePGPS+YuXVPdoqgQ6WtZvGBpydwfmxq7xPIcEwjUr25gd7r4qOvf79oyf740Y2rxAxXZOjKu6g1sMtVq8zaxPNdMYiVLKoVVhmwmqT71hK6SjS0qMwk5VklTuTbMz53QpTITacdVo5vJOFO5fC2Rb1rl1ES2hZVbx8pEzCQIMwEATHNgJggyTpiN/KcX15ON0ELTH7dzLen6/Gfq+iz6m4kn3j+cc4fJD7bCTGYQWphJna+9K51tjVkzqXFnyttslRMyk/n3ldb2Z662ZN/CyqyBlMwvrenOnOpIX8niyvZ4ZhM3gZhvcQW3At/8+34cEXrXJXM38OXV85cKD3ukZO5KvsLNZMBRWnJfKS8XYGaS2jA3RzYijRu6krJgCGbSVfnjkuU2aanTWtvPi0cxE1IX1qyacHw8M/FllslP1BVGDcwEADATgJkgyPhhcsJy59vOjX+KUCH9/N47TerKLHqZyfeq+mdt6bujKvDd6oEt3clQLCsn4XjyB7VMTsY0kwfWrGXd/bb2dt71p5jMFnoL4NXumXWvuJVSMm8+36o2k1v/+dus5Ps/vCsQCHznju+x1fkLFt52+3d4I8X3zOa7EFu21iqOUro+2wflhWyV3qTEmkn+sGcqUzcTrSAzcUZySkgSWPedNnlzX6j+rfeXLJN7/NxMkoH5D4hjDr6F1pyhFa85IxLBeuX8rz4bvw+EmUnMV2HxjfXMpM1EMaFruWw+CjMhHeJ1SuYL4zaimcSjppU/dqa/02wUxvmyYG4m/cHYrdsyvhGKeQYTHl/0gb50tX+0RnyhhK0j1i+vSmYyHP/HhliPqkExyvMAAIBpBcwEQcaPaCZ//Vr5lk8edO56jH6qa/LoYia3bx7Y4k94BhLVncPftg7+2D3sG0zFR7JyYm4fnqCZfPu7dyqsYN78BaxOmdmi2MRSWWVlFRRmUlffwOuQllAJNxP1Uaqs1WwvkhbFJpaOjvRH97yErS5ZupyXLF6i+sakmUdBmUmOSQhmQlKhvAbbKkvmlrJF2QRiXsvKgZy+tG/NtpxvKiZnyCxVuDLjLRnaVzekxyuYmayenx1FUZExk9wJXSWbPCmlmfSVbGzhZ75cHGMRv5tr7tLNjvFulVE7A092Nld1RKUZ8R+44/JC4ltcWuSQmdgaIp3DytYUUZ4HAABMK2AmCDJ+mJP8x+fXsptMvvdOU+tnT40zYHKLTmZS3pGIZ7pLbaHEt6sHl8tyEoylWGdE8a3B45iJ3L9ftslUJloBVfB6fWKJIp1dUhdUNBM+WkKhNw52FG4mlDu+94P1GzaKjShOQx02eiOuilqyYOFi/nBmMgVlJgO5JdxM2K0aOQTrV2Q6+iUWT8niTaWrlyrMRDEwws1EfSB6GrhO0EEti5cuFOZ3qeBmkr17JNK4gc3VEs1Emsol6AclO6FLHDOJtSzfqrxlRWQiYyaUezOzufoHYrdukXTljhbZTAaGF3Tk7PXNrZFv1kTVrSmiPA8AAJhWwEwQZJyo74C3fZiq+Tjl3PWYujKPLmZi9SfDwmfGbYOJb9dIclLTneyPpiKJVF3fyATNpNZm54W80z8QDIqGoK5w2+3fodWijJmI6e7u4fW5mZC3sJLe3l6xWb787e/eyfcqmTufFZKHiHXExOPKz8xnLFM3Ew3vMxnLTK4zZrIqPa0rVyfGNJPrjZnIXwecDJSsrs9VHU7WTFJd8t0jfbbFmZtYRDMR72yRiZUssnaxNnPvM6lZvjR3IlsOE7zP5Eeymfjc5CSydQzH0mYSi6vHTIL9w5kRlTGjPA8AAJhWwEwQZJwovjX4R280rfxjPy3Qzzm/86nrs+hiJve74z0R6e+WMBLJ1LKm8PdrQ0tahrcFkr7B1NLm6ATNJBDIdiZ5v39gYIAv33V3Ma9w5/d/yMtTwpgJz3fv/D6vnBLMZPacEl4otsCXN5nKeAU+XPP9H94l1uER73UBWpiJZt/NNZaZRLZJX7wrMsp9JpImrHRlH83YZhJxbXDnPmrVfSbEmvlLxxjKEMwk1bd4a580NiJP5UrlmEkfL+QsnLs0fehcMxlpqzR5x3whhsf+6+9kJttCic5QwtcznB4G8Ue/ZY30D49sdGTGTDL3mdR7Ys3yqnwH/Mg3rZGN/SPqNnmU5wEAANMKmAmCTDziUMk4wya6mMltFQObfCN90RT/4+4kJwsah26tHrq9euD26ut/N9f9D6TNZGgoewsw7/oHBDOZd1/6thOCBIOXp0YzE3Hog+C3l4iNiC3w5ZotW3kFkiVWyEZmFIegzJk7j1cG08JMUtLt4/dbO6/33VyyTmQWxzaTiX03V0pWndF8QTQTaUJXyXIbn6XFzYR0RfwuLkakcUN6IEX13Vx05itsY94Fr9YGvYO/ZwIAmO7ATCaeO952tn3+zOGLJy9cuXTx6qVzVy7ScutnP/27HVXqyshMji5mQvnRlrA3lBL/xmKNP3ZnzcCtNZFbtzAt0cZMbv/OHbyC+P1aKcFMxPtJ2ts7eP2Jm8nCxUt4BWt1DSu8Z9a9Yh0xw8PDvP4MZ7qYSU9t6fy5P25o6470d624b6lrMFtNNBPpO7Xa2CMaz0xi3bb5yzf0hKKRSMC08semliG+KefvmchzurKraXLMhAxkTWN2d24myj9gwoh70uUqM5FGgeYrZn9lUZuD3hH/zBEAAExHYCYTzLd+W/vh6T0XrlxUtHb+ysXNOxN/s2OzehdkxkYvM7ltc6htMDksdD7cwcQ9tf1amcm60vV89Y7v/aCpySV+v1Z5xeaUcJ8JLd/xve/zrVxOrmsm3//hj/jqrNlzGhobFy9Zxku6e6RbVsT64vcL3zNb8hZQOGYCxmGcW030iHgfGgAATFNgJhPJ379Rc+nqFWVDAs8eehtygvDoYyYVIVcgMSL8KY9oInXftqFbqwe1MpOU4BWK3Pn9H7L6im8N7uvv53W8PulT5+uaibiqyMJF6VEURX2b3cFLICcpLcwke/u7nL70FRFRlOMj+CkSHftuE82jPDYAAExDYCbXzd/tqDqnGipRU7lz5O92VKp3R2ZgdDGTu2sHB+PZzgcZiic4cpukJWENzSQQCChsgWVwMD0RR/2XFr/3g7tYyT9/+7ue1taJmInT2XTH936gOMRtt3+H/8FHRf1U7jcURyLjfCXSjGDqZgLyhloh9MiQ8OYAAADTF5jJdXPH286r164qW8nw8Zl9bNsfTn1BNdW7Ty6/PvZHOqi6vNDy57MH1IXXzcELX6kL9cg/vLFl1GcysPuXNR+nVv4xoNOZ6GImtt4k/3smI6QloZHbrIO3VocnbiY3hNfn21xZ1dbWrtygKS1ud5W1unGbU7kBjAvMZBqRSOZDTpRHBQCA6QnMZPz8/Rs1b371Z2UTMpevXnnx2B//ZsfmT88eoFXq/lJNdQvj5/UTH6sLKZ+fO6wunER2nT3IFr7QqEFFRjWTnWf2qQvF6OQD6rx24k+jPpPT0kxM7SP90SQ5SWIk5R4Yua1qSNKSsc2Ef4UXMB4wk+nFiJ5ygtESAICRgJmMn7I/RceaymX/8/a/3VFZ9K6Hj6ecu3xR3cL4YWby2ME3nj/ye2rhmUNv/8MbWz7/+hAtU6e/+N1W6lvTMv1k9anw5KWvqWO959xRNhrw7sm/HL14ijTp3ZOfUYXBPb+iZSrv/eLniX0vsxOjozCFoAbPyw+HNUjHJa36+vLFM5fP03H5WfH+OlWg7jsd7meH36U6VJNV++zrg3QU+smapXOgTZeuXqb22ckT1PVv/ewpOhOquelPEar2h1Nf0Co1LvoAOyXat/7TR+hY/AmhZVpgLRy+eFKsyXY8cfHMxSuXFr3vp1Oi542OeESuxs6Nzqdp1+OX5buD6CSpWdYgnRU9HNFMrB+PPHbwt6zNU5fO8RObSjQzk29vHuRmcpct3DQg/VHF3mhq6bbwrVZZS2AmMxKYybRDvxtOlEcCAIDpDMxk/IT2vHDhyiVlE9euXbx6+e/fqPmbHRXUZeeFVFPdwvjhHfEPT++hnvfpy+epL35LZiyC/IE85DtvNZJ7MCWgDjf1qqkmdanZJuqdP3JgR//uX3wtexF1x2krq0Cr1CA7EG+QjIU3SMe9cvUq2RdJDjsui9pMdp09SD34nx78twf3v0oycODCicqdI08cfJM1S4W0te3zZ1gXnw+kHLt4ms6E2v/L1wfpcHTC9JPcSTQT2pd2NP8p9qN33WozIf2gTV2f/4ydfHDP8+6/PEnLfbt/QY/aueuxt07uot1Zy/Ri0SZyrR//sc/1lydukZ9edjLjmAkV0umxk9FqCEUzM6HejPjdXLdXD925JfzP1qFbq4bGN5OaHty6bGRgJtOURDIVUqnF5IIvCAYAGBKYyfhJ7nvl4tW0mZy9fJ56w3849QUtN3766Dd2bJ77Xjv17HnLVFPdwvhRdMSpZ0zLt2Q69+QV1Ie+RfYNtsC7zrwmL2G7DOx+/pw8sMA+/leYCV9lDVILbHc6OmuNN84WuJlQP55vokK+yprdcWInuQGpEXs43Eyyz8yVS8wHFO3fIo+E0NbIly/eIp+G4gnhTdG+/OSZUbCWT8ujPWRWhy+epKZY4/QM1H/6yC0TNpO956UrofPzn5Hk8BObSjQzk5Q8D6QnPNI9lEmYJ6lMJJ0p3mECCh+YCQAAAEMCMxk/4myut0/uuuvdlr/ZsZn1np27HmMzozhTmc01qpmcuHiGjUI8fGBH7ScPsQpsx7HMhK+yfrzCTKhBtsoaHMtMDlw4wRZYh55LBTnAJ2f393zx8055EINWqVnq4rN9N3wUVpjJ0YuneJvWj0fooGxZNBMW859iZH3L/9DDWuAiwWvS7iQ/vP4H8hCTohHxXpqRfa/QLtxMXjvxJ9YgeywKM6GXcmTfy+qzmnS0NBMA1MBMAAAAGBKYyfj57tvbDl08yXa8fPUKu8f9/3m9+hs7Nu89f0zxnV2H5PscbijjmwmbzUUCwGdzXddM2K0gvV/8nI2ZsN1/9K6bN0ibeINjmcn7p75w/Hn7wO7naXdmJp9/fahy58jPDr/LZnPtOnuQnI1cgpqlCn849QUVkrmxh3PowslNf4pQ+yRCpAffeavx0YOv0yodi52b2gGCe54fkodNjlw8SfXZcWn1zOXzaz8c7Pr8Z7TjOyf/QqdEJ3aLPJvrrZO7SE4eydjOLbki9Mrxj2hHbiYkHtsP7KCToTNXmwk1vvvckWMXTyvOatKBmQB9gZkAAAAwJDCT8fONHZW+z58Rdyc5+dsdlU27HhcLr8l/DF68VcNIEWdzGTXkQiRd6vLJBWYC9AVmAgAAwJDATK6bO3P/nsnlq1fmvtd+MHOfA0fbv2dSUJkJZnL44sm1Hw6qyycXmAnQF5gJAAAAQwIzmUji+36jbCWXi1cvf+u3teodjRFjmwk9NLJN9V0rUwnMBOgLzAQAAIAhgZlMJN/YsTm+9zdj/SX4c1cu/v0bNeq9kBkbmAnQF5gJAAAAQwIzmWC+9dvaD0/vuaD6q4tUUrlz5G92bFbvgszYwEyAvsBMAAAAGBKYyQ3lGzs23/l2U2jPC8l9r5T9KUrL34CTIKrATIC+wEwAAAAYEpgJgmgemAnQF5gJAAAAQwIzQRDNAzMB+gIzAQAAYEhgJgiieWAmQF9gJgAAAAwJzARBNA/MBOgLzAQAAIAhgZkgiOaBmQB9gZkAAAAwJDATBNE8Y5oJdSgRBEEQBEGQURMcGqYMDEYpfQND/t6At93vdLkdDU5lj94owEwQvTOmmSg/GQBgwgwNDbVnoPfueHwEQRAEQQyWWCxBGR6OU8Lh6MBAyO/v8Xi8TU0uZY/eKMBMEL0DMwHaw7UEZoIgCIIYNTATBNE8MBOgPTATBEEQxPApcDN57bXXioqK6Kdyg4BVRlk6NjATRO/ATID2wEwQBEEQwyf/ZvLkk0+SbOzbt0+5YTS0MpPe3t577rmnKMPdd9/9ox/9yOVyqfuUCDL1wEyA9sBMEARBEMMn/2Yyb948s9lss9mo66bcpkITM1m0aBE1YrFYqJtIq/TzwoULH3/88YEDB9R9yknn3/1s5X98fq26fHL5ry+bNGwNyXNgJkB7YCYIgiCI4ZNnM6GOGknCv/zLv5CffPDBB8rNKqZuJocPH6YWOjo6uAjx2VzHjx9X9yknnf/p2RUausT/9sI6DVtD8hy6tGAmQGNgJgiCIIjhk2czefHFF2fPns38ZN26dcrN164dOXJk9erVxcXFCxYs+PDDD99//321mbz++utz58695557tm/ffubMGafTOY6ZrFix4r777hNL6OiXLl26cOHCiRMnxN4kycC/+9lKyv/y8/v/+rVycRNJwv/+q1Ja+C+/2cTqUGW+9f961UIlZCY84u60I9v6759b9X++UiY2S6Ga/8dLG1mF//UXD7Ad6XBia1Su2Asp8NClRRfYlStXYCZAM2AmCIIgiOGTZzNZtGjRww8/TAulpaWkHGQI4tZXXnmFCltbW99+++2PPvpo6dKlrBo3k9OnT2/ZsoVKnnrqqQMHDthsNvITMplxzIQqv/DCC2IJdRYvX7588eLFU6dOsX4k+QAJwP/8L6vJHMg9/sMv19AqLfCOJqkCbRXrMD/5ry+bWAWSk1HHTEgq2C5U4T+9uF7RLC1TCbVDm8hPqCZXGlpWt4ZMl9ClRRcYzARoCcwEQRAEMXzybCbkCbt27aKFSCTClznr16+/9957+erJkyeLZLiZPP3008XFxSQnbJW6fS+99BJVGMtMzp07R1t37twpFnIzOXv2LOtHMmcQBzr+/XOryA34KhvEYMMmLP/51xtEFRnLTBSDJNQsaQ9fpUOQloiuIm5St4ZMl9ClRRfYVRmYCdAGmAmCIAhi+OTTTN58803yCrZMXTfSifLycr710qVLalfx+XyimZSUlNDqVflGds599903lpkcOXKE6tNPRfmVK1e4nDz77LN33XUX/b9/TGDPnj0/+MEPPvvsM7a6bds2WhUrEFSydOlStvznP/+ZVqlabhUl9HD4LuwQn376aW6VNFTtuq2BguL48eMnTpw4deoU0xJ2kwldbDAToA0wEwRBEMTwyZuZkHi0tLSsWLGClzz55JOzZ8/mq9SrI4ugXh0vIR599FHRTNgQiliBuP/++2/UTKjLSHJCp3T+/PnOzk4yk3feeed0LmKhy+UiKcrdLlXghV988QWtUrXcKkpisdjy5cvZ8ocffki7UEc2t0oaqnbd1kChcebMmXPnztFFRZcWm8p1DWYCtAJmgiAIghg+eTMT9mdM1PA/bLJz584ilXUovpuLlhW3s18b97u5yHNol08++US54VpaTi5fvlxZWXn33Xfv37//Yi5U+PLLL7Nlt9tNTpW7Xaowb948tky70ypVy61y0ePx3J0Lb4cap9Xc6lmomro1UOCQkFyW4VpyDWYCtAJmgiAIghg+eTOT2bNnkyS8nMvSpUttNhursHfvXs3N5Jq8S29vr7I0A3UfSQCozqFDh9hdARwqfPXVV9lya2vrqlWrcrdLFehk2DL7bmKqJlag/kNxcTGb1cMQ23nrrbeK5Jlpo0LVFK2BaYR4jcFMgDbATBAEQRDDJz9mclXuxy9atEhR7vP55s2bx5aPHj1apJrN9cILLyjMRG0vZrN5HDOhgy5fvlxZKsDuxf/oo4+uyefJocIPP/yQLU/OTFavXl1eXi6WkAXxdj7++GPahX24rgZmMr1QXlUCMBOgDZqbyQ8rA2zhb9f2xDKFg9HEfFuQFr65vpfKWfqG4lQSHh653dJPq8XVA22B9AlQI6zOrWX9VIGXiAdaWhfix6LcbR0IRRK0QM3+f6Y+fhQKHZpC58Bqtg/Evrmh9+/W9phawqxxyn9b19vQFWXLnr6YrSO9PJXU1GxZuXIVZeOmTdFh6cFGojFWsmHDBlZCoWfJbLGsXn0/pcvfzQp5zTVr1gQC0lNHGRwMb9vWJLZP1dhyd0/v/fc/sGrVamq5tdXH9uWhCo66+jVr1lKFuvoG3sJUQudPj4sapON6vW2sxONpZSX9/QOsWk9vf1tbh7ijxVIurornyR/ONmcT/XdFj532pfpiHVoV26TnZN26UiqnBxiJDLPCBx5Yw59edkTW8pattVRz0yYT9UXEc5hc6IXbsHEjNWitrqHzUTzn7Azb2zvpZaVVeon5rwO7MAg6Z7GEhb3EtEmuo83rxU+PHju9RqyQlYinEZcfVGnpenFHu93BV9lrxy9OSk3NVr41FBqil54eLx1FfP6nklqbfSA4yFfplWXnvH79BvZy0ylt3lzJK9DJ18kPR/FA6JqhavysxN8d+v2iK43apPrB0KD4UrLHy1f5L/LUI17VdET1BaAuYcv0DNMDUVxLFPFJoNAvu7gaE94i2BXFn4FwZJhOhn6PxPqGTH7M5JlnnikuLn711VcV5adPn6beOTkJW6Vl9p3CnHXr1olmwr5E+ODBg2KdorG/m4tgAvDQQw+RAyi3yRw7dmy9jFjIvvKL9zi9Xi/9LogVruUO4LCbZPiXhjEWLlzo8XjEktmzZ4vt0C5PP/20sD0LPVJFa2CaAjMB2qCfmZBv3FGRXhbNROz0L6sPkRKw5eH4yLqmIaYHvBH6D/W/b+xjJaQudRl5oPxTWb9oJnSsJXUhvkohP+HL3ExIfu6qSu/VGYzfZk6bDzX+Dxv62P/3GpoJ69lQs9QniMtdOipkJWvXrmPd91WrV/N+BnXxm5vdYk1KfUMj230sM3E6Xdu2OXk5C3V3qDfGlql/3NWVdh5NQsdVd32oS+rztbNVOp+Ozq74BMyE+priamgwvHHjJuo0iIWKvXibg0ORDRs2skLqapSXV1BJXBYG0hXeCDMTZ5MroGp20qHXgjrH/IXjER8OvZSkWGyZXwNx4YWjXlFnp18sYdH89eIXw3AsQXrGuqH8KeWnQWn1+iorq3j/m3Y0mcqGwulfB24m/OKkBulxsdd97bp1rFDD0JNcUbGZr4pPL50MiURff4BfinQyZWXmsGwsigdCD5/aoauCrfInnB4gPSG8TVbCf3FY6KC8hM6HtT/F0Mnz5zAuvFeIJeIlwXZhC+xaYtcer0ZayB8InWF1dU1Hh/QLyEJvMoq3CLYjPWP0iMRyAyc/ZjJv3jy65pSlMosWLXI6newPm4h/z2TXrl3UiS8vLxfN5LTw90wOHz5MNe+5556ysrJxzITYvn17kczatWtfeOEF2nfDhg333nsvH59hXwtGh6OD0qGpWVqlk+EtXNdMCFIvttfu3bvZ35unh0wlZGVHjhyhZulU6TzFdtjjpR2fe+65l19+2Ww28y84JmNhrdG+b775Jt8FTDtgJkAbdDUT8hD23+dYZkLWIerEQDgxq0bqrIvKQbuwkvu3DZZsTY8eRGMjS4Qxk/6hBG39R0FF4mOYydK6kC8zMkOp8ka2dUv9DGqNvKilV1rW3EzimR6V2KVj3Z2hcETseFFHYdMmk6ImLVM71NsYy0xKS9fTjrycRexgqTtbUwx1++h/dLGELKvWZuc9derLVlZJ/cIbNRPSsAceSPfgx9qLt9nc4ha7X9TPaHF7aIF0hfpb/ON8Zib01Gn4wbBsJtmP5HnEh0OKJX7EXmWtZl18/sLxB6Lohmr+eokN0vPQ2yct86dUfI3oamxr7+juTn9eQOW0yju1ajNhheQDcanXPsoTMpXQs2etrhEdWHx66bTpaqE6mzdXsmePLkL+C6J4IFSZfI+uCvabwp9wOnPuXSzqJ180E3IwuvjFrZPLVMwkLo/+saEkXo1+kplH5WX6pSDVpKeOPViqSdee4i2C7UivbE9PztumgZMfM6FO9gcffKAslWlpaSE5YV8WfPXq1blz5zKLYF32L7/8sij3b8CzSV+cJUuWPProo+ObCTVL75/iXgxx5lgymRQ3LVy4UJyiMxEzsdlsfHf2bWBsRIhDlclPxHboEHQgsQ43E3Ff9aHBNAJmArRBPzMhMSDTuKsqEIokxjKT/7GpryuY7bqxCmIj9s7oYoekLlRS6hri7kEeQs2yamQpZCy0Wlw9wGdnxUczEzbRixfGBWXipxfLi5lQJ2lrrY36CtQNov8dxb3UDsPqU82xzGTt2lE+qxY7WHQgesffZDKpBWZyocelmNZCJzYQzBmRYP25GzUT6t3abHaxRL0Xa5MJm/iIYplqTNWoNxYMSb03ZiYUehL83TnP9lRC/T/qNCv6teLD4YMkLNQFFD0kJn8Az15BRTeUvV5UWavXi18MdCHxq4U9V+JpxDMzoMip+I501fGBiFHNhNqks43L6lVesVk9jjTpkHhQr5quB66U6qslLve8qWZcthF+WfIHwvZllyI9n2yQjT/hq1evFhuMX89MovJVp3CGSWSKZkJuySd9sWp19Q1MOOOZx04vtMvVHJd/N/nsSh7a0e32aGJZ0yX5MRMAZiwwE6ANuppJXJ6v9d839olmsqJhcEt7hBIf10zIIihUgTdLZlLXFW3uHaafrJwdiyzlHzZIq9TUqsbslPRJmEn/kKQ3GpoJmwK+evX97LNM6kNQ743dGsHqTNBMpI+up2AmPHa7o7y8Ql35RqOhmchzgdpY4tqZCW+c7cs7edRFW7Vq9dbcCTxTidvdOtaH+uOYCfWKnE0u/tJTCfWQ2JPAn9hQaEir14uOSx5F109j4zY6W/akmc0WKhFPg/qpbAyKVITVYVcdn3w4qpm0yTdmsOWY/FjoGdbEqegXJy7NTYpWVVlZg6OaiVwuPdX810p8ILRvPGMmcXmKXUdn1/hmQhczey1CstWIZsKuOk3MhMJfcTqfDRs3ihcAvyRI/FiJ4leAmwldS3SetMDm1JFDsmFY0g52BY5lJp2dfnqGNTTJAg/MBABdgZkAbdDbTHoH4/9s7h9rzOT/Le1t6smZtM1GRXgjZCDsP05mJsFIgtxjSV2ITeti1e6oSN8uT6Fj8abUZkK7U+VoLHs4kpm1TUOsAiuhU6JCrcyEdf54L4136agLxR6X9F9ja860qFHNhM3AGctM1L2r+BhmMlblGw319obCklvy0KNQKBbpAXWYrmsmir4mdSUV9/Kq92JtSqMiVVbqtvJyWq6urokLZlJesXlwKKLoSm7b5lQ4wxTD5wjFxzUTeorYzBn2wg2Fo/yR8pdSHU1eL/FioC47+6ScPaX8NNjzye+67uuXfrmYmcTlwQeqxnr56otTdLOY/AwrLoZJhM6Hnwy1z85HfHoj8vwltkynRz1yq/zqx+XrU9w3LpgJ7bVx06a6unr2hKuvBPUvjmgmdEkr7kuZXCxTGzOhkyRjEavF5Mt+IDhIzzx/7BRpELg1ex+Ron16pRS/ngYOzAQAXYGZAG3Q20zi8mwrEoxRzWRZfejv5UGS+Bh3wPcMxu/dkpYQMpO4fGsK6Uf/kNQRpEJqnK9SaJmLh9pMaKEtELtHvpUlnnsHPDcTfyh+Z0VAKzNR9DZ4ly4UGuIzv8WPLUe9A5562+zD45jwqXBc6FTZ7Q63O/2FSzzqDhaLwgQmF+ruK26cjcmfW7e1p3s52yZ7B3x//8DatevUN4SozSQunwa7LSeeewc8NxN2Vgozob6IJk8CDx9hiOc+HHopm5qk6TTxMe6ApxNT3HmijianqjATJsP8KWWnUd/QyAUjOhxnM7i4mdADrKnZajKVxXMvzmg0Rhen4iWmZ5jf4DHp0PkwG4nL07TYrSzis0FXIBvToFDPm06Pr4oPhPalB8LNJC5fnHSpsCecXiM2E4xH/Ysjmgm1PNYrdUOZiplIk/0yviqaifStD8EQXfz8/YRZaEx+k1G8RfAdRa82dmAmAOgKzARoQx7MJC5/j9aoZhKKJIqsA/Nqg1vaI98p7/9v69J3zPNG4vIgBithZnK3deD+bekpW1TYFYyb3NleLC3zG9xHNRPW4KaWMB2RFvi3h3Ezofzf63JOctJR9zbELh31U1nffWutrbxiM3UWKdThYL2EiDzvKxAIOurqqWZzcwvba+OmTY2N23y+NpvNzqckUcdr1apVLW4PldfXp7tZYgeL/utlW2lfTWYHxeXpPXQC0q3wmdES6gKuWrWaSuhYXLfoHOghsGkq7FNePmvFJ0/fEmdzscfu87VT/49WqR0+C2VUM2GnwZ4Q2oULifh1sRZ52gw9n7U2uzSt3tdGR5z6bK7e3n5LuTQbh05yrNlcrAfJDkovscNRx8p5p5AuACaiNcJsLnrImr9ebZnZXHXy5cT8jT+l7DSo618rzKOTrs+OLm4mlGBwkM3aYhcnldNWeux0cbLXmtzAJ1+ZtO8UO7vhSJTOR+xhM6+jp5eOS08pncCGDVk3pvpsfIAtiw+E9qWIZkK/LyszX1EtvUarVtFDoDPf5mwi0WoTZnOxb0ijg1ILtEyvuNls4S1PJWoz4b8X7JpXXBJxefZdMDTYuM25fv168fumqYdN5ZWVVXZHXSz3+4KZmMXTv5vptwgSM7Yjewbo140eOH+qDRyYCQC6AjMB2jBBM4khCIIgyLQNWSiFbI0yFI4GZDNxe7xOmAkAWgAzAdqgNhP1GzqCIAiCTOvATADQFZgJ0AaFmajfzREEQRBkugdmAoCuwEyANsBMEARBEMMHZgKArsBMgDbATBAEQRDDB2YCgK7ATIA2TMZM5G84QRAEQZDpEvatXNFojDI0FAkEgn5/t9vd6nTCTADQAJgJ0IYxzUT1to4gCIIg0zQwEwB0BWYCtGEUM1G9oSMIgiDItA7MBABdgZkAbVCaierdXPnmjiAIgiDTLewOk0g0RhkcivQHgl2ymWyDmQCgBTAToA3jmIn6nR1BEARBpmNgJgDoCswEaMOoZqJ+T0cQBEGQ6RuYCQC6AjMB2qAwE/W7uRR5ei6CIAiCTNOwO0wikWHK4GC4v3+gq8vvdnu2bWtS9rAAADcOzARow5hmonpbz3mLRxAEQZDpEzZaEo4MU0KD4b7+gc4uf4vb0wgzAUALYCZAG0Y3E6gIgiAIYqDATADQFZgJ0AalmVzPRr5f7pPjRdjcAARBEKTww+ZxhcNRSig01NcX6Oz0t7S4Gxudyh4WAODGgZkAbRjVTJRConqLRxAEQZBpFJgJALoCMwHaoDCTeHwEQRAEQQyW9DdPyp++kZwMDIT8/h6Px9vUhO/mAkADpmomNRa7yUxxKDfkl3aHPagsA3kFZoIgCIIYPjATAHRlqmbS43Y76p0Ws91R7xolzo5ATLnLhEhGA163mbTH4mjpiSq3qoCZ3HRgJgiCIIjhAzMBQFemaiYMf4NDHjkZJbZOZeUJEDOZHbaOtJAEXA3UTm4FJTCTLLFeS2OvslB/YCYIgiCI4QMzAUBXtDGTVMirdpJJm0mfs84Vyi3qdG3tSNK/pi3tnY2NZou9vlsqdlRLRmSucopmYpMLXZmRFpvZMTLQRiXy+oi1Stpa6WibwEjMtOVmyAnMBEEQBDF8YCYA6IpGZpLqVTvJpM3EvcXuVxQNtVmcAfrXZHWbrM5Gd5c/QjrUZtrs9Hf3+Nwt5oq0mcQ6XZbaVn9XB7/1xUYeYnF427toOexprGnq8Hd1Wa1uv2Q6hqW+yp5nOYGZIAiCIIYPzAQAXdHKTFJqJ5HjqL/x7rHLqp6a5Tc5JFsxmet4kcOSneLlZLt0t5gzQhJsbnANSQtkJolMNclMmm/8hKYlyaivyR0cURbrBswEQRAEMXxgJgDoimZmYjXbO/sGE1oMRIw6m8vWKc/mMrt4mVW4+YTN5op6Gk3mhmgkwsJOxqa4R2UkYrPaLbXtQS1OtVBJmiucrt7JffnAJIGZIAiCIIYPzAQAXdHSTJRFkybQWiHP3coQ89bafXFpSTQTccwkPcwijZkoT0NpJhJJqmb1RJTFRiHa4cqzlqRgJgiCIMgMCMwEAF3RzkzK7bbcrwwWZ17dKM5qaTKYy9vlc7fSgqU+feOJaCapoDdzn4lbvM/EtLnR197V6GhkJaKZdDbUebsCfV0dJkuDcljGKEQ7mvKvJSmYCYIgCDIDAjMBQFc0MxPyh5xxjniXSbjBAxgemAmCIAhi+MBMANAVzcwk0N6hKPF6Z8i95kACZoIgCIIYPjATAHRFMzMBMxyYCYIgCGL4wEwA0BWYCdCGm2gmra2+4uLioqKiJlezeiuCIAiCaBWYCQC6AjMB2qC5mdx3330DwZC6XJFwZPiee+5Rl9+UkB3R+ajLEQRBEGMkP2by3vufPv3c63w18eDzwkYN+OCjzz/ffVBZCkABADMB2nCzzKSz079ixUp1eX5SOFKEIAiC5CF5M5NI4ufRxM/ZqrZm0tHzGDUYHfkFLbzw63eUmwG4qcBMgDbcLDNpcXtulpnQf05FRUXqcgRBEMSoyZuZvPeHXT2BJ9kqN5Ndn+339z9BeUYeUfnLZ/s/+/xAX+gpcox9+4++9c5OWqCfrDKVdPU9QSUff7KHlTCOHT+1/bHfPPeLN0+cOH3p0mVxEwA3HZgJ0AZdzYTcY+vW2nvuuWf+/PtKSkrIB2JyeV1dw6pVq+bOnbtpk8lstlBJTB7HoApUc/bs2fSTN0iNdHR20SZqgeqzQyxbtpxVpp9UuM3ZxI5Cq55WL9uR/vuhVSovLV1fXFzM9qXQAtuLDt3fPxCXZ3Pxw9HurGXWWkuLm2+i1YULF86bN482UYMrV67imxAEQZBCTt7MhPzh5KmziYdeuDbamMljP/3Xr89dIDPZ/thLrIT8hEpoYXD4uRd+/c7ly1fiqV+yTcmHf0WrfN9Dh0889ewOKjx67CQvBKBAgJkAbdDbTNaVltJ/A3yVa0Nzs1scM3nggTU2m52vrl27rrLKyvciH+Cb4vIhuEvEZGFYtGgRW/V39yxYsCAYHBTrs4j6oRgzUWxi+hTPNM7Pn5b7ZJNR74UgCIIUcvJpJrTw9HOv7/nyMDeTvfuOsBESCjMTqsk2DQw9wxao8qNPvkKbWDUW1hoAhQ/MBGiD3mYifu/W+vUbSEjYssJM5s2b19cX4KtudyttZXel04IoLXH5EHPmzOGrZAjUMlumQ481nWwiZjI4FJk1a5a4ac6cEvoPjFfj0qJuBEEQBCnY5NlMjh47+eAjL25/ND0w4u9/YveeQ7Twq5feva6ZvPFvH1EjLFeuXGVbAShwYCZAG/Q2k85OP980jpkU5X47ligYikbi8iEIcd+ami3qHbu6umnT7Nmz2XSviZgJHUhsOZ579LH2QhAEQQo8eTaTa/LErUhcuhWeVIQpyokTpweHnxvfTC5fvhKK/oyVADCNgJkAbSgQM5k/f/44YyaTMxMqHxyKsHJ2z4m4i9ggX6X/rsYfMxl1LwRBEKTAk38zuSZ/mxZbeOa512n5zbf/9N4fdo1vJrRw5OhX/n7pDvjoyC/YJgAKH5gJ0IYCMZN1paXcLuKq+0wmbSZ8HKa3r38iZsKW+Y0l6vtMxtoLQRAEKeTkx0wAmLHATIA2FIiZUGbPnl2U+W6uuXPn8vJJm8mmTabi4uLFixcvWLCAfooiMWdOyfz58xcsXOj2tLIW+Cb2PWD8u7nE+2RgJgiCINM0MBMAdAVmArShcMwkMBA0lZVRd59aGApHefmkzSQajZF+0FbyHGrw3nvv5bu0tbWTtFC5z9fOWhDbr6ysKpKh8xHLYSYIgiDTNDATAHQFZgK0QXMzQRAEQZBCC8wEAF3JMZPuWDeCTC4wEwRBEMTwgZkAoCswE0SbwEwQBEEQwwdmAoCuwEwQbQIzQRAEQQwfmAkAugIzQbQJzARBEAQxfGAmAOgKzATRJjATBEEQxPCBmQCgKzATRJvATBAEQRDDB2YCgK7ATBBtAjNBEARBDJ/8mMnBY18riwAoVLS9XGEmiDaBmSAIgiCGT37M5NyFy8oiAAoVbS9XmAmiTWAmCIIgiOGTHzMBYMYCM0G0CcwEQRAEMXxgJgDoCswE0SYwEwRBEMTwgZkAoCswE0SbwEwQBEEQwwdmAoCuwEwQbQIzQRAEQQwfmAkAugIzQbSJwkwQBEEQxHgJDg1TBgajlL6BIX9vwNvud7rcjgansocFALhxYCaINlGYCfs8iRJVJBoLR4bD4WgCAAAAmG7EZWIykUgkGAx2d3e3tra6XBgzAUADNDaTpjZv+7CyEJkJGctMlHISpbfyYZKTERnlWz4AAABQwMBMANAVLc2kzGw3yWkY6G5vaaCFiqY2dTXEkFGaSSwhRfCTtKXkmgkAAAAwjRD9JBqNhkKhnp4er9cLMwFAEzQyk+F25iQ8FVaH9NPpU9bMe0zmOnUhonlGNxOVn/BhE+WbPQAAAFDwwEwA0BUtzGSo1VadoyVZP5mcmfQ10b6bm9vFQovZXt2mqjmBwEzyk/HMRFCUtJlEY8o3ewAAAKDgmdZmknjw+a/PXVCWAlBITNlM+ppFFTFXaGMm1toGk9mRLRn2bK7blmczaWuuVxciY0VhJunvVRw1kp/EkgAAAMB0Q/ST4eHhwcHB3t5en8/X3Nys7GFpxPt//Ms7v/uE8va7H/cEnlRuvhFgJqDwmaqZWCxZD7HUe6TCUEtWTqzOliHlLtdPX1O1p8VqsfOSrtaGuo6mPJtJfU32BJDrZlQzGd1P5JGTRGJE+X4PAAAAFDb5NxPOp7v2/urX7yhLbwSYCSh8pmQm4vAIhZdbc8udYeWO10mfLCGd22o65NWgazM13tbIzKTVWUdtNnZ6aqrs9j65QlujzVlX42x29kir1RX2amdzY7OzRW6NKpu3Ot1+j3SDfm2LfAjf5npXY6evob6ejerYrXYT28vrSo/VRDrpUbQHO9ojVL/dVNHQ1OmxOzCKMmbGMRNFmJ+QnMRi8RHoCQAAgOnDzTKTF3/zu+7MgMkTT79Kq/v2H2Uljz75yoOPvEg/P9q5m36OPPQCWz5/4SKrRvX//Oneaxkzeed3n/z65ffExgEoHKZkJt0DrVKfPmMgZbXNVOjvz87vqnC2etpalXtdN8xMSCosDfTTVmkvq/NwMzGZ6+uD6ZomS6O00NZobe3K7O4x2dxia1llamtUj5+YrE3dzEysLlZCy2yhOutakpn4c3dEFFGaSeYP5Y4V2U9G+1phBEEQBCnURORbJaU/zBUZDg2G+/oHOrv8LW5P47YmZQ9LO0gnoomfnzx1VlFOpnFNNpOB8LOshJaPHjuZU0ne/VcvvXtNrv/Gmx8++cxrigoAFA5TMxPWp88dIREz6ftMmIRIQyXSve8OW4/kFRkzEQ+RNpP04Akl2Kw4aNZGsmbir66pS98Sw80k4zOjmUm3favdVF7XKo2fIKNnFDNhUTlJrpzkKAqCIAiCFHKi0Rj7hknK4GC4v3+gq8vvdnu26Wkmv375vQ8++pyv/v4Pu2LJX3b0PEa5JtsIUxS2zOdrXblylar1DPyUqjEz6Q486e9/Yv+BY5mWACg4NDOTLR2d2fLhDk3MpMvTUBfwpL+kK2smdVkPYRHNZJQxE6WZmLPK0TVBM2Fx2ux8uAZRZEwzGScqV0EQBEGQQo7oJ0NDkUAg6Pd3u92tTqde3811/sLFoeHn+OqXe4+88ur7bDkYkYZKxjKTvtBTbOHEidN8zIS2BoaeYeUAFCBamYlylhS7G2SKZtItj5B0sUJ+n0lTPRXaPS2NnqYyh6wTOWYi3WdS0yxtrQ+wFpRmUl1ut7X52gNe6fb9sc2ksdZe4/E2+TvIdmqczVS/ssLeqj5bRM5kzARBEARBplX4rZKUoXA0MBDy+3vcHq+zSS8z6R98+t/e3sm+noty5uw5EpKPdu4mP+H3mYxqJsMjv6Bqhw+fIEURzeTSpcuh6M8yzQNQWGhlJtINIWK0MpMy4S4RXtje5SojqbDY7R0dbFPOKEqolW11yXfeq83E35u+E8be1TGOmXQPtVKdMukLxzos8tSvCod0Iw0yamAmCIIgiOGTfzNhs7Z4qCSe+mVn7+P084mnXr02tpns23+UqlG+3HtYNJNr8mAL+QmrBkBBoZWZjJ6Kpjb1LoghAzNBEARBDJ/8mwkAM4qpmgmCsCjMJB4fYVG/rSMIgiDINA3MBABdgZkg2mQsM1FE/S6PIAiCINMlMBMAdAVmgmiTCZoJgiAIgkzfiN/QFQ5HB2Qz8Xi8TTATALQAZoJoE5gJgiAIYvjATADQFZgJok1gJgiCIIjhAzMBQFdgJog2gZkgCIIghg/MBABdgZkg2gRmgiAIghg+MBMAdAVmgmgTmAmCIAhi+MBMANAVmAmiTWAmCIIgiOGTHzM5dwF/oB1MG7S9XGEmiDaBmSAIgiCGT37M5OCxr5VFABQq2l6uMBNEm8BMEARBEMMnP2YCwIwFZoJoE5gJgiAIYvjATADQFZgJok1gJgiCIIjhAzMBQFdgJog2gZkgCIIghg/MBABdgZkg2mRyZhJDEARBkOmTYdKSWCI6HKcMhaMB2UzcHq8TZgKAFuSYSQqAyXKjZiK/xUufPEkfPiEIgiDIdAhzkkg0RhkcivQHgl3+bre7dZsTZgKABsBMgDZM3EzSnzzFEvHEiLIVAAAAoIBJyoyMjCQSiVgsNjQ01NfX19bW1tLSouxhAQBuHJgJ0IYbNZPhWELZBAAAAFDYwEwA0BWYCdCGGzETaQaXcn8AAACg4IGZAKArMBOgDRM0EzaPCwMmAAAApiMwEwB0BWYCtOHGzGQ4rtwfAAAAKHhgJgDoCswEaMPEzUT6ehOYCQAAgGkIzAQAXYGZAG2AmQAAADA8MBMAdAVmArQBZgIAAMDwwEwA0BWYCdAGmAkAAADDAzMBQFdgJkAbYCYAAAAMD8wEAF2BmQBtgJkAAAAwPDfLTFatWvXwww8rS2829913n7IIgKkBMwHaADMBAABgePJjJq+99tqbb7554MABOtaaNWuu6WAmVqu1rq7u/PnzbJUcY+fOnblVrg/MBGgOzARoA8wEAACA4cmbmXBPYL1/PcykpKTk+eefZ6swE1AgwEyANsBMAAAAGJ78mwkpxPnz58lMFi9e/Pvf//7ZZ5/t6Oi4dOkSbSK12L17Nx2aFmiVdlm+fPkf//jHAwcO3HvvvVRy9erVQCBAu7zyyiudnZ3CEaRm9+/ff//997OmuJlQOatAq3QatLBly5YXX3yR2pw/f77NZqOFl156iT1e2ose+65du+Lx+E9+8hMqocNR4eHDh1euXMlapoU1a9a8/PLLmSMDMB66mElsoNfr7UokleXAwMBMAAAAGJ48m8nHH3/MZ3PRgdhWZhFU56OPPmIlr7766vvvv0+FzzzzDCt5+OGHjxw58uijj5J7sBKSFrbAYAZCzrNu3bpr45pJaWkpK6E2STnYMhstEcdM2DId7ujRo7Swd+9eOrqiDgDXRQczGeoyme1SKluVm4BxgZkAAAAwPHkzkyKZ4uLi3bt3X8udzcUsgrkHK2EWwV3iWsZMvF4va4fBNjG4gSxZsuTq1avjmAkvEY84lpmIh2MnDDMBN4TGZtLucDAt8Q2OKLdNnJC3sjnE14LNDSZzg7BZE0Iuq6xPZru1sUu5cVJQU7ZOZeHMAWYCAADA8OTNTBR3fajN5I033lCPmSjMhH6uWLGClSjgvnH27FmLxbJy5UqFmVCDN2Qmc+fOpZ90OD6uwoCZgBtCYzOxWdLdfeWGGyJfZtLS3uVrbzNb7O0x5eZJADOBmQAAADA2hWMmBw8ejEajtHrp0qWmpqbTp0+rzeSDDz6YP3/+1atXeTsc7hvX5AbJKNgRTSYT/aRdqPGJmAn7di+qz2aF0eG2b9/O6og1AZggGptJJZvHZbbLIyYjFRa7w6+sc33yZSbB9HLAZG0bzNk6GbiZuLdMTcymJ/qZSbjHOa9kljQwXDyrbGuzcjMAAACQLwrHTGjhnXfeKS4urqioeP/9968J86+uCRZx5cqVtWvX0n+hvb296bZkRDP56quveJsvvfQSVW5ubv7000+vayYbNmwIh8OLFi0isaEDXZMPRy3QWS1btuz48eO8JgATRFMziXYFfM70TSZyKpwBZZ2JMJaZJEMmS51PHugwmR1sq6myxVnfQIU1m+3+TpfF6qLlzKBNkvatqG/zU32Lwm0EMwm3mRt65aUBa2NbdKCXdmcnQI7R0jcYjURqKuwB+Y5+aQ6YpcHf3UvSFcy9xT9tJiOxrWY77RKV64sn4JJ3MJmdlQ4vPQSH1e7t9da7u7xNTrPZnqBtyV5TlYsap601nnBO6wWPLmaSDNQuKypauJEX+Js7hM03wLyiImXRROip3OhRlgEAAJix5MdMAJixaGkmtgp7jTfU2VDHzSQ8ua/nCnlFvZEjeUXY3djYn26RnMEvL9JWq1vuxPe6TVZ3n1zo3Wrvk3Zot1rSwxeOcrnrnyVjJiMxUhrWAKelxm6yttGCJTMtLeFzuoakBToTJzMSf8vWtpzuddpM6HkQJrOJJ2CySTe0ZKwplYp1mCxN8lKyp7HOG5ce+PSdD6aHmfRWLSgqKgpM7irKIVE0GTNJ9FYvhpkAAADgwEwA0BXNzIS0hIvEFG5+lxljzKS+XJglFfJaPZGU1NF3taeL/Hwv2oUK/Q3p2/FZMtUY6ftMOvvEaVwjti0N6fpWL62bBTNxS0eThlOyyZ2pNqqZ5NQ3u+QSPnoTyrbQ6XLJ5+6w2k2VjfXeSY013VT0MBNpBtcap7JURprdVTyrrKyMFjZ6htOlgdp55uqiWQtWrC8rXUlWM0cqHPI3NzezselmX/qJlRouk+rQ7g2ycxIb50kHXLambF7JrN5Uiqo71s9bUSntx7R2TlERtVy2fkVR0YJqNswGAABgJgEzAUBXtDCTaBfXErOjKzr1T7jHMBP3Fn5niNSVr++W/h3HTKKexrFvUBHvM0nDR0i8tWkzScX62OOyOnvkLREqV+zFGcNMlCcwvpmkGRkwlbcI69MAncxk1CGL5rVF5cIXqmXHQwK15A68vHJ+Ed97zDGTcENafnqri1Y4FFPoAlvFMRNP0eJqYSMAAIAZB8wEAF3RwEzE0RINtCQ1ppmEPY313erZXGOaCZvNNcbXbo1iJqaMUdBezEyCLQ2B3AEgk9lh6xy9SW4mjZU5s7kUtSdkJvLjylkveHQwk8BYZlJaVCSOWKzhq2QmS2p5ee2SIkfmNR7TTMg35F1IQlbUK+/tyTWTMDUyyQmKAAAADAHMBABdmaqZSHeEV7p7kjHTpO8qUTOGmRA9bpekQBaHdyDd4R/PTCSStmppTpelWtHRH8VMRgbapWGfKmfM52RmEuto4tLl6pWPmIymz6Gizp/bj+VmwkZazI1smCV7Ai4/m342tpnEA5Zy+XAVDZo9mflCBzORdGKZPdfYZBbnagYZSFofyEwEk6Dy2sy0uBwzGfbQamlZtTRPy1HKzMSzMVuZk2sm9GKGF8+WZnx5RjkpAAAAxgdmAoCuTNVMUtH0X3yfdj3p65P0p++tl6mY4h9pMTp6mMkKyQKys7M4G4uLxK/oyhkzua6ZJD2lRcLu/dXpMZOa646ZZJHOa5NPWQoAAMDowEwA0JUpm0kqVb+lUas/o15YDLXV+LIdaLO5TtgGlOhhJp6Nc4pG+26u5rVFZcIXGmStYyJmEm4g4eGjI2HHivQEsI7y691nkmWjNJqT/t5qAAAAMweYCQC6ooGZGBhfYyMbEbJUO6f6hWNGRw8zkQg5yQJmlcybN19KUVH6b5tIysK+m6s457u5xjKTNcVF81aUlq2XdCJgX1Y0awH7Xq9lVQ5+a8qaEmksZE1Z2eJ5s9KtxKUv9aKa8qw7z7zltFH+1q+S7DEBAADMHGAmAOgKzARog15mQiLRXD1H/hPwRbPmlFanlSERbC5fuVgaulgjfF/W2GZC9amNWQsr2doy6Y/Kzyp3S/eLZG+aT4SaK6QZZLNKFvPBk7LlkgTJZhJeJqmRtLUXWgIAADMSmAkAugIzAdqgn5kAAAAABUJ+zMT/ztkrV5WFABQgdKHS5aosnQIwE6ANMBMAAACGJz9mAi0B0whtL1eYCdAGmAkAAADDkx8zAWDGAjMB2gAzAQAAYHhgJgDoCswEaAPMBAAAgOGBmQCgKzAToA0wEwAAAIYHZgKArsBMgDbATAAAABgemAkAugIzAdoAMwEAAGB4YCYA6ArMBGgDzAQAAIDhgZkAoCswE6ANMBMAAACGB2YCgK7ATIA2wEwAAAAYHpgJALoCMwHaoLmZqPdFEARBkJubWIyERPpfjBIORwcGQn5/j8fjbWpyKXtYAIAbB2YCtAFmgiAIghg+N9dM9h049sWeQ0eOnrx8+QorOXLsJJVQzpw9x+vs/vJwdh+BY8e/8nUOVm5pFkvMVc4/f/o5W91S5335X3/77nsfVG1t+XTXF8eOnaitbzt46Mg2d0+1zcMrUEmTp48q8HbCsUdaO0K08OZbv6d9d7zxDuXUqdO8AgATBGYCtAFmgiAIghg+N9FMyD327D188tTZ3V8eOnj4BJVcvHiJlr86efbMmXPnL1xkdchSxjKTOmdnk6eXm8nuPfuo5Je/+lduJufOnec146nHaeH8hQv0c+++g8xMeIXjJ75iFRj1Lj8zk9fffJdkhpcDcKPATIA2aG4mAAAAQKFxE+8z2Xfg2AVZP86ePb9n7xFa+HLfkStXryrqHD12aiwzYVTU5EjUm2/9npsJp8bh/emzL/DVI0ePb63zCduv7dt/kFW4dOlSb3CEfjIzeeKpX/g6B8WaANwQMBOgDTATAAAAhucmmsmBQ8fZlK2vTp5l7kE/9+0/+sWeQ3v2HuaKMkUz2Vheb65ynjp9Jlvj2rWqWvdTGVGhChQ+YLKlzvvq62/TAjOTY8dOvPFvvyOT8XUNvf7bdzMNADBRYCZAG2AmAAAADM9NNJMTX53Zu//o6TPSnK7dXx66JpnJocNHvjp1+uv90lDJSVZtimZCavHaG+9UVLtefzPtFbv37AvHHrl06RKvcPDQEUk83nz3/IULg9GH2SZmJhwqrHf5v/rqlFgIwHWBmQBtgJkAAAAwPDfRTDikIsw99ggGwuZ3XZuymTB++uwL7HaRffsPDg1vV2xlUAWyETaEwqKQk611viNHj4slAFwXmAnQBpgJAAAAw1MIZrJn7+H9B45dE+4zOfv1+X1yybWpmYmva+jzL7587/2PLFbnS6+8cfDQkcbmbvZFW+y7tliFY8dOdPUNUwWxHaYlVOHJp39JQtLk6fv4k7+IFQCYCDAToA0wEwAAAIbnJprJxUuXz5w5d+jwCRISdsPJkWMnSVGOnzi9d//RE1+l7wyZipkMRh/eWF5fbm3a+clfrl69SpvEIRGqxipQOnuiV3Nvvmdm8vCjz26p81KFsUZaABgfmAnQBpgJAAAAw3MTzQSAmQDMBGgDzAQAAIDhgZkAoCswE6ANMBMAAACGB2YCgK7ATIA2wEwAAAAYHpgJALoCMwHaADMBAABgeGAmAOgKzARoA8wEAACA4YGZAKArMBOgDTATAAAAhgdmAoCuwEyANsBMAAAAGB6YCQC6Mnkz6ay3m8wTjXJnYDhgJgAAAAwPzAQAXZm8mbQ7JOUwN/Rmi5JxX3tXZ19EqOOYjJmEvBZHGzXlc7fSvjHlZu3ZarFXuAaUpdOTWGeLsigv5M9Mgl5LbWs0EolGBtrDdNWFTFUueXWwwpK+0ujiNDv8bNkkLSSpQo+zoUeqFk0kpfKtljpnINMmNbLZKTcScXWGpYUed2OPtJquLeE3WRxsyWW12zrTpRVVdYlMjUprQ2N/ZiXpr6xOn0+Fs481ntkGJgl/JmMj0htFpaWOP+E2S0Nlc4gtB5rqTLau9OsS8rbLPyvNrnRVAKY/leYGYVm6tk0V7E1s0Ce9s/nT72CRyIj8lijVS0TrrXZ616RfB5OlwRVkb25+V/r3JuWsqtvaln5zDjY3mCrd6Q3UeHWDXM1vMzfwZmcmo5mJs9xJZtKs7GFNgSs5f10dgIJG28t1amZS0RDm3bZUqr4qPULSw2UiGW6vb5yEmfAeBrlNtvuoNXKf1XDEei2Ngi7mi7yZSX1FjqyG3Y3tfL27hf0XSxdnZcYi+KtM/9EGMxWlcluXJXNt+Rsc2UYYIS//3zqD39XS0CmfuGAmA86eLm/m0VRaXOb69JOfaGuiTkC6PHM9gymS80yGvPX1Dv6Em7a08K1SB8viTL8uMBNgRNRmUpHznpX1jRQ3k5T0Jsl+HVz1DpO1TS7K1qyoajXVdrBlesN0lKffRVOpuLWBvbtKZpIpnKGMbSZajpnsPHZJWQRAoaLt5TolM+EfG0v0u03lTfSGR502k7lR2JCaipmkgt7KlsGU3BdMRXuoKdbNjPW2mS2SGkUzamSyuHqanRaL3VzlpNWtVQ6TxVFh86Y3x/os5ZI1pUsCbdbK7Ewzm9meOWLSapXGecybG9kHQtLnRta2FofkV1ub+1hj0Z42ad9yh2+wID82uhlykjczMVkzr6mMLffqYh4i/TecDFXI4jG6mYS8/mSqpcbOPiAU/4/nFUYxkxDVrEsJZsL+vzdXtTLFof6BsyrdptXiki5aVg4z0QiFmbSTGVbJT3K4rT0Zyv4Wu8Mpfwu9LplqMBNgNNRmUmmxd4b4W+voZtJotUtjifIvRayjySt9IpOpmfS30O9NfdpG6A0zFWj1ye2F3Y2Zt0SYSZ7M5M/HL7f+2xnPmwhS6KELlS5X5RU8BTQzk8GWBuqsD6bNJLezOAUzoTfE+m5pQeoLVthb2ruicrnZLC17m5zUT2Uj0iazs9Lh9bZ3Oax2b6+33i1tpWpsRgftSyW+9q6azXZpCHskFo10mGwdbIINNxN6L66we6laS30Dmw4kmQkZjkMq5A+EmvW19/rcrW5pXLwQqa+y51lObp6Z5Pw3ybay/4Yr5E2jmkmgSRKMRFuTydaVuhEz6XPW0eXDzWSrhWxc+oSejb5Q/0C6YOQPHc31vdxMmAOb0DOeMpln0s5ko11+WRPpFzRjJvEuuTtF0iK9yjATYEjUZpKK9kkf2FVKn81Js0+F+zzZ7Gvp8zW3/Pka+6VIxcz2Lm4m9H4o/XcZSH/OIplJKlQj/S7Rr5JDMJNsszOT/JgJADMWzcyE3txM5c5EKh70e03y58qcG34LC3n5W2plvdRxTMlmkp3V1d1i60yPlUgitEV6jxWOEuLj0QmfU34z7RUnbmWGdPy8kJuJSXivt8k3LUgdzUwhLcvv5pKZBLO3HxQmyaivyR3M35BO/szEzP7fTcN7/zJh9jqmPyCM91S2hEY1E3ONl02V9tqlmuy1zmEMMyHMloaMmYQdHfJM7r7WyvKWVLp/EHFvsaf8LQHh3DBmohWqMRMiYnWH5eGRtJm01DjYi0uviz8JMwHGRDSTitxrW56mNfqYialKvnUk/buTCkozVNM1reXshr0ImyEpm0nKam701zsqmgYwZsKBmQCgK1MyE8sWebJEhkpLWicy99URI4NdkmaI1a6POJsrg9gBjXoa+Xuu9FGQ3CkUpCLbGU11uqSakXaxQZOZjVaPaibZ93c6YjRtJulCbibScrc0ocufh9vzJ0PSXOF09eb15PJmJrFOV0W9NNhFkb5tgd0BH4snojl3wKcX7I5RzCTS7ub3oid7pUG5mD9zG32kvV/eNraZpGJdJotkJv4GPglbGtyL8k8uk35mv/yixR3wWqG4A579PpJYtsh39bLfYvFrOaSPLbJm0oRXARiGsKfR0T6QiEYC7S5bJ73bR/wDkUQsMtjtrWyhX4TR7oCX92qPZ393UtK7lp19fsemJ6Qkt7dbPRFmJvR/qKmmjd00z82ENzszgZkAoCtTMhNpTEN6B8wQ7au0Ntqc6fGKVLpbf+PDvtczkzHGTMY2k6mOmYxiJsTIgDfnq8kKhmiHK89aksqjmRD1W+qk68ri8MmdzB63i11mLT1RViF7u2esQ20mzCIyJNkHhL5G6VYiiq39emYiD9CRmQi3h0r3OVDnOPOpfJKN2qlmc93gLwJQwZ9Jacwq07vy1zvkSZuymTDVzGA1S/PjM2aS3lf8IgQApi1Ja5V8V2Q1e9uJsHspMzdJZmdztYtvicmAdAOeYCZ9zjrpnc3fwv+PpHdIspG0mSR75Qldoplkm52ZwEwA0JWpmskEo9x5fK5rJqmUxWJvae/1NjcJ95mMYyYpx2bpPhN/X2BrFR/SiZssdYND0hyx7H0mLY0Vdm9fd1dLY2P2PhOVmVTWtgYikZb6Bod/Sj1sPYh2NOVfS1L5NRMAAADgpjCameDvmQCgGZM3EwBEYCYAAAAMD8wEAF2BmQBtgJkAAAAwPDATAHQFZgK0AWYCAADA8MBMANAVmAnQBpgJAAAAwwMzAUBXYCZAG2AmAAAADA/MBABdgZkAbYCZAAAAMDwwEwB0BWYCtAFmAgAAwPDATADQFZgJ0AaYCQAAAMMDMwFAV2AmQBtgJgAAAAwPzAQAXYGZAG2AmQAAADA8MBMAdAVmArQBZgIAAMDwwEwA0BWYCdAGmAkAAADDkx8zee/9Tzt6HmNJPPi8cvO47N13JDD4NC386qV3jx0/pdwMQGEDMwHaoLmZqPdFEARBkJubWIyERPpfjBIORwcGQn5/j8fjbWpyKXtYU4DMhLzind99Qvlo527l5okBMwHTEZgJ0AaYCYIgCGL45M1M/vLZfrHkiadePXrsZGfv479++b3jJ05vf+ylrr4naIE27fps/4OPvNjR89gzz71Oq7RjT+DJazATMD2BmQBtgJkgCIIghs/NMpORh1549MlXDh8+0R14Mvnwr1557f233tn5yOO/oU07fvvBE09L3sKEBGYCpjUwE6ANmpsJAAAAUGjk/z4TWqaSoeHnTp48c032DZIQVo0ZCIc2fX3uAswETGtgJkAbYCYAAAAMT97MRDFmknjwebKOa7m+wQzE3//E4z/915OnzsJMgAGAmQBtgJkAAAAwPIVmJhcuXko+/KvzFy5ek+9FgZmA6Q7MBGgDzAQAAIDhyZuZKL6baywzoZ9dfU+8/K+//8MHn/UFn4KZgOkOzARoA8wEAACA4cmPmQAwY4GZAG2AmQAAADA8MBMAdAVmArQBZgIAAMDwwEwA0BWYCdAGmAkAAADDAzMBQFdgJkAbYCYAAAAMD8wEAF2BmQBtgJkAAAAwPDATAHQFZgK0AWYCAADA8MBMANAVmAnQBpgJAAAAwwMzAUBXYCZAG2AmAAAADA/MBABdgZkAbYCZAAAAMDwwEwB0BWYCtAFmAgAAwPDkx0y+PHX5oQ/OPIggBR+6UOlyVV7BUwBmArQhn2ZSlIty841DjdQGlIVg+uLfVj6rWLo25i0vTSg36oK/Yk6vvLBYiwsSAFCw5MdMdp+8pCwCoFDR9nLVxUy21DYFBgaVpcDQwExAgTDcVT1rSWkoLNHhKJ+1vFpZQ09gJgAYm/yYydWryhIAChZtL1ddzMRkttvsLcpSYGjyaSYcMopldkkpnNVrls2fI62WNbNN1EF0xlPLSmZt9KZSgdqiojVhb7msMYmQp3bebFqcVdsR5u0wMwlsXaaJ6gDd8GzkSrrRQ+vDvc45s+jFnBNKytuTHWucwzl7UIkrMadoTll7umBB5iVesVDa09GVrl+0zFG9coHU1vLSdMkmH5VQpTVb/alhPy0UFc/yy9V7t5VLq0VFZe5QSj4t5rYqMxmmi1Bqc/EaWgm5pYuQ2k8fNFDrCKYCzlIq9IRoa5l0XZYsy20BAFBA5MdMAJixaGwmW23NldZGZSmYAeTdTAIOkojiFWylo7622R9KJcPUsSvvkEoWy73GFevLfGFmJtTjW1BWJn98HmjuHU4kequlwpUNKdlMSGMksykqyu3VggKlvET5ShUtqU2lwg0rJTGga6MjOJxIJkhfpE3zK8OOFUXFkhuQU8wxd6TizWuK0wrhWT+naIF0YRRxqYh7mPYUFS1gBR3mORs96XlhRUWl6WoyG+V2xjITbkES8eYFVWzO1zAdVFqiKzMjUiuK0i2QSi2uwRAeAAUKzAQAXdHSTPr6QyazneLxdim33QDpRnhsncoaoADJs5mwwY0V9elBD05R+pN02UzmlKZLZTPxKJ0jIImI1J2V9vL0y/ayTFoFhU/2xeUl0ktJgjCPlucUpZW1aLGkHIvJT+LONUwSOsqre9nQy+L0ntKytFdRZi9peU45/5mSrrfFHjYmI1XL7ChTu2Q8M8nRGM/G6v7scmWPdGXya3hjdsdA+iIGABQeo5tJQ+ndt9+u7GEBAG4czcykvaOXiYRlcx2XCmWlGyHY3JCZfAGmAXk1k6QsFbxvGvfJox2zysqkyTBZM+HdO9lM0ot2SWmKZi8oK5Om0HAzSbMkr/ckgMnBB0yGPRvnFBV19Eqde+mlDDqWydrAjSL9+rIrob2MnKRsjnQlkGmw4RSJQC3TiWxJZpntLlUhM8luokMMFxUv6A2H6UK+jplkWkjlNkIHlU6K/ZSBmYAbJNEs4+vPz7c8gDSjmwnGTADQCM3MhKlIzdamgeBQVXUjzGSmkU8zCdQslrzEnRkEkW89WOGQu6fXMxPqRxId0uffOWMmy6r8bDYX/pMveBJFJWmFaFgpvfBsWRwzWVE8ZzieCLVXLpi1YrinWhqdkOhdUN2bHhjxjjpmkr3BIz1mMpaZhBvY9Za63myunDET7yhjJjATAKYXMBMAdGWqZkK/nPQrmsqYiTiPi/3qZqveIAozMZvt3q5eZ63D1hljJRWVjf6BSH01HVe6VSDV6Wpsaqx0eH3tbSZLU2Vlo+//b+/en9u27vzh73+wf8B35vv78/NO5/tzoaGHGuahhx7moR9n6JGHJimqsuiIJizKNCkhpEUJFm1atGFRooledpteknbbTTdts5tespveL7vdTbvd7j5Ju23SNnGTNBcnTvx8zjkACIKUbYkATUHv12Bs8AA8gIgj6bx5DqiVtcr5YvIMO6WFmfzSypp6sb6Y4zuD20aZTMTwhqVxrWCtRyfukUxqGRFACF8xkwm7A367mpjs3rsC44hfowb/3C2t1a5nw3Qdm5qWOBwQl1KTY3Vz2lW/uCTFS0b2bCmJSKqo1WtUQ4JP9aOVY1mlqRYThyWZ54wdk4lelybjGj1ZTgT5IIwjmbCBOZ5tlATVWVQrZXkmpbNpZgF1Q5NPstPm9SKZAOwzSCYAnhoqmdjvBrl67fp6/Qq7LYR/Kpd9095uO+lJJheXFi4aq5RDStesDUQ9IwZnVkuyahQV5/LWO98it1AyqTaH6g3D3Y0ymQDcRSIkZeSqCC+5VE/OpCBjf+hgn80FADAQkolH5s6sOIvgQNp7MrmmbVLqmDt9bnaOzd2amWUBQCSTdvsGrVA5baWV6ZmzziffB3sy2VSM6WF8KZTYp3Tq1eL59LTthpbVkignpbnuRDJjROXaGttzdlHb+ygO3A2SCYyLjhZ/OCTGxWKpno80CJqftTUQkgkA3BOSiUeQTEDYezI5PX8+lTFmeDeuXBXxQCSTwuJjRlrQ9a2ttrW+K44xkzOrPVM0LhXPLolp3tu10/eTTEzFubw5sgJuQjKBccZiykTA+JsnO0AyAYB7QjLxCJIJCHtPJmcLihU5lAobkdDNZHK+dMHaVL+04UIy0fXp6fzC8lp15cLMoxc2dL29WkrPP3b10npy5uxM5t7JZC5bVK9c37xSn5nuTvQCFyGZAACA741nMnn//dtrl25Q516pXb916z3nZm+sXerQv/lz69//4c+c23YPyQSEvSeT1bVLSX4PSam8Yk2pEiXqxQatULlILK4kkxtX19jcrWl5odrk0eLGbIY9XN/cquTunUyWZWM+2Px542N6wF1IJgAA4HtjmEx+/ZuXly9ozzz7/Gs3X3/+uz+hdSpx7uQZJBNw196TiW4OmwzMHovFirWptYVuqP8hmQAAgO+NPpmcVzao1y4Wevifv3opV1Bp/a8f/zt6eOvWe5978qsfftjdn0ouNT9x809vfOJvviRK3nrrnevbn6V9lqrXsvlabb0tytevfPzFl357Wu6WbHU+/8dXb1LJU09/8/33b1/bevzRs2s3b75+hw/LKLXrdNx//s6PxeEuXu7c6UsmtNvTX/8n2q261qKH4qBU4Qs//y+xw/nHms9+83t0Gv/z21doa6F0+dzyFVpBMgFhqGQCYEEyAQAA3xt9MhEoFWzrT9hL6OHb77z7yU9/mbr1t29/UKpcvfXee8XlK7TpP//rpZdf+eNC6ZLY87NPPE1BpcgDwB0eHmrr27RC8eBb//RDWvnDH16j2mgrJZN/e+FXVEKpJregiqeLOi0ULb701LN3dkgmZxYvijoJnYN1UKqfApLYn06AVuj0KBrRCp3bF7/8j0gmICCZgDuQTAAAwPceSDKhzj0Fj1d+/6q9kOIBJRMRD379m5d//NMX7vAAQ/++dvN1CidXW5+mxMIKV7Q7PDNYzz1TYOuUDax5X7TP66+/ScmE/r3DK7cCCWUJ83kMHfEuyYSe9cdXb4p1KrcOSuv//nOWeazazisbFEhohb4KOi6SCQhIJuAOJBMAAPC9B5JMKG+IcQaSW1BffOm3r7/xZ5FMKLFQ4b/86y9ExqDuPv373PM/pk03//TGE1/8OqWaS81PWJsEEQ+o5DU+U8tap4RAT7zDk4m1vxjluPGJLzz99X8SWeguyYQKRQ13eiuhpCR2sycTUQ+SCdghmYA7kEwAAMD3Rp9Mbt/+YKl6Tazfeo/dQyLW2x9/0hoz+dOf3vjME0//569eKleuvvTr3y1fYIMkpLa+TQ8pUdzpHfoQYyZysf7f/99vRIk1ZjIwmVDsseaGURa6SzKxj5n86CcvWAcdOGaCZAL9kEzAHUgmAADge6NPJhQz/vCH1167+boY33j07Bp1/X/80xcWzl+iPj2t/O7lPzifY7ra+vRpeVXM6frO936qf+qL//Pb32/rT9D6HV7VYrnxyu9fra61fvXfv77D74AfmEzeeusdCjk/+/dfUsg5s3ixP5m8++4tOhA9vPGJL+QKKgWezz35VeugL770W+uuFSQTuDskE3AHkgkAAPje6JPJPV1ufvJssU69f4ouj3/+7+2bnvji18VNJgPZZ3M9cEgmICCZgDuQTAAAwPfGMJl88MGHP/zxv4uPEr6+/Rn7pnLlKoUTe4kdkgmMISQTcAeSCQAA+N4YJpOBbv7pDfE3Q5wbbJBMYAwhmYA7kEwAAMD39ksyAdinkEzAHa4nk20AAIAxs8W1OE3Trly5oqqqoijnz5939rAAYPeQTMAdricTAACAcYMxEwBPIZmAO5BMAADA95BMADyFZALuQDIBAADfQzIB8BSSCbgDyQQAAHwPyQTAU0gm4A4kEwAA8D0kEwBPIZmAO5BMAADA90aTTF58/X1nEcC4cre5IpmAO5BMAADA90aTTH79xu1P/OufP44Fy9gv1FCpuTpb8BCQTMAdSCYAAOB7o0kmAAcWkgm4A8kEAAB8D8kEwFNIJuAOJBMAAPA9JBMATyGZgDuQTAAAwPeQTAA8hWQC7kAyAQAA30MyAfAUkgm4A8kEAAB8D8kEwFNIJuAOJBMAAPA9JBMATyGZgDuQTAAAwPeQTAA8hWQC7hi3ZCJJUq7hLPRI7ggdTVKcxTCu2vXABF2xQMssUBLSMI1FkhLOIpvGfMTdtrGXs23kEu6eBMBBhWQC4CkkE3AHkgk6fvtFJig5SvbS17fZWzKJBqRcWdWYeiwkqVZOupe9nC2SCYBLkEwAPIVkAu4YXTLp1CgG1IwHbL2u6+2NcuZomNZjM0b/i0WFphKQpODDKaVJ55eiEvNJGbGejUdDk7SLlCo3WXm7qcyn2LvpgWBNM/YVWPJ4aLYuxyUpSrvFIiH7biKZqGs5+jccz4kuJjtJ4715KVvRlFSUHWiZH0hvp45G2AYpkONVUF8zmKnp5gl3Dwx9qKPf0Gr0wgYOx4yiTjMaYtcxt8Ze+qAUtHYO8wutylP8xQ43O3otF+evvCQdyVm70euvrsns8h3NipJWvRgMsEtMT9HFQTtNfjXj9DDDL1+UWhbfKpJJa202OiHaWCvK25VojSyZaNUsb5/UEtj2Ti0z6UxHKZ6XElRXpc2eHgjW28Ymcf7hoxnWkm3JpFmMJ5SW9YJ062fbFPYSTUaNvGMmk9mo1ODnbGip8gnWMiPHi+xJy5nYYfZly/yVBIB+SCYAnkIyAXeMLpnwTn9GRBMzY4R4t0wQnTZaCU6aRZPUcaxLZp6pZYLUzRP7WNiG7XLcqoc9pYsXxfi/CdrN3MnYTSSToPXcqCyeEgpZ+7FeKccCCCUTa4PEu9HU15QmQ9ZXUR3q5fE56oiHQiF1Q8seCxrDYp1aVq5pdUWaiJe39Wy42+mXgizmSRPhpkbbs8GE0t7UKJqwgYpNs+MvkmHoGO2TOGy8+NrCVFltqucS4SwlX3bQXCIkl4lKD2OpnKY1wxOS2CqSCcWS0EnW/acGljinUm3HJqUWf24wFDqWVdgZShFWuRwTuajM8yoLIdRAs+E2Tya0s7xSp0MHjWGONp1/XdMyDweliag4W/q6W0oiKAXEuYkXxKpfb8h0MnT+yvyUUYlIJp2GFOpp2An6HgnFqpVqKsfaJR38WLbM6+mmOwCwQzIB8JS7yWQrnc6n5yvOYjgARplMqF/HRjB0ffYhyguyfjlLvbvIadZLpRLR96cS0SUTfX1aoSeFTtX19dkQe1LPmIjkmIvVYKMf9gJRSc+bzXp3N5FMRC/ZOhz7T5wBPz3WC94udgvNKli1IpmYWyg2ReZ3PVvn4KCOeMG4eo3eF5MPOCjsdY4XeeqoZSg4NPPRqrlDnF+aRO/F1fnrb47CtaWjZvUcRYiGSCZ914QKRcCgw0YD3eYhTZi9/+1iNN+0nTBrKjo7gdDsOjs9+RovXZ5idTdyikgmRuzWRcxgQy5mzbRe3OYjPEqCUpAY1xhUv/HtwNbFMA4lk+WGFGDBxqYpnbC9gEoie7m7zs4QAPoMTiaFqY9+5CPOHhYA7J5ryWRz/bHk9CJfu5RM5zcdfTjwu1EmEzFqQTGD/i1vG/36wGQo9BBfZlhH1IoKYtYUrbRL1C8NZfnoBfVb2xWeBgLBVIpN9KIOmizevz4cS02xNfsBeR1GSf9u9vtMrD0lK2B0c47CtiWURp49MXaCjjwldZOJ0feNIJncle22DSOZ5KJStqy22mYyYekurHdqYn4U68fzmzkEfYdkYr3iIopQPqzV2c5WMrG68C0lET4pa5ttWzKRqqfCRlCgh5FZ63DU0u3PFckhyq+1thAzBvHSwQYfM9FFqDCvvkgmPXeVKAl6IpXEi3UpmhNZqL/+iC3/ihLWCKOzYedIiGJvafZ6cF/KftBmY3jlcvVyd/QPRmBwMsGYCYBLXEomnU1KI+tbxqP184vJ7GM9O4DfjTSZiAAQNW8dWZ/txgDbDo5kIm5Q4bHCnEAlxcSb1hLPFd09dxgzEeu0WzDNu5S9YyaiI2ftKe2cTNj+fJYR61sjmexSfzKxbiyJmj1yNqGLvabsRhT7mIMwMJmY4yoaHzPR2Fgc159MCkclMURRPWncrMJmc3XqwYSRTSRpytyX6U8OxpjJtUK8UG+uzEYPh+VGKzoxOJk089H+MRPaIz4hRfmeA+qfGDRmouh1W3ziGj1jJhWMmQDcG5IJgKeGTyadmel8cobdPdnjxpVhRk4WHi2kqdppWeazumH8jTiZiDAghY37laMTIhEw1qwqZzIx18W9AdqCuG/EQB20TPe+lLuNmfTvtttkwm90EdgKksmu9CcT6qMrda2cPRa0xgq2i9KEFC8Z7yVLUqC8Um+q1dRRdv+6lUwoWsQWjE8gCB+K2O8zoUvDHwb6k0k9G47Lan1FDk4Gu8mE9jkdEfeBqNlwJCXTEcvncnJjQHJg95mEZ82yHv3JhK1MhOoau6/Gfp8JG7w5EaSk0V8/G9aZlIpqsyabN6uYYyAR8bVvyFIwoxv3mRyrb6iZNPsZHpQCkVRRq9dwnwnATpBMADw1bDJZWTg7nbvQuOEsJ43lYvJUaeXa7tPJRiX5sUW5XKsuP5Y+tezcCne1tbrkLBqJEScT1rczMwZ/XBMfMRSYjDSMnuWAZNL7pFaYfX6SFJ9XWdeWCi4Xp46wDyZSmuzpYidBxAjjwWV+u4htt90mE73TEJ+blFpuhpFMdqk/mbTMT0WTo9YsprYUTNXMnz3NMvukBBJLFXRbMmnko+KeDnr9W2tygFciNhmfpVZu9icTvdMMBtjlYxMCbcmELmv2iLjbpM0/4Yq1xvqg2Vx6pz4blsTnejkMTCbNMhse7P9sLkogwRPKgPp19h0x8LO5KD6xgZHtauAYfzvJ/MaJptmgkVbLxfHZXAB3hWQC4Klhk8nm1o1kurTiLGZW5PzGja3N9qBfv3dVmstvOMv05BxurL9fC6fyziLvjTKZaJoW5oMkvR/tew+axu5LEe+Rg7+1lYQVWsdW/VxWfNRvIBSpik+TBoCxN5pk8rV/+OFnn/zm93/4i6e//v2f/8evqeTTn3vWuROAHw2bTMjdkomz7L601VLyVKnaNDuvne3N65eSc8ub16/rbEyglE7nl1bWKueLVlxJps8nP7ZYXbmw0mDvaCanC+rFOptmdlDzDIWT6cWRds1GmUzE+8fljV3d99lksWSm7CwG36ELHUl1RzgAAFw0mmRy5doX7A+1rS/X1h+n5avP/IAeUmhRL3+2vvH5d965dYeHFlo+9fgzrRtP0cNnv/mTxtUnLzY+J7a+//5tekjPpbRjrxNgPLmZTKora8aisjcA95xMjHtX0vmFijWnpWllDDmTT/KP3icUUcQK7bxi3n+vKYvFDT5Qoy5ZOxw4W/URj5yMMpkAAAA8EKNJJpQx3njzbevh715+7VOffubV1954+51bf3z1dW37yz/91/967vmftT/x9B2eTD7+11+jf//thRfp4Xrjc9967l9+8KNfUIChh1//xx/RwxdfeuUb3/6pVSHA2HIzmdCKUcJTxBDJxNBu1oxPIrYlk2S6UDJnPtAhxA3yVGgU6fpChqUaa7HKD5TNWind/7EEXkIyAQAA3xtNMiGfeeIba5c++8m/+TqtUyCxZnO1P/731j60fvv2B7TpivZFUfLMsz+6efNNsX756pP071NPf/f57/679RSAMTfWyYScNqJFN5mk0/kzq8a9K6W5/CZfsSeT5UddOO6+RrGkVDeHkEYFyQQAAHxvZMlEeOX3Nz/16WfsycQ+0YsKxSYrrtD6b3/36quvvSEWUfj6G29daj7xjW9hzAT2gXFPJsm0+KsC21YyWZjJJx81bmyxzebqJhNNWTyzOup++TjpjHi0REAyAQAA3xtxMrnDB0Z6xkz4DC5rkxgzsZLJV5/5wR9ffd3awfLurfcavfeuAIyncUwmK4uLYiJWem7RShgrCwUqucrXb1xdY3/tZKagmZ/7ZU8mZH25xGqYOTsrH7w74LeuOEtGAskEAAB8bzTJhJLG93/4C1q07S//8lf/QyX1jc//6Kf/Sanjz2+907z+tz/40S++870XrPtM7FO81i595rNPfpOe9alPP0MP//bv/vnFl1756b/+1w1bpAEYWy4kk+6N733Lrj47CfY1JBMAAPC90SQTgAPLhWQCoCOZAADAAYBkAuApJBNwB5IJAAD4HpIJgKeQTMAdSCYAAOB7SCYAnkIyAXcgmQAAgO8hmQB4CskE3IFkAgAAvodkAuApJBNwB5IJAAD4HpIJgKeQTMAdSCYAAOB7SCYAnkIyAXcgmQAAgO8hmQB4CskE3IFkAgAAvodkAuApJBNwB5IJAAD4HpIJgKeQTMAdSCYAAOB7o0kmb73zvrMIYFy521yRTMAdSCYAAOB7o0kmAAcWkgm4A8kEAAB8D8kEwFNIJuAOJBMAAPA9JBMATyGZgDuQTAAAwPeQTAA8hWQC7kAyAQAA30MyAfAUkgm4A8kEAAB8D8kEwFNIJuAOJBMAAPA9JBMATyGZgDuQTAAAwPeQTAA8hWQC7kAyAQAA30MyAfAUkgm4A8kEAAB8D8kEwFNIJuAOJBMAAPC9cUsmV659QaysNz7XuwVggNu3b3/wwQfWwxdffNG2cSwgmYA7kEwAAMD3HngyeffWe60bT/35rXfEw52SyQcffHh1829r649f2njiv1982b4JDrLnnnvu29/+tggnlFJarZZzjwcNyQTcMT7JRGIiztIh5I5QhQnFWQzgpuJMjLXcQ6HoiZxRpBWnlts9OwHcH3UmWHeW7Zp27pji4Y/q/eqBJ5Onnv7uVucrT3zx2+LhTslk4/oX7Q9v3/7g05971l4CB9ZXvvKVzc3N9957j/61j5+MCSQTcMf4JJNsKpWRVWfpEFprcna56SwFcI+ajUZO5DRSr8kzsWjWzQYMAC564MnkautLz37zJw0zkOyUTKxyQdv6cm39cVq++swP6OFnn/wmrX/pqeffeecWPaTQ8trNNz/1+DOtG0/RQ6qftl5sfE5sFQ9p+do//NBeJ+xTt27donBCjfnb3zby7VhBMgF3jDKZ5I5IsQVNq2QlSYqeKLbWcuzN5omA2mJbrTET+q/WaQYD7HHKjBaZo+HAhBSYjDQ7thr1Bu1DFcbCASkQrLf1+OEAVRiOs3evu2MmSkIKZpRUlB4HJqPime2NMlVIYjMYVhmFxjxduwa95pGUoneaSipCV0Phl7dVL2aORlirSBnXQjqS4zs8IsVkzaigLYWzbN9zmYDtOtK11Vs1KonPs3aUi4etFmVSEpV2s5wSrU4U0RFZAwsEqTlRDVIky4trUjBV4w2MGg/9W52fioZYQ8ytsRp5ExX44F4tU+w5EH07pcr0LdLIWUN11G5ZqzsyxR+xM4lOsgqtM5l6WLR0pmE8iWsqon1yCXr1GsaLFqeNqjzF6pkwXkD2JRwxRmxoD/4/O1bkkCQdCseyVbNSg3yCfS9EjotzaNmrItLJapZOm76N5lW9pdLpiW8ocAtdrtYK+6lFrzE9jNOPr0P81eaXUjSDiBStzcfpMtHl08QPvZZKbSUQjmX4T0XR8sWVslq+uFLUWngDZO3Cavl1YxiPX26q5eD93HuwyeT27Q8oPNx67339U19799Z7d3ZOJv/ys/+qX/n862+8JR6+/c4ta8zkqae/+9vfvUorv/zP39A+d3gy+erXvy+2/scvf/Pd778g1q2t4iH4w66SCcWDTRt66NzDbUgm4I4RJxMSPF7UVBZOpOisVi/GJ9kvX703mVBfiL0NXWC/mKkkS727yYSi6dpyQpSYWDKhCuuaFuXduNqGxiuUClpvMqG1cp0qDNLaCSqr0/8K7/NSSbyEuTeeo95SnHfkNTkWnTc64cHe+XtWt4yujujzp4KUR9j0lnYxLl+z7dpRIrwSesrsOiuopYPSRFBslKSp7p66YuUNs8fWxTr0G3KUN6p6Npw9KoVOscM5Jhaa3X1GW4hlL9N/hRhvt9Twmq128bjR1tjTzWRSPi41jCCtScfL4kzEY3Em9G9NPNYbwYy5yolvCqKckDS+Z/CEYuSgela8kiR7RGrvkEyk8KwooefmbKGHvsxuoKqz7y2xSlXxk6RDh0UJvaQJhX1r0CVTet4RgKHQ5aqL17NTo59sfI1eY3YhbMmEXXdRIi6uFJziBey61G0tn20yW764UvZkYrV8aqC0EpaMPSlF82+sA+TBJhMKFS++9AqtvPzKa1/+yvN3dk4mwnPP/4x2+OWv/seeTOzDKVQoNr3Nh0dEiRghEQuVfOmpf77UfOLLf/8d61mwf1EsoYAhMgnlk12FE+cGbyCZgDtGnkyMThKtiV+r9VMhWyAxV4z3nGsSfyOZfqlGTovf1yxRiNo4lkxEhdSBk6QQ24NVyAodyYTvX8sE+a/5yywaiSpmH5IcnULwAvWNCmZXi/XsOXuPX+f7mMnECAbsaj7EetiFo6wLbtOwkom4eLzvNSW29eYKpXt9lYS9j66LZKLXqQ3ovH2ySvjhxL+WhO08YxN8nQ4s9ozJ7NEJo4myFmcmk4TYk5MmEv1nQoczO4f9yYS9m67zmkUysc6c9TvNnEDrxe3ByaRbIYWoBXPkSW9SDjPXe140vs4OSt8PVolxoL7XDYZha04N/kYJIzKJPZkYexihoimdNMa+WErf6LZ8nbWWKWPNbFe8UtYurHLjpytrh9x2MZo/WJNdByeTwtRHP/IRZw/LA9fbf2dlhqutL925VzIhr/z+5qc+/cyukslvf/fqq6+9IRZR+LV/+CGFk29866fWE2Gf+s53vmPdAU8phdqwc49BRjNaIiCZgDtGnkyMzEFrYoX/3nUmE9HpFMGjwUsCk6HQQ8ZiVGfuIOrh6YP90uUV7pRMGqyQ+nC8xKowNOOc7gKuM3tLPd1c0f2itBg+KWubbVsyMftP/L3kNusus9EGJRGUJsJ1jfXVrWRitBXzXWH+9J5kYjYn49AtVotUq7POutGhVxKUmniPnGVX6rSxdtNpSJPHsmW11e52JbWFWI7HqmY+yp+riQCQCopGW2dPNJMJnRC7BcXQ6j8TEj7E2n3gMM8h19QyR2fWrsv8O0JKlVn3sfvq2b5k8YDqGZhMusfqXbenLPsTu51Xs2TgJYPh9SQTc+bfvZKJEjmlWo2pzWchWtek+/1yz2QSme22yKF+nO8/g5PJSMZMbt/+QKQRgdap5J7J5PU33vrrz/wDBY+/+ew/ipKvPvMDMZvrhV+8dJE/y55M/uOXv9npfhIxuQvAU64lk8uN5vnShWQ6/2ju/ErNHBuGA2NfJBM242QiOrvCupI1uSBqs3YQ9ewumfCxF6qQurztzXrVekMZPDOwm8u7Xw0pXhTjIdS/F1tsyYTNeEnMZ8XME9rf2Hclde9k0m7yCfrOPMDaQJzfYtGpmb3wRmgmk1ox9snMhETV3dkyvP2wWV9Rsx/P5oCxCVfVmYg0EWi2G4VHQoEjfLKWbTaXOQFLcJ4J/XfMGEhyyvFpWhZ7MqH6rdlcs2G2W/WkJD1kDHSYTd02c+y0GG9p8yzWO5urkbN6wFSVMZsLycRje0omOv0MFCXC3pKJNXnvAHqAyeTZb/7k5Vdesx7S+lNPf3enZPLJv/l6bf3x9Suff/zz3xAln3r8mdX6Z5791k9o/ckvPee4A95KJuS7P/i5GJZ54m/ZVJ8r2hdFVW+8+ba1D4BHXEsmlEnsS6ksfjnDQbEvkol+md8rb+CdTsOekwm7PcCCXtcIDOzmiu6XJAXjslpfkYOTQbGlJ5mwPpkkZj3xO47imlYPB4L3TCbUX+ezmJx5gN9bEWxqWuJwwOqFS8GgMXNpuxwM8tayXZaiGaWulbPHgsZ5hinNirebrRsDBrDugL9WlkLH1I16rVyOpKv9Z8Ju6zeJG6AtzQL/MGLJuE2/J5mwFyR0LKs01bLRW+WzFNUNdqpm11OhF7OoNhV+8izkVBLSUZ7qWwqdVX1DzaRZPGvMR62qxHAQkonX9pZMsoellFxWK+XifMq+p76bZKJmw5GU3FSr5XM5+YBd0weYTAAOAheSiYgi6sWeH06zc4tUaC8BfxtlMgHYG+t28HETmpDkCptjUzuXSx2dcm6+lzC/M0ooHLXlnO2yOYzEdCdc7YJ9BhcAIJkAeGvYZEKB5PT8eWcpR+WOuHL/Fh4tpKfzyWlZLuNz/fcHJBMYY21tQ5WnQuK9fP9JTLJPkyNNtWh+RpPQkA4nxOhM9pG9fflIJgA9kEwAPDVsMpnNLl7ZsH8GZxeV09Z2+4Zzwz1tVJIfW5TLteryY+lTy86tcFdbq0vOopFAMoEx1mSzmfjffPCnpiL+mkkgFBE3gVjEnxyR2F+i2MOAiY5kAuCAZALgqWGTSTKdv7h+RUzosgrP5Jes8mVl1bb7fSnN5TecZR5aftRvs84WTj2ArwjJBAAAfA/JBMBTLiSTwuJjA5OJKM/l2Ye07Eoll1edf41LTcrGtK4z6fws//jLM2m5USmxQ0/L61t822opmVmqyOwWlzPLl6wnL/GSmTOV9U1Rr7pwUb9xhX2S2GaD/es4/31vqz69OOq/fYVkAgAAvodkAuCpYZPJ0vKqyCH9yaS//L51ZqbZExcq1iyCgcmkG2DS4iirLKgYTyjIS3xWg7ogV0Ru6dQXZvKiLJmWz6yKUlaPWPGVrfqIR06QTAAAwPeQTAA8NWwyIdeubWYfLdoTyLnzVXpI5XtNJoZ2s5acXuSrg5OJteeKzCeAsWRi/ZEKVew2Zz+B1dLCxe4mwZfJZLNWSs/wv7QwKkgmAADge0gmAJ5yIZmQdvuGUlmzl4hP5RoymZBp4+n3Sib5vmTSWTvAyaRDsaRUNwaFRgPJBAAAfA/JBMBT7iSTnQyfTJJpmf/fTJ6+wFc6SVsyWTH7t/bZXOLT+1fy5myugrwsPqzGNpvLnkwWZ4c6w/HDYomzzHtIJgAA4HtIJgCecjOZPJo7b48i1zQ2m2sPd8CvLLIb1mlJzy1ab/uvl9mEsZkzldJcN5msL/fdAZ8uiPvd7XfAV3mFM2ceW71m3AFvTyb61qXhE9QY2briLBkJJBMAAPC90SSTt95531kEMK7cba5uJhPrlnf7srrWTQjuGjALq+c+ExgpJBMAAPC90SSTP/7pnd/+8S0sWPbFQs3V2YKH4GYyGTEkk7GCZAIAAL43mmQCcGAhmYA7kEwAAMD3kEwAPLWPkwmMFSQTAADwPSQTAE8hmYA7kEwAAMD3kEwAPIVkAu5AMgEAAN9DMgHwFJIJuAPJBAAAfA/JBMBTSCbgDiQTAADwPSQTAE8hmYA7kEwAAMD3kEwAPIVkAu5AMgEAAN9DMgHwFJIJuAPJBAAAfA/JBMBTSCbgDiQTAADwPSQTAE8hmYA7kEwAAMD3kEwAPIVkAu5AMgEAAN8bWTL5q8+8/r/1m3/Zeg0LlnFeqKE62+5wkEzAHUgmAADge6NJJj/94+3+LiAWLOO5UHN1tuAhIJmAO5BMAADA90aTTDBagmUfLdRcnS14CEgm4A4kEwAA8L3RJJP+zh8WLOO8OFvwEJBMwB1IJgAA4HtIJliw9C/OFjwEJBNwB5IJAAD4HpIJFiz9i7MFDwHJBNyBZAIAAL6HZIIFS//ibMFDQDIBdyCZAACA7yGZYMHSvzhb8BCQTMAd+zqZSJKUazgLAe6fOhsSLSgiSY5NAOAnSCZYsPQvzhY8BCQTcMcok4nUy7l595BMfEY9lwlMsLYReniq7dzoCXUmWOcrSCYA/oZkggVL/+JswUNAMgF3jDKZaKZcTJImos7Nu4dk4iehiaD9YfF4cJTXFskEwN+QTLBg6V+cLXgISCbgjlEmEwslimiedTuL2Xj0oSB7mCqLTdRBLG7r0clAoqLrjZwkxbVKhg+wtJtKLnSIVgO5mmbVI5JJYz7qyiAMeEZJmGNlUkKhx616MRigixlsdvj2Ti1ebPU8g0pK7aAUTK0YBWHzEscOs2fKa8b+UlTOHg2zuh6eMkpOVqmEdorPq3pLpRVpIqDy3evnMuyhJKWWmzo/rR1mc7WoEbI6I3F60FxmjZDqNw7ayMkbeqM4RYVKk7amWLucdCFsA4BHkEywYOlfnC14CEgm4I6RJ5OGTCFiIiYe1BZyZbWpdzTq2GVqrCTCe42xE6mqJpIJ9aBCPhQAAC1HSURBVPjCqVSWP7Vcb7Xb9SwrPFrQeTKhGMOSjST19mphTGUmnVdKOpLTda1wlAUDahu1jVa706b4wjY9NKvJMWmCZQPKFMF0Td8uxyeMCKGcCEph1jAkK1RsKyL2SFJYFNTSwYRizAuTpCljNy7B69kpmVgpiNkuh0+JOV8tOihbo5ZpBqmYZNRAUSpyepTDPACwC0gmWLD0L84WPAQkE3DHiJNJlN9FYPVN+ZhJiCcL0aXkyUSs6UYyMfflYybsbWyOdWdZlzQ4Sf9EsqLfCGOulkkoxsVvbyihEL+adCm1QkyKUCFdSbHVuL7sYbt8XNJ4xqizwbGICC1MIyfiRLfEXBdPZ7vMR8zGRJvYIcyRN0bfOZlYNei9ldBBWfMU/3KJ7hMb3aYLsKOGaH6ReeTYkRqcTKqPnSsUnD2sIfT3/LD0L/+rc/O1dz/88M6dt9//8P/+uzf6d6CFyr/xm/f7y3dafn7zdn8hlnsuzhY8BCQTcMdIk0mH/0oOThkPt6v8F3QglWKTYe6eTBp5Nl9LOhROpdgUGiuZGI4YPVoYZ9aASUtJBCWpVmez8til3JCjIpkEM2JP4/qKlrCSouSZCrKWMHQyaUkT4bqmUUPOHUEygQeiXeaql0fzKQ9gGJxMMGbyIJZP/vzdf/7d+49++63Hf3nro19wJ5m8futDsdL6t3f7t2LZaXG24CEgmYA7RplM2K0AjxQa5n3w4taDWL6pb9fvmUyoH0mqbV0r8xsWzGSSa+i8lytZb8bDeGpXEtY1YlczXmRrnRq/lE2KJvRI3FMUOJJqLByTDrGsIlDylI7zO5G22dUWhcW45JzN1TJnc+2UTBq5eNHoDgYHjZlo69XaBtuhdzaXYs3mooOK2VxIJgD7C5LJ+Cz/9urtv/rM6/aSN9/7cPWH79DKJ37+bvrZP/8lTybPv/z++x/cefmtDxaff1vs9r1XWAn5+Avv/vm9D299cOcffv2eVQP9+/88/aa4EKI2LPdc7K13SEgm4I5RJhMxvGGhHmGM3aUsheO58vF7JBO90yieYBtTy03qNdqTCVNjPdqGuJcaxpDtBnh2fTtNJcUGwVLlppEiOvXgcZ5VBqE8ULNd3LjjDngpkTHugE8ZJTslE11PPRwUe1ZPDkgmiUkpcExEJs24A57XqdVYU7TfAY9kArC/IJmMz/J//fWfKGC8/f6Hj3ztTVEyMJm89OYHtBJ7+s3fv22Mh/zhHWPlvQ/YS/3RL7zx4htsH1GDWHnhNUzr2sXibMFDQDIBd4wymQDcRSIkZeSq8bnSKeMzEoRs2DaC0cc+mwsAYCAkk7FaKJM8+5v3KJ/8r87Nv9whmXzrf4zZXFbY+IV5M0l/DukvwXI/i7MFD8HLZHLt0g1nEfgWkgmMs6am1ZVM8K5jEUgmAHBPSCZjuHzsm29RFPlLWzJ54le3rGTynZedyeQuOaS/BMv9LM4WPASvkkklLyezi7Nl9kn/I5ZMl5xF4D0kEwAA8D0kk/FZ/um37PZ3SiC/f/vD6N+zCV2vvvPhL27e/n+/+ubb739oJZP3PriT+sc//8sfb99815k6+nOIVfKN37xf+u7b/+dzPfexYNlpcbbgIXiSTFbPF5PT8g1d3WMyaVaS6fzcsvFX8ISZdP7Mqr1gR7tKJgsz+U1nGewFkgkAAPgeksn4LM+//L54ub73ijEqsvKDt19798PbH9658e/d2Vy07rgDvj+H9JdQ1Pnwzh3le8ZTsNx96W2/Qxk2mUxP5ylF9CyZs5c0MY1r78lkPn8+mT7bLenU5xaWXEsm6tKGs8hHturTiw/gr3IgmQAAgO8hmWDB0r84W/AQhkwm9d5Ysnh1097jVKflC+vXdv85R83Kmera/HTeKmhfOL+kVtxKJmpB9nMy0fWFU92XbmSQTAAAwPeQTLBg6V+cLXgIQyYTtTeZOCIB3zqz3Ft4H5o8hFxcklWearQLc+m8vloSyYRSSnqudOna1fmP5Vd4/3ajXCjJ8uLymnqdPRSncWYm3xAjN1tq8mNF9eL69HQ+Lat6Z3txLr9+/frmdbZ3aU504pu0kp4uVFfW5FP5ovj4z049ObdEuzVWSmm5xov2DQonIx45QTIBAADfQzLBgqV/cbbgIQyZTLyazSVCSHL6PP1bPJVPL9StZNK/GyUTI0twlEwolqxsGQ8XMuYAQrMym2brFEKsMRN7Mrlq7pekAMOrXTF3S6YL5up+0dmsnl/eGN2noyGZAACA7yGZYMHSvzhb8BCGTSY679yLTHL1xo1LKxX50bO0vr7ZGT6ZsKESdu/7WRY8rGSyeWlpsZjmichKJlaE0FmKYCdgPZzrDU76zsnELDOSyaayWDJPP5lZMrfuD5u1Unpmx7835wUkEwAA8D0kEyxY+hdnCx6CC8nkjNHp7xlVGOpTg81k0q4Wl67VjQ/pMpLJNoUEMclLv7y8QzIp6bqWnDGmlnXHTEz3mUzI6Qz/0mYWRzf04AaKJaW6OWY0KkgmAADge0gmWLD0L84WPAQXkolakK3hiB57/kuLZjKhnwBUbVusmmMmVDKzUGtcrCVPnd05mehbqyUjF22pyWm5urK2VDw/d2qRChrnz54+rzauX2nfI5msTxcumYX7xmbt/OhjiY5kAgAABwCSCRYs/YuzBQ/BhWSiX1xK82SywmZwuaGbTPS0FXjMZLJaXGQ3t0zLV2807pJMeKo5u3iZnVJ1cZFOL/2xwtwiv5G9o4nJYFfvkUxYLhJLOrtkbh17W1ecJSOBZAIAAL6HZIIFS//ibMFDcCOZkBtXFxcrbgWTMTGblrsPauete05gICQTAADwPSQTLFj6F2cLHoJLycSP5Jn80sUrm9evX720PmCuGvRCMgEAAN9DMsGCpX9xtuAhIJnsbPPStLgDPiMvrW86t0IvJBMAAPC90SST/63f7O/8YcEyngs1V2cLHgKSCbjD9WSyDQAAMGa2uBanadqVK1dUVVUU5fz5884e1hB++sfb/f0/LFjGc6Hm6mzBQ0AyAXe4nkwAAADGzWjGTMhffeZ1jJxgGf+FGqqz7Q4HyQTcgWQCAAC+N7JkAnAwIZmAO5BMAADA95BMADyFZALuQDIBAADfQzIB8BSSCbgDyQQAAHwPyQTAU0gm4A4kEwAA8D0kEwBPIZmAO5BMAADA95BMADyFZALuQDIBAADfQzIB8BSSCbgDyQQAAHwPyQTAU0gm4A4kEwAA8D0kEwBPIZmAO5BMAADA95BMADyFZALuQDIBAADfQzIB8BSSCbgDyQQAAHwPyQTAU0gm4A4kEwAA8D0kEwBPIZmAO5BMAADA95BMADyFZALuGNtkUk2FJElq6LqSoP8jrGi7KkkB53570pCjUijF1tyrE4aiVQN0mbNqIJSpdZwbd9KYjyjOsnsLhFLV+2vI/XtSa2z0FOzFHk6bvgmcRXAgqFGZtTizzRgPhzQbCoh6AuLH4MGAZALgKSQTcMcokwn9cpUsR3LOzb1aa3ImxX5rdpOJ3kqlsr17OdGuCbPTxw8XyQ38Pd5UMrLK1+5dJ3hOK8T21PPeQxd/SN1k0ixOhaSMXNM0TS3npNBUsdm76872cNpIJn5CrUguG6qX287Ng9x/m4n0NBUlMj/wJ+BBhGQC4CkkE3DHyJNJZHZNYzbv6/ex3pNM7u1+kwmMlUautzt1v+6/u+YWK5lEA1L0lAi3jHoqKk0mrId3t4fTRjLxkz2MvN1/m0Ey2QmSCYCnkEzAHaNPJt2o0MhRkAiFgmIQJfpw2BpQoY25I2xFsScTvj/9366kQhPmrr3dQWmHZGLuzeiD6tTr2e7hozIrYTvF+OP77XHCXdDlyCVCcrms6XphKpaaL2sbqiSF6Xpqa7N0qSiu6uxKiQvYliZC5Uo1l8rZJ3fFUrmy2lTPJcLZuqgzGArXNS17LGhMcmnIwWNZTauHJ6Qgr8neURMjdcYhGrlQKES1KfRksU+nJh1OFHlJQml199Rb0kS4qWmJw4HgZJAdZyWl8G+F2nyc2kcowlpIuxSv81YTOhShU2qqRToDdpx8VJKC6oaWmwqLao1e5uVc6CSvvv9Mtqt0JqyOcxkpys7ZTCYtKRDlKwaqPHIiV62U5ZkMPYxOSKye+Sn68tmRYCw5k0kjl8qmYidlra5I4dnwI1m6iPLxIG/jRrQwk4mZNMx2TtdatHPLwGSSicWzco3VPxHXeXMS5cYPtxW2nb4Bj01K4h2jiBQJhWLlcrlb0/6HZALgKSQTcMfIk4mB/V7kqUB0Fqdo5aFZ9otYr0v89pK7JBNRC69So5WqdYDeBML1jJnwqgbX6djJWmnc9z0PcHcsmfS9e0tXmW/rjpmIMNDMR5W7vvKi2VCdBRZneEkwU7OPLXSUxITRWoySvmQSWzCeLLp9ctS2p8QCgNizcTpinky7GDcaJ3ukFVIr7P+INMW3KvQFUqupiX3Nk2G3z1w2SijF6OJwl+XAwzwAs8fOMzHq52i9zatSToYorVnlQu9wohI5bb7EHSV0in8/wfgRP4gER1O0DY41eOsbnExsu+minVtsU2YZx5iJeKIzmVgUI+XsbQxzzA1OJoWpj37kI84eFgDsHpIJuGPkycSYzcVqEsmE/ypkv6lPiN+JDeleyUT8xhV10oq9v0sP4+f4bDFNU091x0yy8ah41k516lq9mI0HJox9WIkVUcAN9ukoTSU39TD7hAPjFe5LJs43lU25E9FQKMCeZiYTq07xRFuPqiH693dJJvbhNUU0wi7WPPpPRqxngrzOSkIkFqN718jRQ/vOZjLpvqctToYN9UxKmTWzdNCZmNuMCo1ze6RolQs9PUtbPez7qPetdBgfiu0+E5ZIbBfuPpOJvVXbc6zON5l1k1mxf/1cJhbpfsc5kwn99JuJ8e8rnpQOVDKpPnauUHD2sABg95BMwB2jTyaO2VzdZGL8cr53MhFvCvKdB4yZ2Dt54nC8hphuvlU5sE5eJa/TCiRIJq7qpgitEJPNd4jF2719ycQ2TNFVOCqZAyTdMRN5wywRYybW+8cDxkzad08mjh6ebjsZq40pJ2xjJp1aZKbWqhfD4XDrWjkxyQoHJZNBYya6Phs2J1z1nYl99MYaM6H1VjGeM6sSesdMqhgz2RecwXv3yaTbznvXdWeo4PvXMmJwj0QHJRMpmBJzJtlYJd/tACUTzOYCcAmSCbhj9Mmkewf8XpOJ2DS70lRlNsvffit9txrzcPZkEp3YsU62ga9k+eAK24Rk4qpuMmnk4kXjohm3VfQlE72ejRe7N0po6ywaiD4606lZycQIOZ1aMM1mUSmJYJ33sagTz29iMbpioujuyaSeDff1+/kutUxC4UfepupZ46yeNOqMhwOBcLy1kpHov3l2Q3x/MqGnhI2Q0JLC7IPgjJfictaYw9N3JvSv9dWHza4kf9SSJtn9JLpWr66wzwKL9/RK21J4VqzRl8/vUoBxNHwysdq5zlopa+eWAclEScyuG4/FzzRnMjFm0upy7OCNmSCZALgEyQTcMfJkYqI+4l6TCdOsBgOSdCik9t7n263GOJwYommF2c7h1naZenID62ytZGO000RAbbWNoyCZuKqbTHQ99TC7esGHU0YXvz+ZUByQpySxj6YnJvloSafJniZJqXLTSibtphKYYLsZVVPLibPPMpiSzabRUsUkvdSy8aydkgkpz8TCh2jfQGqBddWsk1FSLLBSDdTj533KlhSddbQ9oT+ZEK3Gmlnw4Snx0Dpc9gi/kWngmfAjUqNt8g6oVVVreWpquVU9GZQCx3hBO3aYvSiBwyx705Hoiw1MRqeMD8WGccR/tBhYQth9MtHNdk7X2tEMByQTSrC8kYTjOTEc50gm6nycNftDYa0hixNBMgGA3UIyAXeMMpmMiZamUU+X+q7sXpTTrP/n3AN8zZZeh0GZKCeSUjSOP4kD+4kjmRwQSCYAnkIyAXccwGRiDNwcL5vvWvbMhQBfY5+zKh21PtAL4MCpa80guyvL+F5wbvYvJBMATyGZgDsOYDIBAICDBskEwFNDJxOtLi+UxKKZN9KtlpdFyeq1vo/FAZ9CMgEAAN9DMgHw1LDJZKNcSKbzYimZH7s5M22UzJbZp77AQYBkAgAAvodkAuAp15JJbwjpDCrcLS156jFnGYwrJBMAAPA9JBMAT7mRTKbl+YXzlEPO1DZ5WSfNYok8PT1UMlEL8sKjeWcpjCskEwAA8D0kEwBPDZtMri4V5NUtK43QymatJFLK1mppdumq8wn3qVOXM/lNZbGKHuw+gWQCAAC+h2QC4Klhk4mNCCdsMQdP9q56Jp98dEXXt5OnLxhFq6ViuSCXayv8z0OV5vLy8lp1eSk5V9ngt9kX585WL17ZvFKnE7DqgZFBMgEAAN9DMgHwlIvJRG+cN+45ueHcsmtz6fz8BdZ5TafPGkWrpeRMydohmTY+PT1t7mlZOp3f60gN7B2SCQAA+B6SCYCnhk4mHaOLKSZxzS+cN6d1Me09fmjwFZFwxKKKSlZLpe5NK2xgpLvIKhVdXXlsesYoMT8kDEYHyQQAAHwPyQTAU8MmEy/ugFcXZD5jS7iSPLPW1h3J5HpyrtLdhVxenls2/hxzJYdk8gAgmQAAgO8hmQB4yo1kYoxdGOMkujl+ktzrpwbPT/fcKJJMLy5pjmSi2w/HqKX5mjFAMzeNZPIAIJkAAIDvIZkAeMq9ZDLdjQpbq8MkE6171zu3/Gie/WGT3mSidzZnPyazQ8gVlQ+WnJljD9OnilvVIpLJ6CGZAACA7yGZAHhq2GSia3V5oSQWzbyrZLW8LEpWr+3xRhPYd5BMAADA95BMADw1dDIB4FxPJtsAAABjZotrcZqmXblyRVVVRVHOnz/v7GEBwO4hmYA7XE8mAAAA4wZjJgCeQjIBdyCZAACA7yGZAHgKyQTcgWQCAAC+h2QC4CkkE3AHkgkAAPgekgmAp5BMwB1IJgAA4HtIJgCeQjIBdyCZAACA7yGZAHgKyQTcgWQCAAC+h2QC4CkkE3AHkgkAAPgekgmAp5BMwB1IJgAA4HtIJgCeQjIBdyCZAACA7yGZAHgKyQTcgWQCAAC+h2QC4CkkE3AHkgkAAPgekgmAp5BMwB1IJgAA4HtIJgCeQjIBdyCZAACA7yGZAHgKyQTcgWQCAAC+h2QC4CkkE3DHPk4m21VJCtD/uSMSUZyb74b2j8w37CV3qSRCGxIDt8BoteuBCboYgZZZoCSknqu4S3RdnUU2jfmIu1d9L2fbyKHpwV1oxWPV7V22k76dqakP/l7o23NfQzIB8BSSCbhjHycTvZVKZfW7hoqdIJnsR5mg5CjZS1/fZnBvzLRTMokGpFxZ1Zh6LCSpVk66l72crb+6huCVXbWTvp2RTJw9LADYPSQTcMcokwn1/kOn6q21HHX14/OqKCG6Vg1IRqczczRMJbEZ4/ehfCJKD4ORWLMjtrKYEHo4nj1Xp9+a7Lk9oaKd4jtIUiBX00QNho4WDQXYhlBU48kksdwMsgIptdzsrUSvyVPswURAXmO9zm4y0erRh4Js06FQs22rHO4D9X4aWi0wIQUOx4yiTlNclBx/nYNS0No5zK+sKi5EIExXv5aLs3VyJGftRn19dU2msvBRllFJq15klzUQFA2GHbTT5CMtcd1sP9GUIraK3lhrbTY6IZpfKzrJzkc0P5ZMtGqWN8hshTenTi0z6UxHKZ6XElRXpc2eHgjWzbYhzj98NKOwJtZNJs1iPKG0rBekWz/bprCXaDJq5B2zazgblRr8nA0tVXxrRI4X2ZOWM7HD7MsWLRbGHLWW+rmpyCH6SRLW+GWNSJFcQ6eSeIm1Hrqg7OKekPnuLdGQ6GdXu3utpViqrFv52YoQvd9TXfYGQzsvU8uOsUqyVVGJlUxE5cah71ntvoJkAuApJBNwx4iTiTQZCvGumGQLFYlJ42G7kjK2SaIPV7ce1unRdtl6KB0vD0wm3R1s3VwiP8xTCNfmySQ4yTOGuaetkoa1p9jUTSb1bHdLVHQa4H5R7ycUCqkbWvZYMCd66J1aVq5pdUWaiJe39Wy42+mXgin270S4qdH2bDChtDc1iiZsoGKzGwqprx8MHaN9EoclNqeFwuPCVFltqucS4SxrMnTQXCIklwlLwrFUTtOa4QlJbBW9MYoloZPs+tYywcQ5lWo7Nim1+HODodCxrMLOUIqwyuWYyEXlFOvksRDCGkW4zfuatLO8UqdDB43eXJvOv65pmYeD0kRUnC193S0lEeSzEK0XxKpfb8h0MnT+yvyUUYnoGnYaUqjnLW32LROKVSvVVK6msy8keCxb5vX0NHsYT9RaqGGxC03fDCdZNqBkkplPZOSyeo3aMGWGYJ23aoqjjXxUfCMU59k3RZBda0XbUOOzPJI4k0n3e8p2wN4G08gF6efwI1lqeUH+I9RKJnRoqtw69MBqy0P9EniQkEwAPIVkAu4YdTKR4kVeB61lakYemFrm78NdztKvx8hp1mmdfUgK0matQFtT51ifkqmx9xGzijkjZkAysbB0YZ85Qw/laz0PzQlaVbGnVYlygp2RtVtBGzSbi/qY5iAP3Cfq/RSMgYGG4/VkAw5UsF2MF3nqqGUoODTzUdZl4+L81U70veZ0HVjHnGlLR83qOYoQDZFM+mZQsX4YDxh02GigOxYhTZi9/+1iNN+0nTBrHjo7gdDsOjs9oy0tT7G6GzlFJJOMcS4iZrAuo1kzrVOzZyM8SoJSkHjbeVD9Rvtn62IYh7293ZACLNjYNKUTthdQSWQvd9fZGcJ4s7fkGF9nP/rM+aXsbY8NsVqXTlYp+lIyseI4S6HzZqvvTyam3m+W3gbTyMUWzG9F/nQrmdChzZ3YoQdW6yjZR5BMADyFZALuGHkyMX6vibWeUMG7+4HJUOghvsywfqm2XmR7mDGjqRijFuyNxr5kwt5clKTYiVQqxSY/2HqkA4KK2Q8wNlmVsJWJgHEOD4UKG91kwsd2AlR76hib4WOrD+7N6ELxVfF65qJStqy22t3uTlAK652amB/F+vH8Zg5Bd3a2GPudGyKKBCWpVmc7W8nE6ke1lET4pKxttm3JRKqeChtBgR5GZq3DUUu3P1ckhyifcqMtxETHsJYONviYiS5CRbdnyZJJz10lSoKeSCXxYl2K5kQW6q+fdQ/NIlHCGnl0NuwcCVHsd0nZ6+nvSsIYsrdksW6/9Oztm25DNCKJMj8lTYSMPdpaLByIzLBm2JNMOg3795SxM392z211tkbSl0zi1pHZoc09+79V9yMkEwBPIZmAO0aeTGLifWLJNmZi/KZbnw313ZhO2htsEpf1zrdWY4GE/R7tSyZshc8C6osibJZX0TZBWto5mRTjUve9c85KJvR/TOZnjzGT3etPJtaNJVGzu8MmdLHXlt2IYh9zEAYmE3NcReNjJhpdIfG4P5kUjkrijeLqSeNmFdaKOvVgwsgm1liZ0J8cjDGTa4V4od5cmY0eDsuNVnRicDJp5qP9Yya0R3xCivI9B9Q/MWjMRNHrtvjENXreAq9gzGSfGThmYksmke4FtVESQdtMKvqZxhpeTzKpZezfU9auzgZzt2TCmm6XuWf/t+p+hGQC4CkkE3DHqJPJBI8VnFFin4h1WaQOhvcruw9Zf43nAWHgmAn7vWxul3oHSTIhcwt/irRzMtH1VndXs9MgfhvHrJOPssGZbu1wH/qTCfXRlbpWzh4LWt2d7SK1EHETsM4uU6C8Um+q1dRRNmne6s9RtBDTUahFhA9F7PeZ0KXnDwP9yaSeDcdltb4is1uMrGRC+5yOiPtA1Gw4kpLpiOVzObkxIDmw+0zCs2ZZj/5kwlYmQnWN3Vdjv8+EDd6cCFLS6K+fDetMSkW1WZPNm1XMrmFEfO0bshTM6GL4LnSsvqFm0uwO+KAUiKSKWr2G+0z2BWot7IL13GfS7fFrpTh9RxQrarkspyp6NR2ZmmeDKOzeD/opNCNX1WZTLUuTvPXak8l22f491T2eo8HsnEzo0KFHstahrT0HfKvuQ0gmAJ5CMgF3jDqZHMnWKmxGlv2zuey/6cQHyAQmIw061HYtdIgHgRTrfumNsvg0rXi2yj5bqS+Z6J2G+Fyj1HIz3JtM9HZTVCU+GEq6WzLRm+WMuF8+9PCUbksmrRV25uF4Tm2xQRizargv/clEfEobvZ5y1OrutKVgqmYONdCF4NdBiqUKui2ZNPJRcU8H9fVba3KAVyI2Kfze9FS52Z9M9A77NDZqHu1Kwp5MqNlkj4i7Tdrig4mo+dUHzebSO/XZsCQ+18thYDJpltknOvR/NhclkOAJZUD9OhsTHPjZXBSf2Pvo29XAMf69oNXEd0o0zSc91nJxfDbX/kGtRZWn2Ce5dT+bq6fHT5eXNcRDIeWa3ihNic/Fip5glz4W4T8FA8EqHwHsSSa931Pd6vTeBrNzMiFTD/P6+aEHVotkAgADIZmAO0adTPbx7zXwXFtJ8A/NGmv1c1nxUb+BUKTKIwfArvTPS4QRQDIB8BSSCbgDyQTGBDWOSAqtA/wPyeSBQDIB8BSSCbhjlMkEAADggUAyAfAUkgm4g346I5kAAIC/IZkAeArJBNyHZAIAAL6EZALgKSQTcB+SCQAA+BKSCYCnXEsm6XQ+2bc4d4KDAckEAAB8CckEwFMuJZPGY5RD5hdKsrU8ejaZZn86YK86m41aeprFm7mFiir+5PL9Kc3lK5eurlzeTqblBW8+OTQ5zf8UAOwAyQQAAHwJyQTAUy4lk9WSY4TkUvFscq6yUlxW99QFXVmQqcIzxQvVSiU9XaxsOXe4i2nzTJLTZ4s9fyTPNcnp884isEEyAQAAX0IyAfCUC8lk87Eim7s1fbY7YLLAgsriZQoJi0u7Ge4waBeSudpuwkiP4cZqdpT2plpfQjIBAABfQjIB8JQLyYQNj1Ayya/ZC6lEpX/nKhv20vuzUS5Qqum3srhI1U5nl6pXb4iS5NyFJXmRTfrKnN3s6Pp2vZRj+4gBHIooJf6XlTfXK7a7X0q6riZl1axVnS2LP7+sLlzU50/JyUdX6MGNq+rMDNu/coUda3WhIJ7OtrGaS+LJdPTpDKUyeZ0dnjmTzmu1ZdozbTvPgwbJBAAAfAnJBMBTLiSTgfe+s2zQrAwMGPdUmsv35xlteXHxsuj9a8uP5lW+KhIIt5WcXRZr1piJmUy2k6ce4wWNxVmx/+BkkkzLZmEXfXViX/tQjEgm6oJsTTNbmMmLwSFKJiuisL5szSs7aJBMAADAl5BMADw1dDLp1PszCVtyNcoPzp3vDz1x1VmmL2RstTUrc8p13TZ2YV/vSybXk3MVXnCPZGKucJuXZmfZvS60nOFn059M5uzBY7W0cJH9f6ZbqNrWDxYkEwAA8CUkEwBPDZtMtqr8JpO+hZLD6b32yy8VB9y5PkQyYeMeV7duqMVCclpsulcyufTYzHR+aa2xef36LJLJ7iGZAACALyGZAHhq2GRypi+TiGVL7yRzNefe92srmZZPL1+xF2nK4sLF/tlc95VM5BnHNK1m8vQFMflqo1ToTyalubw5zNK5y5iJWpCXzfv77bO5zL2QTAYsSCYAALB/IZkAeGrYZCJn8gPv8t5cOb/MRjX2qrPZqCwbf8/k3PomL1tfZh/5NZ1dqlwxbu+4z2RSnDMj07Ss8UizXi7OGHeuN/uTCR19tcjupJ9dWFucNZKJVluikuVrombjWNXFRVHP6rXuHfBiBclk4IJkAgAA+xeSCYCnhk0mWyrrrw9c2s59H5BOMz1Xqq6s0bK0uJguePPHF8EGyQQAAHwJyQTAU8Mmk/G3upC/ZD3oNIeYYwb3C8kEAAB8CckEwFP+Tyb0Y+RMln3KVvpjhbmFC86N4AEkEwAA8CUkEwBPHYRkAqOGZAIAAL6EZALgKSQTcB+SCQAA+BKSCYCnkEzAfUgmAADgS0gmAJ5CMgH3IZkAAIAvIZkAeArJBNyHZAIAAL6EZALgqeeee07EElr5C+f3H8CeIJkAAIAvIZkAeOrJJ78gkgmt/IXz+w9gT5BMAADAl5BMADxl7zT+hfP7D2BPkEwAAMCXkEwAPIVkAu5DMgEAAF9CMgHwFJIJuA/JBAAAfAnJBMBTSCbgPiQTAADwJSQTAE8hmYD7kEwAAMCXkEwAPIVkAu7zTzJREpIkOQvvQ4SellCcpQA7K87EqNVIh0LREzmjSCtOLbd7dgKABw3JBMBTSCbgPiQTJBPYFTUbjZzIaaRek2di0azq3AMAxgOSCYCnkEzAfV4nk9wRKbagaZUs9f+jJ4qttRx7s3kioLbYVmU+FYuEqCAS5+89N3KUE4rbenQykKh0K2GRo6mkHg5KUkBpirJ2s5wJ0ONQlNdkSyaXc9EJOliOlQQzSioaDEiByajxtI1y5igLI9FUUZRYySQxyU5NMaoDFzTmI81OIzAhRVKK3qFLGLGuYKteNC+EEQulIzm+wyNSTNaMCtpSOMv2PcevtXkR6cLqrRqVxOdZO8rFw1aLMimJCrWQlGh1ooiOGGS1BJsd3lgiWV5ck4KpWoetUVulf6vzU9EQ7Sfl1liNrE0YInz3TNHRQlZS5W3WdK14mzkapr0DR6b4I3Ym1J7tZzL1MDsRoWE8iWsq9FqZEvTqNYwXLU4bVXmK1TNhvIDsSzhijNhEjEzOjhU5JEmHwrFs1azUIJ+Isq/huDiHlr0qIp2sZum0A2F6SfWWSqcXFt+SAPsZkgmAp5BMwH0jSCYkeLyoqSycSNFZrV6MswwQo62NUk5eqbMOqMQCjEgmbP1Eqmp2TnXROwwnynWtEKdwwjphrOsnSbUNTT5OJUG2k0gmLYVtmExYJexpmsaedoJ6jnW2dSKqaU32tITS5r260Kl6LsrKc5e7B4XhUd86zjvymhyLzhud8KDo4pvoKokNdGVEnz8VpDxCrUJvF+PyNduuHSXCK6GnzK6zglo6KE3wq8+ePtXdU1esvEHn4BgRYx36DTnKG1I9G84eZQ2AlfeemNndZ7SFWJbahlaI8XZL0bfZahePG5mWPd1MJuXjUoMfl/aWjpfFmYjH4kzo35p4rDeCGXOVE98URDkhaXzP4AkzKdez4pUk2SNSe4dkIoVnRQk9N2cLPfRldgMVPTC/NKqKnyQdOixK6CXl3xbskinGFwKwXyGZAHgKyQTcN5JkYnSSaE10KOunQv29QNbpFMkkOGXfpPMnGm9I1zIsfhjvZIdYyTVZlIgc0hMwbPO7MkHejbvM0pHohsox2jNRNQ6t8kNguMRl1D8uiISpJFjPnrP3+HW+j5lMjCbBmsdDrIddOMq64DYNK5mIHj091wokvS1K6Xb6lYS9j66LZKLXZx9ip0Htk1XCDyf+tSRs5xmbMNuY2DMms0cnpMhpVjVrnWYySYg9OWpg/WdCh2Ptj+lPJmxsRLclE+vMWaoxcwKtF7cHJ5NuhRSiFqxw36QcZq73vGh8nR1UCmasEuNAfa8bwL4zOJkUpj76kY84e1gAsHtIJuC+kSQTI1bQmljh/SHqRzZ4wJCmUqmgPZn03fXBIofoJDXYZDBRYvauFElMieE5hIsYnWBbMmGncYTP76KnLVsbWc9PjNLwciQTl4lRAsbWzRXdaLri4ZOyttm2JRM+0sVolBvbrLvMRhuURFCaCNc11le3konRHFhDMp7lSCZiT77KDt1itUi1OuusGx16JUGpiffIaxRc9e0ia3edhjR5LFtWW+1uMtEWYiLrNvNR/lxNBABqtfwodfZEM5nQCbFbUAyt/jMh4UOsvQUO8xxyTS1zdGbtOovZJFVms6y6r57tSxYPqJ6ByaR7rN51e8qyP5E/YK+bVTLwksHQ2uIqVy/jYxJGanAywZgJgEuQTMB9DzKZ8JgRPFnV2xpLCbtJJiJOmLO5eK/LzCHssZgX1J9MRBYyZ3NJx8tiNhc74mV+A0wUc+vdNLCby7vRDSleFH006t/3JRPqUNQS81k+pYvtb+y7krp3Mmk3NfaWvzMPsAYQ57dYdGpmL7wRmsmkVox9MjMhUbUY1tN5q6N/2awvq1WwOWBswlV1JiJNBJrtRuGRUOAIn6xlm83VO/bmPBP675gxkOSU49O0LPZkQvVbs7lmw2y36klJesgY6DDbuW3m2Gkx3tLmWax3Nhf/LhOrVJUxmwvJBPwIyQTAU0gm4L4HmUyoj2iKhneXTBrz7HZeISj2N3NI9SQLHWwqy4Bkwu4QsIgepHVEUSj2B1cM7OaKbjFdt7is1lfk4GRwQDKhhxOSmPXE7oqYjGtaPRwI3jOZUH+dz2Jy5gF+b0WwqWmJwwGrFy4Fg8bMpe1yMMgv/XZZimaUulbOHgsa5xmeXbEGQNhgjlGtg3UH/LWyFDqmbtRr5XIkXe0/E3FXlcBuN7dpFviHEUvGbfo9yYS9IKFjWaWplilas8dspEdSN9ipmveNKPRiFtWmwk+ehZxKQjpaYFtaCp1VfUPNpFk8o28fqyoxHIRkAr6EZALgKSQTcJ/XyQRgb6zbwcdNaEKSKyolldq5XOrolHPzvYTF/VFc4agt52yXzWEkpjvhahfsM7gAAMkEwFtIJuA+JBMYM21tQ5WnQn79nLTEJJuFSJpq0fgQOUNDOpwQozPZR/b25SOZAPRAMgHwFJIJuA/JBMZMk81mChufUuVDTUX8NZNAKCJuArGIPzkisb98socBEx3JBMAByQTAU0gm4D4kEwAA8CUkEwBPIZmA+5BMAADAl5BMADyFZALuQzIBAABfQjIB8BSSCbgPyQQAAHwJyQTAU0gm4D4kEwAA8CUkEwBPDZtM2upSMp3vXUqbG03nfnCQIJkAAIAvIZkAeGrYZLJRLvQnEyqcXuj5O8RwoCCZAACALyGZAHjKq2RCK1vOfeGgQDIBAABfQjIB8JSHyWTv4aRZmZYvVFfWqpXK3iuBBwfJBAAAfAnJBMBTXiSTvLxQEktx7brzCfejWZktm3eqbFRml672bB1OOl1wFoHbkEwAAMCXkEwAPOVJMrGWbsDYFXsyaXaTyZK8SHXOly9tdtjD0lx+U32MHWhaXrnGi5jO3JzM0tGKmWdWS6p+YyaTn1MaqwvG2a7YKpyeW7xhPhlcgWQCAAC+hGQC4KnxTiY3tmanjdlcakFe4WvaMsWJszpPJkua8Yy56TzfdmEuzVdoVVlcuMjjymopOVMy9tP1pDVm0qycWbWKwU1IJgAA4EtIJgCeGtNkYtUwt7gmyhYyRuRguYXHDzZmYj6jksurur6pLHaDR0dNF+psZbU0f6HbD7btUE+e6iYWcBGSCQAA+BKSCYCnxjSZGE/cqqXzRjKZS+c3r1+3Fp0nE+sZG6XCCh9XSaatsNFMPrrCostqqWQ7i24yYTpLi4vJadx54jIkEwAA8CUkEwBPjXcy0fXFU/lLfE4WpY7ShnUzCUPJxIocYhRF11aMaV18NpesGrO5dk4mjEg14CIkEwAA8CUkEwBP2TuN/z/XlsuepsIRMQAAAABJRU5ErkJggg==" alt="Screenshot" width="100%" ></p>
<p><img src="data:image/png;base64,iVBORw0KGgoAAAANSUhEUgAABDMAAAIGCAIAAADGMlPIAACAAElEQVR4Xuy9iXcbVb7ve/6Vd99d7/W697513oFDz8NthYQ4CQmZOgNkjizZsWUnluQhsmzJkifZkjVLlmQJkm4ggdCkB8LQ0HTTh26gabo5PJoLTd9ACJCBECAkISF+v6otbW2VbMdDlSKVv5/1XUnVrl2DpJK8P9q7Sv/yX5L/WEjiuZ8ms4dSuUOZ3APZ3P3ZbA4sTiLxlLIIAAAA0AvZAplMJpVKJRKJeDw+CQBYMPT++oMMNSb/pVw2Zp9vp/4TZgIYMBMAAAA6hmnJxMREOp1OJpPRaDQcDitbWACAuUNO8orM73//wr8MZR+Rc5RnmGXiiC9LOeqbeHg0e8Sfe9iffTiQfWgs+2Aw+2A4+zNKjLQkd5i0JJ17IJO9H1aymIGZAAAA0Ctih8n4+Hg8Hg+FQn6/X9nCAgDMHaYljH8ZzT7MIrmHrB9yHgrkPeShYP7fB0O5B0PZn0VyD0ayP4tmfxrL/jSePTSefUDSktz9EzmYyaIGZgIAAECvKMwkGo2OjY2NjIwoW1gAgLlTYiax3E+LkX0jlj0cz5F1HJaSnziUyB5O5uSQjeSkpCjZ+8lJMlloCYCZAAAA0C1MS9hQrkQiEQ6HSUsGBweVLSwAwNwpMZO8b+QO5ZOVwtxDSvaBZPaBvIdIeSDFOknufyCTe2BCHsQ1Qe9Y6U2rfBuDRQXMBAAAgF5RmEkoFPL5fP39/coWFgBg7pSYyYQsGDyZYuT+ELlLRE6OZUIauJWTbUTqJ4GTAAbMBAAAgF4RzSQejweDwaGhIY/Ho2xhAQDmTomZ5O1i5mSVAUABzAQAAIBe4ReZpFIpMpOxsbGBgQG3261sYQEA5k6pmcA6gBrATAAAAOiVKc3E5XIpW1gAgLlTYibKNx8A8wJmAgAAQK+IZhKLxQKBQH9/P8wEAFWAmQD1gZnUKJlsLpLKhtVIIqPcOAAA6AOYCQDaATMB6gMzqUVIS8oFYyGJp6VtAgCAzpjSTHp7e5UtLADA3FmomUitmfHsSHxiJCYnzpNVJiFlNJEdn1BuBOgMmEltMaG2k4iJpWEnAAD9wLRkYmICZgKAFizITFKZ3L81Rm+j7JPTFLutuRBL/LYWKbdbImuc42ud47fvj912IHHbgeRtbcmeMOxEz8BMagjVu0qmjHKvAABQm8BMANCUBZlJo3d8ZjP5d0tk5cF4PJNLTWSXtke5mdxmTSq3pRJb7r3v7tX3UJQLVIXtQuu91C4wkxpCrQtLZs4E3AQAoAtgJgBoyoLM5N8aIjOYyR2WcG94Ilm4EDaeyYpmotEFsj9esvTfbr+DolygKmwXWu+ldlm4mdg7nGJcQVYcUpRrJbi5XJ3ZqyxaAJtWbFMWVQf09iy3CI2i3DcAANQgMBMANEVDM1nnTFC7h/8oSrLUTDS62gRmUg0s3EyMJpu5qT2fRpt1iBX7jGZ7odxuMtvCpWupSMXNJFK3Yv3GtoCyWIYWlR9P57b1ipJcuEOqybJ6c5tzRFmhlMqM4+LB1fAAAB0AMwFAU7Qyk3XOeFJoiUxkc62jGdFMUjAT/aKGmXQWZ4acRTOx+wqlEadFV2ayqcmybcVPlMX03nGZ9pmmMJO6rTtbFSIT7rCLz8hEoG7VbkdcKCmlXB60DuQEAFDrwEwAmIHf//73ly9f5rPHjx+/fv26sPzmaGImy+3RqNA0zWZznYGMeAU8zETfwEwUzMpM7JHckKWzTCQ2rtjtMSvNJNG1253O1a0yiYVKM8nlnHvW123tKCkSKDeHheQbnanyQkUiGNMFAKhxYCYATMe1a9d6ZJicPProozR95MiRK1euKKtOjyZmssmVEi8jyUzklreHZS2BmSwKqsdMQnZJCSYi3rVrf1K3Yv22ll5FhUSgd+3q9XUrfmLsGhbLS0wg2LG1k13p4qWm/5hz/6pV0oiptfc1FuvIOFt2s8FUW00HxfJSM0nVrWsSZhmymeQC5QO66vb0lplJxL5FGsq1e1XpgK4yM5FW3DK1mcwwlMvbm/iGRU5r4mBcuXS6zMZMwjATAECNAzMBYAYef/xxspHDhw9fvHiRWcqctGRSKzNxp8fGS64w+cEBmMkiQg0zafcODOdzsKtoJq2uQnm/tWlWZrLq7p1tY4WzLRtY01Q0kLpVO1tHCoc6Eahb2zSQLiziJpDyrm3kVuBddfdPEkLrum7Fbj69ddV64WFP1K3YzGe4mYTsO+vu3snLBZiZ5HavKJGNRNfu4awsGIKZDDf9pG6jVZoasrSN8eIpzITUhW22nHh6JjPxFqbJT8orTBmYCQBgMQAzAWBmWFfJ/LRkUl0z+V7z2NL9ge80B7/dEto/ko2kinIST2d/0MbkZFozuW/bdtbc7x8Y4E1/itFkpo8AXu3OpXeJSyl1K1fxpeVmctu/f5OVfP+HPwoGg9/6zvfY7KrVa26/41t8I0vuXMZXIfYfaFPsZeeuYhuUF7JZ+pASa2b5w16sLNxM1ILMxJEoKSFJYM13WuQpfaHGDtxbt0Fu8XMzyQZX3Sf2OXjXWEq6VjymgkiEO5TjvwJWfh0IM5OUt9Hsne6ZyZuJYkDXRtl8FGZCOsTr1K0S+m1EM0knjZt/4sjf02wKZrhZMDeTsXDqtoMF34ik3NGM25u8L5Cv9q+WhDeSsQ6mxuRZyUzG0//amRot26AY5XEAAEBNATMBYGZEMxGvOZklqpnJHftC+30ZdyjTMjT+TUv0J65xbzSXnijKiWlgfJZm8s1vf1dhBStXrWZ16k1mxSKWpmYLq6Awk/aOTl6HtIRKuJmU76XZ0sLWImlRLGIZHMx/dc9L2Oy69Rt5ydp1ZXdMWnxUlZmUmIRgJiQVynOwv6luxU42KZtAymPeHCppS3u3HSy5UzE5Q2Gq0VnobykwsLUz31/BzGTrqmIvShkFMykd0FW3151Tmkmgbk8vP/KNYh+LeG+uFev32We6VKbcGXiKo7laEmWakf6BKy1PZP4HlxY5ZCbWzsTQuHJriiiPAwAAagqYCQAz8NVXXzEncblc9O/DDz+srHEzVDOThsFMutBc6o9kvtkS3SjLSTiVY40RxV2DZzATuX2/Ya+xXrQCquDxeMUSRYaGpSaoaCa8t4RCHxxsL9xMKN/53g927d4jbkRxGOVhvTfirKglq9es5Q9nMVNVZhIqLeFmwi7VKCHcsanQ0K8zu+vW7t25db3CTBQdI9xMyndETwPXCdqpee36NcL4rjK4mRSvHkl07WZjtUQzkYZyCfpBKQ7oEvtMUr0bDygvWRGZTZ8J5a7CaK6xUOq2/ZKufKdXNpPQ+OrBkrW+cSDxjdZk+dYUUR4HAADUFDATAKbj+vXr4iAuds3JsWPHrl69qqw6PaqZicWXjQvfGfdHM99sleSkdSQ7lswlMrn2wMQszaTNauOFvNEfCodFQyivcPsd36JZQ8FMxIyMjPL63EzIW1iJ3+8XN8unv/nt7/K16lasYoXkIWIdMem08jvzRcvCzUTF60ymM5Ob9JlsyQ/rKtWJac3kZn0m8u2As8G6rR2lqsMpmkluWL56JGBdW7iIRTQT8coWmVTdPZZhts3S60xaN64vHchWwiyvM/mfspl4XeQksnWMp/JmkkqX95mEx8YLPSrTRnkcAABQU8BMAJiBF154Qby2hOTklt01+F5XejQh/W4JI5PNbeiOf78tsq53/GAw643m1vckZ2kmwWCxMcnb/aFQiE//6MdLeIXvfv+HvDwn9JnwfPu73+eVc4KZLFtexwvFLfDpvcZ6XoF313z/hz8S6/CI17oANcxEtXtzTWcmiYPSjXdFprjORNKEzc7io5neTBLO3a7SR112nQmxbdX6aboyBDPJBdYeCEh9I/JQrlyJmQR4IWfNivX5XZeayUR/k9Ez7QsxPv2vv5OZHIxkhiIZ7+h4vhvEl/wflsTY+MQee6HPpHCdSYc71SPPylfAT3zDktgzNlG+TR7lcQAAQE0BMwFgBm7cuKEsmiOqmcntjaG93olAMsd/3J3kZHVX7LaW2B0toTtabn5vrnvvy5tJLFa8BJg3/YOCmay8O3/ZCUGCwctzU5mJ2PVB8MtLxI2IW+DTrfsP8AokS6yQ9cwodkFZvmIlrwxqwkxy0uXj91qGbnZvLlknCpPTm8ns7s2Vk1VnKl8QzUQa0FW30cpHaXEzIV0R78XFSHTtzneklN2bi458k3Xaq+DLtUHr4PdMAAC1DswEAE1RzUwo/3N/3BPJib+x2OpLfbc1dFtr4rb9TEvUMZM7vvUdXkG8v1ZOMBPxepKBgUFef/ZmsmbtOl7B0tLKCu9cepdYR8z4+Divv8ipFTMZbdu5asVPOvtHEmPDm+5e74wWq4lmIt1Tq589opnMJDViXbVx92gkmUgEjZt/YuyN8UUlv2cij+kqzuYpMRMykG1dxdW5mSh/wISRdufLy8xE6gVapRj9VaTcHLSO+DNHAABQi8BMANAUNc3k9n2R/mh2XGh8uMKZO9vG1DKTHTt38dnvfO8H3d1O8f5aDY37csJ1JjT9ne99ny/lcnJTM/n+D/8nn126bHlnV9fadRt4yciodMmKWF+8v/CdyyRvAdVjJmAGZrjURIuI16EBAECNAjMBQFPUM5PGiDOYmRB+yiOZyd19MHZbS1QtM8kJXqHId7//Q1ZfcdfgwNgYr+PxSt8639RMxFlF1tyT70VR1Lfa7LwEcpJTw0yKl7/LCeTPiISiHF/BL5Dk9FebqB7lvgEAoAaBmQCgKaqZyY/botF0sfFBhuIOT9wuaUlcRTMJBoMKW2CJRvMDccp/afF7P/gRK/n3b37b3dc3GzNxOLq/870fKHZx+x3f4j/4qKifK71DcSIxwy2RFgULNxNQMcoVQovEhA8HAACoXWAmAGiKamZi9Wf575lMkJZEJm63RG9ric/eTOaEx+vd19Tc3z+gXKAqvS5Xs6Wl66BDuQDMCMykhshkKyEnyr0CAEBtAjMBQFNUMxPjwMRYMktOkpnIuUITtzfHJC2Z3kz4LbyA/oCZ1BYTWsoJeksAAHoCZgKApizITL65L8rN5EfWeHdI+lFFfzK3/mD8NousJTCTRQnMpObQ7oIT5Z4AAKCWgZkAoCkLMhNqzYj35rqjJfbd/fF/t8Rua47NbCato7h0Wc/ATGqUTDYXKVOL+QU3CAYA6BKYCQCasiAzycnjQEbjEyOxQuI8WWUS+SzwChNQ/cBMAAAA6BKYCQCaslAzAaAcmAkAAABdAjMBQFNgJkB9YCYAAAB0CcwEAE2BmQD1gZkAAADQJTATADQFZgLUB2YCAABAl8BMANAUmAlQH5gJAAAAXQIzAUBTYCZAfWAmAAAAdAnMBABNgZkA9YGZAAAA0CUwEwA0BWYC1AdmAgAAQJfATADQFJgJUB+YCQAAAF0CMwFAU2AmQH1gJgAAAHQJzAQATYGZAPWBmQAAANAlMBMANAVmAtQHZgIAAECXwEwA0BSYCVAfmAkAAABdAjMBQFNKzIQalAiCIAiCIMiUCcfGKaFokhIIxXz+oGfA53C67J0OZQsLADB3SsxE+c0AALMmFosNFKDP7nR6AkEQBEF0llQqQxkfT1Pi8WQoFPH5Rt1uT3e3U9nCAgDMHZgJUAeuJTATBEEQRK+BmQCgKTAToA4wEwRBEET3qXIz+d3vfmcwGOhf5QIBi4yyFIDqAGYC1AFmgiAIgug+lTeTo0ePkmx88MEHygVToZaZ+P3+O++801DK4OCgsh4AagMzAeoAM0EQBEF0n8qbycqVK00mk9VqvXLlinJZGaqYyT333EMbMZvNN27cYCU08e67787mAGbPsmXLPB6PsnS+vPTSSypuDdxCYCZAHWAmCIIgiO5TYTMhJSBJ+MUvfkF+8vrrrysXl7FwMzlz5gzrHlHXQ8qhvajoEoFAQMWtgVsIzASoA8wEQRAE0X0qbCZPPfXUsmXLmJ/s2LFDuXhy8uzZs1u3bl2yZMnq1av/8z//87XXXis3kxdeeGHFihV33nnn4cOHv/jiC4fDMYOZbNq06e6771aWlkGH5PP5aL933XXX7t27v/zyS3EpSUIikfj666/ZrqkaVeZLP/74Y1qrMEZM4tKlS2wRbZZWpFWocO3atfSI+FoM2tETTzzBKuzfv58eDhVSw0Pc2gyPDlQ/MBOgDjATBEEQRPepsJncc889hw4doomdO3dSm/vatWvi0ueee44K+/r6XnrppTfeeGP9+vWsGjeTzz//nJrvVPLoo49++OGHVquV/IRMZoa2O1U+ceKEsrQU2ixV27JlC+30N7/5TXd3N83SwfAKZCbbt2+nwvvuu4/Vof2uXLnyL3/5C6tAQmWYqs+EjpBWpFWowv3336/YLHu85DmkWE8//TQ9EDoStogOpnxroBaBmQB1gJkgCIIguk+FzYQa4u+88w5NJBIJPs3ZtWvXXXfdxWcvXrwo9xkUzeTYsWPUjic5YbM3btx45plnDNP3Kly+fJmWvvnmm8oFpfzsZz+jamI/CRnUvffey2dJEqhCOp3mKkVqRCVer5fNTmcmb7/9tjh79913OxzFn7Dctm3bihUryHOEKnlgJroBZgLUAWaCIAiC6D6VNJMXX3yRvIJNX7p0iXSioaGBL6VGf7mrUNNfNJO6ujqa5ReyM6i5P52ZMGGgf5ULBJ566ik6qqNHj4qFrBflwoULbJaZiVhhUrYs8gc2PZ2ZKAgEAnwVtotz586VVskDM9ENMBOgDjATBEEQRPepmJmQePT29m7atImXkAwsW7aMz5IGGIQrNBgPPvigaCYGGbECce+99y7ETMgWqM4bb7yhKBcLSRLKL1ahCrxwlmZy6NAhbibvvvuuocyyODAT3QAzAeoAM0EQBEF0n4qZCfsZk3L4D5u8+eabhjLrUNybyyDIAGeGe3OR59Aqb731lnKBAK1rmMpexP2SJHCj4IgHM52ZsD4fEb4d9tBKqxeBmegGmAlQB5gJgiAIovtUzEyWLVtGDfFnS1m/fr3VamUVTp06Vd5SX6CZTMqr+P1+ZamA2+2mOmfOnFGUi/udn5kMDg4uWbLk66+/5iXidl566aXyx8uBmegGmAlQB5gJgiAIovtUxkzYbYLvueceRbnX6125ciWbPnfunKFsNNeJEycUZlLemjeZTDOYCe1048aNylIBdi3+TUdzzcNMtm7dKl5IMylbEN/OW2+9ZcBorkUAzASog+pm8sOmIJv4P7aPpgqF0WRmlTVME9/Y5adylkAsTSXx8Yk7zGM0u6Ql1B/MHwBthNW5rX6MKvAScUfr2yN8X5QfW0KRRIYmaLP/rzHA90KhXVPoGFjNgVDqG7v9/2X7qLE3zjZO+a87/J3DSTbtDqSsg/nphaS1df/mzVsoe/buTY5LDzaRTLGS3bt3sxIKPUsms3nr1nspw74RVshrbtu2LRiUnjpKNBo/eLBb3D5VY9Mjo/57771vy5attOW+Pi9bl4cq2Ns7tm3bThXaOzr5FhYSOn56XLRB2q/H089K3O4+VjI2FmLVRv1j/f2D4opmc4M4Kx4nfzgHHd3054oeO61L9cU6NCtuk56THTt2Ujk9wERinBXed982/vSyPbIt7z/QRjX37jVSW0Q8hvmFXrjde/bQBi0trXQ8iuecHeHAwBC9rDRLLzF/O7ATg6BjFktY2EtMi+Q66rxe/PDosdNrxApZiXgYaflB7dy5S1zRZrPzWfba8ZOT0tp6gC+NRGL00tPjpb2Iz/9C0ma1hcJRPkuvLDvmXbt2s5ebDmnfviZegQ6+XX44igdC5wxV40clvnfo/UVnGm2T6ocjUfGlZI+Xz/I38sIjntW0x/IToLyETdMzTA9EcS5RxCeBQm92cTYlfESwM4o/A/HEOB0MvY/E+rpMZczkscceW7JkyfPPP68oV1wFTtPsnsKcHTt2iGbCbiL80UcfiXUM09+bi/j73/9OFR544AGx70Lk/Pnzu2TEQnbLL64NNzUTdpEMv2kYY82aNaQiYsmyZcvE7dAqx44dE5YXoUeq2BqoUWAmQB20MxPyje805qdFMxEb/Rs6IqQEbHo8PbGjO8b0gG+E/qD+9z0BVkLq0l6QB8q/1Y+JZkL7Wtce4bMU8hM+zc2E5OdHzfm1hsLp201586GN/7fdAfb3XkUzYS0b2iy1CdJyk44KWcn27TtY833L1q28nUFN/J4el1iT0tHZxVafzkwcDufBgw5ezkLNHWqNsWlqHw8P551HldB+y5s+1CT1egfYLB3P4NBwehZmQm1NcTYSje/Zs5caDWKhYi2+zWgssXv3HlZITY2GhkYqScvCQLrCN8LMxNHtDJZtdt6h14Iax/yF4xEfDr2UpFhsmp8DaeGFo1bR0JBPLGFR/fXiJ8N4KkN6xpqh/Cnlh0Hp83ibmpp5+5tWNBrrY/H824GbCT85aYP0uNjrvn3HDlaoYuhJbmzcx2fFp5cOhkQiMBbkpyIdTH29KS4bi+KB0MOn7dBZwWb5E04PkJ4Qvk1Wwt84LLRTXkLHw7a/wNDB8+cwLXxWiCXiKcFWYRPsXGLnHq9GWsgfCB1hS0vr4KD0BmShDxnFRwRbkZ4xekRiuY5TGTNZuXIlnXPKUpl77rnH4XCwu/GKv2fyzjvvUCO+oaFBNBPx90zOnDlDNe+88876+voZzIQ4fPiwQWb79u0nTpygdXfv3n3XXXfx/hl2WzDaHe2Udk2bNZT9nsnMZkKQerG1Tp48yX5vnh4ylZCVnT17ljZLh0rHKW6H/57J8ePHn332WZPJxG9wTMbCtkbrvvjii3wVUHPATIA6aGom5CHsz+d0ZkLWIepEKJ5Z2io11kXloFVYyb0Ho3UH8r0HydTEOqHPZCyWoaX/KqhIehozWd8e8RZ6ZijNnsTBEamdQVsjL+r1S9Oqm0m60KISm3SsuROLJ8SGFzUU9u41KmrSNG2HWhvTmcnOnbtoRV7OIjawyhtbCww1++gvulhCltVmtfGWOrVlm5qlduFczYQ07L778i346dbi2+zpdYnNL2pn9LrcNEG6Qu0t/nU+MxN66lT8Ylg2k+JX8jziwyHFEr9ib7a0sCY+f+H4A1E0Q1V/vcQN0vPgD0jT/CkVXyM6G/sHBkdG8t8XUDnN8kZtuZmwQvKBtNRqn+IJWUjo2bO0tIoOLD69dNh0tlCdffua2LNHJyF/gygeCFUm36Ozgr1T+BNOR869i6X8yRfNhByMTn5x6fyyEDNJy71/rCuJV6N/ycyT8jS9KUg16aljD5Zq0rmn+IhgK9IrOzpa8rGp41TGTKiR/frrrytLZXp7e0lO2M2Cb9y4wX4NnUFN9vfff99Q+hvwbNAXZ926dQ8++ODMZkKbpc9PcS2GOHIsm82Ki9asWSOOs5qNmVitVr46u56e9QhxqDL5ibgd2gXtSKzDzURct3zXoIaAmQB10M5MSAzINH7UHIwkMtOZyf+zNzAcLjbdWAVxI7ah5Fq7pC5UstMZ4+5BHkKbZdXIUshYaHZJS4iPzkpPZSZsoBcvTAvKxA8vVREzoUbSgTYrtRWoGUR/HcW1yh2G1aea05nJ9u1TfFctNrBoR/SJv9doLBeY+YUel2JYCx1YKFzSI8Hac3M1E2rdWq02saR8LbZNJmziI0oVqjFVo9ZYOCK13piZUOhJ8I2UPNsLCbX/qNGsaNeKD4d3krBQE1D0kJT8BTx7BRXNUPZ6UWW1Xi9+MtCJxM8W9lyJh5EujIAip+Ir0lnHOyKmNBPaJh1tWlavhsZ95f1I8w6JB7Wq6XzgSll+tqTlljfVTMs2wk9L/kDYuuxUpOeTdbLxJ3zr1q3iBtM3M5OkfNYpnGEeWaCZkFvyQV+sWntHJxPOdOGx0wvtdPak5fcmH13JQyu6XG5VLKtWUhkzAWDRAjMB6qCpmaTl8Vr/fU9ANJNNndH9AwlKekYzIYugUAW+WTKT9uFkj3+c/mXlbF9kKf9ttzRLm9rSVRySPg8zGYtJeqOimbAh4Fu33su+y6Q2BLXe2KURrM4szUT66noBZsJjs9kbGhrLK881KpqJPBaonyWtnpnwjbN1eSOPmmhbtmw9UDqAZyFxufqm+1J/BjOhVpGj28lfeiqhFhJ7EvgTG4nE1Hq9aL/kUXT+dHUdpKNlT5rJZKYS8TConcr6oEhFWB121vHBh1OaSb98YQabTsmPhZ5hVZyK3jhpaWxSsrnZwjY4pZnI5dJTzd9W4gOhddMFM0nLQ+wGh4ZnNhM6mdlrEZGtRjQTdtapYiYU/orT8ezes0c8AfgpQeLHShRvAW4mdC7RcdIEG1NHDsm6YUk72Bk4nZkMDfnoGVbRJKs8MBMANAVmAtRBazPxR9P/bhqbrs/k/9rp7x4tGbTNekX4RshA2B9OZibhRIbcY117hA3rYtW+05i/XJ5C++KbKjcTWp0qJ1PF3ZHMbO+OsQqshA6JCtUyE9b446003qSjJhR7XNKfxr6SYVFTmgkbgTOdmZS3rtLTmMl0lecaau3F4pJb8tCjUCgW6QE1mG5qJoq2JjUlFdfylq/Ftin1ijRbqNnKy2m6paU1LZhJQ+O+aCyhaEoePOhQOMMCw8cIpWc0E3qK2MgZ9sLF4kn+SPlLWR5VXi/xZKAmO/umnD2l/DDY88mvug6MSW8uZiZpufOBqrFWfvnJKbpZSn6GFSfDPELHww+Gts+OR3x6E/L4JTZNh0ctcov86qfl81NcNy2YCa21Z+/e9vYO9oSXnwnlbxzRTOiUVlyXMr+YF9ZnQgdJxiJWS8mnfSgcpWeeP3aK1AncV7yOSLF9eqUUb08dB2YCgKbATIA6aG0maXm0FQnGlGayoSPyf8udJOlproAfjabv2p+XEDKTtHxpCunHWExqCFIhbZzPUmiai0e5mdBEfzB1p3wpS7r0CnhuJr5I+ruNQbXMRNHa4E26SCTGR36LX1tOeQU8tbbZl8cp4VvhtNCostnsLlf+hks85Q0sFoUJzC/U3FdcOJuSv7fuH8i3cg7O9wr4sbHQ9u07yi8IKTeTtHwY7LKcdOkV8NxM2FEpzITaIqo8CTy8hyFd+nDopezulobTpKe5Ap4OTHHlSXlUOVSFmTAZ5k8pO4yOzi4uGMnxNBvBxc2EHmBr6wGjsT5denImkyk6ORUvMT3D/AKPeYeOh9lIWh6mxS5lEZ8NOgNZnwaFWt50eHxWfCC0Lj0QbiZp+eSkU4U94fQasZFgPOVvHNFMaMvTvVJzykLMRBrsV/BV0Uykuz6EI3Ty888TZqEp+UNG8RHBVxS9Wt+BmQCgKTAToA4VMJO0fB+tKc0kksgYLKGVbeH9A4lvNYz91x35K+b5RtJyJwYrYWbyY0vo3oP5IVtUOBxOG13FVixN8wvcpzQTtsG9vXHaI03wu4dxM6H8nztKDnLeKW9tiE06aqeytvuBNmtD4z5qLFKowcFaCQl53FcwGLa3d1DNnp5ettaevXu7ug56vf1Wq40PSaKG15YtW3pdbirv6Mg3s8QGFv3pZUtpXVVGB6Xl4T10ANKl8IXeEmoCbtmylUpoX1y36BjoIbBhKuxbXj5qxSsP3xJHc7HH7vUOUPuPZmk7fBTKlGbCDoM9IbQKFxLxdrFmedgMPZ9tVps0rN7bT3tc+Gguv3/M3CCNxqGDnG40F2tBsp3SS2y3t7Ny3iikE4CJaKswmosesuqvV39hNFe7fDoxf+NPKTsMavq3CePopPNzcJibCSUcjrJRW+zkpHJaSo+dTk72WpMbeOUzk9ZdYGM3nkjS8YgtbOZ19PTSfukppQPYvbvoxlSf9Q+wafGB0LoU0Uzo/bK5cItq6TXasoUeAh35QUc3iVa/MJqL3SGNdkpboGl6xU0mM9/yQlJuJvx9wc55xSmRlkffhSPRroOOXbt2ifebphY2lTc1Ndvs7anS+wUzMUvn35v5jwgSM7Yiewbo7UYPnD/VOg7MBABNgZkAdZilmaQQBEEQpGZDFkohW6PE4smgbCYut8cBMwFADWAmQB3KzaT8Ax1BEARBajowEwA0BWYC1EFhJuWf5giCIAhS64GZAKApMBOgDjATBEEQRPeBmQCgKTAToA4wEwRBEET3gZkAoCkwE6AO8zET+Q4nCIIgCFIrYXflSiZTlFgsEQyGfb4Rl6vP4YCZAKACMBOgDtOaSdnHOoIgCILUaGAmAGgKzASowxRmUvaBjiAIgiA1HZgJAJoCMwHqoDSTsk9z5Yc7giAIgtRa2BUmiWSKEo0lxoLhYdlMDsJMAFADmAlQhxnMpPyTHUEQBEFqMTATADQFZgLUYUozKf9MRxAEQZDaDcwEAE2BmQB1UJhJ+ae5FHl4LoIgCILUaNgVJonEOCUajY+NhYaHfS6X++DBbmULCwAwd2AmQB2mNZOyj/WSj3gEQRAEqZ2w3pJ4YpwSicYDY6GhYV+vy90FMwFADWAmQB2mNhOoCIIgCKKjwEwA0BSYCVAHpZnczEa+3+CV40HY2AAEQRCk+sPGccXjSUokEgsEgkNDvt5eV1eXQ9nCAgDMHZgJUIcpzUQpJGUf8QiCIAhSQ4GZAKApMBOgDgozSacnEARBEERnyd95Uv72jeQkFIr4fKNut6e7G/fmAkAFFmomrWab0USxKxdUlgG7LawsAxUFZoIgCILoPjATADRloWYy6nLZOxxmk83e4ZwijsFgSrnKrMgmgx6XibTHbO8dTSqXlgEzueXATBAEQRDdB2YCgKYs1EwYvk673HMyRaxDysqzIGU02a2DeSEJOjtpO6UVlMBMiqT85i6/slB7YCYIgiCI7gMzAUBT1DGTXMRT7iTzNpOAo90ZKS0ach4YzNL/xv0DQ11dJrOtY0QqtrdIRmRqdohmYpULnYWeFqvJPhHqpxJ5fsLSLC1tsvfPoiemZrkVcgIzQRAEQXQfmAkAmqKSmeT85U4ybzNx7bf5FEWxfrMjSP8bLS6jxdHlGvYlSIf6jfscvpFRr6vX1Jg3k9SQ09zW5xse5Je+WMlDzHbPwDBNx91drd2DvuFhi8Xlk0xHt3Q02yosJzATBEEQRPeBmQCgKWqZSa7cSeTYO+bePHZayodm+Yx2yVaMpnZeZDcXh3g52CojvaaCkIR7Op0xaYLMJFOoJplJz9wPqCbJJr3drvCEslgzYCYIgiCI7gMzAUBTVDMTi8k2FIhm1OiImHI0l3VIHs1lcvIyi3DxCRvNlXR3GU2dyUSChR2MVXGNykTCarGZ2wbCahxqtZI1NTqc/vndfGCewEwQBEEQ3QdmAoCmqGkmyqJ5E+xrlMduFUh52mzetDQlmonYZ5LvZpH6TJSHoTQTiSxVs7gTymK9kBx0VlhLcjATBEEQZBEEZgKApqhnJg02a+ktg8WRV3PF0SINBnN6hr2uPpowd+QvPBHNJBf2FK4zcYnXmRj3dXkHhrvsXaxENJOhznbPcDAwPGg0dyq7ZfRCcrC78lqSg5kgCIIgiyAwEwA0RTUzIX8o6edIDxuFCzyA7oGZIAiCILoPzAQATVHNTIIDg4oSj2eRXGsOJGAmCIIgiO4DMwFAU1QzE7DIgZkgCIIgug/MBABNgZkAdbiFZtLX512yZInBYOh29pQvRRAEQRC1AjMBQFNgJkAdVDeTu+++OxSOlJcrEk+M33nnneXltyRkR3Q85eUIgiCIPlIZM3n1tbePHX+Bz2buf0JYqAKvv/HPf578SFkKQBUAMwHqcKvMZGjIt2nT5vLyyqR6pAhBEASpQCpmJonML5OZX7JZdc1kcPQh2mBy4lc0ceLpl5WLAbilwEyAOtwqM+l1uW+VmdAfJ4PBUF6OIAiC6DUVM5NX//rOaPAom+Vm8s67p31jRyiPyT0q/3j39Lv//DAQeZQc44PT5/708ps0Qf+yylQyHDhCJX9/6z1Wwjj/yWeHH/rN8V+9eOHC59euXRcXAXDLgZkAddDUTMg9Dhxou/POO1eturuuro58ICWXt7d3btmyZcWKFXv3Gk0mM5Wk5H4MqkA1ly1bRv/yDdJGBoeGaRFtgeqzXWzYsJFVpn+p8KCjm+2FZt19HrYi/fmhWSrfuXPXkiVL2LoUmmBr0a7HxkJpeTQX3x2tzrbMttbb6+KLaHbNmjUrV66kRbTBzZu38EUIgiBINadiZkL+cPGzS5kHTkxO1Wfy0CO//fLyVTKTww89w0rIT6iEJqLjx088/fL161+nc79mi7KHnqRZvu7HZy48+vPfU+G58xd5IQBVAswEqIPWZrJj5076M8BnuTb09LjEPpP77ttmtdr47PbtO5qaLXwt8gG+KC3vgrtEShaGe+65h836RkZXr14dDkfF+iyifij6TBSLmD6lCxvnx0/TAdlkytdCEARBqjmVNBOaOHb8hffeP8PN5NQHZ1kPCYWZCdVki0Kxx9gEVX7w6HO0iFVjYVsDoPqBmQB10NpMxPtu7dq1m4SETSvMZOXKlYFAkM+6XH20lF2VThOitKTlXSxfvpzPkiHQltk07Xq64WSzMZNoLLF06VJx0fLldfQHjFfj0lK+EQRBEKRqU2EzOXf+4v0/ferwg/mOEd/YkZPvfUwTTz7zyk3N5A9/fIM2wvL11zfYUgCqHJgJUAetzWRoyMcXzWAmhtK7Y4mCodhIWt4FIa7b2rq/fMXh4RFatGzZMjbcazZmQjsSt5wu3ft0ayEIgiBVngqbyaQ8cCuRli6FJxVhinLhwufR8eMzm8n1619Hko+zEgBqCJgJUIcqMZNVq1bN0GcyPzOh8mgswcrZNSfiKuIG+Sz9uZq5z2TKtRAEQZAqT+XNZFK+mxabeOz4CzT94kv/36t/fWdmM6GJs+c+9Y1JV8AnJ37FFgFQ/cBMgDpUiZns2LmT20W67DqTeZsJ74fxB8ZmYyZsml9YUn6dyXRrIQiCINWcypgJAIsWmAlQhyoxE8qyZcsMhXtzrVixgpfP20z27jUuWbJk7dq1q1evpn9FkVi+vG7VqlWr16xxufvYFvgidh8wfm8u8ToZmAmCIEiNBmYCgKbATIA6VI+ZBENhY309NfdpC7F4kpfP20ySyRTpBy0lz6EN3nXXXXyV/v4BkhYq93oH2BbE7Tc1NRtk6HjEcpgJgiBIjQZmAoCmwEyAOqhuJgiCIAhSbYGZAKApJWYykhpBkPkFZoIgCILoPjATADQFZoKoE5gJgiAIovvATADQFJgJok5gJgiCIIjuAzMBQFNgJog6gZkgCIIgug/MBABNgZkg6gRmgiAIgug+MBMANAVmgqgTmAmCIAii+8BMANAUmAmiTmAmCIIgiO5TGTP56PyXyiIAqhV1T1eYCaJOYCYIgiCI7lMZM7l89bqyCIBqRd3TFWaCqBOYCYIgCKL7VMZMAFi0wEwQdQIzQRAEQXQfmAkAmgIzQdQJzARBEATRfWAmAGgKzARRJzATBEEQRPeBmQCgKTATRJ3ATBAEQRDdB2YCgKbATBB1ojATBEEQBNFfwrFxSiiapARCMZ8/6BnwOZwue6dD2cICAMwdmAmiThRmwr5PoiQVSabiifF4PJkBAAAAao20TEomkUiEw+GRkZG+vj6nE30mAKiAymbS3e8ZGFcWIosh05mJUk6S9FE+TnIyIaP8yAcAAACqGJgJAJqippnUm2xGOZ2hkYHeTppo7O4vr4boMkozSWWkCH6St5RSMwEAAABqCNFPkslkJBIZHR31eDwwEwBUQSUzGR9gTsLTaLFL/zq8ypoVj9HUXl6IqJ6pzaTMT3i3ifLDHgAAAKh6YCYAaIoaZhLrs7aUaEnRT+ZnJoFuWndfz4BYaDbZWvrLas4iMJPKZCYzERQlbybJlPLDHgAAAKh6atpMMvc/8eXlq8pSAKqJBZtJoEdUEVOjOmZiaes0muzFknH3vvaDFTaT/p6O8kJkuijMJH9fxSkj+UkqCwAAANQaop+Mj49Ho1G/3+/1ent6epQtLJV47W//ePnPb1FeeuXvo8GjysVzAWYCqp+FmonZXPQQc4dbKoz0FuXE4uiNKVe5eQLdLe5ei9nGS4b7OtsHuytsJh2txQNAbpopzWRqP5F7TjKZCeXnPQAAAFDdVN5MOG+/c+rJp19Wls4FmAmofhZkJmL3CIWXW0rLHXHlijdJQJaQoYOtg/Js2LmPNt7fxcykz9FO2+wacrc222wBuUJ/l9XR3urocYxKsy2NthZHT1ePo1feGlU2HXC4fG7pAv22XnkX3n0dzq4hb2dHB+vVsVlsRraWx5nvq0kM0aMYCA8OJKj+gLGxs3vIbbOjF2XazGAmijA/ITlJpdIT0BMAAAC1w60yk6d+8+eRQofJkWPP0+wHp8+xkgePPnf/T5+if9948yT9O/HACTZ95epXrBrV/19vn5osmMnLf37r6WdfFTcOQPWwIDMZCfVJbfqCgdS39VChb6w4vqvR0efu71OuddMwMyGpMHfSv9YmW327m5uJ0dTREc7XNJq7pIn+LkvfcGF1t9HqErdWVKb+rvL+E6Ole4SZicXJSmiaTbQUXUsyE1/piogiSjMp/FDudJH9ZKrbCiMIgiBItSYhXyop/TBXYjwSjQfGQkPDvl6Xu+tgt7KFpR6kE8nMLy9+dklRTqYxKZtJKP5zVkLT585fLKkkr/7kM69MyvX/8OJ/Hn3sd4oKAFQPCzMT1qYv7SERM+/rTJiESF0l0rXvduuo5BUFMxF3kTeTfOcJJdyj2GnRRopm4mtpbc9fEsPNpOAzU5nJiO2AzdjQ3if1nyBTZwozYSlzklI5KVEUBEEQBKnmJJMpdodJSjQaHxsLDQ/7XC73QS3N5OlnX339jX/y2b/89Z1U9teDow9RJmUbYYrCpvl4ra+/vkHVRkOPUDVmJiPBo76xI6c/PF/YEgBVh2pmsn9wqFg+PqiKmQy7O9uD7vxNuopm0l70EBbRTKboM1GaiamoHMOzNBMWh9XGu2sQRaY1kxlS5ioIgiAIUs0R/SQWSwSDYZ9vxOXqczi0ujfXlatfxcaP89n3T5197vnX2HQ4IXWVTGcmgcijbOLChc95nwktDcYeY+UAVCFqmYlylBS7GmSBZjIi95AMs0J+nUl3BxXa3L1d7u56u6wTJWYiXWfS2iMt7QiyLSjNpKXBZu33DgQ90uX705tJV5ut1e3p9g2S7bQ6eqh+U6Otr/xoETnzMRMEQRAEqanwSyUpsXgyGIr4fKMut8fRrZWZjEWP/fGlN9ntuShfXLpMQvLGmyfJT/h1JlOayfjEr6jamTMXSFFEM7l27Xok+Xhh8wBUF2qZiXRBiBi1zKReuEqEFw4MO+tJKsw22+AgW1TSixLpY0ud8pX35Wbi8+evhLEND85gJiOxPqpTL91wbNAsD/1qtEsX0iBTBmaCIAiC6D6VNxM2aouHStK5Xw/5H6Z/jzz6/OT0ZvLB6XNUjfL+qTOimUzKnS3kJ6waAFWFWmYydRq7+8tXQXQZmAmCIAii+1TeTABYVCzUTBCERWEm6fQES/nHOoIgCILUaGAmAGgKzARRJ9OZiSLln/IIgiAIUiuBmQCgKTATRJ3M0kwQBEEQpHYj3qErHk+GZDNxuz3dMBMA1ABmgqgTmAmCIAii+8BMANAUmAmiTmAmCIIgiO4DMwFAU2AmiDqBmSAIgiC6D8wEAE2BmSDqBGaCIAiC6D4wEwA0BWaCqBOYCYIgCKL7wEwA0BSYCaJOYCYIgiCI7lMZM7l8FT/QDmoGdU9XmAmiTmAmCIIgiO5TGTP56PyXyiIAqhV1T1eYCaJOYCYIgiCI7lMZMwFg0QIzQdQJzARBEATRfWAmAGgKzARRJzATBEEQRPeBmQCgKTATRJ3ATBAEQRDdB2YCgKbATBB1Mj8zSSEIgiBI7WSctCSVSY6nKbF4MiibicvtccBMAFCDEjPJATBf5mom8ke89M2T9OUTgiAIgtRCmJMkkilKNJYYC4aHfSMuV99BB8wEABWAmQB1mL2Z5L95SmXSmQnlVgAAAIAqJiszMTGRyWRSqVQsFgsEAv39/b29vcoWFgBg7sBMgDrM1UzGUxnlJgAAAIDqBmYCgKbATIA6zMVMpBFcyvUBAACAqgdmAoCmwEyAOszSTNg4LnSYAAAAqEVgJgBoCswEqMPczGQ8rVwfAAAAqHpgJgBoCswEqMPszUS6vQnMBAAAQA0CMwFAU2AmQB1gJgAAAHQPzAQATYGZAHWAmQAAANA9MBMANAVmAtQBZgIAAED3wEwA0BSYCVAHmAkAAADdAzMBQFNgJkAdYCYAAAB0z60yky1bthw6dEhZequ5++67lUUALAyYCVAHmAkAAADdUxkz+d3vfvfiiy9++OGHtK9t27ZNamAmFoulvb39ypUrbJYc48033yytcnNgJkB1YCZAHWAmAAAAdE/FzIR7Amv9a2EmdXV1TzzxBJuFmYAqAWYC1AFmAgAAQPdU3kxIIa5cuUJmsnbt2r/85S8///nPBwcHr127RotILU6ePEm7pgmapVU2btz4t7/97cMPP7zrrruo5MaNG8FgkFZ57rnnhoaGhD1Imz19+vS9997LNsXNhMpZBZqlw6CJ/fv3P/XUU7TNVatWWa1WmnjmmWfY46W16LG/88476XT6Zz/7GZXQ7qjwzJkzmzdvZlumiW3btj377LOFPQMwE5qYSSrk93iGM1llOdAxMBMAAAC6p8Jm8ve//52P5qIdsaXMIqjOG2+8wUqef/751157jQofe+wxVnLo0KGzZ88++OCD5B6shKSFTTCYgZDz7NixY3JGM9m5cycroW2ScrBp1lsi9pmwadrduXPnaOLUqVO0d0UdAG6KBmYSGzaabFKa+pSLgH6BmQAAANA9FTMTg8ySJUtOnjw5WTqai1kEcw9WwiyCu8RkwUw8Hg/bDoMtYnADWbdu3Y0bN2YwE14i7nE6MxF3xw4YZgLmhMpmMmC3My3xRieUy2ZPxNPUE+Fz4Z5Oo6lTWKwKEadF1ieTzdI1rFw4L2hT1iFl4eIBZgIAAED3VMxMFFd9lJvJH/7wh/I+E4WZ0L+bNm1iJQq4b1y6dMlsNm/evFlhJrTBOZnJihUr6F/aHe9XYcBMwJxQ2Uys5nxzX7lgTlTKTHoHhr0D/SazbSClXDwPYCYwEwAAAPqmeszko48+SiaTNHvt2rXu7u7PP/+83Exef/31VatW3bhxg2+Hw31jUt4gGQXbo9FopH9pFdr4bMyE3d2L6rNRYbS7w4cPszpiTQBmicpm0sTGcZlsco/JRKPZZvcp69ycSplJOD8dNFr6oyVL5wM3E9f+hYlZbaKdmcRHHSvrlkodw0uW1h/oUS4GAAAAKkX1mAlNvPzyy0uWLGlsbHzttdcmhfFXk4JFfP3119u3b6c/oX6/P78tGdFMPv30U77NZ555hir39PS8/fbbNzWT3bt3x+Pxe+65h8SGdjQp7462QEe1YcOGTz75hNcEYJaoaibJ4aDXkb/IRE6jI6isMxumM5NsxGhu98odHUaTnS01NvU6OjqpsHWfzTfkNFucNF3otMnSuo0d/T6qb1a4jWAm8X5Tp1+eClm6+pMhP63ODoAcozcQTSYSrY22oHxFvzQGzNzpG/GTdIVLL/HPm8lE6oDJRqsk5friATjlFYwmR5PdQw/BbrF5/J4O17Cn22Ey2TK0LOs3Njtp47S01R0v2XrVo4mZZINtGwyGNXt4ga9nUFg8B1YaDMqi2TDatMetLAMAALBoqYyZALBoUdNMrI22Vk9kqLOdm0l8frfninhEvZEjeUXc1dU1lt8iOYNPnqSlFpfciPe7jBZXQC70HLAFpBUGLOZ894W9QW76FymYyUSKlIZtgNPbajNa+mnCXBiWlvE6nDFpgo7EwYzE13ugv6R5nTcTeh6EwWziARit0gUtBWvK5VKDRnO3PJUd7Wr3pKUHXrvjwbQwE3/zaoPBEJzfWVRCxjAfM8n4W9bCTAAAAHBgJgBoimpmQlrCRWIBF7/LTNNn0tEgjJKKeCzuRE5q6DsH8kU+vhatQoW+zvzl+CyFaoz8dSZDAXEY14R1f2e+vsVD8ybBTFzS3qTulGJKR6pNaSYl9U1OuYT33kSKWxhyOuVjt1tsxqauDs+8+ppuKVqYiTSCa5tDWSojje5asrS+vp4m9rjH86XBtpWmFsPS1Zt21e/cTFazXCqM+Xp6eljfdI83/8RKG66X6tDqnbJzEntWSjvcsK1+Zd1Sfy5H1e27Vm5qktZjWrvcYKAt1+/aZDCsbmHdbAAAABYTMBMANEUNM0kOcy0x2YeTC/+Gexozce3nV4ZITfmOEen/Gcwk6e6a/gIV8TqTPLyHxNOWN5NcKsAel8UxKi9JULliLc40ZqI8gJnNJM9EyNjQK8zXABqZyZRdFj3bDQ3CDdWK/SHBNnIHXt60ysDXnrbPJN6Zlx9/i2GTXTGELnhA7DNxG9a2CAsBAAAsOmAmAGiKCmYi9paooCW5ac0k7u7qGCkfzTWtmbDRXNPcdmsKMzEWjILWYmYS7u0MlnYAGU1269DUm+Rm0tVUMppLUXtWZiI/rpL5qkcDMwlOZyY7DQaxx2IbnyUzWdfGy9vWGeyF13haMyHfkFchCdnUoby2p9RM4rSReQ5QBAAAoAtgJgBoykLNRLoivMk1mk0Z531VSTnTmAkx6nJKCmS2e0L5Bv9MZiKRtbZIY7rMLYqG/hRmMhEakLp9mh0pr4OZSWqwm0uX0y/vMZvMH0Nju6+0HcvNhPW0mLpYN0vxAJw+NvxsejNJB80N8u4aO1V7MiuFBmYi6cQGW6mxyawt1QwykLw+kJkIJkHlbYVhcSVmMu6m2Z31LdI4LftOZibuPcXKnFIzoRczvnaZNOLLPcVBAQAA0D8wEwA0ZaFmkkvmf/G95lrSNyfry19bL9O4wB9p0TtamMkmyQKKo7M4e5YYxFt0lfSZ3NRMsu6dBmH1sZZ8n0nrTftMikjHtderLAUAAKB3YCYAaMqCzSSX69jfpdbPqFcXsf5Wb7EBbTK1C8uAEi3MxL1nuWGqe3P1bDfUCzc0KFrHbMwk3knCw3tH4vZN+QFggw03u86kyB6pNyd/32oAAACLB5gJAJqigpnoGG9XF+sRMrc4FnrDMb2jhZlIRBxkAUvrVq5cJcVgyP+2iaQs7N5cS0ruzTWdmWxbYli5aWf9LkkngrYNhqWr2X29NjTb+aUp2+qkvpBt9fVrVy7NbyUt3dSLasqj7twrN9JC+a5fdcV9AgAAWDzATADQFJgJUAetzIREoqdlufwT8Ialy3e25JUhE+5p2LxW6rrYJtwva3ozofq0jaVrmtjcBulH5Zc2uKTrRYoXzWciPY3SCLKldWt550n9RkmCZDOJb5DUSFrqh5YAAMCiBGYCgKbATIA6aGcmAAAAQJVQGTP56PyXyiIAqhV1T1eYCVAHmAkAAADdUxkzAWDRAjMB6gAzAQAAoHtgJgBoCswEqAPMBAAAgO6BmQCgKTAToA4wEwAAALoHZgKApsBMgDrATAAAAOgemAkAmgIzAeoAMwEAAKB7YCYAaArMBKgDzAQAAIDugZkAoCkwE6AOMBMAAAC6B2YCgKbATIA6wEwAAADoHpgJAJoCMwHqADMBAACge2AmAGgKzASog+pmUr4ugiAIgtzapFIkJNJfMUo8ngyFIj7fqNvt6e52KltYAIC5AzMB6gAzQRAEQXSfW2smH3x4/n+/9/HZcxevX/+alZw9f5FKKF9cuszrnHz/THEdgU8ufJ554IQ/9IhY4hs78o93T7PZYPTYf/zxjb++/q4//Mi7//zw/CefhWKPnTlzIZ7+RSDyKK9AJcnML6kC386RY89n7n+CJl597W1a9+U/v0X57PMveQUAZgnMBKgDzARBEATRfW6hmZB7vHfqzMXPLp18/+OPzlygkq++ukbTn1689MUXl69c/YrVIUuZzkyi48cTmV9yM3n/1Fkq+e3v/8rN5PLlq7zmscdfoAm22dMfnmdmwitcuPA5q8CIjR9nZvLKq2+RzPByAOYKzASog+pmAgAAAFQbt/A6kw8+PH9V9oRLl668d+osTbz/wdmvb9xQ1Dl3/rPpzIQxGjwqzr762tvcTDhj0WNPPvMKnz13/mKw1DfIVViFa9euH37oGfqXmcmJp1/OPHBCrAnAnICZAHWAmQAAANA9t9BMPvz4EzZk69OLl5h70L8fnD73v9/7+L1TZ7iiLNBMBkcf8o0d+bx0IFYg/OhTv/kzr0DhHSbB6LE/vfwmTTAzOf/JZ3/+y/8ik5l44MTLf36rsAEAZgvMBKgDzAQAAIDuuYVmcuHTL06dPvf5F9KYrpPvfzwpmcnHZ85++tnnX56WukousmoLNBNSi5de+ftI8Ogrr+a94v1TZ48ce/7ateu8wpkzF0g8qMKVq1899Mhv2SJmJhwqjI0fv3jxC7EQgJsCMwHqADMBAACge26hmXBIRZh7vCcYCBvfNblgM2E8+cwr7HIRcp4jjz6vWMqgCmQjrAuFRSEnwdhj3JcAmCUwE6AOMBMAAAC6pxrM5L1TZ0gYJoXrTC59eeUDuWRyYWYy8cCJk+99/Pob//SNHfmDfA+uWOoX7EZb7F5brML5Tz67/6dPUQVxO0xLqMKJp18mIUlmfvn2Pz4QKwAwG2AmQB1gJgAAAHTPLTSTr65d/+KLyx+fuUBCwi44OXv+IinKJxc+P3X63IVP8+OmFmImDz3yW3adydvvnGKLxC4RqsYqUMhMxI1MFszkF79+MRg9RhWOHJu6pwWAmYGZAHWAmQAAANA9t9BMAFgMwEyAOsBMAAAA6B6YCQCaAjMB6gAzAQAAoHtgJgBoCswEqAPMBAAAgO6BmQCgKTAToA4wEwAAALoHZgKApsBMgDrATAAAAOgemAkAmgIzAeoAMwEAAKB7YCYAaArMBKgDzAQAAIDugZkAoCnzN5OhDpvRNNsoVwa6A2YCAABA98BMANCU+ZvJgF1SDlOnv1iUTXsHhocCCaGOfT5mEvGY7f20Ka+rj9ZNKRerzwGzrdEZUpbWJqmhXmVRRaicmYQ95ra+ZCKRTIQG4nTWRYzNTnk22mjOn2l0cprsPjZtlCayVGHU0TkqVUtmslL5AXO7I1jYJm1kn0PeSMI5FJcmRl1do9JsvraEz2i2symnxWYdypc2NrdnCjWaLJ1dY4WZrK+pJX88jY4A23hhGZgn/JlMTUgfFE3mdv6EW82dTT0RNh3sbjdah/OvS8QzIP/bZHLmqwJQ+zSZOoVp6dw2NrIPsahX+mTz5T/BEokJ+SNRqpdJdlhs9KlJbwejudMZZh9uPmf+fZNzNLcf6M9/OId7Oo1NrvwC2nhLp1zNZzV18s0uTqYyE0eDg8ykR9nCAgDMnYWZSWNnnDfbcrmO5nwPySiXiWx8oKNrHmbCWxjkNsXmo9rIbVbdkfKbuwRdrBQVM5OOxhJZjbu6Bvj8SC/7E0snZ1PBIvirTH9ow4WKUrl12Fw4t3yd9uJGGBEP/2tdwOfs7RySD1wwk5BjdNhTeDRNZqepI//kZ/q7qRGQLy+cz2CBlDyTEU9Hh50/4cb9vXyp1MAyO/KvC8wE6JFyM2ks+cwq+kaOm0lO+pBkbwdnh91o6ZeLijUbm/uMbYNsmj4w7Q35T9FcLm3pZJ+ukpkUChcp05uJmn0ml69eVxYBUK2oe7ouyEz418YSYy5jQzd94FGjzWjqEhbkFmImubCnqTeak9uCueQobYo1M1P+fpNZUqNkQY2MZudoj8NstpmaHTR7oNluNNsbrZ784lTA3CBZU74k2G9pKo40s5pshT1mLRapn8e0r4t9ISR9b2Tp77VLfnWgJ8A2lhztl9ZtsHujVfm10a2Qk4qZidFSeE1lrKVnF/MQ6c9wNtIoi8fUZhLx+LK53lYb+4JQ/BvPK0xhJhGq2Z4TzIT9vTc19zHFofaBozm/TYvZKZ20rBxmohIKMxkgM2yWn+R4/0A2UnwXu+I5Xy+9LoVqMBOgN8rNpMlsG4rwj9apzaTLYpP6EuU3RWqw2yN9I1OomfX10vumI28j9IGZC/Z55e3FXV2Fj0SYSYXM5MrV66fPXUKQmsiV6jSTaG8nNdajeTMpbSwuwEzoA7FjRJqQ2oKNtt6B4aRcbjJJ055uB7VTWY+00eRosns8A8N2i83j93S4pKVUjY3ooHWpxDsw3LrPJnVhT6SSiUGjdZANsOFmQp/FjTYPVevt6GTDgSQzIcOxS4X8gdBmvQN+r6vPJfWLVyMdzbYKy8mtM5OSP5NsKfsz3CgvmtJMgt2SYGT6u43W4dxczCTgaKfTh5vJATPZuPQNPet9ofaBdMLIXzqaOvzcTJgDG9EyXjCFZ9LGZGNAflkz+Re0YCbpYbk5RdIivcowE6BLys0klwxIX9g1Sd/NSaNPhes82ehr6fs1l/z9GntT5FIm2zA3E/o8lP5cBvPfs0hmkou0Su8leivZBTMpbnZxUhkzAWDRopqZ0IebscGRyaXDPo9R/l6ZM+ePsIiHf6Q2dUgNx5xsJsVRXSO91qF8X4kkQvulz1hhLxHeH53xOuQPU784cKvQpePjhdxMjMJnvVW+aEFqaBYKaVr+NJfMJFy8/KA6ySa93a5w5bp0KmcmJvZ3Nw9v/cvE2euY/4IwPdrUG5nSTEytHjZU2mOTarLXuoRpzIQwmTsLZhK3D8ojuQN9TQ29uXz7IOHab8v5eoPCsaHPRC3K+kyIhMUVl7tH8mbS22pnLy69Lr4szAToE9FMGkvPbXmY1tR9JsZm+dKR/HsnF5ZGqOZrWhrYBXsJNkJSNpOcxdTl67A3dofQZ8KBmQCgKQsyE/N+ebBEgSZzXicK19URE9FhSTPEajdHHM1VQGyAJt1d/DNX+ipIbhQKUlFsjOaGnFLNxIC4QaOJ9VZPaSbFz3faYzJvJvlCbibS9Ig0oMtXgcvz50PW1Ohw+it6cBUzk9SQs7FD6uyiSHdbYFfAp9KZZMkV8PkJm30KM0kMuPi16Fm/1CmX8hUuo08MjMnLpjeTXGrYaJbMxNfJB2FLnXtJ/s1l1sfsl5+0uAJeLRRXwLP3I4llr3xVL3sXi7flkL62KJpJN14FoBvi7i77QCiTTAQHnNYh+rRP+EKJTCoRHfE09dIbYaor4OW1BtLF905O+tSyse/v2PCEnOT2Nos7wcyE/oYaW/vZRfPcTPhmFycwEwA0ZUFmIvVpSJ+ABZKBJkuX1ZHvr8jlm/Vz7/a9mZlM02cyvZkstM9kCjMhJkKekluTVQ3JQWeFtSRXQTMhOva3S+eV2e6VG5mjLic7zXpHk6xC8XLP1GC5mTCLKJBlXxB6u6RLiSjWgZuZidxBR2YiXB4qXedAjePCt/JZ1mtXNpprjm8EUAZ/JqU+q0LrytdhlwdtymbCVLOAxSSNjy+YSX5d8UYIANQsWUuzfFVkC/vYSbBrKQsXSRZHcw2IH4nZoHQBnmAmAUe79Mnm6+V/I+kTkmwkbyZZvzygSzST4mYXJzATADRloWYyyyhXnpmbmkkuZzbbegf8np5u4TqTGcwkZ98nXWfiCwQPNPMunbTR3B6NSWPEiteZ9HY12jyBkeHerq7idSZlZtLU1hdMJHo7Ou2+BbWwtSA52F15LclV1kwAAACAW8JUZoLfMwFANeZvJgCIwEwAAADoHpgJAJoCMwHqADMBAACge2AmAGgKzASoA8wEAACA7oGZAKApMBOgDjATAAAAugdmAoCmwEyAOsBMAAAA6B6YCQCaAjMB6gAzAQAAoHtgJgBoCswEqAPMBAAAgO6BmQCgKTAToA4wEwAAALoHZgKApsBMgDrATAAAAOgemAkAmgIzAeoAMwEAAKB7YCYAaArMBKgDzAQAAIDugZkAoCkwE6AOMBMAAAC6pzJm8uprbw+OPsSSuf8J5eIZOfXB2WD0GE08+cwr5z/5TLkYgOoGZgLUQXUzKV8XQRAEQW5tUikSEumvGCUeT4ZCEZ9v1O32dHc7lS2sBUBmQl7x8p/forzx5knl4tkBMwG1CMwEqAPMBEEQBNF9KmYm/3j3tFhy5NHnz52/OOR/+OlnX/3kwueHH3pmOHCEJmjRO++evv+nTw2OPvTY8RdollYcDR6dhJmA2gRmAtQBZoIgCILoPrfKTCYeOPHg0efOnLkwEjyaPfTkc7977U8vv/nTh39Di37/H68fOSZ5CxMSmAmoaWAmQB1UNxMAAACg2qj8dSY0TSWx8eMXL34xKfsGSQirxgyEQ4u+vHwVZgJqGpgJUAeYCQAAAN1TMTNR9Jlk7n+CrGOy1DeYgfjGjjz8yG8vfnYJZgJ0AMwEqAPMBAAAgO6pNjO5+tW17KEnr1z9alK+FgVmAmodmAlQB5gJAAAA3VMxM1Hcm2s6M6F/hwNHnv3tX/76+ruB8KMwE1DrwEyAOsBMAAAA6J7KmAkAixaYCVAHmAkAAADdAzMBQFNgJkAdYCYAAAB0D8wEAE2BmQB1gJkAAADQPTATADQFZgLUAWYCAABA98BMANAUmAlQB5gJAAAA3QMzAUBTYCZAHWAmAAAAdA/MBABNgZkAdYCZAAAA0D0wEwA0BWYC1AFmAgAAQPfATADQFJgJUAeYCQAAAN0DMwFAU2AmQB1gJgAAAHRPZczkytXrp89dQpCaCJ2uyjN4AcBMgDpU0kwMpSgXzx3aSFtQWQhqF9/BhqVLpHNj5cadGeVCTfA1LvfLE2vVOCEBAFVLZczksqpNPQA0Rd3TVRMz2d/WHQxFlaVA18BMQJUwPtyydN3OSFxi0N6wdGOLsoaWwEwA0DeVMRMAFi2amInRZLPaepWlQNdU0kw4ZBQbbJJSOFq2bVi1XJqt72GLqIHoSOc21C3d48nlgm0Gw7a4p0HWmEzE3bZyGU0ubRuM8+0wMwke2KCK6gDNcO/hSrrHTfPjfsfypfRiLo9k5eXZwW2O8ZI1qMSZWW5YXj+QL1hdeIk3rZHWtA/n6xs22Fs2r5a2tXFnvmSvl0qo0rYDvty4jyYMS5b65Or+gw3SrMFQ74rk5MNibltmJuN0EkrbXLuNZiIu6SSk7ed3Gmyzh3NBx04qdEdoab10XtZtKN0CAKCKgJkAoCkqm8kBa0+TpUtZChYBFTeToJ0kYskmNjPY0dbji+SycWrYNQxKJWvlVuOmXfXeODMTavGtrq+Xvz4P9vjHMxl/i1S4uTMnmwlpjGQ2BkNpqxZUKQ11ylfKsK4tl4t3bpbEgM6NwfB4JpshfZEWrWqK2zcZlkhuQE6x3DSYS/dsW5JXCPeu5YbV0olh4FKRdjPtMRhWs4JB0/I97vy4MINhZ76azB55O9OZCbcgiXTP6mY25mucdipN0ZlZEKlNhvwWSKXWtqILD4AqBWYCgKaoaSaBsYjRZKO4PcPKZXMgvxEe65CyBqhCKmwmrHNjU0e+04NjyH+TLpvJ8p35UtlM3ErnCEoiIjVnpbXcY7K9bJBmQfVTfHF5ifRSkiCspOnlhryyGtZKyrGW/CTt2MYkYbChxc+6Xtbm15SmpbUMhbWk6eUN/N+cdL6tdbM+GalaYUWZtnUzmUmJxrj3tIwVp5tGpTOTn8N7iisG8ycxAKD6mNpMOnf++I47lC0sAMDcUc1MBgb9TCTM+9q5VCgrzYVwT2dh8AWoASpqJllZKnjbNO2VezuW1tdLg2GKZsKbd7KZ5CdtktIYlq2ur5eG0HAzybOuotckgPnBO0zG3XuWGwyDfqlxL72UYfsGWRu4UeRfX3YmDNSTk9Qvl84EMg3WnSIRbGM6USwpTLPVpSpkJsVFtItxw5LV/nicTuSbmElhC7nSjdBOpYNi/8rATMAcyfTIeMcqc5cHkGdqM0GfCQAqoZqZMBVpPdAdCseaW7pgJouNSppJsHWt5CWuQieIfOnBJrvcPL2ZmVA7khiUvv8u6TPZ0Oxjo7nwR77qyRjq8grRuVl64dm02Geyacny8XQmMtC0eumm8dEWqXdCwr+6xZ/vGPFM2WdSvMAj32cynZnEO9n5lrvZaK6SPhPPFH0mMBMAaguYCQCaslAzoTcnvUVzBTMRx3Gxt26x6hxRmInJZPMM+x1tdutQipU0NnX5QomOFtqvdKlAbsjZ1d3VZPd4B/qN5u6mpi7vwLCn22G0SofU0WjrHRj2jfi72uTKQG0qaSase4MTjHXy6Q1LbmImgw1MQAh5omAm0hXwae+euuK1K6AakV+joHzfrfh4xt+yml7HSDy+Z81S9lLG7Zv8hWFX5WwzGLY58+457t6ztt4R9w/SFvbIQ/1oYmuLO+Jz7FljsMueMa2Z5PyGum1xWtm+Z7ncCaMwE6ljTnYb9x7apsPn6bE31uekYWZLfeG4fa902PJ2YSYA1BgwEwA0ZUFmIl4NEo0lRv0h6bIQ+a5c4qL5XXZSYiYjvR0j+UnyEGeMLyB8VtY5M+S0+/JFDouNf/PNvIXMxBtZUGsYzEwlzQSAGdiz0tBg9zJ5aasv8UwSGXFWgTiaCwAApgRmAoCmzN9MYvEkWYel9WCTRRq71dgkCQAzk0xmgiaonJbShLmxXbnyLBDNJOnODw+T0+mU7tKZ8zq6TWbhgpYhJysnnJbiQLJ8j0psWKrZ1BWffy8OmAmYCagWsvFtG1eyfrFN9SW3NFheuNfWlMBMAAA3BWYCgKbM30xaD3TXN+RHeAdDUaYHzEw6u/rytpDLpVIZPj0nFH0m1qGSIRoBR3svG+adHmydjZkUcFhshZ4VoCYwE1DNSJqyZGn+N0+mAWYCALgpMBMANGX+ZtLe6ebK4fZIPRK5gpl0O/v5In8grIKZ5HJms63DNewd6G/c3x/O5TJDTtOBvmhg1NjY3thwczOxtDh8oUQy5G80Fwd6ARWBmQAAANA91Wkm165dT2V/PTj6UGz8+JWrXykXa0M692v6dzR49NXX3lYuA2C+zN9MhoYDRvkaEmfPAB9SxUp8I0GaoHJmLKqYyUR0WBq7ZbZ3eCOyWkw0NUizo8mUp+3mZuKy58eDHejO36YHqAvMBAAAgO6pQjN5/9TZ6Pjx51/42/lPPnvplb/TNJUoK2kGzASoy/zNJFfoNpnSPbocHr5oPIVmqP6BmQAAANA9lTeTUOyxwdGHWGj2nXdP+8aO0PRjx1+g2StXv/rFE38U61NJ9tCTFy58/ujPf89Kvrh0+acP/4YmosnHacXxiV+x8swDJ06+9/GQ/2Fe8uDR586dv0glTz/76rVr1w8/9Mxw4MgnFz6flLtlYuPHafU/vfxmfvX7n5gsMxOq9tzzr1G1RPqXrIR2Shv8+1vvsdlQ/Oe//4/XqcIHp8/RbCDyaDB6jK8OwILMBAAOzAQAAIDuqbyZMMgKHnrkt2IJzX55+eqxxyU/uX7963Di51e/uhaMPUaz/3j39Ecff0KNflbzF79+kUSFLZqU5YGpCOnBf/zxDZo4c/ZTtnEykzdlhSCrIf9h9fmKDFKLJ595ZXIaMxkJHmXbJOgY+Lq0fRIkVp8OYFJ2ElIjmqBjO/H0y/n1waIHZgLUAWYCAABA99wqMyHx+PjMBbGE9IDMhOnB+6fO/vX1dydlgaF/z3/yGcnJ4QefIWPhheQMfF02TW7Ax31RnYsXvyAzoX8n5Y1zqRgVVpyUhWQGM6G1zp2/yKapnO+Uppnz8K2FYo8xIaFHQftlhQDATIA6wEwAAADonltiJqQNrJ+B8I0dOfnexxc/u8TMhIyFCl9/45/MMUKyTvzxpTdp0YULn//qxJ9oNnvoSb6IwfSASshhWAmbJkOgFSdlM+H1WS/HkWPPP/f8a8yFZjATKmRbmCzdCJkSqyaaCdsOzASIwEyAOsBMAAAA6J7Km8n1619Hko+z6atfXWOaQRx59HneZ3Lh08+P//rFd949HUk8/v6pM1G5k4QYn/gVzZJR0PRo6BFWOFnoM/GHHvnnyY9YCe8zmdJMSHv42DByoRnMROwzee1v/+A7nbLPBGYCyoGZAHWAmQAAANA9lTcT0owzZz89/8lnrH9jOHCEmv5/ff3dQPhRatPTxOkPzyvXKXD4wWeGAw+zMV0v//mto4/97oPT5x5+5Lc0PSlvaix67MyZC/H0L97954eT8nUmU5rJF5cuk+S88eZJkhyymnIzuXz5Ku2IZo8ce943doSEh12Xz3Z68r2P+VUrMBMwMzAToA4wEwAAALqn8mZyU7KHnvSHHqHWP6nL8V/9h7joVyf+xC4ymRJxNBcAVQLMBKgDzAQAAIDuqUIz+frrG3/56zvsVsLs7sCcSOJxdqnJlMBMQBUCMwHqADMBAACge6rQTKbkwoXP+W+GTAfMBFQhMBOgDjATAAAAuqdWzASAGgVmAtRBdTNJAwAAAFVGSmZcJh6Ph0Ihn8/ndru7u7uVLSwAwNyBmQB1UN1MAAAAgGoDfSYAaArMBKgDzAQAAIDugZkAoCkwE6AOMBMAAAC6B2YCgKbATIA6wEwAAADoHpgJAJoCMwHqADMBAACge2AmAGgKzASoA8wEAACA7qmMmVy+el1ZBEC18v+397bPbSN3vu/+CfsHnKrz/r7e1H29raILKk7RRRfn0uW5dMlFkxQVWfSIJkaUaVHCiCNKGMOmRRsWLZrIOTkn2cnDPiYnm2RPnubsJicPtcnenM3D3b2VvbvZTW6S2Zlknp/ur7sBEAQpWxIBmoK+n+qSgEajAQFN8vdhd0PBNleYCQgGmAkAAIDIMxkzeevt937+q9eRkE5EegtmAqYQmAkAAIDIMxkzAeDUAjMBwQAzAQAAEHlgJgCECswEBAPMBAAAQOSBmQAQKjATEAwwEwAAAJEHZgJAqMBMQDDATAAAAEQemAkAoQIzAcEAMwEAABB5YCYAhArMBAQDzAQAAEDkgZkAECowExAMMBMAAACRB2YCQKjATEAwTJuZMMbKLX9mSJTP0dGY5s8G00rXiM3QHYt1nAwty8ZpLIxl/VkeWsvJYNvGcc62Vc4GexIAnFZgJgCECswEBAPMBIHfSaGoMF/OcWJ9D8czk1SMleu6yTHScaa7nvQ4jnO2MBMAAgJmAkCowExAMEzOTHpN0oCmvcKXDcvq7taL5xO0nF6w4y+uCm0txpjydF5r0/nlKcfZqSiXS5lUfJaKsHy9zfO7bW05z79NjylN0y4r4ebx1KKhZhhLUbF0Mu4tJs1E3ynTz0SmLENMfpL2d/OstGlq+RQ/0IY4kNXNn0/yDSxWFlVQrKkUm5Zzwv0DgyEo0G+ZTbqwsbNpO6vXTsX5fSzv8EuvMMUtnBA3WlfnxMVOtHtWs5wRV56xc2W3GF1/fUflt+98SeZ0jJoS47eYdrHkQXttcTcztFoUty9FLUtslWbS2VlMzcg21kmJdiVbIzcTs1ES7ZNaAt/eaxZn/XaUF76Upbo2u3z3mGJ07U3y/BPni7wle8ykXctktY57Qfr1820av0SzKdt3HDNZTLGWOGebjq5e4i0zebHGd9oops/yP1sVVxIAMAzMBIBQgZmAYJicmYigvyjVxHGMuAjLJDJoowVl1smapcDRYI7PNIsKhXmyjAvfsF/PuPXwXfqIrLT4maViTiG7mDQTxd03pcpd4nG3HI9KBVxAyEzcDUyE0RRrstm4+1c0xro8EYcC8Xg8ru+apQuK3S3Wa5bUpmlobCZT37dKiX7QzxSueWwm0TZpe0nJat09k9SEd1TsOYG/NMP4BSqTPWtffHNlrq639evZRInMlx+0nI2rdUKn1XS+bJrtxAyTW6WZkJbEL/PwnxpY9rpOtV2YZR2xrxKPXyhp/AxZkleupqUX1YWvcgmhBlpKdIWZUGF1y6BDK3Y3R5fO3zDN4tMKm0nJs6W/u6NlFRaT5yYviFu/1VLpZOj8teU5uxJpJr0Wiw807Cy9RuLpxmYjX+btkg5+oVQX9fTtDgDgBWYCQKgEayYPCoVKYXnTnw1OAZM0E4rreA+GZS0+Rb6gWrdLFN0lr/IolXJk7E85MiSTsT4t0E7xK4Z1czHOdxroE2G+sVgt3vvhzZCVDHzZbPWLSTORUbJ7OP5LnoE4PR4F79f6mU4VvFppJs4W0qbk8pFH65weKBCv2nevNXgxRYeDxq9zpiaso1kkcWhXUg2nQEbcmuzgzbXE9Xd64brsvFO9gBSiJc1k6J5QphQMOmwq1m8ebMaJ/vdrqUrbc8K8qVj8BOKLN/npqfdE7sYcr7tV1qSZ2NptSc3gXS5OzbRc2xc9PFqWLEj2a4yq33458GXZjUNmstFiMS42HtrskucCatnS7f4yP0MAwBCjzaQ694cf+Yg/wgIAHJ3AzGTv5vO5+VWxdCtXqOz5YjgQdSZpJrLXgjSDftb37bg+NhuPPyXSAg9EXVWQo6ZoobtGcWm8JHovKG7tbgobiCn5PB/oRQGaKr+/PpvOz/El7wFFHXbOcDHvPBO3JHMFo+85Gt+W1VoVvmP6Eh15jvXNxI59kzCTR+KZtmGbSTnFSnW903XMhNtdwuo15fgoHseLyRwS6wAzca+4VBHyw6bBC7tm4obwHS2buKyae12PmbDGlYQtCrSaXHQPRy3du680h5S41+ZK2u7EKygt0WdiSalw7r40k4FZJVqWdqScTM1gqbJ0oeH6kx7/lTm8EaYWE/6eEM3b0rz1YF7KSaDL+/Dq9cbtfu8fmACjzQR9JgAEREBm0tsjG7n5wF67eWM1V3p+oACIOhM1EykAKWfqyM3FvgZ4CvjMRE5QEVrhDKBiafmlNRNe0S95QJ+JXKZiSkGElIN9JjKQc0uyg82ElxejjHhsDTM5IsNm4k4sSTkROR/Qxa8pn4ji7XOQjDQTp1/FFH0mJu+LEwybSfU8k10Ujcv2ZBU+mqtnKFnbTRibc8pyhs3B7jO5V81UjfbWYupsQm11UjOjzaRdSQ33mVCJzAxLiZIj6p8Z1WeiWYZHnwStgT6TTfSZAPB4YCYAhMr4ZtJbmK/kFvjsyQEe3hmn52Tl2WqBqp1XVTGqG0w/EzYTKQMsYc9XTs1II+C4o6r8ZuIsy7kB5oqcN2JDAVqxPy/lUX0mw8WOaiZioouEL8BMjsSwmVCMrhlmvXRBcfsK9mtshmXW7O+SGYvVt4y23sif5/PXXTMhtUiv2E8gSJxJeueZ0K0Rq7FhMzFKiYyqG1uqMqv0zYTKXE3KeSB6KZHMq3TE+vWy2hphDnyeSWLRyRtg2Ez4wkzcMPm8Gu88E955c0kh0xiun3frzLKa3m6qzmQVpw8kKf/2XZUpRcueZ3LB2NWLBf4errBYMl8zjSbmmQBwEDATAEJlXDPZWnluvvxC66E/n2ht1HJX1rbuHd1OdjdzH11V683GxvOFKxv+reCRPNhe92dNhAmbCY/tHMcQ6035iKHYbLJlR5YjzGRwp06CPz+JZZZ1HtpSxu3a3Dn+YCKtzXeXhSRSI+yV22K6iKfYUc3E6rXkc5PyG+0EzOSIDJtJx3kqmppyRzF1mZJvOu897Tp/UgKRzlctj5m0Kik5p4Ouf2dHjYlK5Cb7WWr19rCZWL22EuO3jw8I9JgJ3dbSOTnbpCuecMVbozFqNJfVMxYTTD7Xy8dIM2nXeffg8LO5yECUS9qI+i3+ihj5bC7SJ94xst+IXRBfJzkvnFSBdxqZzXIGz+YC4JHATAAIlXHNZO/Bw1xhbcufzdlSK7sPH+x1R338PpK1pcquP8/KLWFi/WFZuVLxZ4XPJM3ENM2E6CQZfLTvYzBNPi9FfkcOok1Xy7rSOrUY10vyUb+xeLIhnyYNAJh6JmMmX/yr77702a99+7s//sKXvv2jn/y/lPOJT33FXwiAKDKumRCPMhN/3qHo6mu5K2uNthO89vb37t/KLW3s3b9v8T6BtUKhsr61s3mj5upKrnAj99HVxtYLWy3+jWZuvqq/aPBhZqfVZ0hO5lcnGppN0kzk98f13SPN+2xzLVmo+7NB5KAbncz3ezgAACBAJmMmd+79sXfVfPDnzZufpPSXX/4OrZK06LdfMnY//eabb38opIXSxz/55c7Dz9HqV772t627n32x9Sm59d1336NV2pdsx1snANNJkGbS2Nqxk86/ADy2mdhzVwqVlU13TEvbdQy1WMmJR+8TpChygQpvOfPvTW21tis6avR1t8Cp44Ex4Z6TSZoJAAAA8ESYjJmQY7z22zfc1X/9t998/BNf/vVvXnvjzbd/9etXzf0///7f/ePLf/N/df/TFz4UZvKx//JF+vnDv/8Zrd5sferrL//gO9/7MQkMrX7pv3+PVn/2T7/46je+71YIwNQSpJnQgp0jLGIMM7Hptpv2k4g9ZpIrVNeckQ90CDlBnjLtLMtaKXKrcZObf6rYa64Vhh9LECYwEwAAAJFnMmZC/NFnvrpz66X//F+/RMskJO5oru7H/ptbhpbfe+992nTH/BOZ8+WvfO+VV34rl2/f/Sz9/NwXvvU33/pf7i4ATDlTbSbEVVst+mZSKFSubdtzV9aWKntiwWsmG88GcNwTDWnJmuF0IU0KmAkAAIDIMzEzkfzil698/BNf9pqJd6AXZcpNrq7Q8s//9de//s1rMsnMV197/Vb7M1/9OvpMwAlg2s0kV5D/VWDfNZOVhUruWXtii2c0V99MTG312vak4/Jpojfh3hIJzAQAAEDkmbCZfCg6Rgb6TMQILneT7DNxzeQvv/ydX/36VbeAy1tvv9ManLsCwHQyjWaytboqB2IVllZdw9haqVLOXbH88O4O/28nC1XTee6X10yImxtrvIaF5xbV0zcD/sEdf85EgJkAAACIPJMxEzKNb3/3x5TM/T//6T/8C+UYu5/+3vf/b7KO373+Zvv+n37nez/+5v/8e3eeiXeI186tP3rps1+jvT7+iS/T6p/+xV//7J9+8f2/+8eHHqUBYGoJwEz6E9+H0pGenQRONDATAAAAkWcyZgLAqSUAMwHAgpkAAAA4BcBMAAgVmAkIBpgJAACAyAMzASBUYCYgGGAmAAAAIg/MBIBQgZmAYICZAAAAiDwwEwBCBWYCggFmAgAAIPLATAAIFZgJCAaYCQAAgMgDMwEgVGAmIBhgJgAAACIPzASAUIGZgGCAmQAAAIg8MBMAQgVmAoIBZgIAACDywEwACBWYCQgGmAkAAIDIAzMBIFRgJiAYYCYAAAAiz2TM5PU33/VnATCtBNtcYSYgGGAmAAAAIs9kzASAUwvMBAQDzAQAAEDkgZkAECowExAMMBMAAACRB2YCQKjATEAwwEwAAABEHpgJAKECMwHBADMBAAAQeWAmAIQKzAQEA8wEAABA5IGZABAqMBMQDDATAAAAkQdmAkCowExAMMBMAAAARB6YCQChAjMBwQAzAQAAEHlgJgCECswEBAPMBAAAQOSBmQAQKjATEAwwEwAAAJFnms3kzr0/9mcBMMh77733/vvvu6s/+9nPPBunApgJCAaYCQAAgMjzZM2kefOTbvrEp77i2wozAY/l5Zdf/sY3viHlhCyl0+n4SzxpYCYgGKbHTBgn6c8dg/I5qjCr+bMBCJLaQpq33DPx1KWynWXW5ja6A4UAOBz6gmL4846Mef2CFuJb9UnlyZqJ5Hevv7lvfZ5++vIPaSaHLAaiyuc///m9vb133nmHfnr7T6YEmAkIhukxk1I+X1R1f+4YdHbU0kbbnwtAcOilVPJS2SSMprqQTpWCbMAAgACZBjP54l9917jzaVr49W9e+97f/vRu58+aNz/5oaMcf/fD/+fW7me85V/67NeowN7Dz739zruf+uOvyy6XN958+9133/vK1/6Wlq2Pf1GW/Msvf+c3r/x259ZLv/zlK7Qqt/7Z5/7GWxs46bz99tskJ9SYv/GNb/i3TQEwExAMkzST8jmWXjHNzRJjLHWp1tkp8y+bZ2J6h291+0zoV7PXVmJ8Pe+oRfF8IjbDYrPJds9To9WiMlRhOhFjMcXoWpmzMaowkeHfXvf7TLQsU4paPkXrsdmU3LO7W6cKifQCulUmQWuZ7l2Lrnkyr1m9tpZP0t3QxO3tGLXi+SRvFXn7XrBzZVHgGZZWTbuCLkuUeNnrxZjnPtK9tTpNysks83ZUziTcFuWgZTe77XpetjqZRUfkDSymUHOiGliyJLKbTMk3RQOjxkM/G8tzqThviOUdXqNoohLRudcs1gYORC+nfJ1eIq2y21VH7Za3unNzYo2fSWqWV+ieydzTsqVzWvZOgrYm26cgS1evZV+0DG3U1Tlez4x9AfmfcM7usaES4jc/VvIMY2cS6VLDqdRGvcRfC8mL8hw63qoIdrlRotOml9GybnV0Oj35ggJBQbers8Xftega02qG3r7OiKstbqVsBkmWai5n6DbR7TPlm15Hp7YSS6SL4l1Rtnx5p9yWL+8UtRbRAHm7cFu+YXfjidtNtZy+970nbiZkFHvdv3j1tdc/FGZys/UpdxOZyU//4V/IQ0g53ExpL+7qh54+kxdbn/rrb/7wQ9EJ81/+6K/ee+99MpNPfvqrcutPfvrP3/r239PC9//uH2nZ2RuceI5kJqQHex5o1V8iaGAmIBgmbCaEcrFm6lxOWGrRNGqZWf7haw2aCcVC/GvoKv9gppwSRXezWc20zI2szHHgZkIVGqaZEmFcc9cUFbKqOWgmtFQ3qEKFli5RnkG/NRHzUk5mDWNvQoeipYwI5E01nVq2g3BlcPyeG5bR3ZExf14hH+HDW7q1jHrPU7SnJUUltMviTZ7RLChsRpEbGZvrl7Q01zeciK0PD+h31ZRoVEYpUTrP4lf44XwDC51wn2OupEu36Vc1LdotNbx2p1u7aLc1vrtjJvWLrGWLtMku1uWZyHV5JvSzKdetllJ0FgXyRUFol5gpSiqXNNuDjJK8kkTpHOseYCYssShzaN+yR3roz+wLlcFfW3KRqhInSYdOyBy6pFmNvzTolmkD3wiAsaDbZcjr2WvSO5tYomvMb4THTPh9lzny5jJlTmTw+2J4Wj7f5LR8eae8ZuK2fGqgtJBgdkmyaPHCOkU8cTMxdnlviYSsg1zCXd259ZJ++yV31WXf+ry5/+dvvf2OXHXNpPux/0aeI5fJcP7hH39OtVGdMucTn/qKO6fFexRwoiEtIcGQTkJ+ciQ58W8IB5gJCIaJm4kdJNGS/Fg1rsQ9QuIs2N85N5n4Ipk+VJNX5ec1NwpZm4CbiayQAjjG4rwEr5Bn+sxElG8WFfExf5urkaxi8SnmCwpBGFBsVHVCLR7ZC7wRvyXKOGZiiwG/m0/xCLt6nofgHlqumcibJ2KvOblt0Cu0/v3Vst4Y3ZJmYhnUBizRPnkl4nDyp0vWc57pGbFMB5Yl0ypfu2Q3Ud7iHDPJypICNpMdPhM6nBMcDpsJ/zbdEjVLM3HPnMedjifQcm1/tJn0KySJWnF6nqw2eZizPHDRxDI/KL0e3Bz7QEPXDYyDpzm1xBclHOkkXjOxS9hS0WaX7b4vbum7/ZZv8dYyZy857UpUytuFm2+/u/J2KNivpSqna7DraDOpzv3hRz7ij7BCgOziXufP3FWfmZBC/Olf/LUciOWDNKN9/0/l8uHN5Of/+mtapeQWAyedb37zm+4MeLIUasP+EqOYTG+JBGYCgmHiZmI7By3JBfG56zcTGXRK8WiJnNhsPP6UnezqnAKyHmEf/ENXVHiQmbR4JsVwIsetML7gH+4CAseJlgbCXBl+kS0mLqvmXtdjJk78JL5L7vJwmfc2aFmFzSQMk8fqrpnYbcX5VljsPmAmTnOyD93htbCmwYN1O6DXsmRNIiLn7kpBG283vRabvVCq651uP5Q0V9JloVXtSkrsa0oByCuy0Rp8R8dM6IT4FBSbzvCZEIkzvN3HzgoPuafXBXRmXUMVrwiWr/PwsX/1PH+yXKF6RppJ/1iDy17L8u7YD16dnJG3DIzPgJk4I/8eZyZa8oruNqauGIXo3pP+6+WxZpJc7LfIsd7OTx6jzWRSfSa32p95773+lGWfmUjlMO58+qvf+L6b6UKm8aYQjJZjJlRSjuZ69bXX3dFcrpn85Kf//MW/+q6zNwATIjAzud1q31h7IVeoPFu+sdV0+obBqeFEmAkfcTKTWtzioWRTrcra3AKynqOZieh7oQop5O3uGQ33C2UQGiPDXBF+tVimJvtDKL6XWzxmwke8ZJdLcuQJlbfLbuUfbybdthig7/cB3gYyYopFr+lE4a34QjG/ZZcpLsRl1f3RMqL98FFfKSeO52PA+ICrxkKSzcTa3Vb1mXjsnBis5RnN5QzAkvjPhH5dsDuS/JTFMC0Xr5lQ/e5orsUEL9a4zNhTdkeH09Q9I8euyv6WrnCxwdFcrbIbAVNV9mgumEnIHMtMLHoPlDmS45mJO3jvFPIEzYScwfvUYPKQkWbie3LXG2++ffPOp6n811/+gcz50n//Hq2Spbz//gd/8z//l28GvGsmxLe+8yPaevvuZ//91d+5mQCESmBmQk7iTWt1+eEMTgsnwkys22KuvI0IOm2ObSZ8eoALoq4JMDLMleEXY0pG1Y0tVZlV5JYBM+ExGZOjnsSMo4xpGomY8lgzoXhdjGLy+4CYW6G0TTN7NuZG4UxR7JFL+3VFEa1lv85SRc0w66ULin2eCbJZ+XWzOzFgBO4M+Ht1Fr+g7xrNej1ZaAyfCZ/W7yAnQLu0q+JhxMyepj9gJvyCxC+UtLZet6NVMUpR3+Wn6oSeGl3Mmt7WxMlzydnMsvPC6jsanZWxqxcLXM9ayym3KtkdBDMJm+OZSeksy6t1fbNeW857S1pHMRO9lEjm1bbeqF8vq6fsnj5BMwHgNBCAmUgV0V8ceHNaXFqlTG8OiDaTNBMAjoc7HXzaiM8wdZOPsWleL+fPz/k3P46EmBklqZ73eM5+3elG4vQHXB0B7wguAADMBIBwGddMSEiuLt/w5woo36crh2fl2WphvpKbV9U6nut/MoCZgCmma+7q6lxcfpcfPbKz/GlyRFuvOc9okrTY2azsnSk9c7w/H2YCwAAwEwBCZVwzWSyt3tn1PoOzD+XT1m73oX/DY9ndzH10Va03GxvPF65s+LeCR/Jge92fNRFgJmCKafPRTOJ/PkSTtib/m0ksnpSTQFzkvxxh/D9RHKPDxIKZAOADZgJAqIxrJrlC5cWbd+SALjfzWmXdzd/Qtj3FD8XaUmXXnxciG89GbdTZypUn8BfBTAAAAEQemAkAoRKAmVRXnx9pJjK/XOEPaTkSm+WK7v9vXHpOtYd1XStUFsXjL68V1NbmGj/0vHrzgdi2vZYrrm+qfIrLtY1b7s7rImfh2ubNPVmvvvKi9fAOf5LYXov/9J3/ieeBMb866f99BTMBAAAQeWAmAITKuGayvrEtPWTYTIbzD01vYZ7vuLLpjiIYaSZ9gSnIo2xzUbF3qKrrYlSDvqJuSm/pGSsLFZmXK6jXtmUur0cuRIoHxoR7TmAmAAAAIg/MBIBQGddMiHv39krP1rwGcv1Gg1Yp/7hmYtNtN3Pzq2JxtJm4JbdUMQCMm4n7Typ0WWzJewLbaysv9jdJImkme821woL4TwuTAmYCAAAg8sBMAAiVAMyE6HYfaps73hz5VK4xzYSYt3d/nJlUhsykt3OKzaRHWrJm2J1CkwFmAgAAIPLATAAIlWDM5CDGN5NcQRW/27mrL4iFXs5jJltOfOsdzSWf3r9VcUZzVdUN+bAaz2gur5msLo51htMH1xJ/XvjATAAAAEQemAkAoRKkmTxbvuFVkXsmH811jBnwW6t8wjqlwtKq+7X/zTofMLZwbXNtqW8mNzeGZsAXqnK+u3cGfENUuHDt+e179gx4r5lYD26Nb1BTxIM7/pyJADMBAAAQeSZjJq+/+a4/C4BpJdjmGqSZuFPevWl7p28IwTJiFNbAPBMwUWAmAAAAIs9kzORX//7mz3/1OhLSiUjUXP0teAyCNJMJAzOZKmAmAAAAIs9kzASAUwvMBAQDzAQAAEDkgZkAECon2EzAVAEzAQAAEHlgJgCECswEBAPMBAAAQOSBmQAQKjATEAwwEwAAAJEHZgJAqMBMQDDATAAAAEQemAkAoQIzAcEAMwEAABB5YCYAhArMBAQDzAQAAEDkgZkAECowExAMMBMAAACRB2YCQKjATEAwwEwAAABEHpgJAKECMwHBADMBAAAQeWAmAIQKzAQEA8wEAABA5IGZABAqMBMQDDATAAAAkWdiZvIHL736Hz/2yu8/+A0S0jQnaqj+tjseMBMQDDATAAAAkWcyZvKDX703HAIiIU1noubqb8FjADMBwQAzAQAAEHkmYyboLUE6QYmaq78FjwHMBAQDzAQAAEDkmYyZDAd/SEjTnPwteAxgJiAYYCYAAAAiD8wECWk4+VvwGMBMQDDATAAAAEQemAkS0nDyt+AxgJmAYICZAAAAiDwwEySk4eRvwWMAMwHBADMBAAAQeWAmSEjDyd+CxwBmAoLhRJsJY6zc8mcCcHj0xbhsQUnGfJsAAFECZoKENJz8LXgMYCYgGCZpJmwQ/+ajAzOJGPr1YmyGt43403Nd/8ZQ0BcUQyzATACINjATJKTh5G/BYwAzAcEwSTMxHcppxmZS/s1HB2YSJeIzine1dlGZ5L2FmQAQbWAmSEjDyd+CxwBmAoJhkmbiQkaRqvCws1bKpJ5S+Gq+LjdRgFjbt1KzseymZbXKjGXMzaLoYOm2tXL8DC3Gyk3TrUeaSWs5FUgnDAgNLev0lbGsRusdo6bE6GYq7Z7Y3mtmap2BPShnraswJb9lZyScW5w+y/dUd+zyLKWWzid4XU/P2TmXG5RDhTLLutXRaYHNxHRR3Lhe5KuM5TfaljitA0ZzdagR8jqTGVppb/BGSPXbB22V1V2rVZujTK1NW/O8Xc4GINsAgJCAmSAhDSd/Cx4DmAkIhombSUsliZhJy5XmSrmut62eSYFdsclzkiJqTF/KN0xpJhTxJfL5kti1bnS6XaPEM89XLWEmpDHcbBgbjGrBlFKc9d8pdq5sWWb1PBcDahvN3U631yV94ZueWjTVNJvhbkBOoRSa1n49M2MrhHZJYQneMJgrFfua1B7GEjKjWVCymj0ujLE5u5ggK+o5yExcC+Ls1xNX5JivDh2UL1HLdEQqzewaSKWSVyfZzQMAOAIwEySk4eRvwWMAMwHBMGEzSYlZBG5sKvpM4sIsZEgpzEQuWbaZOGVFnwn/GlvAw1kekiqz9CNZknEjmHKaxaxm3/zurhaPi7tJt9KsplmSMulOyq32/eWr3fpFZgrHMHjnWFJKC6dVljrRz3GW5e68yHLSaUy0iR/C6XnjWAebiVuDNVgJHZQ3T/lTkO3v2Oo3XQAOpCWbX3IZHjtRRptJ4/nr1ao/whqD4cgPaTj9B+uV37z1wQcffvjGux8kPvfacAFKlP/Vf3l3OP+g9ONX3hvORHps8rfgMYCZgGCYqJn0xEeyMmev7jfEB3Qsn+eDYR5tJq0KH6/FziTyeT6ExjUTm3N2RAumGbfDpKNlFcaaBh+Vx2/lrpqSZqIUZUn7/sqWsJUn88wrvCWMbSYdNpMwTJMacvkczAQ8Ebp1QeP2ZJ7yAGxGmwn6TJ5E+s8/fuuv//XdZ19+/Y9++jb7k2DM5NW3P5ALD3741vBWpIOSvwWPAcwEBMMkzYRPBXim2nLmwcupB+lK29o3HmsmFEcSja5l1sWEBcdMyi1LRLnM/TIeTCfdzax7j/jdzNT4Uq8pbmWb1ITW5Jyi2Ll8a+UCO8NdRULmyS6KmUj7/G7LzFqG+UdzdZzRXAeZSaucqdnhoDKqz8S82Wju8gKDo7k0dzQXHVSO5oKZAHCygJlMT/rhr9/7g5de9eb89p0Pdr73Ji38px+9VfjK735fmMk3/+3dd9//8BdvvH/9m2/IYt/+Bc8hPvajt373zgdvv//hX/3zO24N9PP/+MJv5Y2QtSE9Nnlb75jATEAwTNJMZPeGC0WEaT5LmSUy5frFx5iJ1WvVLvGN+Y02RY1eM+E0eUTbknOpwRTimQDP72+vreV5J1i+3rYtomcoF4WrjIJ8oOm5uRnfDHiWLdoz4PN2zkFmYln5pxVZsnF5hJlkZ1nsglQm054BL+o0m7wpemfAw0wAOFnATKYn/W//9d9JMN5494P/80u/lTkjzeSffvs+LZz/y9/+8g27P+T/e9NeeOd9fqnZn7z2s9d4GVmDXPgRhnUdJflb8BjATEAwTNJMAHgE2Tgrqg37udJ5+xkJklLC04MxhHc0FwAAjARmMlWJnOQr//wO+cl/sF75/QPM5Os/t0dzubLxE2dh2EOGc5AOk/wteAzCNJN7tx76s0BkgZmAaaZtmoZWVB7ZFwEzAQA8FpjJFKbFr71OKvL7HjP5zD+87ZrJt/7NbyaP8JDhHKTDJH8LHoOwzGSzouZKq4t1/qT/CZMrrPmzQPjATAAAAEQemMn0pP8hpr+TgfzyjQ9SX+ADun791gc/eeW9C1/87RvvfuCayTvvf5j/yu9+8Kv3XnnLbx3DHuLmfPVf3q1/643//VMD81iQDkr+FjwGoZjJ9o1abl59aOnHNJP2Zq5QWdqw/wueZKFQubbtzTiQI5nJykJlz58HjgPMBAAAQOSBmUxP+ua/vSsv17d/YfeKbH33jd+89cF7H3z48O/7o7lo2TcDfthDhnNIdT748EPt2/YuSI9Og+13LMY1k/n5ClnEQCo+d8uUw7iObybLlRu5wnP9nJ6xtLIemJno67v+rAjxwJhffQL/lQNmAgAAIPLATJCQhpO/BY/BmGZiDGrJ6t09b8Spz6sv3Lx39OcctTevNXaW5ytuRveFG+v6ZlBmolfVKJuJZa1c6V+6iQEzAQAAEHlgJkhIw8nfgsdgTDPRB83EpwRi68LGYOYhaAsJeXFd1YXVmC8sFSrW9po0E7KUwtLarXt3lz9a2RLx7W69uqaqqxs7+n2+Kk/j2kKlJXtuHui5j9b0F2/Oz1cKqm719leXKjfv39+7z0uvLckgvk0LhflqY2tHvVKpycd/9ozc0joVa22tFdSmyDoxkJxMuOcEZgIAACDywEyQkIaTvwWPwZhmEtZoLikhufkb9LN2pVJYMVwzGS5GZmK7hIDMhLRk64G9ulJ0OhDam4sFvkwS4vaZeM3krlMuRwIjqt1yiuUKVWfxpNDba9zY2J3c09FgJgAAACIPzAQJaTj5W/AYjGsmlgjupZPcffjw1tam+uxztHxzrze+mfCuEj73/TkuHq6Z7N1aX60VhBG5ZuIqhMUtgp+Au7o0KE7WwWbi5NlmsqetrjmnnyuuO1tPBnvNtcLCgf9vLgxgJgAAACIPzAQJaTj5W/AYBGAm1+ygf6BXYaynBjtm0m3U1u8Z9kO6bDPZJ0mQg7ys2xsHmMmaZZm5BXtoWb/PxOGQZkJcLYo/bWF1cl0PQUBasmY4fUaTAmYCAAAg8sBMkJCGk78Fj0EAZqJXVbc7YoBj/6dFx0zoHYCq7cpFp8+EchZWmq0Xm7krzx1sJtaD7TXbix7ouXm1sbWzXruxdGWVMlo3nrt6Q2/dv9N9jJncnK/ecjJPDHvNG5PXEgtmAgAA4BQAM0FCGk7+FjwGAZiJ9eJ6QZjJFh/BFQR9M7EKrvA4ZrJdW+WTW+bVuw9bjzATYTXPrd7mp9RYXaXTK3y0urQqJrL3TDkY7O5jzIR7kUyF0rqzdep5cMefMxFgJgAAACIPzAQJaTj5W/AYBGEmxMO7q6ubQYnJlLBYUPsrzRvunBMwEpgJAACAyAMzQUIaTv4WPAYBmUkUURcq6y/e2bt//+6tmyPGqoFBYCYAAAAiD8wECWk4+VvwGMBMDmbv1rycAV9U12/u+beCQWAmAAAAIs9kzOQ/fuyV4eAPCawb8ScAACSlSURBVGk6EzVXfwseA5gJCIbAzWQfAAAAmDIeCDoC0zTv3Lmj67qmaTdu3PBHWGPwg1+9Nxz/ISFNZ6Lm6m/BYwAzAcEQuJkAAAAA08Zk+kyIP3jpVfScIE1/oobqb7vjATMBwQAzAQAAEHkmZiYAnE5gJiAYYCYAAAAiD8wEgFCBmYBggJkAAACIPDATAEIFZgKCAWYCAAAg8sBMAAgVmAkIBpgJAACAyAMzASBUYCYgGGAmAAAAIg/MBIBQgZmAYICZAAAAiDwwEwBCBWYCggFmAgAAIPLATAAIFZgJCAaYCQAAgMgDMwEgVGAmIBhgJgAAACIPzASAUIGZgGCAmQAAAIg8MBMAQgVmAoIBZgIAACDywEwACBWYCQgGmAkAAIDIAzMBIFRgJiAYYCYAAAAiD8wEgFCBmYBgmFozaeTjjLGWZWlZ+p3kWfsNxmL+cseipaZYPM+XgqsTjIXZiNFtLumxeLHZ8288iNZyUvPnPZ5YPN84XEMeLkmtsTWQcRyOcdr0IvBngVOBnlJ5i3PajL06JovxmKwnJt8GTwcwEwBCBWYCgmGSZkIfrszlXNm/eZDOjlrM80/NvplYnXy+NFjKDxXNOkGfOFyyPPJzvK0VVV0sPb5OEDpmNX2syPsYIf6Y9M2kXZuLs6LaNE1Tr5dZfK7WHix6MMc4bZhJlKBWpNZtGre7/s2jOHybSQ40FS25PPId8DQCMwEgVGAmIBgmbibJxR2Ts3eoz2NrwEwez2HNBEwVrfJgOHVYDh+uBYVrJqkYS12RcsvRr6TYbNZdfTTHOG2YSZQ4Rs/b4dsMzOQgYCYAhArMBATD5M2krwqtMolEPK7ITpTU0wm3Q4U2ls/xBc1rJqI8/e5u5uMzTtHBcJAdYCZOaY41qk7LKPUPn1J5Di+UFuuHjTjBI6DbUc7G1XrdtKzqXDq/XDd3dcYSdD/NnUW6VaSrFr9T8gZ22Uy8vtko58vewV3pfLmut/Xr2UTJkHUq8YRhmqULij3IpaUqF0qmaSRmmCJq8gZqsqfOPkSrHI/HqTaNdpZlek12NlsTOVmt0y9pddhMom2a2bMxZVbhx9nKa+Kl0FzOUPuIJ3kL6a5lDNFq4meSdEptvUZnwI9TSTGm6LtmeS4hq7WjzNvl+GVR/fCZ7DfoTHgd14ssxc/ZMZMOi6XEgg1VnrxUbmzW1YUiraZmGK9neY7+fH4kMJX4zaRVzpfy6cuqaWgssZh4pkQ3Ub2oiDZuq4VjJo5pOO2c7rVs5y4jzaSYzpTUJq9/JmOJ5iTz7Te3Lb6dXoAXZpn8xijJkvF4ul6v92s6+cBMAAgVmAkIhombiQ3/XBRWIIPFOVp4apF/EFsGE9NLHmEmshZRpUkLDfcAgwYiGOgzEVWNrtNXyF1oHXrOA3g03EyGvr2luyy29ftMpAy0KyntkVdeNhuqs8p1RuQoxaa3b6GnZWfs1mLnDJlJesXeWYZ9aspTknEBkCVbV5POyXRrGbtx8jWzmt/iv5NsTmzV6A+kVtOUZZ2T4dNnbts5ZDGWPNxtNfa0EGC+7j8Tu34BLXdFVdrlONmamy8Z7E7UkledS9zT4lfE6wlMH/KNSOJrip7OsZZofaPNxFPMku3cxTNkluPrM5E7+s3ERbMt53h9mFPOaDOpzv3hRz7ij7AAAEcHZgKCYeJmYo/m4jVJMxEfhfyT+pL8TGyxx5mJ/MSVddKCN96l1cx1MVrMNPUr/T6TUiYl9zqoTss0aqVMbMYuw3NcRQFB4B2O0tbKc0/zJxzYV3jITPxfKjuUL6Xi8RjfzTETt065oyeiasn4/hFm4u1e02Qj7MObx/DJyOWiIurczEpjscO7VplWvYUdM+l/py1Phnf1zLLijpM76kycbXaF9rk9U3PzJQORpace/joa/CodTA+aZ54JNxLPjTukmXhbtddjLbHJqZtYlOWN68V0sv+K85sJvfstpMXrSpjSqTKTxvPXq1V/hAUAODowExAMkzcT32iuvpnYH86PNxP5paAoPKLPxBvkycOJGtKW81XlyDpFlaJOV0hgJoHStwizmladb4jl171DZuLppuhTPc+cDpJ+n4m66+TIPhP3++MRfSbdR5uJL8KzPCfjtjHtkqfPpNdMLjQ7Ri2RSHTu1bOzPHOUmYzqM7GsxYQz4GroTLy9N26fCS13apmyU5VksM+kgT6TE4FfvI9uJv12Prhs+aVClG8WZecekRplJkzJyzGTvK9SFDtFZoLRXAAEBMwEBMPkzaQ/A/64ZiI3LW61dZWP8vdOpe9X4xzOayapmQPr5BvEQkl0rvBNMJNA6ZtJq5yp2TfNnlYxZCaWUcrU+hMlzJtcDWSMzuk1XTOxJafXVAp8FJWWVQwRY1EQLyax2KGYzHq0mRilxFDcL4o0i1lNHHmfqueNs3HZrjOTiMUSmc5WkdGvZT4hfthMaJeELQkdluAPgrMvxe2SPYZn6Ezop/vXJ5xQUqx12CyfT2KZRmOLPwssMxCVdlliUS7Rny9mKYBpZHwzcdu5xVspb+cuI8xEyy7etNfle5rfTOyRtJaaPn19JjATAAICZgKCYeJm4kAx4nHNhNNuKDHGzsT1wXm+/Wrsw8kumk6CF0509usUyY2ss7NVSlOhmZje6dpHgZkESt9MLCv/NL97ytN5O8QfNhPSAXWOyTKmlZ0VvSW9Nt+NsXy97ZpJt63FZngxu2pqORn+LIM51WkaHV0O0stv2HsdZCZEfSGdOENlY/kVHqq5J6PlubBSDRTxi5iyw1KLvrYnGTYTwmzyZqY8PSdX3cOVzomJTCPPRByRGm1bBKBuVZ2NubmNTuOywmIXREY3fZZflNhZ7t50JPpjY7OpOfuh2GAaEW8tNtwQjm4mltPO6V77muEIMyGDFY0kkSnL7jifmejLGd7szyTMlipPBGYCADgqMBMQDJM0kymhY5oU6VLsyueiXOXxn78EiDQeex0HcqKyNKVUBv8SB5wkfGZySoCZABAqMBMQDKfQTOyOm4t151vLgbEQINLw56yy8+4DvQA4dRhmW+GzsuzXgn9zdIGZABAqMBMQDKfQTAAAAJw2YCYAhMrYZmIa6sqaTKYzkW67viFztu8NPRYHRBSYCQAAgMgDMwEgVMY1k916NVeoyLTmPHZzYd7OWazzp76A0wDMBAAAQOSBmQAQKoGZyaCE9EZlHhUzd+V5fx6YVmAmAAAAIg/MBIBQCcJM5tXllRvkIdeaeyKvV+Baos7Pj2UmelVdebbizwXTCswEAABA5IGZABAq45rJ3fWquv3AtRFa2GuuSUt5sL22uH7Xv8Mh6RlqsbKnrTYQwZ4QYCYAAAAiD8wEgFAZ10w8SDnhyek8OT6Na5Xcs1uWtZ+7+oKdtb1Wq1fVenNL/HuotaWKurHT2FjPLW3uimn2taXnGi/e2btj0Am49YCJATMBAAAQeWAmAIRKgGZitW7Yc04e+rccmaVCZfkFHrwWCs/ZWdtruYU1t0CuYD89veCUdFm/WjluTw04PjATAAAAkQdmAkCojG0mPTvElIO4llduOMO6ON1jPjT4jjQcmXRZyfbaWn/SCu8Y6SdVp6y7W8/PL9g5zkPCwOSAmQAAAIg8MBMAQmVcMwljBry+oooRW5I7uWs7XctnJvdzS5v9IsTtjaUN+98xb5ZhJk8AmAkAAIDIAzMBIFSCMBO778LuJ7Gc/pPccZ8avDw/MFEkV1hdN31mYnkPx9HXlpt2B83SPMzkCQAzAQAAEHlgJgCESnBmMt9XhQfb45iJ2Z/1Lth4tsL/scmgmVi9vcWPqvwQ6qYuOkuuLfHVwpXag0YNZjJ5YCYAAAAiD8wEgFAZ10ws01BX1mQynVkl2/UNmbN975gTTcCJA2YCAAAg8sBMAAiVsc0EAEHgZrIPAAAATBkPBB2BaZp37tzRdV3TtBs3bvgjLADA0YGZgGAI3EwAAACAaQN9JgCECswEBAPMBAAAQOSBmQAQKjATEAwwEwAAAJEHZgJAqMBMQDDATAAAAEQemAkAoQIzAcEAMwEAABB5YCYAhArMBAQDzAQAAEDkgZkAECowExAMMBMAAACRB2YCQKjATEAwwEwAAABEHpgJAKECMwHBADMBAAAQeWAmAIQKzAQEA8wEAABA5IGZABAqMBMQDDATAAAAkQdmAkCowExAMMBMAAAARB6YCQChAjMBwQAzAQAAEHlgJgCECswEBAPMBAAAQOSBmQAQKjATEAwwEwAAAJEHZgJAqMBMQDCcYDPZbzAWo9/lc4zQ/JsfBZVPLre8OY+oJEkbsiO3gMnSNWIzdDNiHSdDy7KBu3hE6L76szy0lpPB3vXjnG2rjKYHHoFZu9DYP2I7GSpMTX30a2Go5IkGZgJAqMBMQDCcYDOxOvl8yXqkVBwEzOQkUlSYL+c4sb6H0dGYw0Fmkoqxcl03OUY6znTXkx7Hcc42WqEhCIsjtZOhwjATf4QFADg6MBMQDJM0E4r+41eMzk6ZQv3Msi5zCMtsxJgddBbPJygnvWB/HqqXUrSqJNPtntzKNSH+dKZ03aBPTb7vgFR086IAY7Fy05Q12PTMVDzGN8RTpjCT7EZb4Rksv9EerMRqqnN8ZSam7vCos28mppF6SuGbzsTbXU/l4BBQ9NMym7EZFjubtrN6bXlTyuI6K0xxCyfEndXljYgl6O43yxm+TJwru8Uo1td3VMpLnOeOSnSMGr+tMUU2GH7QXlv0tGQsp/2k8prcKqOxzs5iakY2v05qlp+PbH7cTMxGSTTI0qZoTr1mcdZvR3nhS1mqa7PLd48phtM25Pknzhc13sT6ZtKuZbJax70g/fr5No1fotmU7TtOaLiYYi1xzjYdXb40khdrfKeNYvos/7NliwVTDrUW4/pc8gy9kyRMcVuTLFluWZSTWeOth24ov7mXVFG8IxsSvXd1+/eapfN1y/VnVyEGX1N9vA2GCm9Qy07zSkoNWYlrJrJy+9CPrfZEATMBIFRgJiAYJmwmbDYeF6EY80hFdtZe7W7m7W1MxnCGu2rQ2n7dXWUX6yPNpF/AE+YS6tPCQgRdYSbKrHAMp6SnkpZbUm7qm4lR6m9JyaABHBaKfuLxuL5rli4oZRmh95oltWkaGpvJ1PetUqIf9DMlz3/OJNombS8pWa27Z5Ka8I6Kvb4UUqyvxC9QmexZxse0kDyuzNX1tn49myjxJkMHLWfjap3gJpzOl02znZhhcquMxkhL4pf5/W0Wlex1nWq7MMs6Yl8lHr9Q0vgZsiSvXE1LL6rneZDHJYQ3ikRXxJpUWN0y6NCKHc116fwN0yw+rbCZlDxb+rs7WlYRoxDdC+LWb7VUOhk6f215zq5Ehoa9FosPfKXNXzLxdGOzkS83Lf6HKBdKdVHPQLMH0wm1FmpY/EbTi+EydwMyk+JytqjW9XvUhskZFEO0atLRViUlXwi1Zf6iUPi91sxdPbMolMRvJv3XlOeAgw2mVVboffiZErU8RbyFumZCh6bK3UOPrLY+1ofAkwRmAkCowExAMEzaTFimJuqgpWLT9oG5DfE93O0SfTwmr/KgdfEpptBms0pb89d5TMlp8u8RS5ozImaEmbhwu/COnKFV9d7AqjNAqyFLupVol/gZucWq5qjRXBRjOp084JBQ9FO1OwZavuvJOxwoY7+WqQnraBZJHNqVFA/ZBBlxtbND15zuAw/MOV123qleQArRkmYyNIKKx2FCMOiwqVi/L4LNONH/fi1VaXtOmDcPi59AfPEmPz27LW3M8bpbZU2aSdE+F6kZPGR0aqZlava8h0fLkgXJr51H1W+3f74su3H419stFuNi46HNLnkuoJYt3e4v8zME0423JafFMn/rc8aX8q89duWiwS43SH3JTFwd5xa67LT6YTNxGHyxDDaYVjm94rwUxe6umdChnUL80COr9eWcIGAmAIQKzAQEw8TNxP5ck0sDUiHC/dhsPP6USAs8LjVv1ngJRzPamt1rwb9oHDIT/uUiY+lL+XyeD37wRKQjRMWJA+xNbiV8YSZmn8NT8epu30xE306Mas9f4CN8PPWBx2OHUGJRXs9yipXqeqfbD3cUlrB6TTk+isfxYjKHxPIHWxzvzA2pIgpjTYMXds3EjaM6WjZxWTX3uh4zYY0rCVsUaDW56B6OWrp3X2kOKTHkxlxJy8CwWVBaos/EklLRjyy5mQzMKtGytCPlZGoGS5WlCw3Xz8NDJ0vm8EaeWkz4e0I07ywpbz3DoSSYQrwtWS57bz3/+qbfEG0l0Zbn2EzcLtE104lYcoE3wwEz6bW8rym7sNh7YFqdp5EMmUnGPTI/tFNy+KV6EoGZABAqMBMQDBM3k7T8nph5+kzsT7qbi/GhielEd5cP4nK/+TabXEj45+iQmfAFMQpoSEX4KK+aZ4A0O9hMahnW/+5c4JoJ/U6r4uzRZ3J0hs3EnViScsIdPqCLX1s+EcXb5yAZaSZOv4op+kxMukNyfdhMqueZ/KK4cdmerMJbUc9QsrabuH1lkmFzsPtM7lUzVaO9tZg6m1BbndTMaDNpV1LDfSZUIjPDUqLkiPpnRvWZaJbh0SdBa+Ar8E30mZwwRvaZeMwk2b+hHrSs4hlJRe9pvOENmEmz6H1NuUX9DeZRZsKbbh+n5PBL9SQCMwEgVGAmIBgmbSYzQisEdo53INZtaR0cEVf2V3m8JnxAMrLPhH8uO9vZYCdJMe5sEbuwg83Esjr9ok7QID+N0+7Jp3jnTL92cAiGzYRidM0w66ULihvu7NeohchJwBa/TbH6ltHWG/nzfNC8G8+RWsjhKNQiEmeS3nkmdOvFamzYTIxSIqPqxpbKpxi5ZkJlriblPBC9lEjmVTpi/XpZbY0wBz7PJLHo5A0wbCZ8YSZumHxejXeeCe+8uaSQaQzXz7t1ZllNbzdVZ7KKExom5d++qzKlaMnuu/gFY1cvFvgMeIXFkvmaaTQxz+REQK2F37CBeSb9iN9cy9Arorap1+tqftNqFJJzy7wThc/9oHehBbWht9t6nc2K1us1k/269zXVP56vwRxsJnTo+DMl99BuyREv1RMIzASAUIGZgGCYtJmcKzU3+Ygs77O5vJ908gEysdlkiw6134yfESKQ5+GX1arLp2llSg3+bKUhM7F6Lflco/xGOzFoJla3LauSD4ZijzITq10vyvny8afnLI+ZdLb4mScyZb3DO2GcqsGhGDYT+ZQ2up5qyg13ukzJN52uBroR4j6wdL5qecykVUnJOR0U63d21JioRG7SxNz0fL09bCZWjz+NjZpHdzPrNRNqNqVzcrZJVz6YiJqfMWo0l9UzFhNMPtfLx0gzadf5Ex2Gn81FBqJc0kbUb/E+wZHP5iJ94t+j7zdiF8RrwWzKV0qqIAY9NssZPJvr5ECtRVfn+JPc+s/mGoj46fbyhngmrt2zWmtz8rlYqUv81qeT4l0wpjRED+CAmQy+pvrVWYMN5mAzIeaeFvWLQ4+sFmYCABgJzAQEw6TN5AR/roHQ6WpZ8dCsqca4XpKP+o3Fkw2hHAAcieFxiWACwEwACBWYCQgGmAmYEqhxJPNoHSD6wEyeCDATAEIFZgKCYZJmAgAAADwRYCYAhArMBAQDvTvDTAAAAEQbmAkAoQIzAcEDMwEAABBJYCYAhArMBAQPzAQAAEAkgZkAECqBmUmhUMkNJX8hcDqAmQAAAIgkMBMAQiUgM2k9Tx6yvLKmuunZ53IF/q8Djktvr9UszHO9WVrZ1OW/XD4ca0uVzVt3t27v5wrqSjhPDs3Ni38FAA4AZgIAACCSwEwACJWAzGR7zddDcqv2XG5pc6u2oR8rBN1aUanCa7UXGpubhfna5gN/gUcw75xJbv652sA/yQuM3PwNfxbwADMBAAAQSWAmAIRKAGay93yNj92af67fYbLCRWX1NknC6vpRujtszBdy5eZRZGSA8fpqDqQQTrWRBGYCAAAgksBMAAiVAMyEd4+QmVR2vJmUo9PPpc1db+7h2K1XyWqG2VpdpWrnS+uNuw9lTm7phXV1lQ/6Kj6317OsfWOtzMvIDhxSlDXxn5X3bm56Zr+sWZaeU3WnVn2xLv/9sr7yorV8Rc09u0UrD+/qCwu8/OYdfqztlarcnW/jNa/Jneno80WyMvUmPzznWqFiNjeoZMFznqcNmAkAAIBIAjMBIFQCMJORc9+5G7Q3RwrGY1lbqgz7jLmxunpbRv/mxrMVXSxKAxE8yC1uyCW3z8Qxk/3cledFRmt1UZYfbSa5gupk9qG/Tpb1dsVIM9FXVHeY2cpCRXYOkZlsyUxjwx1XdtqAmQAAAIgkMBMAQmVsM+kZw07CU7lJ/uAvfDhox21/nrVS9NTW3lzS7luevgvv8pCZ3M8tbYqMx5iJsyDYu7W4yOe6ULomzmbYTJa84rG9tvIi/32tn6l7lk8XMBMAAACRBGYCQKiMayYPGmKSyVAic7h63Lj8Vm3EzPUxzIT3e9x98FCvVXPzctPjzOTW8wvzlfWd1t79+4swk6MDMwEAABBJYCYAhMq4ZnJtyElkemD1cuWmv/RheZArqFc37nizTG115cXh0VyHMhN1wTdMq527+oIcfLW7Vh02k7WlitPN0ntEn4leVTec+f3e0VxOKZjJiAQzAQAAcHKBmQAQKuOaiVqsjJzlvbd1Y4P3ahyX3l5rc8P+fybXb+6JvJsb/JFf86X1zTv29I5DmkltyVGmedUUSnOzXluwZ663h82Ejr5d4zPpF1d2VhdtMzGb65SzcU/WbB+rsboq69m+158BLxdgJiMTzAQAAMDJBWYCQKiMayYPdB6vj0xdf9knRK9dWFprbO1QWl9dLVTD+eeLwAPMBAAAQCSBmQAQKuOayfSzvVK55a702mOMMQOHBWYCAAAgksBMAAiV6JsJvY1cK/GnbBU+Wl1aecG/EYQAzAQAAEAkgZkAECqnwUzApIGZAAAAiCQwEwBCBWYCggdmAgAAIJLATAAIFZgJCB6YCQAAgEgCMwEgVGAmIHhgJgAAACIJzASAUIGZgOCBmQAAAIgkMBMAQuXll1+WWkILv+d//QFwLGAmAAAAIgnMBIBQ+exn/1iaCS38nv/1B8CxgJkAAACIJDATAELFGzT+nv/1B8CxgJkAAACIJDATAEIFZgKCB2YCAAAgksBMAAgVmAkIHpgJAACASAIzASBUYCYgeGAmAAAAIgnMBIBQgZmA4IGZAAAAiCQwEwBCBWYCgic6ZqJlGWP+zEOQpN2ymj8XgIOpLaSp1bAz8dSlsp1l1uY2ugOFAABPGpgJAKECMwHBAzOBmYAjoZdSyUtlkzCa6kI6VdL9JQAA0wHMBIBQgZmA4AnbTMrnWHrFNDdLFP+nLtU6O2X+ZfNMTO/wrdpyPp2MU0YyI757bpXJE2r7Vmo2lt3sV8KVo63ln1YYi2ltmddt14sxWo+nRE0eM7ldTs3Qwco8Rylq+ZQSY7HZlL3bbr14nstIKl+TOa6ZZGf5qWl2dSAAWsvJdq8Vm2HJvGb16BYm3TvYMWrOjbC1kJ0riwLPsLRq2hV0WaLEy14X99q5iXRjrU6TcjLLvB2VMwm3RTlo2U1qIXnZ6mQWHVHhtSjtnmgsyZLIbjIl3+zxJWqr9LOxPJeKUzlW3uE18jZhkxTFizVfC9nK1/d503X1tng+QaVj5+bEGj8Tas/eM5l7mp+IpGXvJGhrdK0csnT1WvZFy9BGXZ3j9czYF5D/CefsHpuk7eT8WMkzjJ1JpEsNp1Ib9VKK/w0X5Tl0vFUR7HKjRKcdS9AltTo6nV5CviQBOMnATAAIFZgJCJ4JmAmhXKyZOpcTllo0jVqGO0CatrbWyuqWwQNQxgVGmglfvpRvOMGpJaPDRLZumNUMyQkPwnjox1hz11QvUo7CC0kz6Wh8w2zWzeG7mSbf7RJFjgbfOpMyzTbfLat1RVQXv2KUUzy/fLt/UDA+FFtnRCBvqunUsh2EKzLEd6C7JDfQnZExf14hH6FWYXVrGfWep2hPS4pKaJfFmzyjWVDYjLj7fPe5fklLc32DzsHXI8YD+l01JRqSUUqUzvMGwPMHT8wJ9znmSrpEbcOspkW7JfVtd7q1i7bT8t0dM6lfZC1xXCrNLtblmch1eSb0synXrZZSdBYF8kVBaJeYKUoqlxxTNkryShKlc6x7gJmwxKLMoX3LHumhP7MvVLTi/GlUlThJOnRC5tAlFS8Lfss0+w8B4KQCMwEgVGAmIHgmYiZ2kERLMqA0rsSHo0AedEozUea8myyxo/2FdLPI9cP+JjvOc+6pMkd6yIBgeMZ3FRURxt3mdiTDUDVNJbMN+9C6OAS6SwKG4uOqNEwtyyN7gTfit0QZx0zsJsGbx1M8wq6e5yG4h5ZrJjKip31dIRlsUVo/6Ney3hjdkmZiGYtP8dOg9skrEYeTP12ynvNMzzhtTJZMq3ztEkte5VXz1umYSVaWFFADGz4TOhxvf5xhM+F9I5bHTNwz51bjeAIt1/ZHm0m/QpKoFVfu2+RhzvLARRPL/KBMKbo59oGGrhsAJ47RZlKd+8OPfMQfYQEAjg7MBATPRMzE1gpakgsiHqI4siUEg83l84rXTIZmfXDlkEFSiw8GkzlOdKUxOSRGeIggaQfBHjPhp3FOjO+i3TbcjTzyk700Ih9mEjCyl4DjCXNlGE13PHFZNfe6HjMRPV0ck7yxy8Nl3tugZRU2kzBMHqu7ZmI3B96Q7L18ZiJLikV+6A6vhTUNHqzbAb2WJWsSEXmTxNXar/F212ux2Qulut7p9s3EXElL121XUmJfUwoAtVpxFIPv6JgJnRCfgmLTGT4TInGGt7fYWeEh9/S6gM6sa3DNJvJ1Psqqf/U8f7JcoXpGmkn/WIPLXsvy7ihW+HVzc0beMjA2XXmXG7fxmISJMtpM0GcCQEDATEDwPEkzEZqhXG5YXZNbwlHMROqEM5pLRF2Oh/B1OS5o2EykCzmjudjFuhzNxY94W0yASWFsfZCMDHNFGN1imZqM0Si+HzITCiia2eWSGNLFy9tlt/KPN5Nu2+Rf+ft9gDeAjJhi0Ws6UXgrvlDMb9lligtxWbXs1rNEq6OffNSX2yr4GDA+4KqxkGQzsXa3VX0mHjsnBmt5RnMN9r35z4R+XbA7kvyUxTAtF6+ZUP3uaK7FBC/WuMzYU3ZHh9POPSPHrsr+lq5wscHRXOJVJhepKns0F8wERBGYCQChAjMBwfMkzYRiRIdU4mhm0lrm03kliizveEjjMpcOPpRlhJnwGQIuMoJ0jygzZXkQCCPDXBkW033LqLqxpSqzyggzodUZJkc98VkRsxnTNBIx5bFmQvG6GMXk9wExt0Jpm2b2bMyNwpmi2COX9uuKIm79fp2lipph1ksXFPs8E4tbbgcI78yxq/XhzoC/V2fxC/qu0azXk4XG8JnIWVUSPt3cQ7sqHkbM7Gn6A2bCL0j8Qklr63VSa77Oe3qYvstP1Zk3otHFrOltTZw8l5zNLDtf5Vs6Gp2VsasXC1zP6OXjViW7g2AmIJLATAAIFZgJCJ6wzQSA4+FOB5824jNM3dTJVJrXy/nzc/7NjyMh50cJquc9nrNfd7qROP0BV0fAO4ILAAAzASBcYCYgeGAmYMromru6OheP6nPSsrN8FCLR1mv2Q+RsWuxsVvbOlJ453p8PMwFgAJgJAKECMwHBAzMBU0abj2ZK2E+piiBtTf43k1g8KSeBuMh/OcL4fz45RoeJBTMBwAfMBIBQgZmA4IGZAAAAiCQwEwBCBWYCggdmAgAAIJLATAAIFZgJCB6YCQAAgEgCMwEgVGAmIHhgJgAAACIJzASAUIGZgOCBmQAAAIgkMBMAQmVcM+nq67lCZTCt7e22/eXAaQJmAgAAIJLATAAIlXHNZLdeHTYTypxfGfg/xOBUATMBAAAQSWAmAIRKWGZCCw/8ZcFpAWYCAAAgksBMAAiVEM3k+HLS3pxXX2hs7TQ2N49fCXhywEwAAABEEpgJAKEShplU1JU1mWo79/07HIb25mLdmamyu7m4fndg63gUClV/FggamAkAAIBIAjMBIFRCMRM39QXjSHjNpN03k3V1lepcrt/a6/HVtaXKnv48P9C8unVPZHF6S0sqt6Mtx2e213Tr4UKxsqS1tlfss93yVDi/tPrQ2RkEAswEAABAJIGZABAq020mDx8sztujufSquiWWzA3SiecsYSbrpr3H0nxFbHthqSAWaFFbXXlR6Mr2Wm5hzS5nWTm3z6S9eW3bzQZBAjMBAAAQSWAmAITKlJqJW8PS6o7MWynaysG9RegH7zNx9tgsV3TL2tNW++LR0wtVgy9sry2/0I+DPQWM3JW+sYAAgZkAAACIJDATAEJlSs3E3vFBs1CxzWSpUNm7f99NljATd4/dteqW6FfJFVzZaOee3eLqsr225jmLvplweuurq7l5zDwJGJgJAACASAIzASBUpttMLGv1SuWWGJNF1rG2604m4ZCZuMohe1Esc8se1iVGc6m6PZrrYDPhSKsBAQIzAQAAEElgJgCEijdo/P8BN6G1B6a/COsAAAAASUVORK5CYII=" alt="Screenshot" width="100%" ></p>]]>
  </system-out>
  <testcase classname="org.example.Merchant" name="ProductSection" time="26.795">
    <error message="Expected condition failed: waiting for element to be clickable: By.xpath: /html/body/ngb-modal-window/div/div/app-add-contact/div[2]/div/div/div/div/form/div[5]/button (tried for 10 second(s) with 500 milliseconds interval)
Build info: version: &#039;4.12.1&#039;, revision: &#039;8e34639b11&#039;
System info: os.name: &#039;Windows 11&#039;, os.arch: &#039;amd64&#039;, os.version: &#039;10.0&#039;, java.version: &#039;21.0.4&#039;
Driver info: org.openqa.selenium.chrome.ChromeDriver
Capabilities {acceptInsecureCerts: false, browserName: chrome, browserVersion: 132.0.6834.111, chrome: {chromedriverVersion: 132.0.6834.159 (2d77d3fc445..., userDataDir: C:\Users\I-Eng\AppData\Loca...}, fedcm:accounts: true, goog:chromeOptions: {debuggerAddress: localhost:64620}, networkConnectionEnabled: false, pageLoadStrategy: normal, platformName: windows, proxy: Proxy(), se:cdp: ws://localhost:64620/devtoo..., se:cdpVersion: 132.0.6834.111, setWindowRect: true, strictFileInteractability: false, timeouts: {implicit: 0, pageLoad: 300000, script: 30000}, unhandledPromptBehavior: dismiss and notify, webauthn:extension:credBlob: true, webauthn:extension:largeBlob: true, webauthn:extension:minPinLength: true, webauthn:extension:prf: true, webauthn:virtualAuthenticators: true}
Session ID: 68a5d3e080460096a61763d4e7f33b44" type="org.openqa.selenium.TimeoutException">
      <![CDATA[org.openqa.selenium.TimeoutException: Expected condition failed: waiting for element to be clickable: By.xpath: /html/body/ngb-modal-window/div/div/app-add-contact/div[2]/div/div/div/div/form/div[5]/button (tried for 10 second(s) with 500 milliseconds interval)
Build info: version: '4.12.1', revision: '8e34639b11'
System info: os.name: 'Windows 11', os.arch: 'amd64', os.version: '10.0', java.version: '21.0.4'
Driver info: org.openqa.selenium.chrome.ChromeDriver
Capabilities {acceptInsecureCerts: false, browserName: chrome, browserVersion: 132.0.6834.111, chrome: {chromedriverVersion: 132.0.6834.159 (2d77d3fc445..., userDataDir: C:\Users\I-Eng\AppData\Loca...}, fedcm:accounts: true, goog:chromeOptions: {debuggerAddress: localhost:64620}, networkConnectionEnabled: false, pageLoadStrategy: normal, platformName: windows, proxy: Proxy(), se:cdp: ws://localhost:64620/devtoo..., se:cdpVersion: 132.0.6834.111, setWindowRect: true, strictFileInteractability: false, timeouts: {implicit: 0, pageLoad: 300000, script: 30000}, unhandledPromptBehavior: dismiss and notify, webauthn:extension:credBlob: true, webauthn:extension:largeBlob: true, webauthn:extension:minPinLength: true, webauthn:extension:prf: true, webauthn:virtualAuthenticators: true}
Session ID: 68a5d3e080460096a61763d4e7f33b44
at org.openqa.selenium.support.ui.WebDriverWait.timeoutException(WebDriverWait.java:84)
at org.openqa.selenium.support.ui.FluentWait.until(FluentWait.java:230)
at org.example.Merchant.ProductSection(Merchant.java:476)
at java.base/jdk.internal.reflect.DirectMethodHandleAccessor.invoke(DirectMethodHandleAccessor.java:103)
at java.base/java.lang.reflect.Method.invoke(Method.java:580)
at org.testng.internal.invokers.MethodInvocationHelper.invokeMethod(MethodInvocationHelper.java:139)
at org.testng.internal.invokers.TestInvoker.invokeMethod(TestInvoker.java:677)
at org.testng.internal.invokers.TestInvoker.invokeTestMethod(TestInvoker.java:221)
at org.testng.internal.invokers.MethodRunner.runInSequence(MethodRunner.java:50)
at org.testng.internal.invokers.TestInvoker$MethodInvocationAgent.invoke(TestInvoker.java:969)
at org.testng.internal.invokers.TestInvoker.invokeTestMethods(TestInvoker.java:194)
at org.testng.internal.invokers.TestMethodWorker.invokeTestMethods(TestMethodWorker.java:148)
at org.testng.internal.invokers.TestMethodWorker.run(TestMethodWorker.java:128)
at java.base/java.util.ArrayList.forEach(ArrayList.java:1596)
at org.testng.TestRunner.privateRun(TestRunner.java:829)
at org.testng.TestRunner.run(TestRunner.java:602)
at org.testng.SuiteRunner.runTest(SuiteRunner.java:437)
at org.testng.SuiteRunner.runSequentially(SuiteRunner.java:431)
at org.testng.SuiteRunner.privateRun(SuiteRunner.java:391)
at org.testng.SuiteRunner.run(SuiteRunner.java:330)
at org.testng.SuiteRunnerWorker.runSuite(SuiteRunnerWorker.java:52)
at org.testng.SuiteRunnerWorker.run(SuiteRunnerWorker.java:95)
at org.testng.TestNG.runSuitesSequentially(TestNG.java:1256)
at org.testng.TestNG.runSuitesLocally(TestNG.java:1176)
at org.testng.TestNG.runSuites(TestNG.java:1099)
at org.testng.TestNG.run(TestNG.java:1067)
at org.apache.maven.surefire.testng.TestNGExecutor.run(TestNGExecutor.java:308)
at org.apache.maven.surefire.testng.TestNGXmlTestSuite.execute(TestNGXmlTestSuite.java:71)
at org.apache.maven.surefire.testng.TestNGProvider.invoke(TestNGProvider.java:113)
at org.apache.maven.surefire.booter.ForkedBooter.runSuitesInProcess(ForkedBooter.java:385)
at org.apache.maven.surefire.booter.ForkedBooter.execute(ForkedBooter.java:162)
at org.apache.maven.surefire.booter.ForkedBooter.run(ForkedBooter.java:507)
at org.apache.maven.surefire.booter.ForkedBooter.main(ForkedBooter.java:495)
]]>
    </error>
  </testcase> <!-- ProductSection -->
  <system-out>
    <![CDATA[<p><img src="data:image/png;base64,iVBORw0KGgoAAAANSUhEUgAABDMAAAIGCAIAAADGMlPIAABu5klEQVR4Xuy9eVwc1523O3/fz/1c5c2eSeIkdjLZZybLZJs77ztRNiczdqLYcXzjJOMl3u3EtmzHsR3vC5aFsSVZkoUWazNISAgZC0kgS0JIQiDQgoTQhoQQIMTe0DTQNPT9VZ3uQ1HVbNXVEsvz/TzGVadOnVoR56FONf9w5VuVAAAAABOVhfL19OfeOhMtOX3lIjV9xsQsXFT5uWj9yISxVlxEGzxtYl+qae0O+br7Ar39wb5wX3+YEDJU6po6/8H5LQQAAAAwYRjHZnL12vOYCSGjjGEm9jJCXEVuJnsRIYQQkvj09xs9/lB/uCfU39nb39YdagqEGjpDF/y9Ne2959t7z/l6q3zBM23BytbgqZaeky3Bky09J5p7jptURDnWNBy6WoW51gmzhZNma9KmtCztn20LnvMF1UbrOnovdoaau0LtPX3+YF93qL+3r7+vHzUhZMhgJsSzYCaEEEIuV6THL3IS7At39faLBrR197V2Rfyk3t8riiKeUNthCMP59mC1L1gd1ZWzpk6c9RmIWoyIUdNcpcpEPKTaVBFFnbktERKhMRBq6Qr5evo6g+qBSb+4E15CyDDBTIhnwUwIIYRcrvSbnf5QvyEAPaF+8RORgU7TUjqCfe09BiIJbd0hMZZW8RZTXeSryENLl3zta+4ynm+MiKrcohsxaTMwJES20hHs7zAfkvhNIekOGbskyjRptKSfEFex30mxgpkQz4KZEEIIuYwxx3T1KzlRdBuK0qcsxRCVYJ9yFWPCNAfDW3pMTIEx6R8CSx1zFbW6as34arYvW+kyvUi2K1vvMUZwhXtNLekbbd9s3MXewSTEi9jvMzOYCfEsmAkhhJDLHvXwRA3uChmiYlhBb5/xjoeSBCGqLsboL4VeNBqsK6qmLEuNDamNhsx9MITE3KuJGNn3vr6+UCjUayZISNyRGylkRm4tp59gJsSzYCaEEELGVQxLcRIeGVNsBnBWiIFzQ/32/ZlYUVoi/cju7u7Ozk6/399BSNyRG6mrq0tuKrm1nHKCmRDPgpkQQgiZiHEaxYhMhainJcFgULTE5/O1tra2tLQ0ExJH5BaSG6m9vV1uKrm15AbDTEiigpkQQgghkyPSX9RackXBPQCeo+TE9s4JZkI8C2YyQdMTCtd19tX6PaC1e2r8IpEQQiZ7pLPY29vb09Pj8/mcfUqA+JFbS24w24AuzIR4FsxkIka0xCkY8dDc1S9tEkIImdDRZtLa2ursUwLEj9xanpmJ9Dxq2kMVTb3HGk2aNCGDZgstBidajY/hs7dCJlcwk4mVYJ/HTmKlIdBn3x4hhJCJE+ksBoPB7u7ulpYWZ58SIH7k1pIbzPaqiRsz8ff0f25O/ZVzL1457+KVb168cn7DlQuFxivfarxyUdOViw2+kFr3h9yOm3PbP/92w1UrW69a2XbV6rZtNb32tsgkCmYygdId6nfqhOfYt0oIIWSCRJtJc3Ozs08JED9ya3ljJnP2dQxvJl9Mrbt+k2zN+JNDV6+/qM3kqnd89rY8yoMPP3rjTX8U7As8jdpEorcycYOZTKB49WLJ8ARxE0IImZjBTCDReGYmn3v9wjBm8qXUmu01QV+PetO+v7k7dNXKFm0mLYl5QfaHP7n6c1/4smBf4GnUJhK9lYmb+M0kIzPPSn6VKj5vK28bvJaHmZFSZC+KI/df9zd70fhIW8+leGCisG+bEELIRAhmAonmEpnJrXktoiWhPmMb8p+vp++qFQNmkqC3TTCT8ZD4zSQpOT1l/voIc9LTDqni8qSUjGh5xuyU9JrBa3mYS24mdTOuu/2u1ZX2YjOyyLk/G/92u60kXLPBqKm46S+r8yrsFQbH81feh4e34QkhZCIGM4FEcynM5La8ZlERtQH5Egz1Lz3RYx3N5cdMJm+8MJOsgZlDeQNmsrY8WlqXmzqpzOT+BamPXXePvTgcDu5MfnN2DDOZMfOpZacHF9VsyLCekWDljBuez2mylAyOUx4SDXJCCCETLpgJJJqEm8m1GfX1neYYLjOhvv6NlT1fsLwBj5lM7mAmtozKTDLqwodSNzpE4q7rni9MsZtJa/bzu7rCM25IthbazSQcznvh9hkzNwwqssRpDvEwbaPfWWijrpMxXYQQMsGCmUCiSbiZ3Jff2do9YCbdwf5frqu9akUrZjJFMn7M5HyGoQTBC0W33HzPjOtuf2zJdluF1tPbb7np9hnX3fNKdpm1fJAJnNvwUNY5c6pIuv5n8pbfcIMxYuqWR+cM1DGTt+R5NZjqodmbrOWDzaRzxm0LLLMqppmEK50Duma8sN1hJnUZDxpDuZ6/YfCALoeZGCs+GNtMhvlIrqIdrdMWtRgsbdnUZF86FKMxk1reNiGEkIkWzARcM+vsxpjTNhJvJru6zrb3G38vxazm6+n7/ooazGTqxAszWV9UUhZhU/aAmSzLj5YXp80flZnccONTq88GI/Ohyt8vGDCQGTc8tawiuqvByhk3Lyjtii7SJuAvumWOtoKiG268p9UyJGnGdc/r6YduuN0/sCQ447q/6BltJucznppx41O63BJlJuHnrxskG63Zz5eFTMGwmEnZgntm3P2OMXUodfVZXRzDTERdVLPONHcNZyZF0elpi1qdFWKCmRBCyKQMZjIR+eCW2z7hKByGT+/40we33PKxnYMKP7Ll1o/uuHtQzfzbP7LdmPjQ1ts/6WjEyb/v//ttxxbKhHyVaWcFRaLM5N/eOvvz5ZX/uvDcvyw+/3ZFX53flBNzG81doe+tqh3eTB792xOqu7+/pFR3/YVXZr8m3xK62k9//t/WpcKM63+rlzrN5Mp/+ooq+c4P/qOq6tzXv/Fvava3v/vDF778dd3Ij3/2X3oV2ee3V6yybeWpZwb6oLpQzcqptNaUWV1zaiZ+M/EqYiY5rYNKRBJU910WFQ6+UGdWPDzjDrPHr80kdO6GR63PHIp+v2jQo5XC2VGRqNnw2j7rknD49Dv6PRBlJv59c17bN9SZiZiJbUDXXab52MxEdEjXmXGD5bmN1Uy6fK/8+Z4c9aQnVob5sGBtJmdq/Fe9F/WNOn/BxZ6CfW2Pno5U+9SilqIL3WkHOs+Ys4aZdAQ+tdF/3NGgFft+EEIIGd/BTCYiYzUTqe8sjEHUTEbPgyeWP3k6Xb46F2kSYiZfmle9vLy74HzP4kMdX0mtv2dnx76L/V29kScnsqXk0o5RmslX/+VbNiu4/rc3qTqzZqfYFikWLFykKtjMZP2GLF1HtERKtJk4t/JW6hK1lkiLbZHiwMHIr+51iZq99fa7dMnNtzk+MWnqZVyZySCTsJiJSMWA76rsXzDjusgDDdMEOgtT/nJ+kL0UPbZp0J/iEWeITO2dkxd93hJN6UNZkecVykweumHgKYojUTMZPKBrxssFYbuZVM54Ybve87usz1isn8113e1vZlgHgNnjdAbNwGiuJa0OzQh8b2eXOdH90U2DHpKImaRtbDncYW/Nhn0/CCGEjO9gJhOR8WMm/77/78+fWT/MA5MrEmQmrx/sCQSNJyTSZnFdz1cXX7x7Z/u++v5af7/54KTf+NRgy98zGcZMhFtuu+PlV161WoFU2Fu4z1pi43DZkfBgM9FPS4TTlZHenjYT4Rvf/t4zz71gbcS2G056e42/Xm+dtWrJ7/5wsz6cqZxxZSbnB5doM1GvagxKzYb7ox39GSkFM25++amZt9vMxPZgRJuJc0NyGrROyEZfu/n231vGdzmizWTg7ZHW7OfPmBNWMzGGcln0QxgY0GV9ZuLfftcK+ysr1ozmmYlwzaIWNXGm2n/V24aufGNHwCg5337TwUFrTVvRMm1pm7M1G/b9IIQQMr6DmVxKPp1/l/Cp7bd9ZLsxjOrDebd/Yuddn9x+24e23WnMbrn1o9tu++j7d3wy/55P5N3ywdzbPyQVdtx1RcFdH90mhXd9PO9WNSIrYiY7pcIdzq1cseNPH99x5yd3/OmDubL0btmi1Jevskia/djWWz++/Y5PG5u7RXmITMhufGLbbR/acqsq+eDg0Vyfel/20L6hD5v7rB6YyFfbUisJMZNF5aHmLtNLzJu4uL7nq0sNOVlaETrj62/t7l9XGRzlM5PVaWtUibSjO/3na2qshqDX0iWf/9LXZHb6T35uraY4VnFc19dmIt6iSk6ePGVtVk9/9Z+/qdf61XU3qELxEGsdK4GA/XfmUzbxm4mH75kMZSYjPDN5MDKsa7BODGkmIz0zMT8OOHRuxswNg1VHZ8BMwkfMt0dOv3NL9CUWq5lY32wx0znjj6llqs3B75ksu/v2wQPZBmWU75n8H9NMina2TltkWkeHP2Im/i7nM5Pas+3f26mWDol9PwghhIzvYCaXHucTDDGBK0xD+PA2wx+uMBXCWU0URVUwzGTn7WqtYdAt6AlpVj9siZrJHR+KbvSKnX+KaSYmd2oL+uS2Wz+49U8ycXXpizeWvS4T8lWmB9cfICFm8vDOruOt/b3RF0u6Q/13bmn6zqoLt21v33Sub199/5+2+UZpJufOVetC3e+vPn9eT//Hf/5YV/jmd36gy8OWZyaaf/7md3TlsMVM/uvaGbrQ2oKefilplq6gH9d85wf/Ya2jsb7rQrwwE88+m2soM2ndZHzwrjUx3jMJh8sW/SVv4MX2oc2kNff5nYOP2vGeieSxG24f4lGGxUzClbesqDSejZhDucKDzKRSF+r8/rrbI5sebCbB/Qte2TvkhWgf+q+/i5lsutB9+EJ30YmOaUt9RmG576OLWs50BF/IiD4zib5nklng32bOmm/A905LbX3hbK+zTY19PwghhIzvYCaXmh1/Ug9MhI/l3fahrbd+cMst2kz0YCrDTCzi8ZGtt35IqkXV5YNbjNmP7nA0rth1Z6TZWGailSOyOesIruh0LDO552Nbb4m0tvVPn9hlTFgflQzz2CQhZvL5udUvFwUr2/o7jDFdxlKRk9+923DVksYvLa7+8uKRP5vrkb8+rnr5jY0DrwDrrv+56mo9/ZsbI6+dSEQwdHk4lpl89V++pStL9Osl1kasLejppW+v0BVEllShejJj24Twy1//RlcmE8JMwsbr4w8vOjTSZ3OZOhGdHNpMRvfZXGFTdQot9aKxmokxoGvG3e+ooVxhi5mIruhCndbs5yMPUhyfzSV7fn/akG/BO7Uh0fD3TAghZMLFtZl8v/jJl85uaAj6evp6g/29XX1BmX7+zLorC+53VgbFJ/Ju1ZLw8dxbPhUtH95MpDzawh0Dz0wK7vno1ls+7djEPxqbMB5oqGq2iRhmIm2+r5+ZDGcmV5hyop6WjImEmMmV8+r/z9vNey/0X4z+jUX5uuxo5zeXVl+1rOWqt1s8NJMvf/0buoKogi4PW8zka//6bV1eWnpA1x+9mfzh5tt0hUWLl6rCn/78v611rHR0dOj6UzwTxUyOr37qhuvu2bi/ovVs2f033p53caCa1UyMz9Tar45oODPxV7xzw93PH7/ga20998qf73lle6NeNOjvmZhjugZmIxlkJmIgj2UPrK7NxP4HTFS6CiLlDjMxngLdYBv9NRCnOSSa1m77dz0hhJBxHndm8rW9M492VPf02cdNd/cF761Y8pmCe52rgGC+yBF9YDLgFXeM1kx2/MlqJiISA1IRxVxRyYPxeokqHNZM7tIb+uS22O+ZWLhTPS0ZE4kxkzcvfv7Nuv31ofaeATPZWdPzs9VnvTKTJ596Rs9+49vf27I196v//E1d8vqceWHLeyYy/a/f/q5equVkRDP57g/+t569+r9+ufHd7Ftuu0OXVBw3Xlmx1l++cuDzhX/6i2t0m1M548dMyDAZ5lWTRCCbs+8BIYSQcR8XZvLFPQ/09g/3kDzrYjFyEoPtt5kjrEyMdzbuUgO0Pro94gZDmckV+XeotT6Rf88gMzH1xqEQd//jNmNDH9l254dHZSb3fHrH7VL/Q7m3/+OuO0cyEzckxEyumluXe66n1/wLJmHzPvb19P9/7zVetfiiV2YStniFjW99999VfdunBleeOaPrFO4zfus8oplYZ238/n9ujVk/bc1aXYKchL0wk4HX301ON6viFlt59+C1yFjTNvTbJp5j3zYhhJCJkLGayZUF93c5HpU4c1/F0isL7nOuDlOQhJjJD1fVXwyozwc2Gg319RfU9n5hcf2VS5s9NJOqqnM2W1DUX4wMxHH+pcV/+/7/q0q++NV/Kdi9ZzRmkrN56ze+/T3bJj7/pa+pjwx21g8P/oTilpYWXT41E7+ZkEsWp0IkgoYAZkIIIRMyYzWT7xc/2R+29/F0jvtr1bLD7VVS07n6uKW+p22YWWfl9Po9zvJE8MjJlXLC7z622FZ+svOCfJXd+M3+VwYexQy8kTKOSIiZpJ3s6+qNtNcrWlIX/MKi+iuXNI/eTMaUwn1Fby54q3h/iX2Bp9mxM3/hosXZm3LsC8iwwUwmULpDl+KxiX2rhBBCJkjGZCZf3PNAYdtJexNmQv19uc1lnym491TnBZmVzrTUdLYwPBd6Wn29gQeOv72mfq9zqZPz3U3OQhu7W487C52MWzNpCfqdhVdYzOTGsjecS8cVCTGTpJLes76+YKi/p7c//3zw8281XLm4aRgzaY/PTMh4DmYysRLsS+CTE56WEELIhM6YzOSOY28NNZTrkZOrPldw3/SS53T/rysUdLYwDDNPrHi3ocRa8vyZ9eIAIjkyIbPnuhrX1hfK7JlAvcxubjyoNiTTF3t8okat0U68TEi1s10NTcF2VUd33/Oay9p7u6TyH4++KbOH26t6+0OyFa0ism53X7Ax6FOzu1qPyeqrLxTYllrNRO2kNCvTHaFuXShff1TyfLd5xmS7umaD2bhsWqZlD2VaZEx2KRAKFvlOf2XPg/5Qt8zKVuR4w8bP8V6poFtWTmI1k/ebj6gDPNJR/Z8lz+odGyd4ZiZfmVevzeQ/0pq3nu874+s/1dZ/+6amKxc1YSZTNpjJhEviXjixb4kQQsiEypjMZF71lp6+yNB3a4L9oS/ueeAzBfdsbBgY7SI1nS0MwxvncgRriWjAfl/lDWUp6rmBdOt9vYHvFj2utUF31t+s3ioOUNh2UjroKec25TaX3XRk7stns2TW9sxkcc37T5xOv69iqZSLA0iDoj2yuhKJpLMb97adkC329fer+lIuW1Qbsi7VZnLNwVdku7J1WWrdJdWgiM3c6s2/OZwsavHIyZVyOHceS511dqP4w+nOellra9OhJ0+ni1FIs09Vrn3uzLqXzm6QnZQ9l7MtLTQHO64w1WUYM5EW5p/PvcI8Y6rOuMIzM/F191s/m+vLixu/ubzpnxY1XPlW4/Bmsux4j70tMomCmUzQ9ITCdZ12tXAHHxBMCCGTI2Myk2W1O4L9ETPpDHWvvlBwuL1Kph8/lfbZgnt/ceDlPkvXU2o6WxgGp5mozrdQ4qu8wjKGSg9h0p316q6mrr5gIBSUHrx1IJbTTN5rLJW+vlSWxq1bVGvpLapZWaoPx7bU+sykrbfTH+q+49hbVzjMRM9aV7/CPATdsuyhSIvs0mOnVssi8aWevqBUEG+5YnRmcoU56EtWFMPRmxg/eGYmYXMcyPGm3mONUZo0IYNmCy0R/L10WSZ5MBNCCCFkcmRMZmIdzVXsO/1/Sp75TMG9quv/5Ol0NWxJZ6yjuaRj3RRsV/17hXTuVbe7ptvYt6HMRHZAzb7bUCI9+Ap/rTSlWrCZiZ79z5JnpWf/5+NLV0aHaelHHL869OoVpmzI17uPLc5pPKBXty51vmciNX9zOFmN6RLUhK83YF1dDyp76eyGpbU7bC1IiX6rRLSkqqvhiqiZyK6qpuTQYppJke/02vpCNURtvOGlmRDiDGZCCCGETI6MyUy+V/zExaBPrRjq71PvuH9h918+W3CvyIPtM7suRsdcjR7pfEtHXOziFXNklBrNJX101SmPaSbSU0+v3/v6uU1qaJasm1qzLbe57JqDr8w6u1H140UnlKvI1/PdTX84Om9r0yEpl1lpU5zqtar39GguWWQdzRUIBWUHpE3bUqeZlHWcE+GRXfpu0eNiCHI2pFD2f865zdLC30+vebpyrczKIjWaS/RGat5cPv/Rk6tUCztaytUrKIJUVq+gKDORwxFRkT1Pq98d00zkjFkfFo0rMBOS2GAmhBBCyOTImMzkswX3vXh2g3V1kZPPFdwn3W5rYdj8Y/DqtXW4ZIzmk8ouC5gJSWwwE0IIIWRyZExmIvxg8N8zCfX3/eLAy/U9bZYmjUy4v2cy0fnj0Tc3Nux3lo8HMBOS2GAmhBBCyOTIWM1EWFz7vr2VwQn2h762d6ZzRUgQu1uPqxdjxieYCUlsMBNCCCFkcsSFmXy24N7FNe8P9Zfgu/qCX9zzgHMtmLJgJiSxwUwIIYSQyREXZiJ8be/Mox3VPY6/uigl91Us/UzBvc5VYMqCmZDEBjMhhBBCJkfcmYniswX3/qD47/Oqtyyr3XHHsbdk+rM4CTjATEhig5kQQgghkyPxmAnAaMBMSGKDmRBCCCGTI5gJJBrMhCQ2mAkhhBAyOYKZQKLBTEhig5kQQgghkyOYCSQazIQkNpgJIYQQMjmCmUCiwUxIYoOZEEIIIZMjmAkkmiHNRP4DAAAAAFDUNvrPXWirqms5dqrmU/l3A3iO3Fpyg52/2C43m/Xe45kJcZ/GxsaSaORmCnT1AgAAwESnMxD0tQda2/y1dRc/veseAM+RW0tusA5/t9xs1nsPMyHuo7UEMwEAAJg0YCaQaDAT4n0wEwAAgMkHZgKJBjMh3gczAQAAmHxgJpBoMBPifTATAACAyQdmAokGMyHeBzMBAACYfGgzqbvQ4OxTAsSP3FqYCfE4mAkAAMDkQzqL7R1dbb7OC/WNzj4lQPzIrSU3mL+zBzMhngUzAQAAmHxIZ7HD3+1rD1xsaHH2KQHiR24tucEwE+JlMBMAAIDJhzaTpmafs08JED9ya8kNJncaZkI8C2YCAAAwKfF39mg5qb/YfKG+se5CQ23dRQDXyC0kN9LFhhalJc6XTAKYCYknmAkAAMCkRLqMIiftHV2tbX7pRzY2tTU0tgLEidxILa0dclPJreUcyhXATEg8wUwAAAAmK0pOOvzd0okUfO0BgDiRG0nuKCGmlgQwExJPMBMAAIDJjXoTAMBbnHeaAjMh7oOZAAAATCmcXUyA0eC8l2KCmRD38dxMfrjglJr4vx4/3BmIFDb4ev6w+qxMfPzZo1KuqGzokpKW9p5/fe24zP73ksrSc37diKrzlVePSQVdYt3QPeur9baEq1NPX2jtlglp9ouzjumtCLJpQfZB1Tx43v+J547+308cTt5RrxoXPvBU2btHWtX07tPtaw+2WLfljreWrLjz/oeEp194xdcekJLWNr8qefyZF1VJwPgJ0fPSq2/c++CjwuEjFapQ13zg0SfOVNWowgv1zVnvbbG2L9XUdPnx0/fPfOzuPz8sLefv3qfW1UiFtLUbHvzrk1JhzfqNuoV4aPN1vvjiyw8++NDDjzy6t7BYlezatUeVnDl7XlU7cfLM/pKD1hVfS3ndOvuXvzygaWntUIWbcrZIO3997G/F+w9IfWsdmbW2WX+x6cknn5Lydes26NUf/etjsjPWLapFy1eskpovvfTy5i251n1wh/wb/fzzL0qDixcvlf2x7qSg9rCk9NDMmQ/LbPJrKfrf9KXLlkuJHKDss7VE8d6mzVIii1Sd9euznJseK3r35NgLCvaqQlVi3Y2AeVBPPfWMdcW09LV6Vl07OZl6b2XP9dIL9Y1y6eV4ZSvW8x8Pq99Jr6mt17NyZdU+P/PMc+qayi7NmzdfV5CdV2fMdiByz7z55gK9V7Lb+m6pOlcjd5q0KfVr6y5aL6U6Xj0rN7xXx2W9q2WLzhvAWaKm5QzLgdjuJUEKre3/7fEnrLNS//jx07KuvqP0GWhuaZeb82JDs7U+AEA8YCbEfRJnJuIb3597Qk1bzcTa6b8v87wogZru6Aw+u7VO6YFuRNzm0y+Uq5JrllRuODyw7pdfPWY1E9nWXeuq9awgfqKntZmUVPl//NZpVXiktvNrsyuUnIgXfer5o0qlPDSTpOQ5AbNbcP9DjwVM35BCVTLzsadU9/3uvzyi+xkFe4u3bsu31hQyMrPV6kOZSXZObla20Xexsq/44PGTZ9R0cenhQ2UDZyN+pE/j7PpIl3RfUYmalb7UwUNHAqMwE+lrWmeld/vCCy9Vn6+zFtrW0m1Kd0rcQBU2NftSXn9DdbCkUHRFN6LMRGzkXHWtrVnXiBE9++zzzl8gWQ9n2/s7RLHUtHF+Hn5ETetOoUjCocNHrSWK0gOHD5cZt71XyOk6Yd4MHf7ut5evlJ0PWE6p3g1h95598+cv1P1vWTHplVlNTW1qVpuJFhJpUI5LXfcnnvi7KvQQOclz576pZ62nV/rTIhKVZ6r1rSg78+rsZOlqBxwHIocv7chdoWb1CRf1lROi2wxYzpVGNqpLZH9U+3EiZ9IqdTJt+76w3RJqFTWh7iV17+lqdRca9IHIHi5esuzAwcg/rcJDD81UeqNRK8oZkyOylgMAxA9mQtwncWbyL68dFw9Rff2hzESsw6oT55u7frnM6AFYlUNWUSWP59TeuDLSP/D5g7KirnamsUuWfiFpUGcuppncs756f9XAz/slhY2bjxkudPf6avGinad8gQSYifCXR54IDPYNKRFzuNjYmvzGwG982/3dz7w4y1ZTpqWd5paOoczkr08+JyvqcoXVTKzTniDdPv2rd4VY1up30nVPXfqyCxa8Jf3CsZpJVlb2I4/+1VriXEu3+f72ndbu19Hy4zt27AqYZiL9Ld3zU2YiPTPVI/cEaerpp591llsPx/Yr9kWLFqsuvu5N6gOxdUOdneM4sTYo5+HU6aqA5ZRar5F032W6ouKUXlHQnVqnmahC8QGZiHlC4kHO3uLFSx/72+O6xHp6ZbflbpE68+bNV2dPbkK9q7YDkcolpYfkrugwv1P0CZc9196lcJ58q5mIg8nNb13qjnjMRBAJUY+SdDX5+vobc9T9Jt8Uoppy6tTBSk2599S0rX05XcePR35TAwDgFZgJcZ/EmYmIgZjGj98yBlkNZSafe+lYed2gjWoPUbPrDrbcnnFOlTyfW6fdQzxEmlXVxFLEWGT2vxZX6tFZgVhmogZ66ULhoq9b7Zj6+rFnDJVKiJk8bPSutG8UlRxatiJN+griDGVHI0+WYtZUFJcelppDmcnMxyK/CbZitRHZ0N1/nvnsS686BcYd0kmyDWuRLs75mgvWEtWfG6uZSO/2nbQ11hLnWqpN6VdJobW/JV6kqj311DNSLr2x2rqLal2pLDz44EPHjp10Nu4O6f9Jp9nWr7Uejn5Ioqg4ftrqIbK30lFW3UpbN1R2XnZVKtt6k67RvW3pnT/++JOqUJ0r624EzFMnX1944SW9ojjYrFdnqwcFMc2k9MBh2duAqV5z5sxzPkdyjYiH9KrlftBK6bxbAmbPW2oGTBvRt6U+ELWuuhXlfKqHbPqEz5z5sLXBwEhmIu2r28m21liJ00zELfWgL1Vt/fosJZyB6LE/8cTfc/PeD5jfm3p0pUZW3LmzwBPLAgCwgZkQ90momQTM8VpXvFhuNZOHNtasKmkWAsOaiViEcOXLERVRZrLhcMv2kz75qsrVtsRSPvW8sZY09Uh25JUMvQOKUZrJ2caua5ZUemgm6jWPex98tLXNOEwRiXkLl4hgPPpEZAT8KM1EqsVjJppVaeteTZnnrDxWPDQT6b4X7tuvCHhnJrpxta7u5EkXTbrRK1autjYeD9K9sw5sG6WZVJ+v27wl92j5cbVISgoK9qqToE9s3YWG9PSM19+IyG08yHbFo6SPvvHdTbK36qS9OjtZSqy7If1U9QzqlVmvqjrKTOTEis/IqYtpJvvNFzPUtNRcsvRtOcOeOJXSBpGihQsXqQZjmomgnrP9/e9Pq1nrgci6gaiZBMwhdgcPHRneTORmVtfiQn1jYLCZqLvOEzNJfi1FX3HZH1Em6w2gbwkRP1Vi+xbQZiL3kuynnHY1pk5Olxr/tnt3oboDhzKTQ4ePyuF7aJIAAArMhLhPos3k1MWurydXaAGwPTP50NNH8o4P+pWzeiqiGxEDUePBlJnUtnSLe9y1rloN61LVvjf3hH7ZXbalm3KaiawulX3+gZ/EIjNPbzXeRlC7FzB3SQq9MpMXZ6WITugnFdo3xExUh0C0ZGdBoXWtmGYiQnLidNVQZnLPA4N6wIqYZjJU5bEivb3GJmMUnEa6QeXHBimW6IF0mEY0E1tfU7qS1heaY66l2pSuquyGddC/Gl4fsJjJnDnzLjY027qS0lGzOUOc6DFCgWHNRE5RhTlyRnWLm5ra9FvLzl+QDzTi6Dq7wPocQLrs6jfl6pTq3VDnU791XXnGGGapzCRgPnyQaqqXbzMTOZ/WAVdyY0uJ7WZwgeyP3hmxKbU/1tPbYo5fUtOye8bVX7xUzVoPRHmjNhNZ68UXX16/PitiJo47YfhnJnJL295Lccdr8T0zKd5/QIzFWq3TfOO/prZezrw+dkHK5cbT7xHZ2pcrJU3ZFgEAxAlmQtwn0WYitPmDIhgxzeS+zPMfeeaImo75BvyJC4HrV0QkRMwkYL6aIvpxprFLFYpm6FlBprV4OM0kYL4Bf+3SSCfD+ga8NpOKusAP5p30ykz0aC6F9o3auoZ5C5coY7n3wUf1ry1jvgG/cPFyqRMwOx/6YYugXosXVryTsX3nHl2uGMpMlPnEiXT3bS/Oyr498uhftYS85/YN+DNnzz/++JPOTwpymknA3I2XX05ShdY34LWZqL2ymUlBwd6Yr7K4Ztars2Oaybb3d2zZmqemO2O9AS87ZnvzxIknu2o3k92GDOtTqnYjKytbP/xp83WqV8m1mcgByk4mJb0SGGwmcqOKO9l6t3KG9QserpH9UTYSMIdpqVdZrKdX7kD1TEOQnrfskp61HoisKweizSRg3pyiNOqEyzVSI8E0w5uJtDzUlRoT8ZiJXIuHHpppqyY32N///vT5mgty8+t/T5SFGvfezId37iyI2b7VqwEAPAEzIe5zCcwkYH6OVkwzudDa/fPUyt+vPruqpPnbbxz/wFNl+gmJrvOhp40OrjaTq1NPP54T+YQlKSyv63xt58CHisq0fsE9ppkIH37myOwd9bJFmfhe9NPDtJkI/8/fyxJtJgHTK0oPGb/IXLYi7dXX39xZUCjc/ZdHlK6ocV9V5+rS1m64f+ZjW/J2qrWefuGV9VmbdheWrFi9dsnyd1Rhc0vH3X+euW2HdDhLMjIj3Syrmby3ZZtaKut6MppLEH9YsXL1nr1F0q4aDiRdwAcffEhKduzYpUeJSJdu3boNapiK+i2vHrWihm9ZR3OpHtK+opLH/va4zEo7ehRKTDNRu7Hx3U1SWVbRQmL9uNjk11KUmax+J112VWo+/Mij8Y/mOnnqrIiQ2smhRnOpHqTa6Jw589asWafKdadQ5E16xqpEj+aSQ968JVealWk5NG9Hc61fnyWHr/xNn1K1G6/MelVOkV5Fqskq2kwChk5fVKO2ZOffeitVyouKS+W0y7rqWstRyD6/k7ZG1o2zsysuIftj7WFLmwHz9Mp25ZTKDjz33AvW+ur5gJq2HoisK1jNRFVWl6DDfKVHDkH2fFPOFjEZ62iusiPGvyEih9KCTMsVn538mm45Hpxmor8v1D1vuyUC5ug7uQTZ7+U8/fSz1s+brj5fJ+Xz5y+UG0zOgPVuVGIWiH5vqpvK9oKKfLvJgetTDQAQP5gJcZ9Rmkmn46/tAAAAAMDUwdk/jAlmQtzHaSbOGxEAAAAAwIZTSzATEldsZuK85wAAAAAAhgEzId4EMwEAAACA+MFMSLzBTAAAAADAKzAT4j4uzMTf2QMAAAAAkx5nP3BEMBPiPkOZifPWBAAAAADwD2ssmAlxH6eZOG8+AAAAAAAbTi3BTEhcsZmJ856z0eHvBgAAAIApgrM36AQzId5kGDNx3poAAAAAMMVxmonVTzAT4j4xzcR5CwIAAAAAaDAT4n1sZuK87YT2ji4AAAAAmOI4e4lOP8FMiPsMZSbOe9GKrz0AAAAAAJMVZ/fPxlB+gpkQ94lpJs6bz3m/AgAAAMAUwdk5HEpOMBPiPjYzGdFGfrygWPjR/CI4eb5lsnKurhUAQNPm6wSAqYazExjTUpxygpkQ94lpJrb7z3mzAgAAAMBUYyhFscoJZkLcx2Ymga5eAAAAAAB3uDGTZSnpSclChn3BpU3p2vQaexm5pMFMAAAAAMAr3JjJifz8jMyclOT0jMy8GGw+WOW3rzKq9PmqCvNni/akZGw/4bMvdQQzuezBTAAAAADAK9yYiUr5xgzzyUkM0g7ZK48i/qTkjLQDESGpys2SdgZXsAczGYj/ZEr2SXth4oOZAAAAAIBXuDeTcF2h00lcm8npzetz6wYXHcpbeSAk/09aXno4O3t2SnpmhVGcscQwotkLc6xmkmYW5kaftKQlZ/RWF0tJmzEXTF1oLF2wtngUT2ImbC6HnGAmAAAAAOAVcZhJ+KTTSVybSf7y9HJbUUNxyuYq+X9San7Sopx388vKW0WHipPm5ZRXHC/K3zF7TsRM/IfyUlbtLi87qF99SRMPScnYW1Im000F2cu2HCwvK0tNzS/v061PwmQuTL/EcoKZAAAAAIBXxGMmYaeTmGRknrLXHDG5qc6hWeVJaw1bSUper4syUgaGeOUsMlep2DE7KiQ127JyG4wJMZPuaDXDTLZd0v765UuorWhrfk3QXpywYCYAAAAA4BVxmUlqcvrhyvpuLx5ExBzNlXbIHM2VnKfLUi0vn6jRXG0F2UnJWW2tLQq1M2m2d1SCLWmL0lNWldZ4savjNaHZc3JyT7n78AGXwUwAAAAAwCviNRN7ketU7Z5rjt2Kxr93VXpRwJiymon1mUnkMYvxzMS+G3YzMRKSaqkFLfbiyZK2A3mXWEvCmAkAAAAAeEd8ZvJGetrgjwy2jrwaa3KWGIPBcgvLivJ3y0RKZuTFE6uZhGsKo++Z5FvfM0mal11UUvbu2mxVYjWTwxvX7y2rOl12MCkly/5YZrKk7cDWS68lYcwEAAAAALwjLjMRf8ixPucIlCVZXvAgkz6YCQAAAAB4RVxmUlVy0Fayt3CKvGtOjGAmAAAAAOAVcZkJmeLBTAAAAADAKzAT4j4TwkzO11y48cYb5atzEQAAAACMHzAT4j6em4koxPXX/+a3vzW+Tp8+/aGHZjY2tTqrjQnMBAAAAGBCgJkQ90mEmVgV4qc//en111/vrDYm4jSTP/7xj85CAAAAAPAczIS4T6LN5H/+52aRE2e1MRGnmcS/AwAAAAAwGjAT4j6JNpMbfvvba6+9Vk2LIbz0UtL06dOlsKb2opQ8/cyzMvvrX1+nhn49/vgTesXf/vZGKZGv11xz7aN/fUw3e+jw0fvu/3NzS7uqZpOWe++9T9b61a9myFqzZs0uO3JMbVG+ClKhMxD80Y9+pMabGVt84km9RQAAAACIE8yEuE/izKTN53/mmed+8YtfFOwuVIvEBLZu3aZrHj9R+ctf/qr82Ak1e+r0WRGGkpKDMr0zf/cf//hHZS/Cm/MXjsZMZN3f/e4m3b5GtqunZfW//e0JZx0AAAAAiB/MhLhPIsxkuiWFhcV6kcyKrujZd7M3iSS0d3Sp2c5AcNas2UuXLZfpefPmC7pmUXHpaMzEtpbGaia1dQ0/+9nPrLsBAAAAAF6BmRD3SYSZDPVCiNUQhGeffV55iGbb+zulUCbEPWRal1v1Yxgzsa2lsW23paX9pptuksKczbn+zh5nfQAAAABwB2ZC3OcymsnW3PeHemby6uxk69OPAwfLrGZyzz33NjX71CKZHdMzEyu//vV111xzjbMcAAAAANyBmRD3uYxmUnmmWsRA1ELNWt8zydu244477qy/2KQWvZO2RjdbcfzU9ddfX1l5Ti0Sk9GLdubvvun3v7duQiHbFe1xlj/77PM/+tGPnOUAAAAA4A7MhLjPZTQTISlplriB/myuhx6aqRf9+te/nm5+NtevfjXjqaeesTb7s5/9TC265pprbYtuvvlm1aCgBoYJDzzw4C9+8Ys777orYD5jkRVfeOFFWUtqLnt7hW2XAAAAAMA1mAlxn8trJp2BYOG+/aINIhtbt26zvvUhjaSkvCGriGx0+LutzR6rOPnww4/Korvuutu2qM3nl/o//vGPpUH9zklNbf0vzMh03YWGG8139MVqSg8cjvksBQAAAADcgZkQ9/HcTAAAAABgyvIPFf4KAHdgJgAAAADgFZgJuAczAQAAAACvwEzAPZgJAAAAAHgFZgLuwUwAAAAAwCswE3APZgIAAAAAXoGZgHswEwAAAADwCswE3IOZAAAAAIBXYCbgHswEAAAAALwCMwH3YCYAAAAA4BWYCbgHMwEAAAAAr8BMwD2YCQAAAAB4BWYC7sFMAAAAAMArMBNwD2YCAAAAAF6BmYB7bGYCAAAAAOAazATcYzOT3t7e9o4uwdcesNHm6wQAAACAqYazWyioHqOiw9+t6Ovr88BMtuzfW9puL4SpwFBmElNOsBQAAACAqYCz+6eJ6SSCv7MnfjM5Nis5PclkY/Wx0h1ZMjFn635HNZic2MwkZKbXkWBi4g/0NLYGnM8BYQoid4Lt9mjoDNX6+2DCIRfOdim/s7Zt2qIWuOx8YFHLe2e6rJdGZj/gqAZjZSqf2Kl57PJvmvWQJZU1vqNnWsYJLb5BP09b27s83D1pzdo/VP1Glb5o4jCT9hLlJJo5izKMr5uL7DUvOUnJ65yF4DkxzUTFeuclKIHu3jAh0Yic6HsDLZnQyOXTl/K7GT7nz3W4jOhLI3EuBddM5RM7BY9d/mXThyz9fvvPs8san79Hdknvnszaa8QRaa13sJCoaC2Jw0wa9qQtHqQlA37izkwqt8q6b24rsRamJKcvLnbUHAWYyaVhGDPR0Te35+nv77ff8mQKp84cT6ji7OzCxEJfykn/29MJh740vVOmE3lpmMondgoe+wcsR330TIv959lljXStZJf07nnb05LWbL1Eq5PEYSant1lVJHnuGk/MZNHqjUnJGQMl7QVvrnvvEptJ8bZMZyEMhc1M1C1lu+cSF/v9TqZ2rG7s7OnCxEJfSudPdLi86EvD1fGWqXxip+ax60Meb2YSNs1E7559WdzRLQ/2ESP9ZtyYSUrKgIekZO4yCi/sGJCTRTnbG+yrjEzl1sUFOxalpOuSsj0b1x3YeonNJHPZwA7AiMQ0ExV95yUu9pudTO1gJpMJfSmdP87h8qIvDVfHW6byiZ2ax64PeQqaibW7aI1LM7E+HhF0+aLB5TlN9hVHoNKUkEPvLTtwzJityX1TGi/OVmayZ/M6aTP7UMGyhelrTpsVirPTNq9btvn9nONGhcVz0hdvfj972+btZmtJyWuSV2zeWb7LeEF/1Q5zE/ve3JCbfWjfxg2Z6qnOmkXpSXPXGGvtzY08q2k9LEdRWnugtEU2UZI0J2vLoYI1a3mKMiTDmEnM6Bvdk9hvdjK1g5lMJvSldP44h8uLvjRcHW+Zyid2ah67PuSpZib2rqEZ5SQuzaSieo/Rp48ayKxV70th+dn3dcmczXsK9u+xrzUiykxEKlI2yte0Bemz1hVoM0lKzsysjdRMSsk2JoqzF+05El29ICltp7W1AWUqznY+P0latLVCmcmiXFUi02pi8YBrGWZSPnhFsGEzE7mf7PdaImO/2cnUjtWNnT1dmFjoOH+cw+Vl4NpwdTxlKp/YqXns+pDHp5no3bMvizu65b7BQqIzdjNRffrBT0isuH7PREmI8ajEePc9I+244RVRM7FuImImayqj69Zus210wEYGzOTo4mXrkueYLWgzifpMLDOpWLNiTdLr6/YYz08s+wkWnGaiYr3tEhf7zU6mdjCTyYSO88c5XF4Grg1Xx1Om8omdmseuD3lqmonFROyJy0yWHzg8UN5+0BMzKSvIWneuIPIhXQNmsm7AQxRWM/HvcjwzsZtJ8oByHBmlmShy0tboxzVgYygzGSb6Xo8/9pudTO1gJpMJHeePc7i8DFwbro6nTOUTOzWPXR/yxDWTW9/3/9ta+0ce/+9MX+ewH+hl7xc6Eo+Z2EdJ7ckx3gaJ00wq/MekkTJVqN8z2ZophWt27cjetXXWWlMnBpmJ8Z7Jsm3G0sxzxqzTTBa/np62f1/pub0pKWuGMZPsVenLdu3dUn5AbGfZ5vel/oK56XucewsmLsxklOnq7q1t9A+P/WaPpqauqfZCc0trR5uvs6r6or+zy17jUqX6fIO9iCQs1jvQ2dO18oWVbXp6Rk6Hs4LieGvo4d2dzvIRsbav0D+KnItGyedXttpKPrG0VTfrrD88FS2hzy5v/V+pLQ8UuDlA20kb5hxqtpwLljWN4f0ffSmdP86tyHUfZjbRbK0Oyo/fQG//TbkdzqUe8q01vj11Y/401eeKA4nYMX1phr86O2t6K319sudqdsmx7jp/3zXvtTtrJoJPLmu90NkX6g/39oVfKe1yVvCc/NoxXyAboz+x6l+88ubQHdv9zgoK+R5XEx3BIVtT7cgperoo4Fw6DCuOd9+5Y8hNu2CUx67oDsX+NnceaZ3l316FnBZ11FXt9kUjIocsB+4sd40+5JHNpODF6dNvthfGyoH59z2d22wvHXtkl/Tu2ZcNzq7a3vRTA3/wRKbfPRu0LI8R3XLMSIV4zCTLVu6RmVTMsrwlonWltCx3Vkp6UsqaNQcOqEWDnqJc2KOW5plv3jvNpPxk5JOO15QdHMZMKhr2SJ1ZG3ZV+A+kmEO/5qw1XqSBmCTOTBpbAz5/j710cOw3u5lAV091zYAPtHcEztc2WpaPHOkTySqiNGI4zS3t9sVjCWZyKTOezeQ7a30lF3uFAw0u/9aK00yuWtGq2hSc9YfhvaqgtDbncNeeC71/3xdwVhgR20n74ir78TpZdqxbNicTf8gb8oRb0ZfS+ePcSntP/5+inTPp9cqss06CuDe/s7O3/8GCTvlJPMo/B/nDDe3ueslXv9t+bnQdKdnEidZIl1RkQHbPWSdO9KUZ/upIB1p6is8WR7q80iO8lGZS0tB7qDEkW3/9UNcje2KfBKngLHTN8ehpd83oT+xf93ZKL1lO7zDd69GYyem2PmnnpZJAV2jIOjEZk5nIVka87qM89mmmpcdpJuqo5Rvq5TF+M47JTGQrzkIb+pBHNJNtT0y/9tpr7aWWXPvCLjWx9u6rf7fs1OCFbjJ6M5HF/7SqTU2fagv9c1pb90jvzOuWnVEV4jGT2MzZut+5CkxKEmcmtY1+e5Ejg2/1SM6db+gbvKihqa3NN+QDFlu6u4OiJcGgN39dHjO5lInTTN4907P6RM8HU1tu3BopsZrJquPd/yu15b+y2/WKN2wxfhstP6vOtkdKZOkHzTpOM/n3dT7r7PfX+f5nm18m7t7pV08Savx9X09rk9Wts596u1U37jQTW0lNrJ2U/RdtkJ+m1pqfXNa6/nSPrbUfZRldh2eKI6Ly1tFuQVr7+NKBfdDYzETviRymbF3Wyqzskc6TNCj9Qt2gGJSUqx/JthPiRF9K549zK3KNdA9s74Vea+9QOm1yV2w+F1SzUu098zd5a071yBmYZnZxxGTkHwvdfVle0e03noIYP2tFBqTky6vbpERQq2iky9vVa983vSfSD5Puo0zcsd3faw6FUJ1gNR2OPtiRn+Kh/nBLd6QduUz1nX2yLan2XHGg39wN9UtxaVDtpNxv0fs9rHp7R5uNXoCsouzIuglr9/FAg1FNH7sIklwaOUV6E1KedrJHZvX+DIW+NMNfHTkDu2p79bmVjqA2k5u3+VXfZV995DmDLJp/pFu2LvupW5A9kZKXSyJu89DuTv0v+3Om8Cw8aqwivWqbGf44q/1km90T5E5Ql1uUUmZlLdWU2qVf53TIqbvQOdCbFMFTFRaVG51ROT+yP7LSqWjLcnr/Vhg44+tTF1dffd3U44XGTsqKreaBeHhi1T7LDnSaN6G+36ZZeuc2M1G7YWtK11GnS9pZebxbbhJ1b6sDCZu3jV5FOtxyEnKqgurW0ptWpqTqyHVR1+6m3I5y8/6UDN+nH+WxC1vOBeXfFrFuXfL+eeObVraod0AONtBrfNtaL6hCDlkdtXxrqwl11HI/PGU+OFJHbf2Wl7urp8/4Zlx3ukcdhW7EeubV3Sh3svWobVu3oQ95RDOZft/a5tCuV0sGSpoPrpo+ffq1Ny8QHVh189XTjRgPVVbdNv3mFedUnVWP/e7qn0y/+g9/i6xT8OL021Y9fdvV039y9YWR5GH0ZhI2v20XHOmWiStXtBbUjdx90i1bY63gxkwAFDYz0XeV/Y4be1ybyfka+xOSrq6eugujfbgZ7A3V1jX52geORVJVfbG9I1Bd06gevzQ0trW0dsjXc6Z41De0yio1tY1NLe2yulRuam5vbPb5O7vETGSVDn+XVK4d9T4Qd4nfTNQDhGXHumW61mImlW2h27cbInG4KWR7yPDLTe2/2Wy0ID+Wtp4L1pqG4DQT/aNIbU7qPLKnU/4Ffyja/vSs9ppoZevs195pk35PrcNDnCWyinMnP7PcvpaqKZtwlgvfy4gIg4iEnAc1/U+ORyLDmInSmE8sbVXnUPZfLVJmUhvr5MREX0rnj3Mr0j9QHT7pqUi3Xve0NLprIovU0xUp0Z0JxTsnetQi3XVW/WmxR9W49FGkY/3DDQO/95UWnB1Np5nYfmUrPqCfmUjf7g95ESWo7jCqSadHukQy8dstHbop1YI2E4XYSM3glqUR6QypTej+mTYT6Vs/ZorixjM9qnsq1bZEnU3Vl8rOnmtM9KUZ/urIGZATqB71iMjJDe98ZqIf74ghqb6myIytjuzeS6acqAdi+gDlcsitrurYroXUUToRE5/ZjrUnLZUDZl9cbgO5LmpC9UF1HTkQ1VWVq6ZOnVTQ3jvNcvV1U+p8SjX9WG94Rn9i1b94W6uDSslGNJPZB7vaYj1OlDpyUHft9PvNtaQdOZO3vh/ZW1U4zbxt1CFID149BJMzP5SZqOtiNXnndXcyymOfFr0N5CLO3G3c0nfvjFyOaeZdNC36zaJ2wPksSEmFLC1rCqnfnqij1hX0UcvlU0etn8TKLTqUmVjvRoXzcY0TfcgjmMmpJVlm9+Han0QdI9x8bfKBgQqiLtFnJtpMmjPvK4/qh4iN8T9jSFjkwYsoSmTZEBmTmYRNCxXajV9ujJwRW8ZMwD1DmYkt+i4cfVybSXVMM6lvtj1IGSZtPr/YRYc/oGbFScQ9zPJOpSIq0qDIhjRumMmFZvWYpaWto6Ep8lgzbD4z0W+58Pwk0YnfTLLMzrR0oKUbXWsxE11Sa6qIVgi1umpBakp9Z/sKPZpLuo+q5FhL6HPLW+Wrat+6inVW1GJTlSE8TjPR75moyvLVupNq4ufvDjw/0QxjJvpRhjRVVB8ZJObc9DBmoiZkZ5SHWBtMkJnsvdD746x2NeE0E90/UN0RVWIzE92D112oWnMt6eDqborPMmxs2qjNJK86WNrQ++ddkdFEVjOx7qraiuyG7iDqPYxpJp29/c6BKKrBmGaif8uuj0gmXj0QaUHVvze/s7mrf/hfbCv0pRn+6qiNZpw2OrUy/a01PmcPVZ8E2Sv1KEPvqkZ2T500tZ8yrXqKcmiilKqO7fnV8Gai2rGaiWxUGaz0L5Xg6XE7uleqK0+LCpVUsI4T08eim1JWJsfV1GV/qhOT0Z9YNZqrIdCvnHZEM5Erm3Zy4LmHRv3LKT8a1eMdaUc/xZpm+d7Rd4u+Ousre4YyE33qrO14aCaVPmOv5LtvvfkA1vo9pZ4gWa+snCLb6hXR90zUqZs29FHLPamOWrcml3soM4l51NbZmOhDHt5MDrx+rXqN441rp0fLdr1YoJcbcZrJrhd05fD06U8b/zPMxJxIgJk8Uxz4zeYOe6nbYCbgnlGaiYu4bs0qDypjGs2l09TcLn7S2OwT8ZAJjSzytRuKomaVmfj9Ef1QrqIbsdqIc8eIt5F7ZsHa4hPmpXb2dK0MZSZrTo3WTKTX/tstxoqjNBPn4KU9F3p/sM6nXr0Yxkw0Tj2wlcQ0k5hv0Xx8qX00V/bZoHoV3ioSBXWX00zkIqrhwc4f51akf6A6B9LPUH6iyqXjXmC+Mm41EzWhzeRIU+jlksCXVxuj3VQ3S9Q01B/uiY6Msvbybcgi52B3vQm5N6zyc19+p35SMbyZqM0NbyZHm41DVtPS6z1q9qR1g6M3E70n1mOUs+E8LhtplsHbzqUatVGxQdmxxi5jE7qHqn8bbe0923b1/fNB9RRFm8lTRcZvi0639anhZ86+oEZasI3mEi+SvqwaGBbTTJz9SCnRXXa9lkKbidpnhfUGszUlrDvdM+KJlfMpB7hgdCd2muUQrDeM6p1Ps+yPbHd3XW+P+TjOhvUmtLUzbVgzESe0mYn02rUYOPvo+o4dCuu/5M6lGhFd6QHLJt6uiHyzWO9kdW9br+wwo7k0Qx2100zk281mJvo7PeZRW2djog95eDOZfu2LzSolb6yN9CNcm8mLkZJRmIm9aNhgJjBeGIdmIp7Q2jbo26O6piEUGu5j74bK+Vpj+JY0KGIj7qEIm4O72nydff39sggzGT+ReyYzNT1peWl4JDORH0X63YkvrY50lIcfzXVTrtEX1wOllkTr/GemT3XTFx7t3lkz5Ggum5nI1m/Y0nGsJXSdORLsdFtI2ok5mkvj1APnaC7bTtY6FELx9bS2/1g/aH8e29uptOGrlsFX7kZzqQlPzGTBtrpw9wi/aVb9g+aufjWiQ/c5pF+rek56hJLTTNSonmnmyHVV+Vx7n3VIvR7N5UQsqKq9z/Z+eUX0scyzxQFrX2eauYfTBveicqqCqnf+SctoLmdH02kmuuspLKvoVg1qK4tpJovKI4NwrKO5YprJNHM8lXXWib+1pa21Ze876fLVuVSje7FyntVAF91D1X10/Xtrm5lcbT7rU4u6eiNmItfU+uThhxvaCy2/6rahxsVp1HMbNe00Ezk/zs9OsI2XizmaK6aZOJtSjHhi5Xwat31yXumwvXN9Yo2XnczRSjKrG1cjmqYNtj45b2Kw6qmUleH76GpY2rTBo7nUsEDraC61afknUW1abkUXo7ms/5I7l2q0cF6/ueNiwLhAd+/0y+6pwtGP5rKWDHXUw4/mUnaqv9PVUVub9c5Meq59XQ/cOvW7xert9lGN5joQYzQXZgKTnXFoJmFTD2rrmlpaOwSxCLGL9o7I0KwxpaauSa1rfU1FxEPKZcJ4jaSmwWYmztFcehozSXSMe6Zix+zkvPBIZlJr9uM/vLjlU28bv9BVJWIasw92fTDV6I+qEusb8O+c7LG+XF5jjrOS1Z/cF9DddPnhJKv/clP7v6bbO9/6R5Hql4sAPGu+a/7qga782ojPfGW18Qa8Hu71nbVGJ+yBgs5zpkSNaCa1jp2sdSiERjoTH1tifGrw/CPGG+piSh9f2nrlitbfm25Ta4rEawe7hnoDXh+OEo8xmcl75jj+n2yMMczMSliZybDdlGnRrpX+dFrd51AvrfqD/frzl5xm8nih8ZZ5qD8s+6a6Weo18bDlE0U/GX19OSva+7FS2mCM4dRdGdmodIilI/52RbfahHoZVFbXg6+kcr/jDXjVixqNmUgdfcNfYz6RkAal+yW9dn2AoitqE9auszq0dad7vry6bVosM3mqKHCh0zjtey+M0IFWWy9da/yC37lUozvQ++p7pR85zdJDXWN+xqjs9tbqgXddrGYyzfzwADkK2SVB7erqE5Ff+milnHO4Sw00Uc/HrMi1UBdOroj6sIr6TuMZiJxzPcLn5RLj54L6qAP5rpH9kcuhXoOeZl6psHlxdSfb+QZ8TDPRTalf2EuDMi0lozyxozETVVP+rbgvKhvyj5Xsrhya9cUqNaEFbJjPbFDY+uhyIOoNeLltdKF8a8iWUssHjl1tesGRbr1puQPVyVdnvqi+V61i3ZYNdUQqzqUaZSMK+SdUPVWTE9tvvgGvZUBucvUGvPMD00Y0E3XUsq76TplmWod6A37h0YiZyN0ld7Xsqv5Onxb9vhPZth61dUNO9CEPowHNGfdZP2nrvuiLIs17lxhvwN8dEYysx343/er7wiO+AY+ZwKRnfJqJMyIY1o8SHibqpRQ1Uqu1LTIGTBmOqEWt6SSqQmOTr6m53WYmkovR0V/GS/OYySWM3DMr8yvVNXP2dEdEzEQ9BoFai0hcLsKjG83lIdL91a8NiLlZ33cHK+rbbUQz8RbpPqr3CgTxee0PCUJ3Xu/N7xzmlRVvSTJ/qzKimUxKov+KG3EunazoQx6rBlyCXN5dwkzAPRPFTAJdPa6fnJCJErlnlhVFZNLZ0x0RzMTKeDAT45lJoNz54zxBzNzduflcUIRE0I9BwIn6FrvEZvKtNT71ByKeKzae7fzY/JDrxLH3gvGW+SeXtZ5oDenPqko06sRiJs6lkxV9yJdXA2Lm8u4SZgLumShmonKxcWCcFZl8Md4zmZOeWmA813L2dGFiER7daC649Khvt0tsJlMBdWIxE+fSyYo+5MurATFzeXcJMwH3TCwzIZM7xj3TV/XuQqPD5OzpwsQijJmMV9S3G2biOaP8bK5Jif5nfErdVPqQL68GxMzl3SXMBNyDmZDxE+s94+zpwsRCX0rnj3O4vOhLw9Xxlql8YqfmsetDvrwaEDOXd5cwE3BP4sykqa2rvTNoLyVk6GAmkwl9KZ0/zuHyoi8NV8dbpvKJnZrHrg/58mpAzFzeXcJMwD2JM5PunpA0ODz2dcjUDmYymdCX0vnjHC4v+tJwdbxlKp/YqXns+pAvrwbEzOXdJcwE3JM4MyFkrMFMJhP6Un7A8eMcLi/60oSnUifyEjCVT+wUPPYPjGMz6R+8S+qvBnmV0bSGmYB7MBMyfmK9A7tC/c7OLkwUuow/3RbJZvPvbcM44aOLB3WhZNZZB1wwlU/s1Dx2+ZdNH3J7Z9Dn7xlNl/0SRHbjWFWrdTi9zMruWaq4j2rcXuoIZgLuubxm0tUT+YPNhITNd5Oss40Be38XJgRy4azXUfLdDOPvu8Nl5wODu1Nh0xt5qBU/U/nETs1jl3/TrIcsOVPbfvRMyzjB9pavzHq4e6N5hfgf7AWEjDqX3UykM+p8/wSmIDYtIYQQQshEDGZC3OfymgkhhBBCCJlMwUyI+2AmhBBCCCHEq2AmxH0wE0IIIYQQ4lUwE+I+mAkhhBBCCPEqmAlxH8yEEEIIIYR4FcyEuA9mQgghhBBCvApmQtwHMyGEEEIIIV4FMyHug5kQQgghhBCvgpkQ97GZSSjUF+jqBQAAAAAYK9KTxEyI+9jMpKs76LzJAAAAAABGRHqSmAlxH5uZ+Dt7nDcZAAAAAMCISE8SMyHuYzOTzkBQbqkOf3d7RxcAAAAAwGiQ3qP0IaUniZkQ93GaiZIT5ScAAAAAAMOjuo6qG4mZEPexmUn0YZxxYwEAAAAAjAbpPapupGdm4q8+ubewrLvPXk4mcYYwEwAAAACAMeORmTSWJSWnG8zfbV9EJm8wEwAAAADwCg/MpHRthtKSovqgfdnoU1e4YFudnqvZlpWUnGVZ7EnqclNNfUpOT80usy90FWkq7ZC9cOoEMwEAAAAAr/DATNJSIt19+4Ix5VKZyfaSsqKS4tkp6aV++2IXwUwwEwAAAADwBA/MZIEax5Wc3mvMBeempGcctdcZOZfKTGoi01VJqcX1g5a6iTaT/OXxidnEDGYCAAAAAF4Rt5n4yqqKciIvmZjM3VxlrzOaDGUmfXVJKeuLzAcdSckZamnS/B05mVlSuGxeevmhvJRFeTIdfWgTknXnZhaXS/0Um9tYzKS5ePbGk+bU+dTs4rbqk7K62gFxjO2V9W2tLcvmpFd1h6TEGAOWklVecVKkq2bwK/4RMwn6VyanyyptZn3rDuTWGCVJyTkL1hbKIWQsSt97qjAzv2zvlpzZyendsqzvZNLCPGlcli4raBrU+rgPZgIAAAAAXhGvmaTNSV9WWHd443ptJk3uPp6rrtCqNyaGVzTlZ797xujch01nKDcbl6Wp+WYn/lR+0qL802bh3hXpp+V/zaWpKZHHFxlvmF3/gUTNJOgXpclvHrRs+7L0pNRimUiJDkvrLsrJbTAmZE9yTMEIl+9Yub9Lr2IuijwzSbMMZrPuQNI7xgstUWsKh/0Hk1K2mlOhE9nr9waMA5+448EwEwAAAADwirjMRLREi4Q5lCuODPHMJPMNyyipusLUgpaw0dHPK40Uleu1ZBUpLN8YeR1fEa2mEnnP5HCldRhXMG15VqR+aqHMz7aYSX6r/N94nDLA2nLLurHNZFD95DyzRD+9qRto4VBerrnvGYvSk+ZnZxa6etZ0WYOZAAAAAIBXuDUTX5nWktlry9rcPSexZggzyV+u3wwxuvKZFcb/hzGTtoLsoV9Qsb5nEol+QrJ3VcRMwv5KdVypm4+bS1qk3LaWzhBmYt+B4c0kkuD5pDd2WOYnQDATAAAAAPAKl2ZifVrigZaEhzSTpoLszArnaK4hzUSN5hriY7dimElS1ChkLWUmNduzqgZ/+nFSckbaodhNajN5d/6g0Vy22qMyE/O4Bs2P+2AmAAAAAOAVbszEeCN8fv6JPn+S67dKnBnCTCQn8vMMBUrJ2Fsd6fAPZyZGQmlLjDFdKUtsHf0YZtJbXWo89lmY4y/KUWbiP7BVS1fuKXOLfb7IPsxZXz747RRtJupJy+xs9ZhlYAdyy9Xws6HNJFCV8oa5uTlZnp3MSxXMBAAAAAC8wo2ZhH2Rv/g+4XrSI6evPPJuvZm5cf6RlskezAQAAAAAvMKVmYTDmcuzvfoz6uMrDcXLigY+fWt28nrLMmIPZgIAAAAAXuHSTCZxirKz1ROhlCU58X7g2GQPZgIAAAAAXoGZEPfBTAAAAADAKzAT4j6YCQAAAAB4BWZC3AczAQAAAACvwEyI+2AmAAAAAOAVmAlxH8wEAAAAALwCMyHug5kAAAAAgFdgJsR9MBMAAAAA8ArMhLgPZgIAAAAAXoGZEPfBTAAAAADAKzAT4j6YCQAAAAB4BWZC3AczAQAAAACvwEyI+2AmAAAAAOAVmAlxH8wEAAAAALwCMyHug5kAAAAAgFdgJsR9MBMAAAAA8ArMhLgPZgIAAAAAXoGZEPfBTAAAAADAKzAT4j6YCQAAAAB4BWZC3AczAQAAAACvwEyI+2AmAAAAAOAVmAlxH8wEAAAAALwCMyHug5kAAAAAgFdgJsR9MBMAAAAA8ArMhLgPZgIAAAAAXoGZEPfBTAAAAADAKzAT4j6YCQAAAAB4BWZC3AczAQAAAACvwEyI+2AmAAAAAOAVmAlxH8wEAAAAALxibGZyODM9KXm02Fcmky6YCQAAAAB4xdjMpHStoRyzN54cKOrrKiopO1zZYqmT4cZM6gpT1hZLU0X5u2Vdv32x91mZkj4397y9dGLGf2iHveiSBDMBAAAAAK8Yu5nMyWrqGyjJXBh5QnJCy0RfU2lmtgszWbCtTk2K2+RUDV7qXZLWltuLJkH8J1OyLbp4qYKZAAAAAIBXjNlM0g5Z5s/kJ72xVawiN1XkJNuyIByPmYRrChdsr5f/S7Nh33FpSsmE/1Tx7BRDjdqiapSUkndiW05KSvrshTkyu3JhRlJKxtx3CiOL/ZUpbxjWFCmpKk6dPzDSLC05PbrFUOoi4znP7HnZveZ8zbaspNTi7WsNv1q5rVI11nai2Fj3jYyi+qAqGV+5HHKCmQAAAACAV8RlJvXbs6SzXh8xk0EqEo+ZNOVnZ1YYE9Js2pz07SVlbWb57GRjeu+WnKTUwhpTTpKScxasLdxbUpaxKH3vqcLMfGOpVOs268u6UlJUUrZsXnpuTSgc9Le1Hkx652BbqzH2TJuJeMjc9EKptj0za7b5RMUwEzGctUahPhBptqjkZFH+7vxmVTDukrkw/RLLCWYCAAAAAF4Rl5mEj+YlvZHTHe6qOVqYlLzessCNmainGcKCzDJVJmYyMKqrYkfaoZAuT1peGh60lbqkVQfVVHdRTq5hHCetA7eij3TKdaE2k6TkLF0tLcVo0DCTaKFMG1syzaSmO7ID4zWhtqKt+TWX7pEOZgIAAAAAXjFmM0lZvttasiAlohPGQ4lIgvVlhmZYq40c62iuaIzRXNG0FWSbvmHEeN3ljR3hQVJRN+Ahh/KMmq2l1gaTkjPM/8c0kzxdTbbYFjGTSKE2E2O6whjQVX4JXs93k9DsOTm5py7pzmEmAAAAAOAVYzYT45nGdotC+CoXLMpO2xx5XhGOdOvtg7tGzkhmMsQzk6HNJN5nJjHMRNJbXTjoo8nGTdoO5F1iLQljJgAAAADgHW7MZJTYVx4+I5pJOJySkr695OTebVst75kMYybhjHnGeybllVUrF+pHOl1JKevrG4wxYgPvmWzPnpteeLqibHt29sB7Jg4zWbBqd1Vry/bMrIyjXWrR+Enbga2XXkvCmAkAAAAAeMfYzIQQazATAAAAAPAKzIS4D2YCAAAAAF6BmRD3wUwAAAAAwCswE+I+mAkAAAAAeAVmQtwHMwEAAAAAr8BMiPtgJgAAAADgFZgJcR/MBAAAAAC8AjMh7oOZAAAAAIBXYCbEfTATAAAAAPAKzIS4D2YCAAAAAF6BmRD3wUwAAAAAwCswE+I+mAkAAAAAeAVmQtwHMwEAAAAAr8BMiPtgJgAAAADgFZgJcR/MBAAAAAC8AjMh7oOZAAAAAIBXYCbEfTATAAAAAPAKzIS4D2YCAAAAAF6BmRD3wUwAAAAAwCswE+I+mAkAAAAAeAVmQtwHMwEAAAAAr8BMiPtgJgAAAADgFZgJcR/MBAAAAAC8AjMh7oOZAAAAAIBXYCbEfTATAAAAAPAKzIS4D2YCAAAAAF6BmRD3wUwAAAAAwCswE+I+mAkAAAAAeAVmQtwHMwEAAAAAr8BMiPtgJgAAAADgFZgJcR/MBAAAAAC8wjMzeXvV1nPnL9pLyaQOZgIAAAAAXuGZmSQlp7+zZru9lEzqYCYAAAAA4BUemMnKtG0LUrPtpWQKBDMBAAAAAK+I10wqz9QlJacLBXuP2JeNIZFGNGmH7DXIOAxmAgAAAABeEZeZlBw4qUQiZd56LRX2SmNJzbasUnsZGb/BTAAAAADAK+IyE6UiS1dsOV/TsHBxNmYy1YKZAAAAAIBXuDGTYLA3FOoLR83EOo5LymXpQNUxxmYms5PT95adzFmVkXbIr0rmzs8ur27JXCLbzTLmD+W9uyV7wdrCopLipJStC+ZnF5WU7d2Sk/ROmSzMnJO+vaSsvOLku6vMysTrYCYAAAAA4BVjNhPr2yAXG1pPnDqfFP1ULusid6+dDDKTih2ZFZFJ8ZDcBr1AUp6mHs4cyss4GinKWZTeHV2svEXMpKiuK1pGvA9mAgAAAABeMTYzaWxqE+tYtGzTglRj7NbcBYYAKDPp6emVCSmXpTKRMne9feVRxGombQWR4WEmWbl1RmHR5q2zUywvtBzKU+WS3NSBgWSRJyqNZUbN+dlNQb2EeBnMBAAAAAC8YmxmsnTFlldfX6umz52/qPRAmUlW9p6ILYTDnZ3denpMsT0zSTsUsiwMn968fnuzORU4uGw0ZhJNTmp6uXWeeBTMBAAAAAC8Ymxmsn5jgVaOgr1HrGayJW+/XnSqstYDMwmHU1LSM/PLikqK5y4vrgmHuw/lzV6xu77yeNKc9XPfGNlMUpfklFe3tFWfnJsyMNCLeBjMBAAAAAC8YmxmcvhIZZL5Dknu+6V6SJUqKa84JxNSrozFEzPprS8zxm6lZGQW1ZlqEVzwhjF7wuffu2pkM8lfGxkPtnLLcb2IeBjMBAAAAAC8YmxmEo4+NonpHtk5hXpRhz9gW0omXzATAAAAAPCKMZsJITqYCQAAAAB4BWZC3AczAQAAAACvwEyI+2AmAAAAAOAVmAlxH8wEAAAAALwCMyHug5kAAAAAgFdgJsR9MBMAAAAA8ArMhLgPZgIAAAAAXoGZEPfBTAAAAADAKzAT4j6YCQAAAAB4BWZC3AczAQAAAACvwEyI+2AmAAAAAOAVmAlxH8wEAAAAALwCMyHug5kAAAAAgFdgJsR9MBMAAAAA8ArMhLgPZgIAAAAAXoGZEPfBTAAAAADAKzAT4j6YCQAAAAB4BWZC3AczAQAAAACvwEyI+2AmAAAAAOAVmAlxH8wEAAAAALwCMyHug5kAAAAAgFdgJsR9MBMAAAAA8ArMhLgPZgIAAAAAXoGZEPfBTAAAAADAKzAT4j6YCQAAAAB4BWZC3AczAQAAAACvwEyI+2AmAAAAAOAVmAlxH8wEAAAAALwCMyHug5kAAAAAgFfEbyb+2cnps1cU2ovJFAhmAgAAAABeEZeZtJ3YnZSSbUz5KpOS09v67BXI5A5mAgAAAABeEYeZ9PnERk74I3MntmQnLdk9qAKZ7MFMAAAAAMAr3JlJaG5KetKcHHtx8Hw8T04yl2fNlmZTMjK2lduXkXEZzAQAAAAAvMKNmZRmrk9ZVVwVtJdLqvJzkhbmlTaG7AtGTE1h0rzsjG0Hi/J3z16Yb19Kho3/0A570SUJZgIAAAAAXuHGTNr8waTkvFJ7sZHStek1QX9b95jNJDc1vcZeFk5K5cX60SZzYbq9KPHBTAAAAADAK9yYieT/b+/+n5o6FzyO//vnh2QyYqc65na9rk7JmjFFMxcrYXEz9spgRZHbrJXWLreyLFNRcYapXoXJnpOThBBsi895pIivz7ymDU8OX7r3F9+bHPy9Mhk/O9Ref9dKzrYW1l/1P959tfXicXKuvfXieTd7TaBVKtfm7i7f/np6mCtJ+UbyWXPh7p3F1fT69aQy1Xm4kr3N7FPtmTROKs2V8dMPOWUCAEAsRctk4e5y33fr3QJl0r93pVxrzK8OTtaHjVE/VUsu3c8fp4mSP0gvXhzcf795qzm91nuhpnNzeMEnt+2VI37lRJkAABBL0TJJH/RPehVRoEz6e71+v/+biEfKJClPzWThky39FvkN8ulh/6jbbZzKqmZoeP5Jbeteq3Tw1xJ8yCkTAABiOXZlku58Py32yqRUrk0u9e9dmanWtnoPRsukfSHC9/2ol2bJzA+Dl5COasoEAIBYjmOZJOV679+vknP9MmlM1JIL/RtbRt7NtVcmm7eak0tH/efy47SdI361JJ8yAQAgluNSJovNZv5GrNK55rAwFhtT6clG7/HbjeXsbzuZmNoc/H0po2WS7lG7lX2FiStnLn96d8BvPxk/OZIpEwAAYgksk70b3w94PX6tndgpEwAAYgksE7OuMgEAIB5lYuFTJgAAxKJMLHzKBACAWJSJhU+ZAAAQizKx8CkTAABiUSYWPmUCAEAsysTCp0wAAIhFmVj4lAkAALEoEwufMgEAIBZlYuFTJgAAxKJMLHzKBACAWJSJhU+ZAAAQizKx8CkTAABiUSYWPmUCAEAsysTCp0wAAIhFmVj4lAkAALEoEwufMgEAIBZlYuFTJgAAxKJMLHzKBACAWJSJhU+ZAAAQizKx8CkTAABiUSYWPmUCAEAsysTCp0wAAIhFmVj4lAkAALEoEwufMgEAIBZlYuFTJgAAxKJMLHzKBACAWJSJhU+ZAAAQizKx8CkTAABiKVQm/7P6f1+3vk3Ktb9eunH33qPxp+2kT5kAABBLoTJJm2TUzH/eHb/CTvSUCQAAsQSWSZ4inYf/HD38/Ny19HD0xE72lAkAALGElMl3/736b//+9fhpb+l5+uz46eHWuDBVqtSSSr0+2xl/zo7llAkAALGElMmZvzSf/O/T8dPe0vP02dev34w/8Ydbm08+a9Zn7y+0vymdbY8/a7+77aWb40dHMmUCAEAsIWWSlGsPH/2cv6FrePjlf8wNz//r1oORyw+1mWptbfzsA6594aS966xx9k/4L1ImAADEElgmU82/v7NM8vNLtdmRyw+125dqnd2xs05yuf+2rsly7czseu9BfXW+lX3rSv3Rdu+5pVZy6ubty830cLL9ePjJc72T01/OP3q50zvoNB523/58Jz3cWs3+Ofbzf/TbXqk0V8YPP/CUCQAAsYSUyVx7Ke+Qg2Vy8PzQ2zldyT6xMT+8TeWdZbIXMKX8uyxlodL/hKv1uWe9B1/Vb+fdsrvSmKht9s6Scn1yKT/Nvk7+4ERte+WIXzlRJgAAxBJSJul+ebr1l79eHy2Qv329kH6YnoeWSX+v1+8nlWbv4bvLZHjl4uXeG8CyMpkanHXyy6qjP8BSq/Fw76l8J7JMtu61ShPT46cfcsoEAIBYAssk3b/+9fbW7X+MnuS/RLhgmaSr9D/9j8qkdqBMdpc/4TLZSbNk5of+i0JHM2UCAEAs4WXyWyteJkm53vv3enL+Tu/BTjJSJou/9i8bfTfX697JYm3wbq6r9Xbvwei7uUbL5NrnhX7C47csS8bPPvyUCQAAsRQtk79eujGaIk83s3dzBdwBv9jMblhPlc41h/9v/0ez00nvLvaZ6l6ZPGofuAO+PJXf7z56B/xC7wue/vKbB0/7d8CPlkl3+3HxgjpG234yfnIkUyYAAMRStEyGt7yPevCPvUKIu3e8C2vffSZ2pFMmAADEUrRMjnjK5FhNmQAAEIsysfApEwAAYvnIysSO1ZQJAACxKBMLnzIBACAWZWLhUyYAAMSiTCx8ygQAgFiUiYVPmQAAEIsysfApEwAAYlEmFj5lAgBALMrEwqdMAACIRZlY+JQJAACxKBMLnzIBACAWZWLhUyYAAMSiTCx8ygQAgFiUiYVPmQAAEIsysfApEwAAYlEmFj5lAgBALMrEwqdMAACIRZlY+JQJAACxKBMLnzIBACAWZWLhUyYAAMSiTCx8ygQAgFiUiYVPmQAAEIsysfApEwAAYlEmFj5lAgBALMrEwqdMAACIRZlY+JQJAACxKBMLnzIBACAWZWLhUyYAAMSiTCx8ygQAgFhil8kvj9+OH9mJnTIBACCWmGVyu1ZPvmiemV0ff+LDLym3xo/sw0+ZAAAQS7QyefD1dFKpv+12AstkfT4p16rtzdGz0+Xa5NLowW/uvcqkMVHbGj+zkCkTAABiCSmTSqWWVsQ+p678+OxN78nwMrlYu5GUr+yd7K5Uv7oZrUw6N9fGj07QtlcqzZXxww8/ZQIAQCwBZbKyP0uaGy9fjTzbqVy+8+jpzsjJ4bY+P7mwfLFSGx68/vbGXGc+Vpl0rtZPcpl0u42ze/+nO7IpEwAAYgkok87+MhlLgt6zE+39h4fYei9CHt6sd3pV8+xOtVzrLrXyMkkrpVRt/fjLxsXPaou/Zidrs1Mzl+vX2sudF9mH+Y8xOVFbzV+52e4kn013Hn5fqdRKlzvd3VfXztUevXi+9eJ5+uRMNf9D/Hr6oFSZWri7XD9bm17tne2uJNWb6WWrd1uly/d7Rx/N0jg54ldOlAkAALEElMmHejdXHiFJ5Ub6z+mztdJXK8MyOXhZWib9lugtLZM0Sxa3+x82Tg1eQFifP1POHqcRMnzNZLRMNgbXJWnA9L7s4uCypDw1ePixbGdr4UZ7Lf8f4iimTAAAiCWkTLq9P9znTbLx5s2Pd+frF66kjx+93CleJtlLJdm971ey8BiWycvHc83pUq+IhmUyTIhuVhHZDzD8sLo/nLq/XSaDs36ZbN1qzgx+/OTUzcGzH8e27rVKE9Pjpx9yygQAgFgCy2Sy/4f+fa8qFPqtwYMyeb0wPffLSv+XdPXL5FUaCZ3d3mU/tX+jTFrd7mYy0X9r2d5rJoMdskzSnT/V+0+baH5cfzFLmiUzPwxeMzqqKRMAAGIJLJPO1frw5Yh9C/6bFgdl0u3upF/2df5w8JpJenK6cX/14f3k7JXfLpPu9lKr30XbnaRSX7i7PHf9RvVsMz1Y/frK+a87qy+evP6DMvm+cvXx4PCj2da9G0efJV1lAgBAPIFl0n14s9Qrk8XsHVwxtlcm3dIweAZl8uB6M7u5pVLfeLP6O2XSq5or137KfqSFZjP98UqfTVWbvRvZdzfzN4Nt/EGZZF2UK31xc/Dssd/2k/GTI5kyAQAgltAySfdm41pzfit/k9VJ2Zlyfe+DezeG95zYO6dMAACIpUCZnMTVJ2pzD59svXi+8fj7d7xXzfZPmQAAEIsy2b+Xjyv5HfCn6nOPXo4/a/unTAAAiEWZWPiUCQAAsSgTC58yAQAgFmVi4VMmAADEokwsfMoEAIBYlImFT5kAABCLMrHwKRMAAGJRJhY+ZQIAQCzKxMKnTAAAiEWZWPiUCQAAsSgTC58yAQAgFmVi4VMmAADEokwsfMoEAIBYlImFT5kAABCLMrHwKRMAAGJRJhY+ZQIAQCzKxMKnTAAAiEWZWPiUCQAAsSgTC58yAQAgFmVi4VMmAADEokwsfMoEAIBYlImFT5kAABCLMrHwKRMAAGJRJhY+ZQIAQCzKxMKnTAAAiEWZWPiUCQAAsSgTC58yAQAgFmVi4VMmAADEokwsfMoEAIBYgsrk2Uq90cpt7vbPHsy285MHT3f2XWwnd8oEAIBYQspkbXYqKddyM2v9w9OV/smZ2fV9V9vJnTIBACCWQmWyP0J23nX4vttMzn4zfmbHdcoEAIBYQsukUr/YuJF2yOS9l72znVKWJfVKpVCZdK7WGxdq46d2XKdMAACIJaRMNuam6kvbwxpJH2zda+WVsr3UOjO3Mf4Jh9zuSv1UbetWc+HX8WfseE6ZAAAQS0iZjCyPk8zgxZPwLXxZSy4sdruvkvN3+kdLrenZqfrs/cXV7KOZaq3eXl5o30yq82u9O++nz11ZePhk6+eV9AcYfh07sikTAABiKVgm3dWv+/ecvB1/5r1XLdcufvsqfVAqX+kfLbWSidbwgqQ8lT8oDa4cbu58LfSVGgufMgEAIJagMtntV0H+Jq6LjRuDt3Vlez34PcLvuSd54eQ6+RdZas3s3bSSvTCy53InPdq4+01lon8y+CVhdnRTJgAAxBJSJh/iDvjOV/XeO7byPUm+XH7dHSuT50l1fu+SdD+1q+3N/OHtS8rkT5gyAQAgltAy6b920X+dpDt4/SQJ/a3BFyv7bhRJys25Z2Nl0h39dtm+a1281/9bHasVZfInTJkAABBLsTKp7KXC9lKRMtncu+u9t/aFWvYXm+wvk+7uyzOf1bNvcXm+8yw7mKxmH5bOTm8vTCuTo58yAQAglpAy6T5bqTdauc3BXSUPZtv5yYOn/dcx7MRPmQAAEEtQmZj1pkwAAIhFmVj4lAkAALEoEwufMgEAIBZlYuFTJgAAxKJMLHzKBACAWJSJhU+ZAAAQizKx8CkTAABiUSYWPmUCAEAsysTCp0wAAIhFmVj4lAkAALEoEwufMgEAIBZlYuFTJgAAxKJMLHzKBACAWJSJhU+ZAAAQizKx8CkTAABiUSYWPmUCAEAsysTCp0wAAIhFmVj4lAkAALEoEwufMgEAIBZlYuFTJgAAxKJMLHzKBACAWJSJhU+ZAAAQizKx8CkTAABiUSYWPmUCAEAsysTCp0wAAIhFmVj4lAkAALEoEwufMgEAIBZlYuFTJgAAxKJMLHxPnz5VJgAARKFMLM6UCQAARSgTizNlAgBAEYXKpFSuJQeMX2SfxpQJAABFFCiT1W/SDrnYaNWHLlxJylPjl73HdrZW75cqWd5UG/OdZ+NP/85mqrXbjzcWf3qVlOuNH8afjbKkMj1+ZCNTJgAAFFGgTJZaY6+Q/Hj9SlKdX7ze7vw6enzYLTbq6RecvH5nYX6+VJm+vT1+we+sMvhJksqV6dX9z0VaUrkxfmQjUyYAABQRWCZbf5/O3rtVubL3gkkjC5VrP6WR0Jx7n5c7+nt2J7l0/31iZN+KvVbzmyt9mC97IqdMAAAoIrBMspdH0jKpLY8epied9J/V+bXR08NtbXYqrZqDW2w20y9b+eLmwsab/CSp3pm73Mze9HXqytZut/vrysyl7Jr8BZw0UWbWs8u2Hs2P3P3S6nY7yeXO4Kt2zsz2Lup2Gg+7F8/WkwuL6QdvNzqnJ7Lrb/+cfa8HX03ln549l33lVv7J6XevnEqrrP7o5U5+Mlmubd5rp1eWRn7OT23KBACAIgLL5J33vmdtsD7/zsD4w81Uawd7ZrPdvPZT/qf/zfaFWmc3e5QXSG/byeft/NHwNZNBmbxKzn7TO1i99nl+/bvLJCnXB4d7S//r6t9lD0ZfisnLpPNVffg2s8ZEbbP3IC2Txfzwh/bwfWWf2pQJAABFBJXJ7srBJslcup/2w/jFh1v6iQ/Gz7qNUyNfbX2+eut5d+S1i9HHB8rkeVKd7x38QZkMHvT28vGZz7N7XVKTS9nBwTKpjobHUqvxMPv35N5hZ+TxpzVlAgBAESFlsr3Qu8nkgLQczof+ufzH6++4c71AmWSve2xsv+lcn0oq+VN/VCaPvzldqc0tr269eH5Gmbz/lAkAAEWElMnkgSbJbXd3kkv3x68+7LaTcv18+8no0eatZuPhwXdzHapM6hNjb9NaT87fyd98tTYzdbBMZqq15Fz+MsvO77xm0rlabw/u7x99N9fgKmUCAAAhQsqkfqr2dvws29bdG+0X44fvsd2Xq/Pt/t9n8rfvt3pnj9rZr/yqfHHz9s/92zsOWSbT1UEyVeqbvaR5NDt9un/n+vrBMkm/+4Pr2Z30ZxrL1z7vl8nmvZvpSfuX/Cv3v9dCs5l/nQdP9+6Azx8oEwAACBNSJtud7M/r7/R6/No/abvrpXOthbvLqblms3R1ZfwCiz1lAgBAESFlcvz3oFH7cfjB7nqB95jZYadMAAAo4mSWSbe7M/lF9lu2Sp9NVRt3xp+0DzBlAgBAESe1TOyop0wAAChCmVicKRMAAIpQJhZnygQAgCKUicWZMgEAoAhlYnGmTAAAKEKZWJwpEwAAilAmFmfKBACAIpSJxZkyAQCgCGVicaZMAAAoQplYnCkTAACKUCYWZ8oEAIAilInFmTIBAKAIZWJxpkwAAChCmVicKRMAAIpQJhZnygQAgCKUicWZMgEAoAhlYnGmTAAAKEKZWJwpEwAAilAmFmfKBACAIpSJxZkyAQCgCGVicaZMAAAoQplYnCkTAACKUCYWZ8oEAIAilInFmTIBAKAIZWJxpkwAAChCmVicKRMAAIpQJhZnygQAgCKUicWZMgEAoIiQMnn93c2kXNuvtbW2Pn6dfUpTJgAAFBFSJmuzUwfLJD2sNDrjl9onM2UCAEARMcskfbA9fq19KlMmAAAUEblMwuNkfb5y+c7C3eWF+fnwL2J/3pQJAABFxCqTWr3Ryk0vPx//hMNsff7M7OBOlbX5M3Mb+54ttlJ5avzIYk+ZAABQRLQyGdoLjPfaaJms75XJ3OVm+jUvzj7e2s0+nKnWtr77JvtGlfri053+9d2d6rl6Vkd3Bz2z1Op035w+Vave+ueDr/o/7eLIF6yca74dfLJFmTIBAKCI41cmb7bPVPrv5upcrS/2Hm2205y40u2Vydyz/mdUK7XsX8/uVMu9B+llt5qNh71cWWolE63+dd1uMnzNZH1+cml4bDGnTAAAKOIYlcnwK1Sby/lZ41Q/ObJu6eVH9prJ4DNuX6p1ut2tW8298NjtlK6uZA+WWhe/fTW4cKRMdleSs3vFYhGnTAAAKOIYlUn/E7fvl2r9MqmWa1svng91e2Uy/Iy1manF3usqSXkYG+vJhcUsXZZaMyM/xV6ZZNuZazaTijtPIk+ZAABQxPErk2732tnaj727StLqmFkb3kySLS2TYXLkr6J0ny3239bVezdXvdN/N9dvl0m2vGos4pQJAABF/D/kGUG/TX5LoQAAAABJRU5ErkJggg==" alt="Screenshot" width="100%" ></p>
<p><img src="data:image/png;base64,iVBORw0KGgoAAAANSUhEUgAABDMAAAIGCAIAAADGMlPIAACAAElEQVR4Xuy9eXgb133v3b/e93neh8/V+yptqtw4UmPHt0vUtFHb1E1vrnsX97b1ze21o7By7Tr0QtuyHKWO4lipZV/deKM2M6a80JRkWbYlUqIti6IsiSIILhC4SuJiURRhEqJIcREXkCBBEjve38wBBgdnABIAgREAfj/PN8zgzJkzA/DIOh+dM5jfuv29XgRJbCbtbpvTM+fyOj0+j9cHAAAAAABAWObmXV/I0MZvqYeVCLKU/F3pDZgJAAAAAACIBnKSCzK08VviTpAOeL3SiN/p8c67PLMu75TdPT7nvjnrHra5bky7BqZd162ua1NO85Szd9L5pcVhsjhNFkf3hOOqnK5ArowvFKVal3xUt9QOi9QmtXzN6qSzXLc66aSt/dNDMy66hol597RD0hK72+vyeD1eqAkAAAAAAAgP0xIGzCRdoRE/jfsdbpITr83pmbJ7SAnIT0Zn3SM2FynK4IyUAUlUnP1WyR9IV/pkl5BilWKW7WWBsGrskD5JQsh5pNZIRSjU/pB8LhKSL27MjM25LfNuq8Mz6/SQlpA4ub0+eAkAAAAAAIgEzCQTkKdNJDlxBvyEfGBWtpQZp2fa4bHaPSQJU3b35Lx70u6RfsobJA+WefopmUw0YZUtSiP00y6JELVMp6ATzTi9Mw5Pz4iNreBiTuLy+KAlAAAAQAbgBSAuxJ4UAZhJhuCVZk5IACQTYH5ilxTFQ5YyJ0dxFdqwBUIWIUUWGDneCOHqyIcoLbDWZgNnmZe9qG/URmd3SCu4fLKWSOu4ou6TAAAAAEgVxAEmAIlA7GcBYCaZA/2WpciLu5iluKWf5AbSdAqTBApTF6e04Y+yK5pwB/otKLCLnUU66cCYTbYR6Uq88oUBAAAAIL2gv8M9Ho/b7XbJOAFYMqwvUaeirhXWT2AmGYtfVITIsysLRLaakKjrhEnoWQbHZsN1NgAAAACkB0xLaBBpt9tnZ2dtNtsMAEuGOhJ1J+pU1LXCygnMZLkjqksUWZSh8VmxCAAAAADpAw0Z3W630+mkcaTVap2cnLRYLBMALAHqQtSRqDtRp6KuRR0MZgK0AGYCAAAApC/sTgCmJasNTyNIwsPkRH3PCcwEJB6YSbozafcOzXoGbQkINSW2DgAAILVhS7kcDofValWPKRFk6aGuRR1MvaALZgISD8wkrZmY96oFYymhBsVzAAAASGEUM5mcnFSPKRFk6aGulRQzcbh9N6bdXeOuK2NyxpW4pUxwsUjpnpS+mlZsBWQWMJM0xenxqb0iUaHGAQAApAXsJhO73W6xWNRjSgRZeqhrUQdT32qyJDOxObzfLBi5fe/N29+6efvbN29/Z/T2QsrY7e+N3V40fvt+KXfuG/qXczM556a/9cHoHR9N3vHR1B2Hp3Q3XGJbIIOAmaQjdneCp0rCRjwrAACA1EMxk4mJCfWYEkGWHupaiTeTgsaZhc3k9/cNrf+cziw95u/vPr2pmMkdR6xiWwni2V/8csODD1PEHQmFnSLZZ0lfYCZph9PjS9SNJQsHMycAAJD6wEyQZCcpZvLN3wwvYCZ/sO+G/obT6mB33Xsn7O47PrIoZmJJzn2x//mev/vmnX9IEXckFHaKZJ8lfVm6mZQer+RT28eKB4TyqdCjMpX78pvEokSjVojkRTw3AACAFANmgiQ7t8BMHq20kJa4PdL56H9Wh+eOD4NmkqS7TWAmqcDSzSRvT0n+O5/6U1BS3MaKO/PySwPlpbvzS26EHhWGG5899WGvWOjzvfGjXLFoyfz0R7n3BfLTF96ddIsV4ibZZuJwa2omjsR9MgAAAJIBzARJdrQ2k8cqJ0hF2Mnoh9Ptfb/bwa/mssFMMpdEmMmJ4Iu2yqCZHOsMlA6d2xeVmbz8Su59G48Ixckxk1/xL994LPfiPF8QP0syE7ehQSwSUctDsiNeAQAAgFQCZoIkO5qayf8sHRmZlddwybg93rJex53cHfAwk8wmpcyk9IbPpt9zsCekWAMzoSu87xV9aEmcLMFMnJOfv66lmRSXWVaU2dTlQsQrAAAAkErATJBkR1MzeaZ2dtIeNBO70/uPnwze8eEkzGSZkGpm4vPNCtMmgpk0lBbc96Pc7Mde2lHewUqKHg6p8EZ27iPcqjCSkMPXud2BQqHkvmc/Yxs//VGBz2196kFpoddTH3axwpHGz3b88hdU8sjml52hC5xGDEeys/2rwny8mTQWCJohvJGO8ne3bv4ZHfjQEy8NzPse2hBcYPZGI18xyAJfydVUPbmiyEK5q2z683Fxb9hEaSZ0UvE6AAAApAwwEyTu7LxWFnZbiLZmUjd/bdorPTtFrmZ1eP7qwxswk+VDIszk06YLHf58Xh40k4O1gfLm4neiNxNx2oQf0L+Rk2t2Bl7Ymh4quEj/79TvqeTWYj2UX/Dyj34ReDUbdhJDZSZWZc6Edj2Ub+D3NeT/rPJm8CVdw0Bg+2LBz0o57Xkj52dRmsnW7Fz1zS0Dpb9aeM5kgecqkpk0se1LUyuKJtUV1InSTPDsRQAASGVgJumYr+se/ZqqcIF8o/rxlWcf+d2a0PLa3K9WbxRKfkcvbXylIvfrqkbU+euWFx+7Ukgb9JO21RVYtDCTv3jv2t8f6v3Twut/sn/ggy7PkE2WE/l8E/Puuz4eXNhMfvmrF9hwv+XCRWXoT9mx+w2nUxk5+v727/8Hv5dy3/p/UvaqzeT2//BHrOR73/9BX9/1P/7uX7CX//TP/3LnH/6x0sh/++/3KofQNX/w4cfCWV7a/rJSQSlkL+lj5WvSS6Xm8mTpZpIwAmZCvJzN2UhwQN/x0Lv+eRL/Ln8160NFgXLyAbc0xPfLQ8+R05P+PTyCmZRuyTUHOsJPVYvHlOmUALOkMayX3/fwvpA97qaozGTy3Ms1YT72Rc1kgS8LDpiJ65eHLXec8vvGS9U2w02HoXHqlz3SS3PH1G1FlqZhe/Gl2UHFTGbmblvQT+ik4nUAAABIGWAm6ZhYzWTl2cfUhWESMJPo82z3oW09JfRTvUtJ0s3kD97qP9RpNww49rfN/NG+kadrZhpveudd/pkTOuueizNRmsm3/+TPBCtY/08Psjo7d+cLu1jeLSxiFQQz+fSzE0od0hIqUcxEfZb39h1gR5G0CLtYLrX6/+leKWEvH819SinJeUwcgy5DUtNM+GmT4ID++rEd9f5NxukX/Lvue+KIWd5oyJdLrh1hTQUVJZSgmbiddaUF9z0mLcQK7BJ6xXV+bRjjvux3pcka2hDvThmKykzqC/hJHoVFzUStDUqU1VwP1s1eFffO3VUzTxsFxyxf/TwoIcxM6Gf7jNiaEPE6AAAApAwwk3RM6pjJX7e8+LL50wUmTFZrYCa/aXXMOaUZEmq/ecjx7f03N9ZMN454B21eeeLEK31rMPc8kwXMhPLIY0+8vmMXbwVUob6hkS8R0t7xhS/UTJTZEkpPr38gqJgJ5bt/ftf2X7/CNyJchjoul/T0ev4lryX//C85yttZzqSmmfi4aZPggL5RusNECBOPoodzt34uPRL0vuwCVve+X30uHcvNvfCQmUxOWuWIb1+10KtJfdfHfT/6lXypQz8tHRJ3RWEmkXxpUTOJYs7EMzg+88MiCyt8pWzyjg8kXflu9Ry9vIu8pTV4iGQmH1pWvD+lbo0P5kwAACCVgZlomW/UPkW5Tf/Y7+ilZVS3VT32tZqnvq5/7Cu6J6UKtblf1T321aonvl779NcqH1l5Lvcrlblfq35qteGpVece+3rtU6sqH2UrsvxmUkMVnlCfZXX146uqn/x69eMrzz3xDfmkZCb0k3ZRs79b8egqvVSueMhvn32ELuMbtU9+5eyjrGSlajXXV3TiiX5bvmY2YUI/hb18km4mRZ3uiXnZS+QO3Tzi+Pb7kpy83+U2W72Tdu8nvc4o50wOFx9lJdSOMugfuHGDNwTlKKXkW3+wll7+l3v+nq/GcqXrqlJfMRPyFlZiMn3JN6tsf/s765Sj/tePslkheQhfh8/cXLh/sl6WLN1MEn6fSQDpVnizmzOTHv9MiBqnfo+0sModtIiDT0hH3ffCOb6agko/gqh2LTBnYlXdxMKVqMzk5cAbEW6MUVjUTKK6z2Ro+m7ZTJpqJotZyYyNmcmukjBzJoPXpu+qkfZGCu4zAQCAVAZmon3UMxhkAtJGbe5v6yR/WC0rhLoaKQqrIJlJTa7/qMihFtjUitIUNRucbPGbyRNfCZx0dc3jkcxkteFJ3oJWVjxOP//u4qsbOn5DG/STtkPrB5N0M/lFzfzVSa8rcGOJ3e198uz49z4efkw//fl1T+OI93GdNUozuX69XylUxv39AwPK9g/+5r8pFdZ97/tKuY+bM1HynXXfUyr7ODO593/epxTyLSjbr+XtVCoo0zXf+/4P+DpK+HtdQCLMJLHfzRVkx8O5T33YGzQTd9PL+ghXO3lu649+wW4yYZg//IXTZ1XPaTBU+hFEvUv1iBXuPpMnhF0dIWYSehPTQ8obufFZfPeZTDsWMpPPh+3tw/ZHpWkQq1TYaX3wwrx5xvlKqX/ORLnP5LhB8pPAHfCuFfsWumOeTipeBwAAgJQBZqJ1qh9nEyZSap/4SsWjK88+opiJsphKMhNOPG6rzv0KVTv7iGIm9PKr1arGWeqe9DcbzkyCysFOx6/gCmyHM5Onf7fiEbYheVGdtMFPlSwwbZJ0M/nW3v7Xm5y9U94ZaU2XtJfk5J9Pjt5xYOwP9vf/4f7Fv5vruef/jY3yx8bGlUJl6H+9v1/Z/vEG/20nBAmGUu4LZybf/pM/UyoTyu0lfCN8C8r2+x98qFQgWWKFbGZGOAXlH+//sVIZpLKZkAM07H765c3BFVlv5IT5SisGqUjps/zarY6i0iMh98tzqPVDQb3rYsHPTod8AVfwu7kqX8ltsPG7uO/m8o3xd6FM1ktL0ZSXPw/33Vy+L/a97f/0IqI2h2RHvAIAAACpRNxm8lfN21679tmo0+rwuJxeF/2k7ZfNn9xu+Km6MsLytcpHFUlYdU5ar8W2FzaT3yYhqWLTGk8E50wMT3+14hFpUZYqK89KExryRhRmQm36G5eWhy1gJqtlOVlZ8TjTkuiTdDO5/a2Ruz+YqB/23gw8Y5F+Hrw8u+79/jsOWu74wJJAM/nDP/6uUoFUQSn3cWay9k//XCm/ePGSUj96M/mXnMeUCkX732eFf/v3/4Ovw2dmZkapv8xJbTPx+WwGfkDvu37uvsdevtg9NDncddGgf2oDZxFf7HsocJMJ46GHnw5+T1woav1QCLPLPXZf9tM/3f3Z5KS17MDL2b/k5klsXfdt+FXHNemWlcrSgp+fuM6v7yL9KDV0jUxaOwyf3/ejn+3g3oit7RC9kaJyg3zgIXY/vXQDfc7rVNLRPabUFFCbQ7IjXgEAAIBUIj4zWVu/5fJMv8Mj/j1p9zg3dR1YY9ikPgShyDdy+CdMpFG+30yeWNRM/EdVP86bCYlEUCq4sKVWqw3S7SVRmMlTyomo2YXNZLXhyVi1ZLUWZvL2zW+9PdQy4p52BM2k5objvx++ligz2fbSduXld//8rrMV5779nXVKyW8K3vJx95nQ9p/++V8qexU5WdRM/vL7/0l5+Xf3/mPZyfJHHntCKem6Kt2ywtc/9FHw+4X/9h9+qLS5nEkhMwFRsMCtJskIbjIBAIAUJw4z+X3jv7q8C/3D04mbzVRHfeByj/4xeYWVHOmejae+VimVfFUfcIMIZrK69omvyquzvlb7dIiZyHqjVoh/r5Oa/R3dk78dlZk8/Y3qXPmqHv33dU8uZibxJOlmcsfeoXPXHS75CSY+uU9bHd4HTo3dsf9moszEx3mFkD/7y79m9YVvDe41m5U6DY3SPzwvaib8SyEP/eTRsPWLjx5TSiAnvkSYSfD2dzk9E6zYIpTbQ48CcaP2h+RFPDcAAIAUI1Yzud3w03nVVIkaqnO74Rn14cgyTNLN5D9/PHJzjn0/sHQCt8drGHTduX/k9vcnEmgmfX3XBVtgGbl5k9VXP2nxL/7qP7KS3//2nxjOG6Mxk9NnKr7753cJp/jWH6xlXxmsru8L/YZii8WilC9Plm4mQGNG50R/SFLoROK5AQAApBixmslfNW/z+sRxncJV2yDbR3WopvrwlM2IY0p4WTJiVFeLZm9i85zpI/owJ5wzQrlpdph+0mX8uGVHcCrGPxsjNnJrk3QzKTZ55l3+tl2kJUPOO4tGbj8wEb2ZxERDY9Pb777X3HJB3JFQqmtqC4v2l39+WtwBFgRmko7Y3Vqs6RLPCgAAIPWI1UwapkxiEwHOTXSsMWz6cnaYvaSa6sMXzrBj0uqa+9erHxwdqVfvVWfAPq4uFHJ+8qq6UJ2UNROL06YuXM2ZyYaON9V7UypJN5O8C65rVo/T7XW4vLUDzm+9N3r7/vEFzGR6aWYCUhmYSZri9CRxWZcTVgIAAGlCrGYSaSnXnNv5TcMz/+XCr5Ux37zbqT58gWzp/vDk6AWhkBzA6/O+bP50tfTQjDePjTTQS/PcCL08M9bKTkTbb/dXuL2eycAg/sCgnqpdmx8dd06zOsrw/W8u/J9p1zxVfvjy2/QyuyPf5XXTWRQzoUbsHueY08rco27yCh1+eNjwR8Zn1XtZ6PLodNQsbc+47WRWqwOq818vvMxaqJzoYIVUc9Rppe326T46NV0hbdMhbvnWnSZrD53I5rbTSzoLvV+f9Fe2683rp6lldjrmJLyZVE18wd7gFzP9vfKHk1JJipn80Vsjipn8oHiiYsBjtnq/nPLmfj5+e9E4zGTZAjNJX6YiP95kKZnCA0wAACB9iNVMHB7/cncep9dtnOpeY3i6bDS4woVqqg9fIDT4pvAlz5k+arH2kjyweQMafFtdc3/Z9G9j8sh+tawBbOPFnqPkAA1TJqqTf/3zWbfjwS/2vn7tBL1Uz5m80FPyTNf7VE4OQHpAXkFiw0Qi71pZ/VQ3ndHj9TL3oHI6I53onYFz6r2UH7buGLCP09lpL7sk3kxIS+iaf9y+hwrZ23nyyr6d18pIkHpmR5648l7FeNu2nhIyCmqWTvRr8yevXfts/40quvK3+s9SC8o6rgXMhFqgy1sti1NJdNNNWiYpZmK1e/nv5vrD/WPrDo3/h6LR298bW9hMDl51iG2BDAJmku5M2r1Ds6JdxBdqSmwdAABAahOrmTi9fjOZddsPDxtoZE/b//Zl8TcNz/zDpdc93NCTaqoPXyBqM2GDb8oFa+9q2UyYDyhLmJTBesH1M/Me55zbSQJASqDYiNpMSCForE+VqXF+IoKJhHJGtl6LKihvh3YJe5U23+g7ZXPbSTNWq8yEXipvSjl8tfwWlJbpCkla6JLapvtoF/mSw+OkCnSpq6Mzk9Xyoi86kAxHOUXqJClm4pOXf1wdd10ZC2RciVvKBBeLPzYXRioZDswEAAAASF9iNRNlNVeztefuC9vXGDaxof8dhp/aQxd6xbqaiwbW485pNr5nOTfRwYbdN+zStUUyE7oApgEnRy+QFXTZBrtnh1gLgpnQS1bzby78HxrZb776/pRrlu1Spjj+V9su2qByOsvGK/tPj11SDhf2KuUsVPPH7XumXfPMTNjiLqtrTpnEoMPZZVNeu/bZ+4PVQgurubtKSEv65kdXc2ZCTa2WP6WwZtJk7Tk20sCWqKVakmUmAKiBmQAAAADpS6xmctNpZQe6vR52j/ud53/2e4ZN/6nlfwvf2XUzsOYq+tDgmwbiNLLfIa+MYsufaIzOBuVhzYRG6jT0n3M7aYPdPb/vho4c6YetO3ZeK2PjeNIJdpcI/SRp+ZfLb1WMt1E5W821rafkjb5Tymou2sWv16KW6QKoTXIJ9V4+HTPXSXjoks6Nt5Mh0KdBhXT9dFXUwos9R/937zF6SbvYai7Sm4LrZ3I63/ml6WPWAlVjt6BQqDK7BUUxExIVuvLikfNhzYQ+MeVWmVQLzARoB8wEAAAASF9iNZNXr33GH05y8k3DMzTsVj8Pnt22jmiWaL6p7JYEZgK0A2YCAAAApC+xmsn3Q59n4vZ6/uHS6yOOKa5JibR7nkm65+HLb5eNtqjLUyEwE6AdMBMAAAAgfYnVTCj7B6vEVkJxet1UR30gkqScn7yq3DCTgoGZAO2AmQAAAADpSxxm8nuGTftvVEV6Evy8x/n7xn+lOuoDkeUZmAnQDpgJAAAAkL7EYSaUtfVbLs/0q+8toZJnut5fAy1BuMBMgHbATAAAAID0JT4zYfk9w6bvN7/4Vv/Zg4PV9JO2MVWCqAMzAdoBMwEAAADSl6WYCYJEE5gJ0A6YCQAAAJC+wEyQZAdmArQDZgIAAACkLzATJNmBmQDtgJkAAAAA6QvMBEl2YCZAO2AmAAAAQPoCM0GSHZgJ0A6YCQAAAJC+wEyQZCcqM6EBJYIgCIIgCLKcMzhmG7g53TdkufLljdtqNyJIwkNdizoYdTPqbHzfCzETXlkAiImxsTGlJ1HHmpt3IQiCIAiSjpmdc87Y7JNTtsGhm9+oexpBEh7qWtTBqJtRZ+P7HicmMBOwBPieBDNBEARBkPQNzARJdmAmILnwPQlmgiAIgiDpG5gJkuzATEBy4XsSzARBEARB0jcwEyTZgZmA5ML3JJgJgiAIgqRvYCZIsgMzAcmF70kwEwRBEARJ3yhmMjQ8qh5Tpl2+Wr3x/6546v9a3vl/KjcKH8v/p39iRVWulvla7VPK2alrwUxAEuF7EswEQRAEQdI3NFi0zTqmrLPDI2PqgX7aRT1MX57h5UR7LWFRLoC6FnUw6mYwE5AU+J4EM0EQBEGQ9A0zE+v03M1Ri3qgn3ZRj9GXbZTPRO0M2kS5AOpa1MFgJiBZ8D0JZoIgCIIg6RsaLFJo4Dg+YVUP9NMu6gH6so3ymaidQZsoF0BdizoY62l83+PHkzATED98T4KZIAiCIEhah91qwuRk5ObE8MjY0PDo4NDNdMy/y+9FWJTP5OGTNbcg5bXUkag7MS1R32QyBzMBiYLvSTATBEEQBEnrsAVd0zPzk1M2GkeOjU+Njk2maf7d3gGERflMcs4Yb0moI1F3ok5FXUu9lGsOZgISBd+TYCYIgiAIku5hcjJjs9MgkmKdnkvTrHj3JsKifCaP6VpuSVhfok4VVkvmYCYgUfA9CWaCIAiCIJkRdidAWmfFexMIi/KZ5FZfuiVRLkDd01j48STMBMQP35NgJgiCIAiSkVGP+1M/6gH6so3ymaidIempaaWoe5QQfjwJMwHxw/ckmAmCIAiCICmSFUWW1Ilv0q4ujBSfz/2hqpDlw0lfTE2xKJ8J8wTto/7tCOHHkzATED98T4KZIAiCIAiSIlEP0JX8sMs9Mmx/udq2y+R6XLXXnw63WLKExKQTt8RMtjV12Ryu/Vf6vhi3GgbH1RWWEvVvRwg/noSZgPjhexLMBEEQBEGQFIl6gK7kQ4vvh6rC0EwVjftUhfEnJp24JWZS1NnXOGxRlyck6t+OEH48CTMB8cP3JJgJgiAIgiApEvUAXckPu91912Z/wJVUzPp8864fnJr1uf1TJeQA6gN3XXf9+DPLD2rsPqsjZNfnjr5rcz84a3v5spOVzPu8v6i2PV49xxSIhkwv66a/89kMlbMK7W7fvNX5g7PzvsCl1jp8RXXTL1/zKGZCJYFT2K92+68qYCaz7II/HPd++HnIRaqjfCZqZ1CyralrxhFS4aeGjrPXb37UPTA+56C9vLpM2530s2pg1OFy77hkEg5UR/3bEcKPJ2EmIH74ngQzQRAEQRAkRaIeoPP5zqm5DwfdPp/3O/JLn8P1grxBisIqhDUTJSQPoSVzPrfnmc+Ul36RCNYPmIwiG1TCTt3uCZQ4/NccjZm8MOhlF7yiyOazLDKLonwmamfgQyoyMD1H1nGsZ5Avrx0c23+ljzZsDhftopCxsJfnBydyZUU5YR5SN6hE/dsRwo8nYSYgfvieBDNBEARBECRFoh6gq7P3preiRtrgxzZsV1gz2XXNPe9htcS7UGgXec7IqGwgRpdoJoElWAHZmFWfMSYz+ZC/5MXWdymfidoZ1Bmfc4zO2mnjtYumKbvT7fZSmJlY5p1tY1OXRid/095DL6Wd8l7KSfOwuikl6t+OEH48CTMB8cP3JJgJgiAIgiApEvUAPUzOOq92SRs+n+fk2ZBd4czEPjU4x7bVZsLyHZNHnsqY9Y2H2ILKTCw+p2tXScixdA3yxpTaTL5z2S2u5upwCxe8QJTPRO0M6jTfnGSrs5Q1WmQjzEw+6RmatjvZUi7KTZu92zKjbkEd9W9HCD+ehJmA+OF7EswEQRAEQZAUiXqAruTkuPtl6SYQ21WH7wVZD6T7TBxuKinq9x/4wqD3WI31hyHyYPPNu75zauZlk1s0kwZnUfPMj4322ln/vfXKfSYvyy/VZiLdZ2Jz0RmPDfrP2OT0FRn9jTMz2TvqPdk883izs8/hE82E5Ee+YDrFyQv8RYaJ8pmonUFJac/guf6bB7uuzzvdX4xbc2XxOHClr3nEQiXMTF67aBqdtbMZldzAfSYfXe0/3TfyyoVudZtK1L8dIfx4EmYC4ofvSTATBEEQBEFSJOoB+rKN8pmonUGbqH87QvjxJMwExA/fk2AmCIIgCIKkSNQD9GUb5TNRO4M2Uf92hPDjSZgJiB++J8FMEARBEARJkagH6Ms2ymeidgZtov7tCOHHkzATED98T4KZIAiCIAiSIlEP0JdtlM9E7QzaRP3bEcKPJ2EmIH74ngQzQRAEQRAkRaIeoC/bKJ+J2hm0ifq3I4QfT8JMQPzwPQlmgiAIgiBIikQ9QF+2UT4TtTNoE/VvRwg/noSZgPjhexLMBEEQBEGQFIl6gL5so3wmamfQJurfjhB+PAkzAfHD9ySYCYIgCIIgKRL1AH3ZRvlM1M6gTdS/HSH8eBJmAuKH70kwEwRBEARBUiTqAfryzPeOTSmfyYtNXWpt0CDq344QfjwJMwHxw/ckmAmCIAiCICmSsi/n/1/VMH25hdcSFu3lpGUoOGkTKfx4EmYC4ofvSTATBEEQBEEQJNbw40mYCYgfvifBTBAEQRAEQZBYw48nYSYgfvieBDNBEARBEARBYg0/noSZgPjhexLMBEEQBEEQBIk1/HgSZgLih+9JMBMEQRAEQRAk1vDjSZgJiB++J8FMEARBEARBkFjDjydhJiB++J4EM0EQBEEQBEFiDT+ejMdMDuaX5O2hlIo7tOXisZIbYhnQFL4nkZlMz8xTrNNzfKass5NTtgnL9PiE1QEAAAAAAJYNTqeTBoGWyRkaENKwkI0VKTM2uxJ+PBmPmXTX1pYeP52/p6T0eGWYnGnts4mHRIXH2tdQu5u0J79U320V96qAmdxy+J6kmElYOYGZAAAAAAAsH5wBFDNRBoq8mdhmHfx4Mh4zYXSWlcozJ2FS3CZWjgJb3p7S4kt+Iek7d4LaCa0gAjMJYjPll5vEwuTD9yQyE+pefJ9TFIX6IvVI6pdKHwUAAAAAAMsBGgROTtmUCRN+toS0JGFm4htqUDtJ3GbSc+bTc0OhRW2VH11y0//nHbrYXl6+O7/keJdUXHpAMqLdhad5MymWC88FZlqK95S6+pupZEp65dxXKO1991hzFDMxacutkBO+JzEzYVH7CfVI6pcuGbHDAgAAAACANIcN89QoZqJ2koSaic+kdpK4zaT2UEmnUDTanH+mj/4/b19tXtHpk7UdnZOkQ815b53u7LraVFu9u8BvJra2yvyPz3d2tCq3vhSTh+SX1l/ooO1xQ/nBs62dHR379tV2epTWM5DjhSUaywnfk3gzEeREMBMAAAAAALBMUJZyJdtMfGonkVN6/Eux5qKc26demtWZd0yylbw9nypFpfnBJV6ni+RDuqp3B4Tkhu7EuVFpg8zEHqgmmYlO0/H6rcM91VRRe8MpFicNvieRmVDf4vscbynsPnixqwIAAAAAgMzCHQqNABUz4YUk8Wayb09Je++IPRETEWFXcxW3yau59lQqZfu4m0/Yaq4pQ3nenhNTkxYWdjHFwj0qTktxUUn+xxdvJOJSUxX37oLT576M78sH4oTvScxMlIQ1E6GnAgAAAACAzIaZSVgtmZ1zUvjx5FLNRCyKm77ze+W1WwFs9R+XNM1JW7yZ8HMm/mkWac5EvAzRTCTcVG2fwSIWZwpTlyo11hLfgmbCKwrMBAAAAABgGeLxeNj3BavNhGlJQs3kzZLi0K8M5ldexcrpA9JisHMNHU2152kj/7j/xhPeTHw3GgL3mdTy95nkvVXedKHj5LFyVsKbSXvZp/UdfT0drXn5J8RpmUxh6lKF9lrii85MmJywb+jyAAAAAACA5YRgJoqQJN5MyB9O8/Mccx153A0eIOPhexKZidLDYCYAAAAAAMATMJOwTpJgM+m70CqU1Dcsk3vNgQTfk3gzERQFZgIAAAAAsAzxer3sSSZamAlY5vA9KayZKH7CvjvYCwAAAAAAlhMwE6ARfE+CmQAANGN4dr75pqXqxiiCLOfob4zSnwXxjwcAKQbMBGgE35NgJgAAbaChWOvYVBuCIGNT9GcBcgJSnEhmMjfvYuHHkzATED98TyIzob6l1hKYCQAgsehvjKrHZwiybEN/IsQ/JACkEryZKDbChx9PwkxA/PA9iZkJC8wEAJA8qmAmCMKlCmYCUhvFTNROAjMBiYTvSbyZCCE5Yc9b5I8Vuy0AAEQHzARB+MBMwC2HH+CpoREgjQMjTZjATEDC4HtSrGYCAIgS+o/+zMzMWCxQfbfbLTaUKegHx9rHrQiCsNCfCPEPCQCpBMwEaATfk2AmACQJh8NhMpkuxQLVHx0dFRvKFGAmCMIHZgJSHJgJ0Ai+J8FMAEgSV65cqYwdnU43NTUltpURwEwQhA/MBKQ4MBOgEXxPgpkAkAxcLld1dbWoHdHR29srNpcRwEwQhA/MBKQ4MBOgEXxPgpkAkAymp6dF4Yiay5cvi81lBDATBOEDMwEpDswEaATfk2AmACSD7u5uUTiipq6uTmwuI4CZIAgfmAlIcWAmQCP4ngQzASDhzM/Pt7a2isIRNVVVVdSC2Gj6AzNBED4wE5DiwEyARvA9CWYCQGJxOBxtbW01NTWicMQCtUDtiE2nOTATBOEDMwEpTmxm0mXrQpD4wvckmAkA8WGxWHp6ehobG+tCWaKTKFA7QssGg4GMhc4rXkqaADNJbNauz1EXLpr4jpJiPrVBPyIWJjn6k9tXPpovFGat36muuWjueXCjurA9wim0CcwEpDgwE0Sj8D0JZgJAHFit1ubm5vPnz1dVVYlKkUxIV+i8dHbxgtKBmMzk7KEtWetztl4WyzMv9DbvOcmP+PVrD5mUl4U7cs6qDmGJzzHiO0qK+cS9FZqbyYntWQ+IHhKfmdydnasubI9wCm0CMwEpDswE0Sh8T4KZABArTqezvr5elIYoII0xGo1NTU0tLS30k7bjExs6O12DeFkpT+qYyd2xt3x4b27WDr26PJosfDp6m/fr+JJUNZNbmpaTrxUGtuMzkxQMzASkODATRKPwPQlmAkCsXL16VXSFxdDpdL29vXa73e12ewLQNpVMTEyQqIgHLAZdg3hZKU+8ZmKijVXrc7LkrHz2ebZB0VNN3U7aWPPoRlZS2E/1Rwrf8L+UDpR1gobj9++Vamat37J1s38XDXClwW7rAaVy1rNHWGWlwSx5HB+sEDqsp5drsgO7cqQVQS36fK5kJ12PcDr+2tYdkQwkS/SW8Gaydn3unbtK9V0tr+7azA5cG7iYddk5BS2mwkM76c0a5ZLc514rMw/oW/VZ2a9JdTqOrHrhQGHrQMH+7asEMzEUvmTo1JsH7s7JaZHPvurRjSufydebTXdms5JALh9hBkW/mk1vbKP273og586iunv2V5xtKc168gCrdtf2A6y1rF9X0MsNOTll/eNndXupNVYhK3vzWfNAme4A+9WwkHi8apY25E9PntwYPHXPyRG5G0gecrhoyy56R33jUgvrN96zX0/vbtMLGwXly9p+YNOZltKjO+85UbfpmS10kesC74J9XNQg/XLpmqUPZ/0WVsJOQR/1phe3K4dvONpQptvrPzzw3lk16Tdy+cja9Zvvot8ItfPkgTUvHqBfwUu/3ripNeR6Fg7MBKQ4MBNEo/A9CWYCQKzEKhL0B62vr29ubk5sSMblcpGcUB3xsAWhaxAbSnmWZCa/PsVGmbT9fheNuU/RhjSWlc0kK/t5GknTxp3728k07pQc4wAN4mUBkIa5a2UTuPv1/A1vHGoXZWCkoMXcPjpQsGMjVzn37oMNZw2FVLNMqqO/nwpVcyZS+0/uLGgdeHV7bpY88N30pHSiTQZT6dHXaGOlfAh/ujslWaqg08mXLWlD6MVI54pgJjnMOuiCs7KlkfRav2OMKFawcv1mYWTM6rz6Qk7pqL+EXac69IHLkxL6rIf3vi9XDpQEwpkJW36mP7otK+AbK+VRPt8aG+5nrd/GSgpel02y9cD9gSVhdLXBQ7qO3F8hbWRtPbBpq9ymbid9LEo7/MUE38JoyGcl7/K3mZW9cYPOf5EF8tthHwW1c9dRM6tzv3zxIWZyMdBOtv+mFP/h4c3E/xu5a31gXmu0Ye3BTlYtmsBMQIoDM0E0Ct+TYCYAxIpOpxNFIQJVVVU9PT3i8RGgmmEXd9XW1prN5q6uLqPRqBTSNYjHpzxLMRM2KqVBobKSx79XNhM2PJVmJzYfkevksMGopBPyqHFtqFeEyIC5fV1uyAwJXzlw6ohm4m/n8hF2rNJIYFsar/OnU07Eny5EACKbiVLItv0l3KBZ+gTkiyw9UbjqgZBTCMcGY25fG3j77J0Gzy67QbAmZyb+C5Y+fL+QKM2++va2wLuTflP3ZueUDVr1hgPrZA1gvx0lwcbpk3nmEJ1CcoOLB+i89F7YucKZibKayyT8UqgDKHWUi2Tvgl0h345wCn7hXPAU7PAIZsJK7g++EfF6Fg7MBKQ4MBNEo/A9CWYCQKxw1rAQJA/Dw8Ner1c8PgJUk+rX1dUJ7ZCWsAqDg4N8eejRaUDyzGTl3gYquYcGu1tPsAPZP37fxQ3NI5kJbfv/EV1uSqgcOHW0ZiId6x+nmmkjK1ta4iWcLnSGRJ129nZY2Oi5PdQoVgbmduSXdcq/09+fnbOmqL3duPcnBn/NdXIdbugsmknWw3vZxtkjzy/dTA7vzfXPtxx53r8K6+2NxsB0DTuWSaM6d6/PeZXNltBVbT3BJltS0Ex2bYeZgOUCzATRKHxPgpkAECu8HiyA0Wi02+3iwfJzGKempsI+S5Hqk4cI7XR1dbG9wq7QQ9OA5JmJvJqrM4tNnshDRm41lygb7Nh1B1vOtnTqmZkcMbUPtv/82TCVA6du+MnD0n0jdBb+IgNXGDQTdleJspqL3WvBn46tNKNCY2vDS6V1tLHmgZyXQl0lK9t/0wVFuS1kLbuvRkrE1VxZbDWXbmdwVZJch0b83Jg71Exy/ce+9FwC5kzoF1QaaI39pugDCblZpfXAukPh1ztRzfvZHSayGDDH4M1EUZpbYCZdR+454V+Edk82zAQsF2AmiEbhexLMBIBY4fUgEjqdbnR0lD/K6XT29fXxUyK0TSVkKXw1Qnh+fFVVFclJW1tbbW0tXy4clfokz0zuP9O+Mjtn1ZbgUynufUZaoXT/0RZ2J8DaUDPRV+TT3jVbDtEw2miQ7oC/c/uRw/0jbNTOV1ZO3d7fQqfIygm5myJwhUEzkdJdJ62kenDjYel2fPF09PL+LdK1rXpmW+5JaYyuNpP2YVOBvCaK6ijDeroqVpiV8zx/S7cUc4N8bc8HbkSx3rsxNys7l97U1mf9daQS+W1uyg0xk8OHZIN6cLPx8pGlmwlp0p0P+ltbJ/+m1jy4peBMhZSj+avebpEOPyPdvUO5+40T/JW06/OVj33X9pyfGP3nCvzGR+iDkubEbomZUOXtm9mHry/dBjMBywSYCaJR+J4EMwEgVng9iER1dbXL5eKPIlFR30ZCJR0dHULN3t5eoVpY+EPSgpjMJNpw95lkdoIekkYZrOAf1aJoA8ICMwEpDswE0Sh8T4KZABAroiKo0Ol0169fV+q73e6RkRG9Xi/WC9DS0kJ1lPp2uz2am+yV+ukCzGQpSUszGTdlbczXy99fvOnFjVs71BWWdWAmIMWBmSAahe9JMBMAYkVUBBWXLl3iH9NOllJTUyNWCoU3GYJaEGuo4OunBUkxEwRJ28BMQIoDM0E0Ct+TYCYAxIqoCCp6e3v5p5fU19cvOgdCdbgzRLWgi6+fFsBMEIQPzASkODATRKPwPQlmAkCsiIqgYnx8XLl1xG63i7sjwH+RF7Ug7lahVE4XYCYIwgdmAlIcmAmiUfieBDMBIFZERVBhs9mUx5hMTk6KuyNANZVTUAvibhVK5XQBZoIgfGAmIMXR2kzOttRfnBYLkeUQvifBTACIFVERVMzNzSlmYrFYxN0RoJrKKagFcbcKpXK6ADNBED4wE5DiaGkmV3buKcmTU9Z/5WL1CdooqGhRVUMyM3xPgpkAECuiIqjgV3M5HA5xdwSopnIKrOZKYNjjJvQntxcOiruWnpVbSpWHYKR/uIeZaB/uOevLJDATkOJoZSbTF5iTKCkoKpV+nmkSa2qevD2fqAuRhIfvSTATAGJFVAQVwh3wjY2Ni94BT3W4M+AO+ESGexBeaoSG4Eflhw+eqSj90l+oP7kz6wH/dbYY9q5Zn/OSofP9o/lZW0MfRxjI1s05/icYnpEeM08xNh6gFpRnhvzk0ZysR7eVmQc2bMx5NXAWIVnrt+jNnbsO7Vz7QE6h9FzI5WUmt/LNyoGZgBRHEzMZNRbvD9GSoJ/EZya9FXTs27oLfGH+npL9zaqaUQRmok34ngQzASBWREVQ0drayn9rsNlsXvRbg6kOdwbxMfBh4eunBTATfzoOhTxbfdx6eP/zWes3Ks9rbx8fOXt5gG0rD1kX8vNnxDe1Jjtn166gmRi7Oo2j8q7+U5GG4MHGOw6tKWpfZmbSfivfrByYCUhxkm8mPTpeRfbsPZoQMyk6XJa3pzRYMm14+5NTGptJs+64uhCJFL4nwUwAiBVREVTodLq+vj6lvtvtHh0dXWDapLm5GU9aTHD69fIz/qRph1UPS4P4s4e2FMq7SFTuefGAvqslK/u1V2sOvGToLNz7/L2fy48qH21gR61av/F+nVSydn3OGqps7izcv50NZLOyN2840aJvbbj/aLv0cvMRtpqL1KK0a2DrK5tpQ2rq8pE1j25kx64S1KhiJ7sSIVs3i7LRLjX7vLwxkpWzkzY2PZmz8nVpkiSsbhXuCJpJMKMV646EH4Jz2mOSJ2eCZkJv86x54O6cHKP8Ul+6s6DFVHoi/85s+cM88jz7EHYdypfqf3li1QvSR/rqrs3C4xSzth/YdKal9OhOEqdNz2wpMw+sy85pCdem30xGO8nQ5Akc6SOl+mdbTmU9G/KmVsnlhUcP3POu9FFkrZc+GTn+68/aXLjmucKXzlTopbNsu3u/ns0dlTFVY2c3n1pb1KI3ywZ4+Yh0/eZOupJVO/T8uZIamAlIcZJuJvn5QQ/JP14nFQ5XB+Wk6LR+VDxk8fRW7DdUF+WXKCUdxrJPLlVobCbHDwYvAFk0fE+CmQAQK6IihKOtrU2p7/V6XS7pv+BiJZnq6ur+/n7ljnlfdDeZVMJMFszhtzfukke37dLIVTSTUnmE+pOHc7Jy5IH1uDlLHu6X7d9cIB/1/m9ys5480C6biT7QJhv0Z4WOXP1mMlhxpzTnQCUjBa/nlo1Lg92s50rZsSQM/L0odCWrHsyhq1q5cRsbo7OEMxOzsprrJ7IkkJ+wUTtdGLWQ9eDmu9/2r+Zqj2AmNDRfYDWXf7v/1J3724Nm0nrg/gpZ1Qx7N7WGHMLeC/3kC3f9Whn0m7N+HbyedukUm9kGfaQbZNnTH91WwBmC0iYzE9IS5mD0ka492Mkq3BWqYcJ7DGMm6/1CRbmXaQ/ly1K/f4ZWpl8ZXT/rEsaKnSsDF6xBYCYgxUmumfDTIxSlvCi0/PS4eOAi6ZUlpO3UwUtXpJc3zr1NjTeXMzMxnvmE2ixvMxwsLDnaI1doLi8+88nBM1Wnr0oV9heU7D9TVa47o5dby9tzdM+HZ2o666Qb9D+ulk/R+PZn58rbGss+O85mdY4WleTtPSodVX/OP1cz2U7v4uLgpYsWOsWFvIITZ9sMR49hFiVi+J4EMwEgVkRFiMDYWMiwg9yjp6entrZWr9dXVVXRT9qmEpvNJlSLZilXJcxkwfBTCmybNxNWTiagaAYTjPvZcN8fadS+lmuHjYAL335+ZXbOPftP8QcqjUth//bPrU0K2RuarPXblG21maxi0y/Byv7ZhpBcPHB3qX/pVxgz6T61wCSA8mZXbmaG5h+sS+0EdrGSli79mkdzWYlkEaMD7EMoNUvt+DXJH8UT5FMErif4Ieh2ssVsYpuXj6zK2bjm7RalPtdmyCdTdvS1rAc2F3aN+08RxkyC18A3EmqVATO5fGRtsH2T+reQvMBMQIqTXDPp6jdKY/qAgez8uIoKO69VKSUFZ4yGFqN41KJhZkJSkV9GP4vfLdn5iUExk7w9x48P+mvm5ZdLG83lRcYvAocb8opr+NaCytRcrp4/ySuq6GJmUnSOldA229gfdC3JTDpDD0SE8D0JZgJArIiKEAGj0ch/3RbD6XTOzMxYrVb6SdvCXqpvMpmiWcpVCTNZMPxtGNGbiXpUyo1ZQ8a7NDTPyn5NObBdn/9zZRWTbuemi9GayUruNhLh7IKWGE++9nPjqXWH/NMIXBqUuQXRTMwVq3aEzGAIUd3E4h+s0wWHTmsMZD1XyrYLd3HzP6MDBTs27hq03q/MS6gS2UxUbcqfWGnRZv+ciW5n8CMNl7KDz7MJmeDvZdB/R02omYS/UYebM6nboFz/qH6B95LwwExAipNkM2Fj+tAZEj5x32fCJESaKpHufS8tvip5RcBM+FP4zeRob+DYQZ1w0qCNBM3k8v6Dn+wpkFtQzCTgM+HMpOvoh0fzfvOJUZo/4a4T4cL3JJgJALEiKkIEqqqq+vv7xYMXhOqTz4gNRUA8OOXR0kwO781VviN4ZdRmUrZfvE0ioplIL6U7QAKrufTKaq5d23PKxqM0k5Gsh/cqL3kzMVbsZGuflNwtj5izsp8XrpBq/sTg3w4xE3PF/YG7RPwZNvnviQ9ENWoPruYKVSBT1nZ5jmi04ScPh6xMkzSjS1rNxdaYqRPZTFRtBu4z+flmeQXdYMUCsz1SAnMdWeu3sxKSN7WZ3Jsd+iEEow8Y3Ujhjlz/aq6TrynLzzQIzASkONqZyaFL7cHy6daEmEmH4cQn1w3+L+kKmsknQQ9h4c3EVqeaMxHNZE9QOb6I0kxYThcfVaZrECF8T4KZABAroiIsSG9vr8fjEZtQQXWi+aZgHrGJlEdLM6Fs2LIxa33uqi35pArt0ZkJbRS8vS1rfc6qZ7ZtKG1vD2cm69gCpAc3lg2HHGg0HpEO3LLzpUbZKCKbSWnpTqmFBzau3VqoFLZzZsIvpsqSVzqVHQoISf+pe2RFuX/LZnaduWeCd7fzZsK3wAzk7JHnc43B08l1IpgJVT5TKB2Ys6VUFryCN56nlxvOmFr0+XQ9Zz+X38KDG9e97r8N5qXXpQpZ2bmbdOaQU0Q0E7FN/hNjF2Y0lrLrX7dduudHyd3P0G82Z+3WA4XyWjJjI/vk8wu6zWozaZc+K6k+XW1h6P02Gzbn0gWz7a3bpc/z/qMtETQmKYGZgBRHMzMRV0kZT0t3gyzRTLpsV6iRDlao3GdScZwKj9ZVl9dV7Dwm60SImUj3mRzUSXuPX5deqs1k/29KilsaL16vz88/uoCZlH9ccrCu/mznJbKdg2eqqP67e0uM6qtF5PA9CWYCQKyIirAgOp2upaXFZDKp124pTExMUJ0oF3EpiK2kPBqbCYKkeGAmIMXRzExOCOUJMpOundxdIoquXOw4tzO/JC//6NFLl9iukFmUYSPbWynfea82k06T/5uOj3a0LmAmXaNGqrPzs7ou26V8eelXwTHpRhokbPieBDMBIFZERVgMUg6DwdDT02OxWJRnwxO0TSVDQ0NtbW2xakklzARB0jwwE5DiaGYm4VNQ0aI+BMnI8D0JZgJArCz62MSFqa6uJlGhn+KOWKBrEC8r5YGZIAgfmAlIcZJuJgjCwvckmAkAsdLV1SWKgubQNYiXlfLATBCED8wEpDgwE0Sj8D0JZgJArIyNjVVVVYmuoCF0duFhKWkBzARB+MBMQIoDM0E0Ct+TYCYAxEF3d3ccd4YkBDovnV28oHQAZoIgfGAmIMWBmSAahe9JMBMA4mBubq6+vv6WyAmdl84uXlA6ADNBED4wE5DiwEwQjcL3JJgJAPHh9XodDofFYhnTkJmZGTqveClpAsxEndxH/c/TiCkxHaU8vyWBWflovroQiTUwE5DiwEwQjcL3JJgJAEAbYCYxZVOu8BjEmNLOnmbYnkAzGTwV4Un2YdKi27ky8BjHTVtys9ZvUa4nmFFz1gO5ytMV21sPbNCHPPY+4wMzASkOzATRKHxPgpkAALQBZhJT1ogPaI8lFw8k3ExaTr4WvZls3ZyT9esKabv7VNbGvWHNhIzlVV3wue/t4yNZz5Wqm8rgwExAigMzQTQK35NgJgAAbVgmZnL20JZNb2wrMw/c9UDOnUV19+yvONtSmvXkAbb3ru0H9OaBu3NyWuSXTBvokKzsjVRT36rPkoWkpX+ANqimVM1QGPao9stH1jy6cc2LtKtzVah+6E+8tqlxgB1OlVc+k683m0pP5K/coZf2lm67e7+ernDDxpyyUe7iLx/JPbQz92hFwRlJKnKfe43qbHphY1b2a/TycNGWXWapTdrOWr+T1V+XnVPQYio8tHOV3LISqlDAtcybSRZ/qZd5M7HekyCJSpfATECKAzNBNArfk2AmAABtWD5m8qpZ3tbtZJpBWSuMuXU72fxD0EzWb2O7tm7211SOjXQUDevvLpU8gbUQMqGh2xl2zoS1mbX++UBJe9auuuBRl4+sPWQKvvRHr1ykcgpmJlS+9mAnK7k/m3+DpixRVMLMmUgJNZPCHTln1XUyNzATkOLATBCNwvckmAkAQBuWj5n4R/DhzOTVt7dlrc+hqMxEnoUIaybm9rBH8cP6GM1EasofXiFCPaH0ROGqB/zVhFOwq6U3pdRXLluOPm4zOayuk7mBmYAUB2aCaBS+J8FMAADaADM5vDf3fXmN09kjz0dvJlkP7w171BLMRDUbw8J7gnHvTwzyRteRdRHMZEM25kyWFJgJSHFgJohG4XsSzAQAoA0wExp5l8ovX3ouhjmTrNwDYY9a2Ex+3uHfVpvJvdk5Rr6yEt4TdDs3XZQ29Eel6Zp2+RTKrSPsagt35Cr3z2St38w1NZD17BHeMXgzeV/fHqwZaib03tmNNIUG9aKyDAzMBKQ4MBNEo/A9CWYCANAGmEn7+MidD+ZkPbjZePnIomair8gnJXh/3Hr40Gthj1rITMat6x6UVmG9H85MpBa2bJSWaT24sfBL7qhQT7h3Y25Wdu5hs2nrs/6LXyMv7jobMBMp5oaV2TlZOc8LqrNyfa5/yiVw3uAd8NkbgzVDzxjQm5GsB7bzrWVqYCYgxYGZIBqF70kwEwCANiwTM0EoxpOvRVwzFimSpeB5JgCkEDATRKPwPQlmAgDQBpjJcspI4Y6N4deMRcirWyOsMcvcwExAihObmYhHAxA1fE+CmQAAtAFmgiB8YCYgxYGZAI3gexLMBIAk4fV6Z2ZmxmKB6rvdbrGhTAFmgiB8YCYgxYGZAI3gexLMBIAk4XA4TCbTpVig+qOjo2JDmQLMBEH4wExAigMzARrB9ySYCQBJ4sqVK5Wxo9PppqamxLYyApgJgvCBmYAUB2YCNILvSTATAJKBy+Wqrq4WtSM6ent7xeYyApgJgvCBmYAUB2YCNILvSTATAJLB9PS0KBxRc/nyZbG5jABmgiB8YCYgxYGZAI3gexLMBIBk0N3dLQpH1NTV1YnNZQQwEwThAzMBKQ7MBGgE35NgJgAknPn5+dbWVlE4oqaqqopaEBtNf2AmCMIHZgJSHJgJ0Ai+J8FMAEgsDoejra2tpqZGFI5YoBaoHbHpNAdmgiB8YCYgxYGZAI3gexLMBID4sFgsPT09jY2NdaEs0UkUqB2hZYPBQMZC5xUvJU1oGZ1UD84QZNmG/kSIf0gASCVgJkAj+J4EMwEgDqxWa3Nz8/nz56uqqkSlSCakK3ReOrt4QenAyJy9TTU4Q5DlGfqzQH8ixD8kAKQSMBOgEXxPgpkAECtOp7O+vl6UhiggjTEajU1NTS0tLfSTtuMTGzo7XYN4WekADcVaRif1g2MIspxTPTgGLQGpD8wEaATfk2AmAMTK1atXRVdYDJ1O19vba7fb3W63JwBtU8nExASJinjAYtA1iJcFAAAAJA6YCdAIvifBTACIlVhFgv6g9fX1zc3NiQ3JuFwukhOqIx62IHQNYkMAAABA4oCZAI3gexLMBIBY0el0oihEoKqqqqenRzw+AlQz7OKu2tpas9nc1dVlNBqVQroG8XgAAAAgcdwaM7H1m+obOuwesRxkMHxPgpkAECucNSwEycPw8LDX6xWPjwDVpPp1dXVCO6QlrMLg4CBfHno0AAAAkEhuhZmMdeTtKZHyznlxF8hc+J4EMwEgVng9WACj0Wi3h7nJdX5+fmpqKuyzFKk+eYjQTldXF9sr7Ao9FAAAAEgkWpvJxWOlTEuaRpbwHS9DDe/qhpRXN3Qn8vac4HYnhKFz+2R92lOyr7xD3BkX1FRxm1i4fOB7EswEgFjh9SASOp1udHSUP8rpdPb19fFTIrRNJWQpfDVCeH58VVUVyUlbW1ttbS1fLhwFAAAAJBCtzaQ43z/cF3fEhFZmor/Q0XSheXd+yUWbuDsOYCYKMBMAYoXXg0hUV1e7XC7+KBIV9W0kVNLR0SHU7O3tFaqFhT8EAAAASCxam8m7bB3XnhL5r0Tn3vyS0stincXRykxu+Lf78vY1j4TsjQfFTGoPLU3M0hO+J8FMAIgVURFU6HS669evK/XdbvfIyIherxfrBWhpaaE6Sn273R7NTfZKfQAAACDhaGsm1o6+ptP+m0zk7D3TJ9aJhkhm4hnKy/+0SZ7oyNtTyvbmvVN9+vgJKjz4VklnW2V+USVtByZt3HTs3uPNnVQ/X3AbzkwmmneXmeStgX3lzVP9JjqcXQA5hr53ZGrScrCgpM8u/R0vrQHLP9HZZSLpuhF6i7/fTJy2j/aU0CFTcn3+As7dkEry9px+91gDvYXSopL6LxuO13bUnz29e0+JtHLcY8orrKTGae9Bw3hI6ykP35NgJgDEiqgIKi5dusQ/pp0spaamRqwUCm8yBLUg1lDB1wcAAAASi6ZmUlxQcrBhqL3sU8VMxuP7eq6hBl5v5EheMV5bftLs/ydAcoZOuXHau69WHsR/WZtXVNsjF9Z/WCJ9p+bExX35/umL0jfloX+QgJk4baQ0tRMh+/QHS/L2NdNGfmBZmr3p9Dl5dTddyWlZMHyd1R+1hAyv/WZCnwO3mI2/gLwj0g0tAWvy+WytefkV8pa7u/zT+jnpjafvejC+J8FMAIgVURFU9Pb28k8vqa+vX3QOhOpwZ4hqQRdfHwAAAEgs2pkJaYkiEiGrm+MgwpzJ8Te5VVJDDfsMFp800K+86C/qVI6iQ6iws8x/Oz5LoBrDf59Jey+/jMtZfOiEv/6+Bnq9mzOT2kn6f2k6JZhjndyx4c0kpP4e6W99bmXaULCFtspz8rWXFpXkvVN+vCGuuaZbCt+TYCYAxIqoCCrGx8eVW0fsdru4OwL8F3lRC+JuFUplAAAAIOFoYibWDkVLdh/rmIpvnoQngpnUHlLuDJGG8sflL71cwEymDOWRb1Dh7zPxo8yQ1H/sNxOfrZe9r31nrsp7LFQuHKUQwUzEC1jYTPw4B/LerOZepwF8T4KZABAroiKosNlsymNMJicnxd0RoJrKKagFcbcKpTIAAACQcLQwE362JAFa4otoJuOG8uNd6tVcEc2EreaK8LVbYcwkL2AUdBQzkxv6E32h336ct6e0uC18k4qZnHwnZDWXUDsqM5HfV8jrlIfvSTATAGJFVAQVc3NziplYLBZxdwSopnIKakHcrUKpDAAAACScpJuJdEf4O7XdHlte3HeVqIlgJkR3baWkQPml9f3+Af9CZiLhLj4grenKPyD8jRvGTFz9F6Vpn8LTtqbTzExslyoU6Tr3pXxGj9V/DQWfdobenaKYCZtp2V3OplmCF3Cuky0/i2wmc335b8qnKziRsA9TK/ieBDMBIFZERVDBr+ZyOBzi7ghQTeUUWM0FAADg1pJ0M/FZ/U98T7uR9OJ4Ov331svsXeJDWjIdvifBTACIFVERVAh3wDc2Ni56BzzV4c6AO+ABAADcYpJvJj7f8UPliXqMemox2nywKTiA3r3nU24fEOF7EswEgFgRFUFFa2sr/63BZrN50W8NpjrcGcTHwIeFrw8AAAAkFi3MJINpKi9nM0L5B04v9QvHMh2+J8FMAIgVURFU6HS6vr7gt/a53e7R0dEFpk2am5vxpEWQWKhHzczMjMUC1VfujwIAAJgJ0Ai+J8FMAIgVURHC0dYWfOARjfZcLum/4GIlmerq6v7+fn5EGM1NJpUwE7AgJMMmk+lSLFB9/mYnAMAyB2YCNILvSTATAGJFVIQIjI2N8UeRe/T09NTW1ur1+qqqKvpJ21Ris4V8KSBVi2YpVyXMBERmamoqmmk3NVeuXBHbAgAsV2AmQCP4ngQzASBWxNFcBIxGo/pfoJ1O58zMjNVqpZ+0Leyl+iaTKcoxpXAsAArRfINCWKqrq5WvlQMALHNgJkAj+J4EMwEgVsTRXASqqqr6+/vFgxeE6pPPiA1FQDwYgACXL18Wu0vUTE9Pi80BAJYlMBOgEXxPgpkAECviUG5Bent7PZ7Fv6md6sT679xiEwAEqKurE7tL1HR3d4vNAQCWJTAToBF8T4KZABAr4lBuQXQ6XUtLi8lkUq/dUpiYmKA6US7iUhBbAUBmaGhI7Cux0NDQQC2IjQIAlh8wE6ARfE+CmQAQK+JQbjFIOQwGQ09Pj8Vi4Rfx0zaV0Ciwra0tVi2phJkAFR6Px+FwUHcS+0os1NTUUAvqW6QAAMsNmAnQCL4nwUwAiJVFH5u4MNXV1SQq9FPcEQt0DeJlgeUEOS35A3WkOo7a2toldk4FaodvmWhsbGR2LV4KACBDgZkAjeB7EswEgFjp6uoSx3GaQ9cgXhZYNnz55Zdih9AQOrt4QQCATARmAjSC70kwEwBiZWxsrKqqShyvaQidXXhYClg+OJ3O+vp6sU9EAXUbo9HY1NTU0tLS0NBA2/F1Yzr7AjdNAQAyBpgJ0Ai+J8FMAIiD7u7uOO4MSQh0Xnx70nLm6tWrYp9YDFKRiYkJu93udrs9Mm4ZKunt7Y2jJ9M1iJcFAMg4YCZAI/ieBDMBIA7m5ubq6+vjGNItHTovnV28ILBsIM0Q+8SC0H/nSUsiPT+R+lJfXx/VEQ9bELoGsSEAQMYBMwEawfckmAkA8eH1eh0Oh8ViGdOQmZkZOq94KWA5Eb0PV1VV9fT0iMdHgGqGXdzV2tpqNpu7urr489K2eDwAIOOAmQCN4HsSzAQAANIIzhoWoq6ubnh4OHqPpZpUX609ygRdc3MzXx56NAAgA4GZAI3gexLMBAAA0gheDxbAbDbb7XbxYJ9vfn5+amrK4/GIO3w+qm80GoV2rFYr2yvcdh96KAAgA4GZAI3gexLMBAAA0gheDyLR2toqHEU20tfXV1dXxypUVVXRNpUI37I1OjoqTJs0NTV1dXWpn97IHwUAyEhgJkAj+J4EMwEAgDRCMISwjI+P84eYzWa9Xi9WkmlsbBTmT9rb28VK4eAPAQBkJDAToBF8T4KZAABAGiEqggqdTsev43K73Qt8nRcZy8jICNVR6l+/fl19t4kapT4AIFOBmQCN4HsSzAQAANIIURFUXLp0ia9PpiHWCKWmpobqKPWtViu1IFZSwZ0BAJCZwEyARvA9CWYCAABphKgIKoaHh5XKHo8nmgkQqqOs6XI4HNSCWEOFcgoAQKYCMwEawfckmAkAAKQRoiKo4G8ysdvt4u4IKAvAXC4XtSDuVqGcAgCQqcBMgEbwPQlmAgAAaYSoCCpsNptSeXJyUtwdAarJDvF6vdSCuFuFcgoAQKYCMwEawfckmAkAAKQRoiKoUJ6NSFgsFnF3BKgmO4TMhFoQd6tQTgEAyFRgJkAj+J4EMwEAgDRCVAQV/Gouh8Mh7o4A1WSHYDUXAIABMwEawfckmAkAScLr9c7MzIzFAtXnv78VADWiIqjo7e3l6zc2Noo1QtHpdFRHqT83N0ctiJVUcGcAAGQmMBOgEXxPgpkAkCQcDofJZLoUC1R/dHRUbAgADlERVAgPgDebzWKNUGpqaqiOUt9qtVILYiUV3BkAAJkJzARoBN+TYCYAJIkrV66Io7ko0Ol0U1NTYlsABBB7jAr1kxabm5vFSgGoMskwP1PX19cXzRcNK/UBAJkKzARoBN+TYCYAJAOXy1VdXS2O5qJDWI0DAI/YXcIhdCESlfb29vPnzwvVqGRoaIiv6XA4amtrhWph4Y8CAGQkMBOgEXxPgpkAkAymp6fFoVzUXL58WWwOgABidwlHa2ur1+vlj7LZbD09PWQder2+qqqKtJm2qUSoNjY2JrYVAf4oAEBGkkQzaT9ekrcn2ogHg4yD70kwEwCSQXd3tziUi5q6ujqxOQACiN0lHDqdzmQyKV+3peB0OmdmZqxW6/z8PG0Le6m+0WgU24qAcCwAIPNIoplcPCYpx+4yU7DIM990oaO91//95XKd0njMZKgh/1gzNdVUe56ODT7eKWl8lF+y99yAWJqe2NqqxSJN4HsSzASAhDM0NNTQ0CAO5WJBWGMDgILYVyLAvnFrdnZWPD4CVHPRb/HiEY8HAGQcSTaTghPjnmDJ8UL/DEm3IhOe8YvHy+Mwk3d1/r9ByW1O94XuTRx5xzrFogzAZsov53RRK/ieBDMBILE4HI62traamhpxKBcL1IL6H7wB8EVtJoze3l6Ph/u7PwJUJ5pvCuYRmwAAZBzJNZPiNu61uTbvzQqyinP7SE7KuR2+pZiJ70bDu/oR+n9q1me9Sk0xmbB92bw7X1KjqcB/HvPyK7t1p/PzS3YXnqaXHxWW5uWX7j3S4N9t681/U7Imf0lf8753givNiveUBM7o3lckzfPsfqvcJb++oTuRt69Zf0zyq490/vv/prqbpWPfLG0aEWeuU4JbISd8T4KZABAfFoulp6ensbGxLpQlOokCtSO0bDAYyFiUZ3WD5YnYURZEp9O1tLRMTEyIrQRwOp0mk4nqRPN9XDxiQwCAjEM7MxnRn6DB+ojfTEJUZClmMl5bfrxL2qBmiwtK9Bc62Ddf7t4jbdefPZ23r+GGLCd5e06/e6yh/kJHaVFJ/ZcNx2ulvVSNfc0hHUslTRc6Dr5Vcu6G2+e0TU225h1pnZqU/j5WzIQ8ZG9JA1XTHz+xW55RkcyEDOeYVKi8EWq26YKpqfZ8bcT/Mt9ijheWaCwnfE+CmQAQB1artbm5+fz581VVVeKQLZmQrtB56eziBYFlg9gnFoOUg4R2aGiInNblYv+OJz0GlLaZXZPxxqollTATAJYB2pmJ73Jl3pun7b75G5cb8vZ8yu2Ix0zYbAbl3eMdrIzMJLiqq6u6uM3/RemSCB266As5y1Dex/5nQtmbTp+TjMPEL9wKTOl0KoWKmeTtOaFUK86XGpTMJFBI29KZZDO5YU/xZyq7p5oqam9oN6XD9ySYCQCx4nQ66+vrxZFaFJDGGI3GpqamlpYW+knb8YkNnV19+zJYJixxUq66ujo+FeGhaxAvCwCQcSTXTPIPnedL3s3364Q0KeHHOdIhaQZfbXH41VwBpNVcAaYM5bJvSEi3u7xZ7QuRiqGgh7RVSjUnL/IN5u0plf8/rJkE/82GzjjlNxN/oWIm0naXtKCrU4Pb8+PBvbvg9LkvNb04vifBTACIlatXr4ojtcWggWBvb6/dbne73Z4AtE0lExMTJCriAYtB1yBeFlgedHV1ib1Bc+gaxMsCAGQcyTUTaU5DzymEtffdovLiM/75Cp9/WC8u7lqcxcwkwpxJZDNZ6pxJGDMhXP0NIV9NljJMXarUWEt8MBMAlkasIkF/0Pr6+ubm5sSGZFwuF8kJ1REPWxC6BrEhsDwYGxuLb6otUdDZ6RrEywIAZBxJN5MoIx68MIuaic+Xn1+iv2Cq11Vw95ksYCa+0rek+0w6e/s+KlSmdObz8j8dGZXWiAXvM9GX7y1p6Onq0JeXB+8zUZnJux+f75u06I+fKL2cciPsqUsV2muJD2YCwNKIfiUMjeF6enrE4yNANcOOOGtra81mc1dXF/+sCboG8XiwbOju7o6+EyYWOi+dXbwgAEAmkkQzAYCH70kwEwBiRRysRYDGcMPDw8IztheAalL9uro6oR3SElZhcHCQLw89GiwjPB7PxMSEyWRqbW29pBVffPFFf38/nTearyEGAGQAMBOgEXxPgpkAECu8HiyA0Wi029k3DoYwPz8/NTVFP8UdPh/VJw8R2lHW9Au7Qg8Fywvy2JmZmTENsVgsDocjetMGAKQ7MBOgEXxPgpkAECu8HkRCp9ONjo7yRzmdzr6+Pn5KhLaphCyFr0a0trZyLUlLwkhO2traamtr+XLhKAAAACCBwEyARvA9CWYCQKzwehCJ6upq5dkRDBIV9W0kVNLR0SHUjPJp3PwhAAAAQGKBmQCN4HsSzASAWBEVQYVOp7t+/bpS3+12j4yM6PV6sV6AlpYWqqPUt9vt0dzfrNQHAAAAEg7MBGgE35NgJgDEiqgIKi5dusQ/pp0sZdGn4/EmQ1ALYg0VfH0AAAAgscBMgEbwPQlmAkCsiIqgore3l396SX19/aJzIFSHO0NUC7r4+gAAAEBigZkAjeB7EswEgFgRFUHF+Pi4cuuI3W4Xd0eA/yIvakHcrUKpDAAAACQcmAnQCL4nwUwAiBVREVTYbDbly1UnJyfF3RGgmsopqAVxtwqlMgAAAJBwYCZAI/ieBDMBIFZERVAxNzenmInFYhF3R4BqKqegFsTdKpTKAAAAQMKBmQCN4HsSzASAWBEVQQW/msvhcIi7I0A1lVNgNRcAAIBbC8wEaATfk2AmAMSKqAgqhDvgGxsbF70DnupwZ8Ad8AAAAG4xMBOgEXxPgpkAECuiIqhobW3lvzXYbDYv+q3BVIc7g/gY+LDw9QEAAIDEAjMBGsH3JJgJALEiKoIKnU7X19en1He73aOjowtMmzQ3N+NJi8uZsXnPoC2jQu9o3u2/1QoAkKbATIBG8D0JZgJArIiKEI62tjalvtfrdbmk/4KLlWSqq6v7+/uVO+Z90d1kUgkzyRRoBK8e2WdGxLcKAEgrYCZAI/ieBDMBIFZERYjA2NgYfxS5R09PT21trV6vr6qqop+0TSU2m02oFs1SrkqYSaagHtBnTMS3CgBIK2AmQCP4ngQzASBWREWIgNFo5L9ui+F0OmdmZqxWK/2kbWEv1TeZTNEs5aqEmWQK6gF9xkR8qwCAtAJmAjSC70kwEwBiRVSECFRVVfX394sHLwjVJ58RG4qAeDBIT9QD+oyJ+FYBAGkFzARoBN+TYCYAxIqoCAvS29vr8Sw+RKM60XxTMI/YBEhP1AP6jIn4VgEAaQXMBGgE35NgJgDEiqgIC6LT6VpaWkwmk3rtlsLExATViXIRl4LYCkhP1AP6jIn4VgEAaQXMBGgE35NgJgDEiqgIi0HKYTAYenp6LBaL8mx4grapZGhoqK2tLVYtqYSZZArqAX3GRHyrAIC0AmYCNILvSTATAGJl0ccmLkx1dTWJCv0Ud8QCXYN4WSA9UQ/oMybiWwUApBUwE6ARfE+CmQAQK11dXaIoaA5dg3hZID1RD+gXy9x3q+dUhQnO+kOWFe9P8SUrikJeRhPxrQIA0gqYCdAIvifBTACIlbGxsaqqKtEVNITOLjwsBaQv6gG9kA/OTn73fcuKIssPdTa5RAMzmfuubvbqTcegzfFgyzwrhJkAsNyAmQCN4HsSzASAOOju7o7jzpCEQOels4sXBNIW9YCezyuHLYYZoTD5ZtI3XawqhJkAsNyAmQCN4HsSzASAOJibm6uvr78lckLnpbOLFwTSFvWAns9Xiyyqwrnv6mdv22dZcSioClevTK8osnz7+PTn44FqN2dfOT5Jha90Ofwl4/JRByxNgaOkCvsswUPkFFdMfvuANEXzSp98roAFBc1kap7aua14cVER3yoAIK2AmQCN4HsSzASA+PB6vQ6Hw2KxjGnIzMwMnVe8FJDOqAf0fFYcm1YVzq0okQtnZh5sZSX2O87OyiWz/3rIbzIrDlk/lydbPj9raZePeuVwiOS0GyePyxXuLrJs7Aw9RXDOJIyZfLVoUtqYsf2t0R5ylCriWwUApBUwE6ARfE+CmQAAwC1EPaDns+LjMGYSsAWb30wGpgOK4mmqnpSnROZXlLGbUiTNkGc/KK5/PWa5o8Qqb8+TqKwo8kdcHragmShHBU8RIeJbBQCkFTAToBF8T4KZAADALUQ9oOezIuxqLsFMghue4rLAnImiDa1TH3B3qrxSaimeCKkZJgubyWG1LIWP+FYBAGkFzARoBN+TYCYAAHALUQ/o+Zg7rSs+ntrVOdc+PP9eJ1s9pTYTz7eLLO3jjoLjwa/6/eWHltuOz1wdt9/md5u5XWVTVy2u4/rJ92QzGZyZva3U2j5s/6B6ung49LwLmknBMUtB93z78FxBT+hRqohvFQCQVsBMgEbwPQlmAv7/9u6GK41k0f/9uz2vpde6sLhqVvQfJseTSe7Ilr+MkTUkEUc3k0S3JsaHHbbR0RziA6KCoiE+YrhVXd1N0ygiNK3g97NqzUB10aBWmvpR1Q2AO1Q9oO+Y4vxRAbSVu0km//PizbeNHWctOpq9J5FMAOAOVQ/oO6Y4f1QAbeVukonmD/32j3FnLTqavSeRTADgDlUP6DumOH9UAG3F62TyfGCsNxh11uIBsPckkgkA3KHqAX3HFOePCqCteJpM1r6mNX9IlLeT/3ZuuwVjJ1YZmHe2wD1k70kkEwC4Q9UD+o4pzh8VQFvxLpl8/LSigkTg0ZAVKpyNbmNzbHjWWYf7y96TSCYAcIeqB/QdU5w/KoC24l0yUVHkv399vbG52/dLlGTy0Nh7EskEAO5Q9YC+Y4rzRwXQVlqeTM7PL4pFeaSoXscl6sXWctNbciQTnz80ubgSexEemC+omp7H0eT6fuSpeN5heX8+PvI62js4Nf1xRgu86X0cnf64OPk6pv22KDZGukPjHxeTSysjL/TGcJu9J5FMAOAOVQ/oO6Y4f1QAbaW1ycR+NsjO7sHy3xuaeVUu+6bGTjupSCZLE5El46bIIaO71gYhOaAmZ+bj4c9GVexJ6NTcrHKLSCbTaUbDLWTvSSQToEV+/vz5/fv3vdsQ7YvFonNH6Gh7J84BfccU548KoK20MJnsZfMidTzp/6M3KNdu9fTKAKCSydnZhbgh6sVWcSPQM+R8cB3syST/1lgeppfh0bSsnH71xhewndAyH1f1wmiwvJDMmFHZW5QtH0ez59YWuMnek0gmQIucnZ2trKx8ug3Rfne34uMcdLyT4s/qMX1nFOePCqCttDCZ/Pevr/+f/3dQ3f62saPigUomw9H3RloolX78OLVu34pjzmRgvuIzv9VXQ+M5/dbxXH89ycQUC4aS9vtwib0nkUyAFvnPf/4Tv72xsbF8Pu/cFwAA3mphMhl6+daKHG8n/21PJq/jH6xNf69tuZBMSqVAIBRJLE5/nOl5NrNZKp3Ox32/vsusfdG6h3q6bk4mwaex5Pp+fn2lJ1Be6AUX2XsSyQRohYuLi4mJCWfsqM/a2ppzdwAAeKuFyWTh32uafg7J6J+z1pIqVZNc+iZuiHqVWFxJJheZRbl2KxCOTKf1aHHe2yXvLh8WJl/cnEwSg8Z6sOevv1ib4CJ7TyKZAK1wdHTkDBx1+/zZPA8PAIA70sJkUjKnTa7MHtHYlLXpe+HYsRWdx96TSCZAKywvLzsDR93++usv5+4AAPBWa5MJYLH3JJIJ4Lp0Oj01NeUMHLch9uDcKQAAHiKZwCP2nkQyAdx1dnY2Pz//z3/+05k2bkPsQezHuWsAALxCMoFH7D2JZAI0Zn9/f3V19V//+tdflZrMJBaxH8ee3759KxKLeF7nSwEAwG0kE3jE3pNIJkADDg8PZ2Zm3r179+effzojRSuJuCKeVzy78wUBAOAqkgk8Yu9JJBPgts7PzycnJ52hoQ4ixrx//356evrDhw/iv+J2Y8FGPLt4Dc6XBQCAe0gm8Ii9J5FMgNv68uWLMyvcZGxsbG1t7fT0tFgsXprEbVGTy+VEUHE+4CbiNThfFgAA7iGZwCP2nkQyAW7rtkFC/ENLpVLHx1dfk/3i4kKEE9HG+bCaxGtw7ggAAPeQTOARe08imQC3NTY25gwK1/jzzz9XV1edj7+GaHnl4q5EIvH169elpaX3799bleI1OB8PAIB7SCbwiL0nkUyA27KlhlpEeNje3v7586fz8dcQLUX7v/76y7EfEUtUg62tLXt95aMBAHDTjclkayujBpPiBskEjSOZAM2wx4Ma3r9/f3p66nxwqXRycpLP58V/nRtKJdFe5BDHfpaWltRWx6bKhwIA4KYbk4ko/9aJGyQTNI5kAjTDHg+uMzY2tru7a3/U+fl5KpWyT4mI26JGpBR7M2Fubs62J7kkTIST+fn5RCJhr3c8CgAAF9WTTKxCMkHjSCZAM+zx4DoLCwv2h1xeXv7rX/9yNtKNj49b67WUbDbrbHQV+0MAAHAXyQQeIZkAzXBGhCpjY2Pfvn2z2heLxUwmIxKIs53pw4cPoo3V/vT0tJ6T7K32AAC4jmQCj5BMgGY4I0KVT58+2b+mXaSUf/7zn85GlexJRhB7cLaoYm8PAIC7SCbwCMkEaIYzIlRZW1uzf3vJ5OTkjXMgoo3tGUpiD84WVeztAQBwF8kEHiGZAM1wRoQq2Wz24uJCNT49PXVuvob9Ql71nGpiNQYAwHUkE3iEZAI0wxkRqhQKBetrTA4ODpybryFaWk8h9uDcXMVqDACA60gm8AjJBGiGMyJUOT4+tpLJ/v6+c/M1REvrKcQenJurWI0BAHAdyQQeIZkAzXBGhCr21VxnZ2fOzdcQLa2nYDUXAOBukUzgEZIJ0AxnRKjiOAP+X//6141nwIs2tmfgDHgAwB0jmcAjJBOgGc6IUGVubs5+1eCvX7/eeNVgx5ctOr4G/kr29gAAuItkAo+QTIBmOCNClbGxsVQqZbUvFou7u7s1pk1mZmb4pkUAwL1CMoFHSCZAM5wR4SqJRMJ+3oiQTqffvXvnaCZqFhYW7NcLLtW3lCtOMgEAtBLJBB4hmQDNcEaEa+zt7dkf9fPnz9XVVZFYxsfH//zzT/FfcVvUFAoFR7N6lnLFSSYAgFYimcAjJBOgGc6IcI337987pk2E8/Pz79+/Hx4eiv+K246tov3Kyko9S7niJBMAQCuRTOARkgnQDGdEuMaff/65vr7ufHBNor3IM84dXcP5YAAA3EMygUdIJkAznBGhprW1tcvLS+cuqog2dZ5eYnHuAgAA95BM4BGSCdAMZ0SoaWxs7MOHDysrK9Vrtyy5XE60qXMRl8W5FwAA3EMygUdIJkAznBHhJiJyvH37dnV1dX9/3/pueEHcFjXpdHp+fv62sSROMgEAtJLHyaTg84d8v045q/EAkEyAZtz4tYm1TUxMiKAi/uvccBviNThfFgAA7vEumeSX32mBqLx1uKb5Q/mbl0Cjo5BMgGYsLS05g4LnxGtwviwAANzjVTK5PBRpZNm8gP7y66j29F1FA3Q6kgnQjL29vT///NOZFTwknt3xZSkAALjLg2RS7AmEtO6Ys/p8o5mZk8izYZ/YbSAcHks6t+FeIpkATVpeXm7gzBBXiOcVz+58QQAAuKrlyWQ2MhR4MZO66vIwqURM64vP7hWdG260OaU9iobH5qYT73x9CedW1FSYn3BWeYJkAjTp+Ph4cnLyTsKJeF7x7M4XBACAq1qeTPKFc80fn3VWS7ODoc3zQv701slkNBjadNaVtCAn1tcr0hdyVrUeyQRo3s+fP8/Ozvb39/c89P37d/G8zpcCAIDbWp5MhFrJxFlXl9PPca0vPp02B6+XJ/mDNe1JIn+wX5JzAnGfPzT+cXHydcyKK5r/jfYoOv1xZjYl2qe1wHByaUUuM3uoeUaEk0B0xVnbSiQTAAAA1OBpMpn+uGiUz+lSE8nEOHfFH4pMpcyatJUxwl0h7cWcui0iirohGs+a599n30Zjm/pETXLCavDgFFY8njkhmQAAAKAGT5OJuGHU6CmiiWRiOE3PGVcitiUTzT88KoOPJJ5CnSAvKo2qUinSJVONVaz6ByX/Ke6rvixBK5FMAAAAUEN7JxOh34gW5WTi84cG5o1zV0aDobx+w55MEs9ceN62JmLJ6N/mFJJXSCYAAACooe2TieYP6/8/0Z4YySTSHdKeGSe22FZzlZNJ9m10YN7rcfl9UvR4tkQhmQAAAKCGtkwms9GoWojlexK1EsZsZFjUZPTbF5lF+W0n3cNZ8/tS7MlEWE7E5R66h3oHH94Z8IUNZ40nSCYAAACowYtkUj7xvaqcOtuiY5FMAAAAUIMXyQQokUwAAABQE8kEHiGZAAAAoAaSCTxCMgEAAEANJBN4hGQCAACAGkgm8AjJBAAAADWQTOARkgkAAABqIJnAIyQTAAAA1EAygUfqTyaFH2ckEwAAgIdGjADFOJBkgpa7VTIRcdn5eAAAAHQ0MQIkmcALdSaTYxlOzgo/SCYAAAAPixgBinFg9eDwykIyQeNuk0zO1dkmzl0AAACgQ6kzTOqcMDkmmaAZt00mhR9nJ6fnP3869wMAAIBOIsZ7YtSn1nGRTOCF+pOJKnrXPBN9VJ12QqFQKBQKhULpvFL4oc4tqff0EquQTNC42yaTY3PyxB5RKBQKhUKhUCgdU1QgudVUiVVIJmhcA8mEQqFQKBQKhUK5spBM0DiSCYVCoVAoFArFrUIyQeNIJhQKhUKhUCgUtwrJBI0jmVAoFAqFQqFQ3CokEzSOZEKhUCgUCoVCcauQTNA4kgmFQqFQKBQKxa1CMkHjSCYUCoVCoVAoFLcKyQSNI5lQKBQKhUKhUNwqJBM0jmRCoVAoFAqFQnGrkEzQOJIJhUKhUCgUCsWtQjJB40gmFAqFQqFQKBS3CskEjSOZUCgUCoVCoVDcKiQTNI5kQqFQKBQKhUJxq5BM0DiSCYVCoVAoFArFrUIyQeNIJhQKhUKhUCgUt0pTyeR/U9uv4x80f+h/Xrz5+GnZuRmdjmRCoVAoFAqFQnGrNJVMRCaxl9E/PzpboKORTCgUCoVCoVAobpUGk4mKIsmlb/bKx09GRKW9Bp2NZEKhUCgUCoVCcas0kkw+/yf137++dtbqRL3Y6qytT+TZsC8Q0gLh8FjSuQ33UgPJ5MfxuVnOCj8oFAqFQqFQKB1VxBjPGu9VDwVrl0aSSe8v0Y2tPWetTtSLraen584NN9qc0h5Fw2Nz04l3vr6EcytqKsxPOKs8cdtkYg8k3wunFAqFQqFQKJTOK4Ufp1ZEqR4Q1iiNJBPNH1paXlcLuqzK3/4xbtX/8+2CrXldRoOhTWddCyWeddqqs0jfHfxE9ScTlZtFHz05Pf/507kfAAAAdBIx3hOjPj2f3GLypMFkMhx9f2UyUfUvQmO25nWZfBFKXjrqktqgsaxrwB/qHUvrN8Kpqbh86kB4uaBvm49rXROTg1FROZBYsx48rtf0/Da1fFjUK5KRpdLF+oyozKfkfx2vv+0VVgLRFWdli902mYgM7dwFAAAAOpQY+7U8mYwn5lUOqU4m1fV1K/YE5AMjU9ZpKlcmk3KA8alnmZdBxXjAy/B4Tr/xe3hS5ZbLlUh3KKvXaf7wwLyqlftRNzpKYcXjmZPbJJOzwg9iCQAAwMMiRoBiHFg9OLyyNJJMhN29/C//88qeQP54PS3uivpGk4nhND2nBaL6zauTidVydlBfACaTybBZl1TNgvYXMB+PLJU3KR2ZTPKf4r7umLO2lepMJmodFxMmAAAAD41+2km9J5w0mEyEs7OLt5P/tteoiwg3mUyEgPHwm5JJqCqZXC4+4GRSFLFk9G9jUsgbt0omR99PnI8HAABARxMjQC+SyXWaTyaaP6z/P631z+g3ipotmcweG83sq7nUp/GzIXM118twQr9hX81lTyYjj5t6hfePjCXOutarP5mIuEwyAQAAeGjECFCdbVI9RKwuzSaT/3nxxh5F9rJyNVcDZ8DPRuUJ66L4nkStj/2Xx2Kafhb7aLCcTJYTVWfA+4fV+e72M+Cn9R32/PZuYc84A96eTEqFteYT1D1S2HDWeIJkAgAAgBo8TSbWKe/2svDvckJw1xWrsCrOM4GnSCYAAACowdNk4jGSyb1CMgEAAEANJBN4hGQCAACAGjo5meBeIZkAAACgBpIJPEIyAQAAQA0kE3iEZAIAAIAaSCbwCMkEAAAANZBM4BGSCQAAAGogmcAjJBMAAADUQDKBR0gmt1IsHDirgGadHZ1eOOsAALg3SCbwSCuSieYPqRKMzDi33aS3+utu6qb5w+U76amB+fK9Zl1m5xLvf4lO/T4+/evLt7+8fNv/53+cbUolH1/Lcw/0mt3P9yiaOXdubYD25J2zqopok3LW3Wzkj7f9san+Pz78f6+mRKf6fT5ddDZBuzlc8wVCWiAcHlsR9zbHhmedLYBWsd58e54lnNtuT/PHnVV4wEgm8EhrksnwyPJ+8uNiTyA0W3Bura3+ZNI7lnbUiMNx8tK842oymYy//eWPD6XLi+Juqj/6vn9EhpMd67lKpdPNLxfyxcdLlyf5dTkiwV0RXSh/sD/9cW40EtUCUedmV1V3wlvY/o/Mt6IXXZ7936jsUaL842PG2QxtpJAc6A7FphanP874QnMlkgm8pT1J5A8yq4uLwUehyFKzH3SQTGBHMoFHWpRMRo0BW1p7NpsvlQb8ocLfU5qZOsYHo3JGJbpoPeR5X1gLhHt+m+rX28wOhjbNTeWssrcoP4zsCp+mpnq7jE+GzFaS7+WKZs1alJNJIfgkLFqGP2XVfS04Mzk4LJ4uKweFWbFP39MJ41GlYlB/Jcv2QHW8+ssfc0mzZvV/D0qls8W/3v/ycrrc5ryQP0hrATkmzh8cluvhuYpwm57qeb2hbqpeFzG7gbobeBozWpq9q/fVmnjUaLoo+tjzD3LORQtOleRuhxdeRQOiTXdULr2q7ISijeqx2U8JOV3zND7+t95j5K4Ol8dissO/+mI8l07kkGPrzs566fx77A8ZTlgv2L5EDnEM5qxk0hsI6Tk2aaVZQgtcpw5WurR4p1M1m/rb3LQ4mO19GdWPe+KtVm+TFG/NmY8ToqZ30OqMhR5xZOsaej62RjKBHckEHmltMinMqXGhOPzFNo3Pb1KvhybVKH9z6vkHucPEr6FVY/6hqMZ51clk+reQ1mefni6/wVu0wWTpa8Kor5ozGQgYA1Yrz2jGWEHsbCKmP99zs03QH1KvTVidfC9X2nw+UndLO19+10eQohg1uudd4rFZrTu+UB5v4g44pt3Um6vodWr6Lvl7WF92lazsHicVvSs9pXW9se6ZySRkhtMTLaDesMud0Egmx4s9r9SqrsJsSH8isav+GRWG7L26VFoX/WfOFoDVKkFRYky5tbF04tdwoD9hnTak4oeIJeafmmSCFrKSSfLV8Lje0eQHJaHyh4CK2fdkMlELDaze2G++CZYuUyQT2JFM4JEWJpPLk3CfsZproDxYTI8Gy7e1F3OnYkxvG0oGrkkm4UCox5yI0V2TTES2CejPXpVMrOfV/MYKH/E6VSCxGltTLiOPQ1rE+IQ7+Zc+ZPzjg7xzefG/U/KUAFXsH29H+uVue15MVcy3wHNXJZOM9dc/nY6N7or/b2h99jfdLxW9Kz1l711WMrFqfMYZTVXJZD5u9Cj99shXuavg231VUTkS/fqLPFvJnEUpbFqd6h/zRnu0p/OgOHp0DRsfv4g/+uaM9tQ6445kghZSs7hyNviF0eVsSxhs5uNWMrFqVLPyugPzYx1AIZnAIy1KJiPL+/mD8gDLlkxsh0JzPGcf86nb1clE/LcyaVyXTEqnn+M+8ZDjOb19YXYwHE6s5E+LtmRiHG3Lh+xyMnmjL8fSS8E4e/po4YMxanz9eeQP83bVnAnuicpkopY0yF5n/WVPzQm60cFh7ZG+msuRYyvvVicT87YzmVSMNdVObLuqHIkeGDnk4+7Zf2b/YetUkzvlRmhbRc0/VNL/6L2v1rRua4RHMkEL2VZzFbWAnPgV73dWN+sNhHy/vssfFGomk3IaIZnAjmQCj7QomTg+pLGlkfKn11fOmfRUJRM1iyLa1DdnIpwsRMKTBX25zsFs0Nx5uLyaq0YyKX9cVLb/H2vUGPv41Vp188tL6z0A90hFMvmaCCaylTN1FQa6Q6IHli4XHXMmtZPJtXMmn6+YM7kmmcjzTFT5NT4791auGFRly9YG7Ut1GPVHH+m7YjXX6qshkgncZUsmxtuZPZloXRNq7VZmvLyay9jGnAluQjKBRzxPJmIUmNYexfIHmf7u0Kb69HppIvDiXX43Nf06Jqc79JqeyNzq7r6oUcmktDnVGwiNL6amp9SRd1/rfpM/ME5uVsxkIvmMOZaNWF9ofC2TTMR98jwQvdn1yST74Y14JZn1lZEXw5HPqpU0OVr+SPsf8/Ksgcn4W+uceNwrvca1uWbEH9GYEinpa6YDw8n1zORYXM8OX0anVkT/6THzqtW7Bsa+XJdMRN9YWN+fjAz1qhXctk5onQEvOp7ot+ORIeMa1tcnk9L2Z6tTqasp/GPkbf9fX+1N0F5mI0PBwXfTHxfHo1Gffjgy/+j6KlN5rp24MZQ52I/9Gu7pI5nAZfq1ufbFQSn2IhyIylPWKpKJP9T7MplZW/R1h69LJsmX4f7Xso3YA8kEdiQTeKQVyaRDnf3DPPH9l+j0ke2SwXgIHKevuON8V12BWpT+UYapAIB7imQCj5BMbuUof3B09MNZiwegJclEOjsWnSrPtYIBAPcXyQQeIZkA9WhZMgEA4L4jmcAjJBMAAADUQDKBR0gmAAAAqIFkAo+QTAAAAFADyQQeIZkAAACgBpIJPEIyAQAAQA0kE3iEZAIAAIAaSCbwCMkEAAAANZBM4BGSCQAAAGogmcAjrieT07PiyVnRWQvUIZM7dlbdUjZ/cxcFrvTj5MJZdUuiA3P0QwNEtzltuudw9EPD6uk8JBN4xPVkUk//Bq7U/KhO9GFnFeCV5jswHqzm3zo5+qFh9XSeO00mu2vNfnCE9uF6MqmnfwMtQvcD0I6aP3Y1vwc8WPV0njtLJpOhsPY02juWdm5oPc0fd1ah9Ugm6CR0PwDtqPljV/N7wINVT+e5m2Sy8DqmBcIXpWSDySQ9pflDwUTWXtfjDw3M2yuudatkEukO5Z11aATJBJ2E7gegHTV/7Gp+D3iw6uk8LU8mgUBIpIiK0jW0mjvXNzaeTJ6H3mj+oXLN5Urw9wnXkklyYtNZ1UEKK4HoirOy9Ugm6CR0PwDtqPljV/N7wINVT+dpdTJZqYwl0cyhfcSZDAzOLO/d/ky+9NTA9OLzQMiqOP3wZjw55VYySb4Md3IyKZUifeVfnWdIJugkdD8A7aj5Y1fze8CDVU/naXUySVYmE0ck0Ld2Jyor65DWQ8jSRDipp5rcTNAfKs3HVTIRKcUXjK/uZp4/Cs3qlwbdHBseHQyPJBaTB/KuehkD3aGUmrkpJLVHseTSl0Ag5BtMli5PRp6Elg/28wf7YuNoUA3i0+KGLzA8/XEx3BeKpfS6yxUtOCGapT7GfYNzelXbEOHE45kTkgk6Cd0PQDtq/tjV/B7wYNXTeVqdTFq1mkuFEC3wRvw31hfy/b5iJZPqZiKZGFlCJ5KJiCWzBeNupMucQEhP9frlbRFCrDkTezLJmO00EWD03c6azTT/sHmzXRTz028Sm+oP4QWSCToJ3Q9AO2r+2NX8HvBg1dN5Wp5MSvrgXmWSzPn56sep8LMhcXv5sNh8MpFTJfLc9yEZPKxkcrg2Ho359ERkJRMrQpRkipAvwLobrAxOpeuTiVlnJJP82+io+fK1rglza3vIf4r7umPO2lYimaCT0P0AtKPmj13N7wEPVj2dx4tkMmAM+itmFZq6arCZTE6nY+O7K8ZFuoxkciJCQvJSb/Y1cU0yiZdKWa3bWFpWnjMx1ZlMhP4u/UfrjrbXF7OIWDL6tzln5BWSCToJ3Q9AO2r+2NX8HvBg1dN5vEgmyZdhazqiQsPftGgmk1KpKHZ7qm6acyaipicyl1qa0/qGrk8mpcJ83MhFhaQWCE9/XBx/9SbYFxUVqddD/a+TqYON0xuSyZfAyzWzsm3kP73xPpaU7nEyyW7vpDb1M5CAurnV/a6U2jo4dNY5pTZyzirgto4OtlzqRxxF20Xzx67m94AHq57O40UyKS1N+PRkMitXcLmhnExKPivwmMlk4VVUntwSCGfOUzWSiZ5qhka+ypc0HY2Kl+d7NByM6ieyX2bVYrDMDclE5iJVfE8nzK33XmHDWeOJVieT9fWdlF7W0/LSBfVrPJnkcuLpbOn6R2r7qHwPHc3R/TKbRvdLre9mvzf4kYtFdMi8s84ptV7xhU54yMy+t7O1+925rbYmksnO9q54xm+be+opGzyKwnP1DA1ra34PeLDq6TyeJBPhPDMSncqrRVadotcfLt/59MY65wRX8iCZGG+xx4ep9I3jurJ6k0l+P+PIHSKZbGZTG1YQIpk8INXJxLq9n9ndyp3ZNrrmJJsljqCaOIKpSbbDnd3tWxz86k0mu+kdx8HtaHd3V7/0paWuoyjugXqGhrU1vwc8WPV0Hq+SSScKd4fGlzbyB/uZtS9XrFVDJe+SifwEUdw62lrfWV/f3cvJt2yx9dvWfqFQEDfU+2l2e3drr5DfP/i2YSQT/VHK0fqO3Lmch9nMZXNH6exxIZvdPjgpFE7KQ045Z5ITQ4HMkZoMNJLJTnrv4PtJ4Xshtb5b0pPPdjq7nSsc7GY39462do/yhROxZ/kTXnwX+9/NH2d39lo0lkWL1EgmJdmX5J8+LbtWTvS6b/rdrQ3VCY+3jWm9s5Tsn0eZ7QNHd1UDTdG11jd2RW85yuf1HRZF5tktyE54YXbXw91dsUn0t0zaiEPiUd82ZM32ltxUfk3oXFYyEUljY08eWkTH+7aV28sVRDeTx7rdI7MXSeL4kz082dvZE11FP2waR7yS3n/09Cs750bmIJvL75+cbW/upNJ50fFUm5IekjdzFUdpdRT9tr6zsSt3VX04xT1Rz9Cwtub3gM7zf6o4W+jq6TwkkyYcrgXUGfBd4fHlG5eFP3TeJZOLQip9qIZ6ZmY4S23sH+hLbI5z2W39byXeQdUDN2X8uDKZlB8l5XJXzJmIh4inMz4sdM6ZbOlPIZNJXr2MojUy+L67t3dRyu/s7hmfOxZtcy9oAzclE3k3tZ5Vf9/c9k5edtHdii50uL+ZteKovbuWk4nVYEtfN2iOGvU2encVvfdbRp02JrtrXm+zoT7NvpD7NJujk1nJ5DhrHN9S5kcwoptZxzrRS/UD64l5tCkeyPm90hXJpKJz6osVnRPCP8RT7ObL8ybiNRzncmI/6pBZdTjFfVHP0LC25veAziOGdvZYIu46W+jq6TwkE3jEg2RiLLbeUIM327CsYsWCkR+stQfWai7nW6ljncN1yaRU2t/e3ZGDQ2PPR7mDb+aLKen7t2Jr+Sn0vW1Zr1k/P8FshTZQRzI5sv1xReoonR0ebMppE2N2zN4xKrqrLZlYOUTdrk4m4r9WjQrntjY/HK8KncrqZusql9gONRWrVdVBzH5kM247k0ll57wymUgnR7KTq3QijmCp9T1rk/NwinujnqFhbc3vAR3JCifXxZJSfZ2HZAKPeJBMNrNyoYtZ4V0yEe/Pqa2D76Uzfc9yFUS+cPLjtKjGhbWTSUFfnKMX4yJzaAs3JZNd2Ysy362/r1yAJV2kt3ZTm7IbkEzgltTm/n7lMcSbZFLS26szW0Sf303vHJqTzM7DKe6NeoaGtTW/B3QqlUyctTb1dB6SCTziQTKpPJXTPtSzreayrXZQ2+TEhZFMjA/8RJtbrObS7aV3UutZ+eZ9dGCtgrhxziRfPkcFbaZGMtk1T/lIyeVbV/x9jcZVq7msBlYyMdZl6au21GquvcqR39ZVq7lIJg+NtZqrXGMdao4O1s2utb1hruYys4roLSqZfMsYF/USbWT/qV7NJZfIXqF8RDWOorvpA9nnqw6nuC/qGRrW1vwe8GDV03lIJvDInSaT0sWP75m0vMZl+aqaF8dyzZUY+mWz6j31+OAgJS+Cmdv7fqzeSs++H8pPuOU5nWLwV1QLxspPYksm8uFZPZmIweKmuphmTmSSUs1kIuxl9tRut/bu4Etm0LDqZGKsqNnYPfhhppGzY/H31TuDPCt5e2tXLfPb3je69/6uvPD0NzmFcnUy2ft+qHa7Z1yJ+Ezt4ajcl4oFs9+qx5JMHqBayUS6WN9QvcjomepYt54+2D8uqMPmnn4JYJErjg+MWTjROdWjsuLIdGwcP609HmZl1xUlbR64jLRzfLipr++qPpzinqhnaFhb83vAg1VP5yGZwCOtTiaAlzzofva1WwDgiuaPXc3vAQ9WPZ2HZAKPkEzQSTzofiQTAK5r/tjV/B7wYNXTeUgm8AjJBJ2E7gegHTV/7Gp+D3iw6uk8JBN4hGSCTkL3A9COmj92Nb8HPFj1dB6SCTxCMkEnofuhAf/1X//lrAK81fyxq/k94MGqp/OQTOARkgk6Cd0PtyViyV9//eWsBbzV/LGr+T3gwaqn85BM4BGSCToJ3Q+3xYQJ7oPmj13N7wEPVj2dh2QCj5BM0EnofrgVFUsIJ7hzzR+7mt8DHqx6Og/JBB4hmaCT0P1QP2sdF8kEd675Y1fze8CDVU/nIZnAIyQTdBK6H+pELMG90vyxq/k94MGqp/OQTOAR15PJ6Vnx5KzorAXqkMkdO6tuKZu/uYsCV/pxcuGsuiXRgTn6oQGi25w23XM4+qFh9XQekgk84noyKeldXOyKQrltaf69+aJ4Wb1bCqWeUs97c22iA3P0ozRQmu97JY5+lCaK6DzO/lSFZAKPtCKZAAAAoGOQTOARkgkAAABqIJnAIyQTAAAA1EAygUdIJgAAAKiBZAKPkEwAAABQA8kEHiGZAAAAoAaSCTxCMgEAAEANJBN4hGQCAACAGkgm8AjJBAAAADWQTOARkgkAAABqIJnAIyQTAAAA1EAygUdIJgAAAKih9ckktxKOxFXJXhp1C2MJVbOwV6xojM5FMgEAAEANLU8mm2PDmj+kyuimUdkTMGp6x9IVrdG5SCYAAACowbtkUhlCildV3lZW63vnrMN9RTIBAABADZ4kk0D4eeSNyCEDnw71uqJPxpJwINBUMkm+DEeehZy1uK9IJkC9Dub6u8LOyiq+R9wBGpcAAB2/SURBVBPOKgAA2lnLk0lmfDg8X7DSiLiR/xRXKaUwH+8dzzgfUKfLlXBXKP82On3s3IL7qVXJ5DzT+ygselTPs/hoct+5FWil1FRCTf8GnsZOnRubcDDbH7j5Yxct8MZZhYdB80cTB9a9E+1xYlXdzM30vN5QN+1LqfUybD0AAO6tlicTGxVOZDEnTxo3/VtIezYrj8j9M0bVfDw2Nhwem5tNyXujwVA4sTidmNCCU5v6mfexJ0PTSxv59RXxAqz9wDOtSCbh7pDWHXfWVgrwfozWEAeZ2Pq5sxZovfH+kPXedzodi+nvekKsLxT0h8PJ8qVl9Hxyw0ESAO4PL5NJKfXa+Ajnwrnl1oL+0PMPcvDq8w8ZVfNx+yDV+nzIZ7a0iGN6ozM1aFwrkonmHxr56ri8WyH4RE6hhD9lxZ2U+anhrL4t+0l+wt07OLNc0O/vLfrMizGoN+/lhJzQ0wLhWXXVuPRUr384+2lCVPrkjJ+hh3AL2f2qu0FBdaGeZwl1X4wLM5dp0c16I4uly+xsRHZIo3eJPUS+jDwb0gJDsj8W1uQDf5uSG2TH03dudtGeZ7J/qg4sSlDsTb4A84inmnVHBxJr+v1k+PN5b7ds2Tuo+j46Sv5t1HqPSzwLmReXkW+IMrT8JruHQjIB0F5an0wujSGmWsT1PPLGXNYlnZrXEb6lDXM0KUtS7WQ+Plo+aUVOjJTLYFJUZT6+C+hv1aJYx3F4pgXJJOl7ueKsMw2YZzGV1zAcL/aqLpKbCerDPs0f1TcUZ0OhvPh/6l3/tIospVgwJBfn6APEWb0um7CWDqZ8v1/7vHgw0vq0bQURWY0udJlWo0MxLlQ1ov9Yp9X5zD6pGR+sFEUYDs/LPi+azV6Wk0lv5YyfFtRzi3XXGHGeaH1GECp8eqN/fJ7UuiZUjXgBzleJTnAy/VtIzZSYxzF5iJNLuQ5m1fFNIZkAaC8tTyatOAM++XvYnLsuyZTy26IcRFYkk33HW3jpayKYkB+iC5MvSCZ3wKtkcj7wdEjlT0cycay6FjXPA6HN02J2KdGrr+mfHbR1DNWdrI+uJbl0MOvsfniwrkgmcu2odVvveOVgYDtAWZ3KOkyJsWNFM7PjXazPiL4aeBZX88ypREwLDAUj5UfJ/6WnBuZVhbyjfxCTLB9aKw6M6CCXycCrlPjr908bR8tYX0i9yZ1Ox0a+Gq1IJgDaiyfJxBgLlhfDqPkTa+x4W88rzw3V/NHxnPMN2P500uf480/GCopggGRyB1qQTFJiaCjnOmxmB8PhxEr+tDgavCKZTB7s581SMod9Wnc0/FGu77spmciVErFUKdxVvYYHD9CJNS9hcT2ZCNm1ucizIe2JMSuyOpUIPg71RGUmJ5k8bEXtcSL1esi6DEzA9smLNa9LMgHQXjxMJoFyVCjMN5NMsuWz3nWJZyH5xSaON+DLQ3XJpt7BqWROVgwE5V1fX6wwHSOZeK8FyUSGTC1ojNgUazznq5ozKR0v+vR1fRaRXipOeZKfPhqruUb6yqu5rO3ZRFQMJe1ruPGQRbpDk+YZI0pveTVXylrN1WQyUURftd9VW69YzWWcDE0yeRAiXaHywi1xfLOtMvWZ9SQTAO2l5cmklFsJR+KqZM2zShbGEqpmofJ9HR2sFclEuMgkA10y5fY8SywcyFOBZf58OrEQMZKJOn9dJZL8sj5J0hXuffGuVCoGuoanPy7Kkoj7ovLU4cxH2bjyDHj7iPBk8oV5XhNQKk1Go+pDlsDTmF5xrrqQ/Qz4ZpJJ7Jnxyc7IZ7kUVl3dQfTPhUPZP8sjzsM1xxnwJJMHIfXOTCPZ8X79wxTT6Qd1xhHJBECbaX0yAXQtSiaNO1601meXbGPEmjZifSzlAgAAaAmSCTxy75JJKa31xeU5J+vJ2Ivw6OYN03eZg/3eQMixHgwAAABuIZnAI/cvmQAAAOAeIZnAIyQTAAAA1EAygUdIJgAAAKiBZAKPkEwAAABQA8kEHiGZAAAAoAaSCTxCMgEAAEANJBN4hGQCAACAGkgm8AjJBAAAADWQTOAR15NJNn9zG+BKP04unFW3dHpWPDm74ds50RkyuWNnVaN+/izt5U/2mj52iZdE93sIxF/51L0/tOp+zlrgniGZwCOuJxOxE2cV4BWC8cPhbga4vHRhdOjuS8J95u6hRoST49NmP5cBWopkAo+QTNBJ6H5omBgdAnVy/VCznXN5h4C7SCbwCMkEnYTuB8ADrh9qXN8h4C6SCTxCMkEnofsB8IDrhxrXdwi4i2QCj5BM0EnofgA84PqhxvUdAu4imcAjJBN0ErofAA+4fqhxfYeAu0gm8AjJBJ2E7gfAA64falzZYTZ/IvZTu7h4veN7S/yM1T+4o7h7dbWHgGQCj5BM0EnofgA84PqhpvkdiqH20Y9zZ22ln2480f0nfsbaV9oTW8XvinByKyQTeIRkgk5C9wPgAdcPNc3v8MbhuNL8E91/9fyMDySkuYhkAo+QTNBJ6H4APOD6oab5Hda5h2uapbVns3nr3vHi80DIuJ2ceP7BeOsfDYY0v60Ep6xHlObjV9fXIZkwHjswteHc1pBrfkanGs2u/xHS4pdw9S/qGvn3sdljZ6VS/SzVNZXks8vfVSA88jHj3Fgq9d/0YppBMoFHSCboJHQ/AB5w/VDT/A7r3MN1zYL+UDCRVbcnX4S0vnfqthh5+/zR8Vy5pRwcDybL95X5+GjaWXdb4nnLg/4mXPczOtRoVish5Gau/EU1oPpZqmsqyWSibs2GwpPXBJ4WIZnAIyQTdBLPut/2xs7G7g3PJdo4q+CZy6wvEHr+1horZX2DyVN7A6AJNx1qir1docBvs9Z9rStu23qFm3Z4szr3cF2zxLPyXIdIKb1jxr8dLfAm3BXqeV2ezagnmWyODW/q/wY1/xtxN/spoT7pXy6o7cVgX1jU9A7OlB8jR9shV/6RXvczOtRopn4VxssWmS2yaNu4X/2LWhgzpn1G/5Y/4YA/VPh76vlj+XsTvwqjH1xmex/Jn1q1KenPMhAMi19LzzMj3lh7XtbnkYLRxeylqlDKyUT8wiNL8v/iIbORYfF7nj4v9fqNreODUfnLD4T1iZWrf9u3RTKBR0gm6CRV3e8stb6TyR7u5Q63t/e+V25DBxPDrJL+iabv5Yq4MdLXwkUOV0qv71yU7xVS6UN19Mzv7KY29lXt4b7smVsbO+K/suxz8GwbVYeaCvm30dVS6XQ6po/fi6uvhlYrxpdXqL3DetS5h2ublRcmZbX+GWNSIPVOLuVamvD5w1bDOpOJL2SO5o8Xe81tQX3oXF4BlZsxl4oV858nel+vGfXNufZnrFSjmUoI181gXPGLMqlsIJJJbNO4Blo5mZhEm4F5eUPzDxlVhTmVcIxnFL/2T3p6SYrfvNlGKicT0amm9TkTETmMoGM+e+r10KRVdfVvuxEkE3iEZIJO4uh+h7u76zu2IzQejLD+Zrw5OmyMMLonHA1aLbe9k7OiSX5/M3umbsrZtvWKybTMJnNr7af2O91CRB8Lbk7JAXluNhgoD+uvU3uH9ahzD9c3O5n+LZQS/09PBd8a4Tn5e3hWZqqVSFd5NuO6ZGKdZyIG2WI4Xg4qn+Oju8bNkcfyN6P5h81tKS3yRfyvMB+3h58mXf8zVqjRzDhu+MP5qyJl9S/KMmAmE6umOpkMWMmka8KsO9GeyVbqeTPjwwuq+niu37YrK5lcFDI+s972yzSSSXleRVf9224MyQQeIZnAA6J3/R8bcdfZwiWO7peqHAIK2e3drd2jfOEkvbWbOZKfaaXS+9vp7FHh+Nv6zvamvjWXS6UPxab19d30Ti53KBrv5Paye/njwvdCal2+x26t76zv/CidHH3b2i8UjrfT+3snMght7RUKh0dbuzIObalnPzna2tjZ2S8c7OVSmwf6qzj6trFr1Gwf3fyPCrdnTybJl+HNvTk5Znp8w4oaVxXEH1dlE9v8yVlqY//77t6u7a9OMmlHtd/pRDKR43g9mfj8w6ObWXl697Tj4/UKtXdYjzr3UKvZ5UrgVSrWVw4hVtiQK4vMkyuuSyaOORNrOC5uTx7s581Skrt9Y93NF+SVjgf8tiTTtFo/o02NZtZsyepUIvg41BOVU69ljl/UZVrrjmUO9sWPcm0yuZShIvYxpdoYycQ2J2OfpZkdDC1X/sZM+vn3srL8iZvmLx/WrBkbq6Z01W+7MSQTeIRkAs+0OpaUqrpfat122qZRUx4cqNuijTrwH+7s7pnjRxU/1td3NvZUnz+SOUSnxpFmMjn8tqXChpTf2d3Klc9JVMlEtFc5R93Wd3eU2jZWloknyhwZ7eGi7NtoYn3f5w9Hlg61F3O96lPD4zm1MtsbIuvqUyVFqx+KTKL/uU9EPrHO9CWZtKMb3ulys/3vNwa6Q/np2GQhoz7DnnxRMV50uGGHdahzD7WbiRylBcyRbuqdlUZKcoBrLCu6bTIpHS/6Kts/D5QXICmpxS+pQ9e+ArL2z2ip0cyxjss6f8NS8Yuaj498NW5qVdnA+FXIOSXjFyhjqrGay5wmMs+qt1ZzWef5VLKdZ2KqTibVq7lcWTlAMoFHSCbwzEd95sRZ66qqZLJnvytrjFkL/bYeP0SNyg0imVhvwlYy2TKGlNckE/Gus7HzbStnrNS5OEmJweiOMeZUycRqWZIzNjv6c5X3RjJpmYI8Az6xkf8cT+SsN+9U9eqL1tFDab50cfQtYwwMtjd2VCQVf/dtM5qQTNrRje90+hnwM+FuMVJMqnHq6quhGheeunGHN6pzD7WbjTwO+X435gfEC07a1jKFu4wx8a2TiRzHhyYXU5n1lZEX8jOC7Ic3gRfvRM30x5nIZ9lATss0sdDIofbPaKnRTCWEYHQmf7CfWVvUup3TrfZflIheWnAiv5uafh1Ti6yuSCb6aTwL6/uqjZFMHg+Fp1KppZlwX2hBnTRiJKKi+IVML21MT02Fn8WsXdWZTEqFpPYoFptaWfg4k7nqt90Ykgk8sre3RzJBx3B0v411NUdRdsWcSXPJRBEtv1kntMh8kt07qTVnQjLxRvZtVF0T6U6SSalwIHqgiKPmeLQoorI62X17a8fqiiSTdlTXO11udmD+pL2SSWeo82essxkUkgnuAMkE7c7Z/S5+WNfm2tmRIUPEj80deZ7JtnWeSTPJ5OhgJ1cofC98W9/dyp1lt3dzhyf5/QO1T+M8k4sf4iHbucJBbt86z4Rk4omi1pdQ10RKPAulDjLTg2H7Z8AeOMlmrYk7cdt2OYbjnS1j/oRk0o6ch5qr9Jird0RCntTXFlZur1DPDmurcw91Nmtrdf6MdTaDQjLBHSCZoN1Vdz95lvn6jijfNtTVYS7WN+TddTNzNJVMTr5/03e+vX9yIfaQVc+1m9dXdxnJRDiTp9eLeuOEaJKJN9IzkSVz5frhF/0MePu6CE+cHKaMM5FkFLEfQEVQ2dZ7HsmkHVUfaqqk1RWrpcvDym/XuUIdO7yB2MNPZ90Vmn+i+6+en/Fnfc1g8S6Z+GwXXrCKsxEeBpIJ2h3dD4AHXD/UNL/D07Oi2Ek9xfnIjlP9I19ZxG/M+Uhcz6tkknoncsjzSDxslWdD9ksj314xn5rTv/UzFIxMJZ3XxallNBiaXMvMfj3R/OHI386trtACnn9g1lbSJBO0ObofAA+4fqhxfYeAu7xKJvo349grVl8NyS+6f5VIli99eQuzkbC8GtqrmempKV8gZr9s2Y0C5ivRAkMx+R027tMCb5xVsCGZoN3R/QB4wPVDjes7BNzlRTLJv4/JtVuBofKESUQGlZGvIiREx28z3WHIzWgv5m4TRio0N1dzLV9rdtuRSCZod3Q/AB5w/VDj+g4Bd3mRTOT0iEgmoUV7pahJ6hdU3rTX1mdzbNj6rhm72WhU7DbwdGI6Y3z3pBacGR+MykVfXUP5y1LpeGX0hWyjJnA086tA88tTtrNf4qVS0nYJ7aT5NTTJyFLpeV9YeyYvGH2RSfZ0y/aT6/K5Fn4fVg9X19W2rvosnj3QJVJZeNn8Zp8Bfyj7KSFa+myv86EhmaDd0f0AeMD1Q43rOwTc5UUyufLcd5kN0lNXBowbjQZD1Xkmm4iOfFWj/2ziWUhdsVElEF1Be5xQt6w5EzOZnGh97/SK1Mhj1f7qZFL+Ek0b8dOFja/vKc+ZqGSS/D1sLTOLdIfU1XhEMplVlX8nrHVlDw3JBO2O7gfAA64falzfIeCu1ieTy5XqTCLLizmRH5yN6yMeuOCsK0XMLw2V0lPqW67s31hp3a5KJvvmd2HekEzMG7rDtd7H8lwXzfqKzapkErQHj/l4ZEn+3/aFncaXIj1AJBO0O7ofAA+4fqhxfYeAu1qeTArT+kkmVUUkh/5Gx+Wrr644c72JZCLnPTKF8+SrYS2gNt2UTNbe9QRC44up/MF+L8nk9kgmaHd0PwAecP1Q4/oOAXe1PJkMVGUSVQqlovZiztm6XgXNH+5PbNirsm+j5ndd2Vdz1ZVMwt2OZVpprX9GLb7aHB2uTiajwZD2RE2zFGvMmSRfhhPm+f321VxmK5LJFYVkgrZA90PDftbzNXWAzvVDzXbO5R0C7mp5Mgl3hYwvI66U//gmob6vtjGXh6mphPF9Jn98yet1ywl5ya/A04nJdeP0jjqTSSxoRqZAOKtHmuWxWI9x5nq6OpmIZ194Jc+k740sjjw2kkn204SoSejf/mw913Q0qvazsFc+A17dIJlcWUgmaAvZ/M1dFJ3hxNVvSbu8LO013XncfUm4z9w91IhUfHx65aAMuC9ankwKSTlev7KcOtvekcu070l8+uOiKOPRqO/lirMB3OZKMnH3eI0H5cdJs+/Np2dFRocPRCbX0LduXUWMC0UsaT6ZiJdE93sIxF/Zxa8PV93PWQvcMy1PJvffQiS0at25TDexxgz1ciWZAAAAoJOQTITiwFN5lS3fo+FgZMa5ES1AMgEAAIADyQR3gGQCAAAAB5IJ7gDJBAAAAA4kE9wBkgkAAAAcSCa4AyQTAAAAOJBMcAdIJgAAAHAgmeAOkEwAAADgQDLBHSCZAAAAwIFkgjtAMgEAAIADyQR3gGQCAAAAB5IJ7gDJBAAAAA4kE9wBkgkAAAAcSCa4AyQTAAAAOJBMcAdIJgAAAHAgmeAOkEwAAADgQDLBHSCZAAAAwIFkgjvgQTLxPZ3ZdNZ5bK03kXbWAZ6iE8I7I4/C6kavP1S5xaAFpxyH5eU/wnpNsndM76gHc+HPzR78AbQ1kgnugFvJRPOHtMAbe03QHxqY1zc9eZeyb6jt8jD4JCz21vMs4dzUuLWe0Q1nHTqIGH7FKjrZiuhCxgCrAXRC3Mrhmi8gDoDh8NiKc5N7xvtD9R9II91GILlFMomG9f1byWT2+ae6Dv4AOhXJBHfAtWQSePP8t1C2XLHRG4mrZFK/5EsxHDQ+6iuVzsXtyFLR3uBWAv7hG2vQGXr9w1rXhHV3+rfQQKDBZEInxK1kxoc1f6yi6mtitJGudwMtOOH7/dbJp/5kYjKTiUnzx2ft9wE8GCQT3AHXkol891rpea0+FS4mfw+fpqeMORPjLTDpexQeX9pYnYr3BEKntsdaNP/QyNfy3dVXQ5pfzsOInZt1xrtmIhQNjy3md1PiIeLu5tiwFgj3v17Mryc1/7AYFlwU9sWN/MH+hfkoqyZ/UIj1ld+t7SNatCmRTBLPyp1K63s3YM6ZiK6yurs/GRkyusr48OimSBqFyRehzcvyHix0QtzK6Yc3tigr/+j5qTcjy/JPXNL7m9klrOVVw4FH0emPi/JObtb36zvZhQJ6tzz+Iu8eZEZeJGaPrV1K4lliKTkRre6Gu4wbMkjrnSf4Qjxwv787pP0m9zxgtjSTSVb0VfUPQc0ual1h36NY5mA/3Bda0J9rdjBUsZpLP4CfHooe+2ZS9NjDk+cBq8eeaP0z5m0AHYtkgjvgajIxB1jHi/I9rCqZWMMvMYa78kM4zR+btL8ffxJv+fID5upBoWVAf7OUg0Lzndj6sFw9Vmc8yqrJJqLTxhOlGvgYEveNGO2Jodt4Tt3bEAnZSiaGy6TqKuKPLzpkYTomxoLlrTZ0QtxSOvFrONCf0POnbj5uzJmoI6FuNqTWSsmoMCszi3Ay/ZsRj8f79USRnrpmskW2FA8X8VvNS4tAktRvRLpCvpflzqN3QtlRq5KJ6dLqh0ORv/XJwMKcqrkymegtjTmT5O/Gj1A6ngsmbBPkADoUyQR3wN1kIt5fT/X/yjfLqmRSHs9Z79yV6h8UZhanBp4OyZNb9Pdd6/1YGA2GtEH5rl1jUGh+5ifndupfuo17q1f+ZYtanzyjSfxN8/rIzOoqgS7ZT6zYUBD9KnjtVRnohGhIcXRw2Kf/0a3jm71LWMfDclRIT/XqnccssuXzx6HAs3g55OhSr0U3i8pbx3OBV6qzbOhp1ujzwmQ0at9PVTI5F31V/UMw+qFtNZe6fWMyMZ/UOM4D6HgkE9wBd5NJ6XgxmMiK8Zb8PO32ySToD9k/PB7pM1YmlN/dj/WP9w5mrU/swuWPq281KCzJtTTzceP9Hm1OTybybyr6j5qaM5JJuat8UV1F6PGHRdcyBpFV6IRomBEDrOPb53j5zz0fV6sEy8mkPI/n1BsImStjJZ8/FHy1OP1RFhEtnn+Qx2S5sis5oeYJ5RSKPvein/RyRTKxloGJfwhGPwzEF4yafe3ZbL6uZFJ6HpDPzuJD4IEgmeAOuJxM5Gd4w8aI7eZkUkxmzo0anX7ysVyyryuffGydYFqYjsmdpKf6p41X5Wvw42q5lmZ00Bh0ot2pZCL+plpgWOUKI5lYXSU5obpK6XLFF1osfU30GOv+6YRwjdFz5uMxNR9xnBwwTwiZfGFcWcu2vEqu0TJXdlWQ/Sfyxbwnk4AKHiX9DBPVYRLPQiJL5PVKcWNVvyFXhV2VTMpPmpww+2E4nNRXc+Vm1BH7+mTyZtZ89uTvYW1wyp6aAHQwkgnugNvJpDTy2JzovzGZHH/Rfp11rlY2L9jqezJh1RX+nlILFWb3smon4ad6m6cTC5FrB4XZTxOijf7BuPHUqsb8wK/i/R5tTSUT8Te1xn/Wai7VVaYz56qr+KyTlS9T2os5OiGatPkh3vtY9ZaomTKKvV3Wn7j4vE9uHf/b2Og48WN8UK7CCjyNjczvl45X5NWH/aGRz4dWA9v5SDrr3JXjRduF2gs98hmH8umZ3quSSWlPTraofwiqH/aMpgt/z4iant+mVMvrksnyWCwgXtUzdYBPiSO8898LgA5FMsEdcCuZuK1w3QnK7tmwnzkKVKETApVs5/QD6HgkE9yB+5pMxLAwqXXHr1zq0LzMwX5vINSafaOD0AkBU/4gE2j0a4IAtCOSCe7A/U0mAAAAuCMkE9wBkgkAAAAcWp5MTj/rZ15WXkA9v8nM7INGMgEAAIBDy5OJ+opiRzIRlYHI1df1x0NAMgEAAIDDnSUTcYOzMB8skgkAAAAc7jKZNB5O0lOBwRn53bRT8mL/De4Ed4dkAgAAAIc7SSahcCSuSmxx3/mAeqSnytcQ3JzqHc9UbG2Oz/ZlyWgRkgkAAAAc7iaZWKXBi5Tbk0m6nEzU99o+H1vL619vPBoM5T+/k08UCM/uFY32paL6ouXwRzPPzMeTpfOerlDw7beF341Xq7541vii3CfRC/PBcAXJBAAAAA5tnkzOC9a3hiVfhtV3k2UTIk4MlfRkMp4zHhFU3yCbmwn6ja+Szb6NRpb0uDIf17rjRrtSSbPmTNJTA/NWNdzkVjLJ5k/EriiU25bTM+ujisbR/SgNFNFtmu9+Yg90P8pty87+seg2zs4E3DPtmkysPQSji6ou0mVEDplb9Pgh50zMR0y+CCVLpfzbaDl4XCZ9L1fkjfn48w/lf6u2BitaXzmxwEVpN5KJeG8+afoNHg9TJnfsrLoluh8aI7pN891P7IHuhwacX1w2H4yBlmrXZGI8sDDnCxnJJOgP5Q/2rVLSk4n1iM3R4Vl9XkXzW2EjrT2bldFlPj5qexXlZCIVx6NRLcCZJy5zJZmInTirAK/Q/QC0I45duOfaPJmUSiN9oVX9rBKROkY3Kz4JEMnEihxqFqWUmzWWdemrucJJYzXX9clEUqkGLiKZoN3R/QC0I45duOdulUz+fwkK0SCRUyxqAAAAAElFTkSuQmCC" alt="Screenshot" width="100%" ></p>
<p><img src="data:image/png;base64,iVBORw0KGgoAAAANSUhEUgAABDMAAAIGCAIAAADGMlPIAACAAElEQVR4Xuy9e3hT153vPX+97/O8j5/D+9KZDj1NYZo0Zy5lOlNmppPpnJ7MuWTOzOT0zAmlHjLJpM7FSQgJnZSmoROSw2lu5hY3JhfH3AoJ2OCEYEwAY1m+CPkK+BKMsbCFMdgYX2TLlm3d9f72XtLW0tqSLcnSRpK/n+dbd2vttdfakhdhfdhra//W3R/1IggSkkL62cOV9NxdZBbrcPnmR+bQ+nGH64V6lE5DLiwK1nmhcthq98y4vA6P1+31eX0AAAAAAGnMzKzrSxna+C3V3AhBFn1S2Ez+rW4EZgIAAACAjIGc5LwMbfyWuBOAuBgcnRaL0hav1+fx+pwen8PttTk9E3bP6Iz79rT7ls11c9J1Y9J13eq6NuE0Tzh7xh1Xx51XLU6TxdE95rgipyuQy6NzRanWJR/VbXFQI9QUNUjNUuPXrM6+CWe/1Uk9Dk65hmyukRn3uN1Dp2R3e10en9tLiCcPAAAAAJBGMC1hwExAYsgkMyE8Xpr6S7P/WZd3yuEZn3WPzbpHZlzkJ2QIt2zugSkX5YYkKpI89Mu60md1krFIsUoxy/YyR1g1qt8nS8h1uR25TUmBqH0mJNQpOcmorCVTTu+My+v0SPHATAAAAACQ5sBMQOLJMDORL5t43V5JABxuL/nJtFO6WEGZcnomHR6r3WN1eCbsbpIWEgYp8oZl1m2ZpZ+eMVlm5g6rKR8iNxL4OSE3Tl1QR6QirN9pl3fWLS3ickpXS6SrOtASAAAAGiD9OxgAsSOOpAjATEDiyTAzIbzylRO3tKxL9hOP1y4piocsZUbOtGwLkjMEpEXyFoccWWDkeCOEq+MIHs6ampYbZ73Myp3a/U4iRdaSqP+4AwAAADEiTjABSATiOAsAMwGJJ/PMhOGV7zInE/B4pfs63NJPn7zQS1rrRWG2IEe6NYWF7Yoy3IH+pgK7pF5Yj3LX0jlgBRcAAIDkQX/HeDwet9vtknECsGDYWKJBRUMr7CQGZgIST6aaCY9kKerIV1fmiGw1IVHXCRNVRwAAAEBSYVpCk0i73T49PW2z2aYAWDA0kGg40aCioRVWTmAmIPEsBjOJErVUzBsAAADgjkNTRrfb7XQ6aR5ptVrHx8ctFssYAAuAhhANJBpONKhoaNEAg5kALYCZAAAAAOkLuxOAaclyw3MIkvAwOWEjjR97MBOQeGAm6c643Ts47RmwJSDUlNg6AACA1IYt5XI4HFarVT2nRJCFh4YWDTD1gi6YCUg8MJO0ZmzWqxaMhYQaFPsAAACQwihmMj4+rp5TIsjCQ0MrKWbicPtuTrq7Rl2XR+SMKnFLGeNikdI9Ln13qtgKyCxgJmmK0+NTe0WiQo0DAABIC9hNJna73WKxqOeUCLLw0NCiAaa+1WRBZmJzeL9ZMHT3rtt3v3f77vdv3/3B8N2FlJG7Pxq5u2j07j1S7t09+C9np3LOTn7rN8P3fDx+z8cT9xya0N10iW2BDAJmko7Y3Qm+VBI2Yq8AAABSD8VMxsbG1HNKBFl4aGgl3kwKGqfmNpPf3z245gvqWXpU3N99dlsxk3sOW8W2EsSLP//F2kceo4g7EgrrItm9pC8wk7TD6fEl6saSuYMrJwAAkPrATJBkJylm8s1f35rDTP5g9039TafVwe66947Z3fd8bFHMxJKc+2L/8wN/9817/5Ai7kgorItk95K+LNxMSo9V8qntY8U3hPKJ0KMylYfym8SiRKNWiORF7BsAAECKATNBkp07YCZPVFpIS9weqT/6n9Xhuedg0EySdLcJzCQVWLiZ5O0syf/gM38KSorbWHFnXn5poLx0R37JzdCjwnDz82cP9oqFPt87P8oVixbMCz/KfSiQF175cNwtVoibZJuJw62pmTgS98kAAABIBjATJNnR2kyerBwjFWGd0Q+n27uv28Gv5rLBTDKXRJjJ8eCLtsqgmRztDJQOnt0dlZm8/kbuQ+sOC8XJMZNf8i/feTL3wixfED8LMhO3oUEsElHLQ7IjngEAAIBUAmaCJDuamsn/LB0ampbXcMm4Pd6yXse93B3wMJPMJqXMpPSmz6bfub8npFgDM6EzfOgNfWhJnCzATJzjX7ytpZkUl1mWlNnU5ULEMwAAAJBKwEyQZEdTM3m+dnrcHjQTu9P7j58O3HNwHGaySEg1M/H5poXLJoKZNJQWPPSj3OwnX9ta3sFKih4LqfBOdu7j3KowkpBD17ndgUKh5KEXP2cbL/yowOe2PvuItNDr2YNdrHCo8fOtv/g5lTy+4XVn6AKnIcPh7Gz/qjAfbyaNBYJmCG+ko/zDTRt+Sgc++vRrN2Z9j64NLjB7p5GvGGSOr+Rqqh5fUmSh3Fc2+cWouDdsojQT6lQ8DwAAACkDzASJO9uulYXdFqKtmdTNXpv0Ss9OkatZHZ6/OngTZrJ4SISZfNZ0vsOfL8qDZrK/NlDeXPxB9GYiXjbhJ/Tv5OSanYEXtqZHCy7Q/zv1Oyu5tViP5he8/qOfB15Nh72IoTITq3LNhHY9mm/g9zXk/7TydvAlncONwPaFgp+WctrzTs5PozSTTdm56ptbbpT+cu5rJnM8V5HMpIltX5xYUjSurqBOlGaCZy8CAEAqAzNJx3xd98TXVIVz5BvVTy098/jv1oSW1+Z+tXqdUPI7emnjKxW5X1c1os5ft7z65OVC2qCftK2uwKKFmfzFR9f+/kDvnxZe/5M9N37T5Rm0yXIi9zc2677vk4G5zeQXv3yFTfdbzl9Qpv6UrTvecTqVmaPvb//+f/B7KQ+t+Sdlr9pM7v4Pf8RKvvf9H/T1Xf/j7/4Fe/lP//wv9/7hHyuN/Lf//qByCJ3zbw5+IvTy2pbXlQpKIXtJHytfk14qNRcnCzeThBEwE+L1bM5GghP6jkc/9F8n8e/yV7M+WhQoJx9wS1N8vzz0HD417t/DI5hJ6cZcc2AgvKBaPKZcTgkwTRrDRvlDj+0O2eNuispMxs++XhPmY5/XTOb4suCAmbh+cchyz0m/b7xWbTPcdhgaJ37RI700d0zcVWRpumUvvjg9oJjJ1Mxdc/oJdSqeBwAAgJQBZpKOidVMlp55Ul0YJgEziT4vdh/Y3FNCP9W7lCTdTP7gvf4DnXbDDceetqk/2j30XM1U423vrMt/5YR63XlhKkoz+faf/JlgBWv+6RFWZ9uOfGEXy4eFRayCYCaffX5cqUNaQiWKmah7+Wj3XnYUSYuwi+Viq/+f7pUS9vKJ3GeVkpwnxTnoIiQ1zYS/bBKc0F8/urXev8k49Yp/10NPHzbLGw35csm1w6ypoKKEEjQTt7OutOChJ6WFWIFdwqi4zq8NYzyU/aF0sYY2xLtTBqMyk/oC/iKPwrxmotYGJcpqrkfqpq+Ie2fuq5mljYKjlq9+EZQQZib0s31KbE2IeB4AAABSBphJOiZ1zOSvW1593fzZHBdMlmtgJr9udcw4pSsk1H7zoOPbe26vq5lsHPIO2LzyhROv9K3B3PNM5jATyuNPPv321u28FVCF+oZGvkRIe8eXvlAzUa6WUHp6/RNBxUwo3/3z+7b86g2+EeE01HG5pKfX8y95Lfnnf8lR3s5iJjXNxMddNglO6BulO0yEMPEoeix30xfSI0Efyi5gdR/65RfSsdy1Fx4yk/Fxqxzx7asWejWp7/p46Ee/lE918IXSQXFXFGYSyZfmNZMorpl4BkanflhkYYVvlI3f8xtJV75bPUMv7yNvaQ0eIpnJQcuSfRPq1vjgmgkAAKQyMBMt843aZyl36Z/8Hb20jOquqie/VvPs1/VPfkX3jFShNveruie/WvX012uf+1rl40vP5n6lMvdr1c8uNzy77OyTX699dlnlE2xFlt9MaqjC0+pellc/taz6ma9XP7X07NPfkDslM6GftIua/d2KJ5bppXLFQ377zON0Gt+ofeYrZ55gJUtVq7m+ohM7+m35nNkFE/op7OWTdDMp6nSPzcpeIg/o5iHHt/dJcrKvy222esft3k97nVFeMzlUfISVUDvKpP/GzZu8IShHKSXf+oOV9PK/PPD3fDWWy11XlPqKmZC3sBKT6SrfrLL97e+sUo76Xz/KZoXkIXwdPjMz4f7JelGycDNJ+H0mAaRb4c1uzkx6/FdC1Dj1O6WFVe6gRex/WjrqoVfO8tUUVPoRRLVrjmsmVtVNLFyJykxeD7wR4cYYhXnNJKr7TAYn75fNpKlmvJiVTNmYmWwvCXPNZODa5H010t5IwX0mAACQysBMtI/6CgaZgLRRm/vbOskflssKoa5GisIqSGZSk+s/KnKoBXZpRWmKmg1ebPGbydNfCXS6vOapSGay3PAMb0FLK56in3934c21Hb+mDfpJ26H1g0m6mfy8ZvbKuNcVuLHE7vY+c2b0e5/celI/+cV1T+OQ9ymdNUozuX69XylU5v39N24o2z/4m/+mVFj1ve8r5T7umomS76z6nlLZx5nJg//zIaWQb0HZfitvm1JBuVzzve//gK+jhL/XBSTCTBL73VxBtj6W++zB3qCZuJte10c42/Gzm370c3aTCcN88OdOn1V9TYOh0o8g6l2qR6xw95k8LezqCDGT0JuYHlXeyM3P47vPZNIxl5l8ccvefsv+hHQZxCoVdlofOT9rnnK+Ueq/ZqLcZ3LMIPlJ4A5415Ldc90xT52K5wEAACBlgJloneqn2AUTKbVPf6XiiaVnHlfMRFlMJZkJJx53Ved+haqdeVwxE3r51WpV4yx1z/ibDWcmQeVg3fEruALb4czkud+teJxtSF5UJ23wl0rmuGySdDP51q7+t5ucvRPeKWlNl7SX5OSfTwzfs3fkD/b0/+Ge+b+b66WX/43N8kdGRpVCZep/vb9f2f7xWv9tJwQJhlLuC2cm3/6TP1MqE8rtJXwjfAvK9r7fHFQqkCyxQnZlRuiC8o+rf6xUBqlsJuQADTuee31DcEXWOzlhvtKKQSpS+iK/dqujqPRwyP3yHGr9UFDvulDw01MhX8AV/G6uyjdyG2z8Lu67uXwj/F0o4/XSUjTl5c/CfTeX78vd7/s/vYiozSHZEc8AAABAKhG3mfxV8+a3rn0+7LQ6PC6n10U/aft186d3G15QV0ZYvlb5hCIJy85K67XY9txm8tskJFXsssbTwWsmhue+WvG4tChLlaVnpAsa8kYUZkJt+huXlofNYSbLZTlZWvEU05Lok3Qzufu9oft/M1Z/y3s78IxF+rn/0vSqff337Lfc8xtLAs3kD//4u0oFUgWl3MeZyco//XOl/MKFi0r96M3kX3KeVCoU7dnHCv/27/8HX4fP1NSUUn+Rk9pm4vPZDPyE3nf97ENPvn6he3D8VtcFg/7ZtZxFfLn70cBNJoxHH3su+D1xoaj1QyHMLvfIQ9nPvbDj8/Fxa9ne17N/wV0nsXU9tPaXHdekW1YqSwt+dvw6v76L9KPU0DU0bu0wfPHQj366lXsjtrYD9EaKyg3ygQfY/fTSDfQ5b1NJR/eIUlNAbQ7JjngGAAAAUon4zGRl/cZLU/0Oj/j3pN3jXN+1d4VhvfoQhCLfyOG/YCLN8v1m8vS8ZuI/qvop3kxIJIJSwYUttVpukG4vicJMnlU6ombnNpPlhmdi1ZLlWpjJ+7e/9f5gy5B70hE0k5qbjv9+6FqizGTza1uUl9/98/vOVJz99ndWKSW/LnjPx91nQtt/+ud/qexV5GReM/nL7/8n5eXfPfiPZSfKH3/yaaWk64p0ywpf/8DHwe8X/tt/+KHS5mImhcwERMEct5okI7jJBAAAUpw4zOT3jf/q8s71D0/HbzdTHfWBiz36J+UVVnKkezae/VqlVPJVfcANIpjJ8tqnvyqvzvpa7XMhZiLrjVoh/r1OavZ3dM/8dlRm8tw3qnPls3ri39c9M5+ZxJOkm8k9uwbPXne45CeY+OQxbXV4Hz45cs+e24kyEx/nFUL+7C//mtUXvjW412xW6jQ0Sv/wPK+Z8C+FPPqTJ8LWLz5yVCmBnPgSYSbB29/l9IyxYotQbg89CsSN2h+SF7FvAAAAKUasZnK34YVZ1aUSNVTnbsPz6sORRZikm8l//mTo9gz7fmCpA7fHaxhw3btn6O59Ywk0k76+64ItsAzdvs3qq5+0+Bd/9R9Zye9/+08M54zRmMmp0xXf/fP7hC6+9Qcr2VcGq+v7Qr+h2GKxKOWLk4WbCdCY4RnRH5IU6kjsGwAAQIoRq5n8VfNmr0+c1ylcsQ2wfVSHaqoPT9kMOSaElyVDRnW1aPYmNi+ZPqYPc8w5JZSbpm/RTzqNH7dsDV6K8V+NERu5s0m6mRSbPLMuf9su0pJB571FQ3fvHYveTGKiobHp/Q8/am45L+5IKNU1tYVFe8q/OCXuAHMCM0lH7G4t1nSJvQIAAEg9YjWThgmT2ESAs2MdKwzrr07fYi+ppvrwuXPLMW51zfzrld8cGapX71Xnhn1UXSjk3PgVdaE6KWsmFqdNXbicM5O1He+q96ZUkm4meedd16wep9vrcHlrbzi/9dHw3XtG5zCTyYWZCUhlYCZpitOTxGVdTlgJAACkCbGaSaSlXDNu5zcNz/+X879S5nyzbqf68DmysfvgieHzQiE5gNfnfd382XLpoRnvHh1qoJfmmSF6eXqklXVE2+/3V7i9nvHAJH7vgJ6qXZsdHnVOsjrK9P1vzv+fSdcsVX7s0vv0Mrsj3+V1Uy+KmVAjdo9zxGll7lE3fpkOP3TL8EfGF9V7Wej0qDtqlran3HYyq+UB1fmv519nLVSOdbBCqjnstNJ2+2QfdU1nSNt0iFu+dafJ2kMd2dx2ekm90Pv1SX9lu969fopaZt0xJ+HNpGrsS/YGv5zq75U/nJRKUszkj94bUszkB8VjFTc8Zqv36oQ394vRu4tGYSaLFphJ+jIR+fEmC8kEHmACAADpQ6xm4vD4l7vzOL1u40T3CsNzZcPBFS5UU334HKHJN4Uvecn0cYu1l+SBXTegybfVNfOXTf82Is/sl8sawDZe7TlCDtAwYaI6+de/mHY7Hvly19vXjtNL9TWTV3pKnu/aR+XkAKQH5BUkNkwk8q6V1U90U48er5e5B5VTj9TRBzfOqvdSfti69YZ9lHqnveyUeDMhLaFz/nH7Tipkb+eZy7u3XSsjQeqZHnr68kcVo22be0rIKKhZ6uhX5k/fuvb5nptVdObv9Z+hFpR1XHOYCbVAp7dcFqeS6C43aZmkmInV7uW/m+sP94ysOjD6H4qG7/5oZG4z2X/FIbYFMgiYSbozbvcOTot2EV+oKbF1AAAAqU2sZuL0+s1k2m0/dMtAM3va/rerxd80PP8PF9/2cFNPqqk+fI6ozYRNvinnrb3LZTNhPqAsYVIm6wXXT896nDNuJwkAKYFiI2ozIYWguT5Vpsb5CxFMJJQe2XotqqC8Hdol7FXafKfvpM1tJ81YrjITeqm8KeXw5fJbUFqmMyRpoVNqm+yjXeRLDo+TKtCpLo/OTJbLi77oQDIcpYvUSVLMxCcv/7gy6ro8EsioEreUMS4Wf2wuzFQyHJgJAAAAkL7EaibKaq5ma8/957esMKxnU/97DC/YQxd6xbqaiybWo85JNr9nOTvWwabdN+3SuUUyEzoBpgEnhs+TFXTZBrqnB1kLgpnQS1bzb87/H5rZb7iyb8I1zXYplzj+V9t22qBy6mXd5T2nRi4qhwt7lXIWqvnj9p2TrllmJmxxl9U1o1zEoMPZaVPeuvb5voFqoYXl3F0lpCV9s8PLOTOhppbLn1JYM2my9hwdamBL1FItyTITANTATAAAAID0JVYzue20sgPdXg+7x/3ecz/9PcP6/9Tyv4Xv7LodWHMVfWjyTRNxmtlvlVdGseVPNEdnk/KwZkIzdZr6z7idtMHunt99U0eO9MPWrduulbF5POkEu0uEfpK0/Mul9ypG26icreba3FPyTt9JZTUX7eLXa1HLdALUJrmEei+fjqnrJDx0SmdH28kQ6NOgQjp/Oitq4dWeI/+79yi9pF1sNRfpTcH10zmdH/zC9AlrgaqxW1AoVJndgqKYCYkKnXnx0LmwZkKfmHKrTKoFZgK0A2YCAAAApC+xmsmb1z7nDyc5+abheZp2q58Hz25bRzRLNN9UdkcCMwHaATMBAAAA0pdYzeT7oc8zcXs9/3Dx7SHHBNekRNo9zyTd89il98uGW9TlqRCYCdAOmAkAAACQvsRqJpQ9A1ViK6E4vW6qoz4QSVLOjV9RbphJwcBMgHbATAAAAID0JQ4z+T3D+j03qyI9CX7W4/x9479SHfWByOIMzARoB8wEAAAASF/iMBPKyvqNl6b61feWUMnzXftWQEsQLjAToB0wEwAAACB9ic9MWH7PsP77za++139m/0A1/aRtXCpB1IGZAO2AmQAAAADpy0LMBEGiCcwEaAfMBAAAAEhfYCZIsgMzAdoBMwEAAADSF5gJkuzATIB2wEwAAACA9AVmgiQ7MBOgHTATAAAAIH2BmSDJDswEaAfMBAAAAEhfYCZIshOVmdCEEkEQBEEQBFnMGRix3bg92TdouXz15l216xAk4aGhRQOMhhkNNn7shZgJrywAxMTIyIgykmhgzcy6EARBEARJx0zPOKds9vEJ28Dg7W/UPYcgCQ8NLRpgNMxosPFjjxMTmAlYAPxIgpkgCIIgSPoGZoIkOzATkFz4kQQzQRAEQZD0DcwESXZgJiC58CMJZoIgCIIg6RuYCZLswExAcuFHEswEQRAEQdI3MBMk2YGZgOTCjySYCYIgCIKkbxQzGbw1rJ5Tpl2+Wr3u/6549v9a3Pl/KtcJH8v/p396SVWulvla7bNK7zS0YCYgifAjCWaCIAiCIOkbmizaph0T1ulbQyPqiX7aRT1NX5zh5UR7LWFRToCGFg0wGmYwE5AU+JEEM0EQBEGQ9A0zE+vkzO1hi3qin3ZRz9EXbZTPRO0M2kQ5ARpaNMBgJiBZ8CMJZoIgCIIg6RuaLFJo4jg6ZlVP9NMu6gn6oo3ymaidQZsoJ0BDiwYYG2n82OPnkzATED/8SIKZIAiCIEhah91qwuRk6PbYraGRwVvDA4O30zH/Lr8XYVE+k8dO1NyBlNfSQKLhxLREfZPJDMwEJAp+JMFMEARBECStwxZ0TU7Njk/YaB45MjoxPDKepvl3u24gLMpnknPaeEdCA4mGEw0qGlrqpVwzMBOQKPiRBDNBEARBkHQPk5Mpm50mkRTr5EyaZsmHtxEW5TN5UtdyR8LGEg2qsFoyAzMBiYIfSTATBEEQBMmMsDsB0jpLPhpDWJTPJLf64h2JcgLqkcbCzydhJiB++JEEM0EQBEGQjIx63p/6UU/QF22Uz0TtDElPTStFPaKE8PNJmAmIH34kwUwQBEEQBEmRLCmypE5843Z1YaT4fO6DqkKWg+O+mJpiUT4T5gnaR/3bEcLPJ2EmIH74kQQzQRAEQRAkRaKeoCv5YZd76Jb99WrbdpPrKdVefzrcYskCEpNO3BEz2dzUZXO49lzu+3LUahgYVVdYSNS/HSH8fBJmAuKHH0kwEwRBEARBUiTqCbqSgxbfD1WFoZkoGvWpCuNPTDpxR8ykqLOv8ZZFXZ6QqH87Qvj5JMwExA8/kmAmCIIgCIKkSNQTdCU/7Hb3XZv+AVdSMe3zzbp+cHLa5/ZfKiEHUB+4/brrx59bflBj91kdIbu+cPRdm/nBGdvrl5ysZNbn/Xm17anqGaZANGV6XTf5nc+nqJxVaHf7Zq3OH5yZ9QVOtdbhK6qbfP2aRzETKgl0Yb/S7T+rgJlMsxM+OOo9+EXISaqjfCZqZ1CyualryhFS4QVDx5nrtz/uvjE646C9vLpM2p30s+rGsMPl3nrRJByojvq3I4SfT8JMQPzwIwlmgiAIgiBIikQ9QefznZMzBwfcPp/3O/JLn8P1irxBisIqhDUTJSQPoSUzPrfn+c+Vl36RCNYPmIwiG1TCum73BEoc/nOOxkxeGfCyE15SZPNZ5rmKonwmamfgQypyY3KGrONozwBfXjswsudyH23YHC7aRSFjYS/PDYzlyopy3DyoblCJ+rcjhJ9PwkxA/PAjCWaCIAiCIEiKRD1BV2fXbW9FjbTBz23YrrBmsv2ae9bDaol3odAu8pyhYdlAjC7RTAJLsAKyMa3uMSYzOcif8nzru5TPRO0M6ozOOIan7bTx1gXThN3pdnspzEwss862kYmLw+O/bu+hl9JOeS/lhPmWuikl6t+OEH4+CTMB8cOPJJgJgiAIgiApEvUEPUzOOK90SRs+n+fEmZBd4czEPjEww7bVZsLyHZNHvpQx7RsNsQWVmVh8Ttf2kpBj6RzkjQm1mXznkltczdXhFk54jiifidoZ1Gm+Pc5WZylrtMhGmJl82jM4aXeypVyU2zZ7t2VK3YI66t+OEH4+CTMB8cOPJJgJgiAIgiApEvUEXcmJUffr0k0gtisO3yuyHkj3mTjcVFLU7z/wlQHv0RrrD0PkweabdX3n5NTrJrdoJg3OouapHxvttdP+e+uV+0xel1+qzUS6z8Tmoh6PDvh7bHL6ioz+xpmZ7Br2nmieeqrZ2efwiWZC8iOfMHVx4jx/kmGifCZqZ1BS2jNwtv/2/q7rs073l6PWXFk89l7uax6yUAkzk7cumIan7eyKSm7gPpOPr/Sf6ht643y3uk0l6t+OEH4+CTMB8cOPJJgJgiAIgiApEvUEfdFG+UzUzqBN1L8dIfx8EmYC4ocfSTATBEEQBEFSJOoJ+qKN8pmonUGbqH87Qvj5JMwExA8/kmAmCIIgCIKkSNQT9EUb5TNRO4M2Uf92hPDzSZgJiB9+JMFMEARBEARJkagn6Is2ymeidgZtov7tCOHnkzATED/8SIKZIAiCIAiSIlFP0BdtlM9E7QzaRP3bEcLPJ2EmIH74kQQzQRAEQRAkRaKeoC/aKJ+J2hm0ifq3I4SfT8JMQPzwIwlmgiAIgiBIikQ9QV+0UT4TtTNoE/VvRwg/n4SZgPjhRxLMBEEQBEGQFIl6gr5oo3wmamfQJurfjhB+PgkzAfHDjySYCYIgCIIgKRL1BH1x5ntHJ5TP5NWmLrU2aBD1b0cIP5+EmYD44UcSzARBEARBkBRJ2dXZ/1c1TV9s4bWERXs5aRkMXrSJFH4+CTMB8cOPJJgJgiAIgiAIEmv4+STMBMQPP5JgJgiCIAiCIEis4eeTMBMQP/xIgpkgCIIgCIIgsYafT8JMQPzwIwlmgiAIgiAIgsQafj4JMwHxw48kmAmCIAiCIAgSa/j5JMwExA8/kmAmCIIgCIIgSKzh55MwExA//EiCmSAIgiAIgiCxhp9PxmMm+/NL8nZSSsUd2nLhaMlNsQxoCj+SyEwmp2Yp1skZPhPW6fEJ25hlcnTM6gAAAAAAAIsGp9NJk0DL+BRNCGlayOaKlCmbXQk/n4zHTLpra0uPncrfWVJ6rDJMTrf22cRDosJj7Wuo3UHak1+q77aKe1XATO44/EhSzCSsnMBMAAAAAAAWD84AipkoE0XeTGzTDn4+GY+ZMDrLSuUrJ2FS3CZWjgJb3s7S4ot+Iek7e5zaCa0gAjMJYjPll5vEwuTDjyQyExpe/JhTFIXGIo1IGpfKGAUAAAAAAIsBmgSOT9iUCyb81RLSkoSZiW+wQe0kcZtJz+nPzg6GFrVVfnzRTf+fd+BCe3n5jvySY11SceleyYh2FJ7izaRYLjwbuNJSvLPU1d9MJRPSK+fuQmnvh0ebo7gSk7bcCTnhRxIzExa1n9CIpHHpkhEHLAAAAAAASHPYNE+NYiZqJ0momfhMaieJ20xqD5R0CkXDzfmn++j/83bX5hWdOlHb0TlOOtSc996pzq4rTbXVOwr8ZmJrq8z/5FxnR6ty60sxeUh+af35DtoeNZTvP9Pa2dGxe3dtp0dpPQM5VliisZzwI4k3E0FOBDMBAAAAAACLBGUpV7LNxKd2Ejmlx66KNefl7G710qzOvKOSreTt/EwpKs0PLvE6VSQf0lW9IyAkN3XHzw5LG2Qm9kA1yUx0ms7X7xzuiaaK2ptOsThp8COJzITGFj/meEth98GLQxUAAAAAAGQW7lBoBqiYCS8kiTeT3TtL2nuH7Im4EBF2NVdxm7yaa2elUrabu/mEreaaMJTn7Tw+MW5hYSdTLNyj4rQUF5Xkf3LhZiJONVVx7yg4dfZqfF8+ECf8SGJmoiSsmQgjFQAAAAAAZDbMTMJqyfSMk8LPJxdqJmJR3PSd2yWv3Qpgq/+kpGlG2uLNhL9m4r/MIl0zEU9DNBMJN1XbbbCIxZnCxMVKjbXEN6eZ8IoCMwEAAAAAWIR4PB72fcFqM2FaklAzebekOPQrg/mVV7Fyaq+0GOxsQ0dT7TnayD/mv/GENxPfzYbAfSa1/H0mee+VN53vOHG0nJXwZtJe9ll9R19PR2te/nHxskymMHGxQnst8UVnJkxO2Dd0eQAAAAAAwGJCMBNFSBJvJuQPp/jrHDMdedwNHiDj4UcSmYkywmAmAAAAAADAEzCTsE6SYDPpO98qlNQ3LJJ7zYEEP5J4MxEUBWYCAAAAALAI8Xq97EkmWpgJWOTwIymsmSh+wr472AsAAAAAABYTMBOgEfxIgpkAADTj1vRs821L1c1hBFnM0d8cpj8L4h8PAFIMmAnQCH4kwUwAANpAU7HWkYk2BEFGJujPAuQEpDiRzGRm1sXCzydhJiB++JFEZkJjS60lMBMAQGLR3xxWz88QZNGG/kSIf0gASCV4M1FshA8/n4SZgPjhRxIzExaYCQAgeVTBTBCESxXMBKQ2ipmonQRmAhIJP5J4MxFCcsKet8gfKw5bAACIDpgJgvCBmYA7Dj/BU0MzQJoHRrpgAjMBCYMfSbGaCQAgSug/+lNTUyOxQPXdbrfYUKagHxhpH7UiCMJCfyLEPyQApBIwE6AR/EiCmQCQJBwOh8lkuhgLVH94eFhsKFOAmSAIH5gJSHFgJkAj+JEEMwEgSVy+fLkydnQ63cTEhNhWRgAzQRA+MBOQ4sBMgEbwIwlmAkAycLlc1dXVonZER29vr9hcRgAzQRA+MBOQ4sBMgEbwIwlmAkAymJycFIUjai5duiQ2lxHATBCED8wEpDgwE6AR/EiCmQCQDLq7u0XhiJq6ujqxuYwAZoIgfGAmIMWBmQCN4EcSzASAhDM7O9va2ioKR9RUVVVRC2Kj6Q/MBEH4wExAigMzARrBjySYCQCJxeFwtLW11dTUiMIRC9QCtSM2nebATBCED8wEpDixmUmXrQtB4gs/kmAmAMSHxWLp6elpbGysC2WBTqJA7QgtGwwGMhbqVzyVNAFmktisXJOjLpw38R0lxXxyrX5ILExy9Ce2LH0iXyjMWrNNXXPePPDIOnVhe4QutAnMBKQ4MBNEo/AjCWYCQBxYrdbm5uZz585VVVWJSpFMSFeoX+pdPKF0ICYzOXNgY9aanE2XxPLMC73NB07wM379ygMm5WXh1pwzqkNY4nOM+I6SYj7+YIXmZnJ8S9bDoofEZyb3Z+eqC9sjdKFNYCYgxYGZIBqFH0kwEwBixel01tfXi9IQBaQxRqOxqamppaWFftJ2fGJDvdM5iKeV8qSOmdwfe8uHduVmbdWry6PJ3N3R21yt40tS1UzuaFpOvFUY2I7PTFIwMBOQ4sBMEI3CjySYCQCxcuXKFdEV5kOn0/X29trtdrfb7QlA21QyNjZGoiIeMB90DuJppTzxmomJNpatycmSs/TFl9kGRU81ddtoY8UT61hJYT/VHyp8x/9SOlDWCZqOr94l1cxas3HTBv8umuBKk93WvUrlrBcPs8pKg1nyPD5YIXRaTy9XZAd25Ugrglr0+VzJNjofoTv+3FYdlgwkS/SW8Gayck3uvdtL9V0tb27fwA5cGTiZVdk5BS2mwgPb6M0a5ZLcl94qM9/Qt+qzst+S6nQcXvbK3sLWGwV7tiwTzMRQ+JqhU2++cX9OTovc+7In1i19Pl9vNt2bzUoCuXSYGRT9ata/s5nav+/hnHuL6h7YU3GmpTTrmb2s2n1b9rLWsn5VQS/X5uSU9Y+e0e2i1liFrOwNZ8w3ynR72a+GhcTjTbO0IX968sWNgZMPnBiSh4HkIYeKNm6nd9Q3KrWwZt0De/T07ta/sk5Qvqwte9efbik9su2B43Xrn99IJ7kq8C7Yx0UN0i+Xzln6cNZsZCWsC/qo17+6RTl87ZGGMt0u/+GB986qSb+RS4dXrtlwH/1GqJ1n9q54dS/9Cl771br1rSHnM3dgJiDFgZkgGoUfSTATAGIlVpGgP2h9fX0zMzNiQzIul4vkhOqIh80JnYPYUMqzIDP51Uk2y6TtfV005z5JG9JcVjaTrOyXaSZNG/fuaSfTuFdyjL00iZcFQJrmrpRN4P6389e+c6BdlIGhghZz+/CNgq3ruMq59+9vOGMopJplUh39aipUXTOR2n9mW0HrjTe35GbJE9/1z0gdrTeYSo+8RRtL5UP47u6VZKmCupNPW9KG0JOR+opgJjnMOuiEs7KlmfRKv2MMKVawdM0GYWbM6rz5Sk7psL+Enac69IHLFyX0WY/t2idXDpQEwpkJW36mP7I5K+AbS+VZPt8am+5nrdnMSgrelk2yde/qwJIwOtvgIV2HV1dIG1mb9q7fJLep20Yfi9IOfzLBtzAc8lnJu/xtZmWvW6vzn2SB/HbYR0Ht3HfEzOqslk8+xEwuBNrJ9t+U4j88vJn4fyP3rQlc1xpuWLm/k1WLJjATkOLATBCNwo8kmAkAsaLT6URRiEBVVVVPT494fASoZtjFXbW1tWazuaury2g0KoV0DuLxKc9CzITNSmlSqKzk8e+VzYRNT6WrExsOy3Vy2GRU0gl51rgy1CtCZMDcvio35AoJXznQdUQz8bdz6TA7VmkksC3N1/nulI747kIEILKZKIVs21/CTZqlT0A+ydLjhcseDulCODYYc/vKwNtn7zTYu+wGwZqcmfhPWPrw/UKiNPvm+5sD7076TT2YnVM2YNUb9q6SNYD9dpQEG6dP5vkD1IXkBhf2Ur/0Xlhf4cxEWc1lEn4pNACUOspJsnfBzpBvR+iCXzgX7IIdHsFMWMnq4BsRz2fuwExAigMzQTQKP5JgJgDECmcNc0HycOvWLa/XKx4fAapJ9evq6oR2SEtYhYGBAb489Og0IHlmsnRXA5U8QJPdTcfZgewfv+/jpuaRzIS2/f+ILjclVA50Ha2ZSMf656lm2sjKlpZ4Cd2FXiFRp529HRY2e24PNYqlgWs78ss65d/pV2fnrChqbzfu+onBX3OVXIebOotmkvXYLrZx5vDLCzeTQ7ty/ddbDr/sX4X1/jpj4HINO5ZJozr3r8l5k10tobPadJxdbElBM9m+BWYCFgswE0Sj8CMJZgJArPB6MAdGo9Fut4sHy89hnJiYCPssRapPHiK009XVxfYKu0IPTQOSZybyaq7OLHbxRJ4ycqu5RNlgx67a33KmpVPPzOSwqX2g/Wcvhqkc6LrhJ49J941QL/xJBs4waCbsrhJlNRe714Lvjq00o0Jja8NrpXW0seLhnNdCXSUr23/TBUW5LWQlu69GSsTVXFlsNZduW3BVklyHZvzcnDvUTHL9x772UgKumdAvqDTQGvtN0QcScrNK695VB8Kvd6Kaq9kdJrIYMMfgzURRmjtgJl2HHzjuX4T2QDbMBCwWYCaIRuFHEswEgFjh9SASOp1ueHiYP8rpdPb19fGXRGibSshS+GqE8Pz4qqoqkpO2trba2lq+XDgq9Umemaw+3b40O2fZxuBTKR58XlqhtPpIC7sTYGWomegr8mnvio0HaBptNEh3wN+75fCh/iE2a+crK12397dQF1k5IXdTBM4waCZSuuuklVSPrDsk3Y4vdkcvV2+Uzm3Z85tzT0hzdLWZtN8yFchroqiOMq2ns2KFWTkv87d0SzE3yOf2cuBGFOuD63KzsnPpTW160V9HKpHf5vrcEDM5dEA2qEc2GC8dXriZkCbd+4i/tVXyb2rFIxsLTldIOZK/7P0W6fDT0t07lPvfOc6fSbs+X/nYt2/J+YnR31fgNz5EH5R0TeyOmAlV3rKBffj60s0wE7BIgJkgGoUfSTATAGKF14NIVFdXu1wu/igSFfVtJFTS0dEh1Ozt7RWqhYU/JC2IyUyiDXefSWYn6CFplIEK/lEtijYgLDATkOLATBCNwo8kmAkAsSIqggqdTnf9+nWlvtvtHhoa0uv1Yr0ALS0tVEepb7fbo7nJXqmfLsBMFpK0NJNRU9a6fL38/cXrX123qUNdYVEHZgJSHJgJolH4kQQzASBWREVQcfHiRf4x7WQpNTU1YqVQeJMhqAWxhgq+flqQFDNBkLQNzASkODATRKPwIwlmAkCsiIqgore3l396SX19/bzXQKgO10NUC7r4+mkBzARB+MBMQIoDM0E0Cj+SYCYAxIqoCCpGR0eVW0fsdru4OwL8F3lRC+JuFUrldAFmgiB8YCYgxYGZIBqFH0kwEwBiRVQEFTabTXmMyfj4uLg7AlRT6YJaEHerUCqnCzATBOEDMwEpjtZmcqal/sKkWIgshvAjCWYCQKyIiqBiZmZGMROLxSLujgDVVLqgFsTdKpTK6QLMBEH4wExAiqOlmVzetrMkT05Z/+UL1cdpo6CiRVUNyczwIwlmAkCsiIqggl/N5XA4xN0RoJpKF1jNlcCwx03oT2wpHBB3LTxLN5YqD8FI/3APM9E+3HPWF0lgJiDF0cpMJs8zJ1FSUFQq/TzdJNbUPHk7P1UXIgkPP5JgJgDEiqgIKoQ74BsbG+e9A57qcD3gDvhEhnsQXmqEpuBH5IcPnq4oveov1J/YlvWw/zxbDLtWrMl5zdC570h+1qbQxxEGsmlDjv8Jhqelx8xTjI17qQXlmSE/eSIn64nNZeYba9flvBnoRUjWmo16c+f2A9tWPpxTKD0XcnGZyZ18s3JgJiDF0cRMho3Fe0K0JOgn8ZlJbwUd+77uPF+Yv7NkT7OqZhSBmWgTfiTBTACIFVERVLS2tvLfGmw2m+f91mCqw/UgPgY+LHz9tABm4k/HgZBnq49aD+15OWvNOuV57e2jQ2cu3WDbykPWhfzsefFNrcjO2b49aCbGrk7jsLyr/2SkKXiw8Y4DK4raF5mZtN/JNysHZgJSnOSbSY+OV5Gdu44kxEyKDpXl7SwNlkwa3v/0pMZm0qw7pi5EIoUfSTATAGJFVAQVOp2ur69Pqe92u4eHh+e4bNLc3IwnLSY4/Xr5GX/SZYdlj0mT+DMHNhbKu0hUHnh1r76rJSv7rTdr9r5m6Czc9fKDX8iPKh9uYEctW7NutU4qWbkmZwVVNncW7tnCJrJZ2RvWHm/RtzasPtIuvdxwmK3mIrUo7bqx6Y0NtCE1denwiifWsWOXCWpUsY2diZBNG0TZaJeafVneGMrK2UYb65/JWfq2dJEkrG4Vbg2aSTDDFasOh5+Cc9pjki/OBM2E3uYZ8437c3KM8kt96baCFlPp8fx7s+UP8/DL7EPYfiBfqn/1+LJXpI/0ze0bhMcpZm3Zu/50S+mRbSRO65/fWGa+sSo7pyVcm34zGe4kQ5Mv4EgfKdU/03Iy68WQN7VMLi88sveBD6WPImuN9MnI8Z9/1obCFS8Vvna6Qi/1svn+PXp27aiMqRrr3XxyZVGL3iwb4KXD0vmbO+lMlm3V830lNTATkOIk3Uzy84Mekn+sTiq8VR2Uk6JT+mHxkPnTW7HHUF2UX6KUdBjLPr1YobGZHNsfPAFk3vAjCWYCQKyIihCOtrY2pb7X63W5pP+Ci5Vkqqur+/v7lTvmfdHdZFIJM5kzh95ft12e3bZLM1fRTErlGepPHsvJypEn1qPmLHm6X7ZnQ4F81L5f52Y9s7ddNhN9oE026c8Knbn6zWSg4l7pmgOVDBW8nVs2Kk12s14qZceSMPD3otCZLHskh85q6brNbI7OEs5MzMpqrp/IkkB+wmbtdGLUQtYjG+5/37+aqz2CmdDUfI7VXP7t/pP37mkPmknr3tUVsqoZdq1vDTmEvRf6yRdu/5Uy6Tdn/Sp4Pu1SFxvYBn2ka2XZ0x/ZXMAZgtImMxPSEuZg9JGu3N/JKtwXqmHCewxjJmv8QkV5kGkP5Wqp3z9DK9OvjM6fDQljxbalgRPWIDATkOIk10z4yyMUpbwotPzUqHjgPOmVJaTt5P6Ll6WXN8++T403lzMzMZ7+lNosbzPsLyw50iNXaC4vPv3p/tNVp65IFfYUlOw5XVWuO62XW8vbeWTnwdM1nXXSDfqfVMtdNL7/+dnytsayz4+xqzpHikrydh2Rjqo/679WM95O7+LCwMULFurifF7B8TNthiNHcRUlYviRBDMBIFZERYjAyEjItIPco6enp7a2Vq/XV1VV0U/aphKbzSZUi2YpVyXMZM7wlxTYNm8mrJxMQNEMJhir2XTfH2nWvpJrh82AC99/eWl2zgN7TvIHKo1LYf/2z61NCtkbmqw1m5VttZksY5dfgpX9VxtCcmHv/aX+pV9hzKT75BwXAZQ3u3QDMzT/ZF1qJ7CLlbR06Vc8kctKJIsYvsE+hFKz1I5fk/xRPEHuInA+wQ9Bt40tZhPbvHR4Wc66Fe+3KPW5NkM+mbIjb2U9vKGwa9TfRRgzCZ4D30ioVQbM5NLhlcH2TerfQvICMwEpTnLNpKvfKM3pAway7ZMqKuy8VqWUFJw2GlqM4lHzhpkJSUV+Gf0s/rBk26cGxUzydh47NuCvmZdfLm00lxcZvwwcbsgrruFbCypTc7n6+kleUUUXM5Ois6yEttnGnqBrSWbSGXogIoQfSTATAGJFVIQIGI1G/uu2GE6nc2pqymq10k/aFvZSfZPJFM1SrkqYyZzhb8OI3kzUs1Juzhoy36WpeVb2W8qB7fr8nymrmHTb1l+I1kyWcreRCL0LWmI88dbPjCdXHfBfRuDSoFxbEM3EXLFsa8gVDCGqm1j8k3U64dDLGjeyXipl24Xbues/wzcKtq7bPmBdrVyXUCWymajalD+x0qIN/msmum3BjzRcyva/zC7IBH8vA/47akLNJPyNOtw1k7q1yvkP6+d4LwkPzASkOEk2EzanD71Cwifu+0yYhEiXSqR730uLr0heETATvgu/mRzpDRw7oBM6DdpI0Ewu7dn/6c4CuQXFTAI+E85Muo4cPJL360+N0vUT7jwRLvxIgpkAECuiIkSgqqqqv79fPHhOqD75jNhQBMSDUx4tzeTQrlzlO4KXRm0mZXvE2yQimon0UroDJLCaS6+s5tq+JadsNEozGcp6bJfykjcTY8U2tvZJyf3yjDkr+2XhDKnmTwz+7RAzMVesDtwl4s8tk/+e+EBUs/bgaq5QBTJlbZGvEQ03/OSxkJVpkmZ0Sau52BozdSKbiarNwH0mP9sgr6AbqJjjao+UwLWOrDVbWAnJm9pMHswO/RCC0QeMbqhwa65/NdeJt5TlZxoEZgJSHO3M5MDF9mD5ZGtCzKTDcPzT6wb/l3QFzeTToIew8GZiq1NdMxHNZGdQOb6M0kxYThUfUS7XIEL4kQQzASBWREWYk97eXo/HIzahgupE803BPGITKY+WZkJZu3Fd1prcZRvzSRXaozMT2ih4f3PWmpxlz29eW9reHs5MVrEFSI+sK7sVcqDReFg6cOO21xplo4hsJqWl26QWHl63clOhUtjOmQm/mCpLXulUdiAgJP0nH5AVZfXGDew8c08H727nzYRvgRnImcMv5xqD3cl1IpgJVT5dKB2Ys7FUFryCd16ml2tPm1r0+XQ+Z76Q38Ij61a97b8N5rW3pQpZ2bnrdeaQLiKaidgm/4mxEzMaS9n5r9oi3fOj5P7n6Tebs3LT3kJ5LZmxkX3y+QXdZrWZtEuflVSfzrYw9H6btRty6YTZ9qYt0ue5+khLBI1JSmAmIMXRzEzEVVLGU9LdIAs0ky7bZWqkgxUq95lUHKPCI3XV5XUV247KOhFiJtJ9Jvt10t5j16WXajPZ8+uS4pbGC9fr8/OPzGEm5Z+U7K+rP9N5kWxn/+kqqv/hrhKj+mwROfxIgpkAECuiIsyJTqdraWkxmUzqtVsKY2NjVCfKRVwKYispj8ZmgiApHpgJSHE0M5PjQnmCzKRrG3eXiKIrFzrObssvycs/cuTiRbYr5CrKLSPbWynfea82k06T/5uOj3S0zmEmXcNGqrPt87ou28V8eelXwVHpRhokbPiRBDMBIFZERZgPUg6DwdDT02OxWJRnwxO0TSWDg4NtbW2xakklzARB0jwwE5DiaGYm4VNQ0aI+BMnI8CMJZgJArMz72MS5qa6uJlGhn+KOWKBzEE8r5YGZIAgfmAlIcZJuJgjCwo8kmAkAsdLV1SWKgubQOYinlfLATBCED8wEpDgwE0Sj8CMJZgJArIyMjFRVVYmuoCHUu/CwlLQAZoIgfGAmIMWBmSAahR9JMBMA4qC7uzuOO0MSAvVLvYsnlA7ATBCED8wEpDgwE0Sj8CMJZgJAHMzMzNTX198ROaF+qXfxhNIBmAmC8IGZgBQHZoJoFH4kwUwAiA+v1+twOCwWy4iGTE1NUb/iqaQJMBN1cp/wP08jpsR0lPL8lgRm6RP56kIk1sBMQIoDM0E0Cj+SYCYAAG2AmcSU9bnCYxBjSjt7mmF7As1k4GSEJ9mHSYtu29LAYxzXb8zNWrNROZ9ghs1ZD+cqT1dsb927Vh/y2PuMD8wEpDgwE0Sj8CMJZgIA0AaYSUxZIT6gPZZc2JtwM2k58Vb0ZrJpQ07Wryqk7e6TWet2hTUTMpY3dcHnvrePDmW9VKpuKoMDMwEpDswE0Sj8SIKZAAC0YZGYyZkDG9e/s7nMfOO+h3PuLap7YE/FmZbSrGf2sr33bdmrN9+4PyenRX7JtIEOycpeRzX1rfosWUha+m/QBtWUqhkKwx7VfunwiifWrXiVdnUuC9UP/fG31jfeYIdT5aXP5+vNptLj+Uu36qW9pZvv36OnM1y7LqdsmDv5S4dzD2zLPVJRcFqSityX3qI6619Zl5X9Fr08VLRxu1lqk7az1mxj9Vdl5xS0mAoPbFsmt6yEKhRwLfNmksWf6iXeTKwPJEii0iUwE5DiwEwQjcKPJJgJAEAbFo+ZvGmWt3XbmGZQVgpzbt02dv0haCZrNrNdmzb4ayrHRjqKpvX3l0qewFoIuaCh2xb2mglrM2vNy4GS9qztdcGjLh1eecAUfOmPXjlJpQtmJlS+cn8nK1mdzb9BU5YoKmGumUgJNZPCrTln1HUyNzATkOLATBCNwo8kmAkAQBsWj5n4Z/DhzOTN9zdnrcmhqMxEvgoR1kzM7WGP4qf1MZqJ1JQ/vEKEekLp8cJlD/urCV2ws6U3pdRXTluOPm4zOaSuk7mBmYAUB2aCaBR+JMFMAADaADM5tCt3n7zG6czhl6M3k6zHdoU9agFmoroaw8J7gnHXTwzyRtfhVRHMZG02rpksKDATkOLATBCNwo8kmAkAQBtgJjTzLpVfvvZSDNdMsnL3hj1qbjP5WYd/W20mD2bnGPnKSnhP0G1bf0Ha0B+RLte0y10ot46wsy3cmqvcP5O1ZgPX1I2sFw/zjsGbyT59e7BmqJnQe2c30hQa1IvKMjAwE5DiwEwQjcKPJJgJAEAbYCbto0P3PpKT9cgG46XD85qJviKflGDfqPXQgbfCHjWXmYxaVz0ircLaF85MpBY2rpOWaT2yrvAqd1SoJzy4LjcrO/eQ2bTpRf/Jr5AXd50JmIkUc8PS7JysnJcF1Vm6Jtd/ySXQb/AO+Ox1wZqhPQb0Zijr4S18a5kamAlIcWAmiEbhRxLMBACgDYvETBCK8cRbEdeMRYpkKXieCQApBMwE0Sj8SIKZAAC0AWaymDJUuHVd+DVjEfLmpghrzDI3MBOQ4sRmJuLRAEQNP5JgJgAAbYCZIAgfmAlIcWAmQCP4kQQzASBJeL3eqampkVig+m63W2woU4CZIAgfmAlIcWAmQCP4kQQzASBJOBwOk8l0MRao/vDwsNhQpgAzQRA+MBOQ4sBMgEbwIwlmAkCSuHz5cmXs6HS6iYkJsa2MAGaCIHxgJiDFgZkAjeBHEswEgGTgcrmqq6tF7YiO3t5esbmMAGaCIHxgJiDFgZkAjeBHEswEgGQwOTkpCkfUXLp0SWwuI4CZIAgfmAlIcWAmQCP4kQQzASAZdHd3i8IRNXV1dWJzGQHMBEH4wExAigMzARrBjySYCQAJZ3Z2trW1VRSOqKmqqqIWxEbTH5gJgvCBmYAUB2YCNIIfSTATABKLw+Foa2urqakRhSMWqAVqR2w6zYGZIAgfmAlIcWAmQCP4kQQzASA+LBZLT09PY2NjXSgLdBIFakdo2WAwkLFQv+KppAktw+PqyRmCLNrQnwjxDwkAqQTMBGgEP5JgJgDEgdVqbW5uPnfuXFVVlagUyYR0hfql3sUTSgeGZuxtqskZgizO0J8F+hMh/iEBIJWAmQCN4EcSzASAWHE6nfX19aI0RAFpjNFobGpqamlpoZ+0HZ/YUO90DuJppQM0FWsZHtcPjCDIYk71wAi0BKQ+MBOgEfxIgpkAECtXrlwRXWE+dDpdb2+v3W53u92eALRNJWNjYyQq4gHzQecgnhYAAACQOGAmQCP4kQQzASBWYhUJ+oPW19c3MzMjNiTjcrlITqiOeNic0DmIDQEAAACJA2YCNIIfSTATAGJFp9OJohCBqqqqnp4e8fgIUM2wi7tqa2vNZnNXV5fRaFQK6RzE4wEAAIDEcWfMxNZvqm/osHvEcpDB8CMJZgJArHDWMBckD7du3fJ6veLxEaCaVL+urk5oh7SEVRgYGODLQ48GAAAAEsmdMJORjrydJVI+OCfuApkLP5JgJgDECq8Hc2A0Gu32MDe5zs7OTkxMhH2WItUnDxHa6erqYnuFXaGHAgAAAIlEazO5cLSUaUnT0AK+42Ww4UPdoPLqpu543s7j3O6EMHh2t6xPO0t2l3eIO+OCmipuEwsXD/xIgpkAECu8HkRCp9MNDw/zRzmdzr6+Pv6SCG1TCVkKX40Qnh9fVVVFctLW1lZbW8uXC0cBAAAACURrMynO90/3xR0xoZWZ6M93NJ1v3pFfcsEm7o4DmIkCzASAWOH1IBLV1dUul4s/ikRFfRsJlXR0dAg1e3t7hWph4Q8BAAAAEovWZvIhW8e1s0T+K9G5K7+k9JJYZ360MpOb/u2+vN3NQyF740Exk9oDCxOz9IQfSTATAGJFVAQVOp3u+vXrSn232z00NKTX68V6AVpaWqiOUt9ut0dzk71SHwAAAEg42pqJtaOv6ZT/JhM5u073iXWiIZKZeAbz8j9rki905O0sZXvzPqg+dew4Fe5/r6SzrTK/qJK2Axdt3HTsrmPNnVQ/X3AbzkzGmneUmeStG7vLmyf6TXQ4OwFyDH3v0MS4ZX9BSZ9d+jteWgOWf7yzy0TSdTP0Fn+/mThtH+8soUMm5Pr8CZy9KZXk7Tz14dEGegulRSX1VxuO1XbUnzm1Y2eJtHLcY8orrKTGae9+w2hI6ykPP5JgJgDEiqgIKi5evMg/pp0spaamRqwUCm8yBLUg1lDB1wcAAAASi6ZmUlxQsr9hsL3sM8VMRuP7eq7BBl5v5EheMVpbfsLs/ydAcoZOuXHau7tWnsRfrc0rqu2RC+sPlkjfqTl2YXe+//JF6bvy1D9IwEycNlKa2rGQffr9JXm7m2kjP7Aszd506qy8upvO5JQsGL7O6o9bQqbXfjOhz4FbzMafQN5h6YaWgDX5fLbWvPwKecvdXf5Z/Yz0xtN3PRg/kmAmAMSKqAgqent7+aeX1NfXz3sNhOpwPUS1oIuvDwAAACQW7cyEtEQRiZDVzXEQ4ZrJsXe5VVKDDbsNFp800a+84C/qVI6iQ6iws8x/Oz5LoBrDf59Jey+/jMtZfOC4v/7uBnq9gzOT2nH6f+lySjBHO7ljw5tJSP2d0t/63Mq0wWALbZVn5XMvLSrJ+6D8WENc15ruKPxIgpkAECuiIqgYHR1Vbh2x2+3i7gjwX+RFLYi7VSiVAQAAgISjiZlYOxQt2XG0YyK+6yQ8Ecyk9oByZ4g0lT8mf+nlHGYyYSiPfIMKf5+JH+UKSf0nfjPx2XrZ+9p9+oq8x0LlwlEKEcxEPIG5zcSP80beu9Xc6zSAH0kwEwBiRVQEFTabTXmMyfj4uLg7AlRT6YJaEHerUCoDAAAACUcLM+GvliRAS3wRzWTUUH6sS72aK6KZsNVcEb52K4yZ5AWMgo5iZnJTf7wv9NuP83aWFreFb1IxkxMfhKzmEmpHZSby+wp5nfLwIwlmAkCsiIqgYmZmRjETi8Ui7o4A1VS6oBbE3SqUygAAAEDCSbqZSHeEf1Db7bHlxX1XiZoIZkJ011ZKCpRfWt/vn/DPZSYS7uK90pqu/L3C37hhzMTVf0G67FN4ytZ0ipmJ7WKFIl1nr8o9eqz+cyj4rDP07hTFTNiVlh3l7DJL8ATOdrLlZ5HNZKYv/125u4LjCfswtYIfSTATAGJFVAQV/Gouh8Mh7o4A1VS6wGouAAAAd5akm4nP6n/ie9rNpOfH0+m/t15m1wIf0pLp8CMJZgJArIiKoEK4A76xsXHeO+CpDtcD7oAHAABwh0m+mfh8xw6UJ+ox6qnFcPP+puAEesfOz7h9QIQfSTATAGJFVAQVra2t/LcGm83meb81mOpwPYiPgQ8LXx8AAABILFqYSQbTVF7Orgjl7z210C8cy3T4kQQzASBWREVQodPp+vqC39rndruHh4fnuGzS3NyMJy2CxEIjampqaiQWqL5yfxQAAMBMgEbwIwlmAkCsiIoQjra24AOPaLbnckn/BRcryVRXV/f39/MzwmhuMqmEmYA5IRk2mUwXY4Hq8zc7AQAWOTAToBH8SIKZABAroiJEYGRkhD+K3KOnp6e2tlav11dVVdFP2qYSmy3kSwGpWjRLuSphJiAyExMT0Vx2U3P58mWxLQDAYgVmAjSCH0kwEwBiRZzNRcBoNKr/BdrpdE5NTVmtVvpJ28Jeqm8ymaKcUwrHAqAQzTcohKW6ulr5WjkAwCIHZgI0gh9JMBMAYkWczUWgqqqqv79fPHhOqD75jNhQBMSDAQhw6dIlcbhEzeTkpNgcAGBRAjMBGsGPJJgJALEiTuXmpLe31+OZ/5vaqU6s/84tNgFAgLq6OnG4RE13d7fYHABgUQIzARrBjySYCQCxIk7l5kSn07W0tJhMJvXaLYWxsTGqE+UiLgWxFQBkBgcHxbESCw0NDdSC2CgAYPEBMwEawY8kmAkAsSJO5eaDlMNgMPT09FgsFn4RP21TCc0C29raYtWSSpgJUOHxeBwOBw0ncazEQk1NDbWgvkUKALDYgJkAjeBHEswEgFiZ97GJc1NdXU2iQj/FHbFA5yCeFlhMkNOSP9BAquOora1d4OBUoHb4lonGxkZm1+KpAAAyFJgJ0Ah+JMFMAIiVrq4ucR6nOXQO4mmBRcPVq1fFAaEh1Lt4QgCATARmAjSCH0kwEwBiZWRkpKqqSpyvaQj1LjwsBSwenE5nfX29OCaigIaN0WhsampqaWlpaGig7fiGMfU+x01TAICMAWYCNIIfSTATAOKgu7s7jjtDEgL1i29PWsxcuXJFHBPzQSoyNjZmt9vdbrdHxi1DJb29vXGMZDoH8bQAABkHzARoBD+SYCYAxMHMzEx9fX0cU7qFQ/1S7+IJgUUDaYY4JuaE/jtPWhLp+Yk0lvr6+qiOeNic0DmIDQEAMg6YCdAIfiTBTACID6/X63A4LBbLiIZMTU1Rv+KpgMVE9D5cVVXV09MjHh8Bqhl2cVdra6vZbO7q6uL7pW3xeABAxgEzARrBjySYCQAApBGcNcxFXV3drVu3ovdYqkn11dqjXKBrbm7my0OPBgBkIDAToBH8SIKZAABAGsHrwRyYzWa73S4e7PPNzs5OTEx4PB5xh89H9Y1Go9CO1Wple4Xb7kMPBQBkIDAToBH8SIKZAABAGsHrQSRaW1uFo8hG+vr66urqWIWqqiraphLhW7aGh4eFyyZNTU1dXV3qpzfyRwEAMhKYCdAIfiTBTAAAII0QDCEso6Oj/CFms1mv14uVZBobG4XrJ+3t7WKlcPCHAAAyEpgJ0Ah+JMFMAAAgjRAVQYVOp+PXcbnd7jm+zouMZWhoiOoo9a9fv66+20SNUh8AkKnATIBG8CMJZgIAAGmEqAgqLl68yNcn0xBrhFJTU0N1lPpWq5VaECup4HoAAGQmMBOgEfxIgpkAAEAaISqCilu3bimVPR5PNBdAqI6ypsvhcFALYg0VShcAgEwFZgI0gh9JMBMAAEgjREVQwd9kYrfbxd0RUBaAuVwuakHcrULpAgCQqcBMgEbwIwlmAgAAaYSoCCpsNptSeXx8XNwdAarJDvF6vdSCuFuF0gUAIFOBmQCN4EcSzAQAANIIURFUKM9GJCwWi7g7AlSTHUJmQi2Iu1UoXQAAMhWYCdAIfiTBTAAAII0QFUEFv5rL4XCIuyNANdkhWM0FAGDATIBG8CMJZgJAkvB6vVNTUyOxQPX5728FQI2oCCp6e3v5+o2NjWKNUHQ6HdVR6s/MzFALYiUVXA8AgMwEZgI0gh9JMBMAkoTD4TCZTBdjgeoPDw+LDQHAISqCCuEB8GazWawRSk1NDdVR6lutVmpBrKSC6wEAkJnATIBG8CMJZgJAkrh8+bI4m4sCnU43MTEhtgVAAHHEqFA/abG5uVmsFIAqkwzzV+r6+vqi+aJhpT4AIFOBmQCN4EcSzASAZOByuaqrq8XZXHQIq3EA4BGHSziEIUSi0t7efu7cOaEalQwODvI1HQ5HbW2tUC0s/FEAgIwEZgI0gh9JMBMAksHk5KQ4lYuaS5cuic0BEEAcLuFobW31er38UTabraenh6xDr9dXVVWRNtM2lQjVRkZGxLYiwB8FAMhIkmgm7cdK8nZGG/FgkHHwIwlmAkAy6O7uFqdyUVNXVyc2B0AAcbiEQ6fTmUwm5eu2FJxO59TUlNVqnZ2dpW1hL9U3Go1iWxEQjgUAZB5JNJMLRyXl2FFmChZ5ZpvOd7T3+r+/XK5TGo+ZDDbkH22mpppqz9Gxwcc7JY2P80t2nb0hlqYntrZqsUgT+JEEMwEg4QwODjY0NIhTuVgQ1tgAoCCOlQiwb9yanp4Wj48A1Zz3W7x4xOMBABlHks2k4PioJ1hyrNB/haRbkQnP6IVj5XGYyYc6/9+g5Dan+kL3Jo68o51iUQZgM+WXc7qoFfxIgpkAkFgcDkdbW1tNTY04lYsFakH9D94A+KI2E0Zvb6/Hw/3dHwGqE803BfOITQAAMo7kmklxG/faXJv3bgVZxdndJCfl3A7fQszEd7PhQ/0Q/T8167NeoaaYTNiuNu/Il9RoIvCfx7z8ym7dqfz8kh2Fp+jlx4Wlefmluw43+HfbevPflazJX9LXvPuD4Eqz4p0lgR7du4uk6zw73it3ya9v6o7n7W7WH5X86mOd//6/ie5m6dh3S5uGxCvXKcGdkBN+JMFMAIgPi8XS09PT2NhYF8oCnUSB2hFaNhgMZCzKs7rB4kQcKHOi0+laWlrGxsbEVgI4nU6TyUR1ovk+Lh6xIQBAxqGdmQzpj9NkfchvJiEqshAzGa0tP9YlbVCzxQUl+vMd7Jsvd+yUtuvPnMrb3XBTlpO8nac+PNpQf76jtKik/mrDsVppL1VjX3NIx1JJ0/mO/e+VnL3p9jltE+OteYdbJ8alv48VMyEP2VXSQNX0x47vkK+oSGZChnNUKlTeCDXbdN7UVHuuNuJ/me8wxwpLNJYTfiTBTACIA6vV2tzcfO7cuaqqKnHKlkxIV6hf6l08IbBoEMfEfJBykNAODg6S07pc7N/xpMeA0jazazLeWLWkEmYCwCJAOzPxXarMe/eU3Td781JD3s7PuB3xmAm7mkH58FgHKyMzCa7q6qoubvN/UbokQgcu+EJ6Gcz7xP9MKHvTqbOScZj4hVuBSzqdSqFiJnk7jyvVivOlBiUzCRTSttSTbCY37Sn+TGX3RFNF7U3tLunwIwlmAkCsOJ3O+vp6caYWBaQxRqOxqamppaWFftJ2fGJDvatvXwaLhAVelKuuro5PRXjoHMTTAgBkHMk1k/wD5/iSD/P9OiFdlPDjHOqQNIOvNj/8aq4A0mquABOGctk3JKTbXd6t9oVIxWDQQ9oqpZrjF/gG83aWyv8f1kyC/2ZDPU74zcRfqJiJtN0lLejq1OD2/Hhw7yg4dfaqpifHjySYCQCxcuXKFXGmNh80Eezt7bXb7W632xOAtqlkbGyMREU8YD7oHMTTAouDrq4ucTRoDp2DeFoAgIwjuWYiXdPQcwph7f2wqLz4tP96hc8/rRcXd83PfGYS4ZpJZDNZ6DWTMGZCuPobQr6aLGWYuFipsZb4YCYALIxYRYL+oPX19c3MzIgNybhcLpITqiMeNid0DmJDYHEwMjIS36W2REG90zmIpwUAyDiSbiZRRjx4buY1E58vP79Ef95Ur6vg7jOZw0x8pe9J95l09vZ9XKhc0pnNy/9saFhaIxa8z0RfvqukoaerQ19eHrzPRGUmH35yrm/coj92vPRSys2wJy5WaK8lPpgJAAsj+pUwNIfr6ekRj48A1Qw746ytrTWbzV1dXfyzJugcxOPBoqG7uzv6QZhYqF/qXTwhAEAmkkQzAYCHH0kwEwBiRZysRYDmcLdu3RKesT0HVJPq19XVCe2QlrAKAwMDfHno0WAR4fF4xsbGTCZTa2vrRa348ssv+/v7qd9ovoYYAJABwEyARvAjCWYCQKzwejAHRqPRbmffOBjC7OzsxMQE/RR3+HxUnzxEaEdZ0y/sCj0ULC7IY6empkY0xGKxOByO6E0bAJDuwEyARvAjCWYCQKzwehAJnU43PDzMH+V0Ovv6+vhLIrRNJWQpfDWitbWVa0laEkZy0tbWVltby5cLRwEAAAAJBGYCNIIfSTATAGKF14NIVFdXK8+OYJCoqG8joZKOjg6hZpRP4+YPAQAAABILzARoBD+SYCYAxIqoCCp0Ot3169eV+m63e2hoSK/Xi/UCtLS0UB2lvt1uj+b+ZqU+AAAAkHBgJkAj+JEEMwEgVkRFUHHx4kX+Me1kKfM+HY83GYJaEGuo4OsDAAAAiQVmAjSCH0kwEwBiRVQEFb29vfzTS+rr6+e9BkJ1uB6iWtDF1wcAAAASC8wEaAQ/kmAmAMSKqAgqRkdHlVtH7Ha7uDsC/Bd5UQvibhVKZQAAACDhwEyARvAjCWYCQKyIiqDCZrMpX646Pj4u7o4A1VS6oBbE3SqUygAAAEDCgZkAjeBHEswEgFgRFUHFzMyMYiYWi0XcHQGqqXRBLYi7VSiVAQAAgIQDMwEawY8kmAkAsSIqggp+NZfD4RB3R4BqKl1gNRcAAIA7C8wEaAQ/kmAmAMSKqAgqhDvgGxsb570DnupwPeAOeAAAAHcYmAnQCH4kwUwAiBVREVS0trby3xpsNpvn/dZgqsP1ID4GPix8fQAAACCxwEyARvAjCWYCQKyIiqBCp9P19fUp9d1u9/Dw8ByXTZqbm/GkxcXMyKxnwJZRoXc06/bfagUASFNgJkAj+JEEMwEgVkRFCEdbW5tS3+v1ulzSf8HFSjLV1dX9/f3KHfO+6G4yqYSZZAo0g1fP7DMj4lsFAKQVMBOgEfxIgpkAECuiIkRgZGSEP4rco6enp7a2Vq/XV1VV0U/aphKbzSZUi2YpVyXMJFNQT+gzJuJbBQCkFTAToBH8SIKZABAroiJEwGg08l+3xXA6nVNTU1arlX7StrCX6ptMpmiWclXCTDIF9YQ+YyK+VQBAWgEzARrBjySYCQCxIipCBKqqqvr7+8WD54Tqk8+IDUVAPBikJ+oJfcZEfKsAgLQCZgI0gh9JMBMAYkVUhDnp7e31eOafolGdaL4pmEdsAqQn6gl9xkR8qwCAtAJmAjSCH0kwEwBiRVSEOdHpdC0tLSaTSb12S2FsbIzqRLmIS0FsBaQn6gl9xkR8qwCAtAJmAjSCH0kwEwBiRVSE+SDlMBgMPT09FotFeTY8QdtUMjg42NbWFquWVMJMMgX1hD5jIr5VAEBaATMBGsGPJJgJALEy72MT56a6uppEhX6KO2KBzkE8LZCeqCf0GRPxrQIA0gqYCdAIfiTBTACIla6uLlEUNIfOQTwtkJ6oJ/TzZea71TOqwgRnzQHLkn0TfMmSopCX0UR8qwCAtAJmAjSCH0kwEwBiZWRkpKqqSnQFDaHehYelgPRFPaEX8psz49/dZ1lSZPmhziaXaGAmM9/VTV+57RiwOR5pmWWFMBMAFhswE6AR/EiCmQAQB93d3XHcGZIQqF/qXTwhkLaoJ/R83jhkMUwJhck3k77JYlUhzASAxQbMBGgEP5JgJgDEwczMTH19/R2RE+qXehdPCKQt6gk9n68WWVSFM9/VT9+127LkQFAVrlyeXFJk+faxyS9GA9VuT79xbJwK3+hy+EtG5aP2WpoCR0kVdluCh8gprhj/9l7pEs0bfXJfAQsKmsnELLVzV/H8oiK+VQBAWgEzARrBjySYCQDx4fV6HQ6HxWIZ0ZCpqSnqVzwVkM6oJ/R8lhydVBXOLCmRC6emHmllJfZ7zkzLJdP/esBvMksOWL+QL7Z8ccbSLh/1xqEQyWk3jh+TK9xfZFnXGdpF8JpJGDP5atG4tDFl+1ujPeQoVcS3CgBIK2AmQCP4kQQzAQCAO4h6Qs9nySdhzCRgCza/mdyYDCiKp6l6XL4kMrukjN2UImmGfPWD4vrXo5Z7Sqzy9iyJypIif8TlYXOaiXJUsIsIEd8qACCtgJkAjeBHEswEAADuIOoJPZ8lYVdzCWYS3PAUlwWumSja0DrxG+5OlTdKLcVjITXDZG4zOaSWpfAR3yoAIK2AmQCN4EcSzAQAAO4g6gk9H3OndcknE9s7Z9pvzX7UyVZPqc3E8+0iS/uoo+BY8Kt+f3HQctexqSuj9rv8bjOzvWziisV1TD/+kWwmA1PTd5Va2///9u7/K41k0fv9f/v8D/PDWXvtdde5t59zYHHV7OgOyXFnzI2MXBkjZ0gijg6TREaj0bjDTnQ0h/gFUVHREL9i+qnu6m6aRpEvTav4fq1aCVQXDWjZ1Ke7utk4/sf4Qf9G+fNWTSadA7udC0fvNw47l8ofVVGcbxXArUIygUfsPYlkAgDXqHJA3zbF+VYB3CrXk0z+8eTll9VNZy3amr0nkUwA4BpVDujbpjjfKoBb5XqSieIPPf1pzFmLtmbvSSQTALhGlQP6tinOtwrgVvE6mfT1j3YHo85a3AH2nkQyAYBrVDmgb5vifKsAbhVPk8ny54ziD4nyauKfzmV1MFZilf45ZwvcQPaeRDIBgGtUOaBvm+J8qwBuFe+SyfS7RRkkAvcGrVDhbFSPtdGhGWcdbi57TyKZAMA1qhzQt01xvlUAt4p3yURGkf/68cXq2lbPwyjJ5K6x9ySSCQBco8oBfdsU51sFcKu0PJmcnp4Vi9qWonIel6gXS0tN6+RIJj5/aGJ+MfYk3D9XkDVd96Opld3II/G8Q9r9ufjwi2j3QHJyekoJvOy+H52cnp94EVOezouFkc7Q2PR86uPi8BO9Mdxm70kkEwC4RpUD+rYpzrcK4FZpbTKxnw2yubW38OeqYl6Vy76osdNOypLJx/HIR+OmyCEjW9YCIdUvD87MxcMfjKrYg9CxuVjmFpFMJjOMhlvI3pNIJkCLfP/+/evXr9v1EO2LxaJzRWhr20fOAX3bFOdbBXCrtDCZbOfyInU86P2lO6jN3erq1gKATCYnJ2fihqgXS8WNQNeg88E1sCeT/CtjephehkYyWuXk85e+gO2Elrm4rBdGgqWJZMYRle15reX9aO7UWgI32XsSyQRokZOTk8XFxXf1EO23tsp256DtHRW/V47p26M43yqAW6WFyeS/fnzxn//vgLz9ZXVTxgOZTIaib4y0oKrfvh1bt+viOGbSP1e2z2/p+eDYjn7rcLa3lmRiigVDKft9uMTek0gmQIv861//itdvdHQ0n8871wUAgLdamEwGn72yIseriX/ak8mL+Ftr0Z/L6y4kE1UNBEKRxPzk9FTX46k1VT2ei/t+fJ1d/qR0DnZ1XJ1Mgo9iqZXd/MpiV6A00QsusvckkgnQCmdnZ+Pj487YUZvl5WXn6gAA8FYLk8n7fy4r+jkkI7/OWFOqZE3q4xdxQ9TLxOJKMjnLzmtztwLhyGRGjxan3R3a3YX9wsSTq5NJYsCYD9b34pO1CC6y9ySSCdAKBwcHzsBRsw8fzPPwAAC4Ji1MJqp52OTC7BGNJa1FXwuHjqVoP/aeRDIBWmFhYcEZOGr2+++/O1cHAIC3WptMAIu9J5FMANdlMplkMukMHPUQa3CuFAAAD5FM4BF7TyKZAO46OTmZm5v77bffnGmjHmINYj3OVQMA4BWSCTxi70kkE6Axu7u7S0tLf/zxx+/lmswkFrEex5pfvXolEot4XudLAQDAbSQTeMTek0gmQAP29/enpqZev37966+/OiNFK4m4Ip5XPLvzBQEA4CqSCTxi70kkE6Bep6enExMTztBQAxFj3rx5Mzk5+fbtW/GvuN1YsBHPLl6D82UBAOAekgk8Yu9JJBOgXp8+fXJmhauMjo4uLy8fHx8Xi8Vzk7gtanZ2dkRQcT7gKuI1OF8WAADuIZnAI/aeRDIB6lVvkBB/aOl0+vDw4muyn52diXAi2jgfVpV4Dc4VAQDgHpIJPGLvSSQToF6jo6POoHCJX3/9dWlpyfn4S4iWF07uSiQSnz9//vjx45s3b6xK8RqcjwcAwD0kE3jE3pNIJkC9bKmhGhEeNjY2vn//7nz8JURL0f733393rEfEEtlgfX3dXl/+aAAA3HRlMllfz8rBpLhBMkHjSCZAM+zxoIo3b94cHx87H6yqR0dH+Xxe/OtcoKqivcghjvV8/PhRLnUsKn8oAABuujKZiPJPnbhBMkHjSCZAM+zx4DKjo6NbW1v2R52enqbTafshEXFb1IiUYm8mzM7O2takTQkT4WRubi6RSNjrHY8CAMBFtSQTq5BM0DiSCdAMezy4zPv37+0POT8//+OPP5yNdGNjY9Z8LSmXyzkbXcT+EAAA3EUygUdIJkAznBGhwujo6JcvX6z2xWIxm82KBOJsZ3r79q1oY7U/Pj6u5SR7qz0AAK4jmcAjJBOgGc6IUOHdu3f2r2kXKeW3335zNipnTzKCWIOzRQV7ewAA3EUygUdIJkAznBGhwvLysv3bSyYmJq48BiLa2J5BFWtwtqhgbw8AgLtIJvAIyQRohjMiVMjlcmdnZ7Lx8fGxc/El7BfyquVUE6sxAACuI5nAIyQToBnOiFChUChYX2Oyt7fnXHwJ0dJ6CrEG5+IKVmMAAFxHMoFHSCZAM5wRocLh4aGVTHZ3d52LLyFaWk8h1uBcXMFqDACA60gm8AjJBGiGMyJUsM/mOjk5cS6+hGhpPQWzuQAA14tkAo+QTIBmOCNCBccZ8H/88ceVZ8CLNrZn4Ax4AMA1I5nAIyQToBnOiFBhdnbWftXgz58/X3nVYMeXLTq+Bv5C9vYAALiLZAKPkEyAZjgjQoXR0dF0Om21LxaLW1tbVQ6bTE1N8U2LAIAbhWQCj5BMgGY4I8JFEomE/bwRIZPJvH792tFM1Lx//95+vWC1tqlccZIJAKCVSCbwCMkEaIYzIlxie3vb/qjv378vLS2JxDI2Nvbrr7+Kf8VtUVMoFBzNapnKFSeZAABaiWQCj5BMgGY4I8Il3rx54zhsIpyenn79+nV/f1/8K247lor2i4uLtUzlipNMAACtRDKBR0gmQDOcEeESv/7668rKivPBVYn2Is84V3QJ54MBAHAPyQQeIZkAzXBGhKqWl5fPz8+dq6gg2tR4eonFuQoAANxDMoFHSCZAM5wRoarR0dG3b98uLi5Wzt2y7OzsiDY1TuKyONcCAIB7SCbwCMkEaIYzIlxFRI5Xr14tLS3t7u5a3w0viNuiJpPJzM3N1RtL4iQTAEAreZxMCj5/yPdj0lmNO4BkAjTjyq9NrG58fFwEFfGvc0E9xGtwviwAANzjXTLJL7xWAlHt1v6y4g/lr54CjbZCMgGa8fHjR2dQ8Jx4Dc6XBQCAe7xKJuf7Io0smBfQX3gRVR69LmuAdkcyAZqxvb3966+/OrOCh8SzO74sBQAAd3mQTIpdgZDSGXNWn642c+Qk8njIJ1YbCIdHU85luJFIJkCTFhYWGjgzxBXiecWzO18QAACuankymYkMBp5MpS+6PEw6EVN64jPbReeCK60llXvR8OjsZOK1ryfhXIqqCnPjzipPkEyAJh0eHk5MTFxLOBHPK57d+YIAAHBVy5NJvnCq+OMzzmrNzEBo7bSQP647mYwEQ2vOOlUJcmJ9rSI9IWdV65FMgOZ9//795ORkd3d320Nfv34Vz+t8KQAAuK3lyUSolkycdTU5/hBXeuKTGXPwen6U31tWHiTye7uqdkwg7vOHxqbnJ17ErLii+F8q96KT01MzadE+owSGUh8XtWlmdzXPiHASiC46a1uJZAIAAIAqPE0mk9PzRvmQUZtIJsa5K/5QJJk2azJWxgh3hJQns/K2iCjyhmg8Y55/n3sVja3pB2pS41aDO6ew6PGRE5IJAAAAqvA0mYgbRo2eIppIJobjzKxxJWJbMlH8QyNa8NGIp5AnyItKo0pVIx1aqrGKVX+n5N/FfZWXJWglkgkAAACquN3JROg1okUpmfj8of4549yVkWAor9+wJ5PEYxee91YTsWTkT/MQkldIJgAAAKji1icTxR/W/z9SHhjJJNIZUh4bJ7bYZnOVkknuVbR/zutx+U1S9PhoiUQyAQAAQBW3MpnMRKNyIpbvQdRKGDORIVGT1W+fZee1bzvpHMqZ35diTybCQiKuraFzsHvg7p0BX1h11niCZAIAAIAqvEgmpRPfK8qxsy3aFskEAAAAVXiRTACVZAIAAICqSCbwCMkEAAAAVZBM4BGSCQAAAKogmcAjJBMAAABUQTKBR0gmAAAAqIJkAo+QTAAAAFAFyQQeIZkAAACgCpIJPFJ7Mil8OyGZAAAA3DViBCjGgSQTtFxdyUTEZefjAQAA0NbECJBkAi/UmEwOtXByUvhGMgEAALhbxAhQjAMrB4cXFpIJGldPMjmVZ5s4VwEAAIA2Jc8wqfGAySHJBM2oN5kUvp0cHZ9+/+5cDwAAANqJGO+JUZ+cx0UygRdqTyay6F3zRPRRedoJhUKhUCgUCqX9SuGbPLek1tNLrEIyQePqTSaH5sETe0ShUCgUCoVCobRNkYGkrkMlViGZoHENJBMKhUKhUCgUCuXCQjJB40gmFAqFQqFQKBS3CskEjSOZUCgUCoVCoVDcKiQTNI5kQqFQKBQKhUJxq5BM0DiSCYVCoVAoFArFrUIyQeNIJhQKhUKhUCgUtwrJBI0jmVAoFAqFQqFQ3CokEzSOZEKhUCgUCoVCcauQTNA4kgmFQqFQKBQKxa1CMkHjSCYUCoVCoVAoFLcKyQSNI5lQKBQKhUKhUNwqJBM0jmRCoVAoFAqFQnGrkEzQOJIJhUKhUCgUCsWtQjJB40gmFAqFQqFQKBS3CskEjSOZUCgUCoVCoVDcKk0lk/9Jb7yIv1X8oX88eTn9bsG5GO2OZEKhUCgUCoVCcas0lUxEJrGXkV+nnS3Q1kgmFAqFQqFQKBS3SoPJREaR1Mcv9sr7D4ZFpb0G7Y1kQqFQKBQKhUJxqzSSTD78K/1fP75w1upEvVjqrK1N5PGQLxBSAuHwaMq5DDdSA8nk2+GpWU4K3ygUCoVCoVAobVXEGM8a71UOBauXRpJJ98Po6vq2s1Yn6sXS4+NT54IrrSWVe9Hw6Oxk4rWvJ+FciqoKc+POKk/Um0zsgeRr4ZhCoVAoFAqF0n6l8O3YiiiVA8IqpZFkovhDHxdW5IQuq/LpT2NW/W+v3tua12QkGFpz1rVQ4nG7zTqL9FzDO6o9mcjcLPro0fHp9+/O9QAAAKCdiPGeGPXp+aSOgycNJpOh6JsLk4msfxIatTWvycSTUOrcUZdSBoxpXf3+UPdoRr8RTifj2lMHwgsFfdlcXOkYnxiIisr+xLL14DG9putpcmG/qFekIh/Vs5UpUZlPa/86Xv+tV1gMRBedlS1WbzIRGdq5CgAAALQpMfZreTIZS8zJHFKZTCrra1bsCmgPjCSt01QuTCalAOOTzzKnBRXjAc/CYzv6jZ/DEzK3nC9GOkM5vU7xh/vnZK22HnmjrRQWPT5yUk8yOSl8I5YAAADcLWIEKMaBlYPDC0sjyUTY2s4//MdzewL55cWkuCvqG00mhuPMrBKI6jcvTiZWy5kBfQKYlkyGzLqUbBa0v4C5eORjaZHUlskk/y7u64w5a1upxmQi53FxwAQAAOCu0U87qfWEkwaTiXBycvZq4p/2GnkR4SaTiRAwHn5VMglVJJPz+TucTIoiloz8aRwU8kZdyeTg65Hz8QAAAGhrYgToRTK5TPPJRPGH9f8zSu+UfqOo2JLJzKHRzD6bS+6NnwmZs7mehRP6DftsLnsyGb7f1Cu8ebRY4qxrvdqTiYjLJBMAAIC7RowA5dkmlUPEytJsMvnHk5f2KLKd02ZzNXAG/ExUO2FdFN+DqLXbf2E0puhnsY8ES8lkIVFxBrx/SJ7vbj8DflJfYdfT1++3jTPg7clELSw3n6BukMKqs8YTJBMAAABU4WkysU55t5f3/ywlBHddMAur7DwTeIpkAgAAgCo8TSYeI5ncKCQTAAAAVEEygUdIJgAAAKiinZMJbhSSCQAAAKogmcAjJBMAAABUQTKBR0gmAAAAqIJkAo+QTAAAAFAFyQQeIZkAAACgCpIJPEIyAQAAQBUkE3iEZFKXYmHPWQU06+Tg+MxZBwDAjUEygUdakUwUf0iWYGTKuewq3ZVfd1MzxR8u3ckk++dK95p1nptNvHkYTf48Nvnjs1cPn73q/fVfzjaq6uNreW6AbrP7+e5Fs6fOpQ1QHrx2VlUQbdLOuqsN//KqN5bs/eXt//c8KTrVz3OZorMJbpv9ZV8gpATC4dFFcW9tdGjG2QJoFevDt+txwrmsfoo/7qzCHUYygUdak0yGhhd2U9PzXYHQTMG5tLrak0n3aMZRIzbHqXPzjqvJZCL+6uEvb9Xzs+JWujf6pndYCyeb1nOp6vHapzPtxcfV86P8ijYiwXURXSi/tzs5PTsSiSqBqHOxqyo7YR02/qXlW9GLzk/+/6jWo0T5aTrrbIZbpJDq7wzFkvOT01O+0KxKMoG3lAeJ/F52aX4+eC8U+djsjg6SCexIJvBIi5LJiDFgyyiPZ/Kq2u8PFf5MKmbqGBuIakdUovPWQ/p6wkog3PU02au3mRkIrZmLSllle17bGdkRPk4nuzuMPUNmK43v2aJiHbUoJZNC8EFYtAy/y8n7SnBqYmBIPF1OGxTmxDp9j8aNR6nFoP5KFuyB6nDp4S+zKbNm6X/2VPVk/vc3D59NltqcFvJ7GSWgjYnze/uleniuLNxmkl0vVuVN2esiZjeQdwOPYkZLs3d1P18WjxrJFEUf63urHXNRgklVW+3Q++fRgGjTGdWmXpV3QtFG9tjcu4R2uOZRfOxPvcdoq9pfGI1pHf75J+O5dCKHHFp3NlfU06+xX7RwwnzB20vkEMdgzkom3YGQnmNTVpoltMB1cmOly4hPOlmzpn/MTYqN2fanEX27Jz5q9TYp8dGcnR4XNd0DVmcsdIktW8dg3+gyyQR2JBN4pLXJpDArx4Vi8xdbM/bfpF8MTshR/lqy7622wsSPoSXj+ENRjvMqk8nk05DSYz88XfqAtygDKfVzwqivOGbSHzAGrFaeUYyxgljZeEx/vj6zTdAfkq9NWJp4o820+XAg76qbn37WR5CiGDW6vg7x2JzSGX9fGm/iGjgOu8kPV9Hr5OG71M9hfdpVqrx7HJX1rkxS6Xhp3TOTScgMp0dKQH5glzqhkUwO57uey1ldhZmQ/kRiVb1TMgzZe7Wqroj+M2sLwHKWoCgxDrndYpnEj+FAb8I6bUjGDxFLzF81yQQtZCWT1POhMb2jaTtKQqWdgJLZ97RkIicaWL2x1/wQVM/TJBPYkUzgkRYmk/OjcI8xm6u/NFjMjARLt5Uns8diTG8bSgYuSSbhQKjLPBCjuySZiGwT0J+9IplYz6v4jRk+4nXKQGI1tg65DN8PKRFjD3fqd33I+Mtb7c752f8ktVMCZLHv3o70aqvtepIsO94Cz12UTLLWb/94MjayJf5fVXrsH7qfynpXJmnvXVYysWp8xhlNFclkLm70KP328GdtVcFXu7KifCT6+aF2tpJ5FKWwZnWqn+aM9ridToNi69ExZOx+Eb/0tSnlkXXGHckELSSP4mpHg58YXc42hcFmLm4lE6tGNivNOzB36wASyQQeaVEyGV7Yze+VBli2ZGLbFJrjOfuYT96uTCbi3/KkcVkyUY8/xH3iIYezevvCzEA4nFjMHxdtycTY2pY22aVk8lKfjqWXgnH29MH7t8ao8cWH4V/M2xXHTHBDlCcTOaVB63XWb/bYPEA3MjCk3NNnczlybPndymRi3nYmk7KxplyJbVXlI9E9I4dMb538a+YnW6ea2Cw1wq1VVPyDqv5L736+rHRaIzySCVrINpurqAS0A7/i887qZt2BkO/H1/m9QtVkUkojJBPYkUzgkRYlE8dOGlsaKe29vvCYSVdFMpFHUUSb2o6ZCEfvI+GJgj5dZ28maK48XJrNVSWZlHYXlez+yxo1xqY/W7NuHj6zPgNwg5Qlk8+JYCJXfqSuTH9nSPRA9XzeccykejK59JjJhwuOmVySTLTzTGT5MT4z+0qbMSjLuq0Nbi/ZYeQvfbjngtlcS88HSSZwly2ZGB9n9mSidIzLuVvZsdJsLmMZx0xwFZIJPOJ5MhGjwIxyL5bfy/Z2htbk3uuP44Enr/Nb6ckXMe1wh17TFZld2toVNTKZqGvJ7kBobD49mZRb3l2l82V+zzi5WTKTicZnHGNZjfWExpazqUTcp50Hoje7PJnk3r4UryS7sjj8ZCjyQbbSTIyUdmn/NKedNTARf2WdE48bpdu4NteU+CUah0RUfc50YCi1kp0YjevZ4dNIclH0ny4zr1q9q3/002XJRPSN9yu7E5HBbjmD29YJrTPgRccT/XYsMmhcw/ryZKJufLA6lbyawk/Dr3p//2xvgttlJjIYHHg9OT0/Fo369M2R+UvXZ5lq59qJG4PZvd3Yj+GuHpIJXKZfm2tXbJRiT8KBqHbKWlky8Ye6n6Wyy/O+zvBlyST1LNz7Qmsj1kAygR3JBB5pRTJpUyc/mSe+P4xOHtguGYy7wHH6ijtOt+QVqEXpHWGYCgC4oUgm8AjJpC4H+b2Dg2/OWtwBLUkmmpND0anyXCsYAHBzkUzgEZIJUIuWJRMAAG46kgk8QjIBAABAFSQTeIRkAgAAgCpIJvAIyQQAAABVkEzgEZIJAAAAqiCZwCMkEwAAAFRBMoFHSCYAAACogmQCj5BMAAAAUAXJBB4hmQAAAKAKkgk84noyyX0rbhWK353VwBVEn3mVPnTW1imXv7qLAhf6dnTmrKpTdufw6KTorAWuIrrNcdM9h60fGlZL5yGZwCOuJ5N3mavbABcSmdZZVSfRh51VgFeIJWhYLUPD6tj6oWG1dJ5rTSZby83uOMLt4XoyGf98df8GWqSWzSsA3DTNb7uaXwPurFo6z7Ulk4lQWHkU7R7NOBe0nuKPO6vQeiQTtJNaNq8AcNM0v+1qfg24s2rpPNeTTN6/iCmB8JmaajCZZJKKPxRM5Ox1Xf5Q/5y94lJ1JZNIZyjvrEMjSCZoJ7VsXgHgpml+29X8GnBn1dJ5Wp5MAoGQSBFlpWNwaedUX9h4MukLvVT8g6Wa88Xgz+OuJZPU+Jqzqo0UFgPRRWdl65FM0E5q2bwCwE3T/Lar+TXgzqql87Q6mSyWx5Jodt8+4kwFBqYWtus/ky+T7J+c7wuErIrjty/HUkm3kknqWbidk4mqRnpKPzrPkEzQTmrZvALATdP8tqv5NeDOqqXztDqZpMqTiSMS6Es7E+WVNcjoIeTjeDilp5qdqaA/pM7FZTIRKcUXjC9tZfvuhWb0S4OujQ6NDISHE/OpPe2ufBn9naG0PHJTSCn3YqmPnwKBkG8gpZ4fDT8ILezt5vd2xcKRoBzEZ8QNX2Bocno+3BOKpfW680UlOC6apafjvoFZverWEOHE4yMnJBO0k1o2rwBw0zS/7Wp+Dbizauk8rU4mrZrNJUOIEngp/o31hHw/L1rJpLKZSCZGltCJZCJiyUzBuBvpMA8gZJLdfu22CCHWMRN7Msma7RQRYPTVzpjNFP+QefO2KOYnXybW5C/CCyQTtJNaNq8AcNM0v+1qfg24s2rpPC1PJqo+uJeZJHt6ujSdDD8eFLcX9ovNJxPtUIl27vugFjysZLK/PBaN+fREZCUTK0KoWorQXoB1N1genNTLk4lZZyST/KvoiPnylY5xc+ntkH8X93XGnLWtRDJBO6ll8woAN03z267m14A7q5bO40Uy6TcG/WVHFZq6arCZTI4nY2Nbi8ZFuoxkciRCQupcb/Y5cUkyiatqTuk0ppaVjpmYakwmQm+H/tY6o7fri1lELBn50zxm5BWSCdpJLZtXALhpmt92Nb8G3Fm1dB4vkknqWdg6HFGm4W9aNJOJqhbFao/lTfOYiajpisymP84qPYOXJxO1MBc3clEhpQTCk9PzY89fBnuioiL9YrD3RSq9t3p8RTL5FHi2bFbeGvl3L72PJSrJBO2lls1rw9Lre/vOOqf06o6zCqjXwd66S/0ovaafx4kbr/ltV/NrwJ1VS+fxIpmoH8d9ejKZ0WZwuaGUTFSfFXjMZPL+eVQ7uSUQzp6mqyQTPdUMDn/WXtJkNCpenu/eUDCqn8h+npOTwbJXJBMtF8niezRuLr3xCqvOGk+0Opn8x1/+9oNe/vqffbvyoJm6IWv+7f95+MH26TvytO+v/67V/+O3smD5D3MNRnn6T/tSwM6xec2ubaZXZNnKfW1wl4tFDPLyzjqn9ErZFzrhLjP73ub61lfnsuqaSCabG1viGb+sbcunJJncFrUMDatrfg24s2rpPJ4kE+E0OxxN5o3xYpvo9odLd969tM45wYU8SCb/mDdu//CXPv3/DStdiKWBsW1xo+uvf1u3+uHXf/7w9z/MOwaRT/5jdMNReaGjqZ9++Mutu/IB3FGZTKzbu9mt9Z0T20LXHOVyxBFUEqlAHmTb39zauDLU2tWWTLYym+mNA3vNwdbWln7pSwvJ5LaoZWhYXfNrwJ1VS+fxKpm0o3BnaOzjan5vN7v86YK5aijnbTJ5qv9fSiYP//K3rtfiszv9wz+mjUZmvf2uWp5Mdl8//eEvPev7+0/8Wp7ZHOv74a+9m/v7ydH/FkuX/rv3h78MHuxfOe8GbahKMlG1fdhb4t/M6mZ6badQKHzR766vbn5Z3y0UDjcy2hXJVfVENNveOchuiCHdwfrK5op2V+tOcqApRpkrq1v5wtFBPq+vsCgyz1bhqFA4OtOeQhtR7m9tiUV7X4+yGSMOiUd9WdVqNta1RaXXhPZlJRORNFa3tY2n6Hhf1ne2dwqim+U2tta3DsxepFlZ2cztH21vbouuoieTg5VNoz+L/qOnX61zrmb3cjv53aOTjbXNdCYvOp5so+oheW2nbCstk8mXlc3VLW1Vsn/qSivHTVDL0LC65teA9vP3Cs4Wulo6D8mkCfvLAXkGfEd4bIHh6RU8SyZH69N/HfiXXmckk7Nvaz/87//+oK3yn//3f9suIK2qvwSqJZOHf/3bf4zot/fePJw+nntaNsVrc7SPYyZ31lXJRLubXslt6/uVdzY289pwcCtr3++8v7uWsw6taMkke2DMd7WSidVALD0rjRr1NvrIb21l80tWnjZ2kl7dzettVuXe7DNtnWZztDMrmRzmchv6LdEDjUMa+7tfzG4geqm+YT0SXUWvKO5px/fUC5JJWefUJyuWHzNR1W/iKbbypeMm4jUc7uyI9ci5jCSTG6uWoWF1za8B7UcM7eyxRNx1ttDV0nlIJvCIB8nk4R/7B/v7b39//m9/k1/fufHDj9Oi5tO7Nz/8X316xKgvmThPOznf/zDU98O/933RJ1aTTO6yGpLJgTX7P62lDvVkf29NO2xizPTKbWza9meUpQgrmVg5RN6uTCbiX6tmZWVTjDJtbb45XhXaldXNVmQusQUD0c1K86x2drRsbJ/BZdx2JpPyznlhMtEcHWidXKaT9MpWekWbMSuRTG6sWoaG1TW/BrQlK5xcFkvU2joPyQQe8SCZWLO5uow5WqXZXGPdf/vBP6bWOZvrh78MJve1tKOVb8b+7LnRoR/++lAlmdxtVyWTLW1Alv1a0CdfiaJNwNKcZda30mvaoI1kArek13Z3tW5mXKhSq/Ekmah6e3lmi+jzW5nNffPqDySTG6uWoWF1za8B7UomE2etTS2dh2QCj1x/MvnPEW1RPWfAP/zr3/564RW65odGtmUyGXQuwt1QJZlsmad8pLXpWxdckNBoXDGby2pgJRNjXpY+a0vO5touH/mtXzSbi2Ry15TOM7FqrGBwsLdidq2NVXM2l5lVRG+RyeRL1riol2ij9Z/K2VyZi2csl+aP6esUfT6zp/V56/iJaEAyuVFqGRpW1/wacGfV0nlIJvCIB8nEmHb17w8/mR+yRs1fe8YWSx+r1lWDu8cu+Doax7W5Dhbf/Ju+zrk9dXN6KPC/e8QDA0/lgZdvS6OD4i6jvzuoMpkYM2pWt/bMw2vqyeF2dlteWVV06I31rS96m41do3vvbu3oS3cuSybbX/flareNKxGfyDUclIaexcLenrkSDcnkDqqWTDRnK6uyFxk981DvMyuZvd3Dgjx+sq1fAljkisM94yic6JzyUTmRfA+/ZjNaA2uN+zmt64qS2Ta+HctIO4f7a/r8LvkUoltufz0kmdwotQwNq2t+Dbizauk8JBN4pNXJpG4biYuPhwA1qGXz2iT73C0AcEXz267m14A7q5bOQzKBR25cMlHV9dG+QG1fXQI41LJ5bRLJBIDrmt92Nb8G3Fm1dB6SCTxyA5MJ0LBaNq8AcNM0v+1qfg24s2rpPCQTeIRkgnZSy+YVAG6a5rddza8Bd1YtnYdkAo+QTNBOatm8Ag7/63/9L2cV4K3mt13NrwF3Vi2dh2QCj5BM0E5q2bwCdiKW/P77785awFvNb7uaXwPurFo6D8kEHiGZoJ3UsnkF7Dhggpug+W1X82vAnVVL5yGZwCMkE7STWjavgEXGEsIJrl3z267m14A7q5bOQzKBR0gmaCe1bF4ByZrHRTLBtWt+29X8GnBn1dJ5SCbwiOvJ5DeSCRr13VlRt1o2r4BKLMEN0/y2q/k14M6qpfOQTOAR15NJ7ltxq1BsfoiJu0b0mVfpQ2dtnXL5q7socKFvR2fOqjpldw6PTorOWuAqotscN91z2PqhYbV0HpIJPOJ6MhHeZY5++/xtnEKpp4g+I2KtszPV6ax4LroxhdJAqeWzuToxuBQrqVwzhVK9NN/3VLZ+lCaK6DzO/lSBZAKPtCKZAAAAoG2QTOARkgkAAACqIJnAIyQTAAAAVEEygUdIJgAAAKiCZAKPkEwAAABQBckEHiGZAAAAoAqSCTxCMgEAAEAVJBN4hGQCAACAKkgm8AjJBAAAAFWQTOARkgkAAACqIJnAIyQTAAAAVEEygUdIJgAAAKii9clkZzEcicuSO0BjBQoAACAeSURBVDfq3o8mZM377WJZY7QvkgkAAACqaHkyWRsdUvwhWUbWjMqugFHTPZopa432RTIBAABAFd4lk/IQUryosl45pee1sw43FckEAAAAVXiSTALhvshLkUP63+3rdUWfFkvCgUBTyST1LBx5HHLW4qYimQC12pvt7Qg7Kyv47o07qwAAuM1ankyyY0PhuYKVRsSN/Lu4TCmFuXj3WNb5gBqdL4Y7QvlX0clD5xLcTK1KJqfZ7nth0aO6HsdHUrvOpUArpZMJefg38Ch27FzYhL2Z3sDVu12UwEtnFe4GxR9N7Fn3jpT7iSV5c2eq68WqvGmfSq2XIesBAHBjtTyZ2MhwohXz4EnjJp+GlMcz2ha5d8qomovHRofCo7Mzae3eSDAUTsxPJsaVYHJNP/M+9mBw8uNqfmVRvABrPfBMK5JJuDOkdMadteUCfB6jNcRGJrZy6qwFWm+sN2R99h1PxmL6p54Q6wkF/eFwqnRpGT2fXLGRBICbw8tkoqZfGLtwzpxL6hb0h/reaoNXn3/QqJqL2wep1v4hn9nSIrbpjR6pQeNakUwU/+DwZ8fl3QrBB9ohlPC7nLiTNvcazujLcu+0PdzdA1MLBf3+9rzPvBiD/PBeSGgH9JRAeEZeNS6T7PYP5d6Ni0qfdsTP0EW4hdb9KrtBQXahrscJeV+MC7PnGdHNuiPz6nluJqJ1SKN3iTVEPg0/HlQCg1p/LCxrD3ya1BZoHU9fudlFux5r/VN2YFGCYm3aCzC3eLJZZ7Q/sazfT4U/nHZ3ai27B2TfR1vJv4pan3GJxyHz4jLaB6IWWp5q3UMimQC4XVqfTM6NIaacxNUXeWlO69Icm9cRrtOqOZrUSkquZC4+UjppRTswUioDKVGVnX4d0D+qRbG24/BMC5JJyvds0Vln6jfPYirNYTic75ZdZGcqqA/7FH9UX1CcCYXy4v/0695JGVnUWDCkTc7RB4gzel0uYU0dTPt+vvR5cWdk9MO2ZURkNbrQeUaODsW4UNaI/mOdVucz+6Ri7FgpijAcntP6vGg2c15KJt3lR/yUoJ5brLvGiPNI6TGCUOHdS333eUrpGJc14gU4XyXawdHk05A8UmJux7RNnDaVa29Gbt8kkgmA26XlyaQVZ8Cnfg6bx65VLaU8ndcGkWXJZNfxEa5+TgQT2k50YeIJyeQaeJVMTvsfDcr86UgmjlnXoqYvEFo7LuY+Jrr1Of0zA7aOIbuTtetao00dzDm7H+6sC5KJNnfUuq13vFIwsG2grE5lbabE2LGsmdnxzlamRF8NPI7L48zpREwJDAYjpUdp/2WS/XOyQruj74hJlTatZRtGtJHzVOB5Wvz2eyeNrWWsJyQ/5I4nY8OfjVYkEwC3iyfJxBgLlibDyOMn1tixXn3l54Yq/ujYjvMD2P50mg/xvnfGDIpggGRyDVqQTNJiaKgd67CZGQiHE4v54+JI8IJkMrG3mzeLag77lM5oeFqb33dVMtFmSsTSarijcg4P7qAj67iExfVkIuSWZyOPB5UHxlGRpWQieD/UFdUyOcnkbisq9xPpF4PWZWACtj0v1nFdkgmA28XDZBIoRYXCXDPJJFc6612XeBzSvtjE8QF8vi8v2dQ9kEztaBX9Qe2urydWmIyRTLzXgmSihUwlaIzYJGs856s4ZqIezvv0eX0WkV7KTnnS9j4as7mGe0qzuazluURUDCXtc7hxl0U6QxPmGSNSd2k2V9qazdVkMpFEX7XflUsvmM1lnAxNMrkTIh2h0sQtsX2zzTL1mfUkEwC3S8uTibqzGI7EZcmZZ5W8H03Imvfln+toY61IJsJZNhXo0FJu1+PE+z3tVGAtfz4afx8xkok8f10mkvyCfpCkI9z95LWqFgMdQ5PT81pJxH1R7dTh7LTWuPwMePuI8GjiiXleE6CqE9Go3MkSeBTTK05lF7KfAd9MMok9NvbsDH/QpsLKqzuI/vl+X+ufpRHn/rLjDHiSyZ2Qfm2mkdxYr74zxXT8Vp5xRDIBcMu0PpkAuhYlk8Ydzlvzs1XbGLGq1VgPU7kAAABagmQCj9y4ZKJmlJ64ds7JSir2JDyydsXhu+zebncg5JgPBgAAALeQTOCRm5dMAAAAcIOQTOARkgkAAACqIJnAIyQTAAAAVEEygUdIJgAAAKiCZAKPkEwAAABQBckEHiGZAAAAoAqSCTxCMgEAAEAVJBN4hGQCAACAKkgm8IjrySSXv7oNcKFvR2fOqjodnxSPTq74dk60h+zOobOqUd+/q9v5o+2mt13iJdH97gLxWz527xctu5+zFrhhSCbwiOvJRKzEWQV4hWB8d7ibAc7PXRgduvuScJO5u6kR4eTwuNn9MkBLkUzgEZIJ2gndDw0To0OgRq5vajZ2XF4h4C6SCTxCMkE7ofsB8IDrmxrXVwi4i2QCj5BM0E7ofgA84PqmxvUVAu4imcAjJBO0E7ofAA+4vqlxfYWAu0gm8AjJBO2E7gfAA65valxfIeAukgk8QjJBO6H7AfCA65saV1aYyx+J9VQvLl7v+MYS77HyjTuKu1dXuwtIJvAIyQTthO4HwAOub2qaX6EYah98O3XWlvvuxhPdfOI9Vr/SnlgqflaEk7qQTOARkgnaCd0PgAdc39Q0v8Irh+NS809089XyHu9ISHMRyQQeIZmgndD9AHjA9U1N8yuscQ2XNMsoj2fy1r3D+b5AyLidGu97a3z0jwRDit9WgknrEepc/OL6GqQSxmP7k6vOZQ255D06VWl2+VvIiB/CxT+oS+TfxGYOnZVS5bNU1pTTnl37WQXCw9NZ50JV7b3qxTSDZAKPXG8yEX+Ea84611z1F46mZJc/2+/W8Vtvpbq6HwA0xvVNTfMrrHENlzUL+kPBRE7enngSUnpey9ti5O3zR8d2Si21wfFAqnRfmouPZJx19RLPWxr0N+Gy9+hQpVm18cPO1IU/qAZUPktlTTktmchbM6HwxCWBp0VIJvCIh8kkY+1Q6R4w/vauKZkUxGtw1qFOD//+94Nz43b21dO+Vxfsv/He5d3PZRurm6tbVzyXaOOsgmfOc75AqO+VNVbK+QZSx/YGQBOu2tQUuztCgacz1n2lI25beoGrVni1GtdwWbPE49KxDpFSukeNvx0l8DLcEep6UTqaUUsyWRsdWtP/BhX/S3E39y4h9/QvFOTyYrAnrA8GpkqP0UbbIVf+SC97jw5VmskfhfGyRWaLzNsW7lb+oN6PGod9Rv7U3mG/P1T4M9l3X/u5iR+F0Q/Oc933tHct26j6s/QHw+LH0vXYiDfWmhf040jB6HzO/JzVlZKJ+IFHPmr/i4fMRIbEz3nyVO02xzZjA1Hthx8I6x/MF/+060UygUc8TSbWtiyT7B7T/l7qSSZHE0/qixMXJ5PCstIZs/560YTi3//+94fRDyKWiH+dC69JRfc7Sa9sZnP72zv7GxvbX8uXoY2JYZaq79H0PVsUN4Z7vP6Tz6xsnpXuFdKZfbn1zG9upVd3Ze3+rtYz11c3xb9a2b1s44kbp2JTUyb/KrqkqseTMf0zr7j0fHCpbHx5georrEWNa7i0WWliUk7pnTIOCqRfa1O5Po77/GGrYY3JxBcyR/OH893msqD+4VuaAbUzZU4VK+Y/jHe/WDbqm3PpeyxXpZkcP1w8iii9ftsPyiRHFyKZxNaMa6CVkolJtOmf024o/kGjqjArE47xjOLH/k5PLynxkzfbaErJRHSqSf2YiYgcRtAxnz39YnDCqrr4p90Ikgk8cj3JRE0pkU+q/ke48OeU+LuydhgIchfCQiETe1AaTPTfN4+3yB05hWVtf0DHYGl3wva8VtMZtf4ezW1KobtTe2DvmDZAUc/TM/tFkokr1hNP/66zDp5cO0f329/aWtm0baFxZ4T1D+O1kSFjhNE57mjQajsbmztWNMnvruVO5E3taNtK2cG07BrH1m6fyz/pNO8j+kfMWlIbkO/MBAOlYf1lqq+wFjWu4fJmR5NPQ2nxfyYZfGWE59TP4Rlt874Y6SgdzbgsmcjPaPkxLYbjpaDyIT6yZdwcvq/9ZBT/kLksLQcDhbm4Pfw06fL3WKZKM2O74Q/nL/p0q/xBWfrNZGLVVCaTfiuZdIybdUfKY62VfN7s2NB7WX0421s2XDGSyVkh6zPrbT9MI5mUjqvoKn/ajSGZwCPXkkwmnobfG1l/MPKnvl/B3GEg/uDlvqWl54PKRX+Qqr4/QAnE5G0zYxwpPQlZ4/MPxrRthvEXPjNwQQghmbii9mQiepdsKYm7zhYucXS/dPkQUMhtbK1vHeQLR5n1reyB1vfSmd2NTO6gcPhlZXNjTV+6s5PO7ItFKytbmc2dnX3ReHNnO7edPyx8LaRXtM/Y9ZXNlc1v6tHBl/XdQuFwI7O7faQFofXtQmH/YH1Li0Pr8tmPDtZXNzd3C3vbO+m1Pf1VHHxZ3TJqNg6u/qNC/ezJJPUsvLY9q42Z7l8xo8ZVBfHLldnEdvzkJL26+3Vre8v2WyeZ3EaXf9JpRDLRxvF6MvH5h0bWcqL79U86dq+Xqb7CWtS4hmrNzhcDz9OxnlIIscKGNrPIPLnismTiOGZiDcfF7Ym93bxZVG21L627+YJ2peN+vy3JNK3ae7Sp0sw6WrKUTATvh7qi+p5Ni+MHdZ5ROmPZvV3xVi5NJufaGCY2nZZtjGRiOyZjP0ojxi0L5T8xk37+vVZZ2uOm+EubNeuIjVWjXvTTbgzJBB7xNJk8ndX/NlYjveER/UCnfTaXvF3KDJlkeX4oJZN+2xRY8QesrSGTlH/nqm2jafzNn+/7AqHe57PGYh3JpHkiljyMftAziTat68pwIrQ6lqgV3S+9Yjtt06gpDQ7kbdFGbvj3N7e2zfGjjB8rK5ur27LPH2g5RCfHkWYy2f+yLsOGJr+5tb5TOidRJhPRXuYceVtf3UF6w5hZJp4oe2C0h4tyr6KJlV2fPxz5uK88me2Wew0PZ+XMbG+IrKsfKila/VBkEv3XfSTyiXWmL8nkNrr8k063M9P7ZrW/M5SfjE0UsvLDq/qE5CtWWIMa11C9mchRSsAc6aZfW2lE1fckyhv1JhP1cN5X3r4vUJqAJKXnP6X3XfsKyOrv0VKlmWMeV+WYoewHNRcfNq8II/eoXpBMtGNKxg9Qi6nGbC7zMJF5Vr01m8sa5JSznWdiqkwmlbO5XJk5QDKBRzxNJqVtU05ezsKLZCIcZ7o7Qr2lc2Ev2MqgXr22NCJSyk9/lAbol5nWj5w4a11VkUy27Xe1GuOohX5bjx+iRuYGkUysD2ErmawbQ8pLkon41Fnd/LK+Y8zUOTtKi8HopjHmlMnEaqlqR2w29ecqrY1k0jIF7Qz4xGr+QzyxY314pytnX7SOHkrz6tnBl6wxMNhY3ZSRVPzeN8xoQjK5jS7/pDPoZ8BPhTvFZ01KjlOXng9WufDUlSu8Uo1rqN5s+H7I97NxfEC84JRtl1O4w/jcrDuZaOP40MR8OruyOPxE20eQe/sy8OS1qJmcnoroZylqh2WamGjkUP09Wqo0k+OHYHQqv7ebXZ5XOp2HW+0/KBG9lOB4fis9+SImJ1ldkEz003jer+zKNkYyuT8YTqbTH6fCPSFjIokxbimKH8jkx9XJZDL82JghoqspmaiFlHIvFksuvp+eyl70024MyQQe2d7evp5kcl+bfKX4w+GUvpvE3GGQeKwnDT30XzabS/ydW7O5uow2pdlcSvlsLkvlXEy0H0f3W12RxyhKLjhm0lwykUTLL9YJLVo+yW0fVTtmQjLxRu5VVF4T6VqSiVrYEz1QxFFzPFoUUVme7L6xvml1RZLJbXT5J53Nzkz/3NHtSibtocb3WGMzSCQTXIOWJxNzumrgkRHxu0YyBXkG/NNSiujr0c+A/zzlzA+FZW2qq7w67WnWeQb8vn5OfMUZ8Gtv9dPyOsJp2+xK55rRLpzd7+ybdW2uzU0tZIj4sbapnWeyYZ1n0kwyOdjb3CkUvha+rGyt75zkNrZ29o/yu3tyncZ5JmffxEM2dgp7O7vWeSYkE08UlZ6EPG8t8TiU3stODoTt+4A9cJTLWQfuxG3b5RgON9eN4yckk9vIuam5SJc5e0ck5Al9bmH58jK1rLC6GtdQY7Nbrcb3WGMzSCQTXIMWJ5M6OWdzAVer7H7aWeYrm6J8WZVXhzlbWdXurpiZo6lkcvT1i77yjd2jM7GGnHyurbw+u8tIJsKJdnq9qDdOiCaZeCMzFflozlzf/6TtobhvnxfhiaP9tHEmkhZF7BtQEVQ29J5HMrmNKjc1FTLyitUa/XRH27frXKCGFV5BrOG7s+4CzT/RzVfLe/xeWzNYvEsmPtuFF6zibIS7gWSC28617gcAl3N9U9P8Co9PimIltRTnI9tO5Vu+sIifmPORuJxXyST9WuSQvkg8bJXHg/bp+PUr5tOz+rd+hoKRZMp5XZxqRoKhieXszOcjxR+O/Olc6grr5ARcKHOjkglQP7ofAA+4vqlxfYWAu7xKJvo349grtC+RCCZnnidSpUtf1mEmEhYr7H8+NZlM+gIx+2XLrhQwX4kSMM5gdp0SeOmsgg3JBLcd3Q+AB1zf1Li+QsBdXiST/JuYNncrMFg6YBLRgsrwZxESomP1HO4w7EwpT2brCSNlmjtWcylfa1bblkgmuO3ofgA84PqmxvUVAu7yIpnI79hWQvP2SlGT0i9qZH3LRO3WRoes75qxm4lGFe1yTOOTWePqSEpwamwgKq+tlD9X1cPFkSdaG3kARzG/CjS/kLSd/RJX1ZTtsrMp8xstUpGP+tWcHmsXjD7Lpro6tfYTK9pzvf95SD5cXlfbuuqzePZAR0i7AJT5zT79/lDuXUK09Nle511DMsFtR/cD4AHXNzWurxBwlxfJ5MJz37VskEleGDCuNBI0vonCLpeIDn+Wo/9c4nFIXrFRJhBdQX6vhV5pHNwwk8mR/DI+VU0P35ftL04mpS/RtBHvLmx8fU/pmIlMJqmfw9Y0s0hnSF6NRySTGVn5Z8KaV3bXkExw29H9AHjA9U2N6ysE3NX6ZHK+WJlJtPJkVuQHZ+PaiAe+d9apEfNLQzWZpPyWK/s3Vlq3K5LJrvlNeVckE+vrwDX7y933tXNdFOsrNiuSSdAePObikY/a/7Yv7DS+FOkOIpngtqP7AfCA65sa11cIuKvlyaQwqZ9kUlFEcuhtdFy+9PyCM9ebSCbacY9s4TT1fEgJyEVXJZPl112B0Nh8Or+3200yqR/JBLcd3Q+AB1zf1Li+QsBdLU8m/RWZRJaCWlSezDpb16qg+MO9iVV7Ve5V1PyuK/tsrpqSSbjTMU0ro/ROyclXayNDlclkJBhSHsjDLMUqx0xSz8IJ8/x++2wusxXJ5IJCMsGtQPdDw77X8jV1gM71Tc3GjssrBNzV8mQS7ggZX0ZcLj/9MiG/r7Yx5/vpZML4PpNfPuX1uoWEdsmvwKPxiRXj9I4ak0ksaEamQDinR5qF0ViXceZ6pjKZiGd//1w7k747Mj9830gmuXfjoiahf/uz9VyT0ahcz/vt0hnw8gbJ5MJCMsGtkMtf3UXRHo5c/Za083N1u+nO4+5Lwk3m7qZGpOLD4wsHZcBN0fJkUkhp4/ULy7Gz7TU5z/gexCen50UZi0Z9zxadDeA2V5KJu9tr3Cnfjpr9bD4+KTI6vCOyOw1969ZFxLhQxJLmk4l4SXS/u0D8ll38+nDZ/Zy1wA3T8mRy872PhJasO+eZJuaYoVauJBMAAAC0E5KJUOx/pF1ly3dvKBiZci5EC5BMAAAA4EAywTUgmQAAAMCBZIJrQDIBAACAA8kE14BkAgAAAAeSCa4ByQQAAAAOJBNcA5IJAAAAHEgmuAYkEwAAADiQTHANSCYAAABwIJngGpBMAAAA4EAywTUgmQAAAMCBZIJrQDIBAACAA8kE14BkAgAAAAeSCa4ByQQAAAAOJBNcA5IJAAAAHEgmuAYkEwAAADiQTHANSCYAAABwIJngGniQTHyPptacdR5b7k5knHWAp+iE8M7wvbC80e0PlS8xKMGkY7O88EtYr0l1j+oddW82/KHZjT+AW41kgmvgVjJR/CEl8NJeE/SH+uf0RQ9ep+0LqjvfDz4Ii7V1PU44FzVuuWtk1VmHNiKGX7GyTrYoupAxwGoAnRB12V/2BcQGMBweXXQucs9Yb6j2DWmk0wgkdSSTaFhfv5VMZvre1bTxB9CuSCa4Bq4lk8DLvqehXKlitTsSl8mkdqlnYjho7OpT1VNxO/KxaG9Ql4B/6MoatIdu/5DSMW7dnXwa6g80mEzohKhLdmxI8cfKqj4nRhrpeldQguO+n+tOPrUnE5OZTEyKPz5jvw/gziCZ4Bq4lky0T6/Frhdyr3Ax9XP4OJM0jpkYH4Ep373w2MfVpWS8KxA6tj3WovgHhz+X7i49H1T82nEYsXKzzvjUTISi4dH5/FZaPETcXRsdUgLh3hfz+ZWU4h8Sw4Kzwq64kd/bPTMfZdXk9wqxntKntX1Ei1tKJJPE41KnUnpe95vHTERXWdranYgMGl1lbGhkTSSNwsST0Np5aQ0WOiHqcvz2pS3Kar/0fPLl8IL2K1b1/mZ2CWt61VDgXnRyel67szPj+/G11oUCerc8/KTd3csOP0nMHFqr1IhniaW1A9HybrjDuKEFab3zBJ+IB+72doaUp9qa+82WZjLJib4q/xDk0UWlI+y7F8vu7YZ7Qu/155oZCJXN5tI34Mf7ose+nBA9dv+oL2D12COld8q8DaBtkUxwDVxNJuYA63Be+wyrSCbW8EuM4S7cCaf4YxP2z+N34iNf28FcOSi09Osfltqg0PwktnaWy8fqjEdZNblEdNJ4onQDuyFx04jRnhi6je3Ie6siIVvJxHCekl1F/PJFhyxMxsRYsLTUhk6IOmUSP4YDvQk9f+rm4sYxE7kl1M2E5FwpLSrMaJlFOJp8asTjsV49UWSSlxxs0VqKh4v4LY9Li0CS0m9EOkK+Z6XOo3dCraNWJBPTudUPByN/6gcDC7Oy5sJkorc0jpmkfjbegno4G0zYDpADaFMkE1wDd5OJ+Hw91v/VPiwrkklpPGd9cperfVCYnU/2PxrUTm7RP3etz2NhJBhSBrRP7SqDQnOfn3Zsp/ap27ixurXfbFHp0c5oEr/TvD4ys7pKoEPrJ1ZsKIh+Fbz0qgx0QjSkODIw5NN/6db2zd4lrO1hKSpkkt165zGL1rLvfijwOF4KObr0C9HNotqtw9nAc9lZVvU0a/R5YSIata+nIpmcir4q/xCMfmibzSVvX5lMzCc1tvMA2h7JBNfA3WSiHs4HEzkx3tL2p9WfTIL+kH3n8XCPMTOh9Ol+qO/e25ux9tiFS7ur6xoUqtpcmrm48XmPW05PJtrvVPQfeWjOSCalrvJJdhWhyx8WXcsYRFagE6JhRgywtm8f4qVf91xczhIsJZPScTyn7kDInBmr8flDwefzk9NaEdGi7622TdZmdqXG5XFC7RCKfuxFP+nlgmRiTQMTfwhGPwzE3xs1u8rjmXxNyUTtC2jPzuRD4I4gmeAauJxMtH14Q8aI7epkUkxlT40anX7ysTZlX1c6+dg6wbQwGdNWkkn2Thqvytfg7mptLs3IgDHoxG0nk4n4nSqBIZkrjGRidZXUuOwq6vmiLzSvfk50GfP+6YRwjdFz5uIxeTziMNVvnhAy8cS4spZtepU2R8uc2VVG6z+RT+Y9LQnI4KHqZ5jIDpN4HBJZIq9XihtL+g1tVthFyaT0pKlxsx+Gwyl9NtfOlNxiX55MXs6Yz576OawMJO2pCUAbI5ngGridTNTh++aB/iuTyeEn5ccZ52xl84KtvgfjVl3hz6ScqDCznZMrCT/S2zwafx+5dFCYezcu2ug7xo2nljXmDr+yz3vcajKZiN+pNf6zZnPJrjKZPZVdxWedrHyeVp7M0gnRpLW38e77srdEzZRR7O6wfsXFvh5t6difxkLHiR9jA9osrMCj2PDcrnq4qF192B8a/rBvNbCdj6Szzl05nLddqL3QpT3jYD4z1X1RMlG3tYMt8g9B9sOukUzhzylR0/U0KVtelkwWRmMB8aoeyw18WmzhnX8vANoUyQTXwK1k4rbCZScou2fVfuYoUIFOCJSzndMPoO2RTHANbmoyEcPClNIZv3CqQ/Oye7vdgVBr1o02QicETPm9bKDRrwkCcBuRTHANbm4yAQAAwDUhmeAakEwAAADg0PJkcvxBP/Oy/ALq+TWOzN5pJBMAAAA4tDyZyK8odiQTURmIXHxdf9wFJBMAAAA4XFsyETc4C/POIpkAAADA4TqTSePhJJMMDExp302b1C723+BKcH1IJgAAAHC4lmQSCkfissTmd50PqEUmWbqG4FqyeyxbtrQ5PtuXJaNFSCYAAABwuJ5kYpUGL1JuTyaZUjKR32vbN7qc17/eeCQYyn94rT1RIDyzXTTaq0X5RcvhaTPPzMVT6mlXRyj46sv7n41XK7941vii3AfRM/PBcAXJBAAAAA63PJmcFqxvDUs9C8vvJsslRJwYVPVkMrZjPCIov0F2ZyroN75KNvcqGvmox5W5uNIZN9qpqmIdM8kk++esarjJrWSSyx+JVVEo9ZbjE2tXRePofpQGiug2zXc/sQa6H6Xesrl7KLqNszMBN8xtTSbWGoLReVkX6TAih5Zb9PihHTMxHzHxJJRS1fyraCl4nKd8zxa1G3Pxvrelv1Vbg0Wlp5RY4KKMG8lEfDYfNf0Bj7spu3PorKoT3Q+NEd2m+e4n1kD3QwNOz86bD8ZAS93WZGI8sDDrCxnJJOgP5fd2raLqycR6xNrI0Ix+XEXxW2Ejozye0aLLXHzE9ipKyURTHItGlQBnnrjMlWQiVuKsArxC9wNwG7Htwg13y5OJqg73hJb0s0pE6hhZK9sTIJKJFTnkURR1Z8aY1qXP5gqnjNlclycTjUw1cBHJBLcd3Q/AbcS2CzdcXcnk/wC/nlFepcxIfAAAAABJRU5ErkJggg==" alt="Screenshot" width="100%" ></p>
<p><img src="data:image/png;base64,iVBORw0KGgoAAAANSUhEUgAABDMAAAIGCAIAAADGMlPIAACAAElEQVR4Xuy9e3hT153vPX+97/O8j5/D+9KZDj1NYZo0Zy5lOlNmppPpvD2Zc96TOTOT0zMnlHrIpJO6SZyEkNJJaRs6oRlOczO3uDG5OAZCSAI2OCEYE8BYli9CvgK+BGMsbGEMNsYX2bJlW3e9v72XtLW0tiRLsrSR5O/n+dbdWnvttbbkBVkf9trav3X3u/0IgiDRUkw/+776rjlQ0heuAh9zmDpxh+uxWG7N34tyGlL+rWFs0u6ZcXgcHq/b6/N4fV6vDwAAAACZwty863MZ2vgt1WwAQRAkNHfcTFjCmcm/G2AmAAAAQAZDTnJehjZ+S9wJQEIMj8+KRSBboLk+zfZp3u9we21Oz5TdY5l3j866b9lcN6ddN6Zdg9OuAavTPOXsm3T0TTqvTjpNFkfvhOOKnJ5ALo9Hi1KtJ3AgtXDVIrV21eLon3ReszoHppyDVueNaefQjGvE5hqbc5OWTDs8cy6vy0Nn6PXASwAAAICMgmkJA2YCkgPMJLuhCT/N+2n2P+/yzjgkGSAlGJtz3Z51kyGQogzPuMgWyFIUV7lulXTl2pQcqxRSl+hh1ag+HUihFgbl1lib1P6wLCTUKXnRuKwlM07vrNNjd3udHklL4CUAAABAZgEzAckHZpL1yJdNJAFwuL1kAnMu6foJZUaKl1zF6vBM2d1TdklapMxL5mCZd1vm6adnYt4dS+TK9FM6lrUg/ZynZt1W+fII9UVqRP3Ourzzbq/DI50SKRPWcQEAQIrwApAQ4kiKAMwEJB+YSdbjle7ikO7lcEoyIP0kP5l3eeZlQyBRmZVtQXIG2Vj83uKQ4xcYv8aEC1dBFg8WpSlqeU7OvNSp1DVzEqYl7tj//gMAALAQ4gQTgGQgjrMAMBOQfGAmSwR2z4lHuqND8gG39NPnkvRAMgQWJgyyvfij7Iol3IFB95Aj9cJ6lLuWzoGt4Ir81x0AAIA4oL9TPR6P2+12yTgBWDRsLNGgoqEV1k9gJiD5wEyWIJKlqCOv+4oeWWyCUVcIE1VHAAAAkgvTEppE2u322dlZm802A8CioYFEw4kGFQ2tsHICMwHJB2YCIqGWigUDAABAe2jK6Ha7nU4nzSOtVuvk5KTFYpkAYBHQEKKBRMOJBhUNLRpgMBOgBTATAAAAIHNhdwIwLVlpeAZBkh4mJ+p7TmAmIPnATDKdSbt3eNYzZEtCqCmxdQAAAOkNW8rlcDisVqt6Tokgiw8NLRpg6gVdMBOQfGAmGc3EvFctGIsJNSj2AQAAII1RzGRyclI9p0SQxYeGVkrMxOH23Zx294y7Lo/JGVfiljLBxSKld1L6nlCxFZBdwEwyFKfHp/aKZIUaBwAAkBGwm0zsdrvFYlHPKRFk8aGhRQNMfavJoszE5vB+tWjk7j23737z9t1v3b777dG7iyljd787dnfJ+N37pNy7d/hfzs7knZ3+2vuj93w4ec+HU/ccmtLddIltgSwCZpKJ2N1JvlQSNmKvAAAA0g/FTCYmJtRzSgRZfGhoJd9MippnopvJ7+8dXvcZ9Sw9du3vPrmtmMk9h61iW0niuZ/9Yv0jj1LEHUmFdZHqXjIXmEnG4fT4knVjSfTgygkAAKQ/MBMk1UmJmXz1N7eimMkf7L2pv+m0Othd994Ju/ueDy2KmVhSc1/sf3ng77567x9SxB1JhXWR6l4yl8WbSfmxaj71A6z4hlA+FXpUtvJQYYtYlGzUCpG6iH0DAABIM2AmSKpzB8zksWoLaYnbI/VH/7M6PPd8EDSTFN1tAjNJBxZvJgW7ywrf/sSforLSDlbcXVBYHigv31VYdjP0qDDc/PTpD/rFQp/v9e/li0WL5sffy38okB+/8M6kW6yQMKk2E4dbUzNxJO+TAQAAkApgJkiqo7WZPF49QSrCOqMfTrf3vV4Hv5rLBjPJXpJhJseDLzqqg2ZytDtQOnx2b0xm8tLL+Q9tOCwUp8ZMfsm/fP3x/AvzfEHiLMpM3IYmsUhELQ+pjngGAAAA0gmYCZLqaGom/7N8ZGRWXsMl4/Z4K/od93J3wMNMspu0MpPymz6bfveBvpBiDcyEzvChl/WhJQmyCDNxTn72mpZmUlphWVZhU5cLEc8AAABAOgEzQVIdTc3k2frZSXvQTOxO7z9+PHTPB5MwkyVCupmJzzcrXDYRzKSpvOih7+XnPv7i9souVlLyaEiF13Pzf8StCiMJOXSd2x0oFEoeeu5TtvHj7xX53NanH5EWej39QQ8rHGn+dPsvfkYlP9r0kjN0gdOI4XBurn9VmI83k+YiQTOEN9JV+c6WTT+hA3/w5Is35n0/WB9cYPZ6M18xSJSv5GqpnVxWYqHcVzH92bi4N2xiNBPqVDwPAAAAaQPMBEk4O65VhN0Woq2ZNMxfm/ZKz06Rq1kdnr/64CbMZOmQDDP5pOV8lz+fVQbN5EB9oLy19O3YzUS8bMJP6F/Pyzc7Ay9sLT8oukD/79TvrubWYv2gsOil7/0s8Go27EUMlZlYlWsmtOsHhQZ+X1PhT6pvB1/SOdwIbF8o+kk5pz2v5/0kRjPZkpuvvrnlRvkvo18zifJcRTKTFrZ9cWpZyaS6gjoxmgmevQgAAOkMzCQT82XdY19SFUbJV2qfWH7mR79bF1pen//F2g1Cye/opY0vVOV/WdWIOn/d9qvHLxfTBv2kbXUFFi3M5C/evfb3B/v/tPj6n+y78X6PZ9gmy4nc38S8+76PhqKbyS9++QKb7redv6BM/Snbd73udCozR9/f/v3/4PdSHlr3T8petZnc/Z/+iJV869vfGRi4/sff/Av28p/++V/u/cM/Vhr5b//9QeUQOuf3P/hI6OXFbS8pFZRC9pI+Vr4mvVRqLk0WbyZJI2AmxEu5nI0EJ/RdP3jHf53Ev8tfzfqDkkA5+YBbmuL75aHv8KlJ/x4ewUzKN+ebAwPhx6rFY8rllACzpDFslD/06N6QPe6WmMxk8uxLdWE+9gXNJMqXBQfMxPWLQ5Z7Tvp948Vam+G2w9A89Ys+6aW5a+quEkvLLXvpxdkhxUxm5u6K6ifUqXgeAAAA0gaYSSYmXjNZfuZxdWGYBMwk9jzXe3BrXxn9VO9SknIz+YM3Bw922w03HPs6Zv5o78gzdTPNt73zLv+VE+p194WZGM3k63/yZ4IVrPunR1idHbsKhV0s7xSXsAqCmXzy6XGlDmkJlShmou7l3b372VEkLcIulovt/n+6V0rYy8fyn1ZK8h4X56BLkPQ0E/6ySXBCf/3o9kb/JuPUC/5dDz152CxvNBXKJdcOs6aCihJK0EzczobyoocelxZiBXYJo+I6vzaM8VDuO9LFGtoQ704ZjslMGov4izwKC5qJWhuUKKu5HmmYvSLunbuvbp42io5avvhZUEKYmdDPzhmxNSHieQAAAEgbYCaZmPQxk79u+9VL5k+iXDBZqYGZ/KbdMeeUrpBQ+63Djq/vu72hbrp5xDtk88oXTrzStwZzzzOJYiaUHz3+5Gvbd/JWQBUam5r5EiGdXZ/7Qs1EuVpC6ev3TwQVM6F888/v2/brl/lGhNNQx+WSnl7Pv+S15J//JU95O0uZ9DQTH3fZJDihb5buMBHCxKPk0fwtn0mPBH0ot4jVfeiXn0nHctdeeMhMJietcsS3r1ro1aK+6+Oh7/1SPtXhH5cPi7tiMJNIvrSgmcRwzcQzND7z3RILK3y5YvKe9yVd+WbtHL28j7ylPXiIZCYfWJa9N6VujQ+umQAAQDoDM9EyX6l/mnKX/vHf0UvLqO6qefxLdU9/Wf/4F3RPSRXq87+oe/yLNU9+uf6ZL1X/aPnZ/C9U53+p9umVhqdXnH38y/VPr6h+jK3I8ptJHVV4Ut3LytonVtQ+9eXaJ5afffIrcqdkJvSTdlGzv1v12Aq9VK54yG+f+RGdxlfqn/rCmcdYyXLVaq4v6MSOfls+Z3bBhH4Ke/mk3ExKut0T87KXyAO6dcTx9fckOXmvx222eift3o/7nTFeMzlUeoSVUDvKpP/GzZu8IShHKSVf+4PV9PK/PvD3fDWWyz1XlPqKmZC3sBKT6SrfrLL99W+sUY76X9/LZYXkIXwdPnNz4f7JekmyeDNJ+n0mAaRb4c1uzkz6/FdC1Dj1u6WFVe6gRRx4UjrqoRfO8tUUVPoRRLUryjUTq+omFq5EZSYvBd6IcGOMwoJmEtN9JsPT98tm0lI3WcpKZmzMTHaWhblmMnRt+r46aW+k4D4TAABIZ2Am2kd9BYNMQNqoz/9tneQPK2WFUFcjRWEVJDOpy/cfFTnUAru0ojRFzQYvtvjN5MkvBDpdWfdEJDNZaXiKt6DlVU/Qz7+78Mr6rt/QBv2k7dD6waTcTH5WN39l0usK3Fhid3ufOjP+rY9uPa6f/uy6p3nE+4TOGqOZXL8+qBQq8/7BGzeU7e/8zX9TKqz51reVch93zUTJN9Z8S6ns48zkwf/5kFLIt6Bsv1qwQ6mgXK751re/w9dRwt/rApJhJsn9bq4g2x/Nf/qD/qCZuFte0kc428mzW773M3aTCcP8wc+cPqv6mgZDpR9B1LtUj1jh7jN5UtjVFWImoTcx/UB5Izc/Tew+k2lHNDP57Ja985b9MekyiFUq7LY+cn7ePON8udx/zUS5z+SYQfKTwB3wrmV7o90xT52K5wEAACBtgJlondon2AUTKfVPfqHqseVnfqSYibKYSjITTjzuqs3/AlU78yPFTOjlF2tVjbM0POVvNpyZBJWDdcev4ApshzOTZ3636kdsQ/KiBmmDv1QS5bJJys3ka3sGX2tx9k95Z6Q1XdJekpN/PjF6z/6xP9g3+If7Fv5urp8//29slj82Nq4UKlP/64ODyvb31/tvOyFIMJRyXzgz+fqf/JlSmVBuL+Eb4VtQtt97/wOlAskSK2RXZoQuKP+49vtKZZDOZkIO0LTrmZc2BVdkvZ4X5iutGKQi5c/xa7e6SsoPh9wvz6HWDwX1rgtFPzkV8gVcwe/mqn45v8nG7+K+m8s3xt+FMtkoLUVTXv403Hdz+T7f+5b/04uI2hxSHfEMAAAApBMJm8lftW599dqno06rw+Nyel30k7ZfMn98t+HH6soIy5eqH1MkYcVZab0W245uJr9NQlLDLms8GbxmYnjmi1U/khZlqbL8jHRBQ96IwUyoTX/j0vKwKGayUpaT5VVPMC2JPSk3k7vfHLn//YnGW97bgWcs0s8Dl2bXvDd4zwHLPe9bkmgmf/jH31QqkCoo5T7OTFb/6Z8r5RcuXFTqx24m/5L3uFKhZN97rPBv//5/8HX4zMzMKPWXOOltJj6fzcBP6H3Xzz70+EsXeocnb/VcMOifXs9ZxOd7fxC4yYTxg0efCX5PXChq/VAIs8s99lDuMz/e9enkpLVi/0u5v+Cuk9h6Hlr/y65r0i0r1eVFPz1+nV/fRfpRbugZmbR2GT576Hs/2c69EVvHQXojJZUG+cCD7H566Qb6vNeopKt3TKkpoDaHVEc8AwAAAOlEYmayunHzpZlBh0f876Td49zYs3+VYaP6EIQi38jhv2AizfL9ZvLkgmbiP6r2Cd5MSCSCUsGFLbVaaZBuL4nBTJ5WOqJmo5vJSsNT8WrJSi3M5K3bX3truG3EPe0ImkndTcd/P3QtWWay9cVtystv/vl9Z6rOfv0ba5SS3xS96ePuM6HtP/3zv1T2KnKyoJn85bf/s/Ly7x78x4oTlT96/EmlpOeKdMsKX//gh8HvF/7bf/iu0uZSJo3MBMRAlFtNUhHcZAIAAGlOAmby+8Z/dXmj/cPT8dutVEd94FKP/nF5hZUc6Z6Np79ULZV8UR9wgwhmsrL+yS/Kq7O+VP9MiJnIeqNWiP+ok5r9Hd1Tvx2TmTzzldp8+awe+48NTy1kJokk5WZyz57hs9cdLvkJJj55TFsd3odPjt2z73ayzMTHeYWQP/vLv2b1hW8N7jeblTpNzdI/PC9oJvxLIT/44WNh65ceOaqUQE58yTCT4O3vcvomWLFFKLeHHgUSRu0PqYvYNwAAgDQjXjO52/DjedWlEjVU527Ds+rDkSWYlJvJf/lo5PYc+35gqQO3x2sYct27b+Tu9yaSaCYDA9cFW2AZuX2b1Vc/afEv/ur/ZSW///U/MZwzxmImp05XffPP7xO6+NofrGZfGayu7wv9hmKLxaKUL00WbyZAY0bnRH9IUagjsW8AAABpRrxm8letW70+cV6ncMU2xPZRHaqpPjxtM+KYEl6WjRjV1WLZm9z83PQhfZgTzhmh3DR7i37SaXy/bXvwUoz/aozYyJ1Nys2k1OSZd/nbdpGWDDvvLRm5e/9E7GYSF03NLW+9825r23lxR1KprasvLtlX+dkpcQeICswkE7G7tVjTJfYKAAAg/YjXTJqmTGITAc5OdK0ybLw6e4u9pJrqw6PnlmPS6pr71yvvHxlpVO9V54Z9XF0o5NzkFXWhOmlrJhanTV24kjOT9V1vqPemVVJuJgXnXdesHqfb63B56284v/bu6N37xqOYyfTizASkMzCTDMXpSeGyLiesBAAAMoR4zSTSUq45t/Orhmf/6/lfK3O+ebdTfXiUbO794MToeaGQHMDr875k/mSl9NCMN46ONNFL89wIvTw91s46ou23BqvcXs9kYBK/f0hP1a7Nj447p1kdZfr+N+f/97Rrnio/euktepnbVejyuqkXxUyoEbvHOea0MvdomLxMhx+6Zfgj43PqvSx0etQdNUvbM247mdXKgOr8f+dfYi1UT3SxQqo56rTSduf0AHVNZ0jbdIhbvnWnxdpHHdncdnpJvdD79Un/yXa9cf0Utcy6Y07Cm0nNxOfsDX4+M9gvfzhplZSYyR+9OaKYyXdKJ6pueMxW79Upb/5n43eXjMNMliwwk8xlKvLjTRaTKTzABAAAMod4zcTh8S9353F63cap3lWGZypGgytcqKb68CihyTeFL/m56cM2az/JA7tuQJNvq2vuL1v+bUye2a+UNYBt/KrvCDlA05SJ6hRe/2zW7Xjk8z2vXTtOL9XXTF7oK3u25z0qJwcgPSCvILFhIlFwraJxqpd69Hi9zD2onHqkjt6+cVa9l/Ld9u037OPUO+1lp8SbCWkJnfP3O3dTIXs7T13eu+NaBQlS3+zIk5ffrRrv2NpXRkZBzVJHvzZ//Oq1T/fdrKEzf3PwDLWgrOOKYibUAp3eSlmcymK73KRlUmImVruX/26uP9w3tubg+H8qGb373bHoZnLgikNsC2QRMJNMZ9LuHZ4V7SKxUFNi6wAAANKbeM3E6fWbyazbfuiWgWb2tP1vV0u/anj2Hy6+5uGmnlRTfXiUqM2ETb4p5639K2UzYT6gLGFSJutF10/Pe5xzbicJACmBYiNqMyGFoLk+VabG+QsRTCSUHtl6LaqgvB3aJexV2nx94KTNbSfNWKkyE3qpvCnl8JXyW1BapjMkaaFT6pgeoF3kSw6PkyrQqa6MzUxWyou+6EAyHKWL9ElKzMQnL/+4Mu66PBbIuBK3lAkuFn9sLsxUshyYCQAAAJC5xGsmymquVmvf/ee3rTJsZFP/eww/tocu9Ip3NRdNrMed02x+z3J2ootNu2/apXOLZCZ0AkwDToyeJyvosQ31zg6zFgQzoZes5t+c/980s9905b0p1yzbpVzi+F8dO2mDyqmXDZf3nRq7qBwu7FXKWajm9zt3T7vmmZmwxV1W15xyEYMOZ6dNefXap+8N1QotrOTuKiEtGZgfXcmZCTW1Uv6UwppJi7Xv6EgTW6KWbkmVmQCgBmYCAAAAZC7xmsltp5Ud6PZ62D3u9577ye8ZNv7ntn8XvrPrdmDNVeyhyTdNxGlmv11eGcWWP9EcnU3Kw5oJzdRp6j/ndtIGu3t+700dOdJ327fvuFbB5vGkE+wuEfpJ0vIvl96sGu+gcraaa2tf2esDJ5XVXLSLX69FLdMJUJvkEuq9fLpmrpPw0CmdHe8kQ6BPgwrp/OmsqIVf9R359/6j9JJ2sdVcpDdF10/ndb/9C9NHrAWqxm5BoVBldguKYiYkKnTmpSPnwpoJfWLKrTLpFpgJ0A6YCQAAAJC5xGsmr1z7lD+c5OSrhmdp2q1+Hjy7bR3RLLF8U9kdCcwEaAfMBAAAAMhc4jWTb4c+z8Tt9fzDxddGHFNckxIZ9zyTTM+jl96qGG1Tl6dDYCZAO2AmAAAAQOYSr5lQ9g3ViK2E4vS6qY76QCRFOTd5RblhJg0DMwHaATMBAAAAMpcEzOT3DBv33ayJ9CT4eY/z943/SnXUByJLMzAToB0wEwAAACBzScBMKKsbN1+aGVTfW0Ilz/a8twpagnCBmQDtgJkAAAAAmUtiZsLye4aN32791ZuDZw4M1dJP2salEkQdmAnQDpgJAAAAkLksxkwQJJbATIB2wEwAAACAzAVmgqQ6MBOgHTATAAAAIHOBmSCpDswEaAfMBAAAAMhcYCZIqgMzAdoBMwEAAAAyF5gJkurATIB2wEwAAACAzAVmgqQ6MZkJTSgRBEEQBEGQpZyhMduN29MDw5bLV2/eVb8BQZIeGlo0wGiY0WDjx16ImfDKAkBcjI2NKSOJBtbcvAtBEARBkEzM7JxzxmafnLINDd/+SsMzCJL00NCiAUbDjAYbP/Y4MYGZgEXAjySYCYIgCIJkbmAmSKoDMwGphR9JMBMEQRAEydzATJBUB2YCUgs/kmAmCIIgCJK5gZkgqQ7MBKQWfiTBTBAEQRAkcwMzQVIdmAlILfxIgpkgCIIgSOZGMZPhW6PqOWXG5Yu1G/7Pqqf/j6Wd/6t6g/Cx/D/6J5fV5GuZL9U/rfROQwtmAlIIP5JgJgiCIAiSuaHJom3WMWWdvTUypp7oZ1zU0/SlGV5OtNcSFuUEaGjRAKNhBjMBKYEfSTATBEEQBMncMDOxTs/dHrWoJ/oZF/UcfclG+UzUzqBNlBOgoUUDDGYCUgU/kmAmCIIgCJK5ockihSaO4xNW9UQ/46KeoC/ZKJ+J2hm0iXICNLRogLGRxo89fj4JMwGJw48kmAmCIAiCZHTYrSZMTkZuT9waGRu+NTo0fDsT8x8K+xEW5TN59ETdHUhlPQ0kGk5MS9Q3mczBTECy4EcSzARBEARBMjpsQdf0zPzklI3mkWPjU6Njkxma/7DnBsKifCZ5p413JDSQaDjRoKKhpV7KNQczAcmCH0kwEwRBEATJ9DA5mbHZaRJJsU7PZWiWvXMbYVE+k8d1bXckbCzRoAqrJXMwE5As+JEEM0EQBEGQ7Ai7EyCjs+zdCYRF+Uzyay/ekSgnoB5pLPx8EmYCEocfSTATBEEQBMnKqOf96R/1BH3JRvlM1M6Q8tS1U9QjSgg/n4SZgMThRxLMBEEQBEGQNMmyEkv6xDdpVxdGis/n/kBVyPLBpC+upliUz4R5gvZR/3aE8PNJmAlIHH4kwUwQBEEQBEmTqCfoSr7b4x65ZX+p1rbT5HpCtdefLrdYsojEpRN3xEy2tvTYHK59lwc+H7cahsbVFRYT9W9HCD+fhJmAxOFHEswEQRAEQZA0iXqCruQDi++7qsLQTJWM+1SFiScunbgjZlLSPdB8y6IuT0rUvx0h/HwSZgIShx9JMBMEQRAEQdIk6gm6ku/2ugeuzX6HK6ma9fnmXd85Oetz+y+VkAOoD9x53fX9Ty3fqbP7rI6QXZ85Bq7NfeeM7aVLTlYy7/P+rNb2RO0cUyCaMr2km/7GpzNUzip0un3zVud3zsz7Aqda7/CVNEy/dM2jmAmVBLqwX+n1n1XATGbZCX8w7v3gs5CTVEf5TNTOoGRrS8+MI6TCjw1dZ67f/rD3xvicg/by6jJtd9LPmhujDpd7+0WTcKA66t+OEH4+CTMBicOPJJgJgiAIgiBpEvUEnc83Ts59MOT2+bzfkF/6HK4X5A1SFFYhrJkoIXkILZnzuT3Pfqq89ItEsH7AZBTZoBLWdacnUOLwn3MsZvLCkJed8LISm8+ywFUU5TNROwMfUpEb03NkHUf7hvjy+qGxfZcHaMPmcNEuChkLe3luaCJfVpTj5mF1g0rUvx0h/HwSZgIShx9JMBMEQRAEQdIk6gm6Ontue6vqpA1+bsN2hTWTndfc8x5WS7wLhXaR54yMygZidIlmEliCFZCNWXWPcZnJB/wpL7S+S/lM1M6gzvicY3TWThuvXjBN2Z1ut5fCzMQy7+wYm7o4Ovmbzj56Ke2U91JOmG+pm1Ki/u0I4eeTMBOQOPxIgpkgCIIgCJImUU/Qw+SM80qPtOHzeU6cCdkVzkzsU0NzbFttJizfMHnkSxmzvvEQW1CZicXndO0sCzmWzkHemFKbyTcuucXVXF1u4YSjRPlM1M6gTuvtSbY6S1mjRTbCzOTjvuFpu5Mt5aLcttl7LTPqFtRR/3aE8PNJmAlIHH4kwUwQBEEQBEmTqCfoSk6Mu1+SbgKxXXH4XpD1QLrPxOGmkpJB/4EvDHmP1lm/GyIPNt+86xsnZ14yuUUzaXKWtM5832ivn/XfW6/cZ/KS/FJtJtJ9JjYX9Xh0yN9ji9NXYvQ3zsxkz6j3ROvME63OAYdPNBOSH/mEqYsT5/mTDBPlM1E7g5LyvqGzg7cP9Fyfd7o/H7fmy+Kx//JA64iFSpiZvHrBNDprZ1dU8gP3mXx4ZfDUwMjL53vVbSpR/3aE8PNJmAlIHH4kwUwQBEEQBEmTqCfoSzbKZ6J2Bm2i/u0I4eeTMBOQOPxIgpkgCIIgCJImUU/Ql2yUz0TtDNpE/dsRws8nYSYgcfiRBDNBEARBECRNop6gL9kon4naGbSJ+rcjhJ9PwkxA4vAjCWaCIAiCIEiaRD1BX7JRPhO1M2gT9W9HCD+fhJmAxOFHEswEQRAEQZA0iXqCvmSjfCZqZ9Am6t+OEH4+CTMBicOPJJgJgiAIgiBpEvUEfclG+UzUzqBN1L8dIfx8EmYCEocfSTATBEEQBEHSJOoJ+pKN8pmonUGbqH87Qvj5JMwEJA4/kmAmCIIgCIKkSdQT9CUb5TNRO4M2Uf92hPDzSZgJSBx+JMFMEARBEARJk6gn6Esz3zo6pXwmv2rpUWuDBlH/doTw80mYCUgcfiTBTBAEQRAESZNUXJ3/v1XT9KUWXktYtJeTtuHgRZtI4eeTMBOQOPxIgpkgCIIgCIIg8YafT8JMQOLwIwlmgiAIgiAIgsQbfj4JMwGJw48kmAmCIAiCIAgSb/j5JMwEJA4/kmAmCIIgCIIgSLzh55MwE5A4/EiCmSAIgiAIgiDxhp9PwkxA4vAjCWaCIAiCIAiCxBt+PgkzAYnDjySYCYIgCIIgCBJv+PlkImZyoLCsYDelXNyhLReOlt0Uy4Cm8COJzGR6Zp5inZ7jM2WdnZyyTVimxyesDgAAAAAAsGRwOp00CbRMztCEkKaFbK5ImbHZlfDzyUTMpLe+vvzYqcLdZeXHqsPkdPuATTwkJjzWgab6XaQ9heX6Xqu4VwXM5I7DjyTFTMLKCcwEAAAAAGDp4AygmIkyUeTNxDbr4OeTiZgJo7uiXL5yEialHWLlGLAV7C4vvegXkoGzx6md0AoiMJMgNlNhpUksTD38SCIzoeHFjzlFUWgs0oikcamMUQAAAAAAsBSgSeDklE25YMJfLSEtSZqZ+Iab1E6SsJn0nf7k7HBoUUf1hxfd9P8FBy90VlbuKiw71iMVl++XjGhX8SneTErlwrOBKy2lu8tdg61UMiW9cu4tlva+c7Q1hisxGcudkBN+JDEzYVH7CY1IGpcuGXHAAgAAAACADIdN89QoZqJ2kqSaic+kdpKEzaT+YFm3UDTaWnh6gP6/YG99QcmpE/Vd3ZOkQ60Fb57q7rnSUl+7q8hvJraO6sKPznV3tSu3vpSShxSWN57vou1xQ+WBM+3dXV1799Z3e5TWs5BjxWUaywk/kngzEeREMBMAAAAAALBEUJZypdpMfGonkVN+7KpYc0HO7lUvzeouOCrZSsHuT5Si8sLgEq9TJfIhPbW7AkJyU3f87Ki0QWZiD1STzESn6Xz9zuGeaqmqv+kUi1MGP5LITGhs8WOOtxR2H7w4VAEAAAAAQHbhDoVmgIqZ8EKSfDPZu7uss3/EnowLEWFXc5V2yKu5dlcrZXu5m0/Yaq4pQ2XB7uNTkxYWdjKlwj0qTktpSVnhRxduJuNU0xX3rqJTZ68m9uUDCcKPJGYmSsKaiTBSAQAAAABAdsPMJKyWzM45Kfx8crFmIhYlzMC5PfLarQC2xo/KWuakLd5M+Gsm/sss0jUT8TREM5FwU7W9BotYnC1MXazWWEt8Uc2EVxSYCQAAAADAEsTj8bDvC1abCdOSpJrJG2WloV8ZzK+8ipdT+6XFYGebulrqz9FG4TH/jSe8mfhuNgXuM6nn7zMpeLOy5XzXiaOVrIQ3k86KTxq7Bvq62gsKj4uXZbKFqYtV2muJLzYzYXLCvqHLAwAAAAAAlhKCmShCknwzIX84xV/nmOsq4G7wAFkPP5LITJQRBjMBAAAAAACegJmEdZIkm8nA+XahpLFpidxrDiT4kcSbiaAoMBMAAAAAgCWI1+tlTzLRwkzAEocfSWHNRPET9t3BXgAAAAAAsJSAmQCN4EcSzAQAoBm3Zudbb1tqbo4iyFKO/uYo/VkQ/3gAkGbATIBG8CMJZgIA0AaairWPTXUgCDI2RX8WICcgzYlkJnPzLhZ+PgkzAYnDjyQyExpbai2BmQAAkov+5qh6foYgSzb0J0L8QwJAOsGbiWIjfPj5JMwEJA4/kpiZsMBMAACpowZmgiBcamAmIL1RzETtJDATkEz4kcSbiRCSE/a8Rf5YcdgCAEBswEwQhA/MBNxx+AmeGpoB0jww0gUTmAlIGvxIitdMAAAxQn/pz8zMjMUD1Xe73WJD2YJ+aKxz3IogCAv9iRD/kACQTsBMgEbwIwlmAkCKcDgcJpPpYjxQ/dHRUbGhbAFmgiB8YCYgzYGZAI3gRxLMBIAUcfny5er40el0U1NTYltZAcwEQfjATECaAzMBGsGPJJgJAKnA5XLV1taK2hEb/f39YnNZAcwEQfjATECaAzMBGsGPJJgJAKlgenpaFI6YuXTpkthcVgAzQRA+MBOQ5sBMgEbwIwlmAkAq6O3tFYUjZhoaGsTmsgKYCYLwgZmANAdmAjSCH0kwEwCSzvz8fHt7uygcMVNTU0MtiI1mPjATBOEDMwFpDswEaAQ/kmAmACQXh8PR0dFRV1cnCkc8UAvUjth0hgMzQRA+MBOQ5sRnJj22HgRJLPxIgpkAkBgWi6Wvr6+5ubkhlEU6iQK1I7RsMBjIWKhf8VQyBJhJcrN6XZ66cMEkdpQU88n1+hGxMMXRn9i2/LFCoTBn3Q51zQXzwCMb1IWdEbrQJjATkObATBCNwo8kmAkACWC1WltbW8+dO1dTUyMqRSohXaF+qXfxhDKBuMzkzMHNOevytlwSy7Mv9DYfOMHP+PWrD5qUl8Xb886oDmFJzDESO0qK+fiDVZqbyfFtOQ+LHpKYmdyfm68u7IzQhTaBmYA0B2aCaBR+JMFMAIgXp9PZ2NgoSkMMkMYYjcaWlpa2tjb6SduJiQ31Tucgnlbakz5mcn/8LR/ak5+zXa8ujyXRu6O3uVbHl6SrmdzRtJ14tTiwnZiZpGFgJiDNgZkgGoUfSTATAOLlypUroisshE6n6+/vt9vtbrfbE4C2qWRiYoJERTxgIegcxNNKexI1ExNtrFiXlyNn+XPPsw2KnmrqdtDGqsc2sJLiQao/Uvy6/6V0oKwTNB1fu0eqmbNu85ZN/l00wZUmu+37lco5zx1mlZUGc+R5fLBC6LSeXq7KDezKk1YEtekLuZIddD5Cd/y5rTksGUiO6C3hzWT1uvx7d5bre9pe2bmJHbg6cDJrcvOK2kzFB3fQmzXKJfk/f7XCfEPfrs/JfVWq03V4xQv7i9tvFO3btkIwE0Pxi4ZuvfnG/Xl5bXLvKx7bsPzZQr3ZdG8uKwnk0mFmUPSr2fj6Vmr/vofz7i1peGBf1Zm28pyn9rNq923bz1rL+XUVvVyfl1cxOH5Gt4daYxVycjedMd+o0O1nvxoWEo9XzNKG/OnJFzeGTj5wYkQeBpKHHCrZvJPe0cC41MK6DQ/s09O72/jCBkH5crbt33i6rfzIjgeON2x8djOd5JrAu2AfFzVIv1w6Z+nDWbeZlbAu6KPe+KttyuHrjzRV6Pb4Dw+8d1ZN+o1cOrx63ab76DdC7Ty1f9Wv9tOv4MVfb9jYHnI+0QMzAWkOzATRKPxIgpkAEC/xigT9QRsYGJibmxMbknG5XCQnVEc8LCp0DmJDac+izOTXJ9ksk7bf66E590nakOayspnk5D5PM2nauHdfJ5nGvZJj7KdJvCwA0jR3tWwC979WuP71g52iDIwUtZk7R28Ubd/AVc6//0DTGUMx1ayQ6ujXUqHqmonU/lM7itpvvLItP0ee+G58Supoo8FUfuRV2lguH8J3d68kS1XUnXzakjaEnozUVwQzyWPWQSeckyvNpFf7HWNEsYLl6zYJM2NW55UX8spH/SXsPNWhD1y+KKHPeXTPe3LlQEkgnJmw5Wf6I1tzAr6xXJ7l862x6X7Ouq2spOg12STb968NLAmjsw0e0nN4bZW0kbNl/8Ytcpu6HfSxKO3wJxN8C6Mhn5W8y99mTu6G9Tr/SRbJb4d9FNTOfUfMrM5a+eRDzORCoJ1c/00p/sPDm4n/N3LfusB1rdGm1Qe6WbVYAjMBaQ7MBNEo/EiCmQAQLzqdThSFCNTU1PT19YnHR4Bqhl3cVV9fbzabe3p6jEajUkjnIB6f9izGTNislCaFykoe/17ZTNj0VLo6semwXCePTUYlnZBnjatDvSJEBsyda/JDrpDwlQNdRzQTfzuXDrNjlUYC29J8ne9O6YjvLkQAIpuJUsi2/SXcpFn6BOSTLD9evOLhkC6EY4Mxd64OvH32ToO9y24QrMmZif+EpQ/fLyRKs6+8tTXw7qTf1IO5eRVDVr1h/xpZA9hvR0mwcfpknj1IXUhucGE/9UvvhfUVzkyU1Vwm4ZdCA0Cpo5wkexfsDPl2hC74hXPBLtjhEcyElawNvhHxfKIHZgLSHJgJolH4kQQzASBeOGuIBsnDrVu3vF6veHwEqCbVb2hoENohLWEVhoaG+PLQozOA1JnJ8j1NVPIATXa3HGcHsn/8vo+bmkcyE9r2/yO63JRQOdB1rGYiHeufp5ppIydXWuIldBd6hUSdTvZ2WNjsuTPUKJYHru3ILxuUf6dfm5u3qqSz07jnhwZ/zTVyHW7qLJpJzqN72MaZw88v3kwO7cn3X285/Lx/FdZbG4yByzXsWCaN6ty/Lu8VdrWEzmrLcXaxJQ3NZOc2mAlYKsBMEI3CjySYCQDxwutBFIxGo91uFw+Wn8M4NTUV9lmKVJ88RGinp6eH7RV2hR6aAaTOTOTVXN057OKJPGXkVnOJssGOXXOg7Uxbt56ZyWFT51DnT58LUznQddMPH5XuG6Fe+JMMnGHQTNhdJcpqLnavBd8dW2lGhcb2phfLG2hj1cN5L4a6Sk6u/6YLinJbyGp2X42UiKu5cthqLt2O4KokuQ7N+Lk5d6iZ5PuPffHnSbhmQr+g8kBr7DdFH0jIzSrt+9ccDL/eiWquZXeYyGLAHIM3E0Vp7oCZ9Bx+4Lh/EdoDuTATsFSAmSAahR9JMBMA4oXXg0jodLrR0VH+KKfTOTAwwF8SoW0qIUvhqxHC8+NrampITjo6Ourr6/ly4aj0J3VmsvZ05/LcvBWbg0+lePBZaYXS2iNt7E6A1aFmoq8qpL2rNh+kabTRIN0Bf++2w4cGR9isna+sdN052EZd5OSF3E0ROMOgmUjpbZBWUj2y4ZB0O77YHb1cu1k6txXPbs0/Ic3R1WbSectUJK+JojrKtJ7OihXm5D3P39Itxdwkn9vzgRtRrA9uyM/Jzac3teU5fx2pRH6bG/NDzOTQQdmgHtlkvHR48WZCmnTvI/7W1si/qVWPbC46XSXlSOGKt9qkw09Ld+9Q7n/9OH8mnfpC5WPfuS3vh0Z/X4Hf+Ah9UNI1sTtiJlR52yb24evLt8JMwBIBZoJoFH4kwUwAiBdeDyJRW1vrcrn4o0hU1LeRUElXV5dQs7+/X6gWFv6QjCAuM4k13H0m2Z2gh2RQhqr4R7Uo2oCwwExAmgMzQTQKP5JgJgDEi6gIKnQ63fXr15X6brd7ZGREr9eL9QK0tbVRHaW+3W6P5SZ7pX6mADNZTDLSTMZNORsK9fL3F2/81YYtXeoKSzowE5DmwEwQjcKPJJgJAPEiKoKKixcv8o9pJ0upq6sTK4XCmwxBLYg1VPD1M4KUmAmCZGxgJiDNgZkgGoUfSTATAOJFVAQV/f39/NNLGhsbF7wGQnW4HmJa0MXXzwhgJgjCB2YC0hyYCaJR+JEEMwEgXkRFUDE+Pq7cOmK328XdEeC/yItaEHerUCpnCjATBOEDMwFpDswE0Sj8SIKZABAvoiKosNlsymNMJicnxd0RoJpKF9SCuFuFUjlTgJkgCB+YCUhztDaTM22NF6bFQmQphB9JMBMA4kVUBBVzc3OKmVgsFnF3BKim0gW1IO5WoVTOFGAmCMIHZgLSHC3N5PKO3WUFcioGL1+oPU4bRVVtqmpIdoYfSTATAOJFVAQV/Gouh8Mh7o4A1VS6wGquJIY9bkJ/YlvxkLhr8Vm+uVx5CEbmh3uYifbhnrO+RAIzAWmOVmYyfZ45iZKiknLp5+kWsabmKdj9sboQSXr4kQQzASBeREVQIdwB39zcvOAd8FSH6wF3wCcz3IPw0iM0BT8iP3zwdFX5VX+h/sSOnIf959lm2LNqXd6Lhu73jhTmbAl9HGEgWzbl+Z9geFp6zDzF2LyfWlCeGfLDx/JyHttaYb6xfkPeK4FehOSs26w3d+88uGP1w3nF0nMhl5aZ3Mk3KwdmAtIcTcxk1Fi6L0RLgn6SmJn0V9Gxb+nO84WFu8v2tapqxhCYiTbhRxLMBIB4ERVBRXt7O/+twWazecFvDaY6XA/iY+DDwtfPCGAm/nQdDHm2+rj10L7nc9ZtUJ7X3jk+cubSDbatPGRdyE+fFd/Uqty8nTuDZmLs6TaOyrsGT0aaggcb7zq4qqRziZlJ5518s3JgJiDNSb2Z9Ol4Fdm950hSzKTkUEXB7vJgybThrY9Pamwmrbpj6kIkUviRBDMBIF5ERVCh0+kGBgaU+m63e3R0NMplk9bWVjxpMckZ1MvP+JMuO6x4VJrEnzm4uVjeRaLywK/263vacnJffaVu/4uG7uI9zz/4mfyo8tEmdtSKdRvW6qSS1evyVlFlc3fxvm1sIpuTu2n98TZ9e9PaI53Sy02H2WouUovynhtbXt5EG1JTlw6vemwDO3aFoEZVO9iZCNmySZSNTqnZ5+WNkZy8HbSx8am85a9JF0nC6lbx9qCZBDNateZw+Ck4pz0m+eJM0EzobZ4x37g/L88ov9SX7yhqM5UfL7w3V/4wDz/PPoSdBwul+lePr3hB+khf2blJeJxizrb9G0+3lR/ZQeK08dnNFeYba3Lz2sK16TeT0W4yNPkCjvSRUv0zbSdzngt5Uyvk8uIj+x94R/ooctZJn4wc//nnbCpe9fPiF09X6aVett6/T8+uHVUwVWO9m0+uLmnTm2UDvHRYOn9zN53Jiu16vq+UBmYC0pyUm0lhYdBDCo81SIW3aoNyUnJKPyoesnD6q/YZaksKy5SSLmPFxxerNDaTYweCJ4AsGH4kwUwAiBdREcLR0dGh1Pd6vS6X9De4WEmmtrZ2cHBQuWPeF9tNJtUwk6g59NaGnfLstlOauYpmUi7PUH/4aF5OnjyxHjfnyNP9in2biuSj3vtNfs5T+ztlM9EH2mST/pzQmavfTIaq7pWuOVDJSNFr+RXj0mQ35+fl7FgSBv5eFDqTFY/k0Vkt37CVzdFZwpmJWVnN9UNZEshP2KydToxayHlk0/1v+VdzdUYwE5qaR1nN5d8ePHnvvs6gmbTvX1slq5phz8b2kEPYe6GffOHOXyuTfnPOr4Pn0yl1sYlt0Ee6XpY9/ZGtRZwhKG0yMyEtYQ5GH+nqA92swn2hGia8xzBmss4vVJQHmfZQrpb7/TO0Mv3K6PzZkDBW7VgeOGENAjMBaU5qzYS/PEJRyktCy0+NiwcukH5ZQjpOHrh4WXp58+xb1HhrJTMT4+mPqc3KDsOB4rIjfXKF1srS0x8fOF1z6opUYV9R2b7TNZW603q5tYLdR3Z/cLquu0G6Qf+jWrmL5rc+PVvZ0Vzx6TF2VedISVnBniPSUY1n/ddqJjvpXVwYunjBQl2cLyg6fqbDcOQorqJEDD+SYCYAxIuoCBEYGwuZdpB79PX11dfX6/X6mpoa+knbVGKz2YRqsSzlqoaZRA1/SYFt82bCyskEFM1ggrGWTff9kWbtq7l22Ay4+K3nl+fmPbDvJH+g0rgU9m//3NqkkL2hyVm3VdlWm8kKdvklWNl/tSEkF/bfX+5f+hXGTHpPRrkIoLzZ5ZuYofkn61I7gV2spK1Hv+qxfFYiWcToDfYhlJuldvya5I/iCXIXgfMJfgi6HWwxm9jmpcMr8jaseqtNqc+1GfLJVBx5NefhTcU94/4uwphJ8Bz4RkKtMmAmlw6vDrZvUv8WUheYCUhzUmsmPYNGaU4fMJAdH9VQYfe1GqWk6LTR0GYUj1owzExIKgor6GfpO2U7PjYoZlKw+9ixIX/NgsJKaaO1ssT4eeBwQ0FpHd9aUJlaK9XXTwpKqnqYmZScZSW0zTb2BV1LMpPu0AMRIfxIgpkAEC+iIkTAaDTyX7fFcDqdMzMzVquVftK2sJfqm0ymWJZyVcNMooa/DSN2M1HPSrk5a8h8l6bmObmvKgd26gt/qqxi0u3YeCFWM1nO3UYi9C5oifHEqz81nlxz0H8ZgUuTcm1BNBNz1YrtIVcwhKhuYvFP1umEQy9r3Mj5eTnbLt7JXf8ZvVG0fcPOIeta5bqEKpHNRNWm/ImVl2zyXzPR7Qh+pOFSceB5dkEm+HsZ8t9RE2om4W/U4a6ZNKxXzn9UH+W9JD0wE5DmpNhM2Jw+9AoJn4TvM2ESIl0qke59Ly+9InlFwEz4LvxmcqQ/cOyQTug0aCNBM7m078DHu4vkFhQzCfhMODPpOfLBkYLffGyUrp9w54lw4UcSzASAeBEVIQI1NTWDg4PiwVGh+uQzYkMREA9Oe7Q0k0N78pXvCF4es5lU7BNvk4hoJtJL6Q6QwGouvbKaa+e2vIrxGM1kJOfRPcpL3kyMVTvY2icl98sz5pzc54UzpJo/NPi3Q8zEXLU2cJeIP7dM/nviA1HN2oOruUIVyJSzTb5GNNr0w0dDVqZJmtEjreZia8zUiWwmqjYD95n8dJO8gm6oKsrVHimBax0567axEpI3tZk8mBv6IQSjDxjdSPH2fP9qrhOvKsvPNAjMBKQ52pnJwYudwfLp9qSYSZfh+MfXDf4v6QqaycdBD2HhzcTWoLpmIprJ7qByfB6jmbCcKj2iXK5BhPAjCWYCQLyIihCV/v5+j8cjNqGC6sTyTcE8YhNpj5ZmQlm/eUPOuvwVmwtJFTpjMxPaKHpra866vBXPbl1f3tkZzkzWsAVIj2youBVyoNF4WDpw844Xm2WjiGwm5eU7pBYe3rB6S7FS2MmZCb+YKkde6VRxMCAkgycfkBVl7eZN7DzzTwfvbufNhG+BGciZw8/nG4PdyXUimAlVPl0sHZi3uVwWvKLXn6eX60+b2vSFdD5nPpPfwiMb1rzmvw3mxdekCjm5+Rt15pAuIpqJ2Cb/ibETMxrL2fmv2Sbd86Pk/mfpN5u3esv+YnktmbGZffKFRb1mtZl0Sp+VVJ/Otjj0fpv1m/LphNn2lm3S57n2SFsEjUlJYCYgzdHMTMRVUsZT0t0gizSTHttlaqSLFSr3mVQdo8IjDbWVDVU7jso6EWIm0n0mB3TS3mPXpZdqM9n3m7LStuYL1xsLC49EMZPKj8oONDSe6b5ItnPgdA3Vf2dPmVF9togcfiTBTACIF1ERoqLT6dra2kwmk3rtlsLExATViXERl4LYStqjsZkgSJoHZgLSHM3M5LhQniQz6dnB3SWi6MqFrrM7CssKCo8cuXiR7Qq5inLLyPZWy3feq82k2+T/puMjXe1RzKRn1Eh1dnza0GO7WCgv/So6Kt1Ig4QNP5JgJgDEi6gIC0HKYTAY+vr6LBaL8mx4grapZHh4uKOjI14tqYaZIEiGB2YC0hzNzCR8iqra1IcgWRl+JMFMAIiXBR+bGJ3a2loSFfop7ogHOgfxtNIemAmC8IGZgDQn5WaCICz8SIKZABAvPT09oihoDp2DeFppD8wEQfjATECaAzNBNAo/kmAmAMTL2NhYTU2N6AoaQr0LD0vJCGAmCMIHZgLSHJgJolH4kQQzASABent7E7gzJClQv9S7eEKZAMwEQfjATECaAzNBNAo/kmAmACTA3NxcY2PjHZET6pd6F08oE4CZIAgfmAlIc2AmiEbhRxLMBIDE8Hq9DofDYrGMacjMzAz1K55KhgAzUSf/Mf/zNOJKXEcpz29JYpY/VqguROINzASkOTATRKPwIwlmAgDQBphJXNmYLzwGMa50sqcZdibRTIZORniSfZi06XYsDzzGcePm/Jx1m5XzCWbUnPNwvvJ0xc72/ev1IY+9z/rATECaAzNBNAo/kmAmAABtgJnElVXiA9rjyYX9STeTthOvxm4mWzbl5fy6StruPZmzYU9YMyFjeUUXfO575/hIzs/L1U1lcWAmIM2BmSAahR9JMBMAgDYsETM5c3Dzxte3Vphv3Pdw3r0lDQ/sqzrTVp7z1H62975t+/XmG/fn5bXJL5k20CE5uRuopr5dnyMLSdvgDdqgmlI1Q3HYozovHV712IZVv6Jd3StC9UN//NWNzTfY4VR5+bOFerOp/Hjh8u16aW/51vv36ekM12/IqxjlTv7S4fyDO/KPVBWdlqQi/+evUp2NL2zIyX2VXh4q2bzTLLVJ2znrdrD6a3LzitpMxQd3rJBbVkIViriWeTPJ4U/1Em8m1geSJFGZEpgJSHNgJohG4UcSzAQAoA1Lx0xeMcvbuh1MMyirhTm3bge7/hA0k3Vb2a4tm/w1lWMjHUXT+vvLJU9gLYRc0NDtCHvNhLWZs+75QElnzs6G4FGXDq8+aAq+9EevnKTSBTMTKl99oJuVrM3l36ApRxSVMNdMpISaSfH2vDPqOtkbmAlIc2AmiEbhRxLMBACgDUvHTPwz+HBm8spbW3PW5VFUZiJfhQhrJubOsEfx0/o4zURqyh9eIUI9ofx48YqH/dWELtjZ0ptS6iunLUefsJkcUtfJ3sBMQJoDM0E0Cj+SYCYAAG2AmRzak/+evMbpzOHnYzeTnEf3hD1qEWaiuhrDwnuCcc8PDfJGz+E1EcxkfS6umSwqMBOQ5sBMEI3CjySYCQBAG2AmNPMul1+++PM4rpnk5O8Pe1R0M/lpl39bbSYP5uYZ+cpKeE/Q7dh4QdrQH5Eu13TKXSi3jrCzLd6er9w/k7NuE9fUjZznDvOOwZvJe/rOYM1QM6H3zm6kKTaoF5VlYWAmIM2BmSAahR9JMBMAgDbATDrHR+59JC/nkU3GS4cXNBN9VSEpwXvj1kMHXw17VDQzGbeueURahfVeODORWti8QVqm9ciG4qvcUaGe8OCG/Jzc/ENm05bn/Ce/Sl7cdSZgJlLMTctz83LynhdUZ/m6fP8ll0C/wTvgczcEa4b2GNCbkZyHt/GtZWtgJiDNgZkgGoUfSTATAIA2LBEzQSjGE69GXDMWKZKl4HkmAKQRMBNEo/AjCWYCANAGmMlSykjx9g3h14xFyCtbIqwxy97ATECaE5+ZiEcDEDP8SIKZAAC0AWaCIHxgJiDNgZkAjeBHEswEgBTh9XpnZmbG4oHqu91usaFsAWaCIHxgJiDNgZkAjeBHEswEgBThcDhMJtPFeKD6o6OjYkPZAswEQfjATECaAzMBGsGPJJgJACni8uXL1fGj0+mmpqbEtrICmAmC8IGZgDQHZgI0gh9JMBMAUoHL5aqtrRW1Izb6+/vF5rICmAmC8IGZgDQHZgI0gh9JMBMAUsH09LQoHDFz6dIlsbmsAGaCIHxgJiDNgZkAjeBHEswEgFTQ29srCkfMNDQ0iM1lBTATBOEDMwFpDswEaAQ/kmAmACSd+fn59vZ2UThipqamhloQG818YCYIwgdmAtIcmAnQCH4kwUwASC4Oh6Ojo6Ourk4UjnigFqgdsekMB2aCIHxgJiDNgZkAjeBHEswEgMSwWCx9fX3Nzc0NoSzSSRSoHaFlg8FAxkL9iqeSIbSNTqonZwiyZEN/IsQ/JACkEzAToBH8SIKZAJAAVqu1tbX13LlzNTU1olKkEtIV6pd6F08oExiZs3eoJmcIsjRDfxboT4T4hwSAdAJmAjSCH0kwEwDixel0NjY2itIQA6QxRqOxpaWlra2NftJ2YmJDvdM5iKeVCdBUrG10Uj80hiBLObVDY9ASkP7ATIBG8CMJZgJAvFy5ckV0hYXQ6XT9/f12u93tdnsC0DaVTExMkKiIBywEnYN4WgAAAEDygJkAjeBHEswEgHiJVyToD9rAwMDc3JzYkIzL5SI5oTriYVGhcxAbAgAAAJIHzARoBD+SYCYAxItOpxNFIQI1NTV9fX3i8RGgmmEXd9XX15vN5p6eHqPRqBTSOYjHAwAAAMnjzpiJbdDU2NRl94jlIIvhRxLMBIB44awhGiQPt27d8nq94vERoJpUv6GhQWiHtIRVGBoa4stDjwYAAACSyZ0wk7Gugt1lUt4+J+4C2Qs/kmAmAMQLrwdRMBqNdnuYm1zn5+enpqbCPkuR6pOHCO309PSwvcKu0EMBAACAZKK1mVw4Ws60pGVkEd/xMtz0jm5YeXVTd7xg93Fud1IYPrtX1qfdZXsru8SdCUFNlXaIhUsHfiTBTACIF14PIqHT6UZHR/mjnE7nwMAAf0mEtqmELIWvRgjPj6+pqSE56ejoqK+v58uFowAAAIAkorWZlBb6p/vijrjQykz057tazrfuKiy7YBN3JwDMRAFmAkC88HoQidraWpfLxR9FoqK+jYRKurq6hJr9/f1CtbDwhwAAAADJRWszeYet49pdJv8n0bmnsKz8klhnYbQyk5v+7YGCva0jIXsTQTGT+oOLE7PMhB9JMBMA4kVUBBU6ne769etKfbfbPTIyotfrxXoB2traqI5S3263x3KTvVIfAAAASDramom1a6DllP8mEzl7Tg+IdWIhkpl4hgsKP2mRL3QU7C5newverj117DgVHnizrLujurCkmrYDF23cdOyeY63dVL9QcBvOTCZad1WY5K0beytbpwZNdDg7AXIMff/I1KTlQFHZgF36b7y0BqzweHePiaTrZugt/n4zcdo+3F1Gh0zJ9fkTOHtTKinYfeqdo030FspLyhqvNh2r72o8c2rX7jJp5bjHVFBcTY3T3gOG8ZDW0x5+JMFMAIgXURFUXLx4kX9MO1lKXV2dWCkU3mQIakGsoYKvDwAAACQXTc2ktKjsQNNwZ8UnipmMJ/b1XMNNvN7IkbxivL7yhNn/T4DkDN1y47R3b708ib9aX1BS3ycXNn5QJn2n5sSFvYX+yxflb8hT/yABM3HaSGnqJ0L26Q+UFextpY3CwLI0e8ups/LqbjqTU7Jg+LprP2wLmV77zYQ+B24xG38CBYelG1oC1uTz2doLCqvkLXdv5SeNc9Ibz9z1YPxIgpkAEC+iIqjo7+/nn17S2Ni44DUQqsP1ENOCLr4+AAAAkFy0MxPSEkUkQlY3J0CEaybH3uBWSQ037TVYfNJEv/qCv6hbOYoOocLuCv/t+CyBagz/fSad/fwyLmfpweP++nub6PUuzkzqJ+n/pcspwRzt5o4NbyYh9XdL/9XnVqYNB1voqD4rn3t5SVnB25XHmhK61nRH4UcSzASAeBEVQcX4+Lhy64jdbhd3R4D/Ii9qQdytQqkMAAAAJB1NzMTapWjJrqNdU4ldJ+GJYCb1B5U7Q6Sp/DH5Sy+jmMmUoTLyDSr8fSZ+lCskjR/5zcRn62fva+/pK/IeC5ULRylEMBPxBKKbiR/njYI3arnXGQA/kmAmAMSLqAgqbDab8hiTyclJcXcEqKbSBbUg7lahVAYAAACSjhZmwl8tSYKW+CKaybih8liPejVXRDNhq7kifO1WGDMpCBgFHcXM5Kb++EDotx8X7C4v7QjfpGImJ94OWc0l1I7JTOT3FfI67eFHEswEgHgRFUHF3NycYiYWi0XcHQGqqXRBLYi7VSiVAQAAgKSTcjOR7gh/u77XYytI+K4SNRHMhOitr5YUqLC8cdA/4Y9mJhLu0v3Smq7C/cJ/ccOYiWvwgnTZp/iUreUUMxPbxSpFus5elXv0WP3nUPRJd+jdKYqZsCstuyrZZZbgCZztZsvPIpvJ3EDhG3J3RceT9mFqBT+SYCYAxIuoCCr41VwOh0PcHQGqqXSB1VwAAADuLCk3E5/V/8T3jJtJL4yn239vvcyeRT6kJdvhRxLMBIB4ERVBhXAHfHNz84J3wFMdrgfcAQ8AAOAOk3oz8fmOHaxM1mPU04vR1gMtwQn0rt2fcPuACD+SYCYAxIuoCCra29v5bw02m80Lfmsw1eF6EB8DHxa+PgAAAJBctDCTLKalspJdESrcf2qxXziW7fAjCWYCQLyIiqBCp9MNDAS/tc/tdo+Ojka5bNLa2oonLYLkQiNqZmZmLB6ovnJ/FAAAwEyARvAjCWYCQLyIihCOjo7gA49otudySX+Di5VkamtrBwcH+RlhLDeZVMNMQFRIhk0m08V4oPr8zU4AgCUOzARoBD+SYCYAxIuoCBEYGxvjjyL36Ovrq6+v1+v1NTU19JO2qcRmC/lSQKoWy1KuapgJiMzU1FQsl93UXL58WWwLALBUgZkAjeBHEswEgHgRZ3MRMBqN6n+BdjqdMzMzVquVftK2sJfqm0ymGOeUwrEAKMTyDQphqa2tVb5WDgCwxIGZAI3gRxLMBIB4EWdzEaipqRkcHBQPjgrVJ58RG4qAeDAAAS5duiQOl5iZnp4WmwMALElgJkAj+JEEMwEgXsSpXFT6+/s9noW/qZ3qxPvv3GITAARoaGgQh0vM9Pb2is0BAJYkMBOgEfxIgpkAEC/iVC4qOp2ura3NZDKp124pTExMUJ0YF3EpiK0AIDM8PCyOlXhoamqiFsRGAQBLD5gJ0Ah+JMFMAIgXcSq3EKQcBoOhr6/PYrHwi/hpm0poFtjR0RGvllTDTIAKj8fjcDhoOIljJR7q6uqoBfUtUgCApQbMBGgEP5JgJgDEy4KPTYxObW0tiQr9FHfEA52DeFpgKUFOS/5AA6mBo76+fpGDU4Ha4VsmmpubmV2LpwIAyFJgJkAj+JEEMwEgXnp6esR5nObQOYinBZYMV69eFQeEhlDv4gkBALIRmAnQCH4kwUwAiJexsbGamhpxvqYh1LvwsBSwdHA6nY2NjeKYiAEaNkajsaWlpa2trampibYTG8bUe5SbpgAAWQPMBGgEP5JgJgAkQG9vbwJ3hiQF6hffnrSUuXLlijgmFoJUZGJiwm63u91uj4xbhkr6+/sTGMl0DuJpAQCyDpgJ0Ah+JMFMAEiAubm5xsbGBKZ0i4f6pd7FEwJLBtIMcUxEhf6eJy2J9PxEGksDAwNURzwsKnQOYkMAgKwDZgI0gh9JMBMAEsPr9TocDovFMqYhMzMz1K94KmApEbsP19TU9PX1icdHgGqGXdzV3t5uNpt7enr4fmlbPB4AkHXATIBG8CMJZgIAABkEZw3RaGhouHXrVuweSzWpvlp7lAt0ra2tfHno0QCALARmAjSCH0kwEwAAyCB4PYiC2Wy22+3iwT7f/Pz81NSUx+MRd/h8VN9oNArtWK1Wtle47T70UABAFgIzARrBjySYCQAAZBC8HkSivb1dOIpsZGBgoKGhgVWoqamhbSoRvmVrdHRUuGzS0tLS09OjfnojfxQAICuBmQCN4EcSzAQAADIIwRDCMj4+zh9iNpv1er1YSaa5uVm4ftLZ2SlWCgd/CAAgK4GZAI3gRxLMBAAAMghREVTodDp+HZfb7Y7ydV5kLCMjI1RHqX/9+nX13SZqlPoAgGwFZgI0gh9JMBMAAMggREVQcfHiRb4+mYZYI5S6ujqqo9S3Wq3UglhJBdcDACA7gZkAjeBHEswEAAAyCFERVNy6dUup7PF4YrkAQnWUNV0Oh4NaEGuoULoAAGQrMBOgEfxIgpkAAEAGISqCCv4mE7vdLu6OgLIAzOVyUQvibhVKFwCAbAVmAjSCH0kwEwAAyCBERVBhs9mUypOTk+LuCFBNdojX66UWxN0qlC4AANkKzARoBD+SYCYAAJBBiIqgQnk2ImGxWMTdEaCa7BAyE2pB3K1C6QIAkK3ATIBG8CMJZgIAABmEqAgq+NVcDodD3B0BqskOwWouAAADZgI0gh9JMBMAUoTX652ZmRmLB6rPf38rAGpERVDR39/P129ubhZrhKLT6aiOUn9ubo5aECup4HoAAGQnMBOgEfxIgpkAkCIcDofJZLoYD1R/dHRUbAgADlERVAgPgDebzWKNUOrq6qiOUt9qtVILYiUVXA8AgOwEZgI0gh9JMBMAUsTly5fF2VwM6HS6qakpsS0AAogjRoX6SYutra1ipQBUmWSYv1I3MDAQyxcNK/UBANkKzARoBD+SYCYApAKXy1VbWyvO5mJDWI0DAI84XMIhDCESlc7OznPnzgnVqGR4eJiv6XA46uvrhWph4Y8CAGQlMBOgEfxIgpkAkAqmp6fFqVzMXLp0SWwOgADicAlHe3u71+vlj7LZbH19fWQder2+pqaGtJm2qUSoNjY2JrYVAf4oAEBWkkIz6TxWVrA71ogHg6yDH0kwEwBSQW9vrziVi5mGhgaxOQACiMMlHDqdzmQyKV+3peB0OmdmZqxW6/z8PG0Le6m+0WgU24qAcCwAIPtIoZlcOCopx64KU7DIM99yvquz3//95XKd8kTMZLip8GgrNdVSf46ODT7eKWV8WFi25+wNsTQzsXXUikWawI8kmAkASWd4eLipqUmcysWDsMYGAAVxrESAfePW7OyseHwEqOaC3+LFIx4PAMg6UmwmRcfHPcGSY8X+KyS9ikx4xi8cq0zATN7R+f8LSm5zaiB0b/IoONotFmUBNlNhJaeLWsGPJJgJAMnF4XB0dHTU1dWJU7l4oBbU/+ANgC9mM2H09/d7PNx/+yNAdWL5pmAesQkAQNaRWjMp7eBem+sL3qgiqzi7l+SkktvhW4yZ+G42vaMfof+nZn3WK9QUkwnb1dZdhZIaTQX+eiworO7VnSosLNtVfIpeflhcXlBYvudwk3+3rb/wDcma/CUDrXvfDq40K91dFujRvbdEus6z681Kl/z6pu54wd5W/VHJrz7U+e//m+ptlY59o7xlRLxynRbcCTnhRxLMBIDEsFgsfX19zc3NDaEs0kkUqB2hZYPBQMaiPKsbLE3EgRIVnU7X1tY2MTEhthLA6XSaTCaqE8v3cfGIDQEAsg7tzGREf5wm6yN+MwlRkcWYyXh95bEeaYOaLS0q05/vYt98uWu3tN145lTB3qabspwU7D71ztGmxvNd5SVljVebjtVLe6ka+5pDOpZKWs53HXiz7OxNt89pm5psLzjcPjUp/fdYMRPykD1lTVRNf+z4LvmKimQmZDhHpULljVCzLedNLfXn6iP+zXyHOVZcprGc8CMJZgJAAlit1tbW1nPnztXU1IhTtlRCukL9Uu/iCYElgzgmFoKUg4R2eHiYnNblYv+OJz0GlLaZXZPxxqsl1TATAJYA2pmJ71J1wRun7L75m5eaCnZ/wu1IxEzY1QzKO8e6WBmZSXBVV09taYf/i9IlETp4wRfSy3DBR/5nQtlbTp2VjMPEL9wKXNLpVgoVMynYfVypVlooNSiZSaCQtqWeZDO5aU/zZyq7p1qq6m9qd0mHH0kwEwDixel0NjY2ijO1GCCNMRqNLS0tbW1t9JO2ExMb6l19+zJYIizyolxtbW1iKsJD5yCeFgAg60itmRQePMeXvFPo1wnpooQf50iXpBl8tYXhV3MFkFZzBZgyVMq+ISHd7vJGrS9EKoaDHtJRLdWcvMA3WLC7XP7/sGYS/Dcb6nHKbyb+QsVMpO0eaUFXtwa35yeCe1fRqbNXNT05fiTBTACIlytXrogztYWgiWB/f7/dbne73Z4AtE0lExMTJCriAQtB5yCeFlga9PT0iKNBc+gcxNMCAGQdqTUT6ZqGnlMIa/87JZWlp/3XK3z+ab24uGthFjKTCNdMIpvJYq+ZhDETwjXYFPLVZGnD1MVqjbXEBzMBYHHEKxL0B21gYGBubk5sSMblcpGcUB3xsKjQOYgNgaXB2NhYYpfakgX1TucgnhYAIOtIuZnEGPHg6CxoJj5fYWGZ/rypUVfF3WcSxUx85W9K95l09w98WKxc0pkvKPxkZFRaIxa8z0Rfuaesqa+nS19ZGbzPRGUm73x0bmDSoj92vPxS2s2wpy5Waa8lPpgJAIsj9pUwNIfr6+sTj48A1Qw746yvrzebzT09PfyzJugcxOPBkqG3tzf2QZhcqF/qXTwhAEA2kkIzAYCHH0kwEwDiRZysRYDmcLdu3RKesR0Fqkn1GxoahHZIS1iFoaEhvjz0aLCE8Hg8ExMTJpOpvb39olZ8/vnng4OD1G8sX0MMAMgCYCZAI/iRBDMBIF54PYiC0Wi029k3DoYwPz8/NTVFP8UdPh/VJw8R2lHW9Au7Qg8FSwvy2JmZmTENsVgsDocjdtMGAGQ6MBOgEfxIgpkAEC+8HkRCp9ONjo7yRzmdzoGBAf6SCG1TCVkKX41ob2/nWpKWhJGcdHR01NfX8+XCUQAAAEASgZkAjeBHEswEgHjh9SAStbW1yrMjGCQq6ttIqKSrq0uoGePTuPlDAAAAgOQCMwEawY8kmAkA8SIqggqdTnf9+nWlvtvtHhkZ0ev1Yr0AbW1tVEepb7fbY7m/WakPAAAAJB2YCdAIfiTBTACIF1ERVFy8eJF/TDtZyoJPx+NNhqAWxBoq+PoAAABAcoGZAI3gRxLMBIB4ERVBRX9/P//0ksbGxgWvgVAdroeYFnTx9QEAAIDkAjMBGsGPJJgJAPEiKoKK8fFx5dYRu90u7o4A/0Ve1IK4W4VSGQAAAEg6MBOgEfxIgpkAEC+iIqiw2WzKl6tOTk6KuyNANZUuqAVxtwqlMgAAAJB0YCZAI/iRBDMBIF5ERVAxNzenmInFYhF3R4BqKl1QC+JuFUplAAAAIOnATIBG8CMJZgJAvIiKoIJfzeVwOMTdEaCaShdYzQUAAODOAjMBGsGPJJgJAPEiKoIK4Q745ubmBe+ApzpcD7gDHgAAwB0GZgI0gh9JMBMA4kVUBBXt7e38twabzeYFvzWY6nA9iI+BDwtfHwAAAEguMBOgEfxIgpkAEC+iIqjQ6XQDAwNKfbfbPTo6GuWySWtrK560uJQZm/cM2bIq9I7m3f5brQAAGQrMBGgEP5JgJgDEi6gI4ejo6FDqe71el0v6G1ysJFNbWzs4OKjcMe+L7SaTaphJtkAzePXMPjsivlUAQEYBMwEawY8kmAkA8SIqQgTGxsb4o8g9+vr66uvr9Xp9TU0N/aRtKrHZbEK1WJZyVcNMsgX1hD5rIr5VAEBGATMBGsGPJJgJAPEiKkIEjEYj/3VbDKfTOTMzY7Va6SdtC3upvslkimUpVzXMJFtQT+izJuJbBQBkFDAToBH8SIKZABAvoiJEoKamZnBwUDw4KlSffEZsKALiwSAzUU/osybiWwUAZBQwE6AR/EiCmQAQL6IiRKW/v9/jWXiKRnVi+aZgHrEJkJmoJ/RZE/GtAgAyCpgJ0Ah+JMFMAIgXURGiotPp2traTCaTeu2WwsTEBNWJcRGXgtgKyEzUE/qsifhWAQAZBcwEaAQ/kmAmAMSLqAgLQcphMBj6+vosFovybHiCtqlkeHi4o6MjXi2phplkC+oJfdZEfKsAgIwCZgI0gh9JMBMA4mXBxyZGp7a2lkSFfoo74oHOQTwtkJmoJ/RZE/GtAgAyCpgJ0Ah+JMFMAIiXnp4eURQ0h85BPC2Qmagn9Atl7pu1c6rCJGfdQcuy96b4kmUlIS9jifhWAQAZBcwEaAQ/kmAmAMTL2NhYTU2N6AoaQr0LD0sBmYt6Qi/k/TOT33zPsqzE8l2dTS7RwEzmvqmbvXLbMWRzPNI2zwphJgAsNWAmQCP4kQQzASABent7E7gzJClQv9S7eEIgY1FP6Pm8fMhimBEKU28mA9OlqkKYCQBLDZgJ0Ah+JMFMAEiAubm5xsbGOyIn1C/1Lp4QyFjUE3o+XyyxqArnvqmfvWuvZdnBoCpcuTy9rMTy9WPTn40Hqt2effnYJBW+3OPwl4zLR+23tASOkirstQQPkVNaNfn1/dIlmpcH5L4CFhQ0k6l5aueu0oVFRXyrAICMAmYCNIIfSTATABLD6/U6HA6LxTKmITMzM9SveCogk1FP6PksOzqtKpxbViYXzsw80s5K7PecmZVLZv/1oN9klh20fiZfbPnsjKVTPurlQyGS02mcPCZXuL/EsqE7tIvgNZMwZvLFkklpY8b2t0Z7yFGqiG8VAJBRwEyARvAjCWYCAAB3EPWEns+yj8KYScAWbH4zuTEdUBRPS+2kfElkflkFuylF0gz56gfF9a9HLfeUWeXteRKVZSX+iMvDopqJclSwiwgR3yoAIKOAmQCN4EcSzAQAAO4g6gk9n2VhV3MJZhLc8JRWBK6ZKNrQPvU+d6fKy+WW0omQmmES3UwOqWUpfMS3CgDIKGAmQCP4kQQzAQCAO4h6Qs/H3G1d9tHUzu65zlvz73az1VNqM/F8vcTSOe4oOhb8qt9ffGC569jMlXH7XX63mdtZMXXF4jqmn3xXNpOhmdm7yq2dt+zv106X3grtN6qZFB21FP3/7d2NUxvZge/9P3aqtjaVWtfWzdxNbu2kdnNTedJ3Rxot4McQazwsY6/RoIsGo4xsEIZobKMBg3mJFQwDjgxYCBAgsMw77nv6Va0WCL20GiS+nzplt04ftSQ4tM5Pfbo1fzCztt+6WHivomJ/qQAaCskELrH2JJIJAFyh4gF90xT7SwXQUK4mmfzXg4F3K+v2WjQ1a08imQDAFSoe0DdNsb9UAA3lapKJ5A08/G7YXoumZu1JJBMAuELFA/qmKfaXCqChuJ1M7ncPtfvD9lrcANaeRDIBgCtUPKBvmmJ/qQAaiqvJZOltSvIGRHk2+lf7ugroGzFL97S9Ba4ha08imQDAFSoe0DdNsb9UAA3FvWQy8WpBCxK+271mqLA3qsTqUN+kvQ7Xl7UnkUwA4AoVD+ibpthfKoCG4l4y0aLIN98+WVnd6Pg6TDK5aaw9iWQCAFeoeEDfNMX+UgE0lLonk+Pjk9NTZU9RPI9L1Iu1+aYVsiUTjzcwOrsQeRDsns5pNW13wonl7dA98bh9yu3paP+TcHtPfGxiXPINtN8Jj03Mjj6JSA9nxcpQa2B4YjYxt9D/QG0Mp1l7EskEAK5Q8YC+aYr9pQJoKPVNJtazQdY3duZ/XpGMq3JZV1V32klBMpkbCc3piyKHDG6YK4REt3ZwZjoafK1XRe4GDo3VWm4RyWQsxWi4jqw9iWQC1MmnT58+fPiwWQnR/vT01L4hNLXNA/uAvmmK/aUCaCh1TCabmaxIHXc7f2j3K3O32tqVAKAlk6OjE7Eg6sVaseBr67XfuQzWZJJ9pk8PU0vfYEqpHHs84PFZTmiZjmr1wqA/P5FMP6KyOau0vBPOHJtr4CRrTyKZAHVydHS0sLDwqhKi/cZGwcc5aHoHp5+Kx/TNUewvFUBDqWMy+ebbJ1/+Z4+2/G5lXYsHWjLpC7/Q04Isf/x4aC5XxHbMpHu64DO/xce9w1vq0v5UZznJxBDxBxLW23CItSeRTIA6+dvf/hat3NDQUDabtW8LAAB31TGZ9D56ZkaOZ6N/tSaTJ9GX5qqfl947kExk2ecLhGKzYxPjbV3jq7J8OB31fPs8vfRGau1ta7k8mfjvRRLL29nlhTZffqIXHGTtSSQToB5OTk5GRkbssaM8S0tL9s0BAOCuOiaTmb8uSeo5JINPJ80pVVpNYu6dWBD1WmJxJJmcpGeVuVu+YGgspUaL4/YW5eb8bm70weXJJNajzwe7/+SNuQoOsvYkkglQD3t7e/bAUbbXr43z8AAAuCJ1TCaycdjk3OwRjsTNVR9y+7a1aD7WnkQyAephfn7eHjjK9uOPP9o3BwCAu+qbTACTtSeRTADHpVKpeDxuDxyVEFuwbxQAABeRTOASa08imQDOOjo6mp6e/stf/mJPG5UQWxDbsW8aAAC3kEzgEmtPIpkA1dne3l5cXPzpp59+LFRjJjGJ7di2/OzZM5FYxOPanwoAAE4jmcAl1p5EMgGqsLu7Oz4+/vz586dPn9ojRT2JuCIeVzy6/QkBAOAokglcYu1JJBOgUsfHx6Ojo/bQUAYRY168eDE2Nvby5Uvxr1iuLtiIRxfPwf60AABwDskELrH2JJIJUKk3b97Ys8JlhoaGlpaWDg8PT09PzwxiWdRsbW2JoGK/w2XEc7A/LQAAnEMygUusPYlkAlSq0iAh/tCSyeT+/vnXZD85ORHhRLSx360k8RzsGwIAwDkkE7jE2pNIJkClhoaG7EHhAk+fPl1cXLTf/wKi5bmTu2Kx2Nu3b+fm5l68eGFWiudgvz8AAM4hmcAl1p5EMgEqZUkNpYjwsLa29unTJ/v9LyBaivY//vijbTsilmgN3r9/b60vvDcAAE66NJm8f5/WBpNigWSC6pFMgFpY40EJL168ODw8tN9Zlg8ODrLZrPjXvkKWRXuRQ2zbmZub09baVhXeFQAAJ12aTET5q0oskExQPZIJUAtrPLjI0NDQxsaG9V7Hx8fJZNJ6SEQsixqRUqzNhKmpKcuWlClhIpxMT0/HYjFrve1eAAA4qJxkYhaSCapHMgFqYY0HF5mZmbHe5ezs7KeffrI3Ug0PD5vztTSZTMbe6DzWuwAA4CySCVxCMgFqYY8IRYaGht69e2e2Pz09TafTIoHY2xlevnwp2pjtDw8PyznJ3mwPAIDjSCZwCckEqIU9IhR59eqV9WvaRUr5y1/+Ym9UyJpkBLEFe4si1vYAADiLZAKXkEyAWtgjQpGlpSXrt5eMjo5eegxEtLE8giy2YG9RxNoeAABnkUzgEpIJUAt7RCiSyWROTk60xoeHh/bVF7BeyKucU03MxgAAOI5kApeQTIBa2CNCkVwuZ36Nyc7Ojn31BURL8yHEFuyri5iNAQBwHMkELiGZALWwR4Qi+/v7ZjLZ3t62r76AaGk+hNiCfXURszEAAI4jmcAlJBOgFvaIUMQ6m+vo6Mi++gKipfkQzOYCAFwtkglcQjIBamGPCEVsZ8D/9NNPl54BL9pYHoEz4AEAV4xkApeQTIBa2CNCkampKetVg9++fXvpVYNtX7Zo+xr4c1nbAwDgLJIJXEIyAWphjwhFhoaGksmk2f709HRjY6PEYZPx8XG+aREAcK2QTOASkglQC3tEOE8sFrOeNyKkUqnnz5/bmomamZkZ6/WC5fKmckVJJgCAeiKZwCUkE6AW9ohwgc3NTeu9Pn36tLi4KBLL8PDw06dPxb9iWdTkcjlbs3KmckVJJgCAeiKZwCUkE6AW9ohwgRcvXtgOmwjHx8cfPnzY3d0V/4pl21rRfmFhoZypXFGSCQCgnkgmcAnJBKiFPSJc4OnTp8vLy/Y7lyTaizxj39AF7HcGAMA5JBO4hGQC1MIeEUpaWlo6Ozuzb6KIaFPm6SUm+yYAAHAOyQQuIZkAtbBHhJKGhoZevny5sLBQPHfLtLW1JdqUOYnLZN8KAADOIZnAJSQToBb2iHAZETmePXu2uLi4vb1tfje8IJZFTSqVmp6erjSWREkmAIB6cjmZ5DzegOfbuL0aNwDJBKjFpV+bWNrIyIgIKuJf+4pKiOdgf1oAADjHvWSSnX8u+cLK0u6S5A1kL58CjaZCMgFqMTc3Zw8KrhPPwf60AABwjlvJ5GxXpJF54wL680/C0r3nBQ3Q7EgmQC02NzefPn1qzwouEo9u+7IUAACc5UIyOW3zBaTWiL36eKWWIyehrj6P2KwvGBxK2NfhWiKZADWan5+v4swQR4jHFY9uf0IAADiq7slkMtTrezCePO/yMMlYROqITm6e2ldcajUu3Q4Hh6bGYs89HTH7WpSUmx6xV7mCZALUaH9/f3R09ErCiXhc8ej2JwQAgKPqnkyyuWPJG520VysmewKrx7nsYcXJZNAfWLXXyZKfE+vLFeoI2Kvqj2QC1O7Tp09HR0fb29ubLvrw4YN4XPtTAQDAaXVPJkKpZGKvK8vh66jUER1LGYPXs4PszpJ0N5bd2ZaVYwJRjzcwPDE7+iRixhXJOyDdDo9NjE8mRfuU5OtLzC0o08xuap4R4cQXXrDX1hPJBAAAACW4mkzGJmb18jol15BM9HNXvIFQPGnUpMyMEWwJSA+mtGURUbQF0XjSOP8+8ywcWVUP1CRGzAY3Tm7B5SMnJBMAAACU4GoyEQt6jZoiakgmusPUlH4lYksykbx9g0rwUYiH0E6QF5V6lSyHWpRUYxaz/kbJvop6ii9LUE8kEwAAAJTQ2MlE6NSjRT6ZeLyB7mn93JVBfyCrLliTSazLgcdtaCKWDP5sHEJyC8kEAAAAJTR8MpG8QfX/A+munkxCrQGpSz+xxTKbK59MMs/C3dNuj8uvk1OXj5ZoSCYAAAAooSGTyWQ4rE3E8twNmwljMtQnatLq8kl6Vvm2k9a+jPF9KdZkIszHosoWWnvbe27eGfC5FXuNK0gmAAAAKMGNZJI/8b2oHNrbommRTAAAAFCCG8kEkEkmAAAAKIlkApeQTAAAAFACyQQuIZkAAACgBJIJXEIyAQAAQAkkE7iEZAIAAIASSCZwCckEAAAAJZBM4BKSCQAAAEogmcAl5SeT3McjkgkAAMBNI0aAYhxIMkHdVZRMRFy23x8AAABNTYwASSZwQ5nJZF8JJ0e5jyQTAACAm0WMAMU4sHhweG4hmaB6lSSTY+1sE/smAAAA0KS0M0zKPGCyTzJBLSpNJrmPRweHx58+2bcDAACAZiLGe2LUp83jIpnADeUnE62oXfNI9FHttBMKhUKhUCgUSvOV3Eft3JJyTy8xC8kE1as0mewbB0+sEYVCoVAoFAqF0jRFCyQVHSoxC8kE1asimVAoFAqFQqFQKOcWkgmqRzKhUCgUCoVCoThVSCaoHsmEQqFQKBQKheJUIZmgeiQTCoVCoVAoFIpThWSC6pFMKBQKhUKhUChOFZIJqkcyoVAoFAqFQqE4VUgmqB7JhEKhUCgUCoXiVCGZoHokEwqFQqFQKBSKU4VkguqRTCgUCoVCoVAoThWSCapHMqFQKBQKhUKhOFVIJqgeyYRCoVAoFAqF4lQhmaB6JBMKhUKhUCgUilOFZILqkUwoFAqFQqFQKE4VkgmqRzKhUCgUCoVCoThVSCaoHsmEQqFQKBQKheJUqSmZ/D259iT6UvIG/uvBwMSreftqNDuSCYVCoVAoFArFqVJTMhGZxFoGn07YW6CpkUwoFAqFQqFQKE6VKpOJFkUSc++slXfu9otKaw2aG8mEQqFQKBQKheJUqSaZvP5b8ptvn9hrVaJerLXXlifU1efxBSRfMDiUsK/DtVRFMvm4f2yUo9xHCoVCoVAoFEpTFTHGM8d7xUPB0qWaZNL+dXjl/aa9ViXqxdrDw2P7ikutxqXb4eDQ1FjsuacjZl+LknLTI/YqV1SaTKyB5EPukEKhUCgUCoXSfCX38dCMKMUDwhKlmmQieQNz88vahC6z8uF3w2b9X57NWJqXZdAfWLXX1VGsq9lmnYU6ruAVlZ9MtNws+ujB4fGnT/btAAAAoJmI8Z4Y9an5pIKDJ1Umk77wi3OTiVb/IDBkaV6W0QeBxJmtLiH16NO6ur2B9qGUuhBMxqPKQ/uC8zl13XRUahkZ7QmLyu7YknnnYbWm7WF8fvdUrUiE5uST5XFRmU0q/9qef8PLLfjCC/bKOqs0mYgMbd8EAAAAmpQY+9U9mQzHprUcUpxMiuvLdtrmU+4YipunqZybTPIBxqM9yrQSVPQ7PAoOb6kL3wdHtdxythBqDWTUOskb7J7WapXtaAtNJbfg8pGTSpLJUe4jsQQAAOBmESNAMQ4sHhyeW6pJJsLGZvbr/3psTSA/PBkTN0V9tclEd5iaknxhdfH8ZGK2nOxRJ4ApyaTPqEtozfzWJzAdDc3lV2maMplkX0U9rRF7bT2VmUy0eVwcMAEAALhp1NNOyj3hpMpkIhwdnTwb/au1RruIcI3JRPDpd78smQSKksnZ7A1OJqcilgz+rB8UckdFyWTvw4H9/gAAAGhqYgToRjK5SO3JRPIG1f9TUue4unAqWZLJ5L7ezDqbS/s0fjJgzOZ6FIypC9bZXNZk0n+npmd4/SixxF5Xf+UnExGXSSYAAAA3jRgBamebFA8Ri0utyeS/HgxYo8hmRpnNVcUZ8JNh5YR1UTx3w+bH/vNDEUk9i33Qn08m87GiM+C9fdr57tYz4MfUDbY9fD6zqZ8Bb00mcm6p9gR1jeRW7DWuIJkAAACgBFeTiXnKu7XM/DWfEJx1ziysgvNM4CqSCQAAAEpwNZm4jGRyrZBMAAAAUALJBC4hmQAAAKCEZk4muFZIJgAAACiBZAKXkEwAAABQAskELiGZAAAAoASSCVxCMgEAAEAJJBO4hGQCAACAEkgmcAnJBAAAACWQTOASkklFTnM79iqgVkd7hyf2OgAArg2SCVxSj2QieQNa8YfG7esu0178dTdlk7zB/I1UvHs6f6tWZ5mp2Iuvw/Hvh8e+ffTs60fPOp/+zd5Glj18Lc810G50P8/tcPrYvrYK0t3n9qoiok3SXne5/h+edUbinT+8/O/HcdGpvp9OndqboNHsLnl8AckXDA4tiFurQ32T9hZAvZhvvm1dMfu6ykneqL0KNxjJBC6pTzLp65/fTkzMtvkCkzn72tLKTybtQylbjdgdJ86MG44mk9Hos69/eCmfnZxuJDvDLzr7lXCybj6WLB+uvjlRnnxUPjvILisjElwV0YWyO9tjE1ODobDkC9tXO6q4E1Zg7W9KvhW96Ozo/4aVHiXKdxNpezM0kFyiuzUQic+OTYx7AlMyyQTuku7GsjvpxdlZ/+1AaK7WDzpIJrAimcAldUomg/qALSV1TWZludsbyP0cl4zUMdwTVo6ohGfNu9zvCEq+YNvDeKfaZrInsGqsymeVzVnlw8iW4GEy3t6ifzJktFJ4Hi1I5lGLfDLJ+e8GRcvgq4x2W/KPj/b0iYfLKIPCjNim596Ifi/51K8+k3lroNpf/PqHqYRRs/j3HVk+mv3xxdePxvJtjnPZnZTkU8bE2Z3dfD1cVxBuU/G2JyvaotbrQkY30G767kX0lkbvan+8JO41mDoVfez+S+WYi+SPy8pm+2Yeh32iTWtYmXpV2AlFG63HZl7FlMM196LDP6s9RtnU7vxQROnwj9/oj6USOWTfvLG+LB9/iPyghBPmCzYukUNsgzkzmbT7AmqOTZhpltACx2k7K1VKvNNpNavq29yY2JltvhlU93virVZtkxBvzemJEVHT3mN2xlyb2LO19N4fWiKZwIpkApfUN5nkprRxodj9RVb1z2+ST3pHtVH+avz+S2WDsW8Di/rxh1NtnFecTMYeBqQO6+Hp/Bu8SepJyG9jen3RMZNunz5gNfOMpI8VxMZGIurj3Tfa+L0B7bkJi6MvlJk2r/e0m/L6m+/VEaQoeo3qfou4b0Zqjc7kx5u4ArbDbtqbq+h12uG7xPdBddpVorB7HBT0rlRcahkwbxnJJGCE0wPJp71h5zuhnkz2Z9sea7O6cpMB9YHEpjrHtTBk7dWyvCz6z5QlAGuzBEWJcMitgaVi3wZ9nTHztCEtfohYYvyqSSaoIzOZJB73DasdTfmgJJD/EFBj9D0lmWgTDcze2Gm8CcpnSZIJrEgmcEkdk8nZQbBDn83VnR8spgb9+WXpwdShGNNbhpK+C5JJ0BdoMw7EqC5IJiLb+NRHL0om5uNKXn2Gj3ieWiAxG5uHXPrvBKSQ/gl34kd1yPjDS+XG2cnf48opAVqxfrwd6lQ22/YgXnC8Ba47L5mkzd/+4VhkcEP8vyJ1WN903xT0rlTc2rvMZGLWePQzmoqSyXRU71Hqcv9bZVP+Z9taReFI9O3XytlKxlGU3KrZqb6b1tujMR37xd6jpU//+EX80lfHpXvmGXckE9SRdhRXORr8QO9ylikMFtNRM5mYNVqz/LwD42MdQEMygUvqlEz657ezO/kBliWZWHaFxnjOOubTlouTifi3MGlclEzkw9dRj7jL/pTaPjfZEwzGFrKHp5Zkou9t87vsfDIZUKdjqSWnnz29N/NSHzU+ed3/g7FcdMwE10RhMtGmNCi9zvzNHhoH6AZ7+qTb6mwuW44tvFmcTIxlezIpGGtqG7FsqnAkuqPnkImNo79NfmfpVKPr+UZoWKeSt1dWf+ntj5ekVnOERzJBHVlmc51KPuXAr3i/M7tZuy/g+fZ5didXMpnk0wjJBFYkE7ikTsnE9iGNJY3kP70+95hJW1Ey0Y6iiDblHTMRDmZCwdGcOl1nZ9JvbDyYn81VIpnkPy7K2/6bOWqMTLw1Z918/ch8D8A1UpBM3sb8sUzhkboC3a0B0QPls1nbMZPSyeTCYyavzzlmckEyUc4z0cq30cmpZ8qMQa28t7RB49I6jPZL7+84ZzbX4uNekgmcZUkm+tuZNZlILSPa3K30cH42l76OYya4DMkELnE9mYhRYEq6HcnupDtbA6vap9dzI74Hz7MbybEnEeVwh1rTFppa3NgWNVoykVfj7b7A8GxyLK7tebel1oHsjn5ys8ZIJgqPfoxlJdIRGF5KJ2JRj3IeiNrs4mSSeTkgnkl6eaH/QV/otdZKMTqY/0j7u2nlrIHR6DPznHhcK+36tbnGxS9RPyQiq3OmfX2J5fToUFTNDm8G4wui/7QZedXsXd1Dby5KJqJvzCxvj4Z627UZ3JZOaJ4BLzqe6LfDoV79GtYXJxN57bXZqbSrKXzX/6zzx7fWJmgsk6Fef8/zsYnZ4XDYo+6OjF+6OstUOddOLPSmd7Yj3wbbOkgmcJh6ba5tsVOKPAj6wsopawXJxBtof5RIL816WoMXJZPEo2DnE6WN2ALJBFYkE7ikHsmkSR19Z5z4/nV4bM9yyWDcBLbTV5xxvKFdgVqUzkGGqQCAa4pkApeQTCqyl93Z2/tor8UNUJdkojjaF50qy7WCAQDXF8kELiGZAOWoWzIBAOC6I5nAJSQTAAAAlEAygUtIJgAAACiBZAKXkEwAAABQAskELiGZAAAAoASSCVxCMgEAAEAJJBO4hGQCAACAEkgmcAnJBAAAACWQTOASkgkAAABKIJnAJY4nk4Xt07mtk7NP9nqgNNFnvnz50V5bocdLl3dR4Fxvto7tVRVKb+0fHJ3aa4HLiG5zWHPPyWTZ+6FK5XQekglc4ngy6Xx9eRvgXCLT2qsq1PXXnL0KcAuxBFUrZ2hYmngHt1cB5Smn81xpMtlYqnV0gMbheDL533GGhrgyJBMAjaicoWFptW8BN1Y5nefKksloICjdC7cPpewr6k/yRu1VqD+SCZoJyQRAIypnaFha7VvAjVVO57maZDLzJCL5gidyospkkopL3oA/lrHWtXkD3dPWigtVlExCrYGsvQ7VIJmgmZBMADSicoaGpdW+BdxY5XSeuicTny8gUkRBaeld1M//qz6Z3A8MSN7efM3Zgv/7EceSSWJk1V7VRHILvvCCvbL+SCZoJiQTAI2onKFhabVvATdWOZ2n3slkoTCWhNO71hFnwtczPr9Z+Zl8qXj32Ox9X8CsOHw5MJyIO5VMEo+CzZxMZDnUkf/RuYZkgmZCMgHQiMoZGpZW+xZwY5XTeeqdTBKFycQWCdS1rbHCyjKk1BAyNxJMqKlma9zvDcjTUS2ZiJTi8UcXN9L3bwcm95Wa1aG+wZ5gf2w2saPc1J5Gd2sgqR25ySWk25HE3BufL+DpSchnB/13A/M729mdbbFy0K8N4lNiwePrG5uYDXYEIkm17mxB8o+IZsmJqKdnSq1qGCKcuHzkhGSCZkIyAdCIyhkallb7FnBjldN56p1M6jWbSwshkm9A/BvpCHi+XzCTSXEzkUz0LKESyUTEkkljXBFqMQ4gpOLtXmVZhBDzmIk1maSNdpIIMOpmJ41mkrfPWGwUp9mxgdhqrZfVLx/JBM3kZiaTW5//URR7LYDGUc7QsLTat4Abq5zOU/dkIquDey2TpI+PFyfiwa5esTy/e1p7MlEOlSjnvvcqwcNMJrtLw+GIR01EZjIxI4SspAjlCZg3/YXBSb44mRh1ejLJPgsPGk9fahkx1jaG7KuopzVir60nkgmaCckEQCMqZ2hYWu1bwI1VTudxI5l064P+gqMKNV012Egmh2OR4Y0F/SJdejI5ECEhcaY2exu7IJlEZTkjtepTy/LHTAxlJhOhs0V9aa3hxvpiFhFLBn92e1xFMkEzIZkAaETlDA1Lq30LuLHK6TxuJJPEo6B5OKJA1d+0aCQTWT4Vmz3UFo1jJqKmLTSVnJuSOnovTiZybjqq56JcQvIFxyZmhx8P+DvCoiL5pLfzSSK5s3J4STJ543u0ZFQ2jOyrAfdjiUwyQXNpmmRy6/OH9qqLkUyazd7O+y17XXWSq+p5nLj2yhkallb7FnBjldN53Egm8tyIR00mk8oMLifkk4nsMQOPkUxmHoeVk1t8wfRxskQyUVNNb/9b5SmNhcPi6Xlu9/nD6onsZxltMlj6kmSi5CKteO6NGGuvvdyKvcYV9U4mv/7Fbz5Tyz/9+qtN7aCZvK7V/OP/+MPkRr5l6M5X//TPSv1//vAmXyvL/2lsQS93GuyqBnCTLZn8WVKG7KL86re+6U2lZuIbvebWv/p+XMk3/vG7u2qz1v/4bsysvEIkkyaQXF7XyvuND/Z1pdWQTNbXNsQjvlvd1B6SZNIoyhkallb7FnBjldN5XEkmwnG6PxzP6uPFJtHuDeZvvBowzznBuVxIJv/5Ul/+7Bdfqf+vm+lCrP0ivC4WfvfL37wz++Huy8+kH40bOpFPft2ntLzUx5j/s1902mtxMxQnE3P5d+rYXSQT45oZcse/qmvPEl2//eOEeb+T5K3fhowbii8+b7fevNjBrW+sH7bUpMxk8mO78hJIJteTSAW76sLu+sZa1raypPKSyUZqPbm2Z63Z29jYUC99aSKZNIpyhoal1b4F3FjldB63kkkzCrYGhudWsjvb6aU358xVQyF3k0mr+n8+mXz5i9/8blC8s777zDeqNzLqrTflwmSyOdj62S/+/d3O3v//v5Q8kwp/9dkv/5Da2Rvuuy/WznX/n89+4c/uFLxh44YokUxuFyWT4O+UGjG4v/W7R2Yzs15znNu59XnrbnbnWJYT3V/e+pfWdHbnq9/+Ubvy+a3f94hVf/72oXx2sJt9c+vuC3HTvK+8NvDF732JlZ3d9UUtOaQj7X/+xvfrr0Lx8UV5f1q9e3r+eejWfyjXM1yJtN/6/Eux8wq2faknk7WBjlf6xm5JA8ozF/f6t7vTM9Px5wPiQYN/+KN4RJLJ9WQmE5E0VjaVnWdydevd+63NLdFLjzJrG+839vay2eSyfux4eXk9s3uwub75bmVDTSZ7y+v6cEFkG/XEzSPReCW9k9nKbh8cra2uJ1PZXC6/Wz7IZFa3CvbSWjJ5t7y+sqFsKrlsJp78xnEdlDM0LK32LaD5/KmIvYWqnM5DMqnB7pJPOwO+JTg8r78v4CKuJZOPydF/8r9W6/Rkcvzh/Wf/87765TZT/6P7neVO8ndflEomX/7yN78OvVeWMsNfPj/46U7BFK9U3//hmMmNdVEyOc4lb/1bj2xNJoeZW79RDoYoM77aXxj3UMS/zqcXWTkioR8z+eLzLzvG1e0neoLKFc8nzdigWrUfM1kbMLc88c2XE2dKMvnV19r3Ocl//771R+PJasdzvvqXP37Ru6jcPlu8KJlY7yUbL5Bkcj2ZyWQ/k1lTl5LL6/ohjd1tkRa0xfTqurpjPUiuKN/WJcunO+kLksnu9mrmSKuR1TvajpkoO9rl9Y1s/riJeA77W1tiO9rpoySTa6ucoWFptW8BzUcM7ayxRNy0t1CV03lIJnCJC8nky5G97M7ej0/+7z/+XvlgWEkmraOiZnZ0+LNbX4WU82sqSyb2007O9ia//eqzf/5qUX3vJ5ncZMXJZDe7s5tNJsafajlEJJN5pWZnfubFr/7Fp7UpM5noJ6io5XcR5UqBD//jy1/9xze7+kTEc5JJPrqoyyKZmG8LHZYsoeUlkUbMtRclE+u9ZJLJ9WaeZ7Ks5RJLMMisrefnWW1tpfcKZ3Dpy/ZkIu5l/bDtvGSiONjbMyNQcnkjuayeYqXfJJlcU+UMDUurfQtoSmY4uSiWyOV1HpIJXOJCMjFnc/1On6OVn8315z/85rP/9ajS2Vyf/cI/vKOkHaV80K8k91Nf52e//HeZZHKzFScTc3ngqz/+vXA2V+K/v4zvXzKbS7Ymkz880lKNUvSLD8p//qb91r99oy6STFAgubq9nTvI5Yy+4lYykS1ntohkspFa3zUuuEkyubbKGRqWVvsW0Ky0ZGKvtSin85BM4JKrTya/VgaFFZ0B/+Uvf/NP516h62VnaI1kcqNVmkx+3NfPgE9cfAb8rc+186PkLz7/4x/UQyU2xjZXb31tTya3vnqqLca/1mdzmdlDLJvzsr5Qc8V/GIdilE1pyWR94KvnaqPcC2ZzNZz8eSZmjRkM9naWjdlcayvGbC4jq4hcoSWTd2n9ol6izfmzuVLnz1jOzx9TtynySWpHueKlefxENCCZXCvlDA1Lq30LuLHK6TwkE7jEhWSiT7v653+f1d9D9asGf/bLL/78Ov+Bn3nV4P8vXHDVYI3t2lzZ18P/qG7zp4ycet75xf/8QtzxiztanjmY6/OLm1yV7QYqTib6/Kt/+XJgThmi5a8a/PkfH/6Un7SlXTX41udf/u6/7VcNzoz3iFXqpc5P0j+FbqkXF/67Mldm9df/qmynI6acdCL8ud1XkBDWBjrGM1+obe6pj2VNJkL823blQf+1NaPH8tx85FtRczvy5gvj2lx/bm9V7j6e0c+AFxHrG/Vev/lS+XvKvfmV8XK09rg+SiUTxcnyijLXa/ODfuH+/Z0dZepXamd7P6cdP9lULwEscsX+zpZ6Bry8vbGl3Ssjevr+h3RKaWBucTezpc0fS23qfwh62tnfXVXnd2kP8W51a/PDPsnkWilnaFha7VvAjVVO5yGZwCX1TiYVWxk4/3gIUIYav2mx47d/1C6T5QzrbK56IpkAja6coWFptW8BN1Y5nYdkApdcu2Qiy+/6vvqiT730FlChGpOJsP/q4a+d+loSkgmA8pQzNCyt9i3gxiqn85BM4JJrmEyAqtWeTBoRyQRodOUMDUurfQu4scrpPCQTuIRkgmZyM5MJgEZXztCwtNq3gBurnM5DMoFLSCZoJiQTVOEf/uEf7FWAu8oZGpZW+xZwY5XTeUgmcAnJBM2EZIJKiVjy44/2y5QDLitnaFha7VvAjVVO5yGZwCUkEzQTkhdgwBoAACG1SURBVAkqxQETXAflDA1Lq30LuLHK6TwkE7iEZIJmQjJBRbRYQjjBlStnaFha7VvAjVVO5yGZwCUkEzQTkgnKZ87jIpngypUzNCyt9i3gxiqn85BM4BLHk8nvf2JoiCqdfbLXVIpkgjIRS3CtlDM0LK32LeDGKqfzkEzgEseTycL26dzWSe1DTNw0os98+fLynWNpj5cu76LAud5sHdurKpTe2j84OrXXApcR3eaw5p6TybL3Q5XK6TwkE7jE8WQidL4++P1Puf8dp1AqKKLPiFhr70wV2jk46/prjkKpotQea8XgUrzBix0phVJRKWdceKmT07PiLVMo5RTReez9qQjJBC6pRzIBAABA0yCZwCUkEwAAAJRAMoFLSCYAAAAogWQCl5BMAAAAUALJBC4hmQAAAKAEkglcQjIBAABACSQTuIRkAgAAgBJIJnAJyQQAAAAlkEzgEpIJAAAASiCZwCUkEwAAAJRAMoFLSCYAAAAogWQCl5BMAAAAUEL9k8nWQjAU1UrmTK+bGYppNTObpwWN0bxIJgAAACih7slkdahP8ga0MriqV7b59Jr2oVRBazQvkgkAAABKcC+ZFIaQ0/MqK5WROp7b63BdkUwAAABQgivJxBe8HxoQOaT71a5ad+pRYknQ56spmSQeBUNdAXstriuSCVCunanOlqC9sojn9oi9CgCARlb3ZJIe7gtO58w0Ihayr6JaSslNR9uH0/Y7lOlsIdgSyD4Lj+3b1+B6qlcyOU633w6KHtXWFR1MbNvXAvWUjMe0w7++e5FD+8oa7Ex2+i7/2EXyDdircDNI3nBsx7x1IN2JLWqLW+NtT1a0RetUarX0mXcAgGur7snEQgsnSjEOnlRv7GFA6ppU9sid43rVdDQy1BccmppMKrcG/YFgbHYsNiL546vqmfeRu71jcyvZ5QXxBMztwDX1SCbB1oDUGrXXFvLxfoz6EDuZyPKxvRaov+HOgPnedzgWiajvekKkI+D3BoOJ/KVl1HxyyU4SAK4PN5OJnHyif4RzYl9TMb83cP+lMnj1eHv1qumodZBqfj7kMVqaxD692iM1qF49konk7e1/a7u8W85/VzmEEnyVETeSxqeGk+q6zCvlE+72nvH5nHp7c9ZjXIxBe/OejykH9CRfcFK7alwq3u7ty7waEZUe5Yifro1wC6X7FXeDnNaF2rpi2m0xLkyfpUQ3aw/NymeZyZDSIfXeJbYQetPf1Sv5epX+mFtS7vgwrqxQOp66caOLtnUp/VPrwKL4xdaUJ2Ds8bRmreHu2JJ6OxF8fdzeqrRs79H6PppK9lnYfI+LdQWMi8sob4hKaHmodA8NyQRAY6l/MjnTh5jaJK77oQFjWpfi0LiOcIVWjNGkUhLaRqajg/mTVpQDI/nSkxBV6YnnPvWtWhRzPw7X1CGZJDyPFux1hm7jLKb8HIb92Xati2yN+9Vhn+QNqytOJwOBrPg/+bxzTIsscsQfUCbnqAPESbUuEzOnDiY931/4uLgxUuph2wIisupd6CyljQ7FuFCrEf3HPK3OY/RJSf9g5VSE4eC00udFs8mzfDJpLzziJ/nV3GLe1EecB1KHHoRyrwbUj88TUsuIViOegP1ZohkcjD0MaEdKjP2YsotTpnLtTGr7Nw3JBEBjqXsyqccZ8Invg8axa1lJKQ9nlUFkQTLZtr2Fy29j/pjyIbow+oBkcgXcSibH3fd6tfxpSya2Wdei5r4vsHp4mpmLtatz+id7LB1D607mR9cKZepgxt79cGOdk0yUuaPmstrx8sHAsoMyO5W5mxJjx4JmRsc7WR4XfdXXFdWOMydjEcnX6w/l76X8l4p3T2sVyg31g5hEftdasGNEEzlL+B4nxW+/c0zfW0Y6Atqb3OFYpP+t3opkAqCxuJJM9LFgfjKMdvzEHDtW6n7huaGSNzy8ZX8Dtj6c4nX0/it9BoXfRzK5AnVIJkkxNFSOdVhM9gSDsYXs4emg/5xkMrqznTWKbAz7pNZwcEKZ33dZMlFmSkSScrCleA4PbqAD87iEyfFkImSWpkJdvdJd/ajIYjzmvxNoCyuZnGRys51Kd2LJJ73mZWB8lk9ezOO6JBMAjcXFZOLLR4XcdC3JJJM/610V6wooX2xiewM+29Uu2dTeE09sKRXdfuWmpyOSG4uQTNxXh2SihEzJr4/YNOZ4zlN0zETen/Wo8/pMIr0UnPKkfPqoz+bq78jP5jLXZ2JhMZS0zuHGTRZqDYwaZ4xo2vOzuZLmbK4ak4lG9FXrTW3tObO59JOhSSY3QqglkJ+4JfZvllmmHqOeZAKgsdQ9mchbC8FQVCsZ46ySmaGYVjNT+L6OJlaPZCKcpBO+FiXltnXFZnaUU4GV/HlvZCakJxPt/HUtkWTn1YMkLcH2B89l+dTX0jc2MauUWNQTVk4dTk8ojQvPgLeOCA9GHxjnNQGyPBoOax+y+O5F1IpjrQtZz4CvJZlEuvRPdvpfK1Nhtas7iP45s6v0z/yIc3fJdgY8yeRGSD430khmuFP9MMVw+FI744hkAqDB1D+ZAKo6JZPq7c+a87NlyxixpJVIB1O5AAAA6oJkApdcu2Qip6SOqHLOyXIi8iA4uHrJ4bv0zna7L2CbDwYAAACnkEzgkuuXTAAAAHCNkEzgEpIJAAAASiCZwCUkEwAAAJRAMoFLSCYAAAAogWQCl5BMAAAAUALJBC4hmQAAAKAEkglcQjIBAABACSQTuIRkAgAAgBJIJnCJ48kkk728DXCujwcn9qoKHR6dHhxd8u2caA7prX17VbU+fZI3swebNe+7xFOi+90E4rd86NwvWut+9lrgmiGZwCWOJxOxEXsV4BaC8c3hbAY4O3NgdOjsU8J15uyuRoST/cNaP5cB6opkApeQTNBM6H6omhgdAmVyfFeztuXwBgFnkUzgEpIJmgndD4ALHN/VOL5BwFkkE7iEZIJmQvcD4ALHdzWObxBwFskELiGZoJnQ/QC4wPFdjeMbBJxFMoFLSCZoJnQ/AC5wfFfj+AYBZ5FM4BKSCZoJ3Q+ACxzf1TiywUz2QGyndHHwesfXlniNxS/cVpy9utpNQDKBS0gmaCZ0PwAucHxXU/sGxVB77+OxvbbQJyce6PoTr7H0lfbEWvGzIpxUhGQCl5BM0EzofgBc4PiupvYNXjoc19T+QNdfOa/xhoQ0B5FM4BKSCZoJ3Q+ACxzf1dS+wTK3cEGzlNQ1mTVv7c/e9wX05cTI/Zf6W/+gPyB5LcUfN+8hT0fPry9DIqbftzu+Yl9XlQteo12JZhe/hJT4IZz/g7pA9kVkct9eqSl+lOKaQsqjKz8rX7B/Im1fKcudlz2ZWpBM4JKrTSbij3DVXueYy/7CUZP00lvrzQp+6/VUUfcDgOo4vqupfYNlbuGiZn5vwB/LaMujDwJSx3NtWYy8Pd7w8Fa+pTI47knkb2umo4Mpe12lxOPmB/01uOg12pRoVmr8sDV+7g+qCsWPUlxTSEkm2tJkIDh6QeCpE5IJXOJiMkmZH6i09+h/e1eUTHLiOdjrUKGv//SnvTN9Of3s4f1n53x+476Lu5/D1lbWVzYueSzRxl4F15xlPL7A/WfmWCnj6UkcWhsANbhsV3Pa3hLwPZw0b0stUcvac1y2wcuVuYWLmsW68sc6REppH9L/diTfQLAl0PYkfzSjnGSyOtS3qv4NSt4BcTPzKqZ90j+f09af+juC6mBgPH8fZbQdcOSP9KLXaFOimfaj0J+2yGyhWcvK7eIf1MyQfthn8GflFXZ7A7mf4/fvKD838aPQ+8FZpv228qq1NrL6KN3+oPixtHXp8cbc8rx6HMkfns0Y77OqfDIRP/DQnPK/uMtkqE/8nMeO5XZjbDPcE1Z++L6g+sZ8/k+7UiQTuMTVZGLuy1Lx9mHl76WSZHIw+qCyOHF+MsktSa0R868XNTj905/+9HX4tYgl4l/7yitS1P2Oksvr6czu5tbu2trmh8J1aGJimCWrn2h6Hi2Ihf4Ot//kU8vrJ/lbuWRqV9t7Ztc3kivbWu3uttIz36+si3+Vsn3RzhPXTtGupkD2WXhRlg/HIup73uni497FgvHlOUpvsBxlbuHCZvmJSRmpc1w/KJB8rkzlmhvxeINmwzKTiSdgjOb3Z9uNdX71zTc/A2pr3Jgqdpp9PdL+ZEmvr82Fr7FQiWba+OH8UUT++Vt+UAZtdCGSSWRVvwZaPpkYRJvuaWVB8vbqVbkpLeHojyh+7K/U9JIQP3mjjSKfTESnGlOPmYjIoQcd49GTT3pHzarzf9rVIJnAJVeTTOSEFHojq3+E8z+Pi78r8wMDQfsIYT6XitzNDya67xjHW7QPcnJLyucBLb35jxM2Z5Wa1rD592jsU3LtrcodO4eVAYp8lpzcPSWZOOJ97OGfVObBkytn6367GxvL65Y9NG6MoPpmvDrYp48wWkdsDepta219y4wm2e3VzJG2qBxtWy44mJZe5dha47n4nU4xE1LfYlbjyoB8a9Lvyw/rL1J6g+UocwsXNzsYexhIiv9Tcf8zPTwnvg9OKrv3hVBL/mjGRclEe4/W3qbFcDwfVF5HBzf0xf47yk9G8vYZ65LaYCA3HbWGnxpd/BoLlGim7ze8wex5727FPyhTt5FMzJriZNJtJpOWEaPuQOpSWmmPmx7um9Gq96c6C4YrejI5yaU9Rr3lh6knk/xxFVXxT7s6JBO45EqSyejD4Iye9XtDP6ufKxgfGIg/eO2zpcXHvdJ5f5Cy+nmA5Itoy0bGOJA6YlqNx9sbUfYZ+l/4ZM85IYRk4ojyk4noXVpLjbhpb+EQW/dLFg4BhczaxvuNvWzuIPV+I72n9L1kanstldnL7b9bXl9bVddubSVTu2LV8vJGan1ra1c0Xt/azGxm93Mfcsll5T32/fL68vpH+WDv3fvtXG5/LbW9eaAEofebudzu3vsNJQ691x79YO/9yvr6dm5ncyu5uqM+i713Kxt6zdre5X9UqJw1mSQeBVc3p5Qx051LZtQ4Kid+uVo2sRw/OUqubH/Y2Nyw/NZJJo3o4nc6hUgmyjheTSYeb9/gakZ0v+4x28frBUpvsBxlbqFUs7MF3+NkpCMfQsywocwsMk6uuCiZ2I6ZmMNxsTy6s501iqxsdsC8mc0pVzru9lqSTM1KvUaLEs3MoyWL8Zj/TqAtrH6yabL9oM5SUmskvbMtXsqFyeRMGcNEJpJaGz2ZWI7JWI/SiHHLfOFPzKCef69U5j9xk7z53Zp5xMaskc/7aVeHZAKXuJpMHk6pfxsroc7goHqg0zqbS1vOZ4ZUvDA/5JNJt2UKrPgDVraQimt/57Jlp6n/zZ/tenyBzsdT+moVyaR2IpZ8HX6tZhJlWtel4USodyyRi7pfctly2qZekx8caMuijbbj313f2DTGj1r8WF5eX9nU+vyekkNU2jjSSCa7795rYUORXd94v5U/J1FLJqK9lnO0ZXVze8k1fWaZeKD0nt4eDso8C8eWtz3eYGhuV3ow1a59arg/pc3MdofIuuqhklOzH4pMov66D0Q+Mc/0JZk0oovf6VRbk50vVrpbA9mxyGgurb15lZ6QfMkGy1DmFko3EzlK8hkj3eRzM43I6ieJ2kKlyUTen/UUtr/vy09A0iRn3yR3HfsKyNKv0VSimW0eV/GYoeAHNR3tN64Io32iek4yUY4p6T9AJabqs7mMw0TGWfXmbC5zkFPIcp6JoTiZFM/mcmTmAMkELnE1meT3TRntchZuJBPhMNXeEujMnwt7zl4Gleq0pBGRUr77KT9Av8iEeuTEXuuoomSyab2p1OhHLdRlNX6IGi03iGRivgmbyeS9PqS8IJmId52V9Xfvt/SZOicHSTEYXdfHnFoyMVvKyhGbdfWx8lsjmdRNTjkDPraSfR2NbZlv3sni2Rf1o4bSrHyy9y6tDwzWVta1SCp+72tGNCGZNKKL3+l06hnw48FW8V6T0Mapi497S1x46tINXqrMLZRu1n8n4PlePz4gnnDC8pFTsEV/36w4mSjj+MDobDK9vND/QPmMIPNywPfguagZmxgPqWcpKodlaphoZFP6NZpKNNPGD/7weHZnO700K7XaD7daf1Aiekn+kexGcuxJRJtkdU4yUU/jmVne1troyeRObzCeTM6NBzsC+kQSfdxyKn4gY3MrY/F4sEufIaIqK5nIuYR0OxKJL8xMjKfP+2lXh2QCl2xubl5NMrmjTL6SvMFgQv2YxPjAINalJg019F80m0v8nZuzudr0NvnZXFLhbC5T8VxMNB9b91tZ1o5R5J1zzKS2ZKIRLd+ZJ7Qo+SSzeVDqmAnJxB2ZZ2HtmkhXkkzk3I7ogSKOGuPRUxGVtZPd196vm12RZNKILn6ns9ia7J4+aKxk0hzKfI1lNoOGZIIrUPdkYkxX9d3TI37bYCqnnQH/MJ8i7neoZ8C/Hbfnh9ySMtVVuzrtcdp+Bvyuek580Rnwqy/V0/JagknL7Er7ltEs7N3v5KN5ba71dSVkiPixuq6cZ7JmnmdSSzLZ21nfyuU+5N4tb7zfOsqsbWztHmS3d7Rt6ueZnHwUd1nbyu1sbZvnmZBMXHEqdcS089ZiXYHkTnqsJ2j9DNgFB5mMeeBOLFsux7C//l4/fkIyaUT2Xc152ozZOyIhj6pzCwvXFyhng6WVuYUymzW0Ml9jmc2gIZngCtQ5mVTIPpsLuFxx91POMl9eF+XdinZ1mJPlFeXmspE5akomBx/eqRtf2z44EVvIaI+1kVVnd+nJRDhSTq8X9foJ0SQTd6TGQ3PGzPXdN8onFHes8yJccbCb1M9EUqKIdQcqgsqa2vNIJo2oeFdTJKVdsVqhnu5o+Xadc5SxwUuILXyy152j9ge6/sp5jZ/KawaTe8nEY7nwglnsjXAzkEzQ6BzrfgBwMcd3NbVv8PDoVGyknGK/Z9MpfsnnFvETs98TF3MrmSSfixxyPxQNmqWr1zodv3Kn2eSU+q2fAX8onrBfF6eUQX9gdCk9+fZA8gZDP9vXOsI8OQHnSl2rZAJUju4HwAWO72oc3yDgLLeSifrNONYK5Usk/PHJx7FE/tKXFZgMBcUGux+Pj8XjHl/EetmyS/mMZyL59DOYHSf5BuxVsCCZoNHR/QC4wPFdjeMbBJzlRjLJvogoc7d8vfkDJiElqPS/FSEhPFzJ4Q7d1rj0YKqSMFKgtmM1F/LUZ7NNiWSCRkf3A+ACx3c1jm8QcJYbyUT7jm0pMGutFDUJ9aJG5rdMlG91qM/8rhmryXBYUi7HNDKW1q+OJPnHh3vC2rWVsmeyvL8w+EBpox3AkYyvAs3Oxy1nv0RlOWG57GzC+EaLRGhOvZpTl3LB6JN0oq1VaT+6rDzWzPd92t2162qbV30Wj+5rCSgXgDK+2afbG8i8iomWHsvzvGlIJmh0dD8ALnB8V+P4BgFnuZFMzj33XckGqfi5AeNSg379myisMrFw/1tt9J+JdQW0KzZqCUSV077XQq3UD24YyeRA+zI+WU7239Han59M8l+iaSFeXVD/+p78MRMtmSS+D5rTzEKtAe1qPCKZTGqVP8fMeWU3DckEjY7uB8AFju9qHN8g4Kz6J5OzheJMopQHUyI/2BuXR9xxxl4nh4wvDVWk4tq3XFm/sdJcLkom28Y35V2STMyvA1fsLrXfUc51kcyv2CxKJn5r8JiOhuaU/y1f2Kl/KdINRDJBo6P7AXCB47saxzcIOKvuySQ3pp5kUlREcuisdly++PicM9drSCbKcY907jjxuE/yaasuSyZLz9t8geHZZHZnu51kUjmSCRod3Q+ACxzf1Ti+QcBZdU8m3UWZRCs5+VR6MGVvXa6c5A12xlasVZlnYeO7rqyzucpKJsFW2zStlNQ5rk2+Wh3sK04mg/6AdFc7zHJa4phJ4lEwZpzfb53NZbQimZxTSCZoCHQ/VO1TOV9TB6gc39WsbTm8QcBZdU8mwZaA/mXEhbITAzHt+2qrc7abjMf07zP54U1WrZuPKZf88t0bGV3WT+8oM5lE/EZk8gUzaqSZH4q06Weup4qTiXj0mcfKmfTtodn+O3oyybwaETUx9dufzccaC4e17cxs5s+A1xZIJucWkgkaQiZ7eRdFczhw9FvSzs7kzZo7j7NPCdeZs7sakYr3D88dlAHXRd2TSS6hjNfPLYf2tlfkLOW5Gx2bmBVlOBz2PFqwN4DTHEkmzu6vcaN8PKj1vfnw6JTR4Q2R3qrqW7fOI8aFIpbUnkzEU6L73QTit+zg14dr3c9eC1wzdU8m199MKLBo3jhL1TDHDOVyJJkAAACgmZBMhNPue8pVtjy3+/yhcftK1AHJBAAAADYkE1wBkgkAAABsSCa4AiQTAAAA2JBMcAVIJgAAALAhmeAKkEwAAABgQzLBFSCZAAAAwIZkgitAMgEAAIANyQRXgGQCAAAAG5IJrgDJBAAAADYkE1wBkgkAAABsSCa4AiQTAAAA2JBMcAVIJgAAALAhmeAKkEwAAABgQzLBFSCZAAAAwIZkgitAMgEAAIANyQRXgGQCAAAAG5IJroALycRzb3zVXueypfZYyl4HuIpOCPf03w5qC+3eQOEaneSP23bL8z8E1ZpE+5DaUXemgq9r3fkDaGgkE1wBp5KJ5A1IvgFrjd8b6J5WV919nrSuKO1s1383KLbW1hWzr6reUtvgir0OTUQMvyIFnWxBdCF9gFUFOiEqsrvk8YkdYDA4tGBf5ZzhzkD5O9JQqx5IKkgm4aC6fTOZTN5/VdbOH0CzIpngCjiWTHwD9x8GMvmKlfZQVEsm5Us8EsNB/aM+WT4Wy6G5U2uDivi8fZfWoDm0e/uklhHz5tjDQLevymRCJ0RF0sN9kjdSUPU2NlhN17uE5B/xfF9x8ik/mRiMZGKQvNFJ620ANwbJBFfAsWSivHsttD3RPhU+TXwfPEzF9WMm+ltgwnM7ODy3shiPtvkCh5b7miRvb//b/M3Fx72SVzkOIzZu1OnvmrFAODg0m91IiruIm6tDfZIv2PlkNruckLx9YlhwktsWC9md7RPjXmZNdicX6ci/W1tHtGhQIpnEuvKdSup43m0cMxFdZXFjezTUq3eV4b7BVZE0cqMPAqtn+S2Y6ISoyOHLAUuUVX7p2fhA/7zyK5bV/mZ0CXN6VZ/vdnhsYla5sTXp+fa50oV8arfcf6Pc3En3P4hN7pubVIhHiSSVA9HazWCLvqAEabXz+B+IO253tgakh8qWu42WRjLJiL6q/SFoRxellqDndiS9sx3sCMyojzXZEyiYzaXuwA93RY8dGBU9dvfgvs/ssQdS57ixDKBpkUxwBRxNJsYAa39WeQ8rSibm8EuM4c79EE7yRkat78evxFu+8gFz8aDQ1K2+WSqDQuOd2PywXLuvSr+XWZOJhcf0B0pW8TEkrhsx2hNDt+Et7daKSMhmMtGdJbSuIn75okPmxiJiLJhfa0EnRIVSsW+Dvs6Ymj9V01H9mIm2J1RNBrS5UkpUmFQyi3Aw9lCPx8OdaqJIxS842KK0FHcX8Vs7Li0CSUJdCLUEPI/ynUfthEpHLUomhjOzH/aGflYPBuamtJpzk4naUj9mkvhefwny/pQ/ZjlADqBJkUxwBZxNJuL99VD9V3mzLEom+fGc+c5dqPxBYXo23n2vVzm5RX3fNd+PhUF/QOpR3rVLDAqNz/yUYzvlT93GtdWu/GZPpQ7ljCbxO82qIzOzq/halH5ixoac6Ff+C6/KQCdEVU4He/o86i/d3L9Zu4S5P8xHhVS8Xe08RlFa3r8T8HVF8yFHlXwiullYWdqf8j3WOsuKmmb1Pi+MhsPW7RQlk2PRV7U/BL0fWmZzacuXJhPjQfX9PICmRzLBFXA2mcj7s/5YRoy3lM/TKk8mfm/A+uFxf4c+MyH/7r6vfry3M2l+YhfMf1xd0aBQVubSTEf193s0ODWZKL9T0X+0Q3N6Msl3lTdaVxHavEHRtfRBZBE6IaqmxwBz//Y6mv91T0e1WYL5ZJI/jmfX7gsYM2MVHm/A/3h2bEIpIlrcf6nsk5WZXYkR7TihcghFPfainvRyTjIxp4GJPwS9H/qiM3rNttQ1mS0rmcj3fcqjM/kQuCFIJrgCDicT5TO8Pn3EdnkyOU2kj/UalXrysTJlX5U/+dg8wTQ3FlE2kop3junPylPlx9XKXJrBHn3QiUanJRPxO5V8fVqu0JOJ2VUSI1pXkc8WPIFZ+W2sTZ/3TyeEY/SeMx2NaMcj9hPdxgkhow/0K2tZplcpc7SMmV0FlP4TemPcUpKAFjxk9QwTrcPEugIiS2TVSrGwqC4os8LOSyb5B02MGP0wGEyos7m2xrU99sXJZGDSePTE90GpJ25NTQCaGMkEV8DpZCL33zEO9F+aTPbfSN9O2mcrGxds9dwdMetyP8e1iQqTmxltI8F7apt7IzOhCweFmVcjoo36wbj+0FqN8YFfwfs9GpqWTMTv1Bz/mbO5tK4ylj7WuorHPFn5LCk9mKITokarL6Ptd7TeEjZSxml7i/krPr3foawd/llfaTvxY7hHmYXluxfpn96W9xeUqw97A/2vd80GlvORVOa5K/uzlgu159qUR+zNpsbbz0sm8qZysEX7Q9D6YdtgKvfzuKhpexjXWl6UTOaHIj7xrLq0HXxS7OHtfy8AmhTJBFfAqWTitNxFJyg7Z8V65ihQhE4IFLKc0w+g6ZFMcAWuazIRw8KE1Bo9d6pD7dI72+2+QH22jSZCJwQM2Z20r9qvCQLQiEgmuALXN5kAAADgipBMcAVIJgAAALCpezI5fK2eeVl4AfXsKkdmbzSSCQAAAGzqnky0ryi2JRNR6Qudf11/3AQkEwAAANhcWTIRC5yFeWORTAAAAGBzlcmk+nCSivt6xpXvpo0rF/uvciO4OiQTAAAA2FxJMgkEQ1GtRGa37XcoRyqev4bgarx9OF2wtjYey5clo05IJgAAALC5mmRiliovUm5NJql8MtG+1/b+0FJW/XrjQX8g+/q58kC+4OTmqd5ePtW+aDk4YeSZ6WhCPm5rCfifvZv5Xn+22hfP6l+Uezd8YtwZjiCZAAAAwKbBk8lxzvzWsMSjoPbdZJmYiBO9sppMhrf0e/i1b5DdGvd79a+SzTwLh+bUuDIdlVqjejtZlsxjJql497RZDSc5lUwy2QOxKQql0nJ4ZH5UUT26H6WKIrpN7d1PbIHuR6m0rG/vi25j70zANdOoycTcgj88q9WFWvTIoeQWNX4ox0yMe4w+CCRkOfssnA8eZwnPowVlYTp6/2X+b9XSYEHqyCcWOCjlRDIR780HNb/B42ZKb+3bqypE90N1RLepvfuJLdD9UIXjk7PagzFQV42aTPQ75qY8AT2Z+L2B7M62WWQ1mZj3WB3sm1SPq0heM2ykpK5JJbpMRwctzyKfTBSnw+Gw5OPME4c5kkzERuxVgFvofgAaEfsuXHMNnkxkub8jsKieVSJSx+BqwScBIpmYkUM7iiJvTerTutTZXMGEPpvr4mSi0FINHEQyQaOj+wFoROy7cM1VlEz+H28mi60HtKHkAAAAAElFTkSuQmCC" alt="Screenshot" width="100%" ></p>
<p><img src="data:image/png;base64,iVBORw0KGgoAAAANSUhEUgAABDMAAAIGCAIAAADGMlPIAACAAElEQVR4Xuy97Xcb133ve/4AruWz9KJLL7KWV+34nLZR00ZtU5+em+t77jruaa9PTq8VlbVr12GdMokqRzmJkli5dry04ofQkmjEpG3RpGhZsiVSgk1Tok2RIgg+CXyUxAeLggiRMEWKFMUHECAhEs+4v5kBBht7ABIDAiM8fD/rG2awZ8+eAbgl74/2Hsx/eOj9CQRBEOSh98f/8H2ronDioUqxsIIrp8JxvqbqMGesEFuTziKdkcmyy7/q9rv9AY8/6A8EA4EgAAAAkBusrXu/FKGN/6D4LyWCIEh+5r6aiZRYZvJ3Z6dhJgAAAHIVcpLLIrTxH/idACTF7OI9vgiArIJG+75A0O0LOD3+VY/ftu6bv+e74/TOrHpvr3inVryTDo/V7plY9owve24ueyw299iSe8zmvrHkNjO5vhg3bLUbYqiFmzZqynPT5qaWv3J4Ju2eWw7P9IqHzjvn9N6951ta9624/WvegNcf9ApmAi8BAACQO0haIgEzAakBZgKyHRrw+wLC6H/dG7jnDZAMLLv8C2vehTXfXaeXFGV2NWQplGnRVW45vCQSX0lxCCF12ThSNekQUh1qgdqZcnikNql9OssdUUjIixbXfLZ1v93lu+fxu3wBjz9A7gQvAQAAkEvATEDqgZmAHECcNhEEgEImsOYV5k/IClbd/lWP4CoOt+AJdpcgLULWffTTti74A2VpXZjf2DRSZZt4rNSCtEEtO1x+OguFziic2itcw7rXT9cjzpZASwAAAOQaMBOQemAmIAcIBIS1Ur5A0Cve0SH5CWWd9EAUlXuiqEi64gxH8BZBXdgE4iRcIeweUlOhNkUPEVREPCOd1+0PuH2hRVykTAHxCgEAAIBcAmYCUg/MBOQMAXFqghTFL67vEiO4ihhBEryitIgJypF3JRLmwNAUTXiXdBbhjNKp/aIswUkAAADkKjATkHpgJiAnESxFGXHd18YRxSYSZYUYUZwIAAAAyHlgJiD1wExAPqOUik0DAAAAgCDMBKQDmAkAAAAAAFALzASkHphJtrPsCsze8884UxBqim8dAAAAACAWMBOQemAmWc3SekApGFsJNcifAwAAAABAwVbNxO0L3l7xmRe91xfELMrxCVliYhMytix8hybfCsgtYCZZiscfVHpFqkKNAwAAAABswJbMxOkO/GHZ3EPldx965+5D79596L35hyooCw+9v/BQ5eJDx4Q8UjX7LxdXiy6ufP3D+Yc/Wn74I/vDp+yG216+LZBDwEyyEZcvxVMlMcOfFQAAAAAgzJbMpKx3dWMz+c9Vs7u/WFpyCY8k+7tP78pm8vBpB99WivjZL3711DPPUfgdKUU6RbrPkr3ATLIOjz+YqhtLNg5mTgAAAAAQjy2ZyR/+/s4GZvJHVbeNtz0Od0AgGFhy+R7+yCabiS0998X+t8f/7g8f+WMKvyOlSKdI91myl62bib6uhU3HpFQ8zZXbo4/KVZ7U9fFFqUapEOkLf24AAAAAAJE0msnzLTbSEp9fMBD6n8Ptf/hkxEzSdLcJzCQT2LqZlJTW6t77NJSy2pohqXi0RKcPl+uP6GpvRx8Vg9uf/fjkBF8YDL71vWK+aMv85HvFT4bzk5eOLvv4CkmTbjNx+zQ1E3fqPhkAAAAA5BLpMpMftCyRiogPOxaeI+bxBT4Yc7OruZwwk9wlFWZSH3kx1BIxk7Oj4dLZi1UJmcmrrxU/uec0V5weM/k1+/KtHxRfWWcLkmdLZuLr6uGLeJTykO7wVwAAAAAAkCYz+V/6ubl74houEZ8/cG7C/QhzBzzMJLfJKDPR3w46jaXHx6OKNTATusInXzNGlyTJFszEs/zF77Q0k5pztgfOOZXlXPgrAAAAAABIk5m80HFv2RUxE5cn8A+fzDx8chlmkidkmpkEg/e4aRPOTHr0ZU9+r7jwB6+82TAilVQ+F1XhrcLif2VWhZGEnLrF7A4XciVP/uwzaeMn3ysL+hw/fkZY6PXjk2apcK73szd/9Qsq+dd9r3qiFzjNdZ0uLAytCguyZtJbxmkG90ZGGo4e2PdTOvDZH74yvR589qnIArO3etmKETb4Sq6+tuUHKm2UR8+tfLHI742ZBM2ETspfBwAAAADynvSYSef6VysBvz+kJg63/7+cvA0zyR9SYSaf9l0eCeWLhoiZHO8Il/fXvJe4mfDTJuyA/q2iYqsn/MLZ92zZFfp/j7G0hVmL9ayu7NXv/SL86l7MSQyFmTjkORPa9ayui93Xo/tpy93IS7qG6fD2lbKf6hnteavopwmayYHCYuXNLdP6X288Z7LBcxXJTPqk7av2ByqXlRWUSdBM8OxFAAAAILXcNtQLI5iEsV/rKCmtbeTuxl0e1F+LXow+2yMNw45U928+7toyqTSTv3r/q78/MfHnFbf+7Nj0h2b/rFOUE1FPltZ9j348s7GZ/OrXL0nD/YHLV+ShP+XNI295PPLIMfi3f/8/2b2UJ3f/k7xXaSYP/ac/kUq+/TffmZy89aff+ivp5T/987888sd/Kjfy3//HE/IhdM0fnvyYO8srB1+VK8iF0kufz8fWpJdyzfxk62aSMsJmQrxayNhIZEA/8uzR0DxJaFeomuPZynA5+YBPGOKH5GH8dONyaA8LZyb6/cXWcEf4iWLxmDydEuYeaYzUy598ripqj68vITNZvvhqe4yPfVMz2eDLgsNm4v3VKdvDn4d845U2Z9ddd1ev/VfjwkvriP1rlba+O66aq/dmZDNZXfvahn5CJ+WvAwAAAABbQK2ZlJQ280UxCZuJNqTMTP7onakTo66uafexodU/qZr79/bV3ruBdW9o5oTG+qVXVhM0k2/82V9wVrD7n56R6hw6ouN2STlaUSlV4Mzk08/q5TqkJVQim4nyLO9XVUtHkbRwu6RcHQz9ZuQS6eXzxT+WS4p+wI9B85DMNBN22iQyoL919s3u0KZE40uhXU/+8LRV3OjRiSVfnZaaiihKNBEz8Xk69WVP/kBYiBXexfWKW+zaMIknC49Kf6Eo7k6ZTchMusvYSR6ZTc1EqQ1y5NVcz3Teu8HvXXu0fZ02ys7a/uCLiIRIZkI/h1f51rjw1wEAAACALaDeTFr4ophkqZn8ftC95hEfXRII9s+6v3Hs7p72ld65wIwzIE6cBIRvDWaeZ7KBmVD+9Qc//N2bh1kroArdPb1sCZfhkS+D0WYiz5ZQxidCA0HZTCjf+stHD/72NbYR7jKU8XqFp9ezL1kt+ed/KZLfTj6TmWYSZKZNIgP6XuEOEy6SeFQ+V3zgC+GRoE8Wlkl1n/z1F8KxzNwLC5nJ8rJDDP/2FQu9+pR3fTz5vV+Llzr7E/0svysBM4nnS5uaSQJzJv6ZxdXvVtqkwtfOLT/8oaAr32pbo5ePkrcMRg4RzOSk7YEP7MrW2GDOBAAAABDx2JdtlMWhlo+uOun1Yldz38TceE9LeZP4H/bZnjpDS13HyPhS8MrZ2pLanvKzPX3XaKiw2FHbMD5v6677tFF87FvITG736Orkm3IZRjuM5unJkUslp0dcwSCdsaS0mX7SHmr2YpW++7JQLnvIUV3t8JTNPj95pEwvlZRU9XCrucobLNEFnqNNoSfQJU3KzKRy1Le0Hlq7RT/759zf+ECQkw/MPqsjsOwKfDLhSXDO5FTNGamE2pEH/dO3b7OGIB8ll3z9j3bQy//78b9nq0m5br4h15fNhLxFKrFYbrLNytvf+OZO+aj/93uFUiF5CFuHzdparH+yzku2biYpv88kjHArvNXHmMl4aCZEicdYKiys8kUs4vgPhaOefOkiW01GoR8RFLs2mDNxKG5iYUoUZvJq+I1wN8bIbGomCd1nMrvymGgmfe3LNVLJqlMyk8O1MeZMZr5aebRd2BsvuM8EAAAAYPCVvM2vrSITEP5vtueoIfRPloKZ6JQTHbNSBcFMbveXVPfz+6MpKW2RplbkORNq9or8D4aSmfhHyi+G/53U2hHPTIKe6SOfyXLiKaloY/YlScrM5Bft6zeWA97wjSUuX+BHTYvf/vjOD4wrX9zy984F/s3gSNBMbt2akgvlcf/U9LS8/Z3/67/LFXZ++2/k8iAzZyLnmzu/LVcOMmbyxP96Ui5kW5C33yg5JFeQp2u+/TffYevIYe91Aakwk9R+N1eEN58r/vHJiYiZ+PpeNca52uWLB773C+kmEwnryV94gg7lnIaEQj8iKHcpHrHC3GfyQ27XSJSZRN/E9Kz8Rm5/ltx9Jivujczkizuu4Tuu54VpEIdQOOp45vK6ddXzmj40ZyLfZ1LXJfhJ+A547wNVG90xTyflrwMAAADIW8xtNUPChAnhnRvVvaMvKa2VzUReTCWYiVQo4Jkb6dG9XUs1ZTM5UlZbdzPO3c6OyfL3xGZjmUlkrCSdjl3BFd6OYSbBYGNVrbCaKOiZvFg/7IhzajWkzEy+Xj71uz7PhD2wKqzpEvaSnPzz+fmHqxf+6NjUHx/b/Lu5fvni/yeN8hcWFuVCeeh/a2pK3v7Hp0K3nRAkGHJ5MJaZfOPP/kKuTMi3l7CNsC3I2x98eFKuQLIkFUozM9wpKP+w6x/lyiCTzYQcoOfIv7+6L7Ii662iGF9pJUEqov8Zu3ZrpFJ/Oup+eQalfsgod10p+2lj1BdwRb6bq+W14p7Q307SLua7uYIL7F0oy93CUjT55c9jfTdX8MuqdzdbHqo0h3SHvwIAAAAgXxmu05eUhSSh40RtyfHQpMfGZlJVWlvVIQ2Yb0TmTILB8xW1zCAiQsnbbaGNRMzEP3LUOBcqub2RmQRFOSmpaEuJlgRTaCYPvTP32IdL3XcCd8PPWKSfx6/d2/nB1MPHbQ9/aEuhmfzxn35LrkCqIJcHGTPZ8ed/KZdfuXJVrp+4mfxL0Q/kCpXHPpAK//bv/ydbh83q6qpcP8/JbDMJBp1d7IA+eOvikz949crY7PId85Uu44+fYiziy6pnwzeZSDz73L9HvicuGqV+yMTY5Vt4svDff3Lks+Vlx7nqVwt/xcyTOM1PPvXrka+EW1Za9GU/r7/Fru8i/dB3meeWHSNdXzz5vZ++ybwR59AJeiOVDV3igSfCt8HNPln0OyoZGVuQa3IozSHd4a8AAAAAyFeOlOrlCRMa25R8PChs+S0bm8nR0trjfeIy7tE21kxIJKq6IgNpmZL3OsT/X0zITII2+UTU7MZmEvRMp0pLgqk0k3fvfv3d2YE534o7Yibtt93/49RXqTKTl185KL/81l8+2tR88Rvf3CmX/L7snSBznwlt//lf/rW8V5aTTc3kr//m/5Rf/t0T/3DufMO//uCHcon5hnDLClv/xEeR7xf+2//nu3Kb+UwGmQlIgA1uNUlHcJMJAAAAEGKoRVxhJYYGOf7FK3UNtK2/PLexmQQXRvTVwuqsvjlPlJmIkxi3Ff8GOGZopMofGSaOJmQmQefNHuGSdPox5+QmZpJSUmYmD5fPXrzl9opPMAmKWuJwB57+fOHhY3dTZSZBxiu4/MVf/1epPvetwRNWq1ynp1f4h+dNzYR9yeXZ7z8fs37NmbNyCeQkmAozidz+LmZ8SSq2ceXCl0iAVKD0h/SFPzcAAAAAgEjKzOS/fTx3d036fmBBOXz+QNeM95Fjcw99sJRCM5mcvMXZgpS5u3el+sonLf7Vf/k/pJL//I0/67pkSsRMGi80f+svH+VO8fU/2iF9ZbCyfjD6G4ptNuEr2PKZrZsJ0Jj5Nd4f0hQ6EX9uAAAAAKSU24b6yFSMNBuTJaTMTGos/nWvdOt70EtaMut5pHLuoeqlxM1EFT29fe8efb9/4DK/I6W0tXdUVB5r+KKR3wE2BGaSjbh8Wqzp4s8KAAAAABAmZWZSctn7lcPv8QXc3kDHtOfr788/dGxxAzNZ2ZqZgEwGZpKlePxpXNblgZUAAAAAYEO2ZCZ/8s6cbCbfqVlqnvZbHYGb9kDxF4sPVS7CTPIWmEn2Yo//eJOtxI4HmAAAAABgM7ZkJg5XgP1urj8+trDzxOJ/qpx/6P2Fjc3k+A033xbIIWAm2c6yKzB7j7eL5EJN8a0DAAAAAMRiS2YSFJd/3Fj0Xl8IZ1GOT8gSE1soTi9GKjkOzAQAAAAAAKhlq2YCgBKYCQAAAAAAUAvMBKQemAkAAAAAAFALzASkHpgJAAAAAABQC8wEpB6YCQAAAAAAUAvMBKQemAkAAAAAAFALzASkHpgJAAAAAABQC8wEpB6YCQAAAAAAUAvMBKQemAkAAAAAAFALzASkHpgJAAAAAABQC8wEpB6YCQAAAAAAUAvMBKQemAkAAAAAAFALzASkHpgJAAAAAABQC8wEpB6YCQAAAAAAUEuUmdCAEkEQBEEQBEEQRPtEmQmvLQAkzMLCgtyTqGOtrXsRBEEQBEEQJPEwYgIzAVuA7UkwEwRBEARBEERt2PEkzAQkD9uTYCYIgiAIgiCI2rDjSZgJSB62J8FMEARBEARBELVhx5MwE5A8bE+CmSAIgiAIgiBqw44nYSYgedieBDNBEARBECRDcu7m+n+stD2Q3/n2WTv3sfymz1zcPqhlBmZtyt8OF3Y8CTMBycP2JJgJgiAIgiAZEuUwPT/Dyon2WiJF+dvhwo4nYSYgedieBDNBEARBECRDohyj523kz0TpDNpE+dvhwo4nYSYgedieBDNBEARBECRDohyg523kz0TpDNpE+dvhwo4nYSYgedieBDNBEARBECRDohyg523kz0TpDNpE+dvhwo4nYSYgedieBDNBEARBECRDohyg523kz0TpDNpE+dvhwo4nYSYgedieBDNBEARBECRDohyg523kz0TpDNpE+dvhwo4nYSYgedieBDNBEARBECRDohyg523kz0TpDNpE+dvhwo4nYSYgedieBDNBEARBECRDohyg523kz0TpDNpE+dvhwo4nYSYgedieBDNBEARBECRDohyg38cEl13KwngJBn0nFYVSTi4HVTUlRf5MlM6gTZS/HS7seBJmApKH7UkwEwRBEARBMiTKAbqc75p9c3dcr7Y5D1u8/6bYG8qIjy/ZQlTpxH0xk5f7zE6399j1yS8XHV0zi8oKW4nyt8OFHU/CTEDysD0JZoIgCIIgSIZEOUCXc9IW/K6iMDr2ysWgojD5qNKJ+2ImlaOTvXdsyvKURPnb4cKOJ2EmIHnYngQzQRAEQRAkQ6IcoMv57phv8qt732FKmu8Fg+ve73x+L+gLTZWQAygPPHzL+4+f2b7T7go63FG7vnBPfrX2nSbnq9c8Usl6MPCLNue/ta1JCkRDplcNK9/8bJXKpQrDvuC6w/OdpvVg+FI73MHKzpVXv/LLZkIl4VO4boyFripsJvekCz65GDj5RdRFKiN/JkpnkPNyn3nVHVXhJ10jTbfufjQ2vbjmpr2suqy4PPSzdXre7fW9edXCHaiM8rfDhR1PwkxA8rA9CWaCIAiCIEiGRDlAZ/PNz9dOzviCwcA3xZdBt/clcYMURaoQ00zkkDxEl6wFff4XPpNfhkQiUj9sMrJsUIl06mF/uMQduuZEzOSlmYB0wQ9UOoO2TWZR5M9E6QxsSEWmV9bIOs6Oz7DlHTMLx65P0obT7aVdFDIW6eWlmaViUVHqrbPKBuUofztc2PEkzAQkD9uTYCYIgiAIgmRIlAN0ZcrvBprbhQ12bCPtimkmh7/yrfulWvxdKLSLPGduXjQQk5c3k/ASrLBs3FOeUZWZnGQvebP1XfJnonQGZRbX3PP3XLTxxhWL3eXx+QIUyUxs656hBfvV+eXfD4/TS2GnuJdy3npH2ZQc5W+HCzuehJmA5GF7EswEQRAEQZAMiXKAHiNNnhtmYSMY9J9vitoVy0xc9pk1aVtpJlK+afGLUxn3gotRtqAwE1vQ4z1cG3UsXYO4YVeayTev+fjVXCM+7oI3iPyZKJ1Bmf67y9LqLHmNFtmIZCafjM+uuDzSUi7KXadrzLaqbEEZ5W+HCzuehJmA5GF7EswEQRAEQZAMiXKALuf8ou9V4SYQ5w138CVRD4T7TNw+KqmcCh340kzgbLvju1Hy4Ayue7/5+eqrFh9vJj2eyv7VfzS5Ou6F7q2X7zN5VXypNBPhPhOnl854diZ0xj5PsNIUalwyk/L5wPn+1X/r90y6g7yZkPyIF0ynOH+ZvcgYkT8TpTPI0Y/PXJy6e9x8a93j+3LRUSyKR/X1yf45G5VIZvLGFcv8PZc0o1Icvs/koxtTjZNzr10eU7YpR/nb4cKOJ2EmIHnYngQzQRAEQRAkQ6IcoOdt5M9E6QzaRPnb4cKOJ2EmIHnYngQzQRAEQRAkQ6IcoOdt5M9E6QzaRPnb4cKOJ2EmIHnYngQzQRAEQRAkQ6IcoOdt5M9E6QzaRPnb4cKOJ2EmIHnYngQzQRAEQRAkQ6IcoOdt5M9E6QzaRPnb4cKOJ2EmIHnYngQzQRAEQRAkQ6IcoOdt5M9E6QzaRPnb4cKOJ2EmIHnYngQzQRAEQRAkQ6IcoOdt5M9E6QzaRPnb4cKOJ2EmIHnYngQzQRAEQRAkQ6IcoOdt5M9E6QzaRPnb4cKOJ2EmIHnYngQzQRAEQRAkQ6IcoOdt5M9E6QzaRPnb4cKOJ2EmIHnYngQzQRAEQRAkQ6IcoOdnvn3WLn8mv+kzK7VBgyh/O1zY8STMBCQP25NgJgiCIAiCZEjO3Vz/j4pher6F1RIp2svJwGxk0iZe2PEkzAQkD9uTYCYIgiAIgiCI2rDjSZgJSB62J8FMEARBEARBELVhx5MwE5A8bE+CmSAIgiAIgiBqw44nYSYgedieBDNBEARBEARB1IYdT8JMQPKwPQlmgiAIgiAIgqgNO56EmYDkYXsSzARBEARBEARRG3Y8CTMBycP2JJgJgiAIgiAIojbseDIZMzmuqy0ppej5Hdpy5Wztbb4MaArbk8hMVlbXKY6VNTZ2x71lu3PJtrK45HADAAAAAIC8wePx0CDQtrxKA0IaFkpjRcqq0yWHHU8mYyZjHR36ukZdaa2+riVGLgxOOvlDEsLvmOzpOELao9Mbxxz8XgUwk/sO25NkM4kpJzATAAAAAID8wRNGNhN5oMiaifOemx1PJmMmEqPn9OLMSYzUDPGVE8BZUqqvuRoSksmL9dROdAUemEkEp0XXYOEL0w/bk8hMqHuxfU5WFOqL1COpX8p9FAAAAAAA5AM0CFy2O+UJE3a2hLQkZWYSnO1ROknSZjJ+4dOLs9FFQy0fXfXR/5ecuDLc0HBEV1tnFor11YIRHaloZM2kRiy8GJ5pqSnVe6f6qcQuvPJUVQh7j57tT2AmJmu5H3LC9iTJTKQo/YR6JPVLrwjfYQEAAAAAQJYjDfOUyGaidJKUmknQonSSpM2k40TtKFc036+7MEn/X1LVUVLZeL5jZHSZdKi/5J3GUfONvo62I2UhM3EOteg+vjQ6Mijf+lJDHqLTd18eoe3FrobjTYOjIyNVVR2jfrn1HKSuolZjOWF7EmsmnJxwZgIAAAAAAPIEeSlXus0kqHQSMfq6m3zNTblYpVyaNVpyVrCVktJP5SK9LrLEq7FSPMTcdiQsJLcN9RfnhQ0yE1e4mmAmBk3H6/cPn72vueO2hy9OG2xPIjOhvsX2OdZSpPvg+a4KAAAAAAByC180NAKUzYQVktSbSVVp7fDEnCsVExExV3PVDImruUpb5LIq5uYTaTWXvauhpLTevmyTIl1MDXePisdWU1mr+/jK7VRcaqbiO1LWePFmcl8+kCRsT5LMRE5MM+F6KgAAAAAAyG0kM4mpJffWPBR2PLlVM+GLkmbyUrm4diuMs/vj2r41YYs1E3bOJDTNIsyZ8JfBm4mAj6pVddn44lzBfrVFYy0JbmgmrKLATAAAAAAA8hC/3y99X7DSTCQtSamZvF1bE/2VwezKK7U0VguLwS72jPR1XKINXV3oxhPWTIK3e8L3mXSw95mUvNPQd3nk/NkGqYQ1k+Fzn3aPTI6PDJbo6vlpmVzBfrVZey0JJmYmkpxI39DlBwAAAAAA+QRnJrKQpN5MyB8a2XmOtZES5gYPkPOwPYnMRO5hMBMAAAAAAOAPm0lMJ0mxmUxeHuRKunvy5F5zIMD2JNZMOEWBmQAAAAAA5CGBQEB6kokWZgLyHLYnxTQT2U+k7w4OAAAAAACAfAJmAjSC7UkwEwCAZty5t95/19Z6ex5B8jnG2/P0Z4H/4wFAhgEzARrB9iSYCQBAG2goNrhgH0IQZMFOfxYgJyDDiWcma+teKex4EmYCkoftSWQm1LeUWgIzAQCkFuPteeX4DEHyNvQngv9DAkAmwZqJbCNs2PEkzAQkD9uTJDORAjMBAKSPVpgJgjBphZmAzEY2E6WTwExAKmF7EmsmXEhOpOctssfy3RYAABIDZoIgbGAm4L7DDvCU0AiQxoHxJkxgJiBlsD1JrZkAABKE/tJfXV1dUAPV9/l8fEO5gnFmYXjRgSCIFPoTwf8hASCTgJkAjWB7EswEgDThdrstFstVNVD9+fl5vqFcAWaCIGxgJiDDgZkAjWB7EswEgDRx/fr1FvUYDAa73c63lRPATBCEDcwEZDgwE6ARbE+CmQCQDrxeb1tbG68diTExMcE3lxPATBCEDcwEZDgwE6ARbE+CmQCQDlZWVnjhSJhr167xzeUEMBMEYQMzARkOzARoBNuTYCYApIOxsTFeOBKms7OTby4ngJkgCBuYCchwYCZAI9ieBDMBIOWsr68PDg7ywpEwra2t1ALfaPYDM0EQNjATkOHATIBGsD0JZgJAanG73UNDQ+3t7bxwqIFaoHb4prMcmAmCsIGZgAxHnZmYnWYESS5sT4KZAJAcNpttfHy8t7e3M5otOokMtcO13NXVRcZC5+UvJUuAmaQ2O3YXKQs3TXJHCbF+/pRxji9Mc4znD257XscVFuw+pKy5aR5/Zo+ycDjOKbQJzARkODATRKOwPQlmAkASOByO/v7+S5cutba28kqRTkhX6Lx0dv6CsgFVZtJ0Yn/B7qID1/jy3Au9zcfPsyN+444TFvllxZtFTYpDpCTnGMkdJcRa/0Sz5mZSf7Dgad5DkjOTxwqLlYXDcU6hTWAmIMOBmSAahe1JMBMA1OLxeLq7u3lpSADSGJPJ1NfXNzAwQD9pOzmxobPTNfCXlfFkjpk8pr7lU+XFBW8aleWJZOPT0dvcZWBLMtVM7msGzr9REd5OzkwyMDATkOHATBCNwvYkmAkAarlx4wbvCpthMBgmJiZcLpfP5/OHoW0qWVpaIlHhD9gMugb+sjKeZM3EQhvbdxcViNn2sxelDYqRahoO0caDz++RSiqmqP5cxVuhl8KBok7QcHxXuVCzYPf+A/tCu2iAKwx2B6vlygU/Oy1VlhssEMfxkQrRw3p6+WBheFeRsCJowKhjSg7R9XCnY69t52nBQAp4b4ltJjt2Fz9yWG80D7x+eJ904I7wxewsLCobsFScOERv1iSWFP/yjXPWaeOgsaDwDaHOyOntL1VXDE6XHTu4nTOTropXukaN1unHiooGxLNvf37Pthd0RqvlkUKpJJxrpyWDol/N3rdepvYffbrokcrOx481Nw3oC35ULVV79GC11FrBb5vp5VNFReemFpsM5dSaVKGgcF+TdfqcoVr61Ugh8XjdKmyIn544uTHz+ePn58RuIHjIqcr9h+kdTS4KLeze8/gxI727vS/t4ZSv4GD13gsD+jOHHq/v3PvCfrrIneF3IX1c1CD9cumahQ9n936pRDoFfdR7f3NQPvypMz3nDOWhw8PvXaom/Eaund6xe9+j9Buhdn5U/eBvqulX8Mpv9+wdjLqejQMzARkOzATRKGxPgpkAoBa1IkF/0CYnJ9fW1viGRLxeL8kJ1eEP2xC6Br6hjGdLZvLbz6VRJm1/YKYx9+e0IYxlRTMpKHyRRtK08cixYTKNRwTHqKZBvCgAwjB3h2gCj/1O99RbJ4Z5GZgrG7AOz0+XvbmHqVz82PGepq4KqnlOqGPcRYWKOROh/R8dKhucfv1gcYE48N37I+FEe7ss+jNv0MY28RD2dI8IstRMpxMvW9CG6IsRzhXHTIok66ALLigURtI7Qo4xJ1vBtt37uJGxVOf1l4r086ES6TqVoQ9cnJQwFjxX/oFYOVwSDmMm0vIz45mXC8K+sU0c5bOtScP9gt0vSyVlvxNNcrB6V3hJGF1t5BDz6V3NwkbBgeq9B8Q2DYfoY5HbYS8m8hbmoz4rcVeozYLCPU8ZQhdZJr4d6aOgdh49Y5Xq7BIvPspMroTbKQzdlBI6PLaZhH4jj+4Oz2vN9+w4PipVSyQwE5DhwEwQjcL2JJgJAGoxGAy8KMShtbV1fHycPz4OVDPm4q6Ojg6r1Wo2m00mk1xI18Afn/FsxUykUSkNCuWVPKG9oplIw1NhdmLfabFOkTQYFXRCHDXuiPaKKBmwDu8sjpohYSuHTx3XTELtXDstHSs3Et4Wxuvs6eQTsaeLEoD4ZiIXStuhEmbQLHwC4kXq6yu2Px11Cu7YSKzDO8JvX3qnkbOLbhCpyZhJ6IKFDz8kJHKzr7/7cvjdCb+pJwqLzs04jF3VO0UNkH47ciKN0yfzwgk6heAGV6rpvPRepHPFMhN5NZeF+6VQB5DryBcpvQvpCtl2uFOwC+cip5AOj2MmUsmuyBvhr2fjwExAhgMzQTQK25NgJgCohbGGjSB5uHPnTiAQ4I+PA9Wk+p2dnVw7pCVShZmZGbY8+ugsIH1msq28h0oep8HugXrpQOkfvx9lhubxzIS2Q/+ILjbFVQ6fOlEzEY4NjVOttFFQKCzx4k4XPUOizLD0dqRIo+fhaKPYFp7bEV92yv9Ov6uw6MHK4WFT+fe7QjV3inWYoTNvJgXPlUsbTadf3LqZnCovDs23nH4xtArr3T2m8HSNdKwkjco8trvodWm2hK7qQL002ZKBZnL4IMwE5AswE0SjsD0JZgKAWlg92ACTyeRyufiDxecw2u32mM9SpPrkIVw7ZrNZ2svtij40C0ifmYiruUYLpMkTccjIrObiZUM6dufxgaaBUaNkJqctwzPDP/9ZjMrhU/d8/znhvhE6C3uR4SuMmIl0V4m8mku614I9nbTSjApNgz2v6Dtp48Gni16JdpWCwtBNFxT5tpAd0n01QuKu5iqQVnMZDkVWJYl1aMTPjLmjzaQ4dOwrv0zBnAn9gvTh1qTfFH0gUTerDFbvPBF7vRPV3CXdYSKKgeQYrJnISnMfzMR8+vH60CK0xwthJiBfgJkgGoXtSTATANTC6kE8DAbD/Pw8e5TH45mcnGSnRGibSshS2GoE9/z41tZWkpOhoaGOjg62nDsq80mfmey6MLytsGj7/shTKZ54QVihtOvMgHQnwI5oMzE262jvg/tP0DDa1CXcAf/IwdOnpuakUTtbWT718NQAnaKgKOpuivAVRsxEyFinsJLqmT2nhNvx+dPRy137hWvb/sLLxeeFMbrSTIbvWMrENVFURx7W01VJhQVFL7K3dAux9ojX9mL4RhTHE3uKCwqL6U0d+FmojlAivs29xVFmcuqEaFDP7DNdO711MyFNeuSZUGs7xd/Ug8/sL7vQLOSMbvu7A8LhF4S7dyiPvVXPXsmwUSd/7IcPFn3fFDpX+Dc+Rx+UMCd2X8yEKh/cJ334Rv3LMBOQJ8BMEI3C9iSYCQBqYfUgHm1tbV6vlz2KREV5GwmVjIyMcDUnJia4ajFhD8kKVJlJomHuM8ntRDwkizLTzD6qRdYGRArMBGQ4MBNEo7A9CWYCgFp4RVBgMBhu3bol1/f5fHNzc0ajka8XZmBggOrI9V0uVyI32cv1swWYyVaSlWayaCnYozOK31+89zd7DowoK+R1YCYgw4GZIBqF7UkwEwDUwiuCgqtXr7KPaSdLaW9v5ytFw5oMQS3wNRSw9bOCtJgJgmRtYCYgw4GZIBqF7UkwEwDUwiuCgomJCfbpJd3d3ZvOgVAd5gwJLehi62cFMBMEYQMzARkOzATRKGxPgpkAoBZeERQsLi7Kt464XC5+dxzYL/KiFvjdCuTK2QLMBEHYwExAhgMzQTQK25NgJgCohVcEBU6nU36MyfLyMr87DlRTPgW1wO9WIFfOFmAmCMIGZgIyHK3NpGmg+8oKX4jkQ9ieBDMBQC28IihYW1uTzcRms/G740A15VNQC/xuBXLlbAFmgiBsYCYgw9HSTK4fKq0tEXNu6vqVtnraKGseUFRDcjNsT4KZAKAWXhEUsKu53G43vzsOVFM+BVZzpTDS4yaM5w9WzPC7tp5t+/XyQzCyP8zDTLQP85z1PAnMBGQ4WpnJymXJSeSUVeqFnxf6+Jqap6T0E2UhkvKwPQlmAoBaeEVQwN0B39vbu+kd8FSHOQPugE9lmAfhZUZoCH5GfPjghWb9zVCh8fyhgqdD1znQVf7g7qJXukY/OKMrOBD9OMJwDuwrCj3B8ILwmHmKqbeaWpCfGfL954sKnn/5nHX6qT1Fr4fPwqVg936jdfTwiUM7ni6qEJ4LmV9mcj/frBiYCchwNDGTeVPNsSgtifhJcmYy0UzHvmu4zBbqSmuP9StqJhCYiTZhexLMBAC18IqgYHBwkP3WYKvVuum3BlMd5gz8Y+BjwtbPCmAmoYyciHq2+qLj1LEXC3bvkZ/XPrw413RtWtqWH7LO5ecv8G/qwcKiw4cjZmIyj5rmxV1Tn8cbgkcaHznxYOVwnpnJ8P18s2JgJiDDSb+ZjBtYFSktP5MSM6k8da6kVB8pWel695PPNTaTfkOdshCJF7YnwUwAUAuvCAoMBsPk5KRc3+fzzc/PbzBt0t/fjyctpjhTRvEZf8K0w/bnhEF804n9FeIuEpXHf1NtNA8UFL7xenv1K12jFeUvPvGF+Kjy+R7pqO279+wyCCU7dhc9SJWtoxXHDkoD2YLCfU/VDxgHe3adGRZe7jstreYitdCbpw+8to82hKaunX7w+T3Ssds5NWo+JF0JlwP7eNkYFpp9UdyYKyg6RBt7f1S07XfCJElM3ap4M2Imkcw37zwdewjOaI9FnJyJmAm9zSbr9GNFRSbxpVF/qGzAoq/XPVIofpinX5Q+hMMndEL9m/XbXxI+0tcP7+Mep1hwsHrvhQH9mUMkTntf2H/OOr2zsGggVpshM5kfJUMTJ3CEj5TqNw18XvCzqDe1XSyvOFP9+FHhoyjYLXwyYkLXX7Cv4sFfVrxyodkonOXlx44Zpbmjc5KqSWe3fr6jcsBoFQ3w2mnh+q2jdCXb3zSy50prYCYgw0m7meh0EQ/R1XUKhXfaInJS2Wic5w/ZPBPNx7raKnW1csmI6dwnV5s1NpO645ELQDYN25NgJgCohVeEWAwNDcn1A4GA1yv8Dc5XEmlra5uampLvmA8mdpNJC8xkw5x6d89hcXQ7LIxceTPRiyPU7z9XVFAkDqwXrQXicP/csX1l4lEf/L644EfVw6KZGMNtSoP+guiRa8hMZpofEeYcqGSu7HfF5xaFwW7BL/XSsSQM7L0odCXbnymiq9q252VpjC4llplY5dVc3xclgfxEGrXThVELBc/se+zd0Gqu4ThmQkPzDVZzhbanPn/k2HDETAardzWLqtZVvncw6hDpvdBPtvDwb+VBv7Xgt5HrGRZOsU/aoI/0KVH2jGdeLmMMQW5TMhPSEsnB6CPdcXxUqvBotIZx7zGGmewOCRXlCUl7KDf1If+Mrky/Mrp+qUuYmg9tC1+wBoGZgAwnvWbCTo9Q5PLK6PLGRf7ATTIhSsjQ58evXhde3r74LjXe3yCZienCJ9Rmw1DX8YraM+Nihf6GmgufHL/Q2nhDqHCsrPbYhdYGwwWj2FpJ6ZnSkxfaRzuFG/Q/bhNP0fvuZxcbhnrPfVYnzeqcqawtKT8jHNV9MTRXszxM7+LKzNUrNjrF5ZKy+qahrjNnMYsSN2xPgpkAoBZeEeKwsBA17CD3GB8f7+joMBqNra2t9JO2qcTpdHLVElnK1QIz2TDslIK0zZqJVE4mIGuGJBi7pOF+KMKofQfTjjQCrnj3xW2FRY8f+5w9UG5ciPRv/8zapKi90SnY/bK8rTST7dL0S6RyaLYhKleqH9OHln7FMJOxzzeYBJDf7LZ9kqGFButCO+FdUsmA2fjg88VSiWAR89PSh6C3Cu2ENCkU2RPEU4SvJ/IhGA5Ji9n4Nq+d3l6058F3B+T6TJtRn8y5M28UPL2vwrwYOkUMM4lcA9tItFWGzeTa6R2R9i3K30L6AjMBGU56zcQ8ZRLG9GEDOfRxKxWOftUql5RdMHUNmPijNo1kJiQVunP0s+Zo7aFPumQzKSmtq5sJ1SzRNQgb/Q2Vpi/Dh3eV1LSzrUWUqb9BOX9SUtlslsyk8qJUQtvSxrGIawlmMhp9IMKF7UkwEwDUwitCHEwmE/t1WxIej2d1ddXhcNBP2ub2Un2LxZLIUq4WmMmGYW/DSNxMlKNSZswaNd6loXlB4RvygcNG3c/lVUyGQ3uvJGom25jbSLizc1piOv/Gz02f7zwRmkZg0iPPLfBmYm3e/mbUDAYXxU0socE6XXD0tMZ0wS/10nbFYWb+Z3667M09h2ccu+R5CUXim4miTfET01fuC82ZGA5FPtJYOXf8RWlCJvJ7mQndURNtJrFv1GHmTDqfkq9/3rjBe0l5YCYgw0mzmUhj+ugZEjZJ32ciSYgwVSLc+66vuSF4RdhM2FOEzOTMRPjYGQN30oiNRMzk2rHjn5SWiS3IZhL2mVhmYj5z8kzJ7z8xCfMnzHUiTNieBDMBQC28IsShtbV1amqKP3hDqD75DN9QHPiDMx4tzeRUebH8HcHbEjaTc8f42yTimonwUrgDJLyayyiv5jp8sOjcYoJmMlfwXLn8kjUTU/Mhae2TnMfEEXNB4YvcFVLN73eFtqPMxNq8K3yXSCh3LKF74sNRjNojq7miFchScFCcI5rv+f5zUSvTBM0wC6u5pDVmysQ3E0Wb4ftMfr5PXEE307zBbI+Q8FxHwe6DUgnJm9JMniiM/hAiMYaNbq7izeLQaq7zb8jLzzQIzARkONqZyYmrw5HylcGUmMlIV/0nt7pCX9IVMZNPIh4ihTUTZ6dizoQ3k9KIcnyZoJlIaaw5I0/XIFzYngQzAUAtvCJsyMTEhN/v55tQQHUS+aZgFr6JjEdLM6E8tX9Pwe7i7ft1pArDiZkJbZS9+3LB7qLtL7z8lH54OJaZ7JQWID2z59ydqANNptPCgfsPvdIrGkV8M9HrDwktPL1nx4EKuXCYMRN2MVWBuNLp3ImwkEx9/rioKLv275Ous/hC5O521kzYFiQDaTr9YrEpcjqxThwzocoXKoQDi/brRcEre+tFevnUBcuAUUfX0/SF+Bae2bPzd6HbYF75nVChoLB4r8EadYq4ZsK3yX5i0oWZTHrp+nceFO75kfPYC/SbLdpxoLpCXEtm6pU+eV3ZmFVpJsPCZyXUp6utiL7f5ql9xXTB0vaBg8LnuevMQByNSUtgJiDD0cxM+FVSpkbhbpAtmonZeZ0aGZEK5ftMmuuo8ExnW0Nn86Gzok5EmYlwn8lxg7C37pbwUmkmx35fWzPQe+VWt053ZgMzafi49nhnd9PoVbKd4xdaqf7R8lqT8moRMWxPgpkAoBZeETbEYDAMDAxYLBbl2i2ZpaUlqpPgIi4ZvpWMR2MzQZAMD8wEZDiamUk9V54iMzEfYu4SkXXlysjFQ7raEt2ZM1evSruiZlHumKS9LeKd90ozGbWEvun4zMjgBmZinjdRnUOfdZqdV3Xi0q+ys8KNNEjMsD0JZgKAWnhF2AxSjq6urvHxcZvNJj8bnqBtKpmdnR0aGlKrJS0wEwTJ8sBMQIajmZnETlnzgPIQJCfD9iSYCQBq2fSxiRvT1tZGokI/+R1qoGvgLyvjgZkgCBuYCchw0m4mCCKF7UkwEwDUYjabeVHQHLoG/rIyHpgJgrCBmYAMB2aCaBS2J8FMAFDLwsJCa2sr7woaQmfnHpaSFcBMEIQNzARkODATRKOwPQlmAkASjI2NJXFnSEqg89LZ+QvKBmAmCMIGZgIyHJgJolHYngQzASAJ1tbWuru774uc0Hnp7PwFZQMwEwRhAzMBGQ7MBNEobE+CmQCQHIFAwO1222y2BQ1ZXV2l8/KXkiXATJQpfj70PA1VUXWU/PyWFGbb8zplIaI2MBOQ4cBMEI3C9iSYCQBAG2AmqrK3mHsMoqoMS08zHE6hmcx8HudJ9jEyYDi0LfwYx737iwt275evJ5J5a8HTxfLTFYcHq58yRj32PucDMwEZDswE0ShsT4KZAAC0AWaiKg/yD2hXkyvVKTeTgfNvJG4mB/YVFfy2Wdge+7xgT3lMMyFjed0Qee778OJcwS/1yqZyODATkOHATBCNwvYkmAkAQBvyxEyaTuzf+9bL56zTjz5d9Ehl5+PHmpsG9AU/qpb2Pnqw2midfqyoaEB8KWkDHVJQuIdqGgeNBaKQDExN0wbVFKp1VcQ8avja6Qef3/Pgb2jX6PZo/TDWv7G3d1o6nCpve0FntFr09bptbxqFvfqXHztmpCt8ak/RuXnm4q+dLj5xqPhMc9kFQSqKf/kG1dn70p6Cwjfo5anK/YetQpu0XbD7kFR/Z2FR2YCl4sSh7WLLcqhCGdMyayYF7KVeY83E8XiKJCpbAjMBGQ7MBNEobE+CmQAAtCF/zOR1q7htOCRpBmUHN+Y2HJLmHyJmsvtladeBfaGa8rHxjqJh/WN6wROkFqImNAyHYs6ZSG0W7H4xXDJccLgzctS10ztOWCIvQzHKFymfQjITKt9xfFQq2VXIvkFLAS8qMeZMhESbScWbRU3KOrkbmAnIcGAmiEZhexLMBACgDfljJqERfCwzef3dlwt2F1EUZiLOQsQ0E+twzKPYYb1KMxGaCoVViGhP0NdXbH86VI07hXS19Kbk+vJlizEmbSanlHVyNzATkOHATBCNwvYkmAkAQBtgJqfKiz8Q1zg1nX4xcTMpeK485lFbMBPFbIwU1hNM5d/vEjfMp3fGMZOnCjFnsqXATECGAzNBNArbk2AmAABtgJnQyFsvvnzllyrmTAqKq2MetbGZ/HwktK00kycKi0xsZTmsJxgO7b0ibBjPCNM1w+Ip5FtHpKuteLNYvn+mYPc+pqnpgp+dZh2DNZMPjMORmtFmQu9dupGmoku5qCwHAzMBGQ7MBNEobE+CmQAAtAFmMrw498gzRQXP7DNdO72pmRibdaQEHyw6Tp14I+ZRG5nJomPnM8IqrA9imYnQwv49wjKtZ/ZU3GSOivaEJ/YUFxQWn7JaDvwsdPEPiou7msJmIsTas62wqKDoRU51tu0uDk25hM8buQO+cE+kZvQZw3ozV/D0Qba1XA3MBGQ4MBNEo7A9CWYCANCGPDEThGI6/0bcNWPxIlgKnmcCQAYBM0E0CtuTYCYAAG2AmeRT5ire3BN7zVicvH4gzhqz3A3MBGQ46syEPxqAhGF7EswEAKANMBMEYQMzARkOzARoBNuTYCYApIlAILC6urqgBqrv8/n4hnIFmAmCsIGZgAwHZgI0gu1JMBMA0oTb7bZYLFfVQPXn5+f5hnIFmAmCsIGZgAwHZgI0gu1JMBMA0sT169db1GMwGOx2O99WTgAzQRA2MBOQ4cBMgEawPQlmAkA68Hq9bW1tvHYkxsTEBN9cTgAzQRA2MBOQ4cBMgEawPQlmAkA6WFlZ4YUjYa5du8Y3lxPATBCEDcwEZDgwE6ARbE+CmQCQDsbGxnjhSJjOzk6+uZwAZoIgbGAmIMOBmQCNYHsSzASAlLO+vj44OMgLR8K0trZSC3yj2Q/MBEHYwExAhgMzARrB9iSYCQCpxe12Dw0Ntbe388KhBmqB2uGbznJgJgjCBmYCMhyYCdAItifBTABIDpvNNj4+3tvb2xnNFp1EhtrhWu7q6iJjofPyl5IlDMwvKwdnCJK3oT8R/B8SADIJmAnQCLYnwUwASAKHw9Hf33/p0qXW1lZeKdIJ6Qqdl87OX1A2MLfmGlIMzhAkP0N/FuhPBP+HBIBMAmYCNILtSTATANTi8Xi6u7t5aUgA0hiTydTX1zcwMEA/aTs5saGz0zXwl5UN0FBsYH7ZOLOAIPmctpkFaAnIfGAmQCPYngQzAUAtN27c4F1hMwwGw8TEhMvl8vl8/jC0TSVLS0skKvwBm0HXwF8WAAAAkDpgJkAj2J4EMwFALWpFgv6gTU5Orq2t8Q2JeL1ekhOqwx+2IXQNfEMAAABA6oCZAI1gexLMBAC1GAwGXhTi0NraOj4+zh8fB6oZc3FXR0eH1Wo1m80mk0kupGvgjwcAAABSx/0xE+eUpbtnxOXny0EOw/YkmAkAamGsYSNIHu7cuRMIBPjj40A1qX5nZyfXDmmJVGFmZoYtjz4aAAAASCX3w0wWRkpKa4W8d4nfBXIXtifBTABQC6sHG2AymVyuGDe5rq+v2+32mM9SpPrkIVw7ZrNZ2svtij4UAAAASCVam8mVs3pJS/rmtvAdL7M9Rw2z8qvbhvqS0npmd0qYvVgl6lNpbVXDCL8zKaipmiG+MH9gexLMBAC1sHoQD4PBMD8/zx7l8XgmJyfZKRHaphKyFLYawT0/vrW1leRkaGioo6ODLeeOAgAAAFKI1mZSowsN9/kdqtDKTIyXR/ou9x/R1V5x8ruTAGYiAzMBQC2sHsSjra3N6/WyR5GoKG8joZKRkRGu5sTEBFctJuwhAAAAQGrR2kyOSuu4SmvF/yR6ynW1+mt8nc3Rykxuh7YnS6r656L2JoNsJh0ntiZm2Qnbk2AmAKiFVwQFBoPh1q1bcn2fzzc3N2c0Gvl6YQYGBqiOXN/lciVyk71cHwAAAEg52pqJY2SyrzF0k4mY8guTfJ1EiGcm/tkS3ad94kRHSale2lvyXltjXT0VHn+ndnSoRVfZQtvhSRsfHVte1z9K9XWc2zBmstR/5JxF3Jquaui3T1nocOkCyDGME3P2ZdvxstpJl/DfeGENmK5+1Gwh6bodfYt/yEw8zo9Ka+kQu1ifvYCLt4WSktLGo2d76C3oK2u7b/bUdYx0NzUeKa0VVo77LSUVLdQ47T3etRjVesbD9iSYCQBq4RVBwdWrV9nHtJOltLe385WiYU2GoBb4GgrY+gAAAEBq0dRMaspqj/fMDp/7VDaTxeS+nmu2h9UbMYJXLHY0nLeG/gmQnGFUbJz2VnWIg/ibHSWVHeNiYffJWuE7NZeuVOlC0xf6t8Whf4SwmXicpDQdS1H7jMdrS6r6aUMXXpbm6mu8KK7upitpFAUjONr20UDU8DpkJvQ5MIvZ2AsoOS3c0BK2pmDQOViiaxa3fGMNn3avCW88e9eDsT0JZgKAWnhFUDAxMcE+vaS7u3vTORCqw5whoQVdbH0AAAAgtWhnJqQlskhErW5OgjhzJnVvM6ukZnuqumxBYaDfciVUNCofRYdQ4ei50O34UsLVJEL3mQxPsMu4PDUn6kP1q3ro9RHGTDqW6f+F6ZRIzo4yx8Y2k6j6pcJ/9ZmVabORFoZaLorXrq+sLXmvoa4nqbmm+wrbk2AmAKiFVwQFi4uL8q0jLpeL3x0H9ou8qAV+twK5MgAAAJByNDETx4isJUfOjtiTmydhiWMmHSfkO0OEoXyd+KWXG5iJvash/g0q7H0mIeQZku6PQ2YSdE5I76vqwg1xj43KuaNk4pgJfwEbm0kIz3TJ223M6yyA7UkwEwDUwiuCAqfTKT/GZHl5md8dB6opn4Ja4HcrkCsDAAAAKUcLM2FnS1KgJcG4ZrLY1VBnVq7mimsm0mquOF+7FcNMSsJGQUdJZnLbWD8Z/e3HJaX6mqHYTcpmcv69qNVcXO2EzER8X1GvMx62J8FMAFALrwgK1tbWZDOx2Wz87jhQTfkU1AK/W4FcGQAAAEg5aTcT4Y7w9zrG/M6SpO8qURLHTIixjhZBgXT67qnQgH8jMxHw1VQLa7p01dx/cWOYiXfqijDtU9Ho7GuUzMR5tVmWros3xTP6HaFrKPt0NPruFNlMpJmWIw3SNEvkAi6OSsvP4pvJ2qTubfF0ZfUp+zC1gu1JMBMA1MIrggJ2NZfb7eZ3x4FqyqfAai4AAAD3l7SbSdAReuJ71o2kN8c/Grq3XqR8iw9pyXXYngQzAUAtvCIo4O6A7+3t3fQOeKrDnAF3wAMAALjPpN9MgsG6Ew2peox6ZjHff7wvMoA+Uvopsw/wsD0JZgKAWnhFUDA4OMh+a7DVat30W4OpDnMG/jHwMWHrAwAAAKlFCzPJYfoaGqQZIV1141a/cCzXYXsSzAQAtfCKoMBgMExORr61z+fzzc/PbzBt0t/fjyctgtRCPWp1dXVBDVRfvj8KAABgJkAj2J4EMwFALbwixGJoKPLAIxrteb3C3+B8JZG2trapqSl2RJjITSYtMBOwISTDFovlqhqoPnuzEwAgz4GZAI1gexLMBAC18IoQh4WFBfYoco/x8fGOjg6j0dja2ko/aZtKnM6oLwWkaoks5WqBmYD42O32RKbdlFy/fp1vCwCQr8BMgEawPQlmAoBa+NFcHEwmk/JfoD0ez+rqqsPhoJ+0ze2l+haLJcExJXcsADKJfINCTNra2uSvlQMA5DkwE6ARbE+CmQCgFn40F4fW1tapqSn+4A2h+uQzfENx4A8GIMy1a9f47pIwKysrfHMAgLwEZgI0gu1JMBMA1MIP5TZkYmLC79/8m9qpjtp/5+abACBMZ2cn310SZmxsjG8OAJCXwEyARrA9CWYCgFr4odyGGAyGgYEBi8WiXLsls7S0RHUSXMQlw7cCgMjs7CzfV9TQ09NDLfCNAgDyD5gJ0Ai2J8FMAFALP5TbDFKOrq6u8fFxm83GLuKnbSqhUeDQ0JBaLWmBmQAFfr/f7XZTd+L7ihra29upBeUtUgCAfANmAjSC7UkwEwDUsuljEzemra2NRIV+8jvUQNfAXxbIJ8hpyR+oI3UydHR0bLFzylA7bMtEb2+vZNf8pQAAchSYCdAItifBTABQi9ls5sdxmkPXwF8WyBtu3rzJdwgNobPzFwQAyEVgJkAj2J4EMwFALQsLC62trfx4TUPo7NzDUkD+4PF4uru7+T6RANRtTCZTX1/fwMBAT08PbSfXjensG9w0BQDIGWAmQCPYngQzASAJxsbGkrgzJCXQefHtSfnMjRs3+D6xGaQiS0tLLpfL5/P5RXwiVDIxMZFET6Zr4C8LAJBzwEyARrA9CWYCQBKsra11d3cnMaTbOnReOjt/QSBvIM3g+8SG0N/zpCXxnp9IfWlycpLq8IdtCF0D3xAAIOeAmQCNYHsSzASA5AgEAm6322azLWjI6uoqnZe/FJBPJO7Dra2t4+Pj/PFxoJoxF3cNDg5arVaz2cyel7b54wEAOQfMBGgE25NgJgAAkEUw1rARnZ2dd+7cSdxjqSbVV2qPPEHX39/PlkcfDQDIQWAmQCPYngQzAQCALILVgw2wWq0ul4s/OBhcX1+32+1+v5/fEQxSfZPJxLXjcDikvdxt99GHAgByEJgJ0Ai2J8FMAAAgi2D1IB6Dg4PcUWQjk5OTnZ2dUoXW1lbaphLuW7bm5+e5aZO+vj6z2ax8eiN7FAAgJ4GZAI1gexLMBAAAsgjOEGKyuLjIHmK1Wo1GI19JpLe3l5s/GR4e5ivFgj0EAJCTwEyARrA9CWYCAABZBK8ICgwGA7uOy+fzbfB1XmQsc3NzVEeuf+vWLeXdJkrk+gCAXAVmAjSC7UkwEwAAyCJ4RVBw9epVtj6ZBl8jmvb2dqoj13c4HNQCX0kBcwYAQG4CMwEawfYkmAkAAGQRvCIouHPnjlzZ7/cnMgFCdeQ1XW63m1rgayiQTwEAyFVgJkAj2J4EMwEAgCyCVwQF7E0mLpeL3x0HeQGY1+ulFvjdCuRTAAByFZgJ0Ai2J8FMAAAgi+AVQYHT6ZQrLy8v87vjQDWlQwKBALXA71YgnwIAkKvATIBGsD0JZgIAAFkErwgK5GcjEjabjd8dB6opHUJmQi3wuxXIpwAA5CowE6ARbE+CmQAAQBbBK4ICdjWX2+3md8eBakqHYDUXAEACZgI0gu1JMBMA0kQgEFhdXV1QA9Vnv78VACW8IiiYmJhg6/f29vI1ojEYDFRHrr+2tkYt8JUUMGcAAOQmMBOgEWxPgpkAkCbcbrfFYrmqBqo/Pz/PNwQAA68ICrgHwFutVr5GNO3t7VRHru9wOKgFvpIC5gwAgNwEZgI0gu1JMBMA0sT169f50VwCGAwGu93OtwVAGL7HKFA+abG/v5+vFIYqkwyzM3WTk5OJfNGwXB8AkKvATIBGsD0JZgJAOvB6vW1tbfxoLjG41TgAsPDdJRZcFyJRGR4evnTpEleNSmZnZ9mabre7o6ODqxYT9igAQE4CMwEawfYkmAkA6WBlZYUfyiXMtWvX+OYACMN3l1gMDg4GAgH2KKfTOT4+TtZhNBpbW1tJm2mbSrhqCwsLfFtxYI8CAOQkaTST4braktJEwx8Mcg62J8FMAEgHY2Nj/FAuYTo7O/nmAAjDd5dYGAwGi8Uif92WjMfjWV1ddTgc6+vrtM3tpfomk4lvKw7csQCA3CONZnLlrKAcR85ZIkX+9b7LI8MToe8vF+vokzGT2R7d2X5qqq/jEh0bebxT2vhIV1t+cZovzU6cQ218kSawPQlmAkDKmZ2d7enp4YdyauDW2AAgw/eVOEjfuHXv3j3++DhQzU2/xYuFPx4AkHOk2UzK6hf9kZK6itAMyZgsE/7FK3UNSZjJUUPov6DkNo2T0XtTR8nZUb4oB3BadA2MLmoF25NgJgCkFrfbPTQ01N7ezg/l1EAtKP/BG4BgwmYiMTEx4fcz/+2PA9VJ5JuCWfgmAAA5R3rNpGaIeW3tKHm7maziYhXJSQOzI7gVMwne7jlqnKP/p2aDjhvUlCQTzpv9R3SCGtnDfz2W6FrGDI06Xe2RikZ6+VGFvkSnLz/dE9rtnNC9LVhTqGSyv+q9yEqzmtLa8Bl9VZXCPM+Rdxq84uvbhvqSqn7jWcGvPjKE7v+zj/ULx76t75vjZ64zgvshJ2xPgpkAkBw2m218fLy3t7czmi06iQy1w7Xc1dVFxiI/qxvkJ3xH2RCDwTAwMLC0tMS3Esbj8VgsFqqTyPdxsfANAQByDu3MZM5YT4P1uZCZRKnIVsxksaOhzixsULM1ZbXGyyPSN18eKRW2u5saS6p6botyUlLaePRsT/flEX1lbffNnroOYS9Vk77mkI6lkr7LI8ffqb142xf0OO3LgyWnB+3Lwn+PZTMhDymv7aFqxrr6I+KMimAmZDhnhUL5jVCzfZctfR2XOuL+zXyfqauo1VhO2J4EMwEgCRwOR39//6VLl1pbW/khWzohXaHz0tn5CwJ5A98nNoOUg4R2dnaWnNbrlf4dT3gMKG1Ldk3Gq1ZLWmAmAOQB2plJ8FpLyduNruD67Ws9JaWfMjuSMRNpNoNytG5EKiMziazqMrfVDIW+KF0QoRNXglFnmS35OPRMKFdf40XBOCzswq3wlM6oXCibSUlpvVytRic0KJhJuJC2hTOJZnLbleHPVPbZ+5o7bms3pcP2JJgJAGrxeDzd3d38SC0BSGNMJlNfX9/AwAD9pO3kxIbOrrx9GeQJW5yUa2trS05FWOga+MsCAOQc6TUT3YlLbMlRXUgnhEmJEJ65EUEz2Gqbw67mCiOs5gpj72oQfUNAuN3l7bZglFTMRjxkqEWouXyFbbCkVC/+f0wzifybDZ3RHjKTUKFsJsK2WVjQNarB7fnJ4DtS1njxpqYXx/YkmAkAarlx4wY/UtsMGghOTEy4XC6fz+cPQ9tUsrS0RKLCH7AZdA38ZYH8wGw2871Bc+ga+MsCAOQc6TUTYU7DyCiEY+JoZUPNhdB8RTA0rOcXd23OZmYSZ84kvplsdc4khpkQ3qmeqK8myxjsV1s01pIgzASAraFWJOgP2uTk5NraGt+QiNfrJTmhOvxhG0LXwDcE8oOFhYXkptpSBZ2droG/LABAzpF2M0kw/MEbs6mZBIM6Xa3xsqXb0MzcZ7KBmQT17wj3mYxOTH5UIU/prJfoPp2bF9aIRe4zMTaU1/aMm0eMDQ2R+0wUZnL040uTyzZjXb3+WsaNsO1Xm7XXkiDMBICtkfhKGBrDjY+P88fHgWrGHHF2dHRYrVaz2cw+a4KugT8e5A1jY2OJd8LUQuels/MXBADIRdJoJgCwsD0JZgKAWvjBWhxoDHfnzh3uGdsbQDWpfmdnJ9cOaYlUYWZmhi2PPhrkEX6/f2lpyWKxDA4OXtWKL7/8cmpqis6byNcQAwByAJgJ0Ai2J8FMAFALqwcbYDKZXC7pGwejWF9ft9vt9JPfEQxSffIQrh15TT+3K/pQkF+Qx66uri5oiM1mc7vdiZs2ACDbgZkAjWB7EswEALWwehAPg8EwPz/PHuXxeCYnJ9kpEdqmErIUthoxODjItCQsCSM5GRoa6ujoYMu5owAAAIAUAjMBGsH2JJgJAGph9SAebW1t8rMjJEhUlLeRUMnIyAhXM8GncbOHAAAAAKkFZgI0gu1JMBMA1MIrggKDwXDr1i25vs/nm5ubMxqNfL0wAwMDVEeu73K5Erm/Wa4PAAAApByYCdAItifBTABQC68ICq5evco+pp0sZdOn47EmQ1ALfA0FbH0AAAAgtcBMgEawPQlmAoBaeEVQMDExwT69pLu7e9M5EKrDnCGhBV1sfQAAACC1wEyARrA9CWYCgFp4RVCwuLgo3zricrn43XFgv8iLWuB3K5ArAwAAACkHZgI0gu1JMBMA1MIrggKn0yl/uery8jK/Ow5UUz4FtcDvViBXBgAAAFIOzARoBNuTYCYAqIVXBAVra2uymdhsNn53HKimfApqgd+tQK4MAAAApByYCdAItifBTABQC68ICtjVXG63m98dB6opnwKruQAAANxfYCZAI9ieBDMBQC28Iijg7oDv7e3d9A54qsOcAXfAAwAAuM/ATIBGsD0JZgKAWnhFUDA4OMh+a7DVat30W4OpDnMG/jHwMWHrAwAAAKkFZgI0gu1JMBMA1MIrggKDwTA5OSnX9/l88/PzG0yb9Pf340mL+czCun/GmVOhd7TuC91qBQDIUmAmQCPYngQzAUAtvCLEYmhoSK4fCAS8XuFvcL6SSFtb29TUlHzHfDCxm0xaYCa5Ao3glSP73Aj/VgEAWQXMBGgE25NgJgCohVeEOCwsLLBHkXuMj493dHQYjcbW1lb6SdtU4nQ6uWqJLOVqgZnkCsoBfc6Ef6sAgKwCZgI0gu1JMBMA1MIrQhxMJhP7dVsSHo9ndXXV4XDQT9rm9lJ9i8WSyFKuFphJrqAc0OdM+LcKAMgqYCZAI9ieBDMBQC28IsShtbV1amqKP3hDqD75DN9QHPiDQXaiHNDnTPi3CgDIKmAmQCPYngQzAUAtvCJsyMTEhN+/+RCN6iTyTcEsfBMgO1EO6HMm/FsFAGQVMBOgEWxPgpkAoBZeETbEYDAMDAxYLBbl2i2ZpaUlqpPgIi4ZvhWQnSgH9DkT/q0CALIKmAnQCLYnwUwAUAuvCJtBytHV1TU+Pm6z2eRnwxO0TSWzs7NDQ0NqtaQFZpIrKAf0ORP+rQIAsgqYCdAItifBTABQy6aPTdyYtrY2EhX6ye9QA10Df1kgO1EO6HMm/FsFAGQVMBOgEWxPgpkAoBaz2cyLgubQNfCXBbIT5YB+s6x9q21NUZji7D5he+ADO1vyQGXUy0TCv1UAQFYBMwEawfYkmAkAallYWGhtbeVdQUPo7NzDUkD2ohzQc/mwaflbH9geqLR91+AUSzQwk7VvGe7duOuecbqfGViXCmEmAOQbMBOgEWxPgpkAkARjY2NJ3BmSEui8dHb+gkDWohzQs3ntlK1rlStMv5lMrtQoCmEmAOQbMBOgEWxPgpkAkARra2vd3d33RU7ovHR2/oJA1qIc0LP5g0qbonDtW8Z7X6uyPXAiogo3rq88UGn7Rt3KF4vhanfvvVa3TIWvmd2hkkXxqGpbX/gooUKVLXKImJrm5W9UC1M0r02K5wpbUMRM7OvUztdqNhcV/q0CALIKmAnQCLYnwUwASI5AIOB2u20224KGrK6u0nn5SwHZjHJAz+aBsyuKwrUHasXC1dVnBqUS18NN98SSe//7RMhkHjjh+EKcbPmiyTYsHvXaqSjJGTYt14kVHqu07RmNPkVkziSGmfxB5bKwser8W5Mr6ihF+LcKAMgqYCZAI9ieBDMBAID7iHJAz+aBj2OYSdgWnCEzmV4JK4q/r21ZnBJZf+CcdFOKoBni7AfF+7/P2h6udYjb6yQqD1SGwi8P29BM5KMip4gT/q0CALIKmAnQCLYnwUwAAOA+ohzQs3kg5mouzkwiG/6ac+E5E1kbBu0fMneqvKa31SxF1YyRjc3klFKWYod/qwCArAJmAjSC7UkwEwAAuI8oB/RsrKOOBz62Hx5dG76z/v6otHpKaSb+b1TahhfdZXWRr/r91Unb1+pWbyy6vhZym7XD5+w3bN464/L7opnMrN77mt4xfMf1YdtKzZ3o825oJmVnbWVj68N31srGo49ShH+rAICsAmYCNILtSTATAAC4jygH9DkT/q0CALKK+2MmH37cfGv6Ll8Kchq2J8FMAADgPqIc0OdM+LcKAMgq7o+ZlJTWnj5j5EtBTsP2JJgJAADcR5QD+pwJ/1YBAFmF1mbyUY3haFUDXwryALYnwUwAAOA+ohzQ50z4twoAyCo0NZMJ62xJaS2lq/tLfp8KQo3IqRnia4AMhO1JMBMAALiPKAf0ORP+rQIAsgrtzOTyVYskErp3PpWlgq+khtuG+it8Gchc2J4EMwEAgPuIckCfM+HfKgAgq9DOTCQV+eBk0/Tt+YpjDTCTfIPtSTATAAC4jygH9DkT/q0CALKKtJuJx+P1+YS/KZTruKic9kaqqoQzkyOltd0jlsaP9TVDTqmk/L2G0SlbXTWdt154PdRyvqnh6Nmevsv9Jbrmo+819F0e6W5qLDk9QjvrymqNl0dGzZbzH4uVQaphexLMBAAA7iPKAX3OhH+rAICsIr1mwt4Ncnd+eezmdEn4W7nYXcnddhJlJua2OnNokzzk4ry8gxitkSZnhlr010JFjZW1rvBuyVvITPpmMRpOI2xPgpkAkCYCgcDq6uqCGqi+z+fjGwI5zcI6P6DPmfBvFQCQVaTRTBYW7WQdlce/OFolrN0qPyoIgGQmbreXNqic9tKGrvxT/uAEYM3E3hVaHiam/uKsUNh3ofmIjrmhZahFKicuVkUWkoVmVBZGhJrvNSx65D0glbA9CWYCQJpwu90Wi+WqGqj+/HzUP+eAnGfdF1CO6XMj/FsFAGQVaTSTD042Hf79WWn71vRdSQ8kM6lvMIVsIRi8d88lb6uCmzOpGYr6N7/xC58al8SttcHjiZhJmMaq2lH2NUgRbE+CmQCQJq5fv96iHoPBYLfb+bYAAAAAbUmjmXx6rktWjq7uL1kzaWoZkHfdnJhJgZkEgzpdbV3HSN/l/vIT/beDQddQy5GTl+YmbpSUfVr+9uZmUlXdODpls09ZynWRhV4ghbA9CWYCQDrwer1tbW28diTGxMQE3xwAAACgLWk0k+EvJ0rEe0gutl6Rl1RJJaPmW7RB5ZKxpMRMvHMjwtotnb6ub1ZUC8/Rt4WXYw5n98ebm0nH2dB6sI+absi7QAphexLMBIB0sLKywgtHwly7Fr4PDwAAALhPpNFMguFpk5ju0dDYI+9ada5xe0HuwfYkmAkA6WBsbIwXjoTp7OzkmwMAAAC0Jb1mAoAM25NgJgCknNnZ2Z6eHl441EAt8I0CAAAAGgIzARrB9iSYCQCpxe12Dw0Ntbe387ahBmqB2uGbBgAAALQCZgI0gu1JMBMAksNms42Pj/f29nZGs0UnkaF2uJa7urrIWOi8/KUAAAAAqQZmAjSC7UkwEwCSwOFw9Pf3X7p0qbW1lVeKdEK6Quels/MXBAAAAKQUmAnQCLYnwUwAUIvH4+nu7ualIQFIY0wmU19f38DAAP2k7eTEhs5O18BfFgAAAJA6YCZAI9ieBDMBQC03btzgXWEzDAbDxMSEy+Xy+Xz+MLRNJUtLSyQq/AGbQdfAXxYAAACQOmAmQCPYngQzAUAtakWC/qBNTk6urcX+Tnav10tyQnX4wzaEroFvCAAAAEgdMBOgEWxPgpkAoBaDwcCLQhxaW1vHx8f54+NANWMu7uro6LBarWaz2WQyyYV0DfzxAAAAQOqAmQCNYHsSzAQAtTDWsBEkD3fu3AkEAvzxcaCaVL+zs5Nrh7REqjAzM8OWRx8NAAAApJJNzWRmZk4aTNIGzAQkD8wEgK3A6sEGmEwml8vFHxwMrq+v2+12+snvCAapPnkI147ZbJb2cruiDwUAAABSyaZmQvlShDZgJiB5YCYAbAVWD+JhMBjm5+fZozwez+TkJDslQttUQpbCViMGBweZloQlYSQnQ0NDHR0dbPn/3979/7SRJHgf/yPzw51GuueRnhvdak6P9vRoT6e7H26e0+6ze70rW14gCkw8OZYhF7x4cAjecRLMwHqSwYHE4cvFm8CEnAeIwxcDJnGAEBg/VV3d7XYbjMHtNpj3S6XELpfbfCna9emqbjueBQCAi2pJJlYhmeDsSCZAPezx4DgzMzP2pxweHj569MjZSDc6Omqt11JyuZyz0VHsTwEAwF0kE3iEZALUwxkRKoyMjPz4449W+4ODg5WVFZFAnO1Mjx8/Fm2s9nt7e7WcZG+1BwDAdSQTeIRkAtTDGREqPH361P4x7SKl/PnPf3Y2KmdPMoLYgrNFBXt7AADcRTKBR0gmQD2cEaHCwsKC/dNLxsfHT5wDEW1sr1AUW3C2qGBvDwCAu0gm8AjJBKiHMyJUyOVyHz9+VI339vacDx/DfiGvWk41sRoDAOA6kgk8QjIB6uGMCBUKhYL1MSZbW1vOh48hWlovIbbgfLiC1RgAANeRTOARkglQD2dEqLCzs2Mlk83NTefDxxAtrZcQW3A+XMFqDACA60gm8AjJBKiHMyJUsK/m+vDhg/PhY4iW1kuwmgsA0FwkE3iEZALUwxkRKjjOgH/06NGJZ8CLNrZX4Ax4AECTkUzgEZIJUA9nRKgwNTVlv2rwq1evTrxqsOPDFh0fA38ke3sAANxFMoFHSCZAPZwRocLIyEgmk7HaHxwcrK2tVZk2mZyc5JMWAQDnCskEHiGZAPVwRoSjJBIJ+3kjQjabffjwoaOZqJmZmbFfL7hY21KuOMkEANBIJBN4hGQC1MMZEY6xvr5uf9ZPP/308uVLkVhGR0e//fZb8a+4LWoKhYKjWS1LueIkEwBAI5FM4BGSCVAPZ0Q4xvfff++YNhH29/ffvXu3vb0t/hW3HY+K9vPz87Us5YqTTAAAjUQygUdIJkA9nBHhGN9+++3i4qLzyVWJ9iLPODd0DOeTAQBwD8kEHiGZAPVwRoSqFhYWDg8PnZuoINrUeHqJxbkJAADcQzKBR0gmQD2cEaGqkZGRx48fz8/PV67dsmxsbIg2NS7isji3AgCAe0gm8AjJBKiHMyKcRESOBw8evHz5cnNz0/pseEHcFjXZbHZ6evq0sSROMgEANJLHyaTg84d8XyWd1bgESCZAPU782MTqxsbGRFAR/zofOA3xNTi/LAAA3ONdMsnPPdQCUXlre0Hzh/InL4FGSyGZAPV4/vy5Myh4TnwNzi8LAAD3eJVMDrdFGpkzL6A/dy+q3XhY1gCtjmQC1GN9ff3bb791ZgUPiVd3fFgKAADu8iCZHHQEQlp7zFm9v1TPzEmkZ9AnNhsIh0fSzsdwLpFMgDrNzc2d4cwQV4jXFa/u/IIAAHBVw5NJKjIQuDmZOeryMJlETOuKp9YPnA+caDmpXY2GR6YmEg99XQnno6iqMD3mrPIEyQSo087Ozvj4eFPCiXhd8erOLwgAAFc1PJnkC/uaP55yVkup/tDyfiG/d+pkMhwMLTvrilqQE+trFekKOasaj2QC1O+nn3768OHD5ubmuofevXsnXtf5pQAA4LaGJxOhWjJx1tVk71lc64pPZM3B6+FufmtBu57Ib20W5ZxA3OcPjT6ZHb8Xs+KK5r+vXY1OPJlMZUT7rBYYTD+fl8vMLmueEeEkEJ131jYSyQQAAABVeJpMJp7MGuVZtlhHMjHOXfGHIsmMWZO1Mka4LaTdnFK3RURRN0TjlHn+fe5BNLasT9Skx6wGl05h3uOZE5IJAAAAqvA0mYgbRo2eIupIJoa97JRxJWJbMtH8g8My+EjiJdQJ8qLSqCoWI20y1VjFqr9U8k/jvsrLEjQSyQQAAABVXOxkInQb0aKUTHz+UN+0ce7KcDCU12/Yk0mix4XXvdBELBn+wZxC8grJBAAAAFVc+GSi+cP6/7vadSOZRNpDWo9xYottNVcpmeQeRPumvR6XnycHHs+WKCQTAAAAVHEhk0kqGlULsXzXo1bCSEUGRc2Kfvvjyqz8tJP2wZz5eSn2ZCLMJeJyC+0Dnf2X7wz4wpKzxhMkEwAAAFThRTIpnfheUfacbdGySCYAAACowotkAhRJJgAAAKiKZAKPkEwAAABQBckEHiGZAAAAoAqSCTxCMgEAAEAVJBN4hGQCAACAKkgm8AjJBAAAAFWQTOARkgkAAACqIJnAI7Unk8L7DyQTAACAy0aMAMU4kGSChjtVMhFx2fl8AAAAtDQxAiSZwAs1JpMdGU4+FN6TTAAAAC4XMQIU48DKweGRhWSCsztNMtlXZ5s4NwEAAIAWpc4wqXHCZIdkgnqcNpkU3n/Y3dv/6SfndgAAANBKxHhPjPrUOi6SCbxQezJRRe+aH0QfVaedUCgUCoVCoVBarxTeq3NLaj29xCokE5zdaZPJjjl5Yo8oFAqFQqFQKJSWKSqQnGqqxCokE5zdGZIJhUKhUCgUCoVyZCGZ4OxIJhQKhUKhUCgUtwrJBGdHMqFQKBQKhUKhuFVIJjg7kgmFQqFQKBQKxa1CMsHZkUwoFAqFQqFQKG4VkgnOjmRCoVAoFAqFQnGrkExwdiQTCoVCoVAoFIpbhWSCsyOZUCgUCoVCoVDcKiQTnB3JhEKhUCgUCoXiViGZ4OxIJhQKhUKhUCgUtwrJBGdHMqFQKBQKhUKhuFVIJjg7kgmFQqFQKBQKxa1CMsHZkUwoFAqFQqFQKG4VkgnOjmRCoVAoFAqFQnGrkExwdiQTCoVCoVAoFIpbpa5k8t+ZN/fijzV/6A837z95Oud8GK2OZEKhUCgUCoVCcavUlUxEJrGX4W+fOFugpZFMKBQKhUKhUChulTMmExVF0s9/tFdeuz4kKu01aG0kEwqFQqFQKBSKW+UsyeTZXzL/8dU9Z61O1ItHnbW1ifQM+gIhLRAOj6Sdj+FcOkMyeb+zb5YPhfcUCoVCoVAolJYqYoxnjfcqh4LVy1mSSeeX0aXX685anagXj+7t7TsfONFyUrsaDY9MTSQe+roSzkdRVWF6zFnlidMmE3sgeVfYo1AoFAqFQqG0Xim837MiSuWAsEo5SzLR/KHnc4tqQZdVeeuPo1b9nx/M2JrXZDgYWnbWNVCip9VWnUW6mvAd1Z5MVG4WfXR3b/+nn5zbAQAAQCsR4z0x6tPzySkmT86YTAaj3x+ZTFT9zdCIrXlNxm+G0oeOurTWbyzr6vOHOkey+o1wJhmXLx0IzxX0x6bjWtvYeH9UVPYlFqwnj+o1HbeSc9sHekU68rz4cXFSVOYz8l/H13/hFeYD0XlnZYOdNpmIDO3cBAAAAFqUGPs1PJmMJqZVDqlMJpX1NTvoCMgnRpLWaSpHJpNSgPGpV5mWQcV4wp3w6IZ+43Z4XOWWw/lIeyin12n+cN+0qpXbUTdaSmHe45mT0ySTD4X3xBIAAIDLRYwAxTiwcnB4ZDlLMhHW1vNf/uGuPYF8c29C3BX1Z00mhr3slBaI6jePTiZWy1S/vgBMJpNBsy6tmgXtX8B0PPK89JDSkskk/zTua485axupxmSi1nExYQIAAHDZ6Ked1HrCyRmTifDhw8cH4/9lr1EXEa4zmQgB4+knJZNQRTI5nL3EyeRAxJLhH4xJIW+cKpm8fbfrfD4AAABamhgBepFMjlN/MtH8Yf3/rNY9qd840GzJJLVjNLOv5lJH41MhczXXnXBCv2FfzWVPJkPX6voKzx8ZS5x1jVd7MhFxmWQCAABw2YgRoDrbpHKIWFnqTSZ/uHnfHkXWc3I11xnOgE9F5QnroviuR63D/nMjMU0/i304WEomc4mKM+D9g+p8d/sZ8BP6BjtuPZxZN86AtyeTYmGh/gR1jhSWnDWeIJkAAACgCk+TiXXKu73M/FcpIbjriFVYZeeZwFMkEwAAAFThaTLxGMnkXCGZAAAAoAqSCTxCMgEAAEAVrZxMcK6QTAAAAFAFyQQeIZkAAACgCpIJPEIyAQAAQBUkE3iEZAIAAIAqSCbwCMkEAAAAVZBM4BGSCQAAAKogmcAjJJNTOShsOauAen14u/fRWQcAwLlBMoFHGpFMNH9IlWBk0vnYSTorP+6mZpo/XLqTTfZNl+7V6zA3lfj+y2jy9ujEV3cefHnnQfe3f3G2KRZ9fCzPOdBpdj/f1ejKvvPRM9CuP3RWVRBtMs66kw1986A7luz+5vF/3k2KTnV7OnvgbIKLZnvBFwhpgXB4ZF7cWx4ZTDlbAI1ivfl29CScj52e5o87q3CJkUzgkcYkk8Ghuc30k9mOQChVcD5aXe3JpHMk66gRu+P0oXnH1WQyHn/w5TePi4cfD9Yy3dHvu4dkOFm1XqtY3Ft+8VF+8fHi4W5+UY5I0CyiC+W3NieeTA1Holog6nzYVZWd8BTe/EXmW9GLDj98HZU9SpQ/PllxNsMFUkj3tYdiydmJJ5O+0FSRZAJvadcT+a2Vl7OzwauhyPN6D3SQTGBHMoFHGpRMho0BW1brSeWLxT5/qPBDUjNTx2h/VM6oRGetp/R2hbVAuONWsltvk+oPLZsPlbLK+qw8GNkW3sskO9uMI0NmK8l3Z16zZi1KyaQQvB4WLcNPc+q+Fpwc7x8UL5eTg8Kc2KbvxpjxrOJBUP9K5uyBaufll99Mpc2al/+9VSx+mP3u+y/vTJTa7BfyW1ktIMfE+a3tUj08VxZus8mOe0vqpup1EbMbqLuBGzGjpdm7Ou8uiGcNZw9EH+t9LOdctGCyKDc7OHM3GhBt2qNy6VV5JxRtVI/NPU3I6Zob8dEf9B4jN7U9NxKTHf7uC+O1dCKH7Fh3VheL++9i38hwwnrBi0vkEMdgzkomnYGQnmPTVpoltMB1amely4p3OlWzrL/NTYid2fqLYX2/J95q9TZp8da88mRM1HT2W52x0CH2bG0DvSMLJBPYkUzgkcYmk8KUGheK3V9s2Th+k7k3MK5G+cvJ3sdyg4mvQi+N+YcDNc6rTCYTt0Jal316uvQGb9H608VXCaO+Ys6kL2AMWK08oxljBbGxsZj+er1mm6A/pL424eX493KlzbO36m5x9cVtfQQpilGj620Tz81p7fGZ0ngTTeCYdlNvrqLXqem79O2wvuwqXd49dst6Vzaptd237pnJJGSG010toN6wS53QSCY7sx131aquQiqkv5DYVPekCkP2Xl0sLor+M2ULwGqVoCgxptwusGziq3CgO2GdNqTih4gl5q+aZIIGspJJ+u7gqN7R5IGSUOkgoGL2PZlM1EIDqzd2m2+CxcMMyQR2JBN4pIHJ5HA33GWs5uorDRazw8HSbe3m1J4Y09uGkoFjkkk4EOowJ2J0xyQTkW0C+qtXJBPrdTW/scJHfJ0qkFiNrSmXoWshLWIc4U5/pw8Zv3ks7xx+/O+kPCVAFfvh7Ui33GzHzWTZfAs8d1QyWbF++3sTseE18f+S1mV/031R1ruySXvvspKJVeMzzmiqSCbTcaNH6beHXslNBR9sqorykeirL+XZSuYsSmHZ6lR/nDba42LaD4q9R9ugcfhF/NKXJ7Ub1hl3JBM0kJrFlbPBN40uZ1vCYDMdt5KJVaOaldYdmId1AIVkAo80KJkMzW3mt0oDLFsyse0KzfGcfcynblcmE/FvedI4LpkU957FfeIpO1N6+0KqPxxOzOf3DmzJxNjblnbZpWRyX1+OpZeCcfb025nHxqjx3rOhb8zbFXMmOCfKk4la0iB7nfWb3TMn6Ib7B7Wr+mouR44tv1uZTMzbzmRSNtZUG7FtqnwkumXkkCdrH/6S+qOtU42vlhrhwjrQ/ANF/ZfeeXdBa7dGeCQTNJBtNdeBFpATv+L9zupmnYGQ76uH+a1C1WRSSiMkE9iRTOCRBiUTx0EaWxopHb0+cs6koyKZqFkU0aa2ORNhdyYSHi/oy3W2UkFz4+HSaq4qyaR0uKhk8y/WqDH25JW16ubLO9Z7AM6RsmTyKhFM5Mpn6sr0tYdEDywezjrmTKonk2PnTJ4dMWdyTDKR55mo8lU8NfVArhhU5bWtDS4u1WHUL32o64jVXC/vDpBM4C5bMjHezuzJRGsbU2u3VkZLq7mMx5gzwUlIJvCI58lEjAKz2tVYfmuluz20rI5ePx8L3HyYX8tM3IvJ6Q69piMy9XJtU9SoZFJcTnYGQqOzmYmk2vNuau3381vGyc2KmUwknzHHshTrCo0urKQTcZ88D0RvdnwyyT2+L76SlcX5oZuDkWeqlTQ+XDqk/cdpedbAePyBdU48zpVO49pck+KXaEyJFPU104HB9OLK+Ehczw4vhpPzov90mHnV6l19Iy+OSyaib8wsbo5HBjrVCm5bJ7TOgBcdT/Tb0ciAcQ3r45NJ8c0zq1Opqyn8cehB93ev7E1wsaQiA8H+hxNPZkejUZ++OzJ/6foqU3munbgxsLK1Gfsq3NFFMoHL9GtzbYqdUuxmOBCVp6yVJRN/qPNOemVh1tcePi6ZpO+Eu+/JNmILJBPYkUzgkUYkkxb14Y/mie9fRife2i4ZjMvAcfqKO/bX1BWoRekeZpgKADinSCbwCMnkVN7mt96+fe+sxSXQkGQifdgRnSrPtYIBAOcXyQQeIZkAtWhYMgEA4LwjmcAjJBMAAABUQTKBR0gmAAAAqIJkAo+QTAAAAFAFyQQeIZkAAACgCpIJPEIyAQAAQBUkE3iEZAIAAIAqSCbwCMkEAAAAVZBM4BGSCQAAAKogmcAjrieTvQ8Hux8OnLVADVY2dpxVp/R/J+rdAi6t+4v7zqpTmlre2dxh74dTE90mX3fPyeVPfoMGjlRL5yGZwCOuJ5Na+jdwpPoz7V/de+esArxCLMGZvVit961TvIM7q4Da1NJ5mppM1hY+OqvQslxPJrX0b6BBSCYALqIni/W+dfLmizOrpfM0LZmMh8LajWjnSNb5QONp/rizCo1HMkErIZkAuIhIJmiiWjpPc5LJzL2YFgh/LKbPmEyySc0fCiZy9roOf6hv2l5xrFMlk0h7KO+sw1mQTNBKSCYALiKSCZqols7T8GQSCIREiigrbQMvN9T5f2dPJr2h+5p/oFRzOB+8PeZaMkmPLTurWkhhPhCdd1Y2HskErYRkAuAiIpmgiWrpPI1OJvPlsSS6sm0fcaYD/ZNz66c/ky+b7JuY7Q2ErIq9x/dH00m3kkn6TriVk0mxGOkq/eg8QzJBKyGZALiISCZoolo6T6OTSbo8mTgigf5oe6K8sgZZPYQ8Hwun9VSzMRn0h4rTcZVMRErxBeMv11Z6r4ZS+oU9l0cGh/vDQ4nZ9Ja8q76MvvZQRs3cFNLa1Vj6+YtAIOTrTxcPd4euh+a2NvNbm+LB4aAaxGfFDV9gcOLJbLgrFMvodYfzWnBMNMs8ifv6p/SqC0OEE49nTkgmaCUkEwAXEckETVRL52l0MmnUai4VQrTAffFvrCvkuz1vJZPKZiKZGFlCJ5KJiCWpgnE30mZOIGSTnX55W4QQa87EnkxWzHaaCDD6ZlNmM80/aN68KA7yE/cTy/VeVr92JBO0EpIJgIuIZIImqqXzNDyZFPXBvcokK/v7L58kwz0D4vbc9kH9yUROlchz3wdk8LCSyfbCaDTm0xORlUysCFGUKUJ+AdbdYHlwKh6fTMw6I5nkH0SHzS9faxszH70Y8k/jvvaYs7aRSCZoJSQTABcRyQRNVEvn8SKZ9BmD/rJZhbquGmwmk72J2OjavHGRLiOZ7IqQkD7Um71KHJNM4sViTms3lpaV5kxMNSYTobtN/9baoxfrg1lELBn+wZwz8grJBK2EZALgIiKZoIlq6TxeJJP0nbA1HVHmzJ+0aCaTYvFAbHZP3TTnTERNR2Qq83xK6xo4PpkUC9NxIxcV0logPPFkdvTu/WBXVFRk7g1030tntpb2TkgmLwJ3FszKCyP/9L73saRIMkFraZlkcuWTNmcVgNZFMkET1dJ5vEgmxedjPj2ZpOQKLjeUkknRZwUeM5nM3I3Kk1sC4ZX9TJVkoqeagaFX8kuaiEbFl+e7OhiM6ieyH+bUYrCVE5KJzEWq+G6MmY+ee4UlZ40nGp1MOq3fxbVoTk2aid+UqmwfmLFdAm64PxrQJ7v6EmXB0pzcM4s5MwZUciSTr//p0yufyPLXP/tFak3WPLpq1Fz5Xz8fyZT66kjPL/Vm//wvPQ+syiYimbSItanPO7637o30hj7/VbDza3Mndvj2d/8e/PzX/zGvXwZGSH0dFg0+//eb7/S9pbxtFdt20HpIJmiiWjqPJ8lE2F8ZiibzxnixRXT6w6U7T+9b55zgSB4kEyuvmksHS+vuxKOdo/ISBsFAaNnqh9uzWo89tEoin9S4yHBvIlZxuTlcFpXJxLr9D5/I2yKZWMcAfv+p/ujBbPBnnz6yuu3+yys/C5p3pL/95J/td4/3/srVR866s6oxmYz8tvQN4rz5za+Dv+t/aUsU+lUpi8Xd7yIj+tLkzl8ZPU3c6H74ofgs/qcfjKa/+9V/GLeUhe++ni2rQIshmaCJauk8XiWTVhRuD40+X8pvba4svNAq16qhnLfJRK7KsyeTbn8o+GCzWMxoN8uu79xd8YuzJ5Pcg6jmD2e2NsNdMs8sjw5qgYGVrc3xERFIDubuDmr+++rq0rhsqiSTX1ckk57/LWvE4P7K//5Pq5lVr+y/z1/55J+3tvL7xeLsf/z8yt/8YnUr/28/+1RfeZm98n+uiYe+/qKteLBf2Hp+xTcq7lrPLb6+/dn/+flsJr+18vyK/upLkX/++urP//bzP3z3/fPibkp/enZu9A9X/uW2/ui/Xvnk56+28rf+38+NZPL69u8fGxu78k+35VcunvX3v0ylUt+N3hYv2vOPn4pXLJz8d4mmOWKuY/LOiDwgUxz8bVCtnf7lr27+aaG4FgtZR19meoP6JJ+h89dlaRmth2SCRviigrOFrpbOQzKpw/aCWhSktYVH57adj6KcZ8mksDgViLxQTVQy+VhY0q6OzcjDiOnAXdsFpIvF2PVqyaQ3EOpUc2Ebk72Pd1P9ZUu8lkcGmTO5tI5LJvvvf7zy99eK9mSyu37lf/6ranPlt6PmM6RHbaX0UpTTF8acyWeffPY7NbcyG7wlO+wjKzboss45k9e3rS0/uvrZowOZTP5H2wN1Ptmr0C9GzL8VNZ/zb3/z6We3Xsr7By+PSyb2ZxXLoxfOp8pk8n1XUB042X3yzW/+8Gjt0b2Oe6vy7sOIunCM8PVvy5LJ5/9+z3YPLYhkgkYQQzt7LBF3nS10tXQekgk84kEy6U3Kz8ecSCS0G5OqiXZrStSkn0xqgejwsrxQ9amSifO0k8Ptmeig1jaY0c+YIplcZpXJZGsrv7X14+z3f1I5RCSTOVmTn0uN/vXf/Fy1qTGZGCeo6OUfIrI3Bv/ps7/+J9+WcbbUEcmkFF302yKZWC1+r6cRReUlkUasR49LJvZnFUkmF4EjmWw+vNP7xFjWJW4Heh8NdvUEvn6hTiz5U9fNz38V/GXgzsSXQWtvuzkS/t5MLGhVJBM0iBVOjoslxdo6D8kEHvEgmVirudQH3dhXc412h7Suh6ddzaX5749vybQjS8H4VMqZkbgWkKcYkUwus8pkYt2+8/mnr8pXc80GP/tu94TVXEV7MvnH/1Spxr6A6uu2f73y9/+u3ySZ4AiOZPIb2wkk1skkHb8O/m7otVUv/MlvLt86fPn1b1nK1fpIJmgclUyctTa1dB6SCTzS/GRyLSEfOs0Z8L2BkO/IK3RNx4fXVDK573wIl8Npk8nIrnEG/KzVbSvOgLet5vr0HyM/2h9SxDblWhyRTNrKr+v1+vaVz/+kbj5qM1ZzWdlD3LbWZX2m541/Madi5KZUMlm5/W+jeqP3o6zmuqDsyeQ3v+6xPVJaozVxPfh5l21p4OGq9aw/BcofQosimaCJauk8JBN4xINkYiy7agvPGdenNq8aHCg7Eci6anD3n4/4OJrya3Md5Ocm1TZTG8Xlx/HOq/LDeTr7VZ4pzI3ENP3q0rhsKpOJsf7qbz67k5bnppeuGvzJZ8HvS1d7U1cNFpX/EHReNXj10TXxkN639le//4O6uPAr+aeQ/dv/JTf1u1H95BB5bsAvxBZKz3x9+/eP1j/T21zTX8ueTITvvvhX/frFv1g11oO9n4v4RM2vI8//1rw2l77NT689WjfOgBcRq01/1v/8ubzS7Pvnf/3Jp/9yr6bL1qEprIwx01t2CWB5Gsla+je/llcNTvzlrdH4V8Ff/vZmZ+k6XFufB75bNO+ghZFM0ES1dB6SCTzS6GRyasvJo+dDgBrU+UmLv//Zp+oyWe6wr+YCgOORTNBEtXQekgk8cu6SiX6iSI0fXQI41JlMhMLjtv/h1seSkEwA1IZkgiaqpfOQTOCRc5hMgDOrP5kAgPdIJmiiWjoPyQQeIZmglZBMAFxEJBM0US2dh2QCj5BM0EpIJjiDv/u7v3NWAd4imaCJauk8JBN4hGSCVkIywWmJWPLdd985awFvkUzQRLV0HpIJPEIyQSshmeC0mDDBeUAyQRPV0nlIJvAIyQSthGSCU1GxhHCCpiOZoIlq6TwkE3iEZIJWQjJB7ax1XCQTNB3JBE1US+chmcAjJBO0EpIJatSIWPKTswKoFckETVRL5yGZwCOuJ5O9Dwe7Hw6ctUANVjZ2nFWn9H8n6t0CLq37i/vOqlOaWt7Z3GHvh1MT3SZfd8/J5U9+gwaOVEvnIZnAI64nk6LexcWmKJTTlr26M+3iu8O/uveOQjlDqT/WisHli9XdJ4vvKZRTFdFtnJ3p9D4eHFbuVCmUWoroPM7+VIFkAo80IpkAAACgZZBM4BGSCQAAAKogmcAjJBMAAABUQTKBR0gmAAAAqIJkAo+QTAAAAFAFyQQeIZkAAACgCpIJPEIyAQAAQBUkE3iEZAIAAIAqSCbwCMkEAAAAVZBM4BGSCQAAAKogmcAjJBMAAABUQTKBR0gmAAAAqKLxyWRjPhyJq5I7NOpmRhKqZmb9oKwxWhfJBAAAAFU0PJksjwxq/pAqw8tGZUfAqOkcyZa1RusimQAAAKAK75JJeQg5OKrytHJa10NnHc4rkgkAAACq8CSZBMK9kfsih/Q93dbrDnwyloQDgbqSSfpOONITctbivCKZALXamupuCzsrK/iujjmrAAC4yBqeTFZGB8PTBSuNiBv5p3GVUgrT8c7RFecTanQ4H24L5R9EJ3acj+B8alQy2V/pvBoWPaqjJz6c3nQ+CjRSJplQ07+BG7E954N12Ep1B04+7KIF7jurcDlo/mhiy7q3q11LvFQ3NyY77i2pm/al1HoZtJ4AAOdWw5OJjQonspiTJ2c3cSuk9aTkHrl70qiajsdGBsMjU6mMvDccDIUTsxOJMS2YXNbPvI9dH5h4vpRfnBdfgLUdeKYRySTcHtLa487acgHej9EYYicTW9x31gKNN9odst779iZiMf1dT4h1hYL+cDhdurSMnk9O2EkCwPnhZTIpZu4Zh3A+Oh85taA/1PtYDl59/gGjajpuH6Rax4d8ZkuL2KefdaYGZ9eIZKL5B4ZeOS7vVghel1Mo4ac5cSdjHjVM6Y/lnsoj3J39k3MF/f76rM+8GIN6855LyAk9LRBOqavGZZOd/sHc0zFR6ZMzfoYOwi1k96vsBgXVhTp6Euq+GBeuHGZFN+uMzBYPc6mI7JBG7xJbiLwY6hnQAgOyPxYW5BNvJeUDsuPpGze7aEeP7J+qA4sSFFuTX4C5x1PN2qN9iQX9fjr8bL+zXbbs7Fd9Hy0l/yBqvcclekLmxWXkG6IMLbdk91BIJgAulsYnk0NjiKkWcfVG7pvLuqQ98zrCp7RkjiZlSauNTMeHSyetyImRUulPi6qVJw8D+lu1KNZ+HJ5pQDJJ++7MO+tMfeZZTKU1DDuznaqLbEwG9WGf5o/qDxykQqG8+D/zsHtCRZZiLBiSi3P0AWJKr8slrKWDGd/tY18Xl0ZWn7YtIyKr0YUOs2p0KMaFqkb0H+u0Op/ZJzXjwMqBCMPhadnnRbPUYSmZdJbP+GlBPbdYd40R567WZQShwtP7+uHztNY2pmrEF+D8KtEKdiduhdRMibkfk7s4uZRrK6X2bwrJBMDF0vBk0ogz4NO3w+bcdVGmlFuzchBZlkw2HW/hxVeJYEIeRBfGb5JMmsCrZLLfd2NA5U9HMnGsuhY1vYHQ8t5B7nmiU1/Tn+q3dQzVnaxD15JcOphzdj9cWkckE7l21Lqtd7xSMLDtoKxOZe2mxNixrJnZ8T4uToq+GuiJq3nmTCKmBQaCkdKz5H/ZZN+0qpB39AMx6dKutWzHiBZymA7czYjffveEsbeMdYXUm9zeRGzoldGKZALgYvEkmRhjwdJiGDV/Yo0dT6u3/NxQzR8d3XC+AdtfTnoW731qrKAIBkgmTdCAZJIRQ0M512GT6g+HE/P5vYPh4BHJZHxrM2+Wojns09qj4Sdyfd9JyUSulIhliuG2yjU8uIR2rXkJi+vJRMgtTEV6BrTrxqzIy2QieC3UEZWZnGRyuR1o1xKZewPWZWACtiMv1rwuyQTAxeJhMgmUokJhup5kkiud9a5L9ITkB5s43oAPt9Ulmzr7k+kNWdEXlHd9XbHCRIxk4r0GJBMZMrWgMWJTrPGcr2LOpLgz69PX9VlEeik75UkefTRWcw11lVZzWY/nElExlLSv4cZlFmkPjZtnjCidpdVcGWs1V53JRBF91X5XPXrEai7jZGiSyaUQaQuVFm6J/ZttlanPrCeZALhYGp5Mihvz4UhclZx5VsnMSELVzJS/r6OFNSKZCB9X0oE2mXI7ehIzW/JUYJk/b4zNRIxkos5fV4kkP6dPkrSFO28+LBYPAm2DE09mZUnEfVF56vDKE9m4/Ax4+4hwd/ymeV4TUCyOR6PqIEvgRkyv2FddyH4GfD3JJNZjHNkZeiaXwqqrO4j+ObMt+2dpxLm94DgDnmRyKWQemmkkN9qtH0wx7T1WZxyRTABcMI1PJoCuQcnk7HZmrfXZRdsYsaqlWBdLuQAAABqCZAKPnLtkUsxqXXF5zsliOnYzPLx8wvTdytZmZyDkWA8GAAAAt5BM4JHzl0wAAABwjpBM4BGSCQAAAKogmcAjJBMAAABUQTKBR0gmAAAAqIJkAo+QTAAAAFAFyQQeIZkAAACgCpIJPEIyAQAAQBUkE3iEZAIAAIAqSCbwiOvJJJc/uQ1wpPe7H51Vp7T34WD3wwmfzonWsLKx46w6q59+Kq7nd9fr3neJL4nudxmI3/Kee79o1f2ctcA5QzKBR1xPJmIjzirAKwTjy8PdDHB46MLo0N0vCeeZu7saEU529uo9LgM0FMkEHiGZoJXQ/XBmYqCD3rUAABkxSURBVHQI1Mj1Xc2bDZc3CLiLZAKPkEzQSuh+ADzg+q7G9Q0C7iKZwCMkE7QSuh8AD7i+q3F9g4C7SCbwCMkErYTuB8ADru9qXN8g4C6SCTxCMkErofsB8IDruxrXNwi4i2QCj5BM0ErofgA84PquxpUN5vK7YjvVi4vXOz63xPdY+Y07irtXV7sMSCbwCMkErYTuB8ADru9q6t+gGGq/fb/vrC33kxsvdP6J77H6lfbEo+JnRTg5FZIJPEIyQSuh+wHwgOu7mvo3eOJwXKn/hc6/Wr7HSxLSXEQygUdIJmgldD8AHnB9V1P/BmvcwjHNslpPKm/d25ntDYSM2+mx3sfGW/9wMKT5bSWYtJ5RnI4fXV+DdMJ4bl9yyfnYmRzzPTpVaXb8t5AVP4Sjf1DHyH8fS+04K5XKV6msKSdfXf6sAuGhJyvOB4vF7pO+mHqQTOCR5iYT8Ue47KxzzUl/4ajLysIr+91T/NYb6VTdDwDOxvVdTf0brHELxzUL+kPBRE7dHr8Z0roeqtti5O3zR0c3Si3l4Lg/XbqvTMeHs8660xKvWxr01+G479GhSrNq44eNySN/UGdQ+SqVNeVkMlG3UqHw+DGBp0FIJvCIh8kkax1Q6ew3/vaalEwK4mtw1uGUvvzii7eHxu2VB7d6Hxxx/MZ7x3c/l71ZWl1aO+G1RBtnFTxzmPMFQr0PrLFSztef3rM3AOpw0q7moLMtFLiVsu5rbXHbo0c4aYMnq3ELxzVL9JTmOkRK6Rwx/na0wP1wW6jjXmk2o5ZksjwyuKz/DWr+++Ju7mlCHemfK6jHD4JdYX0wMFl6jhxth1z5Iz3ue3So0kz9KIwvW2S2yKztwc3KH9TMiDHtM/yD/A77/KHCD8nea/LnJn4URj84zHVeld+1alPUX6UvGBY/lo4eI95YW57T55GC0dmc+T6rKyUT8QOPPJf/i6ekIoPi5zyxX+w0xzaj/VH5ww+E9Tfmo3/ap0UygUc8TSbWviyb7ByVfy+nSSa74zdPFyeOTiaFBa09Zv31og4HX3zxxZfRZyKWiH+dDzZJRff7kFlcXcltr29sv3mz/q78MbQwMcwq6kc0fXfmxY2hLq//5LOLqx9L9wqZ7Lbae+ZX1zJLm6p2e1P2zNdLq+JfWTaP23ni3KnY1ZTJP4i+LBb3JmL6e97By7sDL8vGl0eovsFa1LiFY5uVFibltO5JY1Ig81Au5Xo+5vOHrYY1JhNfyBzN78x2mo8F9Tff0gqojUlzqdhB/tlY570Fo74+x36P5ao0U+OHo0cRpa/f9oMyqdGFSCaxZeMaaKVkYhJt+qblDc0/YFQVplTCMV5R/Nif6uklLX7yZhuplExEp5rQ50xE5DCCjvnqmXsD41bV0T/tsyCZwCPNSSbFtBZ5UdT/COd+mBR/V9YBA0EdQpgrZGPXS4OJvmvmfIs6kFNYkMcD2gZKhxPWZ2VNe9T6ezT3KYXOdvnE7lE5QCkeZlLbByQTV7xO3PpCZ02eNJ2j+22vrS2u2vbQuDTC+pvx8vCgMcJoH3M0aLSNN6sbVjTJby7nPqibcrZtsWwybWWZubWL5/h3Omkmor/FLCflgHwjFQyUhvXHqb7BWtS4heOb7U7cCmXE/9lk8IERntO3wym5e5+PtJVmM45LJuo9Wr1Ni+F4Kag8iw+vGTeHrsmfjOYfNB/LqMFAYTpuDz91Ov57LFOlmbHf8IfzR727Vf6gLH1mMrFqKpNJn5VM2sbMul2tR7ZSr7syOjijqnemusuGK0Yy+VhY8Zn1th+mkUxK8yq6yp/22ZBM4JGmJJPxW+EZI+sPRH7QjyuYBwzEH7w6tvTy7oB21B9kUT8eoAVi6raZMXa1roSq8fkHYnKfYfyFp/qPCCEkE1fUnkxE71ItFXHX2cIlju6XKR8CCrk3a6/X3uYLu9nXaytvZd/LZDffZHNvCzs/Lq6+WdYf3djIZLfFQ4uLa9nVjY1t0Xh1Yz23nt8pvCtkFuV77OvF1cXV98Xdtz++3iwUdt5kN9d3ZRB6vV4obL99vSbj0Gv16rtvXy+trm4WttY3Mstb+lfx9selNaPmzduT/6hwevZkkr4TXl6fkmOmayesqHFVQfxyVTaxzZ98yCxtvltbX7P91kkmF9Hx73SSSCZyHK8nE59/cHg5J7pf34Tj8HqZ6husRY1bqNbscD5wNxPrKoUQK2zIlUXmyRXHJRPHnIk1HBe3x7c282Ypys3et+7mC/JKx31+W5KpW7Xv0aZKM2u25GUyEbwW6ojqRzYtjh/UYVZrj61sbYpv5dhkcijHMLEnGdXGSCa2ORn7LI0Yt8yV/8RM+vn3srJ0xE3zl3Zr1oyNVVM86qd9NiQTeMTTZHJrSv/bWIp0h4f1iU77ai51u5QZssny/FBKJn22JbDiD1huIZtUf+dF207T+Js/3PYFQt13p4yHdSST+olY8mX0mZ5J5LKuE8OJ0OhYUqzofplF22mbRk1pcKBuizZqx7+9urZujh9V/FhcXF1aV33+rcwhOjWONJPJ9o+vVdiQ8qtrrzdK5ySqZCLaq5yjbuube5t5Y6wsEy+08tZoDxflHkQTi5s+fzjyfFu7OdWpjhruTKmV2d4QWVefKjmw+qHIJPqve1fkE+tMX5LJRXT8O51uI9X9/VJfeyg/ERsvrKg3r+oLkk/YYA1q3EL1ZiJHaQFzpJt5aKWRon4kUd04bTIp7sz6ytv3BkoLkJTM7IvMtmsfAVn9e7RUaeZYx1U5Zij7QU3Hh8wrwqgjqkckEzmnZPwAZUw1VnOZ00TmWfXWai5rkFPOdp6JqTKZVK7mcmXlAMkEHvE0mZT2TTl1OQsvkomwl+1sC3WXzoU9Yi+D0+q2pRGRUv74qDRAP84TfebEWeuqimSybr8ra4xZC/22Hj9EjcoNIplYb8JWMnltDCmPSSbiXWdp9cfXG8ZKnY+7GTEYXTXGnCqZWC2LcsZmVX+t0tZIJg1TkGfAJ5byz+KJDevNO1O5+qJx9FCaL358++OKMTB4s7SqIqn4vb8xownJ5CI6/p3OoJ8BPxluF+81aTVOfXl3oMqFp07c4Ilq3EL1ZkPXQr7bxvyA+ILTtkNO4TbjffPUyUSO40Pjs5mVxfmhm/IYQe7x/cDNh6Jm4slkRD9LUU7L1LHQyKH692ip0kyNH4LRyfzW5srCrNbunG61/6BE9NKCY/m1zMS9mFpkdUQy0U/jmVncVG2MZHJtIJzMZJ5PhrtCxkISY9xyIH4gE8+XJpLJcI+xQkRXUzIpFtLa1VgsOT/zZHLlqJ/22ZBM4JH19fXmJJNrcvGV5g+H0/phEvOAQaJHTxp66D9uNZf4O7dWc3UYbUqrubTy1VyWyrWYaD2O7re0qOYoSo6YM6kvmSii5Y/WCS0yn+TWd6vNmZBMvJF7EFXXRGpKMikWtkQPFHHUHI8eiKisTnZ/83rV6ookk4vo+Hc6m41U3/TuxUomraHG77HGZlBIJmiChicTc7lq4IYR8TuGswV1BvytUoro7dLPgH816cwPhQW51FVdnXZ/xXkG/LZ+TnzFGfDLj/XT8trCGdvqSueW0Sqc3e/je+vaXKurMmSI+LG8Ks8zeWOdZ1JPMnm7tbpRKLwr/Li49nrjQ+7N2sb2bn5zS23TOM/k43vxlDcbha2NTes8E5KJJw60roQ6by3RE8psrUz0h+3HgD2wm8tZE3fitu1yDDurr435E5LJReTc1Rylw1y9IxLyuL62sPzxMrVssLoat1Bjswutxu+xxmZQSCZoggYnk1NyruYCTlbZ/eRZ5ourovy4pK4O83FxSd5dNDNHXclk992P+sbfbO5+FFvIqdday+uru4xkInyQp9eLeuOEaJKJN7KTkefmyvXtF/IIxTX7ughP7G5njDORZBSx70BFUHmj9zySyUVUuaupkFVXrJb00x1tn65zhBo2eAKxhZ+cdUeo/4XOv1q+x59qawaLd8nEZ7vwglWcjXA5kExw0bnW/QDgeK7vaurf4N6HA7GRWorzmS2n8ls+soifmPOZOJ5XySTzUOSQ3kg8bJWeAfty/NM7yGem9E/9DAUjybTzujjVDAdD4wsrqVe7mj8c+cH5qCuskxNwpOy5SibA6dH9AHjA9V2N6xsE3OVVMtE/GcdeIT9EIphM3U2kS5e+PIVUJCw22Hd3ciKZ9AVi9suWnShgfiVawDiD2XVa4L6zCjYkE1x0dD8AHnB9V+P6BgF3eZFM8t/H5NqtwEBpwiQig8rQKxESoqOnme4wbExqN6dOE0bK1DdXcyxfYzbbkkgmuOjofgA84PquxvUNAu7yIpmoz9jWQrP2SlGT1i9qZH3KRO2WRwatz5qxS0Wjmrwc09jEinF1JC04OdofVddWyh8WizvzwzdlGzWBo5kfBZqfS9rOfokXi2nbZWfT5idapCPP9as59cgLRn9cSXe0y/bji/K1Zm4Pqqer62pbV30Wrx5oC8kLQJmf7NPnD+WeJkRLn+3rvGxIJrjo6H4APOD6rsb1DQLu8iKZHHnuu8wG2eSRAeNEw0Hjkyjscono0Cs1+s8lekLqio0qgegK6nMt9EpjcsNMJrvqw/iKxczQNdX+6GRS+hBNG/HdhY2P7ynNmahkkr4dtpaZRdpD6mo8IpmkVOUPCWtd2WVDMsFFR/cD4AHXdzWubxBwV+OTyeF8ZSaR5eaUyA/OxrURT5xx1hUj5oeGStmk+pQr+ydWWrcrksmm+Ul5JyQT6+PApe2FzmvyXBfN+ojNimQStAeP6Xjkufzf9oGdxociXUIkE1x0dD8AHnB9V+P6BgF3NTyZFCb0k0wqikgO3Wcdl7+8e8SZ63UkEznvsVLYT98d1ALqoZOSycLDjkBodDaT39rsJJmcHskEFx3dD4AHXN/VuL5BwF0NTyZ9FZlElULxQLs55Wxdq4LmD3cnluxVuQdR87Ou7Ku5akom4XbHMq2s1j2pFl8tDw9WJpPhYEi7rqZZDqrMmaTvhBPm+f321VxmK5LJEYVkgguB7ocz+6mWj6kDdK7vat5suLxBwF0NTybhtpDxYcTl8k/uJ9Tn1Z7N4XYmmTA+z+SbF3m9bi4hL/kVuDE2vmic3lFjMokFzcgUCOf0SDM3EuswzlzPViYT8eozd+WZ9J2R2aFrRjLJPR0TNQn905+t15qIRtV2ZtZLZ8CrGySTIwvJBBdCLn9yF0Vr2HX1U9IOD4vrdXced78knGfu7mpEKt7ZO3JQBpwXDU8mhbQcrx9Z9pxtm+Qw67sen3gyK8poNOq7M+9sALe5kkzc3V/jUnm/W+97896HA0aHl8TKxpk+desoYlwoYkn9yUR8SXS/y0D8ll38+HDV/Zy1wDnT8GRy/s1EQi+tO4fZOtaYoVauJBMAAAC0EpKJcNB3Q15ly3d1MBiZdD6IBiCZAAAAwIFkgiYgmQAAAMCBZIImIJkAAADAgWSCJiCZAAAAwIFkgiYgmQAAAMCBZIImIJkAAADAgWSCJiCZAAAAwIFkgiYgmQAAAMCBZIImIJkAAADAgWSCJiCZAAAAwIFkgiYgmQAAAMCBZIImIJkAAADAgWSCJiCZAAAAwIFkgiYgmQAAAMCBZIImIJkAAADAgWSCJiCZAAAAwIFkgibwIJn4bkwuO+s8ttCZyDrrAE/RCeGdoathdaPTHyp/xKAFk47d8tw3Yb0m3Tmid9StqfCzenf+AC40kgmawK1kovlDWuC+vSboD/VN6w9df5ixP1Dd4XbwelhsraMn4Xzo7BY6hpecdWghYvgVK+tk86ILGQOsM6AT4lS2F3wBsQMMh0fmnQ+5Z7Q7VPuONNJuBJJTJJNoWN++lUxSvU9r2vkDaFUkEzSBa8kkcL/3VihXqljqjMRVMqld+o4YDhqH+orFfXE78vzA3uBUAv7BE2vQGjr9g1rbmHV34laoL3DGZEInxKmsjA5q/lhZ1avE8Fm63gm04Jjv9qmTT+3JxGQmE5Pmj6fs9wFcGiQTNIFryUS+e8133FNHhQ/St8N72aQxZ2K8BaZ9V8Ojz5deJuMdgdCe7bkWzT8w9Kp09+XdAc0v52HExs06410zEYqGR2bzaxnxFHF3eWRQC4S7783mF9Oaf1AMCz4WNsWN/NbmR/NZVk1+qxDrKr1b20e0uKBEMkn0lDqV1vWwz5wzEV3l5drmeGTA6Cqjg8PLImkUxm+Glg9LW7DQCXEqe4/v26Ks/KXnk/eH5uSvuKj3N7NLWMurBgNXoxNPZuWdjZTvq4eyCwX0brnzQt7dWhm6mUjtWJuUxKvEMnIiWt0Ntxk3ZJDWO0/wpnjiZnd7SLslt9xntjSTSU70VfWHoGYXtbaw72psZWsz3BWa0V8r1R8qW82l78D3tkWPvT8ueuz2bm/A6rG7WvekeRtAyyKZoAlcTSbmAGtnVr6HVSQTa/glxnBHHoTT/LFx+/vxU/GWLw8wVw4KLX36m6UcFJrvxNbBcvVcnfEsqyaXiE4YL5Q5w2FInDditCeGbqMb6t6SSMhWMjEcplVXEb980SELEzExFiw9akMnxCllE1+FA90JPX/qpuPGnInaE+pSIbVWSkaFlMwswu7ELSMej3briSKbPGayRbYUTxfxW81Li0CS1m9E2kK+O6XOo3dC2VErkonp0OqHA5Ef9MnAwpSqOTKZ6C2NOZP0beNbKO5MBRO2CXIALYpkgiZwN5mI99c9/V/5ZlmRTErjOeudu1ztg8KV2WTfjQF5cov+vmu9HwvDwZDWL9+1qwwKzWN+cm6n9qXbOLc65W/2QOuSZzSJ32leH5lZXSXQJvuJFRsKol8Fj70qA50QZ3Iw3D/o03/p1v7N3iWs/WEpKmSTnXrnMYts2XstFOiJl0KOLnNPdLOovLUzFbirOsuSnmaNPi+MR6P27VQkk33RV9UfgtEPbau51O0Tk4n5osZ+HkDLI5mgCdxNJsWd2WAiJ8Zb8nja6ZNJ0B+yHzwe6jJWJpTe3Xf0w3tbKeuIXbh0uPpUg8KiXEszHTfe73HB6clE/k5F/1FTc0YyKXWVF6qrCB3+sOhaxiCyAp0QZ2bEAGv/9ixe+nVPx9UqwVIyKc3jOXUGQubKWMnnDwXvzk48kUVEi97Hcp8sV3alx9Q8oZxC0ede9JNejkgm1jIw8Ydg9MNAfMao2dR6UvmakkmxNyBfncWHwCVBMkETuJxM5DG8QWPEdnIyOUiv7Bs1Ov3kY7lkX1c6+dg6wbQwEZMbySa7J4yvynfGw9VyLc1wvzHoxEWnkon4nWqBQZUrjGRidZX0mOoqxcN5X2i2+CrRYaz7pxPCNUbPmY7H1HzETrrPPCFk/KZxZS3b8iq5Rstc2VVG9p/IC/OeTAIqeBT1M0xUh0n0hESWyOuV4sZL/YZcFXZUMim9aHrM7IfhcFpfzbUxqfbYxyeT+ynz1dO3w1p/0p6aALQwkgmawO1kUhy6Zk70n5hMdl5oX6Wcq5XNC7b6ro9ZdYUfkmqhQmo9pzYSvqG3uTE2Ezl2UJh7Oiba6AfGjZdWNeYBv7L3e1xoKpmI36k1/rNWc6muMrGyr7qKzzpZ+TCj3ZyiE6JOy4/jnddUb4maKeOgs836FR/0dslHR38wHnSc+DHaL1dhBW7EhqY3izvz8urD/tDQs22rge18JJ117srOrO1C7YUO+YoD+exk51HJpLguJ1vUH4Lqhx3D2cIPk6Km41ZStTwumcyNxALiq+pRO/iM2MM7/14AtCiSCZrArWTitsJxJyi7Z8l+5ihQgU4IlLOd0w+g5ZFM0ATnNZmIYWFaa48fudShfitbm52BUGO2jRZCJwRM+a2VwFk/JgjARUQyQROc32QCAACAJiGZoAlIJgAAAHBoeDLZe6afeVl+AfX8MjOzlxrJBAAAAA4NTybqI4odyURUBiJHX9cflwHJBAAAAA5NSybiBmdhXlokEwAAADg0M5mcPZxkk4H+SfnZtEl5sf8zbgTNQzIBAACAQ1OSSSgciasSm910PqEW2WTpGoLLyc7RlbJH6+OzfVgyGoRkAgAAAIfmJBOrnPEi5fZkki0lE/W5tr0jC3n9442Hg6H8s4fyhQLh1PqB0b54oD5oOfzEzDPT8XRxv6MtFHzw48xt46tVHzxrfFDu9ehH88lwBckEAAAADhc8mewXrE8NS98Jq88myyVEnBgo6slkdMN4RlB9guzGZNBvfJRs7kE08lyPK9NxrT1utCsWNWvOJJvsm7aq4Sa3kkkuvys2RaGctux9sA5VnB3dj3KGIrpN/d1PbIHuRzltWd3cEd3G2ZmAc+aiJhNrC8HorKqLtBmRQ+YWPX7IORPzGeM3Q+liMf8gWgoeh2nfnXl5Yzre+7j0t2prMK91lRILXJR1I5mI9+bdut/gcTmtbOw4q06J7oezEd2m/u4ntkD3wxnsfzysPxgDDXVRk4nxxMKUL2Qkk6A/lN/atEpRTybWM5aHB1P6vIrmt8JGVutJyegyHR+2fRWlZCIdjEajWoAzT1zmSjIRG3FWAV6h+wG4iNh34Zy74MmkWBzqCr3UzyoRqWN4uexIgEgmVuRQsyjFjZSxrEtfzRVOG6u5jk8mkko1cBHJBBcd3Q/ARcS+C+fcqZLJ/wfL308cFUfX3gAAAABJRU5ErkJggg==" alt="Screenshot" width="100%" ></p>
<p><img src="data:image/png;base64,iVBORw0KGgoAAAANSUhEUgAABDMAAAIGCAIAAADGMlPIAACAAElEQVR4Xuy97Xcb133v2z+Aa/ksvejSi6zlVTs+J23UtFHb1Kfn5vqeu4572uuT02tFZe3adVinTKLKUU6iJFaOHV+t+CG0JBoxaVsMKVqWbJGUYNOkaFOkCIJPAh8l8cGiIEIkTJEiRfEBBEiIxDPub2aAwcYegMSA4AgP38/6hhns2bNnAG7J+6O9B/MHD/1+AkEQBMnRlNHP8T/6vTVcMh6rAhtrjDqqw5yxTGwtdBb5MoT8786FZZd/1e13+wO+QNAfCAYCQQAAAFnG2rr3CxHa+APFfzAQBEGQnMl9NxMpsczk/+uCmQAAQPZDTnJZhDb+gN8JQFLMLt7jiwAAaQ+N9Wm0T+N+ty/g9PjtLr9t3Td/z3fH6b29ImRqxTvp8FjtnvFl9/iy5+ayx2Jzjy25b4gxM7m+GDdsNelAauGmTWjtps09sez50uGZtHumHJ7pFc/MqnfO6V1Y85GWrLj9a96A109XGPDDSwAAIBuRtEQCZgJSA8wEgAyFBvw07qfR/7o3sOoWZICUYGHNe/ee767TS4oyu+olW5gWRWVadJVbDkFXvrSLcQghddk4UjWqTwdSqIUpsTWpTWp/VhQSOil50aKoJauewD2P3+ULePyClsBLAAAgK4GZgNQDMwEgcxGnTQQBcPsCZAJrXmH+hEKiQnpAruJw++0un90lSIuQdcEcbOs+2zr99C+t+xKJWJl+CsdKLQg/16lZn0OcHqFz0RnpvPe8gXVfwO0XLomUCeu4AAAgi4GZgNQDMwEgcwkId3EI93J4BBkQfpKfrHv966IhkKjcE21BcAbRWCLeIugEm0CsMBVE8ZAiN0Utr4lZF04qnFpyEklLfJgtAQCArAZmAlIPzASATEe658Qv3NEh+IBP+Bn0CnogGIIUSRhEewlF3pVImAMj7iFGOIt0RvHUwjVIK7jgJQAAkN3ATEDqgZkAkE0IlqKMuO5r44hiE4myQowoTgQAACB3gJmA1AMzASAHUUrFpgEAAABYYCYg9cBMAAAAAACAWmAmIPXATDKdZVdg9p5/xpmCUFN86wAAAAAAsYCZgNQDM8loltYDSsHYSqhB/hwAAAAAAAq2aiZuX/D2is+86L2+IGZRjk/IEhObkLFl4ask+VZAdgEzyVA8/qDSK1IVahwAAAAAYAO2ZCZOd+CPSuYeKr370Dt3H3r37kPvzT9URll46PcLD5UvPnRCyCMVs/9ycbXg4spXP5h/+MPlhz+0P3zGbrjt5dsCWQTMJBNx+VI8VRIz/FkBAAAAAMJsyUxKelc3NpP/VDG79/OlJZfwZK6/++SubCYPVzn4tlLET3/+y6eeeY7C70gp0im2+yyZC8wk4/D4g6m6sWTjYOYEAAAAAPHYkpn80e/ubGAmX6u4bbztcbgDAsHAksv38Ic22Uxs23Nf7H99/O/+6JE/pvA7Uop0iu0+S+aydTPR17aw6ZiUiqe5cnv0UdnKk7o+vijVKBVi+8KfGwAAAABAZBvN5PkWG2mJzy8YCP3P4fY/fDpiJtt0twnMJB3YupkUFdfo3vsklJKa6iGpeLRIpw+X64/pam5HHxWD25/+6PQEXxgMvvXdQr5oy/z4u4VPhvPjl44v+/gKSbPdZuL2aWom7tR9MgAAAADIJrbLTL7fskQqIj7zV3iclscXeH/Mza7mcsJMspdUmEld5MVQS8RMzo2GS2cvViRkJq++VvjkviqueHvM5Ffsy7e+X3hlnS1Ini2Zia+rhy/iUcrDdoe/AgAAAACAbTKT/6mfm7snruES8fkD9RPuR5g74GEm2U1amYn+dtBpLD45HlWsgZnQFT75mjG6JEm2YCae5c9/q6WZVNfbHqh3Ksu58FcAAAAAALBNZvJCx71lV8RMXJ7AP3w88/DpZZhJjpBuZhIM3uOmTTgz6dGXPPndwvzvv/Jmw4hUUv5cVIW38gv/lVkVRhJy5hazO1zIlTz500+ljR9/tyToc/zoGWGh149Om6XCud5P3/zlz6nkXw+86ole4DTXVZWfH1oVFmTNpLeE0wzujYw0HD904Cd04LM/eGV6PfjsU5EFZm/1shUjbPCVXH1tyw+U2yiP1q98vsjvjZkEzYROyl8HAAAAAHKe7TGTzvUvVwJ+f0hNHG7/fz59G2aSO6TCTD7puzwSyucNETM52REu769+L3Ez4adN2AH9WwWFVk/4hbPv2ZIr9P8eY3ELsxbrWV3Jq9/9efjVvZiTGAozcchzJrTrWV0Xu69H95OWu5GXdA3T4e0rJT/RM9rzVsFPEjSTQ/mFyptbpvW/2njOZIPnKpKZ9EnbV+0PlC8rKyiToJng2YsAAABAarltqBNGMAljv9ZRVFzTyN2Nuzyovxa9GH22RxqGHavs33zctWVSaSZ/9fsv//7UxJ+X3fqzE9MfmP2zTlFORD1ZWvc9+tHMxmbyy1+9JA33By5fkYf+lDePveXxyCPH4N/+/f9g91Ke3PtP8l6lmTz0H/9EKvnW33x7cvLWn37zr6SX//TP//LIH/+p3Mh/++9PyIfQNX9w+iPuLK8cflWuIBdKL30+H1uTXso1c5Otm0nKCJsJ8Wo+YyORAf3Is8dD8yShXaFqjmfLw+XkAz5hiB+Sh/GqxuXQHhbOTPQHC63hjvBjxeIxeTolzD3SGKmXP/lcRdQeX19CZrJ88dX2GB/7pmaywZcFh83E+8sztoc/C/nGK23Orrvurl77L8eFl9YR+1fKbX13XNVX783IZrK69pUN/YROyl8HAAAAALaAWjMpKm7mi2ISNhNtSJmZfO2dqVOjrq5p94mh1T+pmPv39tXeu4F1b2jmhMb6xVdWEzSTr//ZX3BWsPefnpHqHDmm43ZJOV5WLlXgzOSTT+vkOqQlVCKbifIsv6+olI4iaeF2Sbk6GPrNyCXSy+cLfySXFHyfH4PmIOlpJuy0SWRAf+vcm92hTYnGl0K7nvxBlVXc6NGJJV9WSU1FFCWaiJn4PJ36kie/LyzECu/iesUtdm2YxJP5x6W/UBR3p8wmZCbdJewkj8ymZqLUBjnyaq5nOu/d4PeuPdq+Thsl52x/+HlEQiQzoZ/Dq3xrXPjrAAAAAMAWUG8mLXxRTDLUTH436F7ziI8uCQT7Z91fP3F3X/tK71xgxhkQJ04CwrcGM88z2cBMKP/6/R/89s2jrBVQhe6eXraEy/DIF8FoM5FnSyjjE6GBoGwmlG/+5aOHf/Ma2wh3Gcp4vcLT69mXrJb8878UyG8nl0lPMwky0yaRAX2vcIcJF0k8yp8rPPS58EjQJ/NLpLpP/upz4Vhm7oWFzGR52SGGf/uKhV59yrs+nvzur8RLnf2xfpbflYCZxPOlTc0kgTkT/8zi6nfKbVLha/XLD38g6Mo329bo5aPkLYORQwQzOW174H27sjU2mDMBAAAARDz2ZRtlcajlw6tOer3Y1dw3MTfe01LaJP6Hfban1tBS2zEyvhS8cq6mqKan9FxP3zUaKix21DSMz9u6az9pFB/7FjKT2z26WvmmXIbRDqN5enLkUlHViCsYpDMWFTfTT9pDzV6s0HdfFsplDzmuqxmestnnJ4+V6KWSoooebjVXaYMlusBzvCn0BLqkSZmZlI/6ltZDa7foZ/+c++vvC3LyvtlndQSWXYGPJzwJzpmcqT4rlVA78qB/+vZt1hDko+SSr35tF738vx//e7aalOvmG3J92UzIW6QSi+Um26y8/fVv7JaP+n+/my8VkoewddisrcX6J+ucZOtmkvL7TMIIt8JbfYyZjIdmQpR4jMXCwipfxCJO/kA46smXLrLVZBT6EUGxa4M5E4fiJhamRGEmr4bfCHdjjMymZpLQfSazK4+JZtLXvlwtlaw6JTM5WhNjzmTmy5VH24W98YL7TAAAAAAGX9Hb/NoqMgHh/2Z7jhtC/2QpmIlOOdExK1UQzOR2f1FlP78/mqLiFmlqRZ4zoWavyP9gKJmJf6T0YvjfSa0d8cwk6Jk+9qksJ56isjZmX5KkzEx+3r5+YzngDd9Y4vIFfti0+K2P7nzfuPL5LX/vXODfDI4EzeTWrSm5UB73T01Py9vf/r/+m1xh97f+Ri4PMnMmcr6x+1ty5SBjJk/8zyflQrYFefuNoiNyBXm65lt/8222jhz2XheQCjNJ7XdzRXjzucIfnZ6ImImv71VjnKtdvnjouz+XbjKRsJ7+uSfoUM5pSCj0I4Jyl+IRK8x9Jj/gdo1EmUn0TUzPym/k9qfJ3Wey4t7ITD6/4xq+43pemAZxCIWjjmcur1tXPa/pQ3Mm8n0mtV2Cn4TvgPc+ULHRHfN0Uv46AAAAgJzF3FY9JEyYEN65Ud07+qLiGtlM5MVUgplIhQKeuZEe3ds1VFM2k2MlNbU349zt7JgsfU9sNpaZRMZK0unYFVzh7RhmEgw2VtQIq4mCnsmLdcOOOKdWQ8rM5KulU7/t80zYA6vCmi5hL8nJP5+ff7hy4Wsnpv74xObfzfWLF/+3NMpfWFiUC+Wh/62pKXn7H58K3XZCkGDI5cFYZvL1P/sLuTIh317CNsK2IG+//8FpuQLJklQozcxwp6D8w55/lCuDdDYTcoCeY//+6oHIiqy3CmJ8pZUEqYj+p+zarZFyfVXU/fIMSv2QUe66UvKTxqgv4Ip8N1fLa4U9ob+dpF3Md3MFF9i7UJa7haVo8sufxfpuruAXFe9utjxUaQ7bHf4KAAAAgFxluFZfVBKShI5TNUUnQ5MeG5tJRXFNRYc0YL4RmTMJBs+X1TCDiAhFb7eFNhIxE//IceNcqOT2RmYSFOWkqKwtJVoSTKGZPPTO3GMfLHXfCdwNP2ORfp68dm/3+1MPn7Q9/IEthWbyx3/6TbkCqYJcHmTMZNef/6VcfuXKVbl+4mbyLwXflyuUn3hfKvzbv/8fbB02q6urcv0cJ73NJBh0drED+uCti09+/9UrY7PLd8xXuow/eoqxiC8qng3fZCLx7HP/HvmeuGiU+iETY5dv4cn8f//xsU+Xlx31la/m/5KZJ3Gan3zqVyNfCrestOhLflZ3i13fRfqh7zLPLTtGuj5/8rs/eZN5I86hU/RGyhu6xANPhW+Dm32y4LdUMjK2INfkUJrDdoe/AgAAACBXOVaslydMaGxT9NGgsOW3bGwmx4trTvaJy7hH21gzIZGo6IoMpGWK3usQ/38xITMJ2uQTUbMbm0nQM50qLQmm0kzevfvVd2cH5nwr7oiZtN92//czX6bKTF5+5bD88pt/+WhT88Wvf2O3XPK7kneCzH0mtP3nf/nX8l5ZTjY1k7/+m/9Tfvl3T/xD/fmGf/3+D+QS8w3hlhW2/qkPI98v/Lf/z3fkNnOZNDITkAAb3GqyHcFNJgAAAECIoRZxhZUYGuT4F6/UNtC2/vLcxmYSXBjRVwqrs/rmPFFmIk5i3Fb8G+CYoZEqf2iYOJ6QmQSdN3uES9Lpx5yTm5hJSkmZmTxcOnvxltsrPsEkKGqJwx14+rOFh0/cTZWZBBmv4PIXf/1fpPrctwZPWK1ynZ5e4R+eNzUT9iWXZ7/3fMz61WfPySWQk2AqzCRy+7uY8SWp2MaVC18iAVKB0h+2L/y5AQAAAABEUmYm//Wjubtr0vcDC8rh8we6ZryPnJh76P2lFJrJ5OQtzhakzN29K9VXPmnxr/7z/yGV/Kev/1nXJVMiZtJ4ofmbf/kod4qvfm2X9JXByvrB6G8ottmEr2DLZbZuJkBj5td4f9im0In4cwMAAAAgpdw21EWmYqTZmAwhZWZSbfGve6Vb34Ne0pJZzyPlcw9VLiVuJqro6e179/jv+wcu8ztSSlt7R1n5iYbPG/kdYENgJpmIy6fFmi7+rAAAAAAAYVJmJkWXvV86/B5fwO0NdEx7vvr7+YdOLG5gJitbMxOQzsBMMhSPfxuXdXlgJQAAAADYkC2ZyZ+8Myebyberl5qn/VZH4KY9UPj54kPlizCTnAVmkrnY4z/eZCux4wEmAAAAANiMLZmJwxVgv5vrj08s7D61+B/L5x/6/cLGZnLyhptvC2QRMJNMZ9kVmL3H20Vyoab41gEAAAAAYrElMwmKyz9uLHqvL4SzKMcnZImJLRSnFyOVLAdmAgAAAAAA1LJVMwFACcwEAAAAAACoBWYCUg/MBAAAAAAAqAVmAlIPzAQAAAAAAKgFZgJSD8wEAAAAAACoBWYCUg/MBAAAAAAAqAVmAlIPzAQAAAAAAKgFZgJSD8wEAAAAAACoBWYCUg/MBAAAAAAAqAVmAlIPzAQAAAAAAKgFZgJSD8wEAAAAAACoBWYCUg/MBAAAAAAAqAVmAlIPzAQAAAAAAKgFZgJSD8wEAAAAAACoJcpMaECJIAiCIAiCIAiifaLMhNcWABJmYWFB7knUsdbWvQiCIAiCIAiSeBgxgZmALcD2JJgJgiAIgiAIojbseBJmApKH7UkwEwRBEARBEERt2PEkzAQkD9uTYCYIgiAIgiCI2rDjSZgJSB62J8FMEARBEARBELVhx5MwE5A8bE+CmSAIgiAIkiapv7n+H8ptD+R2vnXOzn0sv+4zF7YPapmBWZvyt8OFHU/CTEDysD0JZoIgCIIgSJpEOUzPzbByor2WSFH+driw40mYCUgetifBTBAEQRAESZMox+g5G/kzUTqDNlH+driw40mYCUgetifBTBAEQRAESZMoB+g5G/kzUTqDNlH+driw40mYCUgetifBTBAEQRAESZMoB+g5G/kzUTqDNlH+driw40mYCUgetifBTBAEQRAESZMoB+g5G/kzUTqDNlH+driw40mYCUgetifBTBAEQRAESZMoB+g5G/kzUTqDNlH+driw40mYCUgetifBTBAEQRAESZMoB+g5G/kzUTqDNlH+driw40mYCUgetifBTBAEQRAESZMoB+g5G/kzUTqDNlH+driw40mYCUgetifBTBAEQRAESZMoB+j3McFll7IwXoJB32lFoZTTy0FVTUmRPxOlM2gT5W+HCzuehJmA5GF7EswEQRAEQZA0iXKALuc7Zt/cHderbc6jFu+/KfaGMuLjS7YQVTpxX8zk5T6z0+09cX3yi0VH18yissJWovztcGHHkzATkDxsT4KZIAiCIAiSJlEO0OWctgW/oyiMjr18MagoTD6qdOK+mEn56GTvHZuyPCVR/na4sONJmAlIHrYnwUwQBEEQBEmTKAfocr4z5pv88t63mZLme8Hguvfbn90L+kJTJeQAygOP3vL+46e2b7e7gg531K7P3ZNfrn27yfnqNY9Ush4M/LzN+W9ta5IC0ZDpVcPKNz5dpXKpwrAvuO7wfLtpPRi+1A53sLxz5dUv/bKZUEn4FK4bY6GrCpvJPemCTy8GTn8edZHKyJ+J0hnkvNxnXnVHVfhx10jTrbsfjk0vrrlpL6suKy4P/Wydnnd7fW9etXAHKqP87XBhx5MwE5A8bE+CmSAIgiAIkiZRDtDZfOOztdMzvmAw8A3xZdDtfUncIEWRKsQ0EzkkD9Ela0Gf/4VP5ZchkYjUD5uMLBtUIp162B8ucYeuOREzeWkmIF3wA+XOoG2TWRT5M1E6AxtSkemVNbKOc+MzbHnHzMKJ65O04XR7aReFjEV6eWlmqVBUlDrrrLJBOcrfDhd2PAkzAcnD9iSYCYIgCIIgaRLlAF2Z0ruB5nZhgx3bSLtimsnRL33rfqkWfxcK7SLPmZsXDcTk5c0kvAQrLBv3lGdUZSan2UvebH2X/JkonUGZxTX3/D0XbbxxxWJ3eXy+AEUyE9u6Z2jBfnV++XfD4/RS2CnupZy33lE2JUf52+HCjidhJiB52J4EM0EQBEEQJE2iHKDHSJPnhlnYCAb955uidsUyE5d9Zk3aVpqJlG9Y/OJUxr3gYpQtKMzEFvR4j9ZEHUvXIG7YlWbyjWs+fjXXiI+74A0ifyZKZ1Cm/+6ytDpLXqNFNiKZycfjsysuj7SUi3LX6RqzrSpbUEb52+HCjidhJiB52J4EM0EQBEEQJE2iHKDLOb/oe1W4CcR5wx18SdQD4T4Tt49KyqdCB740EzjX7vhOlDw4g+veb3y2+qrFx5tJj6e8f/UfTa6Oe6F76+X7TF4VXyrNRLjPxOmlM56bCZ2xzxMsN4Ual8ykdD5wvn/13/o9k+4gbyYkP+IF0ynOX2YvMkbkz0TpDHL04zMXp+6eNN9a9/i+WHQUiuJReX2yf85GJZKZvHHFMn/PJc2oFIbvM/nwxlTj5Nxrl8eUbcpR/na4sONJmAlIHrYnwUwQBEEQBEmTKAfoORv5M1E6gzZR/na4sONJmAlIHrYnwUwQBEEQBEmTKAfoORv5M1E6gzZR/na4sONJmAlIHrYnwUwQBEEQBEmTKAfoORv5M1E6gzZR/na4sONJmAlIHrYnwUwQBEEQBEmTKAfoORv5M1E6gzZR/na4sONJmAlIHrYnwUwQBEEQBEmTKAfoORv5M1E6gzZR/na4sONJmAlIHrYnwUwQBEEQBEmTKAfoORv5M1E6gzZR/na4sONJmAlIHrYnwUwQBEEQBEmTKAfoORv5M1E6gzZR/na4sONJmAlIHrYnwUwQBEEQBEmTKAfoORv5M1E6gzZR/na4sONJmAlIHrYnwUwQBEEQBEmTKAfouZlvnbPLn8mv+8xKbdAgyt8OF3Y8CTMBycP2JJgJgiAIgiBpkvqb6/9BMUzPtbBaIkV7ORmYjUzaxAs7noSZgORhexLMBEEQBEEQBFEbdjwJMwHJw/YkmAmCIAiCIAiiNux4EmYCkoftSTATBEEQBEEQRG3Y8STMBCQP25NgJgiCIAiCIIjasONJmAlIHrYnwUwQBEEQBEEQtWHHkzATkDxsT4KZIAiCIAiCIGrDjidhJiB52J4EM0EQBEEQBEHUhh1PJmMmJ3U1RcUUPb9DW66cq7nNlwFNYXsSmcnK6jrFsbLGxu64t2x3LtlWFpccbgAAAAAAkDN4PB4aBNqWV2lASMNCaaxIWXW65LDjyWTMZKyjQ1/bqCuu0de2xMiFwUknf0hC+B2TPR3HSHt0euOYg9+rAGZy32F7kmwmMeUEZgIAAAAAkDt4wshmIg8UWTNx3nOz48lkzERitF4vzpzESPUQXzkBnEXF+uqrISGZvFhH7URX4IGZRHBadA0WvnD7YXsSmQl1L7bPyYpCfZF6JPVLuY8CAAAAAIBcgAaBy3anPGHCzpaQlqTMTIKzPUonSdpMxi98cnE2umio5cOrPvr/olNXhhsajulqas1Csb5SMKJjZY2smVSLhRfDMy3VxXrvVD+V2IVXnooyYe/xc/0JzMRkLPdDTtieJJmJFKWfUI+kfukV4TssAAAAAADIcKRhnhLZTJROklIzCVqUTpK0mXScqhnliub7dRcm6f+LKjqKyhvPd4yMLpMO9Re90zhqvtHX0XasJGQmzqEW3UeXRkcG5VtfqslDdPruyyO0vdjVcLJpcHRkpKKiY9Qvt56F1JbVaCwnbE9izYSTE85MAAAAAABAjiAv5dpuMwkqnUSMvvYmX3NTLlYol2aNFp0TbKWo+BO5SK+LLPFqLBcPMbcdCwvJbUPdxXlhg8zEFa4mmIlB0/H6/cNn72vuuO3hi7cNtieRmVDfYvscaynSffB8VwUAAAAAANmFLxoaAcpmwgpJ6s2korhmeGLOlYqJiJiruaqHxNVcxS1yWQVz84m0msve1VBUXGdftkmRLqaau0fFY6sur9F9dOV2Ki41XfEdK2m8eDO5Lx9IErYnSWYiJ6aZcD0VAAAAAABkN5KZxNSSe2seCjue3KqZ8EVJM3mpVFy7FcbZ/VFN35qwxZoJO2cSmmYR5kz4y+DNRMBH1Sq6bHxxtmC/2qKxlgQ3NBNWUWAmAAAAAAA5iN/vl74vWGkmkpak1EzerqmO/spgduWVWhorhcVgF3tG+jou0YauNnTjCWsmwds94ftMOtj7TIreaei7PHL+XINUwprJcP0n3SOT4yODRbo6flomW7BfbdZeS4KJmYkkJ9I3dPkBAAAAAEAuwZmJLCSpNxPyh0Z2nmNtpIi5wQNkPWxPIjORexjMBAAAAAAA+MNmEtNJUmwmk5cHuZLunhy51xwIsD2JNRNOUWAmAAAAAAA5SCAQkJ5kooWZgByH7UkxzUT2E+m7gwMAAAAAACCXgJkAjWB7EswEAKAZd+6t99+1td6eR5BcjvH2PP1Z4P94AJBmwEyARrA9CWYCANAGGooNLtiHEARZsNOfBcgJSHPimcnaulcKO56EmYDkYXsSmQn1LaWWwEwAAKnFeHteOT5DkJwN/Yng/5AAkE6wZiLbCBt2PAkzAcnD9iTJTKTATAAA20crzARBmLTCTEB6I5uJ0klgJiCVsD2JNRMuJCfS8xbZY/luCwAAiQEzQRA2MBNw32EHeEpoBEjjwHgTJjATkDLYnqTWTAAACUJ/6a+uri6oger7fD6+oWzBOLMwvOhAEEQK/Yng/5AAkE7ATIBGsD0JZgLANuF2uy0Wy1U1UP35+Xm+oWwBZoIgbGAmIM2BmQCNYHsSzASAbeL69est6jEYDHa7nW8rK4CZIAgbmAlIc2AmQCPYngQzAWA78Hq9bW1tvHYkxsTEBN9cVgAzQRA2MBOQ5sBMgEawPQlmAsB2sLKywgtHwly7do1vLiuAmSAIG5gJSHNgJkAj2J4EMwFgOxgbG+OFI2E6Ozv55rICmAmCsIGZgDQHZgI0gu1JMBMAUs76+vrg4CAvHAnT2tpKLfCNZj4wEwRhAzMBaQ7MBGgE25NgJgCkFrfbPTQ01N7ezguHGqgFaodvOsOBmSAIG5gJSHPUmYnZaUaQ5ML2JJgJAMlhs9nGx8d7e3s7o9mik8hQO1zLXV1dZCx0Xv5SMgSYSWqza2+BsnDTJHeUEOtnTxnn+MJtjvH84R3P67jCvL1HlDU3zePP7FMWDsc5hTaBmYA0B2aCaBS2J8FMAEgCh8PR399/6dKl1tZWXim2E9IVOi+dnb+gTECVmTSdOpi3t+DQNb48+0Jv8/Hz7IjfuOuURX5Z9mZBk+IQKck5RnJHCbHWPdGsuZnUHc57mveQ5MzksfxCZeFwnFNoE5gJSHNgJohGYXsSzAQAtXg8nu7ubl4aEoA0xmQy9fX1DQwM0E/aTk5s6Ox0DfxlpT3pYyaPqW/5TGlh3ptGZXki2fh09Db3GNiSdDWT+5qB82+UhbeTM5M0DMwEpDkwE0SjsD0JZgKAWm7cuMG7wmYYDIaJiQmXy+Xz+fxhaJtKlpaWSFT4AzaDroG/rLQnWTOx0MbOvQV5Ynb89EVpg2KkmoYjtPHg8/ukkrIpqj9X9lbopXCgqBM0HN9TKtTM23vw0IHQLhrgCoPdwUq5ct5Pq6TKcoN54jg+UiF6WE8vH8wP7yoQVgQNGHVMyRG6Hu507LXtrhIMJI/3lthmsmtv4SNH9UbzwOtHD0gH7gpfzO78gpIBS9mpI/RmTWJJ4S/eqLdOGweNeflvCHVGqna+VFk2OF1y4vBOzky6yl7pGjVapx8rKBgQz77z+X07XtAZrZZH8qWScK5VSQZFv5r9b71M7T/6dMEj5Z2Pn2huGtDn/bBSqvbo4UqptbzfNNPLpwoK6qcWmwyl1JpUIS//QJN1ut5QKf1qpJB4vG4VNsRPT5zcmPns8fNzYjcQPORM+cGj9I4mF4UW9u57/ISR3t3+l/Zxypd3uHL/hQH92SOP13Xuf+EgXeTu8LuQPi5qkH65dM3Ch7P3oFQinYI+6v2/Piwf/tTZnnpDaejw8HuXqgm/kWtVu/YeeJR+I9TODysf/HUl/Qpe+c2+/YNR17NxYCYgzYGZIBqF7UkwEwDUolYk6A/a5OTk2toa35CI1+slOaE6/GEbQtfAN5T2bMlMfvOZNMqk7ffNNOb+jDaEsaxoJnn5L9JImjYeOTFMpvGI4BiVNIgXBUAY5u4STeCx3+qeeuvUMC8DcyUD1uH56ZI39zGVCx872dPUVUY164U6xj1UqJgzEdr/4ZGSwenXDxfmiQPf/T8UTrS/y6I/+wZt7BAPYU/3iCBLzXQ68bIFbYi+GOFcccykQLIOuuC8fGEkvSvkGHOyFezYe4AbGUt1Xn+pQD8fKpGuUxn6wMVJCWPec6Xvi5XDJeEwZiItPzOefTkv7Bs7xFE+25o03M/b+7JUUvJb0SQHK/eEl4TR1UYOMVftaRY28g5V7j8ktmk4Qh+L3A57MZG3MB/1WYm7Qm3m5e97yhC6yBLx7UgfBbXz6FmrVGePePFRZnIl3E5+6KaU0OGxzST0G3l0b3hea75n18lRqVoigZmANAdmgmgUtifBTABQi8Fg4EUhDq2trePj4/zxcaCaMRd3dXR0WK1Ws9lsMpnkQroG/vi0ZytmIo1KaVAor+QJ7RXNRBqeCrMTB6rEOgXSYFTQCXHUuCvaK6JkwDq8uzBqhoStHD51XDMJtXOtSjpWbiS8LYzX2dPJJ2JPFyUA8c1ELpS2QyXMoFn4BMSL1NeV7Xw66hTcsZFYh3eF3770TiNnF90gUpMxk9AFCx9+SEjkZl9/9+XwuxN+U0/kF9TPOIxdlbtFDZB+O3IijdMn88IpOoXgBlcq6bz0XqRzxTITeTWXhfulUAeQ68gXKb0L6QrZdrhTsAvnIqeQDo9jJlLJnsgb4a9n48BMQJoDM0E0CtuTYCYAqIWxho0gebhz504gEOCPjwPVpPqdnZ1cO6QlUoWZmRm2PProDGD7zGRHaQ+VPE6D3UN10oHSP34/ygzN45kJbYf+EV1siqscPnWiZiIcGxqnWmkjL19Y4sWdLnqGRJlh6e1IkUbPw9FGsSM8tyO+7JT/nX5PfsGD5cPDptLvdYVq7hbrMENn3kzyniuVNpqqXty6mZwpLQzNt1S9GFqF9e4+U3i6RjpWkkZlHttb8Lo0W0JXdahOmmxJQzM5ehhmAnIFmAmiUdieBDMBQC2sHmyAyWRyuVz8weJzGO12e8xnKVJ98hCuHbPZLO3ldkUfmgFsn5mIq7lG86TJE3HIyKzm4mVDOnb3yYGmgVGjZCZVluGZ4Z/9NEbl8Kl7vveccN8InYW9yPAVRsxEuqtEXs0l3WvBnk5aaUaFpsGeV/SdtPHg0wWvRLtKXn7opguKfFvILum+GiFxV3PlSau5DEciq5LEOjTiZ8bc0WZSGDr2lV+kYM6EfkH6cGvSb4o+kKibVQYrd5+Kvd6Jau6R7jARxUByDNZMZKW5D2Zirnq8LrQI7fF8mAnIFWAmiEZhexLMBAC1sHoQD4PBMD8/zx7l8XgmJyfZKRHaphKyFLYawT0/vrW1leRkaGioo6ODLeeOSn+2z0z2XBjekV+w82DkqRRPvCCsUNpzdkC6E2BXtJkYm3W098GDp2gYbeoS7oB/5HDVmak5adTOVpZPPTw1QKfIK4i6myJ8hREzETLWKaykembfGeF2fP509HLPQeHadr7wcuF5YYyuNJPhO5YScU0U1ZGH9XRVUmFewYvsLd1CrD3itb0YvhHF8cS+wrz8QnpTh34aqiOUiG9zf2GUmZw5JRrUMwdM16q2biakSY88E2ptt/ibevCZgyUXmoWc1e18d0A4/IJw9w7lsbfq2CsZNurkj/3o4YLvmULnCv/G5+iDEubE7ouZUOXDB6QP36h/GWYCcgSYCaJR2J4EMwFALawexKOtrc3r9bJHkagobyOhkpGREa7mxMQEVy0m7CEZgSozSTTMfSbZnYiHZFBmmtlHtcjagEiBmYA0B2aCaBS2J8FMAFALrwgKDAbDrVu35Po+n29ubs5oNPL1wgwMDFAdub7L5UrkJnu5fqYAM9lKMtJMFi15+3RG8fuL9/9636ERZYWcDswEpDkwE0SjsD0JZgKAWnhFUHD16lX2Me1kKe3t7XylaFiTIagFvoYCtn5GsC1mgiAZG5gJSHNgJohGYXsSzAQAtfCKoGBiYoJ9ekl3d/emcyBUhzlDQgu62PoZAcwEQdjATECaAzNBNArbk2AmAKiFVwQFi4uL8q0jLpeL3x0H9ou8qAV+twK5cqYAM0EQNjATkObATBCNwvYkmAkAauEVQYHT6ZQfY7K8vMzvjgPVlE9BLfC7FciVMwWYCYKwgZmANEdrM2ka6L6ywhciuRC2J8FMAFALrwgK1tbWZDOx2Wz87jhQTfkU1AK/W4FcOVOAmSAIG5gJSHO0NJPrR4prisTUT12/0lZHGyXNA4pqSHaG7UkwEwDUwiuCAnY1l9vt5nfHgWrKp8BqrhRGetyE8fzhshl+19az46BefghG5od5mIn2YZ6zniOBmYA0RyszWbksOYmcknK98PNCH19T8xQVf6wsRFIetifBTABQC68ICrg74Ht7eze9A57qMGfAHfCpDPMgvPQIDcHPig8fvNCsvxkqNJ4/kvd06DoHukof3FvwStfo+2d1eYeiH0cYzqEDBaEnGF4QHjNPMfVWUgvyM0O+93xB3vMv11unn9pX8Hr4LFzy9h40WkePnjqy6+mCMuG5kLllJvfzzYqBmYA0RxMzmTdVn4jSkoifJGcmE8107LuGy2yhrrjmRL+iZgKBmWgTtifBTABQC68ICgYHB9lvDbZarZt+azDVYc7APwY+Jmz9jABmEsrIqahnqy86zpx4MW/vPvl57cOLc03XpqVt+SHrXH72Av+mHswvOHo0YiYm86hpXtw19Vm8IXik8ZFTD5YP55iZDN/PNysGZgLSnO03k3EDqyLFpWdTYiblZ+qLivWRkpWudz/+TGMz6TfUKguReGF7EswEALXwiqDAYDBMTk7K9X0+3/z8/AbTJv39/XjSYoozZRSf8SdMO+x8ThjEN506WCbuIlF5/NeVRvNAXv4br7dXvtI1Wlb64hOfi48qn++Rjtq5d98eg1Cya2/Bg1TZOlp24rA0kM3LP/BU3YBxsGfP2WHh5YEqaTUXqYXePH3otQO0ITR1rerB5/dJx+7k1Kj5iHQlXA4d4GVjWGj2RXFjLq/gCG3s/2HBjt8KkyQxdavszYiZRDLfvLsq9hCc0R6LODkTMRN6m03W6ccKCkziS6P+SMmARV+neyRf/DCrXpQ+hKOndEL9m3U7XxI+0tePHuAep5h3uHL/hQH92SMkTvtfOFhvnd6dXzAQq82QmcyPkqGJEzjCR0r1mwY+y/tp1JvaKZaXna18/LjwUeTtFT4ZMaHrzztQ9uAvyl650GwUzvLyYyeM0txRvaRq0tmtn+0qHzBaRQO8ViVcv3WUrmTnm0b2XNsamAlIc7bdTHS6iIfoajuFwjttETkpbzTO84dsnonmE11t5boauWTEVP/x1WaNzaT2ZOQCkE3D9iSYCQBq4RUhFkNDQ3L9QCDg9Qp/g/OVRNra2qampuQ75oOJ3WTSAjPZMGfe3XdUHN0OCyNX3kz04gj1e88V5BWIA+tFa5443K8/caBEPOr93xXm/bByWDQTY7hNadCfFz1yDZnJTPMjwpwDlcyV/LawflEY7Ob9Qi8dS8LA3otCV7LzmQK6qh37XpbG6FJimYlVXs31PVESyE+kUTtdGLWQ98yBx94NreYajmMmNDTfYDVXaHvqs0dODEfMZLByT7Ooal2l+wejDpHeC/1kC4/+Rh70W/N+E7meYeEUB6QN+kifEmXPePblEsYQ5DYlMyEtkRyMPtJdJ0elCo9Gaxj3HmOYyd6QUFGekLSHclMf8s/oyvQro+uXuoSp+ciO8AVrEJgJSHO210zY6RGKXF4eXd64yB+4SSZECRn67OTV68LL2xffpcb7GyQzMV34mNpsGOo6WVZzdlys0N9QfeHjkxdaG28IFU6U1Jy40NpguGAUWysqPlt8+kL7aKdwg/5HbeIpet/99GLDUG/9p7XSrM7Z8pqi0rPCUd0XQ3M1y8P0Lq7MXL1io1NcLiqpaxrqOnsOsyhxw/YkmAkAauEVIQ4LC1HDDnKP8fHxjo4Oo9HY2tpKP2mbSpxOJ1ctkaVcLTCTDcNOKUjbrJlI5WQCsmZIgrFHGu6HIozadzHtSCPgsndf3JFf8PiJz9gD5caFSP/2z6xNitobnby9L8vbSjPZKU2/RCqHZhuicqXyMX1o6VcMMxn7bINJAPnN7jggGVposC60E94llQyYjQ8+XyiVCBYxPy19CHqr0E5Ik0KRPUE8Rfh6Ih+C4Yi0mI1v81rVzoJ9D747INdn2oz6ZOrPvpH39IEy82LoFDHMJHINbCPRVhk2k2tVuyLtW5S/he0LzASkOdtrJuYpkzCmDxvIkY9aqXD0y1a5pOSCqWvAxB+1aSQzIanQ1dPP6uM1Rz7uks2kqLi2diZUs0jXIGz0N5Sbvggf3lVU3c62FlGm/gbl/ElRebNZMpPyi1IJbUsbJyKuJZjJaPSBCBe2J8FMAFALrwhxMJlM7NdtSXg8ntXVVYfDQT9pm9tL9S0WSyJLuVpgJhuGvQ0jcTNRjkqZMWvUeJeG5nn5b8gHDht1P5NXMRmO7L+SqJnsYG4j4c7OaYnp/Bs/M322+1RoGoFJjzy3wJuJtXnnm1EzGFwUN7GEBut0wdHTGtN5v9BL22VHmfmf+emSN/cdnXHskeclFIlvJoo2xU9MX34gNGdiOBL5SGOl/uSL0oRM5PcyE7qjJtpMYt+ow8yZdD4lX/+8cYP3kvLATECas81mIo3po2dI2CR9n4kkIcJUiXDvu776huAVYTNhTxEyk7MT4WNnDNxJIzYSMZNrJ05+XFwitiCbSdhnYpmJ+ezps0W/+9gkzJ8w14kwYXsSzAQAtfCKEIfW1tapqSn+4A2h+uQzfENx4A9Oe7Q0kzOlhfJ3BO9I2EzqT/C3ScQ1E+GlcAdIeDWXUV7NdfRwQf1igmYyl/dcqfySNRNT8xFp7ZOcx8QRc17+i9wVUs3vdYW2o8zE2rwnfJdIKHcsoXviw1GM2iOruaIVyJJ3WJwjmu/53nNRK9MEzTALq7mkNWbKxDcTRZvh+0x+dkBcQTfTvMFsj5DwXEfe3sNSCcmb0kyeyI/+ECIxho1uruzNwtBqrvNvyMvPNAjMBKQ52pnJqavDkfKVwZSYyUhX3ce3ukJf0hUxk48jHiKFNRNnp2LOhDeT4ohyfJGgmUhprD4rT9cgXNieBDMBQC28ImzIxMSE3+/nm1BAdRL5pmAWvom0R0szoTx1cF/e3sKdB3WkCsOJmQltlLz7ct7egp0vvPyUfng4lpnslhYgPbOv/k7UgSZTlXDgwSOv9IpGEd9M9PojQgtP79t1qEwuHGbMhF1MlSeudKo/FRaSqc8eFxVlz8ED0nUWXojc3c6aCduCZCBNVS8WmiKnE+vEMROqfKFMOLDgoF4UvJK3XqSXT12wDBh1dD1Nn4tv4Zl9u38bug3mld8KFfLyC/cbrFGniGsmfJvsJyZdmMmkl65/92Hhnh85j71Av9mCXYcqy8S1ZKZe6ZPXlYxZlWYyLHxWQn262rLo+22eOlBIFyxtHzosfJ57zg7E0ZhtCcwEpDmamQm/SsrUKNwNskUzMTuvUyMjUqF8n0lzLRWe7Wxr6Gw+ck7UiSgzEe4zOWkQ9tbeEl4qzeTE72qqB3qv3OrW6c5uYCYNH9Wc7OxuGr1KtnPyQivVP15aY1JeLSKG7UkwEwDUwivChhgMhoGBAYvFoly7JbO0tER1ElzEJcO3kvZobCYIkuaBmYA0RzMzqePKU2Qm5iPMXSKyrlwZuXhEV1OkO3v26lVpV9Qsyh2TtLdFvPNeaSajltA3HZ8dGdzATMzzJqpz5NNOs/OqTlz6VXJOuJEGiRm2J8FMAFALrwibQcrR1dU1Pj5us9nkZ8MTtE0ls7OzQ0NDarWkBWaCIBkemAlIczQzk9gpaR5QHoJkZdieBDMBQC2bPjZxY9ra2khU6Ce/Qw10DfxlpT0wEwRhAzMBac62mwmCSGF7EswEALWYzWZeFDSHroG/rLQHZoIgbGAmIM2BmSAahe1JMBMA1LKwsNDa2sq7gobQ2bmHpWQEMBMEYQMzAWkOzATRKGxPgpkAkARjY2NJ3BmSEui8dHb+gjIBmAmCsIGZgDQHZoJoFLYnwUwASIK1tbXu7u77Iid0Xjo7f0GZAMwEQdjATECaAzNBNArbk2AmACRHIBBwu902m21BQ1ZXV+m8/KVkCDATZQqfDz1PQ1VUHSU/vyWF2fG8TlmIqA3MBKQ5MBNEo7A9CWYCANAGmImq7C/kHoOoKsPS0wyHU2gmM5/FeZJ9jAwYjuwIP8Zx/8HCvL0H5euJZN6a93Sh/HTF4cHKp4xRj73P+sBMQJoDM0E0CtuTYCYAAG2AmajKg/wD2tXkSmXKzWTg/BuJm8mhAwV5v2kWtsc+y9tXGtNMyFheN0Se+z68OJf3C72yqSwOzASkOTATRKOwPQlmAgDQhhwxk6ZTB/e/9XK9dfrRpwseKe98/ERz04A+74eV0t5HD1cardOPFRQMiC8lbaBD8vL3UU3joDFPFJKBqWnaoJpCta6ymEcNX6t68Pl9D/6ado3ujNYPY90b+3unpcOp8o4XdEarRV+n2/GmUdirf/mxE0a6wqf2FdTPMxd/rarw1JHCs80lFwSpKPzFG1Rn/0v78vLfoJdnyg8etQpt0nbe3iNS/d35BSUDlrJTR3aKLcuhCiVMy6yZ5LGXeo01E8fjKZKoTAnMBKQ5MBNEo7A9CWYCANCG3DGT163ituGIpBmUXdyY23BEmn+ImMnel6Vdhw6EasrHxjuKhvWP6QVPkFqImtAwHIk5ZyK1mbf3xXDJcN7RzshR16p2nbJEXoZilC9SPoVkJlS+6+SoVLInn32DljxeVGLMmQiJNpOyNwualHWyNzATkObATBCNwvYkmAkAQBtyx0xCI/hYZvL6uy/n7S2gKMxEnIWIaSbW4ZhHscN6lWYiNBUKqxDRnqCvK9v5dKgadwrpaulNyfXlyxZjTNpMzijrZG9gJiDNgZkgGoXtSTATAIA2wEzOlBa+L65xaqp6MXEzyXuuNOZRWzATxWyMFNYTTKXf6xI3zFW745jJU/mYM9lSYCYgzYGZIBqF7UkwEwCANsBMaOStF1++8gsVcyZ5hZUxj9rYTH42EtpWmskT+QUmtrIc1hMMR/ZfETaMZ4XpmmHxFPKtI9LVlr1ZKN8/k7f3ANPUdN5Pq1jHYM3kfeNwpGa0mdB7l26kKetSLirLwsBMQJoDM0E0CtuTYCYAAG2AmQwvzj3yTEHeMwdM16o2NRNjs46U4P1Fx5lTb8Q8aiMzWXTsfkZYhfV+LDMRWji4T1im9cy+spvMUdGe8MS+wrz8wjNWy6Gfhi7+QXFxV1PYTIRYe3bkF+QVvMipzo69haEpl/B5I3fA5++L1Iw+Y1hv5vKePsy2lq2BmYA0B2aCaBS2J8FMAADakCNmglBM59+Iu2YsXgRLwfNMAEgjYCaIRmF7EswEAKANMJNcylzZm/tirxmLk9cPxVljlr2BmYA0R52Z8EcDkDBsT4KZAAC0AWaCIGxgJiDNgZkAjWB7EswEgG0iEAisrq4uqIHq+3w+vqFsAWaCIGxgJiDNgZkAjWB7EswEgG3C7XZbLJaraqD68/PzfEPZAswEQdjATECaAzMBGsH2JJgJANvE9evXW9RjMBjsdjvfVlYAM0EQNjATkObATIBGsD0JZgLAduD1etva2njtSIyJiQm+uawAZoIgbGAmIM2BmQCNYHsSzASA7WBlZYUXjoS5du0a31xWADNBEDYwE5DmwEyARrA9CWYCwHYwNjbGC0fCdHZ28s1lBTATBGEDMwFpDswEaATbk2AmAKSc9fX1wcFBXjgSprW1lVrgG818YCYIwgZmAtIcmAnQCLYnwUwASC1ut3toaKi9vZ0XDjVQC9QO33SGAzNBEDYwE5DmwEyARrA9CWYCQHLYbLbx8fHe3t7OaLboJDLUDtdyV1cXGQudl7+UDGFgflk5OEOQnA39ieD/kACQTsBMgEawPQlmAkASOByO/v7+S5cutba28kqxnZCu0Hnp7PwFZQJza64hxeAMQXIz9GeB/kTwf0gASCdgJkAj2J4EMwFALR6Pp7u7m5eGBCCNMZlMfX19AwMD9JO2kxMbOjtdA39ZmQANxQbml40zCwiSy2mbWYCWgPQHZgI0gu1JMBMA1HLjxg3eFTbDYDBMTEy4XC6fz+cPQ9tUsrS0RKLCH7AZdA38ZQEAAACpA2YCNILtSTATANSiViToD9rk5OTa2hrfkIjX6yU5oTr8YRtC18A3BAAAAKQOmAnQCLYnwUwAUIvBYOBFIQ6tra3j4+P88XGgmjEXd3V0dFitVrPZbDKZ5EK6Bv54AAAAIHXcHzNxTlm6e0Zcfr4cZDFsT4KZAKAWxho2guThzp07gUCAPz4OVJPqd3Z2cu2QlkgVZmZm2PLoowEAAIBUcj/MZGGkqLhGyHuX+F0ge2F7EswEALWwerABJpPJ5Ypxk+v6+rrdbo/5LEWqTx7CtWM2m6W93K7oQwEAAIBUorWZXDmnl7Skb24L3/Ey23PcMCu/um2oKyquY3anhNmLFaI+FddUNIzwO5OCmqoe4gtzB7YnwUwAUAurB/EwGAzz8/PsUR6PZ3Jykp0SoW0qIUthqxHc8+NbW1tJToaGhjo6Othy7igAAAAghWhtJtW60HCf36EKrczEeHmk73L/MV3NFSe/OwlgJjIwEwDUwupBPNra2rxeL3sUiYryNhIqGRkZ4WpOTExw1WLCHgIAAACkFq3N5Li0jqu4RvxPoqdUV6O/xtfZHK3M5HZoe7Koon8uam8yyGbScWprYpaZsD0JZgKAWnhFUGAwGG7duiXX9/l8c3NzRqORrxdmYGCA6sj1XS5XIjfZy/UBAACAlKOtmThGJvsaQzeZiCm9MMnXSYR4ZuKfLdJ90idOdBQV66W9Re+1NdbWUeHJd2pGh1p05S20HZ608dGxpbX9o1Rfx7kNYyZL/cfqLeLWdEVDv33KQodLF0COYZyYsy/bTpbUTLqE/8YLa8B0daNmC0nX7ehb/ENm4nF+WFxDh9jF+uwFXLwtlBQVNx4/10NvQV9e032zp7ZjpLup8VhxjbBy3G8pKmuhxmnvya7FqNbTHrYnwUwAUAuvCAquXr3KPqadLKW9vZ2vFA1rMgS1wNdQwNYHAAAAUoumZlJdUnOyZ3a4/hPZTBaT+3qu2R5Wb8QIXrHY0XDeGvonQHKGUbFx2lvRIQ7ib3YUlXeMi4Xdp2uE79RculKhC01f6N8Wh/4RwmbicZLSdCxF7TOerCmq6KcNXXhZmquv8aK4upuupFEUjOBo24cDUcPrkJnQ58AsZmMvoKhKuKElbE3BoHOwSNcsbvnGGj7pXhPeeOauB2N7EswEALXwiqBgYmKCfXpJd3f3pnMgVIc5Q0ILutj6AAAAQGrRzkxIS2SRiFrdnARx5kxq32ZWSc32VHTZgsJAv+VKqGhUPooOocLR+tDt+FLC1SRC95kMT7DLuDzVp+pC9St66PUxxkw6lun/hemUSM6NMsfGNpOo+sXCf/WZlWmzkRaGWi6K164vryl6r6G2J6m5pvsK25NgJgCohVcEBYuLi/KtIy6Xi98dB/aLvKgFfrcCuTIAAACQcjQxE8eIrCXHzo3Yk5snYYljJh2n5DtDhKF8rfillxuYib2rIf4NKux9JiHkGZLuj0JmEnROSO+r4sINcY+NyrmjZOKYCX8BG5tJCM900dttzOsMgO1JMBMA1MIrggKn0yk/xmR5eZnfHQeqKZ+CWuB3K5ArAwAAAClHCzNhZ0tSoCXBuGay2NVQa1au5oprJtJqrjhfuxXDTIrCRkFHSWZy21g3Gf3tx0XF+uqh2E3KZnL+vajVXFzthMxEfF9Rr9MetifBTABQC68ICtbW1mQzsdls/O44UE35FNQCv1uBXBkAAABIOdtuJsId4e91jPmdRUnfVaIkjpkQYx0tggLp9N1ToQH/RmYi4KuuFNZ06Sq5/+LGMBPv1BVh2qes0dnXKJmJ82qzLF0Xb4pn9DtC11DyyWj03SmymUgzLccapGmWyAVcHJWWn8U3k7VJ3dvi6UrqUvZhagXbk2AmAKiFVwQF7Gout9vN744D1ZRPgdVcAAAA7i/bbiZBR+iJ7xk3kt4c/2jo3nqR0i0+pCXbYXsSzAQAtfCKoIC7A763t3fTO+CpDnMG3AEPAADgPrP9ZhIM1p5qSNVj1NOL+f6TfZEB9LHiT5h9gIftSTATANTCK4KCwcFB9luDrVbrpt8aTHWYM/CPgY8JWx8AAABILVqYSRbT19AgzQjpKhu3+oVj2Q7bk2AmAKiFVwQFBoNhcjLyrX0+n29+fn6DaZP+/n48aRGkFupRq6urC2qg+vL9UQAAADMBGsH2JJgJAGrhFSEWQ0ORBx7RaM/rFf4G5yuJtLW1TU1NsSPCRG4yaYGZgA0hGbZYLFfVQPXZm50AADkOzARoBNuTYCYAqIVXhDgsLCywR5F7jI+Pd3R0GI3G1tZW+knbVOJ0Rn0pIFVLZClXC8wExMdutycy7abk+vXrfFsAgFwFZgI0gu1JMBMA1MKP5uJgMpmU/wLt8XhWV1cdDgf9pG1uL9W3WCwJjim5YwGQSeQbFGLS1tYmf60cACDHgZkAjWB7EswEALXwo7k4tLa2Tk1N8QdvCNUnn+EbigN/MABhrl27xneXhFlZWeGbAwDkJDAToBFsT4KZAKAWfii3IRMTE37/5t/UTnXU/js33wQAYTo7O/nukjBjY2N8cwCAnARmAjSC7UkwEwDUwg/lNsRgMAwMDFgsFuXaLZmlpSWqk+AiLhm+FQBEZmdn+b6ihp6eHmqBbxQAkHvATIBGsD0JZgKAWvih3GaQcnR1dY2Pj9tsNnYRP21TCY0Ch4aG1GpJC8wEKPD7/W63m7oT31fU0N7eTi0ob5ECAOQaMBOgEWxPgpkAoJZNH5u4MW1tbSQq9JPfoQa6Bv6yQC5BTkv+QB2pk6Gjo2OLnVOG2mFbJnp7eyW75i8FAJClwEyARrA9CWYCgFrMZjM/jtMcugb+skDOcPPmTb5DaAidnb8gAEA2AjMBGsH2JJgJAGpZWFhobW3lx2saQmfnHpYCcgePx9Pd3c33iQSgbmMymfr6+gYGBnp6emg7uW5MZ9/gpikAQNYAMwEawfYkmAkASTA2NpbEnSEpgc6Lb0/KZW7cuMH3ic0gFVlaWnK5XD6fzy/iE6GSiYmJJHoyXQN/WQCArANmAjSC7UkwEwCSYG1trbu7O4kh3dah89LZ+QsCOQNpBt8nNoT+nictiff8ROpLk5OTVIc/bEPoGviGAABZB8wEaATbk2AmACRHIBBwu902m21BQ1ZXV+m8/KWAXCJxH25tbR0fH+ePjwPVjLm4a3Bw0Gq1ms1m9ry0zR8PAMg6YCZAI9ieBDMBAIAMgrGGjejs7Lxz507iHks1qb5Se+QJuv7+frY8+mgAQBYCMwEawfYkmAkAAGQQrB5sgNVqdblc/MHB4Pr6ut1u9/v9/I5gkOqbTCauHYfDIe3lbruPPhQAkIXATIBGsD0JZgIAABkEqwfxGBwc5I4iG5mcnOzs7JQqtLa20jaVcN+yNT8/z02b9PX1mc1m5dMb2aMAAFkJzARoBNuTYCYAAJBBcIYQk8XFRfYQq9VqNBr5SiK9vb3c/Mnw8DBfKRbsIQCArARmAjSC7UkwEwAAyCB4RVBgMBjYdVw+n2+Dr/MiY5mbm6M6cv1bt24p7zZRItcHAGQrMBOgEWxPgpkAAEAGwSuCgqtXr7L1yTT4GtG0t7dTHbm+w+GgFvhKCpgzAACyE5gJ0Ai2J8FMAAAgg+AVQcGdO3fkyn6/P5EJEKojr+lyu93UAl9DgXwKAEC2AjMBGsH2JJgJAABkELwiKGBvMnG5XPzuOMgLwLxeL7XA71YgnwIAkK3ATIBGsD0JZgIAABkErwgKnE6nXHl5eZnfHQeqKR0SCASoBX63AvkUAIBsBWYCNILtSTATAADIIHhFUCA/G5Gw2Wz87jhQTekQMhNqgd+tQD4FACBbgZkAjWB7EswEAAAyCF4RFLCrudxuN787DlRTOgSruQAAEjAToBFsT4KZALBNBAKB1dXVBTVQffb7WwFQwiuCgomJCbZ+b28vXyMag8FAdeT6a2tr1AJfSQFzBgBAdgIzARrB9iSYCQDbhNvttlgsV9VA9efn5/mGAGDgFUEB9wB4q9XK14imvb2d6sj1HQ4HtcBXUsCcAQCQncBMgEawPQlmAsA2cf36dX40lwAGg8Fut/NtARCG7zEKlE9a7O/v5yuFocokw+xM3eTkZCJfNCzXBwBkKzAToBFsT4KZALAdeL3etrY2fjSXGNxqHABY+O4SC64LkagMDw9funSJq0Yls7OzbE23293R0cFViwl7FAAgK4GZAI1gexLMBIDtYGVlhR/KJcy1a9f45gAIw3eXWAwODgYCAfYop9M5Pj5O1mE0GltbW0mbaZtKuGoLCwt8W3FgjwIAZCXbaCbDtTVFxYmGPxhkHWxPgpkAsB2MjY3xQ7mE6ezs5JsDIAzfXWJhMBgsFov8dVsyHo9ndXXV4XCsr6/TNreX6ptMJr6tOHDHAgCyj200kyvnBOU4Vm+JFPnX+y6PDE+Evr9crKNPxkxme3Tn+qmpvo5LdGzk8U7bxoe6mtKL03xpZuIcauOLNIHtSTATAFLO7OxsT08PP5RTA7fGBgAZvq/EQfrGrXv37vHHx4FqbvotXiz88QCArGObzaSkbtEfKaktC82QjMky4V+8UtuQhJkcN4T+C0pu0zgZvTd1FJ0b5YuyAKdF18DoolawPQlmAkBqcbvdQ0ND7e3t/FBODdSC8h+8AQgmbCYSExMTfj/z3/44UJ1EvimYhW8CAJB1bK+ZVA8xr60dRW83k1VcrCA5aWB2BLdiJsHbPceNc/T/1GzQcYOakmTCebP/mE5QI3v4r8ciXcuYoVGnqzlW1kgvPyzTF+n0pVU9od3OCd3bgjWFSib7K96LrDSrLq4Jn9FXUS7M8xx7p8Ervr5tqCuq6DeeE/zqQ0Po/j/7WL9w7Nv6vjl+5jotuB9ywvYkmAkAyWGz2cbHx3t7ezuj2aKTyFA7XMtdXV1kLPKzukFuwneUDTEYDAMDA0tLS3wrYTwej8VioTqJfB8XC98QACDr0M5M5ox1NFifC5lJlIpsxUwWOxpqzcIGNVtdUmO8PCJ98+WxYmG7u6mxqKLntignRcWNx8/1dF8e0ZfXdN/sqe0Q9lI16WsO6Vgq6bs8cvKdmou3fUGP0748WFQ1aF8W/nssmwl5SGlND1Uz1tYdE2dUBDMhwzknFMpvhJrtu2zp67jUEfdv5vtMbVmNxnLC9iSYCQBJ4HA4+vv7L1261Nrayg/ZthPSFTovnZ2/IJAz8H1iM0g5SGhnZ2fJab1e6d/xhMeA0rZk12S8arWkBWYCQA6gnZkEr7UUvd3oCq7fvtZTVPwJsyMZM5FmMyjHa0ekMjKTyKouc1v1UOiL0gUROnUlGHWW2aKPQs+EcvU1XhSMw8Iu3ApP6YzKhbKZFBXXydWqdUKDgpmEC2lbOJNoJrddaf5MZZ+9r7njtnZTOmxPgpkAoBaPx9Pd3c2P1BKANMZkMvX19Q0MDNBP2k5ObOjsytuXQY6wxUm5tra25FSEha6BvywAQNaxvWaiO3WJLTmuC+mEMCkRwjM3ImgGW21z2NVcYYTVXGHsXQ2ibwgIt7u83RaMkorZiIcMtQg1l6+wDRYV68X/j2kmkX+zoTPaQ2YSKpTNRNg2Cwu6RjW4PT8ZfMdKGi/e1PTi2J4EMwFALTdu3OBHaptBA8GJiQmXy+Xz+fxhaJtKlpaWSFT4AzaDroG/LJAbmM1mvjdoDl0Df1kAgKxje81EmNMwMgrhmDhe3lB9ITRfEQwN6/nFXZuzmZnEmTOJbyZbnTOJYSaEd6on6qvJ0gb71RaNtSQIMwFga6gVCfqDNjk5uba2xjck4vV6SU6oDn/YhtA18A2B3GBhYSG5qbZUQWena+AvCwCQdWy7mSQY/uCN2dRMgkGdrsZ42dJtaGbuM9nATIL6d4T7TEYnJj8sk6d01ot0n8zNC2vEIveZGBtKa3rGzSPGhobIfSYKMzn+0aXJZZuxtk5/Le1G2ParzdprSRBmAsDWSHwlDI3hxsfH+ePjQDVjjjg7OjqsVqvZbGafNUHXwB8PcoaxsbHEO2FqofPS2fkLAgBkI9toJgCwsD0JZgKAWvjBWhxoDHfnzh3uGdsbQDWpfmdnJ9cOaYlUYWZmhi2PPhrkEH6/f2lpyWKxDA4OXtWKL774Ympqis6byNcQAwCyAJgJ0Ai2J8FMAFALqwcbYDKZXC7pGwejWF9ft9vt9JPfEQxSffIQrh15TT+3K/pQkFuQx66uri5oiM1mc7vdiZs2ACDTgZkAjWB7EswEALWwehAPg8EwPz/PHuXxeCYnJ9kpEdqmErIUthoxODjItCQsCSM5GRoa6ujoYMu5owAAAIAUAjMBGsH2JJgJAGph9SAebW1t8rMjJEhUlLeRUMnIyAhXM8GncbOHAAAAAKkFZgI0gu1JMBMA1MIrggKDwXDr1i25vs/nm5ubMxqNfL0wAwMDVEeu73K5Erm/Wa4PAAAApByYCdAItifBTABQC68ICq5evco+pp0sZdOn47EmQ1ALfA0FbH0AAAAgtcBMgEawPQlmAoBaeEVQMDExwT69pLu7e9M5EKrDnCGhBV1sfQAAACC1wEyARrA9CWYCgFp4RVCwuLgo3zricrn43XFgv8iLWuB3K5ArAwAAACkHZgI0gu1JMBMA1MIrggKn0yl/uery8jK/Ow5UUz4FtcDvViBXBgAAAFIOzARoBNuTYCYAqIVXBAVra2uymdhsNn53HKimfApqgd+tQK4MAAAApByYCdAItifBTABQC68ICtjVXG63m98dB6opnwKruQAAANxfYCZAI9ieBDMBQC28Iijg7oDv7e3d9A54qsOcAXfAAwAAuM/ATIBGsD0JZgKAWnhFUDA4OMh+a7DVat30W4OpDnMG/jHwMWHrAwAAAKkFZgI0gu1JMBMA1MIrggKDwTA5OSnX9/l88/PzG0yb9Pf340mLuczCun/GmVWhd7TuC91qBQDIUGAmQCPYngQzAUAtvCLEYmhoSK4fCAS8XuFvcL6SSFtb29TUlHzHfDCxm0xaYCbZAo3glSP77Aj/VgEAGQXMBGgE25NgJgCohVeEOCwsLLBHkXuMj493dHQYjcbW1lb6SdtU4nQ6uWqJLOVqgZlkC8oBfdaEf6sAgIwCZgI0gu1JMBMA1MIrQhxMJhP7dVsSHo9ndXXV4XDQT9rm9lJ9i8WSyFKuFphJtqAc0GdN+LcKAMgoYCZAI9ieBDMBQC28IsShtbV1amqKP3hDqD75DN9QHPiDQWaiHNBnTfi3CgDIKGAmQCPYngQzAUAtvCJsyMTEhN+/+RCN6iTyTcEsfBMgM1EO6LMm/FsFAGQUMBOgEWxPgpkAoBZeETbEYDAMDAxYLBbl2i2ZpaUlqpPgIi4ZvhWQmSgH9FkT/q0CADIKmAnQCLYnwUwAUAuvCJtBytHV1TU+Pm6z2eRnwxO0TSWzs7NDQ0NqtaQFZpItKAf0WRP+rQIAMgqYCdAItifBTABQy6aPTdyYtrY2EhX6ye9QA10Df1kgM1EO6LMm/FsFAGQUMBOgEWxPgpkAoBaz2cyLgubQNfCXBTIT5YB+s6x9s21NUZji7D1le+B9O1vyQHnUy0TCv1UAQEYBMwEawfYkmAkAallYWGhtbeVdQUPo7NzDUkDmohzQc/mgafmb79seKLd9x+AUSzQwk7VvGu7duOuecbqfGViXCmEmAOQaMBOgEWxPgpkAkARjY2NJ3BmSEui8dHb+gkDGohzQs3ntjK1rlSvcfjOZXKlWFMJMAMg1YCZAI9ieBDMBIAnW1ta6u7vvi5zQeens/AWBjEU5oGfzh+U2ReHaN433vlJhe+BURBVuXF95oNz29dqVzxfD1e7ee612mQpfM7tDJYviUZW2vvBRQoUKW+QQMdXNy1+vFKZoXpsUzxW2oIiZ2Nepna9Uby4q/FsFAGQUMBOgEWxPgpkAkByBQMDtdttstgUNWV1dpfPylwIyGeWAns0D51YUhWsP1IiFq6vPDEolroeb7okl9/7XqZDJPHDK8bk42fJ5k21YPOq1M1GSM2xarhUrPFZu2zcafYrInEkMM/nD8mVhY9X5tyZX1FGK8G8VAJBRwEyARrA9CWYCAAD3EeWAns0DH8Uwk7AtOENmMr0SVhR/X9uyOCWy/kC9dFOKoBni7AfF+7/O2R6ucYjb6yQqD5SHwi8P29BM5KMip4gT/q0CADIKmAnQCLYnwUwAAOA+ohzQs3kg5mouzkwiG/7q+vCciawNg/YPmDtVXtPbqpeiasbIxmZyRilLscO/VQBARgEzARrB9iSYCQAA3EeUA3o21lHHAx/Zj46uDd9Z//2otHpKaSb+r5fbhhfdJbWRr/r95WnbV2pXbyy6vhJym7Wj9fYbNm+tcfn3opnMrN77it4xfMf1QdtK9Z3o825oJiXnbCVj68N31krGo49ShH+rAICMAmYCNILtSTATAAC4jygH9FkT/q0CADKK+2MmH3zUfGv6Ll8Kshq2J8FMAADgPqIc0GdN+LcKAMgo7o+ZFBXXVJ018qUgq2F7EswEAADuI8oBfdaEf6sAgIxCazP5sNpwvKKBLwU5ANuTYCYAAHAfUQ7osyb8WwUAZBSamsmEdbaouIbS1f0Fv08FoUbkVA/xNUAawvYkmAkAANxHlAP6rAn/VgEAGYV2ZnL5qkUSCd07n8hSwVdSw21D3RW+DKQvbE+CmQAAwH1EOaDPmvBvFQCQUWhnJpKKvH+6afr2fNmJBphJrsH2JJgJAADcR5QD+qwJ/1YBABnFtpuJx+P1+YS/KZTruKic9kaqqoQzk2PFNd0jlsaP9NVDTqmk9L2G0SlbbSWdt054PdRyvqnh+Lmevsv9Rbrm4+819F0e6W5qLKoaoZ21JTXGyyOjZsv5j8TKINWwPQlmAgAA9xHlgD5rwr9VAEBGsb1mwt4Ncnd+eezmdFH4W7nYXcnddhJlJua2WnNokzzk4ry8gxitliZnhlr010JFjeU1rvBuyVvITPpmMRreRtieBDMBYJsIBAKrq6sLaqD6Pp+PbwhkNQvr/IA+a8K/VQBARrGNZrKwaCfrKD/5+fEKYe1W6XFBACQzcbu9tEHltJc2dKWf8AcnAGsm9q7Q8jAxdRdnhcK+C83HdMwNLUMtUjlxsSKykCw0o7IwItR8r2HRI+8BqYTtSTATALYJt9ttsViuqoHqz89H/XMOyHrWfQHlmD47wr9VAEBGsY1m8v7ppqO/Oydt35q+K+mBZCZ1DaaQLQSD9+655G1VcHMm1UNR/+Y3fuET45K4tTZ4MhEzCdNYUTPKvgYpgu1JMBMAtonr16+3qMdgMNjtdr4tAAAAQFu20Uw+qe+SlaOr+wvWTJpaBuRdNydmUmAmwaBOV1PbMdJ3ub/0VP/tYNA11HLs9KW5iRtFJZ+Uvr25mVRUNo5O2exTllJdZKEXSCFsT4KZALAdeL3etrY2XjsSY2Jigm8OAAAA0JZtNJPhLyaKxHtILrZekZdUSSWj5lu0QeWSsaTETLxzI8LaLZ2+tm9WVAvP8beFl2MOZ/dHm5tJx7nQerAPm27Iu0AKYXsSzASA7WBlZYUXjoS5di18Hx4AAABwn9hGMwmGp01iukdDY4+8a9W5xu0F2Qfbk2AmAGwHY2NjvHAkTGdnJ98cAAAAoC3bayYAyLA9CWYCQMqZnZ3t6enhhUMN1ALfKAAAAKAhMBOgEWxPgpkAkFrcbvfQ0FB7eztvG2qgFqgdvmkAAABAK2AmQCPYngQzASA5bDbb+Ph4b29vZzRbdBIZaodruauri4yFzstfCgAAAJBqYCZAI9ieBDMBIAkcDkd/f/+lS5daW1t5pdhOSFfovHR2/oIAAACAlAIzARrB9iSYCQBq8Xg83d3dvDQkAGmMyWTq6+sbGBign7SdnNjQ2eka+MsCAAAAUgfMBGgE25NgJgCo5caNG7wrbIbBYJiYmHC5XD6fzx+GtqlkaWmJRIU/YDPoGvjLAgAAAFIHzARoBNuTYCYAqEWtSNAftMnJybW12N/J7vV6SU6oDn/YhtA18A0BAAAAqQNmAjSC7UkwEwDUYjAYeFGIQ2tr6/j4OH98HKhmzMVdHR0dVqvVbDabTCa5kK6BPx4AAABIHTAToBFsT4KZAKAWxho2guThzp07gUCAPz4OVJPqd3Z2cu2QlkgVZmZm2PLoowEAAIBUsqmZzMzMSYNJ2oCZgOSBmQCwFVg92ACTyeRyufiDg8H19XW73U4/+R3BINUnD+HaMZvN0l5uV/ShAAAAQCrZ1EwoX4jQBswEJA/MBICtwOpBPAwGw/z8PHuUx+OZnJxkp0Rom0rIUthqxODgINOSsCSM5GRoaKijo4Mt544CAAAAUkgiZiIHZgKSB2YCwP/f3v3/tJElet7/C1f9044095G2d3UfjbS60kqr52qk/WV+mF3trX3WXguIAh13hqHJE2rw4BB820kwDeNJGg8Ehy83ngQ6ZDyBdjuJAdPtBkJM6jlVp6pcLhvjL+UymPdLR4l9qlzmy8F1PnVOVXXCGQ/Os76+7nzJ2dnZX/7yF/dKhvn5eXu+llQoFNwr1eN8CQAA3iKZwCckE6AT7ohQY25u7u9//7u9frlczufzIoG417M8ffpUrGOvf3Jy0sxJ9vb6AAB4jmQCn5BMgE64I0KNZ8+eOW/TLlLKn/70J/dK1ZxJRhBbcK9Rw7k+AADeIpnAJyQToBPuiFBje3vbefeSxcXFC8dAxDqOd9DEFtxr1HCuDwCAt0gm8AnJBOiEOyLUKBQKHz9+lCufnJy4F5/DeSGvZk41sVcGAMBzJBP4hGQCdMIdEWqUSiX7NiYHBwfuxecQa9pvIbbgXlzDXhkAAM+RTOATkgnQCXdEqHF0dGQnk/39fffic4g17bcQW3AvrmGvDACA50gm8AnJBOiEOyLUcM7m+vDhg3vxOcSa9lswmwsA0FskE/iEZAJ0wh0RarjOgP/LX/5y4RnwYh3HO3AGPACgx0gm8AnJBOiEOyLUWF1ddV41+PXr1xdeNdh1s0XXbeDrcq4PAIC3SCbwCckE6IQ7ItSYm5vLZrP2+uVy+d27dw2GTZaXl7nTIgDgUiGZwCckE6AT7ohQTzKZdJ43IuRyuSdPnrhWEzXr6+vO6wVrzU3lSpBMAADdRDKBT0gmQCfcEeEc79+/d77q06dPr169Eollfn7+m2++Ef+Kx6KmVCq5VmtmKleCZAIA6CaSCXxCMgE64Y4I5/j2229dwybC6enpTz/9dHh4KP4Vj11LxfpbW1vNTOVKkEwAAN1EMoFPSCZAJ9wR4RzffPPNmzdv3C9uSKwv8ox7Q+dwvxgAAO+QTOATkgnQCXdEaGh7e/vs7My9iRpinSZPL7G5NwEAgHdIJvAJyQTohDsiNDQ3N/f06dOtra3auVu2vb09sU6Tk7hs7q0AAOAdkgl8QjIBOuGOCBcRkePx48evXr3a39+37w0viMeiJpfLra2ttRpLEiQTAEA3+ZxMSoGgGvgq5a7GNUAyATpx4W0TG1tYWBBBRfzrXtAK8TW4vywAALzjXzIpbj5RQjH90eG2ElSLF0+BRl8hmQCdePHihTso+E58De4vCwAA7/iVTM4ORRrZtC6gv/kwptx+UrUC+h3JBOjE+/fvv/nmG3dW8JF4d9fNUgAA8JYPyaQ8FFKVwbi7+nSnk5GT6Nh0QGw2FInMZdzLcCmRTIAObW5utnFmiCfE+4p3d39BAAB4quvJJB2dCt1Zzta7PEw2GVdGEun3ZfeCC+2mlBuxyNzqUvJJYCTpXoqGSmsL7ipfkEyADh0dHS0uLvYknIj3Fe/u/oIAAPBU15NJsXSqBBNpd7UuPanunpaKJy0nk9mwuuuu05QwJ9Y3Kzqiuqu6j2QCdO7Tp08fPnzY399/76OffvpJvK/7SwEAwGtdTyZCo2TirmvKyfOEMpJYylmd17Pj4sG2citZPNjX9DGBRCCozq9sLD6M23FFCT5SbsSWVpbTWbF+TglNZ15s6dPMrmueEeEkFNty13YTyQQAAAAN+JpMllY2zPI8p3WQTMxzV4JqNJW1anJ2xogMqMqdVflYRBT5QKycts6/LzyOxXeNgZrMgr3CtVPa8nnkhGQCAACABnxNJuKBWWOkiA6Siekkt2peidiRTJTg9KwefHTiLeQJ8qLSrNK06ICeauxi118rxWeJQO1lCbqJZAIAAIAGrnYyEUbNaFFJJoGgOrFmnrsyG1aLxgNnMkmOefC+V5qIJbPfWUNIfiGZAAAAoIErn0yUYMT4/1i5ZSaT6KCqjJkntjhmc1WSSeFxbGLN7375ZVL2ebREIpkAAACggSuZTNKxmJyIFbgVsxNGOjotavLG44/5Df1uJ4PTBet+Kc5kImwmE/oWBqeGJ6/fGfClHXeNL0gmAAAAaMCPZFI58b2mnLjXRd8imQAAAKABP5IJoJFMAAAA0BDJBD4hmQAAAKABkgl8QjIBAABAAyQT+IRkAgAAgAZIJvAJyQQAAAANkEzgE5IJAAAAGiCZwCckEwAAADRAMoFPmk8mpZ8/kEwAAACuG9EDFP1Akgm6rqVkIuKy+/UAAADoa6IHSDKBH5pMJkd6OPlQ+plkAgAAcL2IHqDoB9Z2DusWkgna10oyOZVnm7g3AQAAgD4lzzBpcsDkiGSCTrSaTEo/fzg+Of30yb0dAAAA9BPR3xO9PjmPi2QCPzSfTGQxmuYH0UblaScUCoVCoVAolP4rpZ/luSXNnl5iF5IJ2tdqMjmyBk+cEYVCoVAoFAqF0jdFBpKWhkrsQjJB+9pIJhQKhUKhUCgUSt1CMkH7SCYUCoVCoVAoFK8KyQTtI5lQKBQKhUKhULwqJBO0j2RCoVAoFAqFQvGqkEzQPpIJhUKhUCgUCsWrQjJB+0gmFAqFQqFQKBSvCskE7SOZUCgUCoVCoVC8KiQTtI9kQqFQKBQKhULxqpBM0D6SCYVCoVAoFArFq0IyQftIJhQKhUKhUCgUrwrJBO0jmVAoFAqFQqFQvCokE7SPZEKhUCgUCoVC8aqQTNA+kgmFQqFQKBQKxatCMkH7SCYUCoVCoVAoFK8KyQTtI5lQKBQKhUKhULwqHSWTv2V/eJh4qgTV3995tPJs070Y/Y5kQqFQKBQKhULxqnSUTEQmcZbZb1bca6CvkUwoFAqFQqFQKF6VNpOJjCKZF393Vt68NSMqnTXobyQTCoVCoVAoFIpXpZ1k8vyv2d999dBdaxD1Yqm7tjnRselASFVCkchcxr0Ml1IbyeTno1OrfCj9TKFQKBQKhULpqyL6eHZ/r7Yr2Li0k0yGv4ztfP/eXWsQ9WLpycmpe8GFdlPKjVhkbnUp+SQwknQvRUOltQV3lS9aTSbOQPJT6YRCoVAoFAqF0n+l9POJHVFqO4QNSjvJRAmqLzbfyAldduXdP8zb9X96vO5YvSmzYXXXXddFybF+m3UWHenBd9R8MpG5WbTR45PTT5/c2wEAAEA/Ef090esz8kkLgydtJpPp2Ld1k4msv6POOVZvyuIdNXPmqssok+a0romgOjyXMx5EsqmE/tahyGbJWLaWUAYWFidjonIiuW2/eN6oGbqb2jwsGxWZ6Avt45tlUVnM6v+6vv4rr7QVim25K7us1WQiMrR7EwAAAOhTou/X9WQyn1yTOaQ2mdTWN608FNJfGE3Zp6nUTSaVABOQ77KmBxXzBfcj83vGg3uRRZlbzraig2rBqFOCkYk1WatvRz7oK6Utn0dOWkkmH0o/E0sAAACuF9EDFP3A2s5h3dJOMhHevS9++fsHzgTy9cMl8VTUt5tMTCe5VSUUMx7WTyb2mulJYwKYnkymrbqMXC3s/ALWEtEXlUVSXyaT4rNEYDDuru2mJpOJnMfFgAkAAMB1Y5x20uwJJ20mE+HDh4+PF//NWSMvItxhMhFC5ssvSiZqTTI527jGyaQsYsnsd+agkD9aSiY//nTsfj0AAAD6mugB+pFMztN5MlGCEeP/nDK6bDwoK45kkj4yV3PO5pJH49OqNZvrfiRpPHDO5nImk5mbHX2Fl48eS9x13dd8MhFxmWQCAABw3YgeoDzbpLaLWFs6TSa/v/PIGUXeF/TZXG2cAZ+O6SesixK4FbMP+2/OxRXjLPbZcCWZbCZrzoAPTsvz3Z1nwC8ZGxy6+2T9vXkGvDOZaKXtzhPUJVLacdf4gmQCAACABnxNJvYp786y/m+VhOCtOrOwqs4zga9IJgAAAGjA12TiM5LJpUIyAQAAQAMkE/iEZAIAAIAG+jmZ4FIhmQAAAKABkgl8QjIBAABAAyQT+IRkAgAAgAZIJvAJyQQAAAANkEzgE5IJAAAAGiCZwCckEwAAADRAMoFPSCYtKZcO3FVApz78ePLRXQcAwKVBMoFPupFMlKAqSzi67F52keHa2900TQlGKk9yqYm1yrNOnRVWk99+GUvdm1/66v7jL+8/Hv3mr+51NC3AbXkugWGr+QVuxPKn7qVtUG49cVfVEOtk3XUXm/n68Wg8Nfr10//vQUo0qntrubJ7FVw1h9uBkKqEIpG5LfFsd2467V4D6BZ75zs0lnQva50STLircI2RTOCT7iST6ZnN/czKxlBITZfcSxtrPpkMz+VcNeLjOHNmPfE0mSwmHn/59VPt7GP5XXY09u3ojB5O3trvpWknuy8/6l98Qjs7Lr7ReyToFdGEigf7Syurs9GYEoq5F3uqthG24Ie/6vlWtKKzD3+M6S1KlD+s5N2r4QopZSYG1XhqY2llOaCuaiQT+Eu5lSwe5F9tbIRvqNEXnR7oIJnAiWQCn3QpmcyaHbacMpYuatpEUC19l1Ks1DE/GdNHVGIb9kvGRyJKKDJ0NzVqrJOeVHetRZWs8n5DPxg5EDnJpoYHzCND1lq6wP0txR61qCSTUvhWRKwZeVaQz5Xw8uLktHi7gt4pLIhtBm4vmK/SymHjK9l0BqqjV19+vZqxal797UDTPmz8+dsv7y9V1jktFQ9ySkjvExcPDiv18F1VuM2lhh7uyIey1UWtZiCfhm7HzTWt1jX8YFu8ajZXFm1s/Kk+5qKEU5q+2en1B7GQWGcwpk+9qm6EYh3ZYgvPkvpwze3E/HdGi9E3dbg5F9cb/IOX5nsZRA45sp+8faOd/hT/Wg8nzBe8ukQOcXXm7GQyHFKNHJux0yyhBZ6TH1aGnNjTyZpdYze3JD7M3r+cNT73xK7WWCcjds35lQVRMzxpN8bSkPhkG5gan9smmcCJZAKfdDeZlFZlv1B8/MV3zeM32YdTi7KXv5saf6pvMPmV+socfyjLfl5tMlm6qyojzuHpyg7epkxmtNdJs75mzGQiZHZY7TyjmH0FsbGFuPF+49Y64aAqvzbh1eK3+kyb5z/Kp9rbl/eMHqQoZo1hfEC8tqAMJtYr/U30gGvYTe5cRauTw3eZexFj2lWmunkcV7WuXEoZeGQ/s5KJaoXTYyUkd9iVRmgmk6ONoQdyVlcprRpvJDY1uizDkLNVa9ob0X5WHQFYzhIUJc6Q2xWWS34VCY0m7dOGZPwQscT6VZNM0EV2Msk8mJ43Gpp+oEStHASUrLanJxM50cBujaPWTlA7y5JM4EQygU+6mEzOjiMj5myuiUpnMTcbrjxW7qyeiD69oysZOieZRELqkDUQYzgnmYhsEzLevSaZ2O+rBM0ZPuLrlIHEXtkecpm5qSpR8wh35s9Gl/Hrp/qTs49/S+mnBMjiPLwdHdU3O3QnVTXeAt/VSyZ5+7d/shSffSf+31FGnDvdl1WtK5dyti47mdg1AfOMpppkspYwW5TxeOa1vqnw431ZUd0Tff2lfraSNYpS2rUb1R/WzPVxNZ2GxafHwLR5+EX80neXldv2GXckE3SRHMXVR4PvmE3OMYXBYS1hJxO7Rq5WmXdgHdYBJJIJfNKlZDKzuV88qHSwHMnE8VFo9eecfT75uDaZiH+rk8Z5yUQ7eZ4IiJccrRrrl9KTkUhyq3hSdiQT89O28pFdSSaPjOlYRimZZ0//uP7U7DU+fD7ztfW4ZswEl0R1MpFTGvRWZ/9mT6wButnJaeWGMZvLlWOrn9YmE+uxO5lU9TXlRhybqu6JHpg5ZOXdh7+m/+BoVItvKyvhyiorwSnN+KUPP9hWBu0eHskEXeSYzVVWQvrAr9jf2c1sOKQGvnpSPCg1TCaVNEIygRPJBD7pUjJxHaRxpJHK0eu6YyZDNclEjqKIdZobMxGO16ORxZIxXecgHbY2HqnM5mqQTCqHiyr2/2r3GuMrr+1ZN1/et/cBuESqksnrZDhZqB6pqzIxqIoWqJ1tuMZMGieTc8dMntcZMzknmejnmcjyVSK9+lifMSjL9451cHXJBiN/6TMjdWZzvXowRTKBtxzJxNydOZOJMrAg527l5yuzucxljJngIiQT+MT3ZCJ6gTnlRrx4kB8dVHfl0esXC6E7T4rvsksP4/pwh1EzFF199W5f1Mhkou2mhkPq/EZ2KSU/efeVwUfFA/PkZslKJrqAOcayEx9R57fzmWQioJ8HYqx2fjIpPH0kvpL8m62ZO9PR53It3eJs5ZD2H9b0swYWE4/tc+JxqQyb1+ZaFr9Ec0hEM+ZMh6Yzb/KLcwkjO7ycTW2J9jNk5VW7dU3MvTwvmYi2sf5mfzE6NSxncDsaoX0GvGh4ot3OR6fMa1ifn0y0H57bjUpeTeEPM49H//zauQqulnR0Kjz5ZGllYz4WCxgfR9Yv3Zhlqp9rJx5M5Q/2419FhkZIJvCYcW2uffGhFL8TCcX0U9aqkklQHb6fyW9vBAYj5yWTzP3I6EN9HbEFkgmcSCbwSTeSSZ/68AfrxPcvY0s/Oi4ZjOvAdfqKN07fyStQizI6SzcVAHBJkUzgE5JJS34sHvz448/uWlwDXUkmug9HolEVuVYwAODyIpnAJyQToBldSyYAAFx2JBP4hGQCAACABkgm8AnJBAAAAA2QTOATkgkAAAAaIJnAJyQTAAAANEAygU9IJgAAAGiAZAKfkEwAAADQAMkEPiGZAAAAoAGSCXxCMgEAAEADJBP4xPNkcvKhfPyh7K4FmpDfO3JXtahQvLiJAnX9fPzRXdWiXz4qfftDpxvBNSSazfLbTlsOn35oWzONh2QCn3ieTJpp30BdnWda0YbdVYBfiCVo26+/7fS4DJ9+aFszjaenyeTdNh+u14fnyaSZ9g10Cc0PwFX07/71J3dVi/j0Q9uaaTw9SyaLakS5HRuey7kXdJ8STLir0H0kE/QTmh+Aq4hkgh5qpvH0JpmsP4wrochHLdNmMsmllKAaThacdUNBdWLNWXGulpJJdFAtuuvQDpIJ+gnND8BVRDJBDzXTeLqeTEIhVaSIqjIw9Wrv1FjYfjIZVx8pwalKzdlW+N6CZ8kks7Drruojpa1QbMtd2X0kE/QTmh+Aq4hkgh5qpvF0O5lsVceSWP7Q2ePMhCaXN9+3fipqLjWxtDEeUu2Kk6eP5jMpr5JJ5n6kn5OJpkVHKj8635BM0E9ofgCuIpIJeqiZxtPtZJKpTiauSGAsHUxWVzYhZ4SQFwuRjJFq9pbDQVVbS8hkIlJKIJx49S4/fkNNG5eg2J2bnp2MzCQ3Mgf6U/llTAyqWTlyU8ooN+KZFy9DITUwmdHOjmduqZsH+8WDfbFwNiw78TnxIBCaXlrZiIyo8axRd7alhBfEatmVRGBy1ai6MkQ48XnkhGSCfkLzA3AVkUzQQ800nm4nk27N5pIhRAk9Ev/GR9TAvS07mdSuJpKJmSUMIpmIWJIumU+jA9YAQi41HNQfixBij5k4k0neWk8RAcbYbNpaTQlOWw+vinJx6VFyV/4i/EAyQT+h+QG4ikgm6KFmGk/Xk4lmdO5lJsmfnr5aSUXGpsTjzcNy58lEHyrRz32f0oOHnUwOt+dj8YCRiOxkYkcITU8R+hdgPw1XByft/GRi1ZnJpPg4Nmt9+crAgrX0aig+SwQG4+7abiKZoJ/Q/ABcRSQT9FAzjcePZDJhdvqrRhU6umqwlUxOluLz77bMi3SZyeRYhITMmbHa6+Q5ySShaQVl0JxaVhkzsTSZTITRAeNbG4xdrRuziFgy+501ZuQXkgn6Cc0PwFVEMkEPNdN4/EgmmfsReziiStt3WrSSiaaVxWZP5ENrzETUDEVXsy9WlZGp85OJVlpLmLmolFFCkaWVjfkHj8IjMVGRfTg1+jCTPdg5uSCZvAzd37Yqr4zis0f+xxKNZIL+0jfNr+b0PwD9jGSCHmqm8fiRTLQXCwEjmaT1GVxeqCQTLWAHHiuZrD+I6Se3hCL502yDZGKkmqmZ1/qXtBSLiS8vcGM6HDNOZD8ryMlg+QuSiZ6LZAncXrCWXnqlHXeNL7qdTIbt38XNWEEOmonflKwcnFp3XAJudjIWMga7JpJVwdIa3LOKNTIG1HI1P3vOqt3Y0pNWzUBk8U3lWMCi8WmjDIpPm43K63uHZNIn3iU/+39m7GeT/+c3n/3i81//bsV8Xi7+6j98/tkv/+914zIwwuLv/rtY4bP/8M/7xkej/tguju2g/5BM0EPNNB5fkolwmp+JpYpmf7FPDAcjlSfPHtnnnKAuH5KJnVetqYOVeXdi6fC8fgmDcEjdtdvh4YYy5gytOpFPmpxkeLIUp1d3bdUmE/uxvJCGSCb2pNAJOWX0bCvquPaGdrqjDC5YT3ShZi+kcexhbG6yDS/eqRn0xqXxH3/5+a++/KsjUZiNszSnTBqt8Ne/+FzWiAe/XTjVnn/1O+uwzK9+8Z/NR9Lf/ji0XlWBPkMyQQ8103j8Sib9KDKozr/YKR7s57dfKrVz1VDN32Siz8pzJpPRoBp+vK9pWeVO1fWdR2t+cc5kUngcU4KR7MF+ZETPM7vz00poKn+wvzgnOnPlzQfTSvCRvLo0rpsGyUQ2Kmcymbmp14jOvXKz6iLpsl76WNoXiVo0p49yBqzR0kYHVSPI5JSRhFg0G01oZ8fFg23l7mpVw8ulhkYimTf7xXdZ+VkkL5UeGk0urWS1o5fGy/OvUkklnJJLZcOOfxUxk4ljIFqso3/l4lU3YusbL5dSKXktdfGOxROPxr3RBXXGOlKD0z/o/3/xj59/MCr+4Rf/fOdv2s4f/5s9dL448Ll+zMby619+7niGPkQyQTd8UcO9hqGZxkMy6cDhtpwUpAxE5jcP3UtRzbdkUnqzGoq+lKvIZPKxtKPcWFjXb26TCT1wXEBa0+K3GiWT8ZA6LMfC9pbHnx7r83Mcx6qN7l1Tx5vRf85LJrKxac5kclJQQnpU1md8VQfjtFpJL5rj4uNDwcj4MyOSZBaMK55n7NhgqERuqyJlbzk9GUmf6Y0zoG7I4Znsw6lFa6BGjueMhtQh+Ydwlj0vmThfpVVHL1xOtcnk6998LvNraWn4PwYe5J8M/9f734unHxaC08aFYzQjtDgn+H72n247nqEPkUzQDaJr54wl4ql7DUMzjYdkAp/4kEzGU/r9MZeSSeX2slxFHlrOrCyLruHsrn6h6paSifu0k7PD9di0MjCdNc6YIplcZ7XJRB9SONiRjU0zkom8YeurjVUlpM/8bD6ZOBuebI3RcCQQjlsTYuskk0p0MR47T66bcAwMyrwk2q3jXkz1k4nzVRrJ5CpwJZP8QjC4ZLbS/MLgP/2fB1/85p//6Xfr8sSSO7/5589+8fm//y/BxP80h1OE/X/9719biQX9imSCLrHDyXmxRGuu8ZBM4BMfkondtZI3unF24OZHVWXkSauzuZTgo0Wjc6mXknlXyvW5hOxokkyus9pkYj8WjS1bPZsrcy+ydHTBbC7NmUxuJWWqcUygKs9OTis35D2ISCaow5VM/sFxAol9Msl//eXnv7pbdXTmd//5c/NR+a9f/KP1GP2LZILukcnEXevQTOMhmcAnvU8mRqewpTPgx0NqoO6pxmuJ2XcymTxyL8L10DiZvKpJJotH5hnwmfPPgHfM5qp/GQaxzbz+f05Rq6/rlUspo3KcUEur5mwuu2WLx/a8rCHjTyNc2X7OTCbvlkdTxkqlVWZzXVHOZPIPv/wvjiWVOVqJ//H5Z7+Zqywof//Zrx/Ih3f+qXoR+hTJBD3UTOMhmcAnPiQT+yKtm+b1qa2rBoeqTgSyrxo8+qc6t6OpvjZXubi5LLeZ3tN2nyaGb+g35xmelL2+0uZcXDGuLo3rpjaZuBpb5arBQTW6Umkj5lWDg+rQPfdVgwvPFkS9EYVP8ytJfbXB6Vf6+VE58zrXKfOMgNm7U4pzTCOXmnhWGDLWiRjv5bpU+lLUeNOBKeuC2mbTHZ/bDlnjfnKbkWcF8wx4EbEmjVeFIkX9FduKfhkJGvvlZSeTxYGqSwDrjebdyj/8X/pVg6ef679MfeVffP7v//G//fp3+hURDMXP/umPdT4Q0XdIJuihZhoPyQQ+6XYyadluqv54CNCEDpvfxKAqL5PlDedsLgA4H8kEPdRM4yGZwCeXLpkYx5XrzpkBLtR58yutJTzLxiQTAM0hmaCHmmk8JBP45BImE6BtND8AVxHJBD3UTOMhmcAnJBP0E5ofgKuIZIIeaqbxkEzgE5IJ+gnND2341a9+5a4C/EUyQQ8103hIJvAJyQT9hOaHVolY8uc//9ldC/iLZIIeaqbxkEzgE5IJ+gnND61iwASXAckEPdRM4yGZwCckE/QTmh9aImMJ4QQ9RzJBDzXTeEgm8AnJBP2E5ofm2fO4SCboOZIJeqiZxkMygU9IJugnND80qRux5OyTuwZo0mdfk0zQM800HpIJfOJ5Mjn5UD7+UHbXAk3I7x25q1pUKF7cRIG6fj7+6K5q0S8flb79odON4BoSzWb5bacth08/tK2ZxkMygU88Tyaa0cTFpiiUVstJx5n2Y/msdrMUSjOlmX1zY6Jz+etvj/7dv/5EobRURLNxN6bW8elHabuIxuNuTzVIJvBJN5IJAAAA+gbJBD4hmQAAAKABkgl8QjIBAABAAyQT+IRkAgAAgAZIJvAJyQQAAAANkEzgE5IJAAAAGiCZwCckEwAAADRAMoFPSCYAAABogGQCn5BMAAAA0ADJBD4hmQAAAKABkgl8QjIBAABAAyQT+IRkAgAAgAa6n0z2tiLRhCyFM7NufS4pa9bfl6tWRv8imQAAAKCBrieT3blpJajKMrtrVg6FzJrhuVzV2uhfJBMAAAA04F8yqQ4h5XqVrSooI0/cdbisSCYAAABowJdkEoqMRx+JHDLx7NCoKwf0WBIJhTpKJpn7keiY6q7FZUUyAZp1sDo6EHFX1gjcWHBXAQBwlXU9meTnpyNrJTuNiAfFZwmZUkprieH5vPsFTTrbigyoxcexpSP3ElxO3Uomp/nhGxHRoobGErOZffdSoJuyqaQc/g3djp+4F3bgID0auviwixJ65K7C9aAEY8kD+9mxcjP5Sj7cWx56uCMfOqdSG2XafgEAXFpdTyYOMpzoxRo8ad/SXVUZS+ufyKPLZtVaIj43HZlbTWf1Z7NhNZLcWEouKOHUrnHmffzW1NKLneKbLfEF2NuBb7qRTCKDqjKYcNdWC7E/RneID5n4m1N3LdB986Oqve87WYrHjb2eEB9Rw8FIJFO5tIyRTy74kASAy8PPZKJlH5qHcD66l7QsHFTHn+qd10BwyqxaSzg7qfbxoYC1pk18prc7UoP2dSOZKMGpmdeuy7uVwrf0IZTIs4J4krWOGqaNZYVn+hHu4cnlzZLx/P1GwLoYg9x5byb1AT0lFEnLq8blUsPB6cKzBVEZ0Ef8TEOEW+jNr7YZlGQTGhpLyueiX5g/y4lmNhzd0M4K6ajeIM3WJbYQfTkzNqWEpvT2WNrWX3g3pS/QG56xcauJDo3p7VM2YFHCYmv6F2B94snVBmMTyW3jeSby/HR4UF9zeFK2ffSV4uOYvY9LjqnWxWX0HaIeWu7qzUMimQC4WrqfTM7MLqacxDUefWRN69KdWNcRbtGO1ZvUS0ZuZC0xWzlpRR8YqZTJjKjKrzwJGbtqUezPcfimC8kkE7i/5a6zTFhnMVXmMBxtDMsmsrccNrp9SjBmLCinVbUo/s8+GV2SkUWLh1V9co7RQUwbdYWkPXUwG7h37vvi2sgZw7ZVRGQ1m9BZTvYORb9Q1oj2Y59WF7DapGIeWCmLMBxZ09u8WC19Vkkmw9UjfkrYyC32U7PHeayMmEGo9OyRcfg8owwsyBrxBbi/SvSD46W7qhwpsT7H9I84fSrXQVp+vkkkEwBXS9eTSTfOgM/ci1hj15qeUu5u6J3IqmSy79qFa6+T4aR+EF1YvEMy6QG/ksnpxO0pmT9dycQ161rUjIfU3ZNy4UVy2JjTn550NAzZnOxD1zp96mDB3fxwbdVJJvrcUfux0fAqwcDxAWU3KvtjSvQdq1azGt7HN8uirYbGEnKcOZuMK6GpcLTyKv2/XGpiTVboT4wDMZnKR2vVByP6yFkm9CArfvujS+anZXxElTu5k6X4zGtzLZIJgKvFl2Ri9gUrk2Hk+Indd2zVePW5oUowNr/n3gE73073PDH+zJxBEQ6RTHqgC8kkK7qG+liHQ3oyEkluFU/Ks+E6yWTxYL9oFc3q9imDsciKPr/vomSiz5SIZ7XIQO0cHlxDx/a4hM3zZCIUtlejY1PKLXNU5FUqGb6pDsX0TE4yud7Kys1k9uGUfRmYkOPIiz2uSzIBcLX4mExClahQWuskmRQqZ70bkmOqfmMT1w747FBesml4MpXZ0ysmwvrTwEi8tBQnmfivC8lED5lK2OyxSXZ/LlAzZqIdbQSMeX02kV6qTnnSjz6as7lmRiqzuezlhWRMdCWdc7hxnUUH1UXrjBFpuDKbK2vP5uowmUiirTqfyqV1ZnOZJ0OTTK6F6IBambglPt8cs0wDVj3JBMDV0vVkou1tRaIJWQrWWSXrc0lZs169X0cf60YyET7mM6EBPeUOjSXXD/RTgfX8eXthPWomE3n+ukwkxU1jkGQgMnzniaaVQwPTSysbekkmAjH91OH8ir5y9Rnwzh7h8eId67wmQNMWYzF5kCV0O25UnMom5DwDvpNkEh8zj+zMPNenwsqrO4j2uX6ot89Kj/Nw23UGPMnkWsg+sdJIYX7UOJhiOXkqzzgimQC4YrqfTABDl5JJ+4427PnZmqOP2NBOfISpXAAAAF1BMoFPLl0y0XLKSEI/5+RNJn4nMrt7wfBd/mB/OKS65oMBAADAKyQT+OTyJRMAAABcIiQT+IRkAgAAgAZIJvAJyQQAAAANkEzgE5IJAAAAGiCZwCckEwAAADRAMoFPSCYAAABogGQCn5BMAAAA0ADJBD4hmQAAAKABkgl84nkyKRQvXgeo6+fjj+6qFv10Uv7x+IK7c6IPfNK0zfyRu7Zdnz5p74vH7zv+7MrvHR1/oPn1P/FbPvHuFy2bn7sWuGRIJvCJ58lEbMRdBfglW7i4iaI/eBtBz8486B0SS64Pb4/BiXBydNLpcRmgq0gm8AnJBP3krzmaH9okeodAkzzf0/2w5/EGAW+RTOATkgn6CckEgA8839N5vkHAWyQT+IRkgn5CMgHgA8/3dJ5vEPAWyQQ+IZmgn5BMAPjA8z2d5xsEvEUygU9IJugnJBMAPvB8T+f5BgFvkUzgE5IJ+gnJBIAPPN/TebLBQvFYbKdx8fB6x5eW+B5rv3FX8fbqatcByQQ+IRgAip4AABduSURBVJmgn5BMAPjA8z1d5xsUXe0ffz5111b75MUbXX7ie2x8pT2xVPysCCctIZnAJyQT9JOWkslv/+X37ioAaILne7rON3hhd1zq/I0uv2a+x2sS0jxEMoFPSCboJyQTAD7wfE/X+Qab3MI5q+WUsXTRfna0MR5SzceZhfGn5q5/NqwqQUcJp+xXaGuJ+vVNyCTN106kdtzL2nLO9+jWYLXzv4Wc+CHU/0Gdo/htPH3krpRq36W2ppr+7vrPKhSZWcm7F2ra6EVfTCdIJvBJb5OJ+CPcddd55qK/cHQkv/3a+bSF33o3kUwA+KClPV0zOt9gk1s4b7VwUA0nC/Lx4h1VGXkiH4uedyAYm9+rrKl3jiczlefSWmI2565rlXjfSqe/A+d9jy4NVmvUf9hbrvuDakPtu9TWVNOTiXyUViOL5wSeLiGZwCc+JpOcfUBleNL82+tRMimJr8FdhxZ9+cUXP56Zj/OP744/rnP8xn8kE5jOCoGQOv7Y7isVApOZE+cKQAfO39NJ5eEBNXQ3bT9XBhKOpXVctMGLNbmF81ZLjlXGOkRKGZ4z/3aU0KPIgDr0sDKa0Uwy2Z2b3jX+BpXgI/G08Cwpj/RvluTycngkYnQGliuv0Xvbqid/pOd9jy4NVpM/CvPLFpktuuFYuF/7g1qfM4d9Zr/Tv8OJoFr6LjV+U/+5iR+F2Q7OCsM39O9arqMZ7zIRjogfy9CYGW/sLW8a40jh2EbB2s8aKslE/MCjL/T/xUvS0Wnxc1461Yatvs38ZEz/4Ycixo65/k+7VSQT+MTXZGJ/luVSw/P630sryeR48U5rcaJ+MiltK4Nx+68XHSh/8cUXX8aei1gi/nUv7JGaZFL+f//X7397d916evTb/3X3b/vZf5v/evDhDsmkj4lulmYc0Qzc3xIPZkb8/pPPvXn7sfKslM0dyk/P4tt32Z19WXu4f/h+7/D7nbfiX73sn/fhiUvn/D2drvg49krTTpbixj6v/OrB1Kuq/mUdjTfYjCa3cO5qlYlJBWV02RwUyD7Rp3K9WAgEI/aKTSaTgGr15o82hq1lYWPnW5kBtbdsTRUrF58vDD/cNus7c+73WK3BarL/UL8XUfn6HT8oi+xdiGQS3zWvgVZJJhaxzsSa/kAJTplVpVWZcMx3FD/2Z0Z6yYifvLWOrpJMRKNaMsZMROQwg4717tmHU4t2Vf2fdjtIJvBJb5KJllGiLzXjj3Dzu2Xxd2UfMBDkIYTNUi5+q9KZmLhpjbfIAzmlbf14wMBU5XDC+w29ZjBm/z1anyml4UH9haPzegdFO8umD8skE098n7z7hcEePOk5VzJ58fUfb/1pvZJM/rZwa/En+fC3//JHkkkfixg7493ZabOHMbjgWqHb9n54u2dHk+L+buGDfPjDztudN2+tBbr8btVTXAnn7+l061FjF7Ob0jvke+lwqNKtP0/jDTajyS2cv9rx0l01q+mHDsOPzfCcuRdJ6x/vW9GBymjGeclE7qPlblp0xytB5Xli9p35cOam/pNRgtPWsqzsDJTWEs7w06Hzv8cqDVYzPzeCkWK9vVvtD8o2YSUTu6Y2mUzYyWRgwao7Vsb0teT75uenzZ3W0epoVXfFTCYfS/mAVe/4YZrJpDKuYqj9abeHZAKf9CSZLN6NrJtZfyr6nXFcwTpgIP7g5bGlVw+mlHp/kJpxPEAJxeVjK2McKyNJWRMITsX1zwzzLzw9WSeEkEw80XwyEa1LrimJp+41PFIzZiLs2Mnk6d3f2zMS4jd/TzLpY85kkrkf2X2/qveZbl4wo8ZTpewPP8ps4hg/+ZDd2f/p3ft3jo9SkslVdP6eTieSid6PN5JJIDg9u1sQzW9iyXV4vUrjDTajyS00Wu1sK/QgGx+phBA7bOgzi6yTK85LJq4xE7s7Lh4vHuwXraLpm31kPy2W9CsdTwQdSaZjjb5Hhwar2aMlr1LJ8E11KGYc2bS5flBnOWUwnj/YF9/KucnkTO/DxFeych0zmTjGZJyjNKLfsln9E7MY59/rlZUxESVY+VizR2zsGq3eT7s9JBP4xNdkcnfV+NvYiY5GZo2BTudsLvm4khlyqer8UEkmE44psOIPWN9CLiX/zjXHh6b5N392GAipow9WzcUGkknnRCz5MvbcyCT6tK4Lw4nQ7ViiXZRMRBqxa0VKIZn0scLjWPLNfiAYib44VO6sDsujhkercma2P/7+5q0xVFLOvjFPHxaZJP+j+P9Y5BP7TF+SyVV0/p7OsJce/XZnYlAtLsUXS3m582o8IfmCDTahyS00Xk3kKCVk9XSzT+w0ohlHEuWDVpOJdrQRqF5/PFSZgCRlN15mDz27BWTj79HWYDXXPK7aPkPVD2otMWNdEUYeUa2TTPQxJfMHqMdUczaXNUxknVVvz+ayOznVHOeZWGqTSe1sLtdPuz0kE/jE12RS+WwqyMtZ+JFMhJPc8IA6WjkXts6nDFo16kgjIqX84S8HVYvrWTFGTty1nmqcTB6PVqLI/Jckk/5W0s+AT+4UnyeSe/bOO1s7+6J7ROTI5oraxx//njc7Bj/svJWzCbNv3v1gRROSyVV0/p7OZJwBvxwZFPuajOynvnow1eDCUxdu8EJNbqHxajM31cA9c3xAfMEZxyGnyIC532w5mej9eHVxI5t/szVzRz9GUHj6KHTniahZWlmOGmcp6sMyHUw0cmn8PdoarCb7D+HYcvFgP7+9oQy6h1udPygRvZTwQvFddulhXE6yqpNMjNN41t/sy3XMZHJzKpLKZl8sR0ZUcyKJ2W8pix/I0oudpVQqMmbOEDE0lUy0Uka5EY+nttZXlvP1ftrtIZnAJ+/fv+9NMrmpT75SgpFIxjhMYh0wSI4ZSUNO2TonmYi/c3s215C5TmU2l1I9m8tWOxcT/adxMjn40x+fWjvaW/9CMul/hccxeU2kniQTrXSw8+Zt4Ye3Vn+0nH3zXp7s/sP3b7NvzKPRJJOr6Pw9ncNeemLt+Golk/7Q5PfY5GqQSCboga4nE2u6aui2GfGHZnMleQb83UqKGB8xzoB/vezOD6VtfaqrvDrtad59BvyhcU58zRnwu0+N0/IGIlnH7Er3ltEvGicT0TW0r831P6dekEz6XVkZScrz1pJjavYgvzQZcR4D9sFxoSDSiP34bWVSxdHb783xE5LJVXT+nq5iyJq9IxLyojG3sHp5lWY22FiTW2hytSutye+xydUgkUzQA11OJi1yz+YCLnZRMtFePLwnAslv//fdgzPuZ9LvcsvRF9bM9cOX+hGKm855Eb44Psx+Lyc66lHE+QEqgsoPh/oDkslV1MSeLievWK0zTnd03F2njiY2eAGxhU/uujo6f6PLr5nv8VNzq8HmXzIJOC68YBf3SrgeSCa46uolk3ORTAC0x7M9naXzDZ58KIuNNFPcr+w7td9y3SJ+Yu5X4nx+JZPsE5FDxqOJiF3GppzT8VtXLmZXjbt+quFoKmNej6Qps2F1cTuffn2sBCPR79xLPWGfnIC6cpcqmQCtI5kA8IHnezrPNwh4y69kYtwZx1mh30QinEo/SGaMqwS0Kh2NiA1OPFheSqUCobjzsmUXCllfiRIyz2D2nBJ65K6CA8kEVx3JBIAPPN/Teb5BwFt+JJPit3F97lZoqjJgEtWDysxrERJi860Md5j2lpU7q62EkSqdjdWcK9CdzfYlkgmuupaSCQC0x/M9necbBLzlRzKR99hW1A1npajJGBc1su8y0bzduWn7XjNO6VhM0S/HtLCUN6+OpISX5ydj8tpKxTNNO9qavaOvIwdwFOtWoMXNlOPsl4SmZRyXnc1Yd7TIRF8YV3Ma0y8Y/TGfGRrU1198o7/X+r1p+XJ5XW37qs/i3UMDqn4BKOvOPhNBtfAsKdYMOL7O64ZkgquOZALAB57v6TzfIOAtP5JJ3XPf9WyQS9UNGBeaDZt3onAqJGMzr2Xvv5AcU+UVG2UCMZTkfS2MSnNww0omx/JmfJqWnbkp16+fTCo30XQQ313EvH1PZcxEJpPMvYg9zSw6qMpLyotkkpaV3yXteWXXDckEVx3JBIAPPN/Teb5BwFvdTyZnW7WZRC93VkV+cK/cHPHCyrU5LVHrpqG6XEre5cp5x0r7cU0y2bfulHdBMrFvB6473B6+qZ/roti32KxJJmFn8FhLRF/o/ztu2GneFOkaIpngqiOZAPCB53s6zzcIeKvryaS0ZJxkUlNEchhtt1/+6kGdM9c7SCb6uEe+dJp5MK2E5KKLksn2k6GQOr+RLR7sD5NMWkcywVVHMgHgA8/3dJ5vEPBW15PJRE0mkaWklZU7q+61m1VSgpHR5I6zqvA4Zt3ryjmbq6lkEhl0TdPKKaPLcvLV7ux0bTKZDavKLTnMUm4wZpK5H0la5/c7Z3NZa5FM6hSSCa4Ekgna9qmZ29QBBs/3dD/sebxBwFtdTyaRAfWju05XXHmUlPerbc/ZYTaVNO9n8vXLolG3mdQv+RW6vbD4xjy9o8lkEg9bkSkUKRiRZnMuPmSeuZ6rTSbi3dcf6GfSD0c3Zm6ayaTwbEHUJN/JLZvvtRSLye2sv6+cAS8fkEzqFpIJroRs4eImiv7w47GXd0k7O9PeFzttPMfcuO3aKHTcWpxEKj46qdspAy6LrieTUkbvr9ctJ+51e+QsF7iVWFrZEGU+Fgvc33KvAK95kky8/bzGtfLzcaf75p9Oyt52WHE5fdK0zXxbd92qR/QLRSzpPJnk944IJ9eB+C17ePtw2fzctcAl0/VkcvmtR9VX9pOzXAdzzNAsT5IJAAAA+gnJRChP3NavshW4MR2OLrsXogtIJgAAAHAhmaAHSCYAAABwIZmgB0gmAAAAcCGZoAdIJgAAAHAhmaAHSCYAAABwIZmgB0gmAAAAcCGZoAdIJgAAAHAhmaAHSCYAAABwIZmgB0gmAAAAcCGZoAdIJgAAAHAhmaAHSCYAAABwIZmgB0gmAAAAcCGZoAdIJgAAAHAhmaAHSCYAAABwIZmgB0gmAAAAcCGZoAdIJgAAAHAhmaAHfEgmgdvLu+46n20PJ3PuOsBXNEL4Z+ZGRD4YDqrVS0xKOOX6WN78OmLUZIbnjIZ6sBp53umHP4ArjWSCHvAqmShBVQk9ctaEg+rEmrHo1pOsc0FjZ4fhWxGxtaGxpHtR+7aHZnfcdegjovsVr2pkW6IJmR2sNtAI0ZLD7UBIfABGInNb7kXemR9Vm/8gjQ6agaSFZBKLGNu3k0l6/FlTH/4A+hXJBD3gWTIJPRq/qxYqFTvD0YRMJs3L3BfdQfNQn6adisfRF2XnCi0JBacvrEF/GA5OKwML9tOlu+pEqM1kQiNES/Lz00owXlX1OjnbTtO7gBJeCNxrOfk0n0wsVjKxKMFE2vkcwLVBMkEPeJZM9L3X1tBDeVS4nLkXOcmlzDETcxeYCdyIzL/YeZVKDIXUE8drbUpwauZ15emrB1NKUB+HERu36sy9ZlKNReY2iu+y4iXi6e7ctBKKjD7cKL7JKMFp0S34WNoXD4oH+x+tV9k1xYNSfKSyt3b2aHFFiWSSHKs0KmXkyYQ1ZiKayqt3+4vRKbOpzE/P7oqkUVq8o+6eVbZgoxGiJSdPHzmirP5LL6YezWzqv2LNaG9Wk7CnV02HbsSWVjb0J3vpwFdP9CYUMprl0Uv96UF+5k4yfWRvUifeJZ7VB6Ll08iA+UAP0kbjCd8RL9wfHVSVu/qWJ6w1rWRSEG1V/iHI0UVlIBK4Ec8f7EdG1HXjvdKTatVsLuMD/ORQtNhHi6LFHh6Ph+wWe6yMLluPAfQtkgl6wNNkYnWwjjb0fVhNMrG7X6IPV/cgnBKMLzr3x8/ELl8/wFzbKbRNGDtLvVNo7Yntg+XytQbzVXZNIRlbMt8o28ZhSFw2orcnum7ze/LZjkjIdjIxnWVkUxG/fNEgS0tx0ResLHWgEaJFueRXkdBo0sifhrWEOWYiPwkNaVXOldKjQlrPLMLx0l0zHs+PGokilzpnsEVfU7xcxG85Li0CScZ4EB1QA/crjcdohHpDrUkmljO7HU5FvzMGA0ursqZuMjHWNMdMMvfMb0E7Wg0nHQPkAPoUyQQ94G0yEfvXE+NffWdZk0wq/Tl7z12t+U5hfiM1cXtKP7nF2O/a+2NhNqwqk/peu0Gn0Drmp4/tND91G5fWsP6bLSsj+hlN4ndaNHpmdlMJDejtxI4NJdGuwudelYFGiLaUZyenA8Yv3f58czYJ+/OwEhVyqWGj8VhFX3P8phoaS1RCjiH7UDSzmP7oaDX0QDaWHSPNmm1eWIzFnNupSSanoq3KPwSzHTpmc8nHFyYT603Nz3kAfY9kgh7wNploRxvhZEH0t/Tjaa0nk3BQdR48nhkxZyZU9u5HxuG9g7R9xC5SOVzdUqdQ0+fSrCXM/T2uOCOZ6L9T0X7k0JyZTCpN5aVsKsJQMCKaltmJrEEjRNvMGGB/vj1PVH7dawk5S7CSTCrjeG7DIdWaGasLBNXwg42lFb2IaDH+VP9M1md2ZRbkOKE+hGKMvRgnvdRJJvY0MPGHYLbDUGLdrNlXxtLFppKJNh7S353Jh8A1QTJBD3icTPRjeNNmj+3iZFLO5E/NGoNx8rE+Zd9QOfnYPsG0tBTXN5JLjS6ZX1WgzcPV+lya2Umz04mrTiYT8TtVQtMyV5jJxG4qmQXZVLSzrYC6ob1ODpnz/mmE8IzZctYScTkecZSZsE4IWbxjXlnLMb1Kn6Nlzeyqoref6EvrmZ4EZPDQjDNMZINJjqkiSxSNSvHglfFAnxVWL5lU3jSzYLXDSCRjzObaW5af2Ocnk0dp690z9yLKZMqZmgD0MZIJesDrZKLN3LQG+i9MJkcvla/S7tnK1gVbA7cW7LrSdyk5USH9viA3ErltrHN7YT16bqew8GxBrGMcGDffWtZYB/yq9ve40mQyEb9Tu/9nz+aSTWUpfyqbSsA+Wfksq9xZpRGiQ7tPE8M3ZWuJWSmjPDxg/4rL4yP60vnvzIWuEz/mJ/VZWKHb8Zm1fe1oS7/6cFCdeX5or+A4H8lgn7tytOG4UHtpSH/HqWJuebheMtHe64Mt8g9BtsOh2Vzpu2VRM3Q3Jdc8L5lszsVD4qsakx/wWfEJ7/57AdCnSCboAa+SiddK552g7J0d55mjQA0aIVDNcU4/gL5HMkEPXNZkIrqFGWUwUXeqQ+fyB/vDIbU720YfoRECluJBPtTubYIAXEUkE/TA5U0mAAAA6BGSCXqAZAIAAACXrieTk+fGmZfVF1Av7jIye62RTAAAAODS9WQib1HsSiaiMhStf11/XAckEwAAALj0LJmIB5yFeW2RTAAAAODSy2TSfjjJpUKTy/q9aVP6xf7b3Ah6h2QCAAAAl54kEzUSTcgS39h3v6AZuVTlGoK7qeH5fNXSzgQcN0tGl5BMAAAA4NKbZGKXNi9S7kwmuUoykfe1HZ/bLhq3N54Nq8XnT/Q3CkXS78vm+lpZ3mg5smLlmbVERjsdGlDDj/++fs/8auWNZ80b5d6KfbReDE+QTAAAAOByxZPJacm+a1jmfkTem6yQFHFiSjOSyfye+YqwvIPs3nI4aN5KtvA4Fn1hxJW1hDKYMNfTNMUeM8mlJtbsanjJq2RSKB6LTVEorZaTD/ahivbR/ChtFNFsOm9+Ygs0P0qr5e3+kWg27sYEXDJXNZnYWwjHNmRddMCMHHpuMeKHPmZivWLxjprRtOLjWCV4nGUC97f0B2uJ8aeVv1XHClvKSCWxwEM5L5KJ2Dcfd7yDx/WU3ztyV7WI5of2iGbTefMTW6D5oQ2nH886D8ZAV13VZGK+sLQaUM1kEg6qxYN9u2hGMrFfsTs7nTbGVZSgHTZyylhajy5riVnHV1FJJrryfCymhDjzxGOeJBOxEXcV4BeaH4CriM8uXHJXPJlo2syI+so4q0SkjtndqiMBIpnYkUOOomh7aXNalzGbK5IxZ3Odn0x0MtXAQyQTXHU0PwBXEZ9duORaSib/P13eshjWFipFAAAAAElFTkSuQmCC" alt="Screenshot" width="100%" ></p>
<p><img src="data:image/png;base64,iVBORw0KGgoAAAANSUhEUgAABDMAAAIGCAIAAADGMlPIAACAAElEQVR4Xuy97Xcb133v2z+Aa/ksvejSi6zlVTs+J23UtFHb1Kfn5vqeu4572uuT02tFZe3adVinTKLKUU6iJFaOHV+t+CG0JBoxaVsMKVqWbJGUYNOkaFOkCIJPAh8l8cGiIEIkTJEiRfEBBEiIxDPub2aAwcYegMSA4AgP38/6hhns2bNnAG7J+6O9B/MHD/1+AkEQBEGQZFJGP8f/6PfWcMl4eMMqRtwun/ijGEdtIWVyg+Ni5LPz+d+dCw6Xf80b8PiD/kAwEAQAgLRjbd37hQht/IHyLzIEQRAEQRJKGpvJ352b/v+6YCYAgHSHnOSyCG38Ab8TgKSYXbzHFwEAQLYTCAgjfl8g6PYF7nkDdpdv2eWfv+e74/TeXvFOr3inVryTDo/V7plY9ty0uW8ueyw299iS+4YYczjXFzeJXFM6kFqgdiw2oc3xZTe1/6Xdc8vhmXJ46KSzq96793xL68LFOD1+ly/g9Qf8AYK/fgAAuO9IWiIBMwGpAWYCAMhNaMRPcuLxB9e9AdKAFbd/ed23uOYjP5lzeklRyBNmVgVLmV4RtIFc5ZZD0BUK6cSXDiGkFptGqCkaiHBs2EMk/6Gfs+K56IzkJAtrPtu6z+H2r3oC4oRJwCdOmMBMAABpCMwEpB6YCQAgNwmIg35fQBAAty/g8gkycE+0lFUhAXIVkgRhOkWcxBAibpA82Nbpp39pXZjf2DRSZfGocDsualYItb8iegid0SmGroGuxO0X1nFJWgIAAOkJzASkHpgJACBnEdd0BSQ5IROgn2QF617/ujewLomKxy+5CuVeWB4EdRF0gk0gVpgKbiHy4VJT98T218RzCfEKy7fcwgou4Up84rVhtgQAkLbATEDqgZkAAHIcafJEWtzlE0RFmKygeP2CJEgR1UWyl1DkXYmEPVBqitkr3EwSPqlwDeKVwEkAAOkOzASkHpgJAADICJaiTHDzSDohR1khdhTnAgCATAFmAlIPzAQAANSiNIpNAwAAWQbMBKQemAkAAAAAAFALzASkHphJprPsCsze8884UxBqim8dAAAAACAWMBOQemAmGc3SekApGFsJNcifAwAAAABAwVbNxO0L3l7xmRe91xfELMrxCVliYhMytix8EyLfCsguYCYZiscfVHpFqkKNAwAAAABswJbMxOkO/FHJ3EOldx965+5D79596L35h8ooCw/9fuGh8sWHTgh5pGL2Xy6uFlxc+eoH8w9/uPzwh/aHz9gNt718WyCLgJlkIi5fiqdKYoY/KwAAAABAmC2ZSUnv6sZm8p8qZvd+vrTkEh789Hef3JXN5OEqB99Wivjpz3/51DPPUfgdKUU6xXafJXOBmWQcHn8wVTeWbBzMnAAAAAAgHlsykz/63Z0NzORrFbeNtz0Ot/Bsp0AwsOTyPfyhTTYT2/bcF/tfH/+7P3rkjyn8jpQinWK7z5K5bN1M9LUtbDompeJprtwefVS28qSujy9KNUqF2L7w5wYAAAAAENlGM3m+xUZa4vMLBkL/c7j9D5+OmMk23W0CM0kHtm4mRcU1uvc+CaWkpnpIKh4t0unD5fpjuprb0UfF4PanPzo9wRcGg299t5Av2jI//m7hk+H8+KXjyz6+QtJst5m4fZqaiTt1nwwAAAAAsontMpPvtyyRioiPrBWeBuXxBd4fc7OruZwwk+wlFWZSF3kx1BIxk3Oj4dLZixUJmcmrrxU+ua+KK94eM/kV+/Kt7xdeWWcLkmdLZuLr6uGLeJTysN3hrwAAAAAAYJvM5H/q5+buiWu4RHz+QP2E+xHmDniYSXaTVmaivx10GotPjkcVa2AmdIVPvmaMLkmSLZiJZ/nz32ppJtX1tgfqncpyLvwVAAAAAABsk5m80HFv2RUxE5cn8A8fzzx8ehlmkiOkm5kEg/e4aRPOTHr0JU9+tzD/+6+82TAilZQ/F1XhrfzCf2VWhZGEnLnF7A4XciVP/vRTaePH3y0J+hw/ekZY6PWj02apcK730zd/+XMq+dcDr3qiFzjNdVXl54dWhQVZM+kt4TSDeyMjDccPHfgJHfjsD16ZXg8++1RkgdlbvWzFCBt8JVdf2/ID5TbKo/Urny/ye2MmQTOhk/LXAQAAAICcZ3vMpHP9y5WA3x9SE4fb/59P34aZ5A6pMJNP+i6PhPJ5Q8RMTnaEy/ur30vcTPhpE3ZA/1ZBodUTfuHse7bkCv2/x1jcwqzFelZX8up3fx5+dS/mJIbCTBzynAntelbXxe7r0f2k5W7kJV3DdHj7SslP9Iz2vFXwkwTN5FB+ofLmlmn9rzaeM9nguYpkJn3S9lX7A+XLygrKJGgmePYiAAAAkFpuG+qEEUzC2K91FBXXNHJ34y4P6q9FL0af7ZGGYccq+zcfd22ZVJrJX/3+y78/NfHnZbf+7MT0B2b/rFOUE1FPltZ9j340s7GZ/PJXL0nD/YHLV+ShP+XNY295PPLIMfi3f/8/2L2UJ/f+k7xXaSYP/cc/kUq+9Tffnpy89aff/Cvp5T/987888sd/Kjfy3/77E/IhdM0fnP6IO8srh1+VK8iF0kufz8fWpJdyzdxk62aSMsJmQryaz9hIZEA/8uzx0DxJaFeomuPZ8nA5+YBPGOKH5GG8qnE5tIeFMxP9wUJruCP8WLF4TJ5OCXOPNEbq5U8+VxG1x9eXkJksX3y1PcbHvqmZbPBlwWEz8f7yjO3hz0K+8Uqbs+uuu6vX/stx4aV1xP6VclvfHVf11Xszspmsrn1lQz+hk/LXAQAAAIAtoNZMioqb+aKYhM1EG1JmJl97Z+rUqKtr2n1iaPVPKub+vX21925g3RuaOaGxfvGV1QTN5Ot/9hecFez9p2ekOkeO6bhdUo6XlUsVODP55NM6uQ5pCZXIZqI8y+8rKqWjSFq4XVKuDoZ+M3KJ9PL5wh/JJQXf58egOUh6mgk7bRIZ0N8692Z3aFOi8aXQrid/UGUVN3p0YsmXVVJTEUWJJmImPk+nvuTJ7wsLscK7uF5xi10bJvFk/nHpLxTF3SmzCZlJdwk7ySOzqZkotUGOvJrrmc57N/i9a4+2r9NGyTnbH34ekRDJTOjn8CrfGhf+OgAAAACwBdSbSQtfFJMMNZPfDbrXPOKjSwLB/ln310/c3de+0jsXmHEGxImTgPCtwczzTDYwE8q/fv8Hv33zKGsFVKG7p5ct4TI88kUw2kzk2RLK+ERoICibCeWbf/no4d+8xjbCXYYyXq/w9Hr2Jasl//wvBfLbyWXS00yCzLRJZEDfK9xhwkUSj/LnCg99LjwS9Mn8Eqnuk7/6XDiWmXthITNZXnaI4d++YqFXn/Kujye/+yvxUmd/rJ/ldyVgJvF8aVMzSWDOxD+zuPqdcptU+Fr98sMfCLryzbY1evkoectg5BDBTE7bHnjfrmyNDeZMAAAAABGPfdlGWRxq+fCqk14vdjX3TcyN97SUNon/YZ/tqTW01HaMjC8Fr5yrKarpKT3X03eNhgqLHTUN4/O27tpPGsXHvoXM5HaPrla+KZdhtMNonp4cuVRUNeIKBumMRcXN9JP2ULMXK/Tdl4Vy2UOO62qGp2z2+cljJXqppKiih1vNVdpgiS7wHG8KPYEuaVJmJuWjvqX10Not+tk/5/76+4KcvG/2WR2BZVfg4wlPgnMmZ6rPSiXUjjzon759mzUE+Si55Ktf20Uv/+/H/56tJuW6+YZcXzYT8hapxGK5yTYrb3/9G7vlo/7f7+ZLheQhbB02a2ux/sk6J9m6maT8PpMwwq3wVh9jJuOhmRAlHmOxsLDKF7GIkz8QjnrypYtsNRmFfkRQ7NpgzsShuImFKVGYyavhN8LdGCOzqZkkdJ/J7Mpjopn0tS9XSyWrTslMjtbEmDOZ+XLl0XZhb7zgPhMAAACAwVf0Nr+2ikxA+L/ZnuOG0D9ZCmaiU050zEoVBDO53V9U2c/vj6aouEWaWpHnTKjZK/I/GEpm4h8pvRj+d1JrRzwzCXqmj30qy4mnqKyN2ZckKTOTn7ev31gOeMM3lrh8gR82LX7rozvfN658fsvfOxf4N4MjQTO5dWtKLpTH/VPT0/L2t/+v/yZX2P2tv5HLg8yciZxv7P6WXDnImMkT//NJuZBtQd5+o+iIXEGervnW33ybrSOHvdcFpMJMUvvdXBHefK7wR6cnImbi63vVGOdqly8e+u7PpZtMJKynf+4JOpRzGhIK/Yig3KV4xApzn8kPuF0jUWYSfRPTs/Ibuf1pcveZrLg3MpPP77iG77ieF6ZBHELhqOOZy+vWVc9r+tCciXyfSW2X4CfhO+C9D1RsdMc8nZS/DgAAACBnMbdVDwkTJoR3blT3jr6ouEY2E3kxlWAmUqGAZ26kR/d2DdWUzeRYSU3tzTh3OzsmS98Tm41lJpGxknQ6dgVXeDuGmQSDjRU1wmqioGfyYt2wI86p1ZAyM/lq6dRv+zwT9sCqsKZL2Ety8s/n5x+uXPjaiak/PrH5d3P94sX/LY3yFxYW5UJ56H9rakre/senQredECQYcnkwlpl8/c/+Qq5MyLeXsI2wLcjb739wWq5AsiQVSjMz3Cko/7DnH+XKIJ3NhByg59i/v3ogsiLrrYIYX2klQSqi/ym7dmukXF8Vdb88g1I/ZJS7rpT8pDHqC7gi383V8lphT+hvJ2kX891cwQX2LpTlbmEpmvzyZ7G+myv4RcW7my0PVZrDdoe/AgAAACBXGa7VF5WEJKHjVE3RydCkx8ZmUlFcU9EhDZhvROZMgsHzZTXMICJC0dttoY1EzMQ/ctw4Fyq5vZGZBEU5KSprS4mWBFNoJg+9M/fYB0vddwJ3w89YpJ8nr93b/f7UwydtD39gS6GZ/PGfflOuQKoglwcZM9n1538pl1+5clWun7iZ/EvB9+UK5Sfelwr/9u//B1uHzerqqlw/x0lvMwkGnV3sgD546+KT33/1ytjs8h3zlS7jj55iLOKLimfDN5lIPPvcv0e+Jy4apX7IxNjlW3gy/99/fOzT5WVHfeWr+b9k5kmc5ief+tXIl8ItKy36kp/V3WLXd5F+6LvMc8uOka7Pn/zuT95k3ohz6BS9kfKGLvHAU+Hb4GafLPgtlYyMLcg1OZTmsN3hrwAAAADIVY4V6+UJExrbFH00KGz5LRubyfHimpN94jLu0TbWTEgkKroiA2mZovc6xP9fTMhMgjb5RNTsxmYS9EynSkuCqTSTd+9+9d3ZgTnfijtiJu233f/9zJepMpOXXzksv/zmXz7a1Hzx69/YLZf8ruSdIHOfCW3/+V/+tbxXlpNNzeSv/+b/lF/+3RP/UH++4V+//wO5xHxDuGWFrX/qw8j3C//t//Mduc1cJo3MBCTABreabEdwkwkAAAAQYqhFXGElhgY5/sUrtQ20rb88t7GZBBdG9JXC6qy+OU+UmYiTGLcV/wY4Zmikyh8aJo4nZCZB580e4ZJ0+jHn5CZmklJSZiYPl85evOX2ik8wCYpa4nAHnv5s4eETd1NlJkHGK7j8xV//F6k+963BE1arXKenV/iH503NhH3J5dnvPR+zfvXZc3IJ5CSYCjOJ3P4uZnxJKrZx5cKXSIBUoPSH7Qt/bgAAAAAAkZSZyX/9aO7umvT9wIJy+PyBrhnvIyfmHnp/KYVmMjl5i7MFKXN370r1lU9a/Kv//H9IJf/p63/WdcmUiJk0Xmj+5l8+yp3iq1/bJX1lsLJ+MPobim024SvYcpmtmwnQmPk13h+2KXQi/twAAAAASCm3DXWRqRhpNiZDSJmZVFv8617p1vegl7Rk1vNI+dxDlUuJm4kqenr73j3++/6By/yOlNLW3lFWfqLh80Z+B9gQmEkm4vJpsaaLPysAAAAAQJiUmUnRZe+XDr/HF3B7Ax3Tnq/+fv6hE4sbmMnK1swEpDMwkwzF49/GZV0eWAkAAAAANmRLZvIn78zJZvLt6qXmab/VEbhpDxR+vvhQ+SLMJGeBmWQu9viPN9lK7HiACQAAAAA2Y0tm4nAF2O/m+uMTC7tPLf7H8vmHfr+wsZmcvOHm2wJZBMwk01l2BWbv8XaRXKgpvnUAAAAAgFhsyUyC4vKPG4ve6wvhLMrxCVliYgvF6cVIJcuBmQAAAAAAALVs1UwAUAIzAQAAAAAAaoGZgNQDMwEAAAAAAGqBmYDUAzMBAAAAAABqgZmA1AMzAQAAAAAAaoGZgNQDMwEAAAAAAGqBmYDUAzMBAAAAAABqgZmA1AMzAQAAAAAAaoGZgNQDMwEAAAAAAGqBmYDUAzMBAAAAAABqgZmA1AMzAQAAAAAAaoGZgNQDMwEAAAAAAGqBmYDUAzMBAAAAAABqgZmA1AMzAQAAAAAAaokyExpQIgiCIAiCIAiCaJ8oM+G1BYCEWVhYkHsSday1dS+CIAiCIAiCJB5GTGAmYAuwPQlmgiAIgiAIgqgNO56EmYDkYXsSzARBEARBEARRG3Y8CTMBycP2JJgJgiAIgiAIojbseBJmApKH7UkwEwRBEARBEERt2PEkzAQkD9uTYCYIgiAIgqRJ6m+u/4dy2wO5nW+ds3Mfy6/7zIXtg1pmYNam/O1wYceTMBOQPGxPgpkgCIIgCJImUQ7TczOsnGivJVKUvx0u7HgSZgKSh+1JMBMEQRAEQdIkyjF6zkb+TJTOoE2Uvx0u7HgSZgKSh+1JMBMEQRAEQdIkygF6zkb+TJTOoE2Uvx0u7HgSZgKSh+1JMBMEQRAEQdIkygF6zkb+TJTOoE2Uvx0u7HgSZgKSh+1JMBMEQRAEQdIkygF6zkb+TJTOoE2Uvx0u7HgSZgKSh+1JMBMEQRAEQdIkygF6zkb+TJTOoE2Uvx0u7HgSZgKSh+1JMBMEQRAEQdIkygF6zkb+TJTOoE2Uvx0u7HgSZgKSh+1JMBMEQRAEQdIkygF6zkb+TJTOoE2Uvx0u7HgSZgKSh+1JMBMEQRAEQdIkygH6fUxw2aUsjJdg0HdaUSjl9HJQVVNS5M9E6QzaRPnb4cKOJ2EmIHnYngQzQRAEQRAkTaIcoMv5jtk3d8f1apvzqMX7b4q9oYz4+JItRJVO3BczebnP7HR7T1yf/GLR0TWzqKywlSh/O1zY8STMBCQP25NgJgiCIAiCpEmUA3Q5p23B7ygKo2MvXwwqCpOPKp24L2ZSPjrZe8emLE9JlL8dLux4EmYCkoftSTATBEEQBEHSJMoBupzvjPkmv7z3baak+V4wuO799mf3gr7QVAk5gPLAo7e8//ip7dvtrqDDHbXrc/fkl2vfbnK+es0jlawHAz9vc/5b25qkQDRketWw8o1PV6lcqjDsC647PN9uWg+GL7XDHSzvXHn1S79sJlQSPoXrxljoqsJmck+64NOLgdOfR12kMvJnonQGOS/3mVfdURV+3DXSdOvuh2PTi2tu2suqy4rLQz9bp+fdXt+bVy3cgcoofztc2PEkzAQkD9uTYCYIgiAIgqRJlAN0Nt/4bO30jC8YDHxDfBl0e18SN0hRpAoxzUQOyUN0yVrQ53/hU/llSCQi9cMmI8sGlUinHvaHS9yha07ETF6aCUgX/EC5M2jbZBZF/kyUzsCGVGR6ZY2s49z4DFveMbNw4vokbTjdXtpFIWORXl6aWSoUFaXOOqtsUI7yt8OFHU/CTEDysD0JZoIgCIIgSJpEOUBXpvRuoLld2GDHNtKumGZy9Evful+qxd+FQrvIc+bmRQMxeXkzCS/BCsvGPeUZVZnJafaSN1vfJX8mSmdQZnHNPX/PRRtvXLHYXR6fL0CRzMS27hlasF+dX/7d8Di9FHaKeynnrXeUTclR/na4sONJmAlIHrYnwUwQBEEQBEmTKAfoMdLkuWEWNoJB//mmqF2xzMRln1mTtpVmIuUbFr84lXEvuBhlCwozsQU93qM1UcfSNYgbdqWZfOOaj1/NNeLjLniDyJ+J0hmU6b+7LK3OktdokY1IZvLx+OyKyyMt5aLcdbrGbKvKFpRR/na4sONJmAlIHrYnwUwQBEEQBEmTKAfocs4v+l4VbgJx3nAHXxL1QLjPxO2jkvKp0IEvzQTOtTu+EyUPzuC69xufrb5q8fFm0uMp71/9R5Or417o3nr5PpNXxZdKMxHuM3F66YznZkJn7PMEy02hxiUzKZ0PnO9f/bd+z6Q7yJsJyY94wXSK85fZi4wR+TNROoMc/fjMxam7J8231j2+LxYdhaJ4VF6f7J+zUYlkJm9csczfc0kzKoXh+0w+vDHVODn32uUxZZtylL8dLux4EmYCkoftSTATBEEQBEHSJMoBes5G/kyUzqBNlL8dLux4EmYCkoftSTATBEEQBEHSJMoBes5G/kyUzqBNlL8dLux4EmYCkoftSTATBEEQBEHSJMoBes5G/kyUzqBNlL8dLux4EmYCkoftSTATBEEQBEHSJMoBes5G/kyUzqBNlL8dLux4EmYCkoftSTATBEEQBEHSJMoBes5G/kyUzqBNlL8dLux4EmYCkoftSTATBEEQBEHSJMoBes5G/kyUzqBNlL8dLux4EmYCkoftSTATBEEQBEHSJMoBes5G/kyUzqBNlL8dLux4EmYCkoftSTATBEEQBEHSJMoBes5G/kyUzqBNlL8dLux4EmYCkoftSTATBEEQBEHSJMoBem7mW+fs8mfy6z6zUhs0iPK3w4UdT8JMQPKwPQlmgiAIgiBImqT+5vp/UAzTcy2slkjRXk4GZiOTNvHCjidhJiB52J4EM0EQBEEQBEHUhh1PwkxA8rA9CWaCIAiCIAiCqA07noSZgORhexLMBEEQBEEQBFEbdjwJMwHJw/YkmAmCIAiCIAiiNux4EmYCkoftSTATBEEQBEEQRG3Y8STMBCQP25NgJgiCIAiCIIjasONJmAlIHrYnwUwQBEEQBEEQtWHHk8mYyUldTVExRc/v0JYr52pu82VAU9ieRGaysrpOcayssbE77i3bnUu2lcUlhxsAAAAAAOQMHo+HBoG25VUaENKwUBorUladLjnseDIZMxnr6NDXNuqKa/S1LTFyYXDSyR+SEH7HZE/HMdIend445uD3KoCZ3HfYniSbSUw5gZkAAAAAAOQOnjCymcgDRdZMnPfc7HgyGTORGK3XizMnMVI9xFdOAGdRsb76akhIJi/WUTvRFXhgJhGcFl2DhS/cftieRGZC3Yvtc7KiUF+kHkn9Uu6jAAAAAAAgF6BB4LLdKU+YsLMlpCUpM5PgbI/SSZI2k/ELn1ycjS4aavnwqo/+v+jUleGGhmO6mlqzUKyvFIzoWFkjaybVYuHF8ExLdbHeO9VPJXbhlaeiTNh7/Fx/AjMxGcv9kBO2J0lmIkXpJ9QjqV96RfgOCwAAAAAAMhxpmKdENhOlk6TUTIIWpZMkbSYdp2pGuaL5ft2FSfr/ooqOovLG8x0jo8ukQ/1F7zSOmm/0dbQdKwmZiXOoRffRpdGRQfnWl2ryEJ2++/IIbS92NZxsGhwdGamo6Bj1y61nIbVlNRrLCduTWDPh5IQzEwAAAAAAkCPIS7m220yCSicRo6+9ydfclIsVyqVZo0XnBFspKv5ELtLrIku8GsvFQ8xtx8JCcttQd3Fe2CAzcYWrCWZi0HS8fv/w2fuaO257+OJtg+1JZCbUt9g+x1qKdB8831UBAAAAAEB24YuGRoCymbBCknozqSiuGZ6Yc6ViIiLmaq7qIXE1V3GLXFbB3HwireaydzUUFdfZl21SpIup5u5R8diqy2t0H125nYpLTVd8x0oaL95M7ssHkoTtSZKZyIlpJlxPBQAAAAAA2Y1kJjG15N6ah8KOJ7dqJnxR0kxeKhXXboVxdn9U07cmbLFmws6ZhKZZhDkT/jJ4MxHwUbWKLhtfnC3Yr7ZorCXBDc2EVRSYCQAAAABADuL3+6XvC1aaiaQlKTWTt2uqo78ymF15pZbGSmEx2MWekb6OS7Shqw3deMKaSfB2T/g+kw72PpOidxr6Lo+cP9cglbBmMlz/SffI5PjIYJGujp+WyRbsV5u115JgYmYiyYn0DV1+AAAAAACQS3BmIgtJ6s2E/KGRnedYGylibvAAWQ/bk8hM5B4GMwEAAAAAAP6wmcR0khSbyeTlQa6kuydH7jUHAmxPYs2EUxSYCQAAAABADhIIBKQnmWhhJiDHYXtSTDOR/UT67uAAAAAAAADIJWAmQCPYngQzAQBoxp176/13ba235xEkl2O8PU9/Fvg/HgCkGTAToBFsT4KZAAC0gYZigwv2IQRBFuz0ZwFyAtKceGaytu6Vwo4nYSYgedieRGZCfUupJTATAEBqMd6eV47PECRnQ38i+D8kAKQTrJnINsKGHU/CTEDysD1JMhMpMBMAwPbRCjNBECatMBOQ3shmonQSmAlIJWxPYs2EC8mJ9LxF9li+2wIAQGLATBCEDcwE3HfYAZ4SGgHSODDehAnMBKQMtiepNRMAQILQX/qrq6sLaqD6Pp+PbyhbMM4sDC86EASRQn8i+D8kAKQTMBOgEWxPgpkAsE243W6LxXJVDVR/fn6ebyhbgJkgCBuYCUhzYCZAI9ieBDMBYJu4fv16i3oMBoPdbufbygpgJgjCBmYC0hyYCdAItifBTADYDrxeb1tbG68diTExMcE3lxXATBCEDcwEpDkwE6ARbE+CmQCwHaysrPDCkTDXrl3jm8sKYCYIwgZmAtIcmAnQCLYnwUwA2A7GxsZ44UiYzs5OvrmsAGaCIGxgJiDNgZkAjWB7EswEgJSzvr4+ODjIC0fCtLa2Ugt8o5kPzARB2MBMQJoDMwEawfYkmAkAqcXtdg8NDbW3t/PCoQZqgdrhm85wYCYIwgZmAtIcdWZidpoRJLmwPQlmAkBy2Gy28fHx3t7ezmi26CQy1A7XcldXFxkLnZe/lAwBZpLa7NpboCzcNMkdJcT62VPGOb5wm2M8f3jH8zquMG/vEWXNTfP4M/uUhcNxTqFNYCYgzYGZIBqF7UkwEwCSwOFw9Pf3X7p0qbW1lVeK7YR0hc5LZ+cvKBNQZSZNpw7m7S04dI0vz77Q23z8PDviN+46ZZFflr1Z0KQ4REpyjpHcUUKsdU80a24mdYfznuY9JDkzeSy/UFk4HOcU2gRmAtIcmAmiUdieBDMBQC0ej6e7u5uXhgQgjTGZTH19fQMDA/STtpMTGzo7XQN/WWlP+pjJY+pbPlNamPemUVmeSDY+Hb3NPQa2JF3N5L5m4PwbZeHt5MwkDQMzAWkOzATRKGxPgpkAoJYbN27wrrAZBoNhYmLC5XL5fD5/GNqmkqWlJRIV/oDNoGvgLyvtSdZMLLSxc29BnpgdP31R2qAYqabhCG08+Pw+qaRsiurPlb0VeikcKOoEDcf3lAo18/YePHQgtIsGuMJgd7BSrpz30yqpstxgnjiOj1SIHtbTywfzw7sKhBVBA0YdU3KEroc7HXttu6sEA8njvSW2mezaW/jIUb3RPPD60QPSgbvCF7M7v6BkwFJ26gi9WZNYUviLN+qt08ZBY17+G0KdkaqdL1WWDU6XnDi8kzOTrrJXukaN1unHCgoGxLPvfH7fjhd0RqvlkXypJJxrVZJB0a9m/1svU/uPPl3wSHnn4yeamwb0eT+slKo9erhSai3vN8308qmCgvqpxSZDKbUmVcjLP9Bkna43VEq/GikkHq9bhQ3x0xMnN2Y+e/z8nNgNBA85U37wKL2jyUWhhb37Hj9hpHe3/6V9nPLlHa7cf2FAf/bI43Wd+184SBe5O/wupI+LGqRfLl2z8OHsPSiVSKegj3r/rw/Lhz91tqfeUBo6PPzepWrCb+Ra1a69Bx6l3wi188PKB39dSb+CV36zb/9g1PVsHJgJSHNgJohGYXsSzAQAtagVCfqDNjk5uba2xjck4vV6SU6oDn/YhtA18A2lPVsyk998Jo0yaft9M425P6MNYSwrmkle/os0kqaNR04Mk2k8IjhGJQ3iRQEQhrm7RBN47Le6p946NczLwFzJgHV4frrkzX1M5cLHTvY0dZVRzXqhjnEPFSrmTIT2f3ikZHD69cOFeeLAd/8PhRPt77Loz75BGzvEQ9jTPSLIUjOdTrxsQRuiL0Y4VxwzKZCsgy44L18YSe8KOcacbAU79h7gRsZSnddfKtDPh0qk61SGPnBxUsKY91zp+2LlcEk4jJlIy8+MZ1/OC/vGDnGUz7YmDffz9r4slZT8VjTJwco94SVhdLWRQ8xVe5qFjbxDlfsPiW0ajtDHIrfDXkzkLcxHfVbirlCbefn7njKELrJEfDvSR0HtPHrWKtXZI158lJlcCbeTH7opJXR4bDMJ/UYe3Rue15rv2XVyVKqWSGAmIM2BmSAahe1JMBMA1GIwGHhRiENra+v4+Dh/fByoZszFXR0dHVar1Ww2m0wmuZCugT8+7dmKmUijUhoUyit5QntFM5GGp8LsxIEqsU6BNBgVdEIcNe6K9oooGbAO7y6MmiFhK4dPHddMQu1cq5KOlRsJbwvjdfZ08onY00UJQHwzkQul7VAJM2gWPgHxIvV1ZTufjjoFd2wk1uFd4bcvvdPI2UU3iNRkzCR0wcKHHxISudnX3305/O6E39QT+QX1Mw5jV+VuUQOk346cSOP0ybxwik4huMGVSjovvRfpXLHMRF7NZeF+KdQB5DryRUrvQrpCth3uFOzCucgppMPjmIlUsifyRvjr2TgwE5DmwEwQjcL2JJgJAGphrGEjSB7u3LkTCAT44+NANal+Z2cn1w5piVRhZmaGLY8+OgPYPjPZUdpDJY/TYPdQnXSg9I/fjzJD83hmQtuhf0QXm+Iqh0+dqJkIx4bGqVbayMsXlnhxp4ueIVFmWHo7UqTR83C0UewIz+2ILzvlf6ffk1/wYPnwsKn0e12hmrvFOszQmTeTvOdKpY2mqhe3biZnSgtD8y1VL4ZWYb27zxSerpGOlaRRmcf2FrwuzZbQVR2qkyZb0tBMjh6GmYBcAWaCaBS2J8FMAFALqwcbYDKZXC4Xf7D4HEa73R7zWYpUnzyEa8dsNkt7uV3Rh2YA22cm4mqu0Txp8kQcMjKruXjZkI7dfXKgaWDUKJlJlWV4ZvhnP41ROXzqnu89J9w3QmdhLzJ8hREzke4qkVdzSfdasKeTVppRoWmw5xV9J208+HTBK9GukpcfuumCIt8Wsku6r0ZI3NVcedJqLsORyKoksQ6N+Jkxd7SZFIaOfeUXKZgzoV+QPtya9JuiDyTqZpXByt2nYq93opp7pDtMRDGQHIM1E1lp7oOZmKserwstQns8H2YCcgWYCaJR2J4EMwFALawexMNgMMzPz7NHeTyeyclJdkqEtqmELIWtRnDPj29tbSU5GRoa6ujoYMu5o9Kf7TOTPReGd+QX7DwYeSrFEy8IK5T2nB2Q7gTYFW0mxmYd7X3w4CkaRpu6hDvgHzlcdWZqThq1s5XlUw9PDdAp8gqi7qYIX2HETISMdQorqZ7Zd0a4HZ8/Hb3cc1C4tp0vvFx4XhijK81k+I6lRFwTRXXkYT1dlVSYV/Aie0u3EGuPeG0vhm9EcTyxrzAvv5De1KGfhuoIJeLb3F8YZSZnTokG9cwB07WqrZsJadIjz4Ra2y3+ph585mDJhWYhZ3U73x0QDr8g3L1DeeytOvZKho06+WM/erjge6bQucK/8Tn6oIQ5sftiJlT58AHpwzfqX4aZgBwBZoJoFLYnwUwAUAurB/Foa2vzer3sUSQqyttIqGRkZISrOTExwVWLCXtIRqDKTBINc59JdifiIRmUmWb2US2yNiBSYCYgzYGZIBqF7UkwEwDUwiuCAoPBcOvWLbm+z+ebm5szGo18vTADAwNUR67vcrkSuclerp8pwEy2kow0k0VL3j6dUfz+4v2/3ndoRFkhpwMzAWkOzATRKGxPgpkAoBZeERRcvXqVfUw7WUp7eztfKRrWZAhqga+hgK2fEWyLmSBIxgZmAtIcmAmiUdieBDMBQC28IiiYmJhgn17S3d296RwI1WHOkNCCLrZ+RgAzQRA2MBOQ5sBMEI3C9iSYCQBq4RVBweLionzriMvl4nfHgf0iL2qB361ArpwpwEwQhA3MBKQ5MBNEo7A9CWYCgFp4RVDgdDrlx5gsLy/zu+NANeVTUAv8bgVy5UwBZoIgbGAmIM3R2kyaBrqvrPCFSC6E7UkwEwDUwiuCgrW1NdlMbDYbvzsOVFM+BbXA71YgV84UYCYIwgZmAtIcLc3k+pHimiIx9VPXr7TV0UZJ84CiGpKdYXsSzAQAtfCKoIBdzeV2u/ndcaCa8imwmiuFkR43YTx/uGyG37X17Diolx+CkflhHmaifZjnrOdIYCYgzdHKTFYuS04ip6RcL/y80MfX1DxFxR8rC5GUh+1JMBMA1MIrggLuDvje3t5N74CnOswZcAd8KsM8CC89QkPws+LDBy8062+GCo3nj+Q9HbrOga7SB/cWvNI1+v5ZXd6h6McRhnPoQEHoCYYXhMfMU0y9ldSC/MyQ7z1fkPf8y/XW6af2FbwePguXvL0HjdbRo6eO7Hq6oEx4LmRumcn9fLNiYCYgzdHETOZN1SeitCTiJ8mZyUQzHfuu4TJbqCuuOdGvqJlAYCbahO1JMBMA1MIrgoLBwUH2W4OtVuum3xpMdZgz8I+BjwlbPyOAmYQycirq2eqLjjMnXszbu09+Xvvw4lzTtWlpW37IOpefvcC/qQfzC44ejZiJyTxqmhd3TX0WbwgeaXzk1IPlwzlmJsP3882KgZmANGf7zWTcwKpIcenZlJhJ+Zn6omJ9pGSl692PP9PYTPoNtcpCJF7YngQzAUAtvCIoMBgMk5OTcn2fzzc/P7/BtEl/fz+etJjiTBnFZ/wJ0w47nxMG8U2nDpaJu0hUHv91pdE8kJf/xuvtla90jZaVvvjE5+Kjyud7pKN27t23xyCU7Npb8CBVto6WnTgsDWTz8g88VTdgHOzZc3ZYeHmgSlrNRWqhN08feu0AbQhNXat68Pl90rE7OTVqPiJdCZdDB3jZGBaafVHcmMsrOEIb+39YsOO3wiRJTN0qezNiJpHMN++uij0EZ7THIk7ORMyE3maTdfqxggKT+NKoP1IyYNHX6R7JFz/MqhelD+HoKZ1Q/2bdzpeEj/T1owe4xynmHa7cf2FAf/YIidP+Fw7WW6d35xcMxGozZCbzo2Ro4gSO8JFS/aaBz/J+GvWmdorlZWcrHz8ufBR5e4VPRkzo+vMOlD34i7JXLjQbhbO8/NgJozR3VC+pmnR262e7ygeMVtEAr1UJ128dpSvZ+aaRPde2BmYC0pxtNxOdLuIhutpOofBOW0ROyhuN8/whm2ei+URXW7muRi4ZMdV/fLVZYzOpPRm5AGTTsD0JZgKAWnhFiMXQ0JBcPxAIeL3C3+B8JZG2trapqSn5jvlgYjeZtMBMNsyZd/cdFUe3w8LIlTcTvThC/d5zBXkF4sB60ZonDvfrTxwoEY96/3eFeT+sHBbNxBhuUxr050WPXENmMtP8iDDnQCVzJb8trF8UBrt5v9BLx5IwsPei0JXsfKaArmrHvpelMbqUWGZilVdzfU+UBPITadROF0Yt5D1z4LF3Q6u5huOYCQ3NN1jNFdqe+uyRE8MRMxms3NMsqlpX6f7BqEOk90I/2cKjv5EH/da830SuZ1g4xQFpgz7Sp0TZM559uYQxBLlNyUxISyQHo49018lRqcKj0RrGvccYZrI3JFSUJyTtodzUh/wzujL9yuj6pS5haj6yI3zBGgRmAtKc7TUTdnqEIpeXR5c3LvIHbpIJUUKGPjt59brw8vbFd6nx/gbJTEwXPqY2G4a6TpbVnB0XK/Q3VF/4+OSF1sYbQoUTJTUnLrQ2GC4YxdaKis8Wn77QPtop3KD/UZt4it53P73YMNRb/2mtNKtztrymqPSscFT3xdBczfIwvYsrM1ev2OgUl4tK6pqGus6ewyxK3LA9CWYCgFp4RYjDwkLUsIPcY3x8vKOjw2g0tra20k/aphKn08lVS2QpVwvMZMOwUwrSNmsmUjmZgKwZkmDskYb7oQij9l1MO9IIuOzdF3fkFzx+4jP2QLlxIdK//TNrk6L2Ridv78vyttJMdkrTL5HKodmGqFypfEwfWvoVw0zGPttgEkB+szsOSIYWGqwL7YR3SSUDZuODzxdKJYJFzE9LH4LeKrQT0qRQZE8QTxG+nsiHYDgiLWbj27xWtbNg34PvDsj1mTajPpn6s2/kPX2gzLwYOkUMM4lcA9tItFWGzeRa1a5I+xblb2H7AjMBac72mol5yiSM6cMGcuSjVioc/bJVLim5YOoaMPFHbRrJTEgqdPX0s/p4zZGPu2QzKSqurZ0J1SzSNQgb/Q3lpi/Ch3cVVbezrUWUqb9BOX9SVN5slsyk/KJUQtvSxomIawlmMhp9IMKF7UkwEwDUwitCHEwmE/t1WxIej2d1ddXhcNBP2ub2Un2LxZLIUq4WmMmGYW/DSNxMlKNSZswaNd6loXle/hvygcNG3c/kVUyGI/uvJGomO5jbSLizc1piOv/Gz0yf7T4VmkZg0iPPLfBmYm3e+WbUDAYXxU0socE6XXD0tMZ03i/00nbZUWb+Z3665M19R2cce+R5CUXim4miTfET05cfCM2ZGI5EPtJYqT/5ojQhE/m9zITuqIk2k9g36jBzJp1Pydc/b9zgvaQ8MBOQ5myzmUhj+ugZEjZJ32ciSYgwVSLc+66vviF4RdhM2FOEzOTsRPjYGQN30oiNRMzk2omTHxeXiC3IZhL2mVhmYj57+mzR7z42CfMnzHUiTNieBDMBQC28IsShtbV1amqKP3hDqD75DN9QHPiD0x4tzeRMaaH8HcE7EjaT+hP8bRJxzUR4KdwBEl7NZZRXcx09XFC/mKCZzOU9Vyq/ZM3E1HxEWvsk5zFxxJyX/yJ3hVTze12h7SgzsTbvCd8lEsodS+ie+HAUo/bIaq5oBbLkHRbniOZ7vvdc1Mo0QTPMwmouaY2ZMvHNRNFm+D6Tnx0QV9DNNG8w2yMkPNeRt/ewVELypjSTJ/KjP4RIjGGjmyt7szC0muv8G/LyMw0CMwFpjnZmcurqcKR8ZTAlZjLSVffxra7Ql3RFzOTjiIdIYc3E2amYM+HNpDiiHF8kaCZSGqvPytM1CBe2J8FMAFALrwgbMjEx4ff7+SYUUJ1EvimYhW8i7dHSTChPHdyXt7dw50EdqcJwYmZCGyXvvpy3t2DnCy8/pR8ejmUmu6UFSM/sq78TdaDJVCUcePDIK72iUcQ3E73+iNDC0/t2HSqTC4cZM2EXU+WJK53qT4WFZOqzx0VF2XPwgHSdhRcid7ezZsK2IBlIU9WLhabI6cQ6ccyEKl8oEw4sOKgXBa/krRfp5VMXLANGHV1P0+fiW3hm3+7fhm6DeeW3QoW8/ML9BmvUKeKaCd8m+4lJF2Yy6aXr331YuOdHzmMv0G+2YNehyjJxLZmpV/rkdSVjVqWZDAuflVCfrrYs+n6bpw4U0gVL24cOC5/nnrMDcTRmWwIzAWmOZmbCr5IyNQp3g2zRTMzO69TIiFQo32fSXEuFZzvbGjqbj5wTdSLKTIT7TE4ahL21t4SXSjM58bua6oHeK7e6dbqzG5hJw0c1Jzu7m0avku2cvNBK9Y+X1piUV4uIYXsSzAQAtfCKsCEGg2FgYMBisSjXbsksLS1RnQQXccnwraQ9GpsJgqR5YCYgzdHMTOq48hSZifkIc5eIrCtXRi4e0dUU6c6evXpV2hU1i3LHJO1tEe+8V5rJqCX0TcdnRwY3MBPzvInqHPm00+y8qhOXfpWcE26kQWKG7UkwEwDUwivCZpBydHV1jY+P22w2+dnwBG1Tyezs7NDQkFotaYGZIEiGB2YC0hzNzCR2SpoHlIcgWRm2J8FMAFDLpo9N3Ji2tjYSFfrJ71ADXQN/WWkPzARB2MBMQJqz7WaCIFLYngQzAUAtZrOZFwXNoWvgLyvtgZkgCBuYCUhzYCaIRmF7EswEALUsLCy0trbyrqAhdHbuYSkZAcwEQdjATECaAzNBNArbk2AmACTB2NhYEneGpAQ6L52dv6BMAGaCIGxgJiDNgZkgGoXtSTATAJJgbW2tu7v7vsgJnZfOzl9QJgAzQRA2MBOQ5sBMEI3C9iSYCQDJEQgE3G63zWZb0JDV1VU6L38pGQLMRJnC50PP01AVVUfJz29JYXY8r1MWImoDMwFpDswE0ShsT4KZAAC0AWaiKvsLuccgqsqw9DTD4RSaycxncZ5kHyMDhiM7wo9x3H+wMG/vQfl6Ipm35j1dKD9dcXiw8ilj1GPvsz4wE5DmwEwQjcL2JJgJAEAbYCaq8iD/gHY1uVKZcjMZOP9G4mZy6EBB3m+ahe2xz/L2lcY0EzKW1w2R574PL87l/UKvbCqLAzMBaQ7MBNEobE+CmQAAtCFHzKTp1MH9b71cb51+9OmCR8o7Hz/R3DSgz/thpbT30cOVRuv0YwUFA+JLSRvokLz8fVTTOGjME4VkYGqaNqimUK2rLOZRw9eqHnx+34O/pl2jO6P1w1j3xv7eaelwqrzjBZ3RatHX6Xa8aRT26l9+7ISRrvCpfQX188zFX6sqPHWk8GxzyQVBKgp/8QbV2f/Svrz8N+jlmfKDR61Cm7Sdt/eIVH93fkHJgKXs1JGdYstyqEIJ0zJrJnnspV5jzcTxeIokKlMCMwFpDswE0ShsT4KZAAC0IXfM5HWruG04ImkGZRc35jYckeYfImay92Vp16EDoZrysfGOomH9Y3rBE6QWoiY0DEdizplIbebtfTFcMpx3tDNy1LWqXacskZehGOWLlE8hmQmV7zo5KpXsyWffoCWPF5UYcyZCos2k7M2CJmWd7A3MBKQ5MBNEo7A9CWYCANCG3DGT0Ag+lpm8/u7LeXsLKAozEWchYpqJdTjmUeywXqWZCE2FwipEtCfo68p2Ph2qxp1Culp6U3J9+bLFGJM2kzPKOtkbmAlIc2AmiEZhexLMBACgDTCTM6WF74trnJqqXkzcTPKeK4151BbMRDEbI4X1BFPp97rEDXPV7jhm8lQ+5ky2FJgJSHNgJohGYXsSzAQAoA0wExp568WXr/xCxZxJXmFlzKM2NpOfjYS2lWbyRH6Bia0sh/UEw5H9V4QN41lhumZYPIV864h0tWVvFsr3z+TtPcA0NZ330yrWMVgzed84HKkZbSb03qUbacq6lIvKsjAwE5DmwEwQjcL2JJgJAEAbYCbDi3OPPFOQ98wB07WqTc3E2KwjJXh/0XHm1Bsxj9rITBYdu58RVmG9H8tMhBYO7hOWaT2zr+wmc1S0JzyxrzAvv/CM1XLop6GLf1Bc3NUUNhMh1p4d+QV5BS9yqrNjb2FoyiV83sgd8Pn7IjWjzxjWm7m8pw+zrWVrYCYgzYGZIBqF7UkwEwCANuSImSAU0/k34q4ZixfBUvA8EwDSCJgJolHYngQzAQBoA8wklzJX9ua+2GvG4uT1Q3HWmGVvYCYgzVFnJvzRACQM25NgJgAAbYCZIAgbmAlIc2AmQCPYngQzAWCbCAQCq6urC2qg+j6fj28oW4CZIAgbmAlIc2AmQCPYngQzAWCbcLvdFovlqhqo/vz8PN9QtgAzQRA2MBOQ5sBMgEawPQlmAsA2cf369Rb1GAwGu93Ot5UVwEwQhA3MBKQ5MBOgEWxPgpkAsB14vd62tjZeOxJjYmKCby4rgJkgCBuYCUhzYCZAI9ieBDMBYDtYWVnhhSNhrl27xjeXFcBMEIQNzASkOTAToBFsT4KZALAdjI2N8cKRMJ2dnXxzWQHMBEHYwExAmgMzARrB9iSYCQApZ319fXBwkBeOhGltbaUW+EYzH5gJgrCBmYA0B2YCNILtSTATAFKL2+0eGhpqb2/nhUMN1AK1wzed4cBMEIQNzASkOTAToBFsT4KZAJAcNpttfHy8t7e3M5otOokMtcO13NXVRcZC5+UvJUMYmF9WDs4QJGdDfyL4PyQApBMwE6ARbE+CmQCQBA6Ho7+//9KlS62trbxSbCekK3ReOjt/QZnA3JprSDE4Q5DcDP1ZoD8R/B8SANIJmAnQCLYnwUwAUIvH4+nu7ualIQFIY0wmU19f38DAAP2k7eTEhs5O18BfViZAQ7GB+WXjzAKC5HLaZhagJSD9gZkAjWB7EswEALXcuHGDd4XNMBgMExMTLpfL5/P5w9A2lSwtLZGo8AdsBl0Df1kAAABA6oCZAI1gexLMBAC1qBUJ+oM2OTm5trbGNyTi9XpJTqgOf9iG0DXwDQEAAACpA2YCNILtSTATANRiMBh4UYhDa2vr+Pg4f3wcqGbMxV0dHR1Wq9VsNptMJrmQroE/HgAAAEgd98dMnFOW7p4Rl58vB1kM25NgJgCohbGGjSB5uHPnTiAQ4I+PA9Wk+p2dnVw7pCVShZmZGbY8+mgAAAAgldwPM1kYKSquEfLeJX4XyF7YngQzAUAtrB5sgMlkcrli3OS6vr5ut9tjPkuR6pOHcO2YzWZpL7cr+lAAAAAglWhtJlfO6SUt6Zvbwne8zPYcN8zKr24b6oqK65jdKWH2YoWoT8U1FQ0j/M6koKaqh/jC3IHtSTATANTC6kE8DAbD/Pw8e5TH45mcnGSnRGibSshS2GoE9/z41tZWkpOhoaGOjg62nDsKAAAASCFam0m1LjTc53eoQiszMV4e6bvcf0xXc8XJ704CmIkMzAQAtbB6EI+2tjav18seRaKivI2ESkZGRriaExMTXLWYsIcAAAAAqUVrMzkureMqrhH/k+gp1dXor/F1NkcrM7kd2p4squifi9qbDLKZdJzamphlJmxPgpkAoBZeERQYDIZbt27J9X0+39zcnNFo5OuFGRgYoDpyfZfLlchN9nJ9AAAAIOVoayaOkcm+xtBNJmJKL0zydRIhnpn4Z4t0n/SJEx1FxXppb9F7bY21dVR48p2a0aEWXXkLbYcnbXx0bGlt/yjV13Fuw5jJUv+xeou4NV3R0G+fstDh0gWQYxgn5uzLtpMlNZMu4b/xwhowXd2o2ULSdTv6Fv+QmXicHxbX0CF2sT57ARdvCyVFxY3Hz/XQW9CX13Tf7KntGOluajxWXCOsHPdbispaqHHae7JrMar1tIftSTATANTCK4KCq1evso9pJ0tpb2/nK0XDmgxBLfA1FLD1AQAAgNSiqZlUl9Sc7Jkdrv9ENpPF5L6ea7aH1RsxglcsdjSct4b+CZCcYVRsnPZWdIiD+JsdReUd42Jh9+ka4Ts1l65U6ELTF/q3xaF/hLCZeJykNB1LUfuMJ2uKKvppQxdelubqa7woru6mK2kUBSM42vbhQNTwOmQm9Dkwi9nYCyiqEm5oCVtTMOgcLNI1i1u+sYZPuteEN56568HYngQzAUAtvCIomJiYYJ9e0t3dvekcCNVhzpDQgi62PgAAAJBatDMT0hJZJKJWNydBnDmT2reZVVKzPRVdtqAw0G+5EioalY+iQ6hwtD50O76UcDWJ0H0mwxPsMi5P9am6UP2KHnp9jDGTjmX6f2E6JZJzo8yxsc0kqn6x8F99ZmXabKSFoZaL4rXry2uK3muo7Ulqrum+wvYkmAkAauEVQcHi4qJ864jL5eJ3x4H9Ii9qgd+tQK4MAAAApBxNzMQxImvJsXMj9uTmSVjimEnHKfnOEGEoXyt+6eUGZmLvaoh/gwp7n0kIeYak+6OQmQSdE9L7qrhwQ9xjo3LuKJk4ZsJfwMZmEsIzXfR2G/M6A2B7EswEALXwiqDA6XTKjzFZXl7md8eBasqnoBb43QrkygAAAEDK0cJM2NmSFGhJMK6ZLHY11JqVq7nimom0mivO127FMJOisFHQUZKZ3DbWTUZ/+3FRsb56KHaTspmcfy9qNRdXOyEzEd9X1Ou0h+1JMBMA1MIrgoK1tTXZTGw2G787DlRTPgW1wO9WIFcGAAAAUs62m4lwR/h7HWN+Z1HSd5UoiWMmxFhHi6BAOn33VGjAv5GZCPiqK4U1XbpK7r+4MczEO3VFmPYpa3T2NUpm4rzaLEvXxZviGf2O0DWUfDIafXeKbCbSTMuxBmmaJXIBF0el5WfxzWRtUve2eLqSupR9mFrB9iSYCQBq4RVBAbuay+1287vjQDXlU2A1FwAAgPvLtptJ0BF64nvGjaQ3xz8aurdepHSLD2nJdtieBDMBQC28Iijg7oDv7e3d9A54qsOcAXfAAwAAuM9sv5kEg7WnGlL1GPX0Yr7/ZF9kAH2s+BNmH+BhexLMBAC18IqgYHBwkP3WYKvVuum3BlMd5gz8Y+BjwtYHAAAAUosWZpLF9DU0SDNCusrGrX7hWLbD9iSYCQBq4RVBgcFgmJyMfGufz+ebn5/fYNqkv78fT1oEqYV61Orq6oIaqL58fxQAAMBMgEawPQlmAoBaeEWIxdBQ5IFHNNrzeoW/wflKIm1tbVNTU+yIMJGbTFpgJmBDSIYtFstVNVB99mYnAECOAzMBGsH2JJgJAGrhFSEOCwsL7FHkHuPj4x0dHUajsbW1lX7SNpU4nVFfCkjVElnK1QIzAfGx2+2JTLspuX79Ot8WACBXgZkAjWB7EswEALXwo7k4mEwm5b9Aezye1dVVh8NBP2mb20v1LRZLgmNK7lgAZBL5BoWYtLW1yV8rBwDIcWAmQCPYngQzAUAt/GguDq2trVNTU/zBG0L1yWf4huLAHwxAmGvXrvHdJWFWVlb45gAAOQnMBGgE25NgJgCohR/KbcjExITfv/k3tVMdtf/OzTcBQJjOzk6+uyTM2NgY3xwAICeBmQCNYHsSzAQAtfBDuQ0xGAwDAwMWi0W5dktmaWmJ6iS4iEuGbwUAkdnZWb6vqKGnp4da4BsFAOQeMBOgEWxPgpkAoBZ+KLcZpBxdXV3j4+M2m41dxE/bVEKjwKGhIbVa0gIzAQr8fr/b7abuxPcVNbS3t1MLylukAAC5BswEaATbk2AmAKhl08cmbkxbWxuJCv3kd6iBroG/LJBLkNOSP1BH6mTo6OjYYueUoXbYlone3l7JrvlLAQBkKTAToBFsT4KZAKAWs9nMj+M0h66BvyyQM9y8eZPvEBpCZ+cvCACQjcBMgEawPQlmAoBaFhYWWltb+fGahtDZuYelgNzB4/F0d3fzfSIBqNuYTKa+vr6BgYGenh7aTq4b09k3uGkKAJA1wEyARrA9CWYCQBKMjY0lcWdISqDz4tuTcpkbN27wfWIzSEWWlpZcLpfP5/OL+ESoZGJiIomeTNfAXxYAIOuAmQCNYHsSzASAJFhbW+vu7k5iSLd16Lx0dv6CQM5AmsH3iQ2hv+dJS+I9P5H60uTkJNXhD9sQuga+IQBA1gEzARrB9iSYCQDJEQgE3G63zWZb0JDV1VU6L38pIJdI3IdbW1vHx8f54+NANWMu7hocHLRarWazmT0vbfPHAwCyDpgJ0Ai2J8FMAAAgg2CsYSM6Ozvv3LmTuMdSTaqv1B55gq6/v58tjz4aAJCFwEyARrA9CWYCAAAZBKsHG2C1Wl0uF39wMLi+vm632/1+P78jGKT6JpOJa8fhcEh7udvuow8FAGQhMBOgEWxPgpkAAEAGwepBPAYHB7mjyEYmJyc7OzulCq2trbRNJdy3bM3Pz3PTJn19fWazWfn0RvYoAEBWAjMBGsH2JJgJAABkEJwhxGRxcZE9xGq1Go1GvpJIb28vN38yPDzMV4oFewgAICuBmQCNYHsSzAQAADIIXhEUGAwGdh2Xz+fb4Ou8yFjm5uaojlz/1q1byrtNlMj1AQDZCswEaATbk2AmAACQQfCKoODq1atsfTINvkY07e3tVEeu73A4qAW+kgLmDACA7ARmAjSC7UkwEwAAyCB4RVBw584dubLf709kAoTqyGu63G43tcDXUCCfAgCQrcBMgEawPQlmAgAAGQSvCArYm0xcLhe/Ow7yAjCv10st8LsVyKcAAGQrMBOgEWxPgpkAAEAGwSuCAqfTKVdeXl7md8eBakqHBAIBaoHfrUA+BQAgW4GZAI1gexLMBAAAMgheERTIz0YkbDYbvzsOVFM6hMyEWuB3K5BPAQDIVmAmQCPYngQzAQCADIJXBAXsai63283vjgPVlA7Bai4AgATMBGgE25NgJgBsE4FAYHV1dUENVJ/9/lYAlPCKoGBiYoKt39vby9eIxmAwUB25/traGrXAV1LAnAEAkJ3ATIBGsD0JZgLANuF2uy0Wy1U1UP35+Xm+IQAYeEVQwD0A3mq18jWiaW9vpzpyfYfDQS3wlRQwZwAAZCcwE6ARbE+CmQCwTVy/fp0fzSWAwWCw2+18WwCE4XuMAuWTFvv7+/lKYagyyTA7Uzc5OZnIFw3L9QEA2QrMBGgE25NgJgBsB16vt62tjR/NJQa3GgcAFr67xILrQiQqw8PDly5d4qpRyezsLFvT7XZ3dHRw1WLCHgUAyEpgJkAj2J4EMwFgO1hZWeGHcglz7do1vjkAwvDdJRaDg4OBQIA9yul0jo+Pk3UYjcbW1lbSZtqmEq7awsIC31Yc2KMAAFnJNprJcG1NUXGi4Q8GWQfbk2AmAGwHY2Nj/FAuYTo7O/nmAAjDd5dYGAwGi8Uif92WjMfjWV1ddTgc6+vrtM3tpfomk4lvKw7csQCA7GMbzeTKOUE5jtVbIkX+9b7LI8MToe8vF+vokzGT2R7duX5qqq/jEh0bebzTtvGhrqb04jRfmpk4h9r4Ik1gexLMBICUMzs729PTww/l1MCtsQFAhu8rcZC+cevevXv88XGgmpt+ixcLfzwAIOvYZjMpqVv0R0pqy0IzJGOyTPgXr9Q2JGEmxw2h/4KS2zRORu9NHUXnRvmiLMBp0TUwuqgVbE+CmQCQWtxu99DQUHt7Oz+UUwO1oPwHbwCCCZuJxMTEhN/P/Lc/DlQnkW8KZuGbAABkHdtrJtVDzGtrR9HbzWQVFytIThqYHcGtmEnwds9x4xz9PzUbdNygpiSZcN7sP6YT1Mge/uuxSNcyZmjU6WqOlTXSyw/L9EU6fWlVT2i3c0L3tmBNoZLJ/or3IivNqotrwmf0VZQL8zzH3mnwiq9vG+qKKvqN5wS/+tAQuv/PPtYvHPu2vm+On7lOC+6HnLA9CWYCQHLYbLbx8fHe3t7OaLboJDLUDtdyV1cXGYv8rG6Qm/AdZUMMBsPAwMDS0hLfShiPx2OxWKhOIt/HxcI3BADIOrQzkzljHQ3W50JmEqUiWzGTxY6GWrOwQc1Wl9QYL49I33x5rFjY7m5qLKrouS3KSVFx4/FzPd2XR/TlNd03e2o7hL1UTfqaQzqWSvouj5x8p+bibV/Q47QvDxZVDdqXhf8ey2ZCHlJa00PVjLV1x8QZFcFMyHDOCYXyG6Fm+y5b+joudcT9m/k+U1tWo7GcsD0JZgJAEjgcjv7+/kuXLrW2tvJDtu2EdIXOS2fnLwjkDHyf2AxSDhLa2dlZclqvV/p3POExoLQt2TUZr1otaYGZAJADaGcmwWstRW83uoLrt6/1FBV/wuxIxkyk2QzK8doRqYzMJLKqy9xWPRT6onRBhE5dCUadZbboo9AzoVx9jRcF47CwC7fCUzqjcqFsJkXFdXK1ap3QoGAm4ULaFs4kmsltV5o/U9ln72vuuK3dlA7bk2AmAKjF4/F0d3fzI7UEII0xmUx9fX0DAwP0k7aTExs6u/L2ZZAjbHFSrq2tLTkVYaFr4C8LAJB1bK+Z6E5dYkuO60I6IUxKhPDMjQiawVbbHHY1VxhhNVcYe1eD6BsCwu0ub7cFo6RiNuIhQy1CzeUrbINFxXrx/2OaSeTfbOiM9pCZhAplMxG2zcKCrlENbs9PBt+xksaLNzW9OLYnwUwAUMuNGzf4kdpm0EBwYmLC5XL5fD5/GNqmkqWlJRIV/oDNoGvgLwvkBmazme8NmkPXwF8WACDr2F4zEeY0jIxCOCaOlzdUXwjNVwRDw3p+cdfmbGYmceZM4pvJVudMYpgJ4Z3qifpqsrTBfrVFYy0JwkwA2BpqRYL+oE1OTq6trfENiXi9XpITqsMftiF0DXxDIDdYWFhIbqotVdDZ6Rr4ywIAZB3bbiYJhj94YzY1k2BQp6sxXrZ0G5qZ+0w2MJOg/h3hPpPRickPy+QpnfUi3Sdz88Iasch9JsaG0pqecfOIsaEhcp+JwkyOf3RpctlmrK3TX0u7Ebb9arP2WhKEmQCwNRJfCUNjuPHxcf74OFDNmCPOjo4Oq9VqNpvZZ03QNfDHg5xhbGws8U6YWui8dHb+ggAA2cg2mgkALGxPgpkAoBZ+sBYHGsPduXOHe8b2BlBNqt/Z2cm1Q1oiVZiZmWHLo48GOYTf719aWrJYLIODg1e14osvvpiamqLzJvI1xACALABmAjSC7UkwEwDUwurBBphMJpdL+sbBKNbX1+12O/3kdwSDVJ88hGtHXtPP7Yo+FOQW5LGrq6sLGmKz2dxud+KmDQDIdGAmQCPYngQzAUAtrB7Ew2AwzM/Ps0d5PJ7JyUl2SoS2qYQsha1GDA4OMi0JS8JIToaGhjo6Othy7igAAAAghcBMgEawPQlmAoBaWD2IR1tbm/zsCAkSFeVtJFQyMjLC1UzwadzsIQAAAEBqgZkAjWB7EswEALXwiqDAYDDcunVLru/z+ebm5oxGI18vzMDAANWR67tcrkTub5brAwAAACkHZgI0gu1JMBMA1MIrgoKrV6+yj2knS9n06XisyRDUAl9DAVsfAAAASC0wE6ARbE+CmQCgFl4RFExMTLBPL+nu7t50DoTqMGdIaEEXWx8AAABILTAToBFsT4KZAKAWXhEULC4uyreOuFwufncc2C/yohb43QrkygAAAEDKgZkAjWB7EswEALXwiqDA6XTKX666vLzM744D1ZRPQS3wuxXIlQEAAICUAzMBGsH2JJgJAGrhFUHB2tqabCY2m43fHQeqKZ+CWuB3K5ArAwAAACkHZgI0gu1JMBMA1MIrggJ2NZfb7eZ3x4FqyqfAai4AAAD3F5gJ0Ai2J8FMAFALrwgKuDvge3t7N70DnuowZ8Ad8AAAAO4zMBOgEWxPgpkAoBZeERQMDg6y3xpstVo3/dZgqsOcgX8MfEzY+gAAAEBqgZkAjWB7EswEALXwiqDAYDBMTk7K9X0+3/z8/AbTJv39/XjSYi6zsO6fcWZV6B2t+0K3WgEAMhSYCdAItifBTABQC68IsRgaGpLrBwIBr1f4G5yvJNLW1jY1NSXfMR9M7CaTFphJtkAjeOXIPjvCv1UAQEYBMwEawfYkmAkAauEVIQ4LCwvsUeQe4+PjHR0dRqOxtbWVftI2lTidTq5aIku5WmAm2YJyQJ814d8qACCjgJkAjWB7EswEALXwihAHk8nEft2WhMfjWV1ddTgc9JO2ub1U32KxJLKUqwVmki0oB/RZE/6tAgAyCpgJ0Ai2J8FMAFALrwhxaG1tnZqa4g/eEKpPPsM3FAf+YJCZKAf0WRP+rQIAMgqYCdAItifBTABQC68IGzIxMeH3bz5EozqJfFMwC98EyEyUA/qsCf9WAQAZBcwEaATbk2AmAKiFV4QNMRgMAwMDFotFuXZLZmlpieokuIhLhm8FZCbKAX3WhH+rAICMAmYCNILtSTATANTCK8JmkHJ0dXWNj4/bbDb52fAEbVPJ7Ozs0NCQWi1pgZlkC8oBfdaEf6sAgIwCZgI0gu1JMBMA1LLpYxM3pq2tjUSFfvI71EDXwF8WyEyUA/qsCf9WAQAZBcwEaATbk2AmAKjFbDbzoqA5dA38ZYHMRDmg3yxr32xbUxSmOHtP2R54386WPFAe9TKR8G8VAJBRwEyARrA9CWYCgFoWFhZaW1t5V9AQOjv3sBSQuSgH9Fw+aFr+5vu2B8pt3zE4xRINzGTtm4Z7N+66Z5zuZwbWpUKYCQC5BswEaATbk2AmACTB2NhYEneGpAQ6L52dvyCQsSgH9GxeO2PrWuUKt99MJleqFYUwEwByDZgJ0Ai2J8FMAEiCtbW17u7u+yIndF46O39BIGNRDujZ/GG5TVG49k3jva9U2B44FVGFG9dXHii3fb125fPFcLW7916rXabC18zuUMmieFSlrS98lFChwhY5REx18/LXK4UpmtcmxXOFLShiJvZ1aucr1ZuLCv9WAQAZBcwEaATbk2AmACRHIBBwu902m21BQ1ZXV+m8/KWATEY5oGfzwLkVReHaAzVi4erqM4NSievhpntiyb3/dSpkMg+ccnwuTrZ83mQbFo967UyU5AyblmvFCo+V2/aNRp8iMmcSw0z+sHxZ2Fh1/q3JFXWUIvxbBQBkFDAToBFsT4KZAADAfUQ5oGfzwEcxzCRsC86QmUyvhBXF39e2LE6JrD9QL92UImiGOPtB8f6vc7aHaxzi9jqJygPlofDLwzY0E/moyCnihH+rAICMAmYCNILtSTATAAC4jygH9GweiLmaizOTyIa/uj48ZyJrw6D9A+ZOldf0tuqlqJoxsrGZnFHKUuzwbxUAkFHATIBGsD0JZgIAAPcR5YCejXXU8cBH9qOja8N31n8/Kq2eUpqJ/+vltuFFd0lt5Kt+f3na9pXa1RuLrq+E3GbtaL39hs1ba1z+vWgmM6v3vqJ3DN9xfdC2Un0n+rwbmknJOVvJ2PrwnbWS8eijFOHfKgAgo4CZAI1gexLMBAAA7iPKAX3WhH+rAICM4v6YyQcfNd+avsuXgqyG7UkwEwAAuI8oB/RZE/6tAgAyivtjJkXFNVVnjXwpyGrYngQzAQCA+4hyQJ814d8qACCj0NpMPqw2HK9o4EtBDsD2JJgJAADcR5QD+qwJ/1YBABmFpmYyYZ0tKq6hdHV/we9TQagROdVDfA2QhrA9CWYCAAD3EeWAPmvCv1UAQEahnZlcvmqRREL3zieyVPCV1HDbUHeFLwPpC9uTYCYAAHAfUQ7osyb8WwUAZBTamYmkIu+fbpq+PV92ogFmkmuwPQlmAgAA9xHlgD5rwr9VAEBGse1m4vF4fT7hbwrlOi4qp72RqirhzORYcU33iKXxI331kFMqKX2vYXTKVltJ560TXg+1nG9qOH6up+9yf5Gu+fh7DX2XR7qbGouqRmhnbUmN8fLIqNly/iOxMkg1bE+CmQAAwH1EOaDPmvBvFQCQUWyvmbB3g9ydXx67OV0U/lYudldyt51EmYm5rdYc2iQPuTgv7yBGq6XJmaEW/bVQUWN5jSu8W/IWMpO+WYyGtxG2J8FMANgmAoHA6urqghqovs/n4xsCWc3COj+gz5rwbxUAkFFso5ksLNrJOspPfn68Qli7VXpcEADJTNxuL21QOe2lDV3pJ/zBCcCaib0rtDxMTN3FWaGw70LzMR1zQ8tQi1ROXKyILCQLzagsjAg132tY9Mh7QCphexLMBIBtwu12WyyWq2qg+vPzUf+cA7KedV9AOabPjvBvFQCQUWyjmbx/uuno785J27em70p6IJlJXYMpZAvB4L17LnlbFdycSfVQ1L/5jV/4xLgkbq0NnkzETMI0VtSMsq9BimB7EswEgG3i+vXrLeoxGAx2u51vCwAAANCWbTSTT+q7ZOXo6v6CNZOmlgF5182JmRSYSTCo09XUdoz0Xe4vPdV/Oxh0DbUcO31pbuJGUcknpW9vbiYVlY2jUzb7lKVUF1noBVII25NgJgBsB16vt62tjdeOxJiYmOCbAwAAALRlG81k+IuJIvEekoutV+QlVVLJqPkWbVC5ZCwpMRPv3Iiwdkunr+2bFdXCc/xt4eWYw9n90eZm0nEutB7sw6Yb8i6QQtieBDMBYDtYWVnhhSNhrl0L34cHAAAA3Ce20UyC4WmTmO7R0Ngj71p1rnF7QfbB9iSYCQDbwdjYGC8cCdPZ2ck3BwAAAGjL9poJADJsT4KZAJByZmdne3p6eOFQA7XANwoAAABoCMwEaATbk2AmAKQWt9s9NDTU3t7O24YaqAVqh28aAAAA0AqYCdAItifBTABIDpvNNj4+3tvb2xnNFp1EhtrhWu7q6iJjofPylwIAAACkGpgJ0Ai2J8FMAEgCh8PR399/6dKl1tZWXim2E9IVOi+dnb8gAAAAIKXATIBGsD0JZgKAWjweT3d3Ny8NCUAaYzKZ+vr6BgYG6CdtJyc2dHa6Bv6yAAAAgNQBMwEawfYkmAkAarlx4wbvCpthMBgmJiZcLpfP5/OHoW0qWVpaIlHhD9gMugb+sgAAAIDUATMBGsH2JJgJAGpRKxL0B21ycnJtLfZ3snu9XpITqsMftiF0DXxDAAAAQOqAmQCNYHsSzAQAtRgMBl4U4tDa2jo+Ps4fHweqGXNxV0dHh9VqNZvNJpNJLqRr4I8HAAAAUgfMBGgE25NgJgCohbGGjSB5uHPnTiAQ4I+PA9Wk+p2dnVw7pCVShZmZGbY8+mgAAAAglWxqJjMzc9JgkjZgJiB5YCYAbAVWDzbAZDK5XC7+4GBwfX3dbrfTT35HMEj1yUO4dsxms7SX2xV9KAAAAJBKNjUTyhcitAEzAckDMwFgK7B6EA+DwTA/P88e5fF4Jicn2SkR2qYSshS2GjE4OMi0JCwJIzkZGhrq6Ohgy7mjAAAAgBSSiJnIgZn8/+3d708b2YLn/3/xK90HX2mk3Qezo5H28a6+z75XuzOaVe3KlgVEgRt3hqHJhrrU4BCsdgKm4fomjRuCw4+NbwINGd+E8eUmDphuNxACqT2nTlW5XDbG+Edh7PdLR4l96rjMj0PV+VSdKqN5JBOgFd54cJmNjQ3vSy4uLn788Ud/I8vCwoI7X0spFAr+RrV4XwIAQHuRTBAQkgnQCn9EqDI/P//nP//ZbX9+fr6/vy8SiL+d48WLF6KN2/709LSRi+zd9gAAtB3JBAEhmQCt8EeEKi9fvvR+TLtIKX/4wx/8jSp5k4wg1uBvUcXbHgCA9iKZICAkE6AV/ohQZXd31/vpJUtLS1eeAxFtPO9gijX4W1TxtgcAoL1IJggIyQRohT8iVCkUCl++fFGNT09P/Ysv4b2RVyOXmriNAQBoO5IJAkIyAVrhjwhVSqWS+zEmh4eH/sWXEC3dtxBr8C+u4jYGAKDtSCYICMkEaIU/IlQ5Pj52k8nBwYF/8SVES/ctxBr8i6u4jQEAaDuSCQJCMgFa4Y8IVbyzuT5//uxffAnR0n0LZnMBAG4WyQQBIZkArfBHhCq+K+B//PHHK6+AF20878AV8ACAG0YyQUBIJkAr/BGhytramveuwW/fvr3yrsG+D1v0fQx8Td72AAC0F8kEASGZAK3wR4Qq8/PzuVzObX9+fv7hw4c6p01WVlb4pEUAQFchmSAgJBOgFf6IUEsqlfJeNyLk8/nnz5/7momajY0N7/2CzcamciVJJgCATiKZICAkE6AV/ohwiY8fP3pf9fXr152dHZFYFhYWvv/+e/GveCxqSqWSr1kjU7mSJBMAQCeRTBAQkgnQCn9EuMQPP/zgO20inJ2d/fLLL0dHR+Jf8di3VLTf3t5uZCpXkmQCAOgkkgkCQjIBWuGPCJf4/vvv3717539xXaK9yDP+FV3C/2IAANqHZIKAkEyAVvgjQl27u7sXFxf+VVQRbRq8vMTlXwUAAO1DMkFASCZAK/wRoa75+fkXL15sb29Xz91yffr0SbRpcBKXy78WAADah2SCgJBMgFb4I8JVROR49uzZzs7OwcGB+9nwgngsavL5/Pr6+nVjSZJkAgDopICTSSkU1kPfpv3V6AMkE6AVV35sYn2Li4siqIh//QuuQ3wN/i8LAID2CS6ZFLeea5G4fHS0q4X14tVToNFTSCZAK16/fu0PCoETX4P/ywIAoH2CSiYXRyKNbDk30N96GtfuP69ogF5HMgFa8fHjx++//96fFQIk3t33YSkAALRXAMnkfCiia4MJf/XZ+1bOnMTGpkNitRHDmM/6l6ErkUyAFm1tbTVxZUhbiPcV7+7/ggAAaKuOJ5NMbCryYCVX6/YwuVRCG0lmPp77F1xpL63diRvza8up56GRlH8p6iqtL/qrAkEyAVp0fHy8tLR0I+FEvK94d/8XBABAW3U8mRRLZ1o4mfFXS5lJfe+sVDy9djKZi+p7/jpTi3JhfaNiI7q/qvNIJkDrvn79+vnz54ODg48B+uWXX8T7+r8UAADarePJRKiXTPx1DTl9ldRGkst5Z/B6cVI83NXupYqHB6Y8J5AMhfWF1c2lpwk3rmjhWe1OfHl1JZMT7fNaZDr7eltOM+vXPCPCSSS+7a/tJJIJAAAA6gg0mSyvbtrlVd5sIZnY166E9Vg659Tk3YxhDOjagzX1WEQU9UA0zjjX3xeexRN71oma7KLboO+UtgM+c0IyAQAAQB2BJhPxwK6xUkQLycR2ml+z70TsSSZaeHpOBh9JvIW6QF5U2lWmGRuQqcYtbn1fKb5MhqpvS9BJJBMAAADUcbuTiTBqR4tyMgmF9Yl1+9qVuahetB54k0lqrA3ve6uJWDL3k3MKKSgkEwAAANRx65OJFjas/0+0e3YyiQ3q2ph9YYtnNlc5mRSexSfWgx6Xd5PzgM+WKCQTAAAA1HErk0kmHlcTsUL34m7CyMSmRc2+9fjL/qb8tJPB6YLzeSneZCJspZJyDYNTw5P9dwV86b2/JhAkEwAAANQRRDIpX/heVU79bdGzSCYAAACoI4hkApgkEwAAANRFMkFASCYAAACog2SCgJBMAAAAUAfJBAEhmQAAAKAOkgkCQjIBAABAHSQTBIRkAgAAgDpIJggIyQQAAAB1kEwQkMaTSenXzyQTAACAfiNGgGIcSDJBx10rmYi47H89AAAAepoYAZJMEIQGk8mxDCefS7+STAAAAPqLGAGKcWD14LBmIZmgeddJJmfqahP/KgAAANCj1BUmDZ4wOSaZoBXXTSalXz+fnJ59/epfDwAAAHqJGO+JUZ+ax0UyQRAaTyaqWF3zs+ij6rITCoVCoVAoFErvldKv6tqSRi8vcQvJBM27bjI5dk6eeCMKhUKhUCgUCqVnigok1zpV4haSCZrXRDKhUCgUCoVCoVBqFpIJmkcyoVAoFAqFQqG0q5BM0DySCYVCoVAoFAqlXYVkguaRTCgUCoVCoVAo7SokEzSPZEKhUCgUCoVCaVchmaB5JBMKhUKhUCgUSrsKyQTNI5lQKBQKhUKhUNpVSCZoHsmEQqFQKBQKhdKuQjJB80gmFAqFQqFQKJR2FZIJmkcyoVAoFAqFQqG0q5BM0DySCYVCoVAoFAqlXYVkguaRTCgUCoVCoVAo7SokEzSPZEKhUCgUCoVCaVchmaB5JBMKhUKhUCgUSrsKyQTNI5lQKBQKhUKhUNpVWkom/5b7y9PkCy2s/8uD2dWXW/7F6HUkEwqFQqFQKBRKu0pLyURkEm+Z+37V3wI9jWRCoVAoFAqFQmlXaTKZqCiSff1nb+XdezOi0luD3kYyoVAoFAqFQqG0qzSTTF79KffP3z7111pEvVjqr21MbGw6FNG1iGHMZ/3L0JWaSCa/Hp855XPpVwqFQqFQKBRKTxUxxnPHe9VDwfqlmWQy/E38/b9/9NdaRL1Yenp65l9wpb20diduzK8tp56HRlL+pairtL7orwrEdZOJN5D8UjqlUCgUCoVCofReKf166kaU6gFhndJMMtHC+uutd2pCl1v58PcLbv0fnm14mjdkLqrv+es6KDXWa7POYiM38B01nkxUbhZ99OT07OtX/3oAAADQS8R4T4z6rHxyjZMnTSaT6fgPNZOJqn+gz3uaN2TpgZ698NVltUl7WtdEWB+ez1sPjFw6Kd86YmyVrGXrSW1gcWkyLionUrvuixesmqGH6a2jc6siG3ttfnm3IiqLOfmv7+u/9Urbkfi2v7LDrptMRIb2rwIAAAA9Soz9Op5MFlLrKodUJ5Pq+oadD0XkC2Np9zKVmsmkHGBC6l3WZVCxX/DYWPhkPXhkLKnccrEdG9QLVp0WNibWVa1cj3rQU0rbAZ85uU4y+Vz6lVgCAADQX8QIUIwDqweHNUszyUT48LH4zb888SaQ754ui6eivtlkYjvNr2mRuPWwdjJxW2YmrQlgMplMO3VZ1Szq/QLWk7HX5UVKTyaT4stkaDDhr+2kBpOJmsfFCRMAAIB+Y1120ugFJ00mE+Hz5y/Plv6Pt0bdRLjFZCJE7JdflUz0qmRysdnHyeRcxJK5n+yTQsG4VjL5+ZcT/+sBAADQ08QIMIhkcpnWk4kWNqz/89roivXgXPMkk8yx3cw7m0sdjc/ozmyux0bKeuCdzeVNJjN3W/oKu4+MJf66zms8mYi4TDIBAADoN2IEqK42qR4iVpdWk8m/PJj1RpGPBTmbq4kr4DNxecG6KKF7cfew/9Z8QrOuYp+LlpPJVqrqCvjwtLre3XsF/LK1wqGHzzc+2lfAe5OJWdptPUF1kdJ7f00gSCYAAACoI9Bk4l7y7i0b/6ecENqrxiysiutMECiSCQAAAOoINJkEjGTSVUgmAAAAqINkgoCQTAAAAFBHLycTdBWSCQAAAOogmSAgJBMAAADUQTJBQEgmAAAAqINkgoCQTAAAAFAHyQQBIZkAAACgDpIJAkIyAQAAQB0kEwSEZHIt56VDfxXQqs8/n37x1wEA0DVIJghIJ5KJFtZVicZW/MuuMlz9cTcN08JG+Uk+PbFeftaqi8Ja6odv4ulHC8vfPn72zeNno9//yd/GNEN8LE8XGHa6X+hOfP/Mv7QJ2r3n/qoqok3OX3e1me+ejSbSo9+9+N9P0qJTPVrPn/ub4LY52g1FdC1iGPPb4tne/HTG3wLoFHfnOzSW8i+7Pi2c9Fehj5FMEJDOJJPpma2D7OrmUETPlPxL62s8mQzP5301YnOcvXCetDWZLCWfffPdC/Piy/mH3Gj8h9EZGU7+6r6XaZ7uvfkiv/ikeXFSfCdHJLgpogsVDw+WV9fmYnEtEvcvbqvqTngNf/mTzLeiF118/te47FGi/H51398Mt0gpOzGoJ9Kby6srIX3NJJkgWNq9VPFwf2dzM3pHj71u9UAHyQReJBMEpEPJZM4esOW1sUzRNCfCeumntOakjoXJuDyjEt90XzI+YmgRY+hhetRqk5nU95xF5azycVMejBwwTnPp4QH7yJDTSgo93tbcsxblZFKK3jNES+NlQT3XoitLk9Pi7QpyUFgQ6wzdX7RfZZ5Hra9kyxuojne++W4t69Ts/NuhaX7e/OMP3zxeLrc5KxUP81pEjomLh0flegSuItzm00NP36uHqtfFnG6gnkbuJ+yWTu8afrIrXjWXPxd9bPyFPOeiRdOmXO30xpN4RLQZjMupV5WdULRRPbbwMiVP19xPLvxk9Ri5qqOt+YTs8E/e2O9lETnk2H3y13fm2S+J72Q4Yb7g7SVyiG8w5yaT4Yhu5dism2YJLWg7tbGy5MWeTtXsWbu5ZbEx+/hmztruiV2t1SYrds37q4uiZnjS7YylIbFlG5gan98lmcCLZIKAdDaZlNbUuFBs/hJ79vGb3NOpJTXK30uPv5ArTH2r79jnH87VOK86mSw/1LUR7+np8g7epU1mzbcpu77qnMlExB6wunlGs8cKYmWLCev9xp020bCuvjZhZ+kHOdPm1c/qqfnXN4+sEaQodo1lfEC8tqANJjfK403cAN9pN7VzFb1Onb7LPjKsaVfZyu5xUtG78mltYNZ95iQT3QmnJ1pE7bDLndBOJsebQ0/UrK5SRrfeSKxqdEWFIW+vNs13ov+seQKwmiUoSoJTbrdYPvWtERlNuZcNqfghYonzqyaZoIPcZJJ9Mr1gdTR5oEQvHwRUnL4nk4maaOD2xlFnJ2he5Egm8CKZICAdTCYXJ8aIPZtrojxYzM9Fy4+1B2unYkzvGUpGLkkmRkQfck7EWC5JJiLbRKx3r0om7vtqYXuGj/g6VSBxG7unXGbu6lrMPsKd/aM1ZPzuhXxy8eXf0vKSAFW8h7djo3K1Qw/SFedbELhayWTf/e2fLifmPoj/32sj3p3um4relU97e5ebTNyakH1FU1UyWU/aPcp6PPNWrir67EBVVI5E334jr1ZyzqKU9txO9ft1uz1up7Oo2HoMTNuHX8QvfW9Fu+9ecUcyQQeps7jybPADu8t5pjB4rCfdZOLWqGbleQfOYR1AIZkgIB1KJjNbB8XD8gDLk0w8m0JnPOcd86nH1clE/FuZNC5LJubpq2RIvOR4zWpfykwaRmq7eHruSSb21ra8yS4nk1lrOpZVSvbV0z9vvLBHjU9fzXznPK46Z4IuUZlM1JQG2evc3+ypc4JubnJau2PN5vLl2Mqn1cnEeexPJhVjTbUSz6oqR6KHdg5Z/fD5T5nfezrV0l/LjXBrnWvhKdP6pQ8/2dUG3REeyQQd5JnNda5F5Ilfsb9zu9lwRA99+7x4WKqbTMpphGQCL5IJAtKhZOI7SONJI+Wj1zXPmQxVJRN1FkW0aeyciXCyETOWStZ0ncNM1Fm5UZ7NVSeZlA8XlR38yR01JlbfurNuvnns7gPQRSqSydtUNFWoPFNXYWJQFz3QvNj0nTOpn0wuPWfyqsY5k0uSibzORJVvk5m1Z3LGoCr/7mmD20t1GPVLnxmpMZtr58kUyQTt5Ukm9u7Mm0y0gUU1d2t/oTyby17GORNchWSCgASeTMQoMK/dSRQP90cH9T119Pr1YuTB8+KH3PLThDzdYdUMxdZ2PhyIGpVMzL30cERf2Mwtp9WW90AbnC0e2hc3K04ykUL2OZb3iRF9YXc/m0qG5HUgVrPLk0nhxaz4Svbfbc88mI69Uq2kpbnyIe3fr8urBpaSz9xr4tFVhu17c62IX6J9SsS05kxHprPv9pfmk1Z2eDOX3hb9Z8jJq27vmph/c1kyEX1j493BUmxqWM3g9nRC9wp40fFEv12ITdn3sL48mZh/eeV2KnU3hd/PPBv941tvE9wumdhUdPL58urmQjwesjZHzi/dmmUqr7UTD6b2Dw8S3xpDIyQTtJl1b64DsVFKPDAicXnJWkUyCevDj7P7u5uhQeOyZJJ9bIw+lW3EGkgm8CKZICCdSCY96vPvnQvfv4kv/+y5ZTD6ge/ylfY4+6DuQC3K6BzDVABAlyKZICAkk2v5uXj488+/+mvRBzqSTKTPx6JTFblXMACge5FMEBCSCdCIjiUTAAC6HckEASGZAAAAoA6SCQJCMgEAAEAdJBMEhGQCAACAOkgmCAjJBAAAAHWQTBAQkgkAAADqIJkgICQTAAAA1EEyQUBIJgAAAKiDZIKAkEwAAABQB8kEAWl7Mjn9fH7y+dxfCzRg/9Oxv+qaCsWruyhQ068nX/xV1yQ6MFs/NEF0m9OWew5bPzStkc5DMkFA2p5MGunfQE2tj+pEH/ZXAUFpvQOjb7W+62Trh6Y10nluNJl82G31wBFuj7Ynk0b6N9AhdD8At1Hr267W14C+1UjnubFksqQb2v348Hzev6DztHDSX4XOI5mgl9D9ANxGrW+7Wl8D+lYjnedmksnG04QWMb6Y2SaTST6thfVoquCtGwrrE+veiktdK5nEBvWivw7NIJmgl9D9ANxGrW+7Wl8D+lYjnafjySQS0UWKqCgDUzufzqyFzSeTcX1WC0+Vay62o48W25ZMsot7/qoeUtqOxLf9lZ1HMkEvofsBuI1a33a1vgb0rUY6T6eTyXZlLInvH3lHnNnI5MrWx+tfyZdPTyxvjkd0t+L0xexCNt2uZJJ9bPRyMjHN2Ej5RxcYkgl6Cd0PwG3U+rar9TWgbzXSeTqdTLKVycQXCaylg6nKygbkrRDyetHIWqnm00o0rJvrSZVMREoJRZM7H/bH7+gZ69age/PTc5PGTGozeyifqi9jYlDPqTM3pax2J5F9/SYS0UOTWfPiZOaevnV4UDw8EAvnomoQnxcPQpHp5dVNY0RP5Ky6i20tuiia5VaTock1q+rWEOEk4DMnJBP0ErofgNuo9W1X62tA32qk83Q6mXRqNpcKIVpkVvybGNFDj7bdZFLdTCQTO0tYRDIRsSRTsp/GBpwTCPn0cFg+FiHEPWfiTSb7TjtNBBhrtRmnmRaedh7eFufF5dnUnvpFBIFkgl5C9wNwG7W+7Wp9DehbjXSejicT0xrcq0yyf3a2s5o2xqbE462j89aTiTxVIq99n5LBw00mR7sL8UTISkRuMnEjhClThPwC3KfRyuBkXp5MnDo7mRSfxeecL18bWHSW3g7Fl8nQYMJf20kkE/QSuh+A26j1bVfra0DfaqTzBJFMJuxBf8VZhZbuGuwkk9PlxMKHbfsmXXYyOREhIXthNXubuiSZJE2zoA3aU8vK50wcDSYTYXTA+tYG47frg1lELJn7yTlnFBSSCXoJ3Q/AbdT6tqv1NaBvNdJ5gkgm2ceGezqiQtOftOgkE9M8F6s9VQ+dcyaiZii2lnu9po1MXZ5MzNJ60s5FpawWMZZXNxeezEZH4qIi93Rq9Gk2d/j+9Ipk8ibyeNepvDWKL2eDjyUmyQS9pWe6X9XlfwB6WevbrtbXgL7VSOcJIpmYrxdDVjLJyBlc7VBOJmbIDTxOMtl4EpcXt0SM/bNcnWRipZqpmbfyS1qOx8WXF7ozHY1bF7JfFNRksP0rkonMRaqE7i86S7te6b2/JhCdTibD7u/ibrygTpqJ35SqHJza8NwCbm4yHrFOdk2kKoKlc3LPKc6ZMaCar/u5c1bdzpaZdGoGjKV35WMBS9bWRhsUW5vN8utvDsmkR3xc06Jp95nYyoluVu5jF0dDA3K3aM2jljKqHw5MFa2tZcWmz7Me9J5Ghob1tb4G9K1GOk8gyUQ425+Jp9UWsGcMh43yk5ez7jUnqCmAZOLmVWfqYHnenVg6vCBvYRCN6HtuPzza1Ma8oVUS+aTBSYanywlGdX2rOpm4j9WNNEQycSeFTqgpoxfbMc+9N8yz99rgovNEijR6I42TNsbmBvvw0oOqk97oFueRiD70eNuTKOxOVkon1I5JXZOpHowun5ivF9VROVNeqOnZkQm55/ZNL9GjGhka1tf6GtC3Guk8QSWTXmQM6guv3xcPD/Z332jVc9VQKdhkImfleZPJaFiPPjsQe13tQcX9nUerfnHeZFJ4FtfCRu7wwBiReWZvYVqLTO0fHizNi8Hc+daTaS08q+4ujX5TJ5moTuVNJjN3ZY0Y3Gt3K26SruqVL6UDkahFd/qiZsBaPW10ULfGmHltJCkWzcWS5sVJ8XBXe7hW0fHy6aERI/vuoPghp7ZF6lbpkdHU8mrOPH5jvXx/J51Sg1exVHXsxLeGnUw8J6JFG/mVi1fdiW9svllOp9W91MU7Fk8Zs3avGuc6Xs7OfZD/i0is5k6HrBvGiA7gdk7RUeUxG0fU80Fh6EmNDA3ra30N6D2/q+JvYWmk85BMWnC0qyYFaQPGwtaRfykqBZZMSu/WIrE3qolKJl9K77U7ixvyw22ykSeeG0ibZuKefzfsTSbjEX1YHXL8tDL+4kTOz/Ecq7aGdw0db0bvuSyZqM5mepPJaUGLyKgsZ3xVBuOMXk4vpufm40NhY/ylFUmyi9Ydz7NubLCUI7dTkXbXnJk0Mheyc4b0TXXkPPd0ask5UaPO54xG9CH1h3CRuyyZeF9lVkYvdKfqZJIa0637w8jrKiP6yv5qcnhBbtDkzWM+2W1EaKnohLftPpO4rkaGhvW1vgb0HjG088YS8dTfwtJI5yGZICABJJPxtPx8zOVUSru/opqoQ8vZ1RUxNJzbkzeqvlYyqZh7LT+F82gjPq0NTOesudokk35WnUzkKYXD96qzmVYyUR/YurO5pkXkhJnGk4m346neGIsaoWjCmRBbI5mUo4v12Htx3YTnxKDKS6Lfej6LqXYy8b7KJJncBr5kUlienVi3w6V4PDS5EhubGoq/Ub1oxrp9f2gksfTAuYuMaJaKp5zEgl7VyNCwvtbXgJ7khpPLYonZWOchmSAgASQTd2jlTKouD+AWRnVt5Pl1Z3Np4dkla3ApS8n+VMqN+aQaaJJM+ll1MnEfi86Wq5zNlX1kLB9fMZvL9CaTeymVajwTqM7nJqe1O+oziEgmqKEymZyHPBeQuBeTDEf0oacVN0Epd0LrOijvIvSkRoaG9bW+BvQqlUz8tR6NdB6SCQJy88nEGhRe6wr48Ygeqnmp8Xpy7oNKJrP+RegP9ZPJTlUyWTq2R37Zy6+A98zmqn0bBueSgLymV97XK5/WRtV5QjOj27O53J4tHrvzsoasP41oef15O5l8WBlNW41K8hZPzOa6jTzJ5DxkHT0pL3LmaC19q1ds9C7yWtTuOYmRykXoUY0MDetrfQ3oW410HpIJAhJAMrEnwAy4d8Z07hocqbgQyL1r8OgfanwcTeW9uc6LWytqnZlP5t6L5PAd+eE8w5Nq/13amk9o1t2l0W+qk4mvs5XvGhzWY6vlPmLfNTisDz3y3zW48HJR1FtR+Gx/NSWbDU7vyOuj8vZ9rtP20e65h3IqTvmV+fTEy4K8LWxYN6z38t0qfTlm3yLWuaG23XXH53cjznk/tU7jZcG+Al5ELOvOs+I7KspX7GryNhJ09u7lJhNv37N/mx835a3wPVtC1bs8t64uaCPPK6a6okc1MjSsr/U1oG810nlIJghIp5PJte2la58PARrQYvebGGzrp0Z4Z3MBwOVa3HaZ7VgD+lYjnYdkgoB0XTKxjivXnDMDXKn17ldaT7YtG5NMADSm9W1X62tA32qk85BMEJAuTCZA0+h+AG6j1rddra8BfauRzkMyQUBIJugldD8At1Hr267W14C+1UjnIZkgICQT9BK6H5rw93//9/4qIFitb7taXwP6ViOdh2SCgJBM0EvofrguEUv++Mc/+muBYLW+7Wp9DehbjXQekgkCQjJBL6H74bo4YYJu0Pq2q/U1oG810nlIJggIyQS9hO6Ha1GxhHCCG9f6tqv1NaBvNdJ5SCYICMkEvYTuh8a587hIJrhxrW+7Wl8D+lYjnYdkgoCQTNBL6H5oELEEXaX1bVfra0DfaqTzkEwQkLYnk9PP5yefz/21QAP2Px37q66pULy6iwI1/XryxV91TaIDs/VDE0S3OW2557D1Q9Ma6TwkEwSk7cnEtLq4WBWFct3S+r75y/lF9WoplEZKI/vm+kQHZutHaaK03vdMtn6UForoPP7+VIVkgoB0IpkAAACgZ5BMEBCSCQAAAOogmSAgJBMAAADUQTJBQEgmAAAAqINkgoCQTAAAAFAHyQQBIZkAAACgDpIJAkIyAQAAQB0kEwSEZAIAAIA6SCYICMkEAAAAdZBMEBCSCQAAAOogmSAgJBMAAADUQTJBQEgmAAAAqKPzyeTTthFLqlK4sOs25lOqZuPjeUVj9C6SCQAAAOroeDLZm5/Wwroqc3t25VDErhmez1e0Ru8imQAAAKCO4JJJZQg5r1V5XQVt5Lm/Dt2KZAIAAIA6AkkmEWM8NityyMTLI6vuPCRjiRGJtJRMso+N2Jjur0W3IpkAjTpcGx0w/JVVQncW/VUAANxmHU8m+wvTxnrJTSPiQfFlUqWU0npyeGHf/4IGXWwbA3rxWXz52L8E3alTyeRsf/iOIXrU0FhyLnvgXwp0Ui6dUqd/I/cTp/6FLTjMjEauPuyiRWb9VegPWjieOnSfnWh3Uzvq4aeVoafv1UPvVGqrTLsvAICu1fFk4qHCiSzOyZPmLT/UtbGM3CKPrthV68nE/LQxv5bJyWdzUd1IbS6nFrVoes+68j5xb2r59fviu23xBbjrQWA6kUyMQV0bTPprK0XYH6MzxEYm8e7MXwt03sKo7u77TpcTCWuvJyRG9GjYMLLlW8tY+eSKjSQAdI8gk4mZe2ofwvniX3Jt0bA+/kIOXkPhKbtqPekdpLrHh0JOS5fYpjd7pgbN60Qy0cJTM299t3crRe/JUyjGy4J4knOOGmasZYWX8gj38OTKVsl6/nEz5NyMQe28t1LyhJ4WMTLqrnH59HB4uvByUVSG5Bk/2xDhFrL7VXeDkupCQ2Mp9VyMC/cv8qKbDcc2zYtCJiY7pN27xBpib2bGprTIlOyPpV35wodpuUB2PGvlThcdGpP9U3VgUaJibfILcLZ4qtlgfCK1az3PGq/Ohgdly+FJ1ffRU4rP4u4+LjWmOzeXkTtEGVoeyu6hkEwA3C6dTyYX9hBTTeIaj80607qkU+c+wtf03hlNypJVK1lPzpUvWpEnRsplMiuq9lefR6xdtSjudhyB6UAyyYYeb/vrHBPOVUzlOQzHm8Oqi3xaiVrDPi0ctxacZ3S9KP7PPR9dVpHFTER1OTnHGiBmrLpCyp06mAs9uvR90Tfy1mnbCiKy2l3oIq9Gh2JcqGpE/3Evqws5fVKzD6ycizBsrMs+L5plLsrJZLjyjJ8WtXKL+9QecZ5oI3YQKr2ctQ6fZ7WBRVUjvgD/V4lecLL8UFdnSpztmNzEyalchxm1fVNIJgBul44nk05cAZ99ZDjnrk2ZUh5uykFkRTI58O3CzbepaEoeRBeWHpBMbkBQyeRs4v6Uyp++ZOKbdS1qxiP63ul54XVq2JrTn5n0dAzVndxD15KcOljwdz/0rRrJRM4ddR9bHa8cDDwbKLdTuZspMXasaOZ0vC/vVkRfjYwl1XnmXCqhRaaisfKr5H/59MS6qpBPrAMx2fKmtWLDiB5ykY08yYnf/uiyvbVMjOhqJ3e6nJh5a7cimQC4XQJJJvZYsDwZRp0/cceO1zVeeW2oFo4vfPLvgL1vJ71Kjr+0Z1BEIySTG9CBZJITQ0N5rsMjM2kYqe3i6flctEYyWTo8KDrFdIZ92mDcWJXz+65KJnKmRCJnGgPVc3jQh07c8xKuticTobC7Fhub0u7ZZ0V20qnoXX0oLjM5yaS/nWt3U7mnU+5tYCKeIy/ueV2SCYDbJcBkEilHhdJ6K8mkUL7q3ZIa0+UHm/h2wBdH6pZNw5Pp7CdZMRGVT0MjidJygmQSvA4kExkytag9YlPc8Vyo6pyJebwZsub1uUR6qbjkSR59tGdzzYyUZ3O5ywupuBhKeudwo5/FBvUl54oRZbg8myvnzuZqMZkooq96n6qlNWZz2RdDk0z6QmxAL0/cEts3zyzTkFNPMgFwu3Q8mZifto1YUpWCc1XJxnxK1WxU7tfRwzqRTIQv+9nIgEy5Q2OpjUN5KbDMn/cXN2J2MlHXr6tEUtyyTpIMGMMPnpvmeWRgenl1U5ZUMhSXlw7vr8rGlVfAe0eEJ0sPnOuaANNcisfVQZbI/YRVcaa6kPcK+FaSSWLMPrIz80pOhVV3dxD9c+NI9s/yiPNo13cFPMmkL+SeO2mksDBqHUxxnL5QVxyRTADcMp1PJoClQ8mkeceb7vxs0zNGrOt9YoSpXAAAAB1BMkFAui6ZmHltJCmvOXmXTTww5vauOH23f3gwHNF988EAAADQLiQTBKT7kgkAAAC6CMkEASGZAAAAoA6SCQJCMgEAAEAdJBMEhGQCAACAOkgmCAjJBAAAAHWQTBAQkgkAAADqIJkgICQTAAAA1EEyQUBIJgAAAKiDZIKAtD2ZFIpXtwFq+vXki7/qmjIfvizvt7oSdL+Lr+bffl/y1zbr61fzY/HkY8vbrrW944PjKz4cFj1A/JaL7ftFq+7nrwW6DMkEAWl7MhEr8VcBQfntj8f+KvSo9kbQi4s2jA6JJf3jzV9b7S1eIpwcn7azPwNtRzJBQEgm6CX/79Nf/FVAY8ToEGjQ6rs27+n+8qnNKwTai2SCgJBM0EtIJgAC0PZkwq4TXY5kgoCQTNBLSCYAAkAyQb8hmSAgJBP0EpIJgACQTNBvSCYICMkEvYRkAiAAJBP0G5IJAkIyQS8hmQAIQHcmk0LxRKynfjn93Pt3kBPfY/U37it8wsF1kUwQEJIJegnJBEAAujCZiKH2z7+e+WsrfW3HG3XZlKUAABdFSURBVHU/8T3Wv9OeWCp+VoSTayGZICAkE/QSkglui9/+Y9RfhZt2dBW3ZRcmkyuH40rrb9T9Gvke+ySktRHJBAEhmaCXkExwW5BMupA/iFRxW3ZnMvFX1XJJs7w2lim6z443xyO6/Ti7OP7C3vXPRXUt7CnRtPsKcz1Zu74B2ZT92on0e/+yplzyPfrVaXb5t5AXP4TaP6hLFH9IZC75BODqd6muqSTfXf6sIsbM6r5/oWmOXvXFtIJkgoDcbDIRf4R7/rq2ueovHC3Z333rfXqN33onkUxwW5BMupA/iFRxW/ZcMjGjYT2aKqjHSw90beS5eixG3qFwfOFTuaUcHE9my8+V9eRc3l93XeJ9y4P+Flz2PfrUaVZv/PBppeYPqgnV71JdU0kmE/UooxtLlwSeDiGZICABJpO8e0BleNL+27uhZFISX4O/Dtf0ze9+9/OF/Xj/2cPxZzWO3wSPZALbRSEU0cefuWOlQmgye+ptcNNIJl3IH0SquC2vSibnwwN65GHGfa4NJD1La7h819moBtdwWbPUWPlch0gpw/P2344WmTUG9KGn5bMZjSSTvfnpPetvUAvPiqeFlyl1pH+rpJafR0cMazCwUn6NHG3rbfkjvex79KnTTP0o7C9bZLbYpmfhQfUPamPePu0z95P8DifCeumn9Phd+XMTPwq7H1wUhu/I71q1Ma13mYga4scyNGbHG3fNW9Z5pGh8s+DsZy3lZCJ+4LHX8n/xkkxsWvycl8/MYWdsszAZlz/8iGHtmGv/tK+LZIKABJpM3G1ZPj28IP9erpNMTpYeXC9O1E4mpV1tMOH+9aIF57/73e++ib8SsUT86194Q6qTyX/6D//5N3d+dJ79+pv/8F/eHv55M3H3v8b+7G2GHiOGWaZ1RDP0eFs8mBm5gT/5kzd/HPqn6G+HfnBrfvuP//x2vxD9n9ETkklX8oaQ/8fhrXRb1k8mxWfxHdM8XU5Y+7zznSdTOxXjyxou33U2qsE1XNqsPDGpoI2u2CcFcs/lVK7Xi6Gw4TZsMJmEdGc0f7w57CyLWjvf8gyoTyvOVLHz4qvF4ae7dn1rLv0eK9VppsYPtUcR5a/f84NyqNGFSCaJPfseaOVk4hBtJtblAy08ZVeV1lTCsd9R/NhfWuklK37yThupnExEp1q2zpmIyGEHHefdc0+nltyq2j/tZpBMEJCbSSZmVou9Ma0/wq2fVsTflXvAQFCHELZK+cS98mBi4q5zvkUdyCntyuMBA1PlwwkfN2XNYNz9e3S2KaXhQfnC0QU5QDEvcpmjc5JJW/x76uHvLO7JkxvnSyZb+v//357+WE4muf/9T3+w++dv/uYf3GboPYa1M96bm7ZHGIOLvgYB+B//FP1fkzvlZPLr5v+aficf/LTwr5skk27kDSFuMvGGE7dl/WSyEbN2MXtpOSD/lIlGysP6y1y+62xUg2u4vNnJ8kM9Z8pDh9FnB6oq+8jIyM37dmygfDbjsmSi9tFqNy2G4+Wg8io598F+OHNX/mS08LSzLKcGA6X1pDf8tOjy77FCnWb2diNsFGvt3ap/UK4JJ5m4NdXJZMJNJgOLTt2JNiZbqffdX5jeUNXHa6MVwxU7mXwp7Yeces8P004m5fMqluqfdnNIJgjIjSSTpYfGhp31p2I/WccVnAMG4g9eHVvaeTKl1fqDNK3jAVokoR47GeNEG0mpmlB4KiG3GfZfeGayRgghmbRF48lE9C7VUhFP/S3apPqcieg5bjL58c7fuTMS/vX/+zvnIXqQN5lkHxt7H9fkmOnuFTNqOsFNJh8Suj3asCpJJl3IE0xqc1temUzkON5KJqHw9NxeQXS/iWXf4fUKl+86G9XgGuo1u9iOPMklRsohxA0bcmaRc3HFZcnEd87EHY6Lx0uHB0WnmHK1s+7TYkne6Xgi7EkyLav3PXrUaeaeLdlJp6J39aG4dWTT5ftBXeS1wcT+4YH4Vi5NJhdyDJNYzak2djLxnJPxnqUR45atyp+Yw7r+XlaWz4lo4fJmzT1j49aYtX7azSGZICCBJpOHa9bfxvvYqDFnnej0zuZSj8uZIZ+uzA/lZDLhmQIr/oDlGvJp9Xduejaa9t/8xVEooo8+WbMXW0gmrROx5Jv4KyuTyGldV4YTodOxxLwqmXjTiDeloPcUnsVT7w5CYSP2+kh7sDasjhoer6mZ2UFyk8nGeNQ5cGz+9h+/I5l0IX8QqeK2rJ9MzE+Z0R/eTwzqxeXEUmlf7bzqT0i+fNfZqAbXUL+ZyFFaxBnp5p67acS0jiSqB9dNJubxZqiy/XikPAFJyW2+yR217SMg63+PrjrNfPO4qscMFT+o9eSMc0cYdUS1RjKR55TsH6CMqfZsLuc0kXNVvTubyx3kVPJcZ+KoTibVs7l8P+3mkEwQkECTSXnbVFC3swgimQin+eEBfbR8LWyNrQyua9STRkRK+f2PhxWLa1m1zpz4a9uqfjKZ/5/lZPLkv3POpLeV5BXwqffFV8nUJ3fnnauefdFpbjJ5Nz3mboM4Z9Kd/EGkitvyimQi9jLyCvgVY1Dsa7JqnLrzZKrOjacu33U2qsE11G82c1cPPbLPD4gvOOs55GQM2PvNaycTOY7XlzZz+++2Zx7IYwSFF7ORB89FzfLqSsy6SlGelmlhopFP/e/RVaeZGj9E4yvFw4P93U1t0H+61fuDEtFLiy4WP+SWnybUJKsaycS6jGfj3YFqYyeTu1NGOpd7vWKM6PZEEnvcci5+IMuv3y+n08aYPUPE0lAyMUtZ7U4ikd7eWF3Zr/XTbg7JBAH5+PHjzSSTu3LylRY2jKx1mMQ5YJAas5KGmrJ1STIRf+fubK4hu015NpdWOZvLVT0XE72nfjI5fPoPPzpH5f7pb0gmva/wLK7uidQNycR8lZy3j8S8+4fJHZJJF3ITiPcikyauM7F9ykysn9yuZNIbGvweG2wGhWSCG9DxZOJMV43ctyP+0Fy+pK6Af1hOEeMj1hXwb1f8+aG0K6e6qrvTnu37r4A/sq6Jr7oCfu+FdVnegJHzzK70rxm9on4yEdx7c/3Hf/beBRI96VwbSanr1lJjeu5wf3nS8B4DDkbNe3MdcG+uruQmkKPW7s2lDDmzd0RCXrLmFlYur3D5rrNRDa6hwWa3WoPfY4PNoJBMcAM6nEyuyT+bC7jalclkKxb6zd/83W/+9r8ctm1KM7pVfiX22vk1H72RRyjueudFBMSbTA5WnopAMjQhUzHJpAt5Q8iRE068NW7LBpJJXt2xWrIud/R8uk4Nre86xRq++utqaP2Nul8j3+PXxprBFVwyCXluvOAWfyP0B5IJbrtayQToRiSTLuQNITW5LRtIJtfT+q7z9PO5WEkjxf/KnlP9Ldcs4ifmfyUuF1QyyT0XOWQ8ljTcMjblnY5/fefF3Jr1qZ96NJbOfvIvrmMuqi/t7mfenmhhI/aTf2lbuBcnoKZ8VyUT4PpIJrgtSCZdyB9EqrgtuzCZAB0VVDKxPhnHWyE/RCKazjxJZa27BFxXJmaIFU48WVlOp0ORhPe2ZVeKOF+JFrGvYG47LTLrr4IHyQS3HckEtwXJpAv5g0gVtyXJBP0miGRS/CEh525FpsonTGIyqMy8FSEhvnCd0x22Tyvag7XrhJEKrZ2ruVSoM6vtSSQT3HYkEwABIJmg3wSRTNRnbGt6xQ1qRE3WuqmR+ykTjdubn3Y/a8YrE49r8nZMi8v79t2RtOjKwmRc3VupeGGax9tzD2QbdQJHcz4KtLiV9lz9kjTNrOe2s1nnEy2ysdfW3ZzG5A2jv+xnhwZl+6V38r02Hk2rl6v7art3fRbvHhnQ5Q2gnE/2mQjrhZcp0TLk+Tr7DckEtx3JBEAASCboN0Ekk5rXvstskE/XDBhXmovan0ThVUjFZ96q0X8hNaarOzaqBGIpqc+1sCrtkxtOMjlRH8ZnmrmZu6p97WRS/hBND/HdGfbH95TPmahkkn1kuNPMYoO6+oBTkUwyqvKnlDuvrN+QTHDbkUwABIBkgn7T+WRysV2dSWR5sCbyg79xY8QLN/x1Zsz50FApn1afcuX9xEr3cVUyOXA+Ke+KZOJ+HLh0tDt8V17rorkfsVmVTKLe4LGejL2W/3s+sNP+UKQ+RDLBbUcyARAAkgn6TceTSWnZusikqojkMNrsuHznSY0r11tIJvK8x37pLPtkWouoRVclk93nQxF9YTNXPDwYJplcH8kEtx3JBEAASCboNx1PJhNVmUSVknmuPVjzt25USQsbo6n33qrCs7jzWVfe2VwNJRNj0DdNK6+NrqjJV3tz09XJZC6qa/fUaZbzOudMso+NlHN9v3c2l9OKZFKjkExwK5BM0LSvjXxMHWBpezL5y6c2rxBor44nE2NA/+Kvk4qrs6lDf+U1XBzl0in780y+e1O06rZS8pZfkfuLS+/syzsaTCaJqBOZIkbBijRb84kh+8r1fHUyEe++8UReST8c25y5ayeTwstFUZP6oNZsv9dyPK7Ws/GxfAW8ekAyqVlIJrgVfvtjU/c7xy20vF9zJ9akiwvzY/Hq7Vt9B8d8cFu/ePPXVnuLl0jFx6ft7M9A23U8mZSycrxes5z6296Qi3zoXnJ5dVOUhXg89Hjb3wDt1pZkUmh5746+9etJq/vmzIcv7R2wojtdfDX/9vum71HvJ8aFIpa0nkzW9o4JJ/1A/JaL7ftFq+7nrwW6TMeTSffbiOk77pOLfAtzzNCotiQTAAAA9BKSiXA+cV/eZSt0ZzoaW/EvRAeQTAAAAOBDMsENIJkAAADAh2SCG0AyAQAAgA/JBDeAZAIAAAAfkgluAMkEAAAAPiQT3ACSCQAAAHxIJrgBJBMAAAD4kExwA0gmAAAA8CGZ4AaQTAAAAOBDMsENIJkAAADAh2SCG0AyAQAAgA/JBDeAZAIAAAAfkgluAMkEAAAAPiQT3ACSCQAAAHxIJrgBJBMAAAD4kExwA0gmAAAA8CGZ4AYEkExC91f2/HUB2x1O5f11QKDohAjOzB1DPRgO65VLbFo07dssb31nWDXZ4Xmrox6uGa9a3fgDuNVIJrgB7UomWljXIrPemmhYn1i3Ft17nvMuqO/iKHrPEGsbGkv5FzVvd2juvb8OPUQMvxIVnWxbdCF7gNUEOiGu5Wg3FBEbQMOY3/Yvap+FUb3xDWls0A4k10gmccNav5tMMuMvG9r4A+hVJBPcgLYlk8js+EO9UK54PxxLqmTSuOxjMRy0D/WZ5pl4HHt97m1wLZHw9JU16A3D4WltYNF9uvxQn4g0mUzohLiW/YVpLZyoqHqbmmum611Biy6GHl07+TSeTBxOMnFo4WTG+xxA3yCZ4Aa0LZnIvdf20FN1VPg8+8g4zaftcyb2LjAbumMsvH6/k04ORfRTz2tdWnhq5m356c6TKS0sz8OIlTt19l4zpceN+c3ih5x4iXi6Nz+tRYzRp5vFd1ktPC2GBV9KB+JB8fDgi/Mqt6Z4WEqMlPfW3hEtbimRTFJj5U6ljTyfcM6ZiK6y8+FgKTZld5WF6bk9kTRKSw/0vYvyGlx0QlzL6YtZT5SVv/RienZmS/6KTau/OV3CnV41HbkTX17dlE8+ZULfPpddKGJ1y+M38unh/syDVObYXaUk3iWRkyei1VNjwH4gg7TVeaIPxAsPRgd17aFc84TT0kkmBdFX1R+COruoDRihO4n9wwNjRN+w3iszqVfM5rI24KdHosfOLokee3QyHnF77Ik2uuI8BtCzSCa4AW1NJs4A63hT7sOqkok7/BJjuJoH4bRwYsm7P34pdvnyAHP1oNA1Ye0s5aDQ2RO7B8vVay32q9yaQiq+bL9RronDkOg2YrQnhm4Ln9Sz9yIhu8nEdpFVXUX88kWHLC0nxFiwvNSDTohryqe+NSKjKSt/WtaT9jkTtSW0ZHQ1V0pGhYzMLMLJ8kM7Hi+MWokin77kZItsKV4u4rc6Ly0CSdZ6EBvQQ4/LncfqhLKjViUTx4XbD6diP1knA0trqqZmMrFa2udMso/sb8E8XoumPCfIAfQokgluQHuTidi/nlr/yp1lVTIpj+fcPXelxgeF+5vpiftT8uIWa7/r7o+FuaiuTcq9dp1BoXPMT57baXzqNrrWsPzNnmsj8oom8TstWiMzt6tEBmQ/cWNDSfSr6KV3ZaAToinnc5PTIeuX7m7fvF3C3R6Wo0I+PWx1HqfIluN39chYshxyLLmnopvF5aPjtcgT1VneW2nW7vPCUjzuXU9VMjkTfVX9Idj90DObSz2+Mpk4b2pv5wH0PJIJbkB7k4l5vBlNFcR4Sx5Pu34yiYZ178HjmRF7ZkJ5735sHd47zLhH7Izy4eprDQpNOZdmPWnv73HLWclE/k5F/1Gn5uxkUu4qb1RXEYbChuha9iCyCp0QTbNjgLt9e5Us/7rXk2qWYDmZlM/j+Q1HdGdmrBQK69Enm8ursohoMf5CbpPlzK7sojpPKE+hWOderIteaiQTdxqY+EOw+2EkuWHXHGhjmWJDycQcj8h3Z/Ih0CdIJrgBbU4m8hjetD1iuzqZnGf3z+wai3XxsZyybylffOxeYFpaTsiV5NOjy/ZXFWrycLWcSzM3aQ86cdupZCJ+p1pkWuUKO5m4XSW7qLqKebEd0jfNt6khe94/nRBtY/ec9WRCnY84zk44F4QsPbDvrOWZXiXnaDkzuyrI/hN74zyTSUAFD9O6wkR1mNSYLrJE0aoUD3asB3JWWK1kUn7T7KLTDw0ja83m+rSittiXJ5PZjPPu2UeGNpn2piYAPYxkghvQ7mRiztx1TvRfmUyO32jfZvyzlZ0btobuLbp1pZ/SaqJC5mNBrcS4b7W5v7gRu3RQWHi5KNpYB8btt1Y1zgG/iv09bjWVTMTv1B3/ubO5VFdZ3j9TXSXkXqx8kdMerNEJ0aK9F8nhu6q3xJ2UcT484P6Kz8dH5NKFn+yFvgs/FiblLKzI/cTM+oF5vC3vPhzWZ14duQ081yNZ3GtXjjc9N2ovDcl3nCrmV4ZrJRPzozzZov4QVD8cmsuXfloRNUMP06rlZclkaz4REV/VmNrA58QW3v/3AqBHkUxwA9qVTNqtdNkFyu3z3nvlKFCFTghU8lzTD6DnkUxwA7o1mYhhYVYbTNac6tC6/cOD4YjemXWjh9AJAUfxcD/S7McEAbiNSCa4Ad2bTAAAAHBDSCa4ASQTAAAA+HQ8mZy+sq68rLyBenGPM7N9jWQCAAAAn44nE/URxb5kIiojsdr39Uc/IJkAAADA58aSiXjAVZh9i2QCAAAAn5tMJs2Hk3w6MrkiP5s2LW/23+RKcHNIJgAAAPC5kWSiG7GkKonNA/8LGpFPl+8huJceXtivWNqakOfDktEhJBMAAAD43EwycUuTNyn3JpN8OZmoz7Udn98tWh9vPBfVi6+eyzeKGJmP53Z781x90LKx6uSZ9WTWPBsa0KPP/rzxyP5q1QfP2h+Uey/+xXkx2oJkAgAAAJ9bnkzOSu6nhmUfG+qzyQopESemTCuZLHyyXxFVnyD7aSUatj9KtvAsHnttxZX1pDaYtNuZpuaeM8mnJ9bdarRTu5JJoXgiVkWhXLecfnYPVTSP7kdpoohu03r3E2ug+1GuW/56cCy6jb8zAV3mtiYTdw3R+Kaqiw3YkUPmFit+yHMmziuWHuhZ0yw+i5eDx0U29HhbPlhPjr8o/616GmxrI+XEgjbKtyOZiH3zScs7ePSn/U/H/qprovuhOaLbtN79xBrofmjC2ZeL1oMx0FG3NZnYLyythXQ7mUTDevHwwC2mlUzcV+zNTWes8ypa2A0beW0sI6PLenLO81WUk4l0vhCPaxGuPGmztiQTsRJ/FRAUuh+A24htF7rcLU8mpjkzou9YV5WI1DG3V3EkQCQTN3Kosyjmp4w9rcuazWVk7dlclycTSaUatBHJBLcd3Q/AbcS2C13uWsnk/wJb/u9gp5zJlQAAAABJRU5ErkJggg==" alt="Screenshot" width="100%" ></p>
<p><img src="data:image/png;base64,iVBORw0KGgoAAAANSUhEUgAABDMAAAIGCAIAAADGMlPIAACAAElEQVR4Xuy97Xcb2X3nOf+BZ9/sqzl7TrrtmSROOrGTeDzZ9c7Onpk8bMaT7XXiZJOO14nTXk9OHJ/Mer3xOpOTs+2o0S1AaJJqUiKkZkuUBIhoQqRgQeKDyEZTIkSKT4KEpkiRaogPEEiCAEhCfAAB1t5bt+riogoEQQAsgcD3c37dKtx6BOrHi/vBvVX1z145O4tAIBAIBKJ6Y+bnzj7VFc6+0iwXntGUk8IZOXTLHyLYHtn25U2xvbA9ChHbTm/spDd395JpKb0n7e1JAIBaY3Nrl8c/09UmCAQCgUAgqileqpmwyGUmv9M2DzMBAGSZiXYmAEURirzQFgEAAKgASGs/tSftpPa2dvc2kunoVmr5RWrpRWpxY3dhfXdufTe4lvwsnpyNJWdiySex5HR0h8RUdOfx6s6kEJ9G9g1xscdyTK3SjUxHk0+iO2TLn8m7eLaWnF9Pkv2GNnbJAaxupdZlLdlO7e1SM4GXAFCLwExA+YGZAABAZUIa/Kk92vTfSe+92N0jMhDbThMrWNlMLSV2nyeoJzBLITEvu8qztd1gnLqEEmvJp/EDgrqHrB8kiOqQLRAPmVtLsm1SG5H3RYSEeBHZdXQrHd9OvUimiZYk03vEneAlANQmMBNQfmAmAABQscjdJkROqAMQE9jc3SNKQGJjJ72RpK6ytk09Ib5NpYXGVor8P7pF/YEE0ZhCgi0cldelW1AnyJbJ9sleSJA9JpI0yDFs7abJ8RBlgpYAUMvATED5gZkAAEDFsrdHx0ql9yRZTiTiAzuyomwRPZBFhblKQtYVZg4J5i0skjz29gl1AcE9+NZeyNunKiLvkeyXxI48gkvWEnJgexjJBUDNAjMB5QdmAgAAFc6e3DXBFCUtD/FKya6iBvWEpNyvIofEg80qJIS1lO2os5S9pJT9smOgPgInAaDGgZmA8gMzAQCA4wUVFU3I477yhyw2WaFfRhv6He1pDwYAULPATED5gZkAAED1oTeKAwMAAA4FzASUH5gJAAAAAAA4LDATUH5gJsed2PZe6EV6MVGGIJvSbh0AAAAAIBcwE1B+YCbHmtWtPb1glBJkg9p9AAAAAADoKNVMdlLSwnpqMrL76YocER4pGqtCRGlMxeh9BrVbAdUFzOSYkkxLeq8oV5CNAwAAAADkoSQzSezs/Vx9+JWGpVdOL73y/tIrjcuvnCGx8srZlVeaI6+co/EFW+jPuje+3b3++Q+XX22Nvdoaf/VyvHdhV7stUEXATI4j26kyd5XkDO1eAQAAAABUSjKT+nsb+c3kX9lCf3BjdXWbPrPpd9qXuJm8emVNu60y8bc//NEf/+m3SGhnlBW2i6Pey/EFZnLsSKalcl1Ykj/QcwIAAACA/SjJTH7uved5zOTnbQt9C8m1Hfo01z1pb3U79WprlJtJ9Giui/13/+F3fu4Lv0BCO6OssF0c9V6OL6WbidPVI4Y3yIrnNeXx7LWqldetQ9qicqNXiKML7b4BAAAAAGSO0Ez+oidKtCSVpgZC/lvbSb96MWMmR3S1CcykEijdTEwWh7WxXYl6h32CFQdMVqda7jRbHQvZa+Vg4dr3Ls5qCyXp1Dfe1BaVzPe/8ebranz/J02xlHaBojlqM9lJGWomO+X7ZAAAAABQTRyVmXynZ5WoiPw0WPqspWRq74OpHXE0VwJmUr2Uw0w6Mi8mejJm0hZQS0PdtoLM5K2fvvn6f76iKT4aM/mx+PLUd94c3RILiqckM0kN+LRFWvTycNShPQIAAAAAgCMyk//kDIdfyGO4ZFLpvc7ZnS8IV8DDTKqbijIT54KU6LO0zGQVG2Am5Ahf/2lfdkmRlGAmydiNt400E3tn9HOdCX25JrRHAAAAAABwRGby194Xse2MmWwn937/o8VXL8ZgJjVCpZmJJL3QdJtozMTnrH/9G29+8zv/8I7bz0qav5W1wKlvvvnnwqgwIiGXnwmz1UJNyet/e41NfP8b9VJq7Xt/Sgd6fe/iJCsM37v2zo9+SEr+/G/eSmYPcAoPXPnmN5VRYZJoJvfqNZqheSN+d9Pf/c0PyIpvfPcf5rekN/44M8Ds1D1xwQx5bsk11B/7XHOUxFc7129EtHNzRoFmQnaqPQ4AAAAA1DxHYyafbH22vpdOK2qytpP+NxcXYCa1QznMpH1oxK/EDXfGTFq8avmwvbFwM9F2m4gN+lPffvNpUn2RGHqjfpT8m+yz9Ahjsd6w1r/1jR+qr17k7MTQmcka7zMhs96wDojzfNYf9CxlXpJjmFenR+t/4BS059S3f1CgmfzdN9/UX9wy7/xx/j6TPM9VJGYyxKbH4p9rjukX0EeBZoJnLwIAAADlZaG3g7ZgCib+yGuyODyaq3Fj485H2YPRQz7WDDOfHz643VUy5TST3zj72e9emP3VM89+5dz8h5PpUEKWE1lPVrdSX720mN9MfvTjn7Dm/v2RUd70J/GO+VQyyVuO0m/97n8U55J4/Q/+iM/Vm8kr//IXWclXfvNrweCzX/7Sb7CXf/Qnf/aFX/hlvpF//9u/x1chx/zhxUuavfzDP77FF+CF7GUqlRKXJC/5krVJ6WZSNlQzIbz1TcFGMg16/xtNSj+JMktZbO2NZrWc+ECKNvEVeZi54okpc0Q0ZuL8v958qibC93WDx3h3isoLojEsy1//li1rTmqoIDOJdb/1cY6P/UAzyXOzYNVMdn90OfrqzxTf+If+xMDSzsC9+I9m6Mun/vi/aI4OPd+2j71Y5Gaysfkv8voJ2an2OAAAAABQAoc1E5OlS1uUE9VMjKFsZvLzp+cuBLYH5nfOTWz8oi38Vx9v3Fva29pVek5IW98yulGgmXzxV35NYwV/8Ed/ypZ512zVzGLRdKaZLaAxk/ZrHXwZoiWkhJuJfi9nbefZWkRaNLNYjI0rZ4aXsJd/8eb3eMm3v6Ntg9YglWkmYrdJpkH/rO2dQWWS4fmJMuv17155Kk/4rHLJZ1fYpjKKkk3GTFLJT5z1r3+HDsRSZ2my4pk4Nozx+jebWIWiuzolVJCZDNaLnTycA81Erw08+GiuP/3kxWPt3M2vfrxFJurbov/tjYyEMDMh/3+wod2aJrTHAQAAAIASOLyZ9GiLcnJMzeS98Z3NpPzokj1pOLTzxXNL//nj9XvhvcXEntxxskfvGiw8zySPmZD48+989+13TopWQBYY9N0TSzTxwP9QyjYT3ltCYmZWaQhyMyHxpV//6j/+fz8VN6I5DH3s7tKn14svRS35kz/7Nn87tUxlmokkdJtkGvT36BUmmmDi0fytN//uBn0k6OvfrGfLvv7jG3Rdoe9FhJhJLLYmh/bt6wZ6Demv+nj9Gz+WDzX0fWdIO6sAM9nPlw40kwL6TNKLkY2vN0dZ4U87Y69+SHXlS/2b5OVXibeMZ1ahZnIx+rkP4vqtiYE+EwAAAEAmGY9FSUQmelrHEuR1ZKBraDY84+tpuCV/sYd8rt4el9c/syqNtjlMDl9Dm2/oEWkqRLwO98xydNDV7pEf+6aYyYLP6uIX5QoEvH2T80H/HdMV/7YkkT2aLF3k/2QO2Wy3zTk4Qsu5hzRZHQ/movHloLneyUpMNp9mNFeDezq7INl0S3kCXdGUzUyaA6nVLWXsFvn/cHjnix9QOflgMvV0bS+2vffRbLLAPpPL9qushGyHN/rnFxZEQ+Br8ZLP//wvkZf/83/4XXExFp9OPubLczMh3sJKpqefiJvl01987ct8rf/1G99khcRDxGXE2NzM9ZN1TVK6mZT9OhMVein805RgJjNKT4ieZJ+FDqxKZSyi5bt0rdd/0i0uxtHpRwbdrDx9Jmu6i1iEEp2ZvKW+Ec2FMZwDzaSg60xC6/9WNpOhj2N2VrKRYGZy0pGjz2Txs/Wvfkzn7he4zgQAAAAQSJnqtGOriAnQf0K+pl7lJ0tqJlZ9R0eILUDNZGHYdH5YOz8bk6WHda3wPhOy2VH+gyEzk7S/oVv9nfSpdz8zkZLz5mtcTpKmM/3CvCIpm5n88OOtx7G9XfXCku3U3v95K/KVS8+/07d+41n6XnjvL3vXCjSTZ8/meCFv98/Nz/Ppr/1P/54v8OWv/CYvl4Q+Ex6vffkrfGFJMJPf+0+v80JxC3z6hOldvgDvrvnKb35NXIaHeK0LKIeZlPfeXBne+dab37s4mzGT1NBbffscbaz7777xQ3aRCePpxR8mpTV9nwZDpx8Z9LN0j1gRrjP5rmaWP8tMsi9ieoO/kYVrxV1nsr6Tz0xuPN9+8Hz7L2g3yBotDKz96cjW043kT51Knwm/zsQ1QP1EvQJ+93O2fFfMk51qjwMAAACoWSb77RO0w4SwGw5YTztNFgc3Ez6YipoJK6Qkw36ftc5BluRmYq53uJ7sc7XzWrChUd5sLjPJtJXY7sQRXOp0DjORJI/NQUcTSclgd8eDtX12fRjKZiafb5h7eyg5G9/boGO66FwiJ39yffnV8ys/f27uF84dfG+u//v/+X9ZK39lJcILedP/2dwcn/7DP1YuOyEQweDlUi4z+eKv/BpfmMAvLxE3Im6BT3/w4UW+AJElVsh6ZjS7IPH7/9sf8oVBJZsJcQCf+a/e+pvMiKxT385xSysGURHn34pjt/zNzitZ18sL6PWDo581Wv8DT9YNuDL35ur56Zs+pXZis4R7c0kr4lUosUE6FI2//C+57s0lPbS9f9DwUL05HHVojwAAAACoVR64nKZ6RRK8FxymFqXTI7+Z2CwOm5c1mB9n+kwk6foZh9CIyGCq61cmCjGTtL+pL6yULOQzE0mWE9OZ/rJoiVRGM3nldPjffrg6+HxvSX3GIvl/y6MXX/5g7tWW6KsfRstoJr/wy1/iCxBV4OWSYCa/9Ku/zstHR8f48oWbyZ99+zt8geZzH7DC3/rd/yguI8bGxgZfvsapbDORpMSA2KCXnnW//p23RqdCseeTowN93/tjwSIe2t5QLzJhvPGtv8rcJy4bvX5wcsxKrbz+zb/6vvlaLLbWef6tb/5I6CdJTL7+xz/2f0YvWelx1v+Xjmfi+C6iH86ByXBszT9w4/Vv/OAd4Y0kJi6QN9LsHpBXvKBeBhd6/dtvkxL/1ApfUoPeHI46tEcAAAAA1Cpmi5N3mJC2jenSOJ1KT+c3kyaLo2VIHsYd6BfNhIiEbSDTkOaYGr3yv5GCzESK8h2RzeY3Eyk5Xy4tkcppJu8vff790P1wan0nYyYfL+z89uXPymUmf/8P/8hffunXv3qrq/uLr32Zl7xXf1oSrjMh07/66/+az+VycqCZ/Ovf/B/5y9/5vd/vvO7+8+98l5dMPqaXrIjLX2jN3F/4t/6Xr/Nt1jIVZCagAPJcanIUgYtMAAAAAIWJHnmElRykkZOOjLrcZNo5Es5vJtKK33mejs4aCiezzETuxFjQ/QY41eshC7f2zjYVZCZS4omPHpLVOZUIHmAmZaVsZvJqQ6j72c6u/AQTSdaStZ29//1nK6+eWyqXmUiCV2ji1/71f8+W19w1ePbpU76M7x794flAMxFfauKN/+Mvci5vv9rGSyAnUjnMJHP5uxwzq6w4qimnN5EA5UDvD0cX2n0DAAAAAMiUzUz+3aXw0ia7PzBVjlR6b2Bx9wvnwq98sFpGMwkGn2lsgUV4aYktr3/S4m/8m/+BlfyrL/7KwJ27hZiJ52bXl379q5pdfP7nf4ndMli/vJR9h+JolN6CrZYp3UyAwSxvav3hiILsSLtvAAAAAJSVhd6OTFcM6405JpTNTOzT6a1ddum7tEu0JJT8QnP4lfOrhZvJofDdG3q/6ezw/RHtjLLS/7H3TPM59w2PdgbIC8zkOLKdMmJMl3avAAAAAAAqZTMT08juZ2vpZGpvZ3fPO5/8/NnlV85F8pjJemlmAioZmMkxJZk+wmFdSVgJAAAAAPJSkpn84ukwN5Ov2Ve75tNP1/aexPfevBF5pTkCM6lZYCbHl/j+jzcpJeJ4gAkAAAAADqIkM1nb3hPvzfUL51a+fCHyL5uXXzm7kt9MWh7vaLcFqgiYyXEntr0XeqG1i+KCbEq7dQAAAACAXJRkJpI8/ONxZPfTFTUiPFI0VoWIKpHYRUulyoGZAAAAAACAw1KqmQCgB2YCAAAAAAAOC8wElB+YCQAAAAAAOCwwE1B+YCYAAAAAAOCwwExA+YGZAAAAAACAwwIzAeUHZgIAAAAAAA4LzASUH5gJAAAAAAA4LDATUH5gJgAAAAAA4LDATED5gZkAAAAAAIDDAjMB5QdmAgAAAAAADgvMBJQfmAkAAAAAADgsMBNQfmAmAAAAAADgsMBMQPmBmQAAAAAAgMMCMwHlB2YCAAAAAAAOS5aZkAYlAoFAIBAIBAKBQBgf6DMB5WFlZWVERZNYCAQCgUAgEAjEoQJmAoqHawnMBIFAIBAIBAJRYsBMQPHATBAIBAKBQCAQ5QqYCSgemAkCgUAgEAgEolwBMwHFAzNBIBAIBAKBQJQrYCageGAmCAQCgUAgKjA6n2z98+bo52o7vtIW13ws/3Vo8s2Px42M+6Go/uzkCZgJKB6YCQKBQCAQiAoMfTO9NkOUE+O1hIX+7OQJmAkoHpgJAoFAIBCICgx9G71mg38memcwJvRnJ0/ATEDxwEwQCAQCgUBUYOgb6DUb/DPRO4MxoT87eQJmAooHZoJAIBAIBKICQ99Ar9ngn4neGYwJ/dnJEzATUDwwEwQCgUAgEBUY+gZ6zQb/TPTOYEzoz06egJmA4oGZIBAIBAKBqMDQN9BrNvhnoncGY0J/dvIEzAQUD8wEgUAgEAhEBYa+gV6zwT8TvTMYE/qzkydgJqB4YCYIBAKBQCAqMPQN9JoN/pnoncGY0J+dPAEzAcUDM0EgEAgEAlGBoW+gv8SQYtv6wv1CklIXdYUsLsakQ22KBf9M9M5gTOjPTp6AmYDigZkgEAgEAoGowNA30Hl8fTIVfr79Vn/i5PTuX+rmKuFPaUtKiEPpxEsxk78fmkzs7J77NPgwsjawGNEvUEroz06egJmA4oGZIBAIBAKBqMDQN9B5XIxKX9cVZke8OSLpCouPQ+nESzGT5kDw3vOovrwsoT87eQJmAooHZoJAIBAIBKICQ99A5/H1qVTwsxdfE0q6XkjS1u7XfvZCSildJcQB9CuefLb7h9eiX/t4W1rbyZp1Yyf42ebXbiXeepRkJVvS3g/7E3/Zv8kUiDSZ3updf+3aBilnCzxISVtrya/d2pLUQ/XuSM2frL/1WZqbCSlRd7H9eEo5KtVMXrADvhjZu3gj6yD1wT8TvTPw+PuhyY2drAW+P+C/9WypdWo+srlD5orqsr6dJP+/Pb+8s5t6Z2xas6I+9GcnT8BMQPHATBAIBAKBQFRg6BvoYrz2s82LiylJ2ntNfint7P5EniCKwhbIaSY8iDxkl2xKqfRfX+MvFZHILK+aDJcNUsJ2/SCtluwox1yImfxkcY8d8OeaE1L0gF4U/pnonUEMoiLz65vEOtpmFsVy7+LKuU+DZCKxs0tmkSDGwl7eWVx9U1aUjqch/QZ56M9OnoCZgOKBmSAQCAQCgajA0DfQ9dGwtNf1MZ0Q2zZsVk4zOflZaivNltJehUJmEc8JL8sGcndXaybqECxVNl7o93goM7koHvJB47v4Z6J3Bn1ENneWX2yTiROj0/HtZCq1R4KZSXQrObESH1uOvfdghrykM+W5JK4/fa7fFA/92ckTMBNQPDATBAKBQCAQFRj6BnqOuJV8PEknJCl9/VbWrFxmsh1f3GTTejNh8dp0Wu7KeCFFsmxBZyZRKbl70pG1LjkGeSKuN5PXHqW0o7n8Kc0B5wn+meidQR/DSzE2OouP0SI2wszko5nQ+naSDeUisZTYnopu6LegD/3ZyRMwE1A8MBMEAoFAIBAVGPoGOo/rkdRb9CKQxOMd6SeyHtDrTHZSpKR5TlnxJ4t7bR+vfT1LHhLS1u5rP9t4azqlNRNfsnl44w/vbntfKNfW8+tM3pJf6s2EXmeS2CV7bFtU9jiUlJrvKhtnZtKwvHd9eOMvh5PBHUlrJkR+5AMmu7g+Ih5kjuCfid4ZeDhnFrvnllomn20lUw8ja2/K4nH+0+BwOEpKmJmcGJ1efrHNelTeVK8zaX085wmGfzoypd8mD/3ZyRMwE1A8MBMEAoFAIBAVGPoGes0G/0z0zmBM6M9OnoCZgOKBmSAQCAQCgajA0DfQazb4Z6J3BmNCf3byBMwEFA/MBIFAIBAIRAWGvoFes8E/E70zGBP6s5MnYCageGAmCAQCgUAgKjD0DfSaDf6Z6J3BmNCfnTwBMwHFAzNBIBAIBAJRgaFvoNds8M9E7wzGhP7s5AmYCSgemAkCgUAgEIgKDH0DvWaDfyZ6ZzAm9GcnT8BMQPHATBAIBAKBQFRg6BvoNRv8M9E7gzGhPzt5AmYCigdmgkAgEAgEogJD30Cv2eCfid4ZjAn92ckTMBNQPDATBAKBQCAQFRj6Bnptxlfa4vwz+a9Dk3ptMCD0ZydPwExA8cBMEAgEAoFAVGB0Ptn657pmeq2FqCUsjJeT+6FMp00hATMBxQMzQSAQCAQCgUCUK2AmoHhgJggEAoFAIBCIcgXMBBQPzASBQCAQCAQCUa6AmYDigZkgEAgEAoFAIMoVMBNQPDATBAKBQCAQCES5AmYCigdmgkAgEAgEAoEoV8BMQPHATBAIBAKBQCAQ5YpizKTF6jBZSDi1M4xltM2xoC0DhqIxk/WNLRJr65tixNdexOKJ1eh6ZHVtBwAAAAAA1AzJZJI0AqOxDdIgJM1C1lYksZHY5lGqmUx5vU6Xx2pxOF09OeLmeDChXaUg0mtBn9dMtMfq7Jta087VATN56eQ0k5xyAjMBAAAAAKgdkircTHhDUTSTxIudUs2EEeh0yj0nOcI+oV24ABImi9M+pghJsLuDbCd7AS0wkwyJaat7Wlt49GjMhKSXmHNcUUgukowkeclztDjeaR4MassMZur07WfaMgAMBUkIjONanYNNnH73cvYchX86M6CplgOdDrnkwelbcqIu33dMlFr5AwCONaQRGIsneIeJ2FtCtKRsZiKFfHonKdpMZm62d4eyiyZ6WsdS5F/ThdEHbrfZ6nBN0mLneWpE5jMe0UzscmG32tNitzh354ZJSZy+StrO0LlNbcMF9MQcW16GnOjNhIXeT0hGkrzcldEmbDb/1ND2njnrK/CfrI5LI2JBAWw/8zRffu/Cx3fvjV1quny6u6SW3LWG9gNLQHVw+t22d1yfZl4/6Hnn1GWlgXVYkITgUMQeXLJevj4wdvfe4DuX78tFM56SsiY37717+dq0tvBACjcTFdVMVM69e3NIfA0AqDpYM08PNxO9k5TVTKRpvZMUbSbeC46Apmh52HozSP412bymZs91rz8QIzo0bDrtCUw+HvL2m+sVM0lM9Fgv3Qn4x/mlL3biIVbn4IifTEcG3C23xgN+v83mDaT51qsQ1xmHwXKyn5lo5ERjJvk5YfF82Ho5nCn47H3nrUujmdeF4Hc5Tpx0qK82ybTz0ba4wKGwnGw/sARUB++fbD9h7eUvB1svX7Jcfr9rTlikUJCE4FAs9LSfOOnOKnrSd7OY1DuAE2d73/1oUlt6EO+fvKwtkjlx9k5QW8bwa/5wTpy8NSy+BgDUDHwo11GbiaR3EjmcrifaJQ+k26YfmhUwtVFbMVnaeZHTmhni5WmWV5nsN6tCstDb0b1MJ4iZbKuLUTPpNbS9/vJIxYe6vAtJbfGRoTETkltizomWwq6D16ZqLuRvr8m6G5/Jr7b9HzkSc3eYmahfgf536x09jz6bunOrznI550ZPnGy79iTzcupnbSdOeuTyW2qZ8q3Zd7nD0TUeCc2QVcjLYFf7CYvj/I3xyFP/iZPtpFmwFV8mE5GV5S11LV4SWYm7GzPf1mKLFhxTiJn0fZBJqhON3ksnFTMhqTIVWh5wtimp0tN+M0hMIz5w4XJwJ7MFDpIQHIrEPY+gsvSkR+54rn1KT/GunG9qSijLkFy11HcMDo3TF0vD77Z4aQpZ5LRcD9CXKwvXLvQNr/NNUshe3DO7Z1XNcFiVCSrScvKcvUBWXD7/3uUTrXTLl9QlVTMJk1xlfwhkO7s05Rzv1rsXVpYdjZfH5H0N2y+ziloxE7kCT6ySjPUMkIxd3fjQwjN248R5nzoNAKgeUtmQFiA3E1FIym8mNovjwWx4uxwdETlHc9kn5NFclh5eZhMuPmGjueIDbpOlIx6LsmAHY9dco5KM2psd1kujC+U41EolZa73dD8p7uYDRaI3Ex45zUSTqTk5cbLrfir1/smrZPrF0M0T1tup+buXx+RZZ+8+o/8+fPfapLL0WNeteXVNAbaRDGNdJ066WLla9PD97qw1b529Qv7/rNt14mQnLznheJiia9F1ZZS1MiUbo+d98vt6dPtns+pS4NjyPjmzyYdn+5foi9lPepdTl09eyU6VeZYqhPOWKyQ0icRBEoLDs3X29JUTVtcae8XrNzV52HTHE/rv+yeVPEylAlctyvTUDecJS1dqY+LdD++qcwWW752V11r1diqpMvvJ1Yc75N93TzqzkofukSbqZXUvwu4Y80oeWm/TBKUkTrTcX02l7juusIpaSW9egfO/iCf97C2Qw/BtsCIAQDXDzCSnlrzYTJIop5loi4omeKdBHrulkhi85BjapFOimYh9Jko3C+0z0R6G1kwoKbKYbSCqLa4W4mM9BmuJlNdMREUpwkx6z195If+fSojOTDLtuX3N5Gd3xC+8kZv7NQoXJ+5etjlPnLxyQv7elRuFyjIFNQrJl/H5e6nUzsP2q2gTVgHUTFI7Jxo/IWeTnNNVuWXGU8VipXnCUoWwRvLq7D05J3OAJARFsXPL4XpXPum8fhNTgteHGVWYv/u+nDxq0CUvnL5iaenaVpZQmPU4FendGLXcYMkSfLd9kuc84U5np7gdnZlskVxlfwhKHirVMoVNH2wmyk6Veh4AUN2k02l2v2C9mTAtKauZ1Dns2bcMFkdeHRbPeToYrNvnH/LeIRNWl3LhiWgm0oJPvc7EK15nYjrtHhrxX29zsxLRTB50tg/6gzP+cZO1Q9stUy3Ex7qM1xKpMDNhcsLu0JUugLfN3ffJP4mJ5v7ltz+4t0ymF+5eGZNnNd+do/8+bOxZUJYe6+5SJ0WazfaTrsf8ZWeT/e3LE2l540pRYpRuZPU+2QsraDtlJ/+f67nGl+lqtr999aG81jVlLXXXQkn6RpOdHMbb5uu8BBxfGuUzS84pyZ+337tNpq+Y7dmp8ilLFUK9uY2k1kk5SfQgCUHRNJrlHOP1m787c7rHujtnhGUIuw+vqDmpofGUvf7mM/7ypNne7JnwDdN422y/OETrZJKo6Ye3b6/QBR52tD3cpROh20oSXlH3wnZHF1b4VMnDU93jSknk7Q/vR9Pp+1ftWRU1r8BZ3S5z8RTdO/sTAwBUPRoz4UJSfjMh/uAR+zk2/SbhAg9Q9WjMhGdYGcxE/hL1JeSpA80kfI98w2U1D3cXus7Z66/eJV/AV87aG28ryzefso8HI9HVZ/UNH8kbefZ23a3bT0IP+7tPvrdvo/CDU/anqxG58ajsmpVEgyFalhh9W/6WZWuBYw0zk/TKPdICu/GUTipmIqcKzZxTbSxVxtvb7q+Tf5PTno/oBJIQlMb99o+ar35CsuX29euK7q7eP3l5lJ3i9bHu+nYy/fhtcxtbPmMmhJWJtxtuTIef3fbcaOz4NL1w7/bE02j46UlzW5tfzYrEKHdgwnL/daaym0O3TsmJx6YbOx6GnkycrGvLaSbEgUmusj8ExUze/6j+vWuh1Uhbk31crrH3MxNSpTd6HocW5GOY6T91SvkTAwBUPcxMcjpJmc0kODKuKRn01ci15oCyn5loFKU4M+l8377Jig40k8Snb1+4n/nKZezGms+SL1f7ybO3edn61F1SQuL+0jLbSNs5eZlzt8fb920ULo/cJsvILQVl16xE/cGP/vLHfmgExx3FTNIv7rTaWatJNRMlVXyhbZYqJ9UGYnr36duto0hCUCJzQ92N77NsuU6dl5JsfI+f4uTFJjr39pQyM8tM0unbV4lp2E+du9E5FkknHp88RXOs0x/jCxAVUX7rYSQmLrKelsTE26duqaXr9XSPH0UX7jXmMpP0Eu1sYX8ILA/ruxbWp+6RkvrLd9mS+5nJZM8NYiNvf8gq+Kekhtf+vQAAqpG9vT32JBMjzATUOAeaCfcTdu/gvZcBadt1ze9qS8vH1nj3jc+0hQCIIAkBEJkn+n3qlrYUAFClwEyAQRwLM9nbePR2XffIhra4LDyPrjaesh/NtkEVgSQEQCUWfX7qlL2xZ1E7AwBQpcBMgEEcDzMBAAAAAAAvif3MRBQSmAkoAxozIfmk1xKYCQAAAABAzSKaiV5FYCagbOjNhAXMBAAAAAAA7AlmovcQfcBMQPHsZyaaIHLCnrcorqtNWwAAAAAAcAwRG3h6SAuQtAML6TDZhJmAUijFTAAAAAAAQNUDMwEGATMBAAAAAAB5gJkAg4CZAAAAAACAPMBMgEHATAAAAAAAQB5gJsAgjsJMIvEtsikE4rCxvZPSJtPhQfohigiSNqWnH9kC0g9x2FiKbpK00SYTABUGzAQYRNnNBDUsKJqtkpuGSD9QNKWnX+lbADUL6i5Q4cBMgEGU3UzIRrRFABgF0g8AcBxB3QUqHJgJMAiYCagmkH4AgOMI6i5Q4RzOTCYTkwhEcQEzAdUE0g8AcBxB3QUqHJgJwqCAmYBqAukHADiOoO4CFQ7MBGFQwExANYH0AwAcR1B3gQoHZoIwKGAmoJpA+gEAjiOl113bO6mQ7pbEOUO7JgAFADNBGBQwE1BNIP0AAMeR0uuuSHxr/UVSW5rNXjl2BGoTmAnCoICZgGoC6QcAOI6UXncVuIUCFwNAA8wEYVDATEA1gfQDABxHSq+7CtzCvouFfE0Wh/A60NQbEl4ewGibw2ShYW52x9PauVNuZ1BblpeJHra1hgte7SzwkoCZIAwKmAmoJpB+AIDjSOl1V4Fb2Hexks1kKhYdGhnvbuswtwW0sw/LRI/9Y//QiN922tG9kNLOBS8DmAnCoDDETBKmrPoOgKNCk37hhaVnSwmxJDi3tCa+LpzdrfmFZbJ6cG55ZWNXO7co5ueWtEWgOknazjjpb8D17YMLB9eioAbJ9dV5OArcwr6L7WMmiblxs5V2XzS5/HJ5oqle7hs57d4WliZmsqBOs+00WToiY/1NdY7W+0lhbor9LVyfkv8QErN0441udVWViZ5uRYtCJsVzErZmuqJzLMJmmGzD3VfayermM8rqU94edmz0aJlWrfjpArYetgAoBZgJwqA4cjNJRwYdtDbJKgTgaNCbSXBuNfN6d/3ZfJFmEl5cmgtFl1bXViIx4iclqEni+fyypij4fF1TAqqJhd6OBtfw0Ih/sLfH85SWqI0tUP00uQJZv46QemjO55nTXqqu/eo8PAVuYd/F9jGTyEDX0Gw4Hgs3WOnchb4Opy8YjkVJMgsL5zYT62m3y+ufWc3MJas3tPke+P1DcsXsqncMzoYf3PLYJ7I/JG4m6Wlz57Q8FXH2+uPLQZOl3SOPDDNZnS23/DPLUc9FJ1vYZO24PhnZXguaTvfT16ujNqvjwVx00NWOjpfSgZkgDIqjNhPPhZ7RtVR2fQfAUaE3k6XFJZ61y6GlleeKmcRXVmkHyPwyc4xnc4ot7MajC5EddQ2VRCxLHnYTwcU4+SKNqFuT1mNzcgfI7sb6M9qvQjQmxsrD61vRpQgpmV+iW5B7XWhEJImuklhbnFdKQuT/6l6ez2cOGxx37NkVoL0x62fdvjY3fVnXHpFH59Px+m2B7ivtpjN3JP4zsFWZy38VbuljzTVQ4STZuebtbqIl5OWoRlZ0dVcRFLiFfReTzYQdbVa3gwoRbGIXwVvtzpGw/qcZxT2IFoz0sNFc4vc+NxOTpYMXkhra5HrMpkh5t/iLjXqdibVFe51Jt005MJOF97SwfpWQ9aZyMUuDxUn+77Q6mvrCrMRk7XmgLg2KA2aCMCiO2kwYMBNgDHozkbbW5pc32cvgfDTjEozd9bkleZXdjWfPiUYsB+eFPhaVtaXl5ezcD84th9dzmAmHrELHHKzHgouxDblEWXiVGJHyDayu8kIRkkSMj+/K6uoBx5ztSa/J2mHv5f0kfIAKbecNqo1UVk+yK4mVouCd1jFlttnSLqGz5ViSDHZ3MDlpkodF6bVE0tVdRVDgFvZdbJ8+E7PFEZiLxte2mJlQtkMPentMVtr657DrTOKxtW318vd9zETsaQk03JyN07WyVqQofSYpk1XRj9E2p9M7Hd9OCWbCN6X8QY12tpOjJQc2tUZ7SMgBtPrYxkkk9DYFDgXMBGFQwExANZHDTKSU6gYJoihaM5FeKGYid5uQWFzVdZhwzRA40EyIgTAzmV9R/mqUjeQxE2lnOcS6SjY0l8eA405fW4fZ6rBeod0gopmQZhZfhkxvMzOxKk2ucF8H/6G3Ra5FTVb6i7VaBo4LtOfEeslD+wFO577mIedX56EocAv7LpbbTKKmlmH2+oErM15LklVhSPnNh73MmivtayZin0nI5GDXruhQR3PZ6+gfBcGmbo32hOxjJi3WDnGYnN3qaFCvVgGlAzNBGBQwE1BN5DITOjLqWTix+pw2+lWX2CF6EE9siWZCrCC4EFvL9cPaViTyPJ5VEpyLrOzmMBPy/5X4JpUb1UwW1c6PAsxEvhJmiR4q62YB1UbCb7o0LpqJONCLtd6omdh8vET+HVoJZbntUFOdo2UATa7jRWq/3hJGzq/OQ1HgFvZdLLeZEAFwhmPR4OSwud5J8vNBZwftQolFnWc0olKQmbBrroKT/m75L+D6GYfT65/x+21XhrNWF64zMV0YJTWn54yjbzYc8PaY6/Y1E9cZZRya+YyHFq/6W+sdHt/jwIi/qVMZNgaKBmaCMChgJqCayGkmbJQUGx+luMR6jF1MshtdVcwkESMTm5GIog07m9l9/ymuE4T40nIoRkcLkK1F5cXoMDBZM4LzrPm4ubRIryQp1ExCmY6c+TmyKU0PDagW0kHTFb/4UzFpqPHRXA18NJdqJlLwzn53bs3+7Rkce3J+dR6KArdQ4GLHjuCt9hn+IjZqnxDmgXJgtJncuj84uq4tRNRCwExANZHbTGRPYOOj1F6ORHA+kkgk5uaWmZmQJeXeEjqeak3uDOGjsBj03lzPY8vZ9+baja3OPY8nNhLPFpafMTOZW4ontp4vLj+bV64z0ZpJIj4vL7ORMRM6NiyRUAZG0K4bQVRAFWCzeYZG6MMZ7M3KwxnkmwiFF0iOpUOm0554LDwzcocJSZaZyD+0N7iGw7OPnRfoz8D23vHAHP0B22RTxtiA6iDnV+ehKHALBS527MgabPbEe12+CR4oI0aayafvqvdh6Jz7dLSfXqdV33VftxiiOsMYMwHAGAxIv8jz5fD6Ed6AMr60rI7aAQDUCqXXXZH41voL7c2INeyVY0eVSoo98MRkdbp8h3viPCgEo8xkfYQ5CY96+bzW3xzSLml4mCwf6QsRZQ+YCagmjEm/xfmliHDpZ7nY2NhKrK3nvDkYAKC6KUvdReSEbCd/bO8c4Q8roIoxxEyW79rPZWlJxk+KM5PZLrLu+70jYqHV4jg3rFuygICZGBMwE1BNHOv0W5SfarKygXYDADXHsa67QC1w9GYy0yuqiKXhalnMpPlyp8nizJSsD7z/0c8MNpPhXpe+ELFfwExANYH0AwAcR1B3gQrnyM3EKj/uh4XV9QktfN6fkZNmT9+ydpWDY7br3EB/s9XBS/x3Oz8a6zLYTFwtmQNAHBgwE1BNIP0AAMcR1F2gwjlaMxG7R0jw8ubsck9Eu+IBMStLyMTPWsY+pS8Xut8nGx92MzO5e/Mjsk33xEDLGcfVGXmBYbf95kctN297HtMFztU7zt287e692SdvzWS5arl48+PAJ/QC/Uv98i7uvX+t2z1xr/Oai/XqXG12mBqu0rUGu5W+mtgD8i5GF8dGo2QXI6b6jlsTA1fb0Iuyb8BMQDWB9AMAHEdQd4EK52jNZHLuLm3Tqwby7qXbpDDw2W1eUn/z7sD9u9q1DgxmJkQqrJ3k//Ymx7sfDXAzMVlcrkVlSZPVTSeG3c13H6qrD5jsH4tbyyjTsFvff2Jq7ppkZtLczUrINJs4l3EtaiaB7BURmoCZgGoC6QcAOI6g7gIVzhGbCWvTZ/eQiFH0dSZMQmhXCb323Wl/TL1CNRNxF4qZXJ1V113s1ew0YyMZM3l0ruUjS728BW4mqs/kMpPJqxevmt776C7tPxGOEyEEzARUE0g/AMBxBHUXqHCMM5MLYw8y5evjZTET/0DHR88GlJt0Zczko4yHsBDNJPGJrs9EayaWjHI8LNBMWHjsV3l3DUITMBNQTSD9AADHEdRdoMIxzEy0o6TueujVICWayWTiU7IRPyvk15l0uUjh1U/63Z90vdsm60SWmdDrTFp66VzXM/pSbybn3nPY798bfTZotV7NYybuS46WTwZvBcaI7bTcvE2Wb2pw3NUfLUIOmAmoJpB+AIDjCOouUOEYZiYdmvIymcnku8JVIlxXRv3d71odJuvVq2NjbFZWL8rzu2xuj3zlvd5MAtPKnY6v+sfzmMnk8l2yzLvXPplMjFnloV/1bfRCGkTOKLuZROIHLwNATrZKfgQY0g8UTenpB0DRwExAhWOYmeSO+q77+lUQVRllNxOpsMfQIhD6KMvDiZF+iCKCpE3p6Rde3YTegCJI7qZLTz8AjpQjNxMEgsVRmAkAAAAAAKgaYCYIgwJmAgAAAAAA8gAzQRgUMBMAAAAAAJAHmAnCoICZAAAAAACAPMBMEAYFzAQAAAAAAOQBZoIwKGAmAAAAAAAgDzAThEEBMwEAAAAAAHmAmSAMCpgJAAAAAADIA8wEYVDATAAAAAAAQB5gJgiDAmYCAAAAAADyADNBGBQwEwAAAAAAkAeYCcKggJkAAAAAAIA8wEwQBgXMBAAAAAAA5AFmgjAoYCYAAAAAACAPMBOEQQEzAQAAAAAAeTicmWjXBqBgYCYAAAAAACAPMBNgEDATAAAAAACQh0LM5KHMJswElALMBAAAAAAA5OFAM1lcDLPGJJmAmYDigZkAAAAAAIA8HGgmYnsSZgKKR8ykCjeTuM/zYFNbaDwtdU7no5f5OYDyMdvkDWnLZEyWHm2Rntj4gZlgsvm0RaCGuX7aqS06AkbbHAvaMgAk8/nhwyZGq8WhLQK1CswEGISYSWU0k91wwFrnMFkcdu9sPK2dWxzxu57RSjATq6N1rNDPARhMoNMZUCZTpH12/ak6Y7Lf+UidzjDb0D2vLZMpzExGD8wEmEmNEeq20XrPZHVeHwlrZ0qSq96Idh7MpGahuSeH0zurnUfmNt8JassOwFVnRMaCYwHMBBiEmEnlMhOb1ZFpkK357fWOSNb8Q7FlalObmiqk1TiqKXoZWC0d2iLw0omN2gaidOKpl5wgNQ+j3guOeNZyB6A3k+JON8ykxqBmwqZGHc7Bl/RLCsykZuEVzkJ3R+Z3meKY6CGGYzvtaKhzmJp9yCgAMwEGIWZSuczEZHH3rWZeJoY8ridyOW+lhXz2Cfpvd5ubdq1YnVMJNiPgfJRsqqclwSR9bW9UfgEi0wu9HURIhj5qV34WsvnIjpQN0p2282my5MLaY7KM+XzP4Jy8IUnqa3PTtRqVVcjqo64Os9UxpMynNKk91+SrnR1tk6VjqtdDV6xrZ50/ZBly8MHeDnYYleBIQCBkujRO/pm52W5q9CoZkvarYxJStjNOkl1NbcPyy0BTrzKay37eyX9uXJDN5PoFmmnmM3QL/HRnGYuaxibbcPeVdpJLbGERNedTZgsdxpN4Msz3AmmpRjJmQhp2rkn6L6tqTJYuUtXY1RqGVEckYUgqso4V1wU5f2waH5brQ7nz2XbzMSuKjHlZDvM6kyRha6Oj4Vam9081k1RkqMs+QZfTpDeoVsQvWfobTcjXHUpFxvpNcuKRuezsT3mpdZibuwaX6Uv25ega0/yEmIzHoiQtA7FofDuVPQvUIjATYBBiJpXJTALWm5oe4xDr99CbCUdt8AVMdf28RG70K+tKqpkIs6TANaeyp81xmzdTq5IlW4bk7+3NgF3ujA7eah9VvshTpjN3JLoRh1IgkMtMeIdPipco7dGifkQHRw1zVBs9TanBS45tZilWmmCtVrXVuDrcen+LmwlJGJZknmaHuXNa3oi6ZFpZJsfp5maiW5hDciYx0WNWF+DpTXbElwFVRMZMSNYNyX0mYlXDzIRUR4NC7TN0xbGgDHmNmK74MzNIfXjGy6ZIinaTzNr0N9F/KDYlqQL6zGRmQrJOk97k8Fh6g2qFf8kmhjyeIK2jTHVd6nefaibBO8r3owz/ciTfp+zLkTPqcAbSJIGNuDgKVD4wE2AQYiYZbyaDbndDI/sxTzET3rAjX7fyV3A+M5GkefM18kUb6WuhDVAOX5JP2/kP1TToF7l+uI60j5nwuWwVmEmF471AkmHLdGmcpkRslPhJi8XBhngJOeCQ80rNt+CdppvTUnrLbHG6Jumvg0J6qNmrP90ZM9EuzDHVkfT28GZoAxHdpMR2JC4GqgX1OhOLo7VXGegvVjXMTHjPCaMpq3YS6yVRdOn0QqbvjoZuGQVSfZmtjoz8yOlNEm/B18XSG1QrPDeaXLLiZv8IyMxEM9hP/+UIQE5gJsAgxEwqk5kElUYhZ3O8QZYMrZks+MwX7wzNhnczX96HNRPJZO2SVodt2e28nGYSj0XVWJNgJtXLQnfHg3RAudpE/pHYbOnwyF/FJktXJg0SSSHfUnQstcXRPUVzQ15SKxs5TnchZmJxDl7KDNyKT/SzFgDfEaguqJnICZb5TboQMxFqJ7ErN4eZDGaWZBme20xah4K0Gap0xSjpbT7jyV4QVBumZi//jqMUZiaaL0cAcgIzAQYhZlKZzIReAW++wMbxZ10Bb2pURibM3Gwn1SWpH2eUhSL5zMShDG8QzKRrVL3fV+Ca02PLGmMtyUsqg7sS/lZ1NFf3QtaPhfnNpEW9iB9mcvwgWtLiVlOLXrnObaHVqhnCx/Mt0HI36ytZLxs5TnchZiJnUWJM+a1a0yQFVYdwnYmK3kz0o7n4eJtsMqNbiW+z0VzmtsA+OZyBNT1J1qldc9r0BtVK5uc/Ri4z0Y/m0nw5ApATmAkwCDGTymUmknDX4JaPM3cNZtfhydduTsvVZYL9ktfaO9u0r5lI3VfohciSYCZTvR4rMYcL7FXQ1DKsuXCPLrnip1eUnu8fCitXuA+55SvgLQ7nAB1sltNMpMQsvSy13h0ZcB9oJuztaG8cBioAcWA0cVdvjL9KKZcC1zlHV+lMOd8SAXeHx+cfGvEP3vKwa0L0sqFkr9pSlOcUaiYEYsgJKWE+7SF7YTtquct+8wbVREFmIglXwMezX16fELOC5OcsvSOIMDYsPjXMcrjpErskYF8zoST8ZoefpzcJfskTqEoKMhN+Bfz5/gdy3ci+HM3NbvblCEBOYCbAIMRMKqOZKCz4dL/wlZtNvzpuJ4M4mguAAwjeacjc2I3eX1icWU6Cd4T7eEb1t8MGIJsc1lEEQnrTq7CEOQAAUCgwE2AQYiaV30xkSWA9HkdBPBa28rstCcBMwCHYfOysdwSW6TBrZ7PDVJ+rM60sbD42X/Sx8dxkR/sM4AGAUx4z4ekdnh0/wvQGAFQ1L8dMEnPTgz7/dpme2A2OBWImHYWZAAAAAACAY83LMJMVPxuFb2rMuqE1qG7ETIKZAAAAAAAADUabyWib8oBYfrlwMYR8YtezPIxHdzebUsncLd7mFp9IVTwm9YLm2kTMJJgJAAAAAADQYLSZ2K1Kc18741AYZSZ99B4jw2ZreQZqw0w4MBMAAAAAAKDBaDPhz6Ddpa+SDVaH85F2mYMxykzUhwQFTbbhcNbcYuBmUps3LREzCWYCAAAAAAA0GGsma/7gkEe5yESOhptF3dN6PzNJh0zWdvlm6sP8OQOmxn6Pq4MUtpx2BCZ6rM09ZFrttEmRdRtcwwGyvFXjNoKZrA6bO6flqXmbezg+N01WZwdAHKNvNhyPRVvqHcFt+gghOgbM2hGYnCbSpT4WV0Exk2SilT0JVV5ePAD2ECKTxdPU5iNvwdnsGHzic3mVRx/Qh52np01nesjGydyWAc2jNSodMZNgJgAAAAAAQIOhZmKvd7T4Qg866fPsWESKuz1XyCfqjRzUKyJe9/WnyhNGiTME5I2TucpTup94Tc3eGblw8KL8UPDVUZt6K1hnndz0z6CaSTJBlMZLn5WWoa/FYbLRR49b1WFp20Oe7mU6QY7Ew55yGuhvvZ/VvFbMJPvxzOIBmK7QC1pUa5KkxLjJ2iVPpabc7YOb2ocZHS/ETIKZAAAAAAAADcaZiV1+viwLeShXCezTZ+KqE0ZJhXzsuXgmS4/6xInMLdvZYygCncrl+CyyH0yhXGfyYFYcxpW0X6APzaAhPwCVP+aWmIn8+GfanZIJzUOac5lJ1vLyE3yFkWnCY54nethzyuljEBrdLl9RfU0vFTGTYCYAAAAAAECDIWay5udaYm7zx4vrJxHZx0y8F/iVIbQp75qk/+Yxk/iAe/8LVMTrTBR4D8ngJcVMpMQse1+2m4/lOVFSrlmLs4+ZaA8gv5koJOdNdf3C62OAmEllMZPtndTWjtJFBl4K4dVNPh2JH3zKKocXW6X+PIL0OxTksxKzBZQI+TCRftUEOZvbR39C9/aklXJU1Kj9qgxjKmeSMwWmnxFmIvaWlEFLpH3NJDLgdk3qR3PtayZsNNc+t93KYSYm1SjIWsxMFvo6gtl3PzZZnPaJ3JvkZnK9MWs0l2bpgsxEfl9ZryseMZPKYibHqylclYhfTuScCnOqH6TfYUFTpozgw6w+jKlS0mlpc7vU32WMOVRgGIbVJwWm35GbCb0ivNE7lU6Yir6qRM8+ZkKY8vZQBbI6B+eUBn8+M6Gk7OfpmC7reU1DP4eZ7M6N0m6fM57EkIeZSWKsi0tX9xN5j+k15Rjq2wPZV6dwM2E9LWY362bJHEB3gA0/299MNoPWOnl39R1l+zCNQsyksphJrTWFK5xaOx219n4BAEeKYVXK89VSd2TYoYLqo5D0O3IzkdaUJ74fu5b0waQDyrX1Mg0lPqSl2hEzCWZSfdTa6ai19wsAOFIMq1JK31HpWwA1SyHJc/RmIkmuC+5yPUa9slgebhnKNKDNlnZhHtAiZhLMpPqotdNRa+8XAHCkGFallL6j0rcAapZCkscIM6lihtxu1iNkPe85eOhcbSNmEsyk+qi101Fr7xcAcKQYVqWUvqPStwBqlkKSB2YCDELMJJhJ9VFrp6PW3q8x3HqW/G9s0c8154vf7lzXrgbA8cewKqX0HZW+BVCzFJI8MBNgEGImwUyqj1o7HbX2fo1B7yE5A3ICqg/DqpTSd1T6FkDNUkjywEyAQYiZBDOpPmrtdNTa+zUGvYTweO3W5tcvZ15q1wTgmGNYlVL6jkrfAqhZCkkemAkwCDGTYCbVR62djlp7v8agFxIezct7Q+Mb/90hzUR8rO1RM3XDmfMxu038fvEA7I9hVUrpOyp9C6BmKSR5YCbAIMRMgplUH7V2Omrt/RqDXkhYvNa7JSVTYol2TUY6ZLJ2DI34u13uhuY7krFmsh85zUR8JBcAkoFVSuk7Kn0LoGYpJHlgJsAgxEyCmVQfpZ2O2Sbvvg218OxT8WUpuykjpb1fkBu9k8gRj0vSX7fHDjYT9kRaAWImQZ/y+N1gkpWlbGfow23N7Om6Ez384bYmi5NN0EfxKg/gSo22KY/cddU5THX98qT6DNwVv9nqMNuUp/RmlrzQTsrZbRtHmZmMrTXQ1dvjZLNBXxN7YG4FWBOoHAyrUkrfUelbADVLIckDMwEGIWYSzKT6KO10zDZ0z2vLVM6dPbuuPqc1PHCldSCcNfslUdr7BbnROQmN17q1HSb7mknwTtOtrEQiZmJu7o/HwjO+HrOsEwt9HS23/DPL0W5Hu30iIW2OtyiGEDRZFVUYvOTYVrewPeTxxuiElcqGrC5klaEtaXXUZnU8mIsOutq7F1ISN5PNx+Yr48FEMjzRb7u7JslmYq53kiUf3PLQrpJkIh4bb7g5G4/t8y5ATZK/SuH+rKfpkIqbf0eFcJgtbMwvF74wqEhCvv37eAPKzzQFU0jywEyAQYiZdCRmko4MOuhPoVmFwCi0p6NIgrlqwNTZs2fPuR8RLSH/1858Sejeb4q2XA9ZRwMNei35w/HdcFr6YUdWh8m+ZiJJ8alhUgm03nockW1WHM3F2nZiC88kPx535mZ7QO4nWQj5rsv9c9asx+YGzZ3T5IQ3dIfIMjPy8uT/TqujqU+RZJOVdpsoZjLRM7jJilOmC6OS3HC0DSgHbLKwDpZArjwvHqJMVLdG7jD74jxwOZ3e6WBsvkGRri2TtZ2UBLw95T0AUDq6KiWLY2sm4PgDMwHViphJR2Emngs9o2upw9bRoFzsV92QpiGv1HizzHza2Tc5P+PrIQ0m+cdpuaGW77fkFw86z51t6dYW6zirg+SbdqFyoHm/M7fcEh/kA4pFEY+WtbgkdY1vfO7yuiTtBT/b1BuLds1sEmNdZrkqyGUmyuAriTfp0gFiDja5P8TUMhwhzffs82iyuCNet1w0bfNGWB8LWbfVFyW5KkdCEkZztdTLg7Xq3ezxu+J1JkdiJo8yY9g8zVkVIFMmStpP3mO4j49Sk1pRVVYY+1WhjEo2k+Dz9cWFpeDc0twi+8NcX1yVNmMxUkKm55aUhZeeL9NlQnH5VWpeXiWqaDyoYGAmoFoRM+kozIRx2DoalIucp0Pax0zU8frygH65RF0md4tt0XuFaQYf1rUfJLsM0BIp9/uFmZQKF4+/fLQrpdNvjCa31pM/ua7tMDnQTEgiMSfJZSbaPhNJipITx3LSbHF7V6mo8GUINovDe4Fth3aDEFEhU3aroyH7ohbVTFJmh59eT6Jy1Gai/hFRyDEo/TgyJptPnQyZXI+5OxG6bagqK4tcVUqGijaT+eXnq4n4anR+filCv7rXF5Zic3PLK6trGTPZWg/Or0RW1xeXN8irjZWV+aX19Xg8uBBbYwYPKhaYCahWxEyCmVQfOU+HtI+ZZKo55ZLlfGZCtOSc+5HsJHRY14FyIqk9JyNHpiVS7vcLMykV0T2+9jHtTvv6Ra2T5DGThT53t88/NOJvsDpYo1xvJomJngbX+MxytM8lX2ciY7U47RP0WpGhKw5znXOGryMzc7PdrHY+tFqd1ptBOrXqb613eHyPAyP+ps7HktBnYpavbifR5PJLuc0kaqrvisf2vbbqUIi+IVqKJiHJByLaiLgWqARyVSkZKtpM5lbVya3gYow0LIPP11XdYGayGV5YygjI6mpwbplNPp9fIgvzOaASgZmAakXMJJhJ9ZHzdEjlMJMWwUaIpVy9J1+PnJcRuedEW1pWcr1fmEmpaPTj4mfbeifJYybbk3fYTbHsvfteZ0L8tlW8N5eM0+pgw5y2hzw5rlV71MPP7OAlh2tSLV+bpbuzOq9P0ONhbf2FAY/TS+2ICZKU20wkp81JVlRKS4OIE3eMQKf4TJUtk4OqkQztFyIHz+epvUCgUshVpWSoaDNZyNTJ8nRmBJc6vb5IR3YprC3RYV2ZgJlUODATUK2ImQQzqT5yng5JbvNZ3bN0Kh0sxEw0I2QqllzvF2ZSKnoD2S+0a1YMYhU0eDFzj68jZLKf/9Fcb8yqADPXmWyO2wai8QE3v85EvSMZqBRyVSkZKtpMdH0mOjN5IfaZ7Ap9JuAYADMB1YqYSTCT6iPn6aCkI6MuN71dUu+s+WAzKedvyUdKrvcLMykVvYHkjN/urOAfWROzVva4kvr2B2HlESpHDb83F7sbmLQ8zC6bCXRq7s2V4vfmkm84BiqIXFVKBnKKna4eFh5/lDQWuauQbz0+y3nrMW0s5v0ezL+jQtCZyfLiStZ1JjozIW68HpyPxDcSoef0CviNSORZKLq+tv48tBziXgMqk5DPbOviOSbfwYDnWMDU6OGzgnLXcenpBzMBBiFmEsyk+sh5OqqYXO8XZlIqegnJGbeeGdTiPy5Exvqb6um4MkWFNh+bLrLrTRL0CY/y7wJsyaleT+aZj6CSyFWlZGBXLinXL/WG6Ck+7WWzmoRZ8uVVIZPVk712Fvl3VAhaM1mILS6w+26xYV25zITfm0sZu5VSV4lGlKu9QKVCNTiTY/J4UZ5jVFF4kEpnwUt/iMxaPZtC0g9mAgxCzKSjMxPwsqi101Fr7xcAcKQYVqWUviO9mYgvAchDIekHMwEGIWYSzKT6qLXTUWvvFwBwpBhWpZS+I5gJKJpC0g9mAgxCzCSYSfVRa6ej1t4vAOBIMaxKKX1HpW8B1CyFJA/MBBiEmEkwk+qj1k5Hrb1fAMCRYliVUvqOSt8CqFkKSR6YCTAIMZNgJtVHrZ2OWnu/AIAjxbAqpfQdlb4FULMUkjwwE2AQYibBTKqPWjsdtfZ+AQBHimFVSuk7Kn0LoGYpJHlgJsAgxEyCmVQftXY6au39AgCOFMOqlNJ3VPoWQM1SSPLATIBBiJkEM6k+au101Nr7BQAcKYZVKaXvqPQtgJqlkOSBmQCDEDMJZlJ91NrpqLX3CwA4UgyrUp6vlrojww4VVB+FpB/MBBiEmEllMZNI/OBlwJGytZPi07X2XYX0OyxitoASwYdZfRhTpeztSZvbu9rSQ2LMoQLDMKw+KTD9YCbAIMRMKouZbO+kDPtzAjkJr27y6eP1XfVi6+DKMT9Iv0NBPisxW0CJkA8T6VdNkLO5ffQnlLQLV8pRUaP2qzKMqZxJzhSYfjATYBBiJpXFTAAAAAAAQDUBMwEGIWYSzAQAAAAAAGiAmQCDEDMJZgIAAAAAADQcoZk8cDlMlkJDuzKoOsRMgpkAAAAAAAANR2gmo21UOcyd05mi9NbQiP/BbFRYxlmMmYR81rZhsqkh7x2ybkI7u/y0Wh0N3fPa0uNJYqJfW2QIYibBTAAAAAAAgIYjNpP6jkg6U+I6o/SQTHGZSEdGXe4izKSpN8Qmidt4gtlzy4epLaAtqgIS01a3oItGIWYSzAQAAAAAAGg4WjOxTwivn3pNdV3EKrptRE7cwgypFDORFnxNfWHyL9mstPaYbIrJROLJsNlK1SiuqpHJ2jPV67FaHeYzHvKy9YzTZHU2XPEpsxOz1jpqTUpJcNjWmBlpZrc41D2mbM20n8d82s1uO7rQ22GyDfe1Ub9q7Z1lG4tPDdN165xD4SQrqSxehpyImQQzAQAAAAAAGowzk3BfB2mshxUzyVKRUswk4nW7JukE2ay93tE34o/L5WYLnR685THZfAuynJgsnqY23+CI39nsGHzic3npXLLYtrw8WZeUDI34W047uhdSUjIRj42brozHY3TsGTcT4iENDh9ZrM/VYZZ7VKiZEMNpo4X8jZDNDo1MD3nveFdZQcXhOuMwWE7ETIKZAAAAAAAADcaZifSox1Tn2Za2Fh75TJZ2YUYxZsJ6M0g0ufysjJhJZlTXZL99QnkMEBWhC6NS1l5CpkvjbGp7yNNNjWNaHLildukEeCE3E5Olgy9mt9INUjNRC8k03ZNsJgvbFf4colR8qMu7YFyXjphJMBMAAAAAAKDhaM3EeuGOWNJkVXSCdkooJMN+qhniYgcjjuZSoaO5VOIDbtk3KPRyl7p+KUsqQhkPmeihS8ZGxQ2aLE7535xm0sMXI3uMK2aiFHIzodOTdEBXwIDL84shZa73dD8x9ODETIKZAAAAAAAADUdrJrRPo09QiLXZpma3/abSXyEpzXrt4K6DOchM9ukz2d9MSu0zyWEmhN05X9atySqG+FiPwVoiwUwAAAAAAEBejtxMCgztyvk50EwkyWp19I1MD/Z2CdeZ5DETyXmaXmcSmA22nuFdOlsma3t4mY4Ry1xn0uducPhmJv19bnfmOhOdmTRduhOMRftcHc5HFdfCjo91Ga8lEswEAAAAAADk5QjNBAARMZNgJgAAAAAAQAPMBBiEmEkwEwAAAAAAoAFmAgxCzCSYCQAAAAAA0AAzAQYhZhLMBAAAAAAAaICZAIMQMwlmAgAA4BiQJl9K2jIAwNEBMwEGIWYSzARUAU3CTQXNykOQjpbRNseCtkwktdDbEZBvRViLhHzsjJitmXu7Vyuam1vy53cVRcpU368tqxnYHTUfuJwmm08za/PZw3OdAy3d9y/fvEsmznVqF6hleO7Z3MrTriuTg+pMiqv+kLeHlQIl3V0WHATMBBiEmEkwE1AFcDNJPPHq72N+FBzwLUub5kYIkvHM3GzXFulRzWToSt5PqSoYGvGT6Gtrvy5PLGxqFzgEIZ99oirr22Ahwqbc63/T3yo/oEzkYufAenpXSscuugdabhAzGfBMr2uWqVlMjV0sCa1WB3swQ2Wyf51ZUHrsQ5S9d5vFwSa080FpwEyAQYiZBDMBVQBrB9vrHezRRpTEbF+b22RxuMYikhQxtQxHlBlbpjN3TJYOj/wlGeh0OgPKo2BNVvo0JLKW2eow1bVH5O94+jCotkD3lXayFn2djtC59e6pm+3sW3bK20P2Yj7t3mZbkSFNK5tX2SE7DJPVGaavUrYzTrr8eeXJS3aLw/lIsjU6TI0eumIj/dmvtXdWkhtq4XRosK2DrEsOZtTVQXZtPt/PVuxuc1vr6Gansh+JxI6HREuf/GzZFT89YIujT350Etnmwtrj6xfaScngnDIyJujz0lXq2WNt6Vsmnx4poQ+QkiTXBfoQ3iaX/JUf9LGN2yfkefLGzTblvRBaybsjh7Qy3qK4Ysh0xS9+MtWK5tm+/ENjWZR4Msw+Nxo2H/l46UmxOq3n6UnnZFrkK36XfI6abtJMiIx5WdqwkyjRhO9YGKInenSFZG+qqU5z+qZNchaRpWnqCkmSdTY56h9L5niyzyzZ5u7cKFmg4cKdB2vy30s60nRazuQzyirKn4mcNkpGkdymf30Sy0B6tHRB+U/A6mxqG2YrTvV6Gurkv7ghj/IZhnyt9zPfO4vDvqsj8l+PJO18NrdIWkuLj4ic8AVqnEwXEzVb+q+SMGLlwOqBOif7Y2S1RMMFL5vJqhqWk6yqUVOLEOAVVPeTROIJrQFYalFYJje65WqWHkB3aI2eTYvDdvMxW0RfZybmxvm+pEx69IzK9SFbiRxhUz1dhh0GfVqdbZgl2PVHa8qWBfiKFDU5+fPiRt1yJazWXeTzodP1HTbNHwLQATMBBiFmEswEVAHETLptjqDwe6GprmtU/lYKXHOSppKzztFwa5683B7y9K3Sp8GaHPQ7qcHiNjV6Z8hUOtDUGwreah9Uv8uZ7bDH1CpFT7xmdbrFqvz+l3lWrACRnAfyhLhBSWx6SgmmOuQL1XRGbh+kp031SkOwr4UuRr6MW4aUlU18xUA/cyoOf7ys8jLreLZ4q4Vsczt7m/a67F+m5U9Akt9yk+43TP57p9AC4BuPMP3wXnTMyKdg5iZtQLCFuARWNxozYdDkkT8iU12/XBDyNMsKvc+YE+bGsjx72SdJ2fQ33GSSKI06aDJLcnKys2hjqiPR/GmQzxrZ6fWntDFHMp807NiKJksXm2Bofr22c9WUGbqiblM+s5KwTd4blkFtDWf+TATsLG/VxyhL4p/A6jDVj9gof3fXzzB1oZia1dZ2/PFHnQPnPPz4YjNDQ/KAroHBJbWstlFPVrK1Xj6tm37+92tTTgrNKGVpQvCOUgmklR8OclY1ZuUvN8ArKFKLjspdgqQyYfUnqWblZVOsmiXJYGpRhFPJsVx1pkqKPn1bykoP5U+DH6EkeWxKxcUTjCSVvmM8599Uk5LYAdtAlL4e6zJZqMDrhwuC/YCZAIMQMwlmAqoA8g1kqnPaJ7gEhE0u5Rc7oiLdy3JbuZF+v3ov0O85+lJuLJIGUJOl/fpTSXrqJf8nxqJugU5vs8al0l6UFro7eAtv8JJqJtb2XWWNDMo3rryRrHJL5roLk4UOiyJfqOZOuXNDCrEve0n9Uidfxt4YX1hdUW0IcrRmknU8j5v6wmyKvOUH2dsMdDqzpSrEzWRUNyaEdrbIE0ILILNxZmKtfNZTr1WdVhsHVU5OM5F/6JXNRM49biaeM46hcI5LudUG02PmGAoTPRm1m+ihuSoMXySnQ104xKSUnD52WuXGnJKuYuKxWWIbkRyP6Uwmi5yk5SecWUnYpiRFyV9QXF1SJqCYifpnIqLkv9D0FI4kSP9Ix7r4uyMpmjETntVLj67KHrJOP7BdaXX6mpu+JNFFf1EAuutMHvWQGo9xvZHlSVZG0VxV/8BNFs/gZu6qhjfreQXFazNVubXVLKmdFAdQ/yJy1pmc/cxEPEIyzY6QSYUkJ5X+96CcZqIqd6BlSG7GcDOxOOO6Kg7kBGYCDELMJJgJqAJYQ621jnxfsl/sAg03Z+OxKItt+iUUYZ0Gyq/X6QD9NXd12DVJG+imlmHyrSllf70xPeA/e7MScZp/yz7o7eE/TsuEuJlovi9Fi1BGoFn4739Ky1ISzERoqGWbyYLPfPHO0Gx4N3ubDHI8TXWOloEQHRXjUz4EErvZ21SnE0RmgrGoaCb8rSUmehpcw/G1rRxmkrXxxK54HwLhl3UywRsrVYz4wYofGkuY+ES/SR741D2lDETZDgXoIJbT4mgumjbyv1nymeU86izRTDT5w0+f3JhTcoPlj/5sCqS62zrY8ZCNi2dWyk4JNk1ah56RYILagmommd+hlYyKb6dymUkXT8h4IpkrIdliSjNUkuZ6VRVZHPZdlCdY1O4dJrJRO82Cpgv086NNef4J079rbUaJZ5MkBjk1OasabiY8wXRmoqtmhR2xbeasM80WR2COHth+ZiIeIZsrJvMBZpKmx8mSk3cG9l2kg7uaXH7+g8CMPOCwwc2kC+wLzAQYhJhJMBNQBagNtdRCdwcbdmKydnQvKBeQKKSn7b0+jzJyhH7VuRzyWrKlWOXvY/qlrva7NKjfkZkm12Q/v/GXvS7797+JzO+UEt177tFcwgCqzGiuIsyELKD+XhzRmwlDXmWLjxBjkG3yC2Ba2cGEfMoPioF+nZnQ73g2MN2pvl/BtbQb914Q28TKYibWJVXtCCcr60NjyZPzB11J/qjDwst9RnMF+Hgn4s98NBcr0efP/maS42xqYMdDR3Nln1lSrlyOtaA4J+vxI0S8bq2Z8IyS26D0H6Hbp9WqjENTiI3ykTnk8DIJr/QyyUQfcxu53Ds+FIyOD/pwey4O/+TJB0jTZtNvbgtkfcia0Vz0BLHRXEE+mktf1RRgJrSaZSUKOjPJVWeGTJfG6b/paW4mPD2UvxR+hPIYP3U0V2FmMtHDk5NdVUInGvuVuSL6oYlAB8wEGISYSTATUAVkvmDSIdaoIt9n5FszMBce7O3J/EBoVRp2lKdes+IJW7QpxlpCZPXTHo9/fmbkDvvqzTIT0gy74HD6gsHJYXO9U2mp947HY1HnmaymXubiikSAbDC4HHwwMhxWfrQej89N97na2dgzfctSKsBMtu93NXUGgrGoh/4WmNWIZMdDjpB1H7XWOzy+xzPL83036c/hZJvm086WW4Hw7Ljaqpg31XfFY/MNVqfOTKhZtXqz3q/3omNwLhpepdNs44ERf1OnPKhjst966U58OWg97eSDy02WLv3YsOpDPFnih8aSZ6qTXnhDo66dnHWXrYecu4C3pyH7JlSZRqHVYWruD88Rl6YfLPkwWdqY1EZeUWaS42wyyPF0+6blHJA3u+rXnFmyTXNdRzgWbalXpIUIxoO56NAtD9mU1kzUjCJvUPkTi42ar4yTt0xvRnG/iyQJeWtDI8OuRxK92MDKEtJvrXeqn2GQj2xktPCukhvjMzvS+uQ4vyYeiD+d2AbkWw5YHOxDvn4pk1F9/uCQjy1JP3NWe7Cfb3JWNYWYCalmnV7/jN+vVLN6M8lVZ5I0Dst1pmImcnrE58KRjGBksoJVU4cwE/nebkpyqmZiky/Kp/2W5/vpS/dwnFWe2QYO9MBMgEGImQQzAbWDMETkaKGqw+7lVWGITRAjCN4Rb7JUowTvCL1GUX2jikPSJmPOlUTW6JqjhxjUkO7my4N9Pt5z4l/e0c4GYB/InxXrKqRM9uvu7gHyATMBBiFmEswE1Az0RjTasiPiqbehIp9nYrCZjLZl/TZfozzKDKOX0rNWdWhWDp56K/N5JoaayWZAe9c4lfV4jAQeAw8OBe/qISR89Ip/UDgwE2AQYibBTEANEKZd+fIDQ2ocg80EMNhTRMynO2xueYT9ccNQMwGgzCTY402s53u6/RgEeDhgJsAgxEyCmQAAAAAAAA0wE2AQYibBTAAAAAAAgAaYCTAIMZNgJgAAAAAAQAPMBBiEmEkwEwAAAAAAoAFmAgxCzCSYCQAAAAAA0AAzAQYhZhLMBAAAAAAAaICZAIMQMwlmAgAAAAAANMBMgEGImQQzAVVAJL5FMhmBOFSQtNneSWmT6ZCQLSD9EEUESRttMhUF0u9lxVJ0U1OHHKPaoMD0g5kAgxAzKQQzAcecAmtYAPRslWwmpW8B1Cyl112lbwGUSHI3zaePV21QSPLATIBBiJkEMwHHHZLD2iIAAKh4Sq+7St8CqFkKSR6YCTAIMZNgJuC4U0j1CgAAlUbpdVfpWwA1SyHJAzMBBiFmEswEHHcKqV4BAKDSKL3uKn0LoGYpJHlgJsAgxEyCmYDjTiHVKwAAVBql112lbwHULIUkD8wEGISYSTATcNwppHoFAIBKo/S6q/QtgJqlkOSBmQCDEDOpXGZSyJ3ySr9BJwB6CqleAQCg0ii97ip9C6BmKSR5Xo6ZfHip69n8krYUVDViJpXFTIhy6D0kZ2jXBKBkkFcAgONI6XVX6VsANUshyfNyzMRkcVy52qctBVWNmEmhcpgJ2cietiwHhfwZAHBYkFcA/P/tvf9PG1me7/0v7PPT/TP2f0BqqaWVWlqpVyu1dKWWdtXSSn3nl7tXmtFeaTS623pK07b8gKPAxpNlE1DwUBeH4B0TMAPXnTS+piGAO14CgawDjjHGxoY4fKfrOd+qfFy2iwKbwtjvl46S8qnyqSr88anzqnNOGdxFGq+7Gi8BdCx2gsdpMxkYmur1Bc25oAOQI6lZZmLOqoX1ZmeZhLfHT1RZ6VbHYmmS0+/xD7yie088Vac3MsVs0vweTXO5VWOZvNdYDnSXl69MOkoPgx1JLHNqXmvJkNvfO0UPHjiGdVwBAEBr0njd1XgJoGOxEzyOmsnGuzRve72Y/dm87gqIQow0tGTeArQgciS1jJmckvhRpxZj8/HZqYjr6Zq8TtKM5GRls79fshHF40/py14p/8qkowPRvfV4PBaJKJ5R81pL7JuJMpwwZ4FrYRlXAADQojRedzVeAuhY7ASPc2Yy/2qNi4Tn3oghFeaNrkJqanTBnAdaFzmSWsRM1G5/yZyn9TLXTUyHRJT6oi4PD9ewsQ2JvdlDtvQuMvY24Xuxx16ck4011vqffEKDPKlppc1F+naP2huI003S0cn0/vJ4kBp1dMsokK8yHHth2J9g/4qi+l6SzOnhIC2qeyR3ob9lN07KcT2cGbsvzEQ6yIRwldIGP37vk8Wh++J7Z1NjgAUWcdUgyc28OeuW2NzEbEAA2o3G667GS7h1ei9rfxajoWV+le8sDjZ3bvbDtRM8zpkJbxL96+PnW6ls3x9oywxm0lHIkdQiZqJIg7IMuJkc7+8NuP3Fwl5x/6gYnRhb3SsWJIt5Fwms0P9JECaIkDzikbjmGadDvxR/1DscnZ2PH2ta7sVEbCOzHg17PSza01Fvn+oNzBWzSXP81zQTVlTsdVo7fKP0hadXttajEe4/Wikx1OOf3cgkImFXd10zUXv8gUh8Of5GnV4rFjaUJ4v0pI7xvLJGMcXV2aeP7zd3kps771O7H+UVV6e+mXxKbh+IxcOD9+lixcobAGZyJ0iywDPSh3rhAwDD4ppok7ol6GOSPQ/D06v75rWtxOVm8mNo4YpmQtoD4oamSFcb+9AcDgqN1QCdYSanp2fn5/QeL/+o5HFcJJ+sLW96RUxm4nL7Z+NroUF1aEm0IL33g4nNvcBDPT6WwmPPg72knTc/p3gmeu8H6Rie5yHlCb2ZHejxT8/HEytrY4O3EUwdgBxJLWMmejte1Kf0o+dmorEhUmLtUtg0mkvTjhTfnFZY8LFt+L/FF0HekaJ4yr0rBiRc6aCvdFTvYNG0lRmuNwJhJqel7BofzUXNRC9q0leuRskycZ7QA+ItrB+GjS6rYyYZYxtGGqO5moUprpKbu/LLRrjcTM4+JVN6FN0kMJO7RD6f0b0VAAssrok2qVuCcX/tIjnW57/xeycNUMdMjmYHa+ZfAeYnNdoANiFNEVVvxDLomHPPn2rMd60NzORSZH3cyRZW324p+lO55FXXm3ZSYSZSI4+0LyezxgpCQjQxl8Lqa5FFWnXH+mreHiVmEktf3hoG10aOpJYxk4o+k6uYCZ1SQs2B9ZawnpM1Y16K6NNgEGEmesy34WZSnhYlL7OXA9E92qFREtPfafl6UeWDYfmpyrklxnKVmehjugQwk6ZRZSY7FXdZSoX3H/ZKH0vZ7WzmgPZQpT/kiqWj0v5BcjNHXn7Y3EntFD7sFPMHJ/vZ7OZ2IZs/2MnQS0pyM5vaOSAbb3/IVrY1qZnktrPJLVoC5exjMpXPFg9zO7sf8ifFnaxhNe83d7a3dpLbtP8mm95Jfijw/OQWicYTsosP2YODYpEskMzc9k4yXSDHsLv36eyAHnlu/2h3Z/c9M5OjfH5r54CcSyrT0jdBO51KM9naLpRKh4Zbkg/66Ox850N2j4Xp+80sCbBcdg+faQdicU20Sd0Syhe13HQ/M5OLNaUvXCxsLT8P8bvGywHVF5yLxd9MBujVrdfjdz1+STbwevjgatpg6x98SYcVeELeBzPTK1vLz0YHfqJNAnIZDQWCycIeedfsk5H+5/HMxhwf7Zx7ESQXdLJK7fOn2IBncqH0dI/yHKWbXRlTUbqvbDL2POTil9SLtUB/iGwTeqzGDrViYWPsARsrcXxebmGm5/gRLk9NuNgFlByhix3YejTMc2RMZuILRMW4ied0/DY58t7xNe14X36OTgWntJ2sywnVkupdWGEyk7OP6a0d4xrxMbtr3ETb4pWDfqkiVQS7VLW7mezmiuRv+qD/T70+OnbL20ubfdxMTk7OyALJJ2upDnpHzG+2gWwmRRqU5R403o6MjU/oMwSEmRjtS/kOtOhRYUP2lfvB3NWeigTsIkdSi5jJgKcsqNoVzYR4iDG7Q0u+HItGvXpFI5nJntI/x5eWA2yifDraO50RK2v3mZSRzaR2n0ngDc8ZqDaTw0WWk0afyQ1hiivS0n9PKn795W56Z1+YymEyXdH4443FD3TgjbiDkqq0mqTRU3FmukgQM9kn79reF4PxiIrsivEG51Q5SgVxsWEdL9Q3UlRIUnRfXGZYr8v+XionjjST2jniZqIfQ/bDTkEczTk/kv2dLFqvd4BafSbkk2Wf3SfuqKTVkmaKygMDdCYW10Sb1C1Bv4olxkf5jb/k85EF0QFwzhWi8jkxR0pfZJ2JROnVRIh2DFAz4Tlqt18fT5XjFzLS6uuP0eJykaBx083FLtzkat7Lr9P5Oa4x5AKqJlhVSS67bKeRx6JkejC1R1OnjUut0cKMPTHeRfZFG6vkCBN6TnX3SJ0+E30aavcMvwaTK3jlBmVCPjo3lWhJcpIOD6ueDWtFpZmw21W88q++RhBFOTEuVTsfdtilqt3N5F8fP//+/xvmy++3dngccDMZDf5ohMWnT8fmELGHqc9kaKli6Pz6+Mg0/3gOF8WTlKzNRIfEBNpuN4EcSS1iJtpFjsTeWCQem4/TMX71zKSw4HqyWNzUjYJxHAsp9yPr+kuqtYOLYlnqMyG1c4bds3H1qNxMyIKH3xCqXTOWkc1Eu0gr90Kh+Nb6/EuRmV/wefg8kxljngnJWd7cS0TC3nsjPGeoxx+KriWzycBTeniKZ3RsJZPavfzPC6ypFVfnmW1yGdg5ZPohDf2nNVFhN88novDmPjET4wJgGr4lvZQmlvCXW7l9eqURlxamN0ainnOUy+2UtLO9/PY+vRnGLkLnyXQxm6bicZbPk7V6a5XBmrOGw2iVI7j05TNy5FvbaMu2NpVmwkORJP5Zk/A4ob1nos+kmM2RnNzHin4+0CHUqruuRt0SRM9/glwNeXt6SBodw6+w8vWx8qrHb5zpg1xM7TT2rnKrT2rOceuQ9kKfHKPpgwsYokx5BJdYvthPRiP8FnY9M5HfxdfKQxiqJ5OYzGRyOOi5p9KjYqdAxIz2mVwc1e0zYVA5YedyNS3RzGZS7xpBrg70/tRBoepS1e5mMvLshdH2ejH7M19WmJk8D/9krHq78cHcRLNHhZlomsdDZ/qS9qX30RwJx+OlsOvxy8zGG6VnxMuH2Viaie9hKLG5V9xc81beRwfNQo6kVjET56nSD3BHqRtX7MLwwTRDo5BP74lbJ0afiWQmFcNPrcyEvzw84CKRSVUOIWMkt/aMve8RCSlQGyHXoXThE9meZB5ks7v624jnZI8qzCRVw0w4Z6bjBK1F2UyOdj7s8McwGBa6VeuzY/dTa+SD9qZu3WWbuiXoFzjSxOINcbmtxVHcE9KrN16jWXaRYI+QubaZjIaM5/czqs1kQGpq8q4bogeiXyU7V89MVP70GsYQW7ZvJpFHfn3orTiFyGN/LxvWdSnFQqm6er+cSjMhdb6p057eq0oVSBVBCz87MF+q2t5Mln/eUNgcksk/L3D505iZkJzEynuyQPK5sTTFTM4ycf541kAszdTitLebvlzdL4kpTZZmEhkW48EGnosRMqC5yJEEMwF3nXpxdZjLbe/T0Vw5+bku+fx2USxW95lUjea6zEyYM5yxliWfxCJD2qB69z3tJElnsqyR+mkzkxfWccDuljG2t/TRXLqZkCuWcR0zOmc4mBDf0pTNhCoor0DT5T6TWk9oYHdMzZmg3alXd9mnbgn6BY7eGmbtuuTzkclURR1VdzRXLGSM5uLrrmQmAx7zfIxqMyGeYMiL3iIdGXtHX+YiwXpmsjCsGqO5FH00l3h9mZnwodeUizV+CnQWzY83OTy2xmgu890HUhvoX3w6mqviUtX2ZqLp3SY13SMY0n/x2u3/WLris9nAHUSOpGaZyS/mvBrY+Ro4B8ykXTDF1eYWHTzzPrWb3hXd7zv6cJrtPK3fUim6vJku8I4L2UyIQWyxtckUbT7aMRM6i32LbrabodcY8t4P+n6Pcjmjf4bOctEvS3QsmT4P/iCf39yi79r9SLeUzUSTDpV4C3l5VNjjIwHyn8wWBFoIeTTX2SH9uLeyJ/k8bQTRZ0zv7eb3d/NF0ijJlrStFA3OzQ97+Ew7kMaviXVLkC9w7yJ84kcsKG77qi/YA6Yu9nt76EvXwxn6cn+D//zXUGSDve2aZqJp58XVObqjbnWB1aDVZkIY6FMVj+p9Eh27T3NKb6M8Z3U/LY68RG+p+15k5Hvf/AiVnqAxRE1fc4mZaBc5PlRMnc+wUyi57oVCUTqAfPZ5qP/HG3jE4kGhcnQWuVbQJ2HI1wiiK+9pT7qAX6rep3LsUtUBZgKAgRxJTTGT45NzUo6dZH4nAA3TsnFV1TsPOh15ZtH7zazRfQc6k8brrsZL6FBeS0/TudjgP4DWadgJHpgJcAg5ktLNMBNCrnhU7SGmRATG/DYAGsZO9eowHz+ypxKzvhQADMRzn0tH9DEM2wcYotDhNF53NV5Ch3L4xvU4msjSnwdQH/j1p5Z1FnaCB2YCHEKOpGaZCQC3hZ3qFQAAWo3G667GSwAdi53ggZkAh5AjCWYC7jp2qlcAAGg1Gq+7Gi8BdCx2ggdmAhxCjiSYCbjr2KleAQCg1Wi87mq8BNCx2AkemAlwCDmSYCbgrmOnegUAgFaj8bqr8RJAx2IneGAmwCHkSIKZgLuOneoVAABajcbrrsZLAB2LneCBmQCHkCMJZgLuOnaqVwAAaDUar7saLwF0LHaCB2YCHEKOJJgJuOvYqV4BAKDVaLzuarwE0LHYCR6YCXAIOZJgJuCuY6d6BQCAVqPxuqvxEkDHYid4YCbAIeRIgpmAu87xyfkRfsQTXB0SNpl8o792SEpA+IFrQMKm8V8fzhVxgb5lTs8ujOU7VBvYDD+YCXAIOZJgJgAAAMAdhcgJuY4j3Uoif3w77fu7C8wEOIQcSWmYCQAAAAAAqARmAhxCjiSYCQAAAAAAMAEzAQ4hRxLMBAAAAAAAmICZAIeQIwlmAgAAAAAATMBMgEPIkQQzAQAAAAAAJmAmwCHkSIKZAAAAAAAAEzAT4BByJMFMAAAAAACACZgJcAg5kmAmAAAAAADABMwEOIQcSTATAAAAAABgAmYCHEKOJJgJAAAAAAAwATMBDiFHEswEAAAAAACYgJkAh5AjCWYCAAAAAABMwEyAQ8iRBDMBAAAAAAAmYCbAIeRIgpkAAAAAAAATMBPgEHIkwUwAAAAAAIAJmAlwCDmSYCYAAAAAAMAEzAQ4hBxJMBMAAAAAAGDCYTMpudx+1+OoORt0AHIkwUwAAAAAAIAJ58ykuPpS8QTp0v6G4vYXL8wbgPZGjiSYCQAAAAAAMOGUmVzsExtZLYlXq8+DysOXFRuAdkeOJJgJAADcHIo7XDNn7J7aG0mbVrkezply7FO9IwsCD1XSEvA+T5pXNINiNLR8aM4ErUZqanTBnNccqkvWczZI2Feu0Vb/pKZMWaBlcMBMzr0ev9ITMmefbjXScxJ4NOoixXpUdSphXgdaEjmSYCYAANAoyZeKe8ScyagWBlPO+njtN14VU7ELw37FV2fAdmFh4NW5ObNhlGG0AW4B5UGkuLkWm18kDTn9nrMtqv2hHmP3R81ZDK/bP/bOnKnVKrk6p3fKrOWgBblxM1kIjHgG55Kn5nxCMhJS+sILu1evqlJR5V5QnVqMRV66+iLmtcCS0tKMOcsR5EiCmQAAQIMkn48EHvnNuYxLzWTsfu03XpUrmEk6OrRkzmuYI5jJrWB8yqnJ0ZqeUI9qW6iHx13bTBTfjOvpmjm3VslVOUmYyZ3gxs2kWDolNVfNQCRVWOq0VDy+splM+vzV3XB1a0NQRaCvOdekKyFHUlPM5PjknJRjJ5nfCUDDIPzArUM7TPJz/TFRW5J2WP/zRGYjHnqscmHgOcnCnpEz5PbTxtlpacDtLxb2SKLlsKvnckBVPCNk48BDdTJFr8vk7Z576nqWv503E3PqVLyYTc4GRkJsTFY9MyELnu5RUlpmY1HpJtucFlcjA1Gxx16PP7aRKRa2vB5xx13xRyd96ux8/Jgs359RI2vkvWSz2Scj5AAyG3NKHxsBnohMr2yRQvp7/GTLYmFDebJIT+T4vNwMTc+5Hr/khbuYt5Czdj2YKRYy69EwzwENUm5xpaO+F3vk38BU2HMvGJuPa+zzNT4C9vnST4cHp6tH5R8T+VBECXoUpaZHvcPR2fk308HIWWmPhBwL0YoumeOfJkjg+crvPVfcKo9wvWSaU7mvBN9XsbDoHd8gZZZOWftTo+XQg6fsKf1z5L2JZ6oaTSbjL3mcHL8Ok6JIwPf/iUYmcIYbNxONxVxdMzHn2YLEitIXjqX1xuvFEa2eHkR4lVdaCrvc/un5+OzzkPHlUdwTCv3OzC2QyvQirXhGEytrdJhZp/oMkRNPsMZdh5tDjqR0M8yEFPKLOa8GaBqCm8BO+P2C8AM3R36O3wA2BnTp8sCXaVOvOkeYialdyK6D5Cq5oI+vVtx0ADZpTUYKPCM96TPdz0rre69rJoYBiH2V+0wS3kn91vVFwjNOFUfxhKW9s4flEJbCIb2V0CsdMF/F2hVpo8/EMJPyqV0khjx0ubIRXPtOPLgSou10vC/cIx2VuiOqPt9XE8affX18xPwx1QrX6pcc7iTFF0EuxqRkI0JEydU5upmQBeMgefuTeA4PtlwkGDvUMtOjJA75Bv3sLWSD/qkNngMcw1EzITIt0msaHNc2EzF3xe0PRI2JdGnDMdRuvzK4yJddeuiTjRd08c6RmGY3hLTEjLFBx1Fac7jnRI6kZpmJOasWNjcD4ErYjCubmwFwVZLPR6bzdIE3obRKSdCbeuYcKzPxRY0rMm8USoNhDDM5HXo4Qq6nil6OhZkYpZnNpGJYl1CLyr3rZS6FjSauMJP9pPc+nUZPr+n0dQ0zkRxGHDbMpOnwj4CGQYB2klR8plWfL/lojM+0hkDWClf2ssYnJaz1cJELrTxeiy9X51iYiXYYH2DuOt1Pu+Bo9OrnpYi3nHo8fl+gQ29h3xaOmokRdtU11/U4Ti+KJxFLZkKi2ajLjNs2cogHuquDr+Movgq7qh9LcJPIkdQiZkIuWjwGXPeD134YA6GfVW3Xg1xEGxx7barNGeeJp2rM9mNqcitz/HkSNeeDgZpYxJWM1WanGS+ri/rH2Z2UpozCXwrzkPYFxNOWAj01grPuZIB0VFSMHnV6dd+81gbKg8sfumhcEcD1YbfVxJ2+8eDAT7TCrO4hqc6xMpNafSYmM5FG0by5vplob8z31Nkx2DETpXuGv8xM82OrYSaqUSGjz+TGMFcgFdVX1ecr9ZmkJi3MpOKjqfFJJWZ84+IGN6mmaNi/mpjMipWi5OocCzOheTPkYHlcMYOa4NmVnCpuMXwROMDdNhOtfLuobCYu2tQTc1dIZVpkC3KIRx41Yb93GqIlk2+v9DiNJiBHUuuYib54Xh4/4Cw3YSa0h9oTZqNmrwb5I+iDN8AlWMSVTN3NXofNT1VqkpmIJkEqyht8NbEwE+MYxvpE5dl0YCaNQy58vkjOeEm+udN5LfFMDK8PDYpZJTyHjsLXcwwziTz2z27uFQtb9O0sGGizzCOG7BvzTExmEurzT29kEpGw16M2YCbaUI9/1jTPxKaZuP1s7kp5uoLiGR1byaR2j8pHW0oodFZJxTwTUUrN9i64OuYKpLL6Ip+v8RHweSZGcHr0D47P6DBNi/IG5pY3MrNT9GW/h37Wxc2MKPRw0ege1Nj4K3bVPhdBO6jqJdOcyn0ZZrKn9EyQo8rkK+JTuW9Yx/n6+Ag5hszGG/URk/NIiBwPKUrpCeOZ1I5x581EcfPHVB8pD8T3JEC+Eo9EBSWN5ipXRrkXwaElp9vlrcS5w70lHDmSWs9MjAgp9fawW85B1kPNc7r9SvdIKRXlUWUMFTCuwUYOebkQMG66nPv6VFJF6j/jw17Sm9lxOeyrzKS0GqG3vY0DKL2dK3fx0d2VfA9oOeor0S6pNpPpfr/yJO4qN3xFmTzx9kTgER2SMV0pqIo7NIvK1x4WcSVTdzPauVHZQiKX9lf7tBele8TowRMfnEflzzA03kIv6gnRdjQGRlPKLbk0qQaLUpuMFMVjezZbDt1cbKKiMpSaF1L9zL4UnpEcP6p0dDJ7Tr4ULt8Miercq5mKaGTFkp1m5mfYu4yOuNLqVIje5pzaMK4IuVcRGpDDc/w7Qt5Veks7bbzPaXMZWKB4JuRO0QEP/6OVePyQP7JHVAssh/3ZeY5hJtouvetMPiBammhlnpJPjf79H4knXlabCX+X6+FMLHPaiJlo+xu0n5bUfhExiN+mmfAoot+R9Bw/tskntCrzvcjIw3h4JimcBzfMpOlYmwn5fI2PQM8SwVl6FxEf00WOxgALV5f4xE/5VdLVx+Z+sLrF6CWjKuKROjT0gVhGxWKUTHIq92WYiab66EU5kKiITy/RXX3ZOAZfgL71eOUl/5os71/5WU3g2txJM1kIBmms0KdtBI2LKmsR+rlcn2XiNOJ7RsWltKoyEtf7npHe4Vo3Dtub0u1c9eVIai0zuTjKrURcgTcaraH032NKzNCbKHrdp7FbyJebifFkd+mNfPwDuWrWjHaTmZADGHjFyuAHoBmjF9KuZxVPLBjy1B7nTXNYq4U0XhMs/slpivemooEV+n/siT/FVnGH4e8K9JV/CxVcikVcydTf7CgRHFEehI+NYYTpqN7NdS5aacmX/THxkYR8dBi04dJed1C5T5uPRhgIjJZcaZG378UlWSpK00O3tBSueK8mNS+Oc+KmT/Kl8aUQrkuOk0/ky88ZrUm1W/8K6GbCY4/msPjsJ01n3odzkRRXhMN4Lz/W/Bz/jpB3iRmAAAAAOhUnzKQ88b0q4SlsnYMcSa1jJsXC3sJTVfGITiRuvDyRRhsbdSra/cYNOUszKW8sF8Xyak+kM5mJ6QA0djsnd0qcYiKwwhttl8xAPf5pgt9NJ41K3oJMPh9RPKNnmjb7RLhKr7QX/vbM9Gh5aAiwgUVcyVy62WwwKO4+Sjcdedu94t4NV46VGfbYmbRnPMl/j4KIKx2tIm3GP1bWoUHhZmK6DURDt1vlcwkqSEfZc10Tao9wbLqlKZLLx1ketG0ok2Em/CXNYXeFjPtTxnL1d0R+FwAAgM7ECTMBQGtVM6H/lRaNKez82dMisQfkN2AmE0ZRPFM73fPd93uDa3LPhNlMHkRWpQMgOcUl2qPt6hONyIVhVY2skVXk4Guayeyg3JRkk2cu9heeUZnxPhFe1Kv/lIHxtHhyLlIZ4HIs4krGzmZi0KkdM7lI0Kfv5+cCK7RPLFf9M3NL4bFVKeQszMStklDhXWdl9GMoxULchOmW0pdC3qZxM5ktByEtGWYCAAAAZgIcQo6k1jITwmGCdy94TW2jwoLxLJpQ1Wiufv33cKrNhI/mqjk2imysvq54WTmaq3JwTlVzzdiXq06fiTyVf7qfDZ+l99Er7o7HnpQfos0pJulgNmAfi7iSsbOZiLoqMyE5xhCssT46mouuuh8J+Nn2F4mBYMQYhS+QxuVzLEZzaTSK9OGLHOkYhC/R0VyVX4prmYmvHNhpcXaHcdNv3sFMAAAAwEyAQ8iR1HJmQttPtInGn8sRW9mKRaPTtB1Fn9RheqJI5JE/FN9Krsx5+9S6ZqJpuZ8mPIMvM5trY4O0ZVbvER/kvb4/icGNOXYAitsvHYC2yro7FD7DT3o2jqu7ppkkXU+l6SiJGTqy63Aj0Cd6UcQz2fJx5V5oPbs1PR7qfUadRPX4l8tvA5djEVcy9TZLTQd7ByPkQ5+dCtcbzWU8doaGjYdGEcHjVl1iUseRq1tdF+/QqWcmWok9r2ZxPR6XZ8Av+NUKR5WOgcQ5G/tnfljN9cwk8YxOPDUeEsW/SkR+ZuPJ2Pwc/47ATAAAAMBMgEPIkdQiZnIl5Ae/OEfy5dg7sUhaiuahO/ZQ7keM9qvP/CgwcE1sxpXNzQAAAACgwUyAY8iR1Cwz+cWcV4NmNQ1vx0wO37geR4v0rvmi0hM2DcGyicut9k+tkULWozOu4cS1ygBm7ITfL80LPwAAAKATgJkAh5AjqSlmkiseHXw6tW4dNrFpeDtmQn94hD7CyHVvNHnd56nnXkX4T6B4HjT0U/dAhoefObcSskGzwg8AAADoBGAmwCHkSGqKmWisdUiKsk7HJ9ds0ANgzaXhRzZA+AEAAAD2gZkAh5AjKd0kMwEAgA7kUitGQqqXzs6b0HWOCES6RiJhY46kWsBMgEPIkZSGmQAAwHX5dHRmzgLAHjZbhxYcn5wfoTcYXJ3Tsws74whgJsAh5EiCmQAAAADOk2548lvjJYCOxU7wwEyAQ8iRBDMBAAAAnMdO09CaxksAHYud4IGZAIeQIwlmAgAAADiPnaahNY2XADoWO8EDMwEOIUcSzAQAAABwHjtNQ2saLwF0LHaCB2YCHEKOJJgJAAAA4Dx2mobWNF4C6FjsBA/MBDiEHEkwEwAAAMB57DQNrWm8BNCx2AkemAlwCDmSYCYAAACA89hpGlrTeAmgY7ETPDAT4BByJMFMAAAAAOex0zS0pvESQMdiJ3hgJsAh5EiCmQAAAADOY6dpaE3jJYCOxU7wwEyAQ8iRBDMBAAAAnMdO09CaxksAHYud4IGZAIeQIwlmAgAAADiPnaahNY2XADoWO8EDMwEOIUcSzAQAAJrKeXIzZ87TtP2dbHIzb8pMpgr0383cbmVFu5fJFisyroBpL5ubO/JLmZ0PO7n9o72P5+YVTeBjeqvufgHHTtPQmrolpKOK209S7+DLWObUvNaSIbffnHUlEjOu2iUkeqfSphy+r+KPoYXDyjWFhX5PzUJA06gbPBIwE+AQciTBTAAAoIkc5XLp7Z2P5mwrM9E5SW4fSC+viX0zsVh1XUqbO5c3dwDHTtPQmrolpKNDS2yhFB/o9h+b1lpi20yOlOGEOU/TBjz+oWcz0+ZI1yzMxOA4FlqQX4NrcLBIjDR1IeXsx6mmekJSFqVu8EjATIBDyJEEMwEAgOZxuPNh53Avv71v5JwQAUhuZg9yOeEMZ4fvSc5W9kP+UO8zyec07cMW2YwmkpPb3uEF7GxnWWb24Iy+/LC58yF/tkm3zBZPxA7SH+g2m/oua5oJ9aJUIZOmW27vkVr90+72rrE7TTvfStHlnYIodJPsMZ+naw8KZHk/R5d3ae/KOT2drSw7HO3s4wE9l82dvUOyjwI7U17mwQdde6pPgZRsOoXOxE7T0Jq6JRhmomkLw/4E+1crbdAWat9LkrkaCZNl76PIwq7oMVMfqiTH9XBm7D61hdTUqOIO81VlfyhtuDykjat6nywO3ad9MkqVxiieiVhpzft8y8jhJS/sbhhmYuQY+2JCsscLVHxRcvy9pOSLNc94Ui8m6Xq6Rv4LPBohx+DyiWObHg7yQ5pcQVuFc+4if8OHc8broR7y9xmdTJm7RusGjwTMBDiEHEkwEwAAaBZF2jFCh3IZerC1ucMb8du0LU4z3xs9FYdF2UyILRh9JtxMSGlZfZQLF4wPtIkvSjYZiCEzdc1E36/hDKLP5Gg/pR/kbnqHjyIjq3b5rqmZ7PBFci6ik+fswNQ3ou/UyBdmUvMU8nxnVYfaadhpGlpTtwTDTC6SY320z4SYSe+k3mWRfNkfK7G16ZCPrl0NqrMsg8Blo6aZVN53T9foM0m+HPiJthlcbpVnGCWXYiFuJnKOsS/eVWIsCDORykk8U8nOYk+M3oCc8iROe110AQMSQk7I34ppSdC8nlE3eCRgJsAh5EiCmQAAQLNIk7Y7swtDA5KbWb5QyIjRXNIslBNrM8mkhDBobPmIm8m2GClmlMwh7nGZmezyHFKUvEqjfSOiqLN8fpupSXmgFzMTvkj2rotH+VA59cyk5inoGeZT6DTsNA2tqVuCMJPTyceq4hnVmJks6CN8qABIy7OHWuhBueujv66ZZBR/3Nisppkknqq85IAYQpYul3y4yM1EzjH2Vc9MQn1s44s1tZsuqNLkE8VDDm9L6QtfdSJNJ1B8RfvElIfU/ap7Szh1g0cCZgIcQo6kppjJ8ck5KcdOMr8TAADahxM+lomnHXZj2PAEY56JPLfE2kzkRryRY3RW8Gb9YT6/uV0ofTqxYSYi32QmFRNgDgof2KIdMzljq3aLhyf1zaTmKRg5MBNz1hWpW0I6OhDdKxb2jAxiJqlay9pSeDJdMbeEL9cyE9NEkRpmIoZjseSL5Cpnkoi3yznGvuqZiZafUxPnRHiUfjo8iWSSk9IT7+U5P04nXB5/pE77u2MpLYVd9bVEswgeCZgJcAg5kkELEsUAADQJSURBVNLNMBNSyC/mvBrY+RoAAMAdpbiT5TbCOExu7RXZCCj+OkMncvA+E71pfnRgNpO0mCvCG/H70lAoPgasykw+8Y4IjXXXXM9MyGF80EdzZaXRXHwbCzMhB0nOkb08rGcmNU9BvIaZNHxNrFuCNM+EU2Ej6ag+mkuM9Uo8U42nY/Ena2WmiZmIsVvGZBLzaK6KLhTycb5kNiJQ3COaVPLxUpibiZzD91VhJrwzxzATUk73jOIORpjOx574F8pfsQoUX3lmBbBD3eCRgJkAh5AjqVlmYs6qhc3NboHCovq69mkaN42cpxgNLZsepAgAaGG2t8ojlzRmIOm9873tbGrn4KC4/35LuMHOh50Pu6XiXuFDSkzb0M2EttRLJfq1F5NGzj4lt3Ikp5Df41tWmQnVoVSWlvZ+67pmIjpeiqX9A0MV7JjJEZ3Tv1MsHW3TKfi88CN2wCXDTGqeAi9Ng5k0fE2sW4K1mWjnikdNFvZC+lgvLb+gPJiZ3cgkIjMuNm6K5Pg8/uXNvUQk7OU5bC51KLq2PD8XeLqoUVEZLRYyRqHr4yMJ6ZFQfPwVL7lY2PJ2q6LLRcrh+yp3lbyN9I6vZdI52UwGPKryJC4eL5aPK/dCoeibxHy899kbTXszGV0jJ0IOsnfa9OAvcAl1g0cCZgIcQo6kFjGTSZ/RvUuhj+awDanUvIG52Hx8diocemde2yAmM6ms3K0Yu8+q+6tT3T9+VXKR0GQ0vhx9qfTMyNcJAAAArYPFNdEmjZcAOhY7weOcmfxncvt5+CfF7f+3wYn5V6vm1aDdkSOppc1k983kcJAEqveJEJXcqwgdwNozKutB9cPXiT+cbS7QNz6ij0dknPv6VMWjrhodwbtx+qhBt793fEO6vVTyPaBPM1RfiS7pOmZCR8dm5mfo24fFvR7j2HyBeJKO0KWFs3X04SED9/3e51umkbviBlKd5zAat5FEyW7/9Ft+9FZ7l/8yXvfIWLNVDQAAQFOwuCbapPESQMdiJ3icMxPeyjHS5J/nzVuAtkaOpJY2k0TEN/iyWNjr7xE/FOVy0w7o5chL+XejQn3+ZOWTOYg/eO+FMuyNfEBU7kWw/3kis7FISubPHOz1+GnHQvxN4CfacaybSU6dihezST5AVrM0Exftj854PeZj6/9T/Ky0p7hHyZGzoR2Jgcno0NTicuqoppmoPf5AJB6LRtXptWJhQ3myyKctGmaiuNX17F5xM6GI5yda7V36y5SUvsg6+kwAAKAlsbgm2qTxEkDHYid4nDATriKJlfdy5v0HY/weLegQ5EhqHTOpEGbTaK6lsNFGL9Zqak8Pj7o8fs8T0UPCf1iKsac8WijSN4qxVWP3/UqADk71Gk92J1QNyTVMycJMRBZ7sIlWdWzGHsnGxgCtWmZS9zmMwkyWwiGjH2QpzPpALt+7dpFWfBHpNQAAgNbC4ppok8ZLAB2LneC5cTN5/R/Jf3383JzLIPlkrTnXHoFHtFGoeFR1Sm8NgtZGjqTWMRP5JTeTXo/f9fglfTKgbiaE9SgdtlT74RyluDJIp+XJs0FoJwltuE+UHzVYOjWriHhZWhhW1cha8fj8Gmai6cfmDdLfqZXNxHjSYi0zqfscRm4m5amBdCU/Tqu9878MeZfIBQAA0GJ88803muU10SaNlwA6FjvBc+Nm0vuH4NYH8UNLJkg+WXt8fPVfq0lFlXtBdWoxFnnp6sM92qtRWpoxZzmCHEmtbCZKt5jAnZmWWuealpwcDdXxaP5G4g/LIsPcZyK4iNfoMyks+PQWv/FzTlcyE40dGx8JdqmZ9AszMT140Wwm2mtbfSYci78MAACAFgFmAm4dO8Fz42aiuP0rq5t8tIyR+eSP00b+/3mhN+dsQxqUNh9V1BQij9pt1FmA/76ps8iR1NJmQtruzxKZjbirR+Vm4gvOFdmDDuXH6fp8odh8nKShB+JHhYg/uLpHK+aZ/DThGXyZ2VwbGxwNvKY5vR7/dDxJcoam3uh9EVuhPv80fWxiWDw28SpmYhyb0kPf0u/xJwt7bB691CtS+RxG8bNTdZ7DaPSWuNx+Ns9kTZ5nIgqs2js/X/L3nOzop3ECAEAr8g2DL1tcE23SeAmgY7ETPE6YyWjwx5pmwvMH/VPS5raYHfRXPZa0PKremOM75FaT0TDdtfFwpKWw0j0zy568NBTZMN48rT+LaXWf/25lIrCinW3Okcxikv5rOv47T2nNwwb/OIkcSa1sJqtTIdJ8V7pHiuk5YSbswVnSE7cooUfiQVi9w2J2CvGH1bc0WoyHemna+dBD+t7ewZcLefr6LCOezeX7P1vlwV27cZLjejizHLi6mejHtsxCN/dqhrxk34SK8Vqlt1G+C6LZIn9fPJur9+kb8mryyQiPcMNMiqv0LUrls7lEcVV759nkizlb/plpAAAALQHRkh9++IEvW1wTbdJ4CaBjsRM8N24m05El7iFyy57nVOfb5tzLmneBqDGIpKaZlAWG/+QnNRN9d4ln6jRrLCaeqrO86XWxFujx8/vNilsdWhLTCsoNsnaitOZwz4kcSS1iJs1FnmcCAAAAtAJGbwlGc4Fbx07w3LiZELK7xT/827hsIH96HiMvSf51zURwnF5UPEG2WNtMjC1Fq5GaiXkgvjHKn7IUDqyUV3Ha0kyKr8KunpA59yaRI6lZZvKLOa8Gdr4GTQFmAgAAoKXgNoLRXKBFsBM8TpgJ4eTk7MXsz3IOf4hwg2ZC8Ii3X2Ym/iozuYh3sJmcEy2ZFKN0HEKOpKaYSa54dPDp1FpOfrH3NQAAAADaD1OHidaMayK5+JqzALCHneBxyEzq0biZ6NNz00r/HFs4VyQzWdCnLMujufivwi349dFcz9QIW5BHc8lmMna/oSNsPaiWmPNuHjmSmmImGgtxUpR1Oj7hc4cAAKBNsFP1ISHVTGfn5nm61wARiHSNZEdLNIfN5N8GJ2QV2c3R0VzXmAG/EKQT1hX6i9RB47b/6lRIYZOPJ31lM1mNVM2Ad4/y+e7yDPgYK9D75OXyrpgBL5uJVtpo3KBaiNKWOccR5EhKN8lMAAAAAABA2+ComRhT3uW0/HPZEJpLjVFYFfNMgKPIkQQzAQAAAAAAJhw1E4eBmbQUciTBTAAAAAAAgAmYCXAIOZJgJgAAAAAAwEQ7mwloKeRIgpkAAAAAAAATMBPgEHIkwUwAAAAAAIAJmAlwCDmSYCYAAAAAAMAEzAQ4hBxJMBMAAAAAAGACZgIcQo4kmAkAAAAAADABMwEOIUcSzAQAAAAAAJiAmQCHkCMJZgIAAAAAAExcaiY///wzb0ySBZgJuD4wEwAAAAAAYMGlZnLI5IRAFmAm4PrATAAAAAAAgAV2zMRIMBNwfWAmAAAAAADAApgJcAiYCQAAAAAAsABmAhwCZgIAAAAAACyAmQCHgJkAAAAAAAALYCbAIWAmAAAAAADAApgJcAiYCQAAAAAAsABmAhwCZgIAAAAAACyAmQCHgJkAAAAAAAALYCbAIWAmAAAAAADAApgJcAiYCQAAAAAAsABmAhwCZgIAAAAAACyAmQCHgJkAAAAAAAALYCbAIWAmAAAAAADAApgJcAiYCQAAAAAAsABmAhziJsxEcft58gXmzOsuo9ftN2ddhcRTNXZYfqn4oimW3TuVLueCtqaXh1+32jv40rzuEhqJk9PMfITut2dkNkW+JhuBnoYiGdxlckpf7dhT3OGaOSRavJNb5lUPahdiB9OOFoZFnUy+F7ObJXlV4wxdsdJeGFaVRwvm3I4hNTVKTn45oKYuzKsAaGVgJsAhbsZMRsdW9xLzca/Hv3DFi6B9M6nZiBzw+Ptj5YOEmXQgJISKhUwsEvHd80+mzs2rrbAbJ8exkCmHtDZIsy82H5+dCofemVaCDiP5UnGPmDMZ9czEYH289huvSg0zeRDh3wvFrcqrGueqZuJyj07a+p7dOZJ2zoubiXYY7522sTUALQPMBDjEDZmJXkGnlUcLRXbpKr2NKvoFbHo4SHtUgnHjLQN9quJRvU+i/Wwbch1lRkEpu8pu3OWh9/yOk9HebnELUN+Kk1OexF3ukVBSvK4yk9JqJFzedTra6x7NvZoR5VzkvHqxQ0usuFf0LnjvsOj5IWeRmacbk0NNnpY3oAUGyucCbhdZbpXuGfrvcEIrbZCPicVFqbeHfmTeRxGx0W5cfaiSnIXdDR4noulASRitLh605KPPFOL8Q5fDj2xWaTXijeV71aR8tiLwaISEsctnbqGCtkHt9uciQanztkQrlu6RgakNXRhYjttv5Ij4SdJK0ggtUn3xjXmtZUQsic/U/gaNor7g2Ot9vo3vAY1hpSfIt6lhJqI0bdLnz7CF0uYirVE9ao7fvE9HJ9PnvGrV9MrNdS84tkqrfaPSFhuT02TfGtfDmbH7+hehRI9KuS+OQbz0qJMr0oUj+VJN6PcL9Cq9d3xDk6rT6bfshhY5nux5KkbPfWH3nFfU5RMMvBl7NML/hvzbTXa0yt4nzov8SU3Vsn48nofizkKAlWB8GUmZQz56Ut5Hem/VRa73Hs2Z5IfEKpPJJyOsT6yUjPJuUnFIfKf6X/7cxy5q/JAIq1MhfrS5WIhXBfZvwwHQCsBMgEPcrJmUFr3P6RAFct0N6Xevk89HZnllnYoO/EQLjDz2r4ur3blSx0xiT/xKn96UpNS4vU1KJq2BxDOVt0e1KjPxutWBV2zfiRlqL9RMjF6dchtUcbMrzWG8l59Gfo4fJ9kgoV+V+eXHuNiD1qF8vb9IElPV6IflFx8ljQFjbVqs9YR4QJZioXpmUg5aBmnblV8wjlciXo9/aCqhZ5TDiXGudE9oLIz1IRzUoqUNQNtwxJqte0q/uKPR75ECktUb1TmG2cphw6sXErH9MRZ8esSS+PRFciwnMWQUxbkQdV1dMznOKR7dHATnop5MR3mUUg7j3nH9Bk9lpc2/X6tB1fhG8EqbbKO//Zz9BUxfAcHsoPAi9oeSqnRpjwt+lS6R4xlc5DvxufUrwsWal32XjV6pxFNVXRIXJsWtHz9Dvo5oVX071V/Gck8XuTRUXl+MWoWfbAX631xbCotq5jA+oH8uPr59YUGc3UVyrE/cpDAdHgAtDswEOMQNmsnFkdon2v3SJSEtterS5MJzrGkDUl3vYcvVZqJ6/PyCpFPDTNRuVs7KjMu4ilSaieIJL/MVh4u90xluJjyjhpm8Dk9meUZSCbzRTI0G9yj7Vy1irHCLwT/TUnZt8rHKR3ORz32hrJTltoviDtEg9OuGQKKijpmYVKTaTCjsNrbnCb/bWtksW5nhSqxK7UhyVOUNQNuQn9PdQDRzeV2hL7M7GlU5FmZCIlaKXnqzn8RnpMAz5OpU5NQ1E703Zr1qhK1hJuVK9XU4JLWa5UqbLJNKO/SgvF/e0U3yeT2piRPcCvX5YxnWuSwhFfWmokpfkva4FB57R4/H92KPZ8hXENoFqonuUI1/W8t/n/Iflq+Sm/6m46n+MhplUrGsnAlTvjrU+NqKv3nZTF6HjSMRHUqvJoyzWx8f4UVL9QwAd4BbNZPsxpk5C7QtN2QmY6t7xYK4qGgV15WKFhu/Isqd2ny52kx69RFWOtVmcmRcekmaztMss5k8iKwW6IHRdHxeaSaadrpF3+tR+cWLXDZmjY1LNKvaTAjr0Yjvvt8bXDNWgdull84zER8ZRw8DsVzOpx+iHEhiudpMTHdbq5qDEqU48W05zmknXo9ozYhjE6mqhQjuPEnSEjVqId7FKkuCbibmHCszkaOXVTtSfAozWRhW1cgardMszESPfOMxIS5yhJu0ljbMxKhjTY1m+ah45SznGN8R7/iGHtt8jJl2nE4QXY9I073Kb5R2p5n2yFdJG9QwE/105Dfyvw8/r+L+kclMNP14lHtU8Kq/jBWVA1m+oH/e0HyS1CVlM9G3ofP4PSNJepkzm0mKzjqbMArnOcZBGsuSYQJwB7g1M5n1q8rDYFWbzwlMNSlwhhsyE9NEQPkyRlv8vEn2LiJGcz0qewjvK18O+Fcrx3dVj+aq7EKhYwm4jTDEs3FMZuI1TQaoNBNyYKvyDb7DuItdAg1qmgmnwnDArVL9Wchtu/JaY6xXd3iBNdSOl8I8PDLTIkRLMTo0XLMxmquMKFY3k8M3JIqMt5IwvuozIcAdglZTxn33izUSCcfGeB5Kml/mqnMszKS3PJpLRGy1mZSjOjFjx0xmacDTLmv6mhxnlZmYRnPJlTYfD0l8m39rNGYCGh/N5amoFQ0U31xGXya1vb5sGs2VMPY4O8imhF3TTPTzYr3oJjPhkL9GptaXsfxsgBTrPloKSx1f4gCM/bLPhV0Q9b95uduHjeaqKLuwoF966EfGD5gcxrq8DQCtze2YyfLzkOJRz2rcjbZHms7eE+NfdbzmW911uZKZBHr8RXMeuA7OmwkdLX0vVCxk+nv0Yb4rM57Bl8VsMvY8JAZircx4A4vr2T2Sw8d30UuFxz8dT8ai/MKwp/RMFAvl52yWZ2EyXOwaYzKT9XE63zG2skUKoY9FMfWZ7C7wO52uhzM8gxzMLNnj/FzgNX1ZbSa+4FyxsJfZiBs3xcGtY20mpB3T/zyRLOyF9LFePo9feTBDYsnbrYqqL7/gevyS5twb8fIhgqUECdpkNrk8T9tYq0F1bCVDYlgvVfP5QoGpxdh8fOgBfyCYMJPlgBpJi1untC86HyflhKJvEvPx3mdi6AtoG/orr4CKOzidp414EnKklggNqvwyx3NoEOo5hplEHvtnN/d4zcYbwfQGvEeVI7baTEJ9/umNTCIS9npEDNcwE/psrr3E/GK5ke1WM4U9tY9Ki9lM2C2h5Y3M7FR4MlFRaYumeX6BfGtm6U5nXPw7wmZQqJH4ejzuezKnaW8CvjA5bHJU8kOo6FgmffCVUaUPTdHvAqlvSZ1f3FwThnBNMxHnlVyZc/WospkYx+Pl47jYl3E9u2V8GZVuVY0myXvJaS4fCsFY3qSXIXmEMF8gf3N+DTL+5kQ/XE8Wi5u0Wsj9NEEuapnNtbFBbmvn4kMcVD09Kj9g0zULgBbnxs3EIx4iIaXukfU8v2N8fTMZ8E9UPC3xYs33dKZpZpKYqXn/o00orXluY0TQTZjJXYTe7NTvtBEvsvPwRwAAAFdki3cltSCGdTiD4qmYrw9Ai3PTZrJWqSXBzL7c4kx4hudWd6/0OwCMdHQoVn4kBeH4p4npRMVYUgsuNZPEs4r7H+1HoO8W7qDATDh0+qY+dqsUDbHRDgAAAJpMdad6i+ComRxe9xYwALfETZtJotJMTErA1vbIY/rtwfteV2bE08rzc3Q07VKYmwmxFJcvvJ7NDNzz8/GpqanRyWF1LBJPsElgolO7x89/KYIPn0isvPF4/HS4/8XR2AM/n76slcd5075sl2c0Nh9X+/ziVyzoqNkZsllyPuwa1u+C3xGInDjccwIz0RE/GkCfvh8vj9IBAADQCThqJgDcNW7aTG5qNBeXEN5HGerzu56uGWZSvRkxE+MX8TRmJkRLjBlpAT50VStPBiASYvSZyGaityLF8NPqUad3ivNibCKSMj9p8eaAmQAAAAAAAAtu3Ew0PnyFOUnm9HR9PqqyH0Nd3adzNxs0E/7gES//KW7DTPY3poMh/iOphpnIzyVU3PQAjJe+SnHS6puJnifMpPgiaPQUS48nvxsUX4VdPeLnaZ0BZgIAAAAAACxwwkyGRKO/olehoacG62ZyHAtNZ9fEI0qEmRwRSRC/n/0uUsdMwvRhr/ozjsp9Jjo2zYTQ381OrSdIH4ZzdyBaMvnW6UeKwkwAAAAAAIAFTpgJ/f0vvTuigmv/0mL5GX/0gYPi4Rt6nwnJ8QYWkyuLSt9IfTPRSvpPCtB5Jh41Nh+fHp/w9dHf5E4+H2FPWtw6vsRM3niebeiZd4biqwnntUSDmQAAAAAAAEucMBNtZcbFzGSBjuBqBtLTx42HfxtmsjwepJNb6A9sJy3MhFnNyNg7ekixYJAcnuveqC/IfxAqxweDZS4xE+pFPBk/THEHKJV/msNJYCYAAAAAAMACR8yEcJoZC0aL+s8etQe9xs+4El5NtObTCVsHmAkAAAAAALDAKTNpR9Qe//TKFvtl7jc1xqqBSmAmAAAAAADAAphJA+xvePgM+G51enXfvBZUAjMBAAAAAAAWwEyAQzTdTI5Pzo9OmjRzCXQYmTz7EdYGyBUvD1EAavLp6JoPfzEgAYzaD1wDEjbHiBzQ2sBMgEM03UzQNATX5vSs0UlvJIbNWQA4BbQEXBtcOkGLAzMBDtF0M0HTENwiCD8AwF0EdRdocWAmwCFgJqCdQPgBAO4iqLtAiwMzAQ4BMwHtBMIPAHAXQd0FWhyYCXAImAloJxB+AIC7COou0OLATIBDwExAO4HwAwDcRVB3gRYHZgIcAmYC2gmEHwDgLoK6C7Q4MBPgEDAT0E4g/AAAdxHUXaDFgZkAh4CZgHYC4QcAuIug7gItDswEOATMBLQTCD8AwF0EdRdocWAmwCHuhJksDPtT5rwGSEeHluj/iju8YF4H7jY3EX4AtBrJzbw5C9xxUHeBFgdmAhzCQTNJK24/TR51bD5jXmlJ42bic/vLL2Am7Uv98APAaZKbOzxtfmiySMBM2g/UXaDFgZkAh3DUTIYTfGnBr84eVq60xL6ZENkwZ1G2ep/NqIlz8Qpm4jT7zEiD5YyL/YVhVZF1sUnUDz8AnCaZKuzzpaOD5PZB5cqGgJm0H6i7QIsDMwEOcStmoi2FAytaamp0clj19Edi80mNeoLa/zxe3EyQBbZRiTRe1WgyuTLn6lG5mfRKbVnFFyX/LgdUX3AuFn8zGYge7+8p7oliYa+4X3GcsSf+JC0/JF5XmYnP41/e3Ctmk4pnVGMiNOlTvcPR2Ou0lp7rHV/TjvfXI6HAKnWbQI9f6QsXC1sudpzkLBSPceT07fRM6QZ7k4HwND0zQNwkPtSjy8kFE5Ub0BLNKvxA5/IvVZi3uBnKZqKVktsf6f9nB9vZg9L+QXIzt0trqYPUTuHDTjF/cEJebG7uZHL7u9l8OndIZSaVL5UOt7Z2SDlk7f5Odmvn4KC4v/0hy81kb5sskOKOyDaHZIOseJndgbfcPVB3gRYHZgIc4lbMZH18JHZI2/Quf7zEsw7j3nHRil/wq3TpbcSlN177PaLPpNpMvJUN3Jp9JgMeuk15QJfZTI54UYTpfv8xM5PeyTTPIQep61Ta9WyNvqt7YoEddOIpPU5qJnrJQ2xHZA0vH1SwHyd/qMnUOe8t6Z0Wf+HmUj/8QOdCKjdZS8hL8xY3g2Em+Ux2p7LLhEgIG+FFFCWr550kt/aMDYo72SzrWD47KJCNycLW5s4ZX3dW4mbyfnMnladKc7aX397Xcts7ze2ZAU6Cugu0ODAT4BCOmgmfZ+L2D0xtaKxNbwymkpe5ORA9MITBGM1VbSbGNiKzhplsKf1z5L/jWGjsHcswmUk6ahwYSQumwWPJl7TP5OIoFZ0IrJwT65A3Jv7CzETsdNInDi/gU12+UPHCKAUwmJzcUG8Jp374gY7GkBPHtESjZrK3VzoqlQ4z29kPTCG0s6OtVJZPPuFmsrmjR+xBQZ6N8oHZCIcox37lCC6+bMxjoVNZSDlnR0SBiOoUPukjV8HdAXUXaHFgJsAhHDUTYzQXo8JGXodDhg0shYlCpCZHFY9o8S/4q81EdHQo7gk9h1JlJueJp+rYfDzGkuKZiB1WmclFwqv3kHAqp7Xkep9vlV+Rs/DHpZe1zYRDxy89qdgYaKeik+yGqB9+oNPhtZw59yaRRnMRi8hmDqhL8JdGn0nZTM72y8ualknpPSTaJ7J8xEow1upmktvVN5LZ3c6yoWLgLoG6C7Q4MBPgEK1iJocJYzTX7CCdFqKtzPCJHISh7iozKS3WGc1VISraYZwP5eK43P6Bn47MZkIkp6fCZyrNJNH/o9G6oCie0clU+ZakhZmwbh/aXQMco374AeA0kpmcE4vIHpXtokafSeVorn1jNFdx770+mktf+ckYzSXLTJl8PsNmtYA7BOou0OLATIBDtIqZaFpxNTrQR2cgTL/Vb6tf5Fwev9ITLMX0DpXSBs9RX+XEOK6L/d4eOkDI9XCGvFqdCtHxQo9EwdP9Fb0Wxz9NKO6RKjMhrQBWrNvveUhnyctmkgiOhqKiy0XMeznNxIJBuscHwePaZpL2dNPShqJbtW5oghukfvgB4DTGUKv3qV02lks7LBToyKt0IZOqNhPt5OM+2z67laV14C6d4L6zldk/EPXIySZbm9r5+F6M7Do7yOfpW7ayhSNtP5ff3GIju7aLRpngroC6C7Q4MBPgEA6ayZ1Ef9wWJXD/BidIgKbQZuEHAOgQUHeBFgdmAhwCZmKN2uNPZPeKhb3MxqJp0BdoQdos/AAAHQLqLtDiwEyAQ8BMQDuB8AMA3EVQd4EWB2YCHAJmAtoJhB8A4C6Cugu0ODAT4BAwE9BOIPwAAHcR1F2gxYGZAIeAmYB2AuEHALiLoO4CLQ7MBDgEzAS0Ewg/AMBdBHUXaHFgJsAhYCagnUD4AQDuIqi7QItz82aSX1MDYZ5yFyJveSrCc5Z3yz9xDdobmAloJxB+AIC7COou0OLcuJmwH66mP1NN0qT+e9de9jPYJPVOpSu2Bu0LzAS0Ewg/AMBdBHUXaHGcM5NKCTmvlXlVckrfS3MeaFWabia54uXbAFCT0zO9A/e6IPzAtfl0dGbOuiKZ/OHRCUYcgCtDwuYYkQNaG0fMxKMOBCaIhwy92md55y6qJarH05CZJJ6pgUd+cy5oVZpuJhprHZKikJCumnBtBgAAAFqQGzeTzPSoulQybIQsFF+FuaWUlsK90xnzG2xysaZ2+4svgrFD8xrQmtyEmQAAAAAAgLbhxs1EgssJTXrnyfWJPfErjxY07UjpnxNZS+HQ1Kg6tbiQpK8mfX41Eo9FZhRfNMUGboQejMRWtoqba+QAjHKAY8BMAAAAAACABU6aiZZ8LuacNDrGVtN8bv/AT7Tx6nKPiKylsNITNjZQ3KN8waVvaTDd779uTw24PjATAAAAAABgwc2byYVoYvJBXAOBCX1YF+X4mtNQt7jh8JTghSyFJ8uTVmjHSDkNJ0hWZv6lp0fk6A8JA84BMwEAAAAAABbcuJncxAz4xFOVjdjibClP4seayUz2FF+0vAnhXcQXyfHF2UGYyS0AMwEAAAAAABY4Yiai70L0k2h6/4ly3acGD3gqJooo7uB03mQmmrw7yuvwwCvxNB6fB2ZyC8BMAAAAAACABQ6aiaesCqWlRswkV571zog88tMfNqk0E+1iv/eeSncxHE3kacaQj7509YVKsRDMxHlgJgAAAAAAwIIbNxMtv6YGwjzl9Fkly1MRnrO8i18V6BRgJgAAAAAAwIKbNxMAGDATAAAAAABgAcwEOATMBAAAAAAAWAAzAQ4BMwEAAAAAABbATIBDwEwAAAAAAIAFMBPgEDATAAAAAABgAcwEOATMBAAAAAAAWAAzAQ4BMwEAAAAAABbATIBDwEwAAAAAAIAFMBPgEDATAAAAAABgAcwEOATMBAAAAAAAWAAzAQ4BMwEAAAAAABbATIBDwEwAAAAAAIAFMBPgEDATAAAAAABgAcwEOATMBAAAAAAAWAAzAQ4BMwEAAAAAABbATIBD2DeT0ieYCQAAAABAx0FagKQdCDMBN85VzOQEZgIAAAAA0GkwMzmBmYAbx6aZHB5RM/lYOja/HwAAAAAAtDWkBUjagaQ1WNU+rJFgJuD62DYT0W1ydnZhLgIAAAAAALQppO1nv8PkEGYCGuFKZsLnwZuLAAAAAAAAbQqf+w4zAU5g30wOdTkpfTrmz+lCQkJCQkJCQkJq18QGcV1NSw5hJqARrmQmPPEAZemk9AkJCQkJCQkJCamtEmnjGe296qagdYKZgOtzDTM5rJATJCQkJCQkJCSk9kzVjcBLE8wEXJ/rmQkSEhISEhISEhJSdYKZgOsDM0FCQkJCQkJCQmpWgpmA6wMzQUJCQkJCQkJCalaCmYDrAzNBQkJCQkJCQkJqVoKZgOsDM0FCQkJCQkJCQmpWgpmA67O7uwszQUJCQkJCQkJCakqCmYDmADNBQkJCQkJCQkJqJMFMQHOAmSAhISEhISEhITWSGjITl9uvVCXzRqAzgJkgISEhISEhISE1khowk+RL4iEDgbBqpEcjinvUvNkVOC8mF10eqje+QDSRN6+2YNLnn93ILLw7Utxq4K15bVNQPCFzFpCAmSAhISEhISEhITWSGjCTpbCph2R9fETxRRfGI4lDOdsuCwGVFDg0PheLRl2e0GzJvIEFHv1IFM9IKFm5rkkonglzFpCAmSAhISEhISEhITWSrmkmxR9DdOyWZ6TcYRKgojL2jkhCcPoq3R2C/JwyuHgVGamgsb6aurhupti2BGaChISEhISEhITUSLqmmdDuEWIm/ricSXIS5F9fNCXn2iM1NUqsppqFYJAU63k4E8uc8hzFNzc9HKSDvrpHiheadrg2OUi34R04RFEm03Sz4mpUmv0S1rSEMpzQS030TrGNtERgRRvoU5VHC+TFWSbh7aHbz27SfS0/HeVvp+toyWH+ZrJ3TzexMnV1/5znDLn9uVcRsqVLOs5OA2aChISEhISEhITUSLqmmdSc+07dIB2tKRiXMunzV/tMLhIce8db/7nII3/igi5xA2GUlPsRvmT0mehmcqT0vWQZybH7fPvaZqK4VT2zDDk79TVdkLtiuJkknqrGMLNAjz/HFoiZLPDMtxFjXFmnATNBQkJCQkJCQkJqJF3LTC7Wqp2EpsFF4g/mje1B3rhsztMC3VJp6ajvxZ4m9V3Iy1Vmsqf4oizjEjPRFxj7G7336VwXkoaWaEa1mfhk8VgKB1bo/0PlzIS03FnATJCQkJCQkJCQkBpJ1zGTUoxNMqlKxBz6r9suXx+vMXO9ATOh/R6Z0mlifFTx8FWXmcnGS6/HPx1PFgt7vTCTqwMzQUJCQkJCQkJCaiRdx0yGqpyEp5J2rgwumre2S0lxq/2RLTkr9yIYWKkezWXLTNQe0zCttNI/xwdfpSZHq81k0udXHvBulnOLPpPEMzWiz++XR3PpW8FMkJCQkJCQkJCQkK6TrmMmarf/zJxHKc5PRArmzCtwsZ+MRsTvmfzpTZHlrUboI788D2dmN8X0DptmEvLpyuRRc0xpVqdCXjFzPV1tJmTvy+N0Jn1vID52X5hJ7tUMyYlkecliX7FgkJezvFueAc8XYCZISEhISEhISEhI10vXMZNSgrbXa6Zj87a3xEXa9SAcm4+TNB0Mup6tmTcAzca+mXw6PEVCQkJCQkJCQmrvVN0IvDRdx0xan+WAf914cZFuYIwZsIsdM2FhelL6RNPH0jESEhISEhISElL7pdInkk5Iq++qftKeZqJp50MP6VO2XPdGfYE580pwA1ibCVdnEqNHx6e//GJ+LwAAAAAAaCdIe4+0+pifXKH/pF3NBDiNHTMhDm1+GwAAAAAAaFNI2w9mAm6By8zkpPQJWgIAAAAA0FmQFiBpB1Y3DmsmmAloDpZmQvvy0GECAAAAANBpsGknxExsdZvATEBzsDATPsPk4OOR+T0AAAAAAKCtIS1APtukuolYnWAmoDlYmwnRZZgJAAAAAECnQVqAfLZJdROxOsFMQHOAmQAAAAAAABMwE3ALwEwAAAAAAIAJmAm4BWAmAAAAAADABMwE3AIwEwAAAAAAYAJmAm4BmAkAAAAAADABMwG3AMwEAAAAAACYgJmAWwBmAgAAAAAATMBMwC0AMwEAAABAh/P8/en/49v7i/ZN5OzIOZpP2xKYCbgFYCYAAAAA6HD+y7+am/Ltl8g5mk/bEpgJuAVgJgAAAADocKrb8W2ZzKdtCcwE3AIwEwAAAAB0ONWN+LZM5tO2BGYCbgGYCQAAAAA6nOpGfFsm82lbAjMBt0CzzGTw77p0Pv/NH6beH5o3uBI//HPX4HtzZqOcbH/79Zf8EL/59cMT82rn+Lqr6/+a867Ee/LX/m7WnHsdLnJ/ePaiIj1fNG8DAAAAtDvVjfi2TObTtgRmAm6BpprJd3z51b98Q168Oq/c4ipc00ze9H73wpzH+fjiu66uL/K6jpy8/6FitS1Ouv5u0JznFKFfdzV977OTREV+5J/S+lys/9mLP/6J+8mPpi0BAACA9qa6Ed+WyXzalsBMwC1wE2aiafnhb7vqSYIdrmcmb//wdb2d/uYzcjwfzblX4nCq6W5gn99+1nQz+UQk5H8v5fiLUIg6iaZlp57ThUSpclsAAACgraluxLdlMp+2JTATcAvcjJlo7x9//fVj6hbfdXW993/zeVfXl3/75TZbRV90dX3/+++/+rzry//3B0MXvvms6/O/+w3P/+5/GGbyXi5We/EdL5bybpiU8+3vvv/yr7poX0g2Mfy7L7+9PzX156mpmElr3pL9V+Yw3g9+3dVlvCI61NX1NVv8SJZ++/vvycF88XnXW7JhjBTb2/W3vyWFJ7J8c7oN2ftv/u7zrs+/GX4nCiEldD/+jp7Ir0nZXT/88xddXZ+TcshJd+vjpOjfhC8dvqdHS9LkQ1LYaJ7mPfyq68t/IH+H335L/hC/GtXY3r8lZUl7l82N/jk/E7so29f7wS/dD7s+/4oc4W9/9VVX1xciX2d99kfaPfLnNxW5FwW922QxcVGxBgAAAGhjqhvxbZnMp20JzATcAjdiJh9Dv/msa4pNNSGt8K/7y55wMvmbL70J4yXZrOuLbrq02N31P0JGPmlKW5sJKadLkgoO0aHafSbvB2t3ONQzE7IX6Zh1fpAKeUv8IaRbwNt/+co4GGpdvxYnMvxN11d/eCs20l51fSZOpGwmOuT972sNfjOKJW+RT8Ewk6l/6ur+2cgub09PuetbI7/3b7tMw9f+N59V8uc1OXNivDzh5I+LojsFAAAAaHuqG/F6Ol7VtP/5R6Nlf/7YvIHt9PTTEbvrF/n5wLzq0hQ9denH0Egyn7YlMBNwCzTdTE4+bn/z17R9zvNJkzokzYb/4XddvdJtejp9gvVmvO//+tsA6zJgkJa0tZkwizD3A9Q1kxffXc1M8qGuz74x8nUkM3n3kLyxPIf+Te+X+ktSxDd+3jlEC5TmqZdPxGwm52TVV3KGwaVm8tsu2qVj8BvjZaWMkU9nOGW8ovxRNxDpSQBn/dJU+D/Oi74hAAAAoO2pbsTriZpJMXWot+yvbyaRI21s6dPfzx1PLptX1UmlSFRf/o9zNVS9wZWT+bQtgZmAW6CpZvLV97///nvv4EeptWtqhZPN5Jv3xCV449s0sUR6WdtMTIPHOHXNJDVs9FdUUM9MCPm3n39G/epbr3G8kpnQ+fRyj80PxmnSw9KPofKk6poJOYa3UofJl591ffUrOnCLpEvNRD5+Tf7zEjP55/JfmuSb5u2MGRLypx81bY8ts/Fdenqa+FTxBgAAAKB9qW7E64mYyS9EKv5GtOwNMykmWWsnmT6iL1+dCYuYOdVyNGfsQOMLRipqv5gK//ufz3gJvHCSIge/0ELP6ZZG84uuWi0b0T+yRkNx7+QfRS/K4erbkuiNWf5o2oUp6UXaAmYCboGmmkmN1n+1mfDZFJz3/WUzMaZhaKwvpaaZnIz/RjKT8mglTl0z0V7ZmWfCOnB0MyGc59/+e3dXeZxVfTM5/+G31zYTU4dJZXeNHTOR/pzaw6/tmsn8VFlC/vP0bGz+ZzG+S6To7E7F9gAAAEAbU92I1xPtM/nL2FnyLW30G2bylz+fJ//z8G+e7u+c8/ceJd/RMVp///5COz0jC8sXGs8xUuRE804X5Zwj7RdeguiTCR0flc58s6X/tXJMX0Z12/FVmImm/fJfJz7OkdbZEd0RMRPt4pd/nDr4YuKTpl3I5Vcn82lbAjMBt4DDZnIy+Zsv3K+MlxXzTP5pysj/tjzPJC/bwvC3XdxM8gE6J9zI59Q3E9qCr/Fsrvzot9Lh0RJlM+G8+E4fnWWeZzKsD3cyzTO5kpl881lFhwk5r/IUf3rul5jJ1D91fT9vZFfOM7E0E+3wndxD8odnP47NLsbepZ6Gac/J2H+gwwQAAEAHUd2I1xM1E7KwfK79pWQmPJOmn88js6zRf3rm8u0ltV8mD+kq7eTsf5qL2vtvS6dkX94JUXLyLROVn0k7gHaSPC5UHkZNMylnHhLV4QvFtBhsVj6qOsl82pbATMAt4LCZEP47m4VCn8H1V3WezfVXXb2//9JoSX/31/QRU/xZVYPq90bD/ePPvV3sCVpf/vXnIuuQDn+iI8p+NyzeXOYjf4bVl3/7JUlGC579zgl9sNVXn3cNu78wZsB/82v6YC6yU7KlcYRk+Te//773z1xU9Gdz/cMXlc/muoKZ5P/9v3f9Q7d4PJd47tZ7flL0wVyfffOlfpxv/0Dlx9i7XPIX7Lzos7nkJyNfaiaatjMfM8kJyVyNRv8wvmTeFAAAAGhrqhvxehJm8he+j0Q2itVmoqe5U9pJQkdwRc/GQkerqxXdI3LSpeV4dbUiH2YCwC2YiXayPeWl/RNf/MNvpAkpmrb9f79gDxT+5vdT+cC35ZZ0/hXN/+zzr37VTcdflbsUtOHf0Z90/PzLb4xyvv8H2lD//L/2GtsYnGRfff0l2wH9DXjWUcP4LXvLt94pNumFmUn2hy/Flp93/3t5hvmrx/SBYL8dF+On8ovDdC7KX331ShpQRf8Kts2ET7Mx4G+c+j09qa9/1f3DNp3gLt59npf3Lpd8kprq/hUt55tfPxRZmi0zIW/9sPSTbCbx+QU6uAs/ZgIAAKDDqG7E68kwk72kphlmMnlIu1DkLR+TZn/ubPlnsny0miZyUl0UT0Xt6Owf6ULpaKdiIsp/27zwyQ/gqmkmvqOdzU90YeJ0RxzYnTWT49czittfmcLFVNq8HegkmmUm4O6yvvIfEy8WSVpPVw14AwAAADqA6ka8nspm8hd/PJSfzbV6JGarf8FzZqgqcF2pWWCSbX90dG4ozd8s08FdpISdbaEoc6XyDHiSimxeO12uOQP+Kc+5s2aSmhqtNhOS6QmUf18CdBowEwAAAAB0ONWN+LZM5tO25NbMhCxg+EbHAjMBAAAAQIdT3Yhvy2Q+bUtu00yuLyfpqGd4LjYfj0Wj1y8E3B4wEwAAAAB0ONWN+LZM5tO25FbMxK8GwjyF4lc7XEE62julz1RJRXunMxVrG8PlHjVngWYDMwEAAABAh1PdiG/LZD5tS27HTIxUFowrIZtJumwm08NBUubA1AafuzPp8xdfv6Q78qgLu8bPN5z7HqjUjuZ1n1kKJ7RTb7ff9+L98lNxtAtSgZ4HQfprmaB5wEwAAAAA0OFUN+LbMplP25I7bianpV6PGM2VeKYusKVchOjEiMbMZFp/sqrP46f/5ed8brZANnsRDKwwXVkKKz1hsZ2mKUafSTo6hJ9YuBlgJgAAAADocKob8W2ZzKdtyV01E6MEXzDO8wLdQjmotzD9oH0m+jtmB/0JTSu+CJbF4yLherZGF5bCAz+V28HSBmtKX9lYQBOBmQAAAACgw6luxLdlMp+2JXfVTMQbS4suvzATn9tfLOwZSWNmYrwjNTm6wPpVFLchG2nl0QJVl6XwpHQUZTOhnE8Hg4oHM0+aDMwEAAAAAB1OdSO+LZP5tC2542aiaWN9/nU2q4RYx2TKmExCIWZiKAfvRdHyC2JYFxvNpSbEaK76ZkLhVgOaCMwEAAAAAB3Of/lXcyO+/RI5R/NpW3IlM/n/AYywCzKGOW+7AAAAAElFTkSuQmCC" alt="Screenshot" width="100%" ></p>
<p><img src="data:image/png;base64,iVBORw0KGgoAAAANSUhEUgAABDMAAAIGCAIAAADGMlPIAABqSklEQVR4Xuzd+3sb92Hv+f4HOT/tT+fpPrWTc9qmTZu0TXPazZ49eo573M2Ju9q4SdZ1U7WuvUkfW3l67PpynNTJKq4QiTAsUhFpUrKsS0SIsGhKtCnxYsoUJdKkSImiBFO8ybyJoiheQBG8gSBnvzMDDL6YIUESHAw55Pv1fCIB3xkMAHIcz8ffGeA3HnmnmxBCCCFkGyVP/NkljXQ9kn9HvaH/aclvvXMnef20I20/8Vx3HslPrPNC5fDE7ML0/GJkQYkuKosKsMVNz8wb+Q3LPzOEEEIIIVs6m7iZ/M9LD2gm2FaSmol5IZCWwZEp8xAAAJvS4qKysKiIQ/+Z+cVwZCE0uzAyHb0/Fb07OT/wcL7/4XzvxPznoUj3eKRrfK5zPNI5FukYm2sfnbutpS2ez0ZSxVitTXtU+9hch5pIp7bZO6GIeIqeUKRvIiKecXByXryAB9PR8dkF8ZJmo4vzajMRzC8e2GJoJrAfzQQA4CILi+LQf3FuYVGUk8m5hfGZ6OiMWgxEPRgKz98LJ1pK/0O1PIiuItIzodYJNRNqRLtIHXU1vYFMqCWkdyLWQ0TExgfDaiERT6d3krGZBVFLJiOL2oTJYlStTzQTbH00E9iPZgIAcBFt2kQtJ6IDzEXVfjIVWRAJR0Q3WHg4tzAxuxCajYqI0iIKg/qndmNsRq0Qo1qTWTFiTS3iRnwj2p+h2YWJOfVZREQVCWvPKwrJTFQtS8Z5XNQSbAc0E9iPZgIAcJdFdeZE7QARvZ8sLM6qFWVBtJRpLWpX0U730huLnsk5LVqB0bK4TOIraOsbD9c3NaVtXH+WGe1JxVOLgqS/EmZLsK3QTGA/mgkAwHXE0b8a7eQuraWorUBkfkGdTplfEDdivUWLemmKHn3RaiI/ythUfKn6LPozRrUXoIVOgu2FZgL70UwAAG4XKyqmaLMrKaK1mqRY11kilicCtieaCexHMwEAbBPWUrFiACyHZgL70UwAAACwVjQT2I9m4nbjs4uDUwt3wzZEbMq8dQAAgKXQTGA/momrjc4sWgvGeiI2aH4OAAAAi/U2k7moMvAw2jYy/9kDLSNGompGpYypaR9XP1PPvBVsLTQTl4osKNZeYVfExgEAAFJYVzMJzy3+VvbQIzn3Hzl4/5Ff3X/k0PAjeSIPHnnnwSP5I48cVvOlgsG/rZjcVfHwi+8NP3pi/NEToUd/HaoamDdvC1sIzcSNZqM2T5UsGfOzAgAAxK2rmWR/Opm6mfzHgsEnPxodnVW/QujxM/eNZvLoqQnztmzyzy+9/P2/+YGIeYGt9KfI9LO4F83EdSILil0XlqQOMycAAGA562omv/X2vRTN5LcLBqoHIhNz6rcELSqLo7PRR0+MGc1kLDPXxf6Xxx7/rS/9joh5ga30p8j0s7jX+ptJoLhSTk2PPtxvGg8lP2qr2ulrMA/ZzVohMhfzcwMAAGgy2Ez+oXJM1JLogtpAxP8m5hYePZ5oJhm62oRmshmsv5l4vH7foTOxZPsLW/ThoMcXiI8Hsnz+geRHLWHggx8e7zYPKspb33nWPLRuL3zn2Z3xvPB67njUvELaMt1M5qKONpM5+34yAABgK8lUM3mmclRUEe2bT9UvFYpEF99tn5PP5grTTLYuO5pJSeJOS2WimRQF46ODFQWraiZ7fvHszh+dMg1nppm8Jt9965lnm2fkgfStq5lEa+vNQ2bW8pDpmF8BAABAhprJE4GhoSntHC5NdGHxbPfcl6Qr4GkmW9umaiaBASVc7T3alTTsQDMRr3DnL6qTR9K0jmYSGf9or5PNpPDs2BfOhq3jpphfAQAAQIaayfM1U+OziWYyG1n8q/fvPnp8nGayTWy2ZqIoU6ZpE1MzqQ9k7/zOs9995l9/Wdqqj+T/IGmFt7777N9LZ4WJEvLrXmlxfNA0svOfP9BvvPCdbCU68cO/UU/0+uHxNn1w6NMPfvnyS2Lk73fviSSf4DRUe+q7342dFabIzeTTbFPNML2R1tLcV3f/WDzw6ef+tX9Gefr7iRPM3vpUXjEhxUdyNVwc/0L+mMg3zj78aMS8dMmsspmIJzW/DgAAsO1lpplcmvn84eLCQqyaTMwt/KfjAzST7cOOZnKmoak1lo9KE83kaE18vLHw0OqbiXnaRD6gf2vXs3ci8Tvhhqezm8XfkWpvpXQu1tO+7D3feSl+b2rJSQxLM5kw5kzEoqd9tfKyet+PK+8n7orX0B+/3Zz944BUe97a9eNVNpNXv/us9eKW/sBrqedMUnyvomgmDfrta6Ev5I9bV7Bmlc2E714EAMBeA1Ul6hHMqoVu1Xi8/jLT1bjj1wO3kk9GH6zXD8OyjjSufNy1bnY2kz955/O/PNb9h3m9f3C4/722hcGwVk60ejI6E/3Gybupm8nLr72uH+5fbWo2Dv1Ffpn1ViRiHDkqf/GX/11eKrLzye8ZS63N5JH/8Lv6yNf/7Js9Pb2//9U/0e9+76m//dLv/L6xkf/6375lPES85veOnzQ9y7/+bI+xgjGo341Go/Ka4q6x5va0/mZim3gzEfZ8V2ojiQP61qdzY/MksUWx1Saezo+Piz4QVQ/xY+Wh61TZeGyJzNRMAi8+eye+I7xgOXnMmE6JmxI1Rt/Ld/6gIGlJtGFVzWS8Ys8nS/zYV2wmKT4sON5M5l/+9dijH8b6xr9eDNfen6v9NPRyl3r3Tmvo3+ePNdybLbw2dddoJpPT/z5lPxFPan4dAABgHdbaTDzecvPQkuLNxBm2NZPfPth3LDhb2z93uGXydwuG/umTyU/vL87Mx2ZOxLG+t3lylc3ky3/wR6ZW8OT3/kZfZ1+Wz7RIT25evr6CqZmc+aDEWEfUEjFiNBPrs7xTcER/lCgtpkV6rl2P/WaMEf3uPzz7Q2Nk1zPmY9BtaHM2E3naJHFA31v0y7rYTV3Z67FFO587dUe7Ue/TRj4/pW8qUVGSJZpJNHIpkL3zGfVErPgi017RK58bptv53Vz9/1AsV6cMrqqZ1GXLkzyGFZuJtTYYMc7m+ptLU7fNS6e/8cmMuJFdNPa/fJQoIXozEX/emDRvzRTz6wAAAOuw9mZSaR5akkubydvX56Yj2leXLCqNg3NfPnz/R588/HRo8W54UZs4WVQ/NVj6PpMUzUTk7595bu8v98utQKxQV/+pPGLKjdabSnIzMWZLRLq6YweCRjMR+eoff+Nn/98v5I2YXoY18/Pqt9fLd+Va8tTf7jLezna2OZuJIk2bJA7oP1WvMDFFLx75P3j21Y/UrwTd+d1sfd2dr32kPlaae5GJZjI+PqHF/PYtJ3o1WK/62Pmd17SXOvhCYNC8aBXNZLm+tGIzWcWcycLdkclv54/pg784O/7oe2pd+erFaXH3G6K3XE88RG0mx8e+8G7IujU5zJkAAKCJhMbHREZaKk9cC4v7I7XlDd1DXfWVORe0f7EP1hdXVRbXtHaNKs1Ffo+/PqeovuGWOFQYqfGXdg2P1RWfKdO+9i3WTAbqfcXGRbmSYE11W39P62XPqdZZRRHP6PGWiz/FErHZioJAXZM6bvSQXJ//Rt9YaLgnKzugj3gK6k1nc+WUdiQPRHIvxL6BLm22NZP8YHR0JnbulvizcWjuy++q5eTdtuidicXx2cX3uyOrnDP5deFpfURsxzjo7x8YkBuC8Shj5Iu//Xvi7o7H/lJeTc9nbbeN9Y1mInqLPtLR0Slv1rj95a98zXjU//Wd7+qDoofI68iZnl7qP1lvS+tvJrZfZxKnXgp/Jyo1k67YTIhVpNqrnlgVTbSIo8+pj9r5eoW8msFSPxIsi1LMmUxYLmKRRizNZE/8jZgujDGs2ExWdZ3J4MP/rDWThk/GC/WRybDeTPb7l5gzufv5w298oi5dLlxnAgCAJOo5YD63SjQB9a/B+tyq2H+yVJuJzzrRMaivoDaTgUbPkUbz8mQeb6U+tWLMmYjNNhv/wVBvJgutORXx/056p2a5ZqJE+rM+MMpJxJN3UVqWJtuayUufzNweX5yPX1gyG138fy+MfP3kvWeqH37Uu/Dp0OI/Vk2sspn09vYZg8Zxf19/v3H7m//HfzVW+NrX/8wYV6Q5EyNf+drXjZUVqZl864mdxqC8BeP2v3n2GSsY0zVf/7NvyusYka91gR3NxN7P5kr45Q+e/eHx7kQziTbsqV7m1Y5XvPqdl/SLTHR3jr8UUSascxo6S/1IsC6yfMWKdJ3Jc6ZFrUnNJPkipqeNNzLwQXrXmTycS9VMPro3e+Pe7D+o0yAT6mBw4m+aZu5MRn4RiM2ZGNeZFNeq/SR+Bfz8FwpSXTEvntT8OgAA2LbaLha2qBMmwvxQ0Hcw4PH6jWZinEylNhN9UBUZaq33HfCLNY1mkpXtL+5c5mrniZ6cQ9pml2omiWMl/enkM7jit5doJopSVuBXzyZSIj0VJTcmlnnqtbCtmXwxp29vQ6Q7tDipntOlLhXl5Klzw48eefDbh/t+5/DKn831L6/8T/0o/8GDEWPQOPTv7eszbv/192OXnQiiYBjjylLN5Mt/8EfGyoJxeYm8EXkLxu133zturCDKkj6oz8yYnkLkr/7vvzZWxmZuJqID1Gf9057diTOy3tq1xEda6UQVCfyzfO5Wa37gVNL18hJr/TBYFzVn/7gs6QO4Ep/NVfmLZ+tj/++kL5I+m0t5IF+FMl6nnopm3P0fS302l3Kz4FcrnR5qbQ6ZjvkVAACwXd0oDniyYyWh5pjfczQ26ZG6mRR4/QU1+gHz7cSciaKcy/NLBxEJngMXYzdW00wWWnOrh2IjA6maiaKVE0/eRVtqiWJjM3nk4NB/fm+07t7i/fh3LIo/j96a+tq7fY8eHXv0vTEbm8nv/P5XjRVEVTDGFamZ/N4f/rEx3tx8zVh/9c3kb3c9Y6yQf/hdffAv/vK/y+vImZycNNbf5jZ3M1GUcK18QK/0Vux8Zk9z++D4vbbm2uoffl9qETcLno5fZKJ7+gf/lPicuGTW+mFYYlH0wc7v/tMLWR+Mj0+cPbLnuy9L8yThtp3ff631c/WSlcpA9v8o6ZXP7xL1I1DbNjQ+0Vr70c7v/PiX0hsJtxwTbyS/tFZ74LH4ZXCDO3ftFSOt7Q+MNU2szSHTMb8CAAC2qyxvwJgwEcc2npPX1VsLHambSa7Xf7RBO407eFFuJqJIFNQmDqQNnkM12t8jq2omypjxRGKzqZuJEum3q5YodjaTX93/4q8Grw5FH84lmsknA3P/7def29VMfvKvPzPufvWPv3GhvOLLX/maMfJ29kFFus5E3P7DP/5TY6lRTlZsJn/6Z/+7cffxb/3V2XOlf//Mc8ZI2231khV5/WMnEp8v/Bf/57eNbW5nm6iZYBVSXGqSiXCRCQAAMS2V2hlWWsRBzsJIc3GpuB1oGkrdTJQHrYEj6tlZDUORpGaiTWIMWP4bYHtVmVj5RFV37qqaiRLurFdfki/QHu5ZoZnYyrZm8mjOYEXv3Lz2DSaKVksm5hb/nw8fPHr4vl3NRJF6hSl/9Kd/rq9v+tTg7jt3jHXqP1X/w/OKzUS+a8rTf/cPS65feLrIGKGcKHY0k8Tl71q6RvXhMdO4+iESsIO1P2Qu5ucGAADQ2NZM/svJofvT+ucDq5UjurBYe3f+S4eHHnl31MZm0tPTa2oLeobu39fXt37T4p/8p/9NH/mPX/6D2stXVtNMys6Xf/WPv2F6ii/+9u/pHxlsXV9J/oTisTH1I9i2s/U3EzhseNrcHzIU8UTm5wYAALYaqCpJTMXoszEuYVszKexYmJnXL31X5kUtGYx8KX/okSOjq28ma1L/acOvct9pvNpkXmCri5/U5OUfLv2ozLwAKdFM3Gg26sQ5XeZnBQAAiLOtmXia5j+fWIhEF+fmF2v6I198Z/iRwyMpmsnD9TUTbGY0E5eKLGTwtK4IrQQAAKS0rmbyuweHjGbyzcLR8v6FOxOLnaHFZz8aeSR/hGaybdFM3Cu0/NebrCchvsAEAACsZF3NZGJ2Uf5srt85/OBrx0b+Q/7wI+88SN1Mjt6eM28LWwjNxO3GZxcHp8ztIr2ITZm3DgAAsJR1NRNFO/3j9sj8Zw/iGTESVTMqZSyW8DxHKlsczQQAAABrtd5mAljRTAAAALBWNBPYj2YCAACAtaKZwH40EwAAAKwVzQT2o5kAAABgrWgmsB/NBAAAAGtFM4H9aCYAAABYK5oJ7EczAQAAwFrRTGA/mgkAAADWimYC+9FMAAAAsFY0E9iPZgIAAIC1opnAfjQTAAAArBXNBPajmQAAAGCtaCawH80EAAAAa5XUTMQBJSGEEEIIIYQ4H+ZMYI8HDx40xZl2LEIIIYQQQtYUmgnSZ9QSmgkhhBBCCFlnaCZIH82EEEIIIYTYFZoJ0kczIYQQQgghdoVmgvTRTAghhBBCiF2hmSB9NBNCCCGEbMKc7Zz5d/ljX9je+XpRyPRj+WlD27OfXHcyVwfHrL+dFKGZIH00E0IIIYRswlgP07dn5HLifC3RY/3tpAjNBOmjmRBCCCFkE8Z6jL5tY/xMrJ3BmVh/OylCM0H6aCaEEEII2YSxHqBv2xg/E2tncCbW306K0EyQPpoJIYQQQjZhrAfo2zbGz8TaGZyJ9beTIjQTpI9mQgghhJBNGOsB+raN8TOxdgZnYv3tpAjNBOmjmRBCCCFkE8Z6gL5tY/xMrJ3BmVh/OylCM0H6aCaEEEII2YSxHqBv2xg/E2tncCbW306K0EyQPpoJIYQQQjZhrAfo2zbGz8TaGZyJ9beTIjQTpI9mQgghhJBNGOsB+gZGGZ+1Di4XRYketwzqOT6urGlTeoyfibUzOBPrbydFaCZIH82EEEIIIZsw1gN0I99uiw7dm91zMby/Y/4fLUtjaY2aR9aRNdWJDWkmP2loC8/NH/6s5+bIRO3dEesK64n1t5MiNBOkj2ZCCCGEkE0Y6wG6keNjyrctg8kJ5Y8olsH0s6Y6sSHNJD/Y8+m9Meu4LbH+dlKEZoL00UwIIYQQsgljPUA38u32aM/nU9+URsqnFGVm/psfTinR2FSJ6ADWB+7vnf/rD8a++cmsMjGXtOijuZ7Pp795IbznVkQfmVEWX7oY/seL03oFEodMe6oefuWDSTGur3AjqsxMRL55YUaJv9SaOSX/0sM9ny8YzUSMxJ9i9nZ77FXFm8mU/oKPjywe/yjpRVpj/EysncHITxraJueSVnihtvVC7/0T7f0j03NiqVxdHs5GxJ8f9w/PzUd/ea3D9EBrrL+dFKGZIH00E0IIIYRswlgP0OV85cPp43ejirL4Fe2uMjf/unZDVBR9hSWbiRFRHpJHppXowvMfGHdjRSKxfrzJGGVDjOhPfWMhPjIXe82raSav313UX/AX8sPK2AqzKMbPxNoZ5Igq0v9wWrSOoq678njN3QeHP+sRN8Jz82KRiGgs+t3Ld0ef1SpKyZ1B6waNWH87KUIzQfpoJoQQQgjZhLEeoFuTc3+x/BP1hnxsoy9aspns/zw6s6CvZb4KRSwSPWdoWGsgV+bNzSR+Cla8bExZn3FNzeS4/JJXOr/L+JlYO4M1I9Nzw1Oz4sa/NXeEZiPR6KKI3kzGZiItD0LXhsffvtEl7qoLtaUi5+7cs27KiPW3kyI0E6SPZkIIIYSQTRjrAfoSuRC53abeUJSFcxeSFi3VTGZDd6f129ZmoucrHQvaVMaUMpLUFizNZEyJzO/3Jz1WvAbtRsjaTL5yK2o+m6s1anrBKWL8TKydwZrG++P62VnGOVqijejN5P2uwYezEf1ULpH74dn2sUnrFqyx/nZShGaC9NFMCCGEELIJYz1AN3JuJLpHvQgkfHtOeV2rB+p1JnNRMZLfF3vg63cXiz6Z+HZSeQgrM/Nf+XByT0fU3EzqI/mNk399ZbZmKnZtvXGdyR7trrWZqNeZhOfFMxbdjT1jQ0TJvxLbuN5McoYXzzVO/mNjpGdOMTcTUX60Fyye4lyT/CKXiPEzsXYGI4GuuxV994+29c5EojdHJp7ViseRz3oah8bEiN5M/q25Y3hqVp9ReTZ+ncmJ231lPUO/aGq3btOI9beTIjQTpI9mQgghhJBNGOsB+raN8TOxdgZnYv3tpAjNBOmjmRBCCCFkE8Z6gL5tY/xMrJ3BmVh/OylCM0H6aCaEEEII2YSxHqBv2xg/E2tncCbW306K0EyQPpoJIYQQQjZhrAfo2zbGz8TaGZyJ9beTIjQTpI9mQgghhJBNGOsB+raN8TOxdgZnYv3tpAjNBOmjmRBCCCFkE8Z6gL5tY/xMrJ3BmVh/OylCM0H6aCaEEEII2YSxHqBv2xg/E2tncCbW306K0EyQPpoJIYQQQjZhrAfo2zbGz8TaGZyJ9beTIjQTpI9mQgghhJBNGOsB+vbM14tCxs/kpw1t1trgQKy/nRShmSB9NBNCCCGEbMKc7Zz5d5bD9O0WuZbocb6cXB1MTNqsJjQTpI9mQgghhBBC7ArNBOmjmRBCCCGEELtCM0H6aCaEEEIIIcSu0EyQPpoJIYQQQgixKzQTpI9mQgghhBBC7ArNBOmjmRBCCCGEELtCM0H6aCaEEEIIIcSupNNMjvr8Hq9IwLzAWc1F/gHzGBxlaiYPJ2dEJh5OywlNTI2HwqNjD0dGJ+YAAACwbUQiEXEQODY+KQ4IxWGhfqwoMhmeNbLeZtJeUxMoLvN5/YHiyiVy/npP2PyQVVmY6KmvyRK1xxeobp8wL7WgmWy4JZvJkuWEZgIAALB9ROKMZmIcKMrNJDw1t95mogueDWgzJ0uksMW88iqEPd5A4bVYIempKBHbSV7BjGaSEO7wlXaYBzPP1EzE7iXvc0ZFEfui2CPFfmnsowAAANgOxEHgeChsTJjIsyWiltjWTJTBemsnSbuZdJ0/UzGYPNRSeeJaVPztOdZ8o7Q0y+cvblOHA0fURpSVVyY3k0JtsCI+01LoDcz3NYqRkHovUpCnLs0talzFTIxrbUQ5sTYTPdZ+IvZIsV/Oa8w7LAAAAFxOP8yzMpqJtZPY2kyUDmsnSbuZ1BzzB01Dw42+8z3ib09BjSe/7FxNa3Bc1KFGz8GyYNvthpqLWdmxZhJuqfSdvBxsvW5c+lIoeogvUNfUKm6P1JYevXA92NpaUFATXDC2vgUV5/kdLifLNRNTOTE1EwAAAGwTxqlcmW4mirWTaAkUd5rXXFFFgfXUrKCnSG0rHu8ZYyjgS5ziVZavPaTtYla8kAxUlVQMqzdEM5mNr6Y2kypHj9c3TjTUUF4zEDEPZ4ypmYh9S97n5JaiXwdv3lUBAACwtUSTiSNAo5nIhcT+ZlLg9d/oHpq1YyJiybO5Clu0s7m8lcZYgXTxiX42V6i21OMtCY2P6dFfTKHpGpXIWGG+33eyecCOl7pZRbOyyyo60/vwgTRZm4mRJZuJaU8FAADA1qY3kyVrydR0RMTOZmIeSlvP5Rzt3K24cN1Jf8O0ektuJvKcSWyaRZ0zMb8MczNRRcVqBbVj5uGtInSt0uFaoqRsJnJFoZkAAABsQwsLC/rnBVubiV5LbG0mB/yFyR8ZLJ95tVZlR9STwSrqWxtqLosbvuLYhSdyM1EG6uPXmdTI15l4DpY2NLWeKyrVR+RmcuPsmbrWnq7W6x5fiXlaZqsIXSt3vpYoq2smejnRP6FrAQAAANuJqZkYhcT+ZiL6Q5k8zzHd6pEu8MCWZ2omxh5GMwEAAMBCvJks2UlsbiY9TddNI3X12+Rac6iWayamikIzAQAA2IYWFxf1bzJxoplgm1uxmRj9RP/s4EUAAABsJzQTOIRmAgAAgBRoJnAIzQQAAAApLNdM5EJCM4ENTM1E7E/WWkIzAQAA2LbkZmKtIjQT2MbaTPTQTAAAALAoNRNrD7GGZoL0LddMTBHlRP++Rfmx5t0WAAAALiQf4FmJI0BxHLiaCZNpmgnWYz3NBAAAAFsezQQOoZkAAAAgBZoJHEIzAQAAQAo0EziEZgIAAIAUaCZwyOqbSXiKZgIAALDtaB/MRTNB5q2lmcyJumx+PAAAALY0cQS4yi8zmaaZYD1W2UymZ2gmAAAA25HeTMTRoOX4cInQTJC+VTeT2LTJ/PyCeRMAAADYosSx3+onTER+oy3cRkh6WVMz0cvJzGxkpS/kAQAAgLuJ4z1x1KfXEpoJcSKrbybTiXIyq39OFyGEEEII2arRTuJSL3xffS2ZppmQ9WRNzUSPvoNqmRM1mhBCCCGEbKWIYzzjeM96KJg6NBOSftJoJoQQQgghhCwZmglJPzQTQgghhBBiV2gmJP3QTAghhBBCiF2hmZD0QzMhhBBCCCF2hWZC0g/NhBBCCCGE2BWaCUk/NBNCCCGEEGJXaCYk/dBMCCGEEEKIXaGZkPRDMyGEEEIIIXaFZkLSD82EEEIIIYTYFZoJST80E0IIIYQQYldoJiT90EwIIYQQQohdoZmQ9EMzIYQQQgghdsWGZnLhal3zQ/Mg2Q6hmRBCCCGEELuyzmby2T6v36PlbN9nzRdLxI3s8quW1cjWDM2EEEIIIYTYlXU0k4dNeicxkp0fUP8832Be0/F4vO9bB4ntoZkQQgghhBC7km4zGb5SeDipliT6SXrNpLtcPPZXVU3yoM/rP9xoWXMVoZk4E5oJIYQQQgixK2k1k64quYp4c07b0kzyf33W4w0kRh7W/ur9Dx1uJo1VxdZBslxoJoQQQgghxK6k00x8vkQP8RVfUgfvXUyUk/yy6mHzQ1ZOd/nh2ov5Pr8x0nrl7PvXyh1uJsVHEy+ArBiaCSGEEEIIsStrbiby9IiIMZ6fPF42Yn7gCunWSkjLh0evfabeHaj4ldh4Y6neTK6cf19ss7Sl9mie/3SXtkJjaeH594+e/7jstrrC4Wz/4fMfl1adr9a25vGe9h4//0nwknqB/smL2lN8+qsPKkpbPj37QbE+q3M63+/JOa0+qq4iNlczfkO8i+a715rHxFM0ebJLLrTUni5iFmXZ0EwIIYQQQohdWXMzaeu7oh7TxxvIvpMfi8Hg5x8bI9nnr9RevWJ+1IrRm4koFb6z4s/CXP++92uNZuLxFhffja3p8ZWqNxpL86/cjD+81lP4iby1RGVqLLXOn3jyy9v0ZpJfoY+I2/qNw4mupTaTYPIDiSlpNJOp6Ug8c+EpQgghhBCypSKO8YzjPeuhYOqsvZnox/TJMyRy0r7ORC8h6lSJeu17oPC22ivizUR+ilgzOd0df+zdKtOTJtpIopncOnz0fW+2tgWjmcT7zFLNpO308dOet9+/os6fSK+TSFlrM5ELyWR4lhBCCCGEbL2Ep2aNimI9IEyRdTWTY9duJMYfXrelmbTWlrzfWxv7kK5EM3k/0UP0yM0kfMkyZ2JuJt5E5bi5ymaip6zwtDFdQ0xZfTPRe7PYR2dmI4uLCgAAALYwcbwnjvq0frKGyZP1NBPzWVJXytSrQdbZTNrCn4mNtOqDxnUm5cVi8PSli6WXyvcVaXUiqZmo15kcrVKXFveqd63N5PDb/sKrnzb31vl8p1M0k9KT/qOX6i4Er4m2c/T8x2L93Bz/FeurJVrW1EzErjk/v2DebQEAALBFiWM/vZxYDw6XzHqaSYlp3KZm0rZPukrEqCvNrRX7fH6P7/Tpa9f0RUmzKPeu6EsrtSvvrc0k2BH7pOPTrddTNJO24StinX0fXGoLX/Npp35lF6kX0pAls5ZmMheemjXvrQAAANjSxBGgOA60HhwumfU0k6WTXX7V+hCyJbPKZqJPmEyGaSYAAADbi3bZyWqnTdJpJoToWX0zETvlw8kZ864KAACALU0cAYrjQJoJyXhoJgAAAEiBZkIcCs0EAAAAKdBMiEOhmQAAACAFmglxKDQTAAAApEAzIQ6FZgIAAIAUaCbEodBMAAAAkALNhDgUmgkAAABSoJkQh0IzAQAAQAo0E+JQaCYAAACGqv75//VY6De3bsS7E+/R/LZTopkQh0IzAQAAMFgP5bdkzG87JZoJcSg0EwAAAIP1IH5Lxvy2U6KZEIdCMwEAADBYD+K3ZMxvOyWaCXEom7+ZXPrFjpO95sEto7Ouyjy0RpOdn06ax9IUHR84/VHt4bNqfl3VEjUvBwBg67MexG/JmN92SjQT4lAy0UxOPrMj7vHXDlf1TptXWJOMNJO5e8/velJ/ic+9emTOvNg5u3bs+NQ8tia94qf9Zp15NB0LI3onSeTCdfM6AABsddaD+C0Z89tOaW3NxPxoYNUy1kze1G9fe+c5cefaOv7ze5rN5Hbum7XmMd1k7Zs7djwxGq8jc72XkhavytyOZ06ax5xS9uoO25+9rkJUkSv6b6mrseHo2dr45MkV05oAAGxt1oP4LRnz206JZgKHZLqZCL1Hd+06rnYLUQjEn6N1R3YYEwWjnWU5z4u7T+x6PmniYvTaE4+rExrP51RJzaRX3qxS+6a+WZ2+nceffG5U3Oks0udDVJaDeDG2xCRJ78ld2svTiSfdsWOXfrvzwwPaa9nx5I9eG40qn3p3Pf5YbNtG+blXe1Jd51tPXlOfPmbHjtfKppU3fvSEWHLgk3vqTM3HB8TtJ370hrGO+JnE39zJ2EZVu/S3LFrTrifVDT++c9c9rTeIZzdW0p9dbm6jt8sO7H5KffzuA7EhRd3ya+fnqnKef+pbO3Y89njRTcvJX3dvHv6o5fMF4/783L1b6t8PB9XTuhoGjAUAAGx51oP4LRnz206JZgKHONFMjieaSa//OXGg/eT3nrynLVLv7Nixf9/+px7f8eTeS8Yh83OP7Xj8mdf08Tf/ZRXN5I5aRZ7/+f4nv6W1juFg0c+ffP5QVdXHVVUNpgmXTvH8ySOaZZvJpLj1xr794sWIstQpVmwQm83d8b03xMaDw/rq6jri2V975vEdjz9XdCe2EbGFA8ffVN/Iq2qduPQLUVEeF9sRb/pA/DypRDOZ7lVfrUiFaG7Pl2gN58hTah3av++N58UPYneJoj272sCkZ5ebifrjfCz2FG/Wxn+cvSef9B7Z8fhT4hW+ofaWJ2LjcV11V9TpkY9vJ40ujMenTa4HE6UFAIAtznoQvyVjftsp0UzgkIw3k8my1x7bUaVdaiKOwncdTfSEuYrXnswJGnfFajue0P5L//UDO/6lzBgXh9Kpm4nYzg6pVOhEHVr6bK7ek9ZZFNVyzUQ8i/Sa4y5JG+kU/aEs3gI631GnLPTbaut6NfZGip7b8dThzthKyrUdj8XeSKKZxInH9y518puxWfEQ+S0YzaTq9R0HbhrDifW12ZjnjfHc7+0wnb72vn5Vyccd8mD5+cQFJ6evj8iLAADYwqwH8fHMiX+R7yk2juwX/OYVVp0Pp2cX1ee6EgybF62Yq5Hs+GtYT8xvOyWaCRySsWYS9/hTrwViR+Smo3Cxmj4zoOs9qk4sKNqhtjGloGjH9KmbifZ0zyXGNbY1E0V58jF1vuHAh4kSldRM1KtWpF4UvfRG/G3ukE73Sr5aJvFGTD8T8UN46h2jwKgTKa/9SDudS6OPLddMxOuXfpzKkV3xBiLe8i8SZUT8uEzX7ZyON5BzLX3ibtWl5vIbn8mXwp9uis0NAQCw5VkP4uMRzUT0icX4kX36zWQi1bMslSvzV65aBtcX89tOiWYCh2SsmTy1f9/+/TknJ6VLOqzNRP6P96JLGM1EPnRe8ToT08ljumWbyUCRMV+RZPlmoox26heWPJ9jvN7lm4lyyXibaTQT8Ro6pQkTUYqe2q2euCWymmZiDCryj3elZnLOKCEfXVGUMf3Cd7mZfBCcSnoAAABbl/UgPh51zuTKrPJ3sSN7o5k87NOOdvruzap3b0RjLaJ2XhlVR85PKvoNI9Zm8kJwXt+CvnGRK5ParEpULUKz8mvrTDSin3Sr51tPjEd+EptFmensnorNxtxaYTYmvslVoZnAIRlrJksc/ZuOwj/dmzQ3on7klHYFSO/RXa+dTxSaI7vkZvKGMW5cWH/p5zus104s20zk05xkyc3kiNqS4s0krmi38fm8UjMZKHpOnqy4nftk/Ar7tTaT3uPPJU2YfPLGE29fM+6t2EzefGxHYm1FeW2HelWMaqVmMt7SIPWQK9d7Bj+/fjUxcv7m3aTVAQDYyqwH8fGozUT0ECW6oB3ZxxpC9bTy59qNfxlYzFdvPFTG535TKyR92gTLhLJYXZu0qT+/pB4pnG+djo9MKaPqQ8QWlMWouPFC/+Ix+ZStq9KcSaKZzA73avXj48hw7GXPKNPz+mp9qd6IGvPbTolmAodsYDOZq3jtCW/iWDrpOpPXE98/+HziOpNRuS0UPb9Dbyajxeo14ca4LkUz2SVfHW4YLXleennqFi3NRKl98zm/fum++TqTovjpTqbrTNbUTJ57LGnCRLwv6cPHRldsJlWv79jfZAwnX2eSspko03fkGRJRTs7VXW+4M/BBpTpzcu4zJkwAANuI9SA+Hr2ZhG5F1SpiNBN9UE0weqVBO+ifj2ar3WBRlBb17tz8HvOmQv/SGhHPlf9xbMt93Q/1Lehni/lDyS9jyWaSGJy5MhdrJhP3ZvTVEq9qmZjfdko0EzhkA5uJ8OJOtQGon8H1rWU+m+tbO3L3PWkcSb+5U73kQ/+sqpOB/caB++TN3B3aJ2g9ufPx2NC0evqTekbZz4tiD06Y1D/D6snvPSliHMFr33OifrDVU4/vKPI+YVwB/9yr6gdziScVaxqvUNx+bd/+3I/1ohL/bK4fPZH82VxraCajH76440cHYh/PFfvcrV79TakfzPXYc0/GX2fnYbX8GM8ub1n9fGL9s7keS/psrhWaiaLcb5KnTdRyIgbb6+sPn28xrwoAwJZmPYiPJ9ZMfvNYWJSNCWsziad5XunrCatncF2dP18x29mptY6lEi8tc52dSeM0E2xTmWgmcKkqbZLESPlnXPgOANh2rAfx8RjNJLRncNGYM/nzYHT4/tz+2qmftEZe0Ea+37OgLCr66Viz84o+KKfzXuSF2in//YXOztjVILOKom/hyqB6WtdvVszNTs0fa5ja36adnVU8N3F/9vvFk+pt6ToTRVl87uNws3jwrH4SF80ELkczgayr7bPy2usiXYOWE94AANgGrAfx8SSayW8Wz8ifzdWpX6IeXfy+PlI7P6zELj5ZcoN92vqzswv6OiJ/d0u9Al5sYfh+7Fr55qnEFfAiE9o99faSV8B/qI/QTOByNBMAAACD9SB+S8b8tlOimcAhNBMAAACD9SB+S8b8tlOimcAhNBMAAACD9SB+S8b8tlOimcAhNBMAAACD9SB+S8b8tlPamGYS7uuoq2+dVa+lwXZBMwEAADBYD+K3ZMxvO6WNaCYPWj1ev5pDl82LsHXRTAAAAAzWg/gtGfPbTsnpZtJcFNBrScOQ+oWUaRqsz60aNO4NVJV4vCXSYlsMVhRo9cnrLyhtNS9Mi9hU4Tb+NjmaCQAAgMF6EL8lY37bKTndTAp9scN984I1caqZVDe1NjQ1Zvn8zWHz4jTQTGgmAAAAOutB/JaM+W2n5HQzydXP4/L6tW95ieT4/IFb5nVW5lQzGYjd7vEUNA4lLU2H0Uxqjq2vmLkTzQQAAMDwpZPmg/itF/EezW87JWebyURrT0NZ7CITLTnne8zrrMZyzWRh0OM706BNdHi8AX2p59DFsuISMXj0oD/YUunLrxS345M2UfHYnOLGoFjfZ+o2UjMZbcw626Hd6i8obQz1dYiH6y9AdIzq7qHQ+NjRbH/PbFSMqOeA+UqCbR2idA0kX+IfayaR8AmvXzwkpK0vv4CKAXXE4y3LLaoXbyGQ76/rrC+uaa27UJbl9atf4rnQ4cmrFBsXS4/WjiRtfdOjmQAAACAFR5tJYbb/aP3gjbNnjGYykt7Hcw3Wy/VGi9orRmpKz91RD+4VrTMEtY2LpQU12kF8Z40nv6ZLG6w77u8Sf402F/hi0xeBA9qhf0K8mUTCotLUjCYtqz7q9xQ0ihu++Glpsw1lFcPqDfFKyrSCoQQvnriadHgdaybi5yCdzCa/AM8p9YKWeGtSlPB1j69cuxVtLz1TN62+cfeeD0YzAQAAQArONRNRS4wioZ3KtQ7LzJkUH5DOkhqsL6gdU9QD/crm2FDQeJR4iBgMno1djq8nvpoudp3JjW75NK5I4bGS2PoF9eJ+ltRMasbF3+p0SiJFQemxSzeTpPW9ldqIMXszmNhCS2WF9toD+X7PodLi+rTmmjYUzQQAAAApONJMJlqNWpJV1BpKb55EtkwzqTlmXBmiHsoXt6l/p2gmodrS5S9Qka8ziTFmSOpOxpqJEu7W31fB+dvakjExbnqUYZlmYn4BqZtJTKTfc+CidN8FaCYAAABIwYlmIs+W2FBLlGWbyUhtaXGb9WyuZZuJfjbXMh+7tUQz8cQbhXiU3kwGqkt6kj/92OMNFLYsvUmjmZw7lHQ2l2ntVTUT7X0l3d/0aCYAAABIIePNRL0i/FBN+0LYk/ZVJVbLNBOhvaZSrUC+QF1f7IA/VTNRRQuPqOd0+Y6YDvSXaCbzfc3qtE9eWbihTG8m4WvlRumq6NSecWEi9hqyzwSTr04xmok+05JVqk+zJF5ARVA//Wz5ZjLd4zugPV12iW0/TKfQTAAAAJBCxpuJMhH7xnfXHUmvbCEYu7Zek7POL2nZ6jLRTBbjFoBtyfhHQDD/4wEAgNtkvpkoSvGxUru+Rn1zGW482pA4gM7ynpGWwcz2ZiJ3kiiwXckVxfwPCQAAruJEM9nCGkpL9Rkh35Gy9X7g2FZnbzPRO4k4LOvq6jpz5sxpYBu7ePGiXlEoJwAAV6OZwCGZaCaXLl0Sx2SRSPKnEADbzMDAgPhngWYCAHA7mgkcYm8zEQdhXV3qt2UC0Il/IqLRKOUEAOBeNBM4xMZmok+YnDnDhT1AgvgngmYCAHA1mgkcYnszOX36tHkBsI2JfyLm5+dpJgAA96KZwCH2NpNoNEozAWR6MxGl3bwAAACXoJnAITQTIKNoJgAAt6OZwCE0EyCjaCYAALejmcAhNBMgo2gmAAC3o5nAITQTIKNoJgAAt6OZwCE0EyCjaCYAALejmcAhNBMgo2gmAAC3o5nAITQTIKNoJgAAt6OZwCE0EyCjaCYAALejmcAhNBMgo2gmAAC3o5nAITQTIKNoJgAAt6OZwCE0EyCjaCYAALejmcAhNBMgo2gmAAC3o5nAITQTIKNoJgAAt6OZwCE0E2A19u7d+9Zbb927d0/RdvWf/exnb7zxxujoqHk9C5oJAMDtaCZwCM0EWI2bN2++oRkYGNBriSgq5pWWQjMBALgdzQQOoZkAq6QXEqOW6PMnK6KZAADcjmYCh9BMgFUS7eL8+fN6OTEvWx7NBADgdjQTOIRmAqzS9evX9QkTYZUTJgrNBADgfjQTOIRmAqyG9TqTt99+27zSUmgmAAC3o5nAITQTYDXkz+ZS4tecjI+PJ6+1BJoJAMDtaCZwCM0EWI2BgQH5DK6bN28eOnRIWr4smgkAwO1oJnAIzQTIKJoJAMDtaCZwCM0EyCiaCQDA7WgmcAjNBMgomgkAwO0y2ExuFPs93tXG/GBsOTQTIKNoJgAAt8tgM2kuUitH1tmOxNDCTENT643uMWmdQDrNZLDeV9QoNtVQc1k8NmxebL8TPn9ORb951J3CLRfNQ46gmQAZRTMBALhdhptJdsmI9G/J4rzYDEm7USYWRpqLS9NoJrlVg/pN0W3KepKX2sdTFDQPbQHhDl+pVBedQjMBMopmAgBwu8w2k8IW6f6dGs+BctEqKgpEOSmVFijraSbKQH1u9ZD4W2xWmbgtNqWXiXBnY5ZPrUah+L+mPb7K9qoyn8+flVcm7p7IC3h8gZxT9bHF4W7fAbU1xUZ6GgsOJc40K/T6488YLchX53myDpbOa/cHqko8BY3VRWq/OlHVrW8s1N6oPvZAoGEooo9sLhtRTmgmQEbRTAAAbudcMxmqLhEH60OxZpJURdbTTEZqSovb1Btis4XZ/uqm1pA2nuVVb9ddKPMU1A9o/6b2eMtyi+rrmloD+f66zvriGnWpWG1WW188Vow0NLUePeivGIgqkXBo/Lrn1PXQuHrumdFMRA/J8deL1aqLS7K0GRW1mYiGU6QOGm9EbLahqaOh5nLNqD6w6RTn+R0uJzQTIKNoJgAAt3OumSi3Kj0HymaVmYFb9R7vGWlBOs1En80QyS1u1cdEM0mc1dV2sbAlaox7jjUrSc8y6Dl5Xb8121BWoTaODvnErfiUTtAYNJqJx1tirFboUzeoNpP4oLitPpPWTAZmYy9gs4qGGsprBpyb0qGZABlFMwEAuF1mm4nv2GV5JNcXqxPqpERMZKhVrRnyaiuTz+aKU8/migvVlmp9Q6Ve7nLgopJUKgYTPaSlUl1zvFneoMcb0P5esplUGquJZwzFmkls0Ggm6u029YSuoAOX56cjmpVdVtHp6IujmQAZRTMBALhdZpuJOqdRLVWIie7c/NLC87H5CiV2WG8+uWtlKzWTZeZMlm8m650zWaKZCPN99UkfTbZphK5VOlxLFJoJkGE0EwCA22W8mawy5gentmIzURSfz1/d1FFXVS5dZ5KimSiBg+p1JsHunhN5xpTOjMd3ZmhYPUcscZ1JdWmOv76rrbW6tDRxnYmlmeSevNwzPlZdXBK4leoIe0OErpU7X0sUmgmQYTQTAIDbZbCZADLXNZP2jwID5jFg86KZAADcjmYCh2xUMxlqqlHn5bLP5J5MuuppRe2lgTS+KSfX6x+R7noK4h9LDWQYzQQA4HY0Ezhkg5rJbV9p7EtmVqfHeqLgmuR6yzw+9QtzdDQTOIZmAgBwO5oJHLJBzSRoaRrRgjz1uzJzixpjAw9ai4+dUUfOd+dq37YpUtiiXigVP5srnJvt9/gCzQ9iH6uQ6y1prypT1zxwxvgqz/ii0hMH/MZ1PLFm8uB2hfZdnMY3exZ6/eHgZTGiX/Nz4pC6KeNR+hd3Fl+TZ1+AFdBMAABuRzOBQzaomSg5Pn9hVeKD105on6imGm08cXVG/ZyDvJquxLFcoskYzSQn/gkNZQV+zyn1+3OkU7aiplmRXPWDFsKe7MpmrWeYlhqfkSCaif6kAdGFsvVPUBjx+NWN91w4oz82+EHAk7e2M9CwndFMAABuRzOBQzaqmagiYwUH/R6f+uFsSR8KVxRUBuuTvg90qWaSaBctlfonvOVKnyYnf8WNEmsmykhtqf6tOLHHTvTUlarTICJGM9HXVz/VOv5JcdrKwcKkj61LfEo1kBrNBADgdjQTOGQjm4kQbj1xwD+rFony0PhYLOFIhpqJogyKyhFciD021+fPOn45NB4WW1hNM0m8wvEJfRGwIpoJAMDtaCZwyAY3k4Wec3lqMznhS1wEojGfzZWjf8GN1EyMHiK2YJzNpY8oyzYTRT3Ry3tGbyaeQzVd2lD10RXnTNSzueLfqAOsAc0EAOB2NBM4ZGOayXSHL1s9LSq3qP5G7Pr1aOER9Qp4z4FA86h6f34odgV8wSf94m6gQF1aHJSvgI9YroBfTTNRlDs1etloryrLOaBdLj/YuGIzERq0U7+y8ksDtWl8cDG2KZoJAMDtaCZwyMY0E2DboJkAANyOZgKH0EyAjKKZAADcjmYCh9BMgIyimQAA3I5mAofQTICMopkAANyOZgKH0EyAjKKZAADcjmYCh9BMgIyimQAA3I5mAofQTICMopkAANyOZgKH0EyAjKKZAADcjmYCh9BMgIyimQAA3I5mAofQTICMopkAANyOZgKHbFQzOd89c+xmmBD35vjNcP/DqHnPtqCZAADcjmYCh2xIMxHHc70T8+ZRwFUWF5XCz6bMoxY0EwCA29FM4JANaSbHb4bNQ4ALiXKyIpoJAMDtaCZwyIY0k2M0E2wbNBMAgNvRTOAQmgmQUTQTAIDb0UzgEJoJkFE0EwCA29FM4BCaCZBRNBMAgNvRTOAQmgmQUTQTAIDb0UzgEJoJkFE0EwCA29FM4BCaCZBRNBMAgNvRTOAQmgmQUTQTAIDb0UzgEJoJkFE0EwCA221MM3nvZHlv/33zKLa0rdRMmt7dO2QeW5dTb+w3DwFrRDMBALjdxjQTj9d/6nS1eRRb2iZoJiP1jQ16Ajn7P7wnLVmj5ZrJh/v2HvlYbP/KTzxln5sXLuHnZQPmISBdNBMAgNs53UxOFFblFpSaR7ENbIJmEiP6w25PmXYzvO/N/btf2vviT3P1Rbvfbf4w1/fiS3s/T77df7n4RW21I40jitRMRuqO511LPMXul2LbMZS/myu2f0p7lCp8+5VX94qRn+dfefN19YZI3jUl76W9+vJTb2e/+LL6RNOxBzQfuTH/5k/37n51/+fzsSFgSTQTAIDbOdpMuu8Merx+kdq6m+ZlaxDbiJHCFvMa2IQ2TzPZ/VJ24I5+c+RIWcPE/a5L72UHerRFh8t+/m75pcaG6eTb1Yfz2++Pi9XEY5V4M5m+duqVeKPQ/eSlvRH5/kJw956iiVDPKy/t1wvMkZ/uPfVxQ8uNliMXghOhKz8/c3siND49H28m98pfySmr7xpqKjv+yrvN2iaaX3nDVx7sab9c9OK7zfG6AiyBZgIAcDvnmknTtQ69SPgOnjFKhXmltRioKtGP3eAKm6SZfLhv7+dLHLkN6CdW7X75lDEk344b+NCjVgjRTNqvFb3y3hJVIW/f/t2v+ka0pxDPpQ9O172rTacM7T4s77PNxtlcejMxZk7U2y/rt5tfLAzqI2IL6zkDDVsezQQA4HbONRO9irx7/EL/wHDe4VKayXazSZrJ7pfka83n87J8+ilVsWbiKTeWybeHrpW/Ej/5StGaySsv771k3nbMpdP5u/eV9y+oTUN/iJZcuYpozM3k51Iz0SuQvA7NBKnRTAAAbpfxZhKJzEej6r8predxiXGxNLHqGpmaSZbXX9faUXYyUNgSO2DMOVQa7BsrPiKet0S931J57kJpblF9Q1Ojx1eee6i0oam17kKZ51SrWFic7a9uag22dZw7qa0Mu22GZlL99t6gdNi2L9EEWlI1k1DNvkr9QpGWI9pUhn4218GX9765zCXseVrVibcLw0DqORN947GR+JwJzQSrRDMBALhdZpuJfDXI/eHx9s5+T/xTueRF6V12ktRM2i4Wt8Vuih5SMWwsEIKF+uRMS2XgVmyoLN8/G1+s9xbRTBoGUx0NY502vpmEr+x+s8j4eK76rpHAnr3lXUPBj4t+8ur+VM1E6dn90+MToR6x2iuvJ5qJ2GL94f1N0jO8mVsstnyp7JQ+Z6IsdO1+NTvYP3SprGhf7sdihbyf7g1cDvbf7zr16yuKMq5vdmgsfh5XuPlFT9El7SUZ15nQTLBKNBMAgNtlsJk8GAmJ1pF/9KPcAvXcrZxctQDozWRubl7cEONiqbjhyzljfvAqyM0kVBs7PUxLScWgOthwvjzLJ13Q0lKpjwsVBYkTyWIzKg9a1TUPlY4kXcIM22x8M7l2Sjq3au9ucej/oPnFl/a+klVUf38+ZTNRjmSpH+ElVmt5T24mWpeQpkH2vameG/biG7n6dSZC/el8MfLKm/lHLnap9x/GPpvrzV+rn9twZN/+3S/vP3YzcYXJh7nmz+aimWCVaCYAALfLYDN59/iF/W8X6bd7++/r9UBvJiWlV2JtQVGmpmaN22timjMpbIlKC5Wu82eqR7Vb09ePrqaZxJUV+GNXHMNWG99MgC2NZgIAcLsMNpMzZ2uNylFbd1NuJhcqrxqLOrvv2tBMFMXn8xfXtDY0NeYcaxxQlNmWyqzjl4e6b3uyz+QcWLmZFBwpC/aNhfo6cnyJE71gI5oJkFE0EwCA22Wwmdy42e3RriGp+LjZOKVKHwm29YobYlxvLLY0k/mhVvXcLV+guGFQqxaR3APq3faJcN3JlZtJTVHsfLATF24bi2AjmgmQUTQTAIDbZbCZKPFpkyW7R2lZvbFoMmz9WghsNTQTIKNoJgAAt8tsMwEMNBMgo2gmAAC3o5nAITQTIKNoJgAAt6OZwCE0EyCjaCYAALejmcAhNBMgo2gmAAC3o5nAITQTIKNoJgAAt6OZwCEb0kzOd6faDuAWvRPz5iELmgkAwO1oJnDIhjST/ofR1RzSAZvZ4qJS+NmUedSCZgIAcDuaCRyyIc0E2D5oJgAAt6OZwCE0EyCjaCYAALejmcAhNBMgo2gmAAC3o5nAITQTIKNoJgAAt6OZwCE0EyCjaCYAALejmcAhNBMgo2gmAAC3o5nAITQTIKNoJgAAt6OZwCE0EyCjaCYAALejmcAhNBMgo2gmAAC3o5nAITQTIKNoJgAAt6OZwCE0EyCjaCYAALejmcAhNBMgo2gmAAC3o5nAITQTIKNoJgAAt6OZwCE0EyCjaCYAALejmcAhNBMgo2gmAAC3o5nAITQTIKNoJgAAt6OZwCGuaybtHwUGzGPA5kUzAQC4Hc0EDtmgZhL1eP0NTa11VZUFeSXmhUvJrRo0D63awK1W8VyFh9RnVHMr/U0Ba0UzAQC4Hc0EDtmgZnLbV9ptHkulZz3NRFdR4DcPAZlHMwEAuN1qmslNzTTNBOuxQc2k31NwWb4/Ult69EKwZ3wskOcf0A7hcn1+T37ljdbbxVdHQuPXc853h8bHwhGlucivn811ozgQqOkY6r7u8ZVUDETVh3j9vpOXQ+P9Ny6UWZuM3Ew83tLYrenWgpqRgaqSnINnjK2p4wsdxdn+uu4hsanClrDxQGCtaCYAALdbsZmITqIfTIobNBOkb4OaiaJMdGf5/L5Tl288UEuFx2uc09XjKb6tKLdzKuRqETSahtFMPN5yfUT0Co+3TNGaiT6iLa00buvkZtJ1/kyX+vdYzTH/rLaFmvHYouDZQFBbWXsZKum1AWtGMwEAuN2KzUQ+nqSZIH3ynuRoMxEiYwUH/fochcfrT6QoqAzWF7bIqy7VTArqYwtbKvXysPpmovRcDgSjymhjgfYQ0Uya40v024Xy66GZYB1oJgAAt3O4mYSzvP6s4/HjPGwn8p7kdDPR6E3DfPS/0JrRORPB4ysXI1kfdCjaFiqGY+OJORN/q7w+kB6aCQDA7ZxrJqH2yx6fds79RLfH6w/xb89tRt6TnGsmg43FVdfVz8vKj82ZjFwt9528XNfa09DUWHxLXUW7zuTiUF9HYdVtRRnzZJfX9Y0NjSaaiagTRy8Eh7pb5etMjGdYsZl0nT/jybvco90Wm8o6GNC2Zlxn0nMuzx+oae1qbS041Sg/EFgTmgkAwO2caiYLE6KNtMev722/UOo5knRdMrY8eU9yrplMd/iy1ROlcovq9etMFCVaeCSgnjp1INA8qt6fH2otPnZGjBR80i/uBgrUpcXBRDNRlEiu2Igv0BzbwtqaiXKnpqBmRL+pnsH1IPZ0DUOR2AqRoZwD6osM1Or9BUgHzQQA4HYONJNojs/vyVbPgUkS6V/PzEnxsZIsn3qwGKgKmpdhU5L3JOeaySYgisps/LZ8nQlgL5oJAMDtMt5MmovP+E429sT/67Csp6bMk1dp/HfoNRio9xwsDVRdb6i5nJVXY16KlMItF81DjpD3pG3TTGZCwz2xs7Y0NBNkDs0EAOB2GW8moXDE461c8mhMPVsmEg7NrrmZVBQYp9kkJD5ACSspztuArwKU96Rt00wA59BMAABul/Fmomgn4i/bTMxjqzJ7q9KTV9kwGD94XZgJjXd78mtC42OKOidQmeX1Vze11l0oM+qKx1vuOVja0NTY3CPWH/T4SoJtHeppZtu1z4hy4itVPy3KMfKeRDMBbEczAQC4naPNpKGpNZZb6gezpt1MYteueP3F9cYVw4NGxwgc8HtOXtdvZ8WvVBYrN8evvx+pLS3TPmFJCV40Vth2wh0Oz5zIexLNBLAdzQQA4HaONhPjU4z0FrGOZhIzO3g99knEUjPxeEuML6gQT6FfIC9/i0Wx9jlIRozxbSV0rTLL+rEEmSTvSTQTwHY0EwCA27m7mQhHY9Ui0UyyvP7Clti1KxUF/pB2Q24mNcdseF5XE7WkojM+heQUeU+imQC2o5kAANzO9c3E4w1of8948mPNpDjb7zkWu7BFOpsr0UxGaksLW5w+Lt9Mog7PlujkPYlmAtiOZgIAcDtXNpPm0lL9RKys/FKjYTQXl4iRIe32/FCr+m0n2SUj8X9Hy81EaK+pVLeQfSa3aPtdAR9Wv0/QefKeRDMBbEczAQC4nRPNJHHhuyXGN9Bhy5P3JMeayXx0QTwXIW7PSCjVPxE6mgkAwO2caCaAskHNZDXHc8DmNzUzbx6yoJkAANyOZgKHyHuSY81EPJF5CNiiaCYAALejmcAh8p5EMwFsRzMBALgdzQQOkfckmglgO5oJAMDtaCZwiLwn0UwA29FMAABuRzOBQ+Q9iWYC2I5mAgBwO5oJHCLvSTQTwHY0EwCA29FM4BB5T6KZALajmQAA3I5mAofIexLNBLAdzQQA4HY0EzhE3pNoJoDtaCYAALejmcAh8p5EMwFsRzMBALgdzQQOkfckmglgO5oJAMDtaCZwiLwn0UwA29FMAABuRzOBQ+Q9iWYC2I5mAgBwO5oJHCLvSTQTwHY0EwCA29FM4BB5T6KZAIZ3kpkXrxrNBADgdjQTOETek2gmgEH8E2HUEnHbvHjVaCYAALejmcAh8p5EMwFkTVo5aVpHLVFoJgAA96OZwCHynkQzAWxHMwEAuB3NBA6R9ySaCWA7mgkAwO1oJnCIvCfRTADb0UwAAG5HM4FD5D2JZgLYjmYCAHA7mgkcIu9JNBPAdjQTAIDb0UzgEHlPopkAtqOZAADcjmYCh8h7Es0EsB3NBADgdjQTOETek2gmgO1oJgAAt6OZwCHynkQzAWxHMwEAuB3NBA6R9ySaCWA7mgkAwO1oJnCIvCfRTADb0UwAAG7nXDP5vOfehcqrHq//vZPlTdfazYux1cl7Es0EsB3NBADgds41E9FJ5FR83GReA1uavCfRTADb0UwAAG7nRDPRq0iwrVcePJR/TgzKI9ja5D3JsWYyH10Qz0WI2zMSSvVPhI5mAgBwu4w3k1uf9bx7/IJ5VCPGxVLz6OoUHyvJ8vk9vkCgKmhehk1J3pMGnWomwPZBMwEAuF3Gm0nu4dL+uw/MoxoxLpbOzkbMC1Y0UO85WBqout5Qczkrr8a8FCmFWy6ahxwh70k0E8B2NBMAgNtlvJl4vP629j79hC5j8NTpamP8k9ob0uqrUlHgHzCPZVDNsa121llx3ga8I3lPopkAtqOZAADczolmUlJ6Zclmoo+f9FdJq69K3Ul/0Pwv36CnKHZaV6HXn1s1qN0I9NRXqk/tC7SHtWUtlZ4DF+uKSsVgYU238eBqbSTnVH37RFQbCBa3KfN9jWIw1KP+aXr9rhfu8JV2mAczTN6TaCaA7WgmAAC3y3gzqa5p0XuItZlYx1ctmuNTH1hcb1ymsmQzSRSYLP1ZWtSiEnvA2UD1qHbjg0Cd3lsWOoqz/SPamMcbKGzRR9Xt6De2lHCHwzMn8p5EMwFsRzMBALhdxpuJMPwgdPi983ID+ehCg7grxtNtJjGzg9c9vlLt5tLNxFizuUg7AUxtJiXxsaC+WoH8Aloqi9sSi3RbspmErlVmZZeZRzNJ3pNoJoDtaCYAALdzopkIc3PztXU35RH9Q4TX2UwEX+zhKzUTv6WZLLRu42YSFbWkojM2KeQMeU+imQC2o5kAANzOoWaynPU3E483oP096DnaqN2IeqRm0jwdW00+m2tWG2n2x8/mOhuo0W7IZ3PJzeTcoXW9ws1HrSXmscyT9ySaCWA7mgkAwO0cbSbvnSyXq8iDEfVsrjSugG8uVS9YF8nKLzX+s397VZlHu4q9oiDRTNprLFfAe0v0693lK+AbtA3mnLp840HsCni5mSjh7vU3qE0k3G8ecYS8J9FMANvRTAAAbudoMzEueZdz42aiIdhribOwkq4zgaPkPYlmAtiOZgIAcDtHm4nDaCabirwn0UwA29FMAABuRzOBQ+Q9iWYC2I5mAgBwu63cTLCpyHsSzQSwHc0EAOB2NBM4RN6TaCaA7WgmAAC3o5nAIfKeRDMBbEczAQC4Hc0EDpH3JJoJYDuaCQDA7WgmcIi8JznZTIzPp87KLw3ZcMzWnVOx4hfCrGYdwGY0EwCA29FM4BB5T3K2mZSExscamhrPnSzxHKw0L7ZTT4X0/ZyAw2gmAAC3o5nAIfKe5HAzMW7PtlSeuBrbcvGxMx6vv7ozLN/NORarLiPXatRploOl59pnBqpKBhZGsnz+hohYEsytUvuHp6DxnPaQrCPqQ3qqSsQK2uRMpbGO0F5TqW22pvlBVNxVNzXRXXFKfeC5WxP6OoAtaCYAALejmcAh8p60Uc1EUYY8BfWKMtNwyj+gHb9VH/XPir8G65OmO6Zbc873GPdEncjyt8bvxZuJ8W0500FPUVC90VIZ30i8mfRcPtqgNZ+FwbIC9YnEpgpqRvSVCn2W79sB1oFmAgBwO5oJHCLvSRvXTBStmdwOxFtB1/kzNxS1imQdr0+sdKuybCBxT9QJqbcYzaTUGPIcuKj+ZWkm4oHN8aNEcbtuWv2zZjw2UlFAM4GdaCYAALejmcAh8p60Yc1kIegpvq0M1ud6/aHxMT3zsWUR9YSu/BpFbxSJx5juGs0kcclK7LalmTQX+RMFR1sqb4pmAnvRTAAAbkczgUPkPWmjmkmuT68K6tlczbELTJLE2oLlbK6lmkm8V4RbjbO54jMt8bO5BuvjZ3P1nMuLnc1FM0GG0EwAAG5HM4FD5D3J4WaifjZXfX3gaECfElGNtnoOlnUN91efL1PvDjZWt/aEhnuyvAFtcVQUjxvdQ3VVlRXB5ZpJ4OiFYM/4WCDPH5sqGW/OOnU91DckXQEf9fgCYp2y4wGPTy1INBNkDs0EAOB2NBM4RN6TnGwmGSKfzQVsBjQTAIDb0UzgEHlPopkAtqOZAADcjmYCh8h7Es0EsB3NBADgdjQTOETek7ZAMwE2G5oJAMDtaCZwiLwn0UwA29FMAABuRzOBQ+Q9iWYC2I5mAgBwO5oJHCLvSTQTwHY0EwCA29FM4BB5T6KZALajmQAA3I5mAofIexLNBLAdzQQA4HY0EzhE3pNoJoDtaCYAALejmcAh8p7kZDMZCc2IpyPE1Zmdi5r3bAuaCQDA7WgmcIi8Jw061UxELTEPAS40QzMBAGwDNBM4RN6THGsm4onMQ8AWRTMBALgdzQQOkfckmglgO5oJAMDtaCZwiLwn0UwA29FMAABuRzOBQ+Q9iWYC2I5mAgBwuw1tJsPd8+YhbFnynkQzAWxHMwEAuN2GNZM6f8BzpDS3atC8IPM83krzEDJP3pNoJoDtaCYAALfbmGZy40KZxxeYV4JpNpPBeo/XX1AzIo/leP2FLfLAstbUTIqz/SHzGNIh70k0E8B2NBMAgNtlvJn4fH7RIpJy4EzXaERbmH4zOeEv93jPJEYWOgo+uGhbMwleHDAPbSHhDl9ph3kw8+Q9iWYC2I5mAgBwu0w3k47kWlI6NCEfcQZ9RY3tD1b+BjGzwfrChtYTPr8xMHu1vDpYb1czCZ4NbOVmoijFeYkfnWPkPYlmAtiOZgIAcLtMN5NgcjMxVQJtaXZN8uAqDGolpO1iIKi1mtHGAq9faanUm4loKVkFlV3DQycO+pun1ZGBqpKKosC5mtbguHpXfxmF2f4efeYmHPQcLAu23fb5/FlFQWVh5ly+v318LDQ+JhZWFOgH8YPiRpavpKGpNZDnL+vRxhY6PAUXxWo9TZVZRde1IdcQ5cThmRN5T6KZALajmQAA3C7TzSRTZ3PpJcTjKxd/luX5sz7oMJqJdTXRTGJdQiOaiaglzeHY3eID8QmEwfpcr3pblBBjzkRuJkPx9TyiwGibbY6v5vGWxG+6RTTUUF4zoP8inCDvSRvVTMLj4z1993v6hvvujsrjK+rpS7qoaRWmhgbua891v++eVojXZbLvfnx/Xd7aXyS2FJoJAMDtMt5MFO3gXu8kQ5FIV1N94NgZcbt9Irr+ZqJOlajXvp9Ri4fRTCa6q0vLsrRGZDQTo0IoaotQX4BxtyC5OCnLN5P4WKyZhGpLK+Iv33PgYnypO4SuVWZll5lHM0nekzaqmfT23R8enXgwPDYwMCyPL20mtI4jfbWZhMMzI6MT/f33+4enMvUB2et6kdhSaCYAALdzopkUxg76k2YV1vWpwfFmMttQVj3cEfuQrlgzmRElIaj/q/lOzTLNpFJRRjzZsVPLEnMmcatsJsLRA9pbyy7N1HFnZohaUtG58n+Dt5e8J21QM5nqufdQuitE+7WZDWNa4+HoqD7RcW88rN8QmVCnI/Q5lrmxYXUFY8pl4v7wxNSkutrAg3tj8mtWm4lxR50/6VdPDlSmJ3u1bQ6Oqicazk9OxOZVYhuc6+tX7/YOiF36oRib1iZ5xO2+++ob0Z7uobaCvv5M7EUOjMsvUt+I8SLVpfEX6a4dFWtCMwEAuJ0TzSR4NmBMRyRJ+5sW481EHFmKzc7qN+NzJmIkp/h6T9t1T96Z5ZuJEm6pjPWicNDjCzQ0tVafLy/IKxUDPRfOHL0Q7Bnvn12hmdz2ne2OD7rG/9/e3S01kS0KHH+EOVf7MeZ6v8RcnjeYR9h3+wVSdUKlhCmxTFmWYo05psggqUElFExKtincosAx5cioO0LIBA0QmEj4SOyzVn9lpUNChGbFJf9fdc2EzkrnoxZl/+3uWH3+SH+WWF9FmVjy8EW56v9YXNt0Z2Btp1g5tOq778utT0ZkgH84wtnpF1EhhwnHnwqlXWfM+gf7YqbjvQ2ZEL62MrHs4LGUE662/twUr2Ntre3Qzfu2LYgC+VDec74folUm7guo74nKOu7yIt2fvRcpntp/kc528E2iTAAAptNRJtaruahdJovyDK4wtMrEivrB45XJ8oO0vLglliwfFXqUiV0145Pv5EtaSKfFy4v+NBFP2xeyNyvOyWDlU8pEdpGzRG/Mefd+9WrrwTVaqDNpUGViHe7LQxbFrQ+7cv++0AqDmjycsrVVVo6pdO70i67wDzo4jSHGeBeAtKdI4Me9nTUZDPv+QZt6pVL+S6bR9qfWL0X7hSJuezi3/TLxrzcRL2m7y4v0Vri3C2sf/RfZcdQI3w7KBABgOi1lIhyVJ9O56rf1J+boULL1w/NH/jUnOJE6kwZWJo5jmQ079o57rVZ3l/1jdS/fOnGn3z5pylsjq0YZ06tMxDB7/N5a+S//Get2dvxVrZY2PhTss7PE9v2H+DWi3g68pErHGvlfZSPOi3RG2iiTbxllAgAwna4y+RYlhxOzr9arO9vlt7+fcK4a2qkzacBlYh1+KMmTqYprm/ZJTp6Os7mUIyRyp3+tdTZXzT+b6/QyOd4XhbCxFThK08YZHDib68Qycc/L2t/1z+bqfJHuz96LpEwuCcoEAGA6yuQcdt/GnCvgryRnX/t/mY6TqTNpQGWyt7G583FrVx6jsAvhr0rlfWl7b3fv49ZOSe7VNwprm5XqfnV7t7xtWTtba+W9vVq97u30O4c+qrX6nxvuFSC9y8T5bi7ZMx/d7+b6s7i58WF3a3f/w+aWmDHFjS2x/dpftff266n8+aG4WRX3bpa3upXJ+3X5AjaKm+6JZ86L3NtXX2Rxc099kZTJJUGZAABMR5lAE3UmDahMjBc43wxQUSYAANNRJtBEnUmUydlQJuiBMgEAmI4ygSbqTKJMzoYyQQ+UCQDAdJQJNFFnEmUChI4yAQCYjjKBJupMokyA0FEmAADTUSbQRJ1JlAkQOsoEAGA6ygSaqDOJMgFCR5kAAExHmUATdSZRJkDoKBMAgOkoE2iiziTKBAgdZQIAMB1lAk3UmUSZAKGjTAAApqNMoIk6kygTIHSUCQDAdJQJNFFnkrYyOThs1A8bwbWAacpb+8FVHSgTAIDpKBNoos4kbWUiVKp18XQsLEYvB30ENmUCADAdZQJN1JlU0lgmwCVBmQAATEeZQBN1JlEmQOgoEwCA6SgTaKLOJMoECB1lAgAwHWUCTdSZRJkAoaNMAACmo0ygiTqTKBMgdJQJAMB0lAk0UWcSZQKEjjIBAJiOMoEm6kyiTIDQUSYAANNRJtBEnUmUCRA6ygQAYDrKBJqoM4kyAUJHmQAATEeZQBN1JlEmQOgoEwCA6SgTaKLOJMoECB1lAgAwHWUCTdSZRJkAoaNMAACmo0ygiTqTKBMgdJQJAMB0lAk0UWcSZQKEjjIBAJiOMoEm6kyiTIDQUSYAANNdfJlsrSZTGWepeH9iLs9knTXLHxttg/HtUmcSZQKEjjIBAJjuwsukODMRGUo4y3TRXTkSc9eMzpTaRuPbpc4kygQIHWUCADCdvjJpj5DGSSu/VCVybT64Dl8rdSZRJkDoKBMAgOm0lEksOZZ6JDrk7vNde10jKrMkGYudq0zy95OpW4ngWnyt1JmkrUwODhviufpZgo+8rPr8xMSw4CMxaJQJAMB0F14m5dmJ5FLNrxFxo/o841RKbSkzOlsOPqBPzdXklUT1cXphP3gPvk7qTCrpKpNKtb736Si4tp0YQJn4+vzExLDgWgwaZQIAMN2Fl4nCiRO5eAdPzm7h50Tk1qJl1SM3n7qrljJTMxPJmReLBfnTdDyRzK4sZOci8VzR/pN66vr4wqv16tqqeAH+dqCNOpO0lUmfydHnMJ1GBzRL+/wo+hwGnSgTAIDpdJaJVXjoXnNyHLzni8WHEmP/ljuv0aFxd9VSJjKc8QdEhiacG1FvpG/2ZuKsR2pwdupMMqdMSiJxg+tUYtbFHqkrxMy8u6SuOCNzy2S05yeweM/964lzX2aGIMoEAGC6iy+TpruL6ZzENZZ65J3WJR2c8c/QdX/nRix5ZyNLmenWfo48MNJa7uXFqvKz+diwu8b7kjDoo86kb6lMxn5OVFo/r4+mMj32y/vXrUwOFqYWg+vC1P2jaNNj2OllEs8F1yIMlAkAwHQXXiYXcQV8/pekfcaWYz3y88qBFSiT7eDez7tsPOvuQD65Q5kMgDqTjCuTg5eZmw/z1Q+F5ey8nGy+pcyitTrycN35SczMg1LO3S9vrk5mV6tref+gSmQ4mcyult++SF5LLNrXR6VuThV2tltjirno7fnlte2Fh1NRr0ycMVO3k/YlVY3XDyaeiIfsis+nvpxyNxiJTUwX5SXpkXg2djO78KxQsdajv6y6z3tlzq33PnT/KNr0GOaVSSlyLVPd2Z5OZWaVX9fOMokkciP3cgsvxW9vI38/mcwVCivzUftvE+SX+MXGyzvbN4cT3hp0RZkAAEynpUzcYxfucRLLO35y5tM5xmJtf50cGUrPbgXKxFKfTnqZGXvufptQPEaZDIA6k4wrEzGNT54zskzkrr/zk5yZfpl4/KMfrTnZZUz2duKNu1cpv1a7bYT3EPFK3GMmhfkRb8xUPCH63JJPkai5D7C8Iir4idKP7h9Fmx7DvDLJn3jk5IQy8d+pfEfuR+SepVmYH3tuv6H8XOu8TXRBmQAATKexTGKtVKgtnadMKq2r3m3ZWwn5D5u0l4nV3B39KSmf4l4uvyVX3I3LH6PXpmoLUyfvZeIiqTPJuDKxrKNYLBFP5ZbL7d9bZZfJ7M2EfSClEr2/2qqO5m78+rgzz52xyh553pn5hVw26v2ro1b7GVz+bX9MoEzadvHlL5S8sCoy1LrUasE+zaz9AOPpun8UbXoM88/mSsWT0fhUtX0/Wb7sq48Wnq2IpWgfOPLfhXoJivOBdK5BD5QJAMB0F14m1tZqMpVxlor3J+byTNZZs/yRfxXhslBnkoFl4jgqTE9MqXv6dplY+yvxbKXwcFyeL+iUyau5qPfX/61jJoEyeTWXzLvz3xkzpux8u8dD/DEfngbKpDwrmt89T8zu/ymrvUwsa33k4XpkKK2sOV33j6JNj2GB60zuDrvHcxwnHDPxfrTfRdvXCcg3y2523ygTAIDpLr5MAJs6k4wtExkeyZfKj06ZWI3ItYnRK/ZIp0zkQQz37KOux0yWMpPv3J+dMdlbrfMM3Ud5YyrZdKtMnD3PUs5vnslr/tlcapnIZ1SroB/dP4o2PYYFysROkdZBzh5lop6f5q8502HVS4oyAQCYjjKBJupMMq5MDl7NyxOKYsmRW/Nt97tlYk1e9Y4MeGdz1f7IiYeM/Jzz2yZYJpY1di0pt6mMkWvsR4kNttbEkq93S97ufi0Wc/4xH+FodFi+qkXv2GOgTJ7c8b65rm/dP4o2PYb5V8DHrtgnoeXW1W8J71Um0lHc/gTiKfdqmvKzrPzkhyf8NeiGMgEAmI4ygSbqTDKnTMx2hqvG+/wo+hwGnSgTAIDpKBNoos4kyuTC1bYLK9kzfNNunx9Fn8OgE2UCADAdZQJN1JmkrUwq1frep/Zv0+ogBrCf7evzExPDgmsxaJQJAMB0lAk0UWeStjI5OGyI5+pnCT7ysurzExPDgo/EoFEmAADTUSbQRJ1JJV1lAlwelAkAwHSUCTRRZxJlAoSOMgEAmI4ygSbqTKJMgNBRJgAA01Em0ESdSZQJEDrKBABgOsoEmqgziTIBQkeZAABMR5lAE3UmUSZA6CgTAIDpKBNoos4kygQIHWUCADAdZQJN1JlEmQCho0wAAKajTKCJOpMoEyB0lAkAwHSUCTRRZxJlAoSOMgEAmI4ygSbqTKJMgNBRJgAA01Em0ESdSZQJEDrKBABgOsoEmqgziTIBQkeZAABMR5lAE3UmUSZA6CgTAIDpKBNoos4kygQIHWUCADAdZQJN1JlEmQCho0wAAKajTKCJOpMoEyB0lAkAwHSUCTRRZxJlAoSOMgEAmI4ygSbqTKJMgNBRJgAA01Em0ESdSZQJEDrKBABgOsoEmqgziTIBQkeZAABMR5lAE3UmUSZA6CgTAIDpKBNo8vHjR38mUSZA6CgTAIDpKBMMAGUCbR6+P/qv69vfGbj8PbkbfDM9USYAANNRJhgAygR6iCz5243gHr9Bi3j9wbfUHWUCADCdvjKJDiUiHUtwEC4HygR6GHq0xF/E6w++pe4oEwCA6XSVSWFedMhYKpP0l1vjkaGJ4LAv0KgWXkRjMm/iqVx+K3h3D9PxxJO35cV39chQMvVH8N5QRGJTwVVQUCbQo3Nf37gl+Ja6o0wAAKbTVSZLmcARkjcPxiPx3OKDbH5fXd2vxVRSbPDug6cLuVw0NvWkFhzQQ8x7JZHY+FSh/b6QRGKPgqugoEygR+eOvnFL8C11R5kAAEyno0yq/5qS527FxlsHTFIyVCbfiUhIz37J4Q7X1tPInRdfEiNtznespqvoxWz2m0SZQI/OHX3jluBb6o4yAQCYTkeZyMMjokwSK+pKsSYv/hvPFdW1/SnOTIiq6bSYTovNxm7MLZTdy0Yj8aez99LypK8r41Xx5/X+6vQdOcY5gCMSZbokh1Vf55SrXzKWlY/cy3tbzY/O2IOsfOqVNXYtGbm1KH44LudHhuX4J2vyuZZ/mXAeLu+TW844DxbPHrsiqiz5erfhrLk7lKg8z4qRUeV1XjaUCfTo3NE3bgm+pe4oEwCA6XSUyYnXvss2KOVODIxTTccTnT1TyaYn3zl7/5XsrUTe/tPZKRBbLXI169zyj5l4ZVKPXJu3VxQmrzrjTy6TyFDSW9ki3l3ypbyhHopxyiT/S9I/zSw1nKjYN0SZLDor/8j655VdNpQJ9Ojc0TduCb6l7igTAIDpLr5MmqudTSKXOy9EPwQH90c8cDm4zkpdUbZWysUfyz/R/WMX6u2OMtmOxHP2ilPKxLth2307elVe6yKWu0tyRWeZxNXwWMqkXsn/322tzCu3LxfKBHp07ugbtwTfUneUCQDAdBdeJrUF+yKTjkWUw82z7pe/eXDClevnKBN53KNcO8o/mIjEnLtOK5O38yOxxOxKobqzPUqZfDnKBHp07ugbtwTfUneUCQDAdBdeJnc7msRZalYjcudFcHS/apGh5M3surqq8jidetV5NldfZZIcDpymVYrcfOqcfFWcnugsk+l4InLdOczS6HHMJH8/mfWu71fP5vJGUSYnLJQJQtS5o9+25I6t3UPn9j83PluHx8EB/S4Hv7/uXBnOEnxL3VEmAADTXXiZJK8kjoPrpOqzR9md4Mov0Nwt5LLuv2fy6+9Ve93rrPzKr9iNuSdr7uUdfZbJVNxLpliyYv+x/npmasS9cr3UWSbi2ZcfyCvpR1Mrk1fdMqk8nxNrsh+cLbvPtZBOO9tZ/ti6At65QZmcuFAmCFHnjn7bkjternweScjb4ZTJb0dl63PHvedagm+pO8oEAGC6Cy+TWl7ur5+4HATHDkizFL2eWXi2IpbZdDp6fzU4AGGjTKBH545+25I7nvztoL5Z/669TP6xav89QuPz924bNG7b9eJtsL5wFNiyWyb+rHXWZ/c+i9vVPXez2UOr8B97yGFzZKMpvy2w6T5Fj8Xb5OkoEwCA6S68TL5+y6nEG/+HZukc55ihX5QJ9Ojc0W9bcsfZ3PbknvXPtjKpl9c+2Teq1qej7+yiqBbFmvry2rFIlO9Xm1az0b4p75hJ7rjqHTP58X3zut0z3/12tLwib4jtWDW5wR/eNsXzOs916mlgwbfUHWUCADAdZSI07t6Q37IV/WkinnoavBMXgDKBHp07+m2LXSb23n+zVSbu5WoOWSDfv26IFBEDfhCtUqmLwCi/r7Vv6oQyySpTuLqxL9ccuje+e9247T5wnzIBAMBHmWAAKBPo0bmj37Z4ZSKa4QeRH06ZeCtby69HBevzo09ya9bRcdn6HBxwUpnc3gk+O2UCAEBvlAkGgDKBHp07+m1LK0L25GjvOhMxxf4xV/txrrbwHzskrm//z+Zn58wu0SdWRV6X0r54ZZI4+N2yfkjs2rfr9drx7ae1H/9Vvz0n76VMAADojTLBAFAm0KNzR79tUQ6PFJqtMnGvgLes39+4ZfLdSsOJih/fNwtv94LbUb41+L9fysc6tx/tfK7bl7mP/Cp/pEwAAOiNMsEAUCbQo3NH37gl+Ja6o0wAAKajTDAAlAn06NzRN24JvqXuKBMAgOkoEwwAZQI9Onf0jVuCb6k7ygQAYDrKBANAmUCPzh1945bgW+qOMgEAmI4ywQBQJtCjc0ffuCX4lrqjTAAApqNMMACUCfTo3NE3bgm+pe4oEwCA6SgTDABlAj06d/SNW4JvqTvKBABgOsoEA0CZQI+/J+1/9NDYRbz+4FvqjjIBAJiOMsEAUCbQ4+H7o7/dCO7uG7SI1x98S91RJgAA01EmGADKBAgdZQIAMB1lggGgTIDQUSYAANNRJhgAygQIHWUCADAdZYIBoEyA0FEmAADTnVomGxtlJ0vEDcoE4aBMgNBRJgAA051aJmL5P5u4QZkgHJQJEDrKBABgun7KxF8oE4SDMgFCR5kAAExHmWAAKBMgdJQJAMB0lAkGgDIBQkeZAABMR5lgACgTIHSUCQDAdJQJBoAyAUJHmQAATEeZYAAoEyB0lAkAwHSUCQaAMgFCR5kAAExHmWAAKBMgdJQJAMB0lAkGgDIBQkeZAABMR5lgACgTIHSUCQDAdBdeJgcv5yJDifYlUy2WguNwmVAmQOicMhG/HcE7AAAwxIWXSXFmorNMxMpYKh8cikvj/GXSbDbHx8eDdwCXmPiNEMVOmQAAzDWwMhE3asGxuCxCKZO5ubngHcAlJn4jKBMAgNEGWSZnj5NSLnbv6cKzlYVc7uwbweCcs0ws74SuFy9eBO8ALiXxuyB+I0SxUyYAAHMNpEwSyVTGWaZWtoMP6EcpNzrjXalSzI3OltvuPZ/o0ERwFcIWSpmInTCxK/bmzZvx8fH/BS4x52gJWQIAMN1gysRfWoHxRdQyKbXKZPZeWmxzbOZt1f5ymul4ovpyXj5RLLn4seGOtxrx60lZR8+8nlnK5K2jkSuJ+OP3y7+4r3ZR2WDsevrYezBCcf4ysZQ4EY6BS8zPEsoEAGA0w8vkqDYac8/myt9PLtq3KlmRE/LaaFEms1vuI+KxhPzf1tP4kH1DDHucTr2yc2UpExnOuOMsK+IfMynl7i75qxGmUMrEsuPE0QQuJf9X4DNNAgAwn6ll4m8hnl5x1qWuuMkhu8XOD3nMxHvEkzuJvGVVH6db4dHMR++vyhtLmbF/t/aDlQGrkWutYkGIwioTh7pzBlxOwd8KAAAMZGqZuA+svYgm3DKJDyWqO9v+Ytll4j+iOD2xaB9XiQz5sVGK3FqU6bKUmVZeRatMpMZsOh2JceVJyMItEwAAAHwDDC8Ty5q8lnhjX1UiqmO66F9MIoky8ZPDOYpibS26p3XZZ3Ml8+7ZXN3LRHKqBiGiTAAAABDwRWXy/yg7jF/fp6XXAAAAAElFTkSuQmCC" alt="Screenshot" width="100%" ></p>
<p><img src="data:image/png;base64,iVBORw0KGgoAAAANSUhEUgAABDMAAAIGCAIAAADGMlPIAACAAElEQVR4Xuy963sb2X3nOf+B59W+mjfptmeSOHFiJ3E8mfXO5ZnJJJvxZHqdONnE8Tpx2uvJM46fzHq96XFuu+0nLtuAYZJqkU1IpiXKIkQ0IYqwIN5MCk2JaFAEL2ihKVKkGiIpNESCBCiBNxBg7Tl1qg4OqkAQN5Zw+X6eb7eAUwcFEPwROB+cU4V/8tKbKwiCIAiCIEgRWf6ZNx8ZGh8pUS53rvyMbmuHcSelpEPbYSdrMd67mq+ObOwcZPaOjg8zx+lj+VgGoD7Y2z/i+SfGykYQBEEQBEHypXbN5H+8vQkzAfVIjpnoNwJQFpHYrr4JAAAAaCzIcJ8M+g/Tx7tHx89TmfhBZmM3/UHyaP3Z0dqzo9VnR+Gd1KMEzXI89TCeWto+XNw6XNw+fLB1uCDkvVih8G4PlJA9kP083KY7XI4fkp2/n0iFE6nVnRS508jzo6e76c29NHkwyVTmIH18lCEPkqB/8ADUJjATUH1gJgAAABoeMtzPHMupjLx/dLybyjw7zMT307G9NPGTp8kjoijEE548V0WFucrjnSNiEcRYiE68v0PD1KVwaE9mIDtUQh7vpFbpDqmKkJ1H6H2lo0nVSbb3qZY8Tx3vHR2nMjQZmAmoH2AmoPrATAAAADQDyrQJHf0fZeSDNJWB3aPjZCrz/JC6AXGVHSWJAzqjQqNoA5GH7X3y/8zWfrqYsM7KrejN+a7IbsnOnyl5nqKTJCTkMeyn6SKuFJ0toe4ELQF1BMwEVB+YCQAAgGZAmTY5JnJypJgAURTiJ/tHGRomKqkMjaIru5o8aOoi5viEaB0OafjN2a52lf2Te2E2Qu6U3PthWp0qUbQEVgLqDJgJqD4wEwAAAM3DsXKIOdGAzDGdQknT/9McKXMpLMwWFHtRwzcVE/GG2q74zqkXaXdKH4MSSAmoS2AmoPrATAAAADQn1FKMUdZ9FY4iNtkYO+SP4b4AqGtgJqD6wEwAAACAAhiNopgA0PDATED1gZkAAAAAAIBSgZmA6gMzqXfiB8eR3cyTZBVCdqXfOwAAAABAPmAmoPrATOqarf1jo2BUErJD/X0AAAAAABio1EwO0/L6s/RC7Oi9TSUxnjTNlpBtmsU4PTWefi+gsYCZ1CmpjGz0imqF7BwAAAAAoAAVmUny8PhnWqMvtT196dzTl954+tL5jZc6SDZfenPzpc7YSxdoPmKP/Mnw8y8OP/vwjzZe7o6/3J14+ceJ0fUj/b5AAwEzqUcO0lWeKskb/b0CAAAAAGhUZCat7zwvbCb/wh75vZtbWwf0m4B+q+8pN5OXr+7o91Ul/urr3/jDP/4CiX5DVWF3cdb3Ur/ATOqOVEau1oElhYOZEwAAAACcREVm8jM/+KCAmfysfX1sPbVzSL/s51g+3jpIv9y9zc1k+2yOi/23/+G3fuYjP0ei31BV2F2c9b3UL5WbidM1IsYbZs1ruvZE7q0alVdsfn1TtTEqxNlFf98AAAAAAApnaCZ/NrJNtCSdoQZC/ts5zLx8OWsmZ3S0CcykFqjcTCSrw3a+T02ro2eONYckm1Nrd1psjvXcW+Vh/fpXLq/oG2X5+599Vd9UMV/97KuvaPnqN9vjaX2HsjlrMzlMm2omh9V7ZgAAAADQSJyVmXxpZIuoiPIdpvS7gVLp4x8uHoqruZIwk8alGmbSn70yN5I1k96Q1hoZthdlJq9/69VX/utVXfPZmMlr4tXvf+nVwL7YUD4VmUl6wqdv0mOUh7OO/hEAAAAAAJyRmfxnZzS6q6zhUkhnjm+sHH5EOAIeZtLY1JSZONfl5Ji1azmn2QQzIY/wlW+N5baUSQVmkorf/LaZZtJzY/tDN5LGdl30jwAAAAAA4IzM5L95d+MHWTM5SB3/7ltPXr4ch5k0CbVmJrK8q5s20ZmJz9n6ymdf/dyX/u477iBr6fxCTofvf+7VPxVWhREJ+fFjYbPWqGt55a+uswtf/WyrnN75yh/ThV5fubzAGqPvXP/ON75OWv70L19P5S5wik5c/dzn1FVhsmgm77TqNEP3gwTd7X/9l18jN/z8l/9ubV/+/B9mF5h9/x2xY5YCp+Tyj8c/1LlN8qkbz27G9FvzpkgzIXeqfxwAAAAAaHrOxkze3n//2XEmo6rJzmHmX15eh5k0D9Uwkz7/dFDNTXfWTLq8WvtUz/nizUQ/bSIO6L//xVcfpbQrSf/nWwPk39SYdURYi/V5W+vrn/26dm037ySGwUx2+JwJ2fR524S4zWf72sjT7FXyGNa0y4HWrzkF7fn+F79WpJn89edeNR7csuZ8rfCcSYHvVSRm4meXZxIf6owbOxhTpJnguxcBAACA6rI+2k9HMEWTuO+VrA6P7mjc+Kzzfu5i9IiPDcMsF6dOH3dVTDXN5NfefP+3L638csfjX7qw9qOFTCSpyImiJ1v76U9deVLYTL7x2jfZcP/edIAP/Um+Y/l+KsVHjvJv/vZ/EreSvPJ7f8C3Gs3kpX/+86zlk7/x6XD48S9+/NfY1T/4oz/5yM/9It/Jv/+Pv8NvQh7zjy5f0d3L3/3D67wDb2RX0+m02JNc5T2bk8rNpGpoZkJ4/XOCjWQH9MHPt6vzJOomtdvO5zu1duIDaTrEV+Vh+aonrm4R0ZmJ8/969ZFWCF81LB7j0ykau0RjWJW/8gV7zpa0vygziQ+/fjvP036qmRQ4WbBmJkff+PH2yz9RfePvxpMTTw8n3kl8Y5lefRRM/LPObf8HBz0zu0+4mTzf+2cF/YTcqf5xAAAAAKACSjUTyTqkb8qLZibmUDUz+dlzq5dCBxNrhxfmnv+8PfoXt5+/8/R4/0idOSFjfWvgeZFm8tFf+hWdFfzeH/wx6/Ndi023iaW9o5N10JlJ3/V+3odoCWnhZmK8lzftF9mtiLToNrHMzKq/Gd7Crv7Zq1/hLV/8kn4M2oTUppmI0ybZAf3j3u9MqhcZnm+qm1758tVHygWfTWl5/yrbVVZRcsmaSTr1trP1lS/RhVjaJl1VPBbXhjFe+Vw7e0ExHJ0SKcpMJlvFSR7OqWZi1AYevprrj9/efaDfuvep2/vkQmvv9v90MyshzEzI/+ef6/emi/5xAAAAAKACSjeTEX1TXurUTH4we7iXUr665Fieihx+9MLT/3r72TvR4yfJY2Xi5JieNVj4PpMCZkLyp1/68re/8z3RCkiHSd87Yosu88F35Vwz4bMlJMsr6kCQmwnJx3/1U//w/31L3InuYRhzdES/vV68KmrJH/3JF/mP08zUppnIwrRJdkD/Dj3CRBcmHp1fePWvb9KvBH3lc62s7yuv3aS3FeZeRIiZxOM7SvQ/vmGhl9941Mcrn31NeaiRrzoj+k1FmMlJvnSqmRQxZ5J5Env+mc5t1vitG/GXf0R15ePje+Tqp4i3zGZvQs3k8vaHfpgw7k0M5kwAAAAAhVQivk0SmxvpnkmS67GJIf9KdNk30jaovLFHfK7REZc3uLwlB3odksPX1uvz3ydDhZjX4V7e2J509XmUr31TzWTdZ3Pxg3IFQt6xhbVw8I50NXggy+QeJesQ+T/ZQnY7bHdOTtN27iHtNsf86nZiI2xpdbIWye7TreZqcy/lNqTaB9VvoCubqplJZyi9ta+u3SL/n4oefvSHVE5+uJB+tHMcPzh+ayVV5JzJj3uusRayHz7oX1tfFw2B34q3fPhnf4Fc/Xf/4bfFbizvLTzg/bmZEG9hLUtLD8Xd8ssf/dgn+K3+y2c/xxqJh4h9xOzt5fvIuimp3EyqfpyJBj0U/lFaMJNldSbESGrMShdWpbMW0fVleqtXvjksduMY9COLYVOBOZMdw0EsQovBTF7XfhDdgTGcU82kqONMIs/+tWIm/tvxHtbyPMnM5HuOPHMmT95/9qnbdOtJwXEmAAAAgEBaatGvrSImQP+J+NpH1Y8sqZnYjBMdEdaBmsn6lHRxSr89F8k6wqZW+JwJ2W2Af2DIzCQTbBvWPid95D3JTOTUmuU6l5OU1DEubCuTqpnJ12/vP4gfH2kHlhykj//Pwdgnr3zwpbFnNx9n3oke//noTpFm8vjxKm/k4/7VtTV++dP/5t/zDp/45G/wdlmYM+H52Cc+yTvLgpn8zn9+hTeKe+CX/1H6Lu/Ap2s++RufFvvwiMe6gGqYSXXPzZXlO1949SuXV7Jmkva/PnbCo40P//Vnv84OMmE8uvz1lLxjnNNgGPQji3GT4StWhONMvqzbFMwxk9yDmD7Pf5D16+UdZ/LssJCZ3PzgYP6Dgz+j0yA7tDG088fT+4+ep77lVOdM+HEmrgnqJ9oR8Ecfshc6Yp7cqf5xAAAAAE3LwnjPHJ0wIRxFQ7ZzTsnq4GbCF1NRM2GNlFQ06LO1OEhPbiaWVofr4QlHO++E284ru81nJtmxErs7cQWXdjmPmciyx+6gq4nkVHi4f37nhLsuhaqZyYfbVr/tT60kjp/TNV10K5GTPxrYePni5s9eWP25C6efm+v//n/+Bxvlb27GeCMf+j9eXeWXf/8P1cNOCEQweLucz0w++ku/wjsT+OEl4k7EPfDLP/zRZd6ByBJrZDMzursg+d3/7fd5Z1DLZkIcwGf5i9f/Mrsi6/tfzHNKKwZREedfiWu3gp3OqznHywsY9YNj3BRo/Zon5wRc2XNzjXzrVZ/66sQ2CefmkjfFo1Dik3QpGr/63/Odm0t+1/7GactDjeZw1tE/AgAAAKBZmXc5pVZVEryXHFKXOulR2EzsVofdywbMD7JzJrI80OEQBhFZpJZx9UIxZpIJto9F1Zb1QmYiK3IidYxXRUvkKprJS+ei//pHW5MfHD/VvmOR/L/r/u4nfrj6ctf2yz/arqKZ/Nwvfpx3IKrA22XBTH7hl3+VtwcCM7x/8WbyJ1/8Eu/QeeGHrPE3f/s/iX3EPH/+nPdvcmrbTGQ5OSEO6OXHw6986fXAYiT+wUJgYuwrfyhYxLv2z2sHmTA+/4W/yJ4nLhejfnDybEpvvvK5v/iq5Xo8vnPj4uuf+4YwT5JceOUPXwu+Tw9ZGXG2/vf+x+L6LqIfzomFaHwnOHHzlc9+7TvCD5Kcu0R+kE73hHLDS9phcJFXvvht0hJc3OQ9dRjN4ayjfwQAAABAs2KxOvmECRnbSFdm6aXMUmEzabc6uvzKMu7QuGgmRCTsE9mBNEc671X+jRVlJvI2vyOy28JmIqfWqqUlcjXN5I2nH34jci+afnaYNZPb64f/8cfvV8tM/ubv/oFf/fivfmpwaPijH/sEb/lB6zlZOM6EXP7lX/11vpXLyalm8uu/8b/wq7/1O797Y8D9p1/6Mm9ZeEAPWRH7X+rOnl/4N//Xz/B9NjM1ZCagCAocanIWwUEmAAAAgMrciLLCSgkZ5GRiAZebXHZORwubibwZdF6kq7P80VSOmSiTGOuGzwAXRz2kc/foSntRZiInH/roQ7I5F5PhU8ykqlTNTF5uiww/PjxSvsFEVrRk5/D4f//J5ssXnlbLTGTBK3T5lV//V6y/7qzBK48e8T6+d+gHz6eaiXhVl8//H3+Wt3/PtV7eAjmRq2Em2cPflSxvseZtXTs9iQSoBkZ/OLvo7xsAAAAAQKFqZvJvr0Sf7rHzA1PlSGeOJ54cfeRC9KUfblXRTMLhxzpbYIk+fcr6G79p8df+5f/MWv7FR39p4s7dYszEc2vo47/6Kd1dfPhnf4GdMtjYX849Q/H2Nj0FWzNTuZkAk9nY0/vDGYXckf6+AQAAAFBV1kf7s1MxbDamTqiamfQsZfaP2KHv8hHRkkjqI53Rly5uFW8mJeF7x/9G+5tT96b1G6rK+G1vR+cF902PfgMoCMykHjlIm7GmS3+vAAAAAAAaVTMTafro/Z1MKn18eHTsXUt9+M2Nly7ECpjJs8rMBNQyMJM6JZU5w2VdKVgJAAAAAApSkZn8/LkoN5NP92wNrWUe7Rw/TBy/ejP2UmcMZtK0wEzql8TJX29SSRL4AhMAAAAAnEZFZrJzcCyem+vnLmx+4lLsn3duvPTmZmEz6XpwqN8XaCBgJvVO/OA4squ3i/JCdqXfOwAAAABAPioyE1lZ/vEgdvTeppYYT5pmS8i2muQRRioNDswEAAAAAACUSqVmAoARmAkAAAAAACgVmAmoPjATAAAAAABQKjATUH1gJgAAAAAAoFRgJqD6wEwAAAAAAECpwExA9YGZAAAAAACAUoGZgOoDMwEAAAAAAKUCMwHVB2YCAAAAAABKBWYCqg/MBAAAAAAAlArMBFQfmAkAAAAAACgVmAmoPjATAAAAAABQKjATUH1gJgAAAAAAoFRgJqD6wEwAAAAAAECpwExA9YGZAAAAAACAUskxEzKgRBAEQRAEQRAEMT+YMwHVYXNzc1pDV1gIgiAIgiAIUlJgJqB8uJbATBAEQRAEQZAKAzMB5QMzQRAEQRAEQaoVmAkoH5gJgiAIgiAIUq3ATED5wEwQBEEQBEGQagVmAsoHZoIgCIIgSA3mxsP9f9q5/aHmzid7E7qn5W/9C6/enjUz9yLbxt9OgcBMQPnATBAEQRAEqcEYh+nNGVFOzNcSFuNvp0BgJqB8YCYIgiAIgtRgjGP0pg1/TozOYE6Mv50CgZmA8oGZIAiCIAhSgzEO0Js2/DkxOoM5Mf52CgRmAsoHZoIgCIIgSA3GOEBv2vDnxOgM5sT42ykQmAkoH5gJgiAIgiA1GOMAvWnDnxOjM5gT42+nQGAmoHxgJgiCIAiC1GCMA/SmDX9OjM5gToy/nQKBmYDygZkgCIIgCFKDMQ7Qmzb8OTE6gzkx/nYKBGYCygdmgiAIgiBIDcY4QG/a8OfE6AzmxPjbKRCYCSgfmAmCIAiCIDUY4wD9BUaOHxgbT4ospy8bGlkux+WSdsXCnxOjM5gT42+nQGAmoHxgJgiCIAiC1GCMA3Sezyykox8cvD6e/N7S0Z8btqoJpvUtFaQknXghZvI3/oXk4dGF98LvxnYmnsSMHSqJ8bdTIDATUD4wEwRBEARBajDGATrP5W35M4bG3CQ6Y7KhsfyUpBMvxEw6Q+F3Ptg2tlclxt9OgcBMQPnATBAEQRAEqcEYB+g8n1lMh9/f/bTQMrQry/tHn/7JrpxWp0qIAxhv+L3HR79/ffvTtw/kncOcTTcPw+/vfXow+fr9FGvZl4+/Pp788/E9pkBkyPT66LOPXX9O2lmH+bS8v5P69OC+rD1U76Hc+faz19/PcDMhLdpdHDxYVB+VZia77AFfjh1fvpnzII3hz4nRGXj+xr/w/DCnw1cngoOPn3YvrsX2DslWUV2eHaTI/3+6tnF4lP7OzJLuhsYYfzsFAjMB5QMzQRAEQRCkBmMcoIv52E/2Lj9Jy/Lxx5Sr8uHRN5ULRFFYh7xmwkPkIbdlT05n/tt1flUViWx/zWS4bJAWdtfzGa3lUH3MxZjJN58cswf8oc6kvH3KLAp/TozOIIaoyNqzPWIdvctPxHbvk80L74XJheThEdlEQoyFXb3zZOtVRVH6H0WMO+Qx/nYKBGYCygdmgiAIgiBIDcY4QDem7enx0G16QRzbsE15zeR776f3M6yX/igUsol4TnRDMZC7R3oz0ZZgabKxa7zHkszksviQT1vfxZ8TozMYE9s73Ng9IBf+MbCUOEil08ckzEy291Nzm4mZjfgP5pfJVbpR2Uoy8OgD4654jL+dAoGZgPKBmSAIgiAIUoMxDtDzZDD1YIFekOXMwGDOpnxmcpB4sscuG82E5WNLGWUqY1eO5diCwUy25dTR9xw5tyWPQbmQMJrJx+6n9au5gmndAy4Q/pwYncGYqadxtjqLr9EiNsLM5K3lyLODFFvKRfI0ebC4/dy4B2OMv50CgZmA8oGZIAiCIAhSgzEO0HkGYunX6UEgyQeH8jcVPaDHmRymSUvnqnrDbz457r2985kceUjK+0cf+8nz15fSejPxpTqnnv/+3QPvrnpsPT/O5HXlqtFM6HEmySNyj71P1Hv0p+TOu+rOmZm0bRwPTD3/86lU+FDWmwmRH+UBk7sYmBYfZJ7w58ToDDzO5SfDq0+7Fh7vp9LvxnZeVcTj4nvhqeg2aWFm8o+BpY3dAzaj8qp2nEn3g1VPOPqt6UXjPnmMv50CgZmA8oGZIAiCIAhSgzEO0Js2/DkxOoM5Mf52CgRmAsoHZoIgCIIgSA3GOEBv2vDnxOgM5sT42ykQmAkoH5gJgiAIgiA1GOMAvWnDnxOjM5gT42+nQGAmoHxgJgiCIAiC1GCMA/SmDX9OjM5gToy/nQKBmYDygZkgCIIgCFKDMQ7Qmzb8OTE6gzkx/nYKBGYCygdmgiAIgiBIDcY4QG/a8OfE6AzmxPjbKRCYCSgfmAmCIAiCIDUY4wC9acOfE6MzmBPjb6dAYCagfGAmCIIgCILUYIwD9KYNf06MzmBOjL+dAoGZgPKBmSAIgiAIUoMxDtCbM5/sTfDn5G/9C0ZtMCHG344uT55E2WCSXICZgPKBmSAIgiAIUoO58XD/nxqG6c0WUUtYzJeTe5HspM1JEceTMBNQPmIlwUwQBEEQBEGQUiOOJ2EmoHzESoKZIAiCIAiCIKVGHE/CTED5iJUEM0EQBEEQBEFKjTiehJmA8hErCWaCIAiCIAiClBpxPAkzAeUjVhLMBEEQBEEQBCk14ngSZgLKR6wkmAmCIAiCIAhSasTxJMwElI9YSTATBEEQBEEQpNSI48lyzKTL5pCsJE79BnMJ9DrW9W3AVMRKImby7Pk+yc6zPTGJnd14Irm1/Sy2tXMIABC4VRy3b99+/vy57rbJZHJra2tzc5P8n1zWbSX9Q6HQ4OCgfl/50N0WAAAAqBapVIoMArfjz8mAkAwL2ViR5HnygEccT5ZjJoter9PlsVkdTtdIntyaDSf1NymKzE7Y57UQ7bE5xxZ39FsNwExeOGIlcTPJKycwEwCM6BXhBIaGhlZWVvQ3LgjpT3xGv6MT0N8YAAAAqJiUBjcTPlAUzSS5eyiOJ8sxE0bohlOZOcmTnjl95yJISlZnz4wqJOHhfrKf3A56YCZZkks295K+8ewRK4mYCSkvsea4opBaJBVJ6pLXKACAoFeEgiwuLh4cHOh3YYD0IT31Ny6IfhcAAABA9SCDwHgiySdMxNkSoiVVMxM54jM6SdlmsnyrbziS2zQ30j2TJv9KlwLzbrfF5nAt0GbnRWpElg6PaCY9SuOwNtPSY3UerU6RlgS9lrJ30K3tvVNFzMTULS9CTsRKYmbCYvQTUpGkLo8U9AULQLOiV4SCDA4O+ny+9957b3d3V78jjWg0SvoUuYiLo98LAAAAUDpsmGeEm4nRSapqJvKS0UnKNhPvJUdI17QxZbsVJv9Kdq/U6RnwBkNxokNT0jlPaOGB3ztuaVXNJDk3YrtyJxSc5Ye+9BAPsTknp4PkcmzC3TU4GwoG7XZvKMP33oC4Ohwmy4lYSaKZ6OREZyYAAMZgiQwNDd2+fXtxcXFjY2N/f5/vh1wmLaurq4FAgPTR3+w0hEcEAAAAVBm+lOuszUQ2OokSp+uhvuepDNuNS7NCUi+1Fcnax5uctuwSL0+ncpOFcYsmJOuj/cMb9AIxkwOtGzWTUVPH6y+OdMI/5F1P6ZvPDLGSiJmQ2hJrTrQUdhy8vlQBaG5++tOf6i2hFEZHR4mokP/rN5QCeQz6hwUAAABUQDoXMgLkZiIKSfXNxG51zK9ED6oxEZF3NVfPnLKayzrC2+zCwSdsNVdiwi1Z+xPxbRb2YHp0x6iktns6HbYrgfVqPNRaJW1p9Qw/LO/kA2UiVhIzE568ZqKrVACanPv37w+9aMhj0D8sAAAAoHowM8mrJbt7KRJxPFmpmeibyiZ8p01Zu6WRnLzi8O/RS6KZiHMm6jQLnTPRPwy9mVDSpJt9Ylvf3CgkZkZM1hK5oJmIigIzASAv0Wh0ZGRE7womQu6dPAb9wwIAAACqRCaTYecLNpoJ05KqmkmLoyf3lMHiyqtS8Vyki8GGfUG/9w65YHOpB56IZiKv+7TjTLzicSbSObd/OjjQ62YtopnM3+ibDIaXg7OSrV8/LdMoJGaGzNcSuTgzYXLCztCVAQDksrCwQPRg+EVA7pfcu/4BAQAAAFVFZyZcSKpvJsQfPOI8x15QEg7wAA2PWEnETHiFwUwAKJKjo6PNzc1wODw/Py/+QZ0pgUDgwYMH5H7JvesfEAAAAFBVmJnkdZIqm0l4elbXMulrkmPNAUWsJNFMdIoCMwGgAOl0en9/PxaLPTWRnZ0dNskOAAAAnB3Hx8fsm0zMMBPQ5IiVlNdMuJ+wcwcfAwAAAACAZgJmAkxCrCSYCQAAAAAA0AEzASYhVhLMBAAAAAAA6DjJTPb2j1jE8STMBJSPWEnETEhtGbUEZgIAAAAA0LSIZsJtRIw4noSZgPIRK4mZCQvMBAAAAAAAHAtmYnQSmAmoJmIliWaiC5ET9n2L4m31ZQsAAAAAAOoQcYBnhIwAyTjwpAkTmAmoGmIllWomAAAAAACg4YGZAJMQKwlmAgAAAAAAdMBMgEmIlQQzAQAAAAAAOmAmwCTESoKZAAAAAAAAHTATYBJiJcFMAAAAAACADpgJMAmxkmAmAAAAAABAB8wEmIRYSTATAAAAAACgA2YCTEKsJJgJAAAAAADQUZqZLCQXEKS8iJVU2EzY18DrSxUAAAAAADQ0z5QvgIeZIGcesZJONROiy/pSBQAAAAAADQ0ZAcJMEDMiVlIBM9mjcnKY3IWZAAAAAAA0F2QESMaBxsEhjziehJkg5UespNPMJMWONtFXKwAAAAAAaFDYESYFJkz2YCZItSJWUjFmktw93D9IHR/rqxYAAAAAADQSZLxHRn1sHRfMBDEjYiUVNhMWpTQPSY2yw04QBEEQBEGQxktylx1bUujwEh5xPAkzQcqPWEnFmAkLU2cEQRAEQRCkgWMcBOaNOJ6EmSDlR6yk4s0EQRAEQRAEQVjE8STMBCk/YiXBTBAEQRAEQZBSI44nYSZI+RErCWaCIAiCIAiClBpxPAkzQcqPWEkwEwRBEARBEKTUiONJmAlSfsRKgpkgCIIgCIIgpUYcT8JMkPIjVhLMBEEQBEEQBCk14ngSZoKUH7GSYCYIgiAIgiBIqRHHkzATpPyIlQQzQRAEQRAEQUqNOJ6sgpkM3psMPNM3Is0QsZJgJgiCIAiCIEipEceTFZrJe9+1OiQlN1bfC4z3kwutQ/cM3ZDGjFhJMBMEQRAEQRCk1IjjyQrM5Nk0cxKe1k4n/f8tv76n6ZGsbxkbkapHrCSYCYIgCIIgCFJqxPFkuWaycbfnQo6WZP2kPDNZGSK3fWN0Wmy0WR0Xpgw9iwjMxJyIlQQzQRAEQRAEQUqNOJ4sy0yWR0UVsbZdq4qZdP74hmR1ZlueTbzx1k9MNpOpUZexETkpYiXBTBAEQRAEQZBSI44nyzETmy3rITbX27Txg/GsnHR6xjb0Nzk9K0MXJsY7bQ7eErx7462ZIZPNxNWVfQDIqRErCWaCIAiCIAiClBpxPFmymYjTIyS8vTO33RPT3/CUrCgSMveTrpn36NX14TfIzqfczEzu3nqL7NM9N9HV4bi2rHSYcvfceqvr1k89D2iHC62OC7d+6h69NabsTbJes16+dTv0Nj1A/8q4chfvvHF92D33zo3rLjarc63TIbVdo7eaHFbnauLz5KcIPJkJbJO7mJZa+wfnJq71YhblxIiVBDNBEARBEARBSo04nizZTBZW79IxvWYg373yU9IYev+nvKX11t2Je3f1tzo1zEyIVNhukP/3tDu++9YENxPJ6nI9UXtKNje9MOXuvPuudvMJqee2uLesMk25jfMnUufQAjOTzmHWQi6zCxeyrkXNJJR7Q0QXsZJgJgiCIAiCIEipEceTpZsJG9PnzpCIKfs4EyYhdKqEHvvu7HlAvUIzE/EuVDO5tqLd9smo7k6zNpI1k/sXut6ytip74Gai+Uw+M1m4dvma9IO37tL5E+FxIkLESoKZIAiCIAiCIKVGHE9WZCaXZuaz7c9mq2ImwYn+tx5PqCfpyprJW1kPYRHNJPm2Yc5EbybWrHK8W6SZsHh6rvHpGkQXsZJgJgiCIAiCIEipEceTlZiJfpXUXQ89GqRCM1lIvkd2EmSN/DiTIRdpvPb2uPvtoe/2KjqRYyb0OJOuUbrV9ZheNZrJhR84eu69E3g8abNdK2Am7iuOrrcnB0MzxHa6bv2U9G9vc9w1PlpEiVhJRZrJ7l5Ky2FyF0EQBEEQBGmokDEeH+8Zh4LGiOPJSsykX9deJTNZ+K5wlAjXlUBw+Ls2h2S7dm1mhm3KmUX54C7bOqIceW80k9CSeqbja8HZAmaysHGX9Pnu9bcXkjM2ZelXay89kAbJG7GSijETUUieJw8QBEEQBEGQxkty94ArinFAqIs4nqzETPKndeie8SZIQ0aspMJmwryZ1Oj+Qer4WAYAAAAAAA0MGe+RUZ/iJ6dMnojjyXLMBEFYxEo61UxIaR4dZfRlCwAAAAAAGhQy9mNyYhwc8ojjSZgJUn7ESjrNTA6Tuwf6agUAAAAAAA0NGQGScaBxcMgjjidhJkj5ESupgJmwCZPnSZgJAAAAAEBzoRx2UmjaRBxPwkyQ8iNW0qlm8uz5vr5UAQAAAABAQ0NGgDATxIyIlVTYTIguw0wAAAAAAJoNMgIk40CYCXLmESsJZgIAAAAAAHTATBCTIlYSzAQAAAAAAOiAmSAmRawkmAkAAAAAANABM0FMilhJMBMAAAAAAKADZoKYFLGSYCYAAAAAAEAHzAQxKWIlwUwAAAAAAIAOmAliUsRKgpkAAAAAAAAdMBPEpIiVBDMBAAAAAAA6YCaISRErCWYCAAAAAAB0wEwQkyJWEswEAAAAAADoKM1M9LcGoGjESoKZnEo6Gdc3AVAph88OjvRtAAAAQM0AMwEmIVZStcxEsjpY7K4p/bbTaLc69E1FI1md2SsRX89c9lqlZGKz3rsX3L7rY/7LNyYu3Jjo+ul7+j6ybLH265uA6bRr5Wc5546m9FvLQOq8o28yQPqE9W2nM3Bzosvj67p578e3fKSors9F0vouoN7YWbHYHJLN6RxdItfWR/sD+h4AnBX8zbftkle/rXQk64i+CTQxMBNgEmIlVc9M+gcWt0PTwTabI5DUby1M8WbSPhrRtZCX41BGu1JVM5kcmbhw856cOUpvhLvcd7sGqJw85fclywfrD47ogx+RM/uJVToiAS8KUkKJ+LZ/enbY5ZZsbv3mqmIswhL44D3qt6SKModvuWlFkVybjuq7gToiGeppdXh8Qf/0lMUxK8NMgLlInd5EPLocDNrPOVwLlX7QATMBIjATYBJiJVXRTIbVAVtEuhRIyHKP1ZF86JM06xjrddMZFXeQ36S7wynZnG1XfV1Kn0CvY13blHWVzSD9MLLFeRD2tbeonwxpvSiWG0sSn7XImknS3ukkPZ0zMXZdsk9N9vaTu4vRQWGM7NNycVy9lZy2K49kURSqveULN2dDWsvy+3FZPgy+fffCDX+2TyqZiEckGx0TJ+I72XZgOjlyG/G1Da6xi6zqXFoZsKu2ix61p1Zd7bdWyK2GI2lSY9336JyLZPfJdLf987fcNtKn1U2XXuUWIenDKjY246XTNRdHxh4qFUN3tbM46qEFf+uBel8KxEP2+JWnq3LquecmlROsF6xfiIfoBnPcTNptDsVjQ9xmIS2g6rAXK4UIeadjLevK25yfvJhtPhhWXvfIW63SJ0TemqPT46SlvZcXY7KNvLK19HWPrsBMgAjMBJiEWEnVN5PkLBsXkpc/z7r6+U14sG+SjfLXfd336A69lx3L6vxDmo3zjGbiv+qQOsTp6ewbPEfqDcmPvGq7Yc6kx6YOWLnPSOpYgexs3KPcX7fWx251sMdGWJ68S1fa3H/GrspPH1xXRpAkaotCdwu5bUxqHZnPjjfBC0A37cbeXEnVsem70HWnsuwqlFse+znVFfFJLUP8mmYmDk1O9yUbe8POFqFqJnvBtltsVVcy4FDuiOyqa4rJkFjVsrxK6mdWEGC2SpDEgym3Oibivey0dXn5YUNMP4iWaL9qmAk4Q7iZhG71jymFRj8ocWQ/BGRotUfNhC004NXYpb0JypkwzASIwEyASYiVVGUzyew7O9TVXD3ZwWJk2J69LF2ZPSBjemEoaTvBTJw2R5s2EaNwgpkQt7Ep924wE36/klVd4UMeJxMS3plPuQycd0gu9RPu0NvKkPHmPXolc/S+jx4SwCJ+vO3qorttu+LLmW8BppPPTKL8t3/g9wxvkH/XpA7xTfdBTnVFfGJ1cTPhLRb1iCaDmcyNqBWlXB54RHdln9hmDbkj0UcX6NFK2ixKcp0X1bU5tT+oT1J28urR0q9+/EJ+6etT0kV+xB3MBJwhbBaXzgZfUUtOWMIgMDfCzYS3sG7ZdQfaxzoAMGAmwCTESqqimQwsbifi2QGWYCbCS6E2nhPHfOyy0UzI/3NN4yQzkQ/uj1jITfZmlf7JQK/T6V1KHKQFM1FfbbMv2VkzGVKWYylJqkdPP5u/p44aB+8P3NQuG+ZMQI2QayZsSQOtOv6bPdAm6IZ7+6VzymouncfmXjWaiXZZbyY5Y022E2FXuSPRuOoh0xuH7wWuCUU1+TTbCdQtacnaJyu/9PZbK1IrH+HBTMAZIqzmSks2OvFL3u94mbXbHJbLdxLxZEEzydoIzASIwEyASYiVVEUz0X1II9hI9tPrvHMmbQYzYbMopE9xcyaE/XmXczKpLNeJB+zazp3Z1VwFzCT7cVGW7ff4qNEz/Yivurlwg78HgBoix0weee3eWO5MXQ49rQ5SgXImqJszKWwmJ86Z3M8zZ3KCmdDjTFgujwRmJ+iKQZYnQh9Qv7CCYb/0gY48q7mWb/XBTEB1EcxEfTsTzURqGWdrt6Jj2dVc6jbMmYDTgJkAkxAryRQzIaPAiHTOk4hHu1od6+zT64Vx25U7iY2wf9BDpzuUljbX7PLGNmlhZiKv+9ptjrFg2O9jr7zbUutQIq4e3MzQzIRiUedY1jwdjrGVaMg7YqHHgSjdTjaT2L0h8kiiq0sDV/pd91kvyuRw9iPta3P0qIHJkQl+TDyoKdrVc3NNkV+iOiUiK2umbf2h1ejk6IjiDg+GfUukfto0X+XV1TP64CQzIbUxv7o96eprZyu4hSLkR8CTwiN1O+bqU89hfbKZyB/c50XFzqZwbWCi6+1HYhdQXwRcffbeO/7p4JjbbVFejrRfurLKlB5rRy70RePbnsvOtg6YCagyyrm5tsmLkueK0+amh6zlmInV0X4jFF0JWlqdJ5lJ6Iaza5D2IXuAmQARmAkwCbGSqmUmDcrhNe3A9wtu/zPhlMGgGdAdvlIdUhvsDNQkXcMYpgIAAKhRYCbAJMRKgpmcyrNE/NmzXX0raALOxEwoh3ukqBI4VzAAAIDaBWYCTEKsJJgJACdxZmYCAAAA1DowE2ASYiXBTAAAAAAAgA6YCTAJsZJgJgAAAAAAQAfMBJiEWEkwEwAAAAAAoOPFmElydWnSF9S+hgw0BWIlwUwAAAAAAICOF2Emm0HJ6qA5f0e/CTQuYiXBTAAAAAAAgA6zzSTQ62Ra4o+m9NuKJ+ITv5Z7fbQ//zdqVwT9Lmf2UO3uoH5jWUjqV/I1KWIlwUwAAAAAAIAOs82kx6YO9/UbSsIsMxmbDvqnpyw2R6AaX8INM+HATAAAAAAAgA6zzaSdreOyOo7otVSbzeG8r+9zOmaZybp6OSzZp6I5W8uBm4n3UmViVp+IlQQzAQAAAAAAOsw1k51g2O9RDzJR0nYrrO9TDCeZSSYi2fr8ykSHZHWyrdL5cY+rnzR2nXOE5kZsnSPksjZpkya3bXNNhUh/m85tBDPZmrLcWFIurdndU4nVJXJz9gCIY4ytRBPx7a5WR/ggTVroGjBbf2hhiUjXeu4h/qqZpJLdVge5SULpLz6A4XXaIlk97b0+8iM4Ox2TD30ub3By0GOxOg7ItsyS1DFCdk62dk3EcvZe84iVVBUzOThM7x/SZwyAUolu7embSiSWOL1EAcjL7r7y0VwFkALGqx8oA1I2BxVXDl79QNkUUzymmklPq6PLF5m/0cfNJFbe6bkiPlFvlFCviHndA4/UPzniDCFl52Sr3asM4h96pU7vstI4edmxTP7ZCtht6vSFs0UZ+mfRzCSVJErj3crZNtblkOxT5IJNW5Z24PcMb9AL5JF4FMGQQ+Pd93J+AaqZkOdBWMwmPgDpKj2gRbMmWU7OSrYh5VJ60d03uUd/8PpdDyZWUlXMpJj6BiAvlY/qSA3rmwAwi8oLGDQtlb914tUPlE0xxWOemRAt4SJR6edFJ8yZuFqEVVIRn31iW6YD/ZGA2hTityI3IY2hG+rh+CxaN4Z6nMn8iriMK9VzqV/tb/eR6xbBTLxx8i+dTsmmNyTcNr+Z5PS3jigtfPYmkt3D3Miw8tidnQ7pvNvlK2uu6YUiVlJVzKSY+gbgjED5AQDqkcpfuyrfA2haiikeU8xkJ8i1xNIbTJQ3TyJygpl4L/EjQ+hQ3rVA/y1gJokJ98kHqIjHmajwGZLJK6qZyMkV9nPZbz1QtmyTdt2tOCeYif4BFDYTldSa1DIuXK8DxEqCmYB6B+UHAKhHKn/tqnwPoGkppnjMMBNxtqQKWiKfaCaxCbdrwbia60QzYau5TjjtVh4zkTSjILdiZrI+1h/OPfuxZHX2zOXfJTeTgfM5q7l0vYsyE+Xnyrle84iVBDMB9Q7KDwBQj1T+2lX5HkDTUkzxnLmZ0CPCz3sXM0mp7KNKjJxgJoRF7whVIJtzclUd8BcyE0q65yJd02W7qBvo5zGTo9UAnfbp8CT9HmYmyZkhLl3DD5V7zOyoj6G1L5R7dAo3EzbTYnGzaZbsAxgOseVnJ5vJXtjWotxda3/VnkyzECsJZgLqHZQfAKAeqfy1q/I9gKalmOI5czORd9RvfK+7kfTpZELqsfUKbRV+SUujI1YSzATUOyg/AEA9UvlrV+V7AE1LMcVz9mYiy65L7mp9jXptsTHV5c8OoC3WPmEb0CNWEswE1DsoPwBAPVL5a1flewBNSzHFY4aZNDB+t5vNCNkueio94VijI1YSzATUOyg/AEA9UvlrV+V7AE1LMcUDMwEmIVYSzATUOyg/AEA9UvlrV+V7AE1LMcUDMwEmIVYSzATUOyg/AEA9UvlrV+V7AE1LMcUDMwEmIVYSzATUOw1TfnV3/nEAQCVU/tpV+R5A01JM8cBMgEmIlXQWZtKunb7Zct6tnQguop7TubVvflP9ohvCcK+bnXy5x7vCG2XlGzDV/iz8lM0AGNCVHz09em6xBXq1lpbsScwJk+zgtNb+GjkvCMykQdicVb//V4G8ypEyy9ZYZqethZ5Pf3FHfSUMsDps6WNfMpbz0ifsBzQexQwNC1P5HkDTUkzxwEyASYiVdEZmon5dTPY7YbJfCEO2to9FZeWrLdf5Cax3gtIl7YttNIifiN+WU4ADvwejuqbFaCb8crtyAnFiJvwLkXpalK2ZJVerI8AlJbUmtY5rVyi27HcZFWa/itpcZA1PXsFZ0WuWtM3maLuxJBiFWmRJn4d9Ra+df02w1UFPKbkwPvBIVZQ2q5NdUAnfcYayn+OAxqOYoWFhKt8DaFqKKR6YCTAJsZLO3kzcyr9ZM+myOuwT2+RdV7oyq3bS2sWrcq6ZxCbcktUZjm87O6jPrI/1S7a+aHx7cpQM5tKLt/ol61AiTr8fEzQbBcyEFZVoJgPnaQsZ3Evnvbwbb2ccJbeJUZNyOpLl0A0nq7SuVocyxoxIHSNk07BrRM7sJ+Ir0tXZnMKL+No6nKHV7cRGWFLufX20f7jXaevy+qfD8t4D5ebRZZ+XDV6Vb6elhe257FTNJOLL/vnYffSRk1udc88HH/h9PnKnA50Oco+JA4xZa5c8cx0zQ8Mb9F+ixOzskRZrnydMC4AXJylU+pmNht2mf0kEDUYxQ8PCVL4H0Hi8aUDfQ6GY4oGZAJMQK+lMzSS5OmtzPWBdmJkcJdekc+Pze+RiyHYrLNxI9nTq34ZFM+m2OdrZR45bU9339un6HOGzamV4V9TnzaDxOMlMWLHJopkcxCQbVWW64itXjAOOrL3I2bk++jF294yiJKFxDy3YENcGhaxyaw0+vudArzOQocVpcQTZJ+fhwb5JbaKGzed02Rxt7A8hEz7JTMRbybnqBWoTo5l4LznYlwEn50Zsjqno9Ej7GH1BO/B7xrbUPkRacoqwZVy4BhqQYoaGhal8D6DxIEM7UUvIVX0PhWKKB2YCTEKspDMyk27fdiK+7fd6pYtTrAv7aDk0PUWGhsPr6VLNRH/YSWZn3t0vtfSHlbXaMJNmxmgmdEohvsaKTVbMZJG2bC8HZyUbXTBTvJmIhceq0WV3WuwedkhAXjPJqotymRQnX6fYI0wMMl8idcu3nmQm4q1kmEk9oDOTmH+oZ06VS3K5rXfKdamvzf2AVdHApT5SXZYOz+QVxwG/idft1YwFNCrFDA0LU/keQEMyrcnJ9AlaIhdXPDATYBJiJZ2RmfChlescG0VlB3CLbnXVirbQS0Wy9olXZb2Z9HvEkaNGoNfp34OZNDVGM+GXSbEFcldzseX+CWVxIO8m07mRnOG+YCZDAX40lEBPKxtE5jETdhgVZWHctZBjJuJjI5cPlDtii3zkPGayz8xEJ+0wk9pHNJPEzEjPzE52k7aMcPlWn05g+HEmB/eGjK+HoPEoZmhYmMr3ABoVNsbTtwoUUzwwE2ASYiWdtZloh3tmB3BjXeoS/5KOgO+2OSx5DzWeGyEDO8VMhvSbQHNQwExIsS3nmknounNyTz0CPnTyEfDCaq78p2HQDgmISI7c83pFfFIXmyeUAw51NRevbHKZr8tiLmTP7j+imsnGVJdP6ZSkp3jCaq56RFCOtEWZpstu0tZoTV525LzoZSKSXa0cT0fuJtCgFDM0LEzlewBNSzHFAzMBJiFW0hmZiboApoWfGVM7a7DNObaY/fiQnzW463bOWYMZuefmSicWp9g+A1vy+r2R9nNOusCml71/JxdHPeSq9mE1aCKMZqIrtuxZg60O13S2RtSzBlsdbdf1Zw2OzYyTdkWFU9FpL+3W2r9Mj4+KqOe59q2xnsNX6VKc7C0jvp6ZGD0trNXhVO5LNBOC36WeIlY7obZaut2jKzZt3o/t0zkTU4+AJ4qlnHmW/EQJeosViZ5GAsVeu3AzEWtP/W1uBi22nFdCVl3CqatjUsednKWuoEEpZmhYmMr3AJqWYooHZgJMQqykszCTkln35Z8PAaAIKiy/ntaqfmuEeJwJAACcTIWvXXI19gCalmKKB2YCTEKspJowE+Vz5bxrZgA4lcrLLzk3UjU3hpkAAIqj8teuyvcAmpZiigdmAkxCrKQaMRMAygblBwCoRyp/7ap8D6BpKaZ4YCbAJMRKgpmAegflBwCoRyp/7ap8D6BpKaZ4YCbAJMRKgpmAegflB8rgy1/+sr4JAHOp/LWr8j2ApqWY4oGZAJMQKwlmAuodlB8oFaIlb7/9tr4VAHOp/LWr8j2ApqWY4oGZAJMQKwlmAuodlB8oFUyYgFqg8teuyvcAmpZiigdmAkxCrCSYCah3UH6gJJiWQE7AC6fy167K9wCalmKKB2YCTEKsJJgJqHdQfqBIvqzALmA1F3jhVP7aVfkeQNNSTPHATIBJiJUEMwH1DsoPFAkXEkyYgFqg8teuyvcAmpZiigdmAkxCrKSqmMnBYXr/MK1vBaAIolt7+qYSiSVOL1EA8rK7f6RvKhFSwHj1A2VAyuag4srBqx8om2KKB2YCTEKspKqYiayUONkVgpSayt+bj9IZ424RpJgU895cGFLAePVDykjltSfj1Q+pIKR49PVkAGYCTEKspEiVzAQAAAAAADQMMBNgEmIlwUwAAAAAAIAOmAkwCbGSYCYAAAAAAEAHzASYhFhJMBMAAAAAAKADZgJMQqwkmAkAAAAAANABMwEmIVYSzAQAAAAAAOg4QzOZdzkka7HR3xg0HGIlwUwAAAAAAICOMzSTQC9VDsuNpWxTZt8/HZxf2Rb6OMsxk4jP1jtFduX33iG3Teo3V59um6NteE3fWp8k58b1TaYgVhLMBAAAAAAA6DhjM2ntjwnfqeLqUGdIFrlMZGIBl7sMM2kfjbCLxG084dyt1UPqDembGoDkks0t6KJZiJUEMwEAAAAAADrO1kx65oTrj7xSyxCximE7kRO3sEGuxEzkdV/7WJT8S3Yr7zwgu2IykXw4ZbFRNUpoaiTZRhZHPTabw9LhIVe7O5ySzdl21aduTq7YWqg1qS3hKfv57EqzHqtDu8e0vZPO81jOuY+U6+uj/ZJ9aqyX+lX36ArbWWJxit62xemPplhLbfEi5ESsJJgJAAAAAADQYZ6ZRMf6yWA9qppJjopUYiYxr9u1QC+Q3fa0Osamgwml3WKllycHPZLdt67IiWT1tPf6JqeDzk7H5EOfy0u3km4HSn9yW9Linw52nXMMr6flVDIRn5WuzibidO0ZNxPiIW0OH+k25uq3KDMq1EyI4fTSRv6DkN36p5f83jveLdZQc7g6HCbLiVhJMBMAAAAAAKDDPDOR749ILZ4DeX/9vk+y9gkbyjETNptB0u4KsjZiJtlVXQvjPXNp3i5dCsg59xKRrsyySwd+zzA1jiVx4ZY2pRPijdxMJGs/79ZjozukZqI1ksv0nhQzWT9QH0Ctkk74h7zr5k3piJUEMwEAAAAAADrO1kxsl+6ILe02VSfopIRKKhqkmiF2Ox1xNZcGXc2lkZhwK75BoYe7tIzLOVIRyXrI3AjtGQ+IO5SsTuXfvGYywruRe0yoZqI2cjOhlxfogq6QCYfnl0Pa0uoZfmjqgxMrCWYCAAAAAAB0nK2Z0DmNMUEhdlbaO909t9T5Clkd1usXd53OaWZywpzJyWZS6ZxJHjMhHK36ck5NVjMkZkZM1hIZZgIAAAAAAApy5mZSZPQ3LsypZiLLNptjbHppcnRIOM6kgJnIznP0OJPQSri7g0/p7Eu2vugGXSOWPc5kzN3m8C0vBMfc7uxxJgYzab9yJxzfHnP1O+/X3Ag7MTNkvpbIMBMAAAAAAFCQMzQTAETESoKZAFCI+GxXC1tTWgjLuXF9EwAAAFDPwEyASYiVVE0zSUXbz9HzOLddGhkOZb/EEwATCPu8bNbXdtHDzvJXHeKBLmWxaGEk25C+CTQHktXtjfNr+9J57zK7uDXVNqh+KTBfLK0luxQZAABqFpgJMAmxkqplJs5Wh9SaPSdBXmx4PwZnw7Dd4Vk17+x2AHDGuhxS1xS7fOD38K8b9nQ47FanM5Q9M6S43hgAAGofmAkwCbGSqmUmkrVv4JHu7MxJ9lWYzpkYuRLWPjVkx//EZugn3O29U4vsQJvNIP06TvUDRfrmvegdoZdtzsCmstuIr93aH5sZJ40W9YxtlLZSj4wCjUi+A+SSrITaLnnZdTIujGYipMzo+c0zsYCLFqRaXWQPrgcDl/okWx+tx+QKvSH7pldaeMrOtRJtu0TrkxUwiV05W3p2xMm6tbp7vOzLXkPO+6n2VtqzvVc8KwdoEBITbj4H4r3kWNfaLdY+Ki1X1ZPpyzATAEC9ATMBJiFWUpXMJFTg1Gc9NsPp1PaC7ex0B1tTdmXYp52ELR1w0BNAy+E7XX713AAeu/IVnMoAMaC0xbxu/x7bGLZcP/F+QdMQYSf9EyHKqpZQJsJGh2RcyFpI/fDzdli0mtS+2SlNZNg5R2uedAtksmbSnjvjJ9kVb+FX1RHnvtShilByZkj5+DzETpUuG04YCBqFff9V9Su8tNcx+hJHl3LFA+z1jQEzAQDUFzATYBJiJZ2lmaR6Lvaxz5V1ZqJbdU1aum30CzFjC952ZU1/oDf70aN60jb+0TVlX+qaipF7ve7MfqcnaF7ymAk9EyC/rBReVgy00wDK1DfUouKmQcaOOd20wjtapV+LZLs0cqRsDHs9kq3P7sreiv4T8QnfactOPBjKnr1QuF/QUGRCtlth8tvv8quvlp4OB50pVtZ3DTxSe8FMAAD1BcwEmIRYSVUykzAZGtK5DoFAr9PpXUocpIftecxkMr6d0CJrwz6p1e2cjiq3LWwmdKWEJyw7W4xreEATss/nJThVNxNCbGXWdalP6lRnRZZ9Xvt5R5ubOjnMpLlJS+e94cE+bS5XtgmfvPB5XZgJAKC+gJkAkxArqUpmItttDsmujtgYfDxnMcyZyHtB9hU0HGIv7KNoFfrpo7qaa6Aju5qLb4953WQoKa7hBs2Mq9UxqR0xwmjPruYK89VcFZoJQ/d9TWxrntVc6sHQMJOmwNXiyC7cIq9vwipTi9YOMwEA1BcwE2ASYiVVy0wIR9GQrYUdIuydj9NDgennhRfH512qmbDj15mRJBaVSZIWZ/uVO7KctrX0+6eDNN4Ri5seOhydpp1zj4AXR4T7k1ccIeWLOwEgTLrd7CNq20WP0pBiJSQeAV+JmXguqUsQB+7vkKvs7A6kPud3aH1mR5w7K7oj4GEmTUH4jmYjsbEu5cMUjYN77IgjmAkAoM6AmQCTECupimZSPntBvj5bFsaIBVnzdGApFwAAAADAmQAzASYhVlJNmIkckTpG6DEnqyHPFefwuu7sw3qi8e12m0O3HgwAAAAAAFQLmAkwCbGSasNMAAAAAABADQEzASYhVhLMBAAAAAAA6ICZAJMQKwlmAgAAAAAAdMBMgEmIlQQzAQAAAAAAOmAmwCTESoKZAAAAAAAAHTATYBJiJcFMAAAAAACADpgJMAmxkmAmAAAAAABAB8wEmIRYSTATAAAAAACgA2YCTEKspKqYSSxxeh8A8rK7f6RvKpGDw/T+4Snfzgkag+jWnr6pXI6P5c3E/mbFr10T4b2NJMqv8SG/5dhu1X7RrPz0rQDUGDATYBJiJVXFTMhO9E0AmAXEuHmoroJmMlUYHUJLmoeZSKXVIkLkZO+g0s9lADhTYCbAJMRKgpmAegflB8qGjA4BKJLxR1V+qflgq8o7BKC6wEyASYiVBDMB9Q7KDwBgAlU3E7x2gRoHZgJMQqwkmAmod1B+AAATgJmAZgNmAkxCrCSYCah3UH4AABOAmYBmA2YCTEKsJJgJqHdQfgAAE4CZgGYDZgJMQqwkmAmod1B+AAATqE0ziSX2yX4K56CqJ7WrTcjPaPzBdcGJHEsFZgJMQqykCMwE1DkoPwCACdSgmZCh9rPdlL41l+Nq3FHtQ37GwmfaI1vJcwU5KQmYCTAJsZJgJqDeQfmBhuG1v39D3wTOmJ3T4D1r0ExOHY4zKr+j2qeYn7FJJK2KwEyASYiVBDMB9Q7KDzQMMBPz0YuIAd6zNs1E35SPE7pFpEuBBL+2F+y2OdTLofHue+pb/7DdIVmF2H38FvLcSP72Igh51dv2+Nb028rihJ9RT4FuJ/8IEfIk5H+iTiBx1xPY0zcyjPdibMmF3jt9rmzOgemofqMsd532YCoBZgJMQqwk882E/BGu69uqxml/4aAioiuPxKsl/NbPkpLKD4BaBmZiPnoRMcB7NpyZyHarw+6NscuTVxxSxx12mYy8LVb32Fa2Jx0c94ay1xlzI8MRfVupkPvNDvor4KSfUUeBboXGD1tTeZ+oMjDei7ElF2om7FLA4Zw8QXjOiBdjJj+6MvR47am+FTQ0YiWdsZlE+Acq7b3q394LMpMkeQz6NlAiF95881lGvRyduNo9kefzG/M5ufxAk5GJWWyO7gk+VopZekMHYoeaB2ZiPnoRMcB7nmYm6fYWh+1qgF+XWkaErXmo/LWryD2c1M17KTvXQSylfVT925FsQ84WR9tgdjajGDNZH+1fV/4GJesQuRqb8bJP+heTbHva3uFUBgNT2dvQ0bajKn+kJ/2MOgp0Y0+F+rCJs7mCwsZt4xM1P6pO+ww/pD9hj9WRfOjrPk+fN/JUqHWQibWfoz816yMr99Jjd5Knpe2Sqjd8z4vKPJLdHYxp77MKWTMhT7hrgf5LbhJw9ZPn2Z+S27WxzVivmz75Nqfyxpz/2S6VF2Mm5HFfvTambwUNjVhJZ24m/LUs4msfo38vpZjJ/uSV0nQiv5kkV6RWD//rBRWQfvPNNy+47xMtIf/Xb3xBGMovbbOJb6L7kq0vHF8LeUf4+y5oSMgwS1Y+0bTcWCIXBjpewJ/8/qMx2+tvvNbi5S2v/X3H8uZm+7ff4K+keTssz4z9v1ffhZmYjygh/0VDbOQ9C5tJYsK9LMsHfo/y0pNevtW3nDO+zIPhtatkitzDid2yC5NiUteUOikQvkOXci2MW6xO3rFIM7E4tNH8XrBd22ZX3nyzK6C2prSlYunE/fH2wRW1vTJO/BlzKdCNjR/yjyKyj194ojTY6IKYiWddPQda1kw0SJ+eOXpBsvapTclZ9pak3iN52mcUewmRZ17rQ8maCSkqvzJnQobuquho9x4e7JvkTfmf7XIw20y6e0bb7W59K2gCxEoyz0z2Zu0T2zL9GMlpOeeJxredHY55Ni+57rNcvpPYCFtanRbBHxLxlYFORyK+nThIy3sPnK2OsYW1ZZ+Xv3C02xz+lej86JClN8T+JNmm9bF+py+cWF3q8WY/8oGZVInd+RsX3uwa1jcbeNMAqTd9p2qgK7/lQbdYeNGx/oA2PuhGDTQ0Pcrvl4wJ6OtAcrbLL7xRm0Xb6PoRkQ0uHvd/MqwuSvjgb13Ul/an+k7oIN+0vQEzMR9uIFxLdHLCexY2k0Cv8vIS8ZEBOV3wc2VW38PAyW+dxVLkHgp1mxsZeET/avgyIT6oJeNg3niSmfTcDvqnaebX98XhOP0zFI5OkZXBdDbKrsg++RKpyin0MwoU6MbGD2GvR7L12V0GPzE8UWGfV5kgUn9A9vrDEOZMduydfayPaiaC+YguROpH94xpaMeZWB3do6rFSdbsdBz3It4i53u2y8NUM1l5pC6zmZh8V7+tBLJrdVjY8w5qHLGSTDOTyatO5iGStc/1UPlcQfvAwH/VwT5bIq+Dxj9Idik82CfZPOyy5hj7Uof67m6x9nnC9AL/C2ftIjCTqvDEe5VpBl/WdRKkukzQEjl/+WULjxQDn6PLzomDRsSpjKjWh6mZhG441zdn6RvT+VNW1JwFXDyejnbzd8XX2rx85XTeDnNXYSYvAG4gJ8F7FjaTeZeyKmmdmonF2j+8HqODIn+hkXe+167SKHIPhbpllmy3wp6O7JIqcVDHzeEkM9HNmYhmMhnfph8sKpHpbof41USSnum4hzxL1ZvGLvQzChToxp1h2ee1n3e0uelHCVl0T1QmIrXSz1jJj8KsII+ZZOgYxjMdZn1ONZPF3GdMQzn+njZmP2opwkz0z3Z5mGcm0zNLrOZs51STyx0Oloxx3grUMmIlnbmZXJ1V/jbWXF3OYWWiUxJWc7HLWWeI+HL9IWsmPcISWHWsGfFxE+YvmurffGbHYnN03cr5yApmUjlESy647ytOQpd1nSonsjZzMn1mWiLnL7+smYg2IloKaDxiE27v6rbF6nQt7EhXZtut/bR1b5atzDYTLh5ENrI28vf9WUvJ14FYCszEfPQiYoD3LGwm8lag6+5aT6sj4fdMJqPslafwguR8r12lUeQeCncjHiXZtJFu+I44j8GXHpVqJvJe0JLbv9uWXYDECAcfhHeq9hWQhX9GToFuojPI+cYMOU+UMoXCYEPoPGZCz12mPoH8s3uJr5HTjqpX7zd854T1xsJxJhpGMzGu5qrKlLF5ZsJU5IeXB9fWNzouuGEmzYZYSWduJtnXphg7nYUZZkI4iLS3OLqyx8LmeZUBpdIl2AixlGvvxHM252NamTnRt1aVfOUnTNYJIwN2HAJoXJL0CHjvWuL+iHeLv3mH2TpSM+Hi8fgnF54IjcY5E7HDA1cHzMR89CJigPc8xUzIuww9An7K2UpeZ0JsnLp8q6/AiafyvXaVRpF7KNxt4LzDcl2dHyAPOCR85ORsUV8zSzYTOo53TAbD0dWlgSv0M4LYvSHblTukxT895VKOUqSDT9cD4RYVUfhn5BToxsYPdvdUIr4dXQlKrfrpVvGJIuol2ccTG2H/oIetQs9jJsphPPOr26yPaibn+5y+cHhhii9o18YtafKE+BfW/D6f85K6QkShKDORkyHpnMfjW5qfnorme7bL48zNJJU6SqdpxTEVEddxkXayNdu1RPKV45LnirNnTnW2tvPu0Oq26yK5X+VDLOKag+72Xh95yiTbUPt5t386ODnoka7SY6dcrY6x6WBoQa1mUHXESjLVTM7TN2PJ6nSGlI9JtA8MyHiRuQpdsnWCmdBFq9pqrja1T3Y1l5S7mouj1psCzKRRyVd+2cJLTLj5cSZdqIEmIDbhZudEqgUzkZduaYeRhNlxJid3kG98D6u5XgDcQCo8zkRlK9Azt19fZtIYFPkzFtkNMM7WTPiqLZKnG/HFh2uSdlYucVN5h53kmMnCOJ86J+PC4Q2+QeZ/q8RMnJrDeTrF1Y10HEnMxB85fTQMykaspDM3E620bBdVxW8bjiQfTpGWtqtZi+juoCfRW3w0pfeH5ArpaWdnp01F6dFmLX3ZE+rtrNCWVjeftWRmsn5POZdfizMsrK7U7xk0CvnKT1TiND83FztlE2ho0lKHlx235r3kCMej/l6n+BmwORhPvdX+7TdEPTJ2WJ4Ze+3Nd2Am5sMNZKeyc3Mx2rTVO8SQJ5W1hbnbc8j32lUaRe6hyG51TZE/Y5HdAOMMzWQzliADtc6um+12unarrZ0KADOTw8MjcoG0k610+NgmnqqsWEQzSUyoy8OUqIc3+W8NiWcwEGcAxVkq9RPuzSDted4dK/+gHVAIsZLO2ExKRL+aC4DTyVd+opnIi6MexVT7EqaPUIHZRKZcC9rK9Z0HyluJuC7CJETx2J75CfENW2/OYW/GDq+93vH0CN9n8gIQJWRHkxOxhfcswkwi2Y8/lMMdhW/XyUO+167SIHs41rflofI7qn2K+RmPi+sGOGdoJj+8PPi9H/Syy4/XnjI9YGbS776r2oIs7+4e8MsloZsz6ZnLOaRp+Vaf+k2ie7PqaorCZqLhsTuygwtQPcRKgpmAeqdq5QfAiwZmYj6ihOSF9yzCTEqj8teug8M02Ukx0d+y4TD+yHlDnjH9LcHJnKGZ9N2Y4MoxMfmuaCaDI/f4pocrT6pgJrJsszlc3qB/eqrt0tQ6+cuZG7FcvhNdeSC19rWxo6kKmon9oie0up1YXWqzVeebQYEOsZIiNWUmAJQOyg80DDAT89GLiAHeswbNBIAz5QzNZP5dulifOMnwTwN8SRVrCS08JhdIOzOWqpjJUTRI127ZnC5/RFGLVHsLvbq4k1TPk1PQTLy96nqw7sGqnbQBiIiVBDMB9Q7KDzQMMBPz0YuIAd4TZgKajTM0E1mbNsnrHm6Pj296ntS+3BI0LmIlwUxAvYPyAwCYAMwENBtnayYAcMRKgpmAegflBwAwAZgJaDZgJsAkxEqCmYB6B+UHADABmAloNmAmwCTESoKZgHoH5QcAMAGYCWg2YCbAJMRKgpmAegflBwAwAZgJaDZgJsAkxEqCmYB6B+UHyua4mK+pA0Ch6mbywVaVdwhAdYGZAJMQKwlmAuqdWOL0EgWNwX5VvyUtk5E3Ky6ejWQ1HxKoZWYilVaLCLHivYMjfSsAtQTMBJiEWElVMRMMDUHZ7O5X+t58cJiu7oAV1CzRraqd156MC4mWVG4mE+E9yEkzQH7Lsd2q/aJZ+elbAagxYCbAJMRKqoqZAAAAAACARgJmAkxCrCSYCQAAAAAA0AEzASYhVhLMBAAAAAAA6ICZAJMQKwlmAgAAAAAAdMBMgEmIlQQzAQAAAAAAOmAmwCTESoKZAAAAAAAAHTATYBJiJcFMAAAAAACAjlPN5N1332WDSXIBZgLKB2YCAAAAAAAKcKqZPHkSZYNJcgFmAsoHZgIAAAAAAApwqpmIgZmA8oGZAAAAAACAAsBMgEnATAAAAAAAQAFgJsAkYCYAAAAAAKAAMBNgEjATAAAAAABQAJgJMAmYCQAAAAAAKADMBJgEzAQAAAAAABQAZgJMAmYCAAAAAAAKADMBJgEzAQAAAAAABYCZAJMw2UwsF6fW9W0ms9LujejbADAVFCEwj4FzTnah3erI3aIi2X26l+XFm06lJdQ+qhRqfNZ5v9IXfwBAXQMzASZxFmYiWR2SbUhssVsdPXPKps47YXFDYTI79k4n2VvbJa9+U/mstA2v6dtAA0GGX56cIlsiJaQOsMoARQhKYmfFYiMvgE7n6JJ+U/UY63IU/0LqalWFpAQzcTuV/XMzCXTPFPXiDwBoVGAmwCTOxExsQ91XHbFsw1q7a4SZSfGEbpDhoPpRnyynyGXXQlrsUBI2a/+pLaAxaLf2Sy3j/Kr/qqPHVqaZoAhBSUTH+iWrJ6fpkXe4nNI7Bck+brlesvkUbyYamploSNaRgHgdANA0wEyASZyJmdB3r6W2QfapcDp03XkQ8alzJupbYMhyzjm2sLbsG2mzOQ6E23Ika9/Ao+zV5Vt9kpXOw5Cda23qu6bX4XaOBhMbYXITcnV9tF+yObsGg4nVkGTtJ8OCo+Q2uZCIbx9pt+ItiXjS05F9txZHtKBOIWbivZQtKqnjTo82Z0JKZXlje9LVp5bKWP/wOjGN5OQVx3omuwcOihCUxMG9IUFl6S894RsaWKS/YlmpN60k+PKqfts5t386SK9sBSyX79ASsillufeAXo1HB654A3t8lxRyL54wnYhmV50t6gUq0krx2K+QG253tTqkq3TPPVpPzUxipFbZHwKbXZRanJZznmh829nhmFfuK9DryFnNpbyAH+yQih2aJBW7s99t4xW7L3VNaZcBAA0LzASYxJmZiTbA2gvS9zCDmfDhFxnD5f0QTrJ6JsX34xnylk8/YDYOCjk9ypslHRRq78T8w3J2WwX1Vrwl5nX71TsKl/ExJKg1yGiPDN3Gtti1NWLI3ExUMiFWKuSXTwoy6feQsWB2qwCKEJRIxHvZaevyKv6pMDeizpmwV0KFgIOtlaKqEKDOQtj3X1X1eKxLMYqI74TJFtqT3JzoN5uXJkISUi64WhyWG9niUYqQFqrBTDQyvA77XA+VycDkLGvJayZKT3XOJHRd/RHkvVm7V5ggBwA0KCabSdJidVgu+/TNoAk4OzMh768Hyv/pm6XBTLLjOf7OnUvxg8Jo0NdzsY8e3KK87/L3Y8Kw3SH10nftAoNC7TM/OrdT/NJtULO0099sWuqgRzSR32lCGZnxUrG10Drh2pAkdWU/8awMKEJQFunh3n6L8kvnr29iSfDXw6wqRHztSvFooT27zztsl0aykqMQHiRl5qaX9mZtt1ixrCk2q9Y8YdLtFvdjMJMUqVX2h6DWobCai10+1Uy0O1Vf5wEADY95ZpJYvCPZlJe5nRXyOpXIt6QBNDBnZybyXtDujZHxFv08rXQzsRNbFj48HuhQVyZk3933lI/34gH+iZ0z+3F1SYNCma6lmRtR3+9BnaOYCf2dkvphU3OqmWRL5QErFUKb1UlKSx1EGkARgrJRNYC/vt0fyf6650bYKsGsmWTn8fS02xzayliKxeqw3wr6p2nIW3b3PfqaTFd2hcbZPCGdQlHex5WDXvKYCV8GRv4Q1Dq0jcyrLdvSpUCiKDORu2303rH4EIAmwSwzyeyQl7ZFdTZZXhx0Sxfv5HQAjc4Zmgn9DK9fHbGdbibpUDSltigoBx/TJfsK2YOP+QGmSb+H7iTi6/Krj8pS5sfVdC3NcK866AT1DjMT8juVbP3MK1Qz4aUSGmelImeWLI6g/Mjbpq77RxGCqqFWztyIh81H7IV6tANCJq+oZ9YSllfRNVrayq4caP24HmjXqAkw8ZCVI0xYwXgvOYhLJJRGcmFZuUBXheUzk+ydhsa1OnQ6Q8pqrq0p9op9spkMBbR7D113Sr0+0ZoAAA2MCWaSbrM5pNbcs4gQUmuVzJy4LvVrJ0zM/xkkqDXO0kzkgfPaRP+pZrL3QLoc0K9W1k7Yaukc523Jhz62UCGwGWM7cV5U+lwcn3edOCiMzYyTPkpRqnfNWrQP/HLe70Fdw8yE/E75+I+v5mKl4o+mWKlY+MHKmbB0ZRZFCCpk/d5I+3lWLW7NMtLtLfxXnO7uoFvHHqobdQd+jPXSVVi2i56BuW15b4m+mVodA/d3eAfheCQFfuzKXlA4UXuyjd5jXyIy1Z7PTORNOtnC/hBYHbYNR5IPp0hL21V1UfdJZrI46rGRR3WJvcCHySu8/u8FANCgnLmZBFx9titT4ZzPB1XCXo/UMRLYLP3kmOs+6ZzbOTrr996xdFTx3P9NQXJuXN9kCmdhJtUmedIBytVjTTxyFAADKEIAchGO6QcANDxnbiaJZEpcMCpCPyxJJRMHJZvJsJ19ypKDZMeB9cXiEs4cahr1YCZkWBiSWkfyLnWonGh8u93mOJt9gwYCRQiARiIetZX7NUEAgHrkzM1E/v/be7eltrW+T/cSVn1H66wvoW9jXcE668O+hD7rG9CBXSpwKvDGbxZfQgr0ooUnwTVNsGloF0zcZuIA7ngRCORzjOMY4x3EEwjgqTV22ljeILAtjP17SpXIQ9KQjP4eGo/GGFLjUDYrejPug7n+FJEmI/GcXnmtX1Urx9KraLVS1mibQMTjVVa3k5sfQoauSN5liT7NfSuRJuvnJHkhtX9Iu5mNqs8QOZGDrt43fR5mAgAAAAAAnghXzYQ/5YNOn+j9j0ebiRi74lUCMeO5lznDMehYvXc7fF4MP6XHYI75K64HQ/StZ5bxqSNI7dDllhOYCQAAAAAA6ICrZmKM1OQW0YWZCK5zO+JJxBYzkdiLkDlkF3yAvPXRNAH9PQN8MtJHiurHiKf5sQT9BGYCAAAAAAA68LzNhDAl1MI0E49Xmd0VY1fCfvF8Q6uZRN/0YL/PGqIlYf2ZLa4BMwEAAAAAAB149mYiicdxXkmvhJkExo1HDVp7c1ke578enN11u14+SNy53FrCgZkAAAAAAIAOPEszSQTps9gbH+WuJQILJCXP5m/zSfqA9vGFov7MfquZEA6iEZrD+PzE3OiNgK89zfuqYCYAAAAAAKADbpiJOfC9aRJvxwMjAMwEAAAAAAB0wA0zAUCDmQAAAAAAgI7ATIBL9MNMitUrkhUmTA+drn89+AWvzSD8MD1iImHTffiRHBB+mB46nZYvSdjYgwmAAQNmAlyi52ZCrs1XXV/gwWiSL13akx4Iwg88DhI23YcfyQHhBx7BzW29ezEGoK/ATIBL9NxMSCb2JADcAuEHAHiOoOwCAw7MBLgEzAQMEwg/AMBzBGUXGHBgJsAlYCZgmED4AQCeIyi7wIADMwEuATMBwwTCDwDwHEHZBQYcmAlwCZgJGCYQfgCA5wjKLjDgwEyAS8BMwDCB8AMAPEd6UnY5eWg1HgIGHgfMBLgEzAQMEwg/AMBzpPuyi2jJxV839tRG/u7FjsBoAjMBLgEzAcMEwg8A8BzpvuxymIPD1QCwATMBLgEzAcMEwg8A8BzpvuxymIPD1XrLwe9q1p4GnhkwE+ASMBMwTCD8AADPke7LLoc5tF0tF5vwKpbPqYmVnOXjPSTmlINKOb69E55b8Myl7Isfym5k9n8m49tJ/wslnMXAmIEAZgJcAmYChonnFX7ZTMGeBAAYSbovuxzm0Ha1rs1EbxW5k7zzDcsewW4kzHde2/G8P7QtBE8CzAS4RN/NpF7cVFSpobwDoF/Ywi+fPU1nSubn24tvJ6fn5ucHkP9+msmVT0vnZ8VKOnN6a1/unNqPE7uQpH9c2FLAMJFdWfAFtuLbyc2VSOgrTZG6v6kMngkTgVStMeU2Ewtl7EPV7ZfOh+Mwh7artTGT4vpy/DhfreR9Ml2aXV1QY+l8pUyC2bKy1Uw0ns+Ed0F+EQxEk0clcynZ3DcX20sm46xgDowrm8f5vQ+h2d3GP5JhJvVD3UyK6kqyWkgT7Qml6WdJVqc+JI8K5dBbla8syQuL+8Xr87T0Yo1+LiX8srKXKW8G5tHw0j0wE+AS/TaT0JtI4vyusbwDoF80m8np91Mjagu507MfwkyqZyUiGOmTAneMb3rzxW21nC3+0rfQqVUa5OG2lv5eJRfSop6bdlHJZE7pkp8X30i2GaIxFZ6ev7gqnxZJyskpzYHulE1FTaOb1M6/n4iUHPlX38uPE/OwwXNntrEAnH2pSF468Zrf6lyQfhybL9bpUlKHI94SnpmXJjfIx4NoZGJckWSxVHz0KlOruJH8LLjh59qodxMtIR8TNllpKrsegcMc2q7GzIQfrTU+DYhgE7tIf5hXt/PNt2aEexAt2I7w3lzW675hJpJ3wUgkJbQU+MznSHrYesdmN8KPQZ6KWlIpYb84MMkb1NNyTPVz8hJTFk3zeVXyryorE6t5niLJkT19bfA4YCbAJfptJhyYCXCHZjOpnZ2d6WF7kikYLnGaO6v8vCr8KPxgn4s/CsVLqhxECS71zQ2uisUf1YaUdKZ4dtvKTMql03KtWiqfcLW4qHw7KXzLlWu12je2Qq1ILKVQq1394mZy++uv2s90rkpSqqcFo4WHrwyGg9CkkrbcIq9WjqWZnWqlXL2+0y4/S5ORaiV/FItK/pjGzUSJ+eZi8U852jFGnldj6XRyg9f2+Mdq5nA2emLmCAaYdHiB1rAD9PQRLZmQFWm8obWB0/LS+SAc5tB2NWYm8W06uoNNUS4At/mU/IJ2fCATtYv6uYd8hbGF9HlDKwSNW640ssotuo2ZWL97yiJCC6KRhLMbWTwoVzNbPl02iOPNvp63KpMlK24mvM2krF3npPE1jR2AJf9IQl8bPA6YCXAJmAkYJprNhNTt0t8rP+mn2knh0nQJwV+ZU7HJt0yBTN9LTQ0mmnZ+Wig2phC7yF+0MBOTUoluclE50cVIZFIqpfX2GX2Tv/Smkl+FHG8q+fnttOmeKnjOrM4tkPqcPEObQYyKlMZuABvrkPlrXsOTRZUrv7pg3OidYqUoNZNtcRsYPB9oy4n8LkSryC9aaInWVHY9Aoc5tF2tdW+usjS1xT/vBcz+WhoNVDVuuYtj7c3FaWMm1jaTnKQkLR8t6L25Zsfoj4Lg13OjLSFtzGRKXrB2k5uVFV+D7oCugJkAl4CZgGGilZnQnlHf8rXSD1rp113iF9GDau3KaibECtLZynlzN4WHtJmQf8+ql1RudDP5ro9zcWAmbCTMKT1UplJg6KglpXc7VjOxdvTitTdqJqzxhKccVMq0dYVNYr3r3MSYMrWOKtfz4k5q1YnLoOWl80E4zKHtaq3NhAiAmq+U0/tbnnH65N+99wupDI1GddImKo7MhI+5Su8nw+wXsDipqNHkUTLpn9lq2NwyzkR6kyiyhsfV43wqGvGMtTWTwKRoIfFMhmhyKTk9roRin1PbyYn3otsYeDQwE+ASMBMwTLQ0E95LKss0QLhErXJS4Lf7LgwzIcJA1jE+NtA8ziR3bvEcso8y739ldMe6KDAPeaiZkBxOyt/RlWt4YdZxX5uJbiakGpdgHWPs1M8ledmeCAab63PdLVvR8tL5IBzm0Ha1NmaSCLBxUOPB208RIg/ZP8UIkIm5hu5RDs1E0278k7Rv2CrvpXWT943R3NT1NG8bERhmwtRo+mNNO0tS5Xi9thdoYya1Q/ndxibrihZ6q0bZQD/t/Jj2PZPVxd1Of3zgBJgJcAmYCRgmWpqJpl2efj/l/aN0l6ilT4q1Wi2TKXAVIWuy1hLan+qcNYYYvbA49NlcPyqFxmdz3VZKmR/V2s/at2xBN5PTau3qx/fCt5M2ZlKrnrB1fppmQqWoVhMdI2jTTe5xzw8DA4rfH+J992dfiZczsA7x+SyJsXpOehGi40y2N8xxJrqZ8BvtvsBW/viz+obeBp5d2Ull6A1syS/62IDhoOWl80E4zMHhas+Ohs5mX6KL7CF4oIfATIBLuGMmALiDC+FX/FHIX/TxAZTV0wJu7gEwanRfdhWrVxd/2R9GbOPvXuxoULnzv2Ij9WU1EDPGzYOeATMBLgEzAcOEG+F3+1c6c2ZP7B3oygXACNJ92XX9645k4mSybwmAA2AmwCVgJmCYeNbh95291eTsZx8bZAAAg8mzLrvAKAAzAS4BMwHDBMIPAPAcQdkFBhyYCXAJmAkYJhB+AIDnCMouMODATIBLwEzAMIHwAwA8R1B2gQEHZgJcAmYChgmEHwDgOYKyCww4MBPgEjATMEwg/AAAzxGUXWDAcc9M/iP940PkT8mr/Pu75e2PB/bFYNiBmYBhAuEHAHiOoOwCA457ZkLfSmOZwv9j274GGGpgJmCYQPgBAJ4jKLvAgOOGmXAVSe1/sya+fLVIEq0pYLjpuZkUq/evA0BLrn51+yoPhB94NN2HHwCPBmYCBpy+m8mn/y/9/7z9YE9lkHSy1J7qjMCbBY+sSLKqrqTsy8BA0nMz0VjtMNf00llMmO6drntRNUT4YXrERMKm+/DLly6hN+AR3NzWuw8/APpK381k4p/Bk+9n9lQGSSdLr69v7AvuJRuTXgTVlZ14dMMzGbUvBR2p7a7Zk1yhH2YCAAAjCKlcQowxPWJCYy8YfPpuJpJX2T/I8A5dRuLMv1aN9P+5vmdZ3RFhv5K1p/WR6Jth63UWmHyCbwQzAQAAAAAAHXDDTBaCf7Q0E57+TlmxrO6IzXdKqm5LS0lzolvXrFeZWMmxGTUdi9Bdy+pBjS3bjUhja5tzQZI4Gz02Nl5lKb6Z2ME5b+VMBfa128wWSaym6b+243/21A7l4KE9sc/ATAAAAAAAQAf6biar0V3uIc1m0pzumDufTDcMxIxhKi3NxBQYD9/LLhUVscF7dbXEZn5TN7m31A8D40qRpUledXaXp9J8+MxQUTt0ueUEZgIAAAAAADrQdzMhFM6q//z3JauB/P4hTj6S9MeaieA6tyPJQTbb2kyMNRNzrAMYNZMFPS3FV/NbD2A3Etg3F3GG0kyqHyOe8ZA9tZ/ATAAAAAAAQAfcMBPCr1+365v/25rCHyLcpZkQZLH5fWaiNJlJPTnCZnJHtCT8RTQKuQPMBAAAAAAAdMAlM2lH92YieVX2f06a2mIzd5LFTBKXYjVrb65rlpJQ9N5c79Uom7H25rKayeLLro5w8KBaYk/rPzATAAAAAADQAVfN5N/fLVtV5KxIe3M9YgR8IkgHrJPJ8ypo3PY/WAlJbBR72G+ayUG0aQS8d4GPd7eOgI+zDH0zG3tnYgS81Uy02nH3BjVA1E7sKa4AMwEAAAAAAB1w1UyMIe/Wae9/m4bQW1r0wmoYZwJcBWYCAAAAAAA64KqZuAzMZKCAmQAAAAAAgA7ATIBLwEwAAAAAAEAHhtlMwEABMwEAAAAAAB2AmQCXgJkAAAAAAIAOwEyAS8BMAAAAAABAB2AmwCVgJgAAAAAAoAMwE+ASMBMAAAAAANABmAlwCZgJAAAAAADoAMwEuATMBAAAAAAAdABmAlwCZgIAAAAAADoAMwEuATMBAAAAAAAdgJkAl+iTmdzmU/KYInmV2ehxtW5f+jiqf4QSl/ZE95mSlemPTv8OwGVS79WUmL1LzCmLX/UF+2vqJ33e5NgXPrGnMSRvxJ7UTCVxbyRI/pg9CQwzubCflnuSrC5u5+0LNS0wrtiT+gCJ/Kw9DYwENPbYpEaP7cvI0lcbaXvaPQTG3IhY8CyAmQCX6IeZ+GXFrJCdJ2fHlWLD8gdxJc3pVU0dUmtM2JKeAtm7YE8CT04l4V8v05mvUXKC9DgsR98o1Yb17qHZTB53umEmIwY1Ez6XUNTNJ7qTAjMZWYwCJxteMO/LPI7dCDEc/wvFN6ZIr2KIKAAzAS7RDzORvMHVkvmxFg8FvrB0o5aWi83u0v/Dc0HatCKrBzW+IKV+upkYpynpG/p59qW4A0TmsysLREji/++8uC3kj5EdiQzpTueNebJm9vwzWcfzOrKZYRlp2upckG71UmxCNk8EFjyyEhfLKRNsRxq7tPOjnfAuHKyE6IZj87zxh6xDDj69ssAPYxAcCVjISe92yH9HS/PSy6iIkHpyWpzZO/+kSqJrYm6LfUxNrOT4ZrOvVeN2Y5aZyeIbGmmeSZqDcbobjEUPY8m/FZ6ZJ7HEV7aix/ydx6uS/2pftoy9QFqGEdNMSMUusE//50WN5F0mRc2sXsKQ4ogEDAlF3rASeMPix2/zYVYessZn/9JnnlT8GOUxbJSZJAinXyq+D2brn24md8X48uwuXc8W3mBYsV5k6T2aXCycuyt+XJNY4JGl/OwfRKl1eF4tbxboR35xDHy03UK8qVbKJCxTlXL1+q5xERhFYCbAJfpgJil5ydZinOPtHs1mYqBX+FLS2JqRwir9YltNNxPLIi31myr2dLnjj5qlKllzKs6u25epWdYYnf4wnxAX8jtpckOjmSgiwUIrMzEafO6MFFEffdRNdNBvuKP66Wm623ynXHNLkWmATct6rbG0Nf3nlWEmJGB4kIVeKZ73hywTfc26WKfF6TbMpGllAxIztd2IR1/BCG+yI2MdMESYZkKiLs7aTKxFDTcTUhxtWkqf+IySFV1ei9JM0lxAysPJKJ8jIRomkXWZnKD/UfwiqFLNkcnNhESdLbzJ4fHwBsOKcZGtxUOhNC2jpLFl/dqnm0l6Q1wfGcbFkVxP+cXRIKGoqToJYHpXBQCYCXCJfpiJrXL2IDMxLpzkcssuwZ3MRPsa5Q3W1fUgrwRwyJrRipjnAw/MG5l6FbP5cq61MRNjKT9ImMmAM8XvDsrLJCR4YETfKLwhxXLK0lLgs9VMjliqxUyM1g89eptPt2km9pUNSBTJsiIHRKL0UlQ0YSZDijCT21re1FFL5HAzsRZHBNUQZhq31mYTszwU3RQ/RcLsJjdh8aVuJk39XUnxdbAbIVHHq59GeMNMhh5xkb0+98nMh3Mx6+WYm0l+dSFhGfxpRON1PGQr5RJBWrIFXoWsiWBkgZkAl+iDmaRJLfDamnC542OSYTeTbMzzdiN+nL/VK/1Wq3FkJqwCqpW2/I03dYw1jXlSIahWyvp0rpl7bABmMgRkwwt79ZQYbcKqYh7vQoh1YpC8y2YY1G4s8XZH+1J7lfABjQ22phEeTszEvrKB5FU335kdt6q7a7xHjbEjMFxQM2EBZt6TthY13EyMPl2ciYbSydqUa73LQ+dJabZprskjvPlOEC2+puNpWg0VFVAR3p5JVDGHHOlV1LjGURpvAnIzsQ1Dar44AtASmAlwiT6YCR0B73nD+/E3jIA3bhgfLc2T4pKUj/qdvGInM1FE9waLmSwbt3xSv6khf0Mfa42tKTp31ZLTem+ucLahp2xnM5nSB/HDTJ4fREumgnpo0ZHrhi1M8/uIJka8pab+aLgkN8tGi9PtxExYFNU+Lgf2afjZqqRg6LCMM9FpNpPm3lxGf5tGzN6txLd5by7PnGgJMdZpaSZZFnV8dFNzeINhxbz9x2llJs29uWwXRwBaAjMBLtEPM6ntRmRZCUST8e0kmZFeiAuzx6scFcrVQlqepGZy/efyxPtUulIOvVXbm4kmyQvVSl6zmAntP710mM8x9/galbzztEOtBbKm54VKclYnFbI5TaqnyUwqkz9KJv0z1Jpamkn0jRJKnqT3t3yT6r1mQuyF7KKLx46BPnFlDvxgT72ciou4Lf65LL/byGcO49tbgU+aJd7oJnQam59eoU/bbJYNfrqrGRqK+hKnZkJ+E9I4Xefgvf78hrH51nVR8LxxZCZaLSW9CIVih3vbWzSeSkn28XNqOznxXox0Z6Q84+rmcb5aOSGFHm+IJjM8hhffcVVuayZkNwlFZc6jh7dX4eENhhVHZkKKI1klV8PV4BodAa9fHDdXIvziCEBLYCbAJfphJibZWNMdvl5zmdT77ZhYe3MBcA/pDZ/5YDf6fGHrwl6S3rA8x7PcPDwAgEZaWMcjsIQ3vfliWQIAAE6BmQCX6K+ZMEmw3sDuLdVKXrYMHjWAmYAHcPlZHVdSBdrNWn2l8MaNvnD52fM2xvtzkx216cADgEFvzMQI7/zxTh/DGwAw1MBMgEv020z6SrvOCTAT8DDOkvTlEl7FH9xJn/exy3XgjXgvCtmRfRkAdnpjJkZ4e14s9DW8AQBDDMwEuMSzNhMAAAAAANBvYCbAJWAmAAAAAACgAzAT4BIwEwAAAAAA0AGYCXAJmAkAAAAAAOgAzAS4BMwEAAAAAAB0AGYCXAJmAgAAAAAAOgAzAS4BMwEAAAAAAB2AmQCX6IeZFKtXJCtMTzVd/zJfWXB7V29eYWAnEjmWOHokCD/nE/lbWaMFdAn5YyL8hmniJVJzem+nH6W/Lq9v7cH0KBB+wzSR8qQ5sedT8fzKYfg9qZkUjh0dIxgKem4mPalcgm64stQ1yTm1LBl+EH4PxRotoEvwxxw+3ClS6nXNYe2wA+4cKnAN18oTh+H3ZGayqajS62Bv3jv7QCRvxJ4E+k/PzWTUqsIDzqidjlH7vgCAvuJakfKj1O2OXDtUMHw4Cb+nMZO9DyFJVm+11CPNJBeTvIo/WrSm+bzK7K41oS0PMpPAuFK1p4HHADMZbkbtdIza9wUA9BXXipTud9R9DmBkcRI8fTcTWVaIRTRMY/NHpRu28PFmMq0sS955M6V+6P9trWdmklrL2pOGiNqhHDy0J/YfmMlwM2qnY9S+LwCgr7hWpHS/o+5zACOLk+Dpt5kcNmpJMH9urXGm5Lmtg7OH92/LxWbjyWlZMRKu/1xeTcV6ZSap9+owm4mmBSbNP51rwEyGm1E7HaP2fQEAfcW1IqX7HXWfAxhZnARPv80k1WgmNiVgS8ejjYkOyDEJ2V9TU8xqSlt+r6LtRriZEEvx+CNHhfz0CyVxSVOyKwvhOXUxmkxV6Ed+GLPjSpq33NRS0otQav+zLCueuZRWv1p8pRxUytVKmSwM+3klPkdmPPJCfDupTiqhNEurH0r+NbJaejvimdthSc8GIicut5zATIabUTsdo/Z93eHDt5t/85f/j1edpv/r/YV9MwCeP64VKd3vqPscwMjiJHj6bSb96s3FJUSSl8m/oUnF89uhYSbNqxEzES7BIGZCtCRREx8DY3oDQi424aXzREKMNhOrmeT19SQiMCzbhL6a5F3QZ58Ld9X4cjTLT4QbwEyGm1E7HaP2fd2h2UNaTpATMHy4VqR0v6PucwAji5Pg6buZaKxyz50kf3NztB1T38yT+YPzu+7NhDaV0LHv81Q8DDM5P14NhjzMiAwzMRRCoxZBD8D46G8UJ629mehpwkyq68GwfvjS2Jq+9HlQ/RjxjIfsqf0EZjLcjNrpGLXv6w7NEtJy+jc/bdAGYJhwrUjpfkfd5wBGFifB44aZzIpKf0OrQldPDdbN5DoeWi0ciod0CTO5IpKQqrPVvkbbmElE04rSuOhaZraZ6Dg0E8LUGPtq48H7n888SBAtCX/R24zcAmYy3Iza6Ri17+sOzRJiTK8Kf8d3fv4n/aN9yzbMWm5C9ZuD31sPUJxw/NxIMMq4VqR0v6PucwAji5PgccNMUu9VozmigUe/aVE3E027I9le81m9zYSk+AI76f0daXK+vZlotd2I8KJaSpLV+HZydWnZPxkkCekP81MfUunKyfU9ZvJZfn+sJz4bqh+X3dcSDWYy7Iza6Ri17+sOzULCp/+8cqXd3FlT7Fty6jmJjQYMB4K+Vxuau2bSjpZm8si7cmB4ca1I6X5H3ecARhYnweOGmWj7ax5mJgnag6sXmGaieYwLj24me0tBOrhFVvM36Q5mwqxmfvErPaR4MEgOz/NiwR9kA9nrRd4ZLH+PmVAv4pPn9Zq+dOCpndhTXAFmMtyM2ukYte/rDs1Owiff6d+fD/6630w+RQJfGq4yg2omaZgJsOFakdL9jrrPAYwsToLHFTMh3OQXg7Eq72Q1LEx4VfPDx2VjzAloCcxkuOnudBz7wm2F+Z//+MeFXnTk12em1/MNi5+I7r4vaE2zk5DpP4ftDSZtzSS9MfGhIZCImXherVUr+aNYhD56UdOyqwtTH5JHhXJYmZ/drWmXO1PCXtKS/iT6zXd6UzzrMxxlD3VkT3NhZT7ZJH6llRJ+WdnLlDcD8+Es1aHEHOsGfPnZM7OTrt3kd9f8f5xrzEw84ypZc+9DiArJTa1a2fEtHfPHPwLA6VykdHjKDn9yj3M678gJD8nh50nB+cpgIMnF2t9JSRmjGxziJHjcMpNhRB1XVvdPyNUlf/y5RV810EjfzaRepIOXcCKeCPvpeCQt7yXf/eMf//hn8BPREvKvfeET0fR972jN9YFlNLDRrCX/985tvq79t4WKIzPRtOrBFikEpj98LjKbtbaZ8LqdtYbHX9d7tDSfYk3r2Vxs8StNl62v8dXSnveH5IT7wjmyzhFbn/yrysrEqpBkSabt8MJMdiOb7Gn1tFH9DW2tJxVH/7o4YL3F/rFPf2kDUSaqW9sb3L4M9gKqGj1MV058QrquJHmepKSiemdmMDA0FSkNPFszAc8fmMlz4vxY5iPgx9TVA3pvDHSg32YSeq1I46GHltGgV7QrbkjV0CjUjGqZ+ulmYpx2uZyY4x0tWUUtHZvgP6imk/g9OvMPhtF48uTYvu/Bh+DU+oPLaGBDF4/K3vkdH+weJX/mu/r/2WQs9i0t3JbS1BL9Ma21mZiv1RLFxf5aKMs77goxtj1rUXoV07i0fI2Gc6KL70TDQx0tZnKZ9MzsZK/vivtR/zp9Oou1N1dfzOQy6VsSz8X3WVvy6Ufx9Wvx0GqJtilNxcUgQ8lLB1WCwaFdEcqBmYAnA2YChpV+mwnnoWU06BUtT4fWxkyMmp8+BsyoqLWusTk3ExJdfE0O+Whfo0e0+r7mU/vA4zDE479+utXq9f+SuLm6uPnvi/YGk85mwkhxJ2llJvY2E00rkxPHY9LjDUZLKaOJg+P3KtE3PB/aDMLr9LOy4mvswivMRLvzKElr1+V+m4l1ICU5BtGOw+B6xshJgc/6EVIsIyfBQNCqSDEZZDNJnxR+lGrVUvnk5LRIL90X2dNKJlM4K52T+cwpW/nqIn1yVixdfC/8JJ9+np2dnF5cVKvpbOX8kY9CAm4BMwHDCsxkuGl5OrQ2ZsK6xzB2I6x219lMRG8u4idOenNZ5cS+rHe0+r4wk26xuEf1M3sN7OL/umhuMLnfTL5GeXNBs5nMmo+Jr0mT9PlddNHLKH1dL/ON6SBtGLFCKvHTeluE5F3m1f34jGI8ep6j1/tz8vuGx062NBOb1XTD0dK84Rup99YnF19JSlKfp/a1+c78a+iuBQaFVkWKyUCbSaYg5i4qzEMuSEr+gj+LQphJ9bRQEL0cSWCeZzOn/DdykjnNFn/pC8BAAjMBwwrMZLhpeTq0NmZiFnMOzGTK0lRC5ORf/4uNR+4IlxN7ak9p9X1hJt1i04+3/3Hd7CQdzOR6f0O8Y3el7TgTIrrTk3RAmue16RWqrCTY+tfxUHNnQu1TxDizpHIf2NfTz4/p7mR1cZceDzeT7HpIjSbj23TioztamYmm+lWyoUjtDpjJcNCqSDEZaDPJmmUym9fbSSh8/uJ75tRY5/y0kM6cmtOPC2MRGERgJmBYgZkMNy1Ph8bqfHKQvfannnZiJj28l9xXWn1fmEm3NBtIu8m+5cBgLYI235rP+Ooj+2vGj2bxZUMByIfmUy53/Ovl6nqQCxhBfyIZGBRaFSkmA20mmZI+e5X+3tJM/spnRSOJRkeClcxmFjD4wEzAsAIzGW5ang6N3cSV5Pl8pRx6qzowk7I0vlyttH2C8ODQ6vvCTLql2UBaTv/mH1wzCfuVeKZcrZSrmZQkt61N9pL6YdMI+LtUnnaG8+vloRgBX9rCCPiBpVWRYtJkJjV1RfSJbbrq3an8zWxt6LwjJzSZiWgPudV7czWZSYveXMYnMOi0MBMjxprMJLsTCEQbUhpxEn4wE+ASMJPhpuXpGGJafV+YSbc0S0jL6cM3NgYF6BQ/rvGH3TEfoe9Ukd7yUfE1H3ve3fQKa7fUtIOVEE0Zmx+y14sNAa2KFBPLg+BY/1hyil+I+t+E9TFxdBBUTpJDjVs30HlHTrCbSbbyPUs7aGVyvFtXCzMhnP5g64i+W3f6JuWikGUwqORi1vDjo+n0GEtZF5FCJxulLy5v2LwRJ+EHMwEu4Y6ZgKdi1E7HqH1fAEBfca1I6X5HzWZi/QhAB5yEH8wEuATMZLgZtdMxat8XANBXXCtSut8RzAQ8GifhBzMBLgEzGW5G7XSM2vcFAPQV14qU7nfUfQ5gZHESPDAT4BIwk+Fm1E7HqH1fAEBfca1I6X5H3ecARhYnwQMzAS4BMxluRu10jNr3BQD0FdeKlO531H0OYGRxEjwwE+ASMJPhZtROx6h9XwBAX3GtSOl+R93nAEYWJ8EDMwEuATMZbkbtdIza9wUA9BXXipTud9R9DmBkcRI8MBPgEjCT4WbUTseofV8AQF9xrUjpfkfd5wBGFifBAzMBLgEzGW5G7XSM2vcFAPQV14qUH6Vud+TaoYLhw0n4wUyAS8BMhptROx2j9n0BAH3FtSKleH7/5bUzrh0qGD6chB/MBLhEz83k+tfd1a87eypwkXzp0pgvVu8/ZYPDX1e39qQHgvB7EORvZY0W0CXkj4nwGybI2bzu/wn9+2/trBcFNUq/IcOdwpnEjMPwg5kAl+i5mQAAAAAAgGECZgJcAmYCAAAAAAA6ADMBLgEzAQAAAAAAHYCZAJeAmQAAAAAAgA7ATIBLwEwAAAAAAEAHYCbAJWAmAAAAAACgAzAT4BIwEwAAAAAA0AGYCXAJmAkAAAAAAOgAzAS4BMwEAAAAAAB0AGYCXAJmAgAAAAAAOgAzAS4BMwEAAAAAAB3ov5mUDtVAhE/FukjbW4nylL2zu4aVwfACMwEAAAAAAB3ou5lkVxYkr8KncFYk+mSRMrGSa1gbDC8wEwAAAAAA0AH3zKRRQu5aJT6UojS5YU8DgwrMBAAAAAAAdMAVM5HV6cAy8ZDZj+cs7c5DtUSV5a7MJPVeDbxR7KlgUIGZAAAAAACADvTdTPKrC+puzbARMlP9GOGWUtuNTKzm7Rs4pH6ojinV9WD80r4EDCYwEwAAAAAA0IG+m4kFLid00htPHk98RpHeJDTtSpraEkm7kdDKgrqyk0jTT2G/okaT8eia5I9l2cj70Kv5+P5JNXNIDsDIB7gGzAQAAMAzo04uSvY0AED/cNNMtPQHMebk1r7kwfi9yvSftPLq8c6LpN2INB4xVpC8C3zGo69psDqlPLalBjwemAkAXZKYU/THiIAmcrEJ3HUCDyS7spCwp5kcbCf++X6dTsHY6XX3NRfgNk7KzMUXqj0JPCn9N5O6qGLyTlzTgWW9WxflWn+O8AM54YbDpxTPZDcSNget0IYRc5pLkaT89oY8LlLujVTQc2AmYMgw6sG1L9Fuhsw5556rLK2aD+cl9mhJvwPVAd1M4jMd/0pDQXw7SabVuflFNpPtpldzLja7O5TlbdpSJWiLMJPL5LRs19q379cv6rdavfI2uD71O/WT0OGFbZ2RRXq5zINQlhXeLWUwaV9mOgqPNpT5d/d7FT5jXw66o+9m0o8R8KnfVNZji3MizSSvNZuZlCV/zFyF8DXqjxb57Oa7dpEK+gjMBAwZvB48O6542L0PSu14dS5IyrrAxyJ9eODUlih0tCtpckPyLoRY0ZN6r6op8SonSaYtvR3Xs38AACwbSURBVGQrj6xIY/P8pU/kairNpcIz8+Lxg/UiXToePFia52XXQZTe6PG8CNKiT4dUrYxSjh8GKXtZ+/Cdf1Kl678WrcqzXkX9pPlfKtLLEN3wJb1fM71yrLESO1/Pbc7RcpscTCKwQHbteb3GNwzPBeUxmu1BjScI+PGQaWr1kH4+S9ID9iqrX+h6JM/s+efFN/MkZTMjesakY1G6yXiQfyRfmfz1SAov2wNvaAP7RIBd8tMxnvnsLlvGMvf4zRbyafLtyCGd7UwJV8yJi8KwY7vfb/zReBTVvmzxvxudyAWxdkxPiqzKr+lJNzBr5GfJADtHE0s0Eoofozxs+EnUaMAvZOP0RCfoi8juJsZsp4/eECRRRNamoWsJkoazaaD/WMzjaTyzJM/bTIKs4HuzsXfOfi/14sQLFsmTYhPxM2FhIyKKxDb99Wk8AunR0hXZT0BWJ+ZE9++DlZBvjP3i4iHxN8zFrN0rvm/F/rUtelf8+o/Md1Jb+v6JyImxwohjVrGo2dL/RcBYCwdeDoyp/MfISwnfmyhfyIsaHpO8qNFDi5AyCqjwl1rtCy0BeGhReCS/DLJilh5AOHdOz6ZX8S995qs0l5m1zI6xL80Mj0iClYd8I3KEE+N0HX4YtPrq3+IBtvipxRgEY0OKHpxh/feSCLJCWC+7yN+Hzo8v+G0/BNCEK2Yizo15M4+3n0iPfWqw7d6G5A2ulmxmoll3R/kUmf4oqgJ+GWbyBMBMwJBBzaSW8szsGO+QDZCr2mSkWjnxsPJHFE0avSNLnIHUm/3rZfJp8aXiec9q8MRY3u1ol5/JVqv7J0ekasWu99RMlJhvLhb/RAq1WmJOVWPp9P6WZ1zlZZckz+cr5c0Vs3ZOE3XzoRm+CO4lP8djNLfs6sLUh2Q1kwor87P0eST0gjq1tBE/zq8q6uanKNk1OWaJXWVJiR0KBNXoYToZ9S19JhseFcrT40IY/O82yMrp5Aap+hv71fTjqWYOZ6MndDVZ2cuUq4W0JNNetSRP34t5kmf+eIenEKJKkOS8GZgPsazJVw771c1tYRT+QKxayft4UX9Tm/Yq1Uq5xqSGZ042DGdZkZ6Ned5ukH2RP45HrygQ30sM8H3cXmEzE+OP5vtAz8KErBSv746iIR6NYb+yeZxP7++EA/aw4TNkfelVhIRN4E9a4SPXUB42xsV0wjvvD2zRlMnoXmyZxs+Mapy+0LtQvpKXZWUq9pnFz5oRJA1nU4ccD/uxlMXxlBK2M0vy9L0geZanyM+Kd9WuHy5GD8kBhN6q/OE3/GfCw4ZHFI061se7GltePCiT/G9JpXk9OPUhRcJPneQ3+O/YtyMpSRI2+t8wzbtXMLJrofV/hrgKcypTrFvXgSVplDHNJLUW2Gcp4k+6YywiERWOJeNRriJXpJRIV8qB1yo/v7yoISlGUZM/3pImN1hApYwCSpJDvldrvIDi6kiKWRLJex9EYBMzkV+oZGVW8PIYa1FmFtdpxB7FIvzXoYdH7dYUDHqE1mKK31jXfwULzW0sjWYiglOSl1lwXknjy7faTWCSD4rWyNGSL7sX3Zj6HWZyDy6aiWyqQm23GzOhdyKtn6NvFHpnsdFMtPo599eJuViKVQ5m/eJeSy0uLt/ATWAmYMggZiKNqbyuz8hLAXHH7joeChdoHyTpJb0qkzLqmnVJksbWyEfpVYxU8ha/0rZc8i+pouk50PlrbiasLYWQDZMidJnPG+295Ara3OedPu2DzVgzpOl61ZPN00obuaDqapSTFHGZ5N0eSIkdrRgr6xvqt0UNJG9j7bbheD4bD10kX3mvMc/Ue9Wo/TFy/CpA9t7sErSxhc1YagBm5uRPRDKfNhZ9jcr6/ITRwDLU2MzESORVQx575C8cekX/LKFJJZ5vMZRbr0d+9lmvoLsR8zK5G6Gxaum+SE6HvnKO1+bJ6eOnlV3xRbhaA48vsl55yfEQMzE+qrJiPbOaJU9NK5NfUFVfk5Hi59f4mVgR8W+pEliOJE1/pB+XjW9HQtT4G5pRffrpX8xDLugf7FYrHf4WZKNN3q8vH+lrjzZGa4A/yAqQTxFS4nEWX/I4aYgoGqv6D1zyhjYvWxc1+i83ZRRQRmlGS0Uaq/ZilpRO/I6Ppv8iWpaZBqKctIQHL16sR0jm+RFKXtEqSEXaFFdBg5lYEvlXmIqzaszHZZ4JMbdqUxEHWtJ3MyE/aTUQ4ZNxZ3FvJcpT9kTLHRh+YCZgyOAVtekxcr3k90pSvqXjaoXepiUTG0RXXJ2ipsGFRKunZmVFK20F9mkFXZraIldNrfHyxvVAvwaLFOu8cZXdW4lYb/fQOqJuJrbrpdUiRA80866QqFlqFjOxVNQazYS1TsSP87eNeXLI8UyMKVPrOdorJib+CPyOtTVPfb7Gb6BazcT4arXdiC+wVT2/amEmDZnT+53mqHfLCPgJvXlquLH+Ya1/NB4w1d01fjMufCA6olznUrQTywtrby4aNuz/BvlscB59kdVMbPFjnD5WmROxweOn+WxauAvPLfDjIZlbz6zWGBJ8ntQOQ9tp1nSmm4nZbVtEVPX6rpWZLBsBWa3dtApIvpqohmpaZkVXke9bsbd8EDybxLjWkUf85etp3iBAq/LGX5j+ru0RZT2bvP2hZVFjmIkRYE1m0lTMWnbE82xZZnq8SipDD6ydmViPkC+1BvM9ZlKnx8mDUzcTbfUtuzkeSBo3BGirOLH6IJcu0Jb+mwkADJgJGDJ4RY1UvPQuBGb7g8H1n8vxy5znN34pord+i+tBen1LrXm8QSoqjU0cZpuJfmWl9//0G8MJpeH+X2JO9GnhGGbC75Gb6a3aTB5hJrS5w7zraTcTSv1ckpeJgDXcfWd5GvdTRZtJJaEPifncZCbsr8Tm9gIi0VIDsGdutplkYz6LmYxYm0nDH40HT/Rtq8dgnidnx2mMGehVzGTDH/bTPW0mjs2kxdm0wY+H/BZsZ5bkuSdmRZuJ6L1DKGzZzcSMKNr8Qv9r3WbC+LhsBCT5fbVoM9Fuj/74g6vIv1Z21/6HaSa/9DVGHOMvL06KtZGN0xhR+dUWbSbNRY0DM2kqZpvMpFWZWTb62rQzE+sRUtESbSbOzGR/zQhOo/CRx0W7jZU0bc+hhTDoAMwEuATMBAwZ5t36eo73g1+cVCR5IZXJb65EzBuEshikQfka9Yzxra7oS5l4fxuy+YtQKHlytL3Br/dWM9G0IqmW2fpMz67sVCtl2mleX0ljV3dROailSIbpQnpveysvblrvVDOHqwFznMkjzIRY1sT7VLpSDtF7gQ1mwo+HHCFvPpoeV0Kxz0eFk9Ulejuc5Ol5ofdBF+NMTqTx5WrlxCerTWaipT/MT0cbvi+pZG9myvkSneeZp7aTE+9Zp479NfkdHWciv7CMM/EuN/cNGz6sJ8v6R+PBc/Cejtyl09g8OesBf4Scu1Q0YhvvYVYK6TiTtXzmcHaF/mHJH5OHjWWcySPMpMXZ5JDjCccOWQywbEtJ25kleXrGFqzjTKbZQJT4hxDJym4mekSRLyh+YpWEZ2aHfGX6MIo/l0mQkK8W394KfNLoOBM6foCOM5Gt40waq7x8YAmdft85+qVd7O8YY+KB+ZffX/Ovs0cOeBX+R158Z0bUajLNR7vxvzkvPYxxJs1FjQMzocWsGk0eJZOimG0yk5ZlJgnjPCszhZmw8Khm8kVTMMyoMMeZODQT9mw3EZy6mfjZoHzabvl6jX4MblV54Wl5vwVoCcwEuATMBIwmli4i/YWqDn+W14BhrYK4QXrD9g6rUSS9wRs6GOXmSpUBCRvLsy4HiIbeNf2HGJS1BZKzuRozWkuSBbSXAKeQn5XZMrm/1tgcCO4BZgJcAmYCRhL6BFt7Wp/4GvUN5PtMXDaTxFzDvfkR5ZPlkTD1Y3mpvX18jQ7m+0xcNZPL1KxozLRzUa2QCa+BBw/C2ke3FqO914BzYCbAJWAmYMTI06Z89sKQEcdlMwEc/hYRz4sFf3DHvuw54KqZANBjavzxsPLrSDiJToAPA2YCXAJmAgAAAAAAOgAzAS4BMwEAAAAAAB2AmQCXgJkAAAAAAIAOwEyAS8BMAAAAAABAB2AmwCVgJgAAAAAAoAMwE+ASMBMAAAAAANABmAlwCZgJAAAAAADoAMwEuATMBAwZxeoViWRMmB40kbC5/nVnD6YHQnJA+GF6xETCxh5MjwLh91TTafnSVoY8o9LAYfjBTIBLwEzAMEEuBldd1y/BCELCJl/q9o3QJAeEH3gEJGx6IsYIvyfk5rZuLUOeUWngMPxgJsAlYCZgmCAxbE8CAICBp/uyq/scwMjiJHhgJsAlYCZgmHBSvAIAwKDRfdnVfQ5gZHESPDAT4BIwEzBMOCleAQBg0Oi+7Oo+BzCyOAkemAlwCZgJGCacFK8AADBodF92dZ8DGFmcBA/MBLgEzAQME06KVwAAGDS6L7u6zwGMLE6CB2YCXAJmAoYJJ8UrAAAMGt2XXd3nAEYWJ8EDMwEu0XMzuf51l2t6WnbLyb4lAF2DuAIAPEe6L7u6zwGMLE6CB2YCXKLnZkIy+due1gInPwMAHgriCgDwHOm+7Oo+BzCyOAkemAlwiX6YiT2pFQ5XM5gaU9VPbO83Jx5ZkbxKzb7KwDHrVSZWcvZU0E8eGlcAADAIdF92dZ8DGFmcBA/MBLjEQJrJDREPdWUnvp3cXIl6fju0LguMKfpsOtxY7Z/yGos0SVay+rzPkv5gcrHpWPkomYxHo5K8YF/aEedmIs2l7EngUXSMKwAAGFC6L7u6zwGMLE6CB2YCXGIAzaS4HpxYOran6swamvE1ajOT6BulKmbTEzPLxlLJG9RXeTi52OyumJ0eU64blt2DYzO5gpn0ig5xBQAAA0v3ZVf3OYCRxUnwwEyASwygmUhe1Z6kaRNehRjC9Xl52qtUK+Xq+VU1trx4UK5WLL26vkYD+/T/7MpCSruT3iRY6qG8lCb/SUrMNxfb3E5eU/lZjh/nj2IRn8w8JxfzTaq+wFa1kJZsDSwWM0nMKSn2L88q/imnXX6WJiOr+ydHsajkj9GVaqnZcWXzOJ+KRjxjwkwkb0TPLsVT1HElEE3uJT+rq4fVyrE0s0O/1PWdvhp4JLa4uv3r57fMaTpz+i179tO64OGkMyV7kuCv9I8LMXt58S2n23HfyGRO7Ulg8EizwDOm7+3CBwBGh2uiQ9rmkIuR6xqZ5NeR1YNz+9JBYuK+Dg7VP0KJS3tiZ0h9gH99fXpY34fecFHprgS4yJy2Obk9om3wWICZAJcYSDPR6/GiPKXlCDcTzdpmshuxtZnQxgf/llZJ+Nk6/N/qenCTFWSSbOiBCSmzaKevXMy/XhZJ+2tcbwTCTG5qhUPem4uaiZ5V2G8Wo2SeOE/oFfGWJE+Z0ttMmswkb6zDyKHNpFfY4iqdObN+7Ib7zeT2r3RWj6J+AjN5TpRKed1bAehAh2uiQ9rmYNxfq6cXJ42eBYNIGzO52nzXMv0BMD9pUQdwCO1hvmsd3Er7nMu/05uejoCZAOCcgTSTkJi7zMW3kw8xE7rtdTzEc4i+UXiJxgti0abBuM2n5Bcqv4PCzcRoGGmYZx+Ney3hL7RgomaiZ2UeDEvPNvbgMuabzES0nOjATHpGk5nYrwa57wV6Dzsr0kunJX5LO1/5RT5+Z/e2syen307Jub47ybIb3icFjWX1Q2x7dmvNkZvJ7dXZj0JRv5l3+qNA22pO6Jo5MqM3qvwgOWdOsyXaOFY7OzspiA3SGbqLcqGUOaF7PPtJVyj+oBvmc4X0CRWeLDuYTK6SFWYiDu/kx0DfBB11Gs2Eh19GP2XkjBuNKqTmcVFiH08KOKcjSIdrokPa5tDY8s9HYK7OBel17aXR1bk2MU4vc55Xy/TTWTLwZp58nI3yntUpcjmrpTb4dbD2JTb9UpHG5nlVnVT68/WcR1YmAkmtXkwEaBtF4ox3AbgrfoySjxNzW3w35ABu80m6o9eRzcwNT5yeVCVZ9c3ExGDRenFvJULXmaSX8tmX4hJMrptkX7wvBIEfoTQe5IdBjjC/vUa/haymRcYmNjMJvFmgj9KR1WKdfqx92Zp9LaoE1qqCQchPVzY+psP0Oz7gMTzNZnLJ2vPZNeL0+2lab2wv5E558z4vK07ZhQlmAkaLs7OzQTOTablhOMeDzCQwpiy+1N0gvbEYi/n0vmGW4qYsTYlSci8gzGRiNS8Wtm4zMbGaSes2k8BnnjLdbCaXOywlhzaTPmGLq8L3wrfvJV60E85yp+fCKi7TuYbKH2+I+E7riFQSCEQArAaSNloqbm0XCWIm52SrH+eiM171tHAmjOOOSkWtcqJvS/SG+ka2orH805minsOFdl7OFsWR5rOnV9xM9GMofD+tiKO540dyflpA7fUZ0KrNhJxZdu7IeWeVkItKjkaExgMDjCYdrokOaZuDfhVLLS3wztLpD/MJUa2+kyY3NPtzYq6kyegRr7J/XA7RhgFqJjxFHVP0/lRFfiEjlf6pOM2uGA0aN9087MJNruYT/Dpd2pr+k9YfyAVUTbGiklx22U6jb0XO9GBa96bOGZdaw0ziM8ZWZF/zGqsbpPSU5uaRNm0md/xqLo2t8WswuYI3rmCiy8nNg7VEs5sJuUbohX/zNeJM034ZlyomLecwEzC6DIiZaPUi+dkvRpPxbTJttTWTSsIzs1PN6EbBoA0mL6NH+kd6/+Pdjpi33AghpXO+UlYnFc+4ys2EzMjvNjqPM+FYzUSr56QXoVDy5Gh7QySWEn6ZjzNZM8aZkJS9TDkVjfhezPOU2XElFDtMF9KB3+jhSfLC4n4+e3b/nxd0plVc3eV/0JtPl0w/jFvUvDmlclbiA1F4df87u3XNN7O1t1g+WgaW8I8nxXN6pRGXFqY3xkQ956pYPK1pt+USvRUuLkJ36Vy1kKPicVsqkaV6bZXBqrOGw2iNPbj0+dtvtMEEddnBptFMeCiSiZ9rEh6/6F3SQpnVQqqFIkkp/mxskwOjQauy62G0zYE9YbJaSZGrodG8INoH9P7SDQ0FDVc9fuOMmgn/bL0fx7cy2zEstwu5dVj2ovAbcEajjZGntQeXmK+fp2NR/nqAdmZi3YovtXZhaB5MYjOT8FxQ9JtgX4GI2cTSoVa/8rQa5mpA5YR9l4dpiWY3k3bXCHJ1oPenLipNlyqYCRhVBsVMyPU7GeOlkjSmBlZocdbCTLS7iTGywpr+kVHY8rw3nzLs8SrGABJryZsI0IZsdTt/+ykienN9LCaCItFYjdLZTDQtHgjSQx2b543ClDPeVL22+U6YSe0L7RJGUhJnRXFL6fyYf8GJ32gDS3iGtkr71xt3DR5Om7i6I+bwo0rr9LXalT79oiNDTs4ualeXv+ilQnu0mdCP9C4Xr4N+b9gLa/+7vfh2Wiv94M30f+WzpyTl5OyqdnZWutUqedr68XAzIfu8PDk5zTTfkweDg8VMLkulzI9K7a9fRntXMc86d/EWEwZRZZqCczp6tCm7HkDbHPSrmORVA/u0vWKWP0hGTDQY+2Ymy5vGjmq0i5UTMyG7kMZD+UqZrtMHM6ntRnyBrVSG1g34V6jurvnG6BU53PkJAfUcWUcO0DrJw2gyk0z+p+0acVK4/FmgVwRuJg2XqlEzE0+DOovJvhIYDQbHTNymST/AM6VdXF0Wiz/OaW8uYygIpVQiusJpbjNp6s3V2UwoGbZJ9bSQv7A/Zu0kYzTf00aSXL7ALSWTL4lxIxfsbhnjx4nem0s3k9PvprcYjTMcDIgfaEwzoUbKC9Cc2WbS6gkNrF5iTwTDTruyyzltc9AvcNe7EQ+r4KU/zIezDWVU295c8ZDRm4sve5CZTMuKp7GvcrOZRN+YLx/j9U/JO7/4lX4sRoPtzCQxpxq9uSS9N5f4fJ+Z8K7XlPoh/wpk26k/OjpJl7TozSW6DRuQ0kD/4dP7XA2XqtEykzQdzzQdiKjGREcU2c/oQ7irpnf4zWB/IJZquOd4DyRWNo/zia9XVOu/2Jf2BEnWh1aDVvTKTP62p7XAyc/APWAmw4ItrjIn9J70t+xZ7kw0v5/q3Wl+lGjBbwwrp+0YjWZCDEKMgM/S6qMTMyFXlPQJXe0sT68xZNvv+n6visVc2agKXBqXJdqX7LvQj4tS0wh4y8AD41CJt5CPV5Uy7wlQ+stuQWCAsPbmur1kY14Lv0olWgmiz5gun5XOz0pVUikp1LSTLGtC+V7GOR1Bur8mts3BeoH7GuUDP+KsjwCZ1HX2gKn6uRgB/3qNfjw/5i351hHwPIMHmQmtEx5s0R2NqQlWgjabiWYZAb/4kqbQEfYs5eA8J468dkxrlet56wh4foTWEfD6knvMRKsXeTVV3c6zr1DzvAiFYrQD+eaH0NQffXjE4kVF75rFe2fRFm/bNYLoCnvyioBfqr5li+xSNVJmskuffmBNOFqaJ+cpsRRNPfCJ0ZxEgPbbm13aisdiHjm0+ZC+eLJ+JJI8zxy990gye+gEaENPzKRYvbr466aznPzt7GcAwEMZ2LgiV50+XO7AM4aEhOGdJ3jhycjTfdnVfQ4jSnqDN9EwyqP5QBonweOGmVT/CFHdlOfNBpMAFRVyhmRvcPURpWRpyxhf9QiaHbcn8AdEACf0xEw0Jickq87T9S/cFAS9x0nx6jI/f17Vzi94WwoABlel0snpRa12RR/D8OPiUTcDwfDQfdnVfQ4jyuVnz9tYqkAHw6ivFP2pZaOFk+Bxw0xo84jXfCsch6SkWAud0e3POdmVBYt3mvCBxfLrtXhePGJa8m+tzolxw9U6CYvD8DvRsEiXehd4g2D1wHyVBGuGS1lc1ngjRCqwz5oC2Qu/b/MpH2uR5M/J3vtNvPuTN/8ZbXlk7/IYfQDcgf6gz1mvwp+67bEc56jRKzMB4KlwUry6DH8MC++gBYCFO95961v2rIbHcY083Zdd3ecwsojXm3gVf1A8zHPUcBI8bphJy7Hv1A1ysZaCcS9hvzmMyaAYDS5+5ZfkYvSNeNo0NxBGTXoZ5XNGm4luJlf8MdualuZdD9uZCX8+tw3y7dRPdMbaFMPNJPWbanQzC4wrfFAqMRMhyl+iRr+yUQNmAp47TopXAAAYNLovu7rPAYwsToKn/2ZSP2x2Ejq922Fvzn4MZMM9exp98535IRfjj3C1PlXamG8yk7L+GLt7zKThddrnxxMvxYs89cfk2c3EbxWP3Qh/rZ5l7JQ5KmvUgJmA546T4hUAAAaN7suu7nMAI4uT4Om7mdTibJBJ00TMYeqx9fKjpRYj17swE9ruka/d0LeWynzRfWZyvOGTldVkulopG6+/gJk4B2YCnjtOilcAABg0ui+7us8BjCxOgqfvZjLb5CR8qml3xjuzH05N8qpT0RNrUnE9yN/s09iby5GZqOO2blo5aWqLd77KhheazYS+necVb2a569BmknqvRvXBqNbeXPpaMJMWE8wEPAucFK8AADBodF92dZ8DGFmcBE/fzUQdU1qOuKtuL0fNB+g/nPp5OhYVA4l+/1xlaQdR+sgv+fXaZkYM73BoJiG/rkyyyl+wfbASou/pZE+5bjYTsve9JTqSfiKQXHwpzKT4cY2kRNnLA4x9xYNBns/emTkCns/ATFpOMBPwLHBSvAIAwKDRfdnVfQ5gZHESPH03k1qK1tdbTuLVmE9OPed5FYlv03ffrAaDnveH9hVAr4GZgOeOk+IVAAAGje7Lru5zACOLk+Dpu5kMPnsB5cj4UM910ccMOAVmAp47TopXAAAYNLovu7rPAYwsToIHZkK4m31Nn7LlebHgD2zZF4I+ADMBz53rX3dXeIkneDgkbPKlbt92SHJA+IFHQMKm+7cPF6u4QD8xN7ds4AHjGZUGDsMPZgKeAJgJGALI5ZlEMiZMD5pI2Di5NneG5IDww/SIqSdSgfsyTwvREuvdjWdUGjgMP5gJeAJyMBMAAAAAANAIzAQ8ATATAAAAAABgA2YCngCYCQAAAAAAsAEzAU8AzAQAAAAAANiAmYAnAGYCAAAAAABswEzAEwAzAQAAAAAANmAm4AmAmQAAAAAAABswE/AEwEwAAAAAAIANmAl4AmAmAAAAAADABswEPAEwEwAAAAAAYANmAp4AmAkAAAAAALABMwFPAMwEAAAAAADYgJmAJwBmAgAAAAAAbMBMwBMAMwEAAAAAADZgJuAJgJkAAAAAAAAbMBPwBMBMAAAAAACADZgJeAJgJgAAAAAAwAbMBDwBMBMAAAAAAGADZgKeAJgJAAAAAACwATMBTwDMBAAA+ofkjbRMWXyhTkRztkWe11u2FOc076gDgdeq5FV8H9L2Bb2gGgvtXdoTwaCRXVlI2NN6Q3POesoxCfvGJdrB72rWlgQGBpgJeAJgJgAA0C3pDck7b09kNAuDLeVoqfWGD8WWbWJOkfwxa4pJJTH98c6e2DXSXMqeBPqP9CpazRzGt3eIatbsCzvR7A/tWHy5YE9i+LzK4ld7otYq5+aUiRW7loMBBGYCngCYCQAAdEn6w3zgjWJPZdxrJosvW2/4UB5gJrnY7K49rWuuYCZPgnGWs+GFlp7QjmZbaIfsbW0mkn/N89uhPbVVzk0paZjJswBmAp6AnpjJ9a87ko+Tyb4lAF2D8ANPDm0wKW1NxUVpSephUx9S+eNk6K3KhYGnpCtlI2XWq9DK2U1t2qtUK2Uy0XxYLXMvoEryPFk58FoNZ2njBtlcfqEeFfjmvJpYVFeS1UJ6MzAfYn2y2pkJmZHHFkhu+eMdaYysc1M9iE7HxB4nZCV+nK9WTnyyuOMuKbGwX93cTl6T+ZdravSQbEtW25yZJweQP96SJjfoeqno6v4JyWRqXCFrVivH0swO/SLXd2Y1NLflebvBM/cwbyHf2vNqrVrJH8UiPAV0iemfuZh/vUz+DaxE5BfB+HZSY+fXOAXs/NKzw4PTM67y00ROishBj6Ls6oJvLra5/Xk1GL2tlUnIsRBtaJK5/nOZBJ7f3PZO8qo8wvWcaUrjvlJ8X9XKjm/pmORZu6HxmdVoPvTgKWVpaotsm3qvqrF0OrnB4+T6U4RkRQJ+6ncamcAdYCbgCcj1wkyK1auLv27+tic38Dfblz0VgK7h4WdPbYSsgPADfeOKVdZ5jYoyJevVtXqaV/WaU4SZ2OqFrJbp8ypTcVYLrOekGVq/JLVJf7TIUlKzRlaceorn08FM1JTouzXB92W2mZAjj/K52kda0dRoPspEWNzPlvRjK0aDxk1uT+MddN1DckabiWEm8RnlqE5nSOYe1tuNfNkUS9GaDhg8DsNMavEQPYO5mDS2nBASQc+vcQro0krCCMXFSaWdmUw3xpguww2Qk0vyi75RWFzSnH1LLIDqaZGzkWLuS5gJmTHCiZsJyUd6w1apJKiipDd8XjEihUcOCSoMR3EfmAl4AnpiJg7rfA5XA+BBOIwrh6sB8FDSH+ZXS3RmSq/hWevcfL45pYOZkH+NShivFFo6w+TCfr7+zezreWIOVCTuMxMjN7Evw0waunUJtWjcu57nbkS3FV1vztO+l3QYPZnamYlYky3lh91YCW5R3wUPhZ8CGgYBKrEN57Tp/JJTY5xT4zQ1m4ktllqeKckbpP9d7shMP6z9tfh8c0oHM9Euk1yHVqdoExyNXv176Xp8I8uKP9CmgyLoDzAT8AQMiJmQixYvgDwvg1X9jtojMG9MPhxyEe2y73WrW4B3qd/UuOPH1BT3tzyyIslq+p42AGDSIa6sdFrtJu8bo+E3tbRDP/akF/5uhIe0PyDuowfGWwRn28EAuZi4Ksvq6sG5fakDpFesy01HSMQaVQfwSFJrHq8S307SaSk4/SctMK01Ob2qZ0/pZCbe5YTZsBDSWpmJpRfN58ebifbZZwhHPcWrmA7NRBpb4x/zq23bTFSzpUg09cBMeo69AGkovprO78dl48+eDXcwk4ZT0+JMpdb8Syzmt5OkmKJh/3E5XBALRc7NKR3MhKatkYPlccUMapknN3IjeUX3ReACMBPwBAyOmbAybic8t/BUnY/7YibsPpDR+/xeUu/nV8nfIbomvUmIJnJwHx3iykrb1eq0qqdGafj5eG2+R2ayeFBObSd9sqL3rGhBBzPx/84u/DGiKPbnbPYKmEn3xGcUo46u1Q+lGdoJ3qINOV4sNKd0MJMJszdX2ujNZTMTszkitdaFmVh6c/G+QM7N5KXYcHVKbzNR2D17y9Em5lTRlSge4s8ug5n0HHsB0lB8WXpz8fNbSRihSAKpSSBFV8P7enNdkbA3euWpYwqN0kpClw0aojRnM8XYl2kmhjJZ4vPQHz30vGdD6mlvroZjMCDhp36yJ4I+0Xczuf60Zm0dY1OkmtULGzCSDI6ZGPN6IVibGGe3nIPiakdTSAk4Nl/Lxnh5alybjWuwkUI+JgLGTZc7/6QqyeqBqCCyj/RmdtLab7XJTGoHUXrb2ziA2pct87dDd1fzv6L5qB+FRDSbCblmkyKbd5NliDz5xEvtwBvaJWP1S0PtVfKGNh23tIw4HeLKStvVaONG43WXXNo/ntNWlLF5owVPnDhZTZzRLvvGJnSYJuvET2/yyZYAMGtyOeKZVUudjGTFY3uzYIZuMb48u2uJAUv1wnLlZj8Keb7IjyoXCxfuyI/C418jUV38SEt4MxpZtmSn+e01tpXREFc7WCHVRGV65dgwk+LHKA3IuS3+GyFb1b7QRhvfhxO+DWiHJC9bG0VJlY790Wo8fsgfWRbFAkthf3aeYpiJdkbvOpMTRHMTtcwbctbo3/+NqP03mwnfyvN6LZ6/6cJMNO38mLbTktIveswTHJoJjyL6G8lt8WMLz9CizL+et3bj4Ykkcx7cMJOe09FM6Pk1ToGeJIKz9jUqTlO9SGOAhatHnPEbfpX0TNIuW7xsMQy8GA2SsOfzFL0jllGwGDmTlMZ9GWaiqX56UQ6kGuKT2IilOUQcgz9AN73e3+A/k73z3j/wGrSj72bCWsfsZkIS5cDT3KIGg8BgmUn9qrgf9QQ+a7SE0u8Tp9bonR697NMs4/Y6mYnxZHfLhvxeUbbNQDqbmZADmP7I8uAHoBm9F3Lipo7OrNy6nzdNYbUWUnnlt5fI1xTbZmOBffp/fEbJskXcYfhWgUlFlyhwPx3iykr71a5SwXnpVeTa6EaYi+lDme9ELS29Ie5ha1rIT7tBGy7t8wb5zWMjDARGTa62w+v34pJsyUrTQ7e2G2nYVrNUL66Los2kaUgoPc53rPtZacuoTapjppxrbKe2AcdTpOqsD1QVZnKZFCOeS1v8N0K2CrFHQgEAABhZnsxMzDocGD0Gx0xETMoLPBrN28+XOxOreWvv2KOleQdmot+N+2TeEefvDbj+c3lqxbh7ZGIzE3IAe3yOH4Bm9F6wmwk5+NZmUj8UHa/313jvc7Im78ltmInRjE6+lPjKtZRnhlU3gTM6xJWVjqvdzdIbeGZbhP78SnpOE/yOtV6/J/Obl/R88Ts60qvYBPME2Tvf8DIBbib1K3VS9ObiZkI75VtGUvHQlfUHtpoY40z09jSyofGjECOtzeM0u0YYymSYCf9IU9gPgfwb0tVcmMmniN4dPM1/I9atAAAAjCZPaSaPl5NcTJ7b0jtDPzYT8HQMjpnQ/2o7xhB2+l5b9ox/4wH5Rr3f6CrQ0UzMlSXvspEVT9Ruyv6Xii94aI1Yu5m8ih5YDoCkVHdpi7Znkg5I1VgXajV6SBa1M5PNd9bfGnuMSf088Z42rPtmRPv7hP4qA+Np8eS7WPIA99Mhrqw4Wc2j1/iNSOB1d2t/A105UtQKSlvEMFPv1WLza+bYOBMz5PTqfkNWPHS9KgkV3nRmoh9DLR4K7NPwo2tafhTWdazDSR2YiTm2xPCuTTMIac4wEwAAAE9iJooaiPAplDSvoA8gFzM7IWRj/NZyr7A9NB30g8EyE8JlindQsY9+s4zbCzX15iI+085MeG+uls480TiQrqk3V2PnnKbqmrEvT5undgobYaxOse6zdEiDEBtOfMY+PLqapp3ZgHM6xJUVJ6uJqGsyE5JidMFanKS9ueiil9GAwtavp6aDUaMXvsDSL5/ToTeXRqOocZi75RiELzUPCX2UmfjNwKZDsXlvLttjJ2AmAAAAnsZMjMney9khVjPJmWayOheU2EAoPn6UXCyrn8ToJT5+lHEnBhBvi63ItTyl3fjGFP/6t73fxNHyOijPUH4VvNU3Bj1h4MyE1p9oFe1oad4X2Irvn8RjsVUaYnckhb9NVtbfXBt9o4SSJ+n9Ld+k2tZMNK3457L8biOfOVx8R2tm2Who7zhP8pHGI3uWoatkW/E0pO1kkXev8iqWA9AOWHMHD+waE6TV43wqGvGMtTSTtOc3S6ev1BodJ315HJgUv7gwH/JeSkovQkeFk9Wl0MR76iSqrIheZMAZHeLKSrvVsqvBiXdRctI3VyJiLGmzmWh3dAQ5fYt2UpLFHRPZq3rEoI4rz5h6JLbQaWcmWo1kNfVh5yiZtI6ATyhqg6NajoHEORsrQn8C5EeRP/6svmF++ygzSb2nA0/pq5rf0ZeR858SkZ/NZDq+vcV/IzATAAAAz9xMbmoT+p1pcuXjl1j6AAfWA5tcLPmLqAh+3l1HH2pJV1sP8u4K9I7yuFm3M4cK2J41AXrHgJjJgzB6c7lKesMYRUDfVvuoRxtLL6NG/dVvfxQYeCQO48rhagAAAADQnq+ZGDkYD1cN6A+Hod7C9IO2mehbbL5TSJ2uuh40xaOeEkOKdyN8oDDHssKhNGl/6hHoCTATp3wyb4EHXuoD2R+I8QAlrXnANHgsDuPK4WoAAAAA0J6vmYgNazse/S1L/oZBvXT4irWvDn8VKO1RYHZ9Ec/7t/V/aHzY+d1qMGj0owC9oidmUqxeXfx187c9uYG/e1c1fBozoS8eob8gz4uF9GOfp178GOU9GOVXXb3qHljh4WdPbYSs0KvwAwAAAEaBZ24mbGAof9UosY5w47PwiZnYXtKklRKiWxfrzcVfVdbRTCjcakAP6YmZaKx2SLLqPF3/emSFHoDO3Bt+ZAWEHwAAAOCcB5nJ/w+RwhytVcl9CwAAAABJRU5ErkJggg==" alt="Screenshot" width="100%" ></p>
<p><img src="data:image/png;base64,iVBORw0KGgoAAAANSUhEUgAABDMAAAIGCAIAAADGMlPIAABof0lEQVR4Xuzd+3sb933g+/0P3J/2p/2ldrLbNm3apG2a7Tk5e5bPuqtuNu7RiZL0uGmOWsc6SR8nebpNs7HdtZPYqWGLCCxSFmlSMqNLRIgwKUqwKPFiUhAlUqRIkYIEU6JEGZIoiqJ4ASXwBoKc850LBoMZErxhhhzy/Xo+awNfDACSQjfz9sxQ/+bp9/sYhmEYhmEYu6ZY/POWYeXW0yW35RvqPy3z2+/fztx+1WN4/fQ73n66JL3ND+qHxqfnJmfnE3NScl6alwCnTU7N6vNvLB9ihmEYhmEYJnezgcvklXOPKBOsr4wyMT8IrMrA8IR5CQAASNL8vDQ3L4ld/6nZ+SeJudj03PBk8uFE8v6T2f7Hs/cez94Zn/00lugbS9wam7k5lrg5mugdnbkxOnN9RJ6e1HwynG30zXqUZ4mn98qTuKm87O1YQrzFnfHE3fGEeMeBJ7PiC3g0mRybnosn5qaT87NymQjmLx6wG2WC3KNMAABYzNy82PWfn5mbnxBxMjM3NpUcmZLDQOTBYHz2QTxdKfcey/EgWiUaS0TH5ZyQZ1weURfZR95M2V48MWroEDHixQfkN5oVb6c2yejUnMiSJ4l55YDJfFLOJ8oE64AyQe5RJgAALEY5bCLHiWiAmeT81Oz8RGJOTDwh2mDu8czc+PRcbDopRkSLCAbtn9Nzo1NyQowoJbPkiC2VETcMLzIlXnZufEZ+FzEiReLK+4ogmUrKsaSfx0WWYF1QJsg9ygQAgCzm5SMnkhoncp/MzU/LiTInKmVSGblVZuVsUItFnSczyigBo8z8IpPaQNlef7r6UhPKi6spIs+sfPqWCCT1K+FoCdYXZYLco0wAAMhuXj00oZzcJSolOS9XQVLJFWXEDUmtBWXkS1PUUR9azhifpb9U6lH5XdR3TCpfgDI0CdYZZYLco0wAAFgROVSso6RLllGqJmOs2ywwljcCNgjKBLlHmQAAYAdrVCw5gItQJsg9ygQAAAArRZkg9ygTtxubnh+YmLsfz8GIlzK/OgAAwEIoE+QeZeJqI1Pz1sBYy4gXNL8HAACAxVrLZCYp9T9O9gzPfvJImWF9kvKMGGZUnhtj8i+5M78KNhfKxKUSc5K1K3I14sUBAACyWFOZxGfmf7tg8OnCh0/vffj0ew+f3jf0dLGYR0+//+jpkuGn98vz2dKBv617srPu8Wd+PfTM4bFnDsee+U2soX/W/FrYRCgTN5pO5vhQyYJjflcAAICUNZVJwcUn2cvkP5QO7Dg1MjIt/50+2yof6mXyzNFx82vlyD/++Cd//TffEWN+IKfUt7D7XdyLMnGdxJyUqwtLsg9HTgAAwGLWVCa//e6DLGXyO6X9jf2J8Rn5r+2Zl+ZHppPPHB7Vy2TUnuti//Oz2377s78rxvxATqlvYfe7uNfayyRQVW+cUFRdvmdaj2U+a7Pa7mszL+WaNSHsG/N7AwAAKGwsk7+vHxVZkpyTC0T8v/GZuWcOpcvEpqtNKJONYO1l4vH6ffsqtSnwl3eryxGPL5BaD+T7/P2Zz1pA//HvHeozL0rSr77+onlpzX7w9Re3p+YHrxaNJc0brJrdZTKTdLRMZnL3kwEAAJuJXWXyQv2ISBHlryKV/5afRHL+gxszxrO54pTJ5pWLMqlO3+muT5dJRSS1OlBXuqwyeePNF7d//6hp2Z4yedl491cvvNg5ZVxYvTWVSbK51bxkZo0Hu8f8FQAAANhUJs8FBgcnlHO4FMm5+RN9M581XAFPmWxuG6pMAv1SvNFbditj2YEyEV/h9jcbM1dWaQ1lkhg79ZaTZVJ+YvSpE3HrumnMXwEAAIBNZfJSaGJsOl0m04n5v/rw/jOHxiiTLWKjlYkkTZgOm5jKpDVQsP3rL37zhdfeDobVlZLvZGzwq2+++HeGs8JEhPzmjuHh1KJpZfs/Hldv/ODrBVJy/Ht/I5/o9b1DPeri4MXjb//kx2Ll7374RiLzBKfB5qPf/KZ2VphkLJOLBabMMH0j4WDRT3/4I/HEb+967d6U9O2/Tp9g9quLxg3TsvxKrramsadKRsV8+cTjU8PmRxecZZaJeFPz1wEAALY8e8rk3NSnj+fn5rQ0GZ+Z+4+H+imTrSMXZVLZ1hHW5lQwXSZlodR6e/m+5ZeJ+bCJcYf+VztfvJ1I3Ym3fbugU/w70eitN5yL9W1fwRtf/3Hq3sSCBzEsZTKuHzMRD33b12x8rNX3o/qH6bvia7iXut1Z8KOAIXt+tfNHyyyTn37zRevFLfcCL2c/ZpLl71UUZdKm3r4ce6pkzLqBdZZZJvzdiwAA5FZ/Q7W8B7NssWshj9dfY7oad6wrcC3zZPSBVnU3LP9A+9L7XWuWyzL50/c//cuDfX9UfOcP99/7dc/cQFyJEyVPRqaSXz5yP3uZ/OTlV9Xd/Usdnfquv5i383+VSOh7jtJf/OV/Nz4qZvuOb+mPWsvk6X//e+rKl/78K9HonT/4wp+qd7/1/N9+9nf/QH+R//Jfv6o/RXzNvz50xPQur/3sDX0DfVG9m0wmjVuKu/qWW9PayyRnUmUivPFNQ42kd+jD3y7SjpNoD2mbjX+7JLUueiAp7+Jr8XDraM2Y9oiRqUwC//Ti7dQH4QeWk8f0wykpEyJj1E/59u+UZjySbFtWmYzVvXF2gR/7kmWS5ZcFp8pk9ie/GX3mI603XmuKNz+cab4Y+8kt+e7tcOzflYy2PZguvzxxXy+TJ5P/LmufiDc1fx0AAGANVlomHm+teWlBqTJxRs7K5Hf23j0YmW6+N7O/+8nvlQ7+w9knFx/OT81qR07Evr6388kyy+Rzf/jHpirY8a2/Ubd5J99nekidouISdQNTmVQer9a3EVkiVvQysb7L+6UH1GeJaDE9pM7lLu1PRl9R7/79i9/TV3a+YN4H3YI2ZpkYD5ukd+jvVLzdot1U1byqPbR919Hbyo1Wn7Ly6VH1pdKJkildJsnEuUDB9hfkE7FSD5k+FXeM54aptn+zSP3/UCxXpwwsq0xaCowHeXRLlok1G/TRz+b6m3MT182PTn757JS4UVAx+m9PpSNELRPxzytPzK9mGvPXAQAA1mDlZVJvXlqQS8vk3a6ZyYTyV5fMS+0DM5/b//D7Zx9fHJy/H59XDpzMy7812PD3mWQpEzF/98Kut97ebawCsUFL60XjimmuhK9KmWWiHy0Rc6tP2xHUy0TMF/7kyz/7xZvGFzF9GdaZnZX/9nrjXWOWPP+3O/VvZyvbmGUiGQ6bpHfoL8pXmJhGDY+S77z401PyXwm6/ZsF6rbbXz4lP9dw7MVIlMnY2Lgy5m/fcqJXm/Wqj+1ff1n5Ugd+EBgwP7SMMlmsl5Ysk2UcM5m7P/zkayWj6uKbJ8ae+bWcK19omhR3vyy6pSv9FLlMDo0+9UHM+mrG4ZgJAACKRGxsVMxwd/3hy3Fxf7i5tq1v8FZrfeEZ5X/YB1qrGuqrQuFbI1Jnhd/jby2saG27JnYVhkP+4K2h0Zaqyhrlr33TyqS/1VelX5RrEAk19tyLhs97joanJUm8o8dbK/4pHhEvW1caaOmQ1/UOKfL5r9wdjQ1F8wsC6oqntNV0NldhsDdzIVF0Rvsb6FYtZ2VSEkmOTGnnbol/tg/OfO4DOU4+6EneHp8fm57/sC+xzGMmvyk/pq6I19F3+u/19xsLQX+WvvKZ3/l9cTfv2b80bqbOJz3X9e31MhHdoq709t40vqx++3Of/6L+rP/r699UF0WHGLcxzuTkQv/Jektae5nk/DqTFPlS+NtJQ5nc0o6EWCUavfKJVcl0RZTtkp+1/dU642Y6S36kWR7Kcsxk3HIRi2HFUiZvpL4R04UxuiXLZFnXmQw8/k9KmbSdHStXV57E1TLZ7V/gmMn9Tx9/+az86GLDdSYAABgkPXvM51aJEpD/NdBa1KD9J0u5THzWAx0D6gZymfS3ew60mx/P5PHWq4dW9GMm4mU79f9gqJbJXLiwLvXfSW+HFisTKXEv/7geJwlPcZPhsVXKWZn8+OzU9bH52dSFJdPJ+f/vzPCXjjx4ofHxqTtzFwfnv9swvswyuXPnrr6o7/ffvXdPv/2V//O/6Bt88Ut/rq9LhmMm+nz+i1/SN5YMZfLV57bri8ZX0G//q+cdfQP9cM2X/vwrxm30MV7rglyUSW5/N1fa29958XuH+tJlkmx7o3GRr3as7qdf/7F6kYnq9qEfJ6Rx6zENlSU/0qwPWf6KFcN1JrtMD4UzyiTzIqZv699I//HVXWfyeCZbmZx6MH3lwfTfy4dBxuXFyPjfdEzdfpJ4M6AdM9GvM6lqlvskdQX87FOl2a6YF29q/joAANiyeprKu+UDJsLsYMS3N+Dx+vUy0U+mkstEXZQlBsOtvj1+saVeJvkF/qqbi1ztPB4t3Ke87EJlkt5XUt/OeAZX6vYCZSJJNaV++WwiKRGtq74yvshbr0TOyuQzhXffakv0xeafyOd0yY+KOHn+5NAzBx79zv67v7t/6d/N9c//8xV1L//Ro2F9Ud/1v3P3rn77G3+tXXYiiMDQ16WFyuRzf/jH+saCfnmJ8UWMr6Df/uDXh/QNRCypi+qRGdNbiPmr//sb+sbYyGUiGqA1/x/e+GH6jKxf7VzgV1qpRIoE/tF47la4JHA043p5A2t+6KwPdRb8qCbjF3ClfzdX/Zsvtmr/v5P6kOF3c0mPjFehjLXIp6Lpd//HQr+bS7pa+t5Sp4day8HuMX8FAABsVVeqAp4CLRJCB/2eMu2gR/YyKfX6S0PqDvP19DETSTpZ7DfsRKR59jRpN5ZTJnPhosZBbaU/W5lISpx4iptykiVSDsvk6b2D/+nXIy0P5h+m/o5F8c+yaxNf/ODuM2Wjz/x6NIdl8rt/8AV9A5EK+rpkKJPf/6M/0dc7Oy/r2y+/TP525wv6BiX7P1AX/+Iv/7txG+M8efJE336L29hlIknxZuMOvXSnbvsLb3TeGBh70NPZ3Pi9vzZUxNXSb6cuMlF9+zv/kP49cZms+aFb4KHko+3f/Icf5B8fGxs/ceCNb/7EcJwk3rP9r18OfypfslIfKPgf1XeM53eJ/Ag09wyOjYebT23/+o/eNnwj8e6D4hspCTYrTzyYugxuYPvOt8RK+MYjfUsTaznYPeavAACArSrfG9APmIh9G8+RLvnWXG/2Miny+svalNO4I03GMhEhUdqc3pHWefaFlH8PL6tMpFH9jcTLZi8TKXEvV1ki5bJM3nv4mfcGLg0mH8+ky+Rs/8x//c2nuSqTf3ntZ/rdL/zJl8/U1n3u81/UV94t2CsZrjMRt//oT/5Mf1SPkyXL5M/+/P/Q72776l+dOBn8uxd26Ss91+VLVozbHzyc/v3Cf/Hfvqa/5la2gcoEy5DlUhM7hotMAADQdNcrZ1gpI3Zy5oY7q4LidqBjMHuZSI/CgQPy2Vltg4mMMlEOYvRb/hvgjYYasfHhhr6iZZWJFL/ZKn9JvsCNeHSJMsmpnJXJM4UDdXdmZpW/wURSsmR8Zv7/+ejRM/sf5qpMJENXmOaP/+x/U7c3/dbgvtu39W1aL8r/4XnJMjHeNc23/9+/X3D78mMV+gpxIuWiTNKXvytza0RdHjWty79EArlg7Qf7xvzeAAAAipyVyX8+MvhwUv39wHJyJOfmm+/Pfnb/4NMfjOSwTKLRO6ZaUGfw4UN1e+vftPin//F/V1f+w+f+sPn8heWUSc3p2i/8yZdNb/GZ3/l99VcGW7eXMn9D8eio/CvYtrK1lwkcNjRp7gebRryR+b0BAEBO9TdUpw/FqEdjXCJnZVLeOzc1q176Ls2KLBlIfLZk8OkDI8svkxVpvdj2XtH77Zc6zA/kVNPZUHHJ/uCpGvMDyIoycaPppBPndJnfFQAAICVnZeLpmP10fC6RnJ+ZnQ/dS3zm/aGn9w9nKZPHaysTbGSUiUsl5mw8rStBlQAAgKzWVCa/t3dQL5OvlI/U3pu7PT5/Mzb/4qnhp0uGKZMtizJxr9jif73JWibGX2ACAACWsqYyGZ+eN/5urt/d/+iLB4f/fcnQ0+8/yl4mZddnzK+FTYQycbux6fmBCXNdrG7ES5lfHQAAYCFrKhNJOf3j+vDsJ49SM6xPUp4Rw4xqE59lT2WTo0wAAACwUmstE8CKMgEAAMBKUSbIPcoEAAAAK0WZIPcoEwAAAKwUZYLco0wAAACwUpQJco8yAQAAwEpRJsg9ygQAAAArRZkg9ygTAAAArBRlgtyjTAAAALBSlAlyjzIBAADASlEmyD3KBAAAACtFmSD3KBMAAACsFGWC3KNMAAAAsFKUCXKPMgEAAMBKZZSJ2KFkGIZhGIZhGIZxfjhmgtx49OhRR4rpg8UwDMMwDMMwKxrKBKunZwllwjAMwzAMw6xxKBOsHmXCMAzDMAzD5GooE6weZcIwDMMwDMPkaigTrB5lwjAMwzAMw+RqKBOsHmXCMAzDMMwGnBM3p36rZPSprT1fqoiZfiz/q63nxbNdTs6lgVHrn06WoUywepQJwzAMwzAbcKy76VtzjHHifJaoY/3TyTKUCVaPMmEYhmEYZgOOdR99y47+M7E2gzNj/dPJMpQJVo8yYRiGYRhmA451B33Ljv4zsTaDM2P908kylAlWjzJhGIZhGGYDjnUHfcuO/jOxNoMzY/3TyTKUCVaPMmEYhmEYZgOOdQd9y47+M7E2gzNj/dPJMpQJVo8yYRiGYRhmA451B33Ljv4zsTaDM2P908kylAlWjzJhGIZhGGYDjnUHfcuO/jOxNoMzY/3TyTKUCVaPMmEYhmEYZgOOdQd9y47+M7E2gzNj/dPJMpQJVo8yYRiGYRhmA451B30dRxqbti4uNpKUPGRZVOfQmLSil1JH/5lYm8GZsf7pZBnKBKtHmTAMwzAMswHHuoOuz9d6koMPpt9oiu/unf2u5VFtwknzyhpmRTmxLmXyL2098ZnZ/Z9Erw6PN98ftm6wlrH+6WQZygSrR5kwDMMwDLMBx7qDrs+hUelrlsXMiZUMS5bF1c+KcmJdyqQkEr34YNS6npOx/ulkGcoEq0eZMAzDMAyzAce6g67P124ko59OfMWwUjshSVOzX/loQkpqh0pEA1ifuPvO7DeOj37l7LQ0PpPx0KmZ6KeTXzkTf+NaQl2ZkuZ/3BT/btOkmkBil+mNhsefP/5ErKsbXElKU+OJr5yZklJfamhGKjn3+I1P5/QyESupt5i+fkP7qlJlMqF+wYeG5w+dyvgiraP/TKzNoM+/tPU8mcnY4AfN4TN3Hh6+cW94ckY8akyXx9MJ8c+P7w3NzCbfvtxreqJ1rH86WYYywepRJgzDMAzDbMCx7qAb5/MfTR66n5Sk+c8rd6WZ2VeVGyJR1A0WLBN9RDxkrkxKybmXjut3tZBIb58qGT02xIr61lfmUisz2te8nDJ59f68+gU/VRKXRpc4iqL/TKzNYByRIvceT4rqqLh137geuv9o/ydRcSM+MyseEiOKRb17/v7Ii0qiVN8esL6gPtY/nSxDmWD1KBOGYRiGYTbgWHfQrVP4cL72rHzDuG+jPrRgmez+NDk1p25lvgpFPCQ6Z3BIKZALs+YySZ2ClYqNCes7rqhMDhm/5KXO79J/JtZmsM7w5MzQxLS48a+dvbHpRDI5L0Ytk9GpRPej2OWhsXev3BJ35QeVR8WcvP3A+lL6WP90sgxlgtWjTBiGYRiG2YBj3UFfYM4krvfINyRp7uSZjIcWKpPp2P1J9ba1TNT5fO+ccihjQhrOqAVLmYxKidnd/ozniq9BuRGzlsnnryXNZ3OFk6YvOMvoPxNrM1in/eGYenaWfo6WqBG1TD68NfB4OqGeyiXmYXz6xugT6ytYx/qnk2UoE6weZcIwDMMwzAYc6w66PieHk2/IF4HEr89Iryp5IF9nMpMUKyV3tSe+en++4uz41zLiIS5NzX7+oydv9CbNZdKaKGl/8o0L06EJ7dp6/TqTN5S71jKRrzOJz4p3rLivvWNbQiq5oL24WiaFQ/Mn2598tz0RnZHMZSLiR/mCxVuc7DB+kQuM/jOxNoM+gVv36+4+LOu5M5VIXh0ef1EJjwOfRNsHR8WKWib/2tk7NDGtHlF5MXWdyeHrd2uig2923LC+pj7WP50sQ5lg9SgThmEYhmE24Fh30Lfs6D8TazM4M9Y/nSxDmWD1KBOGYRiGYTbgWHfQt+zoPxNrMzgz1j+dLEOZYPUoE4ZhGIZhNuBYd9C37Og/E2szODPWP50sQ5lg9SgThmEYhmE24Fh30Lfs6D8TazM4M9Y/nSxDmWD1KBOGYRiGYTbgWHfQt+zoPxNrMzgz1j+dLEOZYPUoE4ZhGIZhNuBYd9C37Og/E2szODPWP50sQ5lg9SgThmEYhmE24Fh30Lfs6D8TazM4M9Y/nSxDmWD1KBOGYRiGYTbgWHfQt+zoPxNrMzgz1j+dLEOZYPUoE4ZhGIZhNuBYd9C35nypIqb/TP5XW481GxwY659OlqFMsHqUCcMwDMMwG3BO3Jz6Lctu+lYbY5ao43ycXBpIH7RZzlAmWD3KhGEYhmEYhsnVUCZYPcqEYRiGYRiGydVQJlg9yoRhGIZhGIbJ1VAmWD3KhGEYhmEYhsnVUCZYPcqEYRiGYRiGydVQJlg9yoRhGIZhGIbJ1VAmWD3KhGEYhmEYhsnVrKZMynx+j1dMwPyAszor/P3mNTjKVCaPn0yJGX88aZzY+MRYLD4y+nh4ZHwGAAAAW0YikRA7gaNjT8QOodgtVPcVxTyJT+uz1jK5EQoFqmp8Xn+gqn6BOd0VjZufsixz49HWUL7IHl+g8ca4+VELymTdLVgmC8YJZQIAALB1JFL0MtF3FI1lEp+YWWuZqCInAsqRkwWmvNu88TLEPd5A+WUtSKJ11eJ1Mjcwo0zS4r2+YK950X6mMhEfL+NnTk8U8VkUn0jxudQ/owAAANgKxE7gWCyuHzAxHi0RWZKzMpEGWq1NsuoyuXW6sm4gc6m7/vDlpPi352DnlWAw3+ev6pGXAwfkIsovrjGWSbmyWJc60lLuDczebRcrMfleorRYfrSoon0ZR2Jcaz3ixFom6lj7RHwixedyVmH+wAIAAMDl1N08K71MrE2S0zKReq1NsuoyCR30R0xLQ+2+01Hxb09pyFNSczIUjoyJHGr37K2J9FxvCzXlF2hlEu+u9x05Hwl36Ze+lIsO8QVaOsLi9nBzsOxMVyQcLi0NReb0V9+Eqor9DsfJYmViihNTmQAAAGCL0E/lsrtMJGuTKBOoumneckl1pdZTsyKeCrlWPN5KfSngS5/iVVOiPKWnKT8VJP0N1XVD8g1RJtOpzeQyaXB0f339JGNttaH+hHnZNqYyEZ8t42fOWCnqdfDmjyoAAAA2l2QmsQeol4kxSHJfJqVe/5W+welcHIhY8Gyu8m7lbC5vvb5Warj4RD2bK9Yc9HirY2Oj6qhfTLnpGpXEaHmJ33eksz8XX+pGlcwvqKm7ubpfPrBK1jLRZ8EyMX1SAQAAsLmpZbJglkxMJsTkskzMS6sWPV+onLuVEm854m+blG8Zy8R4zEQ7zCIfMzF/GeYykSXFZqXNo+blzSJ2ud7hLJGylokxUSgTAACALWhubk79fcHWMlGzJKdlssdfnvkrg41nXq1UzQH5ZLC61nBb6Ly44avSLjwxlonU35q6ziRkvM7EszfY1hE+WRFUV4xlcuVEZUs4eivc5fFVmw/LbBaxy7XOZ4m0vDJR40T9DV1zAAAAm9fpT6d/6/3hpzbviO9OfI/mbzsrU5noQZL7MhH9UGM8zjEZ9hgu8MCmZyoT/RNGmQAAgC3Iuiu/Kcf8bWellsmCTZLjMol2dJlWWlq3yLXmkC1WJqZEoUwAAMBWYN2J35Rj/rYXNz8/r/5NJk6UCba4JctE7xP1dwfPAwAAbF5PvT+yFcb8bWdFmcAhlAkAAIDOuhO/Kcf8bWdFmcAhdpTJ4RfyUra9XFofnTBvsCKhN/IOR82LazU98NLOHeqXuOun+6fNDztnZ15eq3ltRaLip/3mBfPqaiQflVafy5jTl83bAACw2Vl34jflmL/trBYrE2OQUCbIAVOZiM+TNUtWVSZvqrc7i3eJO52zmVusxCrLpGffm+fMa6rH597My3tuOJUj09FQxsPLMp33wmHzmlNO/TQv5+9+oVakyHn1T+lm28UPqs/5P1L75LxpSwAANjfrTvymHPO3nZWxTKwpQpkgZ6xlok6uymR+fvjYS3mLRcJyrK5Mekt3LvamLz8rvp7H5tUVmajPeRss32vP5rxM4iJCAl2P1DunTslNMj//sP60fOPak8xtAQDY1Kw78ZtyzN92VnqZWDvEOpQJVm+xMjGNiBP171s0Ptf8sU3JLJP56MGdOw/KbfFmXl60fNe2vLwd39oxoDwk38nLe+ftd57flrfjX0N6Lux6Nm/bCy+r62/+s14mUePLzp97U31ZWd8x8Tov/eydHV/Nk4+FPLx27Gc7Xnqvvr6hvv6iKWt6xftnriiih3fm5en3RA7l5e1Ubj4Wt157+x3xxTy3La9XbHhRvOy+vG+9Jl782kN1c3kb8e4vv7Atb9uuY33ai4hXePfgm/I38lPx2nmhN57Ly9smXkd80++mzpOSfybqrYmo/NWKqd0vXuz4sLy2//m8Hd8XP4fXXhI/iB8en1fe/SXxWoZ3N5ab/ON8VnuLdH1FD+/I35+37XnxFb72w+fz8p7T1lNuXjgvHx5p6MlYTY6mDptcvpbMeAQAgE3MuhO/Kcf0XRt38KzEHqDYD1zOAZNJygRrsZYyWcwRuUx+qd15UvPys3kNk/LNX4pd9bI7+mYzdS/vKNT+Lk5BbJb33B75VteevH+u0dfFrvQR7Ul30i8rNP9y5yH5AfE64v3S64o7h3b+stm0prhzJO+FI+ZFSV7faXgR+YSvvJ3yLfEuhq855ZzhRW4eeD6v5knqzvvP61+MXF0/1b6Ril15z++/qW0kXc57VvtGxM/E9Ori+XeSmUsK/WXFU4zfgvhS1Z9Pw6t5e67qy+nt5W857yV9vehbeef0O4oPTzTvF/Nxxq8Lrz2tLCpzrGvY+BAAAJvYUyWji8z0dUl61a/dlaTkIfMGy57jE1Nz8nuFwo/NDy05rYndqa9hLWP+trOiTOAQW8tk5smDXdvl/XN1XexS1yiJojr387yi6+m7NT8VG+4QN+6U7XypakRfF3vS2ctEqYjn0uuKRcuk+ZcrK5ORmrxnd+nrKYYyuX1APHFGf+R60Y7UXfESu/wP1GXxgr9s0TdKfyPmMkmKh543LuiWLJPX8/L09BFe1u9mxpj406no1+/JjqUKJP1dSLNlqUW5TDqG0o8AALCpWXfiUyOXSax/MrVnv/oyCU1JJ7smvts+XXvF/NAiEw+1pm5HkhWnrBuseMzfdlaUCRxiW5k8v/ud3bsLjzwx7O2a9sLFZsb/eC9aQt351ne1VYa7C5dJxiGalEXLpL9CP16RYbEyEUZubntW7quXCvWv11AmzXIppNblh/RvU/6yUl9D5je1aJmIr+Gm4YDJjmfznv/h6w0fN4hZskyMX79k/PGKMnkz/ZMW68Yfr3BSj5BTFyRpVLl9Qc8SMccjExlPAABg87LuxKdGlMm8iIpvaHv2epnEosreTvT+lHy3c1ariKaENCyvnHwsqTf0iUnzphf/bnhWfQX1xcWEHitnWCXlLfXdL/mhG+ki+nGvvNMQG535sXYUZfJ6b1w7GnPliektTJN6yWWhTOAQ28pkgb1/0174xbfy9nSl7xqPmbx8Oh00B3Yay+R1fV1sph0z+XneCo6ZGE9zMsosE/k4iF4mKRU/1I97GMqkv2JXXl76EE/mMZMVlcmdQ7uef99w2OPs68+9e1m/t2SZ/PLZvPTWpmMmWctkrLvN0CEXuqIDn3ZdSq+cvno/Y3MAADYz6058auRjJqJDpGRS2bPXCqF2Qvq8cuOlu3OF8o2YNDr9lBIkUaVAYtJcbVPGS33+42nxRie7JlIrcWlYfop4BWlOfvHv3pkrMZ6y1ZqqnRJjmUwNfqrkx5nEoPZlT0oTCXWzaLZvRB7zt50VZQKHrGOZzNS9/Jw3vS+dcZ3Jqw36+kvp60xGjLVQ8VKeWiYjVfI14fq6KkuZ7JSDIXVdiG6k+iXDlye/oqVMpOZfps7OMl9nUpE63cl0ncmKymTXsxkHTMT3pX6D6r0ly6Th1bzdHfpy5nUmWctEmrxtPEIi4uRkS1fb7f7j9fKRk5OfcMAEALCFWHfiU6OWyeiVpJwiepmoi/KEk6ELyk5/Yna33AbzIlrkuzOzr5pfavSlroR4r8Iz2itHe2PqK0hKzBway/wyFiyT9OJkaEYrk9h97WSz9Fe1yJi/7awoEzhkHctE+CflKpTd7+x+/qt5O946p+eC+ru51PWid3boe9K/3C7/iqnd77z+0vPbjgR26zvuT64Widd5/Z3dO7Zv05Ym5dOf5DPKfl6hPTntifo7rHZ8a4cYfQ/+iXxe1jb5TbflVXif06+A3/XT3fLrvPO62FL/CsXtl9/ZXfSxGipPxN2Xfr775e8/l7dtV8Xt9DbLL5ORj/4p7/t71BO3xETk1LmjflPyL+Z6dteO1Nd5c78cP/q7G1/5OeX7El/ttmcN9bVkmUjSww7jYRM5TsTijdbW/ae7zZsCALCpWXfiU6OVyVMlT0RsxKxlkpq2hBTteyyfwdU6e/LU1PUbSnUsNKlomb5+I2OdMsEWtb5lIs08aCiUj0889/2XDRekSNKDi88pv1B41zsNI1UvpfekRy7L689ue/6He+Tzr9KHFKSKn8t/peO2Hbv019n9fXlHfdvfFunb6GaGLu/cobyB/HfAKwdqFK8rT3mpsEG56EUpk6FzO7Qtt+35KH2q1eVD8i8Ee/20dhrXSFeFfC3KV5+/nD6va2Vlol5mo1Of2PCO/E3t/OGecw/kC9y1ZydHjO9ufOWZ/oY9P5RfZ9dPD2hL0rLKRDz1frfhDK4TF8IdneLGp3HzdgAAbG7WnfjU6GUinyull4l+Npc+h8Ru//DslbC4PXX9vogT60upE5OmZn8s34hPPcy4EOWlu8s7m+uucj6Y4WwuygTuZkeZwL1u9XxS29wl5taA5YQ3AAC2AOtOfGrSZfKUf9L4u7muT2lXq39NXWmSU0HNlQVfMKpsPzWV1JPmG1fkk7vEKww+0BKlLZ6+Al5MTLmuXb694BXwx9WVjVEmPfEehlndUCYAAAA66078phzzt50VZcI4NJQJAACAzroTvynH/G1nRZkwDg1lAgAAoLPuxG/KMX/bWVEmjENDmQAAAOisO/GbcszfdlaUCePQUCYAAAA66078phzzt50VZcI4NJQJAACAzroTvynH/G1nRZkwDg1lAgAAoLPuxG/KMX/bWVEmjENDmQAAAOisO/GbcszfdlaUCePQUCYAAAC6f3vAvBO/+UZ8j+ZvOyvKhHFoKBMAAADdmTuJ37Lsym+mEd+d+B7N33ZWlAnj0FAmAAAAyIIyYRwaygQAAABZUCaMQ0OZAAAAIAvKhHFoKBMAAABkQZkwDg1lAgAAgCycLpMzl1o6H5sXma0w9pXJPLDlmf+vAgAAF3KyTD55x+v3KHPi7iedTdXiRkHtJctmzOacnJeJukM2p0gCW5X6fwL0CQBgE3CqTB53qE2iT0FJQP7n6Tbzlo6Px/uhdZHJ+eS2TNQmEbtlt27dqqysPAZsYU1NTWqiECcAAFdzpEyGLpTvz8iSdJ+srkz6asVz32voMC76vP797ZYtlzGUiTNjR5mcO3dO7JMlEiv7S3yATaa/v1/83wJlAgBwO/vL5FaDMUW8hcdyUiYlvznh8QbSK4+b3/vwI4fLpL2hyrrILDa5LROxE3br1i3zKrCFif+LSCaTxAkAwL1sLxOfL90hvqpz8uKDpnSclNQ0DpmfsvT01e5vbirx+fWV8IUTH16udbhMqsrSXwCz5OSwTNQDJk1NTeYHgC1MPaeLMgEAuJe9ZWI8PCJGXy/JXK8ZNj9xielTIqT7o7LLn8h3++veEy/eHlTL5MLpD8VrBruby4r9x24pG7QHy09/WHb645rr8gb7C/z7T38cbDjdqLyax3vMe+j02cg5+QL9I03KW1x873hdsPviieNV6lGdYyV+T+Ex+VktddqxmrEr4rvovH+5c1S8RYenoPpMd/OxCo6iLDo5L5Njx46ZHwC2MPF/EbOzs5QJAMC97C2TnrsX5H36VIG8c+RjsRj59GN9peD0heZLF8zPWnLUMhFR4Tsh/lle5H/nw2a9TDzeqqr72pYeX1C+0R4suXA19fRmT/lZ46ulk6k9aD1+4imp7VHLpKROXRG31Rv7060ll0kk84mMaXJbJslkkjIBjNQyEdFufgAAAJewuUzUffrMIyTGWfV1JmqEyIdK5GvfA+XX5a5IlYnxLbQyOdaXeu79BtObpmskXSbX9pd96C1QXkEvk1TPLFQmPccOHfO8++EF+fiJ4etkDEOZALaiTAAAbudcmRy8fCW9/rgrJ2USbq7+8E6z9ku60mXyYbpD1DGWSfyc5ZiJuUy86eS4uswyUaem/Jh+uIYxDWUC2IoyAQC4nWNlYj5L6kKNfDXIGsukJ/6JeJGwuqhfZ1JbJRaPnWsKnqt9p0LJiYwyka8zKWuQH626I9+1lsn+d/3lly523mnx+Y5lKZPgEX/ZuZYzkcuidspOfyy2Lyr0X7B+tYwylAlgK8oEAOB2jpVJtWk9R2XS847hKhE9VzrDde/4/B7fsWOXL6sPZRxFeXBBfbReufLeWiaRXu03HR8Ld2Upk56hC2Kbd46f64lf9imnfhVUyBfSMAsOZQLYijIBALidY2Wy8BTUXrI+hdmUQ5kAtqJMAABuZ3uZMIw6lAlgK8oEAOB2lAnj0FAmgK0oEwCA21EmjENDmQC2okwAAG5HmTAODWUC2IoyAQC4HWXCODSUCWArygQA4HaUCePQUCaArSgTAIDbUSaMQ0OZALaiTAAAbkeZMA4NZQLYijIBALgdZcI4NJQJsBxvvfXWr371qwcPHkjKR/1nP/vZ66+/PjIyYt7OgjIBALgdZcI4NJQJsCQ9Rd5++21xt6ur63WFGirZUSYAALejTBiHhjIBlkmNE/Wf+vGTJVEmAAC3o0wYh4YyAZapq6tLzZJlHi1RUSYAALejTBiHhjIBlokyAQBsTZQJ49BQJsByXL16VW2S/v5+tU/effdd80YLoUwAAG5HmTAODWUCLId+eYlkqJShoSHzdhaUCQDA7VZWJuZnA8tGmQDL0d/fbzyDS8TJvn37DI8vijIBALgdZQKHUCaArSgTAIDbUSZwCGUC2IoyAQC4HWUCh1AmgK0oEwCA21EmcAhlAtiKMgEAuB1lAodQJoCtKBMAgNtRJnAIZQLYijIBALgdZQKHUCaArSgTAIDbUSZwCGUC2IoyAQC4HWUCh1AmgK0oEwCA21EmcAhlAtiKMgEAuB1lAodQJoCtKBMAgNtRJnAIZQLYijIBALgdZQKHUCaArSgTAIDbUSZwyHqVyWBHyOP1ewoqi46cNz+W1Y1gIGpeW1qR1z9suOspbTXcA2xEmQAA3G59yiR+t7elNTzN/4BuJetUJtd9wT7zWjbRooYB89pKFHlrPL4a/S5lAsdQJgAAt1uPMnkUlv8btph9K/tv2HC1dSqTiKU0kqXFAfHxK6po1xYehasOVsorp/uK9iifTK+/vFvqrPD3a1vEiwr8Hl+g81FSvV/krb7RUCNvuacylrkfWOQNHt7jj6fuamXy6HpdRVBsX3hUC5Vyrz8eOS9W6m7K2x7eJ7+U/qxGZeOqy8ajL8ASKBMAgNs5XSadFfJOoZi2wYT5seUbaDXubvY3VHu81YaHc2KgrlTbSS0Nhs0Proq6v7tlrVOZSIU+f3lDRL972OfXbo20H74k3mXKUxy6ld6XS5eMXiaFXu0pNeIjcVT+MBhO2UqajooUyR/FuKegvlPpDNOj4rPaqdwQZaK+aUC0UEG9sjbs8csvHj1TqT43cjzgKabesVyUCQDA7Zwuk3KftrtvfmBFnCqTxo5wW0d7vs+v7imuEWWyLmUijfeJP0Hf0fNXlCMeho9K1FN1XZKuF9YZD6osUCYeb626onzS5DO1igwfYI9X7QqNUiZSqc+fL7+4uUyk7nq9TNQFOYCVIJG0jQfFinp3uq3Ghg82Ni3KBADgdk6XSZF6HpfXPyvfSxT6/IFr5m2W5lSZpE7miXpK2wczHl0NvUxCB9cWZu60bmWiiocP7/FPK5kRGxvVJp4Qn6XMXFyoTPS66K5XP2lLlon6+YnMac8tEqFy6HxsLL5wmVRoh3SUjSPiofRXODauPgQsiTIBALids2UyHo7K/xlYixMxhadX8duPFi+TuQGPr7JNOdDh8QbURz37mmqqqsVi2V5/pLveV1IvbqcO2iTFcwur2iNie5+pbQxlMtKef6JXuXWvNNgeu9srnq5+AaIxGvsGxR5kWYE/Oi3/J3l5R9NXHenpFdHVn7mHoJVJIn5Y3fVUtjd+AXX96n/UrymqaBXfQqDE33KztSoUbjlTk++V96qluV5Pcb14cfFoWbPLLkJY5zKZi54sln+Gh33pi0AU5rO59EMoepnoHSJeQT+bS12RFi0TST7Ry1uplolnX+iWstRY5l+qTOSzudRPArAilAkAwO0cLZPyAn9Z68CVE/LVxuoMr+5/QwdajXmjjLw7OBwKnryt7dKJZogoLy4eLQ0pO/E3Q54SbR+05ZBf3lMc6SxNXXUQUP6DukGqTBJxkTShkYzHxP6lp1S+ftqX2r+cbqupG5JviK+kRt2tjDQplzGkaWVi2CuVlNN+1Bvy9QbKXm+qmiQp3uXxqecRJW8EK1sm5W/cveeDrU+ZDLRXNXSJFi0vkYtRLAxfqvUdOd8iGrmjvUo5Xlfk83tKmgbv9pY3XJekUU9Bbcvd0cGRdJmIeiw7ExnsC+v1uLwyUa5LUctEpOwJ+RXyCwJLlomIKDlu7w62NNSXHk1dpg8shTIBALidc2UiskQPCeVUrjVY5JhJ1R7DWVIDraXNo5Ky46juCxpP1FEvRI6c0C7HVye1mUq7zuRKn/E0rkT5wWpte2UnMt9QJqEx8W/5cEp6UnucqgXLJGN7ZR/XcGbaQPoVuuvV/5QfEHvY+4JVras61rSu1qdMgC2DMgEAuJ0jZTIe1rMkvyJs+i2rq7FImYQO6leGyLvyVT3yv7OUSaw5uPgFKsbrTDT6EZKWI1qZSPE+9fsqPS1f7iz/F/fSVtOzdIuUifkLyF4mmsQ9z54mw30XoEwAW1EmAAC3c6JMjEdLcpAl0qJlMtwcrOqxns21aJmoZ3Mt8mu3FigTT6ooxLPUMulvrI5m/vZjjzdQ3r3wS+plcnJfxtlcpq2XVSaWk4g2PsoEsBVlAgBwO9vLRD6Nfl/oxlzcs+qrSqwWKRPhRqheTiBfoOWutsOfrUxkyfID8jldvgOmHf0FymT2bqd82Ke4Jt5Wo5ZJ/HKtHl3qX5knzY1rX0NBZSTz6hS9TNQjLflB9TBL+guoi6inny1eJpNRn/pXARZU5+yH6RTKBLAVZQIAcDvby0Qa1/7Gd9ftSS9tLqJdW6/Q/z4+LIgyAWxFmQAA3M7+MpGkqoPBXP016hvLUHtZW3oHOt9baXgMZpQJYCvKBADgdk6UySbWFgyqR4R8B2rW+gvHNjvKBLAVZQIAcDvKBA6hTABbUSYAALejTOAQygSwFWUCAHA7ygQOoUwAW1EmAAC3o0zgEMoEsBVlAgBwO8oEDlmXMpmeSU7NaH/5JuBegyOT5iULygQA4HaUCRyyLmUi3si8BGxSlAkAwO0oEziEMgFsRZkAANyOMoFDKBPAVpQJAMDtKBM4hDIBbEWZAADcjjKBQygTwFaUCQDA7SgTOIQyAWxFmQAA3I4ygUMoE8BWlAkAwO0oEziEMgFsRZkAANyOMoFDKBPAVpQJAMDtKBM4hDIBbEWZAADcjjKBQzZTmXRW+PvNa2tycm/AvASsEGUCAHA7ygQO2QBlMtrWEVbn5EF/3YDhkRVarEzqSv2BkHj9rsKS87fMDy6gqGENXwSQiTIBALgdZQKHbIAySelvLfL6zYsrsViZeLyV5qVsopQJcogyAQC4HWUCh2yYMkmKfjh5O6ncHg40hGND0ZaqypqofN/jby2saG3pCE9n3g75g7eGRsVmanuoZRLvrs/PLJxCr3/WeH+u11NcHxu7l+8NlHfHxUKgwF8VCl8JXw809sbGugpP98XGRuMJqVx9nYH2/EPn2/oGrzTU5ldElJeI5O8NNPbcu9VaL1amjS8OZKJMAABuR5nAIRukTOpK/bcW2HMbUA9feHz1+pLxdsqAeLqklMmN7npfVUSujQzJ8tKAx1c5rLyFurEw3Vbj8VZL0qDHHzZsHNGPmahlovWJuuJTb0fyT/SqK+IV1nIGGjY9ygQA4HaUCRyyQcrE4zVea54oP1Dp8frFaGVS2qo/Zrw9GG717ZE38yjxIMok3+dvsXSJqiUYFM/tn5NLQ32KMtXGFFGYy8R4jlmqatLbUCbIjjIBALgdZQKHbIQyCR30Rwy7baXpErierUzGOktDw+pmAeVQhno2V5lP6xmrciV19GMmKQPZj5moL66tpI6ZUCZYJsoEAOB2lAkcshHKJPOAieEYRaQpW5kMtJa1KV9PpEm9sES7zuRybX7mC+oKvf7Dl6aiZyrr+tULWjQeX43hXqQwlRpqmXRWBPQzzVIX01MmWC7KBADgdpQJHLL+ZdJdbzi3yu+piEiPwuJG/oGmtsFEtjKRpMCBgNhSbHalKl0msng433AYpLREPjcsf29Qvc5EaAsG5ZWSYKBZucR+vC/fp5w8dvy6uBeQL0oJVEXSV5jUHa2UNygIps4Uo0ywXJQJAMDtKBM4ZP3LBNjUKBMAgNtRJnAIZQLYijIBALgdZQKHUCaArSgTAIDbUSZwCGUC2IoyAQC4HWUCh1AmgK0oEwCA29lYJleqjH/N3BJjfjI2HcoEsBVlAgBwOxvLpLNCTo78E73ppbmpto7wlb5RwzbyL2NdcZkMtPoq2sVLtYXOi+cu8jdx59Jhn7+w7p551Z3i3U3mJUdQJoCtKBMAgNvZXCYF1fpf7CBUFWtHSG7oMTE33Fkl/4UP6Y2WY6BV/0seRNvUKH9RhB3kv/Ji84n3+oKGXHQKZQLYijIBALidvWVS3m24fzvk2VMr9hXrSkWcBA0PSGspE6m/tahxUPxbvKw0fl28lBoT8Zvtyt9YVx3T/1JtX/2Nhhqfz59fLP893IeL5b/krvBo6m/Ti/f59sjVpK1E20v3pc80K/f6U++YLC2Rj/Pk7w3OKvf7G6o9pe2NFXJfHW7oU18sdqNdfu6eQNtgQl3ZWNYjTigTwFaUCQDA7Zwrk8HGarGzPqiVSUaKrKVMhkPBqh75hnjZ8gJ/Y0c4pqzne+XbLWdqPKWt/cr/Unu8NUUVrS0d4UCJv+Vma1VIflRsNq1sL54rVto6wmV7/XX9SSkRj411eY52xcbkc8/0MhEdUuhvFZs1VlXnK0dU5DIRhVMhL+rfiHjZto7ettD50Ii6sOFUFfsdjhPKBLAVZQIAcDvnykS6Vu/ZUzMtTfVfa/V4Kw0PrKZM1KMZYoqqwuqaKJP0WV09TeXdSX3dc7BTyniXAc+RLvXWdFtNnVwcvcYTt1KHdCL6ol4mHm+1vlm5T35BuUxSi+K2/E5KmfRPa1/ARpWMtdWG+p07pLMuZTI9k5ya2eB/EMDSBkcmzUsWlAkAwO3sLRPfwfPGlSKflhPyQQlNYjAsZ4Zxs6UZz+ZKkc/mSok1B5XekMmXu+xpkjKiYiDdId318pZjncYX9HgDyr8XLJN6fTPxjjGtTLRFvUzk2z3yCV0RBy7PX41kfkFN3U1Hv7h1KRNg66BMAABuZ2+ZyMc0Gg0JMd5XVBIsP60dr5C03XrzyV1LW6pMFjlmsniZrPWYyQJlIszebc341WQbRuxyvcNZIlEmgM0oEwCA29leJssc85OzW7JMJMnn8zd29LY01BquM8lSJlJgr3ydSaQverhYP6Qz5fFVDg7J54ilrzNpDBb6W2/1hBuDwfR1JpYyKTpyPjo22lhVHbiWbQ97XcQu1zqfJRJlAtiMMgEAuJ2NZQIYUSaArSgTAIDbUSZwCGUC2IoyAQC4HWUCh1AmgK0oEwCA21EmcAhlAtiKMgEAuB1lAodQJoCtKBMAgNtRJnAIZQLYijIBALgdZQKHUCaArSgTAIDbUSZwCGUC2IoyAQC4HWUCh1AmgK0oEwCA21EmcAhlAtiKMgEAuB1lAodQJoCtKBMAgNtRJnAIZQLYijIBALgdZQKHUCaArSgTAIDbUSZwiOvK5MapQL95Ddi4KBMAgNtRJnDIepXJYEfI4/V7CiqLjpw3P5bVjWAgal5bQl2pX34vfUpbzVsAtqFMAABuR5nAIetUJtd9wT7zWjbRooYB89oKiT4xLwH2o0wAAG5HmcAh61Qm9zylGYdKhpuDZWci0bHRQLG/X9mFK/L5PSX1V8LXqy4Nx8a6Ck/3xcZG4wmps8Kvns11pSoQCPUO9nV5fNV1/Un5KV6/78j52Ni9K2dqrCVjLBOPN6jdmgyXhob7G6oL91bqryavz/VWFfhb+gbFS5V3x/UnAitFmQAA3I4ygUPWqUykQp+/vCGi3z3sS2XDSPvhS+JdpjzFoVvpfbmIXhp6mRR6tafUlPo9R8OSUibD6pKUtJ6yZSyTwB7t9nRbTeOIJMqkrE3Lj3LloeiZSs+eWmUh6Sle2flmgBFlAgBwO8oEDlmvMpElRkv3+tVjFBnXgVREpIHW8m7jpguUSbo9uus9XvlFilKtIj/qrddvqzLO5oqeD0SSooJKlaeIMulMPaLeLjd+PcqLA6tDmQAA3I4ygUPWs0wUammY9/7nwoV1xtOxFioTr3pMQ24Jj7dGWlGZiA18tWIl/3ivpLxC3ZC2HjkRiKgXzfvl4zDAGlEmAAC3o0zgkHUuk7noyWL/tHI2V+bFHOazufRQ0ctE7xDxCvrZXOqKtIwyCezxF3kra5Tf8yXKpDSknQh2WD+bS73gBFgbygQA4HaUCRyyPmUy2esrkE+UKqpovfJIvnhdkpLlBwLyqVN7Ap0j8v3ZwXDVwUqxUnr2nrgbKJUfrYqky0SSEkXiRXyBTu0VVlYm0u2QXiPyGVyPtLdrG0xoGyQGC/fIX2SgeaW/phhIo0wAAG5HmcAh61MmG4AIlenUbeN1JkBuUSYAALejTOCQLVkmU7GhqPFkLcoE9qFMAABuR5nAIVuyTADnUCYAALejTOAQygSwFWUCAHA7ygQOoUwAW1EmAAC3o0zgEMoEsBVlAgBwO8oEDqFMAFtRJgAAt6NM4BDKBLAVZQIAcDvKBA6hTABbUSYAALdbnzL59ZHaO/cemlexqVEmgK0oEwCA261PmXi8/qPHGs2r2NTWpUyGY9leB3CLialZ85IFZQIAcDuny+RweUNRadC8ii1gXcpEvJF5CdikKBMAgNs5WiZ9twc8Xr+Y5par5sdWQHsRfcq7zVtgA6JMAFtRJgAAt3OuTDou96oh4dtbqUeFeaOV6G+o7jSvYeOiTABbUSYAALdzrkzUFPng0Jl7/UPF+4OUyVZDmQC2okwAAG5ne5kkErPJpPy/lNbzuMS6eDS96QqZyiTf628J99YcCZR3x9WVwn3ByN3RqgPifavl+931J88Eiypa2zraPb7aon3Bto5wy5kaz9GweLCqwN/YEY709J48omyMXKNMAFtRJgAAt7O3TIxXgzwcGrtx854n9Vu5jA+t7rKTjDLpaarq0W6KDqkb0h8QIuXqwZnu+sA1bammxD+deljtFlEmbQPZ9oaxRpQJYCvKBADgdjaWyaPhmKiOkrJTRaXyuVuFRXIAqGUyMzMrboh18ai44SusND95GYxlEmvWTg9TprpuQF5sO12b7zNc0NJdr64LdaXpE8m0IyqPwvKW+4LDCf0R5BJlAtiKMgEAuJ2NZfLBoTO7361Qb9+591DNA7VMqoMXtFqQpImJaf32ipiOmZR3Jw0PSrdOVzaOKLcmu8qWUyYpNaX+iPE+coQyAWxFmQAA3M7GMqk80awnR3PLVWOZnKm/pD90s+9+DspEknw+f1Uo3NbRXniwvV+Sprvr8w+dH+y77imoLNyzdJmUHqiJ3B2N3e0t9KVP9EIOUSaArSgTAIDb2VgmV672eZRrSOo+7tRPqVJXIj13xA2xrhZLTspkdjAsn7vlC1S1DShpkSjaI9+9MR5vObJ0mYQqtPPBDp+5rj+EHKJMAFtRJgAAt7OxTKTUYZMF2yNY06o/9CQ+aXoUmw9lAtiKMgEAuJ29ZQLoKBPAVpQJAMDtKBM4hDIBbEWZAADcjjKBQygTwFaUCQDA7SgTOIQyAazE/zm8n0msmDdaHsoEAOB2lAkcQpkACzLGyaqzRKJMAADuR5nAIZQJsBg1TtaSJRJlAgBwP8oEDqFMgCzWmCUSZQIAcD/KBA6hTABbUSYAALejTOAQygSwFWUCAHA7ygQOoUwAW1EmAAC3o0zgEMoEsBVlAgBwO8oEDqFMAFtRJgAAt6NM4BDKBLAVZQIAcDvKBA6hTABbUSYAALejTOAQygSwFWUCAHA7ygQOoUwAW1EmAAC3o0zgEMoEsBVlAgBwO8oEDqFMAFtRJgAAt6NM4BDKBLAVZQIAcDvKBA5ZlzKZTc6J92IYt89wLNv/RagoEwCA21EmcMi6lAmwdVAmAAC3o0zgEMoEsBVlAgBwO8oEDqFMAFtRJgAAt6NM4BDKBLAVZQIAcDvKBA6hTABbUSYAALejTOAQygSwFWUCAHA7ygQOoUwAW1EmAAC3o0zgEMoEsBVlAgBwO8oEDqFMAFtRJgAAt3O4TOL5Xn/+oVbzMrYAygSwFWUCAHA758okduO8xxeUb433ebz+GP/rucVQJoCtKBMAgNs5VSZz46JGbsS1ezfOBD0HzmdsgM2OMgFsRZkAANzOgTJJFvr8noIa83Li3lqOnFQdrM4XL+sLBBoi5sewIVEmgK0oEwCA29leJp1Vlb4j7dGEeV2Ihmo8xfWdj5LmB5bU3+rZGww0dLWFzucXh8yPIqt4d5N5yRGUCWArygQA4Ha2l0ksnvB46zvNy7LOCn9/Ih6bXnGZ1JX6+81rkqeUC+uXq6rYb16yH2UC2IoyAQC4ne1lImQrE/Paskxfq/cU17cNpHZe56ZiY32eklBsbFSSjwnU53v9jR3hljM1eq54vLWevcG2jvbOqNh+wOOrjvT0yqeZbdWeEXHiC/aaV+1EmQC2okwAAG7naJm0dYS1uTYgraFMtGtXvP6q1mhqZUBvjMAev+dIl3pbJIp6Q2zcmbr+frg5WNOvHKiJNOkbbDnxXoePnGyWMukrCsmf3qyWsw2QY5QJAMDtHC0TcUNbUSpiDWWimR7o0n4TsaFMPN7qutRuoXgL9QJ5sagtSVLVHrlq9NHXt5TY5fp8668lsNN6lYn4o4+NjbZ1tJ88Uu3Zq30C7RHVP3iA8ygTAIDbubtMhDItLdJlku/1l3dr167Ulfpjyg1jmYQO5uB9XU1kSd3N1CEkp6xjmei3p7vrD1/SXrnqYKXo0sbUz0G9W3hQ+4gOXw6Ju/l7gydvTPU3VPfPDef7/G3yL3KIFDXI/eEpbT+pPCX/gPyUaIPyy+Lk1q3XtxFuhOqVlw2pv+lBfqnxvrqj8hNPXhtXtwFygjIBALid68vE4w0o/57ylGhlUlXg9xzULmwxnM2V3j0dbg6Wdzu9X76RJB0+WqLaCGUiSb2eCuUo2khn/qHzsaGox6c8Onldvjs2ePKI9qveRDm0dFxvDIbaRuScqKsINHaEh+VHUmWypzIQ6o2OjQaK/XUD0mx8NNZae/LGaGwsbiiTKY+vUmxTdSCgvpF4Kd/eQNmZcOxuJPMLA9aKMgEAuJ0ry6QzGFRPxMovCeqF0VlVLVYGlduzg2H5P2AXVA+n/jfatBeo/pdsT0FlUcXWuwI+fs+84oiNUSbqZ+96wKcl663TlVfEvybD+YcMn4Rr9TWGj6ZcJunTtFJl4lVPI5R59jTJ/+quT22mbSOe2Jn6BIrbLZPyP0Nj2kpd6RY9kxA2oUwAAG7nRJmkL3y3zLR5W2xaG6JM5iKequvSQGuR1x8bG1VnVnssIZ/QVSIfM5GLIv0c0129TNKXrGi3LWWS0d7Ko8aXokyQW5QJAMDtnCgTQNoYZRJvqwlEkqJPylPHTEyK1PXLtaZjJguVSfplFztmMti4wDETygQ2oUwAAG5HmcAh61gm8u/mam0NlAXUQyKykbBnb82toXuNp5VLbgbaG8PR2FA0X7tsKenx+q/0DbY01NdFFiuTQNmZiH6diWysM/9oV+zuoOE6k6THFxDb1BxKX2dCmcAmlAkAwO0oEzhk/cpE+ZVZvoDvQH3qxC1ZY4V8tZLvgFImk73qb9bSf1/WYIfyu7mKg43RxcqkvupgpXhW/oGm1EPJoj1+5fhJ+ndzDXY0mX43F2UCm1AmAAC3o0zgkPUqE5sYrzMBNgLKBADgdpQJHEKZALaiTAAAbrecMrmqmKRMsBabrEyAjYYyAQC43ZJlcv/+oLozKW5QJlg9ygSwFWUCAHC7JcvEuD9JmWD1jJ8kygTIOcoEAOB2lAkcYvwkUSZAzlEmAAC3o0zgEOMniTIBco4yAQC4HWUChxg/SZQJkHOUCQDA7SgTOMT4SaJMgJyjTAAAbkeZwCHGT5KTZXJ5YKrp9gTDuHfO3p4YnkiaP9kWlAkAwO0oEzjE+ElyrEzE/txQfOldOmAjm5ek5uikedWCMgEAuB1lAocYP0mOlcnZ2xPmJcCF5s0LC6BMAABuR5nAIcZPkmNl0kSZYMugTAAAbkeZwCHGTxJlAuQcZQIAcDvKBA4xfpIoEyDnKBMAgNtRJnCI8ZNEmQA5R5kAANyOMoFDjJ8kygTIOcoEAOB2lAkcYvwkUSZAzlEmAAC3o0zgEOMniTIBco4yAQC4HWUChxg/SZQJkHOUCQDA7SgTOMT4SaJMgJyjTAAAbkeZwCHGT9LWKpPxjt9cmzYvArlGmQAA3I4ygUOMn6R1KZP7n3Rdutx1cPd74p/yfPLAsOFCpjq6zUsrEq17aF4C7EOZAADcjjKBQ4yfpHUpE1XdnveMd6veL3vl9fdeK6xW7+71Fst33yobksZfe/29V5QZSm08evm0usHeii75/kRf09HD4m7V5VFti5Grr/38vVd+uf923WH5hvz0aulh6GBYe1x7u7cOq9/e7tcPX2+ofOuX4illj9mfxNpQJgAAt6NM4BDjJ2mjlMnYxV+UNj5+FG31l9U9kKaufVRc84m4e+1cnXj7vo/KWsfHH4+P65v/4vVidYP9J6+Ku8feeu8V70ePx/vFurqB7+fv1V3sunTu9OzE+OOLlSdviadPpMvkYUh+u/H+7obKXxyVX2H36+/94kDjpduPumuO7W5Y6hgOkBVlAgBwO8oEDjF+kjZImfzm5+nbr/z8o6mOyuKGPn1lqOGw6WyuV0SZpDd49Ir/E/XWVPuxukfi35/srjPURbhaO5srVSYHX0+/3UHlrXcbVuSjK8AaUCYAALdzrkw+jT44U3/J4/X/+khtx+Ub5oex2Rk/SRukTEQYPFaOiiijbDk7une3fBbW1EJlom+wu7pXkq7u/qhPf/rsXLpANJYyMXaI+mVQJsghygQA4HbOlYloEuPUfdxh3gKbmvGTtEHKRD1wYZG8U3f45L1FykSWfOX1Mkl68MoR+YystLmr2Y+ZGA/RcMwEOUeZAADczokyUVMk0nPHuLiv5KRYNK5gczN+kjZImUhjXa+8fazvUf/1y12+qk+GzlZeu/1o6HbXydLia+L9b532fdQ7ND6ufyl7qy+oG7zy1kfi7knve6+8UXb9/qPWho/Uq+R9P3+v6Vr00sWQfGf84i8OdTy+/yh9LGXi6mt75OtSrp/7SL/OJPXalAnWijIBALid7WVy7ZPoB4fOmFcVYl08al5dnqqD1fk+v8cXCDREzI9hQzJ+ktaxTIDNijIBALid7WVStD947758dbCVWBePTk8nzA8sqb/VszcYaOhqC53PL1b++zSWLd7dZF5yhPGTRJkAOUeZAADczvYy8Xj9PTfuqid06YtHjzXq62ebrxg2X5a6Un+/ec1GoYOb7ayzquJ1+I6MnyTKBMg5ygQA4HZOlEl18MKCZaKuH/E3GDZflpYj/oj5f3wjngrttK5yr7+oYUC5EYi21stv7QvciCuPddd79jS1VATFYnko/fthG5WVwqOtN8aTykKkqkeavdsuFmNR+Z+mr9/14r2+YK950WbGTxJlAuQcZQIAcDvby6Qx1K12iLVMrOvLliz0yU+satUvU1mwTNIBk6++S7ccKtoTTgQaR5QbxwMtarfM9VYV+IeVNY83UN6trsqvo97YVOK9Dh85MX6SKBMg5ygTAIDb2V4mwtCj2P5fnzYWyKkzbeKuWF9tmWimB7o8vqByc+Ey0bfsrFBOAJPLRP8NSBF1s1LjF9BdX9WTfki1Kcskdrk+v6DGvGon4yeJMgFyjjIBALidE2UizMzMNrdk/OUP6i8RXmOZCD7t6UuVid9SJnPhLVwmSZEldTe1g0LOMH6SKBMg5ygTAIDbOVQmi1l7mXi8AeXfA56yduVG0mMok85JbTPj2VzTykqnP3U214lASLlhPJvLWCYn963pK9x45Cwxr9nP+EmiTICco0wAAG7naJn8+kitMUUeDctnc63iCvjOoHzBupj8kqD+n/1vNNR4lKvY60rTZXIjZLkC3lutXu9uvAK+TXnBwqPnrzzSroA3lokU71t7QW0g8XvmFUcYP0mUCZBzlAkAwO0cLRP9knfjXLmaLoTcWuAsrIzrTOAo4yeJMgFyjjIBALido2XiMMpkQzF+khwrk7OUCTaFefPCAigTAIDbUSZwiPGT5FiZDE8kh+LqGXqAW4ksaY6mrplbHGUCAHC7zVwm2FCMnyTHykS4PDDVdHuCYdw7Z29PiMY2f7ItKBMAgNtRJnCI8ZPkZJkAWwRlAgBwO8oEDjF+kigTIOcoEwCA21EmcIjxk0SZADlHmQAA3I4ygUOMnyTKBMg5ygQA4HaUCRxi/CRRJkDOUSYAALejTOAQ4yeJMgFyjjIBALgdZQKHGD9JlAmQc5QJAMDtKBM4xPhJokyAnKNMAABuR5nAIcZPEmUC5BxlAgBwO8oEDjF+kigTIOcoEwCA21EmcIjxk0SZADlHmQAA3I4ygUOMnyTKBMg5ygQA4HaUCRxi/CRRJkDOUSYAALejTOAQ4yeJMgFyjjIBALgdZQKHGD9JlAmQc5QJAMDtKBM4xPhJokyAnKNMAABuR5nAIcZPEmUC5BxlAgBwO8oEDjF+kigTIOcoEwCA21EmcIjxk+RkmQzHpsTbZRmxwfRM0vy0LWw5PzHzc7ABUCYAALejTOAQ4ydpwKkyEfvQjycS5tVMYgPx9ZhXt6pl/sSIkw2IMgEAuB1lAocYP0mOlYl4o3nzmtm8spl5daviJ+ZelAkAwO0oEzjE+ElyskzMSwtZfLOBulK/ec2ou97jqzUulHr95d3GhVUq8mZ9X9ss/qPIkGWzoqw/gc4Kv8erTVHDgPlhrAFlAgBwO8oEDjF+kjZTmRw+6h9O379XVFWfZb98+RYrk+m2mk7zWi4t/qPIkGWzpcuktNW8ilygTAAAbkeZwCHGT5ILyyRZWhyQ/0t/QXW/8fHu+s5IU000dfd2qDHSqu2Xzw0X7ZWfUnczrj7oqboeOCCv5B+oV1euNNSrRw/0bQ4r71J4tLUsVSbqNvnFNcq9Ue2Ag7ZzHy8q8Ht8gc5H2hX8Yr2zqtrjrW0LNwUi2mKh13/4Urafp9HiP4oMWTbTy6SxIii+VN+Bmrqe9Ltby8RTEak7WukpPq/cU7+jyuHU3vWNkPztlwbD+goWQ5kAANyOMoFDjJ8k15VJf0NmkOhEmYh96z1N6r3DPr80kCqTFP3oh8cb0JYW2SZ0yH9L26tMekzHTFJPEV+Jdswker4wtU1Nqd9zNCzJb+HXEkfc1k4zi+Yf702tLW3xH0WGLJulyiSy4JGTBcpE/07l70j7EeV7K9WVw5eVbyjSpK1gcZQJAMDtKBM4xPhJcl2ZSFLC5/OXVrVeGcz8vVVKmTSW+aflO8P5J3rT1TE3XlpSqR7iULc17JFH1Essoq2hfJ920YWUeQaXflvfxlQmGbv43fUeb7Uk7+VrR2OENuU0s8jxgH5EZzkW/1FkyLKZfsykqjSQX1oTy9xPlr/sfbVtHWEx/ZPyiv5dGC9BUX8g1hVkQZkAANyOMoFDjJ8kF5aJaJPR0n3y/rF+UEKmlMl0W02L2MkeaZdP61LLZE5+Yk1HNJ6Qyhcrk7kBT0HN4Niovs0CZZLaRj8EsfwykZTTzAJ7VrZDv/iPIkOWzQzXmfz/7d3tThtJvoDxS8h82svYO5mP5w7mEvbb3kBLx8gKiQYUK4qYREsLCw/BGhIwgvUkGx9YCC8Ti8CELJkwiJ0AMSMnEGPTp/rV5TIGG9rlFDw//XXWtBuDo8pJP9Nuuzo1Mmbdnchv1z8u5oxzJnKZ3MuXPh74429ZD7/0t+AclAkAwHQ9LZM/Nk/UTbi25JVkZJkEGwrpV9KXXpm4L74aHBvwG8AvEzcVglcftTxnspwbfxt87e+TH7Kj14wF3xXus5fP1svEP/LcKUQlMz4YvZpLKhPvJ/rb29f6j6LBObspV8B7KTLf+OXZZSK/Pi3awvt3tY8yAQCYrmdl8sJOW/ezPTnsUI7eoIe8kowrk+O15+4LipLpO0P+hdqhoEyc8e+DNohezVX+tWB517JHbaOWiX+9u3hMaZ/oCnjxgPUtyfT64U54uF9OJm1ryP+xFfUK+Ma1/eKRXezwMLX1H0WDc3YLy2Qnedt7EVrhvfwfIM4rE1fFf6eBVCa4mmZ3Ie/+yfePRVvQCmUCADBdb8pk5emEOJw6CY/POrbjHvOl8tKbtXpvQHTmFbfNOiqTTL9dUrfhMuSVZE6ZmG1isLOXcjlt/1G0uRt0okwAAKbrepm4/31XuobVndujb/b9y4gvXyYP7cno1TKu2kbqx9nYyqQ4e/YbMV0P5Y1ktoM3a4qLvJIok64rH2yt5hMjRXX7Rdr8o2hzN+hEmQAATNftMtlozJLs7qF8xFlMjsyvhy9E6cBOYXhu1X2H1tDxvyfrnyNxkQvLpPg4fZ3LxHEynf+n9KuTV5LOMjlVt6lOr+Vx9quclUxf4jNAbu6fmPkoEwCA6bpdJsXGMlGSwLu3P9+4sQ3+S/nXws+S259P9dnOcvDZ26JSEqncmz92H961F723Jd2eHpsaSY/nV4sf3S/9X2O4397yz9yUi9bdieLa62TSdv8bc+1o/F7wjkDizvACAPd6g0RybG5hNT1oB5+sV9uwUrNit62FXGJkydtkDBEnms+cyCtJW5kcf6mKn9XOqN95U7X5JyZ2U78TvUaZAABM1+0y6darufwI8T9LbmLQdj9LLiyT5t1EmdQ/pdsrE5Eli+Gbv2ait1UN3+xIREh0zkQuk91wP8t7kUz9M+/cxxwLb5qiWpqbzG83fjpHN8kraUdXmQA3B2UCADBd18vE8Q7u/SbZrVTeLBTSQ+7Hz60fVq9eJu6pEvfa91E3PKIyOdycyU6c+eF0PqvP/QWiL1ON4eS0LpNwW1AmpWfZqfDXjz4F3BSll7lE/4S6tZvklUSZALGjTAAAptNRJsPBQX/DWYUrvWtwWCbHcxMzf2wEb9IVlMmRiITgnVLf5luUSc5x9qz+4KVl9XMmoTbLRHjgvS+q1Z8164NZRJZM/drwgYEayCuJMgFiR5kAAEyno0yKj90PKJBPUwQu/UmLYZm4n3DXZx/7N8NzJmLLnczS1tqSNTjaukyc8nIu6KJy0Uqm5xZWZ55MpgazYsPW09EHT4tbH98fX1Amr5OPN8ONxii9nNSfJQ5lAnQZZQIAMJ2OMnHWZhNemSy6r+CKQ71MnEQUPGGZrDzJuhe3JNO7la1zysSrmtHxt+6vNJfNil8vcXcslfUuZK/t+S8G272gTNwu8idxfza896tXfq9u0UJeSZQJEDvKBABgOi1lIlR2x7OF0vX6F3OgL13/4uVkdM0JziSvJMoEiB1lAgAwna4yuY7S/fbM2vvSx4PdzddnvFYNjeSVRJkAsaNMAACmo0yu4HAz6V8Bfzs9s36o3otG8kqiTIDYUSYAANNRJtBEXkmUCRA7ygQAYDrKBJrIK4kyAWJHmQAATEeZQBN5JVEmQOwoEwCA6SgTaCKvJMoEiB1lAgAwHWUCTeSVRJkAsaNMAACmo0ygibySKBMgdpQJAMB0lAk0kVcSZQLEjjIBAJiOMoEm8kqiTIDYUSYAANNRJtBEXkmUCRA7ygQAYDrKBJrIK4kyAWJHmQAATEeZQBN5JVEmQOwoEwCA6SgTaCKvJMoEiB1lAgAwHWUCTeSVRJkAsaNMAACmo0ygibySKBMgdpQJAMB0lAk0kVcSZQLEjjIBAJiOMoEm8kqiTIDYUSYAANNRJtBEXkmUCfR4+q7yl/sHt+6ZOuL3V59Sa5QJAMB0lAk0kVcSZQI9vmk61jdrxO+vPqXWKBMAgOkoE2giryTKBHo0H+sbN+pTao0yAQCYjjKBJvJKokygR/OBvnGjPqXWKBMAgOkoE2giryTKBHo0H+gbN+pTao0yAQCYjjKBJvJKokygR/OBvnGjPqXWKBMAgOkoE2giryTKBHo0H+gbN+pTao0yAQCYjjKBJvJKokygR/OBvnGjPqXWKBMAgOkoE2giryTKBHo0H+gbN+pTao0yAQCYjjKBJvJKokygR/OBfsMUTpzDL/7tv/9+6nw5UXdod45frzdvjGfUp9QaZQIAMB1lAk3klUSZQI/mA/2GEWXinPq3YyqT8uSn4AHjGvUptUaZAABMR5lAE3klUSbQo/lAv2EKJ+P/PD7679GtxjL520bV/ebq6V+DNqj+YAeR4O1wNFdRHjkok2jV+tvzf56K26U/g4fNf3G2/uPt8qV25/daSRRELfgR50z4kBejTAAAput+mexvpDM5f/bCfzFXpvP+lpUP3hEAbgB5JVEm0KP5QL9hCif5wsH4n87fG8rkaPe3T96NkvOpcssritK22HK08tuJSJS/btScWrXxocJzJoWTUngS5rt3tXtez9z6Z2Vl1b0hHscpuw/47WZN/Fz/Z134MjD1KbVGmQAATNf1MtmeHrP6bH+mtoONd5LBloHpnYa9cX3JK4kygR7NB/oN45WJKIfdd5/qZSI2/l9UBW6B3NkT/5+ycmtBZMnRyquS++XH48aHOqNMfvjohOdDjryw8Qrn98/ulvXqD8FdnykTAAAi+sqkMUKqZ23s1J41+Fzdhq+VvJIoE+jRfKDfMH6ZeM3w7Xq1XibBCY1wfqpsOaeTn9xHcyonu86pukOLMmnchzIBAOACWsokmX6YmRQdMvzy0NtWTbhZkk4mr1QmxcfpzJCtbsXXSl5JlAn0aD7Qb5h6hPzp7h1eZyKW2N9my9/Nluf+44XEvYP//e+p/8ou0SfOnntdSuOEZWIfv3acb+1D7/bRUfnkh/nyd/86+mHWvZcyAQDgfF0vk92ZsfRyOaoRcaP0MudXSnk5NzCzq35Dm2ob6dt26Vl27rN6D75O8kqiTKBH84F+w0inR7Zq9TIJroB3nNdvgjK5tVr1o+K7d7WtzT/Vx5HeNfh/Xrnf69+e/Hh65F3mfucn90vKBACA83W9TCR+nLgTnjy5vLl/2NbQouMcWQ/mg03LuYnpsfT00uKW+9VUyk7nV+fys1aqsO39Sz1xb3Ru7X3ptw3xC0SPA23klUSZQI/mA33jRn1KrVEmAADT6SwTZ+tpcM3JiXpPx1J99sN/uwevib7RYNNyzurPRTtYfWP+jUS4Z2TmgX3ZMzW4PHklUSbQo/lA37hRn1JrlAkAwHTdL5NacIjpv4jrYWYyfFmX6/iS/4a+9wvHn6L/IMu5qfpFK+6JkfqMFMWm3YXnyf5gS/gmYdBHXkmUCfRoPtA3btSn1BplAgAwXdfLpBtXwBd/THuv2PK9t/6xeuwoZXJgpQr1XYS3+VR+z7/54hFl0gPySqJMoEfzgb5xoz6l1igTAIDptJRJcO4iOE/ihOdPrMu+a/DDZMOFIlZfdmZfKRNH/nGuV7mHL4OrWlNJyqQH5JVEmUCP5gN940Z9Sq1RJgAA02ksk2Q9FcrLVymTvfpV7578kO1+sEljmTi1w4G7afdHjBSK++6G4ZT7ZWJwojw3QZnoJ68kygR6NB/oGzfqU2qNMgEAmK7rZeLsb6QzOX/2wn8xV6bz/paVD8F5DFx78kqiTKBH84G+caM+pdYoEwCA6bpfJoBHXkmUCfT4pulA36z5hjIBANwklAk0kVcSZQI9nr6r/OW+erhv0IjfX31KrVEmAADTUSbQRF5JlAkQO8oEAGA6ygSayCuJMgFiR5kAAExHmUATeSVRJkDsKBMAgOkoE2giryTKBIgdZQIAMB1lAk3klUSZALGjTAAApqNMoIm8kigTIHaUCQDAdJQJNJFXEmUCxI4yAQCYjjKBJvJKokyA2FEmAADTUSbQRF5JlAkQO8oEAGA6ygSayCuJMgFiR5kAAExHmUATeSVRJkDsKBMAgOkoE2giryTKBIgdZQIAMB1lAk3klUSZALGjTAAApqNMoIm8kigTIHaUCQDAdJQJNJFXEmUCxI4yAQCYjjKBJvJKokyA2FEmAADTUSbQRF5JlAkQO79MxN8O9Q4AAAxBmUATeSVdvUxqtRplAsgoEwCA6SgTaCKvpFjKZHZ2Vr0DuMHE34hqtUqZAADMRZlAE3klXbFMnPAFXUtLS+odwI0k/i6IvxGi2CkTAIC5KBNoIq+kWMpEHIT9/PPPs7OzlUpFvRu4Sba3t8XfBbIEAGA6ygSayCvp6mXihHFS9ZwAN1h0toQyAQAYjTKBJvJKiqtM/DiJ+gS4gfy/AmQJAOAaoEygibySYimTiH9MBtxk6t8KAAAMRJlAE3klxVsmAAAAuAYoE2giryTKBAAAAArKBJp8+PAhWkmUCQAAABSUCXqAMgEAAICCMkEPUCYAAABQ6CuTRJ9tNY26E24GygQAAAAKXWWy9Vx0yMNMLh3N0KjVN6bu1oFqaWspkXTzJpUpFPfVu88xlbJfbO4uvj2y+tKZX9V7Y2ElJ9RNkFAmAAAAUOgqk+WccobkzZNRK1VYfJIvfpY3t2sxkxYPOPxkfq5QSCQnXpTVHc6RDH8TKzk6sdV4X0ys5KS6CRLKBAAAAAodZVL614T72q3kaP2EScYNlfG3IhKyM52c7gjsz1uPljqJkQZXO1fTUqI7D3stUSYAAABQ6CgT9/SIKBN7Vd4othTF/00VtuWt7dmeHhNV02wxmxUPm7w/O7db8bdYqfmZkaz7oq/bo6Wa43zemHrk7uOfwBGJMrXj7lZaL0hXv+Qcp2iNFMNHLQ5Mezs5xcya83AwbQ0tii9Odot3+t39X/zm/qyVH8f8b3fvcx8553+z+OnJ26LK0uuHVX/LcJ+99zIv9kxIv+dNQ5kAAABAoaNMzrz23W2DncKZgXGhqZTd3DN7+ez4W//ofy8/ZBdr7i2/QDxl6/u8fys6ZxKWyZE1+NzbsDX+vb//2WVi9aXDjXXi2aVfuTfkUzF+mRR/TEcvM8v023veDVEmi/7GX/PR68puGsoEAAAAiu6XSW2juUncebQk+kHduT3iG1fUbU7mtvRoO4XUswNHOnch324qkwMrVfA2XFAm4Q3P4ebA9+61LmKGl90NzWWSksNjOZdZc/93uL6xKN2+WSgTAAAAKLpeJuU57yKTphHl8OCyx+Vvnpxx5foVysQ977FbrhSfjFlJ/66LymTz+Z2kPbO6Vfp4MECZdI4yAQAAgKLrZTLc1CT+lJ2q9WhJ3btdZasv/SD/Xt609yybWWt+NVdbZZLuV16mtWM9mPdffLU9NdZcJlMp27rnn2apnnPOpPg4nQ+v75dfzRXuRZmcMZQJAADAzdT1Mknftk/Uba7SwmT+o7qxA7XDrUI++DyTn16XvG3refctv5L3Z1/8Flze0WaZTKTCZEqm97ykWZ+euBNcub7TXCbip688ca+kH8isjn8flMney1mxJf+H/8jBz5rLZv3HWflQvwLev0GZnDmUCQAAwM3U9TIpF93j9TPnWN23R2o7iXu5uYVVMTPZbOLxhroD4kaZAAAAQNH1Mvn6rWTsN9EXtZ0rvMYM7aJMAAAAoKBMhOrwffddthJ3x1KZefVOdAFlAgAAAAVlgh6gTAAAAKCgTNADlAkAAAAUlAl6gDIBAACAgjJBD1AmAAAAUFAm6AHKBAAAAArKBD1AmQAAAEBBmaAHKBMAAAAoKBP0AGUCAAAABWWCHqBMAAAAoKBM0AOUCQAAABSUCXrg/DIpf/pCmQAAANw04ghQHAdSJtDqwjIRuax+DwAAAK41cQRImUC3c8rksxsnX8qfKBMAAICbRRwBiuPA5oPDaCgTxO+iMnFPm5yc1NRvAwAAwDUljv3OP2HymTJBN1xYJn6cHB1XTk/V7wUAAMB1Io73xFGfnyWUCXQ7v0z88ZbmF7FG/ctOGIZhGIZhmOs35U/+tSUXnC3xhzJB/Nopk8/hyRM5URiGYRiGYZhrM36QXHiqJBrKBPFrs0wYhmEYhmEYJhrKBPGjTBiGYRiGYZhOhzJB/CgThmEYhmEYptOhTBA/yoRhGIZhGIbpdCgTxI8yYRiGYRiGYTodygTxo0wYhmEYhmGYTocyQfwoE4ZhGIZhGKbToUwQP8qEYRiGYRiG6XQoE8SPMmEYhmEYhmE6HcoE8aNMGIZhGIZhmE6HMkH8KBOGYRiGYRim07lqmRy/mrX67MbJlbZ31P1wk1AmDMMwDMMwTKdz1TLZnh5rLhOxMZkpqrvixqBMGIZhGIZhmE6nW2UibpTVfXFTUCYMwzAMwzBMp9PFMrl8nOwUkiPzcwurc4XC5R8EvUOZMAzDMAzDMJ1ON8rETmdy/kysHqjf0I6dwsB0eKXKdmFgZrfh3qtJ9I2pmxA3yoRhGIZhGIbpdLpSJtHUA6Mjcpns1MtkZiQrHvPh9Gap5n45lbJLr567PyiZXvxQDfZ3qql7abeOFsKeWc4Vncqd23bq2buVH4PfdlF6wOS97En4zYgFZcIwDMMwDMN0Ol93mVTKA8ng1VzFx+lF79ZeXuTEqOOVycx+8B2ppO3+z/58qs+7IXZ7ls2sebmynLP6c8F+jmNF50x2CsPL0WbEiTJhGIZhGIZhOp2vtEyiR0hlV/1tmdtBcrjd4uWHe84k/I4Xj+yi45SeZevhUSsmHm+4N5ZzD/99FO4olUltwxqsFwtiRJkwDMMwDMMwnc5XWibBN5aXEnZQJqk+u/TxIBrHK5PoO7anxha98ypWXxQbO9bQopsuy7kp6beol4mrOpPNWkmuPIkZZcIwDMMwDMN0Or/88oufJeLG11cmjjM+aL/xrioR1TG1HV1M4hJlEiWHfxbF2V8MXtblvZorXQxezdW6TFx+1SBGlAnDMAzDMAxzifnFI278P2ec7clCRP3qAAAAAElFTkSuQmCC" alt="Screenshot" width="100%" ></p>
<p><img src="data:image/png;base64,iVBORw0KGgoAAAANSUhEUgAABDMAAAIGCAIAAADGMlPIAABpDklEQVR4Xuzd638b933g+/0P3PNkH+2T2km3bVq3Sds02z05e5avdauebOyjE8VpnIvVOtZJGsd5Zev6WOvWTtZOA9uEYZGKKJOSFV0iQoRIUYJFiReThiiRJk2KJGyYEiVKkERRFMULKEK8gCDn/OaCwWCGBG+YIYf8vF/ftYEfBgApoZv5eGbIf/fwu70MwzAMwzAMk3Wu/u671yyL15RRbhf3/q7p0b3WF1nO7E29YLG6Yn13bX5SOzg2NTsxMzc9O5eck+YkuMnE5Iw+/876t8swDMMwDMMwmbN+y+R/nrtHmbhXRpmYHwRWpH/ogXkJAABsFGJ3X+z0TyfnHszMjSdmR6dmBx8k78Rn+u7P3Lo/c/P+THQscS0mz9XRxJXRRM/I9OXh6csj05eGp7sN89lQttE3u6SMeAXxOldG5Be8OjotXvx6LBGNJW6OJcSb9o/P3H2QvDeRFF9MPDE7lZybmRVfpGD+4rGeUSbIPcoEAIANTOzuz85JiVlpcmbuQWL2/vTs6GRyaCIp+uRufEYkiuiE2+NaqKitcmNsRlSEKBaRE9fH5FHTJfvIW6oFMiZHyI2xxE35BeUUES/eL79XciCuNcnIpJwl44m5iZm5xKw8s5SJ21AmyD3KBACAjU05bCLv/c/MSlNJOQYezMzFE7Pj03IbiFYZUyY2JR9RkUfJBhEPI5Pin7PDk8mljLqx8iz56fpLiZcVL35fmfGEfJBEjPgaJpPySVwJ+WiJ3E5kietQJsg9ygQAgI1NOWwyJ+JkRikBkSiiTyZnZuVRQyUxK4+SKw9S8ZBKF+PMLTCpDabl0Z+uvtQD5fXFu6g1It5UvPt0UjtUomQJVeJKlAlyjzIBAGAzmFMuMRcZMDsnH0JJyv+UZ0Y5lqKOWgtKvWijP7SUMT4x9VL6i8tdlHpT+WtQhihxMcoEuUeZAACw2ciVYh3lvK/so4RNeqwbzD+W98IGQJkg9ygTAAAwL2tRLGWwSVAmyD3KBAAAAMtFmSD3KBO3G52a638wezuegxEvZX51AACA+VAmyD3KxNWGJ+esgbGaES9ofg8AAACL1ZbJdFLqu5/sHpr57J4yQ/ok5Rk2zIg8l0flHw9nfhVsLJSJSyVmJWtX5GrEiwMAAGSxqjKJT8/9bsHAw4V3H9599+Ff3314z+DDe8Xce/jdew8XDz28T57Pl/R/r2Z8e839z/1m8JHDo48cjj3y21hd34z5tbCBUCZuNJXM8aGSecf8rgAAACmrKpOCj8azl8l/LOnfdnp4eEr+bThbyu/qZfLI0THza+XIz1548e++830x5gdySn0Lu9/FvSgT10nMSrm6sCT7cOQEAAAsZFVl8rvv3MlSJr9f0lfflxibln/hzZw0NzyVfOTwiF4mI/ZcF/tfH9vyu5//AzHmB3JKfQu738W9Vl8mgYpa44Si6vIt03os81kb1VZfi3kp16wJYd+Y3xsAAEBhY5n8Q+2IyJLkrFwg4v+NTc8+cihdJjZdbUKZrAerLxOP1+/bU65Ngb+0U12OeHyB1Hog3+fvy3zWPPpO/PBQr3lRkt7+xrPmpVX7yTee3Zqan7xcNJo0b7BidpfJdNLRMpnO3Z8MAADYSOwqk2dqh0WKKL/HU/79OInk3HuXp41nc8Upk40rF2VSmb7TWZsuk7JIarW/pmRJZfLa689u/dFR07I9ZbLTePftZ55tnzQurNyqyiTZ2GxeMrPGg91j/goAAABsKpPHAwMDD5RzuBTJ2bmTvdOfN1wBT5lsbOuqTAJ9Urzee+BqxrIDZSK+wq2v12eurNAqyiQxevpXTpZJ6cmRh07GreumMX8FAAAANpXJc6EHo1PpMplKzD1x/PYjh0Ypk01ivZWJJD0wHTYxlUlzoGDrN5598plX3giG1ZXi72ds8PaTz/694awwESG/vWF4OLVoWtn6sxPqjZ98o0BKjv3wO/KJXj881K0uDnx04o0XXxArf//8a4nME5wGGo8++aR2VphkLJOPCkyZYfpGwsGil57/qXjid3e8cmtS+u7fpU8we/sj44ZpWX4kV0vD6EPFI2K+cvL+6SHzo/POEstEvKn56wAAAJuePWVybvL6/bnZWS1NxqZn/9OhPspk88hFmZS3tIW1OR1Ml8mBUGq9tXTP0svEfNjEuEP/9vZnryVSd+It3y1oF/9O1HtrDedifddX8No3XkjdezDvQQxLmYzpx0zEQ9/1NRofa/b9tPZu+q74Gm6lbrcX/DRgyJ63t/90iWXy0pPPWi9uuRXYmf2YSZbfqyjKpEW9fTH2UPGodQPrLLFM+N2LAADkVl9dpbwHs2SxT0Mer7/KdDXuaEfg08yT0fub1d2w/P2ti+93rVouy+Qv3r3+twd7/3TvjT/Zd+s33bP9cSVOlDwZnkx+5cjt7GXy4s6X1d39j9va9V1/MW/kv51I6HuO0l//7X83Pipm67Zv6Y9ay+Th3/tDdeXLf/XVaPTGH3/xL9S733rqe5//gz/WX+S//c3X9KeIr/k3h46Y3uWVn7+mb6AvqneTyaRxS3FX33JzWn2Z5EyqTITXnjTUSHqHPvzdIu04ifaQttnYd4tT66IHkvIuvhYPV49WjWqPGJnKJPBPz15LfRB+Yjl5TD+ckvJAZIz6Kd/6/ZKMR5ItSyqT0ZrXPpznj33RMsnyw4JTZTLz4m9HHnlf641XGuKNd6cbP4q9eFW+ey0c+w/FIy13pkovPritl8n4xH/I2ifiTc1fBwAAWIXllonHW21emleqTJyRszL5/d03D0amGm9N7+sc/8OSgX/8cPyju3OTM9qRE7Gv720fX2KZfOFP/sxUBdu+9R11mzfzfaaH1CnaW6xuYCqT8hOV+jYiS8SKXibWd3m3ZL/6LBEtpofUudih/c3oK+rdf3j2h/rK9mfM+6Cb0PosE+Nhk/QO/Y2yN5q0m6qql7WHtu44ek250exTVq4fVV8qnSiZ0mWSTJwLFGx9Rj4RK/WQ6VNxw3humGrrk0Xq/4diuTqlf0ll0lRgPMijW7RMrNmgj34213fOPbhkfnTiKx9OihsFZSP//nQ6QtQyEf/sGje/mmnMXwcAAFiF5ZdJrXlpXi4tk3c6picSyq8umZNa+6e/sO/ujz68/9HA3O34nHLgZE7+qcGG32eSpUzE/P0zO371xlvGKhAbNDV/ZFwxTVf4EymzTPSjJWKu9mo7gnqZiPnin3/l5//rdeOLmL4M68zMyL+93njXmCVPfW+7/u1sZuuzTCTDYZP0Dv1H8hUmplHDo/j7z750Wv6VoFufLFC33brztPxcw7EXI1Emo6Njypi/fcuJXi3Wqz62fmOn8qX2/yTQb35oCWWyUC8tWiZLOGYye3to/OvFI+ri6ydHH/mNnCtfbJgQd78iuqUj/RS5TA6NPPRezPpqxuGYCQAAikRsdETMUGft4YtxcX+osbqld+Bqc23hWeV/2PubK+pqK0Lhq8NSe5nf428uLGtu+VTsKgyF/MGrgyNNFeVVyq9908qkr9lXoV+UaxAJ1XffiobPe46GpyRJvKPHWy3+KR4RL1tTEmhqk9f1Diny+btujsQGo/kFAXXFU9JsOpurMNiTuZAoOqv9BroVy1mZFEeSw5PauVvin60D0194T46T97qT18bmRqfmjvcmlnjM5Lelx9QV8Tr6Tv+tvj5jIejP0lc+9/t/JO7mPfa3xs3U+az7kr69XiaiW9SVnp4rxpfVb3/h0S/pz/q/v/Gkuig6xLiNcSYm5vtP1pvS6ssk59eZpMiXwl9LGsrkqnYkxCpR75VPrEqmK+LADvlZW1+uMW6ms+RHmuWhLMdMxiwXsRhWLGXyWuobMV0Yo1u0TJZ0nUn//f+ilEnLh6Ol6sp4XC2Tt/zzHDO5ff3+Vz6UH11ouM4EAACDpGeX+dwqUQLyv/qbi+q0/2Qpl4nPeqCjX91ALpO+Vs/+VvPjmTzeWvXQin7MRLxsu/4fDNUymQ0X1qT+O+m10EJlIiVu5Z/Q4yTh2dtgeGyFclYmL3w4eWl0biZ1YclUcu7/PTv05SN3nqm/f/rG7EcDcz+oG1timdy4cVNf1Pf7b966pd/+6v/53/QNvvTlv9LXJcMxE30e/dKX9Y0lQ5l87fGt+qLxFfTb/+Z5U99AP1zz5b/6qnEbfYzXuiAXZZLbn82V9sb3n/3hod50mSRbXqtf4KsdrXnpGy+oF5morh16ISGNWY9pqCz5kWZ9yPIrVgzXmewwPRTOKJPMi5i+q38jfSdWdp3J/elsZXL6zlTXnal/kA+DjMmLkbHvtE1eG0+8HtCOmejXmVQ0yn2SugJ+5qGSbFfMizc1fx0AAGxa3Q2lnfIBE2FmIOLbHfB4/XqZ6CdTyWWiLsoSA+Fm3y6/2FIvk/wCf8WVBa52HosW7lFedr4ySe8rqW9nPIMrdXueMpGkqhK/fDaRlIjWVHaNLfDWy5GzMvlc4c1ftSR6Y3Pj8jld8qMiTp46NfjI/nu/v+/mH+xb/Gdz/fP/9z/Vvfx794b0RX3X/8bNm/rtb/6ddtmJIAJDX5fmK5Mv/Mmf6RsL+uUlxhcxvoJ++73fHNI3ELGkLqpHZkxvIeaJ/+eb+sZYz2UiGqA5/x9fez59Rtbb2+f5kVYqkSKBnxnP3QoXB45mXC9vYM0PnfWh9oKfVmX8AK70z+aqff3ZZu3/d1IfMvxsLume8SqU0Sb5VDT97v+Y72dzSZ+U/Hqx00Ot5WD3mL8CAAA2q66KgKdAi4TQQb/ngHbQI3uZlHj9JSF1h/lS+piJJJ3a6zfsRKR5djVoN5ZSJrPhovoBbaUvW5lISpx49jbkJEukHJbJw7sH/stvhpvuzN1N/Y5F8c8Dnz740ns3Hzkw8shvRnJYJn/wx1/UNxCpoK9LhjL5oz/9c329vf2ivv3Sy+R725/RNyje9566+Nd/+9+N2xhnfHxc336TW99lIknxRuMOvXSjZuszr7Vf7h+9093eWP/DvzNUxCcl301dZKL67vf/Mf1z4jJZ80M3z0PJe1uf/Mef5J8YHR07uf+1J180HCeJd2/9u53h6/IlK7WBgv9RecN4fpfIj0Bj98DoWLjx9NZv/PQNwzcS7zwovpHiYKPyxIOpy+D6t27/lVgJX76nb2liLQe7x/wVAACwWeV7A/oBE7Fv4znSId+a7cleJkVe/4EW5TTuSIOxTERIlDSmd6R1nj0h5d9DSyoTaUR/I/Gy2ctEStzKVZZIuSyTX9/93K/7Px5I3p9Ol8mHfdN/89vruSqTf3nl5/rdL/75V85W13zh0S/pK+8U7JYM15mI23/653+pP6rHyaJl8pd/9X/od7d87YmTp4J//8wOfaX7knzJinH7g4fTP1/4r/+vr+uvuZmtozLBEmS51MSO4SITAAA0nbXKGVbKiJ2c2aH2iqC4HWgbyF4m0r1wYL98dlbLQCKjTJSDGH2W/wZ4ua5KbHy4rrdoSWUixa80y1+SL3A5Hl2kTHIqZ2XySGF/zY3pGeU3mEhKloxNz337/XuP7LubqzKRDF1hmj/7y/+sbm/6qcG9167p2zR/JP+H50XLxHjXNN99+h/m3b70WJm+QpxIuSiT9OXvylwdVpdHTOvyD5FALlj7wb4xvzcAAIAiZ2XyX48M3J1Qfz6wnBzJ2bnG2zOf3zfw8HvDOSyTaPSGqRbUGbh7V93e+psW/+I//e/qyn/8wp80nr+wlDKpOlP9xT//iuktPvf7f6T+yGDr9lLmTygeGZF/BNtmtvoygcMGJ8z9YNOINzK/NwAAyKm+usr0oRj1aIxL5KxMSntmJ2fUS9+lGZEl/YnPFw88vH946WWyLM0ftfy66N3Wj9vMD+RUw4ehvcX7gqerzA8gK8rEjaaSTpzTZX5XAACAlJyViadt5vrYbCI5Nz0zF7qV+Ny7gw/vG8pSJvdXVyZYzygTl0rM2nhaV4IqAQAAWa2qTP5w94BeJl8tHa6+NXttbO5KbO7Z00MPFw9RJpsWZeJesYV/vclqJsYvMAEAAItZVZmMTc0ZfzbXH+y796WDQ79XPPjwu/eyl8mBS9Pm18IGQpm43ejUXP8Dc12sbMRLmV8dAABgPqsqE0k5/ePS0Mxn91IzpE9SnmHDjGgTn2FPZYOjTAAAALBcqy0TwIoyAQAAwHJRJsg9ygQAAADLRZkg9ygTAAAALBdlgtyjTAAAALBclAlyjzIBAADAclEmyD3KBAAAAMtFmSD3KBMAAAAsF2WC3KNMAAAAsFyUCXKPMgEAAMByUSbIPcoEAAAAy0WZIPcoEwAAACwXZYLco0wAAACwXJQJco8yAQAAwHJllInYoWQYhmEYhmEYhnF+OGaC3Lh3715biumDxTAMwzAMwzDLGsoEK6dnCWXCMAzDMAzDrHIoE6wcZcIwDMMwDMPkaigTrBxlwjAMwzAMw+RqKBOsHGXCMAzDMAzD5GooE6wcZcIwDMMwzDqck1cmf6d45KHNPV8ui5n+WP61pfvZDzucnI/7R6x/O1mGMsHKUSYMwzAMw6zDse6mb84xxonzWaKO9W8ny1AmWDnKhGEYhmGYdTjWffRNO/qfibUZnBnr306WoUywcpQJwzAMwzDrcKw76Jt29D8TazM4M9a/nSxDmWDlKBOGYRiGYdbhWHfQN+3ofybWZnBmrH87WYYywcpRJgzDMAzDrMOx7qBv2tH/TKzN4MxY/3ayDGWClaNMGIZhGIZZh2PdQd+0o/+ZWJvBmbH+7WQZygQrR5kwDMMwDLMOx7qDvmlH/zOxNoMzY/3byTKUCVaOMmEYhmEYZh2OdQd9047+Z2JtBmfG+reTZSgTrBxlwjAMwzDMOhzrDvoajjQ6ZV1caCQpeciyqM6hUWlZL6WO/mdibQZnxvq3k2UoE6wcZcIwDMMwzDoc6w66Pl/vTg7cmXqtIf5Wz8wPLI9qE06aV1Yxy8qJNSmTf2npjk/P7Pss+snQWOPtIesGqxnr306WoUywcpQJwzAMwzDrcKw76PocGpG+blnMnFjxkGRZXPksKyfWpEyKI9GP7oxY13My1r+dLEOZYOUoE4ZhGIZh1uFYd9D1+frlZPT6g68aVqofSNLkzFfffyAltUMlogGsT3zrxsw3T4x89cMpaWw646HT09HrE189G3/t04S6MinNvdAQ/0HDhJpAYpfptbr7j54YF+vqBl1JaXIs8dWzk1LqSw1NS8Xn7r92fVYvE7GSeoupS5e1rypVJg/UL/jQ0Nyh0xlfpHX0PxNrM+jzLy3d49MZG/ykMXz2xt3Dl28NTUyLR43pcn8qIf75wa3B6ZnkGxd7TE+0jvVvJ8tQJlg5yoRhGIZhmHU41h104zz6/sSh20lJmntUuStNz7ys3BCJom4wb5noI+Ihc2VCSs4+d0K/q4VEevtUyeixIVbUt+6aTa1Ma1/zUsrk5dtz6hf8UHFcGlnkKIr+Z2JtBuOIFLl1f0JUR9nV28b10O17+z6Lihvx6RnxkBhRLOrd87eHn1USpfJav/UF9bH+7WQZygQrR5kwDMMwDLMOx7qDbp3Cu3PVH8o3jPs26kPzlslb15OTs+pW5qtQxEOicwYGlQK5MGMuk9QpWKnYeGB9x2WVySHjl7zY+V36n4m1GawzNDE9+GBK3Pi39p7YVCKZnBOjlsnIZKLzXuzi4Og7XVfFXflB5VExp67dsb6UPta/nSxDmWDlKBOGYRiGYdbhWHfQ55mziUvd8g1Jmj11NuOh+cpkKnZ7Qr1tLRN1Hu2ZVQ5lPJCGMmrBUiYjUmLmLX/Gc8XXoNyIWcvk0U+T5rO5wknTF5xl9D8TazNYp/XuqHp2ln6OlqgRtUyOX+2/P5VQT+USczc+dXlk3PoK1rH+7WQZygQrR5kwDMMwDLMOx7qDrs+poeRr8kUg8UvT0stKHsjXmUwnxUrxTe2JL9+eK/tw7OsZ8RCXJmcefX/8tZ6kuUyaE8Wt49+8MBV6oF1br19n8ppy11om8nUm8RnxjmW3tXdsSUjFF7QXV8ukcHDuVOv4D1oT0WnJXCYifpQvWLzFqTbjFznP6H8m1mbQJ3D1ds3Nuwe6b0wmkp8MjT2rhMf+z6KtAyNiRS2Tf2vvGXwwpR5ReTZ1ncnhSzerogOvt122vqY+1r+dLEOZYOUoE4ZhGIZh1uFYd9A37eh/JtZmcGasfztZhjLBylEmDMMwDMOsw7HuoG/a0f9MrM3gzFj/drIMZYKVo0wYhmEYhlmHY91B37Sj/5lYm8GZsf7tZBnKBCtHmTAMwzAMsw7HuoO+aUf/M7E2gzNj/dvJMpQJVo4yYRiGYRhmHY51B33Tjv5nYm0GZ8b6t5NlKBOsHGXCMAzDMMw6HOsO+qYd/c/E2gzOjPVvJ8tQJlg5yoRhGIZhmHU41h30TTv6n4m1GZwZ699OlqFMsHKUCcMwDMMw63CsO+ibdvQ/E2szODPWv50sQ5lg5SgThmEYhmHW4Vh30DfnfLkspv+Z/GtLtzUbHBjr306WoUywcpQJwzAMwzDrcE5emfwdy276ZhtjlqjjfJx83J8+aLOUoUywcpQJwzAMwzAMk6uhTLBylAnDMAzDMAyTq6FMsHKUCcMwDMMwDJOroUywcpQJwzAMwzAMk6uhTLBylAnDMAzDMAyTq6FMsHKUCcMwDMMwDJOroUywcpQJwzAMwzAMk6tZSZkc8Pk9XjEB8wPOai/z95nX4ChTmdwfnxQzdn/COLGxB6Ox+PDI/aHhsWkAAABsGolEQuwEjoyOix1CsVuo7iuKGY9P6bPaMrkcCgUqqnxef6Cidp450xGNm5+yJLNj0eZQvsgeX6D+8pj5UQvKZM3NWybzxgllAgAAsHkkUvQy0XcUjWUSfzC92jJRRU4GlCMn80xpp3njJYh7vIHSi1qQRGsqxetkbmBGmaTFe3zBHvOi/UxlIj5exs+cnijisyg+keJzqX9GAQAAsBmIncDRWFw/YGI8WiKyJGdlIvU3W5tkxWVy9Ux5TX/mUmft4YtJ8W/PwfauYDDf56/olpcD++Uiyt9bZSyTUmWxJnWkpdQbmLnZKlZi8r1EyV750aKy1iUciXGttYgTa5moY+0T8YkUn8sZhfkDCwAAAJdTd/Os9DKxNklOy0TqsTbJisskdNAfMS0NtvrORMW/PSUhT3HVqVA4MipyqNWzuyrSfakl1JBfoJVJvLPWd+R8JNyhX/pSKjrEF2hqC4vbQ43BA2c7IuFwSUkoMqu/+gZUsdfvcJwsVCamODGVCQAAADYJ/VQuu8tEsjaJMoGKK+YtF1VTYj01K+Ipk2vF4y3XlwK+9CleVcXKU7ob8lNB0ldXWTMo3xBlMpXaTC6TOkf319dOMtZSHepLmJdtYyoT8dkyfuaMlaJeB2/+qAIAAGBjSWYSe4B6mRiDJPdlUuL1d/UOTOXiQMS8Z3OVdipnc3lr9bUSw8Un6tlcscagx1sZGx1RR/1iSk3XqCRGSov9viPtfbn4UterZH5BVc2Vlf3wgRWylok+85aJ6ZMKAACAjU0tk3mz5MFEQkwuy8S8tGLR84XKuVsp8aYj/pYJ+ZaxTIzHTLTDLPIxE/OXYS4TWVJsVtI4Yl7eKGIXax3OEilrmRgThTIBAADYhGZnZ9WfF2wtEzVLclomu/ylmT8y2Hjm1XJV7ZdPBqtpDreEzosbvgrtwhNjmUh9zanrTELG60w8u4MtbeFTZUF1xVgmXSfLm8LRq+EOj6/SfFhmo4hdrHY+S6SllYkaJ+pP6JoFAADYuM5cn/qdd4ce2rgjvjvxPZq/7axMZaIHSe7LRPRDlfE4x0TYY7jAAxueqUz0TxhlAgAANiHrrvyGHPO3nZVaJvM2SY7LJNrWYVppat4k15pDtlCZmBKFMgEAAJuBdSd+Q475217Y3Nyc+ptMnCgTbHKLloneJ+rPDp4DAADYuB56d3gzjPnbzooygUMoEwAAAJ11J35DjvnbzooygUPsKJPDz+SlbNlZUht9YN5gWUKv5R2OmhdXa6r/ue3b1C9xx0v7pswPO2d7Xl6zeW1ZouJP+/UL5tWVSN4rqTyXMWcumrcBAGCjs+7Eb8gxf9tZLVQmxiChTJADpjIRnydrlqyoTF5Xb7fv3SHutM9kbrEcKyyT7j2vnzOvqe6fez0v7/GhVI5MRUMZDy/JVN4zh81rTjn9Ul7O3/1CtUiR8+rf0pWWj96rPOd/X+2T86YtAQDY2Kw78RtyzN92VsYysaYIZYKcsZaJOrkqk7m5oWPP5S0UCUuxsjLpKdm+0JvufEx8PffNq8vyoDbnbbB0rzyW8zKJiwgJdNxT75w+LTfJ3Nzd2jPyjU/HM7cFAGBDs+7Eb8gxf9tZ6WVi7RDrUCZYuYXKxDQiTtTft2h8rvljm5JZJnPRg9u3H5Tb4vW8vGjpji15edu+ta1feUi+k5f35htvPrUlb9u/hfRc2PFY3pZndqrrr/+zXiZR48vOnXtdfVlZ7zHxOs/9/M1tX8uTj4Xc/fTYz7c99+va2rra2o9MWdMj3j9zRRE9vD0vT78ncigvb7ty87649cobb4ov5vEteT1iw4/Ey+7J+9Yr4sU/vatuLm8j3n3nM1vytuw41qu9iHiFdw6+Ln8jL4nXzgu99nhe3hbxOuKbfid1npT8Z6LeehCVv1ox1fvEi50Yktf2PZW37Ufiz+GV58QfxPMn5pR3f068luHdjeUm/3E+pr1Fur6ih7fl78vb8pT4Cl95/qm8vMe19ZQrF87Lh0fqujNWkyOpwyYXP01mPAIAwAZm3YnfkGP6ro07eFZiD1DsBy7lgMkEZYLVWE2ZLOSIXCa/1O6MV+18LK9uQr75S7GrfuCGvtl0zc5thdrv4hTEZnmP75JvdezK++cqfV3sSh/RnnQj/bJC4y+3H5IfEK8j3i+9rrhxaPsvG01rihtH8p45Yl6U5PXthheRT/jK2y7fEu9i+JpTzhle5Mr+p/KqxlN33n1K/2Lk6npJ+0bKduQ9te+KtpF0Me8x7RsRfyamVxfPv5HMXFLoLyueYvwWxJeq/vnUvZy36xN9Ob29/C3nPaevF30r75x+R3H8ZOM+MR9k/Ljw6jPKojLHOoaMDwEAsIE9VDyywExdkqSX/dpdSUoeMm+w5DnxYHJWfq9Q+L75oUWnOfFW6mtYzZi/7awoEzjE1jKZHr+zY6u8f66ui13qKiVRVOd+kVd0KX236iWx4TZx48aB7c9VDOvrYk86e5koFfF4el2xYJk0/nJ5ZTJclffYDn09xVAm1/aLJ07rj1wq2pa6K15ih/+Ouixe8JdN+kbpb8RcJknx0FPGBd2iZfJqXp6ePsJO/W5mjIm/nbI+/Z7sWKpA0t+FNHMgtSiXSdtg+hEAADY06058auQyifVNpPbsV14moUnpVMeDH7ROVXeZH1pg4qHm1O1Isuy0dYNlj/nbzooygUNsK5On3nrzrbcKj4wb9nZNe+FiM+N/vBctoe5867vaKsPd+csk4xBNyoJl0lemH6/IsFCZCMNXtjwm99VzhfrXayiTRrkUUuvyQ/q3KX9Zqa8h85tasEzE13DFcMBk22N5Tz3/at0HdWIWLRPj1y8Z/3hFmbye/pMW68Y/XuGUHiGnL0jSiHL7gp4lYk5EHmQ8AQCAjcu6E58aUSZzIiq+qe3Z62USiyp7O9Hbk/Ld9hmtIhoS0pC8cuq+pN7QJybNmV78B+EZ9RXUFxcTuq+cYZWUt9R3v+SHLqeL6IUeeachNjL9gnYUZeJST1w7GtM1bnoL06ReckkoEzjEtjKZZ+/ftBf+0a/ydnWk7xqPmew8kw6a/duNZfKqvi42046Z/CJvGcdMjKc5GWWWiXwcRC+TlLLn9eMehjLpK9uRl5c+xJN5zGRZZXLj0I6n3jUc9vjw1cffuajfW7RMfvlYXnpr0zGTrGUy2tli6JALHdH+6x0fp1fOfHI7Y3MAADYy6058auRjJqJDpGRS2bPXCqH6gfSocuO5m7OF8o2YNDL1kBIkUaVAYtJsdUPGSz36wZR4o1MdD1IrcWlIfop4BWlWfvEf3JgtNp6y1ZyqnWJjmUwOXFfy42xiQPuyJ6QHCXWzaLZvRB7zt50VZQKHrGGZTNfsfNyb3pfOuM7k5Tp9/bn0dSbDxlooey5PLZPhCvmacH1dlaVMtsvBkLouRDdc+Zzhy5Nf0VImUuMvU2dnma8zKUud7mS6zmRZZbLjsYwDJuL7Ur9B9d6iZVL3ct5bbfpy5nUmWctEmrhmPEIi4uRUU0fLtb4TtfKRk1OfccAEALCJWHfiU6OWyUhXUk4RvUzURXnCydAFZac/MfOW3AZzIlrku9MzL5tfauS5joR4r8Kz2itHe2LqK0hKzBwazfwy5i2T9OJEaFork9ht7WSz9Fe1wJi/7awoEzhkDctE+CflKpS33nzrqa/lbfvVOT0X1J/Npa4XvblN35P+5Vb5R0y99earzz215UjgLX3HffyTIvE6r7751ratW7SlCfn0J/mMsl+UaU9OG1d/htW2b20To+/Bj8vnZW2R33RLXpn3cf0K+B0vvSW/zpuvii31r1Dc3vnmW0UfqKEyLu4+94u3dv7o8bwtO8qupbdZepkMv/9PeT/apZ64JSYip84N9ZuSfzDXYzu2pb7OK/vk+NHf3fjKjyvfl/hqtzxmqK9Fy0SS7rYZD5vIcSIWLzc37zvTad4UAIANzboTnxqtTB4qHhexEbOWSWpaElK09758BlfzzKnTk5cuK9Ux36SiZerS5Yx1ygSb1NqWiTR9p65QPj7x+I92Gi5IkaQ7Hz2u/EDhHW/WDVc8l96THr4orz+25annd8nnX6UPKUhlv5B/peOWbTv013nrR/KO+pbvFenb6KYHL27fpryB/DvglQM1ileVpzxXWKdc9KKUyeC5bdqWW3a9nz7V6uIh+QeCvXpGO41ruKNMvhbla09dTJ/XtbwyUS+z0alPrHtT/qa2P7/r3B35Anft2clh47sbX3m6r27X8/Lr7Hhpv7YkLalMxFNvdxrO4Dp5IdzWLm5cj5u3AwBgY7PuxKdGLxP5XCm9TPSzufQ5JHb7h2a6wuL25KXbIk6sL6VOTJqceUG+EZ+8m3EhynM3l3Y2103lfDDD2VyUCdzNjjKBe13t/qy6sUPM1X7LCW8AAGwC1p341KTL5CH/hPFnc12a1K5W/7q60iCngpor875gVNl+cjKpJ803u+STu8QrDNzREqUlnr4CXkxMua5dvj3vFfAn1JX1USbd8W6GWdlQJgAAADrrTvyGHPO3nRVlwjg0lAkAAIDOuhO/Icf8bWdFmTAODWUCAACgs+7Eb8gxf9tZUSaMQ0OZAAAA6Kw78RtyzN92VpQJ49BQJgAAADrrTvyGHPO3nRVlwjg0lAkAAIDOuhO/Icf8bWdFmTAODWUCAACgs+7Eb8gxf9tZUSaMQ0OZAAAA6Kw78RtyzN92VpQJ49BQJgAAALp/v9+8E7/xRnyP5m87K8qEcWgoEwAAAN3ZG4nfsezKb6QR3534Hs3fdlaUCePQUCYAAADIgjJhHBrKBAAAAFlQJoxDQ5kAAAAgC8qEcWgoEwAAAGRBmTAODWUCAACALJwuk7MfN7XfNy8ym2HsK5M5YNMz/18FAAAu5GSZfPam1+9R5uTNz9obKsWNguqPLZsxG3NyXibqDtmsIglsVur/CdAnAIANwKkyud+mNok+BcUB+Z9nWsxbOj4e73HrIpPzyW2ZqE0idsuuXr1aXl5+DNjEGhoa1EQhTgAAruZImQxeKN2XkSXpPllZmfRWi+f+uq7NuOjz+ve1WrZcwlAmzowdZXLu3DmxT5ZILO+X+AAbTF9fn/i/BcoEAOB29pfJ1TpjingLj+WkTIp/e9LjDaRX7jf++vj7DpdJa12FdZFZaHJbJmIn7OrVq+ZVYBMT/xeRTCaJEwCAe9leJj5fukN8FefkxTsN6TgprqofND9l8emt3tfYUOzz6yvhCyePX6x2uEwqDqS/AGbRyWGZqAdMGhoazA8Am5h6ThdlAgBwL3vLxHh4RIy+Xpy5XjVkfuIi06tESOf7By5+Jt/tq/m1ePHWoFomF84cF68Z7Gw8sNd/7KqyQWuw9MzxA2c+qLokb7CvwL/vzAfBujP1yqt5vMe8h858GDknX6B/pEF5i49+faIm2PnRyRMV6lGdY8V+T+Ex+VlNNdqxmtEu8V20377YPiLeos1TUHm2s/FYGUdRFpycl8mxY8fMDwCbmPi/iJmZGcoEAOBe9pZJ980L8j59qkDePPKBWIxc/0BfKThzofHjC+ZnLTpqmYio8J0U/ywt8r95vFEvE4+3ouK2tqXHF5RvtAaLL3ySenqjp/RD46ulk6k1aD1+4imu7lbLpLhGXRG31Rv70q0ll0kk84mMaXJbJslkkjIBjNQyEdFufgAAAJewuUzUffrMIyTGWfF1JmqEyIdK5GvfA6WX5K5IlYnxLbQyOdabeu7tOtObpmskXSaf7jtw3FugvIJeJqmema9Muo8dOuZ55/gF+fiJ4etkDEOZALaiTAAAbudcmRy82JVev9+RkzIJN1Yev9Go/ZCudJkcT3eIOsYyiZ+zHDMxl4k3nRyfLLFM1KkqPaYfrmFMQ5kAtqJMAABu51iZmM+SulAlXw2yyjLpjn8mXiSsLurXmVRXiMVj5xqC56rfLFNyIqNM5OtMDtTJj1bckO9ay2TfO/7Sjz9qv9Hk8x3LUibBI/4D55rORi6K2jlw5gOxfVGh/4L1q2WUoUwAW1EmAAC3c6xMKk3rOSqT7jcNV4noudIernnT5/f4jh27eFF9KOMoyp0L6qO1ypX31jKJ9Gg/6fhYuCNLmXQPXhDbvHniXHf8ok859augTL6Qhpl3KBPAVpQJAMDtHCuT+aeg+mPrU5gNOZQJYCvKBADgdraXCcOoQ5kAtqJMAABuR5kwDg1lAtiKMgEAuB1lwjg0lAlgK8oEAOB2lAnj0FAmgK0oEwCA21EmjENDmQC2okwAAG5HmTAODWUC2IoyAQC4HWXCODSUCWArygQA4HaUCePQUCaArSgTAIDbUSaMQ0OZAEvxq1/96u23375z546kfNR//vOfv/rqq8PDw+btLCgTAIDbUSaMQ0OZAIvSU+SNN94Qdzs6Ol5VqKGSHWUCAHA7yoRxaCgTYInUOFH/qR8/WRRlAgBwO8qEcWgoE2CJOjo61CxZ4tESFWUCAHA7yoRxaCgTYIkoEwDA5kSZMA4NZQIsxSeffKI2SV9fn9on77zzjnmj+VAmAAC3o0wYh4YyAZZCv7xEMlTK4OCgeTsLygQA4HbLKxPzs4Elo0yApejr6zOewSXiZM+ePYbHF0SZAADcjjKBQygTwFaUCQDA7SgTOIQyAWxFmQAA3I4ygUMoE8BWlAkAwO0oEziEMgFsRZkAANyOMoFDKBPAVpQJAMDtKBM4hDIBbEWZAADcjjKBQygTwFaUCQDA7SgTOIQyAWxFmQAA3I4ygUMoE8BWlAkAwO0oEziEMgFsRZkAANyOMoFDKBPAVpQJAMDtKBM4hDIBbEWZAADcjjKBQygTwFaUCQDA7SgTOGStymSgLeTx+j0F5UVHzpsfy+pyMBA1ry2uyOsfMtz1lDQb7gE2okwAAG63NmUSv9nT1Bye4n9AN5M1KpNLvmCveS2baFFdv3ltOYq8VR5flX6XMoFjKBMAgNutRZncC8v/DVvMnuX9N2y42hqVScRSGsmSvQHx8Ssqa9UW7oUrDpbLK2d6i3Ypn0yvv7RTai/z92lbxIsK/B5foP1eUr1f5K28XFclb7mrPJa5H1jkDR7e5Y+n7mplcu9STVlQbF94VAuVUq8/HjkvVmquyNse3iO/lP6semXjiovGoy/AIigTAIDbOV0m7WXyTqGYloGE+bGl62827m721VV6vJWGh3Oiv6ZE20ktCYbND66Iur+7aa1RmUiFPn9pXUS/e9jn124Ntx7+WLzLpGdv6Gp6Xy5dMnqZFHq1p1SJj8RR+cNgOGUraToqUiR/FOOegtp2pTNMj4rPartyQ5SJ+qYB0UIFtcrakMcvv3j0bLn63MiJgGcv9Y6lokwAAG7ndJmU+rTdffMDy+JUmdS3hVvaWvN9fnVPcZUokzUpE2msV/wN+o6e71KOeBg+KlFPxSVJulRYYzyoMk+ZeLzV6orySZPP1CoyfIA9XrUrNEqZSCU+f7784uYykTpr9TJRF+QAVoJE0jYeECvq3amWKhs+2NiwKBMAgNs5XSZF6nlcXv+MfC9R6PMHPjVvszinyiR1Mk/UU9I6kPHoSuhlEjq4ujBzpzUrE1U8fHiXf0rJjNjoiDbxhPgsZebifGWi10VnrfpJW7RM1M9PZFZ7bpEIlUPnY6Px+cukTDuko2wcEQ+lv8LRMfUhYFGUCQDA7Zwtk7FwVP7PwFqciCk8s4KffrRwmcz2e3zlLcqBDo83oD7q2dNQVVEpFg/s9kc6a33FteJ26qBNUjy3sKI1Irb3mdrGUCbDrfkne5Rbt0qCrbGbPeLp6hcgGqO+d0DsQR4o8Een5P8kL+9o+ioj3T0iuvoy9xC0MknED6u7nsr2xi+gpk/9j/pVRWXN4lsIFPubrjRXhMJNZ6vyvfJetTTb49lbK15cPHqg0WUXIaxxmcxGT+2V/wwP+9IXgSjMZ3Pph1D0MtE7RLyCfjaXuiItWCaSfKKXt1wtE8+e0FVlqf6Af7Eykc/mUj8JwLJQJgAAt3O0TEoL/Aea+7tOylcbqzO0sv8N7W825o0y8u7gUCh46pq2SyeaIaK8uHi0JKTsxF8JeYq1fdCmQ355T3G4vSR11UFA+Q/qBqkyScRF0oSGMx4T+5eeEvn6aV9q/3KqpapmUL4hvpIqdbcy0qBcxpCmlYlhr1RSTvtRb8jXGyh7valqkqR4h8ennkeUvBwsb5qQv3H3ng+2NmXS31pR1yFatLRYLkaxMPRxte/I+SbRyG2tFcrxuiKf31PcMHCzp7TukiSNeAqqm26ODAyny0TU44GzkYHesF6PSysT5boUtUxEyp6UXyG/ILBomYiIkuP25kBTXW3J0dRl+sBiKBMAgNs5VyYiS/SQUE7lWoUFjplU7DKcJdXfXNI4Iik7juq+oPFEHfVC5MhJ7XJ8dVKbqbTrTLp6jadxJUoPVmrbKzuR+YYyCY2Kf8uHU9KT2uNUzVsmGdsr+7iGM9P606/QWav+p/yA2MPeE6xoXtGxpjW1NmUCbBqUCQDA7Rwpk7GwniX5ZWHTT1ldiQXKJHRQvzJE3pWv6Jb/naVMYo3BhS9QMV5notGPkDQd0cpEiveq31fJGflyZ/m/uJc0m56lW6BMzF9A9jLRJG55djUY7rsAZQLYijIBALidE2ViPFqSgyyRFiyTocZgRbf1bK4Fy0Q9m2uBH7s1T5l4UkUhnqWWSV99ZTTzpx97vIHSzvlfUi+TU3syzuYybb2kMrGcRLT+USaArSgTAIDb2V4m8mn0e0KXZ+OeFV9VYrVAmQiXQ7VyAvkCTTe1Hf5sZSJLlu6Xz+ny7Tft6M9TJjM32+XDPnur4i1VapnEL1br0aX+yjxpdkz7GgrKI5lXp+hloh5pyQ+qh1nSX0BNRD39bOEymYj61F8FWFCZsz9Mp1AmgK0oEwCA29leJtKY9hvfXbcnvbjZiHZtvUL/fXyYF2UC2IoyAQC4nf1lIkkVB4O5+jXq68tg64GW9A50vrfc8BjMKBPAVpQJAMDtnCiTDawlGFSPCPn2V632B45tdJQJYCvKBADgdpQJHEKZALaiTAAAbkeZwCGUCWArygQA4HaUCRxCmQC2okwAAG5HmcAhlAlgK8oEAOB2lAkcsiZlMjWdnJzWfvkm4F4DwxPmJQvKBADgdpQJHLImZSLeyLwEbFCUCQDA7SgTOIQyAWxFmQAA3I4ygUMoE8BWlAkAwO0oEziEMgFsRZkAANyOMoFDKBPAVpQJAMDtKBM4hDIBbEWZAADcjjKBQygTwFaUCQDA7SgTOIQyAWxFmQAA3I4ygUMoE8BWlAkAwO0oEziEMgFsRZkAANyOMoFDNlKZtJf5+8xrq3Jqd8C8BCwTZQIAcDvKBA5ZB2Uy0tIWVufUQX9Nv+GRZVqoTGpK/IGQeP2OwuLzV80PzqOobhVfBJCJMgEAuB1lAoesgzJJ6Wsu8vrNi8uxUJl4vOXmpWyilAlyiDIBALgdZQKHrJsySYp+OHUtqdweCtSFY4PRporyqqh83+NvLixrbmoLT2XeDvmDVwdHxGZqe6hlEu+szc8snEKvf8Z4f7bHs7c2Nnor3xso7YyLhUCBvyIU7gpfCtT3xEY7Cs/0xkZH4gmpVH2d/tb8Q+dbege66qrzyyLKS0Tydwfqu29dba4VK1PGFwcyUSYAALejTOCQdVImNSX+q/PsufWrhy88vlp9yXg7pV88XVLK5HJnra8iItdGhmRpScDjKx9S3kLdWJhqqfJ4KyVpwOMPGzaO6MdM1DLR+kRd8am3I/kne9QV8QqrOQMNGx5lAgBwO8oEDlknZeLxGq81T5TuL/d4/WK0Milp1h8z3h4IN/t2yZt5lHgQZZLv8zdZukTVFAyK5/bNyqWhPkWZSmOKKMxlYjzHLFU16W0oE2RHmQAA3I4ygUPWQ5mEDvojht22knQJXMpWJqPtJaEhdbOAcihDPZvrgE/rGatSJXX0YyYp/dmPmagvrq2kjplQJlgiygQA4HaUCRyyHsok84CJ4RhFpCFbmfQ3H2hRvp5Ig3phiXadycXq/MwX1BV6/Yc/noyeLa/pUy9o0Xh8VYZ7kcJUaqhl0l4W0M80S11MT5lgqSgTAIDbUSZwyNqXSWet4dwqv6csIt0Lixv5+xtaBhLZykSSAvsDYkuxWVdFukxk8XC+4TBISbF8blj+7qB6nYnQEgzKK8XBQKNyif1Yb75POXnsxCVxLyBflBKoiKSvMKk5Wi5vUBBMnSlGmWCpKBMAgNtRJnDI2pcJsKFRJgAAt6NM4BDKBLAVZQIAcDvKBA6hTABbUSYAALejTOAQygSwFWUCAHA7ygQOoUwAW1EmAAC3s7FMuiqMv2ZukTE/GRsOZQLYijIBALidjWXSXiYnR/7JnvTS7GRLW7ird8SwjfzDWJddJv3NvrJW8VItofPiuQv8Ju5cOuzzF9bcMq+6U7yzwbzkCMoEsBVlAgBwO5vLpKBS/8UOQsVe7QjJZT0mZofaK+Rf+JDeaCn6m/Vf8iDapkr5RRF2kH/lxcYT7/EFDbnoFMoEsBVlAgBwO3vLpLTTcP9ayLOrWuwr1pSIOAkaHpBWUyZSX3NR/YD4t3hZaeySeCk1JuJXWpXfWFcZ03+ptq/2cl2Vz+fP3yv/Hu7De+Vfcld4NPXb9OK9vl1yNWkr0daSPekzzUq9/tQ7JkuK5eM8+buDM8r9vrpKT0lrfZncV4fretUXi11ulZ+7K9AykFBX1pe1iBPKBLAVZQIAcDvnymSgvlLsrA9oZZKRIqspk6FQsKJbviFetrTAX98Wjinr+V75dtPZKk9Jc5/yv9Qeb1VRWXNTWzhQ7G+60lwRkh8Vm00p24vnipWWtvCB3f6avqSUiMdGOzxHO2Kj8rlnepmIDin0N4vN6isq85UjKnKZiMIpkxf1b0S8bEtbT0vofGhYXVh3Kvb6HY4TygSwFWUCAHA758pE+rTWs6tqSprs+7TZ4y03PLCSMlGPZogpqgira6JM0md1dTeUdib1dc/BdinjXfo9RzrUW1MtVTVycfQYT9xKHdKJ6It6mXi8lfpmpT75BeUySS2K2/I7KWXSN6V9AetVMtZSHepz7pDOmpTJ1HRycnqd/0UAixsYnjAvWVAmAAC3s7dMfAfPG1eKfFpOyAclNImBsJwZxs0WZzybK0U+mysl1hhUekMmX+6yq0HKiIr+dId01spbjrYbX9DjDSj/nrdMavXNxDvGtDLRFvUykW93yyd0RRy4PH8lkvkFVTVXHP3i1qRMgM2DMgEAuJ29ZSIf06g3JMRYb1FxsPSMdrxC0nbrzSd3LW6xMlngmMnCZbLaYybzlIkwc7M540eTrRuxi7UOZ4lEmQA2o0wAAG5ne5ksccxPzm7RMpEkn89f39bTVFdtuM4kS5lIgd3ydSaR3ujhvfohnUmPr3xgUD5HLH2dSX2w0N98tTtcHwymrzOxlEnRkfPR0ZH6isrAp9n2sNdE7GK181kiUSaAzSgTAIDb2VgmgBFlAtiKMgEAuB1lAodQJoCtKBMAgNtRJnAIZQLYijIBALgdZQKHUCaArSgTAIDbUSZwCGUC2IoyAQC4HWUCh1AmgK0oEwCA21EmcAhlAtiKMgEAuB1lAodQJoCtKBMAgNtRJnAIZQLYijIBALgdZQKHUCaArSgTAIDbUSZwCGUC2IoyAQC4HWUCh1AmgK0oEwCA21EmcAhlAtiKMgEAuB1lAoe4rkwunw70mdeA9YsyAQC4HWUCh6xVmQy0hTxev6egvOjIefNjWV0OBqLmtUXUlPjl99KnpNm8BWAbygQA4HaUCRyyRmVyyRfsNa9lEy2q6zevLZPoE/MSYD/KBADgdpQJHLJGZXLLU5JxqGSoMXjgbCQ6OhLY6+9TduGKfH5PcW1X+FLFx0Ox0Y7CM72x0ZF4Qmov86tnc3VVBAKhnoHeDo+vsqYvKT/F6/cdOR8bvdV1tspaMsYy8XiD2q2JcEloqK+usnB3uf5q8vpsT0WBv6l3QLxUaWdcfyKwXJQJAMDtKBM4ZI3KRCr0+UvrIvrdw75UNgy3Hv5YvMukZ2/oanpfLqKXhl4mhV7tKVUlfs/RsKSUyZC6JCWtp2wZyySwS7s91VJVPyyJMjnQouVHqfJQ9Gy5Z1e1spD07F3e+WaAEWUCAHA7ygQOWasykSVGSnb71WMUGdeBlEWk/ubSTuOm85RJuj06az1e+UWKUq0iP+qt1W+rMs7mip4PRJKigkqUp4gyaU89ot4uNX49yosDK0OZAADcjjKBQ9ayTBRqaZj3/mfDhTXG07HmKxOvekxDbgmPt0paVpmIDXzVYiX/RI+kvELNoLYeORmIqBfN++XjMMAqUSYAALejTOCQNS6T2eipvf4p5WyuzIs5zGdz6aGil4neIeIV9LO51BVpCWUS2OUv8pZXKT/nS5RJSUg7EeywfjaXesEJsDqUCQDA7SgTOGRtymSix1cgnyhVVNbcdU++eF2SkqX7A/KpU7sC7cPy/ZmBcMXBcrFS8uEtcTdQIj9aEUmXiSQlisSL+ALt2issr0ykayG9RuQzuO5pb9cykNA2SAwU7pK/yEDjcn9MMZBGmQAA3I4ygUPWpkzWAREqU6nbxutMgNyiTAAAbkeZwCGbskwmY4NR48lalAnsQ5kAANyOMoFDNmWZAM6hTAAAbkeZwCGUCWArygQA4HaUCRxCmQC2okwAAG5HmcAhlAlgK8oEAOB2lAkcQpkAtqJMAABuR5nAIZQJYCvKBADgdpQJHEKZALaiTAAAbrc2ZfKbI9U3bt01r2JDo0wAW1EmAAC3W5sy8Xj9R4/Vm1exoa1JmQzFsr0O4BYPJmfMSxaUCQDA7Zwuk8OldUUlQfMqNoE1KRPxRuYlYIOiTAAAbudomfRe6/d4/WIamz4xP7YM2ovoU9pp3gLrEGUC2IoyAQC4nXNl0naxRw0J3+5yPSrMGy1HX11lu3kN6xdlAtiKMgEAuJ1zZaKmyHuHzt7qG9y7L0iZbDaUCWArygQA4Ha2l0kiMZNMyv9LaT2PS6yLR9ObLpOpTPK9/qZwT9WRQGlnXF0p3BOM3Byp2C/et1K+31l76mywqKy5pa3V46su2hNsaQs3na3yHA2LBysK/PVt4Uh3z6kjysbINcoEsBVlAgBwO3vLxHg1yN3B0ctXbnlSP5XL+NDKLjvJKJPuhopu7abokJpB/QEhUqoenOmsDXyqLVUV+6dSD6vdIsqkpT/b3jBWiTIBbEWZAADczsYyuTcUE9VRfOB0UYl87lZhkRwAaplMT8+IG2JdPCpu+ArLzU9eAmOZxBq108OUqazplxdbzlTn+wwXtHTWqutCTUn6RDLtiMq9sLzlnuBQQn8EuUSZALaiTAAAbmdjmbx36Oxb75Spt2/cuqvmgVomlcELWi1I0oMHU/rtZTEdMyntTBoelK6eKa8fVm5NdBxYSpmkVJX4I8b7yBHKBLAVZQIAcDsby6T8ZKOeHI1NnxjL5Gztx/pDV3pv56BMJMnn81eEwi1trYUHW/skaaqzNv/Q+YHeS56C8sJdi5dJyf6qyM2R2M2eQl/6RC/kEGUC2IoyAQC4nY1l0vVJr0e5hqTmg3b9lCp1JdJ9Q9wQ62qx5KRMZgbC8rlbvkBFS7+SFomiXfLdy2PxpiOLl0moTDsf7PDZS/pDyCHKBLAVZQIAcDsby0RKHTaZtz2CVc36Q+PxCdOj2HgoE8BWlAkAwO3sLRNAR5kAtqJMAABuR5nAIZQJYCvKBADgdpQJHEKZALaiTAAAbkeZwCGUCWAl/s/h3UxixbzR0lAmAAC3o0zgEMoEmJcxTlacJRJlAgBwP8oEDqFMgIWocbKaLJEoEwCA+1EmcAhlAmSxyiyRKBMAgPtRJnAIZQLYijIBALgdZQKHUCaArSgTAIDbUSZwCGUC2IoyAQC4HWUCh1AmgK0oEwCA21EmcAhlAtiKMgEAuB1lAodQJoCtKBMAgNtRJnAIZQLYijIBALgdZQKHUCaArSgTAIDbUSZwCGUC2IoyAQC4HWUCh1AmgK0oEwCA21EmcAhlAtiKMgEAuB1lAodQJoCtKBMAgNtRJnDImpTJTHJWvBfDuH2GYtn+L0JFmQAA3I4ygUPWpEyAzYMyAQC4HWUCh1AmgK0oEwCA21EmcAhlAtiKMgEAuB1lAodQJoCtKBMAgNtRJnAIZQLYijIBALgdZQKHUCaArSgTAIDbUSZwCGUC2IoyAQC4HWUCh1AmgK0oEwCA21EmcAhlAtiKMgEAuJ3DZRLP9/rzDzWbl7EJUCaArSgTAIDbOVcmscvnPb6gfGus1+P1x/hfz02GMgFsRZkAANzOqTKZHRM1cjmu3bt8NujZfz5jA2x0lAlgK8oEAOB2DpRJstDn9xRUmZcTt1Zz5KTiYGW+eFlfIFAXMT+GdYkyAWxFmQAA3M72MmmvKPcdaY0mzOtCNFTl2Vvbfi9pfmBRfc2e3cFAXUdL6Hz+3pD5UWQV72wwLzmCMgFsRZkAANzO9jKJxRMeb227eVnWXubvS8RjU8suk5oSf595TfKUcGH9UlXs9ZuX7EeZALaiTAAAbmd7mQjZysS8tiRTn9Z69ta29Kd2XmcnY6O9nuJQbHREko8J1OZ7/fVt4aazVXqueLzVnt3BlrbW9qjYvt/jq4x098inmW3WnhFx4gv2mFftRJkAtqJMAABu52iZtLSFtfm0X1pFmWjXrnj9Fc3R1Eq/3hiBXX7PkQ71tkgU9YbYuD11/f1QY7CqTzlQE2nQN9h04j0OHznZKGXSWxSSP71ZLWUbIMcoEwCA2zlaJuKGtqJUxCrKRDPV36H9JGJDmXi8lTWp3ULxFuoF8mJRW5Kkil1y1eijr28qsYu1+dYfS2CntSoT8VcfGx1paWs9daTSs1v7BNojqn/wAOdRJgAAt3N3mQgHtLRIl0m+11/aqV27UlPijyk3jGUSOpiD93U1kSU1V1KHkJyyhmWi357qrD38sfbKFQfLRZfWp/4c1LuFB7WP6NDFkLibvzt46vJkX11l3+xQvs/fIv8gh0hRndwfnpLWU8pT8vfLT4nWKT8sTm7dWn0b4XKoVnnZkPqTHuSXGuutOSo/8dSnY+o2QE5QJgAAt3N9mXi8AeXfk55irUwqCvyeg9qFLYazudK7p0ONwdJOp/fL15Okw0dLVOuhTCSpx1OmHEUbbs8/dD42GPX4lEcnLsl3RwdOHdF+1Jsoh6a2S/XBUMuwnBM1ZYH6tvCQ/EiqTHaVB0I90dGRwF5/Tb80Ex+JNVefujwSG40bymTS4ysX21TsD6hvJF7Ktztw4Gw4djOS+YUBq0WZAADczpVl0h4Mqidi5RcH9cJor6gUKwPK7ZmBsPwfsAsqh1L/G23aC1T/S7anoLyobPNdAR+/ZV5xxPooE/Wzdyng05L16pnyLvGviXD+IcMn4dPaKsNHUy6T9GlaqTLxqqcRyjy7GuR/ddamNtO2EU9sT30Cxe2mCfmfoVFtpaZkk55JCJtQJgAAt3OiTNIXvltmyrwtNqx1USazEU/FJam/ucjrj42OqDOjPZaQT+gqlo+ZyEWRfo7prl4m6UtWtNuWMslob+VR40tRJsgtygQA4HZOlAkgrY8yibdUBSJJ0SelqWMmJkXq+sVq0zGT+cok/bILHTMZqJ/nmAllAptQJgAAt6NM4JA1LBP5Z3M1NwcOBNRDIrLhsGd31dXBW/VnlEtu+lvrw9HYYDRfu2wp6fH6u3oHmupqayILlUngwNmIfp2JbLQ9/2hH7OaA4TqTpMcXENtUHUpfZ0KZwCaUCQDA7SgTOGTtykT5kVm+gG9/berELVl9mXy1km+/UiYTPepP1tJ/XtZAm/KzufYG66MLlUltxcFy8az8/Q2ph5JFu/zK8ZP0z+YaaGsw/WwuygQ2oUwAAG5HmcAha1UmNjFeZwKsB5QJAMDtKBM4hDIBbEWZAADcbill8oligjLBamywMgHWG8oEAOB2i5bJ7dsD6s6kuEGZYOUoE8BWlAkAwO0WLRPj/iRlgpUzfpIoEyDnKBMAgNtRJnCI8ZNEmQA5R5kAANyOMoFDjJ8kygTIOcoEAOB2lAkcYvwkUSZAzlEmAAC3o0zgEOMniTIBco4yAQC4HWUChxg/SU6WyYsXJr7+/jjDuHeeOD3eenfG/Mm2oEwAAG5HmcAhxk+SY2Ui9ucu3Fl8lw5Yz2bnpG9Xx82rFpQJAMDtKBM4xPhJcqxMnjg9bl4CXEjEyaIoEwCA21EmcIjxk+RYmXz9fcoEmwVlAgBwO8oEDjF+kigTIOcoEwCA21EmcIjxk0SZADlHmQAA3I4ygUOMnyTKBMg5ygQA4HaUCRxi/CRRJkDOUSYAALejTOAQ4yeJMgFyjjIBALgdZQKHGD9JlAmQc5QJAMDtKBM4xPhJokyAnKNMAABuR5nAIcZPEmUC5BxlAgBwO8oEDjF+kjZXmYyGCtsS5kUg1ygTAIDbUSZwiPGTtCZlcqujOXS+2fOjp8U/5em4bdhwPpOhJvPSskTL+sxLgH0oEwCA21EmcIjxk7QmZaIq+6enjXfffeWFJ558+pv/VKDeffH5H8h3n9l5S4p988mnn1DmVmrjgeZD6gYv7mmW78evVL79irj7bvOgtsVg2ze//fQT33/+0vGd8g356UVS3ylvi/a49nbPvBJX7v74yVe6jnt3fF885YWRpLYNsDKUCQDA7SgTOMT4SVovZTJU99Qvjo/cuVK7+4Wym9J0W9G/Hm0Td9vePz4tSZeO7KwdjY2MxvTNn3ryR+oG/+tgm7j77jNPP/F80choVKyrG/zs20+X1TWH3j80HY+N1Hnf6xZPf5Auk74z8tuNRpuOFzy1S36FHz/59PbXj4d6BpuOen58fLFjOEBWlAkAwO0oEzjE+ElaJ2Xi/Xb69hPfLpoOef/1+Gf6yq3jO01ncz0hyiS9weATu7vUW9MN3so74t9dPz5mqIuWIu1srlSZeJ98Wn9QfesfG1bkoyvAKlAmAAC3c65MrkfvnK392OP1/+ZIddvFy+aHsdEZP0nrpExEGIwoR0WUeSAvJWIv/vgHTzz5g/h8ZaJv8OP3RJ+0/fjIFf3p08l0gWgsZWLsEPXLoEyQQ5QJAMDtnCsT0STGqflAPpsFm4fxk7ROysR4zMQg0XvslSPXFygTWeKJJ1+QpNtPvJ35GU62LXLMxPB2HDNBzlEmAAC3c6JM1BSJdN8wLu4pPiUWjSvY2IyfpHVSJtJQ8xM7PJfuRLvON//43a5b73vbegYHepqP/OJHbeL9uw/97MhnA6Ox6dTmL753Rt3giWfkijjy/NNPfGdn1/XB2uP71avkf/btpyvbroTqTsl3RkNPvREauT6YPpYSb/vmz/aPjEa73i/SrzPRXpoywapRJgAAt7O9TD79LPreobPmVYVYF4+aV5em4mBlvs/v8QUCdRHzY1iXjJ+kNSwTYKOiTAAAbmd7mRTtC966fc+8qhDr4tGpqeX/Erq+Zs/uYKCuoyV0Pn9vyPwosop3NpiXHGH8JFEmQM5RJgAAt7O9TDxef/flm+oJXfri0WP1+vqHjdoPOFq6mhK/k7/CLnRwo511VrF3Db4j4yeJMgFyjjIBALidE2VSGbwwb5mo60f8dYbNl6TpiD9i/h/fiKdMO62r1OsvqutXbgSizbXyW/sCl9XfbNdZ69nV0FQWFIuloV79yfXKSuHR5stj6q+7i1R0SzM3W8ViLCr/0/T1u168xxfsMS/azPhJokyAnKNMAABuZ3uZ1Ic61Q6xlol1fcmShT75iRXN+mUq85ZJOmDy1XfplENFe8LJQP2wcuNEoEntltmeigL/kLLm8QZKO9VV+XXUGxtKvMfhIyfGTxJlAuQcZQIAcDvby0QYvBfb95szxgI5fbZF3BXrKy0TzVR/h8cXVG7OXyb6lu1lyglgcplUptYi6mYlxi+gs7aiO/2QakOWSexibX5BlXnVTsZPEmUC5BxlAgBwOyfKRJienmls+sS4ov4Q4VWWieDTnr5YmfgtZTIb3sRlkhRZUnNFOyjkDOMniTIBco4yAQC4nUNlspDVl4nHG1D+3e850KrcSHoMZdI+oW1mPJtrSllp96fO5joZCCk3jGdzGcvk1J5VfYXrj5wl5jX7GT9JlAmQc5QJAMDtHC2T3xypNqbIvSH5bK4VXAHfHpQvWBeTXxzU/7P/5boqj3IVe01JukwuhyxXwHsr1evdjVfAtygvWHj0fNc97Qp4Y5lI8d7VF9Q6Eld/K6DTjJ8kygTIOcoEAOB2jpaJfsm7cbo+SRdCbs1zFlbGdSZwlPGTRJkAOUeZAADcztEycRhlsq4YP0mOlckTpykTbASzc+YVK8oEAOB2lAkcYvwkOVYmrXdnLtyZMa8CriKy5NvVi/+8CsoEAOB2G7lMsK4YP0mOlYnw4oWJr78/zjDunSdOj4vGNn+yLSgTAIDbUSZwiPGT5GSZAJsEZQIAcDvKBA4xfpIoEyDnKBMAgNtRJnCI8ZNEmQA5R5kAANyOMoFDjJ8kygTIOcoEAOB2lAkcYvwkUSZAzlEmAAC3o0zgEOMniTIBco4yAQC4HWUChxg/SZQJkHOUCQDA7SgTOMT4SaJMgJyjTAAAbkeZwCHGTxJlAuQcZQIAcDvKBA4xfpIoEyDnKBMAgNtRJnCI8ZNEmQA5R5kAANyOMoFDjJ8kygTIOcoEAOB2lAkcYvwkUSZAzlEmAAC3o0zgEOMniTIBco4yAQC4HWUChxg/SZQJkHOUCQDA7SgTOMT4SaJMgJyjTAAAbkeZwCHGTxJlAuQcZQIAcDvKBA4xfpIoEyDnKBMAgNtRJnCI8ZPkZJkMxSbF22UZscHUdNL8tE3sb07ef6h4JMuIDczPwTpAmQAA3I4ygUOMnyTHykRUx/0HCfNqJrGB+HrMq5vVollCnKxblAkAwO0oEzjE+ElyrEzEG82Z18zmlM3Mq5vV/1ZijpB5R2xmfibWGmUCAHA7ygQOMX6SnCwT89J8Ft6sv6bEb14z6qz1+KqNCyVef2mncWGFirxZ39c21ggxzGg0Kb1QPqreNT8zpSjrn0B7md/j1aaort/8MFaBMgEAuB1lAocYP0kbqUwOH/UPpe/fKqqozbJfvnQLlclUS1W7eS2XLDWSmgP3X74+O3BzQl8xPzNl8TIpaTavIhcoEwCA21EmcIjxk+TCMkmW7A3I/6W/oLLP+HhnbXukoSqaunstVB9p1vbLZ4eKdstPqbkSVx/0VFwK7JdX8vfXqitddbXq0QN9m8PKuxQebT6QKhN1m/y9Vcq9Ee2Ag7ZzHy8q8Ht8gfZ72hX8Yr29otLjrW4JNwQi2mKh13/442x/nkbmIEnNY82JaFJ67bR2wGQpZVJfFhRfqm9/VU13+t2tZeIpi9QcLffsPa/cU7+j8qHU3vXlkPztlwTD+goWQpkAANyOMoFDjJ8k15VJX11mkOhEmYh9610N6r3DPr/UnyqTFP3oh8cb0JYW2CZ0yH9V26tMekzHTFJPEV+Jdswker4wtU1Vid9zNCzJb+HXEkfc1k4zi+af6EmtLc7aJPIcGBN/HwO3J42L5mempMokMu+Rk3nKRP9O5e9I+yPK95arK4cvKt9QpEFbwcIoEwCA21EmcIjxk+S6MpGkhM/nL6lo7hrI/ElfSpnUH/BPyXeG8k/2pKtjdqykuFw9xKFua9gjj6iXWESbQ/k+7aILKfMMLv22vo2pTDJ28TtrPd5KSd7L147GCC3KaWaREwH9iM5SmJtEmbLRuZau8d/LXDQ/M0U/ZlJREsgvqYpl7ifLX/ae6pa2sJi+CXlF/y6Ml6CofyDWFWRBmQD/f3v3ttNGli9g/BHS+2YeYS7nTeZy3qAfYe7mct+UNCArJAooVhSlEw0WFm6C1SRgBONOJt7QEA4dK4FO0qRDI6bDwUROIMam9lp18vIyBgzl5Sz4fvprxhRlg0crk/pSLhuA7SgTGKKuJAvLRLTJTvKWPD6OTkpIXpkczIw9EwfZ27PyZV1+mdTkHcfm1soVd7BVmdQ2nL6xzd2daJ9jyiTcJzoFcfYycb2XmaWvt3dAH4XHP9er36a91255J0z+Nqjnin7PkHKdSXViaMS5OZZfr39czDHnTNQyuZ0v7e74429ZCb/0t+AElAkAwHZdLZM/3hzqm3BpqSvJyjIJNhTSL5QvvTKRL74aGOn3G8AvE5kKwauPWp4zWcyNvg2+9vfJ30tFrxkL7hXus5XP1svEP/LcKEQlMzoQvZpLKRPvJ/rbzy4Kjz//IM9o7O9Wvts6mnlR1rLkbGUieSky2/jl8WWivj4t2sL7d50dZQIAsF3XyuRZKu3cyXblsEM7eoMZ6kqyrkwOXj6VLyhKpG/c8y/UDgVl4o7eCtogejVX+ZeC413LHrWNXib+9e7iMZV9oivgxQPWtyTSK3sb4eF+OZFIOff8H1vRr4BvXNvPHqSKbR6mNuTH4Mf//bXqfqk2Z8kZymQjcd17EVrhvfoPECeViVTx32kgmQmuptmcy8v/5ftGoi1ohTIBANiuO2Wy9HhMHE4dhsdnbduQx3zJvPJmrd4bEB17xW2ztsok05cq6dtwHupKsqdM7DY20N5Ludzm60zu7g0tHXPC5IQyQbdQJgAA23W8TOS/7yrXsMq5Pvx627+M+Pxlcj81Hr1aRqqtJr+fjq1MitPHvxHT5VBeTWTbeLOmuKgriTLpuPLO2nK+Z6iobz9Nc4G0Gv2e6DbKBABgu06XyWpjlmQ35cW0kWJiaHYlfCFKGzYKgzPL8h1aQwc/jdc/R+I0p5ZJ8WH6MpeJ62ba/6f0i1NXkskyOdK36Y4uZZm8yDmJ9Dk+A+R/knqBHDtiN/2e6DbKBABgu06XSbGxTLQk8L7bl2/ceAb+S/lfhp8ltz2b7E25i8Fnb4tK6UnmXv+xef9mat57W9L1yZGJofRofrm4K7/0f43BvtSaf+amXHRujhVfvkokUvLfmGv7o7eDdwQS3wwvAJDXG/QkRmbmltMDqeCT9WqrTnJa7LY2l+sZWvA2WUPEieEzJ+pKMlYmB1+q4medZfR7XlWP31WaO6R5xG76PdFtlAkAwHadLpNOvZrLjxD/s+TGBlLys+TCMmneTZRJ/VO6vTIRWTIfvvlrJnpb1fDNjkSEROdM1DLZDPdzvBfJ1D/zTj7mSHjTFtXSzHh+3dzxpbqSjJUJcHVQJgAA23W8TFzv4N5vks1K5fVcIX1Pfvzcyl714mUiT5XIa9+HZXhEZbL3Zio7duyH0/mcXvkLRF8mG8PJbV0m4bagTEpPshPhrx99CrgtSs9zPX1j+tZOUlcSZQLEjjIBANjORJkMBgf9DWcVLvSuwWGZHMyMTf2xGrxJV1Am+yISgndKfZtvUSY5191y+oKXltXPmYTOWCbCXe99UZ2+rF0fzCKyZOKXhg8MNEBdSZQJEDvKBABgOxNlUnwoP6BAPU0ROPcnLYZlIj/hrjd14N8Mz5mILTcyC2svF5yB4dZl4pYXc0EXlYtOIj0ztzz1aDw5kBUb1h4P331cXNt9f3BKmbxKPHwTbrRG6fm4+SxxKROgwygTAIDtTJSJ+3K6xyuTefkKrjjUy8TtiYInLJOlR1l5cUsivVlZO6FMvKoZHn0rf6WZbFb8ej03R5JZ70L22pb/YrDNU8pEdpE/PXemw+9+9crv9S1GqCuJMgFiR5kAAGxnpEyEyuZotlC6XH9j9vem6188H4+uOcGx1JVEmQCxo0wAALYzVSaXUbovNfXyfWl3Z/PNq2Neq4ZG6kqiTIDYUSYAANtRJhew9ybhXwF/PT21sqd/F43UlUSZALGjTAAAtqNMYIi6kigTIHaUCQDAdpQJDFFXEmUCxI4yAQDYjjKBIepKokyA2FEmAADbUSYwRF1JlAkQO8oEAGA7ygSGqCuJMgFiR5kAAGxHmcAQdSVRJkDsKBMAgO0oExiiriTKBIgdZQIAsB1lAkPUlUSZALGjTAAAtqNMYIi6kigTIHaUCQDAdpQJDFFXEmUCxI4yAQDYjjKBIepKokyA2FEmAADbUSYwRF1JlAkQO8oEAGA7ygSGqCuJMgFiR5kAAGxHmcAQdSVRJkDsKBMAgO0oExiiriTKBIgdZQIAsB1lAkPUlUSZALGjTAAAtqNMYIi6kigTmPH4XeVPd3au3bZ1xO+vP6XWKBMAgO0oExiiriTKBGZ803Ssb9eI319/Sq1RJgAA21EmMERdSZQJzGg+1rdu9KfUGmUCALAdZQJD1JVEmcCM5gN960Z/Sq1RJgAA21EmMERdSZQJzGg+0Ldu9KfUGmUCALAdZQJD1JVEmcCM5gN960Z/Sq1RJgAA21EmMERdSZQJzGg+0Ldu9KfUGmUCALAdZQJD1JVEmcCM5gN960Z/Sq1RJgAA21EmMERdSZQJzGg+0Ldu9KfUGmUCALAdZQJD1JVEmcCM5gP9hikcuntf/Nv/+P3I/XKo73DWOXi10rwxntGfUmuUCQDAdpQJDFFXEmUCM5oP9BtGlIl75N+OqUzK45+CB4xr9KfUGmUCALAdZQJD1JVEmcCM5gP9hikcjv77YP+/+9cay+Tvq1V55+rRX4I2qH6XCiLB22F/pqI9clAm0ar1t+c/HonbpY/Bw+a/uGu/ert8qd34vVYSBVELfsQJEz7k6SgTAIDtOl8m26vpTM6frfBvzKXJvL9l6YN3BIArQF1JlAnMaD7Qb5jCYb6wM/rR/UdDmexv/vbJu1FyP1WueUVRWhdb9pd+OxSJ8pfVmlurNj5UeM6kcFgKT8J8+6522+uZa/+uLC3LG+Jx3LJ8wL++qYmf6/+sU18Gpj+l1igTAIDtOl4m65MjTm/Kn4n1YOONRLClf3KjYW9cXupKokxgRvOBfsN4ZSLKYfPdp3qZiI3/F1WBLJAbW+L/KSvX5kSW7C+9KMkvdw8aH+qYMvlu1w3Ph+x7YeMVzu+f5ZaV6nfBtz5TJgAARMyVSWOEVI/b2K4tZ+Cpvg1fK3UlUSYwo/lAv2H8MvGa4a8r1XqZBCc0wvmhsuYejX+Sj+ZWDjfdI32HFmXSuA9lAgDAKYyUSSJ9PzMuOmTw+Z63rdojsySdSFyoTIoP05l7KX0rvlbqSqJMYEbzgX7D1CPko9w7vM5ELLG/T5e/nS7P/OqFxO2df/73yH9ll+gTd0tel9I4YZmkDl657l9Te97t/f3y4Xez5W//s//dtPwuZQIAwMk6XiabUyPpxXJUI+JG6XnOr5TyYq5/alO/wxnVVtPXU6Un2ZnP+nfwdVJXEmUCM5oP9BtGOT2yVquXSXAFvOu+eh2UybXlqh8V376rrb35qD+O8q7Bf3sh7+vfHt892vcuc7/xg/ySMgEA4GQdLxOFHydywpMn5zfzr5Rzb9519527s8GmxdzY5Eh6cmF+TX41kUyl88sz+WknWVj3/qYeuz088/J96bdV8QtEjwNj1JVEmcCM5gN960Z/Sq1RJgAA25ksE3ftcXDNyaH+nbYle1P3f5IHrz29w8GmxZzTl4t2cHpH/Bs94Z6Rqbup856pwfmpK4kygRnNB/rWjf6UWqNMAAC263yZ1IJDTP9FXPcz4+HLuqSDc/4d+t4vHH+K/oMs5ibqF63IEyP1GSqKTZtzTxN9wZbwTcJgjrqSKBOY0Xygb93oT6k1ygQAYLuOl0knroAvfp/2XrHle+/8a/nA1cpkx0kW6rsIb/PJ/JZ/89kDyqQL1JVEmcCM5gN960Z/Sq1RJgAA2xkpk+DcRXCexA3Pnzjnfdfg+4mGC0Wc3uzUtlYmrvrjpBe5+8+Dq1qTCcqkC9SVRJnAjOYDfetGf0qtUSYAANsZLJNEPRXKixcpk636Ve+e/L2U/GCTxjJxa3v9N9PyRwwVittyw2BSftkzMFaeGaNMzFNXEmUCM5oP9K0b/Sm1RpkAAGzX8TJxt1fTmZw/W+HfmEuTeX/L0ofgPAYuPXUlUSYwo/lA37rRn1JrlAkAwHadLxPAo64kygRmfNN0oG/XfEOZAACuEsoEhqgriTKBGY/fVf50Rz/ct2jE768/pdYoEwCA7SgTGKKuJMoEiB1lAgCwHWUCQ9SVRJkAsaNMAAC2o0xgiLqSKBMgdpQJAMB2lAkMUVcSZQLEjjIBANiOMoEh6kqiTIDYUSYAANtRJjBEXUmUCRA7ygQAYDvKBIaoK4kyAWJHmQAAbEeZwBB1JVEmQOwoEwCA7SgTGKKuJMoEiB1lAgCwHWUCQ9SVRJkAsaNMAAC2o0xgiLqSKBMgdpQJAMB2lAkMUVcSZQLEjjIBANiOMoEh6kqiTIDYUSYAANtRJjBEXUmUCRA7ygQAYDvKBIaoK4kyAWJHmQAAbEeZwBB1JVEmQOwoEwCA7SgTGKKuJMoEiJ1fJuJPh/4NAAAsQZnAEHUlXbxMarUaZQKoKBMAgO0oExiirqRYymR6elr/BnCFiT8R1WqVMgEA2IsygSHqSrpgmbjhC7oWFhb0bwBXkvizIP5EiGKnTAAA9qJMYIi6kmIpE3EQ9uOPP05PT1cqFf3bwFWyvr4u/iyQJQAA21EmMERdSRcvEzeMk6rnELjCorMllAkAwGqUCQxRV1JcZeLHSdQnwBXk/xEgSwAAlwBlAkPUlRRLmUT8YzLgKtP/VAAAYCHKBIaoKyneMgEAAMAlQJnAEHUlUSYAAADQUCYw5MOHD9FKokwAAACgoUzQBZQJAAAANJQJuoAyAQAAgMZcmfT0ppym0XfC1UCZAAAAQGOqTNaeig65n8mlo7k37PSO6Lu1oVpaW+hJyLxJZgrFbf3bJ5hIpp692Zx/u+/0pjO/6N+NhZMY0zdBQZkAAABAY6pMFnPaGZLXj4adZGH+Ub74Wd18VvOZtHjAwUezM4VCT2LsWVnf4QSJ8DdxEsNja43fi4mTGNc3QUGZAAAAQGOiTEr/GZOv3UoM10+YZGSojL4VkZCdaud0R2B71nmw0E6MNLjYuZqWejrzsJcSZQIAAACNiTKRp0dEmaSW1Y1iS1H8Z7Kwrm49m/XJEVE1zeazWfGwiTvTM5sVf4uTnJ0aysoXfV0fLtVc9/PqxAO5j38CRyTKxIbcrbRSUK5+yblu0Rkqho9a7J/0dnKLmZfu/YG0c29efHG4WbzRJ/d/9pv8WUvfj/h3l9+Tj5zz7yx+euK6qLL0yl7V3zLYm9p6nhd79ii/51VDmQAAAEBjokyOvfZdtsFG4djAONVEMtXcM1v57Ohb/+h/K38vVazJW36BeMrOrbx/KzpnEpbJvjPw1NuwNnrL3//4MnF60+HGOvHs0i/kDfVUjF8mxe/T0cvMMn2pLe+GKJN5f+Mv+eh1ZVcNZQIAAABN58ukttrcJHIeLIh+0Hc+G3HHJX2bm7muPNpGIflkx1XOXai3m8pkx0kWvA2nlEl4w7P3pv+WvNZFzOCi3NBcJkk1PBZzmZfyvwfrG4vK7auFMgEAAICm42VSnvEuMmkaUQ53z3tc/vrRMVeuX6BM5HmPzXKl+GjESfjfOq1M3jy9kUhNLa+Vdnf6KZP2USYAAADQdLxMBpuaxJ+yW3UeLOh7n1XZ6U3fzb9XN209yWZeNr+a60xlku7TXqa14dyd9V98tT4x0lwmE8mUc9s/zVI94ZxJ8WE6H17fr76aK9yLMjlmKBMAAICrqeNlkr6eOtS3SaW58fyuvrENtb21Qj74PJMfXpW8bSt5+ZZfiTvTz34LLu84Y5mMJcNkSqS3vKRZmRy7EVy5vtFcJuKnLz2SV9L3Z5ZHbwVlsvV8WmzJ/+E/cvCzZrJZ/3GWPtSvgPdvUCbHDmUCAABwNXW8TMpFebx+7Bzo+3ZJbaPndm5mblnMVDbb83BV3wFxo0wAAACg6XiZfP2WMqnX0Re1jQu8xgxnRZkAAABAQ5kI1cE78l22em6OJDOz+jfRAZQJAAAANJQJuoAyAQAAgIYyQRdQJgAAANBQJugCygQAAAAaygRdQJkAAABAQ5mgCygTAAAAaCgTdAFlAgAAAA1lgi6gTAAAAKChTNAFlAkAAAA0lAm6gDIBAACAhjJBF1AmAAAA0FAm6IKTy6T86QtlAgAAcNWII0BxHEiZwKhTy0Tksn4fAAAAXGriCJAygWknlMlnGSdfyp8oEwAAgKtFHAGK48Dmg8NoKBPE77QykadNDg9r+t0AAABwSYljv5NPmHymTNAJp5aJHyf7B5WjI/2+AAAAuEzE8Z446vOzhDKBaSeXiT/e0vwi1qh/2QnDMAzDMAxz+ab8yb+25JSzJf5QJojfWcrkc3jyRE0UhmEYhmEY5tKMHySnniqJhjJB/M5YJgzDMAzDMAwTDWWC+FEmDMMwDMMwTLtDmSB+lAnDMAzDMAzT7lAmiB9lwjAMwzAMw7Q7lAniR5kwDMMwDMMw7Q5lgvhRJgzDMAzDMEy7Q5kgfpQJwzAMwzAM0+5QJogfZcIwDMMwDMO0O5QJ4keZMAzDMAzDMO0OZYL4USYMwzAMwzBMu0OZIH6UCcMwDMMwDNPuXLRMDl5MO72pxsmV1jf0/XCVUCYMwzAMwzBMu3PRMlmfHGkuE7ExkSnqu+LKoEwYhmEYhmGYdqdTZSJulPV9cVVQJgzDMAzDMEy708EyOX+cbBQSQ7Mzc8szhcL5HwTdQ5kwDMMwDMMw7U4nyiSVzuT8GVve0e9wFhuF/snwSpX1Qv/UZsN3L6and0TfhLhRJgzDMAzDMEy705EyiaYeGG1Ry2SjXiZTQ1nxmPcn35Rq8suJZKr04qn8QYn0/IdqsL9bTd5OyzqaC3tmMVd0Kzeup5JP3i19H/y288oDJm5nD8M7IxaUCcMwDMMwDNPufN1lUin3J4JXcxUfpue9W1t5kRPDrlcmU9vBPZKJlPyv7dlkr3dD7PYkm3np5cpizunLBfu5rhOdM9koDC5GmxEnyoRhGIZhGIZpd77SMokeIZld9rdlrgfJIbvFyw95ziS8x7MHqaLrlp5k6+FRK/Y8XJU3FnP3f9oPd1TKpLbqDNSLBTGiTBiGYRiGYZh25ystk+CO5YWeVFAmyd5UaXcnGtcrk+ge6xMj8955Fac3io0N5968TJfF3ITyW9TLRKpOZbNOgitPYkaZMAzDMAzDMO3Ozz//7GeJuPH1lYnrjg6kXntXlYjqmFiPLiaRRJlEyeGfRXG354OXdXmv5koXg1dztS4Tya8axIgyYRiGYRiGYc4xP3vEjf8HWTrQH9Ha9BIAAAAASUVORK5CYII=" alt="Screenshot" width="100%" ></p>
<p><img src="data:image/png;base64,iVBORw0KGgoAAAANSUhEUgAABDMAAAIGCAIAAADGMlPIAACAAElEQVR4Xuy9iXMb153vO//KvVXvvcx7t17VdSaJs3iSQJJlrdYayot2QwAhEKRIAAQhEARIgAtAggRJEACxtZdxFo3jzJ14Scq5Lju5Y09y/ZKaWHEcLxNPHHvGjkcTR7YVayS+X/cBDhqnySZbQINk8/upb8ndp0/3aYAweD485wB/8V/zbyAIgiAIgiDIlkiO/n39v+TfrJW8/l8X2fabSpTCxTf+yzJnNZXaBV9XIh7lyUqP5CqPFKSHS9JDFelBaWvwvxTms4W/0D4jCIIgCIIgCGLNbGAzuX3xl1vQTMhJ/rfCj3/8k78QDwJwS5DmikUAAAAAABuMSkWiHn9ZepC6/ovSw9nKw5nK38xXHp2tPJqufGum8q3pyrdTlW9NVb49VflOsvztJP1b+U6i/J1E5RJlop6/1U29pnKifAXlUpfomnTlKbmVb09XvsUana18c67y6IL0N3npEbqrovRQSb7PLQHTEsZfiAcBuCVgJgAAAADYFFTkyGZSqDA5eYTC/GROURTyhHTlmzOyMyj/St9mupJSdCIlyVHUZZXINdkp5W9RphUJSdcyK32T2pqXZCfJSI8uVB7JkZZUHlIGTGR3gpkAcIvATAAAAACwKVCGTaSyJJVqfkIysKgkL+cRCklCtqJIi/Q3cpQNkoeFyt/IkdYWVplfhF+q8nBOaUVORWlXuQd5qES5pa2jJRLMBJgBzAQAAAAAm4VGOZFTlBXlQWYpsqgowykkDBS2rewqqQpM1WGWi6qOcgo7XQ67oLKhNKR4UUVuXRGSh0qV6mhJZcuoCcwEtB6YCQAAAAA2F8xP2OSusiwqyvqTiqTkwWqq6iKbA0vZSNQnVi/Fr6w0xBotK/dQvZkt4yQMmAloPTATAAAAAGxeZEvRpuotrY62oYp4P1sHmAloPTATAAAAAFgerVGsGqAPzAS0HpgJAAAAAAAwCswEtB6YyWYnV5LmC5W5VoQuBQAAAACwFmAmoPXATDY12aKkFYxmQhcEAAAAAFiVZs2kVJHmFiuT2fLkgpIsT0VMTs5UrrJYFi8CLAbMZJNSrrTYSdQpY3ItAAAAAHRpykwKJem/uzK3Uc4rcS/c1lWLJ3tbt5zPeubvDi8eDC9+9sLCbb2523rzt/Xlh+ZgJ1YGZrIZkf/KoNGJlkdsFQAAAACgRlNm4oov6pvJX3nm91zMZktSoVzZ0Z/hZnKbNy9eq0Xcc9/9+/YfoIgHWgprwuxWNi8wk01HudKyhSX6wcgJAAAAAFaiKTP5753zOmbyOc9cZK6cr61/zZYqajMxaV3s17ft+O+f/RxFPNBSWBNmt7J5ad5M/IGwOtE0K54Vys0S3A3GLmdcLGo1WoUwL2LbAAAAAAAKJprJoXCOtIR/cnO+0UxMWm0CM9kING8mdofP6e6vxuXzTrDipN3pr5X7HU7fXONZyzAXONo7LRZKknP3YbGoaTp2H95VS8cJd651PXCzzaQ987h4Sq17ZgAAAABgJcwyk0PhbF7VASlXpJ6pktpMCjAT69IKMxmo70yE62biT9ZK58OeNZnJmbOHdx31CsXmmMlx9a7z0OGxFn0mVVNmUhmOiUUiWnlYe2YXy7eQCgBgayC+3QAAgC6mmMld/kxG1TWlt6aB6ZJ6BTzMxNpsKDPxz0mFiKOnceCkDWZCd7jrbKSx5BZpwkzKuYsPmGcmWuXoC2Q/E1ikjXS+pJMyAMBaiEaiQnzHAQCAlTHFTDqiBfUyklJZuqt/TtESmMmWYKOZiSQVhGETwUxifteu3Yf3HjplDyZYiedAQwXn3sMHVbPCSEL6qktf6mjMRNp1T4BtdOx2SZX80f3yRK+jvZOsMBMP2O+/j0oOHjsjrAvPDHv37q3OCpPUZhJ3CZohPJBE0H382DE68e4jp2aL0t376hPMVrIbnalc8UjuMx45dwwsXsyKR7VaQsrRF1j4TCCvVREhhRIAwGroWIr4vgMAACtgjpkMF2cWG1aY3NELM9lCtMJM+uNjiWouButm0hOtlY963Ws3E3HYRN2hdx48PMNfjYX43a4x+m854gir5mLd7XSd2X0fr7TsIIbGTPJ8zIQO3e0cVh+LOY+FM/VduofZ2vaY65hfpT3Og8fWaCbH9x7WLm6Z9R/XHzPR+V5FMpM42x7Pk5+spCVMNmZyxZls4YJ//v/yZ1MLi/qZzRYAABajWIOLCuQEgPXC7gjLvZk1k09G7Q5fqHGCSU+n359snJg+H2NdMkf36Op9sFuilWby5a6ZHRemv9iVvr179sJkZb5Ql5NssXJHH5OTFc3k/uMnWHd/dGyMd/0pdoeT3uB4te07dqqPUnbt2cuPas3ktr/6PCv5yl9/NZ1Of+GLX2a7e/ff/dnPfYFfZNv2O/kpxIXePqGVU6fP8KO8kO3Se666Jt6CmzeTllEzE+LMXpWN1Dv0ibvd1XGS6qFqtfzdnlo5+UBF7uJX5WHaG8pVj6gRzMR/7+GZ2guhQzN5jA+n1CiQxrBX+a4DnoYjlfiazCQXPhNd5mlf1Ux0Piy4Zibl+/tyt10ssMJTkUJ0vhiN5e5LyU6SGs/+v+5MdDrXPZKZnM95+mb+z97ZRHruv11IJ9KZlZJMZxYAABYiq5BTWFxcZKIi+In47gMAMA2jZmJ3DIpFy1IzE/NomZl87vzshWRpeLbUPbH4eU/mG9HFeEYqluty4hhbXKOZfP72LwlWsGfvflbnnMMpHGJxd1U7c4KZ9AcGeB3SEirhZqJtpcvTzc4iaREOsYyPV38avITtHjp8lJccPCT2QbcgG9NM1MMm9Q592m9v7LmHTlQP7TrinVE2Yk6lZMbLLlVXlEbqZlIpD/tduw7JE7Fqh4RXRVo9N4yxa6+bvYloVqfMr8lMYi71IA9nVTPRConaTNhsrv3DhalaYW2opHBHpEBm4uyb/38C2alMPjmXTcwuuHum/o+emfM9k+HU3FhqVidzAABrkVFgfrKowOSEmwnkBIC2YdxMwmLRsmwiM+kcLxVrsjE6X/p8d+aoIidzBYm9FQmfGqxjJkr//sgD9nNqK6AKsVhcXSJkIiH/hVttJny0hDI9Xe0IcjOhfPHLd5w+c1Z9EeE2tGGjN+pdtZbsv/sgfzhbmY1pJpJq2KTeoY/LK0yEMPHwHDh8/KL8jSm79rpY3V3HL8rnqsZe1JCZ5HJ5JeLD10z0imung+3afVy51fkO/7x4aA1mspIvrWomaxgzqcxlF3fWZnOdHcjediH7ma6F2wfzqYXFL3Wmd0UWyDT+x1M/+POnny4BALY2n3766Q9/+EMmKqQohYK8rIyPnIhvQACABsqsG5GdCPeOy30JTyAWn85Mx8KuQfmXvNsxEBgKB6KJ6aw05vfZfTGXPxZPUrch6x9KTC/kYoH+kDIhvGomczFngC/QVZGMRiZn04kRuzchlQvUot0xSP/SEbps2OOPjSVKcnPVr21wO30Ts7n4YMjh8rMSuyem6l5JmeGQK5hSFRBl96BmSe4aaJmZeJKVrOpPtqOZ0ud7ZDnpmazM5KVcSeqfLq/RTPq8Pl7IO/2zc3NqQ9BW+OznvkC7tpqZqDM5OcXrczMhb2ElqVRKfVm+/fnbv8TP2rV7LyskD1HXUadYXO5P1luS5s2k5etMashL4WcqKjOZro6EaClHHPLEqkrdInqOyGftOrH83xU0+lFHc0hnzCSvWcSiKtGYyZnaAxEWxnBWNZM1rTOZX/yaYiaxSLaPrS3J5b8Qyk3O5064pz7Tk3r1tdfF7gkAYAvzxhtvzMzMzM/Pk5wI07rE9yAAgEjF3inOrSITkBRVcA9V/3wpm4lT2yGZZxVkM5kbtXePiscb4UMlfIMuO1b737RqJpWEK1z7m+lMdFkzkSnPOgJVOUmHB+xdkYaja6ZlZnJftDiVk7+3hFGqSEcGs1/pmz8UWbyYrsQz0uGh/BrNJJ2u//GX9/tnZ2f59le/vo1X+NJX/pqXS6oxE57bv/QVXllSmcmdd+3iheor8O0H7Od4BT5c85W//qq6Do96rQtohZm09rO56tgPHD7aO103k0r8TGSFu82Fj+++jy0yYcz03leW8toxDYZGP+poD2m+YkW1zuSIcCjRYCaNv9bv5g9kLnBr60wWS3pmcnG+NDFfOtSb+0xPnkpmE7l9o4VUrnjam/nCxYXk7EIsPPl/n50QeyUAgC3P008/Tb+4s9ns4uIiWxMPMwFgTUxGvBPVX+hhf9B53m93+LiZ8MlUspkohQplb3e/s9Nnr6mL3eF3uHyB1Ar/x+XTLrdy2eXMhPebqs2pZ3DVtpcxE0kKeXxKT6ZMWjKRX6Hp1WiZmXzWNftAvDydl/iXu5Oc7A8u3Na98Lnu2c91r/7ZXPfdXzWThYUsL+Rd/7TKTPbsqy47IUgweLm0nJmohz4IvrxEfRH1Ffh2z4VeXoFkiRWykRmhCcpdu/fwymAjmwk5QMzxjTPHah165XOxtB9pxSAV8d9Tr0mS4PF7G9bLq9DqB0d7aMx1jI23MtSfzRU+ezimev4aPptLWlCvQsnF5KlofPfe5T6bi275PH9DWQGtk6wU/mFcM9nC1HxufHpueGJqaDQhdkkAAFueP//5z6lUan5+Pp/PqxeciG9AAAAVEwG/3VWVhOgFH+8Q65uJx8FnG03Vx0wkKdjl03bIkgN+e2eEba/JTCoJdyRTLZrTMxNJkZNbHi1htMxMKF+7kI3NS+rvWOxJFr7UM3tbT+62C0xLWmMmn/vCF3kF9edrSSozUa8nGRsb5/XXbiZ3HzzEK3i6e1jh9h071XXUWVxc5PW3OBvbTMhNhtUdeikd3nXozBh1tOcnx4YjR/epLCLhubu2yIRx94FvaF65VbT6wVnmUGVh195vdDgCuVx+oPvM3vtV4ySFyV37jidm5LmmYb/r3oG0en4X6Yd/eDKTyyeGL+7afcyueiCFiQv0QDzBYeXEC7Wlb/O7Dj5AJYmpBV5TQGsgy0b9McHT2UJyLjuWmo2OJwdjY2KXBAAAlpYmJyfn5ub4hC5mJpATAHRwOPz1AROPr8S2Kil9M3FzM0lG1GZCIuEZrneqGfKJ7qiymV2TmUg53tDc0IC+mUjl2VseLWG00kw+e35+NFNZrD6LMtG50va+mVaZyclTp/nuF798x+BgWP35Wp2u85JqnQltf/HLX+FHuZysaiZf+euv8d0dd941EAwePHSEl0xOyUtW1PXVny+8/U7ZW8AGMhOwBnSWmmjNhH17SWphMTG7EJ+cJi0ZiIyI/REAAFhaGh8fn5mZyWblLzAiOcFSEwBWYSKszLBSQh2eStbhlLf9Yxl9M5EWEuyseKbcYCbKIMac+P9cYWooRJV7h6bdazITqZCKUX2XNzZVSK9iJk3TOjNxzYfTpbLqHSdfkvZdXLitO9MqM5FUXiHkS1/5a1Zf+NTg6ZkZXicWl//wvKqZqHeF3H2gOooi1Pf6/LwEciK1wkzqy9+VTFdfETmhXGXBoCm0HqJNfSpXrjiVyU/MzI8kUhejcf9gROyPAADA0tLo6GgqlcpkMuwThGEmAIBVaZmZfL0vkynW327onWd4rvxZWUuyLTSTdDot2AILvfGx+tpvWvzyHV9lJX/1+duHR0bWYiah0OAXv3yH0MRnP/cF/oWPQn2p8ROKc8rHrm1lmjcT0GYWiqKHaKM1k+GJyWAk5rs4JPZHAABgaSkWi01NTcFMAFhf5oYG6kMx9RUpG5SWmYk3VeHfZ1ImLZkvf9aTua07u3YzMUQsHj/v7hodNfQ1MoaJRKNdnu7gxZB4AOgCM9mMlCqrjJwIy9/Hpuei48lAeLgvOCj2RwAAYGlpZGSELTXJ5/Psi01gJgAAfVpmJvax8ky+Qk5SKkvR2fJnuxZkLVnZTPhHeAHrATPZpJR15URrJpGxRP9gpDdwUeyPAADA0lI0Gk0mkzATAMDaacpMPn8+w83kq97s4Kz8pYqpvHT4YvY2j6IlMJMtCcxk85Jf+etNYCYAAEPATAAARmnKTKgTo/5srs91L3zpQvavPAu3dS3om0nPFJYuWxmYyWYnV5Lmdc1kkswkNUtm4oeZAABWgJtJLpeDmQAA1kJTZiIp0z+msuXJhVqyPBUxuWqaXGECNj4wE0vCuhTUtygWi9TPoN4G9Tmo53HxIswEALAMMBMAgFGaNRMAtMBMLAnMBABgCJgJAMAoMBPQemAmlgRmAgAwBMwEAGAUmAloPTATSwIzAQAYAmYCADAKzAS0HpiJJYGZALCluHHjhlhkEJgJAMAoMBPQemAmlgRmAsDW4ZFHHvna17529epVtptIJGj32rVrjbVWAWYCADAKzAS0HpiJJYGZALB1YCri9/tp+5NPPvmaAheVNQIzAQAYBWYCWg/MxJLATADYUsTjcbKRbdu23ZqWLMFMAADGgZmA1gMzsSQwEwC2GmfOnGFa8v7774vH1gDMBABgFJgJaD0wE0sCMwFgS8EncRFDQ0Pi4TUAMwEAGAVmAloPzMSSwEwA2Dpcu3aNj5awaV2xWEystBowEwCAUWAmoPXATCwJzASArcM3v/nNr2k+m+v69euNtVYBZgIAMArMBLQemIklgZkAsHW4efNmJBLhu9euXZucnFQdXxMwEwCAUWAmoPXATCwJzAQAYAiYCQDAKA1mQh1KBEGQZTO3sEiZzeTTc9mpmfnxZCoyMto/MNjr7Rf7IwAAsLRE7w/0LkHvFfSOMT27QO8e7G1E+/aCIAjC0mAmorYAsGYWFhbGatALq1gsIxZLoVCiLC4Wc7nFTCY7PZ0eG5sYHBwKBAbE/ggAACwt0fsDvUvQewW9Y2SzeXr3YG8j2rcXBEEQFpgJaA1cS2AmVg3MBABgCJgJgiBGAzMBrQFmYvnATAAAhoCZIAhiNDAT0BpgJpYPzAQAYAiYCYIgRgMzAa0BZmL5wEwAAIaAmSAIYjQwE9AaYCaWD8wEAGAImAmyATOQKv6lJ/eZLRx6+F/x54Wn5WR88nB0vJ0Znc9pfzpFmAloFTATywdmAgAwBMwE2YDR9tS3ZtRy0n4tYdH+dIowE9AqYCaWD8wEAGAImAmyAaPto2/Z8OdE6wztifanU4SZgFYBM7F8YCYAAEPATJANGG0HfcuGPydaZ2hPtD+dIswEtAqYieUDMwEAGAJmgmzAaDvoWzb8OdE6Q3ui/ekUYSagVcBMLB+YCQDAEDATZANG20HfsuHPidYZ2hPtT6cIMwGtAmZi+cBMAACGgJkgGzDaDvqWDX9OtM7Qnmh/OkWYCWgVMBPLB2YCADAEzATZgNF20Lds+HOidYb2RPvTKcJMQKuAmVg+MBMAgCFgJsgGjLaDvmXDnxOtM7Qn2p9OEWYCWgXMxPKBmQAADAEzQTZgtB30dYyUK2kLV4okVbSFLL05SVu4avhzonWG9kT70ynCTECrgJlYPjATAIAhYCbIBoy2g86zc7KSmS8djhTOpcqHNUerSayoB7eQjW8mJ+OThVK5ezKdyOa1R5uM9qdThJmAVgEzsXxgJgAAQ8BMkA0YbQedh/r3OzWFjcl7srfiACtl45uJJ5mOz+e05S2J9qdThJmAVgEzsXxgJgAAQ8BMkA0YbQedZ+dUJT1TUJcMFiTP8OJXLxakStUKlnWAc+nynkAuXpSkfKNpXCylZ4pfHSz4x/OshKrcFyn0ThWZAlH36czQ4pmZCpWzChMVqZgvf3WwKLFb9RWjJfkeqA43EyqpNVGamhLuqkAnshvuvdhwk9rw50TrDDwn45OLpYYKHcOJwXSmd2o2WyzRUbW6sJpDswvjCzn7eEo4URvtT6cIMwGtAmZi+cBMAACGgJkgGzDaDro6t18s5ityr+Z2ZVcqVeuTorCNZc2kmqm6PNRSJEPoCPDdqkjw1ExG1g9ewpomRaF/T8xJ/B7WYiZU/4SyQTe86oAMf060zqAOqcjsYlGrGdG5he7JNG0UlEP+6TkyFr57WFGUgZl57QV5tD+dIswEtAqYieUDMwEAGAJmgmzAaDvoYnwFV0YajMrb6n4OO7qsmZybqRQVn9GYiXyISu/zKbsjZdFMqvLAzaQgtEjNGTITuT6nRWbCki2WHhhL0Qb9my+VKxVyLomZSU65wvhCrnNimjbkg8pRShBmAtYLmInlAzMBABgCZoJswGg76MtksDw1KW9oTWM5Mynl54q00TGrHTOphuxCGcooSNkGW9CYSU4ql88xjVFye30cJq81k9uTFXE2V6ISHKyfrh/+nGidQZvRTM6TlD2ED55MLOSZmfRPz4/MZ3l5plDqGE5or6CN9qdThJmAVgEzsXxgJgAAQ8BMkA0YbQedJ5itnIkU7hsvT5WkE4oeDBak4HjhcKTgma2eeGJO8kfzO1XywJZ23H5xUZkG1mgmsbJndHHPSEnKl9jCErbOxDNbOqPsas1EXmdSKFOL/rnqOpN4WfKMLJ5J1bXHtSAFRxcPj5bTJUk0E7qZUoXdcHBMfZPLhD8nWmfg8U/PhWczPZPpYrnCfIPEg4SERIVKmJmwUZSFQomdMjS7MJlb7J2aDaUzZ8emtNfk0f50ijAT0CpgJpYPzAQAYAiYCbIBo+2gb9nw50TrDO2J9qdThJmAVgEzsXxgJgAAQ8BMkA0YbQd9y4Y/J1pnaE+0P50izAS0CpiJ5QMzAQAYAmaCbMBoO+hbNvw50TpDe6L96RRhJqBVwEwsn5abyZ/+9CebzXbt2jXxwHK8//77VFksbYQq7Nu3TyzV8OKLLx49enT79u1U/8SJE7/85S+vX78uVtrA0DNGd/7KK6+IB1oEXfzhhx8WSwEwDswE2YDRdtC3bPhzonWG9kT70ynCTECrgJlYPq01k5s3b6ZSKeoE53I58dhytMRM/vjHP9oUBgYGCoXCY489du+999JuOp0WqxqHHlE8Hqf7FA+YwM6dO8nrxFLjkN5on7GOjo5f/epXQiEAtwDMBNmA0XbQt2z4c6J1hvZE+9MpwkxAq4CZWD6tNZPf//731APu7e09efKkeGw5WmImFy5coDpPP/20uvC73/3u22+/rS65Na5cuXLq1Kn2mEmrePzxx1d9VgG4ZWAmyAaMtoO+ZcOfE60ztCfan04RZgJaBczE8mmtmXi9XuoTf/jhh/TvWiZTNW8mv/zlL6nC5cuXxQMtYn5+nq6/uczk8OHDqz6rANwyMBNkA0bbQd+y4c+J1hnaE+1PpwgzAa0CZmL5tNZM9uzZw/rE9O/rr78uHlZWU3R2dtLRM2fOPPnkk8xhhDrJZPLIkSNUHo/Hl3TNhOQnEolor6Dmo48+ogr0r7rQ4/EIvvGTn/zk4MGDVHjPPfdQu0yrLl26ZFNBt8HXgdy8eZPus6Ojw6Y8lo8//phfiojFYuyu6LI7d+7cvXs3ORudQiU/+9nPaJeOnj59WliNo74ldgU16tbp9ugm6Vap/P7771c/ECaHHLoOK6ft559/nlcj6J7pZ8Fuhq7Gbo9DzbFBp3w+v23bNqpGlde4fAhYG5gJsgGj7aBv2fDnROsM7Yn2p1OEmYBWATOxfFpoJn/4wx9YH5e2/X4/dWSFVRPvvvsuVXjggQdo44knnnA6ncxAeAXqHLNO8PT0NPW20+k07dpWNpOf/vSnd955ZygUEg+oWNVMqLfd39+/fft26ri/9957uVyO+vovvPACq8kMQRgzYav8SQwefPBBeiyDg4O0++yzz/IK7Cyypt7e3rfeeouuSQ+KbnViYoIuTs5Ghcwr1CNL2oY4x48fP3nyJN0e2z1w4EBfXx89h1R/ZGSETvzXf/1XXpmeLvWzyhDMhO6WSujOf/SjH12+fJndjPrnRReh+yetosdCj7FSqbChmLUMhQFrAzNBNmC0HfStma/48/w5ORmf1GpDG6L96RRhJqBVwEwsnxaaidfrPXXq1JUrV5aUBSe2mqUw3nzzzUOHDpGN1E+Quzhyn57vkpCQiqiOL/385z+3rWwmVF/ocGtZ1UzodJ2LLGsmHR0dp0+fVpc888wzVK1YLLJddhY9Ol6BOvRUIiy/sTX6jLYhBru4MKah5ujRo/RU8N21mAntfve731UdX+rq6qLHRT84tksXIZXihsagsx5//HF1CdiCwEyQDZiBVPEvNd30LZW/bNQSlvbLyeh8fdBGHZgJaA0wE8unhWZy4MAB3jWnbjT1Yqmny48+/fTTVHLp0iVeQjz33HPqPrTD4RD67swrVjITJgArSQVjVTO5fPny3r178/m8ugJnWTMhfRIeCBtFITFju+wsYVG+TfORZdSu+pN8tQ0xSDwEoxOgdvmsraU1mAm72z/84Q/qCj/84Q/V4kEXoR/Hhx9+qK5DhfjoYQAzQRDEaGAmoDXATCyfVpnJlStXbI1fY0LdZXVJKBSiXT4fiSGsgN+1axe96lTHZWwrm8n4+Li6w70sq5oJ8eqrr9Lu9u3bf/GLX6irLS1nJmz0Q6sQNgW2rT2LVRBuVejoa09ZUj5kjERIGDCh3UcffXRgYIAtdLGp1pMsrcFM6GFqK7CfID0zbHdZCbnnnnvUDYGtCcwEQRCjgZmA1gAzsXxaZSZsJboWPstIu+h8SWMmtuW+DdC2spmwiVjqOWNa1mImjO9///vsnnfv3n3jxg1WqHUMdkGtQrBz2bb2LFbBqJn09vbaNJ88xpeIvPDCC+w+BWFY1UzY89Z4vPq4YCZgVWAmCIIYDcwEtAaYieXTKjM5dOhQIBD4nyp+8IMfnD59ms/OYmMm+maya9cubW/YtrKZvKmsXdH/7pS1m8mSckH2LfKPPvooK9E6BpuoJgz+LJlgJuzzAISFN0vKavgDBw6oS4yaCamOtgLGTMAagZkgCGI0MBPQGmAmlk9LzIStW9B+f/nrr79uq03oYl//J6yf/ulPf6ruIp9SUB2XPzjLtrKZLNVWR7z77rvigRrMTIT1EtSz15oD59KlS7zFZR3jzjvvXMs6kybN5MKFC0ePHv3d737HSxja65DRGTIT9qyuus4EZgKWBWaCIIjRwExAa4CZWD4tMZNUKiX8FZ+zbds2tiz++vXr4+PjtMs/dvbmzZs7d+5U96FfeeUV2n3zzTd5SU9Pj76ZLNU04x//8R/VhaQKvCE6OjExwXd/8pOf2BSWNRPqtYdCoXvvvZftMqF66KGH1HWeeuopKlR/hwndg9oimjeTl19+2bbCR/SSF6k/9Yvuzda4zoSt8HnnnXd4yZKmdafTqf6RMVfJ5/N8QQvMBKwEzARBEKOBmYDWADOxfFpiJh0dHZFIRCxVOHnypMPhYNvq7zP50Y9+1Nvbe+zYMZvKTITvM6lUKrRLHXF9M2FfA08MDQ099thjTz/99IULF/apvpfw+PHj6na3b99+9uxZrgEkKuQhdBbtvvXWW/fff79NpSJvvPHGoUOHyKDo3BdffJFN4mKL4O9Rvs/k/do3imi/z6QZMyFzoNvmh9Swr6p84YUXqDJzJKqpFoZ0Os0eL1V46aWXWKHQOpvQRYZDhfzLVYTvM4GZgGWBmSAIYjTNmkmP02d3UPzigfYy5vfNiWWgrQhmQr+BKHkh+UIuX8jmFulXVAlsNooKhUIhn88vLCzMzMyMj4+Hw+GBgbWaybJTgzhsGIT/7Z8qnzlzxlb7DvglpcfccMLSUjweZ1/Hzpa2U29Y30wYjzzyyP79+20KJ06cIF1RDzjQA2TKcfr06Y8//vh5ZQk40wCqRrvsQ65IWugZ+O1vf1u/7pLsS263m90ztx1ibm6OnUWqsOx3wDdjJuyBCPDK9JNi30HJvpedtEoQhqtXr7JvscxkMqzEpmmdHjg9LvJAulQymdR+BzzMBCwLvT/QuwT9n0Kvw1wuR/9zsbcR8c0FALD1KJfL1CGknqEcpdPI0qyZTEWj/kDI6fD5A+FlEhpPF8RT1kQln45FHaQ9Tn9kKi8e1QAzWXeWNZNl5QRmsklp3kwAAFsKmAkAQKCsgjqEOcVMeKexBWbCSA74lZGTZeKdECuvgYLd4feOV4UkHR6g6zRWEIGZ1CmknMGUWGg+opko037UqQ+bkJnkFtUvTbApYO8p1KtYXCS3zKbT6YmJiaGhIZgJAGBZ6P2B3iXovUKey5XPcycR31wAAFuSHBsz4X1F6joWSq0xE2k+pnWSWzaT6VB/eL6xaCLcO16h/9ovjE0Egw6nLzApF/u7ZSNydIXUZuJVCsO1kRavw1+eHaUSZb/s6ZKPuv2jaxiJ2bSsh5wsYyYsGj/JKXIivjzBhgdmAgAwBMwEAKBD3Ux4p7FlZiKltE5yy2YSveBLCkULo85Qmv5r90TtnlAwmkjmSIdG7edDycmpeDTicFXNpDARdvaNJBPjfOmLlzzE6Y+NJWg7OxzsGRxPJhIeTzQpm45lCXT52iwnK5pJo5zATDYvMBMAgCFgJgAAHWQzUY2WtNZMJK2TKPEHjHePwx7t1Kyk3S/bit3Rz4v8zvoUrxA7ZTLiqAnJ3NBAeEHeIDMp1arJZjJk/IY2JZV8fDA6VxaLTUMwE/lDnJZNbR28+PIEGx6YCQDAEDATAICaSiPyIpOambAP7iu00Ew8Dt/EdKbUioGIZWdzeSeU2VyOMC/zqBafsNlc+eGg3TGQz+VY2M14hTUq5ZzX43P2jc214lY3KhWHKxRO3dqHD9wiWjPhWdZMhFcn2PiwtxXqVdBPN5fLzc7OJhKJSCQSDAbF/ggAACwt0fsDvUvQewW9YywuLnInEd9cAABbkhxb+67qMbbYTMSiWyY94lLmbtUoxPp88aK8pTYT9ZhJdZhFHjMRb0M0E5kKVfMM58Riq5AfD7dZSyRdM2lQFJjJpgVmAgAwBMwEAKBD9VO5zDKTTp+38SOD1TOvjBLqlieDhWOJeHSENpyB6sITtZlIc7HaOpOoep2J/XwwPpYI+oOsRG0mEwP9sUR6OjFudw6IwzJWIT8+2H4tkdZmJkxO2Cd0iS9PsOGBmQAADAEzAYATmin9ZVf2M9YNPTp6jOLD1kU0k2K50Pw3LXLIHxrGOYoJu2qBB7A8opkoLy85MBOrADMBABgCZgIA4w5/TtuVt2TER64LMxPuJC02k/TYuFASi22RteZAZkUzaVQUmMnmBWYCADAEzAQAhrVHS9QRH/nKUNeRfV6wWWYCtjirm0nNT9hnB4vngw0PeythH89F/Yy5ublkMhmNRi9evCj2RwAAYGmJ3h/oXYLeK9gXwNO7B++RALCl0PbgrRrxkesCMwEmAjOxPDATAIAhYCYAMLQ9eKtGfOS6wEyAiZhhJr2HbDV2HPeE080t7I+esfWql0K1hNJ8x8E97BaPHO9ex4VVB222mFhmiDQ922dHxFI1MBMAgCFgJgAwtD14q0Z85LrATICJCGZS1DrJLZrJWbY91nWEdsaa+OrIWzSTSffZYbGMsTh81ma7K1vTkVI62nB4TZRsh3rFsnZx8bjNUOswEwCAIWAmADC0PXirRnzkuqjNpFgLzAS0Bq2ZsLTKTCQp6+uwrSQJa+HWzCTlObhSo8e30f0siqWGKIQNuUFrObUNZgIAMBGYCQAMbQ/eqhEfuS7cTHinEWYCWsZKZiKE5IR936J4/nI0momUvnDw4AXZLc7abGnvkR022569e9jX0sg7Nts5+7n9O2x7HohyXTiyzbbj0HFWfvY+biZp9WWl4bPssjLTPrpOx+lze+60yWMhmaTv9J6O8+HwUDgcF7QmRe03liikew/abHyPdMhmO6hsLtLWKfs5upm7dthSVDFOl3Xb9p6iiyczrLpch1o/fmiHbccR33T1InSFzgtn5QdynK5ti565y2bbQdehB91Z+0g8+TlhW4W0fLeUwW66WEB5l+jeb9tzlJ6HUx30RBwLSErrHXQtVetqc5Ofzm3VJrh9VWZ6d5/zfH37vqMnH7jvyO477rDBTAAAOsBMAGBoe/BWjfjIdeEfGQwzAa3HDDPpU5vJYuj4NtuQch71wg/21D2hFD6+x1X9Lk5JGcqw3dUpb4132u4L8fL9NlvfSmaidMnpOjaVVDBINJYfM0n32Q71iYWSXK42E3nCFzMTakV1zzWGVRdJkT+EalKV6trPb0a2ruPVB+I/YtvfzT+Pe9y2rfpA6mZSg85PL9cB4JeVb031EOhW2fMzdMLWmeDF9fqVmb6vf/0bfMzk7J13XICZAABWBmYCAOMzntzKKUml8glfdZd+2faKFdacQKGo/O8VTSyKh1ZNrHyudg/NRHzkusBMgImYaialxfkju+T+OSunLnVIdYHh0zb3VH03JPuFPJqR7jlYHTJQcO9dxUwUi7irXq6woplQbUNmkg3Zth3h5TVUZjLTTSfW19BPuffUdukSR3xscEi+4Nn6Uvf6AxHNpEKH9qsLOKuaySmbPKTDOV7blc3kYC83E9eeO84NwUwAACsCMwGAoe3BqyL/qs/PFWs9+1s2k2K0KAXHC4dHS4MT2qPLphCN1baTFf9FbQXDER+5LjATYCKmmcn+c4Srb1H1uVdCL5yqqd1BmU4ld755V5uh2l3eTBqGaGqsaCZzfj5e0cBKZkJkUzu2yX7V4eJXVJmJUrVWXt1n9yvfVu2Mxge1opnQPaRUv/33bLPtP3ZqSGFVM1Hfv6R6emUzORNVm8kDYZgJAGBFYCYAMLQ9eFVK8TFZKvZUe/bcTPJp6vlUpDSTlrFy1SIiZSkrlwQXJbZRzUg5r2nocEL+4CC6Ars4pTrfvSLXrHbFciX50FTdiO5TOhB5Vi6nOJVSRmPKlejEKqMx/CGvBZgJMBHTzGSZ3r/QC48/UF9uITWOmRwP1YWm+6DaTE7xcqpWHTM5bTMwZqIafGig0UzkcRBuJjX8x/i4h8pM5vxHbLb6EE/jmIkhM0n3HtnfpRr2iJ66S/UErWomZ7fZVE9n45gJzAQAsGZgJgAwtD14VUpTU/RvXqpUlJ591RAGC9LtykbHbMUlb+QVhVgkIUkrF6QTBiMNl7p9SO41BMcLtZKClJXtgq7ALn44XfGop2zFarbjUZtJMTOj6MdgeSKZZyVSoSxv+EqsaZ2Ij1wXmAkwkXU0k1L4+F2Oel+6YZ3JiSFe3lFfZ5JV24K/w8bMJBuQ14TzcoaOmRxUrQ6vkx3oUN2efEWNmZAE1GZnietM/Au1ncZ1JobM5Mi2hgETelzsAbK9Vc1k6ITt3BgvblxnAjMBAKwZmAkADG0PXhVmJrmJiqwi3Eym+FmJSnRE6fSXy5+5KLsBSYu8WyqfEC+V6xiXB0lcg9Urp1OKWiTk/+loozfXeCfLmkm9sFibY8Y3SvW7WiHiI9cFZgJMZB3NhLhXWYVy7ty5/Xfa9jxQ14XqZ3Mp5e5ze3if/uwu2479HefOyZ9V1ec/xzvuiwk3XefUuXN7du2oFhXl6U/yjLLT/urJdRbZZ1jt2buHwnvwyvec7JAb3WHzO+7iK+CPyDdCnKKa/A5pm4rdQ0xUap/NdfQu244j/pl6nbWbSfbivbajnWziFpGUVSfNHpT8wVzbjuyp3adsQqrW1Ve+S3lcdK87VJ+MDDMBABgCZgIAQ9uDV6VqJp/xLJJs5LVmUku8LLmyygyuWDl4sTg1xQY0lgldp/HK1cBMwBZifc1EKs0PueTxibuOHm/4Ivb5+F3KBwofOTeUDXTU+/TZcbl82479xzrl+VeqLzrxn5a/0nHHniP8OueOyh31HXe7eR1OaWH84B6lAfk74JWBGoVTyikdriFl0YtiJgvDe6o1d3RerE+1Gu+VJ5+dClWncWXH/fJalDv3j6s+eU9+FtZsJmyZDYedOHROflAHj3UOz8sL3KtnV7Lq1tVXLs0NdR6Tr3PkeHe1CGYCADAIzAQAhrYHr0rdH+iXMDcTPpuLh7yC5GQikZMXfsyRnGgvxZKXisxMCsWMaiGKMq1rTbO5ZpX5YKrZXDATsPkww0zAhoJ1KbiZ4JsWAQD6wEwAYGh78KqoRjZ8RfVnc02xvlJF2slKImUpV2K6ssw1x8pppX6xWOFKs2dCntxFV8jMVxUlXqhek+3m6X9HZS2K/gr4dTOTycIkgtxaYCaWB2YCADAEzAQAhrYHb9WIj1wXmAliYmAmlgdmAgAwBMwEAIa2B2/ViI9cF5gJYmJgJpYHZgIAMATMBACGtgdv1YiPXBeYCWJiYCaWB2YCADAEzAQAhrYHb9WIj1wXmAliYmAmlgdmAgAwBMwEAIa2B2/ViI9cF5gJYmJgJpYHZgIAMATMBACGtgdv1YiPXBeYCWJiYCaWB2YCADAEzAQAhrYHb9WIj1wXmAliYmAmlqclZvLxJ9cRBNnUEf+vXhmYCQCMv9T04K0a8ZHrAjNBTAzMxPLATBAE+RhmAoBxBtPl/9YtduKtF3qM4iPXBWaCmBiYieWBmSAI8jHMBIBbguTE2iMn9OjoMYoPWxeYCWJiYCaWpyVmAgDYOsBMAAA6wEwQEwMzsTwwEwCAIWAmAAAdYCaIiYGZWB6YCQDAEDATAIAOMBPExMBMLA/MBABgCJgJAEAHmAliYmAmlgdmAgAwBMwEAKBDO8xkcDQ2tigWIlshMBPLAzMBABgCZgIA0MF0Mznn8NmVDMxOjkUGaMM1OKqthlgyJpkJ+zUGNgJlBepbUA+D+hmzs7OJRCISiQSDQbE/AgAAMBMAgC5mmsniGHMSHpfHL/8bios12x67o19biLQ8LTcT9gtsenq6v7/fBzYGXq+3r6+vt7e3u7v7/Pnzdrv9xIkT9957r9gfAQAAmAkAQBfTzGRhxNvdoCV1P7k1M5kepHPPD42pC50OX/eopuYaAjNpT8wwk+Hh4UgkUi4b++IeYBKsS4HZXACANQIzAQDoYI6ZTA+pVcThao2ZePoG7A5/vWRx+Hz/xTabyehQQFuIrJTWmgkbLRFLwboCMwEAGAJmAgDQwRQzcTrrHuIMDMuF85G6nHhCkQXxlNUzPdg9HPE4fbwkMTLQPz7YZjMJ9NRvAFk1LTeTSCQiloJ1BWYCADAEzAQAoEPrzUQ9PELh5Z7G8lBWPHGVTCsSMnGxZ1zZnQufp4uPBpmZjIT66ZrBieGeLp9vWqkwGvSG+ntCQ6Epebfb5esODQWHQhHlalTZ0RuKJoflBfp9EaWJ+PlAODgRHwgE2KiOz+Ozs7Ni4epYTW6CHsXY3PhYjuqP2V0DgxPDPj9GUVZMy83E5/OJpWBdgZkAAAwBMwEA6NB6M5mcHZH79DUDOdc3RIXJmfr8LldoZHh0RDxr1TAzIalwDtC/XrfvXP8wNxO7IxCYq9a0O4PyxmjQM5KonT5s90bVV6sr02hQO35i9wxOMjPxhFkJbbON7rpryWaSbDwREQIzsTwwEwCAIWAmAAAdTDAT1qdvHCFR55bXmTAJkYdK5LXvfu+U7BU1M1E3UTWT6uAJZW5IaLRuI3UzSXb39FeXxHAzqfnMcmYy6ev12Tv7R+TxE2T5wEwsD8wEAGAImAkAQAdzzeTC+ES9fHG8JWaSGB7oTw9XP6Srbib9dQ9hUZvJMmMmopk46sqRWKOZsIS8Pj5cgwiBmVge88zkm5eenct9j23/4Jn/zcsf+96Pr/35U17nxZ++wg+l5v72g3//8I0335lKXxqf+hbl40/+zI8CwGAvj8T0d3796r/w3YnUt3/20qu0my38Pb2EaINeZrPZ79GhdOa7N27c5C+q0oNPCRcEhoCZAAB0MNVMxFlSbDVIk2YyqYyQJFghX2cyGKBC33AkODx4zq/oRIOZyOtMeobko4E0u4JoJt2dPu9ofCwdk5fvr2wmwT5fz3BsMDlOttMTGqL6bpdvRHu3iBKYieUx1Uy+/9SL/98vXltqNJNHv/M///7JF3idTP7v2PbVjz659PjzzEyoc8nrAyBALw96ndBG5eEfqHelR37IdpmZzNdeWvws9S64ZWAmAAAdTDUTeUGIOq0yk3OqVSK8cCwRPkdS4fT5xsfZoYZRlPkRdjSsrLzXmkkyVV0J40uM65jJ5MII1Tknf+DYuFOZ+uXyywtpkGUDM7E8ppoJCQnrDnIzufbnT8lVitKTvM4j33yGbf/y8j//w4uXYSZgVbiK0OtHvas2kz988McX/vFXwlnqXXDLwEwAADqYaibLxzU4qj0FsWRgJpbHbDN55dV/ee31t7mZPPH0P9K/L/70lf/8zxusDvUgX1Hm5GSLf0/SIszmUl0PgCpMRa5c+dNsVp4uyF8tv3/nD+wovYRY1GfxauoRPHALwEwAADqYYiYIwgIzsTxmmwltLCz+D94XlB75AfUpKc8+9wtWZ0npSv7rv/076Qo3E/x5G+jAB0nUuyQq//DiZbaLMRNTgZkAAHSAmSAmBmZiedpgJj976dVLjz9PG//5nzee+8k/saOL5SeufvQJMxPa/rvv/wN1JWEmYC0sayZsg/3LRkvype/zOvwoaB6YCQBAB5gJYmJgJpanDWZCzGS+S/8++9wv/vzpdVby2Pd+TGFm8ta//Ft64XHa0M7mwmdzAS0rmck/vHj5nXc/4Gby0UefpOb+ln0215JqNhc+m6tJYCYAAB1gJoiJgZlYHvPMBABgSWAmAAAdYCaIiYGZWB6YCQDAEDATAIAOMBPExMBMLA/MBABgCJgJAEAHmAliYmAmlgdmAgAwBMwEAKADzAQxMTATywMzAQAYAmYCANABZoKYGJiJ5YGZAAAMATMBAOgAM0FMDMzE8sBMAACGgJkAAHSAmSAmBmZieWAmAABDwEwAADrATBATAzOxPDATAIAhYCYAAB1gJoiJgZlYHpgJAMAQMBMAgA4wE8TEwEwsD8wEAGAImAkAQAeYCWJiYCaWB2YCADAEzAQAoMPqZiKeAcCagZlYHpgJAMAQMBMAgA4wE2AiMBPLAzMBABgCZgIA0AFmAkwEZmJ5WmImH39yHUGQTR3x/+qVgZkAAHSAmQATgZlYHpgJgiAfw0wAAC0CZgJMBGZieWAmCIJ8DDMBALQImAkwEZiJ5WmJmQAAtg4wEwCADjATYCIwE8sDMwEAGAJmAgDQAWYCTARmYnlgJgAAQ8BMAAA6wEyAicBMLA/MBABgCJgJAEAHmAkwEZiJ5YGZAAAMATMBAOgAMwEmAjOxPDATAIAhYCYAAB1gJsBEYCaWB2YCQPv53dWXHvxNx4O/+YbZ+bvf9oltNw3MBACgA8wEmAjMxPLATABoP1qFMC8tlxOYCQBAB5gJMBGYieWBmQDQfrT+YGY6xOabA2YCANABZgJMZL3MJDMWtTt8dle/u29EPKbLVNCfFstWx+3wZVW7dk9MtWdxYCYAtB+NPJgbsfnmgJkAAHRon5kUZlOxWKKEN5+txDqZyZQzOC2W6ZF2D82LZUZwO0J2Z4jvwkxgJgCYilYeTI3YfHPATAAAOrTLTBYS8t+wKW5jf8MGm5p1MpOkxjQqni4/vfzc/tFqwUIicKFfLglNuzuVV6bD552Qxvy+uWqNgtvlszv9YwvV35dux8DUUEiu2dmfb/wd6nYEezt9hdpu1UwWpsL+INV3eaui4nX4CskRKgmn5Lq9bvlS/KyIUjkwrh592QTATABoP1p5MDVi880BMwEA6NAOMxnzy51CSjxTFo+tnfmYurs5NzRgdwyoDreE+bCn2kn1BBPiwVuC9Xe3LOtkJpLL6fMOJflur7N2Vna0d5RaKdq7otP134N1k+Fm4nJUTwnRS8IrvxhUU7YqwqiIW34pFuyu8JjiGcJReq2OKRtkJqxRP7mQK6yUZe0++eLpwX52bjLgt3dtJnuHmQDQfrTyYGrE5psDZgIA0KEdZuJ1Vrv74gFDtMtMImOJ+Niow+ljPcUmgZmsi5lI+Wn6CTq9IxPKiIfqpZK2B6YkacoVVg+qLGMmdscgK1FeafJMLbfqBWx3MK+oopiJ5HH6HPLFRTORJsLcTFiBLMCKkEjVyhkqYbuleMiEF7aJwEwAaD9aeTA1YvPNATMBAOjQDjNxs3lcDp8yYlJ2OX3++p+z10y7zKQ2mSdt94xmGo7eCtxMohfW1qW2FutmJoxCorfTV1I0I5/LVVMo02upUReXMxNuFxNh9kpb1UzY6ydZqZ7rJlHpHcnnCsubSe3/AaVykg7V7zCXZ4c2BTATANqPVh5Mjdh8c8BMAAA6mG8m+URa/jNwVU4ortAtfPrRymZSmbc7++PKQIfd4WdH7e5IKDBAhT3nfcmJsNMTpu3aoE2FznUFRpNU3ym4jcpMsqOOgZSyNesJjuZnU3Q6uwFyjMh0hnqQPS5fWlnRL3c0nQPJyRRJ11zju2vVTMqFXtb1VOqrbyCsnGB3hNz+GD0Ev8cXS8UC0URsMORwyL1qqZKyd4Xp4nS0Z3iTLUJYZzOppINd8nPY66wvAlEQZ3PxIRRuJtxD6Ap8NhcrkVY0E0me6OXoZ2Zid0fZMvxIj281M5Fnc7FXwqYDZgJA+9HKg6kRm28OmAkAQAfTzcTr8vXE5icG5NXGLNlbe/+Zj6n1RoncHcxGg8GZ6hXJGZLKJh31RJVOfCpq91T7oLFen9xTzI55aqsO/Mof1FXUzKRcIKVhF+BQ/9LukddPO2v9y1I8FF6QN+hOQqxbmYwoyxjqVM1E1SuVlGk/bENeb6D0emvWJEmFcbuTzSOqTAX7Y0X5gW/e+WDrYybzo4GhcXJRr2KMkqyZg86+kRg58thoQDECt5N+mpHMbMo7NCVJObtrMDaby2TrZkL22DOYzEwnuD2uzUyUdSnMTEhlB+QrOFz+Vc2EJEqW29lMbCjs8daW6W8GYCYAtB+tPJgasfnmgJkAAHQw10xIS7hINLH4XWGFMZNAp6qrOh/zDOckpePI+oLqiTpsIXJyoLocn6VWjVFdZzIxnVEVlr0XBqr1lU6kQ2UmUbk1eTilnsaZasuaSUN9pY+rmpk2X7/CRJj9Kd9PHVl3MBC7pbGmdWV9zAS0EZgJAO1HKw+r5oNr//zaH3+kLV9LxOabA2YCANDBNDPJJ7iWOPwJ4VNWb4UVzCR6ga8MkbvygUn5vzpmkh8OrrxARb3OpAofIYn1Vc1EKkyzx+UJycud5b+4e2LCWZwVzES8AX0zqVKetXdGVPubAJiJ5YGZANB+tPKwauisj65/oC1fS8TmmwNmAgDQwSwzUY+WtEBLpBXNJDscDExqZ3OtaCZsNtcKH7u1jJnYa0bhkef/yGYyFxlINw4A2R1+78Tyl+RmEnQ3zOYSaq/JTDSTiDY+MBPLAzMBoP1o5WHVLMFMAACbAVPMRJ5G745OVQr2W15VomUFMyGmomFZgZz+2Gy1w69nJjIVb7c8p8vZLXT0lzGT8uyYPOzTFSrEQ8xMCuODXLrYV+ZJlXz1Hlz9ycbVKdxM2EiLI8iGWeo3EE6y6Wcrm0kx7WRfBegaaNmT2S5gJpYHZgJA+9HKw0q5fuMT8eSlpV9deUJbUyfi+c0BMwEA6GCKmUj56je+b7qe9OpUktW19Qr8+/jAssBMLM/GN5NXX3310KFDzz//vHgAgE2LVh5Wyo2b18WTl5aMLjgRz28OmAkAQAdzzESSAheCrfoa9Y3FwmhPvN6Bdjj6VceACMzE8mx8MyEnsdlsDz/8sHgAbGFu3rzp9/vphXHp0iVWcu3atQMHDhw+fPj69WW68hsNrTyslFeuPPXGh89R6Kw/37jKtn/wu4i2pk7E5psDZgIA0MEsM7Ew8WCQjQg5u0PNfuCY1YGZWJ6NbyYAaPn444/ZxsLCwnvvvUcbe/fuZSWHDh16/fXXec2NiVYeVs0S1pkAADYDMBNgIjATy2O2mdhstjfeeGP79u3pdJr1Jv/t3/5t9+7d+/fvHx8fp91XXnll165dP/vZzw4cOHDy5EkquXnz5rPPPkunUJ1f/epXGDMBOtDLg15CtHHvvfeyko6Ojscff7yh0sZDKw+rZglmAgDYDMBMgInATCxPG8ykq6vrzTffpI09e/Zcv36dNv5JgVSEGqVuJZXs3Lnz/fffp38jkUgsFqOSd99995133vmP//gPmAnQ4fTp06Sy9LoaHh5mJX6/n15CjbU2HFp5MDVi880BMwEA6AAzASYCM7E8bTAT9iftffv2sW2bCo/Hw0pYV5L+veeee1577bVjx45R4cmTJ6nTCTMBK0Ev2suXL9MGzEQ/YvPNATMBAOgAMwEmAjOxPOtiJsdqRCIRrZnQxtWrV/fu3Uvlzz33HMwELMuNGzcOHjzId8ly+QabKLiR0cqDqRGbbw6YCQBAB5gJMJF1MRP6NVcs4Zdcm2iDmZw/f/7ll1+mDZITNpvre9/7Hh26cuXKa6+9xmdzvfvuu9u2bYvH43T0hRdeoAonTpwgV4GZAC2kJYcPH1aXHDp0iG9YcgV8MxGbbw6YCQBAB5gJMJF1MRNqSCwCptEGM/nxj39MysFXwF+9evXIkSNUvn//frIRZibU+t69e0+fPk0Vnnjiifvvv58KH3jgAczmAlo++ugjj8djq8EG3Eh6Dyhcu3ZNPGHjoZUHUyM23xwwEwCADjATYCIwE8vTBjNhs7lWQj2bC4AtglYeTI3YfHPATAAAOsBMgInATCwPzASA9qOVB1MjNt8cMBMAgA4wE2AiMBPLY7aZAAC0aOXB1IjNNwfMBACgA8wEmAjMxPLATABoP1p5MDVi880BMwEA6AAzASYCM7E8MBMA2o9WHkyN2HxzwEwAADrATICJwEwsD8wEgPajlQcz0yE23xwwEwCADjATYCIwE8sDMwGg/Tzy2n0afzArv7v6kth8c8BMAAA6wEyAicBMLA/MBABgCJgJAEAHmAkwEZiJ5YGZAAAMATMBAOgAMwEmYiUzGfP75sSypgie94tFmxCYCQDAEDATAIAOMBNgIhvATHLxsQRL8IIvPK86YpCVzCTs8fmjdP1xl2dkWjy4DO6hJm5i4wEzAQAYAmYCANABZgJMZAOYSY25mNux+rk6rGQmdke/WKRHGmYCANjKwEwAADrATICJbBgzqZA/BGfYb76sfyiRX0jHAv2htLxv98Vc/lhsLFFq3I76gtMLOarG3IOZSWEi7Gg0HJfDV1bvV1L2rnA+N+tw+L0T8p34Xb5ANDGRmPJHUvncuCs0naffx2XJy64zP+roHYlPZyaGBh3+pHKJpOO8PzI5Ox0LU0lJffGNB8wEAGAImAkAQAeYCTCRDWImYY9vepnfevNs+MLuDPMi9XaNeTpdUsxkaiLsDCTFq0sVr8dvd/ZnlSZYZaIUD9kdA5KUsfsSqspJPmbCzKTqJ6zEybaTjoEUK6ErNDMDrQ3ATAAAhoCZAAB0gJkAE9kgZmJ3qNeal73d/XaHj1I1E0+MH1NvZxIxZ6dcza7IA5mJw+mLideuEgsG6dy5imwa7BQlA2oVURDNRD3HrGY19TowEwCAxYCZAAB0gJkAE9kIZhK94EuqfuV56iYwpWcmuTFPNMuq+ZWhDDabq8dZ9RktXkV1+JhJjXn9MRN28WpJbcwEZgIAsCowEwCADjATYCIbwUwaB0xUYxTJiJ6ZzMd64sr9JCNsYUl1ncn4oKPxghyXw9c7WkwP9ofnGn7F2p0h1V7SVVMNZiZjfj+faVZbTA8zAQBYFpgJAEAHmAkwkfU3k4mwam6Vz+5PSgsJ2nB0R+KZsp6ZSJK/2081qdpEoG4mMoWEQzUM4vHIc8Mc54NsnQkRDwblEk/QP6wssc9PO5zK5LHAFO355UUp/kCyvsIk7O2XK7iCtfuGmQAALAvMBACgA8wEmMj6mwkwGZgJAMAQMBMAgA4wE2AiMBPLAzMBABgCZgIA0AFmAkwEZmJ5YCYAAEPATAAAOsBMgInATCxPS8zkYwDAJkf8v3plYCYAAB1gJsBEYCaWpyVmAgDYOsBMAAA6tNhMJgLqr5lbJeLJwHLATCwPzAQAYAiYCQBAhxabyZhfVg7HQKpeVCnGxxIT0zlVHfnDWA2byXzM6R+lS8WjI3RuG/qevU6fKzwrlm5OChMRsagtwEwsD8wEAGAImAkAQAcTzMQ1wL/YgQh0VUdIpnh3sZIdC8hf+FCvtBbmY/xLHshtQsoXRZiB/JUX1qOQcgZVutguYCaWB2YCADAEzAQAoEPrzcQ7odqfido7B6mvGPaQnARVB6RmzESai7kjGfovXVbKT9GlmEwUUqPKN9YN5PmXajvDU0Mhp9Pn6JK/h7u3S/6SO5e39m16hWlnp2xN1ZL0qMddn2nmdfhqLVY8Hnmcx3E+WFb254YG7J7RiF/2q96haXax/NSofG6nP55htTYY6yEnMBPLAzMBABgCZgIA0MFcM8lEBqiznqmaSUOfshkzyUaDgUl5gy7rdfkiY4m8Uu5wyNuxwZDdE5tT3uXsjpDbH4uNJfweXywVC0Tlo1StpNSnc6kkPpboOe8L0wnlQj43bveO53Py3DNuJuQhLl+MqkUCAw5lREU2EzIcv1zIHwhdNj6WikdHollWsOEIdPnaLCcwE8sDMwEAGAJmAgDQwVwzkZJhe2eoJBXnkjG7o1914FbMhI1mUNyBBCsjM6nP6pqMeCeqb22yCF0Ykxpambf3jbOtUjwUlo0jpZ64VRvSSfJCbiZ2xwCv5nXKF5TNpFZI23JLipnMlTb4e2slHx+MzrVvSGddzIR+zRU3+g/COsBMAGg/v7v60oO/6XjwN98wO3/32z6x7aaBmQAAdGi9mTgvjKhL3M6qTsiDElXKmYSsGepqq6OezVVDns1VIz8cVHxDRl7u0hmRGqRivu4hE2G5Zm5MfUG7w6/8d1kzCfNq1GK+aibVQm4m8vakPKEruUH/ZF9xuELhVFtvbl3MBLQTmAkA7UerEOal5XICMwEA6NB6M5HHNCIqhchPuz1Bb6g6XiFVu/Xi5K7VWc1MVhgzWdlMmh0zWcZMiPJsrOGjyTYM+fFwm7VEgplsAWAmALQfrT+YmQ6x+eaAmQAAdDDFTNYY8WR9VjUTSXI6fZGxVGxoULXORMdMJP95eZ1Jcjrd28WHdIp2Z39mQZ4jVl9nEgm6fLHpyUQkGKyvM9GYibtvJJ3LRQID/uQqPez2kx8fbL+WSDCTLQDMBID2o5EHcyM23xwwEwCADi02EwDUwEwsD8wEgPajlQdTIzbfHDATAIAOMBNgIjATywMzAaD9aOXB1IjNNwfMBACgA8wEmAjMxPLATABoP1p5MDVi880BMwEA6AAzASYCM7E8MBMA2o9WHkyN2HxzwEwAADrATICJwEwsD8wEgPajlQdTIzbfHDATAIAOMBNgIjATywMzAaD9aOXB1IjNNwfMBACgA8wEmAjMxPLATABoP1p5MDVi880BMwEA6AAzASYCM7E8MBMA2o9WHlbNB9f++bU//khbvpaIzTcHzAQAoAPMBJgIzMTywEwAaD9aeVg1dNZH1z/Qlq8lYvPNATMBAOgAMwEmAjOxPDATANqPVh5WzRLMBACwGYCZABOBmVgemAkA7UcrDyvl+o1PxJOXln515QltTZ2I5zcHzAQAoAPMBJgIzMTywEwAaD9aeVgpN25eF09eWjK64EQ8vzlgJgAAHWAmwERgJpYHZgI2Izdv3vT7/Tab7dKlS6zkySef3L59+5EjR65du6au+fbbb9tqqMvXF608rJRXrjz1xofPUeisP9+4yrZ/8LuItqZOxOabA2YCANABZgJMZNOZydRF/5xYBvQw20xOnTr1/PPPi6UrQH3Hjz76SCw1iKEWwSbl448/ZhsLCwvvvfcebXz66aes5NChQ2+++Savefny5VdeeYXvbhC08rBqlrDOBACwGYCZABNZLzPJjEXtDp/d1e/uGxGP6TIV9KfFslUIe3xyWzyemFjD0phqJtRBZH+r3rdvH+3euHHjxIkT27dvf/bZZ1mF8fFxOnr69OlvfetbjzzyCKsci8XUF+nv79+t8PLLL3s8Hm4vtMF6nJcuXdq2bduRI0fefvttdYt0lFqki9PR73//+9evy7NiqPzXv/713r17qc73vve9Rx99lDYOHDjAjoJNB1moIB7sR893qcL777+vOr4h0MrDqlmCmQAANgMwE2Ai62QmU87gtFimR9o9NC+WGYT8RCzaGphqJkuKP7ARjF/+8pd79uwhFbl27RoV/v73v6fuI23cvHnzueee+8lPfkK+wa2D09nZSR3NJ5988p/+6Z/oRK2ZsLM+/PDD1157jU3j4S0S1GJXV9dbb71FhXfeeeeS0m3duXMndVXpUVNhPp9//PHHqcTv96uaBZsGMk96CfHdhx566LHHHlMdX3r44YdJRMlOn3nmGXX5+qKVB1MjNt8cMBMAgA4wE2Ai62Qms3ZPw1BJdjjYM5hM53L+Lt+c8uvP7fTZPeGJxFRgNJvPjbtC03n6HVmWxvw+NptrIuD3R1OZ6XG7cyCsnON2+Jx9I/nc7MRgSGsyajOxO4LVrWLCE83ODQ24zvfzq8nllVTA5YtNZ+hS3okCP3Ez0jYzicViymBGFSq8fv069Rdpe3p6+urVq8uaCZU8/fTTfFdrJkuKbNC2y+Xip3AzoW021eeee+5hJ1JlNiZDcmJTvIgKPQrsFLCJoBft5cuX2Tb9KJlwer3eP/3pT40VZchC31TN8lpftPJgasTmmwNmAgDQAWYCTGSdzERyOX3eoSTf7XXWzsqO9o5SK0V7V3S6/nswyU2Dm4nLUT0l5PHZvQlJMZMsK5Iq2ilbajPxd1a3S/FQJCuRmfTEq/rhVQ6lB/vtnYNKQcXeZWy+2UajzWZy9OjRYwo//elPqfDll19mctLb27uSmfCpX0srmAn1R3fu3Em7v/71r1n52s2ENmAmm5QbN24cPHhQLFVM9fHHHxdLl5Z+8YtfsFfdRkArD6ZGbL45YCYAAB1gJsBE1stMZMo5z3kfG6NoWAfiT0rzMe+EuuoyZlJ3j4mw3SFfxF1zFfmoI8y3GQ2zudIj/mSFLMijnEJmMlY7wra96vtRLr55MdtM7rzzTnrx/Pa3v2Wzubq6uqjwjTfeuHbt2ltvvfXOO+/cvHnTpiwLYbO8fvazn72p+sP2yZMn2WyuVxWGh4epzmOPPfbEE08wM/nkk0/oylTzwIEDDz/8sLrFP/7xj3Qun81FCrSkdFthJhaAtOTw4cNiqQK9zMhMqIKwvCQej//hD39Ql6wjWnkwNWLzzQEzAQDoADMBJrKeZqLATEPs/VcSrrB6OtZyZuJgYxqyS9gdIcmQmVAF5yCVOAIpSblCeKFanhwgMVIWzfvkcRgLYLaZvPTSS6QEnZ2dtE0S4na7bcqS9+vXr1PHcf/+/bSbSqWuXLlCFdLpNO0+9NBD/HQ65YEHHti+ffvu3bv//d//nXafeeYZqkM1T506RWZC1+no6KASrha8xbfffpudTruXLl3iK+BhJpsd9iOz1aAfKP1wz5w5Q9v33nvv1atXqc6vf/1rejFTOXkse/2ojXfd0cqDqRGbbw6YCQBAB5gJMJF1NpNKOtjlKymzuRoXc4izubiocDPhHkJX4LO5WIm0BjPxd/rcjv6Q8jlfZCaeaHUiWC+fzcUWnGx+zDYTAIAWrTyYGrH55oCZAAB0gJkAE1kfMymmnC55opTbH5tYYL/tKt5uvzx1qtM/pjhCOZMIXOinEk90lnb9HvloIFk3E6ripos4/WPVKxgzE2kmym1EnsG1UG0unilXK5Qzrk75Jv3DRj+meGMBMwGg/WjlwdSIzTcHzAQAoAPMBJjI+pjJBoBEpVTbVq8zsR4wEwDaj1YeTI3YfHPATAAAOsBMgIlsSTMp5hfS6slaMBMAQGvRyoOpEZtvDpgJAEAHmAkwkS1pJlsLmAkA7UcrD6ZGbL45YCYAAB1gJsBEYCaWB2YCQPvRyoOZ6RCbbw6YCQBAB5gJMBGYieWBmQDQfh557T6NP5iV3119SWy+OWAmAAAdYCbARGAmlgdmAgAwBMwEAKADzASYCMzE8sBMAACGgJkAAHSAmQATgZlYHpgJAMAQMBMAgA4wE2AiMBPLAzMBABgCZgIA0KF9ZnKhbzA9mxFLgaWBmVgemAkAwBAwEwCADu0zE7vD5/VFxFJgadbFTLL5Va4DWgjMBABgCJgJAECHdphJr3fI7QmKpWALsC5mQg2JRcA0YCYAAEPATAAAOphuJtMz83aHjzIcS4jHDFC9CI93QqwBNiAwE8sDMwEAGAJmAgDQwVwzGRtPMZFwnu/nUiFWMsLc0MCYWAY2LjATywMzAQAYAmYCANDBXDNhKtLTOzg7t9DVHYSZbDVgJpYHZgIAMATMBACggylmUi6X2buMdh4XldPRelWDCGbicPhiiVSoz++dqHZGXe5gcjYX6KZ2B+T9iXBwMOj2x+Jjo3bnoNsdjI8lYoMhu1e+pYDLFxlLJCdTwT6lMmg1MBPLAzMBABgCZgIA0KH1ZqJeDZJZyE2lZuVlIcqncqkP3dqykwYzmYwEJqub5CHhBX6ASHrZ4MxE2J+sFoU8vlLtMPMWMpP4/Cq9YdAMMBPLAzMBABgCZgIA0KHFZrKQzZN1eHouuj3y3C2XWxYAZialUpk2qJyO0obT1S+evAbUZpIfrk4PUzIQnpcL46FBh1O1oGUizMqJsKfeqa2OqCwk5JruYPbWR3GAHjATywMzAQAYAmYCANChxWbS0zt4rtPPttOzGaYHzEwGgiNVW5AkapJvG0IYM/FONLyXTYf6I1llqzjesxYzqRHy+GojK6CVwEwsD8wEAGAImAkAQIcWm0n/wDBXjuGYPCIh1cxkMDzKD6Wm51pgJpLkdPoC0UR8bNR1YXROkkoTYUfvSGZ6yu7qd3Wubiae7lByNpefTbmc9YleoIXATCxPS8zkYwDAJkf8v3plYCYAAB1abCYTiWm7soYkPDTGp1SxkuRkmjaonBlLS8yknEnIc7ec/kB8XlGLsrtT3p3KF2J9q5tJ1F+dD9Y7OMUPgRYCM7E8LTETAMDWAWYCANChxWYi1YZNlnWPYCjGDy0WVumGAgsAM7E8MBMAgCFgJgAAHVpvJgBwYCaWB2YCADAEzAQAoAPMBJgIzMTywEwAAIaAmQAAdICZABOBmVgemAkAwBAwEwCADjATYCIwE8sDMwEAGAJmAgDQAWYCTARmYnlgJgC0n99dfenB33Q8+JtvmJ2/+22f2HbTwEwAADrATICJwEwsD8wEgPajVQjz0nI5gZkAAHSAmQATgZlYHpgJAO1H6w9mpkNsvjlgJgAAHWAmwERgJpYHZgJA+9HIg7kRm28OmAkAQAeYCTARmInlgZkA0H608mBqxOabA2YCANABZgJMBGZieWAmALQfrTyYGrH55oCZAAB0gJkAE4GZWB6YCQDtRysPpkZsvjlgJgAAHWAmwERgJpYHZgJA+9HKg6kRm28OmAkAQAeYCTARmInlgZkA0H608mBqxOabA2YCANABZgJMBGZieWAmALQfrTyYGrH55oCZAAB0gJkAE4GZWB6YCQDtRysPpkZsvjlgJgAAHWAmwERgJpYHZgJA+9HKw6r54No/v/bHH2nL1xKx+eaAmQAAdICZABOBmVgemAkA7UcrD6uGzvro+gfa8rVEbL45YCYAAB1gJsBEYCaWB2YCQPvRysOqWYKZAAA2AzATYCIwE8sDMwGg/WjlYaVcv/GJePLS0q+uPKGtqRPx/OaAmQAAdICZABNZFzMpVyrUFtKezC0sUmYz+fRcdmpmfjyZioyM9g8M9nr7xf7I1mD79u1nz54VS1fj0KFDzz//vFgKwApo5WGl3Lh5XTx5acnoghPx/OaAmQAAdICZABNZFzMB7cTUMZNYLGZTcc8994g1Nh50n/v27RNLV4POevjhh8VSYDI3b97ctm0b2w6FQuxlRq+6xlobEa08rJRXrjz1xofPUeisP9+4yrZ/8LuItqZOxOabA2YCANABZgJMBGZieUw1kw8//PD999/fu3fv4OAgbXzwwQdiDQ3T09PN9ywff/xxj8fz0UcfiQdaCnWCqRWxFLSRrq4urrtut7vx4IZGKw+rZgnrTAAAmwGYCTARmInlMdVMGPv27eOy8eqrr/IhlJMnT1LJtm3b2C5tPP/88/woH4IgwaCXDSuMRCLXr1+nDTZ1inqltE0bHR0d/MSXX36Zb1O76hYPHDiwpIzk7N+/f/fu3azw6NGjbOP06dNLqjETfpZN08R7771HddRHbbUbTqVSvHxiYoIdOnjwICvZuXMne1AMughvnf3tn+720KFDrISen7fffpsq0M/l2rVrrPDKlSvkXbcwqmM9fv7zn9PPmpvJphiR42jlYdUsLd3846fvaMvXErH55oCZAAB0gJkAE4GZWJ42mwmpBdMD+tdW69O/++67N2/e/M53vrOk9C+FMZMf/vCH1GsPBAJU7fLly+wUwUzo32eeeeZPf/rTU089RbseBTZmQi2SD7z//vtU4f9v7+6/2rjvhO/7z7n39+svwD72sZ04bh7qxE6aZO9qJWOQDUZCKCCELQxCBswzCgaUh3av02w2bfdOmvbabJp0c3K1OdnLJ09u45Y2x3m46uDNOnYSd31s7s/MVxrEd9CALL6DGN6v8znOaDTSCAx43hlJyGayUj3HrLm5WUXLkSNH5ABXLu7evVvdlXPcr3pA2kCWf/3rX8vF27dvy4ORNpD7aSg7Z9JQKpP9+/fLXX3yySfd3d3OHcrKl19++cUXX5Rl+UjVTZbsz4xsI5//N954Qz02ebSy8J5NFmSP8Xhc9iKJcvjw4ccee+zixYu9vb3hcNi5k20rEonIJ9MJkvvuu0/+auTr6saNGys3rEfueDA6+u5rQ5kA8ECZwCDKJPB8LpPyUw3qWPzhhx9Wy++8887SamUix+Vy7ddff+2saXCVSVdXlyzcc889P/rRj9RNnDKRPcqHWX5DuX9ZKYf4ao2qHXW6Rq1xykQOc7PZ7K1b1kuQf/zjHzunWSRCKpVJg31GRRakhRrsD9C5Si2XP8es/DMjV8lN3J+fCxcuyAG3/NVIDr366qv9/f179+6VknHuZHv67W9/Kz25tNqpEulA+VxpK+uNOx6Mjr772lAmADxQJjCIMgk8/8vkwIEDD5d89913N27ckKJoKD3TqVKZlB/QN7jK5Pbt248//rg6mpeQqKpM1IK7TK5evSrL6rUxKip+8IMfyDfC7t27TZdJ+efnq6++kjXxeFwS5Q9/+ENTU5Nc/PTTT5072YbkM/zEE0+os0/uMgmHw8PDw9rKeuOOB6Oj7742lAkAD5QJDKJMAs/nMlHPrZJ4kAPu1157Tda8/fbbS/axpgoDOeJ87LHH5BDcOfh+4YUX5KpEIiHb5PN5WSMlc/To0YWFhQbbkv2Sd/lTHrk6vpfj+IMHD77zzjuyTX9/f/mzua5fv77OMpFbPf/88+oxyDayXvrn22+/bbBLQz3RS/aiOkStXLI/WOfZXOqlI85V6ykT9Wyun/70p7JGfX7UVXv37pU9yrG4LKjHuZ3J5/zfSuSvQP5UfwvKvn371BdVPXPHg9HRd18bygSAB8oEBlEmgedzmYjJyUk5tj5w4EBvb69cfPTRR+Xirl27/v3f/10uLi4uShI02K8bcW5y48YN2V4O9NWzmNQ2Tz75pASJOkxXZxIefPBB+VjkovSDeubVs88+u1R6VbqskWBYsl8Bv2aZqDMeDsmJSCQiD1KqQz5RqjRGRkbkPuWBqVuplRIPP/zhD+WhHj58WD0NzLlqPWWyZH+w8oHIRfX5WbLPGjnvjbt7925eZFKu/L25Guy3MZCAXLlJPXLHg9HRd18bygSAB8oEBlEmgedDmQDQuOPB6Oi7rw1lAsCDD2UyEw7Hwq0ZfTW2Acok8CgTwH/ueDA6+u5rQ5kA8GC2TPKDp0ORpL00HArH8vzk2WYok8CjTAD/uePB6Oi7rw1lAsCDyTKZz0uNDM4ULw12JUPHT6/YAEFHmQQeZQL4zx0PRkfffW0oEwAeDJXJfGMkFmrs1FfPjdZy5iTR0hGWu43E4905/TrUJcok8CgTwH/ueDA6+u5rQ5kA8GCkTPoS7ZGTZ0bm9PVipKcz1Jzqm6z+Z9BYJnQsGe/u7+05HW7u0a+Fp5lsWl/lC8ok8CgTwH/ueDA5h/Td14YyAeDBSJnkZ+ZC4VSfvtrSF4+Nzc3kZ6v+GZSKxsb0dYVQlBfWr1eieROO6SmTwKNMAP89f+mIqx9MzeUb7+q7rw1lAsCDkTIRXmWir1uX2Vwq1JzqHS8dvM6fz08Ph6I9+enpgnVOIBUOx9J9A5muTidXQuGu0LFkb9+ZvhHZfjwU6cidHbKeZrZde0biJJIc0teaRJkEHmUCoCqUCQAPxsukt2+gOLnxQg1lUnztSjiWyIyU1ow7jRE/Ggud7FfLkihqQTbuK73+fupUsnPM/sGXSzsbbDszQz6fOQlKmQw39VhfvZ7Ws00AUSYAqkKZAPBgvExkobjGrogayqRodry/+E7EZWUSCnekSoeFsgv1AnlZWVxVKCSOWlXjjLN+W8n3p8LutyUwabPKRP7q89PTvX1nkic7QseKX4FmjDhfeNsTZQKgKpQJAA9br0zEiWJaLJdJOBxryxZ/rqWisby9UF4mPS0bsN8tTbIkNVQ6heSXTSwTZ3k2m2o9U7znREu7dGm69HlQFxtbil+iU/09cjF8LJkcPD/W3TE2PxWOxHqtN3LINXVb/RGKnknaNwkft24y0m2/WZzVuilnGzHYk7Lvtke904N1V/nhVJt1w2ROfW0GB2UCoCqUCQAPW7JMQuG4/d/zTpkkGmOhluILW8qezbV8eDp1KtmW9fu4vJ7M+3y2RKmHMikUhkJx+yzaVF+49XR+ciQUsa89P2hdnJ5Iniy+1ZuUQ6ZvMJ3s6Z2yciIVj6f7Bqasa0plcrQ93jM0Mj0db46lxgtzM9P5TFdycDo/PVNWJudDkXbZJnE8rnYkdxU5Fj/RNZAfza18YEFAmQCoCmUCwMOWKZO+ZFI9ESscTTqF0ZfokDUT9vLcxID1P7AbO6ZKP9+0o0D1f7JDje1N8e33CviZUX2NL+qjTNTX3mA8UrztcGd7Vv5zfiDcWvaVkEt1ln1pWmWy/DStUpmE1dMILaGjaes/2VRps+I2csO+0legLGfOW3/2WG/TYElF1/X4txDKBEBVKBMAHkyVyfIL310zq2+LwKqLMpnPhRKDhfFMUziWn55WU/pdO3PWE7qi1jkTqyiWb6NddMpk+SUrxWVXmaxob/va8ruiTABsc5QJAA+mygQo1EeZzPR2xnPz0idtpXMmmia1vr9LO2eyWpks322lcyYT6VXOmVAmAKBQJgA8UCYwaBPLxHpvrkwmfiKuTolYpgZCxzqHJ0fTnfZLbsbPpAdG8pMj4eLLluZD4Vh2eCLTnUrlKpVJ/ERXznmdiWW6L9zWnx+dKHudyXwoEpdtOluXX2dCmQCAQpkA8ECZwKDNKxP7LbMi8cjxVOmJW5Z03Hq1UuS4XSbnh9Q7aznvlzXRZ783V3MyPVKpTFKJlna5Vfh4unTVfNPRmH3+ZPm9uSb60tp7c1EmAKBQJgA8UCYwaLPKxJDy15lAoUwAVIUyAeCBMoFBlEngUSYAqkKZAPBAmcCggJUJ3CgTAFWhTAB4oExgEGUSeJQJgKpQJgA8UCYwiDIJvA0pk28BbHH6d3VllAkAD5QJDKJMAm9DygTA9kGZAPBAmcAgyiTwKBMAVaFMAHigTGAQZRJ4lAmAqlAmADxQJjCIMgk8ygRAVSgTAB4oExi0WWUylT8vu2N8mLHJp2VGJ/IjY1OD58b7c0Pp02faO7pa29r14xEAoEwAeKJMYNCmlIn8M3d+ln/kfMI5EwBVoUwAeKBMYNCmlInsSF8FYygTwH+Xb7z7zMeHnvn4+6bnZ385qe+7ZpQJAA+UCQyiTAKPMgH8504Ic7PhcUKZAPBAmcAgyiTwKBPAf+5+MDmH9N3XhjIB4IEygUGUSeBRJoD/XPFgdvTd14YyAeCBMoFBlEngUSaA/9zxYHT03deGMgHggTKBQZRJ4FEmgP/c8WB09N3XhjIB4IEygUGUSeBRJoD/3PFgdPTd14YyAeCBMoFBlEngUSaA/9zxYHT03deGMgHggTKBQZRJ4FEmgP/c8WB09N3XhjIB4IEygUGUSeBRJoD/3PFgdPTd14YyAeCBMoFB27dMpvvjuTU+nGCgTAD/uePB6Oi7rw1lAsADZQKDNr1MxnIDvX0DbU0x+dOa3HjZhqs539+nr6rKSGqtPQQMZQL4zx0Pa87Vm3++dO019/r1jL772lAmADxQJjBo08tESUVX3CrR0h4Kx8LRlH1pPtocl4uhxo6xwrS1YM9YaeOp/h61QTQxYF2eGU7Hk3Ix0T9V3GJyIByJhY7Gh7o7rAXr5qnCeKYtW7xe7S7UmFQPqyncMdjd2XhUbtKe3/r/FlMmgP/c8bDmyK2+uXXVvX49o+++NpQJAA+UCQyqxzKZ6gu3ns5PjmQS7amx+dlc6kRXTi5me07PFuYHOzsy09P56Wln83A4rjY48ZRVJonGWKg5lZ8elfVqg6ZILJUZ6O3pmZuZzme6koNy85nlMhk/Y+1uejTb3RWO56ztw7HIydO9wxPZrs6m7i1/hoUyAfznjoc1Z4kyAbAVUCYwqA7LJB5ZXg5FUrNnuk50Dztrxro7tGdzhaRMljeYCCUG1dJsb2dqUv472Fj+/K1sqnipVCZt4eXdtdm7bipbY51d2eIoE8B/7nioNLduf6ffeGnpo69edm/pMfrta0OZAPBgtkzOjYx3pc6EwrGWk119/cVDOmwfdVgmEgZ5+6yIPfaWc9PRJutZWDOrlYmzQWNyqFDINXYOOzefnV8ukCJXmZR3iHoYlElVGhoa3nzzTX0tsBHuv/9+Z/nmzZsHDx584IEHbt26VbZJnXLHQ6W5fWeVD6faF5zot68NZQLAg9kycZ61rybVvcpRHwKsDstEnbhwmRtJdXSOVCgTy1wo3C73HYrZrzZxzA94nzMpP0XDOZO7UG2ZyGHlvffee/HiRf2K1bz//vv79+/X11ZJ9phOp9e5R9SPV155Zffu3c5F+bp9wfb888/fuXOnbMN65I6HSnPxq1/86es3ZORWf7t9Qy3/8nLavaXH6LuvDWUCwIOpMlEpkjs7Ur6yKWq9dLh8DYKtDsukMDUQOtY5PDma6xto6hgc6+nMDk9MDA90tsazsv+hnqbOoYnp6dnS5tHkGbVBqNGqiGRzLBTpyI1OZLpT6lXyTZFYemCkN5OxLkz3hdv686MTy+dSZnKhaDo/PZrrSTmvMyndN2WyNqdMFhYW2tvb5WJbW5u6GI/H5eLU1JSzsRxQPvroow22Rx55RNbIgaYs79mz58KFC3Lx9ddff/LJJ2WNtMSNGzd27dqlNn7uueecO7l9+7ba5sEHH/zP//xP6Rx17TfffCMr5c/FxcUDBw7IsmwmF7U9YkuQL5XXXnstGo06aw4fPqwWDh069NJLLznr65M7HtacJV5nAmArMFImEiQnWrv0tTZZr+XK+iVa7Pc+isTj3dYRHupfnZQJzPGnTK5fvy4LEglffvnliy++qC4+9thjcnwp1fGrX/3K2V4qwjlnIut37twppXHt2jXZXt1KjjvlVj/5yU9kA2kJWePcVtm/f/8Pf/jDK1euyJGrXHSXiayZm5uTO3njDev/Q8u1sp5zJluRUya3bt06deqUWpbizWQyyxvVJXc8rDmSY9f++3P3+vWMvvvaUCYAPBgpk6bjydEx69XBbrJerp2dndOvWNNYJnQsGe/u7+05HW7u0a+Fp5lsWl/lC8ok8Pwpkw8//FAWhoaG1Ep1UfYuy+FweHh42Nm+vEzkWFM6RK2X7RcWFuRPaRVZUCtXLRNZ8/bbbzsX3WVy//3333fffT//+c/VBpTJ1uWUify1OjUiC+XnUuqTOx6Mjr772lAmADwYKZNQOHZ2cFQ9octZ2RZLO+t7TpW/anhdUtHlXzHhg56WtY+At5ZE8yZ8RJRJ4PlTJkIWXn/9dbVSXfze9773sG10dNTZvrxM5Phyz549ahtx6dKlGzduyKNtsJ/ftVS5TK5cueJcdJfJnTt3GhsbpXDURcpk6yovEGdZFvr7+5319ckdD0ZH331tKBMAHkyVSUfy9KplotafjHWXbb4umZOxnP6DKxeyn7hfsN+bVf1qiLZwfCSTsnYdiQ+qA9RsKnQ0nbF/O15bz/L7w6rfl9fYlhks/rq7XOJsYW7Ueiex/Ij1p/b4t7yZoYj17lK+okwCz58yuXDhgixMTk6qlepi+YtDHOVl0tnZ6bx4oNyzzz6rgqRSmcgPPuei3Js6JyO5olJErV+wz8DIjiiTrWvV15k89NBDgXydSS2j7742lAkAD0bKJN2TVR3iLhP3+nWbb7R/wXYi47xMZdUyWQ6YsNpL1gqV4g064mn7N3fnEvGMOnydH0o0xtS6UDjeli0e1Jb/GorgmBny+cwJZRJ4/pSJLDivVpdUkIsHDx5UF7Uq+OMf/6hWSnXcunXL2abBLhBnWZ0zGRoaUhfLI0ceubOZdIh8OGrZOUkiD6B8A9mjejC8An7LKS+TkZER9d5cshCk9+bakNF3XxvKBIAHI2UiJifzx1s6ywvkqa5euSjr77ZMimbH+0ORpL24epk4W/bF7SeAWWXSUVqXU5tFyx9ANpU4u3yVEsgyyfenwo2d+lqTKJPAM10mANzc8WB09N3XhjIB4MFUmYjZ2blTmRW//EG9K1eNZSIixZuvVSYxV5nMD2zjMpmXLEkN+XrUTpkEHmUC+M8dD0ZH331tKBMAHgyWSSW1l0koHLf/Ox46ccZemA+VlUlf6fi2/Nlc6tdT9MVKz+bqiPfYC+XP5iovk2RTTY+w/lhZoq8zjzIJPMoE8J87HoyOvvvaUCYAPBgvk5aTXeUpMjllPZvrLl4B35e0XrAuE44mnQPPwW7rCWONbZlUdLlMBntcr4APd6jXu5e/Ar7XvsPGttPZyeIr4MvLpDAzXHtB1ZGZUX2NLyiTwKNMAP+548Ho6LuvDWUCwIPxMnFe8l4+2YHlQthYqzwLa8XrTOAryiTwKBPAf+54MDr67mtDmQDwYLxMfEaZ1BXKJPAoE8B/7ngwOvrua0OZAPBAmcCgTSkT+Wfu/Cz/yPmEMgH8544Hc/Ozv5zUd18bygSAh6CVCerKppSJmMqfl90xPszY5NMyoxP5kbGpwXPj/bmh9Okz7R1drW3t+vEIgA3y/KUj7oQwNJdvvKvvvjaUCQAPlAkM2qwygW84ZwKgKpQJAA+UCQyiTAKPMgFQFcoEgAfKBAZRJoFHmQCoCmUCwANlAoMok8CjTABUhTIB4IEygUGUSeBRJgCqQpkA8ECZwCDKJPAoEwBVoUwAeKBMYBBlEniUCYCqUCYAPFAmMIgyCTzKBEBVKBMAHigTGESZBB5lAqAqlAkAD5QJDKJMAo8yAVAVygSAB8oEBlEmgUeZAKgKZQLAA2UCgyiTwKNMAFSFMgHggTKBQZRJ4FEmAKpCmQDwQJnAIMok8CgTAFWhTAB4oExgEGUSeJQJgKpQJgA8UCYwiDIJPMoEQFUoEwAeKBMYRJkEHmUCoCqUCQAPlAkMokwCjzIBUBXKBIAHygQGbVaZTOXPy+48RjaQfw31m21juzqe/n+i0x4jG+i3sVEmAKpCmQDwQJnAoE0pE6mOp2fm9LUryQbyePS129WaWeIRJ5QJgKpQJgA8UCYwaFPKZJ3Jsc7NtoO/c0XIqiOb6bekTABUiTIB4IEygUFbs0zGU1HPvWRToUhX+YpoONaWLV9xl5rCnvs1xh0h5TMyXzjSXlzWb1kqk8bQyZYzlAngk+cvHXnm4+/7M5dvvKvvvjaUCQAPlAkMCmqZtLbFppYvjzYlUkbLZLa3s09ft5HcNVKcE0//4Nz8xOh5Z41+S8oE2AzufjA5h/Td14YyAeCBMoFBW7xM5qPN8VA4FmrsGCu/Ppvqy6U7R0oXz/Wkc5limcxPNR2zbpIaKt55KDEYP26tCR9PqTXZ7pR1n2XbtNp7aWzLnCiVidom3NxpX5pW24eiGfviTFNjLBSJ900W/yGX9X2JjlC4q3cgHc8VVzaGY61n1vh8OvQgKc3OzNzIfOHvn1peo9/SVSaxphMPPxJ68JEfPtmU0I9HAGwQVzyYHX33taFMAHigTGDQli6Tse6VQeKQMpEeOJpWl1ojscJ4qUxKnLMfoXC8uKrCNj2tseHiv8jzIe2cSekm8kiK50xGTjeWtumMxkJtAwVrFzHnIyk9zWwknBgqrVubu0msOZGXv4+JseUTJusok0xjinMmgHHueDA6+u5rQ5kA8ECZwKAtXSaFwlwkEosmMtmJle/0ZZdJ+kRs1rowFe4YWq6O+Xw02q5OcahtSyc6RK6pe1z+M5LpCUfscyD2NuXP4HKWnW20MumLO2dO7Je7hDsKVpkUz8aIXvtpZrlE3Dmjsx56k9gTny70Zp/+HytX6rfUy2Q6Gmp65PFjT6UpE8AgdzwYHX33taFMAHigTGDQFi8TaZPpaJNVCCs2tctktrczI4936oz1tC5VJvPWDTv7RmbmCm2VymR+PNTYOSH/Hpe2WaVMStvITaotk4L9NLP40bU/S+Wc8PiHsfkH4ssnTPa36bmi39JVJmNjo83/cPR73//h/9uS1I9HAGwQdzwYHX33taFMAHjwvUwmh9f4TRMIkC1fJsUVmXiu7KJdJtaTr5o7mlQDqDKxUqFdbVLxnEk2lTxXvKy26WmJOc8ZK96qtM1UT3K5TNS/2uMZp2SSzc6zucrKxN6jWr9+Tnj8j6esv4Lz03OtU4Xe3IyWJesrE+vZXM2P/+DAQ2H9eATABnHHg9HRd18bygSAB1/LJBOLh44n1XNafKYdvcEfW7pMZs+etp5zFYk3tpxecX2xTArJpmIbOM/mmhnKqNeyO22jl4l6vbvcZ9k2zivg5Q6X10Tig/nx0ktTZiKRWKhF7XZOfwX8yq/tzMlY6WXw67UiP9qe/vtz84XZeXeWrKNMBh9/4tjDj4Qea4x18GwuwBh3PBgdffe1oUwAePCvTLJdnXI4NVc6PqvauHXMF+0pe7NW+w2I1vlurVWVSaIxltfX4W5szTLZ2jqb1/4UafQCOZGPZ1c5YeJRJvymRcBP7ngwOvrua0OZAPBgpEys/7+r3ufUmaPtw1PqaVx3XyatsS7n2TKW+aFoIr1hZZJLr/5GTMEwMxRJVvFmTRuFMvHVzPTIQE94xTPP1sVdIJVGvyVlAmwGdzwYHX33taFMAHgwUSZDK7MkOWG9mNaRi8TPDJaeiFKF8Uxb74D1Dq0ls2e6ln+PxFrWLJNcRzzIZVIoJKr/X+m1o0x8lUuFIvGp6r+3/s5VIKvO31EmQH1wx4PR0XdfG8oEgAcTZZJbWSZaEtjXNvasXLkO6qn8Z0u/S27qTDQcK2SLv3tbKiUcTQ1PTrQei/XZx7dj3R2peDzZM5Czj6bUw2hrjI2oMzczudCxztzZwUgkZv0/5vnzyWhscHo6b70hUqH0AgDr9QbhSEdv30C8OVb8zXrzQ6FoWjYb6UuF4/32qi1D4sTnMyebUibyz5zsaz2j33K76hqZc3eIe7qK3zwrUCaA/9zxsOZcvfnnS9dec69fz+i7rw1lAsCDiTIx9WwuFSHqd8l1Nses3yVXKhP3ZlImy7+l2y4TyZK+0rFownlb1dKbHUmEOOdMystkorRdyH6SzPLvvLPu03rP1i1lPt/b1TO2yvGlIZtSJvATZQL4zx0Pa47c6ptbV93r1zP67mtDmQDwYKRMCvbBvWqSibm54b5MvMX69XOD+fnay8Q6VWK99r3dCg+nTPLD6WTnqr+cTgmFrQfgXIyuDKdC5TIprSuWSf5UMlV6+M5vAd8q8v2pcGOnvtYkyiTwKBPAf+54WHOWKBMAW4GpMmkrHvSvOKtQ07sGl8pktrczPTlUfJOuYpmcl0govlPquZ4KZZIqFKZCjcWnli2fMylZZ5mIE0ftD60x6d+ph40gWZIa8vv5S5RJ4FEmgP/c8VBpbt3+Tr/x0tJHX73s3tJj9NvXhjIB4MFUmeQ6rF/RUH6aouiuf9NiqUzkWEjudlYtls6ZyJrGRP/I2f5Qc3vlMinMZFPFLprJhSLx3r6BdGdXtDkpK0a62k905UamR2fXKJPBSMdwaeWWke/v8j9LCpTJNmC0TDKZTEOZRx55RN/CUzQarfYmyvPPP79z507ZY29v7507d/SrN5R8jPfee6++di13d6svv/xSfSb37dv3yiuv3Lx5U99ipT/+8Y+ysfzNqosXL16Ui2pZFuTi8qZbjfy1xuNx+SheeOEFtUY+GwcPHnzggQdu3bql1sgHLhuUr6kf7nioNLfvrPLgq33BiX772lAmADyYKpPC2XTYLpM+6xlcG2G5TAphJ3hKZZLtTFovbonEJ+ZGPMrErpr25DnrIfUmk/Lwwsc6okn7hezzU+rJYBNrlInVRWrCx9Ola+vezKi+xheUSeDVW5m8//77ciu1fOHChTfeeGPl9WtbWFgo3+k6y+TQoUPffPONvnYdPvnkk5/+9Kf62tV89tln0lpqef23KueUiZLNZvUtVnruuedks6NHj16/fn1pZZkMDw/X4fH6+v3TP/3T6dOn5dO4Z88e9VcsX7cv2KRLZY18dNJ+soFao99+s7njodJc/OoXf/r6DRm51d9u31DLv7ycdm/pMfrua0OZAPBgrEzE3EQymdmoMKkTTeH48oX+Luc1J1gVZRJ4RstEkQNEJzZEf3+/HB/Ln4uLi3Lx9ddf37Vrl6xJp9M3btxQy0KOqp1zJnJzOZJubm6Wa+VPdT9yrXOMLhs7979z507tkF02ePPNN5dKR/ZLdhi0t7c32EftslM5clX3ox7nX//61wMHDuzbt+/TTz+Vi1IsctVbb73VYJ+suHbt2pNPPikHxOrxq7MfahuH2tejjz4qyyMjI0v2/9GX2zrXOudMbt++/a//+q/ycR0+fFilgjzUJ554Qm4lW8pV5WXlPP4l+4OSe2hra7v//vvV/cfjcekrZ2Oxf//+f/mXf5Et5bO3FKxzJg75dKkPRD6Bao18El566aV//Md/vHLlirPG2b5OuONhzVnidSYAtgKTZRJE8cZY+uxofnp6YnhwleeqYSXKJPB8LhPJj4MHD8qC/KmOkuXPL774Qo6/f/KTn8hFSRFn4/IyUUfSXV1dsiAxI4fa6nDz1Vdf3bt3r9pefP3117KB/OmsWVqtTOxAsBZ+8YtfLJXaQ50zkUcoy3JoK1WgVqprT5069c4776iHvbCwcOTIEUkCWdCelyXREolEZEEy4/3335dgkO1/97vfLdkfjnPOxLmVxIO6w+7u7t27dy/Zh9qy5uWXX37xxRfVfp07Lz9nIgfi8ng+++wzWZa9yAOWhbffftvZ+Pr16+oqSTV1z4EsE/mEqzMkzidKCk0+vZ2dnU7UyZrlG9QHdzysOUtLd6799+fu9esZffe1oUwAeKBMqpQfjqhXwB+Npwfz+rVYiTIJPJ/LRHJCHUHKgaM6bpY/E4mEHJqrDSqViRxey4Ic4stB9nPPPSdr1FF++dH2UunYXXteVoOrTOROZMF5qlh5mcgjlGU50pXjWln4wx/+oK6VHckaefAqhORzJR+XrCwvE7mVbPnhhx+qi4qz91XLRK5Vd6heE7JUKhPZ11dffSULzk2WVpbJAw88oM6oyPKnn36qPp/qNI5y4cIFdYfqI5Itg1cm8gl/7LHHluy/QefLRn1tlH/eZM3dPVXPHHc8GB1997WhTAB4oExgEGUSeD6XiSwfOHDg4ZLvvvvuxo0b99xzjxwo79mzZ6lymajjeDmYlgUpkz/96U9yk2QyuW/fvtbW1uKe7Cc1NdinIJw1S6uVye3btyVL1CG+HN2Wl4ncf/nhu9xQXSu3XbIfiXpI8hi0MpGHdP/997e3t8vylStXHn/88V27dmWzWWfvlcpEnfxxmkqVyVKpl9xlopbVg5eFo0ePSpZIue3fv9/ZUjzxxBNqG+VXv/pVwMpE/hK/973vORedT5Qs9Pf3l9dI+eewTrjjwejou68NZQLAA2UCgyiTwPO5TB566KHe3t6V11s58eyzz6qD5nWWyZ07d/bu3Ss3efDBB7/99tuyO7OOueXetDUvvfTSkusEyzvvvNNgJ0d5mRw+fLhhtXMma5ZJS0tLg/3MtKXSeQ/1tlENa5XJqudMltZdJrKXI0eOyHJbW5uz5VLpvJAjnU4HrEzkb/m9995zLjqvM5GvsZdszutMZI2zWZ1wx4PR0XdfG8oEgAfKBAZRJoHnc5nIgXv54fJS6Qi7oXTOZGhoSF3UXgGvlclC2Rtw3XPPPeUvE3/99dedqxrsXbS2tqpl2YVaU76Bet25WpYdySN87LHH1EX1kpj1lIkEjHOHQp0/ce5ElYkkhFpT/hE5b3DcUHqvrTXLxKG2VwV16NChzz77zNlycXGxoezJXer9cwNTJvIhy+dNvlz/zfbBBx/IypGREfXeXLJwx3Zv6b251JsQ1BV3PBgdffe1oUwAeKBMYBBlEng+lIkJ0hgXLlxYsg9S5QBUHfpvW7t37y5/7TvqnzsejI6++9pQJgA8UCYwiDIJvC1aJg0NDeq5OlImUinvv/++vsX2cPPmTWkS+WxcvXpVvw51zB0PRkfffW0oEwAeKBMYRJkE3hYtk4WFBfXrQQ4cOKCezLM9vfXWW7t27fqP//gP/QrUN3c8GB1997WhTAB4oExgEGUSeFu0TIAtzR0PRkfffW0oEwAeKBMYRJkEHmUC+M8dD0ZH331tKBMAHigTGESZBB5lAvjPHQ9GR999bSgTAB4oExhEmQQeZQL4zx0P5uZnfzmp7742lAkAD5QJDKJMAo8yAfz3/KUj7oQwNJdvvKvvvjaUCQAPlAkMokwCjzIBUBXKBIAHygQGUSaBR5kAqAplAsADZQKDKJPAo0wAVIUyAeCBMoFBlEngUSYAqkKZAPBAmcAgyiTwKBMAVaFMAHigTGAQZRJ4lAmAqlAmADxQJjCIMgk8ygRAVSgTAB4oExhEmQQeZQKgKpQJAA+UCQyiTAKPMgFQFcoEgAfKBAZRJoFHmQCoCmUCwANlAoMok8CjTABUhTIB4IEygUGUSeBRJgCqQpkA8ECZwCDKJPAoEwBVoUwAeKBMYBBlEniUCYCqUCYAPFAmMIgyCbwNKZPF639jGGZLj/5dXRllAsADZQKDKJPAo0wYhlmkTABsEMoEBlEmgUeZMAyzSJkA2CBmymRqKJ5IqZkq/bTJdveoNdlJfgBtF5RJ4FEmDMMsUiYANoiRMhnr7giFY2pSY8WVjZHimqbu8RVbI7gok8CjTBiGWaRMAGwQs2WyMkLmV1tZralQ82l9HeoVZRJ4lAnDMIuUCYANYqxMIvHWRJd0SFt/3l43H7ayJB6J1FQmuY54ooVj0y2DMgk8yoRh/J+PFn/7zMeHnvn4+6bnnxda3XtfdfTv6sooEwAejJTJRLojnp1xakQW8v0pVSkz2VRTekK/wTrND8WPxvKnkr1rHMGiXlAmgUeZMIz/89ylI+6KMDRSQe4H4B79u7oyygSAByNlUkbFiTWlkyd3r7ctFmrpKxTOh06cKa7Kpjq7O+Ld/X0j1qVUNBbvGejtSYeimTH7p1xntL337Gh+dEgegHM/8A1lEniUCcP4P+5+MDmH3A/APfp3dWWUCQAPpsukMNJVfM3JnH5N1aLhWOsZ6+A1HG4vrsqmQo0pZ4NQuEMthEtbOtInYnd7pgZ3jzIJPMqEYfwfVzyYHfcDcI/+XV0ZZaF2ppEAABQASURBVALAg5kymS8eYqoncbUmukpP67LM3uXPn1FVOGpy6k6yqdTyi1asEyPLE8/Jqom+05HG4prSm4TBP5RJ4FEmDOP/uOPB6LgfgHv07+rKKBMAHoyUiYlXwOcScfsZW8poqG1gtqCVyXQomlneRJzrifZMqcXMScpkE1AmgUeZMIz/444Ho+N+AO7Rv6sro0wAeDBWJsVzF8XzJIXS+ZPQ3b5rcGtkxSFpKJxMT2llUijfnSWXau0v/rCLRiiTTUCZBB5lwjD+jzsejI77AbhH/66ujDIB4MFwmUSWU2EmW0uZTC2/6t3W0xKzfrHJyjIpzOebjsWtXcQzOftkSVvUuhhu7pzp7aRM/EeZBB5lwjD+jzsejI77AbhH/66ujDIB4MFImRSmhuKJlJqp0k+bbHePWpOd5AfQdkGZBB5lwjD+jzsejI77AbhH/66ujDIB4MFMmQA2yiTwKBOG8X/c8WB03A/APfp3dWWUCQAPlAkMokwCjzJhGP/HHQ9Gx/0A3KN/V1dGmQDwQJnAIMok8CgThvF/3PFgdNwPwD36d3VllAkAD5QJDKJMAo8yYRj/xx0Pa87Vm3++dO019/r1jPsBuEf/rq6MMgHggTKBQZRJ4FEmDOP/uONhzZFvtG9uXXWvX8+4H4B79O/qyigTAB4oExhEmQQeZcIw/o87HtacJcoEwFZAmcAgyiTwKBOG8X/c8VBpbt3+Tv9+W1r66KuX3Vt6jPsBuEffR2WUCQAPlAkMokwCz2iZdKVPNZQ59PDDL//q38ovyja/fut3e/bskYvHW1rf+t3/Wd7aVn5vLSdjsmbvvn2/X7js3hezreav//WN9kXy+dXr99138Hv3P/B/v/rGvX29jTseKs3tO7f077elpWpfcOJ+AO7R91EZZQLAA2UCgyiTwNv0MlFZorz+1u+cZcW5q4n8eWfl9w9ZN2S281y+8l9PpdI/e+VXMmpNpi/7zI/+p8zTc898+fVN903qatzxUGkufvWLP339hox8o/3t9g21/MvLafeWHuN+AO7Rv6sro0wAeKBMYBBlEnhGy0TNPffcK4millWZOFd9/JfPyy+qUT3zv//jvfKVcqz5+dXrsvCHP3/qvgmz3Ua+cuRrqXzNoYcfUQsPff/Q8//zBfdN6mrc8bDmLPE6EwBbAWUCgyiTwNuUMlHUyp22fwgfdf4/96ploka2GRmf2rdvv/sqZluNfHnce+CAfJ0MnhtbtJ/c9VQqra5qOdnmfL3V7bjjYc1ZWrpz7b8/d69fz7gfgHv07+rKKBMAHigTGESZBN6ml8nM3DPqYnvyKbWNR5m89P+9umfPnkxf1n0Vs63myrXv/tev//3d9y4euO++T/7vf16+8l/O15gsNDY1u29SV+OOB6PjfgDu0b+rK6NMAHigTGAQZRJ4m1Im7m1+v3BZ1v/uwgeLlcvk57/4X7K+53Sv++bMtp2/fLHYNzAoC06NyEL9f5G448HouB+Ae/Tv6sooEwAeKBMYRJkE3uaWSfnbKDk1UqlM9uzZkxsa2RLvvMT4Nn/69K9TT88ulr3O5IEHHgzk60xqGfcDcI/+XV0ZZQLAA2UCgyiTwNuUMlEOPfyw5IdzcefOneqlJquWiWzsbCk+/svn7h0x22fmnv3Rz17+5bvvXdy7b5+K1ezZIfXeXLIQpPfm2pBxPwD36N/VlVEmADxQJjCIMgk8H8qEYRht3PFgdNwPwD36d3VllAkAD5QJDKJMAo8yYRj/xx0PRsf9ANyjf1dXRpkA8ECZwCDKJPAoE4bxf9zxYHTcD8A9+nd1ZZQJAA+UCQyiTAKPMmEY/8cdD0bH/QDco39XV0aZAPBAmcAgyiTwKBOG8X/c8WB03A/APfp3dWWUCQAPlAkM2vAySafT+lpsKsqEYfwfdzwYHfcDcI/+XV0ZZQLAA2UCgza2TAr2cXB/f7++FpuHMmEY/8cdD+bmnxda3Q/APfp3dWWUCQAPlAkMMlEmp06dSqfTc3Nz+nXYDJQJw/g/z1064k4IQ/PR4m/dD8A9+nd1ZZQJAA+UCQza8DIplA6FxRzqwKxNsuTpp5+empoaGRnJZrPd3d0dHR368Uhl7qMchmG21ujf1ZVRJgA8UCYwyESZFMriBJvO6RM5wpDjjNHR0YGBgXQ6nUwm9eORytxHOQzDbK3Rv6sro0wAeKBMYJChMkH9UIcUPJuLYbb56N/VlVEmADxQJjCIMgk8yoRhmEXKBMAGoUxgEGUSeJQJwzCLlAmADUKZwKDJyUnKJNgoE4ZhFikTABuEMoFPKJNAokwYhlmkTABsEMoEPqFMAokyYRhmkTIBsEHMlkk4HAu5Rt8I2wNlEkiUCcMwi5QJgA1iskxGTkuHtCZScWda2kPhDn2zKsznR/rDEStvoolMbkq/2kMqGssMT/SdOx8KxxND+rUbIhTp1FehDGUSSJQJwzCLlAmADWKyTLIp7QzJcGd7KJrp6+zJ3dUhaF8iLnfY1nmmN5MJRzozM/oGHiKlRxKKtHeOrLxug4QiXfoqlKFMAokyYRhmkTIBsEFMlUn+dKf13K1I+/IJk4QVKslzEgnJdDWnO4qmzoRO9lcTIyvUdq6morCZuw0kyiSQKBOGYRYpEwAbxFSZWKdHpExiA+UrZU1O/oxmxsrXrs9Yd4dUjVtfMil3Gzme7p2YU2tC0TPpeNJ60tfR9rz8rDs/lDppbaNO4EiipMatzfKDmbJXv6QKhVwonivda66p296okEucLbQ2x0MtfXJhbiLX2Ghtnxm19pVNdKibW9dZ95xSN5a9R45KlcUHrd1b2sKxqf4e2TJc9ji3G8okkCgThmEWKRMAG8RUmaz62nerDcYzqwbGmlLRmLtnpnqSyXPqx9lUT0ssZy+qArHNhJp61JJzzqRUJudDzaftFSPJJrX96mUSCsdLK5fJR6e2LT8Vo8okl4g7TzNLNMbUySEpkz61cqjHeV7ZdkOZBBJlwjDMImUCYIOYKZP5IXeTWHOyX/pB33h95IZZfV0hcbTs3sYz0VPThbJzF+XLrjKZDkUz9oo1yqS0YMsPNzVZr3WRabMfjbtMouXhkU0lzlr/bVtemStb3l4ok0DakDIBsH1QJgA8GCmTmV77RSaukXI4cbfH5cOdq7xyvYYysc57TMzM5To7QhF11VplMny6MRJLD4zkp6ebKJPqUSaBRJkAqAplAsCDkTJpczWJmpnCfOhkv771es2EwvETPaPlq6ZOJRNn3c/mWleZxBu1p2mNh06cUU++Gkt1uMskFY2VTrPMe5wzyXXEe0qv7y9/NldpK8pklaFMti7KBEBVKBMAHoyUSfxobNVXeef7unqssxp3az4/kukp/j6Tpwbz9rrBHustvyLH05nR4ss71lkmndFSMkXiU/aPxMHuzsbiK9fH3WUie892Wq+kb0oMJJuKZTLVn5Y1PZPqnov76k0m1f1kJ5dfAa8WKJNVhzLZuigTAFWhTAB4MFImMznreH3VmdW33STz4+FoqrdvQCadTIY7zPzyRZShTAKJMgFQFcoEgAcjZVL/sonYsHNhfryG55hhvSiTQKJMAFSFMgHgYdUy+ed/fklliSzs0G8REPNtx6132Qof64gmzuhXwgDKJJAoE8B/l2+8+8zHh575+Pum52d/Oanvu2aUCQAPq5ZJ+ezQbwHcFcokkCgTwH/PXzrirghDIxWk7742lAkAD5QJfEKZBBJlAvjP3Q8m55C++9pQJgA8UCbwCWUSSJQJ4D9XPJgdffe1oUwAeKBM4BPKJJAoE8B/7ngwOvrua0OZAPBAmcAnlEkgUSaA/9zxYHT03deGMgHggTKBTyiTQKJMAP+548Ho6LuvDWUCwANlAp9QJoFEmQD+c8eD0dF3XxvKBIAHygQ+oUwCiTIB/OeOB6Oj7742lAkAD5QJfEKZBBJlAvjPHQ9GR999bSgTAB4oE/iEMgkkygTwnzsejI6++9pQJgA8WGVynjKBed5lMkOZbE2UCeA/dzwYHX33taFMAHiwy8Q6MnQfLlIm2Ehrl8nMrH4b1D3KBPCfOx7WnKs3/3zp2mvu9esZffe1oUwAeHjafioXZQLjPMrkvPUlODtDmWxBlAngP3c8rDlyq29uXXWvX8/ou68NZQLAg/eLTM5TJtgoa5WJddpkbo5/nLYYygTwnzse1pwlygRA3ZPjQMoEPlm7TOw4OT87p98SdYwyAfznjodKc+v2d/qNl5Y++upl95Yeo9++NpQJgFXJEeCaWXKeMsFG8S4TNXafWE/rUi87Yep/8k+fl5nOz0xO5cfGJweHzvWe6e/sSsXbO/Tjkbp37733NjQ0aCsvXrzoXumQq5577jl9LbaI+++/31n+4IMP9uzZc+jQoVu3bpVtUqfc8VBpbt9Z5cOp9gUn+u1rIz8f5KeE/KyQnxgTk9Py00P9GHH/eGEYZpuMOvDzfksuZ3boB5jAXVlPmZx3Tp6UJQpTz/O0HE/IUUV+ZmoqPz4+OTR07syZ/q6uVHt9lMlnn30WjUa/+eYb/YrVrFomcpw6PDysrXRQJlvXK6+8snv3bueiLL/33nv5fH5kZOTOnTtlG9YjdzxUmotf/eJPX78hI7f62+0bavmXl9PuLT1G331t5OeD/JSQnxXyE2Nyclp+eqgfI+4fLwzDbIuxg8T7Ve/ls0M/wATuyjrLhNlao36syFHF9PTTExNTw8MjfX3Zrq7uRGJjyqS/v1+O/p988slvv/1WAkOW33333Z07d/74xz9W/297YWFh3759sn5oaGjJPsXx0EMPXb58+dChQ7/+9a/VVSKTycj2hw8flts++OCDn376qbOLa9eu7dmz5/jx406ZyILcw29+8xvZ2DlnUr737u7uxcXFpbIy+fDDD2X5+vXrzt2inkl7vPbaa1Kt+hX23778petr64w7Htacpbp5nYn8fJCfEvKzQn5iTE3lnSZx/3hhGIZxzw79ABO4K5RJIMdomagqkIPIN96w/o+vaoNTp0598MEHsiDtISUgC5IQV65ckbqQjFE3ERIPn3/+edSmzpnIwrFjx77++utLly7dvHnT2cvu3bubm5sXFhbUDZdKJ0/uueeec+fOaWUSi8XUlnLtkl0mr7766hdffCEL8qdzn9gS3GVy9erVgJ0zcWZp6c61//7cvX49o+++NpQJwzC1zA79ABO4K5RJIMdomSzYDfDzn/9cXVRtoE53yIIUhTpToa5ta2s7cuSICglZUCvLyyQej+/atSuXy6mrHLL9hQsXZGHv3r1Omcg9SNgslb3ORO1d/d/0BptaeOWVV1paWg4ePFh+n9gS3GWSzWa3RGG648Ho6LuvDWXCMEwts0M/wATuCmUSyDFaJkv265J37twpAfCNTRa+/PLLpVIbvPnmm6oQRCaTUc/DabCfu6VWlpeJGBwc3LNnj2zw+9//Xq1Zsu/qypUrsvDII4+oe5P7ce5BK5PyvTsLQm7i3CG2Cq1Mnn322ffee698Td1yx4PR0XdfG8qEYZhaZod+gAncFcokkGO0TD755JPPP//8zp07DfbJCtUG3d3dv/nNb2Th8OHDao3zbK50Oq2VSTweP3jw4DvvvLOwsPDCCy+ol6bImvKXra/6bK71l4m6K9l7Npt17hNbQnmZSJZ89NFHZVfWNXc8GB1997WhTBiGqWV26AeYwF2hTAI5RstEVYHinDNRp1DUi+CX7Mxwtvniiy+0MpEaUVfJGjkMdbYsP2fS2tqqVu7fv7/hbsskl8vJQ3LuE1uCUyZSvxKo/1bywQcfrNyw7rjjwejou68NZcIwTC2zQz/ABO4KZRLIMVommvI2ALYzdzwYHX33taFMGIapZXboB5jAXaFMAjmUCeA/dzwYHX33taFMGIapZXboB5jAXaFMAjmUCeA/dzwYHX33taFMGIapZXboB5jAXaFMAjl+lgkAxR0PRkfffW0oE4Zhapkd+gEmcFcok0AOZQL4zx0PRkfffW0oE4Zhapkd+gHmOszm0qFwbOWk8mPj+nbYTiiTQA5lAvjPHQ8m55C++9pQJgzD1DI79APMdRjr7nCXiayMJHL6ptg2KJNADmUC+O/5S0dc/WBqLt94V999bSgThmFqmR36AeY6VCoTWZjRt8V2QZkEcigTwH9SC898fMhdERs+P/vLSX3fNaNMGIapZXboB5jr4FEmdx8n45lI/Exv30BvJnP3d4LNQ5kEcigTAFWhTBiGqWV26AeY67BamcTiiZSazoFp/QbrMZ5p6i69UmUs05SeWHFtbcLhDn0VNhplEsihTABUhTJhGKaW2aEfYK7DqmXizHJgVKW8TMaXyyQdT8p9tnYP5+eti6loLJ87be0oEu+btFdZ5qPRuFVHfaWeyaZyhbnGo7HoqZFsovho+8ruMBJNzpVujA1BmQRyKBMAVaFMGIapZXboB5jrYLZM5maaIsVnc+U64n320lSP5ER7wS6T9FTxFtFIzL7uTDRsL8jiqWTirJ0r2VSoMVXcrlAIOedMxjNtWWc1NhJlEsihTABUhTJhGKaW2aEfYK6DoTJx7iGaHFDrEkeLyWF1i50f1jmT0i0yJ2O5QiF/KrkcHvO5cMeQtZBNtZ45X9qwrEzmh0LNy8WCDUSZBHIoEwBVoUwYhqlldugHmOtgqEyKN5zpD8eKZRINx/LT084U7DJxbjGW6uizz6uEwk5sjIda+qx0yaZSZY9iuUws8+lkMhThlScbjDIJ5FAmAKpCmTAMU8vs0A8w18FsmRQKyebYsP2cLKmO1JjzYhKLlImTHOosSmGqr/i0LvvZXPFc8dlclcvEoqoGG4gyCeRQJgCqQpkwDFPL/P9j0ETNoaA6uQAAAABJRU5ErkJggg==" alt="Screenshot" width="100%" ></p>
<p><img src="data:image/png;base64,iVBORw0KGgoAAAANSUhEUgAABDMAAAIGCAIAAADGMlPIAACAAElEQVR4Xuy9iXsj1Z2/O//Kvc9z783c+3vu8wyZJGRhMlF30/RKr3Gz9I5astqWV8myWpYlW/Ii2bJlW5ZkbcUSEmCAJBMGkkkmF8IMEIYkM0AYwpIdEmhCIDRbh/b9Vh2pVDrHKlutKtkuf97n83RXnTq1aLF8Xp9zSn/zv2dfQRAEQRAEQRCkTl7+37KvCoWVZLgSqvkyX6fhaM6YUY7GzrLEX0Za+lq2dGfh9juK0u0lSknajPy7wkI69zfCE4EgCIIgCIIgiJp1NROWlczk2qVnLWAm5CT/qfCjHz3+N/xGAK4K0ly+CAAAAABg80OtfWr3F6Q7sqU7stKdi6W7Fkp3z5XuTpa+QZmV7kmUvjFdume6dO9U6d64kljx3hj9W7pvsib/VD/VajGWIh3tPvloRfnICTpL8RszdLrS15Olr8+X7k5Jdy+Slkh35aQ7ixKZiXydmxGmJYy/4TcCcFXATAAAAABgSUolMhPKHbnSHUvSnSQDaelrKelrpAdMUeYUWyiLiuIqMyVZJBL0L0WSo6iLXli18i4lkpB76DizlWPS8efk3L0gfZ1Omip9ja4hXbpzqXRHXrqjIHeYwEwAqAAzAQAAAIBVUbpNpILcc3I7mUCO/IRZSkkWFUqGdKV0Z7okS4viDPLCYumuxdLX5Ehri1yZdlEOov4r585MST6LHLIRSU5ONiX5egqlzTqOiwEzAcYDMwEAAACAVaF2f3lMV4n8RO6jkP2kdHuudIdsCJLcd0GRdUUxFhbZW2R10aYiGHwqFZRdykdQDsgUKFeO3G8jd5LcLl9DkRZKt2/ecVwMmAkwHpgJAAAAAKwN8xMlsg8U5X8VV5Ej913IUfpVFHspR5kEstZodqwcqnxkdhZ2UrkDR+4nYRezqb0EZgLMAGYCAAAAgK2DbCliyt5idIQTWQmYCTAemAkAAAAAAIcoFatmqwEzAcYDMwEAAAAAAI0CMwHGAzPZ7GQK0kKuNG9E6FAAAAAAAGsBZgKMB2ayqUnnJVEwmgkdEAAAAABgVZo1k0JJml8qTaWLU4tK0mpKfDJypjOlpSJ/EGAxYCablGLJYCfRprj1BssCAAAAoCGaMpNcQfo7V+oaynklHYvXdFbiTl/TJefT7oUbg0sHg0uf7lm8pjdzTW/2mr7s8DzsxMrATDYj8l8ZBJ0wPPxZAQAAAAAqNGUmruiSvpn8vXthz4V0uiDliqUdAynVTK7pz/LHMoibbrl13/4DFH6DobBTmH2WzQvMZNNRLBk2sUQ/6DkBAAAAQD2aMpO/a1/QMZPPuOdD88VsZf5rulDSmolJ82K/sm3H3336MxR+g6GwU5h9ls1L82bi9QW1CSdZ8RxXbpbgbjB2OaN8kdGICmFe+HMDAAAAACiYaCaHghnSEvVOzNlaMzFptgnMZCPQvJnYHR5nx0A5Lk//JCuO253eSrnX4fTM1+61AvO+o70zfKEkOXcf5ouapm334V2VtJ3oyBjXAjfbTFozjktNwbhnBgAAAABWwiwzORRMZzUNkGJJ6p4uaM0kBzOxLkaYyWB1ZTJYNRNvvFK6EHSvyUzOnD2862g/V2yOmRzXrjoPHR436J5UTZlJaSTCF/GI8rD2zC0VryIlAMDWgP+4AQAAXUwxkxu8qZSmaUofTYMzBe0MeJiJtdlQZuKdl3IhR3dtx0kLzISucNfZUG3JVdKEmRQzF24zz0xE5ejzpT/lW6KFZLagkyIAwFrwRqKB/8QBAID6mGImbeGcdhpJoSjdMDCvaAnMZEuw0cxEknJctwlnJhGva9fuw3sPnbL7Y6zEfaCmgnPv4YOaUWEkIX3lqS9VBDORdt3kYwttu11SKXt0vzzQ62jvFCtMRX32W2+hkoPHznDzwlMj/Xv3lkeFSVozibo4zeAeSMzfcfzYMdrxxiOn5vLSjfuqA8zq2Y3OUK5oKPMpt5zrBpcupPmtopaQcvT5Fj/ly4oqwiVXAABYDR1L4T93AACgDuaYyUh+dqlmhsl1vTCTLYQRZjIQHY+Vc8FfNZPucKV8rL9j7WbCd5toG/TOg4dn1XdjLnqja5z+L4YcQc1YrBudrjO7b1ErrdiJIZhJVu0zoU03Oke02yLOY8FUdZWuYa6yPO465tVoj/PgsTWayfG9h8XJLXPe4/p9Jjrfq0hmEmXLE1nyk3pawmRjNpOfTed6vAv/lzedWFzSz1w6BwCwGPkKqqhATgBYL+yOoNyaWTPZeNju8ARqB5h0t3u98dqB6QsR1iRzdI2t3ga7Kow0ky92zu7omfl8Z/LarrmeqdJCrion6Xzpuj4mJ3XN5NbjJ1hzf2x8XG36U+wOJ33AqdW279ip3UrZtWevulU0k2v+/rOs5Ev/8OVkMvm5z3+Rre7df+OnP/M59SDbtl+v7kL09PZxZzl1+oy6VS1kq/SZq62Jj+DmzcQwKmZCnNmrsZFqgz52Y0e5n6S8qVwte6O7Uk4+UJKb+GV5mOkPZMpbtHBm4r358GzljdAmDB5Tu1Mq5Ehj2Lt81wF3zZZSdE1mkgmeCa/wtK9qJjo3C66YSfHWvsw1F3Ks8FQoF17IhyOZWxKykyQm0v9vRyo8k+kaTU0tZNx9s/9n71wsOf+/epKxZKpe4snUIgDAQqQVMgpLS0tMVDg/4T99AACm0aiZ2B1DfNGKVMzEPAwzk8+cn+uJF0bmCl2TS591p74aXoqmpHyxKieO8aU1mslnr/0CZwV79u5ndc45nNwmlo7OcmOOM5MB36Bah7SESlQzEc/S6e5ie5G0cJtYJibKr4ZawlYPHT6qlhw8xLdBtyAb00y03SbVBn3Sa69tuQdOlDftOtI/qyxEnErJbD87VFVRaqmaSak44nXtOiQPxKps4t4VSe3YMMauvR3sQ0SYnbKwJjOJuLSdPCqrmokoJFozYaO59o/kpiuFla6S3HWhHJmJs2/h//Glp1PZ+Hw6NrfY0T39f3TPnu+eCibmxxNzOpkHAFiLlALzkyUFJieqmUBOAGgZjZtJkC9akU1kJu0ThXxFNsYWCp/tSh1V5GQ+J7GPIu6uwTpmorTvj9xmP6e1AqoQiUS1JVwmY/JfuLVmovaWUGZmyg1B1Uwon//idafPnNUehLsMMaz3Rruq1ZL9Nx5UH85WZmOaiaTpNqk26KPyDBMuTDzcBw4fvyB/Y8quvS5Wd9fxC/K+mr4XLWQmmUxWCf/whYFeUXE42K7dx5VLXWjzLvCb1mAm9XxpVTNZQ59JaT69tLMymuvsYPqanvSnOhevHcomFpe+0J7cFVok0/j2w9/96OOPlwEAW5uPP/74e9/7HhMVUpRcTp5Wpvac8B9AAIAaiqwZkZ4M9k7IbQm3LxKdSc1Egq4h+Zd8h2PQNxz0hWMzaWnc67F7Ii5vJBqnZkPaOxybWcxEfAMBZUB42UzmI06fOkFXQzwcmppLxkbt/TGpmKMz2h1D9C9tocMG3d7IeKwgn678tQ0dTs/kXCY6FHC4vKzE7o5omldSaiTg8ic0BUSxY0iYkrsGDDMTd7yU1vzJdixV+Gy3LCfdU6XZrJQpSAMzxTWaSV+/Ry1UG/1z8/NaQxArfPozn6NVW8VMtJmamlbrq2ZC3sJKEomE9rDq8mev/YK6167de1kheYi2jjb5/Ep/st6SNG8mhs8zqSBPhZ8tacxkptwTIlIMOeSBVaWqRXQfkffadWLlvysI+lFF2KTTZ5IVJrFoSgQzOVN5INzEGJVVzWRN80wWlv5RMZNIKN3H5pZksp8LZKYWMic6pj/VnXjxpZf55gkAYAvzyiuvzM7OLiwskJxww7r4zyAAAE/J3s6PrSITkBRV6Bgu//lSNhOn2CBZYBVkM5kfs3eN8dtrUbtK1AU67Hjlx7RsJqWYK1j5m+lseEUzkSnOOXxlOUkGB+2doZqta8YwM7klnJ/OyN9bwiiUpCND6S/1LRwKLV1IlqIp6fBwdo1mkkxW//irtvvn5ubU5S9/ZZta4Qtf+ge1XNL0mai59gtfUitLGjO5/oZdaqH2COrybfZzagW1u+ZL//BlbR012rkuwAgzMfbeXFXsBw4f7Z2pmkkpeiZU52ozweO7b2GTTBizvbcUpazYp8EQ9KOKuEn4ihXNPJMj3KZYjZnU/lq/UX0g876rm2eyVNAzkwsLhcmFwqHezKe6s1QyF8vsG8slMvnT/anPXViMzy1GglP/99lJvlUCANjyPPLII/SLO51OLy0tsTnxMBMA1sRUqH+y/As96PU7z3vtDo9qJupgKtlMlEKFYn/XgLPdY6+oi93hdbg8vkSdn7hs0tWhHHYlM1HbTeXTaUdwVZZXMBNJCrg9SkumSFoyma1z6tUwzEw+7Zq7LVqcyUrql7uTnOz3L17TtfiZrrnPdK1+b65bbi2byeJiWi1Um/5JjZns2VeedkKQYKjl0kpmou36INTpJdqDaI+gLnf39KoVSJZYIeuZ4U5BuWH3HrUy2MhmQg4QcXz1zLFKg165L5Z4SysGqYj3pmpNkgS3t79mvrwGUT9UxE3jrmOsv5WhvTdX8OzhiOb5q7k3l7SonYWSichD0dTVm1e6Nxdd8nn1A6UOopPUi3ozrtl0bnohMzEzPzI5PTwW45skAIAtz0cffZRIJBYWFrLZrHbCCf8BBADQMOnz2l1lSQj3eNQGsb6ZuB3qaKPpap+JJPk7PWKDLD7otbeH2PKazKQU6wilykXzemYiKXJy1b0lDMPMhPKPPenIgqT9jsXueO4L3XPXdGeu6WFaYoyZfOZzn1craO+vJWnMRDufZHx8Qq2/djO58eAhtYK7q5sVbt+xU1tHm6WlJbX+Fmdjmwm5yYi2QS8lg7sOnRmnhvbC1PhI6Og+jUXE3DdWJpkwbjzwVeGdW0bUD5UVNpUWd+39apvDl8lkB7vO7L1V00+Sm9q173hsVh5rGvS6bh5Masd3kX54R6ZSmWxs5MKu3cfsmgeSm+yhB+L2jyg79lSmvi3sOngblcSmF9WaHKKBrBjtbYJn0rn4fHo8MReeiA9FxvkmCQAALC9PTU3Nz8+rA7qYmUBOANDB4fBWO0zcngJbKiX0zaRDNZN4SGsmJBLukWqjmiHv2BFWFtNrMhMpo55ofnhQ30yk4txV95YwjDSTT59fGEuVlsrPokx4vrC9b9YoMzl56rS6+vkvXjc0FNTeX6vddV7SzDOh5c9/8UvqVlVOVjWTL/3DP6qrO66/YdDvP3joiFoyNS1PWdHW195fePv1sreADWQmYA3oTDURzYR9e0licSk2txidmiEtGQyN8u0RAABYXp6YmJidnU2n5S8wIjnBVBMAVmEyqIywUkINnlLa4ZSXveMpfTORFmNsr2iqWGMmSifGPP8zl5seDlDl3uGZjjWZiZRLRKi+qz8ynUuuYiZNY5yZuBaCyUJR84mTLUj7Lixe05UyykwkjVdw+cKX/oHV5+4aPDM7q9aJROU/PK9qJtpVLjceKPeicPX7PV61BHIiGWEm1envSmbK74gMV66xYNAUooeIqQ7lyuSnU9nJ2YXRWOJCOOodCvHtEQAAWF4eGxtLJBKpVIrdQRhmAgBYFcPM5Ct9qVS++nFDnzwj88VPy1qSNtBMkskkZwss9MHH6ovftPjF677MSv7+s9eOjI6uxUwCgaHPf/E67hSf/szn1C985OpLtXcozii3XdvKNG8moMUs5nkPESOaycjklD8U8VwY5tsjAACwvByJRKanp2EmAKwv88OD1a6Y6oyUDYphZtKfKKnfZ1IkLVkoftqduqYrvXYzaYhINHq+o3NsrKGvkWmYUDjc6e7yXwjwG4AuMJPNSKG0Ss8JN/19fGY+PBH3BUf6/EN8ewQAAJaXR0dH2VSTbDbLvtgEZgIA0McwM7GPF2ezJXKSQlEKzxU/3bkoa0l9M1Fv4QWsB8xkk1LUlRPRTELjsYGhUK/vAt8eAQCA5eVwOByPx2EmAIC105SZfPZ8SjWTL/enh+bkL1VMZKXDF9LXuBUtgZlsSWAmm5ds/a83gZkAABoCZgIAaJSmzIQaMdp7c32ma/ELPem/dy9e07mobybd05i6bGVgJpudTEFa0DWTKTKTxByZiRdmAgCog2ommUwGZgIAWAtNmYmkDP+YThenFitJqynxyZTT5AwTsPGBmVgS1qSgtkU+n6d2BrU2qM1BLY8LF2AmAIAVgJkAABqlWTMBQARmYklgJgCAhoCZAAAaBWYCjAdmYklgJgCAhoCZAAAaBWYCjAdmYklgJgCAhoCZAAAaBWYCjAdmYklgJgBsKT755BO+qEFgJgCARoGZAOOBmVgSmAkAW4cf/ehHw8PDH3zwAVv91re+Rasff/xxba1VgJkAABoFZgKMB2ZiSWAmAGwdmIrcddddtPzRRx8NK3z44Yd8PV1gJgCARoGZAOOBmVgSmAkAW4r777+fbIR+xq9OS5ZhJgCAxoGZAOOBmVgSmAkAW43FxUWmJe+++y6/bQ3ATAAAjQIzAcYDM7EkMBMAthTqIC7innvu4TevAZgJAKBRYCbAeGAmlgRmAsDW4eOPP2ZO8s4777BhXfQvX2k1YCYAgEaBmQDjgZlYEpgJAFuHxx9/fFgzt4RNiG/0PsIwEwBAo8BMgPHATCwJzASArcOVK1fuvfdedfXy5cvf/va3NdvXBMwEANAoMBNgPDATSwIzAQA0BMwEANAoNWZCDUoEQZAVM7+4RJlLZZPz6enZhYl4IjQ6NjA41Ns/wLdHAABgeZk+H+hTgj4r6BNjZm6RPj3Yx4j48YIgCMJSYya8tgCwZhYXF8cr0Bsrny8iFksuV6AsLeUzmaVUKj0zkxwfnxwaGvb5Bvn2CAAALC/T5wN9StBnBX1ipNNZ+vRgHyPixwuCIAgLzAQYg6olMBOrBmYCAGgImAmCII0GZgKMAWZi+cBMAAANATNBEKTRwEyAMcBMLB+YCQCgIWAmCII0GpgJMAaYieUDMwEANATMBEGQRgMzAcYAM7F8YCYAgIaAmSAbMIOJ/N+6M5/awqGH/yVvlntaTkanDocnWpmxhYz46uRhJsAoYCaWD8wEANAQMBNkA0ZsqW/NaOWk9VrCIr46eZgJMAqYieUDMwEANATMBNmAEdvoWzbqcyI6Q2sivjp5mAkwCpiJ5QMzAQA0BMwE2YARG+hbNupzIjpDayK+OnmYCTAKmInlAzMBADQEzATZgBEb6Fs26nMiOkNrIr46eZgJMAqYieUDMwEANATMBNmAERvoWzbqcyI6Q2sivjp5mAkwCpiJ5QMzAQA0BMwE2YARG+hbNupzIjpDayK+OnmYCTAKmInlAzMBADQEzATZgBEb6Fs26nMiOkNrIr46eZgJMAqYieUDMwEANATMBNmAERvoWzbqcyI6Q2sivjp5mAkwCpiJ5QMzAQA0BMwE2YARG+jrGClTEAvrRZJKYiFLb0YSC1eN+pyIztCaiK9OHmYCjAJmYvnATAAADQEzQTZgxAa6mp1TpdRC4XAody5RPCxsLSdWVw+uIhvfTE5Gp3KFYtdUMpbOilubjPjq5GEmwChgJpYPzAQA0BAwE2QDRmygq6H2/U6hsDZZd/pqHKBeNr6ZuOPJ6EJGLDck4quTh5kAo4CZWD4wEwBAQ8BMkA0YsYGuZud0KTmb05YM5ST3yNKXL+SkUtkKVnSAc8niHl8mmpekbK1pXCgkZ/NfHsp5J7KshKrcEsr1TueZAlHz6czw0pnZEpWzCpMlKZ8tfnkoL7FL9eTDBfkaqI5qJlRSOUVhepq7qhztyC6490LNRYpRnxPRGdScjE4tFWoqtI3EhpKp3um5dL5AW7XqwmoOzy1OLGbsEwluRzHiq5OHmQCjgJlYPjATAEBDwEyQDRixga7NtRfy2ZLcqrlWWZUK5fqkKGxhRTMpZ7oqD5XkyRDafOpqWSTUVExG1g+1hJ2aFIX+PTEvqdewFjOh+ieUBbrgVTtk1OdEdAZtSEXmlvKiZoTnF7umkrSQUzZ5Z+bJWNTVw4qiDM4uiAdUI746eZgJMAqYieUDMwEANATMBNmAERvofDw5V0oaCsvL2nYO27qimZybLeUVnxHMRN5Epbd4lNXRIm8mZXlQzSTHnZFO15CZyPVVDDITlnS+cNt4ghbo32yhWCqRc0nMTDLKESYWM+2TM7Qgb1S2UvwwE7BewEwsH5gJAKAhYCbIBozYQF8hQ8XpKXlBNI2VzKSQnc/TQtuc2GdSDtmF0pWRk9I1tiCYSUYqFs8xjVFybbUfJiuaybXxEj+aK1byD1V314/6nIjOIGYslXHHZQ9RO08mF7PMTAZmFkYX0mp5KldoG4mJRxAjvjp5mAkwCpiJ5QMzAQA0BMwE2YARG+hq/OnSmVDulonidEE6oejBUE7yT+QOh3LuufKOJ+Ylbzi7UyMPbGrHtReWlGFgtWYSKbrHlvaMFqRsgU0sYfNM3HOFM8qqaCbyPJNckc7onS/PM4kWJffo0plEVXtci5J/bOnwWDFZkHgzoYsplNgF+8e1F7lC1OdEdAY13pn54FyqeyqZL5aYb5B4kJCQqFAJMxPWi7KYK7BdhucWpzJLvdNzgWTq7Pi0eEw14quTh5kAo4CZWD4wEwBAQ8BMkA0YsYG+ZaM+J6IztCbiq5OHmQCjgJlYPjATAEBDwEyQDRixgb5loz4nojO0JuKrk4eZAKOAmVg+MBMAQEPATJANGLGBvmWjPieiM7Qm4quTh5kAo4CZWD6Gm8lf/vIXm8324Ycf8htW4s0336TKfGktVGHfvn18qcCTTz559OjR7du3U/0TJ048++yzly9f5ittYOgZoyt/4YUX+A0GQQe/8847+VIAGgdmgmzAiA30LRv1ORGdoTURX508zAQYBczE8jHWTK5cuZJIJKgRnMlk+G0rYYiZvPPOOzaFwcHBXC53//3333zzzbSaTCb5qo1DjygajdJ18htMYOfOneR1fGnjkN6Iz1hbW9vPf/5zrhCAqwBmgmzAiA30LRv1ORGdoTURX508zAQYBczE8jHWTH7/+99TC7i3t/fkyZP8tpUwxEx6enqoziOPPKItfOCBB373u99pS66Ot99++9SpU60xE6N48MEHV31WAbhqYCbIBozYQN+yUZ8T0RlaE/HVycNMgFHATCwfY82kv7+f2sTvvvsu/buWwVTNm8mzzz5LFZ5//nl+g0EsLCzQ8TeXmRw+fHjVZxWAqwZmgmzAiA30LRv1ORGdoTURX508zAQYBczE8jHWTPbs2cPaxPTvyy+/zG9WZlO0t7fT1jNnzvzLv/wLcxiuTjweP3LkCJVHo9FlXTMh+QmFQuIRtFy6dIkq0L/aQrfbzfnG448/fvDgQSq86aab6LxMq+677z6bBroMdR7IlStX6Drb2tpsymN5//331UMRkUiEXRUddufOnbt37yZno12o5Omnn6ZV2nr69GluNo72ktgRtGjPTpdHF0mXSuW33nqr9oEwOVSh47ByWn7sscfUagRdM70W7GLoaOzyVOh0rNMpm81u27aNqlHlNU4fAtYGZoJswIgN9C0b9TkRnaE1EV+dPMwEGAXMxPIx0EwuXrzI2ri07PV6qSHLzZp4/fXXqcJtt91GCw899JDT6WQGolagxjFrBM/MzFBrO5lM0qqtvpn8+Mc/vv766wOBAL9Bw6pmQq3tgYGB7du3U8P9jTfeyGQy1NZ/4oknWE1mCFyfCZvlT2Jw++2302MZGhqi1R/+8IdqBbYXWVNvb++vf/1rOiY9KLrUyclJOjg5GxUyr9D2LIknUjl+/PjJkyfp8tjqgQMH+vr66Dmk+qOjo7TjH/7wB7UyPV3aZ5XBmQldLZXQlf/gBz94/vnn2cVoXy86CF0/aRU9FnqMpVKJdcWspSsMWBuYCbIBIzbQt2a+5M2qz8nJ6JSoDS2I+OrkYSbAKGAmlo+BZtLf33/q1Km33357WZlwYqtYCuPVV189dOgQ2Uh1B7mJI7fp1VUSElIRzfbln/70p7b6ZkL1uQa3yKpmQrvrHGRFM2lrazt9+rS25Pvf/z5Vy+fzbJXtRY9OrUANeirhpt/Yan1GPBGDHZzr09By9OhReirU1bWYCa0+8MADmu3LnZ2d9LjohWOrdBBSKdXQGLTXgw8+qC0BWxCYCbIBM5jI/63QTN9S+dtaLWFpvZyMLVQ7bbSBmQBjgJlYPgaayYEDB9SmOTWjqRVLLV116yOPPEIl9913n1pCPProo9o2tMPh4NruzCvqmQkTgHpSwVjVTJ5//vm9e/dms1ltBZUVzYT0iXsgrBeFxIytsr24Sfk24ZZldF7tnXzFEzFIPDij46DzqqO2ltdgJuxqL168qK3wve99TysedBB6Od59911tHSrErYcBzARBkEYDMwHGADOxfIwyk7fffttW+zUm1FzWlgQCAVpVxyMxuBnwu3btonedZruMrb6ZTExMaBvcK7KqmRAvvvgirW7fvv1nP/uZttrySmbCej9EhbApsGVxL1aBu1SuoS/usqzcZIxEiOswodW77757cHCQTXSxaeaTLK/BTOhhihXYK0jPDFtdUUJuuukm7YnA1gRmgiBIo4GZAGOAmVg+RpkJm4kuoo4yEiedLwtmYlvp2wBt9c2EDcTSjhkTWYuZML7zne+wa969e/cnn3zCCkXHYAcUFYLty5bFvViFRs2kt7fXJtx5TJ0i8sQTT7Dr5IRhVTNhz1vt9vLjgpmAVYGZIAjSaGAmwBhgJpaPUWZy6NAhn8/3bxq++93vnj59Wh2dxfpM9M1k165dYmvYVt9MXlXmruh/d8razWRZOSD7Fvm7776blYiOwQaqcZ0/yyaYCbsfADfxZlmZDX/gwAFtSaNmQqojVkCfCVgjMBMEQRoNzAQYA8zE8jHETNi8BfH7y19++WVbZUAX+/o/bv70j3/8Y20T+ZSCZrt84yxbfTNZrsyOeP311/kNFZiZcPMlqGUvmoPKfffdp55xRce4/vrr1zLPpEkz6enpOXr06G9/+1u1hCEeh4yuITNhz+qq80xgJmBFYCYIgjQamAkwBpiJ5WOImSQSCe6v+Crbtm1j0+IvX748MTFBq+ptZ69cubJz505tG/qFF16g1VdffVUt6e7u1jeT5YpmPPXUU9pCUgX1RLR1cnJSXX388cdtCiuaCbXaA4HAzTffzFaZUN1xxx3aOg8//DAVar/DhK5BaxHNm8lzzz1nq3OLXvIi7V2/6NpstfNM2Ayf1157TS1ZFs7udDq1LxlzlWw2q05ogZmAesBMEARpNDATYAwwE8vHEDNpa2sLhUJ8qcLJkycdDgdb1n6fyQ9+8IPe3t5jx47ZNGbCfZ9JqVSiVWqI65sJ+xp4Ynh4+P7773/kkUd6enr2ab6X8Pjx49rzbt++/ezZs6oGkKiQh9BetPrrX//61ltvtWlU5JVXXjl06BAZFO375JNPskFcbBL8Tcr3mbxZ+UYR8ftMmjETMge6bHWTFvZVlU888QRVZo5ENbXCkEwm2eOlCs888wwr5M7OBnSR4VCh+uUq3PeZwEzAisBMEARpNM2aSbfTY3dQvPyG1jLu9czzZaClcGZCv4EoWS7ZXCabS2eW6FdUAWw28gq5XC6bzS4uLs7Ozk5MTASDwcHBtZrJikODVFg3iPq3f6p85swZW+U74JeVFnPNDsvL0WiUfR07m9pOrWF9M2Hcdddd+/fvtymcOHGCdEXb4UAPkCnH6dOn33///ceUKeBMA6garbKbXJG00DPwq1/9qnrcZdmXOjo62DWrtkPMz8+zvUgVVvwO+GbMhD0QDrUyvVLsOyjZ97KTVnHC8N5777FvsUylUqzEJpydHjg9LvJAOlQ8Hhe/Ax5mAlaEPh/oU4J+Uuh9mMlk6IeLfYzwHy4AgK1HsVikBiG1DOUojUaWZs1kOhz2+gJOh8frC66QwEQyx++yJkrZZCTsIO1xekPTWX6rAMxk3VnRTFaUE5jJJqV5MwEAbClgJgAAjqIGahBmFDNRG40GmAkjPuhVek5WSP8kX3kN5OwOb/9EWUiSwUE6Tm0FHphJlVzC6U/whebDm4ky7EebarcJmUlmSfvWBJsC9plCrYqlJXLLdDKZnJycHB4ehpkAAFaEPh/oU4I+K+SxXNms6iT8hwsAYEuSYX0maluRmo65gjFmIi1ERCe5ajOZCQwEF2qLJoO9EyX6394zPun3O5we35Rc7O2SjcjRGdCaSb9SGKz0tPQ7vMW5MSpR1ovuTnlrh3dsDT0xm5b1kJMVzIRF8JOMIif82xNseGAmAICGgJkAAHSomonaaDTMTKSE6CRXbSbhHk+cK1occwaS9L/dHba7A/5wLJ4hHRqznw/Ep6aj4ZDDVTaT3GTQ2Tcaj02oU1/6yUOc3sh4jJbTI/7uoYl4LOZ2h+Oy6VgWX6enxXJS10xq5QRmsnmBmQAAGgJmAgDQQTYTTW+JsWYiiU6ixOtrvHkcdItDs+J2r2wrdseAWuR1Vod4BdguUyFHRUjmhweDi/ICmUmhUk02k+HGL2hTUspGh8LzRb7YNDgzkW/itGIq8+D5tyfY8MBMAAANATMBAGgp1SJPMqmYCbtxX85AM3E7PJMzqYIRHRErjubqn1RGczmCaplbM/mEjebKjvjtjsFsJsPCLqafm6NSzPS7Pc6+8XkjLnWjUnK4AsHE1d184CoRzUTNimbCvTvBxod9rFCrgl7dTCYzNzcXi8VCoZDf7+fbIwAAsLxMnw/0KUGfFfSJsbS0pDoJ/+ECANiSZNjcd02L0WAz4YuumuSoSxm7VSEX6fNE8/KS1ky0fSblbha5z4S/DN5MZEpUzT2S4YutQnYi2GItkXTNpEZRYCabFpgJAKAhYCYAAB3Kd+Uyy0zaPf21twzWjrxqlECXPBgsGIlFw6O04PSVJ55ozUSaj1TmmYS180zs5/3R8Zjf62clWjOZHByIxJIzsQm7c5DvlrEK2Ymh1muJtDYzYXLC7tDFvz3BhgdmAgBoCJgJACqB2cLfdqY/Zd3Qo6PHyD9sXXgzyRdzzX/Togr5Q00/Rz5m10zwAJaHNxPl7SUHZmIVYCYAgIaAmQDAuM6bEZvylgz/yHVhZqI6icFmkhyf4EoikS0y1xzI1DWTWkWBmWxeYCYAgIaAmQDAsHZviTb8I68PNR3Z/YLNMhOwxVndTCp+wu4dzO8PNjzso4TdnovaGfPz8/F4PBwOX7hwgW+PAADA8jJ9PtCnBH1WsC+Ap08PtUUCwJZCbMFbNfwj1wVmAkwEZmJ5YCYAgIaAmQDAEFvwVg3/yHWBmQATMcNMeg/ZKuw47g4mm5vYHz5j69VOhTKEwkLbwT3sEo8c71rHiVUHbbYIX9YQSXq2z47ypVpgJgCAhoCZAMAQW/BWDf/IdYGZABPhzCQvOslVmslZtjzeeYRWxpv46sirNJOpjrMjfBljaeSszXZDuqIjhWS4ZvOaKNgO9fJlreLCcVtDZ4eZAAAaAmYCAENswVs1/CPXRWsm+UpgJsAYRDNhMcpMJCntabPVk4S1cHVmknAfrHfS49voepb40obIBRtyA2M5tQ1mAgAwEZgJAAyxBW/V8I9cF9VM1EYjzAQYRj0z4UJywr5vkd9/JWrNREr2HDzYI7vFWZst2X9kh822Z+8e9rU08orNds5+bv8O257bwqouHNlm23HoOCs/e4tqJkntYaWRs+ywMjMeOk7b6XN7rrfJfSGpuOf0nrbzweBwMBjltCZB568tUUj2HrTZ1DXSIZvtoLK4REun7OfoYm7YYUtQxSgdtsO29xQdPJ5i1eU6dPbjh3bYdhzxzJQPQkdo7zkrP5DjdGxb+MwNNtsOOg496PbKLfHk54Qt5ZLy1VKGuuhgPuVTomu/bc9Reh5OtdETccwnKWdvo2Npzq41N/np3FY+hWpfpdne3efcX9m+7+jJ2245svu662wwEwCADjATABhiC96q4R+5Luotg2EmwHjMMJM+rZksBY5vsw0r+1Er/GB31RMKweN7XOXv4pSUrgzbDe3y0kS77ZaAWr7fZuurZyZKk5yOY9NIBYNEY+U+k2Sf7VAfXyjJ5VozkQd8MTOhs2iuucKI5iAJ8odARaoSnfvVi5Gt63j5gXiP2PZ3qffjnrBtKz+QqplUoP2TKzUA1MPKl6Z5CHSp7PkZPmFrj6nF1fql2b6vfOWrap/J2euv64GZAADqAzMBgPEpd6Z+ClKheMJTXqVftr18hTXHl8srP17h2BK/adVEiucq19BM+EeuC8wEmIipZlJYWjiyS26fs3JqUgc0Bxg5beuYrq4GZL+QezOS3QfLXQYKHXtXMRPFIm6olivUNROq3ZCZpAO2bUfU8goaM5ntoh2rc+inO/ZUVukQRzysc0g+4NnqVPfqA+HNpESb9msLVFY1k1M2uUtH5XhlVTaTg72qmbj2XHduGGYCAKgLzAQAhtiC10T+VZ+dz1da9ldtJvlwXvJP5A6PFYYmxa0rJheOVJbjJe8FsULD4R+5LjATYCKmmcn+c4Srb0lz3yuuFU7VtO6gDKeSG99qU5uhWV3ZTGq6aCrUNZN5r9pfUUM9MyHSiR3bZL9qc6lH1JiJUrVSXl5n1ytfVmWP2gdV10zoGhKa3/57ttn2Hzs1rLCqmWivX9I8vbKZnAlrzeS2IMwEAFAXmAkADLEFr0khOi5LxZ5yy141k2ySWj4lKcmkZbxYtohQUUrLJf4liS2UM1rMCic6HJNvHERHYAenlMe7l+Sa5aZYpiBvmq4a0S1KAyLLyuXkpxNKb0yxFJ5cpTdGfchrAWYCTMQ0M1mh9c+1wqO3VadbSLV9JscDVaHpOqg1k1NqOVUr95mctjXQZ6LpfKih1kzkfhDVTCp4j6n9HhozmfcesdmqXTy1fSYNmUmy98j+Tk23R/jUDZonaFUzObvNpnk6a/tMYCYAgDUDMwGAIbbgNSlMT9O/WalUUlr2ZUMYyknXKgttcyWXvJBVFGKJhCSpHJB2GArVHOraYbnV4J/IVUpyUlq2CzoCO/jhZMmtHbIVqdiOW2sm+dSsoh9Dxcl4lpVIuaK84CmwU+uEf+S6wEyAiayjmRSCx29wVNvSNfNMTgyr5W3VeSZprS1422zMTNI+eU64Ws7QMZODmtnhVdKDbZrLk48omAlJQGV0Fj/PxLtYWamdZ9KQmRzZVtNhQo+LPUC2tqqZDJ+wnRtXi2vnmcBMAABrBmYCAENswWvCzCQzWZJVRDWTaXWvWCk8qjT6i8VPXZDdgKRFXi0UT/CHyrRNyJ0krqHykZMJRS1i8g8dLfRmaq9kRTOpFuYrY8zUhUL1quqEf+S6wEyAiayjmRA3K7NQzp07t/96257bqrpQvjeXUt5xbo/apj+7y7Zjf9u5c/K9qvq859SG+1Ksg45z6ty5Pbt2lIvy8vAneUTZaW955ypL7B5We/buoagteOV7TnbIJ91h8zpuUGfAH5EvhDhFNdUrpGUq7hhmolK5N9fRG2w7jnhnq3XWbibpCzfbjrazgVtEXFadJHtQ8o25th3ZU7lO2YQ0Z9ce+QblcdG17tDcGRlmAgBoCJgJAAyxBa9J2Uw+5V4i2ciKZlJJtCi50soIrkjRfyE/Pc06NFYIHaf2yOXATMAWYn3NRCosDLvk/okbjh6v+SL2hegNyg2Fj5wbTvvaqm369IRcvm3H/mPt8vgrzRedeE/LX+m4Y88R9TjnjsoN9R03dqh1VAqLEwf3KCeQvwNe6ahROKXs0uYaVia9KGayOLKnXHNH+4XqUKuJXnnw2alAeRhXesIrz0W5fv+E5s578rOwZjNh02xU2I7D5+QHdfBY+8iCPMG9vHcprT279siF+eH2Y/JxjhzvKhfBTAAADQIzAYAhtuA1qfoD/RJWzUQdzaWGvILkZDKWkSd+zJOciIdiyUp5Zia5fEozEUUZ1rWm0VxzyngwzWgumAnYfJhhJmBDwZoUqpngmxYBAPrATABgiC14TTQ9G5689t5c06ytVJJ2spJQUcoUmK6scMzxYlKpn8+XVKXZMykP7qIjpBbKihLNlY/JVrP046jMRdGfAb9uZjKVm0KQqwvMxPLATAAADQEzAYAhtuCtGv6R6wIzQUwMzMTywEwAAA0BMwGAIbbgrRr+kesCM0FMDMzE8sBMAAANATMBgCG24K0a/pHrAjNBTAzMxPLATAAADQEzAYAhtuCtGv6R6wIzQUwMzMTywEwAAA0BMwGAIbbgrRr+kesCM0FMDMzE8sBMAAANATMBgCG24K0a/pHrAjNBTAzMxPLATAAADQEzAYAhtuCtGv6R6wIzQUwMzMTyGGIm739wGUGQTR3+p7o+MBMAGH8rtOCtGv6R6wIzQUwMzMTywEwQBHkfZgJA4wwli/+ri2/EWy/0GPlHrgvMBDExMBPLAzNBEOR9mAkAVwXJibV7TujR0WPkH7YuMBPExMBMLI8hZgIA2DrATAAAOsBMEBMDM7E8MBMAQEPATAAAOsBMEBMDM7E8MBMAQEPATAAAOsBMEBMDM7E8MBMAQEPATAAAOsBMEBMDM7E8MBMAQEPATAAAOrTCTIbGIuNLfCGyFQIzsTwwEwBAQ8BMAAA6mG4m5xweu5LBuanx0CAtuIbGxGqIJWOSmbBfY2AjUFSgtgW1MKidMTc3F4vFQqGQ3+/n2yMAAAAzAQDoYqaZLI0zJ1HjcnvlfwNRvmbLY3cMiIWI4THcTNgvsJmZmYGBAQ/YGPT39/f19fX29nZ1dZ0/f95ut584ceLmm2/m2yMAAAAzAQDoYpqZLI72d9VoSdVPrs5MZoZo3/PD49pCp8PTNSbUXENgJq2JGWYyMjISCoWKxca+uAeYBGtSYDQXAGCNwEwAADqYYyYzw1oVcbiMMRN336Dd4a2WLI2cH7jQYjMZG/aJhUi9GGsmrLeELwXrCswEANAQMBMAgA6mmInTWfUQp29ELlwIVeXEHQgt8rusnpmhrpGQ2+lRS2KjgwMTQy02E1939QKQVWO4mYRCIb4UrCswEwBAQ8BMAAA6GG8m2u4Rilruri0PpPkdV8mMIiGTF7onlNX54Hk6+JifmcloYICO6Z8c6e70eGaUCmP+/sBAd2A4MC2vdrk8XYFh/3AgpByNKjt6A+H4iDxBvy+knCJ63hf0T0YHfT7Wq+Nxe+xsr0iw3FeTmaRHMT4/MZ6h+uN21+DQ5IjHi16UujHcTDweD18K1hWYCQCgIWAmAAAdjDeTqblRuU1fMZBzfcNUGJ+tju9yBUZHxkb5vVYNMxOSCucg/dvf4Tk3MKKaid3h882Xa9qdfnlhzO8ejVV2H7H3h7VHqyrTmF/sP7G7h6aYmbiDrISW2UJX1bVkM4nX7ohwgZlYHpgJAKAhYCYAAB1MMBPWpq/tIdHmqueZMAmRu0rkue/e/mnZKypmoj1F2UzKnSeU+WHupFUbqZpJvKt7oDwlRjWTis+sZCZTnl6PvX1gVO4/QVYOzMTywEwAAA0BMwEA6GCumfRMTFbLlyYMMZPYyOBAcqR8k66qmQxUPYRFayYr9JnwZuKoKkdsjWbCEuj3qN01CBeYieUxz0y+ft8P5zPfZMvf/f5/quX3f/NHH370sVrnyR+/oG5KzP/TW39695VXX5tO3jcx/Q3K+x98pG4FgMHeHrGZe//nxd+oq5OJe55+5kVaTef+md5CtEBvs7n0N2lTMvXAJ59cUd9Uhdsf5g4IGgJmAgDQwVQz4UdJsdkgTZrJlNJDEmOF6jyTIR8VekZC/pGhc15FJ2rMRJ5n0j0sb/Ul2RF4M+lq9/SPRceTEXn6fn0z8fd5ukciQ/EJsp3uwDDV73B5RsWrRZTATCyPqWbynYef/MnPXlquNZO77/23f/6XJ9Q6qey32PJ7lz6478HHmJlQ41KtDwAHvT3ofUILpTu/q12V7voeW2VmslB5a6l7aVfBVQMzAQDoYKqZyBNCtDHKTM5pZomoheOx4DmSCqfHMzHBNtX0oiyMsq1BZea9aCbxRHkmjCc2oWMmU4ujVOecfMOxCacy9MvllSfSICsGZmJ5TDUTEhLWHFTN5MOPPiZXyUv/ota56+vfZ8vPPv/L/3jyeZgJWBVVRej9o13VmsnFt9554qmfc3tpV8FVAzMBAOhgqpmsHNfQmLgLYsnATCyP2Wbywou/eenl36lm8tAjT9G/T/74hb/+9RNWh1qQLyhjctL5fyZp4UZzaY4HQBmmIm+//Ze5tDxcUH23/P61i2wrvYVYtHup1bQ9eOAqgJkAAHQwxUwQhAVmYnnMNhNaWFz6ttoWlO76LrUpKT989GeszrLSlPzDH/9EuqKaCf68DXRQO0m0qyQq//Hk82wVfSamAjMBAOgAM0FMDMzE8rTATJ5+5sX7HnyMFv76108effy/2dal4kPvXfqAmQktf+s7/0FNSZgJWAsrmglbYP+y3pJs4TtqHXUraB6YCQBAB5gJYmJgJpanBWZCzKYeoH9/+OjPPvr4Miu5/5s/ojAz+fVv/phcfJAWxNFcuDcXEKlnJv/x5POvvf6WaiaXLn2QmP8ndm+uZc1oLtybq0lgJgAAHWAmiImBmVge88wEAGBJYCYAAB1gJoiJgZlYHpgJAKAhYCYAAB1gJoiJgZlYHpgJAKAhYCYAAB1gJoiJgZlYHpgJAKAhYCYAAB1gJoiJgZlYHpgJAKAhYCYAAB1gJoiJgZlYHpgJAKAhYCYAAB1gJoiJgZlYHpgJAKAhYCYAAB1gJoiJgZlYHpgJAKAhYCYAAB1gJoiJgZlYHpgJAKAhYCYAAB1gJoiJgZlYHpgJAKAhYCYAAB1gJoiJgZlYHpgJAKAhYCYAAB1gJoiJgZlYHpgJAKAhYCYAAB1WNxN+DwDWDMzE8sBMAAANATMBAOgAMwEmAjOxPDATAEBDwEwAADrATICJwEwsjyFm8v4HlxEE2dThf6rrAzMBAOgAMwEmAjOxPDATBEHeh5kAAAwCZgJMBGZieWAmCIK8DzMBABgEzASYCMzE8hhiJgCArQPMBACgA8wEmAjMxPLATAAADQEzAQDoADMBJgIzsTwwEwBAQ8BMAAA6wEyAicBMLA/MBADQEDATAIAOMBNgIjATywMzAQA0BMwEAKADzASYCMzE8sBMAAANATMBAOgAMwEmAjOxPDATAFrPb9975vZftN3+i6+anW/9qo8/d9PATAAAOsBMgInATCwPzASA1iMqhHkxXE5gJgAAHWAmwERgJpYHZgJA6xH9wcy08advDpgJAEAHmAkwkfUyk9R42O7w2F0DHX2j/DZdpv3eJF+2Oh0OT1qzandHNGsWB2YCQOsR5MHc8KdvDpgJAECH1plJbi4RicQK+PDZSqyTmUw7/TN8mR7JjuEFvqwROhwBuzOgrsJMYCYAmIooD6aGP31zwEwAADq0ykwWY/LfsCkdjf0NG2xq1slM4oJplNydXnr7dXjHygWLMV/PgFwSmOloV96ZDk//pDTu9cyXa+Q6XB670zu+WP592eEYnB4OyDXbB7K1v0M7HP7edk+uslo2k8XpoNdP9V39ZVHpd3hy8VEqCSbkur0d8qHUvUJKZd+EtvdlEwAzAaD1iPJgavjTNwfMBACgQyvMZNwrNwop0VSR37Z2FiLa5ub88KDdMajZbAgLQXe5ker2x/iNVwVr725Z1slMJJfT0z8cV1d7nZW90mO9Y3SWvL0zPFP9PVg1GdVMXI7yLgF6S/TLbwbNkK0S1yvSIb8Vc3ZXcFzxDG4rvVfHlQUyE3ZSL7mQK6iUpe0e+eDJoQG2b9zntXduJnuHmQDQekR5MDX86ZsDZgIA0KEVZtLvLDf3+Q0N0SozCY3HouNjDqeHtRSbBGayLmYiZWfoFXT2j04qPR6at0rS7puWpGlXUNupsoKZ2B1DrER5p8kjtTo0b2C7g3lFGcVMJLfT45APzpuJNBlUzYQVyAKsCIlUrpyiErZaiAZMeGObCMwEgNYjyoOp4U/fHDATAIAOrTCTDjaOy+FRekyKLqfHW/1z9ppplZlUBvMk7e6xVM3Wq0E1k3DP2prU1mLdzISRi/W2ewqKZmQzmXJyRXov1eriSmai2sVkkL3TVjUT9v6Jl8r7dpCo9I5mM7mVzaTyM6BUjtOm6hVmsmzTpgBmAkDrEeXB1PCnbw6YCQBAB/PNJBtLyn8GLssJxRW4irsf1TeT0oLdORBVOjrsDi/bau8IBXyDVNh93hOfDDrdQVqudNqUaF+XbyxO9Z2c22jMJD3mGEwoS3Nu/1h2LkG7swsgxwjNpKgF2e3yJJUZ/XJD0zkYn0qQdM3XfrqWzaSY62VNT6W+9gKCyg52R6DDG6GH4HV7IomILxyLDAUcDrlVLZUS9s4gHZy2do9sskkI62wmpaS/U34Oe53VSSAK/GgutQtFNRPVQ+gI6mguViLVNRNJHujlGGBmYu8Is2n4oW7PamYij+Zi74RNB8wEgNYjyoOp4U/fHDATAIAOpptJv8vTHVmYHJRnG7Okr+7zZyGi1RslcnMwHfb7Z8tHJGeIK4u01R1WGvGJsN1dboNGej1ySzE97q7MOvAqf1DXUDGTYo6Uhh1AhdqXdrc8f9pZaV8WooHgorxAVxJgzcp4SJnGUKVsJppWqaQM+2EL8nwDpdVbsSZJyk3YnWwcUWnaPxDJyw98844HWx8zWRjzDU+Qi/YrxijJmjnk7BuNkCOPj/kUI+hw0qsZSs0l+oenJSljdw1F5jKpdNVMyB67h+KpmZhqj2szE2VeCjMTUtlB+QgOl3dVMyGJkuV2LhUZDrr7K9P0NwMwEwBajygPpoY/fXPATAAAOphrJqQlqkg0MfldoU6fia9d01RdiLhHMpLScGRtQe1AHTYROT5Yno7PUqnGKM8zmZxJaQqL/T2D5fpKI9KhMZOwfDa5O6Wa2pFqK5pJTX2ljasZmbZQPcJkkP0p30sN2Q6/L3JVfU3ryvqYCWghMBMAWo8oD6vmrQ9/+dI7PxDL1xL+9M0BMwEA6GCamWRjqpY4vDHuLqtXQx0zCfeoM0PkprxvSv5fx0yyI/76E1S080zKqD0kkb6ymUi5Gfa43AF5urP8F3d3hNtLpY6Z8BegbyZlinP29pBmfRMAM7E8MBMAWo8oD6uG9rp0+S2xfC3hT98cMBMAgA5mmYm2t8QALZHqmkl6xO+bEkdz1TUTNpqrzm23VjATe8Uo3PL4H9lM5kODydoOILvD2z+58iFVM/F31Izm4mqvyUyEQUQbH5iJ5YGZANB6RHlYNcswEwDAZsAUM5GH0XeEp0s5+1XPKhGpYybEdDgoK5DTG5krN/j1zESm1N8lj+lydnEN/RXMpDg3Lnf7dAZy0QAzk9zEkCpd7CvzpFK2fA2ugXjt7BTVTFhPi8PPulmqFxCMs+Fn9c0kn3SyrwJ0DRr2ZLYKmInlgZkA0HpEeaiXy598wO+8vPzztx8Sa+qE3785YCYAAB1MMRMpW/7G903Xkl6dUrw8t15B/T4+sCIwE8uz8c3kxRdfPHTo0GOPPcZvAGDTIspDvXxy5TK/8/JyoxNO+P2bA2YCANDBHDORJF+P36ivUd9YLI51R6sNaIdjQLMN8MBMLM/GNxNyEpvNduedd/IbwBbmypUrXq+X3hj33XcfK/nwww8PHDhw+PDhy5dXaMpvNER5qJcX3n74lXcfpdBeH33yHlv+7m9DYk2d8KdvDpgJAEAHs8zEwkT9ftYj5OwKNHvDMasDM7E8G99MABB5//332cLi4uIbb7xBC3v37mUlhw4devnll9WaGxNRHlbNMuaZAAA2AzATYCIwE8tjtpnYbLZXXnll+/btyWSStSb/+Mc/7t69e//+/RMTE7T6wgsv7Nq16+mnnz5w4MDJkyep5MqVKz/84Q9pF6rz85//HH0mQAd6e9BbiBZuvvlmVtLW1vbggw/WVNp4iPKwapZhJgCAzQDMBJgIzMTytMBMOjs7X331VVrYs2fP5cuXaeG/FUhF6KTUrKSSnTt3vvnmm/RvKBSKRCJU8vrrr7/22mt//vOfYSZAh9OnT5PK0vtqZGSElXi9XnoL1dbacIjyYGr40zcHzAQAoAPMBJgIzMTytMBM2J+09+3bx5ZtGtxuNythTUn696abbnrppZeOHTtGhSdPnqRGJ8wE1IPetM8//zwtwEz0w5++OWAmAAAdYCbARGAmlmddzORYhVAoJJoJLbz33nt79+6l8kcffRRmAlbkk08+OXjwoLpKlqsusIGCGxlRHkwNf/rmgJkAAHSAmQATWRczoV9z+QJ+ybWIFpjJ+fPnn3vuOVogOWGjub75zW/Sprfffvull15SR3O9/vrr27Zti0ajtPWJJ56gCidOnCBXgZkAEdKSw4cPa0sOHTqkLlhyBnwz4U/fHDATAIAOMBNgIutiJnQivgiYRgvM5Ec/+hEphzoD/r333jty5AiV79+/n2yEmQmdfe/evadPn6YKDz300K233kqFt912G0ZzAZFLly653W5bBdbhRtJ7QOHDDz/kd9h4iPJgavjTNwfMBACgA8wEmAjMxPK0wEzYaK56aEdzAbBFEOXB1PCnbw6YCQBAB5gJMBGYieWBmQDQekR5MDX86ZsDZgIA0AFmAkwEZmJ5zDYTAICIKA+mhj99c8BMAAA6wEyAicBMLA/MBIDWI8qDqeFP3xwwEwCADjATYCIwE8sDMwGg9YjyYGr40zcHzAQAoAPMBJgIzMTywEwAaD2iPJiZNv70zQEzAQDoADMBJgIzsTwwEwBaz10v3SL4g1n57XvP8KdvDpgJAEAHmAkwEZiJ5YGZAAAaAmYCANABZgJMBGZieWAmAICGgJkAAHSAmQATsZKZjHs983xZU/jPe/miTQjMBADQEDATAIAOMBNgIhvATDLR8RiLv8cTXNBsaZB6ZhJ0e7xhOv6Eyz06w29cgY7hJi5i4wEzAQA0BMwEAKADzASYyAYwkwrzkQ7H6vvqUM9M7I4BvkiPJMwEALCVgZkAAHSAmQAT2TBmUiJ/8M+y33xp73Asu5iM+AYCSXnd7om4vJHIeKxQuxz2+GcWM1SNuQczk9xk0FFrOC6Hp6hdLyXsncFsZs7h8PZPylfidXl84dhkbNobSmQzE67ATJZ+HxelfnachTFH72h0JjU5POTwxpVDxB3nvaGpuZlIkEoK2oNvPGAmAICGgJkAAHSAmQAT2SBmEnR7Zlb4rbfAui/szqBapF2usEC7S4qZTE8Gnb44f3Sp1O/22p0DaeUUrDJRiAbsjkFJStk9MU3luNpnwsyk7CesxMmW447BBCuhIzQzAq0FwEwAAA0BMwEA6AAzASayQczE7tDONS/2dw3YHR5K2UzcEXWbdjkVizjb5Wp2RR7ITBxOT4Q/dpmI30/7zpdk02C7KBnUqogCbybaMWYVq6nWgZkAACwGzAQAoAPMBJjIRjCTcI8nrvmV566awLSemWTG3eE0q+ZVujLYaK5uZ9lnRPoV1VH7TCos6PeZsIOXSyp9JjATAIBVgZkAAHSAmQAT2QhmUtthoumjiIf0zGQh0h1VriceYhNLyvNMJoYctQdUcTk8vWP55NBAcL7mV6zdGdCsxV0V1WBmMu71qiPNKpPpYSYAAMsCMwEA6AAzASay/mYyGdSMrfLYvXFpMUYLjq5QNFXUMxNJ8nZ5qSZVm/RVzUQmF3NoukHcbnlsmOO8n80zIaJ+v1zi9ntHlCn22RmHUxk85pumNa88KcXri1dnmAT7B+QKLn/lumEmAADLAjMBAOgAMwEmsv5mAkwGZgIAaAiYCQBAB5gJMBGYieWBmQAAGgJmAgDQAWYCTARmYnlgJgCAhoCZAAB0gJkAE4GZWB5DzOR9AMAmh/+prg/MBACgA8wEmAjMxPIYYiYX//IRgiCbOvxPdX1gJgAAHQw2k0mf9mvmVgm/M7AcMBPLAzNBEOQizAQAYBAGm8m4V1YOx2CiWlTKR8djkzMZTR35ZqwNm8lCxOkdo0NFw6O0bwvanr1Ojys4x5duTnKTIb6oJcBMLA/MBEGQizATAIBBmGAmrkH1ix0IX2e5h2RabS6W0uM++QsfqpXWwkJE/ZIHcpuA8kURZiB/5YX1yCWcfo0utgqYieWBmSAIchFmAgAwCOPNpH9Ssz4btrcPUVsx6CY58Ws2SM2YiTQf6Qil6H86rJSdpkMxmcglxpRvrBvMql+q7QxODwecTo+jU/4e7t5O+UvuXP2Vb9PLzTjbZWsqlyTH3B3VkWb9Dk/ljCW3W+7ncZz3F5X1+eFBu3ss5JX9qnd4hh0sOz0m79vujaZYrQ3GesgJzMTywEwQBLkIMwEAGIS5ZpIKDVJjPVU2k5o2ZTNmkg77fVPyAh223+UJjceySrnDIS9HhgJ2d2Re+ZSzOwId3khkPOZ1eyKJiC8sb6VqBaU+7Usl0fFY93lPkHYo5rKZCXv/RDYjjz1TzYQ8xOWJULWQb9Ch9KjIZkKG45UL1QdCh42OJ6Lh0XCaFWw4fJ2eFssJzMTywEwQBLkIMwEAGIS5ZiLFg/b2QEHKz8cjdseAZsPVmAnrzaB0+GKsjMykOqprKtQ/Wf5ok0WoZ1yqOcuCvW+CLRWigaBsHAntwK1Kl05cLVTNxO4YVKv1O+UDymZSKaRl+UyKmcwXNvhnaykbHQrPt65LZ13MhH7N5Tf6C2EdYCYI0vo8/MLFLy488wXzc+yu58Szrxj+p7o+MBMAgA7Gm4mzZ1Rb0uEs64TcKVGmmIrJmqGttjra0VwV5NFcFbIjfsU3ZOTpLu0hqUYqFqoeMhmUa2bGtQe0O7zK/yuaSVCtRmfMls2kXKiaibw8JQ/oim/QP9mXHK5AMNHSi1sXMwGtBGaCIK2PqBDmZY1ywv9U1wdmAgDQwXgzkfs0QhqFyM50uP39gXJ/hVRu1vODu1ZnNTOp02dS30ya7TNZwUyI4lyk5tZkG4bsRLDFWiLBTLYAMBMEaX1EfzAvX1x4RrwAMfxPdX1gJgAAHUwxkzWG31mfVc1EkpxOT2g8ERke0swz0TETyXtenmcSn0n2dqpdOnm7cyC1KI8Rq84zCfldnsjMVCzk91fnmQhm0tE3msxkQr5Bb3yVFnbryU4MtV5LJJjJFgBmgiCtj+gPpka8ADH8T3V9YCYAAB0MNhMAtMBMLA/MBEFaH1EeTI14AWL4n+r6wEwAADrATICJwEwsD8wEQVofUR5MjXgBYvif6vrATAAAOsBMgInATCwPzARBWh9RHkyNeAFi+J/q+sBMAAA6wEyAicBMLA/MBEFaH1EeTI14AWL4n+r6wEwAADrATICJwEwsD8wEQVofUR5MjXgBYvif6vrATAAAOsBMgInATCwPzARBWh9RHkyNeAFi+J/q+sBMAAA6wEyAicBMLA/MBEFaH1EeTI14AWL4n+r6wEwAADrATICJwEwsD8wEQVofUR700/Ptl166+P7/vHFJ3LSWiBcghv+prg/MBACgA8wEmAjMxPLATBCk9RHloV5C3/ul9PTrf/noryP/+svcU6898j9v0cLZe18Qa+pEvAAx/E91fWAmAAAdYCbARGAmlgdmgiCtjygP9fLuh3/lf96Wl//pv98Qa+pEvAAx/DnqAzMBAOgAMwEmAjOxPDATBGl9RHmol5F//SX9iP3z8xef+d27b7z38fsff0KrYjX9iBcghvuh1gFmAgDQAWYCTARmYnlgJgjS+ojyUC+qmTz9W9lMLn0sd6GI1fQjXoAY7odaB5gJAEAHmAkwEZiJ5YGZIJsxb777YU9fv81mu/1r32Al9z7w7e3btx86fPi1t/6irfncL35pqyAeZ70iykO9wEwAAJsLmAkwkU1nJtMXvPN8GdDDbDM5fuLkQ9/7N7F8xVDb8bdv/FksbygNnRHZpPndm+X3yfTs/Iu/+j0tvP6n91jJgYMHf/rci2rNJ/7zv578yX+LR1jfiPJQLzATAMDmAmYCTGS9zCQ1HrY7PHbXQEffKL9Nl2m/N8mXrULQ7ZHPpcYd4WtYGlPN5CfPvcj+Vr137z5afeOdD2659fj27du//fC/sgrhyBhtPXHyVOH2u5aKt7PKQ6ER7UF6+jy7du+m/PvTP3V1dKr2QgusxXn7176xbdu2Q4cPP/viq9oz0lY6Ix2ctt5z/7f+8PYlqkzlT/3k2T1791Kdr91zf166kxZuvPEA24psupCFcuLBXnpthV/86jVxx/WNKA/1wszkBy/96b9e+8vFS5hnAgDY6MBMgImsk5lMO/0zfJkeyY7hBb6sQchP+KKtgalmclHxB9aD8fhTP9m9e094NPraW3+hwudf+hU1H2nhzXc//M53f/Dw9/8/8g3VOtTYHU5qaN77wLd/9NQztKNoJmyvX71+8T//+wU2jEc9I4XO2O7q+K8XXqbCHTuuv6g0W3fu3ElN1cVsngqTC+m7vnEflfT09YsXj2z8kHnSW0hdzeRLd379Xm2FbEEiESU7/eZDj4i7r1dEeaiXtrue43/cLn0sVtOPeAFiuLPoADMBAOgAMwEmsk5mMmd313SVpEf83UPxZCbj7fTMK7/+Opweuzs4GZv2jaWzmQlXYCZLvyOL0rjXw0ZzTfq83nAiNTNhdw4GlX06HB5n32g2Mzc5FBBNRmsmdoe/vJSPucPp+eFB1/kB9WhyeSnhc3kiMyk6VP9kTt1xM9IyMxkKjch9GRWo8I9/vkTtRVoej03/5o9/WtFMqOSfvvkddVU0k4uKbNDyOUc7d0a2/OIvf0cLbceOsR2pMuuTITmxKV5EhXRYiva8yKbI/GL2P57+GVuml5Je01Q239XT9+s//EmsTBaqHeW1vhHlwdSIFyCG/6muD8wEAKADzASYyDqZieRyevqH4+pqr7OyV3qsd4zOkrd3hmeqvwfjqmmoZuJylHcJuD32/pikmEmaFUklcciW1ky87eXlQjQQSktkJt3Rsn70K5uSQwP29iGloGTvbGy82UajxWZy+MjRr7Ydo3z/0X+nwn9/+qdMTjq7euqZyT9Xhn5drGMm1B7duXMnrT710+e0Z2TL+mZCCzCTTZo33vngxgMHxHJ6ie/6xn1i+aNPPM3edRshojyYGvECxPA/1fWBmQAAdICZABNZLzORKWbc5z2sj6JmHog3Li1E+ie1VVcwk6p7TAbtDvkgHRVXkbc6guoyo2Y0V3LUGy+RBbmVXchMxitb2HK/9nqUg29ezDaTHTuuD41Gf/bzl9hornZXBxU+8+z/vPbWX/7rhZeff+nXb777oU2ZFsJGef3gsSd+ovnD9q3HT7DRXD/+2XOUC8EQ1bnj7nvueeBbzEx+/+Y7//7jn1LNG288kC1I2jP+8rU3aV91NBcp0EWl2QozsUBISw4eOiyWX1SG8JGZUAVueslwePSl37wu1l+XiPJgasQLEMP/VNcHZgIA0AFmAkxkPc1EgZkG3/ovxVxB7XCslczEwfo0ZJewOwJSQ2ZCFZxDVOLwJSTlCMHFcnl8kMRImTTvkfthLIDZZvLDx58iJbCfc1xUxts42l02Zcr7H/98iRqO+/bJA7HGJuOv/O6PVGFyaoZWs/mSujvtcvrM2e3bt+/avfuV3/6BVh/8ziNUh2oeP3GSzISOc/ToV6mk/bzsPNozPvviq2x3Wr39a99QZ8DDTDZ72Etmq0AvKL0NTp46Tcttx276zR/loVxP/fS5eGKWyu/8+r3s/aM13nWPKA+mRrwAMfxPdX1gJgAAHWAmwETW2UxKSX+np6CM5qqdzMGP5lJFRTUT1UPoCOpoLlYircFMvO2eDsdAQLnPF5mJO1weCNarjuZiE042P2abCYIgYkR5MDXiBYjhf6rrAzMBAOgAMwEmsj5mkk84XfJAqQ5vZHKR/bYr9Xd55aFT7d5xxRGKqZivZ4BK3OE5WvW65a2+eNVMqEoHHcTpHS8foTEzkWbDqo3II7gWy6eLporlCsWUq12+SO9Io7cp3ljATBCk9RHlwdSIFyCG/6muD8wEAKADzASYyPqYyQaARKVQWdbOM7EeMBMEaX1EeTA14gWI4X+q6wMzAQDoADMBJrIlzSSfXUxqB2vBTFZFbOUgCKITUR5MjXgBYvif6vrATAAAOsBMgIlsSTPZWsBMEKT1EeXB1IgXIIb/qa4PzAQAoAPMBJgIzMTywEwQpPUR5cG8fBFmAgBoITATYCIwE8sDM0GQ1ufL6Z+ICmFSHn7hongBYvif6vrATAAAOsBMgInATCwPzARBkIswEwCAQcBMgInATCwPzARBkIswEwCAQcBMgInATCwPzARBkIswEwCAQcBMgInATCwPzARBkIswEwCAQbTOTHr6hpJzKb4UWBqYieWBmSAIchFmAgAwiNaZid3h6feE+FJgadbFTNLZVY4DDARmgiDIRZgJAMAgWmEmvf3DHW4/Xwq2AOtiJnQivgiYBswEQZCLMBMAgEGYbiYzswt2h4cyEonx2xqgfBA1/ZN8DbABgZlYHpgJgiAXYSYAAIMw10zGJxJMJJznB1Sp4Cs1wvzw4DhfBjYuMBPLAzNBEOQizAQAYBDmmglTke7eobn5xc4uP8xkqwEzsTwwEwRBLsJMAAAGYYqZFItF9ikjjuOictpardognJk4HJ5ILBHo8/ZPlhujrg5/fC7j66LzDsrrk0H/kL/DG4mOj9mdQx0d/uh4LDIUsPfLl+RzeULjsfhUwt+nVAZGAzOxPDATBEEuwkwAAAZhvJloZ4OkFjPTiTl5WohyVy7tpqubdlJjJlMh31R5kTwkuKhuIOL9rHNmMuiNl4sCbk+hspl5C5lJdGGV1jBoBpiJ5YGZIAhyEWYCADAIg81kMZ0l63B3X+hwy2O3XB2yADAzKRSKtEDltJUWnK4Bfuc1oDWT7Eh5eJiSweCCXBgNDDmcmgktk0FWTgTd1UZtuUdlMSbX7PCnr74XB+gBM7E8MBMEQS7CTAAABmGwmXT3Dp1r97Ll5FyK6QEzk0H/aNkWJIlOqS43BNdn0j9Z81k2ExgIpZWl/ET3WsykQsDtqfSsACOBmVgemAmCIBdhJgAAgzDYTAYGR1TlGInIPRJSxUyGgmPqpsTMvAFmIklOp8cXjkXHx1w9Y/OSVJgMOnpHUzPTdteAq311M3F3BeJzmexcwuWsDvQCBgIzsTyGmMn7AIBNDv9TXR+YCQBAB4PNZDI2Y1fmkASHx9UhVawkPpWkBSpnxmKImRRTMXnsltPriy4oalHsaJdXp7O5SN/qZhL2lseD9Q5Nq5uAgcBMLI8hZgIA2DrATAAAOhhsJlKl22RF9/AHIuqmpdwqzVBgAWAmlgdmAgBoCJgJAEAH480EABWYieWBmQAAGgJmAgDQAWYCTARmYnlgJgCAhoCZAAB0gJkAE4GZWB6YCQCgIWAmAAAdYCbARGAmlgdmAgBoCJgJAEAHmAkwEZiJ5YGZANB6fvveM7f/ou32X3zV7HzrV338uZsGZgIA0AFmAkwEZmJ5YCYAtB5RIcyL4XICMwEA6AAzASYCM7E8MBMAWo/oD2amjT99c8BMAAA6wEyAicBMLA/MBIDWI8iDueFP3xwwEwCADjATYCIwE8sDMwGg9YjyYGr40zcHzAQAoAPMBJgIzMTywEwAaD2iPJga/vTNATMBAOgAMwEmAjOxPDATAFqPKA+mhj99c8BMAAA6wEyAicBMLA/MBIDWI8qDqeFP3xwwEwCADjATYCIwE8sDMwGg9YjyYGr40zcHzAQAoAPMBJgIzMTywEwAaD2iPJga/vTNATMBAOgAMwEmAjOxPDATAFqPKA+mhj99c8BMAAA6wEyAicBMLA/MBIDWI8rDqnnrw1++9M4PxPK1hD99c8BMAAA6wEyAicBMLA/MBIDWI8rDqqG9Ll1+SyxfS/jTNwfMBACgA8wEmAjMxPLATABoPaI8rJplmAkAYDMAMwEmAjOxPDATAFqPKA/1cvmTD/idl5d//vZDYk2d8Ps3B8wEAKADzASYyLqYSbFUonMhrcn84hJlLpVNzqenZxcm4onQ6NjA4FBv/wDfHtkabN++/ezZs3zpahw6dOixxx7jSwGogygP9fLJlcv8zsvLjU444fdvDpgJAEAHmAkwkXUxE9BKTO0ziUQiNg033XQTX2PjQde5b98+vnQ1aK8777yTLwUmc+XKlW3btrHlQCDA3mb0rquttRER5aFeXnj74VfefZRCe330yXts+bu/DYk1dcKfvjlgJgAAHWAmwERgJpbHVDN5991333zzzb179w4NDdHCW2+9xdcQmJmZab5l+eCDD7rd7kuXLvEbDIUawXQWvhS0kM7OTlV3Ozo6ajduaER5WDXLmGcCANgMwEyAicBMLI+pZsLYt2+fKhsvvvii2oVy8uRJKtm2bRtbpYXHHntM3ap2QZBg0NuGFYZCocuXL9MCGzpFrVJapoW2tjZ1x+eee05dpvNqz3jgwIFlpSdn//79u3fvZoVHjx5lC6dP///t3f93E+ed6PH759z9/f4FhgMnkFDyrQRomuTe6koYW4CxZFm1ZRlkbFnYRv6uGGw1od09yfam7Z4k3Z5m06Tb093NSZeTL2XbpGx78u2EJMtJgIQtB3w/M480Hj9jjy3Gz1gev1/nOWT0aKSRhQPzZmbkpxZdx0ycR7V4NnH16lVZx31vS/0Fj46OOvPFYlHd9eCDD6qZ3bt3qy9KkSdxtq7+7V9e7UMPPaRm5P358MMPZQX5fbl165aavHbtmnTXPRzViZ5///d/l99rp0y2xBE5hzce1hyLi3e//OvH3vn1DH3zwVAmAHxQJjCIMom8kMtE0kLlgfzaUt+n/+STT+7evfvcc88t2vuX2jGTX/ziF7LXnslkZLV3331XPUQrE/n1l7/85fXr119++WW5mbSpYyayRemBzz77TFaQ1WRSnWPW3t6uouXw4cOygys3d+3apZ7K2e9XPSBtIMu/+tWv5OadO3fkxUgbyPO0uI6ZtNTLZO/evfJUf/nLX/r6+pwnlMkXX3zxxz/+sSzLV6oesmi/M7KOvP+vvfaaem3yamXhLZssyBbT6bRsRRLl0KFDjz/++OXLlwcGBuLxuPMk21YikZA30wmSb33rW/JbI99XN27cWL5iM/LGg9Ghbz4YygSAD8oEBlEmkRdymbgPNah98ccee0wtv/HGG4srlYnsl8u9X331lTPT4imT3t5eWbj//vt/+MMfqoc4ZSJblC/T/UB5fpmUXXw1o2pHHa5RM06ZyG5usVi8fdu6BPlHP/qRc5hFImS1Mmmxj6jIgrRQi/0FOnepZfc5Zu53Ru6Sh3jfn0uXLskOt/zWSA79/Oc/Hxoauu+++6RknCfZnv71X/9VenJxpUMl0oHyXmmTzcYbD0aHvvlgKBMAPigTGESZRF74ZbJv377H6r755psbN25IUbTUz3RarUzcO/QtnjK5c+fOE088ofbmJSQaKhO14C2TL774QpbVtTEqKr773e/K/wi7du0yXSbu9+fatWsyk06nJVH+8Ic/tLW1yc0PP/zQeZJtSN7hJ598Uh198pZJPB4fGxvTJpuNNx6MDn3zwVAmAHxQJjCIMom8kMtEnVsl8SA73K+88orM/Pa3v1209zVVGMge5+OPPy674M7O9/PPPy93ZTIZWadSqciMlMyRI0euXLnSYlu0L3mXX+WVq/172Y/fv3//G2+8IesMDQ25z+a6fv36OstEHnXx4kX1GmQdmZf++frrr1vs0lAneslWVIeoyUX7i3XO5lKXjjh3radM1NlcP/nJT2RGvT/qrvvuu0+2KPvisqBe53Ym7/k/1clvgfyqfheUPXv2qG+qZuaNB6ND33wwlAkAH5QJDKJMIi/kMhHT09Oyb71v376BgQG5+Z3vfEdu7ty585//+Z/l5ueffy5J0GJfN+I85MaNG7K+7Oirs5jUOk899ZQEidpNV0cSHnnkEfla5Kb0gzrz6plnnlmsX5UuMxIMi/YV8GuWiTri4ZCcSCQS8iKlOuSNUqVRLpflOeWFqUepSYmH733ve/JSDx06pE4Dc+5aT5ks2l+sfCFyU70/i/ZRI+ezcXft2sVFJm7uz+ZqsT/GQAJy+SrNyBsPRoe++WAoEwA+KBMYRJlEXghlAkDjjQejQ998MJQJAB8hlMlcPJ6KdxT0aWwDlEnkUSZA+LzxYHTomw+GMgHgw2yZVEZOxxJZe2ksFk9V+JNnm6FMIo8yAcLnjQejQ998MJQJAB8my2ShIjUyMle7NdKbjR07vWwFRB1lEnmUCRA+bzwYHfrmg6FMAPgwVCYLrYlUrLVHn54fD3LkJHOiOy5Pm0in+0r6fWhKlEnkUSZA+LzxYHTomw+GMgHgw0iZDGa6EifPlOf1eVHu74m15wanG/8zaKIQO5pN9w0N9J+Ot/fr98LXXDGvT4WCMok8ygQInzceTI4D+uaDoUwA+DBSJpW5+Vg8N6hPWwbTqYn5ucqFhv8MyiVTE/pcNZbkwvr1yrRvwj49ZRJ5lAkQvovvHfb0g6nxwY039c0HQ5kA8GGkTIRfmehz63KhlIu15wYm6zuvC+crs2OxZH9ldrZqHRPIxeOp/OBwobfHyZVYvDd2NDsweGawLOtPxhLdpbOj1mlm27VnJE4S2VF91iTKJPIoEwANoUwA+DBeJgODw7VRmqwGKJPatSvxVKZQrs9MOo2RPpKKnRxSy5IoakFWHqxffz9zKtszYf/BV8o7K2w7c6MhHzmJSpmMtfVb372+1rNOBFEmABpCmQDwYbxMZKE2Y1dEgDKpuTA5VPskYleZxOLdufpuoWxCXSAvk7WpajVzxKoaZzjz20plKBf3fiyBSZtVJvJbX5mdHRg8kz3ZHTta+w40o+x8421PlAmAhlAmAHxsvTIRx2tpsVQm8Xiqs1j7cy2XTFXsBXeZ9J/YgO1uaZIludH6IaSwbGKZOMsXirmOM7Vnzpzoki7N198HdbP1RO1bdGaoX27Gj2azI+cn+ronFmbiidSA9UEOpbY+qz9iyTNZ+yHxY9ZDyn32h8VZrZtz1hEj/Tn7afvVJz1YT1UZy3VaD8yW1PdmdFAmABpCmQDwsSXLJBZP2/8975RJpjUVO1G7sMV1NtfS7unMqWxnMez98mayEPLREqUZyqRaHY2l7aNoM4PxjtOV6XIsYd97fsS6OTuVPVn7qDcph8LgSD7bPzBj5UQunc4PDs9Y99TL5EhXun+0PDubbk/lJqvzc7OVQm92ZLYyO+cqk/OxRJeskzmWVhuSp0ocTR/vHa6Ml5a/sCigTAA0hDIB4GPLlMlgNqtOxIons05hDGa6ZWbKXp6fGrb+Abu1e6b+55u2F6j+JTvW2tWW3n5XwM+N6zOhaI4yUd97I+lE7bFjPV1F+c/54XiH6zuhlOtxfWtaZbJ0mla9TOLqNEJL7Eje+k8xV1+tto48cLD+HSjLhfPWr/3WxzRYcsl1vf4thDIB0BDKBIAPU2WydOG7Z1zQ10VkNUWZLJRimZHqZKEtnqrMzqpR/1k789YJXUnrmIlVFEuP0W46ZbJ0yUpt2VMmy9rbvtf9VJQJgG2OMgHgw1SZANXmKJO5gZ50aUH6pLN+zETTpuaHerVjJiuVydLTrnbMZCq/wjETygQAFMoEgA/KBAZtYplYn81VKKSPp9UhEcvMcOxoz9j0eL7HvuRm8kx+uFyZLsdrly0txOKp4thUoS+XK61WJunjvSXnOhPL7GC8c6gyPuW6zmQhlkjLOj0dS9eZUCYAoFAmAHxQJjBo88rE/sisRDpxLFc/ccuST1tXKyWO2WVyflR9spbzeVlTg/Znc7Vn8+XVyiSXOdElj4ofy9fvWmg7krKPnyx9NtfUYF77bC7KBAAUygSAD8oEBm1WmRjivs4ECmUCoCGUCQAflAkMokwijzIB0BDKBIAPygQGRaxM4EWZAGgIZQLAB2UCgyiTyKNMADSEMgHggzKBQZRJ5G1ImXwNYIvT/69eHWUCwAdlAoMok8jbkDIBsH1QJgB8UCYwiDKJPMoEQEMoEwA+KBMYRJlEHmUCoCGUCQAflAkMokwijzIB0BDKBIAPygQGbVaZzFTOy+YYIYyJ6adljE9VyhMzI+cmh0qj+dNnurp7Ozq79P0RAKBMAPiiTGDQppSJ/DV3/gJ/yYWEYyYAGkKZAPBBmcCgTSkT2ZA+BWMoEyB8H9x48wd/PPCDP37b9Pjpn0/q2w6MMgHggzKBQZRJ5FEmQPi8CWFubHicUCYAfFAmMIgyiTzKBAiftx9MjgP65oOhTAD4oExgEGUSeZQJED5PPJgd+uaDoUwA+KBMYBBlEnmUCRA+bzwYHfrmg6FMAPigTGAQZRJ5lAkQPm88GB365oOhTAD4oExgEGUSeZQJED5vPBgd+uaDoUwA+KBMYBBlEnmUCRA+bzwYHfrmg6FMAPigTGAQZRJ5lAkQPm88GB365oOhTAD4oExgEGUSeZQJED5vPBgd+uaDoUwA+KBMYND2LZPZoXRpjS8nGigTIHzeeDA69M0HQ5kA8EGZwKBNL5OJ0vDA4HBnW0p+tUZp0rXiSs4PDepTDSnn1tpCxFAmQPi88bDm+OLWf7735Sve+fUMffPBUCYAfFAmMGjTy0TJJZc9KnOiKxZPxZM5+9ZCsj0tN2Ot3RPVWWvBHhP1lWeG+tUKycywdXtuLJ/Oys3M0ExtjenheCIVO5Ie7eu2FqyH56qThc5i7X61uVhrVr2stnj3SF9P6xF5SFdl6/9dTJkA4fPGw5pDHnXz9hfe+fUMffPBUCYAfFAmMKgZy2RmMN5xujJdLmS6chMLF0q5470luVnsP32hujDS012Yna3Mzjqrx+NptcLx71tlkmlNxdpzldlxmVcrtCVSucLwQH///NxspdCbHZGHzy2VyeQZa3Oz48W+3ni6ZK0fTyVOnh4Ymyr29rT1bfkjLJQJED5vPKw5FikTAFsBZQKDmrBM0oml5Vgid+FM7/G+MWdmoq9bO5srJmWytMJULDOili4M9OSm5b8jre7zt4q52q16mXTGlzbXaW+6zTVjHV3Z4igTIHzeeFht3L7zjf7gxcXfX3vRu6bP0B8fDGUCwIfZMjlXnuzNnYnFUydO9g4O1XbpsH00YZlIGFTsoyL2sNecn022WWdhza1UJs4KrdnRarXU2jPmPPzCwlKB1HjKxN0h6mVQJg1paWl5/fXX9VlgIzz00EPO8q1bt/bv3//www/fvn3btUqT8sbDauPO3RW+nEYvONEfHwxlAsCH2TJxztpXI9e3wl4fIqwJy0QduPCYL+e6e8qrlIllPhbvkueOpeyrTRwLw/7HTNyHaDhmcg8aLRPZrXzggQcuX76s37GSt99+e+/evfpsg2SL+Xx+nVtE83jppZd27drl3JTv2+dtFy9evHv3rmvFZuSNh9XG5Wsv/+mr12TIo/77zg21/I8f5L1r+gx988FQJgB8mCoTlSKls2X3ZFvSunTYPYNoa8Iyqc4Mx472jE2PlwaH27pHJvp7imNTU2PDPR3pomx/tL+tZ3RqdvZCffVk9oxaIdZqVUS2PRVLdJfGpwp9OXWVfFsilR8uDxQK1o3ZwXjnUGV8aulYylwplsxXZsdL/TnnOpP6c1Mma3PK5MqVK11dXXKzs7NT3Uyn03JzZmbGWVl2KL/zne+02A4ePCgzsqMpy7t377506ZLcfPXVV5966imZkZa4cePGzp071crPPvus8yR37txR6zzyyCP/9V//JZ2j7r1586ZMyq+ff/75vn37ZFlWk5vaFrElyLfKK6+8kkwmnZlDhw6phQMHDrzwwgvOfHPyxsOaY5HrTABsBUbKRILkeEevPmuTeS1X1i9zwv7so0Q63Wft4aH5NUmZwJxwyuT69euyIJHw2Wef/fjHP1Y3H3/8cdm/lOr4xS9+4awvFeEcM5H5HTt2SGl8+eWXsr56lOx3yqOee+45WUFaQmacxyp79+793ve+d/XqVdlzlZveMpGZ+fl5eZLXXrP+HVrulXmOmWxFTpncvn371KlTalmKt1AoLK3UlLzxsOaQHPvyrx9759cz9M0HQ5kA8GGkTNqOZccnrKuDvWRe7r1wYV6/Y00ThdjRbLpvaKD/dLy9X78XvuaKeX0qFJRJ5IVTJu+++64sjI6Oqkl1U7Yuy/F4fGxszFnfXSayrykdouZl/StXrsiv0iqyoCZXLBOZ+e1vf+vc9JbJQw899K1vfetnP/uZWoEy2bqcMpHfVqdGZMF9LKU5eePB6NA3HwxlAsCHkTKJxVNnR8bVCV3OZGcq78z3n3JfNbwuueTSj5gIQf+JtfeAt5ZM+yZ8RZRJ5IVTJkIWXn31VTWpbj744IOP2cbHx5313WUi+5e7d+9W64j33nvvxo0b8mpb7PO7Flcvk6tXrzo3vWVy9+7d1tZWKRx1kzLZutwF4izLwtDQkDPfnLzxYHTomw+GMgHgw1SZdGdPr1gmav5kqs+1+roUTqZK+h9cpZh94n7V/mxW9aMhOuPpciFnbTqRHlE7qMVc7Ei+YP90vM7+pc+HVT8vr7WzMFL7cXelzNnq/Lj1SWKVsvWr9vq3vLnRhPXpUqGiTCIvnDK5dOmSLExPT6tJddN9cYjDXSY9PT3OxQNuzzzzjAqS1cpE/uBzbsqzqWMykisqRdT8FfsIjGyIMtm6VrzO5NFHH43kdSZBhr75YCgTAD6MlEm+v6g6xFsm3vl1W2i1f8B2puBcprJimSwFTFxtpWiFSu0B3em8/ZO7S5l0Qe2+LoxmWlNqLhZPdxZrO7XuH0MRHXOjIR85oUwiL5wykQXnanVJBbm5f/9+dVOrgvfff19NSnXcvn3bWafFLhBnWR0zGR0dVTfdkSOv3FlNOkS+HLXsHCSRF+BeQbaoXgxXwG857jIpl8vqs7lkIUqfzbUhQ998MJQJAB9GykRMT1eOnehxF8j3ewfkpszfa5nUXJgciiWy9uLKZeKsOZi2TwCzyqS7PldSqyXdL6CYy5xdukuJZJlUhnLx1h591iTKJPJMlwkAL288GB365oOhTAD4MFUm4sKF+VOFZT/8QX0qV8AyEYnaw9cqk5SnTBaGt3GZLEiW5EZD3WunTCKPMgHC540Ho0PffDCUCQAfBstkNcHLJBZP2/+djB0/Yy8sxFxlMljfv3WfzaV+PMVgqn42V3e6315wn83lLpNsW6BX2HysLNHnzKNMIo8yAcLnjQejQ998MJQJAB/Gy+TEyV53ikzPWGdz3cMV8INZ64J1GfFk1tnxHOmzThhr7SzkkktlMtLvuQI+3q2ud3dfAT9gP2Fr5+nidO0KeHeZVOfGghdUE5kb12dCQZlEHmUChM8bD0aHvvlgKBMAPoyXiXPJu3sUh5cKYWOtcBbWsutMECrKJPIoEyB83ngwOvTNB0OZAPBhvExCRpk0Fcok8igTIHzeeDA69M0HQ5kA8EGZwKBNKRP5a+78Bf6SCwllAoTPGw/mxk//fFLffDCUCQAfUSsTNJVNKRMxUzkvm2OEMCamn5YxPlUpT8yMnJscKo3mT5/p6u7t6OzS90cAbJCL7x32JoSh8cGNN/XNB0OZAPBBmcCgzSoThIZjJgAaQpkA8EGZwCDKJPIoEwANoUwA+KBMYBBlEnmUCYCGUCYAfFAmMIgyiTzKBEBDKBMAPigTGESZRB5lAqAhlAkAH5QJDKJMIo8yAdAQygSAD8oEBlEmkUeZAGgIZQLAB2UCgyiTyKNMADSEMgHggzKBQZRJ5FEmABpCmQDwQZnAIMok8igTAA2hTAD4oExgEGUSeZQJgIZQJgB8UCYwiDKJPMoEQEMoEwA+KBMYRJlEHmUCoCGUCQAflAkMokwijzIB0BDKBIAPygQGUSaRR5kAaAhlAsAHZQKDKJPIo0wANIQyAeCDMoFBlEnkUSYAGkKZAPBBmcAgyiTyKBMADaFMAPigTGDQZpXJTOW8bM5nyAryt6H+sG1sZ/fT/zM56zNkBf0xNsoEQEMoEwA+KBMYtCllItXx9Ny8PrucrCCvR5/drtbMEp84oUwANIQyAeCDMoFBm1Im60yOda62HfyNJ0JWHLKa/kjKBECDKBMAPigTGLQ1y2Qyl/TdSjEXS/S6J5LxVGfRPXGP2uK+2zXGGyHuUV6oHu6qLeuPrJdJa+zkiTOUCRCSi+8d/sEfvx3O+ODGm/rmg6FMAPigTGBQVMukozM1s3R7vC2TM1omFwZ6BvW5jeStkdo4/vR3zy1MjZ93ZvRHUibAZvD2g8lxQN98MJQJAB+UCQza4mWykGxPx+KpWGv3hPv+Ym6wlO8p12+e68+XCrUyWZhpO2o9JDdae/JYZiR9zJqJH8upmWJfznpO1zod9lZaOwvH62Wi1om399i3ZtX6sWTBvjnX1pqKJdKD07W/yGV+MNMdi/cODOfTpdpkazzVcWaN99OhB0l97CjMlxeq//v7SzP6Iz1lkmo7/tjB2CMHv/dUW0bfHwGwQTzxYHbomw+GMgHggzKBQVu6TCb6lgeJQ8pEeuBIXt3qSKSqk/UyqXOOfsTi6drUKuv0d6TGan8jL8S0Yyb1h8grqR0zKZ9ura/Tk0zFOoer1iZSzldSP82sHM+M1ufW5m0SaxyvyO/H1MTSAZN1lEmhNccxE8A4bzwYHfrmg6FMAPigTGDQli6TanU+kUglM4Xi1PJP+rLLJH88dcG6MRPvHl2qjoVKMtmlDnGodesHOkSprW9S/lMu9McT9jEQex33GVzOsrOOViaDaefIiX25S7y7apVJ7WiMGLBPMytl0s4RnfXQm8Qe6dnqQPHp/7V8Un+kXiazyVjbwSeOfj9PmQAGeePB6NA3HwxlAsAHZQKDtniZSJvMJtusQli2ql0mFwZ6CvJ6Z85Yp3WpMlmwHtgzWJ6br3auViYLk7HWnin5+7i+zgplUl9HHtJomVTt08zSR9Z+l9yc8Pi/EwsPp5cOmOzt1HNFf6SnTCYmxtv/75EHv/29/3Miq++PANgg3ngwOvTNB0OZAPAReplMj63xkyYQIVu+TGoThXTJddMuE+vkq/buNtUAqkysVOhSq6x6zKSYy56r3Vbr9J9IOeeM1R5VX2emP7tUJupv7cmCUzLZdudsLleZ2FtU8+vnhMf/+r71W3B+dr5jpjpQmtOyZH1lYp3N1f7Ed/c9Gtf3RwBsEG88GB365oOhTAD4CLVMCql07FhWndMSMm3vDeHY0mVy4exp65yrRLr1xOll99fKpJptq7WBczbX3GhBXcvutI1eJup6d3lO1zrOFfDyhEszifRIZbJ+acpcIpGKnVCbndevgF/+vV04mapfBr9ey/Kj8+n/fW6hemHBmyXrKJORJ548+tjB2OOtqW7O5gKM8caD0aFvPhjKBICP8Mqk2Nsju1Pz9f2zhk1a+3zJfteHtdofQLTOT2ttqEwyramKPod7sTXLZGvraV/7LdLoBXK8ki6ucMDEp0z4SYtAmLzxYHTomw+GMgHgw0iZWP++qz7n1BlHusZm1Glc914mHale52wZy8JoMpPfsDIp5Vf+IKZomBtNZBv4sKaNQpmEam62PNwfX3bm2bp4C2S1oT+SMgE2gzcejA5988FQJgB8mCiT0eVZkp2yLqZ1lBLpMyP1E1EaMFnoHBi2PqG17sKZ3qWfI7GWNcuk1J2OcplUq5nG/yk9OMokVKVcLJGeafz/rb/xFMiK428oE6A5eOPB6NA3HwxlAsCHiTIpLS8TLQnse1v7l0+ugzqV/2z9Z8nNnEnGU9Vi7WdvS6XEk7mx6amOo6lBe/92oq87l05n+4dL9t6UehmdramyOnIzV4od7SmdHUkkUta/MS+czyZTI7OzFesDkar1CwCs6w3iie6BweF0e6r2k/UWRmPJvKxWHszF00P21JYhcRLykZNNKRP5a062tZ6hP3K76i3PezvEO3pr//MsQ5kA4fPGw5rji1v/+d6Xr3jn1zP0zQdDmQDwYaJMTJ3NpSJE/Sy5nvaU9bPk6mXiXU3KZOmndNtlIlkyWN8XzTgfq1r/sCOJEOeYibtMpurrxeyTZJZ+5p31nNZntm4pC5WB3v6JFfYvDdmUMkGYKBMgfN54WHPIo27e/sI7v56hbz4YygSADyNlUrV37lWTTM3Pjw0W0iesHz83UlkIXibWoRLr2vcuKzycMqmM5bM9K/5wOiUWt16AczO5PJyqq5dJfa5WJpVT2Vz95Ts/BXyrqAzl4q09+qxJlEnkUSZA+LzxsOZYpEwAbAWmyqSzttO/7KhCoE8NrpfJhYGe/PRo7UO6amVyXiKh9kmp5/pXKZNctToTa62dWrZ0zKRunWUijh+xv7TWbHiHHjaCZEluNOzzlyiTyKNMgPB542G1cfvON/qDFxd/f+1F75o+Q398MJQJAB+myqTUbf2IBvdhipp7/kmL9TKRfSF52gtqsX7MRGZaM0Pls0Ox9q7Vy6Q6V8zVumiuFEukBwaH8z29yfasTJR7u473lsqz4xfWKJORRPdYfXLLqAz1hp8lVcpkGzBaJoVCocXl4MGD+hq+kslkow9RLl68uGPHDtniwMDA3bt39bs3lHyNDzzwgD67lnt71GeffabeyT179rz00ku3bt3S11ju/fffl5Xld1bdvHz5stxUy7IgN5dW3WrktzWdTstX8fzzz6sZeTf279//8MMP3759W83IFy4ruGeahzceVht37q7w4hu94ER/fDCUCQAfpsqkejYft8tk0DqDayMslUk17gRPvUyKPVnr4pZEemq+7FMmdtV0Zc9ZL2kgm5WXFz/anczaF7IvzKiTwabWKBOri9SIH8vX7216c+P6TCgok8hrtjJ5++235VFq+dKlS6+99try+9d25coV90bXWSYHDhy4efOmPrsOf/nLX37yk5/osyv56KOPpLXU8vof5eaUiVIsFvU1lnv22WdltSNHjly/fn1xeZmMjY014f76+v393//96dOn5W3cvXu3+i2W79vnbdKlMiNfnbSfrKBm9MdvNm88rDYuX3v5T1+9JkMe9d93bqjlf/wg713TZ+ibD4YyAeDDWJmI+alstrBRYdIk2uLppRtDvc41J1gRZRJ5RstEkR1EJzbE0NCQ7B/Lr59//rncfPXVV3fu3Ckz+Xz+xo0balnIXrVzzEQeLnvS7e3tcq/8qp5H7nX20WVl5/l37Nih7bLLCq+//vpifc9+0Q6Drq6uFnuvXTYqe67qedTr/PTTT/ft27dnz54PP/xQbkqxyF2/+c1vWuyDFV9++eVTTz0lO8Tq9aujH2odh9rWd77zHVkul8uL9r/oy2Ode51jJnfu3PnlL38pX9ehQ4dUKshLffLJJ+VRsqbc5S4r5/Uv2l+UPENnZ+dDDz2knj+dTktfOSuLvXv3/sM//IOsKe/eYrSOmTjk7VJfiLyBakbehBdeeOFv//Zvr1696sw46zcJbzysORa5zgTAVmCyTKIo3ZrKnx2vzM5OjY2scK4alqNMIi/kMpH82L9/vyzIr2ovWX795JNPZP/7ueeek5uSIs7K7jJRe9K9vb2yIDEju9pqd/PnP//5fffdp9YXX331lawgvzoziyuViR0I1sLLL7+8WG8PdcxEXqEsy66tVIGaVPeeOnXqjTfeUC/7ypUrhw8fliSQBe28LImWRCIhC5IZb7/9tgSDrP9v//Zvi/aX4xwzcR4l8aCesK+vb9euXYv2rrbMvPjiiz/+8Y/Vdp0ndx8zkR1xeT0fffSRLMtW5AXLwm9/+1tn5evXr6u7JNXUM0eyTOQNV0dInDdKCk3e3p6eHifqZGbpAc3BGw9rjsXFu1/+9WPv/HqGvvlgKBMAPiiTBlXGEuoK+CPp/EhFvxfLUSaRF3KZSE6oPUjZcVT7zfJrJpORXXO1wmplIrvXsiC7+LKT/eyzz8qM2st3720v1vfdtfOyWjxlIk8iC86pYu4ykVcoy7KnK/u1svCHP/xB3Ssbkhl58SqE5L2Sr0sm3WUij5I13333XXVTcba+YpnIveoJ1TUhi/UykW1du3ZNFpyHLC4vk4cfflgdUZHlDz/8UL2f6jCOcunSJfWE6iuSNaNXJvKGP/7444v276DzbaO+N9zvm8zc26l65njjwejQNx8MZQLAB2UCgyiTyAu5TGR53759j9V98803N27cuP/++2VHeffu3Yurl4naj5edaVmQMvnTn/4kD8lms3v27Ono6KhtyT6pqcU+BOHMLK5UJnfu3JEsUbv4snfrLhN5fvfuuzxQ3SuPXbRfiXpJ8hq0MpGX9NBDD3V1dcny1atXn3jiiZ07dxaLRWfrq5WJOvjjNJUqk8V6L3nLRC2rFy8LR44ckSyRctu7d6+zpnjyySfVOsovfvGLiJWJ/CY++OCDzk3njZKFoaEhd42438Mm4Y0Ho0PffDCUCQAflAkMokwiL+QyefTRRwcGBpbfb+XEM888o3aa11kmd+/eve++++QhjzzyyNdff+16MmufW55Nm3nhhRcWPQdY3njjjRY7OdxlcujQoZaVjpmsWSYnTpxosc9MW6wf91AfG9WyVpmseMxkcd1lIls5fPiwLHd2djprLtaPCzny+XzEykR+l9966y3npnOdiXyPvWBzrjORGWe1JuGNB6ND33wwlAkAH5QJDKJMIi/kMpEdd/fu8mJ9D7ulfsxkdHRU3dSugNfK5IrrA7juv/9+92Xir776qnNXi72Jjo4OtSybUDPuFdR152pZNiSv8PHHH1c31SUx6ykTCRjnCYU6fuI8iSoTSQg14/6KnA84bql/1taaZeJQ66uCOnDgwEcffeSs+fnnn7e4Tu5Sn58bmTKRL1neN/l2/SfbO++8I5Plcll9Npcs3LU9UP9sLvUhBE3FGw9Gh775YCgTAD4oExhEmUReCGVigjTGpUuXFu2dVNkBVbv+29auXbvc176j+XnjwejQNx8MZQLAB2UCgyiTyNuiZdLS0qLO1ZEykUp5++239TW2h1u3bkmTyLvxxRdf6PehiXnjwejQNx8MZQLAB2UCgyiTyNuiZXLlyhX140H27dunTubZnn7zm9/s3Lnzd7/7nX4Hmps3HowOffPBUCYAfFAmMIgyibwtWibAluaNB6ND33wwlAkAH5QJDKJMIo8yAcLnjQejQ998MJQJAB+UCQyiTCKPMgHC540Ho0PffDCUCQAflAkMokwijzIBwueNB3Pjp38+qW8+GMoEgA/KBAZRJpFHmQDhu/jeYW9CGBof3HhT33wwlAkAH5QJDKJMIo8yAdAQygSAD8oEBlEmkUeZAGgIZQLAB2UCgyiTyKNMADSEMgHggzKBQZRJ5FEmABpCmQDwQZnAIMok8igTAA2hTAD4oExg0KaUifw1d/7CvD4Lm7wz8v44N6dm1njP10SZAGgIZQLAB2UCgzalTGRD+hRcNvb9oUwANIQyAeCDMoFBlEkT2tj3hzIB0BDKBIAPygQGUSZNaGPfH8oEQEMoEwA+KBMYRJk0oY19fygTAA2hTAD4oExgEGXShDb2/aFMADSEMgHggzKBQZRJE9rY94cyAdAQygSAD8oEBlEmTWhj3x/KBEBDKBMAPigTGESZNKGNfX8oEwANoUwA+KBMYBBl0oQ29v2hTAA0hDIB4IMygUGUSRPa2PeHMgHQEMoEgA/KBAZRJk1oY98fygRAQygTAD7MlMnMaDqTU2Om/qdNsa9fzRSn+QNou6BMmpDP+5NLZ2PxVOxIl/p/dLJY6DyWlpm2ruLyFc9bq6mRHqZMAKwfZQLAh5EymejrdnZcchO1ydZEbaatb3LZ2oiuZiiTbFu3+6aPtr76N+s9iaVL+lRTWq1Mzp/NJ473z86Ol/pzsXHiGSMAABXCSURBVBODMhNLpJNdBZmR/3mXvzUTifTAwGBRRmF0mjIBsH6UCQAfZstkeYQsrDTZqJlY+2l9Ds1q08vkXP1b0drRrlZHZJ87nkpma0cA+uxDBIljPdVzhbYjtXJ2HuusIDvo8i3b6borFs9V7Wdra7UecrxvtLPNCW9rHz5zosu62Zp92l6/Ld6dm5qXTcST+WrVWpB700PTzhOGabUycWtb/j5UJwqdQ+7bJeem2qWgTACsE2UCwIexMkmkOzK9svvVOVSx5xbi1n5bOpEIVCal7nTmxNr7pmgSm14mVasi6sdMzp3uGLJLoZTvOWf9R9vb1o6ZnOvtOq3CwuYtk+UHSSacmwOdqbH6X7LxeFfV3tGPnbQ3NjMQSxbUXekja38tJqyjTKbVMZOaC0+3JlLLfm8mCvFW6yyv2JGuifOUCRC2D268+YM/HvjBH79tevz0zyf1bQdGmQDwYaRMpvLd6eKcUyOyUBmy/q1aKmWumGvLT+kPWKeFUdmZq5zKDqyxB4tm0VRlMtnXXTtWMjfU1iffhOOxdisw6vQyySWXbWuFMkl0pQedb+alMnGv2ZmwlqVMkqdm7IlSa/0ER+35Q7NWmcxP9HXnxufVjcG0dXgnU9DOc7swUCzPlkdP9+ViydOUCRCyi+8d9laEoSEVpG8+GMoEgA8jZeKi4sQa9YMn926gM2X/U+752PEztalirqevO903NFi2bsmuXrp/eKA/H0sWJuw/5XqSXQNnxyvjo9pZOghHU5WJ7GSPzM7MqnFe7XnP59LdsaM99rJeJu7A0G6qMrGcn2g7kjp+asJdJu5ToVR+tFnf/2piaStNWSbz8Xh6hf9Vny7Gu0f1SVu2LUWZACHz9oPJcUDffDCUCQAfpsukWu6tnehf+zfYAJLxVMcZa+dVnSFjKeZirUv/7O3sg8brazryx1P3eqQG966pymSir3twpb/7OlvVqUp6mfS0r6NMqtYRwVii110mafs4ieIcM9kSZTI7lFshSyxLX50mc4QyAcLmiQezQ998MJQJAB9mymShtoupTuLqyPTWT+uyXLjHP3/GVeGoUVJPUszlli5asQ6MLA17R2pq8HTCvkZZRqDPXcI9aYYyOZ5InZudsS82n5dvg4Gz4wOFgl0HZ3OFUfXBU/aKM7HWXrm59MinS7GjPeemysXBgUn7Gqd0oTw5VuzpSKsy6ewbKpVnzp0diCUHqtbJXd3Zs1MT0+etB7bn1Ydcxe3vwy1RJk8P5Vq7BtUnbsmQ34xkV+H0oPUWHT+aGpiR/50G5AspWY2X7ZP58ujp3p44nxoMhM4bD0aHvvlgKBMAPoyUiYkr4EuZtH3GljIe6xy+UNXKZNa5trjmXH+yX53cXy2cpEw2QTOUCTQb+/6oXQrKBAiTNx6MDn3zwVAmAHwYK5PasYvacZJq/fhJ7F4/NbjDdYZM1TqdJpuf0cqk6t6cpZTrGKr9YZfUfyADwkCZNKGNfX8oEyB83ngwOvTNB0OZAPBhuEwSS6kwVwxSJjNLV73b+k+krB9ssrxMqguVtqP2j6xOF0r2wZLOpHUz3t4zN9BDmYSPMmlCG/v+UCZA+LzxYHTomw+GMgHgw0iZVGdG05mcGjP1P22Kff1qpjjNH0DbBWXShDb2/aFMgPB548Ho0DcfDGUCwIeZMgFslEkT2tj3hzIBwueNB6ND33wwlAkAH5QJDKJMmtDGvj+UCRA+bzwYHfrmg6FMAPigTGAQZdKENvb9oUyA8HnjwejQNx8MZQLAB2UCgyiTJrSx7w9lAoTPGw9rji9u/ed7X77inV/P0DcfDGUCwAdlAoMokya0se8PZQKEzxsPaw551M3bX3jn1zP0zQdDmQDwQZnAIMqkCW3s+0OZAOHzxsOaY5EyAbAVUCYwaFPKZKayxvNsc+735/yFedc994IyAcLnjYfVxu073+gPXlz8/bUXvWv6DP3xwVAmAHxQJjBoU8qkau98y+YY3qFlm+wSeNdpaExMPy1jfKpSnpgZOTc5VBrNnz7T1d3b0dml7480rlAotLgcPHjw9ddfd9+UdX73u9/t3r1bbnZ2dr7zzjvOvYr72bq6umRmz549n376qXse29Dt27e1b5Jbt27t37//4YcflruWr9uMvPGw2rhzd4Uvp9ELTvTHB0OZAPBBmcCgzSoThMboMZP1lInKEkUqxVlWnKeSF+lMPvbYY0vbwLZ08+bNU6dO/ZNNzcj37fO2ixcv3r17d/nqTccbD6uNy9de/tNXr8mQR/33nRtq+R8/yHvX9Bn65oOhTAD4oExgEGUSeUbLRHnggQckUdSyKhPnrs8++8x9U1E9c/nyZfek7GveunVLFq5evep9CLYb+c6R7yX3zKFDh9TCgQMHXnjhBfddTcgbD2uORa4zAbAVUCYwiDKJvE0pE0VN7rC1trY6/869Ypkosk6lUtm7d69+B7YZ+fb41re+Jd8n09PTi/bJXadOnVJ3pdNp5/utaXnjYc0h3/5f/vVj7/x6hr75YCgTAD4oExhEmUTeppfJD3/4Q3Wzt7dXreNTJr/85S93794tr1C/A9vMnTt3/uVf/uX999+XPrl+/frNmzed7zFZSCaTy1dvOt54MDr0zQdDmQDwQZnAIMok8jalTJbfb/n0009l/g9/+MPi6mXy6quvyvzQ0JA2j+3sq6++GhsbkwWnRmSh+b9JvPFgdOibD4YyAeCDMoFBlEnkbW6ZuD9GyamR1cpk9+7dk5OTW+KTlxCaa9euybfxous6k0cffTSS15kEGfrmg6FMAPigTGAQZRJ5m1ImysGDByU/nJs7duxQl5qsWCaysrOm+Oyzz9z3Yrv5u7/7u1deeeX999/fs2ePitVyuaw+m0sWovTZXBsy9M0HQ5kA8EGZwCDKJPJCKBMAGm88GB365oOhTAD4oExgEGUSeZQJED5vPBgd+uaDoUwA+KBMYBBlEnmUCRA+bzwYHfrmg6FMAPigTGAQZRJ5lAkQPm88GB365oOhTAD4oExgEGUSeZQJED5vPBgd+uaDoUwA+KBMYBBlEnmUCRA+bzwYHfrmg6FMAPigTGAQZRJ5lAkQPm88mBs//fNJffPBUCYAfFAmMIgyiTzKBAjfxfcOexPC0Pjgxpv65oOhTAD4oExgEGUSeZQJgIZQJgB8UCYwiDKJPMoEQEMoEwA+KBMYRJlEHmUCoCGUCQAflAkMokwijzIB0BDKBIAPygQGUSaRR5kAaAhlAsAHZQKDpqenKZNoo0wANIQyAeCDMkFIKJNIokwANIQyAeCDMkFIKJNIokwANIQyAeDDbJnE46mYZ+grYXugTCKJMgHQEMoEgA+TZVI+LR3SkcmlnXGiKxbv1ldrwEKlPBRPWHmTzBRKM/rdPnLJVGFsavDc+Vg8nRnV790QsUSPPgUXyiSSKBMADaFMAPgwWSbFnHaEZKynK5YsDPb0l9bYBV3ZYCYtT9jZc2agUIgnegpz+go+EvVXEkt09ZSX37dBYolefQoulEkkUSYAGkKZAPBhqkwqp3usc7cSXUsHTDJWqGTPSSRk840c7qiZORM7OdRIjCwT7FjNquJmnjaSKJNIokwANIQyAeDDVJlYh0ekTFLD7kmZKcmvycKEe3Z9Jvq6pWq8BrNZedrEsfzA1LyaiSXP5NNZ66SvI10V+bPu/GjupLWOOoAjiZKbtFarjBRcV7/kqtVSLF2qP2uprc9eqVrKnK12tKdjJwblxvxUqbXVWr8wbm2rmOlWD7fus545px4sW08ckSpLj1ibt3TGUzND/bJm3PU6txvKJJIoEwANoUwA+DBVJite+261wWRhxcBYUy6Z8vbMTH82e079cTbTfyJVshdVgdjmYm39ask5ZlIvk/Ox9tP2RDnbptZfuUxi8XR9col8dWpd96EYVSalTNo5zSzTmlIHh6RMBtXkaL9zXtl2Q5lEEmUCoCGUCQAfZspkYdTbJNY4OST9oK+8PvLAoj5XzRxxPdtkIXlqtuo6duFe9pTJbCxZsCfWKJP6gq0y1tZmXesio9N+Nd4ySbrDo5jLnLX+27k0WXItby+USSRRJgAaQpkA8GGkTOYG7ItMPEPK4fi97peP9axw5XqAMrGOe0zNzZd6umMJdddaZTJ2ujWRyg+XK7OzbZRJ4yiTSKJMADSEMgHgw0iZdHqaRI256kLs5JC+9nrNxeLp4/3j7qmZU9nMWe/ZXOsqk3SrdprWZOz4GXXy1USu21smuWSqfphlweeYSak73V+/vt99Nld9LcpkhUGZbF2UCYCGUCYAfBgpk/SR1IpXeVcGe/utoxr3aqFSLvTXfp7J90cq9txIv/WRX4lj+cJ47fKOdZZJT7KeTIn0jP1H4khfT2vtyvVJb5nI1os91pX0bZnhbFutTGaG8jLTP62eubatgWxWPU9xeukKeLVAmaw4KJOtizIB0BDKBIAPI2UyV7L211ccF/R1N8nCZDyZGxgclpHPZuPdZn74Ilwok0iiTAA0hDIB4MNImTS/YiY15txYmAxwjhnWizKJJMoEQEMoEwA+ViyT//f/XlBZIgv/Q39ERCx0HrM+ZSt+tDuZOaPfCQMok0iiTIDwfXDjzR/88cAP/vht0+Onfz6pbzswygSAjxXLxD3+h/4I4J5QJpFEmQDhu/jeYW9FGBpSQfrmg6FMAPigTBASyiSSKBMgfN5+MDkO6JsPhjIB4IMyQUgok0iiTIDweeLB7NA3HwxlAsAHZYKQUCaRRJkA4fPGg9Ghbz4YygSAD8oEIaFMIokyAcLnjQejQ998MJQJAB+UCUJCmUQSZQKEzxsPRoe++WAoEwA+KBOEhDKJJMoECJ83HowOffPBUCYAfFAmCAllEkmUCRA+bzwYHfrmg6FMAPigTBASyiSSKBMgfN54MDr0zQdDmQDwQZkgJJRJJFEmQPi88WB06JsPhjIB4IMyQUgok0iiTIDweePB6NA3HwxlAsAHZYKQUCaRRJkA4fPGw5rji1v/+d6Xr3jn1zP0zQdDmQDwQZkgJJRJJFEmQPi88bDmkEfdvP2Fd349Q998MJQJAB+UCUJCmUQSZQKEzxsPa45FygTAVkCZICSUSSRRJkD4vPGw2rh95xv9wYuLv7/2ondNn6E/PhjKBIAPygQhoUwiKUpl8sADD7S0tGiTly9f9k465K5nn31Wn8UW8dBDDznL77zzzu7duw8cOHD79m3XKk3KGw+rjTt3V/hyGr3gRH98MJQJAB+UCUJCmURSk5fJRx99lEwmb968qd+xkhXLRPZTx8bGtEkHZbJ1vfTSS7t27XJuyvJbb71VqVTK5fLdu3ddKzYjbzysNi5fe/lPX70mQx7133duqOV//CDvXdNn6JsPhjIB4IMyQUgok0gyXSZDQ0Oy9//UU099/fXXEhiy/Oabb+7YseNHP/qR+rftK1eu7NmzR+ZHR0cX7UMcjz766AcffHDgwIFf/epX6i5RKBRk/UOHDsljH3nkkQ8//NDZxJdffrl79+5jx445ZSIL8gy//vWvZWXnmIl76319fZ9//vmiq0zeffddWb5+/brztGhm0h6vvPKKVKt+h/27L7/p+myT8cbDmmOR60wAbAWUCUJCmUSS0TJRVSA7ka+9Zv2Lr2qDU6dOvfPOO7Ig7SElIAuSEFevXpW6kIxRDxESDx9//HHSpo6ZyMLRo0e/+uqr995779atW85Wdu3a1d7efuXKFfXAxfrBk/vvv//cuXNamch3oFpT7l20y+TnP//5J598Igvyq/Oc2BK8ZfLFF19E7JiJMxYX737514+98+sZ+uaDoUwA+KBMEBLKJJKMlskVuwF+9rOfqZuqDdThDlmQolBHKtS9nZ2dhw8fViEhC2rSXSbpdHrnzp3y8tRdDln/0qVLsnDfffc5ZSLPIGGz6LrORG1d/Wt6i00tvPTSSydOnNi/f7/7ObEleMukWCxuicL0xoPRoW8+GMoEgA/KBCHZkDLJ5/P6LDaV0TJZtK9L3rFjhwTATZssfPbZZ4v1Nnj99ddVIYhCoaDOw2mxz91Sk+4yESMjI7t375YV/uM//kPNLNpPdfXqVVk4ePCgejZ5HucZtDJxb91ZEPIQ5wmxVWhl8swzz7z11lvumabljQejQ998MJQJAB+UCUISvEyq9n7w0NCQPovNY7RM/vKXv3z88cd3795tsQ9WqDbo6+v79a9/LQuHDh1SM87ZXBKuWpmk0+n9+/e/8cYbV65cef7559WlKTLjvmx9xbO51l8m6qlk68Vi0XlObAnuMpEs+f3vf++6s6l548Ho0DcfDGUCwAdlgpBsVJmcOnVKdkDn5+f1+7AZjJaJc9FIi+uYiTqEoi6CX7Qzw1nnk08+0cpEakTdJTOyG+qs6T5m0tHRoSb37t3bcq9lIl+1vCTnObElOGUi9SuB+k9177zzzvIVm443HowOffPBUCYAfFAmCMmGlEm1viss5tEELtgkS55++umZmZlyuVwsFvv6+rq7u/X9kcDcbQBsZ954MDr0zQdDmQDwQZkgJBtVJlVXnGDTOX0iexiynzE+Pj48PJzP57PZrL4/EhhlAijeeDA69M0HQ5kA8EGZICQbWCZoHmqXwtDZXBrKBFC88WB06JsPhjIB4IMyQUgok0gKs0wAKN54MDr0zQdDmQDwQZkgJJRJJFEmQPi88WB06JsPhjIB4MNImVwo5WPx1PKRq0xM6uthO6FMIokyAcLnjQeT44C++WAoEwA+jJTJRF+3t0xkMpEp6ati26BMIokyAcJ38b3Dnn4wNT648aa++WAoEwA+Qi0TWZjT18V2QZlEEmUChE9q4Qd/POCtiA0fP/3zSX3bgVEmAHyEXSb3HieThUT6zMDg8EChcO9Pgs1DmUQSZQKgIZQJAB+hlUkqncmp0TM8qz9gPSYLbX31K1UmCm35qWX3BhOPd+tT2GiUSSRRJgAaQpkA8BFemThjKTAa4i6TyaUyyaez8pwdfWMV+4+1XDJVKZ22NpRID047f9ItJJNpq44G6z1TzJWq861HUslT5WKm9moHXU+YSGbn6w/GhqBMIokyAdAQygSAjy1YJvNzbYna2Vyl7vSgvTTTLznRVbXLJD9Te0QykbLvO5OM2wuyeCqbOWv/8VfMxVpztfWq1ZhzzGSy0Fl0prGRKJNIokwANIQyAeBjK5WJ8wzJ7LCayxypJYfVLXZ+WMdM6o8onEyVqtXKqexSeCyU4t2j1kIx13FmaT/YtcJorH2pWLCBKJNIokwANIQyAeBjK5VJ7YFzQ/FUrUyS8VRldtYZVbtMnEdM5LoH7eMqsbgTG5OxE4NWuhRzOderWCoTy0I+m40luPJkg1EmkUSZAGgIZQLAxxYsk2o1254as/8Qk+rITSz740zKxEkOdRSlOjNYO63LPpsrXaqdzbV6mVhU1WADUSaRRJkAaAhlAsDHmmXy/wFCg/ofiyTxWwAAAABJRU5ErkJggg==" alt="Screenshot" width="100%" ></p>
<p><img src="data:image/png;base64,iVBORw0KGgoAAAANSUhEUgAABDMAAAIGCAIAAADGMlPIAABsZ0lEQVR4Xuzd/38b933g+f0P3Ptlf9pfaifdtmnTJm2z2e7l9paPdateNu7poiQ9N82pdaxL+nCSR7dpLj534/TsNGObCCxSEWVCMq0vESHCpCghosQvJg1RIk2aFClYMEVKlCGJoiiJX0AJ4hcQ5NxnvmAwmCHBb5ghh3w9H++1gQ8GACmhm3l5Zsh/8+RbgwzDMAzDMAzDLDfX1TGtlN/I/tM2v/nWDev2qx7t6errH1Bvm9+xPLvlxMz85Mz81NxCal6eX5AXZM+Ymp4z5t/Yvn+GYRiGYRiGYeyzoWWizWJlsqPq9hYpE+uDwJoMjz62LgEAAGwhYndf7PSLXf/puYVHqfnx6fToVPre4/SdR3NDD+duP5y7OTn3SSI1OJG6PpG6JmY8NTA+2z8+e3VMmb7MfDy65Bjb9KlPESOePqCMeLXZ6xOzNxIp8RY3J1O3H4qZG340J76Asen0w9n5ZGp+Jr0wp5SJYP3iNy3KBIVHmQAAgK1N7O6Lnf65+YXZ+YXHcwsiBiamlSp4IPokOTeSnLub1CtFDZXUrUmREHNxtSX0mUyJtFh2xGba9vHJVFztEPFSWvyIfw4rb6QEiRjx1uPT84mZ9OOUdsBkIa0eMKFMsK1RJgAAYMsz4kQ0wEx6YXpuQSSBmEez849S86JVJmeUTkjMKNEykfnn+HRanfkxtWSWHbGlOuormF5KvOzkrPIuYh6pB0mSapBMz82nlC9J1rLEWygTFB5lAgAAtgPtnC41TuSUevxESxQxU+o8VoMhqRaLdkPpFm1SxiwsMZkNTO1hvNRj9cWVFNHfUTl9a1Y9g2tOzRJvnceloUxQeJQJAADYJhbUQxMiA9QRSaCcQ5VWc0UdpRPUgxjaKJemaKM9tJIxP0t7HdOjyrto75hWvwAlSDx1BpcZZYLCo0wAAMD2pISKZdRDK/knEzbZsW+zyNjey+soExQeZQIAAJCHPSryzzZBmaDwKBMAAACsFmWCwqNMvG5iZmH48fydZAFGvJT11QEAABZDmaDwKBNPG5tesAfGeka8oPU9AAAAbNZbJrNpeehhum907uMH6owak1ZmzDTjyvRPKD8Zzfoq2FooE49Kzcv2rijUiBcHAADIY11lkpxd+M2SkSdL7z25796Tv7z35P77Tx4Q8+DJtx48WT765EFlPh0Y/puGR7sbHn7qnftPHZ146mjiqV8lmobmrK+FLYQy8aKZdIEPlSw61ncFAADIWFeZlHzwKH+Z/PvA8K4zY2Mzyi+C2VF9zyiTp45PWl+rQP7hhz/6q7/+lhjrAwWlvYXT7+JdlInnpOblQl1Ykn84cgIAAJayrjL5zTfv5imT3w4MNQ+lJmeV3z+5IC+MzaSfOjpulMm4M9fF/pend/zmp39HjPWBgtLewul38a71l0moptE8kbi2fNuynsh91la1099hXSo0e0I4N9b3BgAAUDlYJn/XOC6yJD2vFIj4f5Oz808dyZaJQ1ebUCabwfrLRPIF/fur9SkJVvZqyzHJH8qsh4r9waHcZy1i6OR3jgxaF2X5F1993rq0bt/76vM7M/O9l8om0tYN1szpMplNu1oms4X7kwEAAFuJU2XyXOOYSBH191cqvx0mlV54u3/WfDZXkjLZugpRJrXZO72N2TKpimVWhxsCKyqTV159fud3j1uWnSmTF813f/Hc893T5oW1W1eZpFvbrUtW9nhweqxfAQAAgENl8kxoZOSxeg6XKj2/cGpw9tOmK+Apk61tU5VJaEhONvsqrucsu1Am4ivc+Wpz7soaraNMUhNnfu5mmVSeGn/iVNK+bhnrVwAAAOBQmbwQeTwxky2TmdTCX75756kjE5TJNrHZykSWH1sOm1jKpD1UsvOrz3/9uZ+8Fo5qK+XfytngF19//m9NZ4WJCPnVTdPDmUXLys5/OKnd+N5XS+T05Hf+WjnR6ztH+rTFkQ9OvvajH4qVv/3+K6ncE5xGWo9//ev6WWGyuUw+KLFkhuUbiYbLfvz9H4gnfnPPT25Py9/8q+wJZr/4wLxhVp4fydXRMvFE+biYL556eGbU+uiis8IyEW9q/ToAAMC250yZnJ/+5OHC/LyeJpOz8//xyBBlsn0UokyqO7qi+pwJZ8ukIpJZ76zcv/IysR42Me/Q/2L38zdSmTvJjm+WdIt/p5p9jaZzsb7pL3nlqz/M3Hu86EEMW5lMGsdMxEPf9LeaH2v3/6DxXvau+BpuZ253l/wgZMqeX+z+wQrL5Mdff95+ccvt0Iv5j5nk+b2Kokw6tNuXEk+UT9g3sM8Ky4TfvQgAQGENNdUqezArlrgSkXzBOsvVuBM9oSu5J6MPt2u7YcWHOpff71q3QpbJn7z1yV8cHvzDAzf/4ODtd/rmh5NqnKh5Mjad/uKxO/nL5EcvvqTt7n/Y1W3s+ot5rfgXqZSx5yj/2V/8N/OjYnbu+obxqL1Mnvyt39VWvvCnX4rHb/7+5/5Eu/uNZ//m07/z+8aL/Nc//7LxFPE1v3PkmOVdfvLTV4wNjEXtbjqdNm8p7hpbbk/rL5OCyZSJ8MrXTTWS3aGPfrNMP06iP6RvNvnN8sy66IG0souvx8P143UT+iNmljIJ/ePzNzIfhO/ZTh4zDqdkPBYZo33Kd34rkPNIumNFZTLR8Mr7i/yxL1smeX5YcKZM5n70q/Gnfq33xk9akq33Zls/SPzounL3RjTx78rHO+7OVF56fMcok0dT/y5vn4g3tX4dAABgHVZbJpKv3rq0qEyZuKNgZfLb+24djs203p492PvodwMjf//+ow/uLUzP6UdOxL6+r/vRCsvkM3/wR5Yq2PWNv9a2eb3Yb3lIm7ID5doGljKpPllrbCOyRKwYZWJ/l7cCh7RniWixPKTNpR79b8ZY0e7+3fPfMVZ2P2fdB92GNmeZmA+bZHfob1a91qbf1NS9pD+0c8/xG+qNdr+68slx7aWyiZIrWybp1PlQyc7nlBOxMg9ZPhU3zeeGaXZ+vUz7/1BsV6cMr6hM2krMB3kMy5aJPRuMMc7m+uvzj69aH5364vvT4kZJ1fi/PZONEK1MxD8vP7K+mmWsXwcAAFiH1ZdJo3VpUR4tkzd7ZqdS6q8uWZA7h2c/c/Ded99/+MHIwp3kgnrgZEH5qcGm32eSp0zE/O1ze37+2hvmKhAbtLV/YF6xzOXoR3JumRhHS8RcH9R3BI0yEfO5P/7iT/+/V80vYvky7DM3p/z2evNdc5Y8+ze7jW9nO9ucZSKbDptkd+g/UK4wsYwWHuXfev7HZ5RfCbrz6yXatjtfPKM813TsxUyUycTEpDrWb992oleH/aqPnV99Uf1Sh78XGrY+tIIyWaqXli2TFRwzmb8z+ugr5ePa4qunJp56R8mVz7VMibtfFN3Sk32KUiZHxp94O2F/NfNwzAQAAFUqMTEuZrS38eilpLg/2lrfMThyvb2x9Jz6P+zD7TVNjTWR6PUxubsqKAXbS6vaO66IXYXRSDB8/f54W011nfpr3/QyGWr31xgX5ZrEIs19t+PRC9Lx6Iwsi3eUfPXin+IR8bINgVBbl7JudEiZP3j51njifry4JKStSIF2y9lcpeGB3IVU2Tn9N9CtWcHKpDyWHpvWz90S/+wcmf3M20qcvN2XvjG5MDGz8O5gaoXHTH5VeUJbEa9j7PTfHhoyF4LxLGPlU7/9e+Ju0dN/Yd5Mm4/7rhrbG2UiukVbGRi4Zn5Z4/ZnPvt541n/+1e/ri2KDjFvY56pqcX+k/W2tP4yKfh1JhnKpfA30qYyua4fCbFLNfuUE6vS2Yqo2KM8a+dLDebNDLb8yLI9lOeYyaTtIhbTiq1MXsl8I5YLYwzLlsmKrjMZfvif1TLpeH+iUlt5lNTK5I3gIsdM7nzy8IvvK48uNVxnAgCASVraaz23SpSA8q/h9rIm/T9ZKmXitx/oGNY2UMpkqFM61Gl9PJfka9QOrRjHTMTLdhv/wVArk/loaUPmv5PeiCxVJnLqdvFJI05S0oEW02NrVLAy+eH701cnFuYyF5bMpBf+73OjXzh297nmh2duzn8wsvDtpskVlsnNm7eMRWO//9bt28btL/2v/9XY4PNf+FNjXTYdMzHms5//grGxbCqTLz+z01g0v4Jx+1+l140NjMM1X/jTL5m3McZ8rQsKUSaF/dlcWa996/nvHBnMlkm645XmJb7aiYYff/WH2kUmmhtHfpiSJ+3HNDS2/MiyP2T7FSum60z2WB6K5pRJ7kVM3zS+kaGTa7vO5OFsvjI5c3fm8t2Zv1MOg0wqi7HJv+6avvEo9WpIP2ZiXGdS06r0SeYK+LknAvmumBdvav06AADYtvpaKnuVAybC3EjMvy8k+YJGmRgnUylloi0qUiPRdv/eoNjSKJPikmDNtSWudp6Ml+5XX3axMsnuK2lvZz6DK3N7kTKR5bpAUDmbSE7FG2ovTy7x1qtRsDL5VOmtn3ekBhMLj5RzupRHRZw8e/r+U4ce/PbBW79zcPmfzfVP/8//q+3lP3gwaiwau/43b90ybn/tr/TLTgQRGMa6vFiZfOYP/sjYWDAuLzG/iPkVjNtvv3PE2EDEkraoHZmxvIWYv/w/vmZsjM1cJqIB2ov//pXvZ8/I+sXuRX6klUakSOgfzOduRctDx3Oulzex54fB/lB3yQ/qcn4AV/ZnczW++ny7/v87aQ+ZfjaX/MB8FcpEm3IqmnH3vy/2s7nkjwK/XO70UHs5OD3WrwAAgO3qck1IKtEjIXI4KFXoBz3yl0nAFwxEtB3mq9ljJrJ8+kDQtBORJe1t0W+spEzmo2XNI/rKUL4ykdU4kQ60FCRL5AKWyZP7Rv7zO2NtdxfuZX7HovhnxZXHn3/71lMV40+9M17AMvmd3/+csYFIBWNdNpXJ7/3hHxvr3d2XjO1XXiZ/s/s5Y4Pyg29ri3/2F//NvI15Hj16ZGy/zW3uMpHlZKt5h16+2bDzuVe6+4cn7vZ1tzZ/569MFfFR4JuZi0w03/zW32d/Tlwue34YFnko/WDn1//+e8UnJyYmTx165es/Mh0nSfbt/KsXo58ol6w0hkr+e+1N8/ldIj9CrX0jE5PR1jM7v/qD10zfSLL3sPhGysOt6hMPZy6DG965++diJdr/wNjSwl4OTo/1KwAAYLsq9oWMAyZi30Y61qPcmh/IXyZlvmBFh3oad6zFXCYiJAKt2R1pg7Q/ov57dEVlIo8bbyReNn+ZyKnbhcoSuZBl8st7n/rl8Icj6Yez2TJ5f2j2z3/1SaHK5J9/8lPj7uf++Ivn6hs+89nPGytvluyTTdeZiNt/+Mf/wXjUiJNly+Q//On/Ytzd8eW/PHU6/LfP7TFW+q4ql6yYtz98NPvzhf/sf/uK8Zrb2SYqE6xAnktNnBguMgEAQNfbqJ5hpY7YyZkf7a4Ji9uhrpH8ZSI/iIYOKWdndYykcspEPYgxZPtvgP1NdWLjo02DZSsqEzl5rV35kvyh/mR8mTIpqIKVyVOlww03Z+fU32Aiq1kyObvwf/76wVMH7xWqTGRTV1jmj/7Df9K2t/zU4MEbN4xt2j9Q/sPzsmVivmuZb/5ff7fo9pUnqowV4kQuRJlkL39X5/qYtjxuWVd+iAQKwd4Pzo31vQEAAFQFK5P/cmzk3pT284GV5EjPL7Temfv0wZEn3x4rYJnE4zcttaDNyL172vb237T4J//xf9ZW/v1n/qD1wsWVlEnd2frP/fEXLW/xqd/+Pe1HBtu3l3N/QvH4uPIj2Laz9ZcJXHZ/ytoPDo14I+t7AwCAghpqqs0eitGOxnhEwcqkcmB+ek679F2eE1kynPp0+ciTh8ZWXiar0v5Bxy/L3ur8sMv6QEG1vB85UH4wfKbO+gDyoky8aCbtxjld1ncFAADIKFiZSF1zn0zOp9ILs3MLkdupT711/8mDo3nK5OH6ygSbGWXiUal5B0/rSlElAAAgr3WVye/uGzHK5EuVY/W3529MLlxLLDx/ZvTJ8lHKZNuiTLwrsfSvN1nPJPgFJgAAYDnrKpPJmQXzz+b6nYMPPn949LfK7z/51oP8ZVJxddb6WthCKBOvm5hZGH5srYu1jXgp66sDAAAsZl1lIqunf1wdnfv4QWZGjUkrM2aacX2Sc+ypbHGUCQAAAFZrvWUC2FEmAAAAWC3KBIVHmQAAAGC1KBMUHmUCAACA1aJMUHiUCQAAAFaLMkHhUSYAAABYLcoEhUeZAAAAYLUoExQeZQIAAIDVokxQeJQJAAAAVosyQeFRJgAAAFgtygSFR5kAAABgtSgTFB5lAgAAgNWiTFB4lAkAAABWizJB4VEmAAAAWK2cMhE7lAzDMAzDMAzDMO4Px0xQGA8ePOjKsHywGIZhGIZhGGZVQ5lg7YwsoUwYhmEYhmGYdQ5lgrWjTBiGYRiGYZhCDWWCtaNMGIZhGIZhmEINZYK1o0wYhmEYhmGYQg1lgrWjTBiGYRiG2YRz6tr0b5SPP7G95wtVCcsfy//o6Hv+/R4358PhcfvfTp6hTLB2lAnDMAzDMJtw7Lvp23PMceJ+lmhj/9vJM5QJ1o4yYRiGYRhmE459H33bjvFnYm8Gd8b+t5NnKBOsHWXCMAzDMMwmHPsO+rYd48/E3gzujP1vJ89QJlg7yoRhGIZhmE049h30bTvGn4m9GdwZ+99OnqFMsHaUCcMwDMMwm3DsO+jbdow/E3szuDP2v508Q5lg7SgThmEYhmE24dh30LftGH8m9mZwZ+x/O3mGMsHaUSYMwzAMw2zCse+gb9sx/kzszeDO2P928gxlgrWjTBiGYRiG2YRj30HftmP8mdibwZ2x/+3kGcoEa0eZMAzDMAyzCce+g76BI0/M2BeXGllOH7EtanNkQl7VS2lj/JnYm8Gdsf/t5BnKBGtHmTAMwzAMswnHvoNuzFf60iN3Z15pSb4xMPdt26P6RNPWlXXMqnJiQ8rknzv6krNzBz+OfzQ62Xpn1L7Besb+t5NnKBOsHWXCMAzDMMwmHPsOujFHxuWv2BZzJ1E+KtsW1z6ryokNKZPyWPyDu+P29YKM/W8nz1AmWDvKhGEYhmGYTTj2HXRjvtKfjn/y+EumlfrHsjw996VfP5bT+qES0QD2J75xc+5rJ8e/9P6MPDmb89CZ2fgnU186l3zlSkpbmZYXftiS/HbLlJZAYpfplaaHnz35SKxrG1xOy9OTqS+dm5YzX2pkVi4///CVT+aNMhErmbeYudqvf1WZMnmsfcFHRheOnMn5Iu1j/JnYm8GYf+7oezSbs8H3WqPnbt472n97dGpWPGpOl4czKfHP927fn51Lv3ZpwPJE+9j/dvIMZYK1o0wYhmEYhtmEY99BN89nfz115E5alhc+q96VZ+deUm+IRNE2WLRMjBHxkLsyJafnXzhp3NVDIrt9pmSM2BAr2ltfns+szOpf80rK5KU7C9oX/ER5Uh5f5iiK8WdibwbziBS5/XBKVEfV9Tvm9cidBwc/josbydk58ZAYUSza3Qt3xp5XE6X2xrD9BY2x/+3kGcoEa0eZMAzDMAyzCce+g26f0nsL9e8rN8z7NtpDi5bJG5+kp+e1raxXoYiHROeM3FcL5OKctUwyp2BlYuOx/R1XVSZHzF/ycud3GX8m9mawz+jU7P3HM+LGv3YPJGZS6fSCGK1MxqdTvQ8Sl+5PvHn5urirPKg+Kub0jbv2lzLG/reTZygTrB1lwjAMwzDMJhz7Dvoicy51tU+5Icvzp8/lPLRYmcwk7kxpt+1los1nB+bVQxmP5dGcWrCVybicmnsjmPNc8TWoNxL2MvnslbT1bK5o2vIF5xnjz8TeDPbpvDehnZ1lnKMlakQrk3evDz+cSWmncom5l5zpH39kfwX72P928gxlgrWjTBiGYRiG2YRj30E35vRo+hXlIpDk1Vn5JTUPlOtMZtNipfyW/sSX7ixUvT/5lZx4SMrTc5/99aNXBtLWMmlPlXc++trFmchj/dp64zqTV9S79jJRrjNJzol3rLqjv2NHSi6/qL+4Vial9xdOdz76dmcqPitby0TEj/oFi7c43WX+IhcZ48/E3gzGhK7fabh1r6Lv5nQq/dHo5PNqeBz6ON45Mi5WtDL51+6B+49ntCMqz2euMzl69VZdfOTVrn77axpj/9vJM5QJ1o4yYRiGYRhmE459B33bjvFnYm8Gd8b+t5NnKBOsHWXCMAzDMMwmHPsO+rYd48/E3gzujP1vJ89QJlg7yoRhGIZhmE049h30bTvGn4m9GdwZ+99OnqFMsHaUCcMwDMMwm3DsO+jbdow/E3szuDP2v508Q5lg7SgThmEYhmE24dh30LftGH8m9mZwZ+x/O3mGMsHaUSYMwzAMw2zCse+gb9sx/kzszeDO2P928gxlgrWjTBiGYRiG2YRj30HftmP8mdibwZ2x/+3kGcoEa0eZMAzDMAyzCce+g75tx/gzsTeDO2P/28kzlAnWjjJhGIZhGGYTjn0HfXvOF6oSxp/J/+jos2eDC2P/28kzlAnWjjJhGIZhGGYTzqlr079h203fbmPOEm3cj5MPh7MHbVYylAnWjjJhGIZhGIZhCjWUCdaOMmEYhmEYhmEKNZQJ1o4yYRiGYRiGYQo1lAnWjjJhGIZhGIZhCjWUCdaOMmEYhmEYhmEKNZQJ1o4yYRiGYRiGYQo1lAnWjjJhGIZhGIZhCjVrKZMKf1DyiQlZH3BXd1VwyLoGV1nK5OGjaTGTD6fMk5h8PJFIjo0/HB2bnAUAAMC2kUqlxE7g+MQjsUModgu1fUUxj5Izxqy3TPojkVBNnd8XDNU0LjJne+JJ61NWZH4y3h4pFtnjDzX3T1oftaFMNtyiZbJonFAmAAAA20cqwygTY0fRXCbJx7PrLRNN7FRIPXKyyFT2WjdegaTkC1Ve0oMk3lArXid3AyvKJCs54A8PWBedZykT8fEyf+aMRBGfRfGJFJ9L4zMKAACA7UDsBE4kksYBE/PREpElBSsTebjd3iRrLpPrZ6sbhnOXehuPXkqLf0uHuy+Hw8X+YE2fshw6pBRR8YE6c5lUqosNmSMtlb7Q3K1OsZJQ7qUCB5RHy6o6V3AkxrM2Ik7sZaKNvU/EJ1J8LudU1g8sAAAAPE7bzbMzysTeJAUtE3nA3iRrLpPI4WDMsnS/0382Lv4tBSJSed3pSDQ2IXKoU9pXF+u72hFpKS7RyyTZ2+g/diEW7TEufakUHeIPtXVFxe3R1nDFuZ5YNBoIRGLzxqtvQTUHgi7HyVJlYokTS5kAAABgmzBO5XK6TGR7k6gTqrlm3XJZDQH7qVkxqUqpFclXbSyF/NlTvOrK1af0tRRngmSoqbbhvnJDlMlMZjOlTJpc3V/fOOlER31kKGVddoylTMRny/yZM1eKdh289aMKAACArSWdS+wBGmViDpLCl0nAF7w8ODJTiAMRi57NVdmrns3lazTWAqaLT7SzuRKtYclXm5gY10b7Yiot16ikxivLg/5j3UOF+FI3q3RxSV3DtbX98IE1speJMYuWieWTCgAAgK1NK5NFs+TxVEpMIcvEurRm8Qul6rlbGcm2Y8GOKeWWuUzMx0z0wyzKMRPrl2EtE0VabBZoHbcubxWJS40uZ4mct0zMiUKZAAAAbEPz8/Pazwu2l4mWJQUtk73BytwfGWw+82q16g4pJ4M1tEc7IhfEDX+NfuGJuUzkofbMdSYR83Um0r5wR1f0dFVYWzGXyeVT1W3R+PVoj+SvtR6W2SoSl+rdzxJ5ZWWixYn2E7rmAQAAtq6zn8z8xlujT2zdEd+d+B6t33ZeljIxgqTwZSL6oc58nGMqKpku8MCWZykT4xNGmQAAgG3Iviu/Jcf6beellcmiTVLgMol39VhW2tq3ybXmUCxVJpZEoUwAAMB2YN+J35Jj/baXtrCwoP0mEzfKBNvcsmVi9In2s4MXAAAAtq4n3hrbDmP9tvOiTOASygQAAMBg34nfkmP9tvOiTOASJ8rk6HNFGTteDDTGH1s3WJXIK0VH49bF9ZoZfmH3Lu1L3PPjgzPWh92zu6io3bq2KnHxp/3qRevqWqQfBGrP58zZS9ZtAADY6uw78VtyrN92XkuViTlIKBMUgKVMxOfJniVrKpNXtdvdB/aIO91zuVusxhrLpG//q+eta5qH518tKnpmNJMjM/FIzsMrMlP03FHrmlvO/Lio4O9+sV6kyAXtb+laxwdv154P/lrrkwuWLQEA2NrsO/Fbcqzfdl7mMrGnCGWCgrGXiTaFKpOFhdETLxQtFQkrsbYyGQjsXupNX3xafD0Praur8rix4G2wcj95uuBlkhQREup5oN05c0ZpkoWFe41nlRtXHuVuCwDAlmbfid+SY/228zLKxN4h9qFMsHZLlYllRJxov2/R/FzrxzYjt0wW4od37z6stMWrRUXxyj07iop2fWPXsPqQcqeo6PXXXn92R9Guf40YubDn6aIdz72orb/6T0aZxM0vu3D+Ve1lFYMnxOu88NPXd325SDkWcu/KiZ/ueuGXjY1NjY0fWLJmQLx/7ooqfnR3UZFxT+RQUdFu9eZDcesnr70uvphndhQNiA0/EC+7v+gbPxEvfuWetrmyjXj3F5/bUbRjz4lB/UXEK7x5+FXlG/mxeO2iyCvPFBXtEK8jvuk3M+dJKX8m2q3HceWrFVN/ULzYyVFl7eCzRbu+K/4cfvKC+IP4/skF9d1fEK9lendzuSl/nE/rb5Gtr/jRXcUHi3Y8K77Cn3z/2aKiZ/T1jGsXLyiHR5r6clbT45nDJpeupHMeAQBgC7PvxG/JsXzX5h08O7EHKPYDV3LAZIoywXqsp0yWckwpk5/pdx7Vvfh0UdOUcvNnYle94qax2WzDi7tK9d/FKYjNip7Zq9zq2Vv0T3XGutiVPqY/6Wb2ZYXWn+0+ojwgXke8X3ZddfPI7p+1WtZUN48VPXfMuigr67tNL6Kc8FW0W7kl3sX0NWecN73ItUPPFtU9ytx561nji1Gq68f6N1K1p+jZg9f0jeRLRU/r34j4M7G8unj+zXTuksp4WfEU87cgvlTtz6fppaK9HxnL2e2Vb7noBWO97BtF5407qndPtR4U817OjwuvP6suqnOiZ9T8EAAAW9gT5eNLzMxVWX4pqN+V5fQR6wYrnpOPp+eV94pEH1ofWnbaU29kvob1jPXbzosygUscLZPZR3f37FT2z7V1sUtdpyaK5vy/FJVdzd6t+7HYcJe4cbNi9ws1Y8a62JPOXyZqRTyTXVctWSatP1tdmYzVFT29x1jPMJXJjUPiibPGI1fLdmXuipfYE7yrLYsX/FmbsVH2G7GWSVo89Kx5wbBsmbxcVGSkj/CicTc3xsTfTtWQcU9xIlMg2e9CnqvILCpl0nU/+wgAAFuafSc+M0qZJIamMnv2ay+TyLR8uufxtztn6i9bH1pikpH2zO1YuuqMfYNVj/XbzosygUscK5Nn33j9jTdKjz0y7e1a9sLFZub/eC9aQtv5Nna1Naa7i5dJziGajCXLZKjKOF6RY6kyEcau7Xha6asXSo2v11QmrUopZNaVh4xvU/myMl9D7je1ZJmIr+Ga6YDJrqeLnv3+y03vNYlZtkzMX79s/uMVZfJq9k9arJv/eIXTRoScuSjL4+rti0aWiDkZe5zzBAAAti77TnxmRJksiKj4mr5nb5RJIq7u7cTvTCt3u+f0imhJyaPKyumHsnbDmIS8YHnxb0fntFfQXlxM5KF6hlVa2dLY/VIe6s8W0Q8HlJ2GxPjsD/WjKFNXB5L60ZjLjyxvYZnMS64IZQKXOFYmi+z9W/bCP/h50d6e7F3zMZMXz2aD5tBuc5m8bKyLzfRjJv9StIpjJubTnMxyy0Q5DmKUSUbV943jHqYyGaraU1SUPcSTe8xkVWVy88ieZ98yHfZ4/+Vn3rxk3Fu2TH72dFF2a8sxk7xlMtHbYeqQiz3x4U96PsyunP3oTs7mAABsZfad+Mwox0xEh8jptLpnrxdC/WP5s+qNF27Nlyo3EvL4zBNqkMTVAknI8/UtOS/12fdmxBud7nmcWUnKo8pTxCvI88qLf/vmfLn5lK32TO2Um8tkeuQTNT/OpUb0L3tKfpzSNovn+0aUsX7beVEmcMkGlslsw4vP+LL70jnXmbzUZKy/kL3OZMxcC1UvFGllMlajXBNurGvylMluJRgy14UYxmpfMH15yivaykRu/Vnm7CzrdSZVmdOdLNeZrKpM9jydc8BEfF/aN6jdW7ZMml4qeqPLWM69ziRvmchTN8xHSEScnG7r6bgxdLJROXJy+mMOmAAAthH7TnxmtDIZv5xWUsQoE21RmWg6clHd6U/NvaG0wYKIFuXu7NxL1pcaf6EnJd6r9Jz+yvGBhPYKshozRyZyv4xFyyS7OBWZ1cskcUc/2Sz7VS0x1m87L8oELtnAMhH+Ub0K5Y3X33j2y0W7fn7eyAXtZ3Np62Wv7zL2pH+2U/kRU2+8/vILz+44FnrD2HF/9FGZeJ2XX39j184d+tKUcvqTckbZv1TpT856pP0Mq13f2CXG2IN/pJyXtUN50x1FVb5njCvg9/z4DeV1Xn9ZbGl8heL2i6+/UfaeFiqPxN0X/uWNF7/7TNGOPVU3stusvEzGfv2PRd/dq524JSampM5N7ZtSfjDX03t2Zb7OaweV+DHe3fzKz6jfl/hqdzxtqq9ly0SW73WZD5socSIW+9vbD57ttW4KAMCWZt+Jz4xeJk+UPxKxkbCXSWY6UnJ88KFyBlf73Okz01f71epYbDLRMnO1P2edMsE2tbFlIs/ebSpVjk88890XTRekyPLdD55Rf6DwntebxmpeyO5Jj11S1p/e8ez39yrnX2UPKchV/6L8Sscdu/YYr/PGd5Ud9R1/U2ZsY5i9f2n3LvUNlN8Brx6oUb2sPuWF0ib1ohe1TO6f36VvuWPvr7OnWl06ovxAsJfP6qdxjfVUKdeifPnZS9nzulZXJtplNgbtiU2vK9/U7u/vPX9XucBdf3Z6zPzu5leeHWra+33ldfb8+JC+JK+oTMRT7/SazuA6dTHa1S1ufJK0bgcAwNZm34nPjFEmyrlSRpkYZ3MZc0Ts9o/OXY6K29NX74g4sb+UNgl5eu6Hyo3k9L2cC1FeuLWys7luqeeDmc7mokzgbU6UCbzret/H9a09Yq4P2054AwBgG7DvxGcmWyZPBKfMP5vr6rR+tfpXtJUWJRW0XFn0BePq9tPTaSNpvnZZOblLvMLIXT1ROpLZK+DFJNTr2pXbi14Bf1Jb2Rxl0pfsY5i1DWUCAABgsO/Eb8mxftt5USaMS0OZAAAAGOw78VtyrN92XpQJ49JQJgAAAAb7TvyWHOu3nRdlwrg0lAkAAIDBvhO/Jcf6bedFmTAuDWUCAABgsO/Eb8mxftt5USaMS0OZAAAAGOw78VtyrN92XpQJ49JQJgAAAAb7TvyWHOu3nRdlwrg0lAkAAIDBvhO/Jcf6bedFmTAuDWUCAABg+LeHrDvxW2/E92j9tvOiTBiXhjIBAAAwnLuZ+g3brvxWGvHdie/R+m3nRZkwLg1lAgAAgDwoE8aloUwAAACQB2XCuDSUCQAAAPKgTBiXhjIBAABAHpQJ49JQJgAAAMjD7TI592Fb90PrIrMdxrkyWQC2Pev/VQAA4EFulsnHr/uCkjqnbn3c3VIrbpTUf2jbjNmaU/Ay0XbI5lVpYLvS/k+APgEAbAFulcnDLq1JjCkpDyn/PNth3dL1kXzv2heZgk9hy0RrErFbdv369erq6hPANtbS0qIlCnECAPA0V8rk/sXKgzlZku2TtZXJYL147i+busyLfl/wYKdtyxUMZeLOOFEm58+fF/tkqdTqfokPsMUMDQ2J/1ugTAAAXud8mVxvMqeIr/REQcqk/FenJF8ou/Kw9Zfv/trlMulsqrEvMktNYctE7IRdv37dugpsY+L/ItLpNHECAPAux8vE7892iL/mvLJ4tyUbJ+V1zfetT1l+BusPtraU+4PGSvTiqXcv1btcJjUV2S+AWXYKWCbaAZOWlhbrA8A2pp3TRZkAALzL2TIxHx4RY6yX567XjVqfuMwMqhHS++uKSx8rd4cafilevDOslcnFs++K1wz3tlYcCJ64rm7QGa48+27F2ffqriobHCwJHjz7XrjpbLP6apLvhO/I2fdj55UL9I+1qG/xwS9PNoR7Pzh1skY7qnOiPCiVnlCe1dagH6uZuCy+i+47l7rHxVt0SSW153pbT1RxFGXJKXiZnDhxwvoAsI2J/4uYm5ujTAAA3uVsmfTduqjs02cK5PVj74nF2CfvGSslZy+2fnjR+qxlRysTERX+U+KflWXB199tNcpE8tXU3NG3lPxh5UZnuPziR5mnt0qV75tfLZtMnWH78ROpvL5PK5PyBm1F3NZuHMy2llImsdwnMpYpbJmk02nKBDDTykREu/UBAAA8wuEy0fbpc4+QmGfN15loEaIcKlGufQ9VXlW6IlMm5rfQy+TEYOa5d5osb5qtkWyZXDlY8a6vRH0Fo0wyPbNYmfSdOHJCevPdi8rxE9PXyZiGMgEcRZkAALzOvTI5fOlydv1hT0HKJNpa++7NVv2HdGXL5N1sh2hjLpPkedsxE2uZ+LLJ8dEKy0SbusoTxuEaxjKUCeAoygQA4HWulYn1LKmLdcrVIOssk77kx+JFotqicZ1JfY1YPHG+JXy+/vUqNSdyykS5zqSiSXm05qZy114mB98MVn74QffNNr//RJ4yCR8LVpxvOxe7JGqn4ux7Yvuy0uBF+1fLqEOZAI6iTAAAXudamdRa1gtUJn2vm64SMXKlO9rwuj8o+U+cuHRJeyjnKMrdi9qjjeqV9/YyiQ3oP+n4RLQnT5n03b8otnn95Pm+5CW/eupXSZVyIQ2z6FAmgKMoEwCA17lWJotPSf2H9qcwW3IoE8BRlAkAwOscLxOG0YYyARxFmQAAvI4yYVwaygRwFGUCAPA6yoRxaSgTwFGUCQDA6ygTxqWhTABHUSYAAK+jTBiXhjIBHEWZAAC8jjJhXBrKBHAUZQIA8DrKhHFpKBPAUZQJAMDrKBPGpaFMAEdRJgAAr6NMGJeGMgFW4uc///kvfvGLu3fvyupH/ac//enLL788NjZm3c6GMgEAeB1lwrg0lAmwLCNFXnvtNXG3p6fnZZUWKvlRJgAAr6NMGJeGMgFWSIsT7Z/G8ZNlUSYAAK+jTBiXhjIBVqinp0fLkhUeLdFQJgAAr6NMGJeGMgFWiDIBAGxPlAnj0lAmwEp89NFHWpMMDQ1pffLmm29aN1oMZQIA8DrKhHFpKBNgJYzLS2RTpdy/f9+6nQ1lAgDwutWVifXZwIpRJsBKDA0Nmc/gEnGyf/9+0+NLokwAAF5HmcAllAngKMoEAOB1lAlcQpkAjqJMAABeR5nAJZQJ4CjKBADgdZQJXEKZAI6iTAAAXkeZwCWUCeAoygQA4HWUCVxCmQCOokwAAF5HmcAllAngKMoEAOB1lAlcQpkAjqJMAABeR5nAJZQJ4CjKBADgdZQJXEKZAI6iTAAAXkeZwCWUCeAoygQA4HWUCVxCmQCOokwAAF5HmcAllAngKMoEAOB1lAlcslFlMtIVkXxBqaS67NgF62N59YdDceva8sp8wVHTXSnQbroHOIgyAQB43caUSfLWQFt7dIb/Ad1ONqhMrvrDg9a1fOJlTcPWtdUo89VJ/jrjLmUC11AmAACv24gyeRBV/hu2mP2r+2/Y8LQNKpOYrTTSgQMh8fErq+rUFx5Eaw5XKytnB8v2qp9MX7CyV+6uCg7pWyTLSoKSP9T9IK3dL/PV9jfVKVvurU7k7geW+cJH9waTmbt6mTy42lAVFtuXHtdDpdIXTMYuiJWGa8q2R/crL2U8q1nduOaS+egLsAzKBADgdW6XSXeVslMopmMkZX1s5YbbzbubQ021kq/W9HBBDDcE9J3UQDhqfXBNtP3dbWuDykQu9Qcrm2LG3aP+oH5rrPPoh+JdpqUDkevZfblsyRhlUurTn1InPhLHlQ+D6ZSttOWoSJnyUUxKJY3damdYHhWf1W71higT7U1DooVKGtW1USmovHj8XLX23NjJkHSAesdKUSYAAK9zu0wq/fruvvWBVXGrTJq7oh1dncX+oLanuE6UyYaUiTw5KP4G/ccvXFaPeJg+KnGp5qosXy1tMB9UWaRMJF+9tqJ+0pQztcpMH2DJp3WFTi0TOeAPFisvbi0TubfRKBNtQQlgNUhkfeMRsaLdnemoc+CDjS2LMgEAeJ3bZVKmncflC84p91Kl/mDoinWb5blVJpmTeeJSoHMk59G1MMokcnh9YeZNG1YmmmT06N7gjJoZiYlxfZIp8VnKzcXFysSoi95G7ZO2bJlon5/YvP7cMhEqRy4kJpKLl0mVfkhH3TgmHsp+hROT2kPAsigTAIDXuVsmk9G48p+B9TgRU3p2DT/9aOkymR+W/NUd6oEOyRfSHpX2t9TV1IrFin3BWG+jv7xR3M4ctEmL55bWdMbE9n5L25jKZKyz+NSAeut2INyZuDUgnq59AaIxmgdHxB5kRUkwPqP8J3llR9NfG+sbENE1lLuHoJdJKnlU2/VUtzd/AQ1D2n/UryurahffQqg82HatvSYSbTtXV+xT9qrl+QHpQKN4cfFoRavHLkLY4DKZj58+oPwZHvVnLwJRWc/mMg6hGGVidIh4BeNsLm1FXrJMZOVEL1+1VibS/sh1dam5IrhcmShnc2mfBGBVKBMAgNe5WiaVJcGK9uHLp5SrjbUZXdv/hg63m/NGHWV3cDQSPn1D36UTzRBTX1w8GoioO/HXIlK5vg/adiSo7CmOdQcyVx2E1P+gbpIpk1RSJE1kLOcxsX8pBZTrp/2Z/cuZjrqG+8oN8ZXUabuVsRb1MoYsvUxMe6WyetqPdkO53kDd681UkywneyS/dh5Ruj9c3TalfOPePR9sY8pkuLOmqUe0aGW5UoxiYfTDev+xC22ikbs6a9TjdWX+oFTeMnJroLLpqiyPSyX1bbfGR8ayZSLqseJcbGQwatTjyspEvS5FKxORsqeUVyguCS1bJiKilLi9NdLW1Bg4nrlMH1gOZQIA8Dr3ykRkiRES6qlc67DEMZOavaazpIbbA63jsrrjqO0Lmk/U0S5Ejp3SL8fXJrOZRr/O5PKg+TSuVOXhWn17dSey2FQmkQnxb+VwSnYye5yaRcskZ3t1H9d0Ztpw9hV6G7X/lB8Se9j7wzXtazrWtKE2pkyAbYMyAQB4nStlMhk1sqS4Kmr5KatrsUSZRA4bV4You/I1fcq/85RJojW89AUq5utMdMYRkrZjepnIyUHt+wqcVS53Vv6Le6Dd8izDEmVi/QLyl4kudVva22K67wGUCeAoygQA4HVulIn5aEkBskReskxGW8M1ffazuZYsE+1sriV+7NYiZSJlikI8SyuToebaeO5PP5Z8ocrexV/SKJPT+3PO5rJsvaIysZ1EtPlRJoCjKBMAgNc5XibKafT7I/3zSWnNV5XYLVEmQn+kUUkgf6jtlr7Dn69MFOnKQ8o5Xf5Dlh39Rcpk7la3ctjnQF2yo04rk+SleiO6tF+ZJ89P6l9DSXUs9+oUo0y0Iy3FYe0wS/YLaIhpp58tXSZTcb/2qwBLagv2h+kWygRwFGUCAPA6x8tEntR/47vn9qSXNx/Tr61XGb+PD4uiTABHUSYAAK9zvkxkueZwuFC/Rn1zud9Z0ZHdgS72VZsegxVlAjiKMgEAeJ0bZbKFdYTD2hEh/6G69f7Asa2OMgEcRZkAALyOMoFLKBPAUZQJAMDrKBO4hDIBHEWZAAC8jjKBSygTwFGUCQDA6ygTuIQyARxFmQAAvI4ygUs2pExmZtPTs/ov3wS8a2RsyrpkQ5kAALyOMoFLNqRMxBtZl4AtijIBAHgdZQKXUCaAoygTAIDXUSZwCWUCOIoyAQB4HWUCl1AmgKMoEwCA11EmcAllAjiKMgEAeB1lApdQJoCjKBMAgNdRJnAJZQI4ijIBAHgdZQKXUCaAoygTAIDXUSZwCWUCOIoyAQB4HWUCl1AmgKMoEwCA11EmcMlWKpPuquCQdW1dTu8LWZeAVaJMAABeR5nAJZugTMY7uqLanD4cbBg2PbJKS5VJQyAYiojX7yktv3Dd+uAiyprW8UUAuSgTAIDXUSZwySYok4yh9jJf0Lq4GkuVieSrti7lE6dMUECUCQDA6ygTuGTTlEla9MPpG2n19mioKZq4H2+rqa6LK/elYHtpVXtbV3Qm93YkGL5+f1xsprWHVibJ3sbi3MIp9QXnzPfnB6QDjYmJ28W+UGVvUiyESoI1kejl6NVQ80Bioqf07GBiYjyZkiu11xnuLD5yoWNw5HJTfXFVTH2JWPG+UHPf7evtjWJlxvziQC7KBADgdZQJXLJJyqQhELy+yJ7bsHb4QvI3Gkvm2xnD4umyWib9vY3+mphSGznSlYGQ5K8eVd9C21iY6aiTfLWyPCIFo6aNY8YxE61M9D7RVvza7VjxqQFtRbzCes5Aw5ZHmQAAvI4ygUs2SZlIPvO15qnKQ9WSLyhGL5NAu/GY+fZItN2/V9lMUuNBlEmxP9hm6xJNWzgsnjs0r5SG9hR1as0porKWifkcs0zVZLehTJAfZQIA8DrKBC7ZDGUSORyMmXbbAtkSuJqvTCa6A5FRbbOQeihDO5urwq/3jF2lmjrGMZOM4fzHTLQX11cyx0woE6wQZQIA8DrKBC7ZDGWSe8DEdIwi1pKvTIbbKzrUryfWol1Yol9ncqm+OPcFDaW+4NEPp+PnqhuGtAtadJK/znQvVppJDa1MuqtCxplmmYvpKROsFGUCAPA6ygQu2fgy6W00nVsVlKpi8oOouFF8qKVjJJWvTGQ5dCgkthSbXa7JlokiGS02HQYJlCvnhhXvC2vXmQgd4bCyUh4OtaqX2E8OFvvVk8dOXhX3QspFKaGaWPYKk4bj1coGJeHMmWKUCVaKMgEAeB1lApdsfJkAWxplAgDwOsoELqFMAEdRJgAAr6NM4BLKBHAUZQIA8DrKBC6hTABHUSYAAK+jTOASygRwFGUCAPA6B8vkco3518wtM9YnY8uhTABHUSYAAK9zsEy6q5TkKD41kF2an+7oil4eHDdto/ww1lWXyXC7v6pTvFRH5IJ47hK/ibuQjvqDpQ23ravelOxtsS65gjIBHEWZAAC8zuEyKak1frGDUHNAP0LSb8TE/Gh3jfILH7IbrcRwu/FLHkTb1Km/KMIJyq+82HqSA/6wKRfdQpkAjqJMAABe52yZVPaa7t+ISHvrxb5iQ0DESdj0gLyeMpGH2suaR8S/xcvKk1fFS2kxkbzWqf7GutqE8Uu1/Y39TXV+f7D4gPJ7uI8eUH7JXenxzG/TSw769yrVpK/EOwP7s2eaVfqCmXdMB8qV4zzF+8Jz6v2hplop0NlcpfTV0aZB7cUS/Z3Kc/eGOkZS2srmshFxQpkAjqJMAABe516ZjDTXip31Eb1MclJkPWUyGgnX9Ck3xMtWlgSbu6IJdb3Yp9xuO1cnBdqH1P+llnx1ZVXtbV3RUHmw7Vp7TUR5VGw2o24vnitWOrqiFfuCDUNpOZVMTPRIx3sSE8q5Z0aZiA4pDbaLzZpraovVIypKmYjCqVIWjW9EvGxH10BH5EJkTFvYdGoOBF2OE8oEcBRlAgDwOvfKRL7SKO2tm5Gnh660S75q0wNrKRPtaIaYspqotibKJHtWV19LZW/aWJcOd8s57zIsHevRbs101DUoxTFgPnErc0gnZiwaZSL5ao3NKv3KCyplklkUt5V3UstkaEb/AjardKKjPjLk3iGdDSmTmdn09Owm/4sAljcyNmVdsqFMAABe52yZ+A9fMK+U+fWcUA5K6FIjUSUzzJstz3w2V4ZyNldGojWs9oZCudxlb4ucExXD2Q7pbVS2nOg2v6DkC6n/XrRMGo3NxDsm9DLRF40yUW73KSd0xVy4PH8t0sUldQ3XXP3iNqRMgO2DMgEAeJ2zZaIc02g2JcTkYFl5uPKsfrxC1nfrrSd3LW+5MlnimMnSZbLeYyaLlIkwd6s950eTbRqJS40uZ4lMmQAOo0wAAF7neJmscKxPzm/ZMpFlvz/Y3DXQ1lRvus4kT5nIoX3KdSaxwfjRA8YhnWnJXz1yXzlHLHudSXO4NNh+vS/aHA5nrzOxlUnZsQvxifHmmtrQlXx72Bsicane/SyRKRPAYZQJAMDrHCwTwIwyARxFmQAAvI4ygUsoE8BRlAkAwOsoE7iEMgEcRZkAALyOMoFLKBPAUZQJAMDrKBO4hDIBHEWZAAC8jjKBSygTwFGUCQDA6ygTuIQyARxFmQAAvI4ygUsoE8BRlAkAwOsoE7iEMgEcRZkAALyOMoFLKBPAUZQJAMDrKBO4hDIBHEWZAAC8jjKBSygTwFGUCQDA6ygTuIQyARxFmQAAvI4ygUs8Vyb9Z0JD1jVg86JMAABeR5nAJRtVJiNdEckXlEqqy45dsD6WV384FLeuLaMhEFTey5hAu3ULwDGUCQDA6ygTuGSDyuSqPzxoXcsnXtY0bF1bJdEn1iXAeZQJAMDrKBO4ZIPK5LYUyDlUMtoarjgXi0+Mhw4Eh9RduDJ/UCpvvBy9WvPhaGKip/TsYGJiPJmSu6uC2tlcl2tCocjAyGCP5K9tGEorT/EF/ccuJCZuXz5XZy8Zc5lIvrB+ayoaiIwONdWW7qs2Xk1Znx+oKQm2DY6Il6rsTRpPBFaLMgEAeB1lApdsUJnIpf5gZVPMuHvUn8mGsc6jH4p3mZYORK5n9+ViRmkYZVLq059SFwhKx6OyWiaj2pKctp+yZS6T0F799kxHXfOYLMqkokPPj0r1ofi5amlvvbqQlg6s7nwzwIwyAQB4HWUCl2xUmShS44F9Qe0YRc51IFUxebi9ste86SJlkm2P3kbJp7xIWaZVlEd9jcZtTc7ZXPELoVhaVFBAfYook+7MI9rtSvPXo744sDaUCQDA6ygTuGQjy0SllYZ1738+WtpgPh1rsTLxacc0lJaQfHXyqspEbOCvFyvFJwdk9RUa7uvrsVOhmHbRfFA5DgOsE2UCAPA6ygQu2eAymY+fPhCcUc/myr2Yw3o2lxEqRpkYHSJewTibS1uRV1Amob3BMl91nfpzvkSZBCL6iWBHjbO5tAtOgPWhTAAAXkeZwCUbUyZTA/4S5USpsqr2yw+Ui9dlOV15KKScOrU31D2m3J8bidYcrhYrgfdvi7uhgPJoTSxbJrKcKhMv4g9166+wujKRb0SMGlHO4Hqgv13HSErfIDVSulf5IkOtq/0xxUAWZQIA8DrKBC7ZmDLZBESozGRum68zAQqLMgEAeB1lApdsyzKZTtyPm0/WokzgHMoEAOB1lAlcsi3LBHAPZQIA8DrKBC6hTABHUSYAAK+jTOASygRwFGUCAPA6ygQuoUwAR1EmAACvo0zgEsoEcBRlAgDwOsoELqFMAEdRJgAAr6NM4BLKBHAUZQIA8LqNKZN3jtXfvH3PuootjTIBHEWZAAC8bmPKRPIFj59otq5iS9uQMhlN5HsdwCseT89Zl2woEwCA17ldJkcrm8oCYesqtoENKRPxRtYlYIuiTAAAXudqmQzeGJZ8QTGtbR9ZH1sF/UWMqey1boFNiDIBHEWZAAC8zr0y6bo0oIWEf1+1ERXWjVZjqKm227qGzYsyARxFmQAAvM69MtFS5O0j524P3T9wMEyZbDeUCeAoygQA4HWOl0kqNZdOK/9LaT+PS6yLR7ObrpKlTIp9wbboQN2xUGVvUlsp3R+O3RqvOSTet1a539t4+ly4rKq9o6tT8teX7Q93dEXbztVJx6PiwZqSYHNXNNY3cPqYujEKjTIBHEWZAAC8ztkyMV8Ncu/+RP+121Lmp3KZH1rbZSc5ZdLXUtOn3xQd0nDfeECIVWoHZ3obQ1f0pbry4EzmYa1bRJl0DOfbG8Y6USaAoygTAIDXOVgmD0YTojrKK86UBZRzt0rLlADQymR2dk7cEOviUXHDX1ptffIKmMsk0aqfHqZObcOwsthxtr7Yb7qgpbdRWxcaAtkTyfQjKg+iypb7w6Mp4xEUEmUCOIoyAQB4nYNl8vaRc2+8WaXdvnn7npYHWpnUhi/qtSDLjx/PGLdXxXLMpLI3bXpQvn62unlMvTXVU7GSMsmoCwRj5vsoEMoEcBRlAgDwOgfLpPpUq5EcrW0fmcvkXOOHxkPXBu8UoExk2e8P1kSiHV2dpYc7h2R5prex+MiFkcGrUkl16d7lyyRwqC52azxxa6DUnz3RCwVEmQCOokwAAF7nYJlc/mhQUq8haXiv2zilSluJ9d0UN8S6ViwFKZO5kahy7pY/VNMxrKZFqmyvcrd/Mtl2bPkyiVTp54MdPXfVeAgFRJkAjqJMAABe52CZyJnDJou2R7iu3XjoUXLK8ii2HsoEcBRlAgDwOmfLBDBQJoCjKBMAgNdRJnAJZQI4ijIBAHgdZQKXUCaAoygTAIDXUSZwCWUC2In/c3grl1ixbrQylAkAwOsoE7iEMgEWZY6TNWeJTJkAALyPMoFLKBNgKVqcrCdLZMoEAOB9lAlcQpkAeawzS2TKBADgfZQJXEKZAI6iTAAAXkeZwCWUCeAoygQA4HWUCVxCmQCOokwAAF5HmcAllAngKMoEAOB1lAlcQpkAjqJMAABeR5nAJZQJ4CjKBADgdZQJXEKZAI6iTAAAXkeZwCWUCeAoygQA4HWUCVxCmQCOokwAAF5HmcAllAngKMoEAOB1lAlcQpkAjqJMAABeR5nAJZQJ4CjKBADgdZQJXLIhZTKXnhfvxTBen9FEvv+L0FAmAACvo0zgkg0pE2D7oEwAAF5HmcAllAngKMoEAOB1lAlcQpkAjqJMAABeR5nAJZQJ4CjKBADgdZQJXEKZAI6iTAAAXkeZwCWUCeAoygQA4HWUCVxCmQCOokwAAF5HmcAllAngKMoEAOB1lAlcQpkAjqJMAABe53KZJIt9weIj7dZlbAOUCeAoygQA4HXulUmi/4LkDyu3JgclXzDB/3puM5QJ4CjKBADgdW6VyfykqJH+pH6v/1xYOnQhZwNsdZQJ4CjKBADgdS6USbrUH5RK6qzLqdvrOXJSc7i2WLysPxRqilkfw6ZEmQCOokwAAF7neJl011T7j3XGU9Z1IR6pkw40dj9IWx9Y1lC7tC8caurpiFwoPhCxPoq8kr0t1iVXUCaAoygTAIDXOV4miWRK8jV2W5cV3VXBoVQyMbPqMmkIBIesa7IU4ML6lao5ELQuOY8yARxFmQAAvM7xMhHylYl1bUVmrjRKBxo7hjM7r/PTiYlBqTySmBiXlWMCjcW+YHNXtO1cnZErkq9e2hfu6OrsjovthyV/baxvQDnNbLv2jIgTf3jAuuokygRwFGUCAPA6V8ukoyuqz5VheR1lol+74gvWtMczK8NGY4T2BqVjPdptkSjaDbFxd+b6+9HWcN2QeqAm1mJssO0kB1w+crJVymSwLKJ8evNayTZAgVEmAACvW0mZfKSaWn+ZiBv6iloR6ygT3cxwj/6TiE1lIvlqGzK7heIttAvkxaK+JMs1e5WqMcZY31YSlxqL7T+WwEkbVSbirz4xMd7R1Xn6WK20T/8EOiNufPAA91EmAACvW7ZMRJNoO5PixqYrE6FCT4tsmRT7gpW9+rUrDYFgQr1hLpPI4QK8r6eJLGm4ljmE5JYNLBPj9kxv49EP9VeuOVwturQ58+eg3S09rH9ERy9FxN3ifeHT/dNDTbVD86PF/mCH8oMcYmVNSn9Igc7T6lOKDylPiTepPyxOad1GYxuhP9KovmxE+0kPyktNDjYcV554+sqktg1QEJQJAMDrli0T8/7kZiwTyRdS/z0tletlUlMSlA7rF7aYzubK7p6OtoYre93eL99M0i4fLdGYP0kbVSayPCBVqUfRxrqLj1xI3I9LfvXRqavK3YmR08f0H/UmyqGt62pzONIxpuREQ1WouSs6qjySKZO91aHIQHxiPHQg2DAszyXHE+31p/vHExNJU5lMS/5qsU3NoZD2RuKl/PtCFeeiiVux3C8MWC/KBADgdZ4sk+5wWDsRq7g8bBRGd02tWBlRb8+NRJX/gF1SO5r532jLXqD2X7Klkuqyqu13BXzytnXFFeZP0saVifbZuxry68l6/Wz1ZfGvqWjxEdMn4UpjnemjqZRJ9jStTJn4tNMIFdLeFuVfvY2ZzfRtxBO7M59AcbttSvlnZEJfaQhs0zMJ4RDKBADgdW6USfbCd9vMWLfFlmX+JG1YmczHpJqr8nB7mS+YmBjXZk5/LKWc0FWuHDNRiiL7HMtdo0yyl6zot21lktPe6qPml6JMUFiUCQDA69woE0DeHGWS7KgLxdKiTyozx0wsyrT1S/WWYyaLlUn2ZZc6ZjLSvMgxE8oEDqFMAABeR5nAJeZPkstlovxsrvb2UEVIOySiGItK++qu37/dfFa95Ga4szkaT9yPF+uXLaUlX/Dy4EhbU2NDbKkyCVWcixnXmSgmuouP9yRujZiuM0lL/pDYpu5I9joTygQOoUwAAF5HmcAl5k+Su2Wi/sgsf8h/qDFz4paiuUq5Wsl/SC2TqQHtJ2sZPy9rpEv92VwHws3xpcqkseZwtXhW8aGWzEPpsr1B9fhJ9mdzjXS1WH42F2UCh1AmAACvo0zgEvMnyc0ycYj5OhNgM6BMAABeR5nAJeZPEmUCFBxlAgDwOsoELjF/krZAmQCbDWUCAPA6ygQuMX+SKBOg4CgTAIDXUSZwifmTRJkABUeZAAC8jjKBS8yfJMoEKDjKBADgdZQJXGL+JFEmQMFRJgAAr6NM4BLzJ4kyAQqOMgEAeB1lApeYP0mUCVBwlAkAwOsoE7jE/Elys0xGE9Pi7RjG0zMzm7Z+sm0oEwCA11EmcIn5kzTsVpmI/bnpFezSAZvcyNiUdcmGMgEAeB1lApeYP0mulYl4I+sSsEVRJgAAr6NM4BLzJ4kyAQqOMgEAeB1lApeYP0mUCVBwlAkAwOsoE7jE/EmiTICCo0wAAF5HmcAl5k8SZQIUHGUCAPA6ygQuMX+SKBOg4CgTAIDXUSZwifmTRJkABUeZAAC8jjKBS8yfJMoEKDjKBADgdZQJXGL+JFEmQMFRJgAAr6NM4BLzJ4kyAQqOMgEAeB1lApeYP0nbq0wmekJX8n07QEFQJgAAr6NM4BLzJ2lDymToSrSjK1q5Pyj+qcyVYdOGi5nq6bYurUq8Ybl3AAqIMgEAeB1lApeYP0kbUiaahkDQfLfmcLXkCxYHGtV76cCBkLgrldQOyePKDXWGMhuPXopoGwRqosr95GBzVVjcrbk0qm/xIFrsD0p7Q9eaapUbytMb5eH2yl79ce3tpJJwUr1b5qvtb6or3SueUp1gfxLrQ5kAALyOMoFLzJ+kzVImY93FRy4k7sfbaqobhtIzVxorzsXE3cuRCzNyuv9sbdvEeGJi3Ni82BfSNqg4o5RJTUlQOtCYmLgt1rUNyvzBhvZoRyQylxxPtNef7hdPT2bLZLhTebuJ25eb6ourYsr2vqD/2IWOwZHL5+rKmjjCgnWhTAAAXkeZwCXmT9ImKZOQP3tb8jfOfFhf0TRorAw11VrO5pJEmWQ3GJFqrmq3ZjrqGu6Lf18tNZ+/1duo38uUSaUv+3aV6luXmVaUoyvAOlAmAACvc69MPonfPdf4oeQLvnOsvutSv/VhbHXmT9ImKRMRBgn1qIg66glWqfHAfuUsrORiZWJsUBoekOVY6dlB4+kz89kC0dnKxNwh2pdBmaCAKBMAgNe5VybGWfvaNLzXZd0CW5r5k7RJykQ7cGGTijfU1sWXKBNFSvJVi9eWgurVJob5aP5jJuZDNBwzQcFRJgAAr3OjTLQUifXdNC/uLz8tmXbLsOWZP0mbpEzksai0r+76/duxrmjZqatDkbrLgyMjg9G6I6HLU7J8LVJ2dmBkYnwms3kg3KltIJUoFXH6QFDy18ZujbQ1NWpXyZf5g83ReEd7u3Jnorv4eE/i1kj2WEoyJpW3JCZuxyKNxnUmmdemTLBelAkAwOscL5MrH8ffPnLOuqoS6+JR6+rK1BxWf/aRPxRqUvbwsPmZP0kbWCbAVkWZAAC8zvEyKTsYvn3ngXVVJdbFozMzKesDyxpql/aFQ009HZELxQci1keRV7K3xbrkCvMniTIBCo4yAQB4neNlIvmCff23tBO6jMXjJ5qN9fdbL5s2X5GGQPZXTLggcnirnXVWc2ADviPzJ4kyAQqOMgEAeJ0bZVIbvrhomWjrx4JNps1XpO1YMGb9H9+YpJ64L6s/m1X71RCVvlC8vVF5a3+oX/vNdr2N0t6WNvW341VGsj8fVvt9eaXH2/sn0+pCrKZPnrvVKRYTceWflq/f85IDfuWnS7nK/EmiTICCo0wAAF7neJk0R3q1DrGXiX19xdKl6i/Yrmk3LlNZtEyyAVOsvUuvEir6E06FmsfUGydDbVq3zA/UlATV3+Ydk3yhyl5tNefXUGwdyQGXj5yYP0mUCVBwlAkAwOscLxPh/oPEwXfOmgvkzLkOcVesr7VMdDPDPZI/rN5cvEyMLbur1BPAlDKpzazFtM0C5i+gt7GmL/uQZkuWSeJSY3FJnXXVSeZPEmUCFBxlAgDwOjfKRJidnWtt+8i8ov0Q4XWWieDXn75cmQRtZTIf3cZlkhZZ0nBNPyjkDvMniTIBCo4yAQB4nUtlspT1l4nkC6n/HpYqOtUbaclUJt1T+mbms7m0X0/RHcyczXUqFFFvmM/mMpfJ6f3r+go3HyVLrGvOM3+SKBOg4CgTAIDXuVom7xyrN6fIg1HlbK41XAHfHVYuWBdTXB42/rN/f1OdpF7F3hDIlkl/xHYFvK9Wu97dfAV8h/qCpccvXH6gXwFvLhM5Obj+gtpEkretK64wf5IoE6DgKBMAgNe5WibGJe/mufxRthAKa5GzsHKuM4GrzJ8kygQoOMoEAOB1rpaJyyiTTcX8SaJMgIKjTAAAXkeZwCXmT5JrZTIzm56e1c7QAzxsZCxzzdzSKBMAgNdt5TLBpmL+JLlWJsJoYlq8HcN4emZWENiUCQDA6ygTuMT8SRp2sUyAbYIyAQB4HWUCl5g/SZQJUHCUCQDA6ygTuMT8SaJMgIKjTAAAXkeZwCXmTxJlAhQcZQIA8DrKBC4xf5IoE6DgKBMAgNdRJnCJ+ZNEmQAFR5kAALyOMoFLzJ8kygQoOMoEAOB1lAlcYv4kUSZAwVEmAACvo0zgEvMniTIBCo4yAQB4HWUCl5g/SZQJUHCUCQDA6ygTuMT8SaJMgIKjTAAAXkeZwCXmTxJlAhQcZQIA8DrKBC4xf5IoE6DgKBMAgNdRJnCJ+ZNEmQAFR5kAALyOMoFLzJ8kygQoOMoEAOB1lAlcYv4kUSZAwVEmAACvo0zgEvMniTIBCo4yAQB4HWUCl5g/SZQJUHCUCQDA6ygTuMT8SXKzTEYT0+Lt8ozYYGY2bX3aNvbnpx4+UT6eZ8QG1udgE6BMAABeR5nAJeZPkmtlIqrj4eOUdTWX2EB8PdbV7WrZLCFONi3KBADgdZQJXGL+JLlWJuKNFqxrVgvqZtbV7ep/ClgjZNERm1mfiY1GmQAAvI4ygUvMnyQ3y8S6tJilNxtuCASta2a9jZK/3rwQ8AUre80La1Tmy/u+jrFHiGkm4mn5h9UT2l3rMzPK8v4JdFcFJZ8+ZU3D1oexDpQJAMDrKBO4xPxJ2kplcvR4cDR7/3ZZTWOe/fKVW6pMZjrquq1rhWSrkcxUPHzpk/mRW1PGivWZGcuXSaDduopCoEwAAF5HmcAl5k+SB8skHTgQUv5Lf0ntkPnx3sbuWEtdPHP3RqQ51q7vl8+Plu1TntJwLak9KNVcDR1SVooPNWorl5sataMHxjZH1XcpPd5ekSkTbZviA3XqvXH9gIO+c58sKwlK/lD3A/0KfrHeXVMr+eo7oi2hmL5Y6gse/TDfn6eZNUgy83R7Kp6WXzmjHzBZSZk0V4XFl+o/VNfQl313e5lIVbGG49XSgQvqPe07qh7N7F33R5RvPxCOGitYCmUCAPA6ygQuMX+SPFcmQ025QWIQZSL2rfe2aPeO+oPycKZMMoyjH5IvpC8tsU3kSPC6vleZlizHTDJPEV+JfswkfqE0s01dICgdj8rKWwT1xBG39dPM4sUnBzJry7M3iTIVk+LvY+TOtHnR+syMTJnEFj1yskiZGN+p8h3pf0TFvmpt5egl9RuKtegrWBplAgDwOsoELjF/kjxXJrKc8vuDgZr2yyO5P+lLLZPmiuCMcme0+NRAtjrmJwPl1dohDm1b0x55TLvEIt4eKfbrF13IuWdwGbeNbSxlkrOL39so+WplZS9fPxojdKinmcVOhowjOithbRJ1qiYWOi4/+q3cReszM4xjJjWBUHGgLpG7n6x82fvrO7qiYoamlBXjuzBfgqL9gdhXkAdlAgDwOsoELjF/kjxYJqJNxgP7lf1j46CEQi2TmY66NrGTPdapnNallcm88sS6rngyJVcuVSbzw1JJ3cjEuLHNImWS2cY4BLHyMpHV08xC/397d9fURJYwcPwrzF493+C53ev9EnP3fIO5fe72cqt2q/amp56wGdEV1uyMy6BLMANGsoNCHNioQwoUedEUA4MOCouoqMHN8g79nH5LTk6I8tI5nWP+v+qaSU46CUkdiv7b3cm5k23Ql8Pj/1b2v0i5x265O0z+p0fNFfWeAek8k/3ha2nrwmBupfJ1MUfsM5HL5FKu+O6tt3gj88FVbwQfQJkAAEwXaZm8erKnDuGTJc8kI8vEH8inHktX3TJxDr7qTHd4DeCViZMK/tFHdfeZTGcHnvrXvXVyXcnyMWP+vYJ11nOZSpl4W56r+XLJDHSWj+aSysR9Rm/8+Mrh8d/fO3s0tt7tfrt+OP64pGTJ8crE4abIRPXVo8tEPj6tPMLndx0fZQIAMF1kZTKWTFlfZyLZ7FC23qCHPJOMK5PtuXvOAUXx1Pku70TtgF8m9sBFvw3KR3OVfs5b7rns5bZRy8Q73108prRO+Qx48YCVkXhqfmM12NwvxeNJq8t72l31DPjquT12JVk44WZqVX70vP/jL/v2zn5tlhyjTFbj59yD0PLL8j9AfKhMHLveJw0k+v2zadYe5Jx3vj1dHkE9lAkAwHTRlMnMrUGxObUXbJ+d2KqzzZfISR/W6n4A0ZFn3NY6UZn0tyeL6hhOQ55J5pSJ2QY7T3Yol117nsnljWszR+ww+UCZICqUCQDAdA0vE+ffd6VzWJ3lXN/iG+804tOXSXdyqHy0jONgIXF9NLQyKYwe/UFMn4bSQjxzgg9rCos8kyiThiu9XZrNxa4V1PGPqS2Qeot6T0SNMgEAmK7RZbJQnSWZNedk2rJC/NrEfHAgygms5nvGZ51PaA1s3x+qfI/Ex3y0TAo3Up9ymdh2/8n/Kf3s5Jmks0wO1THV4SdZJo+zVjx1iu8A+VVCLZAjF7Gaek9EjTIBAJiu0WVSqC4TJQncW9tz1YPH4B3KPxd8l9ybiURb0p72v3tbVEoskV18tdZ9ITnpfizpyu308LXUQG628M656v0YPe3JJW/PTalgXRgszP0Ujyedf2M+2Bq45H8ikLgxOAHAOd8gFk+PP5hNdSb9b9Y7WLASo2K1pQfZ2LUpd8gYIk407zmRZ5K2Mtne2RfPdZxFvWeruvVst7ZDahexmnpPRI0yAQCYrtFl0qijubwI8b5LbrAz6XyXXFAmtauJMql8S7dbJiJLJoMPf+0vf6xq8GFHIkLK+0zkMlkL1rPcg2Qq33nnPGY6uGiK/eL4UG5F3/alPJO0lQnQOigTAIDpGl4mtrtx7zXJ2u7u4oN8qsv5+rn5jf2zl4mzq8Q5973PCY9ymWw8GckMHvnldB6rzfkBylcT1eFk1y+TYMwvk+LdzHDw45e/BdwUxYfZWPugOtpI8kyiTIDQUSYAANPpKJMef6O/aq/CmT41OCiT7fHBkVcL/od0+WWyJSLB/6TUp7k6ZZK17XWr3T+0rLLPJHDMMhEuu5+LarVnzPpiFpElwz9XfWGgBvJMokyA0FEmAADT6SiTwg3nCwrk3RS+U3/TYlAmzjfctSW3vYvBPhMxcr5/amluyursq18mdmk663dRqWDFU+MPZkduDiU6M2Jg6Vbf5VuFpXfL2x8pk5/iN54Eg8YoPhzSnyU2ZQI0GGUCADCdjjKx50ZjbplMOkdwhaFSJnasHDxBmczczDgnt8RTa7tLHygTt2r6Bp46P9J4JiN+vNiFdCLjnsh+sO4dDLb2kTJxushbYl+PBrc2vdKyOqKFPJMoEyB0lAkAwHRaykTYXRvI5Iuf1l/MjrZU5crDofI5JziSPJMoEyB0lAkAwHS6yuRTlGpPjswtF9+9XXvy0xHHqqGaPJMoEyB0lAkAwHSUyRlsPIl7Z8CfS43Mb6i3opo8kygTIHSUCQDAdJQJNJFnEmUChI4yAQCYjjKBJvJMokyA0FEmAADTUSbQRJ5JlAkQOsoEAGA6ygSayDOJMgFCR5kAAExHmUATeSZRJkDoKBMAgOkoE2gizyTKBAgdZQIAMB1lAk3kmUSZAKGjTAAApqNMoIk8kygTIHSUCQDAdJQJNJFnEmUChI4yAQCYjjKBJvJMokyA0FEmAADTUSbQRJ5JlAkQOsoEAGA6ygSayDOJMgFCR5kAAExHmUATeSZRJkDoKBMAgOkoE2gizyTKBAgdZQIAMB1lAk3kmUSZAKGjTAAApqNMoIk8kygTIHSUCQDAdJQJNJFnkrYy2d7ZL23u4EhrbzZb8I0SL1O8WGmOfMThof26uCUW9YbmQ5kAAExHmUATeSZpKxPxROqWKSSt+UaJFyvNkWPZOknMRIUyAQCYjjKBJvJMokyaRGu+Uacok8NDdaQJUSYAANNRJtBEnkmUSZNozTfqFGViBMoEAGA6ygSayDOJMmkSrflGUSYAADQnygSayDOJMmkSrflGUSYAADQnygSayDOJMmkSrflGUSYAADQnygSayDOJMmkSrflGUSYAADQnygSayDOJMmkSrflGUSYAADQnygSayDOJMmkSrflGUSYAADQnygSayDOJMmkSrflGUSYAADQnygSayDOJMmkSrflGUSYAADSnxpfJm4VUf9Zb1oO/mDO3c97IzOv9qpXx6ZJnEmXSJOq9Uf9Zno3Fk9ZXfZduTLkDpat/TbkjqeWSvOLOne6k1eYvVTc0sQjLpKHZQJkAAEzX8DJZuZ0ub7gMr/iD5+P+SMft1aq18emSZ1JUZZL+c1q++gEdQ8/UoZOwemfVoaZU742KtyWzj36ZGR0Wv6ovdnbe3vv+0nc/3nFGfrASeXnNm4nk2PiUt8jjzSyqMnn+/HlnZ6c8cvHiRfnqGVEmAADT6SuT6gjZP2rwpNatznvqGJqVPJMiKZPFIX8qTrhXC6PD4nKwT2An2zsgrsb/+v3O4o8dXx2xE8BbwYqnlnd2rko3WW3DO+6jdbQ7d/kmO3f1z0F4u3nz3d/6nKvtA2/d9Tva0jf/tSmeIpb4YWfHuSBu7b3/ovyAOh35RlV59uPVyaqBjuq3RX4rTBFJmYhJ+4c//OH3v//9l19+Ka5OTU15V1+8eKGuelqUCQDAdFrKJJ7q7h8Sm189Dzfcsf2Ys92WisfPVCaFG6n+rqQ6imYlz6RIymTHqYhgn8nina7775wLsz/8Y9H5X/X296yyz2RxsO+Ou7qntkyqd5I8K18du5r8acsfjbX17bhb9la3+2RreSvxo3dT71fRbN/Xe6MCL0b/5uwzKVscHz5/Y04acF9Om3zclwEiKROPCBJRI16ThJslNmUCADBfw8tkbSSdmi6Va0RcKD7MepVSms52jKypdzimg4XUuWTxbmZ8U70FzUmeSZGXyXI27ZfIxmRHdmVn5xerwwmMgFomNxN1dxT4ZRLv6x1fCcYqZSKveTXuXBab8pf++dIdmD1/y38W5fG1qfdGeZaG0lbcf8cmet0CuZB+X73O8qOp5Vcv7ww5x30tBQ3W5CIsk/KeE+FPf/qTevPZUCYAANM1vEwkXpw4S7Dz5PTG/560uiZte8u6POEPTWcHb6dTt6cml5xrw4lkKjc7nhu1EvkV9y/14KW+8bnl4vMF8QOUHwfayDMp8jIR29mFVy9fecv7TXds82Zv2rrwvXtZLRPlmKXaMnG8f9bxVfKbfz6Ty0Q+9snLDzES7J+pPEsTlsmr+8NX768rg0JX3d07i7HrVbtTmhZlAgBAc9JZJvbSLf9A/z31lhNLtCW77zsbr7G2Pn9oOmu1Z8sriG1Q70IsWLNs5HLytHtqcHryTIq8TJaG0hNH/QP/1faku09ALZN//OUYZSJsrVvxW3KZ9Lr7STzlfSYmlMlmrC1VPeKr/6POlXcBNbmoykTM20ePHnE0FwAA9TS+TA78TUzvIK7u/qHgsC7H9in/hi57heMtBe9BprPDlZNWnB0jleVaQQytPbgXd89RFkvwIWHQR55JUZXJN/Hk4quX7okTm2IajD36Zezej1lnc/rxzXtzr179ct4PiZdW+y1xtXLPd7PWhe8X/7U4OZ5f3tmZuZ7qvbe4/NPUP7pSXplcHZqcefJy8VHe++gqK55OP1pZWt1w7viXH8RDzYwOx9xcMaJMxC9p+RO3xqafTXzXd2d8Trx1M/fuiHdmxzu95KsfnAvdd8T4ncHv4/Gkd4p/84uqTLwg8XaViETxrr569Upd77QoEwCA6RpeJo04A75wPeUeseVZtv4+u20rZfJWbCBWVhGe5hK5de/i2BXKJALyTIqqTKBozTcqqjJZWVnhU4MBAPgALWXi77vw95PYwf4T67SfGtwdrzpRxGrLjLxRysSWn87xONv90P9Wx0ScMomAPJMokybRmm9UVGVi802LAAB8kMYyiVdSoTR9ljJZr5z17sp1JZ0vNqkuE/tgo+NCynmKa/nCG2egJ+FcjXUOlsYHKRP95JlEmTSJ1nyjIiyThqJMAACma3iZ2G8WUv1Zb1kP/mLO3M55IzOv/f0Y+OTJM4kyaRKt+UZRJgAANKfGlwngkmcSZdIkWvONokwAAGhOlAk0kWcSZdIkWvONokwAAGhOlAk0kWcSZdIkWvONokwAAGhOlAk0kWcSZdIkWvONokwAAGhOlAk0kWcSZdIkWvONokwAAGhOlAk0kWcSZdIkWvONOkWZHB6qI02IMgEAmI4ygSbyTNJWJuvFLXWzFIHSZqVMWuqNEi9WmiMfJ7Lk9QnvEgnKBABgOsoEmsgzSVuZ2O42t3g6ltple6fq24Ra5I3ysqR2vN7y4s1/Nrf35DeqaVEmAADTUSbQRJ5JqxrLBGgRlAkAwHSUCTSRZxJlAoSOMgEAmI4ygSbyTKJMgNBRJgAA01Em0ESeSZQJEDrKBABgOsoEmsgziTIBQkeZAABMR5lAE3kmUSZA6CgTAIDpKBNoIs8kygQIHWUCADAdZQJN5JlEmQCho0wAAKajTKCJPJMoEyB0lAkAwHSUCTSRZxJlAoSOMgEAmI4ygSbyTKJMgNBRJgAA01Em0ESeSZQJEDrKBABgOsoEmsgziTKBNree7f4q8fYzA5fffLehvpgPokwAAKajTKCJPJMoE+ghNu5rt/gNWk4UJ5QJAMB0lAk0kWcSZQI9DN1bUl7Ez6++pPooEwCA6SgTaCLPJMoEetRu6xu3qC+pPsoEAGA6ygSayDOJMoEetRv6xi3qS6qPMgEAmI4ygSbyTKJMoEfthr5xi/qS6qNMAACmo0ygiTyTKBPoUbuhb9yivqT6KBMAgOkoE2gizyTKBHrUbugbt6gvqT7KBABgOsoEmrx+/bo8kygT6FG7oW/cor6k+igTAIDpKBNEgDKBHrUb+sYt6kuqjzIBAJiOMkEEKBPoUbuhX7Xk9+yNHe/y71YP7Z09dYXjLtvz87WD4SzqS6qPMgEAmE5fmcTaklbNoq6E1kCZQI/aDf2qJb83s354vte5HE6Z5HZf2oc1t55pUV9SfZQJAMB0uspk6Z7okO7+bKq8dPVZbWl1tRPYLy5NxeJO3iT684U36s0fMJxIjj1Zm3y6ZbWl+n9Wbw2FFR9UhyChTKBH7YZ+1ZLfy+XFpr/TEnKZiJHPr7//37n9+bn34qqIjYmH7viB/blYYbQ2P4Iyye8Vyzf1bm1t7P5xaGO4dPg7dyS3I36iw98O/XtGXNjaS4z9O7Z6OJyr+amqF/Ul1UeZAABMp6tMprPKHpLFm31WIj95M1fYlIePa7I/JR6w5+bEeD4fiw+OldQVPiAe/CRWvG9wqfq2kFjxIXUIEsoEetRu6FctbpkMvLd/V1UmWy+f/8e9ULQ3dz9zi6K4Ika2Zp7vfdv79tc/H9gH+9UPdUSZfPHsIOHujfkstzvzyLnglEnJecDPnx6I5/We66OHgakvqT7KBABgOh1lUvxx0Dl2K95X2WHS74TKwFMRCZmRk+zu8L2ZsK5MnSRGqpxtX01dscY87CeJMoEetRv6VYtbJu7W/0GlTOb2pQdwCuTX8/siRcQKn4tWWd8SgfHyWan6oY4ok5w0hYurm87Ijn/hs/n9b/07blImAACU6SgTZ/eIKJPkrDwoRgriv4n8ijx6PCu306Jqak1mMuJh41+Pjq/teiNWYmLkWsY56OtcX1H8vd5cGL7irOPtwBGJMrzqrFacz0tnv2Rtu2BdKwSPWui47a5kF/rn7O7OlNU1Ka7srRXOtzvrjz13nmvmetq7u3Ob88hZ787i2ePnRJWl5jf8zZ2etuT6w5xYMyb9nK2GMoEetRv6VUtQJqIZPhf54ZVJMFhZBneX7MPhTefR7N29l/ahusJRZfLtO/XZKRMAAD5MR5kcee670war+SMD46OGE8nanlnPZQaeelv/67muZMH96+wViKtkXcx5l8r7TIIy2bI677kDSwMXvfWPLhOrLRUMVohXl3rsXJB3xXhlUrieKh9m1t+eXHcviDKZ9AZ/zpWPK2s1lAn0qN3Qr1oqEfLeWVs6z+S3o6UvRksTv7ghkXgbe3noHdkl+sRe31Ifp1wmvdvztv1574Z7eWurtPftROmLsa1vR51bKRMAAD6s8WVysFDbJM5yZUr0g7ry8Yg7zqhjdv856dFW84m7zl/08r4L+XJNmby1Enl34CNlElxwbTzpuOic6yKWnmlnoLZMEnJ4TGf755z/91QGC9Ll1kKZQI/aDX3jFvUl1UeZAABM1/AyKY27J5nULKIcLp92u3zx5hFnrp+hTJz9Hmul3cLNtBX3bvpYmTy5dz6eHJldKr5720GZnBxlAj1qN/SNW9SXVB9lAgAwXcPLpKemSbylZO9bV6bUtY+rZLWlLueW5aH1u5l+/9RV+WiuY5VJql05TGvVujzhHXy1MpyuLZPhRNK65O1m2f/APpPCjVQuOL9fPporWIsyOWKhTBCi2g194xb1JdVHmQAATNfwMkmdS+6pY47ig6HcO3XwBA42lvI5//tMvv+p6I7N55yP/Ip/PTr23D+945hlMpgIkimeWnf/rM/fHjzvn7m+Wlsm4tlnbjpn0nf0zw5c9Mtk/eGoGMm98h7Zf67xTMZ7nJnXlTPgvQuUyZELZYIQ1W7oG7eoL6k+ygQAYLqGl0mp4GyvH7lsq+tG5GA1dik7/mBWLCOZTOzGgroCwkaZQI/aDX3jFvUl1UeZAABM1/AyaX4z/cnF8pWD1TMcY4bjokygR+2GvnGL+pLqo0wAAKajTIT9nq+dT9mKXUgn+ifUG9EAlAn0qN3QN25RX1J9lAkAwHSUCSJAmUCP2g194xb1JdVHmQAATEeZIAKUCfT4zXfulx4au4ifX31J9VEmAADTUSaIAGUCPW492/2vb9TNfYMW8fOrL6k+ygQAYDrKBBGgTIDQUSYAANNRJogAZQKEjjIBAJiOMkEEKBMgdJQJAMB0lAkiQJkAoaNMAACmo0wQAcoECB1lAgAwHWWCCFAmQOgoEwCA6SgTRIAyAUJHmQAATEeZIAKUCRA6ygQAYDrKBBGgTIDQUSYAANNRJogAZQKEjjIBAJiOMkEEKBMgdJQJAMB0lAkiQJkAoaNMAACmo0wQAcoECB1lAgAwHWWCCFAmQOgoEwCA6SgTRIAyAUJHmQAATEeZIAKUCRA6r0zEb4d6AwAAhqBMEIGzl8nBwQFlAsgoEwCA6T5aJo8ePfKyRFygTBCOUMpkdHRUvQFoYeI3Yn9/nzIBAJjro2Wy6caJIC5QJgjHGcvEDg7ompqaUm8AWpL4XRC/EaLYKRMAgLmOUyblhTJBOEIpE7ERdufOndHR0d3dXfVmoJWsrKyI3wWyBABgOsoEETh7mdhBnOy79oAWVt5bQpkAAIxGmSACYZWJFyflPgFakPcrQJYAAD4BlAkiEEqZlHnbZEArU38rAAAwEGWCCIRbJgAAAPgEUCaIAGUCAAAARcPLZPvxqNWWrF6yxZVVdT20EsoEAAAAioaXycrtdG2ZiMF4f0FdFS2DMgEAAIAisjIRF0rqumgVlAkAAAAUUZbJ6eNkNR+/NjH+YHY8nz/9gyA6lAkAAAAUkZRJMtWf9ZbB2bfqHY5jNd9xOzhTZSXfMbJWdevZxNrS6hDCRpkAAABAEU2ZlJdKYJyIXCarlTIZuZYRj9l9+0nxwLk6nEgWH99zniiemny9769v7ycupZw6ehD0zHS2YO+eP5dM3H02c93/aSelB4xfyuwFd0YoKBMAAAAoDC+T3VJH3D+aq3AjNeleWs+JnOiz3TIZeePfIxFPOv97M5Focy+I1e5m+ufcXJnOWu1Zfz3btsr7TFbzPdPlYYSJMgEAAIDC1DIpP0IiM+uN9Z/zk8PpFjc/nH0mwT3GriQLtl28m6mEx0EhdmPBuTCd7b5f2Q6WVliwOivFghBRJgAAAFCYWib+HUtTsaRfJom2ZPHd2/Jiu2VSvsfKcHrS3a9itZVjY9XqmnTSZTo7LP0UlTJx7I9kMlacM09CRpkAAABAYXiZ2PZAZ3LRPatEVMfwSvlkEocok3JyeHtR7DeT/mFd7tFcqYJ/NFf9MnF4VYMQUSYAAABQnKhM/h+CT+odySRfnQAAAABJRU5ErkJggg==" alt="Screenshot" width="100%" ></p>]]>
  </system-out>
</testsuite> <!-- org.example.Merchant -->
