<?xml version="1.0" encoding="UTF-8"?>
<!-- Generated by org.testng.reporters.JUnitReportReporter -->
<testsuite hostname="Umer" failures="0" tests="8" name="org.example.Main" time="74.071" errors="1" timestamp="2025-01-30T17:41:29 PKT" skipped="0">
  <testcase classname="org.example.Main" name="LoginemptyInvalid" time="3.817"/>
  <system-out>
    <![CDATA[<p><img src="data:image/png;base64,iVBORw0KGgoAAAANSUhEUgAABDMAAAIGCAIAAADGMlPIAACAAElEQVR4XuzdB3hc9YH3+2Sfu8+9u++9++5m333f7G5IAmk4QAgJBEJCCaEkQGguuIMB00sA020wzR33brlL7lXucu/G3ZYt2apW7216/9//mSMfj86RRjPSjKb4+3l+j56ZM6fN2Bqfn0/7znWz8gkhhBBCCCGRzEz5My9gSN51swuUB+pPQ66dVdBy/A4nYP5Xllhw3ewr47yxvbrJ4bW5fS6v8PiET8SL7xjeDCGEEEIIIaRziddm8pcVJR/vq4nTZmK2C0JIDGN36n8tAQBAovP5hNcn5Ka/3e0zu7yNDm+tzVNl9ZSZ3aUmd4nJXdTkLmx05Te48hqcuQ2u3HpXTr3zYr3zQp2S7MvJqg0WbTR1Kjl5jhJXrn+2BY0uuYiiJldxk0susdzslitQZ/c0OLwWl9fh8bmVZiLpVz5WaCaExD4uj/43EwAAJDqvT276+5xen1WWE6e3wa60ghrZTyzuSou7wnKlpZSYlPIgu8qlRtelJqVOKGlyyWrRbgovjy8nvBTQQ2TkzMuVBSmLk51ELrreLjuSx+zy+XeY+DxKfaKZEEIMkf3EGzdfDQAAoJP8u02UciI7gNPjs7t9VpdXRrYUs8trcnqbHEpPkGnw78do/unw1tuVClHnbzLtRo7pj3wQMBO7nK23yaksxaQszmdxKftJZCGxu71OZZWaj+OKn1oiaCaExE8sDmHjyC4AAJKIT9lzItRyovQTr8/hrygyNn+UruJWaoPV3xzUKNXF314ux9dGLo/gH1+bXJ2V1T9zpYp4/HErh285/UdwxeHeEhXNhJC4i92l/0UFAAAJyqfumvAf3CVbisentAKPv674I9SqcDnKqSlq1JdCSeBU2qwuv6osRV2ix78C/tWIu06iopkQEqexOoTXq/+NBQAACU0pKsb4q0uQqHUiMMZxWolhQXGOZkJI/MbqVL5WAADA1cZYKoInOdBMCIn32OknAADgKkAzISQxohzcRUEBAADJi2ZCSMJElhMAAIBkRTMhJMHicHFwFwAASEI0E0ISLxa7cucT+gkAAEgmNBNCEjXc9gQAACQTmgkhiR23N3muFQgAAK5mNBNCEjsWBztPAABAMqCZEJIkcXPDeAAAkMhoJoQkT6wOTosHAACJimZCSFLF7hIej/73HAAAIP7RTAhJwtic+l91AACAOEczISRpw5knAAAggdBMCEnaWBzCy3knAAAgQdBMCEn+UE8AAED8o5kQclXE5db/8gMAAMQVmgkhV0UsDq7ZBQAA4hrNhJCrKA638HFoFwAAiEs0E0Kurti5oDAAAIhLNBNCrsZ4uaAwAACIMzQTQq7SODmyCwAAxBOaCSFXbxwu/TcCAABArNBMCLmqY3XovxQAAABigmZCCOFW8QAAIPZoJoQQYeOCXQAAINZoJoQQJRaHcHLaCQAAiB2aCSHkShxu/XcEAABA16CZEEJaxMOtTgAAQCzQTAgh+lBOAABA16OZEEL04VLCAACg69FMCCGtxOIQLo/++wIAACB6aCaEkDZDOQEAAF2GZkIIaTMWDusCAABdhWZCCAkWygkAAOgaNBNCSDvhnBMAANAFaCaEkPZjseu/OwAAACKLZkIICSlcShgAAEQVzYQQEmpsTv03CAAAQKTQTAghYcTn03+JAAAARATNhBASRrhUFwAAiBKaCSEkvLi5ThcAAIgCmgkhJOzYXfqvEgAAgE6imRBCOhKXW/9tAgAA0Bk0E0JIR8IdTgAAQGTRTAghHYydiwgDAIDIoZkQQjoer1f/nQIAANAxNBNCSMfDqfAAACBSaCaEkE7Fy70XAQBAJNBMCCGdioXrdAEAgEigmRBCOhsrN4YHAACdRjMhhEQgHk6FBwAAnUMzIYREIFxBGAAAdBLNhBASmQAAAHQGzYQQEplwtgkAAOgMmgkhJGIBAADoMJoJISRicXL5YAAA0FE0E0JIJMO9TQAAQMfQTAghkQxnmwAAgI6hmRBCIhwAAIAOoJkQQiIcG/c2AQAA4aOZEEIiHAsHdAEAgPDRTAghkY/Xp/+uAQAACI5mQgiJfNwe/XcNAABAcDQTQkjkwxW6AABAuGgmhJCoBAAAICw0E0JIVOLjVBMAABAOmgkhJCrh2sEAACAsNBNCSLQCAAAQOpoJISRaAQAACB3NhBASrbi9+m8cAACAttBMCCHRitOt/8YBAABoC82EEBKt2JzcDB4AAISKZkIIiWJc3AweQIL4zmXHjx/XvwagS9BMCCFRjMOl/9IBgFDIeqBVBf1rUWC327XFpaen618G0CVoJoSQKMbi0H/pAEAouriZSP/wD/+gLq6xsVH/GoAuQTMhhEQ3ANABXd9MAMQczYQQEt0AQAfQTICrEM2EEBLd+Lg8F4Dwhd5Mrr/+em1M1ejRo202W+A4FRUVunECmc1m0doZ8PLBP//zP8sho0aNWrhw4T/+4z9emeY733n//fcDFwGg82gmhJDoxs3luQCEL8Rmop0cYuRyNV+C4/nnn9cGTps27d5779Wejh07Ni8vTx1NG2hsJm3hKl5AZNFMCCHRDfdbBNABoTSTqqoqbRxZUQYPHvxf//Vf2pDFixero33ve99Th3z44Yfyqc/nGzFihDqkoKBAm5s2YZBmIhfxk5/8RHv68ccfa5MD6DyaCSEkurFxeS4A4Wu3mdjt9ocfflgdYd++fdpwbQ/Jd7/7XXWINp/6+np1iMlkUoeMGjVKm1AbrdVmsmXLFm3M73//++rA6667ThsIoPNoJoSQ6IYLBwPogHabSUlJyX//93+rI6gniqi2b9+um1B72plmok0r/fnPf1YH/vCHP9QGAug8mgkhJOoBgHC120w2b97c6gjl5eXacLWxaAVm8ODBouXRXJmZmdqE2lStNhNtNGngwIHqQJoJEFk0E0JI1AMA4Wq3mWzfvv273/2ucQRjM2lsbPzLX/6iDdTceuutgRNqw2kmQKzQTAghUQ8AhKvdZtJWbcjPz9cmdLubL8Fhs9m0GqNpamoKnFAbTjMBYoVmQgiJegAgXO02E9k6evfurY7Q6hnw2oRZWVnqOeuBoxlpU9FMgFihmRBCoh4ACFdgM7nGQB3HbDZr46hXDQ68pO+MGTPU0d544w11yD/90z8Nvuy9994rLCzUFidoJkAcoJkQQqIeAAhXYDMx0kb713/9V/1rl2kX7MrIyGjrhow7d+70+XzqaNpAmgkQKzQTQkjU0/zPPgCELMRmIt111126V99//32bzaaN0NTUNG7cON04mv/8z/9UR9OG0EyAWKGZEEKiHi/VBECMZGRkqC3iX/7lX7S9KD6fb/bs2epwXesAEEM0E0JI1OP16r96AKBraPeJP3LkiO4lmgkQb2gmhJCoh2YCIFZ++MMfqvWjtLQ0cHhjYyPNBIg3NBNCSNRDMwEQK7feeqtaPx577DFtoN1u167iddtttwWMDiCWaCaEkKiHZgIgVgL3jRjt3LlTPwGA2KGZEEKiHpoJgNiqra3985//rLaRf/u3f7v55pu3b9+uHwlArNFMCCFRD80EAAC0i2ZCCIl6aCYAAKBdNBNCSNTD/UwAAEC7aCaEkKiHZgIAANpFMyGERD0AAADtopkQQqIeAACAdtFMCCFRDwAAQLtoJoSQqAcAAKBdNBNCSNQDAADQLpoJISTqAQAAaBfNhBAS9QAAALSLZkIIiW4sNBMgCubMmaMfhNZMmTJFfTBx4sSWr4Rh69atdXV1+qGxI9enA29n7Nix+kFtmDlzpn4Q0CVoJoSQ6Mbm1H/vAAiX3Kasra3duXPnuHHjcnJyRCyaidlszsvL0w9NHB3YlNfEfzNJT08PfNqq0JsJECs0E0JIdON06793AIRL26ZcsmTJ1KlTRUAzOXr06IgRI5YtW6Y+raiokCOPGjWqvr5eHTJlyhQ5wpo1a2w2m3y6fPly+XTy5Mnqqxo5/ujRo7Xhctu3pKREzkeOfOrUKTlEfSyp2+hytnKIulw55MSJE+fPn5evanPTdlZYLJbU1FSPx1NaWionmTBhwq5du9Sp5FK0xdX56eajUiecMWNGdna28H8IsqeNHDlyzJgxbrd70aJF8tXFixerI8+fP19OLt+L+n61j063Ka99UOqEctEnT56U6yanXbFihTpORkbGOL/9+/cHNhPZ0C5evLhx40Y58t69e7WBo/3U5coVU+e2bds27b3LV+WnKt9jbm6uHGfVqlVyoDq5unrqVHKgHF8dLv+gV69eLQdWVVXJV7X1CXw748ePV/9o5JzF5b8Ss2bN0kZQaR+F+mct57N+/Xp1iHygzkGdiTZz+UCuvxwoR3Y4HOpAIHpoJoSQ6Mbt0X/vAAhXW81k9+7dchNTbrNOnz5dFgA55OzZs6dPnz527JhaBuRWptyALisr27Bhg3za0NAgx5Tjy4Fy+zVgCULONisrSxsuq4LcGpYTFhYWqks/cODAmTNn5Aa61+uVy5VjyvHV5cqBctNWtprAecoR1HYkN+LlKskHcutWPpZzljOUG9mtNhPjfKRvvvlGrobsVPKB8H8IaWlp8l3IhrN9+3b588iRI3Lm8g0Kf/WSvUUWBrkCou1mon1QcricUC5avl85RE4rJ1FnJT9bORO5znK5umYyadKkpUuXys9HFiR14L59++SY2nJlq5GPi4qK5Gcl/EVOvgX5xyFXW5aiPXv2yIGya6mTy8XJfiV/ylIk3478YOXbUWc7c+bMuXPnynIoi4EsCdr6BL4dOWe58nINnU6nXK5cbbli8i+A7mPUPgq5MvKdynojp5J/fHK58u3IP5Hi4uIFCxaIgM9KroYcov6F0f6wgOihmRBCohufT/+9AyBc6jZlaWmp7mgu+VRulQr/oVbabhOV3LiUm6qHDx8O3KBMSUnRHmvbvpLdbtcmV+ep7jNRh6jLklvV2tFc2rTqcuWC5Ga6OkSjbm0Lf+cR/p0SmzdvVl+SW//p6emtNhPjfGS9kfVDfSynkk9lM2lsbFSHyG1r9UHg6qnU1W6rmWjkhOqiV61apQ2Rs5KlRd2zIfzL1TUTtVoIf8ORtJeEf7k2m01uyh86dEgbKNezpqZGe6p+JrNmzTp37lz2ZWobVEeQj2WBES0PwRozZoz6QK5P4NuR66Y9leNoq62Nr1JnJddN9jp1iHws/4zk5Nqqqt1Pm1vg0tv6AIEIopkQQqIbAJ0nNxDl5qOsAdoQdbNbbsjKFqFuWKuvqvslvF6v2kyEf+tz8uTJ69atc7vd6kCVdriX8G/aqhvf6nA5ZuCZFcZmov4PvUouty6gYwRSD+iaO3eu8G/Nq8caCf8qyXYROJXWTIzzkRMeOHBAW5x8a3Ja9YgpEbC5rK7e0aNHZbdpamoS7TUT7YPSmom2aHVWgZ9A4GPR8r2oj+VyR48eXVRUJC43E/lArsb48ePVQ9ekCxcujBw5UrYy4V8ZObJaaeTno1Y4+b60g/S0TztwtbXHW1ueZ1IX0Ey0P3dhOLFEfRr4TsXlT0muwAj/IXBWq1XQTBA7NBNCSHQDoPN0m5giYLNb+w9yVeClqLQtVLn9PWbMGLkh3tZ584H/j64K3kx066Pb2NVs3LixuLhY3TSXhSfIPhOtFxnnI0fWJlQFaSbz58/XTocI3ky0D2r79u26RWv7TNT9UZJcAV0z0XbjqPtM5HLVAiYCmokkV0a2uMrKSvWpenaK8J8Ms3v3bnXPjxxBXTc5T+M+k8DV1nZVyfVpq5kE/pVodZ+J3W7X7TORD6ZNmxY4Js0EsUIzIYRENwA6r61mcuDAgdGjR586derQoUNnzpyRQ0aOHFlVVSU3fNVmIjd/c3Jy5Aax3BCXm/hNTU3qwVpyZN3RX7NmzZJbxupwucFqbCYlJSXq2R1ya1sud8GCBXI+6nJbbRTCf0DXqFGj1HM2pMmTJ2dlZcmiMtZ/nonwvy+5VnL15EttNRNp0qRJ+/btk4Vh3bp1Imgzkdv9O3fuPH369PTp04M3E+2DUs8hMTYT4T/PZNOmTXL1xo8fr2smcoj8BLTzTORy5TuV70Vdrly9tWvXFhUVyTWRjUU+Xbx4sdrH1J0t2dnZWm1ITU2dMWOG+njbtm3qErUSErjaq1ev1tYncLjT6Vy4cKH8g5ZVR917I1ds6dKlbZ1nkpKSInvX4cOH5UzU05PUk/Wl2bNni6DNRI4jF6cNBCKLZkIIiW4AdF5bzUSS2/py41iOoP4Xe0ZGxgj/9aDkJrLcmM7MzJSvyk1V7b/t5ca9HEEO1C4qpbJarXJrWB0uu4SxmYjL14BqaGgQ/iYjH6vLbatRCP8VvbTHNTU1gdfmEv5NbfW6T7JcBWkmckL5FuS06n02gjQTOVyOKRchN7uDNxPtg5Ib+m01E+3aXPJj1DUTOX/1elbygfDvfFDfi7pc+VSWN/XzMZlMcgTZHORT9fQS4d+DpK2PbHfaKS5er3dCy2tzBa62dm0uuT7aPh+VHF/OX22n8tURQa/NJf+sA6/NVVBQsHz58qN+8q+NrK9Bmol6IgoQJTQTQkgUw81MgKtZdXW1evBSkgk8zyQJBF4XYf/+/WrFBWKCZkIIiWK4mQlwdaqvr580aZLxv+2TQ5I1E/XSCCP8Z8CfPHlS/zLQhWgmhJBoxcLNTAAAQMhoJoSQaMXm5GYmAAAgVDQTQki04mKHCQAACBnNhBASrXi9+m8cAACAttBMCCHRCgAAQOhoJoSQqITrBQMAgLDQTAghUcnlmz4DAACEhGZCCIlKAAAAwkIzIYREPlaH/rsGAAAgOJoJISTy8XBVLgAAECaaCSEkwrGwwwQAAISPZkIIiXC4KhcAAOgAmgkhJMIBAADoAJoJISSScbj03zIAAAChoJkQQiIWq1N4ffpvGQAAgFDQTAghEQu1BAAAdBjNhBASmTjc+u8XAACA0NFMCCGRiY8dJgAAoBNoJoSQCMTJDhMAANA5NBNCSATCDhMAANBJNBNCSGfj8ui/WQAAAMJFMyGEdCoAAAARQTMhhHQ8Nqf+OwUAAKBjaCaEkA7Gwg4TAAAQOTQTQkgHw1nvAAAggmgmhJCOxM5xXAAAIKJoJoSQsGN16L9KAAAAOolmQggJL7KWuLlMMAAAiDSaCSEkjFjYWwIAAKKDZkIICTUcxAUAAKKHZkIICTUcxAUAAKKHZkIICSker/7rAwAAIIJoJoSQdsIp7wAAoAvQTAgh7YRaAgAAugDNhBASLF5u9A4AALoEzYQQ0nos1BIAANCFaCaEkFYia4nLrf++AAAAiB6aCSFEH6tT/00BAAAQbTQTQog+XCAYAAB0PZoJIeRKLNzlHQAAxAjNhBDSHCu1BAAAxA7NhBCixOYUPq7EBQAAYodmQggRLu6lCAAAYo1mQsjVHnaVAACAeEAzIeSqDjctAQAAcYJmQshVGoeLW7wDAIA4QjMh5GoMdywBAADxhmZCyFUXh0v/RQAAABBzNBNCrqLYXewtAQAAcYpmQsjVEouDy3ABAID4RTMh5KoIR3ABAIA4RzMhJPnDNbgAAED8o5kQksyxOISb+7sDAIBEQDMhJGnDXRQBAEACoZkQkoSxOjnZHQAAJBiaCSFJGE4sAQAACYdmQkjyxOIQXm5XAgAAEhPNhJAkiZ3rAgMAgERGMyEkGWJx6H+3AQAAEgvNhJDEjs3JdYEBAEAyoJkQksBRTizhZHcAAJAUaCaEJGoc3K4EAAAkEZoJIYkXl5vblQAAgGRDMyEkwcKuEgAAkJRoJoQkTCwOdpUAAICkRTMhJAFicwoXF+ACoqOmuLost5QQkkyxmSz6X3UkApoJIfEe7uwORI/cfLGZbPqhABJcRX65fhASAc2EkLiOk7NKgGgqyy3VDwKQHLisfgKimRASp7E5OasEiDqaCZC0aCYJiGZCSDyG6wIDXYNmAiQtmkkCopmQWKa+SZSVedVUVXtNNv0IV2GsXIAL6EI0EyBp0UwSEM2ExCyyh1RUNNcSNfVNPuNoV1WoJUAXo5kASYtmkoBoJiRmqa5tUUtkysuv3t0mdBIgJmgmQNKimSQgmgmJWSqrfLpmItNo1o+W9LE4hIeLAgMxQjMBkhbNJAHRTEjMUlmlryVXZzPhFopADNFMgKRFM0lANBMSs9QYj+aquLqO5uL+iUDM0UyApEUzSUA0ExK72ERFZYtmcvWcAc/9E4E4QTMBkhbNJAHRTEgs02AS5eXNZ5tU13iNIyRlHC797yGAWKGZAEmLZpKAaCaEdF24fyIQb2gmQNKimSQgmgkhXRGbU/+7ByAe0EyApEUzSUA0E0KiHllL2FUCxKfgzaTw0qXRY7+ZPnPW6TNn3B7P5KnTx0+a7HZzohiQCGgmCYhmQkgUY+OUEiC+BW8m0oaNmxobG9XHxSUlDQ0NLV8HEK9oJgmIZkJItGJ16H/fAMSbjjWTDZs2zZg1Jysry+fzTZk2/aOhw85mnvN4vQsWLZYvLVqctnXb9nPnz38y7LNNm7fI8ZcuW/7xsE8rq6rk4wMHDx0/fmLY8M/lmMtXrpw1J0WdeU5OjpxPU5OpecEAOolmkoBoJoREPhY7t3UHEkO7zWTjps26ZpJfUDB/wSK73XHh4sUTJ09abTaLxTInZZ7H45k5e87RY8flmFu2ZVRVVefm5Y39ZrxsL7KryJmsWLXa6XLtP3iwrKzsfFb2/IWL5CQrV622WK2r16zNPHdOzurLr0e2WDyADqOZJCCaSWRSbRI51eJkiThWpCSzXJQ1CJNhNJL0kZ0EQAJpt5ns2r2nvKJCfVxQUNDQ2OhyuZxO5/iJk46fOLlz126v/56pHj9ZNs6dPy9aNhM5wvgJk+rq6oI0k4WLU2UzkRNyEgsQMTSTBEQz6WyabOJggZhxULyyUjwwU9w1Vdw9VfRcIEZsFwfyRUGtfnySxLE4+BoEEky7zUTWjzNnz6qFQfYQm80m+8bhI0fk03nzF57NzCwrL/f5fFXV1bKutNpM7A7H0mXL5YRtNROzxZK+YeOadevlhDm5uS2XD6Cj+Cc5AdFMOp5Fx0T3BeLOyeKGMeL6Ua1EDr/lG/HmGlFl0k9Lki8uj/63C0D8a7eZSFu2bkuZN1+murpaPpW9Iis7e+78BVarVXaStevS5UtHjx3Lzr4gH6xZu05WlAWLFm/esjVtyVI5JC8/X/5MW7Js/oKFGzdtlo83bd6yfMVK+eDbo0fnLVi4f/8BOduS0lI5pKioSL94AB1DM0lANJOwU1QnFh4Vv5ug7yFB8ruJyvFdxlmR5Ei4X31ydLtbuWxXuBMCiLhQmgmAhMS/sgmIZhJeKpvEu+vFH6fou0fwdBslPtwoGq36uZFEj8Uu3OHvKmmwibPl4ky5qDQpFQVADNFMgKRFM0lANJMwsitH/CHMTqKl22jxVYYo5LSTZInFIZxuZe9HWOSXZFGDyLh4JTtzhZnbwwOxQzMBkhbNJAHRTELNukxx81h93wgr3UaJx1KUM+aNMyeJlQ6fUpJfK3bltmgmMifZLgJih2YCJC2aSQKimYSUBqt4fJ6+aXQgN40V58tFSUOwUF3iPI5O3Nb9XIW+lsgcvqQfDUCXoZkASYtmkoBoJu2npF68sUbfMcJNt9Hivhmi50IxcEmwvLNe1Fn0K0DiJDan8HXuWy6zXF9LZPYV6EcD0GVoJkDSopkkIJpJ+5l7WPxxsr5phJvfTxZ9FouBafoqosucI9yfMU7j8oR9VolRTo3YkaNvJifYLgJih2YCJC2aSQKimbSf28K5QLAx3UaLx+aKAYYSYsxHm0QtO0ziL7bInaHu9ooL1S1qyfaLos6qHw1Al6GZAEmLZpKAaCbtJD1T3zRCzw1jxB2TRL/29pPIDFomhm0RdWb90klsE6V7upc2ioOF4kCByKoS9Tb9qwC6Es0ESFrR+CccUUYzaSeT9+n7RojpNlr8OYQTS2SeWSLG7xGHCvWLJrGN3Sm8Xv0vTETIb8omu6i18p0JxB7NBEha/CubgGgm7eTVVfrKEUp+9qm926uX7vuy5tEJpv6pPmMbUfPsUjF2l3JWNNfjiqtYo7OrBEAcopkASYt/yxMQzaSd9EvVt452c90bFT/oefYHPc6ouabX2Z8MyLr++Ys3vZL/6zcKb3nr0q/fKFh52JZXI2rNnO8eX7G7orWfBEB8opkASYtmkoBoJu2k10J98QiWkb6ffWL+wdPntFrSIj3PXNPzrCwq1/Q8s/OkxbgsEttYHPpfDwBJj2YCJC2aSQKimbSTF1cY6kcb+dlHTdf0Pq9vI62l5+BD1dkVZpvPuDgSk8hO4mFXCXBVopkASYtmkoBoJu1kSLq+gbSanw93/PCZHGMJMebeZ44eHrnellVktnqNiyMxiduj/8UAcJWgmQBJi2aSgGgm7WTuYX0JMea6Nyt/0OvKiSWt5s4Bx5YM25I5du2erzYsGrrVte2QpaazB3SZZGz+GF4KPaUNorg+LtJg1a9btGOxd/ae7gASHc0ESFo0kwREM2kncsP9l6P1VaQ5I30/eafmRwG7Sn7Y43S3nsd+0+vwj3qc1gb+qOfpI6PTPTOWemcs3fblxpXD0iu/meedtdyeU2JcXIipNYsTJcpN+prv1pejPK0xd+QaXzlVIrsyLtLFt3NxsZ8EAM0ESGI0kwREM2knJpu4faKhk/jzs0/M1/TNCrwM11/77Bw+MHXxoKmP98nQBj4x+IhjxnJZS1zTl638bPPJL6d/0mewfOrce9K4uFDSYBXHi1vcR1zN0WJxqU4/Mmk1Trf+NwHA1YlmAiQtmkkCopm0n68yxK3jW9aSEd5rXyoK7CQyv+x5NPPFTy+8OFTm/IvDftvrkDo8e8J6r3+Hicef2gnzMj74Wnk6d5WlwWFcXPBklovdefpOEpiz5fpJSGA40x1AIJoJkLRoJgmIZtJ+mmxizM4rR3D9ePCla3q3cl3gR/tsV2uJmr91n35N92M3DDjrmL5MbSbGOA+eMS4uSIrqrhzBFSQFtfoJiYzDpf/bDwA0EyBp0UwSEM0kpJwoFjeMaT6xpK2T3W/tdSjrxWFaM7m19+6fPbHqry8ecs1opZlY5qypmb/5fMaFRmsY1w4+1tpBXMYcLNBPSGxOTnYH0AqaCZC0aCYJiGYSUkw28elm37WDco2FJDAjXlqZ+d7E868NX/rGQvn0F0/ve/HF2Y2TFgR2EseslbvX587Y65m63zdlvzgQcotosokdOfoS0lbqu/Y6VzsuiiUnIpw6i34pHYudXSUA2kYzAZIWzSQB0UxCTaNVdBvQykFcgXnltf3FE1Y5pqZ2HzBHPn3kxeN7xmyZO3bJ+pXn96/NPrwmc8+6i/N2WWUhUbP9oqgy6RfUVsoa9PUjSAq79lT4K9cvjlyMSwk37CcB0C6aCZC0aCYJiGYSRn4zOMvYRgIz4KWDl8av8s5Y+peBS3701MGBr397ZM7+aRlNk3Y7Z+71zNzrmrHPo9WSGQdFWaN+EUFSUKuvH0FysUo/+dUWi4NvJADto5kASYvtgAREMwkjvb8oMLaRwHz41p6KiStlMxn10Z57ei7YOGbz7g25WhVRM36396tNzqGrrVvPeYyLCJKcKn39CJILV3EzsTr0f8sBoC00EyBp0UwSEM0kjAybW2ZsI4FZOmyzZapyvnvl5FVLP15x5IvJmcsOTPUXknE7PJ+utX+0wvpumuntxabxu7xHL+nnHzyF4ewzya3WT36VxMquEgDhoJkASYsNggREMwkjZbWen/bNNBYSLYXjVwee7F46bva+z8bO2e+SzWTyPjFpr2/iHp/8qe48OVGsn3/wNFhDumSwmuqQT19Jpri5VwmAMNFMgKRFM0lANJPwkrq97pqe+kKipWHKCq2WFL87yj0tzTktbfT4VbKNfLbOLstJ4GFd4TYTk72deyxq2ZmrXMjLOIdkjXJKCZ0EQIfYTBabyaYfCiDBVeSX6wchEdBMwktpjef2V7J/2EvfSWR+9vQp57Qrty7JffUz06jZspysn7Z8wk77sLX2T9faR21zd7iZyJwq1ZeQVnO8RKkxxsmTNW6P/q81AISupri6LLeUEJJMsZks+l91JAKaSdiR5WTTEdNtL2XrmknKx9sCD+XKe+3znJc/LRkyyjFv7cy9ygFdE3Z7h693DFli/nildeRW19FLYdxjUU2jTezJ1/cQXXblKaMZp02+WLitOwAAQBKhmXQw9WbfkSzbF3OK+rxz+r5nju74aoNreot7vZd9MEa9GXzR2yNObjgfeByXelhXB/aZmP23Vcmp1rcRLbs7VEtqzeJsuThU2EU5USJKGvTrEG5cbv1fZQAAACQ0mkmnUnMkpyJlU8mEVc6WtUSm9vMpajO5+NKwisnLZu9xBpaTqftFZpl+bqHnZKnY3vJ+8Nv9B3FVNOnHDCVljSL9nJh1qIuSdkKcLNGvQ1hhVwkAAEDyoZl0PNaiGu/sK6e86+KZvqTwra9kLVHLSeG4hZtOOucfVTrJ7MMiq0K51pZxnmFF9pCcKuWmimHdsTGhY3EILrQB4CpR3Pcl/aCIKnnmdf2goC491l8/CAAiimbSwVhrLN65yu3eg8Q+cUHV0AkXX/2s6sAZU6PTZFMOtaq3RKCTXIWxO/V/dwGg87xWW+XQEdrT+rlp7uqagNdxBc0EQLTRTDoYx96TxipijHPyosp1u01NLuMcSOixOYWPfSUAooBmEjqaCYBoo5m0E5Nd5NeIfXnio43i5VXiuWVi4BIlz6V530yzbZh3umjWZo+hkKjxLE63n7honCcJK3QSANHTajOx7NxXN32eq6yicfk6n9stv4ZqRk9uXJlu3r6n6vOxcjTHuQs130xvSF3prqqR2+uFf33auv+IHKHqszHK+EJUfvilnM+lv/Wr/PAL4d+mr/zka1dhsRzetHqDHFlOnn/HX+RLntq64j4vyWXJJZoz9mhrok4lfxb1GFT++ofuyurqkRMDXy155vWyl4dY9h7yORyNy9fKyW3HT8tZeU1mucL5dz0q52k/lVn4YA+5JjLyrakTau1Lnb/6Xoqeeta8bbd8qk4oZ1X20rvKyPPS1CFyHWgmAKKNZhIsspacLhVDt4jXVotnljZ3ksC8nOb6YlFNxawNxloi49h/ylJjMc6WhBirg2twAYiuVpuJ/CmHawPl9n3BfU+qj9UHcmu+6ImB6hC5vS7Lg/Y4cJeLnI+6NS9/ehoa5QNPTV1xz+flA1knyl59X1aIumlzXaX+W8L5fLoTP5qn/Vs/ubjA4aq82x7wXf6KvPRoX/V/cZw5+aZN210lZbWT56gvlQx4td1mIt+Lug5ywvo5i9XRZKVRfv7laXVWcv1pJgCijWbSZqpN4usdYlBrhUTNU7Ma+yxwDEzzvbDEc2bObv0Ok0XrzWaPcbYkxMTh/RPlv/s1Nd7ycm9lpdfp9LEzB0gCrTYT4fUW3Pu4jLPgkhwoR5A1QIvwb81bdu1XJ5Hb69pGf8GfnlBbRM3YaXm3PyRH1pqJOkLg4uQD+VS+pM1ZTq6+pFKnsmdmyeZT9vIQuVbGV1WBqydnG3hMmvo4eDPR3ot8SfdOA7sWzQRAtNFMWs/pUvHCcn0V0SfN99dxxTe+tvPpudbnl3iz5+wIbCbWgkrjbEkoscflRYFdLl9dnbesrDlVVV4Lt5cFEp/P7S5//UPtaeWwkV6LVXtaP2ex/VSmsuvj0b7aQNFeM6keOclTUyefNixc1m4zKR38dlsHreqaQOH93QOfBr6q7dJRmbfv0Xaz1M1epGsmtZNmt9VMLDv3ySKkPlbJOTuyc9THNBMA0UYzaSWnSsTonYYe0lr6p3qemtHw85c291vkGreozD3jyl1NLLVW45xJu3G3+D/BOOJwKDtMtGZSXu5taGh9YwJAYim493HtsW7rX9lq33tIOZpLjhPQH4I3E6VyNJnk07JX32+3mdRNm2s/e14doqNrAkqHCRD4qixO2pFdkjOvUFulkmdelz1ENqXaCTPUt6Ae36VMZWgmrpIy9UQaTeGDPdRZqbt3lEE+n6uoJHAcAIgUmok++TXixRX6BhI8fRc6u728tfd8+5hFFZlzdsla4l65zThnEjzW+L5XicPhq6nxBTaTxsZ4Xl8AofI5HHKbO+/2B+VP+VgOsR45rh6LVf73oc0jeb1F3QfJIepp6MGbiSwJsuHIyEpT3Ee5J0mQZiIfyM6gHD11+0ONK9PVl1TqVOVvDy24+2/yVdmRjK828/lKnn1dOR7sviddxWVyQMOCpfKpXIf6lFS1h9SMmSLnI4fI+bTVTCTbsVPqe6/4QDl3X74XdVbyZ1HP5+QQd2V1xTvDtPEBIIJoJvq8s05fPEKJrCU/HbxhQJrvhTTP2ZTdjmPZxjmTIHEmwpnucotFFhK1mTQ2et1umgmAeBd4zgkAxDmaSYucLBHPtn3Ke/Dc+v7hJ2fUywdjFpVbsoqNMydtxar8H2UC8PlEfb23osJbU0MtAZAYaCYAEgjN5EpqzeKllfq+EXoGpPmufXbNA2MK5eO1Z3zG+ZNW42ULHwAAADQTLTlVYsIefdkIN30WOH//ycl+i1yLj+nnT4yxJMiuEgAAAHQBmklzVpwSr6/WN40O5Inpdb3n2w7k6+dPjInDO5YAAAAgVmgmSqpNYV+PK0jG73KZbPpFEF088Xp1YAAAAMQEzUTJ1mzxjKFgdDg7LurnT3SxOfV/EQEAAHCVo5mIeot4dZW+XXQmy07pF0ECwynvAAAAMKKZiLQT+moh03+xxzgwxIzeKZo4mquNUEsAAADQqnhpJkca80yGgV2T4Vv11UKmZ4rZODDEfLpFmGzC7vLHqdysw7jQJE6TVTQ0iUazMFn1L3EQFwAAANoS+2bSZPfNqNj8eUlavrnOZO/q24CcLRODlumrhcxDYy8NSPMZh4eSwSuEveUdzb0+ZaPcuHRjLP7bDloStsw0mHzaXdLLK7xNAeUkUW6nCAAAgJiIfTPJNlV9UbJENpMCc33XN5PRu/S9Qs1TMxs6s9ukpEH/QUsOl37pamQPcXuE1yt0Bzr5fMLtDbXSxEkqq3xqLVFTW9/8B+riAsEAAAAIKvbN5NvGfFlLZDmpstq7+ICuRqt4c62+VKjpt9jzxPQ64/AQk12l/6CFf8+J3VBOZC3xBr1+rpxKbtYbVz4+U1HZopnU1HrN/h1BAAAAQHCxbyZrar6VzWRU6comu7IV25U5WxbsYsF3fZZpHBhitl7Qf9Aqn2hxpFZYexIS4nyVquortUSmrlHZZ8JZ7wAAAGhXbJrJhtoT1VaH+nhyebpsJmtrvjWOFtVUNonh2/SNIjA/GrDKODDETNir/6A1Hq+ydFkz3EF3lbTK6da/i3iLyda826S83FtZpVRN7qgIAACAUMSgmZjsvtFlq842lalPR5WulM3kTFOJccyoZk+ueH21vlEE5vs9F/VP9RqHh5IPNuo/aI2628Qdzt4Sjc+XACfHN1l81bXe+iafyX/pZAAAACAUsWkmX5UsW1y1Rz6us7m+Klkqm0mDzWMcM6qR5SHIoVwy17+8tdc8m3F4iLG79J+1xteJo5taPVklbsMOEwBxzm6x28w2/VAACa4iv1w/CIkgNs3k69JlE8vXy8dVVvsXJUvGla2Wjyuttkqr3Th+lNLufd9/O+RQ91mNxuEhpiFquwvc/uPB4j+c+A4g/tWUVOsHAUh8/I9DgopBM5GZULbu85I0WVEKzPXywfHGS4ca8kaULttQe8I4cjSSW+UZ0N6RWk9Mq7lr+Dnj8BCTW6P/rCMo/nebWB2d2jUEAF2jLLdUPwgAECOxaSbrao6qR3DtrD/3demyc6byL0uWbKs7U2117B02NeP5z7b2+/DbEfOME0YqCw/Zei9wGOtEYPov9vz8pc3G4SFm43n9Zx1BygknhjcVV6GVAEgINBMAiB+xaSYHG3JkM2m0eVZUH5pduXVp9f4vSpaUWswmuy/tj/2X/qHf8j/23/HCcOOEWvJrisfsGLInN8P4UiiZsMP2dHvnkAxI9f74mTUdvhN8yhH9Zx1Z8XwHRrluAJAQaCYAED9i00zyzHWyihRbmr4oTt1Yc/LLkiXHGi/J4SaTZ+cLow+9PePUZ8vPT9zaWO9Sx684mFK+4Z3GoxPMpafMdt+0A1++uebxt9Y+9k5694n7Ppr77dgVp1LqLGGco/LWKkf3WU3GOtEyvu/3XNR3kcswPKS8uTa69/HwxvHZJgCQKGgmABA/YtNMGm3e9wpnrqo8+EbuhEnl67fXZSoDq23Fm89fnLZXTXHGhdy5h5oalXKSO6Vb3sjvFU36j/rZ/yc9c+nQLX2GbOj+9von303v/sHaXl9sHvjKkscm7viiyRbSvRrLG8ULy8XjU6uNdUKXHw9c3WuuxTg8lAxeIcxR3nUQn/dedLZ9UbJE5PIIZ3TSgRvaAIg4mgkAxI/YNBOZd/OmTS5eOyRv2sjSFWVWixxSnVmZN/+wUkum75E/K46XlOy4WHmyzNp41pLxP5s2/N9Na/5H3bLvfbxp4JcZA97b0OPjTT2GbXli+IY+X6YPfHb2wy/Pf7rWZDMuyJi8GvHcMvHw+JJ2j9S64dXtj02pMg4PJXIRdVb9xx1Zjri88WIynfgu38uWbJF6PCrZk8fZOEDs0UwAIH7ErJlML0l/N2/qpOLVBaY6dUjxlqycGftkJ7EcHJMzc1fprlw5sCBtv+/Uv4jT31HjPPkPC/b3HrfniW/2PDF+7+NDV/9lSNoDby9+YPDch/pMf+D11L5ph+dXN5mNiwvMkUtKc7j9w6N92jsJ/p4vs+4anmkcHmLOVUb9/8UDb7woH1v9ieHdGDnDJGnIv7oWp6gyieIGUWsVJi62hiRFMwGA+BHFZlJutuwoP3O+rjyj9LTupR0btn/yyusfvfX6zLnTTVav2eaxNeRVbt5YsSbNfvSrhkNbL07fV7ThnBzTdmmSVktkvt74QPWJ/zl2x6NfbHz4lQX39pl1V785f5LpO+eePrPv6Z9yX9/Z936e/o5xZQKz5IRSG37y3Pqec0zGOhGYx6ZW3/TGTuPwUPLMErH1lN1q69DN3kOmbD46lOt06W4qr96QsesP92LjNQnIP8TCOrEzR2RcbJEDBaLJoR8ZSHQ0EwCIH1FsJmtLj3ydt2Rr2cl9FVmBw00234i3P3h/wPPvD3x+6ODXiooqbbWZ3pyR7rPD3GeHerM/9drM+YuOFK46JUd2FwwMbCbDtzxae/L/+2z1/W8suq/f7LteTfvbcwv+KvP8QuWnmvdWDTLZfcb10TJpn9Icvt9z8VMzG4yNIjA9ZpuufXaNcXi7eS/VNGtBwYWNZ5zltfqPPKJ8/mO6Wr3fvNy+dHm69OLCFjZbk4LJIfbm62uJmtNl0b2uA9D1aCYAED+i1UxMygW4autt7gOVFy40Vc6r3DG5fMOWutNlVkt5RcMHA19Qmok/e9am+bI/8Rz/u2fHYO/hN4SjXK6WKbe6MO1Y7qz93hP/r2jaKJo2ieqJTSf+nxFbHkndeP2oFb95bv79gxc9Mmx9v9fSHn8l9bGXFv/t1bTHXlz86PMLH357eb9Gq9u4SlreWqeUh//11Nx7v8w2lorADEjz/a8nUozDjXl2iW/Uwsq9c4+cm7OzfuZa14zl3hlLvbOW+w6c0H/kXUv2ky7bc6Lbb4NEJFvuvjZqiZqzyi8okDxoJgAQP6LVTLSsKN4/u2zz5yVpMiNKV6yuPnz0wHGtlsgcXzPUl/WBZ/fLnowXnLuHCJ+yeeuxu8ozsi5O3+098U/Ca1L2DbhKKo597+MVD3694o75G3/zWtojsop8vWnQuyt6vLH0iZdT/zZkZc/3V/WSzaTXwsc/2DtzV8FZ48qYlT024rXVSpe47rl1d3x0zNgxdPmPJ+cFOVG+11xL91lNwxfWHEw5VDNrvXPGco8sJAHxbdwT8yOcHF1yw3g7Z5gkhSqT2G5oI4HZnctuEyQVmgkAxI9oNZN6m3tJ1b4vS5Z+VrxYrSUyQwpmPXdh5Lihw7Va8ungF1xnP/Cde1/Wkvr0iflztvo8zeeM+9zenFm7fZn/JXz+g4R8Lk/mv+fs/5fTe/9j/Y7ffbG+jywkY7Y8P3Rtv/dX9pKd5NP1/V9f9tQ/T7jju2Nu++5nt+zJV65EbEyjVTy/XCkV94/K/9GAlcayoctPn0/vmWKWD/oscDw2pfruz8/d/Pe93V7Z+tjb689OXNM4bbld3T3SVmYvF67WjrXqWl2w2wRJQFaO48X6KmJMYZ1+QiBx0UwAIH5Eq5kcbswva7R8UbJEqyWyogy6MGJA9hdDXnrxvf7Pv9h90JD+zx9Oe0vZYXL4DffuNysO5eXM3O+xu7WVqz+dJS78WnaU5udF/dWzTSatve2zdb1fTn1MtpFx2waP2frC8PT+w9cPuGvm/d8ZevP/9cnND07uWW9p/YCuvJrmyjEgzXfdoLX9FruNbSQwv//kxH88Oe/7PRdd//LWe77I6jHHLCeR0/ZLqaudvETfQ1qLr6Jae0ex4vLoP4fIhktyBdqYJVKOiNmHw0s8HCXldCvXMjZWEV3OlEf9Xj1Al6GZAED8iFYz2VOffaQmX6slMh9eSpG1RObLV0a80vO5158e9NngwXWH31Oayd5XnCenVJ4sk83Ebb2yyeNpPCdy7xTi8pV3q0aozWTEyjuHru394uJHZSdZePDd1MNDRm4e9OHq3i+l9rjtqz/87ss/fL7qs7buurg//0rr+O2Qg30WOI1tJDCPTCy746MT932d031WY//FHm14/1TPqTH6EtJqRM4l7R3FSrRvGO/iDJMA8tOwuoQlnMjxPXFwiJTDLXaF0ExOlIpG9pIhWdBMACB+RKWZ1FlEz8Xum75x3TjOreWXY11Kxrh/NVrcMMIlc9No181j/Rnjunmc9+axvl+N8t48Ttz8zeUoA50BT903j7XJ/HK044bRzl+Odt401nXjGOWBzG+/qfrrqEEvzey/+eS2IGfATz94pXU8Ob1O9g1jGwkxT/x9g3N6+7tNfGsy9J96LBg/iggGyUFpJrn6HmLMqVLRxB86kgXNBADiR1SayaurxPWjYpAbRjWWN1iN6xOYd9dfqRZ9F7navTxXkDw6sfzQVwud09orJzOXCWvst+Oid/lgDuVKGm6vOHxJ30OMyamO+i1EgS5DMwGA+BH5ZpJbLW6fpO8MXRVfWUPrB3FpeWPNlWoxIM33x8/OGitHiOmZYp747rz6yWn6KmKIr6xK/8F3uejdGJ6LBScNn0+cKtP3EGPKm/QTAomLZgIA8SPyzWTJCXHjGGNn6KLkVOvXR5fnlrVoF49MLBuQ5jW2jhBz87MrZg5JMVYRfTNZulG4r5zZHxPRayZIJo02sTPoAV0HC2N+HWwgkkJpJtf+rJvMT6+/cXHqEv1r0Tdzdso9f35QPxQAklHkm8mLK8QvR+sLgzEvLvfOOeT+3UT98FaTkeVectwTymz35CnXBTaulRrtwlxaes+3B7ldSbu5b0TOtT3m2to9oEtm79HY3gYirGbSZBPF1e7cMpeaSzW+S3VCpqhOVDa1GJPbmCSf4gZ9G9EiS4s99hfBBiIplGbSd8CzVqtVPpgxc/ax4119/1yaCYCrR+SbyZPzRLcQKsSKk+7SOme/xT7jS7rIQlLZ4MytdP5qrP4lY1aeVs6/N66VmiOF+mrRmVoy0H9A189eSC8Yt1jfQ4yZv0bUNcXwf5tDbyan8hzrDjR+PKds0KhCmedGF3610TF2l5AZv1tsPNdiZK7KlXzcXnGojbNN8mv1IwOJLqxmkpl5Lm3pcvngbGbmjb++VUYd7na777r3/p9ef+PslHkej6e6uka+1O2mW749ekxOsnWbch0UOeGi1DR1hr/53Z3aVHK0gsJCdfg99z24YdPma3/WTX311jv+ILNy1RqaCYCrROSbyS3f6NtCq+mf6s2vcv5xSvvNRCa30nW+zBXKPpN300VZg36VtCw6pq8Wnc+T0+sGPTNZ30Nazezl7uVbLdVm44rFSfLLXU8Ny7+299lrep75QY8r6TvL8vJKIfPGarHw6JXx7a4YVi1EV6N/H+POHLEjR+wrEOcqxOWboAJJJaxmsnZd+omTp7ThPp9PviQfDHn/I22gpCsSvfsNlD/ve+CvcnhRcbGc1Xsffiznc/Nvf6eO0Kf/M7LPyAe/vvX2klJlffILCn5/1598/m/Yp3r2ppkAuEpEvpncPE7fFlqNLDAVDc7u80NqJllloTaT7gvEpVr9KqmpNomp+/W9ovORFesHfx1vmxrCAV0zlOt0uTbssdTbjKsXD3lvRqmsJYGdRE2PqaZWm4kzxufOIOrcXmF2xPY4RCC6Qm8mkmwO7pYnDarNZOLkqevTN2gDezzdNyc3T3t6+513C39duff+h9at3yDLifw5c3bK3X96QB1BPpYDhb+ZqEO2bsvQesvYbybQTABcJSLfTG4K4ZgrNSW1zoxst3G4Mfty3VnlrhtCOLFetpeTJfpVUnO8WAzbou8VnU+vudafPp++a/g8fQkJklnL3Gt32s/kmc1t3nelK2OyiQaLGDz2krGTqOk5uanVZsIOEwCJLpRm0uPpfpcuFdXUNB/OuGXrtht+9ZuLF3O0fSZSfUPD7/947+LUJeqODtlMut10y7nzWcLfXuS0aUuXyzz0yGOyaciSM+T9j7Rpd+zclZl5TgQ0k8BzSzjPBMDVI/LNJJQ9G2rmHHQXVDlDaTLZ5a5zpa5QTl+RWRCw6RyYNWeVbWtjtehk/vTVhafn2f/ca5IjlPPgW8Yzb439yHmz2WNc22in2iQOFSqHt32dId5e4+0+vk53BFdguk9oMDYTi0P/lwkAEk4ozUQ7mkt7+tqbf5cPZN/Q2oXqN7+783xWtvZ0wLPPW2227Tt2vfveh3a7Xc5Ejv+He+4T/lNW1LNNhP94Le1oLnVIbl6+uqdF+BdHMwFwlYhwM6m3im6GqtBWei7w5lY6756qH26MHG1fjss4vNWM3qlfKzXzvxUvLNf3ik6mV4rl7s/PD0jzXff4tIYQbmxijCwnjoNnzZauKydNNrE3T6QeE8M2K3d3eXWV6Jdiv+3tNneYyDw6ps7YTKw0EwCJrwPNZOLkqd1uuqWiouLxp3qqzWTk6LEXL+bs2bv/mecGyzFff+vt0tKyRalpKfPmy1eLiotv/PWt2rRqzfD5fLPmzJ00ZdqJEydvveMP6qtaM5Gvfvn1SPXV3//xXpoJgKtEhJvJ8WJ9Twie99M9qUfd7ZaZ8nrn0E0e4/BW0y9Vv1ZqvtgmBi3VV4tO5vefnPzTVxfkg1vfO5T2wRxj8QgxnpSV7mWbraV1xtWObLZmi7fXKR0jML9/r+THvTONhUTL31prJtwFHEASCKWZAAC6RoSbyZIT+p4QPDePEzkVznunBTsP/sMNnnWn3b+bGGycwNwzVdktoFuxRquyc8BYLTqT/qne2z74tucck3zcd6HzuidnmqaEfUCXLp5F6+2ncix1NrO1nZvZh5u9eeLr7fpOIvPict8vBl0wtpHAPDWu1thMACAJ0EwAIH5EuJlM2qvvCcHTbZRYdsL96eY294f8crTYcs41MM0b+n3l75zcyi1Nqk3KLSCN7aIz6TnHfPfn52QnUZ9e/9Lm9KFzLSFepKvteOatce48aj+bb6m1GD/hjkW+/a+2K93M2EwGL/X+dECWsY0E5tFRNTQTAEmJZgIA8SPCzeTtdfqe0G5+O15klTlfWek1viSTesy1/qw7xHPf1fzmG1HV8j7lMoW14rll+mrRydz4+o7e8+3a02eXeO4cMPP+7t9YO11OmjNruXvJRue2Q47DmZZKk/HTDjU236E9ZTvmn9i44OzQZWZdM3lhiefHfYIdyiXzwBdVumZi5dbvAJICzQQA4keEm8nzy/Q9IZR8tc19tsT5+0k+3Qknb6/zXKp29lvcemlpKzeNEeWN+hXLrhTPGKpFJ3Pts2v6p3oDh+xduveB3pPWfJyi7xidyazlnpRVnqWbXVsOWvPKwz5X3upx7jtpmptun7HCOnNVTsqOD1Y6dM3k2r7njG0keDNxuPR/kwAgEdFMACB+RLiZPDVf3xNCzNMLvScuuTJLnRfLXRf8OV/q3Jbl/uMU/ZihJKtCv2Lpmfpe0cnc8s6BRyeVBw75+1pZA7y2Y9mrP5n7xavTS8en6jtGRDJzmXf2Cs/8Na71u+2ncqxl9cpN5U0t7otiaXLaCqtc6Xs8i9O9s5bp5tA4a+3HyyyvrPSpZWPwMu/Pn8k2tpHAPGk4z4TbgQNIDjQTAIgfEW4mf+hQkVBz01jlxvC3TRB3T/HdOl55bBwnxGzJ0q/YFxn6atGZPDmj/mcvbBiY5gsc+NlW/7JsPteOb61Tl2SPXlQ+YXHnTztpJ7KoqDtVlmxyr85wr97uWbTek7JSGW4c+XIsM1cdmXf4zRUetW/85o2CH/Zq5dbvWh4bo28m3GIRQHKgmQBA/IhwM/nteH1J6EDavYhwu1l2Ur9i76br20WH8/Rc6y3vHHhwTKFu+JhdzcuyltZ75q12TV/qnr7UY2gF0YqsImqML7UW28yV09NK1b5x3/DKn/Q/bywkWh4epW8mAJAcaCYAED8i2UxKG8K4AXxU88U2/bq9ErlLBv+g79JfvLhp4JIWO0xkAu89bzG7XVsPht4TYhLXjOWfL22SfeO5VPd9n1UYC4mWHhNb3AOeeywCSBo0EwCIH5FsJufKRVgX0Ype5Da0qeUtTSJ1j8UbX99559BTgZfk0mI8hMxSZ7MW1Th3fOtes8OzYK2xG3RlzHNXFkxdUDxutmvqlRNgxqdVaGeb3DA4x9hJ1Dz2TYtmYuf0dwDJgmYCAPEjks3kyKV4aSYD0lrcbLG8Ud8iOpY+Cxz//kRKj9mmAS3PMFGzL0//gSixei1NLmtZvf10rnPnUdfmA560jV2/L8U1Y+nKURPef+mVr/o9XzNmtjqwfsqKtxYo+0zUPDW+4cdPt362SY/JzaOpzcTp1v81AoAERTMBgPgRyWayOUvfEGKV+2eIBuuVFcu4oG8RHUi/Re7vPTb78Wm1xpfUXKrTfyCtxOYzW31ms9taZbKW1NnPF7oyDnvmrTF2iUjFMy2t/KNxFz+d9Oe77rrzd7fJnJmgNBPPjKVvvL7vgS+bLwesZvNRyy8HtnIF4QGzLYHNxMuFuQAkC5oJAMSPSDaTcG8AH710Gy1qzVdWbPQufYsIN30Xuf53jwWPTGxxmeDAvLm2xRLDjsVjMbksdVZbSa39XKHj4BnH3hPOrQedWw74c9Cx+5jj0Bn76TxrfoW1pNZaY7HU2SwNDkuT02JyKzc5sXhsl6qdB057UlapncQ+YUHt8Ck5rw7P+fuIM18veOrpN+/8w329H3ykadIC1/Rl6cM3/ajnmV++cDGwmZwtEzVN3nUHmz6cXXr7y9m/fv68zC0vZL28yPZeupD5aKNYflL/dwgAEhfNBADiRySbyZcZ+oYQPN0XiBeWiz6LxQ3+Y8B+NVY8NEsZ8tfZzSMMSBP3TFMeyE3/Z5eGd3p9Sf2VFftks75IhBVZS+76PPNnL2zov9htfFXNR5ta7KXpeGw+taWYZeVocJgvx99AXGazx2z1KuMYJ/RPK0dzfHvevWyLa/nWqpRVJVNSi2cur8w4MnJGzs19t9/61My0dyZ4pi/JGbdm8Cv7f9DjzI96Z764vPnGJjJ7c5X51Jl9ZXWew+dtq/Y2rtzbIH/uveA5kC9kDhWIC5X6v0MAkLhoJgAQPyLZTPqk6utBkKw4Ldz+g4K8PrH9olJLzlcKu/8EBpdHuQLvvdOUl3blivlHhc+n3EBDNhnjfNrK6dIrK/bGGn2RCD1PTK/7t8dm/frtff1TPcZXtSw8pv80YhmlvXgDhyzOqL+m55kf9Tx9afwq+7Rl9ww8Jp82n0My1aw1k1mHDLNqLQCQNGgmABA/ItlMtH0d7Ub2kDrrlZVwuMXdU5VCojlTplznV9pwXtRYlAeynIQ+f5lDhVdWTG5zG7tEiPn5i5vu+Ph4zzlm40uB2ZWj/zTiKpmFjmt7n72mx5m0oVvWD990ba/T2jkkD31dozWTr7frr2lmjIVLBgNIIjQTAIgfkWwmN43V14O28tR8ZX+I9OoqcaFKebD8VPMKPTxHKSrS0pNKGzl/+dihIRv0Mwmejeea16qoTjzToUsG913ovKbf8ocnlBpf0mXQMlFl0n8aupjsyuXCGq2i3iLjqzX7akyi2uSrbPKVN/rKGnylDb6Lld5TJZ6DeZ5dF9xbz7vXnnYtOeaad8g5ba9j8m7nzP3O9LPughpfVVMbR3MFzUvjLrV6o/dfDMp+eUVzM3l3vaho1E+oi83Z/CcCAEmAZgIA8SNizURudt8wRl8P2kr3Bc3N5NEUcbxYefDZVqWHSA025WejTXy1XXmQfk64/ftS6m3iD1P08wmSCXuaV+xggXjG0CWC5+l5tj99ffEXL27uNddqfFWXZ5f6hm327MnxZGS5N5x1rTvtWn7cueiIc9YB55Q9jom7HKO2Ob7aYv90o5KhG+xD0+0fp9s+Xm//aL39w3W2D9ba3l9jGxJy3ltrk1PNPeiUZcb4pxAkeWWul78pNjaTHz59duB8p9pMXlklMsv0E+oSuGsLABIdzQQA4kfEmonsEqGfoa41kwdnKXdBkfqlCVvA/fu2ZounFykPduaKs+XKAzl6r0X6+QTJBxuaV2xLlr5LBM+ANO9vhhz86fPpQS4QrGXwMs9rK13vrrV/kq7k4/Wyctg+Wq+Uhw/W2d5fq+S9NUqMHaMzkfNfesxVbwmjnMjquGJ3g7GZXNPzTM9p5pdWNJ8Hv7fVu7IExMMlgwEkEZoJAMSPiDWTBmsYt1m8cYxYfUb0TVWuyjUgTWzOVobcPVUMWa8UlQ83Nh8YJocPWqqclLIrT+zJE7d8o59PkPxllrJWNWYx71t9nQiSp+fZfj54Y/fZjcHPd1fz0gq3sTN0ZabstgfeULLdNFh8t7+cbSwnf/yo7NlFLrWZzDmsnyowVkfzri0ASA40EwCIHxFrJrnV+m4QPB9vEmaHcnkuq1N8kaHsb9l6QTlky+MV1WblbJM/TVdePV0mbpsgrC7l5BM5xDiftiJnKLfaC2rEhL36RtFK0nxPTK/94/DMJ6bVtnp/98C8sFzZgn9rjfeTDY6P0h3+g7KUfLDOru4kMVaI6GX+YWdBTRh7TlI21WpX5dLyi0EXHhlTrzaTT7coJ8MYJ1Rjdyk7rwAgadSUVOsHAUh8NrP/9AAkmog1k50X9d0gSG4Y03ziu6rCpJxDYr18arXc9p12QPRLVR7LcvLehuZDv/qFc1VimXqLyK4UI3foq4Ux3Wc2PDS2MJRa8twyMXybclHjSft8k/d5x+32jt3lGbVDxj0iw/31NteXW52fbXYO2+j8dKPjkw32j9P955OsV0qLsVd0Pp+k29LPuo1/HG3leI79p30zdc3kx30y7/6kTG0mb68TdRb9VFocNBMAycVusbMFAySfinz/yQBINBFrJt/s1heDIHk0pblsTN4vKk3Kg7QTzSuk9pAGm3h9dfNAj1ccKFROvJbFwDirICltECeK27/NYr9F7v6pXuNwXQakem//8OjoHe4p+0XokW9w8r7m+If4Ju71TdjjG7/HO363d9wuz9idntE7PSNlq8lwjdru+mprc6VRz483VhFjPlhnK6kPdbeJySZ6DS8wHtD182eztVNNLlTqp9LC6e8AAACIkog1kx7h3AbReG2ued82r1B2lfK/8mVNYvAKUVyvDHF7lZ0qPp9SD4yzCpK8auW25W+v03eMsCJLy4NjCn/x4uY7Pjo6crvL2D2imqkH5E/flMv1Rraasbs8IzKc77XcA7PtvMv4J9JW9p6xGpuJTJ/ZNrWZbDyvXOPYOKGZ098BAAAQNRFrJn+YrC8GQaI1k4fnNDeTv69rHqKeYL0lWzkzXh2y7FTzveEHhtlMLlaK/fnirbX6shF6eswx3frekf98OvWmN3e9vsI+2dAcYpJJ+3wjt7vfX2fXmsmiI07jn0hbqWrw/qK//oAumce+aVCbiWyJZQ36qdTQTAAAABAlEWsmod9mUeb2SaKgTiw+Lm4ZJ0bvUg7o+u148fk2sS9fNDmUWnLHJHHXFFHpv7LWLd+I8iYlYZUfmZ0Xlbwc5g3g+yxw3vPF+V+/vfffn0i5/uUtj06qGJDme2ON7AP6hhDr+EZmuNRmMna7o6Ht09aNGbes6leDzuuaya9fy1ebyfsbxKEC/SRq1K4IAAAARFzEmsmN4TSTbqPFSyvFPdOUB/dOE2+uUR7IcvLkPGWz+JE5ytNfjhZvrlVe7TZKyGIgE/qdHNUsOSF2hNNM+qd67x+Z9/PBm/710Rn/+6n5d3x84qlZjQPSvHLRI3YYi0E8xPf5Zsf7a21fb7UHOW3dmFN5jh6f5euayU/6n1dPNXl1lVifqZ9EDZcMBoDIqp+b5q6u0Z46C4ssu/YHvB555W98pB/UNrlulx7rrx8KANERsWYS+m0WuyxfZrTZTAak+WT6p3r+Or6028vb/uejM/7HQ5P+T48Fv//4ePfZTYE3M3lttXIWu6ESxEumHRRzj/i+3GyvNoV6Eryak3mOH/U6qysnfVPs6m6TrzL046sBgORT8uzrzpz8yk++zrv9IZ/Lf/RwF9I1k3hDMwHQlSLTTJpsYdxmscvyzBKxM0e8skpfS/ov9nSf3fjk9Nqec0w9U8y959v6LnINbO16wbKWTIy7g7haybR9nqqm8JpJk1U8/bn+Il33f16lNhP5xqua9JOYaSYAklHp4LfVB45zFxqXrxP+vQp5tz1QcPffvFblgsINaasvPdIn7/YH6+ctkU+rho+RL+X/4WHbsVMFf3pCnVZOKEdTHxfc96Q6lZyJHM1ZWKTO3J6Zbd6yUw5UXl2wtPD+7jJNazYFNhM5mrrPxF1dqy1Fe1WOKV+1HT2pzkTOWY4gV8x24ow6ghwi+1Xp829VfvSVOkR7d3JV1TmrQ9RZFfUYVDdtrv+psriiJ5/Rdo7LmchZ2U+fKxnwijoEAKItMs3kUq2+FcRD/jJb7M1TDgMzVg7/PpP2rxT8ZYa+A8Rnph/0tVokgmfCympdM7n174VqM3l1lSis1Y9vppkASEbGZlL1+Vh3ZXXjynR1q102DfnYmZPfuGyt7CrFfV6yHT9tPXRUjq9ttVe8+2n56x+qj+VAn9stm4CrrEKOKeuHOvOab6YXPfWsedtuufWff9ejddPn2U9lFj7Yw9hM5FLKXh6iLUV7VY5ZO2Fm0VPPKDMRovDBno7sHFdhceEDPeRTuTg5fzmVLEUF9zymThKkmchZ1c1c4Mwr9NTWFfd6QU4oV8mcsUedlXyb8mfhQ720WQFAtEWmmewI5zaLXZbfT1KuzfXOen3fCDFfx+m5Ja3nYBvnrAdJWZ3npmdbnAd/Xb/zz6W61XKyL08/voVmAiAZqVvqTeu3yG33/7+98wBv4kr0/Uu23N377t7du/t2733vhpaEUELKpvdk76YtyaYQDDYdU4ypKUAgECCQ0Hs1xbj3AhhjbAymdwPuvcu9ypYlq887o3GEOMeSxrJcJP9/3+/jG8ujmTMzkr/z5zSqN5fwK/J6S+wZ4RVdi4xU2VX5RcKPLScTSM2ebJR8Mkno9aQuqyAv8n20qttXlyfb5EUSMMiG8Ios8UJbepawXb/rUAfJpEUmmTrfeBYjZM/q7zcIzRrauoYmv1DhdXIQ8mO5+/2mkuJ/jBc2LCQT/lAGKjy+qVm9uX23//lc1yonhxLOQkpuPBQAAHQ39kkmnVpmscd8YQd3s4RbHU9HDqvOieTWOkhriVGva5y0M9NzCa4LqKKaTT7f1Swkk72X6Z1blfSnBwAAnADJtPmkmm7MJLIzF2pWbdQ2SknV3Fit1zZJiz8YJw2J5n/Q60lmKHx9tDI7TydX1G7YRVKBNOw4kWyQkEBerF65XugJRiB5gOQNYzct7sGxJdQ4E9PdjGcx/pbsaYw3ZE+SpsgrgpxOR6KR8bfGwSEWkonpzvW7DwvHIZegMRlbYroNAADdjX2SCan9s8Gg131uG59M1ibQwcOyU4O5NQnczot01b/vK2mkn4tVY641U8nk3bXtQ03WJdBRB8kEAOCUGOvuApXzl+mV7X/vTH9FXiz5eILxR3WppHrZWmEf2dmLqoJiVV4h2RDe0uQXyraZGCOHLPGCMW80HPI3l0y4n8+i17SnJtM4oampI+817kng20x+bgYxFtV4CYVvfmwumZBXjI0thPY2EwPkKkyvGgAAuhU7JJOyRm5KEJ0K+oJPbeHSKvil09n4YcFV8XSN31G8UsTVd2buYGKLgnttXo5pMnnKI1+YO3h+FFfW8MDOciQTAIAzQiWThn3eTYER8ss3yiZ4CL/iB2PkFZJXKuYs1tY1tMTEqyuqmoKimnxDOEODQ9Fb/xTeSzbaWxj0+qK3PyG78SNJfh5ncj9ykN++9c+G/T78bz8YxyYTcpaqxatNzyJgGicIpZ9Obo6KJWWr33GAM8SYktGuiuQUafD9cSYkkKiLy+p3HyavmEsm2iZp+fQFJE3Jr9wUunWp8gslk+eSApADCocirwuDcAAAoPuwQzK5Xsx94k2ngj5iYR0XcJvOHhZcnUBX9x3IoDsdD1u37O6oB8bBD3BJmx7QPtQkNvOBPZFMAADAUUAXLACAI2KHZHI6i3vPi44EfcT0Si4ilY4fHTo1mJ9f2CHmCDbngWtcfA53tZj3VinXwjypDr2Q0jrgwQ5dLvtahWTifeOBPZFMAADAUUAyAQA4InZIJl5X+eXb2VTQF4zL4m6XclND6BxC6RHBbTzH7XLkWELce5lLlnC1Mt46Gf2YzFnXrHt5TrZpMnnzu4oZgVqSTL45wTWadA9TqOhPDwAAgL4JkgkAwBGxQzLZdI4btYWOBH3E8HtcaQM3M4yOIlQsWZfYpxd6FylJJinl9NOxarNc//Gy/IHjTIaazCkYf0BOkolnJFdQd39PJBMAAAAAANB92CGZzI/qiwvAC+6+xNW2cGH36DQiOCOUW3+W34et5TuiB65xOdX00xHjvmO1z816YGGT178tFzp0Hb1xfxw8kgkAAAAAAOg+7JBMlsdyT26mI0Ef0e9We7+m0Lvc9ND2QDIthPsmhttx0XkyiSAJYCUPzqYl0pvZionrik2TyWDX9Nmh7TN0RaS074ZkAgAAAAAAug87JJOgO9wbe+hI0BccuYm7UdK+KEeVlO+vtSyWjyWLY7jtF+hqvRN4JoerbqafjhjzK9QrjlSYJpMBLmlTfVVCs8n6s/zkwjIkEwAAAAAA0J3YIZk0K/hlQz48SAeD3vWpLfx8wc2GKrVgSxufUi4X0RV6pzG3hn40Im2W649dlg5wuZ9MiB9tbhCSybyo9iMjmQAAAAAAgO7DDslEsEWhf/P1N1575dU+4sFDR9lCCqaWc/uv0NX67nb3pXbZX+01kf2tSL2uPhDDOmt6sXLQ+DTTZPLsvMI54XwyIZLb1YJkAgAAAAAAuhO7JpPXXn3tpRf7iF5eR9hCCkrl3F0J53+bX69j/1W6im/qrot64o7zuu0Gt53TbiWe1W5O1G4+o910RrMhvt2f4tTEdbEqwR9ilMTvoxXfhrUuDW1dHCyb591E/Cqg2eua/tB1jnj4Bi+/Ydg+QrxJF0C8gcn0ZXbK8nrtENcHkslw95xZoTohmayM4xpakUwAAAAAAEA34mzJ5O9vv/3u394ZPfqTA97hhXVcdhXf0+x2KXe5kDuby8Vnc8fT+dHwR2/w7QA7LnA/JfKDT+YEq19ZWPD6V4WvLip43jPvSffsYVMyh07OeHwS72MTMx6bkE58lOjGO8QtfbAr76DxaYIDx/EOcEkVNK3iCw5wSdt1rKGgUsPeOqOktGzkEGlkio49oHhbFNwLs7OoAk880iYkE2JiDpIJAAAAAADoRvpoMhn9/vujPyB+4OIy4VM3z3GzVkz9asvkpQdnro2cvfW8+7ar07fdcN91b+b+LI/DRR7eZXP8axeEtswPV84NV88JI2o8I3RzIzlBT+LPNewO9QjnnpyVR+ribKKwiyS0hJyXCuPILRiTQecN8XpdVrMH7JRjVhZQxf77mhrjLfryON9sAgAAAAAAQDdht2Qia9P7+ARERcd06IXLNzo0LSM/PasDs/NKiH5nSzx9K2f51Hj4N8wJavYMkc8NU82L1FuOGbb5zsrKwa7pbKiwi+98lVfdZL1NIzCZzhsi3XlJvzNJxR6wU7qtK6KK/eZ3Faa3KK2C/vQAAAAAAABgL+yYTOxmi4ILSDZ0smLyQ/fpHqh5a8UDM+fay09WFtZKrceS2hZun8VBLxbcdE774+k29pid8ut9EqrkL31VanqLvo/jVFr6AwQAAAAAAIBd6IvJpLSR+/oE3wWLzQ/daDjnsl/W4RCRrvjEpIwzd1rZa2QtrOP22jpj2LoE9aqTCvaYnXL5ITqYPTe/yPQWLYjmJFJOr6c/QwAAAAAAAHSdvphMlp5kYkNP+dd5dI+mrrhoX8W1LFFNGbUtXFIenTfE+12McsmxriaTzaHVVPlHzc6j7s/WJC6tkv4MAQAAAAAA0HX6XDIpqqfTQk86O0z36IQMNmPY4BKvcmH5eTFmV/PrQrKRQ4y7L3EkliyOVjS00oftlHui66hLGDY9h71Fy0+hTxcAAAAAALA/fS6ZXCigq8I97PMLi9mY0VlHTc/MKu3EkPRrRfyqJmzqEOOWc1oSS4jVUj17ZPEeOllPXcXQqVns/ZkbyWVW0x8jAAAAAAAAukjfSia1LdzWC3RVuIedGawdOjX7kS4MOHl1QV5uuaV1Syhb2rjgOzYOMtl5Ub8qViUkk+J66+PsLcgmk8cmZrD3h7gwmjuVxTXK6Q8TAAAAAAAANtNXkklQMrc4hpsXRVeCe8UJR9pe+LKEjRxifMkzR1KnZS/Qgg2tnNc1OnKI9McEzVJDVy5idlWXksmWsBrqWga7prM3xyh5WGviubAUTqOjP1UAAAAAAAB0lt5PJo2tnO8tft4ntu5r3XC9R5h+NjGUqCMKP5LX6T07o0e4fuxeGZs6rPrC7Oyw800tzDVaVtJE5w3xrj6lFGIJMbW8c4mIcn0gPQLecjIRXBTNXS7kMF8XAAAAAADoIr2ZTO5KuKA7ncsk0/zV4/a2fPhD1dvLykbNyH5sYuYQt3RSgeYdn0b+FX4krw+dkvX2t6WjN9SN29s8I0DNHsqqH29p7NSq8B99V1jTbEurRWIunTdEuvsSZ2wwId4u6VIyWby/nLoiMclkjmHkSXQa/cECAAAAAACgU/ROMilt5Dac7cSKJS67pX/7vmLkjJyB49M6lRaIA1xSB41PHz49571VleP3SD0605zy0aYGkaf7YEl+RYMtsYToe4uOHCLd/PPYd8ELeVqpgj64eGdspjuwiUwmRM8ILimfU6jpjxcAAAAAAAAi6YVk0qLg/7N/rrhYQoLE2ysrR0zPHuSa1pVlEMl7H3VLH+me/d7qSo8wseFkZrB2hHsOezTWkKROd+IyavMgk5/OqE2TSXymuisTB7usLqQuSnwyIa49w2VgqRMAAAAAAGArPZpM6lq4S4X8zE5svZaShIfpAZqXviodNF5Uk0WnHDQ+/YWFRVN8VbNDrUeUWaG6J2fnkbewxzG6aK+kxdbGisxKOm+Id0XM/UEmxLBkdWWT7RMHv+KZTV3X45My2Rtiwe9PWx8Nr9frs7OyEuLj/Y4etWx0RERpaalKpaIPAXoYvV4ikVxISgrw9WUfk6khgYG5OTktLS30EQAAAAAARNBzyaRZwUWncivj6Oosq0e4/rMd0lcWl3VHLBEcOC7tuQVFozc1kODBFoDS1UtOCsMexOiVDNvXX79SROcNke66pP/2eJtpMvG/qSprtDGZkGQ1fDK9xOTQKR2sZ2JBkjlrZfQnjKKstDTQz4+t1HZokL//1cuXdTprcQd0J02NjeRBsE+nQ8me8XFxWi0W4wQAAABAp+mhZFIn49Yn8qMR2Oos5bj9slGzcrvScatTDnfPHe/VyhaDkoSlT3dIB7vSLSePuqV9tb/C5n5cxNC7dOQQ6dakBwaZEPdeVBXU2phMciWqwUwOfHJGB2vAW/Z8Af0JM0UqlYqPJUaTb97U6zH7V+8gk8mCAwLYh2LZxIQE+kAAAAAAANboiWSSXc0tOkZXYVk/39X83Hx6qEPP+OrSMjEj42cGa1/55oHGkxVHKkqqO7GoImVtC3fgKh05RLr6VPsCi0Z/iGtLL7dxFH7czRY2DT7lkc/eBMseuUF/wky5mJTE1mKtGhoUpFZjcH3vkJGWxj4RMUqbmuhjAQAAAABYpNuTSWo5t13Esu4TjrSNdM8eOI7+b/uecZBrusu+1lkh1nt2uQdqXv669PHJWcIbY6+3NMhsbKYgFtdz+2xa+p34XcwDXbmIq2LbUm1KJk0yvW98A3tbnl9QxN4By+66RH/CTDl54gRbhbWqv48PRpv0Fjdv3GCfiBhra2roYwEAAAAAWKR7k0lclvVl3WeH6t5YJmH/w76HHeCS9uTMvJnBWraErLPDdOO95B/9UFHdZEsSMHqpgM4bIt19iVvyYCwhLjmmuF5ky5ImKQVts7eWsvfklcWl7LVbdut5zkLHq2NRUWwVVowqpZI+FugRrl+/zj4OMdZUV9PHAgAAAACwSDcmk2Np1lcscT0oHz6tvf2hLzhsevZMES0ngkHJ9CV3ypY2LjCZjhwi/TFBQ8USPplEKxKybOla5hff8PIcemIu4t++r2Kv2rIHr9GfMFOQTBwOJBMAAAAA9BjdlUxqWrhvTtDVVsoPN9SNcM9lK8S96+iN9WxRO/RKIX3VnbKxVe99g44cImUHmQjJJCbNlmSy0rvyyan0xFzED3+sZa/assF36E+YKU6QTHT2wIEG9COZAAAAAKDH6JZkQmLJkhi6zmrqzGDtM3N7Z7C7VQe4pI3d0zJbxGzCkkb6wkVaXtV4MibWNySGjRwiXXqMjiWCwbfV7Oks2yjTv70wZwBzH4if75CyV21BzwguvYr+hJniuMlELpcnnT0bHhLCls0GA3x9b924oXaEwTNIJgAAAADoMeyfTGIyuG9P0nVWUycdlj8+KZOtB/cdh0zIeGtFBVtyykabFlyva1L4+/iQqtvB2Fw2cohxa5KOzSSCXpdV7Bktm1qoZOcLfoRPaKlTj7axV23OxTHcujNcTg2XVsndKuUuF3EXC7nz+bwXCrmrxdzNUi7uliQq8W5odEJQSCRbl7Vg7yYTpVIZFR7OlqqLxp44odFo6JP1MZBMAAAAANBj2DmZSOV8a4mFdUtmh+n/Oq+ArQf3NR+fnGV5hfgvj/GrE7J3wKq3bt0l9TYf/7D9Z2rY1GHV3Ze4DWc6GGQiuCNJyZ7RssFnm9jLJw5xTZ/ur2YvnHVhNLcpiQtI5iJSuaR87mwel5jLnWFMzOPO5Ojis1Sn7jacvFkeefq6v38gW6Pt0N5NJpUVFVaXP7dBcsymxkb6ZH0MJBMAAAAA9Bj2TCakpv5TIl1tvW849/oyyaMTOxjP0Dd9fVk5fQkmbkikL1+k4aFhpN528FTO3osaNnhYdWuSbuVJJZtJBNfGtbFntOzHy/LZaycOm5o1K8TSTGXzo7hD17nodC4+hw4hIk3I0Z9OawmPvRQYGMpWbU3t3WRy8cIFtkh2MT01tY83myCZAAAAAKDHsGcyyazka6tsFVZwwiH5YFeHiSWPGPp0WVjhZM8l+vJFGhrMj1U4cKaKTR1i3JCoXXacXsnE6A+n2po705JT36wbPrnjhzJyRq5HmNlWo8UxnN9t7nQ2HTZsMD5DcfKGJDj8hJ+hk1uH9m4yOXvmDFsku3g3OVnZq5dmFSQTAAAAAPQYdksmja2WJuMavbG+t1ZR7Irvrq1hr0Xw4DX6DoiUTyY+fntsajAhrjypZFcyMboqVtGplR/3n6hjr1rwjSUdLGbiGcn31iOZxOZ2ErPm6GJvVweHHWfruH69nUwSTp9mi2QXb9+40dbWRp+vL4FkAgAAAIAew27JZGUcXYsVnOKjenN5ea8vpGibQyZkzAzuuNmkK8nEO+wMGznEuOsSt/SY2QYT4ooYRXWz2GRCMsyLHmYXk/nHenr2ZJJJolLt005izoQc3YnLecERsVQ1F8mkt0AyAQAAAECPYZ9kUt1sdtT7q0vKBrumsxVfR9HtkIK9KOK+y/RNEClJJoeib7KpQ4zbz5udlUvwuxOKSqnYZHKvQPmYm9mGLLcDMtPr9TSsVZLAZAm7m5CtjbvX6O/nb1rNRTLpLZBMAAAAANBj2CGZXCniVnTUYDI3knvxy2K2yutYkmTFXhrxu1P0fRApSSb7E6vZ1CHGNafVbBoxddlxRVmDqGTSLOdmby1lr1dw4Lg004m5lsRwxzPoCNGtxmcqQ48nGqu5SCa9xbnE+0+hUyKZAAAAAKCzdDWZ1LZwi47RtXaiR7j+qTkdT/rkWJI6+qyOVl30jOCa5PTdEGNwaPTeiyo2dYhx2QmzXbm+i6zxSao6n6NuELfKytUMeYfLmAgOm5Zt2gi26xKdHHrAhGxtVOKdgCB+IREkk16hqakpOCCALbYYkUyAo5DVqP3D4UYIoZP5WlgT/W0HjkBXk0lKOT8qmq24j9nT4ohD3jt0ml/Hy3rUNNN3Q4xBEXF7LmnZ1GHV3Zf0bCAhfhsl3Rh894D/yZv3cutbtOwZWasatWt8K9krNfraV8WmV3r4Bh0besbT6Yqoc2l+SCa9QWtr6907d9gyixTJBDgKpPry51k5EEIn808rSulvO3AEupRMmhXcPGaaYI9wbryXfICzxBLix1saO2w2ya2mb4gYj8amsqlDjOsNCywuiW79NrJ5TUil364z1xZvT5/7Q9r8Nf7e3qQumJKaJW21nkxa2rjxawoHmW8wGTop47PtTcbLnBvJL6HIxoaeUh91NgXJRDxarbZNoWjqAo2NjXm5uUG2tpYIIpkAR+EPhxvZOg2E0Amkv+3AEehSMsmq6mDg+7gDraM8nKEfl9HXl5VPD9CwyeRCAX1DxHgooZRNHWL8IU61KrR655EUn91nL3+7K23e2myP73NmryT/Bh064ic6mZTVaUeYWcNE8Nm5+W4HW42XScLn8XQ2MPScp1NlLXIV/cntQRwomej1+oL8/OtXr544fvz4sWO2GR0Z2fU175FMgKOAZAKhs0p/24Ej0KVkwi5g4npQ7jSduIwOdsvocIaunxL5ViP2tliwRcHtu6BgU4dV913UXv1uX4bnmmyPlSSNUEbs9fITl0ykcv2kn4rYazT10y31pj30yFNOsPvqJZ30SpFep6M/uz2GoyQTEkuSbB2wbneRTICjgGQCobNKf9uBI2B7MjmVRdfUp/ioBjnyBMEWfG9dLZtM5kdxkkb6tli2UkpHDpH6HS/PmrOazSSCpzfu9BOXTI7G1Q+0trbMVN8HxtVsPU/nhF4xpYL+7PYMpLofc+wYW/O2i/ZNJqUlJf4+PuxZekUkE+AoIJlA6KzS33bgCNiYTArruB0X6Jr6O99J2GqueAeOSxvimjZ8Suabi/Knbq2Yv796qW/duvCmb33r5uypcl0veWV+7rDJGRZmlOo+31xewSYT4rUirlHcXFiCySU2Lv0e4Z/CBhKjF1Zv9RORTFoU3GcrCtirM3Xo5MxZIfcH1cyN5A5ep0NCr5iUzynU9Me3B9BoNJHh/Pxg3aF9k0l6Gj9bQB8RyQQ4CkgmEDqr9LcdOAK2JJOWNm5zEj0l16db6tlqrhgfdUv/cHnRD2FN4bfVx1O1p7P1bK3UaFyW/tg97ZYTzfMPVL+6IK/HlpZ/xrOQjSXE1fF8OGFvUYdmFtQcOt/Ipg4xXl3jywYSo8lfr/P39racTKqbdHuiawcwl0b50pfFphe48Rx3omdXMrHg3XKuUU5/grubm7YuNShG+yaTa1eusKfoLZFMgKOAZAKhs0p/24EjYEsyKW6gY8lnO6VsHdeqo1cUfR/UEHVHY9swhtNZ+sBrqmnbKl7yzGUPbl+fmJrNxhLBb07QzSaNLaqqWmllzX0llQ1Xr908eDJzr03zBR8415a+4Cc2kBjNmLs66NARy8lk2saSR12tNzeN2Sk1vbrQe/Rt712vFnN6Pf0h7joajaa5uVlqQlNjY0Z6emxMDFvntqNIJgD0OkgmEDqr9LcdOAK2JJOYjAeq5m4H5c/MtdJHiPWzNSVBN1SnMnVs7VO8JNJE3tEcPKd4ziOHPYUdHToli80kRrNNpg9uaFbevHX31KnTp2LjjEZFRJG62v6EcjZ1iNErsSVzrtlBJsQsj+9DDhyykEzyylUjp1qaj0twiFv6VF+V8bpI/jyVRd/z3vVsHmf3abpILMnKzEw4fTo+Ls7oyePHuz4/lVWRTADodZBMIHRW6W87cARsSSama5i4B2oGu1mv8pr6wpycgGtK29pJzHk6W7/5RPOIqZns6ezi45OzPML1bCYRXBjNlTfxd+bixStB/mZWgfDx3XtByaYOMR6JTk5dsIYNJKZGbtx1KDD2YnJ+k4wOJ1K5/rOVoqLja18Xm17X2gT6PvcFkyX0h7grZGdmHovic2OviGQCQK+DZAKhs0p/24Ej0OlkcibngUr5qFmd6En15qL8xUfrTmdZGknSFY+nasesLR0+xf75ZOgUs725BNed4Yoqmi3MjOQdGr/nsp5NHVY9EF/mExh1c+l6No2Y+unfZv6vJ8Y8PPyLF8Z8e/Vekekj23esTuSAnImH5MYr8ozkQu5215Pqos12qszr9frgrq0n2EWRTADodZBMIHRW6W87cAQ6nUx2X7xfHZ/o3SZ+9ZIhrmk7TsmOp2jZiqYd9bui/PJwrciKuHiHTc9h04ip/HKEN2vY+pnRw1FX2dQhxsPHbvn6Blz6fjObRowmz/jukWdcSTIh/nKEyz9mri+rlhkf2ehvRS18OXRi+tyw+7NyLYjmTmT00WRS2kR/jm1DJpOxT6onRTIBoNdBMoHQWaW/7cAR6FwyaZLf78rlEc4NcRO7esmgcWnRdzVsFbOb3HGqZZDoyCTG5xYUs2mE0jOC2+6fdNTHn62lEQ8kVLKpQ4xHAyI+m75s2aQlbCAx+vWHcx4yxBKjvxo5bt2BY+n51buiatnL6dC3VjwwM/KGs/Rd7SMm5nGZVfTn2DbKy8vZJ9WTOnEyqUYyAQ4CkgmEzir9bQeOQOeSSW41X/82xBL956Ln4xrgkroquDGBqWJ2n3FZ+ve+LWRLYrMvf1PGRhHW+eFt6wJTfI+yI6d9952XsanDupd0hw8ffe6jucNfmHjLfTmbSYjZs1c+9/Jk01gi+OdXpn/quXn0UrFzA7jtbzG9Fp+b9F3tdZPyuctFXFkTp9bSn2PbKCwoYJ5Uj+rEyaS0pIQuHwB9EiQT5zCnUkVkX7fgKyuLjt1qYV+HTiP9bQeOQOeSycFr7dXWt1ZUDBbXYPLy3NzVIY1sLbO7PZ2l//j7YrY8tvnx5kY2h5hzaWill+8Dg6p9AsJtnC/4dPHYWct/9yzfU2vocxOuMeEkY/bKPV8sepiJJbzDxv7m+aWPfHGPvRzWke45pkP8vz7Oxdt1ioKueCJNG36tqUHOaXWczq5TBp88fpytUvekTpxMks6e1XfHBM8A2BskE+fQhmQCnV762w4cgU4kE6mcm2/oyjXpqPIRcQM5HnVLP57avQNLLEjCyfvLCru+Zvyw6TmTjyrZBGLBuRGaVcF5Pkfbe3Z5h53Zc1HNBg+rHgk/O/RvM4xh449Pjgty+yZt5gohltxyX/7MixN/PfwLOpMY/N1rW/7vJxfZy2F90j17zNZ6Y+GXx3KBd+ib2fNG3dVM2iz5n8UFj05If9zt3o2UCvrD2zXuJCez9eke1omTib+PT0ZaGsIJ6PsgmTiHVDIZs62svEGzJrI24LL0fGar8KKsTTdkQV5ts8a4z6VsubCt0em/9Ks6nSLbfbqBPTh0UOlvO3AEOpFMqpvbu3K9saycrd126IydFT3ZiYt1e2zLW1+JGv9twRe/LJnmr2bjh2U9I3QknOzzO0lqab6+/mFBsSlhtxNOFu+7pGMTiDl9Ao/94bkJpnnj8ecnTnlvdvzkpccmL33v9am/GEYHEsGHho39y0enHxkrqsHkjW+Kph9VGEu++zJ3Opu+kz3s4fPyt7/OJ6nSOJmB2/IrzVKpXqejP8I2UVZWFhYczNane1gnTibE6IiI4qKi1tZWuqAA9CWQTJxDKpl4JzW1KnXCdpNcK2xUNvGZhKQRkkn+/GAyEfYZu0NifAU6gfS3HTgCnUgmpzL5auuEwwq2atuhf/umICGn9yd3iryjGTpJVMczc44/IPcIp4OHaPULwtvWB97OPhSqOxBCVHuFN3mfTI64R1KKb5KcTSNG951r+mnLXjZ1WJXEkj+9F8peSIeSqv/YvbLZYe1duZae7LVYEnZbvdSn7q+zsp+Y3MEKOQNdUr7+8fiRI36Bfl0ygNj9SyiK1LmTiVF/H58uSh5ZeEhIdWUlfc0AdBkkE+eQSiZZ5Uohh/zZ0FQibMgNWaXq59dNk4nwXtNXoBNIf9uBIyA2mZQ2cAuPcbND9Y9PzmJrjaxDXNOi7/VaPy7K3adlXZlHeGawlskbndB1v2RxmFLmFSUkE1NJSqk7eio17HZUfI33+TYqmRw6kTJ25nds8DDnQ8Ndf/3s/N+/ve8/P4pnr8KcT83M9vx5hIlnRC/047pSoL+epxu3tsTqVG9PTLjjsjiRrfg6rv0kmdjLQH//+ro6+rIB6BpIJs4h22aiUNFtJmX1atO3IJk4vfS3HTgCYpPJiTRDJdtLPsBF1LCND5cXiVnl/WoxV9XClTRyBfVcRhWXWsmv8H2thLtYyE/ExO5vm3GZ+mEd/Te8GB+blNmFBhPeJycdXONdqjnQ3mZCqT0QqjoYXuMbnx1w6dsDlw/EZHmdzBbc5p34lIv/v7+5y+jv3zn4h78dMeef3g//y+hT/z3m9iNfpLAXYs7Xl9yfduzLY1xsFn33us/EXC65SF8g0RWV6Q4daxhsbaJnEi+fnXrTx9vscpYOJ5JJZ01LTaUvG4CugWTiHJJoUVijmutdSRyyIO+NVUXkR2qciTGiCCKZOL30tx04AmKTyYJofgGToVNENZgMHp8WekvN1kRZLxRyeXV8Mqlu4Rrk/NreSg2n0vLTwmp07ZJtlaCG/61CzcnVXIuSq23lyqVcUQOXX8dlVHN3yrlzefTxjW48JrWt2eSDH+vYsCFe9wD5L0e6PvLCZMmWo2wsEazZ4fvuh3P/aFgq8dcjXf7fq1Mmzv3+h/U73L87wZbHzrqkTj6qMpbWP5m+b3aXpJHzedyNQn2RRFdeoasw8VKy/Bn3TLqEjFOWx7MVVgf15vXrCoWC/lLaSn9IJqdOntTZaawRAAJIJv1EkjrSy5Qkt/wQWZtVrmR3gM4n/W0HjoDYZOIZwb27roatJnao6wYJWyWlJIlCIuUX8y5s4HJqufQqLqWCu1vO3ZZwN0q56yV8y8nlIu5CAd94cr6A3yBeLeZulXH3Kri0Si6rhiswpBpynMpmrkbG/4o9keDpbP3Lc3MHdjKcDBqfbsPYd6Ozw7R/W3bufz3Bz531p6ddDy1Yn73xsGkmqdzhu2ji8t+OdGG7ZhFJpPnjG6sGfnpqwBc32LLZxY9/rDKWduM5+qbZ0bO53MV8LqVYX1JOBxJTb6e3/XWGlXAyePy9fQcC2DqrIxoXG1tXW0t/KW2lPySTkydOaLV2Ws4GAANIJv3EpUHVCakyshFxvTk+hd+ATi/9bQeOgKhkUtXMuXq1PjbZSpVRcOikDK9zcrZuSskvT6HnV6jQ/twwolBzrSqupY3/FYkZ1S18k0ixoaMXiS6Z1VxqBd/X62Ypd6WYDy0krpzL53MLH10Ma/BZaDMhTtpc/tgEKyMZKEfMyJ0den+Vj846zbf5GXff9kEgT4wZ8OKkz/+5MOTrLWkbDt3+8UDs8h2zxy/9/dN8U4k5Hx4+7j9e+fI/3tw4cMwFtnhddMC4tEmH5MbSBnXbCJML+VxqsT6nVCcpp6MIJdlh6b6K4da63i3f+MByMY5rkL9/VmYm/aW0FSQTAGwAyaT/WNOsIU+8WqoZsiCP/S10PulvO3AERCWTU1ncQNGrgnhfVIgZYZJIzOM9Z8gVFwv5aHGliLtWzLeZ3CrjQ0hGFZdby7eKVLVwtTK+r1ebhtNzP6vn5VONju/NxZ6CMuqu5ou1pWyBLTh2r4zNG+J9b/W13708hwobDw0b8/CwLwzSOcSCDw1z+ZdnPQZ/GskW0mbf/6G9wWRuJLc2gbP7/M4kKKYU60qspRE6nEh0F27JB1kcc/LSjOtsndVB9ffxKZdI6O+lTSCZAGADSCYQOqv0tx04AqKSydZYOVs7NOfJdB1bSTW1spmTNPHDS9KrubQqvvvW1WK+3eOcYB539mfPGSS/ulDAR5f29FLM3Srl+32RNFJQz5U1cRXN3M0S+iysJC997V3LFticA8elzQjq0qxcL82L+M2zU9mYYbO/GjVl0Efej3yW9MjYToxx79DHJqS7+7UvH7kkhjtyg75dXfFsLnenSCemkaRDS8q07yzIZctsdMTE5IOH/Nhqq4N6PCqqra1NbyvGLzOSCQA2gGQCobNKf9uBIyAqmbz7TR5bO+zQNxblsfVUyuwarqieHxxSbWgJaZBzTQp+RHurirfNMAJeaAkhkm3ySnMb19TG1bXyIaS4kR/ynlvLt6jckdAHt2x8tn6wq6X/jDf1i90tbNjolP/592UPD+94DElXfGjYF78cNeMv7x4e8MV1tthifGF+3vi9TcZyklgSZ481TM7ncbeL9IUSGwOJqWeutT7qZvZJDRibuuSnaLba2j8NCw6+dOGCWq1GMgHABpBMIHRW6W87cAREJZNXPLPZ2mGH/hDWxFZYBa+V8O0bJFcIoeJeBd9l63oJ34MrKZ/v1nW/qcTQeHK+gLtcyDen3Czle3aREELekl7JZVXzyaS4gR+FQg6YaHFsCesr8y39Z7zgAJe0l74qZZNGp5wZrPrtc+5srrCjD49w+93Ly/7y970DxiazV2HOt5fkeoTpjOVcFKWOy7LSzGXZi/n6zBJdaXnHgSQrT+0VVb/yYCWRbGTnqdh9WMmhpv5YzBbe6HvzLrLV1v5sQlzc5YvOf0+QTIDdQTKB0Fmlv+3AERCVTF4WnUy8zpod+55ZzekMQ96FZhC5mpMpuWYlJ23jGuVcvZwrb+aHlPC9vKr4KYBvlvGhheQT44gUwbOG/l3C0BQieyLLTttewRabcuTMvDG7mtmw0SmnB7T+atQENk7Y14eGjf3VqIl/fPPHR8aIaj95fFL6VO8HLu3HsNyEbBvXxEzK424W6gvKzE63de5Gq9uaoudmZj0xKX3YpPTnZmSN+77wVmobuyfr3vA6tvxGn59+w5kWNum6IUFBZ+KdZz5lcyKZALuDZAKhs0p/24EjICqZjF1VyFYNWYe4pp3O0rP1V0ESMIR5tIT5fy8ZBo1cK+FDCIkiQjNIWRM/2L1RwXfrkqu4NrWhc5eGU2p521c1MUjyDHsKMYYna9iSP3AVbhlT/e4v8WGzbgcq2CDRfT48fOx/vvHVoE/C2CsSfHxi+htf584KfmAS5AXhCh//sPhMJXujzJmQwx1P0aYU60s7aiExGpkonbS2uMM1ZAa6pI6alhl9rpl9l6mFJZrB5uddGDQuxeug8ww1sYuBfs5/Q5BMgN1BMoHQWaW/7cAREJVMAhMb2aoh62sL8sTMyiVeEmZM+3cZFza5Wsw3p7D7i/F0tv5xi3MHjz9wfyLdrvj3FRfZ/NDdPjzc9f9+Qs8vPHxyykc/SmaHqOeEPzADsmeEbq9frL+v3+k0GXujKOOzuW0nW1zWlb46P3floUo2SJgaHN/0uPlRIoKPuaWR3dj3mjpnSxn7RqNL1x9ja67QuUUyAXYHyQRCZ5X+tgNHQFQyKam20s4g+O6SArZG2x3y/buYF0VKstOIKWaXyxg5M3dWyP0xGF3x1UUn2OTQ/X7xXx/FmF7RqOmpn22umB3cQSvQN6H1R338/X184+6ZHR0kGHlHs+Bgzavz84a4pg10SfOKqmdThKmffyeqkW3c94Xse03dFlxrYW2TWd+fYmuu0LlFMgF2B8kEQmeV/rYDR0BUMiH+GFjJVg0pp2+vYCu1fdBXzQyCH+ya7h7YpWmCTR05yYtEhV8OG/fQsLFMfuhGR4wLfcUzZcxPhVOPts4IVHk+2E5idF64+pBvuFDbi71Zfiang0HwYbfVn6wq/uvsbGp1keR0JZsijPqebGDvrTl9TzayRzB6I0Ux4Qez4+D/uej84UO+bOUVOrFIJsDuIJlA6KzS33bgCIhNJsSCSs2LHllsBdHo90ENbO22DzrmhxK28M/OK+ziuoqUL8+PEqLCQ8O++LdR037/1IzfjZr2v5+c+q9PTvntyMn/MmLCr0e4/WL4uIee+IJNFyL91fDx5Dj/OnIyOTKJQOSV3zwzeYp3A1sYytVBOQd873eFijpzOz5dIdyc+Ayl39nKBfslT07LHDiOvkvEp6ZllJZp2RQhWCbRvjZX7HwJxHcW5pabH69SJtH94F3FvkvwTY8rm3aGsJVX6MQimQC781pYE1uhgRA6un9aUUp/24Ej0Ilk0qLgjpyqf9o9k60jCq6PkrIxoA86YaOELfxnO6T26scl+NnWbJJJhAjx8LCxvx7u9m+jpv77KPf/86znn5+dS/yL4V/y4x+enkmiC0ksvx7h+othotY/Ianm359y//1TM8kBfzty0sOGZplfjRw/3GXr7FANWxhTF4S3eflG+x69P7FV2ImkuNRmcmfi7jVGJtxevfPUqx632Vsk+JJHFokfbIoQzM5XW+gsx0p2zi/SsMcRlJTrdoaYXRzz1ZnX1m0LYyuv0IlFMgF2J6tR+4fDjRBCJ/O1sCb62w4cgU4kE8FaqS7pXuvR0w07I2s3BFcv3l8+c0up6w+Fo7/N3xAtPZlm4/yzPannvg7+G36IW8ajEzIen5xl6rBpOYLD3XOfnlPw7Lwi4gtflry6RPLaUskbyyv+vqaGOHpjw0ebG8fsanbZ1zrhcNv0AD4beITrn58d9L+fn8nmCuJDT3zBO+wLEip+NXz8b0ZO/NeRk0k++Y+nZ//l2Xn//dxXjzz/9eAXvx3y0rL/fv6r/3pu4X/9dQHZGPjCYhJm/uOpWb8xpBFje8sfXpr59uJTU442eYRZ6Y32VVjTQd8IqrYX4B8UEnkqMCTSz4fvHPXluhOjJplNJu99nSeR0BHCaNJN+RDzE2qxDnFNu3hbzh5HsLxc5xfbxL5L8K/Tbn63MYqtvEInFskEAAAAcGI6nUxkhsaTRpmeRJSqRm1ZraawSpNXrs4sUX32fdGrC3JfX5j37tKCcT+VTt9WscCrZlVww4Yo6YGz8gv5+rNMSOgV5+ylk8k/NjaQdDF6E+9nO5s/39XuF3tlbocUghOOKCYeURIneSsnH1VO9lERp/iqidP9ed0DNDOCNDODdbPD2od2TPNr+fin5P9+d+m/Pu3KhpMOJWHjF8NcfjXc9dcj3Ehc+bcnp/7xqdn/5xnPPz8z9w9Pz/rtk5N+OXy80EIi+IsR44d8vMplR86sYCWbQ91QzBYAABiKSURBVFi3+V/0M2kt+Vkf0xcXrI0ZMdHs0o0ffJNvIZnEX5FRg1IsS3Y+c1XGHseYTMLOSNl3CT479ebyDVgJvn+JZAIAAAA4MbYkE3O+vziPrT4aNXYBKjfUOCU/W1bOLx8+anrWU+5ZT8/IenV+7gfLCj9ZXeLyY9n07RULvaqX+df/ENa48Zh035nWg0nyo5fafK8oQ2+qzufxK/0J0wp3aqouKpkMHJfG1uDt7uxQzaygthmB8um+zVOPNkzeX/zF1vQPVya95hkwym3H/3t/+X/+z5I/vrHg31+a9ZtnJv1yhMtDTGgR/O0zE3/34sxH3v/27a+OTT1S4xFupZFEcG6Edn1g8iHfSLaqx9qVZHL6iqzD0SnmJMkk8Vore5z2jwqSCXxQJBMAAADAibFnMnFZbWmu2NJSs4MTiI9ZW/5CcIALHyQGjU9zW1NMIo2k4mcNCaekXFco4T1xpXX0iqLP1pS4bSibsFHivqNi3v7qxUfrlvnVrw5pXHKkesyqwve/yXtrYc4Ls7Ne8MzxZKryPa5+Trh+dphmVohqZlCbe4B8pr/UbV/JmC1p//zp1ic/3fxsU4rLzrwZvvUzgxRkH2plEssuC5F4+XaiBr9kfTSp9LM3X/DtBbkWxpncSFFYXi6G8nG3dAszfZFk4hVdz75L8EX3G6u20D3ToHOLZAIAAAA4MfZMJtM2mp3glVhiMZl0atg0cdFOCXsQo+GJ0iGuaYPHp5F/ed3SHnVLHz4lc+S0zGdmZu87UX8jW3EhpfVMsiz2enPM9ZaLBVxCNheXxYXf4/xucfuucHuvcJvOcatOc4tjOM9Iuq7fM3qE6zzCtLNDNbxhWo8wHR9gmN0s+21o5X7f46bj3a26clPkC+432Hsu+MqcbAvJJKdAPcL8CiSswyal5xVaGgG/3fwI+FcwAr7/iWQCAAAAODH2TCarjlpa88TCFEzE7aFmK6Cso5fkx18xOziBP1qwpaMl3pGxhbeqVM41tnJ1Mq6mhatu5iqlnKSRK23giuu5ojrubhkXeqFkQ8DNn4LurAnOWhFSTCLBV6HSBeGKeeGqeeHqeeGaucQILdEzQmew0zFDpOTgi8JkO/zPHfKxpeK+ZVfwO3Mus/dNkCS9Yosh0319Kfsuc87aVMoewWhhsYZEUPZdgu/OvbRrXyBbfujEIpkAAAAATow9k0nIObPTKBF3h9WxVU+jJWXa52ZmDXCh38U6aFza2RutZeaHOhDHrSpi3yhITlFYqWYL33Vv3b7HVqQEfY/6+h718yH6+B/1CfD2CTxyNOiIT/Bhn5CDvhH7/U7s8Yvb5X9ma8ClTQHXfgy6uzYofXVQ9srgwuUhZd+GViwNrVocWvt1WOOXYS0Lw+ULwttI1DEGG7IxP1z5VZh0eYhkVXDuDv+zR3yCOhrmLtajR3w///oce+uMxlxoYe+50TsZyqHiOnQNn5RxO62NPYLRiETp2ws7XhaT6LY0gS08dG6RTAAAAAAnxp7JJOG2bABTfTQ6Z3MZW/U0ddFOydCJ1mu0JMAUllhqfpGU6yws9jfQJbWsVsMWvutaSCaW9T3qY4guvsboIqQXb5+gwz5hXn7R+/2O7/U7RaLL9oDzWwKukPSyPvD2uqCUdUFpxB+DUjYG3iSB5JBPBHkLOQh7is467bvT7K0zui/CUsgk9//zFZZGHBl1WVVkYTA9cVtQrYW+YXNWn2RLDp1bJBMAAADAibFnMimsVA803+jx/Kwsyw0dpWXapBvywRZXw3jGPSs7T82+19SMXNUQV7MHIb9qaNGzhe+6NieTPuj6HWHsrTP6ybIC9rabml+k+XBxvuXpgz9aWmBhhIng3xaZbTAhbsQC8P1PJBMAAADAibFnMmlp456bmcXWII2euiSTlNO1T8rsfDWp+LKr9T0xMX3FwcqiEksjHAS/3GV2ZAJx4k9FbMntojMlE+8jPk+43WXvnuAAl9TLd8wujyhYUqa9fEfxP4tyqXxCfvx4acH2kFoSRNl3mXr2eit7aqPDJ945cphfFxL2K5FMAAAAACfGnsmE+OESS0uabPSvKSy28t/kxJupbbM2lY5ekv+Me+aTUzNemJ09ZkUhiSU5+VZaS4hp2aq/f2npP9r3nahji20XnSmZ+Hj7PDv1Fnv3jPrENLI3n1Ii0Z290TppXfHLHtnkORJfmZM9ZV3JlbuKAovTIQgePmZ2vmDi89NvkEKyJYfOLZIJAAAA4MTYOZnsia5jK5FGh05MX+9XzdZBWfmlGCXaohINSTLFpdpyay0tRt+an2OhRxmxoKJbhr/LnCuZEMctTmTvntFXPbPzC60HxQrDoyRPkDzHwpJOPMrcAjU5BXteo5OXxbNlhk4vkgkAAADgxNg5mVzNkLOVSFNf88wRWTe1wfwizRBXK2Po66Q6tth20cmSyYIfYti7Z/Qxt7SLty1N3NxFk262WhgsRPzmx2NsmaHTi2QCAAAAODF2TiZEq0uAe0XXszXRrksCz6fLCtjTGR3okrpgl4QtsL10smSy70DAsAl32Nto9N0v8ywvbGKzJaXatxfksGc0OnxC8gEvf7bM0OlFMgEAAACcGPsnk/Dz/PrrbG3SKEkICdfs/9/ta45UWV4OZdaW0tRCJVtge+lkyYQ4fomlDl3EudvKbqRaWpDEBpNuymdsKGHPZSq6cvVbkUwAAAAAJ8b+yaS6Sff+Ykvj4IkzNpbat0+XRKJ7eY6lYQlEr5j6ygYtW2B76XzJZNmGaPY2mjpqWuay/RXs4+iKi3ZKhk2y0uy2YlMUW1rYH0QyAQAAAJwY+ycTYgG/sImlZhPiwu0StlZqm8Ul2pc8rMSSp90zqxq7a4SJoPMlE1/vo89Pu8neTFMHuKSuPWKfcELC6te7yy03fBFfm3mNLSrsJyKZAAAAAE5MtyQT4rydZWydkvLthTmhCdKuNJ6UlmkX7yl/doalRVQEw85L2ULaV+dLJsQft4e+5XGFvZ+mkiwxY0OJmImALUjePnltsdVYMmhcyoYdoWw5YT8RyQQAAABwYrormZxJlg0cR1crKQeOS3vNM/vKHQVbTxVpUFzTiMkZlqcJJg4en1Zaq2ELaV+dMpkcPeIzb83JAcwtpRw6IW1PWM2ddBsfJUmYu0JrH7U4POkRPgKlPD/9hvcRLLDYf0UyAQAAAJyY7komLW2c+yYr45gFH5+Q7rG5tMzaiuCmlkm0F27JP/42f+CD64ubM+ZaM1tCu+uUycTPEE6sNps8Ymg5GToh/bsD5VYXdze1sFjz5S7J2wtyrbaWEN+fd3HdtnC2hLD/iGQCAAAAODHdlUyIUrl+xBQrQ5mNDnFNG70k/8ej1TkFahI82CpshWEy2dRslfuG0mGT0sVUZB/hO/+kfbNf0qygy9YdZmTmsRUpxzUi7H4G2O/l/4TFGYRNfcwt7YuVhedvyXPyO36UZYY1NC8ly8euLHzM2hzTRodPTPbCTMEWjTnm/Gu8JMTF6fV6+s8YAAAAAJyCbkwmxF1RtVY7AhklKYJEjs+WF3ifaLhyR3ErtY3kkMxc1b1M5dW7igu35JsCat5akPuom6h2EsFxa4qS7rWyBesOJZX1/j4+bF3KEQ3w9b127ZbxR19vn8++OsfeXnMOHp/2imf2+NVFAbF15FHezVCmZqmIdzKUl+/IvY/XLT9Q/vKcbLIb+15zjl2c6MuUExolj+xOcrLTfALNef3qVfpvGAAAAACche5NJi0KbvGBcquTwLKSlDJkfNpjbulDJ6STKDJoHN9ZiN3Nsh8sya9u0rUwpeo+L164HOQfwFanHMuoiMjMrPzmVq1ps4mPt88/Flxgb7JVyaN81JV/lESyIbIDHuU/v0wiBWCLCo3euHZNp9OdiXfmlV6iwsPlra303zAAAAAAOAvdm0yId/La5mwrZeuaPeDxK812iSX1UmV1XYsY8wvLzsSfYWtUjuXde+nV9bKGZuWt2/dM/w9+zdbwweNS2Pvc3T7mevenHWFsOaHR8JCQyooKlUpVVFjorM0m5LquX73a3NzcIhqZTNbW1kb/zQMAgO6noKDgzp079KsAAGt0ezKRGVpO5u6wPomwHR3gknrqRgtbEttkK0n91vU7wj5aaEvLic0+6npvw05MEwxtNDQoiP6bBwDobYKDg/fs2XPLgEQioX/dea5du0a9QlLB5s2ba2pqTp06tXv3buq3PYCQTKKjo0nZEhMTt27dqlQq6Z0AAAw9kUwEd0bWDrE2LaxdHDk140yyjC2AzWblFKal50DBe6k5C7dlWJ0SuusOHp+6yivjwvXs3JwcCG0wLze3oryc/psHAOhtSDI5fPiw6Svl5eUbN27csWOHRqMhPzY0NJBqPUkvsbGx5MekpKT1PxMfH09e8fHxIdvkdbJ/VVWV8bfGA5K3b9myRdgm51KpVGQjJCSE7BMQECC8TnIR+XH79u0kP3A/n2Xnzp0JCQnG4m3bts3b25ts1NfXC6e2XNTMzEzhFNnZ2aZtJrdv3yblNP4IADBHzyWTinqt69qioRM7PeakU77okbXWv6q+Rc8WANrLkhr1J98VsDffvrr+UNjQrNFhHiYAAHAuqGRSWFi4devW3NxcUvUPCwvjDNX9EydOnDp1SmhRIfFArVb7+/tLpVJhf5JMampqSPYg+5OEcPDgwQYDxmN2mEwCAwPJPiR7CJOPkx3IQS5cuHDy5EnhRxI/Tp8+ff78+ZiYGOFcGzZsIGcnG9kGyIZpUcmpqaKS3xYXF5O3k3cZk0lra+uRI0eEJAMAsEzPJROZYR7h/Ar1B0vy2WqoXVx+uKKuWdfSI3ME93MbZPr9J+oG2TSc3aoDx6UGnW1QaxBKAADACSHJxNjKUVBQQKJCXFyc8CuyzRmSSUhIiPCKQqEgFX2ykZ+fn5aWZtyHM7RjCNtUCwxnkkxIjKF6c5FfCRlm06ZNpj2syP46nU7YrqqqIomFHP/WrVukJCTJkFxE/iVvNC0qKZhpUcn+xt8a20xI+AkKCiJXIbwOALBMjyYTowm3ZU+7Z7JVUtsc4JL6zsKclMK2ZoW+xWCzUbnOaJNMJzXY1KptlGkaW3gbWtQNLar65nbJj/VSlal1TcqajqxtbBNpdYPCgjXM/mZtamOLQYrHl9y0zD9fy89X1H6lvDKNcAd4W4135v7tEu6eefkhQ6aTCpTVamOvNz87026P8hn3zMTkZmkrltIDAACnhWozIZHA2LwgvE6q+0LXKYHo6GjTXljGxhBS3Rf27zCZbN68mRzHGAny8vJ8fHyampqMyYRw+fLlDRs2HD9+XPgxISGBxJWkpCSyvXfv3oiICJVKJZFIUlJStm/fzj04rp2clFyIaVFNf2vcJvsIrwAAxNA7yaSxVe9/pvH1eTmPi15oz5wjp6b/Y2nOlbSmqoY2UsuvaSR1faHSLydW1rcSKwxW1nVghVVrZeVd1HCQDqX3tGIr8wo5CFNgRvaq269duC31/I0yyN86/u7xthHrDMmnTtpuQ7NakIScJpmWBDxirVRzOLb21blZ7KPprK/Pyw44U69So6kEAACcGSqZ7Nq1i20zMU0me/bsMW5zhv2FDTFtJkYiIyMbGxvJRmJiomm/r9OnT5MMY/wxNDR0x44dnKELGQknZEOpVJL3CtvkCGybibGopDzk4MJ2fn6+6TgTAIBI7J9M+CYLuV5qaJfgmyCaVXXNqlr+P/j5yi6p9VY1KKrqSWaQl1TJsoql28PL35ifzdZTrfrxslz/+Oo8SXNpdQtbZYc9aVFly7FLtesDJTZElJc9s9w3FiXdlbYqNDoMKwEAAGeHSiY1NTW7d+/OyspKSkoyjjMxTSYHDhwQun5lZmYK+5NXjONMOEOjyt27d0kwML6FTSbXr18/duxYbm4uiRxCMomKiiIbPj4+QvI5deoU+XH//v3CkHd/f39jIbdu3Wqc/su0qMI4E9Oibtq0qbi4+OTJkyTeCMmE5CghEQEAxNDVZNIo09Y0tpGwUVknN/wPPV1nFaOkRpZRLD1+qXZDoOTtRWZTypDxqZ9+l+cTV52c05Rb1kzexR4K9q5l1bK0AumJK7WztxS9Y/5RjpyaMWtLIQkz6YXSsgefI9+aVCerqm+tbpA3NLc1t6p0esQVAADop8TGxspkMmHbdFg5AMAp6VoyUegr6+W2pRHW0mpZvqTlbp405mrdjoiKNT5lntuLBH/yl+yOqjh3pz4lX1pUiRaSvi7JJ5lF0rt5TXHX6/ZEVa48Ujp3ezFxlXfprsiKM7fqr6c3ZhZLyRNn32sqSSmVda1NMswBDwAA/ZTQ0FDjWJGtW7cKE2QBAJyVriWT9r5bOqlc19CirpMqawz9taobFCSx8CMZmLomhJQk2VbWt1Y1yGsa5XVSRUNzG4kiMrmqTaXVaHU6tJgAAED/Zu/evevXr9+3bx8WKwTA6elqMjFqmLiJn9+JpJQHBpkYBk/XNPFj0/kRJobQUlHXwWBu6MSS+CH00SLxo7ZJUSdt4xNIS5u0VSlTqFrb1AqlhkQRtUan1ep1ek6vRyABAAAAAOhf2C2Z2CA/Ea3wr2HQvGHiWn4SWxJs+HhjSDhSmWGGXz7nqNqn95WqaqXKWqmKnza3sb2VxpB52mfiYqvFULyG2bp4yf2s4qc4axNuci2fMH+emNjwLITn0tSqIc+IPCm+6czw4PhHKde1TzRseNDIGAAAAAAAwCq9mUxgP1HBr70LAAAAAACAJZBMYE+IvlkAAAAAAMAySCawJ2xVchod/eEDAAAAAADACJIJ7Dk1WvrzBwAAAAAAgACSCew55RhwAgAAAAAAzIBkAntUjIYHAAAAAAAdgmQCe1otBpwAAAAAAAAGJBPYC8qxjC8AAAAAAHgQJBPYO7YqMZUwAAAAAAC4D5IJ7DXb1PTHEQAAAAAA9FuQTGBvitm6AAAAAACAAJIJ7H0VKvTsAgAAAADo7yCZwD6hUkN/NAEAAAAAQL8CyQT2IXVoOQEAAAAA6K8gmcC+pULFqbX0xxQAAAAAADg9SCawL6pC5y4AAAAAgH4Gkgnsu5J8gpHxAAAAAAD9BCQT2KdtVXI6Hf2pBQAAAAAAzgeSCXQM29RoPwEAAAAAcGaQTKCDKVdxWrSiAAAAAAA4HUgm0PFsVXJKNd/LC60oAAAAAABOA5IJdGxJSlGoOI0Ww1EAAAAAABwbJBPobCqU/IooWj1aVAAAAAAAHAkkE+i0KlT8vMMaHd+c0qdWlyeRiZRHq+ObetQ/S4pqVHhFI6jj99QZ3oKsBQAAAAAnBskE9i9blZxcyQ+jJ7lFqW6PAUJnMJur/XqDJDkIWUJtSBdthlMQ+dMp+fO2MoWxWeNVtKkN5UdPNgAAAAA4PkgmEDqVJLSQUMS3FOltz1oAAAAAAD0PkgmEzqlcyTfdCD3BAAAAAAD6PkgmEPYL+bYUNVIKAAAAAPouSCYQ9i/lSixVCQAAAIC+CJIJhP1U41IwAAAAAAB9ASQTCCGfUkhEQVcvAAAAAPQiSCYQwvtqkU4AAAAA0EsgmUAIadtUGIsCAAAAgJ4GyQRCaFa5Cl28AAAAANBDIJlACK2IRRsBAAAA0AMgmUAIRckvh4IuXgAAAADoNpBMIISdsLUN7ScAAAAA6BaQTCCEnbNVyak09J8SAAAAAIAugmQCIbRFkk/UWKURAAAAAPYDyQRCaKPC+owAAAAAAHYByQRC2FXRuQsAAAAAXQfJBEJoB1uVWJwRAAAAAF0CyQRCaB/lSvrvCwAAAACAeJBMIIT2lOQTTCsMAAAAABtAMoEQ2l/07AIAAABAZ0EygRDa31b07AIAAABAJ0EygRB2l2g5AQAAAIB4kEwghN0oGk8AAAAAIBIkEwhh96pQ0X93AAAAAABYkEwghN1um5r+0wMAAAAAQIFkAiHsCXWYSxgAAAAAFkEygRD2kFqEEwAAAACYB8kEQthzolsXAAAAAMyBZAIh7FHRcAIAAACADkEygRD2tHqkEwAAAAAwIJlACHvaViVaTgAAAABAg2QCIewFsTw8AAAAACiQTCCEvWMbVmAEAAAAgAlIJhDCXhMtJwAAAAAwgmQCIew10WwCAAAAACNIJhDC3lSHZhMAAAAAGEAygRD2plh7EQAAAAACSCYQwl5WhymEAQAAAIBkAiHsdeVK+g8TAAAAAPohSCYQwt4XAAAAAADJBELY+6o09N8mAAAAAPQ3kEwghH1CtZb+8wQAAACAfgWSCYSwT6jA2iYAAABA/wbJBELYVwQAAABAfwbJBELYV0SHLgAAAKA/g2QCIewrtqFDFwAAANCPQTKBEPYVW9GhCwAAAOjHIJlACPuQAAAAAOi3IJlACPuQWh39RwoAAAAA/QQkEwhhHxJLLgIAAAD9lv8PQqqMdzim/UsAAAAASUVORK5CYII=" alt="Screenshot" width="100%" ></p>]]>
  </system-out>
  <testcase classname="org.example.Main" name="LoginValid" time="1.119"/>
  <system-out>
    <![CDATA[<p><img src="data:image/png;base64,iVBORw0KGgoAAAANSUhEUgAABDMAAAIGCAIAAADGMlPIAACAAElEQVR4XuzdB3Qc12H2fTnnzflOknPyOTmf/SaxZTtyiWXZVuS4O7Ll3lVJiZRIVVKNVqVEdVGi2MDeG0ixobMTbGDvnQRBEgRRCBK998Vi+/3uYMDB4s5isQAWwOzi/zvPwVnM3pldrEhoHs7cmVtuW3qtn1Pc4Klo9NY0++rtosEumloIGXTx+AQAAAD83WJuDn2a36UU00wIkbE5hNsraCgAAAC6WzLKnBfKXBfKnOllzvOlWs7dzNmSYDGG6Wula9txZpS5MspdcpuXyl2Zla4rFa6rla6cKndOtftajftGnaew3lPW4K1s8tU1i3q7r8HuM++xETKo0uJU/1oCAAAMQrdkV2nlIau1RVypdGVWtKbSdbmi62Qa4yu01bMq3Ver3HKDOdpXrY3k1XhkIcmv9Vyv9RTUeYobvKWN3spGb7XNV9us1ZJG014aIYMwLo/6NxMAAGCwuaW4XisM+teiek9r5ANvYb12fKPLtA7W1jI2Ir+WNHhLGjylDd6yBm95o7e8wVvRqB0nqbL59E5S16ydx9XIqVyE+EX2Ey9ndwEAgMHqFq0zNGrNQY9sEVoajfg6yc0B+vjW7uG/KdlD9Mg2UtWkFZKa5rZOop/HxdESQpTYHMLOmV0AAGCwukX2hNrWzlCrPWiL3h9Cif9aN7fTVj/qtAfaNPfW+FpnlQj9DC6OlhASJC0u9S8qAABA1LtF6wlB09A6T90/5jEB0nqyln/Mu1+EkCBpdgivV/0bCwAAEK1uMe8PmUtFlzFvhBDS+zQ7uawwAAAYLAI0E0KIpdJCPwEAAIMAzYSQyIh2chcFBQAARC+aCSERE1lOAAAAohXNhJAIi8PFyV0AACAK0UwIibzYWrQ7n9BPAABANKGZEBKp4bYnAAAgmtBMCInsuL3Cx9ETAAAQ+WgmhER2bA4OngAAgGhAMyEkSuLmhvEAACCS0UwIiZ40O5gWDwAAIhXNhJCoSotLeDzq33MAAADro5kQEoWxO9W/6gAAABZHMyEkasPMEwAAEEFoJoREbWwO4WXeCQAAiBA0E0KiP9QTAABgfTQTQgZFXG71Lz8AAICl0EwIGRSxObhmFwAAsDSaCSGDKA638HFqFwAAsCSaCSGDKy1cUBgAAFgSzYSQwRgvFxQGAAAWQzMhZJDGyZldAADASmgmhAzeOFzqbwQAAICBQjMhZFCn2aH+UgAAABgQNBNCCLeKBwAAA49mQggRdi7YBQAABhrNhBCixeYQTqadAACAgUMzIYS0x+FWf0cAAAD0D5oJIaRDPNzqBAAADASaCSFEDeUEAAD0P5oJIUQNlxIGAAD9j2ZCCAkQm0O4POrvCwAAgL5DMyGEdBrKCQAA6Dc0E0JIp7FxWhcAAOgvNBNCSLBQTgAAQP+gmRBCughzTgAAQD+gmRBCuo6tRf3dAQAAEF40E0JISOFSwgAAoE/RTAghocbuVH+DAAAAhAvNhBDSjfh86i8RAACAsKCZEEK6ES7VBQAA+gjNhBDSvbi5ThcAAOgDNBNCSLfT4lJ/lQAAAPQSzYQQ0pO43OpvEwAAgN6gmRBCehLucAIAAMKLZkII6WFauIgwAAAIH5oJIaTn8XrV3ykAAAA9QzMhhPQ8TIUHAADhQjMhhPQqXu69CAAAwoFmQgjpVWxcpwsAAIQDzYQQ0ts0c2N4AADQazQTQkgY4mEqPAAA6B2aCSEkDOEKwgAAoJdoJoSQ8AQAAKA3aCaEkPCE2SYAAKA3aCaEkLAFAACgx2gmhJCwxcnlgwEAQE/RTAgh4Qz3NgEAAD1DMyGEhDPMNgEAAD1DMyGEhDkAAAA9QDMhhIQ5du5tAgAAuo9mQggJc2yc0AUAALqPZkIICX+8PvV3DQAAQHA0E0JI+OP2qL9rAAAAgqOZEELCH67QBQAAuotmQgjpkwAAAHQLzYQQ0ifxMdUEAAB0B82EENIn4drBAACgW2gmJJLS2CKKa0RembhWrj2ob1YH9CANdnH8qkg4LBIPi30XRWaRKK0VjXZ1WGc5lyembxLvxolxq7WN1NnUAUqqGsWHieKBKeLeSVpejhVldeqYqAkAAEDoaCYkMiL3+C9cF4czxaKdYtI6EbNRLNwhEo+IM7nqyNAjS8LHyeKRGeKvkzrkoyRxKldUN6rjzSmsEm+ual/x0Vli8yl1jH9ySsXUDa2DJ97MJDE+ses+E6EBAAAIHc2EWD1ldWJpmngopuMOvV9kH5AtRe70m9cNmMYW7SDJg1PU7SgZOk28s1Zkl6irG5GvOCRGXeu+ydqBF/NgmcuF6mAjoxeqg6Mjbq/6GwcAAKAzNBNi6TTaxfI94v4QWsSLS7Xzu8xbUFLfrJWNYTPULQTOJO3gTHmgs62qGsXag6bxrRmfpJUQZbz8Qd5arY70f6GaJnWVKIjTrf7GAQAA6AzNhFg3K/aK5xebduI7z72TxM7z6kb8I/f+n5qvDTOvGyRPzRP5FeqmlqZpc0XMg/Us2tlhsKwl76xVxyiZsVl9iSiI3cnN4AEAQKhoJsSikTv3nZ2+FSyTxMYT6qb0yFry2GzT+NDy4FR1KsjYT9Ux/nn90/aROaVd1xKZITHqG46OuLgZPAAACA3NhFgx1Y0hn3BlyqgF2qlW5m2mnu1R1bmZ5Xs6bO2FJeoA/4xd2T7y46SQjtI8FKXNxOFSf+kAAAAERDMhVsxrQY9IdJlPUrQrC/tvUH77wFR1WHczck77BoM3k7nb2oZpV+IyPRswj85SP4ToiM2h/tIBAAAIiGZCrJUGu9iToe619yCjFrRvMz1fvLFSHdCzHLnSts0gzeSjJHGlSBszbZP6VJCkHFM/iqgJAABAKGgmxFopqxNvrFL32nuSSVrJ0be5bHfrRYfNY7qfj5Pbthmkmaw/LmqbtHLy8HT1qSAprVU/iqgJAABAKGgmxFoJZbJ4iEk62rbNHk9ZMWfotLZtdtZM5PJam1ZLuvWisjuZP4qoiY/LcwEAgBDQTIi10ptJ6momaRs8e820vHfRT+jqrJkczhSztnSvlhiTUqI1bi7PBQAAQkAzIdaKece9N5Eb3H1BXRgwD07t+n6OeuIPaZsN2EwenaXd7VGrJSH3q3sniZLoPY9LD/dbBAAAoaCZEAvlXAjHN95arU3JyCwUj4RwXKK+Wczeqi5UIrtBylHtQsMV9dpNVB7panLI+/HaWw3YTOTqiYfVhUEyb7u4Ual+CNEXO5fnAgAAIaCZEAtlw3F1313JA1PaduUb7WL9CW3Wh3mMf4prxEeJ6kIlQ2K0TqK/gfxyEbNRHaBEv1dJwGZyOFNMCfkywfLN51doP4j5c4iycOFgAAAQCpoJsVDmb1d335XM3NJh/PGr6gAl566JMUvVhUrki/pvs96mDlAiN9jUSTORRWj0QnVhwNw7SVwtUX/8KA4AAECXaCbEQpm/Td2DV5J883Jbegqr1QFKDl4Wf1umLlQyeX2HbVY3qAOUyA02ddJMCqrE84vVhZ1l2e726xpHfQAAALpEMyEWSnebSVEIzWRsV/dYfG5Rh20euaIOUPLap9qwgM3kdK42C8W8PGAenSWulQ+WcgIAANAlmgmxUPqimczYrC5UM0ksTRPlddrE+vGJXd+TcULrzRYDNpOPk8TOc+rCIBk+UyzcMSimmgAAAHSJZkIslL5oJmnp6sKAeWCKFvNyc7af1V46YDO5f4rILhFvrwl1U1omaVcPM38UURYAAIAu0UyIhdIXzeRMrrqwl9FnrgdsJn9tvfH8gUvizVXq8iB5ZEb7xcGiNQAAAF2imRALpS+aSZ1Nm9FhfqpneWxW20t31kyGThNltaKqQYz9VH0qSB6Zrn4UURaf+psHACznlpvOnj2rPgegX9BMiIXSF81EDlu0U7tpifnZHiTuYNtLd9ZMZKZuFNmloqZRvByrPhUkm06pn0Y0xUs1AdBNsh4YVUF9rg/4fD7j5Xbs2KE+DaBf0EyIhdJHzeR0bvdKQpAYt2wP0kxGzBF7LrS+bo523xLzgIB5bYX6aURTvF71Vw8ABNfPzUT6u7/7O/3l6uvr1ecA9AuaCbFQ+qiZyFyv0Kanmwd0K3NS2186SDORmbKhbdiF6+pTnWVIjPppRFNoJgC6q/+bCYABRzMhFkrYm8nxq20jG+1i9CL12W7l5VjtssLGSwdvJm+sbBtWbxcj52gX4DKPUfLQVPXTiKbQTAB0F80EGIRoJsRCWX9c3V9Xcqmgw3hZFcxj/FNW1z64pqkb51YpGbVA1DV3eOlxq9Ux/vkosX1knU0czer6pZ9Z0GH7URaaCYDuCr2ZfPOb3zRG6mJiYux2u/+YsrIyZYy/pqYmEWgGvHzwj//4j3LJ1KlTV69e/fd///ft69xyy7hx4/xfAkDv0UyIhSJ34s277EaW71HHN9jFsJnqMCP3TVbHV9SLUQu15ebBQfLGSu1aW8qmtp0RT81XR+oZOk09tiNz8HIXr3skU10lmkIzAdBdITYTY3KImcvl0sc888wzxsKFCxfec889xrfTp0/Py8vThxkLzc2kM1zFCwgvmgmxVoZMU3fZjeg3ElEye6s6zMi41epgmUOXtaZhHtxZnpirTaBvNG3nWrmYmKIO1vPWGnE+Xx1f1ajNcTcPNlLbpK4STaGZAOiuUJpJRUWFMUZWlNGjR//Hf/yHsWTt2rX6sH/913/Vl7z99tui9TJckydP1pfk5+cbWzNWDNJM5Et89atfNb599913jdUB9B7NhFgrco9/0jp1r/3eSWLlfnWknqpAF+e9b7J4KVbUdzz/ykiDXRzKFH9bpq7VIZPE2JVi2W5R7nc+mJKKevGsae7Ko7NEVnGAJiNT2SDeXC0enKquIpPWei2vKA7NBEB3ddlMWlpa/vSnP+kDDh8+bCw3jpB85jOf0ZcY26mtrdWXNDY26kumTp1qrGgMC9hMdu7caYz8t3/7N33hbbfdZiwE0Hs0E2K5yOaw85x4P148OVc7+erDBHHsqjaF3TxST02TWHdMTNuoDX5usYjZqHWDmq4OQdQ2iXPXxMq9Yvom7WjGU/O0mR5vrhIfJYm1B7Ut1NkCFwz/VDeKVfu1dR+Yol1cS64rVzQPM1LVoF2ta2KKGDZD3D9ZjFmq1bDMQnVY9IX7mQDori6biX9t8F9+7do1Y0W32y38KseVK1eUMXFxccaKxrCAzcQYJj3++OP6wi996Uv+ywH0Es2EWDGyV1zIF9vPirR0cfGGVhLMY/wj9/hzS7XBezNEdolo6ORoiZL6ZlFZr614NEvsOCd2nRcns7WXq2zQ2pF5fMAUVWvrJh/R2pFsHZ0dqDEiB1wqEJtOiqQj4sAlcbkw1Hcb0aGZAOiuLpvJjh07Ag4oLS01lutT27/whS/o344ePVp0PJvr0qVLxorGWjQTYKDQTEhkpNamFYCV+7RDKO+s1TJ5vTYnXrlaV7dypUgs3CEmrhNjP9VOCXtthfgkRSxNExk31JGd5UaFdsjlleVa3ovTqpR5jBLZQzYcFxOSxfhEEbtbK0VBDgdFTQCgu7psJnv27PnMZz5jHmBuJvX19X/4wx+MhYbvf//7/isay2kmwEChmRCrp6Je6yEPBZqe8dfWKSgjZosFO0ROqbpikMgKMWpB68WyzBfznaQtf2qedgilwnRJLiNVjSL5mHgoRn0z41ar1xf2T9xB7Xyz9isIt77W35Z14xBNhAYAuqvLZlJeXn7bbbfpA/QGotu5c6d5xStXrtzSOvNEfv2nf/qnO++8s7Cw0HhWZ6xFMwEGCs2EWDo1TdpBki5v3z50mnj9065P+mpqncSSWaSVGfNGlDw+RzuEYt6Cni2nxdML1FVkHpgi9l0MfE5Xeb1210XzjU3umyRSz6iDoywA0F1dNhO32z1s2DB9QMAZ8MaKspboc9b9h5kZa9FMgIFCMyEWjdy5n7RODO/8diXmPDhVO9Bh3pSR0lrx+Nwu7iui5LHWa20p26lsUI+W+Of+ydq5YeaatPqAOtI/5lumRFMAoLv8m8mtJvqYpqYmY4x+1WD/S/ouXrxYH/bSSy/pS/7hH/5h9E1vvvnm9evXjZcTNBPAAmgmxKI5e0272pV5Dz54xizVzv4yb03PsjR1fCiJ2ahOUs8sVMcokeXkyBX11YNfp3hn0E4V6QGA7vJvJmbGsM9+9rPqczcZp3jt3r27sxsy7tu3z+dru0aHsZBmAgwUmgmxYuSu/9DOb7kYPK8s1y7ma97m8j3qyNAzZ2uHKwivP64OMEcpJzVN6gAlT89X33A0BQC6K8RmIt19993Ks+PGjbPb7caAhoaGGTNmKGMM//7v/64PM5bQTICBQjMhlovsFXI33bzvHnrmpmoX8/Xf5vn8rierBM+hzPatrQl6XpYR+YqHb5aTWpv6rJIhMernEE0BgIGye/duvUX88z//s3EUxefzLVu2TF+utA4AA4hmQiyXqyUBpol3KyNmi82n2jdYUCXmbw90Ga7u5M1V7W0n5Zj6bGd5ZXnbKg32Lo4CRXEzsdFMAAwc4z7xJ0+eVJ6imQBWQzMh1kpuqXh+sbrX3oM8OLX9PiHTN2mXzDKP6W6eXdS2wcsF6lNB8lGSdsRGrpV8RH3KP1HcTOxO9fcOAPSbL33pS3r9KC4u9l9eX19PMwGshmZCrJUXlqi77D3OxpPaBsvquncxrmCZJPIrtG3KzvNeXDc2O3SaOJunXX3rqc7PUoviZuJ0q793AKDfjB8/3mggn/vc5x5++GH51Vjy2c9+9tSpU+o6AAYIzYRYK/eHvLvfZd6L1zaYcUNd3ptsP9f2Pg9eFq+uUJ/tNJO0Iyeyzyzc0ektI6O4mbg96u8dAOg3/sdGzPbt26euAGDg0EyIhVLZoO6v9zJym2sPqgsDJsSZLS8uaX+3VQ3iibnqgE4zSXySLCrrRcpR01OtieJmcvOCnAAwYKqrq3/961/rbeRf/uVf7rzzzj179qiDAAw0mgmxUA5cUvfX1UzSrrt1qUAcyxKjAt2CXUl9s3hrjbpQyUMxYsc5cbVYbDrZ9XSU4TM7vOGKevHIdHVMp5mk3bSk1hb4jLUobiYAAAChoJkQC2VdV9e8emiqyCnV+kZtk0g9Ix6fow5QIpvD6IXqQiWfJLfdf10Ofm1FF7NHhk5T33PyUXVMkEzdIAqrtHJlfopmAgAABjmaCbFQ5m9T99eVzNjcYfzZPHWAkvT8Lg6DfJSo9Rxjg8U14m9L1TH+uX+K+p5lko5ox1LMg80ZMVtrMiez1eV/pZkAAIBBj2ZCLJQum0n8oQ7jb1SqA5QczeriNibL93TYYKNdvBP07K/7J6vvWaasNtR7Lw6dJlbuExcDTcqnmQAAgEGOZkIslC6bSfLRDuOLqtUBSg5eFo/MUBf6Z+xK7cQwY4P55eK5ReoY/zwQ6JjJgcvi5eXqyIAZNkPEHRxczYSbmQAAgBDRTIiF0hfN5JXgnWGSGPupdk0wubWSGjFmabfnmaSld7GKf95cJc5d06bam5+K1mbCzUwAAECIaCbEQumLZjJxnbpQyQNTtNuM7L8kZm/tYlLKX03X5qpp6s5dTSaKhTtFSa2YG+jHjMpmYuNmJgAAIGQ0E2Kh9EUz2XJKXdibvOB3P5Pqxu7VkqfmawdnMm6IBwPdbDEqm4ndyc1MAABAqGgmxELpi2aSWxbqXRRDyaZTbS99OFObo2Ie0FmenCfyK7TbsHQ2IyUqm4mLAyYAACBkNBNiofRFM6lpEo/NUpf3OPIV9ZeetC7woY/AmaRNfG+wi+mbO10rKpuJ16v+xgEAAOgMzYRYKH3RTOSwxCPhKSePz2l73dwy9akgeXSmSDmqXY84PT/Y0ZuobCYAAACho5kQC6WPmol+w3jzs93Kqyu027frr7sx0MW1AuahqaK8XjS2rvW3Zeqz/om+ZsL1goEwmj59+uTJk+XXwsJCfUlsbGzHIQhs9uzZ+oM5c+Z0fKYbdu3aVVNToy4dOPL99ODHkX9+1EWdWLRokboI6Bc0E2KhLNyh7q8rWX+8w/gum8mxrLaRxTXioRj12W5lT0b76649qD7bWeIPtq3SaNe6h3mAkehrJh4mmQDhI/cpq6ur9+3bN2PGjJycHDEQzaSpqSkvL09dGjl6sCtvsH4z2bp1q/+3AYXeTICBQjMhForc+zfvsht5aKrILOowvrRWHaPEmBYicyJbfTb0zEltO+6hJ/moOsCceydpd6yXhURfpbpRHaAk+poJgDAy9ikTEhIWLFgg/JrJ6dOnJ0+enJSUpH9bVlYmB0+dOrW2tlZfMn/+fDlg48aNdrtdfpucnCy/nTdvnv6sQY6PiYkxlst936KiIrkdOTg9PV0u0R9L+j663Kxcor+uXHLu3LnMzEz5rLE1OUB/bLPZ4uLiPB5PcXGxXGX27Nn79+/X15KvYrxcTStlOzp9xcWLF2dlZYnWD0H2tClTpkybNs3tdq9Zs0Y+u3btWn3wypUr5eryZ9F/XuOjU3bljQ9KX1G+9Pnz5+V7k+umpKToY3bv3j2j1ZEjR/ybiWxo2dnZ27Ztk4MPHTpkLIxppb+ufGP61tLS0oyfXT4rP1X5M+bm5sox69evlwv11fW3p68lF8rx+nL5H3rDhg1yYUVFhXzWeD/+P86sWbP0/zRyy+LmH4mlS5caA3TGR6H/t5bb2bJli75EPtC3oG/E2Lh8IN+/XCgHOxwOfSHQd2gmxEK5Uanur/vnb8u06ez+4+XufvC7HNY3tw9uaO7hbJOh07RL/fq/blq6OsacJ+aIgsr2Veps2jx48zAjT87t8BKRnmb+/wWEVWfN5MCBA3IXU+6zLlq0SBYAueTixYsXLlw4c+aMXgbkXqbcgS4pKUlNTZXf1tXVyZFyvFwo91/9XkHIzV65csVYLquC3BuWK16/fl1/9aNHj2ZkZMgddK/XK19XjpTj9deVC+WurWw1/tuUA/R2JHfi5VuSD+TerXwstyw3KHeyAzYT83akmTNnyrchO5V8IFo/hPj4ePlTyIazZ88e+fXkyZNy457WY7VymOwtsjDINyA6bybGByWXyxXlS8ufVy6R68pV9E3Jz1ZuRL5n+bpKM5k7d25iYqL8fGRB0hcePnxYjjReV7Ya+bigoEB+VqK1yMkfQf7nkG9blqKDBw/KhbJr6avLl5P9Sn6VpUj+OPKDlT+OvtklS5asWLFClkNZDGRJMN6P/48jtyzfvHyHTqdTvq582/KNyT8AysdofBTyzcifVNYbuZb8zydfV/448r9IYWHhqlWrhN9nJd+GXKL/gTH+YwF9h2ZCrJXRC9VddiPXK9TBMvM6n5rycqw6WBabSeu7d1rXk/PExQJ1O6W1wU7NuneSGLUgwLt9KVYd6Z8d59TxER0PV+UCwkrfpywuLlbO5pLfyr1S0XqqlXHYRCd3LuWu6okTJ/x3KJcvX248NvZ9pZaWFmN1fZv6MRN9if5acq/aOJvLWFd/XflCcjddX2LQ97ZFa+cRrQclduzYoT8l9/63bt0asJmYtyPrjawf+mO5lvxWNpP6+np9iTGNxP/t6fS33VkzMcgV9Zdev369sURuSpYW/ciGaH1dpZno1UK0NhzJeEq0vq7dbpe78sePHzcWyvdZVVVlfKt/JkuXLr18+XLWTXob1AfIx7LAiI6nYE2bNk1/IN+P/48j35vxrRxjvG1jvE7flHxvstfpS+Rj+d9Irm68Vb37GVvzf/XOPkAgjGgmxFqpbNCuZGU+EpKWro7UU9Ug3gh0XxHZcMrr1MEy9c0it1R8nNTp1XuNPDVPLNgReCMy645ppcW8lqwlCYcD1BKZ9PwAP5ceuSnz+MiNjQMmQLjJHUS5+yhrgLFE3+2WO7KyReg71vqz+nEJr9erNxPRuvc5b968zZs3u91ufaHOON1LtO7a6jvf+nI50n9mhbmZ6P9Cr5OvW+PXMfzpJ3StWLFCtO7N6+caida3JNuF/1pGMzFvR6549OhR4+XkjybX1c+YEn67y/rbO336tOw2DQ0NoqtmYnxQRjMxXlrflP8n4P9YdPxZ9MfydWNiYgoKCsTNZiIfyLcxa9Ys/dQ16erVq1OmTJGtTLS+GTlYrzTy89ErnPy5jJP0jE/b/20bj3d1nGdS49dMjP/uwjSxRP/W/ycVNz8l+QYmt54C19zcLGgmGDg0E2K5lNWJjxK15iD38mXunyymbtBO3DKP1HPgknbClf+O/lurxcYT6jAjjXZxqUBMSBbDZqgNQY/sD0/MEUeuaGeXmVfXc61crNofoGm8sFirJQ03p5f4R5aoF5YEWEUuST2jDo7ocFUuIOyUXUzht9tt/AO5zpjd4b+HKve/p02bJnfEO5s37//v6LrgzUR5P8rOrmHbtm2FhYX6rrksPEGOmRi9yLwdOdhYURekmaxcudKYDhG8mRgf1J49e5SXNo6Z6MejJPkGlGZiHMbRj5nI19ULmPBrJpJ8M7LFlZeX69/qs1NE62SYAwcO6Ed+5AD9vcltmo+Z+L9t41CVfD+dNRP/PxIBj5m0tLQox0zkg4ULF/qPpJlgoNBMiBUjy4Pc9c+4Li5cF9c7rwdGZJnJKtJOiNp6WpzJE7W2DhPWO4usEHsyRNIRrfm8FyfGJ4rY3doVgS8WdJig0lnkmzyTKyamaA1HZsxSsXq/dqKXeaSRkhqx/6J4aZl2MtgDU7QbpDy/WKtA5pERHQBh11kzOXr0aExMTHp6+vHjxzMyMuSSKVOmVFRUyB1fvZnI3d+cnBy5Qyx3xOUufkNDg36ylhysnP21dOlSuWesL5c7rOZmUlRUpM/ukHvb8nVXrVolt6O/bsBGIVpP6Jo6dao+Z0OaN2/elStXZFGZ3jrPRLT+XPJdybcnn+qsmUhz5849fPiwLAybN28WQZuJ3O/ft2/fhQsXFi1aFLyZGB+UPofE3ExE6zyT7du3y7c3a9YspZnIJfITMOaZyNeVP6n8WfTXlW9v06ZNBQUF8p3IxiK/Xbt2rd7H9IMtWVlZRm2Ii4tbvHix/jgtLU1/RaOE+L/tDRs2GO/Hf7nT6Vy9erX8Dy2rjn70Rr6xxMTEzuaZLF++XPauEydOyI3o05P0yfrSsmXLRNBmIsfIlzMWAuFFMyGkV2mwa9NX9JifDZjqRu2MsqvF2qXDZIkyD4joOFzqbxkAg5k+oSLK+J/NFQX0iyXojy9evGgcGQP6H82EEBK2NDuF16f+lgEwaFVWVuonL0WZKGsm/tdFOHLkiH4WGTAgaCaEkLCFWgJAV1tbO3fuXPMtNaJDlDUT/dII+gz48+fPq08D/YhmQggJTxzaSeMAAAA9RDMhhIQnPg6YAACAXqCZEELCECcHTAAAQO/QTAghYQgHTAAAQC/RTAghvY2r7WqTAAAAPUczIYT0KgAAAGFBMyGE9Dx2bgQMAADChGZCCOlhbBwwAQAA4UMzIYT0MMx6BwAAYUQzIYT0JC2cxwUAAMKKZkII6XaaHeqvEgAAgF6imRBCuhdZS9xcJhgAAIQbzYQQ0o3YOFoCAAD6Bs2EEBJqOIkLAAD0HZoJISTUcBIXAADoOzQTQkhI8XjVXx8AAABhRDMhhHQRprwjipVWNxNCojLq33ZEApoJIaSLUEsAAEA/oJkQQoLFy43eAQBAv6CZEEICx0YtAQAA/YhmQggJEFlLXG719wUAAEDfoZkQQtQ0O9XfFAAAAH2NZkIIUcMFggEAQP+jmRBC2mPjLu8AAGCA0EwIIW1pppYAAICBQzMhhGixO4WPK3EBAICBQzMhhAgX91IEAAADjWZCyGAPh0oAAIAV0EwIGdThpiUAAMAiaCaEDNI4XNziHQAAWAjNhJDBGO5YAgAArIZmQsigi8Ol/iIAAAAYcDQTQgZRWlwcLQEAABZFMyFksMTm4DJcAADAumgmhAyKcAYXAACwOJoJIdEfrsEFAACsj2ZCSDTH5hBu7u8OAAAiAc2EkKgNd1EEAAARhGZCSBSm2clkdwAAEGFoJoREYZhYAgAAIg7NhJDoic0hvNyuBAAARCaaCSFRkhauCwwAACIZzYSQaIjNof7dBgAAiCw0E0IiO3Yn1wUGAADRgGZCSARHm1jCZHcAABAVaCaERGoc3K4EAABEEZoJIZEXl5vblQAAgGhDMyEkwsKhEgAAEJVoJoRETGwODpUAAICoRTMhJAJidwoXF+ACAABRjWZCiNXDnd0BAMBgQDMhxNJxMqsEAAAMDjQTQiwau5NZJQAAYBChmRBixXBdYAAAMNjQTIhVUlMnSkq8eqpqvOYBgyTNXIALAAAMSjQTYok0NovS0rZaoqe+SR0zGEItAQAAgxbNhFgi5eUdaolMWZnPPCyKQycBAACDHM2EWCKlZWozkWloVodFZWwO4eGiwAAAYNCjmRBLZDA3E26hCAAAIGgmxCIpr1BrSVlZ9E+C5/6JAAAABpoJsUQa7aYZ8DZ1TDSF+ycCAAAoaCbEKmm9arBPryXVtdE8/d3hUv8eAgAAgGZCSP+F+ycCAAB0hmZCSH/E7lT/7gEAAMAfzYSQPo+sJRwqAQAACI5mQkgfxs6UEgAAgNDQTAjpqzQ71L9vACzozzEFnxt9lRASNfm/z15Ny2hS/6ojEtBMCAl/bC3c1h2IDLKWqIsARL7Uc43qIkQCmgmJqtQ2i/wqcaFYnC0UZwpERrG4Xi0a7OqwvovsJAAiyOdGX1UXAQAGCM2ERE8uloi4s+L1LeLPseKXi8T/zhf3rRDjUsW2THGpVLuZo3mV8MbmEF5mugMRhWYCANZBMyERn73Z4ukk8bsl4jvTxTenBsi3YrSnhqwWl8vUdcMYl0f92wXA+mgmAGAdNBMSqam3a6ds/WaxuN1URTrLt6eJ1MuiukndVC/Tm+Mkct1ml3C4RS+2AaDnaCYAYB00ExKRqWsWsSe0s7ZCryV6frdUJJ4XjaYN9iy2FuHuxaGSZqcoaxDnikVmuahnggowEGgmAGAdNBMSecmvFg+vFrfHqK0jxOhHTsyb7VZsDuHs3YGOOrvYlyt2Z7dlT44orueUMKC/0UwAwDpoJiTCUlAjfjpXLRvdzY/niJJ6dcuhJyz94WxRey3RcyRfFNSqwwD0KZoJAFgHzYREWMal9vxoiZHbp4rdWaKoLlhqbepL63GE47buHq84dl1tJgfzRHalOhJAn6KZAIB10ExIxKS6ScSf0y60ZW4a3cq3p4m/LBePJwTLk4miqFZ9A3an8PXm/C0/AZvJ/lxtwgmA/kQzAQDroJmQiEl6kXguRa0Z3c1dM8WvFosR8WoVUfLuDvX+jC5Pr2aVKOSmThWozeRIvrjO2VxA/6KZAIB10ExIxOSZZPHdTu5YEkpunyp+s6TrTiLz/DqRV9X+unan+tcmLCqatFnv/s0kr1q0uNVhAPoUzQQArINmQiIjlY3ie7PUshFibo/RKs3Da9QGEjCjU0RORduL9vU93WvtIqtCO1Ry7LoorFOfBdAPaCYAYB00ExIZKagRd0xTK0eI+fFcce8KtYEEzFvbRHJ623lcLU7h9ap/YcLO4xPVzdzMBBgwNBMAsA6aCYmMbMxQ+0Yo+a+Jnq+PKfrfD8p/H1M3fJXHXEWMvL9DHMrTbuAoX6u5jw+VALCOLpvJiRMnjMdNTU1+zwAAwoxmQiIj84+oraPLfO3thi8+cvmLQzL03Dr04n8+lvlfT1+9fVTOd8fk3/XKjbtevv7iovITue7yBtGoHydx9cdxEgDW0WUzOX36tPFYbybHjh0rLCyUD+TXI0eOGMPk8uzs7LNnz8qF+sgjrRwOR2VlpT5Y/yq/lc/K5cZjAICgmZBIScx+tXgEyxTff01w3fpYllFL1AzNuPXhizJj5hReK3XpL2FzqH89AES97jYTWS1ko5D1Q3576dIlfYkka4nwqyKyosjKIZ+tbHWilVyoH4GRD/TV5Vd9UwAAQTMhkZKk86b60Um+8ZHjS4/n3PrwJbWNmPKTEWfPJ5yqq7DJTuLhUAkwKHW3mYjW+uFfMHR6wdCPmRhPGcdJ9H4iH+jPZmRkyG/9twwAEDQTEik5lKc2kMCZ5PnKswVfHHrR3EOU3DHsfPwHO5s3H7SVN7g96l8MAINEl83EmGfiaKU/ltVCPpZfjWHmZiK7hxygH1QJ2Ez8Z7AAAATNJGrS2KLNlNAnS/QscgtFdaKw1hJR7nIoU1ovvtPVzUy+/m7TrcMyzSXEP197OP3BUSf2T9yaO3PDuFcOOuK3i5zr6l8LAINGl81Enw0i+R8GOdI6vUR/rHcPfYn+lCweR1onkMivx1rpZ3Ppz165ckUfrG/Z/8ALAAxyNJPIjtyDr2oSZwrFnpt369uTI9KLRXWTOrLLyFaTXSGyyi2R+tZrZPlH/qS/XqzdLdFcSGS+8UHzfz5XYNSPW4dkfHXo+f95+PjXhp73X7j0/b3uRYnexYnXZ22Y+eaeazHLPIsTfQdOqn8tAAwaXTYTAEC/oZlEdm7UiFMFHe4jrudcUYCd+0jPsyniuzPUTqLVko+dX+44seR7D58Y/djmhKfm/e2xDV8Zkq4vvPPR82XzN8haIpM5fWPxnHUP//7B+rmrfBvSuEgwMGjRTADAOmgmkZrGFpFeohYS/+zLFZnl6loRnYO54pE1ai356quVtz7SYbL7l4Zc2PnM9CvPfnD12feznn1/1KNb9OVLPjqo1xIZT+vXhJffa1kQ512SKCpr1L8ZAAYHmgkAWAfNJFJzrar9DK4gKahVV4zcyDK2P0d8K6a9k3xpxFX/TqLnq0PPnx49QdYSPTGPzfjyg4dvHZKRM2ez0UyU+JJ3qH8zAAwONBMAsA6aSaTm1A21hATMmUJ1xYhORaP4n1laLfn6e023Dg882f3LQ9IPjpqSdbOZPP3k9tvvXXnbQweMU7n841i6rn7F1qykk812rs8FDEb900xWrN6pLurc+Yy8qTOTZi/Y4L9w2afb/b+V5i3aJL9u3X58dfxu5SkAiFA0k4hMjU2b6W7uIebszRF1/TvhZHumSDgXzqRe7vAjrDot7nilOPh1gR8cuXfLqyvyXp54/tUZtz9y7tYh5370WGrW5AVKLbmUfCb2oGPhYe/8IyIxnckmwGBkwWYyt7VydElvJgAQTWgmEZkb1WoDCZKiOnX1Po1x/eKwxbT937+RY24j/vnfkWfWj9/hWZQw7bXFX3rojFwy9cNj++etT/j00MEt2cc3Zh7ddCVhT92CIz7ZSWRSLogqm6CYAINQ8GYyc+66qTOT9Mhvj5/MjJmVPHfhxlNnsuS3iesO1NY1ySXLPt3u/9jt9ixatlWuog8TN5vJ0ROX5Qb9Nq9paXHOW7xZDparyG8/XbNLf7nzF3Jl97hytUA+3r7rlNFDlq/aIV9Ffl2yYptofQ/dqj0AYGU0k4hMToVaP4Ikv1pdPdIzfEK+uY3450cjzsa/v9O7OPHNsbu+dv8WuSR1+v61aTWzdjcuPuxZcsgts6C1k+i5zgR4YLAK3kzq6ppqahv37D+vN4qUjYdKSqvl1xmt38pWIIvEyTNZmVkF/o8dTtfufefkSDksJ7dY3Gwm0+ekyE11fAXtJY4cu3S9oHxV3O7yilr5crL5yK9Ol1u2kQVLtpw5l11UXKU3k8rKusXLU7OyCw8cumC8B5oJgKhBM4nIXClX60eQ5FWpq0d61u6uMbcR//zqidPbJ2yTzeT4tG33PLpl8usb8+IO+lcRmbmHfBO3Oz/YaF9+2OnjcAkwWAVvJpKsGctX7bA1txhL7C1OvQzIVlBd06Av9H9skMPS9mo3fZcPZJFwu4PNZ5Nt5PyFXOF3mpb/+Vr649iV7ZfrmLNwo6CZAIguNJOITG6lWj+C5HqNunqk50x2y5cfCTbPZNizxy5N2yibSfPC5M3jt2x4c3Lp/LVLj3j0QjJll+u9DfY3E5teWdMgH2+5SDEBBq8um8nBIxm510r0x+kZeTPnrTdO7pKtQLYU/Sn/x16vT1YIfZjeTGQtUWa0G2TzWRybapzBJYI2E/MSmgmAaEIzichUNqr1o7PsydZuEm/eQkSnzub77dhgU01i302rn59szHRvnr/2woTZyXtK9KMl8w77ZD+Zc6htksn2K8wwAQav4M1EOzyyZpf+uKi46sChC6L1/Kv5SzaLzpuJUULkMOOYSWlZze595/Tl/qbPSdEfXC8o77KZ+B8z0SfK00wARBOaSUSmwS4O5KolJGAO52uDzVuI9KTntnx1eKeHTfZP3NqyMEmvJSVvTXfOWyMfJExcNGe/Y1ySbeout/9pXTQTYDAL3kxmzV9fU9uox9bcIptGZWWdLB7GHI+AzWTZp9szswr0qSBGM5Ffk9YfXLB0S9umb5IFQ3aS1J0n5Wa7bCaFRZVLV2zT5pkcZp4JgChEM4nUnC1US0jAZJSqK0ZH6m2+hz/K/89hAcrJrUMyrkzf6F7UdsCkcOyUyg/nynKStyhhRmrZ9D2esfFNn2xzzjtMMwHQRTMxLsyln76lXxerqLgyZcMh0XkzKSmt1i+fJYf5N5OKyjrZbZTZJvrVt+KS9hWVVHXZTITftbniEvcKmgmA6EIzidTUNYsDeWoPUSIHROUBEz11Tb68YueDH+TdOrRDMxk6+rjrZi3Rjpm8Pf3qs+/njfmoZUF80t5avY1MTXO/mdj0VrJt4g7nxnQPzQQYtII3EwBAf6KZRHBkOdnfeTkprFXvBBJKSuvFiRvi+PV+yuXSnrxJGZe77U+wxyvySx2x26pej7n6s5FnYt9Na1nYPsNEpn7yEv1m8HljPi5Zu8f/PK55h7Vsz+SYCTB49X8zqavXrkSsp66uSX0aAAYxmklkp6hWnCnUprn7dxL5bXqJOjLE5FSIZSfE0uP9lE2XenJUx+FS/xy31NpqNx0pmL3etqBDLZFpnvlp9nMf6OWkcsLCtfsalcsH7+7v3RIAFtL/zQQA0BmaSZSktF5kV2i9oqxBfSqaYnMEOr7R4vCu0q4R3FlK3p6e/XxbObn+3uzrq3auT/cuOioWHhVH80WtXd0egMGDZgIA1kEzIZGRmzNLTVxuX4p2u/cg8SxKaJy6LPuF8VVb93pszT63x+sTLo+WAD0HwGBCMwEA66CZkAiI3Sk6uxuir6TCu0w9g8scWU6qlyW7GzilG0AHNBMAsA6aCbF6jE5S3yJyKsWUfWLMBjEqWTyRIB5PEE8m+F6MdyxaXXA+9pBrcScVZUmSN/WA8Ho7/NkHAJoJAFgJzYRYN82O9mtwlTeKJcfFG6niqSStkCh5Jt7zSlzzhdiDHnMtkVmf5isu7/AHHwBa0UwAwDpoJsSiMe5F5vaK1We0gyTmQqJn2Er7kNjGkXHepxJ8mz/NUGvJsmTR2NzhT3041Nf7Kiq8paXeykqv19vJqWYALI9mAgDWQTMhlkuL30WBHW7xxla1ipjz8HLbz96/8Jup1+TjTSsv+jcT32HtBszh1dzsKynxGqmp8blMFzIGEBFoJgBgHTQTYq24/SaDyFqy/UrbfJIuM3yV4xujtw+JbRwT76hZutk4rcuXnd++xTBpaurQTEpLvXY7h02AiEQzAQDroJkQq6S5471KZEV5fUuotUTPiDjvd17ad/+i6rFxTZtXZmjlZMV6YXf4bTU8Ghs7NJOyMm9LC80EiEg0EwCwDpoJsUScN2e6GxYcVYtHKBkZ7/vm8zuHxDY+keDTTutK2Nbp9YZ7weMR5eXt5cRu9/bBiwDoDzQTALAOmgkZ+DSbjmrUt2iXBjYXj1By38LqH793bvgqx4vxjobUo+qmw6SpyVdVpR0tqamRtYReAkSq//sszQSIQh7uFBCZaCZkgBPwulaf7Fb7Rrfyk/fO/8+bJ+SD97Z5+d0EIIi0jKbUc43qUgCRTP6v/+uv5KhLEQloJmTAYjMdKtEdzOve9BJzRsR5fjft+tDYpte3dJhSDwAAAMuimZABi3HHEn/XqsWHO9Wm0YMMX+W4b2HVshMdZtUDAADAsmgmZGAS8CQrn0+8tU3tGD3Oc4kOZ6DyAwAAAAuimZABiN2p/kHUFdaJZzq/13t3s5QDJgAAAJGDZkL6OwGnvEty+cyDarvoTd7fqb4EAAAALItmQvo1ndUS6UaNeDpJbRePx/vUJd2Jw3SbFAAAAFgTzaTP0+wQLS4tdqf22DzAUjldf72+xWte3rM02ERdg6i3tX3b2UlcutTLaq94vPW27jLm5SGmsUV9FQAAAFgTzaSv4nAFPj4gF8oddPN4c2wOrcnYTMv7Ljtq0j8uij9Sl11v73U5sYva+va7pMvHtq5KwouBbq346GrnsJV28/IQc6NWfRUAAABYE80k/JF1ImAn8dfiUtcy1nV7tUtUKRuQG3R7RHNolabHmVScJJvJUdlMen3YpKZOlJa11RKZ8gqv3R7sQ9mepZYKPSPWen4zJc+8PMTsyVZfCAAAANZEMwl/At6mQ+H1BjhyYnNoy4OQ/aRPzwebUJQgm0lmY1lji8/8bLdSVeMrLW0/ZlJe7rXZgjWTmP1qqdAzMt73k/fPm5eHmIRz6gsBAADAmmgm4Yx2xCOEWqKT++nGmVrygSvkFaW+6CeZDWWylshUNLeYn+1uaht8ZeXtx0yqq32OTu74LjU7g10s+AfjTo7s6VSTt7d1ffwKAAAAVkAzCWd83dwJljWmqbXP9ICjk/PBupVDtVl5TTX64+TKo7KWLCzb3vsDJnoa7aK0TDtsUlbmdXd+jSxZyXZ0ciqXHtlMHl3jMi8PJWM2iGaX+ooAAACwIJpJ2GLrfsHQDpu0TizpAa9PW9f8NrqV5eW7kyqP6o+Xlu2SzST55rdhSX2jr64u2NESqbxRLDyqNgr//PT99IeX28zLQ8noFFHf1cx7AAAAWAHNJGwJ/Twuf909zOLP41XfQ3ezqHTHpOJkfb77rJJNsplkN1aZh/U4nhBKV9rVwFflMvLbafl/mFlkXh5icqvUVwQAQ1pGU+q5RnUpgEgmdz++/kqOuhSRgGYStvSmY/RYLyecxJbv/qQosc7ulo+nFq+bWJxYY3fV2t0FTfXmwd1Nl5cJ1i04GmySicyf55T+cuJV8/IQc6ZQfUUAMPw5pkBdBCDy8S8OEYpmErYMiNDvjhIw6ytPaFPe7S11ds8nRQkryvfkNtXIijKlOLmXs01kZQqlqrm94tnElpFBb/Q+fJXj9ud3mZeHmHguzwWgc58bfVVdBAAYIDST8KQHk0zCRRYA8/sJMRn1xa1ncFVebaycUBSf01Q1vWTDkrJd15vqTs5N2PvchL0j39n19IcNjdpBlW4lhFaiqW323TevfMRaj7lR+OfzQ1aZF4aYKfu4PBeATtFMAMA6aCbhid2pfrL9qcfndJXb7bKZXGksP1t/Qz643Fg2oTjhfH1hQ4t3/YOvxP/00U13P578q6fq653mdY3EHp++5vR8/yWhfxrZFb4/zCh4bK3b3Cj88/khq0f09MLB724PaboLgMGJZgIA1kEzCU+6dTeSsOvNVPiJxYmn6vLXVx6Przg8pTglpfK4fh7X8XdjD/9t3vn3EzMmbqjOr9MH1xZeKd09sf7IR015e5uaXbuvpo7dMvTlTfeO3frghN3PLz85Jf7c4uK6SvX9dW7+Ed/d4y89utppbhT+ue3JTUOWNZiXh5InEoUt5KYEYLChmQCAddBMwpOeXfk3jHp8BeF3rsduqjz5yfU1K8r3xJbvrrN75MKqrMrshYf05C4/lp94rqagQS6vOLkwd/oXCub8fyULPncuZ9cnu58cm/rQa1seeH/nsDEp9368beRrKQ+9vu4xlyfUKvDqZnHnKweHrbSbG4V/fvTOmT/O6vnlufJr1NftAVn/nJ6+CuebAQOFZgIA1kEzCU8GfM+yxzdenFW47tOStPevxU4rXp9eXySXNDS6b6xLb2smiw7mrTxRcbGsYMeVJruz5dzdjTv+sX7jP9Yl/7/T0p6buvept7YN/XDn8E92D30t5S/Tdz09+tO/jlj8h6rGcvX9deLFDeI7L+0bGttorhP++c2UvJ9+kG5eHmIulKiv2wPpxSI5XcSd7ZNkd+M4E4BwopkAgHXQTMKTUK5D1df8D5vIx82t6fJYSl5j1fSCpMk34o7VZOtLKi+X5yw7KmtJ1fbl11bsyl1xvKnZV7gt033+NnHhFj0NZ//PoRM/jDlw/6xDD8w6dN+E1D+9mfC71+N+O2bV7x9d9PvHY/80Z/f4yyXn1bdoImvDHWP2/GlWsblO+Gf4aucXhieYl4eYDRe5E3yv2F3aDSuL60RxvfZgwHs4EEY0EwCwDppJeGKFXTWXR+sh5pvKO72e/eUXy232HYVnG+zaTRWNZF3O++SlsW+PeXHSxA9r6luaWnz2+hvVxw+WrFvXeHCO/cLanCVHZEtptHmbqnPFhc8YzWTu9u8Xnf3c/AN/nJL2l1fjfj186f8+GvvLx2J/+WjsPcOX/eKx1sfPrbnf4w02/ya7UqsNd712+BcTMs11Qsk//3nRiLguLuHVWWbsaCmrHLirp0Uyp0c74rQnW+z2y8E8beGAn8EIhAXNBACsg2bSk8i9/xandgUq280lVmgmPp92TpfDdHAgt6l4Qu7a0zV5S7JTlbuUrJ63ZNzIZ2TefvLZM8fO2prqPHmz3ZfGuzM+8Ga+52u6XrQlIyf2aGOTt6U8zqglMlN3/PrUqa8v2HH32ITfPhH782fX/unp1X98etUfn137Z/lVzzOr/+TyBOsDcgdX1obvjT3243fPmuuEks/+ZcnwVQ7z8uB5Kc4+Z3XRoVVnGs7nqi+PEBTWib05HWqJHrlQPgVEAZoJAFgHzaR7kfv9yolbXp9odlqimXSmzFnb6LHvLz9f7WiIrzg4rzR1Vfn+8w2FdQ2u9555QW8mMvPGT/ZeneDNeMOzd7Rn37OiMk2u6/N4y/ZezV12rPnQ90VNrGjcK+rWi4y/n77njxPX/XDTjv8cvepXL8bf+/bGYa8lPfTsmr+MTRkiC8mza/8iv8o0ttSr78bPomNaebj748t3jNn9eNCbLcr8xyNxQ2KbzMvNeWttw7ZP088sP1yxdKtzcbJncZJ3caJ3xXpOQuoW+WmVNYo9gWqJUU4qbepaQMShmQCAddBMuhFbJ/c1j4g93t1lZ7ZXHZ9QFP9xa+aWbr1RUP7WE6ONZrJm6hu+K295Tr3s2T1Kxuds+ydxe1l99qJD9iN3COd1oVUwr7j0LxO3/vbF1T8/ceALbyb/+d2Nw8dvGTkm/r5x6x95c/3DryY9+PHWkaPW/Hn4yj+8f2TB0oxN3oCfmhAzDmpF4rfT8u8Ysyf4beBlvvXC7vsX1ZiX63l0jevBpfUvrarf9umFsqWp9iUpbr2QGFmSJJyhXjEMonXa0sVStY0ouVymrgVEHJoJAFgHzSTU2Kwxzb0H9talTylOHl+49qPCOL2WyAcv5M5atStx3OOjjGZSe/JNrZnsHe3cN65wzUZnXXPb+j5xI+Wc+9TnhefmxXdzflh28p/OHvz8hcOfn7vr0Unbn/xwy4hXkx76JPWJ8VtHfLR15NiUoV9ZcPf/mfnDWybc9fauOTffiOqNrVqpeGhZg2wdXc4h+cOMgv8dnyEbyGNr3Q8srv3N1LzvjT36nZf2/eSV3bunbaqen2RblNKhipgiyqvUd4DOZZWrPcScvTnMNkHEo5kAgHXQTEJN5N5HPLeuel7JVr2T6Hk2Z/rjWZ+8sGacLCTPDXlqzCNPf/rxC97Mt3wX3/DsGd1QXJK7/HjTtfb9+JaKOl/6/yO8N7tKXYo+22T3nv98Ke7349Y/8nrKkMk7npqz9/kPt474JPXxFxMe/LuP7vrMe3d+ZfwPa22BpyM0u8So5LbW8ZP3zg/t6kytYSsdn/3z4s8/tOq2JzfJ8fcvrH50tWtEnHfkGuepGV10Ej2+I2fVN9HHXB4Rd04sO9Ht1NrVTfW/o/lqDwmY6pt/KIAIFbyZFBYWHrlJfa7XMjIy1EUAMLjRTEKKLdhEbqs7XpU7pTjFqCUfFq6RtWRk1oR3ls59Zdizf3vk6Tcff2Zv7Eu+K295z7/uPvxWY6Mrd8Xx+sz2M3V8zlqR8ffCd/NTcBXp1+lat+ObL6z5wytJD767cfjCAy+mnH57zp7nxq1/ePyWx38W84sfTPzZAzP/7HAH/uwqmsTTSW2t43fTrgc5U0vPY2vd3xt77O7xl+6dX/nYGrdx9pd8sOTjzeYeYo4vdX//H/ZyuIXN1b3YXZaYtnTomlpCAqa8UV0RiCzBm4l0+vRp+TU7O1u2FPW5XpC1pC/aDgBENJpJSDFf8CoiyB3cj3eL78xyfnuG28i3psu45NfvThV3THbfMdn17Smu705z3Tldj/vOGeK7Md47p/vunCnaMsN353R7+7cy8tvp9jtiWr4V45T59jTXd6a77mh9fNdM269iJj06568Ld85ocXX6j/8XS8WTiW2tY0Sc9zdTr5nbSIi558MLTQsSzFVEzaqNwsFUk1AdylNLSMDIhglEtBCbicPhkF1CfpV1Qj/WIYuKrCtyiX5cJS8vTy4/e/ZsU1OT/FYfKYdVVlbKB3KhfCyfPXHihHwsV5SPz5/v+qZPADCo0Ey6TrMzMua4m23LFLdPFd8cgHgPXs13ut3qG/Kz5XKHdvHfrx02V44Q8+ga19zXl9fNi1eriCmikCnboUovVkuIOXtytCM8QETrspnILqGczSWXyL4hvxrfGodTZN+QnUR+lY9LS0tlA9FrjD5Yf6yXGeNbAICBZtJ17Na+KHBnZKGavNfcGfop2zNdTnewj231mQ7t4s5XD5orR+j59cjYS1NWm6uIEt/pi+r7QCfyqgPfycQ/B/MieP4VoOuymejHTAyybBw7dkw2E/1Qibg5F0UvG/oxk+vXrze1ymilLxc3q4hcLlc3vgUAGGgmXccZ7J/+rSu/RoxOUQtDvyVmv7AFPXPqvR0dqsWQZQ3DVzvNlSPEfP/NE78cttBjqiJqM1mW7LN1eoIZ/Mk/9rKcmNuIf65Vq2sBEadbzcQ4ACKrhX5yl/FAPzVL9hP9gV5F5LOyxhjfGlVEP6fL/2ALAH9JSUlr166tqbl5UVAMGjSTruOKzGZy+Jr47RK1MJjzozm+TRnuZ5K85qfMmXvQszPTfddMdbk5YzaI0gb1LRlcHvHCerVdPLa2iwsHB8nIeN8dL+xKn9z1YRNvfKov94b6hqzK5xONzZ6SapeeigZvlU3oqe77uxx6feJ85+d0nS2K1LMcAX9dNhMAA+Lq1auynBw9elRvKbqEhATqSnSjmXSdCD1mknZV/Gy+WhjMGRHnLat1xh7zmJ8yJ7PEVV7n/MUCdbk5TyWJnM5vH2J3iWdT1HbRy/x++o1Fry9Ve4g5S5K8yTtFS9ADOtYg9/tPXbHNTC4fNe26nvEp9bMOCD2Ljqrj+0KdPfA5XQdytaeAKEAzASxry5YteiFJTk6uqKi4cOGCfBwfH3/mzBl1KKIFzSRqM/eQuGOaWhjMuWumKKhyTkwLqZlM2+cpqXH+9wx1uTl/XCb2ZKt/2gxyp/YJU7XoZR5b6/nhI0vsoVykS2b1Zl9hqfq2LMPh8r2xqOhnY7K+/PDFLw7JMPL7CeXPrxN6xm1V1+ojPp8orBPnirSKInO2SDg96hggctFMACu7ePGi3kb279+/fv16t9utd5W0tDR1KKICzSRqMyFN3BGjFgZzbo8R+RXOJUdDaiavb/YWVTv/e7q63JyfzRdJ6eqfNsO1arVXhCVfGRZ3Y8ZatYR0lqTtvgqLHhFO3l/zjRGXbh3a3kn03PNBSf83E4Pdpd0fE4gyNBPAmq5duyZriXywbt06WUUSExPl16qqKv1BXFycugKiAs0kavNkovhWCM1EZs0pd3aZM5TBz6V4s8tcP5itLjfn9tZJ8J1Zd0EtFb3PyDjvj98999GLi9UGEjyJ23xHzwl7i/oWB4Kv9QyuhL01yqESI796fyCbCRCVaCaABdXW1qakpMgGkpqaKr/1er3x8fHy2+PHj2/evFk/bHLjRsTMGkXoaCZRm58vCPVmJsPWeI9fc92z0Gd+SsnbqZ7iaud3QzhmIvP8+sC3XHd4xLsdL8wVlgxf5Rga2/Rvf11UH8KNTdTEpvj2nxSNfT+p3MTtFVcrxOZLYvZB8VaqGJPkum34JXMn0fOLt4toJkB40UwAa2pqatIbiO/mzsS2bdv0JdK6des6DkeUoJlEZxpbtAkk5rYQMD+d51t10v1kQtfNZPo+d255SEdXZIatDXztpsI68dpmtVf0Pn+ZWzZsZcuXR6ZciVmjFo9QErvOt/eEaO7Xgyeyk6RlabedeXWTdjUz2Tf+FFNjLiRGfvz6DZoJEF40E8Cy9PO4rl27pn/rdrvj4uL0ZpKfn99xLKIEzSQ6U2sLafq7kT8t8xVXO7/V1SrH8lxbM9y3h9ZMfjI38G341mWI58J9Ya6HljV868Xdj8f7ZD+5b9hstXWEnqXJ3tUbfdnXAx/uCZ/8GvH2NvHCzZqh568z6r7xRJa5kBj5Cc0ECDeaCWBlx44d06vIpk2b9PsCbdy4UX67a9cudSiiAs0kOlPZKLqsGUoO57j+tj7YXU1+PMeXXtDFGCUBb7b4wY7wX5jrq89s/f30G/rj2x5fd/yTVY6FoV2kq7N8usF39JzvRqlwhnnSt9enXRvgxfUdOomeH752w9xG/PPzN2kmQJgFbyZ5+aUxs5Ldbu2CdHsPnJ81b73Q7p9Yt2T5tvjkfcbCCxe1f9PVF9paD73OXbhx6/bjQvtXXo/cQv6NMn2hsbVps1OMrU2dmaSvZbyEHLNh85EFS7bo78HYmr5Q35rxHoDBxufzxcfHJyQkqE8g8tFMojNl9dpFt8xVIUhe2eTdf9UV5Eytd1I9a0+5fxnCdBQjVYEmbryxVe0Vvc9/PbvjwSV1+uPfTMl9ZdTCrJ6d0+Wf5eu8a7f6zl72VdepP0MvlDSIcalqJ9Fz54vXzG3EPz9+7TrNBAiv4M0kcd0BWRuuF5TLx/MWbZKPW1qcaXvPygcyxsIVa7R/vtUX6i1FPtA7xrX8Uvk4ZcMhY4DcWk1to/7Y2Jq+lvEScq2Zc9fpL6G/B31r+kL/rd18p8DgUlBQwFSTqEQzic7kVaolIZRsyXDFHnMHnDf/VqqnsNoZylW5/HOtWv0DJ5nv/t7L/Pzjy/cvqvFfMmbanh8OmVMyO04tGz2LdorXJu+OQ74jZ31lVb050etGTm3axry0VekzEirNzeSbT181txH//PeL12gmQHgFbyYcMwGA/kQzic7sz1FLQii5b4U3v8L54EqfcuTkr8u9V0qcM/eHOsPEyCXt/56qJ5PUatHLfOPZ7Y+udvovOXumaPwHiWNHL1A7Rm+yJMkbu84bn+pNPeC7mu9zBDpTLQifz5eZ27xme8OyTS1L1pUvS52WXKM0k9tHZZvbCM0E6FPBmwkAoD/RTKIz84+oJSHE3LPQdyzPlVHkulqqJbvMlVXiPJrnemilL+CxlODZmaX+gbtRq/aKXuZPs0t+9M4Z/yVPJYoam0+UV2XNiHv+yXkXp6z2mGtG7yOLytJk78qN3g1p4lymNmm+tkG0ODr8tG6PqK71HTztTd7hXZaibMG1OHlpXOGrKS6jbPzPy9fNbcQ/dzPPBAg3mgkAWAfNJDozfK1aEkLPHTHizhniB7PFzxf45Nf/mRXqHRvNmWw60UB2FXO76E2++GjS8FUdDpg8kywa9YJwNd+5OPHGjLX5M9bUzO3+TU66G1lUtIMqW30b0nyb9ngTtnlXrPcuTVKH+cW5OPlGbNq45Ba9bPx2QsVXhl82FxIjPxlLMwHCjGYCANZBM4nO/HqxWhJ6kB4cJFHy8ib1D1xSulotepO/zC2/Y8zex+N9/gtHp4hm/Uwrp8u3bpd7UaJrUYL8ai4GfZIlSe0xP2uKe3HS9tUX9bLx8GLbd57LNRcSIz94lWYChBnNBACsg2YSnflOaLdp7+v8YLb6B27mQbVd9Dh3vX70n34397E1bmX58+v97qPi8/kuZnuXJZsrgaUSvzZX7xvDltrNhcTIPe8U0kyA8KKZAIB10EyiM926zWKfxqldhKbdq2G6+/uvJud87ZnUBzpekkvPx2kdXlHjdIm6Rt/JC75tB7xxW72fbjB3g/5M5bKEnJlLHXNXG0t2rUw3Ksfd75aYO4men44ropkA4UUzAQDroJlEZ6zTTOx+Nyp0ecRz69Qi0YOMjPf+55Mbfz+9YGSc1/zswmPtr9jO5xMul6hvFNnXfReyfHtP+FJ2aTNDTLWhT+NZlGBfljzvnfdfGz4iZ9xUY1r85IXtF90asdz+zScyzbVEO2byXjHNBAgvmgkAWAfNJDrT3cv79l1q7e1/2iqatOnp5i7R3Xx91Lafvp9uXq7nXHH7K3bK19pVPF7R1Cxq6kRBie/IWW3OuqlLhC2LEqo+np/74vhz0xb/7Ec//OkPf7D6nfH6XJSED3Z+57nc51PaKofMoSznL14OcAXhP35SRjMBwotmAgDWQTOJwlwoVuvBAKbI7/7pl8rEE4lqkehWRsb7vjYq9Udvn348ocOsd/+UN7a/Yrd5vcLlFs12UVMv8grFlTzfiXTvvhPetKNtOXRaLvFdzvFdL/aVVYqGJq3b2B3a9YKdLu0ywXIL9Y3i6jXt5oytxcM1P65p2vK8v32c8/InmW/NPjl3/W/+8PAvf3ZP7uT5nsWJuTM3fOOR9K8Mv/Tk6vbLB2/LlJvx1TV5YrdV/fzlq98blXlXax6dUz0uVbuFvMwnu9X3DqAHaCYAYB00kyjMwVy1HgTP75bKPX7xdJL475ltS344R/v24dVtx15+v1Tc/6n24C/LxVNJ2jWFzRvpLP5HMPbnqi2iWxkR5/3r/IrPPbTy4RU287NGmjreU6TnPB7hdgunU7Q4fXaHHuFwakvkctlAOrsZvFzu9vhybvg27fUm72iM21q+JLF4cUJ16oGd26+NmpB118Mpbz051bkwvnZeyop3024dknHr0Izhy+xGM1l5qm1LzQ5vXrFj56n61ON1MseuOs8WCj0XSzu8JoCeoZkAgHXQTKIwcw+r9SBIXt4kHHI326ed31RYJ74/W2y+pN0PRH7r8Yr0YnHfp9pZWG6vds2rFre2/JPd6kaC5NObO9nSkuNqiwg9I+I8t45I/soTG4avcpifNfL+jvaXG3iyoniNy4RpqhvcL88t+OKQjJ0TtnkWJ771ysFvDz+vn6n1i/dKjWYyfpf/SgD6EM0EAKyDZhKF+XCXWg+CJLO8/U+D7CePxYma5vYlspysOSNsTpFdKS6XtS0cu0XdSJBM3NO+tcl71SIRen7+8eWvPbPlDzMKzE/5J/Zk+8tZkKwqqcfqZA954+WDWTM2/mjE2S8NbZtD8r2X8p+7OdXk1c3aeWEA+gHNBACsg2YShZHtwtwQOourdQ9400WxLkN7cLao7RwluXOcVaE9qLNrh0pO3Gj7E7Mzq3u3hB++tm1FacwGtUiEkhFx3ttfSPvp++dHdryjYsDk17a/XGe8rVPf5Q/udPvkj9biEs1OX5PD19Diq7f76uy+4jpvXpX3QpHn9A33oVz3rkzXhgvOtaecy485Fh5yLj7s3HjBdb3aKwd3dj5XEE6X755Xrppnt3/5kYujEjzGYZMbNeqKAPoCzQQArINmEoX5c6xaD4JEbyYrTolFR7UH26/I/XXtgc3Zdr/Ci6Wi2SUOX9OWSC6veGSNupEg+e2Stn/+lzvxo1LUItFl7ltQ+bVRqffOrzQ/peSJRN/LG73H8j0Hc917slyyTmy84Ew861p5wrn0qHPBIcf0vY6paS0fbW8Zv73lw20tH6S2vLfV/t7Wlne3tLy9xf7WZvu4TfY3N9nf2Bhq3trcMntfS351h/O1QrHxUJ1xqMQ/98+uN5qJbICO1v8QAPoUzQQArINmEoX5zWK1HgSJ3kyWnhBzDmsPEs6L6zXtU7ubHNqcB9lJGhxi5em2hVP+//bOA7ypK0Hbk5nMzu7s7JSdyb8t1BBKID2ZZJJJmRQy6QngSgeD6SWE3kNvxoDp7t3GYIrBNh1TAxjj3nvvVcVq9z9X1whxjiTLtixL8vc+78Mjy9K95zbnfDntEr0RA77v0VbDJtucHErHCcN+vCV78LSojzZn6Vy3RNspIcqZ4fIFx6WrzkhWtUUO8fJTvMtOqlPHST51LGbSRRclYeZAnLRJ0rGmk5xS6fNjk9lk8tG6immhSiGZ+N7lqlvoLwIATA6SCQAAWA5IJjbom7vpeGDAvXHc9svcB/u513Zx5zO5kYe4V3Zy33hxV3P4VpTX3bhh6rEiO6/w83Rtvczdyuc+3E9vxICv7uKa1Y0tVc10nDDg2ADF4Glnv9xT5uzXyv6Wckqoks0M5nRNlPhUovogjWbK1nw2mQydkjF6X7OQTBae4u4V0d8CAJgcJBMAALAckExszeqmjo0D+fQQ///mpXKuVcGnkRHbua2XuNJG9SKEUn7mLhJOakRco4T78AA/Dp580jWc3ohhK9ULjNwtpBOFTu09Wz53K/5ka+64AAX7W22nhHLTw7k5x1UrTkuXn5KuOC1ZxvfLkiw9KVkaybdmsBGi+1x8QnwrtwO9rzKKJH3t6WRC/OvCAk2HLi/LHs0PgG3w5bZC+i0AgPVzJr4rq5uBHgPJxNbMre7YAvDHkx7fDRI5v3RJQd3j3lzZ1fxSJ2IZ/9r/Pr+IIfmV+zV6I4bNreG/fj6TjhasDl6ikdvz/7mraGyAnP2tthNDuOVnuU0Xud3XuL1xyp2XlbuuKLdfkm+9KN98Xr45VrYpVrbuXOuas61rovguXur0IuSWjg0mMd6DcVJhZI4xyBXc69NT2WQyeFK6ZjH4zRf5OZoBAN1KbGIzajAA2BjkP8fPz8+i3wXWAJKJrXk7v2PJpFU9zuRGXlvfoVv5/NRVhC0XuTox/yK+mFt4su3N6HR+zZP9N+iNGPZCJv9d33t0uqAcF6AYF9hOO4ngR5uzFkfU77vOGe/e63y/NY3knT1xqt1XVW5XlG5X+VSz64pixyXFlgvyLRdkG4Vgc1a6OqqtKcbIMJNa1oG5fg+crGKTSR+7xLFe0rYOXSdNt2okAAAAAIDFg2Riax5PpIOBYam5uW4VtIWQgjp+dUXCpSw+VBDI26eS+dHwHU0mXurFFrdfoQNGhxwfpPpuf81fl919flrU8pMiNnuYTRJs3K+pSJjZcUlGQot2MvG82YEkIZIoX5+exoaTT36qFJLJzAh+NgIAAAAAgF4Ckomt6XeXDgaGFZKJ5522ZHI8qa3vltCPiISTFWf5cSacOqsklvEtpB1NJruv8V/fcokOG8br6CP54Ke0/3MKHjj5pLNXg/s1Oi30iHvj+HyyXCucbIrpwCxdJAE6/5Q7wDGJSiZ//aFQM9TkLgbBAwAAAKDXgGRia66JpoOBYX8u5PtxTQ3lvvXip8+aEcEPLAmK51eCTyjlvvTkXtrBL794M597zY27lst/pkPrmRCXRfE5h/zLRg4Djg9Ujtye/9aK+//rENR/QsTHm7PH+stdwlRuV+mE0LPuvc65XZGvj5YK4aRD/a/uZbQ4b8ijksmg8WlTg9qWXPR9NFMzAAAAAIDNg2Riay48SQcDwzoGcM6BfOoYvp1f9/0NN356rnf3cT+c4t8XpvkaG8iN8uFfkExCPvPqLnojhp11nG8f6FAy+Xpv5Yvzrvzle6/ff7H/lQVxX+2tGBegcAnjVpzjkwAbD3pWjxvcnmvKlWf4xpOaFuNbTbj6ZoVHZCWVTPo6JE/wbRWSya6rbZ3rAAAAAABsHiQTW7NDC8CbxzG+fB8wnclkfJBKrfL7g3Wv/nDjz997/vbT3X8gaWThte8O1o71l5HfCp+cFMJX09lUYDkevc2tOSMprjd6fi41Ioly2PgUKpx8vrVGSCY/nm7rXAcAAAAAYPMgmZjM6mZ+tIZpTSyl99Kur7nRwaDHfd+jbbwKG0vsjjZ9f7B29OEGO89mB2+xs1+rzuXep4ZZeiwR3H9DlVfTsWRC2BNBN5u8OidXM9QkD4PgAQAAANA7QDIxmQ1i7kGxiS1vpPdi2AYR3xeLzQY96ys7+XH2G87TeUMIJ+ODSBRpaxjR57IoOgNYrAW1He59lZwn6Wv3RDJ5fmKaJpncxyB4AAAAAPQOkExsyqom7gXLSybERinndo3OG0ZKYokFji3RZ2hCZ5ZHdFqfSzWbOB0RC8nEXz1lMwAAAACAzYNkYlMW1XZsmUWzWdLAV9nZ1GHYSSHcolN01d/C9bjOlTV2eNh6Up6YajZ5f0Xp5AA5SSZLztAfBgAAAACwSZBMbMr8GgtNJrnV3IkkOni066LT3I4rdNXf8k0o4aRy+kkzTHW9fMSkJ8bBvzQjx/GQaIZ6vUUJBsEDAAAAoBeAZGJTXs2mI4GF+LCUe1BCBw/DLjxlTZ24tD2WyLcRdZSFHsVUh673V5YKHbruYagJAAAAAHoBSCY2ZUdXZzeb1/O4ZimdPQw4L5LbG0fX+K3Fo3c6s3Z7fGZLf4cn1oMfND5tepiKX9XkCv1hAAAAAADbA8mkZyyo5W7l8wurm1ZSi2VTgSV4MoWTKriJIXQC0emkEG7bZbq6b0UevMnF5dFPWrtU1csGj03WTib9HZMn+cuEVU0UHZ6LGAAAAADAykAy6RkbxVxVs+kdeZiOBBbilotck5RzPUaHEMqpYdz6WG73Nbqub3XGZNBPmjFM2JxPdej63r2RJJNZEVxWVYdH1QMAAAAAWBdIJrZjbQv3xm46EliIi89wdWJuObPYorZTQrlV0dweq+3EpW10Ov2kGcMGv7KBTk906PpobYUw1ORSFidqpT8PAAAAAGBLIJnYjhcyuOEWuZgJcbQvv2pkTg03OZQOJBPU3bfWxdpIJtnHrwTPXc6mnzRjyCgUO6zP0U4mL7hkTg/lh5r8FIslFwEAAABg4yCZ2I6JJfxq62wqsARJ3bq6hb/hHpZy08O5iepAQv6dFcHPC2wzmUTQ62cuvph+0oxBpVIdPVOtnUz62CVO8GkV5g7edRUdugAAAABgyyCZ2I4NIr7xgU0FlqDffU6sXpRDruTCErjNl/i+W3NPWOVyJe0aFM9lV9NPmpHcSG7WTibEUXv4oSbERac6vEwKAAAAAIAVgWRiU1Y3c/NO0KmgZx22jdtwga5SK1VcUT3ncYOu09uGV7L5KZI7h0SqHDLuiRm63l5UJCQT4vVc+vMAAAAAADYDkkmXvJXPV0PNZl0LXQCdTpww6Z23/2Yh2o0eo1Ao6PtOTU0Ld+Q2Xa3vbvfGtelxXe0NHe7vQmQi26xs5jrd64pktg/nZ2gnk/5Oya7qVU2IP5zE9MEAAAAAsFmQTLpkUDznd898VjTSBdDpxPET3vnrmxai3fffyeW6OyGpVFx5ExeRyB/aoVt0FV/bPddURPerqt1XlG5XlLsuK3deUhB3XFRsP8+7JUYuuOmcjLjxbOuGKN6fzkjXn+ZdHi5aEtpCnO1VT1zg1xCbrozL5W4V8Ksi3ivmEkq45HLejEout5bzu0uXwUgP3OTnR+405Jx8vTz7iQ5ddonCqiaCpY30VwAAAAAAbAMkExvUEpLJP977+ycffvDZyM8nucwpqVMU1XP5tVxaBT80/HYBdzWHi83gIpO5wPv8eHFSm99+mVsTzc0/oXp7Xu47C3jfmJX1okv6sElpz49PGTSuzefGpjznnDyQ6MQ7wCm5vyNvP4ckwb72gvzYceITVfxHDhqbcjWxxUCzRrOUO2wwKRnQ47qyi6NB5u8rogr8+ZYaTTI5eBPj4AEAAABgmyCZ2KAmTCb//PSTLz4bSRw9ym6U8wz7aSvGzd04/kcP159Cp22LcXG7PnnX7Sl7HrgcSJ12JGeGV8EM3/J5IQ1zw0RzwmUzw2SuYfIZ4YrZEfwcXIIzj/Fq6tms7y4t7uvwxEAL07rWrzy9uJ1GjZwavlMWmzqMcWNsa5O0S9Hh0KkqqszDp2Vpzg85mRmV9FcAAAAAAGwAJBMb9MSJ08f1eCXuztXrOrx7Pyk5LZs1LSs/Pavgwr2Cef4l030qXP1rZwTWzwxunh0mnX1MQZIGGy26qP3BlsET09lEYRIHjU0pq5W12+ZwI4/OG8a79qy0QdzeDgziF1tDF3tCmvYpOplMfwUAAAAAwAZAMoGGvJXPbbpAh4fu1umwSF9HrK74hmt6foVR66gHxtN5w0j3XFMtPSmubu5SMolLpCcO7u+UMk293qLg/EiuVr04DAAAAACALYFkAvVaL+LWxPBdsNjw0K1OD1MNHJvCRosu6hZRJW+3uUQ9Bt3rDh05jHTHZeWSSHFFY/t7McC9jBaq5P0dk6cGKTTnZ+YxPjFiki4AAAAA2BhIJlCvR27RmcFsfrmt1oTNJh8vyg671qA0ripf3kTnDeNdf671xxPi4nrj9qSH1AJxf4ck7fL3c0ie6Pd4ei7igkh+TjMAAAAAAFsCyQTqtrqZX6OdzQzm0TVc9fLMHDZjdMKvlmW3SIyNCioVP2kYGzmMdOkpCUkmmZVKRRdaTTKLJAMdn0gmfe2TxnlLqVM08xiXV0N/FwAAAADAekEygbotrO2Bflzafrapmo0ZHXWAY3LU7Q6sAFLdwoUl0HnDSN2vqRZHikkyeViskOleW9Ioskukzzk/kUz62CeN9ZSwpygikY9SAAAAAAC2AZIJ1G1UajvT+3a3ruGqV2bn9rV/oo7eIfs5Jl9PEXeo7n41h19chU0dxrj1gpzEEuL1HLlY1pG9PglJJoOcn5g3uY9dkvMRMXuKSHT0u8cV1XFdXEEFAAAAAMASQDKBT3gtm1t1ju/H1bOxRHB6mOqrHXVs5DDGgU7JmSXtrFvCEnifzhvGuzpKKiST6FR5V5Y0SSuQUONM+tglOh4SsedHcGYEN+8Et/d6l9aeBwAAAADocZBMYJsNIu5iBvfjabria6Su4SrXMNX0UKJyehhRRSRvsp/skFODFJ2Yp2vIuJTFB0vkxo4uaUOm4A51dul3EgyWqweZEI8nyLqypElKnphqKTKcTARnR/Cxyoi5xwAAAAAALBQkE8jlVXPnM7gfTtGVXQNOD1E6HWr5clPlZ2tLR7hkDhqXOtA5eYBTcj+H5P4OSQMck/s5JpEfnxub+tz41L8tzPtobcWo3fUTvaWdaIpx9pQMcO5AOBkxJS2jWCrr+CD0gjrO4wYdOYx091XVYnUsIfr/3Frb0uG9a7iZRK9nYkwyEdx5hZOgZxcAAAAArBMkk15tg5hvJZhznK7g6nPsEdGXW6tfmpHd3zG5j12HR4D0tU8iGeadHwu/21btEvx4gY52HXtU0s/xiaEX+nx+bHJeuVHLKbJcyqLzhvH+FC0TYgnx4HVpWReWNDkRR3dgMz6ZEMkFzaultwkAAAAAYPkgmfRqwx/yvYDY2q1Ov95RN3xa1qBxKV1caYTkk8HjU9/+ocAlUM7uRaeu4dzbiwrZTbEuP1LS8caSNo4n0XnDSN2vKledaRtkQtx3VZpf08GeZFocjaInJetQMll0mjuOpU4AAAAAYIUgmfRGm8Rcfg23/CxdqdXptBDlpz9VDuxIfyoj7WOX9MKUVPuDLVO0Fjg34HsrSgeNT2O3o/GTHzJF0k5GArGMO3KbjhxGuj5aJswXLLjzojS5tPPTBi85VMyeKOejOmYN1ufcE1yjhN5sh6itrY2MiAj08/Pz9jZgUEBAemqq0sg1LAEAAAAADIJk0ht9UMy5XzNq9i2nw+KRG6o6NMyjQ/YZkzh0aub7q8qmGNF+MtFP9s/N1X30zyO8LaSiQ3MEa1Mn5vZ3dpCJdoMJcdt5SXxR55PJxC351HH11bOeiQETSujNGo9IJDoeHs7mEJ2S9JKbkyOTyeitAAAAAAB0ECST3mWDiPO+w88zy9ZlKSf5y95YkNeJwSSdc6Bzyqcbq1zD6WKwOh8VD56Yzm7hrzPSjF/rneVOAZ03jHRP3OOx74IboiVxOZ1MJiRZffxDJnVoJJlM9KHXgDfsgZv0lo2EZIwzJ0+yCcSwsdHR9IYAsBK+ONn0zLQMCKGN+ezaIvppB9YAkknvck0MXYVlnRwof295SVeWOOy0I6ZnuYQo2SJRuoar/rm5Rnu4y4hJKT+ntdB3d0cI6uxKJlsvKLRjCXHFKfHppE62ISiUqhcm0C1U/RySJ/nJ2PNgwEWn6S0bSWVFhb+PD5s92rW+ro7eFgDWwPOBjWydBkJoA9JPO7AGkEx6i1VN3Knk9ltLJgfI35iT09+4ibBMLgkbn22qJmVgC0YpjH55YWqm0KqzzrespqFL0+V6/UxHDiP9KaaVSibLTokjEzuZTBpbFH2ZCQbI5XAxbiiOxlkRXOf6teXn5bGpwxgrKirobQFgDSCZQGir0k87sAaQTHqFyWXcgpPtDyz5cmtNT2USbUkZnA4bNRWVa7hqom/rh6vLi6o6mQQEyhvpvGG8mgUWtQ2828mZi8Ov0FMGEwc4pbiGdXjNSlmnOpTl5uSwqcMYK8rL6W0BYA0gmUBoq9JPO7AGkExs39Rybt4JutpKOTlA/tqs7C5OB2xCSV3c+YiYLadOt1zkh2d0hYudXcnE7YqSGmQieOSGtBNFKq2WTdlGD38nDpuczh61YRdG0hs3EiQT0NtAMoHQVqWfdmANIJn0gI0iZddlN6vPjRfoaiul0xHxW4sKLSeWCL69qJAtqk797tG3dUeJTKYjh5Fuv0QPMhHcf00qVyi1oXepi8sPmtjh78TXZuWwR23Y1Z0dkY5kAnobSCYQ2qr00w6sASQT81nbKM3KKQoPCWVrdZ0wyN//zp37hiNKo5jbcomusz6p6sPV5ZaWSTR+tLZ8ihFjTn4upG/rDtGq4A7epCOHka6OemK+YI2rjpX7evtqX6/QoKCszEyVwZaUeXt058O/Ly1mj9qw4Q/pjRsJkgnobSCZQGir0k87sAaQTMwkiRDHwyPY+lwXPXc2urSint1ds3psyd44usKq7dRA+YjpWWw92KJ8YWrmtNB2ZuuqaKJv6w6RW8N5MJHDSJee1DHIhLg8opZKJoL3795tbtJd3Bax8qXJ9Kxcgl9vr2GPWp/zI7llUVxCKZdawd0v5q7ncXF53JXsNm/kc7cL+NVOMqu4yiYdCzIimYDeBpIJhLYq/bQDawDJxExW1bZ0bjJWwwb6+d++fY/dHXFPXDvDSz5aXWq25Uo6bbuLDM4+zjUx1WvjkSn46jsbOYxxzzUVm0kElx5v0JlMTkdG5uXk0IVQk1UsHeik+3KM2dvIHjjrrAhubQznfZcLfsBdyeEHz1zI4s5n0l7I5N+/lMXdzOfuFnHZ1ZxYa/oAJBPQ20AygdBWpZ92YA0gmZjJu3cfsJU5k3gsLJzt0xWeQFdbtf12d8MLLjrGM1imL7hkTQ/VOzPVj6efqFh3lJIGLiyBjhxGuiFGxmaSR4p8vP3Yi0W8GBurs0/XztAK9tgFJ3obymYkkCw8yQXFc+fS6RBivNdyuaxqrlGKZAJ6HUgmENqq9NMOrAEkEzN548ZttjJnEkODQxpFCu191bbwVVW2Cis4NUj+/IQ0y28t0djHPmm8t94V0JdHcdIuLGSSVsF5d2olE/erqtVR9Eom2nr7BLAXy0+9XDo7IJ68Ybcmhz12wWlBegfbzIvk9t/kIhK52Aw6bHTUS9l8K0pydpm/r+5MZVgkE2ClIJlAaKvSTzuwBpBMzGT3JZOQoOCGlsfJhB/1fpGuv2oc7yV5blwqW/e1cF+Zncsei+DKc/wQ9k5zPJHbf4NOHca4IUa+OJJOI9oe9Q1nLxYx+uxZNpnklUmf09OV64XJaexRz1B3YztwkzubRgeMrnsusSns1CW25IZFMgFWCpIJhLYq/bQDawDJxEyaLZkEx9NVWI3fuTf0ddBd/bV89TWbdCWZyBTckdt05DDS5ad1z8ql8aDfKfZi+elJJjPdCtlDFnxzQQF1yHNPcIHxXFQqnShMqurs/cpj0R24aZFMgJWCZAKhrUo/7cAaQDIxk+ZJJo1iftwFW30nfrOz7vkJaWzF11r8bHM1e1DEFWc735tLIu9kg8neOJXhBhPiAf8o9mL56Ukm785OZw9ZcOT6MuqQPW5wsXSQ6AYzVDEp4sAQYyeUQzIBVgqSiW2YUdZKZN834Nur8iLvNrHvQ5uRftqBNYBkYibNkEzqRNzR23TFXfCLLdU6F8qwIgc4p0wL0TF98PxITtRK39ZGcruQjhxGuu2i7gUWtd0XcJ69WH66kol/bC17vBrtPZo0Bzs7gh/pTkeIbjVDeeJigp8R08ohmQArBcnENuxEMoE2L/20A2sAycRMmiGZrDxH19oFP1hdZkXj3Q3oeFjkGq5jkq6KZvq2NpKQB3TkMNK1Z/WOfV9yvGFTaOrOoNueviHsxfJjkkldk3z4RN3LmBD7OyZrD38nl5hODuZQdepWfkik7qClEckEWClIJrYhlUxG7SoqqZWvi6gKuN5wJbVFeLNZohwwN6uqUa75TFy6SHgtV6oW+JVHP2zeG13LbhxaqfTTDqwBJBMz2d3JpKaZHxLN1tqnhaoGjtVb8bUuv9hao7PZJLuavq2NxOsOHTmMVOcgk8XHWzaEZngExHj6hvrwE3PpbmfQTiYyuepifGM/e/pINQ6bnD5d65A3XWRjgzmMTZOf/rnUcMsJkgmwUpBMbEMqmXhdrm+RKoXX9SKF8KKsns8kJI2QTPLMk8lE+MyY3cWad6ANSD/twBpAMjGT3ZpM6lsUOufjmhIoH+BsI7GE+OqcXOejYvYwz6XRt7UxlDfRecNId19tG2Sy5Hjz6tDKA4duX12+/96CbSmz1gUfOsJeIErtZHLkdNXbM/WOMCH+bVGh9pEevkVnBnN65m65v6+O5SMFkUyAlYJkYhtSySStRCrkkGfUTSXCC5E6q5Q/el87mQjf1X4H2oD00w6sASQTM9mtyaSsXrEgkq6vT/KXfbCmnK3sWq/DpmZ+565jNXTvn+nb2hiSy+nIYaQ7LilWhNds9804cOjW+TWeD+dsSnddnTF9FTFi3yH2AlFqkolCqXJYlzvQ0VBHu0/Wl2sfqf89Oi2Y09h0ZWhkLHtEgkgmwEpBMrENqWRCAoYmmWgaT07fbyJXXNO5C8nE5qWfdmANIJmYyW5NJgdv0qMvpoephk1Jt/ZR75R97ZM+XP1ETV1w3onOTBx8KpmOHEYau+NE8qz1mjSibfQWd/YCUWqSyeEzVYYvEDneCV6P24hmRXBR3bB6SYeMSW0NCo1kD8oPyQRYLUgmtiGJFrmVrbO8yogD5mb9fU0e+ZEaZ6Lp1iWIZGLz0k87sAaQTMzk2TNn2cqcSSTJZCZTWR803oonCDbgK7NzXcPpgyVmVHBKFX1zG0Cm4HtGsanDGBPnb2UzieDN5VvYC0QpJJPMIskAg60lxIHOKdNCHw8yWX7WBAu9d93oxEadi8QjmQArBcmkl0hSR3KRlOSW9RFVaSVS9gPQ9qSfdmANIJmYyaCAQLYyZwp93ENuUdV0uz0NbDXXePvYJfZzSBo8LuV11wyHTcWue8uX+FZvCK9f6lsz52DlpF2lHy/OHTohZYBjMvvd7nbEtCyd03MF3ucaxPTNbYA6Eb+AOps62vXAFanO1hLB+B82MBeIVkgm24Lb72j32uxs7WP86TwdEnrGDFUoP08XPRoeyQRYKUgmvcSdUTXLgiuF10U1spGbCtjPQBuTftqBNYBkYg4THqayNVSTuDEoYdaxJ6arGntU3Ne+nf8Zr8+/z8/60bs64KY0MkFxNlVFV0m1jE5TnUpUHLkiXh5QM3JZXn9zLS0/cGyqa5iOZDIzgvO5y6mMbjZJLKUjh5GeOXiVDSQa06evCvT0ZC+TtiSZ/JzWPMi5nVxHLuJX22o0B7jkDH+A7IXoEWNSxMcvxFPHhWQCrBQkk95jZSO/Lm9Fg3zA3Cz2t9D2pJ92YA0gmZjMJrGqvKqxrKqhrLLN0or6otLq87EX2eqpSfTx8Z99TKZdQXcJVvR3aqfKy/qaa/q0PWWBt6TR6YbSiD5j0rnjD+TL/Go+X5FneOCESZyuK5nMUA/DKKyn72+dkPwS/pCOHEZ6b9l+NpBoe3zvQfZKaXvq1Ln352Wwx0X5/vKSyf6PL657HHc6lT7zPWhsuiIo7KT2cSGZACsFyQRCW5V+2oE1gGRiMjMy86PPxZ6NOqfx9KkzYSGhbN3UVO73Oz3j2BPV9M82VbF1XMO+7JJ+9Ir4RIK8i2MYolKUJNuM+qmQ3YVp1R56QXkymb6/daJQ8u0PbOowxgcLt7BpRNvTO/exV0rbnUcutjvChGi/r1F7RI3fPS6maxfI5B6LfmJSByQTYKUgmUBoq9JPO7AGkExMY0y03tlUu8/lIcWamqtruGrI5Pb/T7y2wyamup9rjs3oTDuJPkm88bshfXNmx0rSIV2C9SaTWRFcRiV9i7M0STmP60o2dbTrwdiy28v0Dn8XvLZq+9qNbqs27Dxy+Ch7yZyXxg4Zm8AeFOULk9NmamXOuSe4sz09KxdrTHJLQECQ5tCQTICVgmQCoa1KP+3AGkAyMYGFJVVsHbS7PeoTqt1g8sGKEraCq8/nx6Y4bCo6naRkq5sm8VyqapF31bvzsthdd93p+ttMiPMjucpm+i6niLxdzqaOdt1/ufno8ZsXNrqxaUTbXWPm/3LI6KcGj/r9K05zlmzy8fLSXLINu8L72j1kj4j1qy1V2ge17wZ9hi3EiNifNUeHZAKsFCQTCG1V+mkH1gCSiQm8H5/IJofu1sPvrKbmOjVYMWh8KlvB1edin+rA261sRdOEnkiQ7zjdZPKR8X3sk/SNM9EYcN/QDMKNzWLvq9Vs8GjXA+crvUOizuzcx6YRbT96d9IvBo8SfPbdies2u2kumd2PF9gjYu3nkOTi88RS9+SI2DNsCZ6+VaA5OiQTYKUgmUBoq9JPO7AGkExM4IULl9jk0N3ODX9ceX19Tg5bwdVpH7tEj9gWtorZTZ58qBg8PoUtRqcdND5N59xclP73udJG+l4XuJzWsj+ulQ0e7Xr0+M2l690//H5eOpNGNIY6/vDLR7FE8KnBo/76zexl67Zv2xPS396oBpNhUzO109ePp7lY5sRahBmqqPuPWwvLy8rocw2ANYBkAqGtSj/twBpAMjGBPZJMNOMQpoeq+jkYOx/Xd2sLzqWZcmBJu847UmnCCbuGTM7QuZ4J5bxIbk8cJ+Xnh6Q5Fi/Zd13FBo929Qw6M3XhT78ZbnfK+Uc2kwi6fDpdO5YI/nrYmP95e8I3c46zh6PTkatLtY9l+2X6lPa4semK6GRx5NXUwKBjmhuyIC+PPtcAWANIJhDaqvTTDqwBJBMTaP5kstv/olBtHb2vafCkdLZ2y9rPIcluY2FMp+YF7oqxGdwPnlWmCidvLiiYoWsNeJ0ujeJSK/g5grU52KkGE49rsnVbPUZ85kqSxu9fsAtwXMTGkpgJS343bAybTPiWk6GO//PdTfZwWMmJmugj1RzCnOP8hGPsWe0RYzK4oxdqw6OuBfgHscvAXzx/XmX8gjIAWAxIJhDaqvTTDqwBJBMTaP5ksiC8kVRbp4UojV+9xOuauIvzAndast/ZByueH2tsUfU5wCnl05+eGBrerrMiuN3XuPpHy8M/SM70uCLuRJvJoahM55mr/vCak5A0fjN0zJpv5tyZskITS6LGLv7vlxzYTEL89cuzn/kskj0cnb7/Y752+d2u0ifT/J5NVS3yqvp2bcGQ8Sn9HRLnrT/N3pBEfx+f5MREhBNgdSCZQGir0k87sAaQTEyg+ZPJnPDWGeoGE7Zqq9P3FmR1bhVFU3kyUTHVvYwtWIccPCn9qx11bPww7MwIbusl7louV1lRERFx3CcgIjr4ws3jqYevytgEos+jETf+9t3c3wy30+SNPw63f/fvk8McF12YuGzayOnDXnN6iskkbZ/8h+f/jY5nD4d16IQUe7fqxyU/xgU/oM+kmT2eIP9uXcHgcSl97dsK+dbUW96ePuw9STweHp6fl9fS0kL/mQHAgkEygdBWpZ92YA0gmZhAMyeTA36nSLXVJUQ5cKxRg8ufH5cS8UDOVjrNbGwG98EP2WzxjPetRYWT/OVs9jBSEufWBmXEeoXVHwpRHgyRHwprORqZFnI7LjI98GLj/jhDDSlHfYL//MZYNnW05+j/eGf7s2PaX8BE8OO1FS7BCqG0syK4TRd6Zuw7iZFbTjR8uDB7+KTUvrq64X2/8OKe/YHsnanR38enKwb4+gYHBJw5eVIkEtF/sQAwNZn1ChJOIIQ25hcnm+inHVgDSCYm0JzJxNsnYF1wOqm5vrEgn60y6tTDjJNxGTb8nmzwOKPSlE7H7Gtud8pgA04JEE0PlZceOUtiCSVJKY2epzKDb549WxR0sYGKJQcuVOx02//LoaOZ4KHbp4aM+dWIyb9/z/3PI8OeHW1sLHnOOdk1WKYprXscF2Xe1RWvZqvu5KrW+lWRa9SHKZ62fewSX5t8R1/LiQkNDwlRKpX0Hy0AAAAA2ChIJibQnMnkgN+pxaGVpOba39HYYRvnUtvvx3Upmytv4orqudwaLr2SSyzj4ku42wXc9TzuSg794U4bk8GNXJbLltAY+9glTfDl+7B12s833nfclS45FM4mE6JCnU9qvaNK/C9uPBC390TyoTPpgkcjboyccfL37+3R+IcP9v/xH576/M9Pgp/5Z+T/fn/n/0Y/YA9Eny9MzdSeEPl4In32utVbOaqsImVesTL2ZsvLk9tfG6ef/cOt7iHs/Wlyq6qq6D9aAAAAALBRkExMoDmTyaagBzOPqV6fn8dWFnW660wTWw1lvZDFB5L8Wn4ZkOoWrlHCT7nbquBkauVKTk5eKPnXrWrJbyVyTiTjrRVzZY1cYT2XU8PPhfWghLuqP8yE3pX169Tyi8OmZBozX7AB//LBD795wf722v0SjyA2mRBb9gXOHbus/1vjnxo86ldDR//pdedBH06dv2zzuu0BbHlM7pfbHw+h2WWWge+Xsrjr6kBSXKIsLX1sRo7s4wWZbAkp35t+08er25tN7v38M/1HCwAAAAA2CpKJCTRnMlkY1uBwSMRWE3X65qyMdufjSirj00hRA5dby2VVcSnlfIMJSRfxxdzPhdydQu5mPt9yci2Xu5zNXcnmm1BI8LiRz/82voT/MPkK+SJJNSSckIhS2cQ3vLA70jjmp8IBjh0OJ3YezWzYMN6pQZKnX3D8xeBRvx46ZvBbE8+v3CM/8DiTiA4EHZq7+ZlXndmuWcSnX7D/jzfn/8/nYX2/v8IWzCS+OjNr1qMFahaf5s6l0yfNVF7I5C5ncffzVDnFyhKtNEJZUKRwWJP3nMGZ3/raPVy1LYK9RU3r7Zs36T9aAAAAALBRkExMoNmSia+3z9QA6btLi9lqImt/h6Sp7mVs3ZQyv45vA1GoOIVS3Tai5NtDRDKuWcrVifn2k4omrqSRK6jjm0Qyq7i0Sj7MkExyr4i7WcBHFBJULmXzuUUwLtdQmwlxb3Tzyy5GrcGi7ZTAzo99J47Zm/eLwW0DRX41ZPRfP5x2YNam+I2HHm46fG3NvtVTVj/7xjh9k2v9Qj105N9emf7Hd1b1/TaKLVvX/Xwj30NPsPtmCr6kziQpBarCEkOxRDA4pv7rpTlsUbV1XHyevUtNK5IJAAAA0HtAMjGBZksm3j4Br8/LM3LVQqetxceNm5Lrgro31yV1k8i1HC4uj28kuZnPjzO5W8QnEBJF0iu5PHVfr8pmrkHCRxelil/EsE11sJEp+d9eYLbP6hHbwhbYgB+tq2DDhvFOC5H1/XoTHTYGj/rlkNGCbBTR65DR//rS5P/77OCzYx6y5eycr8zMnhXRVtR5J7pl4PvdPFWuwUYS1pISZWqm7JUphsacPOeYwN6lphXJBAAAAOg9IJmYQLMlkyOegf0cDHWw0XZlYK3hFd9J2Cht4FtCyIvkcu5eMd8GckXd7nFJ7cWsR2bz/7ud782l7sp1LZePLkKHrnuFXFI5l1XNN6qUNHKZlfRedBoRL+/fkdEmTofFbN4wXru9+X/+YCGdMbrg0y84PfvJ1r7fnjZ+RmADjj/YoCnqpoumnCmYpMTbOarkfGXRkyNJjJQkmRnbC9kCa7vbw9D0wV0XyQQAAADoPSCZmECzJZPJK6LZqqFOSb3/XJqhWEK8X8wPCClu4GflqmzmakR8960mKd+PS9TKD3BvFca+qxtDhFHv5FcNEv6TwpD37Bo+k6RWcA9L+VYXdhcG/NvcLLbYOn1nSbFrOB02OuTLU3yfHs4PMjG5Tw8f9//+sbPv91f6jDFqLUXKoZNSR/5UOuPRCJMtl7iTKfSJ6oQkTJJAkllID23vhFm5csNTdX01/zJ7o5pQJBMAAACg94BkYgLNlky+nGfsCOy3ZmeyFVbBS9l8GimsawsViWV8a4kw0v1KDh8wLjxqKrmk7uJFvJbLt5CQz9wt4vNMQgnfvyutgh/4nqse+E6yDfkYuy8DLvWrZovN+tzY1KmPFh/stP8zciUbKkzoU0Ptnh4+/k9/39x39A32EPT50tSkKX4SzYRjM48pI5OM6n2nz8tZqof5qrxi3S0kBYWKoOj6NUfLVh0u2xVUdTdRzH5Gp4eO17CF1/ic44NunaELyQQAAADoPSCZmEALTCZTd5eyNVdBkkCUKn7Iu0zdDCKWcS2tfFNJo3rIe62IjxkF6imAUyr4ke73S/ivXM1VD0dRj0jRKAx8v5rDd+5id2TYvdHNfe3b79D17tISNml01D/8bTYbJ0zur4Y5/Nsbi/t9f4E9Cp3auVdoWkuIi0OrziWL2RNlpNezucwiZTGTKwSTMlrnuhW/NSN9yLjkweOSX5yU+s9FWaExDVm5cvbDlD8nSvrZ04XX1t3gevBdFMkEAAAA6D0gmZhAsyWT5VuPs/VCnZ5KVLKVV41CohAGjcQ9GjRyv5jvlJVRxY90L6zjyhv5XlsktIha+fQidO4iSUb6aEkTYW0T8uPlDraWCEalqp5zNjRmpo9d4pj9zV1cw2QGP/y99ekRTmyQ6D5/95rLsyN3GRgi//K01Mk+Iu1Czjym8PCLOptQy54oA55KVPyco8rX00gi+CBFstGnXOc0zX3GJA50StoRWGm401dJidJudW5f/fMuLNxw0teLvldNJZIJAAAA0HtAMjGBZksmR474svVCnRoe+95RhaYSvn+XunOXkGquqJtKbhcYNRmXTt+eY2g5v09+ejyRbld0PFDyy2H2bH7oZkf/ZeQx6ogGOD78x7JcO/dK1zAlVcjNgffJ9T1zp5g9S5SxmdzRy2IX97KRS3M/X5xTUKRgs4TGWwniV6ek9mHOrbbkt4s9SkoMhhPfqLp3Z2ew3xX8dsElt33B7O1qEpFMAAAAgN4DkokJNFsy8fXyGeJs1EjrdhdYNJWdjiXET5foXS5jgHPKOG8pGzM64ajd2b8casckh273Pz/00D6iQc4PR64tdAkQu4bRw2ZmhcsP+R4n1/fU9Rz2LGkbna5aHVz76ZLc55yT+zkkOa/PZ1OEtus8yw20dWh8Y1paUkYr+3WNl+6IRq/KZb8o+I+Z1ze5hbG3q0lEMgEAAAB6D0gmJtBsyYS4wS3sbZdbbO1Q25emprGVWgt0gv4Zacfs69KK79p+vvH+U0PGkKjw9FAHNj90n8+O3P7G9IQvV2eOP9Iw2U8yI2QorOAAABvmSURBVJxuJ9G41z9WuLjHz9+LTdcxCP5MsnLm/vIPFmZRnbL2H6tmU4TGxPTW5w32l9N25s5CdgsaM3Nlu0Oq2G8JvjTh7o+bItl71SQimQAAAAC9ByQTE2jOZEL08vR9d9pNtoKo8Zs1BWzt1gJd7l/JFn7g2NSP1nZpXUXK73dlCG0mTw0Z/dvhE/4wYsrvX5zyuxGTyOvfDh//ry+M/c0w56eH2v9SnV4656+G2P3LMCeyqf8YMYm8+MXg0b8cOubbHSlsYSgXh1bt9L+mubLB4aei7lUIJ4dElOik5q3hJa+5putc+6WPXWLsrWY2RWhcsKeY/ZY+h45PyTQ4Gj4qrknfEp9Dx96fsvIce6OaRCQTAAAAoPeAZGICzZxMiBt3hb0+6Q5bRxR03Nz+cAVL8KewWrbw768sm+QvYyvxnXaiT8OvRzgLEeKpIWOeHurwm2EkQkz+88sz/vLyzGdenvXMK8SZ5N8/vTSdvP/vwycKWYVNIKy/GmpPvvL7EVP/+KLL74ZPJBHlKXUseea9eZP9W9jCaDvzmGqnf5yXT5Dmsgb4B526kUvOTEyyKPJycviZuPErr+jLA+T9a/dEbITQOGql3v5XrGRrtxIMzSN86U5LXz0zdA12jh+3LIa9S00ikgkAAADQe0AyMYHmTyZEb0+fLe6hCzacnLX2zITl0aMXXfh87tXP5lz7+7SbLm4Fx+N1dAqyNPdFN7HV3P6OKQOdUwaNT9N2yKSMNidnjJie/crsPOKrc/Le/rHonSXF7ywt+XhdJXHkpuovt9d961Zvt7/F8ZBocoBMmNrrqy0J//XRMjZXEEmQ4B0y+pdCaHnB+d9eGPe7ERP/8KLL/3tl1n+9OvfZ1xf2e3PJwL8u7/PGov99bcF/vzqX/NvvjcX/9dqcv7w847fDJwhpRNjavwx3eM3F1/FA0dTAdhatnxUu3+eno50hKOR4cPhpf18/4cev519mT5FgX7vEBylSNkJofGWqoRUSWQ9G1LAb0Xg7QaKz6eZZ9ZImo364yB6LSUQyAQAAAHoPSCYmsEeSCdGX5BMvHy9PnyNH/A4e8t93MJDo7hHkvOLa23My352X9eEP2d+vLxi3vWTWgYqVAbUbwup2RzWdT1VezjLlzF2d1iOmharjfry+6outtV9s4/1mV/33exof2eR0RNzmUfFYT6ngeG/peJ9W4gRfGXGin2yyv4wEkqlBcpdgxfSwthmHp4cqnA+VDfp24x/fmMCGE32SyPH0UPt/GeZE4spvh4//00vT//zyjGdenvWfL03/9+ETfj3M8VdDnmhX+dPfZny54fYU/2btVUr0uS4o3dfbl72mft5PrFr4hf4VbPraJyakGkomQ8YZO8hEcJt/JbsRjfeTpQP0J5PvFyKZAAAAAKCrIJmYwJ5KJvp0WnKerT5qvPngcaedkhJlSamyuIS3qERZWKL8YF7miCmpL01Ne216+keLc/65PG/MhsIJO0pmHyhf7FO9Jrh2U0T9vpjmQxdFnlfFPnGSgFvSS5mqy4+Wje/QVF0esXQymRwgZyvxptU1XD49ROYSJJ7s3zTRu2784RLHPZlfrb/x/rxjL4716Pv5qv/+eOmf35v/h7dcf/vKhN+8NPaXQ9vaQyh/86Ljv7828b/+8cMbU73GHiyY4tcww7ilV+aGS9z9L1AJRJ9dSSaDO5hMtgcaTiYSJBMAAAAAdCtIJibQ0pKJy6qzbPVR48XbLWy9U+OoFdnsV1j78DXjJGJ/x6ScfHlxKb/6OK864RSUKPNKlLnFyuwi5Ter879Zk++wqch5a/EUt9KZ+8sXeVXxISekdunRgvddb7w99dYbk++8OP7ekLEPpgWaZqbgrqlyDVNM49OLZGqQeGpA09hDxWN2pX696d43m37+ZuuDUbvSJ3mWuwSKXIKlrvpn3GJdGNaw1y/ay6cDS3+MWnSRPfmCfe0S7zyUsFdQ43tz9K5AotNjFxrYjWiMuy/qZ687mTzv9MBh8QW28CYRyQQAAADoPSCZmEBLSyZz1p9mq48ao+Ka2Hqnxvm7C9ivGLCPXWKh/sX+SkqVg8cm93fgA8wAolPSQKfkoeNThk1MfdklffTSW5vdQzfsClu349jKbRFLt0bu9L28PeDGtsA7G4Merg9KXRmctyKkYElo+cKw+nnh4lnh9Eog5pHED5JVpofKecMU/IIkxjWPaDs/rMnd77yeHlx6dVyst/mLnHmSFthzrtHACiQ6vRFvaAT8RX4EvO5kghHwAAAAADAJSCYm0NKSyfqd4Wz1UeORyFq23qkx9ma9MWvzCZLK8WbfCnYjGrPz5Oy3NHauOksq9z7e/t4+AV4+gV4+QZ4+IUd8wo74hB/xPXbYJ8LD7+wu/yvbAu5sDrz3U1DSqpDcpaGli0Lr5oc1zwlvnR0uUyufRTymmHlMqVZlzMiQTqmaEy7dGnD3gO8pI7tvUbquiWLPm8YTlxvZc67R66SOqc/0+f6cjIJCvQmzqFgRElPPfkvwhXH3Z609wxbeJCKZAAAAAL0HJBMTaGnJxPOoL1t91Oi8rp2Fw79dlmFkONkTVp1foLc6S9weoGPFEo2LN3fX8nz69PX2UQcbPx+ftmzj6U2yTTCJN0d9Qg/6ntznd3afX8wu/6vbA25uDrq/Qd10szo4Z0VIwbKQkqWhZYtDKxeF1i4Ma5gf3jI3XEzSDsk2mhxCYs+CsCbysZXBeWQLZJsdbSShXLntOHveNC49UMqec415BfKRP2Sx32LtZ5/ke6aO3YLG+GSJgdVR/jr19podx9jCm0QkEwCANZKTkxMfH0+/CwBoDyQTE2hpyYSobxEMvh7pms5WPbUNPFv9qhETzg5wTIo3OGstcdImQ33DVm+PYEvegwq5RTu6qA3kA4xPyGHfiIN+kfv9ovb6xez2v7QzIG5bwK0tgT9vDEzYEJSkNnFL4L1dAVcO+kYe9Qnx8fZnd9FRN7qF9bV7yJ46Qce1eSUl9DnXWFKq3OBd0Yf5Fiu53EkZrewWNF683WKgb9jHs65t2R3KFt4kIpkAYHsEBwdvfkRMTAz9a1NAUoGwfTc3t+rqavrX3Y+QTJKTk7epCQ8Ppz8BANAFkokJtMBk0s9eb3WWmJNnaLXvUnUvrFempLFf1EhiScwNQwuQC748xVDC2bM/kC051PbAIf9BTg/YUydITm9alow97RqLipUL95QMcjY0SdfQ8Sm3HxoaYUJceahs+MQU9ruCE5dHHzzctgCLyUUyAcD2IMnk6NGj9LtdwN/fn3qHpIIdO3YIrzUvzAnVZnLr1q3i4mKt3wMAdINkYgItMJl8MOMGW4PUuOZIeYH+YeuC+QXyebuLB49Npppf+jskOazJS8k0VCEWDD/fYKDpZsT4u16enRl60dt82+U2e/Y0HjC4PGKpemLorDz5xE0FzznR+eSdmRlz3Yqz24upufnyN6YZiqnrdoazxTaVSCYA2B5UMsnNzd25c2dmZmZMTExYWBh5p7a29tSpU2fPnhVq87t27ZLJZCR+NDQ0CJ/38fGprKwkkYN8Xi6XHz58uFaNZpvayYTsq7W1lbwIDAwkn3F3d1coFJw6sZCNXL169cyZM8KPNTU10dHRV65cOX36tLCvLVu2kL2TF+lqyAvtopJdU0Ulv83PzydfJ9/SJJOWlhZPT0/yYeFHAIABkExMoAUmkykro9kapEZS0TS8FIZgerZs1eGyUStzyeeHT0x5zSXti8XZLlsL45OlBjoRCZLq7EafcnbXGt9zveHjhWTSvp/PvcqePY2zdhWxJ581PkW6YE/xe3MyRkxKIZfy9Wlp3y3PCTvfkJTe/m1wP1n6nJPuWbkE3buz7QvJBADbg0omJDAcPHhQeE1q9pw6mWhyhVgsjoiIIC+ys7OTkpKEzzc2NpIXd+7cET7PtsBoJ5Pdu3dr/4qECiHDUN8ipdK8TkhIILsjAYbEIQ8PD079LZJbyDvaRSURRbuoJP9ofkvCiSaZkDdJMhFeAwAMg2RiAi0wmRw67GegvYL499kZxcV0HVSnxSXK/AIFSRp5BYqi4nZaWjSuOVo2Qn//H+LMtVFssSHrsi0n2LOncaBjUnyyoVVNtC0o4q8jkVzQ4vaypcYpWwwNFnpr6m22zCYUyQQA24NkgH379t1V09TURGr2mkq8kBZIdV97/AnJAEqlMigoqL6+ntPqnUVCi/B5nclEM5SlpKREePPEiRNbtmwh7wjJ5PLly9u3b9d0sjp58qSbm5vwK5IxyO7IRsrLy2/dukUyibu7O/dkHy2yU3Ig2kXV/q3m9YULF6RSqfAmAKBdkExMoAUmEy9PHwMjp59V12izctvpxtNpS0qU78/N1Lf8heDGXWFssSHrrn3B7NnT9mBEZWFhd11KEkcNjDAhfjHvCltmE4pkAoDtQbWZtJtMSKIgcSIgIEDzeeGF4WRCUgfZDvmM8E5WVpaPjw/JNuRXmn5f169fJ1mFZBLhx9jY2G3btpHEQl57eHgcO3aMRBQSXR4+fEhCC9epZKLdFAMAaBckExNogcmE+PX8K4bDicPaPCObTTrqZt8KdnfaDnGO9zzapel0e5XvTLvFnkONAxySZu8qard/XSck25y+vZDdo8Y+YxK3uoewBTahSCYA2B5UMgkNDdV0giJxgmOSiZAKNJDPC725bt68KXxeZzKhBr6TnTY3N5MXXl5e2iNSSIQQuoQJkC8KP7q7u+/Zs0d489ChQyEhIeSFdm8usmuhN5emqCTGaEpC3hSSSX5+vvAOAMAYkExMoGUmEzeP4E9mxbG1SW13BlWy9dEuevJyY397ekfaDnBImP/TKbbAUJ9rtkcYnvy3n33ikch2hsJ31LQs2d7w6n4GG77em36DLa1pRTIBwPZg5+aqrq7eunXr7t27hWHi2tX9mpoaX1/fu3fv3r59m0QUofNVQEDA5s2bL1++LHy+rq5uixrNBtlkQj65U40QJzh1qwjZiJ+fX0VFBaeOIuTH8PDwpqYmTt0LS1MGkkY0nb4MFJWQmpoqNO8UFRUJyYR8V8hRAABjQDIxgZaZTLw9fVxWn2Vrk9q+MyujsL1Jujrq2PX57I60fd/1xq59wWyBoT4PHvIfrH/uYMFvluUYXvWyowacrfvnj+0s1Oi05DxbWtOKZAJALycqKkpo6+DUk3RpuksBAGwSJBMTaJnJhOjj5fN8ezXat2akF5konPCdf7YVGv6/+8TdHkG+XnRRoWEdF59vN5yMWZnNXpTOGRxdP9DRUGvJs+oueQcOBbBFNa1IJgD0ckgUiY6Orq2tjYuLEybqpT8BALAhkExMoMUmE+LiTYZmdhJ8aUrq0gOlXWw8IXXZdv8XO/G7hZZ7rizZ/Qf9J64wNBO04Duz0u8mSbpyKcl3N3hX9LVrJ5YQp6w8x5bT5CKZAAAAAL0HJBMTaMnJxMvTd4BDAlut1LaPXeKw8Snh5xtKmHqqkcbdF73pmm54eAm/ozGJa3YcYwsJ29XXy3vz7tD+9oamNCD2tU+c61Z45moDe42M9OSVxlenprJbpuxvn7Ctm8e+CyKZAAAAAL0HJBMTaMnJhLh86/F2e1g9q67UfrU0+26isYtjCObmy6du0bG+uE6/WXAJqyt2xXHLYtizStmHHxCf5Lw+NyWjlb1e+iwuVroFV41ZlWt4yLvg8HH3pq06yxavO0QyAQAAAHoPSCYm8Oef77M1KsvR19v7q3mX2fqlTvva8SvEu24repAqLdDTKaioWJGZI1t7tPzlKan9HdqvyAoOcEjw9MRMwV3S18v7gxk32HOr034OiR/Myzx2oSExrVVn/67iEmVBoSI1UzbfvXjYBEOLljyxWfuH29xDzTZSKDEhgf6jBQAAAAAbBcnEBObml7I1Kotyw66wfu11BNL2Oafk9+Zk7AisunpXdDtB/DCtNTWzlVRwf06UXI8XHzlRM3pV7pBxRrWTCA52ip+0IpotGOyoizaeNP5Skpz54uTUkT9kuYdUXL3bcj9ZSi4iMSFVSi4rCS07Ais+XpA5yLkDl/Jv0255eZqv4Ss/L4/+owUAAAAAGwXJxDTGnItlK1UW5ZLNJ4aPu8dWNA1Lqrb97ZNIUHneOZn8298hqW97g0lYBzvH7/YI9GWKBDshOY2ua6L6GFxDU6fkUg5w5C8lcaBTUn8jem2xvj75zv7un49L43mtVQIAAAAAYPMgmRiytlFaUd1kjOkZeWy9yqL0POr7w4aTxgw4Mbn2iy9geIkJ3XcgcNi4dmYQ7ianr4kyW8IM8vfPSE9v6ghisVihUNB/5AAAAABgJSCZGJKtLVm7izdF9u34/27vit//cMlsYxJ6j0eP+s1Zd9qcOZPsa/6GU2xJLMpAP78rly7Rf+QAAAAAYCUgmRgyLSM3KTnDxvQ/nT5kXJIZKrX97BM3eKVmpGdkZsBu8WB46pBx9Gk3ueRWcVyTHHA6jS2ApVmQn9/c1ET/kQMAAACAlYBk0uusa1ZtCCh/0zWNrYOa0CHjksdvyqtvRteabkQkUS49XMKefNP61oz0+CyRuFVJ7x4AAAAAwKQgmfRGmyRcdaNypWdpHzu6GmoSP12UWVLdKleo6NsNmBqliruV2vLjwWL2KpjElZ4lLRJkEgAAAACYAySTXm16Ues7szPY+minfdUl9cztxkaRSqFQKZRaKpTyR7bKHitplYulbbZIZM3iVo1Notamlsc2NrfWNUtZaxslxtogqa4X65P+sH7riEwxiKSE2gUmtogfHxF5rTlSovZJ0JyZJ86YWqWgqk0tOJVW7iOv0wslJBCaKmoOck7eEVqRUSTR3gsAAAAAQLeCZNKrbZJwt9PFny/JfmlKKls97ZD97BPfnpkWEFtZXCWuqCMZQFLTICZW1YmIFbUt5RprHltW/cTr0keWqX/UtrS6WbdVzDsGrNKvgV0YJ1XgR8V+fETaB/6EbWeGP1GC1epTx9soIdY3SxvUNpKE1iJtFvE5h486ErlEqpDKeMWtiovxDV8ty+zb5XDy8pTU1V4l9c0KJRpLAAAAAGBGkExsVzHXJFI1tCjrWxS1TfKaxlZiVb20sl5SWSepqBNX1IrLakXlNaLiyubc0ib/mIrRa7I78T/d35uT7hZempbfmFfWVFLVDHvQwormqw9qj5wp+3p5JnulDDt0fPLnSzJDL9fUNcnQEw8AAAAA5gfJxEYkCaSqXsKHjRpRWU0LW2c1xuKq5qyixriHtYdPlX2/KstASnl/XvrWoOJbKXWJOfUk2LCbgj0ruSjpBY2X4mtWHC0ctSqrn551FQc6Jdmvy/aKKo/PrC8s57+l2YLQGEXupYralup6cX2TVK5AGwoAAAAAuhEkExuxvFYs9CliK6mdMK+0KTGn4VJ87eHT5ZsDi2ftzpvpxrvWu2h7cPGZm9XxmQ3ZxY3sF6FFSZJGRmEjSY+X42tJ/FjlWTh/XwG5jiSu7AwtiYyruppQm5TbYExjV1l1S2W9mP77AQAAAABgOpBMbMcmsapRpKxTd9yqrG/rr1VeIxIGabB1TQi1FRpJymtbKutEwpQAdU3SJlGrWCqXyfnR+RgNDwAAAIBuBcnE1mwS8+PaSUppECkbRIr6Zn6QSW1Ta3UDUcqPM+EHmUjKa0V8v6/qTvb7gtZrWx8tfqi9uLpBSCCShmY+hDSLW0VSuaSVRBGFMDOYehowAAAAAABzgGQC+RjTJFFp/m0UFKmzTYuiUf1vQzMJOfI6XhnJOfx4+gZ+PH0V+bdBSqJOZR35V1xey8vPrFWDhpouWVbDN18QK2pFVfViYk2DpKZBWtckrddMTyxqbZHwWULcyseJVpmiVa6QyZVqFQqFip+JWNE27zBJGBgmAgAAAABLBskEdrviVvq2AwAAAAAAgALJBJpDdAkCAAAAAACGQTKB5rBFysnRlwgAAAAAAOgHyQSaT7mCvv8AAAAAAAAQQDKB5lOEAScAAAAAAEAPSCbQrGI0PAAAAAAA0AmSCTS3Cgw4AQAAAAAADEgmsAcUSekbEQAAAAAA9HKQTGDP2CLFVMIAAAAAAOAxSCawx5TI6NsRAAAAAAD0WpBMYE+K2boAAAAAAIAAkgnsecWt6NkFAAAAANDbQTKBFqFUTt+aAAAAAACgV4FkAi1IJVpOAAAAAAB6K0gm0LIUt3IyBX2bAgAAAAAAmwfJBFqirejcBQAAAADQy0AygZYryScYGQ8AAAAA0EtAMoEWbYuUUyrpuxYAAAAAANgeSCbQOpTI0H4CAAAAAGDLIJlAK1PUyinQigIAAAAAYHMgmUDrs0XKSWV8Ly+0ogAAAAAA2AxIJtC6JSlF3MrJFRiOAgAAAABg3SCZQFtTLOVXRFGo0KICAAAAAGBNIJlAm1Xcys87LFfyzSkWtbo8iUykPAol39QjeyQpqkbhHbmgkv+kUv0VZC0AAAAA2DBIJrB32SLlRFJ+GD3JLVJZWwwQOoN1utqvUkuSg5AlZOp0IVHvgsjvTsrvt4UpTKfVHIVEpi4/erIBAAAAwPpBMoHQpiShhYQivqVI1fmsBQAAAABgfpBMILRNRVK+6UboCQYAAAAAYPkgmUDYK+TbUmRIKQAAAACwXJBMIOxdiqRYqhIAAAAAlgiSCYS9VM1SMAAAAAAAlgCSCYSQTykkoqCrFwAAAAB6ECQTCOFjFUgnAAAAAOghkEwghLSSVoxFAQAAAIC5QTKBEOpV1IouXgAAAAAwE0gmEMJ2xKKNAAAAADADSCYQQqPkl0NBFy8AAAAAdBtIJhDCDtgiQfsJAAAAALoFJBMIYcdskXKtcvpPCQAAAABAF0EygRB2RpJPZFilEQAAAACmA8kEQthJhfUZAQAAAABMApIJhLCronMXAAAAALoOkgmE0AS2SLE4IwAAAAC6BJIJhNA0iqT03xcAAAAAAONBMoEQmlKSTzCtMAAAAAA6AZIJhND0omcXAAAAADoKkgmE0PS2oGcXAAAAADoIkgmEsLtEywkAAAAAjAfJBELYjaLxBAAAAABGgmQCIexexa303x0AAAAAABYkEwhhtyuR0X96AAAAAAAokEwghOZQibmEAQAAAGAQJBMIoZlUIJwAAAAAQD9IJhBC84luXQAAAADQB5IJhNCsouEEAAAAADpBMoEQmlsV0gkAAAAAGJBMIITmtkWKlhMAAAAA0CCZQAh7QCwPDwAAAAAKJBMIYc8owQqMAAAAANACyQRC2GOi5QQAAAAAGpBMIIQ9JppNAAAAAKAByQRC2JMq0WwCAAAAADVIJhDCnhRrLwIAAABAAMkEQtjDKjGFMAAAAACQTCCEPa5ISv9hAgAAAEAvBMkEQtjzAgAAAAAgmUAIe95WOf23CQAAAAC9DSQTCKFFKFPQf54AAAAA0KtAMoEQWoRirG0CAAAA9G6QTCCEliIAAAAAejNIJhBCSxEdugAAAIDeDJIJhNBSlKBDFwAAANCLQTKBEFqKLejQBQAAAPRikEwghBYkAAAAAHotSCYQQgtSoaT/SAEAAACgl4BkAiG0ILHkIgAAANBr+f++56D/Zc1r5QAAAABJRU5ErkJggg==" alt="Screenshot" width="100%" ></p>]]>
  </system-out>
  <testcase classname="org.example.Main" name="Order" time="12.828"/>
  <system-out>
    <![CDATA[<p><img src="data:image/png;base64,iVBORw0KGgoAAAANSUhEUgAABDMAAAIGCAIAAADGMlPIAACAAElEQVR4Xuy9+18UV57///kP9pfPH/DdzMx+dnf2yq67fvb73fX76QkTMhnJMDJJZJIMMxlJnC86j1FnJppNzI2EiRKCRFEuGgSF0BHwhgqIcgmIAgraA4oilxZQurnfGhvr+z51qk6frmpbaBrk8no+XmLVqVP3U1XvV51zqv+HAkAw6HaMGZMAAAAAAADwy/jEw+sqNPA/jBMBCAg4EwAAAAAAMFvIk9Sp0ACcCQgOcCYAAAAAAGC2cFvCgTMBwQHOBAAAAAAAzBY4ExB84EwAAAAAAMBsgTMBwQfOBAAAAAAAzBY4ExB84EwAAAAAAMBsgTMBwQfOBAAAAAAAzBY4ExB84EwAAAAAAMBsgTMBwQfOBAAAAAAAzBY4ExB84EwAAAAAAMBsgTMBwQfOBAAAAAAAzJa5OhOXW7EPu5sdD//cp8oh5GZySupnujkwPTL1yLgUsLyAMwEAAAAAALNlTs5k1PXoL/f0PpN8/5kv7z+z9/4z+x48s5/U98yBvmdSHc+kM30vrfu14pHo4uHvfvXgO1kD38ka/M6RwVL7Q+OywDICzgQAAAAAAMyWOTmTPZdG/DuT/5XWHXna6Zx8NDY1HXbsvnAm3zk6ZFxWkPjdtj+88vPXScYJQYWvYr7XsnSBMwEAAAAAALNlTs7kL7/o8eNM/jrNXmafGnI9YiiPnJPu72T1C2fSPzkvbbr+T2jYX37vb0jGCUGFr2K+17J0mbszseaXyCpv58ldhvRB77nmD+vvNmyydhtTAQAAAABA8JhHZ/Krkn6yJe5p5kDo35Br+juHPc5knnqbwJksBubuTOITchP3HdO0JzfnGk+2xSda9XTr7sRcu/dcfqixprz00oaIdRu2fHy05GafcfKTgDMBAAAAAJhv5suZvFHiJCvCKkvIljxSptyPDt50ya25RuFMli/BcCaFnpFrJR5nkmfTU7uL02bkTGoSfxux7rcDbk/KVE9ZRPSnnvEZAGcCAAAAADDfzIszCbf29o6pbbhU3NOPjt9xfU/qAQ9nsrxZRM7EUfzW4TvGRKIj7+2Ts6g5gTMBAAAAAJhv5sWZxJaPDUx6nMnk1KMXv7n3ncMDcCYrhMXjTNqObKuYMCaqjEVsPKoN2gtqFKXJmhCxjjX30hLdQ29v/u1LlPLz31b0TBmcSUnGR5uifxOx7jeplZJd0Zfz1s89y7Hufu+XLOeGX27+qMUx5ckMAAAAAAC8mR9nUjFxd/jR9LRmTYZc0//7sB3OZOUQDGdyrLauSdPpkx5ncqhcT7+cs+/JzuRPwmmYeFtMshd8nrhdbu5FexARvUeMTN3NeyvG40y2vLTBk7mjYEuhbk5My9n7uvfavVYBAAAAABA07KWF9cY0fwzeKI9PyC0ytCwZuGq94f1Ot7uGh2G7My4/Me6aO8F0JqsO3H0+884/7e/4x/Sur5qnu0dVc6LaE+eEe3X2Pf/O5A/b3+Hh/pW6ehH6k/60+/OpKc/L5h8+/2N5Kiki8mUx1exMnvmrv+Up//Yf/9ne3vH3/7yKj74c9dr3/ubvxUKefe4FMQtt81eHsw1ree/9j0QGkchH3W63nJNGRc6VydydSbDY9Hhn8rnkTN464nVd1iRuGJDH1eVozmSg2NAMzLMK03I+f+mxawcAAAAACCKzdSbxCeeMST7RncnCEDRn8tdfdmbaJiu7XOnXRv42rfc3F0cu3X808VCrOaFYP6F+ZIbO5Pv/+C8GVxD58s95ns92JxomcaXsT+UZDM7kWEGhyEO2hFKEMzGv5UBaBp+LTIthElfDVe3MiBQ++qsNb4mU6DcQjC49Z/L5Fa9JRzYb5yKPoTmT6j1HWDnykCoqRkzL6bK+9561ybs2BgAAAAAg+MzemZQYk3yyRJ3JF1dd41PqT5c8Ui53u76ffn/jxeFLvY/ujT5SK04esa8GS79n4seZkH75Rsynf9oluwLKUF1zSU4xqLHpuuLtTERtCen2He1ltnAmpH/+19Xvf/ixvBDDZpj18CH79Xp5VLYlUa9Fi91ZySweZ+KnNdcWyZlYvasnPaZFR/Qz6bJu591RZGmZTMthuKe6LhVQniOX0IEeAAAAAAamBgf6SY5rJVkNozTuqDxXe6f3dk1J8tkuNr27Jr+0JL+86bZTqc/Ljc+tSc6rqb1BQYWjPPfk7Qf91fnHitSffdOcib0mMV90ypWwlZc1d7U3VcUfbZpUFFpjfMI5+ktTaLHFadbqOpYufEhKYm5jZ//gg/bde6w8JT6txhDmJJ+85Z0wlXJW+wW6gAmaM0m1uZ0TWtst+nu51/X9g8ycHGx2tw09Gph89M2dqRnWmRzJ+Zqn0HJE0N9lt8sOQcwlUr77139Ho5bQ5+VsXH9ubhH5hTMh38JTbt1qlRcrhr//DyFirp+se4knkg+R88gaH/fd1XoFMndnEqx+JmQkZtID3uAoPNUgUgp3JlNlCTWGaQLTcrwYqIz4tNKYCAAAAACguOOTjG2ryAmw/7prUkq1l5vMmSSaKzq6eQbmTOyX4zMuG6d7E59QwqtWRJ0JLbZ+Wp/Mncl0U3Kx/ka1rfxxzkSZ6tpdIMzJVPz+C9K0AAmaM9l2caJl4NFDvWPJpPvRm2cd/5bd80bZ8OmO6Uu9j35dOjRDZ9LR0SkSRdzf2dUlhv/z/31WZAj5t/8Q6YpUZyL0DyH/JjIrkjN5ITxCJMpLEMOfxH8mMojqmn/7j/+U8wjJfV1AMJxJcL7NpYyWPfarwaf17iImR1Hy8QbDV7TeFv1M7AWHbntPE5iWYyBinadXPQAAAACARvOFnGuswoR42GtL/NIan5ArnIloTMWcCU9kTPU21SQm5VJO4Ux278nNb31MI/Kh9uR96mJ9ORNP/MJXJ7fg0od9OBNFKUrLZa2JlKn24sLGocesejYEzZl8N7nz09qpO4OPRlibLjaVzEnUiQffyej76/TOv0l/8re5fv/HHTzK7+tziEQR+nd0dorhn72idTshyGCIdMWXM/n+P/6LyEyI7iXyQuQliOGDXx0WGcgs8UReM2NYBenFn/5MZAaLyJnwX1p86bey05jqqYyITvCMmx2F+07E1gLPaEfBWxu9vs3l5VvEZWhazpR8hbo7InYWS+MAAAAAAEpjvjV+j2YSyjNz4w9plR7+nUlaQm5aOQ+YWzx1JopyYn+uZnG8iU+6oA3MxJlMN6WU9Wopdn/ORFHNSfz+C0GxJUoQnckzX/au+cpZ3fPovv4bi/T30I2xkIOd3znU/52v+oPoTP7m7/9ZZCCrINIVyZn83T/9q0ivr28Q+WfuTF6LfkNkSE0/yBN/+PyP5TyyRkZGRP4VzqJyJooy1nLkvYifv1dSWVlRWfnR79ivi9TL394yOQriT29sSD1Z39Iz1Huz/pev/Lbt8DbhTEavZb60OeHIycqBgaGKytMvvaTXhJiWE/HKtuOVlU13h1quVG76+YaS+15TAQAAAAB2J1hFhQnFNvHZV9nQ9C3/ziQlIfdQrdpg3XZBdiZkJNIqPYG0IH5fufq/Y0bOROkXK6LF+ncmylRXsGyJEkxnsvf+d/d2X+l1D7s8zuSi3fXckbvBcib//d77YvSf/3X12XPF3/+HEJHyxZ4vFamfCQ3/07/+u5gqzMkTncm//8d/idGwF148fuLkL9+IESnNLazLipw/M8vzfeEf/mitWOZKZpE5EwAAAACARcm1ErWFlSoKcqYd9fknadha1+vfmSh9TdYM1jqrtnfKy5molRh20W9E52ZpEWXOKr2TMiNnooy21rBNSrTeHG1/gjMJKkFzJt9J7i7ucD1Uf8FEUW3JkOvR+lN930m/Hyxnoki+wqB/+ff/m+c3fDX4TlubyFNzqVZewuOciTxq0Ku/+JXP/Dlf54kUmBMlGM7E0/1d1W0nT+43pLOPSAAAAAAAgGVB0JzJ/8nuvT/Ovw/MLId7+lHlvYffS+995qAziM6kvb3D4Ba4eu9rDWXMv7S46n//Pzzlf33/Hyurvp2JMyk6c+6f/3W1YRXf/eu/458MNudXvL9Q3N/PPsG2kpm7MwEAAAAAAIFhLy30VMXw2pglQtCcSc6t6YmHvOu78pBsSffU91J7n8lwztyZzIqaS7V7Uw5cvlJnnBBULlws35+afvJ0kXEC8AucCQAAAAAAmC1BcybxdQ/vDk1PuR+5Hj4q75r67oEHz6Q7/DiT4bk5E7CYgTMBAAAAAACzZU7O5G+/7BXO5D9znOe6ptuGHrUOPtpw2vFMqgPOZMUCZwIAAAAAAGbLnJzJ0OQj+dtcf5PeF5Lp+KvUB88c6PPvTA61uIzLAssIOBMAAAAAADBb5uRMiKlppcXx8M99uhxCbianpH5Now9RW7LMgTMBAAAAAACzZa7OBAAzcCYAAAAAAGC2wJmA4ANnAgAAAAAAZgucCQg+cCYAAAAAAGC2wJmA4ANnAgAAAAAAZgucCQg+cCYAAAAAAGC2wJmA4ANnAgAAAAAAZgucCQg+cCYAAAAAAGC2wJmA4ANnAgAAAAAAZgucCQg+cCYAAAAAAGC2wJmA4ANnAgAAAAAAZgucCQg+cCYAAAAAAGC2wJmA4ANnAgAAAAAAZgucCQg+cCYAAAAAAGC2eDkTCighCIIgCIIgCIIWXl7OxGhbAJgxfX19oiRRwRqfeAhBEARBEARBM5dkTOBMwByQSxKcCQRBEARBEDRbyfEknAkIHLkkwZlAEARBEARBs5UcT8KZgMCRSxKcCQRBEARBEDRbyfEknAkIHLkkwZlAEARBEARBs5UcT8KZgMCRSxKcCQRBELTwcgxO3GjrD5ZoaeZVcD0YGDd/UwhamRoadRmKx237kLk4LRXRxs/f7vi5poTkeBLOBASOXJK64UwgCIKgBRfFiMaH0xygpZmjtHHVlhizghXMmHfxoDJjzLHUkIt9cHfH7OLMkuNJOBMQOHJJgjOBIAiCFl7GJ9OcudHWb15LN35NGHgjFw8qM8bJSw252Ad9d8wXlEFyPAlnAgJHLklwJhAEQdDCy/hkmjNwJmAmyMUj6KH8wgNnApYDckmCM4EgCIIWXsYn05yBMwEzQS4eQQ/lFx44E7AckEsSnAkEQRC08DI+meYMnAmYCXLxCHoov/DAmYDlgFyS4EwgCIKghZfxyTRn4EzATJCLR9BD+YUHzgQsB+SSBGcCQRAELbyMT6Y5A2cCZoJcPIIeyi88cCZgOSCXJDgTCIIgaOFlfDKZmJ6eLi8vLysrm5ycNE7zBZwJmAly8Qh6KL/wzNCZZN90/UVqv1kp1/1dXOYLyiA5noQzAYEjlyQ4EwiCIGjhZXwy6fT19Z09e3bTpk03btzgKYODg2vXrvXO5YNZOZOx8cn2zvv9AyODQ2Pdvc6ue33GHGCZIhcPP6H802Xz5s18YP369XRFeE/0YobOhPh369AjaZSG//XrJ/z+ifmCMkiOJ+FMQODIJSkoziT/xLfxCbl/+vzrwlPV5qmBaXBo1KLS5xjgKaXnL9IoDcRu2vzKK6902XvMc81dzv7Rz/d8w/flgWPYnGHusv35Ju1Iyv5U8ySzPvjgI3okm9MXTDnWi3RyP0vMO1dab576RHX3DBSdu2JO96mx8alt2/5AB+e5557LyztmzhBE0YGlUmRITExM+sEPfkAbQJtBG2OeC4KgYMn4ZNKhOOzll19+8OCBnPjo0aM333xTTjEzc2cy/ehRp91r+cMj4/d6nHKKf2gJ5GrI23R0PXD2DxsnzxL4ooVELh5+Qnkqh0VFRX0qY2M+SlFgxMfHG5MU5eHDh++//356erpImQ9nQlbkr7IHxeg/5AxOuqXJvjBfUAbJ8SScCQgcuSTN3Zk4nKMJe76pvtRcVW3LyDxLKYUnq2cejD5O1xpvcGdSV3eVpyyMM0n/6szZkjq+L32OEUrxsy8HMk6bE5+og4cyaUfefOstYboMItNCO8uHb966Y/0m35xnYdRpdySnFNLJrfj2xpGvy8wZDDKf+lk5E9pxftKJF1/8iTnDTPTSyy9ToGBON8jsTK5euy7WTmQezjbPBUFQsGR8MulQHPaDH/zAmKooZFeMSd7M3JmQD7n/YMCQSB7DkOKHPucQ2ZI+x9D9vkH6a5w8S+BMFhK5ePgJ5akcVlRUGFPnBhnsjz/+2JiqKG1tba+99tpbb70lUubDmRA/KBzmboT+/lf+k8ut+YIySI4n4UxA4Mglae7OpPbKzeabXWL0RnNnfEIuF422td//LDGPhovLGsbVOJXyX2tq41O7ewf4K/nq2mbDYilw//Cjj5O/3PuLX0TzlIVxJruTrPJo4pfH+L7QZvcPjiXtK6Bh2n6alPsN23JS/8AYBd+0a+PqDlIeNtA7sOuLPNr3/emnDKv40Qsv5Bccp33ZtTuBp/y5+daPfvQjSvndlq00LIJjsme8zuRiedUPf/jDozlfj7MbwVVaAq9y2brt95Rt3bp1/TOIxQOQ2C+hkdFJOpW01wezznny9A7QntJJlE89F81+8kwtHcbP93xz4vQlSqHDIqbKR5t8Gu1Lw9UmkUIGg1La7nZu2rT547hPKCUu7lM6UGvXhtvv9dJofUPju+++R3no3j065hocGj301WF+6Oi4jas1by+99NJzzz13+bJW4XO+jJUiOpI7d75vcCaUvmuXdkbOnSulUZqdlzraBlovLaqoSNtrCILmKOOTSWd4ePhPKsnJycZpfpm5M+l9MDA2bmxePyt7QJnNdSz2bgdvIcZHKQON3ut2jI5N0Ghn1wPyMNzP8EobGub1LbQ0Eo3OahtAYMjFw08ob3YmcXFxDx/SYyju3XffpdGxsbEXX3zx8OHDDx48+NnPfsbzHD16tLKy8u7du1u2bOEpZEViY2MdDgfNy0f15XnYuHGj1Wr9/PPPybrwlHlyJsT/lTnQ8MD9zOEBuWXX4zBfUAbJ8SScCQgcuSTN3ZmMjLp44E4xK0+h0Jy/JqdJIi6vqrFd/3MHxakUjJJ74Yl7Ugo7uvpoIC+/wuEclRdL4WBzS2tnVw8N8HY1ZmfSeOOuPMvN1nvyaGDKP/HtvrSTYl98vvKnXaD9HVf3lKeYnYmYZBCPvynk/cEPfkBmQ6QUHj9Je5T7NYvUaVTUmYjWXGRFeDUCeTa+BBp49dXX6OBQuExLc/aPis0mjY5N3X8wZN6AWYlMF53cphvttDSeQvteXnV9XK0ry8o5P67u+9E8rTpFnHohOiApaSf5MM1IJpaMDT/pfY4ROu8i54mTp/n5FeLO5Nlnn6UzfuFixbvv7aQjcKXuKonnpCOWZz1GR4COA3ewfBZRZ0KHJePgV/cfOC1qJRVvIpiXd4xEdkV2Jvcf9NMk2e5aVJvESx1ZQZpE54uXxlu3u+XtNJRDCIJmIuOTSWJoyOtt7o0bN8rKyn7961+fPXtWTjcwc2fi6B8eHDKmz6rOhG4m5DS6e7VAcOqhmxzI+IRLUf0JjYqc5II61SXT8odHxnkiDU/rMShBnoQPDAyOOpxzbRsG/CMXDz+hvGjNJUwFQVaktLSUD5Mz+eqrr/gw9xvNzc30WOEpwlrQJDG7yGngv//7vynPwMCAKOHz50zevzz+szMjW6qM5d8n5gvKIDmehDMBgSOXpLk7E9K163cpfqWYtX+QLU2EpxSVnjpTy/Pc6+4vPFlNKSKKHRgcy7Fe4MMV396QfQUPEym+HB6ZoAH7vfvjvpzJ8dM1sp/Zl3pCDM9F5KbEvvh0JrSDT3Qm+zNO3W7zUatTe7me78VLL7/Mw1wKf/mAyGPx5Uzq9HCcomQ+8OMf/zg9/eC4frj62fHU5iKdPnu5u9d3a7FZqarmz3RyE788xm1P0t4Ce7d2H/ziS9bMjPZdVJr5dCbWAs1+tHf2nb94jf7S6abR+mu3yayKnLyRmzwvtxmimoKO2M6d79OB4qWCIgORUzTNkp0J5aThzk7mImggIiLizp0OGqDZSdu3vyM7EypOYkYufhZ4qfvwo48phcwPz/PlgeMi2wPH8Em9kEMQNHMZn0wSv/jFL4xJamuuYDkTcgi99+fUmkthQZuLZuG1HKNjE6LjSs/9fl5JwiGnIZyJSDSsq9OuhZ6joxO9pmZmILjIxcNPKG+uMyHeeOON/n5tFnImWVlZfJj8xuTk5LfffkvWRaQYBnyOEuR8LDrbtm3jiXAmYGUhl6SgOBOhzxJZcyMRnlLAyiP4cfXt+5Gvy+RAn4YLTzGvwiW/79+1O0FcqMS77+0c9+VMaJibk6oaW7BsiRDtCwXQ8ganf3Wmsto2NDwxE2dCImfyWWJeckqhWGZ3Tx+PbgWnTp8V+yVk8eVMeDo3NvyA0MBPfhLx8suvcFEKNyd0JINlS2TtSmStsNIOFdGp5Cm8LZbc4sunM5HPOB9O2PNNT++gHN+TKqtqDMeB2wxRj7GWES72t39g5LnnnqMMf/jj2+vXR5mdCR8mP8PzR//yl7zzEl8aGSHZmfDqFMogr5qcDD87lHlcLXhi4XzjYUsgKGAZn0wSIyMjf/zjH+WUU6dOFRUVBcuZKGoDKrrqxSh5A3Mtykwgf0KLGhgcJbNBvoLL7Z6mFLvajsunM+EpAtGIC85kAZCLh59Q3uxMbDZbbW0tPTj4V+PImZCR4J+05l56YGAgOjqaZxbdop7oTN5//30xvHHjRj4AZwJWFnJJCq4zEQ2ZeABK0ae5zkTEqRTgZuey5kBmvf766xYJCi7HH+NMKAonw0C2xGcFxVzE90LeYNFBggLrxzmT9s4+XpPAdbfjQfL+wpFRFx/l3UXkXSOPwc3GE+tMxtVKg4SERFoCLYdGn3/+eR4xy6JDmmO9kJ55xpA+d3Ef4rPOxL8zETVjdI7OX7w2rlYoXbrS8nmy19e3eMu9trtaS79xkzOJjIz88KOPDQeKt3DzWWfCq1ZosSK/qDOhhfjsZ/LJJ/F82NDPxOxM+L5kZJ6VHTUEQTOX8cnkzaZNm1pbW/nw6OjoT3/60wcPHgTRmUxMunifENK9Hie5CMPXumYO2YyRUU+dCae718lrTu5LrbnEVEOdCZzJQiIXDz+hvGjN1ad/m+t3v/vdo0ePDhw4QIVTUZ3Jc889R6NUMl977TU+15kzZ8z9TPRFMn7+859PTHiq1BTVe4hhq9VKtlyBMwErDbkkzd2ZnCutLytvrL7UfPJMLZkESvkqu3hPSmGn3UHDFJc3Xr9LwxTXUgwnB/rj6retKMq/2Xrv1NnL4k08b4TDg+9xvRUTRZM+nUnQlXmkROyLwzk6NDzB9+X+gyEKymlTC09Vf5aYx53JrsQ8CtPJeLTe6TmYdY6yUWbaI7acoyU0WlzWwEe5uOPijdPG9U9R0cCzzz5rUeEmRBgz0QOe56djQolffrmPj/JmYPKMQVdefkXFtzfogFgLKnhTMTp9dCpp12h/bWp/IdmZyKeeiyYlp7AyQIdCLQPMpJF/+yzx68pqm2F1W7ZsFXtEZ9ngTO62d4mpFvW48S/8Em+++ZawGTyF94AnpyHy8xRezcI7mRicic9vcz3OmUAQNEcZn0wmxC8tzvCbrbNyJmbGJ1zkLkRXEP/Y7/X13O/vcw7RAP2llKHhMZp9cGisR+180ucYogGyPWRCzM6E7AfZIafqixQ4k4VFLh4zCeUfh9ya6ykSgDP5i9R+OBOwuJBL0tydCQTNVmT5ROcTCIJWpoxPpjkzR2ei6E2zZmhOwBJFLh4zCeUfxxJ1JrPCfEEZJMeTcCYgcOSSBGcCLbxqapvlvu8QBK1AGZ9Mc2buzkRRzYn5g8JgOSEXj7mE8nAm43AmIFjIJQnOBFpgxSfkWgsqzekQBK0oGZ9McyYozgQse+TiEfRQfuGBMwHLAbkkwZlAEARBCy/jk2nOwJmAmSAXj6CH8gsPnAlYDsglCc4EgiAIWngZn0xzBs4EzAS5eAQ9lF944EzAckAuSXAmEARB0MLL+GSaM3AmYCbIxSPoofzCA2cClgNySYIzgSAIghZexifTnIEzATNBLh5BD+UXHjgTsByQSxKcCQRBELTwGhp1GR9Oc4CWdts+ZF4LnAkwIBcPKjPGyUsNudgHd3eG9B+J9iM5noQzAYEjlyQ4EwiCIGjh5RicuNHWHyzR0syrGFf9z9g81M+AJUqP0xjzUDRvLk5LRWY3HsTdedw1JUuOJ+FMQODIJQnOBIIgCFrGejAwTk86CCLNpB4AmrnkeBLOBASOXJK64UwgCIIgCIKgWUqOJ+FMQODIJQnOBIIgCIIgCJqt5HgSzgQEjlyS4EwgCIIgCIKg2UqOJ+FMQODIJQnOBIIgCIIgCJqt5HgSzgQEjlyS4EwgCIIgCIKg2UqOJ+FMQODIJQnOBIIgCIIgCJqt5HgyEGeyNr3/L1JJA8YJC0vFx5YOYxpYUOSSRM5keGSCNDQ8LmtwaAyCIAiCIAhagTKEhTxWJI2MTgrJ8WQgzqT20lDsmcF/SO2PPTPkQxdGWgL7pVS3s/VUUlioxRIWnnfVaZxqAs7kqSOXJOFMzOYE/gSCIAiCIGhFyRwNikBRdiajYy45ngzEmXBqi3nNiQ/92mbMPANGLJbwuIuaIWk9FGOxWLwzGIEzeerIJYmcCRUvucz5tCgQBEEQBEHQypEhOJRrS8iWBM2ZKPeHzZ4kYGfSeiAy2+AzKuN2XmT/WzYXXkqOCQ+zJF1lo7s2hpNpCXttu+xMdrLEsGy9piXOEu5qzaNs6rgr9rUwGo75IK/hyTUxYBbIJYk7Ey5DEYRdgSAIgiAIWt4yh3wGmT1JUJ2JMm72JAE7k8LNlgZDkj0v8kAr/W95IyksenuGtZT5io48S+TWhrpLpdZd4RGaMxmpjIv8fUZDdZHFEs5njSMfEhZZdL6Uhp35sVvTixqqS2PfSGpwi6WDICCXJNmZPNGcQBAEQRAEQStEcog4f85EMXsSVQPv3DXmfCLZb5ibZlVYPq6g/yyWKJEUF+pp4pURrc5yNSlcNyQdh6Pz7Go2i8WlZ2PO5LDR9Swr3E5LTIqcEBcZNiKPzxtySSJnQmXLXPJgVyAIgiAIglaOzBGgkGxIgu9M1qb2n2ufnJg2pgeAz9ZccZXsf4slTqTFSp1PeGsuMh4WS7RTx6XWisQZ+qi4nDujwyJ/X9ixXOtMJHOyYLZE8eVMhMxlEYIgCIIgCFqZMhsS0tj4FEmOJ+fkTEJT+41JAdOaEaW23dIZKXrbUjrOhmRnIteZaNUsrM7E2Ffe6ExUKFts/rLtaFLxcbiNHMlIRdQXC1dBJJckgzOBRYEgCIIgCFrhMkeGBlsSTGeyNsP44eC5/MhJxkbWTz37VGmpNYMGIj9lTbkUb2eitGXr/UyS5H4mlsjY0vOlGR/E8hTZmVxKiCqqttmqiyyhMXmmFmPLCTInUQkLZ0uUmTkTCIIgCIIgCOIShiT4zuQvUvs/Uvt1aEyMUsqElACWN3JJImciSpi5FEIQBEEQBEErVmZDEnxn0thk7NGQVx/YjyyCJYlckmRnAosCQRAEQRAEmYNDs+R4ck7OBKxw5JLk05lAEARBEARBkB/J8SScCQgcuSTNxJk8AgAAAAAAKwlzQGiQHE/CmYDAkUsSnAkAAAAAADBgDgi5xicecsnxJJwJCBy5JJEzobJlLnayjEUVAAAAAAAsa3y6EVlyPAlnAgJHLkncmXCZPQmcCQAAAADACsS/LYEzAUFDLkmyM3mc5HmNxRYAAAAAACxB5ADPjDkgNEiOJ+FMQODIJWm2zgQAAAAAACx7zAGhQXI8CWcCAkcuSXAmAAAAAADAgDkgNEiOJ+FMQODIJQnOBAAAAAAAGDAHhAbJ8SScCQgcuSTBmQAAAAAAAAPmgNAgOZ6EMwGBI5ckOBMAAAAAAGDAHBAaJMeTcCYgcOSSBGcCAAAAAAAMmANCg+R4Es4EBI5ckuBMAAAAAACAAXNAaJAcT8KZgMCRSxKcCQAAAAAAMGAOCA2S40k4ExA4ckmCMwEAAAAAAAbMAaFBcjwJZwICRy5JcCYAAAAAAMCAOSA0SI4nF86ZNI82Q8tMcklaYGeSkpjb2Nk/ONDfWFpDo/F5Ns+k0m5FcZRn5toe9A8+aG9X3JSNFJ9aTn8np1me3QnWdkrstMXvKakfZSnJaYW3xSKulaQkFPLB5DN3+Ow0bC9libTM+D0XRN7FT/vZY/FHm/hwSkJJvaI8HO23pubyHec7NTrQm5yYu1s9jGI3y45abXS4umuq1SPAD0L+nlx26Ab6yypb6DjvPlzDJrHjvDxJ3i8dvdTCE236hGlbSkYuHyxOy62+0zs40Hu7pkQtfoooP+pwCf3NSciNT7SK/DnX6JirxfLoVfXYqicDzJn4PUXq8eytbVfUgatZNWrpHZ1Sprvj95fwqVTa1ey2HHam3O1NF9IqHTRen5fLizplX7TsTjxmreuijSxv6uelqPoo32ytFMXvP8avR74vWQnq1NEpKni8fCp6IVSmbyXnN/HLeVBb/KKEzt2X7My2N9UUX3PQTalevWvRnTy/2U3n8cRN7R7FHzP8pjepDrP0m+Vahkk3nXGekx8u9dkxxW+AXhfhqG334SrK1ni2iNaiJtnoEs65xnN1s6O3CNBu151N8WmX7ea7t+KOTzzWq+6vdX+uXX380cMufl+5Nv+1kviMwmJWKGzs7/Qt7Q7feWtQXZp+g2I3f37Y5ceHCnvC3jxTKJ6w/ClDC0xJ0+6QCitvVv6YFgukcyGmzhz1djp1u/wcPynq9csuW1awpyfoZOklXBSJ0Yfez271sICFxhwQGiTHk3AmUOCSS9KCOpNrJdXjXgkmZ9Ji1aNAQXwa8zCMayX14t5ku7A7kQWOtITdBbd4WlriORFZige5ot/dWAYp7lzs0A6m1dgKtKOhPzMYiQknywc8O0XcPnOMP4208YF69qxSn0YCOeam45xzbUIaXXbYLtgVt3z0EpO0BxtZ32LtudstF5KyQyzRlzMpLLZ37z7OypgWFKrIRRfMHe6uJWziUOvni+NQzxp3Jgx+IijEkfIsUuhWZvdO8dps52W6v4m7maK6Yj7gw5k8uKxGpYudHM1J6ug3JboM+Xk07AW/6aWVM7fJ6K4RGcQZ58gXYHym51bntcbpWznXmP+hS1hc9YvKmSjqWaZNMty9aVQuKvwhSLtMt3qeQg+72jZ+cNRj+OCyfO9izkS+oKRnAX98CFhO/QkrnElx29Uyp5Yh+WyX5kyMV+js4LdTRemnU68YnIlKdXauepv1KhLys3tJFPjlhzkgNEiOJ+FMoMAll6SFdCaGu63iw5m4Kc+hs153QHHf9Jp9oJ7bDFpCcuI5LWeezZ8zmeyOT7ssEhc5dMtmj2fbBf4OVXYmWQm51htezkRpONco7Wb1USs7UN7OpD7Paq1pd2hvlN3xiVZ7QK++lgRawCcdvaL9uVlXmBlLSyzRYxRP7MtGjjMb49uZdNMwCwjgTOYPVpvaLbtlz9kRATpHPfKaM3E0l1tvsLmWhDPJ2ZMbn3pBvp/Km82v3zT9bqb4dybKaHxioX45L168X4joN6Xpid2J0vt+D25+09u9v0pLmKEzUd9ScbzX2O/xP/aaE23uRehMaIOLHxjv3obyvFu9F7Fdbq+qVd/usWHt4PBjOMrv8Dy/H2fCHx8C386ke4IMCRucvkULD6Izsdeco1Ov+HIm9uJC9QHty5moz25D8AAWBnNAaJAcT8KZQIFLLkmLzJloFGdby/V3Nk90Jo7yk+wNW3vVbemxZHYm3m9eFzvxCblc/B3qzJ0J7WbyGfX55O1MVNyT3U2iSdtD5y35OC8nzEdPcV5OSzipKF0n2kRJmIUzoSd0SjF77QpnMo9M9dtKi3jrrBk6k92JRTxxSTgTjr3uAq+CU+TNpnBcL7R6fYF/Z8Lgl/NibuXi05nQneq2ts1eYSjdycWVqyUF0ZmoLVoXlTNhe5p0zKEeCsPd+7HOhP4euswfdt7OhOO2puZSeZizM1GsSXQ/nKg9yjYjiM4kfn85P/WzciZL69m9zDAHhAbJ8SScCRS45JK0kM6EtY3mQbOOuE/RJP5KW6c/paxXyyNac1F0KNf8qkGnerucSD5TY01itzA/zoR1rtADgsVOe5V4CPCbsseZTHfvzrNNenaKvYZKUZvAid3k1eW+nAkjP0m+y3uO8/LB19Gjv5NXzhWr7bvEcy5+jyegSWa+xevgxKsvbjVnolY6nciEM5l39IpNjzOhgNXTOL6tXG1norfmar7ArfUSciYKM1RawRObnZUo2ti4tdfVkjMh2xyffZUPpyUcK5JuolRi5UBzsWErsOomREW/KemGyisMTU66oA92a4+DmTgTe43cNpXWyHtlEKO1Rd5rGY3PrFo8zsTXqH73dl7WO8bQPb+dN2/ju0xugT/sfDkT4hZ/b+XbmeiPD8HjnAndRYuLT8qeZI53PH4TdlSe5K/GzM5kt3an9eFMltKze9lhDggNkuNJOBMocMklaUGdCbv75N5+wPq3tTez21z+ntzdh2smJ0eLD6uPk4GW8vJbg5MTttIicXvyOBOtB/yQ3ANeu2km5LI3SZIzMfeAV2f3ehgsWvj7ew6FZYP6M2NyqD9rv1cP+MGBruTE3MR8dhA8j7rmC+zoefeAL65rH52coPwsHB9oaR/oHx3olY/zssHn0WMj07Z41X4IZ1Ks9oCfHOq9XXOBPyDpwcn6KI9OtNeV8MhAOBNltCk+Ec5knui3dfZPjvb3NteklPHDLdVo8R7woxN0prx7wCssZFFPRP1S6AFfyz63MDrY2bQ7v4WnCGcSn1k/qGfbrQfonsoiZ31aYm47nzfPxsple5PaPZpdzo3enfcWF6M27esFnbfq2/pFiEx3fl6bIfeAl6NPreuItzPRemCLHvDT7Ibmuwf8JOtUnaj1WvQEu1lJnkv46fIYZ6LfvbUe8KOTk0PWVK0HvHbPuVbCH3ZezqS9id/ha/OPUXlgfsPUA15+fAge60yU7vgEq9XGWvxqD9kg9IDXeuorBmcyNVp98qS48M094BWPbwELjTkgNEiOJ+FMoMAll6QFdiYAAAAAAGDxYw4IDZLjSTgTKHDJJQnOBAAAAAAAGDAHhAbJ8SScCRS45JIEZwIAAAAAAAyYA0KD5HgSzgQKXHJJgjMBAAAAAAAGzAGhQXI8CWcCBS65JMGZAAAAAAAAA+aA0CA5nlzMzqToF0cumBKhRSS5JMGZAAAAAAAAA+aA0CA5nlxEziTxlxbL+znmdIM2Wf5oToSeiuSSBGcCAAAAAAAMmANCg+R4cuk5EwucyaKRXJLgTAAAAAAAgAFzQGiQHE8uZmeSE5XBWnNZQn9W1VVbe71wy5Hipu5ai2VTLY12N5mXAC2w5JIEZwIAAAAAAAyYA0KD5HhyaTiTJikb6kwWj+SSBGcCAAAAAAAMmANCg+R4cgk4k28+j7L8KGrTvgyeDmeyeCSXJDgTAAAAAABgwBwQGiTHk0vAmWgaqrWEbmqGM1lMkksSnAkAAAAAADBgDggNkuPJpeNMmCf5hfp3i3le6KlILklwJgAAAAAAwIA5IDRIjicXmTPR+WNJs3Amv1j3HEv60U+K+1m2ooxNNPZc7H7zEqAFllyS4EwAAAAAAIABc0BokBxPLiJnAi05ySVpJs4EgiAIgiAIgmTJ8SScCRS45JIEZwJBEARBEATNVnI8CWcCBS65JMGZQBAEQRAEQbOVHE/CmUCBSy5JM3EmxjIBAAAAAACWNeaA0CA5noQzgQKXXJLgTAAAAAAAgAFzQGiQHE/CmUCBSy5JcCYAAAAAAMCAOSA0SI4n4UygwCWXJDgTAAAAAABgwBwQGiTHk3AmUOCSSxKcCQAAAAAAMGAOCA2S40k4EyhwySUJzgQAAAAAABgwB4QGyfEknAkUuOSSBGcCAAAAAAAMmANCg+R4Es4EClxySYIzAQAAAAAABswBoUFyPLlwzgQsP+SSBGcCAAAAAAAMmANCg+R4Es4EBI5ckuBMAAAAAACAAXNAaJAcT8KZgMCRSxKcCQAAAAAAMGAOCA2S40k4ExA4ckmCMwEAAAAAAAbMAaFBcjwJZwICRy5JcCYAAAAAAMCAOSA0SI4n4UxA4MglCc4EAAAAAAAYMAeEBsnxJJwJCBy5JMGZAAAAAGBeaesevtHWv5xEe2TcyWWHOSA0SI4n4UxA4Mgl6ek7k45si8XC/rfGWCJ3XRo3Tn86XHxW6TKmLQM6DkdXGNOChuWNbGMSmB8qPmaXDAAALAmWaxC/XPdLYA4IDZLjSTgTEDhySVp4Z2LhRGVo47ozUXoqkqy2EWPOaD5MoRgxf1G1N61KybNKyU+esjmpjNtpLS09XxobacluM04MjFk4k47s2H1s7Tujw+Iq5dPyWGbkTDqy4yqNafNBtMUir4hGt59yOlsbsj+Itmwu5ImW6BSeEmax0B4Wxlp2Hi7tsZVmbAlPusoyRIZaKlqdlGIJjfEsS1HCQo1FsefMzjBaysfeyW162SbcHZawaJvd2drSIWeJi7BYXoujzdBWMX6JUvLqWvM+jTKc9GhLeFyliwZ6ziexiyEsPHLjdhrdGmrJPtXQWpe3KzosT1p2T35s9AfZTrst3GIJ/6KBUvJiLHm2ntbKjK0RFpaxNSOumi1wUdDbcr7kPCkkZC0fMGYw0ZK81pASGhJyhua17t32izVsfOxMlSHH4mBN/tD/TO9PapwwTvAmYt0Gaaw7IrFWGl0y2DPXz+osDJ/aFLIq9MyVtsvW+JBXs3hiSEhoyz37ptCQx4WBoatWh7yrrcdhfXPdu1mOey3n920K/azRK5/bEbJ69Y5yr7S2zPWrV4UYNjLkZ3sdty9nvbtudYi60s6stS+GyBnWrAoNXeOVEhAjYdKdqvVUUuxrlBCWd93rluuyV0S+YLGEhkVu3KWltBbt3EhXdlhFj5xRyX5DfWyynNv5ta2OshuFhpPuc173xoXhRlu/MWlZsFz3S2AOCA2S40k4ExA4cklacGfSQffJ8M10b4zUE6TozZun5kxu7VCdybPKt1bjpIWkMi6bB5ojRTyynDuzciba08vdSqG80zDVF4vcmYhRi0WzGWKDOw5Fp7RQLK/H9W6b6jGclreLeELR2xbPEWjLyD4c530YKbwIz44xOpOMNyxxetlu+CK8wtdBpKChSA1C+Cpa06P0MGLEEpsnZXSRmW9Vh+gCyn7H0mO7lJfOcrrGdXfhbvAqJ24tZrElR1pC42ggXFx0dbvY/tIyY/N8bdTTJCRkvTHpMez9sSEutIdsKpDHXWe2zSomXhjIlvxFaj8XDRsnS5AzSb0uxlaKM6Hz5hrThtaErGH/jZ1fm8zKq2LbG39FzyXRuC96U36VcCZkP8SkkFU7xDCx91erC8qzDM5kfcj6rMwdRmeyXjNFbQfX77UxZ7Jjx9rLbjHdFfLuhztWzdWZFL0XKTmTHktYNH85Qte4nM389iEm1BK+JYPljGCXtoCcidPpLD2flxQbGXOYZbW8HBUV6nnCOq2xlojwhbkJyyzXCH657pfAHBAaJMeTcCYgcOSStMDOhAVelu1F48x1NPC7vO5MVO8RrcXiKo9xJi41ncNu39tDPeMuUSejQlNL3/GMqm+IO9hbpchIkehZYZnqRnyq/Wm8WhbORESc7oYMa4OztSJjS3gpa/bmsoRGtTqdPbYi/sZdNh4iJo5hT7XSUmsSzxAeGUmz0BK0hT8opCec024rMryk91gIp+ZMxi+xt/u0tlNJlhgW03fkxkR/kF10/lJeMls4D/RHKuNicjuYBX0trsjW01pXlMcDao7BmTxpmQHj15nEagPCSnVkx+bLIXqH5dNLVOh2XhQJ2XHV2qDljQw6NWaDx8qV7ExaUjLa9LNQGSdW6k1FtBo9MNRVUD6REi079sq4DO3sOGkDfLfmGinyLE2CfBd3Jlv1AIVS1PKjbJdWt0iQnUnjZ6EfHm9pq9obyoJOe9arIQU2e9uVM19TmOoa3hYS4nA4hj2XpitkjVcY2pi87oyDQcPrV4Wct9mrMnesW8Xfu1ftOJi1I/MMr5wJCQltczjstgLxkn6eSGqcIEOSZpscmXrEzYmfmpOI19M2eapNdGdyvzL1nW1kWo43j7HE3VqxfnvdhgE+5K7dZO3W53r6eJzJlc+/vtJGZzPkD2qFWGdW6POh7KTs2xQa4jvE54VB9jZ0guxSBgm7x5lIhKz6kP0lYnTX2unlTFqS17bRk6j8sc6E8r+Z76C/WZ0O2nJe3BzW6BYqQo/Z7Jnibq1wGu9UHLrA2T00N8YSqr9N0OhQbzKXxGVL17L81oruQmKYPx9p8RV1u7S3GooSaYnNq1ug10MyyzWCX677JTAHhAbJ8SScCQgcuSQtsDOJ1CMhshPhCeod9QnOxAvvcJBVv3SwN8HkNLZmVGpzajk7jF6CBY4sElWdiWp4nPmxFsNTYcxm9CSkuzNqyxR8WDjLiIw1x+gVtNnMh+jv8GiY/J4vZ3Ip+pDnmFIGvfqDP+GUOOl1Go9fNdTzQoRF7+QJ8jOPhlUTqPlGDh3eyFBL5Kd8E1rJcpTajWfB4EyeuMyAMTsTjRdixDZxZ9J6Pi4qlLXm0hipiIvQRunRTi6ObFskf8vobkiK0JyGd1FkyM6k4YtwZmD0s8DKdnhURmWr06632uJ4HQ3mUuTNFt6STVMjFY7LXhFGl8/GnXlXtXPJi0nMF1oNjzcjloi4Cn33wljOqKTr2jFgGzaTmq4FRDgTe/Z6HlYS21gI2LL3xZDznZ4S5SMudNnXrg5Z82p8wW3mPqSItmrdQd12u6vUF/DSK/aqD7PuaYOmepgg8z/TmRvhw9ycUIp3Fg8R6/Yo7jsRW3lIzZ3JWMTv8rrUq/749g1TLM/2I6xkjL2aevSjMlbX0GXdXuN5tf/0MdeZhISoBpJH/Cq+8oSEPL+en+yqd0OEG6F5ffgPhtmZDFe9G1plbv4lOxN343peMB7jTNpKPtSsLHMmyo5VIdFWts1rQ6KZuTWXwNnj05mE8zoTV09Dtee9zkhradxrloZx7a2HxtUk+aHp5UzU2lfmTOhvuNoMbLx0e7HL+HpoQViuEfxy3S+BOSA0SI4n4UxA4MglaYGdCYVFajMS1nZFi4Of4EyinSpFatWHGve5dm32xJmUvWgL8ybE9sPM6myN0CZlq3FbT2W2J7/HmairVkN/4z26wuBMXvWevIBUxqVcdzpb86IO6A8ntzM2Wqvtoc2Wo1VeweLDmXg/hKQMmjPxHEp1qVLWbNYxw1khWjSZA2Wv/OzhRydiK2+bRCS9wcLgjFNyjYlxe564zIAxOxN1d5yl1qSwjVorKW2nQ8OiP/MYjZQYC6+9UViz750sQ1h4z/UUKrfCbzzRmYRbonno4HEmuuNKetmzy8p4kadaxllIG7zdYhEpsdLBoYVLVwZb4C718PJR2q8Gtf2GuUeQ7UCMqAqzpcfEJpfupBlDI3nMp1oms+99mghnQvGoDEsaqKKBvcfVO4hPZ0K4XTt+tjokJFSR412v1+Q8hK1an6mFu5TNuKJ5g9eTPG7UAHMmivKqVm3CnUn9lkKtPqTt8LZ6Rflo3Ya3Tw8p7to/VU9FfFxGFqXkY+ZYFg+eszDQsu7Ha9RjrDkTcVLMzsThcJy3fh7y/IcKr9bQ08kwCJfijdGZNCaTs/XUv3mQ1tv4WSirMFF8ORPOqjXrP9FqeMiZXP5kTciLe9lUVgMzb85kpCLc0GPN8PZBVKcrxjsqdyaukZ6Gw1u11lyqM4lWrY6reDtrqgBnEjyW1H65hidnHc6ZA0KD5HhyETmT4rTc5P3HbFKKNSk3Pq1GSgCLC7kkLagzqdulxYI6LDx6kjPhw6I1F4v/+Osfvc6E47zKliNu53RfVhfL8vD83nUmj3cm13/l5Uwu7PeevIDoj5+4cPVAiRdphD2PNrsnN8ZPncl2Hra6Kwx1JnoGH3UmXuhPLxET58V4Bcrm+g12eEeKthsWSN7mnVLPqPdD8YnLDBizMxGjWr0H32BvMmIsraZqHkVtE+gUTkbHEDt4nIle2SVwndku6qMqPtDOpopTmBnKU+hUCjd77I3cAMzLhaqj9LchIVytdvRg8HWth2IypP0RJpO1A1TXsqjrTJhh8GqdpTFwnjeq8RMX8kjXf52JcCYUlabf1QbnG97JhA+n2Sb9dzXhzkSZqI94p3hAGWPOxF7wUcnQwICmKbWGJOL1tKaU3wywBl2/UW4f/eU69qZ88cDPQuNna0LWxPOUmTgTTtZ69RRfjSdXoNKyxtCj3YOXM2k7uD79tq8rWfFar8ePqsjb4GnNxVGdCa+4Gy7ZpnY4mR9n4mq1xOifh/HBCHuVIN9FK+PyJK+WrfYzcTpHxM5zZ0K3F3pAxFqiWBKcSfBYKvvVdLEy/ThT3aBxkn/MAaFBcjy5uJxJSumt+KNNesLE7oJb3JmMdl7NzyyMT8hNyVendtekJBQ2njlJKTk1XcELeMHskEvSQjqTXewjQdqnRRQ1ztt+htUsW2bjTNh7aw02oL5l96CGtgIWx4uRmI1RM3Im5aohqTmolHJz8pL35AVE6mfCe3psVz8VVZq+NVzvwmgJZZ1GPB+PUjuNUJ4Ga1xUuBZ/x4Ra8qptpadYAGp2JsqDUkvkVpu9teF8aXTCJW0imy71M4lIYm/a3B2Uk63tfIbWJ+RwTPRneZdsPUWHdyqeQJ81H1KUS6zLppNtidrtREf/5Jcq2xOXGTD0vBcrcnrVmeyyhG3leQxBeXaMJaNYbBtzU63sw1yX8j6Ljjkgv3vx1JlQaRQfB5DrTASiUoj2a2t6RWtdntZjtTqOfyIsSXybi9tOtcEY/zYX/z4YhwILvf1GRzTrNGuJ1FtzRW3eRQe6ta4o4/eR24udrB+thX1bTF2j1+7QBcM/NcZ6GalLY/1MJOO6GJD7mbTsW7fuk6/ttqoPN26jQDD+1R1tDsdl64frs1ksVrAppOC2w94rslft2Pf1+ZLzn8eE8joTpenz9cmX7Q4HszGhrI8KzSv6mXicCf+oV1WL/fblvVt9vWUPKqL7u/8KE0U4E0Wp2f2biJcStNZc0XtqRqVM7trPX9qwad1HiupSUj/esNg6ynPX4SrZRqE/nb69rFOJP2dS9cnaNz/KYif61N6Q0G08UXybizf/etOHJfA4k7bM9W/uYz2IxEfemO14TD8TDXOdiW9noii9X4eErFWHgu9MMmIsokaX4d2aS0V1JnTvikppVV9LpURpdxiO3JqLw50JG4iKibWqdys4k+CxVPbrdvW33JnYZvnDDOaA0CA5nlxszqQ7PvGcNu68XNSucGfiqDyXll8zONCbnJjLJjFnYk3Ovzz4oJ3ZlbJF1EtvRSGXpIV0JswrSN8OYu2IKOCepTOhWDYs1BIWEbPrYk+U6kx2btQaOG1PZ4F1zMvhamP6sIxa9m2iog+ieX6lNWNGzoTcSEUCG3jYozRsZqNPC6nKno7czosjI9fZsYp6O7vB2cE3u+e8Wg0V6vl25Hb20UlL+MZdhZu1R5TLXkpHwPICe1vmw5koSt4HMXwhGZVSL3Dp6RWlx6+ln6k5X4jq0epqXOo3Li1hr7G3+yLQ3xluGVE62GcuaVKkp18HQ+++osLOgv9lBozcSq3Cq59JZIO+lwZn4t2wjR09MnXq9zd3ytkYmjPpyYvxfLPLvzMhYiLCaGna2jvyIpPVa2HElv02HWCt8SFPYSX2Ne83385CLapQ4XUmnGx++sLCozfzdlkusl5FD9Tt8d6dket5rCR4clK5iuStKxcP3t/mcr35U9b+582PKKy0n3k3mobXPB+tlaje8zQa73HT9rXPs8zrNn7O+5koyvDa1SwoZRZkoHHNqpDVlugdVv7S3cuZDF/9Ws0YEr2VtdWZV2bzbS7NmSijlX96XbMcH0VviHjj05aejuNH1NuU2nwr4ndq2H336Kuvb+C9TRYPuusYbsxk5mRbZuN6v87EcSVrxy/WUs7VlnUtWqd+xVEWz84Ob1jFCskaPbvA40yyvFrnMfOwflVIaIJe2TJHZ6K4eIOu4DsTd4flha3i5YjtgXLpU+3KNb19UGLFt7lCve6TfpxJuMXCv3sBZyJz78LVe8a0WbBo98vItMP2be2hM/XG9CdhDggNkuPJRedM6vNy1ZcZXUX7mQkxtOaylxayhwBzJqpFIZov7E54qp9kXcHIJWkhnQkAy4qrSeFRKcbEeSNK/z2ToMEClKAuEABvzpecD53zp3VNOLad4c4TLBn8RfA9rfvb9eGJjrfr2dfq/mvvjQuP/WrdE3C133whu9kxOGw9cfW/+Augx7NSnEmgmANCg+R4ctE5E8V2oYjKlo38xklFdyYPe23FeaztFsnoTORhsLDIJQnOBIAlQcfhGEtQjVDhZumLZADMA3JFB1jJ+I3gB589rbWgcdVdD9iQaEx379pfp9/Z3HcvNJ7ws+YV5Uymx4ZHZ/0qyhwQGiTHk4vPmZAbSbqQlWi12libDNWZ9McfusxbhTbmm5wJ6kyeHnJJgjMBAAAAwPzhP4L/tV6z8XZyHR9Ynfznb9UBR/X1/TcHHNebX9nL8tDoTTV9176Gt+uYiVmddpOncG4WN6w+JHfOca/+Wq2Ruf7ntw9ffe/b3pFJFqO+t6/u7tiUa8z5X3vrNGcy3f2Ctd011rs68zZPOJJZ99PDzY5Bf80j/e/X4mFl9oBnzqTsUG7y2S6eyOtM4hOsWeXt7c2Xd++xCmeSmF2FfiZPF7kkwZkAAAAAYP7wH8GT37gyTf8Pry7QYkjhTF5P1r4EQnnUlG7NkBR0PbuvmUbfu+718z3fFtSt/sbrqx6rM1Wjcv3P56TaGLEicjLcmdCMPGXXPm2AnAkf8IP//Vo8dNbWcGdymx3nWWAOCA2S48nF6Ewma4tYgy4V7kzq80/uTsyN33Py4Y0S4UzqT7L2Xda6XgS8Twu5JMGZAAAAAGD+eEIEP9i2q8Wt/VURzmR1cp2QmuJWm345yZ/s2tegdLee8K4E8FNnwheo4hTORG/NNUA+RKyIT1pOzkSZHrh5+crhEumDjzPDHBAaJMeTi8iZzAL0LVkcyCUJzgQAAAAA88cTI/jVac27vvY4AeFMRA2G4PXk60cuXHeonVKO6BUdHkz9TM7x1lhezoStjg9Ys7XWXKydmHd9wrJyJoFiDggNkuNJOBMQOHJJgjMBAIAVQukh6ecywNJnvHiLY5a/UPFUeGIEf+7rutWsdZaGcCbkLmIzWD3Gs6nad5+vn25YrTXxGl6dfF3L5c2Rgkaa5ZWjzRfuT2lJ3s7E1dXGqkf2Now0/ln0gLdqc2lVLsvKmYy2nTtdmX5cPgYzwhwQGiTHk0vTmYDFgVySFtiZXC85kXIgJyX92PCMGju6eysLTvDfuJseai5j8564dIdPGu66mpqWk3LwhN49zX3Weoxn4Cn2+nK2roMF+ZV8FuVakbr2tLw+frOa6uUp2UX6p+6netkyRQZFESvV1jJ2h6/0dJPnB968tnP+yabtWah1LV3o7Odm5dG5q74r/y6dcv1kjnzmwNIikNN3v3rpXi/1x/Mq73snjdlOHPQ+CGO2lKPVcoIfzh7MMSYtTVJzFtcPSgbKyO0fre7Sz17Hj1bf1uWV6/GMn9nStyycyRJlqezXiusBD5YccklaUGfSWlbaqbUizTzw5Fd3F47mZFdqUUXmgRzrVRZijl09XT1ARqWv9wH//p07Ja2E/T/dx+dqKznGUyZ1d9F/6UTtEFv72bva2lMPHON/tZRbtGEsA08XGZSuSrHSlAMnaCAl7TTPQCm1+q+AydsZTO7Xpn5T2dfemHJQ3UEdOJOZILzl2UyvUEwPbSfq85dJiLaiCKIzyT5wLPXcLc/4rbLUtLzsSu396bWCHLK1k/pEuuhyzzdea2o8kU1Xn5fXnT/yD+XculpicCap6SWVZQXiIIxdP0spM3cmT4ULOXQwC7x3ZPT6yTzvzR5NSZv9yV3SjF6//cqWu5IzafvR691a94flxlKJ4GfLUtmvFfcb8GDJIZekhXQmvZWeBypFGJqTeByd5RfYr4LbeFRBzzB93nspRZ46XzaJOxOd3vIC7xR3R9mx69OKMlSXe4kvg8zMWfrPmpbDU2iWaxMsA6XIGaQw6F7lUTYp5bheuyI2w3s7g0fzaW1j2OZJAZTHmZQezemdVk4cyDndouRm5qRkMteUn8kiKlFNBC5k+3Amw0N3SrNzhof6h13u/toTKQfy7EP9p7PY8WSnkmxwfuWwo52MaGZ2WXVrV/O5gnwqIhPNpw/mNN/r72iuvT7Hj+4DE2pJdmUfZJWWdt1Ytl0qofKcadV+tVu/JN39V8+SQ2C3lGG1GvNATmmL9nvqZ63HvGpTdWfCrxdB9oGCXLpS2JXPsB7IO32rUTgTugNcG7uVeVGLE+XXAdK9aP6xeTkTstNjXjfS0dTjjWPqJnkyqaYrt6h2+J7tbE5Oc/3Za+291QV5F9RdoYOsqEs4eCjPerGR8pBnkOcNPmNX6WwanEl+OnvTJG82pcgPCBWbdmc7kFN5d3TsbjW/s/HTyucVBSA1i705Woq0Sc7k9to4/kMLBhx/Wn3vnS0j/fcGCt7rOHOlq+DKUPWeu2tXuxRl5OjrbJauI7ScO+/sH++/e0erb7l3+9dx4/2O7sT3ehbB02CpRPCzZbnul8AcEBokx5NwJiBw5JK0kM5kkld3qJw1NEgwUZrFA0oe8U9IlqA/5aRkAqZveb34VJcsp9yqPJ2q1c+46cHW5xpqqzx9Wn3rSU81npKapmWglOwSm55Bfq3eX2tVnUl6mZYwUMc3w3s7g8f96mw1hmBQdCI9r7QgafpeyiFmwFgYXVbJgo/jefUt5RRGDw91pYh5Vzz62dfQQ1vNahL5aTnZ5fzrLLVqnMqcSYcawp5Oz9EdSB8rgeykzHMYt4Khw556KI8KcEd9Sap2jU+kpB0j03g2J6+S+X/t9I3ZSlKlCLvD0e+JsNWaRrocmivPagvhzkS/XgR0KumiTinQbiwpWZV2xaY7ky5Kn6Q7RqbmiCRn0pdirVu4XyD3diYp6eyNiYjgx66evq7G6SZnwgwMY6BWmzR9K1Mt5MKZ5F7SXg2d0N+AzCvezsRsqFiK2ZnwO5t4R8DvbNxMCmfCC8CFb0zN3pYI3s7k2TvrWFMu+0XR94HBnIn+TLu99gU+MFbw6z63lzPhJ50yq/2/vxWLXQws1wh+ue6XwBwQGiTHk3AmIHDkkrSQzoQoVbuCpGadpqBftJSgpy/r/nFAihtay9SKCDbNrzMZTUnzihTbygp4BKPiHh7qr68syUzj70opc96t5uoTR/Osl9j7w7aLJ3gK/VXnGaWU3JJGPYMPZ+K+V8e2P6fsuvPOwbJ203YGD3ZM9F3zbo7CgqTr91LStHeELJ7TnNg9cZQCafSyHDG8Jld8ORO17OliRYs5Ez5J5GHZ1EjIfa+WvcFtxtENPlJJZoGsosadrLZTSzldP8FOX5ut5GCRjQdhlIE11FThJ0ucOzbMY266fKTrRcBM5rRNy9NVqb400ZzJrbN5fL1n07XbVLYoIdle9mbekZwJ3YLEXqvlry9Vv97NzkQfFF7rHr9tCmciOg7LhXz+kJ1JrvYmSN/sgTqeYnYmojyIjaQCwOcSzkQvANoOLjlkZyIYyPhprxTx6maDcftH72lD1e91d3k5E56spSiKfeOztze+Pe71ax9PjeUawS/X/RKYA0KD7t3r5cEkDcCZgMB5is5EUCq3/h9ov9bUeK1J/zUcRTnt6abprzWXvbzgwj3e24TjMhgVjZ7q3Nr+saunddPi5i9cKTNPGb5ekn9tgnUm0WbXMphbc3mYuGq9OmHezqDRWX5QOJPWMvl1IIUdqQfzDpZoNfQUahiCDwXOhDPVZYjYFN/O5Gz9UD9r2UUac/l3JkR/+1WKUG9pL6VB0JBKsuZM5GLMQ1tKSU3LqdcPvjnCloJy/fTdr5avF4Fa/eUmE2JXrYhaDaLF8fl6NUJH2bF6tdKMFptfTyXElpLPPwq0UEjORPQ34xF877cFvMKETVpKzsRoqMhx8RSzMxHlwY8z0XdkWTkT5dZ+u3gXF6gzIbo/ef32z7f0eh6tT43lGsEv1/0SmANCs66r0ACcCQicp+9Mpu+lHPX3ZRXVqHCV555v7BhQcg094BUX2RKpeoSlmF+LanSWkzNpLsoRtxDeKzrl61otZfpO6rlblIFS5AzKQK2hB7yG+nmcSV/bGTxunU33hEfmfias84wal8CZ+OTC0ZwUX1/vMTsTCkP1tkOcJzgTFWNnJzB3zM6k71sfdSa9ag8xntMcYYveWYpcZyJdLwK9YV5X6tlbeitNHgr3pWSV6Nd1bUpWpZpZa81Fa1nQK8vjTCbE3ab65LHqpsbOFnHzaUzJPHutxdP+ZzE7E1qdVy3l0fNeowfkw7tynUnfJ886pYdbwM5EUee9HXtESng6LNcIfrnul8AcEPoRnAkInKfoTNiz52BBbon0OugJiLqI0bZKsgda327D440Hmt4pE7nZ7KOxqYdOnKjUFnEih6WkpOVdU7/rNXa3lqeI/rWUwr8azDMQYqX8M8fV7CMz7CPCpq8eB7vORGGNHLRvc3k7LhEk8fgDzsQH91lnWSH51HiOzNgdmpRb28ta/d1hbbRS0vOuq016HutMJm5dsLK+SanZj/HAYA6YnYn6LQr2cQLWi0DqZ8K+anQ8j5yGjwh7zJaSXVbf3nvrkt5ZRW8MKVenqKNanWTugRzeO5yHwuxFgHR1n1ZfEHj1MzlYJmeYX7z7mXBMdQtLq85ESvTebNN+rTRn4rr7+rPsk8E/ebbPqy1AYM7kHu+y0nlG/yTlU2W5RvDLdb8E5oDQj+BMQOA8RWcCZsVp1TgJm8QRQVJvecGFHjecCVge+HImSl9TmfzuQDKWjbzPtDnCrizw/W0ufr3o2T3OpD4/x66lsVCYWxGB/eKxaxOyM2FfMNc+mQBmDJzJCqete+E+G7GQLNf9EpgDQj+CMwGBA2cCAAAAgAWDgvgbbf3LScvelihwJmDBgDMBAAAAAAB+MAeEfgRnAgIHzgQAAAAAAPjBHBD6EZwJCBw4EwAAAAAA4AdzQOhHcCYgcOBMAAAAAACAH8wBoR/BmYDAgTMBAAAAAAB+MAeEfgRnAgIHzgQAAAAAAPjBHBD6EZwJCBw4EwAAAAAA4AdzQOhHcCYgcOBMAAAAAACAH8wBoR/BmYDAgTMBAAAAAAB+MAeEfgRnAgIHzgQAAAAAAPjBHBD6EZwJCBw4EwAAAAAA4AdzQOhHcCYgcOBMAAAAAACAH8wBoR/BmYDAgTMBAAAAAAB+MAeEfgRnAgJnts5kHAAAAAAArCjMAeHjBWcCAme2zsQ4PwAAAAAAWNaYA0I/gjMBgQNnAgAAAAAA/GAOCP0IzgQEDpwJAAAAAADwgzkg9CM4ExA4cCYAAAAAAMAP5oDQj+BMQODAmQAAAAAAAD+YA0I/CoIzaWxqH5w2JoKVAJwJAAAAAADwgzkg9KO5OpPBhpL4hNz4/ReME8AKAM4EAAAAAAD4wRwQ+tGcnInt+DFmS7gST9pLC2kgpbTbmA8sU+BMAAAAAACAH8wBoR8F6kxG7xRl6J7EWwE6k+4amjet3CGnJSfk5lyTE2ZKfEKhMQnMA3AmAAAAAADAD+aA0I8CdCbWL42GZO7OZHdSbvyhy3JafCKcyaIGzgQAAAAAAPjBHBD6USDOJDnR40OSj7ewpKEmjzlJK785apzlyXTX5NQ2ZSXmioTJK+fKbDUL7EzKMz0bAJ7I03UmsRZGVHqrccIMoBmzO4yJgo7D0RZLNB+u+DjcYglXKuNolujDj58HLFOoKMRVeo1ywl+O6XFriVpKdOwuawMbdztjXwuzWMLCN+7kGVpPJalZwvKuj/CUket5lCN84y5tERouffEWy8cVWhotLZoKoaVHHXO2FIWFWsIiYrQFCZyXMjZHUTaxCkphOd/YKedSWPGOsUQk8eGKjy2eCa6emIgwS2hY1GZtqphg3qoG664wNYG2Ki/GYtyYRU/VuyF2Y9qT6MzaUW5MI0JC1ntGrsRvK3FJk0LOj3kmKo4CSvG5EPBE7Jnrq4xpT8DVWbVmdUjImnUO/VJtzNxGp2Dd1iyvfAKXneVfvSb6k/Ne6WNnQnT46WNL0ZEzUrlSWf2htXFYXen6kJC9apSk02iYBYCVgDkg9KNZOxNDDYlIz/JOrx+X5pkJ3aoJab5gtalXs/NyGi38Wgl3JrwHS23zLWtqbrFdzXCtpKi00Fp6tb6djeXsyc0pvVpbXnVTXVh8gjUxu+r2nZbdtDFHm9S0rrSTl2ubu6pPnuS1OsVpufFfWtlcdZfjE46xLFOjtBeDA/2Dk7QKR/yeosbmW8X5J9XZgQ+eqjPpoKgofDPZk0jjlDnjcSZXWUDZQcVBdSbbz3hiDrBCMDsTMWqxxGgDb2TzgY5D0SkUhfToDtZt46F8j15wkl5mTqBws8XydpGaMGLZLL9G6TC434Yvwi0RcZ5xd0+HXVuWJVRKZ6Pbi1R/UPS2xUleKD2KUtQpI5bYPCmjyxKVwd08XUDZ71h6bJfy0lnOEbu+6pEi783wsVUVTjnBRavwSlj0zJMz2bYqZE1I9Ne9+qRV20J+9bVoo7z3xZD1QXUmpzrezmqNutF/wjjBm4h1G5h+/tuKninjtCfx+boNxqSnxOydybD97jAf0s6Ro2DTcTWl9+ttvm7ma0LWakNX4vfapAl307M6pVFFWSfbUQlRrtoO0qlmS1tP53xNvMhw/g8hO1YF35ns3BiuvgoxvOlgFL0XKV7DuewVkS9YLKFhkcac7HlKRG7cnnFefQdCjzztBqLBXwXKKQDMHHNA6EezdiYpibnxUp3JTf17wcwDcKlTvfqLzATuTJSu+Dx2P3CUn4xPuiCcSVpibkqx2khs+pbmNK6VxO8p0Wd2xyd6VZLQBvBqm5snj8Un8AhA4IhPY23GmDPRq1YO6RYrx+O1bAE2S1tJPE1n0pphYTGiTbtXdmRTyBiTy26p7Pb5hnordlfwqRlvx0RGsDe8u/g9V6oziY0OZxNeiCxq9bz21ZzJSEVchEWLC1VnEnexh3KHRWjxqOJsjXmZvcyO+ayUh540W6FzJOoFtgnbD8tPNrBU8etMtOe0cCZUDmPzvUJ0zySVio8tVO6oMIls4ZZYebq8LmJ7qCXW6jvmF9V6Kj2eOpaLOwudrB5DpFjkVYyX6gvssHxQ4VVn4qHDszSGj63yGmer0O3OImBHSMiHVa5oy+qQ1Wva9Piz0UrJIes2fs5HRQTpOLNtR/kwRb32gcY1q9jr7r1VWjj7+cZ1lLLaEq2N685k76shbfo7eMXbmZAViafwdp/2kpxsCI2JV+ZrQ6KD6EzIlmTeeomLho2TJSLWbauorKw4mRnx0ntWL4/5ZBajM+m9HLomJGTVmkZ+YjqzsjqH161hdSNv7vNtXtbzagqPt6xan+3DmXpOZWfWh1Xsb2hCIxst32FYLp1G7wQNj+PtzOIrJWcSLVWSbAtZsyPodSZXkyJ/n9FjK834fWR2m/ekEZslLEw4k62hluxTDa11ebuiw/K8SkKH5Z2iHtulpNhI7bZWGRflfZlbIsLD4UxAoJgDQj+atTNRtJj+sQowoNecicKqSljf92NF7cx+8ETvVaiG5FoJtyqMgXrDSj2tucjAaMNTOZmFiXvUJaTVKHwvVBfEh/mA5EyU4mxrfFKhndWfAN88RWeSEWWxbKYAjEWHu+pYCnu7zN4it1osW1XTwg0Ge+tTeLjURtbByYyK2tpGcyYUllGGUpfi6rHxujoOdybMXogbsepMLJZwp9PJ/v+Ax20uWq7iVlMs4YrW1Ce8x+nsqVMrW8QSwZLlcc5kpLUo8rNLPFHYj5Ez270C9KtJSVelUeZDWDlJedkSnsBLosfeMDqyw1QLbXkhintdS3hSQ0+F2u5rpycb4W4I/0JbAmO8aOdFfdhZSFu43WIRKbHSKloPRGobrSiRoZaYKB+hhjM/tvCBNK5vVWyy5sBpq3Zp72h38izZb4iL4unDLIj+llqLIFv2bjujhrHutpA/nHfpEWQohaKZLJSjqDfaqr1P46+0z/8hpEW/J2iv0tW4NuvVEN25aHjCWVpLiUu5St5kjT5pR8u+tdrGjJ2nqcFyJjf6T5AhaRk8NzU9wc2Jn5qTiHXay2/r7zZEJNbSQG91JqtFeek3Leo7vNG7Za++wupVtnyplfW9f/jtS+s2vPqHlEMxGxR3097XhT+5E/Fp5axrXoKBuc5EO7mdWSG/+pqnPKYqzBESU8CH6Iy3DLjWrVrtnUGjjYrBF1WNmZtCV4WqCa6WAfYfrXrNGuZaPy/RqizJF7FS9tM3KcUzv7QBw2e2iToTV8k2vRqthVxr0J1JnHSB8zcdltBIfufZuTmbHl6+mi4b3j5Io5VxbN7KuIq6XZ67WUtKXh17/aePAzA7zAGhH83VmRTXNNXWMaXpfeLn6EzKDuU6FHf8/irWSsvjTM5VD/SzdlZM6q10ls6k9qj10Nmrtk6afWiGzoSoLS2JT7TKKUDmKTqTSL3Xx/ZQPchj5iFSsedRmEhRVOSBVtZmxqupDIsC+d3XojoTZmYo5+8z5DyK5kw0tJoU7kzUe3dcKKuTkfPznAp3JtokZlcWS6QG5oDZmWi8ECOag/CT3nqevWX0VL2pdW5eHTBGKsLVItSRG0Neo9XpLE3f6v0a0lVabXO2NhQd3mmJYcu0hEdFRW8lP5y9JVx+x1nxcXiFvOiObGkjK+jSkDdbDlx4pQ3HZa8IC2WeJ++qVC3Tlh1jrBLRtiqa7Im+VRmVrU57g9gqZvK9L4qnCEV+az5TX3XrtoEiy/O6zQgJ2XZmjEWQjeUfhn6kuQzKUKBX9GetZ4GjHD5qzW/ImZS1hayWq6oYwplc/mRNFVtLI1kTLX6l0Jm9O19DwxSeXnazl/dBcSa8woQPkz/xX20inAkZjFdTm9SU37YNDPXeLIvYykL2gdN7Km52Dwx0v/WS6kBGayP+v5SSm91NJ1NeVT1J25FtTfwA3j26V30oLzx+nMmb+drJM+dRVL+RdVcbHr70ITmKTccf26pjNTMg6z5vEhe3isteZbO3XTmzWreyl0vOOxyOrHfXrTb1M2HOZGx43aqQ0HfZtpAzUdxVmu9t2UsWZV6dCTcPFqlW1rczMbXY9OFMlAbRjbMhIdylNkwQMwAwK8wBoR/NyZkY0k/sD4IzUcabklOPlfFrSmrNtVt3ERqyM1Em4hO9eoOYnYlna531fpzJiX3GnVIazkkrAl48PWfSIOJDjprIzACZje1nXMw8WHaSe0lpUVzVqqkIC9/12S6LtzMhKtK3R6kvqeOqPY8ivTVXEdkeuTUXv5Wz18MUhI1fYm29LGF8sXwbWNjqaUIDZ7IcMDsTMSrqIizRKWQe/n/23u2pjTNd+P0T1s13vS/35b5Qlau4WUNV11DFmozJZsxkxmwnS99kTLanSOZbsdeUcSrxFydMWLEdh3iwwnlhFAtLA9gQDjYHG+TIyOZMNBBkMBhhcCyBkcFYHrF7P++hX/UB2iADAvz86i27++2DWnSr+/m9p46oq1cjfimr1K8Kb0pBRrL0DiyT64RHjTpstEcKb5dIEZrtL9fumkBshE+CpXhIsCJy1PEEXL3qeIS25nraeJzXJcoh4k6hNeuJ/eKoRBY7KmImabp+8wnjBAkfeUk20wZ1UTrkVD4gOceaRiyHKlm7LHVEy8yEt/9R5ZCy+UMF+y2sND2GMBPW95nBIlEWOkeaiAtZeQn65phJpT9TmAmrNoEc7SoxeD+TA4dvP6Lzd21XebNWmVSJqJhy5UzJ8ncfxDI/4625ltI/b4f/imKVJ9sNP0f3Kw/us7T5SN2FMBPxJzWaSbj9xIl2pZLLV3Cig0xH7pWIFndqLPv4qYSt1CMZxPDBBZCsy8lT1YsS4wVlCcaq1YiZkIZ8+wt8MiirrJXeTWGyKutoSWco4DOUdFC0ZkIfVhlZX+tauXMz6b2o7IGYCdw60liTBPifNZnWbIS8pkTCzzcczhkDQpP0Kmaiu7LlwPVXeNOiMBPaZYVPKWYiy9EnP905Q7q4uK775tgijTAsjLGlPtrz3mgm/3zQwyt5fjKrM5EXx2CdM/Vwz5o7T5t+2Wq0rTEQFYkyk96zZLysEIdYSis976AiGb8jMdZkOS/allnMJGU7Z+TICOmaojYTnyv/KX365KaphkISZgJESb9A0qfZaCY0J7tqRn7mF5+FZrL3WJeZ6KoLIv7UI+pO50RLyDgKBp66c9VKrIa1+wI3zmmilSO8jDMCWuLUNCWP+Gk5jq4HfMiVvWoPeFB3pTVXV6mrtfEjyXk+i8cioc6MLzTXbFe36LpPeHrzpDgqJYuXvJIfBe/Tn3iMZgLBq9Kaa0TdmgsC0GRqGkYzufVxsmjNxZrl8Ag4Oi6aBilL6UeMFIj2YDSTbCJ6I1je5K3FNstM4mjNNX7xWCM9QNCPlvmFeSVBzqEDhwfvL8yHXzAzUfctEdOsQVd6ToNYtM2wc0QGv/p1Ac0IvtRM4PyeoirCl9oP3uHnNAwn0VhvIlqFydEBWu3GW3MJ2uB6UXVnh/1AjrJPgrE5GTOToMsK2pP8V9LHddPNRM0qJR2r1pnAbUFTlED6mZDiFZFBzSTSlEN2+LOTNOtCM0FkefCmu+QqSd1P9IvMMQaEJulVzGT1FKeZILuQRJnJaSImsaFFJGXUrHzSOIveOlk9CZ0O1bAxRThqM6HSwlmlzoRCxmF9t3QVM/n5SjapmSFk0QkZzWQvAuc0+0JraxtJITqb8z0R4lbXaSn1KFtHZyb2LKn0Ot8EEvHbN46KWd/PcJOe9PtDM76uVKW5IAjDlZA8WZXtbOslrblKjvJ2Xxd5u6/ct6WuZ2w2NbZnmV7qtNYiP12S3s6FbVmXJznaCznObr/zi0x1XxcINUq52ExaM0h1YYbSmis3Xbqi7Lm1rYv0qofgpS92VBkpkjiqoyWd/m4nOyoA4hdr+SrhT0JYxUxIcXjKeDBY8H5K5X0yq0SQJLK8FV7FTOTwraTf5tX6Andcp1izHBEBq6tTZOUjRs7vV0eorHRcmEmyMnzwZpkJILq/s6RfrIK35lr2HjrnJV1Eur75TnOuFoRv9HxzWFdn8l+KmYx/d2w86j1e/1gs2mbYOYq0kAF72ak0N5NwxwlYo62ljSVyf5+thXMaDAYvf3aAVZ68pz2VsP6te8GAr41fJ7dOUQsNVGYdbLs7Pn63yWJJoRsGjl24DPsp+F+whaYObS0zkWcvW5Xhg7fSTCK6BsyE1c0EnlC0OQBH1+2Em4n8rDUnRfKXZJIbBJoJAg+cZm4mHlYBu26MAaFJisdM/vmgx1XTslYKKqN1IXueRJkJsiFAtDbqSOqGy8iW86wxZ/v+4LFRg2Xd+0ziR7PP1w2L5T191nax7lGDeTl6kfVw+kfXZVpJ0nJ3ePb+4Heff0JX+PPs/MJ4f8Mh65/ATOTg9bc+0PQzoSylv3U4IX3fGXf+msw7D20eljdZ9csu59lkKBRyfkk6grGSDmmNfiaZH5zu9Yf83Y2l/5mRc13Vu2wtMwG6T/PaVzST3ctM+F+K5v6P75c2WM+xGitB3w/e8qYeff7LMAaEJikeM0EQBprJrgDNBFFDKl4ybfrcV+DKB7vvTYubQ1debOza14D0d4r1WdsF6bqje/shgiDrgWjJ/PJM+Ld9iYzBjAGhSUIzQeIHzWRXIMzE/mkWaXaWkuqjgaRVynIGZOsbUuq7pGmclb6G5fRN0jcWzMT//UnyRvDUNNHX2uc6CSuIF4THRnlSytJgq6dD9pzMVDGiC4Ige4Rl7//73Zg+E0GQnc2/lsz98cfIH39YTrm4UBdeGbm30fegG1hZCi/GWr+vE2NAaJLQTJD4QTPZFRjrTFgLY9IrhvVa/tnJRoOVaR8emTpGr9JonjdH9pfyrtjRSemj1sgaZqL0YUAQZM/Q89Vbh9/6j82sZ0MQZMuZCTMt+b9K5v6laO5fby0v02Zd2T/pV1w/O7cHPIIw0Ex2BcJMGs9n0xGSJWEmyjBTsTFn7e9yx2CzMjETMhiA+j0YkMPGDzCaibIKgiAIgmw6t9jA3Js1ksSehTbiEloCyTkX8d6Y/5f/JsPxxc0D721mJvc22KXcGBCaJDQTJH7QTHYF3EzG7WkfloZCZJxkNBMEQRBkFxJkg62NzOoXIGr+tWTut92RJ6MLTEv+pfwJ0ZKiuWt0kMD4WZn/6c7diy0bfp2GMSA0SWgmSPygmewKmJmASCidP0JxmAnoh9Kay89ac3V9Ifloiy9/IRlaWbcVgiAIgiAJ4V9pVcn/2bSU/d+Klvz3wqtqyStgDAhNEpoJEj9oJrsCZiaR6zlZX3fO+FpLP0yLx0xgIiXDHwrB5nbWmaQvP/OLxlDAl/F2ZiaaCYIgCILsEGYWZxeed9x68mRpyTkX2YTakhj/fLbx4cONAaFJQjNB4ieBZrJ0320rdtguedjsUL3Ddrmjf3AA0nPtmqsz47EVOujU8nCjs6FrdLSrxe6ehvm5rrqKek84OFFU6Ci6Ngo5sGb/xGz/zYYiuslkm9PV7oUVSE7jMOS4Lzls5c3hhTlXmYPWME9DjmdiNjDstl3ywkfMjpADo8ntKiE7aS533Biegj2UFdPDWBm1lTewfbLD4MSOM356z6b16vOQdbPyuOeq03gW4JJjrQme9yXsrdhI3IjTtwEeeep8+rxdwbC7BS7gCpfSMP9BB8yy5KavS4tOd7PZoRCtBn0xay8js7FNXs5YRQd5FcpuZ7zNueELY0ewCOeLX5+PyFNDpHVetOG7DUPL+kxk9/NP1pprs7QEe8AjO50EmkmVe4rYiGImYAKagP4lRG2VHXU01nz8Q62tuIXl1uiiTx88zmt1OexBLmArwL88/5GnYUSzoV27T89lh62WvC7M5upW8karvHPwXcRLEZqpulBixxkfM64sKTUt60vSzQSJjxuulqFwVHceZSW0ravgj396+UXnhkjMZ6/30lV8cO6WRt0k/ru/uHTfUwMrl1Rv0gMCeSU20UzshdWsCIMz2l5U7BS3o/5acnmI4hK4kKraSCFFnR1CxkUle2sJs76qS338qIaahzTLl+E+w6ZaK8l1vvSzci8Vm+wAGsodzV2jAb+3odLhnSc5tsI6pcSHlBDJj7z2YlKKdOPvziH4mS32uYod7h6yia1YeyffYyyN2coa7KtJCFx+c/o85PUipWTTtAS45/mBmYlvg4MPGwNCk4RmgsRPAs1EZvUkipncsDvsP6w70njQcWMmyiJ+nd6o15rtiEmLyKEPQEGUrQDPv6ou8umwQv+yLC90u1hNCFmhWb1BUaGz2U9KJW1XxeuMp22Nw3AYYp3YYaiOE0ksa5lJeGGs1e4IL8yFI9E5b52t0BlYmIPIaZbEgsRMXDXucHDCVtxQYW/3+KeGr9XWkEsESTCbaia1tpL2UWWkGqIi9bwCFqgpdtRda/fQSJqurISPKxM2V/f2vqRx2lZPPnvWXav97sPiaOEOpnIsWWzCeeRxB6P2El67MjfUDhMNQ4/pMh/bCdl5eKyo2FFU+ZI3028Uoy/ZCjX3Z/KXZ4q1MlHUTL5HNMJ/aw2x4p69yMoEKz0xXp9V2hsXedAsjZLClGJSROKurbYVOytqyRMQThzx1UceuJ7H3Q2wTlU7f9x56uHO5ihzNLj9eO967VmZ7W6/XdKI74BHdio7x0zCU8P9g6MQAlaVO0hp2dqMXnOyrVjETxpiKY9ebbCyaCtrUe9qqN4JOWyabFUIj94GZWF01kPu3c33xY07WkSK0quVWcqUW0Sl9mLH8PTc5KDbVe4kB/DIW/R3d3hhFnKK6ENUd5xIYlnLTFjLPZZDqs6CbHLCRpr5ETNh82rpFRctskXAn72o3AkeONnTUsR/3csQioE0Njuc7hlSNMBO35KvhTXRhLCsrNw5GZwLT/t4hSf9SfZPzA67m/lOmJmsTNvKNQExRHJeF68LBWyV7oASpsNvHvKfy1FbBa+UUIWPj7fZTMCcWVUDfHcwB3IHc9AvQkpAlJX87epqYbEJ55HHVsPH5IGQl90tIeiv6JhWm0lVF3WVFfFH2GxWBlg5FG0rG0Mdmuuqu5WiIg4rMoCT67nq7BnpgEslvDBlU8qq2PeCkN11c4BdD7qq8p3JKmayPMDPhQJ8u9YH7E1VUfiCLHOuq25oRW0mvJpF+VP49LtFkI1jDAhNEpoJEj87x0xULKsaSsmsrj9Wnb0cKx00rTOJ6Gr/Ax21N6ZXeekpC1hhZRbuhIdawD2W+hqUzYmfiJWrtE9HznKfq09TEOWCTQzHiSSW9ZlJc8/CHKk/gbQUQTNJFMRMlOZVLEIlUZdSp2ErbOhZJqdv3NdS1uhjhQ+wglcZ5Z+dLPXvro79csFMhqZtxfqqADATiML5OlNuWj3Cg/LRZif73OYS3qDLLjoA2DV6s+WE+hRJU7NoK2lf00yMm6hqjdTXNi3ciZmJ0lRMW9+yWcx47MqNdHhwgJTmDHtthSTIViuE+MHSv7ZzVnvzVp3caVF9zX7RMTMp5CdaXXq1kzGaibGmSF36Fqtxoq2U1WbCssWpbL7kLLrUwNsEIkhcGANCk4RmgsTPjjSTOVVDKQOkB0isayCksLdONNkiSkAxeIheVATsCWer6VPakS/DM4wcmFKy2FOjCkm1LbsYz/ubRUjEIE9Ew3Fq1kC2nfWZSW0swiOgmSSGOt7th8DMRBuQkfiV1Rv0MC/RxNP8ZKnPOD99jzxFZc6yljGRzyBmIkdBQgJURWg1CA/Ta5QYerK9uoeWP8Bua3rAXX3iFrE91JU5Vo0syd1G3UoNglRW7xceWGWTHWAmNWUOvS/R2yyYaJnqB1ik1JmEF+ZGB72ifoChMRNtnbnKTFQ15IZP3IEYzUTIlSA+M4HL211faytv8NICOASJA2NAaJLQTJD42TlmUuZqcfcMh4MTFcWsif/LUR5O0dFrfGwuWs4aJa0R2sVQWgOk1rvQIWb7J+bcrtr+4Qn4rOGudlslGXa3qNBRVuOGR+CNv9O2Iv52yBmenns8MSCUZq6rTrQ1B2anptjR2i6xZh7LsDnsEHLGlWiJgXUmO4G1zUQeb3G2+mdnQ8tz/c1w3nuGJ/oHvc0jMppJojCayeMfVqkzmaWNfAzxND9ZDaoazlidiY84hq69KDUTYKqoeZRUQRBYmP7YVtmi3Dq87F4hwkf4FBEjbjXgGNpDVliZtl32spE2WAbrAQ9aImqTNCTaTFaRJUrYS9ojNZeozjs/ERz1+ZVfDzN53t/M+jSqiddMCPSBq2k+hyDrxxgQmiQ0EyR+do6ZNLtqy2i/zLoufYnmWqgeTosVJWTQJPrMI0Xg2sqKaU31Rb1vtq+Dt9Iur3tMR/Veuu+tc5CBZcUgm5BD1il29v/M616ay2Lj8wAeBz9a5UE7y3ZoPH40k52AiZmQgXEKHVVemIuGx7zkIilxDtEmPWgmCcFoJhBvufroQFgrE7TjBz99S0Mgk6Q03WgmQ/XOyZjM0A5jop+Jqr2oHDMT0qqTdbzmYfqUW93Kn+1EhI/PfS38kLaaJZ9KkIZnl+WGirrhCdIIqsHuYM1Qq+iQVrQkhZSygwB4RVkMG/aKkVgzob6kz6TcuES6Row2O3U94AWsUkXwGpjJY8/lVUblistMht09o+GFqQrQ+B+2puMQ8hpgDAhNEpoJEj+JNRMEQRAjq5gJRGqDZCApUXagEsuBoqsDRjMhE7XVpHyhrI7XHihx+WxH7Q1VsxZhJhD+BngeCdN1rfwDN6v7lzXhYwUcJ+k7jqwLTQkR+ZvPVZST8iBbiXM8rJyO0AAp4nHQCpP5UTcdVMpW7OyZ0jSZ3ZNmgiA7GWNAaJLQTJD4QTNBEARBEARBTDAGhCYJzQSJHzQTBEEQBEEQxARjQGiS0EyQ+EEzQRAEQRAEQUwwBoQmCc0EiR80EwRBEARBEMQEY0BoktBMkPhBM0EQBEEQBEFMMAaEJgnNBIkfNBMEQRAEQRDEBGNAaJLQTJD4QTNBEARBEARBTDAGhCYJzQSJHzQTBEEQBEEQxARjQGiS0EyQ+EEzQRAEQRAEQUwwBoQmCc0EiR80EwRBEARBEMQEY0BoktBMkPhBM0EQBEEQBEFMMAaEJgnNBIkfNBMEQRAEQRDEBGNAaJLQTJD4QTNBEARBEARBTDAGhCYJzQSJHzQTBEEQBEEQxARjQGiSNslMHg/mna0i6cIt/SJk74JmgiAIgiAIgphgDAhN0maYyaLP8Q3VkrNVsy/0C5E9DJoJgiAIgiAIYoIxIDRJm2AmjnNcS/QLNsTD27bWh2Iu0Hol7+wV1eJN4eH14qr27kFv950z56p6FvWL4wC+taNfn/n6gGaCIAiCIAiCmGAMCE3SJpiJjbXjOltFA88X589VuX7Ur/NytstMAnx6Iq/4zqxmaTwIM+moeDUx252gmSAIgiAIgiAmGANCk7QJZtL4LTeTvL81uoqq8s5d8z7Tr/Ny1jaTnvp6svNzLq/SVoxIxUrwzLmqM6UdshwN9t6AFWw1g8rW0eJvXer1FdRm8pCbycpCeakLNi9uGnmyQpe8mD2j1ALxiqCVIDsG1UdwuJlM3GErK19BfwB551p+am2EFc582wizlXTp+Uu32dJ2J/+CNXdf3ZW2FTQTBEEQBEEQxARjQGiSXtVMHN9Uld9+OHC1WoTyQRbfb5SHt8UelETMJNhRXzceZat0VFT56M5haXFHkEz5O/KKOu7RTM/FqnvwX6in+ByvvnDlVz1nUxzFTF4slv+tqiOkWdZeXgWuAhPnlGZpz72N138mE3AkjQF6DL4blXeXxSZ0Ea8zcagas6kPIO8SkZk8sXSxD8yNTkV/qq/2PCNffPe2B0MzQRAEQRAEQUwwBoQm6dXMZIENyeUq75hw0JqHmu54S/0f3j7nvOMlnUBIandWMzMBG1FqOWS5v6VmmPwPi5gzyCuD55om2MJ7TdU9svzEXZ93tp7l9DirBtgUh5gJ054zxTc0S+jKecWkEiPWiqy/hTZLm8ur6HnCs3x5NSN8krKqmagPIO9cC1tNWfgwz97Hpoj5PISvMJr3LVlnN7J7zSRVkro2VLPnzpUkyXpxUp+PILuZzs8lfdbrwa2PLbEnyzp5UHmiQ5+HIAiCvBRjQGiSXsFMuJbQQN+pb+a0YdZozVWTr+q/8fB2sXtOJoF+Sw/P8omtYBPI9F0FQbr2ZH6OJW0srG7NxfFecpU398GanipuJrCO58HC85UXld+wKpfRvEtkBZ4WNS3E1jCT2AE8mScd7VV9Zh7mOX18sr+FmAkh2l5ff+5cVY1vM3rlbyOJNROJkVmqX7AOSr88/VSfF2PyohU0hE2TTyj0o5m8tsClkOvWzOZ8Hwr5e+2fWqUP+O9astpYDhgvXFdXsqWTF1tnfK2lH6blk4KIGSnV6guEIEeS0sgGffkZKVKnP1T6nxn28djO4dLL+NTZ2tZKko/W6kYnnUdSYW+hUCgCO6rJlqTUVt9Ma8nRtK971VvmpkvS27lwGFJKFpl/1gU5zm6/84tM7UfAV0jLdcPO5Jm2fPILSk3LOJIDs6czpHxXr7/bmfu2dIUV/XBWOSr2jdhRyf7SXA/5fxexiWZisRwU021/sViONom/heXX+9+rodX7lKDLmmKxrLqT+Ph+8nilP/PHuTr9Ai3pBw6T9P/8uXNmw6NnfnXgsD4rQQQqDm7opQSRu3nw1758d/yO65Qlq5blWZKswWDw1G8st5Z0q5OlbS1tSipJOSsKNoOXsywnKtoCvjaLJSWPFi0e3GcZmQ7euvA+fERsB/S6GggG21qakmDVj8nxHrTsT/5SVUYKR5Ws2eTVsfJnIUe/mN0c3rWTqRGbWM2ueZpNsky4FZS2zZAMeOSlkNuCIHuNnSPIejAGhCYpTjMRwwRD4t0zXpE1zCTorq8ZNrbmWtNMWGuuNQL8VcxE1GbAVsxMAu1XJrR377yzLkf/6rsUZlJ3QdOaS7f2y8yEA99LM7/jSaSZ+EslEjL6+L1y0g5356wqckslt8936V032smWlh7PykiHoFE6ze65dB12X862ppEFb2Q0+mOqws3kaSe5oafnkixqJrk3Z2Dt1HQa+QEhf9bv0iA/68vWGRqMwGZXQk8z3yCHkHNROdHIbsZoJmJWPKf5U18m12F2jaadaGwRpfNzCa47uJjEamlStnq5+rOAnBQp26VteKog5JkyI33eySdvnrwSkp1ZksiR1B/xrFXZ4aT0aecadSaTsb0RVjkqzTz5iMxSvy4vYZywWE7dililJEtS8rhiCQMuyLYcOPIVmxVmEmw6dqIjDFFvYH4geR+sYim4FWbrfHXkAOQkSVY+r5hJwSGL0sSYoDYTy75jecmW/Rd41TpoCMwVKBXt+y3Wg5tnJhWjb6mTfrGK9AM8xPzsrcOHijZWjLgTzWT2DgT3ln3JA+zEPKisfBA+ADnJB95b441qB5k/xNzy1kG7iZkGL//BQi6cB5UqPyHAZWM5WAkT7F/Z4Esx431QyT70oOWgVWUvxyzJJ7Qys6lEpGynLuvpzZP2Qiu/Ed08qf5hqxA/+aedn6Y1PiOPvJMfSapbj9/6RW4WmgkSL8aA0CTFZSaktqS6uOba5tSWMNYwE3nlYd656oGxCV/3HTAEttTMTORooL0+r6jF2z1YY+etqhRWMRNHflXj4NRAx43z37pEnYnOta6XEgHzdA96Wjtc2j4hwky8l6pctycGxkiVjvoAztSQ8NTMTB7eqesYfPJg1Ntx44y2qdjOJ4Fm4i/JhOAfbqAQHfaSKMFv+50kHScDDBAtkLIhOJP7SJGwksNhm0vUTCLXc0R+zvVYoS8zE3sWyadl3txM0tKJhwC8hJjaESeLPA9gs4wMvo6EN/E9gamZ8Ih/bTOZlL7oUs3KpVZyVcDFdPImz7Gqr5NoZ64nNifTjyBX8mpIKdSZOZ2xCr1JO+wkV1XFp/kId24pr0IJSe+Wrm4m0U4m+WLWeFSaeXCVnVSjCJFfyr+lXL47PnL1VDIttyaF5fsOjAeDX/17SuV9Ms8iyHDHiRRLkkzjS9hkZDoYvHeLmwZEpe8XtPkCtypOsMJvHtdGxy3/dop/EkVlJiOWv7Td+Wuy5dcFyqITGlH5S9tmmcmPc3VgIyNPrr1YWWZmYlJzIszE9R+H0895YWLWU0FqUd760wgtRVu8337o96Re5cO/8Yu74C9/fuvA4UN/sZVnHZajgwXvCD8ZS//CveGal80g5gB3v4KTO36rAP6eZBbO1L+lkDNlqMEQKOdoIOWvpDdpuP2E0MVV6MtLsaSQiVuisoVT8luL5TNyFJZ975H56HjJQeowCquaSW1WbB3LmwVbaCY/O9mDTErJ4E8uWT6ZJpEnGr1HwcQav1JVYYQ7l2zrzu3sPh0rbhixObtJ8Z8yjyAbwxgQmqR4zCTWW+OScu3vIc7nu3h3l9u3887p3AbRkEAzyVAioZwUKe0sbdZC5CFDDjjhFgxWkFHov/KBJNrbMCCf3X0laia9XxOLyPhPfXswaiYcXpNCzYTdu3NTlJpxBbamzGrV+aKQpHwWsqsxmgnnjSwRbbCT7m/LzUxRLhiZFD7mpqtmaU4avYQmq8B60/yhEGmUpXnYR1o9vpC/t/HiSSmL7FNKy8y0Hg2FQvYP05yqmKLz87RO9a7BRmIHSSxFfdi5qo9glTaMSKAzFX4+R046+1T2M27P0leJ8KMijdWUoyp1+0OBXnFUsFvdjyKBQOQn2s+wkBSC2jallsNiOda0RFvddJxK+YzXj8AKtUqrK4goZboTPg/T+5QS9/ZxS5K6qoogzASc5Bb5lAGwEXZtgIbQCDUZpiMtx+5ESeH9pphJpT9T1JMwOYEc7SoxmJm8WJxMf+uTqxA4L7vfd/Cr4Li2SuT2ucNTEIWW/rlFqfdPZysEGz67Sdo/jV88NqiqL9pOjK25yJ9XJudFNJkzrgOMVxxkOgqEu05ZLJb3r8aa2BnZD5dIi1o3FMK3wFF5BRoIKvCbrwa0rcK4mSyFD+wTrbkOytFbVhf9xJGCy7OaS2szedYqKjN7Pf4QPU1Pm3LgRiHMBH6ntJFAKvzqYxsSYmbiL8xspXUmneSXfpoW/NFqUtowQb0NgqwfY0BokuIxE6Cmor64fpNqS3YUP98p98ZG3zpztlq1DNGTODPpFfEhg2YSGQDZyGmKEHmQToK92EbkiIdKRWra6S9PS1ozATpLcjLJnVqpBqEorbka4Xasbs3FXMj+Lg3CaDt+2C/bLTsGErbGmtCgmewFjGYiZrNFFZzVRnpcqCO2iF/KKvWrwptSkJEsvQPL5Drh5dk6bL8jO+ftEilCs/3l2l0T1ltnAlevutCU1pk8bTwu8T4rIeJOLKZZDVIzKSsmxmBHRcwkLV9kJhaI/A5W8JJrpg3qXiWkOc4DknOsacRyqJK1y1JHtMxMePsfVQ5EwJZDBftZaboKYSYkVFVgkSgLnSNNxIWslv0y3W1CzGR+fuH4W1xCplw5vOcJTZDzYsb7P9/9E5ud0rbgEtPpBz6Dfw8dOCYWbTP8HN2vPLjP0uYLRFRmIv6kRjMJt5840c5tQvYVnOgg05F7JaIiS89sLbcIHZFxy6ESZSYMVw75Pxpu+zilTSUnrJ9JMKh8IjMTYjv7C3xyHu1hskVmcjpN0vU9g99z2qfkKSTMRMVT7Q+W9zORUjN5O2RqJk64x33USvYDe0YzQTiR8PMNh3PGgNAkxWkme5eHed80ztLO657mxjOi5RWyGgkzk24uAwIWpsHE6Q8kZ0AmtSUS0YReFjNJ2U7ao1cymAkhGiJVJ6qG9aIHfIh0OKb3YqOZ0BzWZJ8dg4xmshcxMZP8dMVM9E994iEadzCIiligq9YT5KdRB0jJ7VQ8gTVWJJuwPu4aQuLCizTlXAnRn8Bq/UzUdSZsFv7tPZvGIhqQ7bW1BOgVRyWy2FHttDoTnZkE7KvUmcAax/bBmqRxm9FMTrF6EkqszqRDHjm/Xyk25yhmErS8eUrpP33Z8iZp0MVD56U2CHYtf7gsb56ZfD95XJjJyJNrMA052lVisDqT8YvHGmnIDWbSMr8wrySZ+MbhwfsL8+EXsGgtM2ENutJzGsSibYado4Evky3JeSxnPWbC22VRYKnQEfBTIatqRi7sV5uGoOSQRfRZAgE51qTMLDWpT6hxZAVmJgVvWpL/eocd+RaZiXjMCSarsljN6mpmomuTOSl91MgHtGBQM4GbCSk6+dlJmnWhmSDA4vi1BnfJ1R/0+S/DGBCaJDQTJH4SZSanwSTSTotZcIAc+pzIp108SBarJ6HTzC4EajOh0sJZpc6EkgnL3i1dxUx+vpJNamYIWXRCRjPZi8A5zb5Ah6Vqaw3RWTI2VyjU6jotpR5l6+ie+vYsqfQ63wQSGcnqjaNi1gfRw7NJvz804+tiY3kBvV+ngU5MVmU723pJa66So7zd10Xe7iv3bTLONZ1Nje1Zppc6dZt8MTYXG/4r2puvjM0lWpzLNNRQ+plMWjNIdWGG0poLtOSKsufWti7Sq14iY4uJo8pIkcRRHS3pZKN4sdG3ST+TcrXyJBKjmZCJfSnjwWDB+ymV92FCTK4AAIAASURBVMmsEkGG204kg2kYzUQO30r6bV6tL3DHdUrTz0RbnSIrHwHGckcldax0nIfOspxssbB4d7PMRI6rB3z6gWPl90hrrkO0t4nCw/TP29kU6AeYyWDRn24rTQcOCUsJNnzn+qZT80KvbYWdo0jLMYvFwk6luZnQTkQWMdwWub/P1sI5DQaDlz87wCpP3jNIgsWiaq3H+plExysPWQqaxLBdpHMLu5xGWshRqIdDWMtM5NnLVouFdW7ZCjOJXM9R/8xZa65JL/85Oz/NkH53stWr+oXCTUnTV1436AU3E5kWW2TR8gg0EwTwNIOWkOR5pF9kjjEgNEloJkj8JMpMkA0BorVRR1L3TEC2nGeNOdv3B4+oh9FavQf8htHs83XDYqGdoRPBukcN5may2H42/cCfYGJ+qOEt2nbrw88vweztv30C029ZP3lx1zZF1xQ94Fs+j9WfsG0TxZ2/JmtfULYJsKqtPYC2u5qmB7ysqjPpPE/L6d7IyPpUN4TXmmYiy37aoGunmQkZP22NBnmbS8DCR9FAKCtB3w/e8iZlFKp1YwwITRKaCRI/aCa7AjSTnU5fflqmTZ+5ZWQq7zPZNEj/+03d4W5hdqTNlWc52qTP36Okv1Osz9ou2lraUlTt6zaJ4LEmbcs8ZLcwUrDfYinYjub2aCabgzEgNEloJkj8oJnsCoSZ2D+lAyGnpPpoEyKrlOUMyNY3pNR3SdM4K30Ny+mbZLhYMBP/9yez0lOl1DTRO8LnOgkrZH7A+03GeiwoZWmw1dMhe05mambJa1uAjiB7j6X5mYWiv/zp9uqv9UKQ7YYNxm3Zx8djoK8wkt97MynpTZITHqy0WCzHKkgdG3kFzWe3Co7styTtBw2tPLo/yWI5cJQOYCCHx69+BbNJSuNtWFkOD0COqjZGmEn4vd8mw27z2vkACerdsq2U3e51VpbCixsuijIGhCYJzQSJHzSTXYEwk+zjpaFQyO8uZbXzVinjdMnpXn8o/0hq1/c5rb6ZUMAH6iFTx0i1nm70zfi+z2VdC2jH60x/CFZOY+8UX9VMst6wnrzY2KXqK4ogyC6n56u3Dr/1H9tXrYcg5ljoC0zFKyzBTI6dJ28funwipbar4CDpTUSGdZaZmRwtKGgZGXGdOHb1Tp7rzngweHAfG9c7WHvivZHpYO1nB1gXIFi58lByE+uVxBFmEjxV0RacHrHQQfYA9W4LDpLXJSm73dPMjNSSHvCqYWHWhzEgNEloJkj8oJnsCoytuSSJjK1E+nbz1wJ2iu7L9ne5Y6hWJuVJZCdikCj6jstVzYSvgSAIgiBbwexlNsRFsOY9MaiA8gqjgOUEff+mMhoBMRPdYG5Ax4nKB3ySEmA7hJXpK4k0i3StufgIGbA31W750H/63e5BsAc8stNBM9kVcDMZt6d9WBoKPY2ozEQZADf2Noy1zEQ92izksJHN0EwQBEGQ7aTg16o3BykDMSvD8cVEImYmB3kjK52Z3Po4xbKP1HWozUQ3tJqywzCsfMp1J7ykMhPVbvlHvgZmIq/M/3Tn7sWWDb9m3RgQmiQ0EyR+0Ex2BcxMer9OY2/zleMyk5mqrDXrTEZsGWgmCIIgyNZDxuBWRnBmTbbiM5P3lDeiwlovMZNgrRhgWrzp6DU1k3gxBoQmCc0EiR80k10BM5PI9ZysrztnfK2lH6bFYSZkIiXDHwrB5qyfidyXn/lFYyjgy3g7MxPNBEFea8bsXdP6PGT38Oz6h0H6bqKdzlKTohOEoMt6eTZOMyl402JJORYMjh9ISnmJmcgjsPJl9nYj+qoi+bU2k38+e6HPeinGgNAkoZkg8ZNAM1m677YVO2yXPLqcWdU6Zsx4bIUOOrU83Ohs6Bod7Wqxu8mTda6rrqLeEw5OFBU6iq6NQg6s2T8x23+zoYhuMtnmdLV7YQWS0zgMOe5LDlt5c3hhzlXGDmAacjwTs4Fht+2SFz5idmSgf5Alt6uE7KS53HFjeAr2UFbMDmOa7UHZRIajshVXBxamKvgK8SPe8I3Ew8rjnqtO5WqJMVTPL7bnfQl7KzYSN+L0bYBHnrrVRim1FzpusJeAcEabSxzsZkLn2tl9gwEr22gqc7SIzK0lMmorrwsszDVUOrzzNMfX0spvRwOzsTcnLg7VO9kdVblZkWQr3jGX94tZe5nDVuyscPEXK5Ypf0xbYS3NiM4NdcBsRW3suQC/X2XpuhhvcRpi013Az5+9ce9XSVPsez+7//jmDZ4qPwz8qFsX2QjRO0oPFoQweJP3M+l+ol9kjjEgNEloJkj8JM5MohDQ9zTGzGSur5nlrDPauHHJUcfChSl3hRI32ArpC8tWHrPZ8ZZqWzGJHmZ/ZuNtRCFnaAVWiD3M2SZFhdXN92lTp9H21gey7IdYpJqtICYYz/ub2Sbieb/U10DCBX8734OyCRyVq48M0gkreFg8sXEi412NJUczUrAqI35uOBy2sgb7mmay3FOjX4TsfDbVTKpZEQYHVKTYKcykv5aEzs+VhXAhVbWRiL/O7qjzbdMovOEV+t9SHz+qoeYhzXLC0lBzUUmLuqyHMlXUrPpqCaWh3NHcNRrwe4Viwb1UMShSQjR3twH+1JPBuQa7Y2iJb0V+vxsxk13J4tC93394X5iJisefJil/CWSjwPOzreB/pWzLW1N2DdgDHtnpJM5MCBBb6J6j6402HnTcmIkyM1HvxH1JE2LOdtQyM1HnkAdgjChbwVXsqOoinwwr9IO2LHS7eEUHrNCs3qCo0NnsJwZiuyqKYaZtjcOwCduD2ASOSvkudAUkoaxlJuGFsVa7I7wwF45E57x1tkInK5yeJbGgD64xV407HJwAEa2wt3v8U8PXamvIJYJsIfBnbxiJsPL1gNLqYLyrhZSmK8Xtyr0iOtfXDIYw666dDY8VFROLaB1ZYOs0u6pJTlkdj+0UM2m9xM4vx15YW1XoEKfVVehsGB0QZgI/5/6l0YqbvFYFLiShN6rf+LawMmD/gd+meOlLjMWiqwNL9JDUuV6XY049/8jTcLN9dHouPO2zVXaUsWu7sJpWGfnYV4a/ZFm5E/Tgxt+d7g3GLutm2lZP/oi6o7WTuyuftpW0k/+W+uACMJoJXCFLo+6qCoetgpQQ1VSQ817jHpNVDxHbJa+7tlp9Pexwxlczk3u/J++qEgT/K2n6ow+fzk3P134y2XR3qvbugueb+/uTIrL89NI7pI3U1Hewn7GPvn02d3/sV0l0o+l7f8x9Nhd8eO6TGfIXQl5vVma722+XNOI74JGdym40k9FrvMUCMxPSEIs+5GT95ou2shZR8EaXOiGHTZOtCh1FlaKdQ3TWA1Gpo/m+CDqjRaSNgabCRJ5yi/DFXuwYnp6bHHS7yp3sANgelE34o5dhKMhEtpu1zIS13GM5EAC5efvnCSqTxEzYvFp68WxuNfBn54EpOSn0NzvlZjWQ8sq0rXbguXL64Ecq4umqLh6u19Fihf5ax6SiH7zmk5oJnEr1bUGmZiLqQuGTqITwMF385IsKncrK3ExG22sbRrbVUe2iXWh4AuxictjbfNnJ6m2qivnhaS/OZVul9q0FjzxVXq4q6mub3qxiZuLlkbzmJraJzHnreJ1JMWlmCckzRj7SVehQTmJUbSOrmgk/uSuj4q7uuczLqriZKF8QrodY27wdjNFMnvz3bx5ru46AmQjVvPerT/iU55OHUxozYdk8R/4JzISviSDxYgwITRKaCRI/O99M2HNL3XShqLD2xgyptWBP1p4ah6i+8Lpi4eN4e62brqawaCuO5TwPzz2eGO5xt9gcpE/I+M06eEaODnvgX7rGIuRUtQzUXXK6umIt0EebnaNKrBOd7iZu42gfCo2VtU/Q/ZM9KJssqypV5rboAY+sn/WZiWj1zmM1NJOEUKf0EJOVqBTCZdIOk+c09CyT0zfuaylr9DHLUMXT/GSJc0emWUwPZjI0bStmBhIDzERe8fF1pty07SUP0+Enzz63uYQ36BL9TGz27epnwgj1Fa1yG1mkCve4SLnbaC7OeW+VV1u5omrPZmImyv12a8xkxiMUa3hwILwwC4plo+LH+uY9XpjzNFa/1EyUyWlxp2W/aJWZ8BOtLr3ayRjNJPDbJFXdHgHM5KkyvW4zkQNHfnnvyPFn+hd9IMgGMAaEJgnNBImfnW8menykRYc6hb11osmWS3lcBTpqb0yr3+UaAS1RzcZgTzhbTZ/SjnwZnmHkwGr62Ly6E4KuZRfjeX8zhESwiWiJzjaBo+Kx1HKfKKdEEsX6zASkV70KmkliqFNqQmQlKlXfGUjV1iOSU9M3QdpT0V+ZKp7mJ0t9xvnpe+SxXeqoUGo/BMRMZNJGtPWB3EDHtxBhuvpWw4rzRZ0JC6a3ifBAUf3qvXhthc2sBjiW2PW5PFBjHHsj4WZCvwjvNqPieV+DEEuGrYI32yPT5mairTNXmYmqhnzTv8gWYDCTn+59ekM9L8drJoyp3ycZd4gg68QYEJokNBMkfnafmcxPiDFnqgod8C8pF1SeUkohWURXLAqioq0/icF6z9suK+qwMlZ0bXS40QE5LKO5QnkELg9ouskylnx1ZcRJYBMhH2yTqs3oAY9sFusxE4jktMXSaCaJwWgmj39Ypc5klvYQM8TT/GQ1qOLyWJ2JT55srza25qL/k87iSisyFqY/tlW2KDccL2sZJcwEPuUlN6vNA24y2kNWWJmGO5Vq5MABW0Vz/wj5gwRuVhtrhxJuJvBFjFoChL114vxSptQ329fTTCJtxwMGG30VM4Ft72V/p8pAkA1gDAhNEpoJEj+7z0xUqB5OixUlDltJNX3mkUBTXYJIHl3qAsV632xfB+spW1Re95j2r126761zkBbPon8t5JB1ip39fFwvuZkaiMBDRoxx1HWNiQct24Nqk8VxNxlqhvXLRBLL2mYCJ3sMTlOVF+ai4TEvOYklziHapAfNJCEYzYQOLEEGJyDdsmkpg3L6FoeuOsE0jGYiL/ls9vaeidnRrhYunEpcrrsYFDMhpQnK8MEkTAeHEa03AVadouoB/9hW1q5eYavQVBTT+qIW2qWtxGmv5wUoAnFxKv3atSTUTEBLvLHhjEk/rgZ3H2/Nxeq056cmg3MBf5+uPuo1NJOVgdNK/3UNcZnJ9NiBpHu/SnrQpAwfiSAbxxgQmiQ0EyR+EmsmCIIgCIIgyA7HGBCaJDQTJH7QTBAEQRAEQRATjAGhSUIzQeIHzQRBEARBEAQxwRgQmiQ0EyR+0EwQBEEQBEEQE4wBoUlCM0HiB80EQRAEQRAEMcEYEJokNBMkftBMEARBEARBEBOMAaFJQjNB4gfNBEEQBEEQBDHBGBCaJDQTJH7QTBAEQRAEQRATjAGhSUIzQeIHzQRBEARBEAQxwRgQmiQ0EyR+0EwQBEEQBEEQE4wBoUlCM0HiZ6Nm8gxBEARBEAR5rTAGhGsnNBMkfjZqJvrtEQRBEARBkD2NMSA0SRs0k0DfuQvV60qlHfptkT0HmgmCIAiCIAhigjEgNEkbM5MeZ1Xe2aq8CzeezM+tlSrP0nXOVuk3NufhbbZV3jlXTfesfukWUH6u6kz9mD4X2QhoJgiCIAiCIIgJxoDQJG3cTL65ElyJ5dR8yz3kp0UlayXYU1Mfh5nYWh+yyR6nq3FCu3TzyHP69Fl7gMXRc/Wj+sytB80EQRAEQRAEMcEYEJqkDZuJo1+dEQQDcdVcs+VXndFG/K9iJvJ4h619i6pN5vammVBF1GdtPWgmCIIgCIIgiAnGgNAkvZKZzLZfAQOZlR9eL9Y333oVMwl21NcMkwnYreObqvbuwSc0/8xZMu1pbswrvh2g9TZ5Zxttztue7kFXUZXHf7umgyyF1Z7T9WFbyPF2D5b/rep6ICq/WHwy35d3qe/J/BxZeraKfWKg9cr5qtuwWnvNFeZXkJN3znXeSTLFF4HdertHvR23OkIsY8cBcrLNNSdoJgiCIAiCIIgJxoDQJL2Smcg/tuTlNz6XlwM/3s47W61aEI+Z8H4mIAw1gywPzCTWqmv4hqM/KvLzKnpkzac8zLP3sann3sbrxDhG1dUjeWfr6f8+kSnMJO/sFbGa4xzZITETJROmySdRMwk85wewU4k+8V7rCLzQZ28ZaCYIgiAIgiCICcaA0CS9mpmsjCq94Ufyim+rFsRjJuecd7zdg/d+JhUaDDAQMf3EXU99g0C6u+TfkDVS8TDmIf0tZM35nljzMLKmi/6/qpm0iNXgE59wM+GZwkyCvTfgS3nGYoe303jS23Lmm0Z97laCZoIgCIIgCIKYYAwITdKGzYTUabTHIn55YcxWVO9o4vUVMg/r9Y27Xo66n4mC2kzWqDNZ20xetc5EbyaMfz64febqtraYWiegJdf9YhSCbQLNBEEQBEEQBDHBGBCapHjMJK9IUz2iw3UuzlGDX2ImK6PMRmTasKq4Iyi/xEyieeeYjdBty+/QqYm8Kt5UTJhJMbURBqtaMTETzQftIKLbXFvCQDNBEARBEARBTDAGhCZpY2ay2N8ieoO8JJ1jrafWzUvNRJb/OTt45pxm2GJTM5HlF7Pn88nBnL90S1lNvn6pmlmTMBMI6x2lLsg887d6VumwqpnwdYoSIAAvZ3FKn7MtoJkgCIIgCIIgJhgDQpO0MTNBEDVoJgiCIAiCIIgJxoDQJKGZIPGDZoIgCIIgCIKYYAwITRKaCRI/aCYIgiAIgiCICcaA0CShmSDxg2aCIMhu5NbHloA+72U8qDzRoc9DEGQ7CS+9WFiM6HN3OfCN4Hvpc/cWxoDQJKGZIPGzs8xk0i5Jkj5zDezvStK7dn0ugrxmdH6+3p/MHmMTzcRiORibuZt3rCUWNlkslral2EI5WAs5q+4EeSmBioOxoWzWR+TBreQkiyX5QFB5SfJAxTE4BQeOVmrWUxEeLLB8HPucr44cgPWTJGtYtQ5Qe/Y9yE/+7bHKProkGn7vN8mwYvK/n9CuSK4BuuZ7p1wDZP5BpcWyX71CXjJZQZ2DmDD+UHcq9gh79XsJjAGhSUIzQeInsWYiMTJL+TyaCbIFWCUp162Zzfk+FPL32j+1Sh/wsQElq43lpErSU2XNyYtZqSlSJ0w9m2xta+Wp/Gj+kCz35WfAIn+o9D8z7OPKBnSjjE+dfE1fKJY9rr+2s1I1RwXkpkvS27lwGFJKFpl/1gU5zm6/84tM7UfAV0jLdZPoeaYtn/yCUtMyjuSQBe5cm3Kck89i6/suZOSUOEMBHxxz2hddMv35iG9E1vCX5np2WSnmFpnJsX2WZIv18qyyaN8xyx8ukxHuKQVvWg5uqpkk1yz8j5K5/IFl/QIt6QcOq+Yepp/zqmZ3DRs3k3DgPo/2+DkK1r5/lebMXj7WtMoVO3DB+n7NrZiZRMWpg1OpUQ5l4+DlP1jISrPKbyw6oBYbwHKQW9B42cECH72KTuy/o5gS7Mny8akT+17dTJ6mqu5U/u/zs9+GjFTnkLghUUZs/LkpSfZJktF58WRWeqqUkto5o1mRPCKBlFS4ObAvS2fpjYIRupKtvTduDz+O79y3Xb8Ke/V7CYwBoUlCM0HiJ6FmMgn3ybQP4N6YoWToozcT0EyQdWI0EzErSdQBYEK5libLrbYRvtQqWe0Xc4mZqGj9SALhuPKBJB1n448/FXpDmbRepPGCltJ3pVz1tR2F1ey6mACChkYahDQeJx/hL8lUwoinUrZTtWIEZN5Pp+AHZP9ImvF1OUvomjdP6o6WE+VhWMgFP7dsmCi16n5oEfgIlUglmBMWy6lbEauUZElKHldCyAHXCVJYfuQrNivMJNh07ERHGKLewPxA8j5Sel1wi4ezXx05ADmx8nLFTAoOWcZjkaXGTEBF8pIt+y/wiwA0BOYKlEtiv8W6iWYCWvIvRXMswbR+sQowk6IhMbf7zWT2TkqyxbIveYCdmAeVlQ/CB5JJ3ch7F1aXl4OsUiLmlrcO2lcx05EL78Hn6NSCwc7ywX2WlLO06kPBqLhCRfSzDyrfqwmSo717OVaxttSUd7ftxCvXmTR+kqEykxkp1XryYuuMrxV+45r1dKUPkV4pIzvf1evvdkop5KctgEdkKBRqbXPmZ2dk0ZuS9LvMzJTYD5/cDdLT0Ew2i736vQTGgNAkoZkg8ZNAMyGBl5TT+IwU5PSyKIGaCScli5UTZ6SIrExZVLPA3Tqdm4lqBWmVkBB57TE1E/4sj1nupD27hoTo/sLMySiJA3SxvpSeD/+CZpy8yXOsGuXozPXE5jgjttJxsonIyJSsstypjQk6Y0ozaYedwPoiR/MR7txSXrwbkt4tVbfmAq3SFpvqgS8lpeTCxElDEUCO6uMSDlGQ5Dw2DSJA/hspONbEWt2MW/7SFlECyhSINyvInwOiXquLF5CzAuy2v1hGFP1IZs1vaFxbeciimAsnZibwKRBx9oGbJCuLToxc2M8PZqkNlm6WmeQPLIOQFPueP33x/zE5Mak5SX+n+P1YtYliJo/cRR8dA2m5OrxEMs/w6+n4gcPzbCrqfd+lf8lYAjHWmfCT+6DS8ofLLMfoCZSgJauWTcEZH5mPHNiXpF1BzWpmEh1I+ZIISeDurRH+1yFUvp9iSXk/Ng/05eX1aTKEmYSbjhFHJR4FR84r1grehIvt1quaSdTfGdLfqRjwA4ef5WRVlpRCivAmL1rX+pWCiqw1y/QGdt/ZfZqXasCjU8p2duvLR7aBvRrB79XvJTAGhCYJzQSJnwSaSYYSCeWkSGlne0kWNRNaEuWn8pEvj5dK6hCKVmSzSdvvqJnQFazlZD+Qk/Y13Q+CqDCaCeeNLNEchJmJvy03M4W25or2sotKZyag0620lRQJFKQ0fyjUWnI0TRPlR1o9vpC/t/HiSSmL7LP36zTwB5nKDFsDcojz6MxkUh0iEEtRH7baalikwogEOlPh53PkpLOPVnjAB/tDPg8pJc11axqBsKYd9m6eOdPdOhMKwUFaUyV6MGS3O6cS8gTxDR6gMm1QB6yQA6Eh5KTss9QqjqGOeisPkjCRl7KrciCmTElJ2f+1pshcVpnJMaVNzsj5/U20ewkNnUmDH7hU4F+Z7nZTzOR/lBAbYdNMTiBHu0qM9APfyNGx9KMsOmdmspT+H84peu6u5hx+QdbJ+Y5cGUuHii591k6OfsqVc1tVNZRwYudofuTAr5Np9w1uJuJParQXmdhISmx6X9Ktu7VJlqTwml9NbyYD5w9a9sWqxTjRSDAYqPz4AOxK5BUcslgOaSpMZHINUPYlH/xrG5mnZnLnr8mWNwvIUqJMr2wmlFXNJI3VmURmej1EKeB3mpYqkRacR05qV5SNdSZimtW+EjOBf9NOk6xnrTnXI9rbzjaxVyP4vfq9BMaA0CShmSDxk0AzgZsrazbTeFxi5bjq1lw0csyFuFDkEFSznZ/SQIrmxPhcHUYiCMFoJqSfCUiFKz/1CG8lxa+flFTrl+QSUuRBaybR3tNp4mqM+L8/CVtkfdmZIZojasmk12qaZGVVHNwu+vLTSIWJrDeTZ42iEkYOXYFFOapqmWzVrwACDnWhKUQqp98loYoqTyYNwNJI3Y4g8iQ04+sCDxFfmTNiY3VExEy0mySQdZrJsaYRiCNZu6x1monlUMF+VZjLEGbCY1AKq4FhoXOk6RiIipVWvCTMTGT5EK82YWbS8+EVXh8yfvFYjyx/duDw8YYFOer9L8+L9M/bQVFaPifGsnPg5+h+5cF9ljZfIKKqMzExk3D7iRPtioD6Ck50kOnIvRLR4s6AzkwioCUl90QphJ7xsoO1rLItMm45VCJaDwosvy0IBoMRIULUTOBI9sP1EL1Dm3VtmZk87UzTPdTWKn0Yt7MmWwJmJpGnM70Xj/LWXNRMrFR1ItdzSFMFNJPNY1d9r0j4+YbDOWNAaJLQTJD4SZiZdJ9W+QSBPA6omdCyX6XORFVJQlDNllqpmdCcndMKBdmBGM1EzOan88tJV12gvjIBFhqUgmp8RPuLa4ho+5nEAAXRm7MB1YGFhFdHmnKuhGhXFiVHtDqTtXUmbBb+7T2bpqsuBK/RZjA6Nd1dCLx2aIfXmUA4qLTmGlG35oKwNZmahtFMbn2cLFpz8cGUWAQcHRdNg5Sl9CNGCkR7MJpJNuGhM0y8yVuLbZaZbKw1FzUTebkn/aPr8/ISMZNA7WctC/PzPL2gNSTp7xQP2v40Txp0/Um+d+l/HiAl5TsHdo7gxFl+TWobSButl5kJnN9TVEX4UvtBpet5GE5i7GxpUJtJxJLECgKUZdrWXDKtHyM7iown/UFfW8LQdTvhZgJH77IeZMa7RWYS8UtZyvAwqxG7LYQMAqP0MwmFngrVYmYCt5fGZ3I2bR2NZrKJ7JbvNXjTXXKVpO4n+kXmGANCk4RmgsRPoszkdJrE65QpEKLlNJGa5VjIpvQzIaXBHPKAETOZmTyQylL1M2FjlSCIGnjeZ1/gfUZDmjqT01LqUbbOmkF5rM4kpOkj/mzS7ye1EGIsr96v00AnJquynW29pDVXyVFdrGBQAqXOxJPL3CZfjM3F2m9Ee/OVsbnyVQ3fIbBQ+plMWkmnWSlDac11OjO7yzfj8zhPW1Ppz2eG+H2f7PzAStqYBXxk6LG3SaxjPV7qD4XgIDNY6zXWz4Q1YNsBrGImEFO25FlW6wEvh9uST7QZzYRMHF29B/x42cGS+3xlmX1E9E5esia4HLmwv20pZiYFvyYNuuTNMxN5Yz3gqZnI8u0zf0p/6yxvzWX95vaiaqWo96u3Dr9/4DOZWkrR54d3Wkd55RyF2ci/xyoGDpqaCXEYFex0s1GAU5SxfS1KjyAVMTOBK0GNLHrAL40f+Ldktp/KW2TH2hU1V8JaZkK0hzbo2gozKc3SVm8qrbliRCfZwBi56VLGF3otkQ3dTmTFTMhEZla2i97M0Ew2j93yve55fmBm4lON37gejAGhSUIzQeInUWYC4ZS6Twhp+v/BlRAxk+yukmziGMpQiaE+O2tVm/Upid58F3PIXGYOGVeERZOhXuenWSQz3aoeKfU1xxAHv77EOpbQ2g9VP5OMXkU1Xm4mffmkWbYg4CRKnJLKO3jIM84sUt0XGbnCW4Fbs3WtQgxnRDGTSWfGefpbeOqzHwfhlux8nyQnNUVKfVtb8h26wqMKiroHfOd58tuB75X1KYtpIqBejT/Lk035qVTgT17snKGHdfJIBszCQea38T7zIDhiULLXDYvlPX3WdrHuUYO5mciL7v96hyvHZ9bD6e9+MTIzefW7s3QZab6V/h+0Ouj+pUPvHGa9TXYOd/6arO/i88oobrAXiJkJWMcbR0uv8/IU389y1xfk9ysbSx+edkpv515ZbaxwEzNJkyTWXw7NRM30jb5pfd4G2LHfS89K0PeDt7ypR5//MowBoUlCM0HiJ1FmgmyIyYvWVcrETDHEwchW0peflmnTZ24Zmcr7TDYNEqBs6g53C115sbFrka3EYrFYWQ9y5PXGLIKf8X87oUwvTx7vIcb+i4Ifb7zE3NckMvHTG/bh4JOwq67vF6wAaG1eFzOJF2NAaJLQTJD4QTPZFQgzsdPaISkl1UerlKxSljMgW9+QUt8lTeNgAjh9k5SCg5n4v6dv4EpN8ysxp89FOm1nfsA7Osd6LEzardRkYKunQ/aczNTMEm3LAQRBEAR5Zcwj+KQLw2zi2uVu9uBKOv+PH/jCF3/8tvsX3w6cHiBdhWAFljvU0FtHu0z85vwQm+AM/SPpvKqWbmX6nRu0tnnoH9NLs99d7v1lAx1DIjiZdL47qaD3bnvMTL5z9SUVdA8plY7fVXQHB2BvsZcKGTH/XjuImZHaBtKaS5//MowBoUlCM0HiB81kVyDMJPt4aSgU8rtLWVdsq5RxuuR0rz+UfyS16/ucVt9MKOBjL34Bx0i1nm70zfi+z1U6PESklEx/CFZOY314VjWTrDesJy82dhlHqEEQBEGQV8M8gv+jUrNx/DwXD2EmQc/Qtz/NB4eGf19A1oHZn2j+6Qu9x7tJrUpS8U8sh/HT9d6kcnURWzTpMq2RGfrH8Yt9n/ww+/Q5GU7hkwvd95deRJZCvyjo5may8vAN10RkaTap4h7LADP5zcXh4BOz5pHm32vngD3gkZ0OmsmuwNiaiwypzPp20yFfwTJE92XWvFjdmosNHkB2ogxVxN5xuaqZ8DUQBEEQZLMxj+DBN+6uwP/hpNopliPM5J3zfCQQWIfmPORCUjv1S1LT8vCTIc07bn6o7U76u2ZUj6QKKipD/7imah4mPghMhpkJbMhyTl/gE2AmbMIE8++1c3jgvc3M5B75O28AY0BoktBMkPhBM9kVCDNpPJ+tDFbGzUTpvxh7g/haZqIebRZy7JNoJgiCIMi28pII/sn46ZEo/5cizIS0uVISzYnS5lgh8JPTF3rlh35NUy7TOhOleRgQEmai9DOZBw8RH8QW7SUzkVfmf7pz92KLasDH9WEMCE0SmgkSP2gmuwJmJr1fp5F3Y1HiMJOZqqw160xGbBloJgiCIMgW89IIPql4+LTSh4TMKmYiajAE75wf+u7GEHkbTffQd0pFR4yVh6e/7VbeRhm9f2PgGmuNpTET8nFswmXnrblIOzFtfcKeMpN4MQaEJgnNBIkfNJNdATOTyPWcrK87Z3ytpR+mxWEmZCIlwx8Kweasn4ncl5/5RWMo4Mt4m7weRrcVgiCvE2P2Lt7MHtmNPLv+YXA3jJv/0gj+2uVu0Q9e1vSAj2aXknqMXxbxfu1DDb1JvIlXeK3u6d/VDsAmv780fOPRC56lNZPI1DjrAf904B/iB+DiW/Eqlz1lJovj10gPePXfYF0YA0KThGaCxE8CzWTc3WArdNiKneNhTdvQNYjOumvrfHRyZWG4vQ62resaY4vCU31FxQ5bWZ3SPS3a7KpmK7CcQE8H+ayy2ho320TubyR7gE9/zG5WL2ZZjr2R3PLclxxkqZLYJp56skLD4Kw43PGuFrbCYyVHc5ybh9Ka62nmG5L0RmbOxd6suMxkpu20emwugAzeRUb66iUvLN/DZhIeqyiLnUrGUL1jVj2P7CriOX2PPJv+29we3PTmU+ZoFzl1DifJcfE3FEanu9m9aCjE70/Rnwdaa+gta1RsZM5YRQdv1rKrGW9zbvjC2BE8vferpCkPn1n+0fXgz7+896tfPJ5e72Akz5o+fLwnzGSXslu+F/aAR3Y6CTOThW5XD399cZU2XlyVG5ccdjePKioKHa4+su1SX4NnHkTl8ezP7N4dtRW3kP9XuCmMt1SznOdKWclcV513QZb97c33+fO7qLCa/ctzRttbH/CVGbbCOvg37K3roZYDH2orJjmj15xDBqdSH+emEBnvYi/q1i9A1k1zmaOofpU3vCmh7XJPzcuvQGSnsYlmYi+sLrqmit9H24uKnXY3Lz/tryUR/3Nlob3QUdU20D84UGd31PnU72DfelZG2XHCIU2y1iYrE0XNkLNsq+SK0lpJL+b5bnvHlP72lGhcxQ53z2jA722wO9yPSI692NE/Mft4YsBWRm/dj7ws58bfnWLA1rJih8c/FQ6K91zsRRaH7v3+w/sxMwne+4R30v75kySzAaF2Ibslgt8ou+V74TvgkZ1OwsxEHqMPVAJzAzMedNyYgYesj0UVtkseJSKZtjXG6nzJImYmCrMdtdqc6GR79dAK8aKqLrYPkJlmmT4yWQ5s0q9+qRM4jJ883yEMUrKm3ZfINDMWDdrjRHYGUZure9U36bHQNrww1mp3hBfmwpHonLfOVugMLMw1VDpmSeTnqwMNrnFDVGQrbqiwt0OENHyttgYukeXhhjLH8PTc5LB3KN63gCFrAX/2hpGIvYzUagaUYgVWRVmh1BIoZhKd62sGQ5h1186Gx0jdaaGjdWSBrdPsqtbUpipm0nqJnV+OvbC2qtBBTivFVehsGB0QZgK3iP6l0YqbvD4BzET8wFX3om1hqY8dlV1VmmMrrNUYl6/FHSS1vmIFDY88DTfbR6fnwtM+kJkydm0XVt8gX87Hdg5/ybJy52RwDvSA+cMWMG2rhyMeFn9kuPHC86Ch2BH7s5eQCqLAzerR1UYQgitkadRdVeGwVTTAbE0FOe+sSlwoq+2S111LKs/F9bDDGY+ZyQ8PxNsmpr6b6lKmQVn+K2n6ow+fzk3P134y2XR3qvbugueb+/uTIrL89NI7Qbo+7Gfso2+fzd0f+1US3Wj63h9zn80FH577ZIY3GkgkuyWC3yh79XsJjAGhSUIzQeIncWYCQuIIhJcfD7bYf3hJ42ZeCsgj/mXbVVH+PUcfbwpKgaKAFJarckbdDUWFTjoZJU2wIgvj7oYGWuoJD2OWU1TMVuD01zrYzQaUhj8g57uriqmZlLQ30AYVRQ4uP9rjRHYI03ANzA21w5my12vaCisRDFdNoAYCow56Nc57aZxKzIQVTjeUOBQDeUyuwEceCGfZPLLpwJ+9qNwJHjjZ01LEf+PLtuJqkMZmh9NN/J+fviVfSxEN00U8TWJudmoeeYv+7u6fmB12N/OdsAh+ZdpWrinCgFPpdTlstfzGYqt0B5QwHQI9yH8Od4wKbkQqM3m8lvRuDREQ5lF6EZaprr0imCZlIsq8vx10Av6AcHOrKHHYSqrD6sj+kcdWw8fkARljETxc2xXkso+ZSVUXrXZeEX+EzYYplkGoNNZHvmPst6mDFRnAyfVcdfaMdJBKlYUp1lwzZibFTtfNAXY9bJlibSYqM/lp7Bs6di78qeqyRRMvmZmJ8ky7t/8NNrFU+8fHUY2ZMBWHlWn/7x/Ue0g4ezWC36vfS2AMCE0SmgkSP4kzk2hZsWPY39fsqq5oUdV7+FjPDVXc4G+nFRFkmamZLNqKNZHieHsti2Ao0fDCXI+7paKYlZXCys7RYU/dJaeri5QWjt+sYznwr6oJRNRWpm/YPRQaa61gdSbKx62MEf/RHyeyQ/CRgm32kL/f0cw7NBKMZsJa6vNELi1iJmyROkKCHcqkZb8XVnMPb2uh+WsCMROlTIH90CBcJrWdPKehZ5mcvnFfS1mjjwVhsAJpqElhJ0ucOzJNSxNIKDw0zVpjqiGSueLj60y5SRtRJUwfbXayz20u4Q267OIKsWv0Zmt5sQiRd/NlJytJeamZwEGyP4usq91VyYD62mZXuzATpSsxq9nYTOifzmm/Ru0IbEQIAz0wtUKQeiHi/46Kxj64e8OtWzSokzUnd1o8EdgvOmYmyhdXvuBOR2Um8pOmT+7//hf3/u9fLv74rVAROSYbhHu/+oRPeT55OKUxE5bNc2Q5cOSX944cf7Yzmvft1Qh+r34vgTEgNEloJkj8JMpM4OEn3q0x2V5tEtxpgkVaomYrbuExynJflZfdCyI6LQl01N5YveMgefrCo0s85FgfA1tNn5KzLJ5hgZvVmpZdlOf9zeyBp2onFoXNjceJ7AxiJ1ReGXD1xc7oamZSG4vwCGZmwohOe0Q7H2SzgD97rFUPjcLVvUpY/Ao5NX0TQjtV8TQ/WeomT/z0PfLYLnVU8IrTGLz660FH6wNSgUDzeJiu/lGzmgRRrm8z7GcbsBW2DFFNiuWQVk+j4s9FandlmZWeMCrUzWUTbSYKi+SwX1pnstznEifxkUddrKAxE+UgDWbCb9G70UwEjz9NUncHiM9MGFO/T7r36Q1VRmLYqxH8Xv1eAmNAaJLQTJD4SZSZPP6hVrQe7vm7w6RFRP8g6WxKU0dV28DkPGmEoOkBL0fAQ1TVIyTHWCzKedABMjPcyNtoAc2sAuQyVxxeAUKpYWWoWurKHEW0c0tsKW2ZYDxOZIdgK24QoxeoG3UYzQTOqdJ2iPFyMzF2dkJeHaOZwB3DWGcyS3uIGeJpfrIaVL/fWJ2Jj8TuQ/R6ECgN86aKmkdZ9wYlTH9sq2xRftdeWyVp+y+iZ/gUkyKVrYEE9KO0JkfbAz6q6wEfuFnNVxDjgjB2ipkwbdALFRhX7LyTEzERU6wZj3psktfHTMZ+xZtsMV7FTGDbe9nfqTISw16N4Pfq9xIYA0KThGaCxE+izEQmnVNJ1w5bsdMzts7uiaKV1CIbcZj1dyRPHVW5Jgs0tTnLVXbaIaS8rs7Nd8GaZsGn99NxvZbue1mO6F8rr4yKdueUWbYHVaPtKOuhW1Gre5hga64dxsrjIToktBgzmhErhl8aIyXi3lnS6m+MtNGylTiHaJOeNc1kefQGvYCL7Gs4MPIKGM2ERthkcALSLVvVz4SManSVjONkNBN5yWezt/dMzI52KZ1VlLhcXZ1CZ3mNa1Whg/YFl1mYHutdRmHVKZp+JmXtq/bP3mTmR8vomNexuxMcDO/kpjQ3DQ2w2x27oQHuWt77X9OEJ6FmUuZqGZ2eC/j7btQ4a/pJBVSVGJuLlSXRXnxsbC4vK9yBk1jZEg5OsN5Egj1vJvf3J937VdLYnz/RXV9xmcn02AGytwdNypCUCWWvRvB79XsJjAGhSUIzQeIngWaCIAiyKquZifx4kAxjYBibC4LXgaKrA6uYiSo6X2LzSlw+21Gr9AojCDPpqXEEeB4J05WWXRzWvFPd4qiiUBkyAVkH7K0spDRHKJZBqFhOzLjoSbTRF0mJHHmPmslrwvhDk0YSu5i9+r0ExoDQJKGZIPGDZoIgCIIgyLYBQfyP43N7Ke15LZETZSb/bb82ObUbhtZDNg80EwRBEARBEMQEY0BokjbNTPLOVl26HKtCRV4H0EwQBEEQBEEQE4wBoUnaNDPBOpPXEDQTBEEQBEEQxARjQGiSXtVMxsYf5p2tguT2iA6EccB3IpKjX78GsgNBM0EQBEEQBEFMMAaEJulVzeTLc06hE5NTj54skDdFbJxlb/cgpHZndR2duBfSr4HsQNBMEARBEARBEBOMAaFJeiUzYUJSdrF5KvDztyX1bFa/0kYItF7p0echOxc0EwRBEARBEMQEY0BokuIxkxcv/hmNkhf4GNtxQT4sja26QXRmcuZslWdwtNHucvTzqpjzF+p9D+ZqSuFzr5D5/pa65nqb87a3+07euWu2C/Xe7kFPc2PepUFYWPNNVXv3oG94tM5OV0Y2GzQTBEEQBEEQxARjQGiSNmwm/rFpsJEz+a6/X3HLWjlZCC9BPsxWOlr1m60PjZmsjJ6pIoIhy8G8b29NiHwgdKeYVc70t5ypHWV55aAx3F+ieWcb4T/bq1XgIC8FzQRBEARBEAQxwRgQmqSNmcnj4BMQj6LyBlsxabt13kbqIvLoeMGRyD9hAvJhKUycO1+t33gdqM3kiZs3D6PpyvWHJNPbdO3MOZ5J5vtbWD5wvTjmIbxG5fEgWfNCffCFWIJsJmgmCIIgCIIgiAnGgNAkbcxMWm/0MiV4uvjsels3m2ZmcrNzACYgH3J6+vzcHDaIzkzqfpp7Ms/SwvMVWQ4N5v2tcQJmF/oq12Mmsvz84Wh7fX3eOWzNtSWgmSAIgiAIgiAmGANCk7QxMzn3t+rictJQSqZyojaTy9U31Tby6mYir4zmFd9WLZQHaqp6SPcWOUirU8jUy8yEEbiOHeu3BDQTBEEQBEEQxARjQGiSNmYmA0NjebRXyfW2HtGkiuX4hidhAvJhWizaKLoe8P+cHSRtt865arwPn5OMF7Z8MvvTwqLH/nIz6XDy9mCVzSNiEbKJoJkgCIIgCIIgJhgDQpO0MTORlS7vLLV3aF6IqF50ufqmehGyJ0EzQRAEQRAEQUwwBoQmacNmAgz+OD7kuz8xOatfIMuQD0vHxpWKDGRPs1EzeYYgCIIgCIK8VhgDwrVTPGaCIIyNmol+ewRBEARBEGRPYwwITRKaCRI/aCYIgiAIgiCICcaA0CShmSDxg2aCIAiCIAiCmGAMCE0SmgkSP2gmCIIgCIIgiAnGgNAkoZkg8YNmgiAIgiAIgphgDAhNEpoJEj9oJgiCIAiCIIgJxoDQJKGZIPGDZoIgCIIgCIKYYAwITRKaCRI/aCYIgiAIgiCICcaA0CShmSDxg2aCIAiCIAiCmGAMCE0SmgkSP2gmCIIgCIIgiAnGgNAkoZkg8YNmgiAIgiAIgphgDAhNEpoJEj9oJgiCIAiCIIgJxoDQJKGZIPGDZoIgCIIgCIKYYAwITRKaCRI/aCYIgiAIgiCICcaA0CShmSDxs7PMZNIuSZI+cw3s70rSu3Z97qo8/FZu/0afiSB7gs7P1/uT2WPc+tgS0Oe9jAeVJzr0eQiCbCfhpRcLixF97i4HvhF8L33u3sIYEJokNBMkfhJrJtkSIbPEz+e3yExu/1Ju+aU+E3ltsEpSrlszy0j7XdZMlGfyHGv2aVcvmY+Gst9OlaTUtCMn2Qo5ylYSu0RD/sbz5PpNs+bwXSi0fplFVkpNmyEP30nVdpL0eSdZIxrKfEOS3rA+1W0Z6ir9IBPWcg4pS0JdqSlS6rsn1WsBkxezpPR8Nq0xk8hMVnqqlJKa+QFfKmBHlfVlKz0q2f99Pvl66daci+T7OrMk/cHseDbRTCyWg7GZu3nHWmJhk8ViaVuKLZSDtZCz6k6QlxKoOHhLn/cSIg9uJSdZLMkHgspPdaDiGJyCA0crNeupCA8WWD6Ofc5XRw7A+kmSNaxaBxi5+hXkJ//7icuDdMlSk0VBd35ZZvJv3zvlGiDzDyotlv3qFfKSyQrqHMSE8Ye6U7FH2KvfS2AMCE0SmgkSPwk1ExK0pX0A4V2GkrEVZvKUaAmkf8zolyCvB0YzEbMQq/MJ5VqaLLfaRmR5ZpKvEfUxnbBKVp7DeBZRoteQ9MGVWH5ffv4Qn0wTFzYlcj3H+TM4QWmmcpFLUrZ6BSklp5H6QeNxKQQrlmRCDl3yVMp2qlaMSJmlzObhB2T/SJrxdTlLyJpPA8phP220XlSmZdVRdZ9mRxU7elf2lRDJgI8g/+8etshMju2zJFusl2eVRfuOWf5wOagsLXjTctAQub4KyTUL/6NkLn9gWb9AS/qBw6q5h+nnvKrZXcPGzSQcuM+jPX6OgrXvX6U5s5ePNa1S7j5wwfp+za2YmUTFqYNTeUJMAwG2dXTgq19TqbhfUvlAvTyG5SC3oPGygwU+ehWd2H9HMSX47Vg+PnVi36ubydNU1a3J/30+KxyJlVOoedqZmy6xX3hGrORDc48ij0ggJTXjSA77rnRWVZISupKtvTduDz+Oz+mz9gR79XsJjAGhSUIzQeInkWbiL5XIbdEXsxFqJr6LpHjartyOI4HWNFp4bf3gNNnIRZampmeVKmYCK+TTkubs87RAmvHUL9/933IbdRKR2t+Sf/jf8j1fbDXkNcDUTBRJEJY7ac+u0YTobBFspM5UozFkd65dMQKrVrOd2RLEBzNVWVIK39VJzQozvEYFuHkSbMGZpdSx6BzmWWu2ix3hpPRp5xqtuSZje5NVRzVp1x2VWCQJ3dkBnLBYTt2KWKUkS1LyuBJ/DrhOkMLyI1+xWWEmwaZjJzrCEPUG5gf+f/betSmKNE/4/gj7ZiOed8/L+wNUhE/wqomoGCK425FeWrZ7ZB2XHVs63KB7Yrt9JsSO0bsPdDONjo0OllCIg5QUVrWUYnNQTkJpCcpRphqkkIOAoFAgZ8stNu/rlFdemVkkUJRQlP9fZEDmlZmVmZVZmf/fdcr4PTj3Ou8eC2f/enQ/SlHyy2UzyTtoGlQiS5WZIBXJjjftu9AnzzqBpvLYlLTPlBZBM0Fa8k8FM3RA49rZAshMCmTjjQUzmXyYEG8y7YnvpifmWUnJs/n98bhs5NMLoeXlAC2UUNzy3gFbCDPtu/Ap2o5YZsKhZ/nAHlPCGVL0IcMupKYTIdYhcDNBW/+0fBrv7aNrSsHaUnX2o/oTWy4zqTqZIpjJhDkx7dSVuglvndmcpF4Q0/xdkjmBmQm6OVjq6+rw0CIug8zE7/fX1TtyM1LSST6F+ePU1ATl5+93ZpiTk8BMIkWsHhdHHxAaDGAmQPjsoJngrOPPcXYtig5z2kgSMZPMX3wd+aQ+zFd1yESwvdT70A3adqVZCnagSUvbhN8/gRfAESFewJyMQ70ktO4dIRdNdBJxEOtmAO8Aa5nJgq8q5Uf2LOd2sVCdqQrQO3NzO8kCCYn4SjObc+tVhW+2L5KqhMIJCV/PiRPL/o4rX2a5xcxOXCghkfIQpBM06cbngiQsV526K4/7b6A9RArOUzIEnfDlp/AAJCXBnJ4awkz85Rk3XqpS6F4lJaSIe4V2MkmOe3AOq7xjOw5WkPhsOo5EAP/ryztWTcLY4KDpT/UBOaBMQPFm8aBEot40J8sgpxnY9X8y9cn6EU+r35C4tuSgSTYXhmImaCso4uxEbhIvzzrRd2Ef25mlejQ3UmaS272ChMTqfb3w5n+onBiUnCQfsn6mFJvIZvLCXfDVMSQtN3uXcOJpdpUf339klo4FWz9zPpfX2nn0ZSbs5D4rMf3hGk1Zoyhs2pTuomPojPfNBvbviVMvIBLKTILdCT9iIRl7dK+PfTuEzuwEUwJOLz4QTyplxX/4qaYshpvJfPUx7KjYo9Ces4K1vA/QxXZvq2YS9DX7tXcqSvN32EBGcI6GXAa70JxZvTByJY2ZyWGeGaIC/aL5ONUb9PHNbTn8/paCbkltNv0W3zaxGsHH6nFx9AGhwQBmAoTPDpoJdgySE4ljNZqLLNTmIkFgluTO4ikYYbL5a2ImJEVBzCeWdHJy9xxoyTuI3kwyf/Hj3ERnbuJRVkuKXT8JiWk/KpeQBQlyulAeQvDlp5LqTyiYCCBDtn2dll4mBgYLiQkpHW7bqcOJXzoVxek4k9RBouStmwkKOMTtocAl5zC2Jp6SmWxO0vwQ5L1CwQ3fK/QNVF05lZZoHiE7hj7HnKRtnbJTnMC+wQJUqg1iwIpSUGiIUhL2mFyyY4hRb8kBHCayXHYhBcWUCQkJ+35SZZlLgpkck+vk9J3fV03uFSR0nr72BxOKVtFfiXxsRMzknwuxjdBxKicoRb2IQvL+c1LwafKXNDqnZrKU/F+OUXLubmYeeYOXybyKr4ylgwWl3zbgvR91Zj4QioZ2HOUczfbt/y3xANlM+FeqtxcJ2wiWBza+J+7eI1ecKW5+zUPTmkn3+QOmPUqxmMJ8t+lgiVh6RjGZPlVPEvbEH/i+Hk8TM3n4fbzpgzw8FyvTls2EENJMWN5BYKLDw3655qRTEm5sJptJYhKuVmBOdHSqCntVZkIqcWEzwavj2gfSch3OyBsBM4kYsXpcHH1AaDCAmQDhs3Nmgks/RHDapszkO8VMEpNTUj4mw3lVcbb0UG0mA6qZwDuC3kz4JI/4zWkWFKkHxBgl4DOnX/Jpsk8RfRZaisIRq1otVGfacA4+Jkm4dDPkShTsuiWIoQOao7QMQeGCR0JXNk8Rq2DpzQQ3Kzluxi3ZEf5mpCV+dbDF98p/N0vcK8zgJVp7bTeaybHqPh5ZbtBMTAfz9glhLoWbCYtBCbQEhobOgepjSFTSSMHLjpmJJB1kxSbUTNq/uMHKQwavHGuXpG/3HzleOScFW//ieZP8XQNSlNrvsLFED+wcDZUc2GOq9+KGHhsxk/mGEycaZAH15p1owuOBgUJe406HxkwCSEsKB/S/ZKnwoInXFRTZJ5eYUUz/mjc9Pa3cHIiZoD3Zh66H4ENSreutmckC/jmrUl7eOHUXF3tyM2mpr+vw+b0eh6beF729BBYmOq58yWpzETNJI4sF7mTivBIwk8ixq44rMP960+GcPiA0GMBMgPDZKTPpOIMCpCSccY3BllK3LNfmcnqV2lyk+lZWvc/va7Z9fUqszYXWV2pzJaSjh0Pgla9F04ZXU2byoEo9G3gn2JCZaHpTCPh4cYqG5q9Z6QdHNJOWH3DjdUrux7IDLNcl/cTEQXrpUDbKVgz4yDqaFvC4FnioFvAdPyXJ/t1yyVlX9ZXZcT6d+Ya/OeUHVRzT0ob74lL2KuhV9orSZ6FmgmtzHY+WH4jeTFA4KNfm6hNrc6GwNV6ujaMxk3t/jue1uVhnSjQCDg7yqkHyXLKJvjxeH4wk4lVY6IxGPmC1xSJlJpurzUXMRFppT/7qzqy0hM1kzPVt7dzsLBvekBKS5EPWx5b/nMUVuv5TGij9j/30+okW6DlCJ870W1zagOtorWcm6Px+Q1SEzbUdkJuez6OTqJwtFaKZBExxqnbhvDYX1hJdaQlhntckpCjtTCjUTNDeO9MOUON9S2ZCMkeEaQytuiwJZsIJVGey4lwCbWfi9y9w+aJmgharWka3vlScBGYSOXbLcT2+6y68iYe2V9pZxugDQoMBzAQIn50yE2QTSqxG7si4zQk2k4yWQtwZK28B7++0kZLqpPSvcQ9ItH18YmomjttoNOnvcHyNTSYxOW1kmX8kAQvJ+xK9Md/7SKo9Ib1WLxC7ZGmyxt9h8NUlQ7IMZfamdMgPco2ZiKuY8TcZSP8YuzC6DutInz5V5zPScINVc8rRU+T6mnCks+j/1FHSWY68JNLp3GTc9l1ggfQanMpKNkYcKefJb2HBazuO+3Kw8VoZC17ca/Dv1fGl/4bcAh4jtoAX95l01BMwJ35ZRRqc0L1K+zyX7FUA7T3ex5T0U1eYyaBDobUro4EQZoJiytpsU6gW8NJ8ffyJer2Z4JEvQ7eAHyw6UDjEFpboJoIPs+NVwWXfhX31S4qZ5P0WV+iSImcm0uZawBMzkaQHp/8z+aMzrDZX2rkHi8JCwda/fnTks/3fSsRSCr47Em0N5eVzNE97/j1W3H3A0EywwwjQ0017AU74d9kY1eUbBMVM0JUgIvEW8LjnXwW09b7yE3FoLC6eX2CctcwEaw+p0PU2zORSulmVOcJqcwVIS3c8OL5OcdTXiTeWS4eVbBFJWySLoWaCR1LT2T0EzERgvLFzXJu2CaL2uDQMeO5TM/Fq4qX10AeEBgOYCRA+O2Um28RDpyQ2Qr73fyQl9203MXIlTZUTvgHATLaV5arM7fvClV6DpYi9aVH1me8amnYF28mGew1mZiItuv9yiCnHt2lHkg//0DcxcvPqGTIPV99K/i9SHDRUevDQEdraJHp4+H28tonPlpHdIBZQzCQ4Yt775aU7TEK8L3Gxp1l9h5HLTJpzrlS1eCdwba4E1gc6xcBMkmglBSnqzAS5wRNlaiXu2jD6d7zU92RVSd0sV13dcefbflfa2/hinbqN74iZSKvT3vutl6vbtenroQ8IDQYwEyB8YtxMYgUwE0AEv2kx1aJN3QI3Pt99b1qMDC3ZSt+1wNvEZDKl0RbkwLuNYQT/6jeVrPVUoK2ncR1hX4/V5zkX2+Q7W3CosbvCYMvvjpmEiz4gNBjATIDwATPZFXAzyTh+ye/3+9yXSJfKUpo5Jacwp8Pnzz2a2PJLZp13wj/mNZMKxMhMEtNyqrwT3l+y5DaUAXNCqs+PFk6i7aFpf5RkA+w1F2it9L1pp65UtYRsGQoAAAAAW8A4gv+EVm2VpOPn6csEpLjzv94nI9OenotPZqd7en+Xh5dBk7SAJedCx/E2LDFx1idCkYv05E5H3GWxJDhIC2Gknl+PX+k8eX9y4TWuUHvyQtvQ0pvAkv+9vDZmJqvP9zqHA0uTccWs25yrxW0fXumdfmVUCGl8XFHERJ+rEtfm0qavhz4gNBjATIDwATPZFejLTHDHZbQ5BG21/NLB+7fNSWKOwRtq04Ul36XMapJ/FBxBYhNYw0wuyV1LAQAAAEBkMY7gnTZZSPJ+ZSOymeRcoLOCj37pwJ0fTPiuTuHpDy/0xrlGUTovb6Hcd7XF/azqJiCumIhKz68ZHqX1d9yFXjqCNk3NBDnPI1J/jGsSMpOe9WqUGR9X9AAt4IFoB8xkV8DNpOp8Bnvhn2wmci1hpc9ZWr1YrM1FGkMLHkJSbCOhzUReBAAAAAAizDoR/KvBnL4g+0vgZhJ3vo0PJIWqiP9420rOhQ7pua9CHWoblJnQDyT4idVg5Npcs8hD+IboLJQiL78m6xxX1PCs9QE1k4H1XEuDPiA0GCJgJv+9uAgh57sJmMmugJnJoC3pi0u0F0gwEwAAAGDXsV4EP498g5daSIKZHDqvfpMUrb71ahAJyX1XG1pF20qk59e480KfC6vjhxpJj2QqM5G4mQw1sHYm6NOE+ZhYMhNpdfbJw0dXarVf5rroA0KDYatmUnWp7Lyt6vzZsiqf2AEh8E4AZrIroGaCRELO//GHYSZIP+TaXD5am6vlB7OXZEv58nFntZq1AAAAACCyrBvBHz/fFkdaklDEdiZZDyenX80PPWHNPy5a297LI87wavBDq7KKwnPf3mtP0CrOis735KpZGjM5ntc2NLe0MOffK7YzseO1GhuVdibKCmuw7nHtdvQBocGwBTNZncs+U/ZE9pEnNbeyL4nvOAJinx01k4DT7iiw2i3WBu2cEAQn3a4KLxldnettqLDk2ytantJZ86Od+HOKKuTmacEa53W6AE0Za29Ck5YiV7mbriJ1VeFPsFgdU7QjwTeTNMVWhbNY3KV2PFce6CqeW3iByseT/PVcgy21dAFS2ZVtVNiNiCHX5mLvwci80pEehplI0kR9DjKQ1M+VV32nJyeaExK9Cx25cusUPitmaK+tKC7Cp8n9VPXKiJ5b9klxGgDeaZ7aWrSZzsAuYvnOF9ObfEPFjhCrEfyuOa7Fwdu4BbxoZxtCHxAaDOGayVxfeUHZ5ToWqFEunysr/4fR+56AGGMHzaSnylFW29o/PjM1zMpSjZjw2Kx2aia9VQ6L9frY3GixFTvDTAsWhq7hya67lQW3+2lK8S3P/PRwQb6dplisrl6yQJHVTt61OG65XDM/NzPW67aU4jcDYBUhKc4iHK1O9nV3PWaDs5CYyWq/5XIl+kz0CTY3eX6vjqOPHZmeQWu9FjbKdyOCdJxJCpUdBGyEYYutsq6ld2q425Kveq07N5PXnZViOrArCEcsX3hY7sZuw02yRYrsSiZOhd2BU5zKSx/bb6IU9m774EtvUSG2cXGV9Xha3LSBW3HUM1jv2PSFERUsDLwfN+phEyv/cD77428G3n9vanyj3SQuV38xBWayc+yW44reFvDt5dfP2h4Oh3rtzHBTVfbF2vYpni+8YcYeZP/tlrOus7Xp3umLEXpH7jvDYlejNmlb2DkzGS2o2Xj4HrSUNI2semlUYbHWsl4yVrvLWlX3Av5gZnhr9SnuF/Jfgo0UiaDFWMoLT6XqTdhTFhcuRUFhkPzOg/4a4irlxItCot3oFphwppsTk9J/JEUmwNbQxLJ0sqKYlYwR4QzO9ODiNdst+vJsb0W+fanfjctbhhaXhjzlaOHC66xMzN9NSvwcXfK1BGwnETQTW/51VW5Cf0OB1cEyICSpy4UvD5KjgUF3jLJ6nGdRYbNXeLe3CvRqP91PtEsj7B44TG+k5Zft/Z3K7S4YkN8EIa8SDTitdnd7/5ivtdJmp/dbmxVnKuFcg6JattDSU4uVzZUWO/kqFmvEbqrRyGLPwO++GFLMZHrg5G16Cl+ejIt4IfzOslsi+M2yW44ret8B/2rxTfaZ2pBvgGx3lI29WXxFunneFHesZWPaNCnb+kCbBKxB+cUybdLbZ8fMxFvbOvEUB3b59rq+dYrp6kqoA1AzWbHc5G3aZiy3hEBD9wyuKWJlJpR+d2UByzUP4ipYgblBd2UliS0m3S6agiISvrxEIgB6sxlpuN5PQ4HZtjLiJJbChkqSbVlgl5+pFN1uANHAa3+/pUhVNiKHtuPuUiaZyDZtTbR3ltbyrhVqJjQErCy097BgbwpfgS88tsj5J6ABfe2VfQFbERa/MTkHjVaeLJZLCeTTF5zprEGGgH7Ck/PaW0qN87qqnqdsJnWl9kmhXxp0Ksvy7eSMY5z5jsr+bm4mFmtN11J/8V1WnoDMhOuNpdSzaTvaCkuddK9ofgpFyQfRZ8RIyiqMF57Kuw394zPz415LSVNRuXt+etiSf70RH5yXLom+yaLLjpHpmcafHTwHJ9KMk1t3L9+3ySYXvmkudZY7PWLOEYf/SCk0y6Cs2G4pxj9qnGWAziCprMuV1VLa6nbhGrbrPmKihEHFTO4/42+bGL062iKPI2X5S9z4V18szIzPuk6OVD8adT2a85wb2hcXkKSF0kO4L93Rq+hznn51cXlm6On7cWSl8YFPspZnpp+fPTmhqiWzM+yWCH6zxOpxcfQBocEQjpkgjMxEm7YhPLYyr9gH2Wyf0+rMPlOGBpqw6Ht4+mxZ9rkbr+TFsnMbcRHNmTKrG5/R9lu30Lil/PFkqMKc2Gex/+yt7Y5od8pM0MOv2OaampuZnxvV1LHREUSPfzJCzYQ+0hjyLEzPLUePKnNp0VJUK6eMY4UoqWzsZ4+oSQ9pZ5J/XV44SFNqhlRvnS3mEcCL1oKf3fNzk87LjgJSZmIpvN7YOzo/3e9WPb8XdbsB7DTYInDg0j+vynDRmwkuOsPPdgnXAavqpWZCp8XACF91K91IYwbVHwhECvS1F1x2eHyjI+21Bez3vkLqcM7U2B3uCfy109O35K0tIOeIx9M45qYBOvnNdg1P9rpr2IdQM1kdt1xW5SYgM2l12mnpKMJS4h6Tw3QU6KH01+guVMyMSDCTKYuzbRtfHx+oLLH3k/tTkWAgBUZmoqzCeOGxlLM+eZCM0QgeWXcxFnLFTMpaSNO5Vf4lRBrqS2IRFrIR9tNTlWlznOoyanSFOMvxyfXcdLT3NaFLhTxK8DKKmVgdzrvd9HrQf2AUIpjJk6fnWN9USxUZvIqXRM1EDhMG9u2lI0uuT6aCKjOhjyC0MOnz5L74CTtOrEbwsXpcHH1AaDBs1Uxa2x6z4R/4JTVhmwmK7c6fxR5S/oD0GI15zstMnLll2TZ2QzwtuwpauF0uDJ9236oaI495byNf4J1jsX+bS052ykxed1b2yOPoQagI2ewwad3BLyGpsog/kOTaXEo+5TgJHzFjTa5GVX3cQOjS/wlPWevMUmclDW7QRUvDGrQwTZnvqeVZp7h4hD6hRVY6nXQVQYpQgEL+442qdwOIIiabXK1C5mkoM6lpx7ZMhqWAkZkQZoY7sfCAiEYabCZywSONttFdgr/pzJJf2b6CT9+gt7aoyku/frQAP7n0ZPFzh8dpXItC4Z5xi7WCp1Nw8deqly0z6vbMSjxM769x0O3WFLIKXdRy8WBTF5a+Vd4sosi75pqDlvFuxEzIZayswhBkQLy2SXaPYibyzVmVDRQRyFfnsN0mwYBoIBpLEUSCrjKpvq0KJ3ecl6LTX7RiJvnsRMsHGO0IZiK9qj459Lv3Bv7lN4v/uMhVRFJkAzPw/kk25jn5fFRlJjSZpaDn49HfDBw9vhwdGSmxGsHH6nFx9AGhwbBVM0F6cPbCdTRQi9iCmaC758zAg3tYTtitUDETJBv2LvazuGMtow1veHEKoqmYJaLbkv2dNRMp+Kr1dhOvvvD22SkzkZ418WcPihdVr2lVw4IAeUBPL6WdyUqn3M5E6yE6UeHgpy96dPFa4+3lRDPKO+WUFf4MG7t7nUsK53VXDX3god2Q04I0G3LtjQLRgTriCWUmrsYJZYF1zQQRHPfwej5ApKhgzX4wNNoWW5XQLHCUUmC1t8taKMTT7GSJVZ7Y6XvhKShyFNVqa7SQinlBJCFjREVIMQgL03lzspGG6+3kboA+trwdBf1eXviwjSxaChv6N1Wbi6yiTO20mSBf6n/cynzpWZPyc/M1KL9N9e+UrmJR17NVmYm8kzozYbfo3WgmnMCd4y+F9gDhmQni+feHBv7ti0kl02/HiNUIPlaPi6MPCA2GrZsJ+/VGwExkzjK1UMwk+8yNO7hIBoM2QW8SKJEloQdAbtmr2Rk+8PR3ieDpc1V3tvetMjtmJjirzz4yPYPbPoYs3AgBKzPpv63qm4s2EeFdaeF6WW5XWYPSuRZ6dDkbWqfmZnpbGtAquNmArwFXsJ5Tto52hqbgqtWsOEXJciOszJNPsJQ2DZJgCG3FedeLW3OW2HtXSBUI1UaB6OBFa11Ldy9uZdtLK3tweAQzWOuo801O+ldmumrQldDeO9yFgifcEcLaZvKitdzZhC6qrruVlX06fwW2ht5Mpu6HKDOZJJV8dPE0O1mVQv0fpczEix1DU99SbjKEu+WQ43gapk9ZSmrlH3WrpQTX/ee1udBWuCxtF8xMkD5pWsBjdoOZcIg29POzjBvy8XmhanOJ51d6l8zk6fusyhYlbDORyLoDGVeFhJ0hViP4WD0ujj4gNBii0UyyzzjJ/5XsAmYm5efKsotZwxahNpdiJtPuW/aubQ3KowysJdq0t88OmgkAAEBI9GaCSyatjjEh70AOQBd7buKWXXozkZa8FltD+/Bkf4vcWEWOy8UyBzLJAvqyfDtpCy7RMF3p94JQSRqYqdqZFDWIC7wtZvuLyAt5eOt/hNz9hmAdgpnQXoY1q2B21EyKnLX94zNjvs7Gckd5F64oW8b75hKr2HEz8TbwVTTNEWPeTIb2xQ28H/f0jyc111dYZjL+dD/+tGfVQ9FQn2vw+TY2ztpGYvW4OPqA0GCIFjOxn3XeeYDbq1TYbpwufUwTkaIMz46+xr3i1p49W9bQ1u+puy0WpCjrrz7PPlPmaXvsqWu6fImKzTvEq47b21xaQgEzAQAg2ghlJtLU4wYx1Fbqdy11F9zsDmEmaMQVum+uySZXo1w0Kglm0l5ulx9/OEynKsKh1TvFvrmK8+XO3IANwHzJ6lB8yd9NDarrpVAPlpvJbD9fpX1U1b9WTJrJO8L80pu5xVir9oyOCB2XNjW20AeEBkPYZoJbq4ccwjMTYDcCZgIAAAAAAAAYoA8IDYYwzQQAJDATAAAAAAAAwBB9QGgwgJkA4QNmAgAAAAAAABigDwgNBjATIHzATAAAAAAAAAAD9AGhwQBmAoQPmAkAAAAAAABggD4gNBjATIDwATMBAAAAAAAADNAHhAYDmAkQPmAmAAAAAAAAgAH6gNBgADMBwgfMBAAAAAAAADBAHxAaDGAmQPiAmQAAAAAAAAAG6ANCgwHMBAgfMBMAAAAAAADAAH1AaDCAmQDhA2YCAAAAAAAAGKAPCA0GMBMgfMBMAAAAAAAAAAP0AaHBAGYChA+YCQAAAAAAAGCAPiA0GMBMgPABMwEAAAAAAAAM0AeEBgOYCRA+mzWTZQAAAAAAAOCdQh8Qrj2AmQDhs1kz0a4PAAAAAAAAxDT6gNBgADMBwgfMBAAAAAAAADBAHxAaDGAmQPiAmQAAAAAAAAAG6ANCgwHMBAgfMBMAAAAAAADAAH1AaDCAmQDhA2YCAAAAAAAAGKAPCA0GMBMgfMBMAAAAAAAAAAP0AaHBAGYChA+YCQAAAAAAAGCAPiA0GMBMgPABMwEAAAAAAAAM0AeEBgOYCRA+YCYAAAAAAACAAfqA0GAAMwHCB8wEAAAAAAAAMEAfEBoMYCZA+ICZAAAAAAAAAAboA0KDAcwECB8wEwAAAAAAAMAAfUBoMICZAOEDZgIAAAAAAAAYoA8IDQYwEyB8wEwAAAAAANg2Bp/P/2NwJpYGdETag4w59AGhwQBmAoQPmAkAAAAAANvD/NKbucWANnWXg44IHZc2NbbQB4QGA5gJED47ZyYjZkRCVnOQTWcl4ATzYZtqqbcJ2Z7ZNsImm7/b1q0D20aa2ZzlVk1Skj5On5AvP5aSlpHj7GBJ/o605ESUmO6coAnewnQ0zeYKdDhz8HJmM1uOMHIlnW7U90tuRloSmpt5Rf5kjm4TkrQQchPm5Fw+nnZFvmQlKeCrQsunfp7bLG6bwPbqqIPOcXydjqZy6idIRDCS9F2zauldyL0/m8a0aevxrOREkzaNMXktzWQSE078e7zJZNp/9Bs6aTIdUOYZfA6wNmPFB+5p09Yh8OxefJzJFL9/Wv6plvwZnSjTp2fqVcsJzD/OM/1ZtZ009AnqFEr3hTTxPGaTMx5nTtNHzQ+/j69fUibRYuKkNO361GSCS2KD/GNwRpsUE8TqcXH0AaHBsCUzyT5TJg536tu0SwAxzQ6bCYoFf2LhGp5I2FY3oDuAdoFOgpnEKnoz4ZNICtiIfOpHLqdZ+iQp2KGJ3S8dTbzhtqXrtKHjp6RmvyZNunTYnHbFRrcSkMMcvzPjhrhkqE2Yk7/Ub6L5uyQfGRkpS/+ysDkt3+sozLzkQQkBc6oFzwj6LKmqtTR75S/PqFrAIwvVmeaEDDRS95VZt9e7jMiaSd4HpgM/Zmc/olNjJQdNmsoZb8lM4svn/rlwJrd7RTtDTfL+IwU9fOp58tlWYeauYfNmMj82xM6D/P2zyfmbn5U8YwuJINn4rPye4CHzcaYEdDb1ZpL3hzhXk3Ieu3+M75blx/TbPHkpOWXPCdMfrk0rk8fESXzxfPvNFi+JqpMpieKdKjhBU8RlOOiegB6XShYFTdE/v3yXzOYUfEMjoGdcSmqqcBfyOzLQEzCLT28PsRrBx+pxcfQBocEQppksLC4XFFUiG3nYhi/b8efTN27dR5MoXbsoELvsuJmYP6ahVYfZnJb1XRq9tzZfyUkkRShpx8mtdsRmNmdWLUvpyYlZV3KwTFCf6cw1kxu3v68qheQ959SzrGM0HvBV4Y9ISGzxSzlHk8zmRE2+Mp77eSb64yMPJG4mmq2jQDa9jKx59xRKpA+DrAS8D3y7iSnpOP7E+8lJk7cD7DCGZsIe/MpDfcSWUe4P3Ml0vGQJlEufZ6FZabpAITNBm4JAwuALNosbxbizeAEdIuQmkE6svYkR22E8IpSZtPBxJFRKicxynWav0LUtRyMduUlkljvrEtWdqOSEyfTNvUCaOc4UFz8oq1238wQpxPgrneRmMl197ETTPIp6x2a74/egRUx591j8+tej+1FKnDmNTctGkXfQNCiHoZR40768vmnTn2hO/FjJAVX5ifR2zARpyT8VzNABjWtnCyR/fi75aKk8tfvNZPJhQrzJtCe+m56YZyUlz+b3x+OykU8vaBWCckBdorXWKei78Cnajugh3zTMo7PJUw7sMSWc6UYjeenfiB8iiq5pzzfyKAVfGOQKYdMm0wlxcp8p7dqj0PuzURa8NFeC3zTWyqegJCVl2fLTRDNBKXoz8RWm5n5uTjrD7g34GffVqQynfDPwXUo149shX357iNUIPlaPi6MPCA2GMM0ESYjbo2TCiOnaJCB22VkzqTqOQ3g00XEmKbXQx91g5I5tAYcjATQXhYk84s/4OgdpBhnFBR0oxjJnOPCHLXd4JwKSvxnNoPdgvEi6xT9Wl5WMR6t8fguuzJKU28l3gCxz2GZJRfaSKQlmotl6x09JtNaZ5WPzl/8/e3Lgz1yWt4tEJRl/Nv9ktF+p+VEc971jrGUmC76qlB9baCJ/qC9UZ6KQHTnAxF3swObEJB+v2xHKTNB5p96bdPQUTZGLL9RmsjyRJJfOUUJvguyeMkFAlx8dCXhyzCkZipn0WS4Nygt15nLtGbmSxveqiny0Lz+lgwbiL29kyJ5j/rqZrRB9YAWJz6bjKArE//ryjlWTMDY4iMLEgBxKJiBjKMbfAop605wsF/vEHhzF1v/J1CfrB4oj8T8SiZYcNMnmIrNUv+8CDjM/5eHvM5dpT0LftHJiIm4mud0rSEis3tcLb/6HyolByUny/nOj9syr7BQzMzn+0ZGDp0pnJ3qTPzqJlzlkfUwX/uhI1SwZGyi9PEBXiQr0ZSbs5D4rMf3hGk1Zoyhs2pTuEqdd6SZeZKFDZSYI0UzGHt3ro1+OpD6P6LqKSwvMdpd8lqC5PPou7KtfwoUq4jWJEtnkUv2x2kBELgnNnYqm0JGWH/Ctgo6j5+YC+ZnLv/gFmqI3E/Qgkl7ichE6iZ9x3zUnoURCTpI5804AzCRSxOpxcfQBocEQjplYCm+Njk9pUwkoHc19/XrzTXnGHmT/7ZazrrO16d7pi1v+jb5jLHY1apO2hZ01E8l/A900HS9xKO9Tl1ok0Zr7ZjOOw6iZyFVf6r7CUz6iB3WkhA+XXeBybwxdyCw3IMFRGi2+cGeZ1fd9vDTenJ8ujA0k5NaXcdkLGkF/USxoTndMkBRJvV35/r5AytlZHSEgGtCbSeYvfkSdMzfxKDFbejGYcQlb2o/4CkLXyogc1KZwowhpJrxwLOjFRXmdubItKGYSeOWf8LakJSqfKa21iRBmMqIJOFK+tphxOd7IWmaCf0fyXuV+zAoYT7FiQy8SbDpLdOlo4wT2DRagUiVQZWmbDpQ8wykJe0wuOYgUo15a4iHmsrMykGclCQkJ+37CWeYieR+wMDdQfSzPq6QP3isxmRLouMm0r762ng32E1sPQ/+5ENsIHadyglLUiyggM0F/D+4/QqaombR/ceM5nTt45Vi7JH27/8jxyjkp2PoXz5vk7xpQyFz73ZHNP8jfIso5mu3b/1vcqIObCf8+9fYiYf9kZ4FCS8nEFDVGZqJC1In5btP//vRe8YkD8aZrA0JWAT718eR/X95vTXQG2e3pa3/Ak+gvTnrLZqLw8sapu7hqJjeTjIQkmqI1k5cOmovhL8+gBaTUTNCKJJ8iQMtSwEwiRaweF0cfEBoM4ZgJLRgZG58qvdbAE92eHlqKguYOPB3n6RvEYytrX9Qmvj2mm25pk3Y1i/1nb/VrE98+O2wmpJ5rRjl2A0kxEzwr8fcZp37MSQplJoE7uAqWpc+H/gZwRnIWbl+cmJTzI86B3ryZ4Lu/+fMbHVdoXTLd1om6mL9uNuOdbDGbTzX3oNAwRSJlI2i76cdzvkzFny2RZ4CZlvMAUYPeTPgkz000p1mQqwRkVeDhu0QUgo2FNBMhGkBXUVYyX0BXm2vwknhhhN5EiFhEaybomsSFjcgrRlhTFow7yyFH7r78FL4K/k19fkNeCD1bqjL5Ie9+MzlW3Wc6WELrZW3QTEwH8/apw1wJ18ZRiP/+oTir8ICJ1tmJeJlJGGbyuOCPVVihiJmMuZL3H+HDA0mq+upI8mm31HKudkVK/ugcUpS/fkRNJlpg52io5MAeU713LCCUmRiYyXzDiRMNKg/RiIqOcMyk+ku5gl9w3rTnmLKMFBCuDtO1SZxEdxt5bPWSlCYUx22RjZjJjc9x8YikmIk/6etmmqK5UfgKU1l90eWqFFKGT80EGUvmnQD6S2sQgJlEil11XIH515sO5/QBocEQppnQViVi3S1kKTzdVlYnLL4hkJl4VzVp3mwHy4Cynymz1OEMHvsZ5/CDWrzps84n1GS6arNzGz2OWyjR3vSUr9xAUs6XPngyR28Y3vJe6b+fPUSJr4bxX83+73p2Qk6mpqZ21ExoEz2zOfWSxM2EeAipToWVQG8meKXCVNxcPimHrWU2OyakQB/+qDDMRFogLVLopH7rOEsbkUIjOTz2cQrdGbpdRDpul5IlBUnjmeTtvtEDxmzITNQPdWS/tMk4nsVLRUKZidKiY6EKXS119XXyYMm4UOcVW5L0WYiZBCbacBWy0JsIFYvItblacg5ndvj8KV87kmiZiYQbtOA5vAW8n1TeEtqZoBGxLy8kTkk/0ApsI+bjVTw92tCbCYr85NpcfWJtLhS2xpM4VW8m9/4cz2tzmcTwMTioqhq0VC/aSLy6PQMKWN+SmWy2NhcdObj/yLcNS9hMgq2f2ZUzi+mxHtyfWXAI28jNzCOjzszkQ1bVAjsNPUfoxMlNzKfXNRN0fr9RF48k7DHWEsnYTNaqzfUNqQFI2ccKSTB9F/ZRGyFMmz7Ae852G418INchjMQlsQEzkdtnyvztsHpauI+huwS/HZl53h97cmVckvvMADOJFLvluB7fdRfexEPbK+0sY/QBocEQjpk0NHVRD9GbiT59wwTPn8Urlj8YllNCmokiMKfpVrqwqLAVbjobSK6i1+X0UG9Z7S8/V0Z++t7sM057FyuXsYezh1HPYn/5xR07rp0xExLfK2XN5MZ66nAiqbifgwwkpJnQcgy5Ce9CRyEuqci84kVxWDhmgqIE0hwl9NZl+aHt4PGWaCMTSaLbNe9NXVhGt/4ssi0FvqFtQPcAW4fco7jCWlqhNzEldMb59j+u3h7iWWkWJ/emdMhlGNqKEOik/4hbJqGT6+dVsAQzcaTLbZwk3DGDOSExlfbWoEDLTAIZaSm0Q4VTV8i1OeJIl7UhxCZCnUquTxTRNKSJZnQe0bVahzOgpZYfkqpkF6J7JR/ghJn006BsyJ3Fe+yJQkKYCYopa7NNoVrAS/P18Sfq9WaCR74M3QJ+sOhA4RBbmNbJ4QRqj+X1jVWTrmlNcfGuAbZqxM1E2lQLeNlMpEX3Xw4doe1Mvk07knz4h76JkZtXz5B5uPpW8n8R6RoqPXgIOwxbKzqQz9F8d/Ex9O0eK+4+YGgm2GEExjQpB0rGlKpWIkZmwlvAY1TncT7tf+MKZnHm/eTHxGAtlGTyPsBXCzcTXr8rIpeEgZmI7UwoQjsThuomtlyltHQnHQM6Xipm0nEmyfwVy33e/lt91Ebw442dm64sJBC1x6VhwHOfmol3k91d6QNCgyEcM0F0dg+ENBN9+iZ4MzPw4B6WEy/1h9BmwhevuFCGnQ2biZMlDTZZ3fjslucqi43V3WjCmRze7NLHr+XE2DQTKfiq9XbT2M7UDd5eM9ki2EzetSpTSbqYlaMPZw3xm9Nzm31+74TqRRki2/+42l1kmnHjUW3q26HuK9yqiqMyk3DRfCawU2y412DZTJCbNJxhfXPNPr55+mTy/iP/8SdqJtLkjZOfOWnjk6fJ+79l7eCjhoffx2ub+GwZWogRGxiYyUhZujkBVyHmGJsJUhHaCJOxXMf6mKEZfH0Wfvva/lu9QQSP3OCJMrUSdw1ncx8v9T3R1sfZBFdd3XHn235X2tv4Yp3I6h0xE2l12nu/9XJ1uzZ9PfQBocEQppkgAoH/1nTP5e3Fl3r4ZiJzlq2+jpm0l5XhTC9sJnJN6NXHdDGruANdteW96J+XzqLEopkET5+ruuPbxsY6anaJmcjF2enaTO4YZ7ku66ccTT+znM2Zidg+YQ22/3EFGMBqbUUMfwy8aRHYXZhMprTv13w9IvDuYBjBv/pNJQvzAm09jesI+3qsPs+52CbXmQ0ONXZXGGz53TGTcNEHhAZD+GayFls3k8s6M7GEMhOhzERONCwziW0zedVRu4NaIu0aM8H1Usx7U+m7rN8dcB7YQkdqoZLTTd/qbU5MmiBm0iJXLaM1dsyHbc0/piUmmOsC+DXktAexnLto2ZHUvUzu8GJyl2Je5ymUknGeBawo/dLnuF3/Jc+7VjQFAAAAvC2MI/i4CzgfGnH7Wht9yMed//U+m/nmk4tt713szunGESFagKb2VHZUkCYTH57voSOMnl/jzguldKvjhxrJ46zn1/GlyavXOpgFTY/EnW+Ly+t41KCYyVVnZ1xeW49cHfJqcdt0N/q0EG/a4BgfV3SxujS/uOkQSh8QGgxbNZOng8+RGBT+vZqnoMm/nv9ZWGRD2M867zx43Nr2uMJ243TpY5qIPqr1cX9D+Y2zZxUzyb5429vb76m7nX2uES+EzeT6+bIH3t5ORVEWvdnnbnmfDpdcLMs+S0tUVGbSWlrmfDA8+ZK3adndvOq4vbNaIu0aM3lHSSUiwd+J4StM5e2nJWImXCBomT6SCmE+I4u2cBDKTKiZpJpZv5NSWw5tvUO9ha4SkepDAAAAAGAcwTttzDfi8n5lI7KZ5Fygs4KPfunAbY8nfFfJyy8+vNAb5xpF6by8hXLf1Rb3s+rhFVdMHm89v2Z4FIPhLoQ2Tc1k2tPziNQf++R8B52FzKRnvRplxscVPURvC3gR3uRdHLp7lD6yIkuIsg6xNhewc4CZRC/LdbTveV9+Cm18L/YzK6lrc1HZEKtjTbhtKUI5id5M2DwC9RC+uu2wpu8BAAAAAAiTdSL4V4M5fUH2l8DNBJdsyANJoSriP962knOhQ3ruUxWYSNKTOx1xl8X2dEHacAWZiVwIg/ATq8HItblmkYfwDdFZKEVefk3WOa6o4VnrA2omA+u5lgZ9QGgwbNVM3J4e0UnOnPt5ZPSFdqHIAWYStYCZRC2BavwKFwrtcWUzZrJgTkj1+f0Ly1gzcILeTNIsXvzuQcwCMR8wEwAAACDirBfBzyPf4KUWkmAmh86TN7AIxFmfPHk1iITkvqsNrUJLPBTWrs0lmInEzWRIrs2FPk2Yj4klM5FWZ588fHSlVvtlros+IDQYtmom2wyYSdQCZhKl+C7RqlwU/PIXX4jaXMICajMZsWVWsxqlrHcvnZmgz09XV9kCMwEAAAAizroR/HHS6oNPcjNB7pH1cHL61fzQkwE666K17b084gyvBj+0KqsoPPftvfYEreKs6HxPrpqlMZPjeW1Dc0sLc/69eaw2l7T6fK8dr9XYyDYUU2YSLvqA0GDYZWYCRC3bbybll+2WUo82NTTBSbergvansDrX21BhybdXtNA6h8H50c4Cq91SVCE3VwvWOK/TBWjKWHsTmrQUucrdrJpiVxX+BIvVMUU7EnwzSVNsVTiLxV1qx3PlQVwFLUBXaS/XLoCwod24xXp9iBQ5SWax4Tt5y2SmJLSA9xubCfqEo0n0DS0tP4Q2E/z6v/pc/GHJab6YKzNBZ7+sxIFOk2dI1ZSr55Z9UpwGdhXhnL4XHnYP2YW033S4xdoMq1OWfBdL8daK9yuc+GbSVoTHi53KWzYq7PhX0CO+PceQmiLlzrarKbC3bvpS2WaCCyOf/Gbg/fee/vEkTRh5P25AHtSLrsly9RdTm3xDxY4QqxH8rjmuxcHble7Cm6KdbQh9QGgwgJkAkWGbzWRpyG2xbthMJjwo6KdRRW+Vw2K9PjY3WmzFD86ZFiwMXcOTXXcrC27305TiW5756eGCfDtNsVhdvWSBIqudvBJn3HK5Zn5uZqzXbSnFbwbAKkJSnEU43Jns6+56zAZnIX08s1XQAnwVvgzdx5nOGnxEkTYTYGtMobNf4e6eGu625LN3I1J4aPu6s1JMB3YFETQTW769kVXooPTXFNptbrluSH9DgZj7IAtAkb2WJ751lp6ie4toJo12u2Ims8P8XtRa5Wqdkyov22ta+sfmZipL7K30rSYvWgt+duNfQdE27rYeUagIyLhQCh0X/YolUsWyOrhQBcfb8JcvGNe6WGxu9lLOaGXyi7hnpY0LvY3jx/eOkefJ4PsfPnM1Tt3Fg2bh3c6uieA3yW45rt3RAh4AKNtsJmXuURRbbMxMgpaSppFVL40qLNZa1kvGandZq+pewJ9wDJyVqE3BD0X6l2AjMYfysHzhqVS9G3vK4iIPCr7KCw9dpUIIVgjByp45bDhgJtGKJpalkxXFLBIikWhwpgcXr9lukTfZSV50lpf63TgfemhxachTjhYuvM6K5vzduKTO6uh6i+3ygDWJqJm4LIUN/XK99i4X+hXXcjMpt9orbjd45LcWop+/XHg7bHG2sVfEv2XKnR7xriUtdY69Ee5aAgX519UJ4+SO1FtJ8nEQk00unFsjg459srPWVmgvKG1A1z8aQVd7ZQ/u84jf4iylrW4XLoWu6zN6Uf36+DstJQ3ibpdftvd36u7SmNGCGrybSy/ZWXCynVlBzwL8f3WYLhB7DBy9iv++fxJ3P6Vj+i9x0uIjXJbyLx+uoKf2yQ8H9v1m8CReZaH0EF5l9Org+4dmSo+jZUb+zvLFJ77/BE0+/ePxie5N9xUbcXZLBL9ZdstxRfU74AFAwzabiURii42YSV0JfSZRM1mx3ORt2mZUGrDaT0tIODVFrMyE0u+uLGC55kH0lJ0KzA26Kyu9uIbPpNtFUwqsqmx1FKPINxu2ClqArsKyTguvl9UqbezATKIZ+ewz5NB2HJ01moJiUFsTiYRmW8u7VqiZjJCAtbLQ3sNe+zWFr0AsqPpwCogM6GsvuOzw+EZH2msL2A9qhZSUztTYHe4JnH1OT9+St5YWaKCfcNFlx8j0zPy4l0W6pJSga3iy113DPoSayeq45bKq3ACdylanneVBoEC8xD0meWUzGUXpr9HPv5hl0itmgq6E7TITjGgmhBBmMuqu7FdV1ppprcBlJs+aivjl6msQ10KHw0x7tpXfjStJQbFiJvJIhVUoSgoX7W7r848kCZ0OTZRXTvdBcEv8OUrwjn+qznL3/PSwxVpZbGtAF0/vbRf5FSOz8uCScP0VEn2sdufQMhPkG0/346pcY3dVXzgyk3H5mTawby8dWXJ9MhUUzSSOnlO0MGmNeH90/cfs9rFbIvjNEqvHxdEHhAYDmAkQGaLVTILyMtRMaBYgQ1y955aDvxeJsGgpqpVTxtHDtaCksrGf5flNekg7EyV/MUhTaoZUb50tFgpGNAtM+bqn5mba3bXFVvuknNsKZhK9LHnlGJehNxMh1hm2VPXScIdO82XwYuiqW+lGGjM4v9Eq+8CmqMDO30DHLfnEIkbdzk7STAh5BVYFdvoKWGEXjjvLWsjbDUgALZFsBWqVEi9JIHEtOpXqGwU2k9ddNZb8CjI1Wnx3VOJmMuqm0S3XWm4m/Q2uyr4tvqR6M6xvJivokDXVlmy0qESM/tUFR7QEmOAtplouX+2CmdBvJjL3N+1uhzKTYnUmAsJiJfvwrKlxgqUUqD5n7UwEwUw0V0jUsXh/9HdxdN9n7jZO947PddxGciJ27opkg8e/A++zRimS5+TzUZWZ0GSWIj0Z+IS1G4wGYjWCj9Xj4ugDQoMBzASIDFFhJqzCtPICzUqlFaZcm4s8ZgjjJHzEjDW5GsfFcuqAxap92mEmPGWtM0udlTTbFQkJzXBFC9OU+Z5aGohgZtv4k4yvghYQK50ThnnJTESe3EDkeTOqvdJCm0lN+9zMPB2WAkZmQpgZ7kSy2q8Oc4GtUyH7hkQCWUldd4uGtiilwGpvl798FHfy9zPTkyXE3PLpe+EpKHIU1Wrf1kWKv4L9NY4x3MTEQYpBmJmUyyHsSMP1dnJjQB9b3o6uEK+lvJN/wnawnpn033ZwncPMd1cU2edpVCvXQcWgzxHqCYlmwr9znZmwIqaI3N/WN5PZ1rJWduOllBfJBTuGZkLH9D9VbiaaKyS6CAwNZFx+pa9s1X+RlqJQ5GIQzIbNBPP8+0MD//bFZBS8mzpWI/hYPS6OPiA0GMBMgMgQFWaig7YB4AOSE6WdyUqn3M5E6yE6UeHgpy/aLmkHj2kvx48oFGTIKSv80Tt29zqXFGGVFbqKQL+Y17j1JzcQYd6MNpbax2gnbAKhzMTF4x6CUbhDCY57SBY7EEk2aCblncM46CR3A33cGdJMLKVN+vx4VjHvWVPdM1aRiYfp4s2H5lPwMhNNhwpvnfXMBEmUeCkiLSm4xUNa3KafjiHFUrcz4d9StJgJUize5gcz360ciGFtLjqm/6nuCjN5nhEXQksQ3TnPBZ0I20zwnN/FDXzdKCTsDLEawcfqcXH0AaHBAGYCRIboNBMBVmaCswaFvrloExGhmyzcv3BZg9K5Fgo9nQ2tU3MzvS0NaBVc4u9rKCp3z8/N4J5qiNIU5NtpSuPPrBa7hJ98rA4DRl4FLUBXsZW7x+Zm2kl/XzzTPCJPbiCSrI5bCivrutjFMDKrzOHB7mCto843OelfmemqQVdCe+9w1+PWGtwRwtrhzovWcmcTuqi67lZua5WedwO9maCQVK7NNSzW5lrqqaH1rPRxZ88tB6/Nxept8nYmTtXbCXiTIfTTlttVkzB91M1LTfFc8iHcTF57a9kubQ/GZrLaL7YIR1rSKt8Aux6TguXZNtY3F60WJROFZqLaw/nuoipxi7g3FPxf2wJ+7Z/qbjATpCXj9awnLtIZ1/izvzunOoZIbS7WmIQSlpncf179aHlmaHBf3NDPW20mtHViNYKP1ePi6ANCgwHMBIgM228mAAAAekKYiSRNPW6wCC/oUEpRlroLbnaHjDvdruuqNx3JOe6TTa5GOQNCEsykvZy308Bhulx+wqCFqEILeNwOjXWZAGwYYzOZaa1QenDWv6dFwn3iofECu1BvjSy6q83knWLw+fZ1G7GdxOpxcfQBocEAZgJEBjATAAAAAADeHvNLb+YWQ1Zc28WgI0LHpU2NLfQBocEAZgJEBjATAAAAAAAAQIM+IDQYwEyAyABmAgAAAAAAAGjQB4QGA5gJEBnATAAAAAAAAAAN+oDQYAAzASIDmAkAAAAAAACgQR8QGgxgJkBkADMBAAAAAAAANOgDQoMBzASIDGAmAAAAAAAAgAZ9QGgwgJkAkQHMBAAAAAAAANCgDwgNBjATIDKAmQAAAAAAAAAa9AGhwQBmAkQGMBMAAAAAAABAgz4gNBjATIDIAGYCAAAAAAAAaNAHhAYDmAkQGcBMAAAAAAAAAA36gNBgADMBIgOYCQAAAAAAAKBBHxAaDGAmQGQAMwEAAAAAAAA06ANCgwHMBIgMYCYAAAAAAACABn1AaDCAmQCRYSNmsgwAAAAAAAC8U+gDwrUHMBMgMmzETLTrAAAAAAAAADGNPiA0GMBMgMgAZgIAAAAAAABo0AeEBgOYCRAZwEwAAAAAAAAADfqA0GAAMwEiA5gJAAAAAAAAoEEfEBoMkTWT4PmzZSWPVrTJwDsAmAkAAAAAAACgQR8QGgwRM5Pumqrss87/lryWuufaeRvh+YPsM2XWpmkx7fyZMnuXmLAm2WdqtUlrU36u7JU2DdgqYCYAAAAAAACABn1AaDBs3UzeDDx+WF58HXnFk7mgtAUzOZ1bln35oZiWffatmElVQdlrbdruZrGrUZu07YCZAAAAAAAAABr0AaHBEIaZ9CMJEYZbk3Ni9S3vWcfDJ1NBIWVjPH9gb31ccraMJ7x+dLvB+yBSZuK96RzTpsUU5ReVr25HADMBAAAAAAAANOgDQoMhDDPxqs1EowRk7rkmdeIGeE4kpLfR6SVW439oPVMmddVSM0GWctpaO/BysuRvZe3LOGWs7sYdh7Oi6bF3Fk/S3bCfKxt+Qz5t0Zv9typvb9/Zs2WnHV5pdaWioOzJ7Myr2Rk0846VBvHP0cjpszda2x47L5ZVDZO01f5sayNabLit9rSjkyTtGpCcnL3Vr03dLsBMAAAAAAAAAA36gNBgCMNM3lqZCZaQ0WwkEpI03XQrO7eRm4mCt9H5D/wfmUm29QFPxmYy9zjbyozIe9PZvohH8OecuS4RG+FlJqKZVI2RXV3sPFuN1eR1axVTFFyXbJ1ymKhjsX8HS07ATAAAAAAAAAAN+oDQYAjDTDAopqdmMvnmzUDbA2ck2plQCcFFJbjt+3VsCNxM5p423Ko6fRZvkaYgM2lXVkZmgneAT1pV7oTT1zITOe05NaJX7lt35N3HarSreNVRe/pclTZ1uwAzAQAAAAAAADToA0KDIUwzscsFJjyF9s21uGUzabhcNi0Fsy/ew0UXspmcR05S0Dg5O/Pq6b01zKTsSd2NO7QAhJjJK1J3iw7Shs1EWu7Ltjb99+rKdG+TpSGsA9kxgkhL7vhIUdFOAGYCAAAAAAAAaNAHhAZDmGZSVaAURwhs4X0msplIy4/PF1xv8JNxZiaT2QUPqFd4bzrXMBNc86okt4wG5mgxbikUj21jZiKtnC57LCfuIrCWaNO2FzATAAAAAAAAQIM+IDQYwjQTqbfxNDGTdlyDKxJwM5Gk01x45DKT7upbZ8+WZZ91Tr4ZNjATFKBnn7leMYh3qfXWLbR7p/92w3qLNGRfnaaVwSbXMZMgrwN2+lKjPDfqWRzVpmw7YCYAAAAAALxVBp/P/2NwJpYGdETag4w59AGhwRCumUhPy8+RCP7iPe2c3cyYu8pe19na9hgN1r+VeVe1CwBrAWYCAAAAAMDbY37pzdxiQJu6y0FHhI5Lmxpb6ANCgyFsM4lNaEdelLE7Nzykh2JgI2ynmaSZVaRdGdEusQFsh9WfctimXSJmcGexL+rzXO2scBm5ktasTVuDERvdesrRU9pZaxDL5wJ42zSdMKnRLrAB5juvxaE14xP2H/1GOw/YIcaKD2w2HzTw7F48OpHx+6fluh2DN/Hl8emZetVyAvOP80x/VrZz78Kn+BqKP6DP0+6+kHZCeD/CiX+PN5ni4v89W0mSefh9fP2SMok+T5yUpl1oG+JHAQb8YxC3HI49YvW4OPqA0GAAM1Ez9/RsLikLynU2PJnTzgXWZjvNZMGPocE2GlnYiED6b6CFxYTAK/4hZjz2aiPZMB1oYW1a9OPOslF3W6hK+qlDMzM8NmUmWW4yEvSZP79BW5AZA2YCbB2T6YA2aQ3yfquxlzHTZy5xOlB9bLMx8TYQXz73TwUzdEDj2tkCyfuPFPTwqefJZ1uFmbuGzZvJ/NgQEwp2MSzV7zvfh0e8edmPlOU4SDY+K7+nmElf3rFq/gmqx0feH+JcTSVcJ1zpJlld5k3pqosHYdpzwvSHa9PK5DFxMu8D04Fvv9mimVSdTEk0m9mdVpKyks3m32f5fR3mhHRxsS8TzLZfOnxtjpy0RAd5KJjNGZb6ujo8tIhLYnyXzOYUC/nCEM3fmVNSU4U7uN+RgZ6HWXx6e4jVCD5Wj4ujDwgNBjATIDJsp5lQqJnwycBYXWKCOTE5bYJmjy14U/aiBRJzrrT4O21fplAHMWviaZrIJx1fpyehG/zeFO8CTVhIxzd8c8aPNvT56G5Ol2eB/m6Bm4k0Yv6OfAHBCXpcib/PpDO8zlP4wBISmyfIcoJ4ZPHvZ6IZfcPoywnQBfwt+Av/fYa8oJT7eSr+zMOneAqGmwlRDroj6HvGm9ubyk6WJGX8nuxPCn6OcjNJMifRhfFJSUi0dW7EHgEAozaT+TRznCluH8s7n+/GWel74kvQFdVXSItWhNBwTMw1l6RpXH5CwN2oTNbH7zHFmdNOOLvJ3HtoxWMf4EXwog1/xcvtie/W57FHGq4ldNDOFkj+/Fzy0VJ5avebyeTDhHjhS35WUvJsfn88Lhv59EJoeTlAi87ufVPyjCYMxv9IT5+Kvgufimd/zHbgnnyDOkE+4cAeU8IZvGJe+jdou/yaoXMp8aZP+Thh2vSn+njTvjw5xEfXmji5z5R27ZHyUeGw4DUnf5kumIk5IbOKPMKqjpvFzKDAsnwLDXbQXCq00lp5TL7C1NzPzUlnWGYWMhPzV6cynPLn+S6lmtPATCJFrB4XRx8QGgxgJkBk2FkzuYRDYnOzX/LfxTWXUDSMbplphT4psGBz4zspiqQ1ZSYU8iEs8q77CoW/6Zd8gQDOKzLjmPowWukSup/brpC7N6kWJa6+O5DNpOqrJJpPpkC1wXcps5qp2KXDZiYe8iKymQTMqRY5DS/AHlHBZlqbDn17I+wp7jd/VceX5GbSkZ+e5cHPRfTAo09NiVTMQ38zE1TfKjKTBXdWEttuM3/cAsDGUcykL2+fKZ6OoogQu4S6ipdmEvFZgunTM0rOt5BbHzB9kEfH5htOkODynrKhpfoDRYN0NE33mZGFFpjQcav3tXGxSfL+c6P2zKvst8/M5PhHRw6eKp2d6E3+6CRe5pD1MV34oyNVs2RsoPTyAF0lKtCXmaAQH/97VmL6wzWacu/PxB61TNNyjL7z+9jpQeseKAm1pCSaSfWXykl0pePxsUf3+uiXI+Htcp0Qi92oo3L6LuyrX5K6f4w3xbOKXmi3USKbXKo/VhsQPypssCWwWyW7J2PQ7dcjtfygPOYYC1V0GXO6g2RGhcBsTpVe4nIROonN5LvmJJRIyEkyZ94JgJlEilg9Lo4+IDQYwEyAyLCzZkIFg4MCiI7zRFYSEidIJtFGzETTfAXdtgOduXS8box8yq41E0uP3+9zpOb7WErQn5HGSpHQwww9chRhaQOl8wAAGpVJREFUIRoTwkyEog88pSzAymHU357wuBqxZf7i9/ubzcdZx9ZKIQx52o2QfDuegjAnISv5kttL7mFcnHLpF3nnAWADcGFA0aoITppFOmHKu8lyrfVmggkGTvxrnMmUIIkxsSqCpCHsvQPFLMRFi2k39NbQlJMYF5sgM0F/D+4/QqaombR/cYO9sGvwyrF2Sfp2/5HjlXNSsPUvnjfJ3zWgkLn2uyNR1SZXOQuzfft/G0++Y2Ym/KTo7QWRQE6iFAkzUaG6GAKkUC4+7fv6fdh+FUzMivuQvdACC7Lb09f+gCfRX5wUWTNR3asFSyGQ+3NK+k/sbtxSX9fh83s9DjMpoFZ46aAr+sszLpFbLzUTdOfvwDlQAVqWAmYSKWL1uDj6gNBgADMBIkM0mEnKxyl0oIk5JKI1pzukjZvJXvYJaKA5SVU/kpCb1tbdtWZCy0zMCazmlS3dfKneu4Cfk7hEIlJmQpr/UGSrwPPZivzJt76ZmJOqjqMTZ+MpgRFckewGDysAYD1UZvKvedMyNDEwdC9+j8k1hMdDmwkiOFh4wNS3GTOp5puRN/SW+OdCRUUW3vwPGkcp6kUUqJk8LvhjFd4pYiZjruT9R/jwABeoHkk+7ZZaztWuSMkfnUOK8tePqMlEC+wsDJUc2GOq9+K8oo2YyXzDiRMN8/q5poPrm4lYAlNyQHeRrKETJtMxYSogyuq1SboA3u1A9bHqJSmNaswaH7UpFDNZrjp1V07139CUOaO7c0e9IzcjJcst3KVJvS9WbYvgK0x1vCRjy1UpJEuLmgkylsw7AfQ3l7yOAcwkUuyq4wrMv950OKcPCA0GMBMgMuysmdDaXJY2XL+ow3lDGqu7dAVXKJooy6DL+MtxYz0cMwufIKnNBNfmMidl/oKjdG89Cosn6i7bAkH038GWIUUoE37/yEba3EcPspkgnaDNGZHE0Tl+ZwZ+bo3YeG0uSyquzTVRls6LLOTvR1ubS2Mm6NtrVj3pZGQzCbiz6FbQuvzDU9eozYX+Ltw9RR9+SjqRTADYCOraXLqwkkDD0zXNRJqv/pKZST2rqSjU5qo+RmtzcTORluoTVA1U3iK53SvIRqze11RL0IBStAvJUDORSLHJtw1L2EyCrZ/ZVVnpUo/14P7MgkPYRm5mHhl1ZiYfsqoW2GmoV2DP/C09BdPrmgnSkm+amJZggg+NW8AThFZGk9c0LeDXqs3FmW868c09uS0HqcpFbYQwTS8ettto5IMDaU5isKE+arMItbn8rD0h9p/MtXod0UgFekQ2C2+nSzKbSbN4PNBHADMTvGIGeuDSxcBMIsVuOa7Hd92FN/HQ9ko7yxh9QGgwgJkAkWFnzUQatKUnUMsgiaSdCYOGsy+xXZiNW8AvNPOVSCJpZ0KhZSZB3DeXefe2gEf7T3rHQibQ7PPXFX6ZlJzECjQSUnx+/4S3jh3pyxtJX1xCy3Q4s1KT2PeDvmGHx1v3C9YGvZlIL+vMKV96x3wd9XVpZ4RuXpTCFr85ORfXBAiOoCXx1uov0YKRkSvpaT86WrwTVVdOSbKZoPNhTkaPvRbcmYwf70l62e763oGdRGwB33dh//7vr415731z9BgKbrMPnhicnn7o/OaADUuF6zOTa2B6TIkg7524cK2+tv6v6Qm0Npf0+K8Hzj8cm55GIeeJBJPLO4bW3b+HdsckmAmuOGSqvtc3NvAw70tl62+JTbSAl83kwen/TP7oDKnNtZScdu7BorAQKST5bP+3aBRpScF3R6KtoTy1jkDtMZPJhE5f3mcJxmaCJAEtgc4jHeSaVAl942NoVVqk9WkIKVX1f2Das39wehCd7gTSYh4XfPCut0SdWEJ7NH3t+/1xJt5JF0bT7Vs8qdnFzSSedx8cYTPRtYAPTHR4NLVhF8xJqk7kLx0W28oHzEk5fCInCWdXcTNBk0lmVvwOZhIpdstxeWqYmXheaGcZow8IDQYwEyAybL+ZAMA2ID7v6SQl6eN03rEYS0nLyHGyChE5R5NQSmJyupJ9SqCdkuXU09ZPuMFP6l6zeW/aKaeXJrQU4sI9lKItf6I9oR0+5eiR+yoI2RMa0TxSERyDgglx1im8V6z7NQ3picKS8l7RLTnSzdqdAaKD+PK5fy40Ki2hcDNBLDZQM5Gk2cc3T59M3n/kP/50hs6avHHyMydtfPI0ef+3rB181PDw+/gQ3WltDV4CFgOo7lQLXttxfH+wdZIOYMrSzQm4nNxGO0VMTJLfbeVPI500mvemdAhe4ndm1In1ApbrUgt93EykPguu0EWIKjMZb+x8okytxF0bRv+Ol/qebOGV2Vdd3XHn235X2tv4Yp1WV2jr49q0TWBwXGFQcW/uf12ZRcP/55zrnolo6LU67b3ferm6XZu+HvqA0GAAMwEiA5gJEJPozUTJmDSzdwXwbo5HLuP6ch0/JXm5tHysVIHzl2fQjMyF6kza5odWZqMpuFa30EmaWc6VZJMJmeT/As0EFfo3WzBniJXcAubUSxKNRcxJtq/ME96WSx6cXveV2Uf2ypKq9ASK8BYiK0mypctmgjsD5VU1Mkhd84B6EwCw3ZhMprTv13w9IvDuYBjBv/pNJevXIdDW07iOsK/H6vOci21ypkxwqLG7wmDL0WImq/+vuihVHnY+m0EfEBoMYCZAZAAzAWISQzORI3j+asgRW0a5X+xRwJyg5CmidDlfsiOX1JFT5gab0YoTZem8qvcpVV8LE7ziuHT31A0/Lsfg81QOs1xHe3PGFRG/bhbKTFqy5MY8SJ/Eihy+woysu360PJ2cwNmrbK/QPqC9kvAmWFehAAAAO4hxBB93oZeO3L7WRot14s7/ep/NfPPJxbb3LnbndOMwHS1AU3sqOypIk4kPz/fQEUbPr3HnhVK61fFDjeT+3fPr+NLk1WsdzIKmR+LOt8XldTxqUMzkqrMzLq+th1bVQ5PFbdPd6NN65PkhMD6uDfLKq7x9VTPse/hau3TYrC7NL2pqA6yPPiA0GMBMgMgAZgLEJGuZyYKvKuVH1pyGm8lCdSbuYTM4Yk5MD/g7bF8kib0C+PJTWD2rlzcysCcEkDzIM3Gj1arjim/c+FwwE11nO5mCt/AXDkhkE3SfAp6clARzutxQVeqzpPBGWZ1Ii7T91HEzwb2iyXuF9oEaEZ8LAACwgxhH8E4b8424vF/ZiGwmORforOCjXzpwK6MJ39UpPP3hhd441yhK5+UtlPuutrifVS0b44pJW52eXzM8isFwF0KbpmYy7el5ROqPfXKeFU0jM+lZr0aZ8XFtEL2QiIN26bCAFvDAbgLMBIhJ9GZCXs/ir3PmJh5ldZxoOxNzQmLajySmX/CaUzKar5xK22t2+FR5S3JLD6/l47diJkghxGdp83fmnMOJuOeArZkJ+hyl+hcAAMAOsU4E/2owpy/I/hK4meCSDXkgKVRF/MfbVnIudEjPfaoCE0l6cqcj7rLYbUCQNlxBZiIXwiD8xGowcm2uWeQhfEN0FkqRl1+TdY5rY+htJOJm8qz1ATWTgfVcS4M+IDQYwEyAyABmAsQkejPhk1wJzGkW5Cq4g2kCCu5H6HjQL7cPUbNcRdVCqQYmjZh/aBGrgamLKbQvdRbfCZNmaCasEx7SWx1Lxa/lYS1kOHxzuJ2rvFe4StgPuAwGzAQAgGhgvQh+HvkGL7WQBDM5dF7dCT2aZX3y5NUgEpL7rja0iraVyNq1uQQzkbiZDMm1udCnCfMx22Ym+8hrjkIPhZss41iL1dknDx9dqdV+meuiDwgNBjATIDKAmQAxyYbMRBEMDG/RgUjRvFmZkJVsTiIRP/8E1gL+pUPTAn6ircVHnoaaFvB+J2tMr2kB3/FTEq3NlXM485Kzruors+N8Ou1tueNMkqYFfEub0kuXIkIvHcpxsRbweO6mqxUDAABEmnUj+OOk1Qef5GaC3CPr4eT0q/mhJwN01kVr23t5xBleDX5oDZX38ty399oTtIqzovM9uWqWxkyO57UNzS0tzPn35rHaXNLq8712vFZjI9vQtpmJJL3RCok8RMhLwkcfEBoMYCZAZNh+Mym/bLeU4l6HNkBw0u2qoP2yrs71NlRY8u0VLU/prPnRzgKr3VJUITdXC9Y4r9MFaMpYexOatBS5yt10FamrCn+CxeqYoh0JvpmkKbYqnMXiLrXjufIgSeO6FElaeko3WvmYvUaB7pWl0CXvxo6BviujlnrvGLybYDN5GY4yKfSzqTETZAvppC/OxOQ00j3whCwPEzgxJd2vvNFsgfTPm5p5hT32vFcyyYen0mXSE8wp9Im44MW9Bv8+k3YDiqC9gqIUOsnw36At4CmaXoNJX8aJdfj12RKuS5b4JZ+lLqJhe8X3k7+aM2bouWVX3l+yQV542D1kF9J+0+HWvH9gyVtRpHwJdeUVRYXy3ekZueORQV4rWFbiQHe8wXnl2jWmpoh81O6nwN666UtlB1gYeD9uVH4ejrwfNyAPqqXWZrn6i6nd8AbhCEXwUUekjmuy5ZUoJP/P32cLBrbYSZmaxcHble7Cm6KdbQh9QGgwgJkAkWGbzWRpyG2xbthMJjw2q51GFb1V6Pl6fWxutNiKH5wzLdgHuoYnu+5WFtzupynFtzzz08MF+XaaYrG6eskCRVY76d5i3HK5Zn5uZqzXbSnFbwbA4kFSnORJP9nX3fWYDc5CtJUVIcVNUqSay/bG3lH6mWQXV+he9bfU2tzaUuWtU2F3oMPsESJiDhI8zXMXzCTCLFfx7v/fPqzXYIrGTMJF9ZmxQQTNxJZvb2QVOij9NYV25Vfc31BAw32CTY74i+y1PPGts/QU3S01ZtJzC90J2Zew5K0tutbk8Y2i+x6e9tbWyXewSRLVzDyqLK7qHPO1Woq2cbf1rE5Z8l16xRIfBEix0Ndbie/comKx1yPO9OCUYtfGHhwEi82tvEozWnn57V7RTAbf//CZq3HqLh7ExWKASEXw0UakjuuTy7Tu1tvqJhhawAO7iW02kzL3KIotNmYmQUtJ08iql0YVFmst6yVjtbusVXUv4E8vhrdWn4IfivQvwUZiDuVh+cJT2ceXRkxZXKqXg3mu2WmKxcmLd/vRbkzdd/G+O8qFOCYSrHS57CPkw+tKVJ8801mDvKi9ShuigZnsakaupNNaW5Hixucx+KbFiJqJy1LY0C//ftHPzXJLyV8ot9orbjd45DgB3THkwtthdBMQ3xf+9ih3esS7Fmap29m5iH7p9EtA+y/Mw3cA1ZfzwmPLZzUG51sraMxPQcc+2VlrK7QXlKJPCNpIqUtlD+7zqEK+j1lKW90uXApd1zcnrLp5/J2WkgaNmSz11BQU1rIHwWxbmdWuuvZ7atS3sv7iBqJeq8M01ylGCD6ZmkE2opjJwPsncfdTOqb/EictPsJlKf/yIVLO5yc/HNj3m8GTV9GshdJDeJXRq4PvH5opPY6WGfk7yxef+P4TNPn0j8cnurcth2VNIhXBRxuROa6VZcfAyqt13gm5JQY896mZeDdZwqYPCA0GMBMgMmyzmUgkttiQmTxrasQv65bNpNQjP3THLVWsvz8KkhZxcrLJpU4JjjRcx/4w11bWQj8jaLHWoH9Oq52moFW6xIJTX0ONOkgsyHfQFMtNbix4N8Q4yV0aWTPprWTFMnj3xKfxUmcNFby1zGRpqAkHWC887ukgij9oqctMTwPOgyyqUK8EANECiokr+wK2Ilzfckx+SA+24Au42NlEJ+XLPoj8vMJLYvR5UsFSCKBrnNdV9TxlM6krtU8K/dKg6Lws314u//Kd+Y7K/m5uJugW0bXUX3yXlaooZqK6F7191GbSXm5fUgxkXBOmoxsF6U9VBpuJnEeDPkeIeW3518uqWvvHZ2rs9t72mq7hyfnpYUv+dUk0E6vDebd7ftwborhjUyx1orOp+ZDyQjtSLPogGLt7fV3FqpE7W8Iyqczwor1d6nfj2mtDi0tDnvJiu6XwOj3v9DSFvEKiCpWZ7Mtay0zGv/piYWZ81nVypPrRqOvRnOfc0L64gMpM4p5+dXF5Zugpqwk2PvBJ1vLM9POzJydYdeadJDIRfPSxa45rdbKt4UFhFbwDHtgNRKuZBOVlqJmMW24p2Z7i6j23HPy9SIRFS1GtnDKOnkYFJZWN/eyBNOkhbULIA5gQpCk1Q6oKncWa0o9RNw9fbFZ77/jMyGO387ID7ZJoI3pV2BLPmop4VOFr0EcG+s1RM0F7WEC/qxceS3kn/SZQBMYWXu0vbop8rTMA2DoVuL0Wi1At+SRzYdSN4lc8sjpucXW/li/7gnxW7Qpd82UtLBqvICbPSxolvBj5pRMzQT9V9Y0Cm8nrrhpLPnX1USIhXmYm8k++QC5z4GbS3+Cq7Ito/W9jRDOZbSvvwd8GC9xfeIpKXCPTM/NzM8W0wur8MJKN+bnJmmsOpG2StNJb5ahsH54f7y8qUrVXoYXGBC+/IdC7mWIm7JshtV6F2294iGay1FlJzwW9k6MtlrWOFxdiqZgn5w6dZeoSnqfk1r3SKZ/loNpwsJnQ011ZaO9hp2WK5h9xM9FcIdGGaCYzdxune8fnOm4PvB8ndu6KzITHvwPvn2RjnpPPR1VmQpNZivQEmQlbMgrYNRH8JonV4+LoA0KDAcwEiAxRYSazw6RuNCmvJ1QqrTCNykzGmlyN42I5dcBiVdfjokx4ylpn0OPQjQthEEFagxwtTFPme2q5e+CqBfKTjFIW8nm20unsXHmLZSZhmUlBEbIsubRHqMTCow2N4wFA9FAh+4ZEAllJfZHTkJTGrO2yY4g1GOkPUIi55Z/kC09BkaOoVptvTMoTgv01jjHcxMRBKmgxMymXf/IjDdfbyY0BfWx5Owr6vcj2+SdsB4KZ8LYizExWOpVaakKpAoV7BQUdiNgttWgm/DvXmQnbXKTNZKpALnmmDwK0M0qKerfby+20hIR2NFLufmrJr6RnhIDNhI6Jt1/6sdxMNFdItCGaiUL/xTGhQjEyE14zc8Nmgnn+/aGBf/tiUnm07hixGsHH6nFx9AGhwQBmAkSGqDATHXLzRzagB7DSzmSlU25novUQnahw8NMXbZe0g8egBx76i4IMOWWFP3rH7l5X1ezCAoOrfml43VXTOodrb/N2Js7ItjPBNTHkD1TXxKCENBNbw1OlyAjMBNhVbNBMyjuHcdBJfnf6uDOkmVhKm4rl0g8Oq+n0rKnuGc5xJ2ksTBdvPjSfgpeZWHSf83ZRzASXAIvDpDSstNef8KCjELHkq+5ajeq2ajtoJpP3Xbzwij4InEJNOd4whvK6s7JVXQPLUtwkKFbsmkl3znNBJ8I2Ezznd3EDXzcKCTtDrEbwsXpcHH1AaDCAmQCRITrNRICVmfTfVvXNhZ436NnMu9Ki/QuXNSida6EHubOhdWpuprelAa2CS/x9DUXl7vm5manhbqo0Bfl2mtL4s0MuTtFm2s20VPBWsIjJUdwNTjHuXoxWfA/yvrki3TQT5+ZqWsD3+hQZCWkm+Bk8ISsNmAmwq9CbCbqG5dpcw2JtLtx+moSw+riz5xb71Uj4Q5TaXLg+mNJ9BYa3wUB3g4Ia+uMlYfqoWyw1pR/CzeS1t5bt0vagaQFPYGUm6BsrsreTJiK0ELiyuKIXTc5NVtrs7IY2O4rvb+WO8k5VOfBOmonQBaKluKarbxy3Mynht1NVo8HGUrsY96EDV38bMWYm48/+7pzqGCK1ufaKy4RlJvefVz9anhka3Bc39PPO1+CN1Qg+Vo+Low8IDQYwEyAybL+ZABunkvQa3PWSFgStWKyVfNaaZiKRIAw9m8FMgF1FCDORpKnHuOcGXQt43EtVwc3ukHGn2xW6Bfxkk4t0qsHgZtJebpe7l8Vhulx+wqCFqGIL+GK0n9BYa5OEbEavZFHJ74kip2emp5a+JEp5DQuetDrkOyEnFszkHWHw+fZ0aLfdxOpxcfQBocEAZgJEBjATAAAA4P+2d0cvbV1xAMf//ftgCOpDB6H0QZihoUMQtmmKbamsSMVl0sDoQ5FtFBnO2ZK6IsptYm40Pac7uOSErPr58APN8UbI2+9LvBFm5/2Hs3e9L/6t9Ves/4r6rys8vV3ihTAxyoQ8lAkAAIF4IUyMMiEPZQIAQCBeCBOjTMhDmQAAEIgXwsQoE/JQJgAABOKFMDHKhDyUCQAAgXghTIwyIQ9lAgBAIF4IEzNJmfzxeK2oNYezOfr89uV6dXLv8dvPruZuUCYAAATihTAx05VJvXV12Ou0lcldpkwAAAjEC2FipiuT2nWZnOzlKJOD7fHfyVdEmQAAEIgXwsRMUiaHW2utTq8szxeqODkfZsnq3rtep31v6zB8wg1dvG4tNk+er++chj/h/0+ZAAAQiBfCxExSJuXFP8OvwyBZ+W5jlCgDHy+uL/xPPr7cKGrr5el+4/lxddRpd8uz5cVmdXJx1P++WGwdnlU/P3ixvXB5f0vjh1+rI+ZEmQAAEIgXwsRMVCZjDn6s/rJr+q2z0Y+cl4PmWag9qo467WKpfXVBUVsbfrMwuvLK1oPmpO/UkIcyAQAgEC+EiZmoTGbynsnvo3tXBtMd/pJOe/P6ppXX4xcUD7v9o8Pd7fpSdTL6kDDmQ5kAABCIF8LETFImM7nPpPtk9en+zu7lPN1Y7ZwPDoMy+fbnk7+Pq+mdleVRUW91fxs8/KmpTOZMmQAAEIgXwsRMUiaz+GyulXpz/GFRW9/6KyiTMvzYrlftlb3LgCnLRl2ZzNlNyuQUAIA7JV4I/32mKpPPI+T8S4c3Nbj3fUyj1mw8OwrKZPN+c/nhi53d/Qf3W61OP8G6xdL3J38e/PLsyfI3LWUyXzcpk/A5AADcavFCmJipyqTwP+AZUSYAAATihTAxk5QJxJQJAACBeCFMjDIhD2UCAEAgXggTo0zIQ5kAABCIF8LEKBPyUCYAAATihTAxyoQ8lAkAAIF4IUyMMiEPZQIAQCBeCBOjTMhDmQAAEIgXwsQoE/JQJgAABOKFMDHKhDyUCQAAgXghTIwyIQ9lAgBAIF4IE6NMyEOZAAAQiBfCxCgT8lAmAMBMvXn7/tWb49s0/VcUvshbJ14IE/MJv5MWcap0tjkAAAAASUVORK5CYII=" alt="Screenshot" width="100%" ></p>
<p><img src="data:image/png;base64,iVBORw0KGgoAAAANSUhEUgAABDMAAAIGCAIAAADGMlPIAACAAElEQVR4Xuy9+18UV57///kP9pfPH/DdzMx+dnf2yq67fvb73fX76QkTMhnJMDJJZJIMMxlJnC86j1FnJppNzI2EiRKCRFEuGgSF0BHwhgqIcgmIAgraA4oilxZQurnfGhvr+z51qk6frmpbaBrk8no+XmLVqVP3U1XvV51zqv+HAkAw6HaMGZMAAAAAAADwy/jEw+sqNPA/jBMBCAg4EwAAAAAAMFvIk9Sp0ACcCQgOcCYAAAAAAGC2cFvCgTMBwQHOBAAAAAAAzBY4ExB84EwAAAAAAMBsgTMBwQfOBAAAAAAAzBY4ExB84EwAAAAAAMBsgTMBwQfOBAAAAAAAzBY4ExB84EwAAAAAAMBsgTMBwQfOBAAAAAAAzBY4ExB84EwAAAAAAMBsgTMBwQfOBAAAAAAAzJa5OhOXW7EPu5sdD//cp8oh5GZySupnujkwPTL1yLgUsLyAMwEAAAAAALNlTs5k1PXoL/f0PpN8/5kv7z+z9/4z+x48s5/U98yBvmdSHc+kM30vrfu14pHo4uHvfvXgO1kD38ka/M6RwVL7Q+OywDICzgQAAAAAAMyWOTmTPZdG/DuT/5XWHXna6Zx8NDY1HXbsvnAm3zk6ZFxWkPjdtj+88vPXScYJQYWvYr7XsnSBMwEAAAAAALNlTs7kL7/o8eNM/jrNXmafGnI9YiiPnJPu72T1C2fSPzkvbbr+T2jYX37vb0jGCUGFr2K+17J0mbszseaXyCpv58ldhvRB77nmD+vvNmyydhtTAQAAAABA8JhHZ/Krkn6yJe5p5kDo35Br+juHPc5knnqbwJksBubuTOITchP3HdO0JzfnGk+2xSda9XTr7sRcu/dcfqixprz00oaIdRu2fHy05GafcfKTgDMBAAAAAJhv5suZvFHiJCvCKkvIljxSptyPDt50ya25RuFMli/BcCaFnpFrJR5nkmfTU7uL02bkTGoSfxux7rcDbk/KVE9ZRPSnnvEZAGcCAAAAADDfzIszCbf29o6pbbhU3NOPjt9xfU/qAQ9nsrxZRM7EUfzW4TvGRKIj7+2Ts6g5gTMBAAAAAJhv5sWZxJaPDUx6nMnk1KMXv7n3ncMDcCYrhMXjTNqObKuYMCaqjEVsPKoN2gtqFKXJmhCxjjX30hLdQ29v/u1LlPLz31b0TBmcSUnGR5uifxOx7jeplZJd0Zfz1s89y7Hufu+XLOeGX27+qMUx5ckMAAAAAAC8mR9nUjFxd/jR9LRmTYZc0//7sB3OZOUQDGdyrLauSdPpkx5ncqhcT7+cs+/JzuRPwmmYeFtMshd8nrhdbu5FexARvUeMTN3NeyvG40y2vLTBk7mjYEuhbk5My9n7uvfavVYBAAAAABA07KWF9cY0fwzeKI9PyC0ytCwZuGq94f1Ot7uGh2G7My4/Me6aO8F0JqsO3H0+884/7e/4x/Sur5qnu0dVc6LaE+eEe3X2Pf/O5A/b3+Hh/pW6ehH6k/60+/OpKc/L5h8+/2N5Kiki8mUx1exMnvmrv+Up//Yf/9ne3vH3/7yKj74c9dr3/ubvxUKefe4FMQtt81eHsw1ree/9j0QGkchH3W63nJNGRc6VydydSbDY9Hhn8rnkTN464nVd1iRuGJDH1eVozmSg2NAMzLMK03I+f+mxawcAAAAACCKzdSbxCeeMST7RncnCEDRn8tdfdmbaJiu7XOnXRv42rfc3F0cu3X808VCrOaFYP6F+ZIbO5Pv/+C8GVxD58s95ns92JxomcaXsT+UZDM7kWEGhyEO2hFKEMzGv5UBaBp+LTIthElfDVe3MiBQ++qsNb4mU6DcQjC49Z/L5Fa9JRzYb5yKPoTmT6j1HWDnykCoqRkzL6bK+9561ybs2BgAAAAAg+MzemZQYk3yyRJ3JF1dd41PqT5c8Ui53u76ffn/jxeFLvY/ujT5SK04esa8GS79n4seZkH75Rsynf9oluwLKUF1zSU4xqLHpuuLtTERtCen2He1ltnAmpH/+19Xvf/ixvBDDZpj18CH79Xp5VLYlUa9Fi91ZySweZ+KnNdcWyZlYvasnPaZFR/Qz6bJu591RZGmZTMthuKe6LhVQniOX0IEeAAAAAAamBgf6SY5rJVkNozTuqDxXe6f3dk1J8tkuNr27Jr+0JL+86bZTqc/Ljc+tSc6rqb1BQYWjPPfk7Qf91fnHitSffdOcib0mMV90ypWwlZc1d7U3VcUfbZpUFFpjfMI5+ktTaLHFadbqOpYufEhKYm5jZ//gg/bde6w8JT6txhDmJJ+85Z0wlXJW+wW6gAmaM0m1uZ0TWtst+nu51/X9g8ycHGx2tw09Gph89M2dqRnWmRzJ+Zqn0HJE0N9lt8sOQcwlUr77139Ho5bQ5+VsXH9ubhH5hTMh38JTbt1qlRcrhr//DyFirp+se4knkg+R88gaH/fd1XoFMndnEqx+JmQkZtID3uAoPNUgUgp3JlNlCTWGaQLTcrwYqIz4tNKYCAAAAACguOOTjG2ryAmw/7prUkq1l5vMmSSaKzq6eQbmTOyX4zMuG6d7E59QwqtWRJ0JLbZ+Wp/Mncl0U3Kx/ka1rfxxzkSZ6tpdIMzJVPz+C9K0AAmaM9l2caJl4NFDvWPJpPvRm2cd/5bd80bZ8OmO6Uu9j35dOjRDZ9LR0SkSRdzf2dUlhv/z/31WZAj5t/8Q6YpUZyL0DyH/JjIrkjN5ITxCJMpLEMOfxH8mMojqmn/7j/+U8wjJfV1AMJxJcL7NpYyWPfarwaf17iImR1Hy8QbDV7TeFv1M7AWHbntPE5iWYyBinadXPQAAAACARvOFnGuswoR42GtL/NIan5ArnIloTMWcCU9kTPU21SQm5VJO4Ux278nNb31MI/Kh9uR96mJ9ORNP/MJXJ7fg0od9OBNFKUrLZa2JlKn24sLGocesejYEzZl8N7nz09qpO4OPRlibLjaVzEnUiQffyej76/TOv0l/8re5fv/HHTzK7+tziEQR+nd0dorhn72idTshyGCIdMWXM/n+P/6LyEyI7iXyQuQliOGDXx0WGcgs8UReM2NYBenFn/5MZAaLyJnwX1p86bey05jqqYyITvCMmx2F+07E1gLPaEfBWxu9vs3l5VvEZWhazpR8hbo7InYWS+MAAAAAAEpjvjV+j2YSyjNz4w9plR7+nUlaQm5aOQ+YWzx1JopyYn+uZnG8iU+6oA3MxJlMN6WU9Wopdn/ORFHNSfz+C0GxJUoQnckzX/au+cpZ3fPovv4bi/T30I2xkIOd3znU/52v+oPoTP7m7/9ZZCCrINIVyZn83T/9q0ivr28Q+WfuTF6LfkNkSE0/yBN/+PyP5TyyRkZGRP4VzqJyJooy1nLkvYifv1dSWVlRWfnR79ivi9TL394yOQriT29sSD1Z39Iz1Huz/pev/Lbt8DbhTEavZb60OeHIycqBgaGKytMvvaTXhJiWE/HKtuOVlU13h1quVG76+YaS+15TAQAAAAB2J1hFhQnFNvHZV9nQ9C3/ziQlIfdQrdpg3XZBdiZkJNIqPYG0IH5fufq/Y0bOROkXK6LF+ncmylRXsGyJEkxnsvf+d/d2X+l1D7s8zuSi3fXckbvBcib//d77YvSf/3X12XPF3/+HEJHyxZ4vFamfCQ3/07/+u5gqzMkTncm//8d/idGwF148fuLkL9+IESnNLazLipw/M8vzfeEf/mitWOZKZpE5EwAAAACARcm1ErWFlSoKcqYd9fknadha1+vfmSh9TdYM1jqrtnfKy5molRh20W9E52ZpEWXOKr2TMiNnooy21rBNSrTeHG1/gjMJKkFzJt9J7i7ucD1Uf8FEUW3JkOvR+lN930m/Hyxnoki+wqB/+ff/m+c3fDX4TlubyFNzqVZewuOciTxq0Ku/+JXP/Dlf54kUmBMlGM7E0/1d1W0nT+43pLOPSAAAAAAAgGVB0JzJ/8nuvT/Ovw/MLId7+lHlvYffS+995qAziM6kvb3D4Ba4eu9rDWXMv7S46n//Pzzlf33/Hyurvp2JMyk6c+6f/3W1YRXf/eu/458MNudXvL9Q3N/PPsG2kpm7MwEAAAAAAIFhLy30VMXw2pglQtCcSc6t6YmHvOu78pBsSffU91J7n8lwztyZzIqaS7V7Uw5cvlJnnBBULlws35+afvJ0kXEC8AucCQAAAAAAmC1BcybxdQ/vDk1PuR+5Hj4q75r67oEHz6Q7/DiT4bk5E7CYgTMBAAAAAACzZU7O5G+/7BXO5D9znOe6ptuGHrUOPtpw2vFMqgPOZMUCZwIAAAAAAGbLnJzJ0OQj+dtcf5PeF5Lp+KvUB88c6PPvTA61uIzLAssIOBMAAAAAADBb5uRMiKlppcXx8M99uhxCbianpH5Now9RW7LMgTMBAAAAAACzZa7OBAAzcCYAAAAAAGC2wJmA4ANnAgAAAAAAZgucCQg+cCYAAAAAAGC2wJmA4ANnAgAAAAAAZgucCQg+cCYAAAAAAGC2wJmA4ANnAgAAAAAAZgucCQg+cCYAAAAAAGC2wJmA4ANnAgAAAAAAZgucCQg+cCYAAAAAAGC2wJmA4ANnAgAAAAAAZgucCQg+cCYAAAAAAGC2wJmA4ANnAgAAAAAAZgucCQg+cCYAAAAAAGC2eDkTCighCIIgCIIgCIIWXl7OxGhbAJgxfX19oiRRwRqfeAhBEARBEARBM5dkTOBMwByQSxKcCQRBEARBEDRbyfEknAkIHLkkwZlAEARBEARBs5UcT8KZgMCRSxKcCQRBEARBEDRbyfEknAkIHLkkwZlAEARBEARBs5UcT8KZgMCRSxKcCQRBELTwcgxO3GjrD5ZoaeZVcD0YGDd/UwhamRoadRmKx237kLk4LRXRxs/f7vi5poTkeBLOBASOXJK64UwgCIKgBRfFiMaH0xygpZmjtHHVlhizghXMmHfxoDJjzLHUkIt9cHfH7OLMkuNJOBMQOHJJgjOBIAiCFl7GJ9OcudHWb15LN35NGHgjFw8qM8bJSw252Ad9d8wXlEFyPAlnAgJHLklwJhAEQdDCy/hkmjNwJmAmyMUj6KH8wgNnApYDckmCM4EgCIIWXsYn05yBMwEzQS4eQQ/lFx44E7AckEsSnAkEQRC08DI+meYMnAmYCXLxCHoov/DAmYDlgFyS4EwgCIKghZfxyTRn4EzATJCLR9BD+YUHzgQsB+SSBGcCQRAELbyMT6Y5A2cCZoJcPIIeyi88cCZgOSCXJDgTCIIgaOFlfDKZmJ6eLi8vLysrm5ycNE7zBZwJmAly8Qh6KL/wzNCZZN90/UVqv1kp1/1dXOYLyiA5noQzAYEjlyQ4EwiCIGjhZXwy6fT19Z09e3bTpk03btzgKYODg2vXrvXO5YNZOZOx8cn2zvv9AyODQ2Pdvc6ue33GHGCZIhcPP6H802Xz5s18YP369XRFeE/0YobOhPh369AjaZSG//XrJ/z+ifmCMkiOJ+FMQODIJSkoziT/xLfxCbl/+vzrwlPV5qmBaXBo1KLS5xjgKaXnL9IoDcRu2vzKK6902XvMc81dzv7Rz/d8w/flgWPYnGHusv35Ju1Iyv5U8ySzPvjgI3okm9MXTDnWi3RyP0vMO1dab576RHX3DBSdu2JO96mx8alt2/5AB+e5557LyztmzhBE0YGlUmRITExM+sEPfkAbQJtBG2OeC4KgYMn4ZNKhOOzll19+8OCBnPjo0aM333xTTjEzc2cy/ehRp91r+cMj4/d6nHKKf2gJ5GrI23R0PXD2DxsnzxL4ooVELh5+Qnkqh0VFRX0qY2M+SlFgxMfHG5MU5eHDh++//356erpImQ9nQlbkr7IHxeg/5AxOuqXJvjBfUAbJ8SScCQgcuSTN3Zk4nKMJe76pvtRcVW3LyDxLKYUnq2cejD5O1xpvcGdSV3eVpyyMM0n/6szZkjq+L32OEUrxsy8HMk6bE5+og4cyaUfefOstYboMItNCO8uHb966Y/0m35xnYdRpdySnFNLJrfj2xpGvy8wZDDKf+lk5E9pxftKJF1/8iTnDTPTSyy9ToGBON8jsTK5euy7WTmQezjbPBUFQsGR8MulQHPaDH/zAmKooZFeMSd7M3JmQD7n/YMCQSB7DkOKHPucQ2ZI+x9D9vkH6a5w8S+BMFhK5ePgJ5akcVlRUGFPnBhnsjz/+2JiqKG1tba+99tpbb70lUubDmRA/KBzmboT+/lf+k8ut+YIySI4n4UxA4Mglae7OpPbKzeabXWL0RnNnfEIuF422td//LDGPhovLGsbVOJXyX2tq41O7ewf4K/nq2mbDYilw//Cjj5O/3PuLX0TzlIVxJruTrPJo4pfH+L7QZvcPjiXtK6Bh2n6alPsN23JS/8AYBd+0a+PqDlIeNtA7sOuLPNr3/emnDKv40Qsv5Bccp33ZtTuBp/y5+daPfvQjSvndlq00LIJjsme8zuRiedUPf/jDozlfj7MbwVVaAq9y2brt95Rt3bp1/TOIxQOQ2C+hkdFJOpW01wezznny9A7QntJJlE89F81+8kwtHcbP93xz4vQlSqHDIqbKR5t8Gu1Lw9UmkUIGg1La7nZu2rT547hPKCUu7lM6UGvXhtvv9dJofUPju+++R3no3j065hocGj301WF+6Oi4jas1by+99NJzzz13+bJW4XO+jJUiOpI7d75vcCaUvmuXdkbOnSulUZqdlzraBlovLaqoSNtrCILmKOOTSWd4ePhPKsnJycZpfpm5M+l9MDA2bmxePyt7QJnNdSz2bgdvIcZHKQON3ut2jI5N0Ghn1wPyMNzP8EobGub1LbQ0Eo3OahtAYMjFw08ob3YmcXFxDx/SYyju3XffpdGxsbEXX3zx8OHDDx48+NnPfsbzHD16tLKy8u7du1u2bOEpZEViY2MdDgfNy0f15XnYuHGj1Wr9/PPPybrwlHlyJsT/lTnQ8MD9zOEBuWXX4zBfUAbJ8SScCQgcuSTN3ZmMjLp44E4xK0+h0Jy/JqdJIi6vqrFd/3MHxakUjJJ74Yl7Ugo7uvpoIC+/wuEclRdL4WBzS2tnVw8N8HY1ZmfSeOOuPMvN1nvyaGDKP/HtvrSTYl98vvKnXaD9HVf3lKeYnYmYZBCPvynk/cEPfkBmQ6QUHj9Je5T7NYvUaVTUmYjWXGRFeDUCeTa+BBp49dXX6OBQuExLc/aPis0mjY5N3X8wZN6AWYlMF53cphvttDSeQvteXnV9XK0ry8o5P67u+9E8rTpFnHohOiApaSf5MM1IJpaMDT/pfY4ROu8i54mTp/n5FeLO5Nlnn6UzfuFixbvv7aQjcKXuKonnpCOWZz1GR4COA3ewfBZRZ0KHJePgV/cfOC1qJRVvIpiXd4xEdkV2Jvcf9NMk2e5aVJvESx1ZQZpE54uXxlu3u+XtNJRDCIJmIuOTSWJoyOtt7o0bN8rKyn7961+fPXtWTjcwc2fi6B8eHDKmz6rOhG4m5DS6e7VAcOqhmxzI+IRLUf0JjYqc5II61SXT8odHxnkiDU/rMShBnoQPDAyOOpxzbRsG/CMXDz+hvGjNJUwFQVaktLSUD5Mz+eqrr/gw9xvNzc30WOEpwlrQJDG7yGngv//7vynPwMCAKOHz50zevzz+szMjW6qM5d8n5gvKIDmehDMBgSOXpLk7E9K163cpfqWYtX+QLU2EpxSVnjpTy/Pc6+4vPFlNKSKKHRgcy7Fe4MMV396QfQUPEym+HB6ZoAH7vfvjvpzJ8dM1sp/Zl3pCDM9F5KbEvvh0JrSDT3Qm+zNO3W7zUatTe7me78VLL7/Mw1wKf/mAyGPx5Uzq9HCcomQ+8OMf/zg9/eC4frj62fHU5iKdPnu5u9d3a7FZqarmz3RyE788xm1P0t4Ce7d2H/ziS9bMjPZdVJr5dCbWAs1+tHf2nb94jf7S6abR+mu3yayKnLyRmzwvtxmimoKO2M6d79OB4qWCIgORUzTNkp0J5aThzk7mImggIiLizp0OGqDZSdu3vyM7EypOYkYufhZ4qfvwo48phcwPz/PlgeMi2wPH8Em9kEMQNHMZn0wSv/jFL4xJamuuYDkTcgi99+fUmkthQZuLZuG1HKNjE6LjSs/9fl5JwiGnIZyJSDSsq9OuhZ6joxO9pmZmILjIxcNPKG+uMyHeeOON/n5tFnImWVlZfJj8xuTk5LfffkvWRaQYBnyOEuR8LDrbtm3jiXAmYGUhl6SgOBOhzxJZcyMRnlLAyiP4cfXt+5Gvy+RAn4YLTzGvwiW/79+1O0FcqMS77+0c9+VMaJibk6oaW7BsiRDtCwXQ8ganf3Wmsto2NDwxE2dCImfyWWJeckqhWGZ3Tx+PbgWnTp8V+yVk8eVMeDo3NvyA0MBPfhLx8suvcFEKNyd0JINlS2TtSmStsNIOFdGp5Cm8LZbc4sunM5HPOB9O2PNNT++gHN+TKqtqDMeB2wxRj7GWES72t39g5LnnnqMMf/jj2+vXR5mdCR8mP8PzR//yl7zzEl8aGSHZmfDqFMogr5qcDD87lHlcLXhi4XzjYUsgKGAZn0wSIyMjf/zjH+WUU6dOFRUVBcuZKGoDKrrqxSh5A3Mtykwgf0KLGhgcJbNBvoLL7Z6mFLvajsunM+EpAtGIC85kAZCLh59Q3uxMbDZbbW0tPTj4V+PImZCR4J+05l56YGAgOjqaZxbdop7oTN5//30xvHHjRj4AZwJWFnJJCq4zEQ2ZeABK0ae5zkTEqRTgZuey5kBmvf766xYJCi7HH+NMKAonw0C2xGcFxVzE90LeYNFBggLrxzmT9s4+XpPAdbfjQfL+wpFRFx/l3UXkXSOPwc3GE+tMxtVKg4SERFoCLYdGn3/+eR4xy6JDmmO9kJ55xpA+d3Ef4rPOxL8zETVjdI7OX7w2rlYoXbrS8nmy19e3eMu9trtaS79xkzOJjIz88KOPDQeKt3DzWWfCq1ZosSK/qDOhhfjsZ/LJJ/F82NDPxOxM+L5kZJ6VHTUEQTOX8cnkzaZNm1pbW/nw6OjoT3/60wcPHgTRmUxMunifENK9Hie5CMPXumYO2YyRUU+dCae718lrTu5LrbnEVEOdCZzJQiIXDz+hvGjN1ad/m+t3v/vdo0ePDhw4QIVTUZ3Jc889R6NUMl977TU+15kzZ8z9TPRFMn7+859PTHiq1BTVe4hhq9VKtlyBMwErDbkkzd2ZnCutLytvrL7UfPJMLZkESvkqu3hPSmGn3UHDFJc3Xr9LwxTXUgwnB/rj6retKMq/2Xrv1NnL4k08b4TDg+9xvRUTRZM+nUnQlXmkROyLwzk6NDzB9+X+gyEKymlTC09Vf5aYx53JrsQ8CtPJeLTe6TmYdY6yUWbaI7acoyU0WlzWwEe5uOPijdPG9U9R0cCzzz5rUeEmRBgz0QOe56djQolffrmPj/JmYPKMQVdefkXFtzfogFgLKnhTMTp9dCpp12h/bWp/IdmZyKeeiyYlp7AyQIdCLQPMpJF/+yzx68pqm2F1W7ZsFXtEZ9ngTO62d4mpFvW48S/8Em+++ZawGTyF94AnpyHy8xRezcI7mRicic9vcz3OmUAQNEcZn0wmxC8tzvCbrbNyJmbGJ1zkLkRXEP/Y7/X13O/vcw7RAP2llKHhMZp9cGisR+180ucYogGyPWRCzM6E7AfZIafqixQ4k4VFLh4zCeUfh9ya6ykSgDP5i9R+OBOwuJBL0tydCQTNVmT5ROcTCIJWpoxPpjkzR2ei6E2zZmhOwBJFLh4zCeUfxxJ1JrPCfEEZJMeTcCYgcOSSBGcCLbxqapvlvu8QBK1AGZ9Mc2buzkRRzYn5g8JgOSEXj7mE8nAm43AmIFjIJQnOBFpgxSfkWgsqzekQBK0oGZ9McyYozgQse+TiEfRQfuGBMwHLAbkkwZlAEARBCy/jk2nOwJmAmSAXj6CH8gsPnAlYDsglCc4EgiAIWngZn0xzBs4EzAS5eAQ9lF944EzAckAuSXAmEARB0MLL+GSaM3AmYCbIxSPoofzCA2cClgNySYIzgSAIghZexifTnIEzATNBLh5BD+UXHjgTsByQSxKcCQRBELTwGhp1GR9Oc4CWdts+ZF4LnAkwIBcPKjPGyUsNudgHd3eG9B+J9iM5noQzAYEjlyQ4EwiCIGjh5RicuNHWHyzR0syrGFf9z9g81M+AJUqP0xjzUDRvLk5LRWY3HsTdedw1JUuOJ+FMQODIJQnOBIIgCFrGejAwTk86CCLNpB4AmrnkeBLOBASOXJK64UwgCIIgCIKgWUqOJ+FMQODIJQnOBIIgCIIgCJqt5HgSzgQEjlyS4EwgCIIgCIKg2UqOJ+FMQODIJQnOBIIgCIIgCJqt5HgSzgQEjlyS4EwgCIIgCIKg2UqOJ+FMQODIJQnOBIIgCIIgCJqt5HgyEGeyNr3/L1JJA8YJC0vFx5YOYxpYUOSSRM5keGSCNDQ8LmtwaAyCIAiCIAhagTKEhTxWJI2MTgrJ8WQgzqT20lDsmcF/SO2PPTPkQxdGWgL7pVS3s/VUUlioxRIWnnfVaZxqAs7kqSOXJOFMzOYE/gSCIAiCIGhFyRwNikBRdiajYy45ngzEmXBqi3nNiQ/92mbMPANGLJbwuIuaIWk9FGOxWLwzGIEzeerIJYmcCRUvucz5tCgQBEEQBEHQypEhOJRrS8iWBM2ZKPeHzZ4kYGfSeiAy2+AzKuN2XmT/WzYXXkqOCQ+zJF1lo7s2hpNpCXttu+xMdrLEsGy9piXOEu5qzaNs6rgr9rUwGo75IK/hyTUxYBbIJYk7Ey5DEYRdgSAIgiAIWt4yh3wGmT1JUJ2JMm72JAE7k8LNlgZDkj0v8kAr/W95IyksenuGtZT5io48S+TWhrpLpdZd4RGaMxmpjIv8fUZDdZHFEs5njSMfEhZZdL6Uhp35sVvTixqqS2PfSGpwi6WDICCXJNmZPNGcQBAEQRAEQStEcog4f85EMXsSVQPv3DXmfCLZb5ibZlVYPq6g/yyWKJEUF+pp4pURrc5yNSlcNyQdh6Pz7Go2i8WlZ2PO5LDR9Swr3E5LTIqcEBcZNiKPzxtySSJnQmXLXPJgVyAIgiAIglaOzBGgkGxIgu9M1qb2n2ufnJg2pgeAz9ZccZXsf4slTqTFSp1PeGsuMh4WS7RTx6XWisQZ+qi4nDujwyJ/X9ixXOtMJHOyYLZE8eVMhMxlEYIgCIIgCFqZMhsS0tj4FEmOJ+fkTEJT+41JAdOaEaW23dIZKXrbUjrOhmRnIteZaNUsrM7E2Ffe6ExUKFts/rLtaFLxcbiNHMlIRdQXC1dBJJckgzOBRYEgCIIgCFrhMkeGBlsSTGeyNsP44eC5/MhJxkbWTz37VGmpNYMGIj9lTbkUb2eitGXr/UyS5H4mlsjY0vOlGR/E8hTZmVxKiCqqttmqiyyhMXmmFmPLCTInUQkLZ0uUmTkTCIIgCIIgCOIShiT4zuQvUvs/Uvt1aEyMUsqElACWN3JJImciSpi5FEIQBEEQBEErVmZDEnxn0thk7NGQVx/YjyyCJYlckmRnAosCQRAEQRAEmYNDs+R4ck7OBKxw5JLk05lAEARBEARBkB/J8SScCQgcuSTNxJk8AgAAAAAAKwlzQGiQHE/CmYDAkUsSnAkAAAAAADBgDgi5xicecsnxJJwJCBy5JJEzobJlLnayjEUVAAAAAAAsa3y6EVlyPAlnAgJHLkncmXCZPQmcCQAAAADACsS/LYEzAUFDLkmyM3mc5HmNxRYAAAAAACxB5ADPjDkgNEiOJ+FMQODIJWm2zgQAAAAAACx7zAGhQXI8CWcCAkcuSXAmAAAAAADAgDkgNEiOJ+FMQODIJQnOBAAAAAAAGDAHhAbJ8SScCQgcuSTBmQAAAAAAAAPmgNAgOZ6EMwGBI5ckOBMAAAAAAGDAHBAaJMeTcCYgcOSSBGcCAAAAAAAMmANCg+R4Es4EBI5ckuBMAAAAAACAAXNAaJAcT8KZgMCRSxKcCQAAAAAAMGAOCA2S40k4ExA4ckmCMwEAAAAAAAbMAaFBcjwJZwICRy5JcCYAAAAAAMCAOSA0SI4nF86ZNI82Q8tMcklaYGeSkpjb2Nk/ONDfWFpDo/F5Ns+k0m5FcZRn5toe9A8+aG9X3JSNFJ9aTn8np1me3QnWdkrstMXvKakfZSnJaYW3xSKulaQkFPLB5DN3+Ow0bC9libTM+D0XRN7FT/vZY/FHm/hwSkJJvaI8HO23pubyHec7NTrQm5yYu1s9jGI3y45abXS4umuq1SPAD0L+nlx26Ab6yypb6DjvPlzDJrHjvDxJ3i8dvdTCE236hGlbSkYuHyxOy62+0zs40Hu7pkQtfoooP+pwCf3NSciNT7SK/DnX6JirxfLoVfXYqicDzJn4PUXq8eytbVfUgatZNWrpHZ1Sprvj95fwqVTa1ey2HHam3O1NF9IqHTRen5fLizplX7TsTjxmreuijSxv6uelqPoo32ytFMXvP8avR74vWQnq1NEpKni8fCp6IVSmbyXnN/HLeVBb/KKEzt2X7My2N9UUX3PQTalevWvRnTy/2U3n8cRN7R7FHzP8pjepDrP0m+Vahkk3nXGekx8u9dkxxW+AXhfhqG334SrK1ni2iNaiJtnoEs65xnN1s6O3CNBu151N8WmX7ea7t+KOTzzWq+6vdX+uXX380cMufl+5Nv+1kviMwmJWKGzs7/Qt7Q7feWtQXZp+g2I3f37Y5ceHCnvC3jxTKJ6w/ClDC0xJ0+6QCitvVv6YFgukcyGmzhz1djp1u/wcPynq9csuW1awpyfoZOklXBSJ0Yfez271sICFxhwQGiTHk3AmUOCSS9KCOpNrJdXjXgkmZ9Ji1aNAQXwa8zCMayX14t5ku7A7kQWOtITdBbd4WlriORFZige5ot/dWAYp7lzs0A6m1dgKtKOhPzMYiQknywc8O0XcPnOMP4208YF69qxSn0YCOeam45xzbUIaXXbYLtgVt3z0EpO0BxtZ32LtudstF5KyQyzRlzMpLLZ37z7OypgWFKrIRRfMHe6uJWziUOvni+NQzxp3Jgx+IijEkfIsUuhWZvdO8dps52W6v4m7maK6Yj7gw5k8uKxGpYudHM1J6ug3JboM+Xk07AW/6aWVM7fJ6K4RGcQZ58gXYHym51bntcbpWznXmP+hS1hc9YvKmSjqWaZNMty9aVQuKvwhSLtMt3qeQg+72jZ+cNRj+OCyfO9izkS+oKRnAX98CFhO/QkrnElx29Uyp5Yh+WyX5kyMV+js4LdTRemnU68YnIlKdXauepv1KhLys3tJFPjlhzkgNEiOJ+FMoMAll6SFdCaGu63iw5m4Kc+hs153QHHf9Jp9oJ7bDFpCcuI5LWeezZ8zmeyOT7ssEhc5dMtmj2fbBf4OVXYmWQm51htezkRpONco7Wb1USs7UN7OpD7Paq1pd2hvlN3xiVZ7QK++lgRawCcdvaL9uVlXmBlLSyzRYxRP7MtGjjMb49uZdNMwCwjgTOYPVpvaLbtlz9kRATpHPfKaM3E0l1tvsLmWhDPJ2ZMbn3pBvp/Km82v3zT9bqb4dybKaHxioX45L168X4joN6Xpid2J0vt+D25+09u9v0pLmKEzUd9ScbzX2O/xP/aaE23uRehMaIOLHxjv3obyvFu9F7Fdbq+qVd/usWHt4PBjOMrv8Dy/H2fCHx8C386ke4IMCRucvkULD6Izsdeco1Ov+HIm9uJC9QHty5moz25D8AAWBnNAaJAcT8KZQIFLLkmLzJloFGdby/V3Nk90Jo7yk+wNW3vVbemxZHYm3m9eFzvxCblc/B3qzJ0J7WbyGfX55O1MVNyT3U2iSdtD5y35OC8nzEdPcV5OSzipKF0n2kRJmIUzoSd0SjF77QpnMo9M9dtKi3jrrBk6k92JRTxxSTgTjr3uAq+CU+TNpnBcL7R6fYF/Z8Lgl/NibuXi05nQneq2ts1eYSjdycWVqyUF0ZmoLVoXlTNhe5p0zKEeCsPd+7HOhP4euswfdt7OhOO2puZSeZizM1GsSXQ/nKg9yjYjiM4kfn85P/WzciZL69m9zDAHhAbJ8SScCRS45JK0kM6EtY3mQbOOuE/RJP5KW6c/paxXyyNac1F0KNf8qkGnerucSD5TY01itzA/zoR1rtADgsVOe5V4CPCbsseZTHfvzrNNenaKvYZKUZvAid3k1eW+nAkjP0m+y3uO8/LB19Gjv5NXzhWr7bvEcy5+jyegSWa+xevgxKsvbjVnolY6nciEM5l39IpNjzOhgNXTOL6tXG1norfmar7ArfUSciYKM1RawRObnZUo2ti4tdfVkjMh2xyffZUPpyUcK5JuolRi5UBzsWErsOomREW/KemGyisMTU66oA92a4+DmTgTe43cNpXWyHtlEKO1Rd5rGY3PrFo8zsTXqH73dl7WO8bQPb+dN2/ju0xugT/sfDkT4hZ/b+XbmeiPD8HjnAndRYuLT8qeZI53PH4TdlSe5K/GzM5kt3an9eFMltKze9lhDggNkuNJOBMocMklaUGdCbv75N5+wPq3tTez21z+ntzdh2smJ0eLD6uPk4GW8vJbg5MTttIicXvyOBOtB/yQ3ANeu2km5LI3SZIzMfeAV2f3ehgsWvj7ew6FZYP6M2NyqD9rv1cP+MGBruTE3MR8dhA8j7rmC+zoefeAL65rH52coPwsHB9oaR/oHx3olY/zssHn0WMj07Z41X4IZ1Ks9oCfHOq9XXOBPyDpwcn6KI9OtNeV8MhAOBNltCk+Ec5knui3dfZPjvb3NteklPHDLdVo8R7woxN0prx7wCssZFFPRP1S6AFfyz63MDrY2bQ7v4WnCGcSn1k/qGfbrQfonsoiZ31aYm47nzfPxsple5PaPZpdzo3enfcWF6M27esFnbfq2/pFiEx3fl6bIfeAl6NPreuItzPRemCLHvDT7Ibmuwf8JOtUnaj1WvQEu1lJnkv46fIYZ6LfvbUe8KOTk0PWVK0HvHbPuVbCH3ZezqS9id/ha/OPUXlgfsPUA15+fAge60yU7vgEq9XGWvxqD9kg9IDXeuorBmcyNVp98qS48M094BWPbwELjTkgNEiOJ+FMoMAll6QFdiYAAAAAAGDxYw4IDZLjSTgTKHDJJQnOBAAAAAAAGDAHhAbJ8SScCRS45JIEZwIAAAAAAAyYA0KD5HgSzgQKXHJJgjMBAAAAAAAGzAGhQXI8CWcCBS65JMGZAAAAAAAAA+aA0CA5nlzMzqToF0cumBKhRSS5JMGZAAAAAAAAA+aA0CA5nlxEziTxlxbL+znmdIM2Wf5oToSeiuSSBGcCAAAAAAAMmANCg+R4cuk5EwucyaKRXJLgTAAAAAAAgAFzQGiQHE8uZmeSE5XBWnNZQn9W1VVbe71wy5Hipu5ai2VTLY12N5mXAC2w5JIEZwIAAAAAAAyYA0KD5HhyaTiTJikb6kwWj+SSBGcCAAAAAAAMmANCg+R4cgk4k28+j7L8KGrTvgyeDmeyeCSXJDgTAAAAAABgwBwQGiTHk0vAmWgaqrWEbmqGM1lMkksSnAkAAAAAADBgDggNkuPJpeNMmCf5hfp3i3le6KlILklwJgAAAAAAwIA5IDRIjicXmTPR+WNJs3Amv1j3HEv60U+K+1m2ooxNNPZc7H7zEqAFllyS4EwAAAAAAIABc0BokBxPLiJnAi05ySVpJs4EgiAIgiAIgmTJ8SScCRS45JIEZwJBEARBEATNVnI8CWcCBS65JMGZQBAEQRAEQbOVHE/CmUCBSy5JM3EmxjIBAAAAAACWNeaA0CA5noQzgQKXXJLgTAAAAAAAgAFzQGiQHE/CmUCBSy5JcCYAAAAAAMCAOSA0SI4n4UygwCWXJDgTAAAAAABgwBwQGiTHk3AmUOCSSxKcCQAAAAAAMGAOCA2S40k4EyhwySUJzgQAAAAAABgwB4QGyfEknAkUuOSSBGcCAAAAAAAMmANCg+R4Es4EClxySYIzAQAAAAAABswBoUFyPLlwzgQsP+SSBGcCAAAAAAAMmANCg+R4Es4EBI5ckuBMAAAAAACAAXNAaJAcT8KZgMCRSxKcCQAAAAAAMGAOCA2S40k4ExA4ckmCMwEAAAAAAAbMAaFBcjwJZwICRy5JcCYAAAAAAMCAOSA0SI4n4UxA4MglCc4EAAAAAAAYMAeEBsnxJJwJCBy5JMGZAAAAAGBeaesevtHWv5xEe2TcyWWHOSA0SI4n4UxA4Mgl6ek7k45si8XC/rfGWCJ3XRo3Tn86XHxW6TKmLQM6DkdXGNOChuWNbGMSmB8qPmaXDAAALAmWaxC/XPdLYA4IDZLjSTgTEDhySVp4Z2LhRGVo47ozUXoqkqy2EWPOaD5MoRgxf1G1N61KybNKyU+esjmpjNtpLS09XxobacluM04MjFk4k47s2H1s7Tujw+Iq5dPyWGbkTDqy4yqNafNBtMUir4hGt59yOlsbsj+Itmwu5ImW6BSeEmax0B4Wxlp2Hi7tsZVmbAlPusoyRIZaKlqdlGIJjfEsS1HCQo1FsefMzjBaysfeyW162SbcHZawaJvd2drSIWeJi7BYXoujzdBWMX6JUvLqWvM+jTKc9GhLeFyliwZ6ziexiyEsPHLjdhrdGmrJPtXQWpe3KzosT1p2T35s9AfZTrst3GIJ/6KBUvJiLHm2ntbKjK0RFpaxNSOumi1wUdDbcr7kPCkkZC0fMGYw0ZK81pASGhJyhua17t32izVsfOxMlSHH4mBN/tD/TO9PapwwTvAmYt0Gaaw7IrFWGl0y2DPXz+osDJ/aFLIq9MyVtsvW+JBXs3hiSEhoyz37ptCQx4WBoatWh7yrrcdhfXPdu1mOey3n920K/azRK5/bEbJ69Y5yr7S2zPWrV4UYNjLkZ3sdty9nvbtudYi60s6stS+GyBnWrAoNXeOVEhAjYdKdqvVUUuxrlBCWd93rluuyV0S+YLGEhkVu3KWltBbt3EhXdlhFj5xRyX5DfWyynNv5ta2OshuFhpPuc173xoXhRlu/MWlZsFz3S2AOCA2S40k4ExA4cklacGfSQffJ8M10b4zUE6TozZun5kxu7VCdybPKt1bjpIWkMi6bB5ojRTyynDuzciba08vdSqG80zDVF4vcmYhRi0WzGWKDOw5Fp7RQLK/H9W6b6jGclreLeELR2xbPEWjLyD4c530YKbwIz44xOpOMNyxxetlu+CK8wtdBpKChSA1C+Cpa06P0MGLEEpsnZXSRmW9Vh+gCyn7H0mO7lJfOcrrGdXfhbvAqJ24tZrElR1pC42ggXFx0dbvY/tIyY/N8bdTTJCRkvTHpMez9sSEutIdsKpDHXWe2zSomXhjIlvxFaj8XDRsnS5AzSb0uxlaKM6Hz5hrThtaErGH/jZ1fm8zKq2LbG39FzyXRuC96U36VcCZkP8SkkFU7xDCx91erC8qzDM5kfcj6rMwdRmeyXjNFbQfX77UxZ7Jjx9rLbjHdFfLuhztWzdWZFL0XKTmTHktYNH85Qte4nM389iEm1BK+JYPljGCXtoCcidPpLD2flxQbGXOYZbW8HBUV6nnCOq2xlojwhbkJyyzXCH657pfAHBAaJMeTcCYgcOSStMDOhAVelu1F48x1NPC7vO5MVO8RrcXiKo9xJi41ncNu39tDPeMuUSejQlNL3/GMqm+IO9hbpchIkehZYZnqRnyq/Wm8WhbORESc7oYMa4OztSJjS3gpa/bmsoRGtTqdPbYi/sZdNh4iJo5hT7XSUmsSzxAeGUmz0BK0hT8opCec024rMryk91gIp+ZMxi+xt/u0tlNJlhgW03fkxkR/kF10/lJeMls4D/RHKuNicjuYBX0trsjW01pXlMcDao7BmTxpmQHj15nEagPCSnVkx+bLIXqH5dNLVOh2XhQJ2XHV2qDljQw6NWaDx8qV7ExaUjLa9LNQGSdW6k1FtBo9MNRVUD6REi079sq4DO3sOGkDfLfmGinyLE2CfBd3Jlv1AIVS1PKjbJdWt0iQnUnjZ6EfHm9pq9obyoJOe9arIQU2e9uVM19TmOoa3hYS4nA4hj2XpitkjVcY2pi87oyDQcPrV4Wct9mrMnesW8Xfu1ftOJi1I/MMr5wJCQltczjstgLxkn6eSGqcIEOSZpscmXrEzYmfmpOI19M2eapNdGdyvzL1nW1kWo43j7HE3VqxfnvdhgE+5K7dZO3W53r6eJzJlc+/vtJGZzPkD2qFWGdW6POh7KTs2xQa4jvE54VB9jZ0guxSBgm7x5lIhKz6kP0lYnTX2unlTFqS17bRk6j8sc6E8r+Z76C/WZ0O2nJe3BzW6BYqQo/Z7Jnibq1wGu9UHLrA2T00N8YSqr9N0OhQbzKXxGVL17L81oruQmKYPx9p8RV1u7S3GooSaYnNq1ug10MyyzWCX677JTAHhAbJ8SScCQgcuSQtsDOJ1CMhshPhCeod9QnOxAvvcJBVv3SwN8HkNLZmVGpzajk7jF6CBY4sElWdiWp4nPmxFsNTYcxm9CSkuzNqyxR8WDjLiIw1x+gVtNnMh+jv8GiY/J4vZ3Ip+pDnmFIGvfqDP+GUOOl1Go9fNdTzQoRF7+QJ8jOPhlUTqPlGDh3eyFBL5Kd8E1rJcpTajWfB4EyeuMyAMTsTjRdixDZxZ9J6Pi4qlLXm0hipiIvQRunRTi6ObFskf8vobkiK0JyGd1FkyM6k4YtwZmD0s8DKdnhURmWr06632uJ4HQ3mUuTNFt6STVMjFY7LXhFGl8/GnXlXtXPJi0nMF1oNjzcjloi4Cn33wljOqKTr2jFgGzaTmq4FRDgTe/Z6HlYS21gI2LL3xZDznZ4S5SMudNnXrg5Z82p8wW3mPqSItmrdQd12u6vUF/DSK/aqD7PuaYOmepgg8z/TmRvhw9ycUIp3Fg8R6/Yo7jsRW3lIzZ3JWMTv8rrUq/749g1TLM/2I6xkjL2aevSjMlbX0GXdXuN5tf/0MdeZhISoBpJH/Cq+8oSEPL+en+yqd0OEG6F5ffgPhtmZDFe9G1plbv4lOxN343peMB7jTNpKPtSsLHMmyo5VIdFWts1rQ6KZuTWXwNnj05mE8zoTV09Dtee9zkhradxrloZx7a2HxtUk+aHp5UzU2lfmTOhvuNoMbLx0e7HL+HpoQViuEfxy3S+BOSA0SI4n4UxA4MglaYGdCYVFajMS1nZFi4Of4EyinSpFatWHGve5dm32xJmUvWgL8ybE9sPM6myN0CZlq3FbT2W2J7/HmairVkN/4z26wuBMXvWevIBUxqVcdzpb86IO6A8ntzM2Wqvtoc2Wo1VeweLDmXg/hKQMmjPxHEp1qVLWbNYxw1khWjSZA2Wv/OzhRydiK2+bRCS9wcLgjFNyjYlxe564zIAxOxN1d5yl1qSwjVorKW2nQ8OiP/MYjZQYC6+9UViz750sQ1h4z/UUKrfCbzzRmYRbonno4HEmuuNKetmzy8p4kadaxllIG7zdYhEpsdLBoYVLVwZb4C718PJR2q8Gtf2GuUeQ7UCMqAqzpcfEJpfupBlDI3nMp1oms+99mghnQvGoDEsaqKKBvcfVO4hPZ0K4XTt+tjokJFSR412v1+Q8hK1an6mFu5TNuKJ5g9eTPG7UAHMmivKqVm3CnUn9lkKtPqTt8LZ6Rflo3Ya3Tw8p7to/VU9FfFxGFqXkY+ZYFg+eszDQsu7Ha9RjrDkTcVLMzsThcJy3fh7y/IcKr9bQ08kwCJfijdGZNCaTs/XUv3mQ1tv4WSirMFF8ORPOqjXrP9FqeMiZXP5kTciLe9lUVgMzb85kpCLc0GPN8PZBVKcrxjsqdyaukZ6Gw1u11lyqM4lWrY6reDtrqgBnEjyW1H65hidnHc6ZA0KD5HhyETmT4rTc5P3HbFKKNSk3Pq1GSgCLC7kkLagzqdulxYI6LDx6kjPhw6I1F4v/+Osfvc6E47zKliNu53RfVhfL8vD83nUmj3cm13/l5Uwu7PeevIDoj5+4cPVAiRdphD2PNrsnN8ZPncl2Hra6Kwx1JnoGH3UmXuhPLxET58V4Bcrm+g12eEeKthsWSN7mnVLPqPdD8YnLDBizMxGjWr0H32BvMmIsraZqHkVtE+gUTkbHEDt4nIle2SVwndku6qMqPtDOpopTmBnKU+hUCjd77I3cAMzLhaqj9LchIVytdvRg8HWth2IypP0RJpO1A1TXsqjrTJhh8GqdpTFwnjeq8RMX8kjXf52JcCYUlabf1QbnG97JhA+n2Sb9dzXhzkSZqI94p3hAGWPOxF7wUcnQwICmKbWGJOL1tKaU3wywBl2/UW4f/eU69qZ88cDPQuNna0LWxPOUmTgTTtZ69RRfjSdXoNKyxtCj3YOXM2k7uD79tq8rWfFar8ePqsjb4GnNxVGdCa+4Gy7ZpnY4mR9n4mq1xOifh/HBCHuVIN9FK+PyJK+WrfYzcTpHxM5zZ0K3F3pAxFqiWBKcSfBYKvvVdLEy/ThT3aBxkn/MAaFBcjy5uJxJSumt+KNNesLE7oJb3JmMdl7NzyyMT8hNyVendtekJBQ2njlJKTk1XcELeMHskEvSQjqTXewjQdqnRRQ1ztt+htUsW2bjTNh7aw02oL5l96CGtgIWx4uRmI1RM3Im5aohqTmolHJz8pL35AVE6mfCe3psVz8VVZq+NVzvwmgJZZ1GPB+PUjuNUJ4Ga1xUuBZ/x4Ra8qptpadYAGp2JsqDUkvkVpu9teF8aXTCJW0imy71M4lIYm/a3B2Uk63tfIbWJ+RwTPRneZdsPUWHdyqeQJ81H1KUS6zLppNtidrtREf/5Jcq2xOXGTD0vBcrcnrVmeyyhG3leQxBeXaMJaNYbBtzU63sw1yX8j6Ljjkgv3vx1JlQaRQfB5DrTASiUoj2a2t6RWtdntZjtTqOfyIsSXybi9tOtcEY/zYX/z4YhwILvf1GRzTrNGuJ1FtzRW3eRQe6ta4o4/eR24udrB+thX1bTF2j1+7QBcM/NcZ6GalLY/1MJOO6GJD7mbTsW7fuk6/ttqoPN26jQDD+1R1tDsdl64frs1ksVrAppOC2w94rslft2Pf1+ZLzn8eE8joTpenz9cmX7Q4HszGhrI8KzSv6mXicCf+oV1WL/fblvVt9vWUPKqL7u/8KE0U4E0Wp2f2biJcStNZc0XtqRqVM7trPX9qwad1HiupSUj/esNg6ynPX4SrZRqE/nb69rFOJP2dS9cnaNz/KYif61N6Q0G08UXybizf/etOHJfA4k7bM9W/uYz2IxEfemO14TD8TDXOdiW9noii9X4eErFWHgu9MMmIsokaX4d2aS0V1JnTvikppVV9LpURpdxiO3JqLw50JG4iKibWqdys4k+CxVPbrdvW33JnYZvnDDOaA0CA5nlxszqQ7PvGcNu68XNSucGfiqDyXll8zONCbnJjLJjFnYk3Ovzz4oJ3ZlbJF1EtvRSGXpIV0JswrSN8OYu2IKOCepTOhWDYs1BIWEbPrYk+U6kx2btQaOG1PZ4F1zMvhamP6sIxa9m2iog+ieX6lNWNGzoTcSEUCG3jYozRsZqNPC6nKno7czosjI9fZsYp6O7vB2cE3u+e8Wg0V6vl25Hb20UlL+MZdhZu1R5TLXkpHwPICe1vmw5koSt4HMXwhGZVSL3Dp6RWlx6+ln6k5X4jq0epqXOo3Li1hr7G3+yLQ3xluGVE62GcuaVKkp18HQ+++osLOgv9lBozcSq3Cq59JZIO+lwZn4t2wjR09MnXq9zd3ytkYmjPpyYvxfLPLvzMhYiLCaGna2jvyIpPVa2HElv02HWCt8SFPYSX2Ne83385CLapQ4XUmnGx++sLCozfzdlkusl5FD9Tt8d6dket5rCR4clK5iuStKxcP3t/mcr35U9b+582PKKy0n3k3mobXPB+tlaje8zQa73HT9rXPs8zrNn7O+5koyvDa1SwoZRZkoHHNqpDVlugdVv7S3cuZDF/9Ws0YEr2VtdWZV2bzbS7NmSijlX96XbMcH0VviHjj05aejuNH1NuU2nwr4ndq2H336Kuvb+C9TRYPuusYbsxk5mRbZuN6v87EcSVrxy/WUs7VlnUtWqd+xVEWz84Ob1jFCskaPbvA40yyvFrnMfOwflVIaIJe2TJHZ6K4eIOu4DsTd4flha3i5YjtgXLpU+3KNb19UGLFt7lCve6TfpxJuMXCv3sBZyJz78LVe8a0WbBo98vItMP2be2hM/XG9CdhDggNkuPJRedM6vNy1ZcZXUX7mQkxtOaylxayhwBzJqpFIZov7E54qp9kXcHIJWkhnQkAy4qrSeFRKcbEeSNK/z2ToMEClKAuEABvzpecD53zp3VNOLad4c4TLBn8RfA9rfvb9eGJjrfr2dfq/mvvjQuP/WrdE3C133whu9kxOGw9cfW/+Augx7NSnEmgmANCg+R4ctE5E8V2oYjKlo38xklFdyYPe23FeaztFsnoTORhsLDIJQnOBIAlQcfhGEtQjVDhZumLZADMA3JFB1jJ+I3gB589rbWgcdVdD9iQaEx379pfp9/Z3HcvNJ7ws+YV5Uymx4ZHZ/0qyhwQGiTHk4vPmZAbSbqQlWi12libDNWZ9McfusxbhTbmm5wJ6kyeHnJJgjMBAAAAwPzhP4L/tV6z8XZyHR9Ynfznb9UBR/X1/TcHHNebX9nL8tDoTTV9176Gt+uYiVmddpOncG4WN6w+JHfOca/+Wq2Ruf7ntw9ffe/b3pFJFqO+t6/u7tiUa8z5X3vrNGcy3f2Ctd011rs68zZPOJJZ99PDzY5Bf80j/e/X4mFl9oBnzqTsUG7y2S6eyOtM4hOsWeXt7c2Xd++xCmeSmF2FfiZPF7kkwZkAAAAAYP7wH8GT37gyTf8Pry7QYkjhTF5P1r4EQnnUlG7NkBR0PbuvmUbfu+718z3fFtSt/sbrqx6rM1Wjcv3P56TaGLEicjLcmdCMPGXXPm2AnAkf8IP//Vo8dNbWcGdymx3nWWAOCA2S48nF6Ewma4tYgy4V7kzq80/uTsyN33Py4Y0S4UzqT7L2Xda6XgS8Twu5JMGZAAAAAGD+eEIEP9i2q8Wt/VURzmR1cp2QmuJWm345yZ/s2tegdLee8K4E8FNnwheo4hTORG/NNUA+RKyIT1pOzkSZHrh5+crhEumDjzPDHBAaJMeTi8iZzAL0LVkcyCUJzgQAAAAA88cTI/jVac27vvY4AeFMRA2G4PXk60cuXHeonVKO6BUdHkz9TM7x1lhezoStjg9Ys7XWXKydmHd9wrJyJoFiDggNkuNJOBMQOHJJgjMBAIAVQukh6ecywNJnvHiLY5a/UPFUeGIEf+7rutWsdZaGcCbkLmIzWD3Gs6nad5+vn25YrTXxGl6dfF3L5c2Rgkaa5ZWjzRfuT2lJ3s7E1dXGqkf2Now0/ln0gLdqc2lVLsvKmYy2nTtdmX5cPgYzwhwQGiTHk0vTmYDFgVySFtiZXC85kXIgJyX92PCMGju6eysLTvDfuJseai5j8564dIdPGu66mpqWk3LwhN49zX3Weoxn4Cn2+nK2roMF+ZV8FuVakbr2tLw+frOa6uUp2UX6p+6netkyRQZFESvV1jJ2h6/0dJPnB968tnP+yabtWah1LV3o7Odm5dG5q74r/y6dcv1kjnzmwNIikNN3v3rpXi/1x/Mq73snjdlOHPQ+CGO2lKPVcoIfzh7MMSYtTVJzFtcPSgbKyO0fre7Sz17Hj1bf1uWV6/GMn9nStyycyRJlqezXiusBD5YccklaUGfSWlbaqbUizTzw5Fd3F47mZFdqUUXmgRzrVRZijl09XT1ARqWv9wH//p07Ja2E/T/dx+dqKznGUyZ1d9F/6UTtEFv72bva2lMPHON/tZRbtGEsA08XGZSuSrHSlAMnaCAl7TTPQCm1+q+AydsZTO7Xpn5T2dfemHJQ3UEdOJOZILzl2UyvUEwPbSfq85dJiLaiCKIzyT5wLPXcLc/4rbLUtLzsSu396bWCHLK1k/pEuuhyzzdea2o8kU1Xn5fXnT/yD+XculpicCap6SWVZQXiIIxdP0spM3cmT4ULOXQwC7x3ZPT6yTzvzR5NSZv9yV3SjF6//cqWu5IzafvR691a94flxlKJ4GfLUtmvFfcb8GDJIZekhXQmvZWeBypFGJqTeByd5RfYr4LbeFRBzzB93nspRZ46XzaJOxOd3vIC7xR3R9mx69OKMlSXe4kvg8zMWfrPmpbDU2iWaxMsA6XIGaQw6F7lUTYp5bheuyI2w3s7g0fzaW1j2OZJAZTHmZQezemdVk4cyDndouRm5qRkMteUn8kiKlFNBC5k+3Amw0N3SrNzhof6h13u/toTKQfy7EP9p7PY8WSnkmxwfuWwo52MaGZ2WXVrV/O5gnwqIhPNpw/mNN/r72iuvT7Hj+4DE2pJdmUfZJWWdt1Ytl0qofKcadV+tVu/JN39V8+SQ2C3lGG1GvNATmmL9nvqZ63HvGpTdWfCrxdB9oGCXLpS2JXPsB7IO32rUTgTugNcG7uVeVGLE+XXAdK9aP6xeTkTstNjXjfS0dTjjWPqJnkyqaYrt6h2+J7tbE5Oc/3Za+291QV5F9RdoYOsqEs4eCjPerGR8pBnkOcNPmNX6WwanEl+OnvTJG82pcgPCBWbdmc7kFN5d3TsbjW/s/HTyucVBSA1i705Woq0Sc7k9to4/kMLBhx/Wn3vnS0j/fcGCt7rOHOlq+DKUPWeu2tXuxRl5OjrbJauI7ScO+/sH++/e0erb7l3+9dx4/2O7sT3ehbB02CpRPCzZbnul8AcEBokx5NwJiBw5JK0kM5kkld3qJw1NEgwUZrFA0oe8U9IlqA/5aRkAqZveb34VJcsp9yqPJ2q1c+46cHW5xpqqzx9Wn3rSU81npKapmWglOwSm55Bfq3eX2tVnUl6mZYwUMc3w3s7g8f96mw1hmBQdCI9r7QgafpeyiFmwFgYXVbJgo/jefUt5RRGDw91pYh5Vzz62dfQQ1vNahL5aTnZ5fzrLLVqnMqcSYcawp5Oz9EdSB8rgeykzHMYt4Khw556KI8KcEd9Sap2jU+kpB0j03g2J6+S+X/t9I3ZSlKlCLvD0e+JsNWaRrocmivPagvhzkS/XgR0KumiTinQbiwpWZV2xaY7ky5Kn6Q7RqbmiCRn0pdirVu4XyD3diYp6eyNiYjgx66evq7G6SZnwgwMY6BWmzR9K1Mt5MKZ5F7SXg2d0N+AzCvezsRsqFiK2ZnwO5t4R8DvbNxMCmfCC8CFb0zN3pYI3s7k2TvrWFMu+0XR94HBnIn+TLu99gU+MFbw6z63lzPhJ50yq/2/vxWLXQws1wh+ue6XwBwQGiTHk3AmIHDkkrSQzoQoVbuCpGadpqBftJSgpy/r/nFAihtay9SKCDbNrzMZTUnzihTbygp4BKPiHh7qr68syUzj70opc96t5uoTR/Osl9j7w7aLJ3gK/VXnGaWU3JJGPYMPZ+K+V8e2P6fsuvPOwbJ203YGD3ZM9F3zbo7CgqTr91LStHeELJ7TnNg9cZQCafSyHDG8Jld8ORO17OliRYs5Ez5J5GHZ1EjIfa+WvcFtxtENPlJJZoGsosadrLZTSzldP8FOX5ut5GCRjQdhlIE11FThJ0ucOzbMY266fKTrRcBM5rRNy9NVqb400ZzJrbN5fL1n07XbVLYoIdle9mbekZwJ3YLEXqvlry9Vv97NzkQfFF7rHr9tCmciOg7LhXz+kJ1JrvYmSN/sgTqeYnYmojyIjaQCwOcSzkQvANoOLjlkZyIYyPhprxTx6maDcftH72lD1e91d3k5E56spSiKfeOztze+Pe71ax9PjeUawS/X/RKYA0KD7t3r5cEkDcCZgMB5is5EUCq3/h9ov9bUeK1J/zUcRTnt6abprzWXvbzgwj3e24TjMhgVjZ7q3Nr+saunddPi5i9cKTNPGb5ekn9tgnUm0WbXMphbc3mYuGq9OmHezqDRWX5QOJPWMvl1IIUdqQfzDpZoNfQUahiCDwXOhDPVZYjYFN/O5Gz9UD9r2UUac/l3JkR/+1WKUG9pL6VB0JBKsuZM5GLMQ1tKSU3LqdcPvjnCloJy/fTdr5avF4Fa/eUmE2JXrYhaDaLF8fl6NUJH2bF6tdKMFptfTyXElpLPPwq0UEjORPQ34xF877cFvMKETVpKzsRoqMhx8RSzMxHlwY8z0XdkWTkT5dZ+u3gXF6gzIbo/ef32z7f0eh6tT43lGsEv1/0SmANCs66r0ACcCQicp+9Mpu+lHPX3ZRXVqHCV555v7BhQcg094BUX2RKpeoSlmF+LanSWkzNpLsoRtxDeKzrl61otZfpO6rlblIFS5AzKQK2hB7yG+nmcSV/bGTxunU33hEfmfias84wal8CZ+OTC0ZwUX1/vMTsTCkP1tkOcJzgTFWNnJzB3zM6k71sfdSa9ag8xntMcYYveWYpcZyJdLwK9YV5X6tlbeitNHgr3pWSV6Nd1bUpWpZpZa81Fa1nQK8vjTCbE3ab65LHqpsbOFnHzaUzJPHutxdP+ZzE7E1qdVy3l0fNeowfkw7tynUnfJ886pYdbwM5EUee9HXtESng6LNcIfrnul8AcEPoRnAkInKfoTNiz52BBbon0OugJiLqI0bZKsgda327D440Hmt4pE7nZ7KOxqYdOnKjUFnEih6WkpOVdU7/rNXa3lqeI/rWUwr8azDMQYqX8M8fV7CMz7CPCpq8eB7vORGGNHLRvc3k7LhEk8fgDzsQH91lnWSH51HiOzNgdmpRb28ta/d1hbbRS0vOuq016HutMJm5dsLK+SanZj/HAYA6YnYn6LQr2cQLWi0DqZ8K+anQ8j5yGjwh7zJaSXVbf3nvrkt5ZRW8MKVenqKNanWTugRzeO5yHwuxFgHR1n1ZfEHj1MzlYJmeYX7z7mXBMdQtLq85ESvTebNN+rTRn4rr7+rPsk8E/ebbPqy1AYM7kHu+y0nlG/yTlU2W5RvDLdb8E5oDQj+BMQOA8RWcCZsVp1TgJm8QRQVJvecGFHjecCVge+HImSl9TmfzuQDKWjbzPtDnCrizw/W0ufr3o2T3OpD4/x66lsVCYWxGB/eKxaxOyM2FfMNc+mQBmDJzJCqete+E+G7GQLNf9EpgDQj+CMwGBA2cCAAAAgAWDgvgbbf3LScvelihwJmDBgDMBAAAAAAB+MAeEfgRnAgIHzgQAAAAAAPjBHBD6EZwJCBw4EwAAAAAA4AdzQOhHcCYgcOBMAAAAAACAH8wBoR/BmYDAgTMBAAAAAAB+MAeEfgRnAgIHzgQAAAAAAPjBHBD6EZwJCBw4EwAAAAAA4AdzQOhHcCYgcOBMAAAAAACAH8wBoR/BmYDAgTMBAAAAAAB+MAeEfgRnAgIHzgQAAAAAAPjBHBD6EZwJCBw4EwAAAAAA4AdzQOhHcCYgcOBMAAAAAACAH8wBoR/BmYDAgTMBAAAAAAB+MAeEfgRnAgJnts5kHAAAAAAArCjMAeHjBWcCAme2zsQ4PwAAAAAAWNaYA0I/gjMBgQNnAgAAAAAA/GAOCP0IzgQEDpwJAAAAAADwgzkg9CM4ExA4cCYAAAAAAMAP5oDQj+BMQODAmQAAAAAAAD+YA0I/CoIzaWxqH5w2JoKVAJwJAAAAAADwgzkg9KO5OpPBhpL4hNz4/ReME8AKAM4EAAAAAAD4wRwQ+tGcnInt+DFmS7gST9pLC2kgpbTbmA8sU+BMAAAAAACAH8wBoR8F6kxG7xRl6J7EWwE6k+4amjet3CGnJSfk5lyTE2ZKfEKhMQnMA3AmAAAAAADAD+aA0I8CdCbWL42GZO7OZHdSbvyhy3JafCKcyaIGzgQAAAAAAPjBHBD6USDOJDnR40OSj7ewpKEmjzlJK785apzlyXTX5NQ2ZSXmioTJK+fKbDUL7EzKMz0bAJ7I03UmsRZGVHqrccIMoBmzO4yJgo7D0RZLNB+u+DjcYglXKuNolujDj58HLFOoKMRVeo1ywl+O6XFriVpKdOwuawMbdztjXwuzWMLCN+7kGVpPJalZwvKuj/CUket5lCN84y5tERouffEWy8cVWhotLZoKoaVHHXO2FIWFWsIiYrQFCZyXMjZHUTaxCkphOd/YKedSWPGOsUQk8eGKjy2eCa6emIgwS2hY1GZtqphg3qoG664wNYG2Ki/GYtyYRU/VuyF2Y9qT6MzaUW5MI0JC1ntGrsRvK3FJk0LOj3kmKo4CSvG5EPBE7Jnrq4xpT8DVWbVmdUjImnUO/VJtzNxGp2Dd1iyvfAKXneVfvSb6k/Ne6WNnQnT46WNL0ZEzUrlSWf2htXFYXen6kJC9apSk02iYBYCVgDkg9KNZOxNDDYlIz/JOrx+X5pkJ3aoJab5gtalXs/NyGi38Wgl3JrwHS23zLWtqbrFdzXCtpKi00Fp6tb6djeXsyc0pvVpbXnVTXVh8gjUxu+r2nZbdtDFHm9S0rrSTl2ubu6pPnuS1OsVpufFfWtlcdZfjE46xLFOjtBeDA/2Dk7QKR/yeosbmW8X5J9XZgQ+eqjPpoKgofDPZk0jjlDnjcSZXWUDZQcVBdSbbz3hiDrBCMDsTMWqxxGgDb2TzgY5D0SkUhfToDtZt46F8j15wkl5mTqBws8XydpGaMGLZLL9G6TC434Yvwi0RcZ5xd0+HXVuWJVRKZ6Pbi1R/UPS2xUleKD2KUtQpI5bYPCmjyxKVwd08XUDZ71h6bJfy0lnOEbu+6pEi783wsVUVTjnBRavwSlj0zJMz2bYqZE1I9Ne9+qRV20J+9bVoo7z3xZD1QXUmpzrezmqNutF/wjjBm4h1G5h+/tuKninjtCfx+boNxqSnxOydybD97jAf0s6Ro2DTcTWl9+ttvm7ma0LWakNX4vfapAl307M6pVFFWSfbUQlRrtoO0qlmS1tP53xNvMhw/g8hO1YF35ns3BiuvgoxvOlgFL0XKV7DuewVkS9YLKFhkcac7HlKRG7cnnFefQdCjzztBqLBXwXKKQDMHHNA6EezdiYpibnxUp3JTf17wcwDcKlTvfqLzATuTJSu+Dx2P3CUn4xPuiCcSVpibkqx2khs+pbmNK6VxO8p0Wd2xyd6VZLQBvBqm5snj8Un8AhA4IhPY23GmDPRq1YO6RYrx+O1bAE2S1tJPE1n0pphYTGiTbtXdmRTyBiTy26p7Pb5hnordlfwqRlvx0RGsDe8u/g9V6oziY0OZxNeiCxq9bz21ZzJSEVchEWLC1VnEnexh3KHRWjxqOJsjXmZvcyO+ayUh540W6FzJOoFtgnbD8tPNrBU8etMtOe0cCZUDmPzvUJ0zySVio8tVO6oMIls4ZZYebq8LmJ7qCXW6jvmF9V6Kj2eOpaLOwudrB5DpFjkVYyX6gvssHxQ4VVn4qHDszSGj63yGmer0O3OImBHSMiHVa5oy+qQ1Wva9Piz0UrJIes2fs5HRQTpOLNtR/kwRb32gcY1q9jr7r1VWjj7+cZ1lLLaEq2N685k76shbfo7eMXbmZAViafwdp/2kpxsCI2JV+ZrQ6KD6EzIlmTeeomLho2TJSLWbauorKw4mRnx0ntWL4/5ZBajM+m9HLomJGTVmkZ+YjqzsjqH161hdSNv7vNtXtbzagqPt6xan+3DmXpOZWfWh1Xsb2hCIxst32FYLp1G7wQNj+PtzOIrJWcSLVWSbAtZsyPodSZXkyJ/n9FjK834fWR2m/ekEZslLEw4k62hluxTDa11ebuiw/K8SkKH5Z2iHtulpNhI7bZWGRflfZlbIsLD4UxAoJgDQj+atTNRtJj+sQowoNecicKqSljf92NF7cx+8ETvVaiG5FoJtyqMgXrDSj2tucjAaMNTOZmFiXvUJaTVKHwvVBfEh/mA5EyU4mxrfFKhndWfAN88RWeSEWWxbKYAjEWHu+pYCnu7zN4it1osW1XTwg0Ge+tTeLjURtbByYyK2tpGcyYUllGGUpfi6rHxujoOdybMXogbsepMLJZwp9PJ/v+Ax20uWq7iVlMs4YrW1Ce8x+nsqVMrW8QSwZLlcc5kpLUo8rNLPFHYj5Ez270C9KtJSVelUeZDWDlJedkSnsBLosfeMDqyw1QLbXkhintdS3hSQ0+F2u5rpycb4W4I/0JbAmO8aOdFfdhZSFu43WIRKbHSKloPRGobrSiRoZaYKB+hhjM/tvCBNK5vVWyy5sBpq3Zp72h38izZb4iL4unDLIj+llqLIFv2bjujhrHutpA/nHfpEWQohaKZLJSjqDfaqr1P46+0z/8hpEW/J2iv0tW4NuvVEN25aHjCWVpLiUu5St5kjT5pR8u+tdrGjJ2nqcFyJjf6T5AhaRk8NzU9wc2Jn5qTiHXay2/r7zZEJNbSQG91JqtFeek3Leo7vNG7Za++wupVtnyplfW9f/jtS+s2vPqHlEMxGxR3097XhT+5E/Fp5axrXoKBuc5EO7mdWSG/+pqnPKYqzBESU8CH6Iy3DLjWrVrtnUGjjYrBF1WNmZtCV4WqCa6WAfYfrXrNGuZaPy/RqizJF7FS9tM3KcUzv7QBw2e2iToTV8k2vRqthVxr0J1JnHSB8zcdltBIfufZuTmbHl6+mi4b3j5Io5VxbN7KuIq6XZ67WUtKXh17/aePAzA7zAGhH83VmRTXNNXWMaXpfeLn6EzKDuU6FHf8/irWSsvjTM5VD/SzdlZM6q10ls6k9qj10Nmrtk6afWiGzoSoLS2JT7TKKUDmKTqTSL3Xx/ZQPchj5iFSsedRmEhRVOSBVtZmxqupDIsC+d3XojoTZmYo5+8z5DyK5kw0tJoU7kzUe3dcKKuTkfPznAp3JtokZlcWS6QG5oDZmWi8ECOag/CT3nqevWX0VL2pdW5eHTBGKsLVItSRG0Neo9XpLE3f6v0a0lVabXO2NhQd3mmJYcu0hEdFRW8lP5y9JVx+x1nxcXiFvOiObGkjK+jSkDdbDlx4pQ3HZa8IC2WeJ++qVC3Tlh1jrBLRtiqa7Im+VRmVrU57g9gqZvK9L4qnCEV+az5TX3XrtoEiy/O6zQgJ2XZmjEWQjeUfhn6kuQzKUKBX9GetZ4GjHD5qzW/ImZS1hayWq6oYwplc/mRNFVtLI1kTLX6l0Jm9O19DwxSeXnazl/dBcSa8woQPkz/xX20inAkZjFdTm9SU37YNDPXeLIvYykL2gdN7Km52Dwx0v/WS6kBGayP+v5SSm91NJ1NeVT1J25FtTfwA3j26V30oLzx+nMmb+drJM+dRVL+RdVcbHr70ITmKTccf26pjNTMg6z5vEhe3isteZbO3XTmzWreyl0vOOxyOrHfXrTb1M2HOZGx43aqQ0HfZtpAzUdxVmu9t2UsWZV6dCTcPFqlW1rczMbXY9OFMlAbRjbMhIdylNkwQMwAwK8wBoR/NyZkY0k/sD4IzUcabklOPlfFrSmrNtVt3ERqyM1Em4hO9eoOYnYlna531fpzJiX3GnVIazkkrAl48PWfSIOJDjprIzACZje1nXMw8WHaSe0lpUVzVqqkIC9/12S6LtzMhKtK3R6kvqeOqPY8ivTVXEdkeuTUXv5Wz18MUhI1fYm29LGF8sXwbWNjqaUIDZ7IcMDsTMSrqIizRKWQe/n/23u2pjTNd+P0T1s13vS/35b5Qlau4WUNV11DFmozJZsxkxmwnS99kTLanSOZbsdeUcSrxFydMWLEdh3iwwnlhFAtLA9gQDjYHG+TIyOZMNBBkMBhhcCyBkcFYHrF7P++hX/UB2iADAvz86i27++2DWnSr+/m9p46oq1cjfimr1K8Kb0pBRrL0DiyT64RHjTpstEcKb5dIEZrtL9fumkBshE+CpXhIsCJy1PEEXL3qeIS25nraeJzXJcoh4k6hNeuJ/eKoRBY7KmImabp+8wnjBAkfeUk20wZ1UTrkVD4gOceaRiyHKlm7LHVEy8yEt/9R5ZCy+UMF+y2sND2GMBPW95nBIlEWOkeaiAtZeQn65phJpT9TmAmrNoEc7SoxeD+TA4dvP6Lzd21XebNWmVSJqJhy5UzJ8ncfxDI/4625ltI/b4f/imKVJ9sNP0f3Kw/us7T5SN2FMBPxJzWaSbj9xIl2pZLLV3Cig0xH7pWIFndqLPv4qYSt1CMZxPDBBZCsy8lT1YsS4wVlCcaq1YiZkIZ8+wt8MiirrJXeTWGyKutoSWco4DOUdFC0ZkIfVhlZX+tauXMz6b2o7IGYCdw60liTBPifNZnWbIS8pkTCzzcczhkDQpP0Kmaiu7LlwPVXeNOiMBPaZYVPKWYiy9EnP905Q7q4uK775tgijTAsjLGlPtrz3mgm/3zQwyt5fjKrM5EXx2CdM/Vwz5o7T5t+2Wq0rTEQFYkyk96zZLysEIdYSis976AiGb8jMdZkOS/allnMJGU7Z+TICOmaojYTnyv/KX365KaphkISZgJESb9A0qfZaCY0J7tqRn7mF5+FZrL3WJeZ6KoLIv7UI+pO50RLyDgKBp66c9VKrIa1+wI3zmmilSO8jDMCWuLUNCWP+Gk5jq4HfMiVvWoPeFB3pTVXV6mrtfEjyXk+i8cioc6MLzTXbFe36LpPeHrzpDgqJYuXvJIfBe/Tn3iMZgLBq9Kaa0TdmgsC0GRqGkYzufVxsmjNxZrl8Ag4Oi6aBilL6UeMFIj2YDSTbCJ6I1je5K3FNstM4mjNNX7xWCM9QNCPlvmFeSVBzqEDhwfvL8yHXzAzUfctEdOsQVd6ToNYtM2wc0QGv/p1Ac0IvtRM4PyeoirCl9oP3uHnNAwn0VhvIlqFydEBWu3GW3MJ2uB6UXVnh/1AjrJPgrE5GTOToMsK2pP8V9LHddPNRM0qJR2r1pnAbUFTlED6mZDiFZFBzSTSlEN2+LOTNOtCM0FkefCmu+QqSd1P9IvMMQaEJulVzGT1FKeZILuQRJnJaSImsaFFJGXUrHzSOIveOlk9CZ0O1bAxRThqM6HSwlmlzoRCxmF9t3QVM/n5SjapmSFk0QkZzWQvAuc0+0JraxtJITqb8z0R4lbXaSn1KFtHZyb2LKn0Ot8EEvHbN46KWd/PcJOe9PtDM76uVKW5IAjDlZA8WZXtbOslrblKjvJ2Xxd5u6/ct6WuZ2w2NbZnmV7qtNYiP12S3s6FbVmXJznaCznObr/zi0x1XxcINUq52ExaM0h1YYbSmis3Xbqi7Lm1rYv0qofgpS92VBkpkjiqoyWd/m4nOyoA4hdr+SrhT0JYxUxIcXjKeDBY8H5K5X0yq0SQJLK8FV7FTOTwraTf5tX6Andcp1izHBEBq6tTZOUjRs7vV0eorHRcmEmyMnzwZpkJILq/s6RfrIK35lr2HjrnJV1Eur75TnOuFoRv9HxzWFdn8l+KmYx/d2w86j1e/1gs2mbYOYq0kAF72ak0N5NwxwlYo62ljSVyf5+thXMaDAYvf3aAVZ68pz2VsP6te8GAr41fJ7dOUQsNVGYdbLs7Pn63yWJJoRsGjl24DPsp+F+whaYObS0zkWcvW5Xhg7fSTCK6BsyE1c0EnlC0OQBH1+2Em4n8rDUnRfKXZJIbBJoJAg+cZm4mHlYBu26MAaFJisdM/vmgx1XTslYKKqN1IXueRJkJsiFAtDbqSOqGy8iW86wxZ/v+4LFRg2Xd+0ziR7PP1w2L5T191nax7lGDeTl6kfVw+kfXZVpJ0nJ3ePb+4Heff0JX+PPs/MJ4f8Mh65/ATOTg9bc+0PQzoSylv3U4IX3fGXf+msw7D20eljdZ9csu59lkKBRyfkk6grGSDmmNfiaZH5zu9Yf83Y2l/5mRc13Vu2wtMwG6T/PaVzST3ctM+F+K5v6P75c2WM+xGitB3w/e8qYeff7LMAaEJikeM0EQBprJrgDNBFFDKl4ybfrcV+DKB7vvTYubQ1debOza14D0d4r1WdsF6bqje/shgiDrgWjJ/PJM+Ld9iYzBjAGhSUIzQeIHzWRXIMzE/mkWaXaWkuqjgaRVynIGZOsbUuq7pGmclb6G5fRN0jcWzMT//UnyRvDUNNHX2uc6CSuIF4THRnlSytJgq6dD9pzMVDGiC4Ige4Rl7//73Zg+E0GQnc2/lsz98cfIH39YTrm4UBdeGbm30fegG1hZCi/GWr+vE2NAaJLQTJD4QTPZFRjrTFgLY9IrhvVa/tnJRoOVaR8emTpGr9JonjdH9pfyrtjRSemj1sgaZqL0YUAQZM/Q89Vbh9/6j82sZ0MQZMuZCTMt+b9K5v6laO5fby0v02Zd2T/pV1w/O7cHPIIw0Ex2BcJMGs9n0xGSJWEmyjBTsTFn7e9yx2CzMjETMhiA+j0YkMPGDzCaibIKgiAIgmw6t9jA3Js1ksSehTbiEloCyTkX8d6Y/5f/JsPxxc0D721mJvc22KXcGBCaJDQTJH7QTHYF3EzG7WkfloZCZJxkNBMEQRBkFxJkg62NzOoXIGr+tWTut92RJ6MLTEv+pfwJ0ZKiuWt0kMD4WZn/6c7diy0bfp2GMSA0SWgmSPygmewKmJmASCidP0JxmAnoh9Kay89ac3V9Ifloiy9/IRlaWbcVgiAIgiAJ4V9pVcn/2bSU/d+Klvz3wqtqyStgDAhNEpoJEj9oJrsCZiaR6zlZX3fO+FpLP0yLx0xgIiXDHwrB5nbWmaQvP/OLxlDAl/F2ZiaaCYIgCILsEGYWZxeed9x68mRpyTkX2YTakhj/fLbx4cONAaFJQjNB4ieBZrJ0320rdtguedjsUL3Ddrmjf3AA0nPtmqsz47EVOujU8nCjs6FrdLSrxe6ehvm5rrqKek84OFFU6Ci6Ngo5sGb/xGz/zYYiuslkm9PV7oUVSE7jMOS4Lzls5c3hhTlXmYPWME9DjmdiNjDstl3ywkfMjpADo8ntKiE7aS533Biegj2UFdPDWBm1lTewfbLD4MSOM356z6b16vOQdbPyuOeq03gW4JJjrQme9yXsrdhI3IjTtwEeeep8+rxdwbC7BS7gCpfSMP9BB8yy5KavS4tOd7PZoRCtBn0xay8js7FNXs5YRQd5FcpuZ7zNueELY0ewCOeLX5+PyFNDpHVetOG7DUPL+kxk9/NP1pprs7QEe8AjO50EmkmVe4rYiGImYAKagP4lRG2VHXU01nz8Q62tuIXl1uiiTx88zmt1OexBLmArwL88/5GnYUSzoV27T89lh62WvC7M5upW8karvHPwXcRLEZqpulBixxkfM64sKTUt60vSzQSJjxuulqFwVHceZSW0ravgj396+UXnhkjMZ6/30lV8cO6WRt0k/ru/uHTfUwMrl1Rv0gMCeSU20UzshdWsCIMz2l5U7BS3o/5acnmI4hK4kKraSCFFnR1CxkUle2sJs76qS338qIaahzTLl+E+w6ZaK8l1vvSzci8Vm+wAGsodzV2jAb+3odLhnSc5tsI6pcSHlBDJj7z2YlKKdOPvziH4mS32uYod7h6yia1YeyffYyyN2coa7KtJCFx+c/o85PUipWTTtAS45/mBmYlvg4MPGwNCk4RmgsRPAs1EZvUkipncsDvsP6w70njQcWMmyiJ+nd6o15rtiEmLyKEPQEGUrQDPv6ou8umwQv+yLC90u1hNCFmhWb1BUaGz2U9KJW1XxeuMp22Nw3AYYp3YYaiOE0ksa5lJeGGs1e4IL8yFI9E5b52t0BlYmIPIaZbEgsRMXDXucHDCVtxQYW/3+KeGr9XWkEsESTCbaia1tpL2UWWkGqIi9bwCFqgpdtRda/fQSJqurISPKxM2V/f2vqRx2lZPPnvWXav97sPiaOEOpnIsWWzCeeRxB6P2El67MjfUDhMNQ4/pMh/bCdl5eKyo2FFU+ZI3028Uoy/ZCjX3Z/KXZ4q1MlHUTL5HNMJ/aw2x4p69yMoEKz0xXp9V2hsXedAsjZLClGJSROKurbYVOytqyRMQThzx1UceuJ7H3Q2wTlU7f9x56uHO5ihzNLj9eO967VmZ7W6/XdKI74BHdio7x0zCU8P9g6MQAlaVO0hp2dqMXnOyrVjETxpiKY9ebbCyaCtrUe9qqN4JOWyabFUIj94GZWF01kPu3c33xY07WkSK0quVWcqUW0Sl9mLH8PTc5KDbVe4kB/DIW/R3d3hhFnKK6ENUd5xIYlnLTFjLPZZDqs6CbHLCRpr5ETNh82rpFRctskXAn72o3AkeONnTUsR/3csQioE0Njuc7hlSNMBO35KvhTXRhLCsrNw5GZwLT/t4hSf9SfZPzA67m/lOmJmsTNvKNQExRHJeF68LBWyV7oASpsNvHvKfy1FbBa+UUIWPj7fZTMCcWVUDfHcwB3IHc9AvQkpAlJX87epqYbEJ55HHVsPH5IGQl90tIeiv6JhWm0lVF3WVFfFH2GxWBlg5FG0rG0Mdmuuqu5WiIg4rMoCT67nq7BnpgEslvDBlU8qq2PeCkN11c4BdD7qq8p3JKmayPMDPhQJ8u9YH7E1VUfiCLHOuq25oRW0mvJpF+VP49LtFkI1jDAhNEpoJEj87x0xULKsaSsmsrj9Wnb0cKx00rTOJ6Gr/Ax21N6ZXeekpC1hhZRbuhIdawD2W+hqUzYmfiJWrtE9HznKfq09TEOWCTQzHiSSW9ZlJc8/CHKk/gbQUQTNJFMRMlOZVLEIlUZdSp2ErbOhZJqdv3NdS1uhjhQ+wglcZ5Z+dLPXvro79csFMhqZtxfqqADATiML5OlNuWj3Cg/LRZif73OYS3qDLLjoA2DV6s+WE+hRJU7NoK2lf00yMm6hqjdTXNi3ciZmJ0lRMW9+yWcx47MqNdHhwgJTmDHtthSTIViuE+MHSv7ZzVnvzVp3caVF9zX7RMTMp5CdaXXq1kzGaibGmSF36Fqtxoq2U1WbCssWpbL7kLLrUwNsEIkhcGANCk4RmgsTPjjSTOVVDKQOkB0isayCksLdONNkiSkAxeIheVATsCWer6VPakS/DM4wcmFKy2FOjCkm1LbsYz/ubRUjEIE9Ew3Fq1kC2nfWZSW0swiOgmSSGOt7th8DMRBuQkfiV1Rv0MC/RxNP8ZKnPOD99jzxFZc6yljGRzyBmIkdBQgJURWg1CA/Ta5QYerK9uoeWP8Bua3rAXX3iFrE91JU5Vo0syd1G3UoNglRW7xceWGWTHWAmNWUOvS/R2yyYaJnqB1ik1JmEF+ZGB72ifoChMRNtnbnKTFQ15IZP3IEYzUTIlSA+M4HL211faytv8NICOASJA2NAaJLQTJD42TlmUuZqcfcMh4MTFcWsif/LUR5O0dFrfGwuWs4aJa0R2sVQWgOk1rvQIWb7J+bcrtr+4Qn4rOGudlslGXa3qNBRVuOGR+CNv9O2Iv52yBmenns8MSCUZq6rTrQ1B2anptjR2i6xZh7LsDnsEHLGlWiJgXUmO4G1zUQeb3G2+mdnQ8tz/c1w3nuGJ/oHvc0jMppJojCayeMfVqkzmaWNfAzxND9ZDaoazlidiY84hq69KDUTYKqoeZRUQRBYmP7YVtmi3Dq87F4hwkf4FBEjbjXgGNpDVliZtl32spE2WAbrAQ9aImqTNCTaTFaRJUrYS9ojNZeozjs/ERz1+ZVfDzN53t/M+jSqiddMCPSBq2k+hyDrxxgQmiQ0EyR+do6ZNLtqy2i/zLoufYnmWqgeTosVJWTQJPrMI0Xg2sqKaU31Rb1vtq+Dt9Iur3tMR/Veuu+tc5CBZcUgm5BD1il29v/M616ay2Lj8wAeBz9a5UE7y3ZoPH40k52AiZmQgXEKHVVemIuGx7zkIilxDtEmPWgmCcFoJhBvufroQFgrE7TjBz99S0Mgk6Q03WgmQ/XOyZjM0A5jop+Jqr2oHDMT0qqTdbzmYfqUW93Kn+1EhI/PfS38kLaaJZ9KkIZnl+WGirrhCdIIqsHuYM1Qq+iQVrQkhZSygwB4RVkMG/aKkVgzob6kz6TcuES6Row2O3U94AWsUkXwGpjJY8/lVUblistMht09o+GFqQrQ+B+2puMQ8hpgDAhNEpoJEj+JNRMEQRAjq5gJRGqDZCApUXagEsuBoqsDRjMhE7XVpHyhrI7XHihx+WxH7Q1VsxZhJhD+BngeCdN1rfwDN6v7lzXhYwUcJ+k7jqwLTQkR+ZvPVZST8iBbiXM8rJyO0AAp4nHQCpP5UTcdVMpW7OyZ0jSZ3ZNmgiA7GWNAaJLQTJD4QTNBEARBEARBTDAGhCYJzQSJHzQTBEEQBEEQxARjQGiS0EyQ+EEzQRAEQRAEQUwwBoQmCc0EiR80EwRBEARBEMQEY0BoktBMkPhBM0EQBEEQBEFMMAaEJgnNBIkfNBMEQRAEQRDEBGNAaJLQTJD4QTNBEARBEARBTDAGhCYJzQSJHzQTBEEQBEEQxARjQGiS0EyQ+EEzQRAEQRAEQUwwBoQmCc0EiR80EwRBEARBEMQEY0BoktBMkPhBM0EQBEEQBEFMMAaEJgnNBIkfNBMEQRAEQRDEBGNAaJLQTJD4QTNBEARBEARBTDAGhCYJzQSJHzQTBEEQBEEQxARjQGiSNslMHg/mna0i6cIt/SJk74JmgiAIgiAIgphgDAhN0maYyaLP8Q3VkrNVsy/0C5E9DJoJgiAIgiAIYoIxIDRJm2AmjnNcS/QLNsTD27bWh2Iu0Hol7+wV1eJN4eH14qr27kFv950z56p6FvWL4wC+taNfn/n6gGaCIAiCIAiCmGAMCE3SJpiJjbXjOltFA88X589VuX7Ur/NytstMAnx6Iq/4zqxmaTwIM+moeDUx252gmSAIgiAIgiAmGANCk7QJZtL4LTeTvL81uoqq8s5d8z7Tr/Ny1jaTnvp6svNzLq/SVoxIxUrwzLmqM6UdshwN9t6AFWw1g8rW0eJvXer1FdRm8pCbycpCeakLNi9uGnmyQpe8mD2j1ALxiqCVIDsG1UdwuJlM3GErK19BfwB551p+am2EFc582wizlXTp+Uu32dJ2J/+CNXdf3ZW2FTQTBEEQBEEQxARjQGiSXtVMHN9Uld9+OHC1WoTyQRbfb5SHt8UelETMJNhRXzceZat0VFT56M5haXFHkEz5O/KKOu7RTM/FqnvwX6in+ByvvnDlVz1nUxzFTF4slv+tqiOkWdZeXgWuAhPnlGZpz72N138mE3AkjQF6DL4blXeXxSZ0Ea8zcagas6kPIO8SkZk8sXSxD8yNTkV/qq/2PCNffPe2B0MzQRAEQRAEQUwwBoQm6dXMZIENyeUq75hw0JqHmu54S/0f3j7nvOMlnUBIandWMzMBG1FqOWS5v6VmmPwPi5gzyCuD55om2MJ7TdU9svzEXZ93tp7l9DirBtgUh5gJ054zxTc0S+jKecWkEiPWiqy/hTZLm8ur6HnCs3x5NSN8krKqmagPIO9cC1tNWfgwz97Hpoj5PISvMJr3LVlnN7J7zSRVkro2VLPnzpUkyXpxUp+PILuZzs8lfdbrwa2PLbEnyzp5UHmiQ5+HIAiCvBRjQGiSXsFMuJbQQN+pb+a0YdZozVWTr+q/8fB2sXtOJoF+Sw/P8omtYBPI9F0FQbr2ZH6OJW0srG7NxfFecpU398GanipuJrCO58HC85UXld+wKpfRvEtkBZ4WNS3E1jCT2AE8mScd7VV9Zh7mOX18sr+FmAkh2l5ff+5cVY1vM3rlbyOJNROJkVmqX7AOSr88/VSfF2PyohU0hE2TTyj0o5m8tsClkOvWzOZ8Hwr5e+2fWqUP+O9astpYDhgvXFdXsqWTF1tnfK2lH6blk4KIGSnV6guEIEeS0sgGffkZKVKnP1T6nxn28djO4dLL+NTZ2tZKko/W6kYnnUdSYW+hUCgCO6rJlqTUVt9Ma8nRtK971VvmpkvS27lwGFJKFpl/1gU5zm6/84tM7UfAV0jLdcPO5Jm2fPILSk3LOJIDs6czpHxXr7/bmfu2dIUV/XBWOSr2jdhRyf7SXA/5fxexiWZisRwU021/sViONom/heXX+9+rodX7lKDLmmKxrLqT+Ph+8nilP/PHuTr9Ai3pBw6T9P/8uXNmw6NnfnXgsD4rQQQqDm7opQSRu3nw1758d/yO65Qlq5blWZKswWDw1G8st5Z0q5OlbS1tSipJOSsKNoOXsywnKtoCvjaLJSWPFi0e3GcZmQ7euvA+fERsB/S6GggG21qakmDVj8nxHrTsT/5SVUYKR5Ws2eTVsfJnIUe/mN0c3rWTqRGbWM2ueZpNsky4FZS2zZAMeOSlkNuCIHuNnSPIejAGhCYpTjMRwwRD4t0zXpE1zCTorq8ZNrbmWtNMWGuuNQL8VcxE1GbAVsxMAu1XJrR377yzLkf/6rsUZlJ3QdOaS7f2y8yEA99LM7/jSaSZ+EslEjL6+L1y0g5356wqckslt8936V032smWlh7PykiHoFE6ze65dB12X862ppEFb2Q0+mOqws3kaSe5oafnkixqJrk3Z2Dt1HQa+QEhf9bv0iA/68vWGRqMwGZXQk8z3yCHkHNROdHIbsZoJmJWPKf5U18m12F2jaadaGwRpfNzCa47uJjEamlStnq5+rOAnBQp26VteKog5JkyI33eySdvnrwSkp1ZksiR1B/xrFXZ4aT0aecadSaTsb0RVjkqzTz5iMxSvy4vYZywWE7dililJEtS8rhiCQMuyLYcOPIVmxVmEmw6dqIjDFFvYH4geR+sYim4FWbrfHXkAOQkSVY+r5hJwSGL0sSYoDYTy75jecmW/Rd41TpoCMwVKBXt+y3Wg5tnJhWjb6mTfrGK9AM8xPzsrcOHijZWjLgTzWT2DgT3ln3JA+zEPKisfBA+ADnJB95b441qB5k/xNzy1kG7iZkGL//BQi6cB5UqPyHAZWM5WAkT7F/Z4Esx431QyT70oOWgVWUvxyzJJ7Qys6lEpGynLuvpzZP2Qiu/Ed08qf5hqxA/+aedn6Y1PiOPvJMfSapbj9/6RW4WmgkSL8aA0CTFZSaktqS6uOba5tSWMNYwE3nlYd656oGxCV/3HTAEttTMTORooL0+r6jF2z1YY+etqhRWMRNHflXj4NRAx43z37pEnYnOta6XEgHzdA96Wjtc2j4hwky8l6pctycGxkiVjvoAztSQ8NTMTB7eqesYfPJg1Ntx44y2qdjOJ4Fm4i/JhOAfbqAQHfaSKMFv+50kHScDDBAtkLIhOJP7SJGwksNhm0vUTCLXc0R+zvVYoS8zE3sWyadl3txM0tKJhwC8hJjaESeLPA9gs4wMvo6EN/E9gamZ8Ih/bTOZlL7oUs3KpVZyVcDFdPImz7Gqr5NoZ64nNifTjyBX8mpIKdSZOZ2xCr1JO+wkV1XFp/kId24pr0IJSe+Wrm4m0U4m+WLWeFSaeXCVnVSjCJFfyr+lXL47PnL1VDIttyaF5fsOjAeDX/17SuV9Ms8iyHDHiRRLkkzjS9hkZDoYvHeLmwZEpe8XtPkCtypOsMJvHtdGxy3/dop/EkVlJiOWv7Td+Wuy5dcFyqITGlH5S9tmmcmPc3VgIyNPrr1YWWZmYlJzIszE9R+H0895YWLWU0FqUd760wgtRVu8337o96Re5cO/8Yu74C9/fuvA4UN/sZVnHZajgwXvCD8ZS//CveGal80g5gB3v4KTO36rAP6eZBbO1L+lkDNlqMEQKOdoIOWvpDdpuP2E0MVV6MtLsaSQiVuisoVT8luL5TNyFJZ975H56HjJQeowCquaSW1WbB3LmwVbaCY/O9mDTErJ4E8uWT6ZJpEnGr1HwcQav1JVYYQ7l2zrzu3sPh0rbhixObtJ8Z8yjyAbwxgQmqR4zCTWW+OScu3vIc7nu3h3l9u3887p3AbRkEAzyVAioZwUKe0sbdZC5CFDDjjhFgxWkFHov/KBJNrbMCCf3X0laia9XxOLyPhPfXswaiYcXpNCzYTdu3NTlJpxBbamzGrV+aKQpHwWsqsxmgnnjSwRbbCT7m/LzUxRLhiZFD7mpqtmaU4avYQmq8B60/yhEGmUpXnYR1o9vpC/t/HiSSmL7FNKy8y0Hg2FQvYP05yqmKLz87RO9a7BRmIHSSxFfdi5qo9glTaMSKAzFX4+R046+1T2M27P0leJ8KMijdWUoyp1+0OBXnFUsFvdjyKBQOQn2s+wkBSC2jallsNiOda0RFvddJxK+YzXj8AKtUqrK4goZboTPg/T+5QS9/ZxS5K6qoogzASc5Bb5lAGwEXZtgIbQCDUZpiMtx+5ESeH9pphJpT9T1JMwOYEc7SoxmJm8WJxMf+uTqxA4L7vfd/Cr4Li2SuT2ucNTEIWW/rlFqfdPZysEGz67Sdo/jV88NqiqL9pOjK25yJ9XJudFNJkzrgOMVxxkOgqEu05ZLJb3r8aa2BnZD5dIi1o3FMK3wFF5BRoIKvCbrwa0rcK4mSyFD+wTrbkOytFbVhf9xJGCy7OaS2szedYqKjN7Pf4QPU1Pm3LgRiHMBH6ntJFAKvzqYxsSYmbiL8xspXUmneSXfpoW/NFqUtowQb0NgqwfY0BokuIxE6Cmor64fpNqS3YUP98p98ZG3zpztlq1DNGTODPpFfEhg2YSGQDZyGmKEHmQToK92EbkiIdKRWra6S9PS1ozATpLcjLJnVqpBqEorbka4Xasbs3FXMj+Lg3CaDt+2C/bLTsGErbGmtCgmewFjGYiZrNFFZzVRnpcqCO2iF/KKvWrwptSkJEsvQPL5Drh5dk6bL8jO+ftEilCs/3l2l0T1ltnAlevutCU1pk8bTwu8T4rIeJOLKZZDVIzKSsmxmBHRcwkLV9kJhaI/A5W8JJrpg3qXiWkOc4DknOsacRyqJK1y1JHtMxMePsfVQ5EwJZDBftZaboKYSYkVFVgkSgLnSNNxIWslv0y3W1CzGR+fuH4W1xCplw5vOcJTZDzYsb7P9/9E5ud0rbgEtPpBz6Dfw8dOCYWbTP8HN2vPLjP0uYLRFRmIv6kRjMJt5840c5tQvYVnOgg05F7JaIiS89sLbcIHZFxy6ESZSYMVw75Pxpu+zilTSUnrJ9JMKh8IjMTYjv7C3xyHu1hskVmcjpN0vU9g99z2qfkKSTMRMVT7Q+W9zORUjN5O2RqJk64x33USvYDe0YzQTiR8PMNh3PGgNAkxWkme5eHed80ztLO657mxjOi5RWyGgkzk24uAwIWpsHE6Q8kZ0AmtSUS0YReFjNJ2U7ao1cymAkhGiJVJ6qG9aIHfIh0OKb3YqOZ0BzWZJ8dg4xmshcxMZP8dMVM9E994iEadzCIiligq9YT5KdRB0jJ7VQ8gTVWJJuwPu4aQuLCizTlXAnRn8Bq/UzUdSZsFv7tPZvGIhqQ7bW1BOgVRyWy2FHttDoTnZkE7KvUmcAax/bBmqRxm9FMTrF6EkqszqRDHjm/Xyk25yhmErS8eUrpP33Z8iZp0MVD56U2CHYtf7gsb56ZfD95XJjJyJNrMA052lVisDqT8YvHGmnIDWbSMr8wrySZ+MbhwfsL8+EXsGgtM2ENutJzGsSibYado4Evky3JeSxnPWbC22VRYKnQEfBTIatqRi7sV5uGoOSQRfRZAgE51qTMLDWpT6hxZAVmJgVvWpL/eocd+RaZiXjMCSarsljN6mpmomuTOSl91MgHtGBQM4GbCSk6+dlJmnWhmSDA4vi1BnfJ1R/0+S/DGBCaJDQTJH4SZSanwSTSTotZcIAc+pzIp108SBarJ6HTzC4EajOh0sJZpc6EkgnL3i1dxUx+vpJNamYIWXRCRjPZi8A5zb5Ah6Vqaw3RWTI2VyjU6jotpR5l6+ie+vYsqfQ63wQSGcnqjaNi1gfRw7NJvz804+tiY3kBvV+ngU5MVmU723pJa66So7zd10Xe7iv3bTLONZ1Nje1Zppc6dZt8MTYXG/4r2puvjM0lWpzLNNRQ+plMWjNIdWGG0poLtOSKsufWti7Sq14iY4uJo8pIkcRRHS3pZKN4sdG3ST+TcrXyJBKjmZCJfSnjwWDB+ymV92FCTK4AAIAASURBVMmsEkGG204kg2kYzUQO30r6bV6tL3DHdUrTz0RbnSIrHwHGckcldax0nIfOspxssbB4d7PMRI6rB3z6gWPl90hrrkO0t4nCw/TP29kU6AeYyWDRn24rTQcOCUsJNnzn+qZT80KvbYWdo0jLMYvFwk6luZnQTkQWMdwWub/P1sI5DQaDlz87wCpP3jNIgsWiaq3H+plExysPWQqaxLBdpHMLu5xGWshRqIdDWMtM5NnLVouFdW7ZCjOJXM9R/8xZa65JL/85Oz/NkH53stWr+oXCTUnTV1436AU3E5kWW2TR8gg0EwTwNIOWkOR5pF9kjjEgNEloJkj8JMpMkA0BorVRR1L3TEC2nGeNOdv3B4+oh9FavQf8htHs83XDYqGdoRPBukcN5may2H42/cCfYGJ+qOEt2nbrw88vweztv30C029ZP3lx1zZF1xQ94Fs+j9WfsG0TxZ2/JmtfULYJsKqtPYC2u5qmB7ysqjPpPE/L6d7IyPpUN4TXmmYiy37aoGunmQkZP22NBnmbS8DCR9FAKCtB3w/e8iZlFKp1YwwITRKaCRI/aCa7AjSTnU5fflqmTZ+5ZWQq7zPZNEj/+03d4W5hdqTNlWc52qTP36Okv1Osz9ou2lraUlTt6zaJ4LEmbcs8ZLcwUrDfYinYjub2aCabgzEgNEloJkj8oJnsCoSZ2D+lAyGnpPpoEyKrlOUMyNY3pNR3SdM4K30Ny+mbZLhYMBP/9yez0lOl1DTRO8LnOgkrZH7A+03GeiwoZWmw1dMhe05mambJa1uAjiB7j6X5mYWiv/zp9uqv9UKQ7YYNxm3Zx8djoK8wkt97MynpTZITHqy0WCzHKkgdG3kFzWe3Co7styTtBw2tPLo/yWI5cJQOYCCHx69+BbNJSuNtWFkOD0COqjZGmEn4vd8mw27z2vkACerdsq2U3e51VpbCixsuijIGhCYJzQSJHzSTXYEwk+zjpaFQyO8uZbXzVinjdMnpXn8o/0hq1/c5rb6ZUMAH6iFTx0i1nm70zfi+z2VdC2jH60x/CFZOY+8UX9VMst6wnrzY2KXqK4ogyC6n56u3Dr/1H9tXrYcg5ljoC0zFKyzBTI6dJ28funwipbar4CDpTUSGdZaZmRwtKGgZGXGdOHb1Tp7rzngweHAfG9c7WHvivZHpYO1nB1gXIFi58lByE+uVxBFmEjxV0RacHrHQQfYA9W4LDpLXJSm73dPMjNSSHvCqYWHWhzEgNEloJkj8oJnsCoytuSSJjK1E+nbz1wJ2iu7L9ne5Y6hWJuVJZCdikCj6jstVzYSvgSAIgiBbwexlNsRFsOY9MaiA8gqjgOUEff+mMhoBMRPdYG5Ax4nKB3ySEmA7hJXpK4k0i3StufgIGbA31W750H/63e5BsAc8stNBM9kVcDMZt6d9WBoKPY2ozEQZADf2Noy1zEQ92izksJHN0EwQBEGQ7aTg16o3BykDMSvD8cVEImYmB3kjK52Z3Po4xbKP1HWozUQ3tJqywzCsfMp1J7ykMhPVbvlHvgZmIq/M/3Tn7sWWDb9m3RgQmiQ0EyR+0Ex2BcxMer9OY2/zleMyk5mqrDXrTEZsGWgmCIIgyNZDxuBWRnBmTbbiM5P3lDeiwlovMZNgrRhgWrzp6DU1k3gxBoQmCc0EiR80k10BM5PI9ZysrztnfK2lH6bFYSZkIiXDHwrB5qyfidyXn/lFYyjgy3g7MxPNBEFea8bsXdP6PGT38Oz6h0H6bqKdzlKTohOEoMt6eTZOMyl402JJORYMjh9ISnmJmcgjsPJl9nYj+qoi+bU2k38+e6HPeinGgNAkoZkg8ZNAM1m677YVO2yXPLqcWdU6Zsx4bIUOOrU83Ohs6Bod7Wqxu8mTda6rrqLeEw5OFBU6iq6NQg6s2T8x23+zoYhuMtnmdLV7YQWS0zgMOe5LDlt5c3hhzlXGDmAacjwTs4Fht+2SFz5idmSgf5Alt6uE7KS53HFjeAr2UFbMDmOa7UHZRIajshVXBxamKvgK8SPe8I3Ew8rjnqtO5WqJMVTPL7bnfQl7KzYSN+L0bYBHnrrVRim1FzpusJeAcEabSxzsZkLn2tl9gwEr22gqc7SIzK0lMmorrwsszDVUOrzzNMfX0spvRwOzsTcnLg7VO9kdVblZkWQr3jGX94tZe5nDVuyscPEXK5Ypf0xbYS3NiM4NdcBsRW3suQC/X2XpuhhvcRpi013Az5+9ce9XSVPsez+7//jmDZ4qPwz8qFsX2QjRO0oPFoQweJP3M+l+ol9kjjEgNEloJkj8JM5MohDQ9zTGzGSur5nlrDPauHHJUcfChSl3hRI32ArpC8tWHrPZ8ZZqWzGJHmZ/ZuNtRCFnaAVWiD3M2SZFhdXN92lTp9H21gey7IdYpJqtICYYz/ub2Sbieb/U10DCBX8734OyCRyVq48M0gkreFg8sXEi412NJUczUrAqI35uOBy2sgb7mmay3FOjX4TsfDbVTKpZEQYHVKTYKcykv5aEzs+VhXAhVbWRiL/O7qjzbdMovOEV+t9SHz+qoeYhzXLC0lBzUUmLuqyHMlXUrPpqCaWh3NHcNRrwe4Viwb1UMShSQjR3twH+1JPBuQa7Y2iJb0V+vxsxk13J4tC93394X5iJisefJil/CWSjwPOzreB/pWzLW1N2DdgDHtnpJM5MCBBb6J6j6402HnTcmIkyM1HvxH1JE2LOdtQyM1HnkAdgjChbwVXsqOoinwwr9IO2LHS7eEUHrNCs3qCo0NnsJwZiuyqKYaZtjcOwCduD2ASOSvkudAUkoaxlJuGFsVa7I7wwF45E57x1tkInK5yeJbGgD64xV407HJwAEa2wt3v8U8PXamvIJYJsIfBnbxiJsPL1gNLqYLyrhZSmK8Xtyr0iOtfXDIYw666dDY8VFROLaB1ZYOs0u6pJTlkdj+0UM2m9xM4vx15YW1XoEKfVVehsGB0QZgI/5/6l0YqbvFYFLiShN6rf+LawMmD/gd+meOlLjMWiqwNL9JDUuV6XY049/8jTcLN9dHouPO2zVXaUsWu7sJpWGfnYV4a/ZFm5E/Tgxt+d7g3GLutm2lZP/oi6o7WTuyuftpW0k/+W+uACMJoJXCFLo+6qCoetgpQQ1VSQ817jHpNVDxHbJa+7tlp9Pexwxlczk3u/J++qEgT/K2n6ow+fzk3P134y2XR3qvbugueb+/uTIrL89NI7pI3U1Hewn7GPvn02d3/sV0l0o+l7f8x9Nhd8eO6TGfIXQl5vVma722+XNOI74JGdym40k9FrvMUCMxPSEIs+5GT95ou2shZR8EaXOiGHTZOtCh1FlaKdQ3TWA1Gpo/m+CDqjRaSNgabCRJ5yi/DFXuwYnp6bHHS7yp3sANgelE34o5dhKMhEtpu1zIS13GM5EAC5efvnCSqTxEzYvFp68WxuNfBn54EpOSn0NzvlZjWQ8sq0rXbguXL64Ecq4umqLh6u19Fihf5ax6SiH7zmk5oJnEr1bUGmZiLqQuGTqITwMF385IsKncrK3ExG22sbRrbVUe2iXWh4AuxictjbfNnJ6m2qivnhaS/OZVul9q0FjzxVXq4q6mub3qxiZuLlkbzmJraJzHnreJ1JMWlmCckzRj7SVehQTmJUbSOrmgk/uSuj4q7uuczLqriZKF8QrodY27wdjNFMnvz3bx5ru46AmQjVvPerT/iU55OHUxozYdk8R/4JzISviSDxYgwITRKaCRI/O99M2HNL3XShqLD2xgyptWBP1p4ah6i+8Lpi4eN4e62brqawaCuO5TwPzz2eGO5xt9gcpE/I+M06eEaODnvgX7rGIuRUtQzUXXK6umIt0EebnaNKrBOd7iZu42gfCo2VtU/Q/ZM9KJssqypV5rboAY+sn/WZiWj1zmM1NJOEUKf0EJOVqBTCZdIOk+c09CyT0zfuaylr9DHLUMXT/GSJc0emWUwPZjI0bStmBhIDzERe8fF1pty07SUP0+Enzz63uYQ36BL9TGz27epnwgj1Fa1yG1mkCve4SLnbaC7OeW+VV1u5omrPZmImyv12a8xkxiMUa3hwILwwC4plo+LH+uY9XpjzNFa/1EyUyWlxp2W/aJWZ8BOtLr3ayRjNJPDbJFXdHgHM5KkyvW4zkQNHfnnvyPFn+hd9IMgGMAaEJgnNBImfnW8menykRYc6hb11osmWS3lcBTpqb0yr3+UaAS1RzcZgTzhbTZ/SjnwZnmHkwGr62Ly6E4KuZRfjeX8zhESwiWiJzjaBo+Kx1HKfKKdEEsX6zASkV70KmkliqFNqQmQlKlXfGUjV1iOSU9M3QdpT0V+ZKp7mJ0t9xvnpe+SxXeqoUGo/BMRMZNJGtPWB3EDHtxBhuvpWw4rzRZ0JC6a3ifBAUf3qvXhthc2sBjiW2PW5PFBjHHsj4WZCvwjvNqPieV+DEEuGrYI32yPT5mairTNXmYmqhnzTv8gWYDCTn+59ekM9L8drJoyp3ycZd4gg68QYEJokNBMkfnafmcxPiDFnqgod8C8pF1SeUkohWURXLAqioq0/icF6z9suK+qwMlZ0bXS40QE5LKO5QnkELg9ouskylnx1ZcRJYBMhH2yTqs3oAY9sFusxE4jktMXSaCaJwWgmj39Ypc5klvYQM8TT/GQ1qOLyWJ2JT55srza25qL/k87iSisyFqY/tlW2KDccL2sZJcwEPuUlN6vNA24y2kNWWJmGO5Vq5MABW0Vz/wj5gwRuVhtrhxJuJvBFjFoChL114vxSptQ329fTTCJtxwMGG30VM4Ft72V/p8pAkA1gDAhNEpoJEj+7z0xUqB5OixUlDltJNX3mkUBTXYJIHl3qAsV632xfB+spW1Re95j2r126761zkBbPon8t5JB1ip39fFwvuZkaiMBDRoxx1HWNiQct24Nqk8VxNxlqhvXLRBLL2mYCJ3sMTlOVF+ai4TEvOYklziHapAfNJCEYzYQOLEEGJyDdsmkpg3L6FoeuOsE0jGYiL/ls9vaeidnRrhYunEpcrrsYFDMhpQnK8MEkTAeHEa03AVadouoB/9hW1q5eYavQVBTT+qIW2qWtxGmv5wUoAnFxKv3atSTUTEBLvLHhjEk/rgZ3H2/Nxeq056cmg3MBf5+uPuo1NJOVgdNK/3UNcZnJ9NiBpHu/SnrQpAwfiSAbxxgQmiQ0EyR+EmsmCIIgCIIgyA7HGBCaJDQTJH7QTBAEQRAEQRATjAGhSUIzQeIHzQRBEARBEAQxwRgQmiQ0EyR+0EwQBEEQBEEQE4wBoUlCM0HiB80EQRAEQRAEMcEYEJokNBMkftBMEARBEARBEBOMAaFJQjNB4gfNBEEQBEEQBDHBGBCaJDQTJH7QTBAEQRAEQRATjAGhSUIzQeIHzQRBEARBEAQxwRgQmiQ0EyR+0EwQBEEQBEEQE4wBoUlCM0HiZ6Nm8gxBEARBEAR5rTAGhGsnNBMkfjZqJvrtEQRBEARBkD2NMSA0SRs0k0DfuQvV60qlHfptkT0HmgmCIAiCIAhigjEgNEkbM5MeZ1Xe2aq8CzeezM+tlSrP0nXOVuk3NufhbbZV3jlXTfesfukWUH6u6kz9mD4X2QhoJgiCIAiCIIgJxoDQJG3cTL65ElyJ5dR8yz3kp0UlayXYU1Mfh5nYWh+yyR6nq3FCu3TzyHP69Fl7gMXRc/Wj+sytB80EQRAEQRAEMcEYEJqkDZuJo1+dEQQDcdVcs+VXndFG/K9iJvJ4h619i6pN5vammVBF1GdtPWgmCIIgCIIgiAnGgNAkvZKZzLZfAQOZlR9eL9Y333oVMwl21NcMkwnYreObqvbuwSc0/8xZMu1pbswrvh2g9TZ5Zxttztue7kFXUZXHf7umgyyF1Z7T9WFbyPF2D5b/rep6ICq/WHwy35d3qe/J/BxZeraKfWKg9cr5qtuwWnvNFeZXkJN3znXeSTLFF4HdertHvR23OkIsY8cBcrLNNSdoJgiCIAiCIIgJxoDQJL2Smcg/tuTlNz6XlwM/3s47W61aEI+Z8H4mIAw1gywPzCTWqmv4hqM/KvLzKnpkzac8zLP3sann3sbrxDhG1dUjeWfr6f8+kSnMJO/sFbGa4xzZITETJROmySdRMwk85wewU4k+8V7rCLzQZ28ZaCYIgiAIgiCICcaA0CS9mpmsjCq94Ufyim+rFsRjJuecd7zdg/d+JhUaDDAQMf3EXU99g0C6u+TfkDVS8TDmIf0tZM35nljzMLKmi/6/qpm0iNXgE59wM+GZwkyCvTfgS3nGYoe303jS23Lmm0Z97laCZoIgCIIgCIKYYAwITdKGzYTUabTHIn55YcxWVO9o4vUVMg/r9Y27Xo66n4mC2kzWqDNZ20xetc5EbyaMfz64febqtraYWiegJdf9YhSCbQLNBEEQBEEQBDHBGBCapHjMJK9IUz2iw3UuzlGDX2ImK6PMRmTasKq4Iyi/xEyieeeYjdBty+/QqYm8Kt5UTJhJMbURBqtaMTETzQftIKLbXFvCQDNBEARBEARBTDAGhCZpY2ay2N8ieoO8JJ1jrafWzUvNRJb/OTt45pxm2GJTM5HlF7Pn88nBnL90S1lNvn6pmlmTMBMI6x2lLsg887d6VumwqpnwdYoSIAAvZ3FKn7MtoJkgCIIgCIIgJhgDQpO0MTNBEDVoJgiCIAiCIIgJxoDQJKGZIPGDZoIgCIIgCIKYYAwITRKaCRI/aCYIgiAIgiCICcaA0CShmSDxg2aCIMhu5NbHloA+72U8qDzRoc9DEGQ7CS+9WFiM6HN3OfCN4Hvpc/cWxoDQJKGZIPGzs8xk0i5Jkj5zDezvStK7dn0ugrxmdH6+3p/MHmMTzcRiORibuZt3rCUWNlkslral2EI5WAs5q+4EeSmBioOxoWzWR+TBreQkiyX5QFB5SfJAxTE4BQeOVmrWUxEeLLB8HPucr44cgPWTJGtYtQ5Qe/Y9yE/+7bHKProkGn7vN8mwYvK/n9CuSK4BuuZ7p1wDZP5BpcWyX71CXjJZQZ2DmDD+UHcq9gh79XsJjAGhSUIzQeInsWYiMTJL+TyaCbIFWCUp162Zzfk+FPL32j+1Sh/wsQElq43lpErSU2XNyYtZqSlSJ0w9m2xta+Wp/Gj+kCz35WfAIn+o9D8z7OPKBnSjjE+dfE1fKJY9rr+2s1I1RwXkpkvS27lwGFJKFpl/1gU5zm6/84tM7UfAV0jLdZPoeaYtn/yCUtMyjuSQBe5cm3Kck89i6/suZOSUOEMBHxxz2hddMv35iG9E1vCX5np2WSnmFpnJsX2WZIv18qyyaN8xyx8ukxHuKQVvWg5uqpkk1yz8j5K5/IFl/QIt6QcOq+Yepp/zqmZ3DRs3k3DgPo/2+DkK1r5/lebMXj7WtMoVO3DB+n7NrZiZRMWpg1OpUQ5l4+DlP1jISrPKbyw6oBYbwHKQW9B42cECH72KTuy/o5gS7Mny8akT+17dTJ6mqu5U/u/zs9+GjFTnkLghUUZs/LkpSfZJktF58WRWeqqUkto5o1mRPCKBlFS4ObAvS2fpjYIRupKtvTduDz+O79y3Xb8Ke/V7CYwBoUlCM0HiJ6FmMgn3ybQP4N6YoWToozcT0EyQdWI0EzErSdQBYEK5libLrbYRvtQqWe0Xc4mZqGj9SALhuPKBJB1n448/FXpDmbRepPGCltJ3pVz1tR2F1ey6mACChkYahDQeJx/hL8lUwoinUrZTtWIEZN5Pp+AHZP9ImvF1OUvomjdP6o6WE+VhWMgFP7dsmCi16n5oEfgIlUglmBMWy6lbEauUZElKHldCyAHXCVJYfuQrNivMJNh07ERHGKLewPxA8j5Sel1wi4ezXx05ADmx8nLFTAoOWcZjkaXGTEBF8pIt+y/wiwA0BOYKlEtiv8W6iWYCWvIvRXMswbR+sQowk6IhMbf7zWT2TkqyxbIveYCdmAeVlQ/CB5JJ3ch7F1aXl4OsUiLmlrcO2lcx05EL78Hn6NSCwc7ywX2WlLO06kPBqLhCRfSzDyrfqwmSo717OVaxttSUd7ftxCvXmTR+kqEykxkp1XryYuuMrxV+45r1dKUPkV4pIzvf1evvdkop5KctgEdkKBRqbXPmZ2dk0ZuS9LvMzJTYD5/cDdLT0Ew2i736vQTGgNAkoZkg8ZNAMyGBl5TT+IwU5PSyKIGaCScli5UTZ6SIrExZVLPA3Tqdm4lqBWmVkBB57TE1E/4sj1nupD27hoTo/sLMySiJA3SxvpSeD/+CZpy8yXOsGuXozPXE5jgjttJxsonIyJSsstypjQk6Y0ozaYedwPoiR/MR7txSXrwbkt4tVbfmAq3SFpvqgS8lpeTCxElDEUCO6uMSDlGQ5Dw2DSJA/hspONbEWt2MW/7SFlECyhSINyvInwOiXquLF5CzAuy2v1hGFP1IZs1vaFxbeciimAsnZibwKRBx9oGbJCuLToxc2M8PZqkNlm6WmeQPLIOQFPueP33x/zE5Mak5SX+n+P1YtYliJo/cRR8dA2m5OrxEMs/w6+n4gcPzbCrqfd+lf8lYAjHWmfCT+6DS8ofLLMfoCZSgJauWTcEZH5mPHNiXpF1BzWpmEh1I+ZIISeDurRH+1yFUvp9iSXk/Ng/05eX1aTKEmYSbjhFHJR4FR84r1grehIvt1quaSdTfGdLfqRjwA4ef5WRVlpRCivAmL1rX+pWCiqw1y/QGdt/ZfZqXasCjU8p2duvLR7aBvRrB79XvJTAGhCYJzQSJnwSaSYYSCeWkSGlne0kWNRNaEuWn8pEvj5dK6hCKVmSzSdvvqJnQFazlZD+Qk/Y13Q+CqDCaCeeNLNEchJmJvy03M4W25or2sotKZyag0620lRQJFKQ0fyjUWnI0TRPlR1o9vpC/t/HiSSmL7LP36zTwB5nKDFsDcojz6MxkUh0iEEtRH7baalikwogEOlPh53PkpLOPVnjAB/tDPg8pJc11axqBsKYd9m6eOdPdOhMKwUFaUyV6MGS3O6cS8gTxDR6gMm1QB6yQA6Eh5KTss9QqjqGOeisPkjCRl7KrciCmTElJ2f+1pshcVpnJMaVNzsj5/U20ewkNnUmDH7hU4F+Z7nZTzOR/lBAbYdNMTiBHu0qM9APfyNGx9KMsOmdmspT+H84peu6u5hx+QdbJ+Y5cGUuHii591k6OfsqVc1tVNZRwYudofuTAr5Np9w1uJuJParQXmdhISmx6X9Ktu7VJlqTwml9NbyYD5w9a9sWqxTjRSDAYqPz4AOxK5BUcslgOaSpMZHINUPYlH/xrG5mnZnLnr8mWNwvIUqJMr2wmlFXNJI3VmURmej1EKeB3mpYqkRacR05qV5SNdSZimtW+EjOBf9NOk6xnrTnXI9rbzjaxVyP4vfq9BMaA0CShmSDxk0AzgZsrazbTeFxi5bjq1lw0csyFuFDkEFSznZ/SQIrmxPhcHUYiCMFoJqSfCUiFKz/1CG8lxa+flFTrl+QSUuRBaybR3tNp4mqM+L8/CVtkfdmZIZojasmk12qaZGVVHNwu+vLTSIWJrDeTZ42iEkYOXYFFOapqmWzVrwACDnWhKUQqp98loYoqTyYNwNJI3Y4g8iQ04+sCDxFfmTNiY3VExEy0mySQdZrJsaYRiCNZu6x1monlUMF+VZjLEGbCY1AKq4FhoXOk6RiIipVWvCTMTGT5EK82YWbS8+EVXh8yfvFYjyx/duDw8YYFOer9L8+L9M/bQVFaPifGsnPg5+h+5cF9ljZfIKKqMzExk3D7iRPtioD6Ck50kOnIvRLR4s6AzkwioCUl90QphJ7xsoO1rLItMm45VCJaDwosvy0IBoMRIULUTOBI9sP1EL1Dm3VtmZk87UzTPdTWKn0Yt7MmWwJmJpGnM70Xj/LWXNRMrFR1ItdzSFMFNJPNY1d9r0j4+YbDOWNAaJLQTJD4SZiZdJ9W+QSBPA6omdCyX6XORFVJQlDNllqpmdCcndMKBdmBGM1EzOan88tJV12gvjIBFhqUgmp8RPuLa4ho+5nEAAXRm7MB1YGFhFdHmnKuhGhXFiVHtDqTtXUmbBb+7T2bpqsuBK/RZjA6Nd1dCLx2aIfXmUA4qLTmGlG35oKwNZmahtFMbn2cLFpz8cGUWAQcHRdNg5Sl9CNGCkR7MJpJNuGhM0y8yVuLbZaZbKw1FzUTebkn/aPr8/ISMZNA7WctC/PzPL2gNSTp7xQP2v40Txp0/Um+d+l/HiAl5TsHdo7gxFl+TWobSButl5kJnN9TVEX4UvtBpet5GE5i7GxpUJtJxJLECgKUZdrWXDKtHyM7iown/UFfW8LQdTvhZgJH77IeZMa7RWYS8UtZyvAwqxG7LYQMAqP0MwmFngrVYmYCt5fGZ3I2bR2NZrKJ7JbvNXjTXXKVpO4n+kXmGANCk4RmgsRPoszkdJrE65QpEKLlNJGa5VjIpvQzIaXBHPKAETOZmTyQylL1M2FjlSCIGnjeZ1/gfUZDmjqT01LqUbbOmkF5rM4kpOkj/mzS7ye1EGIsr96v00AnJquynW29pDVXyVFdrGBQAqXOxJPL3CZfjM3F2m9Ee/OVsbnyVQ3fIbBQ+plMWkmnWSlDac11OjO7yzfj8zhPW1Ppz2eG+H2f7PzAStqYBXxk6LG3SaxjPV7qD4XgIDNY6zXWz4Q1YNsBrGImEFO25FlW6wEvh9uST7QZzYRMHF29B/x42cGS+3xlmX1E9E5esia4HLmwv20pZiYFvyYNuuTNMxN5Yz3gqZnI8u0zf0p/6yxvzWX95vaiaqWo96u3Dr9/4DOZWkrR54d3Wkd55RyF2ci/xyoGDpqaCXEYFex0s1GAU5SxfS1KjyAVMTOBK0GNLHrAL40f+Ldktp/KW2TH2hU1V8JaZkK0hzbo2gozKc3SVm8qrbliRCfZwBi56VLGF3otkQ3dTmTFTMhEZla2i97M0Ew2j93yve55fmBm4lON37gejAGhSUIzQeInUWYC4ZS6Twhp+v/BlRAxk+yukmziGMpQiaE+O2tVm/Upid58F3PIXGYOGVeERZOhXuenWSQz3aoeKfU1xxAHv77EOpbQ2g9VP5OMXkU1Xm4mffmkWbYg4CRKnJLKO3jIM84sUt0XGbnCW4Fbs3WtQgxnRDGTSWfGefpbeOqzHwfhlux8nyQnNUVKfVtb8h26wqMKiroHfOd58tuB75X1KYtpIqBejT/Lk035qVTgT17snKGHdfJIBszCQea38T7zIDhiULLXDYvlPX3WdrHuUYO5mciL7v96hyvHZ9bD6e9+MTIzefW7s3QZab6V/h+0Ouj+pUPvHGa9TXYOd/6arO/i88oobrAXiJkJWMcbR0uv8/IU389y1xfk9ysbSx+edkpv515ZbaxwEzNJkyTWXw7NRM30jb5pfd4G2LHfS89K0PeDt7ypR5//MowBoUlCM0HiJ1FmgmyIyYvWVcrETDHEwchW0peflmnTZ24Zmcr7TDYNEqBs6g53C115sbFrka3EYrFYWQ9y5PXGLIKf8X87oUwvTx7vIcb+i4Ifb7zE3NckMvHTG/bh4JOwq67vF6wAaG1eFzOJF2NAaJLQTJD4QTPZFQgzsdPaISkl1UerlKxSljMgW9+QUt8lTeNgAjh9k5SCg5n4v6dv4EpN8ysxp89FOm1nfsA7Osd6LEzardRkYKunQ/aczNTMEm3LAQRBEAR5Zcwj+KQLw2zi2uVu9uBKOv+PH/jCF3/8tvsX3w6cHiBdhWAFljvU0FtHu0z85vwQm+AM/SPpvKqWbmX6nRu0tnnoH9NLs99d7v1lAx1DIjiZdL47qaD3bnvMTL5z9SUVdA8plY7fVXQHB2BvsZcKGTH/XjuImZHaBtKaS5//MowBoUlCM0HiB81kVyDMJPt4aSgU8rtLWVdsq5RxuuR0rz+UfyS16/ucVt9MKOBjL34Bx0i1nm70zfi+z1U6PESklEx/CFZOY314VjWTrDesJy82dhlHqEEQBEGQV8M8gv+jUrNx/DwXD2EmQc/Qtz/NB4eGf19A1oHZn2j+6Qu9x7tJrUpS8U8sh/HT9d6kcnURWzTpMq2RGfrH8Yt9n/ww+/Q5GU7hkwvd95deRJZCvyjo5may8vAN10RkaTap4h7LADP5zcXh4BOz5pHm32vngD3gkZ0OmsmuwNiaiwypzPp20yFfwTJE92XWvFjdmosNHkB2ogxVxN5xuaqZ8DUQBEEQZLMxj+DBN+6uwP/hpNopliPM5J3zfCQQWIfmPORCUjv1S1LT8vCTIc07bn6o7U76u2ZUj6QKKipD/7imah4mPghMhpkJbMhyTl/gE2AmbMIE8++1c3jgvc3M5B75O28AY0BoktBMkPhBM9kVCDNpPJ+tDFbGzUTpvxh7g/haZqIebRZy7JNoJgiCIMi28pII/sn46ZEo/5cizIS0uVISzYnS5lgh8JPTF3rlh35NUy7TOhOleRgQEmai9DOZBw8RH8QW7SUzkVfmf7pz92KLasDH9WEMCE0SmgkSP2gmuwJmJr1fp5F3Y1HiMJOZqqw160xGbBloJgiCIMgW89IIPql4+LTSh4TMKmYiajAE75wf+u7GEHkbTffQd0pFR4yVh6e/7VbeRhm9f2PgGmuNpTET8nFswmXnrblIOzFtfcKeMpN4MQaEJgnNBIkfNJNdATOTyPWcrK87Z3ytpR+mxWEmZCIlwx8Kweasn4ncl5/5RWMo4Mt4m7weRrcVgiCvE2P2Lt7MHtmNPLv+YXA3jJv/0gj+2uVu0Q9e1vSAj2aXknqMXxbxfu1DDb1JvIlXeK3u6d/VDsAmv780fOPRC56lNZPI1DjrAf904B/iB+DiW/Eqlz1lJovj10gPePXfYF0YA0KThGaCxE8CzWTc3WArdNiKneNhTdvQNYjOumvrfHRyZWG4vQ62resaY4vCU31FxQ5bWZ3SPS3a7KpmK7CcQE8H+ayy2ho320TubyR7gE9/zG5WL2ZZjr2R3PLclxxkqZLYJp56skLD4Kw43PGuFrbCYyVHc5ybh9Ka62nmG5L0RmbOxd6suMxkpu20emwugAzeRUb66iUvLN/DZhIeqyiLnUrGUL1jVj2P7CriOX2PPJv+29we3PTmU+ZoFzl1DifJcfE3FEanu9m9aCjE70/Rnwdaa+gta1RsZM5YRQdv1rKrGW9zbvjC2BE8vferpCkPn1n+0fXgz7+896tfPJ5e72Akz5o+fLwnzGSXslu+F/aAR3Y6CTOThW5XD399cZU2XlyVG5ccdjePKioKHa4+su1SX4NnHkTl8ezP7N4dtRW3kP9XuCmMt1SznOdKWclcV513QZb97c33+fO7qLCa/ctzRttbH/CVGbbCOvg37K3roZYDH2orJjmj15xDBqdSH+emEBnvYi/q1i9A1k1zmaOofpU3vCmh7XJPzcuvQGSnsYlmYi+sLrqmit9H24uKnXY3Lz/tryUR/3Nlob3QUdU20D84UGd31PnU72DfelZG2XHCIU2y1iYrE0XNkLNsq+SK0lpJL+b5bnvHlP72lGhcxQ53z2jA722wO9yPSI692NE/Mft4YsBWRm/dj7ws58bfnWLA1rJih8c/FQ6K91zsRRaH7v3+w/sxMwne+4R30v75kySzAaF2Ibslgt8ou+V74TvgkZ1OwsxEHqMPVAJzAzMedNyYgYesj0UVtkseJSKZtjXG6nzJImYmCrMdtdqc6GR79dAK8aKqLrYPkJlmmT4yWQ5s0q9+qRM4jJ883yEMUrKm3ZfINDMWDdrjRHYGUZure9U36bHQNrww1mp3hBfmwpHonLfOVugMLMw1VDpmSeTnqwMNrnFDVGQrbqiwt0OENHyttgYukeXhhjLH8PTc5LB3KN63gCFrAX/2hpGIvYzUagaUYgVWRVmh1BIoZhKd62sGQ5h1186Gx0jdaaGjdWSBrdPsqtbUpipm0nqJnV+OvbC2qtBBTivFVehsGB0QZgK3iP6l0YqbvD4BzET8wFX3om1hqY8dlV1VmmMrrNUYl6/FHSS1vmIFDY88DTfbR6fnwtM+kJkydm0XVt8gX87Hdg5/ybJy52RwDvSA+cMWMG2rhyMeFn9kuPHC86Ch2BH7s5eQCqLAzerR1UYQgitkadRdVeGwVTTAbE0FOe+sSlwoq+2S111LKs/F9bDDGY+ZyQ8PxNsmpr6b6lKmQVn+K2n6ow+fzk3P134y2XR3qvbugueb+/uTIrL89NI7Qbo+7Gfso2+fzd0f+1US3Wj63h9zn80FH577ZIY3GkgkuyWC3yh79XsJjAGhSUIzQeIncWYCQuIIhJcfD7bYf3hJ42ZeCsgj/mXbVVH+PUcfbwpKgaKAFJarckbdDUWFTjoZJU2wIgvj7oYGWuoJD2OWU1TMVuD01zrYzQaUhj8g57uriqmZlLQ30AYVRQ4uP9rjRHYI03ANzA21w5my12vaCisRDFdNoAYCow56Nc57aZxKzIQVTjeUOBQDeUyuwEceCGfZPLLpwJ+9qNwJHjjZ01LEf+PLtuJqkMZmh9NN/J+fviVfSxEN00U8TWJudmoeeYv+7u6fmB12N/OdsAh+ZdpWrinCgFPpdTlstfzGYqt0B5QwHQI9yH8Od4wKbkQqM3m8lvRuDREQ5lF6EZaprr0imCZlIsq8vx10Av6AcHOrKHHYSqrD6sj+kcdWw8fkARljETxc2xXkso+ZSVUXrXZeEX+EzYYplkGoNNZHvmPst6mDFRnAyfVcdfaMdJBKlYUp1lwzZibFTtfNAXY9bJlibSYqM/lp7Bs6di78qeqyRRMvmZmJ8ky7t/8NNrFU+8fHUY2ZMBWHlWn/7x/Ue0g4ezWC36vfS2AMCE0SmgkSP4kzk2hZsWPY39fsqq5oUdV7+FjPDVXc4G+nFRFkmamZLNqKNZHieHsti2Ao0fDCXI+7paKYlZXCys7RYU/dJaeri5QWjt+sYznwr6oJRNRWpm/YPRQaa61gdSbKx62MEf/RHyeyQ/CRgm32kL/f0cw7NBKMZsJa6vNELi1iJmyROkKCHcqkZb8XVnMPb2uh+WsCMROlTIH90CBcJrWdPKehZ5mcvnFfS1mjjwVhsAJpqElhJ0ucOzJNSxNIKDw0zVpjqiGSueLj60y5SRtRJUwfbXayz20u4Q267OIKsWv0Zmt5sQiRd/NlJytJeamZwEGyP4usq91VyYD62mZXuzATpSsxq9nYTOifzmm/Ru0IbEQIAz0wtUKQeiHi/46Kxj64e8OtWzSokzUnd1o8EdgvOmYmyhdXvuBOR2Um8pOmT+7//hf3/u9fLv74rVAROSYbhHu/+oRPeT55OKUxE5bNc2Q5cOSX944cf7Yzmvft1Qh+r34vgTEgNEloJkj8JMpM4OEn3q0x2V5tEtxpgkVaomYrbuExynJflZfdCyI6LQl01N5YveMgefrCo0s85FgfA1tNn5KzLJ5hgZvVmpZdlOf9zeyBp2onFoXNjceJ7AxiJ1ReGXD1xc7oamZSG4vwCGZmwohOe0Q7H2SzgD97rFUPjcLVvUpY/Ao5NX0TQjtV8TQ/WeomT/z0PfLYLnVU8IrTGLz660FH6wNSgUDzeJiu/lGzmgRRrm8z7GcbsBW2DFFNiuWQVk+j4s9FandlmZWeMCrUzWUTbSYKi+SwX1pnstznEifxkUddrKAxE+UgDWbCb9G70UwEjz9NUncHiM9MGFO/T7r36Q1VRmLYqxH8Xv1eAmNAaJLQTJD4SZSZPP6hVrQe7vm7w6RFRP8g6WxKU0dV28DkPGmEoOkBL0fAQ1TVIyTHWCzKedABMjPcyNtoAc2sAuQyVxxeAUKpYWWoWurKHEW0c0tsKW2ZYDxOZIdgK24QoxeoG3UYzQTOqdJ2iPFyMzF2dkJeHaOZwB3DWGcyS3uIGeJpfrIaVL/fWJ2Jj8TuQ/R6ECgN86aKmkdZ9wYlTH9sq2xRftdeWyVp+y+iZ/gUkyKVrYEE9KO0JkfbAz6q6wEfuFnNVxDjgjB2ipkwbdALFRhX7LyTEzERU6wZj3psktfHTMZ+xZtsMV7FTGDbe9nfqTISw16N4Pfq9xIYA0KThGaCxE+izEQmnVNJ1w5bsdMzts7uiaKV1CIbcZj1dyRPHVW5Jgs0tTnLVXbaIaS8rs7Nd8GaZsGn99NxvZbue1mO6F8rr4yKdueUWbYHVaPtKOuhW1Gre5hga64dxsrjIToktBgzmhErhl8aIyXi3lnS6m+MtNGylTiHaJOeNc1kefQGvYCL7Gs4MPIKGM2ERthkcALSLVvVz4SManSVjONkNBN5yWezt/dMzI52KZ1VlLhcXZ1CZ3mNa1Whg/YFl1mYHutdRmHVKZp+JmXtq/bP3mTmR8vomNexuxMcDO/kpjQ3DQ2w2x27oQHuWt77X9OEJ6FmUuZqGZ2eC/j7btQ4a/pJBVSVGJuLlSXRXnxsbC4vK9yBk1jZEg5OsN5Egj1vJvf3J937VdLYnz/RXV9xmcn02AGytwdNypCUCWWvRvB79XsJjAGhSUIzQeIngWaCIAiyKquZifx4kAxjYBibC4LXgaKrA6uYiSo6X2LzSlw+21Gr9AojCDPpqXEEeB4J05WWXRzWvFPd4qiiUBkyAVkH7K0spDRHKJZBqFhOzLjoSbTRF0mJHHmPmslrwvhDk0YSu5i9+r0ExoDQJKGZIPGDZoIgCIIgyLYBQfyP43N7Ke15LZETZSb/bb82ObUbhtZDNg80EwRBEARBEMQEY0BokjbNTPLOVl26HKtCRV4H0EwQBEEQBEEQE4wBoUnaNDPBOpPXEDQTBEEQBEEQxARjQGiSXtVMxsYf5p2tguT2iA6EccB3IpKjX78GsgNBM0EQBEEQBEFMMAaEJulVzeTLc06hE5NTj54skDdFbJxlb/cgpHZndR2duBfSr4HsQNBMEARBEARBEBOMAaFJeiUzYUJSdrF5KvDztyX1bFa/0kYItF7p0echOxc0EwRBEARBEMQEY0BokuIxkxcv/hmNkhf4GNtxQT4sja26QXRmcuZslWdwtNHucvTzqpjzF+p9D+ZqSuFzr5D5/pa65nqb87a3+07euWu2C/Xe7kFPc2PepUFYWPNNVXv3oG94tM5OV0Y2GzQTBEEQBEEQxARjQGiSNmwm/rFpsJEz+a6/X3HLWjlZCC9BPsxWOlr1m60PjZmsjJ6pIoIhy8G8b29NiHwgdKeYVc70t5ypHWV55aAx3F+ieWcb4T/bq1XgIC8FzQRBEARBEAQxwRgQmqSNmcnj4BMQj6LyBlsxabt13kbqIvLoeMGRyD9hAvJhKUycO1+t33gdqM3kiZs3D6PpyvWHJNPbdO3MOZ5J5vtbWD5wvTjmIbxG5fEgWfNCffCFWIJsJmgmCIIgCIIgiAnGgNAkbcxMWm/0MiV4uvjsels3m2ZmcrNzACYgH3J6+vzcHDaIzkzqfpp7Ms/SwvMVWQ4N5v2tcQJmF/oq12Mmsvz84Wh7fX3eOWzNtSWgmSAIgiAIgiAmGANCk7QxMzn3t+rictJQSqZyojaTy9U31Tby6mYir4zmFd9WLZQHaqp6SPcWOUirU8jUy8yEEbiOHeu3BDQTBEEQBEEQxARjQGiSNmYmA0NjebRXyfW2HtGkiuX4hidhAvJhWizaKLoe8P+cHSRtt865arwPn5OMF7Z8MvvTwqLH/nIz6XDy9mCVzSNiEbKJoJkgCIIgCIIgJhgDQpO0MTORlS7vLLV3aF6IqF50ufqmehGyJ0EzQRAEQRAEQUwwBoQmacNmAgz+OD7kuz8xOatfIMuQD0vHxpWKDGRPs1EzeYYgCIIgCIK8VhgDwrVTPGaCIIyNmol+ewRBEARBEGRPYwwITRKaCRI/aCYIgiAIgiCICcaA0CShmSDxg2aCIAiCIAiCmGAMCE0SmgkSP2gmCIIgCIIgiAnGgNAkoZkg8YNmgiAIgiAIgphgDAhNEpoJEj9oJgiCIAiCIIgJxoDQJKGZIPGDZoIgCIIgCIKYYAwITRKaCRI/aCYIgiAIgiCICcaA0CShmSDxg2aCIAiCIAiCmGAMCE0SmgkSP2gmCIIgCIIgiAnGgNAkoZkg8YNmgiAIgiAIgphgDAhNEpoJEj9oJgiCIAiCIIgJxoDQJKGZIPGDZoIgCIIgCIKYYAwITRKaCRI/aCYIgiAIgiCICcaA0CShmSDxs7PMZNIuSZI+cw3s70rSu3Z97qo8/FZu/0afiSB7gs7P1/uT2WPc+tgS0Oe9jAeVJzr0eQiCbCfhpRcLixF97i4HvhF8L33u3sIYEJokNBMkfhJrJtkSIbPEz+e3yExu/1Ju+aU+E3ltsEpSrlszy0j7XdZMlGfyHGv2aVcvmY+Gst9OlaTUtCMn2Qo5ylYSu0RD/sbz5PpNs+bwXSi0fplFVkpNmyEP30nVdpL0eSdZIxrKfEOS3rA+1W0Z6ir9IBPWcg4pS0JdqSlS6rsn1WsBkxezpPR8Nq0xk8hMVnqqlJKa+QFfKmBHlfVlKz0q2f99Pvl66daci+T7OrMk/cHseDbRTCyWg7GZu3nHWmJhk8ViaVuKLZSDtZCz6k6QlxKoOHhLn/cSIg9uJSdZLMkHgspPdaDiGJyCA0crNeupCA8WWD6Ofc5XRw7A+kmSNaxaBxi5+hXkJ//7icuDdMlSk0VBd35ZZvJv3zvlGiDzDyotlv3qFfKSyQrqHMSE8Ye6U7FH2KvfS2AMCE0SmgkSPwk1ExK0pX0A4V2GkrEVZvKUaAmkf8zolyCvB0YzEbMQq/MJ5VqaLLfaRmR5ZpKvEfUxnbBKVp7DeBZRoteQ9MGVWH5ffv4Qn0wTFzYlcj3H+TM4QWmmcpFLUrZ6BSklp5H6QeNxKQQrlmRCDl3yVMp2qlaMSJmlzObhB2T/SJrxdTlLyJpPA8phP220XlSmZdVRdZ9mRxU7elf2lRDJgI8g/+8etshMju2zJFusl2eVRfuOWf5wOagsLXjTctAQub4KyTUL/6NkLn9gWb9AS/qBw6q5h+nnvKrZXcPGzSQcuM+jPX6OgrXvX6U5s5ePNa1S7j5wwfp+za2YmUTFqYNTeUJMAwG2dXTgq19TqbhfUvlAvTyG5SC3oPGygwU+ehWd2H9HMSX47Vg+PnVi36ubydNU1a3J/30+KxyJlVOoedqZmy6xX3hGrORDc48ij0ggJTXjSA77rnRWVZISupKtvTduDz+Oz+mz9gR79XsJjAGhSUIzQeInkWbiL5XIbdEXsxFqJr6LpHjartyOI4HWNFp4bf3gNNnIRZampmeVKmYCK+TTkubs87RAmvHUL9/933IbdRKR2t+Sf/jf8j1fbDXkNcDUTBRJEJY7ac+u0YTobBFspM5UozFkd65dMQKrVrOd2RLEBzNVWVIK39VJzQozvEYFuHkSbMGZpdSx6BzmWWu2ix3hpPRp5xqtuSZje5NVRzVp1x2VWCQJ3dkBnLBYTt2KWKUkS1LyuBJ/DrhOkMLyI1+xWWEmwaZjJzrCEPUG5gf+f/betSmKNE/4/gj7ZiOed8/L+wNUhE/wqomoGCK425FeWrZ7ZB2XHVs63KB7Yrt9JsSO0bsPdDONjo0OllCIg5QUVrWUYnNQTkJpCcpRphqkkIOAoFAgZ8stNu/rlFdemVkkUJRQlP9fZEDmlZmVmZVZmf/fdcr4PTj3Ou8eC2f/enQ/SlHyy2UzyTtoGlQiS5WZIBXJjjftu9AnzzqBpvLYlLTPlBZBM0Fa8k8FM3RA49rZAshMCmTjjQUzmXyYEG8y7YnvpifmWUnJs/n98bhs5NMLoeXlAC2UUNzy3gFbCDPtu/Ap2o5YZsKhZ/nAHlPCGVL0IcMupKYTIdYhcDNBW/+0fBrv7aNrSsHaUnX2o/oTWy4zqTqZIpjJhDkx7dSVuglvndmcpF4Q0/xdkjmBmQm6OVjq6+rw0CIug8zE7/fX1TtyM1LSST6F+ePU1ATl5+93ZpiTk8BMIkWsHhdHHxAaDGAmQPjsoJngrOPPcXYtig5z2kgSMZPMX3wd+aQ+zFd1yESwvdT70A3adqVZCnagSUvbhN8/gRfAESFewJyMQ70ktO4dIRdNdBJxEOtmAO8Aa5nJgq8q5Uf2LOd2sVCdqQrQO3NzO8kCCYn4SjObc+tVhW+2L5KqhMIJCV/PiRPL/o4rX2a5xcxOXCghkfIQpBM06cbngiQsV526K4/7b6A9RArOUzIEnfDlp/AAJCXBnJ4awkz85Rk3XqpS6F4lJaSIe4V2MkmOe3AOq7xjOw5WkPhsOo5EAP/ryztWTcLY4KDpT/UBOaBMQPFm8aBEot40J8sgpxnY9X8y9cn6EU+r35C4tuSgSTYXhmImaCso4uxEbhIvzzrRd2Ef25mlejQ3UmaS272ChMTqfb3w5n+onBiUnCQfsn6mFJvIZvLCXfDVMSQtN3uXcOJpdpUf339klo4FWz9zPpfX2nn0ZSbs5D4rMf3hGk1Zoyhs2pTuomPojPfNBvbviVMvIBLKTILdCT9iIRl7dK+PfTuEzuwEUwJOLz4QTyplxX/4qaYshpvJfPUx7KjYo9Ces4K1vA/QxXZvq2YS9DX7tXcqSvN32EBGcI6GXAa70JxZvTByJY2ZyWGeGaIC/aL5ONUb9PHNbTn8/paCbkltNv0W3zaxGsHH6nFx9AGhwQBmAoTPDpoJdgySE4ljNZqLLNTmIkFgluTO4ikYYbL5a2ImJEVBzCeWdHJy9xxoyTuI3kwyf/Hj3ERnbuJRVkuKXT8JiWk/KpeQBQlyulAeQvDlp5LqTyiYCCBDtn2dll4mBgYLiQkpHW7bqcOJXzoVxek4k9RBouStmwkKOMTtocAl5zC2Jp6SmWxO0vwQ5L1CwQ3fK/QNVF05lZZoHiE7hj7HnKRtnbJTnMC+wQJUqg1iwIpSUGiIUhL2mFyyY4hRb8kBHCayXHYhBcWUCQkJ+35SZZlLgpkck+vk9J3fV03uFSR0nr72BxOKVtFfiXxsRMzknwuxjdBxKicoRb2IQvL+c1LwafKXNDqnZrKU/F+OUXLubmYeeYOXybyKr4ylgwWl3zbgvR91Zj4QioZ2HOUczfbt/y3xANlM+FeqtxcJ2wiWBza+J+7eI1ecKW5+zUPTmkn3+QOmPUqxmMJ8t+lgiVh6RjGZPlVPEvbEH/i+Hk8TM3n4fbzpgzw8FyvTls2EENJMWN5BYKLDw3655qRTEm5sJptJYhKuVmBOdHSqCntVZkIqcWEzwavj2gfSch3OyBsBM4kYsXpcHH1AaDCAmQDhs3Nmgks/RHDapszkO8VMEpNTUj4mw3lVcbb0UG0mA6qZwDuC3kz4JI/4zWkWFKkHxBgl4DOnX/Jpsk8RfRZaisIRq1otVGfacA4+Jkm4dDPkShTsuiWIoQOao7QMQeGCR0JXNk8Rq2DpzQQ3Kzluxi3ZEf5mpCV+dbDF98p/N0vcK8zgJVp7bTeaybHqPh5ZbtBMTAfz9glhLoWbCYtBCbQEhobOgepjSFTSSMHLjpmJJB1kxSbUTNq/uMHKQwavHGuXpG/3HzleOScFW//ieZP8XQNSlNrvsLFED+wcDZUc2GOq9+KGHhsxk/mGEycaZAH15p1owuOBgUJe406HxkwCSEsKB/S/ZKnwoInXFRTZJ5eYUUz/mjc9Pa3cHIiZoD3Zh66H4ENSreutmckC/jmrUl7eOHUXF3tyM2mpr+vw+b0eh6beF729BBYmOq58yWpzETNJI4sF7mTivBIwk8ixq44rMP960+GcPiA0GMBMgPDZKTPpOIMCpCSccY3BllK3LNfmcnqV2lyk+lZWvc/va7Z9fUqszYXWV2pzJaSjh0Pgla9F04ZXU2byoEo9G3gn2JCZaHpTCPh4cYqG5q9Z6QdHNJOWH3DjdUrux7IDLNcl/cTEQXrpUDbKVgz4yDqaFvC4FnioFvAdPyXJ/t1yyVlX9ZXZcT6d+Ya/OeUHVRzT0ob74lL2KuhV9orSZ6FmgmtzHY+WH4jeTFA4KNfm6hNrc6GwNV6ujaMxk3t/jue1uVhnSjQCDg7yqkHyXLKJvjxeH4wk4lVY6IxGPmC1xSJlJpurzUXMRFppT/7qzqy0hM1kzPVt7dzsLBvekBKS5EPWx5b/nMUVuv5TGij9j/30+okW6DlCJ870W1zagOtorWcm6Px+Q1SEzbUdkJuez6OTqJwtFaKZBExxqnbhvDYX1hJdaQlhntckpCjtTCjUTNDeO9MOUON9S2ZCMkeEaQytuiwJZsIJVGey4lwCbWfi9y9w+aJmgharWka3vlScBGYSOXbLcT2+6y68iYe2V9pZxugDQoMBzAQIn50yE2QTSqxG7si4zQk2k4yWQtwZK28B7++0kZLqpPSvcQ9ItH18YmomjttoNOnvcHyNTSYxOW1kmX8kAQvJ+xK9Md/7SKo9Ib1WLxC7ZGmyxt9h8NUlQ7IMZfamdMgPco2ZiKuY8TcZSP8YuzC6DutInz5V5zPScINVc8rRU+T6mnCks+j/1FHSWY68JNLp3GTc9l1ggfQanMpKNkYcKefJb2HBazuO+3Kw8VoZC17ca/Dv1fGl/4bcAh4jtoAX95l01BMwJ35ZRRqc0L1K+zyX7FUA7T3ex5T0U1eYyaBDobUro4EQZoJiytpsU6gW8NJ8ffyJer2Z4JEvQ7eAHyw6UDjEFpboJoIPs+NVwWXfhX31S4qZ5P0WV+iSImcm0uZawBMzkaQHp/8z+aMzrDZX2rkHi8JCwda/fnTks/3fSsRSCr47Em0N5eVzNE97/j1W3H3A0EywwwjQ0017AU74d9kY1eUbBMVM0JUgIvEW8LjnXwW09b7yE3FoLC6eX2CctcwEaw+p0PU2zORSulmVOcJqcwVIS3c8OL5OcdTXiTeWS4eVbBFJWySLoWaCR1LT2T0EzERgvLFzXJu2CaL2uDQMeO5TM/Fq4qX10AeEBgOYCRA+O2Um28RDpyQ2Qr73fyQl9203MXIlTZUTvgHATLaV5arM7fvClV6DpYi9aVH1me8amnYF28mGew1mZiItuv9yiCnHt2lHkg//0DcxcvPqGTIPV99K/i9SHDRUevDQEdraJHp4+H28tonPlpHdIBZQzCQ4Yt775aU7TEK8L3Gxp1l9h5HLTJpzrlS1eCdwba4E1gc6xcBMkmglBSnqzAS5wRNlaiXu2jD6d7zU92RVSd0sV13dcefbflfa2/hinbqN74iZSKvT3vutl6vbtenroQ8IDQYwEyB8YtxMYgUwE0AEv2kx1aJN3QI3Pt99b1qMDC3ZSt+1wNvEZDKl0RbkwLuNYQT/6jeVrPVUoK2ncR1hX4/V5zkX2+Q7W3CosbvCYMvvjpmEiz4gNBjATIDwATPZFXAzyTh+ye/3+9yXSJfKUpo5Jacwp8Pnzz2a2PJLZp13wj/mNZMKxMhMEtNyqrwT3l+y5DaUAXNCqs+PFk6i7aFpf5RkA+w1F2it9L1pp65UtYRsGQoAAAAAW8A4gv+EVm2VpOPn6csEpLjzv94nI9OenotPZqd7en+Xh5dBk7SAJedCx/E2LDFx1idCkYv05E5H3GWxJDhIC2Gknl+PX+k8eX9y4TWuUHvyQtvQ0pvAkv+9vDZmJqvP9zqHA0uTccWs25yrxW0fXumdfmVUCGl8XFHERJ+rEtfm0qavhz4gNBjATIDwATPZFejLTHDHZbQ5BG21/NLB+7fNSWKOwRtq04Ul36XMapJ/FBxBYhNYw0wuyV1LAQAAAEBkMY7gnTZZSPJ+ZSOymeRcoLOCj37pwJ0fTPiuTuHpDy/0xrlGUTovb6Hcd7XF/azqJiCumIhKz68ZHqX1d9yFXjqCNk3NBDnPI1J/jGsSMpOe9WqUGR9X9AAt4IFoB8xkV8DNpOp8Bnvhn2wmci1hpc9ZWr1YrM1FGkMLHkJSbCOhzUReBAAAAAAizDoR/KvBnL4g+0vgZhJ3vo0PJIWqiP9420rOhQ7pua9CHWoblJnQDyT4idVg5Npcs8hD+IboLJQiL78m6xxX1PCs9QE1k4H1XEuDPiA0GCJgJv+9uAgh57sJmMmugJnJoC3pi0u0F0gwEwAAAGDXsV4EP498g5daSIKZHDqvfpMUrb71ahAJyX1XG1pF20qk59e480KfC6vjhxpJj2QqM5G4mQw1sHYm6NOE+ZhYMhNpdfbJw0dXarVf5rroA0KDYatmUnWp7Lyt6vzZsiqf2AEh8E4AZrIroGaCRELO//GHYSZIP+TaXD5am6vlB7OXZEv58nFntZq1AAAAACCyrBvBHz/fFkdaklDEdiZZDyenX80PPWHNPy5a297LI87wavBDq7KKwnPf3mtP0CrOis735KpZGjM5ntc2NLe0MOffK7YzseO1GhuVdibKCmuw7nHtdvQBocGwBTNZncs+U/ZE9pEnNbeyL4nvOAJinx01k4DT7iiw2i3WBu2cEAQn3a4KLxldnettqLDk2ytantJZ86Od+HOKKuTmacEa53W6AE0Za29Ck5YiV7mbriJ1VeFPsFgdU7QjwTeTNMVWhbNY3KV2PFce6CqeW3iByseT/PVcgy21dAFS2ZVtVNiNiCHX5mLvwci80pEehplI0kR9DjKQ1M+VV32nJyeaExK9Cx25cusUPitmaK+tKC7Cp8n9VPXKiJ5b9klxGgDeaZ7aWrSZzsAuYvnOF9ObfEPFjhCrEfyuOa7Fwdu4BbxoZxtCHxAaDOGayVxfeUHZ5ToWqFEunysr/4fR+56AGGMHzaSnylFW29o/PjM1zMpSjZjw2Kx2aia9VQ6L9frY3GixFTvDTAsWhq7hya67lQW3+2lK8S3P/PRwQb6dplisrl6yQJHVTt61OG65XDM/NzPW67aU4jcDYBUhKc4iHK1O9nV3PWaDs5CYyWq/5XIl+kz0CTY3eX6vjqOPHZmeQWu9FjbKdyOCdJxJCpUdBGyEYYutsq6ld2q425Kveq07N5PXnZViOrArCEcsX3hY7sZuw02yRYrsSiZOhd2BU5zKSx/bb6IU9m774EtvUSG2cXGV9Xha3LSBW3HUM1jv2PSFERUsDLwfN+phEyv/cD77428G3n9vanyj3SQuV38xBWayc+yW44reFvDt5dfP2h4Oh3rtzHBTVfbF2vYpni+8YcYeZP/tlrOus7Xp3umLEXpH7jvDYlejNmlb2DkzGS2o2Xj4HrSUNI2semlUYbHWsl4yVrvLWlX3Av5gZnhr9SnuF/Jfgo0UiaDFWMoLT6XqTdhTFhcuRUFhkPzOg/4a4irlxItCot3oFphwppsTk9J/JEUmwNbQxLJ0sqKYlYwR4QzO9ODiNdst+vJsb0W+fanfjctbhhaXhjzlaOHC66xMzN9NSvwcXfK1BGwnETQTW/51VW5Cf0OB1cEyICSpy4UvD5KjgUF3jLJ6nGdRYbNXeLe3CvRqP91PtEsj7B44TG+k5Zft/Z3K7S4YkN8EIa8SDTitdnd7/5ivtdJmp/dbmxVnKuFcg6JattDSU4uVzZUWO/kqFmvEbqrRyGLPwO++GFLMZHrg5G16Cl+ejIt4IfzOslsi+M2yW44ret8B/2rxTfaZ2pBvgGx3lI29WXxFunneFHesZWPaNCnb+kCbBKxB+cUybdLbZ8fMxFvbOvEUB3b59rq+dYrp6kqoA1AzWbHc5G3aZiy3hEBD9wyuKWJlJpR+d2UByzUP4ipYgblBd2UliS0m3S6agiISvrxEIgB6sxlpuN5PQ4HZtjLiJJbChkqSbVlgl5+pFN1uANHAa3+/pUhVNiKHtuPuUiaZyDZtTbR3ltbyrhVqJjQErCy097BgbwpfgS88tsj5J6ABfe2VfQFbERa/MTkHjVaeLJZLCeTTF5zprEGGgH7Ck/PaW0qN87qqnqdsJnWl9kmhXxp0Ksvy7eSMY5z5jsr+bm4mFmtN11J/8V1WnoDMhOuNpdSzaTvaCkuddK9ofgpFyQfRZ8RIyiqMF57Kuw394zPz415LSVNRuXt+etiSf70RH5yXLom+yaLLjpHpmcafHTwHJ9KMk1t3L9+3ySYXvmkudZY7PWLOEYf/SCk0y6Cs2G4pxj9qnGWAziCprMuV1VLa6nbhGrbrPmKihEHFTO4/42+bGL062iKPI2X5S9z4V18szIzPuk6OVD8adT2a85wb2hcXkKSF0kO4L93Rq+hznn51cXlm6On7cWSl8YFPspZnpp+fPTmhqiWzM+yWCH6zxOpxcfQBocEQjpkgjMxEm7YhPLYyr9gH2Wyf0+rMPlOGBpqw6Ht4+mxZ9rkbr+TFsnMbcRHNmTKrG5/R9lu30Lil/PFkqMKc2Gex/+yt7Y5od8pM0MOv2OaampuZnxvV1LHREUSPfzJCzYQ+0hjyLEzPLUePKnNp0VJUK6eMY4UoqWzsZ4+oSQ9pZ5J/XV44SFNqhlRvnS3mEcCL1oKf3fNzk87LjgJSZmIpvN7YOzo/3e9WPb8XdbsB7DTYInDg0j+vynDRmwkuOsPPdgnXAavqpWZCp8XACF91K91IYwbVHwhECvS1F1x2eHyjI+21Bez3vkLqcM7U2B3uCfy109O35K0tIOeIx9M45qYBOvnNdg1P9rpr2IdQM1kdt1xW5SYgM2l12mnpKMJS4h6Tw3QU6KH01+guVMyMSDCTKYuzbRtfHx+oLLH3k/tTkWAgBUZmoqzCeOGxlLM+eZCM0QgeWXcxFnLFTMpaSNO5Vf4lRBrqS2IRFrIR9tNTlWlznOoyanSFOMvxyfXcdLT3NaFLhTxK8DKKmVgdzrvd9HrQf2AUIpjJk6fnWN9USxUZvIqXRM1EDhMG9u2lI0uuT6aCKjOhjyC0MOnz5L74CTtOrEbwsXpcHH1AaDBs1Uxa2x6z4R/4JTVhmwmK7c6fxR5S/oD0GI15zstMnLll2TZ2QzwtuwpauF0uDJ9236oaI495byNf4J1jsX+bS052ykxed1b2yOPoQagI2ewwad3BLyGpsog/kOTaXEo+5TgJHzFjTa5GVX3cQOjS/wlPWevMUmclDW7QRUvDGrQwTZnvqeVZp7h4hD6hRVY6nXQVQYpQgEL+442qdwOIIiabXK1C5mkoM6lpx7ZMhqWAkZkQZoY7sfCAiEYabCZywSONttFdgr/pzJJf2b6CT9+gt7aoyku/frQAP7n0ZPFzh8dpXItC4Z5xi7WCp1Nw8deqly0z6vbMSjxM769x0O3WFLIKXdRy8WBTF5a+Vd4sosi75pqDlvFuxEzIZayswhBkQLy2SXaPYibyzVmVDRQRyFfnsN0mwYBoIBpLEUSCrjKpvq0KJ3ecl6LTX7RiJvnsRMsHGO0IZiK9qj459Lv3Bv7lN4v/uMhVRFJkAzPw/kk25jn5fFRlJjSZpaDn49HfDBw9vhwdGSmxGsHH6nFx9AGhwbBVM0F6cPbCdTRQi9iCmaC758zAg3tYTtitUDETJBv2LvazuGMtow1veHEKoqmYJaLbkv2dNRMp+Kr1dhOvvvD22SkzkZ418WcPihdVr2lVw4IAeUBPL6WdyUqn3M5E6yE6UeHgpy96dPFa4+3lRDPKO+WUFf4MG7t7nUsK53VXDX3god2Q04I0G3LtjQLRgTriCWUmrsYJZYF1zQQRHPfwej5ApKhgzX4wNNoWW5XQLHCUUmC1t8taKMTT7GSJVZ7Y6XvhKShyFNVqa7SQinlBJCFjREVIMQgL03lzspGG6+3kboA+trwdBf1eXviwjSxaChv6N1Wbi6yiTO20mSBf6n/cynzpWZPyc/M1KL9N9e+UrmJR17NVmYm8kzozYbfo3WgmnMCd4y+F9gDhmQni+feHBv7ti0kl02/HiNUIPlaPi6MPCA2GrZsJ+/VGwExkzjK1UMwk+8yNO7hIBoM2QW8SKJEloQdAbtmr2Rk+8PR3ieDpc1V3tvetMjtmJjirzz4yPYPbPoYs3AgBKzPpv63qm4s2EeFdaeF6WW5XWYPSuRZ6dDkbWqfmZnpbGtAquNmArwFXsJ5Tto52hqbgqtWsOEXJciOszJNPsJQ2DZJgCG3FedeLW3OW2HtXSBUI1UaB6OBFa11Ldy9uZdtLK3tweAQzWOuo801O+ldmumrQldDeO9yFgifcEcLaZvKitdzZhC6qrruVlX06fwW2ht5Mpu6HKDOZJJV8dPE0O1mVQv0fpczEix1DU99SbjKEu+WQ43gapk9ZSmrlH3WrpQTX/ee1udBWuCxtF8xMkD5pWsBjdoOZcIg29POzjBvy8XmhanOJ51d6l8zk6fusyhYlbDORyLoDGVeFhJ0hViP4WD0ujj4gNBii0UyyzzjJ/5XsAmYm5efKsotZwxahNpdiJtPuW/aubQ3KowysJdq0t88OmgkAAEBI9GaCSyatjjEh70AOQBd7buKWXXozkZa8FltD+/Bkf4vcWEWOy8UyBzLJAvqyfDtpCy7RMF3p94JQSRqYqdqZFDWIC7wtZvuLyAt5eOt/hNz9hmAdgpnQXoY1q2B21EyKnLX94zNjvs7Gckd5F64oW8b75hKr2HEz8TbwVTTNEWPeTIb2xQ28H/f0jyc111dYZjL+dD/+tGfVQ9FQn2vw+TY2ztpGYvW4OPqA0GCIFjOxn3XeeYDbq1TYbpwufUwTkaIMz46+xr3i1p49W9bQ1u+puy0WpCjrrz7PPlPmaXvsqWu6fImKzTvEq47b21xaQgEzAQAg2ghlJtLU4wYx1Fbqdy11F9zsDmEmaMQVum+uySZXo1w0Kglm0l5ulx9/OEynKsKh1TvFvrmK8+XO3IANwHzJ6lB8yd9NDarrpVAPlpvJbD9fpX1U1b9WTJrJO8L80pu5xVir9oyOCB2XNjW20AeEBkPYZoJbq4ccwjMTYDcCZgIAAAAAAAAYoA8IDYYwzQQAJDATAAAAAAAAwBB9QGgwgJkA4QNmAgAAAAAAABigDwgNBjATIHzATAAAAAAAAAAD9AGhwQBmAoQPmAkAAAAAAABggD4gNBjATIDwATMBAAAAAAAADNAHhAYDmAkQPmAmAAAAAAAAgAH6gNBgADMBwgfMBAAAAAAAADBAHxAaDGAmQPiAmQAAAAAAAAAG6ANCgwHMBAgfMBMAAAAAAADAAH1AaDCAmQDhA2YCAAAAAAAAGKAPCA0GMBMgfMBMAAAAAAAAAAP0AaHBAGYChA+YCQAAAAAAAGCAPiA0GMBMgPABMwEAAAAAAAAM0AeEBgOYCRA+mzWTZQAAAAAAAOCdQh8Qrj2AmQDhs1kz0a4PAAAAAAAAxDT6gNBgADMBwgfMBAAAAAAAADBAHxAaDGAmQPiAmQAAAAAAAAAG6ANCgwHMBAgfMBMAAAAAAADAAH1AaDCAmQDhA2YCAAAAAAAAGKAPCA0GMBMgfMBMAAAAAAAAAAP0AaHBAGYChA+YCQAAAAAAAGCAPiA0GMBMgPABMwEAAAAAAAAM0AeEBgOYCRA+YCYAAAAAAACAAfqA0GAAMwHCB8wEAAAAAAAAMEAfEBoMYCZA+ICZAAAAAAAAAAboA0KDAcwECB8wEwAAAAAAAMAAfUBoMICZAOEDZgIAAAAAAAAYoA8IDQYwEyB8wEwAAAAAANg2Bp/P/2NwJpYGdETag4w59AGhwQBmAoQPmAkAAAAAANvD/NKbucWANnWXg44IHZc2NbbQB4QGA5gJED47ZyYjZkRCVnOQTWcl4ATzYZtqqbcJ2Z7ZNsImm7/b1q0D20aa2ZzlVk1Skj5On5AvP5aSlpHj7GBJ/o605ESUmO6coAnewnQ0zeYKdDhz8HJmM1uOMHIlnW7U90tuRloSmpt5Rf5kjm4TkrQQchPm5Fw+nnZFvmQlKeCrQsunfp7bLG6bwPbqqIPOcXydjqZy6idIRDCS9F2zauldyL0/m8a0aevxrOREkzaNMXktzWQSE078e7zJZNp/9Bs6aTIdUOYZfA6wNmPFB+5p09Yh8OxefJzJFL9/Wv6plvwZnSjTp2fqVcsJzD/OM/1ZtZ009AnqFEr3hTTxPGaTMx5nTtNHzQ+/j69fUibRYuKkNO361GSCS2KD/GNwRpsUE8TqcXH0AaHBsCUzyT5TJg536tu0SwAxzQ6bCYoFf2LhGp5I2FY3oDuAdoFOgpnEKnoz4ZNICtiIfOpHLqdZ+iQp2KGJ3S8dTbzhtqXrtKHjp6RmvyZNunTYnHbFRrcSkMMcvzPjhrhkqE2Yk7/Ub6L5uyQfGRkpS/+ysDkt3+sozLzkQQkBc6oFzwj6LKmqtTR75S/PqFrAIwvVmeaEDDRS95VZt9e7jMiaSd4HpgM/Zmc/olNjJQdNmsoZb8lM4svn/rlwJrd7RTtDTfL+IwU9fOp58tlWYeauYfNmMj82xM6D/P2zyfmbn5U8YwuJINn4rPye4CHzcaYEdDb1ZpL3hzhXk3Ieu3+M75blx/TbPHkpOWXPCdMfrk0rk8fESXzxfPvNFi+JqpMpieKdKjhBU8RlOOiegB6XShYFTdE/v3yXzOYUfEMjoGdcSmqqcBfyOzLQEzCLT28PsRrBx+pxcfQBocEQppksLC4XFFUiG3nYhi/b8efTN27dR5MoXbsoELvsuJmYP6ahVYfZnJb1XRq9tzZfyUkkRShpx8mtdsRmNmdWLUvpyYlZV3KwTFCf6cw1kxu3v68qheQ959SzrGM0HvBV4Y9ISGzxSzlHk8zmRE2+Mp77eSb64yMPJG4mmq2jQDa9jKx59xRKpA+DrAS8D3y7iSnpOP7E+8lJk7cD7DCGZsIe/MpDfcSWUe4P3Ml0vGQJlEufZ6FZabpAITNBm4JAwuALNosbxbizeAEdIuQmkE6svYkR22E8IpSZtPBxJFRKicxynWav0LUtRyMduUlkljvrEtWdqOSEyfTNvUCaOc4UFz8oq1238wQpxPgrneRmMl197ETTPIp6x2a74/egRUx591j8+tej+1FKnDmNTctGkXfQNCiHoZR40768vmnTn2hO/FjJAVX5ifR2zARpyT8VzNABjWtnCyR/fi75aKk8tfvNZPJhQrzJtCe+m56YZyUlz+b3x+OykU8vaBWCckBdorXWKei78Cnajugh3zTMo7PJUw7sMSWc6UYjeenfiB8iiq5pzzfyKAVfGOQKYdMm0wlxcp8p7dqj0PuzURa8NFeC3zTWyqegJCVl2fLTRDNBKXoz8RWm5n5uTjrD7g34GffVqQynfDPwXUo149shX357iNUIPlaPi6MPCA2GMM0ESYjbo2TCiOnaJCB22VkzqTqOQ3g00XEmKbXQx91g5I5tAYcjATQXhYk84s/4OgdpBhnFBR0oxjJnOPCHLXd4JwKSvxnNoPdgvEi6xT9Wl5WMR6t8fguuzJKU28l3gCxz2GZJRfaSKQlmotl6x09JtNaZ5WPzl/8/e3Lgz1yWt4tEJRl/Nv9ktF+p+VEc971jrGUmC76qlB9baCJ/qC9UZ6KQHTnAxF3swObEJB+v2xHKTNB5p96bdPQUTZGLL9RmsjyRJJfOUUJvguyeMkFAlx8dCXhyzCkZipn0WS4Nygt15nLtGbmSxveqiny0Lz+lgwbiL29kyJ5j/rqZrRB9YAWJz6bjKArE//ryjlWTMDY4iMLEgBxKJiBjKMbfAop605wsF/vEHhzF1v/J1CfrB4oj8T8SiZYcNMnmIrNUv+8CDjM/5eHvM5dpT0LftHJiIm4mud0rSEis3tcLb/6HyolByUny/nOj9syr7BQzMzn+0ZGDp0pnJ3qTPzqJlzlkfUwX/uhI1SwZGyi9PEBXiQr0ZSbs5D4rMf3hGk1Zoyhs2pTuEqdd6SZeZKFDZSYI0UzGHt3ro1+OpD6P6LqKSwvMdpd8lqC5PPou7KtfwoUq4jWJEtnkUv2x2kBELgnNnYqm0JGWH/Ctgo6j5+YC+ZnLv/gFmqI3E/Qgkl7ichE6iZ9x3zUnoURCTpI5804AzCRSxOpxcfQBocEQjplYCm+Njk9pUwkoHc19/XrzTXnGHmT/7ZazrrO16d7pi1v+jb5jLHY1apO2hZ01E8l/A900HS9xKO9Tl1ok0Zr7ZjOOw6iZyFVf6r7CUz6iB3WkhA+XXeBybwxdyCw3IMFRGi2+cGeZ1fd9vDTenJ8ujA0k5NaXcdkLGkF/USxoTndMkBRJvV35/r5AytlZHSEgGtCbSeYvfkSdMzfxKDFbejGYcQlb2o/4CkLXyogc1KZwowhpJrxwLOjFRXmdubItKGYSeOWf8LakJSqfKa21iRBmMqIJOFK+tphxOd7IWmaCf0fyXuV+zAoYT7FiQy8SbDpLdOlo4wT2DRagUiVQZWmbDpQ8wykJe0wuOYgUo15a4iHmsrMykGclCQkJ+37CWeYieR+wMDdQfSzPq6QP3isxmRLouMm0r762ng32E1sPQ/+5ENsIHadyglLUiyggM0F/D+4/QqaombR/ceM5nTt45Vi7JH27/8jxyjkp2PoXz5vk7xpQyFz73ZHNP8jfIso5mu3b/1vcqIObCf8+9fYiYf9kZ4FCS8nEFDVGZqJC1In5btP//vRe8YkD8aZrA0JWAT718eR/X95vTXQG2e3pa3/Ak+gvTnrLZqLw8sapu7hqJjeTjIQkmqI1k5cOmovhL8+gBaTUTNCKJJ8iQMtSwEwiRaweF0cfEBoM4ZgJLRgZG58qvdbAE92eHlqKguYOPB3n6RvEYytrX9Qmvj2mm25pk3Y1i/1nb/VrE98+O2wmpJ5rRjl2A0kxEzwr8fcZp37MSQplJoE7uAqWpc+H/gZwRnIWbl+cmJTzI86B3ryZ4Lu/+fMbHVdoXTLd1om6mL9uNuOdbDGbTzX3oNAwRSJlI2i76cdzvkzFny2RZ4CZlvMAUYPeTPgkz000p1mQqwRkVeDhu0QUgo2FNBMhGkBXUVYyX0BXm2vwknhhhN5EiFhEaybomsSFjcgrRlhTFow7yyFH7r78FL4K/k19fkNeCD1bqjL5Ie9+MzlW3Wc6WELrZW3QTEwH8/apw1wJ18ZRiP/+oTir8ICJ1tmJeJlJGGbyuOCPVVihiJmMuZL3H+HDA0mq+upI8mm31HKudkVK/ugcUpS/fkRNJlpg52io5MAeU713LCCUmRiYyXzDiRMNKg/RiIqOcMyk+ku5gl9w3rTnmLKMFBCuDtO1SZxEdxt5bPWSlCYUx22RjZjJjc9x8YikmIk/6etmmqK5UfgKU1l90eWqFFKGT80EGUvmnQD6S2sQgJlEil11XIH515sO5/QBocEQppnQViVi3S1kKTzdVlYnLL4hkJl4VzVp3mwHy4Cynymz1OEMHvsZ5/CDWrzps84n1GS6arNzGz2OWyjR3vSUr9xAUs6XPngyR28Y3vJe6b+fPUSJr4bxX83+73p2Qk6mpqZ21ExoEz2zOfWSxM2EeAipToWVQG8meKXCVNxcPimHrWU2OyakQB/+qDDMRFogLVLopH7rOEsbkUIjOTz2cQrdGbpdRDpul5IlBUnjmeTtvtEDxmzITNQPdWS/tMk4nsVLRUKZidKiY6EKXS119XXyYMm4UOcVW5L0WYiZBCbacBWy0JsIFYvItblacg5ndvj8KV87kmiZiYQbtOA5vAW8n1TeEtqZoBGxLy8kTkk/0ApsI+bjVTw92tCbCYr85NpcfWJtLhS2xpM4VW8m9/4cz2tzmcTwMTioqhq0VC/aSLy6PQMKWN+SmWy2NhcdObj/yLcNS9hMgq2f2ZUzi+mxHtyfWXAI28jNzCOjzszkQ1bVAjsNPUfoxMlNzKfXNRN0fr9RF48k7DHWEsnYTNaqzfUNqQFI2ccKSTB9F/ZRGyFMmz7Ae852G418INchjMQlsQEzkdtnyvztsHpauI+huwS/HZl53h97cmVckvvMADOJFLvluB7fdRfexEPbK+0sY/QBocEQjpk0NHVRD9GbiT59wwTPn8Urlj8YllNCmokiMKfpVrqwqLAVbjobSK6i1+X0UG9Z7S8/V0Z++t7sM057FyuXsYezh1HPYn/5xR07rp0xExLfK2XN5MZ66nAiqbifgwwkpJnQcgy5Ce9CRyEuqci84kVxWDhmgqIE0hwl9NZl+aHt4PGWaCMTSaLbNe9NXVhGt/4ssi0FvqFtQPcAW4fco7jCWlqhNzEldMb59j+u3h7iWWkWJ/emdMhlGNqKEOik/4hbJqGT6+dVsAQzcaTLbZwk3DGDOSExlfbWoEDLTAIZaSm0Q4VTV8i1OeJIl7UhxCZCnUquTxTRNKSJZnQe0bVahzOgpZYfkqpkF6J7JR/ghJn006BsyJ3Fe+yJQkKYCYopa7NNoVrAS/P18Sfq9WaCR74M3QJ+sOhA4RBbmNbJ4QRqj+X1jVWTrmlNcfGuAbZqxM1E2lQLeNlMpEX3Xw4doe1Mvk07knz4h76JkZtXz5B5uPpW8n8R6RoqPXgIOwxbKzqQz9F8d/Ex9O0eK+4+YGgm2GEExjQpB0rGlKpWIkZmwlvAY1TncT7tf+MKZnHm/eTHxGAtlGTyPsBXCzcTXr8rIpeEgZmI7UwoQjsThuomtlyltHQnHQM6Xipm0nEmyfwVy33e/lt91Ebw442dm64sJBC1x6VhwHOfmol3k91d6QNCgyEcM0F0dg+ENBN9+iZ4MzPw4B6WEy/1h9BmwhevuFCGnQ2biZMlDTZZ3fjslucqi43V3WjCmRze7NLHr+XE2DQTKfiq9XbT2M7UDd5eM9ki2EzetSpTSbqYlaMPZw3xm9Nzm31+74TqRRki2/+42l1kmnHjUW3q26HuK9yqiqMyk3DRfCawU2y412DZTJCbNJxhfXPNPr55+mTy/iP/8SdqJtLkjZOfOWnjk6fJ+79l7eCjhoffx2ub+GwZWogRGxiYyUhZujkBVyHmGJsJUhHaCJOxXMf6mKEZfH0Wfvva/lu9QQSP3OCJMrUSdw1ncx8v9T3R1sfZBFdd3XHn235X2tv4Yp3I6h0xE2l12nu/9XJ1uzZ9PfQBocEQppkgAoH/1nTP5e3Fl3r4ZiJzlq2+jpm0l5XhTC9sJnJN6NXHdDGruANdteW96J+XzqLEopkET5+ruuPbxsY6anaJmcjF2enaTO4YZ7ku66ccTT+znM2Zidg+YQ22/3EFGMBqbUUMfwy8aRHYXZhMprTv13w9IvDuYBjBv/pNJQvzAm09jesI+3qsPs+52CbXmQ0ONXZXGGz53TGTcNEHhAZD+GayFls3k8s6M7GEMhOhzERONCwziW0zedVRu4NaIu0aM8H1Usx7U+m7rN8dcB7YQkdqoZLTTd/qbU5MmiBm0iJXLaM1dsyHbc0/piUmmOsC+DXktAexnLto2ZHUvUzu8GJyl2Je5ymUknGeBawo/dLnuF3/Jc+7VjQFAAAAvC2MI/i4CzgfGnH7Wht9yMed//U+m/nmk4tt713szunGESFagKb2VHZUkCYTH57voSOMnl/jzguldKvjhxrJ46zn1/GlyavXOpgFTY/EnW+Ly+t41KCYyVVnZ1xeW49cHfJqcdt0N/q0EG/a4BgfV3SxujS/uOkQSh8QGgxbNZOng8+RGBT+vZqnoMm/nv9ZWGRD2M867zx43Nr2uMJ243TpY5qIPqr1cX9D+Y2zZxUzyb5429vb76m7nX2uES+EzeT6+bIH3t5ORVEWvdnnbnmfDpdcLMs+S0tUVGbSWlrmfDA8+ZK3adndvOq4vbNaIu0aM3lHSSUiwd+J4StM5e2nJWImXCBomT6SCmE+I4u2cBDKTKiZpJpZv5NSWw5tvUO9ha4SkepDAAAAAGAcwTttzDfi8n5lI7KZ5Fygs4KPfunAbY8nfFfJyy8+vNAb5xpF6by8hXLf1Rb3s+rhFVdMHm89v2Z4FIPhLoQ2Tc1k2tPziNQf++R8B52FzKRnvRplxscVPURvC3gR3uRdHLp7lD6yIkuIsg6xNhewc4CZRC/LdbTveV9+Cm18L/YzK6lrc1HZEKtjTbhtKUI5id5M2DwC9RC+uu2wpu8BAAAAAAiTdSL4V4M5fUH2l8DNBJdsyANJoSriP962knOhQ3ruUxWYSNKTOx1xl8X2dEHacAWZiVwIg/ATq8HItblmkYfwDdFZKEVefk3WOa6o4VnrA2omA+u5lgZ9QGgwbNVM3J4e0UnOnPt5ZPSFdqHIAWYStYCZRC2BavwKFwrtcWUzZrJgTkj1+f0Ly1gzcILeTNIsXvzuQcwCMR8wEwAAACDirBfBzyPf4KUWkmAmh86TN7AIxFmfPHk1iITkvqsNrUJLPBTWrs0lmInEzWRIrs2FPk2Yj4klM5FWZ588fHSlVvtlros+IDQYtmom2wyYSdQCZhKl+C7RqlwU/PIXX4jaXMICajMZsWVWsxqlrHcvnZmgz09XV9kCMwEAAAAizroR/HHS6oNPcjNB7pH1cHL61fzQkwE666K17b084gyvBj+0KqsoPPftvfYEreKs6HxPrpqlMZPjeW1Dc0sLc/69eaw2l7T6fK8dr9XYyDYUU2YSLvqA0GDYZWYCRC3bbybll+2WUo82NTTBSbergvansDrX21BhybdXtNA6h8H50c4Cq91SVCE3VwvWOK/TBWjKWHsTmrQUucrdrJpiVxX+BIvVMUU7EnwzSVNsVTiLxV1qx3PlQVwFLUBXaS/XLoCwod24xXp9iBQ5SWax4Tt5y2SmJLSA9xubCfqEo0n0DS0tP4Q2E/z6v/pc/GHJab6YKzNBZ7+sxIFOk2dI1ZSr55Z9UpwGdhXhnL4XHnYP2YW033S4xdoMq1OWfBdL8daK9yuc+GbSVoTHi53KWzYq7PhX0CO+PceQmiLlzrarKbC3bvpS2WaCCyOf/Gbg/fee/vEkTRh5P25AHtSLrsly9RdTm3xDxY4QqxH8rjmuxcHble7Cm6KdbQh9QGgwgJkAkWGbzWRpyG2xbthMJjwo6KdRRW+Vw2K9PjY3WmzFD86ZFiwMXcOTXXcrC27305TiW5756eGCfDtNsVhdvWSBIqudvBJn3HK5Zn5uZqzXbSnFbwbAKkJSnEU43Jns6+56zAZnIX08s1XQAnwVvgzdx5nOGnxEkTYTYGtMobNf4e6eGu625LN3I1J4aPu6s1JMB3YFETQTW769kVXooPTXFNptbrluSH9DgZj7IAtAkb2WJ751lp6ie4toJo12u2Ims8P8XtRa5Wqdkyov22ta+sfmZipL7K30rSYvWgt+duNfQdE27rYeUagIyLhQCh0X/YolUsWyOrhQBcfb8JcvGNe6WGxu9lLOaGXyi7hnpY0LvY3jx/eOkefJ4PsfPnM1Tt3Fg2bh3c6uieA3yW45rt3RAh4AKNtsJmXuURRbbMxMgpaSppFVL40qLNZa1kvGandZq+pewJ9wDJyVqE3BD0X6l2AjMYfysHzhqVS9G3vK4iIPCr7KCw9dpUIIVgjByp45bDhgJtGKJpalkxXFLBIikWhwpgcXr9lukTfZSV50lpf63TgfemhxachTjhYuvM6K5vzduKTO6uh6i+3ygDWJqJm4LIUN/XK99i4X+hXXcjMpt9orbjd45LcWop+/XHg7bHG2sVfEv2XKnR7xriUtdY69Ee5aAgX519UJ4+SO1FtJ8nEQk00unFsjg459srPWVmgvKG1A1z8aQVd7ZQ/u84jf4iylrW4XLoWu6zN6Uf36+DstJQ3ibpdftvd36u7SmNGCGrybSy/ZWXCynVlBzwL8f3WYLhB7DBy9iv++fxJ3P6Vj+i9x0uIjXJbyLx+uoKf2yQ8H9v1m8CReZaH0EF5l9Org+4dmSo+jZUb+zvLFJ77/BE0+/ePxie5N9xUbcXZLBL9ZdstxRfU74AFAwzabiURii42YSV0JfSZRM1mx3ORt2mZUGrDaT0tIODVFrMyE0u+uLGC55kH0lJ0KzA26Kyu9uIbPpNtFUwqsqmx1FKPINxu2ClqArsKyTguvl9UqbezATKIZ+ewz5NB2HJ01moJiUFsTiYRmW8u7VqiZjJCAtbLQ3sNe+zWFr0AsqPpwCogM6GsvuOzw+EZH2msL2A9qhZSUztTYHe4JnH1OT9+St5YWaKCfcNFlx8j0zPy4l0W6pJSga3iy113DPoSayeq45bKq3ACdylanneVBoEC8xD0meWUzGUXpr9HPv5hl0itmgq6E7TITjGgmhBBmMuqu7FdV1ppprcBlJs+aivjl6msQ10KHw0x7tpXfjStJQbFiJvJIhVUoSgoX7W7r848kCZ0OTZRXTvdBcEv8OUrwjn+qznL3/PSwxVpZbGtAF0/vbRf5FSOz8uCScP0VEn2sdufQMhPkG0/346pcY3dVXzgyk3H5mTawby8dWXJ9MhUUzSSOnlO0MGmNeH90/cfs9rFbIvjNEqvHxdEHhAYDmAkQGaLVTILyMtRMaBYgQ1y955aDvxeJsGgpqpVTxtHDtaCksrGf5flNekg7EyV/MUhTaoZUb50tFgpGNAtM+bqn5mba3bXFVvuknNsKZhK9LHnlGJehNxMh1hm2VPXScIdO82XwYuiqW+lGGjM4v9Eq+8CmqMDO30DHLfnEIkbdzk7STAh5BVYFdvoKWGEXjjvLWsjbDUgALZFsBWqVEi9JIHEtOpXqGwU2k9ddNZb8CjI1Wnx3VOJmMuqm0S3XWm4m/Q2uyr4tvqR6M6xvJivokDXVlmy0qESM/tUFR7QEmOAtplouX+2CmdBvJjL3N+1uhzKTYnUmAsJiJfvwrKlxgqUUqD5n7UwEwUw0V0jUsXh/9HdxdN9n7jZO947PddxGciJ27opkg8e/A++zRimS5+TzUZWZ0GSWIj0Z+IS1G4wGYjWCj9Xj4ugDQoMBzASIDFFhJqzCtPICzUqlFaZcm4s8ZgjjJHzEjDW5GsfFcuqAxap92mEmPGWtM0udlTTbFQkJzXBFC9OU+Z5aGohgZtv4k4yvghYQK50ThnnJTESe3EDkeTOqvdJCm0lN+9zMPB2WAkZmQpgZ7kSy2q8Oc4GtUyH7hkQCWUldd4uGtiilwGpvl798FHfy9zPTkyXE3PLpe+EpKHIU1Wrf1kWKv4L9NY4x3MTEQYpBmJmUyyHsSMP1dnJjQB9b3o6uEK+lvJN/wnawnpn033ZwncPMd1cU2edpVCvXQcWgzxHqCYlmwr9znZmwIqaI3N/WN5PZ1rJWduOllBfJBTuGZkLH9D9VbiaaKyS6CAwNZFx+pa9s1X+RlqJQ5GIQzIbNBPP8+0MD//bFZBS8mzpWI/hYPS6OPiA0GMBMgMgQFWaig7YB4AOSE6WdyUqn3M5E6yE6UeHgpy/aLmkHj2kvx48oFGTIKSv80Tt29zqXFGGVFbqKQL+Y17j1JzcQYd6MNpbax2gnbAKhzMTF4x6CUbhDCY57SBY7EEk2aCblncM46CR3A33cGdJMLKVN+vx4VjHvWVPdM1aRiYfp4s2H5lPwMhNNhwpvnfXMBEmUeCkiLSm4xUNa3KafjiHFUrcz4d9StJgJUize5gcz360ciGFtLjqm/6nuCjN5nhEXQksQ3TnPBZ0I20zwnN/FDXzdKCTsDLEawcfqcXH0AaHBAGYCRIboNBMBVmaCswaFvrloExGhmyzcv3BZg9K5Fgo9nQ2tU3MzvS0NaBVc4u9rKCp3z8/N4J5qiNIU5NtpSuPPrBa7hJ98rA4DRl4FLUBXsZW7x+Zm2kl/XzzTPCJPbiCSrI5bCivrutjFMDKrzOHB7mCto843OelfmemqQVdCe+9w1+PWGtwRwtrhzovWcmcTuqi67lZua5WedwO9maCQVK7NNSzW5lrqqaH1rPRxZ88tB6/Nxept8nYmTtXbCXiTIfTTlttVkzB91M1LTfFc8iHcTF57a9kubQ/GZrLaL7YIR1rSKt8Aux6TguXZNtY3F60WJROFZqLaw/nuoipxi7g3FPxf2wJ+7Z/qbjATpCXj9awnLtIZ1/izvzunOoZIbS7WmIQSlpncf179aHlmaHBf3NDPW20mtHViNYKP1ePi6ANCgwHMBIgM228mAAAAekKYiSRNPW6wCC/oUEpRlroLbnaHjDvdruuqNx3JOe6TTa5GOQNCEsykvZy308Bhulx+wqCFqEILeNwOjXWZAGwYYzOZaa1QenDWv6dFwn3iofECu1BvjSy6q83knWLw+fZ1G7GdxOpxcfQBocEAZgJEBjATAAAAAADeHvNLb+YWQ1Zc28WgI0LHpU2NLfQBocEAZgJEBjATAAAAAAAAQIM+IDQYwEyAyABmAgAAAAAAAGjQB4QGA5gJEBnATAAAAAAAAAAN+oDQYAAzASIDmAkAAAAAAACgQR8QGgxgJkBkADMBAAAAAAAANOgDQoMBzASIDGAmAAAAAAAAgAZ9QGgwgJkAkQHMBAAAAAAAANCgDwgNBjATIDKAmQAAAAAAAAAa9AGhwQBmAkQGMBMAAAAAAABAgz4gNBjATIDIAGYCAAAAAAAAaNAHhAYDmAkQGcBMAAAAAAAAAA36gNBgADMBIgOYCQAAAAAAAKBBHxAaDGAmQGQAMwEAAAAAAAA06ANCgwHMBIgMYCYAAAAAAACABn1AaDCAmQCRYSNmsgwAAAAAAAC8U+gDwrUHMBMgMmzETLTrAAAAAAAAADGNPiA0GMBMgMgAZgIAAAAAAABo0AeEBgOYCRAZwEwAAAAAAAAADfqA0GAAMwEiA5gJAAAAAAAAoEEfEBoMkTWT4PmzZSWPVrTJwDsAmAkAAAAAAACgQR8QGgwRM5Pumqrss87/lryWuufaeRvh+YPsM2XWpmkx7fyZMnuXmLAm2WdqtUlrU36u7JU2DdgqYCYAAAAAAACABn1AaDBs3UzeDDx+WF58HXnFk7mgtAUzOZ1bln35oZiWffatmElVQdlrbdruZrGrUZu07YCZAAAAAAAAABr0AaHBEIaZ9CMJEYZbk3Ni9S3vWcfDJ1NBIWVjPH9gb31ccraMJ7x+dLvB+yBSZuK96RzTpsUU5ReVr25HADMBAAAAAAAANOgDQoMhDDPxqs1EowRk7rkmdeIGeE4kpLfR6SVW439oPVMmddVSM0GWctpaO/BysuRvZe3LOGWs7sYdh7Oi6bF3Fk/S3bCfKxt+Qz5t0Zv9typvb9/Zs2WnHV5pdaWioOzJ7Myr2Rk0846VBvHP0cjpszda2x47L5ZVDZO01f5sayNabLit9rSjkyTtGpCcnL3Vr03dLsBMAAAAAAAAAA36gNBgCMNM3lqZCZaQ0WwkEpI03XQrO7eRm4mCt9H5D/wfmUm29QFPxmYy9zjbyozIe9PZvohH8OecuS4RG+FlJqKZVI2RXV3sPFuN1eR1axVTFFyXbJ1ymKhjsX8HS07ATAAAAAAAAAAN+oDQYAjDTDAopqdmMvnmzUDbA2ck2plQCcFFJbjt+3VsCNxM5p423Ko6fRZvkaYgM2lXVkZmgneAT1pV7oTT1zITOe05NaJX7lt35N3HarSreNVRe/pclTZ1uwAzAQAAAAAAADToA0KDIUwzscsFJjyF9s21uGUzabhcNi0Fsy/ew0UXspmcR05S0Dg5O/Pq6b01zKTsSd2NO7QAhJjJK1J3iw7Shs1EWu7Ltjb99+rKdG+TpSGsA9kxgkhL7vhIUdFOAGYCAAAAAAAAaNAHhAZDmGZSVaAURwhs4X0msplIy4/PF1xv8JNxZiaT2QUPqFd4bzrXMBNc86okt4wG5mgxbikUj21jZiKtnC57LCfuIrCWaNO2FzATAAAAAAAAQIM+IDQYwjQTqbfxNDGTdlyDKxJwM5Gk01x45DKT7upbZ8+WZZ91Tr4ZNjATFKBnn7leMYh3qfXWLbR7p/92w3qLNGRfnaaVwSbXMZMgrwN2+lKjPDfqWRzVpmw7YCYAAAAAALxVBp/P/2NwJpYGdETag4w59AGhwRCumUhPy8+RCP7iPe2c3cyYu8pe19na9hgN1r+VeVe1CwBrAWYCAAAAAMDbY37pzdxiQJu6y0FHhI5Lmxpb6ANCgyFsM4lNaEdelLE7Nzykh2JgI2ynmaSZVaRdGdEusQFsh9WfctimXSJmcGexL+rzXO2scBm5ktasTVuDERvdesrRU9pZaxDL5wJ42zSdMKnRLrAB5juvxaE14xP2H/1GOw/YIcaKD2w2HzTw7F48OpHx+6fluh2DN/Hl8emZetVyAvOP80x/VrZz78Kn+BqKP6DP0+6+kHZCeD/CiX+PN5ni4v89W0mSefh9fP2SMok+T5yUpl1oG+JHAQb8YxC3HI49YvW4OPqA0GAAM1Ez9/RsLikLynU2PJnTzgXWZjvNZMGPocE2GlnYiED6b6CFxYTAK/4hZjz2aiPZMB1oYW1a9OPOslF3W6hK+qlDMzM8NmUmWW4yEvSZP79BW5AZA2YCbB2T6YA2aQ3yfquxlzHTZy5xOlB9bLMx8TYQXz73TwUzdEDj2tkCyfuPFPTwqefJZ1uFmbuGzZvJ/NgQEwp2MSzV7zvfh0e8edmPlOU4SDY+K7+nmElf3rFq/gmqx0feH+JcTSVcJ1zpJlld5k3pqosHYdpzwvSHa9PK5DFxMu8D04Fvv9mimVSdTEk0m9mdVpKyks3m32f5fR3mhHRxsS8TzLZfOnxtjpy0RAd5KJjNGZb6ujo8tIhLYnyXzOYUC/nCEM3fmVNSU4U7uN+RgZ6HWXx6e4jVCD5Wj4ujDwgNBjATIDJsp5lQqJnwycBYXWKCOTE5bYJmjy14U/aiBRJzrrT4O21fplAHMWviaZrIJx1fpyehG/zeFO8CTVhIxzd8c8aPNvT56G5Ol2eB/m6Bm4k0Yv6OfAHBCXpcib/PpDO8zlP4wBISmyfIcoJ4ZPHvZ6IZfcPoywnQBfwt+Av/fYa8oJT7eSr+zMOneAqGmwlRDroj6HvGm9ubyk6WJGX8nuxPCn6OcjNJMifRhfFJSUi0dW7EHgEAozaT+TRznCluH8s7n+/GWel74kvQFdVXSItWhNBwTMw1l6RpXH5CwN2oTNbH7zHFmdNOOLvJ3HtoxWMf4EXwog1/xcvtie/W57FHGq4ldNDOFkj+/Fzy0VJ5avebyeTDhHjhS35WUvJsfn88Lhv59EJoeTlAi87ufVPyjCYMxv9IT5+Kvgufimd/zHbgnnyDOkE+4cAeU8IZvGJe+jdou/yaoXMp8aZP+Thh2vSn+njTvjw5xEfXmji5z5R27ZHyUeGw4DUnf5kumIk5IbOKPMKqjpvFzKDAsnwLDXbQXCq00lp5TL7C1NzPzUlnWGYWMhPzV6cynPLn+S6lmtPATCJFrB4XRx8QGgxgJkBk2FkzuYRDYnOzX/LfxTWXUDSMbplphT4psGBz4zspiqQ1ZSYU8iEs8q77CoW/6Zd8gQDOKzLjmPowWukSup/brpC7N6kWJa6+O5DNpOqrJJpPpkC1wXcps5qp2KXDZiYe8iKymQTMqRY5DS/AHlHBZlqbDn17I+wp7jd/VceX5GbSkZ+e5cHPRfTAo09NiVTMQ38zE1TfKjKTBXdWEttuM3/cAsDGUcykL2+fKZ6OoogQu4S6ipdmEvFZgunTM0rOt5BbHzB9kEfH5htOkODynrKhpfoDRYN0NE33mZGFFpjQcav3tXGxSfL+c6P2zKvst8/M5PhHRw6eKp2d6E3+6CRe5pD1MV34oyNVs2RsoPTyAF0lKtCXmaAQH/97VmL6wzWacu/PxB61TNNyjL7z+9jpQeseKAm1pCSaSfWXykl0pePxsUf3+uiXI+Htcp0Qi92oo3L6LuyrX5K6f4w3xbOKXmi3USKbXKo/VhsQPypssCWwWyW7J2PQ7dcjtfygPOYYC1V0GXO6g2RGhcBsTpVe4nIROonN5LvmJJRIyEkyZ94JgJlEilg9Lo4+IDQYwEyAyLCzZkIFg4MCiI7zRFYSEidIJtFGzETTfAXdtgOduXS8box8yq41E0uP3+9zpOb7WErQn5HGSpHQwww9chRhaQOl8wAAGpVJREFUIRoTwkyEog88pSzAymHU357wuBqxZf7i9/ubzcdZx9ZKIQx52o2QfDuegjAnISv5kttL7mFcnHLpF3nnAWADcGFA0aoITppFOmHKu8lyrfVmggkGTvxrnMmUIIkxsSqCpCHsvQPFLMRFi2k39NbQlJMYF5sgM0F/D+4/QqaombR/cYO9sGvwyrF2Sfp2/5HjlXNSsPUvnjfJ3zWgkLn2uyNR1SZXOQuzfft/G0++Y2Ym/KTo7QWRQE6iFAkzUaG6GAKkUC4+7fv6fdh+FUzMivuQvdACC7Lb09f+gCfRX5wUWTNR3asFSyGQ+3NK+k/sbtxSX9fh83s9DjMpoFZ46aAr+sszLpFbLzUTdOfvwDlQAVqWAmYSKWL1uDj6gNBgADMBIkM0mEnKxyl0oIk5JKI1pzukjZvJXvYJaKA5SVU/kpCb1tbdtWZCy0zMCazmlS3dfKneu4Cfk7hEIlJmQpr/UGSrwPPZivzJt76ZmJOqjqMTZ+MpgRFckewGDysAYD1UZvKvedMyNDEwdC9+j8k1hMdDmwkiOFh4wNS3GTOp5puRN/SW+OdCRUUW3vwPGkcp6kUUqJk8LvhjFd4pYiZjruT9R/jwABeoHkk+7ZZaztWuSMkfnUOK8tePqMlEC+wsDJUc2GOq9+K8oo2YyXzDiRMN8/q5poPrm4lYAlNyQHeRrKETJtMxYSogyuq1SboA3u1A9bHqJSmNaswaH7UpFDNZrjp1V07139CUOaO7c0e9IzcjJcst3KVJvS9WbYvgK0x1vCRjy1UpJEuLmgkylsw7AfQ3l7yOAcwkUuyq4wrMv950OKcPCA0GMBMgMuysmdDaXJY2XL+ow3lDGqu7dAVXKJooy6DL+MtxYz0cMwufIKnNBNfmMidl/oKjdG89Cosn6i7bAkH038GWIUUoE37/yEba3EcPspkgnaDNGZHE0Tl+ZwZ+bo3YeG0uSyquzTVRls6LLOTvR1ubS2Mm6NtrVj3pZGQzCbiz6FbQuvzDU9eozYX+Ltw9RR9+SjqRTADYCOraXLqwkkDD0zXNRJqv/pKZST2rqSjU5qo+RmtzcTORluoTVA1U3iK53SvIRqze11RL0IBStAvJUDORSLHJtw1L2EyCrZ/ZVVnpUo/14P7MgkPYRm5mHhl1ZiYfsqoW2GmoV2DP/C09BdPrmgnSkm+amJZggg+NW8AThFZGk9c0LeDXqs3FmW868c09uS0HqcpFbYQwTS8ettto5IMDaU5isKE+arMItbn8rD0h9p/MtXod0UgFekQ2C2+nSzKbSbN4PNBHADMTvGIGeuDSxcBMIsVuOa7Hd92FN/HQ9ko7yxh9QGgwgJkAkWFnzUQatKUnUMsgiaSdCYOGsy+xXZiNW8AvNPOVSCJpZ0KhZSZB3DeXefe2gEf7T3rHQibQ7PPXFX6ZlJzECjQSUnx+/4S3jh3pyxtJX1xCy3Q4s1KT2PeDvmGHx1v3C9YGvZlIL+vMKV96x3wd9XVpZ4RuXpTCFr85ORfXBAiOoCXx1uov0YKRkSvpaT86WrwTVVdOSbKZoPNhTkaPvRbcmYwf70l62e763oGdRGwB33dh//7vr415731z9BgKbrMPnhicnn7o/OaADUuF6zOTa2B6TIkg7524cK2+tv6v6Qm0Npf0+K8Hzj8cm55GIeeJBJPLO4bW3b+HdsckmAmuOGSqvtc3NvAw70tl62+JTbSAl83kwen/TP7oDKnNtZScdu7BorAQKST5bP+3aBRpScF3R6KtoTy1jkDtMZPJhE5f3mcJxmaCJAEtgc4jHeSaVAl942NoVVqk9WkIKVX1f2Das39wehCd7gTSYh4XfPCut0SdWEJ7NH3t+/1xJt5JF0bT7Vs8qdnFzSSedx8cYTPRtYAPTHR4NLVhF8xJqk7kLx0W28oHzEk5fCInCWdXcTNBk0lmVvwOZhIpdstxeWqYmXheaGcZow8IDQYwEyAybL+ZAMA2ID7v6SQl6eN03rEYS0nLyHGyChE5R5NQSmJyupJ9SqCdkuXU09ZPuMFP6l6zeW/aKaeXJrQU4sI9lKItf6I9oR0+5eiR+yoI2RMa0TxSERyDgglx1im8V6z7NQ3picKS8l7RLTnSzdqdAaKD+PK5fy40Ki2hcDNBLDZQM5Gk2cc3T59M3n/kP/50hs6avHHyMydtfPI0ef+3rB181PDw+/gQ3WltDV4CFgOo7lQLXttxfH+wdZIOYMrSzQm4nNxGO0VMTJLfbeVPI500mvemdAhe4ndm1In1ApbrUgt93EykPguu0EWIKjMZb+x8okytxF0bRv+Ol/qebOGV2Vdd3XHn235X2tv4Yp1WV2jr49q0TWBwXGFQcW/uf12ZRcP/55zrnolo6LU67b3ferm6XZu+HvqA0GAAMwEiA5gJEJPozUTJmDSzdwXwbo5HLuP6ch0/JXm5tHysVIHzl2fQjMyF6kza5odWZqMpuFa30EmaWc6VZJMJmeT/As0EFfo3WzBniJXcAubUSxKNRcxJtq/ME96WSx6cXveV2Uf2ypKq9ASK8BYiK0mypctmgjsD5VU1Mkhd84B6EwCw3ZhMprTv13w9IvDuYBjBv/pNJevXIdDW07iOsK/H6vOci21ypkxwqLG7wmDL0WImq/+vuihVHnY+m0EfEBoMYCZAZAAzAWISQzORI3j+asgRW0a5X+xRwJyg5CmidDlfsiOX1JFT5gab0YoTZem8qvcpVV8LE7ziuHT31A0/Lsfg81QOs1xHe3PGFRG/bhbKTFqy5MY8SJ/Eihy+woysu360PJ2cwNmrbK/QPqC9kvAmWFehAAAAO4hxBB93oZeO3L7WRot14s7/ep/NfPPJxbb3LnbndOMwHS1AU3sqOypIk4kPz/fQEUbPr3HnhVK61fFDjeT+3fPr+NLk1WsdzIKmR+LOt8XldTxqUMzkqrMzLq+th1bVQ5PFbdPd6NN65PkhMD6uDfLKq7x9VTPse/hau3TYrC7NL2pqA6yPPiA0GMBMgMgAZgLEJGuZyYKvKuVH1pyGm8lCdSbuYTM4Yk5MD/g7bF8kib0C+PJTWD2rlzcysCcEkDzIM3Gj1arjim/c+FwwE11nO5mCt/AXDkhkE3SfAp6clARzutxQVeqzpPBGWZ1Ii7T91HEzwb2iyXuF9oEaEZ8LAACwgxhH8E4b8424vF/ZiGwmORforOCjXzpwK6MJ39UpPP3hhd441yhK5+UtlPuutrifVS0b44pJW52eXzM8isFwF0KbpmYy7el5ROqPfXKeFU0jM+lZr0aZ8XFtEL2QiIN26bCAFvDAbgLMBIhJ9GZCXs/ir3PmJh5ldZxoOxNzQmLajySmX/CaUzKar5xK22t2+FR5S3JLD6/l47diJkghxGdp83fmnMOJuOeArZkJ+hyl+hcAAMAOsU4E/2owpy/I/hK4meCSDXkgKVRF/MfbVnIudEjPfaoCE0l6cqcj7rLYbUCQNlxBZiIXwiD8xGowcm2uWeQhfEN0FkqRl1+TdY5rY+htJOJm8qz1ATWTgfVcS4M+IDQYwEyAyABmAsQkejPhk1wJzGkW5Cq4g2kCCu5H6HjQL7cPUbNcRdVCqQYmjZh/aBGrgamLKbQvdRbfCZNmaCasEx7SWx1Lxa/lYS1kOHxzuJ2rvFe4StgPuAwGzAQAgGhgvQh+HvkGL7WQBDM5dF7dCT2aZX3y5NUgEpL7rja0iraVyNq1uQQzkbiZDMm1udCnCfMx22Ym+8hrjkIPhZss41iL1dknDx9dqdV+meuiDwgNBjATIDKAmQAxyYbMRBEMDG/RgUjRvFmZkJVsTiIRP/8E1gL+pUPTAn6ircVHnoaaFvB+J2tMr2kB3/FTEq3NlXM485Kzruors+N8Ou1tueNMkqYFfEub0kuXIkIvHcpxsRbweO6mqxUDAABEmnUj+OOk1Qef5GaC3CPr4eT0q/mhJwN01kVr23t5xBleDX5oDZX38ty399oTtIqzovM9uWqWxkyO57UNzS0tzPn35rHaXNLq8712vFZjI9vQtpmJJL3RCok8RMhLwkcfEBoMYCZAZNh+Mym/bLeU4l6HNkBw0u2qoP2yrs71NlRY8u0VLU/prPnRzgKr3VJUITdXC9Y4r9MFaMpYexOatBS5yt10FamrCn+CxeqYoh0JvpmkKbYqnMXiLrXjufIgSeO6FElaeko3WvmYvUaB7pWl0CXvxo6BviujlnrvGLybYDN5GY4yKfSzqTETZAvppC/OxOQ00j3whCwPEzgxJd2vvNFsgfTPm5p5hT32vFcyyYen0mXSE8wp9Im44MW9Bv8+k3YDiqC9gqIUOsnw36At4CmaXoNJX8aJdfj12RKuS5b4JZ+lLqJhe8X3k7+aM2bouWVX3l+yQV542D1kF9J+0+HWvH9gyVtRpHwJdeUVRYXy3ekZueORQV4rWFbiQHe8wXnl2jWmpoh81O6nwN666UtlB1gYeD9uVH4ejrwfNyAPqqXWZrn6i6nd8AbhCEXwUUekjmuy5ZUoJP/P32cLBrbYSZmaxcHble7Cm6KdbQh9QGgwgJkAkWGbzWRpyG2xbthMJjw2q51GFb1V6Pl6fWxutNiKH5wzLdgHuoYnu+5WFtzupynFtzzz08MF+XaaYrG6eskCRVY76d5i3HK5Zn5uZqzXbSnFbwbA4kFSnORJP9nX3fWYDc5CtJUVIcVNUqSay/bG3lH6mWQXV+he9bfU2tzaUuWtU2F3oMPsESJiDhI8zXMXzCTCLFfx7v/fPqzXYIrGTMJF9ZmxQQTNxJZvb2QVOij9NYV25Vfc31BAw32CTY74i+y1PPGts/QU3S01ZtJzC90J2Zew5K0tutbk8Y2i+x6e9tbWyXewSRLVzDyqLK7qHPO1Woq2cbf1rE5Z8l16xRIfBEix0Ndbie/comKx1yPO9OCUYtfGHhwEi82tvEozWnn57V7RTAbf//CZq3HqLh7ExWKASEXw0UakjuuTy7Tu1tvqJhhawAO7iW02kzL3KIotNmYmQUtJ08iql0YVFmst6yVjtbusVXUv4E8vhrdWn4IfivQvwUZiDuVh+cJT2ceXRkxZXKqXg3mu2WmKxcmLd/vRbkzdd/G+O8qFOCYSrHS57CPkw+tKVJ8801mDvKi9ShuigZnsakaupNNaW5Hixucx+KbFiJqJy1LY0C//ftHPzXJLyV8ot9orbjd45DgB3THkwtthdBMQ3xf+9ih3esS7Fmap29m5iH7p9EtA+y/Mw3cA1ZfzwmPLZzUG51sraMxPQcc+2VlrK7QXlKJPCNpIqUtlD+7zqEK+j1lKW90uXApd1zcnrLp5/J2WkgaNmSz11BQU1rIHwWxbmdWuuvZ7atS3sv7iBqJeq8M01ylGCD6ZmkE2opjJwPsncfdTOqb/EictPsJlKf/yIVLO5yc/HNj3m8GTV9GshdJDeJXRq4PvH5opPY6WGfk7yxef+P4TNPn0j8cnurcth2VNIhXBRxuROa6VZcfAyqt13gm5JQY896mZeDdZwqYPCA0GMBMgMmyzmUgkttiQmTxrasQv65bNpNQjP3THLVWsvz8KkhZxcrLJpU4JjjRcx/4w11bWQj8jaLHWoH9Oq52moFW6xIJTX0ONOkgsyHfQFMtNbix4N8Q4yV0aWTPprWTFMnj3xKfxUmcNFby1zGRpqAkHWC887ukgij9oqctMTwPOgyyqUK8EANECiokr+wK2Ilzfckx+SA+24Au42NlEJ+XLPoj8vMJLYvR5UsFSCKBrnNdV9TxlM6krtU8K/dKg6Lws314u//Kd+Y7K/m5uJugW0bXUX3yXlaooZqK6F7191GbSXm5fUgxkXBOmoxsF6U9VBpuJnEeDPkeIeW3518uqWvvHZ2rs9t72mq7hyfnpYUv+dUk0E6vDebd7ftwborhjUyx1orOp+ZDyQjtSLPogGLt7fV3FqpE7W8Iyqczwor1d6nfj2mtDi0tDnvJiu6XwOj3v9DSFvEKiCpWZ7Mtay0zGv/piYWZ81nVypPrRqOvRnOfc0L64gMpM4p5+dXF5Zugpqwk2PvBJ1vLM9POzJydYdeadJDIRfPSxa45rdbKt4UFhFbwDHtgNRKuZBOVlqJmMW24p2Z7i6j23HPy9SIRFS1GtnDKOnkYFJZWN/eyBNOkhbULIA5gQpCk1Q6oKncWa0o9RNw9fbFZ77/jMyGO387ID7ZJoI3pV2BLPmop4VOFr0EcG+s1RM0F7WEC/qxceS3kn/SZQBMYWXu0vbop8rTMA2DoVuL0Wi1At+SRzYdSN4lc8sjpucXW/li/7gnxW7Qpd82UtLBqvICbPSxolvBj5pRMzQT9V9Y0Cm8nrrhpLPnX1USIhXmYm8k++QC5z4GbS3+Cq7Ito/W9jRDOZbSvvwd8GC9xfeIpKXCPTM/NzM8W0wur8MJKN+bnJmmsOpG2StNJb5ahsH54f7y8qUrVXoYXGBC+/IdC7mWIm7JshtV6F2294iGay1FlJzwW9k6MtlrWOFxdiqZgn5w6dZeoSnqfk1r3SKZ/loNpwsJnQ011ZaO9hp2WK5h9xM9FcIdGGaCYzdxune8fnOm4PvB8ndu6KzITHvwPvn2RjnpPPR1VmQpNZivQEmQlbMgrYNRH8JonV4+LoA0KDAcwEiAxRYSazw6RuNCmvJ1QqrTCNykzGmlyN42I5dcBiVdfjokx4ylpn0OPQjQthEEFagxwtTFPme2q5e+CqBfKTjFIW8nm20unsXHmLZSZhmUlBEbIsubRHqMTCow2N4wFA9FAh+4ZEAllJfZHTkJTGrO2yY4g1GOkPUIi55Z/kC09BkaOoVptvTMoTgv01jjHcxMRBKmgxMymXf/IjDdfbyY0BfWx5Owr6vcj2+SdsB4KZ8LYizExWOpVaakKpAoV7BQUdiNgttWgm/DvXmQnbXKTNZKpALnmmDwK0M0qKerfby+20hIR2NFLufmrJr6RnhIDNhI6Jt1/6sdxMNFdItCGaiUL/xTGhQjEyE14zc8Nmgnn+/aGBf/tiUnm07hixGsHH6nFx9AGhwQBmAkSGqDATHXLzRzagB7DSzmSlU25novUQnahw8NMXbZe0g8egBx76i4IMOWWFP3rH7l5X1ezCAoOrfml43VXTOodrb/N2Js7ItjPBNTHkD1TXxKCENBNbw1OlyAjMBNhVbNBMyjuHcdBJfnf6uDOkmVhKm4rl0g8Oq+n0rKnuGc5xJ2ksTBdvPjSfgpeZWHSf83ZRzASXAIvDpDSstNef8KCjELHkq+5ajeq2ajtoJpP3Xbzwij4InEJNOd4whvK6s7JVXQPLUtwkKFbsmkl3znNBJ8I2Ezznd3EDXzcKCTtDrEbwsXpcHH1AaDCAmQCRITrNRICVmfTfVvXNhZ436NnMu9Ki/QuXNSida6EHubOhdWpuprelAa2CS/x9DUXl7vm5manhbqo0Bfl2mtL4s0MuTtFm2s20VPBWsIjJUdwNTjHuXoxWfA/yvrki3TQT5+ZqWsD3+hQZCWkm+Bk8ISsNmAmwq9CbCbqG5dpcw2JtLtx+moSw+riz5xb71Uj4Q5TaXLg+mNJ9BYa3wUB3g4Ia+uMlYfqoWyw1pR/CzeS1t5bt0vagaQFPYGUm6BsrsreTJiK0ELiyuKIXTc5NVtrs7IY2O4rvb+WO8k5VOfBOmonQBaKluKarbxy3Mynht1NVo8HGUrsY96EDV38bMWYm48/+7pzqGCK1ufaKy4RlJvefVz9anhka3Bc39PPO1+CN1Qg+Vo+Low8IDQYwEyAybL+ZABunkvQa3PWSFgStWKyVfNaaZiKRIAw9m8FMgF1FCDORpKnHuOcGXQt43EtVwc3ukHGn2xW6Bfxkk4t0qsHgZtJebpe7l8Vhulx+wqCFqGIL+GK0n9BYa5OEbEavZFHJ74kip2emp5a+JEp5DQuetDrkOyEnFszkHWHw+fZ0aLfdxOpxcfQBocEAZgJEBjATAAAA4P+2d0cvbV1xAMf//ftgCOpDB6H0QZihoUMQtmmKbamsSMVl0sDoQ5FtFBnO2ZK6IsptYm40Pac7uOSErPr58APN8UbI2+9LvBFm5/2Hs3e9L/6t9Ves/4r6rys8vV3ihTAxyoQ8lAkAAIF4IUyMMiEPZQIAQCBeCBOjTMhDmQAAEIgXwsQoE/JQJgAABOKFMDHKhDyUCQAAgXghTIwyIQ9lAgBAIF4IEzNJmfzxeK2oNYezOfr89uV6dXLv8dvPruZuUCYAAATihTAx05VJvXV12Ou0lcldpkwAAAjEC2FipiuT2nWZnOzlKJOD7fHfyVdEmQAAEIgXwsRMUiaHW2utTq8szxeqODkfZsnq3rtep31v6zB8wg1dvG4tNk+er++chj/h/0+ZAAAQiBfCxExSJuXFP8OvwyBZ+W5jlCgDHy+uL/xPPr7cKGrr5el+4/lxddRpd8uz5cVmdXJx1P++WGwdnlU/P3ixvXB5f0vjh1+rI+ZEmQAAEIgXwsRMVCZjDn6s/rJr+q2z0Y+cl4PmWag9qo467WKpfXVBUVsbfrMwuvLK1oPmpO/UkIcyAQAgEC+EiZmoTGbynsnvo3tXBtMd/pJOe/P6ppXX4xcUD7v9o8Pd7fpSdTL6kDDmQ5kAABCIF8LETFImM7nPpPtk9en+zu7lPN1Y7ZwPDoMy+fbnk7+Pq+mdleVRUW91fxs8/KmpTOZMmQAAEIgXwsRMUiaz+GyulXpz/GFRW9/6KyiTMvzYrlftlb3LgCnLRl2ZzNlNyuQUAIA7JV4I/32mKpPPI+T8S4c3Nbj3fUyj1mw8OwrKZPN+c/nhi53d/Qf3W61OP8G6xdL3J38e/PLsyfI3LWUyXzcpk/A5AADcavFCmJipyqTwP+AZUSYAAATihTAxk5QJxJQJAACBeCFMjDIhD2UCAEAgXggTo0zIQ5kAABCIF8LEKBPyUCYAAATihTAxyoQ8lAkAAIF4IUyMMiEPZQIAQCBeCBOjTMhDmQAAEIgXwsQoE/JQJgAABOKFMDHKhDyUCQAAgXghTIwyIQ9lAgBAIF4IE6NMyEOZAAAQiBfCxCgT8lAmAMBMvXn7/tWb49s0/VcUvshbJ14IE/MJv5MWcap0tjkAAAAASUVORK5CYII=" alt="Screenshot" width="100%" ></p>
<p><img src="data:image/png;base64,iVBORw0KGgoAAAANSUhEUgAABDMAAAIGCAIAAADGMlPIAACAAElEQVR4Xuy9+18UV57///kP9pfPH/DdzMx+dnf2yq67fvb73fX76QkTMhnJMDJJZJIMMxlJnC86j1FnJppNzI2EiRKCRFEuGgSF0BHwhgqIcgmIAgraA4oilxZQurnfGhvr+z51qk6frmpbaBrk8no+XmLVqVP3U1XvV51zqv+HAkAw6HaMGZMAAAAAAADwy/jEw+sqNPA/jBMBCAg4EwAAAAAAMFvIk9Sp0ACcCQgOcCYAAAAAAGC2cFvCgTMBwQHOBAAAAAAAzBY4ExB84EwAAAAAAMBsgTMBwQfOBAAAAAAAzBY4ExB84EwAAAAAAMBsgTMBwQfOBAAAAAAAzBY4ExB84EwAAAAAAMBsgTMBwQfOBAAAAAAAzBY4ExB84EwAAAAAAMBsgTMBwQfOBAAAAAAAzJa5OhOXW7EPu5sdD//cp8oh5GZySupnujkwPTL1yLgUsLyAMwEAAAAAALNlTs5k1PXoL/f0PpN8/5kv7z+z9/4z+x48s5/U98yBvmdSHc+kM30vrfu14pHo4uHvfvXgO1kD38ka/M6RwVL7Q+OywDICzgQAAAAAAMyWOTmTPZdG/DuT/5XWHXna6Zx8NDY1HXbsvnAm3zk6ZFxWkPjdtj+88vPXScYJQYWvYr7XsnSBMwEAAAAAALNlTs7kL7/o8eNM/jrNXmafGnI9YiiPnJPu72T1C2fSPzkvbbr+T2jYX37vb0jGCUGFr2K+17J0mbszseaXyCpv58ldhvRB77nmD+vvNmyydhtTAQAAAABA8JhHZ/Krkn6yJe5p5kDo35Br+juHPc5knnqbwJksBubuTOITchP3HdO0JzfnGk+2xSda9XTr7sRcu/dcfqixprz00oaIdRu2fHy05GafcfKTgDMBAAAAAJhv5suZvFHiJCvCKkvIljxSptyPDt50ya25RuFMli/BcCaFnpFrJR5nkmfTU7uL02bkTGoSfxux7rcDbk/KVE9ZRPSnnvEZAGcCAAAAADDfzIszCbf29o6pbbhU3NOPjt9xfU/qAQ9nsrxZRM7EUfzW4TvGRKIj7+2Ts6g5gTMBAAAAAJhv5sWZxJaPDUx6nMnk1KMXv7n3ncMDcCYrhMXjTNqObKuYMCaqjEVsPKoN2gtqFKXJmhCxjjX30hLdQ29v/u1LlPLz31b0TBmcSUnGR5uifxOx7jeplZJd0Zfz1s89y7Hufu+XLOeGX27+qMUx5ckMAAAAAAC8mR9nUjFxd/jR9LRmTYZc0//7sB3OZOUQDGdyrLauSdPpkx5ncqhcT7+cs+/JzuRPwmmYeFtMshd8nrhdbu5FexARvUeMTN3NeyvG40y2vLTBk7mjYEuhbk5My9n7uvfavVYBAAAAABA07KWF9cY0fwzeKI9PyC0ytCwZuGq94f1Ot7uGh2G7My4/Me6aO8F0JqsO3H0+884/7e/4x/Sur5qnu0dVc6LaE+eEe3X2Pf/O5A/b3+Hh/pW6ehH6k/60+/OpKc/L5h8+/2N5Kiki8mUx1exMnvmrv+Up//Yf/9ne3vH3/7yKj74c9dr3/ubvxUKefe4FMQtt81eHsw1ree/9j0QGkchH3W63nJNGRc6VydydSbDY9Hhn8rnkTN464nVd1iRuGJDH1eVozmSg2NAMzLMK03I+f+mxawcAAAAACCKzdSbxCeeMST7RncnCEDRn8tdfdmbaJiu7XOnXRv42rfc3F0cu3X808VCrOaFYP6F+ZIbO5Pv/+C8GVxD58s95ns92JxomcaXsT+UZDM7kWEGhyEO2hFKEMzGv5UBaBp+LTIthElfDVe3MiBQ++qsNb4mU6DcQjC49Z/L5Fa9JRzYb5yKPoTmT6j1HWDnykCoqRkzL6bK+9561ybs2BgAAAAAg+MzemZQYk3yyRJ3JF1dd41PqT5c8Ui53u76ffn/jxeFLvY/ujT5SK04esa8GS79n4seZkH75Rsynf9oluwLKUF1zSU4xqLHpuuLtTERtCen2He1ltnAmpH/+19Xvf/ixvBDDZpj18CH79Xp5VLYlUa9Fi91ZySweZ+KnNdcWyZlYvasnPaZFR/Qz6bJu591RZGmZTMthuKe6LhVQniOX0IEeAAAAAAamBgf6SY5rJVkNozTuqDxXe6f3dk1J8tkuNr27Jr+0JL+86bZTqc/Ljc+tSc6rqb1BQYWjPPfk7Qf91fnHitSffdOcib0mMV90ypWwlZc1d7U3VcUfbZpUFFpjfMI5+ktTaLHFadbqOpYufEhKYm5jZ//gg/bde6w8JT6txhDmJJ+85Z0wlXJW+wW6gAmaM0m1uZ0TWtst+nu51/X9g8ycHGx2tw09Gph89M2dqRnWmRzJ+Zqn0HJE0N9lt8sOQcwlUr77139Ho5bQ5+VsXH9ubhH5hTMh38JTbt1qlRcrhr//DyFirp+se4knkg+R88gaH/fd1XoFMndnEqx+JmQkZtID3uAoPNUgUgp3JlNlCTWGaQLTcrwYqIz4tNKYCAAAAACguOOTjG2ryAmw/7prUkq1l5vMmSSaKzq6eQbmTOyX4zMuG6d7E59QwqtWRJ0JLbZ+Wp/Mncl0U3Kx/ka1rfxxzkSZ6tpdIMzJVPz+C9K0AAmaM9l2caJl4NFDvWPJpPvRm2cd/5bd80bZ8OmO6Uu9j35dOjRDZ9LR0SkSRdzf2dUlhv/z/31WZAj5t/8Q6YpUZyL0DyH/JjIrkjN5ITxCJMpLEMOfxH8mMojqmn/7j/+U8wjJfV1AMJxJcL7NpYyWPfarwaf17iImR1Hy8QbDV7TeFv1M7AWHbntPE5iWYyBinadXPQAAAACARvOFnGuswoR42GtL/NIan5ArnIloTMWcCU9kTPU21SQm5VJO4Ux278nNb31MI/Kh9uR96mJ9ORNP/MJXJ7fg0od9OBNFKUrLZa2JlKn24sLGocesejYEzZl8N7nz09qpO4OPRlibLjaVzEnUiQffyej76/TOv0l/8re5fv/HHTzK7+tziEQR+nd0dorhn72idTshyGCIdMWXM/n+P/6LyEyI7iXyQuQliOGDXx0WGcgs8UReM2NYBenFn/5MZAaLyJnwX1p86bey05jqqYyITvCMmx2F+07E1gLPaEfBWxu9vs3l5VvEZWhazpR8hbo7InYWS+MAAAAAAEpjvjV+j2YSyjNz4w9plR7+nUlaQm5aOQ+YWzx1JopyYn+uZnG8iU+6oA3MxJlMN6WU9Wopdn/ORFHNSfz+C0GxJUoQnckzX/au+cpZ3fPovv4bi/T30I2xkIOd3znU/52v+oPoTP7m7/9ZZCCrINIVyZn83T/9q0ivr28Q+WfuTF6LfkNkSE0/yBN/+PyP5TyyRkZGRP4VzqJyJooy1nLkvYifv1dSWVlRWfnR79ivi9TL394yOQriT29sSD1Z39Iz1Huz/pev/Lbt8DbhTEavZb60OeHIycqBgaGKytMvvaTXhJiWE/HKtuOVlU13h1quVG76+YaS+15TAQAAAAB2J1hFhQnFNvHZV9nQ9C3/ziQlIfdQrdpg3XZBdiZkJNIqPYG0IH5fufq/Y0bOROkXK6LF+ncmylRXsGyJEkxnsvf+d/d2X+l1D7s8zuSi3fXckbvBcib//d77YvSf/3X12XPF3/+HEJHyxZ4vFamfCQ3/07/+u5gqzMkTncm//8d/idGwF148fuLkL9+IESnNLazLipw/M8vzfeEf/mitWOZKZpE5EwAAAACARcm1ErWFlSoKcqYd9fknadha1+vfmSh9TdYM1jqrtnfKy5molRh20W9E52ZpEWXOKr2TMiNnooy21rBNSrTeHG1/gjMJKkFzJt9J7i7ucD1Uf8FEUW3JkOvR+lN930m/Hyxnoki+wqB/+ff/m+c3fDX4TlubyFNzqVZewuOciTxq0Ku/+JXP/Dlf54kUmBMlGM7E0/1d1W0nT+43pLOPSAAAAAAAgGVB0JzJ/8nuvT/Ovw/MLId7+lHlvYffS+995qAziM6kvb3D4Ba4eu9rDWXMv7S46n//Pzzlf33/Hyurvp2JMyk6c+6f/3W1YRXf/eu/458MNudXvL9Q3N/PPsG2kpm7MwEAAAAAAIFhLy30VMXw2pglQtCcSc6t6YmHvOu78pBsSffU91J7n8lwztyZzIqaS7V7Uw5cvlJnnBBULlws35+afvJ0kXEC8AucCQAAAAAAmC1BcybxdQ/vDk1PuR+5Hj4q75r67oEHz6Q7/DiT4bk5E7CYgTMBAAAAAACzZU7O5G+/7BXO5D9znOe6ptuGHrUOPtpw2vFMqgPOZMUCZwIAAAAAAGbLnJzJ0OQj+dtcf5PeF5Lp+KvUB88c6PPvTA61uIzLAssIOBMAAAAAADBb5uRMiKlppcXx8M99uhxCbianpH5Now9RW7LMgTMBAAAAAACzZa7OBAAzcCYAAAAAAGC2wJmA4ANnAgAAAAAAZgucCQg+cCYAAAAAAGC2wJmA4ANnAgAAAAAAZgucCQg+cCYAAAAAAGC2wJmA4ANnAgAAAAAAZgucCQg+cCYAAAAAAGC2wJmA4ANnAgAAAAAAZgucCQg+cCYAAAAAAGC2wJmA4ANnAgAAAAAAZgucCQg+cCYAAAAAAGC2wJmA4ANnAgAAAAAAZgucCQg+cCYAAAAAAGC2eDkTCighCIIgCIIgCIIWXl7OxGhbAJgxfX19oiRRwRqfeAhBEARBEARBM5dkTOBMwByQSxKcCQRBEARBEDRbyfEknAkIHLkkwZlAEARBEARBs5UcT8KZgMCRSxKcCQRBEARBEDRbyfEknAkIHLkkwZlAEARBEARBs5UcT8KZgMCRSxKcCQRBELTwcgxO3GjrD5ZoaeZVcD0YGDd/UwhamRoadRmKx237kLk4LRXRxs/f7vi5poTkeBLOBASOXJK64UwgCIKgBRfFiMaH0xygpZmjtHHVlhizghXMmHfxoDJjzLHUkIt9cHfH7OLMkuNJOBMQOHJJgjOBIAiCFl7GJ9OcudHWb15LN35NGHgjFw8qM8bJSw252Ad9d8wXlEFyPAlnAgJHLklwJhAEQdDCy/hkmjNwJmAmyMUj6KH8wgNnApYDckmCM4EgCIIWXsYn05yBMwEzQS4eQQ/lFx44E7AckEsSnAkEQRC08DI+meYMnAmYCXLxCHoov/DAmYDlgFyS4EwgCIKghZfxyTRn4EzATJCLR9BD+YUHzgQsB+SSBGcCQRAELbyMT6Y5A2cCZoJcPIIeyi88cCZgOSCXJDgTCIIgaOFlfDKZmJ6eLi8vLysrm5ycNE7zBZwJmAly8Qh6KL/wzNCZZN90/UVqv1kp1/1dXOYLyiA5noQzAYEjlyQ4EwiCIGjhZXwy6fT19Z09e3bTpk03btzgKYODg2vXrvXO5YNZOZOx8cn2zvv9AyODQ2Pdvc6ue33GHGCZIhcPP6H802Xz5s18YP369XRFeE/0YobOhPh369AjaZSG//XrJ/z+ifmCMkiOJ+FMQODIJSkoziT/xLfxCbl/+vzrwlPV5qmBaXBo1KLS5xjgKaXnL9IoDcRu2vzKK6902XvMc81dzv7Rz/d8w/flgWPYnGHusv35Ju1Iyv5U8ySzPvjgI3okm9MXTDnWi3RyP0vMO1dab576RHX3DBSdu2JO96mx8alt2/5AB+e5557LyztmzhBE0YGlUmRITExM+sEPfkAbQJtBG2OeC4KgYMn4ZNKhOOzll19+8OCBnPjo0aM333xTTjEzc2cy/ehRp91r+cMj4/d6nHKKf2gJ5GrI23R0PXD2DxsnzxL4ooVELh5+Qnkqh0VFRX0qY2M+SlFgxMfHG5MU5eHDh++//356erpImQ9nQlbkr7IHxeg/5AxOuqXJvjBfUAbJ8SScCQgcuSTN3Zk4nKMJe76pvtRcVW3LyDxLKYUnq2cejD5O1xpvcGdSV3eVpyyMM0n/6szZkjq+L32OEUrxsy8HMk6bE5+og4cyaUfefOstYboMItNCO8uHb966Y/0m35xnYdRpdySnFNLJrfj2xpGvy8wZDDKf+lk5E9pxftKJF1/8iTnDTPTSyy9ToGBON8jsTK5euy7WTmQezjbPBUFQsGR8MulQHPaDH/zAmKooZFeMSd7M3JmQD7n/YMCQSB7DkOKHPucQ2ZI+x9D9vkH6a5w8S+BMFhK5ePgJ5akcVlRUGFPnBhnsjz/+2JiqKG1tba+99tpbb70lUubDmRA/KBzmboT+/lf+k8ut+YIySI4n4UxA4Mglae7OpPbKzeabXWL0RnNnfEIuF422td//LDGPhovLGsbVOJXyX2tq41O7ewf4K/nq2mbDYilw//Cjj5O/3PuLX0TzlIVxJruTrPJo4pfH+L7QZvcPjiXtK6Bh2n6alPsN23JS/8AYBd+0a+PqDlIeNtA7sOuLPNr3/emnDKv40Qsv5Bccp33ZtTuBp/y5+daPfvQjSvndlq00LIJjsme8zuRiedUPf/jDozlfj7MbwVVaAq9y2brt95Rt3bp1/TOIxQOQ2C+hkdFJOpW01wezznny9A7QntJJlE89F81+8kwtHcbP93xz4vQlSqHDIqbKR5t8Gu1Lw9UmkUIGg1La7nZu2rT547hPKCUu7lM6UGvXhtvv9dJofUPju+++R3no3j065hocGj301WF+6Oi4jas1by+99NJzzz13+bJW4XO+jJUiOpI7d75vcCaUvmuXdkbOnSulUZqdlzraBlovLaqoSNtrCILmKOOTSWd4ePhPKsnJycZpfpm5M+l9MDA2bmxePyt7QJnNdSz2bgdvIcZHKQON3ut2jI5N0Ghn1wPyMNzP8EobGub1LbQ0Eo3OahtAYMjFw08ob3YmcXFxDx/SYyju3XffpdGxsbEXX3zx8OHDDx48+NnPfsbzHD16tLKy8u7du1u2bOEpZEViY2MdDgfNy0f15XnYuHGj1Wr9/PPPybrwlHlyJsT/lTnQ8MD9zOEBuWXX4zBfUAbJ8SScCQgcuSTN3ZmMjLp44E4xK0+h0Jy/JqdJIi6vqrFd/3MHxakUjJJ74Yl7Ugo7uvpoIC+/wuEclRdL4WBzS2tnVw8N8HY1ZmfSeOOuPMvN1nvyaGDKP/HtvrSTYl98vvKnXaD9HVf3lKeYnYmYZBCPvynk/cEPfkBmQ6QUHj9Je5T7NYvUaVTUmYjWXGRFeDUCeTa+BBp49dXX6OBQuExLc/aPis0mjY5N3X8wZN6AWYlMF53cphvttDSeQvteXnV9XK0ry8o5P67u+9E8rTpFnHohOiApaSf5MM1IJpaMDT/pfY4ROu8i54mTp/n5FeLO5Nlnn6UzfuFixbvv7aQjcKXuKonnpCOWZz1GR4COA3ewfBZRZ0KHJePgV/cfOC1qJRVvIpiXd4xEdkV2Jvcf9NMk2e5aVJvESx1ZQZpE54uXxlu3u+XtNJRDCIJmIuOTSWJoyOtt7o0bN8rKyn7961+fPXtWTjcwc2fi6B8eHDKmz6rOhG4m5DS6e7VAcOqhmxzI+IRLUf0JjYqc5II61SXT8odHxnkiDU/rMShBnoQPDAyOOpxzbRsG/CMXDz+hvGjNJUwFQVaktLSUD5Mz+eqrr/gw9xvNzc30WOEpwlrQJDG7yGngv//7vynPwMCAKOHz50zevzz+szMjW6qM5d8n5gvKIDmehDMBgSOXpLk7E9K163cpfqWYtX+QLU2EpxSVnjpTy/Pc6+4vPFlNKSKKHRgcy7Fe4MMV396QfQUPEym+HB6ZoAH7vfvjvpzJ8dM1sp/Zl3pCDM9F5KbEvvh0JrSDT3Qm+zNO3W7zUatTe7me78VLL7/Mw1wKf/mAyGPx5Uzq9HCcomQ+8OMf/zg9/eC4frj62fHU5iKdPnu5u9d3a7FZqarmz3RyE788xm1P0t4Ce7d2H/ziS9bMjPZdVJr5dCbWAs1+tHf2nb94jf7S6abR+mu3yayKnLyRmzwvtxmimoKO2M6d79OB4qWCIgORUzTNkp0J5aThzk7mImggIiLizp0OGqDZSdu3vyM7EypOYkYufhZ4qfvwo48phcwPz/PlgeMi2wPH8Em9kEMQNHMZn0wSv/jFL4xJamuuYDkTcgi99+fUmkthQZuLZuG1HKNjE6LjSs/9fl5JwiGnIZyJSDSsq9OuhZ6joxO9pmZmILjIxcNPKG+uMyHeeOON/n5tFnImWVlZfJj8xuTk5LfffkvWRaQYBnyOEuR8LDrbtm3jiXAmYGUhl6SgOBOhzxJZcyMRnlLAyiP4cfXt+5Gvy+RAn4YLTzGvwiW/79+1O0FcqMS77+0c9+VMaJibk6oaW7BsiRDtCwXQ8ganf3Wmsto2NDwxE2dCImfyWWJeckqhWGZ3Tx+PbgWnTp8V+yVk8eVMeDo3NvyA0MBPfhLx8suvcFEKNyd0JINlS2TtSmStsNIOFdGp5Cm8LZbc4sunM5HPOB9O2PNNT++gHN+TKqtqDMeB2wxRj7GWES72t39g5LnnnqMMf/jj2+vXR5mdCR8mP8PzR//yl7zzEl8aGSHZmfDqFMogr5qcDD87lHlcLXhi4XzjYUsgKGAZn0wSIyMjf/zjH+WUU6dOFRUVBcuZKGoDKrrqxSh5A3Mtykwgf0KLGhgcJbNBvoLL7Z6mFLvajsunM+EpAtGIC85kAZCLh59Q3uxMbDZbbW0tPTj4V+PImZCR4J+05l56YGAgOjqaZxbdop7oTN5//30xvHHjRj4AZwJWFnJJCq4zEQ2ZeABK0ae5zkTEqRTgZuey5kBmvf766xYJCi7HH+NMKAonw0C2xGcFxVzE90LeYNFBggLrxzmT9s4+XpPAdbfjQfL+wpFRFx/l3UXkXSOPwc3GE+tMxtVKg4SERFoCLYdGn3/+eR4xy6JDmmO9kJ55xpA+d3Ef4rPOxL8zETVjdI7OX7w2rlYoXbrS8nmy19e3eMu9trtaS79xkzOJjIz88KOPDQeKt3DzWWfCq1ZosSK/qDOhhfjsZ/LJJ/F82NDPxOxM+L5kZJ6VHTUEQTOX8cnkzaZNm1pbW/nw6OjoT3/60wcPHgTRmUxMunifENK9Hie5CMPXumYO2YyRUU+dCae718lrTu5LrbnEVEOdCZzJQiIXDz+hvGjN1ad/m+t3v/vdo0ePDhw4QIVTUZ3Jc889R6NUMl977TU+15kzZ8z9TPRFMn7+859PTHiq1BTVe4hhq9VKtlyBMwErDbkkzd2ZnCutLytvrL7UfPJMLZkESvkqu3hPSmGn3UHDFJc3Xr9LwxTXUgwnB/rj6retKMq/2Xrv1NnL4k08b4TDg+9xvRUTRZM+nUnQlXmkROyLwzk6NDzB9+X+gyEKymlTC09Vf5aYx53JrsQ8CtPJeLTe6TmYdY6yUWbaI7acoyU0WlzWwEe5uOPijdPG9U9R0cCzzz5rUeEmRBgz0QOe56djQolffrmPj/JmYPKMQVdefkXFtzfogFgLKnhTMTp9dCpp12h/bWp/IdmZyKeeiyYlp7AyQIdCLQPMpJF/+yzx68pqm2F1W7ZsFXtEZ9ngTO62d4mpFvW48S/8Em+++ZawGTyF94AnpyHy8xRezcI7mRicic9vcz3OmUAQNEcZn0wmxC8tzvCbrbNyJmbGJ1zkLkRXEP/Y7/X13O/vcw7RAP2llKHhMZp9cGisR+180ucYogGyPWRCzM6E7AfZIafqixQ4k4VFLh4zCeUfh9ya6ykSgDP5i9R+OBOwuJBL0tydCQTNVmT5ROcTCIJWpoxPpjkzR2ei6E2zZmhOwBJFLh4zCeUfxxJ1JrPCfEEZJMeTcCYgcOSSBGcCLbxqapvlvu8QBK1AGZ9Mc2buzkRRzYn5g8JgOSEXj7mE8nAm43AmIFjIJQnOBFpgxSfkWgsqzekQBK0oGZ9McyYozgQse+TiEfRQfuGBMwHLAbkkwZlAEARBCy/jk2nOwJmAmSAXj6CH8gsPnAlYDsglCc4EgiAIWngZn0xzBs4EzAS5eAQ9lF944EzAckAuSXAmEARB0MLL+GSaM3AmYCbIxSPoofzCA2cClgNySYIzgSAIghZexifTnIEzATNBLh5BD+UXHjgTsByQSxKcCQRBELTwGhp1GR9Oc4CWdts+ZF4LnAkwIBcPKjPGyUsNudgHd3eG9B+J9iM5noQzAYEjlyQ4EwiCIGjh5RicuNHWHyzR0syrGFf9z9g81M+AJUqP0xjzUDRvLk5LRWY3HsTdedw1JUuOJ+FMQODIJQnOBIIgCFrGejAwTk86CCLNpB4AmrnkeBLOBASOXJK64UwgCIIgCIKgWUqOJ+FMQODIJQnOBIIgCIIgCJqt5HgSzgQEjlyS4EwgCIIgCIKg2UqOJ+FMQODIJQnOBIIgCIIgCJqt5HgSzgQEjlyS4EwgCIIgCIKg2UqOJ+FMQODIJQnOBIIgCIIgCJqt5HgyEGeyNr3/L1JJA8YJC0vFx5YOYxpYUOSSRM5keGSCNDQ8LmtwaAyCIAiCIAhagTKEhTxWJI2MTgrJ8WQgzqT20lDsmcF/SO2PPTPkQxdGWgL7pVS3s/VUUlioxRIWnnfVaZxqAs7kqSOXJOFMzOYE/gSCIAiCIGhFyRwNikBRdiajYy45ngzEmXBqi3nNiQ/92mbMPANGLJbwuIuaIWk9FGOxWLwzGIEzeerIJYmcCRUvucz5tCgQBEEQBEHQypEhOJRrS8iWBM2ZKPeHzZ4kYGfSeiAy2+AzKuN2XmT/WzYXXkqOCQ+zJF1lo7s2hpNpCXttu+xMdrLEsGy9piXOEu5qzaNs6rgr9rUwGo75IK/hyTUxYBbIJYk7Ey5DEYRdgSAIgiAIWt4yh3wGmT1JUJ2JMm72JAE7k8LNlgZDkj0v8kAr/W95IyksenuGtZT5io48S+TWhrpLpdZd4RGaMxmpjIv8fUZDdZHFEs5njSMfEhZZdL6Uhp35sVvTixqqS2PfSGpwi6WDICCXJNmZPNGcQBAEQRAEQStEcog4f85EMXsSVQPv3DXmfCLZb5ibZlVYPq6g/yyWKJEUF+pp4pURrc5yNSlcNyQdh6Pz7Go2i8WlZ2PO5LDR9Swr3E5LTIqcEBcZNiKPzxtySSJnQmXLXPJgVyAIgiAIglaOzBGgkGxIgu9M1qb2n2ufnJg2pgeAz9ZccZXsf4slTqTFSp1PeGsuMh4WS7RTx6XWisQZ+qi4nDujwyJ/X9ixXOtMJHOyYLZE8eVMhMxlEYIgCIIgCFqZMhsS0tj4FEmOJ+fkTEJT+41JAdOaEaW23dIZKXrbUjrOhmRnIteZaNUsrM7E2Ffe6ExUKFts/rLtaFLxcbiNHMlIRdQXC1dBJJckgzOBRYEgCIIgCFrhMkeGBlsSTGeyNsP44eC5/MhJxkbWTz37VGmpNYMGIj9lTbkUb2eitGXr/UyS5H4mlsjY0vOlGR/E8hTZmVxKiCqqttmqiyyhMXmmFmPLCTInUQkLZ0uUmTkTCIIgCIIgCOIShiT4zuQvUvs/Uvt1aEyMUsqElACWN3JJImciSpi5FEIQBEEQBEErVmZDEnxn0thk7NGQVx/YjyyCJYlckmRnAosCQRAEQRAEmYNDs+R4ck7OBKxw5JLk05lAEARBEARBkB/J8SScCQgcuSTNxJk8AgAAAAAAKwlzQGiQHE/CmYDAkUsSnAkAAAAAADBgDgi5xicecsnxJJwJCBy5JJEzobJlLnayjEUVAAAAAAAsa3y6EVlyPAlnAgJHLkncmXCZPQmcCQAAAADACsS/LYEzAUFDLkmyM3mc5HmNxRYAAAAAACxB5ADPjDkgNEiOJ+FMQODIJWm2zgQAAAAAACx7zAGhQXI8CWcCAkcuSXAmAAAAAADAgDkgNEiOJ+FMQODIJQnOBAAAAAAAGDAHhAbJ8SScCQgcuSTBmQAAAAAAAAPmgNAgOZ6EMwGBI5ckOBMAAAAAAGDAHBAaJMeTcCYgcOSSBGcCAAAAAAAMmANCg+R4Es4EBI5ckuBMAAAAAACAAXNAaJAcT8KZgMCRSxKcCQAAAAAAMGAOCA2S40k4ExA4ckmCMwEAAAAAAAbMAaFBcjwJZwICRy5JcCYAAAAAAMCAOSA0SI4nF86ZNI82Q8tMcklaYGeSkpjb2Nk/ONDfWFpDo/F5Ns+k0m5FcZRn5toe9A8+aG9X3JSNFJ9aTn8np1me3QnWdkrstMXvKakfZSnJaYW3xSKulaQkFPLB5DN3+Ow0bC9libTM+D0XRN7FT/vZY/FHm/hwSkJJvaI8HO23pubyHec7NTrQm5yYu1s9jGI3y45abXS4umuq1SPAD0L+nlx26Ab6yypb6DjvPlzDJrHjvDxJ3i8dvdTCE236hGlbSkYuHyxOy62+0zs40Hu7pkQtfoooP+pwCf3NSciNT7SK/DnX6JirxfLoVfXYqicDzJn4PUXq8eytbVfUgatZNWrpHZ1Sprvj95fwqVTa1ey2HHam3O1NF9IqHTRen5fLizplX7TsTjxmreuijSxv6uelqPoo32ytFMXvP8avR74vWQnq1NEpKni8fCp6IVSmbyXnN/HLeVBb/KKEzt2X7My2N9UUX3PQTalevWvRnTy/2U3n8cRN7R7FHzP8pjepDrP0m+Vahkk3nXGekx8u9dkxxW+AXhfhqG334SrK1ni2iNaiJtnoEs65xnN1s6O3CNBu151N8WmX7ea7t+KOTzzWq+6vdX+uXX380cMufl+5Nv+1kviMwmJWKGzs7/Qt7Q7feWtQXZp+g2I3f37Y5ceHCnvC3jxTKJ6w/ClDC0xJ0+6QCitvVv6YFgukcyGmzhz1djp1u/wcPynq9csuW1awpyfoZOklXBSJ0Yfez271sICFxhwQGiTHk3AmUOCSS9KCOpNrJdXjXgkmZ9Ji1aNAQXwa8zCMayX14t5ku7A7kQWOtITdBbd4WlriORFZige5ot/dWAYp7lzs0A6m1dgKtKOhPzMYiQknywc8O0XcPnOMP4208YF69qxSn0YCOeam45xzbUIaXXbYLtgVt3z0EpO0BxtZ32LtudstF5KyQyzRlzMpLLZ37z7OypgWFKrIRRfMHe6uJWziUOvni+NQzxp3Jgx+IijEkfIsUuhWZvdO8dps52W6v4m7maK6Yj7gw5k8uKxGpYudHM1J6ug3JboM+Xk07AW/6aWVM7fJ6K4RGcQZ58gXYHym51bntcbpWznXmP+hS1hc9YvKmSjqWaZNMty9aVQuKvwhSLtMt3qeQg+72jZ+cNRj+OCyfO9izkS+oKRnAX98CFhO/QkrnElx29Uyp5Yh+WyX5kyMV+js4LdTRemnU68YnIlKdXauepv1KhLys3tJFPjlhzkgNEiOJ+FMoMAll6SFdCaGu63iw5m4Kc+hs153QHHf9Jp9oJ7bDFpCcuI5LWeezZ8zmeyOT7ssEhc5dMtmj2fbBf4OVXYmWQm51htezkRpONco7Wb1USs7UN7OpD7Paq1pd2hvlN3xiVZ7QK++lgRawCcdvaL9uVlXmBlLSyzRYxRP7MtGjjMb49uZdNMwCwjgTOYPVpvaLbtlz9kRATpHPfKaM3E0l1tvsLmWhDPJ2ZMbn3pBvp/Km82v3zT9bqb4dybKaHxioX45L168X4joN6Xpid2J0vt+D25+09u9v0pLmKEzUd9ScbzX2O/xP/aaE23uRehMaIOLHxjv3obyvFu9F7Fdbq+qVd/usWHt4PBjOMrv8Dy/H2fCHx8C386ke4IMCRucvkULD6Izsdeco1Ov+HIm9uJC9QHty5moz25D8AAWBnNAaJAcT8KZQIFLLkmLzJloFGdby/V3Nk90Jo7yk+wNW3vVbemxZHYm3m9eFzvxCblc/B3qzJ0J7WbyGfX55O1MVNyT3U2iSdtD5y35OC8nzEdPcV5OSzipKF0n2kRJmIUzoSd0SjF77QpnMo9M9dtKi3jrrBk6k92JRTxxSTgTjr3uAq+CU+TNpnBcL7R6fYF/Z8Lgl/NibuXi05nQneq2ts1eYSjdycWVqyUF0ZmoLVoXlTNhe5p0zKEeCsPd+7HOhP4euswfdt7OhOO2puZSeZizM1GsSXQ/nKg9yjYjiM4kfn85P/WzciZL69m9zDAHhAbJ8SScCRS45JK0kM6EtY3mQbOOuE/RJP5KW6c/paxXyyNac1F0KNf8qkGnerucSD5TY01itzA/zoR1rtADgsVOe5V4CPCbsseZTHfvzrNNenaKvYZKUZvAid3k1eW+nAkjP0m+y3uO8/LB19Gjv5NXzhWr7bvEcy5+jyegSWa+xevgxKsvbjVnolY6nciEM5l39IpNjzOhgNXTOL6tXG1norfmar7ArfUSciYKM1RawRObnZUo2ti4tdfVkjMh2xyffZUPpyUcK5JuolRi5UBzsWErsOomREW/KemGyisMTU66oA92a4+DmTgTe43cNpXWyHtlEKO1Rd5rGY3PrFo8zsTXqH73dl7WO8bQPb+dN2/ju0xugT/sfDkT4hZ/b+XbmeiPD8HjnAndRYuLT8qeZI53PH4TdlSe5K/GzM5kt3an9eFMltKze9lhDggNkuNJOBMocMklaUGdCbv75N5+wPq3tTez21z+ntzdh2smJ0eLD6uPk4GW8vJbg5MTttIicXvyOBOtB/yQ3ANeu2km5LI3SZIzMfeAV2f3ehgsWvj7ew6FZYP6M2NyqD9rv1cP+MGBruTE3MR8dhA8j7rmC+zoefeAL65rH52coPwsHB9oaR/oHx3olY/zssHn0WMj07Z41X4IZ1Ks9oCfHOq9XXOBPyDpwcn6KI9OtNeV8MhAOBNltCk+Ec5knui3dfZPjvb3NteklPHDLdVo8R7woxN0prx7wCssZFFPRP1S6AFfyz63MDrY2bQ7v4WnCGcSn1k/qGfbrQfonsoiZ31aYm47nzfPxsple5PaPZpdzo3enfcWF6M27esFnbfq2/pFiEx3fl6bIfeAl6NPreuItzPRemCLHvDT7Ibmuwf8JOtUnaj1WvQEu1lJnkv46fIYZ6LfvbUe8KOTk0PWVK0HvHbPuVbCH3ZezqS9id/ha/OPUXlgfsPUA15+fAge60yU7vgEq9XGWvxqD9kg9IDXeuorBmcyNVp98qS48M094BWPbwELjTkgNEiOJ+FMoMAll6QFdiYAAAAAAGDxYw4IDZLjSTgTKHDJJQnOBAAAAAAAGDAHhAbJ8SScCRS45JIEZwIAAAAAAAyYA0KD5HgSzgQKXHJJgjMBAAAAAAAGzAGhQXI8CWcCBS65JMGZAAAAAAAAA+aA0CA5nlzMzqToF0cumBKhRSS5JMGZAAAAAAAAA+aA0CA5nlxEziTxlxbL+znmdIM2Wf5oToSeiuSSBGcCAAAAAAAMmANCg+R4cuk5EwucyaKRXJLgTAAAAAAAgAFzQGiQHE8uZmeSE5XBWnNZQn9W1VVbe71wy5Hipu5ai2VTLY12N5mXAC2w5JIEZwIAAAAAAAyYA0KD5HhyaTiTJikb6kwWj+SSBGcCAAAAAAAMmANCg+R4cgk4k28+j7L8KGrTvgyeDmeyeCSXJDgTAAAAAABgwBwQGiTHk0vAmWgaqrWEbmqGM1lMkksSnAkAAAAAADBgDggNkuPJpeNMmCf5hfp3i3le6KlILklwJgAAAAAAwIA5IDRIjicXmTPR+WNJs3Amv1j3HEv60U+K+1m2ooxNNPZc7H7zEqAFllyS4EwAAAAAAIABc0BokBxPLiJnAi05ySVpJs4EgiAIgiAIgmTJ8SScCRS45JIEZwJBEARBEATNVnI8CWcCBS65JMGZQBAEQRAEQbOVHE/CmUCBSy5JM3EmxjIBAAAAAACWNeaA0CA5noQzgQKXXJLgTAAAAAAAgAFzQGiQHE/CmUCBSy5JcCYAAAAAAMCAOSA0SI4n4UygwCWXJDgTAAAAAABgwBwQGiTHk3AmUOCSSxKcCQAAAAAAMGAOCA2S40k4EyhwySUJzgQAAAAAABgwB4QGyfEknAkUuOSSBGcCAAAAAAAMmANCg+R4Es4EClxySYIzAQAAAAAABswBoUFyPLlwzgQsP+SSBGcCAAAAAAAMmANCg+R4Es4EBI5ckuBMAAAAAACAAXNAaJAcT8KZgMCRSxKcCQAAAAAAMGAOCA2S40k4ExA4ckmCMwEAAAAAAAbMAaFBcjwJZwICRy5JcCYAAAAAAMCAOSA0SI4n4UxA4MglCc4EAAAAAAAYMAeEBsnxJJwJCBy5JMGZAAAAAGBeaesevtHWv5xEe2TcyWWHOSA0SI4n4UxA4Mgl6ek7k45si8XC/rfGWCJ3XRo3Tn86XHxW6TKmLQM6DkdXGNOChuWNbGMSmB8qPmaXDAAALAmWaxC/XPdLYA4IDZLjSTgTEDhySVp4Z2LhRGVo47ozUXoqkqy2EWPOaD5MoRgxf1G1N61KybNKyU+esjmpjNtpLS09XxobacluM04MjFk4k47s2H1s7Tujw+Iq5dPyWGbkTDqy4yqNafNBtMUir4hGt59yOlsbsj+Itmwu5ImW6BSeEmax0B4Wxlp2Hi7tsZVmbAlPusoyRIZaKlqdlGIJjfEsS1HCQo1FsefMzjBaysfeyW162SbcHZawaJvd2drSIWeJi7BYXoujzdBWMX6JUvLqWvM+jTKc9GhLeFyliwZ6ziexiyEsPHLjdhrdGmrJPtXQWpe3KzosT1p2T35s9AfZTrst3GIJ/6KBUvJiLHm2ntbKjK0RFpaxNSOumi1wUdDbcr7kPCkkZC0fMGYw0ZK81pASGhJyhua17t32izVsfOxMlSHH4mBN/tD/TO9PapwwTvAmYt0Gaaw7IrFWGl0y2DPXz+osDJ/aFLIq9MyVtsvW+JBXs3hiSEhoyz37ptCQx4WBoatWh7yrrcdhfXPdu1mOey3n920K/azRK5/bEbJ69Y5yr7S2zPWrV4UYNjLkZ3sdty9nvbtudYi60s6stS+GyBnWrAoNXeOVEhAjYdKdqvVUUuxrlBCWd93rluuyV0S+YLGEhkVu3KWltBbt3EhXdlhFj5xRyX5DfWyynNv5ta2OshuFhpPuc173xoXhRlu/MWlZsFz3S2AOCA2S40k4ExA4cklacGfSQffJ8M10b4zUE6TozZun5kxu7VCdybPKt1bjpIWkMi6bB5ojRTyynDuzciba08vdSqG80zDVF4vcmYhRi0WzGWKDOw5Fp7RQLK/H9W6b6jGclreLeELR2xbPEWjLyD4c530YKbwIz44xOpOMNyxxetlu+CK8wtdBpKChSA1C+Cpa06P0MGLEEpsnZXSRmW9Vh+gCyn7H0mO7lJfOcrrGdXfhbvAqJ24tZrElR1pC42ggXFx0dbvY/tIyY/N8bdTTJCRkvTHpMez9sSEutIdsKpDHXWe2zSomXhjIlvxFaj8XDRsnS5AzSb0uxlaKM6Hz5hrThtaErGH/jZ1fm8zKq2LbG39FzyXRuC96U36VcCZkP8SkkFU7xDCx91erC8qzDM5kfcj6rMwdRmeyXjNFbQfX77UxZ7Jjx9rLbjHdFfLuhztWzdWZFL0XKTmTHktYNH85Qte4nM389iEm1BK+JYPljGCXtoCcidPpLD2flxQbGXOYZbW8HBUV6nnCOq2xlojwhbkJyyzXCH657pfAHBAaJMeTcCYgcOSStMDOhAVelu1F48x1NPC7vO5MVO8RrcXiKo9xJi41ncNu39tDPeMuUSejQlNL3/GMqm+IO9hbpchIkehZYZnqRnyq/Wm8WhbORESc7oYMa4OztSJjS3gpa/bmsoRGtTqdPbYi/sZdNh4iJo5hT7XSUmsSzxAeGUmz0BK0hT8opCec024rMryk91gIp+ZMxi+xt/u0tlNJlhgW03fkxkR/kF10/lJeMls4D/RHKuNicjuYBX0trsjW01pXlMcDao7BmTxpmQHj15nEagPCSnVkx+bLIXqH5dNLVOh2XhQJ2XHV2qDljQw6NWaDx8qV7ExaUjLa9LNQGSdW6k1FtBo9MNRVUD6REi079sq4DO3sOGkDfLfmGinyLE2CfBd3Jlv1AIVS1PKjbJdWt0iQnUnjZ6EfHm9pq9obyoJOe9arIQU2e9uVM19TmOoa3hYS4nA4hj2XpitkjVcY2pi87oyDQcPrV4Wct9mrMnesW8Xfu1ftOJi1I/MMr5wJCQltczjstgLxkn6eSGqcIEOSZpscmXrEzYmfmpOI19M2eapNdGdyvzL1nW1kWo43j7HE3VqxfnvdhgE+5K7dZO3W53r6eJzJlc+/vtJGZzPkD2qFWGdW6POh7KTs2xQa4jvE54VB9jZ0guxSBgm7x5lIhKz6kP0lYnTX2unlTFqS17bRk6j8sc6E8r+Z76C/WZ0O2nJe3BzW6BYqQo/Z7Jnibq1wGu9UHLrA2T00N8YSqr9N0OhQbzKXxGVL17L81oruQmKYPx9p8RV1u7S3GooSaYnNq1ug10MyyzWCX677JTAHhAbJ8SScCQgcuSQtsDOJ1CMhshPhCeod9QnOxAvvcJBVv3SwN8HkNLZmVGpzajk7jF6CBY4sElWdiWp4nPmxFsNTYcxm9CSkuzNqyxR8WDjLiIw1x+gVtNnMh+jv8GiY/J4vZ3Ip+pDnmFIGvfqDP+GUOOl1Go9fNdTzQoRF7+QJ8jOPhlUTqPlGDh3eyFBL5Kd8E1rJcpTajWfB4EyeuMyAMTsTjRdixDZxZ9J6Pi4qlLXm0hipiIvQRunRTi6ObFskf8vobkiK0JyGd1FkyM6k4YtwZmD0s8DKdnhURmWr06632uJ4HQ3mUuTNFt6STVMjFY7LXhFGl8/GnXlXtXPJi0nMF1oNjzcjloi4Cn33wljOqKTr2jFgGzaTmq4FRDgTe/Z6HlYS21gI2LL3xZDznZ4S5SMudNnXrg5Z82p8wW3mPqSItmrdQd12u6vUF/DSK/aqD7PuaYOmepgg8z/TmRvhw9ycUIp3Fg8R6/Yo7jsRW3lIzZ3JWMTv8rrUq/749g1TLM/2I6xkjL2aevSjMlbX0GXdXuN5tf/0MdeZhISoBpJH/Cq+8oSEPL+en+yqd0OEG6F5ffgPhtmZDFe9G1plbv4lOxN343peMB7jTNpKPtSsLHMmyo5VIdFWts1rQ6KZuTWXwNnj05mE8zoTV09Dtee9zkhradxrloZx7a2HxtUk+aHp5UzU2lfmTOhvuNoMbLx0e7HL+HpoQViuEfxy3S+BOSA0SI4n4UxA4MglaYGdCYVFajMS1nZFi4Of4EyinSpFatWHGve5dm32xJmUvWgL8ybE9sPM6myN0CZlq3FbT2W2J7/HmairVkN/4z26wuBMXvWevIBUxqVcdzpb86IO6A8ntzM2Wqvtoc2Wo1VeweLDmXg/hKQMmjPxHEp1qVLWbNYxw1khWjSZA2Wv/OzhRydiK2+bRCS9wcLgjFNyjYlxe564zIAxOxN1d5yl1qSwjVorKW2nQ8OiP/MYjZQYC6+9UViz750sQ1h4z/UUKrfCbzzRmYRbonno4HEmuuNKetmzy8p4kadaxllIG7zdYhEpsdLBoYVLVwZb4C718PJR2q8Gtf2GuUeQ7UCMqAqzpcfEJpfupBlDI3nMp1oms+99mghnQvGoDEsaqKKBvcfVO4hPZ0K4XTt+tjokJFSR412v1+Q8hK1an6mFu5TNuKJ5g9eTPG7UAHMmivKqVm3CnUn9lkKtPqTt8LZ6Rflo3Ya3Tw8p7to/VU9FfFxGFqXkY+ZYFg+eszDQsu7Ha9RjrDkTcVLMzsThcJy3fh7y/IcKr9bQ08kwCJfijdGZNCaTs/XUv3mQ1tv4WSirMFF8ORPOqjXrP9FqeMiZXP5kTciLe9lUVgMzb85kpCLc0GPN8PZBVKcrxjsqdyaukZ6Gw1u11lyqM4lWrY6reDtrqgBnEjyW1H65hidnHc6ZA0KD5HhyETmT4rTc5P3HbFKKNSk3Pq1GSgCLC7kkLagzqdulxYI6LDx6kjPhw6I1F4v/+Osfvc6E47zKliNu53RfVhfL8vD83nUmj3cm13/l5Uwu7PeevIDoj5+4cPVAiRdphD2PNrsnN8ZPncl2Hra6Kwx1JnoGH3UmXuhPLxET58V4Bcrm+g12eEeKthsWSN7mnVLPqPdD8YnLDBizMxGjWr0H32BvMmIsraZqHkVtE+gUTkbHEDt4nIle2SVwndku6qMqPtDOpopTmBnKU+hUCjd77I3cAMzLhaqj9LchIVytdvRg8HWth2IypP0RJpO1A1TXsqjrTJhh8GqdpTFwnjeq8RMX8kjXf52JcCYUlabf1QbnG97JhA+n2Sb9dzXhzkSZqI94p3hAGWPOxF7wUcnQwICmKbWGJOL1tKaU3wywBl2/UW4f/eU69qZ88cDPQuNna0LWxPOUmTgTTtZ69RRfjSdXoNKyxtCj3YOXM2k7uD79tq8rWfFar8ePqsjb4GnNxVGdCa+4Gy7ZpnY4mR9n4mq1xOifh/HBCHuVIN9FK+PyJK+WrfYzcTpHxM5zZ0K3F3pAxFqiWBKcSfBYKvvVdLEy/ThT3aBxkn/MAaFBcjy5uJxJSumt+KNNesLE7oJb3JmMdl7NzyyMT8hNyVendtekJBQ2njlJKTk1XcELeMHskEvSQjqTXewjQdqnRRQ1ztt+htUsW2bjTNh7aw02oL5l96CGtgIWx4uRmI1RM3Im5aohqTmolHJz8pL35AVE6mfCe3psVz8VVZq+NVzvwmgJZZ1GPB+PUjuNUJ4Ga1xUuBZ/x4Ra8qptpadYAGp2JsqDUkvkVpu9teF8aXTCJW0imy71M4lIYm/a3B2Uk63tfIbWJ+RwTPRneZdsPUWHdyqeQJ81H1KUS6zLppNtidrtREf/5Jcq2xOXGTD0vBcrcnrVmeyyhG3leQxBeXaMJaNYbBtzU63sw1yX8j6Ljjkgv3vx1JlQaRQfB5DrTASiUoj2a2t6RWtdntZjtTqOfyIsSXybi9tOtcEY/zYX/z4YhwILvf1GRzTrNGuJ1FtzRW3eRQe6ta4o4/eR24udrB+thX1bTF2j1+7QBcM/NcZ6GalLY/1MJOO6GJD7mbTsW7fuk6/ttqoPN26jQDD+1R1tDsdl64frs1ksVrAppOC2w94rslft2Pf1+ZLzn8eE8joTpenz9cmX7Q4HszGhrI8KzSv6mXicCf+oV1WL/fblvVt9vWUPKqL7u/8KE0U4E0Wp2f2biJcStNZc0XtqRqVM7trPX9qwad1HiupSUj/esNg6ynPX4SrZRqE/nb69rFOJP2dS9cnaNz/KYif61N6Q0G08UXybizf/etOHJfA4k7bM9W/uYz2IxEfemO14TD8TDXOdiW9noii9X4eErFWHgu9MMmIsokaX4d2aS0V1JnTvikppVV9LpURpdxiO3JqLw50JG4iKibWqdys4k+CxVPbrdvW33JnYZvnDDOaA0CA5nlxszqQ7PvGcNu68XNSucGfiqDyXll8zONCbnJjLJjFnYk3Ovzz4oJ3ZlbJF1EtvRSGXpIV0JswrSN8OYu2IKOCepTOhWDYs1BIWEbPrYk+U6kx2btQaOG1PZ4F1zMvhamP6sIxa9m2iog+ieX6lNWNGzoTcSEUCG3jYozRsZqNPC6nKno7czosjI9fZsYp6O7vB2cE3u+e8Wg0V6vl25Hb20UlL+MZdhZu1R5TLXkpHwPICe1vmw5koSt4HMXwhGZVSL3Dp6RWlx6+ln6k5X4jq0epqXOo3Li1hr7G3+yLQ3xluGVE62GcuaVKkp18HQ+++osLOgv9lBozcSq3Cq59JZIO+lwZn4t2wjR09MnXq9zd3ytkYmjPpyYvxfLPLvzMhYiLCaGna2jvyIpPVa2HElv02HWCt8SFPYSX2Ne83385CLapQ4XUmnGx++sLCozfzdlkusl5FD9Tt8d6dket5rCR4clK5iuStKxcP3t/mcr35U9b+582PKKy0n3k3mobXPB+tlaje8zQa73HT9rXPs8zrNn7O+5koyvDa1SwoZRZkoHHNqpDVlugdVv7S3cuZDF/9Ws0YEr2VtdWZV2bzbS7NmSijlX96XbMcH0VviHjj05aejuNH1NuU2nwr4ndq2H336Kuvb+C9TRYPuusYbsxk5mRbZuN6v87EcSVrxy/WUs7VlnUtWqd+xVEWz84Ob1jFCskaPbvA40yyvFrnMfOwflVIaIJe2TJHZ6K4eIOu4DsTd4flha3i5YjtgXLpU+3KNb19UGLFt7lCve6TfpxJuMXCv3sBZyJz78LVe8a0WbBo98vItMP2be2hM/XG9CdhDggNkuPJRedM6vNy1ZcZXUX7mQkxtOaylxayhwBzJqpFIZov7E54qp9kXcHIJWkhnQkAy4qrSeFRKcbEeSNK/z2ToMEClKAuEABvzpecD53zp3VNOLad4c4TLBn8RfA9rfvb9eGJjrfr2dfq/mvvjQuP/WrdE3C133whu9kxOGw9cfW/+Augx7NSnEmgmANCg+R4ctE5E8V2oYjKlo38xklFdyYPe23FeaztFsnoTORhsLDIJQnOBIAlQcfhGEtQjVDhZumLZADMA3JFB1jJ+I3gB589rbWgcdVdD9iQaEx379pfp9/Z3HcvNJ7ws+YV5Uymx4ZHZ/0qyhwQGiTHk4vPmZAbSbqQlWi12libDNWZ9McfusxbhTbmm5wJ6kyeHnJJgjMBAAAAwPzhP4L/tV6z8XZyHR9Ynfznb9UBR/X1/TcHHNebX9nL8tDoTTV9176Gt+uYiVmddpOncG4WN6w+JHfOca/+Wq2Ruf7ntw9ffe/b3pFJFqO+t6/u7tiUa8z5X3vrNGcy3f2Ctd011rs68zZPOJJZ99PDzY5Bf80j/e/X4mFl9oBnzqTsUG7y2S6eyOtM4hOsWeXt7c2Xd++xCmeSmF2FfiZPF7kkwZkAAAAAYP7wH8GT37gyTf8Pry7QYkjhTF5P1r4EQnnUlG7NkBR0PbuvmUbfu+718z3fFtSt/sbrqx6rM1Wjcv3P56TaGLEicjLcmdCMPGXXPm2AnAkf8IP//Vo8dNbWcGdymx3nWWAOCA2S48nF6Ewma4tYgy4V7kzq80/uTsyN33Py4Y0S4UzqT7L2Xda6XgS8Twu5JMGZAAAAAGD+eEIEP9i2q8Wt/VURzmR1cp2QmuJWm345yZ/s2tegdLee8K4E8FNnwheo4hTORG/NNUA+RKyIT1pOzkSZHrh5+crhEumDjzPDHBAaJMeTi8iZzAL0LVkcyCUJzgQAAAAA88cTI/jVac27vvY4AeFMRA2G4PXk60cuXHeonVKO6BUdHkz9TM7x1lhezoStjg9Ys7XWXKydmHd9wrJyJoFiDggNkuNJOBMQOHJJgjMBAIAVQukh6ecywNJnvHiLY5a/UPFUeGIEf+7rutWsdZaGcCbkLmIzWD3Gs6nad5+vn25YrTXxGl6dfF3L5c2Rgkaa5ZWjzRfuT2lJ3s7E1dXGqkf2Now0/ln0gLdqc2lVLsvKmYy2nTtdmX5cPgYzwhwQGiTHk0vTmYDFgVySFtiZXC85kXIgJyX92PCMGju6eysLTvDfuJseai5j8564dIdPGu66mpqWk3LwhN49zX3Weoxn4Cn2+nK2roMF+ZV8FuVakbr2tLw+frOa6uUp2UX6p+6netkyRQZFESvV1jJ2h6/0dJPnB968tnP+yabtWah1LV3o7Odm5dG5q74r/y6dcv1kjnzmwNIikNN3v3rpXi/1x/Mq73snjdlOHPQ+CGO2lKPVcoIfzh7MMSYtTVJzFtcPSgbKyO0fre7Sz17Hj1bf1uWV6/GMn9nStyycyRJlqezXiusBD5YccklaUGfSWlbaqbUizTzw5Fd3F47mZFdqUUXmgRzrVRZijl09XT1ARqWv9wH//p07Ja2E/T/dx+dqKznGUyZ1d9F/6UTtEFv72bva2lMPHON/tZRbtGEsA08XGZSuSrHSlAMnaCAl7TTPQCm1+q+AydsZTO7Xpn5T2dfemHJQ3UEdOJOZILzl2UyvUEwPbSfq85dJiLaiCKIzyT5wLPXcLc/4rbLUtLzsSu396bWCHLK1k/pEuuhyzzdea2o8kU1Xn5fXnT/yD+XculpicCap6SWVZQXiIIxdP0spM3cmT4ULOXQwC7x3ZPT6yTzvzR5NSZv9yV3SjF6//cqWu5IzafvR691a94flxlKJ4GfLUtmvFfcb8GDJIZekhXQmvZWeBypFGJqTeByd5RfYr4LbeFRBzzB93nspRZ46XzaJOxOd3vIC7xR3R9mx69OKMlSXe4kvg8zMWfrPmpbDU2iWaxMsA6XIGaQw6F7lUTYp5bheuyI2w3s7g0fzaW1j2OZJAZTHmZQezemdVk4cyDndouRm5qRkMteUn8kiKlFNBC5k+3Amw0N3SrNzhof6h13u/toTKQfy7EP9p7PY8WSnkmxwfuWwo52MaGZ2WXVrV/O5gnwqIhPNpw/mNN/r72iuvT7Hj+4DE2pJdmUfZJWWdt1Ytl0qofKcadV+tVu/JN39V8+SQ2C3lGG1GvNATmmL9nvqZ63HvGpTdWfCrxdB9oGCXLpS2JXPsB7IO32rUTgTugNcG7uVeVGLE+XXAdK9aP6xeTkTstNjXjfS0dTjjWPqJnkyqaYrt6h2+J7tbE5Oc/3Za+291QV5F9RdoYOsqEs4eCjPerGR8pBnkOcNPmNX6WwanEl+OnvTJG82pcgPCBWbdmc7kFN5d3TsbjW/s/HTyucVBSA1i705Woq0Sc7k9to4/kMLBhx/Wn3vnS0j/fcGCt7rOHOlq+DKUPWeu2tXuxRl5OjrbJauI7ScO+/sH++/e0erb7l3+9dx4/2O7sT3ehbB02CpRPCzZbnul8AcEBokx5NwJiBw5JK0kM5kkld3qJw1NEgwUZrFA0oe8U9IlqA/5aRkAqZveb34VJcsp9yqPJ2q1c+46cHW5xpqqzx9Wn3rSU81npKapmWglOwSm55Bfq3eX2tVnUl6mZYwUMc3w3s7g8f96mw1hmBQdCI9r7QgafpeyiFmwFgYXVbJgo/jefUt5RRGDw91pYh5Vzz62dfQQ1vNahL5aTnZ5fzrLLVqnMqcSYcawp5Oz9EdSB8rgeykzHMYt4Khw556KI8KcEd9Sap2jU+kpB0j03g2J6+S+X/t9I3ZSlKlCLvD0e+JsNWaRrocmivPagvhzkS/XgR0KumiTinQbiwpWZV2xaY7ky5Kn6Q7RqbmiCRn0pdirVu4XyD3diYp6eyNiYjgx66evq7G6SZnwgwMY6BWmzR9K1Mt5MKZ5F7SXg2d0N+AzCvezsRsqFiK2ZnwO5t4R8DvbNxMCmfCC8CFb0zN3pYI3s7k2TvrWFMu+0XR94HBnIn+TLu99gU+MFbw6z63lzPhJ50yq/2/vxWLXQws1wh+ue6XwBwQGiTHk3AmIHDkkrSQzoQoVbuCpGadpqBftJSgpy/r/nFAihtay9SKCDbNrzMZTUnzihTbygp4BKPiHh7qr68syUzj70opc96t5uoTR/Osl9j7w7aLJ3gK/VXnGaWU3JJGPYMPZ+K+V8e2P6fsuvPOwbJ203YGD3ZM9F3zbo7CgqTr91LStHeELJ7TnNg9cZQCafSyHDG8Jld8ORO17OliRYs5Ez5J5GHZ1EjIfa+WvcFtxtENPlJJZoGsosadrLZTSzldP8FOX5ut5GCRjQdhlIE11FThJ0ucOzbMY266fKTrRcBM5rRNy9NVqb400ZzJrbN5fL1n07XbVLYoIdle9mbekZwJ3YLEXqvlry9Vv97NzkQfFF7rHr9tCmciOg7LhXz+kJ1JrvYmSN/sgTqeYnYmojyIjaQCwOcSzkQvANoOLjlkZyIYyPhprxTx6maDcftH72lD1e91d3k5E56spSiKfeOztze+Pe71ax9PjeUawS/X/RKYA0KD7t3r5cEkDcCZgMB5is5EUCq3/h9ov9bUeK1J/zUcRTnt6abprzWXvbzgwj3e24TjMhgVjZ7q3Nr+saunddPi5i9cKTNPGb5ekn9tgnUm0WbXMphbc3mYuGq9OmHezqDRWX5QOJPWMvl1IIUdqQfzDpZoNfQUahiCDwXOhDPVZYjYFN/O5Gz9UD9r2UUac/l3JkR/+1WKUG9pL6VB0JBKsuZM5GLMQ1tKSU3LqdcPvjnCloJy/fTdr5avF4Fa/eUmE2JXrYhaDaLF8fl6NUJH2bF6tdKMFptfTyXElpLPPwq0UEjORPQ34xF877cFvMKETVpKzsRoqMhx8RSzMxHlwY8z0XdkWTkT5dZ+u3gXF6gzIbo/ef32z7f0eh6tT43lGsEv1/0SmANCs66r0ACcCQicp+9Mpu+lHPX3ZRXVqHCV555v7BhQcg094BUX2RKpeoSlmF+LanSWkzNpLsoRtxDeKzrl61otZfpO6rlblIFS5AzKQK2hB7yG+nmcSV/bGTxunU33hEfmfias84wal8CZ+OTC0ZwUX1/vMTsTCkP1tkOcJzgTFWNnJzB3zM6k71sfdSa9ag8xntMcYYveWYpcZyJdLwK9YV5X6tlbeitNHgr3pWSV6Nd1bUpWpZpZa81Fa1nQK8vjTCbE3ab65LHqpsbOFnHzaUzJPHutxdP+ZzE7E1qdVy3l0fNeowfkw7tynUnfJ886pYdbwM5EUee9HXtESng6LNcIfrnul8AcEPoRnAkInKfoTNiz52BBbon0OugJiLqI0bZKsgda327D440Hmt4pE7nZ7KOxqYdOnKjUFnEih6WkpOVdU7/rNXa3lqeI/rWUwr8azDMQYqX8M8fV7CMz7CPCpq8eB7vORGGNHLRvc3k7LhEk8fgDzsQH91lnWSH51HiOzNgdmpRb28ta/d1hbbRS0vOuq016HutMJm5dsLK+SanZj/HAYA6YnYn6LQr2cQLWi0DqZ8K+anQ8j5yGjwh7zJaSXVbf3nvrkt5ZRW8MKVenqKNanWTugRzeO5yHwuxFgHR1n1ZfEHj1MzlYJmeYX7z7mXBMdQtLq85ESvTebNN+rTRn4rr7+rPsk8E/ebbPqy1AYM7kHu+y0nlG/yTlU2W5RvDLdb8E5oDQj+BMQOA8RWcCZsVp1TgJm8QRQVJvecGFHjecCVge+HImSl9TmfzuQDKWjbzPtDnCrizw/W0ufr3o2T3OpD4/x66lsVCYWxGB/eKxaxOyM2FfMNc+mQBmDJzJCqete+E+G7GQLNf9EpgDQj+CMwGBA2cCAAAAgAWDgvgbbf3LScvelihwJmDBgDMBAAAAAAB+MAeEfgRnAgIHzgQAAAAAAPjBHBD6EZwJCBw4EwAAAAAA4AdzQOhHcCYgcOBMAAAAAACAH8wBoR/BmYDAgTMBAAAAAAB+MAeEfgRnAgIHzgQAAAAAAPjBHBD6EZwJCBw4EwAAAAAA4AdzQOhHcCYgcOBMAAAAAACAH8wBoR/BmYDAgTMBAAAAAAB+MAeEfgRnAgIHzgQAAAAAAPjBHBD6EZwJCBw4EwAAAAAA4AdzQOhHcCYgcOBMAAAAAACAH8wBoR/BmYDAgTMBAAAAAAB+MAeEfgRnAgJnts5kHAAAAAAArCjMAeHjBWcCAme2zsQ4PwAAAAAAWNaYA0I/gjMBgQNnAgAAAAAA/GAOCP0IzgQEDpwJAAAAAADwgzkg9CM4ExA4cCYAAAAAAMAP5oDQj+BMQODAmQAAAAAAAD+YA0I/CoIzaWxqH5w2JoKVAJwJAAAAAADwgzkg9KO5OpPBhpL4hNz4/ReME8AKAM4EAAAAAAD4wRwQ+tGcnInt+DFmS7gST9pLC2kgpbTbmA8sU+BMAAAAAACAH8wBoR8F6kxG7xRl6J7EWwE6k+4amjet3CGnJSfk5lyTE2ZKfEKhMQnMA3AmAAAAAADAD+aA0I8CdCbWL42GZO7OZHdSbvyhy3JafCKcyaIGzgQAAAAAAPjBHBD6USDOJDnR40OSj7ewpKEmjzlJK785apzlyXTX5NQ2ZSXmioTJK+fKbDUL7EzKMz0bAJ7I03UmsRZGVHqrccIMoBmzO4yJgo7D0RZLNB+u+DjcYglXKuNolujDj58HLFOoKMRVeo1ywl+O6XFriVpKdOwuawMbdztjXwuzWMLCN+7kGVpPJalZwvKuj/CUket5lCN84y5tERouffEWy8cVWhotLZoKoaVHHXO2FIWFWsIiYrQFCZyXMjZHUTaxCkphOd/YKedSWPGOsUQk8eGKjy2eCa6emIgwS2hY1GZtqphg3qoG664wNYG2Ki/GYtyYRU/VuyF2Y9qT6MzaUW5MI0JC1ntGrsRvK3FJk0LOj3kmKo4CSvG5EPBE7Jnrq4xpT8DVWbVmdUjImnUO/VJtzNxGp2Dd1iyvfAKXneVfvSb6k/Ne6WNnQnT46WNL0ZEzUrlSWf2htXFYXen6kJC9apSk02iYBYCVgDkg9KNZOxNDDYlIz/JOrx+X5pkJ3aoJab5gtalXs/NyGi38Wgl3JrwHS23zLWtqbrFdzXCtpKi00Fp6tb6djeXsyc0pvVpbXnVTXVh8gjUxu+r2nZbdtDFHm9S0rrSTl2ubu6pPnuS1OsVpufFfWtlcdZfjE46xLFOjtBeDA/2Dk7QKR/yeosbmW8X5J9XZgQ+eqjPpoKgofDPZk0jjlDnjcSZXWUDZQcVBdSbbz3hiDrBCMDsTMWqxxGgDb2TzgY5D0SkUhfToDtZt46F8j15wkl5mTqBws8XydpGaMGLZLL9G6TC434Yvwi0RcZ5xd0+HXVuWJVRKZ6Pbi1R/UPS2xUleKD2KUtQpI5bYPCmjyxKVwd08XUDZ71h6bJfy0lnOEbu+6pEi783wsVUVTjnBRavwSlj0zJMz2bYqZE1I9Ne9+qRV20J+9bVoo7z3xZD1QXUmpzrezmqNutF/wjjBm4h1G5h+/tuKninjtCfx+boNxqSnxOydybD97jAf0s6Ro2DTcTWl9+ttvm7ma0LWakNX4vfapAl307M6pVFFWSfbUQlRrtoO0qlmS1tP53xNvMhw/g8hO1YF35ns3BiuvgoxvOlgFL0XKV7DuewVkS9YLKFhkcac7HlKRG7cnnFefQdCjzztBqLBXwXKKQDMHHNA6EezdiYpibnxUp3JTf17wcwDcKlTvfqLzATuTJSu+Dx2P3CUn4xPuiCcSVpibkqx2khs+pbmNK6VxO8p0Wd2xyd6VZLQBvBqm5snj8Un8AhA4IhPY23GmDPRq1YO6RYrx+O1bAE2S1tJPE1n0pphYTGiTbtXdmRTyBiTy26p7Pb5hnordlfwqRlvx0RGsDe8u/g9V6oziY0OZxNeiCxq9bz21ZzJSEVchEWLC1VnEnexh3KHRWjxqOJsjXmZvcyO+ayUh540W6FzJOoFtgnbD8tPNrBU8etMtOe0cCZUDmPzvUJ0zySVio8tVO6oMIls4ZZYebq8LmJ7qCXW6jvmF9V6Kj2eOpaLOwudrB5DpFjkVYyX6gvssHxQ4VVn4qHDszSGj63yGmer0O3OImBHSMiHVa5oy+qQ1Wva9Piz0UrJIes2fs5HRQTpOLNtR/kwRb32gcY1q9jr7r1VWjj7+cZ1lLLaEq2N685k76shbfo7eMXbmZAViafwdp/2kpxsCI2JV+ZrQ6KD6EzIlmTeeomLho2TJSLWbauorKw4mRnx0ntWL4/5ZBajM+m9HLomJGTVmkZ+YjqzsjqH161hdSNv7vNtXtbzagqPt6xan+3DmXpOZWfWh1Xsb2hCIxst32FYLp1G7wQNj+PtzOIrJWcSLVWSbAtZsyPodSZXkyJ/n9FjK834fWR2m/ekEZslLEw4k62hluxTDa11ebuiw/K8SkKH5Z2iHtulpNhI7bZWGRflfZlbIsLD4UxAoJgDQj+atTNRtJj+sQowoNecicKqSljf92NF7cx+8ETvVaiG5FoJtyqMgXrDSj2tucjAaMNTOZmFiXvUJaTVKHwvVBfEh/mA5EyU4mxrfFKhndWfAN88RWeSEWWxbKYAjEWHu+pYCnu7zN4it1osW1XTwg0Ge+tTeLjURtbByYyK2tpGcyYUllGGUpfi6rHxujoOdybMXogbsepMLJZwp9PJ/v+Ax20uWq7iVlMs4YrW1Ce8x+nsqVMrW8QSwZLlcc5kpLUo8rNLPFHYj5Ez270C9KtJSVelUeZDWDlJedkSnsBLosfeMDqyw1QLbXkhintdS3hSQ0+F2u5rpycb4W4I/0JbAmO8aOdFfdhZSFu43WIRKbHSKloPRGobrSiRoZaYKB+hhjM/tvCBNK5vVWyy5sBpq3Zp72h38izZb4iL4unDLIj+llqLIFv2bjujhrHutpA/nHfpEWQohaKZLJSjqDfaqr1P46+0z/8hpEW/J2iv0tW4NuvVEN25aHjCWVpLiUu5St5kjT5pR8u+tdrGjJ2nqcFyJjf6T5AhaRk8NzU9wc2Jn5qTiHXay2/r7zZEJNbSQG91JqtFeek3Leo7vNG7Za++wupVtnyplfW9f/jtS+s2vPqHlEMxGxR3097XhT+5E/Fp5axrXoKBuc5EO7mdWSG/+pqnPKYqzBESU8CH6Iy3DLjWrVrtnUGjjYrBF1WNmZtCV4WqCa6WAfYfrXrNGuZaPy/RqizJF7FS9tM3KcUzv7QBw2e2iToTV8k2vRqthVxr0J1JnHSB8zcdltBIfufZuTmbHl6+mi4b3j5Io5VxbN7KuIq6XZ67WUtKXh17/aePAzA7zAGhH83VmRTXNNXWMaXpfeLn6EzKDuU6FHf8/irWSsvjTM5VD/SzdlZM6q10ls6k9qj10Nmrtk6afWiGzoSoLS2JT7TKKUDmKTqTSL3Xx/ZQPchj5iFSsedRmEhRVOSBVtZmxqupDIsC+d3XojoTZmYo5+8z5DyK5kw0tJoU7kzUe3dcKKuTkfPznAp3JtokZlcWS6QG5oDZmWi8ECOag/CT3nqevWX0VL2pdW5eHTBGKsLVItSRG0Neo9XpLE3f6v0a0lVabXO2NhQd3mmJYcu0hEdFRW8lP5y9JVx+x1nxcXiFvOiObGkjK+jSkDdbDlx4pQ3HZa8IC2WeJ++qVC3Tlh1jrBLRtiqa7Im+VRmVrU57g9gqZvK9L4qnCEV+az5TX3XrtoEiy/O6zQgJ2XZmjEWQjeUfhn6kuQzKUKBX9GetZ4GjHD5qzW/ImZS1hayWq6oYwplc/mRNFVtLI1kTLX6l0Jm9O19DwxSeXnazl/dBcSa8woQPkz/xX20inAkZjFdTm9SU37YNDPXeLIvYykL2gdN7Km52Dwx0v/WS6kBGayP+v5SSm91NJ1NeVT1J25FtTfwA3j26V30oLzx+nMmb+drJM+dRVL+RdVcbHr70ITmKTccf26pjNTMg6z5vEhe3isteZbO3XTmzWreyl0vOOxyOrHfXrTb1M2HOZGx43aqQ0HfZtpAzUdxVmu9t2UsWZV6dCTcPFqlW1rczMbXY9OFMlAbRjbMhIdylNkwQMwAwK8wBoR/NyZkY0k/sD4IzUcabklOPlfFrSmrNtVt3ERqyM1Em4hO9eoOYnYlna531fpzJiX3GnVIazkkrAl48PWfSIOJDjprIzACZje1nXMw8WHaSe0lpUVzVqqkIC9/12S6LtzMhKtK3R6kvqeOqPY8ivTVXEdkeuTUXv5Wz18MUhI1fYm29LGF8sXwbWNjqaUIDZ7IcMDsTMSrqIizRKWQe/n/23u2pjTNd+P0T1s13vS/35b5Qlau4WUNV11DFmozJZsxkxmwnS99kTLanSOZbsdeUcSrxFydMWLEdh3iwwnlhFAtLA9gQDjYHG+TIyOZMNBBkMBhhcCyBkcFYHrF7P++hX/UB2iADAvz86i27++2DWnSr+/m9p46oq1cjfimr1K8Kb0pBRrL0DiyT64RHjTpstEcKb5dIEZrtL9fumkBshE+CpXhIsCJy1PEEXL3qeIS25nraeJzXJcoh4k6hNeuJ/eKoRBY7KmImabp+8wnjBAkfeUk20wZ1UTrkVD4gOceaRiyHKlm7LHVEy8yEt/9R5ZCy+UMF+y2sND2GMBPW95nBIlEWOkeaiAtZeQn65phJpT9TmAmrNoEc7SoxeD+TA4dvP6Lzd21XebNWmVSJqJhy5UzJ8ncfxDI/4625ltI/b4f/imKVJ9sNP0f3Kw/us7T5SN2FMBPxJzWaSbj9xIl2pZLLV3Cig0xH7pWIFndqLPv4qYSt1CMZxPDBBZCsy8lT1YsS4wVlCcaq1YiZkIZ8+wt8MiirrJXeTWGyKutoSWco4DOUdFC0ZkIfVhlZX+tauXMz6b2o7IGYCdw60liTBPifNZnWbIS8pkTCzzcczhkDQpP0Kmaiu7LlwPVXeNOiMBPaZYVPKWYiy9EnP905Q7q4uK775tgijTAsjLGlPtrz3mgm/3zQwyt5fjKrM5EXx2CdM/Vwz5o7T5t+2Wq0rTEQFYkyk96zZLysEIdYSis976AiGb8jMdZkOS/allnMJGU7Z+TICOmaojYTnyv/KX365KaphkISZgJESb9A0qfZaCY0J7tqRn7mF5+FZrL3WJeZ6KoLIv7UI+pO50RLyDgKBp66c9VKrIa1+wI3zmmilSO8jDMCWuLUNCWP+Gk5jq4HfMiVvWoPeFB3pTVXV6mrtfEjyXk+i8cioc6MLzTXbFe36LpPeHrzpDgqJYuXvJIfBe/Tn3iMZgLBq9Kaa0TdmgsC0GRqGkYzufVxsmjNxZrl8Ag4Oi6aBilL6UeMFIj2YDSTbCJ6I1je5K3FNstM4mjNNX7xWCM9QNCPlvmFeSVBzqEDhwfvL8yHXzAzUfctEdOsQVd6ToNYtM2wc0QGv/p1Ac0IvtRM4PyeoirCl9oP3uHnNAwn0VhvIlqFydEBWu3GW3MJ2uB6UXVnh/1AjrJPgrE5GTOToMsK2pP8V9LHddPNRM0qJR2r1pnAbUFTlED6mZDiFZFBzSTSlEN2+LOTNOtCM0FkefCmu+QqSd1P9IvMMQaEJulVzGT1FKeZILuQRJnJaSImsaFFJGXUrHzSOIveOlk9CZ0O1bAxRThqM6HSwlmlzoRCxmF9t3QVM/n5SjapmSFk0QkZzWQvAuc0+0JraxtJITqb8z0R4lbXaSn1KFtHZyb2LKn0Ot8EEvHbN46KWd/PcJOe9PtDM76uVKW5IAjDlZA8WZXtbOslrblKjvJ2Xxd5u6/ct6WuZ2w2NbZnmV7qtNYiP12S3s6FbVmXJznaCznObr/zi0x1XxcINUq52ExaM0h1YYbSmis3Xbqi7Lm1rYv0qofgpS92VBkpkjiqoyWd/m4nOyoA4hdr+SrhT0JYxUxIcXjKeDBY8H5K5X0yq0SQJLK8FV7FTOTwraTf5tX6Andcp1izHBEBq6tTZOUjRs7vV0eorHRcmEmyMnzwZpkJILq/s6RfrIK35lr2HjrnJV1Eur75TnOuFoRv9HxzWFdn8l+KmYx/d2w86j1e/1gs2mbYOYq0kAF72ak0N5NwxwlYo62ljSVyf5+thXMaDAYvf3aAVZ68pz2VsP6te8GAr41fJ7dOUQsNVGYdbLs7Pn63yWJJoRsGjl24DPsp+F+whaYObS0zkWcvW5Xhg7fSTCK6BsyE1c0EnlC0OQBH1+2Em4n8rDUnRfKXZJIbBJoJAg+cZm4mHlYBu26MAaFJisdM/vmgx1XTslYKKqN1IXueRJkJsiFAtDbqSOqGy8iW86wxZ/v+4LFRg2Xd+0ziR7PP1w2L5T191nax7lGDeTl6kfVw+kfXZVpJ0nJ3ePb+4Heff0JX+PPs/MJ4f8Mh65/ATOTg9bc+0PQzoSylv3U4IX3fGXf+msw7D20eljdZ9csu59lkKBRyfkk6grGSDmmNfiaZH5zu9Yf83Y2l/5mRc13Vu2wtMwG6T/PaVzST3ctM+F+K5v6P75c2WM+xGitB3w/e8qYeff7LMAaEJikeM0EQBprJrgDNBFFDKl4ybfrcV+DKB7vvTYubQ1debOza14D0d4r1WdsF6bqje/shgiDrgWjJ/PJM+Ld9iYzBjAGhSUIzQeIHzWRXIMzE/mkWaXaWkuqjgaRVynIGZOsbUuq7pGmclb6G5fRN0jcWzMT//UnyRvDUNNHX2uc6CSuIF4THRnlSytJgq6dD9pzMVDGiC4Ige4Rl7//73Zg+E0GQnc2/lsz98cfIH39YTrm4UBdeGbm30fegG1hZCi/GWr+vE2NAaJLQTJD4QTPZFRjrTFgLY9IrhvVa/tnJRoOVaR8emTpGr9JonjdH9pfyrtjRSemj1sgaZqL0YUAQZM/Q89Vbh9/6j82sZ0MQZMuZCTMt+b9K5v6laO5fby0v02Zd2T/pV1w/O7cHPIIw0Ex2BcJMGs9n0xGSJWEmyjBTsTFn7e9yx2CzMjETMhiA+j0YkMPGDzCaibIKgiAIgmw6t9jA3Js1ksSehTbiEloCyTkX8d6Y/5f/JsPxxc0D721mJvc22KXcGBCaJDQTJH7QTHYF3EzG7WkfloZCZJxkNBMEQRBkFxJkg62NzOoXIGr+tWTut92RJ6MLTEv+pfwJ0ZKiuWt0kMD4WZn/6c7diy0bfp2GMSA0SWgmSPygmewKmJmASCidP0JxmAnoh9Kay89ac3V9Ifloiy9/IRlaWbcVgiAIgiAJ4V9pVcn/2bSU/d+Klvz3wqtqyStgDAhNEpoJEj9oJrsCZiaR6zlZX3fO+FpLP0yLx0xgIiXDHwrB5nbWmaQvP/OLxlDAl/F2ZiaaCYIgCILsEGYWZxeed9x68mRpyTkX2YTakhj/fLbx4cONAaFJQjNB4ieBZrJ0320rdtguedjsUL3Ddrmjf3AA0nPtmqsz47EVOujU8nCjs6FrdLSrxe6ehvm5rrqKek84OFFU6Ci6Ngo5sGb/xGz/zYYiuslkm9PV7oUVSE7jMOS4Lzls5c3hhTlXmYPWME9DjmdiNjDstl3ywkfMjpADo8ntKiE7aS533Biegj2UFdPDWBm1lTewfbLD4MSOM356z6b16vOQdbPyuOeq03gW4JJjrQme9yXsrdhI3IjTtwEeeep8+rxdwbC7BS7gCpfSMP9BB8yy5KavS4tOd7PZoRCtBn0xay8js7FNXs5YRQd5FcpuZ7zNueELY0ewCOeLX5+PyFNDpHVetOG7DUPL+kxk9/NP1pprs7QEe8AjO50EmkmVe4rYiGImYAKagP4lRG2VHXU01nz8Q62tuIXl1uiiTx88zmt1OexBLmArwL88/5GnYUSzoV27T89lh62WvC7M5upW8karvHPwXcRLEZqpulBixxkfM64sKTUt60vSzQSJjxuulqFwVHceZSW0ravgj396+UXnhkjMZ6/30lV8cO6WRt0k/ru/uHTfUwMrl1Rv0gMCeSU20UzshdWsCIMz2l5U7BS3o/5acnmI4hK4kKraSCFFnR1CxkUle2sJs76qS338qIaahzTLl+E+w6ZaK8l1vvSzci8Vm+wAGsodzV2jAb+3odLhnSc5tsI6pcSHlBDJj7z2YlKKdOPvziH4mS32uYod7h6yia1YeyffYyyN2coa7KtJCFx+c/o85PUipWTTtAS45/mBmYlvg4MPGwNCk4RmgsRPAs1EZvUkipncsDvsP6w70njQcWMmyiJ+nd6o15rtiEmLyKEPQEGUrQDPv6ou8umwQv+yLC90u1hNCFmhWb1BUaGz2U9KJW1XxeuMp22Nw3AYYp3YYaiOE0ksa5lJeGGs1e4IL8yFI9E5b52t0BlYmIPIaZbEgsRMXDXucHDCVtxQYW/3+KeGr9XWkEsESTCbaia1tpL2UWWkGqIi9bwCFqgpdtRda/fQSJqurISPKxM2V/f2vqRx2lZPPnvWXav97sPiaOEOpnIsWWzCeeRxB6P2El67MjfUDhMNQ4/pMh/bCdl5eKyo2FFU+ZI3028Uoy/ZCjX3Z/KXZ4q1MlHUTL5HNMJ/aw2x4p69yMoEKz0xXp9V2hsXedAsjZLClGJSROKurbYVOytqyRMQThzx1UceuJ7H3Q2wTlU7f9x56uHO5ihzNLj9eO967VmZ7W6/XdKI74BHdio7x0zCU8P9g6MQAlaVO0hp2dqMXnOyrVjETxpiKY9ebbCyaCtrUe9qqN4JOWyabFUIj94GZWF01kPu3c33xY07WkSK0quVWcqUW0Sl9mLH8PTc5KDbVe4kB/DIW/R3d3hhFnKK6ENUd5xIYlnLTFjLPZZDqs6CbHLCRpr5ETNh82rpFRctskXAn72o3AkeONnTUsR/3csQioE0Njuc7hlSNMBO35KvhTXRhLCsrNw5GZwLT/t4hSf9SfZPzA67m/lOmJmsTNvKNQExRHJeF68LBWyV7oASpsNvHvKfy1FbBa+UUIWPj7fZTMCcWVUDfHcwB3IHc9AvQkpAlJX87epqYbEJ55HHVsPH5IGQl90tIeiv6JhWm0lVF3WVFfFH2GxWBlg5FG0rG0Mdmuuqu5WiIg4rMoCT67nq7BnpgEslvDBlU8qq2PeCkN11c4BdD7qq8p3JKmayPMDPhQJ8u9YH7E1VUfiCLHOuq25oRW0mvJpF+VP49LtFkI1jDAhNEpoJEj87x0xULKsaSsmsrj9Wnb0cKx00rTOJ6Gr/Ax21N6ZXeekpC1hhZRbuhIdawD2W+hqUzYmfiJWrtE9HznKfq09TEOWCTQzHiSSW9ZlJc8/CHKk/gbQUQTNJFMRMlOZVLEIlUZdSp2ErbOhZJqdv3NdS1uhjhQ+wglcZ5Z+dLPXvro79csFMhqZtxfqqADATiML5OlNuWj3Cg/LRZif73OYS3qDLLjoA2DV6s+WE+hRJU7NoK2lf00yMm6hqjdTXNi3ciZmJ0lRMW9+yWcx47MqNdHhwgJTmDHtthSTIViuE+MHSv7ZzVnvzVp3caVF9zX7RMTMp5CdaXXq1kzGaibGmSF36Fqtxoq2U1WbCssWpbL7kLLrUwNsEIkhcGANCk4RmgsTPjjSTOVVDKQOkB0isayCksLdONNkiSkAxeIheVATsCWer6VPakS/DM4wcmFKy2FOjCkm1LbsYz/ubRUjEIE9Ew3Fq1kC2nfWZSW0swiOgmSSGOt7th8DMRBuQkfiV1Rv0MC/RxNP8ZKnPOD99jzxFZc6yljGRzyBmIkdBQgJURWg1CA/Ta5QYerK9uoeWP8Bua3rAXX3iFrE91JU5Vo0syd1G3UoNglRW7xceWGWTHWAmNWUOvS/R2yyYaJnqB1ik1JmEF+ZGB72ifoChMRNtnbnKTFQ15IZP3IEYzUTIlSA+M4HL211faytv8NICOASJA2NAaJLQTJD42TlmUuZqcfcMh4MTFcWsif/LUR5O0dFrfGwuWs4aJa0R2sVQWgOk1rvQIWb7J+bcrtr+4Qn4rOGudlslGXa3qNBRVuOGR+CNv9O2Iv52yBmenns8MSCUZq6rTrQ1B2anptjR2i6xZh7LsDnsEHLGlWiJgXUmO4G1zUQeb3G2+mdnQ8tz/c1w3nuGJ/oHvc0jMppJojCayeMfVqkzmaWNfAzxND9ZDaoazlidiY84hq69KDUTYKqoeZRUQRBYmP7YVtmi3Dq87F4hwkf4FBEjbjXgGNpDVliZtl32spE2WAbrAQ9aImqTNCTaTFaRJUrYS9ojNZeozjs/ERz1+ZVfDzN53t/M+jSqiddMCPSBq2k+hyDrxxgQmiQ0EyR+do6ZNLtqy2i/zLoufYnmWqgeTosVJWTQJPrMI0Xg2sqKaU31Rb1vtq+Dt9Iur3tMR/Veuu+tc5CBZcUgm5BD1il29v/M616ay2Lj8wAeBz9a5UE7y3ZoPH40k52AiZmQgXEKHVVemIuGx7zkIilxDtEmPWgmCcFoJhBvufroQFgrE7TjBz99S0Mgk6Q03WgmQ/XOyZjM0A5jop+Jqr2oHDMT0qqTdbzmYfqUW93Kn+1EhI/PfS38kLaaJZ9KkIZnl+WGirrhCdIIqsHuYM1Qq+iQVrQkhZSygwB4RVkMG/aKkVgzob6kz6TcuES6Row2O3U94AWsUkXwGpjJY8/lVUblistMht09o+GFqQrQ+B+2puMQ8hpgDAhNEpoJEj+JNRMEQRAjq5gJRGqDZCApUXagEsuBoqsDRjMhE7XVpHyhrI7XHihx+WxH7Q1VsxZhJhD+BngeCdN1rfwDN6v7lzXhYwUcJ+k7jqwLTQkR+ZvPVZST8iBbiXM8rJyO0AAp4nHQCpP5UTcdVMpW7OyZ0jSZ3ZNmgiA7GWNAaJLQTJD4QTNBEARBEARBTDAGhCYJzQSJHzQTBEEQBEEQxARjQGiS0EyQ+EEzQRAEQRAEQUwwBoQmCc0EiR80EwRBEARBEMQEY0BoktBMkPhBM0EQBEEQBEFMMAaEJgnNBIkfNBMEQRAEQRDEBGNAaJLQTJD4QTNBEARBEARBTDAGhCYJzQSJHzQTBEEQBEEQxARjQGiS0EyQ+EEzQRAEQRAEQUwwBoQmCc0EiR80EwRBEARBEMQEY0BoktBMkPhBM0EQBEEQBEFMMAaEJgnNBIkfNBMEQRAEQRDEBGNAaJLQTJD4QTNBEARBEARBTDAGhCYJzQSJHzQTBEEQBEEQxARjQGiSNslMHg/mna0i6cIt/SJk74JmgiAIgiAIgphgDAhN0maYyaLP8Q3VkrNVsy/0C5E9DJoJgiAIgiAIYoIxIDRJm2AmjnNcS/QLNsTD27bWh2Iu0Hol7+wV1eJN4eH14qr27kFv950z56p6FvWL4wC+taNfn/n6gGaCIAiCIAiCmGAMCE3SJpiJjbXjOltFA88X589VuX7Ur/NytstMAnx6Iq/4zqxmaTwIM+moeDUx252gmSAIgiAIgiAmGANCk7QJZtL4LTeTvL81uoqq8s5d8z7Tr/Ny1jaTnvp6svNzLq/SVoxIxUrwzLmqM6UdshwN9t6AFWw1g8rW0eJvXer1FdRm8pCbycpCeakLNi9uGnmyQpe8mD2j1ALxiqCVIDsG1UdwuJlM3GErK19BfwB551p+am2EFc582wizlXTp+Uu32dJ2J/+CNXdf3ZW2FTQTBEEQBEEQxARjQGiSXtVMHN9Uld9+OHC1WoTyQRbfb5SHt8UelETMJNhRXzceZat0VFT56M5haXFHkEz5O/KKOu7RTM/FqnvwX6in+ByvvnDlVz1nUxzFTF4slv+tqiOkWdZeXgWuAhPnlGZpz72N138mE3AkjQF6DL4blXeXxSZ0Ea8zcagas6kPIO8SkZk8sXSxD8yNTkV/qq/2PCNffPe2B0MzQRAEQRAEQUwwBoQm6dXMZIENyeUq75hw0JqHmu54S/0f3j7nvOMlnUBIandWMzMBG1FqOWS5v6VmmPwPi5gzyCuD55om2MJ7TdU9svzEXZ93tp7l9DirBtgUh5gJ054zxTc0S+jKecWkEiPWiqy/hTZLm8ur6HnCs3x5NSN8krKqmagPIO9cC1tNWfgwz97Hpoj5PISvMJr3LVlnN7J7zSRVkro2VLPnzpUkyXpxUp+PILuZzs8lfdbrwa2PLbEnyzp5UHmiQ5+HIAiCvBRjQGiSXsFMuJbQQN+pb+a0YdZozVWTr+q/8fB2sXtOJoF+Sw/P8omtYBPI9F0FQbr2ZH6OJW0srG7NxfFecpU398GanipuJrCO58HC85UXld+wKpfRvEtkBZ4WNS3E1jCT2AE8mScd7VV9Zh7mOX18sr+FmAkh2l5ff+5cVY1vM3rlbyOJNROJkVmqX7AOSr88/VSfF2PyohU0hE2TTyj0o5m8tsClkOvWzOZ8Hwr5e+2fWqUP+O9astpYDhgvXFdXsqWTF1tnfK2lH6blk4KIGSnV6guEIEeS0sgGffkZKVKnP1T6nxn28djO4dLL+NTZ2tZKko/W6kYnnUdSYW+hUCgCO6rJlqTUVt9Ma8nRtK971VvmpkvS27lwGFJKFpl/1gU5zm6/84tM7UfAV0jLdcPO5Jm2fPILSk3LOJIDs6czpHxXr7/bmfu2dIUV/XBWOSr2jdhRyf7SXA/5fxexiWZisRwU021/sViONom/heXX+9+rodX7lKDLmmKxrLqT+Ph+8nilP/PHuTr9Ai3pBw6T9P/8uXNmw6NnfnXgsD4rQQQqDm7opQSRu3nw1758d/yO65Qlq5blWZKswWDw1G8st5Z0q5OlbS1tSipJOSsKNoOXsywnKtoCvjaLJSWPFi0e3GcZmQ7euvA+fERsB/S6GggG21qakmDVj8nxHrTsT/5SVUYKR5Ws2eTVsfJnIUe/mN0c3rWTqRGbWM2ueZpNsky4FZS2zZAMeOSlkNuCIHuNnSPIejAGhCYpTjMRwwRD4t0zXpE1zCTorq8ZNrbmWtNMWGuuNQL8VcxE1GbAVsxMAu1XJrR377yzLkf/6rsUZlJ3QdOaS7f2y8yEA99LM7/jSaSZ+EslEjL6+L1y0g5356wqckslt8936V032smWlh7PykiHoFE6ze65dB12X862ppEFb2Q0+mOqws3kaSe5oafnkixqJrk3Z2Dt1HQa+QEhf9bv0iA/68vWGRqMwGZXQk8z3yCHkHNROdHIbsZoJmJWPKf5U18m12F2jaadaGwRpfNzCa47uJjEamlStnq5+rOAnBQp26VteKog5JkyI33eySdvnrwSkp1ZksiR1B/xrFXZ4aT0aecadSaTsb0RVjkqzTz5iMxSvy4vYZywWE7dililJEtS8rhiCQMuyLYcOPIVmxVmEmw6dqIjDFFvYH4geR+sYim4FWbrfHXkAOQkSVY+r5hJwSGL0sSYoDYTy75jecmW/Rd41TpoCMwVKBXt+y3Wg5tnJhWjb6mTfrGK9AM8xPzsrcOHijZWjLgTzWT2DgT3ln3JA+zEPKisfBA+ADnJB95b441qB5k/xNzy1kG7iZkGL//BQi6cB5UqPyHAZWM5WAkT7F/Z4Esx431QyT70oOWgVWUvxyzJJ7Qys6lEpGynLuvpzZP2Qiu/Ed08qf5hqxA/+aedn6Y1PiOPvJMfSapbj9/6RW4WmgkSL8aA0CTFZSaktqS6uOba5tSWMNYwE3nlYd656oGxCV/3HTAEttTMTORooL0+r6jF2z1YY+etqhRWMRNHflXj4NRAx43z37pEnYnOta6XEgHzdA96Wjtc2j4hwky8l6pctycGxkiVjvoAztSQ8NTMTB7eqesYfPJg1Ntx44y2qdjOJ4Fm4i/JhOAfbqAQHfaSKMFv+50kHScDDBAtkLIhOJP7SJGwksNhm0vUTCLXc0R+zvVYoS8zE3sWyadl3txM0tKJhwC8hJjaESeLPA9gs4wMvo6EN/E9gamZ8Ih/bTOZlL7oUs3KpVZyVcDFdPImz7Gqr5NoZ64nNifTjyBX8mpIKdSZOZ2xCr1JO+wkV1XFp/kId24pr0IJSe+Wrm4m0U4m+WLWeFSaeXCVnVSjCJFfyr+lXL47PnL1VDIttyaF5fsOjAeDX/17SuV9Ms8iyHDHiRRLkkzjS9hkZDoYvHeLmwZEpe8XtPkCtypOsMJvHtdGxy3/dop/EkVlJiOWv7Td+Wuy5dcFyqITGlH5S9tmmcmPc3VgIyNPrr1YWWZmYlJzIszE9R+H0895YWLWU0FqUd760wgtRVu8337o96Re5cO/8Yu74C9/fuvA4UN/sZVnHZajgwXvCD8ZS//CveGal80g5gB3v4KTO36rAP6eZBbO1L+lkDNlqMEQKOdoIOWvpDdpuP2E0MVV6MtLsaSQiVuisoVT8luL5TNyFJZ975H56HjJQeowCquaSW1WbB3LmwVbaCY/O9mDTErJ4E8uWT6ZJpEnGr1HwcQav1JVYYQ7l2zrzu3sPh0rbhixObtJ8Z8yjyAbwxgQmqR4zCTWW+OScu3vIc7nu3h3l9u3887p3AbRkEAzyVAioZwUKe0sbdZC5CFDDjjhFgxWkFHov/KBJNrbMCCf3X0laia9XxOLyPhPfXswaiYcXpNCzYTdu3NTlJpxBbamzGrV+aKQpHwWsqsxmgnnjSwRbbCT7m/LzUxRLhiZFD7mpqtmaU4avYQmq8B60/yhEGmUpXnYR1o9vpC/t/HiSSmL7FNKy8y0Hg2FQvYP05yqmKLz87RO9a7BRmIHSSxFfdi5qo9glTaMSKAzFX4+R046+1T2M27P0leJ8KMijdWUoyp1+0OBXnFUsFvdjyKBQOQn2s+wkBSC2jallsNiOda0RFvddJxK+YzXj8AKtUqrK4goZboTPg/T+5QS9/ZxS5K6qoogzASc5Bb5lAGwEXZtgIbQCDUZpiMtx+5ESeH9pphJpT9T1JMwOYEc7SoxmJm8WJxMf+uTqxA4L7vfd/Cr4Li2SuT2ucNTEIWW/rlFqfdPZysEGz67Sdo/jV88NqiqL9pOjK25yJ9XJudFNJkzrgOMVxxkOgqEu05ZLJb3r8aa2BnZD5dIi1o3FMK3wFF5BRoIKvCbrwa0rcK4mSyFD+wTrbkOytFbVhf9xJGCy7OaS2szedYqKjN7Pf4QPU1Pm3LgRiHMBH6ntJFAKvzqYxsSYmbiL8xspXUmneSXfpoW/NFqUtowQb0NgqwfY0BokuIxE6Cmor64fpNqS3YUP98p98ZG3zpztlq1DNGTODPpFfEhg2YSGQDZyGmKEHmQToK92EbkiIdKRWra6S9PS1ozATpLcjLJnVqpBqEorbka4Xasbs3FXMj+Lg3CaDt+2C/bLTsGErbGmtCgmewFjGYiZrNFFZzVRnpcqCO2iF/KKvWrwptSkJEsvQPL5Drh5dk6bL8jO+ftEilCs/3l2l0T1ltnAlevutCU1pk8bTwu8T4rIeJOLKZZDVIzKSsmxmBHRcwkLV9kJhaI/A5W8JJrpg3qXiWkOc4DknOsacRyqJK1y1JHtMxMePsfVQ5EwJZDBftZaboKYSYkVFVgkSgLnSNNxIWslv0y3W1CzGR+fuH4W1xCplw5vOcJTZDzYsb7P9/9E5ud0rbgEtPpBz6Dfw8dOCYWbTP8HN2vPLjP0uYLRFRmIv6kRjMJt5840c5tQvYVnOgg05F7JaIiS89sLbcIHZFxy6ESZSYMVw75Pxpu+zilTSUnrJ9JMKh8IjMTYjv7C3xyHu1hskVmcjpN0vU9g99z2qfkKSTMRMVT7Q+W9zORUjN5O2RqJk64x33USvYDe0YzQTiR8PMNh3PGgNAkxWkme5eHed80ztLO657mxjOi5RWyGgkzk24uAwIWpsHE6Q8kZ0AmtSUS0YReFjNJ2U7ao1cymAkhGiJVJ6qG9aIHfIh0OKb3YqOZ0BzWZJ8dg4xmshcxMZP8dMVM9E994iEadzCIiligq9YT5KdRB0jJ7VQ8gTVWJJuwPu4aQuLCizTlXAnRn8Bq/UzUdSZsFv7tPZvGIhqQ7bW1BOgVRyWy2FHttDoTnZkE7KvUmcAax/bBmqRxm9FMTrF6EkqszqRDHjm/Xyk25yhmErS8eUrpP33Z8iZp0MVD56U2CHYtf7gsb56ZfD95XJjJyJNrMA052lVisDqT8YvHGmnIDWbSMr8wrySZ+MbhwfsL8+EXsGgtM2ENutJzGsSibYado4Evky3JeSxnPWbC22VRYKnQEfBTIatqRi7sV5uGoOSQRfRZAgE51qTMLDWpT6hxZAVmJgVvWpL/eocd+RaZiXjMCSarsljN6mpmomuTOSl91MgHtGBQM4GbCSk6+dlJmnWhmSDA4vi1BnfJ1R/0+S/DGBCaJDQTJH4SZSanwSTSTotZcIAc+pzIp108SBarJ6HTzC4EajOh0sJZpc6EkgnL3i1dxUx+vpJNamYIWXRCRjPZi8A5zb5Ah6Vqaw3RWTI2VyjU6jotpR5l6+ie+vYsqfQ63wQSGcnqjaNi1gfRw7NJvz804+tiY3kBvV+ngU5MVmU723pJa66So7zd10Xe7iv3bTLONZ1Nje1Zppc6dZt8MTYXG/4r2puvjM0lWpzLNNRQ+plMWjNIdWGG0poLtOSKsufWti7Sq14iY4uJo8pIkcRRHS3pZKN4sdG3ST+TcrXyJBKjmZCJfSnjwWDB+ymV92FCTK4AAIAASURBVMmsEkGG204kg2kYzUQO30r6bV6tL3DHdUrTz0RbnSIrHwHGckcldax0nIfOspxssbB4d7PMRI6rB3z6gWPl90hrrkO0t4nCw/TP29kU6AeYyWDRn24rTQcOCUsJNnzn+qZT80KvbYWdo0jLMYvFwk6luZnQTkQWMdwWub/P1sI5DQaDlz87wCpP3jNIgsWiaq3H+plExysPWQqaxLBdpHMLu5xGWshRqIdDWMtM5NnLVouFdW7ZCjOJXM9R/8xZa65JL/85Oz/NkH53stWr+oXCTUnTV1436AU3E5kWW2TR8gg0EwTwNIOWkOR5pF9kjjEgNEloJkj8JMpMkA0BorVRR1L3TEC2nGeNOdv3B4+oh9FavQf8htHs83XDYqGdoRPBukcN5may2H42/cCfYGJ+qOEt2nbrw88vweztv30C029ZP3lx1zZF1xQ94Fs+j9WfsG0TxZ2/JmtfULYJsKqtPYC2u5qmB7ysqjPpPE/L6d7IyPpUN4TXmmYiy37aoGunmQkZP22NBnmbS8DCR9FAKCtB3w/e8iZlFKp1YwwITRKaCRI/aCa7AjSTnU5fflqmTZ+5ZWQq7zPZNEj/+03d4W5hdqTNlWc52qTP36Okv1Osz9ou2lraUlTt6zaJ4LEmbcs8ZLcwUrDfYinYjub2aCabgzEgNEloJkj8oJnsCoSZ2D+lAyGnpPpoEyKrlOUMyNY3pNR3SdM4K30Ny+mbZLhYMBP/9yez0lOl1DTRO8LnOgkrZH7A+03GeiwoZWmw1dMhe05mambJa1uAjiB7j6X5mYWiv/zp9uqv9UKQ7YYNxm3Zx8djoK8wkt97MynpTZITHqy0WCzHKkgdG3kFzWe3Co7styTtBw2tPLo/yWI5cJQOYCCHx69+BbNJSuNtWFkOD0COqjZGmEn4vd8mw27z2vkACerdsq2U3e51VpbCixsuijIGhCYJzQSJHzSTXYEwk+zjpaFQyO8uZbXzVinjdMnpXn8o/0hq1/c5rb6ZUMAH6iFTx0i1nm70zfi+z2VdC2jH60x/CFZOY+8UX9VMst6wnrzY2KXqK4ogyC6n56u3Dr/1H9tXrYcg5ljoC0zFKyzBTI6dJ28funwipbar4CDpTUSGdZaZmRwtKGgZGXGdOHb1Tp7rzngweHAfG9c7WHvivZHpYO1nB1gXIFi58lByE+uVxBFmEjxV0RacHrHQQfYA9W4LDpLXJSm73dPMjNSSHvCqYWHWhzEgNEloJkj8oJnsCoytuSSJjK1E+nbz1wJ2iu7L9ne5Y6hWJuVJZCdikCj6jstVzYSvgSAIgiBbwexlNsRFsOY9MaiA8gqjgOUEff+mMhoBMRPdYG5Ax4nKB3ySEmA7hJXpK4k0i3StufgIGbA31W750H/63e5BsAc8stNBM9kVcDMZt6d9WBoKPY2ozEQZADf2Noy1zEQ92izksJHN0EwQBEGQ7aTg16o3BykDMSvD8cVEImYmB3kjK52Z3Po4xbKP1HWozUQ3tJqywzCsfMp1J7ykMhPVbvlHvgZmIq/M/3Tn7sWWDb9m3RgQmiQ0EyR+0Ex2BcxMer9OY2/zleMyk5mqrDXrTEZsGWgmCIIgyNZDxuBWRnBmTbbiM5P3lDeiwlovMZNgrRhgWrzp6DU1k3gxBoQmCc0EiR80k10BM5PI9ZysrztnfK2lH6bFYSZkIiXDHwrB5qyfidyXn/lFYyjgy3g7MxPNBEFea8bsXdP6PGT38Oz6h0H6bqKdzlKTohOEoMt6eTZOMyl402JJORYMjh9ISnmJmcgjsPJl9nYj+qoi+bU2k38+e6HPeinGgNAkoZkg8ZNAM1m677YVO2yXPLqcWdU6Zsx4bIUOOrU83Ohs6Bod7Wqxu8mTda6rrqLeEw5OFBU6iq6NQg6s2T8x23+zoYhuMtnmdLV7YQWS0zgMOe5LDlt5c3hhzlXGDmAacjwTs4Fht+2SFz5idmSgf5Alt6uE7KS53HFjeAr2UFbMDmOa7UHZRIajshVXBxamKvgK8SPe8I3Ew8rjnqtO5WqJMVTPL7bnfQl7KzYSN+L0bYBHnrrVRim1FzpusJeAcEabSxzsZkLn2tl9gwEr22gqc7SIzK0lMmorrwsszDVUOrzzNMfX0spvRwOzsTcnLg7VO9kdVblZkWQr3jGX94tZe5nDVuyscPEXK5Ypf0xbYS3NiM4NdcBsRW3suQC/X2XpuhhvcRpi013Az5+9ce9XSVPsez+7//jmDZ4qPwz8qFsX2QjRO0oPFoQweJP3M+l+ol9kjjEgNEloJkj8JM5MohDQ9zTGzGSur5nlrDPauHHJUcfChSl3hRI32ArpC8tWHrPZ8ZZqWzGJHmZ/ZuNtRCFnaAVWiD3M2SZFhdXN92lTp9H21gey7IdYpJqtICYYz/ub2Sbieb/U10DCBX8734OyCRyVq48M0gkreFg8sXEi412NJUczUrAqI35uOBy2sgb7mmay3FOjX4TsfDbVTKpZEQYHVKTYKcykv5aEzs+VhXAhVbWRiL/O7qjzbdMovOEV+t9SHz+qoeYhzXLC0lBzUUmLuqyHMlXUrPpqCaWh3NHcNRrwe4Viwb1UMShSQjR3twH+1JPBuQa7Y2iJb0V+vxsxk13J4tC93394X5iJisefJil/CWSjwPOzreB/pWzLW1N2DdgDHtnpJM5MCBBb6J6j6402HnTcmIkyM1HvxH1JE2LOdtQyM1HnkAdgjChbwVXsqOoinwwr9IO2LHS7eEUHrNCs3qCo0NnsJwZiuyqKYaZtjcOwCduD2ASOSvkudAUkoaxlJuGFsVa7I7wwF45E57x1tkInK5yeJbGgD64xV407HJwAEa2wt3v8U8PXamvIJYJsIfBnbxiJsPL1gNLqYLyrhZSmK8Xtyr0iOtfXDIYw666dDY8VFROLaB1ZYOs0u6pJTlkdj+0UM2m9xM4vx15YW1XoEKfVVehsGB0QZgI/5/6l0YqbvFYFLiShN6rf+LawMmD/gd+meOlLjMWiqwNL9JDUuV6XY049/8jTcLN9dHouPO2zVXaUsWu7sJpWGfnYV4a/ZFm5E/Tgxt+d7g3GLutm2lZP/oi6o7WTuyuftpW0k/+W+uACMJoJXCFLo+6qCoetgpQQ1VSQ817jHpNVDxHbJa+7tlp9Pexwxlczk3u/J++qEgT/K2n6ow+fzk3P134y2XR3qvbugueb+/uTIrL89NI7pI3U1Hewn7GPvn02d3/sV0l0o+l7f8x9Nhd8eO6TGfIXQl5vVma722+XNOI74JGdym40k9FrvMUCMxPSEIs+5GT95ou2shZR8EaXOiGHTZOtCh1FlaKdQ3TWA1Gpo/m+CDqjRaSNgabCRJ5yi/DFXuwYnp6bHHS7yp3sANgelE34o5dhKMhEtpu1zIS13GM5EAC5efvnCSqTxEzYvFp68WxuNfBn54EpOSn0NzvlZjWQ8sq0rXbguXL64Ecq4umqLh6u19Fihf5ax6SiH7zmk5oJnEr1bUGmZiLqQuGTqITwMF385IsKncrK3ExG22sbRrbVUe2iXWh4AuxictjbfNnJ6m2qivnhaS/OZVul9q0FjzxVXq4q6mub3qxiZuLlkbzmJraJzHnreJ1JMWlmCckzRj7SVehQTmJUbSOrmgk/uSuj4q7uuczLqriZKF8QrodY27wdjNFMnvz3bx5ru46AmQjVvPerT/iU55OHUxozYdk8R/4JzISviSDxYgwITRKaCRI/O99M2HNL3XShqLD2xgyptWBP1p4ah6i+8Lpi4eN4e62brqawaCuO5TwPzz2eGO5xt9gcpE/I+M06eEaODnvgX7rGIuRUtQzUXXK6umIt0EebnaNKrBOd7iZu42gfCo2VtU/Q/ZM9KJssqypV5rboAY+sn/WZiWj1zmM1NJOEUKf0EJOVqBTCZdIOk+c09CyT0zfuaylr9DHLUMXT/GSJc0emWUwPZjI0bStmBhIDzERe8fF1pty07SUP0+Enzz63uYQ36BL9TGz27epnwgj1Fa1yG1mkCve4SLnbaC7OeW+VV1u5omrPZmImyv12a8xkxiMUa3hwILwwC4plo+LH+uY9XpjzNFa/1EyUyWlxp2W/aJWZ8BOtLr3ayRjNJPDbJFXdHgHM5KkyvW4zkQNHfnnvyPFn+hd9IMgGMAaEJgnNBImfnW8menykRYc6hb11osmWS3lcBTpqb0yr3+UaAS1RzcZgTzhbTZ/SjnwZnmHkwGr62Ly6E4KuZRfjeX8zhESwiWiJzjaBo+Kx1HKfKKdEEsX6zASkV70KmkliqFNqQmQlKlXfGUjV1iOSU9M3QdpT0V+ZKp7mJ0t9xvnpe+SxXeqoUGo/BMRMZNJGtPWB3EDHtxBhuvpWw4rzRZ0JC6a3ifBAUf3qvXhthc2sBjiW2PW5PFBjHHsj4WZCvwjvNqPieV+DEEuGrYI32yPT5mairTNXmYmqhnzTv8gWYDCTn+59ekM9L8drJoyp3ycZd4gg68QYEJokNBMkfnafmcxPiDFnqgod8C8pF1SeUkohWURXLAqioq0/icF6z9suK+qwMlZ0bXS40QE5LKO5QnkELg9ouskylnx1ZcRJYBMhH2yTqs3oAY9sFusxE4jktMXSaCaJwWgmj39Ypc5klvYQM8TT/GQ1qOLyWJ2JT55srza25qL/k87iSisyFqY/tlW2KDccL2sZJcwEPuUlN6vNA24y2kNWWJmGO5Vq5MABW0Vz/wj5gwRuVhtrhxJuJvBFjFoChL114vxSptQ329fTTCJtxwMGG30VM4Ft72V/p8pAkA1gDAhNEpoJEj+7z0xUqB5OixUlDltJNX3mkUBTXYJIHl3qAsV632xfB+spW1Re95j2r126761zkBbPon8t5JB1ip39fFwvuZkaiMBDRoxx1HWNiQct24Nqk8VxNxlqhvXLRBLL2mYCJ3sMTlOVF+ai4TEvOYklziHapAfNJCEYzYQOLEEGJyDdsmkpg3L6FoeuOsE0jGYiL/ls9vaeidnRrhYunEpcrrsYFDMhpQnK8MEkTAeHEa03AVadouoB/9hW1q5eYavQVBTT+qIW2qWtxGmv5wUoAnFxKv3atSTUTEBLvLHhjEk/rgZ3H2/Nxeq056cmg3MBf5+uPuo1NJOVgdNK/3UNcZnJ9NiBpHu/SnrQpAwfiSAbxxgQmiQ0EyR+EmsmCIIgCIIgyA7HGBCaJDQTJH7QTBAEQRAEQRATjAGhSUIzQeIHzQRBEARBEAQxwRgQmiQ0EyR+0EwQBEEQBEEQE4wBoUlCM0HiB80EQRAEQRAEMcEYEJokNBMkftBMEARBEARBEBOMAaFJQjNB4gfNBEEQBEEQBDHBGBCaJDQTJH7QTBAEQRAEQRATjAGhSUIzQeIHzQRBEARBEAQxwRgQmiQ0EyR+0EwQBEEQBEEQE4wBoUlCM0HiZ6Nm8gxBEARBEAR5rTAGhGsnNBMkfjZqJvrtEQRBEARBkD2NMSA0SRs0k0DfuQvV60qlHfptkT0HmgmCIAiCIAhigjEgNEkbM5MeZ1Xe2aq8CzeezM+tlSrP0nXOVuk3NufhbbZV3jlXTfesfukWUH6u6kz9mD4X2QhoJgiCIAiCIIgJxoDQJG3cTL65ElyJ5dR8yz3kp0UlayXYU1Mfh5nYWh+yyR6nq3FCu3TzyHP69Fl7gMXRc/Wj+sytB80EQRAEQRAEMcEYEJqkDZuJo1+dEQQDcdVcs+VXndFG/K9iJvJ4h619i6pN5vammVBF1GdtPWgmCIIgCIIgiAnGgNAkvZKZzLZfAQOZlR9eL9Y333oVMwl21NcMkwnYreObqvbuwSc0/8xZMu1pbswrvh2g9TZ5Zxttztue7kFXUZXHf7umgyyF1Z7T9WFbyPF2D5b/rep6ICq/WHwy35d3qe/J/BxZeraKfWKg9cr5qtuwWnvNFeZXkJN3znXeSTLFF4HdertHvR23OkIsY8cBcrLNNSdoJgiCIAiCIIgJxoDQJL2Smcg/tuTlNz6XlwM/3s47W61aEI+Z8H4mIAw1gywPzCTWqmv4hqM/KvLzKnpkzac8zLP3sann3sbrxDhG1dUjeWfr6f8+kSnMJO/sFbGa4xzZITETJROmySdRMwk85wewU4k+8V7rCLzQZ28ZaCYIgiAIgiCICcaA0CS9mpmsjCq94Ufyim+rFsRjJuecd7zdg/d+JhUaDDAQMf3EXU99g0C6u+TfkDVS8TDmIf0tZM35nljzMLKmi/6/qpm0iNXgE59wM+GZwkyCvTfgS3nGYoe303jS23Lmm0Z97laCZoIgCIIgCIKYYAwITdKGzYTUabTHIn55YcxWVO9o4vUVMg/r9Y27Xo66n4mC2kzWqDNZ20xetc5EbyaMfz64febqtraYWiegJdf9YhSCbQLNBEEQBEEQBDHBGBCapHjMJK9IUz2iw3UuzlGDX2ImK6PMRmTasKq4Iyi/xEyieeeYjdBty+/QqYm8Kt5UTJhJMbURBqtaMTETzQftIKLbXFvCQDNBEARBEARBTDAGhCZpY2ay2N8ieoO8JJ1jrafWzUvNRJb/OTt45pxm2GJTM5HlF7Pn88nBnL90S1lNvn6pmlmTMBMI6x2lLsg887d6VumwqpnwdYoSIAAvZ3FKn7MtoJkgCIIgCIIgJhgDQpO0MTNBEDVoJgiCIAiCIIgJxoDQJKGZIPGDZoIgCIIgCIKYYAwITRKaCRI/aCYIgiAIgiCICcaA0CShmSDxg2aCIMhu5NbHloA+72U8qDzRoc9DEGQ7CS+9WFiM6HN3OfCN4Hvpc/cWxoDQJKGZIPGzs8xk0i5Jkj5zDezvStK7dn0ugrxmdH6+3p/MHmMTzcRiORibuZt3rCUWNlkslral2EI5WAs5q+4EeSmBioOxoWzWR+TBreQkiyX5QFB5SfJAxTE4BQeOVmrWUxEeLLB8HPucr44cgPWTJGtYtQ5Qe/Y9yE/+7bHKProkGn7vN8mwYvK/n9CuSK4BuuZ7p1wDZP5BpcWyX71CXjJZQZ2DmDD+UHcq9gh79XsJjAGhSUIzQeInsWYiMTJL+TyaCbIFWCUp162Zzfk+FPL32j+1Sh/wsQElq43lpErSU2XNyYtZqSlSJ0w9m2xta+Wp/Gj+kCz35WfAIn+o9D8z7OPKBnSjjE+dfE1fKJY9rr+2s1I1RwXkpkvS27lwGFJKFpl/1gU5zm6/84tM7UfAV0jLdZPoeaYtn/yCUtMyjuSQBe5cm3Kck89i6/suZOSUOEMBHxxz2hddMv35iG9E1vCX5np2WSnmFpnJsX2WZIv18qyyaN8xyx8ukxHuKQVvWg5uqpkk1yz8j5K5/IFl/QIt6QcOq+Yepp/zqmZ3DRs3k3DgPo/2+DkK1r5/lebMXj7WtMoVO3DB+n7NrZiZRMWpg1OpUQ5l4+DlP1jISrPKbyw6oBYbwHKQW9B42cECH72KTuy/o5gS7Mny8akT+17dTJ6mqu5U/u/zs9+GjFTnkLghUUZs/LkpSfZJktF58WRWeqqUkto5o1mRPCKBlFS4ObAvS2fpjYIRupKtvTduDz+O79y3Xb8Ke/V7CYwBoUlCM0HiJ6FmMgn3ybQP4N6YoWToozcT0EyQdWI0EzErSdQBYEK5libLrbYRvtQqWe0Xc4mZqGj9SALhuPKBJB1n448/FXpDmbRepPGCltJ3pVz1tR2F1ey6mACChkYahDQeJx/hL8lUwoinUrZTtWIEZN5Pp+AHZP9ImvF1OUvomjdP6o6WE+VhWMgFP7dsmCi16n5oEfgIlUglmBMWy6lbEauUZElKHldCyAHXCVJYfuQrNivMJNh07ERHGKLewPxA8j5Sel1wi4ezXx05ADmx8nLFTAoOWcZjkaXGTEBF8pIt+y/wiwA0BOYKlEtiv8W6iWYCWvIvRXMswbR+sQowk6IhMbf7zWT2TkqyxbIveYCdmAeVlQ/CB5JJ3ch7F1aXl4OsUiLmlrcO2lcx05EL78Hn6NSCwc7ywX2WlLO06kPBqLhCRfSzDyrfqwmSo717OVaxttSUd7ftxCvXmTR+kqEykxkp1XryYuuMrxV+45r1dKUPkV4pIzvf1evvdkop5KctgEdkKBRqbXPmZ2dk0ZuS9LvMzJTYD5/cDdLT0Ew2i736vQTGgNAkoZkg8ZNAMyGBl5TT+IwU5PSyKIGaCScli5UTZ6SIrExZVLPA3Tqdm4lqBWmVkBB57TE1E/4sj1nupD27hoTo/sLMySiJA3SxvpSeD/+CZpy8yXOsGuXozPXE5jgjttJxsonIyJSsstypjQk6Y0ozaYedwPoiR/MR7txSXrwbkt4tVbfmAq3SFpvqgS8lpeTCxElDEUCO6uMSDlGQ5Dw2DSJA/hspONbEWt2MW/7SFlECyhSINyvInwOiXquLF5CzAuy2v1hGFP1IZs1vaFxbeciimAsnZibwKRBx9oGbJCuLToxc2M8PZqkNlm6WmeQPLIOQFPueP33x/zE5Mak5SX+n+P1YtYliJo/cRR8dA2m5OrxEMs/w6+n4gcPzbCrqfd+lf8lYAjHWmfCT+6DS8ofLLMfoCZSgJauWTcEZH5mPHNiXpF1BzWpmEh1I+ZIISeDurRH+1yFUvp9iSXk/Ng/05eX1aTKEmYSbjhFHJR4FR84r1grehIvt1quaSdTfGdLfqRjwA4ef5WRVlpRCivAmL1rX+pWCiqw1y/QGdt/ZfZqXasCjU8p2duvLR7aBvRrB79XvJTAGhCYJzQSJnwSaSYYSCeWkSGlne0kWNRNaEuWn8pEvj5dK6hCKVmSzSdvvqJnQFazlZD+Qk/Y13Q+CqDCaCeeNLNEchJmJvy03M4W25or2sotKZyag0620lRQJFKQ0fyjUWnI0TRPlR1o9vpC/t/HiSSmL7LP36zTwB5nKDFsDcojz6MxkUh0iEEtRH7baalikwogEOlPh53PkpLOPVnjAB/tDPg8pJc11axqBsKYd9m6eOdPdOhMKwUFaUyV6MGS3O6cS8gTxDR6gMm1QB6yQA6Eh5KTss9QqjqGOeisPkjCRl7KrciCmTElJ2f+1pshcVpnJMaVNzsj5/U20ewkNnUmDH7hU4F+Z7nZTzOR/lBAbYdNMTiBHu0qM9APfyNGx9KMsOmdmspT+H84peu6u5hx+QdbJ+Y5cGUuHii591k6OfsqVc1tVNZRwYudofuTAr5Np9w1uJuJParQXmdhISmx6X9Ktu7VJlqTwml9NbyYD5w9a9sWqxTjRSDAYqPz4AOxK5BUcslgOaSpMZHINUPYlH/xrG5mnZnLnr8mWNwvIUqJMr2wmlFXNJI3VmURmej1EKeB3mpYqkRacR05qV5SNdSZimtW+EjOBf9NOk6xnrTnXI9rbzjaxVyP4vfq9BMaA0CShmSDxk0AzgZsrazbTeFxi5bjq1lw0csyFuFDkEFSznZ/SQIrmxPhcHUYiCMFoJqSfCUiFKz/1CG8lxa+flFTrl+QSUuRBaybR3tNp4mqM+L8/CVtkfdmZIZojasmk12qaZGVVHNwu+vLTSIWJrDeTZ42iEkYOXYFFOapqmWzVrwACDnWhKUQqp98loYoqTyYNwNJI3Y4g8iQ04+sCDxFfmTNiY3VExEy0mySQdZrJsaYRiCNZu6x1monlUMF+VZjLEGbCY1AKq4FhoXOk6RiIipVWvCTMTGT5EK82YWbS8+EVXh8yfvFYjyx/duDw8YYFOer9L8+L9M/bQVFaPifGsnPg5+h+5cF9ljZfIKKqMzExk3D7iRPtioD6Ck50kOnIvRLR4s6AzkwioCUl90QphJ7xsoO1rLItMm45VCJaDwosvy0IBoMRIULUTOBI9sP1EL1Dm3VtmZk87UzTPdTWKn0Yt7MmWwJmJpGnM70Xj/LWXNRMrFR1ItdzSFMFNJPNY1d9r0j4+YbDOWNAaJLQTJD4SZiZdJ9W+QSBPA6omdCyX6XORFVJQlDNllqpmdCcndMKBdmBGM1EzOan88tJV12gvjIBFhqUgmp8RPuLa4ho+5nEAAXRm7MB1YGFhFdHmnKuhGhXFiVHtDqTtXUmbBb+7T2bpqsuBK/RZjA6Nd1dCLx2aIfXmUA4qLTmGlG35oKwNZmahtFMbn2cLFpz8cGUWAQcHRdNg5Sl9CNGCkR7MJpJNuGhM0y8yVuLbZaZbKw1FzUTebkn/aPr8/ISMZNA7WctC/PzPL2gNSTp7xQP2v40Txp0/Um+d+l/HiAl5TsHdo7gxFl+TWobSButl5kJnN9TVEX4UvtBpet5GE5i7GxpUJtJxJLECgKUZdrWXDKtHyM7iown/UFfW8LQdTvhZgJH77IeZMa7RWYS8UtZyvAwqxG7LYQMAqP0MwmFngrVYmYCt5fGZ3I2bR2NZrKJ7JbvNXjTXXKVpO4n+kXmGANCk4RmgsRPoszkdJrE65QpEKLlNJGa5VjIpvQzIaXBHPKAETOZmTyQylL1M2FjlSCIGnjeZ1/gfUZDmjqT01LqUbbOmkF5rM4kpOkj/mzS7ye1EGIsr96v00AnJquynW29pDVXyVFdrGBQAqXOxJPL3CZfjM3F2m9Ee/OVsbnyVQ3fIbBQ+plMWkmnWSlDac11OjO7yzfj8zhPW1Ppz2eG+H2f7PzAStqYBXxk6LG3SaxjPV7qD4XgIDNY6zXWz4Q1YNsBrGImEFO25FlW6wEvh9uST7QZzYRMHF29B/x42cGS+3xlmX1E9E5esia4HLmwv20pZiYFvyYNuuTNMxN5Yz3gqZnI8u0zf0p/6yxvzWX95vaiaqWo96u3Dr9/4DOZWkrR54d3Wkd55RyF2ci/xyoGDpqaCXEYFex0s1GAU5SxfS1KjyAVMTOBK0GNLHrAL40f+Ldktp/KW2TH2hU1V8JaZkK0hzbo2gozKc3SVm8qrbliRCfZwBi56VLGF3otkQ3dTmTFTMhEZla2i97M0Ew2j93yve55fmBm4lON37gejAGhSUIzQeInUWYC4ZS6Twhp+v/BlRAxk+yukmziGMpQiaE+O2tVm/Upid58F3PIXGYOGVeERZOhXuenWSQz3aoeKfU1xxAHv77EOpbQ2g9VP5OMXkU1Xm4mffmkWbYg4CRKnJLKO3jIM84sUt0XGbnCW4Fbs3WtQgxnRDGTSWfGefpbeOqzHwfhlux8nyQnNUVKfVtb8h26wqMKiroHfOd58tuB75X1KYtpIqBejT/Lk035qVTgT17snKGHdfJIBszCQea38T7zIDhiULLXDYvlPX3WdrHuUYO5mciL7v96hyvHZ9bD6e9+MTIzefW7s3QZab6V/h+0Ouj+pUPvHGa9TXYOd/6arO/i88oobrAXiJkJWMcbR0uv8/IU389y1xfk9ysbSx+edkpv515ZbaxwEzNJkyTWXw7NRM30jb5pfd4G2LHfS89K0PeDt7ypR5//MowBoUlCM0HiJ1FmgmyIyYvWVcrETDHEwchW0peflmnTZ24Zmcr7TDYNEqBs6g53C115sbFrka3EYrFYWQ9y5PXGLIKf8X87oUwvTx7vIcb+i4Ifb7zE3NckMvHTG/bh4JOwq67vF6wAaG1eFzOJF2NAaJLQTJD4QTPZFQgzsdPaISkl1UerlKxSljMgW9+QUt8lTeNgAjh9k5SCg5n4v6dv4EpN8ysxp89FOm1nfsA7Osd6LEzardRkYKunQ/aczNTMEm3LAQRBEAR5Zcwj+KQLw2zi2uVu9uBKOv+PH/jCF3/8tvsX3w6cHiBdhWAFljvU0FtHu0z85vwQm+AM/SPpvKqWbmX6nRu0tnnoH9NLs99d7v1lAx1DIjiZdL47qaD3bnvMTL5z9SUVdA8plY7fVXQHB2BvsZcKGTH/XjuImZHaBtKaS5//MowBoUlCM0HiB81kVyDMJPt4aSgU8rtLWVdsq5RxuuR0rz+UfyS16/ucVt9MKOBjL34Bx0i1nm70zfi+z1U6PESklEx/CFZOY314VjWTrDesJy82dhlHqEEQBEGQV8M8gv+jUrNx/DwXD2EmQc/Qtz/NB4eGf19A1oHZn2j+6Qu9x7tJrUpS8U8sh/HT9d6kcnURWzTpMq2RGfrH8Yt9n/ww+/Q5GU7hkwvd95deRJZCvyjo5may8vAN10RkaTap4h7LADP5zcXh4BOz5pHm32vngD3gkZ0OmsmuwNiaiwypzPp20yFfwTJE92XWvFjdmosNHkB2ogxVxN5xuaqZ8DUQBEEQZLMxj+DBN+6uwP/hpNopliPM5J3zfCQQWIfmPORCUjv1S1LT8vCTIc07bn6o7U76u2ZUj6QKKipD/7imah4mPghMhpkJbMhyTl/gE2AmbMIE8++1c3jgvc3M5B75O28AY0BoktBMkPhBM9kVCDNpPJ+tDFbGzUTpvxh7g/haZqIebRZy7JNoJgiCIMi28pII/sn46ZEo/5cizIS0uVISzYnS5lgh8JPTF3rlh35NUy7TOhOleRgQEmai9DOZBw8RH8QW7SUzkVfmf7pz92KLasDH9WEMCE0SmgkSP2gmuwJmJr1fp5F3Y1HiMJOZqqw160xGbBloJgiCIMgW89IIPql4+LTSh4TMKmYiajAE75wf+u7GEHkbTffQd0pFR4yVh6e/7VbeRhm9f2PgGmuNpTET8nFswmXnrblIOzFtfcKeMpN4MQaEJgnNBIkfNJNdATOTyPWcrK87Z3ytpR+mxWEmZCIlwx8Kweasn4ncl5/5RWMo4Mt4m7weRrcVgiCvE2P2Lt7MHtmNPLv+YXA3jJv/0gj+2uVu0Q9e1vSAj2aXknqMXxbxfu1DDb1JvIlXeK3u6d/VDsAmv780fOPRC56lNZPI1DjrAf904B/iB+DiW/Eqlz1lJovj10gPePXfYF0YA0KThGaCxE8CzWTc3WArdNiKneNhTdvQNYjOumvrfHRyZWG4vQ62resaY4vCU31FxQ5bWZ3SPS3a7KpmK7CcQE8H+ayy2ho320TubyR7gE9/zG5WL2ZZjr2R3PLclxxkqZLYJp56skLD4Kw43PGuFrbCYyVHc5ybh9Ka62nmG5L0RmbOxd6suMxkpu20emwugAzeRUb66iUvLN/DZhIeqyiLnUrGUL1jVj2P7CriOX2PPJv+29we3PTmU+ZoFzl1DifJcfE3FEanu9m9aCjE70/Rnwdaa+gta1RsZM5YRQdv1rKrGW9zbvjC2BE8vferpCkPn1n+0fXgz7+896tfPJ5e72Akz5o+fLwnzGSXslu+F/aAR3Y6CTOThW5XD399cZU2XlyVG5ccdjePKioKHa4+su1SX4NnHkTl8ezP7N4dtRW3kP9XuCmMt1SznOdKWclcV513QZb97c33+fO7qLCa/ctzRttbH/CVGbbCOvg37K3roZYDH2orJjmj15xDBqdSH+emEBnvYi/q1i9A1k1zmaOofpU3vCmh7XJPzcuvQGSnsYlmYi+sLrqmit9H24uKnXY3Lz/tryUR/3Nlob3QUdU20D84UGd31PnU72DfelZG2XHCIU2y1iYrE0XNkLNsq+SK0lpJL+b5bnvHlP72lGhcxQ53z2jA722wO9yPSI692NE/Mft4YsBWRm/dj7ws58bfnWLA1rJih8c/FQ6K91zsRRaH7v3+w/sxMwne+4R30v75kySzAaF2Ibslgt8ou+V74TvgkZ1OwsxEHqMPVAJzAzMedNyYgYesj0UVtkseJSKZtjXG6nzJImYmCrMdtdqc6GR79dAK8aKqLrYPkJlmmT4yWQ5s0q9+qRM4jJ883yEMUrKm3ZfINDMWDdrjRHYGUZure9U36bHQNrww1mp3hBfmwpHonLfOVugMLMw1VDpmSeTnqwMNrnFDVGQrbqiwt0OENHyttgYukeXhhjLH8PTc5LB3KN63gCFrAX/2hpGIvYzUagaUYgVWRVmh1BIoZhKd62sGQ5h1186Gx0jdaaGjdWSBrdPsqtbUpipm0nqJnV+OvbC2qtBBTivFVehsGB0QZgK3iP6l0YqbvD4BzET8wFX3om1hqY8dlV1VmmMrrNUYl6/FHSS1vmIFDY88DTfbR6fnwtM+kJkydm0XVt8gX87Hdg5/ybJy52RwDvSA+cMWMG2rhyMeFn9kuPHC86Ch2BH7s5eQCqLAzerR1UYQgitkadRdVeGwVTTAbE0FOe+sSlwoq+2S111LKs/F9bDDGY+ZyQ8PxNsmpr6b6lKmQVn+K2n6ow+fzk3P134y2XR3qvbugueb+/uTIrL89NI7Qbo+7Gfso2+fzd0f+1US3Wj63h9zn80FH577ZIY3GkgkuyWC3yh79XsJjAGhSUIzQeIncWYCQuIIhJcfD7bYf3hJ42ZeCsgj/mXbVVH+PUcfbwpKgaKAFJarckbdDUWFTjoZJU2wIgvj7oYGWuoJD2OWU1TMVuD01zrYzQaUhj8g57uriqmZlLQ30AYVRQ4uP9rjRHYI03ANzA21w5my12vaCisRDFdNoAYCow56Nc57aZxKzIQVTjeUOBQDeUyuwEceCGfZPLLpwJ+9qNwJHjjZ01LEf+PLtuJqkMZmh9NN/J+fviVfSxEN00U8TWJudmoeeYv+7u6fmB12N/OdsAh+ZdpWrinCgFPpdTlstfzGYqt0B5QwHQI9yH8Od4wKbkQqM3m8lvRuDREQ5lF6EZaprr0imCZlIsq8vx10Av6AcHOrKHHYSqrD6sj+kcdWw8fkARljETxc2xXkso+ZSVUXrXZeEX+EzYYplkGoNNZHvmPst6mDFRnAyfVcdfaMdJBKlYUp1lwzZibFTtfNAXY9bJlibSYqM/lp7Bs6di78qeqyRRMvmZmJ8ky7t/8NNrFU+8fHUY2ZMBWHlWn/7x/Ue0g4ezWC36vfS2AMCE0SmgkSP4kzk2hZsWPY39fsqq5oUdV7+FjPDVXc4G+nFRFkmamZLNqKNZHieHsti2Ao0fDCXI+7paKYlZXCys7RYU/dJaeri5QWjt+sYznwr6oJRNRWpm/YPRQaa61gdSbKx62MEf/RHyeyQ/CRgm32kL/f0cw7NBKMZsJa6vNELi1iJmyROkKCHcqkZb8XVnMPb2uh+WsCMROlTIH90CBcJrWdPKehZ5mcvnFfS1mjjwVhsAJpqElhJ0ucOzJNSxNIKDw0zVpjqiGSueLj60y5SRtRJUwfbXayz20u4Q267OIKsWv0Zmt5sQiRd/NlJytJeamZwEGyP4usq91VyYD62mZXuzATpSsxq9nYTOifzmm/Ru0IbEQIAz0wtUKQeiHi/46Kxj64e8OtWzSokzUnd1o8EdgvOmYmyhdXvuBOR2Um8pOmT+7//hf3/u9fLv74rVAROSYbhHu/+oRPeT55OKUxE5bNc2Q5cOSX944cf7Yzmvft1Qh+r34vgTEgNEloJkj8JMpM4OEn3q0x2V5tEtxpgkVaomYrbuExynJflZfdCyI6LQl01N5YveMgefrCo0s85FgfA1tNn5KzLJ5hgZvVmpZdlOf9zeyBp2onFoXNjceJ7AxiJ1ReGXD1xc7oamZSG4vwCGZmwohOe0Q7H2SzgD97rFUPjcLVvUpY/Ao5NX0TQjtV8TQ/WeomT/z0PfLYLnVU8IrTGLz660FH6wNSgUDzeJiu/lGzmgRRrm8z7GcbsBW2DFFNiuWQVk+j4s9FandlmZWeMCrUzWUTbSYKi+SwX1pnstznEifxkUddrKAxE+UgDWbCb9G70UwEjz9NUncHiM9MGFO/T7r36Q1VRmLYqxH8Xv1eAmNAaJLQTJD4SZSZPP6hVrQe7vm7w6RFRP8g6WxKU0dV28DkPGmEoOkBL0fAQ1TVIyTHWCzKedABMjPcyNtoAc2sAuQyVxxeAUKpYWWoWurKHEW0c0tsKW2ZYDxOZIdgK24QoxeoG3UYzQTOqdJ2iPFyMzF2dkJeHaOZwB3DWGcyS3uIGeJpfrIaVL/fWJ2Jj8TuQ/R6ECgN86aKmkdZ9wYlTH9sq2xRftdeWyVp+y+iZ/gUkyKVrYEE9KO0JkfbAz6q6wEfuFnNVxDjgjB2ipkwbdALFRhX7LyTEzERU6wZj3psktfHTMZ+xZtsMV7FTGDbe9nfqTISw16N4Pfq9xIYA0KThGaCxE+izEQmnVNJ1w5bsdMzts7uiaKV1CIbcZj1dyRPHVW5Jgs0tTnLVXbaIaS8rs7Nd8GaZsGn99NxvZbue1mO6F8rr4yKdueUWbYHVaPtKOuhW1Gre5hga64dxsrjIToktBgzmhErhl8aIyXi3lnS6m+MtNGylTiHaJOeNc1kefQGvYCL7Gs4MPIKGM2ERthkcALSLVvVz4SManSVjONkNBN5yWezt/dMzI52KZ1VlLhcXZ1CZ3mNa1Whg/YFl1mYHutdRmHVKZp+JmXtq/bP3mTmR8vomNexuxMcDO/kpjQ3DQ2w2x27oQHuWt77X9OEJ6FmUuZqGZ2eC/j7btQ4a/pJBVSVGJuLlSXRXnxsbC4vK9yBk1jZEg5OsN5Egj1vJvf3J937VdLYnz/RXV9xmcn02AGytwdNypCUCWWvRvB79XsJjAGhSUIzQeIngWaCIAiyKquZifx4kAxjYBibC4LXgaKrA6uYiSo6X2LzSlw+21Gr9AojCDPpqXEEeB4J05WWXRzWvFPd4qiiUBkyAVkH7K0spDRHKJZBqFhOzLjoSbTRF0mJHHmPmslrwvhDk0YSu5i9+r0ExoDQJKGZIPGDZoIgCIIgyLYBQfyP43N7Ke15LZETZSb/bb82ObUbhtZDNg80EwRBEARBEMQEY0BokjbNTPLOVl26HKtCRV4H0EwQBEEQBEEQE4wBoUnaNDPBOpPXEDQTBEEQBEEQxARjQGiSXtVMxsYf5p2tguT2iA6EccB3IpKjX78GsgNBM0EQBEEQBEFMMAaEJulVzeTLc06hE5NTj54skDdFbJxlb/cgpHZndR2duBfSr4HsQNBMEARBEARBEBOMAaFJeiUzYUJSdrF5KvDztyX1bFa/0kYItF7p0echOxc0EwRBEARBEMQEY0BokuIxkxcv/hmNkhf4GNtxQT4sja26QXRmcuZslWdwtNHucvTzqpjzF+p9D+ZqSuFzr5D5/pa65nqb87a3+07euWu2C/Xe7kFPc2PepUFYWPNNVXv3oG94tM5OV0Y2GzQTBEEQBEEQxARjQGiSNmwm/rFpsJEz+a6/X3HLWjlZCC9BPsxWOlr1m60PjZmsjJ6pIoIhy8G8b29NiHwgdKeYVc70t5ypHWV55aAx3F+ieWcb4T/bq1XgIC8FzQRBEARBEAQxwRgQmqSNmcnj4BMQj6LyBlsxabt13kbqIvLoeMGRyD9hAvJhKUycO1+t33gdqM3kiZs3D6PpyvWHJNPbdO3MOZ5J5vtbWD5wvTjmIbxG5fEgWfNCffCFWIJsJmgmCIIgCIIgiAnGgNAkbcxMWm/0MiV4uvjsels3m2ZmcrNzACYgH3J6+vzcHDaIzkzqfpp7Ms/SwvMVWQ4N5v2tcQJmF/oq12Mmsvz84Wh7fX3eOWzNtSWgmSAIgiAIgiAmGANCk7QxMzn3t+rictJQSqZyojaTy9U31Tby6mYir4zmFd9WLZQHaqp6SPcWOUirU8jUy8yEEbiOHeu3BDQTBEEQBEEQxARjQGiSNmYmA0NjebRXyfW2HtGkiuX4hidhAvJhWizaKLoe8P+cHSRtt865arwPn5OMF7Z8MvvTwqLH/nIz6XDy9mCVzSNiEbKJoJkgCIIgCIIgJhgDQpO0MTORlS7vLLV3aF6IqF50ufqmehGyJ0EzQRAEQRAEQUwwBoQmacNmAgz+OD7kuz8xOatfIMuQD0vHxpWKDGRPs1EzeYYgCIIgCIK8VhgDwrVTPGaCIIyNmol+ewRBEARBEGRPYwwITRKaCRI/aCYIgiAIgiCICcaA0CShmSDxg2aCIAiCIAiCmGAMCE0SmgkSP2gmCIIgCIIgiAnGgNAkoZkg8YNmgiAIgiAIgphgDAhNEpoJEj9oJgiCIAiCIIgJxoDQJKGZIPGDZoIgCIIgCIKYYAwITRKaCRI/aCYIgiAIgiCICcaA0CShmSDxg2aCIAiCIAiCmGAMCE0SmgkSP2gmCIIgCIIgiAnGgNAkoZkg8YNmgiAIgiAIgphgDAhNEpoJEj9oJgiCIAiCIIgJxoDQJKGZIPGDZoIgCIIgCIKYYAwITRKaCRI/aCYIgiAIgiCICcaA0CShmSDxs7PMZNIuSZI+cw3s70rSu3Z97qo8/FZu/0afiSB7gs7P1/uT2WPc+tgS0Oe9jAeVJzr0eQiCbCfhpRcLixF97i4HvhF8L33u3sIYEJokNBMkfhJrJtkSIbPEz+e3yExu/1Ju+aU+E3ltsEpSrlszy0j7XdZMlGfyHGv2aVcvmY+Gst9OlaTUtCMn2Qo5ylYSu0RD/sbz5PpNs+bwXSi0fplFVkpNmyEP30nVdpL0eSdZIxrKfEOS3rA+1W0Z6ir9IBPWcg4pS0JdqSlS6rsn1WsBkxezpPR8Nq0xk8hMVnqqlJKa+QFfKmBHlfVlKz0q2f99Pvl66daci+T7OrMk/cHseDbRTCyWg7GZu3nHWmJhk8ViaVuKLZSDtZCz6k6QlxKoOHhLn/cSIg9uJSdZLMkHgspPdaDiGJyCA0crNeupCA8WWD6Ofc5XRw7A+kmSNaxaBxi5+hXkJ//7icuDdMlSk0VBd35ZZvJv3zvlGiDzDyotlv3qFfKSyQrqHMSE8Ye6U7FH2KvfS2AMCE0SmgkSPwk1ExK0pX0A4V2GkrEVZvKUaAmkf8zolyCvB0YzEbMQq/MJ5VqaLLfaRmR5ZpKvEfUxnbBKVp7DeBZRoteQ9MGVWH5ffv4Qn0wTFzYlcj3H+TM4QWmmcpFLUrZ6BSklp5H6QeNxKQQrlmRCDl3yVMp2qlaMSJmlzObhB2T/SJrxdTlLyJpPA8phP220XlSmZdVRdZ9mRxU7elf2lRDJgI8g/+8etshMju2zJFusl2eVRfuOWf5wOagsLXjTctAQub4KyTUL/6NkLn9gWb9AS/qBw6q5h+nnvKrZXcPGzSQcuM+jPX6OgrXvX6U5s5ePNa1S7j5wwfp+za2YmUTFqYNTeUJMAwG2dXTgq19TqbhfUvlAvTyG5SC3oPGygwU+ehWd2H9HMSX47Vg+PnVi36ubydNU1a3J/30+KxyJlVOoedqZmy6xX3hGrORDc48ij0ggJTXjSA77rnRWVZISupKtvTduDz+Oz+mz9gR79XsJjAGhSUIzQeInkWbiL5XIbdEXsxFqJr6LpHjartyOI4HWNFp4bf3gNNnIRZampmeVKmYCK+TTkubs87RAmvHUL9/933IbdRKR2t+Sf/jf8j1fbDXkNcDUTBRJEJY7ac+u0YTobBFspM5UozFkd65dMQKrVrOd2RLEBzNVWVIK39VJzQozvEYFuHkSbMGZpdSx6BzmWWu2ix3hpPRp5xqtuSZje5NVRzVp1x2VWCQJ3dkBnLBYTt2KWKUkS1LyuBJ/DrhOkMLyI1+xWWEmwaZjJzrCEPUG5gf+f/betSmKNE/4/gj7ZiOed8/L+wNUhE/wqomoGCK425FeWrZ7ZB2XHVs63KB7Yrt9JsSO0bsPdDONjo0OllCIg5QUVrWUYnNQTkJpCcpRphqkkIOAoFAgZ8stNu/rlFdemVkkUJRQlP9fZEDmlZmVmZVZmf/fdcr4PTj3Ou8eC2f/enQ/SlHyy2UzyTtoGlQiS5WZIBXJjjftu9AnzzqBpvLYlLTPlBZBM0Fa8k8FM3RA49rZAshMCmTjjQUzmXyYEG8y7YnvpifmWUnJs/n98bhs5NMLoeXlAC2UUNzy3gFbCDPtu/Ap2o5YZsKhZ/nAHlPCGVL0IcMupKYTIdYhcDNBW/+0fBrv7aNrSsHaUnX2o/oTWy4zqTqZIpjJhDkx7dSVuglvndmcpF4Q0/xdkjmBmQm6OVjq6+rw0CIug8zE7/fX1TtyM1LSST6F+ePU1ATl5+93ZpiTk8BMIkWsHhdHHxAaDGAmQPjsoJngrOPPcXYtig5z2kgSMZPMX3wd+aQ+zFd1yESwvdT70A3adqVZCnagSUvbhN8/gRfAESFewJyMQ70ktO4dIRdNdBJxEOtmAO8Aa5nJgq8q5Uf2LOd2sVCdqQrQO3NzO8kCCYn4SjObc+tVhW+2L5KqhMIJCV/PiRPL/o4rX2a5xcxOXCghkfIQpBM06cbngiQsV526K4/7b6A9RArOUzIEnfDlp/AAJCXBnJ4awkz85Rk3XqpS6F4lJaSIe4V2MkmOe3AOq7xjOw5WkPhsOo5EAP/ryztWTcLY4KDpT/UBOaBMQPFm8aBEot40J8sgpxnY9X8y9cn6EU+r35C4tuSgSTYXhmImaCso4uxEbhIvzzrRd2Ef25mlejQ3UmaS272ChMTqfb3w5n+onBiUnCQfsn6mFJvIZvLCXfDVMSQtN3uXcOJpdpUf339klo4FWz9zPpfX2nn0ZSbs5D4rMf3hGk1Zoyhs2pTuomPojPfNBvbviVMvIBLKTILdCT9iIRl7dK+PfTuEzuwEUwJOLz4QTyplxX/4qaYshpvJfPUx7KjYo9Ces4K1vA/QxXZvq2YS9DX7tXcqSvN32EBGcI6GXAa70JxZvTByJY2ZyWGeGaIC/aL5ONUb9PHNbTn8/paCbkltNv0W3zaxGsHH6nFx9AGhwQBmAoTPDpoJdgySE4ljNZqLLNTmIkFgluTO4ikYYbL5a2ImJEVBzCeWdHJy9xxoyTuI3kwyf/Hj3ERnbuJRVkuKXT8JiWk/KpeQBQlyulAeQvDlp5LqTyiYCCBDtn2dll4mBgYLiQkpHW7bqcOJXzoVxek4k9RBouStmwkKOMTtocAl5zC2Jp6SmWxO0vwQ5L1CwQ3fK/QNVF05lZZoHiE7hj7HnKRtnbJTnMC+wQJUqg1iwIpSUGiIUhL2mFyyY4hRb8kBHCayXHYhBcWUCQkJ+35SZZlLgpkck+vk9J3fV03uFSR0nr72BxOKVtFfiXxsRMzknwuxjdBxKicoRb2IQvL+c1LwafKXNDqnZrKU/F+OUXLubmYeeYOXybyKr4ylgwWl3zbgvR91Zj4QioZ2HOUczfbt/y3xANlM+FeqtxcJ2wiWBza+J+7eI1ecKW5+zUPTmkn3+QOmPUqxmMJ8t+lgiVh6RjGZPlVPEvbEH/i+Hk8TM3n4fbzpgzw8FyvTls2EENJMWN5BYKLDw3655qRTEm5sJptJYhKuVmBOdHSqCntVZkIqcWEzwavj2gfSch3OyBsBM4kYsXpcHH1AaDCAmQDhs3Nmgks/RHDapszkO8VMEpNTUj4mw3lVcbb0UG0mA6qZwDuC3kz4JI/4zWkWFKkHxBgl4DOnX/Jpsk8RfRZaisIRq1otVGfacA4+Jkm4dDPkShTsuiWIoQOao7QMQeGCR0JXNk8Rq2DpzQQ3Kzluxi3ZEf5mpCV+dbDF98p/N0vcK8zgJVp7bTeaybHqPh5ZbtBMTAfz9glhLoWbCYtBCbQEhobOgepjSFTSSMHLjpmJJB1kxSbUTNq/uMHKQwavHGuXpG/3HzleOScFW//ieZP8XQNSlNrvsLFED+wcDZUc2GOq9+KGHhsxk/mGEycaZAH15p1owuOBgUJe406HxkwCSEsKB/S/ZKnwoInXFRTZJ5eYUUz/mjc9Pa3cHIiZoD3Zh66H4ENSreutmckC/jmrUl7eOHUXF3tyM2mpr+vw+b0eh6beF729BBYmOq58yWpzETNJI4sF7mTivBIwk8ixq44rMP960+GcPiA0GMBMgPDZKTPpOIMCpCSccY3BllK3LNfmcnqV2lyk+lZWvc/va7Z9fUqszYXWV2pzJaSjh0Pgla9F04ZXU2byoEo9G3gn2JCZaHpTCPh4cYqG5q9Z6QdHNJOWH3DjdUrux7IDLNcl/cTEQXrpUDbKVgz4yDqaFvC4FnioFvAdPyXJ/t1yyVlX9ZXZcT6d+Ya/OeUHVRzT0ob74lL2KuhV9orSZ6FmgmtzHY+WH4jeTFA4KNfm6hNrc6GwNV6ujaMxk3t/jue1uVhnSjQCDg7yqkHyXLKJvjxeH4wk4lVY6IxGPmC1xSJlJpurzUXMRFppT/7qzqy0hM1kzPVt7dzsLBvekBKS5EPWx5b/nMUVuv5TGij9j/30+okW6DlCJ870W1zagOtorWcm6Px+Q1SEzbUdkJuez6OTqJwtFaKZBExxqnbhvDYX1hJdaQlhntckpCjtTCjUTNDeO9MOUON9S2ZCMkeEaQytuiwJZsIJVGey4lwCbWfi9y9w+aJmgharWka3vlScBGYSOXbLcT2+6y68iYe2V9pZxugDQoMBzAQIn50yE2QTSqxG7si4zQk2k4yWQtwZK28B7++0kZLqpPSvcQ9ItH18YmomjttoNOnvcHyNTSYxOW1kmX8kAQvJ+xK9Md/7SKo9Ib1WLxC7ZGmyxt9h8NUlQ7IMZfamdMgPco2ZiKuY8TcZSP8YuzC6DutInz5V5zPScINVc8rRU+T6mnCks+j/1FHSWY68JNLp3GTc9l1ggfQanMpKNkYcKefJb2HBazuO+3Kw8VoZC17ca/Dv1fGl/4bcAh4jtoAX95l01BMwJ35ZRRqc0L1K+zyX7FUA7T3ex5T0U1eYyaBDobUro4EQZoJiytpsU6gW8NJ8ffyJer2Z4JEvQ7eAHyw6UDjEFpboJoIPs+NVwWXfhX31S4qZ5P0WV+iSImcm0uZawBMzkaQHp/8z+aMzrDZX2rkHi8JCwda/fnTks/3fSsRSCr47Em0N5eVzNE97/j1W3H3A0EywwwjQ0017AU74d9kY1eUbBMVM0JUgIvEW8LjnXwW09b7yE3FoLC6eX2CctcwEaw+p0PU2zORSulmVOcJqcwVIS3c8OL5OcdTXiTeWS4eVbBFJWySLoWaCR1LT2T0EzERgvLFzXJu2CaL2uDQMeO5TM/Fq4qX10AeEBgOYCRA+O2Um28RDpyQ2Qr73fyQl9203MXIlTZUTvgHATLaV5arM7fvClV6DpYi9aVH1me8amnYF28mGew1mZiItuv9yiCnHt2lHkg//0DcxcvPqGTIPV99K/i9SHDRUevDQEdraJHp4+H28tonPlpHdIBZQzCQ4Yt775aU7TEK8L3Gxp1l9h5HLTJpzrlS1eCdwba4E1gc6xcBMkmglBSnqzAS5wRNlaiXu2jD6d7zU92RVSd0sV13dcefbflfa2/hinbqN74iZSKvT3vutl6vbtenroQ8IDQYwEyB8YtxMYgUwE0AEv2kx1aJN3QI3Pt99b1qMDC3ZSt+1wNvEZDKl0RbkwLuNYQT/6jeVrPVUoK2ncR1hX4/V5zkX2+Q7W3CosbvCYMvvjpmEiz4gNBjATIDwATPZFXAzyTh+ye/3+9yXSJfKUpo5Jacwp8Pnzz2a2PJLZp13wj/mNZMKxMhMEtNyqrwT3l+y5DaUAXNCqs+PFk6i7aFpf5RkA+w1F2it9L1pp65UtYRsGQoAAAAAW8A4gv+EVm2VpOPn6csEpLjzv94nI9OenotPZqd7en+Xh5dBk7SAJedCx/E2LDFx1idCkYv05E5H3GWxJDhIC2Gknl+PX+k8eX9y4TWuUHvyQtvQ0pvAkv+9vDZmJqvP9zqHA0uTccWs25yrxW0fXumdfmVUCGl8XFHERJ+rEtfm0qavhz4gNBjATIDwATPZFejLTHDHZbQ5BG21/NLB+7fNSWKOwRtq04Ul36XMapJ/FBxBYhNYw0wuyV1LAQAAAEBkMY7gnTZZSPJ+ZSOymeRcoLOCj37pwJ0fTPiuTuHpDy/0xrlGUTovb6Hcd7XF/azqJiCumIhKz68ZHqX1d9yFXjqCNk3NBDnPI1J/jGsSMpOe9WqUGR9X9AAt4IFoB8xkV8DNpOp8Bnvhn2wmci1hpc9ZWr1YrM1FGkMLHkJSbCOhzUReBAAAAAAizDoR/KvBnL4g+0vgZhJ3vo0PJIWqiP9420rOhQ7pua9CHWoblJnQDyT4idVg5Npcs8hD+IboLJQiL78m6xxX1PCs9QE1k4H1XEuDPiA0GCJgJv+9uAgh57sJmMmugJnJoC3pi0u0F0gwEwAAAGDXsV4EP498g5daSIKZHDqvfpMUrb71ahAJyX1XG1pF20qk59e480KfC6vjhxpJj2QqM5G4mQw1sHYm6NOE+ZhYMhNpdfbJw0dXarVf5rroA0KDYatmUnWp7Lyt6vzZsiqf2AEh8E4AZrIroGaCRELO//GHYSZIP+TaXD5am6vlB7OXZEv58nFntZq1AAAAACCyrBvBHz/fFkdaklDEdiZZDyenX80PPWHNPy5a297LI87wavBDq7KKwnPf3mtP0CrOis735KpZGjM5ntc2NLe0MOffK7YzseO1GhuVdibKCmuw7nHtdvQBocGwBTNZncs+U/ZE9pEnNbeyL4nvOAJinx01k4DT7iiw2i3WBu2cEAQn3a4KLxldnettqLDk2ytantJZ86Od+HOKKuTmacEa53W6AE0Za29Ck5YiV7mbriJ1VeFPsFgdU7QjwTeTNMVWhbNY3KV2PFce6CqeW3iByseT/PVcgy21dAFS2ZVtVNiNiCHX5mLvwci80pEehplI0kR9DjKQ1M+VV32nJyeaExK9Cx25cusUPitmaK+tKC7Cp8n9VPXKiJ5b9klxGgDeaZ7aWrSZzsAuYvnOF9ObfEPFjhCrEfyuOa7Fwdu4BbxoZxtCHxAaDOGayVxfeUHZ5ToWqFEunysr/4fR+56AGGMHzaSnylFW29o/PjM1zMpSjZjw2Kx2aia9VQ6L9frY3GixFTvDTAsWhq7hya67lQW3+2lK8S3P/PRwQb6dplisrl6yQJHVTt61OG65XDM/NzPW67aU4jcDYBUhKc4iHK1O9nV3PWaDs5CYyWq/5XIl+kz0CTY3eX6vjqOPHZmeQWu9FjbKdyOCdJxJCpUdBGyEYYutsq6ld2q425Kveq07N5PXnZViOrArCEcsX3hY7sZuw02yRYrsSiZOhd2BU5zKSx/bb6IU9m774EtvUSG2cXGV9Xha3LSBW3HUM1jv2PSFERUsDLwfN+phEyv/cD77428G3n9vanyj3SQuV38xBWayc+yW44reFvDt5dfP2h4Oh3rtzHBTVfbF2vYpni+8YcYeZP/tlrOus7Xp3umLEXpH7jvDYlejNmlb2DkzGS2o2Xj4HrSUNI2semlUYbHWsl4yVrvLWlX3Av5gZnhr9SnuF/Jfgo0UiaDFWMoLT6XqTdhTFhcuRUFhkPzOg/4a4irlxItCot3oFphwppsTk9J/JEUmwNbQxLJ0sqKYlYwR4QzO9ODiNdst+vJsb0W+fanfjctbhhaXhjzlaOHC66xMzN9NSvwcXfK1BGwnETQTW/51VW5Cf0OB1cEyICSpy4UvD5KjgUF3jLJ6nGdRYbNXeLe3CvRqP91PtEsj7B44TG+k5Zft/Z3K7S4YkN8EIa8SDTitdnd7/5ivtdJmp/dbmxVnKuFcg6JattDSU4uVzZUWO/kqFmvEbqrRyGLPwO++GFLMZHrg5G16Cl+ejIt4IfzOslsi+M2yW44ret8B/2rxTfaZ2pBvgGx3lI29WXxFunneFHesZWPaNCnb+kCbBKxB+cUybdLbZ8fMxFvbOvEUB3b59rq+dYrp6kqoA1AzWbHc5G3aZiy3hEBD9wyuKWJlJpR+d2UByzUP4ipYgblBd2UliS0m3S6agiISvrxEIgB6sxlpuN5PQ4HZtjLiJJbChkqSbVlgl5+pFN1uANHAa3+/pUhVNiKHtuPuUiaZyDZtTbR3ltbyrhVqJjQErCy097BgbwpfgS88tsj5J6ABfe2VfQFbERa/MTkHjVaeLJZLCeTTF5zprEGGgH7Ck/PaW0qN87qqnqdsJnWl9kmhXxp0Ksvy7eSMY5z5jsr+bm4mFmtN11J/8V1WnoDMhOuNpdSzaTvaCkuddK9ofgpFyQfRZ8RIyiqMF57Kuw394zPz415LSVNRuXt+etiSf70RH5yXLom+yaLLjpHpmcafHTwHJ9KMk1t3L9+3ySYXvmkudZY7PWLOEYf/SCk0y6Cs2G4pxj9qnGWAziCprMuV1VLa6nbhGrbrPmKihEHFTO4/42+bGL062iKPI2X5S9z4V18szIzPuk6OVD8adT2a85wb2hcXkKSF0kO4L93Rq+hznn51cXlm6On7cWSl8YFPspZnpp+fPTmhqiWzM+yWCH6zxOpxcfQBocEQjpkgjMxEm7YhPLYyr9gH2Wyf0+rMPlOGBpqw6Ht4+mxZ9rkbr+TFsnMbcRHNmTKrG5/R9lu30Lil/PFkqMKc2Gex/+yt7Y5od8pM0MOv2OaampuZnxvV1LHREUSPfzJCzYQ+0hjyLEzPLUePKnNp0VJUK6eMY4UoqWzsZ4+oSQ9pZ5J/XV44SFNqhlRvnS3mEcCL1oKf3fNzk87LjgJSZmIpvN7YOzo/3e9WPb8XdbsB7DTYInDg0j+vynDRmwkuOsPPdgnXAavqpWZCp8XACF91K91IYwbVHwhECvS1F1x2eHyjI+21Bez3vkLqcM7U2B3uCfy109O35K0tIOeIx9M45qYBOvnNdg1P9rpr2IdQM1kdt1xW5SYgM2l12mnpKMJS4h6Tw3QU6KH01+guVMyMSDCTKYuzbRtfHx+oLLH3k/tTkWAgBUZmoqzCeOGxlLM+eZCM0QgeWXcxFnLFTMpaSNO5Vf4lRBrqS2IRFrIR9tNTlWlznOoyanSFOMvxyfXcdLT3NaFLhTxK8DKKmVgdzrvd9HrQf2AUIpjJk6fnWN9USxUZvIqXRM1EDhMG9u2lI0uuT6aCKjOhjyC0MOnz5L74CTtOrEbwsXpcHH1AaDBs1Uxa2x6z4R/4JTVhmwmK7c6fxR5S/oD0GI15zstMnLll2TZ2QzwtuwpauF0uDJ9236oaI495byNf4J1jsX+bS052ykxed1b2yOPoQagI2ewwad3BLyGpsog/kOTaXEo+5TgJHzFjTa5GVX3cQOjS/wlPWevMUmclDW7QRUvDGrQwTZnvqeVZp7h4hD6hRVY6nXQVQYpQgEL+442qdwOIIiabXK1C5mkoM6lpx7ZMhqWAkZkQZoY7sfCAiEYabCZywSONttFdgr/pzJJf2b6CT9+gt7aoyku/frQAP7n0ZPFzh8dpXItC4Z5xi7WCp1Nw8deqly0z6vbMSjxM769x0O3WFLIKXdRy8WBTF5a+Vd4sosi75pqDlvFuxEzIZayswhBkQLy2SXaPYibyzVmVDRQRyFfnsN0mwYBoIBpLEUSCrjKpvq0KJ3ecl6LTX7RiJvnsRMsHGO0IZiK9qj459Lv3Bv7lN4v/uMhVRFJkAzPw/kk25jn5fFRlJjSZpaDn49HfDBw9vhwdGSmxGsHH6nFx9AGhwbBVM0F6cPbCdTRQi9iCmaC758zAg3tYTtitUDETJBv2LvazuGMtow1veHEKoqmYJaLbkv2dNRMp+Kr1dhOvvvD22SkzkZ418WcPihdVr2lVw4IAeUBPL6WdyUqn3M5E6yE6UeHgpy96dPFa4+3lRDPKO+WUFf4MG7t7nUsK53VXDX3god2Q04I0G3LtjQLRgTriCWUmrsYJZYF1zQQRHPfwej5ApKhgzX4wNNoWW5XQLHCUUmC1t8taKMTT7GSJVZ7Y6XvhKShyFNVqa7SQinlBJCFjREVIMQgL03lzspGG6+3kboA+trwdBf1eXviwjSxaChv6N1Wbi6yiTO20mSBf6n/cynzpWZPyc/M1KL9N9e+UrmJR17NVmYm8kzozYbfo3WgmnMCd4y+F9gDhmQni+feHBv7ti0kl02/HiNUIPlaPi6MPCA2GrZsJ+/VGwExkzjK1UMwk+8yNO7hIBoM2QW8SKJEloQdAbtmr2Rk+8PR3ieDpc1V3tvetMjtmJjirzz4yPYPbPoYs3AgBKzPpv63qm4s2EeFdaeF6WW5XWYPSuRZ6dDkbWqfmZnpbGtAquNmArwFXsJ5Tto52hqbgqtWsOEXJciOszJNPsJQ2DZJgCG3FedeLW3OW2HtXSBUI1UaB6OBFa11Ldy9uZdtLK3tweAQzWOuo801O+ldmumrQldDeO9yFgifcEcLaZvKitdzZhC6qrruVlX06fwW2ht5Mpu6HKDOZJJV8dPE0O1mVQv0fpczEix1DU99SbjKEu+WQ43gapk9ZSmrlH3WrpQTX/ee1udBWuCxtF8xMkD5pWsBjdoOZcIg29POzjBvy8XmhanOJ51d6l8zk6fusyhYlbDORyLoDGVeFhJ0hViP4WD0ujj4gNBii0UyyzzjJ/5XsAmYm5efKsotZwxahNpdiJtPuW/aubQ3KowysJdq0t88OmgkAAEBI9GaCSyatjjEh70AOQBd7buKWXXozkZa8FltD+/Bkf4vcWEWOy8UyBzLJAvqyfDtpCy7RMF3p94JQSRqYqdqZFDWIC7wtZvuLyAt5eOt/hNz9hmAdgpnQXoY1q2B21EyKnLX94zNjvs7Gckd5F64oW8b75hKr2HEz8TbwVTTNEWPeTIb2xQ28H/f0jyc111dYZjL+dD/+tGfVQ9FQn2vw+TY2ztpGYvW4OPqA0GCIFjOxn3XeeYDbq1TYbpwufUwTkaIMz46+xr3i1p49W9bQ1u+puy0WpCjrrz7PPlPmaXvsqWu6fImKzTvEq47b21xaQgEzAQAg2ghlJtLU4wYx1Fbqdy11F9zsDmEmaMQVum+uySZXo1w0Kglm0l5ulx9/OEynKsKh1TvFvrmK8+XO3IANwHzJ6lB8yd9NDarrpVAPlpvJbD9fpX1U1b9WTJrJO8L80pu5xVir9oyOCB2XNjW20AeEBkPYZoJbq4ccwjMTYDcCZgIAAAAAAAAYoA8IDYYwzQQAJDATAAAAAAAAwBB9QGgwgJkA4QNmAgAAAAAAABigDwgNBjATIHzATAAAAAAAAAAD9AGhwQBmAoQPmAkAAAAAAABggD4gNBjATIDwATMBAAAAAAAADNAHhAYDmAkQPmAmAAAAAAAAgAH6gNBgADMBwgfMBAAAAAAAADBAHxAaDGAmQPiAmQAAAAAAAAAG6ANCgwHMBAgfMBMAAAAAAADAAH1AaDCAmQDhA2YCAAAAAAAAGKAPCA0GMBMgfMBMAAAAAAAAAAP0AaHBAGYChA+YCQAAAAAAAGCAPiA0GMBMgPABMwEAAAAAAAAM0AeEBgOYCRA+mzWTZQAAAAAAAOCdQh8Qrj2AmQDhs1kz0a4PAAAAAAAAxDT6gNBgADMBwgfMBAAAAAAAADBAHxAaDGAmQPiAmQAAAAAAAAAG6ANCgwHMBAgfMBMAAAAAAADAAH1AaDCAmQDhA2YCAAAAAAAAGKAPCA0GMBMgfMBMAAAAAAAAAAP0AaHBAGYChA+YCQAAAAAAAGCAPiA0GMBMgPABMwEAAAAAAAAM0AeEBgOYCRA+YCYAAAAAAACAAfqA0GAAMwHCB8wEAAAAAAAAMEAfEBoMYCZA+ICZAAAAAAAAAAboA0KDAcwECB8wEwAAAAAAAMAAfUBoMICZAOEDZgIAAAAAAAAYoA8IDQYwEyB8wEwAAAAAANg2Bp/P/2NwJpYGdETag4w59AGhwQBmAoQPmAkAAAAAANvD/NKbucWANnWXg44IHZc2NbbQB4QGA5gJED47ZyYjZkRCVnOQTWcl4ATzYZtqqbcJ2Z7ZNsImm7/b1q0D20aa2ZzlVk1Skj5On5AvP5aSlpHj7GBJ/o605ESUmO6coAnewnQ0zeYKdDhz8HJmM1uOMHIlnW7U90tuRloSmpt5Rf5kjm4TkrQQchPm5Fw+nnZFvmQlKeCrQsunfp7bLG6bwPbqqIPOcXydjqZy6idIRDCS9F2zauldyL0/m8a0aevxrOREkzaNMXktzWQSE078e7zJZNp/9Bs6aTIdUOYZfA6wNmPFB+5p09Yh8OxefJzJFL9/Wv6plvwZnSjTp2fqVcsJzD/OM/1ZtZ009AnqFEr3hTTxPGaTMx5nTtNHzQ+/j69fUibRYuKkNO361GSCS2KD/GNwRpsUE8TqcXH0AaHBsCUzyT5TJg536tu0SwAxzQ6bCYoFf2LhGp5I2FY3oDuAdoFOgpnEKnoz4ZNICtiIfOpHLqdZ+iQp2KGJ3S8dTbzhtqXrtKHjp6RmvyZNunTYnHbFRrcSkMMcvzPjhrhkqE2Yk7/Ub6L5uyQfGRkpS/+ysDkt3+sozLzkQQkBc6oFzwj6LKmqtTR75S/PqFrAIwvVmeaEDDRS95VZt9e7jMiaSd4HpgM/Zmc/olNjJQdNmsoZb8lM4svn/rlwJrd7RTtDTfL+IwU9fOp58tlWYeauYfNmMj82xM6D/P2zyfmbn5U8YwuJINn4rPye4CHzcaYEdDb1ZpL3hzhXk3Ieu3+M75blx/TbPHkpOWXPCdMfrk0rk8fESXzxfPvNFi+JqpMpieKdKjhBU8RlOOiegB6XShYFTdE/v3yXzOYUfEMjoGdcSmqqcBfyOzLQEzCLT28PsRrBx+pxcfQBocEQppksLC4XFFUiG3nYhi/b8efTN27dR5MoXbsoELvsuJmYP6ahVYfZnJb1XRq9tzZfyUkkRShpx8mtdsRmNmdWLUvpyYlZV3KwTFCf6cw1kxu3v68qheQ959SzrGM0HvBV4Y9ISGzxSzlHk8zmRE2+Mp77eSb64yMPJG4mmq2jQDa9jKx59xRKpA+DrAS8D3y7iSnpOP7E+8lJk7cD7DCGZsIe/MpDfcSWUe4P3Ml0vGQJlEufZ6FZabpAITNBm4JAwuALNosbxbizeAEdIuQmkE6svYkR22E8IpSZtPBxJFRKicxynWav0LUtRyMduUlkljvrEtWdqOSEyfTNvUCaOc4UFz8oq1238wQpxPgrneRmMl197ETTPIp6x2a74/egRUx591j8+tej+1FKnDmNTctGkXfQNCiHoZR40768vmnTn2hO/FjJAVX5ifR2zARpyT8VzNABjWtnCyR/fi75aKk8tfvNZPJhQrzJtCe+m56YZyUlz+b3x+OykU8vaBWCckBdorXWKei78Cnajugh3zTMo7PJUw7sMSWc6UYjeenfiB8iiq5pzzfyKAVfGOQKYdMm0wlxcp8p7dqj0PuzURa8NFeC3zTWyqegJCVl2fLTRDNBKXoz8RWm5n5uTjrD7g34GffVqQynfDPwXUo149shX357iNUIPlaPi6MPCA2GMM0ESYjbo2TCiOnaJCB22VkzqTqOQ3g00XEmKbXQx91g5I5tAYcjATQXhYk84s/4OgdpBhnFBR0oxjJnOPCHLXd4JwKSvxnNoPdgvEi6xT9Wl5WMR6t8fguuzJKU28l3gCxz2GZJRfaSKQlmotl6x09JtNaZ5WPzl/8/e3Lgz1yWt4tEJRl/Nv9ktF+p+VEc971jrGUmC76qlB9baCJ/qC9UZ6KQHTnAxF3swObEJB+v2xHKTNB5p96bdPQUTZGLL9RmsjyRJJfOUUJvguyeMkFAlx8dCXhyzCkZipn0WS4Nygt15nLtGbmSxveqiny0Lz+lgwbiL29kyJ5j/rqZrRB9YAWJz6bjKArE//ryjlWTMDY4iMLEgBxKJiBjKMbfAop605wsF/vEHhzF1v/J1CfrB4oj8T8SiZYcNMnmIrNUv+8CDjM/5eHvM5dpT0LftHJiIm4mud0rSEis3tcLb/6HyolByUny/nOj9syr7BQzMzn+0ZGDp0pnJ3qTPzqJlzlkfUwX/uhI1SwZGyi9PEBXiQr0ZSbs5D4rMf3hGk1Zoyhs2pTuEqdd6SZeZKFDZSYI0UzGHt3ro1+OpD6P6LqKSwvMdpd8lqC5PPou7KtfwoUq4jWJEtnkUv2x2kBELgnNnYqm0JGWH/Ctgo6j5+YC+ZnLv/gFmqI3E/Qgkl7ichE6iZ9x3zUnoURCTpI5804AzCRSxOpxcfQBocEQjplYCm+Njk9pUwkoHc19/XrzTXnGHmT/7ZazrrO16d7pi1v+jb5jLHY1apO2hZ01E8l/A900HS9xKO9Tl1ok0Zr7ZjOOw6iZyFVf6r7CUz6iB3WkhA+XXeBybwxdyCw3IMFRGi2+cGeZ1fd9vDTenJ8ujA0k5NaXcdkLGkF/USxoTndMkBRJvV35/r5AytlZHSEgGtCbSeYvfkSdMzfxKDFbejGYcQlb2o/4CkLXyogc1KZwowhpJrxwLOjFRXmdubItKGYSeOWf8LakJSqfKa21iRBmMqIJOFK+tphxOd7IWmaCf0fyXuV+zAoYT7FiQy8SbDpLdOlo4wT2DRagUiVQZWmbDpQ8wykJe0wuOYgUo15a4iHmsrMykGclCQkJ+37CWeYieR+wMDdQfSzPq6QP3isxmRLouMm0r762ng32E1sPQ/+5ENsIHadyglLUiyggM0F/D+4/QqaombR/ceM5nTt45Vi7JH27/8jxyjkp2PoXz5vk7xpQyFz73ZHNP8jfIso5mu3b/1vcqIObCf8+9fYiYf9kZ4FCS8nEFDVGZqJC1In5btP//vRe8YkD8aZrA0JWAT718eR/X95vTXQG2e3pa3/Ak+gvTnrLZqLw8sapu7hqJjeTjIQkmqI1k5cOmovhL8+gBaTUTNCKJJ8iQMtSwEwiRaweF0cfEBoM4ZgJLRgZG58qvdbAE92eHlqKguYOPB3n6RvEYytrX9Qmvj2mm25pk3Y1i/1nb/VrE98+O2wmpJ5rRjl2A0kxEzwr8fcZp37MSQplJoE7uAqWpc+H/gZwRnIWbl+cmJTzI86B3ryZ4Lu/+fMbHVdoXTLd1om6mL9uNuOdbDGbTzX3oNAwRSJlI2i76cdzvkzFny2RZ4CZlvMAUYPeTPgkz000p1mQqwRkVeDhu0QUgo2FNBMhGkBXUVYyX0BXm2vwknhhhN5EiFhEaybomsSFjcgrRlhTFow7yyFH7r78FL4K/k19fkNeCD1bqjL5Ie9+MzlW3Wc6WELrZW3QTEwH8/apw1wJ18ZRiP/+oTir8ICJ1tmJeJlJGGbyuOCPVVihiJmMuZL3H+HDA0mq+upI8mm31HKudkVK/ugcUpS/fkRNJlpg52io5MAeU713LCCUmRiYyXzDiRMNKg/RiIqOcMyk+ku5gl9w3rTnmLKMFBCuDtO1SZxEdxt5bPWSlCYUx22RjZjJjc9x8YikmIk/6etmmqK5UfgKU1l90eWqFFKGT80EGUvmnQD6S2sQgJlEil11XIH515sO5/QBocEQppnQViVi3S1kKTzdVlYnLL4hkJl4VzVp3mwHy4Cynymz1OEMHvsZ5/CDWrzps84n1GS6arNzGz2OWyjR3vSUr9xAUs6XPngyR28Y3vJe6b+fPUSJr4bxX83+73p2Qk6mpqZ21ExoEz2zOfWSxM2EeAipToWVQG8meKXCVNxcPimHrWU2OyakQB/+qDDMRFogLVLopH7rOEsbkUIjOTz2cQrdGbpdRDpul5IlBUnjmeTtvtEDxmzITNQPdWS/tMk4nsVLRUKZidKiY6EKXS119XXyYMm4UOcVW5L0WYiZBCbacBWy0JsIFYvItblacg5ndvj8KV87kmiZiYQbtOA5vAW8n1TeEtqZoBGxLy8kTkk/0ApsI+bjVTw92tCbCYr85NpcfWJtLhS2xpM4VW8m9/4cz2tzmcTwMTioqhq0VC/aSLy6PQMKWN+SmWy2NhcdObj/yLcNS9hMgq2f2ZUzi+mxHtyfWXAI28jNzCOjzszkQ1bVAjsNPUfoxMlNzKfXNRN0fr9RF48k7DHWEsnYTNaqzfUNqQFI2ccKSTB9F/ZRGyFMmz7Ae852G418INchjMQlsQEzkdtnyvztsHpauI+huwS/HZl53h97cmVckvvMADOJFLvluB7fdRfexEPbK+0sY/QBocEQjpk0NHVRD9GbiT59wwTPn8Urlj8YllNCmokiMKfpVrqwqLAVbjobSK6i1+X0UG9Z7S8/V0Z++t7sM057FyuXsYezh1HPYn/5xR07rp0xExLfK2XN5MZ66nAiqbifgwwkpJnQcgy5Ce9CRyEuqci84kVxWDhmgqIE0hwl9NZl+aHt4PGWaCMTSaLbNe9NXVhGt/4ssi0FvqFtQPcAW4fco7jCWlqhNzEldMb59j+u3h7iWWkWJ/emdMhlGNqKEOik/4hbJqGT6+dVsAQzcaTLbZwk3DGDOSExlfbWoEDLTAIZaSm0Q4VTV8i1OeJIl7UhxCZCnUquTxTRNKSJZnQe0bVahzOgpZYfkqpkF6J7JR/ghJn006BsyJ3Fe+yJQkKYCYopa7NNoVrAS/P18Sfq9WaCR74M3QJ+sOhA4RBbmNbJ4QRqj+X1jVWTrmlNcfGuAbZqxM1E2lQLeNlMpEX3Xw4doe1Mvk07knz4h76JkZtXz5B5uPpW8n8R6RoqPXgIOwxbKzqQz9F8d/Ex9O0eK+4+YGgm2GEExjQpB0rGlKpWIkZmwlvAY1TncT7tf+MKZnHm/eTHxGAtlGTyPsBXCzcTXr8rIpeEgZmI7UwoQjsThuomtlyltHQnHQM6Xipm0nEmyfwVy33e/lt91Ebw442dm64sJBC1x6VhwHOfmol3k91d6QNCgyEcM0F0dg+ENBN9+iZ4MzPw4B6WEy/1h9BmwhevuFCGnQ2biZMlDTZZ3fjslucqi43V3WjCmRze7NLHr+XE2DQTKfiq9XbT2M7UDd5eM9ki2EzetSpTSbqYlaMPZw3xm9Nzm31+74TqRRki2/+42l1kmnHjUW3q26HuK9yqiqMyk3DRfCawU2y412DZTJCbNJxhfXPNPr55+mTy/iP/8SdqJtLkjZOfOWnjk6fJ+79l7eCjhoffx2ub+GwZWogRGxiYyUhZujkBVyHmGJsJUhHaCJOxXMf6mKEZfH0Wfvva/lu9QQSP3OCJMrUSdw1ncx8v9T3R1sfZBFdd3XHn235X2tv4Yp3I6h0xE2l12nu/9XJ1uzZ9PfQBocEQppkgAoH/1nTP5e3Fl3r4ZiJzlq2+jpm0l5XhTC9sJnJN6NXHdDGruANdteW96J+XzqLEopkET5+ruuPbxsY6anaJmcjF2enaTO4YZ7ku66ccTT+znM2Zidg+YQ22/3EFGMBqbUUMfwy8aRHYXZhMprTv13w9IvDuYBjBv/pNJQvzAm09jesI+3qsPs+52CbXmQ0ONXZXGGz53TGTcNEHhAZD+GayFls3k8s6M7GEMhOhzERONCwziW0zedVRu4NaIu0aM8H1Usx7U+m7rN8dcB7YQkdqoZLTTd/qbU5MmiBm0iJXLaM1dsyHbc0/piUmmOsC+DXktAexnLto2ZHUvUzu8GJyl2Je5ymUknGeBawo/dLnuF3/Jc+7VjQFAAAAvC2MI/i4CzgfGnH7Wht9yMed//U+m/nmk4tt713szunGESFagKb2VHZUkCYTH57voSOMnl/jzguldKvjhxrJ46zn1/GlyavXOpgFTY/EnW+Ly+t41KCYyVVnZ1xeW49cHfJqcdt0N/q0EG/a4BgfV3SxujS/uOkQSh8QGgxbNZOng8+RGBT+vZqnoMm/nv9ZWGRD2M867zx43Nr2uMJ243TpY5qIPqr1cX9D+Y2zZxUzyb5429vb76m7nX2uES+EzeT6+bIH3t5ORVEWvdnnbnmfDpdcLMs+S0tUVGbSWlrmfDA8+ZK3adndvOq4vbNaIu0aM3lHSSUiwd+J4StM5e2nJWImXCBomT6SCmE+I4u2cBDKTKiZpJpZv5NSWw5tvUO9ha4SkepDAAAAAGAcwTttzDfi8n5lI7KZ5Fygs4KPfunAbY8nfFfJyy8+vNAb5xpF6by8hXLf1Rb3s+rhFVdMHm89v2Z4FIPhLoQ2Tc1k2tPziNQf++R8B52FzKRnvRplxscVPURvC3gR3uRdHLp7lD6yIkuIsg6xNhewc4CZRC/LdbTveV9+Cm18L/YzK6lrc1HZEKtjTbhtKUI5id5M2DwC9RC+uu2wpu8BAAAAAAiTdSL4V4M5fUH2l8DNBJdsyANJoSriP962knOhQ3ruUxWYSNKTOx1xl8X2dEHacAWZiVwIg/ATq8HItblmkYfwDdFZKEVefk3WOa6o4VnrA2omA+u5lgZ9QGgwbNVM3J4e0UnOnPt5ZPSFdqHIAWYStYCZRC2BavwKFwrtcWUzZrJgTkj1+f0Ly1gzcILeTNIsXvzuQcwCMR8wEwAAACDirBfBzyPf4KUWkmAmh86TN7AIxFmfPHk1iITkvqsNrUJLPBTWrs0lmInEzWRIrs2FPk2Yj4klM5FWZ588fHSlVvtlros+IDQYtmom2wyYSdQCZhKl+C7RqlwU/PIXX4jaXMICajMZsWVWsxqlrHcvnZmgz09XV9kCMwEAAAAizroR/HHS6oNPcjNB7pH1cHL61fzQkwE666K17b084gyvBj+0KqsoPPftvfYEreKs6HxPrpqlMZPjeW1Dc0sLc/69eaw2l7T6fK8dr9XYyDYUU2YSLvqA0GDYZWYCRC3bbybll+2WUo82NTTBSbergvansDrX21BhybdXtNA6h8H50c4Cq91SVCE3VwvWOK/TBWjKWHsTmrQUucrdrJpiVxX+BIvVMUU7EnwzSVNsVTiLxV1qx3PlQVwFLUBXaS/XLoCwod24xXp9iBQ5SWax4Tt5y2SmJLSA9xubCfqEo0n0DS0tP4Q2E/z6v/pc/GHJab6YKzNBZ7+sxIFOk2dI1ZSr55Z9UpwGdhXhnL4XHnYP2YW033S4xdoMq1OWfBdL8daK9yuc+GbSVoTHi53KWzYq7PhX0CO+PceQmiLlzrarKbC3bvpS2WaCCyOf/Gbg/fee/vEkTRh5P25AHtSLrsly9RdTm3xDxY4QqxH8rjmuxcHble7Cm6KdbQh9QGgwgJkAkWGbzWRpyG2xbthMJjwo6KdRRW+Vw2K9PjY3WmzFD86ZFiwMXcOTXXcrC27305TiW5756eGCfDtNsVhdvWSBIqudvBJn3HK5Zn5uZqzXbSnFbwbAKkJSnEU43Jns6+56zAZnIX08s1XQAnwVvgzdx5nOGnxEkTYTYGtMobNf4e6eGu625LN3I1J4aPu6s1JMB3YFETQTW769kVXooPTXFNptbrluSH9DgZj7IAtAkb2WJ751lp6ie4toJo12u2Ims8P8XtRa5Wqdkyov22ta+sfmZipL7K30rSYvWgt+duNfQdE27rYeUagIyLhQCh0X/YolUsWyOrhQBcfb8JcvGNe6WGxu9lLOaGXyi7hnpY0LvY3jx/eOkefJ4PsfPnM1Tt3Fg2bh3c6uieA3yW45rt3RAh4AKNtsJmXuURRbbMxMgpaSppFVL40qLNZa1kvGandZq+pewJ9wDJyVqE3BD0X6l2AjMYfysHzhqVS9G3vK4iIPCr7KCw9dpUIIVgjByp45bDhgJtGKJpalkxXFLBIikWhwpgcXr9lukTfZSV50lpf63TgfemhxachTjhYuvM6K5vzduKTO6uh6i+3ygDWJqJm4LIUN/XK99i4X+hXXcjMpt9orbjd45LcWop+/XHg7bHG2sVfEv2XKnR7xriUtdY69Ee5aAgX519UJ4+SO1FtJ8nEQk00unFsjg459srPWVmgvKG1A1z8aQVd7ZQ/u84jf4iylrW4XLoWu6zN6Uf36+DstJQ3ibpdftvd36u7SmNGCGrybSy/ZWXCynVlBzwL8f3WYLhB7DBy9iv++fxJ3P6Vj+i9x0uIjXJbyLx+uoKf2yQ8H9v1m8CReZaH0EF5l9Org+4dmSo+jZUb+zvLFJ77/BE0+/ePxie5N9xUbcXZLBL9ZdstxRfU74AFAwzabiURii42YSV0JfSZRM1mx3ORt2mZUGrDaT0tIODVFrMyE0u+uLGC55kH0lJ0KzA26Kyu9uIbPpNtFUwqsqmx1FKPINxu2ClqArsKyTguvl9UqbezATKIZ+ewz5NB2HJ01moJiUFsTiYRmW8u7VqiZjJCAtbLQ3sNe+zWFr0AsqPpwCogM6GsvuOzw+EZH2msL2A9qhZSUztTYHe4JnH1OT9+St5YWaKCfcNFlx8j0zPy4l0W6pJSga3iy113DPoSayeq45bKq3ACdylanneVBoEC8xD0meWUzGUXpr9HPv5hl0itmgq6E7TITjGgmhBBmMuqu7FdV1ppprcBlJs+aivjl6msQ10KHw0x7tpXfjStJQbFiJvJIhVUoSgoX7W7r848kCZ0OTZRXTvdBcEv8OUrwjn+qznL3/PSwxVpZbGtAF0/vbRf5FSOz8uCScP0VEn2sdufQMhPkG0/346pcY3dVXzgyk3H5mTawby8dWXJ9MhUUzSSOnlO0MGmNeH90/cfs9rFbIvjNEqvHxdEHhAYDmAkQGaLVTILyMtRMaBYgQ1y955aDvxeJsGgpqpVTxtHDtaCksrGf5flNekg7EyV/MUhTaoZUb50tFgpGNAtM+bqn5mba3bXFVvuknNsKZhK9LHnlGJehNxMh1hm2VPXScIdO82XwYuiqW+lGGjM4v9Eq+8CmqMDO30DHLfnEIkbdzk7STAh5BVYFdvoKWGEXjjvLWsjbDUgALZFsBWqVEi9JIHEtOpXqGwU2k9ddNZb8CjI1Wnx3VOJmMuqm0S3XWm4m/Q2uyr4tvqR6M6xvJivokDXVlmy0qESM/tUFR7QEmOAtplouX+2CmdBvJjL3N+1uhzKTYnUmAsJiJfvwrKlxgqUUqD5n7UwEwUw0V0jUsXh/9HdxdN9n7jZO947PddxGciJ27opkg8e/A++zRimS5+TzUZWZ0GSWIj0Z+IS1G4wGYjWCj9Xj4ugDQoMBzASIDFFhJqzCtPICzUqlFaZcm4s8ZgjjJHzEjDW5GsfFcuqAxap92mEmPGWtM0udlTTbFQkJzXBFC9OU+Z5aGohgZtv4k4yvghYQK50ThnnJTESe3EDkeTOqvdJCm0lN+9zMPB2WAkZmQpgZ7kSy2q8Oc4GtUyH7hkQCWUldd4uGtiilwGpvl798FHfy9zPTkyXE3PLpe+EpKHIU1Wrf1kWKv4L9NY4x3MTEQYpBmJmUyyHsSMP1dnJjQB9b3o6uEK+lvJN/wnawnpn033ZwncPMd1cU2edpVCvXQcWgzxHqCYlmwr9znZmwIqaI3N/WN5PZ1rJWduOllBfJBTuGZkLH9D9VbiaaKyS6CAwNZFx+pa9s1X+RlqJQ5GIQzIbNBPP8+0MD//bFZBS8mzpWI/hYPS6OPiA0GMBMgMgQFWaig7YB4AOSE6WdyUqn3M5E6yE6UeHgpy/aLmkHj2kvx48oFGTIKSv80Tt29zqXFGGVFbqKQL+Y17j1JzcQYd6MNpbax2gnbAKhzMTF4x6CUbhDCY57SBY7EEk2aCblncM46CR3A33cGdJMLKVN+vx4VjHvWVPdM1aRiYfp4s2H5lPwMhNNhwpvnfXMBEmUeCkiLSm4xUNa3KafjiHFUrcz4d9StJgJUize5gcz360ciGFtLjqm/6nuCjN5nhEXQksQ3TnPBZ0I20zwnN/FDXzdKCTsDLEawcfqcXH0AaHBAGYCRIboNBMBVmaCswaFvrloExGhmyzcv3BZg9K5Fgo9nQ2tU3MzvS0NaBVc4u9rKCp3z8/N4J5qiNIU5NtpSuPPrBa7hJ98rA4DRl4FLUBXsZW7x+Zm2kl/XzzTPCJPbiCSrI5bCivrutjFMDKrzOHB7mCto843OelfmemqQVdCe+9w1+PWGtwRwtrhzovWcmcTuqi67lZua5WedwO9maCQVK7NNSzW5lrqqaH1rPRxZ88tB6/Nxept8nYmTtXbCXiTIfTTlttVkzB91M1LTfFc8iHcTF57a9kubQ/GZrLaL7YIR1rSKt8Aux6TguXZNtY3F60WJROFZqLaw/nuoipxi7g3FPxf2wJ+7Z/qbjATpCXj9awnLtIZ1/izvzunOoZIbS7WmIQSlpncf179aHlmaHBf3NDPW20mtHViNYKP1ePi6ANCgwHMBIgM228mAAAAekKYiSRNPW6wCC/oUEpRlroLbnaHjDvdruuqNx3JOe6TTa5GOQNCEsykvZy308Bhulx+wqCFqEILeNwOjXWZAGwYYzOZaa1QenDWv6dFwn3iofECu1BvjSy6q83knWLw+fZ1G7GdxOpxcfQBocEAZgJEBjATAAAAAADeHvNLb+YWQ1Zc28WgI0LHpU2NLfQBocEAZgJEBjATAAAAAAAAQIM+IDQYwEyAyABmAgAAAAAAAGjQB4QGA5gJEBnATAAAAAAAAAAN+oDQYAAzASIDmAkAAAAAAACgQR8QGgxgJkBkADMBAAAAAAAANOgDQoMBzASIDGAmAAAAAAAAgAZ9QGgwgJkAkQHMBAAAAAAAANCgDwgNBjATIDKAmQAAAAAAAAAa9AGhwQBmAkQGMBMAAAAAAABAgz4gNBjATIDIAGYCAAAAAAAAaNAHhAYDmAkQGcBMAAAAAAAAAA36gNBgADMBIgOYCQAAAAAAAKBBHxAaDGAmQGQAMwEAAAAAAAA06ANCgwHMBIgMYCYAAAAAAACABn1AaDCAmQCRYSNmsgwAAAAAAAC8U+gDwrUHMBMgMmzETLTrAAAAAAAAADGNPiA0GMBMgMgAZgIAAAAAAABo0AeEBgOYCRAZwEwAAAAAAAAADfqA0GAAMwEiA5gJAAAAAAAAoEEfEBoMkTWT4PmzZSWPVrTJwDsAmAkAAAAAAACgQR8QGgwRM5Pumqrss87/lryWuufaeRvh+YPsM2XWpmkx7fyZMnuXmLAm2WdqtUlrU36u7JU2DdgqYCYAAAAAAACABn1AaDBs3UzeDDx+WF58HXnFk7mgtAUzOZ1bln35oZiWffatmElVQdlrbdruZrGrUZu07YCZAAAAAAAAABr0AaHBEIaZ9CMJEYZbk3Ni9S3vWcfDJ1NBIWVjPH9gb31ccraMJ7x+dLvB+yBSZuK96RzTpsUU5ReVr25HADMBAAAAAAAANOgDQoMhDDPxqs1EowRk7rkmdeIGeE4kpLfR6SVW439oPVMmddVSM0GWctpaO/BysuRvZe3LOGWs7sYdh7Oi6bF3Fk/S3bCfKxt+Qz5t0Zv9typvb9/Zs2WnHV5pdaWioOzJ7Myr2Rk0846VBvHP0cjpszda2x47L5ZVDZO01f5sayNabLit9rSjkyTtGpCcnL3Vr03dLsBMAAAAAAAAAA36gNBgCMNM3lqZCZaQ0WwkEpI03XQrO7eRm4mCt9H5D/wfmUm29QFPxmYy9zjbyozIe9PZvohH8OecuS4RG+FlJqKZVI2RXV3sPFuN1eR1axVTFFyXbJ1ymKhjsX8HS07ATAAAAAAAAAAN+oDQYAjDTDAopqdmMvnmzUDbA2ck2plQCcFFJbjt+3VsCNxM5p423Ko6fRZvkaYgM2lXVkZmgneAT1pV7oTT1zITOe05NaJX7lt35N3HarSreNVRe/pclTZ1uwAzAQAAAAAAADToA0KDIUwzscsFJjyF9s21uGUzabhcNi0Fsy/ew0UXspmcR05S0Dg5O/Pq6b01zKTsSd2NO7QAhJjJK1J3iw7Shs1EWu7Ltjb99+rKdG+TpSGsA9kxgkhL7vhIUdFOAGYCAAAAAAAAaNAHhAZDmGZSVaAURwhs4X0msplIy4/PF1xv8JNxZiaT2QUPqFd4bzrXMBNc86okt4wG5mgxbikUj21jZiKtnC57LCfuIrCWaNO2FzATAAAAAAAAQIM+IDQYwjQTqbfxNDGTdlyDKxJwM5Gk01x45DKT7upbZ8+WZZ91Tr4ZNjATFKBnn7leMYh3qfXWLbR7p/92w3qLNGRfnaaVwSbXMZMgrwN2+lKjPDfqWRzVpmw7YCYAAAAAALxVBp/P/2NwJpYGdETag4w59AGhwRCumUhPy8+RCP7iPe2c3cyYu8pe19na9hgN1r+VeVe1CwBrAWYCAAAAAMDbY37pzdxiQJu6y0FHhI5Lmxpb6ANCgyFsM4lNaEdelLE7Nzykh2JgI2ynmaSZVaRdGdEusQFsh9WfctimXSJmcGexL+rzXO2scBm5ktasTVuDERvdesrRU9pZaxDL5wJ42zSdMKnRLrAB5juvxaE14xP2H/1GOw/YIcaKD2w2HzTw7F48OpHx+6fluh2DN/Hl8emZetVyAvOP80x/VrZz78Kn+BqKP6DP0+6+kHZCeD/CiX+PN5ni4v89W0mSefh9fP2SMok+T5yUpl1oG+JHAQb8YxC3HI49YvW4OPqA0GAAM1Ez9/RsLikLynU2PJnTzgXWZjvNZMGPocE2GlnYiED6b6CFxYTAK/4hZjz2aiPZMB1oYW1a9OPOslF3W6hK+qlDMzM8NmUmWW4yEvSZP79BW5AZA2YCbB2T6YA2aQ3yfquxlzHTZy5xOlB9bLMx8TYQXz73TwUzdEDj2tkCyfuPFPTwqefJZ1uFmbuGzZvJ/NgQEwp2MSzV7zvfh0e8edmPlOU4SDY+K7+nmElf3rFq/gmqx0feH+JcTSVcJ1zpJlld5k3pqosHYdpzwvSHa9PK5DFxMu8D04Fvv9mimVSdTEk0m9mdVpKyks3m32f5fR3mhHRxsS8TzLZfOnxtjpy0RAd5KJjNGZb6ujo8tIhLYnyXzOYUC/nCEM3fmVNSU4U7uN+RgZ6HWXx6e4jVCD5Wj4ujDwgNBjATIDJsp5lQqJnwycBYXWKCOTE5bYJmjy14U/aiBRJzrrT4O21fplAHMWviaZrIJx1fpyehG/zeFO8CTVhIxzd8c8aPNvT56G5Ol2eB/m6Bm4k0Yv6OfAHBCXpcib/PpDO8zlP4wBISmyfIcoJ4ZPHvZ6IZfcPoywnQBfwt+Av/fYa8oJT7eSr+zMOneAqGmwlRDroj6HvGm9ubyk6WJGX8nuxPCn6OcjNJMifRhfFJSUi0dW7EHgEAozaT+TRznCluH8s7n+/GWel74kvQFdVXSItWhNBwTMw1l6RpXH5CwN2oTNbH7zHFmdNOOLvJ3HtoxWMf4EXwog1/xcvtie/W57FHGq4ldNDOFkj+/Fzy0VJ5avebyeTDhHjhS35WUvJsfn88Lhv59EJoeTlAi87ufVPyjCYMxv9IT5+Kvgufimd/zHbgnnyDOkE+4cAeU8IZvGJe+jdou/yaoXMp8aZP+Thh2vSn+njTvjw5xEfXmji5z5R27ZHyUeGw4DUnf5kumIk5IbOKPMKqjpvFzKDAsnwLDXbQXCq00lp5TL7C1NzPzUlnWGYWMhPzV6cynPLn+S6lmtPATCJFrB4XRx8QGgxgJkBk2FkzuYRDYnOzX/LfxTWXUDSMbplphT4psGBz4zspiqQ1ZSYU8iEs8q77CoW/6Zd8gQDOKzLjmPowWukSup/brpC7N6kWJa6+O5DNpOqrJJpPpkC1wXcps5qp2KXDZiYe8iKymQTMqRY5DS/AHlHBZlqbDn17I+wp7jd/VceX5GbSkZ+e5cHPRfTAo09NiVTMQ38zE1TfKjKTBXdWEttuM3/cAsDGUcykL2+fKZ6OoogQu4S6ipdmEvFZgunTM0rOt5BbHzB9kEfH5htOkODynrKhpfoDRYN0NE33mZGFFpjQcav3tXGxSfL+c6P2zKvst8/M5PhHRw6eKp2d6E3+6CRe5pD1MV34oyNVs2RsoPTyAF0lKtCXmaAQH/97VmL6wzWacu/PxB61TNNyjL7z+9jpQeseKAm1pCSaSfWXykl0pePxsUf3+uiXI+Htcp0Qi92oo3L6LuyrX5K6f4w3xbOKXmi3USKbXKo/VhsQPypssCWwWyW7J2PQ7dcjtfygPOYYC1V0GXO6g2RGhcBsTpVe4nIROonN5LvmJJRIyEkyZ94JgJlEilg9Lo4+IDQYwEyAyLCzZkIFg4MCiI7zRFYSEidIJtFGzETTfAXdtgOduXS8box8yq41E0uP3+9zpOb7WErQn5HGSpHQwww9chRhaQOl8wAAGpVJREFUIRoTwkyEog88pSzAymHU357wuBqxZf7i9/ubzcdZx9ZKIQx52o2QfDuegjAnISv5kttL7mFcnHLpF3nnAWADcGFA0aoITppFOmHKu8lyrfVmggkGTvxrnMmUIIkxsSqCpCHsvQPFLMRFi2k39NbQlJMYF5sgM0F/D+4/QqaombR/cYO9sGvwyrF2Sfp2/5HjlXNSsPUvnjfJ3zWgkLn2uyNR1SZXOQuzfft/G0++Y2Ym/KTo7QWRQE6iFAkzUaG6GAKkUC4+7fv6fdh+FUzMivuQvdACC7Lb09f+gCfRX5wUWTNR3asFSyGQ+3NK+k/sbtxSX9fh83s9DjMpoFZ46aAr+sszLpFbLzUTdOfvwDlQAVqWAmYSKWL1uDj6gNBgADMBIkM0mEnKxyl0oIk5JKI1pzukjZvJXvYJaKA5SVU/kpCb1tbdtWZCy0zMCazmlS3dfKneu4Cfk7hEIlJmQpr/UGSrwPPZivzJt76ZmJOqjqMTZ+MpgRFckewGDysAYD1UZvKvedMyNDEwdC9+j8k1hMdDmwkiOFh4wNS3GTOp5puRN/SW+OdCRUUW3vwPGkcp6kUUqJk8LvhjFd4pYiZjruT9R/jwABeoHkk+7ZZaztWuSMkfnUOK8tePqMlEC+wsDJUc2GOq9+K8oo2YyXzDiRMN8/q5poPrm4lYAlNyQHeRrKETJtMxYSogyuq1SboA3u1A9bHqJSmNaswaH7UpFDNZrjp1V07139CUOaO7c0e9IzcjJcst3KVJvS9WbYvgK0x1vCRjy1UpJEuLmgkylsw7AfQ3l7yOAcwkUuyq4wrMv950OKcPCA0GMBMgMuysmdDaXJY2XL+ow3lDGqu7dAVXKJooy6DL+MtxYz0cMwufIKnNBNfmMidl/oKjdG89Cosn6i7bAkH038GWIUUoE37/yEba3EcPspkgnaDNGZHE0Tl+ZwZ+bo3YeG0uSyquzTVRls6LLOTvR1ubS2Mm6NtrVj3pZGQzCbiz6FbQuvzDU9eozYX+Ltw9RR9+SjqRTADYCOraXLqwkkDD0zXNRJqv/pKZST2rqSjU5qo+RmtzcTORluoTVA1U3iK53SvIRqze11RL0IBStAvJUDORSLHJtw1L2EyCrZ/ZVVnpUo/14P7MgkPYRm5mHhl1ZiYfsqoW2GmoV2DP/C09BdPrmgnSkm+amJZggg+NW8AThFZGk9c0LeDXqs3FmW868c09uS0HqcpFbYQwTS8ettto5IMDaU5isKE+arMItbn8rD0h9p/MtXod0UgFekQ2C2+nSzKbSbN4PNBHADMTvGIGeuDSxcBMIsVuOa7Hd92FN/HQ9ko7yxh9QGgwgJkAkWFnzUQatKUnUMsgiaSdCYOGsy+xXZiNW8AvNPOVSCJpZ0KhZSZB3DeXefe2gEf7T3rHQibQ7PPXFX6ZlJzECjQSUnx+/4S3jh3pyxtJX1xCy3Q4s1KT2PeDvmGHx1v3C9YGvZlIL+vMKV96x3wd9XVpZ4RuXpTCFr85ORfXBAiOoCXx1uov0YKRkSvpaT86WrwTVVdOSbKZoPNhTkaPvRbcmYwf70l62e763oGdRGwB33dh//7vr415731z9BgKbrMPnhicnn7o/OaADUuF6zOTa2B6TIkg7524cK2+tv6v6Qm0Npf0+K8Hzj8cm55GIeeJBJPLO4bW3b+HdsckmAmuOGSqvtc3NvAw70tl62+JTbSAl83kwen/TP7oDKnNtZScdu7BorAQKST5bP+3aBRpScF3R6KtoTy1jkDtMZPJhE5f3mcJxmaCJAEtgc4jHeSaVAl942NoVVqk9WkIKVX1f2Das39wehCd7gTSYh4XfPCut0SdWEJ7NH3t+/1xJt5JF0bT7Vs8qdnFzSSedx8cYTPRtYAPTHR4NLVhF8xJqk7kLx0W28oHzEk5fCInCWdXcTNBk0lmVvwOZhIpdstxeWqYmXheaGcZow8IDQYwEyAybL+ZAMA2ID7v6SQl6eN03rEYS0nLyHGyChE5R5NQSmJyupJ9SqCdkuXU09ZPuMFP6l6zeW/aKaeXJrQU4sI9lKItf6I9oR0+5eiR+yoI2RMa0TxSERyDgglx1im8V6z7NQ3picKS8l7RLTnSzdqdAaKD+PK5fy40Ki2hcDNBLDZQM5Gk2cc3T59M3n/kP/50hs6avHHyMydtfPI0ef+3rB181PDw+/gQ3WltDV4CFgOo7lQLXttxfH+wdZIOYMrSzQm4nNxGO0VMTJLfbeVPI500mvemdAhe4ndm1In1ApbrUgt93EykPguu0EWIKjMZb+x8okytxF0bRv+Ol/qebOGV2Vdd3XHn235X2tv4Yp1WV2jr49q0TWBwXGFQcW/uf12ZRcP/55zrnolo6LU67b3ferm6XZu+HvqA0GAAMwEiA5gJEJPozUTJmDSzdwXwbo5HLuP6ch0/JXm5tHysVIHzl2fQjMyF6kza5odWZqMpuFa30EmaWc6VZJMJmeT/As0EFfo3WzBniJXcAubUSxKNRcxJtq/ME96WSx6cXveV2Uf2ypKq9ASK8BYiK0mypctmgjsD5VU1Mkhd84B6EwCw3ZhMprTv13w9IvDuYBjBv/pNJevXIdDW07iOsK/H6vOci21ypkxwqLG7wmDL0WImq/+vuihVHnY+m0EfEBoMYCZAZAAzAWISQzORI3j+asgRW0a5X+xRwJyg5CmidDlfsiOX1JFT5gab0YoTZem8qvcpVV8LE7ziuHT31A0/Lsfg81QOs1xHe3PGFRG/bhbKTFqy5MY8SJ/Eihy+woysu360PJ2cwNmrbK/QPqC9kvAmWFehAAAAO4hxBB93oZeO3L7WRot14s7/ep/NfPPJxbb3LnbndOMwHS1AU3sqOypIk4kPz/fQEUbPr3HnhVK61fFDjeT+3fPr+NLk1WsdzIKmR+LOt8XldTxqUMzkqrMzLq+th1bVQ5PFbdPd6NN65PkhMD6uDfLKq7x9VTPse/hau3TYrC7NL2pqA6yPPiA0GMBMgMgAZgLEJGuZyYKvKuVH1pyGm8lCdSbuYTM4Yk5MD/g7bF8kib0C+PJTWD2rlzcysCcEkDzIM3Gj1arjim/c+FwwE11nO5mCt/AXDkhkE3SfAp6clARzutxQVeqzpPBGWZ1Ii7T91HEzwb2iyXuF9oEaEZ8LAACwgxhH8E4b8424vF/ZiGwmORforOCjXzpwK6MJ39UpPP3hhd441yhK5+UtlPuutrifVS0b44pJW52eXzM8isFwF0KbpmYy7el5ROqPfXKeFU0jM+lZr0aZ8XFtEL2QiIN26bCAFvDAbgLMBIhJ9GZCXs/ir3PmJh5ldZxoOxNzQmLajySmX/CaUzKar5xK22t2+FR5S3JLD6/l47diJkghxGdp83fmnMOJuOeArZkJ+hyl+hcAAMAOsU4E/2owpy/I/hK4meCSDXkgKVRF/MfbVnIudEjPfaoCE0l6cqcj7rLYbUCQNlxBZiIXwiD8xGowcm2uWeQhfEN0FkqRl1+TdY5rY+htJOJm8qz1ATWTgfVcS4M+IDQYwEyAyABmAsQkejPhk1wJzGkW5Cq4g2kCCu5H6HjQL7cPUbNcRdVCqQYmjZh/aBGrgamLKbQvdRbfCZNmaCasEx7SWx1Lxa/lYS1kOHxzuJ2rvFe4StgPuAwGzAQAgGhgvQh+HvkGL7WQBDM5dF7dCT2aZX3y5NUgEpL7rja0iraVyNq1uQQzkbiZDMm1udCnCfMx22Ym+8hrjkIPhZss41iL1dknDx9dqdV+meuiDwgNBjATIDKAmQAxyYbMRBEMDG/RgUjRvFmZkJVsTiIRP/8E1gL+pUPTAn6ircVHnoaaFvB+J2tMr2kB3/FTEq3NlXM485Kzruors+N8Ou1tueNMkqYFfEub0kuXIkIvHcpxsRbweO6mqxUDAABEmnUj+OOk1Qef5GaC3CPr4eT0q/mhJwN01kVr23t5xBleDX5oDZX38ty399oTtIqzovM9uWqWxkyO57UNzS0tzPn35rHaXNLq8712vFZjI9vQtpmJJL3RCok8RMhLwkcfEBoMYCZAZNh+Mym/bLeU4l6HNkBw0u2qoP2yrs71NlRY8u0VLU/prPnRzgKr3VJUITdXC9Y4r9MFaMpYexOatBS5yt10FamrCn+CxeqYoh0JvpmkKbYqnMXiLrXjufIgSeO6FElaeko3WvmYvUaB7pWl0CXvxo6BviujlnrvGLybYDN5GY4yKfSzqTETZAvppC/OxOQ00j3whCwPEzgxJd2vvNFsgfTPm5p5hT32vFcyyYen0mXSE8wp9Im44MW9Bv8+k3YDiqC9gqIUOsnw36At4CmaXoNJX8aJdfj12RKuS5b4JZ+lLqJhe8X3k7+aM2bouWVX3l+yQV542D1kF9J+0+HWvH9gyVtRpHwJdeUVRYXy3ekZueORQV4rWFbiQHe8wXnl2jWmpoh81O6nwN666UtlB1gYeD9uVH4ejrwfNyAPqqXWZrn6i6nd8AbhCEXwUUekjmuy5ZUoJP/P32cLBrbYSZmaxcHble7Cm6KdbQh9QGgwgJkAkWGbzWRpyG2xbthMJjw2q51GFb1V6Pl6fWxutNiKH5wzLdgHuoYnu+5WFtzupynFtzzz08MF+XaaYrG6eskCRVY76d5i3HK5Zn5uZqzXbSnFbwbA4kFSnORJP9nX3fWYDc5CtJUVIcVNUqSay/bG3lH6mWQXV+he9bfU2tzaUuWtU2F3oMPsESJiDhI8zXMXzCTCLFfx7v/fPqzXYIrGTMJF9ZmxQQTNxJZvb2QVOij9NYV25Vfc31BAw32CTY74i+y1PPGts/QU3S01ZtJzC90J2Zew5K0tutbk8Y2i+x6e9tbWyXewSRLVzDyqLK7qHPO1Woq2cbf1rE5Z8l16xRIfBEix0Ndbie/comKx1yPO9OCUYtfGHhwEi82tvEozWnn57V7RTAbf//CZq3HqLh7ExWKASEXw0UakjuuTy7Tu1tvqJhhawAO7iW02kzL3KIotNmYmQUtJ08iql0YVFmst6yVjtbusVXUv4E8vhrdWn4IfivQvwUZiDuVh+cJT2ceXRkxZXKqXg3mu2WmKxcmLd/vRbkzdd/G+O8qFOCYSrHS57CPkw+tKVJ8801mDvKi9ShuigZnsakaupNNaW5Hixucx+KbFiJqJy1LY0C//ftHPzXJLyV8ot9orbjd45DgB3THkwtthdBMQ3xf+9ih3esS7Fmap29m5iH7p9EtA+y/Mw3cA1ZfzwmPLZzUG51sraMxPQcc+2VlrK7QXlKJPCNpIqUtlD+7zqEK+j1lKW90uXApd1zcnrLp5/J2WkgaNmSz11BQU1rIHwWxbmdWuuvZ7atS3sv7iBqJeq8M01ylGCD6ZmkE2opjJwPsncfdTOqb/EictPsJlKf/yIVLO5yc/HNj3m8GTV9GshdJDeJXRq4PvH5opPY6WGfk7yxef+P4TNPn0j8cnurcth2VNIhXBRxuROa6VZcfAyqt13gm5JQY896mZeDdZwqYPCA0GMBMgMmyzmUgkttiQmTxrasQv65bNpNQjP3THLVWsvz8KkhZxcrLJpU4JjjRcx/4w11bWQj8jaLHWoH9Oq52moFW6xIJTX0ONOkgsyHfQFMtNbix4N8Q4yV0aWTPprWTFMnj3xKfxUmcNFby1zGRpqAkHWC887ukgij9oqctMTwPOgyyqUK8EANECiokr+wK2Ilzfckx+SA+24Au42NlEJ+XLPoj8vMJLYvR5UsFSCKBrnNdV9TxlM6krtU8K/dKg6Lws314u//Kd+Y7K/m5uJugW0bXUX3yXlaooZqK6F7191GbSXm5fUgxkXBOmoxsF6U9VBpuJnEeDPkeIeW3518uqWvvHZ2rs9t72mq7hyfnpYUv+dUk0E6vDebd7ftwborhjUyx1orOp+ZDyQjtSLPogGLt7fV3FqpE7W8Iyqczwor1d6nfj2mtDi0tDnvJiu6XwOj3v9DSFvEKiCpWZ7Mtay0zGv/piYWZ81nVypPrRqOvRnOfc0L64gMpM4p5+dXF5Zugpqwk2PvBJ1vLM9POzJydYdeadJDIRfPSxa45rdbKt4UFhFbwDHtgNRKuZBOVlqJmMW24p2Z7i6j23HPy9SIRFS1GtnDKOnkYFJZWN/eyBNOkhbULIA5gQpCk1Q6oKncWa0o9RNw9fbFZ77/jMyGO387ID7ZJoI3pV2BLPmop4VOFr0EcG+s1RM0F7WEC/qxceS3kn/SZQBMYWXu0vbop8rTMA2DoVuL0Wi1At+SRzYdSN4lc8sjpucXW/li/7gnxW7Qpd82UtLBqvICbPSxolvBj5pRMzQT9V9Y0Cm8nrrhpLPnX1USIhXmYm8k++QC5z4GbS3+Cq7Ito/W9jRDOZbSvvwd8GC9xfeIpKXCPTM/NzM8W0wur8MJKN+bnJmmsOpG2StNJb5ahsH54f7y8qUrVXoYXGBC+/IdC7mWIm7JshtV6F2294iGay1FlJzwW9k6MtlrWOFxdiqZgn5w6dZeoSnqfk1r3SKZ/loNpwsJnQ011ZaO9hp2WK5h9xM9FcIdGGaCYzdxune8fnOm4PvB8ndu6KzITHvwPvn2RjnpPPR1VmQpNZivQEmQlbMgrYNRH8JonV4+LoA0KDAcwEiAxRYSazw6RuNCmvJ1QqrTCNykzGmlyN42I5dcBiVdfjokx4ylpn0OPQjQthEEFagxwtTFPme2q5e+CqBfKTjFIW8nm20unsXHmLZSZhmUlBEbIsubRHqMTCow2N4wFA9FAh+4ZEAllJfZHTkJTGrO2yY4g1GOkPUIi55Z/kC09BkaOoVptvTMoTgv01jjHcxMRBKmgxMymXf/IjDdfbyY0BfWx5Owr6vcj2+SdsB4KZ8LYizExWOpVaakKpAoV7BQUdiNgttWgm/DvXmQnbXKTNZKpALnmmDwK0M0qKerfby+20hIR2NFLufmrJr6RnhIDNhI6Jt1/6sdxMNFdItCGaiUL/xTGhQjEyE14zc8Nmgnn+/aGBf/tiUnm07hixGsHH6nFx9AGhwQBmAkSGqDATHXLzRzagB7DSzmSlU25novUQnahw8NMXbZe0g8egBx76i4IMOWWFP3rH7l5X1ezCAoOrfml43VXTOodrb/N2Js7ItjPBNTHkD1TXxKCENBNbw1OlyAjMBNhVbNBMyjuHcdBJfnf6uDOkmVhKm4rl0g8Oq+n0rKnuGc5xJ2ksTBdvPjSfgpeZWHSf83ZRzASXAIvDpDSstNef8KCjELHkq+5ajeq2ajtoJpP3Xbzwij4InEJNOd4whvK6s7JVXQPLUtwkKFbsmkl3znNBJ8I2Ezznd3EDXzcKCTtDrEbwsXpcHH1AaDCAmQCRITrNRICVmfTfVvXNhZ436NnMu9Ki/QuXNSida6EHubOhdWpuprelAa2CS/x9DUXl7vm5manhbqo0Bfl2mtL4s0MuTtFm2s20VPBWsIjJUdwNTjHuXoxWfA/yvrki3TQT5+ZqWsD3+hQZCWkm+Bk8ISsNmAmwq9CbCbqG5dpcw2JtLtx+moSw+riz5xb71Uj4Q5TaXLg+mNJ9BYa3wUB3g4Ia+uMlYfqoWyw1pR/CzeS1t5bt0vagaQFPYGUm6BsrsreTJiK0ELiyuKIXTc5NVtrs7IY2O4rvb+WO8k5VOfBOmonQBaKluKarbxy3Mynht1NVo8HGUrsY96EDV38bMWYm48/+7pzqGCK1ufaKy4RlJvefVz9anhka3Bc39PPO1+CN1Qg+Vo+Low8IDQYwEyAybL+ZABunkvQa3PWSFgStWKyVfNaaZiKRIAw9m8FMgF1FCDORpKnHuOcGXQt43EtVwc3ukHGn2xW6Bfxkk4t0qsHgZtJebpe7l8Vhulx+wqCFqGIL+GK0n9BYa5OEbEavZFHJ74kip2emp5a+JEp5DQuetDrkOyEnFszkHWHw+fZ0aLfdxOpxcfQBocEAZgJEBjATAAAA4P+2d0cvbV1xAMf//ftgCOpDB6H0QZihoUMQtmmKbamsSMVl0sDoQ5FtFBnO2ZK6IsptYm40Pac7uOSErPr58APN8UbI2+9LvBFm5/2Hs3e9L/6t9Ves/4r6rys8vV3ihTAxyoQ8lAkAAIF4IUyMMiEPZQIAQCBeCBOjTMhDmQAAEIgXwsQoE/JQJgAABOKFMDHKhDyUCQAAgXghTIwyIQ9lAgBAIF4IEzNJmfzxeK2oNYezOfr89uV6dXLv8dvPruZuUCYAAATihTAx05VJvXV12Ou0lcldpkwAAAjEC2FipiuT2nWZnOzlKJOD7fHfyVdEmQAAEIgXwsRMUiaHW2utTq8szxeqODkfZsnq3rtep31v6zB8wg1dvG4tNk+er++chj/h/0+ZAAAQiBfCxExSJuXFP8OvwyBZ+W5jlCgDHy+uL/xPPr7cKGrr5el+4/lxddRpd8uz5cVmdXJx1P++WGwdnlU/P3ixvXB5f0vjh1+rI+ZEmQAAEIgXwsRMVCZjDn6s/rJr+q2z0Y+cl4PmWag9qo467WKpfXVBUVsbfrMwuvLK1oPmpO/UkIcyAQAgEC+EiZmoTGbynsnvo3tXBtMd/pJOe/P6ppXX4xcUD7v9o8Pd7fpSdTL6kDDmQ5kAABCIF8LETFImM7nPpPtk9en+zu7lPN1Y7ZwPDoMy+fbnk7+Pq+mdleVRUW91fxs8/KmpTOZMmQAAEIgXwsRMUiaz+GyulXpz/GFRW9/6KyiTMvzYrlftlb3LgCnLRl2ZzNlNyuQUAIA7JV4I/32mKpPPI+T8S4c3Nbj3fUyj1mw8OwrKZPN+c/nhi53d/Qf3W61OP8G6xdL3J38e/PLsyfI3LWUyXzcpk/A5AADcavFCmJipyqTwP+AZUSYAAATihTAxk5QJxJQJAACBeCFMjDIhD2UCAEAgXggTo0zIQ5kAABCIF8LEKBPyUCYAAATihTAxyoQ8lAkAAIF4IUyMMiEPZQIAQCBeCBOjTMhDmQAAEIgXwsQoE/JQJgAABOKFMDHKhDyUCQAAgXghTIwyIQ9lAgBAIF4IE6NMyEOZAAAQiBfCxCgT8lAmAMBMvXn7/tWb49s0/VcUvshbJ14IE/MJv5MWcap0tjkAAAAASUVORK5CYII=" alt="Screenshot" width="100%" ></p>
<p>>>>> Screen Scrolled to bottom , and bottom to top</p>
<p><img src="data:image/png;base64,iVBORw0KGgoAAAANSUhEUgAABDMAAAIGCAIAAADGMlPIAACAAElEQVR4Xuy9+18UV57///kP9pfPH/DdzMx+dnf2yq67fvb73fX76QkTMhnJMDJJZJIMMxlJnC86j1FnJppNzI2EiRKCRFEuGgSF0BHwhgqIcgmIAgraA4oilxZQurnfGhvr+z51qk6frmpbaBrk8no+XmLVqVP3U1XvV51zqv+HAkAw6HaMGZMAAAAAAADwy/jEw+sqNPA/jBMBCAg4EwAAAAAAMFvIk9Sp0ACcCQgOcCYAAAAAAGC2cFvCgTMBwQHOBAAAAAAAzBY4ExB84EwAAAAAAMBsgTMBwQfOBAAAAAAAzBY4ExB84EwAAAAAAMBsgTMBwQfOBAAAAAAAzBY4ExB84EwAAAAAAMBsgTMBwQfOBAAAAAAAzBY4ExB84EwAAAAAAMBsgTMBwQfOBAAAAAAAzJa5OhOXW7EPu5sdD//cp8oh5GZySupnujkwPTL1yLgUsLyAMwEAAAAAALNlTs5k1PXoL/f0PpN8/5kv7z+z9/4z+x48s5/U98yBvmdSHc+kM30vrfu14pHo4uHvfvXgO1kD38ka/M6RwVL7Q+OywDICzgQAAAAAAMyWOTmTPZdG/DuT/5XWHXna6Zx8NDY1HXbsvnAm3zk6ZFxWkPjdtj+88vPXScYJQYWvYr7XsnSBMwEAAAAAALNlTs7kL7/o8eNM/jrNXmafGnI9YiiPnJPu72T1C2fSPzkvbbr+T2jYX37vb0jGCUGFr2K+17J0mbszseaXyCpv58ldhvRB77nmD+vvNmyydhtTAQAAAABA8JhHZ/Krkn6yJe5p5kDo35Br+juHPc5knnqbwJksBubuTOITchP3HdO0JzfnGk+2xSda9XTr7sRcu/dcfqixprz00oaIdRu2fHy05GafcfKTgDMBAAAAAJhv5suZvFHiJCvCKkvIljxSptyPDt50ya25RuFMli/BcCaFnpFrJR5nkmfTU7uL02bkTGoSfxux7rcDbk/KVE9ZRPSnnvEZAGcCAAAAADDfzIszCbf29o6pbbhU3NOPjt9xfU/qAQ9nsrxZRM7EUfzW4TvGRKIj7+2Ts6g5gTMBAAAAAJhv5sWZxJaPDUx6nMnk1KMXv7n3ncMDcCYrhMXjTNqObKuYMCaqjEVsPKoN2gtqFKXJmhCxjjX30hLdQ29v/u1LlPLz31b0TBmcSUnGR5uifxOx7jeplZJd0Zfz1s89y7Hufu+XLOeGX27+qMUx5ckMAAAAAAC8mR9nUjFxd/jR9LRmTYZc0//7sB3OZOUQDGdyrLauSdPpkx5ncqhcT7+cs+/JzuRPwmmYeFtMshd8nrhdbu5FexARvUeMTN3NeyvG40y2vLTBk7mjYEuhbk5My9n7uvfavVYBAAAAABA07KWF9cY0fwzeKI9PyC0ytCwZuGq94f1Ot7uGh2G7My4/Me6aO8F0JqsO3H0+884/7e/4x/Sur5qnu0dVc6LaE+eEe3X2Pf/O5A/b3+Hh/pW6ehH6k/60+/OpKc/L5h8+/2N5Kiki8mUx1exMnvmrv+Up//Yf/9ne3vH3/7yKj74c9dr3/ubvxUKefe4FMQtt81eHsw1ree/9j0QGkchH3W63nJNGRc6VydydSbDY9Hhn8rnkTN464nVd1iRuGJDH1eVozmSg2NAMzLMK03I+f+mxawcAAAAACCKzdSbxCeeMST7RncnCEDRn8tdfdmbaJiu7XOnXRv42rfc3F0cu3X808VCrOaFYP6F+ZIbO5Pv/+C8GVxD58s95ns92JxomcaXsT+UZDM7kWEGhyEO2hFKEMzGv5UBaBp+LTIthElfDVe3MiBQ++qsNb4mU6DcQjC49Z/L5Fa9JRzYb5yKPoTmT6j1HWDnykCoqRkzL6bK+9561ybs2BgAAAAAg+MzemZQYk3yyRJ3JF1dd41PqT5c8Ui53u76ffn/jxeFLvY/ujT5SK04esa8GS79n4seZkH75Rsynf9oluwLKUF1zSU4xqLHpuuLtTERtCen2He1ltnAmpH/+19Xvf/ixvBDDZpj18CH79Xp5VLYlUa9Fi91ZySweZ+KnNdcWyZlYvasnPaZFR/Qz6bJu591RZGmZTMthuKe6LhVQniOX0IEeAAAAAAamBgf6SY5rJVkNozTuqDxXe6f3dk1J8tkuNr27Jr+0JL+86bZTqc/Ljc+tSc6rqb1BQYWjPPfk7Qf91fnHitSffdOcib0mMV90ypWwlZc1d7U3VcUfbZpUFFpjfMI5+ktTaLHFadbqOpYufEhKYm5jZ//gg/bde6w8JT6txhDmJJ+85Z0wlXJW+wW6gAmaM0m1uZ0TWtst+nu51/X9g8ycHGx2tw09Gph89M2dqRnWmRzJ+Zqn0HJE0N9lt8sOQcwlUr77139Ho5bQ5+VsXH9ubhH5hTMh38JTbt1qlRcrhr//DyFirp+se4knkg+R88gaH/fd1XoFMndnEqx+JmQkZtID3uAoPNUgUgp3JlNlCTWGaQLTcrwYqIz4tNKYCAAAAACguOOTjG2ryAmw/7prUkq1l5vMmSSaKzq6eQbmTOyX4zMuG6d7E59QwqtWRJ0JLbZ+Wp/Mncl0U3Kx/ka1rfxxzkSZ6tpdIMzJVPz+C9K0AAmaM9l2caJl4NFDvWPJpPvRm2cd/5bd80bZ8OmO6Uu9j35dOjRDZ9LR0SkSRdzf2dUlhv/z/31WZAj5t/8Q6YpUZyL0DyH/JjIrkjN5ITxCJMpLEMOfxH8mMojqmn/7j/+U8wjJfV1AMJxJcL7NpYyWPfarwaf17iImR1Hy8QbDV7TeFv1M7AWHbntPE5iWYyBinadXPQAAAACARvOFnGuswoR42GtL/NIan5ArnIloTMWcCU9kTPU21SQm5VJO4Ux278nNb31MI/Kh9uR96mJ9ORNP/MJXJ7fg0od9OBNFKUrLZa2JlKn24sLGocesejYEzZl8N7nz09qpO4OPRlibLjaVzEnUiQffyej76/TOv0l/8re5fv/HHTzK7+tziEQR+nd0dorhn72idTshyGCIdMWXM/n+P/6LyEyI7iXyQuQliOGDXx0WGcgs8UReM2NYBenFn/5MZAaLyJnwX1p86bey05jqqYyITvCMmx2F+07E1gLPaEfBWxu9vs3l5VvEZWhazpR8hbo7InYWS+MAAAAAAEpjvjV+j2YSyjNz4w9plR7+nUlaQm5aOQ+YWzx1JopyYn+uZnG8iU+6oA3MxJlMN6WU9Wopdn/ORFHNSfz+C0GxJUoQnckzX/au+cpZ3fPovv4bi/T30I2xkIOd3znU/52v+oPoTP7m7/9ZZCCrINIVyZn83T/9q0ivr28Q+WfuTF6LfkNkSE0/yBN/+PyP5TyyRkZGRP4VzqJyJooy1nLkvYifv1dSWVlRWfnR79ivi9TL394yOQriT29sSD1Z39Iz1Huz/pev/Lbt8DbhTEavZb60OeHIycqBgaGKytMvvaTXhJiWE/HKtuOVlU13h1quVG76+YaS+15TAQAAAAB2J1hFhQnFNvHZV9nQ9C3/ziQlIfdQrdpg3XZBdiZkJNIqPYG0IH5fufq/Y0bOROkXK6LF+ncmylRXsGyJEkxnsvf+d/d2X+l1D7s8zuSi3fXckbvBcib//d77YvSf/3X12XPF3/+HEJHyxZ4vFamfCQ3/07/+u5gqzMkTncm//8d/idGwF148fuLkL9+IESnNLazLipw/M8vzfeEf/mitWOZKZpE5EwAAAACARcm1ErWFlSoKcqYd9fknadha1+vfmSh9TdYM1jqrtnfKy5molRh20W9E52ZpEWXOKr2TMiNnooy21rBNSrTeHG1/gjMJKkFzJt9J7i7ucD1Uf8FEUW3JkOvR+lN930m/Hyxnoki+wqB/+ff/m+c3fDX4TlubyFNzqVZewuOciTxq0Ku/+JXP/Dlf54kUmBMlGM7E0/1d1W0nT+43pLOPSAAAAAAAgGVB0JzJ/8nuvT/Ovw/MLId7+lHlvYffS+995qAziM6kvb3D4Ba4eu9rDWXMv7S46n//Pzzlf33/Hyurvp2JMyk6c+6f/3W1YRXf/eu/458MNudXvL9Q3N/PPsG2kpm7MwEAAAAAAIFhLy30VMXw2pglQtCcSc6t6YmHvOu78pBsSffU91J7n8lwztyZzIqaS7V7Uw5cvlJnnBBULlws35+afvJ0kXEC8AucCQAAAAAAmC1BcybxdQ/vDk1PuR+5Hj4q75r67oEHz6Q7/DiT4bk5E7CYgTMBAAAAAACzZU7O5G+/7BXO5D9znOe6ptuGHrUOPtpw2vFMqgPOZMUCZwIAAAAAAGbLnJzJ0OQj+dtcf5PeF5Lp+KvUB88c6PPvTA61uIzLAssIOBMAAAAAADBb5uRMiKlppcXx8M99uhxCbianpH5Now9RW7LMgTMBAAAAAACzZa7OBAAzcCYAAAAAAGC2wJmA4ANnAgAAAAAAZgucCQg+cCYAAAAAAGC2wJmA4ANnAgAAAAAAZgucCQg+cCYAAAAAAGC2wJmA4ANnAgAAAAAAZgucCQg+cCYAAAAAAGC2wJmA4ANnAgAAAAAAZgucCQg+cCYAAAAAAGC2wJmA4ANnAgAAAAAAZgucCQg+cCYAAAAAAGC2wJmA4ANnAgAAAAAAZgucCQg+cCYAAAAAAGC2eDkTCighCIIgCIIgCIIWXl7OxGhbAJgxfX19oiRRwRqfeAhBEARBEARBM5dkTOBMwByQSxKcCQRBEARBEDRbyfEknAkIHLkkwZlAEARBEARBs5UcT8KZgMCRSxKcCQRBEARBEDRbyfEknAkIHLkkwZlAEARBEARBs5UcT8KZgMCRSxKcCQRBELTwcgxO3GjrD5ZoaeZVcD0YGDd/UwhamRoadRmKx237kLk4LRXRxs/f7vi5poTkeBLOBASOXJK64UwgCIKgBRfFiMaH0xygpZmjtHHVlhizghXMmHfxoDJjzLHUkIt9cHfH7OLMkuNJOBMQOHJJgjOBIAiCFl7GJ9OcudHWb15LN35NGHgjFw8qM8bJSw252Ad9d8wXlEFyPAlnAgJHLklwJhAEQdDCy/hkmjNwJmAmyMUj6KH8wgNnApYDckmCM4EgCIIWXsYn05yBMwEzQS4eQQ/lFx44E7AckEsSnAkEQRC08DI+meYMnAmYCXLxCHoov/DAmYDlgFyS4EwgCIKghZfxyTRn4EzATJCLR9BD+YUHzgQsB+SSBGcCQRAELbyMT6Y5A2cCZoJcPIIeyi88cCZgOSCXJDgTCIIgaOFlfDKZmJ6eLi8vLysrm5ycNE7zBZwJmAly8Qh6KL/wzNCZZN90/UVqv1kp1/1dXOYLyiA5noQzAYEjlyQ4EwiCIGjhZXwy6fT19Z09e3bTpk03btzgKYODg2vXrvXO5YNZOZOx8cn2zvv9AyODQ2Pdvc6ue33GHGCZIhcPP6H802Xz5s18YP369XRFeE/0YobOhPh369AjaZSG//XrJ/z+ifmCMkiOJ+FMQODIJSkoziT/xLfxCbl/+vzrwlPV5qmBaXBo1KLS5xjgKaXnL9IoDcRu2vzKK6902XvMc81dzv7Rz/d8w/flgWPYnGHusv35Ju1Iyv5U8ySzPvjgI3okm9MXTDnWi3RyP0vMO1dab576RHX3DBSdu2JO96mx8alt2/5AB+e5557LyztmzhBE0YGlUmRITExM+sEPfkAbQJtBG2OeC4KgYMn4ZNKhOOzll19+8OCBnPjo0aM333xTTjEzc2cy/ehRp91r+cMj4/d6nHKKf2gJ5GrI23R0PXD2DxsnzxL4ooVELh5+Qnkqh0VFRX0qY2M+SlFgxMfHG5MU5eHDh++//356erpImQ9nQlbkr7IHxeg/5AxOuqXJvjBfUAbJ8SScCQgcuSTN3Zk4nKMJe76pvtRcVW3LyDxLKYUnq2cejD5O1xpvcGdSV3eVpyyMM0n/6szZkjq+L32OEUrxsy8HMk6bE5+og4cyaUfefOstYboMItNCO8uHb966Y/0m35xnYdRpdySnFNLJrfj2xpGvy8wZDDKf+lk5E9pxftKJF1/8iTnDTPTSyy9ToGBON8jsTK5euy7WTmQezjbPBUFQsGR8MulQHPaDH/zAmKooZFeMSd7M3JmQD7n/YMCQSB7DkOKHPucQ2ZI+x9D9vkH6a5w8S+BMFhK5ePgJ5akcVlRUGFPnBhnsjz/+2JiqKG1tba+99tpbb70lUubDmRA/KBzmboT+/lf+k8ut+YIySI4n4UxA4Mglae7OpPbKzeabXWL0RnNnfEIuF422td//LDGPhovLGsbVOJXyX2tq41O7ewf4K/nq2mbDYilw//Cjj5O/3PuLX0TzlIVxJruTrPJo4pfH+L7QZvcPjiXtK6Bh2n6alPsN23JS/8AYBd+0a+PqDlIeNtA7sOuLPNr3/emnDKv40Qsv5Bccp33ZtTuBp/y5+daPfvQjSvndlq00LIJjsme8zuRiedUPf/jDozlfj7MbwVVaAq9y2brt95Rt3bp1/TOIxQOQ2C+hkdFJOpW01wezznny9A7QntJJlE89F81+8kwtHcbP93xz4vQlSqHDIqbKR5t8Gu1Lw9UmkUIGg1La7nZu2rT547hPKCUu7lM6UGvXhtvv9dJofUPju+++R3no3j065hocGj301WF+6Oi4jas1by+99NJzzz13+bJW4XO+jJUiOpI7d75vcCaUvmuXdkbOnSulUZqdlzraBlovLaqoSNtrCILmKOOTSWd4ePhPKsnJycZpfpm5M+l9MDA2bmxePyt7QJnNdSz2bgdvIcZHKQON3ut2jI5N0Ghn1wPyMNzP8EobGub1LbQ0Eo3OahtAYMjFw08ob3YmcXFxDx/SYyju3XffpdGxsbEXX3zx8OHDDx48+NnPfsbzHD16tLKy8u7du1u2bOEpZEViY2MdDgfNy0f15XnYuHGj1Wr9/PPPybrwlHlyJsT/lTnQ8MD9zOEBuWXX4zBfUAbJ8SScCQgcuSTN3ZmMjLp44E4xK0+h0Jy/JqdJIi6vqrFd/3MHxakUjJJ74Yl7Ugo7uvpoIC+/wuEclRdL4WBzS2tnVw8N8HY1ZmfSeOOuPMvN1nvyaGDKP/HtvrSTYl98vvKnXaD9HVf3lKeYnYmYZBCPvynk/cEPfkBmQ6QUHj9Je5T7NYvUaVTUmYjWXGRFeDUCeTa+BBp49dXX6OBQuExLc/aPis0mjY5N3X8wZN6AWYlMF53cphvttDSeQvteXnV9XK0ry8o5P67u+9E8rTpFnHohOiApaSf5MM1IJpaMDT/pfY4ROu8i54mTp/n5FeLO5Nlnn6UzfuFixbvv7aQjcKXuKonnpCOWZz1GR4COA3ewfBZRZ0KHJePgV/cfOC1qJRVvIpiXd4xEdkV2Jvcf9NMk2e5aVJvESx1ZQZpE54uXxlu3u+XtNJRDCIJmIuOTSWJoyOtt7o0bN8rKyn7961+fPXtWTjcwc2fi6B8eHDKmz6rOhG4m5DS6e7VAcOqhmxzI+IRLUf0JjYqc5II61SXT8odHxnkiDU/rMShBnoQPDAyOOpxzbRsG/CMXDz+hvGjNJUwFQVaktLSUD5Mz+eqrr/gw9xvNzc30WOEpwlrQJDG7yGngv//7vynPwMCAKOHz50zevzz+szMjW6qM5d8n5gvKIDmehDMBgSOXpLk7E9K163cpfqWYtX+QLU2EpxSVnjpTy/Pc6+4vPFlNKSKKHRgcy7Fe4MMV396QfQUPEym+HB6ZoAH7vfvjvpzJ8dM1sp/Zl3pCDM9F5KbEvvh0JrSDT3Qm+zNO3W7zUatTe7me78VLL7/Mw1wKf/mAyGPx5Uzq9HCcomQ+8OMf/zg9/eC4frj62fHU5iKdPnu5u9d3a7FZqarmz3RyE788xm1P0t4Ce7d2H/ziS9bMjPZdVJr5dCbWAs1+tHf2nb94jf7S6abR+mu3yayKnLyRmzwvtxmimoKO2M6d79OB4qWCIgORUzTNkp0J5aThzk7mImggIiLizp0OGqDZSdu3vyM7EypOYkYufhZ4qfvwo48phcwPz/PlgeMi2wPH8Em9kEMQNHMZn0wSv/jFL4xJamuuYDkTcgi99+fUmkthQZuLZuG1HKNjE6LjSs/9fl5JwiGnIZyJSDSsq9OuhZ6joxO9pmZmILjIxcNPKG+uMyHeeOON/n5tFnImWVlZfJj8xuTk5LfffkvWRaQYBnyOEuR8LDrbtm3jiXAmYGUhl6SgOBOhzxJZcyMRnlLAyiP4cfXt+5Gvy+RAn4YLTzGvwiW/79+1O0FcqMS77+0c9+VMaJibk6oaW7BsiRDtCwXQ8ganf3Wmsto2NDwxE2dCImfyWWJeckqhWGZ3Tx+PbgWnTp8V+yVk8eVMeDo3NvyA0MBPfhLx8suvcFEKNyd0JINlS2TtSmStsNIOFdGp5Cm8LZbc4sunM5HPOB9O2PNNT++gHN+TKqtqDMeB2wxRj7GWES72t39g5LnnnqMMf/jj2+vXR5mdCR8mP8PzR//yl7zzEl8aGSHZmfDqFMogr5qcDD87lHlcLXhi4XzjYUsgKGAZn0wSIyMjf/zjH+WUU6dOFRUVBcuZKGoDKrrqxSh5A3Mtykwgf0KLGhgcJbNBvoLL7Z6mFLvajsunM+EpAtGIC85kAZCLh59Q3uxMbDZbbW0tPTj4V+PImZCR4J+05l56YGAgOjqaZxbdop7oTN5//30xvHHjRj4AZwJWFnJJCq4zEQ2ZeABK0ae5zkTEqRTgZuey5kBmvf766xYJCi7HH+NMKAonw0C2xGcFxVzE90LeYNFBggLrxzmT9s4+XpPAdbfjQfL+wpFRFx/l3UXkXSOPwc3GE+tMxtVKg4SERFoCLYdGn3/+eR4xy6JDmmO9kJ55xpA+d3Ef4rPOxL8zETVjdI7OX7w2rlYoXbrS8nmy19e3eMu9trtaS79xkzOJjIz88KOPDQeKt3DzWWfCq1ZosSK/qDOhhfjsZ/LJJ/F82NDPxOxM+L5kZJ6VHTUEQTOX8cnkzaZNm1pbW/nw6OjoT3/60wcPHgTRmUxMunifENK9Hie5CMPXumYO2YyRUU+dCae718lrTu5LrbnEVEOdCZzJQiIXDz+hvGjN1ad/m+t3v/vdo0ePDhw4QIVTUZ3Jc889R6NUMl977TU+15kzZ8z9TPRFMn7+859PTHiq1BTVe4hhq9VKtlyBMwErDbkkzd2ZnCutLytvrL7UfPJMLZkESvkqu3hPSmGn3UHDFJc3Xr9LwxTXUgwnB/rj6retKMq/2Xrv1NnL4k08b4TDg+9xvRUTRZM+nUnQlXmkROyLwzk6NDzB9+X+gyEKymlTC09Vf5aYx53JrsQ8CtPJeLTe6TmYdY6yUWbaI7acoyU0WlzWwEe5uOPijdPG9U9R0cCzzz5rUeEmRBgz0QOe56djQolffrmPj/JmYPKMQVdefkXFtzfogFgLKnhTMTp9dCpp12h/bWp/IdmZyKeeiyYlp7AyQIdCLQPMpJF/+yzx68pqm2F1W7ZsFXtEZ9ngTO62d4mpFvW48S/8Em+++ZawGTyF94AnpyHy8xRezcI7mRicic9vcz3OmUAQNEcZn0wmxC8tzvCbrbNyJmbGJ1zkLkRXEP/Y7/X13O/vcw7RAP2llKHhMZp9cGisR+180ucYogGyPWRCzM6E7AfZIafqixQ4k4VFLh4zCeUfh9ya6ykSgDP5i9R+OBOwuJBL0tydCQTNVmT5ROcTCIJWpoxPpjkzR2ei6E2zZmhOwBJFLh4zCeUfxxJ1JrPCfEEZJMeTcCYgcOSSBGcCLbxqapvlvu8QBK1AGZ9Mc2buzkRRzYn5g8JgOSEXj7mE8nAm43AmIFjIJQnOBFpgxSfkWgsqzekQBK0oGZ9McyYozgQse+TiEfRQfuGBMwHLAbkkwZlAEARBCy/jk2nOwJmAmSAXj6CH8gsPnAlYDsglCc4EgiAIWngZn0xzBs4EzAS5eAQ9lF944EzAckAuSXAmEARB0MLL+GSaM3AmYCbIxSPoofzCA2cClgNySYIzgSAIghZexifTnIEzATNBLh5BD+UXHjgTsByQSxKcCQRBELTwGhp1GR9Oc4CWdts+ZF4LnAkwIBcPKjPGyUsNudgHd3eG9B+J9iM5noQzAYEjlyQ4EwiCIGjh5RicuNHWHyzR0syrGFf9z9g81M+AJUqP0xjzUDRvLk5LRWY3HsTdedw1JUuOJ+FMQODIJQnOBIIgCFrGejAwTk86CCLNpB4AmrnkeBLOBASOXJK64UwgCIIgCIKgWUqOJ+FMQODIJQnOBIIgCIIgCJqt5HgSzgQEjlyS4EwgCIIgCIKg2UqOJ+FMQODIJQnOBIIgCIIgCJqt5HgSzgQEjlyS4EwgCIIgCIKg2UqOJ+FMQODIJQnOBIIgCIIgCJqt5HgyEGeyNr3/L1JJA8YJC0vFx5YOYxpYUOSSRM5keGSCNDQ8LmtwaAyCIAiCIAhagTKEhTxWJI2MTgrJ8WQgzqT20lDsmcF/SO2PPTPkQxdGWgL7pVS3s/VUUlioxRIWnnfVaZxqAs7kqSOXJOFMzOYE/gSCIAiCIGhFyRwNikBRdiajYy45ngzEmXBqi3nNiQ/92mbMPANGLJbwuIuaIWk9FGOxWLwzGIEzeerIJYmcCRUvucz5tCgQBEEQBEHQypEhOJRrS8iWBM2ZKPeHzZ4kYGfSeiAy2+AzKuN2XmT/WzYXXkqOCQ+zJF1lo7s2hpNpCXttu+xMdrLEsGy9piXOEu5qzaNs6rgr9rUwGo75IK/hyTUxYBbIJYk7Ey5DEYRdgSAIgiAIWt4yh3wGmT1JUJ2JMm72JAE7k8LNlgZDkj0v8kAr/W95IyksenuGtZT5io48S+TWhrpLpdZd4RGaMxmpjIv8fUZDdZHFEs5njSMfEhZZdL6Uhp35sVvTixqqS2PfSGpwi6WDICCXJNmZPNGcQBAEQRAEQStEcog4f85EMXsSVQPv3DXmfCLZb5ibZlVYPq6g/yyWKJEUF+pp4pURrc5yNSlcNyQdh6Pz7Go2i8WlZ2PO5LDR9Swr3E5LTIqcEBcZNiKPzxtySSJnQmXLXPJgVyAIgiAIglaOzBGgkGxIgu9M1qb2n2ufnJg2pgeAz9ZccZXsf4slTqTFSp1PeGsuMh4WS7RTx6XWisQZ+qi4nDujwyJ/X9ixXOtMJHOyYLZE8eVMhMxlEYIgCIIgCFqZMhsS0tj4FEmOJ+fkTEJT+41JAdOaEaW23dIZKXrbUjrOhmRnIteZaNUsrM7E2Ffe6ExUKFts/rLtaFLxcbiNHMlIRdQXC1dBJJckgzOBRYEgCIIgCFrhMkeGBlsSTGeyNsP44eC5/MhJxkbWTz37VGmpNYMGIj9lTbkUb2eitGXr/UyS5H4mlsjY0vOlGR/E8hTZmVxKiCqqttmqiyyhMXmmFmPLCTInUQkLZ0uUmTkTCIIgCIIgCOIShiT4zuQvUvs/Uvt1aEyMUsqElACWN3JJImciSpi5FEIQBEEQBEErVmZDEnxn0thk7NGQVx/YjyyCJYlckmRnAosCQRAEQRAEmYNDs+R4ck7OBKxw5JLk05lAEARBEARBkB/J8SScCQgcuSTNxJk8AgAAAAAAKwlzQGiQHE/CmYDAkUsSnAkAAAAAADBgDgi5xicecsnxJJwJCBy5JJEzobJlLnayjEUVAAAAAAAsa3y6EVlyPAlnAgJHLkncmXCZPQmcCQAAAADACsS/LYEzAUFDLkmyM3mc5HmNxRYAAAAAACxB5ADPjDkgNEiOJ+FMQODIJWm2zgQAAAAAACx7zAGhQXI8CWcCAkcuSXAmAAAAAADAgDkgNEiOJ+FMQODIJQnOBAAAAAAAGDAHhAbJ8SScCQgcuSTBmQAAAAAAAAPmgNAgOZ6EMwGBI5ckOBMAAAAAAGDAHBAaJMeTcCYgcOSSBGcCAAAAAAAMmANCg+R4Es4EBI5ckuBMAAAAAACAAXNAaJAcT8KZgMCRSxKcCQAAAAAAMGAOCA2S40k4ExA4ckmCMwEAAAAAAAbMAaFBcjwJZwICRy5JcCYAAAAAAMCAOSA0SI4nF86ZNI82Q8tMcklaYGeSkpjb2Nk/ONDfWFpDo/F5Ns+k0m5FcZRn5toe9A8+aG9X3JSNFJ9aTn8np1me3QnWdkrstMXvKakfZSnJaYW3xSKulaQkFPLB5DN3+Ow0bC9libTM+D0XRN7FT/vZY/FHm/hwSkJJvaI8HO23pubyHec7NTrQm5yYu1s9jGI3y45abXS4umuq1SPAD0L+nlx26Ab6yypb6DjvPlzDJrHjvDxJ3i8dvdTCE236hGlbSkYuHyxOy62+0zs40Hu7pkQtfoooP+pwCf3NSciNT7SK/DnX6JirxfLoVfXYqicDzJn4PUXq8eytbVfUgatZNWrpHZ1Sprvj95fwqVTa1ey2HHam3O1NF9IqHTRen5fLizplX7TsTjxmreuijSxv6uelqPoo32ytFMXvP8avR74vWQnq1NEpKni8fCp6IVSmbyXnN/HLeVBb/KKEzt2X7My2N9UUX3PQTalevWvRnTy/2U3n8cRN7R7FHzP8pjepDrP0m+Vahkk3nXGekx8u9dkxxW+AXhfhqG334SrK1ni2iNaiJtnoEs65xnN1s6O3CNBu151N8WmX7ea7t+KOTzzWq+6vdX+uXX380cMufl+5Nv+1kviMwmJWKGzs7/Qt7Q7feWtQXZp+g2I3f37Y5ceHCnvC3jxTKJ6w/ClDC0xJ0+6QCitvVv6YFgukcyGmzhz1djp1u/wcPynq9csuW1awpyfoZOklXBSJ0Yfez271sICFxhwQGiTHk3AmUOCSS9KCOpNrJdXjXgkmZ9Ji1aNAQXwa8zCMayX14t5ku7A7kQWOtITdBbd4WlriORFZige5ot/dWAYp7lzs0A6m1dgKtKOhPzMYiQknywc8O0XcPnOMP4208YF69qxSn0YCOeam45xzbUIaXXbYLtgVt3z0EpO0BxtZ32LtudstF5KyQyzRlzMpLLZ37z7OypgWFKrIRRfMHe6uJWziUOvni+NQzxp3Jgx+IijEkfIsUuhWZvdO8dps52W6v4m7maK6Yj7gw5k8uKxGpYudHM1J6ug3JboM+Xk07AW/6aWVM7fJ6K4RGcQZ58gXYHym51bntcbpWznXmP+hS1hc9YvKmSjqWaZNMty9aVQuKvwhSLtMt3qeQg+72jZ+cNRj+OCyfO9izkS+oKRnAX98CFhO/QkrnElx29Uyp5Yh+WyX5kyMV+js4LdTRemnU68YnIlKdXauepv1KhLys3tJFPjlhzkgNEiOJ+FMoMAll6SFdCaGu63iw5m4Kc+hs153QHHf9Jp9oJ7bDFpCcuI5LWeezZ8zmeyOT7ssEhc5dMtmj2fbBf4OVXYmWQm51htezkRpONco7Wb1USs7UN7OpD7Paq1pd2hvlN3xiVZ7QK++lgRawCcdvaL9uVlXmBlLSyzRYxRP7MtGjjMb49uZdNMwCwjgTOYPVpvaLbtlz9kRATpHPfKaM3E0l1tvsLmWhDPJ2ZMbn3pBvp/Km82v3zT9bqb4dybKaHxioX45L168X4joN6Xpid2J0vt+D25+09u9v0pLmKEzUd9ScbzX2O/xP/aaE23uRehMaIOLHxjv3obyvFu9F7Fdbq+qVd/usWHt4PBjOMrv8Dy/H2fCHx8C386ke4IMCRucvkULD6Izsdeco1Ov+HIm9uJC9QHty5moz25D8AAWBnNAaJAcT8KZQIFLLkmLzJloFGdby/V3Nk90Jo7yk+wNW3vVbemxZHYm3m9eFzvxCblc/B3qzJ0J7WbyGfX55O1MVNyT3U2iSdtD5y35OC8nzEdPcV5OSzipKF0n2kRJmIUzoSd0SjF77QpnMo9M9dtKi3jrrBk6k92JRTxxSTgTjr3uAq+CU+TNpnBcL7R6fYF/Z8Lgl/NibuXi05nQneq2ts1eYSjdycWVqyUF0ZmoLVoXlTNhe5p0zKEeCsPd+7HOhP4euswfdt7OhOO2puZSeZizM1GsSXQ/nKg9yjYjiM4kfn85P/WzciZL69m9zDAHhAbJ8SScCRS45JK0kM6EtY3mQbOOuE/RJP5KW6c/paxXyyNac1F0KNf8qkGnerucSD5TY01itzA/zoR1rtADgsVOe5V4CPCbsseZTHfvzrNNenaKvYZKUZvAid3k1eW+nAkjP0m+y3uO8/LB19Gjv5NXzhWr7bvEcy5+jyegSWa+xevgxKsvbjVnolY6nciEM5l39IpNjzOhgNXTOL6tXG1norfmar7ArfUSciYKM1RawRObnZUo2ti4tdfVkjMh2xyffZUPpyUcK5JuolRi5UBzsWErsOomREW/KemGyisMTU66oA92a4+DmTgTe43cNpXWyHtlEKO1Rd5rGY3PrFo8zsTXqH73dl7WO8bQPb+dN2/ju0xugT/sfDkT4hZ/b+XbmeiPD8HjnAndRYuLT8qeZI53PH4TdlSe5K/GzM5kt3an9eFMltKze9lhDggNkuNJOBMocMklaUGdCbv75N5+wPq3tTez21z+ntzdh2smJ0eLD6uPk4GW8vJbg5MTttIicXvyOBOtB/yQ3ANeu2km5LI3SZIzMfeAV2f3ehgsWvj7ew6FZYP6M2NyqD9rv1cP+MGBruTE3MR8dhA8j7rmC+zoefeAL65rH52coPwsHB9oaR/oHx3olY/zssHn0WMj07Z41X4IZ1Ks9oCfHOq9XXOBPyDpwcn6KI9OtNeV8MhAOBNltCk+Ec5knui3dfZPjvb3NteklPHDLdVo8R7woxN0prx7wCssZFFPRP1S6AFfyz63MDrY2bQ7v4WnCGcSn1k/qGfbrQfonsoiZ31aYm47nzfPxsple5PaPZpdzo3enfcWF6M27esFnbfq2/pFiEx3fl6bIfeAl6NPreuItzPRemCLHvDT7Ibmuwf8JOtUnaj1WvQEu1lJnkv46fIYZ6LfvbUe8KOTk0PWVK0HvHbPuVbCH3ZezqS9id/ha/OPUXlgfsPUA15+fAge60yU7vgEq9XGWvxqD9kg9IDXeuorBmcyNVp98qS48M094BWPbwELjTkgNEiOJ+FMoMAll6QFdiYAAAAAAGDxYw4IDZLjSTgTKHDJJQnOBAAAAAAAGDAHhAbJ8SScCRS45JIEZwIAAAAAAAyYA0KD5HgSzgQKXHJJgjMBAAAAAAAGzAGhQXI8CWcCBS65JMGZAAAAAAAAA+aA0CA5nlzMzqToF0cumBKhRSS5JMGZAAAAAAAAA+aA0CA5nlxEziTxlxbL+znmdIM2Wf5oToSeiuSSBGcCAAAAAAAMmANCg+R4cuk5EwucyaKRXJLgTAAAAAAAgAFzQGiQHE8uZmeSE5XBWnNZQn9W1VVbe71wy5Hipu5ai2VTLY12N5mXAC2w5JIEZwIAAAAAAAyYA0KD5HhyaTiTJikb6kwWj+SSBGcCAAAAAAAMmANCg+R4cgk4k28+j7L8KGrTvgyeDmeyeCSXJDgTAAAAAABgwBwQGiTHk0vAmWgaqrWEbmqGM1lMkksSnAkAAAAAADBgDggNkuPJpeNMmCf5hfp3i3le6KlILklwJgAAAAAAwIA5IDRIjicXmTPR+WNJs3Amv1j3HEv60U+K+1m2ooxNNPZc7H7zEqAFllyS4EwAAAAAAIABc0BokBxPLiJnAi05ySVpJs4EgiAIgiAIgmTJ8SScCRS45JIEZwJBEARBEATNVnI8CWcCBS65JMGZQBAEQRAEQbOVHE/CmUCBSy5JM3EmxjIBAAAAAACWNeaA0CA5noQzgQKXXJLgTAAAAAAAgAFzQGiQHE/CmUCBSy5JcCYAAAAAAMCAOSA0SI4n4UygwCWXJDgTAAAAAABgwBwQGiTHk3AmUOCSSxKcCQAAAAAAMGAOCA2S40k4EyhwySUJzgQAAAAAABgwB4QGyfEknAkUuOSSBGcCAAAAAAAMmANCg+R4Es4EClxySYIzAQAAAAAABswBoUFyPLlwzgQsP+SSBGcCAAAAAAAMmANCg+R4Es4EBI5ckuBMAAAAAACAAXNAaJAcT8KZgMCRSxKcCQAAAAAAMGAOCA2S40k4ExA4ckmCMwEAAAAAAAbMAaFBcjwJZwICRy5JcCYAAAAAAMCAOSA0SI4n4UxA4MglCc4EAAAAAAAYMAeEBsnxJJwJCBy5JMGZAAAAAGBeaesevtHWv5xEe2TcyWWHOSA0SI4n4UxA4Mgl6ek7k45si8XC/rfGWCJ3XRo3Tn86XHxW6TKmLQM6DkdXGNOChuWNbGMSmB8qPmaXDAAALAmWaxC/XPdLYA4IDZLjSTgTEDhySVp4Z2LhRGVo47ozUXoqkqy2EWPOaD5MoRgxf1G1N61KybNKyU+esjmpjNtpLS09XxobacluM04MjFk4k47s2H1s7Tujw+Iq5dPyWGbkTDqy4yqNafNBtMUir4hGt59yOlsbsj+Itmwu5ImW6BSeEmax0B4Wxlp2Hi7tsZVmbAlPusoyRIZaKlqdlGIJjfEsS1HCQo1FsefMzjBaysfeyW162SbcHZawaJvd2drSIWeJi7BYXoujzdBWMX6JUvLqWvM+jTKc9GhLeFyliwZ6ziexiyEsPHLjdhrdGmrJPtXQWpe3KzosT1p2T35s9AfZTrst3GIJ/6KBUvJiLHm2ntbKjK0RFpaxNSOumi1wUdDbcr7kPCkkZC0fMGYw0ZK81pASGhJyhua17t32izVsfOxMlSHH4mBN/tD/TO9PapwwTvAmYt0Gaaw7IrFWGl0y2DPXz+osDJ/aFLIq9MyVtsvW+JBXs3hiSEhoyz37ptCQx4WBoatWh7yrrcdhfXPdu1mOey3n920K/azRK5/bEbJ69Y5yr7S2zPWrV4UYNjLkZ3sdty9nvbtudYi60s6stS+GyBnWrAoNXeOVEhAjYdKdqvVUUuxrlBCWd93rluuyV0S+YLGEhkVu3KWltBbt3EhXdlhFj5xRyX5DfWyynNv5ta2OshuFhpPuc173xoXhRlu/MWlZsFz3S2AOCA2S40k4ExA4cklacGfSQffJ8M10b4zUE6TozZun5kxu7VCdybPKt1bjpIWkMi6bB5ojRTyynDuzciba08vdSqG80zDVF4vcmYhRi0WzGWKDOw5Fp7RQLK/H9W6b6jGclreLeELR2xbPEWjLyD4c530YKbwIz44xOpOMNyxxetlu+CK8wtdBpKChSA1C+Cpa06P0MGLEEpsnZXSRmW9Vh+gCyn7H0mO7lJfOcrrGdXfhbvAqJ24tZrElR1pC42ggXFx0dbvY/tIyY/N8bdTTJCRkvTHpMez9sSEutIdsKpDHXWe2zSomXhjIlvxFaj8XDRsnS5AzSb0uxlaKM6Hz5hrThtaErGH/jZ1fm8zKq2LbG39FzyXRuC96U36VcCZkP8SkkFU7xDCx91erC8qzDM5kfcj6rMwdRmeyXjNFbQfX77UxZ7Jjx9rLbjHdFfLuhztWzdWZFL0XKTmTHktYNH85Qte4nM389iEm1BK+JYPljGCXtoCcidPpLD2flxQbGXOYZbW8HBUV6nnCOq2xlojwhbkJyyzXCH657pfAHBAaJMeTcCYgcOSStMDOhAVelu1F48x1NPC7vO5MVO8RrcXiKo9xJi41ncNu39tDPeMuUSejQlNL3/GMqm+IO9hbpchIkehZYZnqRnyq/Wm8WhbORESc7oYMa4OztSJjS3gpa/bmsoRGtTqdPbYi/sZdNh4iJo5hT7XSUmsSzxAeGUmz0BK0hT8opCec024rMryk91gIp+ZMxi+xt/u0tlNJlhgW03fkxkR/kF10/lJeMls4D/RHKuNicjuYBX0trsjW01pXlMcDao7BmTxpmQHj15nEagPCSnVkx+bLIXqH5dNLVOh2XhQJ2XHV2qDljQw6NWaDx8qV7ExaUjLa9LNQGSdW6k1FtBo9MNRVUD6REi079sq4DO3sOGkDfLfmGinyLE2CfBd3Jlv1AIVS1PKjbJdWt0iQnUnjZ6EfHm9pq9obyoJOe9arIQU2e9uVM19TmOoa3hYS4nA4hj2XpitkjVcY2pi87oyDQcPrV4Wct9mrMnesW8Xfu1ftOJi1I/MMr5wJCQltczjstgLxkn6eSGqcIEOSZpscmXrEzYmfmpOI19M2eapNdGdyvzL1nW1kWo43j7HE3VqxfnvdhgE+5K7dZO3W53r6eJzJlc+/vtJGZzPkD2qFWGdW6POh7KTs2xQa4jvE54VB9jZ0guxSBgm7x5lIhKz6kP0lYnTX2unlTFqS17bRk6j8sc6E8r+Z76C/WZ0O2nJe3BzW6BYqQo/Z7Jnibq1wGu9UHLrA2T00N8YSqr9N0OhQbzKXxGVL17L81oruQmKYPx9p8RV1u7S3GooSaYnNq1ug10MyyzWCX677JTAHhAbJ8SScCQgcuSQtsDOJ1CMhshPhCeod9QnOxAvvcJBVv3SwN8HkNLZmVGpzajk7jF6CBY4sElWdiWp4nPmxFsNTYcxm9CSkuzNqyxR8WDjLiIw1x+gVtNnMh+jv8GiY/J4vZ3Ip+pDnmFIGvfqDP+GUOOl1Go9fNdTzQoRF7+QJ8jOPhlUTqPlGDh3eyFBL5Kd8E1rJcpTajWfB4EyeuMyAMTsTjRdixDZxZ9J6Pi4qlLXm0hipiIvQRunRTi6ObFskf8vobkiK0JyGd1FkyM6k4YtwZmD0s8DKdnhURmWr06632uJ4HQ3mUuTNFt6STVMjFY7LXhFGl8/GnXlXtXPJi0nMF1oNjzcjloi4Cn33wljOqKTr2jFgGzaTmq4FRDgTe/Z6HlYS21gI2LL3xZDznZ4S5SMudNnXrg5Z82p8wW3mPqSItmrdQd12u6vUF/DSK/aqD7PuaYOmepgg8z/TmRvhw9ycUIp3Fg8R6/Yo7jsRW3lIzZ3JWMTv8rrUq/749g1TLM/2I6xkjL2aevSjMlbX0GXdXuN5tf/0MdeZhISoBpJH/Cq+8oSEPL+en+yqd0OEG6F5ffgPhtmZDFe9G1plbv4lOxN343peMB7jTNpKPtSsLHMmyo5VIdFWts1rQ6KZuTWXwNnj05mE8zoTV09Dtee9zkhradxrloZx7a2HxtUk+aHp5UzU2lfmTOhvuNoMbLx0e7HL+HpoQViuEfxy3S+BOSA0SI4n4UxA4MglaYGdCYVFajMS1nZFi4Of4EyinSpFatWHGve5dm32xJmUvWgL8ybE9sPM6myN0CZlq3FbT2W2J7/HmairVkN/4z26wuBMXvWevIBUxqVcdzpb86IO6A8ntzM2Wqvtoc2Wo1VeweLDmXg/hKQMmjPxHEp1qVLWbNYxw1khWjSZA2Wv/OzhRydiK2+bRCS9wcLgjFNyjYlxe564zIAxOxN1d5yl1qSwjVorKW2nQ8OiP/MYjZQYC6+9UViz750sQ1h4z/UUKrfCbzzRmYRbonno4HEmuuNKetmzy8p4kadaxllIG7zdYhEpsdLBoYVLVwZb4C718PJR2q8Gtf2GuUeQ7UCMqAqzpcfEJpfupBlDI3nMp1oms+99mghnQvGoDEsaqKKBvcfVO4hPZ0K4XTt+tjokJFSR412v1+Q8hK1an6mFu5TNuKJ5g9eTPG7UAHMmivKqVm3CnUn9lkKtPqTt8LZ6Rflo3Ya3Tw8p7to/VU9FfFxGFqXkY+ZYFg+eszDQsu7Ha9RjrDkTcVLMzsThcJy3fh7y/IcKr9bQ08kwCJfijdGZNCaTs/XUv3mQ1tv4WSirMFF8ORPOqjXrP9FqeMiZXP5kTciLe9lUVgMzb85kpCLc0GPN8PZBVKcrxjsqdyaukZ6Gw1u11lyqM4lWrY6reDtrqgBnEjyW1H65hidnHc6ZA0KD5HhyETmT4rTc5P3HbFKKNSk3Pq1GSgCLC7kkLagzqdulxYI6LDx6kjPhw6I1F4v/+Osfvc6E47zKliNu53RfVhfL8vD83nUmj3cm13/l5Uwu7PeevIDoj5+4cPVAiRdphD2PNrsnN8ZPncl2Hra6Kwx1JnoGH3UmXuhPLxET58V4Bcrm+g12eEeKthsWSN7mnVLPqPdD8YnLDBizMxGjWr0H32BvMmIsraZqHkVtE+gUTkbHEDt4nIle2SVwndku6qMqPtDOpopTmBnKU+hUCjd77I3cAMzLhaqj9LchIVytdvRg8HWth2IypP0RJpO1A1TXsqjrTJhh8GqdpTFwnjeq8RMX8kjXf52JcCYUlabf1QbnG97JhA+n2Sb9dzXhzkSZqI94p3hAGWPOxF7wUcnQwICmKbWGJOL1tKaU3wywBl2/UW4f/eU69qZ88cDPQuNna0LWxPOUmTgTTtZ69RRfjSdXoNKyxtCj3YOXM2k7uD79tq8rWfFar8ePqsjb4GnNxVGdCa+4Gy7ZpnY4mR9n4mq1xOifh/HBCHuVIN9FK+PyJK+WrfYzcTpHxM5zZ0K3F3pAxFqiWBKcSfBYKvvVdLEy/ThT3aBxkn/MAaFBcjy5uJxJSumt+KNNesLE7oJb3JmMdl7NzyyMT8hNyVendtekJBQ2njlJKTk1XcELeMHskEvSQjqTXewjQdqnRRQ1ztt+htUsW2bjTNh7aw02oL5l96CGtgIWx4uRmI1RM3Im5aohqTmolHJz8pL35AVE6mfCe3psVz8VVZq+NVzvwmgJZZ1GPB+PUjuNUJ4Ga1xUuBZ/x4Ra8qptpadYAGp2JsqDUkvkVpu9teF8aXTCJW0imy71M4lIYm/a3B2Uk63tfIbWJ+RwTPRneZdsPUWHdyqeQJ81H1KUS6zLppNtidrtREf/5Jcq2xOXGTD0vBcrcnrVmeyyhG3leQxBeXaMJaNYbBtzU63sw1yX8j6Ljjkgv3vx1JlQaRQfB5DrTASiUoj2a2t6RWtdntZjtTqOfyIsSXybi9tOtcEY/zYX/z4YhwILvf1GRzTrNGuJ1FtzRW3eRQe6ta4o4/eR24udrB+thX1bTF2j1+7QBcM/NcZ6GalLY/1MJOO6GJD7mbTsW7fuk6/ttqoPN26jQDD+1R1tDsdl64frs1ksVrAppOC2w94rslft2Pf1+ZLzn8eE8joTpenz9cmX7Q4HszGhrI8KzSv6mXicCf+oV1WL/fblvVt9vWUPKqL7u/8KE0U4E0Wp2f2biJcStNZc0XtqRqVM7trPX9qwad1HiupSUj/esNg6ynPX4SrZRqE/nb69rFOJP2dS9cnaNz/KYif61N6Q0G08UXybizf/etOHJfA4k7bM9W/uYz2IxEfemO14TD8TDXOdiW9noii9X4eErFWHgu9MMmIsokaX4d2aS0V1JnTvikppVV9LpURpdxiO3JqLw50JG4iKibWqdys4k+CxVPbrdvW33JnYZvnDDOaA0CA5nlxszqQ7PvGcNu68XNSucGfiqDyXll8zONCbnJjLJjFnYk3Ovzz4oJ3ZlbJF1EtvRSGXpIV0JswrSN8OYu2IKOCepTOhWDYs1BIWEbPrYk+U6kx2btQaOG1PZ4F1zMvhamP6sIxa9m2iog+ieX6lNWNGzoTcSEUCG3jYozRsZqNPC6nKno7czosjI9fZsYp6O7vB2cE3u+e8Wg0V6vl25Hb20UlL+MZdhZu1R5TLXkpHwPICe1vmw5koSt4HMXwhGZVSL3Dp6RWlx6+ln6k5X4jq0epqXOo3Li1hr7G3+yLQ3xluGVE62GcuaVKkp18HQ+++osLOgv9lBozcSq3Cq59JZIO+lwZn4t2wjR09MnXq9zd3ytkYmjPpyYvxfLPLvzMhYiLCaGna2jvyIpPVa2HElv02HWCt8SFPYSX2Ne83385CLapQ4XUmnGx++sLCozfzdlkusl5FD9Tt8d6dket5rCR4clK5iuStKxcP3t/mcr35U9b+582PKKy0n3k3mobXPB+tlaje8zQa73HT9rXPs8zrNn7O+5koyvDa1SwoZRZkoHHNqpDVlugdVv7S3cuZDF/9Ws0YEr2VtdWZV2bzbS7NmSijlX96XbMcH0VviHjj05aejuNH1NuU2nwr4ndq2H336Kuvb+C9TRYPuusYbsxk5mRbZuN6v87EcSVrxy/WUs7VlnUtWqd+xVEWz84Ob1jFCskaPbvA40yyvFrnMfOwflVIaIJe2TJHZ6K4eIOu4DsTd4flha3i5YjtgXLpU+3KNb19UGLFt7lCve6TfpxJuMXCv3sBZyJz78LVe8a0WbBo98vItMP2be2hM/XG9CdhDggNkuPJRedM6vNy1ZcZXUX7mQkxtOaylxayhwBzJqpFIZov7E54qp9kXcHIJWkhnQkAy4qrSeFRKcbEeSNK/z2ToMEClKAuEABvzpecD53zp3VNOLad4c4TLBn8RfA9rfvb9eGJjrfr2dfq/mvvjQuP/WrdE3C133whu9kxOGw9cfW/+Augx7NSnEmgmANCg+R4ctE5E8V2oYjKlo38xklFdyYPe23FeaztFsnoTORhsLDIJQnOBIAlQcfhGEtQjVDhZumLZADMA3JFB1jJ+I3gB589rbWgcdVdD9iQaEx379pfp9/Z3HcvNJ7ws+YV5Uymx4ZHZ/0qyhwQGiTHk4vPmZAbSbqQlWi12libDNWZ9McfusxbhTbmm5wJ6kyeHnJJgjMBAAAAwPzhP4L/tV6z8XZyHR9Ynfznb9UBR/X1/TcHHNebX9nL8tDoTTV9176Gt+uYiVmddpOncG4WN6w+JHfOca/+Wq2Ruf7ntw9ffe/b3pFJFqO+t6/u7tiUa8z5X3vrNGcy3f2Ctd011rs68zZPOJJZ99PDzY5Bf80j/e/X4mFl9oBnzqTsUG7y2S6eyOtM4hOsWeXt7c2Xd++xCmeSmF2FfiZPF7kkwZkAAAAAYP7wH8GT37gyTf8Pry7QYkjhTF5P1r4EQnnUlG7NkBR0PbuvmUbfu+718z3fFtSt/sbrqx6rM1Wjcv3P56TaGLEicjLcmdCMPGXXPm2AnAkf8IP//Vo8dNbWcGdymx3nWWAOCA2S48nF6Ewma4tYgy4V7kzq80/uTsyN33Py4Y0S4UzqT7L2Xda6XgS8Twu5JMGZAAAAAGD+eEIEP9i2q8Wt/VURzmR1cp2QmuJWm345yZ/s2tegdLee8K4E8FNnwheo4hTORG/NNUA+RKyIT1pOzkSZHrh5+crhEumDjzPDHBAaJMeTi8iZzAL0LVkcyCUJzgQAAAAA88cTI/jVac27vvY4AeFMRA2G4PXk60cuXHeonVKO6BUdHkz9TM7x1lhezoStjg9Ys7XWXKydmHd9wrJyJoFiDggNkuNJOBMQOHJJgjMBAIAVQukh6ecywNJnvHiLY5a/UPFUeGIEf+7rutWsdZaGcCbkLmIzWD3Gs6nad5+vn25YrTXxGl6dfF3L5c2Rgkaa5ZWjzRfuT2lJ3s7E1dXGqkf2Now0/ln0gLdqc2lVLsvKmYy2nTtdmX5cPgYzwhwQGiTHk0vTmYDFgVySFtiZXC85kXIgJyX92PCMGju6eysLTvDfuJseai5j8564dIdPGu66mpqWk3LwhN49zX3Weoxn4Cn2+nK2roMF+ZV8FuVakbr2tLw+frOa6uUp2UX6p+6netkyRQZFESvV1jJ2h6/0dJPnB968tnP+yabtWah1LV3o7Odm5dG5q74r/y6dcv1kjnzmwNIikNN3v3rpXi/1x/Mq73snjdlOHPQ+CGO2lKPVcoIfzh7MMSYtTVJzFtcPSgbKyO0fre7Sz17Hj1bf1uWV6/GMn9nStyycyRJlqezXiusBD5YccklaUGfSWlbaqbUizTzw5Fd3F47mZFdqUUXmgRzrVRZijl09XT1ARqWv9wH//p07Ja2E/T/dx+dqKznGUyZ1d9F/6UTtEFv72bva2lMPHON/tZRbtGEsA08XGZSuSrHSlAMnaCAl7TTPQCm1+q+AydsZTO7Xpn5T2dfemHJQ3UEdOJOZILzl2UyvUEwPbSfq85dJiLaiCKIzyT5wLPXcLc/4rbLUtLzsSu396bWCHLK1k/pEuuhyzzdea2o8kU1Xn5fXnT/yD+XculpicCap6SWVZQXiIIxdP0spM3cmT4ULOXQwC7x3ZPT6yTzvzR5NSZv9yV3SjF6//cqWu5IzafvR691a94flxlKJ4GfLUtmvFfcb8GDJIZekhXQmvZWeBypFGJqTeByd5RfYr4LbeFRBzzB93nspRZ46XzaJOxOd3vIC7xR3R9mx69OKMlSXe4kvg8zMWfrPmpbDU2iWaxMsA6XIGaQw6F7lUTYp5bheuyI2w3s7g0fzaW1j2OZJAZTHmZQezemdVk4cyDndouRm5qRkMteUn8kiKlFNBC5k+3Amw0N3SrNzhof6h13u/toTKQfy7EP9p7PY8WSnkmxwfuWwo52MaGZ2WXVrV/O5gnwqIhPNpw/mNN/r72iuvT7Hj+4DE2pJdmUfZJWWdt1Ytl0qofKcadV+tVu/JN39V8+SQ2C3lGG1GvNATmmL9nvqZ63HvGpTdWfCrxdB9oGCXLpS2JXPsB7IO32rUTgTugNcG7uVeVGLE+XXAdK9aP6xeTkTstNjXjfS0dTjjWPqJnkyqaYrt6h2+J7tbE5Oc/3Za+291QV5F9RdoYOsqEs4eCjPerGR8pBnkOcNPmNX6WwanEl+OnvTJG82pcgPCBWbdmc7kFN5d3TsbjW/s/HTyucVBSA1i705Woq0Sc7k9to4/kMLBhx/Wn3vnS0j/fcGCt7rOHOlq+DKUPWeu2tXuxRl5OjrbJauI7ScO+/sH++/e0erb7l3+9dx4/2O7sT3ehbB02CpRPCzZbnul8AcEBokx5NwJiBw5JK0kM5kkld3qJw1NEgwUZrFA0oe8U9IlqA/5aRkAqZveb34VJcsp9yqPJ2q1c+46cHW5xpqqzx9Wn3rSU81npKapmWglOwSm55Bfq3eX2tVnUl6mZYwUMc3w3s7g8f96mw1hmBQdCI9r7QgafpeyiFmwFgYXVbJgo/jefUt5RRGDw91pYh5Vzz62dfQQ1vNahL5aTnZ5fzrLLVqnMqcSYcawp5Oz9EdSB8rgeykzHMYt4Khw556KI8KcEd9Sap2jU+kpB0j03g2J6+S+X/t9I3ZSlKlCLvD0e+JsNWaRrocmivPagvhzkS/XgR0KumiTinQbiwpWZV2xaY7ky5Kn6Q7RqbmiCRn0pdirVu4XyD3diYp6eyNiYjgx66evq7G6SZnwgwMY6BWmzR9K1Mt5MKZ5F7SXg2d0N+AzCvezsRsqFiK2ZnwO5t4R8DvbNxMCmfCC8CFb0zN3pYI3s7k2TvrWFMu+0XR94HBnIn+TLu99gU+MFbw6z63lzPhJ50yq/2/vxWLXQws1wh+ue6XwBwQGiTHk3AmIHDkkrSQzoQoVbuCpGadpqBftJSgpy/r/nFAihtay9SKCDbNrzMZTUnzihTbygp4BKPiHh7qr68syUzj70opc96t5uoTR/Osl9j7w7aLJ3gK/VXnGaWU3JJGPYMPZ+K+V8e2P6fsuvPOwbJ203YGD3ZM9F3zbo7CgqTr91LStHeELJ7TnNg9cZQCafSyHDG8Jld8ORO17OliRYs5Ez5J5GHZ1EjIfa+WvcFtxtENPlJJZoGsosadrLZTSzldP8FOX5ut5GCRjQdhlIE11FThJ0ucOzbMY266fKTrRcBM5rRNy9NVqb400ZzJrbN5fL1n07XbVLYoIdle9mbekZwJ3YLEXqvlry9Vv97NzkQfFF7rHr9tCmciOg7LhXz+kJ1JrvYmSN/sgTqeYnYmojyIjaQCwOcSzkQvANoOLjlkZyIYyPhprxTx6maDcftH72lD1e91d3k5E56spSiKfeOztze+Pe71ax9PjeUawS/X/RKYA0KD7t3r5cEkDcCZgMB5is5EUCq3/h9ov9bUeK1J/zUcRTnt6abprzWXvbzgwj3e24TjMhgVjZ7q3Nr+saunddPi5i9cKTNPGb5ekn9tgnUm0WbXMphbc3mYuGq9OmHezqDRWX5QOJPWMvl1IIUdqQfzDpZoNfQUahiCDwXOhDPVZYjYFN/O5Gz9UD9r2UUac/l3JkR/+1WKUG9pL6VB0JBKsuZM5GLMQ1tKSU3LqdcPvjnCloJy/fTdr5avF4Fa/eUmE2JXrYhaDaLF8fl6NUJH2bF6tdKMFptfTyXElpLPPwq0UEjORPQ34xF877cFvMKETVpKzsRoqMhx8RSzMxHlwY8z0XdkWTkT5dZ+u3gXF6gzIbo/ef32z7f0eh6tT43lGsEv1/0SmANCs66r0ACcCQicp+9Mpu+lHPX3ZRXVqHCV555v7BhQcg094BUX2RKpeoSlmF+LanSWkzNpLsoRtxDeKzrl61otZfpO6rlblIFS5AzKQK2hB7yG+nmcSV/bGTxunU33hEfmfias84wal8CZ+OTC0ZwUX1/vMTsTCkP1tkOcJzgTFWNnJzB3zM6k71sfdSa9ag8xntMcYYveWYpcZyJdLwK9YV5X6tlbeitNHgr3pWSV6Nd1bUpWpZpZa81Fa1nQK8vjTCbE3ab65LHqpsbOFnHzaUzJPHutxdP+ZzE7E1qdVy3l0fNeowfkw7tynUnfJ886pYdbwM5EUee9HXtESng6LNcIfrnul8AcEPoRnAkInKfoTNiz52BBbon0OugJiLqI0bZKsgda327D440Hmt4pE7nZ7KOxqYdOnKjUFnEih6WkpOVdU7/rNXa3lqeI/rWUwr8azDMQYqX8M8fV7CMz7CPCpq8eB7vORGGNHLRvc3k7LhEk8fgDzsQH91lnWSH51HiOzNgdmpRb28ta/d1hbbRS0vOuq016HutMJm5dsLK+SanZj/HAYA6YnYn6LQr2cQLWi0DqZ8K+anQ8j5yGjwh7zJaSXVbf3nvrkt5ZRW8MKVenqKNanWTugRzeO5yHwuxFgHR1n1ZfEHj1MzlYJmeYX7z7mXBMdQtLq85ESvTebNN+rTRn4rr7+rPsk8E/ebbPqy1AYM7kHu+y0nlG/yTlU2W5RvDLdb8E5oDQj+BMQOA8RWcCZsVp1TgJm8QRQVJvecGFHjecCVge+HImSl9TmfzuQDKWjbzPtDnCrizw/W0ufr3o2T3OpD4/x66lsVCYWxGB/eKxaxOyM2FfMNc+mQBmDJzJCqete+E+G7GQLNf9EpgDQj+CMwGBA2cCAAAAgAWDgvgbbf3LScvelihwJmDBgDMBAAAAAAB+MAeEfgRnAgIHzgQAAAAAAPjBHBD6EZwJCBw4EwAAAAAA4AdzQOhHcCYgcOBMAAAAAACAH8wBoR/BmYDAgTMBAAAAAAB+MAeEfgRnAgIHzgQAAAAAAPjBHBD6EZwJCBw4EwAAAAAA4AdzQOhHcCYgcOBMAAAAAACAH8wBoR/BmYDAgTMBAAAAAAB+MAeEfgRnAgIHzgQAAAAAAPjBHBD6EZwJCBw4EwAAAAAA4AdzQOhHcCYgcOBMAAAAAACAH8wBoR/BmYDAgTMBAAAAAAB+MAeEfgRnAgJnts5kHAAAAAAArCjMAeHjBWcCAme2zsQ4PwAAAAAAWNaYA0I/gjMBgQNnAgAAAAAA/GAOCP0IzgQEDpwJAAAAAADwgzkg9CM4ExA4cCYAAAAAAMAP5oDQj+BMQODAmQAAAAAAAD+YA0I/CoIzaWxqH5w2JoKVAJwJAAAAAADwgzkg9KO5OpPBhpL4hNz4/ReME8AKAM4EAAAAAAD4wRwQ+tGcnInt+DFmS7gST9pLC2kgpbTbmA8sU+BMAAAAAACAH8wBoR8F6kxG7xRl6J7EWwE6k+4amjet3CGnJSfk5lyTE2ZKfEKhMQnMA3AmAAAAAADAD+aA0I8CdCbWL42GZO7OZHdSbvyhy3JafCKcyaIGzgQAAAAAAPjBHBD6USDOJDnR40OSj7ewpKEmjzlJK785apzlyXTX5NQ2ZSXmioTJK+fKbDUL7EzKMz0bAJ7I03UmsRZGVHqrccIMoBmzO4yJgo7D0RZLNB+u+DjcYglXKuNolujDj58HLFOoKMRVeo1ywl+O6XFriVpKdOwuawMbdztjXwuzWMLCN+7kGVpPJalZwvKuj/CUket5lCN84y5tERouffEWy8cVWhotLZoKoaVHHXO2FIWFWsIiYrQFCZyXMjZHUTaxCkphOd/YKedSWPGOsUQk8eGKjy2eCa6emIgwS2hY1GZtqphg3qoG664wNYG2Ki/GYtyYRU/VuyF2Y9qT6MzaUW5MI0JC1ntGrsRvK3FJk0LOj3kmKo4CSvG5EPBE7Jnrq4xpT8DVWbVmdUjImnUO/VJtzNxGp2Dd1iyvfAKXneVfvSb6k/Ne6WNnQnT46WNL0ZEzUrlSWf2htXFYXen6kJC9apSk02iYBYCVgDkg9KNZOxNDDYlIz/JOrx+X5pkJ3aoJab5gtalXs/NyGi38Wgl3JrwHS23zLWtqbrFdzXCtpKi00Fp6tb6djeXsyc0pvVpbXnVTXVh8gjUxu+r2nZbdtDFHm9S0rrSTl2ubu6pPnuS1OsVpufFfWtlcdZfjE46xLFOjtBeDA/2Dk7QKR/yeosbmW8X5J9XZgQ+eqjPpoKgofDPZk0jjlDnjcSZXWUDZQcVBdSbbz3hiDrBCMDsTMWqxxGgDb2TzgY5D0SkUhfToDtZt46F8j15wkl5mTqBws8XydpGaMGLZLL9G6TC434Yvwi0RcZ5xd0+HXVuWJVRKZ6Pbi1R/UPS2xUleKD2KUtQpI5bYPCmjyxKVwd08XUDZ71h6bJfy0lnOEbu+6pEi783wsVUVTjnBRavwSlj0zJMz2bYqZE1I9Ne9+qRV20J+9bVoo7z3xZD1QXUmpzrezmqNutF/wjjBm4h1G5h+/tuKninjtCfx+boNxqSnxOydybD97jAf0s6Ro2DTcTWl9+ttvm7ma0LWakNX4vfapAl307M6pVFFWSfbUQlRrtoO0qlmS1tP53xNvMhw/g8hO1YF35ns3BiuvgoxvOlgFL0XKV7DuewVkS9YLKFhkcac7HlKRG7cnnFefQdCjzztBqLBXwXKKQDMHHNA6EezdiYpibnxUp3JTf17wcwDcKlTvfqLzATuTJSu+Dx2P3CUn4xPuiCcSVpibkqx2khs+pbmNK6VxO8p0Wd2xyd6VZLQBvBqm5snj8Un8AhA4IhPY23GmDPRq1YO6RYrx+O1bAE2S1tJPE1n0pphYTGiTbtXdmRTyBiTy26p7Pb5hnordlfwqRlvx0RGsDe8u/g9V6oziY0OZxNeiCxq9bz21ZzJSEVchEWLC1VnEnexh3KHRWjxqOJsjXmZvcyO+ayUh540W6FzJOoFtgnbD8tPNrBU8etMtOe0cCZUDmPzvUJ0zySVio8tVO6oMIls4ZZYebq8LmJ7qCXW6jvmF9V6Kj2eOpaLOwudrB5DpFjkVYyX6gvssHxQ4VVn4qHDszSGj63yGmer0O3OImBHSMiHVa5oy+qQ1Wva9Piz0UrJIes2fs5HRQTpOLNtR/kwRb32gcY1q9jr7r1VWjj7+cZ1lLLaEq2N685k76shbfo7eMXbmZAViafwdp/2kpxsCI2JV+ZrQ6KD6EzIlmTeeomLho2TJSLWbauorKw4mRnx0ntWL4/5ZBajM+m9HLomJGTVmkZ+YjqzsjqH161hdSNv7vNtXtbzagqPt6xan+3DmXpOZWfWh1Xsb2hCIxst32FYLp1G7wQNj+PtzOIrJWcSLVWSbAtZsyPodSZXkyJ/n9FjK834fWR2m/ekEZslLEw4k62hluxTDa11ebuiw/K8SkKH5Z2iHtulpNhI7bZWGRflfZlbIsLD4UxAoJgDQj+atTNRtJj+sQowoNecicKqSljf92NF7cx+8ETvVaiG5FoJtyqMgXrDSj2tucjAaMNTOZmFiXvUJaTVKHwvVBfEh/mA5EyU4mxrfFKhndWfAN88RWeSEWWxbKYAjEWHu+pYCnu7zN4it1osW1XTwg0Ge+tTeLjURtbByYyK2tpGcyYUllGGUpfi6rHxujoOdybMXogbsepMLJZwp9PJ/v+Ax20uWq7iVlMs4YrW1Ce8x+nsqVMrW8QSwZLlcc5kpLUo8rNLPFHYj5Ez270C9KtJSVelUeZDWDlJedkSnsBLosfeMDqyw1QLbXkhintdS3hSQ0+F2u5rpycb4W4I/0JbAmO8aOdFfdhZSFu43WIRKbHSKloPRGobrSiRoZaYKB+hhjM/tvCBNK5vVWyy5sBpq3Zp72h38izZb4iL4unDLIj+llqLIFv2bjujhrHutpA/nHfpEWQohaKZLJSjqDfaqr1P46+0z/8hpEW/J2iv0tW4NuvVEN25aHjCWVpLiUu5St5kjT5pR8u+tdrGjJ2nqcFyJjf6T5AhaRk8NzU9wc2Jn5qTiHXay2/r7zZEJNbSQG91JqtFeek3Leo7vNG7Za++wupVtnyplfW9f/jtS+s2vPqHlEMxGxR3097XhT+5E/Fp5axrXoKBuc5EO7mdWSG/+pqnPKYqzBESU8CH6Iy3DLjWrVrtnUGjjYrBF1WNmZtCV4WqCa6WAfYfrXrNGuZaPy/RqizJF7FS9tM3KcUzv7QBw2e2iToTV8k2vRqthVxr0J1JnHSB8zcdltBIfufZuTmbHl6+mi4b3j5Io5VxbN7KuIq6XZ67WUtKXh17/aePAzA7zAGhH83VmRTXNNXWMaXpfeLn6EzKDuU6FHf8/irWSsvjTM5VD/SzdlZM6q10ls6k9qj10Nmrtk6afWiGzoSoLS2JT7TKKUDmKTqTSL3Xx/ZQPchj5iFSsedRmEhRVOSBVtZmxqupDIsC+d3XojoTZmYo5+8z5DyK5kw0tJoU7kzUe3dcKKuTkfPznAp3JtokZlcWS6QG5oDZmWi8ECOag/CT3nqevWX0VL2pdW5eHTBGKsLVItSRG0Neo9XpLE3f6v0a0lVabXO2NhQd3mmJYcu0hEdFRW8lP5y9JVx+x1nxcXiFvOiObGkjK+jSkDdbDlx4pQ3HZa8IC2WeJ++qVC3Tlh1jrBLRtiqa7Im+VRmVrU57g9gqZvK9L4qnCEV+az5TX3XrtoEiy/O6zQgJ2XZmjEWQjeUfhn6kuQzKUKBX9GetZ4GjHD5qzW/ImZS1hayWq6oYwplc/mRNFVtLI1kTLX6l0Jm9O19DwxSeXnazl/dBcSa8woQPkz/xX20inAkZjFdTm9SU37YNDPXeLIvYykL2gdN7Km52Dwx0v/WS6kBGayP+v5SSm91NJ1NeVT1J25FtTfwA3j26V30oLzx+nMmb+drJM+dRVL+RdVcbHr70ITmKTccf26pjNTMg6z5vEhe3isteZbO3XTmzWreyl0vOOxyOrHfXrTb1M2HOZGx43aqQ0HfZtpAzUdxVmu9t2UsWZV6dCTcPFqlW1rczMbXY9OFMlAbRjbMhIdylNkwQMwAwK8wBoR/NyZkY0k/sD4IzUcabklOPlfFrSmrNtVt3ERqyM1Em4hO9eoOYnYlna531fpzJiX3GnVIazkkrAl48PWfSIOJDjprIzACZje1nXMw8WHaSe0lpUVzVqqkIC9/12S6LtzMhKtK3R6kvqeOqPY8ivTVXEdkeuTUXv5Wz18MUhI1fYm29LGF8sXwbWNjqaUIDZ7IcMDsTMSrqIizRKWQe/n/23u2pjTNd+P0T1s13vS/35b5Qlau4WUNV11DFmozJZsxkxmwnS99kTLanSOZbsdeUcSrxFydMWLEdh3iwwnlhFAtLA9gQDjYHG+TIyOZMNBBkMBhhcCyBkcFYHrF7P++hX/UB2iADAvz86i27++2DWnSr+/m9p46oq1cjfimr1K8Kb0pBRrL0DiyT64RHjTpstEcKb5dIEZrtL9fumkBshE+CpXhIsCJy1PEEXL3qeIS25nraeJzXJcoh4k6hNeuJ/eKoRBY7KmImabp+8wnjBAkfeUk20wZ1UTrkVD4gOceaRiyHKlm7LHVEy8yEt/9R5ZCy+UMF+y2sND2GMBPW95nBIlEWOkeaiAtZeQn65phJpT9TmAmrNoEc7SoxeD+TA4dvP6Lzd21XebNWmVSJqJhy5UzJ8ncfxDI/4625ltI/b4f/imKVJ9sNP0f3Kw/us7T5SN2FMBPxJzWaSbj9xIl2pZLLV3Cig0xH7pWIFndqLPv4qYSt1CMZxPDBBZCsy8lT1YsS4wVlCcaq1YiZkIZ8+wt8MiirrJXeTWGyKutoSWco4DOUdFC0ZkIfVhlZX+tauXMz6b2o7IGYCdw60liTBPifNZnWbIS8pkTCzzcczhkDQpP0Kmaiu7LlwPVXeNOiMBPaZYVPKWYiy9EnP905Q7q4uK775tgijTAsjLGlPtrz3mgm/3zQwyt5fjKrM5EXx2CdM/Vwz5o7T5t+2Wq0rTEQFYkyk96zZLysEIdYSis976AiGb8jMdZkOS/allnMJGU7Z+TICOmaojYTnyv/KX365KaphkISZgJESb9A0qfZaCY0J7tqRn7mF5+FZrL3WJeZ6KoLIv7UI+pO50RLyDgKBp66c9VKrIa1+wI3zmmilSO8jDMCWuLUNCWP+Gk5jq4HfMiVvWoPeFB3pTVXV6mrtfEjyXk+i8cioc6MLzTXbFe36LpPeHrzpDgqJYuXvJIfBe/Tn3iMZgLBq9Kaa0TdmgsC0GRqGkYzufVxsmjNxZrl8Ag4Oi6aBilL6UeMFIj2YDSTbCJ6I1je5K3FNstM4mjNNX7xWCM9QNCPlvmFeSVBzqEDhwfvL8yHXzAzUfctEdOsQVd6ToNYtM2wc0QGv/p1Ac0IvtRM4PyeoirCl9oP3uHnNAwn0VhvIlqFydEBWu3GW3MJ2uB6UXVnh/1AjrJPgrE5GTOToMsK2pP8V9LHddPNRM0qJR2r1pnAbUFTlED6mZDiFZFBzSTSlEN2+LOTNOtCM0FkefCmu+QqSd1P9IvMMQaEJulVzGT1FKeZILuQRJnJaSImsaFFJGXUrHzSOIveOlk9CZ0O1bAxRThqM6HSwlmlzoRCxmF9t3QVM/n5SjapmSFk0QkZzWQvAuc0+0JraxtJITqb8z0R4lbXaSn1KFtHZyb2LKn0Ot8EEvHbN46KWd/PcJOe9PtDM76uVKW5IAjDlZA8WZXtbOslrblKjvJ2Xxd5u6/ct6WuZ2w2NbZnmV7qtNYiP12S3s6FbVmXJznaCznObr/zi0x1XxcINUq52ExaM0h1YYbSmis3Xbqi7Lm1rYv0qofgpS92VBkpkjiqoyWd/m4nOyoA4hdr+SrhT0JYxUxIcXjKeDBY8H5K5X0yq0SQJLK8FV7FTOTwraTf5tX6Andcp1izHBEBq6tTZOUjRs7vV0eorHRcmEmyMnzwZpkJILq/s6RfrIK35lr2HjrnJV1Eur75TnOuFoRv9HxzWFdn8l+KmYx/d2w86j1e/1gs2mbYOYq0kAF72ak0N5NwxwlYo62ljSVyf5+thXMaDAYvf3aAVZ68pz2VsP6te8GAr41fJ7dOUQsNVGYdbLs7Pn63yWJJoRsGjl24DPsp+F+whaYObS0zkWcvW5Xhg7fSTCK6BsyE1c0EnlC0OQBH1+2Em4n8rDUnRfKXZJIbBJoJAg+cZm4mHlYBu26MAaFJisdM/vmgx1XTslYKKqN1IXueRJkJsiFAtDbqSOqGy8iW86wxZ/v+4LFRg2Xd+0ziR7PP1w2L5T191nax7lGDeTl6kfVw+kfXZVpJ0nJ3ePb+4Heff0JX+PPs/MJ4f8Mh65/ATOTg9bc+0PQzoSylv3U4IX3fGXf+msw7D20eljdZ9csu59lkKBRyfkk6grGSDmmNfiaZH5zu9Yf83Y2l/5mRc13Vu2wtMwG6T/PaVzST3ctM+F+K5v6P75c2WM+xGitB3w/e8qYeff7LMAaEJikeM0EQBprJrgDNBFFDKl4ybfrcV+DKB7vvTYubQ1debOza14D0d4r1WdsF6bqje/shgiDrgWjJ/PJM+Ld9iYzBjAGhSUIzQeIHzWRXIMzE/mkWaXaWkuqjgaRVynIGZOsbUuq7pGmclb6G5fRN0jcWzMT//UnyRvDUNNHX2uc6CSuIF4THRnlSytJgq6dD9pzMVDGiC4Ige4Rl7//73Zg+E0GQnc2/lsz98cfIH39YTrm4UBdeGbm30fegG1hZCi/GWr+vE2NAaJLQTJD4QTPZFRjrTFgLY9IrhvVa/tnJRoOVaR8emTpGr9JonjdH9pfyrtjRSemj1sgaZqL0YUAQZM/Q89Vbh9/6j82sZ0MQZMuZCTMt+b9K5v6laO5fby0v02Zd2T/pV1w/O7cHPIIw0Ex2BcJMGs9n0xGSJWEmyjBTsTFn7e9yx2CzMjETMhiA+j0YkMPGDzCaibIKgiAIgmw6t9jA3Js1ksSehTbiEloCyTkX8d6Y/5f/JsPxxc0D721mJvc22KXcGBCaJDQTJH7QTHYF3EzG7WkfloZCZJxkNBMEQRBkFxJkg62NzOoXIGr+tWTut92RJ6MLTEv+pfwJ0ZKiuWt0kMD4WZn/6c7diy0bfp2GMSA0SWgmSPygmewKmJmASCidP0JxmAnoh9Kay89ac3V9Ifloiy9/IRlaWbcVgiAIgiAJ4V9pVcn/2bSU/d+Klvz3wqtqyStgDAhNEpoJEj9oJrsCZiaR6zlZX3fO+FpLP0yLx0xgIiXDHwrB5nbWmaQvP/OLxlDAl/F2ZiaaCYIgCILsEGYWZxeed9x68mRpyTkX2YTakhj/fLbx4cONAaFJQjNB4ieBZrJ0320rdtguedjsUL3Ddrmjf3AA0nPtmqsz47EVOujU8nCjs6FrdLSrxe6ehvm5rrqKek84OFFU6Ci6Ngo5sGb/xGz/zYYiuslkm9PV7oUVSE7jMOS4Lzls5c3hhTlXmYPWME9DjmdiNjDstl3ywkfMjpADo8ntKiE7aS533Biegj2UFdPDWBm1lTewfbLD4MSOM356z6b16vOQdbPyuOeq03gW4JJjrQme9yXsrdhI3IjTtwEeeep8+rxdwbC7BS7gCpfSMP9BB8yy5KavS4tOd7PZoRCtBn0xay8js7FNXs5YRQd5FcpuZ7zNueELY0ewCOeLX5+PyFNDpHVetOG7DUPL+kxk9/NP1pprs7QEe8AjO50EmkmVe4rYiGImYAKagP4lRG2VHXU01nz8Q62tuIXl1uiiTx88zmt1OexBLmArwL88/5GnYUSzoV27T89lh62WvC7M5upW8karvHPwXcRLEZqpulBixxkfM64sKTUt60vSzQSJjxuulqFwVHceZSW0ravgj396+UXnhkjMZ6/30lV8cO6WRt0k/ru/uHTfUwMrl1Rv0gMCeSU20UzshdWsCIMz2l5U7BS3o/5acnmI4hK4kKraSCFFnR1CxkUle2sJs76qS338qIaahzTLl+E+w6ZaK8l1vvSzci8Vm+wAGsodzV2jAb+3odLhnSc5tsI6pcSHlBDJj7z2YlKKdOPvziH4mS32uYod7h6yia1YeyffYyyN2coa7KtJCFx+c/o85PUipWTTtAS45/mBmYlvg4MPGwNCk4RmgsRPAs1EZvUkipncsDvsP6w70njQcWMmyiJ+nd6o15rtiEmLyKEPQEGUrQDPv6ou8umwQv+yLC90u1hNCFmhWb1BUaGz2U9KJW1XxeuMp22Nw3AYYp3YYaiOE0ksa5lJeGGs1e4IL8yFI9E5b52t0BlYmIPIaZbEgsRMXDXucHDCVtxQYW/3+KeGr9XWkEsESTCbaia1tpL2UWWkGqIi9bwCFqgpdtRda/fQSJqurISPKxM2V/f2vqRx2lZPPnvWXav97sPiaOEOpnIsWWzCeeRxB6P2El67MjfUDhMNQ4/pMh/bCdl5eKyo2FFU+ZI3028Uoy/ZCjX3Z/KXZ4q1MlHUTL5HNMJ/aw2x4p69yMoEKz0xXp9V2hsXedAsjZLClGJSROKurbYVOytqyRMQThzx1UceuJ7H3Q2wTlU7f9x56uHO5ihzNLj9eO967VmZ7W6/XdKI74BHdio7x0zCU8P9g6MQAlaVO0hp2dqMXnOyrVjETxpiKY9ebbCyaCtrUe9qqN4JOWyabFUIj94GZWF01kPu3c33xY07WkSK0quVWcqUW0Sl9mLH8PTc5KDbVe4kB/DIW/R3d3hhFnKK6ENUd5xIYlnLTFjLPZZDqs6CbHLCRpr5ETNh82rpFRctskXAn72o3AkeONnTUsR/3csQioE0Njuc7hlSNMBO35KvhTXRhLCsrNw5GZwLT/t4hSf9SfZPzA67m/lOmJmsTNvKNQExRHJeF68LBWyV7oASpsNvHvKfy1FbBa+UUIWPj7fZTMCcWVUDfHcwB3IHc9AvQkpAlJX87epqYbEJ55HHVsPH5IGQl90tIeiv6JhWm0lVF3WVFfFH2GxWBlg5FG0rG0Mdmuuqu5WiIg4rMoCT67nq7BnpgEslvDBlU8qq2PeCkN11c4BdD7qq8p3JKmayPMDPhQJ8u9YH7E1VUfiCLHOuq25oRW0mvJpF+VP49LtFkI1jDAhNEpoJEj87x0xULKsaSsmsrj9Wnb0cKx00rTOJ6Gr/Ax21N6ZXeekpC1hhZRbuhIdawD2W+hqUzYmfiJWrtE9HznKfq09TEOWCTQzHiSSW9ZlJc8/CHKk/gbQUQTNJFMRMlOZVLEIlUZdSp2ErbOhZJqdv3NdS1uhjhQ+wglcZ5Z+dLPXvro79csFMhqZtxfqqADATiML5OlNuWj3Cg/LRZif73OYS3qDLLjoA2DV6s+WE+hRJU7NoK2lf00yMm6hqjdTXNi3ciZmJ0lRMW9+yWcx47MqNdHhwgJTmDHtthSTIViuE+MHSv7ZzVnvzVp3caVF9zX7RMTMp5CdaXXq1kzGaibGmSF36Fqtxoq2U1WbCssWpbL7kLLrUwNsEIkhcGANCk4RmgsTPjjSTOVVDKQOkB0isayCksLdONNkiSkAxeIheVATsCWer6VPakS/DM4wcmFKy2FOjCkm1LbsYz/ubRUjEIE9Ew3Fq1kC2nfWZSW0swiOgmSSGOt7th8DMRBuQkfiV1Rv0MC/RxNP8ZKnPOD99jzxFZc6yljGRzyBmIkdBQgJURWg1CA/Ta5QYerK9uoeWP8Bua3rAXX3iFrE91JU5Vo0syd1G3UoNglRW7xceWGWTHWAmNWUOvS/R2yyYaJnqB1ik1JmEF+ZGB72ifoChMRNtnbnKTFQ15IZP3IEYzUTIlSA+M4HL211faytv8NICOASJA2NAaJLQTJD42TlmUuZqcfcMh4MTFcWsif/LUR5O0dFrfGwuWs4aJa0R2sVQWgOk1rvQIWb7J+bcrtr+4Qn4rOGudlslGXa3qNBRVuOGR+CNv9O2Iv52yBmenns8MSCUZq6rTrQ1B2anptjR2i6xZh7LsDnsEHLGlWiJgXUmO4G1zUQeb3G2+mdnQ8tz/c1w3nuGJ/oHvc0jMppJojCayeMfVqkzmaWNfAzxND9ZDaoazlidiY84hq69KDUTYKqoeZRUQRBYmP7YVtmi3Dq87F4hwkf4FBEjbjXgGNpDVliZtl32spE2WAbrAQ9aImqTNCTaTFaRJUrYS9ojNZeozjs/ERz1+ZVfDzN53t/M+jSqiddMCPSBq2k+hyDrxxgQmiQ0EyR+do6ZNLtqy2i/zLoufYnmWqgeTosVJWTQJPrMI0Xg2sqKaU31Rb1vtq+Dt9Iur3tMR/Veuu+tc5CBZcUgm5BD1il29v/M616ay2Lj8wAeBz9a5UE7y3ZoPH40k52AiZmQgXEKHVVemIuGx7zkIilxDtEmPWgmCcFoJhBvufroQFgrE7TjBz99S0Mgk6Q03WgmQ/XOyZjM0A5jop+Jqr2oHDMT0qqTdbzmYfqUW93Kn+1EhI/PfS38kLaaJZ9KkIZnl+WGirrhCdIIqsHuYM1Qq+iQVrQkhZSygwB4RVkMG/aKkVgzob6kz6TcuES6Row2O3U94AWsUkXwGpjJY8/lVUblistMht09o+GFqQrQ+B+2puMQ8hpgDAhNEpoJEj+JNRMEQRAjq5gJRGqDZCApUXagEsuBoqsDRjMhE7XVpHyhrI7XHihx+WxH7Q1VsxZhJhD+BngeCdN1rfwDN6v7lzXhYwUcJ+k7jqwLTQkR+ZvPVZST8iBbiXM8rJyO0AAp4nHQCpP5UTcdVMpW7OyZ0jSZ3ZNmgiA7GWNAaJLQTJD4QTNBEARBEARBTDAGhCYJzQSJHzQTBEEQBEEQxARjQGiS0EyQ+EEzQRAEQRAEQUwwBoQmCc0EiR80EwRBEARBEMQEY0BoktBMkPhBM0EQBEEQBEFMMAaEJgnNBIkfNBMEQRAEQRDEBGNAaJLQTJD4QTNBEARBEARBTDAGhCYJzQSJHzQTBEEQBEEQxARjQGiS0EyQ+EEzQRAEQRAEQUwwBoQmCc0EiR80EwRBEARBEMQEY0BoktBMkPhBM0EQBEEQBEFMMAaEJgnNBIkfNBMEQRAEQRDEBGNAaJLQTJD4QTNBEARBEARBTDAGhCYJzQSJHzQTBEEQBEEQxARjQGiSNslMHg/mna0i6cIt/SJk74JmgiAIgiAIgphgDAhN0maYyaLP8Q3VkrNVsy/0C5E9DJoJgiAIgiAIYoIxIDRJm2AmjnNcS/QLNsTD27bWh2Iu0Hol7+wV1eJN4eH14qr27kFv950z56p6FvWL4wC+taNfn/n6gGaCIAiCIAiCmGAMCE3SJpiJjbXjOltFA88X589VuX7Ur/NytstMAnx6Iq/4zqxmaTwIM+moeDUx252gmSAIgiAIgiAmGANCk7QJZtL4LTeTvL81uoqq8s5d8z7Tr/Ny1jaTnvp6svNzLq/SVoxIxUrwzLmqM6UdshwN9t6AFWw1g8rW0eJvXer1FdRm8pCbycpCeakLNi9uGnmyQpe8mD2j1ALxiqCVIDsG1UdwuJlM3GErK19BfwB551p+am2EFc582wizlXTp+Uu32dJ2J/+CNXdf3ZW2FTQTBEEQBEEQxARjQGiSXtVMHN9Uld9+OHC1WoTyQRbfb5SHt8UelETMJNhRXzceZat0VFT56M5haXFHkEz5O/KKOu7RTM/FqnvwX6in+ByvvnDlVz1nUxzFTF4slv+tqiOkWdZeXgWuAhPnlGZpz72N138mE3AkjQF6DL4blXeXxSZ0Ea8zcagas6kPIO8SkZk8sXSxD8yNTkV/qq/2PCNffPe2B0MzQRAEQRAEQUwwBoQm6dXMZIENyeUq75hw0JqHmu54S/0f3j7nvOMlnUBIandWMzMBG1FqOWS5v6VmmPwPi5gzyCuD55om2MJ7TdU9svzEXZ93tp7l9DirBtgUh5gJ054zxTc0S+jKecWkEiPWiqy/hTZLm8ur6HnCs3x5NSN8krKqmagPIO9cC1tNWfgwz97Hpoj5PISvMJr3LVlnN7J7zSRVkro2VLPnzpUkyXpxUp+PILuZzs8lfdbrwa2PLbEnyzp5UHmiQ5+HIAiCvBRjQGiSXsFMuJbQQN+pb+a0YdZozVWTr+q/8fB2sXtOJoF+Sw/P8omtYBPI9F0FQbr2ZH6OJW0srG7NxfFecpU398GanipuJrCO58HC85UXld+wKpfRvEtkBZ4WNS3E1jCT2AE8mScd7VV9Zh7mOX18sr+FmAkh2l5ff+5cVY1vM3rlbyOJNROJkVmqX7AOSr88/VSfF2PyohU0hE2TTyj0o5m8tsClkOvWzOZ8Hwr5e+2fWqUP+O9astpYDhgvXFdXsqWTF1tnfK2lH6blk4KIGSnV6guEIEeS0sgGffkZKVKnP1T6nxn28djO4dLL+NTZ2tZKko/W6kYnnUdSYW+hUCgCO6rJlqTUVt9Ma8nRtK971VvmpkvS27lwGFJKFpl/1gU5zm6/84tM7UfAV0jLdcPO5Jm2fPILSk3LOJIDs6czpHxXr7/bmfu2dIUV/XBWOSr2jdhRyf7SXA/5fxexiWZisRwU021/sViONom/heXX+9+rodX7lKDLmmKxrLqT+Ph+8nilP/PHuTr9Ai3pBw6T9P/8uXNmw6NnfnXgsD4rQQQqDm7opQSRu3nw1758d/yO65Qlq5blWZKswWDw1G8st5Z0q5OlbS1tSipJOSsKNoOXsywnKtoCvjaLJSWPFi0e3GcZmQ7euvA+fERsB/S6GggG21qakmDVj8nxHrTsT/5SVUYKR5Ws2eTVsfJnIUe/mN0c3rWTqRGbWM2ueZpNsky4FZS2zZAMeOSlkNuCIHuNnSPIejAGhCYpTjMRwwRD4t0zXpE1zCTorq8ZNrbmWtNMWGuuNQL8VcxE1GbAVsxMAu1XJrR377yzLkf/6rsUZlJ3QdOaS7f2y8yEA99LM7/jSaSZ+EslEjL6+L1y0g5356wqckslt8936V032smWlh7PykiHoFE6ze65dB12X862ppEFb2Q0+mOqws3kaSe5oafnkixqJrk3Z2Dt1HQa+QEhf9bv0iA/68vWGRqMwGZXQk8z3yCHkHNROdHIbsZoJmJWPKf5U18m12F2jaadaGwRpfNzCa47uJjEamlStnq5+rOAnBQp26VteKog5JkyI33eySdvnrwSkp1ZksiR1B/xrFXZ4aT0aecadSaTsb0RVjkqzTz5iMxSvy4vYZywWE7dililJEtS8rhiCQMuyLYcOPIVmxVmEmw6dqIjDFFvYH4geR+sYim4FWbrfHXkAOQkSVY+r5hJwSGL0sSYoDYTy75jecmW/Rd41TpoCMwVKBXt+y3Wg5tnJhWjb6mTfrGK9AM8xPzsrcOHijZWjLgTzWT2DgT3ln3JA+zEPKisfBA+ADnJB95b441qB5k/xNzy1kG7iZkGL//BQi6cB5UqPyHAZWM5WAkT7F/Z4Esx431QyT70oOWgVWUvxyzJJ7Qys6lEpGynLuvpzZP2Qiu/Ed08qf5hqxA/+aedn6Y1PiOPvJMfSapbj9/6RW4WmgkSL8aA0CTFZSaktqS6uOba5tSWMNYwE3nlYd656oGxCV/3HTAEttTMTORooL0+r6jF2z1YY+etqhRWMRNHflXj4NRAx43z37pEnYnOta6XEgHzdA96Wjtc2j4hwky8l6pctycGxkiVjvoAztSQ8NTMTB7eqesYfPJg1Ntx44y2qdjOJ4Fm4i/JhOAfbqAQHfaSKMFv+50kHScDDBAtkLIhOJP7SJGwksNhm0vUTCLXc0R+zvVYoS8zE3sWyadl3txM0tKJhwC8hJjaESeLPA9gs4wMvo6EN/E9gamZ8Ih/bTOZlL7oUs3KpVZyVcDFdPImz7Gqr5NoZ64nNifTjyBX8mpIKdSZOZ2xCr1JO+wkV1XFp/kId24pr0IJSe+Wrm4m0U4m+WLWeFSaeXCVnVSjCJFfyr+lXL47PnL1VDIttyaF5fsOjAeDX/17SuV9Ms8iyHDHiRRLkkzjS9hkZDoYvHeLmwZEpe8XtPkCtypOsMJvHtdGxy3/dop/EkVlJiOWv7Td+Wuy5dcFyqITGlH5S9tmmcmPc3VgIyNPrr1YWWZmYlJzIszE9R+H0895YWLWU0FqUd760wgtRVu8337o96Re5cO/8Yu74C9/fuvA4UN/sZVnHZajgwXvCD8ZS//CveGal80g5gB3v4KTO36rAP6eZBbO1L+lkDNlqMEQKOdoIOWvpDdpuP2E0MVV6MtLsaSQiVuisoVT8luL5TNyFJZ975H56HjJQeowCquaSW1WbB3LmwVbaCY/O9mDTErJ4E8uWT6ZJpEnGr1HwcQav1JVYYQ7l2zrzu3sPh0rbhixObtJ8Z8yjyAbwxgQmqR4zCTWW+OScu3vIc7nu3h3l9u3887p3AbRkEAzyVAioZwUKe0sbdZC5CFDDjjhFgxWkFHov/KBJNrbMCCf3X0laia9XxOLyPhPfXswaiYcXpNCzYTdu3NTlJpxBbamzGrV+aKQpHwWsqsxmgnnjSwRbbCT7m/LzUxRLhiZFD7mpqtmaU4avYQmq8B60/yhEGmUpXnYR1o9vpC/t/HiSSmL7FNKy8y0Hg2FQvYP05yqmKLz87RO9a7BRmIHSSxFfdi5qo9glTaMSKAzFX4+R046+1T2M27P0leJ8KMijdWUoyp1+0OBXnFUsFvdjyKBQOQn2s+wkBSC2jallsNiOda0RFvddJxK+YzXj8AKtUqrK4goZboTPg/T+5QS9/ZxS5K6qoogzASc5Bb5lAGwEXZtgIbQCDUZpiMtx+5ESeH9pphJpT9T1JMwOYEc7SoxmJm8WJxMf+uTqxA4L7vfd/Cr4Li2SuT2ucNTEIWW/rlFqfdPZysEGz67Sdo/jV88NqiqL9pOjK25yJ9XJudFNJkzrgOMVxxkOgqEu05ZLJb3r8aa2BnZD5dIi1o3FMK3wFF5BRoIKvCbrwa0rcK4mSyFD+wTrbkOytFbVhf9xJGCy7OaS2szedYqKjN7Pf4QPU1Pm3LgRiHMBH6ntJFAKvzqYxsSYmbiL8xspXUmneSXfpoW/NFqUtowQb0NgqwfY0BokuIxE6Cmor64fpNqS3YUP98p98ZG3zpztlq1DNGTODPpFfEhg2YSGQDZyGmKEHmQToK92EbkiIdKRWra6S9PS1ozATpLcjLJnVqpBqEorbka4Xasbs3FXMj+Lg3CaDt+2C/bLTsGErbGmtCgmewFjGYiZrNFFZzVRnpcqCO2iF/KKvWrwptSkJEsvQPL5Drh5dk6bL8jO+ftEilCs/3l2l0T1ltnAlevutCU1pk8bTwu8T4rIeJOLKZZDVIzKSsmxmBHRcwkLV9kJhaI/A5W8JJrpg3qXiWkOc4DknOsacRyqJK1y1JHtMxMePsfVQ5EwJZDBftZaboKYSYkVFVgkSgLnSNNxIWslv0y3W1CzGR+fuH4W1xCplw5vOcJTZDzYsb7P9/9E5ud0rbgEtPpBz6Dfw8dOCYWbTP8HN2vPLjP0uYLRFRmIv6kRjMJt5840c5tQvYVnOgg05F7JaIiS89sLbcIHZFxy6ESZSYMVw75Pxpu+zilTSUnrJ9JMKh8IjMTYjv7C3xyHu1hskVmcjpN0vU9g99z2qfkKSTMRMVT7Q+W9zORUjN5O2RqJk64x33USvYDe0YzQTiR8PMNh3PGgNAkxWkme5eHed80ztLO657mxjOi5RWyGgkzk24uAwIWpsHE6Q8kZ0AmtSUS0YReFjNJ2U7ao1cymAkhGiJVJ6qG9aIHfIh0OKb3YqOZ0BzWZJ8dg4xmshcxMZP8dMVM9E994iEadzCIiligq9YT5KdRB0jJ7VQ8gTVWJJuwPu4aQuLCizTlXAnRn8Bq/UzUdSZsFv7tPZvGIhqQ7bW1BOgVRyWy2FHttDoTnZkE7KvUmcAax/bBmqRxm9FMTrF6EkqszqRDHjm/Xyk25yhmErS8eUrpP33Z8iZp0MVD56U2CHYtf7gsb56ZfD95XJjJyJNrMA052lVisDqT8YvHGmnIDWbSMr8wrySZ+MbhwfsL8+EXsGgtM2ENutJzGsSibYado4Evky3JeSxnPWbC22VRYKnQEfBTIatqRi7sV5uGoOSQRfRZAgE51qTMLDWpT6hxZAVmJgVvWpL/eocd+RaZiXjMCSarsljN6mpmomuTOSl91MgHtGBQM4GbCSk6+dlJmnWhmSDA4vi1BnfJ1R/0+S/DGBCaJDQTJH4SZSanwSTSTotZcIAc+pzIp108SBarJ6HTzC4EajOh0sJZpc6EkgnL3i1dxUx+vpJNamYIWXRCRjPZi8A5zb5Ah6Vqaw3RWTI2VyjU6jotpR5l6+ie+vYsqfQ63wQSGcnqjaNi1gfRw7NJvz804+tiY3kBvV+ngU5MVmU723pJa66So7zd10Xe7iv3bTLONZ1Nje1Zppc6dZt8MTYXG/4r2puvjM0lWpzLNNRQ+plMWjNIdWGG0poLtOSKsufWti7Sq14iY4uJo8pIkcRRHS3pZKN4sdG3ST+TcrXyJBKjmZCJfSnjwWDB+ymV92FCTK4AAIAASURBVMmsEkGG204kg2kYzUQO30r6bV6tL3DHdUrTz0RbnSIrHwHGckcldax0nIfOspxssbB4d7PMRI6rB3z6gWPl90hrrkO0t4nCw/TP29kU6AeYyWDRn24rTQcOCUsJNnzn+qZT80KvbYWdo0jLMYvFwk6luZnQTkQWMdwWub/P1sI5DQaDlz87wCpP3jNIgsWiaq3H+plExysPWQqaxLBdpHMLu5xGWshRqIdDWMtM5NnLVouFdW7ZCjOJXM9R/8xZa65JL/85Oz/NkH53stWr+oXCTUnTV1436AU3E5kWW2TR8gg0EwTwNIOWkOR5pF9kjjEgNEloJkj8JMpMkA0BorVRR1L3TEC2nGeNOdv3B4+oh9FavQf8htHs83XDYqGdoRPBukcN5may2H42/cCfYGJ+qOEt2nbrw88vweztv30C029ZP3lx1zZF1xQ94Fs+j9WfsG0TxZ2/JmtfULYJsKqtPYC2u5qmB7ysqjPpPE/L6d7IyPpUN4TXmmYiy37aoGunmQkZP22NBnmbS8DCR9FAKCtB3w/e8iZlFKp1YwwITRKaCRI/aCa7AjSTnU5fflqmTZ+5ZWQq7zPZNEj/+03d4W5hdqTNlWc52qTP36Okv1Osz9ou2lraUlTt6zaJ4LEmbcs8ZLcwUrDfYinYjub2aCabgzEgNEloJkj8oJnsCoSZ2D+lAyGnpPpoEyKrlOUMyNY3pNR3SdM4K30Ny+mbZLhYMBP/9yez0lOl1DTRO8LnOgkrZH7A+03GeiwoZWmw1dMhe05mambJa1uAjiB7j6X5mYWiv/zp9uqv9UKQ7YYNxm3Zx8djoK8wkt97MynpTZITHqy0WCzHKkgdG3kFzWe3Co7styTtBw2tPLo/yWI5cJQOYCCHx69+BbNJSuNtWFkOD0COqjZGmEn4vd8mw27z2vkACerdsq2U3e51VpbCixsuijIGhCYJzQSJHzSTXYEwk+zjpaFQyO8uZbXzVinjdMnpXn8o/0hq1/c5rb6ZUMAH6iFTx0i1nm70zfi+z2VdC2jH60x/CFZOY+8UX9VMst6wnrzY2KXqK4ogyC6n56u3Dr/1H9tXrYcg5ljoC0zFKyzBTI6dJ28funwipbar4CDpTUSGdZaZmRwtKGgZGXGdOHb1Tp7rzngweHAfG9c7WHvivZHpYO1nB1gXIFi58lByE+uVxBFmEjxV0RacHrHQQfYA9W4LDpLXJSm73dPMjNSSHvCqYWHWhzEgNEloJkj8oJnsCoytuSSJjK1E+nbz1wJ2iu7L9ne5Y6hWJuVJZCdikCj6jstVzYSvgSAIgiBbwexlNsRFsOY9MaiA8gqjgOUEff+mMhoBMRPdYG5Ax4nKB3ySEmA7hJXpK4k0i3StufgIGbA31W750H/63e5BsAc8stNBM9kVcDMZt6d9WBoKPY2ozEQZADf2Noy1zEQ92izksJHN0EwQBEGQ7aTg16o3BykDMSvD8cVEImYmB3kjK52Z3Po4xbKP1HWozUQ3tJqywzCsfMp1J7ykMhPVbvlHvgZmIq/M/3Tn7sWWDb9m3RgQmiQ0EyR+0Ex2BcxMer9OY2/zleMyk5mqrDXrTEZsGWgmCIIgyNZDxuBWRnBmTbbiM5P3lDeiwlovMZNgrRhgWrzp6DU1k3gxBoQmCc0EiR80k10BM5PI9ZysrztnfK2lH6bFYSZkIiXDHwrB5qyfidyXn/lFYyjgy3g7MxPNBEFea8bsXdP6PGT38Oz6h0H6bqKdzlKTohOEoMt6eTZOMyl402JJORYMjh9ISnmJmcgjsPJl9nYj+qoi+bU2k38+e6HPeinGgNAkoZkg8ZNAM1m677YVO2yXPLqcWdU6Zsx4bIUOOrU83Ohs6Bod7Wqxu8mTda6rrqLeEw5OFBU6iq6NQg6s2T8x23+zoYhuMtnmdLV7YQWS0zgMOe5LDlt5c3hhzlXGDmAacjwTs4Fht+2SFz5idmSgf5Alt6uE7KS53HFjeAr2UFbMDmOa7UHZRIajshVXBxamKvgK8SPe8I3Ew8rjnqtO5WqJMVTPL7bnfQl7KzYSN+L0bYBHnrrVRim1FzpusJeAcEabSxzsZkLn2tl9gwEr22gqc7SIzK0lMmorrwsszDVUOrzzNMfX0spvRwOzsTcnLg7VO9kdVblZkWQr3jGX94tZe5nDVuyscPEXK5Ypf0xbYS3NiM4NdcBsRW3suQC/X2XpuhhvcRpi013Az5+9ce9XSVPsez+7//jmDZ4qPwz8qFsX2QjRO0oPFoQweJP3M+l+ol9kjjEgNEloJkj8JM5MohDQ9zTGzGSur5nlrDPauHHJUcfChSl3hRI32ArpC8tWHrPZ8ZZqWzGJHmZ/ZuNtRCFnaAVWiD3M2SZFhdXN92lTp9H21gey7IdYpJqtICYYz/ub2Sbieb/U10DCBX8734OyCRyVq48M0gkreFg8sXEi412NJUczUrAqI35uOBy2sgb7mmay3FOjX4TsfDbVTKpZEQYHVKTYKcykv5aEzs+VhXAhVbWRiL/O7qjzbdMovOEV+t9SHz+qoeYhzXLC0lBzUUmLuqyHMlXUrPpqCaWh3NHcNRrwe4Viwb1UMShSQjR3twH+1JPBuQa7Y2iJb0V+vxsxk13J4tC93394X5iJisefJil/CWSjwPOzreB/pWzLW1N2DdgDHtnpJM5MCBBb6J6j6402HnTcmIkyM1HvxH1JE2LOdtQyM1HnkAdgjChbwVXsqOoinwwr9IO2LHS7eEUHrNCs3qCo0NnsJwZiuyqKYaZtjcOwCduD2ASOSvkudAUkoaxlJuGFsVa7I7wwF45E57x1tkInK5yeJbGgD64xV407HJwAEa2wt3v8U8PXamvIJYJsIfBnbxiJsPL1gNLqYLyrhZSmK8Xtyr0iOtfXDIYw666dDY8VFROLaB1ZYOs0u6pJTlkdj+0UM2m9xM4vx15YW1XoEKfVVehsGB0QZgI/5/6l0YqbvFYFLiShN6rf+LawMmD/gd+meOlLjMWiqwNL9JDUuV6XY049/8jTcLN9dHouPO2zVXaUsWu7sJpWGfnYV4a/ZFm5E/Tgxt+d7g3GLutm2lZP/oi6o7WTuyuftpW0k/+W+uACMJoJXCFLo+6qCoetgpQQ1VSQ817jHpNVDxHbJa+7tlp9Pexwxlczk3u/J++qEgT/K2n6ow+fzk3P134y2XR3qvbugueb+/uTIrL89NI7pI3U1Hewn7GPvn02d3/sV0l0o+l7f8x9Nhd8eO6TGfIXQl5vVma722+XNOI74JGdym40k9FrvMUCMxPSEIs+5GT95ou2shZR8EaXOiGHTZOtCh1FlaKdQ3TWA1Gpo/m+CDqjRaSNgabCRJ5yi/DFXuwYnp6bHHS7yp3sANgelE34o5dhKMhEtpu1zIS13GM5EAC5efvnCSqTxEzYvFp68WxuNfBn54EpOSn0NzvlZjWQ8sq0rXbguXL64Ecq4umqLh6u19Fihf5ax6SiH7zmk5oJnEr1bUGmZiLqQuGTqITwMF385IsKncrK3ExG22sbRrbVUe2iXWh4AuxictjbfNnJ6m2qivnhaS/OZVul9q0FjzxVXq4q6mub3qxiZuLlkbzmJraJzHnreJ1JMWlmCckzRj7SVehQTmJUbSOrmgk/uSuj4q7uuczLqriZKF8QrodY27wdjNFMnvz3bx5ru46AmQjVvPerT/iU55OHUxozYdk8R/4JzISviSDxYgwITRKaCRI/O99M2HNL3XShqLD2xgyptWBP1p4ah6i+8Lpi4eN4e62brqawaCuO5TwPzz2eGO5xt9gcpE/I+M06eEaODnvgX7rGIuRUtQzUXXK6umIt0EebnaNKrBOd7iZu42gfCo2VtU/Q/ZM9KJssqypV5rboAY+sn/WZiWj1zmM1NJOEUKf0EJOVqBTCZdIOk+c09CyT0zfuaylr9DHLUMXT/GSJc0emWUwPZjI0bStmBhIDzERe8fF1pty07SUP0+Enzz63uYQ36BL9TGz27epnwgj1Fa1yG1mkCve4SLnbaC7OeW+VV1u5omrPZmImyv12a8xkxiMUa3hwILwwC4plo+LH+uY9XpjzNFa/1EyUyWlxp2W/aJWZ8BOtLr3ayRjNJPDbJFXdHgHM5KkyvW4zkQNHfnnvyPFn+hd9IMgGMAaEJgnNBImfnW8menykRYc6hb11osmWS3lcBTpqb0yr3+UaAS1RzcZgTzhbTZ/SjnwZnmHkwGr62Ly6E4KuZRfjeX8zhESwiWiJzjaBo+Kx1HKfKKdEEsX6zASkV70KmkliqFNqQmQlKlXfGUjV1iOSU9M3QdpT0V+ZKp7mJ0t9xvnpe+SxXeqoUGo/BMRMZNJGtPWB3EDHtxBhuvpWw4rzRZ0JC6a3ifBAUf3qvXhthc2sBjiW2PW5PFBjHHsj4WZCvwjvNqPieV+DEEuGrYI32yPT5mairTNXmYmqhnzTv8gWYDCTn+59ekM9L8drJoyp3ycZd4gg68QYEJokNBMkfnafmcxPiDFnqgod8C8pF1SeUkohWURXLAqioq0/icF6z9suK+qwMlZ0bXS40QE5LKO5QnkELg9ouskylnx1ZcRJYBMhH2yTqs3oAY9sFusxE4jktMXSaCaJwWgmj39Ypc5klvYQM8TT/GQ1qOLyWJ2JT55srza25qL/k87iSisyFqY/tlW2KDccL2sZJcwEPuUlN6vNA24y2kNWWJmGO5Vq5MABW0Vz/wj5gwRuVhtrhxJuJvBFjFoChL114vxSptQ329fTTCJtxwMGG30VM4Ft72V/p8pAkA1gDAhNEpoJEj+7z0xUqB5OixUlDltJNX3mkUBTXYJIHl3qAsV632xfB+spW1Re95j2r126761zkBbPon8t5JB1ip39fFwvuZkaiMBDRoxx1HWNiQct24Nqk8VxNxlqhvXLRBLL2mYCJ3sMTlOVF+ai4TEvOYklziHapAfNJCEYzYQOLEEGJyDdsmkpg3L6FoeuOsE0jGYiL/ls9vaeidnRrhYunEpcrrsYFDMhpQnK8MEkTAeHEa03AVadouoB/9hW1q5eYavQVBTT+qIW2qWtxGmv5wUoAnFxKv3atSTUTEBLvLHhjEk/rgZ3H2/Nxeq056cmg3MBf5+uPuo1NJOVgdNK/3UNcZnJ9NiBpHu/SnrQpAwfiSAbxxgQmiQ0EyR+EmsmCIIgCIIgyA7HGBCaJDQTJH7QTBAEQRAEQRATjAGhSUIzQeIHzQRBEARBEAQxwRgQmiQ0EyR+0EwQBEEQBEEQE4wBoUlCM0HiB80EQRAEQRAEMcEYEJokNBMkftBMEARBEARBEBOMAaFJQjNB4gfNBEEQBEEQBDHBGBCaJDQTJH7QTBAEQRAEQRATjAGhSUIzQeIHzQRBEARBEAQxwRgQmiQ0EyR+0EwQBEEQBEEQE4wBoUlCM0HiZ6Nm8gxBEARBEAR5rTAGhGsnNBMkfjZqJvrtEQRBEARBkD2NMSA0SRs0k0DfuQvV60qlHfptkT0HmgmCIAiCIAhigjEgNEkbM5MeZ1Xe2aq8CzeezM+tlSrP0nXOVuk3NufhbbZV3jlXTfesfukWUH6u6kz9mD4X2QhoJgiCIAiCIIgJxoDQJG3cTL65ElyJ5dR8yz3kp0UlayXYU1Mfh5nYWh+yyR6nq3FCu3TzyHP69Fl7gMXRc/Wj+sytB80EQRAEQRAEMcEYEJqkDZuJo1+dEQQDcdVcs+VXndFG/K9iJvJ4h619i6pN5vammVBF1GdtPWgmCIIgCIIgiAnGgNAkvZKZzLZfAQOZlR9eL9Y333oVMwl21NcMkwnYreObqvbuwSc0/8xZMu1pbswrvh2g9TZ5Zxttztue7kFXUZXHf7umgyyF1Z7T9WFbyPF2D5b/rep6ICq/WHwy35d3qe/J/BxZeraKfWKg9cr5qtuwWnvNFeZXkJN3znXeSTLFF4HdertHvR23OkIsY8cBcrLNNSdoJgiCIAiCIIgJxoDQJL2Smcg/tuTlNz6XlwM/3s47W61aEI+Z8H4mIAw1gywPzCTWqmv4hqM/KvLzKnpkzac8zLP3sann3sbrxDhG1dUjeWfr6f8+kSnMJO/sFbGa4xzZITETJROmySdRMwk85wewU4k+8V7rCLzQZ28ZaCYIgiAIgiCICcaA0CS9mpmsjCq94Ufyim+rFsRjJuecd7zdg/d+JhUaDDAQMf3EXU99g0C6u+TfkDVS8TDmIf0tZM35nljzMLKmi/6/qpm0iNXgE59wM+GZwkyCvTfgS3nGYoe303jS23Lmm0Z97laCZoIgCIIgCIKYYAwITdKGzYTUabTHIn55YcxWVO9o4vUVMg/r9Y27Xo66n4mC2kzWqDNZ20xetc5EbyaMfz64febqtraYWiegJdf9YhSCbQLNBEEQBEEQBDHBGBCapHjMJK9IUz2iw3UuzlGDX2ImK6PMRmTasKq4Iyi/xEyieeeYjdBty+/QqYm8Kt5UTJhJMbURBqtaMTETzQftIKLbXFvCQDNBEARBEARBTDAGhCZpY2ay2N8ieoO8JJ1jrafWzUvNRJb/OTt45pxm2GJTM5HlF7Pn88nBnL90S1lNvn6pmlmTMBMI6x2lLsg887d6VumwqpnwdYoSIAAvZ3FKn7MtoJkgCIIgCIIgJhgDQpO0MTNBEDVoJgiCIAiCIIgJxoDQJKGZIPGDZoIgCIIgCIKYYAwITRKaCRI/aCYIgiAIgiCICcaA0CShmSDxg2aCIMhu5NbHloA+72U8qDzRoc9DEGQ7CS+9WFiM6HN3OfCN4Hvpc/cWxoDQJKGZIPGzs8xk0i5Jkj5zDezvStK7dn0ugrxmdH6+3p/MHmMTzcRiORibuZt3rCUWNlkslral2EI5WAs5q+4EeSmBioOxoWzWR+TBreQkiyX5QFB5SfJAxTE4BQeOVmrWUxEeLLB8HPucr44cgPWTJGtYtQ5Qe/Y9yE/+7bHKProkGn7vN8mwYvK/n9CuSK4BuuZ7p1wDZP5BpcWyX71CXjJZQZ2DmDD+UHcq9gh79XsJjAGhSUIzQeInsWYiMTJL+TyaCbIFWCUp162Zzfk+FPL32j+1Sh/wsQElq43lpErSU2XNyYtZqSlSJ0w9m2xta+Wp/Gj+kCz35WfAIn+o9D8z7OPKBnSjjE+dfE1fKJY9rr+2s1I1RwXkpkvS27lwGFJKFpl/1gU5zm6/84tM7UfAV0jLdZPoeaYtn/yCUtMyjuSQBe5cm3Kck89i6/suZOSUOEMBHxxz2hddMv35iG9E1vCX5np2WSnmFpnJsX2WZIv18qyyaN8xyx8ukxHuKQVvWg5uqpkk1yz8j5K5/IFl/QIt6QcOq+Yepp/zqmZ3DRs3k3DgPo/2+DkK1r5/lebMXj7WtMoVO3DB+n7NrZiZRMWpg1OpUQ5l4+DlP1jISrPKbyw6oBYbwHKQW9B42cECH72KTuy/o5gS7Mny8akT+17dTJ6mqu5U/u/zs9+GjFTnkLghUUZs/LkpSfZJktF58WRWeqqUkto5o1mRPCKBlFS4ObAvS2fpjYIRupKtvTduDz+O79y3Xb8Ke/V7CYwBoUlCM0HiJ6FmMgn3ybQP4N6YoWToozcT0EyQdWI0EzErSdQBYEK5libLrbYRvtQqWe0Xc4mZqGj9SALhuPKBJB1n448/FXpDmbRepPGCltJ3pVz1tR2F1ey6mACChkYahDQeJx/hL8lUwoinUrZTtWIEZN5Pp+AHZP9ImvF1OUvomjdP6o6WE+VhWMgFP7dsmCi16n5oEfgIlUglmBMWy6lbEauUZElKHldCyAHXCVJYfuQrNivMJNh07ERHGKLewPxA8j5Sel1wi4ezXx05ADmx8nLFTAoOWcZjkaXGTEBF8pIt+y/wiwA0BOYKlEtiv8W6iWYCWvIvRXMswbR+sQowk6IhMbf7zWT2TkqyxbIveYCdmAeVlQ/CB5JJ3ch7F1aXl4OsUiLmlrcO2lcx05EL78Hn6NSCwc7ywX2WlLO06kPBqLhCRfSzDyrfqwmSo717OVaxttSUd7ftxCvXmTR+kqEykxkp1XryYuuMrxV+45r1dKUPkV4pIzvf1evvdkop5KctgEdkKBRqbXPmZ2dk0ZuS9LvMzJTYD5/cDdLT0Ew2i736vQTGgNAkoZkg8ZNAMyGBl5TT+IwU5PSyKIGaCScli5UTZ6SIrExZVLPA3Tqdm4lqBWmVkBB57TE1E/4sj1nupD27hoTo/sLMySiJA3SxvpSeD/+CZpy8yXOsGuXozPXE5jgjttJxsonIyJSsstypjQk6Y0ozaYedwPoiR/MR7txSXrwbkt4tVbfmAq3SFpvqgS8lpeTCxElDEUCO6uMSDlGQ5Dw2DSJA/hspONbEWt2MW/7SFlECyhSINyvInwOiXquLF5CzAuy2v1hGFP1IZs1vaFxbeciimAsnZibwKRBx9oGbJCuLToxc2M8PZqkNlm6WmeQPLIOQFPueP33x/zE5Mak5SX+n+P1YtYliJo/cRR8dA2m5OrxEMs/w6+n4gcPzbCrqfd+lf8lYAjHWmfCT+6DS8ofLLMfoCZSgJauWTcEZH5mPHNiXpF1BzWpmEh1I+ZIISeDurRH+1yFUvp9iSXk/Ng/05eX1aTKEmYSbjhFHJR4FR84r1grehIvt1quaSdTfGdLfqRjwA4ef5WRVlpRCivAmL1rX+pWCiqw1y/QGdt/ZfZqXasCjU8p2duvLR7aBvRrB79XvJTAGhCYJzQSJnwSaSYYSCeWkSGlne0kWNRNaEuWn8pEvj5dK6hCKVmSzSdvvqJnQFazlZD+Qk/Y13Q+CqDCaCeeNLNEchJmJvy03M4W25or2sotKZyag0620lRQJFKQ0fyjUWnI0TRPlR1o9vpC/t/HiSSmL7LP36zTwB5nKDFsDcojz6MxkUh0iEEtRH7baalikwogEOlPh53PkpLOPVnjAB/tDPg8pJc11axqBsKYd9m6eOdPdOhMKwUFaUyV6MGS3O6cS8gTxDR6gMm1QB6yQA6Eh5KTss9QqjqGOeisPkjCRl7KrciCmTElJ2f+1pshcVpnJMaVNzsj5/U20ewkNnUmDH7hU4F+Z7nZTzOR/lBAbYdNMTiBHu0qM9APfyNGx9KMsOmdmspT+H84peu6u5hx+QdbJ+Y5cGUuHii591k6OfsqVc1tVNZRwYudofuTAr5Np9w1uJuJParQXmdhISmx6X9Ktu7VJlqTwml9NbyYD5w9a9sWqxTjRSDAYqPz4AOxK5BUcslgOaSpMZHINUPYlH/xrG5mnZnLnr8mWNwvIUqJMr2wmlFXNJI3VmURmej1EKeB3mpYqkRacR05qV5SNdSZimtW+EjOBf9NOk6xnrTnXI9rbzjaxVyP4vfq9BMaA0CShmSDxk0AzgZsrazbTeFxi5bjq1lw0csyFuFDkEFSznZ/SQIrmxPhcHUYiCMFoJqSfCUiFKz/1CG8lxa+flFTrl+QSUuRBaybR3tNp4mqM+L8/CVtkfdmZIZojasmk12qaZGVVHNwu+vLTSIWJrDeTZ42iEkYOXYFFOapqmWzVrwACDnWhKUQqp98loYoqTyYNwNJI3Y4g8iQ04+sCDxFfmTNiY3VExEy0mySQdZrJsaYRiCNZu6x1monlUMF+VZjLEGbCY1AKq4FhoXOk6RiIipVWvCTMTGT5EK82YWbS8+EVXh8yfvFYjyx/duDw8YYFOer9L8+L9M/bQVFaPifGsnPg5+h+5cF9ljZfIKKqMzExk3D7iRPtioD6Ck50kOnIvRLR4s6AzkwioCUl90QphJ7xsoO1rLItMm45VCJaDwosvy0IBoMRIULUTOBI9sP1EL1Dm3VtmZk87UzTPdTWKn0Yt7MmWwJmJpGnM70Xj/LWXNRMrFR1ItdzSFMFNJPNY1d9r0j4+YbDOWNAaJLQTJD4SZiZdJ9W+QSBPA6omdCyX6XORFVJQlDNllqpmdCcndMKBdmBGM1EzOan88tJV12gvjIBFhqUgmp8RPuLa4ho+5nEAAXRm7MB1YGFhFdHmnKuhGhXFiVHtDqTtXUmbBb+7T2bpqsuBK/RZjA6Nd1dCLx2aIfXmUA4qLTmGlG35oKwNZmahtFMbn2cLFpz8cGUWAQcHRdNg5Sl9CNGCkR7MJpJNuGhM0y8yVuLbZaZbKw1FzUTebkn/aPr8/ISMZNA7WctC/PzPL2gNSTp7xQP2v40Txp0/Um+d+l/HiAl5TsHdo7gxFl+TWobSButl5kJnN9TVEX4UvtBpet5GE5i7GxpUJtJxJLECgKUZdrWXDKtHyM7iown/UFfW8LQdTvhZgJH77IeZMa7RWYS8UtZyvAwqxG7LYQMAqP0MwmFngrVYmYCt5fGZ3I2bR2NZrKJ7JbvNXjTXXKVpO4n+kXmGANCk4RmgsRPoszkdJrE65QpEKLlNJGa5VjIpvQzIaXBHPKAETOZmTyQylL1M2FjlSCIGnjeZ1/gfUZDmjqT01LqUbbOmkF5rM4kpOkj/mzS7ye1EGIsr96v00AnJquynW29pDVXyVFdrGBQAqXOxJPL3CZfjM3F2m9Ee/OVsbnyVQ3fIbBQ+plMWkmnWSlDac11OjO7yzfj8zhPW1Ppz2eG+H2f7PzAStqYBXxk6LG3SaxjPV7qD4XgIDNY6zXWz4Q1YNsBrGImEFO25FlW6wEvh9uST7QZzYRMHF29B/x42cGS+3xlmX1E9E5esia4HLmwv20pZiYFvyYNuuTNMxN5Yz3gqZnI8u0zf0p/6yxvzWX95vaiaqWo96u3Dr9/4DOZWkrR54d3Wkd55RyF2ci/xyoGDpqaCXEYFex0s1GAU5SxfS1KjyAVMTOBK0GNLHrAL40f+Ldktp/KW2TH2hU1V8JaZkK0hzbo2gozKc3SVm8qrbliRCfZwBi56VLGF3otkQ3dTmTFTMhEZla2i97M0Ew2j93yve55fmBm4lON37gejAGhSUIzQeInUWYC4ZS6Twhp+v/BlRAxk+yukmziGMpQiaE+O2tVm/Upid58F3PIXGYOGVeERZOhXuenWSQz3aoeKfU1xxAHv77EOpbQ2g9VP5OMXkU1Xm4mffmkWbYg4CRKnJLKO3jIM84sUt0XGbnCW4Fbs3WtQgxnRDGTSWfGefpbeOqzHwfhlux8nyQnNUVKfVtb8h26wqMKiroHfOd58tuB75X1KYtpIqBejT/Lk035qVTgT17snKGHdfJIBszCQea38T7zIDhiULLXDYvlPX3WdrHuUYO5mciL7v96hyvHZ9bD6e9+MTIzefW7s3QZab6V/h+0Ouj+pUPvHGa9TXYOd/6arO/i88oobrAXiJkJWMcbR0uv8/IU389y1xfk9ysbSx+edkpv515ZbaxwEzNJkyTWXw7NRM30jb5pfd4G2LHfS89K0PeDt7ypR5//MowBoUlCM0HiJ1FmgmyIyYvWVcrETDHEwchW0peflmnTZ24Zmcr7TDYNEqBs6g53C115sbFrka3EYrFYWQ9y5PXGLIKf8X87oUwvTx7vIcb+i4Ifb7zE3NckMvHTG/bh4JOwq67vF6wAaG1eFzOJF2NAaJLQTJD4QTPZFQgzsdPaISkl1UerlKxSljMgW9+QUt8lTeNgAjh9k5SCg5n4v6dv4EpN8ysxp89FOm1nfsA7Osd6LEzardRkYKunQ/aczNTMEm3LAQRBEAR5Zcwj+KQLw2zi2uVu9uBKOv+PH/jCF3/8tvsX3w6cHiBdhWAFljvU0FtHu0z85vwQm+AM/SPpvKqWbmX6nRu0tnnoH9NLs99d7v1lAx1DIjiZdL47qaD3bnvMTL5z9SUVdA8plY7fVXQHB2BvsZcKGTH/XjuImZHaBtKaS5//MowBoUlCM0HiB81kVyDMJPt4aSgU8rtLWVdsq5RxuuR0rz+UfyS16/ucVt9MKOBjL34Bx0i1nm70zfi+z1U6PESklEx/CFZOY314VjWTrDesJy82dhlHqEEQBEGQV8M8gv+jUrNx/DwXD2EmQc/Qtz/NB4eGf19A1oHZn2j+6Qu9x7tJrUpS8U8sh/HT9d6kcnURWzTpMq2RGfrH8Yt9n/ww+/Q5GU7hkwvd95deRJZCvyjo5may8vAN10RkaTap4h7LADP5zcXh4BOz5pHm32vngD3gkZ0OmsmuwNiaiwypzPp20yFfwTJE92XWvFjdmosNHkB2ogxVxN5xuaqZ8DUQBEEQZLMxj+DBN+6uwP/hpNopliPM5J3zfCQQWIfmPORCUjv1S1LT8vCTIc07bn6o7U76u2ZUj6QKKipD/7imah4mPghMhpkJbMhyTl/gE2AmbMIE8++1c3jgvc3M5B75O28AY0BoktBMkPhBM9kVCDNpPJ+tDFbGzUTpvxh7g/haZqIebRZy7JNoJgiCIMi28pII/sn46ZEo/5cizIS0uVISzYnS5lgh8JPTF3rlh35NUy7TOhOleRgQEmai9DOZBw8RH8QW7SUzkVfmf7pz92KLasDH9WEMCE0SmgkSP2gmuwJmJr1fp5F3Y1HiMJOZqqw160xGbBloJgiCIMgW89IIPql4+LTSh4TMKmYiajAE75wf+u7GEHkbTffQd0pFR4yVh6e/7VbeRhm9f2PgGmuNpTET8nFswmXnrblIOzFtfcKeMpN4MQaEJgnNBIkfNJNdATOTyPWcrK87Z3ytpR+mxWEmZCIlwx8Kweasn4ncl5/5RWMo4Mt4m7weRrcVgiCvE2P2Lt7MHtmNPLv+YXA3jJv/0gj+2uVu0Q9e1vSAj2aXknqMXxbxfu1DDb1JvIlXeK3u6d/VDsAmv780fOPRC56lNZPI1DjrAf904B/iB+DiW/Eqlz1lJovj10gPePXfYF0YA0KThGaCxE8CzWTc3WArdNiKneNhTdvQNYjOumvrfHRyZWG4vQ62resaY4vCU31FxQ5bWZ3SPS3a7KpmK7CcQE8H+ayy2ho320TubyR7gE9/zG5WL2ZZjr2R3PLclxxkqZLYJp56skLD4Kw43PGuFrbCYyVHc5ybh9Ka62nmG5L0RmbOxd6suMxkpu20emwugAzeRUb66iUvLN/DZhIeqyiLnUrGUL1jVj2P7CriOX2PPJv+29we3PTmU+ZoFzl1DifJcfE3FEanu9m9aCjE70/Rnwdaa+gta1RsZM5YRQdv1rKrGW9zbvjC2BE8vferpCkPn1n+0fXgz7+896tfPJ5e72Akz5o+fLwnzGSXslu+F/aAR3Y6CTOThW5XD399cZU2XlyVG5ccdjePKioKHa4+su1SX4NnHkTl8ezP7N4dtRW3kP9XuCmMt1SznOdKWclcV513QZb97c33+fO7qLCa/ctzRttbH/CVGbbCOvg37K3roZYDH2orJjmj15xDBqdSH+emEBnvYi/q1i9A1k1zmaOofpU3vCmh7XJPzcuvQGSnsYlmYi+sLrqmit9H24uKnXY3Lz/tryUR/3Nlob3QUdU20D84UGd31PnU72DfelZG2XHCIU2y1iYrE0XNkLNsq+SK0lpJL+b5bnvHlP72lGhcxQ53z2jA722wO9yPSI692NE/Mft4YsBWRm/dj7ws58bfnWLA1rJih8c/FQ6K91zsRRaH7v3+w/sxMwne+4R30v75kySzAaF2Ibslgt8ou+V74TvgkZ1OwsxEHqMPVAJzAzMedNyYgYesj0UVtkseJSKZtjXG6nzJImYmCrMdtdqc6GR79dAK8aKqLrYPkJlmmT4yWQ5s0q9+qRM4jJ883yEMUrKm3ZfINDMWDdrjRHYGUZure9U36bHQNrww1mp3hBfmwpHonLfOVugMLMw1VDpmSeTnqwMNrnFDVGQrbqiwt0OENHyttgYukeXhhjLH8PTc5LB3KN63gCFrAX/2hpGIvYzUagaUYgVWRVmh1BIoZhKd62sGQ5h1186Gx0jdaaGjdWSBrdPsqtbUpipm0nqJnV+OvbC2qtBBTivFVehsGB0QZgK3iP6l0YqbvD4BzET8wFX3om1hqY8dlV1VmmMrrNUYl6/FHSS1vmIFDY88DTfbR6fnwtM+kJkydm0XVt8gX87Hdg5/ybJy52RwDvSA+cMWMG2rhyMeFn9kuPHC86Ch2BH7s5eQCqLAzerR1UYQgitkadRdVeGwVTTAbE0FOe+sSlwoq+2S111LKs/F9bDDGY+ZyQ8PxNsmpr6b6lKmQVn+K2n6ow+fzk3P134y2XR3qvbugueb+/uTIrL89NI7Qbo+7Gfso2+fzd0f+1US3Wj63h9zn80FH577ZIY3GkgkuyWC3yh79XsJjAGhSUIzQeIncWYCQuIIhJcfD7bYf3hJ42ZeCsgj/mXbVVH+PUcfbwpKgaKAFJarckbdDUWFTjoZJU2wIgvj7oYGWuoJD2OWU1TMVuD01zrYzQaUhj8g57uriqmZlLQ30AYVRQ4uP9rjRHYI03ANzA21w5my12vaCisRDFdNoAYCow56Nc57aZxKzIQVTjeUOBQDeUyuwEceCGfZPLLpwJ+9qNwJHjjZ01LEf+PLtuJqkMZmh9NN/J+fviVfSxEN00U8TWJudmoeeYv+7u6fmB12N/OdsAh+ZdpWrinCgFPpdTlstfzGYqt0B5QwHQI9yH8Od4wKbkQqM3m8lvRuDREQ5lF6EZaprr0imCZlIsq8vx10Av6AcHOrKHHYSqrD6sj+kcdWw8fkARljETxc2xXkso+ZSVUXrXZeEX+EzYYplkGoNNZHvmPst6mDFRnAyfVcdfaMdJBKlYUp1lwzZibFTtfNAXY9bJlibSYqM/lp7Bs6di78qeqyRRMvmZmJ8ky7t/8NNrFU+8fHUY2ZMBWHlWn/7x/Ue0g4ezWC36vfS2AMCE0SmgkSP4kzk2hZsWPY39fsqq5oUdV7+FjPDVXc4G+nFRFkmamZLNqKNZHieHsti2Ao0fDCXI+7paKYlZXCys7RYU/dJaeri5QWjt+sYznwr6oJRNRWpm/YPRQaa61gdSbKx62MEf/RHyeyQ/CRgm32kL/f0cw7NBKMZsJa6vNELi1iJmyROkKCHcqkZb8XVnMPb2uh+WsCMROlTIH90CBcJrWdPKehZ5mcvnFfS1mjjwVhsAJpqElhJ0ucOzJNSxNIKDw0zVpjqiGSueLj60y5SRtRJUwfbXayz20u4Q267OIKsWv0Zmt5sQiRd/NlJytJeamZwEGyP4usq91VyYD62mZXuzATpSsxq9nYTOifzmm/Ru0IbEQIAz0wtUKQeiHi/46Kxj64e8OtWzSokzUnd1o8EdgvOmYmyhdXvuBOR2Um8pOmT+7//hf3/u9fLv74rVAROSYbhHu/+oRPeT55OKUxE5bNc2Q5cOSX944cf7Yzmvft1Qh+r34vgTEgNEloJkj8JMpM4OEn3q0x2V5tEtxpgkVaomYrbuExynJflZfdCyI6LQl01N5YveMgefrCo0s85FgfA1tNn5KzLJ5hgZvVmpZdlOf9zeyBp2onFoXNjceJ7AxiJ1ReGXD1xc7oamZSG4vwCGZmwohOe0Q7H2SzgD97rFUPjcLVvUpY/Ao5NX0TQjtV8TQ/WeomT/z0PfLYLnVU8IrTGLz660FH6wNSgUDzeJiu/lGzmgRRrm8z7GcbsBW2DFFNiuWQVk+j4s9FandlmZWeMCrUzWUTbSYKi+SwX1pnstznEifxkUddrKAxE+UgDWbCb9G70UwEjz9NUncHiM9MGFO/T7r36Q1VRmLYqxH8Xv1eAmNAaJLQTJD4SZSZPP6hVrQe7vm7w6RFRP8g6WxKU0dV28DkPGmEoOkBL0fAQ1TVIyTHWCzKedABMjPcyNtoAc2sAuQyVxxeAUKpYWWoWurKHEW0c0tsKW2ZYDxOZIdgK24QoxeoG3UYzQTOqdJ2iPFyMzF2dkJeHaOZwB3DWGcyS3uIGeJpfrIaVL/fWJ2Jj8TuQ/R6ECgN86aKmkdZ9wYlTH9sq2xRftdeWyVp+y+iZ/gUkyKVrYEE9KO0JkfbAz6q6wEfuFnNVxDjgjB2ipkwbdALFRhX7LyTEzERU6wZj3psktfHTMZ+xZtsMV7FTGDbe9nfqTISw16N4Pfq9xIYA0KThGaCxE+izEQmnVNJ1w5bsdMzts7uiaKV1CIbcZj1dyRPHVW5Jgs0tTnLVXbaIaS8rs7Nd8GaZsGn99NxvZbue1mO6F8rr4yKdueUWbYHVaPtKOuhW1Gre5hga64dxsrjIToktBgzmhErhl8aIyXi3lnS6m+MtNGylTiHaJOeNc1kefQGvYCL7Gs4MPIKGM2ERthkcALSLVvVz4SManSVjONkNBN5yWezt/dMzI52KZ1VlLhcXZ1CZ3mNa1Whg/YFl1mYHutdRmHVKZp+JmXtq/bP3mTmR8vomNexuxMcDO/kpjQ3DQ2w2x27oQHuWt77X9OEJ6FmUuZqGZ2eC/j7btQ4a/pJBVSVGJuLlSXRXnxsbC4vK9yBk1jZEg5OsN5Egj1vJvf3J937VdLYnz/RXV9xmcn02AGytwdNypCUCWWvRvB79XsJjAGhSUIzQeIngWaCIAiyKquZifx4kAxjYBibC4LXgaKrA6uYiSo6X2LzSlw+21Gr9AojCDPpqXEEeB4J05WWXRzWvFPd4qiiUBkyAVkH7K0spDRHKJZBqFhOzLjoSbTRF0mJHHmPmslrwvhDk0YSu5i9+r0ExoDQJKGZIPGDZoIgCIIgyLYBQfyP43N7Ke15LZETZSb/bb82ObUbhtZDNg80EwRBEARBEMQEY0BokjbNTPLOVl26HKtCRV4H0EwQBEEQBEEQE4wBoUnaNDPBOpPXEDQTBEEQBEEQxARjQGiSXtVMxsYf5p2tguT2iA6EccB3IpKjX78GsgNBM0EQBEEQBEFMMAaEJulVzeTLc06hE5NTj54skDdFbJxlb/cgpHZndR2duBfSr4HsQNBMEARBEARBEBOMAaFJeiUzYUJSdrF5KvDztyX1bFa/0kYItF7p0echOxc0EwRBEARBEMQEY0BokuIxkxcv/hmNkhf4GNtxQT4sja26QXRmcuZslWdwtNHucvTzqpjzF+p9D+ZqSuFzr5D5/pa65nqb87a3+07euWu2C/Xe7kFPc2PepUFYWPNNVXv3oG94tM5OV0Y2GzQTBEEQBEEQxARjQGiSNmwm/rFpsJEz+a6/X3HLWjlZCC9BPsxWOlr1m60PjZmsjJ6pIoIhy8G8b29NiHwgdKeYVc70t5ypHWV55aAx3F+ieWcb4T/bq1XgIC8FzQRBEARBEAQxwRgQmqSNmcnj4BMQj6LyBlsxabt13kbqIvLoeMGRyD9hAvJhKUycO1+t33gdqM3kiZs3D6PpyvWHJNPbdO3MOZ5J5vtbWD5wvTjmIbxG5fEgWfNCffCFWIJsJmgmCIIgCIIgiAnGgNAkbcxMWm/0MiV4uvjsels3m2ZmcrNzACYgH3J6+vzcHDaIzkzqfpp7Ms/SwvMVWQ4N5v2tcQJmF/oq12Mmsvz84Wh7fX3eOWzNtSWgmSAIgiAIgiAmGANCk7QxMzn3t+rictJQSqZyojaTy9U31Tby6mYir4zmFd9WLZQHaqp6SPcWOUirU8jUy8yEEbiOHeu3BDQTBEEQBEEQxARjQGiSNmYmA0NjebRXyfW2HtGkiuX4hidhAvJhWizaKLoe8P+cHSRtt865arwPn5OMF7Z8MvvTwqLH/nIz6XDy9mCVzSNiEbKJoJkgCIIgCIIgJhgDQpO0MTORlS7vLLV3aF6IqF50ufqmehGyJ0EzQRAEQRAEQUwwBoQmacNmAgz+OD7kuz8xOatfIMuQD0vHxpWKDGRPs1EzeYYgCIIgCIK8VhgDwrVTPGaCIIyNmol+ewRBEARBEGRPYwwITRKaCRI/aCYIgiAIgiCICcaA0CShmSDxg2aCIAiCIAiCmGAMCE0SmgkSP2gmCIIgCIIgiAnGgNAkoZkg8YNmgiAIgiAIgphgDAhNEpoJEj9oJgiCIAiCIIgJxoDQJKGZIPGDZoIgCIIgCIKYYAwITRKaCRI/aCYIgiAIgiCICcaA0CShmSDxg2aCIAiCIAiCmGAMCE0SmgkSP2gmCIIgCIIgiAnGgNAkoZkg8YNmgiAIgiAIgphgDAhNEpoJEj9oJgiCIAiCIIgJxoDQJKGZIPGDZoIgCIIgCIKYYAwITRKaCRI/aCYIgiAIgiCICcaA0CShmSDxs7PMZNIuSZI+cw3s70rSu3Z97qo8/FZu/0afiSB7gs7P1/uT2WPc+tgS0Oe9jAeVJzr0eQiCbCfhpRcLixF97i4HvhF8L33u3sIYEJokNBMkfhJrJtkSIbPEz+e3yExu/1Ju+aU+E3ltsEpSrlszy0j7XdZMlGfyHGv2aVcvmY+Gst9OlaTUtCMn2Qo5ylYSu0RD/sbz5PpNs+bwXSi0fplFVkpNmyEP30nVdpL0eSdZIxrKfEOS3rA+1W0Z6ir9IBPWcg4pS0JdqSlS6rsn1WsBkxezpPR8Nq0xk8hMVnqqlJKa+QFfKmBHlfVlKz0q2f99Pvl66daci+T7OrMk/cHseDbRTCyWg7GZu3nHWmJhk8ViaVuKLZSDtZCz6k6QlxKoOHhLn/cSIg9uJSdZLMkHgspPdaDiGJyCA0crNeupCA8WWD6Ofc5XRw7A+kmSNaxaBxi5+hXkJ//7icuDdMlSk0VBd35ZZvJv3zvlGiDzDyotlv3qFfKSyQrqHMSE8Ye6U7FH2KvfS2AMCE0SmgkSPwk1ExK0pX0A4V2GkrEVZvKUaAmkf8zolyCvB0YzEbMQq/MJ5VqaLLfaRmR5ZpKvEfUxnbBKVp7DeBZRoteQ9MGVWH5ffv4Qn0wTFzYlcj3H+TM4QWmmcpFLUrZ6BSklp5H6QeNxKQQrlmRCDl3yVMp2qlaMSJmlzObhB2T/SJrxdTlLyJpPA8phP220XlSmZdVRdZ9mRxU7elf2lRDJgI8g/+8etshMju2zJFusl2eVRfuOWf5wOagsLXjTctAQub4KyTUL/6NkLn9gWb9AS/qBw6q5h+nnvKrZXcPGzSQcuM+jPX6OgrXvX6U5s5ePNa1S7j5wwfp+za2YmUTFqYNTeUJMAwG2dXTgq19TqbhfUvlAvTyG5SC3oPGygwU+ehWd2H9HMSX47Vg+PnVi36ubydNU1a3J/30+KxyJlVOoedqZmy6xX3hGrORDc48ij0ggJTXjSA77rnRWVZISupKtvTduDz+Oz+mz9gR79XsJjAGhSUIzQeInkWbiL5XIbdEXsxFqJr6LpHjartyOI4HWNFp4bf3gNNnIRZampmeVKmYCK+TTkubs87RAmvHUL9/933IbdRKR2t+Sf/jf8j1fbDXkNcDUTBRJEJY7ac+u0YTobBFspM5UozFkd65dMQKrVrOd2RLEBzNVWVIK39VJzQozvEYFuHkSbMGZpdSx6BzmWWu2ix3hpPRp5xqtuSZje5NVRzVp1x2VWCQJ3dkBnLBYTt2KWKUkS1LyuBJ/DrhOkMLyI1+xWWEmwaZjJzrCEPUG5gf+f/betSmKNE/4/gj7ZiOed8/L+wNUhE/wqomoGCK425FeWrZ7ZB2XHVs63KB7Yrt9JsSO0bsPdDONjo0OllCIg5QUVrWUYnNQTkJpCcpRphqkkIOAoFAgZ8stNu/rlFdemVkkUJRQlP9fZEDmlZmVmZVZmf/fdcr4PTj3Ou8eC2f/enQ/SlHyy2UzyTtoGlQiS5WZIBXJjjftu9AnzzqBpvLYlLTPlBZBM0Fa8k8FM3RA49rZAshMCmTjjQUzmXyYEG8y7YnvpifmWUnJs/n98bhs5NMLoeXlAC2UUNzy3gFbCDPtu/Ap2o5YZsKhZ/nAHlPCGVL0IcMupKYTIdYhcDNBW/+0fBrv7aNrSsHaUnX2o/oTWy4zqTqZIpjJhDkx7dSVuglvndmcpF4Q0/xdkjmBmQm6OVjq6+rw0CIug8zE7/fX1TtyM1LSST6F+ePU1ATl5+93ZpiTk8BMIkWsHhdHHxAaDGAmQPjsoJngrOPPcXYtig5z2kgSMZPMX3wd+aQ+zFd1yESwvdT70A3adqVZCnagSUvbhN8/gRfAESFewJyMQ70ktO4dIRdNdBJxEOtmAO8Aa5nJgq8q5Uf2LOd2sVCdqQrQO3NzO8kCCYn4SjObc+tVhW+2L5KqhMIJCV/PiRPL/o4rX2a5xcxOXCghkfIQpBM06cbngiQsV526K4/7b6A9RArOUzIEnfDlp/AAJCXBnJ4awkz85Rk3XqpS6F4lJaSIe4V2MkmOe3AOq7xjOw5WkPhsOo5EAP/ryztWTcLY4KDpT/UBOaBMQPFm8aBEot40J8sgpxnY9X8y9cn6EU+r35C4tuSgSTYXhmImaCso4uxEbhIvzzrRd2Ef25mlejQ3UmaS272ChMTqfb3w5n+onBiUnCQfsn6mFJvIZvLCXfDVMSQtN3uXcOJpdpUf339klo4FWz9zPpfX2nn0ZSbs5D4rMf3hGk1Zoyhs2pTuomPojPfNBvbviVMvIBLKTILdCT9iIRl7dK+PfTuEzuwEUwJOLz4QTyplxX/4qaYshpvJfPUx7KjYo9Ces4K1vA/QxXZvq2YS9DX7tXcqSvN32EBGcI6GXAa70JxZvTByJY2ZyWGeGaIC/aL5ONUb9PHNbTn8/paCbkltNv0W3zaxGsHH6nFx9AGhwQBmAoTPDpoJdgySE4ljNZqLLNTmIkFgluTO4ikYYbL5a2ImJEVBzCeWdHJy9xxoyTuI3kwyf/Hj3ERnbuJRVkuKXT8JiWk/KpeQBQlyulAeQvDlp5LqTyiYCCBDtn2dll4mBgYLiQkpHW7bqcOJXzoVxek4k9RBouStmwkKOMTtocAl5zC2Jp6SmWxO0vwQ5L1CwQ3fK/QNVF05lZZoHiE7hj7HnKRtnbJTnMC+wQJUqg1iwIpSUGiIUhL2mFyyY4hRb8kBHCayXHYhBcWUCQkJ+35SZZlLgpkck+vk9J3fV03uFSR0nr72BxOKVtFfiXxsRMzknwuxjdBxKicoRb2IQvL+c1LwafKXNDqnZrKU/F+OUXLubmYeeYOXybyKr4ylgwWl3zbgvR91Zj4QioZ2HOUczfbt/y3xANlM+FeqtxcJ2wiWBza+J+7eI1ecKW5+zUPTmkn3+QOmPUqxmMJ8t+lgiVh6RjGZPlVPEvbEH/i+Hk8TM3n4fbzpgzw8FyvTls2EENJMWN5BYKLDw3655qRTEm5sJptJYhKuVmBOdHSqCntVZkIqcWEzwavj2gfSch3OyBsBM4kYsXpcHH1AaDCAmQDhs3Nmgks/RHDapszkO8VMEpNTUj4mw3lVcbb0UG0mA6qZwDuC3kz4JI/4zWkWFKkHxBgl4DOnX/Jpsk8RfRZaisIRq1otVGfacA4+Jkm4dDPkShTsuiWIoQOao7QMQeGCR0JXNk8Rq2DpzQQ3Kzluxi3ZEf5mpCV+dbDF98p/N0vcK8zgJVp7bTeaybHqPh5ZbtBMTAfz9glhLoWbCYtBCbQEhobOgepjSFTSSMHLjpmJJB1kxSbUTNq/uMHKQwavHGuXpG/3HzleOScFW//ieZP8XQNSlNrvsLFED+wcDZUc2GOq9+KGHhsxk/mGEycaZAH15p1owuOBgUJe406HxkwCSEsKB/S/ZKnwoInXFRTZJ5eYUUz/mjc9Pa3cHIiZoD3Zh66H4ENSreutmckC/jmrUl7eOHUXF3tyM2mpr+vw+b0eh6beF729BBYmOq58yWpzETNJI4sF7mTivBIwk8ixq44rMP960+GcPiA0GMBMgPDZKTPpOIMCpCSccY3BllK3LNfmcnqV2lyk+lZWvc/va7Z9fUqszYXWV2pzJaSjh0Pgla9F04ZXU2byoEo9G3gn2JCZaHpTCPh4cYqG5q9Z6QdHNJOWH3DjdUrux7IDLNcl/cTEQXrpUDbKVgz4yDqaFvC4FnioFvAdPyXJ/t1yyVlX9ZXZcT6d+Ya/OeUHVRzT0ob74lL2KuhV9orSZ6FmgmtzHY+WH4jeTFA4KNfm6hNrc6GwNV6ujaMxk3t/jue1uVhnSjQCDg7yqkHyXLKJvjxeH4wk4lVY6IxGPmC1xSJlJpurzUXMRFppT/7qzqy0hM1kzPVt7dzsLBvekBKS5EPWx5b/nMUVuv5TGij9j/30+okW6DlCJ870W1zagOtorWcm6Px+Q1SEzbUdkJuez6OTqJwtFaKZBExxqnbhvDYX1hJdaQlhntckpCjtTCjUTNDeO9MOUON9S2ZCMkeEaQytuiwJZsIJVGey4lwCbWfi9y9w+aJmgharWka3vlScBGYSOXbLcT2+6y68iYe2V9pZxugDQoMBzAQIn50yE2QTSqxG7si4zQk2k4yWQtwZK28B7++0kZLqpPSvcQ9ItH18YmomjttoNOnvcHyNTSYxOW1kmX8kAQvJ+xK9Md/7SKo9Ib1WLxC7ZGmyxt9h8NUlQ7IMZfamdMgPco2ZiKuY8TcZSP8YuzC6DutInz5V5zPScINVc8rRU+T6mnCks+j/1FHSWY68JNLp3GTc9l1ggfQanMpKNkYcKefJb2HBazuO+3Kw8VoZC17ca/Dv1fGl/4bcAh4jtoAX95l01BMwJ35ZRRqc0L1K+zyX7FUA7T3ex5T0U1eYyaBDobUro4EQZoJiytpsU6gW8NJ8ffyJer2Z4JEvQ7eAHyw6UDjEFpboJoIPs+NVwWXfhX31S4qZ5P0WV+iSImcm0uZawBMzkaQHp/8z+aMzrDZX2rkHi8JCwda/fnTks/3fSsRSCr47Em0N5eVzNE97/j1W3H3A0EywwwjQ0017AU74d9kY1eUbBMVM0JUgIvEW8LjnXwW09b7yE3FoLC6eX2CctcwEaw+p0PU2zORSulmVOcJqcwVIS3c8OL5OcdTXiTeWS4eVbBFJWySLoWaCR1LT2T0EzERgvLFzXJu2CaL2uDQMeO5TM/Fq4qX10AeEBgOYCRA+O2Um28RDpyQ2Qr73fyQl9203MXIlTZUTvgHATLaV5arM7fvClV6DpYi9aVH1me8amnYF28mGew1mZiItuv9yiCnHt2lHkg//0DcxcvPqGTIPV99K/i9SHDRUevDQEdraJHp4+H28tonPlpHdIBZQzCQ4Yt775aU7TEK8L3Gxp1l9h5HLTJpzrlS1eCdwba4E1gc6xcBMkmglBSnqzAS5wRNlaiXu2jD6d7zU92RVSd0sV13dcefbflfa2/hinbqN74iZSKvT3vutl6vbtenroQ8IDQYwEyB8YtxMYgUwE0AEv2kx1aJN3QI3Pt99b1qMDC3ZSt+1wNvEZDKl0RbkwLuNYQT/6jeVrPVUoK2ncR1hX4/V5zkX2+Q7W3CosbvCYMvvjpmEiz4gNBjATIDwATPZFXAzyTh+ye/3+9yXSJfKUpo5Jacwp8Pnzz2a2PJLZp13wj/mNZMKxMhMEtNyqrwT3l+y5DaUAXNCqs+PFk6i7aFpf5RkA+w1F2it9L1pp65UtYRsGQoAAAAAW8A4gv+EVm2VpOPn6csEpLjzv94nI9OenotPZqd7en+Xh5dBk7SAJedCx/E2LDFx1idCkYv05E5H3GWxJDhIC2Gknl+PX+k8eX9y4TWuUHvyQtvQ0pvAkv+9vDZmJqvP9zqHA0uTccWs25yrxW0fXumdfmVUCGl8XFHERJ+rEtfm0qavhz4gNBjATIDwATPZFejLTHDHZbQ5BG21/NLB+7fNSWKOwRtq04Ul36XMapJ/FBxBYhNYw0wuyV1LAQAAAEBkMY7gnTZZSPJ+ZSOymeRcoLOCj37pwJ0fTPiuTuHpDy/0xrlGUTovb6Hcd7XF/azqJiCumIhKz68ZHqX1d9yFXjqCNk3NBDnPI1J/jGsSMpOe9WqUGR9X9AAt4IFoB8xkV8DNpOp8Bnvhn2wmci1hpc9ZWr1YrM1FGkMLHkJSbCOhzUReBAAAAAAizDoR/KvBnL4g+0vgZhJ3vo0PJIWqiP9420rOhQ7pua9CHWoblJnQDyT4idVg5Npcs8hD+IboLJQiL78m6xxX1PCs9QE1k4H1XEuDPiA0GCJgJv+9uAgh57sJmMmugJnJoC3pi0u0F0gwEwAAAGDXsV4EP498g5daSIKZHDqvfpMUrb71ahAJyX1XG1pF20qk59e480KfC6vjhxpJj2QqM5G4mQw1sHYm6NOE+ZhYMhNpdfbJw0dXarVf5rroA0KDYatmUnWp7Lyt6vzZsiqf2AEh8E4AZrIroGaCRELO//GHYSZIP+TaXD5am6vlB7OXZEv58nFntZq1AAAAACCyrBvBHz/fFkdaklDEdiZZDyenX80PPWHNPy5a297LI87wavBDq7KKwnPf3mtP0CrOis735KpZGjM5ntc2NLe0MOffK7YzseO1GhuVdibKCmuw7nHtdvQBocGwBTNZncs+U/ZE9pEnNbeyL4nvOAJinx01k4DT7iiw2i3WBu2cEAQn3a4KLxldnettqLDk2ytantJZ86Od+HOKKuTmacEa53W6AE0Za29Ck5YiV7mbriJ1VeFPsFgdU7QjwTeTNMVWhbNY3KV2PFce6CqeW3iByseT/PVcgy21dAFS2ZVtVNiNiCHX5mLvwci80pEehplI0kR9DjKQ1M+VV32nJyeaExK9Cx25cusUPitmaK+tKC7Cp8n9VPXKiJ5b9klxGgDeaZ7aWrSZzsAuYvnOF9ObfEPFjhCrEfyuOa7Fwdu4BbxoZxtCHxAaDOGayVxfeUHZ5ToWqFEunysr/4fR+56AGGMHzaSnylFW29o/PjM1zMpSjZjw2Kx2aia9VQ6L9frY3GixFTvDTAsWhq7hya67lQW3+2lK8S3P/PRwQb6dplisrl6yQJHVTt61OG65XDM/NzPW67aU4jcDYBUhKc4iHK1O9nV3PWaDs5CYyWq/5XIl+kz0CTY3eX6vjqOPHZmeQWu9FjbKdyOCdJxJCpUdBGyEYYutsq6ld2q425Kveq07N5PXnZViOrArCEcsX3hY7sZuw02yRYrsSiZOhd2BU5zKSx/bb6IU9m774EtvUSG2cXGV9Xha3LSBW3HUM1jv2PSFERUsDLwfN+phEyv/cD77428G3n9vanyj3SQuV38xBWayc+yW44reFvDt5dfP2h4Oh3rtzHBTVfbF2vYpni+8YcYeZP/tlrOus7Xp3umLEXpH7jvDYlejNmlb2DkzGS2o2Xj4HrSUNI2semlUYbHWsl4yVrvLWlX3Av5gZnhr9SnuF/Jfgo0UiaDFWMoLT6XqTdhTFhcuRUFhkPzOg/4a4irlxItCot3oFphwppsTk9J/JEUmwNbQxLJ0sqKYlYwR4QzO9ODiNdst+vJsb0W+fanfjctbhhaXhjzlaOHC66xMzN9NSvwcXfK1BGwnETQTW/51VW5Cf0OB1cEyICSpy4UvD5KjgUF3jLJ6nGdRYbNXeLe3CvRqP91PtEsj7B44TG+k5Zft/Z3K7S4YkN8EIa8SDTitdnd7/5ivtdJmp/dbmxVnKuFcg6JattDSU4uVzZUWO/kqFmvEbqrRyGLPwO++GFLMZHrg5G16Cl+ejIt4IfzOslsi+M2yW44ret8B/2rxTfaZ2pBvgGx3lI29WXxFunneFHesZWPaNCnb+kCbBKxB+cUybdLbZ8fMxFvbOvEUB3b59rq+dYrp6kqoA1AzWbHc5G3aZiy3hEBD9wyuKWJlJpR+d2UByzUP4ipYgblBd2UliS0m3S6agiISvrxEIgB6sxlpuN5PQ4HZtjLiJJbChkqSbVlgl5+pFN1uANHAa3+/pUhVNiKHtuPuUiaZyDZtTbR3ltbyrhVqJjQErCy097BgbwpfgS88tsj5J6ABfe2VfQFbERa/MTkHjVaeLJZLCeTTF5zprEGGgH7Ck/PaW0qN87qqnqdsJnWl9kmhXxp0Ksvy7eSMY5z5jsr+bm4mFmtN11J/8V1WnoDMhOuNpdSzaTvaCkuddK9ofgpFyQfRZ8RIyiqMF57Kuw394zPz415LSVNRuXt+etiSf70RH5yXLom+yaLLjpHpmcafHTwHJ9KMk1t3L9+3ySYXvmkudZY7PWLOEYf/SCk0y6Cs2G4pxj9qnGWAziCprMuV1VLa6nbhGrbrPmKihEHFTO4/42+bGL062iKPI2X5S9z4V18szIzPuk6OVD8adT2a85wb2hcXkKSF0kO4L93Rq+hznn51cXlm6On7cWSl8YFPspZnpp+fPTmhqiWzM+yWCH6zxOpxcfQBocEQjpkgjMxEm7YhPLYyr9gH2Wyf0+rMPlOGBpqw6Ht4+mxZ9rkbr+TFsnMbcRHNmTKrG5/R9lu30Lil/PFkqMKc2Gex/+yt7Y5od8pM0MOv2OaampuZnxvV1LHREUSPfzJCzYQ+0hjyLEzPLUePKnNp0VJUK6eMY4UoqWzsZ4+oSQ9pZ5J/XV44SFNqhlRvnS3mEcCL1oKf3fNzk87LjgJSZmIpvN7YOzo/3e9WPb8XdbsB7DTYInDg0j+vynDRmwkuOsPPdgnXAavqpWZCp8XACF91K91IYwbVHwhECvS1F1x2eHyjI+21Bez3vkLqcM7U2B3uCfy109O35K0tIOeIx9M45qYBOvnNdg1P9rpr2IdQM1kdt1xW5SYgM2l12mnpKMJS4h6Tw3QU6KH01+guVMyMSDCTKYuzbRtfHx+oLLH3k/tTkWAgBUZmoqzCeOGxlLM+eZCM0QgeWXcxFnLFTMpaSNO5Vf4lRBrqS2IRFrIR9tNTlWlznOoyanSFOMvxyfXcdLT3NaFLhTxK8DKKmVgdzrvd9HrQf2AUIpjJk6fnWN9USxUZvIqXRM1EDhMG9u2lI0uuT6aCKjOhjyC0MOnz5L74CTtOrEbwsXpcHH1AaDBs1Uxa2x6z4R/4JTVhmwmK7c6fxR5S/oD0GI15zstMnLll2TZ2QzwtuwpauF0uDJ9236oaI495byNf4J1jsX+bS052ykxed1b2yOPoQagI2ewwad3BLyGpsog/kOTaXEo+5TgJHzFjTa5GVX3cQOjS/wlPWevMUmclDW7QRUvDGrQwTZnvqeVZp7h4hD6hRVY6nXQVQYpQgEL+442qdwOIIiabXK1C5mkoM6lpx7ZMhqWAkZkQZoY7sfCAiEYabCZywSONttFdgr/pzJJf2b6CT9+gt7aoyku/frQAP7n0ZPFzh8dpXItC4Z5xi7WCp1Nw8deqly0z6vbMSjxM769x0O3WFLIKXdRy8WBTF5a+Vd4sosi75pqDlvFuxEzIZayswhBkQLy2SXaPYibyzVmVDRQRyFfnsN0mwYBoIBpLEUSCrjKpvq0KJ3ecl6LTX7RiJvnsRMsHGO0IZiK9qj459Lv3Bv7lN4v/uMhVRFJkAzPw/kk25jn5fFRlJjSZpaDn49HfDBw9vhwdGSmxGsHH6nFx9AGhwbBVM0F6cPbCdTRQi9iCmaC758zAg3tYTtitUDETJBv2LvazuGMtow1veHEKoqmYJaLbkv2dNRMp+Kr1dhOvvvD22SkzkZ418WcPihdVr2lVw4IAeUBPL6WdyUqn3M5E6yE6UeHgpy96dPFa4+3lRDPKO+WUFf4MG7t7nUsK53VXDX3god2Q04I0G3LtjQLRgTriCWUmrsYJZYF1zQQRHPfwej5ApKhgzX4wNNoWW5XQLHCUUmC1t8taKMTT7GSJVZ7Y6XvhKShyFNVqa7SQinlBJCFjREVIMQgL03lzspGG6+3kboA+trwdBf1eXviwjSxaChv6N1Wbi6yiTO20mSBf6n/cynzpWZPyc/M1KL9N9e+UrmJR17NVmYm8kzozYbfo3WgmnMCd4y+F9gDhmQni+feHBv7ti0kl02/HiNUIPlaPi6MPCA2GrZsJ+/VGwExkzjK1UMwk+8yNO7hIBoM2QW8SKJEloQdAbtmr2Rk+8PR3ieDpc1V3tvetMjtmJjirzz4yPYPbPoYs3AgBKzPpv63qm4s2EeFdaeF6WW5XWYPSuRZ6dDkbWqfmZnpbGtAquNmArwFXsJ5Tto52hqbgqtWsOEXJciOszJNPsJQ2DZJgCG3FedeLW3OW2HtXSBUI1UaB6OBFa11Ldy9uZdtLK3tweAQzWOuo801O+ldmumrQldDeO9yFgifcEcLaZvKitdzZhC6qrruVlX06fwW2ht5Mpu6HKDOZJJV8dPE0O1mVQv0fpczEix1DU99SbjKEu+WQ43gapk9ZSmrlH3WrpQTX/ee1udBWuCxtF8xMkD5pWsBjdoOZcIg29POzjBvy8XmhanOJ51d6l8zk6fusyhYlbDORyLoDGVeFhJ0hViP4WD0ujj4gNBii0UyyzzjJ/5XsAmYm5efKsotZwxahNpdiJtPuW/aubQ3KowysJdq0t88OmgkAAEBI9GaCSyatjjEh70AOQBd7buKWXXozkZa8FltD+/Bkf4vcWEWOy8UyBzLJAvqyfDtpCy7RMF3p94JQSRqYqdqZFDWIC7wtZvuLyAt5eOt/hNz9hmAdgpnQXoY1q2B21EyKnLX94zNjvs7Gckd5F64oW8b75hKr2HEz8TbwVTTNEWPeTIb2xQ28H/f0jyc111dYZjL+dD/+tGfVQ9FQn2vw+TY2ztpGYvW4OPqA0GCIFjOxn3XeeYDbq1TYbpwufUwTkaIMz46+xr3i1p49W9bQ1u+puy0WpCjrrz7PPlPmaXvsqWu6fImKzTvEq47b21xaQgEzAQAg2ghlJtLU4wYx1Fbqdy11F9zsDmEmaMQVum+uySZXo1w0Kglm0l5ulx9/OEynKsKh1TvFvrmK8+XO3IANwHzJ6lB8yd9NDarrpVAPlpvJbD9fpX1U1b9WTJrJO8L80pu5xVir9oyOCB2XNjW20AeEBkPYZoJbq4ccwjMTYDcCZgIAAAAAAAAYoA8IDYYwzQQAJDATAAAAAAAAwBB9QGgwgJkA4QNmAgAAAAAAABigDwgNBjATIHzATAAAAAAAAAAD9AGhwQBmAoQPmAkAAAAAAABggD4gNBjATIDwATMBAAAAAAAADNAHhAYDmAkQPmAmAAAAAAAAgAH6gNBgADMBwgfMBAAAAAAAADBAHxAaDGAmQPiAmQAAAAAAAAAG6ANCgwHMBAgfMBMAAAAAAADAAH1AaDCAmQDhA2YCAAAAAAAAGKAPCA0GMBMgfMBMAAAAAAAAAAP0AaHBAGYChA+YCQAAAAAAAGCAPiA0GMBMgPABMwEAAAAAAAAM0AeEBgOYCRA+mzWTZQAAAAAAAOCdQh8Qrj2AmQDhs1kz0a4PAAAAAAAAxDT6gNBgADMBwgfMBAAAAAAAADBAHxAaDGAmQPiAmQAAAAAAAAAG6ANCgwHMBAgfMBMAAAAAAADAAH1AaDCAmQDhA2YCAAAAAAAAGKAPCA0GMBMgfMBMAAAAAAAAAAP0AaHBAGYChA+YCQAAAAAAAGCAPiA0GMBMgPABMwEAAAAAAAAM0AeEBgOYCRA+YCYAAAAAAACAAfqA0GAAMwHCB8wEAAAAAAAAMEAfEBoMYCZA+ICZAAAAAAAAAAboA0KDAcwECB8wEwAAAAAAAMAAfUBoMICZAOEDZgIAAAAAAAAYoA8IDQYwEyB8wEwAAAAAANg2Bp/P/2NwJpYGdETag4w59AGhwQBmAoQPmAkAAAAAANvD/NKbucWANnWXg44IHZc2NbbQB4QGA5gJED47ZyYjZkRCVnOQTWcl4ATzYZtqqbcJ2Z7ZNsImm7/b1q0D20aa2ZzlVk1Skj5On5AvP5aSlpHj7GBJ/o605ESUmO6coAnewnQ0zeYKdDhz8HJmM1uOMHIlnW7U90tuRloSmpt5Rf5kjm4TkrQQchPm5Fw+nnZFvmQlKeCrQsunfp7bLG6bwPbqqIPOcXydjqZy6idIRDCS9F2zauldyL0/m8a0aevxrOREkzaNMXktzWQSE078e7zJZNp/9Bs6aTIdUOYZfA6wNmPFB+5p09Yh8OxefJzJFL9/Wv6plvwZnSjTp2fqVcsJzD/OM/1ZtZ009AnqFEr3hTTxPGaTMx5nTtNHzQ+/j69fUibRYuKkNO361GSCS2KD/GNwRpsUE8TqcXH0AaHBsCUzyT5TJg536tu0SwAxzQ6bCYoFf2LhGp5I2FY3oDuAdoFOgpnEKnoz4ZNICtiIfOpHLqdZ+iQp2KGJ3S8dTbzhtqXrtKHjp6RmvyZNunTYnHbFRrcSkMMcvzPjhrhkqE2Yk7/Ub6L5uyQfGRkpS/+ysDkt3+sozLzkQQkBc6oFzwj6LKmqtTR75S/PqFrAIwvVmeaEDDRS95VZt9e7jMiaSd4HpgM/Zmc/olNjJQdNmsoZb8lM4svn/rlwJrd7RTtDTfL+IwU9fOp58tlWYeauYfNmMj82xM6D/P2zyfmbn5U8YwuJINn4rPye4CHzcaYEdDb1ZpL3hzhXk3Ieu3+M75blx/TbPHkpOWXPCdMfrk0rk8fESXzxfPvNFi+JqpMpieKdKjhBU8RlOOiegB6XShYFTdE/v3yXzOYUfEMjoGdcSmqqcBfyOzLQEzCLT28PsRrBx+pxcfQBocEQppksLC4XFFUiG3nYhi/b8efTN27dR5MoXbsoELvsuJmYP6ahVYfZnJb1XRq9tzZfyUkkRShpx8mtdsRmNmdWLUvpyYlZV3KwTFCf6cw1kxu3v68qheQ959SzrGM0HvBV4Y9ISGzxSzlHk8zmRE2+Mp77eSb64yMPJG4mmq2jQDa9jKx59xRKpA+DrAS8D3y7iSnpOP7E+8lJk7cD7DCGZsIe/MpDfcSWUe4P3Ml0vGQJlEufZ6FZabpAITNBm4JAwuALNosbxbizeAEdIuQmkE6svYkR22E8IpSZtPBxJFRKicxynWav0LUtRyMduUlkljvrEtWdqOSEyfTNvUCaOc4UFz8oq1238wQpxPgrneRmMl197ETTPIp6x2a74/egRUx591j8+tej+1FKnDmNTctGkXfQNCiHoZR40768vmnTn2hO/FjJAVX5ifR2zARpyT8VzNABjWtnCyR/fi75aKk8tfvNZPJhQrzJtCe+m56YZyUlz+b3x+OykU8vaBWCckBdorXWKei78Cnajugh3zTMo7PJUw7sMSWc6UYjeenfiB8iiq5pzzfyKAVfGOQKYdMm0wlxcp8p7dqj0PuzURa8NFeC3zTWyqegJCVl2fLTRDNBKXoz8RWm5n5uTjrD7g34GffVqQynfDPwXUo149shX357iNUIPlaPi6MPCA2GMM0ESYjbo2TCiOnaJCB22VkzqTqOQ3g00XEmKbXQx91g5I5tAYcjATQXhYk84s/4OgdpBhnFBR0oxjJnOPCHLXd4JwKSvxnNoPdgvEi6xT9Wl5WMR6t8fguuzJKU28l3gCxz2GZJRfaSKQlmotl6x09JtNaZ5WPzl/8/e3Lgz1yWt4tEJRl/Nv9ktF+p+VEc971jrGUmC76qlB9baCJ/qC9UZ6KQHTnAxF3swObEJB+v2xHKTNB5p96bdPQUTZGLL9RmsjyRJJfOUUJvguyeMkFAlx8dCXhyzCkZipn0WS4Nygt15nLtGbmSxveqiny0Lz+lgwbiL29kyJ5j/rqZrRB9YAWJz6bjKArE//ryjlWTMDY4iMLEgBxKJiBjKMbfAop605wsF/vEHhzF1v/J1CfrB4oj8T8SiZYcNMnmIrNUv+8CDjM/5eHvM5dpT0LftHJiIm4mud0rSEis3tcLb/6HyolByUny/nOj9syr7BQzMzn+0ZGDp0pnJ3qTPzqJlzlkfUwX/uhI1SwZGyi9PEBXiQr0ZSbs5D4rMf3hGk1Zoyhs2pTuEqdd6SZeZKFDZSYI0UzGHt3ro1+OpD6P6LqKSwvMdpd8lqC5PPou7KtfwoUq4jWJEtnkUv2x2kBELgnNnYqm0JGWH/Ctgo6j5+YC+ZnLv/gFmqI3E/Qgkl7ichE6iZ9x3zUnoURCTpI5804AzCRSxOpxcfQBocEQjplYCm+Njk9pUwkoHc19/XrzTXnGHmT/7ZazrrO16d7pi1v+jb5jLHY1apO2hZ01E8l/A900HS9xKO9Tl1ok0Zr7ZjOOw6iZyFVf6r7CUz6iB3WkhA+XXeBybwxdyCw3IMFRGi2+cGeZ1fd9vDTenJ8ujA0k5NaXcdkLGkF/USxoTndMkBRJvV35/r5AytlZHSEgGtCbSeYvfkSdMzfxKDFbejGYcQlb2o/4CkLXyogc1KZwowhpJrxwLOjFRXmdubItKGYSeOWf8LakJSqfKa21iRBmMqIJOFK+tphxOd7IWmaCf0fyXuV+zAoYT7FiQy8SbDpLdOlo4wT2DRagUiVQZWmbDpQ8wykJe0wuOYgUo15a4iHmsrMykGclCQkJ+37CWeYieR+wMDdQfSzPq6QP3isxmRLouMm0r762ng32E1sPQ/+5ENsIHadyglLUiyggM0F/D+4/QqaombR/ceM5nTt45Vi7JH27/8jxyjkp2PoXz5vk7xpQyFz73ZHNP8jfIso5mu3b/1vcqIObCf8+9fYiYf9kZ4FCS8nEFDVGZqJC1In5btP//vRe8YkD8aZrA0JWAT718eR/X95vTXQG2e3pa3/Ak+gvTnrLZqLw8sapu7hqJjeTjIQkmqI1k5cOmovhL8+gBaTUTNCKJJ8iQMtSwEwiRaweF0cfEBoM4ZgJLRgZG58qvdbAE92eHlqKguYOPB3n6RvEYytrX9Qmvj2mm25pk3Y1i/1nb/VrE98+O2wmpJ5rRjl2A0kxEzwr8fcZp37MSQplJoE7uAqWpc+H/gZwRnIWbl+cmJTzI86B3ryZ4Lu/+fMbHVdoXTLd1om6mL9uNuOdbDGbTzX3oNAwRSJlI2i76cdzvkzFny2RZ4CZlvMAUYPeTPgkz000p1mQqwRkVeDhu0QUgo2FNBMhGkBXUVYyX0BXm2vwknhhhN5EiFhEaybomsSFjcgrRlhTFow7yyFH7r78FL4K/k19fkNeCD1bqjL5Ie9+MzlW3Wc6WELrZW3QTEwH8/apw1wJ18ZRiP/+oTir8ICJ1tmJeJlJGGbyuOCPVVihiJmMuZL3H+HDA0mq+upI8mm31HKudkVK/ugcUpS/fkRNJlpg52io5MAeU713LCCUmRiYyXzDiRMNKg/RiIqOcMyk+ku5gl9w3rTnmLKMFBCuDtO1SZxEdxt5bPWSlCYUx22RjZjJjc9x8YikmIk/6etmmqK5UfgKU1l90eWqFFKGT80EGUvmnQD6S2sQgJlEil11XIH515sO5/QBocEQppnQViVi3S1kKTzdVlYnLL4hkJl4VzVp3mwHy4Cynymz1OEMHvsZ5/CDWrzps84n1GS6arNzGz2OWyjR3vSUr9xAUs6XPngyR28Y3vJe6b+fPUSJr4bxX83+73p2Qk6mpqZ21ExoEz2zOfWSxM2EeAipToWVQG8meKXCVNxcPimHrWU2OyakQB/+qDDMRFogLVLopH7rOEsbkUIjOTz2cQrdGbpdRDpul5IlBUnjmeTtvtEDxmzITNQPdWS/tMk4nsVLRUKZidKiY6EKXS119XXyYMm4UOcVW5L0WYiZBCbacBWy0JsIFYvItblacg5ndvj8KV87kmiZiYQbtOA5vAW8n1TeEtqZoBGxLy8kTkk/0ApsI+bjVTw92tCbCYr85NpcfWJtLhS2xpM4VW8m9/4cz2tzmcTwMTioqhq0VC/aSLy6PQMKWN+SmWy2NhcdObj/yLcNS9hMgq2f2ZUzi+mxHtyfWXAI28jNzCOjzszkQ1bVAjsNPUfoxMlNzKfXNRN0fr9RF48k7DHWEsnYTNaqzfUNqQFI2ccKSTB9F/ZRGyFMmz7Ae852G418INchjMQlsQEzkdtnyvztsHpauI+huwS/HZl53h97cmVckvvMADOJFLvluB7fdRfexEPbK+0sY/QBocEQjpk0NHVRD9GbiT59wwTPn8Urlj8YllNCmokiMKfpVrqwqLAVbjobSK6i1+X0UG9Z7S8/V0Z++t7sM057FyuXsYezh1HPYn/5xR07rp0xExLfK2XN5MZ66nAiqbifgwwkpJnQcgy5Ce9CRyEuqci84kVxWDhmgqIE0hwl9NZl+aHt4PGWaCMTSaLbNe9NXVhGt/4ssi0FvqFtQPcAW4fco7jCWlqhNzEldMb59j+u3h7iWWkWJ/emdMhlGNqKEOik/4hbJqGT6+dVsAQzcaTLbZwk3DGDOSExlfbWoEDLTAIZaSm0Q4VTV8i1OeJIl7UhxCZCnUquTxTRNKSJZnQe0bVahzOgpZYfkqpkF6J7JR/ghJn006BsyJ3Fe+yJQkKYCYopa7NNoVrAS/P18Sfq9WaCR74M3QJ+sOhA4RBbmNbJ4QRqj+X1jVWTrmlNcfGuAbZqxM1E2lQLeNlMpEX3Xw4doe1Mvk07knz4h76JkZtXz5B5uPpW8n8R6RoqPXgIOwxbKzqQz9F8d/Ex9O0eK+4+YGgm2GEExjQpB0rGlKpWIkZmwlvAY1TncT7tf+MKZnHm/eTHxGAtlGTyPsBXCzcTXr8rIpeEgZmI7UwoQjsThuomtlyltHQnHQM6Xipm0nEmyfwVy33e/lt91Ebw442dm64sJBC1x6VhwHOfmol3k91d6QNCgyEcM0F0dg+ENBN9+iZ4MzPw4B6WEy/1h9BmwhevuFCGnQ2biZMlDTZZ3fjslucqi43V3WjCmRze7NLHr+XE2DQTKfiq9XbT2M7UDd5eM9ki2EzetSpTSbqYlaMPZw3xm9Nzm31+74TqRRki2/+42l1kmnHjUW3q26HuK9yqiqMyk3DRfCawU2y412DZTJCbNJxhfXPNPr55+mTy/iP/8SdqJtLkjZOfOWnjk6fJ+79l7eCjhoffx2ub+GwZWogRGxiYyUhZujkBVyHmGJsJUhHaCJOxXMf6mKEZfH0Wfvva/lu9QQSP3OCJMrUSdw1ncx8v9T3R1sfZBFdd3XHn235X2tv4Yp3I6h0xE2l12nu/9XJ1uzZ9PfQBocEQppkgAoH/1nTP5e3Fl3r4ZiJzlq2+jpm0l5XhTC9sJnJN6NXHdDGruANdteW96J+XzqLEopkET5+ruuPbxsY6anaJmcjF2enaTO4YZ7ku66ccTT+znM2Zidg+YQ22/3EFGMBqbUUMfwy8aRHYXZhMprTv13w9IvDuYBjBv/pNJQvzAm09jesI+3qsPs+52CbXmQ0ONXZXGGz53TGTcNEHhAZD+GayFls3k8s6M7GEMhOhzERONCwziW0zedVRu4NaIu0aM8H1Usx7U+m7rN8dcB7YQkdqoZLTTd/qbU5MmiBm0iJXLaM1dsyHbc0/piUmmOsC+DXktAexnLto2ZHUvUzu8GJyl2Je5ymUknGeBawo/dLnuF3/Jc+7VjQFAAAAvC2MI/i4CzgfGnH7Wht9yMed//U+m/nmk4tt713szunGESFagKb2VHZUkCYTH57voSOMnl/jzguldKvjhxrJ46zn1/GlyavXOpgFTY/EnW+Ly+t41KCYyVVnZ1xeW49cHfJqcdt0N/q0EG/a4BgfV3SxujS/uOkQSh8QGgxbNZOng8+RGBT+vZqnoMm/nv9ZWGRD2M867zx43Nr2uMJ243TpY5qIPqr1cX9D+Y2zZxUzyb5429vb76m7nX2uES+EzeT6+bIH3t5ORVEWvdnnbnmfDpdcLMs+S0tUVGbSWlrmfDA8+ZK3adndvOq4vbNaIu0aM3lHSSUiwd+J4StM5e2nJWImXCBomT6SCmE+I4u2cBDKTKiZpJpZv5NSWw5tvUO9ha4SkepDAAAAAGAcwTttzDfi8n5lI7KZ5Fygs4KPfunAbY8nfFfJyy8+vNAb5xpF6by8hXLf1Rb3s+rhFVdMHm89v2Z4FIPhLoQ2Tc1k2tPziNQf++R8B52FzKRnvRplxscVPURvC3gR3uRdHLp7lD6yIkuIsg6xNhewc4CZRC/LdbTveV9+Cm18L/YzK6lrc1HZEKtjTbhtKUI5id5M2DwC9RC+uu2wpu8BAAAAAAiTdSL4V4M5fUH2l8DNBJdsyANJoSriP962knOhQ3ruUxWYSNKTOx1xl8X2dEHacAWZiVwIg/ATq8HItblmkYfwDdFZKEVefk3WOa6o4VnrA2omA+u5lgZ9QGgwbNVM3J4e0UnOnPt5ZPSFdqHIAWYStYCZRC2BavwKFwrtcWUzZrJgTkj1+f0Ly1gzcILeTNIsXvzuQcwCMR8wEwAAACDirBfBzyPf4KUWkmAmh86TN7AIxFmfPHk1iITkvqsNrUJLPBTWrs0lmInEzWRIrs2FPk2Yj4klM5FWZ588fHSlVvtlros+IDQYtmom2wyYSdQCZhKl+C7RqlwU/PIXX4jaXMICajMZsWVWsxqlrHcvnZmgz09XV9kCMwEAAAAizroR/HHS6oNPcjNB7pH1cHL61fzQkwE666K17b084gyvBj+0KqsoPPftvfYEreKs6HxPrpqlMZPjeW1Dc0sLc/69eaw2l7T6fK8dr9XYyDYUU2YSLvqA0GDYZWYCRC3bbybll+2WUo82NTTBSbergvansDrX21BhybdXtNA6h8H50c4Cq91SVCE3VwvWOK/TBWjKWHsTmrQUucrdrJpiVxX+BIvVMUU7EnwzSVNsVTiLxV1qx3PlQVwFLUBXaS/XLoCwod24xXp9iBQ5SWax4Tt5y2SmJLSA9xubCfqEo0n0DS0tP4Q2E/z6v/pc/GHJab6YKzNBZ7+sxIFOk2dI1ZSr55Z9UpwGdhXhnL4XHnYP2YW033S4xdoMq1OWfBdL8daK9yuc+GbSVoTHi53KWzYq7PhX0CO+PceQmiLlzrarKbC3bvpS2WaCCyOf/Gbg/fee/vEkTRh5P25AHtSLrsly9RdTm3xDxY4QqxH8rjmuxcHble7Cm6KdbQh9QGgwgJkAkWGbzWRpyG2xbthMJjwo6KdRRW+Vw2K9PjY3WmzFD86ZFiwMXcOTXXcrC27305TiW5756eGCfDtNsVhdvWSBIqudvBJn3HK5Zn5uZqzXbSnFbwbAKkJSnEU43Jns6+56zAZnIX08s1XQAnwVvgzdx5nOGnxEkTYTYGtMobNf4e6eGu625LN3I1J4aPu6s1JMB3YFETQTW769kVXooPTXFNptbrluSH9DgZj7IAtAkb2WJ751lp6ie4toJo12u2Ims8P8XtRa5Wqdkyov22ta+sfmZipL7K30rSYvWgt+duNfQdE27rYeUagIyLhQCh0X/YolUsWyOrhQBcfb8JcvGNe6WGxu9lLOaGXyi7hnpY0LvY3jx/eOkefJ4PsfPnM1Tt3Fg2bh3c6uieA3yW45rt3RAh4AKNtsJmXuURRbbMxMgpaSppFVL40qLNZa1kvGandZq+pewJ9wDJyVqE3BD0X6l2AjMYfysHzhqVS9G3vK4iIPCr7KCw9dpUIIVgjByp45bDhgJtGKJpalkxXFLBIikWhwpgcXr9lukTfZSV50lpf63TgfemhxachTjhYuvM6K5vzduKTO6uh6i+3ygDWJqJm4LIUN/XK99i4X+hXXcjMpt9orbjd45LcWop+/XHg7bHG2sVfEv2XKnR7xriUtdY69Ee5aAgX519UJ4+SO1FtJ8nEQk00unFsjg459srPWVmgvKG1A1z8aQVd7ZQ/u84jf4iylrW4XLoWu6zN6Uf36+DstJQ3ibpdftvd36u7SmNGCGrybSy/ZWXCynVlBzwL8f3WYLhB7DBy9iv++fxJ3P6Vj+i9x0uIjXJbyLx+uoKf2yQ8H9v1m8CReZaH0EF5l9Org+4dmSo+jZUb+zvLFJ77/BE0+/ePxie5N9xUbcXZLBL9ZdstxRfU74AFAwzabiURii42YSV0JfSZRM1mx3ORt2mZUGrDaT0tIODVFrMyE0u+uLGC55kH0lJ0KzA26Kyu9uIbPpNtFUwqsqmx1FKPINxu2ClqArsKyTguvl9UqbezATKIZ+ewz5NB2HJ01moJiUFsTiYRmW8u7VqiZjJCAtbLQ3sNe+zWFr0AsqPpwCogM6GsvuOzw+EZH2msL2A9qhZSUztTYHe4JnH1OT9+St5YWaKCfcNFlx8j0zPy4l0W6pJSga3iy113DPoSayeq45bKq3ACdylanneVBoEC8xD0meWUzGUXpr9HPv5hl0itmgq6E7TITjGgmhBBmMuqu7FdV1ppprcBlJs+aivjl6msQ10KHw0x7tpXfjStJQbFiJvJIhVUoSgoX7W7r848kCZ0OTZRXTvdBcEv8OUrwjn+qznL3/PSwxVpZbGtAF0/vbRf5FSOz8uCScP0VEn2sdufQMhPkG0/346pcY3dVXzgyk3H5mTawby8dWXJ9MhUUzSSOnlO0MGmNeH90/cfs9rFbIvjNEqvHxdEHhAYDmAkQGaLVTILyMtRMaBYgQ1y955aDvxeJsGgpqpVTxtHDtaCksrGf5flNekg7EyV/MUhTaoZUb50tFgpGNAtM+bqn5mba3bXFVvuknNsKZhK9LHnlGJehNxMh1hm2VPXScIdO82XwYuiqW+lGGjM4v9Eq+8CmqMDO30DHLfnEIkbdzk7STAh5BVYFdvoKWGEXjjvLWsjbDUgALZFsBWqVEi9JIHEtOpXqGwU2k9ddNZb8CjI1Wnx3VOJmMuqm0S3XWm4m/Q2uyr4tvqR6M6xvJivokDXVlmy0qESM/tUFR7QEmOAtplouX+2CmdBvJjL3N+1uhzKTYnUmAsJiJfvwrKlxgqUUqD5n7UwEwUw0V0jUsXh/9HdxdN9n7jZO947PddxGciJ27opkg8e/A++zRimS5+TzUZWZ0GSWIj0Z+IS1G4wGYjWCj9Xj4ugDQoMBzASIDFFhJqzCtPICzUqlFaZcm4s8ZgjjJHzEjDW5GsfFcuqAxap92mEmPGWtM0udlTTbFQkJzXBFC9OU+Z5aGohgZtv4k4yvghYQK50ThnnJTESe3EDkeTOqvdJCm0lN+9zMPB2WAkZmQpgZ7kSy2q8Oc4GtUyH7hkQCWUldd4uGtiilwGpvl798FHfy9zPTkyXE3PLpe+EpKHIU1Wrf1kWKv4L9NY4x3MTEQYpBmJmUyyHsSMP1dnJjQB9b3o6uEK+lvJN/wnawnpn033ZwncPMd1cU2edpVCvXQcWgzxHqCYlmwr9znZmwIqaI3N/WN5PZ1rJWduOllBfJBTuGZkLH9D9VbiaaKyS6CAwNZFx+pa9s1X+RlqJQ5GIQzIbNBPP8+0MD//bFZBS8mzpWI/hYPS6OPiA0GMBMgMgQFWaig7YB4AOSE6WdyUqn3M5E6yE6UeHgpy/aLmkHj2kvx48oFGTIKSv80Tt29zqXFGGVFbqKQL+Y17j1JzcQYd6MNpbax2gnbAKhzMTF4x6CUbhDCY57SBY7EEk2aCblncM46CR3A33cGdJMLKVN+vx4VjHvWVPdM1aRiYfp4s2H5lPwMhNNhwpvnfXMBEmUeCkiLSm4xUNa3KafjiHFUrcz4d9StJgJUize5gcz360ciGFtLjqm/6nuCjN5nhEXQksQ3TnPBZ0I20zwnN/FDXzdKCTsDLEawcfqcXH0AaHBAGYCRIboNBMBVmaCswaFvrloExGhmyzcv3BZg9K5Fgo9nQ2tU3MzvS0NaBVc4u9rKCp3z8/N4J5qiNIU5NtpSuPPrBa7hJ98rA4DRl4FLUBXsZW7x+Zm2kl/XzzTPCJPbiCSrI5bCivrutjFMDKrzOHB7mCto843OelfmemqQVdCe+9w1+PWGtwRwtrhzovWcmcTuqi67lZua5WedwO9maCQVK7NNSzW5lrqqaH1rPRxZ88tB6/Nxept8nYmTtXbCXiTIfTTlttVkzB91M1LTfFc8iHcTF57a9kubQ/GZrLaL7YIR1rSKt8Aux6TguXZNtY3F60WJROFZqLaw/nuoipxi7g3FPxf2wJ+7Z/qbjATpCXj9awnLtIZ1/izvzunOoZIbS7WmIQSlpncf179aHlmaHBf3NDPW20mtHViNYKP1ePi6ANCgwHMBIgM228mAAAAekKYiSRNPW6wCC/oUEpRlroLbnaHjDvdruuqNx3JOe6TTa5GOQNCEsykvZy308Bhulx+wqCFqEILeNwOjXWZAGwYYzOZaa1QenDWv6dFwn3iofECu1BvjSy6q83knWLw+fZ1G7GdxOpxcfQBocEAZgJEBjATAAAAAADeHvNLb+YWQ1Zc28WgI0LHpU2NLfQBocEAZgJEBjATAAAAAAAAQIM+IDQYwEyAyABmAgAAAAAAAGjQB4QGA5gJEBnATAAAAAAAAAAN+oDQYAAzASIDmAkAAAAAAACgQR8QGgxgJkBkADMBAAAAAAAANOgDQoMBzASIDGAmAAAAAAAAgAZ9QGgwgJkAkQHMBAAAAAAAANCgDwgNBjATIDKAmQAAAAAAAAAa9AGhwQBmAkQGMBMAAAAAAABAgz4gNBjATIDIAGYCAAAAAAAAaNAHhAYDmAkQGcBMAAAAAAAAAA36gNBgADMBIgOYCQAAAAAAAKBBHxAaDGAmQGQAMwEAAAAAAAA06ANCgwHMBIgMYCYAAAAAAACABn1AaDCAmQCRYSNmsgwAAAAAAAC8U+gDwrUHMBMgMmzETLTrAAAAAAAAADGNPiA0GMBMgMgAZgIAAAAAAABo0AeEBgOYCRAZwEwAAAAAAAAADfqA0GAAMwEiA5gJAAAAAAAAoEEfEBoMkTWT4PmzZSWPVrTJwDsAmAkAAAAAAACgQR8QGgwRM5Pumqrss87/lryWuufaeRvh+YPsM2XWpmkx7fyZMnuXmLAm2WdqtUlrU36u7JU2DdgqYCYAAAAAAACABn1AaDBs3UzeDDx+WF58HXnFk7mgtAUzOZ1bln35oZiWffatmElVQdlrbdruZrGrUZu07YCZAAAAAAAAABr0AaHBEIaZ9CMJEYZbk3Ni9S3vWcfDJ1NBIWVjPH9gb31ccraMJ7x+dLvB+yBSZuK96RzTpsUU5ReVr25HADMBAAAAAAAANOgDQoMhDDPxqs1EowRk7rkmdeIGeE4kpLfR6SVW439oPVMmddVSM0GWctpaO/BysuRvZe3LOGWs7sYdh7Oi6bF3Fk/S3bCfKxt+Qz5t0Zv9typvb9/Zs2WnHV5pdaWioOzJ7Myr2Rk0846VBvHP0cjpszda2x47L5ZVDZO01f5sayNabLit9rSjkyTtGpCcnL3Vr03dLsBMAAAAAAAAAA36gNBgCMNM3lqZCZaQ0WwkEpI03XQrO7eRm4mCt9H5D/wfmUm29QFPxmYy9zjbyozIe9PZvohH8OecuS4RG+FlJqKZVI2RXV3sPFuN1eR1axVTFFyXbJ1ymKhjsX8HS07ATAAAAAAAAAAN+oDQYAjDTDAopqdmMvnmzUDbA2ck2plQCcFFJbjt+3VsCNxM5p423Ko6fRZvkaYgM2lXVkZmgneAT1pV7oTT1zITOe05NaJX7lt35N3HarSreNVRe/pclTZ1uwAzAQAAAAAAADToA0KDIUwzscsFJjyF9s21uGUzabhcNi0Fsy/ew0UXspmcR05S0Dg5O/Pq6b01zKTsSd2NO7QAhJjJK1J3iw7Shs1EWu7Ltjb99+rKdG+TpSGsA9kxgkhL7vhIUdFOAGYCAAAAAAAAaNAHhAZDmGZSVaAURwhs4X0msplIy4/PF1xv8JNxZiaT2QUPqFd4bzrXMBNc86okt4wG5mgxbikUj21jZiKtnC57LCfuIrCWaNO2FzATAAAAAAAAQIM+IDQYwjQTqbfxNDGTdlyDKxJwM5Gk01x45DKT7upbZ8+WZZ91Tr4ZNjATFKBnn7leMYh3qfXWLbR7p/92w3qLNGRfnaaVwSbXMZMgrwN2+lKjPDfqWRzVpmw7YCYAAAAAALxVBp/P/2NwJpYGdETag4w59AGhwRCumUhPy8+RCP7iPe2c3cyYu8pe19na9hgN1r+VeVe1CwBrAWYCAAAAAMDbY37pzdxiQJu6y0FHhI5Lmxpb6ANCgyFsM4lNaEdelLE7Nzykh2JgI2ynmaSZVaRdGdEusQFsh9WfctimXSJmcGexL+rzXO2scBm5ktasTVuDERvdesrRU9pZaxDL5wJ42zSdMKnRLrAB5juvxaE14xP2H/1GOw/YIcaKD2w2HzTw7F48OpHx+6fluh2DN/Hl8emZetVyAvOP80x/VrZz78Kn+BqKP6DP0+6+kHZCeD/CiX+PN5ni4v89W0mSefh9fP2SMok+T5yUpl1oG+JHAQb8YxC3HI49YvW4OPqA0GAAM1Ez9/RsLikLynU2PJnTzgXWZjvNZMGPocE2GlnYiED6b6CFxYTAK/4hZjz2aiPZMB1oYW1a9OPOslF3W6hK+qlDMzM8NmUmWW4yEvSZP79BW5AZA2YCbB2T6YA2aQ3yfquxlzHTZy5xOlB9bLMx8TYQXz73TwUzdEDj2tkCyfuPFPTwqefJZ1uFmbuGzZvJ/NgQEwp2MSzV7zvfh0e8edmPlOU4SDY+K7+nmElf3rFq/gmqx0feH+JcTSVcJ1zpJlld5k3pqosHYdpzwvSHa9PK5DFxMu8D04Fvv9mimVSdTEk0m9mdVpKyks3m32f5fR3mhHRxsS8TzLZfOnxtjpy0RAd5KJjNGZb6ujo8tIhLYnyXzOYUC/nCEM3fmVNSU4U7uN+RgZ6HWXx6e4jVCD5Wj4ujDwgNBjATIDJsp5lQqJnwycBYXWKCOTE5bYJmjy14U/aiBRJzrrT4O21fplAHMWviaZrIJx1fpyehG/zeFO8CTVhIxzd8c8aPNvT56G5Ol2eB/m6Bm4k0Yv6OfAHBCXpcib/PpDO8zlP4wBISmyfIcoJ4ZPHvZ6IZfcPoywnQBfwt+Av/fYa8oJT7eSr+zMOneAqGmwlRDroj6HvGm9ubyk6WJGX8nuxPCn6OcjNJMifRhfFJSUi0dW7EHgEAozaT+TRznCluH8s7n+/GWel74kvQFdVXSItWhNBwTMw1l6RpXH5CwN2oTNbH7zHFmdNOOLvJ3HtoxWMf4EXwog1/xcvtie/W57FHGq4ldNDOFkj+/Fzy0VJ5avebyeTDhHjhS35WUvJsfn88Lhv59EJoeTlAi87ufVPyjCYMxv9IT5+Kvgufimd/zHbgnnyDOkE+4cAeU8IZvGJe+jdou/yaoXMp8aZP+Thh2vSn+njTvjw5xEfXmji5z5R27ZHyUeGw4DUnf5kumIk5IbOKPMKqjpvFzKDAsnwLDXbQXCq00lp5TL7C1NzPzUlnWGYWMhPzV6cynPLn+S6lmtPATCJFrB4XRx8QGgxgJkBk2FkzuYRDYnOzX/LfxTWXUDSMbplphT4psGBz4zspiqQ1ZSYU8iEs8q77CoW/6Zd8gQDOKzLjmPowWukSup/brpC7N6kWJa6+O5DNpOqrJJpPpkC1wXcps5qp2KXDZiYe8iKymQTMqRY5DS/AHlHBZlqbDn17I+wp7jd/VceX5GbSkZ+e5cHPRfTAo09NiVTMQ38zE1TfKjKTBXdWEttuM3/cAsDGUcykL2+fKZ6OoogQu4S6ipdmEvFZgunTM0rOt5BbHzB9kEfH5htOkODynrKhpfoDRYN0NE33mZGFFpjQcav3tXGxSfL+c6P2zKvst8/M5PhHRw6eKp2d6E3+6CRe5pD1MV34oyNVs2RsoPTyAF0lKtCXmaAQH/97VmL6wzWacu/PxB61TNNyjL7z+9jpQeseKAm1pCSaSfWXykl0pePxsUf3+uiXI+Htcp0Qi92oo3L6LuyrX5K6f4w3xbOKXmi3USKbXKo/VhsQPypssCWwWyW7J2PQ7dcjtfygPOYYC1V0GXO6g2RGhcBsTpVe4nIROonN5LvmJJRIyEkyZ94JgJlEilg9Lo4+IDQYwEyAyLCzZkIFg4MCiI7zRFYSEidIJtFGzETTfAXdtgOduXS8box8yq41E0uP3+9zpOb7WErQn5HGSpHQwww9chRhaQOl8wAAGpVJREFUIRoTwkyEog88pSzAymHU357wuBqxZf7i9/ubzcdZx9ZKIQx52o2QfDuegjAnISv5kttL7mFcnHLpF3nnAWADcGFA0aoITppFOmHKu8lyrfVmggkGTvxrnMmUIIkxsSqCpCHsvQPFLMRFi2k39NbQlJMYF5sgM0F/D+4/QqaombR/cYO9sGvwyrF2Sfp2/5HjlXNSsPUvnjfJ3zWgkLn2uyNR1SZXOQuzfft/G0++Y2Ym/KTo7QWRQE6iFAkzUaG6GAKkUC4+7fv6fdh+FUzMivuQvdACC7Lb09f+gCfRX5wUWTNR3asFSyGQ+3NK+k/sbtxSX9fh83s9DjMpoFZ46aAr+sszLpFbLzUTdOfvwDlQAVqWAmYSKWL1uDj6gNBgADMBIkM0mEnKxyl0oIk5JKI1pzukjZvJXvYJaKA5SVU/kpCb1tbdtWZCy0zMCazmlS3dfKneu4Cfk7hEIlJmQpr/UGSrwPPZivzJt76ZmJOqjqMTZ+MpgRFckewGDysAYD1UZvKvedMyNDEwdC9+j8k1hMdDmwkiOFh4wNS3GTOp5puRN/SW+OdCRUUW3vwPGkcp6kUUqJk8LvhjFd4pYiZjruT9R/jwABeoHkk+7ZZaztWuSMkfnUOK8tePqMlEC+wsDJUc2GOq9+K8oo2YyXzDiRMN8/q5poPrm4lYAlNyQHeRrKETJtMxYSogyuq1SboA3u1A9bHqJSmNaswaH7UpFDNZrjp1V07139CUOaO7c0e9IzcjJcst3KVJvS9WbYvgK0x1vCRjy1UpJEuLmgkylsw7AfQ3l7yOAcwkUuyq4wrMv950OKcPCA0GMBMgMuysmdDaXJY2XL+ow3lDGqu7dAVXKJooy6DL+MtxYz0cMwufIKnNBNfmMidl/oKjdG89Cosn6i7bAkH038GWIUUoE37/yEba3EcPspkgnaDNGZHE0Tl+ZwZ+bo3YeG0uSyquzTVRls6LLOTvR1ubS2Mm6NtrVj3pZGQzCbiz6FbQuvzDU9eozYX+Ltw9RR9+SjqRTADYCOraXLqwkkDD0zXNRJqv/pKZST2rqSjU5qo+RmtzcTORluoTVA1U3iK53SvIRqze11RL0IBStAvJUDORSLHJtw1L2EyCrZ/ZVVnpUo/14P7MgkPYRm5mHhl1ZiYfsqoW2GmoV2DP/C09BdPrmgnSkm+amJZggg+NW8AThFZGk9c0LeDXqs3FmW868c09uS0HqcpFbYQwTS8ettto5IMDaU5isKE+arMItbn8rD0h9p/MtXod0UgFekQ2C2+nSzKbSbN4PNBHADMTvGIGeuDSxcBMIsVuOa7Hd92FN/HQ9ko7yxh9QGgwgJkAkWFnzUQatKUnUMsgiaSdCYOGsy+xXZiNW8AvNPOVSCJpZ0KhZSZB3DeXefe2gEf7T3rHQibQ7PPXFX6ZlJzECjQSUnx+/4S3jh3pyxtJX1xCy3Q4s1KT2PeDvmGHx1v3C9YGvZlIL+vMKV96x3wd9XVpZ4RuXpTCFr85ORfXBAiOoCXx1uov0YKRkSvpaT86WrwTVVdOSbKZoPNhTkaPvRbcmYwf70l62e763oGdRGwB33dh//7vr415731z9BgKbrMPnhicnn7o/OaADUuF6zOTa2B6TIkg7524cK2+tv6v6Qm0Npf0+K8Hzj8cm55GIeeJBJPLO4bW3b+HdsckmAmuOGSqvtc3NvAw70tl62+JTbSAl83kwen/TP7oDKnNtZScdu7BorAQKST5bP+3aBRpScF3R6KtoTy1jkDtMZPJhE5f3mcJxmaCJAEtgc4jHeSaVAl942NoVVqk9WkIKVX1f2Das39wehCd7gTSYh4XfPCut0SdWEJ7NH3t+/1xJt5JF0bT7Vs8qdnFzSSedx8cYTPRtYAPTHR4NLVhF8xJqk7kLx0W28oHzEk5fCInCWdXcTNBk0lmVvwOZhIpdstxeWqYmXheaGcZow8IDQYwEyAybL+ZAMA2ID7v6SQl6eN03rEYS0nLyHGyChE5R5NQSmJyupJ9SqCdkuXU09ZPuMFP6l6zeW/aKaeXJrQU4sI9lKItf6I9oR0+5eiR+yoI2RMa0TxSERyDgglx1im8V6z7NQ3picKS8l7RLTnSzdqdAaKD+PK5fy40Ki2hcDNBLDZQM5Gk2cc3T59M3n/kP/50hs6avHHyMydtfPI0ef+3rB181PDw+/gQ3WltDV4CFgOo7lQLXttxfH+wdZIOYMrSzQm4nNxGO0VMTJLfbeVPI500mvemdAhe4ndm1In1ApbrUgt93EykPguu0EWIKjMZb+x8okytxF0bRv+Ol/qebOGV2Vdd3XHn235X2tv4Yp1WV2jr49q0TWBwXGFQcW/uf12ZRcP/55zrnolo6LU67b3ferm6XZu+HvqA0GAAMwEiA5gJEJPozUTJmDSzdwXwbo5HLuP6ch0/JXm5tHysVIHzl2fQjMyF6kza5odWZqMpuFa30EmaWc6VZJMJmeT/As0EFfo3WzBniJXcAubUSxKNRcxJtq/ME96WSx6cXveV2Uf2ypKq9ASK8BYiK0mypctmgjsD5VU1Mkhd84B6EwCw3ZhMprTv13w9IvDuYBjBv/pNJevXIdDW07iOsK/H6vOci21ypkxwqLG7wmDL0WImq/+vuihVHnY+m0EfEBoMYCZAZAAzAWISQzORI3j+asgRW0a5X+xRwJyg5CmidDlfsiOX1JFT5gab0YoTZem8qvcpVV8LE7ziuHT31A0/Lsfg81QOs1xHe3PGFRG/bhbKTFqy5MY8SJ/Eihy+woysu360PJ2cwNmrbK/QPqC9kvAmWFehAAAAO4hxBB93oZeO3L7WRot14s7/ep/NfPPJxbb3LnbndOMwHS1AU3sqOypIk4kPz/fQEUbPr3HnhVK61fFDjeT+3fPr+NLk1WsdzIKmR+LOt8XldTxqUMzkqrMzLq+th1bVQ5PFbdPd6NN65PkhMD6uDfLKq7x9VTPse/hau3TYrC7NL2pqA6yPPiA0GMBMgMgAZgLEJGuZyYKvKuVH1pyGm8lCdSbuYTM4Yk5MD/g7bF8kib0C+PJTWD2rlzcysCcEkDzIM3Gj1arjim/c+FwwE11nO5mCt/AXDkhkE3SfAp6clARzutxQVeqzpPBGWZ1Ii7T91HEzwb2iyXuF9oEaEZ8LAACwgxhH8E4b8424vF/ZiGwmORforOCjXzpwK6MJ39UpPP3hhd441yhK5+UtlPuutrifVS0b44pJW52eXzM8isFwF0KbpmYy7el5ROqPfXKeFU0jM+lZr0aZ8XFtEL2QiIN26bCAFvDAbgLMBIhJ9GZCXs/ir3PmJh5ldZxoOxNzQmLajySmX/CaUzKar5xK22t2+FR5S3JLD6/l47diJkghxGdp83fmnMOJuOeArZkJ+hyl+hcAAMAOsU4E/2owpy/I/hK4meCSDXkgKVRF/MfbVnIudEjPfaoCE0l6cqcj7rLYbUCQNlxBZiIXwiD8xGowcm2uWeQhfEN0FkqRl1+TdY5rY+htJOJm8qz1ATWTgfVcS4M+IDQYwEyAyABmAsQkejPhk1wJzGkW5Cq4g2kCCu5H6HjQL7cPUbNcRdVCqQYmjZh/aBGrgamLKbQvdRbfCZNmaCasEx7SWx1Lxa/lYS1kOHxzuJ2rvFe4StgPuAwGzAQAgGhgvQh+HvkGL7WQBDM5dF7dCT2aZX3y5NUgEpL7rja0iraVyNq1uQQzkbiZDMm1udCnCfMx22Ym+8hrjkIPhZss41iL1dknDx9dqdV+meuiDwgNBjATIDKAmQAxyYbMRBEMDG/RgUjRvFmZkJVsTiIRP/8E1gL+pUPTAn6ircVHnoaaFvB+J2tMr2kB3/FTEq3NlXM485Kzruors+N8Ou1tueNMkqYFfEub0kuXIkIvHcpxsRbweO6mqxUDAABEmnUj+OOk1Qef5GaC3CPr4eT0q/mhJwN01kVr23t5xBleDX5oDZX38ty399oTtIqzovM9uWqWxkyO57UNzS0tzPn35rHaXNLq8712vFZjI9vQtpmJJL3RCok8RMhLwkcfEBoMYCZAZNh+Mym/bLeU4l6HNkBw0u2qoP2yrs71NlRY8u0VLU/prPnRzgKr3VJUITdXC9Y4r9MFaMpYexOatBS5yt10FamrCn+CxeqYoh0JvpmkKbYqnMXiLrXjufIgSeO6FElaeko3WvmYvUaB7pWl0CXvxo6BviujlnrvGLybYDN5GY4yKfSzqTETZAvppC/OxOQ00j3whCwPEzgxJd2vvNFsgfTPm5p5hT32vFcyyYen0mXSE8wp9Im44MW9Bv8+k3YDiqC9gqIUOsnw36At4CmaXoNJX8aJdfj12RKuS5b4JZ+lLqJhe8X3k7+aM2bouWVX3l+yQV542D1kF9J+0+HWvH9gyVtRpHwJdeUVRYXy3ekZueORQV4rWFbiQHe8wXnl2jWmpoh81O6nwN666UtlB1gYeD9uVH4ejrwfNyAPqqXWZrn6i6nd8AbhCEXwUUekjmuy5ZUoJP/P32cLBrbYSZmaxcHble7Cm6KdbQh9QGgwgJkAkWGbzWRpyG2xbthMJjw2q51GFb1V6Pl6fWxutNiKH5wzLdgHuoYnu+5WFtzupynFtzzz08MF+XaaYrG6eskCRVY76d5i3HK5Zn5uZqzXbSnFbwbA4kFSnORJP9nX3fWYDc5CtJUVIcVNUqSay/bG3lH6mWQXV+he9bfU2tzaUuWtU2F3oMPsESJiDhI8zXMXzCTCLFfx7v/fPqzXYIrGTMJF9ZmxQQTNxJZvb2QVOij9NYV25Vfc31BAw32CTY74i+y1PPGts/QU3S01ZtJzC90J2Zew5K0tutbk8Y2i+x6e9tbWyXewSRLVzDyqLK7qHPO1Woq2cbf1rE5Z8l16xRIfBEix0Ndbie/comKx1yPO9OCUYtfGHhwEi82tvEozWnn57V7RTAbf//CZq3HqLh7ExWKASEXw0UakjuuTy7Tu1tvqJhhawAO7iW02kzL3KIotNmYmQUtJ08iql0YVFmst6yVjtbusVXUv4E8vhrdWn4IfivQvwUZiDuVh+cJT2ceXRkxZXKqXg3mu2WmKxcmLd/vRbkzdd/G+O8qFOCYSrHS57CPkw+tKVJ8801mDvKi9ShuigZnsakaupNNaW5Hixucx+KbFiJqJy1LY0C//ftHPzXJLyV8ot9orbjd45DgB3THkwtthdBMQ3xf+9ih3esS7Fmap29m5iH7p9EtA+y/Mw3cA1ZfzwmPLZzUG51sraMxPQcc+2VlrK7QXlKJPCNpIqUtlD+7zqEK+j1lKW90uXApd1zcnrLp5/J2WkgaNmSz11BQU1rIHwWxbmdWuuvZ7atS3sv7iBqJeq8M01ylGCD6ZmkE2opjJwPsncfdTOqb/EictPsJlKf/yIVLO5yc/HNj3m8GTV9GshdJDeJXRq4PvH5opPY6WGfk7yxef+P4TNPn0j8cnurcth2VNIhXBRxuROa6VZcfAyqt13gm5JQY896mZeDdZwqYPCA0GMBMgMmyzmUgkttiQmTxrasQv65bNpNQjP3THLVWsvz8KkhZxcrLJpU4JjjRcx/4w11bWQj8jaLHWoH9Oq52moFW6xIJTX0ONOkgsyHfQFMtNbix4N8Q4yV0aWTPprWTFMnj3xKfxUmcNFby1zGRpqAkHWC887ukgij9oqctMTwPOgyyqUK8EANECiokr+wK2Ilzfckx+SA+24Au42NlEJ+XLPoj8vMJLYvR5UsFSCKBrnNdV9TxlM6krtU8K/dKg6Lws314u//Kd+Y7K/m5uJugW0bXUX3yXlaooZqK6F7191GbSXm5fUgxkXBOmoxsF6U9VBpuJnEeDPkeIeW3518uqWvvHZ2rs9t72mq7hyfnpYUv+dUk0E6vDebd7ftwborhjUyx1orOp+ZDyQjtSLPogGLt7fV3FqpE7W8Iyqczwor1d6nfj2mtDi0tDnvJiu6XwOj3v9DSFvEKiCpWZ7Mtay0zGv/piYWZ81nVypPrRqOvRnOfc0L64gMpM4p5+dXF5Zugpqwk2PvBJ1vLM9POzJydYdeadJDIRfPSxa45rdbKt4UFhFbwDHtgNRKuZBOVlqJmMW24p2Z7i6j23HPy9SIRFS1GtnDKOnkYFJZWN/eyBNOkhbULIA5gQpCk1Q6oKncWa0o9RNw9fbFZ77/jMyGO387ID7ZJoI3pV2BLPmop4VOFr0EcG+s1RM0F7WEC/qxceS3kn/SZQBMYWXu0vbop8rTMA2DoVuL0Wi1At+SRzYdSN4lc8sjpucXW/li/7gnxW7Qpd82UtLBqvICbPSxolvBj5pRMzQT9V9Y0Cm8nrrhpLPnX1USIhXmYm8k++QC5z4GbS3+Cq7Ito/W9jRDOZbSvvwd8GC9xfeIpKXCPTM/NzM8W0wur8MJKN+bnJmmsOpG2StNJb5ahsH54f7y8qUrVXoYXGBC+/IdC7mWIm7JshtV6F2294iGay1FlJzwW9k6MtlrWOFxdiqZgn5w6dZeoSnqfk1r3SKZ/loNpwsJnQ011ZaO9hp2WK5h9xM9FcIdGGaCYzdxune8fnOm4PvB8ndu6KzITHvwPvn2RjnpPPR1VmQpNZivQEmQlbMgrYNRH8JonV4+LoA0KDAcwEiAxRYSazw6RuNCmvJ1QqrTCNykzGmlyN42I5dcBiVdfjokx4ylpn0OPQjQthEEFagxwtTFPme2q5e+CqBfKTjFIW8nm20unsXHmLZSZhmUlBEbIsubRHqMTCow2N4wFA9FAh+4ZEAllJfZHTkJTGrO2yY4g1GOkPUIi55Z/kC09BkaOoVptvTMoTgv01jjHcxMRBKmgxMymXf/IjDdfbyY0BfWx5Owr6vcj2+SdsB4KZ8LYizExWOpVaakKpAoV7BQUdiNgttWgm/DvXmQnbXKTNZKpALnmmDwK0M0qKerfby+20hIR2NFLufmrJr6RnhIDNhI6Jt1/6sdxMNFdItCGaiUL/xTGhQjEyE14zc8Nmgnn+/aGBf/tiUnm07hixGsHH6nFx9AGhwQBmAkSGqDATHXLzRzagB7DSzmSlU25novUQnahw8NMXbZe0g8egBx76i4IMOWWFP3rH7l5X1ezCAoOrfml43VXTOodrb/N2Js7ItjPBNTHkD1TXxKCENBNbw1OlyAjMBNhVbNBMyjuHcdBJfnf6uDOkmVhKm4rl0g8Oq+n0rKnuGc5xJ2ksTBdvPjSfgpeZWHSf83ZRzASXAIvDpDSstNef8KCjELHkq+5ajeq2ajtoJpP3Xbzwij4InEJNOd4whvK6s7JVXQPLUtwkKFbsmkl3znNBJ8I2Ezznd3EDXzcKCTtDrEbwsXpcHH1AaDCAmQCRITrNRICVmfTfVvXNhZ436NnMu9Ki/QuXNSida6EHubOhdWpuprelAa2CS/x9DUXl7vm5manhbqo0Bfl2mtL4s0MuTtFm2s20VPBWsIjJUdwNTjHuXoxWfA/yvrki3TQT5+ZqWsD3+hQZCWkm+Bk8ISsNmAmwq9CbCbqG5dpcw2JtLtx+moSw+riz5xb71Uj4Q5TaXLg+mNJ9BYa3wUB3g4Ia+uMlYfqoWyw1pR/CzeS1t5bt0vagaQFPYGUm6BsrsreTJiK0ELiyuKIXTc5NVtrs7IY2O4rvb+WO8k5VOfBOmonQBaKluKarbxy3Mynht1NVo8HGUrsY96EDV38bMWYm48/+7pzqGCK1ufaKy4RlJvefVz9anhka3Bc39PPO1+CN1Qg+Vo+Low8IDQYwEyAybL+ZABunkvQa3PWSFgStWKyVfNaaZiKRIAw9m8FMgF1FCDORpKnHuOcGXQt43EtVwc3ukHGn2xW6Bfxkk4t0qsHgZtJebpe7l8Vhulx+wqCFqGIL+GK0n9BYa5OEbEavZFHJ74kip2emp5a+JEp5DQuetDrkOyEnFszkHWHw+fZ0aLfdxOpxcfQBocEAZgJEBjATAAAA4P+2d0cvbV1xAMf//ftgCOpDB6H0QZihoUMQtmmKbamsSMVl0sDoQ5FtFBnO2ZK6IsptYm40Pac7uOSErPr58APN8UbI2+9LvBFm5/2Hs3e9L/6t9Ves/4r6rys8vV3ihTAxyoQ8lAkAAIF4IUyMMiEPZQIAQCBeCBOjTMhDmQAAEIgXwsQoE/JQJgAABOKFMDHKhDyUCQAAgXghTIwyIQ9lAgBAIF4IEzNJmfzxeK2oNYezOfr89uV6dXLv8dvPruZuUCYAAATihTAx05VJvXV12Ou0lcldpkwAAAjEC2FipiuT2nWZnOzlKJOD7fHfyVdEmQAAEIgXwsRMUiaHW2utTq8szxeqODkfZsnq3rtep31v6zB8wg1dvG4tNk+er++chj/h/0+ZAAAQiBfCxExSJuXFP8OvwyBZ+W5jlCgDHy+uL/xPPr7cKGrr5el+4/lxddRpd8uz5cVmdXJx1P++WGwdnlU/P3ixvXB5f0vjh1+rI+ZEmQAAEIgXwsRMVCZjDn6s/rJr+q2z0Y+cl4PmWag9qo467WKpfXVBUVsbfrMwuvLK1oPmpO/UkIcyAQAgEC+EiZmoTGbynsnvo3tXBtMd/pJOe/P6ppXX4xcUD7v9o8Pd7fpSdTL6kDDmQ5kAABCIF8LETFImM7nPpPtk9en+zu7lPN1Y7ZwPDoMy+fbnk7+Pq+mdleVRUW91fxs8/KmpTOZMmQAAEIgXwsRMUiaz+GyulXpz/GFRW9/6KyiTMvzYrlftlb3LgCnLRl2ZzNlNyuQUAIA7JV4I/32mKpPPI+T8S4c3Nbj3fUyj1mw8OwrKZPN+c/nhi53d/Qf3W61OP8G6xdL3J38e/PLsyfI3LWUyXzcpk/A5AADcavFCmJipyqTwP+AZUSYAAATihTAxk5QJxJQJAACBeCFMjDIhD2UCAEAgXggTo0zIQ5kAABCIF8LEKBPyUCYAAATihTAxyoQ8lAkAAIF4IUyMMiEPZQIAQCBeCBOjTMhDmQAAEIgXwsQoE/JQJgAABOKFMDHKhDyUCQAAgXghTIwyIQ9lAgBAIF4IE6NMyEOZAAAQiBfCxCgT8lAmAMBMvXn7/tWb49s0/VcUvshbJ14IE/MJv5MWcap0tjkAAAAASUVORK5CYII=" alt="Screenshot" width="100%" ></p>
<p>>>>> Screen Scrolled to bottom , and bottom to top</p>]]>
  </system-out>
  <testcase classname="org.example.Main" name="SearchOrder" time="6.523"/>
  <system-out>
    <![CDATA[<p><img src="data:image/png;base64,iVBORw0KGgoAAAANSUhEUgAABDMAAAIGCAIAAADGMlPIAACAAElEQVR4Xuy9+18UV57/v//B/vL5A76bzOxnd2ev7GTXz36+m3y3RkbHBCNijNExMXF0NGPMJHEmmpmYZNRMZwSJV7SFEASENF6IKHITBAyIIgiCgCB3AaW5IwIC/X2fOlWnT1dhC03Tcnk9Hy/bqlOnTlVXna56v+qcU/zVc8fuTkVdg6N9Q6MDj8eGRx2jY46xMQeYn7TYHxqTAAAAAAAAcMvAo8e3VGjir8xmY+JanNAMZwI4cCYAAAAAAGCykCcpVKGJv7ptHyJVdDhVqaqqY+hOJ2m4unPobtdwXc9wXfdwQ89wU+/wvb7Hbf2P7z8c6Xg00qvaksGRscfMmcCXzF/gTAAAAAAAwGThtoTzV7Xdw1zMe6j2g1TfQybkMfmQxp7h5t7HTb2PyY209D9uVQ3Jg4cj9oGRzkej3YMjD4dHyZYMj46NjDngS+YzcCYAAAAAAGCyuDiTjkes6YOLzIaqka7B0S761CfIgfQMjvYOMfUNjfYPjz58PDbweOzR41HyJI9HHbAlAM4EAAAAAABMFhdn0jc8pmpUk+49uB7yT9WHMCsyQm6E9d0aGh0bUntwqbZkbHRsDD255jlwJgAAAAAAYLK4OBPuLoSGnWJ9tHiTiKoxrpExZkVUN8IGlpAfgScBDjgTAAAAAAAweVycieYu3Et96ZYsAAzAmQAAAAAAgMni4kzgOoBXgDMBAAAAAACTxcWZGBcC4BFwJgAAAAAAYLLAmQDvA2cCAAAAAAAmC5wJ8D5wJgAAAAAAYLJM1ZkMjTiae0cq7I9vt6uyC40wdUjqZKrqGu0bxviVOQ6cCQAAAAAAmCxTcib9Q2N/c6DtuYP3nzt0/7nD95878uC5o6T25461P2e1PxfO9OPjLWvT+tal9f7o2wfPR3c9H939fGx3RvNjY1lgDgFnAgAAAAAAJsuUnMmBq33uncn/Pt6y4kJHx+DYw+HRxafvC2fy/MkeY1le4oNtv1+15k2ScYFX4ZuY7q3MXuBMAAAAAADAZJmSM/mbr1vdOJO/O96c2TzcM8T+JvyYY6xjcOT56E7hTDoHp6VP1//4L/6bH/89ybjAq/BNTPdWZi9TdyYJZ9JlZdfz5CZDerfrWtNHwgcb3ktoMaYCAAAAAADvMY3O5J30TrIlI6PMgdC/nqHR5084nck0jTaBM5kJTN2ZWELiQ4+c1nQgPu4mTy63hCbo6QnBofHNrmu5IT8hbOXKDYFBGz7cfTK9qt24+GnAmQAAAAAATDfT5UzWp3eQFVH/pjz7i43DI2PfVA3Jvbn64UzmLt5wJonOmZvpTmdiK9dTW9KOT8iZ5Ie+Hxj0fteIM2W4NTNw3Z+d8xMAzgQAAAAAYLqZFmeyNKGt7aHah0tlZHTs+7tDP5ZGwMOZzG1mkDOxp206cdeYSDTYtidNouUEzgQAAAAAYLqZFmeyJfth16DTmQwOj7166t7zJ7rgTOYJM8eZ1MZuy3lkTFR5GLj5pDbZfDbf4ShNCAkMYt29tMSRnu1b319JKWvez2kdNjiT9Ihd7617NzDoXWuuZFf0cjatcZaTELzzbZZzw9tbd1Xah52ZAQAAAACAK9PjTHIe1fWOjY5q1qRnaPT/nGiGM5k/eMOZnC4oLNV0IcnpTCKz9fRrcUee7ky+Ek7DxHaxqPnsvtAdcncv+gaB6w6ImeE626aNTmfy4coNzswNZz9M1M2JqZzDb7pu3WUTAAAAAABeozkj8YYxzR3dZdmWkPhkQ8+SruKEMtdnui35PAwLjrj21Lhr6njTmbxwrO4XUXf/9WjDv4Q3fVsx2tKvmhPVnnQ8GlkQc8+9M/n9jj/wcP964Q0R+pO+Ct43POx82PzzX7wiLyUFrnhdLDU7k+f+9h94yn/813/X1zf807+9wGdfX732x3//T6KQhYteFqvQPn97IsawlZ2f7xIZRCKfHRkZkXPSrMg5P5m6M/EW7z3ZmeyTnMmmWJffZX7ohi55Xi1HcyZdaYZuYM5NmMrZt/KJWwcAAAAA8CKTdSaWkFRj0rjozsQ3eM2Z/N2hxqjywdymofCbff9wvO3dy31X7489eqy1nFCsH3Kjb4LO5Cf/8u8GV7Di9TU8z1+CQw2LuMKOWnkGgzM5fTZR5CFbQinCmZi3cux4BF+LTIthEVdRsXZmRAqffWfDJpGybj2C0dnnTPZdd1kUu9W4FnkMzZnkHYhl9ciJVTSMmMppSti5M6HUtTUGAAAAAMD7TN6ZpBuTxmWWOpOvi4cGhtU/XTLmuNYy9JPw+5sv915tG7vXP6Y2nIyxtwZLf8/EjTMhvb1+45+/2iu7AsqQl39VTjGopPSWw9WZiNYSUs1d7WG2cCakf/vpgs//tFsuxLAbZj1+zP56vTwr25LVa9eJrzOfmTnOxE1vrg8lZ5Lg2jzpNC06YpxJU8IOPhxFlpbJVA5jZLjp6lnKE3sVA+gBAAAAYGC4u6uTZL+ZHl3UT/P23NSCu201+ekHU5rY8pb8MxnpZ7JLazocN2zxlvj8g7b8gjIKKuzZ8Uk1DzrzzpxOVv/sm+ZMmvNDz4hBuRLl2ZkVTfWlVywnSwcdDtqiJSSVPmkJFZt2PCGvkKULHxIWGl/S2Nn9oD74QAJPsRzPN4Q5B5PuuCYMh6Vof4HOY7zmTKzlIx2PtL5b9Hmtbegn3zBz8k3FSG3PWNfg2Km7wxNsM4mN+46nUDki6G9qbpYdglhLpPzo7/6RZhX/X8jZuG5XVIr8wpmQb+Epd+5Uy8WK6Z/8s59Ya1nQSp5IPkTOI2tgYPyh1vOQqTsTb40zISMxkRHwBkfhbAaRUrgzGc4MyTcsE5jKcaErN/DPucZEAAAAAADHiGW/sW8VOQH2X0t+WIb2cJM5k1BzQ0cLz8CcSfM1S8Q143JXLCHpvGlFtJlQsTdG9cXcmYyWHkzTn6jWZj/JmTiGm4LPCnMybDmaJS3zEK85k22XH1V2jT3WB5YMjoz9OsX+HzGt6zN7LzSMXm0b+1VGzwSdSUNDo0gUcX9jU5OY/u//b6HI4Pcf/yXSHVKbidA/+/2HyOyQnMnLSwNFolyCmP7S8heRQTTX/Md//becR0ge6wK84Uy8824uR3/mE98afEEfLmJyFOm7NxjeorVdjDNpPhtZ47pMYCrHQGCQc1Q9AAAAAIBGRVbcTdZgQjxuKw89lGAJiRfORHSmYs6EJzKG20rzQ/fHU07hTIIPxJ+pfkIn8p76g0fUYsdzJs74hW9O7sGlT4/jTByO5OPxrDeRY7g+LbGk5wmbngxecyY/Otj454Lhu91jfaxPF1tK5mT1uQfPR7T/XXjj34c//d1cv/v4Ex7lt7fbRaII/RsaG8X0a6u0YScEGQyR7hjPmfzkX/5dZCbE8BK5ELkEMf3NtydEBjJLPJG3zBg2QXp1+WsiM5hBzoT/pcWV78tOY7g1N3BdiHPe7ChG7gZ+dNY523B202aXd3O5+BbxMzSVMyz/QkcaAj9Lk+YBAAAAABwlZxIsBzSTkB0Vb4nUGj3cO5PjIfHHs3nAXOlsM3E4zh2N1yyOK5b9WdrERJzJaGlYZpuW0uzOmThUc2I5muUVW+LwojN57lDbS9925LWO3df/xiJ9RpY99Pum8fnIzue/7fSiM/n7f/o3kYGsgkh3SM7kH//1pyL9xo0ikX/izmTtuvUigzX8G57481+8IueR1dfXJ/LPc2aUM3E4HlbG7gxcszM9NzcnN3fXB+yvi9yQ371lchTEV+s3WJNuVLb2tFXdeHvV+7Untgln0n8zauXWkNik3K6unpzcCytX6i0hpnICV237Pje3tK6n8nrue2s2pN93WQoAAAAAEBySIBpMKLaxxBSzqdE77p1JWEh8ZIHaYb08S3YmZCSO5zoDaYHlSLb6v31CzsTRKTZExbp3Jo7hJm/ZEoc3ncnh+z863HK9baR3yOlMLjcPLYqt85Yz+ePOz8Xsv/10QUpq2k/+2U+kfH3gkEMaZ0LT//rT/xRLhTl5qjP5z/96UcwufvnV788lvb1+o0ipqGRDVuT8UdHO9wv/fEmAKHM+M8OcCQAAAADAjORmutrDShUFOaP2G2eSaDqhsM29M3G0lyZEsN5ZBW3DLs5EbcRoFuNGdKoykilzdMbdsAk5E0d/dT7bpdCEqv76pzgTr+I1Z/L8wZa0hqHH6l8wcai2pGdo7I3z7c+H3/eWM3FIvsKgf//P/8vzG94afLe2VuTJv1ogl/AkZyLPGvTLt94ZN3/cdzaRAnPi8IYzcQ5/V1XTwZM7DensJRIAAAAAAGBO4DVn8j8xbfcH+PuBmeUYGR3Lvff4x+Ftz33T4UVnUl/fYHALXG33tY4y5r+0+ML/+X95yv/+yb/kXvlhIs4k+WLqv/10gWETP/q7f+SvDDbnd7i+obizk72CbT4zdWcCAAAAAAA8ozkj0dkUw1tjZglecyZxd0YfPeZD3x2PyZa0DP/Y2vZcRMfEncmkyL9acDjs2LXrhcYFXiXrcvZRa3jShWTjAuAWOBMAAAAAADBZvOZMLIWP63pGh0fGhh6PZTcN/+jYg+fC7W6cSe/UnAmYycCZAAAAAACAyTIlZ/IPh9qEM/nvuI7UptHanrHq7rENF+zPWe1wJvMWOBMAAAAAADBZpuRMegbH5Hdz/X14u1+U/W+tD5471u7emURWDhnLAnMIOBMAAAAAADBZpuRMiOFRR6X98e12XXahEaYOSZ2a+h+jtWSOA2cCAAAAAAAmy1SdCQBm4EwAAAAAAMBkgTMB3gfOBAAAAAAATBY4E+B94EwAAAAAAMBkgTMB3gfOBAAAAAAATBY4E+B94EwAAAAAAMBkgTMB3gfOBAAAAAAATBY4E+B94EwAAAAAAMBkgTMB3gfOBAAAAAAATBY4E+B94EwAAAAAAMBkgTMB3gfOBAAAAAAATBY4E+B94EwAAAAAAMBkgTMB3gfOBAAAAAAATBY4E+B94EwAAAAAAMBkcXEmFFBCEARBEARBEAT5Xi7OxGhbAJgw7e3toiZRxRp49BiCIAiCIAiCJi7JmMCZgCkg1yQ4EwiCIAiCIGiykuNJOBPgOXJNgjOBIAiCIAiCJis5noQzAZ4j1yQ4EwiCIAiCIGiykuNJOBPgOXJNgjOBIAiCIAiCJis5noQzAZ4j1yQ4EwiCIMj3snc/Kqvt9JaoNPMmuB50DZjfKQTNT/X0DxmqR01zj7k6zRbRzk/f13HzmxKS40k4E+A5ck1qgTOBIAiCfC6KEY03pylApZmjtAHVlhizgnnMQ9fqQXXGmGO2IVd7734ds4szS44n4UyA58g1Cc4EgiAI8r2Md6YpU1bbad5KC/6aMHBFrh5UZ4yLZxtytff61zH/oAyS40k4E+A5ck2CM4EgCIJ8L+OdacrAmYCJIFcPr4fyvgfOBMwF5JoEZwJBEAT5XsY705SBMwETQa4eXg/lfQ+cCZgLyDUJzgSCIAjyvYx3pikDZwImglw9vB7K+x44EzAXkGsSnAkEQRDkexnvTFMGzgRMBLl6eD2U9z1wJmAuINckOBMIgiDI9zLemaYMnAmYCHL18Hoo73vgTMBcQK5JcCYQBEGQ72W8M5kYHR3Nzs7OzMwcHBw0LhsPOBMwEeTq4fVQ3vdM0JnEVA39tbXTrLBb7n5c5h+UQXI8CWcCPEeuSXAmEARBkO9lvDPptLe3p6SkvPfee2VlZTylu7s7ICDANdc4TMqZPBwYrG+839nV193zsKWto+leuzEHmKPI1cNNKP9s2bp1K59444036BfhutCFCToT4j8TesakWZr+6XdP+fsn5h+UQXI8CWcCPEeuSV5xJmfO/WAJif9q33eJ5/PMSyerjs5exRVKMWebiNrt3UFBQVQC/bbrG+6ZM8wEHYu4QEcvIirlRnGNealX9POf//xnP/uZOd2smyVldLjM6T7TzVt1VJH4ATEvnYiC9yeYE5+kyG9P0JGhr/ynXbsfDgybM3hL4x7Yyqq7y5YFUjp93q1tNK8FQXNYxjuTDsVhr7/++oMHD+TEsbGxX//613KKmYk7k9GxscZml/J7+wbutXbIKe6hEsjVkLdpaHpAdyjj4kkCX+RL5OrhJpSnepicnNyu8vDhOLXIMywWizHJ4Xj8+PHnn38eHh4uUqbDmZAV+duYbjH7z3HdgyPS4vEw/6AMkuNJOBPgOXJNmrozsXf0hxw4lXe14kpeOY8mE5PyklOvm3NOUJ45k96+RwEBAYbEre//VhRy/gLbtyUvv/zFF7vMqz8r5RVUREan0dELC0/KzSunlPCoi+ZsXHRgzYlPFQXc/AjQITIvHdAPHYXOfHpvcIg5j8+0N9RGFYkfEPNSg9rtfebDNXFnUlFZLaoH4ZkzCTtqzbh02Zxu0LjOZMmSJWLrNG1eC4LmsIx3Jh2Kw372s58ZUx0OsivGJFcm7kzIh9x/0GVIJI9hSHFDe0cP2ZJ2e8/99m76NC6eJHAmvkSuHm5CeaqHOTk5xtSpQQZ79+7dxlSHo7a2du3atZs2bRIp0+FMiJ8l9nI3Qp8vnnl6vTX/oAyS40k4E+A5ck2aujMpuF5VUdUkZssqGi0h8Vw0W1t//y+hNppOyyyi2ZbWLsp/s7SWL21p64pLuEzTFKAbiqVoj8K1byKj+Gx3T//Jk/GU8u67v+EpVXfuUjC3aNGi8+cv/vDD1TVr1vAIr6m5VRRCszzg5tq7N0QEgqJMugW+s349j0ppoxs2bDwZ993SpUtptv/h0Nq1by5cuDA1NcOzsPWpOh6ZLM+eT7nGDx0dKJqNjE6l6VNncwekA0sHUF6RAnGe8o2amcxhTa3zCLAyL6SQ8VixYoXNdpqn0Pdat24dHYSgoKB7LffFoVu1apUIoOkg/PznP+f5f6bCEtVTQMf82rUb8ia8pc6uh7HfZRoS6XtRFfr68Jm+/kGeQnlOnMw4GnGeVy1xuLjogJxVG/Folf6Hw1Tx7tS08EXk/W7dbhA56Ut9+aVF3hYdqOqaukuZl/n3vV1xh74sfeUDBw8PqMctMzM7IGApVQmqcjwDP3TCFe/Z82eapc/me200e/9BB5Xw3ntbU1LT+YEV+stfgmkrvF7RJ01TCpnwLe9tpTNFJ4hW5IVA0JyU8c6k09vb+5XKwYMHjcvcMnFn0vag6+GAsXv9pOwBZTa3sTS32HkPMT5LGWj2Xou9/+Ejmm1sekAehvsZ3mhD07y9hUoj0eyk9gF4hlw93ITyZmeyZ8+ex4/pIr/n008/pdmHDx+++uqrJ06cePDgwWuvvcbznDx5Mjc3t66u7sMPP+QpZEW2bNlit9tpXT6rl+dk8+bNCQkJ+/btI+vCU6bJmRD/T1RX0YOR5050yT27noT5B2WQHE/CmQDPkWvS1J1JX/8QD5dF4Lj/yFneZkKLjoaf54lX8llQSBEkBY4UZPPEA2GJDU3tNGE7k2Pv6JeLNTgTHhxTaLh16/u/3rSJL02+mNZu7yoqLqUMlNPcZvLmm29StldeeaXd3k2zZFpoVrSZ8G48dfVNmze/y9flxS5fHkSRaGFh8ZKXX96950syMJS48vXX6xoeyIV3dPaLr+yxKGje+7Wt6V6HSDE/8j9py6SQfUA9sCLR4EzIHMr+UBbt+d7gEDo+r766rPw28zD0vciMNTa2XExJG9APHbdwwpn09j2iieZ79+/WNtIEBc3kcPgpoGibUujIi4ifq6Sszrz1yYq+46nEXHFAouMu3W/XWsxCDpziE9zWDqiu2Hy4KEWuivRJHobPfn3ojMh2/0EnfQv6lNel48ArTHDIPvqCNE1GhWwDM8Bqm1tFZTUdk+uFxbSIKsaA6n55mwkdsU93fkYHmabpkx9Gcne/+c0WWos+eYoQeUUyIWKWpulMcWdCOWkVque0J1S9DQe2qnqG9kuEoEnJeGeS6OlxeZpbVlaWmZn5q1/9KiUlRU43MHFnYu/s7e4xpk+qzYR+/uQ0Wtq0QHD48Qg5kIFHQw7Vn9CsyEkuqFEtmcrv7RvgiTQ9qsegBHkSPtHV3W/vmGrfMOAeuXq4CeVFby5hKgiyIhkZGXyanMm3337Lp7nfqKioWLVqFU8R1oIWidVFTgN//OMfKU9XV5eo4dPnTD6/NvDaxb4Prxjr/7iYf1AGyfEknAnwHLkmTd2ZDKhjAyhYpIiws1sLoLkzIR9y/mIBz3OvpTMxKY9SKM7mKV3dD+MSsvh0zg9lhnhLdia8PxLFbTR9LulCYGBg7pV8ivnWrFkjeiiN60yq7txVVOhqQoXIzoSXSdEhTV/OvsKjRr5RCklpOjz8G5rmtucXv/gFba6mtlVu24mISpm6MxnQR+ncrtR8hTnUpoP5VGdCBi8ymtkMs+hbpGdkFarB9Mm473gKfWWRYVxnMqA6N8pGETl9d5r47LPP+SngJVDofOjY96KQB/beJP1cT0Xk9+gbiQMif2UxLSae5EwM0/t0S7P/sLM0XhkMHQXpOKxevaa2jjlnOvXiUGzYsFHu5MY7HPJ1Fd2ZkNOj40NHiaZ37PiDoloX+ixQ25foU5QmtiV3LCRDQincmfCabLOd5oV/fyFf9u1HrOfkciBolsp4Z5J46623jElqby5vORNyCG33p9Sby8GCtiFahbdy9D98JAautN7v5I0kHHIawpmIRMO2Gpu10LO//1GbqZsZ8C5y9XATypvbTIj169d3dmqrkDOJjo7m0+Q3BgcHf/jhBwo2RIphYtxZgpyPorNt2zaeCGcC5hdyTfKKMxH6SygLfIUzqahq4h2NBvSOOuRMxBAUmk48z7wKlyHKl50JDwQXLVr0+uurSOvefntA7VrDm0Qslr8MPMGZcFFOWnf3ni9lZ8LL5H3DRDjON8rXomwKsy6v8Y2SKJGbE4rCvWVLhKzfJPORFSKwpg2dtGXdb++ZiDMZYF9z+JsTKcciLjS3OK9ThqEUS15+eUANpimMFnme5EwoFqcjTNF22FHrgBo6i1NAKiuvpEQyJ/yAeMWWyKID0m7vk22G+MpiYoLOJC2ziJzbnZqWwqJqsYjbBjo+8rqyW+CVQXzffaFfR52IIbf26qvL/rRrt2JyJnToAhhLxSqdXX3iUPO6J2/rrbfW0S1HzNI0+R/uTFatYpWN7wAvXJgT2BJozsh4Z5Lo6+v7+OOP5ZTz588nJyd7y5k41A5UdBEQs+QNzK0oE4H8CRXV1d1PZoN8BdfIyCilNKv9uMZ1JjxFIDpxwZn4ALl6uAnlzc6kvLy8oKCArs/8rXHkTMhI8Fdacy/d1dW1bt06nlkMi3qqM/n888/F9ObNm/kEnAmYX8g1ybvOhIfOwpm0tnWb20yEM6FoOyb+krkQLtmZ8J5FchjH9XBgmOI/HsaN60zE4BDKQxHnBNtM+CqHDh1RXIepaOnHvidb4vVAnA4LP3o8mO7pffRNdGp3zwBNxyVkuXEme0Ntwv4NqO0DFMWK2ZNx3ymuDKjB9A95zv1/kjMpLCz+xS9+QbE47wO2Y8cfzKeArBo/IN71aQPqAaHaciAsUaSIrz9xZ7L3axt9ki3JzSunAqlCyjnpm0Z8862cIjsTcysH72fVfI91DVdMzuTu3QaqTmRaDJvgbSZyCwyXm3EmZmdChzf824uXLt80DCKCoNkr453Jlffee6+6uppP9/f3L1++/MGDB150Jo8Gh/iYENK91g5yEYa3dU0cshl9/c42E05LWwdvObkv9eYSSw1tJnAmvkSuHm5CedGbq11/N9cHH3wwNjZ27NgxqpwO1ZksWrSIZqlmrl27lq918eJF8zgTvUjGmjVrHj1yNqk5VO8hphMSEsiWO+BMwHxDrklTdyapGTcys0vyrlZQsE7BE6V8G5NGAWVjs52mDx5NLLlVR9PBau9/2ZkMqC/MDTlwqqr63vmUazz4FpKdCenLLy1aZK1aC76Uw9tMKHrms4YR8IK6+ibxlipFjRHlMiO/PSE2ytelzJQoMshDArwoiunp0OX8UEYGg3cVCz10hg4XeRIyGGmXbhQWVe87eJofHDqwZRWN9x/0DKiGpLb+fuL5vL1fszYTOob0SSl0nK9eZ60ZA+oxefXVZR98+BGf/XTnZ4oaKG/f8Yn4XhQKi0Mnj4Dn4ul8mvtDgfwtvCXWjJaUJw4IpdChOBp+nqpQWmZRXIL2CizhTO7WtYnDJQqhwxUZncYPzsX0Qp5Ih8XsYVLTLhm+kaGHFR8uwqEjExISyqf5sHjuTHjDHXfFVMdEfkUt8Le//YBPr1jxGk+RZX4315OcCQTNPRnvTCbEX1qc4DtbJ+VMzAw8GiJ3IYaCuKf5Xnvr/c72jh6aoE9K6el9SKt39zxsVQeftNt7aIJsD5kQszMh+0F2qEP1RQ44E98iV4+JhPJPQu7N9QzxwJn8tbUTzgTMLOSaNHVnAkEzX/sPn710+aY5HYKgZyXjnWnKTNGZOPSuWRM0J2CWIlePiYTyT2KWOpNJYf5BGSTHk3AmwHPkmgRnAs0HkTPhb4GDIGiGyHhnmjJTdyYO1ZyYXygM5hJy9ZhKKA9nMgBnAryFXJPgTKC5rZT0Qt6T0LwIgqBnKOOdacp4xZmAOY9cPbweyvseOBMwF5BrEpwJBEEQ5HsZ70xTBs4ETAS5eng9lPc9cCZgLiDXJDgTCIIgyPcy3pmmDJwJmAhy9fB6KO974EzAXECuSXAmEARBkO9lvDNNGTgTMBHk6uH1UN73wJmAuYBck+BMIAiCIN/LeGeaMnAmYCLI1cProbzvgTMBcwG5JsGZQBAEQb5XT/+Q8eY0Bai0mmb2t54MgjMBBuTqQXXGuHi2IVd7734d+k2Zf1AGyfEknAnwHLkmwZlAEARBvpe9+1FZbae3RKWZNzGg+p+H09A+A2YprR3GmIeieXN1mi0yu3Evfp0n/aZkyfEknAnwHLkmwZlAEARBc1gPugboTgdBpIm0A0ATlxxPwpkAz5FrUgucCQRBEARBEDRJyfEknAnwHLkmwZlAEARBEARBk5UcT8KZAM+RaxKcCQRBEARBEDRZyfEknAnwHLkmwZlAEARBEARBk5UcT8KZAM+RaxKcCQRBEARBEDRZyfEknAnwHLkmwZlAEARBEARBk5UcT3riTALCO//aSuoyLvAtObuVBmMa8ClyTSJn0tv3iNTTOyCru+ch5HXRwe/rMyZCEARBEATNKBnCQh4rkvr6B4XkeNITZ1JwtWfLxe5/tnZuudgzjrL6Kj37S6kjHdXn9y/2V5TFS23FHcalJuBMnjlyTRLOxGxO4E+8Ljr4Y2Nj5nQIgiAIgqCZIHM0KAJF2Zn0PxyS40lPnAmnII23nIyjX5UbM0+APkVZuueyZkiqIzcqiuKawQicyTNHrknkTKh6yXVuXIsCQRAEQRAEzR8ZgkO5tYRsidecieN+r9mTeOxMqo+tiDH4jNw9n11m/ytbE68e3Lh0sbK/mM3u3byUTMvitTtkZ/IZS1wco7e07FGWDlXbKJs6P7Rl7WKa3viFrejpLTFgEsg1iTsTLkMVhF2BIAiCIAia2zKHfAaZPYlXnYljwOxJPHYmiVuVIkNSs23FsWr6X1m/f/G6HREJGcxXNNiUFR8VFV7NSNi7NFBzJn25e1b8LqIoL1lRlvJV95APWbwi+VIGTXec2fJReHJRXsaW9fuLRkTpwAvINUl2Jk81JxAEQRAEQdA8kRwiTp8zcZg9iaquP9QZcz6VmPXmrlk5yu4c+k9RVoukPf7OLl4R69RVivcv1Q1Jw4l1tmY1m6IM6dmYMzlhdD1zipEOZWOYnLBnxeI+eX7akGsSOROqW+aaB7sCQRAEQRA0f2SOAIVkQ+J9ZxJg7UytH3w0akz3gHF7c+3JZf8ryh6RtkUafMJ7c5HxUJR1HTpDaqvIHsMYlaGOz9YtXvG7xIa52mYimROf2RLHeM5EyFwXIQiCIAiCoPkpsyEhPRwYJsnx5JScib+105jkMdURq9W+Wzp9yduVjAE2JTsTuc1Ea2ZhbSbGsfJGZ6JC2bacmbMDTXJ2Ly0nR9KXs/pr3zUQyTXJ4ExgUSAIgiAIgua5zJGhwZZ405kERBhfHDyVP3ISsZmNU485n5GREEETK/7MunI5XJ2JozZGH2eyXx5noqzYknEpI+KLLTxFdiZXQ1Yn55WX5yUr/httph5jcwkyJ6tDfGdLHBNzJhAEQRAEQRDEJQyJ953JX1s7d6njOjQe9VPKIykBzG3kmkTORNQwcy2EIAiCIAiC5q3MhsT7zqSk1DiiwXbDsz+yCGYlck2SnQksCgRBEARBEGQODs2S48kpORMwz5Fr0rjOBIIgCIIgCILcSI4n4UyA58g1aSLOZAwAAAAAAMwnzAGhQXI8CWcCPEeuSXAmAAAAAADAgDkg5Bp49JhLjifhTIDnyDWJnAnVLXO1k2WsqgAAAAAAYE4zrhuRJceTcCbAc+SaxJ0Jl9mTwJkAAAAAAMxD3NsSOBPgNeSaJDuTJ0le11htAQAAAADALEQO8MyYA0KD5HgSzgR4jlyTJutMAAAAAADAnMccEBokx5NwJsBz5JoEZwIAAAAAAAyYA0KD5HgSzgR4jlyT4EwAAAAAAIABc0BokBxPwpkAz5FrEpwJAAAAAAAwYA4IDZLjSTgT4DlyTYIzAQAAAAAABswBoUFyPAlnAjxHrklwJgAAAAAAwIA5IDRIjifhTIDnyDUJzgQAAAAAABgwB4QGyfEknAnwHLkmwZkAAAAAAAAD5oDQIDmehDMBniPXJDgTAAAAAABgwBwQGiTHk3AmwHPkmgRnAgAAAAAADJgDQoPkeNJ3zqSivwKaY5Jrko+dSVhofEljZ3dXZ0lGPs1abOXORRktDoc9Oyq+/EFn94P6escIZSNZrNn0OTjK8gSHJNRTYmO55UD6jX6WcvB4Yo0o4mZ6WEginzx48S5fnaabM1gilWk5kCXyznzqU05bTpby6bCQ9BsOx+P+zgRrPP/i/Ev1d7UdDI0PVg+j+JqZJxPK6XC15OepR4AfhDMH4tmh6+rMzK2k4xx8Ip8tYsd5bnLwqHT0rInnavUFo+VhEfF8Mu14fN7dtu6utpr8dLX6OUT9UafT6TMuJN4SmiDyx92kY65Wy5PF6rFVTwaYMpYDyerxbCuod6gTxdH5au3tH3aMtliOpvOlVNvV7OVx7EyN1JdmHc+10/wNWzyv6pR9xhIcejqhsIl2Mru0k9eivJN8t7VaZDl6mv8e+XeJDlGX9g9TxeP106FXQsfonYNnSvnPuVsrfkZC5+4QO7P1pflpN+10UbqhXrXoSn6mYoTO47kq7RrFbzP8ojeoTrP0qmwtw+AInXGekx8u9d4xzC+ALj/C/vLgE1coW0lKMm1FTSqnn3DcTZ6rhR29GYB2uW4stRy/1my+ejtGLKGn29Tvm3A0vlm9/dHNznIkW1v/ZrolIjGNVYpy9jl6R7vCN97pVkvTL1Ds4s8Pu3z7UGF32KqLieIOy+8yVGDYce0K6WD1LYHfpkWBdC7E0omjXk6Ha7JT+UlRf7/sZ8sq9ugjOll6DRdVov+x671bPSzA15gDQoPkeBLOBPJcck3yqTO5mZ434JJgciaVCXoUKLAcZx6GcTP9hrg2lWcFh7LAkUoIPnuHpx0PTRWRpbiRO/SrG8sgxZ0zHfqCx/PLz2pHQ79nMEJDkrK7nF+KqLl4mt+NtPmuG+xepd6NBHLMTcc57uYjaXbOUZ7V7BiRj17ofu3GRtY3TbvvtsiVJDOSJY7nTBLTmluCv2d1TAsKVeSqC6YOd9cS5eJQ6+eLY1fPGncmDH4iKMSR8sxQ6FLW7Jristsd1+j6Jq5mDtUV84lxnMmDa2pUOtOJ05ykjn5Rop8hP4+Gb8EvesezmdtktOSLDOKMc+QfoCXKealz2eLonbibzP/QT1j86meUM3GoZ5l2yXD1plm5qvCbIH1lutTzFLrZFdTyg6MewwfX5GsXcybyD0q6F/Dbh4Dl1O+wwpmk1RZndmgZDqY0ac7E+AudHPxy6nB00ql3GJyJSl5MvHqZdakS8r17VlT4uYc5IDRIjifhTCDPJdckXzoTw9XWMY4zGaE8kSkuV0Bx3XRZvesGtxlUwsHQVC2nrdydMxlssRy/JhJnOHTJZrfn8iz+DFV2JtEh8QllLs7EUZRaIn3NvJMJ7EC5OpMbtoSE/Hq79kR5xBKa0OzRo69ZgRbwSUcv+Wh89HVmxo6HpusxijP2ZTPfMxszvjNpoWkWEMCZTB+sNbVFdsvOsyMCdI565DVnYq/ITihja80KZxJ3IN5izZKvp/Ju89/vcf1q5nDvTBz9ltBE/ec8c3F9IKJflEYfBYdKz/udjPCLXvDRK1rCBJ2J+pSK47rFTqf/ac4/VzsyA50J7XDaA+PV21Cfg9VrEfvK9VcK1Kd7bFo7OPwY9vMrPM/vxpnw24dgfGfS8ogMCZscvUOFe9GZNOen0ql3jOdMmtMS1Rv0eM5EvXcbggfgG8wBoUFyPAlnAnkuuSbNMGeikRaTkK0/s3mqM7FnJ7EnbPVXaqTbktmZuD55nelYQuK5+DPUiTsT+poHL6r3J1dnojIy2FIqurQ97rgjH+e5hPnoOTquHQ9JcjiaztWKmjAJZ0J36LA09tgVzmQaGe4sz0jmvbMm6EyCQ5N54qxwJpzmwizeBOeQd5vCcb3S6u0F7p0Jg/+cZ3Ivl3GdCV2parR9dglD6UoufrlakhedidqjdUY5E/ZN95+2q4fCcPV+ojOhz8hr/Gbn6kw4IwnWeKoPU3YmjoT9dD18VHCS7YYXnYnlaDY/9ZNyJrPr3j3HMAeEBsnxJJwJ5LnkmuRLZ8L6RvOgWUdcp2gRf6St0xmW2ablEb25KDqUW37VoFO9XD46eDE/YT+7hLlxJmxwhR4QzHTqr4ibAL8oO53JaEuwrXzQ+aXYY6gwtQuc+Jq8uXw8Z8I4s1++yjuP89xhvKNHn4PXU9PU/l3iPmc54AxoDjLf4nJwLOqDW82ZqI1O56LgTKYdvWHT6UwoYHV2jq/NVvuZ6L25KrK4tZ5FzsTBDJVW8cRuR4eKPjYj2uNqyZmQbbbEFPPp4yGnk6WLKNVYOdCcaZSfTdBNiIp+UdINlUsYenB/lj7Zot0OJuJMmvPlvqm0RT4qg+gvSHbdSr8l6srMcSbjzepX745r+sAYuubX8+5t/CuTW+A3u/GcCXGHP7ca35notw/Bk5wJXUXT0pJkTzLFKx6/CNtzk/ijMbMzCdautOM4k9l0755zmANCg+R4Es4E8lxyTfKpM2FXn/iaB2x8W30Fu8ydORAffCJ/cLA/7YR6O+mqzM6+0z34qDwjWVyenM5EGwHfI4+A1y6aIfHsSZLkTMwj4NXVXW4GMxb+/J5DYVm3fs8Y7OmMPuoyAr67q+lgaHzoGXYQnLe6iix29FxHwKcV1vcPPqL8LBzvqqzv6uzvapOP85xh3KPHZkbLLar9EM4kTR0BP9jTVpOfxW+QdONkY5T7H9UXpvPIQDgTR3+pJRTOZJroLG/sHOzvbKvID8vkh1tq0eIj4Psf0ZlyHQHvYCGLeiJuzIYR8AXsdQv93Y2lwWcqeYpwJpaoG916tmA9QHc2FnXcOB4aX8/XtZWzellfqg6PZj/nEtfBezOL/nLt7QWNd27UdooQma78vDVDHgEvR5/a0BFXZ6KNwBYj4EfZBW38EfCDbFB1qDZq0RnsRu93/oSfLU9wJvrVWxsB3z842JNg1UbAa9ecm+n8ZufiTOpL+RW+4Mxpqg/Mb5hGwMu3D8ETnYmjxRKSkFDOevxqN1kvjIDXRuo7DM5kuD8vKUn88M0j4B1O3wJ8jTkgNEiOJ+FMIM8l1yQfOxMAAAAAADDzMQeEBsnxJJwJ5LnkmgRnAgAAAAAADJgDQoPkeBLOBPJcck2CMwEAAAAAAAbMAaFBcjwJZwJ5LrkmwZkAAAAAAAAD5oDQIDmehDOBPJdck+BMAAAAAACAAXNAaJAcT85kZ5L8VmyWKRGaQZJrEpwJAAAAAAAwYA4IDZLjyRnkTELfVpTP48zpBr2nfGxOhJ6J5JoEZwIAAAAAAAyYA0KD5Hhy9jkTBc5kxkiuSXAmAAAAAADAgDkgNEiOJ2eyM4lbHcF6cyn+r11pKii4lfhhbFppS4GivFdAsy2l5hIgH0uuSXAmAAAAAADAgDkgNEiOJ2eHMymVsqHNZOZIrklwJgAAAAAAwIA5IDRIjidngTM5tW+1smT1e0cieDqcycyRXJPgTAAAAAAAgAFzQGiQHE/OAmeiqadA8X+vAs5kJkmuSXAmAAAAAADAgDkgNEiOJ2ePM2Ge5C3180PzutAzkVyT4EwAAAAAAIABc0BokBxPzjBnovNxeoVwJm8FLWJJS5aldbJsyRHv0dyiLUfNJUA+llyT4EwAAAAAAIABc0BokBxPziBnAs06yTVpIs4EgiAIgiAIgmTJ8SScCeS55JoEZwJBEARBEARNVnI8CWcCeS65JsGZQBAEQRAEQZOVHE/CmUCeS65JE3Em9r4hCIIgCIIgaP7IHBAaJMeTcCaQ55JrEpwJBEEQBEEQZJA5IDRIjifhTCDPJdckOBMIgiAIgiDIIHNAaJAcT8KZQJ5LrklwJhAEQRAEQZBB5oDQIDmehDOBPJdck+BMIAiCIAiCIIPMAaFBcjwJZwJ5LrkmwZlAEARBEARBBpkDQoPkeBLOBPJcck2CM4EgCIIgCIIMMgeEBsnxJJwJ5LnkmgRnAkEQBEEQBBlkDggNkuNJ3zkTMPeQaxKcCQRBEARBEGSQOSA0SI4n4UyA58g1Cc4EgiAIgiAIMsgcEBokx5NwJsBz5JoEZwJBEARBEAQZZA4IDZLjSTgT4DlyTYIzgSAIgiAIggwyB4QGyfEknAnwHLkmwZlAEARBEARBBpkDQoPkeBLOBHiOXJPgTCAIgiAIgiCDzAGhQXI8CWcCPEeuSXAmEARBEARNq6qbe8pqO+eS6BuZv+YckzkgNEiOJ+FMgOfINenZO5OKKEVRaKIkdoMS9FV6uynDs9DjrIWPa4yJc0Al4W9dMCV6S8rbUeZEaDp04XP2k4EgCJoVoiDeGIjMCea8OTEHhAbJ8SScCfAcuSb53pkonFVWLUV3Jva7mV/F3mww5nyLT1MoRkxfVO2q2470hY70V5+xOUnftSM2JfFCyqYgxVpmWuqRJuFMKqI2fc22vuPNxTvTO41Lx9OEnElF1M50U+I0aK2iyBui2Y9Ot9WUXrN++pay5RRPVN48zFMWKQpVvNjNyo7wlNuFKYfeD/gqj2VY7q9cKG2jFMV/g1z4In9jVbyd+OmixYryeaacaC/T6zapu0ZZ/FbenbbrxTVynp3LFGXNLtoNbRPtVyglMvd25K7VhpO+VgnYmd7HtnUhlP0YFgcs3/gxzW71V6ynr13PPbn7zcWRFdIuxf1m7adRNXduBihKwN5rlBK5XoksbLiebt26TCmhPKXWnZmswBmh2luJSakkP79X+IQxg0lX971iSFno52ejdWMObP3liyzlQVKyaa2ZoP97qvt/hXf++Vq/eZGswCC51jUE7v3BnGfmq8y6alJnof70Fr8X/G05VRkxX/q9EckT/fz8r1bXbVroV2/Kz7XwhQV+27P4dHXMxmXbI6urbyXu37Jw9w2XnN0tfgsWbEt1WbfIumrBC36GnfQLOlBd+sPR7csX+KkbrYxcEuAnZ3jxBf+FL7qkeKTORdKV6vrp0E1r6DqyOLLA5ZLbeidz+RJF8V+8fONXWkrpuR0b6Ze9+MJdlwKtb6u3TZbz41Y1RZ1lFwpNjac2uV4bfaOy2k5jIDInoO9l/rJzSeaA0CA5noQzAZ4j1ySfO5Mauk4GbPmNogRpKcKZmPSsnElv+Q7VmSx05MaZl/pO6busPNBsO8cjy6lrUs5Eu3t136ZQvsacwaQZ7kzErKJoAZ/Y4ZJjb4UWkzfWPUP3TdVjtCm/O8dTbL9TnEegzGoN3+V6GCm8CLCuNzqTQ28rO/W6fXlvwIVGeRVNFDTY2tgE38T1I6v1MKJT2XxSytlHZv46X4W29bFyu/BK5BGWs7Vddxfd11zqSXcDn8jbF6T476KJAPGjy/2KfV8qc/PJiZxZX8rPb5U5cVwFLzHEhXV+mzXPydWS+OGkYmLfiGzJX1s7uWjanEGInMmBa2J2vjgTqpYtD7TpF/24w0xdsu8Wmyg88HmOOf9Qzv43N8VlCWdC9kMs8nthu5wz+K0FMamRBmey0m/VUet2ozNZqZmiorBVwYXMmWz73SsZ3SJDn9/2z7a9MFVnYvskSHImDcrit/jDEfqNy9nMTx/W+ysB71tZzmXspy1EzqSmsS3xwsmvNgetD2cXNOW11av8nXfYmtjfKMsCfHMRlgVnMktlDggNkuNJOBPgOXJN8rEzYYGX8rGtnbmOy/wqrzsT1Xu8pcXiqp7gTPrUdA67fH/k75xvFW0yKrQ08WPnrPqEuIY9VQoKEons4bGqkUzVjYynkapn8WhZOBMRcXZfOxR7raY089D7AYms21uf4r/6emPb7cJz/Im7bDxETLye3dVSEmNDeYaAoCBahUrQCq8/RXe4mjs3bYaH9E4L0aY5k/Yr7Ol+Y0Pe6VBlPYvpS05sWPtplO3Clch9rHAe6Dek71p/ooZZ0DW7bIUN13PPRZaOW6yqp5Xpsdw6k99oE8JKVURtimuTVq9Rdl2x92XuSNFTaLcz9dXfttKpMRs8Vq9kZ1J8+FCZfhbSd4mNuipzrRo9MKmboPwiZa3s2NN3HdLOThvtwPi9udrOOUuTRL6LO5OteoBCKWr9GfpI2twMkexMcnb7f2K7VZRxYCELOuuOvuEXU1hXlJP0Ddmqjo6tfn7VDS31HWLdPr8XXcLQnH3LbQ0tlIemV77gl1hYl2zdvuwF/tw9a1tY5DZrEm+c8fPzL2poKSs8JR7ST5P+fK2fDMnx8sG+4TFuTty0nASuPfaus9lEdyZ1lw/s+IhMy8kb3SzRcpln2Ba04S7P2f3Du7GaKZ0JcjqTnOBvcqrobPp9mMpmKyMXLvJnJ2X/loV+44f4vDLI3oZOUJkpm6o6pzORS3jhM7UcP7/1umutdHEmV/e9UkR3otQnOhPK/05cC30erWyhPW9RE6tj3rxKVegJuz1Rdd++0Gi8UnHRD7xEvRgq/vrTBE016kXmivjZ0m/5spSBrkJimt8fFWXXhdyvDukX4eXKbyJzffR4SBacySyVOSA0SI4n4UyA58g1ycfOZLkeCZGdCLCo0fZTnIkLruEga34pYU+CyWl8cChdu1JrOSuMXoIFjiwSVZ2Janhq4n6jGO4K7SXj2JLKZ3TpYeEsY/lmc4yeSbvNfIj+DI+mye+N50yurD3mDD0pQ6z25J7f4YZ2So/TePyqST0vxKI3P+Up8j2PplUTqPlGbfW3o5b7K8t38ej8NlmOxDvGs2BwJk8t02OZnYnGkg28k4NddybXL+xa5c96c2mZ2zJ3LtNm6dZOLo5s23L+lLH72lfLNKfh3plc3hvADIx+FljdDlh9KP12zR291xaXy9FgLkXebeEteQnCQrfeyVxEP5+Nn0bmaW5K/WJB6/dqLTyu6lSW7bqgNsuQFrGcq78q0M4L27GJtHT5UMKZlEWs4mElaSsLAW8FB/glVjpr1DhxYUfdkgV+L77xZUxpByvBGdFmLQur0vJ0Z6kP4KVH7BmfHa3WSjC1w3hZ/yucuRF+HebmhFLM2bgCg762d1cGfsBDau5MugPfj7+l/upP/p7V5MCg7eHsmtm95nD0zmTWAnMrdnua89H+s5e5zcTPTzWQPOJ/Yh4/v0WruA1I3u4n3Ait+4QWGLMz6Uje7p/casopO5PuGyt5xXiCMylK+kyzssyZDG17we+XMWyfl/i9ycytuQZOXuM6kwDeZtLRcDnztkhsKE3ZuUa53K499dDS80Llm6aLM1FbX5kzoc8AtRtYe8pH5/qMj4d8IjiTWSpzQGiQHE/CmQDPkWuSj50JhUVqNxLWd0WLg5/iTN6qodCwsc2mNn3wNpPdW95SFzEoXLO9z7wJ8VE4szpbl2mLrGrcdjs9ypnf6UzUTauhv+Ea/Tjb4EzWyEt9qvRdoQVtNaUnVx3Ub07dbZve1Fp7aLflaJU3sIzjTFxvQlIGzZk4Q3aGizNhAzMaM0WPJnOg7JKf3fzoRHzA+yaRvnp7MZV46LTzzsqLlffnqWV6LLMzUb9OW2Js6KKNWi8p7Uv7L167x9nWEbpe4a03dtbt+1OWYXHA7YLDVG+F33iqMwlQ3uKhg9OZ6I7rq9ecX9nefs7ZLNN4inb4I0URKZukg0OFO8+1WuBu9fDyWfpel9X+G+YRQXkHN4imsLwjGzbtS9lBK/oHcXumWiaz732WEs6E4lEZlticRRPBNrVjz7jOhNTdty1ogZ+fv12Od10ek/MQNmultY6nUDbjhqZNvJ1EXIr5rDkbF3MmfUNrtGYT7kwK3rdp7SFF4R9lUQUL2rDtbLu9+4ddmf2BX6STRUn8wum9Z4KcZ6H51rIlL6rHWHMm4qSYnUl1Q0tiTLDfImZNWbOGnk6GYYJtJjn7yNmO1zNQ2m7Obn/WYNI3njPhvPDiyi9S+VrkTDK+eNEv4ABbylpgps2ZtGUGGEasGZ4+iOb0PuMVlTuT1raGy+EfaL25VGeyVrU6rec+Zl0V4Ey8x6xyJv2NHQOmxKfIHBAaJMeTM8iZpB2PP3j0dLmUkrA/3nI8X0oAMwu5JvnUmeR+pcWCOuwO+jRnwqdFby4W//HHP3qbCc9Qk8fKEfEiXZfVYlkent+1zeSJzuRh8dsuziTriLzUp9JvPzsD1AMlHqSR7pyk3b59YoObNpOPeNjanWloMzE4E7nNxEX63UvExJHrXQJlc/sGO7xt5z4yFEje5uMUc7FcTy3TY5mdiZjV2j34DruudWi9ct3ZO8ipxI/ZIBC1QjoxmBOnM9EbuwSttL7eHnXhU+1sqmoTZobyxDYOxW5x2hu5A5iLC1Vn6fOyJUDuyKGu4uLrrh/bcKjU2cggTCbrB6huZUa3mTDD4NI7S1NzKu9U4yYu5JGu+zYT4UwoKj1QbixhmsQHmfDr8PHyQfdDTbgzsbcXBO5IvtvXzZzJnVM7z7ffbdbUqraQBK49duXAu3dZh6537aXR64LGO2jPTvws5Ox+0e/FL3nKRJwJ19GV6inO+5JcgZpy60XDiHanXJxJUdiqA1LNd5G0XacfVZH3wdmbS19L3QfWcFef9KE64GR6nEnHbWW9/nqYcdTJHiXIV9H0XZF3nBms6jiTmsZOZ8uw6kzo8kI3iE3KapYIZ+I9ZoszuXopN/x7plxzK6JbmQNCg+R4cmY5k7CMO5aTpXrCo+Czd7gz6W8sPhOVaAmJDzujLm3JDwtJLLmYRClx+U2PRRHAt8g1yZfOZDd7SZD2ahG7Gud9lMhalpXJOBP23FqDTahP2Z24jjPhvWw11m9cPRFnMnyZGZKxH46PZXBz8pq81KeSxpnwkR4fqa+KSjzyQYA+hFHxZ4NGnC+PUgeNUJ7LsbtWBWjx93p/JTLzZuJpdRSHyZnY61OUoA/y7ty+fCFlreWKc+vyOJNloexJW3cN5WRjQi5YtTEh4RvW7jmZXthgC2c9vvQYl3UfsvddYUM2G9meqMNOnMXyV36puvnUMj0W3e/Fhmpc2ky+UhZ/wPMYgnLreuXQObFvzE1dZy/muhK55631B2+6lK+3mVBt1HvHubSZCIlGIfpeW49kXs89qY1YzdzFXxH2lXg3F7edaocx/m4u/n4wLgos9P4bNWuDWGvJcr0316otX10ubbuee+7Qh0EfnWtj42gV9m4xdYsuX4d+MPxVY2yUkVoaG2ciGdeZIHmcydX9y5d9EVtWmPXJxg8pEPz8je1FDS0ZMZ+tjGCmImazX0xpS1mtWDdr2/7YxKTUL9f78zYTe0Hwyn0/lDW0MBuzkI1RoXXFOBOnM+Ev9cq4VVb6Q/D74z1l96rE8Hf3DSZ24Uz6htIs7wau3Kv15lr3ddp9KVv3D5aVG94N+sKuupQDX2yYaQPluetoSfqQQn86fcGb/d07k+QvXnlnZyQ70acP+C38kCeKd3NVq7PvjGMJnM6kyLrqnf1sBJF4yRuzHU8YZ6LJ3GYyvjMZstfG+vnxl8J535kcWq+IFl0m195cqlRnQteuVYevq4+lQle5PAmSe3NxcWeirrJhU6za/xPOxHvMFmdyM/cH7kyu2Y2L3MscEBokx5MzzZm0WEJTtfmOa8n1Du5M7Lmpx8/kd3e1HQyNZ4uYM0k4eOZa94N6ZlcyW5ylAB8i1yRfOhPmFaR3B7F+RBRwT9KZUCy7yF9ZtGzD7pSGVaoz2bFR6+D00REWWK9/LUDtTL/40GXW7cH26Vs8v73UOhFnMkJuJPsvnTTd1Th4fQuZE3mpTyU12dOR25HS2VDAjtWq30Vdbqzhu337gtoM5e98d+RH7KWTSsDGr2K3aLeo1jspdASUJexp2TjOpG8o8tMNvJBD6dIocOnutUqPXxP3qDmXrL6ttdX0qe+4VBatYU/3RaC/I0Bp6Kthr7mkRUGufUv04Ssq7Cy4L9Njyb3U1M4MOkuCLutewuBMXDu2saNHpk59/6bJI2nOpCFyvfOdXe6dCStt2WIqTdt6xcnl+9TfQttN6+9WK3rnQ57Cauwa6UWffeq7PnlUoYq3mXBZ+elbHLB2C++X1UfWy1av7o/r12koOMlqgjMn1asg3rty5sj13Vx97yxj/X/e2UlhZZ1t+5s0/eKiN/nwA3ttKs1+niUy1y1ZxDIv2xjMx5nY+zqWLGBBKev/03zjxRf8FvzPm9ti+EN3F2dSnxerZvT75fusr860ijebcLlpMLFLzsR+//KutZrl2LluQ+A7XxbU3D0ZuVddyrpvBb6vht3l0WvWbuCjTWaOdNfRkWNl5mSr9cZKt86kOidy2y9foZwL/mf51WY9MflLdnZ4xypWSV40bcjpTI6uVM+ljl19/8FCi97YMkVn0tfHO3R535l01yhLPhAPR/Lqh3jjq32cpw9Dm8S7ufxdrpNunEmAovD3XsCZyNzLKr5nTJsEs8WZ2HvaruVcjUwuNKY/TeaA0CA5npxxzuSGLd7O5pqSjzITYujN1ZyR2OzgzkS1KERFVnBIgpwH+Ay5JvnSmUDQnFJeaMCqw8bEadMq/e+ZeE0sQPFqgRDkqsSk1IVTfrWuSS1bE7nzhGaN3DmT1uqj9fr0o4btNx7R/y8eLsti/3vCUH3VyzEV9u7ehHPFLx4sMi52Zb44E09lDggNkuPJGedMHOVZyVS3yslvJDl0Z/K4rTzNxvpukYzORJ4GvkWuSXAmEDQrVBK+QfGqEYrdIr2RDIKmQXJDBzSf5c6ZOLoXXtB60AwV3vLYkGiMtuw9WtinzYzUZZWcc7PleeVMerobHzzxHeVPkjkgNEiOJ2eeMyE3sj8rOjQhoXyETTNn0mmJvKY2pDhKzpicCdpMnh1yTYIzgSAIgiBo+uTWmTh+pbdsbD9YyCcWHLz9gzphz7t1tKrLfqti1WGWh2ar1PS9R4q2FzITs+B4FU/hVKUVLYislhJGFnyntsjcur39RPHOH9r6BlmMuvNIYd3D4aGHHS8eLtScyWjLywn1Qw/bFkTV8ITYqMLlJyrs3Q+1ksZjtjiT+TkCnjmTzMj4gylNPJG3mVhCEqKz6+srrgUfSBDOJDTmCsaZPFvkmgRnAkEQBEHQ9Mm9MyG/cX2U/u9dcFaLIYUzefNgscijprRohuRs08IjFTS78xZzGoIfzhYuONUgpyyIUo3KrdupUmuM2BA5Ge5MaEWesveINkHOhE+4YbY4k/If8rgzudljXORe5oDQIDmenInOZLAgmXXoUuHO5MaZpODQeMuBpMdl6cKZ3Ehi/bsSCtvwbq5nhVyT4EwgCIIgCJo+uXcmju7avZUj2qeKcCYLDhYKqSkjatevDvIne48UOVqqz3WLUhhu2kx4gSodwpnovbm6yIeIDfFFc8mZ2Hvab+Rdi0p90ku3nyhzQGiQHE/OIGcyCTC2ZGYg1yQ4EwiCIAiCpk9PcSasU1bF3u+cTkA4E9GCIXjz4K3YrFt2dVBKrN7Q4cQ0ziSV98ZycSZsc3wiIUbrzcX6ibF2Gydzypl4KnNAaJAcT8KZAM+RaxKcCQRB0DzRhUibORGavWpL+m0TfxfwzNZTnUnqd4ULWO8sDeFMyF1siWDtGAutJXz+1oWiBVoXr94FB29puVyJPVtCq6w6WZF1f1hLcnUmQ021rHnkcFFfyW0xAj5BW0trcplTzuRBddL53PDvJ/3HjswBoUFyPDk7nQmYGcg1ycfO5OrFc2HH4sLCTzX0GheNp4GqzLOni9TpXvv1NLbu6ZwqvqihutBqjQuLONesZz733Smegafczs9i24o4a8vkqwzlJalbt9pqutRVupp5yomkYm2LXc2sTJGhb0hsVNtKexXfaOL15vH3c/p1gvbHV9uavaKzHxtlo3N36bbLneNqYlyVKTM0W+TJ6au7Mnt/L7lnbOl1rontJacjXA9Ce0lYjPQ3Ut3qXEScOXE2ynoy35w4C9VRs2RB3SVttnbJghpdppzjqy1xjjiTWcpscSbzbgQ8mHXINcmnzqQs40LVAJ+OPPb0R3cpMXEnMrWoIvJYXNxVdglovnr+0j0yKq1VDfz9dwNh1lQ20dvK1yq5eIqntOruojbn3OUWtvVzt7WtW4+xP0xGn1pKKe0Yy8DTRQZ7dbbYaNixczQRZj3PM1DK5Xvj7Kc3VZdvtWXXVBaHRaTK6XAmE5Hwlue+dQnF9NC2JzdhjoRo80pedCYnjp2yJlc4U0ozrFbbiUz251lJeafjyNaKPxJKP7rYlOK868Wno+nX56NYxBYZV3Q11eBMrOGp6WlnxUFovnGRUibuTJ6JUk7SwTzr+kU6rybaXHe7M8w6+ZM7q9VWVPP6b2slZ3J3ydoG7e85zjXBmTxbzbu/AQ9mHXJN8qUzqcp03lApwhB/PHt8VWWl1JJtKOFRBd3D9HUbwpLK5JyaM9FVdemsa8rArbRTV3uH7C0FsTm8oYPMzEWaiLPG8RRaJc/OMlCKnEEKgxrSY9iisDN664rYDdf99J7KErWdYbtXJC0SzuRCTFxV79DpY3GJJUOx38aFfctck+1bFlGJZiIoJXocZ9LQUnUhOq6h5X5Dx0DtlXNhx2y3W+4nRrHjyU4l2eCE7IbGGjKikdEZl8rqrieftV3rsdvLEiPirtfcv1Wcf3WS13foqVJrcv+JCNZoeVs3liU5qVSfI7/T/ry3/pMcqL16kRwCu6S0qc2Yx+IulNh5nnPfnXJpTdWdCf+9iM2dOHY2ln4pdFrV2bhjtsTSYuFM6AqQ114Rma79nXj5cYB0LZp+Fbk4E7LTzS4X0k7rmeJmdZfktch0xSblN9SUnDsZdz3/Yl5l86XTtpRqtogOsl0tITzSFpdeTHnIMxg36l21F9LZNDgTWzh70iTvNqXINwhVJdqV7Vhc+u3O5ttX+JWNn1a+rqgA1ij25Gg26q7kTGoCdjWZMpCa9iyo3/7blqb6e/F/rE3Mr4vPb7kUWhuw4H7fUMu3a9kqlSeonLvbD7c13bmrtbfU17yzq62pteEvf2y4ZSzQ94IzmaUyB4QGyfEknAnwHLkm+dKZtPLmDnX6nKFDgkkXonhAySP+HskS3A9LLHHm7K1wefCpliynFGWet2rtMwN0Y6vpsJdknk9Un3rSXY2nWK1aBko5cbFEzyA/Vr9/+TvVmYRnaCn3CvhuuO6n91R35YQaQzBRdNLoXKQFSb0NYZGpdjXUiEvLZsHHGVtuSRaF0Q0tdWFi3Xkv/exr0kNbzWqSbNa4E5fUePRevhqnMmdySw1hE8PjdAfSymogOynTHMbNY9Fht0baqALfyk+1ar/xnjDrKTKN507a0pn/105fc1GqVYqwbzXed0bYaksj/RyuZ17UCuHORP+9CNGppB912GntwhIWlX27r0R3JnWU3kpXjG81RyQ5k9aw7wp89xcqXZ1JWDh7YiIi+Oar56+qPXlMzoQZGDZ9L19b1FsRqVZy4Uxic1p55tP6E5BplaszMRsqlmJ2JvzKJp4R8CsbN5PCmfAKkGIzdXubJXJ1JgvvLmdduepT6uU8zJmUiDxL+ERr/Pqmbhdnwpv4KHMLm8gWxc4EwZnMUpkDQoPkeBLOBHiOXJN86UxIF9ShINao8xT0i54SdPdlwz+OpTpzlmWoDRFDT3MmnWFWl0ixJO0sj2BUDTS03M/NTI208mellNlWVHzldIwtLoc9Ci1JP8dT6PO+WhqlxF4s1jOM40zu1xSw/T+ZcbWpKjytxrSf3hM7JvpXc+2OwoKkGw1hVu0ZIYvnNCfWII6SJ51e5qIMj8nt4zkTte7pYlWLORO+SORh2dRI6H5NPnuCWyyPMoK8I6kms0DWrsadrLVTSzmfa2enr6QoNTyphEfelIF11FSn+ckS545N85ibfj7S70WImczeEi1Pdbb60ERzJkXnbXy758K1y9QJUUOiUw3lTK8kZ0KXIPGt1TrcatV/72Znok8Lr9XAL5vCmVzVM8uVfPokO5NY7UmQvtv3CniK2ZmI+iB2kioAX0s4E70CaF9w1kl2JkL3jgY2NjlndbPBVLPkj1r6pT82VLo4E56upfQN1f96Yc2vf9/WbSz8mQjOZJbKHBAadO9eGw8maQLOBHjOM3QmQhfk3v/3avKuF+ddrxEpic5hmu56c92+dDalho824eo3GBVNtVdir9xvvnpeNy0D/IErZeYpDTdSbdd62GASbXUtg7k3l1P2wrirPeb99JqqssKFMynLkB8HUthhjbCFX6zisxRqGIIPO5wJV1edIWKzj+9MLua23Gc9u0jt/e6dCam2spAi1KLZMOp0dkmqyZozkasxD20pxWqNy9UPvjnCloJy/fTVXZF/L0Jq89cAmZDbqhVRm0G0ON6mNyPcSjuVqzaaUbG2fKohJWEJhYZypleSMxHjzXgEX5V1ljeYsEWzyZkYDRU5Lp5idiaiPrhxJvoXmVPOxF5yuP6qc9YzZ0Jq+NPamtW/bbxtKt/ngjOZpTIHhGbdUqEJOBPgOc/emfQ2hMXkGxMlqUaFKys2pfjWvaFYwwj4vn6yJVLzCEsxPxbVVJVFzuR6UlytnsJHRYfF5WspvVXW5ArKQClyBvu9fMMIeE3q63Fax9tPl+1OSRXnwp3hkXmcCRs8o8YlcCbjKiUmLmy8t/eYnQmFoXrfIa6nOBNVxsFO0NRldiY1WeO0mVSpI8R4TnOELUZnsQJFm4n0exHSO+bVWc9X6L00eSjcGhaVqv+u88OistXMWm8u2opPf1lOZ9IjrjaXEk9dul5cXiIuPsVh317MK9EOnX1mOxPanEsrZUyGy+wx+fDOX2fS9KeFzVJbh8fOhK9b8+4JufBnIjiTWSpzQOhGcCbAc56hM2H3noizsRdF16ynSrRFdJZkkj3QxnYbbm880HRN6YmNZi+NtUaeO52p3bFOn2QpYVZbnvper+bb+TxFjK+lFP7WYJ6BJDbKX3N8ib1khr1E2PTWY2+3mfSxTg7au7lcHZcIknj8AWcyjurYYFkh+dQ4j0x7FS2KvdLMev2V57Oc4barapeeJzoTe0XKd2xskjX6CR4YmoLMzkR9FwV7OQEbRSCNM2FvdjpjI6cxToTdXhIWnZFb2VyUow9W0TtDys0p6qzWJhl7LI6PDuehMHsQIP26E9UHBC7jTCIy5AzTK9dxJlymtoXZ1WYiJbrutul7zTdn0le7diF7ZfCrC5uq++Q8HjmTej5kpS7xTrtpo74XnMkslTkgdCM4E+A5z9CZQJNSomqchE3iEkFS1aWzKbUDcCbQ3NB4zmSo5jp7pm56Nxc5kGI+ZtocYaefHv/dXPz3IjYnnEluQtxtLZGFwtyKCN1OP5Vnl50Je4O59soEaMKCM5nnqm7uMQYicwL6XuYvO5dkDgjdCM4EeA6cCQRBEARBPhMF8WW1nXNJc96W2OFMgM+AM4EgCIIgCILcyBwQuhGcCfAcOBMIgiAIgiDIjcwBoRvBmQDPgTOBIAiCIAiC3MgcELoRnAnwHDgTCIIgCIIgyI3MAaEbwZkAz4EzgSAIgiAIgtzIHBC6EZwJ8Bw4EwiCIAiCIMiNzAGhG8GZAM+BM4EgCIIgCILcyBwQuhGcCfAcOBMIgiAIgiDIjcwBoRvBmQDPgTOBIAiCIAiC3MgcELoRnAnwHDgTCIIgCIIgyI3MAaEbwZkAz4EzgSAIgiAIgtzIHBC6EZwJ8Bw4EwiCIAiCIMiNzAGhG8GZAM+BM4EgCIIgCILcyBwQuhGcCfCcyTqTAQAAAAAAMK8wB4RPFpwJ8JzJOhPj+gAAAAAAYE5jDgjdCM4EeA6cCQAAAAAAcIM5IHQjOBPgOXAmAAAAAADADeaA0I3gTIDnwJkAAAAAAAA3mANCN4IzAZ4DZwIAAAAAANxgDgjdyAvOpKS0vnvUmAjmA3AmAAAAAADADeaA0I2m6ky6i9ItIfGWo1nGBWAeAGcCAAAAAADcYA4I3WhKzqT8+9PMlnCFJjVnJNJEWEaLMR+Yo8CZAAAAAAAAN5gDQjfy1Jn0302O0D2Jqzx0Ji35tO7xbLucdjAkPu6mnDBRLCGJxiQwDcCZAAAAAAAAN5gDQjfy0JkkHDIakqk7k+D98ZbIa3KaJRTOZEYDZwIAAAAAANxgDgjdyBNncjDU6UMOfl/JknpKnebkeHZVv3GVp9OSH1dQGh0aLxIGr6dmluf72JlkRzl3ADyVZ+tMtiiM1eHVxgUTgFaMaTAmChpOrFOUdXw6Z/dSRVnqyN1Dq6w78eR1wByFqsKeXJdZztLXN7aOaIlayrotexOK2PxIx5a1ixVl8dLNn/EM1ef3q1kW22718ZS+WzbKsXTzXq0IjSG9eEXZnaOlUWnrqBIqrepcR2XyYn9lceBGrSBBx9WIraspm9gEpbCc6z+TczlY9d6oBO7n0zm7FeeCodaNgYsV/8Wrt2pLxQLzXhUl7F2sJtBe2TYqxp2Z8Vz51K/ZmPY0GqM/yTamEX5+bzhnrlu2pQ9Ji/wuPXQudNjPUsq4hYCn0hz1xhVj2lMYarzy0gI/v5eC7PpPtSRqG52CoI+iXfIJhppZ/gUvrfvykkv6w4t+Ovz0sVJ05IxUr1QW/CmhpFfd6Bt+fofVKEmnxLAKAPMBc0DoRpN2JoYWEpEe7Zp+Y0BaZyK0qCakIiuhXP01d1w7ToXfTOfOhI9gKai4k2CNT2tWM9xMT85ITMgovlHP5uIOxMdlFBdkX6lSC7OEJITGXKm5WxlMO3OyVE1rOp50raCiKS8pibfqpB2PtxxKYGsVXrOEnGZZhvvpW3R3dXYP0ibslgPJJRV30s4kqauDcXimzqSBoqKlW8merDAumTJOZ1LMAsoGqg6qM9lx0RlzgHmC2ZmIWUXZqE2sj+ETDZHrwigKadUd7Eg5D+Vb9Yqz/3XmBBK3Ksr2ZDWhT9kqP0ZpMLjfoq+XKoF7nPMjrQ3NWlmKv5TOZnckq/4gebvSQV4ofDWlqEv6lC02KeOQsjqCu3n6AcX8QWktv2oLZzn7mvVN9yW77sY4e5XTIScM0SZcEmY80+RMtr3g95Lfuu/a9EUvbPN75zvRR/nwq35veNWZnG/YHl29uqzznHGBK4FBG5jWvJ/TOmxc9jT2BW0wJj0jJu9MepvrevmUdo7sZ9/7Xk1p+27beBfzl/wCtKnrlsPl0oK68OhGadbhCJLtqISoV7Xf0Klmpb1B5/wli8hw6fd+n7zgfWfy2eal6qMQw5MORvLOFeIx3FBzzoqXFcV/8QpjTnY/JVZs3hFxSX0GQrc87QKiwR8FyikATBxzQOhGk3YmYaHxFqnNpEp/XzDzAFzqUpfxIhOBOxNHk8XGrgf27CTL/izhTI6HxoelqZ3ERu9oTuNmuuVAur7yiCXUpZGEdoA321QlnbaE8AhAYLccZ33GmDPRm1YidYsV5/Ra5R52S5tPPEtnUh2hsBixXLtWNsRQyLgxnl1S2eVzvXopHsnhSyO2b1wRyJ7w7uXXXKnNZMu6pWzByyuSq52PfTVn0pezJ1DR4kLVmey53Eq5Fwdq8aijo3rj6+xh9sa/ZPDQk1ZL7Ohb/TLbhR0n5DsbmK24dSbafVo4E6qHW864hOjORSo5uxWqd1SZRLalyhZ5ubwtYoe/siVh/JhfNOuptDrbWC5/ltjB2jFEiiJvYiBDL7BB+SLHpc3ESYOzNMY4e+Uyzzah250ZwCd+fn+6MrROWeC34KVaPf4sSaBkv6DN+/isiCDtF7d9kt1LUW9zV8lLL7DH3YevaOHsvs1BlLJAWafN687k8C/9avVn8A5XZ0JWxELh7RHtITnZEJoTj8wD/NZ50ZmQLYm6s5KLpo2LJQKDtuXk5uYkRQWu3Jng4jGfzkx0Jm3X/F/y83vhpRJ+Yhqjoxt7g15ibSO/PjK+eXmDN1M4veWVN2LGcabOU9kY/acr7NM/pITNZn9iKJdOo2uChtPxNkbzjZIzWSc1kmzze+kTr7eZFO9f8buI1vKMiN+tiKl1XdRXrixeLJzJR/5KzPmi6kLb3nWLbS41oUH5Q3Jr+dX9W1Zol7XcPatdf+ZK4NKlcCbAU8wBoRtN2pk4tJj+ifIwoNeciYM1lbCx76eT65n94Imum1ANyc10blUYXTcMG3X25iIDo00Px0Ulhh5QSzie7+DfQnVBfJpPSM7EkRaTYNmf2MzaT8D4PENnErFaUbZSAMaiw72FLIU9XWZPkasV5SPVtHCDwZ76JJ7IKCfr0MGMitrbRnMmFJZRhowhx1BrOW+r43BnwuyFuBCrzkRRlnZ0dLD/v+Bx2xCV6xhRU5SlDq2rz9LWjo7WQrWxRZQIZi1PciZ91ckr/nKVJwr70Xdxh0uAXrx/f7E0y3wIqydhrytLQ3hNdNobRkPMYtVCKy+v5l5XWbq/qDVH7ff1mTMbMVK09GutBMZA8meX9emORNrDHYoiUrZIm6g+tkLbaYdjhb+ycfU4oUbHmS2JD6R5fa+2HNQcOO3VXu0Z7Wc8S8x68aN49jALoj+l1iLIysPbLqph7Eit3+8vDekRpD+FolEslKOod12C9jyNP9K+9Hu/Sv2aoD1KV+Pa6F/66c5FwxnO0lbShxzF5E1e0hd9UnkkQNuZh5doqbecSVnnOTIkld2pw6OPuDlx03ISGKQ9/E74YENgaAFNtOVFsVaUle9Wqs/w+usyf7mKtat8eEir64d///7KoA2//H1Y5MYNjpHSw28Kf3I38M+5k2558QbmNhPt5DZG+73zHU95QlOY3W/jWT5FZ7yyayjohQWuGTRqqRp8faUk6j3/F/zVhKHKLvYfbfqll5hr3ZeuNVmSL2K1bPmvKcW5vrQDvRe3iTaTofRtejNaJblWrzuTPdIPnD/pUPxX8CvPZ1tj6OY1Xtdlw9MHaTZ3D1s3d09O4V7n1awyzPb/s/euT22c6aLvn7C+7M/n4/m4P6jKVXxZQ1XXUMWajMlmzGTGHCdbezImO3NIZq/Ya8o4lbhyYcKK7TjEgxXuC6NYWBrAhnCxudggIiObO9FAkMFghMGxBEYGY3nE6fO8l37VF2iDDAjw86u37O63L2rRre7n9966hxT/KfMIsjmMAaFJelkzuX5ryNtDUrHSJ/4lzaS9vCooR/O+7SKttGJmcs2zME/aWZFEb6WbNBPvJVd5c7/vPmy+uEEzAbytLXnnXOocRE0CzSRD6fWRk6IEeUQeMuSAE8JEiKIyCv2kzYymqQyJAtndV6JmQmQG1vyPUvU6MjcTDq9JYWZC7925KaRORr0+W1NmZsIXEV3ZLZEa8hIYzYTzWpZoDsJOur+NlDLGqt5onZumA8aTzjR6CU1VZYFr+EOh1pJj2mLISKvHF/L3NV48JWWRfUppmZnWY+DD9g/S1GWcnZ+ndap3PWVXHWQn/DTUh60OXFilDSMS6ExNIc7j7FdVy0zYs/RVIvyorKAnylGVuv2hQJ84KiL52h9FAoHIL/lLWtStaANElm2KZlgsx5uWSQQ52PFpymfcMmCFWqWiv/IwCRzV4SNvfgNm0j5hSVJXVRGEmdz+a3IX+ZRBUBMev0LoTMrOk2EawtPbUVJ4vyVmwipM2DT4iXm1iTATEIwjRUM0588TC4tzP7WnHyMh+0LDN50/PVhYePC/36AGsuRN/39tLT89GKq3HaFOMvHd8SH2B7x3qYA+lHceEzN5p4afPOM6MvWNynt8Otz9KRjFe1fXbdWRRATk0FdD4sdNiQS6fIGJO01JisrebmkLBoOVHx1KMvQzIWayHD50wJLyETkWMBM52sW9d7QAFGVbzYTJg6SqlV3bTAwtNtcwE7lPdOPsO5sWoQ0TxAYIsimMAaFJeikz0eXXfbsFZiI/HTpfVN3OflOq1lxnFIvgqM1EXsk7p+kNYjST2NGGek3MpO6C/kvJfddUH4RoSJyZ9In4kEEziQyAbOQ0RYg8SKfAXmyjcsRDpSI17fSXpyWtmQCdJTmZtJA61xN7FCmtuRpBe9StuditnBQPQxD2tJu09ZJS2W7ZMZCwNdaEBs1kP2A0EzEr6iIkqw3kIaKuXo34paxSvyq8KQUZydI7sEyuEx416rDRHim8XSJFaLa/XLtrArERPgmW4iHBishRxxNw9arjEdqa60njCV6XKIeIO4XWrSf2i6MSWeyoiJmk6frNJ4yTJHzkJdlMG9RF6ZBTeZ/kHG8atRypZO2y1BEtMxPe/keVQ8rmjxQctLDS9BjCTFjfZwaLRFnoHGkiLmTlJehbYyaV/kxhJqzaBHK0q8Tg/UwOHb31kM7fsV3lzVplUiWiYtqVMy3L370fy/yMt+ZaTv+8Hf4rilWe7DT8HN2rPHzA0uYjdRfCTMSf1Ggm4faTJ9uVSi5fwckOMh25WyJa3KmxHOCnErZSj2QQwwcXQLIuJ09VL0qMF5QlGKtWI2ZCGvIdLPDJoKyyVnq3hKmqrGMlnaGAz1DSQdGaCX1YZWR9rWvlzs2k76KyB2ImcOtIY00S4H/WZFqzEfKKEgk/23Q4ZwwITdLLmInuypYD11/iTYvCTGiXFT6lmIksRx//dPsM6eLiuu6bZ4s0wrA4zpb6aM97o5n8834vr+T5yazORF4ah3XO1MM9a/48bfplq9G2xkBUJMpM+s6S8bJCHGIprfS8g4pk/I7EWFPlvGhbZjGTlO2clSOjpGuK2kx8rvwn9OmTm6YaCkmYCRAl/QJJn2ajmdCc7KpZ+alffBaayf5jQ2aiqy6I+FPfVXc6J1pCxlEw8MSdq1ZiNazdF7hxThOtHOFlnBHQEqemKXnET8txdD3gQ67sNXvAg7orrbm6S12tjR9KzvNZPBYJdWZ8oblmu3tE133Ck5unxFEpWbzklfwoeJ/+xGM0EwheldZco+rWXBCAJlPTMJpJ10fJojUXa5bDI+DohGgapCylHzFaINqD0UyyieiNYHmdtxbbKjOJozXXxMXjjfQAQT9aFhYXlAQ5Rw4dHbq3uBB+zsxE3bdETLMGXek5DWLRDsPOERn86tcFNCP4QjOB8/spVRG+1H74Nj+nYTiJxnoT0SpMjg7SajfemkvQBteLqjs77AdylH0SjM3JmJkEXVbQnuS/kj6uW24matYo6VizzgRuC5qiBNLPhBSviAxqJpGmHLLDn52kWReaCSLLQzfdJVdJ6nmsX2SOMSA0SS9jJmunOM0E2YMkykxOEzGJDS0iKaNm5ZPGWfTWyepJ6HSoho0pwlGbCZUWzhp1JhQyDuvbpWuYyc9XsknNDCGLTshoJvsROKfZF1pb20gK0dmc74kQt7pOS6nH2Do6M7FnSaXX+SaQiN++dkzM+n6Gm/SU3x+a9XWnKs0FQRiuhOSpqmxnWx9pzVVyjLf7usjbfeW+KXU/ZbOpsT3L9FKntRb56ZL0Zi5sy7o8ydE+yHH2+J1fZKr7ukCoUcrFZsqaQaoLM5TWXLnp0hVlz61t3aRXPQQv/bGjykiRxFEdK+n09zjZUQEQv1jL1wh/EsIaZkKKw1MmgsGC91Iq75FZJYIkkWVXeA0zkcNdSb/Nq/UFbrs+Zc1yRASsrk6RlY8YPX9QHaGy0nFhJsnK8MFbZSaA6P7Okn6xCt6aa8V75JyXdBHp/uY7zblaFL7R+81RXZ3JfypmMvHd8Ymo90T9I7Foh2HnKNJCBuxlp9LcTMIdJ2GNtpY2lsj9fa4WzmkwGLz82SFWefKO9lTC+l13gwFfG79Ouj6lFhqozDrcdmdi4k6TxZJCNwwcv3AZ9lPwf2ALTR3aemYiz122KsMHb6eZRHQNmAlrmwk8oWhzAI6u2wk3E/lpa06K5C/JJDcINBMEHjjN3Ew8rAJ2wxgDQpMUj5n8836vq6ZlvRRURutC9j2JMhNkU4BobdaR1A2XkW3naWPOzv3BY6MGy7r3mcSPZp+vGhbLO/qsnWLDowbzcvQi69H0D6/LtJKk5c7I3L2h7z7/mK7w57mFxYmBhiPWP4GZyMHrb7yv6WdCWU5/42hC+r4zbv81mXce2josr7Pqlz3O06lQKOT8knQEYyUd0jr9TDLfP93nD/l7Gkv/IyPnuqp32XpmAvSc5rWvaCZ7l9nwvxTN/1/fL2+ynmMtVoO+H7zlTb36/BdhDAhNUjxmgiAMNJM9AZoJooZUvGTa9LkvwZX3996bFreG7rzY2LWvAOlvFeuzdgrSdUf39kMEQTYC0ZKFldnwb/sTGYMZA0KThGaCxA+ayZ5AmIn9kyzS7Cwl1UcDSauU5QzI1tek1LdJ0zgrfQ3L6ZukbyyYif/7U+SN4Klpoq+1z3UKVhAvCI+N8qSUpcFWT4btOZmpYkQXBEH2CSve//3duD4TQZDdzb+WzP/xx8gff1hJubhYF14dvbvZ96AbWF0OL8Vav28QY0BoktBMkPhBM9kTGOtMWAtj0iuG9Vr+2clGg5VpHx6ZOkaf0mieN0f2l/Ku2NEp6cPWyDpmovRhQBBk39D71RtH3/j3raxnQxBk25kNMy357yXz/1I0/69dKyu0WVf2T/oVN87u7QGPIAw0kz2BMJPG89l0hGRJmIkyzFRszFn729wx2KxMzIQMBqB+DwbksPEDjGairIIgCIIgW04XG5h7q0aS2LfQRlxCSyA55yPeGwv/8l9kOL64ue+9xczk7ia7lBsDQpOEZoLED5rJnoCbyYQ97YPSUIiMk4xmgiAIguxBgmywtdE5/QJEzb+WzP+2J/J4bJFpyb+UPyZaUjR/jQ4SGD+rCz/dvnOxZdOv0zAGhCYJzQSJHzSTPQEzExAJpfNHKA4zAf1QWnP5WWuu7i8kH23x5S8kQyvrtkIQBEEQJCH8K60q+b+blrP/S9GS/1p8WS15CYwBoUlCM0HiB81kT8DMJHI9J+vrzllfa+kHafGYCUykZPhDIdjczjqT9OdnftEYCvgy3szMRDNBEARBkF3C7NLc4rOOrsePl5ed85EtqC2J8c+nmx8+3BgQmiQ0EyR+Emgmy/fctmKH7ZKHzQ7XO2yXOwaGBiE90665NrMeW6GDTq2MNDobusfGulvs7hmYn++uq6j3hIOTRYWOomtjkANrDkzODdxsKKKbTLU5Xe1eWIHkNI5AjvuSw1beHF6cd5U5aA3zDOR4JucCI27bJS98xNwoOTCa3K4SspPmcseNkWnYQ1kxPYzVMVt5A9snOwxO7Djjp+9sWp8+D9kwq496rzqNZwEuOdaa4Fl/wt6KjcSNOH2b4KGnzqfP2xOMuFvgAq5wKQ3z73fALEtu+rq06EwPmx0O0WrQ53P2MjIb2+TFjFd0kFeh7HUm2pybvjB2BUtwvvj1+ZA8NUTa4EUbvtMwvKLPRPY+/2StubZKS7AHPLLbSaCZVLmniY0oZgImoAnoX0DUVtlRR2PNRz/U2opbWG6NLvr0weO8VpfDHuQCtgL8y/MfehpGNRvatfv0XHbYasnrwmyuHiVvrMo7D99FvBShmaoLJXac8THrypJS07K+JN1MkPi44WoZDkd151FWQtu6Cv74p5dfdH6YxHz2ei9dxQfnbnnMTeK/e0vL9zw1sHJJ9RY9IJCXYgvNxF5YzYowOGPtRcVOcTsaqCWXhygugQupqo0UUtTZIWRcUrK3lzDrq7rcz49quHlYs3wF7jNsqrWSXOfLPyv3UrHJLqCh3NHcPRbwexsqHd4FkmMrrFNKfEgJkfzQay8mpUg3/u4chp/ZUr+r2OHuJZvYirV38n3G8ritrMG+loTA5Tevz0NeLVJKtkxLgLueH5iZ+DY5+LAxIDRJaCZI/CTQTGRWT6KYyQ27w/7DhiON+x03ZqMs4tfpjXqtuY6YtIgc+gAURNkK8Pyr6iafDisMrMjyYo+L1YSQFZrVGxQVOpv9pFTSdlW8znjG1jgChyHWiR2G6jiRxLKemYQXx1vtjvDifDgSnffW2QqdgcV5iJzmSCxIzMRV4w4HJ23FDRX2do9/euRabQ25RJAEs6VmUmsraR9TRqohKlLPK2CBmmJH3bV2D42k6cpK+Lg6aXP17OxLGmds9eSz59y12u8+Io4W7mAqx5LFJpyHHncwai/htSvzw+0w0TD8iC7zsZ2QnYfHi4odRZUveDP9ZjH6kq1Qc38mf3mmWKuTRc3ke0Qj/LfWECvu2Y+sTrLSE+P1WaW9cZEHzfIYKUwpJkUk7tpqW7GzopY8AeHEEV996IHrecLdAOtUtfPHnace7myOMkeD24/3rlee1bme9lsljfgOeGS3snvMJDw9MjA0BiFgVbmDlJatz9g1J9uKRfykIZby6NUGK0u2shb1robrnZDDpslWhfDobVAWRuc85N7dfE/cuKNFpCi9WpmlTLtFVGovdozMzE8NuV3lTnIAD71Ff3eHF+cgp4g+RHXHiSSW9cyEtdxjOaTqLMgmJ22kmR8xEzavll5x0SLbBPzZi8qd4IFTvS1F/Ne9AqEYSGOzw+meJUUD7PQt+1pYE00Iy8rKnVPB+fCMj1d40p/kwOTciLuZ74SZyeqMrVwTEEMk53XxulDAVukOKGE6/OYh/5kctVXwSglV+Phoh80EzJlVNcB3B3MgdzAH/SKkBERZyd+urhYWm3Aeemw1fEweCHnZ3RKC/oqOGbWZVHVTV1kVf4StZnWQlUPRtrIx1KG5rrpbKSrisCIDOLmeq87e0Q64VMKL0zalrIp9LwjZXTcH2fWgqyrfnaxhJiuD/FwowLdrvc/eVBWFL8gy57vrhlfVZsKrWZQ/hU+/WwTZPMaA0CShmSDxs3vMRMWKqqGUzOr6Y9XZK7HSQdM6k4iu9j/QUXtjZo2XnrKAFVZm4U54uAXcY7m/Qdmc+IlYuUr7dOSs9Lv6NQVRLtjEcJxIYtmYmTT3Ls6T+hNIyxE0k0RBzERpXsUiVBJ1KXUatsKG3hVy+iZ8LWWNPlb4ACt4lVH+2clS/+7q2C8XzGR4xlasrwoAM4EonK8z7abVIzwoH2t2ss9tLuENuuyiA4BdozfbTqhfkTQ1S7aS9nXNxLiJqtZIfW3Twp2YmShNxbT1LVvFrMeu3EhHhgZJac6I11ZIgmy1QogfLP1rO+e0N2/VyZ0R1dfsFx0zk0J+otWlV7sZo5kYa4rUpW+xGifaSlltJixbnMrmS86iSw28TSCCxIUxIDRJaCZI/OxKM5lXNZQyQHqAxLoGQgp760STLaIEFIOH6EVFwJ5wtpp+pR35CjzDyIEpJYu9NaqQVNuyi/FsoFmERAzyRDQcp2YNZMfZmJnUxiI8AppJYqjj3X4IzEy0ARmJX1m9QS/zEk08zU+W+ozz0/fQU1TmLGsZF/kMYiZyFCQkQFWEVoPwML1GiaGn2qt7afkD7LamF9zVJ24RO0NdmWPNyJLcbdSt1CBIZfV+4cE1NtkFZlJT5tD7Er3NgomWqX6ARUqdSXhxfmzIK+oHGBoz0daZq8xEVUNu+MRdiNFMhFwJ4jMTuLzd9bW28gYvLYBDkDgwBoQmCc0EiZ/dYyZlrhZ370g4OFlRzJr4vxjl4RQdu8bH5qLlrFHSGqFdDKU1SGq9Cx1idmBy3u2qHRiZhM8a6W63VZJhd4sKHWU1bngE3vg7bSvib4eckZn5R5ODQmnmu+tEW3NgbnqaHa3tEmvmsQKbww4hZ0KJlhhYZ7IbWN9M5IkWZ6t/bi60Mj/QDOe9d2RyYMjbPCqjmSQKo5k8+mGNOpM52sjHEE/zk9WgquGM1Zn4iGPo2otSMwGmi5rHSBUEgYXpj2yVLcqtw8vuFSJ8hE8RMeJ2A46hPWSF1RnbZS8baYNlsB7woCWiNklDos1kDVmihL2kPVJzieq88xPBUZ9f+dUwk2cDzaxPo5p4zYRAH7ia5nMIsnGMAaFJQjNB4mf3mEmzq7aM9sus69aXaK6H6uG0VFFCBk2izzxSBK6trJjRVF/U++b6O3gr7fK6R3RU7+V73joHGVhWDLIJOWSdYufAz7zupbksNj4P4HHwo1UetHNsh8bjRzPZDZiYCRkYp9BR5YW5aHjcSy6SEucwbdKDZpIQjGYC8Zarnw6EtTpJO37w07c8DDJJStONZjJc75yKyQztMCb6majai8oxMyGtOlnHax6mT7vVrfzZTkT4+MzXwg9pu1n2qQRpZG5FbqioG5kkjaAa7A7WDLWKDmlFS1JIKTsIgFeUxbBhrxiJNRPqS/pMyo1LpGvEWLNT1wNewCpVBK+AmTzyXF5jVK64zGTE3TsWXpyuAI3/YXs6DiGvAMaA0CShmSDxk1gzQRAEMbKGmUCkNkQGkhJlByqxHCy6Omg0EzJRW03KF8rqeO2BEpfPddTeUDVrEWYC4W+A55EwXdfKP3CzemBFEz5WwHGSvuPIhtCUEJG/+XxFOSkPspU4J8LK6QgNkiIeB60wWRhz00GlbMXO3mlNk9l9aSYIspsxBoQmCc0EiR80EwRBEARBEMQEY0BoktBMkPhBM0EQBEEQBEFMMAaEJgnNBIkfNBMEQRAEQRDEBGNAaJLQTJD4QTNBEARBEARBTDAGhCYJzQSJHzQTBEEQBEEQxARjQGiS0EyQ+EEzQRAEQRAEQUwwBoQmCc0EiR80EwRBEARBEMQEY0BoktBMkPhBM0EQBEEQBEFMMAaEJgnNBIkfNBMEQRAEQRDEBGNAaJLQTJD4QTNBEARBEARBTDAGhCYJzQSJHzQTBEEQBEEQxARjQGiS0EyQ+EEzQRAEQRAEQUwwBoQmCc0EiR80EwRBEARBEMQEY0BoktBMkPhBM0EQBEEQBEFMMAaEJmmLzOTRUN7ZKpIudOkXIfsXNBMEQRAEQRDEBGNAaJK2wkyWfI5vqJacrZp7rl+I7GPQTBAEQRAEQRATjAGhSdoCM3Gc41qiX7ApHtyytT4Qc4HWK3lnr6gWbwkPrhdXtfcMeXtunzlX1bukXxwH8K0dA/rMVwc0EwRBEARBEMQEY0BokrbATGysHdfZKhp4Pj9/rsr1o36dF7NTZhLg05N5xbfnNEvjQZhJR8XLidneBM0EQRAEQRAEMcEYEJqkLTCTxm+5meT9rdFVVJV37pr3qX6dF7O+mfTW15Odn3N5lbZiRCpWg2fOVZ0p7ZDlaLDvBqxgqxlSto4Wf+tSr6+gNpMH3ExWF8tLXbB5cdPo41W65PncGaUWiFcErQbZMag+gsPNZPI2W1n5CvoDyDvX8lNrI6xw5ttGmK2kS89fusWWtjv5F6y58/KutKOgmSAIgiAIgiAmGANCk/SyZuL4pqr81oPBq9UilA+y+H6zPLgl9qAkYibBjvq6iShbpaOiykd3DkuLO4Jkyt+RV9Rxl2Z6Llbdhf9CvcXnePWFK7/qGZviKGbyfKn8b1UdIc2y9vIqcBWYOKc0S3vmbbz+M5mAI2kM0GPw3ai8syI2oYt4nYlD1ZhNfQB5l4jM5ImlS/1gbnQq+lN9tecp+eJ7tz0YmgmCIAiCIAhigjEgNEkvZyaLbEguV3nHpIPWPNT0xFvq/+DWOedtL+kEQlK7s5qZCdiIUsshywMtNSPkf1jEnEFeHTrXNMkW3m2q7pXlx+76vLP1LKfXWTXIpjjETJj2nCm+oVlCV84rJpUYsVZkAy20Wdp8XkXvY57ly6sZ5ZOUNc1EfQB551rYasrCB3n2fjZFzOcBfIWxvG/JOnuRvWsmqZLUvamaPXeuJEnWi1P6fATZy3R+LumzXg26PrLEniwb5H7lyQ59HoIgCPJCjAGhSXoJM+FaQgN9p76Z06ZZpzVXTb6q/8aDW8XueZkE+i29PMsntoJNINN3FQTp2uOFeZa0sbC6NRfHe8lV3twPa3qquJnAOp77i89Wn1d+w6pcxvIukRV4WtK0EFvHTGIH8HiBdLRX9Zl5kOf08cmBFmImhGh7ff25c1U1vq3olb+DJNZMJEZmqX7BBij98vQTfV6MqYtW0BA2TT6h0I9m8soCl0KuWzOb830o5O+zf2KV3ue/a8lqYzlgvHBdXcmWTl1snfW1ln6Qlk8KImalVKsvEIIcSUojG/TnZ6RInf5Q6X9k2CdiO4dLL+MTZ2tbK0k+WqsbnXK+mwp7C4VCEdhRTbYkpbb6ZltLjqV93afeMjddkt7MhcOQUrLI/NNuyHH2+J1fZGo/Ar5CWq4bdibPtuWTX1BqWsa7OTB7OkPKd/X5e5y5b0pXWNEPZ42jYt+IHZXsL831kP/3EFtoJhbLYTHd9heL5ViT+FtYfn3wnRpavU8JuqwpFsuaO4mP76dOVPozf5yv0y/Qkn7oKEn/z587Zzc9euZXh47qsxJEoOLwpl5KELmTB3/ty3cmbrs+tWTVsjxLkjUYDH76G0vXsm51srStpU1JJSlnRcFm8HKW5WRFW8DXZrGk5NGixcMHLKMzwa4L78FHxHZAr6vBYLCtpSkJVv2IHO9hy8HkL1VlpHBUyZpNXh4rfxZy9IvZzeFtO5katYnV7Jqn2RTLhFtBadssyYBHXgq5LQiy19k5gmwEY0BokuI0EzFMMCTePeMlWcdMgu76mhFja651zYS15lonwF/DTERtBmzFzCTQfmVSe/fOO+tyDKy9S2EmdRc0rbl0a7/ITDjwvTTzu55Emom/VCIho4/fK6fscHfOqiK3VHL7fJvedaOdbGnpiayMdAgapdPsnkvXYfflbGsaWfBaRqM/pircTJ50kht6ei7JomaSe3MW1k5Np5EfEPJn/S4N8rO+bJ2lwQhsdiX0JPM1cgg5F5UTjexljGYiZsVzmj/1ZXIdZtdo2onGFlE6P5fguoOLSayWJmWrl6s/C8hJkbJd2oanCkKeKbPS55188uapKyHZmSWJHEn9EU9blR1OSZ90rlNnMhXbG2GNo9LMk4/ILPXr8hLGSYvl066IVUqyJCVPKJYw6IJsy6F3v2KzwkyCTcdPdoQh6g0sDCYfgFUsBV1hts5X7x6CnCTJyucVMyk4YlGaGBPUZmI5cDwv2XLwAq9aBw2BuQKlov2gxXp468ykYuwNddIvVpF+iIeYn71x9EjR5ooRd6OZzN2G4N5yIHmQnZj7lZX3w4cgJ/nQO+u8Ue0w84eYW3YdtpuYafDyHyzkwrlfqfITAlw2lsOVMMH+lQ2+FDPe+5XsQw9bDltV9nLcknxSKzNbSkTKduqyntw8ZS+08hvRzVPqH7YK8ZN/0vlJWuNT8sg79aGkuvX4rV/kZqGZIPFiDAhNUlxmQmpLqotrrm1NbQljHTORVx/knaseHJ/09dwGQ2BLzcxEjgba6/OKWrw9QzV23qpKYQ0zceRXNQ5ND3bcOP+tS9SZ6FzreikRME/PkKe1w6XtEyLMxHupynVrcnCcVOmoD+BMDQlPzczkwe26jqHH98e8HTfOaJuK7X4SaCb+kkwI/uEGCtFhH4kS/LbfSdIJMsAA0QIpG4IzuZ8UCSs5HLa5RM0kcj1H5OdcjxX6MjOxZ5F8WubNzSQtnXgIwEuIqR1xssjzADbLyODrSHgT3xeYmgmP+Nc3kynpi27VrFxqJVcFXEynbvIcq/o6iXbmemJzMv0IciWvhZRCnZnTGavQm7LDTnJVVXyaj3DnlvIqlJD0dunaZhLtZJIvZo1HpZkHV9lNNYoQ+aX8W8rlOxOjVz9NpuXWpLD8wKGJYPCr/5lSeY/Mswgy3HEyxZIk0/gSNhmdCQbvdnHTgKj0vYI2X6Cr4iQr/OZxbXTC8m+f8k+iqMxk1PKXttt/Tbb8ukBZdFIjKn9p2yoz+XG+Dmxk9PG156srzExMak6Embj+/Wj6OS9MzHkqSC3KG38apaVoS/faj/ye1Kt88Dd+cRf85c9vHDp65C+28qyjcnSo4C3hJ+PpX7g3XfOyFcQc4M5XcHInugrg70lm4Uz9Wwo5U4YaDIFyjgZT/kp6k4bbTwpdXIP+vBRLCpnoEpUtnJLfWiyfkaOwHHiHzEcnSg5Th1FY00xqs2LrWF4v2EYz+dnJHmRSSgZ/csnyqTSJPNHoPQom1vmVqgoj3LlkW3duZ8/pWHHDqM3ZQ4r/lHkE2RzGgNAkxWMmsd4al5Rrfx9xPt/Fu7vcupV3Tuc2iIYEmkmGEgnlpEhpZ2mzFiIPGXLACbdgsIKMQv+V9yXR3oYB+ezuK1Ez6fuaWETGf+jbg1Ez4fCaFGom7N6dm6LUjCuwNWVWq84XhSTls5A9jdFMOK9liWiDnXR/W25minLByKTwMTddNUtz0uglNFUF1pvmD4VIoyzNwz7S6vGF/H2NF09JWWSfUlpmpvVYKBSyf5DmVMUUnZ+ndap3DTYSO0hiKerDzlV9BKu0YUQCnanw83n3lLNfZT8T9ix9lQg/KtJYTTmqUrc/FOgTRwW71f0oEghEfqL9DAtJIahtU2o5LJbjTcu01U3Hpymf8foRWKFWaXUFEaVMd8LnYfqAUuLePmFJUldVEYSZgJN0kU8ZBBth1wZoCI1Qk2E60nL8dpQU3m+JmVT6M0U9CZMTyNGuEoOZyfOlqfQ3Pr4KgfOK+z0HvwpOaKtEbp07Og1RaOmfW5R6/3S2QrDhs5uk/dPExeNDqvqincTYmov8eWVyXkSTOeM6wETFYaajQLj7U4vF8t7VWBM7IwfhEmlR64ZCuAsclVeggaACv/lqUNsqjJvJcvjQAdGa67Ac7bK66CeOFlye01xaW8nTVlGZ2efxh+hpetKUAzcKYSbwO6WNBFLhVx/bkBAzE39hZiutM+kkv/TTtOCPVpPShgnqbRBk4xgDQpMUj5kANRX1xfVbVFuyq/j5drk3NvrWmbPVqmWInsSZSZ+IDxk0k8gAyEZOU4TIg3QK7MU2Kkc8VCpS005/eVrSmgnQWZKTSe7USjUIRWnN1Qi3Y3VrLuZC9rdpEEbb8cN+2W7ZMZCwNdaEBs1kP2A0EzGbLargrDbS40IdsUX8UlapXxXelIKMZOkdWCbXCS/P1mH7Hdk5b5dIEZrtL9fumrDROhO4etWFprTO5EnjCYn3WQkRd2IxzVqQmklZMTEGOypiJmn5IjOxQOR3uIKXXDNtUPcqIc1x7pOc402jliOVrF2WOqJlZsLb/6hyIAK2HCk4yErTVQgzIaGqAotEWegcaSIuZLUclOluE2ImCwuLJ97gEjLtyuE9T2iCnOez3v/19p/Y7LS2BZeYTj/0Gfx75NBxsWiH4efoXuXhA5Y2XyCiMhPxJzWaSbj95Ml2bhOyr+BkB5mO3C0RFVl65hEJtQUAAIAASURBVGq5ReiITFiOlCgzYbhyyP/RcNtHKW0qOWH9TIJB5ROZmRDbOVjgk/NoD5NtMpPTaZKu7xn8ntM+IU8hYSYqnmh/sLyfiZSaydshUzNxwj3uw1ayH9gzmgnCiYSfbTqcMwaEJilOM9m/PMj7pnGOdl73NDeeES2vkLVImJn0cBkQsDANJk6/LzkDMqktkYgm9LGYScp20h69ksFMCNEQqTpRNawXPeBDpMMxvRcbzYTmsCb77BhkNJP9iImZ5KcrZqJ/6hMP0biDQVTEAl21niA/jTpASm6n4gmssSLZhPVx1xASF16kKedKiP4E1upnoq4zYbPwb9/ZNBbRgGyvryVAnzgqkcWOarfVmejMJGBfo84E1jh+ANYkjduMZvIpqyehxOpMOuTR8weVYnOOYiZBy+ufKv2nL1teJw26eOi83AbBruUPl+WtM5Pvp04IMxl9fA2mIUe7SgxWZzJx8XgjDbnBTFoWFheUJBPfODp0b3Eh/BwWrWcmrEFXek6DWLTDsHM0+GWyJTmP5WzETHi7LAosFToCfipkVc3ohYNq0xCUHLGIPksgIMeblJnlJvUJNY6swMyk4HVL8l9vsyPfJjMRjznBVFUWq1ldy0x0bTKnpA8b+YAWDGomcDMhRSc/O0mzLjQTBFiauNbgLrn6gz7/RRgDQpOEZoLET6LM5DSYRNppMQsOkEOfE/m0iwfJYvUkdJrZhUBtJlRaOGvUmVAyYdnbpWuYyc9XsknNDCGLTshoJvsROKfZF+iwVG2tITpLxuYKhVpdp6XUY2wd3VPfniWVXuebQCIjWb12TMz6IHp4OuX3h2Z93WwsL6Dv6zTQiamqbGdbH2nNVXKMt/u6yNt95b5Jxrmms6mxPcv0Uqduky/G5mLDf0X78pWxuUSLc5mGGko/kylrBqkuzFBac4GWXFH23NrWTXrVS2RsMXFUGSmSOKpjJZ1sFC82+jbpZ1KuVp5EYjQTMnEgZSIYLHgvpfIemVUiyHDbyWQwDaOZyOGupN/m1foCt12favqZaKtTZOUjwFhuq6SOlY7z0FmWky0WFu9ulZnIcfWATz90vPwuac11hPY2UXiQ/nk7mwL9ADMZKvrTLaXpwBFhKcGG71zfdGpe6LWjsHMUaTlusVjYqTQ3E9qJyCKG2yL397laOKfBYPDyZ4dY5ck7BkmwWFSt9Vg/k+hE5RFLQZMYtot0bmGX02gLOQr1cAjrmYk8d9lqsbDOLdthJpHrOeqfOWvNNeXlP2fnJxnS7061elW/ULgpafrK6wa94GYi02KLLFoegWaCAJ5m0BKSPA/1i8wxBoQmCc0EiZ9EmQmyKUC0NutI6p4JyLbztDFn5/7gEfUwWmv3gN80mn2+algstDN0ItjwqMHcTJbaz6Yf+hNMLAw3vEHbbn3w+SWYvfW3j2H6DevHz+/Ypumaogd8y+ex+hO2baK4/ddk7QvKtgBWtbUP0HZX0/SAl1V1Jp3naTndaxlZn+iG8FrXTGTZTxt07TYzIeOnrdMgb2sJWPgoGghlNej7wVvepIxCtWGMAaFJQjNB4gfNZE+AZrLb6c9Py7TpM7eNTOV9JlsG6X+/pTvcK8yNtrnyLMea9Pn7lPS3ivVZO0VbS1uKqn3dFhE83qRtmYfsFUYLDlosBTvR3B7NZGswBoQmCc0EiR80kz2BMBP7J3Qg5JRUH21CZJWynAHZ+pqU+jZpGmelr2E5fZMMFwtm4v/+VFZ6qpSaJnpH+FynYIXM93m/yViPBaUsDbZ6MmzPyUzNLHllC9ARZP+xvDC7WPSXP91a+7VeCLLTsMG4LQf4eAz0FUbyO68nJb1OcsJDlRaL5XgFqWMjr6D5rKvg3YOWpIOgoZXHDiZZLIeO0QEM5PDE1a9gNklpvA0ry+FByFHVxggzCb/z22TYbV47HyBBvVu2lbLb/c7qcnhp00VRxoDQJKGZIPGDZrInEGaSfaI0FAr53aWsdt4qZZwuOd3nD+W/m9r9fU6rbzYU8IF6yNQxUq2nG32zvu9zWdcC2vE60x+CldPYO8XXNJOs16ynLjZ2q/qKIgiyx+n96o2jb/z7zlXrIYg5FvoCU/EKSzCT4+fJ24cun0yp7S44THoTkWGdZWYmxwoKWkZHXSePX72d57o9EQwePsDG9Q7WnnxndCZY+9kh1gUIVq48ktzEeiVxhJkEP61oC86MWugge4B6twWHyeuSlN3ua2ZHa0kPeNWwMBvDGBCaJDQTJH7QTPYExtZckkTGViJ9u/lrATtF92X729wxVCuT8iSyEzFIFH3H5ZpmwtdAEARBkO1g7jIb4iJY844YVEB5hVHAcpK+f1MZjYCYiW4wN6DjZOV9PkkJsB3CyvSVRJpFutZcfIQM2Jtqt3zoP/1u9yHYAx7Z7aCZ7Am4mUzY0z4oDYWeRFRmogyAG3sbxnpmoh5tFnLYyGZoJgiCIMhOUvBr1ZuDlIGYleH4YiIRM5PDvJGVzky6PkqxHCB1HWoz0Q2tpuwwDCt/6rodXlaZiWq3/CNfATORVxd+un3nYsumX7NuDAhNEpoJEj9oJnsCZiZ9X6ext/nKcZnJbFXWunUmo7YMNBMEQRBk+yFjcCsjOLMmW/GZyTvKG1FhrReYSbBWDDAt3nT0ippJvBgDQpOEZoLED5rJnoCZSeR6TtbXnbO+1tIP0uIwEzKRkuEPhWBz1s9E7s/P/KIxFPBlvJmZiWaCIK804/buGX0esnd4ev2DIH030W5nuUnRCULQZb08F6eZFLxusaQcDwYnDiWlvMBM5FFY+TJ7uxF9VZH8SpvJP58+12e9EGNAaJLQTJD4SaCZLN9z24odtkseXc6cah0zZj22QgedWhlpdDZ0j411t9jd5Mk6311XUe8JByeLCh1F18YgB9YcmJwbuNlQRDeZanO62r2wAslpHIEc9yWHrbw5vDjvKmMHMAM5nsm5wIjbdskLHzE3OjgwxJLbVUJ20lzuuDEyDXsoK2aHMcP2oGwiw1HZiqsDi9MVfIX4EW/4RuJh9VHvVadytcQYrucX27P+hL0VG4kbcfo2wUNP3VqjlNoLHTfYS0A4Y80lDnYzoXPt7L7BgJVtNJU5WkTm9hIZs5XXBRbnGyod3gWa42tp5bejwbnYmxOXhuud7I6q3KxIshXvmsv7+Zy9zGErdla4+IsVy5Q/pq2wlmZE54c7YLaiNvZcgN+vsnRDTLQ4DbHpHuDnz167+6ukafa9n957dPMGT5UfBH7UrYtshuhtpQcLQhi6yfuZ9DzWLzLHGBCaJDQTJH4SZyZRCOh7G2NmMt/fzHI2GG3cuOSoY+HCtLtCiRtshfSFZauP2OxES7WtmEQPcz+z8TaikDO8CivEHuZsk6LC6uZ7tKnTWHvrfVn2QyxSzVYQE4xnA81sE/G8X+5vIOGCv53vQdkEjsrVTwbphBU8LJ7YPJGJ7saSYxkpWJURPzccDltZg31dM1nprdEvQnY/W2om1awIgwMqUuwUZjJQS0LnZ8pCuJCq2kjEX2d31Pl2aBTe8Cr9b7mfH9Vw87BmOWF5uLmopEVd1kOZLmpWfbWE0lDuaO4eC/i9QrHgXqoYFCkhmr/TAH/qqeB8g90xvMy3Ir/fzZjJnmRp+O7vP7gnzETFo0+SlL8Eslng+dlW8H9SduStKXsG7AGP7HYSZyYEiC10z9GNRhv3O27MRpmZqHfivqQJMec6apmZqHPIAzBGlK3gKnZUdZNPhhUGQFsWe1y8ogNWaFZvUFTobPYTA7FdFcUwM7bGEdiE7UFsAkelfBe6ApJQ1jOT8OJ4q90RXpwPR6Lz3jpboZMVTs+RWNAH15irxh0OToKIVtjbPf7pkWu1NeQSQbYR+LM3jEZY+XpAaXUw0d1CStOV4nblXhGd728GQ5hz186Fx4uKiUW0ji6ydZpd1SSnrI7HdoqZtF5i55djL6ytKnSI0+oqdDaMDQozgZ/zwPJYxU1eqwIXktAb1W98R1gdtP/Ab1O89CXGUtHVwWV6SOpcr8sxr55/6Gm42T42Mx+e8dkqO8rYtV1YTauMfOwrw1+yrNwJenDj7073JmOXDTNjqyd/RN3R2sndlU/bStrJf8v9cAEYzQSukOUxd1WFw1ZBSohqKsh5r3GPy6qHiO2S111brb4edjkTa5nJ3d+Td1UJgv+ZNPPhB0/mZxZqP55qujNde2fR8829g0kRWX5y6S3SRmr6O9jP+IffPp2/N/6rJLrRzN0/5j6dDz449/Es+Qshrzarcz3tt0oa8R3wyG5lL5rJ2DXeYoGZCWmIRR9ysn7zJVtZiyh4o0udkMOmyVaFjqJK0c4hOueBqNTRfE8EndEi0sZAU2EiT7tF+GIvdozMzE8NuV3lTnYAbA/KJvzRyzAUZCI7zXpmwlrusRwIgNy8/fMklUliJmxeLb14Nrcb+LPzwJScFPqbnXazGkh5dcZWO/hMOX3wIxXxdFU3D9fraLHCQK1jStEPXvNJzQROpfq2IFMzEXWh8ElUQniYLn7yRYVOZWVuJmPttQ2jO+qodtEuNDwJdjE14m2+7GT1NlXF/PC0F+eKrVL71oKHniovVxX1tU1vVjEz8fJIXnMT20LmvXW8zqSYNLOE5BknH+kqdCgnMaq2kTXNhJ/c1TFxV/dc5mVV3EyULwjXQ6xt3i7GaCaP/+s3j7RdR8BMhGre/dXHfMrz8YNpjZmwbJ4j/wRmwtdEkHgxBoQmCc0EiZ/dbybsuaVuulBUWHtjltRasCdrb41DVF94XbHwcaK91k1XU1iyFcdynoXnH02O9LpbbA7SJ2TiZh08I8dGPPAvXWMJcqpaBusuOV3dsRboY83OMSXWic70ELdxtA+HxsvaJ+n+yR6UTVZUlSrz2/SARzbOxsxEtHrnsRqaSUKoU3qIyUpUCuEyaYfJcxp6V8jpm/C1lDX6mGWo4ml+ssS5I9MspgczGZ6xFTMDiQFmIq/6+DrTbtr2kofp8JNnn9tcwht0iX4mNvtO9TNhhPqL1riNLFGFe1Sk3G00F+eCt8qrrVxRtWczMRPlfrs9ZjLrEYo1MjQYXpwDxbJR8WN98x4tznsaq19oJsrkjLjTsl+0ykz4iVaXXu1mjGYS+G2Sqm6PAGbyRJnesJnIgXd/effdE0/1L/pAkE1gDAhNEpoJEj+730z0+EiLDnUKe+tEky2X8rgKdNTemFG/yzUCWqKajcGecLaafqUd+Qo8w8iB1fSzeXUnBF3LLsazgWYIiWAT0RKdbQJHxWOplX5RTokkio2ZCUivehU0k8RQp9SEyEpUqr4zkKqthySnpn+StKeivzJVPM1PlvqM89P30GO71FGh1H4IiJnIpI1o6325gY5vIcJ09a2GFeeLOhMWTO8Q4cGi+rV78doKm1kNcCyx63NlsMY49kbCzYR+Ed5tRsWz/gYhlgxbBW+2R6bNzURbZ64yE1UN+ZZ/kW3AYCY/3f3khnpejtdMGNO/TzLuEEE2iDEgNEloJkj87D0zWZgUY85UFTrgX1IuqDyllEKyiK5YFERFW38Sg/Wet11W1GF1vOja2EijA3JYRnOF8ghcGdR0k2Us++rKiJPAJkI+2CZVW9EDHtkqNmImEMlpi6XRTBKD0Uwe/bBGnckc7SFmiKf5yWpQxeWxOhOfPNVebWzNRf8nncWVVmQsTH9kq2xRbjhe1jJKmAl8ygtuVlsH3GS0h6ywOgN3KtXIgYO2iuaBUfIHCdysNtYOJdxM4IsYtQQIe+vE+aVMq2+2r6aZRNpOBAw2+jJmAtvezf5OlYEgm8AYEJokNBMkfvaemahQPZyWKkoctpJq+swjgaa6BJE8utQFivW+uf4O1lO2qLzuEe1fu3zPW+cgLZ5F/1rIIesUOwf4uF5yMzUQgYeMGOOo6x4XD1q2B9UmSxNuMtQM65eJJJb1zQRO9jicpiovzEXD415yEkucw7RJD5pJQjCaCR1YggxOQLpl01IG5fQtDV91gmkYzURe9tns7b2Tc2PdLVw4lbhcdzEoZkJKE5Thg0mYDg4jWm8CrDpF1QP+ka2sXb3CdqGpKKb1RS20S1uJ017PC1AE4uJU+rVrSaiZgJZ4Y8MZk35cDe5+3pqL1WkvTE8F5wP+fl191CtoJquDp5X+6xriMpOZ8UNJd3+VdL9JGT4SQTaPMSA0SWgmSPwk1kwQBEEQBEGQXY4xIDRJaCZI/KCZIAiCIAiCICYYA0KThGaCxA+aCYIgCIIgCGKCMSA0SWgmSPygmSAIgiAIgiAmGANCk4RmgsQPmgmCIAiCIAhigjEgNEloJkj8oJkgCIIgCIIgJhgDQpOEZoLED5oJgiAIgiAIYoIxIDRJaCZI/KCZIAiCIAiCICYYA0KThGaCxA+aCYIgCIIgCGKCMSA0SWgmSPygmSAIgiAIgiAmGANCk4RmgsTPZs3kKYIgCIIgCPJKYQwI109oJkj8bNZM9NsjCIIgCIIg+xpjQGiSNmkmgf5zF6o3lEo79Nsi+w40EwRBEARBEMQEY0BokjZnJr3OqryzVXkXbjxemF8vVZ6l65yt0m9szoNbbKu8c66anjn90m2g/FzVmfpxfS6yGdBMEARBEARBEBOMAaFJ2ryZfHMluBrLqfmWe8hPS0rWarC3pj4OM7G1PmCTvU5X46R26daR5/Tps/YBS2Pn6sf0mdsPmgmCIAiCIAhigjEgNEmbNhPHgDojCAbiqrlmy686o434X8ZM5IkOW/s2VZvM708zoYqoz9p+0EwQBEEQBEEQE4wBoUl6KTOZa78CBjInP7herG++9TJmEuyorxkhE7BbxzdV7T1Dj2n+mbNk2tPcmFd8K0DrbfLONtqctzw9Q66iKo//Vk0HWQqrPaPrw7aQ4+0ZKv9b1fVAVH6+9HihP+9S/+OFebL0bBX7xEDrlfNVt2C19porzK8gJ++c67yTZIovArv19ox5O7o6Qixj1wFyssM1J2gmCIIgCIIgiAnGgNAkvZSZyD+25OU3PpNXAj/eyjtbrVoQj5nwfiYgDDVDLA/MJNaqa+SGYyAq8vMqemXNpzzIs/ezqWfexuvEOMbU1SN5Z+vp/z6RKcwk7+wVsZrjHNkhMRMlE6bJJ1EzCTzjB7BbiT72XusIPNdnbxtoJgiCIAiCIIgJxoDQJL2cmayOKb3hR/OKb6kWxGMm55y3vT1Dd38mFRoMMBAx/dhdT32DQLq75N+QNVLxIOYhAy1kzYXeWPMwsqaL/r+mmbSI1eATH3Mz4ZnCTIJ9N+BLecZjh7fbeNzXcuabRn3udoJmgiAIgiAIgphgDAhN0qbNhNRptMcifnlx3FZU72ji9RUyD+v1jbtejLqfiYLaTNapM1nfTF62zkRvJox/3r915uqOtpjaIKAl1/1iFIIdAs0EQRAEQRAEMcEYEJqkeMwkr0hTPaLDdS7OUYNfYCarY8xGZNqwqrgjKL/ATKJ555iN0G3Lb9Opybwq3lRMmEkxtREGq1oxMRPNB+0iojtcW8JAM0EQBEEQBEFMMAaEJmlzZrI00CJ6g7wgnWOtpzbMC81Elv85N3TmnGbYYlMzkeXnc+fzycGcv9SlrCZfv1TNrEmYCYT1jlIXZJ75Wz2rdFjTTPg6RQkQgBezNK3P2RHQTBAEQRAEQRATjAGhSdqcmSCIGjQTBEEQBEEQxARjQGiS0EyQ+EEzQRAEQRAEQUwwBoQmCc0EiR80EwRBEARBEMQEY0BoktBMkPhBM0EQZC/S9ZEloM97EfcrT3bo8xAE2UnCy88XlyL63D0OfCP4Xvrc/YUxIDRJaCZI/OwuM5myS5Kkz1wH+9uS9LZdn4sgrxidn2/0J7PP2EIzsVgOx2bu5B1viYVNFoulbTm2UA7WQs6aO0FeSKDicGwom40Rud+VnGSxJB8KKi9JHqw4Dqfg0LFKzXoqwkMFlo9in/PVu4dg/STJGlatA9SefQfyk397vLKfLomG3/lNMqyY/D9Palck1wBd851PXYNk/n6lxXJQvUJeMllBnYOYMPFAdyr2Cfv1ewmMAaFJQjNB4iexZiIxMkv5PJoJsg1YJSnXrZnN+T4U8vfZP7FK7/OxASWrjeWkStITZc2pi1mpKVInTD2dam1r5an8WP6wLPfnZ8Aif6j0PzLsE8oGdKOMT5x8TV8olj2hv7azUjVHBeSmS9KbuXAYUkoWmX/aDTnOHr/zi0ztR8BXSMt1k+h5ti2f/IJS0zLezSEL3Lk25TinnsbW913IyClxhgI+OOa0L7pl+vMR34is4S/N9eyxUsxtMpPjByzJFuvlOWXRgeOWP1wmI9xTCl63HN5SM0muWfxvJfP5gyv6BVrSDx1VzT1IP+dVze4ZNm8m4cA9Hu3xcxSsfe8qzZm7fLxpjSt28IL1vZqumJlExamDU6lRDmXj4OU/WMhKc8pvLDqoFhvAcphb0ETZ4QIfvYpOHrytmBLsyfLRpycPvLyZPElV3an83+dnvwkZqc5hcUOijNr4c1OS7FMko/Piqaz0VCkltXNWsyJ5RAIpqXBzYF+WztIbBSN0JVt7b9wZfpzYvW+7fhn26/cSGANCk4RmgsRPQs1kCu6Tae/DvTFDydBHbyagmSAbxGgmYlaSqAPAhHItTZVbbaN8qVWy2i/mEjNR0fqhBMJx5X1JOsHGH38i9IYyZb1I4wUtpW9LueprOwqr2XUxAQQNjTQIaTxBPsJfkqmEEU+kbKdqxQjIvJ9OwQ/I/qE06+t2ltA1b57SHS0nysOwkAt+btkwUWrV/dAi8BEqkUowJy2WT7siVinJkpQ8oYSQg66TpLD83a/YrDCTYNPxkx1hiHoDC4PJB0jpdUEXD2e/evcQ5MTKyxUzKThimYhFlhozARXJS7YcvMAvAtAQmCtQLomDFusWmgloyb8UzbME0/rFKsBMiobF3N43k7nbKckWy4HkQXZi7ldW3g8fSiZ1I+9cWFteDrNKiZhbdh22r2Gmoxfegc/RqQWDneXDBywpZ2nVh4JRcYWK6GfvV75TEyRHe+dyrGJtuSnvTtvJl64zafw4Q2Ums1Kq9dTF1llfK/zGNevpSh8ifVJGdr6rz9/jlFLIT1sAj8hQKNTa5szPzsiiNyXpd5mZKbEfPrkbpKehmWwV+/V7CYwBoUlCM0HiJ4FmQgIvKafxKSnI6WNRAjUTTkoWKyfOSBFZmbKoZoG7dTo3E9UK0hohIfLKY2om/Fkes9wpe3YNCdH9hZlTURIH6GJ9KT0f/gXNOHWT51g1ytGZ64nNcUZtpRNkE5GRKVlluVMbE3TGlGbKDjuB9UWO5iPcuaW8eDckvV2qbs0FWqUtNtUDX0pKyYWJU4YigBzVxyUcoiDJeWwaRID8N1pwvIm1upmw/KUtogSUKRBvVpA/B0S9VhcvIGcF2G1/sYwq+pHMmt/QuLbyiEUxF07MTOBTIOLsBzdJVhadHL1wkB/Mchss3SozyR9cASEp9j178vz/Y3JiUnOS/lbxe7FqE8VMHrqLPjwO0nJ1ZJlknuHX04lDRxfYVNT7nkv/krEEYqwz4Sf3fqXlD5dZjtETKEFLVi2bgjM+uhA5dCBJu4KatcwkOpjyJRGSwJ2uUf7XIVS+l2JJeS82D/Tn5fVrMoSZhJuOE0clHgVHzivWCl6Hi63rZc0k6u8M6e9UDPiBw89yqipLSiFFeFMXrev9SkFF1ptlegO77+w5zUs14NEpZTt79OUjO8B+jeD36/cSGANCk4RmgsRPAs0kQ4mEclKktLN9JIuaCS2J8lP5yJcnSiV1CEUrstmk7XfUTOgK1nKyH8hJ+5ruB0FUGM2E81qWaA7CzMTflpuZQltzRfvYRaUzE9DpVtpKigQKUpo/FGotOZamifIjrR5fyN/XePGUlEX22fd1GviDTGWGrQE5xHl0ZjKlDhGIpagPW201LFJhRAKdqfDzefeUs59WeMAH+0M+DyklzXVrGoGwph32Hp4529M6GwrBQVpTJXowZLe7pxLyJPENHqAybVAHrJADoSHkpByw1CqOoY56Kw+TMJGXsqtyIKZMSUk5+LWmyFxWmclxpU3O6PmDTbR7CQ2dSYMfuFTgX5nudkvM5L+VEBth00xOIEe7Soz0Q9/I0fH0Yyw6Z2aynP7vzml67q7mHH1O1sn5jlwZy0eKLn3WTo5+2pVzS1U1lHBi52hh9NCvk2n3DW4m4k9qtBeZ2EhKbPpAUted2iRLUnjdr6Y3k8Hzhy0HYtVinGgkGAxUfnQIdiXyCo5YLEc0FSYyuQYoB5IP/7WNzFMzuf3XZMvrBWQpUaaXNhPKmmaSxupMIrN9HqIU8DtNS5VIC853T2lXlI11JmKa1b4SM4F/006TrKetOdcj2tvODrFfI/j9+r0ExoDQJKGZIPGTQDOBmytrNtN4QmLluOrWXDRyzIW4UOQQVLOdn9BAiubE+FwdRiIIwWgmpJ8JSIUrP/Vd3kqKXz8pqdYvySWkyIPWTKJ9p9PE1Rjxf38Ktsj6sjNDNEfUkkmv1TTJyqo4uF3056eRChNZbyZPG0UljBy6AotyVNUy2apfAQQc6kJTiFROv01CFVWeTBqApZG6HUHkcWjW1w0eIr4yZ9TG6oiImWg3SSAbNJPjTaMQR7J2WRs0E8uRgoOqMJchzITHoBRWA8NC50jTcRAVK614SZiZyPIRXm3CzKT3gyu8PmTi4vFeWf7s0NETDYty1Pufnufpn7eDorR8Toxl98DP0b3Kwwcsbb5ARFVnYmIm4faTJ9sVAfUVnOwg05G7JaLFnQGdmURAS0ruilIIPRNlh2tZZVtkwnKkRLQeFFh+WxAMBiNChKiZwJEchOsheps269o2M3nSmaZ7qK1X+jBhZ022BMxMIk9m+y4e4625qJlYqepErueQpgpoJlvHnvpekfCzTYdzxoDQJKGZIPGTMDPpOa3yCQJ5HFAzoWW/Sp2JqpKEoJottVIzoTm7pxUKsgsxmomYzU/nl5OuukB9ZQIsNCgF1fiQ9hfXENH2M4kBCqI3ZwOqAwsJr4405VwJ0a4sSo5odSZr60zYLPzbdzZNV10IXqPNYHRqursQeO3QLq8zgXBQac01qm7NBWFrMjUNo5l0fZQsWnPxwZRYBBydEE2DlKX0I0YLRHswmkk24aEzTLzOW4ttlZlsrjUXNRN5pTf9w+sL8jIxk0DtZy2LCws8Pac1JOlvFQ/Z/rRAGnT9Sb576X8dIiXluwd2juDEWX5NahtIG60XmQmc30+pivCl9sNK1/MwnMTY2dKgNpOIJYkVBCjLtK25ZFo/RnYUmUj6g762hKHrdsLNBI7eZT3MjHebzCTil7KU4WHWInZbCBkERulnEgo9EarFzARuL41P5WzaOhrNZAvZK99r6Ka75CpJPY/1i8wxBoQmCc0EiZ9EmcnpNInXKVMgRMtpIjXLsZBN6WdCSoM55AEjZjIzeSCVpepnwsYqQRA18LzPvsD7jIY0dSanpdRjbJ11g/JYnUlI00f86ZTfT2ohxFhefV+ngU5MVWU72/pIa66SY7pYwaAESp2JJ5e5Tb4Ym4u134j25Stjc+WrGr5DYKH0M5mykk6zUobSmut0Zna3b9bncZ62ptKfzyzx+37Z+b6VtDEL+MjQY2+SWMd6otQfCsFBZrDWa6yfCWvAtgtYw0wgpmzJs6zVA14OtyWfbDOaCZk4tnYP+ImywyX3+Moy+4jo7bxkTXA5euFg23LMTAp+TRp0yVtnJvLmesBTM5HlW2f+lP7GWd6ay/rNrSXVSlHvV28cfe/QZzK1lKLPj+62jvLKOQqzkX+PVwweNjUT4jAq2OlmowCnKGP7WpQeQSpiZgJXghpZ9IBfnjj0b8lsP5VdZMfaFTVXwnpmQrSHNujaDjMpzdJWbyqtuWJEp9jAGLnpUsYXei2RDd1OZMVMyERmVraL3szQTLaOvfK97np+YGbiU43fuBGMAaFJQjNB4idRZgLhlLpPCGn6//6VEDGT7O6SbOIYylCJoX47a1Wb9QmJ3nwXc8hcZg4ZV4RFk6E+5ydZJDPdqh4p9RXHEAe/usQ6ltDaD1U/k4w+RTVebCb9+aRZtiDgJEqckso7eMizzixS3RcZvcJbgVuzda1CDGdEMZMpZ8Z5+lt44rOfAOGW7HyfJCc1RUp9U1vyHbrCowqKugd853ny24HvlfUJi2kioF6NP8tTTfmpVOBPXeycpYd16t0MmIWDzG/jfeZBcMSgZK8aFss7+qydYsOjBnMzkZfc//kWV47PrEfT3/5idHbq6ndn6TLSfCv932l10L1LR946ynqb7B5u/zVZ38XnpVHcYD8QMxOwjteOlV7n5Sm+n+XuL8jvVzaWPjzplN7MvbLWWOEmZpImSay/HJqJmpkb/TP6vE2wa7+XntWg7wdveVOvPv9FGANCk4RmgsRPoswE2RRTF61rlImZYoiDke2kPz8t06bP3DYylfeZbBkkQNnSHe4VuvNiY9ci24nFYrGyHuTIq41ZBD/r/3ZSmV6ZOtFLjP0XBT/eeIG5r0tk8qfX7CPBx2FXXf8vWAHQ+rwqZhIvxoDQJKGZIPGDZrInEGZip7VDUkqqj1YpWaUsZ0C2vialvk2axsEEcPomKQUHM/F/T9/AlZrmV2JOn4t02s58n3d0jvVYmLJbqcnAVk+G7TmZqZkl2pYDCIIgCPLSmEfwSRdG2MS1yz3swZV0/h8/8IXP//htzy++HTw9SLoKwQosd7ihr452mfjN+WE2wRn+R9J5VS3d6sxbN2ht8/A/Zpbnvrvc98sGOoZEcCrpfE9SQd+d9piZfOfqTyroGVYqHb+r6AkOwt5iLxUyYv69dhGzo7UNpDWXPv9FGANCk4RmgsQPmsmeQJhJ9onSUCjkd5eyrthWKeN0yek+fyj/3dTu73NafbOhgI+9+AUcI9V6utE36/s+V+nwEJFSMv0hWDmN9eFZ00yyXrOeutjYbRyhBkEQBEFeDvMI/o9KzcaJ81w8hJkEPcPf/rQQHB75fQFZB2Z/ovmnL/Sd6CG1KknFP7Ecxk/X+5LK1UVs0aTLtEZm+B8nLvZ//MPck2dkOIWPL/TcW34eWQ79oqCHm8nqg9dck5HluaSKuywDzOQ3F0eCj82aR5p/r90D9oBHdjtoJnsCY2suMqQy69tNh3wFyxDdl1nzYnVrLjZ4ANmJMlQRe8flmmbC10AQBEGQrcY8ggffuLMK/4eTaqdZjjCTt87zkUBgHZrzgAtJ7fQvSU3Lg4+HNe+4+aG2J+nvmlE9kiqoqAz/45qqeZj4IDAZZiawIcs5fYFPgJmwCRPMv9fu4b73FjOTu+TvvAmMAaFJQjNB4gfNZE8gzKTxfLYyWBk3E6X/YuwN4uuZiXq0WcixT6GZIAiCIDvKCyL4xxOnR6P8X4owE9LmSkk0J0qbY4XAT05f6JMf+DVNuUzrTJTmYUBImInSz2QBPER8EFu0n8xEXl346fadiy2qAR83hjEgNEloJkj8oJnsCZiZ9H2dRt6NRYnDTGarstatMxm1ZaCZIAiCINvMCyP4pOKR00ofEjKrmImowRC8dX74uxvD5G00PcPfKRUdMVYfnP62R3kbZfTejcFrrDWWxkzIx7EJl5235iLtxLT1CfvKTOLFGBCaJDQTJH7QTPYEzEwi13Oyvu6c9bWWfpAWh5mQiZQMfygEm7N+JnJ/fuYXjaGAL+NN8noY3VYIgrxKjNu7eTN7ZC/y9PoHwb0wbv4LI/hrl3tEP3hZ0wM+ml1K6jF+WcT7tQ839CXxJl7h9bqnf1c7CJv8/tLIjYfPeZbWTCLTE6wH/JPBf4gfgItvxatc9pWZLE1cIz3g1X+DDWEMCE0SmgkSPwk0kwl3g63QYSt2ToQ1bUPXITrnrq3z0cnVxZH2Oti2rnucLQpP9xcVO2xldUr3tGizq5qtwHICvR3ks8pqa9xsE3mgkewBPv0Ru1k9n2M59kZyy3NfcpClSmKbeOrJCg1Dc+JwJ7pb2AqPlBzNcW4dSmuuJ5mvSdJrmTkX+7LiMpPZttPqsbkAMngXGemrj7ywfB+bSXi8oix2KhnD9Y459Tyyp4jn9D30bPlvc2dw05tPmaNd5NQ5nCTHxd9QGJ3pYfei4RC/P0V/HmytobesMbGROeMVHbxZy55mos256QtjV/Dk7q+Spj18ZuVH1/0///Lur37xaGajg5E8bfrg0b4wkz3KXvle2AMe2e0kzEwWe1y9/PXFVdp4cU1uXHLY3TyqqCh0uPrJtsv9DZ4FEJVHcz+ze3fUVtxC/l/lpjDRUs1ynillJfPddd5FWfa3N9/jz++iwmr2L88Za2+9z1dm2Arr4N+wt66XWg58qK2Y5Ixdcw4bnEp9nFtCZKKbvahbvwDZMM1ljqL6Nd7wpoS2K701L74Ckd3GFpqJvbC66Joqfh9rLyp22t28/HSglkT8z5SF9kJHVdvgwNBgnd1R51O/g337WR1jxwmHNMVam6xOFjVDzoqtkitKayW9mBd67B3T+ttTonEVO9y9YwG/t8HucD8kOfZix8Dk3KPJQVsZvXU/9LKcG393igFby4odHv90OCjec7EfWRq++/sP7sXMJHj3Y95J++ePk8wGhNqD7JUIfrPsle+F74BHdjsJMxN5nD5QCcwNzLjfcWMWHrI+FlXYLnmUiGTG1hir8yWLmJkozHXUanOiU+3Vw6vEi6q62T5AZppl+shkObDJgPqlTuAwfvJ8hzBIyZpxXyLTzFg0aI8T2R1Eba6eNd+kx0Lb8OJ4q90RXpwPR6Lz3jpboTOwON9Q6ZgjkZ+vDjS4xg1Rka24ocLeDhHSyLXaGrhEVkYayhwjM/NTI97heN8ChqwH/NkbRiP2MlKrGVCKFVgVZYVSS6CYSXS+vxkMYc5dOxceJ3WnhY7W0UW2TrOrWlObqphJ6yV2fjn2wtqqQgc5rRRXobNhbFCYCdwiBpbHKm7y+gQwE/EDV92LdoTlfnZUdlVpjq2wVmNcvhZ3kNT6ihU0PPQ03Gwfm5kPz/hAZsrYtV1YfYN8OR/bOfwly8qdU8F50APmD9vAjK0ejnhE/JHhxgvPg4ZiR+zPXkIqiAI3q8fWGkEIrpDlMXdVhcNW0QCzNRXkvLMqcaGstktedy2pPBfXwy5nImYmP9wXb5uY/m66W5kGZfnPpJkPP3gyP7NQ+/FU053p2juLnm/uHUyKyPKTS28F6fqwn/EPv306f2/8V0l0o5m7f8x9Oh98cO7jWd5oIJHslQh+s+zX7yUwBoQmCc0EiZ/EmQkIiSMQXnk01GL/4QWNm3kpII/4V2xXRfn3PH28KSgFigJSWK7KGXM3FBU66WSUNMGKLE64GxpoqSc8jFlOUTFbgTNQ62A3G1Aa/oBc6KkqpmZS0t5AG1QUObj8aI8T2SXMwDUwP9wOZ8per2krrEQwXDWBGgiMOujVuOClcSoxE1Y43VDiUAzkEbkCH3ognGXzyJYDf/aicid44FRvSxH/ja/YiqtBGpsdTjfxf376ln0tRTRMF/E0ibnZqXnoLfq7e2BybsTdzHfCIvjVGVu5pggDTqXX5bDV8huLrdIdUMJ0CPQg/xncMSq4EanM5NF60rs9RECYx+hFWKa69opgmpSJKPP+dtAJ+APCza2ixGErqQ6rI/uHHlsNH5MHZIxF8HBtV5DLPmYmVd202nlV/BG2GqZYBqHSWB/5jrHfpg5WZAAn13PV2TvaQSpVFqdZc82YmRQ7XTcH2fWwbYq1lajM5Kfxb+jYufCnqssWTbxkZibKM+3uwdfYxHLtHx9FNWbCVBxWpv2/f1DvIeHs1wh+v34vgTEgNEloJkj8JM5MomXFjhF/f7OruqJFVe/hYz03VHGDv51WRJBlpmayZCvWRIoT7bUsgqFEw4vzve6WimJWVgorO8dGPHWXnK5uUlo4cbOO5cC/qiYQUVuZvmH3cGi8tYLVmSgftzpO/Ed/nMguwUcKttlD/l5HM+/QSDCaCWupzxO5tIiZsEXqCAl2KJOW/V5YzT2yo4XmrwjETJQyBfZDg3CZ1HbynIbeFXL6JnwtZY0+FoTBCqShJoWdLHHuyDQtTSCh8PAMa42phkjmqo+vM+0mbUSVMH2s2ck+t7mEN+iyiyvErtGb7eX5EkTezZedrCTlhWYCB8n+LLKudlclA+prm13twkyUrsSsZmMroX86p/0atSOwESEM9MDUCkHqhYj/Oyoa++HuDbdu0aBO1pzcGfFEYL/omJkoX1z5grsdlZnIj5s+vvf7X9z9H79c+vFboSJyTDYId3/1MZ/yfPxgWmMmLJvnyHLg3V/efffE093RvG+/RvD79XsJjAGhSUIzQeInUWYCDz/xbo2p9mqT4E4TLNISNVtxC49RVvqrvOxeENFpSaCj9sbaHQfJ0xceXeIhx/oY2Gr6lZwV8QwL3KzWtOyiPBtoZg88VTuxKGxuPE5kdxA7ofLqoKs/dkbXMpPaWIRHMDMTRnTGI9r5IFsF/NljrXpoFK7uVcLiV8ip6Z8U2qmKp/nJUjd54qfvocd2qaOCV5zG4NVf9zta75MKBJrHw3T1j5rVJIhyfZthPzuArbBlmGpSLIe0ehoTfy5SuyvLrPSEUaFuLptoM1FYIof9wjqTlX6XOIkPPepiBY2ZKAdpMBN+i96LZiJ49EmSujtAfGbCmP590t1PbqgyEsN+jeD36/cSGANCk4RmgsRPoszk0Q+1ovVw798dJi0iBoZIZ1OaOqraBqcWSCMETQ94OQIeoqoeITnGYlHO/Q6QmZFG3kYLaGYVIJe54vAKEEoNK0PVUlfmKKKdW2JLacsE43EiuwRbcYMYvUDdqMNoJnBOlbZDjBebibGzE/LyGM0E7hjGOpM52kPMEE/zk9Wg+v3G6kx8JHYfpteDQGmYN13UPMa6Nyhh+iNbZYvyu/baKknbfxE9w6eYFKlsDySgH6M1Odoe8FFdD/jAzWq+ghgXhLFbzIRpg16owLhi552ciMmYYs161GOTvDpmMv4r3mSL8TJmAtvezf5OlZEY9msEv1+/l8AYEJokNBMkfhJlJjLpnEq6dtiKnZ7xDXZPFK2kltiIw6y/I3nqqMo1WaCpzVmpstMOIeV1dW6+C9Y0Cz59gI7rtXzPy3JE/1p5dUy0O6fMsT2oGm1HWQ/dilrdwwRbc+0yVh8N0yGhxZjRjFgx/PI4KRH3zpFWf+OkjZatxDlMm/SsayYrYzfoBVxkX8eBkZfAaCY0wiaDE5Bu2ap+JmRUo6tkHCejmcjLPpu9vXdybqxb6ayixOXq6hQ6y2tcqwodtC+4zML0WO8yCqtO0fQzKWtfs3/2FrMwVkbHvI7dneBgeCc3pblpaJDd7tgNDXDX8t7/miY8CTWTMlfL2Mx8wN9/o8ZZM0AqoKrE2FysLIn24mNjc3lZ4Q6cxMqWcHCS9SYS7HszuXcw6e6vksb//LHu+orLTGbGD5G93W9ShqRMKPs1gt+v30tgDAhNEpoJEj8JNBMEQZA1WctM5EdDZBgDw9hcELwOFl0dXMNMVNH5MptX4vK5jlqlVxhBmElvjSPA80iYrrTs4rDmneoWRxWFypAJyAZgb2UhpTlCsQxCxXJixkVPoo2+SErkyPvUTF4RJh6YNJLYw+zX7yUwBoQmCc0EiR80EwRBEARBdgwI4n+cmN9Pad9riZwoM/kv+7Wp6b0wtB6ydaCZIAiCIAiCICYYA0KTtGVmkne26tLlWBUq8iqAZoIgCIIgCIKYYAwITdKWmQnWmbyCoJkgCIIgCIIgJhgDQpP0smYyPvEg72wVJLdHdCCMA74TkRwD+jWQXQiaCYIgCIIgCGKCMSA0SS9rJl+ecwqdmJp++HiRvCli86x4e4YgtTur6+jE3ZB+DWQXgmaCIAiCIAiCmGAMCE3SS5kJE5Kyi83TgZ+/Lalns/qVNkOg9UqvPg/ZvaCZIAiCIAiCICYYA0KTFI+ZPH/+z2iUvMDH2I4L8mFpbNVNojOTM2erPENjjXaXY4BXxZy/UO+7P19TCp97hcwPtNQ119uct7w9t/POXbNdqPf2DHmaG/MuDcHCmm+q2nuGfCNjdXa6MrLVoJkgCIIgCIIgJhgDQpO0aTPxj8+AjZzJd/39ilvWyslieBnyYbbS0arfbGNozGR17EwVEQxZDuZ92zUp8oHQ7WJWOTPQcqZ2jOWVg8Zwf4nmnW2E/2wvV4GDvBA0EwRBEARBEMQEY0BokjZnJo+Cj0E8isobbMWk7dZ5G6mLyKPjBUci/4QJyIelMHHufLV+4w2gNpPHbt48jKYr1x+QTG/TtTPneCaZH2hh+cD14piH8BqVR0NkzQv1wediCbKVoJkgCIIgCIIgJhgDQpO0OTNpvdHHlODJ0tPrbT1smpnJzc5BmIB8yOnt93Nz2CQ6M6n7af7xAkuLz1ZlOTSU97fGSZhd7K/ciJnI8rMHY+319XnnsDXXtoBmgiAIgiAIgphgDAhN0ubM5NzfqovLSUMpmcqJ2kwuV99U28jLm4m8OpZXfEu1UB6sqeol3VvkIK1OIVMvMhNG4Dp2rN8W0EwQBEEQBEEQE4wBoUnanJkMDo/n0V4l19t6RZMqluMbmYIJyIdpsWiz6HrA/3NuiLTdOueq8T54RjKe2/LJ7E+LSx77i82kw8nbg1U2j4pFyBaCZoIgCIIgCIKYYAwITdLmzERWuryz1N6heSGietHl6pvqRci+BM0EQRAEQRAEMcEYEJqkTZsJMPTjxLDv3uTUnH6BLEM+LB2fUCoykH3NZs3kKYIgCIIgCPJKYQwI10/xmAmCMDZrJvrtEQRBEARBkH2NMSA0SWgmSPygmSAIgiAIgiAmGANCk4RmgsQPmgmCIAiCIAhigjEgNEloJkj8oJkgCIIgCIIgJhgDQpOEZoLED5oJgiAIgiAIYoIxIDRJaCZI/KCZIAiCIAiCICYYA0KThGaCxA+aCYIgCIIgCGKCMSA0SWgmSPygmSAIgiAIgiAmGANCk4RmgsQPmgmCIAiCIAhigjEgNEloJkj8oJkgCIIgCIIgJhgDQpOEZoLED5oJgiAIgiAIYoIxIDRJaCZI/KCZIAiCIAiCICYYA0KThGaCxA+aCYIgCIIgCGKCMSA0SWgmSPygmSAIgiAIgiAmGANCk4RmgsTP7jKTKbskSfrMdbC/LUlv2/W5a/LgW7n9G30mguwLOj/f6E9mn9H1kSWgz3sR9ytPdujzEATZScLLzxeXIvrcPQ58I/he+tz9hTEgNEloJkj8JNZMsiVCZomfz2+Tmdz6pdzyS30m8spglaRct2aWkfa7rNkoz+Q51uzTrj4yHw1lv5kqSalp755iK+QoW0nsEg35G8+T6zfNmsN3odD6ZRZZKTVtljx8p1TbSdLnnWSNaCjzNUl6zfpEt2Wou/T9TFjLOawsCXWnpkipb59SrwVMXcyS0vPZtMZMIrNZ6alSSmrm+3ypgB1V1pet9Khk//f55OulW3Muku/rzJL0B7Pr2UIzsVgOx2bu5B1viYVNFoulbTm2UA7WQs6aO0FeSKDicJc+7wVE7nclJ1ksyYeCyk91sOI4nIJDxyo166kIDxX8/+y9a1MUaZ7w/RH2zUQ8756X9weoCJ/gVRORMURwtyO9tGz3yO24tWNLhxu0E9v6TIgdo9sHuplG20YGS44uUlJYNVKKTYFyEkpLUI4y1SCFHAQElQIpTpZbbN7XKa88QQJFCUX5/0UGZF6ZWZlZmZX5/12nNP1F3s5PR/ej5eMEc0CxDKL/5k8oPf5fT117TOYs1pgkNOeXJsb/y+ffOHrw9LMyk2mfcoGseLyAMgUwYOi55lTECLF6XBx9QGgwgJkA4bOjZoKDtqRjKLxLkRLehZnMYy1Bw6+T2jnA+4HeTPgkitXZiHQtjV42W/pFcXKULRHyUp0wC2aWQlkKStGrXzh2Q07vysnpZaNJ/MImBO9k2F8iJyhOlS5yQUhXLiAkZLiIH7hOCn60YFEqSiFz5oV0u2LBoJBaTG0e/YCsXwmT3lZ7EV5yflza7XmX+Yo0Lir2qj2b7pW89470G36cgDaB/+8e3pGZnNhjijeZr01Js/acMP3x2rQ0N+8j0wFd5LoV4ivnflM0k9OzrJ2hJnn/EcXU8+TzbYrJXcPmzSQwPsyiPXaOpp1f3CQpU9dO1KyS795z0fxF5T3ZTEL81KFTeYqPI8bp2qGen35HpGK4qOyZcr6M6QCzoKGSA3lechWd2vdQMiX02zH95ZtTe7ZuJvOJiluT75ccmjki51MomW/JTBboLzxFzvlQ3aPwIxKRkJhyNIMeK5lU5KT4b6Sr743bwz+GZrRJMUGsHhdHHxAaDGAmQPjspJn4igV8W/TKNkLMxHsFZ09bpdtxcLw+iWRem49l45UceG5iclqxZCZogRyS05yeSzKkKfM+8dF/ig3ESfjQ+Il4/z/FQa+8GPAeYGgmkiRwyx21pleqQnQ6C62kTFSiMmR3plUyArNas+3pAooPJivShAT2UWdUC0yyEhXE3TPIFuxpUhmLxmGW6tMddA9Hha9b1qjNNSp/mqjYq1GrZq/4LIHrThRwymT65l7QLMSZ4uKHpPizx3EKZ5Yf/YlOcjOZrjlxqjmAot7x2Z74PTj3Ou8eC2d/Orofpcj55ZKZ5B00DcmRpcpMkIpkxZv2XeyXZp1CU3lsStxnMkfQTJCW/FPBDB3QuHa2AmQmBZLxxoKZTD1MiDeZ9sT30BPzrKzsWWB/PC4b+fzi6vJygBZKyG5574B1FTPtv/g52o6yzIRDz/KBPaaEc6ToQ4JdSM2nVlmHwM0Ebf3zymm8t4+uyQVrizVZjxpObbnMxHU6RWEmk0Ki+cyV+klvvSAkqRfEtHyXJCQwM0E3B0tDfT0eWpXLIDPx+/31Dfac9JQ0kk8hfJqamiD//P2OdCE5CcwkUsTqcXH0AaHBAGYChM8OmgnOOj6Gs2tRdJjdTpKImWT84uvMJ/VhvqpHJoLtpcGHbtDWKy1iqBNNWton/f5JvACOCPECQjIO9ZLQuncUuWhKJ1EOyroZwHvAWmYy73Ol/Mie5dwu5msyVAF6V05OF1kgIRFfaYKQ06AqfLN+meRSFE6I+HpOnFzyd145nulWZnbiQgmRlIcgnaBJN44pJGHJdeauNO6/gfYQKThPSVfohC8/hQcgKQlCWuoqZuKvTL/xUpVC9yopIUW5V2gnk6S4B+ewSju242AFic+i40gE8L/+vBM1JIwNDZn+3BCUAsoEFG+WDokk6jU7WAY5zcBu+LOpX9KPeFr9hsS1ZQdNkrkwZDNBW0ERZxdyk3hp1qn+i/vYziw2oLmRMpOcnmUkJIXeN/Nv/4fKiUHJSfKhwi/kYhPJTF64C746gaTlZt8iTjzLrvKT+4/M0rFQ2xeO59JaO4++zISd3Gdlpj9eoylrFIVNm9KcdAyd8f7Z4P49ceoFlKxmJqGehB+xkIw/utfPvh1CV1aCKQGnlx6IJ5Wy4j/+XFMWw80kUHMCOyr2KLTnrGAt7yN0sd3bqpmEfC1+7Z2K0vIdNpBRnKMhlcHOt2TUzI9eMTMzOcwzQ1SgXzQfp3qDPr6lPZvf31LQLandqt/iuyZWI/hYPS6OPiA0GMBMgPDZQTPBjkFyInGsRnORFbW5SBCYKbozeQpGMdnyNTETkiKjzCcWdXJy9wJoyXuI3kwyfvHj3ERHTuJRVkuKXT8JieYf5UvIggQ5TVEeQvDlp5LqTyiYCCJDtn5tTqtQBgbziQkpnW7rmcOJxx2y4nSeS+okUfLWzQQFHMrtocAl+zC2Jp6SkSwkaX4I0l6h4IbvFfoGXFfOmBOFUbJj6HOEJG3rlJ3iFPYNFqBSbVAGrCgFhYYoJWGPySk5hjLqLTuAw0SWy65IQTFlQkLCvp9VWeaiwkxOSHVy+nP31ZB7BQmdp6/90YSiVfRXJB8bETP5TRG2ETpO5QSlqBeRSd5/QQw9TT5Oo3NqJovJ/2EfI+fuZsaRt3iZjKv4ylg8WFD+bSPe+zFHxgNF0dCOI5+j2f79vyMeIJkJ/0r19iJiG8HywMb3xN175IwzxQXWPDStmfTkHjDtkYvFZAI9poNlytIzisn0uXqSsCf+wPcNeJqYycPv400f5eG5WJm2bCaEVc2E5R0EJzs97JcrJJ0RcWMzyUwSk3C1AiHR3qUq7FWZCanEhc0Er45rH4hL9TgjbxTMJGLE6nFx9AGhwQBmAoTPzpkJLv1QgtM2ZSbfyWaSmJyS8ikZclXF2eJDtZkMqmYC7wl6M+GTPOIXzBYUqQeVMUrQJ6QV+zTZp4h+Cy1F4SirWs3XZFhxDj4mSXHppkuVKNh1S1CGDmiO3DIEhQseEV3ZPEVZBUtvJrhZyUkBt2RH+FuQlvjVwRbfK//dTOVeYYaKae213WgmJ2r6eWS5QTMxHczbpwhzKdxMWAxKoCUwNHQO1pxAomImBS87ZiaieJAVm1Az6fjyBisPGbpyokMUv91/5GT1nBhq+6vnbfJ3jUhR6r7DxhI9sHM0XHZgj6nBixt6bMRMAo2nTjVKAurNO9WMx4ODRbzGnQ6NmQSRlhQN6n/JYtFBE68rqGSfVGJGMf1L3vT0tHxzIGaC9mQfuh5CD0m1rndmJvP456xKeXnjzF1c7MnNpLWhvtPn93rsmnpf9PYSnJ/svHKc1eYiZmImiwXvZOC8EjCTyLGrjisYeLPpcE4fEBoMYCZA+OyUmXSeQwFSEs64xmBLqV+SanM5vHJtLlJ9K7PB5/e1WL8+o6zNhdaXa3MlpKGHQ/C1r1XThldTZvLApZ4NvBdsyEw0vSkEfbw4RUPL16z0g6M0k9YfcON1Ss6nkgMs1Sf9zMRBfGmXN8pWDPrIOpoW8LgW+Got4Dt/TpL8u7XYUe/6SrDnpjHf8Lek/KCKY1rbcV9c8l6FvPJeUfot1Exwba6T0fID0ZsJCgel2lz9ytpcKGyNl2rjaMzk3l/ieW0u1pkSjYBDQ7xqkDSXbKI/j9cHI4l4FRY6o5GPWG2xSJnJ5mpzETMRlzuSv7ozKy5iMxl3fls3NzvLhrekhCT5UOFjy7/P4gpd/y4Olv/bfnr9RAv0HKETZ/odLm3AdbTWMxN0fr8hKsLmWg9ITc8D6CTKZ0uF0kyCpjhVu3Bemwtria60hBDgNQkpcjsTCjUTtPcO8wFqvO/ITEjmiGIaQ6suiwoz4QRrMlhxLoG2M/H757l8UTNBi7mW0K0vFSeBmUSO3XJcj++6i27iof21dpYx+oDQYAAzAcJnp8wE2YQcq5E7Mm5zgs0kvbUId8bKW8D7u6ykpDop7WvcAxJtH5+YmoHjNhpN+jvtX2OTSUw2jy7xjyRgIflQpDfme5+IdafEN+oFYpdMTdb4ewy+uiRIlqHE3pRO6UGuMRPlKgL+JoNpn2IXRtdhPenTx5WbbsYNVoWUo2fI9TVpT2PR/5mjpLMcaUmk0znJuO27gnnSa3AqK9kYtafkkt/CvNd6EvflYOW1Mua9uNfgP6jjS/8NqQU8RtkCXrnPpKOeoJB43EUanNC9Mh/LIXsVRHuP9zEl7cwVZjLoUGjtymhgFTNBMWVdlmm1FvBioCH+VIPeTPDI8dVbwA+VHCgaZguLdBOhh1nxquCy/+K+hkXZTPJ+hyt0iZEzE3FzLeCJmYjig7P/nvzJOVaby3zhwYJioVDbT58c+WL/tyKxlILvjkRbQ3npHAVoz78nSnsOGJoJdhgF9HTTXoAT/lUyRnX5BkE2E3QlKBF5C3jc868M2np/5ak4NBYXzy8wzlpmgrWHVOh6F2ZSnCaoMkdYba4gaemOB/vXKfaGeuWNpfiwnC0iaotkMdRM8EhqGruHgJkomGjqmtCmbYKoPS4Ng5771Ey8mnhpPfQBocEAZgKEz06ZyTbx0CEqGyHf+09Rzn3bTYxeMatywjcAmMm2suTK2L4vXO41WIzYmxZVn/m+oWlXsJ1suNdgZibigvuvh5hyfGs+knz4h/7J0ZtXz5F5uPpW8n+Q4qDh8oOHjtDWJtHDw+/jtU18tozkBrGAbCahUWHv8eI7TEK8L3Gxp6C+w0hlJi3ZV1yt3klcmyuB9YFOMTCTJFpJQYw6M0Fu8ESeWo67NoL+nSz3PVmRUzfLVWdPXG7778v7ml6sU7fxPTETcWXae7/tck2HNn099AGhwQBmAoRPjJtJrABmAijBb1pMtWhTt8CNY7vvTYuRoTVL7rsWeJeYTCYzbUEOvN8YRvCvf1vNWk8F23ub1hH29Vh5nn2pXbqzhYabeqoMtvz+mEm46ANCgwHMBAgfMJNdATeT9JPFfr/f5y4mXSqLZiEluyi70+fPOZrY+ktGvXfSP+4VSAViZCaJ5myXd9L7S6bUhjIoJKT6/GjhJNoemvZHSTbAXnOB1krbaz5zxdW6astQAAAAANgCxhH8Z7RqqyiezKUvExDjcn+9T0amPb2XnsxO9/b9Pg8vgyZpAUv2xc6T7Vhi4gqfKIpcxCd3OuMuK0uCQ7QQRuz99eSVrtP3p+bf4Aq1py+2Dy++DS76P8hrZ2ay8nyvYyS4OBVXyrrNuVra/vGVvunXRoWQxscVRUz2O6txbS5t+nroA0KDAcwECB8wk12BvswEd1xGm0PQVssv7bx/2+wk5hi8oTZdWPQVZ9SQ/KPQKBKb4BpmUix1LQUAAAAAkcU4gndYJSHJ+5WNSGaSfZHOCj36pRN3fjDpu/oKT398sS/OOYbSeXkL5b6zPe7vqm4C4kqJqPT+mu6RW3/HXeyjI2jT1EyQ8zwi9ce4JiEz6V2vRpnxcUUP0AIeiHbATHYF3ExcuenshX+SmUi1hOU+Z2n1YmVtLtIYWuEhJMU6urqZSIsAAAAAQIRZJ4J/PZTdH2J/CdxM4nLb+UBSqIr4T7YvZ1/sFJ/7qtShtkGZCf1Agp9YDUaqzTWLPIRviM5CKdLya7LOcUUNz9oeUDMZXM+1NOgDQoMhAmby3wsLEHK+n4CZ7AqYmQxZk74spr1AgpkAAAAAu471IvgA8g1eaiEqzORQrvpNUrT61ushJCT3ne1oFW0rkd5f43IVfS6sTBxqIj2SqcxE5GYy3MjamaBPU8zHxJKZiCuzTx4+ulKn/TLXRR8QGgxbNRNXcUWu1ZV7vsLlU3ZACLwXgJnsCqiZIJGQ8n/8YZgJ0g+pNpeP1uZq/UHwkmwpXz7urFazFgAAAABElnUj+JO57XGkJQlF2c4k8+HU9OvA8BPW/ONSYfsHecQZXg99XCivIvPct/faE7SKo6rrA6lqlsZMTua1D88tzs/59yrbmdjwWk1NcjsTeYU1WPe4djv6gNBg2IKZrMxlnat4IvnIk9pbWcXKdxwBsc+OmknQYbMXFNoshY3aOasQmnI7q7xkdGWur7HKkm+ran1KZwXGuvDnlFRJzdNCtY7rdAGaMt7RjCYtJc5KN11F7HbhT7AU2l/RjgTfTtEUqwtnsbjLbXiuNNBVPLfwAtWPp/jruYZa6+gCpLIr26hiNyKGVJuLvQcj40pnWhhmIoqTDdnIQFKPya/6TktOFBISvfOdOVLrFD4rZuioqyotwafJ/VT1yojeW7Yp5TQAvNc8tbZqM52BXcTSnS+nN/mGih0hViP4XXNcC0O3cQt4pZ1tCH1AaDCEayZz/ZUFFZfrWaBGuXyhovIfRu97AmKMHTSTXpe9oq5tYGLm1QgrSzVi0mMttFEz6XPZLYXXx+fGSguxM8y0YmHoHpnqvltdcHuAppTe8gSmRwrybTTFUujsIwuUFNrIuxYnLJdrA3Mz431uSzl+MwBWEZLiKMHR6lR/T/djNjiKiJmsDFguV6PPRJ9gdZPn98oE+tjR6Rm01hvFRvluRJDOc0mrZQcBG2HEYq2ub+17NdJjyVe91p2byZuuamU6sCsIRyxfeFjuxm7DTbJFSmxyJk6VzY5THPJLHztuohT2bvvQS29JEbZx5Srr8bS0eQO34qhnqMG+6QsjKpgf/DBuzMMmlv/hePan3w5++MGriY12k7hU8+UrMJOdY7ccV/S2gO+ovH7e+nBktdfOjDS7si7Vdbzi+cIbZvxB1t9uOeq72prvnb0UoXfkvjcsdDdpk7aFnTOTsYLajYfvIUtZ8+iKl0YVlsI61kvGSk9Fm+pewB/MDG+dPsX9QvpLsJIiEbQYS3nhqVa9CfuVxYlLUVAYJL3zYKCWuEol8aJV0W50C0w60oTEpLQfSZEJsDU0sSydrCplJWNEOEMzvbh4zXqLvjzbW5VvWxxw4/KW4YXFYU8lWrjoOisT8/eQEj97t3QtAdtJBM3Emn9dlZsw0FhQaGcZEKLY7cSXB8nRwKA7RkUDzrOostqqvNtbBXplgO4n2qVRdg8coTfSysu2gS75dhcKSm+CkFaJBhyFNnfHwLivrdpqo/dbayHOVMK5BiV1bKHFp5ZCNldc6OKrWAojdlONRhZ6B3//5bBsJtODp2/TU/jydFzEC+F3lt0SwW+W3XJc0fsO+NcLb7PO1a36BsgOe8X424XXpJvnTXGnsGJcmyZmFT7QJgFrUHmpQpv07tkxM/HWtU0+xYFdvq2+f51iuvoy6gDUTJYtN3mbthnLLUWgoXsG15awMhPKgLu6gOWah3AVrODckLu6msQWU24nTUERCV9eJBEAvdmMNl4foKHAbHsFcRJLUWM1ybYssEnPVIpuN4Bo4I1/wFKiKhuRQtsJdzmTTGSb1mbaO0tbZfcyNRMaAlYX2XpZsPcKX4EvPNbI+SegAX3t1f1BawkWv3EpB41WniyVSgmk0xea6apFhoB+wlMB7S2l1nFdVc9TMpP6ctuUol8adCor8m3kjGMc+fbqgR5uJpbC2u7FgdK7rDwBmQnXG0u5Z9N2tBUWu+he0fwUipwPos+IEeVVGC881XcbByZmAhNeS1lzSaU7MD1iyb/ehA/OS5dE32TJZfvo9EzT3+08ByfSTJBbdx/ft6lmJ75pLnZVOjzKnCMO/5FSaJZBRanNUop/1DjLAJ1BUlmXK6ulvM3txDVs133ERAlDspncf8bfNjF2daxVGkfK8te4ia++nJ+ZmHWeHq15NOZ8NOe5MLwvLiiK8+WHcF+6Y1fR5zz96tLSzPDTD+PIShODn2UuzUw/P396UlVLZmfYLRH8ZonV4+LoA0KDIRwzQRiZiTZtQ3isFV5lH2Sz/Y5CR9a5CjTQhAXfw7PnK7Iu3HgtLZaV04SLaM5VFLrxGe24dQuNWyofT61WmBP7LAycv7XdEe1OmQl6+JVana/mZgJzY5o6NjpC6PFPRqiZ0EcaQ5qF6b1l71VlLi1YSuqklAmsEGXVTQPsETXlIe1M8q9LC4doSu2w6q2zpTwCeNFW8Hd3YG7KcdleQMpMLEXXm/rGAtMDbtXze0G3G8BOgy0CBy4DAVWGi95McNEZfraLuA6Yq4+aCZ1WBkb4qlvuQRozpP5AIFKgr73gst3jGxvtqCtgv/dlUodzptZmd0/ir52evkVvXQE5RzyexjE3DdDJb7Z7ZKrPXcs+hJrJyoTlsio3AZlJm8NGS0cRljL3uBSmo0APpb9Bd6FSZkQKM3llcbRv4+vjg9VltgFyfypRGEiBkZnIqzBeeCyVrE8eJGM0gkfWXYqFXDaTilbSdG6FfwmRhvqSsggL2Qj76anKtDkOdRk1ukIclfjkem7aO/qb0aVCHiV4GdlMCu2Ouz30etB/YBSiMJMnTy+wvqkWq9J5FS+RmokUJgzu20tHFp2fvQqpzIQ+gtDCpM+T+8pP2HFiNYKP1ePi6ANCg2GrZtLW/pgN/8AvqQnbTFBsl3see0jlA9JjNOY5LzNx5FRkWdkN8azkKmjhDqkwfNp9yzVOHvPeJr7Ae8fCwDaXnOyUmbzpqu6VxtGDUBay2RHSuoNfQmJ1CX8gSbW55HzKCRI+YsabnU2q+rjB1Uv/Jz0VbTOLXdU0uEEXLQ1r0MI0JdBbx7NOcfEIfUIrWe5y0FUUUoQCFPIfb1S9G0AUMdXsbFNknq5mJrUd2JbJsBg0MhPCzEgXFh4Q0UiDzUQqeKTRNrpL8DedWfKrO5bx6Rvy1pW4vPTrRwvwk0tPFj93eJzGtSgU7p2wFFbxdAou/lrxsmXG3J5ZkYfpA7V2ut3aIlahi1ouHqzqwtJ3ytsFFHnXXrPTMt6NmAm5jOVVGAoZUF7bJLtHNhPp5qzKBooI5KuzW2+TYEBpIBpLUYgEXWVKfVtVnNwJXopOf9GymeSzEy0dYLSjMBPxdc3p4d9/MPjPv134xyWuIqIsG5jBD0+zMc/p52MqM6HJLAU9H4/+dvDoyaXoyEiJ1Qg+Vo+Low8IDYatmgnSg/MXr6OBWsQWzATdPWcGH9zDcsJuhbKZINmwdbOfxZ3CCtrwhhenIJpLWSK6LdneWzMRQ6/bbjfz6gvvnp0yE/FZM3/2oHhR9ZpWNSwIkAb09JLbmSx3Se1MtB6iExUOfvqiRxevNd5RSTSjsktKWebPsPG717mkcN5019IHHtoNKS1EsyHX3igQHagjntXMxNk0KS+wrpkgQhMeXs8HiBRVrNkPhkbbylYlNAscpRQU2jokLVTE0+xkKas8sdP3wlNQYi+p09ZoIRXzQkhCxomKkGIQFqbz5mSjjdc7yN0AfWxlBwr6vbzwYRtZsBQ1DmyqNhdZRZ7aaTNBvjTwuI350rNm+efma5R/m+rfKV3Foq5nqzITaSd1ZsJu0bvRTDjBOydfKtoDhGcmiOffHxr8P19OyZl+O0asRvCxelwcfUBoMGzdTNivNwJmInGeqYVsJlnnbtzBRTIYtAl6k0CJLAk9AHIqXs/O8IGnv0+Ezl5w3dnet8rsmJngrD7b6PQMbvu4auHGKrAyk4Hbqr65aBMR3pUWrpfldlY0yp1roUeXo7Ht1dxMX2sjWgU3G/A14grWc/LW0c7QFFy1mhWnyFluhOUA+QRLefMQCYbQVhx3vbg1Z5mtb5lUgVBtFIgOXrTVt/b04Va2fbSyB4dHMEN19nrf1JR/eaa7Fl0JHX0j3Sh4wh0hrG0mL9oqHc3oouq+W13dr/NXYGvozeTV/VXKTKZIJR9dPM1OVrWi/o9cZuLFjqGpbyk1GcLdckhxPA3TX1nK6qQfdZulDNf957W50Fa4LG0XzEyQPmlawGN2g5lwiDYM8LOMG/LxeavV5lKeX/F9MpOnH7IqW5SwzUQk6w6mX1Uk7AyxGsHH6nFx9AGhwRCNZpJ1zkH+L2cVMDOpvFCRVcoatihqc8lmMu2+Zeve1qA8ysBaok179+ygmQAAAKyK3kxwyWShfVyRdyAFoAu9N3HLLr2ZiItei7WxY2RqoFVqrCLF5coyBzLJAvqKfBtpCy7SMF3u94JQTRqYqdqZlDQqF3hXzA6UkBfy8Nb/CKn7DYV1KMyE9jKsWQWzo2ZS4qgbmJgZ93U1Vdoru3FF2QreN5eyih03E28jX0XTHDHmzWR4X9zgh3FP/3Rac32FZSYTT/fjT3tWMxwN9bmGnm9j46xtJFaPi6MPCA2GaDET23nHnQe4vUqV9cbZ8sc0ESnKyOzYG9wrbt358xWN7QOe+tvKghR5/ZXnWecqPO2PPfXNl4up2LxHvO68vc2lJRQwEwAAoo3VzER89bhRGWrL9bsWewpu9qxiJmjEuXrfXFPNziapaFRUmElHpU16/OEwnaoIh1bvVPbNVZovdeYGbADmS4V22Zf8PdSgul8q6sFyM5kd4Kt0jKn614pJM3lPCCy+nVuItWrP6IjQcWlTYwt9QGgwhG0muLX6qkN4ZgLsRsBMAAAAAAAAAAP0AaHBEKaZAIAIZgIAAAAAAAAYog8IDQYwEyB8wEwAAAAAAAAAA/QBocEAZgKED5gJAAAAAAAAYIA+IDQYwEyA8AEzAQAAAAAAAAzQB4QGA5gJED5gJgAAAAAAAIAB+oDQYAAzAcIHzAQAAAAAAAAwQB8QGgxgJkD4gJkAAAAAAAAABugDQoMBzAQIHzATAAAAAAAAwAB9QGgwgJkA4QNmAgAAAAAAABigDwgNBjATIHzATAAAAAAAAAAD9AGhwQBmAoQPmAkAAAAAAABggD4gNBjATIDwATMBAAAAAAAADNAHhAYDmAkQPmAmAAAAAAAAgAH6gNBgADMBwmezZrIEAAAAAAAAvFfoA8K1BzATIHw2ayba9QEAAAAAAICYRh8QGgxgJkD4gJkAAAAAAAAABugDQoMBzAQIHzATAAAAAAAAwAB9QGgwgJkA4QNmAgAAAAAAABigDwgNBjATIHzATAAAAAAAAAAD9AGhwQBmAoQPmAkAAAAAAABggD4gNBjATIDwATMBAAAAAAAADNAHhAYDmAkQPmAmAAAAAAAAgAH6gNBgADMBwgfMBAAAAAAAADBAHxAaDGAmQPiAmQAAAAAAAAAG6ANCgwHMBAgfMBMAAAAAAADAAH1AaDCAmQDhA2YCAAAAAAAAGKAPCA0GMBMgfMBMAAAAAAAAAAP0AaHBAGYChA+YCQAAAAAA28bQ88A/hmZiaUBHpD3ImEMfEBoMYCZA+ICZAAAAAACwPQQW384tBLWpuxx0ROi4tKmxhT4gNBjATIDw2TkzGRUQCZktITadmYAThMNW1VLvErI9wTrKJlu+29atA9uGWRAy3apJStKnaZPS5cdSzOnZjk6W5O80JyeixDTHJE3wFqWhaTZXQacjGy8nCGw5wuiVNLpR3y856eYkNDfjivTJHN0mRHF+1U0IyTl83HxFumRFMehzoeVTj+W0KLdNYHt11E7n2L9OQ1PZDZMkIhhN+q5FtfQu5N5fTOPatPV4VnaqWZvGmLpmNpmUCaf+Nd5kMu0/+g2dNJkOyPMMPgdYm/HSA/e0aesQfHYvPs5kit8/Lf1Uy/6CTpTp83MNquUUBB7nmf6i2o4ZfYI6hdJz0aw8j1nkjMcJZn3U/PD7+IZFeRItppwUp52fm0xwSWyQfwzNaJNiglg9Lo4+IDQYtmQmWecqlMOdhnbtEkBMs8NmgmLBn1m4hicSttUN6A6gXaCTYCaxit5M+CSSAjYinfrRy2ZLvyiGOjWxe/HRxBtua5pOGzp/Tmrxa9LE4sOC+YqVbiUohTl+R/oN5ZKrbUJIPq7fRMt3ST4yMlqRdryoxZzvtRdlFHtQQlBIteAZIZ8lVbWWZq/8lemueTwyX5MhJKSjkfqvBN1e7zIiayZ5H5kO/JiV9YhOjZcdNGkqZ7wjM4mvnPtN0UxOz7J2hprk/UcKevnU8+TzbYqZu4bNm0lgfJidB+n7Z5OBm1+UPWMLKUGy8UXlPYWHBOJMCehs6s0k749xzmb5PPb8GN8jyY/pd3nSUlLKnlOmP16blidPKCfxxfPtN1u8JFynUxKVd6rQJE1RLsNB9wT0uJSzKGiK/vnlKxaEFHxDI6BnXEpqquIu5LenoydgJp/eHmI1go/V4+LoA0KDIUwzmV9YKiipRjbysB1fthPPp2/cuo8mUbp2USB22XEzET6loVWnIJgzvzPTe2vLlexEUoRiPklutaNWQchwLYlpyYmZV7KxTFCf6coRyI3b3+9KIXnP2Q0s6xiNB30u/BEJia1+MftokiAkavKV8dxjGeiPjzyQuJloto4C2bQKsubdMyiRPgwyE/A+8O0mpqTh+BPvJ8csbQfYYQzNhD345Yf6qDW90h+8k2F/yRIoxccy0SyzLlDISNCmIJAw+EItyo1i3Jm8gA6x6iaQTqy9iVHrYTyiKDNp5eNIqOQSmaV6zV6ha1uKRjpzksgsd2Yx1Z2o5JTJ9M29oFmIM8XFD0lq1+M4RQoxfqKT3Eyma06cag6gqHd8tid+D1rElHePxa8/Hd2PUuIEM5uWjCLvoGlICkMp8aZ9ef3Tpj/TnPjxsgOq8hPx3ZgJ0pJ/KpihAxrXzlaQfOxC8tFyaWr3m8nUw4R4k2lPfA89Mc/Kyp4F9sfjspHPL2oVgnJAXaK11inov/g52o7SQ75pDKCzyVMO7DElnOtBI3lp3yg/RCm6pj3fSKMUfGGQK4RNm0ynlJP7TOZrj1bfn40y76W5EvymsVY+BSUpKdOab1aaCUrRm4mvKDXnmJB0jt0b8DPuqzPpDulm4CtOFfDtkC+/PcRqBB+rx8XRB4QGQ5hmgiTE7ZEzYZTp2iQgdtlZM3GdxCE8mug8l5Ra5ONuMHrHOo/DkSCai8JEHvGnf52NNIOM4oIOFGMJ6Xb8YUud3smg6G9BM+g9GC+SZvGP12cm41GXz2/BlVmScrr4DpBlDlstqcheMkSFmWi23vlzEq11ZvlUOP7/sycH/swlabtIVJLxZ/NPRvuVmh/Fcd97xlpmMu9zpfzYShP5Q32+JgOF7MgBJu9iBxYSk3y8bsdqZoLOO/XepKNnaIpUfKE2k6XJJKl0jrL6JsjuyRMEdPnRkaAnW0hJl82k31I8JC3UlcO1Z/SKme+Vi3y0Lz+lkwbiL2+kS54jfN3CVog+sILEZ9FxFAXif/15J2pIGBsaQmFiUAolE5AxlOJvAUW9ZgfLxT61B0exDX829Uv6geJI/I9EomUHTZK5SCw27LuIw8zPefj7zGnak9A/LZ+YiJtJTs8yEpJC75v5t/9D5cSg5CR5/4UxW8ZVdoqZmZz85MjBM+Wzk33Jn5zGyxwqfEwX/uSIa5aMDZZfHqSrRAX6MhN2cp+Vmf54jaasURQ2bUpzKqedaSZeZKFDZSYIpZmMP7rXT78cUX0e0XUVZw7O9pR9kaC5PPov7mtYxIUqymsSJbLJxYYTdcGIXBKaOxVNoSOtP+BbBR1Hz8158jOXfvHzNEVvJuhBJL7E5SJ0Ej/jvmtJQomE7CQh404QzCRSxOpxcfQBocEQjplYim6NTbzSphJQOpr75s3mm/KMP8j62y1HfVdb872zl7b8G33PWOhu0iZtCztrJqL/Brpp2l/iUN6nLrVIojX3BQHHYdRMpKov9V/hKR/Rg3pSwofLLnC5N4YuJEgNSHCURosv3JmC+r6Pl8ab89OFsYGsuvUlXPaCRtBfFAsKafZJkiKqtyvd3+dJOTurIwREA3ozyfjFj6h35CQeJWZLLwYBl7CZf8RXELpWRqWgNoUbxapmwgvHQl5clNeVI9mCbCbB1/5Jb6s5Uf5Mca1NrGImo5qAI+Vri4DL8UbXMhP8O5L2KudTVsB4hhUbepFg01lKl442TmHfYAEqVQJVlrbpQNkznJKwx+SUgkhl1EtLPJS57KwM5FlZQkLCvp9xlrmSvI9YmBusOZHnldOH7pWZTAl03GTa11DXwAbbqa2Hob8pwjZCx6mcoBT1IjLITNDfg/uPkClqJh1f3nhO5w5dOdEhit/uP3Kyek4Mtf3V8zb5u0YUMtd9d2TzD/J3iHyOZvv3/w436uBmwr9Pvb2I2D/ZWaDQUjJlihojM1Gh1IlAj+l/f36v9NSBeNO1QUVWAT718eR/f97vTHQG2e3pa3/Ek+gvTnrHZiLz8saZu7hqJjeT9IQkmqI1k5d2movhr0ynBaTUTNCKJJ8iSMtSwEwiRaweF0cfEBoM4ZgJLRgZn3hVfq2RJ7o9vbQUBc0dfDrB0zeIx1rRsaBNfHdMN9/SJu1qFgbO3xrQJr57dthMSD3X9ErsBqJsJnhW4h/Sz/yYnbSamQTv4CpYln4f+hvEGcmZuH1xYlL2jzgHevNmgu/+wrEbnVdoXTLd1om6CF+3CHgnWwXhTEsvCg1TRFI2grabdjL7eCr+bJE8AwRazgNEDXoz4ZM8N1EwW5CrBCVV4OG7SBSCja1qJopoAF1Fmcl8AV1trqFi5YWx+iZWiUW0ZoKuSVzYiLxilDVlwbgz7VLk7stP4avg39SxG9JC6NniyuCHvPvN5ERNv+lgGa2XtUEzMR3M26cOc0VcG0cm/vuHyllFB0y0zk7Ey0zCMJPHBX9yYYUiZjLuTN5/hA8PRNH11ZHks26x9ULdspj8yQWkKD99Qk0mWmDnaLjswB5Tg3c8qCgzMTCTQOOpU40qD9GIio5wzKTmuFTBLxQw7TkhLyMGFVeH6doUTqK7jTy2ZlE0K4rjtshGzOTGMVw8Ispm4k/6uoWmaG4UvqJUVl90yZVCyvCpmSBjybgTRH9pDQIwk0ixq44rGHiz6XBOHxAaDGGaCW1Voqy7hSyFp1sr6hWLbwhkJt4VTZo3y84yoGznKiz1OIPHds4x8qAOb/q84wk1me66rJwmj/0WSrQ1P+UrN5KU3PIHT+boDcNb2Sf+97OHKPH1CP6r2f9dz07IyatXr3bUTGgTPUFILRa5mRAPIdWpsBLozQSvVJSKm8snZbO1BME+KQb78UeFYSbiPGmRQif1W8dZ2ogUGsnhsU9T6M7Q7SLScLuUTDFEGs8kb/eNHjBmQ2aifqgj+6VNxvEsXiqympnILTrmXehqqW+olwZL+sV6r7IlSb+FmElwsh1XIVt9E6vFIlJtrtbswxmdPn/K1/YkWmYi4gYteA5vAe8nlbcU7UzQiLIvLyROST/QCmyjwkkXT4829GaCIj+pNle/sjYXClvjSZyqN5N7f4nntblMyvAxNKSqGrTYoLSReHV7BhSwviMz2WxtLjpycP+RbxsXsZmE2r6wyWcW01t4cH9GwSFsIzczjow5MpIPFaoW2GnoOUInTmpiPr2umaDz+426eCRhj7GWiMZmslZtrm9IDUDKPlZIgum/uI/aCGHa9BHec7bbaOQjqQ5hJC6JDZiJ1D5T4m+H1dOK+xi6S/DbkcDz/tiTK71Y6jMDzCRS7JbjenzXXXQTD+2vtbOM0QeEBkM4ZtLY3E09RG8m+vQNE8o9j1esfDAipaxqJrLAnKVb6caiwla46WgkuYpep8NDvWVloPJCBfnpe7POOWzdrFzGFs4eRj0LA5WXduy4dsZMSHwvlzWTG+uZw4mk4n42MpBVzYSWY0hNeOc7i3BJRcYVL4rDwjETFCWQ5iirb12SH9oOHm+JNjIRRbpdYW/q/BK69WeSbcnwDW0DugfYOuQcxRXWzEXexJTVM863/3H17lCelRbl5N6UTqkMQ1sRAp30H3HLJHRy/bwKlsJM7GlSGycRd8wgJCSm0t4aZGiZSTDdnEI7VDhzhVybo/Y0SRtW2cRqp5LrE0VpGuJkCzqP6FqtxxnQYusPSS7JheheSQc4KZB+GuQNuTN5jz1RyCpmgmLKuizTai3gxUBD/KkGvZngkeOrt4AfKjlQNMwWpnVyOMG6E3n94zWka1pTXLxzkK0acTMRN9UCXjITccH910NHaDuTb81Hkg//0D85evPqOTIPV99K/g8iXcPlBw9hh2FrRQfSOQr0lJ5A3+6J0p4DhmaCHUbBuCblQNm4XNVKiZGZ8BbwGNV5DJj/N65gFifsJz8mBmuhJJH3Eb5auJnw+l0RuSQMzETZzoSiaGfCUN3EllxyS3fSMaD9pWwmneeShK9Y7vP23+qjNoKfaOradGUhBVF7XBoGPfepmXg32d2VPiA0GMIxE0RXz+CqZqJP3wRvZwYf3MNy4qX+sLqZ8MWrLlZgZ8Nm4mBJQ82Fbnx2K3PkxcbrbzTjTA5vVvnjN1JibJqJGHrddrt5fGfqBm+vmWwRbCbvW5WpJF3MytGHs4b4hbScFp/fO6l6UYaS7X9c7S4yBNx4VJv6bqj/Creq4qjMJFw0nwnsFBvuNVgyE+QmjedY31yzj2+ePZ28/8i//ZmaiTh14/QXDtr45Gny/m9ZO/io4eH38domPluGFmLEBgZmMlqRJiTgKsQcYzNBKkIbYTKW6lkfMzSDr9/Cb1/bf6s3iOCRGzyRp5bjruFs7pPlvifa+jib4KqzJy63/fflfU0v1oms3hMzEVemvffbLtd0aNPXQx8QGgxhmgkiGPxvTfdc3j58qYdvJhLn2errmElHRQXO9MJmItWEXnlMFytU7kB3XWUf+uelsyixaCahsxdcd3zb2FhHzS4xE6k4O02byR3jLNVn/pyt6WeWszkzUbZPWIPtf1wBBrBaWxHDHwNvWgR2FyaTyfz9mq9HBN4fDCP417+tZmFesL23aR1hX4+V59mX2qU6s6Hhpp4qgy2/P2YSLvqA0GAI30zWYutmcllnJpbVzERRZiIlGpaZxLaZvO6s20EtEXeNmeB6KcLeVPou6/cHnAc235laJOd007d6C4lJk8RMWqWqZbTGjnDY2vKjOTFBqA/i15DTHsSy76JlR1P3MrnDi0ldinkdZ1BKei4LWFF68THcrr/Y874VTQEAAADvCuMIPu4izodG3L7WTh/ycbm/3mcz3352qf2DSz3ZPTgiRAvQ1N7qzirSZOLj3F46wuj9NS5XUUq3MnGoiTzOen+dWJy6eq2TWdD0aFxue1xe56NG2UyuOrri8tp7peqQV0vbp3vQp63ypg2O8XFFFyuLgYVNh1D6gNBg2KqZPB16jsSg6L9qeAqa/Cn374pFNoTtvOPOg8dt7Y+rrDfOlj+mieij2h4PNFbeOH9eNpOsS7e9fQOe+ttZF5rwQthMrudWPPD2dcmKsuDNunDL+3Sk7FJF1nlaoqIyk7byCseDkamXvE3L7uZ15+2d1RJx15jJe0oqEQn+TgxfUSpvPy0SM+ECQcv0kVQo5jMyaQsHRZkJNZNUgfU7KbZn09Y71FvoKhGpPgQAAAAAxhG8w8p8Iy7vVzYimUn2RTor9OiXTtz2eNJ3lbz84uOLfXHOMZTOy1so953tcX9XPbziSsnjrffXdI9sMNyF0KapmUx7eh+R+mOf5XbSWchMeterUWZ8XNFD9LaAV8KbvCuHnl65j6zIskpZh7I2F7BzgJlEL0v1tO95X34KbXyv7GdWVNfmorKhrI416bamKMpJ9GbC5hGoh/DVrYc1fQ8AAAAAQJisE8G/HsruD7G/BG4muGRDGkgKVRH/yfbl7Iud4nOfqsBEFJ/c6Yy7rGxPF6INV5CZSIUwCD+xGoxUm2sWeQjfEJ2FUqTl12Sd44oanrU9oGYyuJ5radAHhAbDVs3E7elVOsm5C38fHXuhXShygJlELWAmUUuwBr/ChUJ7XNmMmcwLCak+v39+CWsGTtCbidnixe8exMwT8wEzAQAAACLOehF8APkGL7UQFWZyKJe8gUVBXOGTJ6+HkJDcd7ajVWiJh8zatbkUZiJyMxmWanOhT1PMx8SSmYgrs08ePrpSp/0y10UfEBoMWzWTbQbMJGoBM4lSfMW0KhcFv/zFt0ptLsUCajMZtWbUsBqlrHcvnZmgz09TV9kCMwEAAAAizroR/EnS6oNPcjNB7pH5cGr6dWD4ySCddamw/YM84gyvhz4ulFeRee7be+0JWsVR1fWBVDVLYyYn89qH5xbn5/x781htLnHl+V4bXqupiW0opswkXPQBocGwy8wEiFq230wqL9ss5R5t6uqEptzOKtqfwspcX2OVJd9W1UrrHIYCY10FhTZLSZXUXC1U67hOF6Ap4x3NaNJS4qx0s2qK3S78CZZC+yvakeDbKZpideEsFne5Dc+VBuUqaAG6SkeldgGEFe3GLdbrQ6TIThKUDd/JWyYzREULeL+xmaBPOJpE39DS+sPqZoJf/9eQgz8s2eyLuTITdPYryuzoNHmGVU25em/ZppTTwK4inNP3wsPuIbuQjpt2t7I2w8orS76TpXjrlPcrnPh2ylqCx0sd8ls2qmz4V9CrfHuOIbUl8p1tV1Nga9v0pbLNhOZHP/vt4IcfPP3TaZow+mHcoDSoF12TpZovX23yDRU7QqxG8LvmuBaGble7i24q7WxD6ANCgwHMBIgM22wmi8NuS+GGzWTSg4J+GlX0ueyWwuvjc2OlhfjBOdOKhaF7ZKr7bnXB7QGaUnrLE5geKci30RRLobOPLFBSaCOvxJmwXK4NzM2M97kt5fjNAFhFSIqjBIc7U/093Y/Z4Ciij2e2ClqAr8KXofs401WLjyjSZgJsjVfo7Fe5e16N9Fjy2bsRKTy0fdNVrUwHdgURNBNrvq2JVeigDNQW2axuqW7IQGOBMvdBEoASWx1PfOcsPkX3FqWZNNlsspnMjvB7UZvL2TYnVl+21bYOjM/NVJfZ2uhbTV60FfzdjX8FJdu423qUQkVAxoVS6LjSr1giVaxCOxeq0EQ7/vIVxrUuFqubvZQzWpn6Mu5ZedN8X9PEyb3j5Hky9OHHz5xNr+7iQbPwbmfXRPCbZLcc1+5oAQ8AlG02kwr3GIotNmYmIUtZ8+iKl0YVlsI61kvGSk9Fm+pewJ9wDJyVqE3BD0X6l2AlMYf8sHzhqVa9G/uVxUkeFHyVFx66SpUiWCGEqnvnsOGAmUQrmliWTlaVskiIRKKhmV5cvGa9Rd5kJ3rRWV4ccON86OGFxWFPJVq46DormvP34JK6Qnv3O2yXB6xJRM3EaSlqHJDqtXc70a+4jptJZaGt6najR3prIfr5S4W3IxZHO3tF/Dum0uFR3rXExa7xt4q7loKC/OvqhAlyR+qrJvk4iKlmJ86tkUDHPtVVZy2yFZQ3ousfjaCrvboX93nEb3GW8ja3E5dC1/cbvah+ffxdlrJG5W5XXrYNdOnu0pixglq8m4sv2VlwsJ1ZRs8C/H9lhC4QewwevYr/fngadz+lY/qvceLCI1yW8s8fL6On9umPB/f9dug0XmW+/BBeZezq0IeHZspPomVG/4vli09+/xmafPqnk5M9m+4rNuLslgh+s+yW44rqd8ADgIZtNhORxBYbMZP6MvpMomaybLnJ27TNqDRgZYCWkHBqS1iZCWXAXV3Acs1D6Cn7Kjg35K6u9uIaPlNuJ00pKFRlq6MYRbrZsFXQAnQVlnVadL2iTm5jB2YSzUhnnyGFthPorNEUFINam0kkNNtW2b1MzWSUBKzVRbZe9tqvV/gKxIKqD6eAyIC+9oLLdo9vbLSjroD9oJZJSelMrc3unsTZ5/T0LXrraIEG+gmXXLaPTs8EJrws0iWlBN0jU33uWvYh1ExWJiyXVeUG6FS2OWwsDwIF4mXucdErmckYSn+Dfv6lLJNeNhN0JWyXmWCUZkJYxUzG3NUDqspaM21VuMzkWXMJv1x9jcq10OEw055t43fjalJQLJuJNFJVqChKChftbuvzj0QRnQ5NlFdJ90Hhlvhz5OAd/1Qdle7A9IilsLrU2ogunr7bTvIrRmblwSXh+isk+ljpyaZlJsg3nu7HVbnG76q+cGQmE9IzbXDfXjqy6PzsVUhpJnH0nKKFSWvE+2PrP2a3j90SwW+WWD0ujj4gNBjATIDIEK1mEpKWoWZCswAZytV7b9n5e5EIC5aSOillAj1cC8qqmwZYnt+Uh7QzkfMXQzSldlj11tlSRcGIZoFXvp5XczMd7rrSQtuUlNsKZhK9LHqlGJehNxNFrDNicfXRcIdO82XwYuiqW+5BGjMU2GiVfWBTVGHnb6TjlnxiEWNuRxdpJoS8AqsCO30FrLALx50VreTtBiSAFkm2ArVKkZckkLgWnUr1jQKbyZvuWkt+FZkaK707JnIzGXPT6JZrLTeTgUZndf8WX1K9GdY3k2V0yJpqS1ZaVKKM/tUFR7QEmOAtpVouXe0KM6HfTGTub9rdXs1MStWZCAhLIdmHZ81NkyylQPU5a2ciKMxEc4VEHQv3x34fR/d95m7TdN/EXOdtJCfKzl2RbPD4d/BD1ihF9Jx+PqYyE5rMUsQng5+xdoPRQKxG8LF6XBx9QGgwgJkAkSEqzIRVmJZfoFktt8KUanORxwxhgoSPmPFmZ9OEspw6aCnUPu0wk56KtpnFrmqa7YqEhGa4ooVpSqC3jgYimNl2/iTjq6AFlJXOCSO8ZCYiT24g8rwd015pq5tJbcfcTIAOi0EjMyHMjHQhWR1Qh7nA1qmSfEMkgayorrtFQ1uUUlBo65C+fBR38vcz05OliLml0/fCU1BiL6nTvq2LFH+FBmrt47iJiZ0UgzAzqZRC2NHG6x3kxoA+trIDXSFeS2UX/4TtYD0zGbht5zqHCfRUldgCNKqV6qBi0Oco6gkpzYR/5zozYUVMEbm/rW8ms20VbezGS6kskQp2DM2Ejul/qtxMNFdIdBEcHky//Fpf2WrgEi1FoUjFIJgNmwnm+feHBv/Pl1NR8G7qWI3gY/W4OPqA0GAAMwEiQ1SYiQ7aBoAPSE7kdibLXVI7E62H6ESFg5++aLukHTymoxI/olCQIaUs80fv+N3rXFIUqyzTVRQMKPMat/7kBiLM27Gmcts47YRNwWpm4uRxD8Eo3KGEJjwkix2IJBs0k8quERx0kruBPu5c1Uws5c36/HhWMe9Zc/0zVpGJh+nKmw/Np+BlJpoOFd4565kJkijlpYi0pOAWD2lxm346hhRL3c6Ef0vRYiZIsXibH0ygRz4Qw9pcdEz/U90VZvI8PW4VLUH0ZD9X6ETYZoLn/D5u8OsmRcLOEKsRfKweF0cfEBoMYCZAZIhOM1HAykxw1qCiby7aRETRTRbuX7iiUe5cC4Wejsa2V3Mzfa2NaBVc4u9rLKl0B+ZmcE81RGkK8m00penvrBa7iJ98rA4DRloFLUBXsVa6x+dmOkh/XzzTPCJPbiCSrExYiqrru9nFMDorz+HB7lCdvd43NeVfnumuRVdCR99I9+O2WtwRwtrhzou2Skczuqi671Zva5We9wO9maCQVKrNNaKszbXYW0vrWenjzt5bdl6bi9Xb5O1MHKq3E/AmQ+inLbWrJmH6mJuXmuK55EO4mbzx1rFd2h6MzWRlQNkiHGlJm3QD7H5MCpZn21nfXLRalEQUmolqDwM9JS7lFnFvKPi/tgX82j/V3WAmSEsmGlhPXKQzroln/+V41TlManOxxiSUsMzk/vOaR0szw0P74ob/vtVmQlsnViP4WD0ujj4gNBjATIDIsP1mAgAAoGcVMxHFV48bLYoXdMilKIs9BTd7Vo073c7rqjcdSTnuU83OJikDQlSYSUclb6eBw3Sp/IRBC1EVLeBxOzTWZQKwYYzNZKatSu7BWf+eFhH3iYfGC2yKemtk0V1tJu8VQ8+3r9uI7SRWj4ujDwgNBjATIDKAmQAAAAAA8O4ILL6dW1i14touBh0ROi5tamyhDwgNBjATIDKAmQAAAAAAAAAa9AGhwQBmAkQGMBMAAAAAAABAgz4gNBjATIDIAGYCAAAAAAAAaNAHhAYDmAkQGcBMAAAAAAAAAA36gNBgADMBIgOYCQAAAAAAAKBBHxAaDGAmQGQAMwEAAAAAAAA06ANCgwHMBIgMYCYAAAAAAACABn1AaDCAmQCRAcwEAAAAAAAA0KAPCA0GMBMgMoCZAAAAAAAAABr0AaHBAGYCRAYwEwAAAAAAAECDPiA0GMBMgMgAZgIAAAAAAABo0AeEBgOYCRAZwEwAAAAAAAAADfqA0GAAMwEiA5gJAAAAAAAAoEEfEBoMYCZAZAAzAQAAAAAAADToA0KDAcwEiAwbMZMlAAAAAAAA4L1CHxCuPYCZAJFhI2aiXQcAAAAAAACIafQBocEAZgJEBjATAAAAAAAAQIM+IDQYwEyAyABmAgAAAAAAAGjQB4QGA5gJEBnATAAAAAAAAAAN+oDQYIismYRyz1eUPVrWJgPvAWAmAAAAAAAAgAZ9QGgwRMxMempdWecd/y16LfXPtfM2wvMHWecqCpunlWm55yps3cqENck6V6dNWpvKCxWvtWnAVgEzAQAAAAAAADToA0KDYetm8nbw8cPK0uvIK57MhcQtmMnZnIqsyw+VaVnn34mZuAoq3mjTdjcL3U3apG0HzAQAAAAAAADQoA8IDYYwzGQASYhiuDU1p6y+5T1vf/jkVUiRsjGeP7C1PS47X8ET3jy63eh9ECkz8d50jGvTYorKS/JXtyOAmQAAAAAAAAAa9AGhwRCGmXjVZqJRAjL3QrM6cQM8JxLS1+TwEqvxPyw8VyF211EzQZZytrBu8OVU2d8qOpZwynj9jTt2R1XzY+8snqS7YbtQMfKWfNqCN+tvLm9f//nzFWftXnFluaqg4snszOvZGTTzTiEN4p+jkbPnb7S1P3ZcqnCNkLSVgazCJrTYSHvdWXsXSdo1IDk5f2tAm7pdgJkAAAAAAAAAGvQBocEQhpm8szITLCFjWUgkRHG6+VZWThM3Exlvk+Mf+D8yk6zCBzwZm8nc46xCZkTem46OBTyCP+fcdZHYCC8zUZqJa5zs6kLX+RqsJm/aXExRcF2ydcphoo6FgR0sOQEzAQAAAAAAADToA0KDIQwzwaCYnprJ1Nu3g+0PHJFoZ0IlBBeV4Lbv17EhcDOZe9p4y3X2PN4iTUFm0iGvjMwE7wCfLFS5E05fy0yktOfUiF67b92Rdh+r0a7idWfd2Qsubep2AWYCAAAAAAAAaNAHhAZDmGZikwpMeArtm2thy2bSeLliWgxlXbqHiy4kM8lFTlLQNDU78/rpvTXMpOJJ/Y07tACEmMlrUneLDuKGzURc6s8qbP7vleXpvmZLY1gHsmOEkJbc8ZGiop0AzAQAAAAAAADQoA8IDYYwzcRVIBdHKNjC+0wkMxGXHucWXG/0k3FmJlNZBQ+oV3hvOtYwE1zzqiynggbmaDFuKRSPdWNmIi6frXgsJe4isJZo07YXMBMAAAAAAABAgz4gNBjCNBOxr+ksMZMOXIMrEnAzEcWzXHikMpOemlvnz1dknXdMvR0xMBMUoGedu141hHep7dYttHtn/3aj8BZpyL4yTSuDTa1jJiFeB+xscZM0N+pZGNOmbDtgJgAAAAAAvFOGngf+MTQTSwM6Iu1Bxhz6gNBgCNdMxKeVF0gEf+meds5uZtztstV3tbU/RkPh3yq8K9oFgLUAMwEAAAAA4N0RWHw7txDUpu5y0BGh49Kmxhb6gNBgCNtMYhPakRdl/M4ND+mhGNgI22kmZkGF+cqodokNYD2s/pTDVu0SMYM7k31Rx3K0s8Jl9Iq5RZu2BqNWuvWUo2e0s9Ygls8F8K5pPmVSo11gAwS6rsWhNeMT9h/9RjsP2CHGSw9sNh80+OxePDqR8funpbodQzfx5fH5uQbVcgoCj/NMf5G3c+/i5/gaij+gz9PuuWg+pXg/wql/jTeZ4uL/NUtOknj4fXzDojyJPk85KU470TaUHwUY8I8h3HI49ojV4+LoA0KDAcxEzdzT8zmkLCjH0fhkTjsXWJvtNJN5P4YG22hkfiMC6b+BFlYmBF/zDxHw2OuNZMN0ooW1adGPO9NK3W3elfRzp2ZmeGzKTDLdZCTkE47doC3IjAEzAbaOyXRAm7QGeb/T2Mu46QuncjpYc2KzMfE2EF85908FM3RA49rZCpL3Hyno5VPPk8+3KWbuGjZvJoHxYSYU7GJYbNiX249HvHlZj+TlOEg2vqi8J5tJf96JGv4JqsdH3h/jnM1lXCecaSZJXQKmNNXFgzDtOWX647VpefKEcjLvI9OBb7/Zopm4TqckCgK704piZrIg/CHT7+sUEtKUix1PEKy/dPra7dnmRDt5KAhCuqWhvh4PrcolMb5iQUixkC8M0fKdkJKaqriD++3p6HmYyae3h1iN4GP1uDj6gNBgADMBIsN2mgmFmgmfDI7XJyYIicnmSZo9Nu9N2YsWSMy+0urvsh5PoQ4iaOJpmsgn7V+nJaEb/N4U7zxNmE/DN3wh/Ucr+nx0N6fLs0B/t8DNRBwVviNfQGiSHlfiHzLoDK/jDD6whMSWSbKcQjwy+fcz2YK+YfTlBOkC/lb8hf8hXVpQzDmWij/z8BmeguFmQpSD7gj6nvHm9qaykyWK6X8g+5OCn6PcTJKEJLowPikJidaujdgjAGDUZhIwC3GmuH0s7zzQg7PS98SX1U9j3gAAHblJREFUoSuqv4gWrShCw3FlrrkoTuPyEwLuRmWqIX6PKU4wn3L0kLn30IonPsKL4EUbf8LL7Ynv0eexRxquJXTQzlaQfOxC8tFyaWr3m8nUw4R4xZf8rKzsWWB/PC4b+fzi6vJygBad3fum7BlNGIr/kZ4+Ff0XP1ee/XHrgXvSDeoU+YQDe0wJ5/CKeWnfoO3ya4bOpcSbPufjhGnTnxviTfvypBAfXWvKyX0m87VH8keFw7xXSD6epjATISHDRR5hrpOCMjMouCTdQkOdNJcKrbRWHpOvKDXnmJB0jmVmITMRvjqT7pA+z1ecKpjBTCJFrB4XRx8QGgxgJkBk2FkzKcYhsdDiF/13cc0lFA2jW6a5yCcG561ufCdFkbSmzIRCPoRF3vVfofA3rdgXDOK8IgHH1IfRSsXofm69Qu7epFqUcvXdgWQmrq+SaD6ZDNUGX3FGDVOx4sMCEw9pEclMgkKqRUrDC7BHVKiF1qZD394oe4r7ha/q+ZLcTDrz0zI9+LmIHnj0qSmSinnob0aC6ltFZjLvzkxi223hj1sA2DiymfTn7TPF01EUEWKXUFfx0kwivkgwfX5OzvlW5NYHTR/l0bFA4ykSXN6TN7TYcKBkiI6adZ8ZWWiBCR0v9L4xLjZJ3n9hzJZxlf32mZmc/OTIwTPls5N9yZ+cxsscKnxMF/7kiGuWjA2WXx6kq0QF+jITFOLjf8/KTH+8RlPu/YXYo5ZpWo7Rn7uPnR607oGy1ZYUlWZSc1w+ic40PD7+6F4//XJEvF2uE8piN+qonP6L+xoWxZ4f403xrKIX2m2UyCYXG07UBZUfFTbYEtitkt2TMej26xFbf5Afc4x5F11GSLOTzKhVEIRU8SUuF6GT2Ey+a0lCiYTsJCHjThDMJFLE6nFx9AGhwQBmAkSGnTUTKhgcFEB05hJZSUicJJlEGzETTfMVdNsOduXQ8fpx8im71kwsvX6/z56a72MpIX+6mZUioYcZeuTIwkI0ZhUzURR94Cl5AVYOo/72FI+rUWvGL36/v0U4yTq2lgthyNNulOTb8RSEkISs5Di3l5zDuDil+Bdp5wFgA3BhQNGqEpw0i3TClHeT5VrrzQQTCp76lziTKUFUxsSqCJKGsPcOlLIQFy2m3dA7Q1NOYlxsgswE/T24/wiZombS8eUN9sKuoSsnOkTx2/1HTlbPiaG2v3reJn/XiELmuu+ORFWbXPkszPbv/108+Y6ZmfCTorcXRAI5iWIkzESF6mIIkkK5ePP3Dfuw/cqYmBX3I3uhBRZkt6ev/RFPor84KbJmorpXKyyFQO7PKWk/s7txa0N9p8/v9dgFUkAt89JOV/RXpheTWy81E3Tn78Q5UEFalgJmEili9bg4+oDQYAAzASJDNJhJyqcpdKCJ2SSiFdLs4sbNZC/7BDTQnCTXjyTkprV1d62Z0DITIYHVvLKmCcUN3nn8nMQlEpEyE9L8hyJZBZ7PVuRPvvXNREhynUQnzspTgqO4ItkNHlYAwHqozORf8qYlaGJw+F78HpNzGI+vbiaI0FDRAVP/Zsykhm9G2tA74jdFsorMv/0fNI5S1IvIUDN5XPAnF94pYibjzuT9R/jwABeoHkk+6xZbL9Qti8mfXECK8tMn1GSiBXYWhssO7DE1eHFe0UbMJNB46lRjQD/XdHB9M1GWwJQd0F0ka+iEyXRCMRVUyuq1KboA3u1gzYmaRdFMNWaNj9oUspksuc7clVL9NzRlzuju3Nlgz0lPyXQr7tKk3hertkXwFaXaX5KxJVcKydKiZoKMJeNOEP3NIa9jADOJFLvquIKBN5sO5/QBocEAZgJEhp01E1qby9KO6xd1Om6I4/XFV3CFosmKdLqMvxI31sMxs+ITRLWZ4NpcQlLGLzhK9zagsHiy/rI1GEL/7WwZUoQy6fePbqTNffQgmQnSCdqcEUkcneN3pOPn1qiV1+aypOLaXJMVabzIQvp+tLW5NGaCvr0W1ZNOQjKToDuTbgWtyz88dY3aXOjv/N0z9OEnpxPJBICNoK7NpQsrCTQ8XdNMxEDNcWYmDaymoqI2V80JWpuLm4m42JCgaqDyDsnpWUY2Uuh9Q7UEDShFu5AENRORFJt827iIzSTU9oVNlZUu9hYe3J9RcAjbyM2MI2OOjORDhaoFdhrqFdgzf0dPwfS6ZoK05JtmpiWY0EPjFvAERSujqWuaFvBr1ebiBJpPfXNPastBqnJRGyFM04uH7TYa+eiA2UEMdrWP2iyK2lx+1p4Q+0/GWr2OaKQCPSJbFG+nSxIE0iweD/QRwMwEr5iOHrh0MTCTSLFbjuvxXXfRTTy0v9bOMkYfEBoMYCZAZNhZMxGHrGkJ1DJIImlnwqDh7EtsF4JxC/j5Fr4SSSTtTCi0zCSE++YSdm8LeLT/pHcsZAItPn990fGk5CRWoJGQ4vP7J7317Ehf3kj6shgt0+nITE1i3w/6hu0eb/0vWBv0ZiK+rBdSjnvHfZ0N9eZzim5e5MIWv5Ccg2sChEbRknhrDcW0YGT0Spr5R3urd9J15YwomQk6H0Iyeuy14s5k/HhP0ip21/cO7CTKFvD9F/fv//7auPfeN0dPoOA26+Cpoenph45vDlixVDi/MDkHp8flCPLeqYvXGuoafkpLoLW5xMc/Hch9OD49jULOUwkmp3ccrbt/D+2OSWEmuOKQqeZe//jgw7zj8tbfEZtoAS+ZyYOz/578yTlSm2sx2XzhwYJiIVJI8sX+b9Eo0pKC745EW0N5ah3BuhMmkwmdvrwvEozNBEkCWgKdRzpINakS+ifG0aq0SOvzVaRU1f+Bac/+oekhdLoTSIt5XPDBu95S6sQi2qPpa9/vjzPxTrowmm7f4knNLm4m8bz74Aibia4FfHCy06OpDTsvJKk6kS8+rGwrHxSSsvlEdhLOruJmgiaTBFb8DmYSKXbLcXlqmZl4XmhnGaMPCA0GMBMgMmy/mQDANqB83tNJStKnabxjMZZiTs92sAoR2UeTUEpicpqcfUqgnZJlN9DWT7jBT+peQdhrPuPw0oTWIly4h1K05U+0J7TDZ+y9Ul8Fq/aERjSPVATHoGBCOesM3ivW/ZqGtETFktJe0S3Z0wTtzgDRQXzl3G+KjEpLKNxMEAuN1ExEcfbxzbOnk/cf+bc/n6Ozpm6c/sJBG588Td7/LWsHHzU8/D5+le60tgYvAYsBVHeqea/1JL4/WLtIBzAVaUICLie30k4RE5Okd1v5zaSTRmFvSqfCS/yO9HplvYCl+tQiHzcTsd+CK3QRospMJpq6nshTy3HXRtC/k+W+J1t4ZfZVZ09cbvvvy/uaXqzT6gptfUKbtgkMjisMqu7N/a8rs2j4/xxzPTMRDb1Wpr332y7XdGjT10MfEBoMYCZAZAAzAWISvZnIGZMCe1cA7+Z49DKuL9f5c5KXS8unchU4f2U6zcicr8mgbX5oZTaagmt1KzpJE6RcSTaZkEH+z9NMUEX/ZvNCurKSW1BILRZpLCIkWb8SJr2txR6cXv+V4CN7ZUmVewJFeIuQlSRZ0yQzwZ2B8qoa6aSueVC9CQDYbkwmk/n7NV+PCLw/GEbwr39bzfp1CLb3Nq0j7Oux8jz7UruUKRMabuqpMthytJjJyv+rLkqVhp3PZtAHhAYDmAkQGcBMgJjE0EykCJ6/GnLUml7pV/YoICTIeYooXcqX7MwhdeTkuaEWtOJkRRqv6n1G1dfCJK84Lt49c8OPyzH4PJXDLNXT3pxxRcSvWxRlJq2ZUmMepE/Kihy+ovTMu360PJ2cxNmrbK/QPqC9EvEmWFehAAAAO4hxBB93sY+O3L7WTot14nJ/vc9mvv3sUvsHl3qye3CYjhagqb3VnVWkycTHub10hNH7a1yuopRuZeJQE7l/9/46sTh19Vons6Dp0bjc9ri8zkeNsplcdXTF5bX30qp6aLK0fboHfVqvNH8VjI9rg7z2ym9f1Qz7Hr7RLh02K4uBBU1tgPXRB4QGA5gJEBnATICYZC0zmfe5Un5kzWm4mczXZOAeNkOjQmJa0N9p/TJJ2SuALz+F1bN6eSMde0IQyYM0EzdadZ2UfePGMYWZ6DrbyVB4C3/hgEg2Qfcp6MlOSRDSpIaqYr8lhTfK6kJapO2njpsJ7hVN2iu0D9SI+FwAAIAdxDiCd1iZb8Tl/cpGJDPJvkhnhR790olbGU36rr7C0x9f7ItzjqF0Xt5Cue9sj/u7qmVjXClpq9P7a7pHNhjuQmjT1EymPb2PSP2xz3JZ0TQyk971apQZH9cG0QuJctAuHRbQAh7YTYCZADGJ3kzI61n89Y6cxKOsjhNtZyIkJJp/JDH9vFdISW+5csa8V7D7VHlLUksPr+XTd2ImSCGUz9KW74Tsw4m454CtmQn6HLn6FwAAwA6xTgT/eii7P8T+EriZ4JINaSApVEX8J9uXsy92is99qgITUXxypzPusrLbgBBtuILMRCqEQfiJ1WCk2lyzyEP4hugslCItvybrHNfG0NtIxM3kWdsDaiaD67mWBn1AaDCAmQCRAcwEiEn0ZsInuRIIZgtyFdzBNAEF96N0POSX2oeoWXJRtZCrgYmjwg+tympg6mIK7Uudle+EMRuaCeuEh/RWx1Lxa3lYCxkO3xxu5yrtFa4S9gMugwEzAQAgGlgvgg8g3+ClFqLCTA7lqjuhR7MKnzx5PYSE5L6zHa2ibSWydm0uhZmI3EyGpdpc6NMU8zHbZib7yGuOVh+KNlnGsRYrs08ePrpSp/0y10UfEBoMYCZAZAAzAWKSDZmJLBgY3qIDkaJ5szIhM1lIIhE//wTWAv6lXdMCfrK91UeehpoW8H4Ha0yvaQHf+XMSrc2VfTij2FHv+kqw56bR3pY7zyVpWsC3tsu9dMki9NIuHxdrAY/nbrpaMQAAQKRZN4I/SVp98EluJsg9Mh9OTb8ODD8ZpLMuFbZ/kEec4fXQx4Wr5b089+299gSt4qjq+kCqmqUxk5N57cNzi/Nz/r15rDaXuPJ8rw2v1dTENrRtZiKKb7VCIg0R8pLw0QeEBgOYCRAZtt9MKi/bLOW416ENEJpyO6tov6wrc32NVZZ8W1XrUzorMNZVUGizlFRJzdVCtY7rdAGaMt7RjCYtJc5KN11F7HbhT7AU2l/RjgTfTtEUqwtnsbjLbXiuNIjihC5FFBef0o1WP2avUaB7ZSlySruxY6Dvyqil3nsG7yZYIC/DkScV/WxqzATZQhrpizMx2Uy6B56U5GESJ6ak+eU3ms2T/nlTM66wx573Sgb58FS6TFqCkEKfiPNe3GvwHzJoN6AI2isoSqGTDP8N2gKeouk1mPRlnFiPX58t4rpkicf5LHURDdsrvp/81ZwxQ+8tm/z+kg3ywsPuIbuQjpt2t+b9A4veqhL5S6ivrCopku5Oz8gdjwzSWqGKMju64w0F5GvXmNoS8lG7nwJb26YvlR1gfvDDuDHpeTj6YdygNKiWWpulmi9f7YY3CEcogo86InVcU62vlULy//zXbMHgFjspU7MwdLvaXXRTaWcbQh8QGgxgJkBk2GYzWRx2Wwo3bCaTHmuhjUYVfS70fL0+PjdWWogfnDOt2Ae6R6a671YX3B6gKaW3PIHpkYJ8G02xFDr7yAIlhTbSvcWE5XJtYG5mvM9tKcdvBsDiQVIc5Ek/1d/T/ZgNjiK0lWVFipukiLWXbU19Y/QzyS4u070aaK2zurWlylunymZHh9mriIg5SPA0z10wkwiz5OLd/797WK/BFI2ZhIvqM2ODCJqJNd/WxCp0UAZqi2zyr3igsYCG+wSrFPGX2Op44jtn8Sm6W2rMpPcWuhOyL2HRW1dyrdnjG0P3PTztrauX7mBTJKqZeVRd6uoa97VZSrZxt/WsvLLkO/WKpXwQIMVCX281vnMrFYu9HnGmF6eUOjf24CBYrG75VZrRystv9yrNZOjDj585m17dxYNysRggUhF8tBGp4/rsMq279a66CYYW8MBuYpvNpMI9hmKLjZlJyFLWPLripVGFpbCO9ZKx0lPRproX8KcXw1unT8EPRfqXYCUxh/ywfOGp7udLI15ZnKqXg3mu2WiKxcGLdwfQbry67+R9d1Qq4phIsNzttI2SD68vU33yTFct8qIOlzZEAzPZ1YxeSaO1tiLFjWMx+KbFiJqJ01LUOCD9ftHPzXJLzl+oLLRV3W70SHECumNIhbcj6CagfF/4u6PS4VHetTCLPY6uBfRLp18C2n/FPHwHUH05LzzWfFZjMNBWRWN+Cjr2qa46a5GtoBx9QshKSl2qe3GfR1XSfcxS3uZ24lLo+v45xaqbx99lKWvUmMlib21BUR17EMy2VxTaVNd+b636VjZQ2kjUa2WE5jrFCKEnr2aQjchmMvjhadz9lI7pv8aJC49wWco/f4yU8/npjwf3/Xbo9FU0a778EF5l7OrQh4dmyk+iZUb/i+WLT37/GZp8+qeTkz3blsOyJpGK4KONyBzX8pJ9cPn1Ou+E3BKDnvvUTLybLGHTB4QGA5gJEBm22UxEEltsyEyeNTfhl3VLZlLukR66ExYX6++PgqRFOTnV7FSnhEYbr2N/mGuvaKWfEbIU1qJ/jkIbTUGrdCsLTn2NteogsSDfTlMsN7mx4N1Qxknu8siaSV81K5bBu6d8Gi921VLBW8tMFoebcYD1wuOeDqH4g5a6zPQ24jzIkir1SgAQLaCYuLo/aC3B9S3HpYf0UCu+gEsdzXRSuuxDyM+rvCRGD5AKlooAutZxXVXPUzKT+nLblKJfGhSdV+TbKqVfviPfXj3Qw80E3SK6FwdK77JSFdlMVPeid4/aTDoqbYuygUxownR0oyD9qUpgM5HyaNDnKGJea/71ClfbwMRMrc3W11HbPTIVmB6x5F8XlWZSaHfc7QlMeFcp7tgUi13obGo+pLLIhhSLPgjG715fV7Fqpc6WsEzKM7xobxcH3Lj22vDC4rCnstRmKbpOzzs9TateIVGFykz2Za5lJhNffTk/MzHrPD1a82jM+WjOc2F4X1xQZSZxT7+6tDQz/JTVBJsY/CxzaWb6+fnTk6w6804SmQg++tg1x7Uy1d74oMgF74AHdgPRaiYhaRlqJhOWW3K2p3L13lt2/l4kwoKlpE5KmUBPo4Ky6qYB9kCa8pA2IeQBTAjRlNphVYXOUk3px5ibhy/WQlvfxMzoY7fjsh3tktJG9KqwJZ41l/Cowteojwz0m6NmgvawgH5XLzyWyi76TaAIjC28MlDaHPlaZwCwdapwey0WoVrySebCmBvFr3hkZcLi7HkjXfYF+azaFbrmK1pZNF5FTJ6XNIp4MfJLJ2aCfqrqGwU2kzfdtZZ86upjREK8zEykn3yBVObAzWSg0VndH9H638YozWS2vbIXfxsscH/hKSlzjk7PBOZmSmmF1cAIko3A3FTtNTvSNlFc7nPZqztGAhMDJSWq9iq00Jjg5TcEejeTzYR9M6TWq+L2Gx5KM1nsqqbngt7J0RYr2iZKi7BUBMi5Q2eZuoTnKbl1L3dJZzmkNhxsJvR0VxfZetlpeUXzj7iZaK6QaENpJjN3m6b7JuY6bw9+GKfs3BWZCY9/Bz88zcY8p5+PqcyEJrMU8QkyE7ZkFLBrIvhNEqvHxdEHhAYDmAkQGaLCTGZHSN1oUl5PqJZbYRqVmYw3O5smlOXUQUuhuh4XZdJT0TaDHoduXAiDCNEa5GhhmhLorePugasWSE8ySsWqz7PlLkfX8jssMwnLTApKkGVJpT2KSiw82tA4HgBED1WSb4gkkBXVFzkNSWnM2iE5hrIGI/0BKmJu6Sf5wlNQYi+p0+Ybk/KE0ECtfRw3MbGTClrMTCqln/xo4/UOcmNAH/t/27vbnSayOI7jt7X3sNn3m2yyF7F3sG82TZaGKC+qNOoSjG2oVlfCCtYUCT4RBQraaFCxAcVG3AqGBUIgs+fMmTkzPaee1DJQKN9P/lEYSmF46Px/PQ8UZ0XTXxVpX9/DcYglE71WJEgmO/PRLLXYqIKic4UiTiS+LXU8meivuZVMgg+XdDJZHwxHntWFQHwy0ZHmT3u2mFMjJGqjkeL028zFMfUd8clkol6KP/yqu9XJxPgJOWniySSydOF9bEKxSCZ6ZmbbyURa++PXN7/8Vo8urV3Tqx18r56XZjeEjiKZIBknIplYwuWPQYkLcLTOZGc+XGdi5hArqGjy6is+rr8OXhIXPPGvaDLCIzv60vv+/o2mmV0ywMipX4bdyvjMppy9rdeZFJJdZyJnYoR32DwTQ2mZTK6W30ZDRiQTnCptJpPifE02nf7vnd13tkwmmWtTQ+HohxbMdFqZurcin3H3jwVtevzBRz1PocdMMtb9HK0omcgR4HjVvVq0Xv/jI3EWcZmLTY9ak81r1bqYTOoPb+rBK3UhKMRmyumFMcru/NhM8wyszNBULGL1bjJZ+HMtFic6TibyLT//8Ob3ydiB7ujVDr5Xz0uzG0JHkUyQjJOZTGKCMZOliaa9ucT1Rlyb9VZaan/hfDnaXEtcyAvlmfXNxssnZfEucsT/dflycfrrZmO9tqAizeDFnDoyeX0kHE4xn7RrPLmtV8EK9VW5Dc6Q3F5MTXzf13tzJb00Uz6ba6yAf/k6CiMtk4m8Bn8MIw3JBKeKnUzEz3A4m6sWn80l10/7Lazddz4fDX5rPHkn0WwuOR8s2r5C0mswxKPB4Lj65fXb9NXp+KipuhOdTHarpeBTOh7GCnhfMGYivmKXc7P+EhE1CDw2dPuleHWzPnY1FzygfVmVj2/FkeJ80zhwN5NJbAvEzNB45dUHuc5kWD+cNi0anLyWi/d94sSbvxo9lkw+rPxVWJ9758/m+jF+m46SycO1O0+3G++Wf/rh3fXuz+Dt1Q6+V89LsxtCR5FMkIzjTyZo35i/a3DlkxoI2slkx/SbvplMPL8JE9dmkglOlRbJxPPWF+XODdYKeLlL1eDfCy37zumbrVfA16du+ptqBHQymS3mwu1lZZsejp8E1CBqfAX8kPg8Waz1nVouo4+eogr/TpT/7Wk8L6k/EhX9GRb5anYkfCTUeiGZnBHLa8ezod1x69Xz0uyG0FEkEySDZAIAAI7O1//2NrdazrU+xcQZifMyj/YWuyF0FMkEySCZAAAAwGA3hI4imSAZJBMAAAAY7IbQUSQTJINkAgAAAIPdEDqKZIJkkEwAAABgsBtCR5FMkAySCQAAAAx2Q+gokgmSQTIBAACAwW4IHdVJMnl/71YqnVd1N9y/faA/OJK5t9Z0a5wNJBMAAAAY7IbQUYdLJv0FfXCrUiKZnGUkEwAAABjshtBRh0sm6SiZbMwlkUxqD+L3iVOEZAIAAACD3RA6qpNkUi/fKlS2PG+/Lwgn+yqW5OY2tyqlTLluvkObDpYK5/Ib06Mz2+ZbcPKRTAAAAGCwG0JHdZJMvIMd9b8KJMPFiTCiSLsH0Q2/y+7TiVR61NtezE43gkOVUtXbGziXD44cfBYvp84V6nvB22uPH/T561uyd14Fh9AlJBMAAAAY7IbQUR0lk5jaeDCz6/BdZ1aEnKcy8/SlbwSHKqXU+ZK+QSp9S73QF95SK1/JdzpSg2SQTAAAAGCwG0JHdZRMjmTMZDVcuyKrqu6kUrobLVpZit8gNVIVh+rPHvSfD46Em4ShO0gmAAAAMNgNoaM6SSZHss6kOpm7vzjzzK/7E7nKvjxoJJNr8xtfGkFt7Xne51R/oboiX32UJ5l0GckEAAAABrshdFQnyeQo9uYa7s/HX02lR8v/GsnEM7ftelEanvMDjOdl+0kmXdZOMtkGAADAmWI3hN+uQyWT5hCy3+pgu+Ta95hsOp+d+mwkk7uX8gMjj2eeLV65VChURASrps7/s/GptjA1OXChQDLprnaSifk+AAAA6Gl2Q+ioQyWTFH8DHiGSCQAAAAx2Q+ioTpIJYCOZAAAAwGA3hI4imSAZJBMAAAAY7IbQUSQTJINkAgAAAIPdEDqKZIJkkEwAAABgsBtCR5FMkAySCQAAAAx2Q+gokgmSQTIBAACAwW4IHUUyQTJIJgAAADDYDaGjSCZIBskEAAAABrshdBTJBMkgmQAAAMBgN4SOIpkgGSQTAAAAGOyG0FEkEySDZAIAAACD3RA6imSCZJBMAADAkVpe+/piudFLJc7IPMmeYzeEjvofGNkPPTTrTqYAAAAASUVORK5CYII=" alt="Screenshot" width="100%" ></p>]]>
  </system-out>
  <testcase classname="org.example.Main" name="ProductsTab" time="11.124"/>
  <system-out>
    <![CDATA[<p><img src="data:image/png;base64,iVBORw0KGgoAAAANSUhEUgAABDMAAAIGCAIAAADGMlPIAACAAElEQVR4Xuy9C3QU14Hnved8uzPfnjln/J1vd2e/PXt2d8ZOMsl4kkl6QoZJJkNcEznKAzmyFBzklxIGOTjCJIZxDJ6YGFDcNhKykEEYIcsgAY0aJGFBC/RED+sFkkDQRiBegkYS0K03oBYt6ru3qrr6drVeXWqhrqv/7/yNqm7drkerLN2f7r3V/0EEIBR0Oe9qiwAAAAAAAJiUe/cfnJUgC/9BuxEAXcBMAAAAAABAsBAnOSVBFmAmIDTATAAAAAAAQLDIWiIDMwGhAWYCAAAAAACCBWYCQg/MBAAAAAAABAvMBIQemAkAAAAAAAgWmAkIPTATAAAAAAAQLDATEHpgJgAAAAAAIFhgJiD0wEwAAAAAAECwwExA6IGZAAAAAACAYIGZgNADMwHzgb6Rh113x24OhyBkV9q9AwAAAPMPmAkIPTATwD2u+w8DBWMmITvUHgMAAACYZ8zUTNwe0THoOe988PkdKU41HhoXk16aC31jQ6P4Bcw5MBPAMaNjYqBXhCpk5wAAAMC8ZUZmMux++Fdbex5Pv/X4h7ce33br8e23H99Bcufxj+48vtP5+C6aL2Z2vVgyFF8y+IVPbj+R0/dETv8Te/vLHA+0+wIcATMBvDLiCXFXybjRHhUAAACYH8zITLY2DE1uJn+d2RV71OUaeXh3dCzy0C3VTJ7YN6DdV4j47Zo3fv78SyTaDSFFPsRsH8W4wEwAl4yOiaGaWDJ50HMCAABgfjIjM/mrD7onMZMvZzoqHKMD7ocU8aFrxPNETq9qJr2zM+PzqYjIv/riV0i0G0KKfIjZPopxmbmZWPNL2VRdk4tvaMr7/V8VDtSnLo9ObdSWBoXnzq+eXx4d8+oLCSnaTVPQtdLapS0DoSNQIWYv2mMDAAAA84BZNJNflvYSLfGMUQMh/w24x57Y4zOTWZptAjMJB2ZuJuYUS+r2Q0q2Wvaflovt5lSrt9yanGpx+L8qkOiY5eNkhuYwKUGZSVvGq9oiUbS9tXxvzfm+7vPNpW3abWT/7786qi1T8ZnJpNUUtsSTd2OrX1Ff2y8kKdpZ0+X38tGuemvGkiXLo3++6vBZvw7P0e5G64cbybu6JH5NWx+7Rey7ULF309v0DX9e+yryuo1vrKI7XPLq3hqNTY2/aWXg9zFm+Q3vVk35lgb1dcT0Bt58bRUtDzh5FlJBW+SP2/NIzYQcDgAAAJhvzJaZLCt1ERWhnSVESx6Ko56HH19ws6O5hmEm/BIKMyn0rZwu9ZlJnt1b2lWSObWZaLnfHL2pYlhbGkqmbyZ9RRujV7y9sUL7XkW/lKkpYZlUOYIwk+GKlOZLBStZMxmueSG1RlnuLHh9ibel7uncwohKT0XKC2ojvrOgutt3nNJ3V5V639z61LV9TNu6r27rxhPqld6NjmeOe6vihZ2qg02ySUt0zEbf8m8LmC0sXdGr89SV4fP73jx6h9kq4bmcvWI5+cZpy/0JlIfZjvYMAAAAAN6ZFTOJsvb03JXGcEl4xh4evuz+IjMDHmbCN2FrJr4m9awxfTN5IWbN3qv0X035xI3sKZn2aC5PJ23xO1gzadv5kv+b42n71d7LfiVe+o5urNeWyQxMcu3kupQuDkeB1f87Fx2zVikZb5PfusrZzJ1nfWsTHrdhq+ZUtd1E5BuxZKPNSb9xmnINgeagO5v29n6j8l5guSbaMwAAAAB4Z1bMJLHqbt+Iz0xGRh8+c/DmE3v6YCbzhDA1E6nDhC2otmbI43x+8YZfa5U2c/va6ICimOXZF2iJ3OLf9gatXD2oVDu8N2WJNEaI7TfQmMnrS159vbBTXWWJXnu0TxT3rmAaxFePygdVxyPJzWVyXOlAdNqJpgHdVpRBN8Usf33TPr8+k0nb2Tesb9/wiOLJDF8zvTNvZYC2Ra+ewJHqtM19lQkNgTWT7gJWKuimmJTS+xNu8lv3Uv3ucmbsWNcv9owvUeQabf5jzKIT9vmtDze+V0dv18OrtZfPMskjufYf7n1sJ83Tx4bODGm3jptpmgk5qPY8AAAAAK6ZHTOpvn918OHYmKImA+6xf9zjgJnMH0JhJocaT7UpOVrkM5PsKm950/7twZnJ5B0m0Ut8LeDo327dUuc3ISF609b34t9mS0TRZyNtO1dFr1Dau6yZbIlfPtHIsb6ijdVyW9x5lBnmRGH7TMjeNMdllYM0puuZA7z+8zXTMhNP2+tWSZYatqpmcsO6NrAzYYL+ijuH106wc+fRbcp3Skt96qpq9lSXLO/xjvVq3rnG7yom3sTiP+atMXBQnMoLMavUfRxev4oqGYM6eMz62wkuSmKSz1UkZiIv1FT0PZY1EFghMNM0E3z2IgAAgOnjKCts1pZNRv+5KnOKxab5y15fq/Wc3EDx0lUvN8OSs5qCanfpI5RmsuCjqz/cffnrOzr/bteNT86PdQ1LciLpieu+Z2HuzcnN5I21b8nN/ZOnmtWmP8l7yVtGR32twKd/+BN2K0l07HPq1kAzefxLfyOXfOvb3712rfOr31ggrz4X9+IXv/JVdSff/8GP1ZeQc/5kT67mKG//wTeoXS2UVz0eD1uTrKo15yczN5OQQ+RBnQIxLmzDNDpwhNWSFEUkxqdxi1d7VDOxrl6uaQSzvBDjm/uuEQCNmWiOyypH9NqjzBY6FGo6ZvLCEu+dzJhJ89blgaPIAntRCNkrlr8wQcfIr2JW+a3T0WJSF9Cyt4cD3oq2nWuk3qFVgfNhJtkkQ7zO77vpubPTWtHXN9DX19lWWkBeq7qNzOENr9IdPq/9tlqZfpLJzWSShwV7zWQ09uPeRTWKb2w6fa+998HW/N4aabXxRN9jmX1nukc+OUsrKGbiHF44qZ+Qg2rPAwAAAJiAYM3EnHJcWzQuXjN5NITMTL784fXd9pGaG+5dp4f+JrPn1RNDDbce3n+g9JyQtn5K89A0zeTJv/t7jRXEPve8XOf95FTNJjkZO3bKFTRmcqigUK1DtISUqGYSeJSPMrPkVxFp0WyS09KqfGfUEnn1l8t/pZbEL5usfTNPCEMzmbzDRNSYyZIMZotUsrqgR1PkR6CZ3J1wKBTlLjumaKM611xCYyaa4zLK0RkwhKl5ajMZrpEHL1E0fSYBZjLe46roDPXx+zGGG7XGcr+zuaamuqbm8N6t0T9fw75o+HzBkhUpexs6rclvkwVmy2SbVPyGwAXQdzLzha2+H849dRlLfpvRc6Fi51tryAJTkbzVvsnxk5tJoDaoUUdzvdEyckWz9ergpht0YUUWkZb7arlsJuTf9oC9aaI9DwAAAGACgjeTUm3RuBjUTD5odd8blT665KHY1OV+ctetFScGG3oe3hx+KHWcPKRPDWY+z2QSMyH5xbKEd9/bzFoBqVBX38CWaHKmjY5PZ81E7S0huXRZacOpZkLyjW8u/MOGTexONKcRmAcP6KfXs6uslsS9GK9eznwm3Mxk/A6TWxXRP1/1+qbdzRe6+voGsl9jzCSwjR7QSzB8fl/082sO19RIf6qv2OhnJjXR8e9OYib0qVz+T7llB3RpzERdDihp9Hs2LmWKeSY3Ct/2e/JV8KO5opdoux0UPJ3Rv57skWKid8Y/5dK+LQ3+A9hi1mRfmnATuypxR9tZFMAWr+wNV6TII9e83FWG7d1v3hLv9xZNbibT6DMZu3l+4ImdfdLy6PP7e5/Iorqy6Rrd9NjOPnlBDnGSJ/b0PrZ3MHBvbNBnAgAA84DR/r5eEufp0pwW2lhx1hxvvNxzqb40/Zg0PbOrPr+sNL+q7ZJLbM6zmC316Xn1jefIr3tnlaXo0u3euvxDNulj3xQzcdSn5quTchnsVRXnb1xrqzXvaxsRRXJEc8px8i/ZQnZbkmmtO0XLVQ/JSLWcud7bf/ta8larXGLOrNeM5kovuuhfMJpxTPkEOt2EzEx22j2u+8rYLfJvU4/7yY+pnHx83nNl4GHfyMODl0en2Weyd/8BuYTsR23033A4WENQX6WWfOHLf0tWhYgfstXkfH6+Xa2vmgnxFrnk4sUOdrfq8pNfM6mv+mnMErmQeAhbh829e5MN95lXzNxMQjjPZGf88ui3SrSl0gAtdjU7IQgzoWOfvBNLKPf9zeS3dNNww1ZNI1uFHcolM9EDcAMFgylpC3gSl68k8IWi1AcybuirugteD+ghiX7N16Ug0mFg/oO1VIiWLNP2MgVCmv7y6QU6gPSm0ased5P6oSUSd+tTX73iVzIOe72eqfZlqciH2BLwJnij1TOZ6cwzuXl24C8kMyHioZbIQjJun0l7a/8v29yBO1SDeSYAADBv8JjTtGOriAnQL131GWXKL3dqJqmBHR1dcgVqJo4mc1aTdrs/5pRSuWtF7TMhu21W/xQmm8lYW3qJt41xpWoiMxFHbyQXqHIyat5RyWzTScjMZM2J++19Dx94J5aMeB6+csz5rdzuZRWDRzvHGnoe/mvZwDTNpLPzulqotvuv37ihLn/3e99XK5i+9W21XGT6TNR8zfQttbLImMmPo6LVQnYP6vIfze+rFdTumm99+7tsHTXsXBcQCjMJ2bO5oqVnwgai0Y83mSbslGZCWrd+Jacz1dFi3tFcFI38eLnrZzUSEx09UDCYkruaR42JfSWTm4kWps9EFC9rh0h5GtnPEumpSBlftDx3St9dNf74Ln/ei1kuz1MfVz9kexx3Ux+77jzKvlcToYriRGYSyETlMoPuyczkTPcIydMf9z6WR7tBjhb3fuJw3+x3P/2J0mfim2fSePembwa8+7GP+wN3qIYcVHseAAAAuOR85f7Tyq/SBz321A+t5hSLaibqYCpqJnIhZbSnrT41zUJqqmaSvNWS3xEws1Nm4Fr6dmm345mJr0ElH44dweVdHsdMRNGWaaGjicTRayWFZwYmOHQwhMxMvpB+/d3G0cv9D4fomC66lchJ3Ke3n8i68+Vd17+ya+pnc/3b79bJrfw7d3wNSbXp33n9urr8s58r004IRDDUcnE8M3ny7/5erUxQp5ewO2H3oC5//MketQKRJblQ7pnRHILkmWd/plYG4WMm2Sv827UM7DChvrqtLzCf5jGlmVzZu4axjtHo+FXjmonoLFGegsVAZ28H9q6dzlSfajVtM6FXx06yn+6zuVT8zIQ+s+uFd72qI33SoqobL8SsGl9LJp52csPpN32972Tmr9RZMVf3vb6fmSHjuePbyXibfKuiuO2l5S9k+HxJpu+q33ybK0Xvqh+nOHoixe8xa8PnJxplN7mZiJNONZmlaM8AAAAAj5zJt5q3KpJQtdtizlY6PSY3k8wUS2aV3GBu9/WZiOKnOyzj/VoWzWmVysJ0zGSsLaPCO9HVMZmZiJKcmHdUhkRLxBCayeMf9iz6xFXX/fCW9zMWyb/Z5+6aPr7+RHbvE5/0htBMvvLVb6gViCqo5SJjJn/79W+q5c3NLWr96ZvJi/HL1Ao7d30sFz79w5+wddgMDQ2p9ec54WMm0TGrqqVJ2P45L0qP3H3PWtPePdBWczT652+XbgrCTORZCjuL2vq6z7/32qult86rg8H8zERu059k3w3aNTHeI6cuR79bI5dP30zoVJllG8kl9PUNHM7aSORhRmZC3Wb53tK2vqttv1iyfMkbymkMN2z91dYS7XvYQo2rPnXVlqPat7e5k17vypjl26wV1ac7yblVF+2LjnmV/UFJRG5vUU3b1YGeC80rn19uY/Rtkk2i5JPKZBUGcrFvfljQ0zdAzry6aHe036izu9Exy62lzeQ0rpyu+dXPl7eN+wMbZgIAAGCOSE6xqh0mpG1jzm2lS2MXJzeTjBRLdqP0l057JWsmRCQya8YZK2LeXiV9dU7LTMRe9UBkt5ObiTh6I1RaIobSTLbd+sK2rpM9nkG3z0xOONw/2Hs1VGby72//QV39xjcXHjte8uTXTGrJB1s/FJl5JmT569/8B3WrKidTmsk/fPuf1dXIHz9z+NOiXyxLUEvOt9MpK2z93Tm+5ws//aPF6j7nM+FjJgCEikmmmsxGMMkEAADmBadLpRFWUkgjZ8zZnF9Elq2neiY3E/FOmzWLjs5q7Bn1MxOpE8MR8NetC2U2Ujmn7HLGtMxEHO6op6eUar0wfG0KMwkpITOTJ9K7SjrdD6RPMBElLRlwP1x65M4Tu26FykxExis0+ft/+I5cX/PU4MtXrqh16hvoX7KnNBN2VZMXXv7luPX3H8hTSyAnYijMxDf9Xcoll1zcqymnD5EA4FER6A+zF+2xAQAAgHlAyMzkqdyeW/fk5wNT5fCMPay5+eCLu3oe/9gVQjO5dq1TYwtyem7dkusHftLign/8J7nkr5/8u5raz6ZjJrbi49/45kLNIb7w5b+VHxkcWF/0f0Jxby99BNt8ZuZmAkAYcvue1h9mKeRA2mMDAAAA08ZRVujripF7YwxCyMxk/8Wx+w/kqe/iA6IlXaNf3NnzeJZr+mYSFPUNjdsyPmo6eUq7IaRUnqjasXNX0VGbdgOYFJgJ4JURz6MY06U9KgAAADA/CJmZmE89uDowNup56H7wsOrG6Bc+uv34LuckZjI4MzMB4QzMBHDM6NgsDusahZUAAACYx8zITP7mwx7VTL6733X8xtiVgYcd/Q+XH3U+vtMJM5m3wEwA3/RP/PEmM0k/PsAEAADA/GZGZjIw8pB9NtdXdt0x7XZ+aeftxz+6M7mZZLe7tfsCHAEzAfOBvpGHXXe1dqEvZFfavQMAAADzjxmZiSgNbGh3Pvj8jjdONR4aF5NeJcMP8DuYc2AmAAAAAAAgWGZqJgAEAjMBAAAAAADBAjMBoQdmAgAAAAAAggVmAkIPzAQAAAAAAAQLzASEHpgJAAAAAAAIFpgJCD0wEwAAAAAAECwwExB6YCYAAAAAACBYYCYg9MBMAAAAAABAsMBMQOiBmQAAAAAAgGCBmYDQAzMBAAAAAADBAjMBoQdmAgAAAAAAggVmAkIPzAQAAAAAAAQLzASEHpgJAAAAAAAIFpgJCD0wEwAAAAAAECx+ZkIalAiCIAiCIAiCII8+fmai1RYAps2dO3fUO4ncWPfuP0AQBEEQBEGQ6YcRE5gJmAHsnQQzQRAEQRAEQYIN256EmQD9sHcSzARBEARBEAQJNmx7EmYC9MPeSTATBEEQBEEQJNiw7UmYCdAPeyfBTBAEQRAEQZBgw7YnYSZAP+ydBDNBEARBkHDLJcfAuSu94RNyPoEnqYmz/37gC8Mt07kQo1xLqDLN9yQwbHsSZgL0w95JMBMEQRAECauQlqL2N3cYMGX7dWDYrX1NWDLlhRjoWkLFdN6TwLDtSZgJ0A97J8FMEARBECSscu5Kr/Y3dxhAzirwVNloXxCuTHkhBrqWUDGd9yQwbHsSZgL0w95JMBMEQRAECavATGaVKS/EQNcSKqbzngSGbU/CTIB+2DsJZoIgCIIgYRWYyawy5YUY6FpCxXTek8Cw7UmYCdAPeyfBTBAEQRAkrAIzmVWmvBADXUuomM57Ehi2PQkzAfph7ySYCYIgCIKEVWAms8qUF2KgawkV03lPAsO2J2EmQD/snQQzQRAEQZCwCsxkVpnyQgx0LaFiOu9JYNj2JMwE6Ie9k2AmCIIgCBJWgZnMKlNeiIGuJVRM5z0JDNuehJkA/bB3EswEQRAEQcIqc2MmNUnV2iI/pmy8al8QItbGRQqC0BC6zxeZ8kJm71rClum8J4Fh25MwE6Af9k6CmSAIgiBIWGVyM2n5IE4Qolo6XN32srIh7Vb9zLKZrI4WhBfXd7tcLdY07bZJ6MzNcyiLeSsi/TbpZcoLmeJaOnMzzrpcru64CCHq3QbtVlGMjFyvLVJpHefa44V4eYcJkYJu/yIHrb6nLVRoTYvaNPn3dlrvSWDY9iTMBOiHvZNgJgiCIAgSVpncTKKEqKSaEBqJl9k1k04hIbfToy2dms7cyc9KB1NeyBTX0pmb20m/Dh1ZLQhrtVsnpSUlSlskmYm8Q3fx2modb9FUkIMKMBMQzrB3EswEQRAEQcIqk5nJPdva4nH+sG6zd7tvtwhvlcmr8UJUxqnuIUdLRoLyZ/hOS0JSeYfL5So7RVvBrvxEUsHtdsdFeNvKs2kmHR/FdmjL6CnJJykk5Ektc7F6kxD3ls19b6jjyNos+QWMmeQuE5SlmqS1K+K6XS55TRCEjv6hwjejhOi1tg5Xd3nS5lPe14zHlBcy+bWoZkJEQohIokve8xmSei0EQSrszFW/C+T7In8XyAUqO2EYz0xcQkKG+163EJ3UIO1T+fY57BN9+8hB5TcqXojMJQftsK2NFmR/JQeFmYCwhr2TYCYIgiAIElaZzEw6c9NatWUqSptYauwqRV7f8JX4r5I2rjIgaTbNhDSOFY1QoQ135RyIcsRn0wY303DvjN8jtdYnMBMbM3JJeEeq4hUGgvLaCZjyQia/FnIgQWK91a50XWnOx2cmygWq2jCBmSgklXfLJZ174uULKHxNEKQBY1N++xgzUWtWJ9VIX2AmIMxh7ySYCYIgCIKEVSYzk3u29Se0ZaLHlRgfKzdu5YJAMxH8m7bexjBFabTOppl0fBSrdYW6JPWU1Kbz9M2EPVWl2f0IzSTjrGuI7bjSnE/QZiLNM7Fnqc7Z8C7z7ZGubspv37hmkmClPggzAeEOeyfBTBAEQRAkrDKZmdA2qGaeSUNShNLencRMNkf5tYnT/Fcps2kmoqclYJ5Ji3oOq4UoefyVUcxEPZDCjM1E3uFa7/dRbE2z+c8kmvLbx5iJd9OpzfJuYSYg3GHvJJgJgiAIgoRVJjcT2+tRQkSs3eFydbRIczFcha8J9iF3R3nSJGbim2dS3EJfk5+YdMTeTfZxKk9TcyKmbLxqX+BPXIQQGb+ZnIC9ziaXDBWvDZxn4q3Op5l07okvu+12+09zV82EbPUKiUt4MclFn2OWVSh9j33zTCb49rFmQt9VZp4J2a0QtV68N9lTE6bzngSGbU/CTIB+2DsJZoIgCIIgYZXJzWSumLLxqn1BuDLlhRjoWgLRzEiZJtN5TwLDtidhJkA/7J0EM0EQBEGQsArMZFaZ8kIMdC2BwEyA8WDvJJgJgiAIgoRVYCazypQXYqBrCQRmAowHeyfBTBAEQRAkrAIzmVWmvBADXUuomM57Ehi2PQkzAfph7ySYCYIgCIKEVWAms8qUF2KgawkV03lPAsO2J2EmQD/snQQzQRAEQZCwCsxkVpnyQgx0LaFiOu9JYNj2JMwE6Ie9k2AmCIIgCBJWgZnMKlNeiIGuJVRM5z0JDNuehJkA/bB3EswEQRAEQcIqMJNZZcoLMdC1hIrpvCeBYduTMBOgH/ZOgpkgCIIgSFjlkmNA+5s7DCBnFXiqbAaG3drXhCVTXoiBriVUTOc9CQzbnoSZAP2wdxLMBEEQBEHCLaSleO5Kb/hkOi1XZ//9wBeGW6ZzIUa5llBlmu9JYNj2JMwE6Ie9k2AmCIIgCIIgSLBh25MwE6Af9k6CmSAIgiAIgiDBhm1PwkyAftg7CWaCIAiCIAiCBBu2PQkzAfph7ySYCYIgCIIgCBJs2PYkzAToh72TYCYIgiAIgiBIsGHbkzAToB/2ToKZIAiCIAiCIMGGbU/CTIB+2DsJZoIgCIIgCIIEG7Y9qcdMFu/qfWwnSZ92w6OlepPQqS0DjxT2TiJmMjh0n2Rg8B6b/oG7CIIgCIIgyDyMplkotxVJhoZH1LDtST1m0tgwkFjc/7WdvYnFA+Okcqj9rvYl08Lj6jiSFhkhCJFRea0u7dYAYCZzDnsnqWYSKCfwEwRBEARBkHmVwNag2lBkzWT4rpttT+oxE5nGErnnZJz8q11beRoMCUJU0glFSDqyEwRB8K+gBWYy57B3EjETcnux99y4ioIgCIIgCILMn2gah2xvCdGSkJmJeGsw0El0m0nHR7G5Gs+oSVp/gn4VXitsSE+IihTSWunq5hVRRFoiX1zLmsl6WhiZ6+1pSRKi3B15pJq07k58MZIsJ7yT1zJ1TwwIAvZOks1EjuYWhK4gCIIgCILwncAmnyaBThJSMxHvBTqJbjMpfE1o0RQ58mI/6iBfhWVpkfFrs6xl1Cs684TY1S2nGsqsm6OiFTMZqkmK/besljqbIETJL00iHhIZaysvI8uu/MTVu2wtdWWJy9JaPOreQQhg7yTWTKaUEwRBEARBEGSehG0izp6ZiIFOIqXvravamlOSuyxwaFa1sKmafBGEOLUoKcI3xCsrXnpJa1qUV0g698TnOaRqguD2VqNmskdrPVzhcQkJGWxBUmzkELs+a7B3EjETcm8F3nnQFQRBEARBkPmTwBagGlZIQm8mi3f2Hr82cn9MW66DcUdzJdXQr4KQpJYlMpNP5NFcRDwEId7lxS31iiRp5qi4XevjI2P/rbCT1z4TRk4emZaI45mJmsB7EUEQBEEQBJmfCRQSkrv3RknY9uSMzCRiZ6+2SDcdWXHS2C0vQ7Y3hbJ7dIk1E7bPROlmoX0m2rnyWjORINUS87mdaFK9KcpOjGSoOu6DR9dBxN5JGjOBoiAIgiAIgszzBLYMNVoSSjNZnKV9cPBMPuQkawWdp557pKzMmkUWYt+lQ7lEfzMRr+R655mksfNMhNjEsvKyrHcS5RLWTBpS4mx1dnudTYhIyAsYMcYTRE7iUh6dlojTMxMEQRAEQRAEkaMKSejN5LGdvRuleR0K94dJyX2mAPANeycRM1HvsMC7EEEQBEEQBJm3CRSS0JvJmTbtjIa8Zn0fsggMCXsnsWYCRUEQBEEQBEECG4eBYduTMzITMM9h76RxzQRBEARBEARBJgnbnoSZAP2wdxLMBEEQBEEQBAk2bHsSZgL0w95JMBMEQRAEQRBkmrl3/4Ectj0JMwH6Ye8kYibk3gq87RAEQRAEQRDkLmMjbNj2JMwE6Ie9k2QzkRN4IyIIgiAIgiDzOYFOAjMBoYS9k1gzmU4C71cEQRAEQRDEcAls5gUVtj0JMwH6Ye+kYM0EQRAEQRAEQdj2JMwE6Ie9k2AmCIIgCIIgSLBh25MwE6Af9k6CmXCTwF5aBEEQBAnDBP4KQ4wYtj0JMwH6Ye8kmInR4/1BTz+xdWh4BEEQBEHCNsN3R6TPF1c+YjzwlxpioLDtSZgJ0A97J8FMjB75hzv5WU9+4g8O3UcQBEGQcI7sJzATDsK2J2EmQD/snQQzMXQkJ6FdJdrvMQAAABDGSH5Ce04Cf7UhRgnbnoSZAP2wdxLMxNAhP9PJD/cHD8a032MAAAAgjCG/ucjvL5iJocO2J2EmQD/snQQzMXJoh4nHAy0BAABgPMjvL/JbjPwuC/jthhgjbHsSZgL0w95JMBPjRh7Kpf3uAgAAAAYBA7oMHbY9CTMB+mHvJJiJcSMP5dJ+dwEAAACDgAFdhg7bnnx0ZnJ++DzCWdg7CWZi3MBMAAAAGBqYiaHDtidhJoj+sHcSzMS4gZkAAAAwNDATQ4dtT8JMEP1h7ySYiXEDMwEAAGBoYCaGDtuehJkg+sPeSTAT4wZmAgAAwNDATAwdtj0JM0H0h72TYCbGDcwEAACAoYGZGDpsexJmgugPeyfBTIwbmAkAAABDAzMxdNj2JMwE0R/2ToKZGDcwEwAAAIYGZmLosO1JmAmiP+ydBDMxbmAmAAAADA3MxNBh25MwE0R/2DsJZmLcwEwAAAAYGpiJocO2J2EmiP6wdxLMxLiBmQAAADA0MBNDh21PwkwQ/WHvJJiJcQMzAQAAYGhgJoYO254MZzOxvby3MqAQCaOwdxLMxLiBmQAAADA0MBNDh21PhpGZpP5CEP6wP7Bck5XC7wILkTkJeyfBTIwbmAkAAABDAzMxdNj2pPHMRICZhE3YOwlmYtzATAAAABgamImhw7Ynw9lM9sdl0dFcQsTPam80Np4tfH1vSVtXoyCsbCSrXW2Be0Aecdg7CWZi3MBMAAAAGBqYiaHDtieNYSZtTDX0mYRP2DsJZmLcwEwAAAAYGpiJocO2Jw1gJge3xAk/ilu5PUsuh5mET9g7CWZi3MBMAAAAGBqYiaHDticNYCZKBhqFiJXnYSbhFPZOgpkYNzATAAAAhgZmYuiw7UnjmAl1kpelf18PfC0yJ2HvJJiJcQMzAQAAYGhgJoYO254MMzPx8rvS86qZvBzzA1r0o5+W9NJqtqyVZO0HiTsC94A84rB3EszEuIGZAADAfOD8tb6H2rI54KF0JtrSmQEzMXTY9mQYmQliuLB3EszEuIGZAADAfCActEQm5GcCMzF02PYkzATRH/ZOgpkYNzATAAAAhgZmYuiw7UmYCaI/7J0EMzFuwtFMOnPjBUFbGDYMdTQMSQvkJIVN1ZqtAAAAHjEwE0OHbU/CTBD9Ye8kmIlxE0IzIQ31qIT1m9/fHBsdSZZd2u3TRpeZCMtyO7VlhGpBiCOntPmdxPjnoshZpdVNcV4T7MdHw7tReVINmAkAAIQDMBNDh21PwkwQ/WHvJJiJcRNaM4nfo7Tq10YLiflTOMCE6DET9wRGQcwkSV1p2bOa2BOzNZCJ9jMOMBMAAAgHYCaGDtuehJkg+sPeSTAT42aWzET0UCWgzfbO3KQasePIevqQvYQ8usndnSB1qkTGJrg8vpd3l2+mvS4r1jNm0qnsRKYmybd/0b1+RSzdZ2SUraMnMoIuyqjVJehpsOstKVFxuzqUFXd3PDmTiMhYclCKS7Mfd2d17vuJZDkyOr7be6rVmwTZXXxm4nElxkdJlxSVdcS7cwAAAI8EmImhw7YnYSaI/rB3EszEuJktM3EVCs9l0EZ6Z25sQkLGWXlqBt3A9FoMqSLhrkkSErLkZTroaiozIRU63Eqx9LV6gr6Oao2ZSCXrq6lmDPnOxFUtRCQqW5n9DDk6XPJRPN2CECsXBppJnCColzc05D0tAAAAjwSYiaHDtidhJoj+sHcSzMS4mSUz6fgoTuma6Mz1G0DVkSX8m01dy4gTCumYL1fha0LaWaWw7K0pzaRDEGSRUJm+mZB9xtOqHVlRKS1qqfeIE+1HrTCOmaibAAAAPHpgJoYO256EmSD6w95JMBPjJrRmohK5LE0pJWbCTMYgzfq0VnVNFE+sp7IhDd/yzUqpS5rCTGqShHcb1GKJiYxiQjMhZ6JBqc/u515n9Z60WGnqvLfCOGbSXUzHqkXGJSodLAAAYHB8PxmX5fpv6VT/ApWYbfffNGfATAwdtj0JM0H0h72TYCbGTWjNRH42V5aV0YYAM/ETCFk2NFPep5xn4jfhRGbaZuKdAEPOJOHtzfSxXd4o9Zn9xNJpJ5Gbd+WVlZdNYiYE2/vxdI5KRKw6HQUAAIyL8JbNJdOv+YuLz0wi31Z+ALZ8MPmTRWYdmImhw7YnYSaI/rB3EszEuAmtmQQIg9ZMui0J7DO7Oj6KXVvsJrawXhB8M8dP0C4IaanTOydEWsmOV/Z/JUt4rdBbW2a6ZmJ7U0i00hPw7c0PZj8n1kd9EDjca3wzUaDTURjFAgAAY6L94UZ+ep+gDynZfKLBN99PqhNPn/5BCfx5+siAmRg6bHvy0ZkJ4A/2ToKZGDeP2EzkWe/eP8ExM+BL1qoz4BOkB2TJy2QhyvvyKGb/AjsDni7QmSd5t5UShmrWTPLejhMiErxr9OhqF4e7W94zs5/WNGFZVqdUoSM7QT2lycyEnVUPAACGRbEN30/dTmVi3u08jZmQH4pJc/0XGZiJocO2J2EmQD/snQQzMW4euZmIaS/SKRnr39+cEB0ZuUJ6jjCFekLiO5vXrohK+Chttff3XFI0/dVIKifGReZaN6v7t70VJURGbX5/fWJ8bFINLaH1IuO9g7JUquVPWly7Ilb+/Mc8VWikM5F2snn9a8Qy4uVCZj+ddDEukRyF+EzsxGYSGRsrjwcjJ6l6FAAAGBd1NNfQPbmgWv5JK4odMBMktGHbkzAToB/2ToKZGDchNBMAAAB8ENAhrJqJb54JzAQJSW7e7JEbk2QBZgL0AzPhIzATAAAAGgJnwAsRcUNDQ7mvxwaYSWfuMmFun0wIM+EmMBOgH5gJH4GZAAAA0CBPMqF4nxrccYQ+myStzhVgJqJ4pZBs6lZW5gCYCTeBmQD9wEz4CMwEAACAoYGZcBOYCdAPzISPwEwAAAAYGpgJN4GZAP3ATPgIzAQAAIChgZlwE5gJ0A/MhI/ATAAAABgamAk3gZkA/cBM+AjMBAAAgKGBmXATmAnQD8yEj8BMAAAAGBqYCTeBmQD9wEz4CMwEAACAoYGZcBOYCdAPzISPwEwAAGA+8FBbMGeE/ExgJtwkjMykJNOSvuOQnSmxplnMmfVMAQgvYCZ8BGYCAADzgfPX+kKuBDp4KJ2JtnRmwEy4SXiZSUbZRfO+Nm/B/eSCi7KZDF9vzd9daE6xZORLW7vqM1IKzxQXkZL99TceqLsAjxaYCR+BmQAAADA0MBNuEm5m0mVOPa6su5ps10TZTJw1xzPz6/v7etJTLXQTNRNren5T/+1rVFcqunx7AY8QmAkfgZkAAAAwNDATbhJ2ZtKcZ3HStRu2HVRCNKO5HGWFDlE2E0lRCOcrk1OsbB3wyICZ8BGYCQAAAEMDM+EmYWcmor3Sdk0k/yanFIleM3nQYy/Jo2O3SLRmwi6DRwvMhI/ATAAAABgamAk3CT8zITaSVpmTarXaPXSZmkmvObtJ6kgRz+QHmAn6TOYOmAkfgZkAAAAwNDATbhKOZlKRbUk/dkMulPtMzCnWnKpr1843JW+1qmaSmluLeSZzC8yEj8BMAAAAGBqYCTcJRzMZabTRAV0Sspk05xclp1rMW4senCtVzaS5iI7vsp7qwbO55gqYCR+BmQAAADA0MBNuEkZmEgSYWxIewEz4CMwEAACAoYGZcBOYCdAPzISPwEwAAAAYGpgJNzGmmYDwAGbCR2AmAAAADA3MhJvATIB+YCZ8BGYCAADA0MBMuAnMBOgHZsJHYCYAAAAMDcyEm8BMgH5gJnwEZgIAAMDQwEy4CcwE6AdmwkdgJgAAAAwNzISbwEyAfmAmfCRUZhK4ZwRBEASZMtpfJ8EDM+EmMBOgH5gJH4GZIAiCIHMY7a+T4IGZcBOYCdAPzISPwEwQBEGQOYz210nwwEy4CcwE6AdmwkdCZSYAAADAnAAz4SYwE6AfmAkfgZkAAAAwNDATbgIzAfqBmfARmAkAAABDAzPhJjAToB+YCR+BmQAAADA0MBNuAjMB+oGZ8BGYCQAAAEMDM+EmMBOgH5gJH4GZAAAAMDQwE24CMwH6gZnwEZgJAAAAQwMz4SYwE6AfmAkfgZkAAAAwNDATbgIzAfqBmfARmAkAAABDAzPhJjAToB+YCR+BmQAAADA0MBNuAjMB+oGZ8BGYCQAAAEMDM+EmMBOgH5gJH4GZAAAAMDQwE24CMwH6gZnwEZgJAAAAQwMz4SYwE6AfmAkfgZkAAAAwNDATbgIzAfqBmfARmAkAAABDAzPhJjAToB+YCR+ZAzPpqm8m/44O9/f15qRYyL/9w6OkIL34Ml3u6yXLjrJC8/Yq9RXmrMKSLnUNgLlm7L58r2anWeSC5BTrNVJy3W7bY20epiUZqZYSh0feuj+lUP730wv0Vf19Uo3QEXh0c0qputWcWS8vjJw8nrqj1ltsN6da5aWSTMv+0+KwdEXmfa3KGUr/n8qXmZ5SSBdGPOa00uZ79CW2HcqFzw528v/7yEAPuS7rufve1V7ylmbWOMnmjDL646A5z2pOLezp6+253Cq/apbe3jnA++Mxp175kbh/qyV5Ty1ZPnPMtv/0sFyhv69VrUC4duyQeV+bsgf5x+y8AWbCTWAmQD8wEz4yZ2YisT/F176RWxsyxEwuFR9SVvqaG6/Uw0xA2HGlyia7x+nS5jFfcXIqtYKMlFLSmpRb0qqZzMptPN7RxzETV1NmaqmzqshbbC9xdCUfvih6zUSpnGdXlpj/TzOk8yeMnC5NTisVx65lN85q65+qiCj/hYKevLJqP2yVT0/6WdGVWnzN70XeatxAfjwq35cx+/7TiuUSrF4fJpesfuMIyZn19gLFNmEmiEEDMwH6gZnwkbA1E/FabaP011naluqCmYCw41NvvwG5XR1MeabUjidmMtxyPDnVJs6ymYx79EAzIdWSCy4SP5H/t5Lb8Rkp1P+nbybkf8eKbIuzpkjjBKFGcYzmPIs5v927OpqRKnehyD8r/BrlEvyaif8PwKrd45qJJ7PKKdorlW8NzAQxZmAmQD8wEz4SvmZCGknZTcRP0rdXwUxA2OGozz+v/Bl7XDfIkN3A1ZzTMhwOZpKcYjHLIf9bUaR2/NjFjJKuYMyEMOzdw+xhl0+1okPumZFGc50urfP208BMvIu+N8FZVSS/adQ/RZgJYtTATIB+YCZ8JJzNJDOlyF5gTT92A2YCwg3Smvf9bzPeeCrFTEhbf2vprJrJuEcPMBNPZsUNedJITqo8oEtpxyenFgZpJkyd2ULjGPKqM907fAujubyLqpk4K7Kt8vc3I63SPgYzQYwamAnQD8yEj4SPmWhmwNOi06Xm7CY6Th9mAsIKV3N2TZd8uz6QCqQ56AN0Dnqudwa86gaOenOqYiazNEU78Oj2w9aS8z39I/ftZbYSh6e/pqhfrW2vlMTC244fbjOnGsJMaF9Bsm+eCZVD81YbfT9vy4rC0Qx4CZ+ZiN4Z8CP3lRnwCoqZkG+3PGVIlDtPdjeTb1+ddH/2D9Dxb9wDM+EmITCTM23X+pm/1oD5A8yEj8yBmQAAZgH6rKodldpSAOYBMBNuMlMz6W8ppeMa8aNwXgIz4SMwEwA4YWyAyEmV91HFAMwfYCbcZEZmYj98SJlOR5JaRJ/ul2JhR4oDvoGZ8BGYCQAAAEMDM+Emes1k+LIty+sk/tFpJl315LX0gXcM6cwIy6Aw+4+IBbMEzISPwEwAAAAYGpgJN9FpJtYPtUIyczNJTlMfZajAzskLCpjJowFmwkdgJgAAAAwNzISb6DGT9FSfh6QfbqdFA20+OcmsuqDjqRhd9fsb23JSfU/pGTl5vMJe/4jNhHlGOJgamAkfgZkAAAAwNDATbhK0mWh6SNTyHP/yZuUjZqdNlyQh5yutdmnqnqspk+z8dKlsJvIMlsbzF607LSXy3L7TpbayQmtZa7P0qMD9Wy37y1obq2ovSDszp1hTc2svXW6nHyy1r00qu5FZ1NR4/kZdUZHvaYMfWumrTjWZpQ/BFUeHyVXQR+yNkEM4zVttZ85fLMmXn/sOxgFmwkdgJgAAAAwNzISbBG0mGakWM9NncsH7vGDfh8tKW/3mi0wH2UzEG/JT0unTuNMqVTPJTLVkyA8zH7uomMbpUvNW9WOkPPKj4lXICcjdNheKDplTbOwmqhyZdMwYNRNv10q2V7GYj1aw6xyWNp+AmfARmAkAAABDAzPhJkGbiai06SeMzga9YiYi7Sqhc98P2a5R/ZAL/Q8hCcnpUt/HMPU1aw7qG81FBEZZHt2/uzB1q7QH+mm40lV4PyuKLMsL7Ie+leRazWmFDtp/AsYHZsJHYCYAAAAMDcyEm8zUTErq2xpP0WR658TP0Ewqsi1O0WPeUUtHafnM5LjyUabqZ7sGaSaN+6zZx1rt18nLB6ZpJoTGslJzqpUtASwwEz4CMwEAAGBoYCbcZEZmoin/dEcIzES815a+81CFS1pmRnMley1CgTUT8b451W82SKCZ+M7W1TyJmXy6XXtRYstx5kDAD5gJH4GZAAAAMDQwE24yEzPRzN8QHSUz+KRF1UykKSvKktdMRNHTf6EpmU5xsZbYe+VNfsIwcFneapdm3geayYPrzUonz4XJ+kzE4cukTnJRuyj2pktDvzLyW5VNIACYCR+BmQAAADA0MBNuMhMzGT86zQQYEJgJH4GZAAAAMDQwE26ix0weXG+25pdOFKf3aV2Ae2AmfARmAgAAwNDATLiJHjMBQAZmwkdCZSaBe0YQBEGQKaP9dRI8MBNuAjMB+oGZ8BGYCYIgCDKH0f46CR6YCTeBmQD9wEz4CMwEQRAEmcNof50ED8yEm8BMgH5gJnwkVGYCAAAAzAkwE24CMwH6gZnwEZgJAAAAQwMz4SYwE6AfmAkfgZkAAAAwNDATbgIzAfqBmfARmAkAAABDAzPhJjAToB+YCR+BmQAAADA0MBNuAjMB+oGZ8BGYCQAAAEMDM+EmMBOgH5gJH4GZAAAAMDQwE24CMwH6gZnwEZgJAAAAQwMz4SYwE6AfmAkfgZkAAAAwNDATbgIzAfqBmfARmAkAAABDAzPhJjAToB+YCR/h20wELwnv5FY73NrNAVRvInXjcztFsSaJLEllnWShWlPPH1pVJjIq7UiHdvO4ePcfL72OLOQuI1+TtNUmx90dHx1JXrZ2l81+e+qrCwnrowRhWa68XPZ+Ajl6Ynp1t0dad3dHkdP5cRwpYV4BAACzC8yEm8BMgH5gJnxknpgJJSJBuzmQ7uo0q31I1GsmEvTlU+Lp3pyeJzJmMnQ2L+tEt7baJHg6c6kXKKwteTRmMkQPJpuJh74zMpGv20gBez4uzesAAGDWgJlwE5gJ0A/MhI/MuZmMjY11dvVevHb73MWbdpKOm+cvdV282t11q9fj8Tz0on3Z9CBNZNoBwgiAq90WK/UzRMYmyG15shz7UUfem3FCQt5kfSbu7sT42MgI2jHS4t/uplU3KfKiHNHdXb1ns6ZyYnwU2ZrwZpatY2jyPpMW63r5DNfuoruVV6Pi12Y1+tSlcw99qXx1XtybX6OFpGZuKz0q3ae3f8NX2eNKiJV7WqRzJqvkDYmIzDs7tVIlRgjxz8n7dNveJLJHT3itcglu8m+1RxTv2WiJ9IaslS5ZJqlGuzcAAAgJMBNuAjMB+oGZ8JE5N5M17xU99eLOf4nfFfHih3+56K3/60vL/uwLP3/ynxO/99M3krbk3L9/f2RkZHR0VLYU7YunQm0Wk5Z33Cb6d33xXou9mypJUjRpwqepdSKXrd18uGMyMxHFvFMdQ26xI5t2DXiPQGH7TCKjV8uFnSW5bGVpz2vJgm1Xod0z2Wgudwlt2Lc4XC3WrEK7strhcqVJPRI+FbnXQC9BFQyJXGsL+Tchgpa7xjMTeW9Rr+e6XB3qzhOyO0R3Bz2KuqPx6NyTILxp8+6zWvWx6nfo4arFasH7tkglSYWvCUJcFlnt+ChWvnYAAJgNYCbcBGYC9AMz4SNzbib7Dla+9P1f/Ppnq5Y/+6uIx7/51P/62lP//Us//NLfx3x7cfZu6+Dg4NDQEPGTBw8ezMhMhMi4N5U2uoykCtQE5M1M4YRmotCZq9aX8RvN9eN4dpNaueUD2ntQ3ekdczWxmUjN+kR1B9Kq1Kw/tZnsIsHCjPjqrpaPmVbn14kj7UroHM9MZIvIu63UVKRCmiVCFgonGYN1JZcIT/WQuk/GTOib5m8m0ntLa8pdSfRi/d8WAAAIHTATbgIzAfqBmfCROTeTkcGBpo2vV238Xdn7m9K+t2DN//mL3331L9d/5x+2/uipC59/7nA4uru7+/v7iZx4PPI86yCQm+OELMkAGkSR+kFkVMKbm1fH0dazXEdtN09iJnlSl0Xki4mb3x6vz4QZzUXkYdzK1bvkcU9RSXXuic2kky7E064GGd9qZy6t7D2QSvcRabfvNnRapPno72xOkIZQjWsmqrTIyKuxz8XKKXR4N0hCRWGuiyWpppO+pQl0qox3n/SNkrTJewmtaaRk85vxkeSa323w7hoAAEIMzISbwEyAfmAmfGRuzWTM4+m25Z3b98nZPEvjru1Fr8ZlPvXN1G//9YdR3zu6Ku7oay+fO3v20qVLt27dGhoaevDggfb1U0FaxhlnXa6OFrk97ZJK8qTmszTkKQgziZea125RLNtEG/7eI1Bo1bdsLpfLXp5FFtNaFd9gK9utaUNk3d1AN5Dm/oRmIrqsiYI0mst+JC1xe4NbqqmO5sryjrgipxoZl9hg7y77gG6I29VB9xBF9uCW53Z0Kl0iUeTEOsrpTsh1yTuXRnN1053Lg7veouPcuu1l3gsaB5eXDHLG8RnkWuTXdrvoMDBBugTyb8JHLba36PHXlrhphRW58qu0uwMAgNABM+EmMBOgH5gJH5lbM/G43Y5PttysPHatouTMxzuPvPAve7/7lxlf/y+7f/L3Jb/8/sGXok41NZ0/f/7mzZuDg4Ojo6Pa10+F3GhWkJ7Npa4lrEgIykzSpEkdlOjx+kwYhsarLA95kpi8z4S8KYpHUWiXhfQ4LC/qQZkdkqMkVQ8pA8YEemm0P4jOw6/znVqU3H3kaUmL9RZJO6+W3ElG3fkkMP0wvmdzCQm0RO4pkun0iHKfiYJmkBsAAIQOmAk3gZkA/cBM+MjcmsnDsbHLH7935fCezsO7P0sx5/zLk9lf//N00//I/v7XKp//bupPflBXV9fS0nL16tW+vj63+9E8GBeEBuIjZcqnrNBuHP/HiAEAQMiAmXATmAnQD8yEj8ytmYyNPdywqzz7UNOeglObd5W+t3nv9thV637w0qtLXvuu8NIPfrr8xIkTjY2NHR0dLpcLZmIsaF/Mj+n0Ffrxi0KUdjMAk9BXHJGw4YrTeeXkAdOCpXJZxAJTRMIWJynsoatLyerKbQ57uSliHfvSpabF5aXlcuh665aI32yrveTc9puInKu+ald2LzWZlBeSJd8Glap1Ode1ZY+SsvIyNULEaptL3BwrpFlbOk7lCRGJhfJzLIbsQmTkONrv6Sblvkd1d+bFvp3ncnVIT9GgtRMiBLuDjvSMkjtLO3PHf653TdI4Ow8/YCbcBGYC9AMz4SNzbiZrPrB9fPDkJ/mnunpcvb9+6+r//k7rLxObfr3mu//y0tM/XV5ZeaK+vv7ixYswE8Phas2jn+hCn6QcW+3A9w7oxLxI0oaegqUfX2FuI7fpmW3t0kMxtj3j5xUxJsVkZAoSTIPK4qApoUAtX2oKdzNh6IhKoQ8EH3IolrBaEOL30OX1sUJL8TjykLUisrDGJxstH0TRh5WThZQo4bkMsiA8R5+ZLpfQyWswEyQ8AjMB+oGZ8JE5N5N3dlUePXH207IzZZ+d73rl95e+9oPqJ79nffrn/yS8/Ozzv6msrJTNxOl0wkwAmIesWUC1IWepvzxcz1lX5V0mCnHTt8W0YINvRRTXMdahGkh7+uIrHtEoZlL4Gn16B8t69gHiE8kDIxuuI6vlJ39kLROEt+izLoQI5dHkpIT+YIWZIOERmAnQD8yEj8y5mbz+wTHL0ZaDxa3vbDv+lR//+3eeWvH43yw2fffF7wgvPRe/hphJXV0dMZM7d+6MjMzZeQIA5gL34KVy07NbREkwzuxeE7PIZFoUM+gRRfu2XVe9tVrNrEKYFpBKlC2l9DHY237isw6TbCD2bYulfhWjmElcwGBI32gucWJ5YGXD0ylEJrhdLUIsfVoGITdBSKvplku0lVkm2nmYATPhJjAToB+YCR+ZezNJO5adf+qTQ6fyj7WsXJ+9/PUPYuPXvrDiD99+6sXoF34rm8mFCxdgJgDML9yDTueVptIDpgURoiQP3kFZxChemcRMVNrTFxc4yVd3vLCQOEn8H8sXmxaTddPSXVekoU3GMJPbeYn5fl0ma6PpAwB9TCQPrGwM2YXYxOo964XY1XkdtI8ka0VkWnmLXKKtzDLRzsMMmAk3gZkA/cBM+Mjcm8kW266Dp7IPnsy0VD/76gc/jf/Dj5/77fJVm372/Oolv/i3iooKmAkA8xnH7qW1/l0fMVQwzizdrXwyKDGQM+o2llazz14oblNCQe3v5Q4VlXW14W0mayP8HuedFC24NB85O5E8MLKRpD4T/J5tLV2uXlvsHRx7z0arwUyQ8AjMBOgHZsJH5txMkj6u+ORQ08Ejn/0h7cj/jPjd//fNl//iyWf+9p9e+t4PlsW+9Hp5eflnn30GMwFg3lK82kTEo337Ynm+u0jHa9G+jolmwKuUr1vUxDTiB6vWbah1O+3KY7tITKb48tJ2Z4CZNNW20y8aM+lrrz2puNCjRJ0QQnFVx75b7VuVmUgeWDNR9eZsWiwdG9aQaPX2w5xNS2sNMBN3t+I/mp27pA6X8ANmwk1gJkA/MBM+Mudm8uYHRwcPHhz+tNDdfia/bPF7u7/yJ//n+09887mE196JffH1srKy2tra9vb24M2kdp3mb6O/r9VWmQUGa7eZpHEjTs3fNckJqX+sXRRRcEkdmTIhzsMrTQtpC4ydwgvAuOS+I33O5Y/jugNuPEPS07RYGoJlWriooF35nyVndcyiBaaFQrzSOO4pN7+8iNQovy4X1C76YxMdu/UTaZ7JwkVK+c0DdHXBogOt2v/p2NFcXmgXijx+jJiJr3hpTu3GCNPClezLHwGu/MQs+uQsBd9Hl1K8n17KyIPPQESNbAwlxNKndyeml3VL74rdul7eCymRKzN7Tuq0JFBdEZXPnFVYltvwbpRNnd8STsBMuEmIzOROmznFQrP9UfziB2ECzISPzLGZPHyYfupa4yf7Tn+yr3NLyltpC2J//cU//d+LvrTw2aglcT+KTSgtLa2pqdFlJgoha9bbt01naIfc1ilfR5symk3ETNS/uK6TH4Q6PUJ2CYBbfPMOfA3WeYYz/xWtecw/hDdt2qL5AcyEm4TCTIbt+7dKWpJi6RnVbgQcAzPhI3NuJrtLW/J35ZR/nLsn2bzr0D+tePt/ffVfFn75H3/6xobnfhTzCjGT6urqEJrJK8/SP7Iueln5W6nphZzi3y9dtMC09I/losdJFha9bC6XPsdt8FLBIumPtvF/pJ/XRjbJSH+AGaRzahcsillBnxrEYjKtEaXxJ+wnJ8iwZpKzVF4efOVn9CALva3JLSvoX4XJCRZfp8PrZc+BmYDpE6/OKABg3gAz4SYhMJP9qYqWaDcERVd9RlmXuuYoKzSnFDKbQ0JXSaal4lRb46mm5FRL87B2sw7IVe8/rS2cP8BM+Mgcm8nY2JaPij7KLNrxUeFv3/gg+l9Nf/L/fOlP/t8n/+orT33r2z+N+NELJ07QT1qcyWfAs816+YMRJAZNz2wT1aeIiqLTGq9MqD1pXmSK8VajKEbBDDpfrO7Tc8X0hvQ5014cuUvjV8TE72Y/Ek7BZyZ3naaF/n/Y9tTSo1/PYbtlYCYgeFzCayH/7QlAuAMz4SYhMJMMeRxXiuUBXRtNT7VYz2nrTM2jMhPvHyyvmTObpL+KzgjVTKp2z0zMjAnMhI/MrZk8HPNc3PCbG4fzrx+xNWV8vOObT771P/7bq//tv7658Nu/f/rpDT9++uSpU2fOnLl+/frAwMDoqJ5uWbZZrw4rF71zXn0lqnhcz5E3ua/XLv6h8sEIGjNhR2qZ2A+cJqKyIKb2/ZiV+Vek1dpX8ulTS2WImZxxEhzttcUL5YHsonvdy4sjpIPIXrTmGdqDklNLl2EmICi6i9dGBXzwBQDzAZgJNwmBmdh2KGZi/tBm3Wkxpx5vvKetMzUTm0lzURHdeaq10TtWjErFmDM51ZKcVUV+8ztbKkmFjPw276s9mTusbH0vrJl0KWYyNpCdZSUvzyxu7x+Ttoz2JHt7gZSOoDGnfA7MIRQUM7nWJFf2XoL2BMyppRfKbKRC8g46ADRH2pq+r17eWpGnXGD+yZm70iMFZsJH5t5M1ic6LDnXLZYzKVssX/qL9P/+5//+53+20fSNjU/988YfRpw7d669vb2rq2twcPDBA+kPIEGi20wiTKamS05nn5sYwjTNxHl4pfSU0kFqGh9fcZeuOcD8b82O5mr646Lyu6QkYoO16YqT2IvD+whUt9NeQOykaRBmAoKDaEnSCc1nhQMwL4CZcJOZmsn+rZbs+q4zhw+pTXmn3L4Plq56dQ/eUDNxVhV9Kn8ektQvYZd2TrZmVkl/huyoMu+suiQV1u2xXCJfXM2ZqUr3hTXN4t/a8prJ6HD2h5Yq/5/eFdkW4ipkIdU7LG2k0VYiPYCCnInNIZ2DvTLn5H31JdImpc9kPzOYjT0B8z4qM2Z163ArMTdpyXOh6FDdPXrhxh0PBjPhI3NsJg/Hzm/5d/tbv7b/YU3B976267/8yebH/uSN//QfV/3nP/3dV7+Y8ery7u7unp6evr6+e/fujY3p+fnCNuuZeefqaK6JzMRhWl0sbzEvUvpM1M9G8D1j1NPOjuY68/6i2rvKsvPIGtM/bVA3iQFmUnyX2c9Js/rhDBIO08ZamAmYPlERsdoigzMyMuJ0Ou/MGLITfVPUwgG8CdMEZsJNZmYmA/IjuazZVdf2Sz0P+af0/tW/qz41r6mRTgKhqcg7JJsJsRHf7+rTpfnn6VeySXYGcawttfiavPFS8aFmUeyvKTKnFMklzXkW/49eomYia09yZqXfFqmyOZN2YvhGkZ0ulYal9Zp3N/crRXZzvvSMcy/jmgl7AubUUrmad2OXOVd+Dp9kPl3kEi6ad9A6RgRmwkfm1kwIt+2t9b9eUhX73cNPfXXn//zTdx/7T7/9v//jqv/6Z7//jqmtrra3t7e/v394eFjfJBPRv1k/WLUu5o8FzktNBzbGrKsaFCczE7IpwuF0Xjl5ICJiEf1B5CyIeKPgipN2cFzZvXTl9lqHvXzbyoicq8oOKFdzTM+uKy8t37aazqqPWWDy/mmF4h3NdaWptFie37LtGdMBOz1IzMIIaZ7JgQO17WS9fPvKDbW0rwZmAqbDUE1S3LuFZeVlcnT+rxJmaBvXM4P8DNEeIOwh56y9jJmhPQBHwEy4yQzMRNESqaGfR3sGZsQEo7ny05j5G131mTW9Im3olzYrRXb1VeQlpNB+mAjS8f6+Xjn+Iz/Y0VwKjfus2cdaSc06i2ImpE7d9YGRsdGcrXKXy0XzPlpBybDfCLEJzMR3Av199EchM2emy5xnVxZPl1IzoXgqiopSUy35doP93ISZ8JE5NxPCqNt9d3Dg0rkznx0vrik+euFM6y3H9fv37rolRkdH9fWWAAAMSn9/v7ZZPWO0xwh7tBcwY8i7qj0GL8BMuIlOM1EfE0yiTM+YIROYibOmKP984GiuCc1EHs01QQN/HDNRezPIq2QzcVQUXvOfn2JOse4/Pf4uVTP5dLvfaC5N7anMRIFcl9962AMz4SPhYCYAAMCibVN/Xua/fisnJ49dby0rsOTm7LXapI1XD+7LIRwsaWbraI8R9rAnT2HehIIDe8kF5hVVMZvpm0AK6y7eUks+L8sr+5ypYcA3YZrATLiJLjOhvSWHMvOPh6a3RGYCMxHHusyph85cvmY/1UQMQd46mZmIHkdFkXlnaeOptvxcZVSVl3HMZH+axdZ240xVZfoOq9pnonGtkiwqYHWn2urKqqz+c0JUM2ncZ7HWXztzmXbpsCeQnE89ZDIz6Wr6tKqt//rFxqrKZP+hYuEPzISPwEwAAOGGX2u6s5U2w3P21pxTCm7Zy/Jy/cwkZ9/hms8dbRUHm2/daT9xsOHc9a47tw7vy2HraI8R9rAnT8zL9yZ0VBV9drnrzp2qgr0Opg55E27dcuzdZ2v2ukneAZgJYrDoMRPfbI19ypQJnkhPsyrTXerrzakatwF+wEz4CMwEABBusI3psrwc/z4Th+V4WxHbZ3K5qvKCsphz5KRa/HlZ3mV1xYCNcubcPz9cd8v3JjQr7nG9psB3gd43oe24RX4TTh7Ze+tOA8wEMVb0mAkhf3dRZlGIekvCittN2Y2+p28lpxxitgEtMBM+AjMBAIQbfq3pO10HLTmWQ8fklcP7qJP4mcnZkgbvYk6e6jC3cqx+Y8C0xwh72JNv/+wY+yZUHqIdKMdamC4T75tAfIy+CZ11ldRJYCaIwaLTTPily7zV1iNNXq87ZktWR16B8YCZ8BGYCQAg3PBrTd+hze2aYwelnoKOw3XX72jM5PMyn5lYK6WvtzpqDzd0qjUo2mOEPX5nf4d5Ezob8o7WtXdezsvNYeeU+MzEWll1aK+0BjNBDBaYCdAPzISPwEwAAOEG25huqGm79XlZx5nKokbHnVuOyxKHc/IuX3V42+XnDn8m9x58frCKjm/au6+gyu5rtMtojxH2MOd+rp1crPdNaChS58802HyT/JU3gYgJeROuym/T5ZpjLZfJG6VW0h6DF2Am3ARmAvQDM+EjMBMAQLihtqQVtM/mUvtMLufk0+dTeZ/NVXRHapqrFDX6XqI9RtjjO3UZ35twXX74mDy4qyo/R55tIj+bq8ZPydBnghgsMBOgH5gJH4GZAADCDb/W9J1xzEQH2mOEPdoLmJdvwjSBmXATmAnQD8yEj/BtJhGmhVeczoKNMRtqpc/Fvp4TsXKb/NnttYOi2NNeXlouh9QpcEovWWCKSNhCP6q9h666azfEf1DrvNluMkXI+1y6wFRudyh7EEXn4ZUxfyy4cvKA+WcL5RKTKd672yb5Jdt+udC0cKHyGfN9xSsXmHKONJGXmBYspSXMaZgWrCSnoVYg+5RfRV7ffpN+IL0pwvuh9QDwCz5pUQw0kxmDT1pEwj8wE6AfmAkf4dpMnKaVBcrC6mKiJuVvmNrlz271tC/6o6INMtueMdEvPQVLP74iSYyMsyDBJOmGeOCXJqncbXpmG/3q3YN5kfRCqSTi/TMiNRN/eegpNj1rbireoJgJ2cVd5Qi+1yoo+1QriJ6mRXSfZxanK593pJwnAFwzMjKibVbPGO0xwh7tBcwY8q5qj8ELMBNuAjMB+oGZ8BGuzUQ0RZjpl8Hyxdtpy36pydesN5mk/goFpymBOkzOUm27/0xKRJOkCetki7ies65K2UT2kHOT7DNGrSzv0/RCjlrio2qdaiYqaxb4HY5YkNRtwzBYvHS3gxx011VvCdnPTaYCAJxCmtFOp1PbuA4eshPjtsjxJkwTmAk3gZkA/cBM+AjfZiL2NZlMpoW/kXtO/GyEsRQ37UvxFsZsLKDjpko3RGyslTdveJbsw+SUO1sYwSCViaXUbozYcLjdeanpwMYYef+1peVOp6O99oA6AEzzQpGeCSHCcddX4uuNkZArLE2Rz9xtWhDjII2LS00RERGBhgMAAPMZmAk3gZkA/cBM+AjfZrLuh6YDtU2LF5pq++jqYqZ/Y5FqKT0H4r2WQmRDHrslUjd4RdpavPBn6wpSXln4sy101b5N7b4ge6CS4BmMWWQyLYpZs/uMybTG+2pK8WoTHd0l428mxDKaSg+YFjDq0nPglXxfl4lcYUtCxIYqeka121+hqrIoxlm8ptjPZwAAYL4DM+EmMBOgH5gJH+HZTK7nbPN+XOpiySLYeR2mRdJAL2lIlTzWi7DtJ74KMabFZA9Lyb8y9m2SWpyhw6skyB584kFpl+aE+HDmv1Iu97SIWjORcexeqvTLBIzsUtHMWsE8EwAA0AAz4SYwE6AfmAkf4dlMRKdpIR0E1WTdEPF76blZPQXqs7kKpEdv0Snm7FT4wVrTsxsK7I7y7SuX5jrkGfDmw+1O55WYBUp3yiveZ3Mpe+i54nQ6t/0mwjt2q3bD7mJlNJf86C0Z1UyqzItXbGi65Lxystg33Mv/NNQKZLdrimlHivRgLt8qAAAAFZgJN4GZAP3ATPgI12YilqfQQVCLfhg/6O27ML+8yGRauOhlpcPEmf/KNqW/RCFndcyiBaaFQrzyeCyPM0ZYSHayzurtD+kpJ+vqHsQGM9kas2JL+XX5Fc6YHy6SRl5FnJGGkCmoZtLTlPP7eFph4aKCdmXsmOY01Apkt3IJPQNmFQAAgArMhJvATIB+YCZ8hG8zAQAAwD0wE24CMwH6gZnwEZgJAAAAQwMz4SYwE6AfmAkfgZkAAAAwNDATbgIzAfqBmfARmAkAAABDAzPhJjAToB+YCR+BmQAAADA0MBNuAjMB+oGZ8BGYCQAAAEMDM+EmMBOgH5gJH4GZAAAAMDQwE24CMwH6gZnwEZgJAAAAQwMz4SYwE6AfmAkfgZkAAAAwNDATbgIzAfqBmfCRUJnJPQAAACB4tL9Oggdmwk1gJkA/MBM+EiozAQAAAOYEmAk3gZkA/cBM+AjMBAAAgKGBmXATmAnQD8yEj8BMAAAAGBqYCTeBmQD9wEz4CMwEAACAoYGZcBOYCdAPzISPwEwAAAAYGpgJN4GZAP3ATPgIzAQAAIChgZlwE5gJ0A/MhI/ATAAAABgamAk3gZkA/cBM+AjMBAAAgKGBmXCTIM3E0Zq6/dC0klWlfS3gDpgJH4GZAAAAMDQwE24SnJk051nMKRbz9sr+vt6JkpMi1UmxaF88OV318qvMqdb8Uz3arbNAdqolueiythQEA8yEj8BMAAAAGBqYCTcJ3ky2FjrHfCX5OxQPuTDsLRpzNucX6TCTjLIuebE5z2q75r81dJjz7NoiDhi+mFp0UVs4+8BM+AjMBAAAgKGBmXCToM1k/2m2wEkMxJp/PCPNkuzf4p+JmYhXqjIqZqnbpJdPM5EUUVs0+8BM+AjMBAAAgKGBmXCTGZlJT0UhMZAesaskUzt8ayZm4qwqyj9PF8hu92+1VJxq65fKk1Poct0xmzmz3iH125hTbBl59XWn2qw7LXUd9flVdCupJjeyyGtJSeOptuwPLSUOjzg63N/Xat7X2t/XS7emWOQjOsoK0y31pFpFfqHsV6TEnGpNz6OF6oWQ3TaeuthYVVvlkgvCDiInj7jnBGbCR2AmAAAADA3MhJvMyEzEc6XmNNuIeN9xrt6ccojZoMdMlHkmRBjy2+QyYia+UV3nK/ef9qjl5t3Not9Rusy5rfLSSKOthBrHRbZ7xJxSJH21q4WqmZhTCtVq+1PpDqmZeAvJMj2SZCaOEeUEwhVPf+PxKseotnjWgJnwEZgJAAAAQwMz4SYzM5Oxi97Z8O3mzHpmgx4zSc1rajzVduk27dCQIQaiLvfXFEm+QaHTXdIqRT+p6PJ5yOlSWrOv2Tc8jNa0Sl/HNZNStRo5Yr9iJkqhaibOlkpyUXWXfacXbvS3lCZvtWlLZxOYCR+BmQAAADA0MBNuErSZ0D6NCl+LXxy4nLGzaH+x0l8hKs167eCuqWHnmXhhzWSCPpOJzWSmfSZaM5F5cL0++fAjHTE1TYiWlHSoTyF4RMBM+AjMBAAAgKGBmXATPWZi3unXPaLBmqrzqcFTmMnYRdlGRGlgVWaVU5zCTDzmVNlGpNdmN0lL18wWZaiYaiaZko3IyF0rk5iJ34HCCM8j7i2RgZnwEZgJAAAAQwMz4SbBmcnw6VJ1NsgUSZVHT02bKc1EFB/0tCWn+j22eFIzEcXRnvQ0ejLp+2q91cSSfYdka1LNhDTr92dZSWHyh0Vyp8O4ZqLU2TkHAjA1wze0JY8EmAkfgZkAAAAwNDATbhKcmQDAAjPhIzATAAAAhgZmwk1gJkA/MBM+AjMBAABgaGAm3ARmAvQDM+EjMBMAAACGBmbCTWAmQD8wEz4CMwEAAGBoYCbcBGYC9AMz4SMwEwAAAIYGZsJNYCZAPzATPgIzAQAAYGhgJtwEZgL0AzPhIzATAAAAhgZmwk1gJkA/MBM+AjMBAABgaGAm3ARmAvQDM+EjMBMAAACGBmbCTWAmQD8wEz4CMwEAAGBoYCbcBGYC9AMz4SMwEwAAAIYGZsJNYCZAPzATPgIzAQAAYGhgJtwEZgL0AzPhIzATAAAAhgZmwk1gJkA/MBM+AjMBAABgaGAm3ARmAvQDM+EjMBMAAABTMjIy4nQ674QCsh+yN+0BZgDMhJvATIB+YCZ8BGYCAABgSrR6MWOGh4e1x9ALzISbwEyAfmAmfARmAgAAgWSkWLRFIaGrfrb2PJv09/drxSIUaA+jF5gJN4GZAP3ATPgIzAQAMA9pLCoyp1iStxdlF7dqt0lM5A8lmRbyQl8y67U1JifATAQ/4klJx5E0shS1Yn3e2SG12tDZLGFTte9lXuy7EpJqfKtl7ydERQpCZFS3W1r3uFr2rCV7i3szV6lRk5Tb6auvEi8I7H40hGoclwbtYfQCM+EmMBOgH5gJH4GZAADmHedK8zs82kJ/JjITGeoneXZtKYM5pVRbJBNgJipZcUJUSgtZ8EqFPe05QVoaihSiVudXB5pJ1orIwppcn1G0pqWdVRajhFjyb6IgrD4i6c3tvLXF0n51mYlWKe7cKftcWeiosx3cl5OTa7l6y69CgSUnZ2+era5DLSki1YoamCowE0QbmAnQD8yEj8BMAADzjmu1GcdusAWsLcjdIKQkPb/Jfr33zDFbRkWXr6qEn5ncazfvKK04f+NSfZX0Ws/IQK855Xh/Xy/Z6Kw5nplf39/Xk54qHWJCM3EJrxW6/Eo6s+JlM1FWA82E0smYicuWaO2WF4WIteTftGjFdoZOrM/qkDbM2Ez25uSVtTnKPr/Vdu46WVVlI+dQlVqn7bjFIS18XpYnL1yvLWgoy4OZIJMHZgL0AzPhIzATAMD84745xVLS5vONcc3EO0HbY07VdoCwZnLt2KE6b1V1P4F9Js15Foc4sZl0ZG0+5V/SmhYlRDHr0zATOjYsMiG9umXP6qQa2lUyVJMUJQgdLndcRKRSY8ZmQsTkc6bPJOdgpdQtcmuvrVmtU3UoR1k6c+yk9DUvt+BzmAkyVWAmQD8wEz4CMwEAzE8euK6lpioTRcY1E7Uk0CVYM9nPbFX0gzGTBz32kjw6p4VkEjNJFNjuEdLWtgsJuZ1+I86mYyZDkRGxiell65dFrrbSLpLu4vWxEZHVp2yRQqRL3tuMzeTW1dbKorycfQeV4VudJ+kwrdwCtk6JxWsmn5cRh5F7TmAmyJT5/9s7/58osnx//2+VmJBsQjIJySQkm5CYkExC/GEnm4y5ycfcZMx0Rvr2bZkMXhkud6cbqelGRHu3VegBAS9fHL7J2OrI4MDIAgooXnsUFLY+51RVV1dXI0J1i9TxefKKXfU+p6t615Xm2fOlMBPwD2aiRjATAPiIyVpe4bKFV6Vm0hhOOscWbjMRx+669fM0byZPQ2231syj211vN5OXmdrvrLlWJluzWn1r4dTm3WYy+KVmLVERpL+QqqN92uxcVztuLoIv20wshG8Iz1hdneu8Ya8kaZenNu4xE+EiMRepMacXZkK8wUzAP5iJGsFMAODj5eFAk8dMclOOmVhGIWdzRfvtwzxuM1nMdDuzuayrGdJMrpuvS6H4lPUTNhl9q5nMflfb/aRw2lqvFY+WWLzbTEa/0pyVKtbqea36zKR9qRfaiW756jGTrWVrLMVjJsvjo7OuVS8FmVhdHb0z9/vSas/tO7FEZnX1rmMaiVin0+dOT2GdyZzQF5Op64nY5SHxXofCDcoDM1EmmAn4BzNRI5gJAHxsbN672RiR06s6MvfXdsxSbk5WzqaSk2t5M7k+kUo1RWXxTfHbjZK9uca6UvLt0Yv21Qzjl0xaXH/FMCasJnGRO71vMxNNqy2cLMTduwi7bKFgJpoQDmdRSvE6k1Of1VQdk7sGZxbN4ZPlwegJIR1azWen7B5DpwtXPx5f0Ouj5rbJslMecZv6Y1pNk1w6b1GQiTzOOpPha516eywWb59aEGdzA12xObNu7c2VGsr3YzYX2UcwE/APZqJGMBMAgECxfvJq4TknhwPPMyGHE8wE/IOZqBHMBAAA9oZnwJPDCWYC/sFM1AhmAgAA78RrFWWTy+VX55QNZqJMMBPwD2aiRjATAAB4J5ubm5Wa0yWuI67mvUEZYCbKBDMB/2AmagQzAQCAQIOZKJOKmcn/xK8vPHrsrYLSYCZqBDMBAIBAg5kok4qZSSisX/ihz1sFpcFM1AhmAgAAgQYzUSYVMxPGTD5CMBM1gpkAAECgwUyUSblmMvdwKRSWzyoaGv7Z23YA7Is46Zj29oAjCGaiRjATAAAINJiJMinXTL6OJBydWHj0eOO5vw3gXo2Nz4j0JS5eMQ9+Xff2gCMIZqJGMBMAAAg0mIkyKctMLCH57++vPVp8cu67lHXq7XQQFjPdE94aHF0wEzWCmQAAQKDBTJSJHzN5/frN9vaOkTcT9zwuURetha4HxGMmjWF9eOZBOp7smLaHYpq+TWV/f9rVKu7bLc+ne69cSzUnRsbGb4Ui15u/TY2NzwxfS4cuzIjGrrN63/hM9t6DK3GzM1QazESNYCYAABBoMBNlcmAzmZ37p7CRxmiys3vIKJaT5//3h6iL01hHxvu2/VFkJjsPGnUpGIaxFjp3c96pC9ZvtViDM9O9jZceWLU2oTG2v2yHwmnx0lzeAA68E8xEjWAmAAAQaDATZXIwM1ld2xDicb7tH80tcu5WU7MciwiZ+wVvbb0RB6IuWsVBpOmi9837wG0mG0P29DAz3T1Lsjh29XpjxC7K8+leqy7oaSl4iD2isjoje36bWnvttEAlwUzUCGYCAADvhGfAk0PIwcwk0z9pKcGL3MueH8etY8tMbgzeFgeiLioTU7O2ORwQj5lc+eXpxjMrzzd3DGN9JvRNel6cPp+K7cdMxL+ipQd9qVQowmyu9wJmokYwEwAAeCdevSibXM7ftkm7gJkok4OZSeSbiy1tcqKUYcqJ20x+uHjDbSPlm4mx8yDUMuJqNG536RNyeYuxZg6nyKN3mYnFYg8L698LmIkawUwAAGBvNjY2vGJRCby38QtmokwOZia3f54LmatKen6ccKZUWZXsvQVxIOri2Gk6KJ4V8G9WZuTcrUiya2zJ/L3pdXNUnv7yPDccf7eZDCTs+WCxa/edJqggmIkawUwAAPZP9lIya/7/pBahyPXCiYvmTP4XFJOt8TM1DdH19dnaY5p2wv7/T1s/q9KqquIL7o4STavOLi5//olW/eWgPF9IVP+lNZNdbv1L9eALWajTak4lM5kfZYrfalNfpZ2Wy4GN0a+qtar69fX103/WRuW8FsMYOl16R0Ne037LrniVokJ4b+MXzESZHMxMjPySdyt9A0UPRHQ3/XDxhrsJlAQzUSOYCQDAAcj2J7Pb+ZN5azvQEuY9ZiJ+ebZf/v65ptXJo+W09ufo5NUST3iZqf2vWXlwv7lWqxavmX/TZq0bbs9WhycNaRF13ne52V6o+z5uaUaDpn3+d/PWTxInr27JgwqZSeauffD7dOaSHou1Jx67m5fu6+2ymBqS/e6PZWLi7IdLmenf3b28t/ELZqJMDmwmgpk7D3/O/ja/sOJtMAxRF61zDz3/GkFNMBM1gpkAAByIUKTXOnDGT1q6RsbmVn4d6W269sh4ndt4NtV0dW7j2VP3u2xunNK0+sJpiScsfF9nDpRIBr/Ulk1ncFqt92rHTo86JQ/SZ4T5DFqaEf1Es2TmxY1TrabvlN7RYv9m0h5LZGYWM3cfz9yRmhG7PLxo1mOXhtzdLEZTMdfZRLrdfYqZEG/8mAmABWaiRjATAIADkT6nWz80Q+Gkpym/RDZbMmZiox2rjz90nZd4grARp2BZij3GYmJZyuSPmdHs8ux4usolLRba8dYFOcBim4lgfeyMJkdOlu3zkjta7N9MLsVi+pX+/JjJ3dSYXU/EEk4fm0ejqfZ256z/cnuss9/VjJkQbzAT8A9mokYwEwCAA7GY6R6Waza2Q98OWJWeRCryjXyk295msnz15Okhe1qXTYknzP5XjVOY/M9qcVzjMpNq17EhO9d2r7vOp6KttvbYZrJ89VTNsapB6TBV69aUsJI7WuzfTB7/NtWfSsQudP4m52/d2cNMpJekRq1jOZvrUv+U+R4H7238gpkoE8wE/IOZqBHMBADggKyF4lO56d60+Rzogb/pa/mGPcxk/cbp0zfcGmFS6glT0XxltvlTOSQSrXbN5qqOOseSgopItGKEaWifNltzuGTr8bh8Kb2jyf7NxCJzV6hIanV1LtF336ro8rTAnUxiYsFdEDwuntyFmRBvMBPwD2aiRjATAICD0ubahnT+2sXYwPzKs6fJc86YydPQ2esbzx45/V8Mna79qtvaTUvEXIpu4vIETWuwBkCcvbnsXbyedDt7c3U/EecLJ79LZMZnZ8fTmrlE3hg+LTykWHrsMZOGY1pV3Zn19fXEV7X2cM3QaWdfr8zYwuhXWkOXfKswk4Zv7fq6JTn5PcSMYjPpvNAekyMg7VOmeFyKtV8eurs405+6tShEZaArNre6ejeTGM7OWSw+Xu0ZnnksXGXocnusMLlrFTMhJcFMwD+YiRrBTAAADsrYBWEmKftkZ00+5CCsJ8dXnEexJVuSoUhhFcrgl0WjGYVBi4KZLGsNCcsulm/IlSH1X2eW8wZz5rPqKmEhn50xz7bqP5WnWlV1ZtHssZCoP+ZZcJJfZ7I8GD0hpEOr+eyU3TIkNcbmeHxBr49OybLslGfQMMQFa5rk0nkLt05YvGVvLttMUtJdbETPVKeUmfbOVP/kb65rYCbEG8wE/IOZqBHMBADgwzMVtbcGPpLwpEVyOMFMwD+YiRrBTAAAYG82Nze9VlEJvLfxC2aiTDAT8A9mokYwEwAAeCdCTtbW1rxu4QtxHXE17w3KADNRJpgJ+AczUSOYCQAABBrMRJlgJuAfzESNYCYAABBoMBNlgpmAfzATNYKZAABAoMFMlAlmAv7BTNQIZgIAAIEGM1EmmAn4BzNRI5gJAAAEGsxEmWAm4B/MRI1gJgAAEGgwE2WCmYB/MBM1gpkAAECgwUyUCWYC/sFM1AhmAgAAgQYzUSaYCfgHM1EjmAkAAAQazESZYCbgH8xEjWAmAAAQaDATZYKZgH8wEzWCmQAAQKDBTJQJZgL+wUzUCGYCAFAJss2ZJfHSFk0m77zyNlYM+y7gBjNRJpgJ+AczUSOYCQDA3oTCupWmvw142wrkzSSixyYraCbbXX/rtu7ednXqvZrJ+lRc07SqP5/01AebGmr/pGl/ql3ftitbs+kqTas9EXX6tJ6oFe9N/PzCOo0f15wmN4NfagveWgXATJQJZgL+wUzUCGYCALA3oZaR/OF2Y1h3N7l4L84ghORNUeG93EXQfULT/po2D9e1L6wDk6lo8337sFarFn9m/k1ISbM8356tDk+K19nvatOmkqS/0LSGhIGZEL/BTMA/mIkawUwAAPbGZSaGca+/Y1qOHawNpdquZVfmpvKttjM0h/WOaWNtIDXwzCw/m2gxZabrrD48t3L7WroxnBSni5nunkQy0jYwNj6fPlewnVC03zk2pnuT2fw4hU228WxSXGfj2UpTRLd+drfEb/bdezQ/czN0YcbqE+sZ6chM3V58tdjXHYp0b+5s932f/GXHbFyfaPz+5saTeVHvWSxcPNtUrX1yRh69GKz9btapL3xf57iE8Iplw6jTtNNDdkXT6kX5tJb3kIV4nXmMmRB/wUzAP5iJGsFMAAD2pshMntySBvJyJhaxdcISD4+ZSCEZeipON4ZSoXDKkMpx3ey2nb2UnDfNpFGfyZkloTFjL62LzTdeemAdGWYfW28KZB11Ea0TRU1GKNxrvmZD4W6r0tOiN142L7g40nVPvLwau6AvmorS16bnTcbkxeDpT7TE/fXTf9YWXDa0dfVk4ol9HP1EekWNVtf60K5Ua3XGy/RJx0zWuxswE1JGMBPwD2aiRjATAIC9KTKTpRFhIMIKnMUnoV3NRHqCFBLhLbGfXpm2UOjfs+TxilehtluOtDjsaiaF2VzTvT3m4XAq1fRt0ryybSZOn/lrF0OR7jeiz4Vkdsf88K6Pke9vspw+VaMlhiZrq7TR9ULZMNeQVB2T60/SX2hbmAl5n8FMwD+YiRrBTAAA9sZtJsNxXf6KP93rjEvk8ZqJ0IxFYy0/BrIU0l0DFCUjHnJCl7ymlJkCzyYaE9miSomZZC+bymFSaibG+kRbxPU5d7Id+aEeD3VajbOeRLhHUVsea51JVOjI97ZfaNVRqSMnbA/ZuiokpcHATIjfYCbgH8xEjWAmAAB74zKTnD1CYs7msuZi5fGaiXGvvy9rzaGShNyGUGImawOpnkTx9CrJdshclOLCayYTCf1X+3xtFzORtuNazm7O5poo/twW9Vr1mXH72LILL9sLWr1c3T4ZrvasgF9PNuy9An79/qh14DWT9dkt96lfMBNlgpmAfzATNYKZAADsjTP9qTnhmtZlbHe0yjlUzfGb5mmJmZhvdHobr1eaovIijedTmyVmIid0Rfud0Y8CO89bzlsztfS2/31UaiZClqzLxjJzzSVm0nU+GYnfHBufGRufCkVsRelLpET/SGv6yrRcCWOzvTzY1CB3Da6pN3cHXk7Ua9asLs2koSlT6Lw8WKVp1Z+ZK+ZN4l/IXYPjU/Y8MGEmDqeHjNOf2JcSZuJQ9/3C6FfV6fwilnLATJRJBczkTS5XvJ8dfCxgJmoEMwEAOAI8speqV5TQtwP5ERVnpf7+cK8eOfJgJsqkXDNJt+pN8XRTRE/P7jY0CEqDmagRzAQA4MOy8uxps3duWGVoDCfbMg82nj39daS/ZMmKOmAmyqQMM9l5Hgrrv+T/Gf1yLRVqtUYz4WMBM1EjmAkAAAQazESZ+DWT5/e7zuttmTl3re2s3nXnubsCaoOZqBHMBAAAAg1mokz8mMlE18VI/Nb8a29dMD+QDp3rnVj1PK90HyyOhL5JJTNTYwM3G88NeFthT3LT/d7SoYCZqBHMBAAAAg1mokz8mMlG7nUo3Ot57KjFREJffJ3b2DywmfS06IveWvGDjWBPus4dZFlbhcBM1AhmAgAAgQYzUSZ+zMQwH+XzVjPx1vaF/dwih2f3ky32HnlWITd7qzGih852bziPE4r2yyGasN4yJPe8m0jJLfCau2ZWdhvMUZ/cg0iq8nt67A1mokYwEwAACDSYiTIp10zMHbLN3JE7Z/s2E8PYbopID+kamc9Xlpwxk2RUD8WnrOPGvKuIzs6jgtaGUulFc6Am2+90+OjIPTjkkRPMRI1gJgAAEGgwE2VSrpnIJ/V8e1HEsogyzMQwXj/9deSmlJOsJRwFM2mUDy2yZ4j1tOgb5oH76UUDf7OLQk06PlozMbY3xq4PLB7emBFmokYwEwAACDSYiTIp30ysp43aa0LKMpM8EVstCmYSCnebTzmViFtY23GLol0yjK6ovvHsqROn/jGx3Xg23XO4T5XBTNQIZgIAAIEGM1EmR9FMQuGk+foqdN42k66zeuhv9sIW12yugpmsDaU6pg/1l/IjhtQSb+39g5moEcwEAAACDWaiTI6KmXREkj0jcr3KlXh344UZqygUZf7Zo025K25vJKL3jT8Yzlx3D6QU3r+zFArrw+Mzw5mBtlZLbD4iNiavH/JoiQVmokYwEwAACDSYiTLxbSZytfqu8WcmEEQwEzWCmQAAQKDBTJSJTzMBMDATVYKZAABAoMFMlAlmAv7BTNQIZgIAAIEGM1EmmAn4BzNRI5gJAAAEGsxEmWAm4B/MRI1gJgBwNBHfLORjiPcv/uBgJsoEMwH/YCZqBDMBAIBAg5koE8wE/IOZqBHMBAAAAg1mokwwE/APZqJGMBMAAAg0mIkywUzAP5iJGsFMAAAg0GAmygQzAf9gJmoEMwEAgECDmSgTzAT8g5moEcwEAAACDWaiTDAT8A9mokYwEwAACDSYiTLBTMA/mIkawUwAACDQYCbKBDMB/2AmagQzAQCAQIOZKBPMBPyDmagRzAQAAAINZqJMMBPwD2aiRjATAAAINJiJMsFMwD+YiRrBTAAAINBgJsoEMwH/YCZqBDMBAIBAg5koE8wE/IOZqBHMBAAAAg1mokwwE/APZqJGMBMAAAg0mIkywUzAP5iJGsFMAABAsLm5uba2tvr+EXcR9/LevgwwE2WCmYB/MBM1gpkAAEAul/MKxHtG3NH7IfyCmSgTzAT8g5moEcwEAAC83nAoeD+EXzATZYKZgH8wEzWCmQDAkSQbCuul6Zj29vNHR1if8NaM+HGtlEGrbWt5MhmtOiYKVae+t2s22+v1NVWy4c8NL4oaikj8e73oU3simp4t6rX8Y6u87LGq1h+Xt4rrJz+rEW+p+eyku16naQuu010R7/KW3oVXGg4F74fwC2aiTDAT8A9mokYwEwA4ktyPfHvRihAS57gr6+3nj13NpPuvNTWfumL6hmUhNdJJtGpZr5ZFl1zE66VXiP6id/VfugsNbh7GpWN8Kk1D9HI1vLDc4+Rn8rLVXzrOI+visme+PiMv+2XhhphJKZiJMsFMwD+YiRrBTADgiCPMZNFbeyuNYd1b2o1dzcRDa60c5LCOt9zDFk8SmnZqcDt/fOyk09JwTMu8dM4KiAs5arHe1aD9W8Y83Ep/oZ0esutbV086RuGuG+bbtX+3peXwzGQsNVpc+CmTigkuJDqvDRe3OCzduXEp5n2fpD8ZS415i94P4RfMRJlgJuAfzESNYCYAcMTZ1Ux6EqnIWTm/q+3qjFNs+bYw76tnySxtLrWcTzZG9FAk2TW+4vTch5msa1r1mXFvVbLe7ZjJ6FfayasFa1nW66v/c9I5zTOqaQV7Eb2cYRP329eTDY5ReC4rh1Pylz0EM7mbScQSqcw/hIAMdV5ot4qPx1KdffetQ9EhNfbY9Q7J79M9sQuX+n8eLjWTx9nM5Z5rmAl5ZzAT8A9mokYwEwA44pSaydrYdakf0aQ112tg0Rq/MJJdveJU/Cly+5mspM9JJ4mcTzV/kwy5hlPebSb3m7Xa1llvVTL4ZXX1l4OWNyTqteiUq23otHaie91VkCwmtOqou1Awh6mo9oktLSc/0bRj9e56etk8Xk6LeiKvI4dgJpdjsdlV75jJ3EDnten8ibCUgTlXo+Tx7Wt3lsTraKmZXPshNpvNYCbkncFMwD+YiRrBTADgiFNiJk/djmEYOXHadO2RdVLcVERPS34gZR9m0qBpk7bv5BHWYdJ8o6AG8eNa3C0KC3HteFHBKboLbnNYvnHGuuxksdCIep1c56JVNbS664dgJtcuxAbuL5XM5noci8VG7y5mLrXHYu3eEZMCXjP5fSyVGvt9Vf7pLku8H8IvmIkywUzAP5iJGsFMAOCI4zWTl1OhcNpdaAzroZYR63gPM5lIHMBMdvnlfiwql8X/SS5Mz+ZXjZRvJvG/1mhVcvl73dcZ9+Zcsq5p8nZalbt+CGYiXEJIiK63Dxf7x2/j1+Q6kx9Sw/fl4Mhb8JrJ5fbY4qocZsFMyDuDmYB/MBM1gpkAwBHHaybTvY6HWHTIhSW91rHHTJoictJXc7w3efVWx7f7NZPZ72qrw6XLRRzkxlkNXXKMo6zZXNuzzbXa6SHbcmbb5LbC1vwxd90wtuTQSa09cnIIZmIzluq8qMdiCfv0bn8seU28/jbZ0xmP9d91d3VTZCZ3+xKZrOk3mAnZR8oyE2eRmZWeH3ddJgbKgpmoEcwEAI44XjPZmdnnmMlKX3coXvCGK/s2E821ldauSFUwd/jdunrS7TDpL4pWrufZKtop+GXaXhBvTg8r1OUKFntLrtK6UzlMMxGGkUnEfjLP0u0xl4zcjSUyhbMiCmYiV9KX4O7q/RB+wUyUiU8zeZF7ef6//yH+8d8avy9O/7m01p36X3Eq6t6uoC6YiRrBTADgiOM1E+NV8cDIW9eZLGa6Q4nCA1CanA279jaT7dniR46Usu6MmRgvM/53DR6WZuIaYJltrdWa5S9Wsr974MXcv7jGOn6bmWRdD3Dc1Uy2nmRLncnBLQyL1iQu00wuxWLWUvdr+oHNZO5WT+rvKTtdut4lD9xdvR/CL5iJMvFpJuKf/dDwz95qyRAqqA1mokYwEwA44pSYiZGblntwOXtz9eT35hI0R/TQ2VRbV7rrjmHsLInWSGs6mUiJg+HUxf2YSfy4dvKqZ8hkUI5ZaPJxitbjF7sfFtoSn1U5T1rU6gvrSbT81CzJw4R0C/tJiy5tMOt1J06dOlEnG/L7dFl1rar6zNdnqqtk3d6nyzSTosdB/tV8tmPx8It1Lyefd8k3ywt+Ner08eAWhszfO63xjXa9c+a3/FqThVFRGBoe7rkkR0JGF2Ttfp849iyU964zsWE2F9lH/JhJ83epR//c/X9Moi5aNzdfexveyeJI6JtUMjM1NnCz8dyAtxX2JDfd7y0dCpiJGsFMAADeA8vOUxoDgVcaVr27Br8PvB/CL5iJMvFjJtbAyOI/Vy/80OcUh4Z/tkZRROuvc/906vtkOK5P5LzF98faQMpbCjS5B5HUA2/x/YOZqBHMBACg8mwPag0Jb/EI45WGQ8H7IfyCmSgTn2ZirSpxz90SluLU47o5e/IgCDPJ7nhqWWduaEdYb87I8deOcHJ+xBzAjSR/sUxmujcU7R82R2k7BuacN/eZlaYLI788t0Z4s133jDe/3xLFjXn5p+fzB54PISfiZwpmokAwEwAA8ErDoeD9EH7BTJSJHzPpG5i2PKTUTErr+2Zb7usX1rtG5vOVXc2kIDCN1l3Mmab2Gy4n+8z1YtlLyWHLW3YedJ3V18xaKJzsmLbHZTr8fMIjT+5B17kP9p8LMwluMBMAABBsbm6ura157eE9IO4i7uW9fRlgJsrEj5kIpm7/uquZlNYPwOunv47clHKStfxhdzNxul/5Vt8wLDNJ2qWHAy1DT8VrV7RoX46BZ4a82oUZ5x+BmmZibG+MXR9YPPgin0qAmQQ3mAkAAAQazESZ+DQTwdbWG8/2XNl7chc7/2aSJ2K//R1mMqGbO3VIMzF3pTDkBudWtxb3B5ju7bonXrJWk4WKZrLdeDbdM3uIi3WKwUyCG8wEAAACDWaiTPybydso30zaSsykeTczcY2Z5It7jpmobSYbk70fUEsMzCTIwUwAACDQYCbKpFwzmXsodwr/7n+uOhVx+h9Nna4u+6IjkuwZmRkbn7kS7268MGMVxaXGZh70dXVHIgUzCZ27nr33YDhzPXS2X3aSZnKxSR/J3psqKEouGzqbys7Nx87poYg1olJkJmMX9OTI/MoTZ01LsNmYvP5htcTATIIczAQAAAINZqJMyjUTZ8m7O7d/LuyRVVl2Getwz+aCDwdmEtxgJgAAEGgwE2VSrpkMDf/sdpLw2c6FR4+9nSoHZnJkwUyCG8wEAAACDWaiTMo1k0MGMzmyYCbBDWYCAACBBjNRJgEzEziyYCbBDWYCAACBBjNRJpgJVAbMJLjBTAAAINBgJsoEM4HKgJkEN5gJAAAEGsxEmWAmUBkwk+AGMwEAgECDmSgTzAQqA2YS3GAmAAAQaDATZYKZQGXATIIbzAQAAN7JaqXJ5Sr2kGjMRJlgJlAZMJPgBjMBAIC92dzc9IpFJfDexi+YiTLBTKAyYCbBDWYCAMrQUvrcs/eNfK6a/bzprpF5b+s+0IqoE5V0U4M4qq47GZ9at/qMftdQ+ydN+1Pdi6K3Gsb6aNUxrer4qcTPdkvm6/rqKk2rql7eMs+31ye/PymuVvtF3H7L0On4gn3opk7TTg95iw5ra2teq6gE3tv4BTNRJpgJVAbMJLjBTABAFR41X+5PZre95coxHC8xn+nenqX88epUqGXE3XggWmu16vCkOLCcQmhHokGTajLbevKqLR6a1mA3WqfHTpqvL9JfmD2notGf7aZqrUb8KRTn87+b732SOHnVvLAvM/Eqxepq5q59MDuc7rwQi8X13x4XdVj6uT/hdDJJiW6pUXfFexu/YCbKBDOByoCZBDeYCQAoQrY/Pb8WujBjny6N9DzZbo7qjS39E6vba5P9obCenFyzW1dnGiN66GyqY2DOenNzxjaMxUz3hFlJ3nm9Mi7f1ZwwC89mrLERp6fEbSaG0ZgftHEUpTmsd0ybR+YdG1t6+2Z3X19RrdW2zhZVBr/UhEQs6/WDeds6pWmu9mXty0H78Map7vUi66gze7p8Y7BeX5avZZuJrSKxWOf1n8RpeyyRmVlc+nVC77nj6rXU3t5ZbCa/JxIJzITsHcwEKgNmEtxgJgCgBrGItILChK6lkVB8Sh6s3xLFRbOWjFqtr0LnBqxeucnraTkJaxczCUX7szvuitHTsueYidnBulGJmbzKV9b62vRdfubOtp4ZLyrE/1KtffK5OEh/UbCR7hMuM3mZPnUjf7zebXmFplXVNw1Ofv/56SE5VPJi6HS1ps2ub9Ueq7J7lm0mMVM4HOmIdfbPytfH7ekJVy+J20wS8Ut3M5gJeUcwE6gMmElwg5kAgBI8CrXdEi+bY+krD83C0og9WGFkO/K6YqtFoUmehBLZXc2kMDaS1w//ZiI0Kb8cRcTyHDcN7sGQ7a319eX4v9dVaVInDmImL6qO1TQ0ZU4dr/o8Kcdflq+eqjlWNTieFpdatwZeyjaTx79N9acSsQud9vSthZ/kNK34JXcfC8dMhJMsmn9iJmTvYCZQGTCT4AYzAQAVeDjg/N7feOmBrHwIM+kwx22M3cwkNvJ045mdN4V32GjVZ7wlw1hoq+tet+d0WcSPu2dzDdZ9n29ZiJ8eNl5cPRm3rEzODZM9a7Vqa/Bka7a19jtzrljZZmKR6svELg6Ig8729kuZqdGeS6mx3z19HDNpT2RWMROyj2AmUBkwk+AGMwGAwPNyxprKZdEY1mM/vdrLTNyzucbS5myu+5GUteDEuHLOGtM4sJnkZgdCLXLcRhD61rr+dsiZzXW21+5Xwux3td1PvEXB7H/VytUjcvH6vlbAj35lroM3iX4qzUQIz6S9RuWFdqJbvnrMZGvZGkvxmMny+Oisc61iMxm9M/f70mrP7Tsx6Rt3U2N2PRHrdHeTlbyZzJlMXU/ELg+J9zoUblAemIkywUygMmAmwQ1mAgBBp69NLyx8N4zNn66Hwhf3NBPDeD5XvALemOhKySGX6MXcvf63mYmRmxN9WoZW7LrZZI/VRJI9M4W6teC+6cJIVzS/At66YyQZaU073Sw0rbZw8nKhrqZK07Saz07Fh8w16+KjfH/S3DW41rIITQiHtSjlRVbuGvznwv7Cpz6rERWtqjqzaO7EtTwYPVFnXc3qIMyksEfx8fiCXh81F+PITnkGDaP+mFbTJDcKsyjIRB5nCcnwtU69PRaLt08tiLO5ga7YXL6PZ28uxkzIO4OZQGXATIIbzAQAIFiUbOL13il9nkmxdPjEexu/YCbKBDOByoCZBDeYCQAA7A3PgCeHE8wEKgNmEtxgJgAA8E68VlE2udzuz3XxAWaiTDATqAyYSXCDmQAAQKDBTJQJZgKVATMJbjATAAAINJiJMsFMoDJgJsENZgIAAIEGM1EmmAlUBswkuMFMAAAg0GAmygQzgcqAmQQ3mAkAAAQazESZYCZQGTCT4AYzAQCAQIOZKBPMBCoDZhLcYCYAABBoMBNlgplAZcBMghvMBAAAAg1mokwwE6gMmElwg5kAAECgwUyUCWYClQEzCW4wEwAACDSYiTLBTKAyYCbBDWYCAACBBjNRJpU1k+2miB776ZW3DB8BmElwg5kAAECgwUyUScXM5Pa1dCiSfGNkmzNL3rb9sDQSCustA2vuWlNY75h2F95KKNzrLb2drrP6hrcG5YKZBDeYCQAABBrMRJmUbyavf5251fW3i8Irfnm+bZRhJo1RPdR2y10LRd6LmaTP64r9Fpab7veWDh3MJLjBTAAAINBgJsrEh5k8EBLiSmrluXv6VjaSuPXL6rarsj+WRjrGZmIR3Sls/nS9LztSKTPJXk4uemtK0XWu8F/dBwEzCW4wEwAACDSYiTLxYSbZYjPxKIHZenaguLgPlkwJudefzJpWs36rJawb072WmQhLaWzp/fXJSuwbfeKlrCxmunsSySsDM9ln8tT6GB1n9fnX5tVy2dA36ey9+5GI3pjIGjuvrpzXf3n2dOPZU9HY02L9Er8kDhoj3WPjM8lzenrerO08CLX0i27z472NiSmzFBiEnERSD7zVwwIzCW4wEwAACDSYiTLxYSbvbcxESsijkBAJw1gbSIWi/YoJvs0AAAfUSURBVI6ZFMj2J+/IV2EmoZYRpyzN5PlMqMU2ouzl5EROHsjrhC8apo04YyZuM0kvmh81NxW5KtVkcyxtK4qcS/aOcZgjR+7BBxw5wUyCG8wEAAACDWaiTHyYiUT8Tm+Zycrr17+OjyQrsc7EkhA5VCLXvl+UhuCYyfO5vlS6MSLvaFWEmUwU3izMRH4A57SlyJ1k/W1mkq8tWUa0MZTqyX98qUaBYmOyt/Fs2ls9LDCT4AYzAQCAQIOZKBOfZtKRHzBxKtbeXLmyzaSvTV8ztkPnbsqhi7yZNAknOd+/8uzpxtzNt5iJ/kumu8caADHNZMOcu2XF2LeZGC/vh1oG3uy8Wrs30Nzn6z/IB2NbaEnPrDlU9CHATIIbzAQAAAINZqJMfJpJ+nxhOMJFGc8zyZuJ8XKm6fzFvnXz2DaTldD5EcsrspeTbzETOfMqFtWtX8xFN8dSLIbj+zMT41WjPpMvBgipJd7a4YKZBDfip3nuD8wEAACCivgWw0zUiE8zMe71N5pmMiFncFUCx0wMo9ERnvyYye2rqUhED0WSK6/n9zAT8Qt6KHzxykP5kcZSKfHxGr/pbkmZC9l31qzJYCvvMJNtZw5YY2t/vvXIk3vkrRw6mElwY5rJ1r/+5f07BQAAOPqI7y/xLYaZqBG/ZmLMdZ01f4M/d9PbEmQWh9Idmamx8RmRlm/07I63A7wNzCTIkWayvc3/3AEAIHiI7y/xLSa+y0q+3Ujw4ttM1MTayMtisad72NyhGPYDZhLoWEtN3rxBTgAAIEiIby4WmagUzKSY53ORqDkWFE32/fLc2wpvBzMJdMTP9D9ebuX+2Hq1+ZppXQAAcPQR31biO8ucx8VULnWCmUBlwEyCHlNO5FL4F7nN/3vxihBCCDnKEd9W1sJ3tESlYCZQGTATNWL9iLfGTwghhJCjmfy3FU6iWjATqAyYCSGEEEIIKSeYCVQGzIQQQgghhJQTzAQqA2ZCCCGEEELKCWYClQEzIYQQQggh5QQzgcqAmRBCCCGEkHKCmUBlwEwIIYQQQkg5wUygMmAmhBBCCCGknGAmUBkwE0IIIYQQUk4wE6gMmAkhhBBCCCknmAlUBsyEEEIIIYSUE8wEKgNmQgghhBBCyglmApUBMyGEEEIIIeUEM4HKgJkQQgghhJBygplAZcBMCCGEEEJIOcFMoDJgJoQQQgghpJxgJlAZMBNCCCGEEFJOMBOoDJgJIYQQQggpJ5gJVAbMhBBCCCGElBPMBCoDZkIIIYQQQsoJZgKVATNRI3+8fG1mK/cHIYQQckST/7Z6XfpFRgIdzAQqA2YS9Lid5EVukxBCCDmyyf2xafqJrSilX2okoMFMoDJgJoGO4ySvNl//61/ev1wAAICjhvi2Et9Zjp+UfrWRIAYzgcqAmQQ64mf6i9zmmzc73r9XAACAI4z45hLfX5iJMsFMoDJgJoHOHy/laIn3LxUAAODII76/xLdY6VcbCWIwE6gMmElw88dLORrOJC4AAAgi4vvLWhNf+gVHAhfMBCoDZhLcWGbi/RsFAAAICJiJMsFMoDJgJsGNtcjE+zcKAAAQEFhqokz8mMlipjsU1q30LNrFpohdac4sFfWGjwPMJLjBTAAAINBgJsqkPDOJJJ1ibroXM/mYwUyCG8wEAAACDWaiTMozk3DBTDYmK2Em8zfd14QAgZkEN5gJAAAEGsxEmfgxk5W+7uR0zjC2G2052ba0pGPyeW66t7lvxfuGfbLzIBnVN4ZSYy+9LXD0wUyCG8wEAAACDWaiTPyYibHzynq1hCTWdT2vKJJNv89q2/zpeiicMl7OtAw9tUvTvVnjdVNUtys7a+I4FE2u5J+7MD9ys9Fc39Jy9b5dgg8EZhLcYCYAABBoMBNl4stMXMxfs2d2vfG2HJgWITk/SedpDF+0S9O9obO9TodQuNs6aMz3dOhr0/2O1EBlwEyCG8wEAAACDWaiTHyZyXsZM3mUX7sik7UuMt3bU1i08sDdIZTIitLK+M3IWbuS3yQMPgyYSXCDmQAAQKDBTJSJHzN5L+tMsv0dN2bGxs3cuN4xvS2LHjO5MLXx7Kmd3GvDWAtFktnf5emwjpl8YDCT4AYzAQCAQIOZKBM/ZvI+9uaKRXT3aSic6lv3mInh3bbrTm9s0hQYw2iJYCYfGMwkuMFMAAAg0GAmyqQsMymWkO3divtFrn130RLWWwbWPGbS06o3JUbGxmfaWpPJacN4mQ2dTW88mb890N90LomZfFgwk+AGMwEAgECDmSiTsswkxDPgIQ9mEtxgJgAAEGgwE2Xix0wASsFMghvMBAAAAg1mokwwE6gMmElwg5kAAECgwUyUCWYClQEzCW4wEwAACDSYiTLBTKAyYCbBDWYCAACBBjNRJpgJVAbMJLjBTAAAINBgJsoEM4HKgJkEN5gJAAAEGsxEmWAmUBkwk+AGMwEAgECDmSgTzAQqA2YS3GAmAAAQaDATZYKZQGXATIIbzAQAAAINZqJMMBOoDJhJcIOZAABAoMFMlAlmApUBMwlujoKZDH6paVqdt3pkyPyYtQ7Eh4wvFLcBAMCHBjNRJpgJVAbMJLipqJm8yH5XLySj5tOamk+rNXl0yttlNypoJvHjWv3/O3Pm6zP1n9ZUHdO0YzVb3i4eJk8PeUsexEXsA8wEAODogZkok/8P57kyaYhbnZYAAAAASUVORK5CYII=" alt="Screenshot" width="100%" ></p>
<p><img src="data:image/png;base64,iVBORw0KGgoAAAANSUhEUgAABDMAAAIGCAIAAADGMlPIAACAAElEQVR4Xuy9C3QU14Hnved8uzPfnjln/J1vd2e/PXt2d8ZOMsl4kkl6QoZJJkNcEznKAzmyFBzklxIGOTjCJIZxDJ6YGFDcNhKykEEYIcsgAY0aJGFBC/RED+sFkkDQRiBegkYS0K03oBYt6ru3qrr6drVeXWqhrqv/7/yNqm7drkerLN2f7r3V/0EEIBR0Oe9qiwAAAAAAAJiUe/cfnJUgC/9BuxEAXcBMAAAAAABAsBAnOSVBFmAmIDTATAAAAAAAQLDIWiIDMwGhAWYCAAAAAACCBWYCQg/MBAAAAAAABAvMBIQemAkAAAAAAAgWmAkIPTATAAAAAAAQLDATEHpgJgAAAAAAIFhgJiD0wEwAAAAAAECwwExA6IGZAAAAAACAYIGZgNADMwHzgb6Rh113x24OhyBkV9q9AwAAAPMPmAkIPTATwD2u+w8DBWMmITvUHgMAAACYZ8zUTNwe0THoOe988PkdKU41HhoXk16aC31jQ6P4Bcw5MBPAMaNjYqBXhCpk5wAAAMC8ZUZmMux++Fdbex5Pv/X4h7ce33br8e23H99Bcufxj+48vtP5+C6aL2Z2vVgyFF8y+IVPbj+R0/dETv8Te/vLHA+0+wIcATMBvDLiCXFXybjRHhUAAACYH8zITLY2DE1uJn+d2RV71OUaeXh3dCzy0C3VTJ7YN6DdV4j47Zo3fv78SyTaDSFFPsRsH8W4wEwAl4yOiaGaWDJ50HMCAABgfjIjM/mrD7onMZMvZzoqHKMD7ocU8aFrxPNETq9qJr2zM+PzqYjIv/riV0i0G0KKfIjZPopxmbmZWPNL2VRdk4tvaMr7/V8VDtSnLo9ObdSWBoXnzq+eXx4d8+oLCSnaTVPQtdLapS0DoSNQIWYv2mMDAAAA84BZNJNflvYSLfGMUQMh/w24x57Y4zOTWZptAjMJB2ZuJuYUS+r2Q0q2Wvaflovt5lSrt9yanGpx+L8qkOiY5eNkhuYwKUGZSVvGq9oiUbS9tXxvzfm+7vPNpW3abWT/7786qi1T8ZnJpNUUtsSTd2OrX1Ff2y8kKdpZ0+X38tGuemvGkiXLo3++6vBZvw7P0e5G64cbybu6JH5NWx+7Rey7ULF309v0DX9e+yryuo1vrKI7XPLq3hqNTY2/aWXg9zFm+Q3vVk35lgb1dcT0Bt58bRUtDzh5FlJBW+SP2/NIzYQcDgAAAJhvzJaZLCt1ERWhnSVESx6Ko56HH19ws6O5hmEm/BIKMyn0rZwu9ZlJnt1b2lWSObWZaLnfHL2pYlhbGkqmbyZ9RRujV7y9sUL7XkW/lKkpYZlUOYIwk+GKlOZLBStZMxmueSG1RlnuLHh9ibel7uncwohKT0XKC2ojvrOgutt3nNJ3V5V639z61LV9TNu6r27rxhPqld6NjmeOe6vihZ2qg02ySUt0zEbf8m8LmC0sXdGr89SV4fP73jx6h9kq4bmcvWI5+cZpy/0JlIfZjvYMAAAAAN6ZFTOJsvb03JXGcEl4xh4evuz+IjMDHmbCN2FrJr4m9awxfTN5IWbN3qv0X035xI3sKZn2aC5PJ23xO1gzadv5kv+b42n71d7LfiVe+o5urNeWyQxMcu3kupQuDkeB1f87Fx2zVikZb5PfusrZzJ1nfWsTHrdhq+ZUtd1E5BuxZKPNSb9xmnINgeagO5v29n6j8l5guSbaMwAAAAB4Z1bMJLHqbt+Iz0xGRh8+c/DmE3v6YCbzhDA1E6nDhC2otmbI43x+8YZfa5U2c/va6ICimOXZF2iJ3OLf9gatXD2oVDu8N2WJNEaI7TfQmMnrS159vbBTXWWJXnu0TxT3rmAaxFePygdVxyPJzWVyXOlAdNqJpgHdVpRBN8Usf33TPr8+k0nb2Tesb9/wiOLJDF8zvTNvZYC2Ra+ewJHqtM19lQkNgTWT7gJWKuimmJTS+xNu8lv3Uv3ucmbsWNcv9owvUeQabf5jzKIT9vmtDze+V0dv18OrtZfPMskjufYf7n1sJ83Tx4bODGm3jptpmgk5qPY8AAAAAK6ZHTOpvn918OHYmKImA+6xf9zjgJnMH0JhJocaT7UpOVrkM5PsKm950/7twZnJ5B0m0Ut8LeDo327dUuc3ISF609b34t9mS0TRZyNtO1dFr1Dau6yZbIlfPtHIsb6ijdVyW9x5lBnmRGH7TMjeNMdllYM0puuZA7z+8zXTMhNP2+tWSZYatqpmcsO6NrAzYYL+ijuH106wc+fRbcp3Skt96qpq9lSXLO/xjvVq3rnG7yom3sTiP+atMXBQnMoLMavUfRxev4oqGYM6eMz62wkuSmKSz1UkZiIv1FT0PZY1EFghMNM0E3z2IgAAgOnjKCts1pZNRv+5KnOKxab5y15fq/Wc3EDx0lUvN8OSs5qCanfpI5RmsuCjqz/cffnrOzr/bteNT86PdQ1LciLpieu+Z2HuzcnN5I21b8nN/ZOnmtWmP8l7yVtGR32twKd/+BN2K0l07HPq1kAzefxLfyOXfOvb3712rfOr31ggrz4X9+IXv/JVdSff/8GP1ZeQc/5kT67mKG//wTeoXS2UVz0eD1uTrKo15yczN5OQQ+RBnQIxLmzDNDpwhNWSFEUkxqdxi1d7VDOxrl6uaQSzvBDjm/uuEQCNmWiOyypH9NqjzBY6FGo6ZvLCEu+dzJhJ89blgaPIAntRCNkrlr8wQcfIr2JW+a3T0WJSF9Cyt4cD3oq2nWuk3qFVgfNhJtkkQ7zO77vpubPTWtHXN9DX19lWWkBeq7qNzOENr9IdPq/9tlqZfpLJzWSShwV7zWQ09uPeRTWKb2w6fa+998HW/N4aabXxRN9jmX1nukc+OUsrKGbiHF44qZ+Qg2rPAwAAAJiAYM3EnHJcWzQuXjN5NITMTL784fXd9pGaG+5dp4f+JrPn1RNDDbce3n+g9JyQtn5K89A0zeTJv/t7jRXEPve8XOf95FTNJjkZO3bKFTRmcqigUK1DtISUqGYSeJSPMrPkVxFp0WyS09KqfGfUEnn1l8t/pZbEL5usfTNPCEMzmbzDRNSYyZIMZotUsrqgR1PkR6CZ3J1wKBTlLjumaKM611xCYyaa4zLK0RkwhKl5ajMZrpEHL1E0fSYBZjLe46roDPXx+zGGG7XGcr+zuaamuqbm8N6t0T9fw75o+HzBkhUpexs6rclvkwVmy2SbVPyGwAXQdzLzha2+H849dRlLfpvRc6Fi51tryAJTkbzVvsnxk5tJoDaoUUdzvdEyckWz9ergpht0YUUWkZb7arlsJuTf9oC9aaI9DwAAAGACgjeTUm3RuBjUTD5odd8blT665KHY1OV+ctetFScGG3oe3hx+KHWcPKRPDWY+z2QSMyH5xbKEd9/bzFoBqVBX38CWaHKmjY5PZ81E7S0huXRZacOpZkLyjW8u/MOGTexONKcRmAcP6KfXs6uslsS9GK9eznwm3Mxk/A6TWxXRP1/1+qbdzRe6+voGsl9jzCSwjR7QSzB8fl/082sO19RIf6qv2OhnJjXR8e9OYib0qVz+T7llB3RpzERdDihp9Hs2LmWKeSY3Ct/2e/JV8KO5opdoux0UPJ3Rv57skWKid8Y/5dK+LQ3+A9hi1mRfmnATuypxR9tZFMAWr+wNV6TII9e83FWG7d1v3hLv9xZNbibT6DMZu3l+4ImdfdLy6PP7e5/Iorqy6Rrd9NjOPnlBDnGSJ/b0PrZ3MHBvbNBnAgAA84DR/r5eEufp0pwW2lhx1hxvvNxzqb40/Zg0PbOrPr+sNL+q7ZJLbM6zmC316Xn1jefIr3tnlaXo0u3euvxDNulj3xQzcdSn5quTchnsVRXnb1xrqzXvaxsRRXJEc8px8i/ZQnZbkmmtO0XLVQ/JSLWcud7bf/ta8larXGLOrNeM5kovuuhfMJpxTPkEOt2EzEx22j2u+8rYLfJvU4/7yY+pnHx83nNl4GHfyMODl0en2Weyd/8BuYTsR23033A4WENQX6WWfOHLf0tWhYgfstXkfH6+Xa2vmgnxFrnk4sUOdrfq8pNfM6mv+mnMErmQeAhbh829e5MN95lXzNxMQjjPZGf88ui3SrSl0gAtdjU7IQgzoWOfvBNLKPf9zeS3dNNww1ZNI1uFHcolM9EDcAMFgylpC3gSl68k8IWi1AcybuirugteD+ghiX7N16Ug0mFg/oO1VIiWLNP2MgVCmv7y6QU6gPSm0ased5P6oSUSd+tTX73iVzIOe72eqfZlqciH2BLwJnij1TOZ6cwzuXl24C8kMyHioZbIQjJun0l7a/8v29yBO1SDeSYAADBv8JjTtGOriAnQL131GWXKL3dqJqmBHR1dcgVqJo4mc1aTdrs/5pRSuWtF7TMhu21W/xQmm8lYW3qJt41xpWoiMxFHbyQXqHIyat5RyWzTScjMZM2J++19Dx94J5aMeB6+csz5rdzuZRWDRzvHGnoe/mvZwDTNpLPzulqotvuv37ihLn/3e99XK5i+9W21XGT6TNR8zfQttbLImMmPo6LVQnYP6vIfze+rFdTumm99+7tsHTXsXBcQCjMJ2bO5oqVnwgai0Y83mSbslGZCWrd+Jacz1dFi3tFcFI38eLnrZzUSEx09UDCYkruaR42JfSWTm4kWps9EFC9rh0h5GtnPEumpSBlftDx3St9dNf74Ln/ei1kuz1MfVz9kexx3Ux+77jzKvlcToYriRGYSyETlMoPuyczkTPcIydMf9z6WR7tBjhb3fuJw3+x3P/2J0mfim2fSePembwa8+7GP+wN3qIYcVHseAAAAuOR85f7Tyq/SBz321A+t5hSLaibqYCpqJnIhZbSnrT41zUJqqmaSvNWS3xEws1Nm4Fr6dmm345mJr0ElH44dweVdHsdMRNGWaaGjicTRayWFZwYmOHQwhMxMvpB+/d3G0cv9D4fomC66lchJ3Ke3n8i68+Vd17+ya+pnc/3b79bJrfw7d3wNSbXp33n9urr8s58r004IRDDUcnE8M3ny7/5erUxQp5ewO2H3oC5//MketQKRJblQ7pnRHILkmWd/plYG4WMm2Sv827UM7DChvrqtLzCf5jGlmVzZu4axjtHo+FXjmonoLFGegsVAZ28H9q6dzlSfajVtM6FXx06yn+6zuVT8zIQ+s+uFd72qI33SoqobL8SsGl9LJp52csPpN32972Tmr9RZMVf3vb6fmSHjuePbyXibfKuiuO2l5S9k+HxJpu+q33ybK0Xvqh+nOHoixe8xa8PnJxplN7mZiJNONZmlaM8AAAAAj5zJt5q3KpJQtdtizlY6PSY3k8wUS2aV3GBu9/WZiOKnOyzj/VoWzWmVysJ0zGSsLaPCO9HVMZmZiJKcmHdUhkRLxBCayeMf9iz6xFXX/fCW9zMWyb/Z5+6aPr7+RHbvE5/0htBMvvLVb6gViCqo5SJjJn/79W+q5c3NLWr96ZvJi/HL1Ao7d30sFz79w5+wddgMDQ2p9ec54WMm0TGrqqVJ2P45L0qP3H3PWtPePdBWczT652+XbgrCTORZCjuL2vq6z7/32qult86rg8H8zERu059k3w3aNTHeI6cuR79bI5dP30zoVJllG8kl9PUNHM7aSORhRmZC3Wb53tK2vqttv1iyfMkbymkMN2z91dYS7XvYQo2rPnXVlqPat7e5k17vypjl26wV1ac7yblVF+2LjnmV/UFJRG5vUU3b1YGeC80rn19uY/Rtkk2i5JPKZBUGcrFvfljQ0zdAzry6aHe036izu9Exy62lzeQ0rpyu+dXPl7eN+wMbZgIAAGCOSE6xqh0mpG1jzm2lS2MXJzeTjBRLdqP0l057JWsmRCQya8YZK2LeXiV9dU7LTMRe9UBkt5ObiTh6I1RaIobSTLbd+sK2rpM9nkG3z0xOONw/2Hs1VGby72//QV39xjcXHjte8uTXTGrJB1s/FJl5JmT569/8B3WrKidTmsk/fPuf1dXIHz9z+NOiXyxLUEvOt9MpK2z93Tm+5ws//aPF6j7nM+FjJgCEikmmmsxGMMkEAADmBadLpRFWUkgjZ8zZnF9Elq2neiY3E/FOmzWLjs5q7Bn1MxOpE8MR8NetC2U2Ujmn7HLGtMxEHO6op6eUar0wfG0KMwkpITOTJ9K7SjrdD6RPMBElLRlwP1x65M4Tu26FykxExis0+ft/+I5cX/PU4MtXrqh16hvoX7KnNBN2VZMXXv7luPX3H8hTSyAnYijMxDf9Xcoll1zcqymnD5EA4FER6A+zF+2xAQAAgHlAyMzkqdyeW/fk5wNT5fCMPay5+eCLu3oe/9gVQjO5dq1TYwtyem7dkusHftLign/8J7nkr5/8u5raz6ZjJrbi49/45kLNIb7w5b+VHxkcWF/0f0Jxby99BNt8ZuZmAkAYcvue1h9mKeRA2mMDAAAA08ZRVujripF7YwxCyMxk/8Wx+w/kqe/iA6IlXaNf3NnzeJZr+mYSFPUNjdsyPmo6eUq7IaRUnqjasXNX0VGbdgOYFJgJ4JURz6MY06U9KgAAADA/CJmZmE89uDowNup56H7wsOrG6Bc+uv34LuckZjI4MzMB4QzMBHDM6NgsDusahZUAAACYx8zITP7mwx7VTL6733X8xtiVgYcd/Q+XH3U+vtMJM5m3wEwA3/RP/PEmM0k/PsAEAADA/GZGZjIw8pB9NtdXdt0x7XZ+aeftxz+6M7mZZLe7tfsCHAEzAfOBvpGHXXe1dqEvZFfavQMAAADzjxmZiSgNbGh3Pvj8jjdONR4aF5NeJcMP8DuYc2AmAAAAAAAgWGZqJgAEAjMBAAAAAADBAjMBoQdmAgAAAAAAggVmAkIPzAQAAAAAAAQLzASEHpgJAAAAAAAIFpgJCD0wEwAAAAAAECwwExB6YCYAAAAAACBYYCYg9MBMAAAAAABAsMBMQOiBmQAAAAAAgGCBmYDQAzMBAAAAAADBAjMBoQdmAgAAAAAAggVmAkIPzAQAAAAAAAQLzASEHpgJAAAAAAAIFpgJCD0wEwAAAAAAECx+ZkIalAiCIAiCIAiCII8+fmai1RYAps2dO3fUO4ncWPfuP0AQBEEQBEGQ6YcRE5gJmAHsnQQzQRAEQRAEQYIN256EmQD9sHcSzARBEARBEAQJNmx7EmYC9MPeSTATBEEQBEEQJNiw7UmYCdAPeyfBTBAEQRAEQZBgw7YnYSZAP+ydBDNBEARBkHDLJcfAuSu94RNyPoEnqYmz/37gC8Mt07kQo1xLqDLN9yQwbHsSZgL0w95JMBMEQRAECauQlqL2N3cYMGX7dWDYrX1NWDLlhRjoWkLFdN6TwLDtSZgJ0A97J8FMEARBECSscu5Kr/Y3dxhAzirwVNloXxCuTHkhBrqWUDGd9yQwbHsSZgL0w95JMBMEQRAECavATGaVKS/EQNcSKqbzngSGbU/CTIB+2DsJZoIgCIIgYRWYyawy5YUY6FpCxXTek8Cw7UmYCdAPeyfBTBAEQRAkrAIzmVWmvBADXUuomM57Ehi2PQkzAfph7ySYCYIgCIKEVWAms8qUF2KgawkV03lPAsO2J2EmQD/snQQzQRAEQZCwCsxkVpnyQgx0LaFiOu9JYNj2JMwE6Ie9k2AmCIIgCBJWgZnMKlNeiIGuJVRM5z0JDNuehJkA/bB3EswEQRAEQcIqc2MmNUnV2iI/pmy8al8QItbGRQqC0BC6zxeZ8kJm71rClum8J4Fh25MwE6Af9k6CmSAIgiBIWGVyM2n5IE4Qolo6XN32srIh7Vb9zLKZrI4WhBfXd7tcLdY07bZJ6MzNcyiLeSsi/TbpZcoLmeJaOnMzzrpcru64CCHq3QbtVlGMjFyvLVJpHefa44V4eYcJkYJu/yIHrb6nLVRoTYvaNPn3dlrvSWDY9iTMBOiHvZNgJgiCIAgSVpncTKKEqKSaEBqJl9k1k04hIbfToy2dms7cyc9KB1NeyBTX0pmb20m/Dh1ZLQhrtVsnpSUlSlskmYm8Q3fx2modb9FUkIMKMBMQzrB3EswEQRAEQcIqk5nJPdva4nH+sG6zd7tvtwhvlcmr8UJUxqnuIUdLRoLyZ/hOS0JSeYfL5So7RVvBrvxEUsHtdsdFeNvKs2kmHR/FdmjL6CnJJykk5Ektc7F6kxD3ls19b6jjyNos+QWMmeQuE5SlmqS1K+K6XS55TRCEjv6hwjejhOi1tg5Xd3nS5lPe14zHlBcy+bWoZkJEQohIokve8xmSei0EQSrszFW/C+T7In8XyAUqO2EYz0xcQkKG+163EJ3UIO1T+fY57BN9+8hB5TcqXojMJQftsK2NFmR/JQeFmYCwhr2TYCYIgiAIElaZzEw6c9NatWUqSptYauwqRV7f8JX4r5I2rjIgaTbNhDSOFY1QoQ135RyIcsRn0wY303DvjN8jtdYnMBMbM3JJeEeq4hUGgvLaCZjyQia/FnIgQWK91a50XWnOx2cmygWq2jCBmSgklXfLJZ174uULKHxNEKQBY1N++xgzUWtWJ9VIX2AmIMxh7ySYCYIgCIKEVSYzk3u29Se0ZaLHlRgfKzdu5YJAMxH8m7bexjBFabTOppl0fBSrdYW6JPWU1Kbz9M2EPVWl2f0IzSTjrGuI7bjSnE/QZiLNM7Fnqc7Z8C7z7ZGubspv37hmkmClPggzAeEOeyfBTBAEQRAkrDKZmdA2qGaeSUNShNLencRMNkf5tYnT/Fcps2kmoqclYJ5Ji3oOq4UoefyVUcxEPZDCjM1E3uFa7/dRbE2z+c8kmvLbx5iJd9OpzfJuYSYg3GHvJJgJgiAIgoRVJjcT2+tRQkSs3eFydbRIczFcha8J9iF3R3nSJGbim2dS3EJfk5+YdMTeTfZxKk9TcyKmbLxqX+BPXIQQGb+ZnIC9ziaXDBWvDZxn4q3Op5l07okvu+12+09zV82EbPUKiUt4MclFn2OWVSh9j33zTCb49rFmQt9VZp4J2a0QtV68N9lTE6bzngSGbU/CTIB+2DsJZoIgCIIgYZXJzWSumLLxqn1BuDLlhRjoWgLRzEiZJtN5TwLDtidhJkA/7J0EM0EQBEGQsArMZFaZ8kIMdC2BwEyA8WDvJJgJgiAIgoRVYCazypQXYqBrCQRmAowHeyfBTBAEQRAkrAIzmVWmvBADXUuomM57Ehi2PQkzAfph7ySYCYIgCIKEVWAms8qUF2KgawkV03lPAsO2J2EmQD/snQQzQRAEQZCwCsxkVpnyQgx0LaFiOu9JYNj2JMwE6Ie9k2AmCIIgCBJWgZnMKlNeiIGuJVRM5z0JDNuehJkA/bB3EswEQRAEQcIqMJNZZcoLMdC1hIrpvCeBYduTMBOgH/ZOgpkgCIIgSFjlkmNA+5s7DCBnFXiqbAaG3drXhCVTXoiBriVUTOc9CQzbnoSZAP2wdxLMBEEQBEHCLaSleO5Kb/hkOi1XZ//9wBeGW6ZzIUa5llBlmu9JYNj2JMwE6Ie9k2AmCIIgCIIgSLBh25MwE6Af9k6CmSAIgiAIgiDBhm1PwkyAftg7CWaCIAiCIAiCBBu2PQkzAfph7ySYCYIgCIIgCBJs2PYkzAToh72TYCYIgiAIgiBIsGHbkzAToB/2ToKZIAiCIAiCIMGGbU/CTIB+2DsJZoIgCIIgCIIEG7Y9qcdMFu/qfWwnSZ92w6OlepPQqS0DjxT2TiJmMjh0n2Rg8B6b/oG7CIIgCIIgyDyMplkotxVJhoZH1LDtST1m0tgwkFjc/7WdvYnFA+Okcqj9rvYl08Lj6jiSFhkhCJFRea0u7dYAYCZzDnsnqWYSKCfwEwRBEARBkHmVwNag2lBkzWT4rpttT+oxE5nGErnnZJz8q11beRoMCUJU0glFSDqyEwRB8K+gBWYy57B3EjETcnux99y4ioIgCIIgCILMn2gah2xvCdGSkJmJeGsw0El0m0nHR7G5Gs+oSVp/gn4VXitsSE+IihTSWunq5hVRRFoiX1zLmsl6WhiZ6+1pSRKi3B15pJq07k58MZIsJ7yT1zJ1TwwIAvZOks1EjuYWhK4gCIIgCILwncAmnyaBThJSMxHvBTqJbjMpfE1o0RQ58mI/6iBfhWVpkfFrs6xl1Cs684TY1S2nGsqsm6OiFTMZqkmK/besljqbIETJL00iHhIZaysvI8uu/MTVu2wtdWWJy9JaPOreQQhg7yTWTKaUEwRBEARBEGSehG0izp6ZiIFOIqXvravamlOSuyxwaFa1sKmafBGEOLUoKcI3xCsrXnpJa1qUV0g698TnOaRqguD2VqNmskdrPVzhcQkJGWxBUmzkELs+a7B3EjETcm8F3nnQFQRBEARBkPmTwBagGlZIQm8mi3f2Hr82cn9MW66DcUdzJdXQr4KQpJYlMpNP5NFcRDwEId7lxS31iiRp5qi4XevjI2P/rbCT1z4TRk4emZaI45mJmsB7EUEQBEEQBJmfCRQSkrv3RknY9uSMzCRiZ6+2SDcdWXHS2C0vQ7Y3hbJ7dIk1E7bPROlmoX0m2rnyWjORINUS87mdaFK9KcpOjGSoOu6DR9dBxN5JGjOBoiAIgiAIgszzBLYMNVoSSjNZnKV9cPBMPuQkawWdp557pKzMmkUWYt+lQ7lEfzMRr+R655mksfNMhNjEsvKyrHcS5RLWTBpS4mx1dnudTYhIyAsYMcYTRE7iUh6dlojTMxMEQRAEQRAEkaMKSejN5LGdvRuleR0K94dJyX2mAPANeycRM1HvsMC7EEEQBEEQBJm3CRSS0JvJmTbtjIa8Zn0fsggMCXsnsWYCRUEQBEEQBEECG4eBYduTMzITMM9h76RxzQRBEARBEARBJgnbnoSZAP2wdxLMBEEQBEEQBAk2bHsSZgL0w95JMBMEQRAEQRBkmrl3/4Ectj0JMwH6Ye8kYibk3gq87RAEQRAEQRDkLmMjbNj2JMwE6Ie9k2QzkRN4IyIIgiAIgiDzOYFOAjMBoYS9k1gzmU4C71cEQRAEQRDEcAls5gUVtj0JMwH6Ye+kYM0EQRAEQRAEQdj2JMwE6Ie9k2AmCIIgCIIgSLBh25MwE6Af9k6CmXCTwF5aBEEQBAnDBP4KQ4wYtj0JMwH6Ye8kmInR4/1BTz+xdWh4BEEQBEHCNsN3R6TPF1c+YjzwlxpioLDtSZgJ0A97J8FMjB75hzv5WU9+4g8O3UcQBEGQcI7sJzATDsK2J2EmQD/snQQzMXQkJ6FdJdrvMQAAABDGSH5Ce04Cf7UhRgnbnoSZAP2wdxLMxNAhP9PJD/cHD8a032MAAAAgjCG/ucjvL5iJocO2J2EmQD/snQQzMXJoh4nHAy0BAABgPMjvL/JbjPwuC/jthhgjbHsSZgL0w95JMBPjRh7Kpf3uAgAAAAYBA7oMHbY9CTMB+mHvJJiJcSMP5dJ+dwEAAACDgAFdhg7bnnx0ZnJ++DzCWdg7CWZi3MBMAAAAGBqYiaHDtidhJoj+sHcSzMS4gZkAAAAwNDATQ4dtT8JMEP1h7ySYiXEDMwEAAGBoYCaGDtuehJkg+sPeSTAT4wZmAgAAwNDATAwdtj0JM0H0h72TYCbGDcwEAACAoYGZGDpsexJmgugPeyfBTIwbmAkAAABDAzMxdNj2JMwE0R/2ToKZGDcwEwAAAIYGZmLosO1JmAmiP+ydBDMxbmAmAAAADA3MxNBh25MwE0R/2DsJZmLcwEwAAAAYGpiJocO2J2EmiP6wdxLMxLiBmQAAADA0MBNDh21PwkwQ/WHvJJiJcQMzAQAAYGhgJoYO254MZzOxvby3MqAQCaOwdxLMxLiBmQAAADA0MBNDh21PhpGZpP5CEP6wP7Bck5XC7wILkTkJeyfBTIwbmAkAAABDAzMxdNj2pPHMRICZhE3YOwlmYtzATAAAABgamImhw7Ynw9lM9sdl0dFcQsTPam80Np4tfH1vSVtXoyCsbCSrXW2Be0Aecdg7CWZi3MBMAAAAGBqYiaHDtieNYSZtTDX0mYRP2DsJZmLcwEwAAAAYGpiJocO2Jw1gJge3xAk/ilu5PUsuh5mET9g7CWZi3MBMAAAAGBqYiaHDticNYCZKBhqFiJXnYSbhFPZOgpkYNzATAAAAhgZmYuiw7UnjmAl1kpelf18PfC0yJ2HvJJiJcQMzAQAAYGhgJoYO254MMzPx8rvS86qZvBzzA1r0o5+W9NJqtqyVZO0HiTsC94A84rB3EszEuIGZAADAfOD8tb6H2rI54KF0JtrSmQEzMXTY9mQYmQliuLB3EszEuIGZAADAfCActEQm5GcCMzF02PYkzATRH/ZOgpkYNzATAAAAhgZmYuiw7UmYCaI/7J0EMzFuwtFMOnPjBUFbGDYMdTQMSQvkJIVN1ZqtAAAAHjEwE0OHbU/CTBD9Ye8kmIlxE0IzIQ31qIT1m9/fHBsdSZZd2u3TRpeZCMtyO7VlhGpBiCOntPmdxPjnoshZpdVNcV4T7MdHw7tReVINmAkAAIQDMBNDh21PwkwQ/WHvJJiJcRNaM4nfo7Tq10YLiflTOMCE6DET9wRGQcwkSV1p2bOa2BOzNZCJ9jMOMBMAAAgHYCaGDtuehJkg+sPeSTAT42aWzET0UCWgzfbO3KQasePIevqQvYQ8usndnSB1qkTGJrg8vpd3l2+mvS4r1jNm0qnsRKYmybd/0b1+RSzdZ2SUraMnMoIuyqjVJehpsOstKVFxuzqUFXd3PDmTiMhYclCKS7Mfd2d17vuJZDkyOr7be6rVmwTZXXxm4nElxkdJlxSVdcS7cwAAAI8EmImhw7YnYSaI/rB3EszEuJktM3EVCs9l0EZ6Z25sQkLGWXlqBt3A9FoMqSLhrkkSErLkZTroaiozIRU63Eqx9LV6gr6Oao2ZSCXrq6lmDPnOxFUtRCQqW5n9DDk6XPJRPN2CECsXBppJnCColzc05D0tAAAAjwSYiaHDtidhJoj+sHcSzMS4mSUz6fgoTuma6Mz1G0DVkSX8m01dy4gTCumYL1fha0LaWaWw7K0pzaRDEGSRUJm+mZB9xtOqHVlRKS1qqfeIE+1HrTCOmaibAAAAPHpgJoYO256EmSD6w95JMBPjJrRmohK5LE0pJWbCTMYgzfq0VnVNFE+sp7IhDd/yzUqpS5rCTGqShHcb1GKJiYxiQjMhZ6JBqc/u515n9Z60WGnqvLfCOGbSXUzHqkXGJSodLAAAYHB8PxmX5fpv6VT/ApWYbfffNGfATAwdtj0JM0H0h72TYCbGTWjNRH42V5aV0YYAM/ETCFk2NFPep5xn4jfhRGbaZuKdAEPOJOHtzfSxXd4o9Zn9xNJpJ5Gbd+WVlZdNYiYE2/vxdI5KRKw6HQUAAIyL8JbNJdOv+YuLz0wi31Z+ALZ8MPmTRWYdmImhw7YnYSaI/rB3EszEuAmtmQQIg9ZMui0J7DO7Oj6KXVvsJrawXhB8M8dP0C4IaanTOydEWsmOV/Z/JUt4rdBbW2a6ZmJ7U0i00hPw7c0PZj8n1kd9EDjca3wzUaDTURjFAgAAY6L94UZ+ep+gDynZfKLBN99PqhNPn/5BCfx5+siAmRg6bHvy0ZkJ4A/2ToKZGDeP2EzkWe/eP8ExM+BL1qoz4BOkB2TJy2QhyvvyKGb/AjsDni7QmSd5t5UShmrWTPLejhMiErxr9OhqF4e7W94zs5/WNGFZVqdUoSM7QT2lycyEnVUPAACGRbEN30/dTmVi3u08jZmQH4pJc/0XGZiJocO2J2EmQD/snQQzMW4euZmIaS/SKRnr39+cEB0ZuUJ6jjCFekLiO5vXrohK+Chttff3XFI0/dVIKifGReZaN6v7t70VJURGbX5/fWJ8bFINLaH1IuO9g7JUquVPWly7Ilb+/Mc8VWikM5F2snn9a8Qy4uVCZj+ddDEukRyF+EzsxGYSGRsrjwcjJ6l6FAAAGBd1NNfQPbmgWv5JK4odMBMktGHbkzAToB/2ToKZGDchNBMAAAB8ENAhrJqJb54JzAQJSW7e7JEbk2QBZgL0AzPhIzATAAAAGgJnwAsRcUNDQ7mvxwaYSWfuMmFun0wIM+EmMBOgH5gJH4GZAAAA0CBPMqF4nxrccYQ+myStzhVgJqJ4pZBs6lZW5gCYCTeBmQD9wEz4CMwEAACAoYGZcBOYCdAPzISPwEwAAAAYGpgJN4GZAP3ATPgIzAQAAIChgZlwE5gJ0A/MhI/ATAAAABgamAk3gZkA/cBM+AjMBAAAgKGBmXATmAnQD8yEj8BMAAAAGBqYCTeBmQD9wEz4CMwEAACAoYGZcBOYCdAPzISPwEwAAGA+8FBbMGeE/ExgJtwkjMykJNOSvuOQnSmxplnMmfVMAQgvYCZ8BGYCAADzgfPX+kKuBDp4KJ2JtnRmwEy4SXiZSUbZRfO+Nm/B/eSCi7KZDF9vzd9daE6xZORLW7vqM1IKzxQXkZL99TceqLsAjxaYCR+BmQAAADA0MBNuEm5m0mVOPa6su5ps10TZTJw1xzPz6/v7etJTLXQTNRNren5T/+1rVFcqunx7AY8QmAkfgZkAAAAwNDATbhJ2ZtKcZ3HStRu2HVRCNKO5HGWFDlE2E0lRCOcrk1OsbB3wyICZ8BGYCQAAAEMDM+EmYWcmor3Sdk0k/yanFIleM3nQYy/Jo2O3SLRmwi6DRwvMhI/ATAAAABgamAk3CT8zITaSVpmTarXaPXSZmkmvObtJ6kgRz+QHmAn6TOYOmAkfgZkAAAAwNDATbhKOZlKRbUk/dkMulPtMzCnWnKpr1843JW+1qmaSmluLeSZzC8yEj8BMAAAAGBqYCTcJRzMZabTRAV0Sspk05xclp1rMW4senCtVzaS5iI7vsp7qwbO55gqYCR+BmQAAADA0MBNuEkZmEgSYWxIewEz4CMwEAACAoYGZcBOYCdAPzISPwEwAAAAYGpgJNzGmmYDwAGbCR2AmAAAADA3MhJvATIB+YCZ8BGYCAADA0MBMuAnMBOgHZsJHYCYAAAAMDcyEm8BMgH5gJnwEZgIAAMDQwEy4CcwE6AdmwkdgJgAAAAwNzISbwEyAfmAmfCRUZhK4ZwRBEASZMtpfJ8EDM+EmMBOgH5gJH4GZIAiCIHMY7a+T4IGZcBOYCdAPzISPwEwQBEGQOYz210nwwEy4CcwE6AdmwkdCZSYAAADAnAAz4SYwE6AfmAkfgZkAAAAwNDATbgIzAfqBmfARmAkAAABDAzPhJjAToB+YCR+BmQAAADA0MBNuAjMB+oGZ8BGYCQAAAEMDM+EmMBOgH5gJH4GZAAAAMDQwE24CMwH6gZnwEZgJAAAAQwMz4SYwE6AfmAkfgZkAAAAwNDATbgIzAfqBmfARmAkAAABDAzPhJjAToB+YCR+BmQAAADA0MBNuAjMB+oGZ8BGYCQAAAEMDM+EmMBOgH5gJH4GZAAAAMDQwE24CMwH6gZnwEZgJAAAAQwMz4SYwE6AfmAkfgZkAAAAwNDATbgIzAfqBmfARmAkAAABDAzPhJjAToB+YCR+ZAzPpqm8m/44O9/f15qRYyL/9w6OkIL34Ml3u6yXLjrJC8/Yq9RXmrMKSLnUNgLlm7L58r2anWeSC5BTrNVJy3W7bY20epiUZqZYSh0feuj+lUP730wv0Vf19Uo3QEXh0c0qputWcWS8vjJw8nrqj1ltsN6da5aWSTMv+0+KwdEXmfa3KGUr/n8qXmZ5SSBdGPOa00uZ79CW2HcqFzw528v/7yEAPuS7rufve1V7ylmbWOMnmjDL646A5z2pOLezp6+253Cq/apbe3jnA++Mxp175kbh/qyV5Ty1ZPnPMtv/0sFyhv69VrUC4duyQeV+bsgf5x+y8AWbCTWAmQD8wEz4yZ2YisT/F176RWxsyxEwuFR9SVvqaG6/Uw0xA2HGlyia7x+nS5jFfcXIqtYKMlFLSmpRb0qqZzMptPN7RxzETV1NmaqmzqshbbC9xdCUfvih6zUSpnGdXlpj/TzOk8yeMnC5NTisVx65lN85q65+qiCj/hYKevLJqP2yVT0/6WdGVWnzN70XeatxAfjwq35cx+/7TiuUSrF4fJpesfuMIyZn19gLFNmEmiEEDMwH6gZnwkbA1E/FabaP011naluqCmYCw41NvvwG5XR1MeabUjidmMtxyPDnVJs6ymYx79EAzIdWSCy4SP5H/t5Lb8Rkp1P+nbybkf8eKbIuzpkjjBKFGcYzmPIs5v927OpqRKnehyD8r/BrlEvyaif8PwKrd45qJJ7PKKdorlW8NzAQxZmAmQD8wEz4SvmZCGknZTcRP0rdXwUxA2OGozz+v/Bl7XDfIkN3A1ZzTMhwOZpKcYjHLIf9bUaR2/NjFjJKuYMyEMOzdw+xhl0+1okPumZFGc50urfP208BMvIu+N8FZVSS/adQ/RZgJYtTATIB+YCZ8JJzNJDOlyF5gTT92A2YCwg3Smvf9bzPeeCrFTEhbf2vprJrJuEcPMBNPZsUNedJITqo8oEtpxyenFgZpJkyd2ULjGPKqM907fAujubyLqpk4K7Kt8vc3I63SPgYzQYwamAnQD8yEj4SPmWhmwNOi06Xm7CY6Th9mAsIKV3N2TZd8uz6QCqQ56AN0Dnqudwa86gaOenOqYiazNEU78Oj2w9aS8z39I/ftZbYSh6e/pqhfrW2vlMTC244fbjOnGsJMaF9Bsm+eCZVD81YbfT9vy4rC0Qx4CZ+ZiN4Z8CP3lRnwCoqZkG+3PGVIlDtPdjeTb1+ddH/2D9Dxb9wDM+EmITCTM23X+pm/1oD5A8yEj8yBmQAAZgH6rKodldpSAOYBMBNuMlMz6W8ppeMa8aNwXgIz4SMwEwA4YWyAyEmV91HFAMwfYCbcZEZmYj98SJlOR5JaRJ/ul2JhR4oDvoGZ8BGYCQAAAEMDM+Emes1k+LIty+sk/tFpJl315LX0gXcM6cwIy6Aw+4+IBbMEzISPwEwAAAAYGpgJN9FpJtYPtUIyczNJTlMfZajAzskLCpjJowFmwkdgJgAAAAwNzISb6DGT9FSfh6QfbqdFA20+OcmsuqDjqRhd9fsb23JSfU/pGTl5vMJe/4jNhHlGOJgamAkfgZkAAAAwNDATbhK0mWh6SNTyHP/yZuUjZqdNlyQh5yutdmnqnqspk+z8dKlsJvIMlsbzF607LSXy3L7TpbayQmtZa7P0qMD9Wy37y1obq2ovSDszp1hTc2svXW6nHyy1r00qu5FZ1NR4/kZdUZHvaYMfWumrTjWZpQ/BFUeHyVXQR+yNkEM4zVttZ85fLMmXn/sOxgFmwkdgJgAAAAwNzISbBG0mGakWM9NncsH7vGDfh8tKW/3mi0wH2UzEG/JT0unTuNMqVTPJTLVkyA8zH7uomMbpUvNW9WOkPPKj4lXICcjdNheKDplTbOwmqhyZdMwYNRNv10q2V7GYj1aw6xyWNp+AmfARmAkAAABDAzPhJkGbiai06SeMzga9YiYi7Sqhc98P2a5R/ZAL/Q8hCcnpUt/HMPU1aw7qG81FBEZZHt2/uzB1q7QH+mm40lV4PyuKLMsL7Ie+leRazWmFDtp/AsYHZsJHYCYAAAAMDcyEm8zUTErq2xpP0WR658TP0Ewqsi1O0WPeUUtHafnM5LjyUabqZ7sGaSaN+6zZx1rt18nLB6ZpJoTGslJzqpUtASwwEz4CMwEAAGBoYCbcZEZmoin/dEcIzES815a+81CFS1pmRnMley1CgTUT8b451W82SKCZ+M7W1TyJmXy6XXtRYstx5kDAD5gJH4GZAAAAMDQwE24yEzPRzN8QHSUz+KRF1UykKSvKktdMRNHTf6EpmU5xsZbYe+VNfsIwcFneapdm3geayYPrzUonz4XJ+kzE4cukTnJRuyj2pktDvzLyW5VNIACYCR+BmQAAADA0MBNuMhMzGT86zQQYEJgJH4GZAAAAMDQwE26ix0weXG+25pdOFKf3aV2Ae2AmfARmAgAAwNDATLiJHjMBQAZmwkdCZSaBe0YQBEGQKaP9dRI8MBNuAjMB+oGZ8BGYCYIgCDKH0f46CR6YCTeBmQD9wEz4CMwEQRAEmcNof50ED8yEm8BMgH5gJnwkVGYCAAAAzAkwE24CMwH6gZnwEZgJAAAAQwMz4SYwE6AfmAkfgZkAAAAwNDATbgIzAfqBmfARmAkAAABDAzPhJjAToB+YCR+BmQAAADA0MBNuAjMB+oGZ8BGYCQAAAEMDM+EmMBOgH5gJH4GZAAAAMDQwE24CMwH6gZnwEZgJAAAAQwMz4SYwE6AfmAkfgZkAAAAwNDATbgIzAfqBmfARmAkAAABDAzPhJjAToB+YCR/h20wELwnv5FY73NrNAVRvInXjcztFsSaJLEllnWShWlPPH1pVJjIq7UiHdvO4ePcfL72OLOQuI1+TtNUmx90dHx1JXrZ2l81+e+qrCwnrowRhWa68XPZ+Ajl6Ynp1t0dad3dHkdP5cRwpYV4BAACzC8yEm8BMgH5gJnxknpgJJSJBuzmQ7uo0q31I1GsmEvTlU+Lp3pyeJzJmMnQ2L+tEt7baJHg6c6kXKKwteTRmMkQPJpuJh74zMpGv20gBez4uzesAAGDWgJlwE5gJ0A/MhI/MuZmMjY11dvVevHb73MWbdpKOm+cvdV282t11q9fj8Tz0on3Z9CBNZNoBwgiAq90WK/UzRMYmyG15shz7UUfem3FCQt5kfSbu7sT42MgI2jHS4t/uplU3KfKiHNHdXb1ns6ZyYnwU2ZrwZpatY2jyPpMW63r5DNfuoruVV6Pi12Y1+tSlcw99qXx1XtybX6OFpGZuKz0q3ae3f8NX2eNKiJV7WqRzJqvkDYmIzDs7tVIlRgjxz8n7dNveJLJHT3itcglu8m+1RxTv2WiJ9IaslS5ZJqlGuzcAAAgJMBNuAjMB+oGZ8JE5N5M17xU99eLOf4nfFfHih3+56K3/60vL/uwLP3/ynxO/99M3krbk3L9/f2RkZHR0VLYU7YunQm0Wk5Z33Cb6d33xXou9mypJUjRpwqepdSKXrd18uGMyMxHFvFMdQ26xI5t2DXiPQGH7TCKjV8uFnSW5bGVpz2vJgm1Xod0z2Wgudwlt2Lc4XC3WrEK7strhcqVJPRI+FbnXQC9BFQyJXGsL+Tchgpa7xjMTeW9Rr+e6XB3qzhOyO0R3Bz2KuqPx6NyTILxp8+6zWvWx6nfo4arFasH7tkglSYWvCUJcFlnt+ChWvnYAAJgNYCbcBGYC9AMz4SNzbib7Dla+9P1f/Ppnq5Y/+6uIx7/51P/62lP//Us//NLfx3x7cfZu6+Dg4NDQEPGTBw8ezMhMhMi4N5U2uoykCtQE5M1M4YRmotCZq9aX8RvN9eN4dpNaueUD2ntQ3ekdczWxmUjN+kR1B9Kq1Kw/tZnsIsHCjPjqrpaPmVbn14kj7UroHM9MZIvIu63UVKRCmiVCFgonGYN1JZcIT/WQuk/GTOib5m8m0ntLa8pdSfRi/d8WAAAIHTATbgIzAfqBmfCROTeTkcGBpo2vV238Xdn7m9K+t2DN//mL3331L9d/5x+2/uipC59/7nA4uru7+/v7iZx4PPI86yCQm+OELMkAGkSR+kFkVMKbm1fH0dazXEdtN09iJnlSl0Xki4mb3x6vz4QZzUXkYdzK1bvkcU9RSXXuic2kky7E064GGd9qZy6t7D2QSvcRabfvNnRapPno72xOkIZQjWsmqrTIyKuxz8XKKXR4N0hCRWGuiyWpppO+pQl0qox3n/SNkrTJewmtaaRk85vxkeSa323w7hoAAEIMzISbwEyAfmAmfGRuzWTM4+m25Z3b98nZPEvjru1Fr8ZlPvXN1G//9YdR3zu6Ku7oay+fO3v20qVLt27dGhoaevDggfb1U0FaxhlnXa6OFrk97ZJK8qTmszTkKQgziZea125RLNtEG/7eI1Bo1bdsLpfLXp5FFtNaFd9gK9utaUNk3d1AN5Dm/oRmIrqsiYI0mst+JC1xe4NbqqmO5sryjrgipxoZl9hg7y77gG6I29VB9xBF9uCW53Z0Kl0iUeTEOsrpTsh1yTuXRnN1053Lg7veouPcuu1l3gsaB5eXDHLG8RnkWuTXdrvoMDBBugTyb8JHLba36PHXlrhphRW58qu0uwMAgNABM+EmMBOgH5gJH5lbM/G43Y5PttysPHatouTMxzuPvPAve7/7lxlf/y+7f/L3Jb/8/sGXok41NZ0/f/7mzZuDg4Ojo6Pa10+F3GhWkJ7Npa4lrEgIykzSpEkdlOjx+kwYhsarLA95kpi8z4S8KYpHUWiXhfQ4LC/qQZkdkqMkVQ8pA8YEemm0P4jOw6/znVqU3H3kaUmL9RZJO6+W3ElG3fkkMP0wvmdzCQm0RO4pkun0iHKfiYJmkBsAAIQOmAk3gZkA/cBM+MjcmsnDsbHLH7935fCezsO7P0sx5/zLk9lf//N00//I/v7XKp//bupPflBXV9fS0nL16tW+vj63+9E8GBeEBuIjZcqnrNBuHP/HiAEAQMiAmXATmAnQD8yEj8ytmYyNPdywqzz7UNOeglObd5W+t3nv9thV637w0qtLXvuu8NIPfrr8xIkTjY2NHR0dLpcLZmIsaF/Mj+n0Ffrxi0KUdjMAk9BXHJGw4YrTeeXkAdOCpXJZxAJTRMIWJynsoatLyerKbQ57uSliHfvSpabF5aXlcuh665aI32yrveTc9puInKu+ald2LzWZlBeSJd8Glap1Ode1ZY+SsvIyNULEaptL3BwrpFlbOk7lCRGJhfJzLIbsQmTkONrv6Sblvkd1d+bFvp3ncnVIT9GgtRMiBLuDjvSMkjtLO3PHf653TdI4Ow8/YCbcBGYC9AMz4SNzbiZrPrB9fPDkJ/mnunpcvb9+6+r//k7rLxObfr3mu//y0tM/XV5ZeaK+vv7ixYswE8Phas2jn+hCn6QcW+3A9w7oxLxI0oaegqUfX2FuI7fpmW3t0kMxtj3j5xUxJsVkZAoSTIPK4qApoUAtX2oKdzNh6IhKoQ8EH3IolrBaEOL30OX1sUJL8TjykLUisrDGJxstH0TRh5WThZQo4bkMsiA8R5+ZLpfQyWswEyQ8AjMB+oGZ8JE5N5N3dlUePXH207IzZZ+d73rl95e+9oPqJ79nffrn/yS8/Ozzv6msrJTNxOl0wkwAmIesWUC1IWepvzxcz1lX5V0mCnHTt8W0YINvRRTXMdahGkh7+uIrHtEoZlL4Gn16B8t69gHiE8kDIxuuI6vlJ39kLROEt+izLoQI5dHkpIT+YIWZIOERmAnQD8yEj8y5mbz+wTHL0ZaDxa3vbDv+lR//+3eeWvH43yw2fffF7wgvPRe/hphJXV0dMZM7d+6MjMzZeQIA5gL34KVy07NbREkwzuxeE7PIZFoUM+gRRfu2XVe9tVrNrEKYFpBKlC2l9DHY237isw6TbCD2bYulfhWjmElcwGBI32gucWJ5YGXD0ylEJrhdLUIsfVoGITdBSKvplku0lVkm2nmYATPhJjAToB+YCR+ZezNJO5adf+qTQ6fyj7WsXJ+9/PUPYuPXvrDiD99+6sXoF34rm8mFCxdgJgDML9yDTueVptIDpgURoiQP3kFZxChemcRMVNrTFxc4yVd3vLCQOEn8H8sXmxaTddPSXVekoU3GMJPbeYn5fl0ma6PpAwB9TCQPrGwM2YXYxOo964XY1XkdtI8ka0VkWnmLXKKtzDLRzsMMmAk3gZkA/cBM+Mjcm8kW266Dp7IPnsy0VD/76gc/jf/Dj5/77fJVm372/Oolv/i3iooKmAkA8xnH7qW1/l0fMVQwzizdrXwyKDGQM+o2llazz14oblNCQe3v5Q4VlXW14W0mayP8HuedFC24NB85O5E8MLKRpD4T/J5tLV2uXlvsHRx7z0arwUyQ8AjMBOgHZsJH5txMkj6u+ORQ08Ejn/0h7cj/jPjd//fNl//iyWf+9p9e+t4PlsW+9Hp5eflnn30GMwFg3lK82kTEo337Ynm+u0jHa9G+jolmwKuUr1vUxDTiB6vWbah1O+3KY7tITKb48tJ2Z4CZNNW20y8aM+lrrz2puNCjRJ0QQnFVx75b7VuVmUgeWDNR9eZsWiwdG9aQaPX2w5xNS2sNMBN3t+I/mp27pA6X8ANmwk1gJkA/MBM+Mudm8uYHRwcPHhz+tNDdfia/bPF7u7/yJ//n+09887mE196JffH1srKy2tra9vb24M2kdp3mb6O/r9VWmQUGa7eZpHEjTs3fNckJqX+sXRRRcEkdmTIhzsMrTQtpC4ydwgvAuOS+I33O5Y/jugNuPEPS07RYGoJlWriooF35nyVndcyiBaaFQrzSOO4pN7+8iNQovy4X1C76YxMdu/UTaZ7JwkVK+c0DdHXBogOt2v/p2NFcXmgXijx+jJiJr3hpTu3GCNPClezLHwGu/MQs+uQsBd9Hl1K8n17KyIPPQESNbAwlxNKndyeml3VL74rdul7eCymRKzN7Tuq0JFBdEZXPnFVYltvwbpRNnd8STsBMuEmIzOROmznFQrP9UfziB2ECzISPzLGZPHyYfupa4yf7Tn+yr3NLyltpC2J//cU//d+LvrTw2aglcT+KTSgtLa2pqdFlJgoha9bbt01naIfc1ilfR5symk3ETNS/uK6TH4Q6PUJ2CYBbfPMOfA3WeYYz/xWtecw/hDdt2qL5AcyEm4TCTIbt+7dKWpJi6RnVbgQcAzPhI3NuJrtLW/J35ZR/nLsn2bzr0D+tePt/ffVfFn75H3/6xobnfhTzCjGT6urqEJrJK8/SP7Iueln5W6nphZzi3y9dtMC09I/losdJFha9bC6XPsdt8FLBIumPtvF/pJ/XRjbJSH+AGaRzahcsillBnxrEYjKtEaXxJ+wnJ8iwZpKzVF4efOVn9CALva3JLSvoX4XJCRZfp8PrZc+BmYDpE6/OKABg3gAz4SYhMJP9qYqWaDcERVd9RlmXuuYoKzSnFDKbQ0JXSaal4lRb46mm5FRL87B2sw7IVe8/rS2cP8BM+Mgcm8nY2JaPij7KLNrxUeFv3/gg+l9Nf/L/fOlP/t8n/+orT33r2z+N+NELJ07QT1qcyWfAs816+YMRJAZNz2wT1aeIiqLTGq9MqD1pXmSK8VajKEbBDDpfrO7Tc8X0hvQ5014cuUvjV8TE72Y/Ek7BZyZ3naaF/n/Y9tTSo1/PYbtlYCYgeFzCayH/7QlAuAMz4SYhMJMMeRxXiuUBXRtNT7VYz2nrTM2jMhPvHyyvmTObpL+KzgjVTKp2z0zMjAnMhI/MrZk8HPNc3PCbG4fzrx+xNWV8vOObT771P/7bq//tv7658Nu/f/rpDT9++uSpU2fOnLl+/frAwMDoqJ5uWbZZrw4rF71zXn0lqnhcz5E3ua/XLv6h8sEIGjNhR2qZ2A+cJqKyIKb2/ZiV+Vek1dpX8ulTS2WImZxxEhzttcUL5YHsonvdy4sjpIPIXrTmGdqDklNLl2EmICi6i9dGBXzwBQDzAZgJNwmBmdh2KGZi/tBm3Wkxpx5vvKetMzUTm0lzURHdeaq10TtWjErFmDM51ZKcVUV+8ztbKkmFjPw276s9mTusbH0vrJl0KWYyNpCdZSUvzyxu7x+Ttoz2JHt7gZSOoDGnfA7MIRQUM7nWJFf2XoL2BMyppRfKbKRC8g46ADRH2pq+r17eWpGnXGD+yZm70iMFZsJH5t5M1ic6LDnXLZYzKVssX/qL9P/+5//+53+20fSNjU/988YfRpw7d669vb2rq2twcPDBA+kPIEGi20wiTKamS05nn5sYwjTNxHl4pfSU0kFqGh9fcZeuOcD8b82O5mr646Lyu6QkYoO16YqT2IvD+whUt9NeQOykaRBmAoKDaEnSCc1nhQMwL4CZcJOZmsn+rZbs+q4zhw+pTXmn3L4Plq56dQ/eUDNxVhV9Kn8ektQvYZd2TrZmVkl/huyoMu+suiQV1u2xXCJfXM2ZqUr3hTXN4t/a8prJ6HD2h5Yq/5/eFdkW4ipkIdU7LG2k0VYiPYCCnInNIZ2DvTLn5H31JdImpc9kPzOYjT0B8z4qM2Z163ArMTdpyXOh6FDdPXrhxh0PBjPhI3NsJg/Hzm/5d/tbv7b/YU3B976267/8yebH/uSN//QfV/3nP/3dV7+Y8ery7u7unp6evr6+e/fujY3p+fnCNuuZeefqaK6JzMRhWl0sbzEvUvpM1M9G8D1j1NPOjuY68/6i2rvKsvPIGtM/bVA3iQFmUnyX2c9Js/rhDBIO08ZamAmYPlERsdoigzMyMuJ0Ou/MGLITfVPUwgG8CdMEZsJNZmYmA/IjuazZVdf2Sz0P+af0/tW/qz41r6mRTgKhqcg7JJsJsRHf7+rTpfnn6VeySXYGcawttfiavPFS8aFmUeyvKTKnFMklzXkW/49eomYia09yZqXfFqmyOZN2YvhGkZ0ulYal9Zp3N/crRXZzvvSMcy/jmgl7AubUUrmad2OXOVd+Dp9kPl3kEi6ad9A6RgRmwkfm1kwIt+2t9b9eUhX73cNPfXXn//zTdx/7T7/9v//jqv/6Z7//jqmtrra3t7e/v394eFjfJBPRv1k/WLUu5o8FzktNBzbGrKsaFCczE7IpwuF0Xjl5ICJiEf1B5CyIeKPgipN2cFzZvXTl9lqHvXzbyoicq8oOKFdzTM+uKy8t37aazqqPWWDy/mmF4h3NdaWptFie37LtGdMBOz1IzMIIaZ7JgQO17WS9fPvKDbW0rwZmAqbDUE1S3LuFZeVlcnT+rxJmaBvXM4P8DNEeIOwh56y9jJmhPQBHwEy4yQzMRNESqaGfR3sGZsQEo7ny05j5G131mTW9Im3olzYrRXb1VeQlpNB+mAjS8f6+Xjn+Iz/Y0VwKjfus2cdaSc06i2ImpE7d9YGRsdGcrXKXy0XzPlpBybDfCLEJzMR3Av199EchM2emy5xnVxZPl1IzoXgqiopSUy35doP93ISZ8JE5NxPCqNt9d3Dg0rkznx0vrik+euFM6y3H9fv37rolRkdH9fWWAAAMSn9/v7ZZPWO0xwh7tBcwY8i7qj0GL8BMuIlOM1EfE0yiTM+YIROYibOmKP984GiuCc1EHs01QQN/HDNRezPIq2QzcVQUXvOfn2JOse4/Pf4uVTP5dLvfaC5N7anMRIFcl9962AMz4SPhYCYAAMCibVN/Xua/fisnJ49dby0rsOTm7LXapI1XD+7LIRwsaWbraI8R9rAnT2HehIIDe8kF5hVVMZvpm0AK6y7eUks+L8sr+5ypYcA3YZrATLiJLjOhvSWHMvOPh6a3RGYCMxHHusyph85cvmY/1UQMQd46mZmIHkdFkXlnaeOptvxcZVSVl3HMZH+axdZ240xVZfoOq9pnonGtkiwqYHWn2urKqqz+c0JUM2ncZ7HWXztzmXbpsCeQnE89ZDIz6Wr6tKqt//rFxqrKZP+hYuEPzISPwEwAAOGGX2u6s5U2w3P21pxTCm7Zy/Jy/cwkZ9/hms8dbRUHm2/daT9xsOHc9a47tw7vy2HraI8R9rAnT8zL9yZ0VBV9drnrzp2qgr0Opg55E27dcuzdZ2v2ukneAZgJYrDoMRPfbI19ypQJnkhPsyrTXerrzakatwF+wEz4CMwEABBusI3psrwc/z4Th+V4WxHbZ3K5qvKCsphz5KRa/HlZ3mV1xYCNcubcPz9cd8v3JjQr7nG9psB3gd43oe24RX4TTh7Ze+tOA8wEMVb0mAkhf3dRZlGIekvCittN2Y2+p28lpxxitgEtMBM+AjMBAIQbfq3pO10HLTmWQ8fklcP7qJP4mcnZkgbvYk6e6jC3cqx+Y8C0xwh72JNv/+wY+yZUHqIdKMdamC4T75tAfIy+CZ11ldRJYCaIwaLTTPily7zV1iNNXq87ZktWR16B8YCZ8BGYCQAg3PBrTd+hze2aYwelnoKOw3XX72jM5PMyn5lYK6WvtzpqDzd0qjUo2mOEPX5nf4d5Ezob8o7WtXdezsvNYeeU+MzEWll1aK+0BjNBDBaYCdAPzISPwEwAAOEG25huqGm79XlZx5nKokbHnVuOyxKHc/IuX3V42+XnDn8m9x58frCKjm/au6+gyu5rtMtojxH2MOd+rp1crPdNaChS58802HyT/JU3gYgJeROuym/T5ZpjLZfJG6VW0h6DF2Am3ARmAvQDM+EjMBMAQLihtqQVtM/mUvtMLufk0+dTeZ/NVXRHapqrFDX6XqI9RtjjO3UZ35twXX74mDy4qyo/R55tIj+bq8ZPydBnghgsMBOgH5gJH4GZAADCDb/W9J1xzEQH2mOEPdoLmJdvwjSBmXATmAnQD8yEj/BtJhGmhVeczoKNMRtqpc/Fvp4TsXKb/NnttYOi2NNeXlouh9QpcEovWWCKSNhCP6q9h666azfEf1DrvNluMkXI+1y6wFRudyh7EEXn4ZUxfyy4cvKA+WcL5RKTKd672yb5Jdt+udC0cKHyGfN9xSsXmHKONJGXmBYspSXMaZgWrCSnoVYg+5RfRV7ffpN+IL0pwvuh9QDwCz5pUQw0kxmDT1pEwj8wE6AfmAkf4dpMnKaVBcrC6mKiJuVvmNrlz271tC/6o6INMtueMdEvPQVLP74iSYyMsyDBJOmGeOCXJqncbXpmG/3q3YN5kfRCqSTi/TMiNRN/eegpNj1rbireoJgJ2cVd5Qi+1yoo+1QriJ6mRXSfZxanK593pJwnAFwzMjKibVbPGO0xwh7tBcwY8q5qj8ELMBNuAjMB+oGZ8BGuzUQ0RZjpl8Hyxdtpy36pydesN5mk/goFpymBOkzOUm27/0xKRJOkCetki7ies65K2UT2kHOT7DNGrSzv0/RCjlrio2qdaiYqaxb4HY5YkNRtwzBYvHS3gxx011VvCdnPTaYCAJxCmtFOp1PbuA4eshPjtsjxJkwTmAk3gZkA/cBM+AjfZiL2NZlMpoW/kXtO/GyEsRQ37UvxFsZsLKDjpko3RGyslTdveJbsw+SUO1sYwSCViaXUbozYcLjdeanpwMYYef+1peVOp6O99oA6AEzzQpGeCSHCcddX4uuNkZArLE2Rz9xtWhDjII2LS00RERGBhgMAAPMZmAk3gZkA/cBM+AjfZrLuh6YDtU2LF5pq++jqYqZ/Y5FqKT0H4r2WQmRDHrslUjd4RdpavPBn6wpSXln4sy101b5N7b4ge6CS4BmMWWQyLYpZs/uMybTG+2pK8WoTHd0l428mxDKaSg+YFjDq0nPglXxfl4lcYUtCxIYqeka121+hqrIoxlm8ptjPZwAAYL4DM+EmMBOgH5gJH+HZTK7nbPN+XOpiySLYeR2mRdJAL2lIlTzWi7DtJ74KMabFZA9Lyb8y9m2SWpyhw6skyB584kFpl+aE+HDmv1Iu97SIWjORcexeqvTLBIzsUtHMWsE8EwAA0AAz4SYwE6AfmAkf4dlMRKdpIR0E1WTdEPF76blZPQXqs7kKpEdv0Snm7FT4wVrTsxsK7I7y7SuX5jrkGfDmw+1O55WYBUp3yiveZ3Mpe+i54nQ6t/0mwjt2q3bD7mJlNJf86C0Z1UyqzItXbGi65Lxystg33Mv/NNQKZLdrimlHivRgLt8qAAAAFZgJN4GZAP3ATPgI12YilqfQQVCLfhg/6O27ML+8yGRauOhlpcPEmf/KNqW/RCFndcyiBaaFQrzyeCyPM0ZYSHayzurtD+kpJ+vqHsQGM9kas2JL+XX5Fc6YHy6SRl5FnJGGkCmoZtLTlPP7eFph4aKCdmXsmOY01Apkt3IJPQNmFQAAgArMhJvATIB+YCZ8hG8zAQAAwD0wE24CMwH6gZnwEZgJAAAAQwMz4SYwE6AfmAkfgZkAAAAwNDATbgIzAfqBmfARmAkAAABDAzPhJjAToB+YCR+BmQAAADA0MBNuAjMB+oGZ8BGYCQAAAEMDM+EmMBOgH5gJH4GZAAAAMDQwE24CMwH6gZnwEZgJAAAAQwMz4SYwE6AfmAkfgZkAAAAwNDATbgIzAfqBmfCRUJnJPQAAACB4tL9Oggdmwk1gJkA/MBM+EiozAQAAAOYEmAk3gZkA/cBM+AjMBAAAgKGBmXATmAnQD8yEj8BMAAAAGBqYCTeBmQD9wEz4CMwEAACAoYGZcBOYCdAPzISPwEwAAAAYGpgJN4GZAP3ATPgIzAQAAIChgZlwE5gJ0A/MhI/ATAAAABgamAk3gZkA/cBM+AjMBAAAgKGBmXCTIM3E0Zq6/dC0klWlfS3gDpgJH4GZAAAAMDQwE24SnJk051nMKRbz9sr+vt6JkpMi1UmxaF88OV318qvMqdb8Uz3arbNAdqolueiythQEA8yEj8BMAAAAGBqYCTcJ3ky2FjrHfCX5OxQPuTDsLRpzNucX6TCTjLIuebE5z2q75r81dJjz7NoiDhi+mFp0UVs4+8BM+AjMBAAAgKGBmXCToM1k/2m2wEkMxJp/PCPNkuzf4p+JmYhXqjIqZqnbpJdPM5EUUVs0+8BM+AjMBAAAgKGBmXCTGZlJT0UhMZAesaskUzt8ayZm4qwqyj9PF8hu92+1VJxq65fKk1Poct0xmzmz3iH125hTbBl59XWn2qw7LXUd9flVdCupJjeyyGtJSeOptuwPLSUOjzg63N/Xat7X2t/XS7emWOQjOsoK0y31pFpFfqHsV6TEnGpNz6OF6oWQ3TaeuthYVVvlkgvCDiInj7jnBGbCR2AmAAAADA3MhJvMyEzEc6XmNNuIeN9xrt6ccojZoMdMlHkmRBjy2+QyYia+UV3nK/ef9qjl5t3Not9Rusy5rfLSSKOthBrHRbZ7xJxSJH21q4WqmZhTCtVq+1PpDqmZeAvJMj2SZCaOEeUEwhVPf+PxKseotnjWgJnwEZgJAAAAQwMz4SYzM5Oxi97Z8O3mzHpmgx4zSc1rajzVduk27dCQIQaiLvfXFEm+QaHTXdIqRT+p6PJ5yOlSWrOv2Tc8jNa0Sl/HNZNStRo5Yr9iJkqhaibOlkpyUXWXfacXbvS3lCZvtWlLZxOYCR+BmQAAADA0MBNuErSZ0D6NCl+LXxy4nLGzaH+x0l8hKs167eCuqWHnmXhhzWSCPpOJzWSmfSZaM5F5cL0++fAjHTE1TYiWlHSoTyF4RMBM+AjMBAAAgKGBmXATPWZi3unXPaLBmqrzqcFTmMnYRdlGRGlgVWaVU5zCTDzmVNlGpNdmN0lL18wWZaiYaiaZko3IyF0rk5iJ34HCCM8j7i2RgZnwEZgJAAAAQwMz4SbBmcnw6VJ1NsgUSZVHT02bKc1EFB/0tCWn+j22eFIzEcXRnvQ0ejLp+2q91cSSfYdka1LNhDTr92dZSWHyh0Vyp8O4ZqLU2TkHAjA1wze0JY8EmAkfgZkAAAAwNDATbhKcmQDAAjPhIzATAAAAhgZmwk1gJkA/MBM+AjMBAABgaGAm3ARmAvQDM+EjMBMAAACGBmbCTWAmQD8wEz4CMwEAAGBoYCbcBGYC9AMz4SMwEwAAAIYGZsJNYCZAPzATPgIzAQAAYGhgJtwEZgL0AzPhIzATAAAAhgZmwk1gJkA/MBM+AjMBAABgaGAm3ARmAvQDM+EjMBMAAACGBmbCTWAmQD8wEz4CMwEAAGBoYCbcBGYC9AMz4SMwEwAAAIYGZsJNYCZAPzATPgIzAQAAYGhgJtwEZgL0AzPhIzATAAAAhgZmwk1gJkA/MBM+AjMBAABgaGAm3ARmAvQDM+EjMBMAAABTMjIy4nQ674QCsh+yN+0BZgDMhJvATIB+YCZ8BGYCAABgSrR6MWOGh4e1x9ALzISbwEyAfmAmfARmAgAAgWSkWLRFIaGrfrb2PJv09/drxSIUaA+jF5gJN4GZAP3ATPgIzAQAMA9pLCoyp1iStxdlF7dqt0lM5A8lmRbyQl8y67U1JifATAQ/4klJx5E0shS1Yn3e2SG12tDZLGFTte9lXuy7EpJqfKtl7ydERQpCZFS3W1r3uFr2rCV7i3szV6lRk5Tb6auvEi8I7H40hGoclwbtYfQCM+EmMBOgH5gJH4GZAADmHedK8zs82kJ/JjITGeoneXZtKYM5pVRbJBNgJipZcUJUSgtZ8EqFPe05QVoaihSiVudXB5pJ1orIwppcn1G0pqWdVRajhFjyb6IgrD4i6c3tvLXF0n51mYlWKe7cKftcWeiosx3cl5OTa7l6y69CgSUnZ2+era5DLSki1YoamCowE0QbmAnQD8yEj8BMAADzjmu1GcdusAWsLcjdIKQkPb/Jfr33zDFbRkWXr6qEn5ncazfvKK04f+NSfZX0Ws/IQK855Xh/Xy/Z6Kw5nplf39/Xk54qHWJCM3EJrxW6/Eo6s+JlM1FWA82E0smYicuWaO2WF4WIteTftGjFdoZOrM/qkDbM2Ez25uSVtTnKPr/Vdu46WVVlI+dQlVqn7bjFIS18XpYnL1yvLWgoy4OZIJMHZgL0AzPhIzATAMD84745xVLS5vONcc3EO0HbY07VdoCwZnLt2KE6b1V1P4F9Js15Foc4sZl0ZG0+5V/SmhYlRDHr0zATOjYsMiG9umXP6qQa2lUyVJMUJQgdLndcRKRSY8ZmQsTkc6bPJOdgpdQtcmuvrVmtU3UoR1k6c+yk9DUvt+BzmAkyVWAmQD8wEz4CMwEAzE8euK6lpioTRcY1E7Uk0CVYM9nPbFX0gzGTBz32kjw6p4VkEjNJFNjuEdLWtgsJuZ1+I86mYyZDkRGxiell65dFrrbSLpLu4vWxEZHVp2yRQqRL3tuMzeTW1dbKorycfQeV4VudJ+kwrdwCtk6JxWsmn5cRh5F7TmAmyJT5/9s7/58osnx//2+VmJBsQjIJySQkm5CYkExC/GEnm4y5ycfcZMx0Rvr2bZkMXhkud6cbqelGRHu3VegBAS9fHL7J2OrI4MDIAgooXnsUFLY+51RVV1dXI0J1i9TxefKKXfU+p6t615Xm2fOlMBPwD2aiRjATAPiIyVpe4bKFV6Vm0hhOOscWbjMRx+669fM0byZPQ2231syj211vN5OXmdrvrLlWJluzWn1r4dTm3WYy+KVmLVERpL+QqqN92uxcVztuLoIv20wshG8Iz1hdneu8Ya8kaZenNu4xE+EiMRepMacXZkK8wUzAP5iJGsFMAODj5eFAk8dMclOOmVhGIWdzRfvtwzxuM1nMdDuzuayrGdJMrpuvS6H4lPUTNhl9q5nMflfb/aRw2lqvFY+WWLzbTEa/0pyVKtbqea36zKR9qRfaiW756jGTrWVrLMVjJsvjo7OuVS8FmVhdHb0z9/vSas/tO7FEZnX1rmMaiVin0+dOT2GdyZzQF5Op64nY5SHxXofCDcoDM1EmmAn4BzNRI5gJAHxsbN672RiR06s6MvfXdsxSbk5WzqaSk2t5M7k+kUo1RWXxTfHbjZK9uca6UvLt0Yv21Qzjl0xaXH/FMCasJnGRO71vMxNNqy2cLMTduwi7bKFgJpoQDmdRSvE6k1Of1VQdk7sGZxbN4ZPlwegJIR1azWen7B5DpwtXPx5f0Ouj5rbJslMecZv6Y1pNk1w6b1GQiTzOOpPha516eywWb59aEGdzA12xObNu7c2VGsr3YzYX2UcwE/APZqJGMBMAgECxfvJq4TknhwPPMyGHE8wE/IOZqBHMBAAA9oZnwJPDCWYC/sFM1AhmAgAA78RrFWWTy+VX55QNZqJMMBPwD2aiRjATAAB4J5ubm5Wa0yWuI67mvUEZYCbKBDMB/2AmagQzAQCAQIOZKJOKmcn/xK8vPHrsrYLSYCZqBDMBAIBAg5kok4qZSSisX/ihz1sFpcFM1AhmAgAAgQYzUSYVMxPGTD5CMBM1gpkAAECgwUyUSblmMvdwKRSWzyoaGv7Z23YA7Is46Zj29oAjCGaiRjATAAAINJiJMinXTL6OJBydWHj0eOO5vw3gXo2Nz4j0JS5eMQ9+Xff2gCMIZqJGMBMAAAg0mIkyKctMLCH57++vPVp8cu67lHXq7XQQFjPdE94aHF0wEzWCmQAAQKDBTJSJHzN5/frN9vaOkTcT9zwuURetha4HxGMmjWF9eOZBOp7smLaHYpq+TWV/f9rVKu7bLc+ne69cSzUnRsbGb4Ui15u/TY2NzwxfS4cuzIjGrrN63/hM9t6DK3GzM1QazESNYCYAABBoMBNlcmAzmZ37p7CRxmiys3vIKJaT5//3h6iL01hHxvu2/VFkJjsPGnUpGIaxFjp3c96pC9ZvtViDM9O9jZceWLU2oTG2v2yHwmnx0lzeAA68E8xEjWAmAAAQaDATZXIwM1ld2xDicb7tH80tcu5WU7MciwiZ+wVvbb0RB6IuWsVBpOmi9837wG0mG0P29DAz3T1Lsjh29XpjxC7K8+leqy7oaSl4iD2isjoje36bWnvttEAlwUzUCGYCAADvhGfAk0PIwcwk0z9pKcGL3MueH8etY8tMbgzeFgeiLioTU7O2ORwQj5lc+eXpxjMrzzd3DGN9JvRNel6cPp+K7cdMxL+ipQd9qVQowmyu9wJmokYwEwAAeCdevSibXM7ftkm7gJkok4OZSeSbiy1tcqKUYcqJ20x+uHjDbSPlm4mx8yDUMuJqNG536RNyeYuxZg6nyKN3mYnFYg8L698LmIkawUwAAGBvNjY2vGJRCby38QtmokwOZia3f54LmatKen6ccKZUWZXsvQVxIOri2Gk6KJ4V8G9WZuTcrUiya2zJ/L3pdXNUnv7yPDccf7eZDCTs+WCxa/edJqggmIkawUwAAPZP9lIya/7/pBahyPXCiYvmTP4XFJOt8TM1DdH19dnaY5p2wv7/T1s/q9KqquIL7o4STavOLi5//olW/eWgPF9IVP+lNZNdbv1L9eALWajTak4lM5kfZYrfalNfpZ2Wy4GN0a+qtar69fX103/WRuW8FsMYOl16R0Ne037LrniVokJ4b+MXzESZHMxMjPySdyt9A0UPRHQ3/XDxhrsJlAQzUSOYCQDAAcj2J7Pb+ZN5azvQEuY9ZiJ+ebZf/v65ptXJo+W09ufo5NUST3iZqf2vWXlwv7lWqxavmX/TZq0bbs9WhycNaRF13ne52V6o+z5uaUaDpn3+d/PWTxInr27JgwqZSeauffD7dOaSHou1Jx67m5fu6+2ymBqS/e6PZWLi7IdLmenf3b28t/ELZqJMDmwmgpk7D3/O/ja/sOJtMAxRF61zDz3/GkFNMBM1gpkAAByIUKTXOnDGT1q6RsbmVn4d6W269sh4ndt4NtV0dW7j2VP3u2xunNK0+sJpiScsfF9nDpRIBr/Ulk1ncFqt92rHTo86JQ/SZ4T5DFqaEf1Es2TmxY1TrabvlN7RYv9m0h5LZGYWM3cfz9yRmhG7PLxo1mOXhtzdLEZTMdfZRLrdfYqZEG/8mAmABWaiRjATAIADkT6nWz80Q+Gkpym/RDZbMmZiox2rjz90nZd4grARp2BZij3GYmJZyuSPmdHs8ux4usolLRba8dYFOcBim4lgfeyMJkdOlu3zkjta7N9MLsVi+pX+/JjJ3dSYXU/EEk4fm0ejqfZ256z/cnuss9/VjJkQbzAT8A9mokYwEwCAA7GY6R6Waza2Q98OWJWeRCryjXyk295msnz15Okhe1qXTYknzP5XjVOY/M9qcVzjMpNq17EhO9d2r7vOp6KttvbYZrJ89VTNsapB6TBV69aUsJI7WuzfTB7/NtWfSsQudP4m52/d2cNMpJekRq1jOZvrUv+U+R4H7238gpkoE8wE/IOZqBHMBADggKyF4lO56d60+Rzogb/pa/mGPcxk/cbp0zfcGmFS6glT0XxltvlTOSQSrXbN5qqOOseSgopItGKEaWifNltzuGTr8bh8Kb2jyf7NxCJzV6hIanV1LtF336ro8rTAnUxiYsFdEDwuntyFmRBvMBPwD2aiRjATAICD0ubahnT+2sXYwPzKs6fJc86YydPQ2esbzx45/V8Mna79qtvaTUvEXIpu4vIETWuwBkCcvbnsXbyedDt7c3U/EecLJ79LZMZnZ8fTmrlE3hg+LTykWHrsMZOGY1pV3Zn19fXEV7X2cM3QaWdfr8zYwuhXWkOXfKswk4Zv7fq6JTn5PcSMYjPpvNAekyMg7VOmeFyKtV8eurs405+6tShEZaArNre6ejeTGM7OWSw+Xu0ZnnksXGXocnusMLlrFTMhJcFMwD+YiRrBTAAADsrYBWEmKftkZ00+5CCsJ8dXnEexJVuSoUhhFcrgl0WjGYVBi4KZLGsNCcsulm/IlSH1X2eW8wZz5rPqKmEhn50xz7bqP5WnWlV1ZtHssZCoP+ZZcJJfZ7I8GD0hpEOr+eyU3TIkNcbmeHxBr49OybLslGfQMMQFa5rk0nkLt05YvGVvLttMUtJdbETPVKeUmfbOVP/kb65rYCbEG8wE/IOZqBHMBADgwzMVtbcGPpLwpEVyOMFMwD+YiRrBTAAAYG82Nze9VlEJvLfxC2aiTDAT8A9mokYwEwAAeCdCTtbW1rxu4QtxHXE17w3KADNRJpgJ+AczUSOYCQAABBrMRJlgJuAfzESNYCYAABBoMBNlgpmAfzATNYKZAABAoMFMlAlmAv7BTNQIZgIAAIEGM1EmmAn4BzNRI5gJAAAEGsxEmWAm4B/MRI1gJgAAEGgwE2WCmYB/MBM1gpkAAECgwUyUCWYC/sFM1AhmAgAAgQYzUSaYCfgHM1EjmAkAAAQazESZYCbgH8xEjWAmAAAQaDATZYKZgH8wEzWCmQAAQKDBTJQJZgL+wUzUCGYCAFAJss2ZJfHSFk0m77zyNlYM+y7gBjNRJpgJ+AczUSOYCQDA3oTCupWmvw142wrkzSSixyYraCbbXX/rtu7ednXqvZrJ+lRc07SqP5/01AebGmr/pGl/ql3ftitbs+kqTas9EXX6tJ6oFe9N/PzCOo0f15wmN4NfagveWgXATJQJZgL+wUzUCGYCALA3oZaR/OF2Y1h3N7l4L84ghORNUeG93EXQfULT/po2D9e1L6wDk6lo8337sFarFn9m/k1ISbM8356tDk+K19nvatOmkqS/0LSGhIGZEL/BTMA/mIkawUwAAPbGZSaGca+/Y1qOHawNpdquZVfmpvKttjM0h/WOaWNtIDXwzCw/m2gxZabrrD48t3L7WroxnBSni5nunkQy0jYwNj6fPlewnVC03zk2pnuT2fw4hU228WxSXGfj2UpTRLd+drfEb/bdezQ/czN0YcbqE+sZ6chM3V58tdjXHYp0b+5s932f/GXHbFyfaPz+5saTeVHvWSxcPNtUrX1yRh69GKz9btapL3xf57iE8Iplw6jTtNNDdkXT6kX5tJb3kIV4nXmMmRB/wUzAP5iJGsFMAAD2pshMntySBvJyJhaxdcISD4+ZSCEZeipON4ZSoXDKkMpx3ey2nb2UnDfNpFGfyZkloTFjL62LzTdeemAdGWYfW28KZB11Ea0TRU1GKNxrvmZD4W6r0tOiN142L7g40nVPvLwau6AvmorS16bnTcbkxeDpT7TE/fXTf9YWXDa0dfVk4ol9HP1EekWNVtf60K5Ua3XGy/RJx0zWuxswE1JGMBPwD2aiRjATAIC9KTKTpRFhIMIKnMUnoV3NRHqCFBLhLbGfXpm2UOjfs+TxilehtluOtDjsaiaF2VzTvT3m4XAq1fRt0ryybSZOn/lrF0OR7jeiz4Vkdsf88K6Pke9vspw+VaMlhiZrq7TR9ULZMNeQVB2T60/SX2hbmAl5n8FMwD+YiRrBTAAA9sZtJsNxXf6KP93rjEvk8ZqJ0IxFYy0/BrIU0l0DFCUjHnJCl7ymlJkCzyYaE9miSomZZC+bymFSaibG+kRbxPU5d7Id+aEeD3VajbOeRLhHUVsea51JVOjI97ZfaNVRqSMnbA/ZuiokpcHATIjfYCbgH8xEjWAmAAB74zKTnD1CYs7msuZi5fGaiXGvvy9rzaGShNyGUGImawOpnkTx9CrJdshclOLCayYTCf1X+3xtFzORtuNazm7O5poo/twW9Vr1mXH72LILL9sLWr1c3T4ZrvasgF9PNuy9An79/qh14DWT9dkt96lfMBNlgpmAfzATNYKZAADsjTP9qTnhmtZlbHe0yjlUzfGb5mmJmZhvdHobr1eaovIijedTmyVmIid0Rfud0Y8CO89bzlsztfS2/31UaiZClqzLxjJzzSVm0nU+GYnfHBufGRufCkVsRelLpET/SGv6yrRcCWOzvTzY1CB3Da6pN3cHXk7Ua9asLs2koSlT6Lw8WKVp1Z+ZK+ZN4l/IXYPjU/Y8MGEmDqeHjNOf2JcSZuJQ9/3C6FfV6fwilnLATJRJBczkTS5XvJ8dfCxgJmoEMwEAOAI8speqV5TQtwP5ERVnpf7+cK8eOfJgJsqkXDNJt+pN8XRTRE/P7jY0CEqDmagRzAQA4MOy8uxps3duWGVoDCfbMg82nj39daS/ZMmKOmAmyqQMM9l5Hgrrv+T/Gf1yLRVqtUYz4WMBM1EjmAkAAAQazESZ+DWT5/e7zuttmTl3re2s3nXnubsCaoOZqBHMBAAAAg1mokz8mMlE18VI/Nb8a29dMD+QDp3rnVj1PK90HyyOhL5JJTNTYwM3G88NeFthT3LT/d7SoYCZqBHMBAAAAg1mokz8mMlG7nUo3Ot57KjFREJffJ3b2DywmfS06IveWvGDjWBPus4dZFlbhcBM1AhmAgAAgQYzUSZ+zMQwH+XzVjPx1vaF/dwih2f3ky32HnlWITd7qzGih852bziPE4r2yyGasN4yJPe8m0jJLfCau2ZWdhvMUZ/cg0iq8nt67A1mokYwEwAACDSYiTIp10zMHbLN3JE7Z/s2E8PYbopID+kamc9Xlpwxk2RUD8WnrOPGvKuIzs6jgtaGUulFc6Am2+90+OjIPTjkkRPMRI1gJgAAEGgwE2VSrpnIJ/V8e1HEsogyzMQwXj/9deSmlJOsJRwFM2mUDy2yZ4j1tOgb5oH76UUDf7OLQk06PlozMbY3xq4PLB7emBFmokYwEwAACDSYiTIp30ysp43aa0LKMpM8EVstCmYSCnebTzmViFtY23GLol0yjK6ovvHsqROn/jGx3Xg23XO4T5XBTNQIZgIAAIEGM1EmR9FMQuGk+foqdN42k66zeuhv9sIW12yugpmsDaU6pg/1l/IjhtQSb+39g5moEcwEAAACDWaiTI6KmXREkj0jcr3KlXh344UZqygUZf7Zo025K25vJKL3jT8Yzlx3D6QU3r+zFArrw+Mzw5mBtlZLbD4iNiavH/JoiQVmokYwEwAACDSYiTLxbSZytfqu8WcmEEQwEzWCmQAAQKDBTJSJTzMBMDATVYKZAABAoMFMlAlmAv7BTNQIZgIAAIEGM1EmmAn4BzNRI5gJAAAEGsxEmWAm4B/MRI1gJgBwNBHfLORjiPcv/uBgJsoEMwH/YCZqBDMBAIBAg5koE8wE/IOZqBHMBAAAAg1mokwwE/APZqJGMBMAAAg0mIkywUzAP5iJGsFMAAAg0GAmygQzAf9gJmoEMwEAgECDmSgTzAT8g5moEcwEAAACDWaiTDAT8A9mokYwEwAACDSYiTLBTMA/mIkawUwAACDQYCbKBDMB/2AmagQzAQCAQIOZKBPMBPyDmagRzAQAAAINZqJMMBPwD2aiRjATAAAINJiJMsFMwD+YiRrBTAAAINBgJsoEMwH/YCZqBDMBAIBAg5koE8wE/IOZqBHMBAAAAg1mokwwE/APZqJGMBMAAAg0mIkywUzAP5iJGsFMAABAsLm5uba2tvr+EXcR9/LevgwwE2WCmYB/MBM1gpkAAEAul/MKxHtG3NH7IfyCmSgTzAT8g5moEcwEAAC83nAoeD+EXzATZYKZgH8wEzWCmQDAkSQbCuul6Zj29vNHR1if8NaM+HGtlEGrbWt5MhmtOiYKVae+t2s22+v1NVWy4c8NL4oaikj8e73oU3simp4t6rX8Y6u87LGq1h+Xt4rrJz+rEW+p+eyku16naQuu010R7/KW3oVXGg4F74fwC2aiTDAT8A9mokYwEwA4ktyPfHvRihAS57gr6+3nj13NpPuvNTWfumL6hmUhNdJJtGpZr5ZFl1zE66VXiP6id/VfugsNbh7GpWN8Kk1D9HI1vLDc4+Rn8rLVXzrOI+visme+PiMv+2XhhphJKZiJMsFMwD+YiRrBTADgiCPMZNFbeyuNYd1b2o1dzcRDa60c5LCOt9zDFk8SmnZqcDt/fOyk09JwTMu8dM4KiAs5arHe1aD9W8Y83Ep/oZ0esutbV086RuGuG+bbtX+3peXwzGQsNVpc+CmTigkuJDqvDRe3OCzduXEp5n2fpD8ZS415i94P4RfMRJlgJuAfzESNYCYAcMTZ1Ux6EqnIWTm/q+3qjFNs+bYw76tnySxtLrWcTzZG9FAk2TW+4vTch5msa1r1mXFvVbLe7ZjJ6FfayasFa1nW66v/c9I5zTOqaQV7Eb2cYRP329eTDY5ReC4rh1Pylz0EM7mbScQSqcw/hIAMdV5ot4qPx1KdffetQ9EhNfbY9Q7J79M9sQuX+n8eLjWTx9nM5Z5rmAl5ZzAT8A9mokYwEwA44pSaydrYdakf0aQ112tg0Rq/MJJdveJU/Cly+5mspM9JJ4mcTzV/kwy5hlPebSb3m7Xa1llvVTL4ZXX1l4OWNyTqteiUq23otHaie91VkCwmtOqou1Awh6mo9oktLSc/0bRj9e56etk8Xk6LeiKvI4dgJpdjsdlV75jJ3EDnten8ibCUgTlXo+Tx7Wt3lsTraKmZXPshNpvNYCbkncFMwD+YiRrBTADgiFNiJk/djmEYOXHadO2RdVLcVERPS34gZR9m0qBpk7bv5BHWYdJ8o6AG8eNa3C0KC3HteFHBKboLbnNYvnHGuuxksdCIep1c56JVNbS664dgJtcuxAbuL5XM5noci8VG7y5mLrXHYu3eEZMCXjP5fSyVGvt9Vf7pLku8H8IvmIkywUzAP5iJGsFMAOCI4zWTl1OhcNpdaAzroZYR63gPM5lIHMBMdvnlfiwql8X/SS5Mz+ZXjZRvJvG/1mhVcvl73dcZ9+Zcsq5p8nZalbt+CGYiXEJIiK63Dxf7x2/j1+Q6kx9Sw/fl4Mhb8JrJ5fbY4qocZsFMyDuDmYB/MBM1gpkAwBHHaybTvY6HWHTIhSW91rHHTJoictJXc7w3efVWx7f7NZPZ72qrw6XLRRzkxlkNXXKMo6zZXNuzzbXa6SHbcmbb5LbC1vwxd90wtuTQSa09cnIIZmIzluq8qMdiCfv0bn8seU28/jbZ0xmP9d91d3VTZCZ3+xKZrOk3mAnZR8oyE2eRmZWeH3ddJgbKgpmoEcwEAI44XjPZmdnnmMlKX3coXvCGK/s2E821ldauSFUwd/jdunrS7TDpL4pWrufZKtop+GXaXhBvTg8r1OUKFntLrtK6UzlMMxGGkUnEfjLP0u0xl4zcjSUyhbMiCmYiV9KX4O7q/RB+wUyUiU8zeZF7ef6//yH+8d8avy9O/7m01p36X3Eq6t6uoC6YiRrBTADgiOM1E+NV8cDIW9eZLGa6Q4nCA1CanA279jaT7dniR46Usu6MmRgvM/53DR6WZuIaYJltrdWa5S9Wsr974MXcv7jGOn6bmWRdD3Dc1Uy2nmRLncnBLQyL1iQu00wuxWLWUvdr+oHNZO5WT+rvKTtdut4lD9xdvR/CL5iJMvFpJuKf/dDwz95qyRAqqA1mokYwEwA44pSYiZGblntwOXtz9eT35hI0R/TQ2VRbV7rrjmHsLInWSGs6mUiJg+HUxf2YSfy4dvKqZ8hkUI5ZaPJxitbjF7sfFtoSn1U5T1rU6gvrSbT81CzJw4R0C/tJiy5tMOt1J06dOlEnG/L7dFl1rar6zNdnqqtk3d6nyzSTosdB/tV8tmPx8It1Lyefd8k3ywt+Ner08eAWhszfO63xjXa9c+a3/FqThVFRGBoe7rkkR0JGF2Ttfp849iyU964zsWE2F9lH/JhJ83epR//c/X9Moi5aNzdfexveyeJI6JtUMjM1NnCz8dyAtxX2JDfd7y0dCpiJGsFMAADeA8vOUxoDgVcaVr27Br8PvB/CL5iJMvFjJtbAyOI/Vy/80OcUh4Z/tkZRROuvc/906vtkOK5P5LzF98faQMpbCjS5B5HUA2/x/YOZqBHMBACg8mwPag0Jb/EI45WGQ8H7IfyCmSgTn2ZirSpxz90SluLU47o5e/IgCDPJ7nhqWWduaEdYb87I8deOcHJ+xBzAjSR/sUxmujcU7R82R2k7BuacN/eZlaYLI788t0Z4s133jDe/3xLFjXn5p+fzB54PISfiZwpmokAwEwAA8ErDoeD9EH7BTJSJHzPpG5i2PKTUTErr+2Zb7usX1rtG5vOVXc2kIDCN1l3Mmab2Gy4n+8z1YtlLyWHLW3YedJ3V18xaKJzsmLbHZTr8fMIjT+5B17kP9p8LMwluMBMAABBsbm6ura157eE9IO4i7uW9fRlgJsrEj5kIpm7/uquZlNYPwOunv47clHKStfxhdzNxul/5Vt8wLDNJ2qWHAy1DT8VrV7RoX46BZ4a82oUZ5x+BmmZibG+MXR9YPPgin0qAmQQ3mAkAAAQazESZ+DQTwdbWG8/2XNl7chc7/2aSJ2K//R1mMqGbO3VIMzF3pTDkBudWtxb3B5ju7bonXrJWk4WKZrLdeDbdM3uIi3WKwUyCG8wEAAACDWaiTPybydso30zaSsykeTczcY2Z5It7jpmobSYbk70fUEsMzCTIwUwAACDQYCbKpFwzmXsodwr/7n+uOhVx+h9Nna4u+6IjkuwZmRkbn7kS7268MGMVxaXGZh70dXVHIgUzCZ27nr33YDhzPXS2X3aSZnKxSR/J3psqKEouGzqbys7Nx87poYg1olJkJmMX9OTI/MoTZ01LsNmYvP5htcTATIIczAQAAAINZqJMyjUTZ8m7O7d/LuyRVVl2Getwz+aCDwdmEtxgJgAAEGgwE2VSrpkMDf/sdpLw2c6FR4+9nSoHZnJkwUyCG8wEAAACDWaiTMo1k0MGMzmyYCbBDWYCAACBBjNRJgEzEziyYCbBDWYCAACBBjNRJpgJVAbMJLjBTAAAINBgJsoEM4HKgJkEN5gJAAAEGsxEmWAmUBkwk+AGMwEAgECDmSgTzAQqA2YS3GAmAAAQaDATZYKZQGXATIIbzAQAAN7JaqXJ5Sr2kGjMRJlgJlAZMJPgBjMBAIC92dzc9IpFJfDexi+YiTLBTKAyYCbBDWYCAMrQUvrcs/eNfK6a/bzprpF5b+s+0IqoE5V0U4M4qq47GZ9at/qMftdQ+ydN+1Pdi6K3Gsb6aNUxrer4qcTPdkvm6/rqKk2rql7eMs+31ye/PymuVvtF3H7L0On4gn3opk7TTg95iw5ra2teq6gE3tv4BTNRJpgJVAbMJLjBTABAFR41X+5PZre95coxHC8xn+nenqX88epUqGXE3XggWmu16vCkOLCcQmhHokGTajLbevKqLR6a1mA3WqfHTpqvL9JfmD2notGf7aZqrUb8KRTn87+b732SOHnVvLAvM/Eqxepq5q59MDuc7rwQi8X13x4XdVj6uT/hdDJJiW6pUXfFexu/YCbKBDOByoCZBDeYCQAoQrY/Pb8WujBjny6N9DzZbo7qjS39E6vba5P9obCenFyzW1dnGiN66GyqY2DOenNzxjaMxUz3hFlJ3nm9Mi7f1ZwwC89mrLERp6fEbSaG0ZgftHEUpTmsd0ybR+YdG1t6+2Z3X19RrdW2zhZVBr/UhEQs6/WDeds6pWmu9mXty0H78Map7vUi66gze7p8Y7BeX5avZZuJrSKxWOf1n8RpeyyRmVlc+nVC77nj6rXU3t5ZbCa/JxIJzITsHcwEKgNmEtxgJgCgBrGItILChK6lkVB8Sh6s3xLFRbOWjFqtr0LnBqxeucnraTkJaxczCUX7szvuitHTsueYidnBulGJmbzKV9b62vRdfubOtp4ZLyrE/1KtffK5OEh/UbCR7hMuM3mZPnUjf7zebXmFplXVNw1Ofv/56SE5VPJi6HS1ps2ub9Ueq7J7lm0mMVM4HOmIdfbPytfH7ekJVy+J20wS8Ut3M5gJeUcwE6gMmElwg5kAgBI8CrXdEi+bY+krD83C0og9WGFkO/K6YqtFoUmehBLZXc2kMDaS1w//ZiI0Kb8cRcTyHDcN7sGQ7a319eX4v9dVaVInDmImL6qO1TQ0ZU4dr/o8Kcdflq+eqjlWNTieFpdatwZeyjaTx79N9acSsQud9vSthZ/kNK34JXcfC8dMhJMsmn9iJmTvYCZQGTCT4AYzAQAVeDjg/N7feOmBrHwIM+kwx22M3cwkNvJ045mdN4V32GjVZ7wlw1hoq+tet+d0WcSPu2dzDdZ9n29ZiJ8eNl5cPRm3rEzODZM9a7Vqa/Bka7a19jtzrljZZmKR6svELg6Ig8729kuZqdGeS6mx3z19HDNpT2RWMROyj2AmUBkwk+AGMwGAwPNyxprKZdEY1mM/vdrLTNyzucbS5myu+5GUteDEuHLOGtM4sJnkZgdCLXLcRhD61rr+dsiZzXW21+5Xwux3td1PvEXB7H/VytUjcvH6vlbAj35lroM3iX4qzUQIz6S9RuWFdqJbvnrMZGvZGkvxmMny+Oisc61iMxm9M/f70mrP7Tsx6Rt3U2N2PRHrdHeTlbyZzJlMXU/ELg+J9zoUblAemIkywUygMmAmwQ1mAgBBp69NLyx8N4zNn66Hwhf3NBPDeD5XvALemOhKySGX6MXcvf63mYmRmxN9WoZW7LrZZI/VRJI9M4W6teC+6cJIVzS/At66YyQZaU073Sw0rbZw8nKhrqZK07Saz07Fh8w16+KjfH/S3DW41rIITQiHtSjlRVbuGvznwv7Cpz6rERWtqjqzaO7EtTwYPVFnXc3qIMyksEfx8fiCXh81F+PITnkGDaP+mFbTJDcKsyjIRB5nCcnwtU69PRaLt08tiLO5ga7YXL6PZ28uxkzIO4OZQGXATIIbzAQAIFiUbOL13il9nkmxdPjEexu/YCbKBDOByoCZBDeYCQAA7A3PgCeHE8wEKgNmEtxgJgAA8E68VlE2udzuz3XxAWaiTDATqAyYSXCDmQAAQKDBTJQJZgKVATMJbjATAAAINJiJMsFMoDJgJsENZgIAAIEGM1EmmAlUBswkuMFMAAAg0GAmygQzgcqAmQQ3mAkAAAQazESZYCZQGTCT4AYzAQCAQIOZKBPMBCoDZhLcYCYAABBoMBNlgplAZcBMghvMBAAAAg1mokwwE6gMmElwg5kAAECgwUyUCWYClQEzCW4wEwAACDSYiTLBTKAyYCbBDWYCAACBBjNRJpU1k+2miB776ZW3DB8BmElwg5kAAECgwUyUScXM5Pa1dCiSfGNkmzNL3rb9sDQSCustA2vuWlNY75h2F95KKNzrLb2drrP6hrcG5YKZBDeYCQAABBrMRJmUbyavf5251fW3i8Irfnm+bZRhJo1RPdR2y10LRd6LmaTP64r9Fpab7veWDh3MJLjBTAAAINBgJsrEh5k8EBLiSmrluXv6VjaSuPXL6rarsj+WRjrGZmIR3Sls/nS9LztSKTPJXk4uemtK0XWu8F/dBwEzCW4wEwAACDSYiTLxYSbZYjPxKIHZenaguLgPlkwJudefzJpWs36rJawb072WmQhLaWzp/fXJSuwbfeKlrCxmunsSySsDM9ln8tT6GB1n9fnX5tVy2dA36ey9+5GI3pjIGjuvrpzXf3n2dOPZU9HY02L9Er8kDhoj3WPjM8lzenrerO08CLX0i27z472NiSmzFBiEnERSD7zVwwIzCW4wEwAACDSYiTLxYSbvbcxESsijkBAJw1gbSIWi/YoJvs0AAAfUSURBVI6ZFMj2J+/IV2EmoZYRpyzN5PlMqMU2ouzl5EROHsjrhC8apo04YyZuM0kvmh81NxW5KtVkcyxtK4qcS/aOcZgjR+7BBxw5wUyCG8wEAAACDWaiTHyYiUT8Tm+Zycrr17+OjyQrsc7EkhA5VCLXvl+UhuCYyfO5vlS6MSLvaFWEmUwU3izMRH4A57SlyJ1k/W1mkq8tWUa0MZTqyX98qUaBYmOyt/Fs2ls9LDCT4AYzAQCAQIOZKBOfZtKRHzBxKtbeXLmyzaSvTV8ztkPnbsqhi7yZNAknOd+/8uzpxtzNt5iJ/kumu8caADHNZMOcu2XF2LeZGC/vh1oG3uy8Wrs30Nzn6z/IB2NbaEnPrDlU9CHATIIbzAQAAAINZqJMfJpJ+nxhOMJFGc8zyZuJ8XKm6fzFvnXz2DaTldD5EcsrspeTbzETOfMqFtWtX8xFN8dSLIbj+zMT41WjPpMvBgipJd7a4YKZBDfip3nuD8wEAACCivgWw0zUiE8zMe71N5pmMiFncFUCx0wMo9ERnvyYye2rqUhED0WSK6/n9zAT8Qt6KHzxykP5kcZSKfHxGr/pbkmZC9l31qzJYCvvMJNtZw5YY2t/vvXIk3vkrRw6mElwY5rJ1r/+5f07BQAAOPqI7y/xLYaZqBG/ZmLMdZ01f4M/d9PbEmQWh9Idmamx8RmRlm/07I63A7wNzCTIkWayvc3/3AEAIHiI7y/xLSa+y0q+3Ujw4ttM1MTayMtisad72NyhGPYDZhLoWEtN3rxBTgAAIEiIby4WmagUzKSY53ORqDkWFE32/fLc2wpvBzMJdMTP9D9ebuX+2Hq1+ZppXQAAcPQR31biO8ucx8VULnWCmUBlwEyCHlNO5FL4F7nN/3vxihBCCDnKEd9W1sJ3tESlYCZQGTATNWL9iLfGTwghhJCjmfy3FU6iWjATqAyYCSGEEEIIKSeYCVQGzIQQQgghhJQTzAQqA2ZCCCGEEELKCWYClQEzIYQQQggh5QQzgcqAmRBCCCGEkHKCmUBlwEwIIYQQQkg5wUygMmAmhBBCCCGknGAmUBkwE0IIIYQQUk4wE6gMmAkhhBBCCCknmAlUBsyEEEIIIYSUE8wEKgNmQgghhBBCyglmApUBMyGEEEIIIeUEM4HKgJkQQgghhJBygplAZcBMCCGEEEJIOcFMoDJgJoQQQgghpJxgJlAZMBNCCCGEEFJOMBOoDJgJIYQQQggpJ5gJVAbMhBBCCCGElBPMBCoDZkIIIYQQQsoJZgKVATNRI3+8fG1mK/cHIYQQckST/7Z6XfpFRgIdzAQqA2YS9Lid5EVukxBCCDmyyf2xafqJrSilX2okoMFMoDJgJoGO4ySvNl//61/ev1wAAICjhvi2Et9Zjp+UfrWRIAYzgcqAmQQ64mf6i9zmmzc73r9XAACAI4z45hLfX5iJMsFMoDJgJoHOHy/laIn3LxUAAODII76/xLdY6VcbCWIwE6gMmElw88dLORrOJC4AAAgi4vvLWhNf+gVHAhfMBCoDZhLcWGbi/RsFAAAICJiJMsFMoDJgJsGNtcjE+zcKAAAQEFhqokz8mMlipjsU1q30LNrFpohdac4sFfWGjwPMJLjBTAAAINBgJsqkPDOJJJ1ibroXM/mYwUyCG8wEAAACDWaiTMozk3DBTDYmK2Em8zfd14QAgZkEN5gJAAAEGsxEmfgxk5W+7uR0zjC2G2052ba0pGPyeW66t7lvxfuGfbLzIBnVN4ZSYy+9LXD0wUyCG8wEAAACDWaiTPyYibHzynq1hCTWdT2vKJJNv89q2/zpeiicMl7OtAw9tUvTvVnjdVNUtys7a+I4FE2u5J+7MD9ys9Fc39Jy9b5dgg8EZhLcYCYAABBoMBNl4stMXMxfs2d2vfG2HJgWITk/SedpDF+0S9O9obO9TodQuNs6aMz3dOhr0/2O1EBlwEyCG8wEAAACDWaiTHyZyXsZM3mUX7sik7UuMt3bU1i08sDdIZTIitLK+M3IWbuS3yQMPgyYSXCDmQAAQKDBTJSJHzN5L+tMsv0dN2bGxs3cuN4xvS2LHjO5MLXx7Kmd3GvDWAtFktnf5emwjpl8YDCT4AYzAQCAQIOZKBM/ZvI+9uaKRXT3aSic6lv3mInh3bbrTm9s0hQYw2iJYCYfGMwkuMFMAAAg0GAmyqQsMymWkO3divtFrn130RLWWwbWPGbS06o3JUbGxmfaWpPJacN4mQ2dTW88mb890N90LomZfFgwk+AGMwEAgECDmSiTsswkxDPgIQ9mEtxgJgAAEGgwE2Xix0wASsFMghvMBAAAAg1mokwwE6gMmElwg5kAAECgwUyUCWYClQEzCW4wEwAACDSYiTLBTKAyYCbBDWYCAACBBjNRJpgJVAbMJLjBTAAAINBgJsoEM4HKgJkEN5gJAAAEGsxEmWAmUBkwk+AGMwEAgECDmSgTzAQqA2YS3GAmAAAQaDATZYKZQGXATIIbzAQAAAINZqJMMBOoDJhJcIOZAABAoMFMlAlmApUBMwlujoKZDH6paVqdt3pkyPyYtQ7Eh4wvFLcBAMCHBjNRJpgJVAbMJLipqJm8yH5XLySj5tOamk+rNXl0yttlNypoJvHjWv3/O3Pm6zP1n9ZUHdO0YzVb3i4eJk8PeUsexEXsA8wEAODogZkok/8P57kyaYhbnZYAAAAASUVORK5CYII=" alt="Screenshot" width="100%" ></p>
<p><img src="data:image/png;base64,iVBORw0KGgoAAAANSUhEUgAABDMAAAIGCAIAAADGMlPIAACAAElEQVR4Xuy9C3QU14Hnved8uzPfnjln/J1vd2e/PXt2d8ZOMsl4kkl6QoZJJkNcEznKAzmyFBzklxIGOTjCJIZxDJ6YGFDcNhKykEEYIcsgAY0aJGFBC/RED+sFkkDQRiBegkYS0K03oBYt6ru3qrr6drVeXWqhrqv/7/yNqm7drkerLN2f7r3V/0EEIBR0Oe9qiwAAAAAAAJiUe/cfnJUgC/9BuxEAXcBMAAAAAABAsBAnOSVBFmAmIDTATAAAAAAAQLDIWiIDMwGhAWYCAAAAAACCBWYCQg/MBAAAAAAABAvMBIQemAkAAAAAAAgWmAkIPTATAAAAAAAQLDATEHpgJgAAAAAAIFhgJiD0wEwAAAAAAECwwExA6IGZAAAAAACAYIGZgNADMwHzgb6Rh113x24OhyBkV9q9AwAAAPMPmAkIPTATwD2u+w8DBWMmITvUHgMAAACYZ8zUTNwe0THoOe988PkdKU41HhoXk16aC31jQ6P4Bcw5MBPAMaNjYqBXhCpk5wAAAMC8ZUZmMux++Fdbex5Pv/X4h7ce33br8e23H99Bcufxj+48vtP5+C6aL2Z2vVgyFF8y+IVPbj+R0/dETv8Te/vLHA+0+wIcATMBvDLiCXFXybjRHhUAAACYH8zITLY2DE1uJn+d2RV71OUaeXh3dCzy0C3VTJ7YN6DdV4j47Zo3fv78SyTaDSFFPsRsH8W4wEwAl4yOiaGaWDJ50HMCAABgfjIjM/mrD7onMZMvZzoqHKMD7ocU8aFrxPNETq9qJr2zM+PzqYjIv/riV0i0G0KKfIjZPopxmbmZWPNL2VRdk4tvaMr7/V8VDtSnLo9ObdSWBoXnzq+eXx4d8+oLCSnaTVPQtdLapS0DoSNQIWYv2mMDAAAA84BZNJNflvYSLfGMUQMh/w24x57Y4zOTWZptAjMJB2ZuJuYUS+r2Q0q2Wvaflovt5lSrt9yanGpx+L8qkOiY5eNkhuYwKUGZSVvGq9oiUbS9tXxvzfm+7vPNpW3abWT/7786qi1T8ZnJpNUUtsSTd2OrX1Ff2y8kKdpZ0+X38tGuemvGkiXLo3++6vBZvw7P0e5G64cbybu6JH5NWx+7Rey7ULF309v0DX9e+yryuo1vrKI7XPLq3hqNTY2/aWXg9zFm+Q3vVk35lgb1dcT0Bt58bRUtDzh5FlJBW+SP2/NIzYQcDgAAAJhvzJaZLCt1ERWhnSVESx6Ko56HH19ws6O5hmEm/BIKMyn0rZwu9ZlJnt1b2lWSObWZaLnfHL2pYlhbGkqmbyZ9RRujV7y9sUL7XkW/lKkpYZlUOYIwk+GKlOZLBStZMxmueSG1RlnuLHh9ibel7uncwohKT0XKC2ojvrOgutt3nNJ3V5V639z61LV9TNu6r27rxhPqld6NjmeOe6vihZ2qg02ySUt0zEbf8m8LmC0sXdGr89SV4fP73jx6h9kq4bmcvWI5+cZpy/0JlIfZjvYMAAAAAN6ZFTOJsvb03JXGcEl4xh4evuz+IjMDHmbCN2FrJr4m9awxfTN5IWbN3qv0X035xI3sKZn2aC5PJ23xO1gzadv5kv+b42n71d7LfiVe+o5urNeWyQxMcu3kupQuDkeB1f87Fx2zVikZb5PfusrZzJ1nfWsTHrdhq+ZUtd1E5BuxZKPNSb9xmnINgeagO5v29n6j8l5guSbaMwAAAAB4Z1bMJLHqbt+Iz0xGRh8+c/DmE3v6YCbzhDA1E6nDhC2otmbI43x+8YZfa5U2c/va6ICimOXZF2iJ3OLf9gatXD2oVDu8N2WJNEaI7TfQmMnrS159vbBTXWWJXnu0TxT3rmAaxFePygdVxyPJzWVyXOlAdNqJpgHdVpRBN8Usf33TPr8+k0nb2Tesb9/wiOLJDF8zvTNvZYC2Ra+ewJHqtM19lQkNgTWT7gJWKuimmJTS+xNu8lv3Uv3ucmbsWNcv9owvUeQabf5jzKIT9vmtDze+V0dv18OrtZfPMskjufYf7n1sJ83Tx4bODGm3jptpmgk5qPY8AAAAAK6ZHTOpvn918OHYmKImA+6xf9zjgJnMH0JhJocaT7UpOVrkM5PsKm950/7twZnJ5B0m0Ut8LeDo327dUuc3ISF609b34t9mS0TRZyNtO1dFr1Dau6yZbIlfPtHIsb6ijdVyW9x5lBnmRGH7TMjeNMdllYM0puuZA7z+8zXTMhNP2+tWSZYatqpmcsO6NrAzYYL+ijuH106wc+fRbcp3Skt96qpq9lSXLO/xjvVq3rnG7yom3sTiP+atMXBQnMoLMavUfRxev4oqGYM6eMz62wkuSmKSz1UkZiIv1FT0PZY1EFghMNM0E3z2IgAAgOnjKCts1pZNRv+5KnOKxab5y15fq/Wc3EDx0lUvN8OSs5qCanfpI5RmsuCjqz/cffnrOzr/bteNT86PdQ1LciLpieu+Z2HuzcnN5I21b8nN/ZOnmtWmP8l7yVtGR32twKd/+BN2K0l07HPq1kAzefxLfyOXfOvb3712rfOr31ggrz4X9+IXv/JVdSff/8GP1ZeQc/5kT67mKG//wTeoXS2UVz0eD1uTrKo15yczN5OQQ+RBnQIxLmzDNDpwhNWSFEUkxqdxi1d7VDOxrl6uaQSzvBDjm/uuEQCNmWiOyypH9NqjzBY6FGo6ZvLCEu+dzJhJ89blgaPIAntRCNkrlr8wQcfIr2JW+a3T0WJSF9Cyt4cD3oq2nWuk3qFVgfNhJtkkQ7zO77vpubPTWtHXN9DX19lWWkBeq7qNzOENr9IdPq/9tlqZfpLJzWSShwV7zWQ09uPeRTWKb2w6fa+998HW/N4aabXxRN9jmX1nukc+OUsrKGbiHF44qZ+Qg2rPAwAAAJiAYM3EnHJcWzQuXjN5NITMTL784fXd9pGaG+5dp4f+JrPn1RNDDbce3n+g9JyQtn5K89A0zeTJv/t7jRXEPve8XOf95FTNJjkZO3bKFTRmcqigUK1DtISUqGYSeJSPMrPkVxFp0WyS09KqfGfUEnn1l8t/pZbEL5usfTNPCEMzmbzDRNSYyZIMZotUsrqgR1PkR6CZ3J1wKBTlLjumaKM611xCYyaa4zLK0RkwhKl5ajMZrpEHL1E0fSYBZjLe46roDPXx+zGGG7XGcr+zuaamuqbm8N6t0T9fw75o+HzBkhUpexs6rclvkwVmy2SbVPyGwAXQdzLzha2+H849dRlLfpvRc6Fi51tryAJTkbzVvsnxk5tJoDaoUUdzvdEyckWz9ergpht0YUUWkZb7arlsJuTf9oC9aaI9DwAAAGACgjeTUm3RuBjUTD5odd8blT665KHY1OV+ctetFScGG3oe3hx+KHWcPKRPDWY+z2QSMyH5xbKEd9/bzFoBqVBX38CWaHKmjY5PZ81E7S0huXRZacOpZkLyjW8u/MOGTexONKcRmAcP6KfXs6uslsS9GK9eznwm3Mxk/A6TWxXRP1/1+qbdzRe6+voGsl9jzCSwjR7QSzB8fl/082sO19RIf6qv2OhnJjXR8e9OYib0qVz+T7llB3RpzERdDihp9Hs2LmWKeSY3Ct/2e/JV8KO5opdoux0UPJ3Rv57skWKid8Y/5dK+LQ3+A9hi1mRfmnATuypxR9tZFMAWr+wNV6TII9e83FWG7d1v3hLv9xZNbibT6DMZu3l+4ImdfdLy6PP7e5/Iorqy6Rrd9NjOPnlBDnGSJ/b0PrZ3MHBvbNBnAgAA84DR/r5eEufp0pwW2lhx1hxvvNxzqb40/Zg0PbOrPr+sNL+q7ZJLbM6zmC316Xn1jefIr3tnlaXo0u3euvxDNulj3xQzcdSn5quTchnsVRXnb1xrqzXvaxsRRXJEc8px8i/ZQnZbkmmtO0XLVQ/JSLWcud7bf/ta8larXGLOrNeM5kovuuhfMJpxTPkEOt2EzEx22j2u+8rYLfJvU4/7yY+pnHx83nNl4GHfyMODl0en2Weyd/8BuYTsR23033A4WENQX6WWfOHLf0tWhYgfstXkfH6+Xa2vmgnxFrnk4sUOdrfq8pNfM6mv+mnMErmQeAhbh829e5MN95lXzNxMQjjPZGf88ui3SrSl0gAtdjU7IQgzoWOfvBNLKPf9zeS3dNNww1ZNI1uFHcolM9EDcAMFgylpC3gSl68k8IWi1AcybuirugteD+ghiX7N16Ug0mFg/oO1VIiWLNP2MgVCmv7y6QU6gPSm0ased5P6oSUSd+tTX73iVzIOe72eqfZlqciH2BLwJnij1TOZ6cwzuXl24C8kMyHioZbIQjJun0l7a/8v29yBO1SDeSYAADBv8JjTtGOriAnQL131GWXKL3dqJqmBHR1dcgVqJo4mc1aTdrs/5pRSuWtF7TMhu21W/xQmm8lYW3qJt41xpWoiMxFHbyQXqHIyat5RyWzTScjMZM2J++19Dx94J5aMeB6+csz5rdzuZRWDRzvHGnoe/mvZwDTNpLPzulqotvuv37ihLn/3e99XK5i+9W21XGT6TNR8zfQttbLImMmPo6LVQnYP6vIfze+rFdTumm99+7tsHTXsXBcQCjMJ2bO5oqVnwgai0Y83mSbslGZCWrd+Jacz1dFi3tFcFI38eLnrZzUSEx09UDCYkruaR42JfSWTm4kWps9EFC9rh0h5GtnPEumpSBlftDx3St9dNf74Ln/ei1kuz1MfVz9kexx3Ux+77jzKvlcToYriRGYSyETlMoPuyczkTPcIydMf9z6WR7tBjhb3fuJw3+x3P/2J0mfim2fSePembwa8+7GP+wN3qIYcVHseAAAAuOR85f7Tyq/SBz321A+t5hSLaibqYCpqJnIhZbSnrT41zUJqqmaSvNWS3xEws1Nm4Fr6dmm345mJr0ElH44dweVdHsdMRNGWaaGjicTRayWFZwYmOHQwhMxMvpB+/d3G0cv9D4fomC66lchJ3Ke3n8i68+Vd17+ya+pnc/3b79bJrfw7d3wNSbXp33n9urr8s58r004IRDDUcnE8M3ny7/5erUxQp5ewO2H3oC5//MketQKRJblQ7pnRHILkmWd/plYG4WMm2Sv827UM7DChvrqtLzCf5jGlmVzZu4axjtHo+FXjmonoLFGegsVAZ28H9q6dzlSfajVtM6FXx06yn+6zuVT8zIQ+s+uFd72qI33SoqobL8SsGl9LJp52csPpN32972Tmr9RZMVf3vb6fmSHjuePbyXibfKuiuO2l5S9k+HxJpu+q33ybK0Xvqh+nOHoixe8xa8PnJxplN7mZiJNONZmlaM8AAAAAj5zJt5q3KpJQtdtizlY6PSY3k8wUS2aV3GBu9/WZiOKnOyzj/VoWzWmVysJ0zGSsLaPCO9HVMZmZiJKcmHdUhkRLxBCayeMf9iz6xFXX/fCW9zMWyb/Z5+6aPr7+RHbvE5/0htBMvvLVb6gViCqo5SJjJn/79W+q5c3NLWr96ZvJi/HL1Ao7d30sFz79w5+wddgMDQ2p9ec54WMm0TGrqqVJ2P45L0qP3H3PWtPePdBWczT652+XbgrCTORZCjuL2vq6z7/32qult86rg8H8zERu059k3w3aNTHeI6cuR79bI5dP30zoVJllG8kl9PUNHM7aSORhRmZC3Wb53tK2vqttv1iyfMkbymkMN2z91dYS7XvYQo2rPnXVlqPat7e5k17vypjl26wV1ac7yblVF+2LjnmV/UFJRG5vUU3b1YGeC80rn19uY/Rtkk2i5JPKZBUGcrFvfljQ0zdAzry6aHe036izu9Exy62lzeQ0rpyu+dXPl7eN+wMbZgIAAGCOSE6xqh0mpG1jzm2lS2MXJzeTjBRLdqP0l057JWsmRCQya8YZK2LeXiV9dU7LTMRe9UBkt5ObiTh6I1RaIobSTLbd+sK2rpM9nkG3z0xOONw/2Hs1VGby72//QV39xjcXHjte8uTXTGrJB1s/FJl5JmT569/8B3WrKidTmsk/fPuf1dXIHz9z+NOiXyxLUEvOt9MpK2z93Tm+5ws//aPF6j7nM+FjJgCEikmmmsxGMMkEAADmBadLpRFWUkgjZ8zZnF9Elq2neiY3E/FOmzWLjs5q7Bn1MxOpE8MR8NetC2U2Ujmn7HLGtMxEHO6op6eUar0wfG0KMwkpITOTJ9K7SjrdD6RPMBElLRlwP1x65M4Tu26FykxExis0+ft/+I5cX/PU4MtXrqh16hvoX7KnNBN2VZMXXv7luPX3H8hTSyAnYijMxDf9Xcoll1zcqymnD5EA4FER6A+zF+2xAQAAgHlAyMzkqdyeW/fk5wNT5fCMPay5+eCLu3oe/9gVQjO5dq1TYwtyem7dkusHftLign/8J7nkr5/8u5raz6ZjJrbi49/45kLNIb7w5b+VHxkcWF/0f0Jxby99BNt8ZuZmAkAYcvue1h9mKeRA2mMDAAAA08ZRVujripF7YwxCyMxk/8Wx+w/kqe/iA6IlXaNf3NnzeJZr+mYSFPUNjdsyPmo6eUq7IaRUnqjasXNX0VGbdgOYFJgJ4JURz6MY06U9KgAAADA/CJmZmE89uDowNup56H7wsOrG6Bc+uv34LuckZjI4MzMB4QzMBHDM6NgsDusahZUAAACYx8zITP7mwx7VTL6733X8xtiVgYcd/Q+XH3U+vtMJM5m3wEwA3/RP/PEmM0k/PsAEAADA/GZGZjIw8pB9NtdXdt0x7XZ+aeftxz+6M7mZZLe7tfsCHAEzAfOBvpGHXXe1dqEvZFfavQMAAADzjxmZiSgNbGh3Pvj8jjdONR4aF5NeJcMP8DuYc2AmAAAAAAAgWGZqJgAEAjMBAAAAAADBAjMBoQdmAgAAAAAAggVmAkIPzAQAAAAAAAQLzASEHpgJAAAAAAAIFpgJCD0wEwAAAAAAECwwExB6YCYAAAAAACBYYCYg9MBMAAAAAABAsMBMQOiBmQAAAAAAgGCBmYDQAzMBAAAAAADBAjMBoQdmAgAAAAAAggVmAkIPzAQAAAAAAAQLzASEHpgJAAAAAAAIFpgJCD0wEwAAAAAAECx+ZkIalAiCIAiCIAiCII8+fmai1RYAps2dO3fUO4ncWPfuP0AQBEEQBEGQ6YcRE5gJmAHsnQQzQRAEQRAEQYIN256EmQD9sHcSzARBEARBEAQJNmx7EmYC9MPeSTATBEEQBEEQJNiw7UmYCdAPeyfBTBAEQRAEQZBgw7YnYSZAP+ydBDNBEARBkHDLJcfAuSu94RNyPoEnqYmz/37gC8Mt07kQo1xLqDLN9yQwbHsSZgL0w95JMBMEQRAECauQlqL2N3cYMGX7dWDYrX1NWDLlhRjoWkLFdN6TwLDtSZgJ0A97J8FMEARBECSscu5Kr/Y3dxhAzirwVNloXxCuTHkhBrqWUDGd9yQwbHsSZgL0w95JMBMEQRAECavATGaVKS/EQNcSKqbzngSGbU/CTIB+2DsJZoIgCIIgYRWYyawy5YUY6FpCxXTek8Cw7UmYCdAPeyfBTBAEQRAkrAIzmVWmvBADXUuomM57Ehi2PQkzAfph7ySYCYIgCIKEVWAms8qUF2KgawkV03lPAsO2J2EmQD/snQQzQRAEQZCwCsxkVpnyQgx0LaFiOu9JYNj2JMwE6Ie9k2AmCIIgCBJWgZnMKlNeiIGuJVRM5z0JDNuehJkA/bB3EswEQRAEQcIqc2MmNUnV2iI/pmy8al8QItbGRQqC0BC6zxeZ8kJm71rClum8J4Fh25MwE6Af9k6CmSAIgiBIWGVyM2n5IE4Qolo6XN32srIh7Vb9zLKZrI4WhBfXd7tcLdY07bZJ6MzNcyiLeSsi/TbpZcoLmeJaOnMzzrpcru64CCHq3QbtVlGMjFyvLVJpHefa44V4eYcJkYJu/yIHrb6nLVRoTYvaNPn3dlrvSWDY9iTMBOiHvZNgJgiCIAgSVpncTKKEqKSaEBqJl9k1k04hIbfToy2dms7cyc9KB1NeyBTX0pmb20m/Dh1ZLQhrtVsnpSUlSlskmYm8Q3fx2modb9FUkIMKMBMQzrB3EswEQRAEQcIqk5nJPdva4nH+sG6zd7tvtwhvlcmr8UJUxqnuIUdLRoLyZ/hOS0JSeYfL5So7RVvBrvxEUsHtdsdFeNvKs2kmHR/FdmjL6CnJJykk5Ektc7F6kxD3ls19b6jjyNos+QWMmeQuE5SlmqS1K+K6XS55TRCEjv6hwjejhOi1tg5Xd3nS5lPe14zHlBcy+bWoZkJEQohIokve8xmSei0EQSrszFW/C+T7In8XyAUqO2EYz0xcQkKG+163EJ3UIO1T+fY57BN9+8hB5TcqXojMJQftsK2NFmR/JQeFmYCwhr2TYCYIgiAIElaZzEw6c9NatWUqSptYauwqRV7f8JX4r5I2rjIgaTbNhDSOFY1QoQ135RyIcsRn0wY303DvjN8jtdYnMBMbM3JJeEeq4hUGgvLaCZjyQia/FnIgQWK91a50XWnOx2cmygWq2jCBmSgklXfLJZ174uULKHxNEKQBY1N++xgzUWtWJ9VIX2AmIMxh7ySYCYIgCIKEVSYzk3u29Se0ZaLHlRgfKzdu5YJAMxH8m7bexjBFabTOppl0fBSrdYW6JPWU1Kbz9M2EPVWl2f0IzSTjrGuI7bjSnE/QZiLNM7Fnqc7Z8C7z7ZGubspv37hmkmClPggzAeEOeyfBTBAEQRAkrDKZmdA2qGaeSUNShNLencRMNkf5tYnT/Fcps2kmoqclYJ5Ji3oOq4UoefyVUcxEPZDCjM1E3uFa7/dRbE2z+c8kmvLbx5iJd9OpzfJuYSYg3GHvJJgJgiAIgoRVJjcT2+tRQkSs3eFydbRIczFcha8J9iF3R3nSJGbim2dS3EJfk5+YdMTeTfZxKk9TcyKmbLxqX+BPXIQQGb+ZnIC9ziaXDBWvDZxn4q3Op5l07okvu+12+09zV82EbPUKiUt4MclFn2OWVSh9j33zTCb49rFmQt9VZp4J2a0QtV68N9lTE6bzngSGbU/CTIB+2DsJZoIgCIIgYZXJzWSumLLxqn1BuDLlhRjoWgLRzEiZJtN5TwLDtidhJkA/7J0EM0EQBEGQsArMZFaZ8kIMdC2BwEyA8WDvJJgJgiAIgoRVYCazypQXYqBrCQRmAowHeyfBTBAEQRAkrAIzmVWmvBADXUuomM57Ehi2PQkzAfph7ySYCYIgCIKEVWAms8qUF2KgawkV03lPAsO2J2EmQD/snQQzQRAEQZCwCsxkVpnyQgx0LaFiOu9JYNj2JMwE6Ie9k2AmCIIgCBJWgZnMKlNeiIGuJVRM5z0JDNuehJkA/bB3EswEQRAEQcIqMJNZZcoLMdC1hIrpvCeBYduTMBOgH/ZOgpkgCIIgSFjlkmNA+5s7DCBnFXiqbAaG3drXhCVTXoiBriVUTOc9CQzbnoSZAP2wdxLMBEEQBEHCLaSleO5Kb/hkOi1XZ//9wBeGW6ZzIUa5llBlmu9JYNj2JMwE6Ie9k2AmCIIgCIIgSLBh25MwE6Af9k6CmSAIgiAIgiDBhm1PwkyAftg7CWaCIAiCIAiCBBu2PQkzAfph7ySYCYIgCIIgCBJs2PYkzAToh72TYCYIgiAIgiBIsGHbkzAToB/2ToKZIAiCIAiCIMGGbU/CTIB+2DsJZoIgCIIgCIIEG7Y9qcdMFu/qfWwnSZ92w6OlepPQqS0DjxT2TiJmMjh0n2Rg8B6b/oG7CIIgCIIgyDyMplkotxVJhoZH1LDtST1m0tgwkFjc/7WdvYnFA+Okcqj9rvYl08Lj6jiSFhkhCJFRea0u7dYAYCZzDnsnqWYSKCfwEwRBEARBkHmVwNag2lBkzWT4rpttT+oxE5nGErnnZJz8q11beRoMCUJU0glFSDqyEwRB8K+gBWYy57B3EjETcnux99y4ioIgCIIgCILMn2gah2xvCdGSkJmJeGsw0El0m0nHR7G5Gs+oSVp/gn4VXitsSE+IihTSWunq5hVRRFoiX1zLmsl6WhiZ6+1pSRKi3B15pJq07k58MZIsJ7yT1zJ1TwwIAvZOks1EjuYWhK4gCIIgCILwncAmnyaBThJSMxHvBTqJbjMpfE1o0RQ58mI/6iBfhWVpkfFrs6xl1Cs684TY1S2nGsqsm6OiFTMZqkmK/besljqbIETJL00iHhIZaysvI8uu/MTVu2wtdWWJy9JaPOreQQhg7yTWTKaUEwRBEARBEGSehG0izp6ZiIFOIqXvravamlOSuyxwaFa1sKmafBGEOLUoKcI3xCsrXnpJa1qUV0g698TnOaRqguD2VqNmskdrPVzhcQkJGWxBUmzkELs+a7B3EjETcm8F3nnQFQRBEARBkPmTwBagGlZIQm8mi3f2Hr82cn9MW66DcUdzJdXQr4KQpJYlMpNP5NFcRDwEId7lxS31iiRp5qi4XevjI2P/rbCT1z4TRk4emZaI45mJmsB7EUEQBEEQBJmfCRQSkrv3RknY9uSMzCRiZ6+2SDcdWXHS2C0vQ7Y3hbJ7dIk1E7bPROlmoX0m2rnyWjORINUS87mdaFK9KcpOjGSoOu6DR9dBxN5JGjOBoiAIgiAIgszzBLYMNVoSSjNZnKV9cPBMPuQkawWdp557pKzMmkUWYt+lQ7lEfzMRr+R655mksfNMhNjEsvKyrHcS5RLWTBpS4mx1dnudTYhIyAsYMcYTRE7iUh6dlojTMxMEQRAEQRAEkaMKSejN5LGdvRuleR0K94dJyX2mAPANeycRM1HvsMC7EEEQBEEQBJm3CRSS0JvJmTbtjIa8Zn0fsggMCXsnsWYCRUEQBEEQBEECG4eBYduTMzITMM9h76RxzQRBEARBEARBJgnbnoSZAP2wdxLMBEEQBEEQBAk2bHsSZgL0w95JMBMEQRAEQRBkmrl3/4Ectj0JMwH6Ye8kYibk3gq87RAEQRAEQRDkLmMjbNj2JMwE6Ie9k2QzkRN4IyIIgiAIgiDzOYFOAjMBoYS9k1gzmU4C71cEQRAEQRDEcAls5gUVtj0JMwH6Ye+kYM0EQRAEQRAEQdj2JMwE6Ie9k2AmCIIgCIIgSLBh25MwE6Af9k6CmXCTwF5aBEEQBAnDBP4KQ4wYtj0JMwH6Ye8kmInR4/1BTz+xdWh4BEEQBEHCNsN3R6TPF1c+YjzwlxpioLDtSZgJ0A97J8FMjB75hzv5WU9+4g8O3UcQBEGQcI7sJzATDsK2J2EmQD/snQQzMXQkJ6FdJdrvMQAAABDGSH5Ce04Cf7UhRgnbnoSZAP2wdxLMxNAhP9PJD/cHD8a032MAAAAgjCG/ucjvL5iJocO2J2EmQD/snQQzMXJoh4nHAy0BAABgPMjvL/JbjPwuC/jthhgjbHsSZgL0w95JMBPjRh7Kpf3uAgAAAAYBA7oMHbY9CTMB+mHvJJiJcSMP5dJ+dwEAAACDgAFdhg7bnnx0ZnJ++DzCWdg7CWZi3MBMAAAAGBqYiaHDtidhJoj+sHcSzMS4gZkAAAAwNDATQ4dtT8JMEP1h7ySYiXEDMwEAAGBoYCaGDtuehJkg+sPeSTAT4wZmAgAAwNDATAwdtj0JM0H0h72TYCbGDcwEAACAoYGZGDpsexJmgugPeyfBTIwbmAkAAABDAzMxdNj2JMwE0R/2ToKZGDcwEwAAAIYGZmLosO1JmAmiP+ydBDMxbmAmAAAADA3MxNBh25MwE0R/2DsJZmLcwEwAAAAYGpiJocO2J2EmiP6wdxLMxLiBmQAAADA0MBNDh21PwkwQ/WHvJJiJcQMzAQAAYGhgJoYO254MZzOxvby3MqAQCaOwdxLMxLiBmQAAADA0MBNDh21PhpGZpP5CEP6wP7Bck5XC7wILkTkJeyfBTIwbmAkAAABDAzMxdNj2pPHMRICZhE3YOwlmYtzATAAAABgamImhw7Ynw9lM9sdl0dFcQsTPam80Np4tfH1vSVtXoyCsbCSrXW2Be0Aecdg7CWZi3MBMAAAAGBqYiaHDtieNYSZtTDX0mYRP2DsJZmLcwEwAAAAYGpiJocO2Jw1gJge3xAk/ilu5PUsuh5mET9g7CWZi3MBMAAAAGBqYiaHDticNYCZKBhqFiJXnYSbhFPZOgpkYNzATAAAAhgZmYuiw7UnjmAl1kpelf18PfC0yJ2HvJJiJcQMzAQAAYGhgJoYO254MMzPx8rvS86qZvBzzA1r0o5+W9NJqtqyVZO0HiTsC94A84rB3EszEuIGZAADAfOD8tb6H2rI54KF0JtrSmQEzMXTY9mQYmQliuLB3EszEuIGZAADAfCActEQm5GcCMzF02PYkzATRH/ZOgpkYNzATAAAAhgZmYuiw7UmYCaI/7J0EMzFuwtFMOnPjBUFbGDYMdTQMSQvkJIVN1ZqtAAAAHjEwE0OHbU/CTBD9Ye8kmIlxE0IzIQ31qIT1m9/fHBsdSZZd2u3TRpeZCMtyO7VlhGpBiCOntPmdxPjnoshZpdVNcV4T7MdHw7tReVINmAkAAIQDMBNDh21PwkwQ/WHvJJiJcRNaM4nfo7Tq10YLiflTOMCE6DET9wRGQcwkSV1p2bOa2BOzNZCJ9jMOMBMAAAgHYCaGDtuehJkg+sPeSTAT42aWzET0UCWgzfbO3KQasePIevqQvYQ8usndnSB1qkTGJrg8vpd3l2+mvS4r1jNm0qnsRKYmybd/0b1+RSzdZ2SUraMnMoIuyqjVJehpsOstKVFxuzqUFXd3PDmTiMhYclCKS7Mfd2d17vuJZDkyOr7be6rVmwTZXXxm4nElxkdJlxSVdcS7cwAAAI8EmImhw7YnYSaI/rB3EszEuJktM3EVCs9l0EZ6Z25sQkLGWXlqBt3A9FoMqSLhrkkSErLkZTroaiozIRU63Eqx9LV6gr6Oao2ZSCXrq6lmDPnOxFUtRCQqW5n9DDk6XPJRPN2CECsXBppJnCColzc05D0tAAAAjwSYiaHDtidhJoj+sHcSzMS4mSUz6fgoTuma6Mz1G0DVkSX8m01dy4gTCumYL1fha0LaWaWw7K0pzaRDEGSRUJm+mZB9xtOqHVlRKS1qqfeIE+1HrTCOmaibAAAAPHpgJoYO256EmSD6w95JMBPjJrRmohK5LE0pJWbCTMYgzfq0VnVNFE+sp7IhDd/yzUqpS5rCTGqShHcb1GKJiYxiQjMhZ6JBqc/u515n9Z60WGnqvLfCOGbSXUzHqkXGJSodLAAAYHB8PxmX5fpv6VT/ApWYbfffNGfATAwdtj0JM0H0h72TYCbGTWjNRH42V5aV0YYAM/ETCFk2NFPep5xn4jfhRGbaZuKdAEPOJOHtzfSxXd4o9Zn9xNJpJ5Gbd+WVlZdNYiYE2/vxdI5KRKw6HQUAAIyL8JbNJdOv+YuLz0wi31Z+ALZ8MPmTRWYdmImhw7YnYSaI/rB3EszEuAmtmQQIg9ZMui0J7DO7Oj6KXVvsJrawXhB8M8dP0C4IaanTOydEWsmOV/Z/JUt4rdBbW2a6ZmJ7U0i00hPw7c0PZj8n1kd9EDjca3wzUaDTURjFAgAAY6L94UZ+ep+gDynZfKLBN99PqhNPn/5BCfx5+siAmRg6bHvy0ZkJ4A/2ToKZGDeP2EzkWe/eP8ExM+BL1qoz4BOkB2TJy2QhyvvyKGb/AjsDni7QmSd5t5UShmrWTPLejhMiErxr9OhqF4e7W94zs5/WNGFZVqdUoSM7QT2lycyEnVUPAACGRbEN30/dTmVi3u08jZmQH4pJc/0XGZiJocO2J2EmQD/snQQzMW4euZmIaS/SKRnr39+cEB0ZuUJ6jjCFekLiO5vXrohK+Chttff3XFI0/dVIKifGReZaN6v7t70VJURGbX5/fWJ8bFINLaH1IuO9g7JUquVPWly7Ilb+/Mc8VWikM5F2snn9a8Qy4uVCZj+ddDEukRyF+EzsxGYSGRsrjwcjJ6l6FAAAGBd1NNfQPbmgWv5JK4odMBMktGHbkzAToB/2ToKZGDchNBMAAAB8ENAhrJqJb54JzAQJSW7e7JEbk2QBZgL0AzPhIzATAAAAGgJnwAsRcUNDQ7mvxwaYSWfuMmFun0wIM+EmMBOgH5gJH4GZAAAA0CBPMqF4nxrccYQ+myStzhVgJqJ4pZBs6lZW5gCYCTeBmQD9wEz4CMwEAACAoYGZcBOYCdAPzISPwEwAAAAYGpgJN4GZAP3ATPgIzAQAAIChgZlwE5gJ0A/MhI/ATAAAABgamAk3gZkA/cBM+AjMBAAAgKGBmXATmAnQD8yEj8BMAAAAGBqYCTeBmQD9wEz4CMwEAACAoYGZcBOYCdAPzISPwEwAAGA+8FBbMGeE/ExgJtwkjMykJNOSvuOQnSmxplnMmfVMAQgvYCZ8BGYCAADzgfPX+kKuBDp4KJ2JtnRmwEy4SXiZSUbZRfO+Nm/B/eSCi7KZDF9vzd9daE6xZORLW7vqM1IKzxQXkZL99TceqLsAjxaYCR+BmQAAADA0MBNuEm5m0mVOPa6su5ps10TZTJw1xzPz6/v7etJTLXQTNRNren5T/+1rVFcqunx7AY8QmAkfgZkAAAAwNDATbhJ2ZtKcZ3HStRu2HVRCNKO5HGWFDlE2E0lRCOcrk1OsbB3wyICZ8BGYCQAAAEMDM+EmYWcmor3Sdk0k/yanFIleM3nQYy/Jo2O3SLRmwi6DRwvMhI/ATAAAABgamAk3CT8zITaSVpmTarXaPXSZmkmvObtJ6kgRz+QHmAn6TOYOmAkfgZkAAAAwNDATbhKOZlKRbUk/dkMulPtMzCnWnKpr1843JW+1qmaSmluLeSZzC8yEj8BMAAAAGBqYCTcJRzMZabTRAV0Sspk05xclp1rMW4senCtVzaS5iI7vsp7qwbO55gqYCR+BmQAAADA0MBNuEkZmEgSYWxIewEz4CMwEAACAoYGZcBOYCdAPzISPwEwAAAAYGpgJNzGmmYDwAGbCR2AmAAAADA3MhJvATIB+YCZ8BGYCAADA0MBMuAnMBOgHZsJHYCYAAAAMDcyEm8BMgH5gJnwEZgIAAMDQwEy4CcwE6AdmwkdgJgAAAAwNzISbwEyAfmAmfCRUZhK4ZwRBEASZMtpfJ8EDM+EmMBOgH5gJH4GZIAiCIHMY7a+T4IGZcBOYCdAPzISPwEwQBEGQOYz210nwwEy4CcwE6AdmwkdCZSYAAADAnAAz4SYwE6AfmAkfgZkAAAAwNDATbgIzAfqBmfARmAkAAABDAzPhJjAToB+YCR+BmQAAADA0MBNuAjMB+oGZ8BGYCQAAAEMDM+EmMBOgH5gJH4GZAAAAMDQwE24CMwH6gZnwEZgJAAAAQwMz4SYwE6AfmAkfgZkAAAAwNDATbgIzAfqBmfARmAkAAABDAzPhJjAToB+YCR+BmQAAADA0MBNuAjMB+oGZ8BGYCQAAAEMDM+EmMBOgH5gJH4GZAAAAMDQwE24CMwH6gZnwEZgJAAAAQwMz4SYwE6AfmAkfgZkAAAAwNDATbgIzAfqBmfARmAkAAABDAzPhJjAToB+YCR+ZAzPpqm8m/44O9/f15qRYyL/9w6OkIL34Ml3u6yXLjrJC8/Yq9RXmrMKSLnUNgLlm7L58r2anWeSC5BTrNVJy3W7bY20epiUZqZYSh0feuj+lUP730wv0Vf19Uo3QEXh0c0qputWcWS8vjJw8nrqj1ltsN6da5aWSTMv+0+KwdEXmfa3KGUr/n8qXmZ5SSBdGPOa00uZ79CW2HcqFzw528v/7yEAPuS7rufve1V7ylmbWOMnmjDL646A5z2pOLezp6+253Cq/apbe3jnA++Mxp175kbh/qyV5Ty1ZPnPMtv/0sFyhv69VrUC4duyQeV+bsgf5x+y8AWbCTWAmQD8wEz4yZ2YisT/F176RWxsyxEwuFR9SVvqaG6/Uw0xA2HGlyia7x+nS5jFfcXIqtYKMlFLSmpRb0qqZzMptPN7RxzETV1NmaqmzqshbbC9xdCUfvih6zUSpnGdXlpj/TzOk8yeMnC5NTisVx65lN85q65+qiCj/hYKevLJqP2yVT0/6WdGVWnzN70XeatxAfjwq35cx+/7TiuUSrF4fJpesfuMIyZn19gLFNmEmiEEDMwH6gZnwkbA1E/FabaP011naluqCmYCw41NvvwG5XR1MeabUjidmMtxyPDnVJs6ymYx79EAzIdWSCy4SP5H/t5Lb8Rkp1P+nbybkf8eKbIuzpkjjBKFGcYzmPIs5v927OpqRKnehyD8r/BrlEvyaif8PwKrd45qJJ7PKKdorlW8NzAQxZmAmQD8wEz4SvmZCGknZTcRP0rdXwUxA2OGozz+v/Bl7XDfIkN3A1ZzTMhwOZpKcYjHLIf9bUaR2/NjFjJKuYMyEMOzdw+xhl0+1okPumZFGc50urfP208BMvIu+N8FZVSS/adQ/RZgJYtTATIB+YCZ8JJzNJDOlyF5gTT92A2YCwg3Smvf9bzPeeCrFTEhbf2vprJrJuEcPMBNPZsUNedJITqo8oEtpxyenFgZpJkyd2ULjGPKqM907fAujubyLqpk4K7Kt8vc3I63SPgYzQYwamAnQD8yEj4SPmWhmwNOi06Xm7CY6Th9mAsIKV3N2TZd8uz6QCqQ56AN0Dnqudwa86gaOenOqYiazNEU78Oj2w9aS8z39I/ftZbYSh6e/pqhfrW2vlMTC244fbjOnGsJMaF9Bsm+eCZVD81YbfT9vy4rC0Qx4CZ+ZiN4Z8CP3lRnwCoqZkG+3PGVIlDtPdjeTb1+ddH/2D9Dxb9wDM+EmITCTM23X+pm/1oD5A8yEj8yBmQAAZgH6rKodldpSAOYBMBNuMlMz6W8ppeMa8aNwXgIz4SMwEwA4YWyAyEmV91HFAMwfYCbcZEZmYj98SJlOR5JaRJ/ul2JhR4oDvoGZ8BGYCQAAAEMDM+Emes1k+LIty+sk/tFpJl315LX0gXcM6cwIy6Aw+4+IBbMEzISPwEwAAAAYGpgJN9FpJtYPtUIyczNJTlMfZajAzskLCpjJowFmwkdgJgAAAAwNzISb6DGT9FSfh6QfbqdFA20+OcmsuqDjqRhd9fsb23JSfU/pGTl5vMJe/4jNhHlGOJgamAkfgZkAAAAwNDATbhK0mWh6SNTyHP/yZuUjZqdNlyQh5yutdmnqnqspk+z8dKlsJvIMlsbzF607LSXy3L7TpbayQmtZa7P0qMD9Wy37y1obq2ovSDszp1hTc2svXW6nHyy1r00qu5FZ1NR4/kZdUZHvaYMfWumrTjWZpQ/BFUeHyVXQR+yNkEM4zVttZ85fLMmXn/sOxgFmwkdgJgAAAAwNzISbBG0mGakWM9NncsH7vGDfh8tKW/3mi0wH2UzEG/JT0unTuNMqVTPJTLVkyA8zH7uomMbpUvNW9WOkPPKj4lXICcjdNheKDplTbOwmqhyZdMwYNRNv10q2V7GYj1aw6xyWNp+AmfARmAkAAABDAzPhJkGbiai06SeMzga9YiYi7Sqhc98P2a5R/ZAL/Q8hCcnpUt/HMPU1aw7qG81FBEZZHt2/uzB1q7QH+mm40lV4PyuKLMsL7Ie+leRazWmFDtp/AsYHZsJHYCYAAAAMDcyEm8zUTErq2xpP0WR658TP0Ewqsi1O0WPeUUtHafnM5LjyUabqZ7sGaSaN+6zZx1rt18nLB6ZpJoTGslJzqpUtASwwEz4CMwEAAGBoYCbcZEZmoin/dEcIzES815a+81CFS1pmRnMley1CgTUT8b451W82SKCZ+M7W1TyJmXy6XXtRYstx5kDAD5gJH4GZAAAAMDQwE24yEzPRzN8QHSUz+KRF1UykKSvKktdMRNHTf6EpmU5xsZbYe+VNfsIwcFneapdm3geayYPrzUonz4XJ+kzE4cukTnJRuyj2pktDvzLyW5VNIACYCR+BmQAAADA0MBNuMhMzGT86zQQYEJgJH4GZAAAAMDQwE26ix0weXG+25pdOFKf3aV2Ae2AmfARmAgAAwNDATLiJHjMBQAZmwkdCZSaBe0YQBEGQKaP9dRI8MBNuAjMB+oGZ8BGYCYIgCDKH0f46CR6YCTeBmQD9wEz4CMwEQRAEmcNof50ED8yEm8BMgH5gJnwkVGYCAAAAzAkwE24CMwH6gZnwEZgJAAAAQwMz4SYwE6AfmAkfgZkAAAAwNDATbgIzAfqBmfARmAkAAABDAzPhJjAToB+YCR+BmQAAADA0MBNuAjMB+oGZ8BGYCQAAAEMDM+EmMBOgH5gJH4GZAAAAMDQwE24CMwH6gZnwEZgJAAAAQwMz4SYwE6AfmAkfgZkAAAAwNDATbgIzAfqBmfARmAkAAABDAzPhJjAToB+YCR/h20wELwnv5FY73NrNAVRvInXjcztFsSaJLEllnWShWlPPH1pVJjIq7UiHdvO4ePcfL72OLOQuI1+TtNUmx90dHx1JXrZ2l81+e+qrCwnrowRhWa68XPZ+Ajl6Ynp1t0dad3dHkdP5cRwpYV4BAACzC8yEm8BMgH5gJnxknpgJJSJBuzmQ7uo0q31I1GsmEvTlU+Lp3pyeJzJmMnQ2L+tEt7baJHg6c6kXKKwteTRmMkQPJpuJh74zMpGv20gBez4uzesAAGDWgJlwE5gJ0A/MhI/MuZmMjY11dvVevHb73MWbdpKOm+cvdV282t11q9fj8Tz0on3Z9CBNZNoBwgiAq90WK/UzRMYmyG15shz7UUfem3FCQt5kfSbu7sT42MgI2jHS4t/uplU3KfKiHNHdXb1ns6ZyYnwU2ZrwZpatY2jyPpMW63r5DNfuoruVV6Pi12Y1+tSlcw99qXx1XtybX6OFpGZuKz0q3ae3f8NX2eNKiJV7WqRzJqvkDYmIzDs7tVIlRgjxz8n7dNveJLJHT3itcglu8m+1RxTv2WiJ9IaslS5ZJqlGuzcAAAgJMBNuAjMB+oGZ8JE5N5M17xU99eLOf4nfFfHih3+56K3/60vL/uwLP3/ynxO/99M3krbk3L9/f2RkZHR0VLYU7YunQm0Wk5Z33Cb6d33xXou9mypJUjRpwqepdSKXrd18uGMyMxHFvFMdQ26xI5t2DXiPQGH7TCKjV8uFnSW5bGVpz2vJgm1Xod0z2Wgudwlt2Lc4XC3WrEK7strhcqVJPRI+FbnXQC9BFQyJXGsL+Tchgpa7xjMTeW9Rr+e6XB3qzhOyO0R3Bz2KuqPx6NyTILxp8+6zWvWx6nfo4arFasH7tkglSYWvCUJcFlnt+ChWvnYAAJgNYCbcBGYC9AMz4SNzbib7Dla+9P1f/Ppnq5Y/+6uIx7/51P/62lP//Us//NLfx3x7cfZu6+Dg4NDQEPGTBw8ezMhMhMi4N5U2uoykCtQE5M1M4YRmotCZq9aX8RvN9eN4dpNaueUD2ntQ3ekdczWxmUjN+kR1B9Kq1Kw/tZnsIsHCjPjqrpaPmVbn14kj7UroHM9MZIvIu63UVKRCmiVCFgonGYN1JZcIT/WQuk/GTOib5m8m0ntLa8pdSfRi/d8WAAAIHTATbgIzAfqBmfCROTeTkcGBpo2vV238Xdn7m9K+t2DN//mL3331L9d/5x+2/uipC59/7nA4uru7+/v7iZx4PPI86yCQm+OELMkAGkSR+kFkVMKbm1fH0dazXEdtN09iJnlSl0Xki4mb3x6vz4QZzUXkYdzK1bvkcU9RSXXuic2kky7E064GGd9qZy6t7D2QSvcRabfvNnRapPno72xOkIZQjWsmqrTIyKuxz8XKKXR4N0hCRWGuiyWpppO+pQl0qox3n/SNkrTJewmtaaRk85vxkeSa323w7hoAAEIMzISbwEyAfmAmfGRuzWTM4+m25Z3b98nZPEvjru1Fr8ZlPvXN1G//9YdR3zu6Ku7oay+fO3v20qVLt27dGhoaevDggfb1U0FaxhlnXa6OFrk97ZJK8qTmszTkKQgziZea125RLNtEG/7eI1Bo1bdsLpfLXp5FFtNaFd9gK9utaUNk3d1AN5Dm/oRmIrqsiYI0mst+JC1xe4NbqqmO5sryjrgipxoZl9hg7y77gG6I29VB9xBF9uCW53Z0Kl0iUeTEOsrpTsh1yTuXRnN1053Lg7veouPcuu1l3gsaB5eXDHLG8RnkWuTXdrvoMDBBugTyb8JHLba36PHXlrhphRW58qu0uwMAgNABM+EmMBOgH5gJH5lbM/G43Y5PttysPHatouTMxzuPvPAve7/7lxlf/y+7f/L3Jb/8/sGXok41NZ0/f/7mzZuDg4Ojo6Pa10+F3GhWkJ7Npa4lrEgIykzSpEkdlOjx+kwYhsarLA95kpi8z4S8KYpHUWiXhfQ4LC/qQZkdkqMkVQ8pA8YEemm0P4jOw6/znVqU3H3kaUmL9RZJO6+W3ElG3fkkMP0wvmdzCQm0RO4pkun0iHKfiYJmkBsAAIQOmAk3gZkA/cBM+MjcmsnDsbHLH7935fCezsO7P0sx5/zLk9lf//N00//I/v7XKp//bupPflBXV9fS0nL16tW+vj63+9E8GBeEBuIjZcqnrNBuHP/HiAEAQMiAmXATmAnQD8yEj8ytmYyNPdywqzz7UNOeglObd5W+t3nv9thV637w0qtLXvuu8NIPfrr8xIkTjY2NHR0dLpcLZmIsaF/Mj+n0Ffrxi0KUdjMAk9BXHJGw4YrTeeXkAdOCpXJZxAJTRMIWJynsoatLyerKbQ57uSliHfvSpabF5aXlcuh665aI32yrveTc9puInKu+ald2LzWZlBeSJd8Glap1Ode1ZY+SsvIyNULEaptL3BwrpFlbOk7lCRGJhfJzLIbsQmTkONrv6Sblvkd1d+bFvp3ncnVIT9GgtRMiBLuDjvSMkjtLO3PHf653TdI4Ow8/YCbcBGYC9AMz4SNzbiZrPrB9fPDkJ/mnunpcvb9+6+r//k7rLxObfr3mu//y0tM/XV5ZeaK+vv7ixYswE8Phas2jn+hCn6QcW+3A9w7oxLxI0oaegqUfX2FuI7fpmW3t0kMxtj3j5xUxJsVkZAoSTIPK4qApoUAtX2oKdzNh6IhKoQ8EH3IolrBaEOL30OX1sUJL8TjykLUisrDGJxstH0TRh5WThZQo4bkMsiA8R5+ZLpfQyWswEyQ8AjMB+oGZ8JE5N5N3dlUePXH207IzZZ+d73rl95e+9oPqJ79nffrn/yS8/Ozzv6msrJTNxOl0wkwAmIesWUC1IWepvzxcz1lX5V0mCnHTt8W0YINvRRTXMdahGkh7+uIrHtEoZlL4Gn16B8t69gHiE8kDIxuuI6vlJ39kLROEt+izLoQI5dHkpIT+YIWZIOERmAnQD8yEj8y5mbz+wTHL0ZaDxa3vbDv+lR//+3eeWvH43yw2fffF7wgvPRe/hphJXV0dMZM7d+6MjMzZeQIA5gL34KVy07NbREkwzuxeE7PIZFoUM+gRRfu2XVe9tVrNrEKYFpBKlC2l9DHY237isw6TbCD2bYulfhWjmElcwGBI32gucWJ5YGXD0ylEJrhdLUIsfVoGITdBSKvplku0lVkm2nmYATPhJjAToB+YCR+ZezNJO5adf+qTQ6fyj7WsXJ+9/PUPYuPXvrDiD99+6sXoF34rm8mFCxdgJgDML9yDTueVptIDpgURoiQP3kFZxChemcRMVNrTFxc4yVd3vLCQOEn8H8sXmxaTddPSXVekoU3GMJPbeYn5fl0ma6PpAwB9TCQPrGwM2YXYxOo964XY1XkdtI8ka0VkWnmLXKKtzDLRzsMMmAk3gZkA/cBM+Mjcm8kW266Dp7IPnsy0VD/76gc/jf/Dj5/77fJVm372/Oolv/i3iooKmAkA8xnH7qW1/l0fMVQwzizdrXwyKDGQM+o2llazz14oblNCQe3v5Q4VlXW14W0mayP8HuedFC24NB85O5E8MLKRpD4T/J5tLV2uXlvsHRx7z0arwUyQ8AjMBOgHZsJH5txMkj6u+ORQ08Ejn/0h7cj/jPjd//fNl//iyWf+9p9e+t4PlsW+9Hp5eflnn30GMwFg3lK82kTEo337Ynm+u0jHa9G+jolmwKuUr1vUxDTiB6vWbah1O+3KY7tITKb48tJ2Z4CZNNW20y8aM+lrrz2puNCjRJ0QQnFVx75b7VuVmUgeWDNR9eZsWiwdG9aQaPX2w5xNS2sNMBN3t+I/mp27pA6X8ANmwk1gJkA/MBM+Mudm8uYHRwcPHhz+tNDdfia/bPF7u7/yJ//n+09887mE196JffH1srKy2tra9vb24M2kdp3mb6O/r9VWmQUGa7eZpHEjTs3fNckJqX+sXRRRcEkdmTIhzsMrTQtpC4ydwgvAuOS+I33O5Y/jugNuPEPS07RYGoJlWriooF35nyVndcyiBaaFQrzSOO4pN7+8iNQovy4X1C76YxMdu/UTaZ7JwkVK+c0DdHXBogOt2v/p2NFcXmgXijx+jJiJr3hpTu3GCNPClezLHwGu/MQs+uQsBd9Hl1K8n17KyIPPQESNbAwlxNKndyeml3VL74rdul7eCymRKzN7Tuq0JFBdEZXPnFVYltvwbpRNnd8STsBMuEmIzOROmznFQrP9UfziB2ECzISPzLGZPHyYfupa4yf7Tn+yr3NLyltpC2J//cU//d+LvrTw2aglcT+KTSgtLa2pqdFlJgoha9bbt01naIfc1ilfR5symk3ETNS/uK6TH4Q6PUJ2CYBbfPMOfA3WeYYz/xWtecw/hDdt2qL5AcyEm4TCTIbt+7dKWpJi6RnVbgQcAzPhI3NuJrtLW/J35ZR/nLsn2bzr0D+tePt/ffVfFn75H3/6xobnfhTzCjGT6urqEJrJK8/SP7Iueln5W6nphZzi3y9dtMC09I/losdJFha9bC6XPsdt8FLBIumPtvF/pJ/XRjbJSH+AGaRzahcsillBnxrEYjKtEaXxJ+wnJ8iwZpKzVF4efOVn9CALva3JLSvoX4XJCRZfp8PrZc+BmYDpE6/OKABg3gAz4SYhMJP9qYqWaDcERVd9RlmXuuYoKzSnFDKbQ0JXSaal4lRb46mm5FRL87B2sw7IVe8/rS2cP8BM+Mgcm8nY2JaPij7KLNrxUeFv3/gg+l9Nf/L/fOlP/t8n/+orT33r2z+N+NELJ07QT1qcyWfAs816+YMRJAZNz2wT1aeIiqLTGq9MqD1pXmSK8VajKEbBDDpfrO7Tc8X0hvQ5014cuUvjV8TE72Y/Ek7BZyZ3naaF/n/Y9tTSo1/PYbtlYCYgeFzCayH/7QlAuAMz4SYhMJMMeRxXiuUBXRtNT7VYz2nrTM2jMhPvHyyvmTObpL+KzgjVTKp2z0zMjAnMhI/MrZk8HPNc3PCbG4fzrx+xNWV8vOObT771P/7bq//tv7658Nu/f/rpDT9++uSpU2fOnLl+/frAwMDoqJ5uWbZZrw4rF71zXn0lqnhcz5E3ua/XLv6h8sEIGjNhR2qZ2A+cJqKyIKb2/ZiV+Vek1dpX8ulTS2WImZxxEhzttcUL5YHsonvdy4sjpIPIXrTmGdqDklNLl2EmICi6i9dGBXzwBQDzAZgJNwmBmdh2KGZi/tBm3Wkxpx5vvKetMzUTm0lzURHdeaq10TtWjErFmDM51ZKcVUV+8ztbKkmFjPw276s9mTusbH0vrJl0KWYyNpCdZSUvzyxu7x+Ttoz2JHt7gZSOoDGnfA7MIRQUM7nWJFf2XoL2BMyppRfKbKRC8g46ADRH2pq+r17eWpGnXGD+yZm70iMFZsJH5t5M1ic6LDnXLZYzKVssX/qL9P/+5//+53+20fSNjU/988YfRpw7d669vb2rq2twcPDBA+kPIEGi20wiTKamS05nn5sYwjTNxHl4pfSU0kFqGh9fcZeuOcD8b82O5mr646Lyu6QkYoO16YqT2IvD+whUt9NeQOykaRBmAoKDaEnSCc1nhQMwL4CZcJOZmsn+rZbs+q4zhw+pTXmn3L4Plq56dQ/eUDNxVhV9Kn8ektQvYZd2TrZmVkl/huyoMu+suiQV1u2xXCJfXM2ZqUr3hTXN4t/a8prJ6HD2h5Yq/5/eFdkW4ipkIdU7LG2k0VYiPYCCnInNIZ2DvTLn5H31JdImpc9kPzOYjT0B8z4qM2Z163ArMTdpyXOh6FDdPXrhxh0PBjPhI3NsJg/Hzm/5d/tbv7b/YU3B976267/8yebH/uSN//QfV/3nP/3dV7+Y8ery7u7unp6evr6+e/fujY3p+fnCNuuZeefqaK6JzMRhWl0sbzEvUvpM1M9G8D1j1NPOjuY68/6i2rvKsvPIGtM/bVA3iQFmUnyX2c9Js/rhDBIO08ZamAmYPlERsdoigzMyMuJ0Ou/MGLITfVPUwgG8CdMEZsJNZmYmA/IjuazZVdf2Sz0P+af0/tW/qz41r6mRTgKhqcg7JJsJsRHf7+rTpfnn6VeySXYGcawttfiavPFS8aFmUeyvKTKnFMklzXkW/49eomYia09yZqXfFqmyOZN2YvhGkZ0ulYal9Zp3N/crRXZzvvSMcy/jmgl7AubUUrmad2OXOVd+Dp9kPl3kEi6ad9A6RgRmwkfm1kwIt+2t9b9eUhX73cNPfXXn//zTdx/7T7/9v//jqv/6Z7//jqmtrra3t7e/v394eFjfJBPRv1k/WLUu5o8FzktNBzbGrKsaFCczE7IpwuF0Xjl5ICJiEf1B5CyIeKPgipN2cFzZvXTl9lqHvXzbyoicq8oOKFdzTM+uKy8t37aazqqPWWDy/mmF4h3NdaWptFie37LtGdMBOz1IzMIIaZ7JgQO17WS9fPvKDbW0rwZmAqbDUE1S3LuFZeVlcnT+rxJmaBvXM4P8DNEeIOwh56y9jJmhPQBHwEy4yQzMRNESqaGfR3sGZsQEo7ny05j5G131mTW9Im3olzYrRXb1VeQlpNB+mAjS8f6+Xjn+Iz/Y0VwKjfus2cdaSc06i2ImpE7d9YGRsdGcrXKXy0XzPlpBybDfCLEJzMR3Av199EchM2emy5xnVxZPl1IzoXgqiopSUy35doP93ISZ8JE5NxPCqNt9d3Dg0rkznx0vrik+euFM6y3H9fv37rolRkdH9fWWAAAMSn9/v7ZZPWO0xwh7tBcwY8i7qj0GL8BMuIlOM1EfE0yiTM+YIROYibOmKP984GiuCc1EHs01QQN/HDNRezPIq2QzcVQUXvOfn2JOse4/Pf4uVTP5dLvfaC5N7anMRIFcl9962AMz4SPhYCYAAMCibVN/Xua/fisnJ49dby0rsOTm7LXapI1XD+7LIRwsaWbraI8R9rAnT2HehIIDe8kF5hVVMZvpm0AK6y7eUks+L8sr+5ypYcA3YZrATLiJLjOhvSWHMvOPh6a3RGYCMxHHusyph85cvmY/1UQMQd46mZmIHkdFkXlnaeOptvxcZVSVl3HMZH+axdZ240xVZfoOq9pnonGtkiwqYHWn2urKqqz+c0JUM2ncZ7HWXztzmXbpsCeQnE89ZDIz6Wr6tKqt//rFxqrKZP+hYuEPzISPwEwAAOGGX2u6s5U2w3P21pxTCm7Zy/Jy/cwkZ9/hms8dbRUHm2/daT9xsOHc9a47tw7vy2HraI8R9rAnT8zL9yZ0VBV9drnrzp2qgr0Opg55E27dcuzdZ2v2ukneAZgJYrDoMRPfbI19ypQJnkhPsyrTXerrzakatwF+wEz4CMwEABBusI3psrwc/z4Th+V4WxHbZ3K5qvKCsphz5KRa/HlZ3mV1xYCNcubcPz9cd8v3JjQr7nG9psB3gd43oe24RX4TTh7Ze+tOA8wEMVb0mAkhf3dRZlGIekvCittN2Y2+p28lpxxitgEtMBM+AjMBAIQbfq3pO10HLTmWQ8fklcP7qJP4mcnZkgbvYk6e6jC3cqx+Y8C0xwh72JNv/+wY+yZUHqIdKMdamC4T75tAfIy+CZ11ldRJYCaIwaLTTPily7zV1iNNXq87ZktWR16B8YCZ8BGYCQAg3PBrTd+hze2aYwelnoKOw3XX72jM5PMyn5lYK6WvtzpqDzd0qjUo2mOEPX5nf4d5Ezob8o7WtXdezsvNYeeU+MzEWll1aK+0BjNBDBaYCdAPzISPwEwAAOEG25huqGm79XlZx5nKokbHnVuOyxKHc/IuX3V42+XnDn8m9x58frCKjm/au6+gyu5rtMtojxH2MOd+rp1crPdNaChS58802HyT/JU3gYgJeROuym/T5ZpjLZfJG6VW0h6DF2Am3ARmAvQDM+EjMBMAQLihtqQVtM/mUvtMLufk0+dTeZ/NVXRHapqrFDX6XqI9RtjjO3UZ35twXX74mDy4qyo/R55tIj+bq8ZPydBnghgsMBOgH5gJH4GZAADCDb/W9J1xzEQH2mOEPdoLmJdvwjSBmXATmAnQD8yEj/BtJhGmhVeczoKNMRtqpc/Fvp4TsXKb/NnttYOi2NNeXlouh9QpcEovWWCKSNhCP6q9h666azfEf1DrvNluMkXI+1y6wFRudyh7EEXn4ZUxfyy4cvKA+WcL5RKTKd672yb5Jdt+udC0cKHyGfN9xSsXmHKONJGXmBYspSXMaZgWrCSnoVYg+5RfRV7ffpN+IL0pwvuh9QDwCz5pUQw0kxmDT1pEwj8wE6AfmAkf4dpMnKaVBcrC6mKiJuVvmNrlz271tC/6o6INMtueMdEvPQVLP74iSYyMsyDBJOmGeOCXJqncbXpmG/3q3YN5kfRCqSTi/TMiNRN/eegpNj1rbireoJgJ2cVd5Qi+1yoo+1QriJ6mRXSfZxanK593pJwnAFwzMjKibVbPGO0xwh7tBcwY8q5qj8ELMBNuAjMB+oGZ8BGuzUQ0RZjpl8Hyxdtpy36pydesN5mk/goFpymBOkzOUm27/0xKRJOkCetki7ies65K2UT2kHOT7DNGrSzv0/RCjlrio2qdaiYqaxb4HY5YkNRtwzBYvHS3gxx011VvCdnPTaYCAJxCmtFOp1PbuA4eshPjtsjxJkwTmAk3gZkA/cBM+AjfZiL2NZlMpoW/kXtO/GyEsRQ37UvxFsZsLKDjpko3RGyslTdveJbsw+SUO1sYwSCViaXUbozYcLjdeanpwMYYef+1peVOp6O99oA6AEzzQpGeCSHCcddX4uuNkZArLE2Rz9xtWhDjII2LS00RERGBhgMAAPMZmAk3gZkA/cBM+AjfZrLuh6YDtU2LF5pq++jqYqZ/Y5FqKT0H4r2WQmRDHrslUjd4RdpavPBn6wpSXln4sy101b5N7b4ge6CS4BmMWWQyLYpZs/uMybTG+2pK8WoTHd0l428mxDKaSg+YFjDq0nPglXxfl4lcYUtCxIYqeka121+hqrIoxlm8ptjPZwAAYL4DM+EmMBOgH5gJH+HZTK7nbPN+XOpiySLYeR2mRdJAL2lIlTzWi7DtJ74KMabFZA9Lyb8y9m2SWpyhw6skyB584kFpl+aE+HDmv1Iu97SIWjORcexeqvTLBIzsUtHMWsE8EwAA0AAz4SYwE6AfmAkf4dlMRKdpIR0E1WTdEPF76blZPQXqs7kKpEdv0Snm7FT4wVrTsxsK7I7y7SuX5jrkGfDmw+1O55WYBUp3yiveZ3Mpe+i54nQ6t/0mwjt2q3bD7mJlNJf86C0Z1UyqzItXbGi65Lxystg33Mv/NNQKZLdrimlHivRgLt8qAAAAFZgJN4GZAP3ATPgI12YilqfQQVCLfhg/6O27ML+8yGRauOhlpcPEmf/KNqW/RCFndcyiBaaFQrzyeCyPM0ZYSHayzurtD+kpJ+vqHsQGM9kas2JL+XX5Fc6YHy6SRl5FnJGGkCmoZtLTlPP7eFph4aKCdmXsmOY01Apkt3IJPQNmFQAAgArMhJvATIB+YCZ8hG8zAQAAwD0wE24CMwH6gZnwEZgJAAAAQwMz4SYwE6AfmAkfgZkAAAAwNDATbgIzAfqBmfARmAkAAABDAzPhJjAToB+YCR+BmQAAADA0MBNuAjMB+oGZ8BGYCQAAAEMDM+EmMBOgH5gJH4GZAAAAMDQwE24CMwH6gZnwEZgJAAAAQwMz4SYwE6AfmAkfgZkAAAAwNDATbgIzAfqBmfCRUJnJPQAAACB4tL9Oggdmwk1gJkA/MBM+EiozAQAAAOYEmAk3gZkA/cBM+AjMBAAAgKGBmXATmAnQD8yEj8BMAAAAGBqYCTeBmQD9wEz4CMwEAACAoYGZcBOYCdAPzISPwEwAAAAYGpgJN4GZAP3ATPgIzAQAAIChgZlwE5gJ0A/MhI/ATAAAABgamAk3gZkA/cBM+AjMBAAAgKGBmXCTIM3E0Zq6/dC0klWlfS3gDpgJH4GZAAAAMDQwE24SnJk051nMKRbz9sr+vt6JkpMi1UmxaF88OV318qvMqdb8Uz3arbNAdqolueiythQEA8yEj8BMAAAAGBqYCTcJ3ky2FjrHfCX5OxQPuTDsLRpzNucX6TCTjLIuebE5z2q75r81dJjz7NoiDhi+mFp0UVs4+8BM+AjMBAAAgKGBmXCToM1k/2m2wEkMxJp/PCPNkuzf4p+JmYhXqjIqZqnbpJdPM5EUUVs0+8BM+AjMBAAAgKGBmXCTGZlJT0UhMZAesaskUzt8ayZm4qwqyj9PF8hu92+1VJxq65fKk1Poct0xmzmz3iH125hTbBl59XWn2qw7LXUd9flVdCupJjeyyGtJSeOptuwPLSUOjzg63N/Xat7X2t/XS7emWOQjOsoK0y31pFpFfqHsV6TEnGpNz6OF6oWQ3TaeuthYVVvlkgvCDiInj7jnBGbCR2AmAAAADA3MhJvMyEzEc6XmNNuIeN9xrt6ccojZoMdMlHkmRBjy2+QyYia+UV3nK/ef9qjl5t3Not9Rusy5rfLSSKOthBrHRbZ7xJxSJH21q4WqmZhTCtVq+1PpDqmZeAvJMj2SZCaOEeUEwhVPf+PxKseotnjWgJnwEZgJAAAAQwMz4SYzM5Oxi97Z8O3mzHpmgx4zSc1rajzVduk27dCQIQaiLvfXFEm+QaHTXdIqRT+p6PJ5yOlSWrOv2Tc8jNa0Sl/HNZNStRo5Yr9iJkqhaibOlkpyUXWXfacXbvS3lCZvtWlLZxOYCR+BmQAAADA0MBNuErSZ0D6NCl+LXxy4nLGzaH+x0l8hKs167eCuqWHnmXhhzWSCPpOJzWSmfSZaM5F5cL0++fAjHTE1TYiWlHSoTyF4RMBM+AjMBAAAgKGBmXATPWZi3unXPaLBmqrzqcFTmMnYRdlGRGlgVWaVU5zCTDzmVNlGpNdmN0lL18wWZaiYaiaZko3IyF0rk5iJ34HCCM8j7i2RgZnwEZgJAAAAQwMz4SbBmcnw6VJ1NsgUSZVHT02bKc1EFB/0tCWn+j22eFIzEcXRnvQ0ejLp+2q91cSSfYdka1LNhDTr92dZSWHyh0Vyp8O4ZqLU2TkHAjA1wze0JY8EmAkfgZkAAAAwNDATbhKcmQDAAjPhIzATAAAAhgZmwk1gJkA/MBM+AjMBAABgaGAm3ARmAvQDM+EjMBMAAACGBmbCTWAmQD8wEz4CMwEAAGBoYCbcBGYC9AMz4SMwEwAAAIYGZsJNYCZAPzATPgIzAQAAYGhgJtwEZgL0AzPhIzATAAAAhgZmwk1gJkA/MBM+AjMBAABgaGAm3ARmAvQDM+EjMBMAAACGBmbCTWAmQD8wEz4CMwEAAGBoYCbcBGYC9AMz4SMwEwAAAIYGZsJNYCZAPzATPgIzAQAAYGhgJtwEZgL0AzPhIzATAAAAhgZmwk1gJkA/MBM+AjMBAABgaGAm3ARmAvQDM+EjMBMAAABTMjIy4nQ674QCsh+yN+0BZgDMhJvATIB+YCZ8BGYCAABgSrR6MWOGh4e1x9ALzISbwEyAfmAmfARmAgAAgWSkWLRFIaGrfrb2PJv09/drxSIUaA+jF5gJN4GZAP3ATPgIzAQAMA9pLCoyp1iStxdlF7dqt0lM5A8lmRbyQl8y67U1JifATAQ/4klJx5E0shS1Yn3e2SG12tDZLGFTte9lXuy7EpJqfKtl7ydERQpCZFS3W1r3uFr2rCV7i3szV6lRk5Tb6auvEi8I7H40hGoclwbtYfQCM+EmMBOgH5gJH4GZAADmHedK8zs82kJ/JjITGeoneXZtKYM5pVRbJBNgJipZcUJUSgtZ8EqFPe05QVoaihSiVudXB5pJ1orIwppcn1G0pqWdVRajhFjyb6IgrD4i6c3tvLXF0n51mYlWKe7cKftcWeiosx3cl5OTa7l6y69CgSUnZ2+era5DLSki1YoamCowE0QbmAnQD8yEj8BMAADzjmu1GcdusAWsLcjdIKQkPb/Jfr33zDFbRkWXr6qEn5ncazfvKK04f+NSfZX0Ws/IQK855Xh/Xy/Z6Kw5nplf39/Xk54qHWJCM3EJrxW6/Eo6s+JlM1FWA82E0smYicuWaO2WF4WIteTftGjFdoZOrM/qkDbM2Ez25uSVtTnKPr/Vdu46WVVlI+dQlVqn7bjFIS18XpYnL1yvLWgoy4OZIJMHZgL0AzPhIzATAMD84745xVLS5vONcc3EO0HbY07VdoCwZnLt2KE6b1V1P4F9Js15Foc4sZl0ZG0+5V/SmhYlRDHr0zATOjYsMiG9umXP6qQa2lUyVJMUJQgdLndcRKRSY8ZmQsTkc6bPJOdgpdQtcmuvrVmtU3UoR1k6c+yk9DUvt+BzmAkyVWAmQD8wEz4CMwEAzE8euK6lpioTRcY1E7Uk0CVYM9nPbFX0gzGTBz32kjw6p4VkEjNJFNjuEdLWtgsJuZ1+I86mYyZDkRGxiell65dFrrbSLpLu4vWxEZHVp2yRQqRL3tuMzeTW1dbKorycfQeV4VudJ+kwrdwCtk6JxWsmn5cRh5F7TmAmyJT5/9s7/58osnx//2+VmJBsQjIJySQkm5CYkExC/GEnm4y5ycfcZMx0Rvr2bZkMXhkud6cbqelGRHu3VegBAS9fHL7J2OrI4MDIAgooXnsUFLY+51RVV1dXI0J1i9TxefKKXfU+p6t615Xm2fOlMBPwD2aiRjATAPiIyVpe4bKFV6Vm0hhOOscWbjMRx+669fM0byZPQ2231syj211vN5OXmdrvrLlWJluzWn1r4dTm3WYy+KVmLVERpL+QqqN92uxcVztuLoIv20wshG8Iz1hdneu8Ya8kaZenNu4xE+EiMRepMacXZkK8wUzAP5iJGsFMAODj5eFAk8dMclOOmVhGIWdzRfvtwzxuM1nMdDuzuayrGdJMrpuvS6H4lPUTNhl9q5nMflfb/aRw2lqvFY+WWLzbTEa/0pyVKtbqea36zKR9qRfaiW756jGTrWVrLMVjJsvjo7OuVS8FmVhdHb0z9/vSas/tO7FEZnX1rmMaiVin0+dOT2GdyZzQF5Op64nY5SHxXofCDcoDM1EmmAn4BzNRI5gJAHxsbN672RiR06s6MvfXdsxSbk5WzqaSk2t5M7k+kUo1RWXxTfHbjZK9uca6UvLt0Yv21Qzjl0xaXH/FMCasJnGRO71vMxNNqy2cLMTduwi7bKFgJpoQDmdRSvE6k1Of1VQdk7sGZxbN4ZPlwegJIR1azWen7B5DpwtXPx5f0Ouj5rbJslMecZv6Y1pNk1w6b1GQiTzOOpPha516eywWb59aEGdzA12xObNu7c2VGsr3YzYX2UcwE/APZqJGMBMAgECxfvJq4TknhwPPMyGHE8wE/IOZqBHMBAAA9oZnwJPDCWYC/sFM1AhmAgAA78RrFWWTy+VX55QNZqJMMBPwD2aiRjATAAB4J5ubm5Wa0yWuI67mvUEZYCbKBDMB/2AmagQzAQCAQIOZKJOKmcn/xK8vPHrsrYLSYCZqBDMBAIBAg5kok4qZSSisX/ihz1sFpcFM1AhmAgAAgQYzUSYVMxPGTD5CMBM1gpkAAECgwUyUSblmMvdwKRSWzyoaGv7Z23YA7Is46Zj29oAjCGaiRjATAAAINJiJMinXTL6OJBydWHj0eOO5vw3gXo2Nz4j0JS5eMQ9+Xff2gCMIZqJGMBMAAAg0mIkyKctMLCH57++vPVp8cu67lHXq7XQQFjPdE94aHF0wEzWCmQAAQKDBTJSJHzN5/frN9vaOkTcT9zwuURetha4HxGMmjWF9eOZBOp7smLaHYpq+TWV/f9rVKu7bLc+ne69cSzUnRsbGb4Ui15u/TY2NzwxfS4cuzIjGrrN63/hM9t6DK3GzM1QazESNYCYAABBoMBNlcmAzmZ37p7CRxmiys3vIKJaT5//3h6iL01hHxvu2/VFkJjsPGnUpGIaxFjp3c96pC9ZvtViDM9O9jZceWLU2oTG2v2yHwmnx0lzeAA68E8xEjWAmAAAQaDATZXIwM1ld2xDicb7tH80tcu5WU7MciwiZ+wVvbb0RB6IuWsVBpOmi9837wG0mG0P29DAz3T1Lsjh29XpjxC7K8+leqy7oaSl4iD2isjoje36bWnvttEAlwUzUCGYCAADvhGfAk0PIwcwk0z9pKcGL3MueH8etY8tMbgzeFgeiLioTU7O2ORwQj5lc+eXpxjMrzzd3DGN9JvRNel6cPp+K7cdMxL+ipQd9qVQowmyu9wJmokYwEwAAeCdevSibXM7ftkm7gJkok4OZSeSbiy1tcqKUYcqJ20x+uHjDbSPlm4mx8yDUMuJqNG536RNyeYuxZg6nyKN3mYnFYg8L698LmIkawUwAAGBvNjY2vGJRCby38QtmokwOZia3f54LmatKen6ccKZUWZXsvQVxIOri2Gk6KJ4V8G9WZuTcrUiya2zJ/L3pdXNUnv7yPDccf7eZDCTs+WCxa/edJqggmIkawUwAAPZP9lIya/7/pBahyPXCiYvmTP4XFJOt8TM1DdH19dnaY5p2wv7/T1s/q9KqquIL7o4STavOLi5//olW/eWgPF9IVP+lNZNdbv1L9eALWajTak4lM5kfZYrfalNfpZ2Wy4GN0a+qtar69fX103/WRuW8FsMYOl16R0Ne037LrniVokJ4b+MXzESZHMxMjPySdyt9A0UPRHQ3/XDxhrsJlAQzUSOYCQDAAcj2J7Pb+ZN5azvQEuY9ZiJ+ebZf/v65ptXJo+W09ufo5NUST3iZqf2vWXlwv7lWqxavmX/TZq0bbs9WhycNaRF13ne52V6o+z5uaUaDpn3+d/PWTxInr27JgwqZSeauffD7dOaSHou1Jx67m5fu6+2ymBqS/e6PZWLi7IdLmenf3b28t/ELZqJMDmwmgpk7D3/O/ja/sOJtMAxRF61zDz3/GkFNMBM1gpkAAByIUKTXOnDGT1q6RsbmVn4d6W269sh4ndt4NtV0dW7j2VP3u2xunNK0+sJpiScsfF9nDpRIBr/Ulk1ncFqt92rHTo86JQ/SZ4T5DFqaEf1Es2TmxY1TrabvlN7RYv9m0h5LZGYWM3cfz9yRmhG7PLxo1mOXhtzdLEZTMdfZRLrdfYqZEG/8mAmABWaiRjATAIADkT6nWz80Q+Gkpym/RDZbMmZiox2rjz90nZd4grARp2BZij3GYmJZyuSPmdHs8ux4usolLRba8dYFOcBim4lgfeyMJkdOlu3zkjta7N9MLsVi+pX+/JjJ3dSYXU/EEk4fm0ejqfZ256z/cnuss9/VjJkQbzAT8A9mokYwEwCAA7GY6R6Waza2Q98OWJWeRCryjXyk295msnz15Okhe1qXTYknzP5XjVOY/M9qcVzjMpNq17EhO9d2r7vOp6KttvbYZrJ89VTNsapB6TBV69aUsJI7WuzfTB7/NtWfSsQudP4m52/d2cNMpJekRq1jOZvrUv+U+R4H7238gpkoE8wE/IOZqBHMBADggKyF4lO56d60+Rzogb/pa/mGPcxk/cbp0zfcGmFS6glT0XxltvlTOSQSrXbN5qqOOseSgopItGKEaWifNltzuGTr8bh8Kb2jyf7NxCJzV6hIanV1LtF336ro8rTAnUxiYsFdEDwuntyFmRBvMBPwD2aiRjATAICD0ubahnT+2sXYwPzKs6fJc86YydPQ2esbzx45/V8Mna79qtvaTUvEXIpu4vIETWuwBkCcvbnsXbyedDt7c3U/EecLJ79LZMZnZ8fTmrlE3hg+LTykWHrsMZOGY1pV3Zn19fXEV7X2cM3QaWdfr8zYwuhXWkOXfKswk4Zv7fq6JTn5PcSMYjPpvNAekyMg7VOmeFyKtV8eurs405+6tShEZaArNre6ejeTGM7OWSw+Xu0ZnnksXGXocnusMLlrFTMhJcFMwD+YiRrBTAAADsrYBWEmKftkZ00+5CCsJ8dXnEexJVuSoUhhFcrgl0WjGYVBi4KZLGsNCcsulm/IlSH1X2eW8wZz5rPqKmEhn50xz7bqP5WnWlV1ZtHssZCoP+ZZcJJfZ7I8GD0hpEOr+eyU3TIkNcbmeHxBr49OybLslGfQMMQFa5rk0nkLt05YvGVvLttMUtJdbETPVKeUmfbOVP/kb65rYCbEG8wE/IOZqBHMBADgwzMVtbcGPpLwpEVyOMFMwD+YiRrBTAAAYG82Nze9VlEJvLfxC2aiTDAT8A9mokYwEwAAeCdCTtbW1rxu4QtxHXE17w3KADNRJpgJ+AczUSOYCQAABBrMRJlgJuAfzESNYCYAABBoMBNlgpmAfzATNYKZAABAoMFMlAlmAv7BTNQIZgIAAIEGM1EmmAn4BzNRI5gJAAAEGsxEmWAm4B/MRI1gJgAAEGgwE2WCmYB/MBM1gpkAAECgwUyUCWYC/sFM1AhmAgAAgQYzUSaYCfgHM1EjmAkAAAQazESZYCbgH8xEjWAmAAAQaDATZYKZgH8wEzWCmQAAQKDBTJQJZgL+wUzUCGYCAFAJss2ZJfHSFk0m77zyNlYM+y7gBjNRJpgJ+AczUSOYCQDA3oTCupWmvw142wrkzSSixyYraCbbXX/rtu7ednXqvZrJ+lRc07SqP5/01AebGmr/pGl/ql3ftitbs+kqTas9EXX6tJ6oFe9N/PzCOo0f15wmN4NfagveWgXATJQJZgL+wUzUCGYCALA3oZaR/OF2Y1h3N7l4L84ghORNUeG93EXQfULT/po2D9e1L6wDk6lo8337sFarFn9m/k1ISbM8356tDk+K19nvatOmkqS/0LSGhIGZEL/BTMA/mIkawUwAAPbGZSaGca+/Y1qOHawNpdquZVfmpvKttjM0h/WOaWNtIDXwzCw/m2gxZabrrD48t3L7WroxnBSni5nunkQy0jYwNj6fPlewnVC03zk2pnuT2fw4hU228WxSXGfj2UpTRLd+drfEb/bdezQ/czN0YcbqE+sZ6chM3V58tdjXHYp0b+5s932f/GXHbFyfaPz+5saTeVHvWSxcPNtUrX1yRh69GKz9btapL3xf57iE8Iplw6jTtNNDdkXT6kX5tJb3kIV4nXmMmRB/wUzAP5iJGsFMAAD2pshMntySBvJyJhaxdcISD4+ZSCEZeipON4ZSoXDKkMpx3ey2nb2UnDfNpFGfyZkloTFjL62LzTdeemAdGWYfW28KZB11Ea0TRU1GKNxrvmZD4W6r0tOiN142L7g40nVPvLwau6AvmorS16bnTcbkxeDpT7TE/fXTf9YWXDa0dfVk4ol9HP1EekWNVtf60K5Ua3XGy/RJx0zWuxswE1JGMBPwD2aiRjATAIC9KTKTpRFhIMIKnMUnoV3NRHqCFBLhLbGfXpm2UOjfs+TxilehtluOtDjsaiaF2VzTvT3m4XAq1fRt0ryybSZOn/lrF0OR7jeiz4Vkdsf88K6Pke9vspw+VaMlhiZrq7TR9ULZMNeQVB2T60/SX2hbmAl5n8FMwD+YiRrBTAAA9sZtJsNxXf6KP93rjEvk8ZqJ0IxFYy0/BrIU0l0DFCUjHnJCl7ymlJkCzyYaE9miSomZZC+bymFSaibG+kRbxPU5d7Id+aEeD3VajbOeRLhHUVsea51JVOjI97ZfaNVRqSMnbA/ZuiokpcHATIjfYCbgH8xEjWAmAAB74zKTnD1CYs7msuZi5fGaiXGvvy9rzaGShNyGUGImawOpnkTx9CrJdshclOLCayYTCf1X+3xtFzORtuNazm7O5poo/twW9Vr1mXH72LILL9sLWr1c3T4ZrvasgF9PNuy9An79/qh14DWT9dkt96lfMBNlgpmAfzATNYKZAADsjTP9qTnhmtZlbHe0yjlUzfGb5mmJmZhvdHobr1eaovIijedTmyVmIid0Rfud0Y8CO89bzlsztfS2/31UaiZClqzLxjJzzSVm0nU+GYnfHBufGRufCkVsRelLpET/SGv6yrRcCWOzvTzY1CB3Da6pN3cHXk7Ua9asLs2koSlT6Lw8WKVp1Z+ZK+ZN4l/IXYPjU/Y8MGEmDqeHjNOf2JcSZuJQ9/3C6FfV6fwilnLATJRJBczkTS5XvJ8dfCxgJmoEMwEAOAI8speqV5TQtwP5ERVnpf7+cK8eOfJgJsqkXDNJt+pN8XRTRE/P7jY0CEqDmagRzAQA4MOy8uxps3duWGVoDCfbMg82nj39daS/ZMmKOmAmyqQMM9l5Hgrrv+T/Gf1yLRVqtUYz4WMBM1EjmAkAAAQazESZ+DWT5/e7zuttmTl3re2s3nXnubsCaoOZqBHMBAAAAg1mokz8mMlE18VI/Nb8a29dMD+QDp3rnVj1PK90HyyOhL5JJTNTYwM3G88NeFthT3LT/d7SoYCZqBHMBAAAAg1mokz8mMlG7nUo3Ot57KjFREJffJ3b2DywmfS06IveWvGDjWBPus4dZFlbhcBM1AhmAgAAgQYzUSZ+zMQwH+XzVjPx1vaF/dwih2f3ky32HnlWITd7qzGih852bziPE4r2yyGasN4yJPe8m0jJLfCau2ZWdhvMUZ/cg0iq8nt67A1mokYwEwAACDSYiTIp10zMHbLN3JE7Z/s2E8PYbopID+kamc9Xlpwxk2RUD8WnrOPGvKuIzs6jgtaGUulFc6Am2+90+OjIPTjkkRPMRI1gJgAAEGgwE2VSrpnIJ/V8e1HEsogyzMQwXj/9deSmlJOsJRwFM2mUDy2yZ4j1tOgb5oH76UUDf7OLQk06PlozMbY3xq4PLB7emBFmokYwEwAACDSYiTIp30ysp43aa0LKMpM8EVstCmYSCnebTzmViFtY23GLol0yjK6ovvHsqROn/jGx3Xg23XO4T5XBTNQIZgIAAIEGM1EmR9FMQuGk+foqdN42k66zeuhv9sIW12yugpmsDaU6pg/1l/IjhtQSb+39g5moEcwEAAACDWaiTI6KmXREkj0jcr3KlXh344UZqygUZf7Zo025K25vJKL3jT8Yzlx3D6QU3r+zFArrw+Mzw5mBtlZLbD4iNiavH/JoiQVmokYwEwAACDSYiTLxbSZytfqu8WcmEEQwEzWCmQAAQKDBTJSJTzMBMDATVYKZAABAoMFMlAlmAv7BTNQIZgIAAIEGM1EmmAn4BzNRI5gJAAAEGsxEmWAm4B/MRI1gJgBwNBHfLORjiPcv/uBgJsoEMwH/YCZqBDMBAIBAg5koE8wE/IOZqBHMBAAAAg1mokwwE/APZqJGMBMAAAg0mIkywUzAP5iJGsFMAAAg0GAmygQzAf9gJmoEMwEAgECDmSgTzAT8g5moEcwEAAACDWaiTDAT8A9mokYwEwAACDSYiTLBTMA/mIkawUwAACDQYCbKBDMB/2AmagQzAQCAQIOZKBPMBPyDmagRzAQAAAINZqJMMBPwD2aiRjATAAAINJiJMsFMwD+YiRrBTAAAINBgJsoEMwH/YCZqBDMBAIBAg5koE8wE/IOZqBHMBAAAAg1mokwwE/APZqJGMBMAAAg0mIkywUzAP5iJGsFMAABAsLm5uba2tvr+EXcR9/LevgwwE2WCmYB/MBM1gpkAAEAul/MKxHtG3NH7IfyCmSgTzAT8g5moEcwEAAC83nAoeD+EXzATZYKZgH8wEzWCmQDAkSQbCuul6Zj29vNHR1if8NaM+HGtlEGrbWt5MhmtOiYKVae+t2s22+v1NVWy4c8NL4oaikj8e73oU3simp4t6rX8Y6u87LGq1h+Xt4rrJz+rEW+p+eyku16naQuu010R7/KW3oVXGg4F74fwC2aiTDAT8A9mokYwEwA4ktyPfHvRihAS57gr6+3nj13NpPuvNTWfumL6hmUhNdJJtGpZr5ZFl1zE66VXiP6id/VfugsNbh7GpWN8Kk1D9HI1vLDc4+Rn8rLVXzrOI+visme+PiMv+2XhhphJKZiJMsFMwD+YiRrBTADgiCPMZNFbeyuNYd1b2o1dzcRDa60c5LCOt9zDFk8SmnZqcDt/fOyk09JwTMu8dM4KiAs5arHe1aD9W8Y83Ep/oZ0esutbV086RuGuG+bbtX+3peXwzGQsNVpc+CmTigkuJDqvDRe3OCzduXEp5n2fpD8ZS415i94P4RfMRJlgJuAfzESNYCYAcMTZ1Ux6EqnIWTm/q+3qjFNs+bYw76tnySxtLrWcTzZG9FAk2TW+4vTch5msa1r1mXFvVbLe7ZjJ6FfayasFa1nW66v/c9I5zTOqaQV7Eb2cYRP329eTDY5ReC4rh1Pylz0EM7mbScQSqcw/hIAMdV5ot4qPx1KdffetQ9EhNfbY9Q7J79M9sQuX+n8eLjWTx9nM5Z5rmAl5ZzAT8A9mokYwEwA44pSaydrYdakf0aQ112tg0Rq/MJJdveJU/Cly+5mspM9JJ4mcTzV/kwy5hlPebSb3m7Xa1llvVTL4ZXX1l4OWNyTqteiUq23otHaie91VkCwmtOqou1Awh6mo9oktLSc/0bRj9e56etk8Xk6LeiKvI4dgJpdjsdlV75jJ3EDnten8ibCUgTlXo+Tx7Wt3lsTraKmZXPshNpvNYCbkncFMwD+YiRrBTADgiFNiJk/djmEYOXHadO2RdVLcVERPS34gZR9m0qBpk7bv5BHWYdJ8o6AG8eNa3C0KC3HteFHBKboLbnNYvnHGuuxksdCIep1c56JVNbS664dgJtcuxAbuL5XM5noci8VG7y5mLrXHYu3eEZMCXjP5fSyVGvt9Vf7pLku8H8IvmIkywUzAP5iJGsFMAOCI4zWTl1OhcNpdaAzroZYR63gPM5lIHMBMdvnlfiwql8X/SS5Mz+ZXjZRvJvG/1mhVcvl73dcZ9+Zcsq5p8nZalbt+CGYiXEJIiK63Dxf7x2/j1+Q6kx9Sw/fl4Mhb8JrJ5fbY4qocZsFMyDuDmYB/MBM1gpkAwBHHaybTvY6HWHTIhSW91rHHTJoictJXc7w3efVWx7f7NZPZ72qrw6XLRRzkxlkNXXKMo6zZXNuzzbXa6SHbcmbb5LbC1vwxd90wtuTQSa09cnIIZmIzluq8qMdiCfv0bn8seU28/jbZ0xmP9d91d3VTZCZ3+xKZrOk3mAnZR8oyE2eRmZWeH3ddJgbKgpmoEcwEAI44XjPZmdnnmMlKX3coXvCGK/s2E821ldauSFUwd/jdunrS7TDpL4pWrufZKtop+GXaXhBvTg8r1OUKFntLrtK6UzlMMxGGkUnEfjLP0u0xl4zcjSUyhbMiCmYiV9KX4O7q/RB+wUyUiU8zeZF7ef6//yH+8d8avy9O/7m01p36X3Eq6t6uoC6YiRrBTADgiOM1E+NV8cDIW9eZLGa6Q4nCA1CanA279jaT7dniR46Usu6MmRgvM/53DR6WZuIaYJltrdWa5S9Wsr974MXcv7jGOn6bmWRdD3Dc1Uy2nmRLncnBLQyL1iQu00wuxWLWUvdr+oHNZO5WT+rvKTtdut4lD9xdvR/CL5iJMvFpJuKf/dDwz95qyRAqqA1mokYwEwA44pSYiZGblntwOXtz9eT35hI0R/TQ2VRbV7rrjmHsLInWSGs6mUiJg+HUxf2YSfy4dvKqZ8hkUI5ZaPJxitbjF7sfFtoSn1U5T1rU6gvrSbT81CzJw4R0C/tJiy5tMOt1J06dOlEnG/L7dFl1rar6zNdnqqtk3d6nyzSTosdB/tV8tmPx8It1Lyefd8k3ywt+Ner08eAWhszfO63xjXa9c+a3/FqThVFRGBoe7rkkR0JGF2Ttfp849iyU964zsWE2F9lH/JhJ83epR//c/X9Moi5aNzdfexveyeJI6JtUMjM1NnCz8dyAtxX2JDfd7y0dCpiJGsFMAADeA8vOUxoDgVcaVr27Br8PvB/CL5iJMvFjJtbAyOI/Vy/80OcUh4Z/tkZRROuvc/906vtkOK5P5LzF98faQMpbCjS5B5HUA2/x/YOZqBHMBACg8mwPag0Jb/EI45WGQ8H7IfyCmSgTn2ZirSpxz90SluLU47o5e/IgCDPJ7nhqWWduaEdYb87I8deOcHJ+xBzAjSR/sUxmujcU7R82R2k7BuacN/eZlaYLI788t0Z4s133jDe/3xLFjXn5p+fzB54PISfiZwpmokAwEwAA8ErDoeD9EH7BTJSJHzPpG5i2PKTUTErr+2Zb7usX1rtG5vOVXc2kIDCN1l3Mmab2Gy4n+8z1YtlLyWHLW3YedJ3V18xaKJzsmLbHZTr8fMIjT+5B17kP9p8LMwluMBMAABBsbm6ura157eE9IO4i7uW9fRlgJsrEj5kIpm7/uquZlNYPwOunv47clHKStfxhdzNxul/5Vt8wLDNJ2qWHAy1DT8VrV7RoX46BZ4a82oUZ5x+BmmZibG+MXR9YPPgin0qAmQQ3mAkAAAQazESZ+DQTwdbWG8/2XNl7chc7/2aSJ2K//R1mMqGbO3VIMzF3pTDkBudWtxb3B5ju7bonXrJWk4WKZrLdeDbdM3uIi3WKwUyCG8wEAAACDWaiTPybydso30zaSsykeTczcY2Z5It7jpmobSYbk70fUEsMzCTIwUwAACDQYCbKpFwzmXsodwr/7n+uOhVx+h9Nna4u+6IjkuwZmRkbn7kS7268MGMVxaXGZh70dXVHIgUzCZ27nr33YDhzPXS2X3aSZnKxSR/J3psqKEouGzqbys7Nx87poYg1olJkJmMX9OTI/MoTZ01LsNmYvP5htcTATIIczAQAAAINZqJMyjUTZ8m7O7d/LuyRVVl2Getwz+aCDwdmEtxgJgAAEGgwE2VSrpkMDf/sdpLw2c6FR4+9nSoHZnJkwUyCG8wEAAACDWaiTMo1k0MGMzmyYCbBDWYCAACBBjNRJgEzEziyYCbBDWYCAACBBjNRJpgJVAbMJLjBTAAAINBgJsoEM4HKgJkEN5gJAAAEGsxEmWAmUBkwk+AGMwEAgECDmSgTzAQqA2YS3GAmAAAQaDATZYKZQGXATIIbzAQAAN7JaqXJ5Sr2kGjMRJlgJlAZMJPgBjMBAIC92dzc9IpFJfDexi+YiTLBTKAyYCbBDWYCAMrQUvrcs/eNfK6a/bzprpF5b+s+0IqoE5V0U4M4qq47GZ9at/qMftdQ+ydN+1Pdi6K3Gsb6aNUxrer4qcTPdkvm6/rqKk2rql7eMs+31ye/PymuVvtF3H7L0On4gn3opk7TTg95iw5ra2teq6gE3tv4BTNRJpgJVAbMJLjBTABAFR41X+5PZre95coxHC8xn+nenqX88epUqGXE3XggWmu16vCkOLCcQmhHokGTajLbevKqLR6a1mA3WqfHTpqvL9JfmD2notGf7aZqrUb8KRTn87+b732SOHnVvLAvM/Eqxepq5q59MDuc7rwQi8X13x4XdVj6uT/hdDJJiW6pUXfFexu/YCbKBDOByoCZBDeYCQAoQrY/Pb8WujBjny6N9DzZbo7qjS39E6vba5P9obCenFyzW1dnGiN66GyqY2DOenNzxjaMxUz3hFlJ3nm9Mi7f1ZwwC89mrLERp6fEbSaG0ZgftHEUpTmsd0ybR+YdG1t6+2Z3X19RrdW2zhZVBr/UhEQs6/WDeds6pWmu9mXty0H78Map7vUi66gze7p8Y7BeX5avZZuJrSKxWOf1n8RpeyyRmVlc+nVC77nj6rXU3t5ZbCa/JxIJzITsHcwEKgNmEtxgJgCgBrGItILChK6lkVB8Sh6s3xLFRbOWjFqtr0LnBqxeucnraTkJaxczCUX7szvuitHTsueYidnBulGJmbzKV9b62vRdfubOtp4ZLyrE/1KtffK5OEh/UbCR7hMuM3mZPnUjf7zebXmFplXVNw1Ofv/56SE5VPJi6HS1ps2ub9Ueq7J7lm0mMVM4HOmIdfbPytfH7ekJVy+J20wS8Ut3M5gJeUcwE6gMmElwg5kAgBI8CrXdEi+bY+krD83C0og9WGFkO/K6YqtFoUmehBLZXc2kMDaS1w//ZiI0Kb8cRcTyHDcN7sGQ7a319eX4v9dVaVInDmImL6qO1TQ0ZU4dr/o8Kcdflq+eqjlWNTieFpdatwZeyjaTx79N9acSsQud9vSthZ/kNK34JXcfC8dMhJMsmn9iJmTvYCZQGTCT4AYzAQAVeDjg/N7feOmBrHwIM+kwx22M3cwkNvJ045mdN4V32GjVZ7wlw1hoq+tet+d0WcSPu2dzDdZ9n29ZiJ8eNl5cPRm3rEzODZM9a7Vqa/Bka7a19jtzrljZZmKR6svELg6Ig8729kuZqdGeS6mx3z19HDNpT2RWMROyj2AmUBkwk+AGMwGAwPNyxprKZdEY1mM/vdrLTNyzucbS5myu+5GUteDEuHLOGtM4sJnkZgdCLXLcRhD61rr+dsiZzXW21+5Xwux3td1PvEXB7H/VytUjcvH6vlbAj35lroM3iX4qzUQIz6S9RuWFdqJbvnrMZGvZGkvxmMny+Oisc61iMxm9M/f70mrP7Tsx6Rt3U2N2PRHrdHeTlbyZzJlMXU/ELg+J9zoUblAemIkywUygMmAmwQ1mAgBBp69NLyx8N4zNn66Hwhf3NBPDeD5XvALemOhKySGX6MXcvf63mYmRmxN9WoZW7LrZZI/VRJI9M4W6teC+6cJIVzS/At66YyQZaU073Sw0rbZw8nKhrqZK07Saz07Fh8w16+KjfH/S3DW41rIITQiHtSjlRVbuGvznwv7Cpz6rERWtqjqzaO7EtTwYPVFnXc3qIMyksEfx8fiCXh81F+PITnkGDaP+mFbTJDcKsyjIRB5nCcnwtU69PRaLt08tiLO5ga7YXL6PZ28uxkzIO4OZQGXATIIbzAQAIFiUbOL13il9nkmxdPjEexu/YCbKBDOByoCZBDeYCQAA7A3PgCeHE8wEKgNmEtxgJgAA8E68VlE2udzuz3XxAWaiTDATqAyYSXCDmQAAQKDBTJQJZgKVATMJbjATAAAINJiJMsFMoDJgJsENZgIAAIEGM1EmmAlUBswkuMFMAAAg0GAmygQzgcqAmQQ3mAkAAAQazESZYCZQGTCT4AYzAQCAQIOZKBPMBCoDZhLcYCYAABBoMBNlgplAZcBMghvMBAAAAg1mokwwE6gMmElwg5kAAECgwUyUCWYClQEzCW4wEwAACDSYiTLBTKAyYCbBDWYCAACBBjNRJpU1k+2miB776ZW3DB8BmElwg5kAAECgwUyUScXM5Pa1dCiSfGNkmzNL3rb9sDQSCustA2vuWlNY75h2F95KKNzrLb2drrP6hrcG5YKZBDeYCQAABBrMRJmUbyavf5251fW3i8Irfnm+bZRhJo1RPdR2y10LRd6LmaTP64r9Fpab7veWDh3MJLjBTAAAINBgJsrEh5k8EBLiSmrluXv6VjaSuPXL6rarsj+WRjrGZmIR3Sls/nS9LztSKTPJXk4uemtK0XWu8F/dBwEzCW4wEwAACDSYiTLxYSbZYjPxKIHZenaguLgPlkwJudefzJpWs36rJawb072WmQhLaWzp/fXJSuwbfeKlrCxmunsSySsDM9ln8tT6GB1n9fnX5tVy2dA36ey9+5GI3pjIGjuvrpzXf3n2dOPZU9HY02L9Er8kDhoj3WPjM8lzenrerO08CLX0i27z472NiSmzFBiEnERSD7zVwwIzCW4wEwAACDSYiTLxYSbvbcxESsijkBAJw1gbSIWi/YoJvs0AAAfUSURBVI6ZFMj2J+/IV2EmoZYRpyzN5PlMqMU2ouzl5EROHsjrhC8apo04YyZuM0kvmh81NxW5KtVkcyxtK4qcS/aOcZgjR+7BBxw5wUyCG8wEAAACDWaiTHyYiUT8Tm+Zycrr17+OjyQrsc7EkhA5VCLXvl+UhuCYyfO5vlS6MSLvaFWEmUwU3izMRH4A57SlyJ1k/W1mkq8tWUa0MZTqyX98qUaBYmOyt/Fs2ls9LDCT4AYzAQCAQIOZKBOfZtKRHzBxKtbeXLmyzaSvTV8ztkPnbsqhi7yZNAknOd+/8uzpxtzNt5iJ/kumu8caADHNZMOcu2XF2LeZGC/vh1oG3uy8Wrs30Nzn6z/IB2NbaEnPrDlU9CHATIIbzAQAAAINZqJMfJpJ+nxhOMJFGc8zyZuJ8XKm6fzFvnXz2DaTldD5EcsrspeTbzETOfMqFtWtX8xFN8dSLIbj+zMT41WjPpMvBgipJd7a4YKZBDfip3nuD8wEAACCivgWw0zUiE8zMe71N5pmMiFncFUCx0wMo9ERnvyYye2rqUhED0WSK6/n9zAT8Qt6KHzxykP5kcZSKfHxGr/pbkmZC9l31qzJYCvvMJNtZw5YY2t/vvXIk3vkrRw6mElwY5rJ1r/+5f07BQAAOPqI7y/xLYaZqBG/ZmLMdZ01f4M/d9PbEmQWh9Idmamx8RmRlm/07I63A7wNzCTIkWayvc3/3AEAIHiI7y/xLSa+y0q+3Ujw4ttM1MTayMtisad72NyhGPYDZhLoWEtN3rxBTgAAIEiIby4WmagUzKSY53ORqDkWFE32/fLc2wpvBzMJdMTP9D9ebuX+2Hq1+ZppXQAAcPQR31biO8ucx8VULnWCmUBlwEyCHlNO5FL4F7nN/3vxihBCCDnKEd9W1sJ3tESlYCZQGTATNWL9iLfGTwghhJCjmfy3FU6iWjATqAyYCSGEEEIIKSeYCVQGzIQQQgghhJQTzAQqA2ZCCCGEEELKCWYClQEzIYQQQggh5QQzgcqAmRBCCCGEkHKCmUBlwEwIIYQQQkg5wUygMmAmhBBCCCGknGAmUBkwE0IIIYQQUk4wE6gMmAkhhBBCCCknmAlUBsyEEEIIIYSUE8wEKgNmQgghhBBCyglmApUBMyGEEEIIIeUEM4HKgJkQQgghhJBygplAZcBMCCGEEEJIOcFMoDJgJoQQQgghpJxgJlAZMBNCCCGEEFJOMBOoDJgJIYQQQggpJ5gJVAbMhBBCCCGElBPMBCoDZkIIIYQQQsoJZgKVATNRI3+8fG1mK/cHIYQQckST/7Z6XfpFRgIdzAQqA2YS9Lid5EVukxBCCDmyyf2xafqJrSilX2okoMFMoDJgJoGO4ySvNl//61/ev1wAAICjhvi2Et9Zjp+UfrWRIAYzgcqAmQQ64mf6i9zmmzc73r9XAACAI4z45hLfX5iJMsFMoDJgJoHOHy/laIn3LxUAAODII76/xLdY6VcbCWIwE6gMmElw88dLORrOJC4AAAgi4vvLWhNf+gVHAhfMBCoDZhLcWGbi/RsFAAAICJiJMsFMoDJgJsGNtcjE+zcKAAAQEFhqokz8mMlipjsU1q30LNrFpohdac4sFfWGjwPMJLjBTAAAINBgJsqkPDOJJJ1ibroXM/mYwUyCG8wEAAACDWaiTMozk3DBTDYmK2Em8zfd14QAgZkEN5gJAAAEGsxEmfgxk5W+7uR0zjC2G2052ba0pGPyeW66t7lvxfuGfbLzIBnVN4ZSYy+9LXD0wUyCG8wEAAACDWaiTPyYibHzynq1hCTWdT2vKJJNv89q2/zpeiicMl7OtAw9tUvTvVnjdVNUtys7a+I4FE2u5J+7MD9ys9Fc39Jy9b5dgg8EZhLcYCYAABBoMBNl4stMXMxfs2d2vfG2HJgWITk/SedpDF+0S9O9obO9TodQuNs6aMz3dOhr0/2O1EBlwEyCG8wEAAACDWaiTHyZyXsZM3mUX7sik7UuMt3bU1i08sDdIZTIitLK+M3IWbuS3yQMPgyYSXCDmQAAQKDBTJSJHzN5L+tMsv0dN2bGxs3cuN4xvS2LHjO5MLXx7Kmd3GvDWAtFktnf5emwjpl8YDCT4AYzAQCAQIOZKBM/ZvI+9uaKRXT3aSic6lv3mInh3bbrTm9s0hQYw2iJYCYfGMwkuMFMAAAg0GAmyqQsMymWkO3divtFrn130RLWWwbWPGbS06o3JUbGxmfaWpPJacN4mQ2dTW88mb890N90LomZfFgwk+AGMwEAgECDmSiTsswkxDPgIQ9mEtxgJgAAEGgwE2Xix0wASsFMghvMBAAAAg1mokwwE6gMmElwg5kAAECgwUyUCWYClQEzCW4wEwAACDSYiTLBTKAyYCbBDWYCAACBBjNRJpgJVAbMJLjBTAAAINBgJsoEM4HKgJkEN5gJAAAEGsxEmWAmUBkwk+AGMwEAgECDmSgTzAQqA2YS3GAmAAAQaDATZYKZQGXATIIbzAQAAAINZqJMMBOoDJhJcIOZAABAoMFMlAlmApUBMwlujoKZDH6paVqdt3pkyPyYtQ7Eh4wvFLcBAMCHBjNRJpgJVAbMJLipqJm8yH5XLySj5tOamk+rNXl0yttlNypoJvHjWv3/O3Pm6zP1n9ZUHdO0YzVb3i4eJk8PeUsexEXsA8wEAODogZkok/8P57kyaYhbnZYAAAAASUVORK5CYII=" alt="Screenshot" width="100%" ></p>
<p>>>>> Screen Scrolled to bottom , and bottom to top</p>
<p><img src="data:image/png;base64,iVBORw0KGgoAAAANSUhEUgAABDMAAAIGCAIAAADGMlPIAACAAElEQVR4Xuy9C3QU14Hnved8uzPfnjln/J1vd2e/PXt2d8ZOMsl4kkl6QoZJJkNcEznKAzmyFBzklxIGOTjCJIZxDJ6YGFDcNhKykEEYIcsgAY0aJGFBC/RED+sFkkDQRiBegkYS0K03oBYt6ru3qrr6drVeXWqhrqv/7/yNqm7drkerLN2f7r3V/0EEIBR0Oe9qiwAAAAAAAJiUe/cfnJUgC/9BuxEAXcBMAAAAAABAsBAnOSVBFmAmIDTATAAAAAAAQLDIWiIDMwGhAWYCAAAAAACCBWYCQg/MBAAAAAAABAvMBIQemAkAAAAAAAgWmAkIPTATAAAAAAAQLDATEHpgJgAAAAAAIFhgJiD0wEwAAAAAAECwwExA6IGZAAAAAACAYIGZgNADMwHzgb6Rh113x24OhyBkV9q9AwAAAPMPmAkIPTATwD2u+w8DBWMmITvUHgMAAACYZ8zUTNwe0THoOe988PkdKU41HhoXk16aC31jQ6P4Bcw5MBPAMaNjYqBXhCpk5wAAAMC8ZUZmMux++Fdbex5Pv/X4h7ce33br8e23H99Bcufxj+48vtP5+C6aL2Z2vVgyFF8y+IVPbj+R0/dETv8Te/vLHA+0+wIcATMBvDLiCXFXybjRHhUAAACYH8zITLY2DE1uJn+d2RV71OUaeXh3dCzy0C3VTJ7YN6DdV4j47Zo3fv78SyTaDSFFPsRsH8W4wEwAl4yOiaGaWDJ50HMCAABgfjIjM/mrD7onMZMvZzoqHKMD7ocU8aFrxPNETq9qJr2zM+PzqYjIv/riV0i0G0KKfIjZPopxmbmZWPNL2VRdk4tvaMr7/V8VDtSnLo9ObdSWBoXnzq+eXx4d8+oLCSnaTVPQtdLapS0DoSNQIWYv2mMDAAAA84BZNJNflvYSLfGMUQMh/w24x57Y4zOTWZptAjMJB2ZuJuYUS+r2Q0q2Wvaflovt5lSrt9yanGpx+L8qkOiY5eNkhuYwKUGZSVvGq9oiUbS9tXxvzfm+7vPNpW3abWT/7786qi1T8ZnJpNUUtsSTd2OrX1Ff2y8kKdpZ0+X38tGuemvGkiXLo3++6vBZvw7P0e5G64cbybu6JH5NWx+7Rey7ULF309v0DX9e+yryuo1vrKI7XPLq3hqNTY2/aWXg9zFm+Q3vVk35lgb1dcT0Bt58bRUtDzh5FlJBW+SP2/NIzYQcDgAAAJhvzJaZLCt1ERWhnSVESx6Ko56HH19ws6O5hmEm/BIKMyn0rZwu9ZlJnt1b2lWSObWZaLnfHL2pYlhbGkqmbyZ9RRujV7y9sUL7XkW/lKkpYZlUOYIwk+GKlOZLBStZMxmueSG1RlnuLHh9ibel7uncwohKT0XKC2ojvrOgutt3nNJ3V5V639z61LV9TNu6r27rxhPqld6NjmeOe6vihZ2qg02ySUt0zEbf8m8LmC0sXdGr89SV4fP73jx6h9kq4bmcvWI5+cZpy/0JlIfZjvYMAAAAAN6ZFTOJsvb03JXGcEl4xh4evuz+IjMDHmbCN2FrJr4m9awxfTN5IWbN3qv0X035xI3sKZn2aC5PJ23xO1gzadv5kv+b42n71d7LfiVe+o5urNeWyQxMcu3kupQuDkeB1f87Fx2zVikZb5PfusrZzJ1nfWsTHrdhq+ZUtd1E5BuxZKPNSb9xmnINgeagO5v29n6j8l5guSbaMwAAAAB4Z1bMJLHqbt+Iz0xGRh8+c/DmE3v6YCbzhDA1E6nDhC2otmbI43x+8YZfa5U2c/va6ICimOXZF2iJ3OLf9gatXD2oVDu8N2WJNEaI7TfQmMnrS159vbBTXWWJXnu0TxT3rmAaxFePygdVxyPJzWVyXOlAdNqJpgHdVpRBN8Usf33TPr8+k0nb2Tesb9/wiOLJDF8zvTNvZYC2Ra+ewJHqtM19lQkNgTWT7gJWKuimmJTS+xNu8lv3Uv3ucmbsWNcv9owvUeQabf5jzKIT9vmtDze+V0dv18OrtZfPMskjufYf7n1sJ83Tx4bODGm3jptpmgk5qPY8AAAAAK6ZHTOpvn918OHYmKImA+6xf9zjgJnMH0JhJocaT7UpOVrkM5PsKm950/7twZnJ5B0m0Ut8LeDo327dUuc3ISF609b34t9mS0TRZyNtO1dFr1Dau6yZbIlfPtHIsb6ijdVyW9x5lBnmRGH7TMjeNMdllYM0puuZA7z+8zXTMhNP2+tWSZYatqpmcsO6NrAzYYL+ijuH106wc+fRbcp3Skt96qpq9lSXLO/xjvVq3rnG7yom3sTiP+atMXBQnMoLMavUfRxev4oqGYM6eMz62wkuSmKSz1UkZiIv1FT0PZY1EFghMNM0E3z2IgAAgOnjKCts1pZNRv+5KnOKxab5y15fq/Wc3EDx0lUvN8OSs5qCanfpI5RmsuCjqz/cffnrOzr/bteNT86PdQ1LciLpieu+Z2HuzcnN5I21b8nN/ZOnmtWmP8l7yVtGR32twKd/+BN2K0l07HPq1kAzefxLfyOXfOvb3712rfOr31ggrz4X9+IXv/JVdSff/8GP1ZeQc/5kT67mKG//wTeoXS2UVz0eD1uTrKo15yczN5OQQ+RBnQIxLmzDNDpwhNWSFEUkxqdxi1d7VDOxrl6uaQSzvBDjm/uuEQCNmWiOyypH9NqjzBY6FGo6ZvLCEu+dzJhJ89blgaPIAntRCNkrlr8wQcfIr2JW+a3T0WJSF9Cyt4cD3oq2nWuk3qFVgfNhJtkkQ7zO77vpubPTWtHXN9DX19lWWkBeq7qNzOENr9IdPq/9tlqZfpLJzWSShwV7zWQ09uPeRTWKb2w6fa+998HW/N4aabXxRN9jmX1nukc+OUsrKGbiHF44qZ+Qg2rPAwAAAJiAYM3EnHJcWzQuXjN5NITMTL784fXd9pGaG+5dp4f+JrPn1RNDDbce3n+g9JyQtn5K89A0zeTJv/t7jRXEPve8XOf95FTNJjkZO3bKFTRmcqigUK1DtISUqGYSeJSPMrPkVxFp0WyS09KqfGfUEnn1l8t/pZbEL5usfTNPCEMzmbzDRNSYyZIMZotUsrqgR1PkR6CZ3J1wKBTlLjumaKM611xCYyaa4zLK0RkwhKl5ajMZrpEHL1E0fSYBZjLe46roDPXx+zGGG7XGcr+zuaamuqbm8N6t0T9fw75o+HzBkhUpexs6rclvkwVmy2SbVPyGwAXQdzLzha2+H849dRlLfpvRc6Fi51tryAJTkbzVvsnxk5tJoDaoUUdzvdEyckWz9ergpht0YUUWkZb7arlsJuTf9oC9aaI9DwAAAGACgjeTUm3RuBjUTD5odd8blT665KHY1OV+ctetFScGG3oe3hx+KHWcPKRPDWY+z2QSMyH5xbKEd9/bzFoBqVBX38CWaHKmjY5PZ81E7S0huXRZacOpZkLyjW8u/MOGTexONKcRmAcP6KfXs6uslsS9GK9eznwm3Mxk/A6TWxXRP1/1+qbdzRe6+voGsl9jzCSwjR7QSzB8fl/082sO19RIf6qv2OhnJjXR8e9OYib0qVz+T7llB3RpzERdDihp9Hs2LmWKeSY3Ct/2e/JV8KO5opdoux0UPJ3Rv57skWKid8Y/5dK+LQ3+A9hi1mRfmnATuypxR9tZFMAWr+wNV6TII9e83FWG7d1v3hLv9xZNbibT6DMZu3l+4ImdfdLy6PP7e5/Iorqy6Rrd9NjOPnlBDnGSJ/b0PrZ3MHBvbNBnAgAA84DR/r5eEufp0pwW2lhx1hxvvNxzqb40/Zg0PbOrPr+sNL+q7ZJLbM6zmC316Xn1jefIr3tnlaXo0u3euvxDNulj3xQzcdSn5quTchnsVRXnb1xrqzXvaxsRRXJEc8px8i/ZQnZbkmmtO0XLVQ/JSLWcud7bf/ta8larXGLOrNeM5kovuuhfMJpxTPkEOt2EzEx22j2u+8rYLfJvU4/7yY+pnHx83nNl4GHfyMODl0en2Weyd/8BuYTsR23033A4WENQX6WWfOHLf0tWhYgfstXkfH6+Xa2vmgnxFrnk4sUOdrfq8pNfM6mv+mnMErmQeAhbh829e5MN95lXzNxMQjjPZGf88ui3SrSl0gAtdjU7IQgzoWOfvBNLKPf9zeS3dNNww1ZNI1uFHcolM9EDcAMFgylpC3gSl68k8IWi1AcybuirugteD+ghiX7N16Ug0mFg/oO1VIiWLNP2MgVCmv7y6QU6gPSm0ased5P6oSUSd+tTX73iVzIOe72eqfZlqciH2BLwJnij1TOZ6cwzuXl24C8kMyHioZbIQjJun0l7a/8v29yBO1SDeSYAADBv8JjTtGOriAnQL131GWXKL3dqJqmBHR1dcgVqJo4mc1aTdrs/5pRSuWtF7TMhu21W/xQmm8lYW3qJt41xpWoiMxFHbyQXqHIyat5RyWzTScjMZM2J++19Dx94J5aMeB6+csz5rdzuZRWDRzvHGnoe/mvZwDTNpLPzulqotvuv37ihLn/3e99XK5i+9W21XGT6TNR8zfQttbLImMmPo6LVQnYP6vIfze+rFdTumm99+7tsHTXsXBcQCjMJ2bO5oqVnwgai0Y83mSbslGZCWrd+Jacz1dFi3tFcFI38eLnrZzUSEx09UDCYkruaR42JfSWTm4kWps9EFC9rh0h5GtnPEumpSBlftDx3St9dNf74Ln/ei1kuz1MfVz9kexx3Ux+77jzKvlcToYriRGYSyETlMoPuyczkTPcIydMf9z6WR7tBjhb3fuJw3+x3P/2J0mfim2fSePembwa8+7GP+wN3qIYcVHseAAAAuOR85f7Tyq/SBz321A+t5hSLaibqYCpqJnIhZbSnrT41zUJqqmaSvNWS3xEws1Nm4Fr6dmm345mJr0ElH44dweVdHsdMRNGWaaGjicTRayWFZwYmOHQwhMxMvpB+/d3G0cv9D4fomC66lchJ3Ke3n8i68+Vd17+ya+pnc/3b79bJrfw7d3wNSbXp33n9urr8s58r004IRDDUcnE8M3ny7/5erUxQp5ewO2H3oC5//MketQKRJblQ7pnRHILkmWd/plYG4WMm2Sv827UM7DChvrqtLzCf5jGlmVzZu4axjtHo+FXjmonoLFGegsVAZ28H9q6dzlSfajVtM6FXx06yn+6zuVT8zIQ+s+uFd72qI33SoqobL8SsGl9LJp52csPpN32972Tmr9RZMVf3vb6fmSHjuePbyXibfKuiuO2l5S9k+HxJpu+q33ybK0Xvqh+nOHoixe8xa8PnJxplN7mZiJNONZmlaM8AAAAAj5zJt5q3KpJQtdtizlY6PSY3k8wUS2aV3GBu9/WZiOKnOyzj/VoWzWmVysJ0zGSsLaPCO9HVMZmZiJKcmHdUhkRLxBCayeMf9iz6xFXX/fCW9zMWyb/Z5+6aPr7+RHbvE5/0htBMvvLVb6gViCqo5SJjJn/79W+q5c3NLWr96ZvJi/HL1Ao7d30sFz79w5+wddgMDQ2p9ec54WMm0TGrqqVJ2P45L0qP3H3PWtPePdBWczT652+XbgrCTORZCjuL2vq6z7/32qult86rg8H8zERu059k3w3aNTHeI6cuR79bI5dP30zoVJllG8kl9PUNHM7aSORhRmZC3Wb53tK2vqttv1iyfMkbymkMN2z91dYS7XvYQo2rPnXVlqPat7e5k17vypjl26wV1ac7yblVF+2LjnmV/UFJRG5vUU3b1YGeC80rn19uY/Rtkk2i5JPKZBUGcrFvfljQ0zdAzry6aHe036izu9Exy62lzeQ0rpyu+dXPl7eN+wMbZgIAAGCOSE6xqh0mpG1jzm2lS2MXJzeTjBRLdqP0l057JWsmRCQya8YZK2LeXiV9dU7LTMRe9UBkt5ObiTh6I1RaIobSTLbd+sK2rpM9nkG3z0xOONw/2Hs1VGby72//QV39xjcXHjte8uTXTGrJB1s/FJl5JmT569/8B3WrKidTmsk/fPuf1dXIHz9z+NOiXyxLUEvOt9MpK2z93Tm+5ws//aPF6j7nM+FjJgCEikmmmsxGMMkEAADmBadLpRFWUkgjZ8zZnF9Elq2neiY3E/FOmzWLjs5q7Bn1MxOpE8MR8NetC2U2Ujmn7HLGtMxEHO6op6eUar0wfG0KMwkpITOTJ9K7SjrdD6RPMBElLRlwP1x65M4Tu26FykxExis0+ft/+I5cX/PU4MtXrqh16hvoX7KnNBN2VZMXXv7luPX3H8hTSyAnYijMxDf9Xcoll1zcqymnD5EA4FER6A+zF+2xAQAAgHlAyMzkqdyeW/fk5wNT5fCMPay5+eCLu3oe/9gVQjO5dq1TYwtyem7dkusHftLign/8J7nkr5/8u5raz6ZjJrbi49/45kLNIb7w5b+VHxkcWF/0f0Jxby99BNt8ZuZmAkAYcvue1h9mKeRA2mMDAAAA08ZRVujripF7YwxCyMxk/8Wx+w/kqe/iA6IlXaNf3NnzeJZr+mYSFPUNjdsyPmo6eUq7IaRUnqjasXNX0VGbdgOYFJgJ4JURz6MY06U9KgAAADA/CJmZmE89uDowNup56H7wsOrG6Bc+uv34LuckZjI4MzMB4QzMBHDM6NgsDusahZUAAACYx8zITP7mwx7VTL6733X8xtiVgYcd/Q+XH3U+vtMJM5m3wEwA3/RP/PEmM0k/PsAEAADA/GZGZjIw8pB9NtdXdt0x7XZ+aeftxz+6M7mZZLe7tfsCHAEzAfOBvpGHXXe1dqEvZFfavQMAAADzjxmZiSgNbGh3Pvj8jjdONR4aF5NeJcMP8DuYc2AmAAAAAAAgWGZqJgAEAjMBAAAAAADBAjMBoQdmAgAAAAAAggVmAkIPzAQAAAAAAAQLzASEHpgJAAAAAAAIFpgJCD0wEwAAAAAAECwwExB6YCYAAAAAACBYYCYg9MBMAAAAAABAsMBMQOiBmQAAAAAAgGCBmYDQAzMBAAAAAADBAjMBoQdmAgAAAAAAggVmAkIPzAQAAAAAAAQLzASEHpgJAAAAAAAIFpgJCD0wEwAAAAAAECx+ZkIalAiCIAiCIAiCII8+fmai1RYAps2dO3fUO4ncWPfuP0AQBEEQBEGQ6YcRE5gJmAHsnQQzQRAEQRAEQYIN256EmQD9sHcSzARBEARBEAQJNmx7EmYC9MPeSTATBEEQBEEQJNiw7UmYCdAPeyfBTBAEQRAEQZBgw7YnYSZAP+ydBDNBEARBkHDLJcfAuSu94RNyPoEnqYmz/37gC8Mt07kQo1xLqDLN9yQwbHsSZgL0w95JMBMEQRAECauQlqL2N3cYMGX7dWDYrX1NWDLlhRjoWkLFdN6TwLDtSZgJ0A97J8FMEARBECSscu5Kr/Y3dxhAzirwVNloXxCuTHkhBrqWUDGd9yQwbHsSZgL0w95JMBMEQRAECavATGaVKS/EQNcSKqbzngSGbU/CTIB+2DsJZoIgCIIgYRWYyawy5YUY6FpCxXTek8Cw7UmYCdAPeyfBTBAEQRAkrAIzmVWmvBADXUuomM57Ehi2PQkzAfph7ySYCYIgCIKEVWAms8qUF2KgawkV03lPAsO2J2EmQD/snQQzQRAEQZCwCsxkVpnyQgx0LaFiOu9JYNj2JMwE6Ie9k2AmCIIgCBJWgZnMKlNeiIGuJVRM5z0JDNuehJkA/bB3EswEQRAEQcIqc2MmNUnV2iI/pmy8al8QItbGRQqC0BC6zxeZ8kJm71rClum8J4Fh25MwE6Af9k6CmSAIgiBIWGVyM2n5IE4Qolo6XN32srIh7Vb9zLKZrI4WhBfXd7tcLdY07bZJ6MzNcyiLeSsi/TbpZcoLmeJaOnMzzrpcru64CCHq3QbtVlGMjFyvLVJpHefa44V4eYcJkYJu/yIHrb6nLVRoTYvaNPn3dlrvSWDY9iTMBOiHvZNgJgiCIAgSVpncTKKEqKSaEBqJl9k1k04hIbfToy2dms7cyc9KB1NeyBTX0pmb20m/Dh1ZLQhrtVsnpSUlSlskmYm8Q3fx2modb9FUkIMKMBMQzrB3EswEQRAEQcIqk5nJPdva4nH+sG6zd7tvtwhvlcmr8UJUxqnuIUdLRoLyZ/hOS0JSeYfL5So7RVvBrvxEUsHtdsdFeNvKs2kmHR/FdmjL6CnJJykk5Ektc7F6kxD3ls19b6jjyNos+QWMmeQuE5SlmqS1K+K6XS55TRCEjv6hwjejhOi1tg5Xd3nS5lPe14zHlBcy+bWoZkJEQohIokve8xmSei0EQSrszFW/C+T7In8XyAUqO2EYz0xcQkKG+163EJ3UIO1T+fY57BN9+8hB5TcqXojMJQftsK2NFmR/JQeFmYCwhr2TYCYIgiAIElaZzEw6c9NatWUqSptYauwqRV7f8JX4r5I2rjIgaTbNhDSOFY1QoQ135RyIcsRn0wY303DvjN8jtdYnMBMbM3JJeEeq4hUGgvLaCZjyQia/FnIgQWK91a50XWnOx2cmygWq2jCBmSgklXfLJZ174uULKHxNEKQBY1N++xgzUWtWJ9VIX2AmIMxh7ySYCYIgCIKEVSYzk3u29Se0ZaLHlRgfKzdu5YJAMxH8m7bexjBFabTOppl0fBSrdYW6JPWU1Kbz9M2EPVWl2f0IzSTjrGuI7bjSnE/QZiLNM7Fnqc7Z8C7z7ZGubspv37hmkmClPggzAeEOeyfBTBAEQRAkrDKZmdA2qGaeSUNShNLencRMNkf5tYnT/Fcps2kmoqclYJ5Ji3oOq4UoefyVUcxEPZDCjM1E3uFa7/dRbE2z+c8kmvLbx5iJd9OpzfJuYSYg3GHvJJgJgiAIgoRVJjcT2+tRQkSs3eFydbRIczFcha8J9iF3R3nSJGbim2dS3EJfk5+YdMTeTfZxKk9TcyKmbLxqX+BPXIQQGb+ZnIC9ziaXDBWvDZxn4q3Op5l07okvu+12+09zV82EbPUKiUt4MclFn2OWVSh9j33zTCb49rFmQt9VZp4J2a0QtV68N9lTE6bzngSGbU/CTIB+2DsJZoIgCIIgYZXJzWSumLLxqn1BuDLlhRjoWgLRzEiZJtN5TwLDtidhJkA/7J0EM0EQBEGQsArMZFaZ8kIMdC2BwEyA8WDvJJgJgiAIgoRVYCazypQXYqBrCQRmAowHeyfBTBAEQRAkrAIzmVWmvBADXUuomM57Ehi2PQkzAfph7ySYCYIgCIKEVWAms8qUF2KgawkV03lPAsO2J2EmQD/snQQzQRAEQZCwCsxkVpnyQgx0LaFiOu9JYNj2JMwE6Ie9k2AmCIIgCBJWgZnMKlNeiIGuJVRM5z0JDNuehJkA/bB3EswEQRAEQcIqMJNZZcoLMdC1hIrpvCeBYduTMBOgH/ZOgpkgCIIgSFjlkmNA+5s7DCBnFXiqbAaG3drXhCVTXoiBriVUTOc9CQzbnoSZAP2wdxLMBEEQBEHCLaSleO5Kb/hkOi1XZ//9wBeGW6ZzIUa5llBlmu9JYNj2JMwE6Ie9k2AmCIIgCIIgSLBh25MwE6Af9k6CmSAIgiAIgiDBhm1PwkyAftg7CWaCIAiCIAiCBBu2PQkzAfph7ySYCYIgCIIgCBJs2PYkzAToh72TYCYIgiAIgiBIsGHbkzAToB/2ToKZIAiCIAiCIMGGbU/CTIB+2DsJZoIgCIIgCIIEG7Y9qcdMFu/qfWwnSZ92w6OlepPQqS0DjxT2TiJmMjh0n2Rg8B6b/oG7CIIgCIIgyDyMplkotxVJhoZH1LDtST1m0tgwkFjc/7WdvYnFA+Okcqj9rvYl08Lj6jiSFhkhCJFRea0u7dYAYCZzDnsnqWYSKCfwEwRBEARBkHmVwNag2lBkzWT4rpttT+oxE5nGErnnZJz8q11beRoMCUJU0glFSDqyEwRB8K+gBWYy57B3EjETcnux99y4ioIgCIIgCILMn2gah2xvCdGSkJmJeGsw0El0m0nHR7G5Gs+oSVp/gn4VXitsSE+IihTSWunq5hVRRFoiX1zLmsl6WhiZ6+1pSRKi3B15pJq07k58MZIsJ7yT1zJ1TwwIAvZOks1EjuYWhK4gCIIgCILwncAmnyaBThJSMxHvBTqJbjMpfE1o0RQ58mI/6iBfhWVpkfFrs6xl1Cs684TY1S2nGsqsm6OiFTMZqkmK/besljqbIETJL00iHhIZaysvI8uu/MTVu2wtdWWJy9JaPOreQQhg7yTWTKaUEwRBEARBEGSehG0izp6ZiIFOIqXvravamlOSuyxwaFa1sKmafBGEOLUoKcI3xCsrXnpJa1qUV0g698TnOaRqguD2VqNmskdrPVzhcQkJGWxBUmzkELs+a7B3EjETcm8F3nnQFQRBEARBkPmTwBagGlZIQm8mi3f2Hr82cn9MW66DcUdzJdXQr4KQpJYlMpNP5NFcRDwEId7lxS31iiRp5qi4XevjI2P/rbCT1z4TRk4emZaI45mJmsB7EUEQBEEQBJmfCRQSkrv3RknY9uSMzCRiZ6+2SDcdWXHS2C0vQ7Y3hbJ7dIk1E7bPROlmoX0m2rnyWjORINUS87mdaFK9KcpOjGSoOu6DR9dBxN5JGjOBoiAIgiAIgszzBLYMNVoSSjNZnKV9cPBMPuQkawWdp557pKzMmkUWYt+lQ7lEfzMRr+R655mksfNMhNjEsvKyrHcS5RLWTBpS4mx1dnudTYhIyAsYMcYTRE7iUh6dlojTMxMEQRAEQRAEkaMKSejN5LGdvRuleR0K94dJyX2mAPANeycRM1HvsMC7EEEQBEEQBJm3CRSS0JvJmTbtjIa8Zn0fsggMCXsnsWYCRUEQBEEQBEECG4eBYduTMzITMM9h76RxzQRBEARBEARBJgnbnoSZAP2wdxLMBEEQBEEQBAk2bHsSZgL0w95JMBMEQRAEQRBkmrl3/4Ectj0JMwH6Ye8kYibk3gq87RAEQRAEQRDkLmMjbNj2JMwE6Ie9k2QzkRN4IyIIgiAIgiDzOYFOAjMBoYS9k1gzmU4C71cEQRAEQRDEcAls5gUVtj0JMwH6Ye+kYM0EQRAEQRAEQdj2JMwE6Ie9k2AmCIIgCIIgSLBh25MwE6Af9k6CmXCTwF5aBEEQBAnDBP4KQ4wYtj0JMwH6Ye8kmInR4/1BTz+xdWh4BEEQBEHCNsN3R6TPF1c+YjzwlxpioLDtSZgJ0A97J8FMjB75hzv5WU9+4g8O3UcQBEGQcI7sJzATDsK2J2EmQD/snQQzMXQkJ6FdJdrvMQAAABDGSH5Ce04Cf7UhRgnbnoSZAP2wdxLMxNAhP9PJD/cHD8a032MAAAAgjCG/ucjvL5iJocO2J2EmQD/snQQzMXJoh4nHAy0BAABgPMjvL/JbjPwuC/jthhgjbHsSZgL0w95JMBPjRh7Kpf3uAgAAAAYBA7oMHbY9CTMB+mHvJJiJcSMP5dJ+dwEAAACDgAFdhg7bnnx0ZnJ++DzCWdg7CWZi3MBMAAAAGBqYiaHDtidhJoj+sHcSzMS4gZkAAAAwNDATQ4dtT8JMEP1h7ySYiXEDMwEAAGBoYCaGDtuehJkg+sPeSTAT4wZmAgAAwNDATAwdtj0JM0H0h72TYCbGDcwEAACAoYGZGDpsexJmgugPeyfBTIwbmAkAAABDAzMxdNj2JMwE0R/2ToKZGDcwEwAAAIYGZmLosO1JmAmiP+ydBDMxbmAmAAAADA3MxNBh25MwE0R/2DsJZmLcwEwAAAAYGpiJocO2J2EmiP6wdxLMxLiBmQAAADA0MBNDh21PwkwQ/WHvJJiJcQMzAQAAYGhgJoYO254MZzOxvby3MqAQCaOwdxLMxLiBmQAAADA0MBNDh21PhpGZpP5CEP6wP7Bck5XC7wILkTkJeyfBTIwbmAkAAABDAzMxdNj2pPHMRICZhE3YOwlmYtzATAAAABgamImhw7Ynw9lM9sdl0dFcQsTPam80Np4tfH1vSVtXoyCsbCSrXW2Be0Aecdg7CWZi3MBMAAAAGBqYiaHDtieNYSZtTDX0mYRP2DsJZmLcwEwAAAAYGpiJocO2Jw1gJge3xAk/ilu5PUsuh5mET9g7CWZi3MBMAAAAGBqYiaHDticNYCZKBhqFiJXnYSbhFPZOgpkYNzATAAAAhgZmYuiw7UnjmAl1kpelf18PfC0yJ2HvJJiJcQMzAQAAYGhgJoYO254MMzPx8rvS86qZvBzzA1r0o5+W9NJqtqyVZO0HiTsC94A84rB3EszEuIGZAADAfOD8tb6H2rI54KF0JtrSmQEzMXTY9mQYmQliuLB3EszEuIGZAADAfCActEQm5GcCMzF02PYkzATRH/ZOgpkYNzATAAAAhgZmYuiw7UmYCaI/7J0EMzFuwtFMOnPjBUFbGDYMdTQMSQvkJIVN1ZqtAAAAHjEwE0OHbU/CTBD9Ye8kmIlxE0IzIQ31qIT1m9/fHBsdSZZd2u3TRpeZCMtyO7VlhGpBiCOntPmdxPjnoshZpdVNcV4T7MdHw7tReVINmAkAAIQDMBNDh21PwkwQ/WHvJJiJcRNaM4nfo7Tq10YLiflTOMCE6DET9wRGQcwkSV1p2bOa2BOzNZCJ9jMOMBMAAAgHYCaGDtuehJkg+sPeSTAT42aWzET0UCWgzfbO3KQasePIevqQvYQ8usndnSB1qkTGJrg8vpd3l2+mvS4r1jNm0qnsRKYmybd/0b1+RSzdZ2SUraMnMoIuyqjVJehpsOstKVFxuzqUFXd3PDmTiMhYclCKS7Mfd2d17vuJZDkyOr7be6rVmwTZXXxm4nElxkdJlxSVdcS7cwAAAI8EmImhw7YnYSaI/rB3EszEuJktM3EVCs9l0EZ6Z25sQkLGWXlqBt3A9FoMqSLhrkkSErLkZTroaiozIRU63Eqx9LV6gr6Oao2ZSCXrq6lmDPnOxFUtRCQqW5n9DDk6XPJRPN2CECsXBppJnCColzc05D0tAAAAjwSYiaHDtidhJoj+sHcSzMS4mSUz6fgoTuma6Mz1G0DVkSX8m01dy4gTCumYL1fha0LaWaWw7K0pzaRDEGSRUJm+mZB9xtOqHVlRKS1qqfeIE+1HrTCOmaibAAAAPHpgJoYO256EmSD6w95JMBPjJrRmohK5LE0pJWbCTMYgzfq0VnVNFE+sp7IhDd/yzUqpS5rCTGqShHcb1GKJiYxiQjMhZ6JBqc/u515n9Z60WGnqvLfCOGbSXUzHqkXGJSodLAAAYHB8PxmX5fpv6VT/ApWYbfffNGfATAwdtj0JM0H0h72TYCbGTWjNRH42V5aV0YYAM/ETCFk2NFPep5xn4jfhRGbaZuKdAEPOJOHtzfSxXd4o9Zn9xNJpJ5Gbd+WVlZdNYiYE2/vxdI5KRKw6HQUAAIyL8JbNJdOv+YuLz0wi31Z+ALZ8MPmTRWYdmImhw7YnYSaI/rB3EszEuAmtmQQIg9ZMui0J7DO7Oj6KXVvsJrawXhB8M8dP0C4IaanTOydEWsmOV/Z/JUt4rdBbW2a6ZmJ7U0i00hPw7c0PZj8n1kd9EDjca3wzUaDTURjFAgAAY6L94UZ+ep+gDynZfKLBN99PqhNPn/5BCfx5+siAmRg6bHvy0ZkJ4A/2ToKZGDeP2EzkWe/eP8ExM+BL1qoz4BOkB2TJy2QhyvvyKGb/AjsDni7QmSd5t5UShmrWTPLejhMiErxr9OhqF4e7W94zs5/WNGFZVqdUoSM7QT2lycyEnVUPAACGRbEN30/dTmVi3u08jZmQH4pJc/0XGZiJocO2J2EmQD/snQQzMW4euZmIaS/SKRnr39+cEB0ZuUJ6jjCFekLiO5vXrohK+Chttff3XFI0/dVIKifGReZaN6v7t70VJURGbX5/fWJ8bFINLaH1IuO9g7JUquVPWly7Ilb+/Mc8VWikM5F2snn9a8Qy4uVCZj+ddDEukRyF+EzsxGYSGRsrjwcjJ6l6FAAAGBd1NNfQPbmgWv5JK4odMBMktGHbkzAToB/2ToKZGDchNBMAAAB8ENAhrJqJb54JzAQJSW7e7JEbk2QBZgL0AzPhIzATAAAAGgJnwAsRcUNDQ7mvxwaYSWfuMmFun0wIM+EmMBOgH5gJH4GZAAAA0CBPMqF4nxrccYQ+myStzhVgJqJ4pZBs6lZW5gCYCTeBmQD9wEz4CMwEAACAoYGZcBOYCdAPzISPwEwAAAAYGpgJN4GZAP3ATPgIzAQAAIChgZlwE5gJ0A/MhI/ATAAAABgamAk3gZkA/cBM+AjMBAAAgKGBmXATmAnQD8yEj8BMAAAAGBqYCTeBmQD9wEz4CMwEAACAoYGZcBOYCdAPzISPwEwAAGA+8FBbMGeE/ExgJtwkjMykJNOSvuOQnSmxplnMmfVMAQgvYCZ8BGYCAADzgfPX+kKuBDp4KJ2JtnRmwEy4SXiZSUbZRfO+Nm/B/eSCi7KZDF9vzd9daE6xZORLW7vqM1IKzxQXkZL99TceqLsAjxaYCR+BmQAAADA0MBNuEm5m0mVOPa6su5ps10TZTJw1xzPz6/v7etJTLXQTNRNren5T/+1rVFcqunx7AY8QmAkfgZkAAAAwNDATbhJ2ZtKcZ3HStRu2HVRCNKO5HGWFDlE2E0lRCOcrk1OsbB3wyICZ8BGYCQAAAEMDM+EmYWcmor3Sdk0k/yanFIleM3nQYy/Jo2O3SLRmwi6DRwvMhI/ATAAAABgamAk3CT8zITaSVpmTarXaPXSZmkmvObtJ6kgRz+QHmAn6TOYOmAkfgZkAAAAwNDATbhKOZlKRbUk/dkMulPtMzCnWnKpr1843JW+1qmaSmluLeSZzC8yEj8BMAAAAGBqYCTcJRzMZabTRAV0Sspk05xclp1rMW4senCtVzaS5iI7vsp7qwbO55gqYCR+BmQAAADA0MBNuEkZmEgSYWxIewEz4CMwEAACAoYGZcBOYCdAPzISPwEwAAAAYGpgJNzGmmYDwAGbCR2AmAAAADA3MhJvATIB+YCZ8BGYCAADA0MBMuAnMBOgHZsJHYCYAAAAMDcyEm8BMgH5gJnwEZgIAAMDQwEy4CcwE6AdmwkdgJgAAAAwNzISbwEyAfmAmfCRUZhK4ZwRBEASZMtpfJ8EDM+EmMBOgH5gJH4GZIAiCIHMY7a+T4IGZcBOYCdAPzISPwEwQBEGQOYz210nwwEy4CcwE6AdmwkdCZSYAAADAnAAz4SYwE6AfmAkfgZkAAAAwNDATbgIzAfqBmfARmAkAAABDAzPhJjAToB+YCR+BmQAAADA0MBNuAjMB+oGZ8BGYCQAAAEMDM+EmMBOgH5gJH4GZAAAAMDQwE24CMwH6gZnwEZgJAAAAQwMz4SYwE6AfmAkfgZkAAAAwNDATbgIzAfqBmfARmAkAAABDAzPhJjAToB+YCR+BmQAAADA0MBNuAjMB+oGZ8BGYCQAAAEMDM+EmMBOgH5gJH4GZAAAAMDQwE24CMwH6gZnwEZgJAAAAQwMz4SYwE6AfmAkfgZkAAAAwNDATbgIzAfqBmfARmAkAAABDAzPhJjAToB+YCR+ZAzPpqm8m/44O9/f15qRYyL/9w6OkIL34Ml3u6yXLjrJC8/Yq9RXmrMKSLnUNgLlm7L58r2anWeSC5BTrNVJy3W7bY20epiUZqZYSh0feuj+lUP730wv0Vf19Uo3QEXh0c0qputWcWS8vjJw8nrqj1ltsN6da5aWSTMv+0+KwdEXmfa3KGUr/n8qXmZ5SSBdGPOa00uZ79CW2HcqFzw528v/7yEAPuS7rufve1V7ylmbWOMnmjDL646A5z2pOLezp6+253Cq/apbe3jnA++Mxp175kbh/qyV5Ty1ZPnPMtv/0sFyhv69VrUC4duyQeV+bsgf5x+y8AWbCTWAmQD8wEz4yZ2YisT/F176RWxsyxEwuFR9SVvqaG6/Uw0xA2HGlyia7x+nS5jFfcXIqtYKMlFLSmpRb0qqZzMptPN7RxzETV1NmaqmzqshbbC9xdCUfvih6zUSpnGdXlpj/TzOk8yeMnC5NTisVx65lN85q65+qiCj/hYKevLJqP2yVT0/6WdGVWnzN70XeatxAfjwq35cx+/7TiuUSrF4fJpesfuMIyZn19gLFNmEmiEEDMwH6gZnwkbA1E/FabaP011naluqCmYCw41NvvwG5XR1MeabUjidmMtxyPDnVJs6ymYx79EAzIdWSCy4SP5H/t5Lb8Rkp1P+nbybkf8eKbIuzpkjjBKFGcYzmPIs5v927OpqRKnehyD8r/BrlEvyaif8PwKrd45qJJ7PKKdorlW8NzAQxZmAmQD8wEz4SvmZCGknZTcRP0rdXwUxA2OGozz+v/Bl7XDfIkN3A1ZzTMhwOZpKcYjHLIf9bUaR2/NjFjJKuYMyEMOzdw+xhl0+1okPumZFGc50urfP208BMvIu+N8FZVSS/adQ/RZgJYtTATIB+YCZ8JJzNJDOlyF5gTT92A2YCwg3Smvf9bzPeeCrFTEhbf2vprJrJuEcPMBNPZsUNedJITqo8oEtpxyenFgZpJkyd2ULjGPKqM907fAujubyLqpk4K7Kt8vc3I63SPgYzQYwamAnQD8yEj4SPmWhmwNOi06Xm7CY6Th9mAsIKV3N2TZd8uz6QCqQ56AN0Dnqudwa86gaOenOqYiazNEU78Oj2w9aS8z39I/ftZbYSh6e/pqhfrW2vlMTC244fbjOnGsJMaF9Bsm+eCZVD81YbfT9vy4rC0Qx4CZ+ZiN4Z8CP3lRnwCoqZkG+3PGVIlDtPdjeTb1+ddH/2D9Dxb9wDM+EmITCTM23X+pm/1oD5A8yEj8yBmQAAZgH6rKodldpSAOYBMBNuMlMz6W8ppeMa8aNwXgIz4SMwEwA4YWyAyEmV91HFAMwfYCbcZEZmYj98SJlOR5JaRJ/ul2JhR4oDvoGZ8BGYCQAAAEMDM+Emes1k+LIty+sk/tFpJl315LX0gXcM6cwIy6Aw+4+IBbMEzISPwEwAAAAYGpgJN9FpJtYPtUIyczNJTlMfZajAzskLCpjJowFmwkdgJgAAAAwNzISb6DGT9FSfh6QfbqdFA20+OcmsuqDjqRhd9fsb23JSfU/pGTl5vMJe/4jNhHlGOJgamAkfgZkAAAAwNDATbhK0mWh6SNTyHP/yZuUjZqdNlyQh5yutdmnqnqspk+z8dKlsJvIMlsbzF607LSXy3L7TpbayQmtZa7P0qMD9Wy37y1obq2ovSDszp1hTc2svXW6nHyy1r00qu5FZ1NR4/kZdUZHvaYMfWumrTjWZpQ/BFUeHyVXQR+yNkEM4zVttZ85fLMmXn/sOxgFmwkdgJgAAAAwNzISbBG0mGakWM9NncsH7vGDfh8tKW/3mi0wH2UzEG/JT0unTuNMqVTPJTLVkyA8zH7uomMbpUvNW9WOkPPKj4lXICcjdNheKDplTbOwmqhyZdMwYNRNv10q2V7GYj1aw6xyWNp+AmfARmAkAAABDAzPhJkGbiai06SeMzga9YiYi7Sqhc98P2a5R/ZAL/Q8hCcnpUt/HMPU1aw7qG81FBEZZHt2/uzB1q7QH+mm40lV4PyuKLMsL7Ie+leRazWmFDtp/AsYHZsJHYCYAAAAMDcyEm8zUTErq2xpP0WR658TP0Ewqsi1O0WPeUUtHafnM5LjyUabqZ7sGaSaN+6zZx1rt18nLB6ZpJoTGslJzqpUtASwwEz4CMwEAAGBoYCbcZEZmoin/dEcIzES815a+81CFS1pmRnMley1CgTUT8b451W82SKCZ+M7W1TyJmXy6XXtRYstx5kDAD5gJH4GZAAAAMDQwE24yEzPRzN8QHSUz+KRF1UykKSvKktdMRNHTf6EpmU5xsZbYe+VNfsIwcFneapdm3geayYPrzUonz4XJ+kzE4cukTnJRuyj2pktDvzLyW5VNIACYCR+BmQAAADA0MBNuMhMzGT86zQQYEJgJH4GZAAAAMDQwE26ix0weXG+25pdOFKf3aV2Ae2AmfARmAgAAwNDATLiJHjMBQAZmwkdCZSaBe0YQBEGQKaP9dRI8MBNuAjMB+oGZ8BGYCYIgCDKH0f46CR6YCTeBmQD9wEz4CMwEQRAEmcNof50ED8yEm8BMgH5gJnwkVGYCAAAAzAkwE24CMwH6gZnwEZgJAAAAQwMz4SYwE6AfmAkfgZkAAAAwNDATbgIzAfqBmfARmAkAAABDAzPhJjAToB+YCR+BmQAAADA0MBNuAjMB+oGZ8BGYCQAAAEMDM+EmMBOgH5gJH4GZAAAAMDQwE24CMwH6gZnwEZgJAAAAQwMz4SYwE6AfmAkfgZkAAAAwNDATbgIzAfqBmfARmAkAAABDAzPhJjAToB+YCR/h20wELwnv5FY73NrNAVRvInXjcztFsSaJLEllnWShWlPPH1pVJjIq7UiHdvO4ePcfL72OLOQuI1+TtNUmx90dHx1JXrZ2l81+e+qrCwnrowRhWa68XPZ+Ajl6Ynp1t0dad3dHkdP5cRwpYV4BAACzC8yEm8BMgH5gJnxknpgJJSJBuzmQ7uo0q31I1GsmEvTlU+Lp3pyeJzJmMnQ2L+tEt7baJHg6c6kXKKwteTRmMkQPJpuJh74zMpGv20gBez4uzesAAGDWgJlwE5gJ0A/MhI/MuZmMjY11dvVevHb73MWbdpKOm+cvdV282t11q9fj8Tz0on3Z9CBNZNoBwgiAq90WK/UzRMYmyG15shz7UUfem3FCQt5kfSbu7sT42MgI2jHS4t/uplU3KfKiHNHdXb1ns6ZyYnwU2ZrwZpatY2jyPpMW63r5DNfuoruVV6Pi12Y1+tSlcw99qXx1XtybX6OFpGZuKz0q3ae3f8NX2eNKiJV7WqRzJqvkDYmIzDs7tVIlRgjxz8n7dNveJLJHT3itcglu8m+1RxTv2WiJ9IaslS5ZJqlGuzcAAAgJMBNuAjMB+oGZ8JE5N5M17xU99eLOf4nfFfHih3+56K3/60vL/uwLP3/ynxO/99M3krbk3L9/f2RkZHR0VLYU7YunQm0Wk5Z33Cb6d33xXou9mypJUjRpwqepdSKXrd18uGMyMxHFvFMdQ26xI5t2DXiPQGH7TCKjV8uFnSW5bGVpz2vJgm1Xod0z2Wgudwlt2Lc4XC3WrEK7strhcqVJPRI+FbnXQC9BFQyJXGsL+Tchgpa7xjMTeW9Rr+e6XB3qzhOyO0R3Bz2KuqPx6NyTILxp8+6zWvWx6nfo4arFasH7tkglSYWvCUJcFlnt+ChWvnYAAJgNYCbcBGYC9AMz4SNzbib7Dla+9P1f/Ppnq5Y/+6uIx7/51P/62lP//Us//NLfx3x7cfZu6+Dg4NDQEPGTBw8ezMhMhMi4N5U2uoykCtQE5M1M4YRmotCZq9aX8RvN9eN4dpNaueUD2ntQ3ekdczWxmUjN+kR1B9Kq1Kw/tZnsIsHCjPjqrpaPmVbn14kj7UroHM9MZIvIu63UVKRCmiVCFgonGYN1JZcIT/WQuk/GTOib5m8m0ntLa8pdSfRi/d8WAAAIHTATbgIzAfqBmfCROTeTkcGBpo2vV238Xdn7m9K+t2DN//mL3331L9d/5x+2/uipC59/7nA4uru7+/v7iZx4PPI86yCQm+OELMkAGkSR+kFkVMKbm1fH0dazXEdtN09iJnlSl0Xki4mb3x6vz4QZzUXkYdzK1bvkcU9RSXXuic2kky7E064GGd9qZy6t7D2QSvcRabfvNnRapPno72xOkIZQjWsmqrTIyKuxz8XKKXR4N0hCRWGuiyWpppO+pQl0qox3n/SNkrTJewmtaaRk85vxkeSa323w7hoAAEIMzISbwEyAfmAmfGRuzWTM4+m25Z3b98nZPEvjru1Fr8ZlPvXN1G//9YdR3zu6Ku7oay+fO3v20qVLt27dGhoaevDggfb1U0FaxhlnXa6OFrk97ZJK8qTmszTkKQgziZea125RLNtEG/7eI1Bo1bdsLpfLXp5FFtNaFd9gK9utaUNk3d1AN5Dm/oRmIrqsiYI0mst+JC1xe4NbqqmO5sryjrgipxoZl9hg7y77gG6I29VB9xBF9uCW53Z0Kl0iUeTEOsrpTsh1yTuXRnN1053Lg7veouPcuu1l3gsaB5eXDHLG8RnkWuTXdrvoMDBBugTyb8JHLba36PHXlrhphRW58qu0uwMAgNABM+EmMBOgH5gJH5lbM/G43Y5PttysPHatouTMxzuPvPAve7/7lxlf/y+7f/L3Jb/8/sGXok41NZ0/f/7mzZuDg4Ojo6Pa10+F3GhWkJ7Npa4lrEgIykzSpEkdlOjx+kwYhsarLA95kpi8z4S8KYpHUWiXhfQ4LC/qQZkdkqMkVQ8pA8YEemm0P4jOw6/znVqU3H3kaUmL9RZJO6+W3ElG3fkkMP0wvmdzCQm0RO4pkun0iHKfiYJmkBsAAIQOmAk3gZkA/cBM+MjcmsnDsbHLH7935fCezsO7P0sx5/zLk9lf//N00//I/v7XKp//bupPflBXV9fS0nL16tW+vj63+9E8GBeEBuIjZcqnrNBuHP/HiAEAQMiAmXATmAnQD8yEj8ytmYyNPdywqzz7UNOeglObd5W+t3nv9thV637w0qtLXvuu8NIPfrr8xIkTjY2NHR0dLpcLZmIsaF/Mj+n0Ffrxi0KUdjMAk9BXHJGw4YrTeeXkAdOCpXJZxAJTRMIWJynsoatLyerKbQ57uSliHfvSpabF5aXlcuh665aI32yrveTc9puInKu+ald2LzWZlBeSJd8Glap1Ode1ZY+SsvIyNULEaptL3BwrpFlbOk7lCRGJhfJzLIbsQmTkONrv6Sblvkd1d+bFvp3ncnVIT9GgtRMiBLuDjvSMkjtLO3PHf653TdI4Ow8/YCbcBGYC9AMz4SNzbiZrPrB9fPDkJ/mnunpcvb9+6+r//k7rLxObfr3mu//y0tM/XV5ZeaK+vv7ixYswE8Phas2jn+hCn6QcW+3A9w7oxLxI0oaegqUfX2FuI7fpmW3t0kMxtj3j5xUxJsVkZAoSTIPK4qApoUAtX2oKdzNh6IhKoQ8EH3IolrBaEOL30OX1sUJL8TjykLUisrDGJxstH0TRh5WThZQo4bkMsiA8R5+ZLpfQyWswEyQ8AjMB+oGZ8JE5N5N3dlUePXH207IzZZ+d73rl95e+9oPqJ79nffrn/yS8/Ozzv6msrJTNxOl0wkwAmIesWUC1IWepvzxcz1lX5V0mCnHTt8W0YINvRRTXMdahGkh7+uIrHtEoZlL4Gn16B8t69gHiE8kDIxuuI6vlJ39kLROEt+izLoQI5dHkpIT+YIWZIOERmAnQD8yEj8y5mbz+wTHL0ZaDxa3vbDv+lR//+3eeWvH43yw2fffF7wgvPRe/hphJXV0dMZM7d+6MjMzZeQIA5gL34KVy07NbREkwzuxeE7PIZFoUM+gRRfu2XVe9tVrNrEKYFpBKlC2l9DHY237isw6TbCD2bYulfhWjmElcwGBI32gucWJ5YGXD0ylEJrhdLUIsfVoGITdBSKvplku0lVkm2nmYATPhJjAToB+YCR+ZezNJO5adf+qTQ6fyj7WsXJ+9/PUPYuPXvrDiD99+6sXoF34rm8mFCxdgJgDML9yDTueVptIDpgURoiQP3kFZxChemcRMVNrTFxc4yVd3vLCQOEn8H8sXmxaTddPSXVekoU3GMJPbeYn5fl0ma6PpAwB9TCQPrGwM2YXYxOo964XY1XkdtI8ka0VkWnmLXKKtzDLRzsMMmAk3gZkA/cBM+Mjcm8kW266Dp7IPnsy0VD/76gc/jf/Dj5/77fJVm372/Oolv/i3iooKmAkA8xnH7qW1/l0fMVQwzizdrXwyKDGQM+o2llazz14oblNCQe3v5Q4VlXW14W0mayP8HuedFC24NB85O5E8MLKRpD4T/J5tLV2uXlvsHRx7z0arwUyQ8AjMBOgHZsJH5txMkj6u+ORQ08Ejn/0h7cj/jPjd//fNl//iyWf+9p9e+t4PlsW+9Hp5eflnn30GMwFg3lK82kTEo337Ynm+u0jHa9G+jolmwKuUr1vUxDTiB6vWbah1O+3KY7tITKb48tJ2Z4CZNNW20y8aM+lrrz2puNCjRJ0QQnFVx75b7VuVmUgeWDNR9eZsWiwdG9aQaPX2w5xNS2sNMBN3t+I/mp27pA6X8ANmwk1gJkA/MBM+Mudm8uYHRwcPHhz+tNDdfia/bPF7u7/yJ//n+09887mE196JffH1srKy2tra9vb24M2kdp3mb6O/r9VWmQUGa7eZpHEjTs3fNckJqX+sXRRRcEkdmTIhzsMrTQtpC4ydwgvAuOS+I33O5Y/jugNuPEPS07RYGoJlWriooF35nyVndcyiBaaFQrzSOO4pN7+8iNQovy4X1C76YxMdu/UTaZ7JwkVK+c0DdHXBogOt2v/p2NFcXmgXijx+jJiJr3hpTu3GCNPClezLHwGu/MQs+uQsBd9Hl1K8n17KyIPPQESNbAwlxNKndyeml3VL74rdul7eCymRKzN7Tuq0JFBdEZXPnFVYltvwbpRNnd8STsBMuEmIzOROmznFQrP9UfziB2ECzISPzLGZPHyYfupa4yf7Tn+yr3NLyltpC2J//cU//d+LvrTw2aglcT+KTSgtLa2pqdFlJgoha9bbt01naIfc1ilfR5symk3ETNS/uK6TH4Q6PUJ2CYBbfPMOfA3WeYYz/xWtecw/hDdt2qL5AcyEm4TCTIbt+7dKWpJi6RnVbgQcAzPhI3NuJrtLW/J35ZR/nLsn2bzr0D+tePt/ffVfFn75H3/6xobnfhTzCjGT6urqEJrJK8/SP7Iueln5W6nphZzi3y9dtMC09I/losdJFha9bC6XPsdt8FLBIumPtvF/pJ/XRjbJSH+AGaRzahcsillBnxrEYjKtEaXxJ+wnJ8iwZpKzVF4efOVn9CALva3JLSvoX4XJCRZfp8PrZc+BmYDpE6/OKABg3gAz4SYhMJP9qYqWaDcERVd9RlmXuuYoKzSnFDKbQ0JXSaal4lRb46mm5FRL87B2sw7IVe8/rS2cP8BM+Mgcm8nY2JaPij7KLNrxUeFv3/gg+l9Nf/L/fOlP/t8n/+orT33r2z+N+NELJ07QT1qcyWfAs816+YMRJAZNz2wT1aeIiqLTGq9MqD1pXmSK8VajKEbBDDpfrO7Tc8X0hvQ5014cuUvjV8TE72Y/Ek7BZyZ3naaF/n/Y9tTSo1/PYbtlYCYgeFzCayH/7QlAuAMz4SYhMJMMeRxXiuUBXRtNT7VYz2nrTM2jMhPvHyyvmTObpL+KzgjVTKp2z0zMjAnMhI/MrZk8HPNc3PCbG4fzrx+xNWV8vOObT771P/7bq//tv7658Nu/f/rpDT9++uSpU2fOnLl+/frAwMDoqJ5uWbZZrw4rF71zXn0lqnhcz5E3ua/XLv6h8sEIGjNhR2qZ2A+cJqKyIKb2/ZiV+Vek1dpX8ulTS2WImZxxEhzttcUL5YHsonvdy4sjpIPIXrTmGdqDklNLl2EmICi6i9dGBXzwBQDzAZgJNwmBmdh2KGZi/tBm3Wkxpx5vvKetMzUTm0lzURHdeaq10TtWjErFmDM51ZKcVUV+8ztbKkmFjPw276s9mTusbH0vrJl0KWYyNpCdZSUvzyxu7x+Ttoz2JHt7gZSOoDGnfA7MIRQUM7nWJFf2XoL2BMyppRfKbKRC8g46ADRH2pq+r17eWpGnXGD+yZm70iMFZsJH5t5M1ic6LDnXLZYzKVssX/qL9P/+5//+53+20fSNjU/988YfRpw7d669vb2rq2twcPDBA+kPIEGi20wiTKamS05nn5sYwjTNxHl4pfSU0kFqGh9fcZeuOcD8b82O5mr646Lyu6QkYoO16YqT2IvD+whUt9NeQOykaRBmAoKDaEnSCc1nhQMwL4CZcJOZmsn+rZbs+q4zhw+pTXmn3L4Plq56dQ/eUDNxVhV9Kn8ektQvYZd2TrZmVkl/huyoMu+suiQV1u2xXCJfXM2ZqUr3hTXN4t/a8prJ6HD2h5Yq/5/eFdkW4ipkIdU7LG2k0VYiPYCCnInNIZ2DvTLn5H31JdImpc9kPzOYjT0B8z4qM2Z163ArMTdpyXOh6FDdPXrhxh0PBjPhI3NsJg/Hzm/5d/tbv7b/YU3B976267/8yebH/uSN//QfV/3nP/3dV7+Y8ery7u7unp6evr6+e/fujY3p+fnCNuuZeefqaK6JzMRhWl0sbzEvUvpM1M9G8D1j1NPOjuY68/6i2rvKsvPIGtM/bVA3iQFmUnyX2c9Js/rhDBIO08ZamAmYPlERsdoigzMyMuJ0Ou/MGLITfVPUwgG8CdMEZsJNZmYmA/IjuazZVdf2Sz0P+af0/tW/qz41r6mRTgKhqcg7JJsJsRHf7+rTpfnn6VeySXYGcawttfiavPFS8aFmUeyvKTKnFMklzXkW/49eomYia09yZqXfFqmyOZN2YvhGkZ0ulYal9Zp3N/crRXZzvvSMcy/jmgl7AubUUrmad2OXOVd+Dp9kPl3kEi6ad9A6RgRmwkfm1kwIt+2t9b9eUhX73cNPfXXn//zTdx/7T7/9v//jqv/6Z7//jqmtrra3t7e/v394eFjfJBPRv1k/WLUu5o8FzktNBzbGrKsaFCczE7IpwuF0Xjl5ICJiEf1B5CyIeKPgipN2cFzZvXTl9lqHvXzbyoicq8oOKFdzTM+uKy8t37aazqqPWWDy/mmF4h3NdaWptFie37LtGdMBOz1IzMIIaZ7JgQO17WS9fPvKDbW0rwZmAqbDUE1S3LuFZeVlcnT+rxJmaBvXM4P8DNEeIOwh56y9jJmhPQBHwEy4yQzMRNESqaGfR3sGZsQEo7ny05j5G131mTW9Im3olzYrRXb1VeQlpNB+mAjS8f6+Xjn+Iz/Y0VwKjfus2cdaSc06i2ImpE7d9YGRsdGcrXKXy0XzPlpBybDfCLEJzMR3Av199EchM2emy5xnVxZPl1IzoXgqiopSUy35doP93ISZ8JE5NxPCqNt9d3Dg0rkznx0vrik+euFM6y3H9fv37rolRkdH9fWWAAAMSn9/v7ZZPWO0xwh7tBcwY8i7qj0GL8BMuIlOM1EfE0yiTM+YIROYibOmKP984GiuCc1EHs01QQN/HDNRezPIq2QzcVQUXvOfn2JOse4/Pf4uVTP5dLvfaC5N7anMRIFcl9962AMz4SPhYCYAAMCibVN/Xua/fisnJ49dby0rsOTm7LXapI1XD+7LIRwsaWbraI8R9rAnT2HehIIDe8kF5hVVMZvpm0AK6y7eUks+L8sr+5ypYcA3YZrATLiJLjOhvSWHMvOPh6a3RGYCMxHHusyph85cvmY/1UQMQd46mZmIHkdFkXlnaeOptvxcZVSVl3HMZH+axdZ240xVZfoOq9pnonGtkiwqYHWn2urKqqz+c0JUM2ncZ7HWXztzmXbpsCeQnE89ZDIz6Wr6tKqt//rFxqrKZP+hYuEPzISPwEwAAOGGX2u6s5U2w3P21pxTCm7Zy/Jy/cwkZ9/hms8dbRUHm2/daT9xsOHc9a47tw7vy2HraI8R9rAnT8zL9yZ0VBV9drnrzp2qgr0Opg55E27dcuzdZ2v2ukneAZgJYrDoMRPfbI19ypQJnkhPsyrTXerrzakatwF+wEz4CMwEABBusI3psrwc/z4Th+V4WxHbZ3K5qvKCsphz5KRa/HlZ3mV1xYCNcubcPz9cd8v3JjQr7nG9psB3gd43oe24RX4TTh7Ze+tOA8wEMVb0mAkhf3dRZlGIekvCittN2Y2+p28lpxxitgEtMBM+AjMBAIQbfq3pO10HLTmWQ8fklcP7qJP4mcnZkgbvYk6e6jC3cqx+Y8C0xwh72JNv/+wY+yZUHqIdKMdamC4T75tAfIy+CZ11ldRJYCaIwaLTTPily7zV1iNNXq87ZktWR16B8YCZ8BGYCQAg3PBrTd+hze2aYwelnoKOw3XX72jM5PMyn5lYK6WvtzpqDzd0qjUo2mOEPX5nf4d5Ezob8o7WtXdezsvNYeeU+MzEWll1aK+0BjNBDBaYCdAPzISPwEwAAOEG25huqGm79XlZx5nKokbHnVuOyxKHc/IuX3V42+XnDn8m9x58frCKjm/au6+gyu5rtMtojxH2MOd+rp1crPdNaChS58802HyT/JU3gYgJeROuym/T5ZpjLZfJG6VW0h6DF2Am3ARmAvQDM+EjMBMAQLihtqQVtM/mUvtMLufk0+dTeZ/NVXRHapqrFDX6XqI9RtjjO3UZ35twXX74mDy4qyo/R55tIj+bq8ZPydBnghgsMBOgH5gJH4GZAADCDb/W9J1xzEQH2mOEPdoLmJdvwjSBmXATmAnQD8yEj/BtJhGmhVeczoKNMRtqpc/Fvp4TsXKb/NnttYOi2NNeXlouh9QpcEovWWCKSNhCP6q9h666azfEf1DrvNluMkXI+1y6wFRudyh7EEXn4ZUxfyy4cvKA+WcL5RKTKd672yb5Jdt+udC0cKHyGfN9xSsXmHKONJGXmBYspSXMaZgWrCSnoVYg+5RfRV7ffpN+IL0pwvuh9QDwCz5pUQw0kxmDT1pEwj8wE6AfmAkf4dpMnKaVBcrC6mKiJuVvmNrlz271tC/6o6INMtueMdEvPQVLP74iSYyMsyDBJOmGeOCXJqncbXpmG/3q3YN5kfRCqSTi/TMiNRN/eegpNj1rbireoJgJ2cVd5Qi+1yoo+1QriJ6mRXSfZxanK593pJwnAFwzMjKibVbPGO0xwh7tBcwY8q5qj8ELMBNuAjMB+oGZ8BGuzUQ0RZjpl8Hyxdtpy36pydesN5mk/goFpymBOkzOUm27/0xKRJOkCetki7ies65K2UT2kHOT7DNGrSzv0/RCjlrio2qdaiYqaxb4HY5YkNRtwzBYvHS3gxx011VvCdnPTaYCAJxCmtFOp1PbuA4eshPjtsjxJkwTmAk3gZkA/cBM+AjfZiL2NZlMpoW/kXtO/GyEsRQ37UvxFsZsLKDjpko3RGyslTdveJbsw+SUO1sYwSCViaXUbozYcLjdeanpwMYYef+1peVOp6O99oA6AEzzQpGeCSHCcddX4uuNkZArLE2Rz9xtWhDjII2LS00RERGBhgMAAPMZmAk3gZkA/cBM+AjfZrLuh6YDtU2LF5pq++jqYqZ/Y5FqKT0H4r2WQmRDHrslUjd4RdpavPBn6wpSXln4sy101b5N7b4ge6CS4BmMWWQyLYpZs/uMybTG+2pK8WoTHd0l428mxDKaSg+YFjDq0nPglXxfl4lcYUtCxIYqeka121+hqrIoxlm8ptjPZwAAYL4DM+EmMBOgH5gJH+HZTK7nbPN+XOpiySLYeR2mRdJAL2lIlTzWi7DtJ74KMabFZA9Lyb8y9m2SWpyhw6skyB584kFpl+aE+HDmv1Iu97SIWjORcexeqvTLBIzsUtHMWsE8EwAA0AAz4SYwE6AfmAkf4dlMRKdpIR0E1WTdEPF76blZPQXqs7kKpEdv0Snm7FT4wVrTsxsK7I7y7SuX5jrkGfDmw+1O55WYBUp3yiveZ3Mpe+i54nQ6t/0mwjt2q3bD7mJlNJf86C0Z1UyqzItXbGi65Lxystg33Mv/NNQKZLdrimlHivRgLt8qAAAAFZgJN4GZAP3ATPgI12YilqfQQVCLfhg/6O27ML+8yGRauOhlpcPEmf/KNqW/RCFndcyiBaaFQrzyeCyPM0ZYSHayzurtD+kpJ+vqHsQGM9kas2JL+XX5Fc6YHy6SRl5FnJGGkCmoZtLTlPP7eFph4aKCdmXsmOY01Apkt3IJPQNmFQAAgArMhJvATIB+YCZ8hG8zAQAAwD0wE24CMwH6gZnwEZgJAAAAQwMz4SYwE6AfmAkfgZkAAAAwNDATbgIzAfqBmfARmAkAAABDAzPhJjAToB+YCR+BmQAAADA0MBNuAjMB+oGZ8BGYCQAAAEMDM+EmMBOgH5gJH4GZAAAAMDQwE24CMwH6gZnwEZgJAAAAQwMz4SYwE6AfmAkfgZkAAAAwNDATbgIzAfqBmfCRUJnJPQAAACB4tL9Oggdmwk1gJkA/MBM+EiozAQAAAOYEmAk3gZkA/cBM+AjMBAAAgKGBmXATmAnQD8yEj8BMAAAAGBqYCTeBmQD9wEz4CMwEAACAoYGZcBOYCdAPzISPwEwAAAAYGpgJN4GZAP3ATPgIzAQAAIChgZlwE5gJ0A/MhI/ATAAAABgamAk3gZkA/cBM+AjMBAAAgKGBmXCTIM3E0Zq6/dC0klWlfS3gDpgJH4GZAAAAMDQwE24SnJk051nMKRbz9sr+vt6JkpMi1UmxaF88OV318qvMqdb8Uz3arbNAdqolueiythQEA8yEj8BMAAAAGBqYCTcJ3ky2FjrHfCX5OxQPuTDsLRpzNucX6TCTjLIuebE5z2q75r81dJjz7NoiDhi+mFp0UVs4+8BM+AjMBAAAgKGBmXCToM1k/2m2wEkMxJp/PCPNkuzf4p+JmYhXqjIqZqnbpJdPM5EUUVs0+8BM+AjMBAAAgKGBmXCTGZlJT0UhMZAesaskUzt8ayZm4qwqyj9PF8hu92+1VJxq65fKk1Poct0xmzmz3iH125hTbBl59XWn2qw7LXUd9flVdCupJjeyyGtJSeOptuwPLSUOjzg63N/Xat7X2t/XS7emWOQjOsoK0y31pFpFfqHsV6TEnGpNz6OF6oWQ3TaeuthYVVvlkgvCDiInj7jnBGbCR2AmAAAADA3MhJvMyEzEc6XmNNuIeN9xrt6ccojZoMdMlHkmRBjy2+QyYia+UV3nK/ef9qjl5t3Not9Rusy5rfLSSKOthBrHRbZ7xJxSJH21q4WqmZhTCtVq+1PpDqmZeAvJMj2SZCaOEeUEwhVPf+PxKseotnjWgJnwEZgJAAAAQwMz4SYzM5Oxi97Z8O3mzHpmgx4zSc1rajzVduk27dCQIQaiLvfXFEm+QaHTXdIqRT+p6PJ5yOlSWrOv2Tc8jNa0Sl/HNZNStRo5Yr9iJkqhaibOlkpyUXWXfacXbvS3lCZvtWlLZxOYCR+BmQAAADA0MBNuErSZ0D6NCl+LXxy4nLGzaH+x0l8hKs167eCuqWHnmXhhzWSCPpOJzWSmfSZaM5F5cL0++fAjHTE1TYiWlHSoTyF4RMBM+AjMBAAAgKGBmXATPWZi3unXPaLBmqrzqcFTmMnYRdlGRGlgVWaVU5zCTDzmVNlGpNdmN0lL18wWZaiYaiaZko3IyF0rk5iJ34HCCM8j7i2RgZnwEZgJAAAAQwMz4SbBmcnw6VJ1NsgUSZVHT02bKc1EFB/0tCWn+j22eFIzEcXRnvQ0ejLp+2q91cSSfYdka1LNhDTr92dZSWHyh0Vyp8O4ZqLU2TkHAjA1wze0JY8EmAkfgZkAAAAwNDATbhKcmQDAAjPhIzATAAAAhgZmwk1gJkA/MBM+AjMBAABgaGAm3ARmAvQDM+EjMBMAAACGBmbCTWAmQD8wEz4CMwEAAGBoYCbcBGYC9AMz4SMwEwAAAIYGZsJNYCZAPzATPgIzAQAAYGhgJtwEZgL0AzPhIzATAAAAhgZmwk1gJkA/MBM+AjMBAABgaGAm3ARmAvQDM+EjMBMAAACGBmbCTWAmQD8wEz4CMwEAAGBoYCbcBGYC9AMz4SMwEwAAAIYGZsJNYCZAPzATPgIzAQAAYGhgJtwEZgL0AzPhIzATAAAAhgZmwk1gJkA/MBM+AjMBAABgaGAm3ARmAvQDM+EjMBMAAABTMjIy4nQ674QCsh+yN+0BZgDMhJvATIB+YCZ8BGYCAABgSrR6MWOGh4e1x9ALzISbwEyAfmAmfARmAgAAgWSkWLRFIaGrfrb2PJv09/drxSIUaA+jF5gJN4GZAP3ATPgIzAQAMA9pLCoyp1iStxdlF7dqt0lM5A8lmRbyQl8y67U1JifATAQ/4klJx5E0shS1Yn3e2SG12tDZLGFTte9lXuy7EpJqfKtl7ydERQpCZFS3W1r3uFr2rCV7i3szV6lRk5Tb6auvEi8I7H40hGoclwbtYfQCM+EmMBOgH5gJH4GZAADmHedK8zs82kJ/JjITGeoneXZtKYM5pVRbJBNgJipZcUJUSgtZ8EqFPe05QVoaihSiVudXB5pJ1orIwppcn1G0pqWdVRajhFjyb6IgrD4i6c3tvLXF0n51mYlWKe7cKftcWeiosx3cl5OTa7l6y69CgSUnZ2+era5DLSki1YoamCowE0QbmAnQD8yEj8BMAADzjmu1GcdusAWsLcjdIKQkPb/Jfr33zDFbRkWXr6qEn5ncazfvKK04f+NSfZX0Ws/IQK855Xh/Xy/Z6Kw5nplf39/Xk54qHWJCM3EJrxW6/Eo6s+JlM1FWA82E0smYicuWaO2WF4WIteTftGjFdoZOrM/qkDbM2Ez25uSVtTnKPr/Vdu46WVVlI+dQlVqn7bjFIS18XpYnL1yvLWgoy4OZIJMHZgL0AzPhIzATAMD84745xVLS5vONcc3EO0HbY07VdoCwZnLt2KE6b1V1P4F9Js15Foc4sZl0ZG0+5V/SmhYlRDHr0zATOjYsMiG9umXP6qQa2lUyVJMUJQgdLndcRKRSY8ZmQsTkc6bPJOdgpdQtcmuvrVmtU3UoR1k6c+yk9DUvt+BzmAkyVWAmQD8wEz4CMwEAzE8euK6lpioTRcY1E7Uk0CVYM9nPbFX0gzGTBz32kjw6p4VkEjNJFNjuEdLWtgsJuZ1+I86mYyZDkRGxiell65dFrrbSLpLu4vWxEZHVp2yRQqRL3tuMzeTW1dbKorycfQeV4VudJ+kwrdwCtk6JxWsmn5cRh5F7TmAmyJT5/9s7/58osnx//2+VmJBsQjIJySQkm5CYkExC/GEnm4y5ycfcZMx0Rvr2bZkMXhkud6cbqelGRHu3VegBAS9fHL7J2OrI4MDIAgooXnsUFLY+51RVV1dXI0J1i9TxefKKXfU+p6t615Xm2fOlMBPwD2aiRjATAPiIyVpe4bKFV6Vm0hhOOscWbjMRx+669fM0byZPQ2231syj211vN5OXmdrvrLlWJluzWn1r4dTm3WYy+KVmLVERpL+QqqN92uxcVztuLoIv20wshG8Iz1hdneu8Ya8kaZenNu4xE+EiMRepMacXZkK8wUzAP5iJGsFMAODj5eFAk8dMclOOmVhGIWdzRfvtwzxuM1nMdDuzuayrGdJMrpuvS6H4lPUTNhl9q5nMflfb/aRw2lqvFY+WWLzbTEa/0pyVKtbqea36zKR9qRfaiW756jGTrWVrLMVjJsvjo7OuVS8FmVhdHb0z9/vSas/tO7FEZnX1rmMaiVin0+dOT2GdyZzQF5Op64nY5SHxXofCDcoDM1EmmAn4BzNRI5gJAHxsbN672RiR06s6MvfXdsxSbk5WzqaSk2t5M7k+kUo1RWXxTfHbjZK9uca6UvLt0Yv21Qzjl0xaXH/FMCasJnGRO71vMxNNqy2cLMTduwi7bKFgJpoQDmdRSvE6k1Of1VQdk7sGZxbN4ZPlwegJIR1azWen7B5DpwtXPx5f0Ouj5rbJslMecZv6Y1pNk1w6b1GQiTzOOpPha516eywWb59aEGdzA12xObNu7c2VGsr3YzYX2UcwE/APZqJGMBMAgECxfvJq4TknhwPPMyGHE8wE/IOZqBHMBAAA9oZnwJPDCWYC/sFM1AhmAgAA78RrFWWTy+VX55QNZqJMMBPwD2aiRjATAAB4J5ubm5Wa0yWuI67mvUEZYCbKBDMB/2AmagQzAQCAQIOZKJOKmcn/xK8vPHrsrYLSYCZqBDMBAIBAg5kok4qZSSisX/ihz1sFpcFM1AhmAgAAgQYzUSYVMxPGTD5CMBM1gpkAAECgwUyUSblmMvdwKRSWzyoaGv7Z23YA7Is46Zj29oAjCGaiRjATAAAINJiJMinXTL6OJBydWHj0eOO5vw3gXo2Nz4j0JS5eMQ9+Xff2gCMIZqJGMBMAAAg0mIkyKctMLCH57++vPVp8cu67lHXq7XQQFjPdE94aHF0wEzWCmQAAQKDBTJSJHzN5/frN9vaOkTcT9zwuURetha4HxGMmjWF9eOZBOp7smLaHYpq+TWV/f9rVKu7bLc+ne69cSzUnRsbGb4Ui15u/TY2NzwxfS4cuzIjGrrN63/hM9t6DK3GzM1QazESNYCYAABBoMBNlcmAzmZ37p7CRxmiys3vIKJaT5//3h6iL01hHxvu2/VFkJjsPGnUpGIaxFjp3c96pC9ZvtViDM9O9jZceWLU2oTG2v2yHwmnx0lzeAA68E8xEjWAmAAAQaDATZXIwM1ld2xDicb7tH80tcu5WU7MciwiZ+wVvbb0RB6IuWsVBpOmi9837wG0mG0P29DAz3T1Lsjh29XpjxC7K8+leqy7oaSl4iD2isjoje36bWnvttEAlwUzUCGYCAADvhGfAk0PIwcwk0z9pKcGL3MueH8etY8tMbgzeFgeiLioTU7O2ORwQj5lc+eXpxjMrzzd3DGN9JvRNel6cPp+K7cdMxL+ipQd9qVQowmyu9wJmokYwEwAAeCdevSibXM7ftkm7gJkok4OZSeSbiy1tcqKUYcqJ20x+uHjDbSPlm4mx8yDUMuJqNG536RNyeYuxZg6nyKN3mYnFYg8L698LmIkawUwAAGBvNjY2vGJRCby38QtmokwOZia3f54LmatKen6ccKZUWZXsvQVxIOri2Gk6KJ4V8G9WZuTcrUiya2zJ/L3pdXNUnv7yPDccf7eZDCTs+WCxa/edJqggmIkawUwAAPZP9lIya/7/pBahyPXCiYvmTP4XFJOt8TM1DdH19dnaY5p2wv7/T1s/q9KqquIL7o4STavOLi5//olW/eWgPF9IVP+lNZNdbv1L9eALWajTak4lM5kfZYrfalNfpZ2Wy4GN0a+qtar69fX103/WRuW8FsMYOl16R0Ne037LrniVokJ4b+MXzESZHMxMjPySdyt9A0UPRHQ3/XDxhrsJlAQzUSOYCQDAAcj2J7Pb+ZN5azvQEuY9ZiJ+ebZf/v65ptXJo+W09ufo5NUST3iZqf2vWXlwv7lWqxavmX/TZq0bbs9WhycNaRF13ne52V6o+z5uaUaDpn3+d/PWTxInr27JgwqZSeauffD7dOaSHou1Jx67m5fu6+2ymBqS/e6PZWLi7IdLmenf3b28t/ELZqJMDmwmgpk7D3/O/ja/sOJtMAxRF61zDz3/GkFNMBM1gpkAAByIUKTXOnDGT1q6RsbmVn4d6W269sh4ndt4NtV0dW7j2VP3u2xunNK0+sJpiScsfF9nDpRIBr/Ulk1ncFqt92rHTo86JQ/SZ4T5DFqaEf1Es2TmxY1TrabvlN7RYv9m0h5LZGYWM3cfz9yRmhG7PLxo1mOXhtzdLEZTMdfZRLrdfYqZEG/8mAmABWaiRjATAIADkT6nWz80Q+Gkpym/RDZbMmZiox2rjz90nZd4grARp2BZij3GYmJZyuSPmdHs8ux4usolLRba8dYFOcBim4lgfeyMJkdOlu3zkjta7N9MLsVi+pX+/JjJ3dSYXU/EEk4fm0ejqfZ256z/cnuss9/VjJkQbzAT8A9mokYwEwCAA7GY6R6Waza2Q98OWJWeRCryjXyk295msnz15Okhe1qXTYknzP5XjVOY/M9qcVzjMpNq17EhO9d2r7vOp6KttvbYZrJ89VTNsapB6TBV69aUsJI7WuzfTB7/NtWfSsQudP4m52/d2cNMpJekRq1jOZvrUv+U+R4H7238gpkoE8wE/IOZqBHMBADggKyF4lO56d60+Rzogb/pa/mGPcxk/cbp0zfcGmFS6glT0XxltvlTOSQSrXbN5qqOOseSgopItGKEaWifNltzuGTr8bh8Kb2jyf7NxCJzV6hIanV1LtF336ro8rTAnUxiYsFdEDwuntyFmRBvMBPwD2aiRjATAICD0ubahnT+2sXYwPzKs6fJc86YydPQ2esbzx45/V8Mna79qtvaTUvEXIpu4vIETWuwBkCcvbnsXbyedDt7c3U/EecLJ79LZMZnZ8fTmrlE3hg+LTykWHrsMZOGY1pV3Zn19fXEV7X2cM3QaWdfr8zYwuhXWkOXfKswk4Zv7fq6JTn5PcSMYjPpvNAekyMg7VOmeFyKtV8eurs405+6tShEZaArNre6ejeTGM7OWSw+Xu0ZnnksXGXocnusMLlrFTMhJcFMwD+YiRrBTAAADsrYBWEmKftkZ00+5CCsJ8dXnEexJVuSoUhhFcrgl0WjGYVBi4KZLGsNCcsulm/IlSH1X2eW8wZz5rPqKmEhn50xz7bqP5WnWlV1ZtHssZCoP+ZZcJJfZ7I8GD0hpEOr+eyU3TIkNcbmeHxBr49OybLslGfQMMQFa5rk0nkLt05YvGVvLttMUtJdbETPVKeUmfbOVP/kb65rYCbEG8wE/IOZqBHMBADgwzMVtbcGPpLwpEVyOMFMwD+YiRrBTAAAYG82Nze9VlEJvLfxC2aiTDAT8A9mokYwEwAAeCdCTtbW1rxu4QtxHXE17w3KADNRJpgJ+AczUSOYCQAABBrMRJlgJuAfzESNYCYAABBoMBNlgpmAfzATNYKZAABAoMFMlAlmAv7BTNQIZgIAAIEGM1EmmAn4BzNRI5gJAAAEGsxEmWAm4B/MRI1gJgAAEGgwE2WCmYB/MBM1gpkAAECgwUyUCWYC/sFM1AhmAgAAgQYzUSaYCfgHM1EjmAkAAAQazESZYCbgH8xEjWAmAAAQaDATZYKZgH8wEzWCmQAAQKDBTJQJZgL+wUzUCGYCAFAJss2ZJfHSFk0m77zyNlYM+y7gBjNRJpgJ+AczUSOYCQDA3oTCupWmvw142wrkzSSixyYraCbbXX/rtu7ednXqvZrJ+lRc07SqP5/01AebGmr/pGl/ql3ftitbs+kqTas9EXX6tJ6oFe9N/PzCOo0f15wmN4NfagveWgXATJQJZgL+wUzUCGYCALA3oZaR/OF2Y1h3N7l4L84ghORNUeG93EXQfULT/po2D9e1L6wDk6lo8337sFarFn9m/k1ISbM8356tDk+K19nvatOmkqS/0LSGhIGZEL/BTMA/mIkawUwAAPbGZSaGca+/Y1qOHawNpdquZVfmpvKttjM0h/WOaWNtIDXwzCw/m2gxZabrrD48t3L7WroxnBSni5nunkQy0jYwNj6fPlewnVC03zk2pnuT2fw4hU228WxSXGfj2UpTRLd+drfEb/bdezQ/czN0YcbqE+sZ6chM3V58tdjXHYp0b+5s932f/GXHbFyfaPz+5saTeVHvWSxcPNtUrX1yRh69GKz9btapL3xf57iE8Iplw6jTtNNDdkXT6kX5tJb3kIV4nXmMmRB/wUzAP5iJGsFMAAD2pshMntySBvJyJhaxdcISD4+ZSCEZeipON4ZSoXDKkMpx3ey2nb2UnDfNpFGfyZkloTFjL62LzTdeemAdGWYfW28KZB11Ea0TRU1GKNxrvmZD4W6r0tOiN142L7g40nVPvLwau6AvmorS16bnTcbkxeDpT7TE/fXTf9YWXDa0dfVk4ol9HP1EekWNVtf60K5Ua3XGy/RJx0zWuxswE1JGMBPwD2aiRjATAIC9KTKTpRFhIMIKnMUnoV3NRHqCFBLhLbGfXpm2UOjfs+TxilehtluOtDjsaiaF2VzTvT3m4XAq1fRt0ryybSZOn/lrF0OR7jeiz4Vkdsf88K6Pke9vspw+VaMlhiZrq7TR9ULZMNeQVB2T60/SX2hbmAl5n8FMwD+YiRrBTAAA9sZtJsNxXf6KP93rjEvk8ZqJ0IxFYy0/BrIU0l0DFCUjHnJCl7ymlJkCzyYaE9miSomZZC+bymFSaibG+kRbxPU5d7Id+aEeD3VajbOeRLhHUVsea51JVOjI97ZfaNVRqSMnbA/ZuiokpcHATIjfYCbgH8xEjWAmAAB74zKTnD1CYs7msuZi5fGaiXGvvy9rzaGShNyGUGImawOpnkTx9CrJdshclOLCayYTCf1X+3xtFzORtuNazm7O5poo/twW9Vr1mXH72LILL9sLWr1c3T4ZrvasgF9PNuy9An79/qh14DWT9dkt96lfMBNlgpmAfzATNYKZAADsjTP9qTnhmtZlbHe0yjlUzfGb5mmJmZhvdHobr1eaovIijedTmyVmIid0Rfud0Y8CO89bzlsztfS2/31UaiZClqzLxjJzzSVm0nU+GYnfHBufGRufCkVsRelLpET/SGv6yrRcCWOzvTzY1CB3Da6pN3cHXk7Ua9asLs2koSlT6Lw8WKVp1Z+ZK+ZN4l/IXYPjU/Y8MGEmDqeHjNOf2JcSZuJQ9/3C6FfV6fwilnLATJRJBczkTS5XvJ8dfCxgJmoEMwEAOAI8speqV5TQtwP5ERVnpf7+cK8eOfJgJsqkXDNJt+pN8XRTRE/P7jY0CEqDmagRzAQA4MOy8uxps3duWGVoDCfbMg82nj39daS/ZMmKOmAmyqQMM9l5Hgrrv+T/Gf1yLRVqtUYz4WMBM1EjmAkAAAQazESZ+DWT5/e7zuttmTl3re2s3nXnubsCaoOZqBHMBAAAAg1mokz8mMlE18VI/Nb8a29dMD+QDp3rnVj1PK90HyyOhL5JJTNTYwM3G88NeFthT3LT/d7SoYCZqBHMBAAAAg1mokz8mMlG7nUo3Ot57KjFREJffJ3b2DywmfS06IveWvGDjWBPus4dZFlbhcBM1AhmAgAAgQYzUSZ+zMQwH+XzVjPx1vaF/dwih2f3ky32HnlWITd7qzGih852bziPE4r2yyGasN4yJPe8m0jJLfCau2ZWdhvMUZ/cg0iq8nt67A1mokYwEwAACDSYiTIp10zMHbLN3JE7Z/s2E8PYbopID+kamc9Xlpwxk2RUD8WnrOPGvKuIzs6jgtaGUulFc6Am2+90+OjIPTjkkRPMRI1gJgAAEGgwE2VSrpnIJ/V8e1HEsogyzMQwXj/9deSmlJOsJRwFM2mUDy2yZ4j1tOgb5oH76UUDf7OLQk06PlozMbY3xq4PLB7emBFmokYwEwAACDSYiTIp30ysp43aa0LKMpM8EVstCmYSCnebTzmViFtY23GLol0yjK6ovvHsqROn/jGx3Xg23XO4T5XBTNQIZgIAAIEGM1EmR9FMQuGk+foqdN42k66zeuhv9sIW12yugpmsDaU6pg/1l/IjhtQSb+39g5moEcwEAAACDWaiTI6KmXREkj0jcr3KlXh344UZqygUZf7Zo025K25vJKL3jT8Yzlx3D6QU3r+zFArrw+Mzw5mBtlZLbD4iNiavH/JoiQVmokYwEwAACDSYiTLxbSZytfqu8WcmEEQwEzWCmQAAQKDBTJSJTzMBMDATVYKZAABAoMFMlAlmAv7BTNQIZgIAAIEGM1EmmAn4BzNRI5gJAAAEGsxEmWAm4B/MRI1gJgBwNBHfLORjiPcv/uBgJsoEMwH/YCZqBDMBAIBAg5koE8wE/IOZqBHMBAAAAg1mokwwE/APZqJGMBMAAAg0mIkywUzAP5iJGsFMAAAg0GAmygQzAf9gJmoEMwEAgECDmSgTzAT8g5moEcwEAAACDWaiTDAT8A9mokYwEwAACDSYiTLBTMA/mIkawUwAACDQYCbKBDMB/2AmagQzAQCAQIOZKBPMBPyDmagRzAQAAAINZqJMMBPwD2aiRjATAAAINJiJMsFMwD+YiRrBTAAAINBgJsoEMwH/YCZqBDMBAIBAg5koE8wE/IOZqBHMBAAAAg1mokwwE/APZqJGMBMAAAg0mIkywUzAP5iJGsFMAABAsLm5uba2tvr+EXcR9/LevgwwE2WCmYB/MBM1gpkAAEAul/MKxHtG3NH7IfyCmSgTzAT8g5moEcwEAAC83nAoeD+EXzATZYKZgH8wEzWCmQDAkSQbCuul6Zj29vNHR1if8NaM+HGtlEGrbWt5MhmtOiYKVae+t2s22+v1NVWy4c8NL4oaikj8e73oU3simp4t6rX8Y6u87LGq1h+Xt4rrJz+rEW+p+eyku16naQuu010R7/KW3oVXGg4F74fwC2aiTDAT8A9mokYwEwA4ktyPfHvRihAS57gr6+3nj13NpPuvNTWfumL6hmUhNdJJtGpZr5ZFl1zE66VXiP6id/VfugsNbh7GpWN8Kk1D9HI1vLDc4+Rn8rLVXzrOI+visme+PiMv+2XhhphJKZiJMsFMwD+YiRrBTADgiCPMZNFbeyuNYd1b2o1dzcRDa60c5LCOt9zDFk8SmnZqcDt/fOyk09JwTMu8dM4KiAs5arHe1aD9W8Y83Ep/oZ0esutbV086RuGuG+bbtX+3peXwzGQsNVpc+CmTigkuJDqvDRe3OCzduXEp5n2fpD8ZS415i94P4RfMRJlgJuAfzESNYCYAcMTZ1Ux6EqnIWTm/q+3qjFNs+bYw76tnySxtLrWcTzZG9FAk2TW+4vTch5msa1r1mXFvVbLe7ZjJ6FfayasFa1nW66v/c9I5zTOqaQV7Eb2cYRP329eTDY5ReC4rh1Pylz0EM7mbScQSqcw/hIAMdV5ot4qPx1KdffetQ9EhNfbY9Q7J79M9sQuX+n8eLjWTx9nM5Z5rmAl5ZzAT8A9mokYwEwA44pSaydrYdakf0aQ112tg0Rq/MJJdveJU/Cly+5mspM9JJ4mcTzV/kwy5hlPebSb3m7Xa1llvVTL4ZXX1l4OWNyTqteiUq23otHaie91VkCwmtOqou1Awh6mo9oktLSc/0bRj9e56etk8Xk6LeiKvI4dgJpdjsdlV75jJ3EDnten8ibCUgTlXo+Tx7Wt3lsTraKmZXPshNpvNYCbkncFMwD+YiRrBTADgiFNiJk/djmEYOXHadO2RdVLcVERPS34gZR9m0qBpk7bv5BHWYdJ8o6AG8eNa3C0KC3HteFHBKboLbnNYvnHGuuxksdCIep1c56JVNbS664dgJtcuxAbuL5XM5noci8VG7y5mLrXHYu3eEZMCXjP5fSyVGvt9Vf7pLku8H8IvmIkywUzAP5iJGsFMAOCI4zWTl1OhcNpdaAzroZYR63gPM5lIHMBMdvnlfiwql8X/SS5Mz+ZXjZRvJvG/1mhVcvl73dcZ9+Zcsq5p8nZalbt+CGYiXEJIiK63Dxf7x2/j1+Q6kx9Sw/fl4Mhb8JrJ5fbY4qocZsFMyDuDmYB/MBM1gpkAwBHHaybTvY6HWHTIhSW91rHHTJoictJXc7w3efVWx7f7NZPZ72qrw6XLRRzkxlkNXXKMo6zZXNuzzbXa6SHbcmbb5LbC1vwxd90wtuTQSa09cnIIZmIzluq8qMdiCfv0bn8seU28/jbZ0xmP9d91d3VTZCZ3+xKZrOk3mAnZR8oyE2eRmZWeH3ddJgbKgpmoEcwEAI44XjPZmdnnmMlKX3coXvCGK/s2E821ldauSFUwd/jdunrS7TDpL4pWrufZKtop+GXaXhBvTg8r1OUKFntLrtK6UzlMMxGGkUnEfjLP0u0xl4zcjSUyhbMiCmYiV9KX4O7q/RB+wUyUiU8zeZF7ef6//yH+8d8avy9O/7m01p36X3Eq6t6uoC6YiRrBTADgiOM1E+NV8cDIW9eZLGa6Q4nCA1CanA279jaT7dniR46Usu6MmRgvM/53DR6WZuIaYJltrdWa5S9Wsr974MXcv7jGOn6bmWRdD3Dc1Uy2nmRLncnBLQyL1iQu00wuxWLWUvdr+oHNZO5WT+rvKTtdut4lD9xdvR/CL5iJMvFpJuKf/dDwz95qyRAqqA1mokYwEwA44pSYiZGblntwOXtz9eT35hI0R/TQ2VRbV7rrjmHsLInWSGs6mUiJg+HUxf2YSfy4dvKqZ8hkUI5ZaPJxitbjF7sfFtoSn1U5T1rU6gvrSbT81CzJw4R0C/tJiy5tMOt1J06dOlEnG/L7dFl1rar6zNdnqqtk3d6nyzSTosdB/tV8tmPx8It1Lyefd8k3ywt+Ner08eAWhszfO63xjXa9c+a3/FqThVFRGBoe7rkkR0JGF2Ttfp849iyU964zsWE2F9lH/JhJ83epR//c/X9Moi5aNzdfexveyeJI6JtUMjM1NnCz8dyAtxX2JDfd7y0dCpiJGsFMAADeA8vOUxoDgVcaVr27Br8PvB/CL5iJMvFjJtbAyOI/Vy/80OcUh4Z/tkZRROuvc/906vtkOK5P5LzF98faQMpbCjS5B5HUA2/x/YOZqBHMBACg8mwPag0Jb/EI45WGQ8H7IfyCmSgTn2ZirSpxz90SluLU47o5e/IgCDPJ7nhqWWduaEdYb87I8deOcHJ+xBzAjSR/sUxmujcU7R82R2k7BuacN/eZlaYLI788t0Z4s133jDe/3xLFjXn5p+fzB54PISfiZwpmokAwEwAA8ErDoeD9EH7BTJSJHzPpG5i2PKTUTErr+2Zb7usX1rtG5vOVXc2kIDCN1l3Mmab2Gy4n+8z1YtlLyWHLW3YedJ3V18xaKJzsmLbHZTr8fMIjT+5B17kP9p8LMwluMBMAABBsbm6ura157eE9IO4i7uW9fRlgJsrEj5kIpm7/uquZlNYPwOunv47clHKStfxhdzNxul/5Vt8wLDNJ2qWHAy1DT8VrV7RoX46BZ4a82oUZ5x+BmmZibG+MXR9YPPgin0qAmQQ3mAkAAAQazESZ+DQTwdbWG8/2XNl7chc7/2aSJ2K//R1mMqGbO3VIMzF3pTDkBudWtxb3B5ju7bonXrJWk4WKZrLdeDbdM3uIi3WKwUyCG8wEAAACDWaiTPybydso30zaSsykeTczcY2Z5It7jpmobSYbk70fUEsMzCTIwUwAACDQYCbKpFwzmXsodwr/7n+uOhVx+h9Nna4u+6IjkuwZmRkbn7kS7268MGMVxaXGZh70dXVHIgUzCZ27nr33YDhzPXS2X3aSZnKxSR/J3psqKEouGzqbys7Nx87poYg1olJkJmMX9OTI/MoTZ01LsNmYvP5htcTATIIczAQAAAINZqJMyjUTZ8m7O7d/LuyRVVl2Getwz+aCDwdmEtxgJgAAEGgwE2VSrpkMDf/sdpLw2c6FR4+9nSoHZnJkwUyCG8wEAAACDWaiTMo1k0MGMzmyYCbBDWYCAACBBjNRJgEzEziyYCbBDWYCAACBBjNRJpgJVAbMJLjBTAAAINBgJsoEM4HKgJkEN5gJAAAEGsxEmWAmUBkwk+AGMwEAgECDmSgTzAQqA2YS3GAmAAAQaDATZYKZQGXATIIbzAQAAN7JaqXJ5Sr2kGjMRJlgJlAZMJPgBjMBAIC92dzc9IpFJfDexi+YiTLBTKAyYCbBDWYCAMrQUvrcs/eNfK6a/bzprpF5b+s+0IqoE5V0U4M4qq47GZ9at/qMftdQ+ydN+1Pdi6K3Gsb6aNUxrer4qcTPdkvm6/rqKk2rql7eMs+31ye/PymuVvtF3H7L0On4gn3opk7TTg95iw5ra2teq6gE3tv4BTNRJpgJVAbMJLjBTABAFR41X+5PZre95coxHC8xn+nenqX88epUqGXE3XggWmu16vCkOLCcQmhHokGTajLbevKqLR6a1mA3WqfHTpqvL9JfmD2notGf7aZqrUb8KRTn87+b732SOHnVvLAvM/Eqxepq5q59MDuc7rwQi8X13x4XdVj6uT/hdDJJiW6pUXfFexu/YCbKBDOByoCZBDeYCQAoQrY/Pb8WujBjny6N9DzZbo7qjS39E6vba5P9obCenFyzW1dnGiN66GyqY2DOenNzxjaMxUz3hFlJ3nm9Mi7f1ZwwC89mrLERp6fEbSaG0ZgftHEUpTmsd0ybR+YdG1t6+2Z3X19RrdW2zhZVBr/UhEQs6/WDeds6pWmu9mXty0H78Map7vUi66gze7p8Y7BeX5avZZuJrSKxWOf1n8RpeyyRmVlc+nVC77nj6rXU3t5ZbCa/JxIJzITsHcwEKgNmEtxgJgCgBrGItILChK6lkVB8Sh6s3xLFRbOWjFqtr0LnBqxeucnraTkJaxczCUX7szvuitHTsueYidnBulGJmbzKV9b62vRdfubOtp4ZLyrE/1KtffK5OEh/UbCR7hMuM3mZPnUjf7zebXmFplXVNw1Ofv/56SE5VPJi6HS1ps2ub9Ueq7J7lm0mMVM4HOmIdfbPytfH7ekJVy+J20wS8Ut3M5gJeUcwE6gMmElwg5kAgBI8CrXdEi+bY+krD83C0og9WGFkO/K6YqtFoUmehBLZXc2kMDaS1w//ZiI0Kb8cRcTyHDcN7sGQ7a319eX4v9dVaVInDmImL6qO1TQ0ZU4dr/o8Kcdflq+eqjlWNTieFpdatwZeyjaTx79N9acSsQud9vSthZ/kNK34JXcfC8dMhJMsmn9iJmTvYCZQGTCT4AYzAQAVeDjg/N7feOmBrHwIM+kwx22M3cwkNvJ045mdN4V32GjVZ7wlw1hoq+tet+d0WcSPu2dzDdZ9n29ZiJ8eNl5cPRm3rEzODZM9a7Vqa/Bka7a19jtzrljZZmKR6svELg6Ig8729kuZqdGeS6mx3z19HDNpT2RWMROyj2AmUBkwk+AGMwGAwPNyxprKZdEY1mM/vdrLTNyzucbS5myu+5GUteDEuHLOGtM4sJnkZgdCLXLcRhD61rr+dsiZzXW21+5Xwux3td1PvEXB7H/VytUjcvH6vlbAj35lroM3iX4qzUQIz6S9RuWFdqJbvnrMZGvZGkvxmMny+Oisc61iMxm9M/f70mrP7Tsx6Rt3U2N2PRHrdHeTlbyZzJlMXU/ELg+J9zoUblAemIkywUygMmAmwQ1mAgBBp69NLyx8N4zNn66Hwhf3NBPDeD5XvALemOhKySGX6MXcvf63mYmRmxN9WoZW7LrZZI/VRJI9M4W6teC+6cJIVzS/At66YyQZaU073Sw0rbZw8nKhrqZK07Saz07Fh8w16+KjfH/S3DW41rIITQiHtSjlRVbuGvznwv7Cpz6rERWtqjqzaO7EtTwYPVFnXc3qIMyksEfx8fiCXh81F+PITnkGDaP+mFbTJDcKsyjIRB5nCcnwtU69PRaLt08tiLO5ga7YXL6PZ28uxkzIO4OZQGXATIIbzAQAIFiUbOL13il9nkmxdPjEexu/YCbKBDOByoCZBDeYCQAA7A3PgCeHE8wEKgNmEtxgJgAA8E68VlE2udzuz3XxAWaiTDATqAyYSXCDmQAAQKDBTJQJZgKVATMJbjATAAAINJiJMsFMoDJgJsENZgIAAIEGM1EmmAlUBswkuMFMAAAg0GAmygQzgcqAmQQ3mAkAAAQazESZYCZQGTCT4AYzAQCAQIOZKBPMBCoDZhLcYCYAABBoMBNlgplAZcBMghvMBAAAAg1mokwwE6gMmElwg5kAAECgwUyUCWYClQEzCW4wEwAACDSYiTLBTKAyYCbBDWYCAACBBjNRJpU1k+2miB776ZW3DB8BmElwg5kAAECgwUyUScXM5Pa1dCiSfGNkmzNL3rb9sDQSCustA2vuWlNY75h2F95KKNzrLb2drrP6hrcG5YKZBDeYCQAABBrMRJmUbyavf5251fW3i8Irfnm+bZRhJo1RPdR2y10LRd6LmaTP64r9Fpab7veWDh3MJLjBTAAAINBgJsrEh5k8EBLiSmrluXv6VjaSuPXL6rarsj+WRjrGZmIR3Sls/nS9LztSKTPJXk4uemtK0XWu8F/dBwEzCW4wEwAACDSYiTLxYSbZYjPxKIHZenaguLgPlkwJudefzJpWs36rJawb072WmQhLaWzp/fXJSuwbfeKlrCxmunsSySsDM9ln8tT6GB1n9fnX5tVy2dA36ey9+5GI3pjIGjuvrpzXf3n2dOPZU9HY02L9Er8kDhoj3WPjM8lzenrerO08CLX0i27z472NiSmzFBiEnERSD7zVwwIzCW4wEwAACDSYiTLxYSbvbcxESsijkBAJw1gbSIWi/YoJvs0AAAfUSURBVI6ZFMj2J+/IV2EmoZYRpyzN5PlMqMU2ouzl5EROHsjrhC8apo04YyZuM0kvmh81NxW5KtVkcyxtK4qcS/aOcZgjR+7BBxw5wUyCG8wEAAACDWaiTHyYiUT8Tm+Zycrr17+OjyQrsc7EkhA5VCLXvl+UhuCYyfO5vlS6MSLvaFWEmUwU3izMRH4A57SlyJ1k/W1mkq8tWUa0MZTqyX98qUaBYmOyt/Fs2ls9LDCT4AYzAQCAQIOZKBOfZtKRHzBxKtbeXLmyzaSvTV8ztkPnbsqhi7yZNAknOd+/8uzpxtzNt5iJ/kumu8caADHNZMOcu2XF2LeZGC/vh1oG3uy8Wrs30Nzn6z/IB2NbaEnPrDlU9CHATIIbzAQAAAINZqJMfJpJ+nxhOMJFGc8zyZuJ8XKm6fzFvnXz2DaTldD5EcsrspeTbzETOfMqFtWtX8xFN8dSLIbj+zMT41WjPpMvBgipJd7a4YKZBDfip3nuD8wEAACCivgWw0zUiE8zMe71N5pmMiFncFUCx0wMo9ERnvyYye2rqUhED0WSK6/n9zAT8Qt6KHzxykP5kcZSKfHxGr/pbkmZC9l31qzJYCvvMJNtZw5YY2t/vvXIk3vkrRw6mElwY5rJ1r/+5f07BQAAOPqI7y/xLYaZqBG/ZmLMdZ01f4M/d9PbEmQWh9Idmamx8RmRlm/07I63A7wNzCTIkWayvc3/3AEAIHiI7y/xLSa+y0q+3Ujw4ttM1MTayMtisad72NyhGPYDZhLoWEtN3rxBTgAAIEiIby4WmagUzKSY53ORqDkWFE32/fLc2wpvBzMJdMTP9D9ebuX+2Hq1+ZppXQAAcPQR31biO8ucx8VULnWCmUBlwEyCHlNO5FL4F7nN/3vxihBCCDnKEd9W1sJ3tESlYCZQGTATNWL9iLfGTwghhJCjmfy3FU6iWjATqAyYCSGEEEIIKSeYCVQGzIQQQgghhJQTzAQqA2ZCCCGEEELKCWYClQEzIYQQQggh5QQzgcqAmRBCCCGEkHKCmUBlwEwIIYQQQkg5wUygMmAmhBBCCCGknGAmUBkwE0IIIYQQUk4wE6gMmAkhhBBCCCknmAlUBsyEEEIIIYSUE8wEKgNmQgghhBBCyglmApUBMyGEEEIIIeUEM4HKgJkQQgghhJBygplAZcBMCCGEEEJIOcFMoDJgJoQQQgghpJxgJlAZMBNCCCGEEFJOMBOoDJgJIYQQQggpJ5gJVAbMhBBCCCGElBPMBCoDZkIIIYQQQsoJZgKVATNRI3+8fG1mK/cHIYQQckST/7Z6XfpFRgIdzAQqA2YS9Lid5EVukxBCCDmyyf2xafqJrSilX2okoMFMoDJgJoGO4ySvNl//61/ev1wAAICjhvi2Et9Zjp+UfrWRIAYzgcqAmQQ64mf6i9zmmzc73r9XAACAI4z45hLfX5iJMsFMoDJgJoHOHy/laIn3LxUAAODII76/xLdY6VcbCWIwE6gMmElw88dLORrOJC4AAAgi4vvLWhNf+gVHAhfMBCoDZhLcWGbi/RsFAAAICJiJMsFMoDJgJsGNtcjE+zcKAAAQEFhqokz8mMlipjsU1q30LNrFpohdac4sFfWGjwPMJLjBTAAAINBgJsqkPDOJJJ1ibroXM/mYwUyCG8wEAAACDWaiTMozk3DBTDYmK2Em8zfd14QAgZkEN5gJAAAEGsxEmfgxk5W+7uR0zjC2G2052ba0pGPyeW66t7lvxfuGfbLzIBnVN4ZSYy+9LXD0wUyCG8wEAAACDWaiTPyYibHzynq1hCTWdT2vKJJNv89q2/zpeiicMl7OtAw9tUvTvVnjdVNUtys7a+I4FE2u5J+7MD9ys9Fc39Jy9b5dgg8EZhLcYCYAABBoMBNl4stMXMxfs2d2vfG2HJgWITk/SedpDF+0S9O9obO9TodQuNs6aMz3dOhr0/2O1EBlwEyCG8wEAAACDWaiTHyZyXsZM3mUX7sik7UuMt3bU1i08sDdIZTIitLK+M3IWbuS3yQMPgyYSXCDmQAAQKDBTJSJHzN5L+tMsv0dN2bGxs3cuN4xvS2LHjO5MLXx7Kmd3GvDWAtFktnf5emwjpl8YDCT4AYzAQCAQIOZKBM/ZvI+9uaKRXT3aSic6lv3mInh3bbrTm9s0hQYw2iJYCYfGMwkuMFMAAAg0GAmyqQsMymWkO3divtFrn130RLWWwbWPGbS06o3JUbGxmfaWpPJacN4mQ2dTW88mb890N90LomZfFgwk+AGMwEAgECDmSiTsswkxDPgIQ9mEtxgJgAAEGgwE2Xix0wASsFMghvMBAAAAg1mokwwE6gMmElwg5kAAECgwUyUCWYClQEzCW4wEwAACDSYiTLBTKAyYCbBDWYCAACBBjNRJpgJVAbMJLjBTAAAINBgJsoEM4HKgJkEN5gJAAAEGsxEmWAmUBkwk+AGMwEAgECDmSgTzAQqA2YS3GAmAAAQaDATZYKZQGXATIIbzAQAAAINZqJMMBOoDJhJcIOZAABAoMFMlAlmApUBMwlujoKZDH6paVqdt3pkyPyYtQ7Eh4wvFLcBAMCHBjNRJpgJVAbMJLipqJm8yH5XLySj5tOamk+rNXl0yttlNypoJvHjWv3/O3Pm6zP1n9ZUHdO0YzVb3i4eJk8PeUsexEXsA8wEAODogZkok/8P57kyaYhbnZYAAAAASUVORK5CYII=" alt="Screenshot" width="100%" ></p>
<p>>>>> Screen Scrolled to bottom , and bottom to top</p>]]>
  </system-out>
  <testcase classname="org.example.Main" name="ProductsTab2" time="15.827"/>
  <system-out>
    <![CDATA[<p><img src="data:image/png;base64,iVBORw0KGgoAAAANSUhEUgAABDMAAAIGCAIAAADGMlPIAACAAElEQVR4Xuy9C3QU14Hnved8uzPfnjln/J1vd2e/PXt2d8ZOMsl4kkl6QoZJJkNcEznKAzmyFBzklxIGOTjCJIZxDJ6YGFDcNhKykEEYIcsgAY0aJGFBC/RED+sFkkDQRiBegkYS0K03oBYt6ru3qrr6drVeXWqhrqv/7/yNqm7drkerLN2f7r3V/0EEIBR0Oe9qiwAAAAAAAJiUe/cfnJUgC/9BuxEAXcBMAAAAAABAsBAnOSVBFmAmIDTATAAAAAAAQLDIWiIDMwGhAWYCAAAAAACCBWYCQg/MBAAAAAAABAvMBIQemAkAAAAAAAgWmAkIPTATAAAAAAAQLDATEHpgJgAAAAAAIFhgJiD0wEwAAAAAAECwwExA6IGZAAAAAACAYIGZgNADMwHzgb6Rh113x24OhyBkV9q9AwAAAPMPmAkIPTATwD2u+w8DBWMmITvUHgMAAACYZ8zUTNwe0THoOe988PkdKU41HhoXk16aC31jQ6P4Bcw5MBPAMaNjYqBXhCpk5wAAAMC8ZUZmMux++Fdbex5Pv/X4h7ce33br8e23H99Bcufxj+48vtP5+C6aL2Z2vVgyFF8y+IVPbj+R0/dETv8Te/vLHA+0+wIcATMBvDLiCXFXybjRHhUAAACYH8zITLY2DE1uJn+d2RV71OUaeXh3dCzy0C3VTJ7YN6DdV4j47Zo3fv78SyTaDSFFPsRsH8W4wEwAl4yOiaGaWDJ50HMCAABgfjIjM/mrD7onMZMvZzoqHKMD7ocU8aFrxPNETq9qJr2zM+PzqYjIv/riV0i0G0KKfIjZPopxmbmZWPNL2VRdk4tvaMr7/V8VDtSnLo9ObdSWBoXnzq+eXx4d8+oLCSnaTVPQtdLapS0DoSNQIWYv2mMDAAAA84BZNJNflvYSLfGMUQMh/w24x57Y4zOTWZptAjMJB2ZuJuYUS+r2Q0q2Wvaflovt5lSrt9yanGpx+L8qkOiY5eNkhuYwKUGZSVvGq9oiUbS9tXxvzfm+7vPNpW3abWT/7786qi1T8ZnJpNUUtsSTd2OrX1Ff2y8kKdpZ0+X38tGuemvGkiXLo3++6vBZvw7P0e5G64cbybu6JH5NWx+7Rey7ULF309v0DX9e+yryuo1vrKI7XPLq3hqNTY2/aWXg9zFm+Q3vVk35lgb1dcT0Bt58bRUtDzh5FlJBW+SP2/NIzYQcDgAAAJhvzJaZLCt1ERWhnSVESx6Ko56HH19ws6O5hmEm/BIKMyn0rZwu9ZlJnt1b2lWSObWZaLnfHL2pYlhbGkqmbyZ9RRujV7y9sUL7XkW/lKkpYZlUOYIwk+GKlOZLBStZMxmueSG1RlnuLHh9ibel7uncwohKT0XKC2ojvrOgutt3nNJ3V5V639z61LV9TNu6r27rxhPqld6NjmeOe6vihZ2qg02ySUt0zEbf8m8LmC0sXdGr89SV4fP73jx6h9kq4bmcvWI5+cZpy/0JlIfZjvYMAAAAAN6ZFTOJsvb03JXGcEl4xh4evuz+IjMDHmbCN2FrJr4m9awxfTN5IWbN3qv0X035xI3sKZn2aC5PJ23xO1gzadv5kv+b42n71d7LfiVe+o5urNeWyQxMcu3kupQuDkeB1f87Fx2zVikZb5PfusrZzJ1nfWsTHrdhq+ZUtd1E5BuxZKPNSb9xmnINgeagO5v29n6j8l5guSbaMwAAAAB4Z1bMJLHqbt+Iz0xGRh8+c/DmE3v6YCbzhDA1E6nDhC2otmbI43x+8YZfa5U2c/va6ICimOXZF2iJ3OLf9gatXD2oVDu8N2WJNEaI7TfQmMnrS159vbBTXWWJXnu0TxT3rmAaxFePygdVxyPJzWVyXOlAdNqJpgHdVpRBN8Usf33TPr8+k0nb2Tesb9/wiOLJDF8zvTNvZYC2Ra+ewJHqtM19lQkNgTWT7gJWKuimmJTS+xNu8lv3Uv3ucmbsWNcv9owvUeQabf5jzKIT9vmtDze+V0dv18OrtZfPMskjufYf7n1sJ83Tx4bODGm3jptpmgk5qPY8AAAAAK6ZHTOpvn918OHYmKImA+6xf9zjgJnMH0JhJocaT7UpOVrkM5PsKm950/7twZnJ5B0m0Ut8LeDo327dUuc3ISF609b34t9mS0TRZyNtO1dFr1Dau6yZbIlfPtHIsb6ijdVyW9x5lBnmRGH7TMjeNMdllYM0puuZA7z+8zXTMhNP2+tWSZYatqpmcsO6NrAzYYL+ijuH106wc+fRbcp3Skt96qpq9lSXLO/xjvVq3rnG7yom3sTiP+atMXBQnMoLMavUfRxev4oqGYM6eMz62wkuSmKSz1UkZiIv1FT0PZY1EFghMNM0E3z2IgAAgOnjKCts1pZNRv+5KnOKxab5y15fq/Wc3EDx0lUvN8OSs5qCanfpI5RmsuCjqz/cffnrOzr/bteNT86PdQ1LciLpieu+Z2HuzcnN5I21b8nN/ZOnmtWmP8l7yVtGR32twKd/+BN2K0l07HPq1kAzefxLfyOXfOvb3712rfOr31ggrz4X9+IXv/JVdSff/8GP1ZeQc/5kT67mKG//wTeoXS2UVz0eD1uTrKo15yczN5OQQ+RBnQIxLmzDNDpwhNWSFEUkxqdxi1d7VDOxrl6uaQSzvBDjm/uuEQCNmWiOyypH9NqjzBY6FGo6ZvLCEu+dzJhJ89blgaPIAntRCNkrlr8wQcfIr2JW+a3T0WJSF9Cyt4cD3oq2nWuk3qFVgfNhJtkkQ7zO77vpubPTWtHXN9DX19lWWkBeq7qNzOENr9IdPq/9tlqZfpLJzWSShwV7zWQ09uPeRTWKb2w6fa+998HW/N4aabXxRN9jmX1nukc+OUsrKGbiHF44qZ+Qg2rPAwAAAJiAYM3EnHJcWzQuXjN5NITMTL784fXd9pGaG+5dp4f+JrPn1RNDDbce3n+g9JyQtn5K89A0zeTJv/t7jRXEPve8XOf95FTNJjkZO3bKFTRmcqigUK1DtISUqGYSeJSPMrPkVxFp0WyS09KqfGfUEnn1l8t/pZbEL5usfTNPCEMzmbzDRNSYyZIMZotUsrqgR1PkR6CZ3J1wKBTlLjumaKM611xCYyaa4zLK0RkwhKl5ajMZrpEHL1E0fSYBZjLe46roDPXx+zGGG7XGcr+zuaamuqbm8N6t0T9fw75o+HzBkhUpexs6rclvkwVmy2SbVPyGwAXQdzLzha2+H849dRlLfpvRc6Fi51tryAJTkbzVvsnxk5tJoDaoUUdzvdEyckWz9ergpht0YUUWkZb7arlsJuTf9oC9aaI9DwAAAGACgjeTUm3RuBjUTD5odd8blT665KHY1OV+ctetFScGG3oe3hx+KHWcPKRPDWY+z2QSMyH5xbKEd9/bzFoBqVBX38CWaHKmjY5PZ81E7S0huXRZacOpZkLyjW8u/MOGTexONKcRmAcP6KfXs6uslsS9GK9eznwm3Mxk/A6TWxXRP1/1+qbdzRe6+voGsl9jzCSwjR7QSzB8fl/082sO19RIf6qv2OhnJjXR8e9OYib0qVz+T7llB3RpzERdDihp9Hs2LmWKeSY3Ct/2e/JV8KO5opdoux0UPJ3Rv57skWKid8Y/5dK+LQ3+A9hi1mRfmnATuypxR9tZFMAWr+wNV6TII9e83FWG7d1v3hLv9xZNbibT6DMZu3l+4ImdfdLy6PP7e5/Iorqy6Rrd9NjOPnlBDnGSJ/b0PrZ3MHBvbNBnAgAA84DR/r5eEufp0pwW2lhx1hxvvNxzqb40/Zg0PbOrPr+sNL+q7ZJLbM6zmC316Xn1jefIr3tnlaXo0u3euvxDNulj3xQzcdSn5quTchnsVRXnb1xrqzXvaxsRRXJEc8px8i/ZQnZbkmmtO0XLVQ/JSLWcud7bf/ta8larXGLOrNeM5kovuuhfMJpxTPkEOt2EzEx22j2u+8rYLfJvU4/7yY+pnHx83nNl4GHfyMODl0en2Weyd/8BuYTsR23033A4WENQX6WWfOHLf0tWhYgfstXkfH6+Xa2vmgnxFrnk4sUOdrfq8pNfM6mv+mnMErmQeAhbh829e5MN95lXzNxMQjjPZGf88ui3SrSl0gAtdjU7IQgzoWOfvBNLKPf9zeS3dNNww1ZNI1uFHcolM9EDcAMFgylpC3gSl68k8IWi1AcybuirugteD+ghiX7N16Ug0mFg/oO1VIiWLNP2MgVCmv7y6QU6gPSm0ased5P6oSUSd+tTX73iVzIOe72eqfZlqciH2BLwJnij1TOZ6cwzuXl24C8kMyHioZbIQjJun0l7a/8v29yBO1SDeSYAADBv8JjTtGOriAnQL131GWXKL3dqJqmBHR1dcgVqJo4mc1aTdrs/5pRSuWtF7TMhu21W/xQmm8lYW3qJt41xpWoiMxFHbyQXqHIyat5RyWzTScjMZM2J++19Dx94J5aMeB6+csz5rdzuZRWDRzvHGnoe/mvZwDTNpLPzulqotvuv37ihLn/3e99XK5i+9W21XGT6TNR8zfQttbLImMmPo6LVQnYP6vIfze+rFdTumm99+7tsHTXsXBcQCjMJ2bO5oqVnwgai0Y83mSbslGZCWrd+Jacz1dFi3tFcFI38eLnrZzUSEx09UDCYkruaR42JfSWTm4kWps9EFC9rh0h5GtnPEumpSBlftDx3St9dNf74Ln/ei1kuz1MfVz9kexx3Ux+77jzKvlcToYriRGYSyETlMoPuyczkTPcIydMf9z6WR7tBjhb3fuJw3+x3P/2J0mfim2fSePembwa8+7GP+wN3qIYcVHseAAAAuOR85f7Tyq/SBz321A+t5hSLaibqYCpqJnIhZbSnrT41zUJqqmaSvNWS3xEws1Nm4Fr6dmm345mJr0ElH44dweVdHsdMRNGWaaGjicTRayWFZwYmOHQwhMxMvpB+/d3G0cv9D4fomC66lchJ3Ke3n8i68+Vd17+ya+pnc/3b79bJrfw7d3wNSbXp33n9urr8s58r004IRDDUcnE8M3ny7/5erUxQp5ewO2H3oC5//MketQKRJblQ7pnRHILkmWd/plYG4WMm2Sv827UM7DChvrqtLzCf5jGlmVzZu4axjtHo+FXjmonoLFGegsVAZ28H9q6dzlSfajVtM6FXx06yn+6zuVT8zIQ+s+uFd72qI33SoqobL8SsGl9LJp52csPpN32972Tmr9RZMVf3vb6fmSHjuePbyXibfKuiuO2l5S9k+HxJpu+q33ybK0Xvqh+nOHoixe8xa8PnJxplN7mZiJNONZmlaM8AAAAAj5zJt5q3KpJQtdtizlY6PSY3k8wUS2aV3GBu9/WZiOKnOyzj/VoWzWmVysJ0zGSsLaPCO9HVMZmZiJKcmHdUhkRLxBCayeMf9iz6xFXX/fCW9zMWyb/Z5+6aPr7+RHbvE5/0htBMvvLVb6gViCqo5SJjJn/79W+q5c3NLWr96ZvJi/HL1Ao7d30sFz79w5+wddgMDQ2p9ec54WMm0TGrqqVJ2P45L0qP3H3PWtPePdBWczT652+XbgrCTORZCjuL2vq6z7/32qult86rg8H8zERu059k3w3aNTHeI6cuR79bI5dP30zoVJllG8kl9PUNHM7aSORhRmZC3Wb53tK2vqttv1iyfMkbymkMN2z91dYS7XvYQo2rPnXVlqPat7e5k17vypjl26wV1ac7yblVF+2LjnmV/UFJRG5vUU3b1YGeC80rn19uY/Rtkk2i5JPKZBUGcrFvfljQ0zdAzry6aHe036izu9Exy62lzeQ0rpyu+dXPl7eN+wMbZgIAAGCOSE6xqh0mpG1jzm2lS2MXJzeTjBRLdqP0l057JWsmRCQya8YZK2LeXiV9dU7LTMRe9UBkt5ObiTh6I1RaIobSTLbd+sK2rpM9nkG3z0xOONw/2Hs1VGby72//QV39xjcXHjte8uTXTGrJB1s/FJl5JmT569/8B3WrKidTmsk/fPuf1dXIHz9z+NOiXyxLUEvOt9MpK2z93Tm+5ws//aPF6j7nM+FjJgCEikmmmsxGMMkEAADmBadLpRFWUkgjZ8zZnF9Elq2neiY3E/FOmzWLjs5q7Bn1MxOpE8MR8NetC2U2Ujmn7HLGtMxEHO6op6eUar0wfG0KMwkpITOTJ9K7SjrdD6RPMBElLRlwP1x65M4Tu26FykxExis0+ft/+I5cX/PU4MtXrqh16hvoX7KnNBN2VZMXXv7luPX3H8hTSyAnYijMxDf9Xcoll1zcqymnD5EA4FER6A+zF+2xAQAAgHlAyMzkqdyeW/fk5wNT5fCMPay5+eCLu3oe/9gVQjO5dq1TYwtyem7dkusHftLign/8J7nkr5/8u5raz6ZjJrbi49/45kLNIb7w5b+VHxkcWF/0f0Jxby99BNt8ZuZmAkAYcvue1h9mKeRA2mMDAAAA08ZRVujripF7YwxCyMxk/8Wx+w/kqe/iA6IlXaNf3NnzeJZr+mYSFPUNjdsyPmo6eUq7IaRUnqjasXNX0VGbdgOYFJgJ4JURz6MY06U9KgAAADA/CJmZmE89uDowNup56H7wsOrG6Bc+uv34LuckZjI4MzMB4QzMBHDM6NgsDusahZUAAACYx8zITP7mwx7VTL6733X8xtiVgYcd/Q+XH3U+vtMJM5m3wEwA3/RP/PEmM0k/PsAEAADA/GZGZjIw8pB9NtdXdt0x7XZ+aeftxz+6M7mZZLe7tfsCHAEzAfOBvpGHXXe1dqEvZFfavQMAAADzjxmZiSgNbGh3Pvj8jjdONR4aF5NeJcMP8DuYc2AmAAAAAAAgWGZqJgAEAjMBAAAAAADBAjMBoQdmAgAAAAAAggVmAkIPzAQAAAAAAAQLzASEHpgJAAAAAAAIFpgJCD0wEwAAAAAAECwwExB6YCYAAAAAACBYYCYg9MBMAAAAAABAsMBMQOiBmQAAAAAAgGCBmYDQAzMBAAAAAADBAjMBoQdmAgAAAAAAggVmAkIPzAQAAAAAAAQLzASEHpgJAAAAAAAIFpgJCD0wEwAAAAAAECx+ZkIalAiCIAiCIAiCII8+fmai1RYAps2dO3fUO4ncWPfuP0AQBEEQBEGQ6YcRE5gJmAHsnQQzQRAEQRAEQYIN256EmQD9sHcSzARBEARBEAQJNmx7EmYC9MPeSTATBEEQBEEQJNiw7UmYCdAPeyfBTBAEQRAEQZBgw7YnYSZAP+ydBDNBEARBkHDLJcfAuSu94RNyPoEnqYmz/37gC8Mt07kQo1xLqDLN9yQwbHsSZgL0w95JMBMEQRAECauQlqL2N3cYMGX7dWDYrX1NWDLlhRjoWkLFdN6TwLDtSZgJ0A97J8FMEARBECSscu5Kr/Y3dxhAzirwVNloXxCuTHkhBrqWUDGd9yQwbHsSZgL0w95JMBMEQRAECavATGaVKS/EQNcSKqbzngSGbU/CTIB+2DsJZoIgCIIgYRWYyawy5YUY6FpCxXTek8Cw7UmYCdAPeyfBTBAEQRAkrAIzmVWmvBADXUuomM57Ehi2PQkzAfph7ySYCYIgCIKEVWAms8qUF2KgawkV03lPAsO2J2EmQD/snQQzQRAEQZCwCsxkVpnyQgx0LaFiOu9JYNj2JMwE6Ie9k2AmCIIgCBJWgZnMKlNeiIGuJVRM5z0JDNuehJkA/bB3EswEQRAEQcIqc2MmNUnV2iI/pmy8al8QItbGRQqC0BC6zxeZ8kJm71rClum8J4Fh25MwE6Af9k6CmSAIgiBIWGVyM2n5IE4Qolo6XN32srIh7Vb9zLKZrI4WhBfXd7tcLdY07bZJ6MzNcyiLeSsi/TbpZcoLmeJaOnMzzrpcru64CCHq3QbtVlGMjFyvLVJpHefa44V4eYcJkYJu/yIHrb6nLVRoTYvaNPn3dlrvSWDY9iTMBOiHvZNgJgiCIAgSVpncTKKEqKSaEBqJl9k1k04hIbfToy2dms7cyc9KB1NeyBTX0pmb20m/Dh1ZLQhrtVsnpSUlSlskmYm8Q3fx2modb9FUkIMKMBMQzrB3EswEQRAEQcIqk5nJPdva4nH+sG6zd7tvtwhvlcmr8UJUxqnuIUdLRoLyZ/hOS0JSeYfL5So7RVvBrvxEUsHtdsdFeNvKs2kmHR/FdmjL6CnJJykk5Ektc7F6kxD3ls19b6jjyNos+QWMmeQuE5SlmqS1K+K6XS55TRCEjv6hwjejhOi1tg5Xd3nS5lPe14zHlBcy+bWoZkJEQohIokve8xmSei0EQSrszFW/C+T7In8XyAUqO2EYz0xcQkKG+163EJ3UIO1T+fY57BN9+8hB5TcqXojMJQftsK2NFmR/JQeFmYCwhr2TYCYIgiAIElaZzEw6c9NatWUqSptYauwqRV7f8JX4r5I2rjIgaTbNhDSOFY1QoQ135RyIcsRn0wY303DvjN8jtdYnMBMbM3JJeEeq4hUGgvLaCZjyQia/FnIgQWK91a50XWnOx2cmygWq2jCBmSgklXfLJZ174uULKHxNEKQBY1N++xgzUWtWJ9VIX2AmIMxh7ySYCYIgCIKEVSYzk3u29Se0ZaLHlRgfKzdu5YJAMxH8m7bexjBFabTOppl0fBSrdYW6JPWU1Kbz9M2EPVWl2f0IzSTjrGuI7bjSnE/QZiLNM7Fnqc7Z8C7z7ZGubspv37hmkmClPggzAeEOeyfBTBAEQRAkrDKZmdA2qGaeSUNShNLencRMNkf5tYnT/Fcps2kmoqclYJ5Ji3oOq4UoefyVUcxEPZDCjM1E3uFa7/dRbE2z+c8kmvLbx5iJd9OpzfJuYSYg3GHvJJgJgiAIgoRVJjcT2+tRQkSs3eFydbRIczFcha8J9iF3R3nSJGbim2dS3EJfk5+YdMTeTfZxKk9TcyKmbLxqX+BPXIQQGb+ZnIC9ziaXDBWvDZxn4q3Op5l07okvu+12+09zV82EbPUKiUt4MclFn2OWVSh9j33zTCb49rFmQt9VZp4J2a0QtV68N9lTE6bzngSGbU/CTIB+2DsJZoIgCIIgYZXJzWSumLLxqn1BuDLlhRjoWgLRzEiZJtN5TwLDtidhJkA/7J0EM0EQBEGQsArMZFaZ8kIMdC2BwEyA8WDvJJgJgiAIgoRVYCazypQXYqBrCQRmAowHeyfBTBAEQRAkrAIzmVWmvBADXUuomM57Ehi2PQkzAfph7ySYCYIgCIKEVWAms8qUF2KgawkV03lPAsO2J2EmQD/snQQzQRAEQZCwCsxkVpnyQgx0LaFiOu9JYNj2JMwE6Ie9k2AmCIIgCBJWgZnMKlNeiIGuJVRM5z0JDNuehJkA/bB3EswEQRAEQcIqMJNZZcoLMdC1hIrpvCeBYduTMBOgH/ZOgpkgCIIgSFjlkmNA+5s7DCBnFXiqbAaG3drXhCVTXoiBriVUTOc9CQzbnoSZAP2wdxLMBEEQBEHCLaSleO5Kb/hkOi1XZ//9wBeGW6ZzIUa5llBlmu9JYNj2JMwE6Ie9k2AmCIIgCIIgSLBh25MwE6Af9k6CmSAIgiAIgiDBhm1PwkyAftg7CWaCIAiCIAiCBBu2PQkzAfph7ySYCYIgCIIgCBJs2PYkzAToh72TYCYIgiAIgiBIsGHbkzAToB/2ToKZIAiCIAiCIMGGbU/CTIB+2DsJZoIgCIIgCIIEG7Y9qcdMFu/qfWwnSZ92w6OlepPQqS0DjxT2TiJmMjh0n2Rg8B6b/oG7CIIgCIIgyDyMplkotxVJhoZH1LDtST1m0tgwkFjc/7WdvYnFA+Okcqj9rvYl08Lj6jiSFhkhCJFRea0u7dYAYCZzDnsnqWYSKCfwEwRBEARBkHmVwNag2lBkzWT4rpttT+oxE5nGErnnZJz8q11beRoMCUJU0glFSDqyEwRB8K+gBWYy57B3EjETcnux99y4ioIgCIIgCILMn2gah2xvCdGSkJmJeGsw0El0m0nHR7G5Gs+oSVp/gn4VXitsSE+IihTSWunq5hVRRFoiX1zLmsl6WhiZ6+1pSRKi3B15pJq07k58MZIsJ7yT1zJ1TwwIAvZOks1EjuYWhK4gCIIgCILwncAmnyaBThJSMxHvBTqJbjMpfE1o0RQ58mI/6iBfhWVpkfFrs6xl1Cs684TY1S2nGsqsm6OiFTMZqkmK/besljqbIETJL00iHhIZaysvI8uu/MTVu2wtdWWJy9JaPOreQQhg7yTWTKaUEwRBEARBEGSehG0izp6ZiIFOIqXvravamlOSuyxwaFa1sKmafBGEOLUoKcI3xCsrXnpJa1qUV0g698TnOaRqguD2VqNmskdrPVzhcQkJGWxBUmzkELs+a7B3EjETcm8F3nnQFQRBEARBkPmTwBagGlZIQm8mi3f2Hr82cn9MW66DcUdzJdXQr4KQpJYlMpNP5NFcRDwEId7lxS31iiRp5qi4XevjI2P/rbCT1z4TRk4emZaI45mJmsB7EUEQBEEQBJmfCRQSkrv3RknY9uSMzCRiZ6+2SDcdWXHS2C0vQ7Y3hbJ7dIk1E7bPROlmoX0m2rnyWjORINUS87mdaFK9KcpOjGSoOu6DR9dBxN5JGjOBoiAIgiAIgszzBLYMNVoSSjNZnKV9cPBMPuQkawWdp557pKzMmkUWYt+lQ7lEfzMRr+R655mksfNMhNjEsvKyrHcS5RLWTBpS4mx1dnudTYhIyAsYMcYTRE7iUh6dlojTMxMEQRAEQRAEkaMKSejN5LGdvRuleR0K94dJyX2mAPANeycRM1HvsMC7EEEQBEEQBJm3CRSS0JvJmTbtjIa8Zn0fsggMCXsnsWYCRUEQBEEQBEECG4eBYduTMzITMM9h76RxzQRBEARBEARBJgnbnoSZAP2wdxLMBEEQBEEQBAk2bHsSZgL0w95JMBMEQRAEQRBkmrl3/4Ectj0JMwH6Ye8kYibk3gq87RAEQRAEQRDkLmMjbNj2JMwE6Ie9k2QzkRN4IyIIgiAIgiDzOYFOAjMBoYS9k1gzmU4C71cEQRAEQRDEcAls5gUVtj0JMwH6Ye+kYM0EQRAEQRAEQdj2JMwE6Ie9k2AmCIIgCIIgSLBh25MwE6Af9k6CmXCTwF5aBEEQBAnDBP4KQ4wYtj0JMwH6Ye8kmInR4/1BTz+xdWh4BEEQBEHCNsN3R6TPF1c+YjzwlxpioLDtSZgJ0A97J8FMjB75hzv5WU9+4g8O3UcQBEGQcI7sJzATDsK2J2EmQD/snQQzMXQkJ6FdJdrvMQAAABDGSH5Ce04Cf7UhRgnbnoSZAP2wdxLMxNAhP9PJD/cHD8a032MAAAAgjCG/ucjvL5iJocO2J2EmQD/snQQzMXJoh4nHAy0BAABgPMjvL/JbjPwuC/jthhgjbHsSZgL0w95JMBPjRh7Kpf3uAgAAAAYBA7oMHbY9CTMB+mHvJJiJcSMP5dJ+dwEAAACDgAFdhg7bnnx0ZnJ++DzCWdg7CWZi3MBMAAAAGBqYiaHDtidhJoj+sHcSzMS4gZkAAAAwNDATQ4dtT8JMEP1h7ySYiXEDMwEAAGBoYCaGDtuehJkg+sPeSTAT4wZmAgAAwNDATAwdtj0JM0H0h72TYCbGDcwEAACAoYGZGDpsexJmgugPeyfBTIwbmAkAAABDAzMxdNj2JMwE0R/2ToKZGDcwEwAAAIYGZmLosO1JmAmiP+ydBDMxbmAmAAAADA3MxNBh25MwE0R/2DsJZmLcwEwAAAAYGpiJocO2J2EmiP6wdxLMxLiBmQAAADA0MBNDh21PwkwQ/WHvJJiJcQMzAQAAYGhgJoYO254MZzOxvby3MqAQCaOwdxLMxLiBmQAAADA0MBNDh21PhpGZpP5CEP6wP7Bck5XC7wILkTkJeyfBTIwbmAkAAABDAzMxdNj2pPHMRICZhE3YOwlmYtzATAAAABgamImhw7Ynw9lM9sdl0dFcQsTPam80Np4tfH1vSVtXoyCsbCSrXW2Be0Aecdg7CWZi3MBMAAAAGBqYiaHDtieNYSZtTDX0mYRP2DsJZmLcwEwAAAAYGpiJocO2Jw1gJge3xAk/ilu5PUsuh5mET9g7CWZi3MBMAAAAGBqYiaHDticNYCZKBhqFiJXnYSbhFPZOgpkYNzATAAAAhgZmYuiw7UnjmAl1kpelf18PfC0yJ2HvJJiJcQMzAQAAYGhgJoYO254MMzPx8rvS86qZvBzzA1r0o5+W9NJqtqyVZO0HiTsC94A84rB3EszEuIGZAADAfOD8tb6H2rI54KF0JtrSmQEzMXTY9mQYmQliuLB3EszEuIGZAADAfCActEQm5GcCMzF02PYkzATRH/ZOgpkYNzATAAAAhgZmYuiw7UmYCaI/7J0EMzFuwtFMOnPjBUFbGDYMdTQMSQvkJIVN1ZqtAAAAHjEwE0OHbU/CTBD9Ye8kmIlxE0IzIQ31qIT1m9/fHBsdSZZd2u3TRpeZCMtyO7VlhGpBiCOntPmdxPjnoshZpdVNcV4T7MdHw7tReVINmAkAAIQDMBNDh21PwkwQ/WHvJJiJcRNaM4nfo7Tq10YLiflTOMCE6DET9wRGQcwkSV1p2bOa2BOzNZCJ9jMOMBMAAAgHYCaGDtuehJkg+sPeSTAT42aWzET0UCWgzfbO3KQasePIevqQvYQ8usndnSB1qkTGJrg8vpd3l2+mvS4r1jNm0qnsRKYmybd/0b1+RSzdZ2SUraMnMoIuyqjVJehpsOstKVFxuzqUFXd3PDmTiMhYclCKS7Mfd2d17vuJZDkyOr7be6rVmwTZXXxm4nElxkdJlxSVdcS7cwAAAI8EmImhw7YnYSaI/rB3EszEuJktM3EVCs9l0EZ6Z25sQkLGWXlqBt3A9FoMqSLhrkkSErLkZTroaiozIRU63Eqx9LV6gr6Oao2ZSCXrq6lmDPnOxFUtRCQqW5n9DDk6XPJRPN2CECsXBppJnCColzc05D0tAAAAjwSYiaHDtidhJoj+sHcSzMS4mSUz6fgoTuma6Mz1G0DVkSX8m01dy4gTCumYL1fha0LaWaWw7K0pzaRDEGSRUJm+mZB9xtOqHVlRKS1qqfeIE+1HrTCOmaibAAAAPHpgJoYO256EmSD6w95JMBPjJrRmohK5LE0pJWbCTMYgzfq0VnVNFE+sp7IhDd/yzUqpS5rCTGqShHcb1GKJiYxiQjMhZ6JBqc/u515n9Z60WGnqvLfCOGbSXUzHqkXGJSodLAAAYHB8PxmX5fpv6VT/ApWYbfffNGfATAwdtj0JM0H0h72TYCbGTWjNRH42V5aV0YYAM/ETCFk2NFPep5xn4jfhRGbaZuKdAEPOJOHtzfSxXd4o9Zn9xNJpJ5Gbd+WVlZdNYiYE2/vxdI5KRKw6HQUAAIyL8JbNJdOv+YuLz0wi31Z+ALZ8MPmTRWYdmImhw7YnYSaI/rB3EszEuAmtmQQIg9ZMui0J7DO7Oj6KXVvsJrawXhB8M8dP0C4IaanTOydEWsmOV/Z/JUt4rdBbW2a6ZmJ7U0i00hPw7c0PZj8n1kd9EDjca3wzUaDTURjFAgAAY6L94UZ+ep+gDynZfKLBN99PqhNPn/5BCfx5+siAmRg6bHvy0ZkJ4A/2ToKZGDeP2EzkWe/eP8ExM+BL1qoz4BOkB2TJy2QhyvvyKGb/AjsDni7QmSd5t5UShmrWTPLejhMiErxr9OhqF4e7W94zs5/WNGFZVqdUoSM7QT2lycyEnVUPAACGRbEN30/dTmVi3u08jZmQH4pJc/0XGZiJocO2J2EmQD/snQQzMW4euZmIaS/SKRnr39+cEB0ZuUJ6jjCFekLiO5vXrohK+Chttff3XFI0/dVIKifGReZaN6v7t70VJURGbX5/fWJ8bFINLaH1IuO9g7JUquVPWly7Ilb+/Mc8VWikM5F2snn9a8Qy4uVCZj+ddDEukRyF+EzsxGYSGRsrjwcjJ6l6FAAAGBd1NNfQPbmgWv5JK4odMBMktGHbkzAToB/2ToKZGDchNBMAAAB8ENAhrJqJb54JzAQJSW7e7JEbk2QBZgL0AzPhIzATAAAAGgJnwAsRcUNDQ7mvxwaYSWfuMmFun0wIM+EmMBOgH5gJH4GZAAAA0CBPMqF4nxrccYQ+myStzhVgJqJ4pZBs6lZW5gCYCTeBmQD9wEz4CMwEAACAoYGZcBOYCdAPzISPwEwAAAAYGpgJN4GZAP3ATPgIzAQAAIChgZlwE5gJ0A/MhI/ATAAAABgamAk3gZkA/cBM+AjMBAAAgKGBmXATmAnQD8yEj8BMAAAAGBqYCTeBmQD9wEz4CMwEAACAoYGZcBOYCdAPzISPwEwAAGA+8FBbMGeE/ExgJtwkjMykJNOSvuOQnSmxplnMmfVMAQgvYCZ8BGYCAADzgfPX+kKuBDp4KJ2JtnRmwEy4SXiZSUbZRfO+Nm/B/eSCi7KZDF9vzd9daE6xZORLW7vqM1IKzxQXkZL99TceqLsAjxaYCR+BmQAAADA0MBNuEm5m0mVOPa6su5ps10TZTJw1xzPz6/v7etJTLXQTNRNren5T/+1rVFcqunx7AY8QmAkfgZkAAAAwNDATbhJ2ZtKcZ3HStRu2HVRCNKO5HGWFDlE2E0lRCOcrk1OsbB3wyICZ8BGYCQAAAEMDM+EmYWcmor3Sdk0k/yanFIleM3nQYy/Jo2O3SLRmwi6DRwvMhI/ATAAAABgamAk3CT8zITaSVpmTarXaPXSZmkmvObtJ6kgRz+QHmAn6TOYOmAkfgZkAAAAwNDATbhKOZlKRbUk/dkMulPtMzCnWnKpr1843JW+1qmaSmluLeSZzC8yEj8BMAAAAGBqYCTcJRzMZabTRAV0Sspk05xclp1rMW4senCtVzaS5iI7vsp7qwbO55gqYCR+BmQAAADA0MBNuEkZmEgSYWxIewEz4CMwEAACAoYGZcBOYCdAPzISPwEwAAAAYGpgJNzGmmYDwAGbCR2AmAAAADA3MhJvATIB+YCZ8BGYCAADA0MBMuAnMBOgHZsJHYCYAAAAMDcyEm8BMgH5gJnwEZgIAAMDQwEy4CcwE6AdmwkdgJgAAAAwNzISbwEyAfmAmfCRUZhK4ZwRBEASZMtpfJ8EDM+EmMBOgH5gJH4GZIAiCIHMY7a+T4IGZcBOYCdAPzISPwEwQBEGQOYz210nwwEy4CcwE6AdmwkdCZSYAAADAnAAz4SYwE6AfmAkfgZkAAAAwNDATbgIzAfqBmfARmAkAAABDAzPhJjAToB+YCR+BmQAAADA0MBNuAjMB+oGZ8BGYCQAAAEMDM+EmMBOgH5gJH4GZAAAAMDQwE24CMwH6gZnwEZgJAAAAQwMz4SYwE6AfmAkfgZkAAAAwNDATbgIzAfqBmfARmAkAAABDAzPhJjAToB+YCR+BmQAAADA0MBNuAjMB+oGZ8BGYCQAAAEMDM+EmMBOgH5gJH4GZAAAAMDQwE24CMwH6gZnwEZgJAAAAQwMz4SYwE6AfmAkfgZkAAAAwNDATbgIzAfqBmfARmAkAAABDAzPhJjAToB+YCR+ZAzPpqm8m/44O9/f15qRYyL/9w6OkIL34Ml3u6yXLjrJC8/Yq9RXmrMKSLnUNgLlm7L58r2anWeSC5BTrNVJy3W7bY20epiUZqZYSh0feuj+lUP730wv0Vf19Uo3QEXh0c0qputWcWS8vjJw8nrqj1ltsN6da5aWSTMv+0+KwdEXmfa3KGUr/n8qXmZ5SSBdGPOa00uZ79CW2HcqFzw528v/7yEAPuS7rufve1V7ylmbWOMnmjDL646A5z2pOLezp6+253Cq/apbe3jnA++Mxp175kbh/qyV5Ty1ZPnPMtv/0sFyhv69VrUC4duyQeV+bsgf5x+y8AWbCTWAmQD8wEz4yZ2YisT/F176RWxsyxEwuFR9SVvqaG6/Uw0xA2HGlyia7x+nS5jFfcXIqtYKMlFLSmpRb0qqZzMptPN7RxzETV1NmaqmzqshbbC9xdCUfvih6zUSpnGdXlpj/TzOk8yeMnC5NTisVx65lN85q65+qiCj/hYKevLJqP2yVT0/6WdGVWnzN70XeatxAfjwq35cx+/7TiuUSrF4fJpesfuMIyZn19gLFNmEmiEEDMwH6gZnwkbA1E/FabaP011naluqCmYCw41NvvwG5XR1MeabUjidmMtxyPDnVJs6ymYx79EAzIdWSCy4SP5H/t5Lb8Rkp1P+nbybkf8eKbIuzpkjjBKFGcYzmPIs5v927OpqRKnehyD8r/BrlEvyaif8PwKrd45qJJ7PKKdorlW8NzAQxZmAmQD8wEz4SvmZCGknZTcRP0rdXwUxA2OGozz+v/Bl7XDfIkN3A1ZzTMhwOZpKcYjHLIf9bUaR2/NjFjJKuYMyEMOzdw+xhl0+1okPumZFGc50urfP208BMvIu+N8FZVSS/adQ/RZgJYtTATIB+YCZ8JJzNJDOlyF5gTT92A2YCwg3Smvf9bzPeeCrFTEhbf2vprJrJuEcPMBNPZsUNedJITqo8oEtpxyenFgZpJkyd2ULjGPKqM907fAujubyLqpk4K7Kt8vc3I63SPgYzQYwamAnQD8yEj4SPmWhmwNOi06Xm7CY6Th9mAsIKV3N2TZd8uz6QCqQ56AN0Dnqudwa86gaOenOqYiazNEU78Oj2w9aS8z39I/ftZbYSh6e/pqhfrW2vlMTC244fbjOnGsJMaF9Bsm+eCZVD81YbfT9vy4rC0Qx4CZ+ZiN4Z8CP3lRnwCoqZkG+3PGVIlDtPdjeTb1+ddH/2D9Dxb9wDM+EmITCTM23X+pm/1oD5A8yEj8yBmQAAZgH6rKodldpSAOYBMBNuMlMz6W8ppeMa8aNwXgIz4SMwEwA4YWyAyEmV91HFAMwfYCbcZEZmYj98SJlOR5JaRJ/ul2JhR4oDvoGZ8BGYCQAAAEMDM+Emes1k+LIty+sk/tFpJl315LX0gXcM6cwIy6Aw+4+IBbMEzISPwEwAAAAYGpgJN9FpJtYPtUIyczNJTlMfZajAzskLCpjJowFmwkdgJgAAAAwNzISb6DGT9FSfh6QfbqdFA20+OcmsuqDjqRhd9fsb23JSfU/pGTl5vMJe/4jNhHlGOJgamAkfgZkAAAAwNDATbhK0mWh6SNTyHP/yZuUjZqdNlyQh5yutdmnqnqspk+z8dKlsJvIMlsbzF607LSXy3L7TpbayQmtZa7P0qMD9Wy37y1obq2ovSDszp1hTc2svXW6nHyy1r00qu5FZ1NR4/kZdUZHvaYMfWumrTjWZpQ/BFUeHyVXQR+yNkEM4zVttZ85fLMmXn/sOxgFmwkdgJgAAAAwNzISbBG0mGakWM9NncsH7vGDfh8tKW/3mi0wH2UzEG/JT0unTuNMqVTPJTLVkyA8zH7uomMbpUvNW9WOkPPKj4lXICcjdNheKDplTbOwmqhyZdMwYNRNv10q2V7GYj1aw6xyWNp+AmfARmAkAAABDAzPhJkGbiai06SeMzga9YiYi7Sqhc98P2a5R/ZAL/Q8hCcnpUt/HMPU1aw7qG81FBEZZHt2/uzB1q7QH+mm40lV4PyuKLMsL7Ie+leRazWmFDtp/AsYHZsJHYCYAAAAMDcyEm8zUTErq2xpP0WR658TP0Ewqsi1O0WPeUUtHafnM5LjyUabqZ7sGaSaN+6zZx1rt18nLB6ZpJoTGslJzqpUtASwwEz4CMwEAAGBoYCbcZEZmoin/dEcIzES815a+81CFS1pmRnMley1CgTUT8b451W82SKCZ+M7W1TyJmXy6XXtRYstx5kDAD5gJH4GZAAAAMDQwE24yEzPRzN8QHSUz+KRF1UykKSvKktdMRNHTf6EpmU5xsZbYe+VNfsIwcFneapdm3geayYPrzUonz4XJ+kzE4cukTnJRuyj2pktDvzLyW5VNIACYCR+BmQAAADA0MBNuMhMzGT86zQQYEJgJH4GZAAAAMDQwE26ix0weXG+25pdOFKf3aV2Ae2AmfARmAgAAwNDATLiJHjMBQAZmwkdCZSaBe0YQBEGQKaP9dRI8MBNuAjMB+oGZ8BGYCYIgCDKH0f46CR6YCTeBmQD9wEz4CMwEQRAEmcNof50ED8yEm8BMgH5gJnwkVGYCAAAAzAkwE24CMwH6gZnwEZgJAAAAQwMz4SYwE6AfmAkfgZkAAAAwNDATbgIzAfqBmfARmAkAAABDAzPhJjAToB+YCR+BmQAAADA0MBNuAjMB+oGZ8BGYCQAAAEMDM+EmMBOgH5gJH4GZAAAAMDQwE24CMwH6gZnwEZgJAAAAQwMz4SYwE6AfmAkfgZkAAAAwNDATbgIzAfqBmfARmAkAAABDAzPhJjAToB+YCR/h20wELwnv5FY73NrNAVRvInXjcztFsSaJLEllnWShWlPPH1pVJjIq7UiHdvO4ePcfL72OLOQuI1+TtNUmx90dHx1JXrZ2l81+e+qrCwnrowRhWa68XPZ+Ajl6Ynp1t0dad3dHkdP5cRwpYV4BAACzC8yEm8BMgH5gJnxknpgJJSJBuzmQ7uo0q31I1GsmEvTlU+Lp3pyeJzJmMnQ2L+tEt7baJHg6c6kXKKwteTRmMkQPJpuJh74zMpGv20gBez4uzesAAGDWgJlwE5gJ0A/MhI/MuZmMjY11dvVevHb73MWbdpKOm+cvdV282t11q9fj8Tz0on3Z9CBNZNoBwgiAq90WK/UzRMYmyG15shz7UUfem3FCQt5kfSbu7sT42MgI2jHS4t/uplU3KfKiHNHdXb1ns6ZyYnwU2ZrwZpatY2jyPpMW63r5DNfuoruVV6Pi12Y1+tSlcw99qXx1XtybX6OFpGZuKz0q3ae3f8NX2eNKiJV7WqRzJqvkDYmIzDs7tVIlRgjxz8n7dNveJLJHT3itcglu8m+1RxTv2WiJ9IaslS5ZJqlGuzcAAAgJMBNuAjMB+oGZ8JE5N5M17xU99eLOf4nfFfHih3+56K3/60vL/uwLP3/ynxO/99M3krbk3L9/f2RkZHR0VLYU7YunQm0Wk5Z33Cb6d33xXou9mypJUjRpwqepdSKXrd18uGMyMxHFvFMdQ26xI5t2DXiPQGH7TCKjV8uFnSW5bGVpz2vJgm1Xod0z2Wgudwlt2Lc4XC3WrEK7strhcqVJPRI+FbnXQC9BFQyJXGsL+Tchgpa7xjMTeW9Rr+e6XB3qzhOyO0R3Bz2KuqPx6NyTILxp8+6zWvWx6nfo4arFasH7tkglSYWvCUJcFlnt+ChWvnYAAJgNYCbcBGYC9AMz4SNzbib7Dla+9P1f/Ppnq5Y/+6uIx7/51P/62lP//Us//NLfx3x7cfZu6+Dg4NDQEPGTBw8ezMhMhMi4N5U2uoykCtQE5M1M4YRmotCZq9aX8RvN9eN4dpNaueUD2ntQ3ekdczWxmUjN+kR1B9Kq1Kw/tZnsIsHCjPjqrpaPmVbn14kj7UroHM9MZIvIu63UVKRCmiVCFgonGYN1JZcIT/WQuk/GTOib5m8m0ntLa8pdSfRi/d8WAAAIHTATbgIzAfqBmfCROTeTkcGBpo2vV238Xdn7m9K+t2DN//mL3331L9d/5x+2/uipC59/7nA4uru7+/v7iZx4PPI86yCQm+OELMkAGkSR+kFkVMKbm1fH0dazXEdtN09iJnlSl0Xki4mb3x6vz4QZzUXkYdzK1bvkcU9RSXXuic2kky7E064GGd9qZy6t7D2QSvcRabfvNnRapPno72xOkIZQjWsmqrTIyKuxz8XKKXR4N0hCRWGuiyWpppO+pQl0qox3n/SNkrTJewmtaaRk85vxkeSa323w7hoAAEIMzISbwEyAfmAmfGRuzWTM4+m25Z3b98nZPEvjru1Fr8ZlPvXN1G//9YdR3zu6Ku7oay+fO3v20qVLt27dGhoaevDggfb1U0FaxhlnXa6OFrk97ZJK8qTmszTkKQgziZea125RLNtEG/7eI1Bo1bdsLpfLXp5FFtNaFd9gK9utaUNk3d1AN5Dm/oRmIrqsiYI0mst+JC1xe4NbqqmO5sryjrgipxoZl9hg7y77gG6I29VB9xBF9uCW53Z0Kl0iUeTEOsrpTsh1yTuXRnN1053Lg7veouPcuu1l3gsaB5eXDHLG8RnkWuTXdrvoMDBBugTyb8JHLba36PHXlrhphRW58qu0uwMAgNABM+EmMBOgH5gJH5lbM/G43Y5PttysPHatouTMxzuPvPAve7/7lxlf/y+7f/L3Jb/8/sGXok41NZ0/f/7mzZuDg4Ojo6Pa10+F3GhWkJ7Npa4lrEgIykzSpEkdlOjx+kwYhsarLA95kpi8z4S8KYpHUWiXhfQ4LC/qQZkdkqMkVQ8pA8YEemm0P4jOw6/znVqU3H3kaUmL9RZJO6+W3ElG3fkkMP0wvmdzCQm0RO4pkun0iHKfiYJmkBsAAIQOmAk3gZkA/cBM+MjcmsnDsbHLH7935fCezsO7P0sx5/zLk9lf//N00//I/v7XKp//bupPflBXV9fS0nL16tW+vj63+9E8GBeEBuIjZcqnrNBuHP/HiAEAQMiAmXATmAnQD8yEj8ytmYyNPdywqzz7UNOeglObd5W+t3nv9thV637w0qtLXvuu8NIPfrr8xIkTjY2NHR0dLpcLZmIsaF/Mj+n0Ffrxi0KUdjMAk9BXHJGw4YrTeeXkAdOCpXJZxAJTRMIWJynsoatLyerKbQ57uSliHfvSpabF5aXlcuh665aI32yrveTc9puInKu+ald2LzWZlBeSJd8Glap1Ode1ZY+SsvIyNULEaptL3BwrpFlbOk7lCRGJhfJzLIbsQmTkONrv6Sblvkd1d+bFvp3ncnVIT9GgtRMiBLuDjvSMkjtLO3PHf653TdI4Ow8/YCbcBGYC9AMz4SNzbiZrPrB9fPDkJ/mnunpcvb9+6+r//k7rLxObfr3mu//y0tM/XV5ZeaK+vv7ixYswE8Phas2jn+hCn6QcW+3A9w7oxLxI0oaegqUfX2FuI7fpmW3t0kMxtj3j5xUxJsVkZAoSTIPK4qApoUAtX2oKdzNh6IhKoQ8EH3IolrBaEOL30OX1sUJL8TjykLUisrDGJxstH0TRh5WThZQo4bkMsiA8R5+ZLpfQyWswEyQ8AjMB+oGZ8JE5N5N3dlUePXH207IzZZ+d73rl95e+9oPqJ79nffrn/yS8/Ozzv6msrJTNxOl0wkwAmIesWUC1IWepvzxcz1lX5V0mCnHTt8W0YINvRRTXMdahGkh7+uIrHtEoZlL4Gn16B8t69gHiE8kDIxuuI6vlJ39kLROEt+izLoQI5dHkpIT+YIWZIOERmAnQD8yEj8y5mbz+wTHL0ZaDxa3vbDv+lR//+3eeWvH43yw2fffF7wgvPRe/hphJXV0dMZM7d+6MjMzZeQIA5gL34KVy07NbREkwzuxeE7PIZFoUM+gRRfu2XVe9tVrNrEKYFpBKlC2l9DHY237isw6TbCD2bYulfhWjmElcwGBI32gucWJ5YGXD0ylEJrhdLUIsfVoGITdBSKvplku0lVkm2nmYATPhJjAToB+YCR+ZezNJO5adf+qTQ6fyj7WsXJ+9/PUPYuPXvrDiD99+6sXoF34rm8mFCxdgJgDML9yDTueVptIDpgURoiQP3kFZxChemcRMVNrTFxc4yVd3vLCQOEn8H8sXmxaTddPSXVekoU3GMJPbeYn5fl0ma6PpAwB9TCQPrGwM2YXYxOo964XY1XkdtI8ka0VkWnmLXKKtzDLRzsMMmAk3gZkA/cBM+Mjcm8kW266Dp7IPnsy0VD/76gc/jf/Dj5/77fJVm372/Oolv/i3iooKmAkA8xnH7qW1/l0fMVQwzizdrXwyKDGQM+o2llazz14oblNCQe3v5Q4VlXW14W0mayP8HuedFC24NB85O5E8MLKRpD4T/J5tLV2uXlvsHRx7z0arwUyQ8AjMBOgHZsJH5txMkj6u+ORQ08Ejn/0h7cj/jPjd//fNl//iyWf+9p9e+t4PlsW+9Hp5eflnn30GMwFg3lK82kTEo337Ynm+u0jHa9G+jolmwKuUr1vUxDTiB6vWbah1O+3KY7tITKb48tJ2Z4CZNNW20y8aM+lrrz2puNCjRJ0QQnFVx75b7VuVmUgeWDNR9eZsWiwdG9aQaPX2w5xNS2sNMBN3t+I/mp27pA6X8ANmwk1gJkA/MBM+Mudm8uYHRwcPHhz+tNDdfia/bPF7u7/yJ//n+09887mE196JffH1srKy2tra9vb24M2kdp3mb6O/r9VWmQUGa7eZpHEjTs3fNckJqX+sXRRRcEkdmTIhzsMrTQtpC4ydwgvAuOS+I33O5Y/jugNuPEPS07RYGoJlWriooF35nyVndcyiBaaFQrzSOO4pN7+8iNQovy4X1C76YxMdu/UTaZ7JwkVK+c0DdHXBogOt2v/p2NFcXmgXijx+jJiJr3hpTu3GCNPClezLHwGu/MQs+uQsBd9Hl1K8n17KyIPPQESNbAwlxNKndyeml3VL74rdul7eCymRKzN7Tuq0JFBdEZXPnFVYltvwbpRNnd8STsBMuEmIzOROmznFQrP9UfziB2ECzISPzLGZPHyYfupa4yf7Tn+yr3NLyltpC2J//cU//d+LvrTw2aglcT+KTSgtLa2pqdFlJgoha9bbt01naIfc1ilfR5symk3ETNS/uK6TH4Q6PUJ2CYBbfPMOfA3WeYYz/xWtecw/hDdt2qL5AcyEm4TCTIbt+7dKWpJi6RnVbgQcAzPhI3NuJrtLW/J35ZR/nLsn2bzr0D+tePt/ffVfFn75H3/6xobnfhTzCjGT6urqEJrJK8/SP7Iueln5W6nphZzi3y9dtMC09I/losdJFha9bC6XPsdt8FLBIumPtvF/pJ/XRjbJSH+AGaRzahcsillBnxrEYjKtEaXxJ+wnJ8iwZpKzVF4efOVn9CALva3JLSvoX4XJCRZfp8PrZc+BmYDpE6/OKABg3gAz4SYhMJP9qYqWaDcERVd9RlmXuuYoKzSnFDKbQ0JXSaal4lRb46mm5FRL87B2sw7IVe8/rS2cP8BM+Mgcm8nY2JaPij7KLNrxUeFv3/gg+l9Nf/L/fOlP/t8n/+orT33r2z+N+NELJ07QT1qcyWfAs816+YMRJAZNz2wT1aeIiqLTGq9MqD1pXmSK8VajKEbBDDpfrO7Tc8X0hvQ5014cuUvjV8TE72Y/Ek7BZyZ3naaF/n/Y9tTSo1/PYbtlYCYgeFzCayH/7QlAuAMz4SYhMJMMeRxXiuUBXRtNT7VYz2nrTM2jMhPvHyyvmTObpL+KzgjVTKp2z0zMjAnMhI/MrZk8HPNc3PCbG4fzrx+xNWV8vOObT771P/7bq//tv7658Nu/f/rpDT9++uSpU2fOnLl+/frAwMDoqJ5uWbZZrw4rF71zXn0lqnhcz5E3ua/XLv6h8sEIGjNhR2qZ2A+cJqKyIKb2/ZiV+Vek1dpX8ulTS2WImZxxEhzttcUL5YHsonvdy4sjpIPIXrTmGdqDklNLl2EmICi6i9dGBXzwBQDzAZgJNwmBmdh2KGZi/tBm3Wkxpx5vvKetMzUTm0lzURHdeaq10TtWjErFmDM51ZKcVUV+8ztbKkmFjPw276s9mTusbH0vrJl0KWYyNpCdZSUvzyxu7x+Ttoz2JHt7gZSOoDGnfA7MIRQUM7nWJFf2XoL2BMyppRfKbKRC8g46ADRH2pq+r17eWpGnXGD+yZm70iMFZsJH5t5M1ic6LDnXLZYzKVssX/qL9P/+5//+53+20fSNjU/988YfRpw7d669vb2rq2twcPDBA+kPIEGi20wiTKamS05nn5sYwjTNxHl4pfSU0kFqGh9fcZeuOcD8b82O5mr646Lyu6QkYoO16YqT2IvD+whUt9NeQOykaRBmAoKDaEnSCc1nhQMwL4CZcJOZmsn+rZbs+q4zhw+pTXmn3L4Plq56dQ/eUDNxVhV9Kn8ektQvYZd2TrZmVkl/huyoMu+suiQV1u2xXCJfXM2ZqUr3hTXN4t/a8prJ6HD2h5Yq/5/eFdkW4ipkIdU7LG2k0VYiPYCCnInNIZ2DvTLn5H31JdImpc9kPzOYjT0B8z4qM2Z163ArMTdpyXOh6FDdPXrhxh0PBjPhI3NsJg/Hzm/5d/tbv7b/YU3B976267/8yebH/uSN//QfV/3nP/3dV7+Y8ery7u7unp6evr6+e/fujY3p+fnCNuuZeefqaK6JzMRhWl0sbzEvUvpM1M9G8D1j1NPOjuY68/6i2rvKsvPIGtM/bVA3iQFmUnyX2c9Js/rhDBIO08ZamAmYPlERsdoigzMyMuJ0Ou/MGLITfVPUwgG8CdMEZsJNZmYmA/IjuazZVdf2Sz0P+af0/tW/qz41r6mRTgKhqcg7JJsJsRHf7+rTpfnn6VeySXYGcawttfiavPFS8aFmUeyvKTKnFMklzXkW/49eomYia09yZqXfFqmyOZN2YvhGkZ0ulYal9Zp3N/crRXZzvvSMcy/jmgl7AubUUrmad2OXOVd+Dp9kPl3kEi6ad9A6RgRmwkfm1kwIt+2t9b9eUhX73cNPfXXn//zTdx/7T7/9v//jqv/6Z7//jqmtrra3t7e/v394eFjfJBPRv1k/WLUu5o8FzktNBzbGrKsaFCczE7IpwuF0Xjl5ICJiEf1B5CyIeKPgipN2cFzZvXTl9lqHvXzbyoicq8oOKFdzTM+uKy8t37aazqqPWWDy/mmF4h3NdaWptFie37LtGdMBOz1IzMIIaZ7JgQO17WS9fPvKDbW0rwZmAqbDUE1S3LuFZeVlcnT+rxJmaBvXM4P8DNEeIOwh56y9jJmhPQBHwEy4yQzMRNESqaGfR3sGZsQEo7ny05j5G131mTW9Im3olzYrRXb1VeQlpNB+mAjS8f6+Xjn+Iz/Y0VwKjfus2cdaSc06i2ImpE7d9YGRsdGcrXKXy0XzPlpBybDfCLEJzMR3Av199EchM2emy5xnVxZPl1IzoXgqiopSUy35doP93ISZ8JE5NxPCqNt9d3Dg0rkznx0vrik+euFM6y3H9fv37rolRkdH9fWWAAAMSn9/v7ZZPWO0xwh7tBcwY8i7qj0GL8BMuIlOM1EfE0yiTM+YIROYibOmKP984GiuCc1EHs01QQN/HDNRezPIq2QzcVQUXvOfn2JOse4/Pf4uVTP5dLvfaC5N7anMRIFcl9962AMz4SPhYCYAAMCibVN/Xua/fisnJ49dby0rsOTm7LXapI1XD+7LIRwsaWbraI8R9rAnT2HehIIDe8kF5hVVMZvpm0AK6y7eUks+L8sr+5ypYcA3YZrATLiJLjOhvSWHMvOPh6a3RGYCMxHHusyph85cvmY/1UQMQd46mZmIHkdFkXlnaeOptvxcZVSVl3HMZH+axdZ240xVZfoOq9pnonGtkiwqYHWn2urKqqz+c0JUM2ncZ7HWXztzmXbpsCeQnE89ZDIz6Wr6tKqt//rFxqrKZP+hYuEPzISPwEwAAOGGX2u6s5U2w3P21pxTCm7Zy/Jy/cwkZ9/hms8dbRUHm2/daT9xsOHc9a47tw7vy2HraI8R9rAnT8zL9yZ0VBV9drnrzp2qgr0Opg55E27dcuzdZ2v2ukneAZgJYrDoMRPfbI19ypQJnkhPsyrTXerrzakatwF+wEz4CMwEABBusI3psrwc/z4Th+V4WxHbZ3K5qvKCsphz5KRa/HlZ3mV1xYCNcubcPz9cd8v3JjQr7nG9psB3gd43oe24RX4TTh7Ze+tOA8wEMVb0mAkhf3dRZlGIekvCittN2Y2+p28lpxxitgEtMBM+AjMBAIQbfq3pO10HLTmWQ8fklcP7qJP4mcnZkgbvYk6e6jC3cqx+Y8C0xwh72JNv/+wY+yZUHqIdKMdamC4T75tAfIy+CZ11ldRJYCaIwaLTTPily7zV1iNNXq87ZktWR16B8YCZ8BGYCQAg3PBrTd+hze2aYwelnoKOw3XX72jM5PMyn5lYK6WvtzpqDzd0qjUo2mOEPX5nf4d5Ezob8o7WtXdezsvNYeeU+MzEWll1aK+0BjNBDBaYCdAPzISPwEwAAOEG25huqGm79XlZx5nKokbHnVuOyxKHc/IuX3V42+XnDn8m9x58frCKjm/au6+gyu5rtMtojxH2MOd+rp1crPdNaChS58802HyT/JU3gYgJeROuym/T5ZpjLZfJG6VW0h6DF2Am3ARmAvQDM+EjMBMAQLihtqQVtM/mUvtMLufk0+dTeZ/NVXRHapqrFDX6XqI9RtjjO3UZ35twXX74mDy4qyo/R55tIj+bq8ZPydBnghgsMBOgH5gJH4GZAADCDb/W9J1xzEQH2mOEPdoLmJdvwjSBmXATmAnQD8yEj/BtJhGmhVeczoKNMRtqpc/Fvp4TsXKb/NnttYOi2NNeXlouh9QpcEovWWCKSNhCP6q9h666azfEf1DrvNluMkXI+1y6wFRudyh7EEXn4ZUxfyy4cvKA+WcL5RKTKd672yb5Jdt+udC0cKHyGfN9xSsXmHKONJGXmBYspSXMaZgWrCSnoVYg+5RfRV7ffpN+IL0pwvuh9QDwCz5pUQw0kxmDT1pEwj8wE6AfmAkf4dpMnKaVBcrC6mKiJuVvmNrlz271tC/6o6INMtueMdEvPQVLP74iSYyMsyDBJOmGeOCXJqncbXpmG/3q3YN5kfRCqSTi/TMiNRN/eegpNj1rbireoJgJ2cVd5Qi+1yoo+1QriJ6mRXSfZxanK593pJwnAFwzMjKibVbPGO0xwh7tBcwY8q5qj8ELMBNuAjMB+oGZ8BGuzUQ0RZjpl8Hyxdtpy36pydesN5mk/goFpymBOkzOUm27/0xKRJOkCetki7ies65K2UT2kHOT7DNGrSzv0/RCjlrio2qdaiYqaxb4HY5YkNRtwzBYvHS3gxx011VvCdnPTaYCAJxCmtFOp1PbuA4eshPjtsjxJkwTmAk3gZkA/cBM+AjfZiL2NZlMpoW/kXtO/GyEsRQ37UvxFsZsLKDjpko3RGyslTdveJbsw+SUO1sYwSCViaXUbozYcLjdeanpwMYYef+1peVOp6O99oA6AEzzQpGeCSHCcddX4uuNkZArLE2Rz9xtWhDjII2LS00RERGBhgMAAPMZmAk3gZkA/cBM+AjfZrLuh6YDtU2LF5pq++jqYqZ/Y5FqKT0H4r2WQmRDHrslUjd4RdpavPBn6wpSXln4sy101b5N7b4ge6CS4BmMWWQyLYpZs/uMybTG+2pK8WoTHd0l428mxDKaSg+YFjDq0nPglXxfl4lcYUtCxIYqeka121+hqrIoxlm8ptjPZwAAYL4DM+EmMBOgH5gJH+HZTK7nbPN+XOpiySLYeR2mRdJAL2lIlTzWi7DtJ74KMabFZA9Lyb8y9m2SWpyhw6skyB584kFpl+aE+HDmv1Iu97SIWjORcexeqvTLBIzsUtHMWsE8EwAA0AAz4SYwE6AfmAkf4dlMRKdpIR0E1WTdEPF76blZPQXqs7kKpEdv0Snm7FT4wVrTsxsK7I7y7SuX5jrkGfDmw+1O55WYBUp3yiveZ3Mpe+i54nQ6t/0mwjt2q3bD7mJlNJf86C0Z1UyqzItXbGi65Lxystg33Mv/NNQKZLdrimlHivRgLt8qAAAAFZgJN4GZAP3ATPgI12YilqfQQVCLfhg/6O27ML+8yGRauOhlpcPEmf/KNqW/RCFndcyiBaaFQrzyeCyPM0ZYSHayzurtD+kpJ+vqHsQGM9kas2JL+XX5Fc6YHy6SRl5FnJGGkCmoZtLTlPP7eFph4aKCdmXsmOY01Apkt3IJPQNmFQAAgArMhJvATIB+YCZ8hG8zAQAAwD0wE24CMwH6gZnwEZgJAAAAQwMz4SYwE6AfmAkfgZkAAAAwNDATbgIzAfqBmfARmAkAAABDAzPhJjAToB+YCR+BmQAAADA0MBNuAjMB+oGZ8BGYCQAAAEMDM+EmMBOgH5gJH4GZAAAAMDQwE24CMwH6gZnwEZgJAAAAQwMz4SYwE6AfmAkfgZkAAAAwNDATbgIzAfqBmfCRUJnJPQAAACB4tL9Oggdmwk1gJkA/MBM+EiozAQAAAOYEmAk3gZkA/cBM+AjMBAAAgKGBmXATmAnQD8yEj8BMAAAAGBqYCTeBmQD9wEz4CMwEAACAoYGZcBOYCdAPzISPwEwAAAAYGpgJN4GZAP3ATPgIzAQAAIChgZlwE5gJ0A/MhI/ATAAAABgamAk3gZkA/cBM+AjMBAAAgKGBmXCTIM3E0Zq6/dC0klWlfS3gDpgJH4GZAAAAMDQwE24SnJk051nMKRbz9sr+vt6JkpMi1UmxaF88OV318qvMqdb8Uz3arbNAdqolueiythQEA8yEj8BMAAAAGBqYCTcJ3ky2FjrHfCX5OxQPuTDsLRpzNucX6TCTjLIuebE5z2q75r81dJjz7NoiDhi+mFp0UVs4+8BM+AjMBAAAgKGBmXCToM1k/2m2wEkMxJp/PCPNkuzf4p+JmYhXqjIqZqnbpJdPM5EUUVs0+8BM+AjMBAAAgKGBmXCTGZlJT0UhMZAesaskUzt8ayZm4qwqyj9PF8hu92+1VJxq65fKk1Poct0xmzmz3iH125hTbBl59XWn2qw7LXUd9flVdCupJjeyyGtJSeOptuwPLSUOjzg63N/Xat7X2t/XS7emWOQjOsoK0y31pFpFfqHsV6TEnGpNz6OF6oWQ3TaeuthYVVvlkgvCDiInj7jnBGbCR2AmAAAADA3MhJvMyEzEc6XmNNuIeN9xrt6ccojZoMdMlHkmRBjy2+QyYia+UV3nK/ef9qjl5t3Not9Rusy5rfLSSKOthBrHRbZ7xJxSJH21q4WqmZhTCtVq+1PpDqmZeAvJMj2SZCaOEeUEwhVPf+PxKseotnjWgJnwEZgJAAAAQwMz4SYzM5Oxi97Z8O3mzHpmgx4zSc1rajzVduk27dCQIQaiLvfXFEm+QaHTXdIqRT+p6PJ5yOlSWrOv2Tc8jNa0Sl/HNZNStRo5Yr9iJkqhaibOlkpyUXWXfacXbvS3lCZvtWlLZxOYCR+BmQAAADA0MBNuErSZ0D6NCl+LXxy4nLGzaH+x0l8hKs167eCuqWHnmXhhzWSCPpOJzWSmfSZaM5F5cL0++fAjHTE1TYiWlHSoTyF4RMBM+AjMBAAAgKGBmXATPWZi3unXPaLBmqrzqcFTmMnYRdlGRGlgVWaVU5zCTDzmVNlGpNdmN0lL18wWZaiYaiaZko3IyF0rk5iJ34HCCM8j7i2RgZnwEZgJAAAAQwMz4SbBmcnw6VJ1NsgUSZVHT02bKc1EFB/0tCWn+j22eFIzEcXRnvQ0ejLp+2q91cSSfYdka1LNhDTr92dZSWHyh0Vyp8O4ZqLU2TkHAjA1wze0JY8EmAkfgZkAAAAwNDATbhKcmQDAAjPhIzATAAAAhgZmwk1gJkA/MBM+AjMBAABgaGAm3ARmAvQDM+EjMBMAAACGBmbCTWAmQD8wEz4CMwEAAGBoYCbcBGYC9AMz4SMwEwAAAIYGZsJNYCZAPzATPgIzAQAAYGhgJtwEZgL0AzPhIzATAAAAhgZmwk1gJkA/MBM+AjMBAABgaGAm3ARmAvQDM+EjMBMAAACGBmbCTWAmQD8wEz4CMwEAAGBoYCbcBGYC9AMz4SMwEwAAAIYGZsJNYCZAPzATPgIzAQAAYGhgJtwEZgL0AzPhIzATAAAAhgZmwk1gJkA/MBM+AjMBAABgaGAm3ARmAvQDM+EjMBMAAABTMjIy4nQ674QCsh+yN+0BZgDMhJvATIB+YCZ8BGYCAABgSrR6MWOGh4e1x9ALzISbwEyAfmAmfARmAgAAgWSkWLRFIaGrfrb2PJv09/drxSIUaA+jF5gJN4GZAP3ATPgIzAQAMA9pLCoyp1iStxdlF7dqt0lM5A8lmRbyQl8y67U1JifATAQ/4klJx5E0shS1Yn3e2SG12tDZLGFTte9lXuy7EpJqfKtl7ydERQpCZFS3W1r3uFr2rCV7i3szV6lRk5Tb6auvEi8I7H40hGoclwbtYfQCM+EmMBOgH5gJH4GZAADmHedK8zs82kJ/JjITGeoneXZtKYM5pVRbJBNgJipZcUJUSgtZ8EqFPe05QVoaihSiVudXB5pJ1orIwppcn1G0pqWdVRajhFjyb6IgrD4i6c3tvLXF0n51mYlWKe7cKftcWeiosx3cl5OTa7l6y69CgSUnZ2+era5DLSki1YoamCowE0QbmAnQD8yEj8BMAADzjmu1GcdusAWsLcjdIKQkPb/Jfr33zDFbRkWXr6qEn5ncazfvKK04f+NSfZX0Ws/IQK855Xh/Xy/Z6Kw5nplf39/Xk54qHWJCM3EJrxW6/Eo6s+JlM1FWA82E0smYicuWaO2WF4WIteTftGjFdoZOrM/qkDbM2Ez25uSVtTnKPr/Vdu46WVVlI+dQlVqn7bjFIS18XpYnL1yvLWgoy4OZIJMHZgL0AzPhIzATAMD84745xVLS5vONcc3EO0HbY07VdoCwZnLt2KE6b1V1P4F9Js15Foc4sZl0ZG0+5V/SmhYlRDHr0zATOjYsMiG9umXP6qQa2lUyVJMUJQgdLndcRKRSY8ZmQsTkc6bPJOdgpdQtcmuvrVmtU3UoR1k6c+yk9DUvt+BzmAkyVWAmQD8wEz4CMwEAzE8euK6lpioTRcY1E7Uk0CVYM9nPbFX0gzGTBz32kjw6p4VkEjNJFNjuEdLWtgsJuZ1+I86mYyZDkRGxiell65dFrrbSLpLu4vWxEZHVp2yRQqRL3tuMzeTW1dbKorycfQeV4VudJ+kwrdwCtk6JxWsmn5cRh5F7TmAmyJT5/9s7/58osnx//2+VmJBsQjIJySQkm5CYkExC/GEnm4y5ycfcZMx0Rvr2bZkMXhkud6cbqelGRHu3VegBAS9fHL7J2OrI4MDIAgooXnsUFLY+51RVV1dXI0J1i9TxefKKXfU+p6t615Xm2fOlMBPwD2aiRjATAPiIyVpe4bKFV6Vm0hhOOscWbjMRx+669fM0byZPQ2231syj211vN5OXmdrvrLlWJluzWn1r4dTm3WYy+KVmLVERpL+QqqN92uxcVztuLoIv20wshG8Iz1hdneu8Ya8kaZenNu4xE+EiMRepMacXZkK8wUzAP5iJGsFMAODj5eFAk8dMclOOmVhGIWdzRfvtwzxuM1nMdDuzuayrGdJMrpuvS6H4lPUTNhl9q5nMflfb/aRw2lqvFY+WWLzbTEa/0pyVKtbqea36zKR9qRfaiW756jGTrWVrLMVjJsvjo7OuVS8FmVhdHb0z9/vSas/tO7FEZnX1rmMaiVin0+dOT2GdyZzQF5Op64nY5SHxXofCDcoDM1EmmAn4BzNRI5gJAHxsbN672RiR06s6MvfXdsxSbk5WzqaSk2t5M7k+kUo1RWXxTfHbjZK9uca6UvLt0Yv21Qzjl0xaXH/FMCasJnGRO71vMxNNqy2cLMTduwi7bKFgJpoQDmdRSvE6k1Of1VQdk7sGZxbN4ZPlwegJIR1azWen7B5DpwtXPx5f0Ouj5rbJslMecZv6Y1pNk1w6b1GQiTzOOpPha516eywWb59aEGdzA12xObNu7c2VGsr3YzYX2UcwE/APZqJGMBMAgECxfvJq4TknhwPPMyGHE8wE/IOZqBHMBAAA9oZnwJPDCWYC/sFM1AhmAgAA78RrFWWTy+VX55QNZqJMMBPwD2aiRjATAAB4J5ubm5Wa0yWuI67mvUEZYCbKBDMB/2AmagQzAQCAQIOZKJOKmcn/xK8vPHrsrYLSYCZqBDMBAIBAg5kok4qZSSisX/ihz1sFpcFM1AhmAgAAgQYzUSYVMxPGTD5CMBM1gpkAAECgwUyUSblmMvdwKRSWzyoaGv7Z23YA7Is46Zj29oAjCGaiRjATAAAINJiJMinXTL6OJBydWHj0eOO5vw3gXo2Nz4j0JS5eMQ9+Xff2gCMIZqJGMBMAAAg0mIkyKctMLCH57++vPVp8cu67lHXq7XQQFjPdE94aHF0wEzWCmQAAQKDBTJSJHzN5/frN9vaOkTcT9zwuURetha4HxGMmjWF9eOZBOp7smLaHYpq+TWV/f9rVKu7bLc+ne69cSzUnRsbGb4Ui15u/TY2NzwxfS4cuzIjGrrN63/hM9t6DK3GzM1QazESNYCYAABBoMBNlcmAzmZ37p7CRxmiys3vIKJaT5//3h6iL01hHxvu2/VFkJjsPGnUpGIaxFjp3c96pC9ZvtViDM9O9jZceWLU2oTG2v2yHwmnx0lzeAA68E8xEjWAmAAAQaDATZXIwM1ld2xDicb7tH80tcu5WU7MciwiZ+wVvbb0RB6IuWsVBpOmi9837wG0mG0P29DAz3T1Lsjh29XpjxC7K8+leqy7oaSl4iD2isjoje36bWnvttEAlwUzUCGYCAADvhGfAk0PIwcwk0z9pKcGL3MueH8etY8tMbgzeFgeiLioTU7O2ORwQj5lc+eXpxjMrzzd3DGN9JvRNel6cPp+K7cdMxL+ipQd9qVQowmyu9wJmokYwEwAAeCdevSibXM7ftkm7gJkok4OZSeSbiy1tcqKUYcqJ20x+uHjDbSPlm4mx8yDUMuJqNG536RNyeYuxZg6nyKN3mYnFYg8L698LmIkawUwAAGBvNjY2vGJRCby38QtmokwOZia3f54LmatKen6ccKZUWZXsvQVxIOri2Gk6KJ4V8G9WZuTcrUiya2zJ/L3pdXNUnv7yPDccf7eZDCTs+WCxa/edJqggmIkawUwAAPZP9lIya/7/pBahyPXCiYvmTP4XFJOt8TM1DdH19dnaY5p2wv7/T1s/q9KqquIL7o4STavOLi5//olW/eWgPF9IVP+lNZNdbv1L9eALWajTak4lM5kfZYrfalNfpZ2Wy4GN0a+qtar69fX103/WRuW8FsMYOl16R0Ne037LrniVokJ4b+MXzESZHMxMjPySdyt9A0UPRHQ3/XDxhrsJlAQzUSOYCQDAAcj2J7Pb+ZN5azvQEuY9ZiJ+ebZf/v65ptXJo+W09ufo5NUST3iZqf2vWXlwv7lWqxavmX/TZq0bbs9WhycNaRF13ne52V6o+z5uaUaDpn3+d/PWTxInr27JgwqZSeauffD7dOaSHou1Jx67m5fu6+2ymBqS/e6PZWLi7IdLmenf3b28t/ELZqJMDmwmgpk7D3/O/ja/sOJtMAxRF61zDz3/GkFNMBM1gpkAAByIUKTXOnDGT1q6RsbmVn4d6W269sh4ndt4NtV0dW7j2VP3u2xunNK0+sJpiScsfF9nDpRIBr/Ulk1ncFqt92rHTo86JQ/SZ4T5DFqaEf1Es2TmxY1TrabvlN7RYv9m0h5LZGYWM3cfz9yRmhG7PLxo1mOXhtzdLEZTMdfZRLrdfYqZEG/8mAmABWaiRjATAIADkT6nWz80Q+Gkpym/RDZbMmZiox2rjz90nZd4grARp2BZij3GYmJZyuSPmdHs8ux4usolLRba8dYFOcBim4lgfeyMJkdOlu3zkjta7N9MLsVi+pX+/JjJ3dSYXU/EEk4fm0ejqfZ256z/cnuss9/VjJkQbzAT8A9mokYwEwCAA7GY6R6Waza2Q98OWJWeRCryjXyk295msnz15Okhe1qXTYknzP5XjVOY/M9qcVzjMpNq17EhO9d2r7vOp6KttvbYZrJ89VTNsapB6TBV69aUsJI7WuzfTB7/NtWfSsQudP4m52/d2cNMpJekRq1jOZvrUv+U+R4H7238gpkoE8wE/IOZqBHMBADggKyF4lO56d60+Rzogb/pa/mGPcxk/cbp0zfcGmFS6glT0XxltvlTOSQSrXbN5qqOOseSgopItGKEaWifNltzuGTr8bh8Kb2jyf7NxCJzV6hIanV1LtF336ro8rTAnUxiYsFdEDwuntyFmRBvMBPwD2aiRjATAICD0ubahnT+2sXYwPzKs6fJc86YydPQ2esbzx45/V8Mna79qtvaTUvEXIpu4vIETWuwBkCcvbnsXbyedDt7c3U/EecLJ79LZMZnZ8fTmrlE3hg+LTykWHrsMZOGY1pV3Zn19fXEV7X2cM3QaWdfr8zYwuhXWkOXfKswk4Zv7fq6JTn5PcSMYjPpvNAekyMg7VOmeFyKtV8eurs405+6tShEZaArNre6ejeTGM7OWSw+Xu0ZnnksXGXocnusMLlrFTMhJcFMwD+YiRrBTAAADsrYBWEmKftkZ00+5CCsJ8dXnEexJVuSoUhhFcrgl0WjGYVBi4KZLGsNCcsulm/IlSH1X2eW8wZz5rPqKmEhn50xz7bqP5WnWlV1ZtHssZCoP+ZZcJJfZ7I8GD0hpEOr+eyU3TIkNcbmeHxBr49OybLslGfQMMQFa5rk0nkLt05YvGVvLttMUtJdbETPVKeUmfbOVP/kb65rYCbEG8wE/IOZqBHMBADgwzMVtbcGPpLwpEVyOMFMwD+YiRrBTAAAYG82Nze9VlEJvLfxC2aiTDAT8A9mokYwEwAAeCdCTtbW1rxu4QtxHXE17w3KADNRJpgJ+AczUSOYCQAABBrMRJlgJuAfzESNYCYAABBoMBNlgpmAfzATNYKZAABAoMFMlAlmAv7BTNQIZgIAAIEGM1EmmAn4BzNRI5gJAAAEGsxEmWAm4B/MRI1gJgAAEGgwE2WCmYB/MBM1gpkAAECgwUyUCWYC/sFM1AhmAgAAgQYzUSaYCfgHM1EjmAkAAAQazESZYCbgH8xEjWAmAAAQaDATZYKZgH8wEzWCmQAAQKDBTJQJZgL+wUzUCGYCAFAJss2ZJfHSFk0m77zyNlYM+y7gBjNRJpgJ+AczUSOYCQDA3oTCupWmvw142wrkzSSixyYraCbbXX/rtu7ednXqvZrJ+lRc07SqP5/01AebGmr/pGl/ql3ftitbs+kqTas9EXX6tJ6oFe9N/PzCOo0f15wmN4NfagveWgXATJQJZgL+wUzUCGYCALA3oZaR/OF2Y1h3N7l4L84ghORNUeG93EXQfULT/po2D9e1L6wDk6lo8337sFarFn9m/k1ISbM8356tDk+K19nvatOmkqS/0LSGhIGZEL/BTMA/mIkawUwAAPbGZSaGca+/Y1qOHawNpdquZVfmpvKttjM0h/WOaWNtIDXwzCw/m2gxZabrrD48t3L7WroxnBSni5nunkQy0jYwNj6fPlewnVC03zk2pnuT2fw4hU228WxSXGfj2UpTRLd+drfEb/bdezQ/czN0YcbqE+sZ6chM3V58tdjXHYp0b+5s932f/GXHbFyfaPz+5saTeVHvWSxcPNtUrX1yRh69GKz9btapL3xf57iE8Iplw6jTtNNDdkXT6kX5tJb3kIV4nXmMmRB/wUzAP5iJGsFMAAD2pshMntySBvJyJhaxdcISD4+ZSCEZeipON4ZSoXDKkMpx3ey2nb2UnDfNpFGfyZkloTFjL62LzTdeemAdGWYfW28KZB11Ea0TRU1GKNxrvmZD4W6r0tOiN142L7g40nVPvLwau6AvmorS16bnTcbkxeDpT7TE/fXTf9YWXDa0dfVk4ol9HP1EekWNVtf60K5Ua3XGy/RJx0zWuxswE1JGMBPwD2aiRjATAIC9KTKTpRFhIMIKnMUnoV3NRHqCFBLhLbGfXpm2UOjfs+TxilehtluOtDjsaiaF2VzTvT3m4XAq1fRt0ryybSZOn/lrF0OR7jeiz4Vkdsf88K6Pke9vspw+VaMlhiZrq7TR9ULZMNeQVB2T60/SX2hbmAl5n8FMwD+YiRrBTAAA9sZtJsNxXf6KP93rjEvk8ZqJ0IxFYy0/BrIU0l0DFCUjHnJCl7ymlJkCzyYaE9miSomZZC+bymFSaibG+kRbxPU5d7Id+aEeD3VajbOeRLhHUVsea51JVOjI97ZfaNVRqSMnbA/ZuiokpcHATIjfYCbgH8xEjWAmAAB74zKTnD1CYs7msuZi5fGaiXGvvy9rzaGShNyGUGImawOpnkTx9CrJdshclOLCayYTCf1X+3xtFzORtuNazm7O5poo/twW9Vr1mXH72LILL9sLWr1c3T4ZrvasgF9PNuy9An79/qh14DWT9dkt96lfMBNlgpmAfzATNYKZAADsjTP9qTnhmtZlbHe0yjlUzfGb5mmJmZhvdHobr1eaovIijedTmyVmIid0Rfud0Y8CO89bzlsztfS2/31UaiZClqzLxjJzzSVm0nU+GYnfHBufGRufCkVsRelLpET/SGv6yrRcCWOzvTzY1CB3Da6pN3cHXk7Ua9asLs2koSlT6Lw8WKVp1Z+ZK+ZN4l/IXYPjU/Y8MGEmDqeHjNOf2JcSZuJQ9/3C6FfV6fwilnLATJRJBczkTS5XvJ8dfCxgJmoEMwEAOAI8speqV5TQtwP5ERVnpf7+cK8eOfJgJsqkXDNJt+pN8XRTRE/P7jY0CEqDmagRzAQA4MOy8uxps3duWGVoDCfbMg82nj39daS/ZMmKOmAmyqQMM9l5Hgrrv+T/Gf1yLRVqtUYz4WMBM1EjmAkAAAQazESZ+DWT5/e7zuttmTl3re2s3nXnubsCaoOZqBHMBAAAAg1mokz8mMlE18VI/Nb8a29dMD+QDp3rnVj1PK90HyyOhL5JJTNTYwM3G88NeFthT3LT/d7SoYCZqBHMBAAAAg1mokz8mMlG7nUo3Ot57KjFREJffJ3b2DywmfS06IveWvGDjWBPus4dZFlbhcBM1AhmAgAAgQYzUSZ+zMQwH+XzVjPx1vaF/dwih2f3ky32HnlWITd7qzGih852bziPE4r2yyGasN4yJPe8m0jJLfCau2ZWdhvMUZ/cg0iq8nt67A1mokYwEwAACDSYiTIp10zMHbLN3JE7Z/s2E8PYbopID+kamc9Xlpwxk2RUD8WnrOPGvKuIzs6jgtaGUulFc6Am2+90+OjIPTjkkRPMRI1gJgAAEGgwE2VSrpnIJ/V8e1HEsogyzMQwXj/9deSmlJOsJRwFM2mUDy2yZ4j1tOgb5oH76UUDf7OLQk06PlozMbY3xq4PLB7emBFmokYwEwAACDSYiTIp30ysp43aa0LKMpM8EVstCmYSCnebTzmViFtY23GLol0yjK6ovvHsqROn/jGx3Xg23XO4T5XBTNQIZgIAAIEGM1EmR9FMQuGk+foqdN42k66zeuhv9sIW12yugpmsDaU6pg/1l/IjhtQSb+39g5moEcwEAAACDWaiTI6KmXREkj0jcr3KlXh344UZqygUZf7Zo025K25vJKL3jT8Yzlx3D6QU3r+zFArrw+Mzw5mBtlZLbD4iNiavH/JoiQVmokYwEwAACDSYiTLxbSZytfqu8WcmEEQwEzWCmQAAQKDBTJSJTzMBMDATVYKZAABAoMFMlAlmAv7BTNQIZgIAAIEGM1EmmAn4BzNRI5gJAAAEGsxEmWAm4B/MRI1gJgBwNBHfLORjiPcv/uBgJsoEMwH/YCZqBDMBAIBAg5koE8wE/IOZqBHMBAAAAg1mokwwE/APZqJGMBMAAAg0mIkywUzAP5iJGsFMAAAg0GAmygQzAf9gJmoEMwEAgECDmSgTzAT8g5moEcwEAAACDWaiTDAT8A9mokYwEwAACDSYiTLBTMA/mIkawUwAACDQYCbKBDMB/2AmagQzAQCAQIOZKBPMBPyDmagRzAQAAAINZqJMMBPwD2aiRjATAAAINJiJMsFMwD+YiRrBTAAAINBgJsoEMwH/YCZqBDMBAIBAg5koE8wE/IOZqBHMBAAAAg1mokwwE/APZqJGMBMAAAg0mIkywUzAP5iJGsFMAABAsLm5uba2tvr+EXcR9/LevgwwE2WCmYB/MBM1gpkAAEAul/MKxHtG3NH7IfyCmSgTzAT8g5moEcwEAAC83nAoeD+EXzATZYKZgH8wEzWCmQDAkSQbCuul6Zj29vNHR1if8NaM+HGtlEGrbWt5MhmtOiYKVae+t2s22+v1NVWy4c8NL4oaikj8e73oU3simp4t6rX8Y6u87LGq1h+Xt4rrJz+rEW+p+eyku16naQuu010R7/KW3oVXGg4F74fwC2aiTDAT8A9mokYwEwA4ktyPfHvRihAS57gr6+3nj13NpPuvNTWfumL6hmUhNdJJtGpZr5ZFl1zE66VXiP6id/VfugsNbh7GpWN8Kk1D9HI1vLDc4+Rn8rLVXzrOI+visme+PiMv+2XhhphJKZiJMsFMwD+YiRrBTADgiCPMZNFbeyuNYd1b2o1dzcRDa60c5LCOt9zDFk8SmnZqcDt/fOyk09JwTMu8dM4KiAs5arHe1aD9W8Y83Ep/oZ0esutbV086RuGuG+bbtX+3peXwzGQsNVpc+CmTigkuJDqvDRe3OCzduXEp5n2fpD8ZS415i94P4RfMRJlgJuAfzESNYCYAcMTZ1Ux6EqnIWTm/q+3qjFNs+bYw76tnySxtLrWcTzZG9FAk2TW+4vTch5msa1r1mXFvVbLe7ZjJ6FfayasFa1nW66v/c9I5zTOqaQV7Eb2cYRP329eTDY5ReC4rh1Pylz0EM7mbScQSqcw/hIAMdV5ot4qPx1KdffetQ9EhNfbY9Q7J79M9sQuX+n8eLjWTx9nM5Z5rmAl5ZzAT8A9mokYwEwA44pSaydrYdakf0aQ112tg0Rq/MJJdveJU/Cly+5mspM9JJ4mcTzV/kwy5hlPebSb3m7Xa1llvVTL4ZXX1l4OWNyTqteiUq23otHaie91VkCwmtOqou1Awh6mo9oktLSc/0bRj9e56etk8Xk6LeiKvI4dgJpdjsdlV75jJ3EDnten8ibCUgTlXo+Tx7Wt3lsTraKmZXPshNpvNYCbkncFMwD+YiRrBTADgiFNiJk/djmEYOXHadO2RdVLcVERPS34gZR9m0qBpk7bv5BHWYdJ8o6AG8eNa3C0KC3HteFHBKboLbnNYvnHGuuxksdCIep1c56JVNbS664dgJtcuxAbuL5XM5noci8VG7y5mLrXHYu3eEZMCXjP5fSyVGvt9Vf7pLku8H8IvmIkywUzAP5iJGsFMAOCI4zWTl1OhcNpdaAzroZYR63gPM5lIHMBMdvnlfiwql8X/SS5Mz+ZXjZRvJvG/1mhVcvl73dcZ9+Zcsq5p8nZalbt+CGYiXEJIiK63Dxf7x2/j1+Q6kx9Sw/fl4Mhb8JrJ5fbY4qocZsFMyDuDmYB/MBM1gpkAwBHHaybTvY6HWHTIhSW91rHHTJoictJXc7w3efVWx7f7NZPZ72qrw6XLRRzkxlkNXXKMo6zZXNuzzbXa6SHbcmbb5LbC1vwxd90wtuTQSa09cnIIZmIzluq8qMdiCfv0bn8seU28/jbZ0xmP9d91d3VTZCZ3+xKZrOk3mAnZR8oyE2eRmZWeH3ddJgbKgpmoEcwEAI44XjPZmdnnmMlKX3coXvCGK/s2E821ldauSFUwd/jdunrS7TDpL4pWrufZKtop+GXaXhBvTg8r1OUKFntLrtK6UzlMMxGGkUnEfjLP0u0xl4zcjSUyhbMiCmYiV9KX4O7q/RB+wUyUiU8zeZF7ef6//yH+8d8avy9O/7m01p36X3Eq6t6uoC6YiRrBTADgiOM1E+NV8cDIW9eZLGa6Q4nCA1CanA279jaT7dniR46Usu6MmRgvM/53DR6WZuIaYJltrdWa5S9Wsr974MXcv7jGOn6bmWRdD3Dc1Uy2nmRLncnBLQyL1iQu00wuxWLWUvdr+oHNZO5WT+rvKTtdut4lD9xdvR/CL5iJMvFpJuKf/dDwz95qyRAqqA1mokYwEwA44pSYiZGblntwOXtz9eT35hI0R/TQ2VRbV7rrjmHsLInWSGs6mUiJg+HUxf2YSfy4dvKqZ8hkUI5ZaPJxitbjF7sfFtoSn1U5T1rU6gvrSbT81CzJw4R0C/tJiy5tMOt1J06dOlEnG/L7dFl1rar6zNdnqqtk3d6nyzSTosdB/tV8tmPx8It1Lyefd8k3ywt+Ner08eAWhszfO63xjXa9c+a3/FqThVFRGBoe7rkkR0JGF2Ttfp849iyU964zsWE2F9lH/JhJ83epR//c/X9Moi5aNzdfexveyeJI6JtUMjM1NnCz8dyAtxX2JDfd7y0dCpiJGsFMAADeA8vOUxoDgVcaVr27Br8PvB/CL5iJMvFjJtbAyOI/Vy/80OcUh4Z/tkZRROuvc/906vtkOK5P5LzF98faQMpbCjS5B5HUA2/x/YOZqBHMBACg8mwPag0Jb/EI45WGQ8H7IfyCmSgTn2ZirSpxz90SluLU47o5e/IgCDPJ7nhqWWduaEdYb87I8deOcHJ+xBzAjSR/sUxmujcU7R82R2k7BuacN/eZlaYLI788t0Z4s133jDe/3xLFjXn5p+fzB54PISfiZwpmokAwEwAA8ErDoeD9EH7BTJSJHzPpG5i2PKTUTErr+2Zb7usX1rtG5vOVXc2kIDCN1l3Mmab2Gy4n+8z1YtlLyWHLW3YedJ3V18xaKJzsmLbHZTr8fMIjT+5B17kP9p8LMwluMBMAABBsbm6ura157eE9IO4i7uW9fRlgJsrEj5kIpm7/uquZlNYPwOunv47clHKStfxhdzNxul/5Vt8wLDNJ2qWHAy1DT8VrV7RoX46BZ4a82oUZ5x+BmmZibG+MXR9YPPgin0qAmQQ3mAkAAAQazESZ+DQTwdbWG8/2XNl7chc7/2aSJ2K//R1mMqGbO3VIMzF3pTDkBudWtxb3B5ju7bonXrJWk4WKZrLdeDbdM3uIi3WKwUyCG8wEAAACDWaiTPybydso30zaSsykeTczcY2Z5It7jpmobSYbk70fUEsMzCTIwUwAACDQYCbKpFwzmXsodwr/7n+uOhVx+h9Nna4u+6IjkuwZmRkbn7kS7268MGMVxaXGZh70dXVHIgUzCZ27nr33YDhzPXS2X3aSZnKxSR/J3psqKEouGzqbys7Nx87poYg1olJkJmMX9OTI/MoTZ01LsNmYvP5htcTATIIczAQAAAINZqJMyjUTZ8m7O7d/LuyRVVl2Getwz+aCDwdmEtxgJgAAEGgwE2VSrpkMDf/sdpLw2c6FR4+9nSoHZnJkwUyCG8wEAAACDWaiTMo1k0MGMzmyYCbBDWYCAACBBjNRJgEzEziyYCbBDWYCAACBBjNRJpgJVAbMJLjBTAAAINBgJsoEM4HKgJkEN5gJAAAEGsxEmWAmUBkwk+AGMwEAgECDmSgTzAQqA2YS3GAmAAAQaDATZYKZQGXATIIbzAQAAN7JaqXJ5Sr2kGjMRJlgJlAZMJPgBjMBAIC92dzc9IpFJfDexi+YiTLBTKAyYCbBDWYCAMrQUvrcs/eNfK6a/bzprpF5b+s+0IqoE5V0U4M4qq47GZ9at/qMftdQ+ydN+1Pdi6K3Gsb6aNUxrer4qcTPdkvm6/rqKk2rql7eMs+31ye/PymuVvtF3H7L0On4gn3opk7TTg95iw5ra2teq6gE3tv4BTNRJpgJVAbMJLjBTABAFR41X+5PZre95coxHC8xn+nenqX88epUqGXE3XggWmu16vCkOLCcQmhHokGTajLbevKqLR6a1mA3WqfHTpqvL9JfmD2notGf7aZqrUb8KRTn87+b732SOHnVvLAvM/Eqxepq5q59MDuc7rwQi8X13x4XdVj6uT/hdDJJiW6pUXfFexu/YCbKBDOByoCZBDeYCQAoQrY/Pb8WujBjny6N9DzZbo7qjS39E6vba5P9obCenFyzW1dnGiN66GyqY2DOenNzxjaMxUz3hFlJ3nm9Mi7f1ZwwC89mrLERp6fEbSaG0ZgftHEUpTmsd0ybR+YdG1t6+2Z3X19RrdW2zhZVBr/UhEQs6/WDeds6pWmu9mXty0H78Map7vUi66gze7p8Y7BeX5avZZuJrSKxWOf1n8RpeyyRmVlc+nVC77nj6rXU3t5ZbCa/JxIJzITsHcwEKgNmEtxgJgCgBrGItILChK6lkVB8Sh6s3xLFRbOWjFqtr0LnBqxeucnraTkJaxczCUX7szvuitHTsueYidnBulGJmbzKV9b62vRdfubOtp4ZLyrE/1KtffK5OEh/UbCR7hMuM3mZPnUjf7zebXmFplXVNw1Ofv/56SE5VPJi6HS1ps2ub9Ueq7J7lm0mMVM4HOmIdfbPytfH7ekJVy+J20wS8Ut3M5gJeUcwE6gMmElwg5kAgBI8CrXdEi+bY+krD83C0og9WGFkO/K6YqtFoUmehBLZXc2kMDaS1w//ZiI0Kb8cRcTyHDcN7sGQ7a319eX4v9dVaVInDmImL6qO1TQ0ZU4dr/o8Kcdflq+eqjlWNTieFpdatwZeyjaTx79N9acSsQud9vSthZ/kNK34JXcfC8dMhJMsmn9iJmTvYCZQGTCT4AYzAQAVeDjg/N7feOmBrHwIM+kwx22M3cwkNvJ045mdN4V32GjVZ7wlw1hoq+tet+d0WcSPu2dzDdZ9n29ZiJ8eNl5cPRm3rEzODZM9a7Vqa/Bka7a19jtzrljZZmKR6svELg6Ig8729kuZqdGeS6mx3z19HDNpT2RWMROyj2AmUBkwk+AGMwGAwPNyxprKZdEY1mM/vdrLTNyzucbS5myu+5GUteDEuHLOGtM4sJnkZgdCLXLcRhD61rr+dsiZzXW21+5Xwux3td1PvEXB7H/VytUjcvH6vlbAj35lroM3iX4qzUQIz6S9RuWFdqJbvnrMZGvZGkvxmMny+Oisc61iMxm9M/f70mrP7Tsx6Rt3U2N2PRHrdHeTlbyZzJlMXU/ELg+J9zoUblAemIkywUygMmAmwQ1mAgBBp69NLyx8N4zNn66Hwhf3NBPDeD5XvALemOhKySGX6MXcvf63mYmRmxN9WoZW7LrZZI/VRJI9M4W6teC+6cJIVzS/At66YyQZaU073Sw0rbZw8nKhrqZK07Saz07Fh8w16+KjfH/S3DW41rIITQiHtSjlRVbuGvznwv7Cpz6rERWtqjqzaO7EtTwYPVFnXc3qIMyksEfx8fiCXh81F+PITnkGDaP+mFbTJDcKsyjIRB5nCcnwtU69PRaLt08tiLO5ga7YXL6PZ28uxkzIO4OZQGXATIIbzAQAIFiUbOL13il9nkmxdPjEexu/YCbKBDOByoCZBDeYCQAA7A3PgCeHE8wEKgNmEtxgJgAA8E68VlE2udzuz3XxAWaiTDATqAyYSXCDmQAAQKDBTJQJZgKVATMJbjATAAAINJiJMsFMoDJgJsENZgIAAIEGM1EmmAlUBswkuMFMAAAg0GAmygQzgcqAmQQ3mAkAAAQazESZYCZQGTCT4AYzAQCAQIOZKBPMBCoDZhLcYCYAABBoMBNlgplAZcBMghvMBAAAAg1mokwwE6gMmElwg5kAAECgwUyUCWYClQEzCW4wEwAACDSYiTLBTKAyYCbBDWYCAACBBjNRJpU1k+2miB776ZW3DB8BmElwg5kAAECgwUyUScXM5Pa1dCiSfGNkmzNL3rb9sDQSCustA2vuWlNY75h2F95KKNzrLb2drrP6hrcG5YKZBDeYCQAABBrMRJmUbyavf5251fW3i8Irfnm+bZRhJo1RPdR2y10LRd6LmaTP64r9Fpab7veWDh3MJLjBTAAAINBgJsrEh5k8EBLiSmrluXv6VjaSuPXL6rarsj+WRjrGZmIR3Sls/nS9LztSKTPJXk4uemtK0XWu8F/dBwEzCW4wEwAACDSYiTLxYSbZYjPxKIHZenaguLgPlkwJudefzJpWs36rJawb072WmQhLaWzp/fXJSuwbfeKlrCxmunsSySsDM9ln8tT6GB1n9fnX5tVy2dA36ey9+5GI3pjIGjuvrpzXf3n2dOPZU9HY02L9Er8kDhoj3WPjM8lzenrerO08CLX0i27z472NiSmzFBiEnERSD7zVwwIzCW4wEwAACDSYiTLxYSbvbcxESsijkBAJw1gbSIWi/YoJvs0AAAfUSURBVI6ZFMj2J+/IV2EmoZYRpyzN5PlMqMU2ouzl5EROHsjrhC8apo04YyZuM0kvmh81NxW5KtVkcyxtK4qcS/aOcZgjR+7BBxw5wUyCG8wEAAACDWaiTHyYiUT8Tm+Zycrr17+OjyQrsc7EkhA5VCLXvl+UhuCYyfO5vlS6MSLvaFWEmUwU3izMRH4A57SlyJ1k/W1mkq8tWUa0MZTqyX98qUaBYmOyt/Fs2ls9LDCT4AYzAQCAQIOZKBOfZtKRHzBxKtbeXLmyzaSvTV8ztkPnbsqhi7yZNAknOd+/8uzpxtzNt5iJ/kumu8caADHNZMOcu2XF2LeZGC/vh1oG3uy8Wrs30Nzn6z/IB2NbaEnPrDlU9CHATIIbzAQAAAINZqJMfJpJ+nxhOMJFGc8zyZuJ8XKm6fzFvnXz2DaTldD5EcsrspeTbzETOfMqFtWtX8xFN8dSLIbj+zMT41WjPpMvBgipJd7a4YKZBDfip3nuD8wEAACCivgWw0zUiE8zMe71N5pmMiFncFUCx0wMo9ERnvyYye2rqUhED0WSK6/n9zAT8Qt6KHzxykP5kcZSKfHxGr/pbkmZC9l31qzJYCvvMJNtZw5YY2t/vvXIk3vkrRw6mElwY5rJ1r/+5f07BQAAOPqI7y/xLYaZqBG/ZmLMdZ01f4M/d9PbEmQWh9Idmamx8RmRlm/07I63A7wNzCTIkWayvc3/3AEAIHiI7y/xLSa+y0q+3Ujw4ttM1MTayMtisad72NyhGPYDZhLoWEtN3rxBTgAAIEiIby4WmagUzKSY53ORqDkWFE32/fLc2wpvBzMJdMTP9D9ebuX+2Hq1+ZppXQAAcPQR31biO8ucx8VULnWCmUBlwEyCHlNO5FL4F7nN/3vxihBCCDnKEd9W1sJ3tESlYCZQGTATNWL9iLfGTwghhJCjmfy3FU6iWjATqAyYCSGEEEIIKSeYCVQGzIQQQgghhJQTzAQqA2ZCCCGEEELKCWYClQEzIYQQQggh5QQzgcqAmRBCCCGEkHKCmUBlwEwIIYQQQkg5wUygMmAmhBBCCCGknGAmUBkwE0IIIYQQUk4wE6gMmAkhhBBCCCknmAlUBsyEEEIIIYSUE8wEKgNmQgghhBBCyglmApUBMyGEEEIIIeUEM4HKgJkQQgghhJBygplAZcBMCCGEEEJIOcFMoDJgJoQQQgghpJxgJlAZMBNCCCGEEFJOMBOoDJgJIYQQQggpJ5gJVAbMhBBCCCGElBPMBCoDZkIIIYQQQsoJZgKVATNRI3+8fG1mK/cHIYQQckST/7Z6XfpFRgIdzAQqA2YS9Lid5EVukxBCCDmyyf2xafqJrSilX2okoMFMoDJgJoGO4ySvNl//61/ev1wAAICjhvi2Et9Zjp+UfrWRIAYzgcqAmQQ64mf6i9zmmzc73r9XAACAI4z45hLfX5iJMsFMoDJgJoHOHy/laIn3LxUAAODII76/xLdY6VcbCWIwE6gMmElw88dLORrOJC4AAAgi4vvLWhNf+gVHAhfMBCoDZhLcWGbi/RsFAAAICJiJMsFMoDJgJsGNtcjE+zcKAAAQEFhqokz8mMlipjsU1q30LNrFpohdac4sFfWGjwPMJLjBTAAAINBgJsqkPDOJJJ1ibroXM/mYwUyCG8wEAAACDWaiTMozk3DBTDYmK2Em8zfd14QAgZkEN5gJAAAEGsxEmfgxk5W+7uR0zjC2G2052ba0pGPyeW66t7lvxfuGfbLzIBnVN4ZSYy+9LXD0wUyCG8wEAAACDWaiTPyYibHzynq1hCTWdT2vKJJNv89q2/zpeiicMl7OtAw9tUvTvVnjdVNUtys7a+I4FE2u5J+7MD9ys9Fc39Jy9b5dgg8EZhLcYCYAABBoMBNl4stMXMxfs2d2vfG2HJgWITk/SedpDF+0S9O9obO9TodQuNs6aMz3dOhr0/2O1EBlwEyCG8wEAAACDWaiTHyZyXsZM3mUX7sik7UuMt3bU1i08sDdIZTIitLK+M3IWbuS3yQMPgyYSXCDmQAAQKDBTJSJHzN5L+tMsv0dN2bGxs3cuN4xvS2LHjO5MLXx7Kmd3GvDWAtFktnf5emwjpl8YDCT4AYzAQCAQIOZKBM/ZvI+9uaKRXT3aSic6lv3mInh3bbrTm9s0hQYw2iJYCYfGMwkuMFMAAAg0GAmyqQsMymWkO3divtFrn130RLWWwbWPGbS06o3JUbGxmfaWpPJacN4mQ2dTW88mb890N90LomZfFgwk+AGMwEAgECDmSiTsswkxDPgIQ9mEtxgJgAAEGgwE2Xix0wASsFMghvMBAAAAg1mokwwE6gMmElwg5kAAECgwUyUCWYClQEzCW4wEwAACDSYiTLBTKAyYCbBDWYCAACBBjNRJpgJVAbMJLjBTAAAINBgJsoEM4HKgJkEN5gJAAAEGsxEmWAmUBkwk+AGMwEAgECDmSgTzAQqA2YS3GAmAAAQaDATZYKZQGXATIIbzAQAAAINZqJMMBOoDJhJcIOZAABAoMFMlAlmApUBMwlujoKZDH6paVqdt3pkyPyYtQ7Eh4wvFLcBAMCHBjNRJpgJVAbMJLipqJm8yH5XLySj5tOamk+rNXl0yttlNypoJvHjWv3/O3Pm6zP1n9ZUHdO0YzVb3i4eJk8PeUsexEXsA8wEAODogZkok/8P57kyaYhbnZYAAAAASUVORK5CYII=" alt="Screenshot" width="100%" ></p>
<p><img src="data:image/png;base64,iVBORw0KGgoAAAANSUhEUgAABDMAAAIGCAIAAADGMlPIAABLqElEQVR4Xu3d+19b54Hv+/0fdP90fp+k3budzq2dTqd7zpmzzzCTNjPTpOE4zWSSdCadjNMkO5dX00zank4z3TvJjjqDrAHcQJEd4viCimqMrQbbQCEYDwQCNlaiYrCxwRCCba62zEVIrPOstaRHS0uAYa0HhMXn83o3EUvi4lujr5ck/tNdPx9wY2o+cXMhMbu4FEtoiSVtaUmj7dno+C37ISIiIiKitSXuTP6n7LGxdvcGR1gmZMYyISIiIiLH6cvkN+MLQu9E2nlD38RC/6QQuzC5MDAVuzwTuzwdG5qJDd+IfXxzcSy6ePVWfGIufsOYJfPxpUV9mbBLtm8sEyIiIiJynL5MLk3HTPr2MOaHMDgjRsii2CFXZmIjNxaHbyyKNTIaXfzEGCTXbsXHZ+OTc4np+fitWELMklhiKb6ksUu2cywTIiIiInKcvkwm5vRTHyYxNgzxqfnElPhn6oJYIDPziRsLupsLiWgscWtxaXZxaW4xITbJYkJjlhDLhIiIiIgcpy+Tm7ElQyIptT1Mt8x/GjtEnyJxsUb0x24tJJYWjEdwGbNkKbG0xCO5tnksEyIiIiJynL5MzHUhxdL0x2iZp0QMS6b4kj5FjDWiP7FE7BE2CWksEyIiIiJykb5MkutidcaLblkR2WKZEBEREZHj9GXC6iAlsUyIiIiIyHH6MrEfI3IUy4SIiIiIHMcyIWWxTGg7NDW/NHor8XFUAfGh7B+diIhoG8cyIWWxTCjvm5hbyh4YbogPaP8cRERE2zWHy2Qhro3ciPeOL/7mumFciusmLCZ1fVOJmzH+A5znsUwoj4sltOxdoYr44ERERORkmUQXln6rZOyu0qt37b5618+u3vXmtbvKhet3/fz6XRXjd+3RfcY/+q36m4/X3/j029fu3j919/7puw9ON44s2j8W5VEsE8rX5uOKT5Usy/5ZiYiItllOlknJ+zdXXyb/1T/64LsTE/NLt2KJew9flcvk7kMz9o+lqO++9PLDj/6dYL9Caean2OjPcufGMqG8LJbQVD2xZHWcOSEiom2ek2XyW//+ySrL5LP+kaaR2MyC/j3hl7Slifn43fsn5TKZ3JhnfP7ZPff+1mc+J9ivUJr5KTb6s9y5uV8mwZoGq5ZB8/Cw7fh05ntthdp9Owt9Hfaj6yp+/alHdxbueOaxJ732q27T6HPBUfsxUlf2hNg49s9NRES0nVK/TP6hYVLMknhCXyDifzMLibvfSS+TDXq2CctkK+R+mXi8Ad+bh5NKAlU95uGIxxdMHQ8W+QIjme+VXeGOnctwuRxWbV3LJFz2jP2QptX9aOfB1t6pT3q7G8L268TH/9dnYvZjsvQyWfVmyXY9Ln42SjIOTYW/bYyiitbRjHePjbYHyx56aGfhwy8c/TDjhGfsk47g7lfFz+pDj78UnrJeo031NR187RX9J/xR+3uJ93v15Rf0D/jQMwdbbWtq+auey/513LFzOHWt7fiu9+X7iaU384PnX9CPZ33x1sQN7IcyW4hv6jIRn46IiGjbpniZPNEwIaaI8T3l9e/YGIsvvdW3YH00V5Rlkr+pWCa16Td6GtLLpDqSOjpa77/9MrE31134WlPUflRla18mU6FXC59+5dUm+89V4d/5bUesrTo51rFMok3e7otHnrMuk2jrY77W5OWhIy8+lLqnHh/aZRkqY03ex+Sd+KEjpz5Jf56GN15oSP3ktvt+OGW5bz3VVvLqe/JHeqvwccvnvdr0WIXcYKtcZa9wx6vpy989YrnG2mjh96rlG9HeQz9497rlWqP4QOXTO8UvnP14ZtnjYaPZvwIiIqJtk8plcn9wbOyW8Rguo3hi6ejAwmcsz4BnmeR3W3aZpO9Sb1hrXyaP7Xjp4GX9n7bjK9/Jvm1rfjRXfEi/xz9iXSbhir/L/MmJh586OJBxJNXUu6+224+ZzazyYxc/ruQpjpEjwcxfucIdP0weWe6qjLdlH/orPky/teLnfb/E9qXaTxOJX4iHXq0b13/hbMdtZS8Hx147OPmF5tns4zb2r4CIiGjbpHKZPNtya2o+vUzmY0vf+OXHd78zxTLZJm3RZWKcMLEeOBUsMx/n8+2XM+6t6ndzp8L6A4p27Kzs04+Y9/h/9rJ+41M3kjc7etD7kPEYIet5A9syefGhZ16sHZJvWiv84btTmnbwacsd4svvmp9UPh7JvLssPq/xifSnndjuQIdDZfpVO3a++NqhjHMmq97PHg6+MhzXtA/K0nfTh6qfy5pthd9bYSO12e/uy1ZcCNZl8skR66jQr9rhbZhb8aqMt1OdemOn5bFjo99+Z/kRJX6MdZmPMSt88lDG29GOn7bpv12Pfs/+w7e2yktyVR2d/FSF7qsnbp67ab92WWtcJuKT2r8OIiKi7ZHSZXJq7vKNpUQiOU1mFhL/7Z0Rlsn2ScUyOdzRFU56N5ReJpUtqeOdVW+ub5msfsKk8KH0PeDC75bsast4QkLhayU/ffwV6xFNS6+RcMULhU8n7+9al8mux3eu9MixqdCrp8z74uPvWh7mpGc9ZyI+mu3zWieHuDPdbvkELz780pqWSTz8YtAYS++XyGUyHPxh9smEFc5XXD/6wxU++Pi7P0v+Stlr971wyvqlPrRzLPVYr+6KlzJ+FCtfZS3zMW8d2Q+Kkz224wX5MY7+ywv6JLMkHzwW/O4KPyijVb6volgm5oXWpqlP7Z3JvkG2NS4TvvciERE5y+Nt6LYfW63pj1o83kBd5t/yVRYHgx+Zd1ZSjbabd8mK9nau6z6YgxQskz/6+eW/3DfwB+VDv79n+O3exGjUGCfGPJmYi3/lwMerL5OXf/gj8+7+B13d8q6/8NOiXbFY+l7gV//y69ZrhcIH/0Zem71M7vovv20e+fKf/Ong4NDvfuGPzDf/5pFvfeZzvys/yF987a/lu4iv+e13Dtg+yys/ST+oXR4034zH49ZbijflLbdn7peJ8sR4kE+BWDbrHdPC7EdYPeRNDonl69iVmj1ymQS/t9N2J9jaYzvSz323DQDbMrF9XuvkKPzhu5Zr9IdCrWWZPPZQ6neyZZl0l+zMfhRZ9lkUUeXTOx9b4cTIUzteyHhbf7SYcQroiVeiWT8V4YqXjLNDL2Q/H2aVq8zErsv41Yxfrwg2TU3NTE0NhRuOiPeV28bs6P96Rv+Aj9p/WYOW8ySrL5NVXiw4tUxiD741+d9bk3vjtZ7Z85OLJTWTrcabHe9Nfco/de6T+bc/1G+QXCbj0a+suk/EJ7V/HURERGtovcvE4z1pP7RsqWWyCbldJp/dfWVfZL51eGFPz83f9o89897N968uzS0mz5yI+/re7ptrXCaf//0/tK2CB//mUfM2/1rks11lKiuvMG9gWyaHj9TK24hZIo7IZZL9WX7u32u+lxgttqtMZ84mfzXkEfPNf9j5lDzy+BOr3b/ZJm3BZbL6CRPNtkweKrNcYxz53pEx26GMspfJrRUfCqV3y/qYolflc82NbMvE9nktk2Mo6yFM3bdfJtFW88FLerZzJlnLZLmXq9Kfob78eYxoh32xzA11t7aeam09erCk8OGXrO8U7T3y0NPeg+8PBYteERcs16x2lSzjIXBZTX3gf6wk/X/IY21lD323bKyvqeJHL4kLlhuKn+r0k+NXXybZs0GSj+Z6+cz8Jdu1l2+8NqxfeHqvGC1z8ri5TMQ/z2d9NBv710FERLSG1r9MGuyHlu0OWib/fnZhNmZ865IlrXN04fN7rj793o33x5Y+ji4ZJ06W9FcNtnw/k1WWifDtJ55846f/Zl0F4gZt7e9bj9icC+uPT7cuE3m2RLg4kLwPJ5eJ8IUvfeUn/+s16wexfRnZFhf1715vfdM6Sx751uPyh7Od22rLZPkTJlebCh9+4cXX9nX3jU5NzVQ+b1km2ffRs84SRHsPFT760tHWVuOv6ptezVgmrYWPv7HKMtFflSvzVW6tD+iyLRN5OetIR8Zr4+rd5nkmw7WvZLzy1fofzVX4kP20Q7L4UOH/WO0lxbTUM/71Lh7a9X7mA9h2vFR5ccWrrG8aXbefLMpqV2rsRZu85iPXUt1KPmxvrnvX4xk/RasvkzWcM0l83Dtzd8WUcTn2aNXk3Xv1ufLaoH7VpyqmzAsmsUnufmfyUwdvZH80K86ZEBFts2LTU5PCeE/D/jP6HRd/TXvHwNjF9obSE/pTNcu8tTWNDTUt4YsTWnd1wBNoL61u7/hI/Kd/PNgYvnhtsq3mcJ3xLeCSy2Sk3Vcjn6BrKdLS1Ds8GD7tORTWYlHxGT3ek+Kf4hrxYev9wbau8Lz+6ZLftqHMFzh3ZbLjRF1RSdA84vG3Wx/NNdZaVxrqtxwQxcpOJL8bnbPcLpOKSHxiLvnYLfHPzrGFz7+lj5O3euOXZpam5pd+ORBb4zmTg1W/MI+IjyPv9A+PjFgXgnwveeTTn/0d8WbBPX9pvZnpN73n5e3lMhG7xTzS33/B+mHl5c//3hflez2w4yHzoNgh1ttYzc6u9nCfbZX7ZaLweSYVj+8s/FG9/ajxAC3rm5VPrmOZ6I99Sj2xRG8uc5l8V78q+n6J7U62zPpQLrOVXgA3e2BYjoSzXokrfST7HTXjHMiy9Pf65MiLWWdICp9Pn1LQ9IeBZT5YSyZmyRP2s0zZibv+5peXvQGMnzT9R73sVfKblhjdavc9cynjyDIdTO1MeS5LZn6KXVk/CSn2eWa2lueZfPzhzP9hLBMxPOQRc5Ase87k/NnpfwgvZH9AieeZEBFty+KeYvtjq8QS0IypUNaY/A+9vkx82Sc6Rs0b6MtkpNOzt9N+fWbyVIm8ID5sd+qvxZLLJBEurU/d37jUsuwy0YsNFx1JjpPB+lpPeXPGtevP7TJ56b2581NLi6knlszHl75zYvzLBz55ounGu0OJ98eW/rFxZo3LZGjoijwo7/dfGR6Wl//0//kLeYMvfvlP5HHNcs5E+r0vflneWLMsk7++v1AetH4Eefl/e/5V3kCervnyn/yp9TaS9bkupGKZKHttrkLjNWGzs82PH1juwt52mYh7txlHevzy0WKpR3Pp2cZPqlsZq8Zopc+ePTAsR27ZXmpMm6pffZnYs5wz0bQB+0Ok4h3W7yUy1uRdfmjFrze88cLyj+/K7Kc7dprPU192fpjrcdmrpqxvj79r/blaKTkUV1om2a103OzGwmrL5Nwn88JX35r8VLV+GuTd45Nvjyx8PL3w1beT50zSzzPpuPVx+hnwC596azr7A0rik9q/DiIiyvt6m6t6kv9Zra8O+XYHPd6AXCbywVT6MjEOGsWq9h72FQc8qeni8QaLSgI1F7Ke5Wk2M1j6pvFhl1sm8s5V8tNZH8GVurzMMtG0On9Af2SRFhOz5NzMCp96zbldJp8uvfJGR2xgeumm/pgu/VoxTh45du3uvdc/u+fK5/bc/rW5/un7/595L//69fQdSXnXf+jKFXn5mw8nn3YiEgNDHteWWyaf//0/lDcWyaeXWD+I9SPIy2+9/Y68gRhL5kHzzIztUwjf+H+/KW9MW2eZVD6deb/WkvVhQlNtJY9ZvpvHbZfJpYMvWVZHrPDxF5ZdJtp4ffJVsCzpz97OPrvW45evarXmZaL/6KxPsl/ra3PJMpaJ/ppdj72RmjrGd1qUc+OxHS8sP0tWftrJ8HjG09enPvA/JZ8Vc/nQi1WWZ8jEr6c/yHJXpd/UtJ/93c7HytJ7yWzqcsbzbS6F3pDfTjH2njfjZdaivSs9ym71ZaKt+lSTDWL/CoiIKN87VxP0lCRHQsu+gLxDvPoy8XsDqRueT58z0bRj5YHs/0RHjgY9xc3m5TUtk0S4rCn1pNeR1ZaJZowT92dLzNwuk7t2j/33tyfaPlm6mvoei+KflR/d+uJbV+6unLz77UmFy+Rzv/sFeQMxFeRxzbJMfucPviSPd3efkbdf+zL51uNPyBtU7HnLPPjVv/y69TZWN2/elLff5m2dZVK444VTxpOwM/Vqxkvu/jTYev6TmXDru4UPv9Lw2jqWifkshYpQeOqT3p8+/0zD1V75YLCMZWLep//A+rOhn5pY7iWnBgrfaDWPr32Z6E+VeeJV8UOYmpo5uvdVMR5cLRN92+w82BCeuhz+9kM7H3o5+WVE3y95qqTe/nN4Rl9c7b4Xdr1r/+ntHtJ/vM/t2PmzYNOpniHxtZ0KHSrc8Yz1/xzFkDsYag1fnhnr637u0Z11lvm2ylWasSeTT1axJH6wP9h9ZGxqRnzlp0L7CjMedXarcMfOYEO3+DIu9bQ+9fDOcPb/SRuxTIiIKOcVeYPpEyb+wLx5KdG/+jIpk8sk0mxdJmJI+FvtjxvR3/HNFuPi+JqWiTYpP9FIY+3qy0SLDbs/W2Lmepn87Oqnfzb6wVj8xkJ6mbw3svC1g5dVLZN/fuUn8s0vfOkrJ07Wf/73viiP/HvJbs3yPBNx+Q++9MfyWjlObrtM/vhP/m/55r1//Y2jx0LffuJJeaT3vP6UFevt9+1Pv77wV//qPvkxt3NbZ5kQqWqVp5psBJ5kQkS07eppMB5hZRB3eBLjRT79crBrbPVlol0Pm+/VMRbLWCbGSYwR+990Rfsa68SN9zcOlK1pmWjRC+3i9qWH2vuig7dZJupyu0zuLh2tH1pYNL6DiWbMkpmFpb/91fW791xVtUw0y66w+cM//j/N29teNXjg0iV5m/b39b/Jvu0ysb5p89jf/8Oyt6/6RbU8wjjRVCyT9NPfDRcnzMOTtuPJv0sg2pSy98PGsX9uIiKi7ZTbZfJnB8auzpqvD6xPjnhiqfXjxc/sGbvrrQmFy2RwcMi2FkxjV6+at8/+Tot/9N/+L/PIf/3877ee/o+1LJO64ye/8KWv2D7Fpz/7O+ZLBmffXst8heLJSf1l17Zz7pcJ0Rbs2qx9P2wQ8Ynsn5uIiMhRI4216VMx6WekbPXcLpOq/sTcovnUd21RzJLR2Gcqxu7aO7H2ZbKu2t/v+FnZzzs/6LJfobTm91rKK/aE3q2zX0GrxjKhfG0+vhmP6bJ/ViIiom2W22Xi6Vq8PJOIxZcWFpdahmOf/vm1u/aMr7JMbrhbJrSVY5lQHhdLbODDumKsEiIiImfL5Ld3j8ll8qdVEyeHE5dmli5ML+18d/yuinGWybaNZUL53fTK397EjWm+gQkREZGRk2UyM79kfW2uz+25/sV94/+l4tpdP7+++jKpPL9g/1iUR7FMaDs0Nb80esu+LpwRH8r+0YmIiLZxTpaJZjyw4fz44m+up4xLcd2ExWRSdJH/Bud5LBMiIiIicpzDZUKUHcuEiIiIiBzHMiFlsUyIiIiIyHEsE1IWy4SIiIiIHMcyIWWxTIiIiIjIcSwTUhbLhIiIiIgcxzIhZbFMiIiIiMhxLBNSFsuEiIiIiBzHMiFlsUyIiIiIyHEsE1IWy4SIiIiIHMcyIWWxTIiIiIjIcSwTUhbLhIiIiIgcxzIhZbFMiIiIiMhxLBNSFsuEiIiIiBynLxPxPwAAAADILc6ZkPOuX7/elUr8ZpqdWwQAAACcYZmQ8+QsYZkAAADAJZYJOY9lAgAAAFVYJuQ8lgkAAABUYZmQ81gmAAAAUIVlQs5jmQAAgC1ufHruo0uT+e3iyIztR330wtx/rpj81CYSn0580uyf/3VhmZDzWCYAAGCLm4ku2O/B5GPWcfLl6uns5bA5sn/+14VlQs5jmQAAgC3OfvclT/voUnoVZA+GTZP9878uLBNyHssEAABscfa7L3kay4S2eywTAACwxdnvvuRpLBPa7rFMAADAFme/+5KnsUxou8cyAQAAW5z97kuexjKh7R7LBAAAbHH2uy95GsuEtnssEwAAsMXZ777kaSwT2u6xTAAAwBZnv/uy5v72b//WduT555/fv3+/7aDjTp06df36dftRp7FMaLvHMgEAAFuc/e5LZouLi/fff/+ePXvsV6x5mfz4xz8WA+Pll19+4IEHbFet3rqWifgs9kOZrX2ZLCS0tk8W/0fLrdbR29zSgeyf/3VhmZDzWCYAAGCLs999yezSpUvl5eVPPfWU/Yo1L5PXXntN/HNqamrnzp22q1ZvXctEfGr7oczWvkwGZhJ/+IuZ7ONKZP/8rwvLhJzHMgEAAFuc/e5LZk8//fTS0tKuXbvEP8Wb4p8PPPDA6dOnI5HIn//5n5u3aWxsPHLkyNDQ0D333LPSMrlx48Z3vvMdceHWrVvf//73+/r6JiYmxJsvvvji5cuXW1tbCwsLzds/99xzw8PD4mZf//rXzWUiLpsfVrwp5op5s/vuu+/atWsdHR2Li/oPQeEyiSW00OWY9cjbvfP3/epG31T8weM3xZvnxuPmdLkZW9r7m3lxYXJ+6R+bok+9Fx2JJrI/oFX2z/+6sEzIeSwTAACwxdnvvmT2z//8z5pxxuPEiRPiQq+RedU3v/lN84I8eSK2R/YyKTB66aWXxHTRjJlRXl4ur5WLQnxYsXasR8RnXGmZWCeKmcJlIjxaf3N2cenIwIL14E+75wRx4W9O3KwbjP3ZkRvvjyU/lBgt5gUxUbI/mlX2z/+6sEzIeSwTAACwxdnvvlgaHx83d4U5LTTjEVZymchBct9995kXln00149//GMxbOSbcmaYyUUhx4Y8Ih/Nlb1M+vr6NnSZCH9Re2NuMTkz9vXOz8f1D2IuE+HKzcQrHbO+Hv3Ne4/dsH6i7A9llf3zvy4sE3IeywQAAGxx9rsvln7yk5/Iy08//bT457Vr1371q1+ZR7761a+aF8QqMB/r9cADD2QvE/PRXDLbMnnwwQfNC+LDiiGkWU7F7Nq1Sy6Tt99+W1xob283B8n8/Ly41ryZmfJlItwylokYHr2T+imRvb+Zty6ToRvpB25dm73NqRIp++d/XVgm5DyWCQAA2OLsd18sWZ/jHgwGb968KRbIww8/LBZCb2+vfJ7J8ePH6+rqLl++vMrzTGS2ZfLjH//Y9jyTp556amhoaGpqSuwc+Qz4Rx99VLzjE088YXueSXNz840b+imLb3zjG/NG5rXZrXGZiB0SuLDw3dZbu8NzH6eeNDK9sPS1ozduLCzJZXJiKDazkF4jk/NL/7tr9jvN0eNDGU9QyZb9878uLBNyHssEAABscfa7L3naGpfJRsv++V8Xlgk5j2UCAAC2OPvdlzyNZULbPZYJAADY4ux3X/I0lglt91gmAABgi7PffcnTWCa03WOZAACALc5+9yVPY5nQdo9lAgAAtjj73Zc8jWVC2z2WCQAA2OLsd1/yNJYJbfdYJgAAYIuz333J01gmtN1jmQAAgC1uJrpgvweTj10cmZE/5C9XT2dvhs2R/fO/LiwTch7LBAAAbHHj03MfXZrMb9ZZYjp6Ye4/Z82GDSU+nfik2T//68IyIeexTAAAAKAKy4ScxzIBAACAKiwTch7LBAAAAKqwTMh5LBMAAACowjIh57FMAAAAoArLhJzHMgEAAIAqLBNyHssEAAAAqjhZJvftMV+3eMp+xeZ26rWCIfsx2tRsy+TGzTlh5sas1fTMLQAAAGxztruI5v1G4WZ03hS9teBkmXS8P/Ps8enfq5h89vjMMppvnr9lf5c1FZ+48Kvie+8pKLj3/uqzE/Zrs2KZ5Lxll0n2OGGfAAAAbE/Zdwuts0TBMjHrqLd/60fpHyP2G6+hmwUF97/+XnKQXKh8sqCgIPMG9lgmOc+2TMRvKevvs2UnCgAAALYn2x1FuUnMWeJqmWhXb2RvEsfL5MLPHzxg2xmtr//Le/q/C56vfb/0yfvvLSg+q7/5b0/fL0bLvd/6oXWZ/It+8N4DqTMtrxfcv3ChWtzMeHvh2W/dKy4/+T+rz9z+TAyto+xlYrL9tmOuAAAAbB/Zd/9ssjeJ62WizWZvEsfLpPb5gjO2QyPVD/78gvh3wRPF9z7+w73BRn1XDFUXPPi9M13vNwb/7f7C5DK52fr6g/+090xbXUHB/ea7vi52yL0P1v26UVyeqHn2e3vqzrQ1PvtE8Zm4/OikoJWWyW3HCQAAALYh691FtctEy94khqkfXbbf8rYdeCL7oVmnCl47Jf5VUPCIPPT6PemHeO193HiXs8X3pwbJ0DuPV48YNysoWEjdTF8m79hXT14Vnyh4ssx64PUH771pfXvDsi0T8fsp+3cbcwUAAGB7yr43KFkHienWbMzVMrmvYvLk4Pxcwn7cQcs+muv1Vv3fBQWvy2PPWp58Yj6aSwyPgoLHJ1ItGGdFXrc9R2Vh4l8ev/fBf6odytdzJpZxsmmzRFtumUjZv/8AAACwzWUPEjlL3C6Teyom7Yccd2HvI8Zjt1LdrPtBQeOsfsm6TKznTJKnWfRzJvbnytuXiZG42bM1eftEk1Ov3R8Ri+TmqUf+ffNOEK2yTJgoAAAAkLLvJdpmidtlct9e+wsHu/kmJ3uf1p+nfuBXjY3BveLCg2/oD+XSMpeJdulA6nkmxdbnmRQ8+Gzjrxv3/s9nzSPWZfK+95G6tkikra7gniersx4xlk+JcfKId/Nmiba2ZQIAAABkk4NEzTL5VMXkq8bzOpLNRcWROcsByu9sy0T+rsr+nQcAAABElxskapbJubD9GQ3V3c6+ySLdka20TJgoAAAAsMq+o5jN1TKhbd5tlwkAAACwRiwTch7LBAAAAErMzi2yTMh5LBMAAAC4JDaJiWVCzrMtE/H7Kfu3GgAAAGAj14gVy4Scl71MTNm/+QAAAABT9iZhmZDbVloma5H9e/RWxmt52b87DwAAALYacZ/N+upb2Xf51oVlQs5zs0yymcvE/F1+4+YcAAAA7gjmRFn9fMhasEzIeQqXifFbWZ8l8Xhiacn+iYiIiIhoyybuv83N63/FzDKhnKV2mYhZYv8ERERERHSHtLiYcDlOWCbkPHXLRB/ZYm3bPwERERER3TndjOqP6RJ37bLu7K0Jy4Scp2qZmM8w4UFcRERERHd05jJxfNqEZULOU7hMeCgXERER0Z3ejZtzt2adP6CLZULOY5kQERERkYxlQjmLZUJEREREMrFM3DwJnmVCzmOZEBEREZGMZUI5i2VCRERERLI7Zpn0RnuRZ1gmRERERCRjmSBnWCZEREREJGOZIGdYJkREREQkY5kgZ1gmRERERCRjmSBnWCZEREREJGOZIGdYJkREREQkY5kgZ1gmRERERCRjmSBnWCZEREREJGOZIGdYJkREREQkY5kgZ1gmRERERCRjmSBnWCZEREREJMvjZVL39websw5iC2GZEBEREZEsf5aJ79sFBT+pyj5u81zB97MPIidYJkREREQk23bLpIBlsmWwTIiIiIhIlsfLpOqRvfqjuQru+ebp4Y6OD2tfPFgfHu0oKHiuQ7w5Gs7+CNhkLBMiIiIikm2LZRK23IxzJlvHVlsm2R8ZAAAAa2S/a7X+8n+Z/HLXIwV/9chzb+41j7NMtg6WCQAAQN6w37Vaf/m/TJJmOgruea6XZbKVsEwAAADyhv2u1frbNstE3yR/b/zzxez3RU5stWVCRERERDksv5ZJqu839Mpl8vc7vqYf+qsH6if1m9XtfU689bVny7M/AjYZy4SIiIiIZPmzTHDHYZkQERERkYxlgpxhmRARERGRjGWCnGGZEBEREZGMZYKcYZkQERERkYxlgpxhmRARERGRjGWCnGGZEBEREZGMZYKcYZkQERERkYxlgpxhmRARERGRjGWCnGGZEBEREZGMZYKcYZkQERERkYxlgpxhmRARERGR7I5ZJpR/sUyIiIiISMYyoZx15y6TkcZa8U+PNyCVNY5Wpd9sMK/d/8Fc8h0mOsXBbstHoA3K+ouiv52YKSvRLxdV1Jk36K4OeIpPmpfNX0fre4lfR/MIuWxxLFzkM35Ka8LmEesfAY+/PXUx7qnsTF3W5C+Nfrk6Uu9P/2p6vLXaaHt35i+xp/o/jpUbv9CaNt/T0D0r35vyJP0PrPiFLqkdT1jeLA6WVRu/bYzfEmY1+2rFVb69+v/9Jm/mDVT1pK4md1n/3Jn/P9kRCulv+oIdY7FlbzDeEvIUN5vvLv7PVvyJTn84opVjmVDOutOXid5oe5k3ebkqdcGs7Giz3xsyL9eVB1kmm5nfF6zqiYoLnhL9bopZkfELJO6yVDV2Bj/SR2N6mfCfTLUl+i0bb7zI+OlddpnMf3Cy78Th1GFN/tLot0n9oogbj5iXLHdDq8zlaRw1P5enpDl1hPIn8QfWvFDkPdmdSL+p9TbrvxnM3xIT3X6f/P2gl74ZKWy0vT71xzpyJDhibEXReGso+ZcClv8gikrLT/d9cNL8bzPLhNYey4RyVp4vk8ZRca9rUL8YF5dZJptWtKOuTV8looj1b0wjR4OacZdF/HLU+fU7LiyTDUr8xCa3hJHf+KOx7DIp0/9KdVyeXZS/NPpt1rpMtKbKgLhvZPxZo3xLbgyPr+Fc6s3Fif5j/oD+f/rGbwn9DEnmH2GWyYZkWSbWBaJpk8m/ibAuk0SkaUL8K156YlhjmdB6YplQzsq7ZSIfYaL//6/+/9SJyLFLmjYbFv8HzTLZtPYXyzslEfnfUS11d9lcJtqllrqReNajuWqttyfHpf+AGJkrYtllYt5r8RwKm3+A5S+NfnDNy0TrbfaV6LOT8i9zY4wPdJae0Ldn6mFah/e3DOhXr7xMzD/U/L+uyjKWSfp0tCb/tFr+gzifOltSWn5aY5nQemKZUM7Ku2ViP2ci/llU3NxUab9bRhvX/EcNlnWRfJyPmfkLkVwmmhYsCXDOZKPqaehOPdJDVOQzn3mVtUwizYNTk9NTk22BgL9lXEv9qRG/NGVNo+tYJvwK5m+2sx/JodIS8pS36G8bvyX0e71vGm9m3owUZ1kmVdaHzyX6q3r0v02w/gfRX9wwbfzpvnhCP8IyobXHMqGctR2WSV15wJ91t4w2rpqSzDuslueZlBpP+5HLJNrTcOzd5BOB+E+m4jKeZxI1n2fi9x4+dsm4+6LFPYfCmjbXcSj1i9XT4DH+YlX+0hT5QiwT0rI2RvLNRH/yT3ryeSad/szfDyyTDWmF55lEO+oi5mXLfxCLjvYnrx5t75hlmdA6YplQzsq7ZSJfmUS/N5y8ZzbRqT+gi2WySY1aXx9GPyBfm8t4xR7NskxElam/9pPvYj3HQm6Sr83lq06+Npe4A9PX0iCOlO7T/3pb/2vvffLPRFzc0dHknxr9tmdZJqRlbYz0m4nB0uODlt8S8aq9Qf332179dJx8NBevzaUyyzLRsl6by7xB8j+IkWbrH0hPZae+TKz/z0y0ciwTyll37jIhojXWXR1sMZ43QkREdNtYJpSzWCZEREREJGOZUM5imRARERGRjGVCOYtlQkREREQylgnlLJYJEREREcnyZ5nU+wOl5YetLwcRLA7I7+dFWzCWCRERERHJ8mqZlDX2Gy+TbzZXdKTfXCbRK2dr9umvWFdWY1xrvLDdueP6C95VtQ8vyg9BmxvLhIiIiIhkebZMRj2+k8m3JzrrBpPfaXi89aS/pn16aqzU/PYF+jIJltZ0Tl8b1OdKE9/BIDexTIiIiIhIlm/LpLs6MK6/NVxXro8Q26O5Rhpr9e/YpS+T1Pf66W0u8urf4Ys2P5YJEREREcnybZlokea6Qf37jxZ5Q1pqmSyOReqrjW9W6g3Yl4n1Mm1uLBMiIiIikuXdMhFrpLh5vy8YjOjfddhYJpOeyk7jRIp2riZrmXDOJHexTIiIiIhIlofLpKkyUHpi2DxonjPxeIP7WwYHezuLSoJymfgOnOZ5JrmNZUJEREREsjxcJvMddfoDuozMZdJdEyryBTwlocWPGuQy6Q7pj+8Kdo3x2ly5imVCRERERLL8WSbriOeWbI1YJkREREQkY5lQztpqyyT7IwMAAGCN7Het1t+2XCa0NWKZAAAA5A37Xav1xzKhnMUyAQAAyBv2u1brj2VCOWurLRMiIiIiymEsE8pZLBMiIiIikrFMKGexTIiIiIhIxjKhnMUyISIiIiIZy4RyFsuEiIiIiGQsE8pZLBMiIiIikrFMKGexTIiIiIhIxjKhnMUyISIiIiIZy4RyFsuEiIiIiGQsE8pZLBMiIiIikrFMKGexTIiIiIhIxjKhnMUyISIiIiIZy4RyFsuEiIiIiGQsE8pZLBMiIiIikrFMKGexTIiIiIhIxjKhnMUyISIiIiIZy4RyFsuEiIiIiGQsE8pZLBMiIiIikrFMKGexTIiIiIhIxjKhnMUyISIiIiIZy4RyFsuEiIiIiGQsE8pZLBMiIiIikrFMKGexTIiIiIhIxjKhnMUyISIiIiIZy4RyFsuEiIiIiGQsE8pZLBMiIiIikrFMKGexTIiIiIhIlvtlci48OJ2wH6TtEMuEiIiIiGQ5XibTZxo83oCnvNl+BW2DWCZEREREJMvlMokcPazPEpMvNNJYKy6UNY7ab0d5GsuEiIiIiGQ5WibRgbq9qU2SyeEyGW0X7+tvGbceK/UGqnqsB9aax1trP0QbEMuEiIiIiGS5WSbB3fZB4n6ZFBUHPJWd1mMeH8tkS8cyISIiIiJZDpZJqS+9Q0qPntcPzYTT48Tf0he1v8vtG22v6gjv9wXkgfkPTjZF2jd5mbTsS38BdNtYJkREREQk2+xlYjtDIo/vzzzePWt5n7U0aoyQ3uZgJK6/OdHpFx+8p8FcJuYzWDp6+4MVgfoR4wY9DXWNtcHGs92D+ltVJYGqxrMdLaf7jA/m8QZ9B05fHDhfJL6YQ2Hj2LA/1NnRO9wWCplnder9Ac/uoP5eXZ0e72H9JrGo+FFMT01Oz4tPMe4pqTvX219fEzLenZaJZUJEREREss1eJmW+gMdyzqQv9XrB+gYwGddmPF9kLZnLRBv2VEfEv8ZbQp7iZrlM/L5AWb3xILFEf3Jp9DR4ShpS7xz3+DJOkogvwDxt0xc67PHWWa/SJ4dff8yYvkxSp1YqUxOrKr21Ig4flradYpkQERERkWyzl4mWvE+/Iod36JPLRNNPlejPfT9cN6jPD/Ng5qcwBklPgzlV9Ka6bZ80/WguMWCSl2NV+2p9JcZH8Ldr5o/CWEHmZfOCZZlo9QeCnuLaEf38CS0fy4SIiIiIZDleJvXt4Y4unT/1nHiXy6SpMjCuxT3lp/VHaaWXycm2qUn9cVY643TIOpdJx6Fg5YmzkSvi3WfWuExEHY0NHl/QeoSssUyIiIiISJbLZWI7fqxcwTLRZsOlFYebJozLlkdzFaVWRDLrMtHmPL6MZ4NkL5P0VzvRvcoyOfam/QelnTlp+USUEcuEiIiIiGQ5XCa2529oI/UuvtOiXCbGU1aSl1LLRNPi032dRfpTXIL1kUnzqozBMDNgXhsxnnmfvUwWr3QnT/L0rXbORIsOiNsUhc5r2mSp8dCvspqzyasoK5YJEREREclyuEyW53CZ0B0Yy4SIiIiIZDlYJotXuoM1DSsZT71aF+V9LBMiIiIikuVgmRCZsUyIiIiISMYyoZzFMiEiIiIiGcuEchbLhIiIiIhkLBPKWSwTIiIiIpKxTChnsUyIiIiISMYyoZzFMiEiIiIiGcuEchbLhIiIiIhkLBPKWSwTIiIiIpKxTChnsUyIiIiISMYyoZzFMiEiIiIiGcuEchbLhIiIiIhkLBPKWSwTIiIiIpKxTChnsUyIiIiISMYyoZzFMiEiIiIiGcuEchbLhIiIiIhkLBPKWSwTIiIiIpKxTChnsUyIiIiISMYyoZzFMiEiIiIiGcuEchbLhIiIiIhkLBPKWSwTIiIiIpKxTChnsUyIiIiISMYyoZzFMiEiIiIiGcuEchbLhIiIiIhkLBPKWSwTIiIiIpKxTChnsUyIiIiISMYyoZzFMiEiIiIimVgmt2ZZJpSLFC4TMa/tH52IiIiI7qiMZRJjmVAOUrVMZuf0ZRKPJ+yfgIiIiIjunG5G541ZwjKhTU/dMlm8NbswNx+zfwIiIiIiunOK3jKXif2e3hqxTMh5SpeJftpkcZHTJkRERER3ZKkTJva7eWunaJlcD3u8Ad2bp+1XUf6mcJnMpsaJ+D0t3Lg5BwAAgDuCuPNmni3ZAsskGqkqMWaJNzDG43G2U8qXiTlO5D4BAADAFmfeeXPzklySgmVS5UvOEvsV62q0vaxxVL410ljr8dZarlbSaL0/0NQV7ujqLPIFuqP2qx0kftRVPfaD2ye1yyRF3ycAAAC4Uzh+yruNgmVSZj6OyxtY1N+KlfoCwY/st7l9m7VMRpKXBz3+zrGMa50kl0nLPnfD7M5sY5YJAAAAtiMFy6SuPLlMPLvrghUBj+9kx6z9Nrdv5WXSHQrpH9wX7Eg9VkwfFYnxIl+gaG+LpsXHzzSLG5TVhFPvHfeXB623T2VdJqPJZZKYqdwbFO/uP35+2nz2dWysKHUWKHkiKDFufg2WT5EsuUwGO80bp34I9i/A42voa6wTNygqrxNv7jeuLT3Ubl7bVJ38AdZ84H4rbWosEwAAAKjidplUlQQq20fPHT0s78qPO3t1pdF2+RFS9GUy3hI6dilu3qRlXyBifHBxrb9lXL90ocVT0XLRONj2TuCi+NdEt9+XPH0RLA5kfl/x1DKJRSt3B1omMq5rqgyIrSIu+FIPS5vvqKu/pl8QX0ndiPE1RJr3fzAn38W4KnnOpMryYDbrF+A5pI8Zj7w2elYsN+NSvC90uG1W/4HfuY8HY5kAAABAFXfLZMZ8Sa5gZctglXHmoabL6d/6j7b7qjs79CeB6JqqD5vLRKyR1FkOTetpqOnV/y2uMjeDlgj7jg+aV148frhb06ZbQx5vyDzSXR04Z15Kpi8Tc/YU+ZszrjFu7PHrJzHSjyLraTAeljbp2dc9nTwU8dScT140WnaZWL8Aj6/BvFnqylHPgbPmJX35jIofQr+nXL/NnRjLBAAAAKq4WCbJWWLc0a+2P8xp3a3waK6aYsvzN0bb/a2Tmn5Hv6E7eSgi30u8izgYOSoG0snpqUmT8dQXmfXRXMk6DgUrT5wVt2wLJJeJuE3blZn5RGx/iXnKpd9zSL9BUjTjEWIrLJP0FzA9pT/R3vKcmVFPdSR5sadBXyZ68aZQyOcL1ERUPCt/E2OZAAAAQBWHy0S+TLCQfHqGy1ZYJuOtoZre7EdzrbhMzEdzrXAHf5llIs9miPcyl8lIU+1g5vNTPN5gVc/yH1Iuk2NvZjyay3br2y2TZOLHlfH2lo9lAgAAAFUcLRP9bMlhf81JNWdLzFZYJlpi1OM7fG5gMNLVKRaCee1qy0SLjzSFPBUNHV3hmgPJR1WlWmaZVBUH6sLD51qaS8uD8pyJbWvV79UHWFtXuK2xJZj5nBC5TDoOBYLtg+cG9FM61i+gqEbfIastk9HOYy3h6Sv9HS3NRZkPFdv6sUwAAACgipNlkn62xqHkUybyqdLiYPLpLu3tHp9t21BGLBMAAACo4mSZiGr2hfwhRWdLtlTXOis70q++VeQ9bLmO7LFMAAAAoIrDZZK/jXpK6saMJ6+3nagrko+8ouVimQAAAEAVlgk5j2UCAAAAVVgm5DyWCQAAAFRhmZDzWCYAAABQhWVCzmOZAAAAQBWWCTmPZQIAAABVWCbkPJYJAAAAVGGZkPNYJgAAAFCFZULOY5kAAABAFZYJOY9lAgAAAFVYJuQ8lgkAAABUYZmQ81gmAAAAUIVlQs5jmQAAAEAVlgk5j2UCAAAAVVgm5DyWCQAAAFRhmZDzWCYAAABQhWVCzmOZAAAAQBWWCTmPZQIAAABVWCbkPJYJAAAAVGGZkPNYJgAAAFCFZULOY5kAAABAFZYJOY9lAgAAAFVYJuQ8lgkAAABUYZmQ81gmAAAAUIVlQs5jmQAAAEAVlgk5j2UCAAAAVVgm5DyWCQAAAFRhmZDzWCYAAABQhWVCzmOZAAAAQBWWCTmPZQIAAABV1rlMRs763jy8Jntb7O9LeRfLBAAAAKqsb5l0Vwc83oDnzebpqcmV7Pcat/EG7O+8eqPt5nt5fMGarjH7tRtQpS9QFBqwH6X1xDIBAACAKutfJiW144n0kZry5A7pi6YOJca7a0IOlklZ46h5sbs6WDeYea26PNUR+6E8KNrvC/XbD258LBMAAACosu5lUtVjPTAuFkiw5mRZcaAo8x6/m2WiXWopa9qg0yaT+blMjIloP7TxsUwAAACgiqtlMtZUKxbImDZa77c/fMvNMhlvCdX06hfEh60qCTR1haeN40Ve/XLbiTqPv33EOG/j8daVVbe3dYWDFYG2C+01Lfq14mbzxu3F+4ojHV3hyt2B+pG4FotOT531HDo7PTWpX+sNmJ9xpLG2NNAubtZUU2vuK3HE4wuWVusH5Q9EfNiOrv6OltMtE+aBLZcYJ5t85oRlAgAAAFVcLRPtowZPcd28NjfyUbvHe9hyhZNlknyeiRgMNWHzmFgm6Ud19TZX9cTlcc++bi3js4x6Dpw1L8131NXri6PfenrE4w0Z/47Ig3KZeLy18mZVPv0D6sskdVBc1j+TsUxG5pNfwFYtPt1xsmUkZj+8YbFMAAAAoIq7ZZLoTz0b/rzH3265wsky8VV3dnSFL17TT2iYiQUiL0+3hoy9oac/3aW4WcsYFaPpHdLToN9yqjv98DD9lkHj38sukwZ5M/EZp5PLJHlQLpPxM83iB9U2kP7ytlrTZxqKSursRzcylgkAAABUWfcy0c9pNKXv8WszA2UVoarjyfMVWvJuvf3BXbfP+jyTVNZlssI5k5WXidtzJvZlYrZ4pb3o6KY+YmqNiVlSf0G+CsEmxTIBAACAKk6Wiaci4/SIraDP4asG32aZJPrNNaIZD6zyt4xrt1kmcY/PXCPG+1Z2GpcGPYHkQ8XkMvEba8TMPLWyyjLJ+ERbqPgmny0xY5kAAABAlfUtk2hPg3w2yG34zEdPrbnbLhNNWxwLF/kyXrZ41WWiabGx0mL9iyk9dDp1M63+0GFzNcllIu7WV+0NioNFu0PmSYdll0nyNhU5GAC3LzpsP7IpsUwAAACgyvqWCZE1lgkAAABUYZmQ81gmAAAAUIVlQs5jmQAAAEAVlgk5j2UCAAAAVVgm5DyWCQAAAFRhmZDzWCYAAABQhWVCzmOZAAAAQBWWCTmPZQIAAABVWCbkPJYJAAAAVGGZkPNYJgAAAFCFZULOY5kAAABAFZYJOY9lAgAAAFVYJuQ8lgkAAABUYZmQ81gmAAAAUIVlQs5jmQAAAEAVlgk5j2UCAAAAVVgm5DyWCQAAAFRhmZDzWCYAAABQhWVCzmOZAAAAQBWWCTmPZQIAAABVWCbkPJYJAAAAVGGZkPNYJgAAAFCFZULOY5kAAABAFZYJOY9lAgAAAFVYJuQ8lgkAAABUYZmQ81gmAAAAUIVlQs5jmQAAAEAVlgk5j2UCAAAAVVgm5DyWCQAAAFRhmZDzWCYAAABQRdkyefvAyaHhq/ajlNexTAAAAKCKsmXi8QYO/aLJfpTyOpYJAAAAVFG2TDhnsg1jmQAAAEAVt8tk4NKoxxsQWts+tF+3jpIfRKrqsd+CtmAsEwAAAKjidpn8q69azomh4avTM1H7LdbUXEdXWGiqPnzMuHBxwn4L2oKxTAAAAKCKq2ViDpK33jkxPHKtfE/IfNN+o/U00ljbbT9GWzeWCQAAAFRxskxiscV4PKGllon1cVziuLg2fdN1ZlsmRd5AW7i/7kCwqid5Kqb0zVDkymTNXvF5a/W3exqOnQiVVbd3dHV6fCfL3gx1dIXbTtR5DoXFlTUlgaaucKS3/9gB48akOpYJAAAAVFn3Mrkw8LFYI0XFwV/WtmqZ42Tmxi1xXLy5v6rR/m5rK2OZJPqLAvrA0LRxT/npQXlcNNHpN0/O9DQUHek3j1WKGZPcL3GPt078q8zdCRy6bSwTAAAAqLK+ZXJ9fFoMj4rKd8v8+mO3Ssv0cxEe4/WCFxYWxQVxXFwrLvhKD9vfeQ1Zl8l0a/LhYYba+lH9YMfxk0W+5EH97Z4G87io3p/eIckzKtfD+i3fDI3H5DWkMpYJAAAAVFnfMmlsPmNOgpvR2fpfd5mXzWXy3qlz4oI4Lo50n72QXA7rzLZMjvVNTk+ZZuYTmjYR9uyuGxRvzpzdv5Zlomnzo/1NoZDHx6O5NiSWCQAAAFRZ3zLx7T7sr9QfKKUZ48S6TH5x+D3rGnG/TLREv8ffbrlSO1cT6Naf3qKNG6dT9Eu3WyZmI/U8sX5DYpkAAABAlfUtk3MfDniMZ5XU/7pbPqTKPBLpHRIXxHFxWV613mzPgF8cC+uP3fIFazpG5/UDsbJi/c2+mWjbgdsvk5bq5OPB9p84L68ihbFMAAAAoMr6lomWesq7qakl4xsiWq/6xeH3rFdRXsYyAQAAgCrrXiai8EeXPoxcHhwas1+haeK4uHbgUupEBuV1LBMAAACo4mSZEJmxTAAAAKAKy4ScxzIBAACAKiwTch7LBAAAAKqwTMh5LBMAAACowjIh57FMAAAAoArLhJzHMgEAAIAqLBNyHssEAAAAqrBMyHksEwAAAKjCMiHnsUwAAACgCsuEnMcyAQAAgCosE3IeywQAAACqsEzIeSwTAAAAqMIyIeexTAAAAKAKy4ScxzIBAACAKiwTch7LBAAAAKqwTMh5LBMAAACowjIh57FMAAAAoArLhJzHMgEAAIAqLBNyHssEAAAAqrBMyHksEwAAAKjCMiHnsUwAAACgCsuEnMcyAQAAgCosE3IeywQAAACqsEzIeSwTAAAAqMIyIeexTAAAAKAKy4ScxzIBAACAKiwTch7LBAAAAKqwTMh5LBMAAACoomCZLEaji/ZjtC1imQAAAEAVt8ukbm+g9EBdqS9QdyFqv47yPZYJAAAAVHGxTBIzHm+gL7VH+k6EPHtPZ9yA8j2WCQAAAFRxukxmztdUBCobB6zHKksCNR/NWI9QfscyAQAAgCpOlkl3zWHfgc7BmP24aLClzlPe0H09br/ito20e3aHgo1nO1pOF5W32K+lVYv2NNsPbUosEwAAAKjiZJlMR2Meb0O3/bBed3VgJBadnl/3Mqn3B0bsxzSPv91+iFaopjxgP7TxsUwAAACgipNlIlptmdiPram2A4FIwvL21PmgP+jxBgTzQPRCZ5Ev4CmpnU7dzFPcrJ+i8Qb8rZPize5QSFwuqwmPLXcyJ/+L9vtC/faDGxzLBAAAAKq4XSYdXeGkj0Y1F8tE0+KlPn2H1LQPpo6MynMmweKA58BZ83JRaquIG3ennn8/3hqqGzFO1ESa5Q22XdH+TT5zwjIBAACAKm6XiZgHvjcPC+aKcLFMNC02ebH9tD5OIubgSC8TMTaqepKPEKv3B6aNC/J0iqhlX/KgmCZV23aZaPHpjpMtI5t3zohlAgAAAFXcL5OG5BH3yySVLzkt0svE462t10/J6IlPEUkdTB7StJriwPTUpCSPb6fiRSV19Zv7XWVYJgAAAFBlKy4Tjzdo/HvOU5FcJjUlAc++5BNbLI/mSi+T8dZQVc+m3infYumzxH5s42OZAAAAQJWtskyqfMH6dv35KscO1BYdCpsHxUQZnBqe118Vt8HnCzR19bc1nrSeSEm/f2LU4w20dYXbGlsq95rDZhs1febkJp8tMWOZAAAAQBXHy0R/tvqynC0TuhNjmQAAAEAVh8uESGOZAAAAQB2WCTmPZQIAAABVWCbkPJYJAAAAVGGZkPNYJgAAAFCFZULOY5kAAABAFZYJOY9lAgAAAFVYJuQ8lgkAAABUYZmQ81gmAAAAUIVlQs5jmQAAAEAVlgk5j2UCAAAAVVgm5DyWCQAAAFRhmZDzWCYAAABQhWVCzmOZAAAAQBWWCTmPZQIAAABVWCbkPJYJAAAAVGGZkPNYJgAAAFCFZULOY5kAAABAFZYJOY9lAgAAAFVYJuQ8lgkAAABUYZmQ81gmAAAAUIVlQs5jmQAAAEAVlgk5j2UCAAAAVVgm5DyWCQAAAFRhmZDzWCYAAABQhWVCzmOZAAAAQBWWCTmPZQIAAABVWCbkPJYJAAAAVGGZkPNYJgAAAFCFZULOY5kAAABAFZYJOY9lAgAAAFVcLROPN2BV/+su+y0or2OZAAAAQBWHy+RmdLbirXfFGunsOi/e/Hh0vDb0H+JNcdx+U8rfWCYAAABQxeEyESOkte1D+1HjuP0Q5W8sEwAAAKjiZJmU7QkNf3zdftRIHBfXzs/H7FfctpF2z+5QsPFsR8vpovIW+7W0atGeZvuhTYllAgAAAFWcLBPzxMjIx9cP/aJJHmxt+9A8iyKuvTjwsTy+xtoOBLqj9oMb13hLyH7oji7a7wv12w9ufCwTAAAAqOJwmZjPKrE+dkusFHn8QKDRcvM1JZZJJGE7FvFUR8xLVd5AWeOocSE42N6gf2pfsM9cMj0NnuLmtuqQOFjVMiDfuck4UnqovW8mbhyI1PRqi1c6xcHpQf2ftq//ji8X4+T69essEwAAACjhZJk0tfSYOyR7mWQfX3PxUp/+jjXtg6kjyy6T9IApMj9Ljz5Uku9wNNg0YVw4Emwzd0uiv6YkMG4c83iDVT3J8zJVTr7CLV+0v6Y8Zz8ulgkAAADccLJMRGfPXVx2mWQfX0exyYvtp/VxEjH3w/LLRN782JuBac1cJsHkoUst/tZJ8e+a4vTNRhprW6Y0/aMdCs+nDubnMtHi0x0nW0bW/yQfFbFMAAAA4IbDZSJaWFi0vTxXpHdIS32TE+vx9eZLvvttlkl3IDCimcukNnkoETZv5rd+AT0NNb3iXxHzKrN8XCbxopK6+gub+GSdzFgmAAAAcMP5Mlkp98ukMmuZlC23TCznTFIHVz1nkt/LZPpMQw5nicYyAQAAgDtul8nApVExDPa8fVweEW/uKv2l5SZrqsoXrG8Pd3SFjx2oLToUNg+KD9UR7m+qqfX50svEU34y0tvf1njSU9Ks30hfJodLA+2R3rPpiRKNeEpCkYHB/eUBj888o5KxTDoOBYLtg2PX5HNa7uymz5zM7SzRWCYAAABwx+0ykU95tzr3Yfo1stS2zLkO66O5KHexTAAAAOCG22XS2vahdZN4S345NHzVfiN1sUy2bCwTAAAAuOF2mWxyLJMtG8sEAAAAbtxhy4S2bCwTAAAAuMEyITWxTAAAAOAGy4TUxDIBAACAGywTUhPLBAAAAG6wTEhNLBMAAAC4wTIhNbFMAAAA4AbLhNTEMgEAAIAbLBNSE8sEAAAAbrBMSE0sEwAAALjBMiE1sUwAAADgBsuE1MQyAQAAgBssE1ITywQAAABusExITSwTAAAAuMEyITWxTAAAAOAGy4TUxDIBAACAGywTUhPLBAAAAG6wTEhNLBMAAAC4wTIhNbFMAAAA4AbLhNTEMgEAAIAbLBNSE8sEAAAAbrBMSE0sEwAAALjBMiE1sUwAAADgBsuE1MQyAQAAgBssE1ITywQAAABusExITSwTAAAAuMEyITWxTAAAAOAGy4TUxDIBAACAGywTUhPLBAAAAG6wTEhNLBMAAAC4oXaZxEt9gf0fzNkP0zaIZQIAAAA3lC2TcyfqPL7gohYpaxy1X7eWRts93oC/Zdx6rNQbqOqxHlgxj7fBfmjlakoC0/Zj5DaWCQAAANxwv0xiF8OdNfsOi13RNxPXXCyTouKAp7LTeszj25BlUlcRmLcfu7OL9jTbD216LBMAAAC44WCZ9IsRYhEam7E+fCviq+7sux63HFlbo+1VHeH9voA8MP/ByaZIu6plEjkaHLEfy6tqytM/dTmJZQIAAAA3HCyTSOYysU0C49qSlsyDa2jUGCG9zcGIsWomOv3egNbTYC4TsVKK/A0Xr43t3x3ontWPjDTW1lcHj7WEI1P6m+aXUVUSGIwZHy0a8eyui/Se9/kCRdURLTF3rCLQNzU5PTUprqz3m3fiR8WFIl9tR1c4WB6oGzSOJfo9/mZxs8GuhqLqs8ahOyYxTnyhfvvRzYplAgAAADccLJMNO2eij5BhjxgSmjbeEvIUN8tlki7SHPxI/7dYJh5/uzysL5OZsMefXESRo8HuqH5B/zjew5qxRuQ5E+syqRsxvtToWd9xfZrMd9QlJ4r+WLLbnIfZckX7c3jmhGUCAAAANxwsEz1xn95cJmOx2MWu9qCK55mYI0Q/VaI/9/2wvhDkMpkZaArVFfn0z2geEcukO/3OYpnoX4B805+xnfTjKy2T1LFRcxFNt4bqU1++Po3uqKbPNBSV1NmPblYsEwAAALjhcJlUpU6YyCPma3NFXS+TpsrAuBb3lJ/WT12klkmp2CQVzWNTk9MDp1dYJoG+xtp68wSIsUymjcdumbQ1LxNt9rzH37KYmBvvbSlrcvQDyVlxMUvqLxininIRywQAAABuOFwmdRXp0xGWXHw/k9Qy0WbDpRWHmyaMy8llMuapaDd3ReRocIVloj/yan9xwLxjLm4mV4pZ24G1LRNtrigQTh28g9Jnif3Y5sYyAQAAgBsOl4nW21xkLJNu/RFcKpLLRNOK5OBJnTM5dzzk8wU8vuBYbHCVZSLuoHu8h49d0r+kjlBIfHlFu2v9IeOJ7Ilx88FgY7dZJnH5GLCivc2pa7d80WH7kU2PZQIAAAA3nC4TbaCmxLgHX37afs2d3EhrXVXj2Y6usODfHYgk7DeglWKZAAAAwA3HyyQ/M1/Iy2ykvrbNeIViWkssEwAAALjBMslsZsBXbJwLKg429c3Yr6WVY5kAAADADZYJqYllAgAAADdYJqQmlgkAAADcYJmQmlgmAAAAcINlQmpimQAAAMANlgmpiWUCAAAAN1gmpCaWCQAAANxgmZCaWCYAAABwg2VCamKZAAAAwA2WCamJZQIAAAA3WCakJpYJAAAA3GCZkJpYJgAAAHCDZUJqYpkAAADADZYJqYllAgAAADdYJqQmlgkAAADcYJmQmlgmAAAAcINlQmpimQAAAMANlgmpiWUCAAAAN1gmpCaWCQAAANxgmZCaWCYAAABwg2VCamKZAAAAwA2WCamJZQIAAAA3WCakJpYJAAAA3GCZkJpYJgAAAHCDZUJqYpkAAADADZYJqYllAgAAADdYJqQmlgkAAADcYJmQmlgmAAAAcINlQmpimQAAAMANlgmpiWUCAAAAN5wsk5HGWo83YKofSR4s9SWPlDWOZtyatkcsEwAAALjhbpn4gvJgtKeBZbKdY5kAAADADXfLxJteJtNnVCyTwdPWj0l3UCwTAAAAuOFkmYw11QZ7opoWL0qOk7g5S6rOzER7GsqaxuzvsMYS/cHiwHRrqGPWfg1t/VgmAAAAcMPJMtESc+a/zUGyv+ZkaqLozSfSN1xX8x+c9HhD2mzY3zqZPNTTENFipcWB5JHEuLjsKQ6OxZLXD7afLjKe3+I/fj55iHIUywQAAABuOFomlgZPJB/ZtWi/Zt35xcj5QN88Rd7DyUM9DZ6SBnkDj7fWvFCUuqWsqTLg9EwNqYllAgAAADccLZMNOWcynHruii5ifpCehvr0k1b6rTfwVEfEobGu076S5JHUi4RRbmKZAAAAwA0ny2RDnmcSaa56L9zRZXjvZFVPXD9oWyaHzk5PTSZFY5o27vEFI1f0N9sCLJMcxzIBAACAG06WyUa8Ntd+X8D6pscbapqwLRPN/rJdHzXsP2MMGE3z+1gmOY5lAgAAADdcLZPMERJf7uBa05/7bsnvDfhbxm3LpH5voLS6vaMrXLk3GOzRtNmIp6Ru+trguZbm0vIgyyS3sUwAAADghqtl4uF7wFMqlgkAAADccLJMiLJjmQAAAMANlgmpiWUCAAAAN1gmpCaWCQAAANxgmZCaWCYAAABwg2VCamKZAAAAwA2WCamJZQIAAAA3WCakJpYJAAAA3GCZkJpYJgAAAHCDZUJqYpkAAADADZYJqYllAgAAADdYJqQmlgkAAADcYJmQmlgmAAAAcOP/B1EKQ5IvzTj8AAAAAElFTkSuQmCC" alt="Screenshot" width="100%" ></p>
<p><img src="data:image/png;base64,iVBORw0KGgoAAAANSUhEUgAABDMAAAIGCAIAAADGMlPIAAB6M0lEQVR4Xuzdf1xUd57n+3087r1z/9h9bM/j7t3Zu497d3c26Z5f2emZYTo9bs/02l3dpOlOS0JL0tGYhHRGjRmTTBs7HZNO0h1jpzoBCRKDEY0xBUooRQ0RDSCI2CAqoLREFH+hBFGqAAGV33W/33NOfevUqQKhKCmsej0fn8g533PqnKqS4PfN93tO/RsPEA5truvWJgAAAGBiRGfy31jbgJCQTAAAABAykgnChmQCAACAkJFMEDYkEwAAAISMZIKwIZkAAAAgZCQThA3JBAAAACEjmSBsSCYAAAAIGckEYUMyAQAAQMhIJggbkgkAAABCRjJB2JBMAAAAEDKSCcKGZIJY0NU/2nZ95Mu+MJQ4lPXoAADEMJIJwoZkgqjnvjkaGDCmUuKA1nMAABCrQkwmA8Oe1p7hk66hLzq0cqkaluU2VaesU10jvYP8AxzlSCaIYoMjnsBcEa4SBwcAAKEkk76B0f++pv2uzCt3vXflrrVX7nr/6l3rRHXc9UHHXetdd22Q9bXstseKe1OKe7760dW7HV13O7rvzu0ubR2yHgtRhGSCaNU/HOahkqBlPSsAADEmlGSy5lDv+Mnkz7Pbkne73f2j1wdHErZfUcnk7i3XrMcKk58vf/GRRx8XZd0QVvopbvdZ7lwkE0SlwRFPuC4sGb8YOQEAxLhQksl/f/fyOMnkL7Jby1oHrw2MSp5Rd//w3Y5OlUw6b88Vn9+NT/jvX/tLUdYNYaWf4naf5c419WTiLCgxV8UFvfmSpb3b/1EzQXX6wqT0GmvrpAx3PP3owqS5zyxYlGbddAttzzrbrG0In8AIcfvKem4AAGJJ+JPJz0o6RSwZHpEJRPx3bWDk7o99yeQ2XW1CMpkJpp5M7Gl56e9vN2pN3tZjenOjPd3pbXempue1+j8qUNLchUFqislhXJNKJg1Zz1ibPJ6iVxbmVp7sunyytqTBuk0c/+1nBq1tii+ZjLubYXWKeDfW+DV1NTyphaL1lW1+Dx9sq3ZmPfzwwqRHnt/1B78Bz8HLNc73Vop39eGU5Q1d5i2erlNluW++Jt/wR62PEo9b+eLz8oAPP5NbaUlTwTc9G/j3OHfhJe9WS/vqQ+pxIulde+m552V7wJM3EztYm/wNDE9rMhGnAwAgZoU5mTxV4hZRRA6WiFgy6hkcHv3w1IB5NlcfySR6hSOZ7PStHCvxJZP8Rm9rW3H2rZOJ1c3apDfL+qyt4TTxZNJVuDJpyWsry6zvVdLj2ZYWs3EjxySSSV9ZWu2ZHc+ak0lf5YL0SmO5Zceyh7099eGW1aag0l6WtkB14lt2HLjsO0/JW8+XeN/c6vQVXaa+dVfVmpX71Su9npRiOu+VsgXrVQYbZ5NV0tyVvuWf7zBtMWtLeiFfrfSd3PLS7g7TVs3w2U1LFoq/OGu7v8DwcLvL+gwAAIgZ4Uwmic729uvaHC7N8MjorrMDXzNdAU8yiW4zNpn4utS3zcSTyYK5y3PPyz8t7WN3sm9pwrO5hltkj7/VnEwa1j/u/+YMNzyde9avxatr98pqa5vu2jivXbwuY4ijdYfT/28uae4KoyXYJr915Q/Z6//gWxvzvIfWWJ6qdZhI/EU8vLLIJf/iLO0Wgckh5Hozt/Pvym8EtlvK+gwAAIgZ4UwmSyuud/X7kkn/4OgD2768++MukkmMmKHJRBswMTcccGbp83yefNGvtyq7uV0NckLR3IWbTskWvce/9kW584EeY7dduWkPa3OEzOMGlmSy7OFnlu1sUatmSSt2d3k8uUtMHeLzu/WTqvlIendZnFc7kbzsxNKBbijMkpvmLlz25ha/MZNx+9mXnK9dGvZ4jmT5uukt+c8GxLakF8bISFXW7r4yZkIwJ5PLO8yhQm6am1Zyc8xNfuteB95aaJo71vbkx8FDlHiNRf5zzJIWbfFb76v5XZX8dt31gvXlm41zS66tuzq/sl7WfXt7j/datwatCSYTcVLr8wAAIDaENZkcuHm+Z3RkxIgm1wZG/ufHrSST2BGOZLK95miDUbsLfclkU4W3/fDW9yeXTMYfMEl62NcDTvr5mtVVfhckJL255ncpr5lbPB5fGmlY/3zSEqO/a04mq1MWjjVzrKtw5QG9L+7abZrmJJnHTMTRLOc1Rw7Rma42nWDZI8snlEyGG5Y5tbB0aI1KJpecKwIHE8YYr+jYtWKMg7t2rzX+pqyq058/YH6qDy9s9871ql2/3O9VjL3JzH/OW03gpDhlwdzn1TF2vf68jGQmavKY8+djvCjNOJ+rKJKJvlBZ1vWVjdcCdwisCSYTPnsRABAae1pJrbVtPN0nKuxpeUX+v+XblOF0ntA7K15t1XqXLHXj4Un1wUIQhmRy7wfnf7j57N+ua/mbDZc+OjnS1qeFEy2euG8Oz8r5cvxk8uKKV/Tu/pGjtarrL+p3qasHB329wPt++GPzVlFJyT9VWwOTyV1/9ld6yze/9e0LF1r++u/u1Vd/Ov+xr/3lX6uDfP8H96uHiOf80cc5lrO89mvfpHbVqK8ODw+b9xSras/YNPVkEnYiPKhLIIIyd0yTAmdYPZxmBIngalZ7Y49KJs4XFlo6wWYL5vqufbcEAEsysZzXHDmSVuw2bZFToSaSTBY87P1ONiWT2jULA2eRBY6iCJuWLFwwxsDI03Of91uXs8W0IaCnXusLeCsa1i/XRoeeD7weZpxNOpHr/P42hzvWO8u6uq51dbU0lOwQj1XZRrfrjWfkAR+1/rU6TeMk4yeTcW4W7E0mg8kfds6uNPLGm8duNHUOrSnorNRWa/Z3fSW76/jl/o/+IHcwkomrb9a4+USc1Po8AACYgMkmE3va59amoLzJZBpMNZn8xXsXNzf2V14a2HCs96+y25/Z33voyujNIWPkRPT102p7J5hM7vmbv7ekguSfPqrv83ZqumWTXlnr1us7WJLJ9h071T4ilogWlUwCz/JB9kb9USK0WDbpVVdv/G2oFn31ZwufVi0pT43Xv4kRMzCZjD9g4rEkk4ezTFu0lhd2tFua/AQmk+tjToWSrpvnFK1U15prLMnEcl5T5GgJmMJUe+tk0lepT16SLGMmAckk2O2q5BXqwccx+mqsieVmS21l5YHKyl25a5IeWW5+UN/JHQ8vScs91OJMfU0smLaMt0nxmwIXoOtI9oI1vh/I7VVZD/88q/1U2fpXlosF047irfZdHD9+MgmMDarUbK4X6/rPWbae73nzklxYslGElpuqXU8m4s+mgKNZyvo8AACYgMknkxJrU1B3UDJ5t37gxqD20SWjnsNtA/dsuLJkf8+h9tEv+0a1gZNReddg0+eZjJNMRD351KK3fveOORWIHaqqD5lbLHW8Qc5PNycTNVoi6sxZow+nkomov/vGrF+/8ab5IJanEVhDQ/LT682r5lgy/7EU9XJi2UxLJsEHTK6UJT3y/LI3N9eeauvqurbpOVMyCeyjB4wS9J3ckvTo8l2Vldqv6stW+iWTyqSUt8ZJJvKuXP53uTVP6LIkE7Uc0FLjd29c6RbXmVza+Zrfna8mP5sr6WHrsINhuCXpX8a7pZjHe8W/dGbL6kP+E9jmLt90ZsxN5lVNh3WwKMBqb9jrK0vTZ655XTem7d2sXZ3i9xaNn0wmMGYy8uXJa3ev79KWBx/d2nn3RhlX3rwgN31lfZe+oJfIJHd/3PmV3J7Ao5mLMRMAiDGD3V2dolzHShx1suOSXVBdc7b9THVJ5l55qWZW2s6C0pKCioYzbk9tfp49rzozv7rmhPin3+UsbThztbOqYHuR9hFwRjJprU4vUBfomjRWlJ28dKHhoH1Lg2ewT5zRnva5+FNsEYctznZWHW3ol6czPrYhKz3v+MXOmr1FqWuceos9u9o8m6u9siiz8LSpQRjM2mt8Gl1opppM1jcOu28ac7fEn4fbB+75UIaTD08On7s22tU/uu3s4ATHTHK3fqK3iOOoTv+l1lZzQlCPUi1f/Yv/IVZt8T8076bXFyeb1P4qmYjcorecPt1sPqxavufrcepRD859WG8UOcS8j7lu3Bhvuk9MmXoyCeN1JutTFia9Umxt1SZomVc3LZpEMpFzn7wXlkg3/ZPJz+WmvkNrLJ1sxTyVSzfWDXADA4appSHgTly+lsAHerQxkKAlH3V5x7KAEZKk53xDCh45Dcx/spYiYslT1lGmQKLrrz+9wAygvWnyVQfdpD60RHO9Ov2Zc34tQeR6c6Yay1L0U6wOeBO8ZY1nuolcZ/LlH679iZZMRPBQLXogCTpm0lTf/bOGgcADquI6EwCIScP2DOvcKpEEPFpUyCo1/qGXySQ9cKCjTd9BJpPWw/aNh63b/amhErUgDlvr/bWYkUxGGjKLvf2NcxVBk4k0eCl1hxFOLhTvtK8r99s6eVNNJsv332zqGh3yXljSPzy6eK/rmzmXnyrr2d0ycqh99J9Lr00wmbS0XFSNqt9/8dIltfzt73xf7RD3zW+pdo9pzETV1+O+qXb2mJLJ/YlJqtF8BLX8W/vbagc1XPPNb33bvI8q87UuCEcyCdu9uZK0e8IGssSPl0xd2FsmE9G79Ws5lq1mi3lnc0mW8ON13S/VaMY6e2DAMLVct9xqzNNVPH4ysTKNmXg8Z61TpIZrzJ8l0l6WFjxoDXeUvPV88Pld/n43d6F+nXrQ+KGnx6Cbuszrrt3m92osKiiOlUwCjdWu6xkYL5kcv9wv6r4PO7+SL4dBdu/p/Kh14Mvugfs+MsZMfNeZ1Fz/0ncF/MBXPuwOPKAqcVLr8wAARL2T5VuPGf+sFucXpr/ntKflqWSiJlPJZKI1aga3btyenpFn90YXe5ozdU1eQXPAVZ66axcy39cOGyyZqM6VcTrzDC7vcpBk4vEUZefJmUWeQRFLjl8b49QTNtVk8tXMi2/VDJ7tHu2Vc7rkVhFO5n969e6NHX+x4eJfbrj1vbl+8cuX9V5+R4evI6m6/i0XL6rlhx4xLjsRRMBQ7Z5gyeSev/l7tbOgLi8xH8R8BLX84Ucfqx1EWNIb9ZEZyylEPfCTh9TOmDnJZNMS/36tiXmaUFfVmgWmT/O4ZTI5l7vclDoGk1KeD5pMPK5i4y5YJvLq7cDRtWPZ6q5WE04m8tWZL7Kf6L25FL9kIu/ZteAtb9TRPmlRxY0Fc58PHkvGvuzkksvv8vWuI9lPq6tizm9ZttV0hcxwh+8gwTb5Vj2etY8vXJDly0u6rvN+19ucK3xLfZzi4P40v9us9Z0ca5bd+MnEM+6lJreprM8AABDtjhc47WuMkFCxOU91iMdPJtlped4dm3xjJh7Pp+vyAv+JbtzltGeU68sTSiYjDVll3oteW8dLJh4tnEx9tEQ31WRy13vtsz9yV10eveL9jEXx56YT1+M+vHj3ps67P+oMYzL5y7/+O7WDiAqq3WNKJv/jb7+h2mtr69T+E08mj6U8pXZYv+FDvfG+H/7YvI+5ent71f4xbuYkk6S5zx/QLsL2r5Me7Za7v3NWNl2+1lC5O+mR10renEQy0a9SWF/Y0HX55O+ee6bkykk1Gcwvmeh9+iPmd0MOTQS75dTZpLcq9faJJxN5qcxTK8VL6Oq6tmvjShEeppRMZLZZmFvS0HW+4cmHFz78ovE0+g6teXpNsfU9rJOJqzr9+dW7rW9vbYt8vc/OXbjWWXbgWIt4bgcKtyTNfcb8w1EEudzCyobz19pP1T776MIiU3wbZ5NHy5PGxSom4sW+9N6O9q5r4pkfKNyc5Dfr7HrS3IXOklrxNM4dq3z6kYUNgT+kNSQTAEDEpaY5fQMm2Xn9+tLI6fGTSZZKJo3l5mQigkR2pXXeiHzg+xXaomtCycTTqU7UWrpz/GTiGbw09dES3ZSTydorX13bdqR9uGfAl0z2tw78IPd8uJLJr177tVr9u2/M2vt58T1fj1Mt7655z2O6zkQs/+03/kFtVeHklsnkH771v9Rqwv0P7Pq08MmnFqmWk03ykhXz/psdvvsL3/ejOeqYsWzmJBMgXMa51OR2FBeZAEDMOVaizbDSSnR4Rlyp6XLZebR9/GTi6WjQH1XTPuiXTLRBjFbrb7r6TpUWiZ0dpWezJpRMPH3N1WL/zC3Vp/ou3CKZhM9Uk8ndmW3FLQND2ieYeLRYcm1gdN5nHXdvuBKuZOIx5QpL/f0//KO+v+WuwWfPnVP7VB+Sv8m+ZTIxr1pqwRM/C7r/1k/yVQvhxBOOZOK7/F2rM269udPSbvwuAZgWgfnh9pX13AAAxJKpJpPv5rRfuaHfH1hGjuGR0covh762of2uD91hTCYXLrRY0oJe7Veu6PsHftLivf/zn/SWP7/nbyoP/n4iyaRoz+d/941ZllN89S/+h37L4MD9Pf53KO7slLddi2VTTybADHT1hjU/3KYSJ7KeGwCAkLSW7vQNxfiuSJnppppMtp4euTmkX/ruGRKxpG3wa+vb79ronngymZTqQzVrsz44fOSodUNYle+vWLd+Q+HuIusGjItkgmjVPzwdc7qsZwUAIMZMNZnYjw6dvzYyODw6MDRacWnwqx9cvWuDa5xk0jO1ZIKZjGSCKDY4chundQ2SSgAACC2Z/NV77SqZfHur+/NLI+eujTZ3jy7c7bprvYtkErNIJohu3WN/vMlUqpsPMAEAQBNKMrnWP2q+N9dfbuiI2+z6s/VX7/qgY/xksqlpwHosRBGSCWJBV/9o23VrugitxKGsRwcAIIaFkkw82sSGJtfQFx3ecqkaluU2VadRfUP8GxzlSCYAAAAIWYjJBAhEMgEAAEDISCYIG5IJAAAAQkYyQdiQTAAAABAykgnChmQCAACAkJFMEDYkEwAAAISMZIKwIZkAAAAgZCQThA3JBAAAACEjmSBsSCYAAAAIGckEYUMyAQAAQMhIJggbkgkAAABCRjJB2JBMAAAAEDKSCcKGZAIAAICQkUwQNiQTAAAAhEwmE/EfRVEURVEURVFUZIsxE4Suo6PjqJf4Zrpxc4iiKIqiKIqiQiuSCUKnYgnJhKIoiqIoippikUwQOpIJRVEURVEUFa4imSB0JBOKoiiKoigqXEUyQehIJhRFURRFUVS4imSC0JFMKIqiKIqa4eXqvnniXGd015nWa5ZXvav55h+v7/zKNJY4nThp4Ps/qSKZIHQkE4qiKIqiZnhd6xuw9mCikTmcfDO/OzA5TE8Fvv+TKpIJQkcyoSiKoihqhpe1+xKlTpzzpYLAwDBtFfj+T6pIJggdyYSiKIqiqBle1u5LlCKZINaRTCiKoiiKmuFl7b5EKZIJYh3JhKIoiqKoGV7W7kuUIpkg1pFMKIqiKIqa4WXtvkQpkgliHcmEoiiKoqgZXtbuS5QimSDWkUwoiqIoiprhZe2+RCmSCWIdyYSiKIqiqBle1u7LhM2bN8/S8txzzzkcDktjyA4cONDR0WFtDRXJBLGOZEJRFEVR1Awva/fF39DQUGJi4oYNG6wbJpxMXn31VREwXnzxxQcffNCyaXyTSibiLNYmfxNPJgMjnqrLQ/9Scb2y7RZ7hlCB7/+kimSC0JFMKIqiKIqa4WXtvvg7d+7cunXrnn76aeuGCSeTN998U/zZ1dW1cOFCy6bxTSqZiFNbm/xNPJmcvTby959cC2wPSwW+/5MqkglCRzKhKIqiKGqGl7X74m/JkiWjo6OrV68Wf4pV8eeDDz548ODBxsbG733ve/o+paWlO3bsaGlpiY+PHyuZ9PT0LF68WCxcv379l7/85alTp9xut1hdtmzZ+fPnKysrk5KS9P2fffbZS5cuid1+/OMf68lELOuHFasirui7zZkz5+rVqzU1NUND8iWEMZkMjngKzw+aWz462T/ns55TXcPJe3rF6nHXsB5degdHN37RLxY6+0f/uazv6f19rX0jgQc0V+D7P6kimSB0JBOKoiiKomZ4Wbsv/n71q195tBGPvXv3ioWTGn3TQw89pC+owRORPQKTiU2zfPlyEV08WsxYt26d2qoShTisSDvmFnHGsZKJOaLowphMRD1a3HtjaHTH2QFz4+9qb4oSCz/d21t0YfC7O3oOtRuHEqFFXxARJfBo5gp8/ydVJBOEjmRCURRFUdQML2v3xcTlcum5Qo8WHm2GlUomKpDMmTNHXwg6m+vVV18VwUatqpihU4lChQ3VomZzBSaTU6dO3dZkIur7O3tuDhkxY/PJ/v5heRA9mYi62DvyWs2N9GNyNeHTHvOJAg9lrsD3f1JFMkHoSCYURVEURc3wsnZfTH7961+r5SVLlog/r169+tlnn+kt9913n74gUoE+1+vBBx8MTCb6bC7FkkySk5P1BXFYEYQ8pqGY1atXq2Ty0UcfiYXq6mo9kPT394ut+m66sCcTUde1ZCKCx8lOOSSy8Yt+czJp6fFN3Lp64xZDJaoC3/9JFckEoSOZUBRFURQ1w8vafTExX+PudDp7e3tFAnnkkUdEQjh58qS6zmTPnj1FRUXnz58f5zoTxZJMXn31Vct1Jk8//XRLS0tXV5fIOeoK+EcffVQ88KmnnrJcZ1JeXt7TI4csHnjggX6NvjXQBJOJyCF5zQM/r7z+XsPNL70XjXQPjP5gV0/PwKhKJntbBq8N+NJIZ//ob4/eWFzet6fF7wKVwAp8/ydVJBOEjmRCURRFUdQML2v3JUpNMJnc7gp8/ydVJBOEjmRCURRFUdQML2v3JUqRTBDrSCYURVEURc3wsnZfohTJBLGOZEJRFEVR1Awva/clSpFMEOtIJhRFURRFzfCydl+iFMkEsY5kQlEURVHUDC9r9yVKkUwQ60gmFEVRFEXN8LJ2X6IUyQSxjmRCURRFUdQML2v3JUqRTBDrSCYURVEURc3wutY3YO3BRKMzrdfUS/5mfndgZpieCnz/J1UkE4SOZEJRFEVR1AwvV/fNE+c6o7vMsUSvXc03/zggNtzWEqcTJw18/ydVJBOEjmRCURRFURRFhatIJggdyYSiKIqiKIoKV5FMEDqSCUVRFEVRFBWuIpkgdCQTiqIoiqIoKlxFMkHoSCYURVEURVFUuIpkgtCRTCiKoiiKoqhwFckEoSOZUBRFURRFUeGqUJLJnA36fYu7rBum14E3bS3WNkwrSzLp6b0p6lrPDXN1X7tOURRFURRFxXhZuoh6v1FUb1+/Xn3XB0JJJjWHri3d0/319Z1L91wLUuW9TdetD5mQYXfzZxkJ8TZbQmJ+vdu6NQDJJOKCJpPAcEI+oSiKoiiKis0K7BaaY0kYkomuptj60Y+q/rnRuvME9Npsiav2G4GkedMim83mv4MVySTiLMlEfEuZv8+CRhSKoiiKoigqNsvSUVSZRI8lU0omnis9gZkk5GTS/EFyjiVnVK56fb/8antu56HMRYkJtox6ufrOkkQRWhIeW2FOJq/LxoQc70jLKlviQHO+2E1bH1j6WIJYXvSb/Lpbj8RgEgKTiV6WbzviCkVRFEVRVOxUYPfPUoGZZMrJxHMjMJOEnEx2PmerszS15id/0Cy+2p7KSEhZsdFZKnNFS74t+YW6o4dKne8kJhnJpLdyVfIvNtZVFdlsifpDV4kckpBctK9ULLsLlr6woaiuqnTpUxl1w+roCIOxksktwwlFURRFURQVg2XuLoY3mXgCM4lWXa+ct+55SzlPBU7NOmB784D4YrPNV02r4n1TvDamaA+pz0j0BpKWj1PyW7XdbLYB724ymXxsTT1RZdhtW5RlbliVnNBrXr9tLMlEfD8FfrcRVyiKoiiKomKzAnuDqsyBRK/rNwanlEzmrO/8/EL/zRFrewiCzuZaVSm/2myrVNtS08Un+mwuETxsthS314A2KrLKco3KgPv1lITkX+xsidYxE1M4mbZY4gmWTFQFfv9RFEVRFEVRMV6BgUTFkqkmk/j1ndamkDVvnK/N3fLqLXrJVnpDLpmTiXnMxBhmkWMm1mvlrclEI3ZbWhC1F5oceDOxUSSS3gPz352+AaJxkgkRhaIoiqIoilIV2Eu0xJKpJpM5G603Dp7Kh5xsXCKvU8/5rLTUuVEsJL8lp3J5/JOJ51yO9zqTDPN1JrbkpaX7Sjf+ZqneYk4mh9LmF1U1NlYV2eIX5QfMGIsmIpzMT5u+WOKZWDKhKIqiKIqiqMBSgSQ8yeQr6ztXatd1GG72iZabpgZEN0syUd9Vgd95FEVRFEVRFNUXLJCEJ5kcb7Be0ZBfG9qHLOKONFYyIaJQFEVRFEVR5grsKAbWlJIJYtwtkwlFURRFURRFTbBIJggdyYSiKIqiKIoKS924OUQyQehIJhRFURRFUdQUS2QSvUgmCJ0lmYjvp8BvNYqiKIqiKIqylEoj5iKZIHSByUSvwG8+iqIoiqIoitIrMJOQTDBVYyWTiVTg9+h1v3t5WT+dh6IoiqIoipppJfps5rtvBXb5JlUkE4RuKskksPRkon+X9/TepCiKoiiKou6I0iPK+OMhEymSCUIXxmSifSvLWDI8PDI6aj0RAAAAZizRf7vZL3/FTDJBxIQ3mYhYYj0BAAAA7hBDQyNTDCckE4QufMlEhmyRtq0nAAAAwJ2jt0/O6RJdu4DO3oSKZILQhSuZ6FeYMIkLAADgjqYnk5CHTUgmCF0YkwlTuQAAAO50Pb03r98IfUIXyQShI5kAAABAIZkgYkgmAAAAUEQymcpF8CQThI5kAgAAAIVkgoghmQAAAEC5Y5LJyb6TVJQVyQQAAAAKyYSKWJFMAAAAoJBMqIgVyQQAAAAKyYSKWJFMAAAAoJBMqIgVyQQAAAAKyYSKWJFMAAAAoJBMqIgVyQQAAAAKyYSKWJFMAAAAoJBMqIgVyQQAAAAKyYSKWJFMAAAAoJBMqIgVyQQAAABKFCeToidyywMaqRlUJBMAAAAo0ZNM0p+02X69NbDdUs/afhnYSEWkSCYAAABQYi6Z2EgmM6ZIJgAAAFCiOJlsnb9RzuayxT908FJNzR92LsstbmirsdmerRGrbQ2BR6CmuUgmAAAAUGIimTSYdmPMZObUTEsmgUemKIqiKIqiJljWrtXkRX8y2bZ6vu1H8599f6PeTjKZOUUyoSiKoiiKipqydq0mL/qTiVHXamzxz54kmcykIplQFEVRFEVFTVm7VpMXM8lEZpIntD+XBT6WikjNtGQCAACACIquZOL1y5KTKpk8MfcHsulHDxZ3yt2KNj4r1n6wdF3gEahpLpIJAAAAlOhJJtQdVyQTAAAAKCQTKmJFMgEAAIBCMqEiViQTAAAAKCQTKmJFMgEAAIBCMqEiViQTAAAAKCQTKmJFMgEAAIBCMqEiViQTAAAAKCQTKmJFMgEAAIBCMqEiViQTAAAAKCQTKmJFMgEAAIBCMqEiViQTAAAAKHdMMkH0IZkAAABAIZkgYu7cZNJaulP8aU/LU5VV2rbVt1qib3UcuWk8wH1YNNaajgDgdqjN9/1fqbecqigRy6nri4pPXdNb7Bmfq/3t+Y3yT9P/yGrTNKspLBRPIH1jeU37oFxvqy5Wz6Wt2vvTY7hxh9PlbRYvtrbPWLa8EO8PJfGTqtHcuC3HeFuELLk1hqgf0QV18i1Uq1srznq0N9P7tz+Yvd4pN63Z3m7aTf/BDsX8faV/+4nv4cyMPHu6U/8eDtxByE5zqiNk8ZYiGJIJIuZOTyZSW7X6113rBPhk7SrPTivUl4vWOUkmwPRx1249JvvsropC1Xf3nCzX+/pbSw87Txi/NTA69N5uU4TIvNE6Yqy4KgtrbwRPJv1HPrdvaUjfc0Fvlp3pdKOf53sJpgeafyh5d7iZmt8of1yeq6hwq40xQb0b4t32W90lV1Uysaf7/SS3/GCHv8at3l8BBPke1qgdNJeKTjVUeTeRTBAUyQQRE+XJpLRNdCO0HsSwWCaZANPGnl6kffV1m4x2rXcu/n8sys7L1Pr3MyKZmH6MaDplFzlYMsnKKG8c8ZRtMl6U6Ex7RtrML0TfedxkInuQIt6kpvsGjmKEejfk++ZbHdTTnTeZNG49ph4hkUzG5ftfLMj3sMb8/6D+zqeuO6ivkkwQFMkEERN1ycRv2Fr+XB5p/PScx3OjocztIZkA06SvYVONPlDSaOlW2rOrPfr/m+cqMrVNlklQvjAwneSPEb8umnxWwZJJ5t5LHm3kRP95p/fzzC9E33n8ZOJx12anOyM4by1SjHej35Wavl1bNf7Sy5rld8vYycQ6Hwkm5mQS8D2sMScTh5aHi9bJ998T8BBARzJBxERdMvHrA+n/8KdmlOu/4CSZANMj1Tcbp6042zxm4tL/rzQ65TeassraZsSYyUjj1nTT8xw5vfXYsOfqYV8yadWSSWP5ha7Obq2yK+SVEnoyMb8Q6ZbJRPsJ1qpWYoblR7R31aUPOnmTSZuaLOe/G4LyJZMg38N6uy+ZuJx12jfw2YON2rwvkgmCIpkgYmIhmRSty8tO1y+IJ5kAt9/IadFNV2t+15mcqyjTrqxQwwWp6YUzIpn4X2fSV1OkzdE/7R35ka9CdJZrtvh6fnZtPoyRTEwvRCKZjGGMZCLfPY/fdSb6VEDrbggm+HUm4ntYzx4eczK5cFB9j+q3hyGZICiSCSIm6pKJug+J/Glr9H7ch+WELpIJMB3kIImamqU3Gffm2lhS5r03l28iU1+9ZTZXBOc46ffmsr9fYtybSwSSugpjupH2zO2bfT9C9Gu4VTJRL0QimYxhrGQiIuun54Z99+YauZa1Rvt+WOM36Yt7cwXjdymX5d5cOmOHkdPODN9dubLTCsvcIpkY720MfjdiHCQTRMydm0wA4HboritJNd1WFQBiDckEEUMyAQAAgEIyQcSQTAAAAKCQTBAxJBMAAAAoJBNEDMkEAAAASvQkk+LsvMx12823fnRm5Omfq4WZiWQCAAAAJaqSSVbpafuWBm/DzdQdp/Vk0nexvmDzTnlHyAJtq3an1+N75C0at1ZfGlKHwPQimQAAAECJsmTSZk//3Fh3Hy664NGTiavy8+yC6u6u9kz9M0plMnFmFhzuvnpBxhXTx3JhOpFMAAAAoERbMqnNz3PJtUtF62QIsczmMj5eSiYT72cDnSzn5vGRQjIBAACAEm3JxNNYXnTBI/5MTSv0eJPJUHtjcb728br6R42ak4l5GdOLZAIAAAAl6pKJSCMZ5Y50p7NxWC7LZNJp33RYG0jxHC8ISCaMmUQOyQQAAABKFCaTsk15mXsv6Y36mIk9zemouHDh5OHUNU6VTNJzDnKdSWSRTAAAAKBEYTLprymSE7o0ejKpLShMTc+zrykcOlGikkltoZzf5Tzazr25IoVkAgAAACV6kskkcG3JzEAyAQAAgEIyQcTMtGQSeGSKoiiKoihqgmXtWk1eTCYTzAwkE4qiKIqiqKgpa9dq8kgmiBiSCUVRFEVRVNSUtWs1eSQTRMxMSyYAAACIIJIJIoZkAgAAAIVkgoghmQAAAEAhmSBiSCYAAABQSCaIGJIJAAAAFJIJIoZkAgAAAIVkgoghmQAAAEAhmSBiSCYAAABQSCaIGJIJAAAAFJIJIoZkAgAAAIVkgoghmdxSzlM2Q3zC6x8fsG4ORnvIKrFw4E2xkCIWUsTXN2/xWO9pbCnPZRQ1ua2bg9F31xdSPm7xtORM5EQW+b9ZpB0n4Z2Jvbqp693/eqL+hD2egdbSBO30Gfsv61v1loTHlvo9BgAATAuSCSImmpLJ6KioQNbdJkvGjJSsRre7sSpHdqDrrTuMY7LJZMVnbndzndZRt00omngZyWTymjfMF49tbL3cWFU0f1m+dfNt4dZfoPaEB8TCqn3N7uYisVA37Cl9RW4SLSuSbLbEd6wPBQAAtxnJBBETNclkZGSkpa3zizOX/3Dqy8bTXzY2f3nyTNv5S1farnQODw9PJaPIZPJUjt7rl53mSrlwuTIn+X6xlpBTryeIFrHicR+Sv/5/69B4Yybu5kU/TRRri94uvTygn8GgDr5K67jLM3p3tt2frO/c6Hxd22hb+naO/pAxx0zcddoztCUvWaGv6mMjKS9tNM6n0Z6hfKq+lo/fWZqSrO0pT6EfU4895rfCGGmJT9hYKd8BY/X+5MZe07GCcRcsTXxKnkAe84YMJHq7fB6VnhXaSxKrA3vkotww7E5J0odV5C63iHcAAGBqSCaImKhJJst/V/jdx9Z///Gs78zP+NPZr/xvf/bUv/3qI7MSXvjOgy+uWu24efPmwMDA0NCQnlKsDx6XbzaXcP98o7WltLl3YKB5o2x8bqeeTOSEqLff2VjlHi+ZeAZKGy+L3ra2f6L3JJJxCu04icv0/GDsfODNRG1neZbmYdmeo8280nYOmkzkWMQLH9dddrvzN+zUV8UR3G73oniZLnxnbcmXW+5PeeezZqOhOCf/aLP+kKUF7qDJRBvZSBQHdzfXNeoDHfGL5NPS3hDfwQMNaxFOHbNSpjB9i4xcbx7QnqceSOSyx71zqc02f4N4Ps1i1T/KAQCA8COZIGKiJpls2Vb++PefXPTQsw9/f0H8Xd/47n/5+nf/05/95O+/M/dbczZtdvb09Fy/fr2/v1+Ekyklk4T5/kMCWiCRHX258Pp+Y+O4ycSgHy+wRZfwlP9EJqMHL/NMyttFjVeNLrq2b7BkonXrffPBtFXbS0VisS5NhByZIpQX5ACJlN/s1/M3wkOwZCJTxFLf1C+5+hsjd/mdN0DLx4sSxZ7BkolcMicTj1zW99SHkmz6OBJw23ReH6o61/t7agLV0HZDvF3WdxBAVCCZIGKiJpn091w7vHJZ9Xtp+f+6JOM79y7/b3/yy7/+0/cf/N6aH3331BdftLa2ulyuvr6+mzdvDg/LQYeJM09hkv3+tw559Ehw//x33tbmVnmTiUoe4ySTVUk2fWhF64Fbk4neBT/wG7kpv9W38zvL5NUgcpu7OSFee6Q2RqEtBUsmLfKSGN+htdWUTfJFtHwsd/Ft0g276z6Q07G8gz+2199+x7hIPVgykS3a0XTyiPcnJ//UKONKdu+5zKfTV5UD53xjLPox9QdoDzZeQt274okkrEhJsAwxAWHn6qOrPQm8XUC0IpkgYqIjmYwMD18uyj+x5aMT2z8pWflK4TPzs7/7jfRv/fnGxx/a/fz83c89ceIPf7h06VJnZ2dvb+/Q0OT+NVVXwDcflROf5AQnrft+aMDj3qddEjKZZCKPkHfZc0POTTK64F42/Qr41kbtyhJbnWnnjdpFHB7PZTm5S7gsn4n+kODJRBtd0WdzFWUutc7mmu+71EQ81Y3OUndzXc4r8rR6HkgU6WtAG58Rxxw+IONX4grxBshjaMkkf6lskrO5WhuzqozJXQNa4mvcZ5oqFsCt+0OWzCEfNA5oTyzr6GX9CvjSG8YV8KJFXgEfv0LOZ3vFtujjZvGgXuZyAQBw+5FMEDHRkUyGBwZaP1r9ZfneC59/Wv7qv3624Hu53/7TrL/9D5t/mlD8s+9vezzx6OHD586dc7lcPT09g4OD1sePy282l83WovW/vWtaiJhMMlmqj3jYbDIhBCQTEzk+oHa2LfIb0JDGHzPxeJLVY7WzaMMvhpxzvpP6vbpFOZ5h485gcm2+PlQycOgtPSvZkpMTjeGj+gy1mxzn6T2gVm2BAzKBTOMw+vvge2BLvmpZpO1Ql+mdbSbS2q0urwcAAFNEMkHEREcyGR0ZOfvh787t+vjUNsf2+fc5vnfPpr/995lx/3nLw98vf/Tb6T/+QVVV1RdffHH58uWurq6BAX73fscoWiYDiVv7Gyv9jTcXAQCA24ZkgoiJjmQyMjL6xoZ9m7Yfzsr9fcbGvb97J/f95Odf/sHjth/+87dtj//gwYX79+9vaGj48ssv3W43yeQOog/XJCQnJ2t3T95pGu0BcCeKuzd+8UqHy3Vu7qy4VqOtRzQePuNqbTzn0veJi2/6svXZ+Lj4Vw/6HnnRMS9uzr6SfaKa2rWW+tXx/7q2tXFf3L3zHOd9O866Ny4u7mX9IS9X+Np9Kl52XLS23aHcjaWl+4x6J0XegGTg6DvJSzPc7ub58b77kSxK8F0wabZxSYI+8K5LtCU0u91Fb83Xx+0HqlYtyjzgbm0ULauq5D+d5p3N/G75iDsfyQQREzXJZPm7RR9uO/LRtpre0srOf3nl/H/9x/qfLc1dtPzb33v8vgcXlpfvP3bsWGtrK8nkDjPsrjM+wiXh9en6iHoAt8/Ade/SEbtd++BaV8HiDWdMP5av75uT2SQXGtfOiZvtaz+/YW7cPN+qx7VjUVyPtrTnhbi4RTuM5vMbHJtfjp1kYjbfuE2IMe2197MX9Cxyec/r89+tC5JMLhfZHsswhQ237RfyFo5iIX+pvEv7zuds3im0bv3ujiSTGEEyQcRETTL5zYby3fv/kJV78Mzv69sWv3rm6z84cM93ljy89J9sT/zk0X8tLy+vr6/X79BFMgGAiOvZs1zGAzkSMtvc3rp5nhooOfiqGlfxeMpejrv3DbUmNor8YSzKgxjLcfM2iOARi8nk6k7tBi0m+1/P9719MjxYk4nGHDZsSdoN63sPvJ4oL/xrzEys0//B7D2gfa4UySRWkEwQMVGTTJal7yksb3gv5+DSN7Z++3H7P/3kpX+8/+nv/Pjpb333seTHlolkcuzYsUuXLnV0dPT3R+x5AsDMd21c1r0nT+QNYfUu2WsWOSQubs4bu5pcrnNxcfFvHBwwpxFzSvEMtB4u2edyuRyvzp23Wc7sbM2Z9+z7B11fNsXHx8/Wkok9XssnMZlMVsRb7z6i3yjFtzqBZOJxH5Ij1L8ouuy9u/478pb1skVfJZnECJIJIiZ6kknG3k0FRzMdB9d89Pmzr29auOzd5JQV9z/0vEgmSQt+ro+ZkEwA4JasWcSfde/JG+hxuc4cXvzDuIM9ejKZrbfveFZOymrKnKMuKDv+9mzTL/194uIWa18HUmyz4mbNdjWsnRM3R7bP2yCbYzKZ2OKXmlcv71mxqtLvboYTSSavJ9vyK+vmJ9gSUjLk+uWihJTXizKXipZD2ngMySRGkEwQMdGTTFYXbdh2NH933a8zCn7yzLsPpvz6/p/+/Kln33jo0RcefvIXZWVlJBMAmAhrFvFn3Tt0rXGvHtQuJjGuHjn34dy4H6/11Nu9saFp7Y+987X8zY6ba17d96KMNPpQjMnLsZNMBopXbJSTrQzu/atW7fef2TWRZNKSk6Vd4CM1ZYm9U2zJ3nVPsnGHepJJTCCZIGKiJpms+rDso+2HP/yk/OGfr/9/43/5/3zjiT+554F/iP/Zd37wVPLjy/bt20cyAYCJsGYRf9a9Q9azZ/bbx2X8eMCIH2JBZpXhw8GvgPfpiZttN6/Ha9PAXI3ytl2y3k2Ji0vZV9JkTSYDrT36JCVLMulqutOvPtw433cbLiEx3pcolFsnk9b8d44ai72fvbDT7VlkXFIv2WxyTMaSTOqqmt36Z3z5J5NDR7UPBcYdi2SCiImaZPLSu7t7tm27uXt7xWfbCkrn/G7zX/7Rf/v+QykvLXruN8mPLSstLa2rqwslmchZAX6sO9wOwz0H318szmUv02+h6Uc9k7lLVlu3BXM8LV7+I2+6QhTARHz425VPLn4x/bMz6m5SMUKFkAe9TMFkqsnk5SfmzJ4lf4ItTvPeTcvjWf6T2XFxs/ZdNAKCq8wudkj57b5WrUGf7tVU8HLKj2f7/ej78hOxGv+ENnHLzDSbS/3AFC2tOfNWa3cD8/vBPs9xcGX8Dv02xHcqt23+RrWifcKvlymN+JarVqkEIttNYeNA5lJ5VUnyoteddXJ9+HJKUoLeYiQQE3E0W3xyhvaWmttFBLQlvKCOGU1OHT3d7v2s5uMX+/y2RZfIJ5PjDRe6R6yNiAVRkkxGRzOPXqj5aEvDug+Lfr34lYx7k//la//nf539vQd+mvjw/B8lLyopKQkxmejkP2Pmu1WGbmDPctP9+YNzLBD/hu4TC747z5iIf0eNidfXD8atvOXBvEgmwKSMGL+D/sKx8sklH/pvi3KWWGIJJ9a9bzvX8j36zYERHjufs14rj4loL9tpT8sTdWHQk54uFyqi9xszwsmku65Evtfryq0bEAOiJplsLqkr2OAoXrP+08+XbNj+T0te+y9//b1Zz7384Itv/PRHcxeLZFJbWxu+ZNIjL7u8d/Y+76/ZREJYu2RO3Kw58sdUz/FZcXFzX3Dom87tWi1WZxm/lHJpvyuUv6XTDnNc/u5w9lyX9y4ouh2L4uJe2CMWlgfLEr5k4mmNW6AtD7tSfih/lehoMH5MLpa/gIxbvHJPq7rtJskECM3hD59c7Dd3KOqpEBKUdW8gRvQ16snE/t52fSGKB00imUwadxnvr6z0wtZSmQizStus+yFKRUkyGRlZ/UHhB9mFb6/e+sgTP0v657g/+uM/+6P/656vx/3om996MP5HC/bv33/8+PHQPwPenEya1s7xdvE3zIvTjxWn3RZGLtwb/0aFbHM5U/aZ88bwwXmbjVtk6sMcTe/Pibt3ub5RZIblJeZn1epYELf4oVkO86ePealkcjhz3if+F3GK47xcIU9hvpsNyQSYig9+/uK/fHjS2hrVrFnEn3VvIHb0NW5dY/SZoziWeCKWTPrOFm30ZhL/CjGZtFWLx2ZX+M2Mz0zL23rM3DBR9rSd1ibcBtGRTEZHhk+/8a+XdhWcyt9Z9NKKdd+455X//B+f+Y//9wqb7dX77nvj/vuOHD166tSpq1evin9WBwe9s0QnzpRM5O1f9BEPrV2/jFK1iGhgzK/ybmo96JB32hcP8k8m8ohai8dyTI/n2fi4uJ+8Yf9J3I7zcjUubvEO0/9VcQ+tPe4SWh2vzn1DH0se7ln80Bx9MEa73HNgzqy4xSuNA5JMgJB9sSV1e3TdxGkirFnEn3VvIGZkapO4jMqutm6OIpFJJs73rIFk6skkNSPPvumwuc2eTjKZ0aInmby+tDXPcebDTRULH8v7sz/J/E///lf//t+u/PY/rvzu/1r5w/gTJ06cP3/e7Xb39PQMDQ1ZH39LoSeTnrh7555ziWDROuFk4oqbt+HcsJzrFXevOOlA3M8+Mcd902wuT9y9y/ddl9elrC1p6hmQxzRuRDPgWvzArLlph3tIJkDohp5ckmptiwHWLOLPujcQG/pPVhid5F0H9QXz9IQoE4FkYo59mbu02/Nda/CFk+yKUyEMU7VVb61pcKTnqYb+I5+XNVZPczKp2Ox7ArilKEkmoyMnV/+q8ZV/qXwsMe+//LsN/+GP3vnKH734f/zvv/zqf/3lX38t65mFly9fdrlcvb29N27cGBmZ/N0ezLO5TF38tQ94Z3ONlUwuOpbv0XY5YlfJRJ/lJT9fzDuba47fbK7js189aKwMu+LijFMofskkbvme66a5ZCqZaMTzfOMgyQQIzdCTS2Mxlnhu8725+vr6OsLKeoLYE963VBzNegIYhmUs2XNWLvY12teUWLdHkelOJpYREtXu8G+vvWF6zES0aSHkZLmzUet5uQ9ni4MfK9GTiX4FS83J0871ecWt2g7HSopKdzpL62svyLWta/K2ltbXVBw8pR3MnuZMzzl45mxTqngyWxq0tkvZhYdrTl6qKizUR3WKs/Ps7znlo44etqdtl7sM9olX0d3V2d0vTuGyryk6fvJ0cUGh9nAEER3JxKNdanLi0/xtC3/64ZxvZP3gnl9/7f/71Tf+JnvZs6W5jp6enuvXr9+8eXNoaGh0dNT6yImwXgGvffCw+Qr4sZKJ+E5+wrgbpneEpGfOrLhZiz6RiwOtQa+AP+58Wb+iffFKsduA2GVe5nG1VZ+1Jcx+aLEeWnoa5J0x577gcCyQyWSgfoO8zn7W7INdcivJBAjB9l+9+ORiX1k3RzVzDrHEkmtTTibWjvCUdXd3W88RS8TLt74jU2Y9B2LPdCeTrPQ8u2nM5JT3N8gyA+ilbQ3ySQrj05OJ55I9v1F8cVUU2jPKVTLJTs/LKtYmiY2cNpLGsRJT4hy2p/sNkti9VxedKtxuTysyb5KRI1vOGZPJxDu0sskbsbb6slZjiNPSYknUJBNhcGCgs/1ybeX+33++p3LP7lPH63s6O2/euD6gCWUSFwDEHksUsbDuPUnWXvCUueR02dglXr71HZky6zkQe6Y7mXiMPv2YFWKH3kgmHjlUIq993150QcYPvdH/FFogOVaiRxWpq9ZyUt9sLhFgjOXBrZt3put3RdAuPJKvQktB+rK+YEomnuIcpz1jZ6scP0Fw0ZRMAABTZ80i/qx7T5KlE5xf+oV/w0WHo9C8XrU73+Fw1LdoK21NebkOR27+FfMesd2T9n8nOjpqCtVb2lxVJN46R07eefP7daVZvIV5O0pNTdb33HoOxJ4IJ5Pi6oaao7KyvdfETzGZlG3Kc3mG7esOyllavmTyeVVXp5xnJUsbDplkMqnZ4ty0t77xonj4tQkmE6GmtMSe7jS3wIxkAgAws2YRf9a9J8ncAy7alqt1nXOPXDBaLoqOtV8v+YrDubej7axje4XIJUd25zY0t549urewptW0T0z3pM3vw5XTVfL9dDjyt+8Vq7kOGeHaztTmFZ9Q+9QW5daeaTu0O6/Z2xLwnsf0+wldJJOJpf3TdWFIJp4bDZnrt5fpn59rms2V6k0RBnMy8dy0p/tdDRKYTHzP1l07TjL59H3ri/LUfW46EfyQTAAA08bUAT5U2ug3ZlLudOw4eNGvl1xbdET7WrnD4WsUfe6iWvOq9RyxxPw+FDryzWMmjm3l2tcr5rcr13h7W/PLmrSFL6zveWy/n9BFMJlYrt/wtBZP4ZMWVTLRLlkxlrzJxOMZ7j51OFVe4uIsbuzUN/kFhmtn9a2N2pX3gclk6GKtMchzarwxE0/fWbFPamGTx9OZqU39yiqoNzYhAMkEADBtzD3g+v2FjpzcbYWyA32lsfTIJdlo7iW3/n6X3ss+VOhLJocKcy+qFY31HLHE7424cj4/V45B1evzt1qOaENSO8y7OPKNeVyOwkPiz/wt8t0mmcAigskkeIWYTHAHIpkAAKaNuQcs5H9WXvppXkVzR9GWfKPF3EuuKQxIJhcdTvM1EpL1HLHE8lbIMZPPyh2ObWJxW27u2ZYvDhXvKKzxRTlfMvnsSMeV2tJGmWFIJrCIQDIZuljrLCgZq1yT/7wH3KFIJgCAaePr/56tPdvSll/ccKKmqPSLjrNe+Y5dot3Y51JV8R/k10JHrrZ+xfFJkffxPtZzxBLz+1BZc0Imk+KGfIeIeV8U1hjt+VpQ0e1y5MkvVw7JGV5tF4O857H9fkIXgWQC6EgmAIBpo7q/uoB7cxm/v9+7xRgk0e/NVSvvzXWoUL++W7vG2/wQ6zliifl9kEzXmVTt3abN5srV7mxWn7u3Xrbq9+baXmx6DGMmsCKZIGJIJrc23DNXfuyh/ChDb5P2SYuz5uifkHjwVfXhh3HqA9pbS9bOvlc2yE/e8XiOb14uV+6dfVz79EPjCHFxi9P26eueYZc8y+y5Pd57XKtDqk9897TvUR/pKI7w8hPxcvPs+FbtAxfV/pLcTe4gn4N3B2Ff2mKxcflm3+c2AsB0MveAO4IlkxBYzxFLrO+FKZmEzHoOxB6SCSKGZHJLi9VHp7d/snzPgOf6vuX3Gi1z4mZ799I0rbUfkV9dBYs3nPGmAbm+49ldPfpiinY0dQRPo/aQevvsuDl6w5y4eH0h7lXj0+R1rj0vz337sDmZqE2zgz+NgB3q7Wv1G0aIk3JXCACRYO0FTxmfAW99R6bMeg7EHpIJIoZkckur4+P0Pn5P2ctrmzytm+fFxb2sbzr4qmlAQ2QYb96YZ4kKnuPxv9XHTjx6AlFHkMsLHPKYD23QV73HPDcvx3xsgymZmBrj5plX1dNQ9B3EWc6plgXG2A4AxdU3ZG3C2EJ7u/r6+qwd4amxniD2hPctFUezngCxh2SCiCGZ3FJPxcvxL3/S1DUw995ZYrUpc45KEcffnm3u38fNthsLcYsdL8yVM61+slhviY+LE0doLXkjJUemA3UEuTzPMbBneVxcir5qj9eTycFZNjmHLOXVT9Se+s7mVc9Az7mSN+am+c3OUk9Dp3YQZ/mkXWsaPq5mnQFQai70jVrbEJyIJeLtsrZOTH9/v8vlsvaIJ08cRBzKevSYFK6RkxgfgIJCMkHEkExuSU6jevWTg0d2zIqb1TM8ZjJxOVN26P1+mUxme5t74hbtEF/i750ljrB6yZy5aXKOliWZyC9dB2ffK5LM8j0vGEM0hp49s9/2BQ9zMhnocbnOHN7nXB33wzdUo/lpyB1cLvMOa5fIvORocMW9sMfvLAAAABqSCSKGZHJL6sKPgTMb5rzfNNZsLnu8bw6V32St2XZP49qXK4zrTOZpU60ss7nUsrD2x5a5WAMi27i8K9YxE83Ls70PGT5ufhqKbwdD05zMJv8WAAAAiWSCiCGZ3JJpcpQ2ADJ82O7t6JuugG/Sx0Z0ax9QUaEp7tWDrTnzDnvvuLXj2TgRM9QRjCvgleFzlqDiOb8hxamCSfBkoq6nF+c1Pw3Fd8G9xrHA7/IYAAAAhWSCiCGZ3Fr7vtnyBr9x8U/4Bjq0uwbPVnfj3bEozjIGsfwns+PEHk8YqWa1No0q7t7Zn9Qbgyf6XYNTfmvcNfjwb/1vItx+MF67VfHLTv9rSLzJxHXEoT+rWba5TcadiF1xD6xVTyPYDvLOwmJVPW0AAAALkgkihmQCAAAAhWSCiCGZAAAAQCGZIGJIJgAAAFBIJogYkgkAAAAUkgkihmQCAAAAhWSCiCGZAAAAQCGZIGJIJgAAAFBIJogYkgkAAAAUkgkihmQCAAAAhWSCiCGZAAAAQCGZIGJmWjK5AQAAgFBZu1aTRzJBxMy0ZAIAAIAIIpkgYkgmAAAAUEgmiBiSCQAAABSSCSKGZAIAAACFZIKIIZkAAABAIZkgYkgmAAAAUEgmiBiSCQAAABSSCSKGZAIAAACFZIKIIZkAAABAIZkgYkgmAAAAUGZGMulosKflyXr/oHUTohfJBAAAAMoMSCZ9jVvXaLEkLa990LoRUYxkAgAAACXyyWRruhFLrBsmpa06q7RNrbWW7rSn7TRtDou24uy8sqMNNUcPp6bn1fZZN4dAvOqtx6yNsYNkAgAAACXyySRLn8eVljck1wYz0/OcJ6z73Np0JZNWY/mCPftwu9/WUKhkUrF5asHszkQyAQAAgBL5ZFK0zkgm9veKnOvz7Omf19yw7nNrYyeT2sJCefB0Z413rpgMFSOu1PS81I0VHs+wq65c7JBV0OB99HD2Oqd5fy9zMmkzksnItU0bneLh2Xuauke0LYPtqd5RIGMgaMSlPwfTKQxGMrlwWN/Z+xKsT8CeXnKqtEjskLquSKw6tK2ZW6r1rWX5xgssODL1rDStSCYAAABQIpxMtq7J21TddnzXdtWVd+n9+8lqq1ZH8JZMJq6Kwk/PDeu7VGzOa9QOLrZmV7jkUnOFfX3FGa2x6uO8M+KLuzY73Ri+cGbk+fd2vclksG/Te3kVbr9tZZvyRFYRC+neaWn9NUXFV+WCeCZFrdpzaCx3HLmpHqJtMsZMtpoms5mfgH2LDDN2tbWvXiQ3bWn4VOH2qhvyhd+588FIJgAAAFAimkyu6bfkcm6quLBVG3koOBrqb/3bqtPzD9fIi0BkleVv15OJSCPeUQ6P51hJwUn5VWzSM4NnpCF9zwV945k922s9nu7KQntaod5Sm593XF8yyGSix57U7HK/LdrO9mw5iOGbRXasRJuW1mnfXNttNDXaC5qMRU3QZGJ+Avb0En0378Y2e069viSTT5t4Caft6+Q+dyKSCQAAAJTIJRMjlmgd/XzrNKdJG2M2V0GG6fqNtursyk6P7OiX1BpNjepR4iGisXGXCEifd3d16qVd+qKYZ3MZarY4N+2tF3tW5RnJROxTdfFa/8igY40+5HLavkXuYFSf3wyxMZKJ7wl0d8kL7U3XzLTZ8xuNxWMlMplIw2WFhenpeQWN4bgqfxqRTAAAAKBEJpmo2wSLMi7PmKIxkomrsrDgZOBsrjGTiT6ba4wOfpBkokYzxKP0ZNJatvOC//Up9jTn1mPBD6mSyafv+83msux9q2RiEK/Lb33GI5kAAABAiUQykaMl27MLPg/PaIlujGTiGWmzp28/fvZC49HDIiHoW8dLJp7h1rJC+/qSmqMNBTnGrCqvIMlka0ZeUcOl4xXlmeucaszEkrWKN8oAVnW0oaq0wul/TYhKJjVb8pzVF46flUM65ieQWiBzyHjJpO3wpxUN3RdP11SUp/pPFZv5SCYAAABQIpBMfFdrbDEumYgmmRlO43KX6mp7uiXbwA/JBAAAAEoEkolQsLkwuzBMoyUzytXDm2p8d99KTdtu2gYrkgkAAACUyCST6NVmX1PUrl28XrW3KFXNvEIwJBMAAAAoJBNEDMkEAAAACskEEUMyAQAAmH7d3d0d4eByucShrEefApIJIoZkAgAAMM36+vqsCWNqxAGt5wgVyQQRQzIBAAC3n+9TIsLL/EnZdxBrsAgH6zlCRTJBxJBMAADAFLUfrdA/jiIr56B1myF4MtE+/s732d/2tJ2Wz7C+JUsySbH5ES3upqKM5+aL5dedprsiXS6yPZXjWzVZlCAfZRh2z7/fZotPqHMbDe76HHGohMdWGOstOasqvTv7abG9ecDaZmJNFeFgPUeoSCaIGJIJAACYmqb0wrPWNqvgyUSxp5VYm0zSfR94bTX2mMmAbWm++NLSOqCvN2YmHxiWC5f3vD7/3brAZNK4QaSSxJxF3mTi3rlUyzaCd8Ft+0WRsfBSkTxumJJJfukXannHJ7kOR+6JNtPmjo4ip2h07CitN7VddDgKTaskE9z5SCYAAGBqLtmz/YZKzGnBGzkaU9c4a862n6kuSS1oCuwxmJPJ8QKns+J0+9l6e/rO4tbhob5Oe9rO7q7OIW1rds5BsbxpTZ59i/xcvrGSSd27iXVaDlFaNqUcMq0GJhNdzlNqzKQxI8mmx5pE23y9yZb0jvzSe2D+hma5EIZkUp9f2iCSyYnjJ+RaTaGeURy5RbXePVoP7tC2dVypKWzQm1oqd+Tk55NMEGVIJgAAYIoy0/O2lja29htRIGgysb9f4W0JMmXLnEwyvQ8vyjbihz1gzESbBiYfEjyZ3ChdEW+alKURMcO8OoFk4umtXJX8Wv7lfasW5bXoLauSbPlN7lWP2Vr01xqGZHKotNE0ZlJbVHtFfnVsrzjr3aO2KNdYulRZfkp+LXc6dhy8SDJBtCGZAACAMBjsPFNdYU+XESJoMlGzucTWwJld5mRiz642lo6V6JnEnEyqCgu9F6WMmUzeSbQlvltnbmn8YFHOOXPDhJLJ5T2vp/wmP+O5+SmZxnDL68m2/Mq6+Qm2Q/qVJ2FIJh31+wsdObn157VEIlLHdofDkWfeoWqXw7t4qLCm40pj6ZFLcoVkgmhDMgEAAOFSm5/XOkYysRc06S3ZaXnZlZ1qB51fMkn7XF/QBkbkdR0qmTTucjaOyIX2snHGTJptr5QaF5dIA82bFm1sNjVobplMWj5Osf00S19u/iBZDpq05GQZL8KTbEvJaQlPMunQrjMpzZfxo7YoVw8o+Q7zOIpvzEQ0OswKDxmbSCaIAiQTAAAQLp+uyxO9AWe6Ny2MXPAlk4xyvc2eVljmvdWVYk4mWd6wIY5mmc0lks8ZbaFs05hjJgPFKzLqfasiltgSFvnWvW6ZTC7nLbIlaleVeDxFv7DJp9ya/85RYzebbelOd5BkUmdccG9NJt52g4oTHWdrz7a05Rc3iCjSIcdEjOGRQtOFJq2/36WuMxFtZ73yHbvEY42dSCaIAiQTAAAwJTdOp6/RpldlOI93aJdfjLhS02WLo/RsqjeZFLX2ZYndMrZ3a4MeFv735hqUe6Y7a/WjeTyuunJxNO2mv32ZGdpB2g5njZFMEr031NK0+N1F2JQWTMnkUGKab+qXeTaX5/KBxAR51+D8eiNLHchcKu8anLzI7b3OxHT0VZ4bhxKW6Tfv8p1XRhdfu0HFCZ3p3lwXt21xOBy5Vafl2MnZAzv0y030e3NtK1ZXxUvM5kK0IZkAAIBY5i5Y2mttu+3MiSJcrOcIFckEEUMyAQAAmGbWVBEO1nOEimSCiCGZAAAATLO+vj5rsJgacUDrOUJFMkHEkEwAAACmX3d3tzVehMTlcolDWY8+BSQTRAzJBAAAAArJBBFDMgEAAIBCMkHEkEwAAACgkEwQMSQTAAAAKCQTRAzJBAAAAArJBBFDMgEAAIBCMkHEkEwAAACgkEwQMSQTAAAAKCQTRAzJBAAAAArJBBFDMgEAAJh+fAY8YEUyAQAAmGZ9fX3WhDE14oDWc4SKZIKIIZkAAABMM2uwCAfrOUJFMkHEkEwAAECkuCoKy9y+VXva9qILvlXFnt/otz5QZ0temuGsaz6ab4tfajQOX7YlJKyq9NtRWBRvS1y28XJjqS1plVy/cWhVki3/aHP+W/Nzzum7tCT/Jr90X6msRtOz8RL7p3zcoi8n2hKa3e6it+avqhqQ6y05gWfUtNjePGBtM7GminCwniNU05tMWuvT398+odpYYX0sog7JBAAARIz7cHaFy7ty077uYLBgctOaTMTjho2FF2w2+aW3ceOShJ2VgTlhwDY/q1nbOWu+3LN5w3xb/AptU69tab620KKCRzC9iW/meHdw235RZCy8VCSjSZiSSX7pF2q5yJnryMm7aNraceX8ti0OYVtxrVhrazqUmyNXd5TWm/eyniNU05pMavPz7Gl59vfLu7s6xypHmrZPWp71weNrq9YfZU93Fhxtt269DTal56UWnrW2YjJIJgAAIILsaTuL2+SCb/yksaLs5KULDQftWxpE36K766x9S73ooPo9zOt1PZnoAnOCuaVyVX6rZ5XNNwCSoj92+MCqKu8+AVbEJ5qjiy3pHfml98D8Dc1yIfCMhoknk/r80gaRTE4cPyFWWg/ukF86Ohx5extMO+m+KM1vMq3WFuWa1u7cZLJmp2vE11Kwzsghp9SVMyOu2oLCEJJJVqn2nSXP4gw6GBcWgbk5GvSdTi88bW28/UgmAAAggmq25NnXHRQLWQE9T3taSa382jZm3+9cziLzcEdgTqhclaO2a1tFGlH7rDJSzUBpVaO7uS4lwWZblOPdW3IXLD3Q6/EbVHEfstlsCcbISbAzGiaeTC46PtmlxkwOFTr0hUKHo/Cwbyddab6xVWo7m5uzzbd65yaTrcfMDS6RQJwFn2dl5KX6/61PJZl4zlVkld2mYZPOMb8773AiIlqbbj+SCQAAiKRjJfa07R7Z8/R2969dyHzfqf3e/BbJZEWSTQYHJTAnNGVtNC4m8XjqM0RKWWGzvb7faFhqHm/xyJ3nm1uu7lwqB0w85mTyerItv7JufoLtkD68E3hGw8STSUf9/kJHTm79+SsdHa1Vu0zJpMa8l3DF4SzVl+RcLoejvO68ebP1HKGKZDJpL9sp/uLbPW3F2dbpW1NJJq6KwoKTckEcduuavLKjDfptllPT5HLV3iJ7dnWrNm4jvguz8qurjjY41+dVNVcXVMitYje9kyseK1pqjjZsei+vuHXYM9jX3VWvRvS2puXpZ2wt3ZmZVy12KyvYqecr0WJPd2bmy0b1QsRha46erqk4WBHk6qYZQYSTaR45IZkAAICIGm7c4TzTVu04clNft2eUGwvjJBP3gVVJNnW1iSFITqhToaL5g+Q6j2fnczaVGWw279XzhrqMRF8ySbH5kcdpyclqMrYm21LkaEyQM+omkUw6tOtM9PEQNUFrh8N87UnH+arC3C07fOuaKzWFR0yr1nOEKpLJxHOixJ5R1O+52XqiWg+sSgjJxLjORASGgga9TSQT36yuk+VbjxnfQTIIbZbfbKaztNlz6vWl/poibcbhafM3oj2tUPvaqBpVMrGn7VS7bU2XB5TJxNsolrVva5lMWvst38IzzXB3zecVrYPW5tuGZAIAACLtgrnbKZYvdHUWfez0JhOPPX1nd5dpMk7vAdtjq3bqd9PaV9pyw9tuzgn1GUsL5K+il6p7c+l38Rquy/DemytD63i25C3N31fnbq5LFntqcWKRzVbnPYxGjZm4bQkpl93uOucqsac2zytn6fvG0yjd1+ipWmV7Tu9/ttiWZuntjVdFZzTflphhOqApmZw9kivHP3LLj2kXvV9pyP+8tu3MofwymUvOHthRebbjYk1h6bHms5qLbR0VxVWtV8Serbu2OK74DhQdyWTktPdq+CZ7drVpQyjJJD3/cM3RhjNXfZcoiQSilrsrC/UrnDz65S5aIDaFClMgPlYi9+yq9U0Pk3s6ta9Bk0mJ2k2csdtIJkajSiauunLxoqrOBr+CaiboritJXeMdypwWJBMAABBx3m6edKq0SHTYHKVns7zJpHjLdr9+aeUq82iG5UoS3eW8RflX9aUD7yxJtNkSSlu1+/x65I28EuJtCY/pd+jyDDTtTEwQh0nI2HdZ30OOxhi76nyzuQ5kLpW7Ji8yhmtackxPZJWnJT85Uw81Lb7WSnmr4oRlfh08U6CQxro3l0gmFWfl5SVKYU1HVeE2Y3l/tNybK6vM1+P3XDubtb5w6x5jvMJjdOutk7tuzXydiZc5mYwxZjJ2MpnqmIk1meiGLlan7prWGVMTJGJJcXPYPr9zgkgmAAAg6tRlJM63ts0k5kQRLtZzhCoCycS+3m94xMKZHuJdg2+RTEZO62nEo02s0m9fPW4yGban62lEe+ymw9rSBXueMVVMJZNsLY3o9Mw9TjIJPlsx8oanebRERzIBAACYZtZUEQ7Wc4RqWpNJn7wBghE8blHpvmG1CbllMvF4htobUtP9bls8bjLxeAbbMzPkk8ncIm8np1MjeiqZiG791o3yHg6p7xXqgw5Bk4mxz/oIBIBb67tkbZkWJBMAAIBp1tfXZw0WUyMOaD1HqKY1mQBmJBMAAAAoJBNEDMkEAAAACskEEUMyAQAAgEIyQcSQTAAAAKCQTBAxJBMAAAAoJBNEDMkEAAAACskEEUMyAQAAgEIyQcSQTAAAAKCQTBAxJBMAAP7/9s7/p4k8f/z/2yQmJpuQmJhcYnIJySUkn4TsL5dLznySz+adLLnJ2X56gBHednnzXosw20pFu1cVurAVD8Tlm13rFxAPtAcoVOvHniLCez6v18x0Oh3Qxc7IKDweeWSZPmc67b7vkncf95ppAcCGMoHAoEwAAAAAwIYygcCgTAAAAADAhjKBwKBMAAAAAMCGMoHAoEwAAADgM0QNDxl/Fzqyy65dPqJGxwvu2WGHMoHAoEwAAABgP1HDA5cfPF+8l7vcM6CeNvNjFypl4ieF4ZR6JpXM5iYmZzrOjOifskyajij5QvH6d39s0pac8+KPf2z8a3p+Mq4cazEnLceU+OR8/C8neh6Zg7fKkRPzxfnpREvTOfnc698qNaewGW3p2X2HJygTCAzKBAAAAPYTUSaDlVWQjdmh2C9vzO3k9/1qWAtFrSCplEm+I7O8nk2Nva48ZSI9XBR/yw+yQ+L4aConp8vjHeGB9ekRMUm0atahup7u1ByfTp6ondnqIwNRJouPp+TrdlVCaHu943RCTAbny9Yx8fxgb7/aeWNRvOr8LbHLMjou9g7HU3L7TKpySgvlDz3WxpGWm/Z0qadRaTA3i8nmafl3Rfn2ujlRlOaBor6iNV3fsg7/RlF0ygQOD5QJAAAA7CfOMtH1OfG5X/4tToXO3Sg9WxxL9g8W5AdzZ5noxVvR0efmE7Lfa+tieimhRvpXXzzvbtNkQBhlEjmdmpjMLV7tz29bZ28PJ6wt45hodr360EBtTYRaB8R5Ep3alBk/23OXs3Olx3k1cm3CmKjaeHt8fOLOsvig0xHR1je2HmbTyQdGPWzPqZ1DpRdPbl9N981aJWOiHGmWf7aWlP+deWtPZZk0WtujLXG5XnO90VgYETQqSstYTYf0/IEygcMEZQIAAAD7SW2ZWNdTJSLVhQ41IpukpkzkQ2tRQgSDecxt8/HrmY7hVaNM7DO8UXtmjA8lc+1Xn1SGuj475HxdE7V1xAgj3X4hm76w1jcrN8z3Y6KeMVddlkOX5sSfwajjbYcH7G2JaBLB71trhvrbm39paPkxX5yfPn6sQXbFUk/LqLWvRVFEpZg1YmI2CWUChwXKBAAAAPaT2jJZNsukw75ESrpLmcSsdFlXe+XlW46DNXlATZnIjJFXfOVH0ov2TJZJ8p7joYHjPpNKmWy/jJ6V15WpdpkYV22ZtIe19U29MH4teU+umfTVvO2aMun6X0dbf5pu/EqJz1eXTCRbxRNfKcpXJ1aunEy/FmWV/uZna0+zoohKSf+5WiYDX7NmAocJygQAAAD2E2eZlCfSibzxEd+xZmLiKhORGeJZ69mUeaWWGr42VblkS1JbJotX5W0hO84552wMk51lEqpcANaxW5lkz2nv7Ae1aya1XD95xQqSk0Zv7KTrhFkgRdd9JsVks32fyUnuM4FDBWUCAAAA+4n93VyJ7oR6tnJLejGnnk4/fPYkP5nruHTfOKy2TOSVVP2RcL+5/fCKXNaYuPdkYnx8eNldJrr+ZqxHM1dXnEwlxSumL8vv5sr1XZzRdyuTWES7/fj5xNV0aLcyeXDJWk6JZRbkbSXbi2pkIP949WEuF+29ZR+my/tMjs8Xi/mfupSmniVRGjOtzUl5577+TIyLXX86fvLKinlka+W7uVrlOzKfa303V8Pf5E3yokziP2UyhjcfvY03KdaRoy3fJKx5ZmLp5l8U6yW8QZlAYFAmAAAAsJ/Ylz9Fuoac6w/Wl1xFEpdn5c3uO8ukXeztvFE5fHN1MiuPbxt4+Hpnmciv8DJXY2rZ7OtKhCLy1aN/N/pnR5mU58fF3vbe8cHozjIph06nRdUIRbd0/0O+z4mU8bbDWmLUeemYnk98oyjK0WONK8bayYrWFH9m7Jg4JeaNXzvuP3mVP3pEOfr7k/Ygf+6kvEflqxNF499AlIlN4zlRIA1p81SjLdUdf+hZ0prstvECZQKBQZkAAADAQeN1vs/x3cG+cad6D33yjBa5UpMiH6a14YR79LlCmUBgUCYAAABwkEhEtFB0ZGpt54KJDyS/H1DDWuj0wOLLT3L+zwHKBAKDMgEAAAAAG8oEAoMyAQAAAAAbygQCgzIBAAAAABvKBAKDMgEAAAAAG8oEAoMyAQAAAAAbygQCgzIBAAAAABvKBAKDMgEAAAAAm8+lTP6759rSk6fuKRxoKBMAAAAAsPlcykQNa70/DLuncKChTAAAAADA5nMpE9ZMDiGUCQAAAADYBFwmC4+W1bAmHB371b3vI7BOYts36z4CPkMoEwAAAACwCbhM/hqJ2zmx9ORp6WXZfcSeeDMxmRMOx/svGxsPi+4j4DOEMgEAAAAAmyDLxAyS/zp39UnhWed3KfOh+6CPoZAZmHLP4POFMgEAAAAAmwDKZHPz3dbWtl4pE+d1XGIu9lYP/UhcZRIKa2O5uXRPom/WWoppP5PKP36e7BKvOyAfzw5dvprqiI9PTN5SI9c6zqQmJnNjV9Nqb07sTLZpw5O5/L25yz3GweA3lAkAAMBhQPx/eTwMuv+D/3j2u0zmF/4laiTUmrgwMKrXxsnL//dvMRcPY30Z99P2Rk2ZbM+FNBkYur6udt5YtOeC4q2ouTgzOxS6OGfOukXGWP2ypYbT4k+HtwUc+E0oEwAAAACw2dcyWVsvifA42/33jqi8dqu9Q65FqMb3Bb99+05siLnYKzYi7f3uJ+8BZ5mURq3LwwwHBpflcOLKtVDEGsrHs0PmXDAYrXaItaKylpNHnkmtb9p7wE8oEwAAAACw2dcyyYxMm0nwqvx68KdJc9ssk5+v3xYbYi4mUzPzVjl8JK4yufzgeemF6cuNbV0v5tTT6UXx8OVMbC9lousby3PDqZQa4WquTwJlAgAAAAA2+1omkdP90W55oZRuxImzTH7o/9lZI97LRN+eU6Pjjp367aQ2JW9v0deN5RS59VtlYlIY5Mb6TwJlAgAAAAA2+1omt39dUI27SgZ/mrIvqTIn+XtLYkPMxba962Nx3QH/bjUnr92KJJITy8bn1s2OVvnwwcvyWM9vl0k2bl0PFrt6394FPkKZAAAAAIDNvpaJXrnl3XQ4W/ODiM5dP/T/7NwFBxLKBAAAAABs9rtMBLk7j37N/3NxadW9Q9fFXOxdeFRZyIADDWUCAAAAADYBlAmACWUCAAAAADaUCQQGZQIAAAAANpQJBAZlAgAAAAA2lAkEBmUCAAAAADaUCQQGZQIAAAAANpQJBAZlAgAAAAA2lAkEBmUCAAAAADaUCQQGZQIAAAAANpQJBAZlAgAAAOA7Gxsb6+vra58e8SqlUsn98h6gTCAwKBMAAAAA33EHxCemXC6730G9UCYQGJQJAAAAgL+USiV3Onx63G+iXigTCAzKBAAA4BCwPBjV1LDbjsyy+8C6KGQGdj2VsoOWUWtX8X7m+LGjYtL4dWv6ftH5rJWfWsWOo8eaVrac4xqmE980HZdPb/1xvmZHcbrROO3RY43TNWfVT33dKOYNjc2nEtP2sMV4U46jdkE8bck9+w3c0bAvuN9EvVAmEBiUCQAAwCFgNXuuP3JGKoIkZGwIu0dX3QfWxfvK5Pjvjjs9eqRSJq+mZRF8JYdGsBx1POmV7AfjYOX3rdOvHHtstpbkk44cPf67BvF3yREwTUdkk5z6j+YTX4kDmuz50rkm8Srf/PWUPK3jKZTJTigTCAzKBAAA4FDREdam3LP3kmjV1HjePd3B+8rEhYgA98hgOtzQ2G18+N+aPtWgdNy35q3HxDNOOA60aFaUtF0szwaUIyet7fsdyh96Kjv0jt8pXY+s7ZqXFoc1dpmb+1cmdzOZuzWDx3dGz8ck5y+kntbsqfLPW1dj8Yx7Kk42HBdPdA3db6JeKBMIDMoEAADgULF7mbxcbD+dUMNaNHnrwUtrQSH5vVxgqbnua/P5w/EboYic9GUXStvWs/dSJsVEc0O4ehmVk+m/WWWyojXVJMSYDIfaa7IkrsKpPizEld912HMROQOVJ9c8ZfKU8vWAubkPZfJ4IiUK5Oq1S5eGxy78cP7Cz/PG+G7sfMo6YmlsZ348nRu91BtL35rZuWvt6d3YpcGrccoEDhyUCQAAwKFiZ5mU57MdIjYiCfNaLzXSb84TySH58ExabKRzz8Vkolc2SeRMKnpWZkyospyylzLpOKF01d4SYvGop+mI0mN89r/5FxkK1V1LPaIKdtTMiqI0OB876qUotiurKfKqsLeVY5qPKB2/Gnte5TualJYxa88+lMngD7HY+fSONZOpWHK0sn1XHuBiafRSPC137SiT3DUtO383Q5nAwYMyAQAAOFTsLBPZGBfnKo+2Hl7pV3tz9q73Xc11OykrxdzeQ5kUXTkhskNGgaI0hgfyz6xOuP5tbZno10U5XHc8NhBPbHQ+rimHV3nztIpy3M4Skz+at7T87ptMobpnH8okm4zFYvGn7jJZS/XG0qO5hUIh3hObWarZ5WBHmSzdPJ+6ubZ2M8XVXHDwoEwAAAAOFTvKZFEN91+u3I8hKd5SI0Pm5gfKRNTIR5TJ5CnlhHVrR4UV47Z4eQv70WPWrerey2Tlp1PyhEaD9Mw4LgR7uyKG5reBHf9T9V6UfSiTp/mRCz2x89r5TN45Xltbvm/cZhK7kMnV7nDiLpOxy+d/ebJGmcDBhDIBAAA4VLjLZHlcDQ/VtsqyGrZuw3CVSfdpuU7S/v21RGr8cvee10zmu04oyvT7vwJY3pLe0Kp7vprr1ZWTSpOjOo4pJwfN5RF5ZZc9L/7cYt80vw9lYnE3E78Qj8XOpyYeG48LYnvZ2Bq9fP78339xHOqktkzujsStlRfKBA4ilAkAAMChwl0mskP2tmZyZ0g9k31YOWqsZ69l0iw+/Ntfn7U7161lkPsdxx23vM//p7wAq3pUhdrhW/thzx+s+1Uslnqsr+qyNyrYT9nPMhFNIXsiFhePFrIXUhPVnTu/aKtCTZnIL+SqxXmBmPtN1AtlAoFBmQAAABwqdpSJcZ9JdWFkx30mmrWtzw6p0fFC5bhu4xu6zO0Pl4n47P++b+WymDxlrpmYyyu/+a3BJ4/s/q3B8Sbl1GRlLpJl8KTy57TcKsSVhlPVHY6YeV+Z5PMr9vbuZfJ6yXmMC0cvrBXMlRGjTK6ad8OL4Y2LdZTJ4I+plOVFLRYTGwuOQ91vol4oEwgMygQAAOBQsbNM9MKt2u/mSth7zF+O7+gZilwSuVCWe8NaXzIt/jn2s/yndYL3l8nSuUaRB67fS5RDRTF/flGmgXLUcYDjlxaPtVyv7BDHpV9XDnnvLy3K5x493nTqryfNX4i3T9tyXB5/6q+njn8ln2p9T5dVJkedPwd5UzfWWBTFzo7Gylu1/JO81E3+CziOceHohbXRwYsXNPnLJed74zfvm5kieComV38eE1zojV0YNhY/HozERW84isV9NVcVruaCgwhlAgAAAJ8/ym6XdX22uJpBsuO7uXzH/SbqhTKBwKBMAAAA4LNnqfZyrM+d9fV1dzd8etxvol4oEwgMygQAAADAXzY2Ntzd8Olxv4l6oUwgMCgTAAAAAN8RcbI/KyfiVUqlkvvlPUCZQGBQJgAAAABgQ5lAYFAmAAAAAGATfJm8K5ffuWdwKKBMAAAAAMAm4DJJd2ntPen2iJaeL7v3wUGHMgEAAAAAm+DKZPulGtYeVHrkwdWU2nWj5gA46FAmAAAAAGATUJm8vJ88q3VnFpyz7jYteeelcwIHG8oEAAAAAGwCKJOpZH+k59bipnsuWMym1c6hqbUt947fpDCunk4lMjMT2Ruhzqx7L3yQ8uyIe7QvUCYAAAAAYBNAmZTKm2p4aMo9lkzFtcJmubTx0WUyGNUK7pmuRsfdI3gPyU7NPfr0UCYAAAAAYBNAmQg+VCbu2Z4Y69Hy247HL+4nogk1rAnNQXn+ViiiqW0DpcphauuIXKIJa9HR5+LhVColtjuSudXdFnMOPuW5SGrOPfzEUCYAAAAAYBNwmUxM5izvLOseykTXt9ojskOS44uVybK9ZpJo1dSeGXM7VGkVcfBU5f779dFUumAs1ORH7AMOHeW5fV45oUwAAAAAwCbgMhF5EDnTLzQrwkOZ6Prm84fjN2Sc5M3gqJaJiI2+WesKscGoVjI27OUUQfZ7ayjSpO/Qlom+VZq4li3s35oRZQIAAAAANoGXyZA18V4mFSJWWlTLRA0PDMolGYl4iXxlaI10PdmqlV48t7Xnh4mtUFt6cH9/VYYyAQAAAACbA1gmajhh/H2jnrXKJNmmqd9bN7Y4ruaqlsn6aKpvdl8/lH9myCxxzz49lAkAAADAPlMul9d8RZzQ/Rr1ckDKpC+SGByX96tc7hkI9ebMoUiUxRdPNuS34g5FItrw5NxY5ppzIaX6/O1lNayNTebGMtnuLjNsDhGl6Wv7vFpiQpkAAAAA7DPusPAD92vUS1BlIu9W39X6ygS+RCgTAAAA2JXhbs3+UqN9Ynm8o/JxtC9jXvv/cTQqNYjJ/I+tzY0NYvvkuenKUW+bjh1Vjp5Ycf1Gxlbx5nfN4shvEpWX3iqe+EpRjhydLlqD4kyPOODo709aj5d6WkatzVqWlG+vu2cO3FXhB+7XqJdgygRAp0wAAADgPajRkdDFT/h7BhsTafcvWBhlYm2XF9S2IftLXD+et0pzXP55az0uJpoHRGC8zpw8IotFcEJpqBxsPlROXnklNl5dORl/Jp4w0Gy0jaCyUVT+ZF57X1T+nJYn9qlM4pm79vbFH87HYufvLDt2r609/ecvV+OxmtHa41gs5Xzsfo16oUwgMCgTAAAA2IXtufarT9TItYnX5uN84o4ePSNXMwbny+X5cbmy0dpvhUN5Qf5mXViLpuzr+e3fzct3ZOSXIBUyA4WX8rBQZ+rynZe6/ty6Wic6Xr1ax1kmui62xXvQHbce2GcTrzgcl7+Dl5xet4+v4Vn85GAlSkxGW3qWdH2sRVEazUFXoxUeJsqRluvmKsrW9eZkUVRHY6VMWqyNam8oTfEVOfChTNIXRIrE4v1X5YP5bOofC08Ld2OXxgrVQ55eOH/+0sUL1YHokolUnDKBAwZlAgAAADuZ6JWXcmW/19TuW8Ygr3ZmzV2JVm3KypV1VZMpokYq3+JTGI/98kZOdiuTaNaoiO18X0Tmh5h8aM1E128nNbNJdpaJ2nrNXE7JX0zscsmZY2GkMllpMFZI5v/zuNLYZc6m/9awVD3irfIfdksUza54Ndpy/P/EV35qadKsA1uOKfH7xZbfK0tmw/hQJjczeceayVR66qn8G+vPLjgOEtzNxO3tkUTs4o3HlAkcNCgTAAAA2IkaTsk/r2e6rVSoLFYYP0xXPUx+rVF1V2Wye5lUJsvmGX6zTKbi7yuTvPMGaft3KWxOiQr5m31Xif62VFzJ32w8KnPio8pk5co3jf8Rb/36RGP7TXPHN8eV+Oj0iaPKTfPOEx/KZG3m51Ss5/zMP40iEdXRH4vFNOcBJnaZPM1nfnkiNygTOGhQJgAAALCDRedH//y2HkiZiMPUqFyx2Vkm7VcW7B/B25BvrwZFaZY3irh41NWcLC6da1SUFnNw/VtFXpFVQfmDvNrLYEn5y039fod9I0qTuQKzNd9g9sbbeeVE17w80IcyEcR/HInFjIu1lm7G/z6WG01fGL5rlUoFu0zSvdYGZQIHDcoEAAAAXEz0mjVisD2nyl+D+ECZOK7mepStXM2VHjOutipPpD9UJq6ocJbJ2ozaNnTbuGxMnM2c2WdTIwODBddXa1m8HTzZOuMeSu53yLtHtqZPNVgXernugG+uvQN+RWtSGk6Zu9J/UuQaSSF+atI6WMSPvJ9+R5lMF8ybW9xlUplbVHtiYWphaTk+mIvHZG/cTFm3uadi59NT1aPWHGWyUCEeuySeax/gPL8XKBMIDMoEAAAAXFSu4LIwruz6UJmISTr3pPRitbtNKxixEY1ooXM3Si+etJ/uf1+Z6PPZjitzq8vr1Q8QRpmUXjyfmLylhrVspT3E2W4/fp7PDtlnu9ypiTjJP14dywy5fu4i3mxUhMXSye/imbF8sZBvPKrkjfMVk81//C6T/6lL+dr8Yb2i0tCqGxd3KUdOzBfnT5grJM8Gmo8o6fxKcX5asRqmqBxtXCkWpxMtDd9elxGz1NN8JpP5yTQv0sU8lSyT5g5znn8mk6Yyt7BzYm3hF3n/e+z8yOzjNXkD/IXRu4W15YVYr7zhZOH6xdHK7SbO+0xMWDOBgwZlAgAAAIea+x3GhVn7irMo1mq/Nbhu3K9RL5QJBAZlAgAAALDPuKvCD9yvUS+UCQQGZQIAAACwz7irwg/cr1EvlAkEBmUCAAAAsP+USiV3W9TF+vq6OJX77B6gTCAwKBMAAAAAsKFMIDAoEwAAAACwoUwgMCgTAAAAALChTCAwKBMAAAAAsKFMIDAoEwAAAACwoUwgMCgTAAAAALChTCAwKBMAAAAAsKFMIDAoEwAAAACwoUwgMCgTAAAAALChTCAwKBMAAAAAsKFMIDAoEwAAAACwoUwgMCgTAAAAALChTCAwKBMAAAAAsKFMIDAoEwAAAACwoUwgMCgTAAAAALChTCAwKBMAAAAAsKFMIDAoEwAAAACwoUwgMCgTAAAAALChTCAwKBMAAAAAsBFl8u/XAZWJGtacDv406T4CDjQ+lonIa/fZAQAAAOCLwiiTzf0uk1fl12f/6++iRm5N3hcP/7W8PpD6h3go5u5D4eDib5n8z/+4zw8AAAAAXxCvyhsBlImIkNGxX91TY+4ewcHFrzJ5LePk7ZuNTfcLAAAAAMCXQ/nfskx2ftLbo/WUScd3qSf/WnNPDcRc7N2o4yNmYVw9nUpkZiayN0KdWfde+CDl2RH3aF/wtUzkssm7d9vu1wAAAACALwFzwWTnx7y9W0+ZmAsjhX+t9f4wbA9Hx341V1HE3ocL/7Lne2SsR5squ4efjvVsyj36oinPRVJz7uGnx98y+ffrt+K/0Ftb21zWBQAAAPAFIT6/vdmQ/ytzMGVi3lXivHZLVIo979EyjsP3hCiTvPt/Ls+r8by51RfWOjLLxkZicXxIvnQk8cAsmdkhtXVkLJ4Sw77sgv3kYWPS3jv+4OWWMcgn7+nvHt8Sw9Ki/Kfr/X/xBBEna2trfpXJaytO5H+nhSJREBEREfHz1/zw5uUruWzrKZPh7KzZITvLZOd8z2y1R+QTk+OLlcmuZVINmJD5KrMyVKwnXEoMF42Ni4kxs1u255Jt2roxU8OJvllrXaavnnf42VOeS3YG9u/lvUwqyj5BRERExC9F8fltxye6eqynTAQztx/uWiY75x/B5vOH4zdknOTNfti9TOzDL5/RSrpZJglr9CgbHX0u/iZbq4cVMgPZF7o8W2/O/smMg1km+lZp4lq28PE3+fiBf2WCiIiIiIfROstE8PbtO9fXc+XvLemVHzlxzj+WiPX03yiTKU0r6GaZDFij7Zx5WNT5BmaHkvfEn7y5y+QglslWqC09OL+PN+vUQpkgIiIiohfrL5P34b1MuneUScduZeJYM6kMP7hmcrDLpDQ9FGCW6JQJIiIiInrTa5ksPFoWYfDdf1+xJ+Lh/22/4DhkT/RFEoPjuYnJ3OWegVBvzhyKU03k5oaTA5FItUzUzmv5e3NjmWtq24g8SJZJf7s2nr83U02Ucl5tS+UXFmOdmhoxV1RqymSiV0uML64+s+9p+bIpTV8LNkt0ygQRERERvem1TOxb3p3e/rX6HVn+sstah/NqLggOygQRERERvei1TEbHfnU2SbjtwtKTp+6D/IMy+WyhTBARERHRi17LZJ+hTD5bKBNERERE9OIXVibw2UKZICIiIqIXKRPwB8oEEREREb1ImYA/UCaIiIiI6EXKBPyBMkFEREREL1Im4A+UCSIiIiJ6kTIBf6BMEBEREdGLlAn4A2WCiIiIiF6kTMAfKBNERERE9CJlAv5AmSAiIiKiFykT8AfKBBERERG9SJmAP1AmiIiIiOhFygT8gTJBRERERC9SJuAPlAkiIiIiepEyAX+gTBARERHRi5QJ+ANlgoiIiIhepEzAHygTRERERPQiZQL+QJkgIiIiohcpE/AHygQRERERvUiZgD9QJoiIiIjoRcoE/IEyQUREREQvUibgD5QJIiIiInqRMgF/oEwQERER0YuUCfgDZYKIiIiIXqRMwB8oE0RERET0ImUC/kCZICIiIqIXKRPwB8oEEREREb1ImYA/UCaIiIiI6EXKBPyBMkFEREREL1Im4A+UCSIiIiJ60d8y2WqPaLFf3rjHcAigTBARERHRi76Vye2raTWSeKfnOzLL7n17YXlcDWvR7Lpz1h7W+madg/eihofco/eTbNNK7hl4hTJBRERERC96L5PNh7lbye/7RVc8eLmleyiTUKumdt9yztTIJymT9Fltwz37sinPjrhH+w5lgoiIiIherKNM5kSEOEytvnRevpWPxG89WNtyTPbG8njfRC4W0ezBxi/XhvPjfpVJ/lKi4J4dKJKd1f/TBQJlgoiIiIherKNM8rVl4koCY29btna4B5aNCLk3ksgbVVO8FQ1r+uyQWSaiUkLRoYfPVmOntanXclLIDAzGE5ezufwL+dB8G31t2uKmcbZyXj2dzt+7H4looXhe335z+az24MXz0ovnYudg1PwQvyw2QpGBiclcolNLLxqz7Tk1OiIOW5wcCsVnjNEXg4iTSGrOPd0vKBNERERE9GIdZfLJ1kxkhDxRRUjo+no2pbaO2GVSJT+SuCP/ijJRo+P2WJbJy5watYoofykxVZYb8jzhft2oEXvNxFkm6YLxVsszkSsyTTYm0laiyGvJfmMd5rOjPBfgygllgoiIiIherKNMJOIzvVkmq5ubDyfHE37cZ2JGiFwqkfe+98tCsMvk5cJwKh2KyFc0J6JMpqpPFmUi34D9MFrTTnL+vjKpzJbNIiqNpgYrb1+m0RdFaXoo1JZ2T/cLygQRERERvVhnmfRVFkzsifndXGXPZTLcra3rW2rnDbl0USmTdtEkZ0dWXzwvLdx4T5loDzIDg+YCiFEmJePaLVN9z2Wiv76vRrPvtt+s38t2DNf1LxIYWyJLBueNpaIgoEwQERER0Yt1lkn6bHU5woGH3zOplIn+Otd+tn+4aGxbZbKqnh03uyJ/KfGeMpFXXsVaNfODuTjMrhSTsZ69lYn+JqTlKsMvCJkl7tn+QpkgIiIiohfrLBP93kjIKJMpeQWXH9hloushO3gqaya3r6QiEU2NJFY3Fz9QJuIDuhruv/xIvqWJVEq8vdDpgWjKuJF9e928GGz1N8pky74GLNQ1Utn72VN+4p7sO5QJIiIiInqx3jLRF5Jtxif4zhvuPV8yhdF0X2ZmYjInjJ7W8tvuA+B9UCaIiIiI6MW6y+RgYn6Rl0lhcGDM+IZi2AuUCSIiIiJ6kTKp5eVCpNVYC2pNDD946d4L74cyQUREREQvUibgD5QJIiIiInqRMgF/oEwQERER0YuUCfgDZYKIiIiIXqRMwB8oE0RERET0ImUC/kCZICIiIqIXKRPwB8oEEREREb1ImYA/UCaIiIiI6EXKBPyBMkFEREREL1Im4A+UCSIiIiJ6kTIBf6BMEBEREdGLlAn4A2WCiIiIiF6kTMAfKBNERERE9CJlAv5AmSAiIiKiFykT8AfKBBERERG9SJmAP1AmiIiIiOhFygT8gTJBRERERC9SJuAPlAkiIiIiepEyAX+gTBARERHRi5QJ+ANlgoiIiIhepEzAHygTRERERPQiZQL+QJkgIiIiohcpE/AHygQRERERvUiZgD9QJoiIiIjoRcoE/IEyQUREREQvUibgD5QJIiIiInqRMgF/oEwQERER0YuUCfgDZYKIiIiIXqRMwB8oE0RERET0ImUC/kCZICIiIqIX6ymTQmZADWumgwVr2B6xJh2Z5Zqj4XBAmSAiIiKiF72VSSRhD8uzQ5TJYYYyQUREREQveiuTcLVMStN+lMniDec54QuCMkFEREREL9ZTJqvDA4nZsq5vhaw42TKzpG/6ZXl2qGN41f2EPbI9l2jVSqOpidfuPfD5Q5kgIiIiohfrKRN9+4351wySWPJaJVEkG9vVAz+KjV+uqeGU/joXHX1ujWaH8vpme6tmTbbXxbbamljdtPYvjt8IGfe3RK/ct0YQEJQJIiIiInqxrjJxsHjVurLrnXvPRxMVkfOLbJ5QuN8azQ6pbUP2AWp4wNwIVY60Ge7W6l2pAX+gTBARERHRi3WVySdZM3lSuXdFmjdPMjs0WL1pZc55gBrPi9Hq5I1ImzWpfEkYBANlgoiIiIherKdMPsl9JvmRvp9zE5OGP1/rm92SQ1eZ9M6UXjy3LG/q+roaSeQfy4djGmUSMJQJIiIiInqxnjL5FN/NFYtozodqODVcdJWJ7v7arjtDsWkjYHQ9GqFMAoYyQUREREQveiqT2gjZ2m24V+S97w6iYS2aXXeVyWCX1h4fn5jMdXclErO6/jqvtqVLzxZvZ0faOxOUSbBQJoiIiIjoRU9lovIb8FCBMkFEREREL9ZTJgA7oUwQERER0YuUCfgDZYKIiIiIXqRMwB8oE0RERET0ImUC/kCZICIiIqIXKRPwB8oEEREREb1ImYA/UCaIiIiI6EXKBPyBMkFEREREL1Im4A+UCSIiIiJ6kTIBf6BMEBEREdGLlAn4A2WCiIiIiF6kTMAfKBNERERE9CJlAv5AmSAiIiKiF/8/w1LztkTz8KsAAAAASUVORK5CYII=" alt="Screenshot" width="100%" ></p>
<p><img src="data:image/png;base64,iVBORw0KGgoAAAANSUhEUgAABDMAAAIGCAIAAADGMlPIAAB6hElEQVR4Xuzdf1xU9533/evxuO977z+u+3H1ftzX3b3u63Hfu9d1Je3udnNtd5c2u17d7WU7W1raVFIqMZWahNYVmyxJWrVtTDaxTcJmmogEicGIxJgBJTOKGiJGQBCwICqgVCKKv9AJYJjhtyIwcO7zPefMmTNnBoRhZHDm9Xx8Iud8z5lzZkaC3zff7znz7+5759Jcqu/2xNDoxK3xybEJaWJSmpyUEJs6XTfNTQAAAMDMyJ3JfxcYNmZeCQ4nyQQqkgkAAABCJpLJJ65Ruc65fdWm1Hn36IVeucbae0cv9Y1dGRi70j/WMTB2fXDs06Hx7uHxGzc97hHPoBJLbnsmx0UyIZfELpIJAAAAQiaSyeX+MbVE9lDih1xXB+QQMi7nkGsDY87B8euD43Ia6Rwe71ICyWc3Pa5bnt6Rif7bnptjE3IsGZuY9ExK5JJYRjIBAABAyEQycY+IoQ+15LChlKfv9kSf/Kd3QU4gA7cnBkdFDY1ODI9N3ByfvDU+OTI+IWeS8QmJWAKSCQAAAEImksnQ2KRSE1p5s4daN9U/lRwioohHTiNi7tboxOSoMoNLiSWTE5OTzOSKcSQTAAAAhEwkEzVd6DXmKzFHSx0SUWpSLc+kiCJKGhEXlsh5hEwCiWQCAACAORDJREsX05dy0y1jASYkEwAAAIRMJBNSB8KCZAIAAICQiWRibgNCQjIBAABAyEgmCBuSCWJB3+3JzpsTnw6HoeRDmY8OAEAMI5kgbEgmiHrukcnAgDGXkg9oPgcAALEqxGQy6pGcg55zrvFPepRy6eUR5TZUr6jzfRNDY/wDHOVIJohiYxNSYK4IV8kHBwAAoSST4dHJ/7a5+76cG/e9deO+LTfue/uz+7bK1XPfOz33bXPdt13UF/M6HysbSi0b/MJ7n91v67vf1n9/YX+Fc9x8LEQRkgmi1W1PmIdKgpb5rAAAxJhQksnm40PTJ5M/z+tMPuh23568OTaRsPeGnkzu3zVgPlaY/GLdr37048flMm8IK/UUd/ss9y6SCaLS2IQUrgtLpi9GTgAAMS6UZPLf3uyaJpn8RZ6z0jk2MCo+E35SmnTf9txv69WTSe/dueLzm/EJ/+2LX5LLvCGs1FPc7bPcu+aeTBzF5caqvqo2Xze19/s/aiGoz1qVlNVgbp0VT8/PfrwqaelTK9IyzZvuoPNpR6e5DeETGCHuXpnPDQBALAl/Mvlpea8cSzwTIoHI/w2MTtz/vi+Z3KWrTUgmC8Hck4k1syjr7b1abS7afVptbrVmObztjo1ZRU7/RwVKWroqSM0xOUxrVsmkJfcpc5Mklb6wqrD2XF/XucbyFvM2+fivPzVmbtP5ksm0u2k2pcrvxma/pr6WnyihaFttp9/DxzrrHbnLlq1K+tGzB/7gN+A51tXgeOsV+V1dlrqupc+4Reo7X1n46kviDf+x+VHy41751bPigMueKqw1pangm54O/Htcuuq6d6upfdNx/XFy0ht47plnRXvAkzeSdzA3+Rv1zGsykU8HAEDMCnMyWVnulqOI8pny4hMbxzyT754fNc7mGiaZRK9wJJP9vpXT5b5kYm/1tnaW5d05mZiNNCa9Wjlsbg2nmSeTvpJXkp586ZVK83uV9HieqcVo2sgxi2QyXJnZeHHf08ZkMly7IqtWW+7Yt2aZt6fu6dhkCCrdlZkr9E58x76aLt95yl97ttz75tZnre8z9K376ja/clR/pTeTUg3nvVG5YpuewabZZJa09BXf8i/2GbYYdSattesrw+d2PXewx7BV4bm048lV8l+cud1fYHi422V+BgAAxIxwJpNER3f3TWUOl8IzMXng0ugXDVfAk0yi24JNJr4u9V0z82SyYum6wiviT1P71J3sO5rxbC5Ph+jxO43JpGXb4/5vjqflZ4WX/Fq8+g6+Um9uUw1M89rl16UNcTj3Ofz/5pKWrtdagm3yW9f9IW/bH3xrU573+GbTUzUPE8l/EcteKXWJvzhTu0lgcgi5Xi3s/duqW4HtpjI/AwAAYkY4k0l69c2+275kcnts8uE9n97/fh/JJEYs0GSiDJgYG2ocueo8n5/8yq+3Krq5fS1iQtHSVTvOixa1x7/lV2LnmkFttwOFmcuUOULGcQNTMlmz7Kk1+zv0VaOk9Qf7JKnwSUOH+MpB9aT6fCS1uyyfVzmRuOzE1IFuKckVm5auWvPqLr8xk2n72dcdL133SNLJXF83vcP+dEBsS1o7RUaqM3f3dVMmBGMy6dpnDBVi09LM8pEpN/mte9W8tsowd6zzJ+8HD1Hyayz1n2OWlLbLb3244Xd14tv1wFrzyzea5pZcuw/0fm6bqG9/PHRmyLw1aM0wmcgnNT8PAABiQ1iTSc3IlcHJiQktmgyMTvyP950kk9gRjmSyt+FUi1YHS3zJZEe1t/3E7rdnl0ymHzBJWubrASf9YvOmOr8LEpJe3fy71JeMLZLkSyMt255NelLr7xqTyabUVVPNHOsreaVG7Yu7DhqmOQnGMRP5aKbzGiOH3JmuN5xgzY/WzSiZeFrWOJSwdHyznkyuO9YHDiZMMV7Rc2D9FAd3Hdyi/U2Z1Wc9W2N8qstWdXvnejVuW+f3KqbeZOQ/560hcFKcbsXSZ/VjHNjwrIhkBvrkMccvpnhRimk+V1FOJupCbWXf5/IHAncIrBkmEz57EQAQGmtmeaO5bTr9Z6utmUWl/r/l25HtcJxVOytenfVql2xj/olZ9cFCEIZk8uA7V76789LfbO346+3X3zs30TmshBMlnrhHPIsKPp0+mfxq/Qtqd//kqUa96y/X7zZuGhvz9QK//d3vG7fKlZT8qL41MJnc92d/qbb83de+fvVqx1/97YPq6qMpj33xS3+lH+Rb33lIf4j8nN97v8B0lpd+45vUrjeqqx6Px7invKrvGZvmnkzCTg4P+iUQQRk7pkmBM6yWZWpBIriGTd7YoycTx9pVpk6w0YqlvmvfTQHAlExM5zVGjqT1Bw1bxFSomSSTFcu838mGZNK4eVXgLLLAURTZjidXrZhiYORnS5/1WxezxZQhoJUvDQe8FS3b1imjQ88GXg8zzSaVnOv8/jY9PdsclX19A319HS3l++TH6tlGdeDlp8QBf2z+a3UYxkmmTybT3CzYm0zGkt/tXVyr5Y1XT99q6x3fXNxbq6w2HO37XF7fma7b7/1B7KAlE9fwomnziXxS8/MAAGAGZptMrJmHzU1BeZPJPJhrMvmLt67tbL1de310++mhv8zrfuro0PEbkyPj2siJ3NfPbByaYTJ54K+/YkoFyY/+WN3n9Y1Zpk1q5W7dpu5gSiZ79+3X95FjidyiJ5PAs7yTl68+Sg4tpk1qNTVrfxt6i7r601U/01tSV07Xv4kRCzCZTD9gIpmSybJcwxalZe2+blOTn8BkcnPKqVDCTeOcolf0a80VpmRiOq8hcnQETGFqvHMyGa5VJy8JpjGTgGQS7HZV4gr14OMYww3mxDLS0VhbW1Nbe6Bwc9KP1hkfNHxu37InMwuPdzg2viQvGLZMt0nnNwUuQN/JvBWbfT+Qu+tyl/0it/t85bYX1skLhh3lt9p3cfz0ySQwNuilz+b6VdPty6atVwZfvS4WnsyXQ8uI3q4mE/nPtoCjmcr8PAAAmIHZJ5Nyc1NQ91AyebN59NaY8tElk9KJztEHtt948ujg8e7JT4cnlYGTSXHXYMPnmUyTTOT6ycq01373hjEVyDvU1R83tpjqTIuYn25MJvpoiVwXL2l9OD2ZyPW3X130m5dfNR7E9DQCa3xcfHq9cdUYS1IeS9VfTixbaMkk+IDJjcqkHz275tWdjec7+/oGdjxjSCaBffSAUYLhc7uSfrzuQG2t8qv6ylf8kkltUupr0yQTcVcu/7vcGid0mZKJvhzQ0uB3b1zhDteZXN//kt+dr2Y/mytpmXnYQePpSPqX6W4pJnmv+Bcu7tp03H8C29J1Oy5Oucm4qugxDxYF2OQNe8OVmerMNa+b2rS9kcZNqX5v0fTJZAZjJhOfnhu4f1ufsjz249299+eLuPLqVbHpc9v61AW15Exy//u9nyscDDyasRgzAYAYM9bf1yuX63S5rUl0XPKK6xsudV+sL8/5WFyqmZu5v7iivLi65aJbarQXWYvqc+z1DWflf/pdjoqWi5/11hXvLVU+Ak5LJs76rGL9Al2D1urKc9evthyz7mqRxoblM1ozD8t/ylvkw5blOepOtdwWp9M+tiE3q+jMtd6Gj0s3bnaoLda8euNsru7a0pySC4YG2Vjux9qn0YVmrslkW6vHPaLN3ZL/PNE9+sC7Ipy8e85zeWCy7/bknktjMxwzKdz9gdoiH0fv9F93Oo0JQX+U3vKFv/jv8qol/rvG3dT65Fybvr+eTOTcorZcuNBuPKy+/MCX4/RH/WDpMrVRziHGfYx169Z0031iytyTSRivM9mWuirphTJzqzJBy7i6I20WyUTMffJeWCKM+CeTX4hNw8c3mzrZOuNULtVUN8ANDBiGlpaAO3H5WgIfKCljIEFLPKpr35qAEZKkZ3xDCpKYBuY/WUsnx5KV5lGmQHLXX316gRlAedPEqw66Sf/QEsXN+qynLvu1BFHozZn6WJZOPcWmgDfBW+Z4pprJdSaf/mHgj5VkIgcPvUUNJEHHTNqa+3/aMhp4QL24zgQAYpLHmm2eWyUnAUmJCrkV2j/0IplkBQ50dKo7iGTiPGHNP2He7k8fKtEX5MM2en8tpiWTiZacMm9/43J10GQijF3fuE8LJ1fL9lu3Vvltnb25JpN1R0fa+ibHvReW3PZMrv7Y9XcFXSsrBw92TBzvnvznioEZJpOOjmt6o97vv3b9ur789W98S98h7u++prdLhjETvb4c93f6zpIhmTyUmKQ3Go+gL/+b9XV9B3245u++9nXjPnoZr3VBOJJJ2O7NlaTcEzaQKX48Z+jC3jGZyL1bv5bTefpsMe9sLsEUfrxu+qUaxVRnDwwYhpabpluNSX1l0ycTM8OYiSRdMk+R8jQYP0ukuzIzeNDy9JS/9mzw+V3+frd0lXqdetD4oabHoJv6jOuug8b3aip6UJwqmQSaql01ODpdMjnTdVuub7/b+zm7GAY5eKj3Pefop/2j335PGzPxXWfScPNT3xXwo597tz/wgHrJJzU/DwBA1DtXtfu09s9qmb0k6y2HNbNITyb6ZCqRTJRGxdju/L1Z2UVWb3SxZjo2bi4qbg+4ylM1cDXnbeWwwZKJ3rnSTmecweVdDpJMJKk0r0jMLJLG5FhyZmCKU8/YXJPJF3KuvdYwdql/ckjM6RJb5XCS8uFn9+f3/MX2a1/afud7c/3y18+rvfyeHl9HUu/6d1y7pi8/8iPtshOZHDD0dilYMnngr7+i7yzTLy8xHsR4BH353ffe13eQw5LaqI7MmE4h18M/fETfGQsnmex40r9fa2CcJtRXt3mF4dM87phMLheuM6SOsaTUZ4MmE8lVpt0Fy0BcvR04unY6T7+r1YyTiXh1xovsZ3pvLp1fMhH37FrxmjfqKJ+0qMeNFUufDR5Lpr7s5LrL7/L1vpN5P9Ovirmya81uwxUynh7fQYJt8q1K0pbHV63I9eUlVd8Vv+ttLpe8pn+c4tjRTL/brA2fm2qW3fTJRJr2UpO7VOZnAACIdmeKHdbNWkio3lmkd4inTyZ5mUXeHdt8YyaS9OHWosB/olsPOKzZVeryjJLJREtupfeiV+d0yURSwsncR0tUc00m973Vvfg9d13X5A3vZyzKf+44ezPu3Wv37+i9/73eMCaTL/3V3+o7yFFBb5cMyeS//81X9fbGxiZ9/5knk8dSV+o7bNv+rtr47e9+37iPsYaGhvT9Y9zCSSZJS5+tUS7C9q9zknLL3d85atu6BlpqDyb96KXyV2eRTNSrFLaVtPR1nfvdM0+V3zinTwbzSyZqn/6k8d0QQxPBbjl1Kem1WrV95slEXCqz8hX5JfT1DRzIf0UOD3NKJiLbrCosb+m70vKTZauW/Up7GsPHN/9sc5n5PWwSias+69lNB81vb2OHeL1PL121xVFZc7pDfm41JbuSlj5l/OEoB7nCktqWKwPd5xuf/vGqUkN8m2aTpORJ7WIVA/nFPvfWvu6+AfmZ15TsTPKbdXYzaekqR3mj/DQun6792Y9WtQT+kFaQTAAAEbcx0+EbMMkruq0uTVyYPpnk6smktcqYTOQgkVdrnjciHvh2tbLomlEykXr1Ezkr9k+fTKSx63MfLVHNOZlsufGFLZ0nuz2Do75kctQ5+p3CK+FKJv/60m/01b/96qKPD5c98OU4veXNzW9JhutM5OW/+erf61v1cHLHZPL3X/uf+mrCQw8f+LDkJyvT9JZzbeKSFeP+O22++wt/+3tL9GPGsoWTTIBwmeZSk7tRXGQCADHndLkyw0opucMz4dqYJZYdp7qnTyZST4v6qIbuMb9kogxiOM2/6Ro+X1Eq72yruJQ7o2QiDbfXy/vn7Ko/P3z1DskkfOaaTO7P6SzrGB1XPsFEUmLJwOjk8o967t9+I1zJRDLkClN95e//Qd3fdNfgS5cv6/vUHxe/yb5jMjGummrFEz8Nuv/uD+x6C+FECkcy8V3+rtRFt9rca2rXfpcAzIvA/HD3ynxuAABiyVyTyTcLum/cUu8PLCKHZ2Ky9tPxL27vvu9ddxiTydWrHaa0oFb3jRvq/oGftPjg//hHteXPH/jr2mO/n0kyKT10+G+/ush0ii/8xX9XbxkcuL/kf4fi3l5x27VYNvdkAixAn90y54e7VPKJzOcGACAkzor9vqEY3xUpC91ck8nuCxMj4+ql79K4HEs6x764rfu+fPfMk8ms1B9v2JL7zomTp8wbwqrqaPXWbdtLDpaaN2BaJBNEq9ue+ZjTZT4rAAAxZq7JxHpq/MrAxJhncnR8svr62Bfe+ey+7a5pksng3JIJFjKSCaLY2MRdnNY1RioBACC0ZPKXb3XryeTru92Hr09cHphs759cddB13zYXySRmkUwQ3fqn/niTuVQ/H2ACAIAilGQycHvSeG+uL23vidvp+rNtn933Ts/0yWRH26j5WIgiJBPEgr7bk503zekitJIPZT46AAAxLJRkIikTG9pc45/0eMull0eU21C9Wg2P829wlCOZAAAAIGQhJhMgEMkEAAAAISOZIGxIJgAAAAgZyQRhQzIBAABAyEgmCBuSCQAAAEJGMkHYkEwAAAAQMpIJwoZkAgAAgJCRTBA2JBMAAACEjGSCsCGZAAAAIGQkE4QNyQQAAAAhI5kgbEgmAAAACBnJBGFDMgEAAEDISCYIG5IJAAAAQkYyQdiQTAAAABAykUzk/yiKoiiKoiiKoiJbjJkgdD09Pae85G+mWyPjFEVRFEVRFBVakUwQOj2WkEwoiqIoiqKoORbJBKEjmVAURVEURVHhKpIJQkcyoSiKoiiKosJVJBOEjmRCURRFURRFhatIJggdyYSiKIqiqAVerv6Rs5d7o7suOgdMr7rk4sjn83vnueSTBr7/syqSCUJHMqEoiqIoaoHXwPCouQcTjYzh5Gt7BgJjw/xU4Ps/qyKZIHQkE4qiKIqiFniZuy9R6uxlXyoIDAzzVoHv/6yKZILQkUwoiqIoilrgZe6+RCmSCWIdyYSiKIqiqAVe5u5LlCKZINaRTCiKoiiKWuBl7r5EKZIJYh3JhKIoiqKoBV7m7kuUIpkg1pFMKIqiKIpa4GXuvkQpkgliHcmEoiiKoqgFXubuS5QimSDWkUwoiqIoilrgZe6+zFiGxWJqKVhpSX2/w9QYutqMGnNT6EgmiHUkE4qiKIqiFniZuy9mo4mJiSnb283NM04mlhdK3W53/ppES3yaadMdzCaZpK8sMDf5m3kyGZEmb3TdXn305oUbo4Fb51iB7/+simSC0JFMKIqiKIpa4GXuvpi49+e/n2F5NNfcPvNk8qqSLzyt2Y+a97+D2SQTS/iSiTQ4lhTQGK4KfP9nVSQThI5kQlEURVHUAi9z98VffoqIE02ZiXqLJT4t91TXUHupxZtMho5uWP9R+5CzyRI/dTKR2nO1ZNKR/sL6mna32z0kr9jTLE3Ooa5TuWnx2tHyV1qaukZHbw0lx1u8yaTDe9iajFqtKdGS2OV21xxtH1VWw5lMpMmrV24aW35+YTz1YH/JwGSGsprvktToclWSWlr75YUWj5RRNmApG5HudPDA939WRTJB6EgmFEVRFEUt8DJ3X/xZnitVvjatP6REgI6CAm/0WO9NJvrgiZw9giQTRcoz2TVdakNH8ju+uWG+RNFRkH/Zr2X00Pqpk4kvoqjCmEzk+srBW/0T0tXLfvnk88fHa46ryyM3OoY/nz88cmNE3SQNaPO+WiakwKMZK/D9n1WRTBA6kglFURRFUQu8zN0XI0+TmiuEdLtoqc3Qk4keSFK9C8Fnc71Q6u5XBzZUesxQtvoShRY2fC2+2VwBycRpv6vJRJRjWJIm1OVft42PTIiDeJNJr3Rr7PNHx042qqs3jScyH8e/At//WRXJBKEjmVAURVEUtcDL3H0xqHjBd2WIOq1L8tSs/UjMwpLEfCpfIFEX0i3Bkok2m0vnl0wSLenqwtBHa5s8YsFiWau2NGUm+pLJDuUhp97wBhJ3YmaTtlER/mSS33tDixk3pb7b8sJXWj16Mim/Jcml7ymNzfSYge//rIpkgtCRTCiKoiiKWuBl7r4YpFtS9GW3I12dg2VJWltwqsvdXuG7zuTQ+owjd7zOROeXTEqfM19nkpsiWoaG3KkJ+nUm8knXj94aWv9Youk6kyZHjfasLKnS6NCQcWzG34yTyc3yi7czjg7/+syYftGI5PF8Zf/QDY9vzOTn1yb6vSMqn1euMyk4Obz66PCezukPTjJB5JBMKIqiKIpa4GXuvkSpGSeTu1uB7/+simSC0JFMKIqiKIpa4GXuvkQpkgliHcmEoiiKoqgFXubuS5QimSDWkUwoiqIoilrgZe6+RCmSCWIdyYSiKIqiqAVe5u5LlCKZINaRTCiKoiiKWuBl7r5EKZIJYh3JhKIoiqKoBV7m7kuUIpkg1pFMKIqiKIpa4GXuvkQpkgliHcmEoiiKoqgFXgPDU388YRS56BzQX/LX9gwEZob5qcD3f1ZFMkHoSCYURVEURS3wcvWPnL3cG91ljCVqlVwcCYwNd7vkkwa+/7MqkglCRzKhKIqiKIqiwlUkE4SOZEJRFEVRFEWFq0gmCB3JhKIoiqIoigpXkUwQOpIJRVEURVEUFa4imSB0JBOKoiiKoigqXEUyQehIJhRFURRFUVS4imSC0JFMKIqiKIqiqHBVKMlkyfbez22Tq8+8YX7VvGrpMLdhXpmSyeDQiFwDg7eM1T9wk6IoiqIoiorxMnUR1X6jXEPDt9UavjkaSjJpOD6Qfqj/y9t60w8NBKmqobab5ofMiMfd/lF2QrzFkpBob3abtwYgmURc0GQSGE7IJxRFURRFUbFZgd1CYywJQzJRNZSpIydB6p9bzTvPwJDFkphxVAsk7TvSLBaL/w5mJJOIMyUT+VvK+H0WNKJQFEVRFEVRsVmmjqKeSdRYMqdkIt0YDMwkISeT9neSC0w5ozZjw1Hx1fLM/uM5aYkJluxmsfrGk4lyaEl4bL0xmWwQjQkF3pGWDEviaLtd3k1ZH01/LEFeTvutvenOIzGYhcBkopbp2464QlEURVEUFTsV2P0zVWAmmXMykW4FZpKQk8n+ZyxNpianPfmddvmrZWV2Qur6fEeFyBUddkvy2qZTxyscbyQmaclkqDYj+Zf5TXWlFkui+tAMOYckJJceqZCX3cXpa7eXNtVVpK/MbvLoR0cYTJVM7hhOKIqiKIqiqBgsY3cxvMlECswkSvW9cMW85x0VrAycmlVjebVG/mKxpOhNGfG+KV75qcpDmrMTvYGk4/1Uu1PZzWIZ9e4mksn75tQTVTxuS1qusSEjOWHIuH7XmJKJ/P0U+N1GXKEoiqIoiorNCuwN6mUMJGrdvDU2p2SyZFvv4au3RybM7SEIOpsro1Z8tVgy9LZ0w8Un6mwuOXhYLKlur1FlVCTDdI3KqHtDakLyL/d3ROuYiSGczFsskYIlE70Cv/8oiqIoiqKoGK/AQKLHkrkmk/htveamkLXnpyhzt7yGSp+zVNwSS8ZkYhwz0YZZxJiJ+Vp5czJRyLulF0fthSY1rya2yolkqCblzfkbIJommRBRKIqiKIqiKL0Ce4mmWDLXZLIk33zj4Ll8yEn+k+I69YKPKioc+fJC8mtiKpfkn0ykywXe60yyjdeZWJLTK45U5P82XW0xJpPjmSmlda2tdaWW+DR7wIyxaCKHk5TM+Ysl0sySCUVRFEVRFEUFlh5IwpNMPret9xXlug7NyLDcMmJoQHQzJRP9uyrwO4+iKIqiKIqihoMFkvAkkzMt5isa7I2hfcgi7klTJRMiCkVRFEVRFGWswI5iYM0pmSDG3TGZUBRFURRFUdQMi2SC0JFMKIqiKIqiqLDUrZFxkglCRzKhKIqiKIqi5lhyJlGLZILQmZKJ/P0U+K1GURRFURRFUabS04ixSCYIXWAyUSvwm4+iKIqiKIqi1ArMJCQTzNVUyWQmFfg9etPvXl7mT+ehKIqiKIqiFlrJfTbj3bcCu3yzKpIJQjeXZBJYajJRv8sHh0YoiqIoiqKoe6LUiDL9eMhMimSC0IUxmSjfyiKWeDwTk5PmEwEAAGDBkvtvI7fFr5hJJoiY8CYTOZaYTwAAAIB7xPj4xBzDCckEoQtfMhEhW07b5hMAAADg3jE0LOZ0yV27gM7ejIpkgtCFK5moV5gwiQsAAOCepiaTkIdNSCYIXRiTCVO5AAAA7nWDQyM3b4U+oYtkgtCRTAAAAKAjmSBiSCYAAADQyclkLhfBk0wQOpIJAAAAdCQTRAzJBAAAALp7JpmcGz5HRVmRTAAAAKAjmVARK5IJAAAAdCQTKmJFMgEAAICOZEJFrEgmAAAA0JFMqIgVyQQAAAA6kgkVsSKZAAAAQEcyoSJWJBMAAADoSCZUxIpkAgAAAB3JhIpYkUwAAACgI5lQESuSCQAAAHQkEypiRTIBAACALoqTSekThVUBjdQCKpIJAAAAdNGTTLJ+YrH8Zndgu6metvw6sJGKSJFMAAAAoIu5ZGIhmSyYIpkAAABAF8XJZHdKvpjNZYl/5Nj1hoY/7F9TWNbS2WCxPN0gr3a2BB6BmucimQAAAEAXE8mkxbAbYyYLpxZaMgk8MkVRFEVRFDXDMnetZi/6k8meTSmW76U8/Xa+2k4yWThFMqEoiqIoioqaMnetZi/6k4lWAw2W+KfPkUwWUpFMKIqiKIqioqbMXavZi5lkIjLJE8qfawIfS0WkFloyAQAAQARFVzLx+nX5OT2ZPLH0O6Lpez8o6xW7leY/La99J31r4BGoeS6SCQAAAHTRk0yoe65IJgAAANCRTKiIFckEAAAAOpIJFbEimQAAAEBHMqEiViQTAAAA6EgmVMSKZAIAAAAdyYSKWJFMAAAAoCOZUBErkgkAAAB0JBMqYkUyAQAAgI5kQkWsSCYAAADQkUyoiBXJBAAAADqSCRWxIpkAAABAd88kE0QfkgkAAAB0JBNEzL2bTJwV++U/rZlFeuVWdO72rZarW20nR7QHuE/IjY2GIwC4Gxrtvv8r1Zbz1eXy8sZtpWXnB9QWa/ZhfX+rvVX8afgfWd80zxpKSuQnkJVf1dA9JtY768v059JZ7/3p4Wnd53B5m+UX2zisLZteiPeHkvyTqtXYuKdAe1tkuWJrDNF/RBc3ibdQX91dfUlS3kzv3/5Y3jaH2LR5b7dhN/UHO3TG7yv120/+Hs7JLrJmOdTv4cAdZHmZDv0IubylCIZkgoi515OJ0Fmv/+uudAJ8cg9U5WWWqMulWx0kE2D+uBt3nxZ9dld1id53l85VqX393RUnHGe13xpoHXpvtylCRN5wTmgrrtqSxlvBk8ntk4etu1qyDl1Vm0VnOkvr5/leguGBxh9K3h1GNtpbxY/Ly9XVbn1jTNDfDfnd9ls9IFb1ZGLN8vtJbvrBDn+tu72/AgjyPazQd1BcLz3fUufdRDJBUCQTREyUJ5OKTrkbofQgPPIyyQSYN9asUuWrr9uktSu9c/n/x9K8ohylf78gkonhx4iiV3SRgyWT3Oyq1gmpcof2ouTOtDTRaXwh6s7TJhPRg5TjzcYs38BRjNDfDfG++VbH1HTnTSatu0/rjxBIJtPy/S8W5HtYYfx/UH3nN249pq6STBAUyQQRE3XJxG/YWvxcnmj98LIk3WqpdEskE2CeDLfsaFAHSlpN3UprXr2k/r95uTpH2WSaBOULA/NJ/Bjx66KJZxUsmeR8fF1SRk7Un3dqP8/4QtSdp08mkrsxL8sRwXlrkaK9G7ddG7P2KqvaX3plu/humTqZmOcjwcCYTAK+hxXGZGJT8nDpVvH+SwEPAVQkE0RM1CUTvz6Q+g//xuwq9RecJBNgfmz0zcbpLMszjpm41P8rtU75rbbcys4FMWYy0bo7y/A8Jy7sPu2RPjvhSyZOJZm0Vl3t6+1XKq9aXCmhJhPjCxHumEyUn2BOfSVmmH5Ee1dd6qCTN5l06pPl/HdDUL5kEuR7WG33JROXo0n5Br50rFWZ90UyQVAkE0RMLCST0q1FeVnqBfEkE+Dum7ggd9P1Nb/rTC5XVypXVujDBRuzShZEMvG/zmS4oVSZo3/BO/IjXoXcWW7Y5ev5WZX5MFoyMbwQgWQyhSmSiXj3JL/rTNSpgObdEEzw60zk72E1e0jGZHL1mP49qt4ehmSCoEgmiJioSyb6fUjET1ut9+M+ISZ0kUyA+SAGSfSpWWqTdm+u/PJK7725fBOZhptNs7kiOMdJvTeX9e1y7d5cciBpqtamGynP3LrT9yNEvYZbTyb6CxFIJlOYKpnIkfXDyx7fvbkmBnI3K98Pm/0mfXFvrmD8LuUy3ZtLpe0wccGR7bsrV15mSaVbTibaexuD342YBskEEXPvJhMAuBv6m8o3Gm6rCgCxhmSCiCGZAAAAQEcyQcSQTAAAAKAjmSBiSCYAAADQkUwQMSQTAAAA6KInmZTlFeVs3Wu89aMju0j9XC0sTCQTAAAA6KIqmeRWXLDuavE2jGzcd0FNJsPXmot37hd3hCxWtip3ej1zSNyicXf99XH9EJhfJBMAAADooiyZdFqzDmvr7hOlVyU1mbhqD+cV1/f3deeon1Eqkokjp/hE/2dXRVwxfCwX5hPJBAAAALpoSyaN9iKXWLteulWEENNsLu3jpUQy8X420Lkqbh4fKSQTAAAA6KItmUitVaVXJfnPjZklkjeZjHe3ltmVj9dVP2rUmEyMy5hfJBMAAADooi6ZyGkku8qW5XC0esSySCa91h0nlIEU6UxxQDJhzCRySCYAAADQRWEyqdxRlPPxdbVRHTOxZjps1VevnjuxcbNDTyZZBce4ziSySCYAAADQRWEyud1QKiZ0KdRk0lhcsjGryLq5ZPxsuZ5MGkvE/C7HqW7uzRUpJBMAAADooieZzALXliwMJBMAAADoSCaImIWWTAKPTFEURVEURc2wzF2r2YvJZIKFgWRCURRFURQVNWXuWs0eyQQRQzKhKIqiKIqKmjJ3rWaPZIKIWWjJBAAAABFEMkHEkEwAAACgI5kgYkgmAAAA0JFMEDEkEwAAAOhIJogYkgkAAAB0JBNEDMkEAAAAOpIJIoZkAgAAAB3JBBFDMgEAAICOZIKIIZkAAABARzJBxJBMAAAAoCOZIGJIJndUsNKiiU/Y8H6NeXMwykMy5IWaV+WFVHkhVf766h0e6z2NJfWZ7NI2t3lzMOru6kLq+x1SR8FMTmRi/22acpyEN2b26uZu6OiGRPUJS9KosyJBOX320S51q9qS8Fi632MAAMC8IJkgYqIpmUxOyhXIvNtsiZiRmtvqdrfWFYgOdLN5h2nMNpms/8jtbm9SOuqWGUUTLy2ZzF779hT5sa3Orta60pQ1dvPmu8KtvkDlCY/KCxlH2t3tpfJCk0eqeEFsklvWJ1ksiW+YHwoAAO4ykgkiJmqSycTEREdn7ycXu/5w/tPWC5+2tn967mLnles3Om/0ejyeuWQUkUxWFqi9ftFprhULXbUFyQ/JawkFzWqC6JBXJPdx8ev/145PN2bibk97NFFeS3u9omtUPYNGP3iG0nEXZ/TubHkoWd251bFB2WhJf71AfciUYybuJuUZWpKfXK+uqmMjqc/la+dTKM9QPFVfy/tvpKcmK3uKU6jHVGOP8a3QRlriE/JrxTugrT6U3DpkOFYw7uL0xJXiBOKYt0QgUdvF86iV1isvSV4dPSQWxQaPOzVJHVYRu9wh3gEAgLkhmSBioiaZrPtdyTcf2/atx3O/kZL9Xxe/8L/82cp//4UfLUpY+40f/Cpjk21kZGR0dHR8fFxNKeYHT8s3m0v2UIrW2lHRPjQ62p4vGp/ZryYTMSHq9Tfy69zTJRNptKK1S+5tK/snek8iaKdQjpO4Rs0P2s41ryYqO4uztHtEe4Ey80rZOWgyEWMRa99v6nK77dv3q6vyEdxud1q8SBe+s3bYxZaHUt/4qF1rKCuwn2pXH5Je7A6aTJSRjUT54O72plZ1oCM+TTwt5Q3xHTyQR4lw+jFrRQpTt4jI9WqN8jzVQCKWJff+dIslZbv8fNrlVf8oBwAAwo9kgoiJmmSya0/V49/6SdojTy/71or4+776zT/58jf/05/98CvfWPq1JTt2OgYHB2/evHn79m05nMwpmSSk+A8JKIFEdPTFwoaj2sZpk4lGPV5giyphpf9EJq0HL/JM6uulrZ9pXXRl32DJROnW++aDKauW50rlxaZMOeSIFKFbKwZIBHu7X89fCw/BkolIEem+qV9i9bda7vI7b4CO99MS5T2DJROxZEwmklhW91SHkizqOBJw15y4Mf7wwaElH1F3rl/9/pb8dpnfQQBRgWSCiImaZHJ7cODEK2vq38q0//zJ7G88uO6//PGv/+q/vv2Df9r8vW+e/+QTp9PpcrmGh4dHRkY8HjHoMHPGKUyi3//acUmNBA+lvPG6MrfKm0z05DFNMslIsqhDK0oP3JxM1C54zW/FJrvTt/Mba8TVIGKbuz0hXnmkMkahLAVLJh3ikhjfoZXV1B3iRXS8L3bxbVJ53E3viOlY3sEfy4bX39AuUg+WTESLcjSVOOJDycmPaqVdye49l/F06qqu5rJvjEU9pvoA5cHaS2h6U34iCetTE0xDTEDY/b6LrvYs8HYB0YpkgoiJjmQy4fF0ldrP7nrv7N4Pyl95oeSplLxvfjXra3+e//gjB59NOfjME2f/8Ifr16/39vYODQ2Nj8/uX1P9Cvj2U2Lik5jgpHTfj49K7iPKJSGzSSbiCEVd0i0xN0nrgntZ1Cvgna3KlSWWJsPO+cpFHJLUJSZ3ybrEM1EfEjyZKKMr6myu0px082yuFN+lJvJTzXdUuNubCl4Qp1XzQKKcvkaV8Rn5mJ4aEb8S18tvgDiGkkzs6aJJzOZytubWaZO7RpXE13rEMFUsgFv1h1yRQ95pHVWeWO6pLvUK+Ipb2hXwcou4Aj5+vZjP9oIl7f12+UFDzOUCAODuI5kgYqIjmXhGR53vbfq06uOrhz+sevHnH634p8Kv/9fcv/mPOx9NKPvpt/Y8nnjqxInLly+7XK7BwcGxsTHz46flN5vLYulQ+t/eNSVEzCaZpKsjHhaLSAgBycRAjA/oO1vS/AY0hOnHTCQpWX+schZl+EVTcNl3Ur9Xl1YgebQ7g4m1FHWoZPT4a2pWsiQnJ2rDR83Z+m5inGeoRl+1BA7IBDKMw6jvg++BHXa9JU3ZoSnHO9tMTmt3urweAADMEckEERMdyWRyYuLSu7+7fOD983tse1O+bfunB3b8zX/IifvPu5Z9q+rHX8/6/nfq6uo++eSTrq6uvr6+0VF+937PKF0jAolb+Rur+K03FwEAgLuGZIKIiY5kMjEx+fL2Izv2nsgt/H12/se/e6Pw7eRnn//O45bv/vPXLY9/5werjh492tLS8umnn7rdbpLJPUQdrklITk5W7p683zDaA+BeFPdg/OpXbC7X5aWL4pxa26DceOKiy9l62aXuExff9qnz6fi4+BeP+R55zbY8bsmR8iNytXUrLc2b4n++xdl6JO7B5bYrvh0XPRgXF/e8+pDnq33tPtXP266Z2+5R7taKiiNavZEqbkAyeuqN5PRst7s9Jd53P5K0BN8Fk0b5TyaoA++qREtCu9td+lqKOm4/WpeRllPjdrbKLRl14p9O485Gfrd8xL2PZIKIiZpksu7N0nf3nHxvT8NQRW3vv7xw5U//ofmn6YVp677+T49/+werqqqOnj592ul0kkzuMR53k/YRLgkb5usj6gHcPaM3vUsnrVblg2tdxau3XzT8WL55ZElOm1ho3bIkbrGv/cr2pXHLfauSa19a3KCydGhtXFzaPq35ynbbzudjJ5kYpWi3CdGmvQ59tFbNIl2HNqS82RQkmXSVWh7LNoQNt+WX4haO8oI9Xdylff8zFu8UWrd6d0eSSYwgmSBioiaZ/HZ71cGjf8gtPHbx982dq1+8+OXv1DzwjSeXpf+j5Ykf/vjnVVVVzc3N6h26SCYAEHGDh9aJeCBGQhYb2507l+sDJcde1MdVJKny+bgHX9bX5I1y/tAWxUG05bjl2+XgEYvJ5LP9yg1aDI5usPvePhEezMlEYQwbliTlhvVDNRsSxYV/rTmJTeo/mEM1yudKkUxiBckEERM1yWRN1qGSqpa3Co6lv7z7649b//GHz/3DQz/7xvd/9rVvPpb82Bo5mZw+ffr69es9PT23b0fseQIA5Lwh23RA9JrlHBIXt+TlA20u1+W4uPiXj40a04gxpUijzhPlR1wul+3Fpct3ipmdzoLlT799zPVpW3x8/GIlmVjjlXwSk8lkfbz57iPqjVJ8qzNIJpL7uBih/mVpl/fu+m+IW9aLFnWVZBIjSCaImOhJJtkf7yg+lWM7tvm9w09v2LFqzZvJqesfeuRZOZkkrfiFOmZCMgGAiBsddLkunlj93bhjg2oyWay273taTMpqy1miX1B25vXFhl/6+8TFrVa+jqZaFsUtWuxq2bIkboloX75dNMdkMrHEpxtXuw6tz6j1u5vhTJLJhmSLvbYpJcGSkJot1rtKE1I3lOakyy3HlfEYkkmMIJkgYqInmWwq3b7nlP1g02+yi3/41Js/SP3NQ4/+YuXTLz/y47XLfvLLyspKkgkALCTOuBePKReTaFePXH53adz3t0jNVm9saNvyfe98LX+L45YaV4/8SkQadSjG4PnYSSajZevzxWQrjftoRsZR/5ldM0kmHQW5ygU+QluuvHeqJdm7LiVrd6gnmcQEkgkiJmqSSca7le/tPfHuB1XLfrHt/43/9f/z1Sf++IGH/z7+p9/4zsrkx9ccOXKEZAIAC8jgocWvnxHx42EtfsgLIqt4TgS/At5nMG6x1bger0wDc7WK23aJejM1Li71SHmbOZmMOgfVSUqmZNLXdq9ffZif4rsNlywx3pcodHdOJk77G6e0xaGP1u53S2naJfWCxSLGZEzJpKmu3a1+xpd/Mjl+SvlQYNyzSCaImKhJJs+9eXBwz56Rg3urP9pTXLHkdzu/9Ef/5VuPpD6X9sxvkx9bU1FR0dTUFEoyEbMC/Jh3uBs8g8feXi2fy1qp3kLTj/5Mlj65ybwtmDOZ8eIfecMVogBm4p2X1j287AnrR+3D5i0I3fNPLFm8SPwEW53pvZuWJK374eK4uEVHrmkBwVVplXdI/bcjTqVBne7VVvx86vcX+/3o+/QDeTX+CWXilpFhNpf+A1NucRYs36TcDczvB/ty27FX4veptyG+V7ktKfn6ivIJv16GNOJbrsvQE4hoN4SNmpx0cVVJctoGR5NY93SlJiWoLVoCMZCPZolPzlbeUmO7HAEtCWv1Y0aT86cudHs/q/nMtWj+wRD5ZHKm5Wr/hLkRsSBKksnkZM6pqw3v7WrZ+m7pb1a/kP1g8r988X//08X/9PCjictSvpecVl5eHmIyUYl/xox3qwzd6KF1hvvzB2dbIf8bekRe8N15xkD+d1SbeH3zWNwrdzyYF8kEmBXPZ+rXtnefeXh5rv82zCfXukPqzYERHvufMV8rj5nortxvzSyS6+qYlJUlFqqj9xszwsmkv6lcvNdbq8wbEAOiJpnsLG8q3m4r27ztw8NPbt/7j0++9Cd/9U+Lnnn+B796+dHvLV0tJ5PGxsbwJZNBcdnlg4uPeH/NJieELU8uiVu0RPyYGjyzKC5u6VqbuunygU3y6iLtl1Iu5XeF4rd0ymHOiN8dLl7q8t4FRbUvLS5u7SF5YV2wLOFLJpIzboWy7HGlflf8KtHWov2YXC1+ARm3+pVDTv22myQTIDQNuQ8vW29uBBBrhlvVZGJ9a6+6EMWDJpFMJq0HtPdXVFaJs0IkwtyKTvN+iFJRkkwmJja9U/JOXsnrm3b/6ImfJv1z3B/9n3/2R//XA1+O+97ffe0H8d9bcfTo0TNnzoT+GfDGZNK2ZYm3i799eZx6rDjltjBi4cH4l6tFm8uResSYNzzHlu/UbpGpDnO0vb0k7sF16kY5M6wrNz4rp21F3OpHFtmMnz7mpSeTEznLP/C/iFM+zvPV4hTGu9mQTIC5eGflEynbPzG3AohBw627N2t95iiOJVLEksnwpdJ8bybxrxCTSWe9/Ni8ar+Z8TmZRbtPGxtmypq539yEuyA6ksnkhOfCyz+/fqD4vH1/6XPrt371gRf+8+ef+vz/vd5iefHb3375oW+fPHXq/Pnzn3322cDAwNiYd5bozBmSibj9izriobSrl1HqLXI00OZXeTc5j9nEnfblB/knE3FEpUUyHVOSno6Pi/vhy9Yfxu27Ilbj4lbvM/xfFffIljMumdP24tKX1bFkz+DqR5aogzHK5Z6jSxbFrX5FOyDJBAhZW8FL9ui6iROAkOUok7i0yqs3b44ikUkmjrfMgWTuyWRjdpF1xwljmzWLZLKgRU8y2ZDuLLJdfHdH9arHiv7sj3P+03/41//w71/5+j+88s3/+cp348+ePXvlyhW32z04ODg+Pm5+/B2FnkwG4x5cetklBwvnjJOJK2759sseMdcr7kH5pKNxP/3AGPcNs7mkuAfXHbkprkvZUt42OCqOqd2IZtS1+uFFSzNPDJJMgNCNPbz8JXMbgJh0+1y11kk+cExdME5PiDIRSCbG2JdzQLk930CLL5zkVZ8PYZiqs353Q4stq0hvuH3ycGVr/Twnk+qdvieAO4qSZDI5cW7Tv7a+8C+1jyUW/cn/sf0//tEbn/ujX/1v/+uvv/Cnv/6rL+Y+taqrq8vlcg0NDd26dWtiYvZ3ezDO5jJ08bc87J3NNVUyuWZbd0jZ5aRVTybqLC/x+WLe2VxL/GZznVn84jFtxeOKi9NOofNLJnHrDt00zCXTk4lCfp4vHyOZAKEZe/jHxJLwGx4e7gkr8wliT3jfUvlo5hNA4xGx5NAlsTjcat1cbt4eReY7mZhGSPR2m3974y3DY2aiUwkh56ocrUrPy30iTz746XI1mahXsDScu+DYVlTmVHY4XV5asd9R0dx4Vazt3ly0u6K5ofrYeeVg1kxHVsGxi5faNspPZleL0nY9r+REw7nrdSUl6qhOWV6R9S2HeNSpE9bMvWKXsWH5VfT39fbflk/hsm4uPXPuQllxifJwBBEdyURSLjU5+6F9z6pH313y1dzvPPCbL/5///rVv85b83RFoW1wcPDmzZsjIyPj4+OTk5PmR86E+Qp45YOHjVfAT5VM5O/kJ7S7YXpHSAaXLIpblPaBWBx1Br0C/ozjefWK9tWvyLuNyrsszzmjb1VnbckWP7JaDS2DLeLOmEvX2mwrRDIZbd4urrNftPhYn9hKMgFCYF/7xMPLfGXejFCZO8Jz1t/fbz5HLJFfvvkdmTPzORB75juZ5GYVWQ1jJue9v0EWGUAtZWuQT1KYnppMpOtWe6v8xVVdYs2u0pNJXlZRbpkySWzigpY0TpcbEqfHmuU3SGL1Xl10vmSvNbPUuElEjjwxZ0wkE+/Qyg5vxNrty1qtIU5LiyVRk0xkY6Ojvd1djbVHf3/4UO2hg+fPNA/29o7cujmqCGUSFwAgrMy94DlziemysUt++eZ3ZM7M50Dsme9kIml9+ikrxA69lkwkMVQirn3fW3pVxA+10f8USiA5Xa5GFaGv0XRS32wuOcBoy2O7d+7PUu+KoFx4JF6FkoLUZXXBkEyksgKHNXu/U4yfILhoSiYAgAXO1Am2V3zi33DNZisxrtcdtNtstuYOZaWzrajQZiu03zDuEds9af93oqenoUR/S9vrSuW3zlZQdMX4ft1ol9/Con0Vhibze24+B2JPhJNJWX1LwylRed5r4ueYTCp3FLkkj3XrMTFLy5dMDtf19Yp5VqKU4ZBZJpOGXY4dHze3XpMfPjDDZCJrqCi3ZjmMLTAimQAA5o2xB1y6p1DpOheevKq1XJM71n695Bs2x8c9nZdse6vlXHLyYGFLu/PSqY9LGpyGfWK6J218H25cqBPvp81m3/uxvFpoExGu82JjUdlZfZ/G0sLGi53HDxa1e1sC3vOYfj+himQyMbV/uDUMyUS61ZKzbW+lW1k2zOba6E0RGmMykUasWX5XgwQmE9+zdTdOk0w+fNv8oqSmw4YTwQ/JBAAwbwwd4OMVrX5jJlUO275j1/x6yY2lJ5Wvtftsvka5z13aaFw1nyOWGN+HEpvdOGZi21OlfL1hfLsKtbfXaa9sUxY+Mb/nsf1+QhXBZGK6fkNyls3hkxb1ZKJcsqIteZOJJHn6z5/YKC5xcZS19qqb/ALDwCV1a6ty5X1gMhm/1qgN8pyfbsxEGr4k77OxpE2SenOUqV+5xc3aJgQgmQAA5o2xB9x8tMRWULinRHSgb7RWnLwuGo29ZOfvD6i97OMlvmRyvKTwmr6iMJ8jlvi9ETeu2AvFGFSzOn+r46QyJLXPuIvNrs3jspUcl/+07xLvNskEJhFMJsErxGSCexDJBAAwb4w9YJn9o6qKD4uq23tKd9m1FmMvuaEkIJlcszmM10gI5nPEEtNbIcZMPqqy2fbIi3sKCy91fHK8bF9Jgy/K+ZLJRyd7bjRWtIoMQzKBSQSSyfi1Rkdx+VTlmv3nPeAeRTIBAMwbX//3UuOljk57WcvZhtKKT3ouedltB+R2bZ/rdWV/EF9LbIXK+g3bB6Xex/uYzxFLjO9DbcNZkUzKWuw2OeZ9UtKgtduVoKI6YCsSX24cFzO8Oq8Fec9j+/2EKgLJBFCRTAAA80bv/qoC7s2l/f7+413aIIl6b65GcW+u4yXq9d3KNd7Gh5jPEUuM74NguM6k7uM9ymyuQuXOZs2FHzeLVvXeXHvLDI9hzARmJBNEDMnkzjyDS8XHHoqPMvQ2KZ+0uGiJ+gmJx17UP/wwTv+Admf5lsUPigbxyTuSdGbnOrHy4OIzyqcfakeIi1udeURdlzwucZbFSwe997jWD6l/4rvUfUj/SEf5CM8/ES82L453Kh+4qO8viN3EDuI5eHeQHclcLW9ct9P3uY0AMJ+MPeCeYMkkBOZzxBLze2FIJiEznwOxh2SCiCGZ3NFq/aPTuz9Yd2hUunlk3YNay5K4xd69FG1brCfFV1fx6u0XvWlArO97+sCgupiqHE0/gtSqPKTZujhuidqwJC5eXYh7Ufs0eZXr0PNLXz9hTCb6psXBn0bADs3WLeoNI+STclcIAJFg7gXPGZ8Bb35H5sx8DsQekgkihmRyR5vi49Q+/mDl81vaJOfO5XFxz6ubjr1oGNCQM4w3byw3RQXpTPy/qWMnkppA9COI5RU2ccxHtqur3mNeXl5gPLbGkEwMjXHLjav609CpO8hnuay3rNDGdgDoft81bm7C1EJ7u4aHh80d4bkxnyD2hPctlY9mPgFiD8kEEUMyuaPB6ufjn/+grW906YOL5NW2nCV6ijjz+mJj/z5usVVbiFttW7tUzLT64Wq1JT4uTj6Cs/zl1AKRDvQjiOXlttFD6+LiUtVVa7yaTI4tsog5ZKkvfqDvqe5sXJVGBy+Xv7w00292lv40VPoO8lk+6FaaPGf0WWcAdMsPD09MmhsRlBxL5LfL3Dozt2/fdrlc5h7x7MkHkQ9lPnpMCtfISYwPQEFHMkHEkEzuSEyjevGDYyf3LYpbNOiZMpm4HKn71H6/SCaLvc2DcWn75C/xDy6Sj7DpySVLM8UcLVMyEV/6ji1+UE4y6w6t1YZoNIOHFr/uCx7GZDI66HJdPHHEsSnuuy/rjcanIXZwuYw7bHlS5CVbiytu7SG/swAAAChIJogYkskd6Rd+jF7cvuTttqlmc1njfXOo/CZrLbZKrVuer9auM1muTLUyzebSl2Vbvm+aizUqZxuXd8U8ZqJ4frH3IZ4zxqeh8+2gaVuS0+bfAgAAIJBMEDEkkzsyTI5SBkA8J6zejr7hCvg2dWxEteVhPSq0xb14zFmw/IT3jlv7no6TY4Z+BO0KeJ3nsimoSFe2pzr0YBI8mejX08vnNT4Nne+Ce4Vthd/lMQAAADqSCSKGZHJn3UcWixv8xsU/4RvoUO4avFi/G+++tDjTGMS6Hy6Ok/d4Qks1m5RpVHEPLv6gWRs8Ue8anPpv2l2DT/yb/02Eu4/FK7cqft7hfw2JN5m4TtrUZ7XIsrRNuxOxK+7hLfrTCLaDuLOwvKo/bQAAABOSCSKGZAIAAAAdyQQRQzIBAACAjmSCiCGZAAAAQEcyQcSQTAAAAKAjmSBiSCYAAADQkUwQMSQTAAAA6EgmiBiSCQAAAHQkE0QMyQQAAAA6kgkihmQCAAAAHckEEUMyAQAAgI5kgohZaMnkFgAAAEJl7lrNHskEEbPQkgkAAAAiiGSCiCGZAAAAQEcyQcSQTAAAAKAjmSBiSCYAAADQkUwQMSQTAAAA6EgmiBiSCQAAAHQkE0QMyQQAAAA6kgkihmQCAAAAHckEEUMyAQAAgI5kgoghmQAAAEC3MJJJT4s1s0jU28fMmxC9SCYAAADQLYBkMty6e7MSSzKLusfMGxHFSCYAAADQRT6Z7M7SYol5w6x01udWdOprzor91sz9hs1h0VmWV1R5qqXh1ImNWUWNw+bNIZBf9e7T5sbYQTIBAACALvLJJFedx5VZNC7WxnKyihxnzfvc2XwlE6e2fNWad6Lbb2so9GRSvXNuwezeRDIBAACALvLJpHSrlkysb5U6thVZsw433DLvc2dTJ5PGkhJx8CxHg3eumAgVE66NWUUb86slyeNqqpJ3yC1u8T7ak7fVYdzfy5hMOrVkMjGwI98hPzzvUFv/hLJlrHujdxRIGwiacKnPwXAKjZZMrp5Qd/a+BPMTsGaVn68olXfYuLVUXrUpW3N21atbK+3aCyw+OfesNK9IJgAAANBFOJns3ly0o77zzIG9elfepfbvZ6uzXj+Ct0QycVWXfHjZo+5SvbOoVTm4vDWv2iWW2qut26ovKo117xddlL+4G/OytOELR3aRf2/Xm0zGhne8VVTt9ttWuaNIziryQpZ3WtrthtKyz8SC/ExKncpzaK2ynRzRH6Js0sZMdhsmsxmfgHWXCDNWfetws5zclCXP+ZK9dbfEC79354ORTAAAAKCLaDIZUG/J5dhRfXW3MvJQfCrU3/p31mfZTzSIi0BEVdr3qslETiPeUQ5JOl1efE58lTepmUGaaMk6dFXdePHQ3kZJ6q8tsWaWqC2N9qIz6pJGJBM19mzMq/LbouxszRODGL5ZZKfLlWlpvdadjf1aU6u1uE1bVARNJsYnYM0qV3fzbuy0FjSrSyL5dMov4YJ1q9jnXkQyAQAAgC5yyUSLJUpH326e5jRrU8zmKs42XL/RWZ9X2yuJjn55o9bUqj9Kfojc2HpADkiH+/t61VIufdEZZ3NpGnY5dnzcLO9ZV6QlE3mfumsDtyfGbJvVIZcL1l1iB62G/WaITZFMfE+gv09caG+4ZqbTam/VFk+Xi2QieCpLSrKyiopbw3FV/jwimQAAAEAXmWSi3yZYLu3yjDmaIpm4akuKzwXO5poymaizuabo4AdJJvpohvwoNZk4K/df9b8+xZrp2H06+CH1ZPLh236zuUx73ymZaOTX5be+4JFMAAAAoItEMhGjJXvzig+HZ7RENUUykSY6rVl7z1y62nrqhJwQ1K3TJRPJ46wssW4rbzjVUlygzaryCpJMdmcXlbZcP1NdlbPVoY+ZmLJWWb4IYHWnWuoqqh3+14ToyaRhV5Gj/uqZS2JIx/gENhaLHDJdMuk88WF1S/+1Cw3VVRv9p4otfCQTAAAA6CKQTHxXa+zSLpmIJjnZDu1yl/p6a5Yp28APyQQAAAC6CCQTWfHOkrySMI2WLCifndjR4Lv71sbMvYZtMCOZAAAAQBeZZBK9Oq2bS7uVi9frPi7dqM+8QjAkEwAAAOhIJogYkgkAAAB0JBNEDMkEAABg/vX39/eEg8vlkg9lPvockEwQMSQTAACAeTY8PGxOGHMjH9B8jlCRTBAxJBMAAHD3+T4lIryMn5R9DzEHi3AwnyNUJBNEDMkEAADMUfepavXjKHILjpm3aYInE+Xj73yf/W3N3G/6DOs7MiWTVIsfucXdVpr9TIq8vMFhuCtSV6llZYFv1SAtQTxK43GnPGSxxCc0ubUGd3OBfKiEx9Zr6x0FGbXenf10WF6tMbcZmFNFOJjPESqSCSKGZAIAAOamLavkkrnNLHgy0Vkzy81NBlm+D7w2m3rMZNSSbpe/dDhH1fXWnOQaj1joOrQh5c2mwGTSul1OJYkFad5k4t6frmQbmXfBbfllqbbwXKk4bpiSib3iE3153weFNlvh2U7D5p6eUofcaNtX0Wxou2azlRhWSSa495FMAADA3Fy35vkNlRjTgjdytG7c7Gi41H2xvnxjcVtgj8GYTM4UOxzVF7ovNVuz9pc5PePDvdbM/f19vePK1ryCY/Lyjs1F1l3ic/mmSiZNbyY2KTlE17Ej9bhhNTCZqApW6mMmrdlJFjXWJFpS1CZL0hviy1BNyvZ2sRCGZNJsr2iRk8nZM2fFWkOJmlFshaWN3j2cx/Yp23puNJS0qE0dtfsK7HaSCaIMyQQAAMxRTlbR7opW520tCgRNJta3q70tQaZsGZNJjvfhpXla/LAGjJko08DEQ4Ink1sV6+MNk7IUcswwrs4gmUhDtRnJL9m7jmSkFXWoLRlJFnubO+MxS4f6WsOQTI5XtBrGTBpLG2+Ir7a91Ze8ezSWFmpL12urzouvVQ7bvmPXSCaINiQTAAAQBmO9F+urrVkiQgRNJvpsLnlr4MwuYzKx5tVrS6fL1UxiTCZ1JSXei1KmTCZvJFoS32wytrS+k1Zw2dgwo2TSdWhD6m/t2c+kpOZowy0bki322qaUBMtx9cqTMCSTnuajJbaCwuYrSiKRU8dem81WZNyh7oDNu3i8pKHnRmvFyetihWSCaEMyAQAA4dJoL3JOkUysxW1qS15mUV5tr76Dyi+ZZB5WF5SBEXFdh55MWg84WifEQnflNGMm7ZYXKrSLS4TR9h1p+e2GBsUdk0nH+6mWR3PV5fZ3ksWgSUdBrvYipGRLakFHeJJJj3KdSYVdxI/G0kI1oNhtxnEU35iJ3GgzKjmubSKZIAqQTAAAQLh8uLVI7g04srxpYeKqL5lkV6lt1sySSu+trnTGZJLrDRvy0UyzueTkc1FZqNwx5ZjJaNn67GbfqhxLLAlpvnWvOyaTrqI0S6JyVYkklf7SIp6y0/7GKW03iyV9vztIMmnSLrg3JxNvu0aPEz2XGi91dNrLWuQo0iPGRLThkRLDhSbO3x/QrzOR2y552W0H5MdqO5FMEAVIJgAAYE5uXcjarEyvynac6VEuv5hwbcwSLbaKSxu9yaTUOZwr75a9t18Z9DDxvzfXmNgzy9GoHk2SXE1V8tGUm/4O52QrB+k8kTtFMkn03lBL0eF3F2FDWjAkk+OJmb6pX8bZXFJXTWKCuGuwvVnLUjU56eKuwclpbu91JoajZ0i3jiesUW/e5TuviC6+do0eJ1SGe3Nd27PLZrMV1l0QYyeXavapl5uo9+baU6ZfFS8wmwvRhmQCAABimbs4fcjcdtcZE0W4mM8RKpIJIoZkAgAAMM/MqSIczOcIFckEEUMyAQAAmGfDw8PmYDE38gHN5wgVyQQRQzIBAACYf/39/eZ4ERKXyyUfynz0OSCZIGJIJgAAANCRTBAxJBMAAADoSCaIGJIJAAAAdCQTRAzJBAAAADqSCSKGZAIAAAAdyQQRQzIBAACAjmSCiCGZAAAAQEcyQcSQTAAAAKAjmSBiSCYAAADQkUwQMSQTAACA+cdnwANmJBMAAIB5Njw8bE4YcyMf0HyOUJFMEDEkEwAAgHlmDhbhYD5HqEgmiBiSCQAAiBRXdUml27dqzdxbetW3qrPaW/3WR5ssyenZjqb2U3ZLfLrW6OmyJCRk1PrtKEuLtySuye9qrbAkZYj1W8czkiz2U+3211IKLqu7dCT/1l5xpEJUq+HZeMn7p77foS4nWhLa3e7S11Iy6kbFekdB4BkVHZZXa8xtBuZUEQ7mc4RqfpOJsznr7b0zqvxq82MRdUgmAAAgYtwn8qpd3pUR69ZjwYLJiDmZyI/zaAtrLRbxZag1/8mE/bWBOWHUkpLbruycmyL2bN+eYolfr2wasqTblYUOPXgEM5T4aoF3B7fll6XawnOlIpqEKZnYKz7Rl0sdhbaComuGrT03ruzZZZPtKWuU1zrbjhcWiNV9Fc3GvcznCNW8JpNGe5E1s8j6dlV/X+9UZctU9sksMj94ep316qOsWY7iU93mrXfBjqyijSWXzK2YDZIJAACIIGvm/rJOseAbP2mtrjx3/WrLMeuuFrlv0d93ybqrWe6g+j3Ma4OaTFSBOcHYUpthd0oZFt8ASKr6WE9NRp13nwDr4xON0cWS9Ib4MlSTsr1dLASeUTPzZNJsr2iRk8nZM2flFeexfeJLT4+t6OMWw06qTyrsbYbVxtJCw9q9m0w273dN+FqKt2o55Lx+5cyEq7G4JIRkkluhfGeJsziCDsaFRWBujgbDF7JKLpgb7z6SCQAAiKCGXUXWrcfkhdyAnqc1s7xRfO2csu93uSDNONwRmBNqMwr07cpWOY3o+2RoqWa0oq7V3d6UmmCxpBV49xbcxek1Q5LfoIr7uMViSdBGToKdUTPzZHLN9sEBfczkeIlNXSix2UpO+HZSVdi1rULnpcKCPb7VezeZ7D5tbHDJCcRRfDg3u2ij/9/6XJKJdLk6t/IuDZv0TvndeY+TI6K56e4jmQAAgEg6XW7N3CuJnqe3uz9wNedth/J78zskk/VJFhEcdIE5oS03X7uYRJKas+WUst5i2XBUa0g3jrdIYucUY8tn+9PFgIlkTCYbki322qaUBMtxdXgn8IyamSeTnuajJbaCwuYrN3p6nHUHDMmkwbiX7IbNUaEuiblcNltV0xXjZvM5QhXJZNJduV/+i++WOsvyzNO35pJMXNUlxefEgnzY3ZuLKk+1qLdZ3pgplus+LrXm1TuVcRv5uzDXXl93qsWxraiuvb64WmyVd1M7ufJj5ZaGUy073ioqc3qkseH+vmZ9RG93ZpF6RmfF/pyienm3yuL9ar6SW6xZjhy7aNRfiHzYhlMXGqqPVQe5umlBkMPJPI+ckEwAAEBEeVr3OS521ttOjqjr1uwqbWGaZOKuyUiy6FebaILkhCY9VLS/k9wkSfufseiZwWLxXj2vacpO9CWTVIsfcZyOgtw2bWuyJVWMxgQ5o2oWyaRHuc5EHQ/RJ2jtsxmvPem5UldSuGufb11xo6HkpGHVfI5QRTKZSGfLrdmlt6UR59l6NbDqQkgm2nUmcmAoblHb5GTim9V1rmr3ae07SAShneKbzXCWTmtBs7p0u6FUmXF4wfiNaM0sUb626o16MrFm7td3250lDiiSibdRXla+rUUycd42fQsvNJ7+hsPVzjFz811DMgEAAJF21djtlJev9vWWvu/wJhPJmrW/v88wGWeoxvJYxn71blpHKjpueduNOaE5O71Y/Co6Xb83l3oXL09TtvfeXNlKx7OjKN1+pMnd3pQs76nEiTSLpcl7GIU+ZuK2JKR2ud1Njgx5T2WeV0H629rTqDjSKtVlWJ5R+58dlvRctb31M7kzarckZhsOaEgml04WivGPwqrTykXvN1rshxs7Lx63V4pccqlmX+2lnmsNJRWn2y8prnX2VJfVOW/IezoP7LLd8B0oOpLJxAXv1fBt1rx6w4ZQkkmW/UTDqZaLn/kuUZITiL7cX1uiXuEkqZe7KIHYECoMgfh0udizr9E3PUzs6VC+Bk0m5fpu8hn7tWSiNerJxNVUJb+oukvBr6BaCPqbyjdu9g5lzguSCQAAiDhvN084X1Eqd9hsFZdyvcmkbNdev35pbYZxNMN0JYmqqyjN/pm6VPPGk4kWS0KFU7nPryRu5JUQb0l4TL1DlzTatj8xQT5MQvaRLnUPMRqj7aryzeaqyUkXuyanacM1HQWGJ5IhddiTc9RQ0+FrrRW3Kk5Y49fBMwQKYap7c8nJpPqSuLxEV9LQU1eyR1s+Gi335sqt9PX4pYFLudtKdh/SxiskrVtvntx1Z8brTLyMyWSKMZOpk8lcx0zMyUQ1fq1+44F5nTE1Q3IsKWsP2+d3zhDJBAAARJ2m7MQUc9tCYkwU4WI+R6gikEys2/yGR0wcWSHeNfgOyWTigppGJGVilXr76mmTiceapaYR5bE7TihLV61F2lQxPZnkKWlEpWbuaZJJ8NmKkeeZ59ESFckEAABgnplTRTiYzxGqeU0mw+IGCFrwuENl+YbVZuSOyUSSxrtbNmb53bZ42mQiSWPdOdniyeTsEreTU+kjenoykbv1u/PFPRw2vlWiDjoETSbaPtsiEADubPi6uWVekEwAAADm2fDwsDlYzI18wP+/vfv/aWJP/D3+v01iYnISEhOTTUw2IdmE5Cbk/LLZZM1N7sknOWQna3u7gBE+9vDhcyzCnFYq2rNVoQdOxQXx8M0e6xcQF5QFFKr12lVE+Mx9v2em0+mAHuyMHYXnI8+s5d1S2Pv5JJfXZ1pwf41a1XWZAE4sEwAAANhYJggMywQAAAA2lgkCwzIBAACAjWWCwLBMAAAAYGOZIDAsEwAAANhYJggMywQAAAA2lgkCwzIBAACAjWWCwLBMAAAAYGOZIDAsEwAAANhYJggMywQAAAA2lgkCwzIBAACAjWWCwLBMAAAAYGOZIDAsEwAA8BlSw0PGvwsd2RXXXT5So+PL7rPDjmWCwLBMAABAPanhgcsPni/ey13uGVBPm/NjD+Vl4qfl4ZR6JpXM5iYmZzrOjOifcpk0HVHyy4Xr3/2xSVtynhd+/GPjX9Pzk3HlWIt50nJMiU/Ox/9youeRefBWOXJivjA/nWhpOic/9/q3StVT2EZbeva+wxOWCQLDMgEAAPUklslg+SrI5uxQ7Jc35u3k9/1qWAtFrUFSXib5jszKRjY19rr8KRPp4YL4t/QgOyQeH03l5OnKeEd4YGN6RJwkWjXrobqe7tQcP508UTuzlY8MYpksPp6SX7erPIR2NjpOJ8TJ4HzJekw8P9jbr3beWBRfdf6WuMsqOi7uHY6n5O0zqfJTWpQ/9Fg3jrTctE+XehqVBvNmIdk8Lf9dVb69bp4oSvNAQV/Vmq5vWw//RlF0lgkOD5YJAACoJ+cy0fU58XO//LcwFTp3o/hscSzZP7gsfzB3LhO9cCs6+tz8hOz32oY4vZRQI/1rL553t2lyQBjLJHI6NTGZW7zan9+xnr09nLBuGY+JZjcqHxrU1kSodUA8T6JTmzLHz87c5exc8XFejVybME5Ubbw9Pj5xZ0X8oNMR0TY2tx9m08kHxnrYmVM7h4ovnty+mu6btZaMSTnSLP/ZXlL+d+atfSqXSaN1e7QlLq/XXG80LowIjYrSMla1Q3r+wDLBYcIyAQAA9VS9TKzXUyUilQsdakRukqplIj+0LkqIwWA+5rb58euZjuE1Y5nYz/BG7ZkxfiiZa7/6pHyo67NDzq9rUltHjGGk21/I1hfW+mblDfP7MalnzKsuK6FLc+Kfwajj2w4P2LclsUmE37dWHepvb/6loeXHfGF++vixBrkrlnpaRq37WhRFrBRzjZjMTcIywWHBMgEAAPVUvUxWzGXSYb9ESrbHMolZ02VD7ZUv33I8WJMPqFomcsbIV3zlR9KL9plcJsl7jg8NjveZlJfJzsvoWfm6MtVeJsartkztYW1jS18ev5a8J6+Z9FV921XLpOt/HW39abrxKyU+X7lkIm0XTnylKF+dWL1yMv1aLKv0Nz9b9zQrilgp6T9XlsnA11wzwWHCMgEAAPXkXCaliXQib/yI77hmYnItEzEzxGdtZFPmK7XU8LWp8ku2pOplsnhVvi1k13POOTeGafcyCZVfANax1zLJntPe2R9UXzOpdv3kFWuQnDT2xm5dJ8wFUnC9z6SQbLbfZ3KS95ngUGGZAACAerJ/N1eiO6GeLb8lvZBTT6cfPnuSn8x1XLpvPKx6mchXUvVHwv3m7YdX5GWNiXtPJsbHh1fcy0TX34z1aObVFaeppPiK6cvyd3Pl+i7O6Hstk1hEu/34+cTVdGivZfLgknU5JZZZkG8r2VlUIwP5x2sPc7lo7y37Ybp8n8nx+UIh/1OX0tSzJJbGTGtzUr5zX38mjgtdfzp+8sqq+cjW8u/mapXfkfm51u/mavibfJO8WCbxnzIZo5uP3sabFOuRoy3fJKzzzMTSzb8o1pfwhmWCwLBMAABAPdkvf4p0DTmvP1i/5CqSuDwr3+y+e5m0i3s7b5QfvrU2mZWPbxt4+Hr3MpG/wsu8GlNtq68rEYrIrx79u7F/di2T0vy4uLe9d3wwunuZlEKn02LViMRu6f6H/D4nUsa3HdYSo86Xjun5xDeKohw91rhqXDtZ1Zriz4w7Jk6J88avHe8/eZU/ekQ5+vuT9kH+3En5HpWvThSM/wZimdgaz4kF0pA2n2q0pXLHH3qWtCZ723jBMkFgWCYAAOCgeZ3vc/zuYN/cqbyHPnlGi1ypmiIf1tpwwn30uWKZIDAsEwAAcJAkIlooOjK1vvuCiQ+S3w+oYS10emDx5Sd5/s8BywSBYZkAAADAxjJBYFgmAAAAsLFMEBiWCQAAAGwsEwSGZQIAAAAbywSBYZkAAADAxjJBYFgmAAAAsLFMEBiWCQAAAGyfyzL5755rS0+euk9xoLFMAAAAYPtcloka1np/GHaf4kBjmQAAAMD2uSwTrpkcQiwTAAAA2AJeJguPVtSwJhod+9V930ewnsSub9b9CHyGWCYAAACwBbxM/hqJ23Ni6cnT4suS+xH78mZiMicajvdfNm48LLgfgc8QywQAAAC2IJeJOUj+69zVJ8vPOr9LmR+6H/QxljMDU+4zfL5YJgAAALAFsEy2tt5tb+/o5WXifB2XOBf3Vh76kVzLJBTWxnJz6Z5E36x1Kab9TCr/+HmyS3zdAfnx7NDlq6mO+PjE5C01cq3jTGpiMjd2Na325sSdyTZteDKXvzd3ucd4MPzGMgEA4DAQ/788HYbc/4P/ePVeJvML/xJrJNSauDAwqlePk5f/79/iXHwY68u4P21/qpbJzlxIkwND1zfUzhuL9rlQuBU1L87MDoUuzpln3WLGWPtlWw2nxT8d3i7g4DexTAAAAGCr6zJZ3yiK4XG2++8dUfnarfYOeS1CNX5f8Nu378QNcS7uFTci7f3uT94H5zIpjlovDzMaGFyRhxNXroUi1qH8eHbIPBcGo5UdYl1RWc/JR55JbWzZ98BPLBMAAADY6rpMMiPT5iR4VXo9+NOkedtcJj9fvy1uiHNxMjUzby2Hj+RaJpcfPC++MHu5uaPrhZx6Or0oPnw5E9vPMtH1zZW54VRKjfBqrk+CZQIAAABbXZdJ5HR/tFu+UEo3xolzmfzQ/7NzjXhfJvrOnBodd9yp305qU/LtLfqGcTlF3vqtZWJaHuSN9Z8EywQAAAC2ui6T278uqMa7SgZ/mrJfUmWe5O8tiRviXNy27/pYrnfAv1vLydduRRLJiRXj59atjlb54YOXpbGe314m2bj1erDY1fv2XfARywQAAAC2ui4TvfyWd7PhbNUfRHTe9UP/z867cCCxTAAAAGCr9zIRcnce/Zr/5+LSmvsOXRfn4t6FR+ULGTjQWCYAAACwBbBMABPLBAAAADaWCQLDMgEAAICNZYLAsEwAAABgY5kgMCwTAAAA2FgmCAzLBAAAADaWCQLDMgEAAICNZYLAsEwAAABgY5kgMCwTAAAA2FgmCAzLBAAAwHebm5sbGxvrn574KsVi0f3lPWCZIDAsEwAAAN+5B8QnViqV3N9BrVgmCAzLBAAAwF/FYtE9HT499zdRK5YJAsMyAQDgEFgZjGpq2F1HZsX9wJosZwb2fCpll5ZR667C/czxY0fFSePXren7Bednrf7UKu44eqxpddt5XGU68U3TcfnprT/OV91RmG40nvboscbpqmfVT33dKM4bGptPJabtwxbjm3I8ag/i05bcZ7/BPRrqwv1N1IplgsCwTAAAOATWsuf6I2dkYpCEjBui7tE19wNr8r5lcvx3x50dPVJeJq+m5SL4Sh4ag+Wo45Neyf1gPFj5fev0K8c9tu0l+UlHjh7/XYP4d8kxYJqOyE1y6j+aT3wlHtBkny+daxJf5Zu/npJP6/gUlsluLBMEhmUCAMCh0hHWptxn75Vo1dR43n26y/uWiYsYAe4jw3S4obHb+OF/e/pUg9Jx3zpvPSY+44TjgZZmRUnbi+XZgHLkpHX7fofyh57yHXrH75SuR9btqi8tHtbYZd6s3zK5m8ncrTp4fGf0fEw6fyH1tOqein/euhqLZ9yn4smG4+ITXYfub6JWLBMEhmUCAMChsvcyebnYfjqhhrVo8taDl9YFheT38gJL1eu+tp4/HL8RisiTvuxCccf67P0sk0KiuSFceRmV0/TfrGWyqjVVTYgxORyqX5MluRZO5cPluPK7DvtcjJyB8idXfcrkKeXrAfNmHZbJ44mUWCBXr126NDx24YfzF36eN47vxs6nrEcsje2eH0/nRi/1xtK3Znbftf70buzS4NU4ywQHDssEAIBDZfcyKc1nO8TYiCTM13qpkX7zPJEckh+eSYsb6dxzcTLRKzdJ5EwqelbOmFD5csp+lknHCaWr+i0hlkc9TUeUHuNn/5t/kUOhctdSj1gFu9bMqqI0OD92rJeCuF2+miJfFfa2/JjmI0rHr8Y9r/IdTUrLmHVPHZbJ4A+x2Pn0rmsmU7HkaPn2XfkAl6XRS/G0vGvXMsld07LzdzMsExw8LBMAAA6V3ctEboyLc+WPth9e6Vd7c/Zd73s11+2kXCnm7X0sk4JrTojZIUeBojSGB/LPrJ1w/dvqZaJfF8vhuuNjg/jERufHVcvhVd58WkU5bs8S0x/Nt7T87pvMcuWeOiyTbDIWi8WfupfJeqo3lh7NLSwvx3tiM0tVdznsWiZLN8+nbq6v30zxai4cPCwTAAAOlV3LZFEN918uvx9DKtxSI0PmzQ8sE7FGPmKZTJ5STlhv7ShbNd4WL9/CfvSY9VZ178tk9adT8gmNDdIz43gh2NtVcWj+NrDjf6q8F6UOy+RpfuRCT+y8dj6Tdx6vr6/cN95mEruQyVXf4eReJmOXz//yZJ1lgoOJZQIAwKHiXiYr42p4qHqrrKhh620YrmXSfVpeJ2n//loiNX65e9/XTOa7TijK9Pt/BbB8S3pDq+751VyvrpxUmhyr45hyctC8PCJf2WWfF35usd80X4dlYrmbiV+Ix2LnUxOPjY+Xxe0V49bo5fPn//6L46FO1cvk7kjcuvLCMsFBxDIBAOBQcS8TuUP2d83kzpB6Jvuw/Kixnv0uk2bxw7/967P2dt26DHK/47jjLe/z/ylfgFV5VFn14Vv7w54/WO9XsSz1WL+qy75RZn9KPZeJ2BRyT8Ti4qOF7IXUROXO3b9oq6xqmchfyFXN+QIx9zdRK5YJAsMyAQDgUNm1TIz3mVQujOx6n4lm3dZnh9To+HL5cd3Gb+gyb394mYif/d/3W7ksk6fMaybm5ZXf/K3BJ4/s/VuD403KqcnyuZgsgyeVP6flreW40nCqcodjzLxvmeTzq/btvZfJ6yXnY1wce2F92bwyYiyTq+a74cXhjYs1LJPBH1Mpq4taLCZuLDge6v4masUyQWBYJgAAHCq7l4m+fKv6d3Ml7HvMvxzf0TMUuSTmQkneG9b6kmnxn2M/y/+0nuD9y2TpXKOYB66/lygPFcX884tyGihHHQ9w/KXFYy3Xy3eIx6Vflx/y3r+0KD/36PGmU389af6FePtpW47Lx5/666njX8lPtX5Pl7VMjjr/HORN3bjGoij27Ggsf6tWf5IvdZP/BRyPcXHshfXRwYsXNPmXS873xm/eN2eK8FScXP15TLjQG7swbFz8eDASF3vDsVjcr+aq4NVcOIhYJgAA4POn7PWyrs+WazNIu343l+/c30StWCYIDMsEAAB89paqX471udvY2HDvhk/P/U3UimWCwLBMAAAA/LW5ueneDZ+e+5uoFcsEgWGZAAAA+E6Mk/pcORFfpVgsur+8BywTBIZlAgAAABvLBIFhmQAAAMAW/DJ5Vyq9c5/hUGCZAAAAwBbwMkl3ae096faIlp4vue/DQccyAQAAgC24ZbLzUg1rD8p75MHVlNp1o+oBOOhYJgAAALAFtExe3k+e1bozC86z7jYteeel8wQHG8sEAAAAtgCWyVSyP9Jza3HLfS4sZtNq59DU+rb7jt+0PK6eTiUyMxPZG6HOrPtefFBpdsR9VBcsEwAAANgCWCbF0pYaHppyH0tTcW15q1Tc/OhlMhjVlt1nuhoddx/hPZKdmvvo02OZAAAAwBbAMhE+tEzcZ/sy1qPldxwfv7ifiCbUsCYyD0rzt0IRTW0bKJYfpraOyEs0YS06+lx8OJVKidsdydzaXhdzDr7SXCQ15z78xFgmAAAAsAW8TCYmc1Z3VnQPy0TXt9sjcockxxfLJyv2NZNEq6b2zJi3Q+WtIh48VX7//cZoKr1sXKjJj9gPOHRKc3W+csIyAQAAgC3gZSLmQeRMv8hcER6Wia5vPX84fkOOk7w5OCrLRIyNvlnrFWKDUa1o3LAvpwjZ761DMU36Du0y0beLE9eyy/W7ZsQyAQAAgC3wZTJknXhfJmURa1pUlokaHhiUl2Qk8SXy5UPrSNeTrVrxxXM7+/ww2Q61pQfr+1dlWCYAAACwHcBlooYTxr9v1LPWMkm2aer31htbHK/mqiyTjdFU32xdfyj/zMhZ4j779FgmAAAAdVYqldZ9JZ7Q/TVqdUCWSV8kMTgu369yuWcg1JszD8VEWXzxZFP+VtyhSEQbnpwby1xzXkipfP7OihrWxiZzY5lsd5c5bA6R4vS1Ol8tMbFMAAAA6sw9LPzg/hq1CmqZyHer71ltywRfIpYJAADY03C3Zv9SozpZGe8o/zjalzFf+/9xGpUq4mT+x9bmxgZx++S56fKj3jYdO6ocPbHq+hsZ24Wb3zWLR36TKH/p7cKJrxTlyNHpgnVQmOkRDzj6+5PWx0s9LaPWzWpLyrfX3WcO7lXhB/fXqFUwywTQWSYAAOA91OhI6OIn/HsGmxNp91+wMJaJdbu0oLYN2b/E9eO9VZrj8p+31seFRPOAGBivMyePyMUinFAayg82P1ROXnklbry6cjL+THzCQLOxbYTyjYLyJ/O19wXlz2n5xD4tk3jmrn374g/nY7Hzd1Ycd6+vP/3nL1fjsaqj9cexWMr5sftr1IplgsCwTAAAwB525tqvPlEj1yZemx/nE3f06Bl5NWNwvlSaH5dXNlr7reFQWpB/sy6sRVP26/ntv5uX78jIX4K0nBlYfikfFupMXb7zUtefW6/WiY5XXq3jXCa6Lm6L70F3vPXAfjbxFYfj8u/gJac37MdXeRY/OVgeJabRlp4lXR9rUZRG86Cr0RoeJuVIy3XzKsr29eZkQayOxvIyabFuVPaG0hRflQc+LJP0BTFFYvH+q/KD+WzqHwtPl+/GLo0tVx7y9ML585cuXqgciF0ykYqzTHDAsEwAAMBuE73ypVzZ7zW1+5ZxkFc7s+ZdiVZtyporG6omp4gaKf8Wn+Xx2C9v5MleyySaNVbETr4vIueHOPnQNRNdv53UzE2ye5mordfMyyn5i4k9XnLmuDBSPlltMK6QzP/ncaWxyzyb/lvDUuURb5X/sLdEwdwVr0Zbjv+f+OpPLU2a9cCWY0r8fqHl98qSuWF8WCY3M3nHNZOp9NRT+W+sP7vgeJBwNxO3b48kYhdvPGaZ4KBhmQAAgN3UcEr+83qm25oK5YsVxh+mqzxM/lqjyl3lk72XSflkxXyG31wmU/H3LZO88w3S9t+lsJ0SK+Rv9rtK9LfFwmr+ZuNROSc+apmsXvmm8T/irV+faGy/ad7xzXElPjp94qhy03zniQ/LZH3m51Ss5/zMP41FIlZHfywW05wPMNnL5Gk+88sTeYNlgoOGZQIAAHZZdP7on9/RA1km4mFqVF6x2b1M2q8s2H8Eb1N+e1UUpVm+UcTlUVdzsrB0rlFRWsyD698q8hVZZcof5Ku9DEvKX27q9zvsN6I0mVdgtucbzL3xdl450TUvH+jDMhHiP47EYsaLtZZuxv8+lhtNXxi+ay2VMnuZpHutGywTHDQsEwAA4DLRa64Rw86cKv8axAeWiePVXI+y5VdzpceMV1uVJtIfWiauUeFcJuszatvQbeNlY+LZzDP72dTIwOCy61drWd4OnmydcR9K9zvku0e2p081WC/0cr0Dvrn6HfCrWpPScMq8K/0nRV4jWY6fmrQeLMaPfD/9rmUyvWy+ucW9TMrnlsqeWJhaWFqJD+biMbk3bqast7mnYufTU5VHrTuWyUJZPHZJfK79AOfze8EyQWBYJgAAwKX8Ci6L8cquDy0TcZLOPSm+WOtu05aNsRGNaKFzN4ovnrSf7n/fMtHnsx1X5tZWNio/QBjLpPji+cTkLTWsZcvbQzzb7cfP89kh+9kud2pinOQfr41lhlx/7iLebKwIy9LJ7+KZsXxhOd94VMkbz1dINv/xu0z+py7la/MP6xWUhlbdeHGXcuTEfGH+hHmF5NlA8xElnV8tzE8r1oYpKEcbVwuF6URLw7fX5YhZ6mk+k8n8ZJYX08V8KrlMmjvM8/wzOWnK5xZ7Tqwv/CLf/x47PzL7eF2+Af7C6N3l9ZWFWK98w8nC9Yuj5bebON9nYuKaCQ4algkAADjU7ncYL8yqK+eiWK/+rcE1c3+NWrFMEBiWCQAAQJ25V4Uf3F+jViwTBIZlAgAAUGfuVeEH99eoFcsEgWGZAAAA1F+xWHRvi5psbGyIp3I/uwcsEwSGZQIAAAAbywSBYZkAAADAxjJBYFgmAAAAsLFMEBiWCQAAAGwsEwSGZQIAAAAbywSBYZkAAADAxjJBYFgmAAAAsLFMEBiWCQAAAGwsEwSGZQIAAAAbywSBYZkAAADAxjJBYFgmAAAAsLFMEBiWCQAAAGwsEwSGZQIAAAAbywSBYZkAAADAxjJBYFgmAAAAsLFMEBiWCQAAAGwsEwSGZQIAAAAbywSBYZkAAADAxjJBYFgmAAAAsIll8u/XAS0TNaw5G/xp0v0IHGg+LhMxr93PDgAAgC+KsUy26r1MXpVen/2vv4s1cmvyvvjwXysbA6l/iA/FufuhOLj8XSb/8z/u5wcAAMAX5FVpM4BlIkbI6Niv7lPj3H2Eg8uvZfJajpO3bza33F8AAAAAX47Sv+Uy2f2T3j6rZZl0fJd68q9196lBnIt7N2v4EXN5XD2dSmRmJrI3Qp1Z9734oNLsiPuoLnxdJvKyybt3O+6vAQAAgC+BecFk9495+6+WZWJeGFn+13rvD8P24ejYr+ZVFHHvw4V/2ef7NNajTZXch5/ORjblPvqileYiqTn34afn7zL59+u34n+ht7d3eFkXAADAF0T8/PZmU/5fmYNZJua7Spyv3RIrxT7v0TKOh++LWCZ59/+5PK/G8+atvrDWkVkxbiQWx4fkl44kHphLZnZIbR0Zi6fEYV92wf7kYeOkvXf8wctt4yCfvKe/e3xLHBYX5X+6vv8vXhDjZH193a9l8toaJ/J/p0ViohARERHR55/5w5uXX8llV8syGc7Omjtk9zLZfb5v2+0R+YnJ8cXyyZ7LpDJgQuZXmZVDxfqES4nhgnHjYmLM3C07c8k2bcM4U8OJvlnrukxfLd/hZ680l+wM7L+X92VSTu4TIiIiIvpSEj+/7fqJrpZqWSbCzO2Hey6T3ecfYev5w/Ebcpzkzf2w9zKxH375jFbUzWWSsI4eZaOjz8W/ydbKw5YzA9kXuny23pz9JzMO5jLRt4sT17LLH/8mHz/4t0yIiIiI6DBW4zIR3r595/r1XPl7S3r5j5w4zz9WxPr031gmU5q2rJvLZMA62smZD4s6v4HZoeQ98U/evMt0EJfJdqgtPThfxzfrVGOZEBEREZGXal8m7+N9mXTvWiYdey0TxzWT8uEHr5kc7GVSnB4KcJboLBMiIiIi8pbXZbLwaEUMg+/++4p9Ij78v+0XHA/Zl75IYnA8NzGZu9wzEOrNmYfiqSZyc8PJgUikskzUzmv5e3NjmWtq24h8kFwm/e3aeP7eTGWilPJqWyq/sBjr1NSIeUWlaplM9GqJ8cW1Z/Z7Wr5sxelrwc4SnWVCRERERN7yukzst7w7u/1r5Xdk+WuPax3OV3MhOCwTIiIiIvKS12UyOvarc5OE2y4sPXnqfpB/WCafLZYJEREREXnJ6zKpM5bJZ4tlQkRERERe+sKWCT5bLBMiIiIi8hLLBP5gmRARERGRl1gm8AfLhIiIiIi8xDKBP1gmREREROQllgn8wTIhIiIiIi+xTOAPlgkREREReYllAn+wTIiIiIjISywT+INlQkREREReYpnAHywTIiIiIvISywT+YJkQERERkZdYJvAHy4SIiIiIvMQygT9YJkRERETkJZYJ/MEyISIiIiIvsUzgD5YJEREREXmJZQJ/sEyIiIiIyEssE/iDZUJEREREXmKZwB8sEyIiIiLyEssE/mCZEBEREZGXWCbwB8uEiIiIiLzEMoE/WCZERERE5CWWCfzBMiEiIiIiL7FM4A+WCRERERF5iWUCf7BMiIiIiMhLLBP4g2VCRERERF5imcAfLBMiIiIi8hLLBP5gmRARERGRl1gm8AfLhIiIiIi8xDKBP1gmREREROQllgn8wTIhIiIiIi/5u0y22yNa7Jc37mMcAiwTIiIiIvKSb8vk9tW0Gkm80/MdmRX3ffuxMq6GtWh2w3nWHtb6Zp0H76WGh9xH75ds04ruM3jFMiEiIiIiL3lfJlsPc7eS3/eLXfHg5bbuYZmEWjW1+5bzTI18kmWSPqttus++bKXZEfdR3bFMiIiIiMhLNSyTOTFCHKXWXjpfvpWPxG89WN92nOzPynjfRC4W0eyDzV+uDefH/Vom+UuJZffZgZLsrPw/XSBYJkRERETkpRqWSb56mbgmgXFvW7b6cB9WjBFybySRN1ZN4VY0rOmzQ+YyESslFB16+Gwtdlqbei1PljMDg/HE5Wwu/0J+aH4bfW3a4pbxbKW8ejqdv3c/EtFC8by+8+byWe3Bi+fFF8/FnYNR84f4FXEjFBmYmMwlOrX0onG2M6dGR8TDFieHQvEZ4+iLIcZJJDXnPq0XlgkREREReamGZfLJrpnIEfJEFUNC1zeyKbV1xF4mFfmRxB35r1gmanTcPpbL5GVOjVqLKH8pMVWSN+TzhPt1Y43Y10ycyyS9bHyrpZnIFTlNNifS1kSRryX7jeswn53SXIBXTlgmREREROSlGpaJJH6mN5fJ2tbWw8nxhB/vMzFHiLxUIt/73i8Xgr1MXi4Mp9KhiPyK5olYJlOVTxbLRH4D9ofRqu0kz9+3TMpnK+YiKo6mBsvfvpxGX5Ti9FCoLe0+rReWCRERERF5qcZl0le+YGKfmL+bq+R5mQx3axv6ttp5Q166KC+TdrFJzo6svXheXLjxnmWiPcgMDJoXQIxlUjReu2Wm73uZ6K/vq9Hsu503G/eyHcM1/RcJzLaYJYPzxqWiILBMiIiIiMhLNS6T9NnK5QgHD3/PpLxM9Ne59rP9wwXjtrVM1tSz4+auyF9KvGeZyFdexVo18wdz8TB7pZjGeva3TPQ3IS1XPvyCyFniPqsvlgkREREReanGZaLfGwkZy2RKvoLLD/Yy0fWQPXjK10xuX0lFIpoaSaxtLX5gmYgf0NVw/+VH8luaSKXEtxc6PRBNGW9k39kwXwy29hvLZNt+DVioa6R872ev9MR9UncsEyIiIiLyUq3LRF9Ithk/wXfecN/zJVseTfdlZiYmc6LoaS2/434A3odlQkREREReqnmZHEzmL/IyLQ8OjBm/oRj7wTIhIiIiIi+xTKq9XIi0GteCWhPDD16678X7sUyIiIiIyEssE/iDZUJEREREXmKZwB8sEyIiIiLyEssE/mCZEBEREZGXWCbwB8uEiIiIiLzEMoE/WCZERERE5CWWCfzBMiEiIiIiL7FM4A+WCRERERF5iWUCf7BMiIiIiMhLLBP4g2VCRERERF5imcAfLBMiIiIi8hLLBP5gmRARERGRl1gm8AfLhIiIiIi8xDKBP1gmREREROQllgn8wTIhIiIiIi+xTOAPlgkREREReYllAn+wTIiIiIjISywT+INlQkREREReYpnAHywTIiIiIvISywT+YJkQERERkZdYJvAHy4SIiIiIvMQygT9YJkRERETkJZYJ/MEyISIiIiIvsUzgD5YJEREREXmJZQJ/sEyIiIiIyEssE/iDZUJEREREXmKZwB8sEyIiIiLyEssE/mCZEBEREZGXWCbwB8uEiIiIiLzEMoE/WCZERERE5KValslyZkANa2aDy9Zhe8Q66cisVD0ahwPLhIiIiIi85G2ZRBL2YWl2iGVymLFMiIiIiMhL3pZJuLJMitN+LJPFG87nxBeEZUJEREREXqplmawNDyRmS7q+HbLGybY5S/qmX5ZmhzqG19yfsE87c4lWrTiamnjtvgefP5YJEREREXmplmWi77wx/zUHSSx5rTxRpM2dygM/yuYv19RwSn+di44+t45mh/L6VnurZp3sbIjbamtibcu6f3H8Rsh4f0v0yn3rCAFhmRARERGRl2paJg6LV61Xdr1z3/PRomLk/CI3Tyjcbx3NDqltQ/YD1PCAeSNUfqRtuFur9UoN/MEyISIiIiIv1bRMPsk1kyfl967I8uaTzA4NVt60Mud8gBrPi6O1yRuRNuuk/EvCEAyWCRERERF5qZZl8kneZ5If6fs5NzFp9PO1vtlteehaJr0zxRfPrUpbur6hRhL5x/LDMY1lEjCWCRERERF5qZZl8il+N1csojk/VMOp4YJrmejuX9t1Zyg2bQwYXY9GWCYBY5kQERERkZc8LZPqEbK91+F+yfe+O0TDWjS74Vomg11ae3x8YjLX3ZVIzOr667zali4+W7ydHWnvTLBMgsUyISIiIiIveVomKn8DHmUsEyIiIiLyUi3LBNiNZUJEREREXmKZwB8sEyIiIiLyEssE/mCZEBEREZGXWCbwB8uEiIiIiLzEMoE/WCZERERE5CWWCfzBMiEiIiIiL7FM4A+WCRERERF5iWUCf7BMiIiIiMhLLBP4g2VCRERERF5imcAfLBMiIiIi8hLLBP5gmRARERGRl1gm8AfLhIiIiIi89P8BGjW5WB4Hto4AAAAASUVORK5CYII=" alt="Screenshot" width="100%" ></p>
<p><img src="data:image/png;base64,iVBORw0KGgoAAAANSUhEUgAABDMAAAIGCAIAAADGMlPIAACAAElEQVR4Xuzd2Xcb2X0vev0tie85vhlu7G53uw1ZagoUxUmiRIkSNZESSYEAKY4AAQ4CMXACSBDggKEwEARiO/Hxybkv9ynJ8lpZyy/OU1YekpWXJMtud9vd7nluj7q/XbuwUdgAKZAECRL4ftavW4VdhSqgSGHvr2rAuT9J/NfxlZL9QTL7/VT2++ns9zLZv85C7YooKbkJAAAAAKA8NJg8VxwnKlWvpf4NyaR+IJkAAAAAwKGxZLKa+Tu1/s++xZdhtcbqfwe0+rvA7o+Cmf8dzPwolPnRRuZ/bbH64Xbmh+HM38ayf5PI/oBiyU72e+lMNiNvHWoKkgkAAAAAHBpLJqHsj6goWuxffLGQmkBCu/9rQ80hm1oUYbWdpUDyt5HsDyOZv41m/zaW+UE8+4Nk5nsslmT/ejf710gmtQ3JBAAAAAAOjSWTWOZvYtnyKsPrB0r2bxT+fz6R+T6FkASvzPeT2e8nMt/TDpVk/zqdQSypC0gmAAAAAHBoLJkkKEholUsXcokFKHKwouyhVeZ7FEL4RIpdT/K9lHqQRM0k39tlJ3FRLGHncWUQTWodkgkAAAAAHBpLJrtqhCiz0vn6a60yorJUu+zErayaRthxEmSS+oFkAgAAAACHxpKJlh+OUpkSBfUGyQQAAAAADk1NJkWhYv8CKAnJBAAAAAAOjSUTuQ3gUJBMAAAAAODQkEygYpBMoB7E09lIKhOuRNGqAAAAQEAygYpBMoGap+xkiwPGUYpWCAAAANwhk0k6kw0nM+vK7npMLUVURq44q2A8k9yVVwI1BskEathupsKZRF+7uH4PAADgcMkklc5+czj6EtVTtUZiL43makx5aZzVy2OR665kpyv58mTsJWv8JWviJVvCHUY6qWVIJlCr2L/FFMWJipe8VQAAgDpzmGQyvJzcP5l8ayzS/kxR0tnUbqZpOiqSyUtTCXldFXLvwcNrHTeo5BkVxTdx3Fs5u5BMoCbtZip2Ycn+hSMnAABQ5w6TTL45FNknmbwyFvaEdxO5KzuVdEafTI7pis9LjU3ffPkVKnlGRfFNHPdWzq6jJxPHjEtf3i3evC21H1fAPYIly61Wy7LceiCZ2O2OW61td653meVZLxDpdkTkNqic4ghxfCVvGwAAoJ5UPpncdMUploivPUkUJpNjutoEyeQ0OHoyMZntlpFprYbtU6u8OWCyOHLtDrPFHi58VrHWtlsl6ojJYV8HSiZrI3fkpmzW2XvLtrAej6z7XGvyPFr/4J29/+rkk8m+i2ksnbQ3hgua4mudaigaW4gUPH03suQYuXr1Vuu1u7NrBXlwN7LseNpPe/Vq54O1uH5ONh702AYesx3eIT+Lntf/8C5b4dU7tgUpTZWe1V38c2y7tZ2bK7UX/AQyiZ67d1l70YvXowXkpkIncx6XqDSyCQAA1LEKJ5ObLiWh61p3M9mJYFqfTFIvHDcdCpLJaVCJZDKbf7DqyicTRyDXGnGNvTiZyHZ8rQOevV5cphIWzTdbzEtyaynKbF9L16M+d1Jqb7k+KrXoLZpup+U2IXzHHuZT+y7GJN2DK6HpO61DuiZvh9mrTW9O32u/qU3vbpq9YbG2iHuwozU3a3NaNyczP9A9n3s3i+aHyq6Yk1EWh/o84p0mW27othtxd4yuljFL1tLal5++O62boxduuWcXD5IB28O5qG6uajc03nWTfnBye6Ht5O4Jl/wKAKD+yB0VQN2oZDJpcUSjutEf/c2a3Ujrr4BHMqltpzaZXN/738X1PcGuKn0o3sHOlsEFubWUa633JoPs/1J7S7dDainb1u2pLbmtpJ3QtRFfetNxu9WSa/KNdHTqF0nv+G5Nrhe05ERnH3vlNi62z3un97XBpzYdU5uFs1ofaC2lZhU8Fnwj9A6EPbe7YJFeakv+LWuutT+ei7AfnNQu2YzvVKr6JqOvzSeK26WSXwEA1AHeAem7JLm7AqgPlUwm3d6U/jKS9G62ZTqsxhIkk7pwSpOJesBE37DgGOHn+XQ+HBaZJM2GuYvpqK+trbO5pXN0dSeVSnVZN+j/lnu3m1tuuKIpzj7+pK3lRnP7bddGQmtKpTymG80mr3jY3Xar274uHuo1358Op1LjN2/kmwLTbW03aBNUfB20tpS6XXVDT0SLsOIYYrNabnQ/nkilNvjrLF5MErT2BJOp1MJQc4tZa1q3drXIT2nunpJaNB6zR27S6N+7pPnOVJBPbUw9XSmc1fJkTtlzVsHjHFffjXD+0UbHWCD/SG9haEa3HGnunCh4HPP2e2L0p71bfvt68WQqFEuWrAl7+H8+ZWWcjS5H5bkl6/F4+NtOpbhdKtooANSJnRx9REE4gXpW0WSysLOZLLjC5IIVyaSOVCKZTC/71rR6NpdPJhPeXPvK1MjBksleB0z4535L+yDvDKhjuHJncMC1reTEYrHLPQOPrt6PFYiIKa/55uUbo3za2ddxuW+eT/dd7dgSCxUKWR/ObfMp28PZgqUu35oQ07Q2abvUIqYnuzqcuqd2tdy+OR7g0/rFZFFv17ifTcwPXG4a4G2r491iWrjc1C21qIKT3XusPGR74pHbOGffzTn9S23uWI9q027z7YJ3sfcsvcvtZt2j+YczeywXi7U13RTzJu/fXM2tnLt8VXvX47f2eFOq0HZsbStaskYnQ3xibib0f1k2ihcorp6R0Csz28XtUoX4bwgA1AHR48Tj8WQyKSKKyCdy1wWwL5PZ5ZPb9pMIeE1mu3OjoHFiyOEIFH4NcGSJD8nM4ysHGoMdQgWSyfnRzabJje+Mbr02vj25nomk8uFE2clcsPFwsmcyedjTy4f7Kz6fGPpTmcwW+pspFrvc1KyfS9XaflXMLU4mL33rVd7y3Yuvb21tffs75/nDqx3XX37l22IljZeviKeQSatN2srjvn4xVzTyh/SRoV8SnyBHTyYVtzZ211XqRfFPfPoFm+ruTKVS1B9Qx3D5ctf29vbm5ubGxkYoFAoGgw2N962rwb3ZH1xq5VNTD1obHthpwnK91bNesJBe06WrYrrh0k3dnGBDx5CYprVJ26UWMd1wc0Q3Jxj0Dl21LPBJ/WKSpsY72pS9p+FSD5+c7mnVb5e7mntTev3trU3qGyzWfulawWN6PZdaG6hauvxFu2K27wabdelaQJ6z3yxu5emdcb/u8fpSn2VihXHPjg/RcxcLNzd85ypbYdONglb1Z5Sf7ijxZoUF/7p3jxocXlEnAsb+ldesq7yxe2bVuRLoGVqxqg/tkyt/2rcys7A2MMsW6DatvDSx6l32vzqhLV+yFor3GgDUKOprqMehfod6n0gkQj0R9UfUKyGcwOEcNJmYzPNyU0m5ZHICjppMXnm6PRlIL2ynx1eTr45F73iTy9Hszm4+nJh9yTKTyauvGaRU0H61gy8zaLZIs3iNjI7xBaRkMj0zK5ahWEItIpkUb2V0bJw/i0KLNIuX36/9NEQLf3jz1m3R0nmz9D/M15VTmExKHjDhn/WEPvpt3Z3xeJw6g3A4bGzqo04iEAisra35VRevmly+fUzcvXiFT43fvXLx7oTPt0hPKVxGb/Fic794cKtBey53sT3/RFqbtF1qyU3OXX48q5/l81lbB+b5lG6xQotjt8cXtemJexcv3uOTzwY69NvlLubelM7ixcv3xAoKLE40sjeuszRnHWMG++5dvHRN/6RFh6mhpbtvYm6gu5MmdHP2myX0tRS/sDzPZE/jPat46Bp/0ND+wDU90nP9Gk3oFqRdPSCmB9r3W6dzcWWv6h/0/EkPqw7b0qw0d3bh1jM20dLreXVsSbTf6vN8Y2SJ/j9dtDap5NcBALWIdzTU41C/Q70P5RPqifjxE37wRPRWcjcGsIeDJxOX3FTSGUomQ/70Ti5srETSr45Hb6vhJJzK8r9J0l2D90km6vi+64lpUJ8KaIGlpWV9i1Sra+wWq/pkIo6WUG1saAeoRDKh+s75C339A/qVSC+juPjRG/1DfSzpuN4p3k49O23JpPQBk6in9drde/0TS2tb4XBk6GbH9vY2dQnUSfy//9+P//CHPzwHAAA4WdT7/PM//zP1RNQfUa8Ui8WSyaQIJ3JHBrVmNxGPUymrLqufDVzGZpaWN6IbS67heXaf/BHz7IzbNeNd21CyPofdZF8adiwtByLZrOJwr23E4ksz0071K+C0ZBJessyIC3R1Al7P+vbW2qJpai27m6Itmszz9H+aQ6t1jTmWfGtptjntaxtGLPbV7fjyvNM87OAtprEl/dlc0QXn8FxI10B2R+a1b6M7nKMmk7FARtGdirYSTb86wcLJxHpmM5GNp7PTG7tlJhPblF00ikH/djisTwjFC7z8yrfpoTGXTPS1vh4Uy4tkQrmFt9Bffv1qxfSrrxnEs1rbrvJGyiH6ZfS1s1N4Kl4dO3oyqeB1JmOdt1p7S/xLQOtVM7/enX5wiqIMXr26urq6srLy3nvvyR0FAADACaKeiPoj6pUonFAPxY+c8NO65M4MalDGNCSfW0VJIKtGhRG39k1fLJlYioc3Eb4ASybhFdP4ijy/kDhUIiZotb7cb5mWTDJrw67c14tteksmE2Z32zyjhZMt16xp1FMw9+COmkweeHeCcfa9JVw6k+2aV75ri9z0JJ9tZZaj2VvuRJnJZGtLfH+aLplsb4vp1y81igUM370o2rO6YyaiXjN8Vyyc1SWTKy2tolG/BjH9xDQoFhCHa7578XX9MqL017pAJZJJxe7N1Xq136nIjaT13gxPJslkMhqN3jK2UTfg9Xrl/gEAAODEUX9EvdLGxgb1UPywCZJJvVj3TK1q4yiXY87y1GEy20UyESdTsWSiNqp2p8anLUN2Uy66mMwO87B9JrTHL0xia3hEXW2pZCIGV9rm9Gdw5aZLJJNs1jlmV0f3uxRLVhN7bLpsR00mLw9vP1ne3UhkxZe7UzjpmIu9NB57ZXz7lfEX35vrwUMtmcRi+YGkGPpv6ZJJ+zXtshNCAUO0Z0slE/2hDyIuL9GvRL8GMT0xaRULUFjijfzIjLQJqpa2drEwnJ5kMnH7VuH3kue1tN7nB0zi8Xhgtu9yU7PL5ZqZmZE7BwAAgBNH/RH1Svywif6CE7kzg9qyOuMwDWshwTtpFwPi/ZPJmFmcbRTMHzPJZudG7cUDssCswzTk4dNlJZPM2ognqjWF90smWTWcHP1oCXfUZELVMKksRbL671icCKQME9svTcRfmuSxpDLJ5JVvf0csoL+/VlaXTPTXk/h8frF8+cnkeudNscDY+ARvpPGrfhl9JZNJsXydOz3JpLXt7kIJ6/ThPnPv5sCUZ20ruvjMbmzqHr51ZW5ubmpqSu4cAAAAThz1R9Qr+Xy+zc1N6VJ4uauDGmI2O/IHTMbs2rcDZkL7J5MRkUwCHn0yoSAxtiCfN8KeOOJVJ5Wykkk2LjYUds/un0yyu9tHP1rCVSCZvPw0shLNJHXfsegNpy/bNiuVTB497hMPv3P+wvy8S39/raHhp1nddSY0/Z3z3xVzRTh5YTL57sUG8bDpSsvs3FznzS7Rsh5kl6zol9ffX/jyFZZb4PQkk73wD3f6lE+lUrFYLBQKUV6hbmB0dFTuHAAAAE4c9UfUK1HfRD0U9VP8DsJIJjVu1aWeYaUWDXgyitnCph2+6P7JJBtb489aju4WJBP1IEZY/pVJBd1OWtjq3hgpK5lkU6ElWn54aimY2npBMqmcIyeT4YhrK72r+wuTSGevPYu9NB6tVDLJ6nKFVIbvXuTLS3cN3tjcFMssLS/r17BXMtE/lOr6De0oirT8lN0hWhBOspVIJvnL39Xa0H4j4lK7LgUfTEb9DpOdnZ1kMhmJRAKBgNvtnpiYsFgscucAAABw4qg/ol6J+ibqoaif4l+/iEtNoH4cNZlcskWjO/m/LfQXZyG8+zKLJUoFk8nW1paUFnhFo9oJcMXftHj+wuu85VuvvrawuFhOMnE6579z/oK0iZdf+bb4wkdp+WzhHYrj6m3X6tnRk8lx0yeTcDi8trY2Pz8/OjpqMpnkzgEAAODEUX9EvRL1TdRDUT+FZAKHFnbP5g/F5K9IOe2OmkymQhnxfSa7FEsiuy+PRV8aV8pPJgeytLz8dGR0ZeVAXyNzYB6vd3RsfO6ZU54B+zpDySSRSNAnvt/vn5ube/r06cDAgNw5AAAAnDjqj6hXor6Jeijqp6i3QjKBunLUZGLy7W4mMpRJ0rtZ7/buy6MxFkv2TibiFl5Qe85KMkmlUvRZv729zZPJ0NBQX1+f3DkAAACcOOqPqFfiyYT6KeqtqM9CMoH6cZhk8urTqEgmr08p89vsSxVDieytZ8pLY2osQTKpS2comcTjcZ5MZmdnqQ949OiR3DkAAACcOOqPqFeivoknE+qtkEygrhwmmSTSWf29uV4ZjxkmlW+NxV4aje2fTCaCh750Gc6AM5dMfD4fffpbLBYkEwAAOA2oP6Jeifom6qGQTKAOHSaZZNVLSoLK7nosV4qojFxxrY54hQmcfmcxmczMzCCZAADAKcGTCfVNSCZQnw6ZTACKIZkAAAAcBZIJ1DkkE6gYJBMAAICjQDKBOodkAhWDZKL3k5/85Pvf/77c+vz5tWvX/uM//kNuBQAAQDKBuodkAhVTV8nkzTffNBqNy8vL8oyc8pPJ559/fu/ePT7d09Pz7rvv6ucCAMAZ8oc//EFuOggkE6hzSCZQMXWVTMbGxn70ox81NjbKM3IOkUw+/vhjmkAyAQA4iyiT/OAHP2hoaPjss894y9raGj386quvChfcD5IJ1DkkE6iYukom7e3tb731Vnd3t77Loemurq7m5ub//u//1icTj8fT1tZ248YN6q72SSZXr1415vBZtDxf4b/+67/yFlrnm2++OTw8TKGot7f3j3/8449//GOavnz58r/8y7+IdQIAwAmjLoBHEYfDQQ+//PLLBpUIKuVAMoE6h2QCFVM/yeS9994zm8008dOf/nRnZ0e0U6LgQeV73/sepQWeTMbGxig8UISg6YmJiX2SCZ8Qx0zm5+cpk/An9vT0/Nd//ddzNZlQI1/g3/7t365cufLv//7v/CFN/+53v+PTAABQFcvLy5RGqAs4RCx5jmQCdQ/JBCqmfpKJw+EQ6UKc0EUJgf87GUeb4MlEHAAhn3zySfnJhJ74T//0T3z6Jz/5ydLS0nM1mfzwhz/Unqnb+nM1AuFMMACAquvv7+ex5BCfyUgmUOeQTKBi6ieZ3LhxQ5zE1drayo9UUHjY2NgQy1B+4MnkypUrovHLL788UDLRE8mENiSeS2sT00gmAABVJ07iIm63W579IkgmUOeQTKBi6iSZfPrpp83NzXdzOjs7/+7v/u55UTL5+7//++JkQhnmQMlEH0I4JBMAgFPrq6++EkdL+Gld+9zCsSQkE6hzSCZQMXWSTKib+elPfyoeUj/U3t5OEx9++GF3d7donJqaEslEXP7xn//5n+UnE1otvTb9ks+RTAAATqs//vGPP/zhDxuK7s11oCsAkUygziGZQMXUSTKh+PHpp5/qWxobG/l16sbcFfA//vGPm5ubeTIZGhoSV8D7/f59kgn1XhRjROyZn5+nFX7xxRfP1Q6Pd3VIJgAApxZ9Vns8HvGQeoT19XXd/BdDMoE6h2QCFVMPyYS6mRs3bkiNoVDoH//xH2mCUoS4azARdw2mjNHW1tbR0bH/XYPJP/zDP1DyEXffos319fVRPunv7+cRBckEAKCGIZlAnWPJhP5DoeqhwrHkdjSxsR0LbkZ8q8F59+K41f64/8ndew/lzgEAAODEUX9EvRL1TdRDUT9FvRX1WdRzUf9V3KmhUDVZ5+S0AlC2WCzmy6Ffpp2d3dNcqVQ6mdxRlEQ0qoRCm0tLy3b7tMk0+PBhr9w5AAAAnDjqj6hXor6Jeijqp6i3oj6Lei7qv4o7NRSqJuucPNgEKJuIJUgmAAAAR4RkgkKdkwebAGVDMgEAAKgUJBMU6pw82AQoG5IJAABApSCZoFDn5MEmQNmQTAAAACoFyQSFOicPNgHKhmQCAABQKUgmx1RKYiewGa/t2ggnpHfti6S7vYkTLtpo8f4/UJ2TB5sAZUMyAQAAqBQkk2OqRCotj2BqkT6c9C8ni2PDyVTx/j9QnZPfFkDZkEwAAAAqBcnkmEoevtSowGZcvOXiwHBiVbz/D1Tn5LcFUDYkEwAAgEpBMjmmkocvNQrJBOodkgkAAEClIJkcU8nDlxqFZAL1DskEAACgUpBMjqnk4UuNQjKBeodkAgAAUClIJsdU8vClRiGZQL1DMgEAAKgUJJNjKnn4UqOQTKDeIZkAAABUCpLJMZU8fKlRSCZQ75BMAAAAKgXJ5JhKHr6UbcBolFpsN42d1i2p8fAWBhbkpsNDMoF6h2QCAABQKUgmx1Ty8EWWbmlp6RgPyc1lJxNjr5N+VOP3W4yNXdKsFzhIMum+aZObCpWfTNK72WB817q+E1ResOQhqnj/H6jOyW8LoGxIJgAAAJWCZHJMJQ9fJMrsuHXAeHVEbi8/mfB8kQkMXZWXf4GDJBNj5ZJJNJXpO7YviS/e/weqc/LbAigbkgkAAEClIJkcU8nDl0LjHSxO+M0tosXY2DXiiyRDTmMumSS9j3uehZJhv7Fx72SSDY1oyWSru7dnIUQ/viQ9cHQZ/eFkxDfS1aitbfym0R9Jp3eS7Y3GXDLZyq02H1ZajC0RRVnwhtLqwwomk/Ru1h8tWGYhnB5aTYWTmaerKXq4ldjl0SWVzni30zSRSGcmAqnJ9ZSykyleob6K9/+B6pz8tgDKhmQCAABQKUgmx1Ty8KWQscep/unvcaoRYMtmy0WPnlwyEQdPKHuUSCaqjrtDCxHesNU+mj83LJ8otmzjmwUtaWfP3slEPp5SwWRCNbaW2tnN+KIsdYhybu5Q0cToWmo1tjvoS4bi2qootPAJiijFa9NX8f4/UJ2T3xZA2ZBMAAAAKgXJ5JhKHr7oZfw8VzDdDtayMCCSiQgknbmJ0mdz9TqVBD+wwYmYoc7NJwotbORb8umjKJmEHceaTKjMviSFEz69EE6ndzOZTJYnE6pYKjOzsTO/xaKLxZ+iWaKKV6Wv4v1/oDonvy2AsiGZAAAAVAqSyTGVPHzRcfdqkSObO60rm1m4/4ydhZVl51PlAwmf6DaWSiby1SIFyaTF2M0nks/u+zNswmi8z1v85pZ8MplQn+IbzK1MaTH7tZmqiicTqpSaTCh48EMi3u20PplQiSXjLzqJS1Tx/j9QnZPfFkDZkEwAAAAqBcnkmEoevuh0GzvEtOLo5udgGVvv22hcE3LnrzNx9gy4X3idiVCQTJw98nUmIx2sJZlUOpvEdSa00Z70TrLneot0nYnfsaC9KmNnlgYy+mMzhcpMJpRDliPpqeCOazstLhpJpjNmP/2iZUQyWYvtJnUnbiXSmbnNncl1dpZX8Tr1Vbz/D1Tn5LcFUDYkEwAAgEpBMjmmkocvNarMZHLcVbz/D1Tn5LcFUDYkEwAAgEpBMjmmkocvNQrJBOodkgkAAEClIJkcU8nDlxqFZAL1DskEyNvvf/Hlb34vtwJAnaHPAfo0kFvhIJBMjqnk4UuNQjKBeodkAgAAUClIJsdU8vClRiGZQL1DMgEAAKgUJJNjKnn4UqOQTKDeIZkAAABUCpLJMZU8fKlRSCZQ75BMAAAAKgXJ5JhKHr7UKCQTqHdIJgAAAJWCZHJMlUjt/fWENWQjnE8F/cvJ4sxwMlW8/w9U5+S3BVA2JBMAAIBKQTI5plISO4HNeG2XPpbw8kXSxbHhuIs2Wrz/D1Tn5MEmQNmQTAAAACoFyQSFOicPNgHKhmQCAABQKUgmKNQ5ebAJUDYkEwAAgEpBMkGhzsmDTYCyIZkAAABUCpIJCnVOHmwClA3JBPbyhz/+8ee/+PU77370yadfvPvexz974x1qkRcCAAAdJBMU6pw82AQoG5IJ7IViye9//wfxkAcV3fwX++LL39BTKNL86p0PPv/iK3n2Qey16c8++/LtX38ot1bUoTexzxN/8da7clOhvd7vGULvnfaA3HoQL9xLH3/yOWVmuRWgqpBMUKhz8mAToGxIJrCXN96UB8c0Uiz/sAnFElr+nV9/SGPHN3/53hd1kEykkfQ+T3zhmHuv97u/t371vtxUPUdPJnt58613P/zoM7kV4HRAMkGhzsmDzTI0j8e/PsZKnnGyFgaMW3IbnCgpmdCnJ1VCqkTqlFQ8nqSP+Egktr0dCQSCXu+izWYfGHjy4MFDuXOAo6Ex5a/f/UhqfO/9Tz76+HOpcS+0cPHw+p13P2SHUN7+4MuvfkMPf/3eR/SQFuP/8k0D688+/5JiDB+400OaS0UL0zK/eucDvvBXv/mtWCEb/b/zATXyBZ4Xjun10xS06B3xAzh8DW+o26UW+j8lLlqApkVm+PiTz/nWP/zoUx4waNaXX7KXTcNienfP1eNI/Fn0Rn4pXq26zHNdMvntb3/3xpvv8g3xWbQqKmr55NMveMu777NXQkV74PneyYQvRht9/4NPaLfwrX/w4afP2RtkK6TiS9JuFLPEQ20Tn31JL4kfzqJ2vgDf+T9T97DIn/Qif/u73/Pp57kfX/FT9EGLsij/cdDe5smEb4uK/9D5U8RrE/uQ3hFfJ/8F4Mn2ufqD+1XuR/z73//h7XfYa2A74Re/Lv5BiPdLD2nn87ej/4UBOG7UH1GvRH0T9VDUT1FvRX0W9VzUfxV3aijU2avCISIfN7JKpXlRCD8nDzbLsLyc6HYmXhuL0/9LlCcZTMlPKUtGCT0bamo0GptaHH5FnlsEyaTqSiaTEuHkdOQTJJMTc/Rk8sFHn/78F+8Unw/26Wdf0pjyl+q/7tP/KQDQ//lAnI1K33qP/v/+h5/yxd774BN6GfyJNGClcTwNUvUHIuh10iwaj9JiNEHDaDGmp2kxhn6u5hC+Bhqt8q1TC41faaxP26LxNK35o48/e+uX71ELm/smWy0tTyvcK5nQs+jVqrvls8+/+IqWpNcjhvUimdDImCbonYrXRnuGUgqtn7byqTp8/5maUqiFD8fFkhJajF4evVRaGw3x6V3Tpmlhei4VvUEeBujHRNN8i/RqaRNv/eq93/zmtz9XA8Nzdc9TzOCb48cfaHna+fSqfvn2BzwdPS98GXzf0lbEU/jPi57yfi4P0Hv/mZr9aM1ib/zy7fdpo++9/zFt9Le//d2bb71LcymH8JWIfUiv9rn6MvgvAG1O7ApqoXfEXvOvP/ziCxZT6en0IvU/CP7j4/uHP6vkLwzAcUMyQdVmFQ8L9bHk6MmEW3ZpR06K61ZAXrgMSaOxZcCrBZLQRJfRaCxcQIZkUnVyMlFPl9JX8S9iFSueSCnxZCSqbIejgfWQd2HJNmUfeGJCMjkOJc/m0ieNF6JRKT3l57l/LKfhIx/y8uG+WOzL3L+O0wCUD9OfF505pl/+Dd00jX1p4MunabXvvPsRjXr5P5zza/fFkuJZIiHo11k4zY570FCeP6SV7JVMpPygf2HPS53NJY4tvPGmNsHywC/fowBGo2r9MtKaufdyo3kJi3Dvf6K+ZrYraCeLnx2Ny2ma5vJdQW+Kp7Xi9y4ykkh0n3/+FT8MxdF7ET8dHlH0Py+O4od4hfTcz9TIJ14MPYse0hv8WJdv5X2o+60r3hU/U48I/VyNW89L/SDoBdCPT3qW9HMBOFYsmTwxUd9EPRT1U9RbUZ9FPVd8j7EdCnXmShooikzCY8mRkkk2mizOJIdOJqHRdpuUMxYGHnvZn8a7s8vDXS1NxiE/ezh4u4VCS9P1Hn0yecwam2y5Iy0DxpZ0yEGLqY/T3debaLqrr5wjMXAAJZIJr+LfvFMQV5BMThL/t3nxkAamIgMcFPuX7Pc+poHsJ598QaNVXr9VT/KhAa4+mYhToaTR5F4DTf3oX0zTwh99nD9AwYlnfaYejeGLFc/l7SVXW5xMpBdZMpnQ2+QHKMTbfK6LKPSWaZoWo2Qi9szzovE693bhlRv0RNqrv/nNb6VkQi+PvwWt1DT4hnruFi3Ps6V4Ac9z2xLvji38Jjuhi37c+vOg9D8dng30LZz+FfJp/gbFi+HLUzKhF8PDmLTT9C+sOJnw6eJkIlbC37v0LCQTOElIJqiaqeLhn1xFmeTIySS7U5xJDp1MZu8a1dyhE3a0j4boT+PNoabOnnGHm+WKLYex/b7ft+x2DLa0askkuTDQ/mDcv+Q0Glv4UwcohzS1O91umlZmuu+PO/1L7u6bQ/6MWDtUwJ7J5EXhpCqVUE/oikaVcDi6vh5aWFiamrI/QTI5Nj/P3TX4HfVcqZ8d9sbBb6gnROn/0f25euyCxuvPdf/Grx/p/qLsYyZ8OP5cWyE7VYlvTjrmI55V9jETbbWfFiWTDz78tPxjJvqTuMRLEhPaMRPdoQZOWjMnLcYPIDxXF9YnE3YiXOF7pz0p3g5X/N71yYSdLfbx59JK3il1zERKJvQKxcGft99hyeRt9bIT/TIcZdS3fvme/uw7bv9kgmMmcPpRf0S9EvVN1ENRP0W9FfVZ/FSu4k4NhTqrpR8uVjSZZIszCa/eTXnJF7LdLD41a8E4sEB/GI0dommgMX+K13in+hT/UEsukGxZOx1hdTGjMZ1bjCUTq5x6akpGMXaN6BsG2puS+sfHRkom7OZX+1fxb+cJFpJJ1dHQUBxM2B8NZN9Ur9l4+50PfqFe0MwvQnhfvSaEZlELjX35mV18NKkf6VI7zf3oY3Zb2K++YhdIiDVLyeQN9YIQCjk/V68zea4mB5r+4CPt4geOnkUv4xPddSb6db6rXgVBm6PXIC5UkK4z4U+kpMHPj3quHhZ4S70ogp8/RgvQ2F1cMs7H5fxK7ve1V5jPErQT3v/gE3EOFT2Xn9P1lu5sK3Y8JHfe1/PcVRw0HH87dyEHLc9vDCAG6Hxt/EXS2/nV2x9Q8fXz4ge+WFBUV0I/CD7K1ycTegu0JH8lgnq1D7sYRjylOJnwVyhe3mfqdSb0CmlJego9kV4wv/yD9sY76l6V9mHJZMKfyK8z4S1v/YqtRCQT8eP7me46E7EeJBM4SUgmqBqs4tFgrvSBRKvD3ZtLaB6Lz2+ldypxIKLk2VxqMKFkMiDaunUXn/CzuSh4GI2dSk5afTED0jUqaeVxZ1P7g9mtSrzU00gXTk4slmRLJRNRxb9/Va+EekJXNBYPR2LrwY2FxaUpu+PJk8EHD3vkzgGODQsb5YWTauEHeaTGszg8ZdfMFOarw9EP0ymZSHGiJEpEn39+pBs9V4r+xQOcftQfUa9EfRP1UNRPUW9FfRY/lau4U0OhzmjJaUQXS46aTBoreOPg0HiHeu5WTtLZY3TvsCl9MtEfM9EOs7BjJvK18nIyUdFi3TM1e6HJwkBLIMnObOvgl+OciH2SySmMKEgmpwS/weupRcFJf+07dxaTCeWr3/72d3LrwYnBPa3tTfUcqsL5sk8/Y7e0klurBMkEzhYkE1RtV/EoUYolR00mzePyjYO/foSsMn6bXadue+Z2O8Zpov2JesSkMJlkN22560yG9NeZGNu73W73eF83b9Enk2Vzh3MpEFhyGhu7HEVnjNUSCicd5pOLJdnyksnpqaR6QlcsFo9EYsHgxuLikl1NJg+RTCDnZ2+8w8/5kZzFZFIpn33O7q3MTtBSz0aTZxd640122pvcWj1IJnC2PFSTCfVN1ENRP0W9FfVZ/FSu4k4NhaqFygWSyiQTyiH96nUdmp0UtajHOaAuyMlE/GIV/+adgkIyAQCA0wzJBFUvVRRIKpNMVtfkKxocvsN9ySKcSXsmk1MZUZBMAADgNEMyQdV4FQ8Ui+qcPNgEKNuLk8lpqqR6qUlMSUSiSjC0ubi0bLdPPzFRMumVOwcAAIATR/0R9UrUN1EPRf0U9VbUZ/GLTIo7NRSqJuucPNgEKBuSCQAAQKUgmaDqvHaQTOAokEwAAAAqBckEVbe1k6tz8mAToGxSMtkp+j07VYVkAgAApxmSCaquSqQRfZ2TB5sAZStOJryKf/lOQyGZAADAaYZkgqqfKs4kSCZwVHslk3Kq+HeUle4GDsVf0HPESuCbFo/Hl795wVfvAUCdwKfBEeGbFlFnsaS7bxUP+Q5U5+TBJkDZjpJMiosnE+0XnT6FK12JRCoeT0ajSjgcXV8PLSwsTU3ZnzwxPXjwUO4c4CC++s3v3/voy1++9zkKharnos+Br5BMjob6I+qVqG+iHor6KeqtqM+inovfOBiFOtWluy9w8Riv/DonDzYBylbBZKL+KrNMkslk5M1UCK15d5fCD+WT+Pb2Nr3mmZkZi8Xy6NEjuXMAAAA4cdQfUa9EfRP1UNRPUW9FfRb1XMfXMwJUCv2W7qTVk1+KxngHqnPyigHKVtlkQrFE3kBFIZkAAMBphmQCZx39th4xnJyTVwlQtkomk+M8WsIhmQAAwGmGZAI1gJ3WVTTMK7/OyesDKFulkgm/wkRee6UhmQAAwGmGZAI1gCeTQ4eTc/L6AMpWwWRy3KdyZZFMAADgdEMygRqQTO6kdg5/2OScvD6AsiGZAAAAVAqSCdQAJBOoGiQTAACASkEygRrAkskRLjU5J68PoGxIJgAAAJWCZAI1AMkEqgbJBAAAoFKQTKAGnJlksp5aR9VYIZkAAABUCpIJ1AAkE1TVCskEAACgUpBMoAYgmaCqVkgmAAAAlYJkAjUAyQRVtUIyAQAAqBQkE6gBSCaoqhWSCQAAQKUgmUANQDJBVa2QTAAAACoFyQRqAJIJqmqFZAIAAFApSCZQA5BMUFUrJBMAAIBKQTKBGoBkgqpanfVkMjs7i2QCAACnBE8m1DchmcDZhWSCqlqd6WTi9/vp039oaAjJBAAATgPqj6hXor6JeigkEzijkExQVaszmkwSiQRPJnNzc9QH9PX1yZ0DAADAiaP+iHol6pt4MqHeCskEzpwaTibOGzZPUSPqFNVZTCY7Ozv0WR8Oh3kyefr06cDAgNw5AAAAnDjqj6hX4smE+inqrajPQjKBs6V2koml02jsmypul6rb+LC4EVWVOqPJJJlM0if+2tra/Pz86OioyWSSOwcAAIATR/0R9UrUN1EPRf0U9VZIJnDm1F0yMSKZnJo6u8kkEokEAgG32z0xMWGxWOTOAQAA4MRRf0S9EvVN1ENRP4VkAmdRDSeTqY5xdjaXsbF9cXt5eW32vs21Flk2GruX6WFkrXgNqBOuM5dMSDqdTqVSsVgsFAotLCxMTU2Njo4ODg7K/QMAAMAJop6I+iPqlahvoh6K+inqrajP4p2X3KUBnFZ1kUzWdIvhmMnpqdOWTIrXXLAV+nuSStNfmHg8GYnEgsGNpaXl6enZyUnbkyeme/fu37jR2draduVK86VLxgbV66+jUCgUClXh4hobL1OPQ/0O9T7UB1FPRP0R9UrUN1EPRf0U9VbaIC+VLu7UUKjjKHlodXC1n0ymLR3GKx3dI+O8Hcnk9NTZSiZsQ7lkEo0qGxubKyv+Z8/m7XbH0NDT3t5Hd+50X79+4+rVay0tLdRbNDVdQaFQKBTqOIpnEupxqN+h3of6IOqJqD+iXon6JuqhqJ8SyaS4O0OhjqnkodXB1X4y0SqxbGzsXkcyOU11RpNJIpGKxeLb2+FAILiwsORyeaamHMPDI/39T3p6eh88eEidxO3bd7q6qG6jUCgUClXpukO9THf3PepxqN+h3of6IOqJqD+iXon6JuqhqJ+i3grJBHXCJQ+tDq5ukgnLJDfU/98vfi6qKnXakskL8Yvg02n6lN9RFGV7e3t1dXVlZcXpdPILTiwWi8lk6uvrewQAAHCcBgYGqMehfodfXkI9EfVH1CtR30Q9FPVT1Fvh8nc4c2ormeQ8dK2LZHKj7TJrutLqirPFnOPd9Ohy92jxGlAnXGcumWR118Enk8lYLEYdQCgUotfv9XqpV5ienrbb7VardXJycgIAAOB4UC9js9mox6F+h3of6oOoJ6L+iHol6puoh8K173BG1U4yQZ25OrvJRNw+WFGUSCSyubkZDAb9fv+SypvjAQAAqDTexSwuLvJOh3of6oOoJ6L+iHol/c2CkUzgzEEyQVWtzm4yyaiHTeijPx6PUzcQDoepSwiFQoFAYG1tza/SvzsAAIAK4h0N9TjU71DvQ30Q9UTUH1GvxM/jEr2V3I0BnG5IJqiqlf5D9qwkE04fTkgikaDOIBaLRSIR6hu2AQAAjllYRf0O9T7UB1FPxLsknMcFZxqSCapqdXaTSVZ3WldaRZ1BKpVKqhKqOAAAwPHgHQ3vdKj34YFEXPKOWAJnF5IJqmpVA8lEH07EIRSeUgAAAI6P6HFEHyRiCZIJnF1IJqiq1ZlOJpzoA7hdAACAkyX1RHJHBXCmIJmgqlY1kEwEqWMAAAA4SXK3BHA2IZmgqla1lEwAAAAA4IiQTFBVKyQTAAAAABCQTFBVKyQTAAAAABCQTFBVKyQTAAAAABDOTDKB2oNkAgAAAAACkglUzdlNJmH3LP3fZLaLGnFHpvIPXXyudWVHe4KyQo0+3RoA4Dj4HPm/lbwl6HXRtHnM6QomeItpaF4sb3IE2P91f5HFrBO2PDdHL8Ay7lmO7rLHkSWXeC2RpdynRyYw41ByzfRmfSltWnojuQ8l+qQK6BunbdpuISNsbh0RH9EzfrYLxcMp70ZW3Zm5n/7u2JiDzRqejuoW4x/sIOh/r/ivH/0ODw/ZTRYH/x0uXoCMmR1iDSPYpVAKkglUzVlPJkxkSfTu6iAgb2TWM2ae49POUQeSCcDJUXxTq2zMrnjnxNg9u+7hY/0p94ojoP2rgTagzw2bqoTljXDupq/Kwpxvp3QySa/Mm6bWLM4t3swG0xZtnJd/C7on6j+UcgvsmB0B9nG56fWKiFMfxN6gvV3wcJY9FMnEZCn4JJc+2KFQYCr3TwAlfodVYgHVtjO4tpSbhWQCJSGZQNXUeDJxR2gYoY4gMjSNZAJwYkwWp/pnftiktaujc/r76ByzD6vj+1ORTHQfI6o4GyKXSiYjQ55AJuuZ0N4UDaazmYj+jfCF900mbARJ8cZsyR84qhNib7D9ln+4y9NdLpkEplbFMxgkk33l/4qV+B1W6f8O8j1vHl3kD5FMoCQkE6iamksmBYet2edyJjC3mc3urHmULJIJwAlJrU0s8wMlAWlYaRpbyvK/m5veYXWWdBJUPgycJPYxUjBEY6+qVDIZnt/OqkdO+OcdH+fp3whfeP9kklV8YxZHFc9bqxZtb6QVs2Vafaj90D0h9tuydzKRz0cCHX0yKfodVumTiVXNw85Rtv+zRU8B4JBMoGpqLpnIx0zo/+YhD/8HTiQTgJNhzp+NE3GN6Y+ZKPxvpTYo3wmOeCKn4phJJjBl0b3OTGhqNZONreSTSVhNJgHPVjyeUGtMPROLJxP9G2FemEzUT7CweFA3pI/o3EOFH3TKJZOIOFmucDEoKZ9MSvwO8/Z8MlEcfvUXeGMxoM5EMoGSkEygauohmThH7WMWfkE8kgnA8cuEaJguHhVcZ7Lp9ahXVojDBWbL3KlIJoXXmaSWneo5+qHckR/2LmiwvDyVH/mZ1PNhtGSieyMMkske9kgmbO9lC64z4acCyotBKaWvM6HfYZ49svpksrUofkf57WGQTKAkJBOomppLJuI+JOzTVhv9KCvshC4kE4CTwA6SiFOzeJN2b65xlyd3b678iUwpv3Q2VxXPceL35jKNuLR7c9GHh9+rnW6kvnLTZP4jhF/DLZKJeCMMkske9komFFnnNjP5e3NlEiPD6u/DcMFJX7g3VykFl3JJ9+bitAUyIcdQ/q5cY+Y5j0LJRNu3dfjbCPtAMoGqObvJBADgOCT8LrPutqoAAPUGyQSqBskEAAAAAAQkE6gaJBMAAAAAEJBMoGqQTAAAAABAQDKBqkEyAQAAAAChdpKJa8w+PDqtv/WjY8jOv1cLTickEwAAAAAQaiqZjLhDpqm1XMOOeSbEk0lq2z8zOcvuCDmjzlXv9LrqZLdonFrazt/cDk4WkgkAAAAACDWWTCImy7z2WFlxbmV5MlEW5sdmlhLx6DD/jlKWTBzDMyuJ2BaLK7qv5YKThGQCAAAAAEKtJROfw65+ye+2c5SFEOlsLu3rpVgyyX030LoHN4+vFiQTAAAAABBqLZlkAx7nVpb+bzbPZXPJZDcacDnUr9flXzWqTyb6aThZSCYAAAAAINRcMqE0MuSxWhyOQIZNs2QSN02sqAdSsqszRckEx0yqB8kEAAAAAIQaTCaeCfvw/DZv5MdMTGaH1bu1tb5iHnaIZGKxLeI6k+pCMgEAAAAAoQaTSXrZyU7oUvFk4puZM1vspuG53YBLJBPfHDu/y+GL4t5c1YJkAgAAAABC7SSTA8C1JacDkgkAAAAACEgmUDWnLZkUrxmFQqFQKBQKVWbJQ6uDq8tkAqcDkgkKhUKhUChUzZQ8tDo4JBOoGiQTFAqFQqFQqJopeWh1cEgmUDWnLZkAAAAAQBUhmUDVIJkAAAAAgIBkAlWDZAIAAAAAApIJVA2SCQAAAAAISCZQNUgmAAAAACAgmUDVIJkAAAAAgIBkAlWDZAIAAAAAApIJVA2SCQAAAAAISCZQNUgmAAAAACAgmUDVIJkAAAAAgIBkAlWDZPJCtptGTWPTY+uCPLsU9SkDNLEwQBOdNNHJGl7w3NxmjJ13h5xBRZ5dCl+cT3Rat7JbtnI2JHH0danraRos790dXdL7uIW/4Gw2HXY3qZsf8kb4XN7SdL274DkAAABwIpBMoGqQTF6IxYzOkYCiBJZsbADtlxfYx0GTSc8zRQn51YG6saxokqMlk4MLjXfQcwPhSGDJ2XHfIc8+Fgp/g+oLTrMd4w4pISdN+DNZdy+bRS09rUZjy6D8VAAAADhmSCZQNTWTTDKZzFYkvr4RWQuGAyFWNL25HY1E4zRLXvogWDK5aeOjfpEvIgu29iv0qMnm5wliix5klWX2z/9Plvc7ZqKEuq620KOuQXekcIeJRdiTjEa2xdzCxivtfOGA47E609g9aONP2fOYieJXX6Gx/XYPf8iPjXT2jGvbU6mvkL3UfIt1sLuzXV2SbYKvk8ce/a7QjrQ0No0vsD2gPbzSHkjq1lWKMtPdcpNtgK1zhwUS3s5feI/6luhh2skm2YyM0tnKD6vwRQAAAOAYIZlA1dRMMnlgmrt0fazxxsiljqFvNvT+ybdu/o+Xr11oun+p9eGAxbqzs5NOp3d3dw+RUvJnc5ErHVrrljuUTKdD46zx7ixPJuyEqMHB8SVlv2SSTbsDERptq8u35DbCaJtQ19Nyn+cHbeGFgRZ1YbaVEHsHaZt65pW6cMlkwo5F3Lf6I4riGJ/lD2kNiqJ0NbJ0kd/qloPNudI5+CykNbhsDl+IP6V7RimZTNQjGy20ciXkD/ADHY1d7GWpOyS/8mIZNcKJdao7iM9hkWtgQX2dPJCw6awy2200dozT6wnRw2r+hgEAANQHJBOomppJJlPTnhuNnV3t3Vcbrze+dP7SX7126S++1Wa41HaxeWLSkUwmU/SXTA0n8jNfpCCZNHUUHhJQAwkb6LOJx15t5r7JRMPXV9zCNd0sPJFJG8GzPNM56AzEtF2tLlsqmajD+vz5YOpDY4+TJv1mCjksRQj32QESxhEq+Alq4aFUMmEpojt/6hd72KflroLtFtmydrXQkqWSiXrwRn2dWgub5kvyPWfkx5EAjk06naGPQVQ5pSR2aHfJexAAagKSCVRNzSSTdDKx0n9/6anZce/20KXzD77xFw+//c2RVuPwlUvB9fVwOKwoCoWTnZ2dgx420Z/CxMb9T5azPBJc6RgcVM+tyiUTkTz2SSYDrUZ+aEUdgcvJhA/BF/rYLEc4v/DgfXY1CJunhJoa1WeqxyjUqVLJZItdEpNftfqwc4K9iS0rWyQ/i8so/lF2Olbu4I/x8eCgdpF6qWTCWtS1cWyNV9rbr2qlXcme25Z+c/yhsLCZP8bC18mfoD5Zewv+IXohTT2dTdIhJoCK28FQ+yCwuwBqFZIJVE1tJBMKGxGnIzA1GZi2u/p75+50jF06b7n4rfEb7c/udjy7eyOwtra9vR2Px5PJ5EEPm4gr4EM+duITO8FJHb4vp7OKW70k5CDJhK3BHsnusHOTtCF4jpFfAR8OqFeWGP26hcfViziy2Qg7uYtE2CvhTymdTNSjK/xsLudwt3w2V0f+UhN6qeMOtxLy23rZZnkeaKH0lVaPz9A6MwssfrX00A5g61CTiaObNbGzucKBkSXt5C4+Sgm4daeKFVG4tRGWQ0YDafWFjdCvnnoFvHtHuwKeWtgV8I097Hy2XmOXNURPSlbt9wsAAKCOIJlA1dRIMkmnw5OWsGd+a37O8+jes+tG2+vfHPnOn01ebXLdbJy+0eJbWdnc3GSj28MlE50tdfyde6SGiIMkk25+xMNoZAmhKJnosOMDYmFjV8EBDWb/YybZbLt4rroV9fCLxraZ32jBu+uyZTPancHYow5+qCS9/IRnJWN7e4t2+Mg/JBZjW0suiIfG4gMyxXTHYfh+yD9xyyFautQF/MO5s80orb3o8noAAAA4IiQTqJraSCbZTGZjwrQ5aw1OW6c7LluNr0585+vDhr+cutro6Xjd0nx5aWlpfX09EonE4/F0unqvEw7IeZ8FEkX9ibn7crkIAAAAjg2SCVRNbSSTTCbbP+6emF4ZsS0Ojc+bBm0j7Xd7L98wNt163Xjjcustr9e7trbGrzZBMjlD+OGapvb2dvXuybO6oz0AcBYZzjd29VsVZbPtgiGstSWpcWVDCQc2+f0zDIbGYDjc3WhofLSYf+a29Zqh2e1yUwWjaovf0njvaTjgNpy/ZtV9OFw4bzAYevlTer359jxvr3VbbjujlIBbGOxkNyBJ+wbbu4cUJdTRmL8fSVdT/oJJvfHbTfzAO9dibAopivNJBz9un14a6BpeoB8MtQwssa5Tv7BewS0f4exDMoGqqZlk8mDISclkcno56V6I3+nd/MZF/81uW9cDnkw8Hu/q6iqSydmTUfzaV7g0PT6pr6gHgOOTTuWmVkwm9YtrlZmu8Q3dx3LK3TwcZBOBp82Ghnz75nib4Vr+IXuegZ/g6bxvMHTNaM2b49bJ3vpJJnod2m1CtNNek8/u8ywScT7uGPKXSCYRp/H6kC5sKMYH7BaONOHoZndpn71rzJ1Cq/C7OyKZ1AkkE6iamkkmfeOeZ961EdvixqI/0vVo47XLC69eun21m5JJW8c9j8fj9/uRTAAATomk8wGLB+xISIO+PTx5TRwoWXwkjqtks55ew/l+8YhmUv7QJtlKtGnDtXEKHvWYTGKz6g1adLyPHfndx8KDnExU+rBhbFVvWJ9ceNzCLvwLDLf4eYeZXFC/VwrJpF4gmUDV1EwyuW9xznnWntoWu/unXr9her2t5+KV25eab1+8dL39+n1KJqurq9vb27FYDMkEAKCKKG8QyywbNVMOMRia+2eDirJpMDT2L6b1aUSfUrLp8IrLrSiK9VHbtUl28lbYdq17ZFEJBxsbGxvUZGJqVPNJXSaTnkb57iP8Rin5h2Ukk6yyzI5QP3BGcneEHmS3rGct/CGSSZ1AMoGqqZ1kMjQ/MeMbti4OT853P564dX+ovbPnSvtdSiat17VjJkgmAABVl04qysZKV5NhMcmTSQNvn+lmJ2UFh5vFNSOrgw26f/TPo+XUP9OdxguGCw3K2tNmQzNrv6beEr0uk4mxsVv/MOLsGVgouJthOcnkcbvRseDvaDI2dQ6xxxFnU+dj53A3tSyrx2OQTOoEkglUTe0kE4tzfNrneObvG5ppuzPU2tl35eq9m9397R33r3Y+QDIBADhlwoZHi+rFJNrVI5sTbYbmp1m/KRcbgjQvv7hOg6FN/9D9kEUafihGp7d+kkna1aOebKVRvAMD3sIzu8pJJlu2EfUCHyY4Qkt3Gttzj7Pt2h3qkUzqApIJVE3NJJOBCc/k9MqE3XP13tj/0/jwL8/f+ItXW77bePPS5ZvtN+673W4kEwCAUyTpbBhcZfGjRYsfNMGySmal9BXweUlDg0n/uFE9DYzdpUq9c5d7qNNg6HS7gnIySYeT/CQlKZnEg2e9VxjvyN+Gi7Q05hOF8OJkEnYM+rTJ5LP7s0q2S7uknjEa2TEZKZn4l0IK/46vwmSy7FO/FBjOLCQTqJqaSSY9Q8+S09M7z6a9z6Zn3M2myVe+9o3G9s6errt97dePkEzYWQEF5AWOQya5ONJF2zJ55H/0yrLTGDRtty3yvFJWzY2sk9ddIQoAZcjMTE6bzPYp74a4mxQcXe+N5oYL7BOsy5y7m1Y2+6CtwWC44N7WPpwVj4kW6HziDqsN/HSv4ExvZ3NDwUdf2E4PG2+oJ27p6c7mEh+Y1BK2XbOodwMr+GC/Zl3sb5zhtyE+qxRjh3oam0r9ht8cXRrJTy8NiATC2nVhY2G4m11V0t712KHuqUyks7WJt2gJRIfWZmxsH1IX1LdTBDQ23RfrrCVBXyia+67m1e1a/mCofjJZXdtK5K52grpSI8kkmx32bS1PTq2NTjj7unqHzrffeflr32gwtlxtudpxpb3L5XIdMplwrBvT363y8NLOB7r785dmvU59qJsm8nee0aF+VDvxOrVo6H/hynKQTAAOJKP9u0BwbtpkcRXOg5OkPHAWXC8BRzR7V75WHsoR9cyazHaqrd2sxcImvLX7i1nlZJLwu9i+HvXIM6AO1EwymXT5Z8atruGxufnb49Ov3378V982Xrjb2/qw/+qVNpZM6A1WLpkk2WWX5xvcuX9mo4Tw9Haz4UIz+5hKrl4wGNruW/mszVkLPbyg/aOUov5bIftXOnU1q+zfDhva+L9FCTNdBsN9diOUB6WyRD6ZZMOG6+p0RulsYv+UaF3TPia72D9AGrr6nWFx200kE4DDWaUuclZuBIB6kwrwZGJ6yo6mUtXwQZNqJpPArLZ/WVnmwm6WCEfcOEGwXtRIMslkLKNzo2Nzg5apazdutt4yfO3//tbX/uzV1wxXvnuxtfHKda/3aN+0qE8m7JpMbYg/fs3A12VQbwvDJs439ntZm+LodOvzRmbx2qR2i0x+mCM40mw4/4DPpMzwwKV/VWHrdUNX+wWr/tvHckQyWRm+Zi+8iJPW0+tlm9DfzQbJBOAoZobt5lndxcUAULdSgalhbcxcw7EkW7VkktpwjucySWEdMplElui5Y4W3gxg226dW9Q3lwr9RnYzaSCYUTUL997ZnZ4KOWWdPz+j5V3v/8s/v/Pmf9xiNjy5f7r9yecXnCwaDsVgskUjs7ubOEi2fLpmw27/wIx5qO7+MUrRQNNDOr8rNCi9a2Z326UmFyYStUW3JSuvMZrsbDYa2flObYUa9dya76Yzub5Wh/ekqBSwlbH3U1s+PJWeSXe3N/GCMerlnuvmCoatfWyGSCcChBZ2zrjDOdQYAZlg9iUursSV5dg2pTjJxPJUDydGTiXnIbppY0beZLEgmp1rtJJPH3WG7dWNiwnvruv1bfzH8F19/9PX/0f/6xf5LDf1NjYFAYHNzk4bzyWTyZJNJ0nC+jTZMkaTsZKIYro1vZti5XobztNG04aZdH/d1Z3NlDecfuFPsupSnrmAyzdap3YgmrXS1XGgzrySRTAAOb9dkQU8EAEx63asNkmcX+YT+9IQaU4Vkoo99w7Pq7fkSa/lwMuYNHuIwVWRpannNarGLhvTKvCewdMLJxDuZfwHwQjWSTLKZdcujQO+dhest9r/6n+N/9rXBr3/t4Z/+6cOXv/Hw2y+P3LkViUR4LNnZ2clkDv4voPqzuXRD/KctubO59kom29YHTnWRFZNIJvwsL/b9YrmzuZoLzuZabXi0qD3IKAaDtgmhIJkYHjhTunPJRDJR0evsX0QyATgciiVzchscWSqVilWUvIH6U9ldSmuTNwCaDIslzg02mQqYhmv5xhgnnUykIySi3VrY7tvRPaccETWErHscAXXkpayM0cpXXTyZ8CtYltdDjjG7dnB81eV0zzrcfp96H7upYfuU27/sXeTf82MyOyy2xY2NoJlezNSa2rY9NreyvL69NDfHj+q4xuympw72LN+KyTzNFtlN0btIxOOJNG1CMQ07V9dDrhn0LnuqlWTCLjUJzDmmb12daD4/cvnVvpf/6tH518bud7ttVgok9FFLmeQwR0s4+Qp49YuH9VfA75VM6Df5hnY3zNwRkmTzBcOFLvXvXTpc8gr4VUcvv6K9q58WS9Mi14bz+Z6ftUUa2rv4Hk+usTtjtt23Wq+zZJL2j7Pr7C80LMbZXCQTgENg/UupjhKOSB4IH1kikZC3UU/o7ct75MjkbUD9OelkMmKxm3THTIK5URHLALzUuSW+SWF/PJlkt02OQJZ9BemcacgjksmYxT7iUk8Sy4S0pLHq0iXOjHTQ3JS7uojdsdHM7lOko5jG2Dljas+hPWsi13NM5buQwCFPS6snNZNMyG46HY9GfAvexXnngvNZcNWfjMd3dlJp1eFjCQAAVIg8Cj4yhZ0uW7/o7ct75MjkbUD9Oelkki361yCpDjmg15JJlh0qYde+Tzu3WPzgjYWbUAPJqotHFSbukzaaP5srf8fG3anJWQu/K4J64RF7F2oK4tN8QpdMsi6bwzQ0G2bHT6C0WkomAABwykmDYId7vbBh22qd0z9eeuawWq3+LfVBJGi3Wa02R1S/RH2PpAv3RCy2PCd2aWjJSbvOarNv6vdXNES70D7j1jXJ+1zeBtSfKicT19Laso/VWO6a+CMmE8+EXclmTKOL7CytfDKZX4rH2XlWrNTDIQdMJstTjol5f2Cbnp4oM5mQZbfLZHHoW0APyQQAAE6MfgTsnLapQ2fbCg8eNEamgXXBKDlqdczHIhvWaS/lkpVntrVQeMM3P7cc1i1T1yNp/X6IhpbY/rRaHdPz9NBmZREusuGzuwJiGZ/T5tuILD+zh3ItRfu8rvcncNVMJlL73GgFkkl2Z214bNrDj6/qzuYy51KERp9MsjvStYbFyST/ahXfPslkbkR+U1n/vG5DUADJBAAAToxuALzsDhQcM/E4rDOL2wWjZJ9zRf1zYcaab6Qxt9Onfyhvo57o98Oc1aE/ZmKd9qh/RvW7y6bt3rDDw+6kH4uty/u8vvcncFVMJtL1G9mw6wjftCiSiXrJijaVSybZbCYRXDGzS1wcroB6ZW5BMslmExt8bkC98r44mexu+7SDPMH9jplkUxu0jHkumM3Gh9VTv0Zm/NosKIJkAgAAJ0Y/AvZ756w22/QcG0BHA+6VbdaoHyWHF2f5KHt5Lp9Mluds6oJ58jbqScGOiG462NluNj8/f2trRT0kNaNfxOrQzuOyzi3T/x1TbG8jmYCkismkdB0ymcAZhGQCAAAnRj8CJo5nHvec3RuKOaccWot+lLw8V5RMtsXYWpC3UU+kXcGOmTzzWK3TNDlts21srS+7ZuaW81Eun0yercSiPneAZRgkE5BUIZnsbvscM669SrqHKdQwJBMAADgx+fHvhm9jK+JwrQWWne712EaOwzpL7doy20uuNfbnnNWmPo5a7c7c8/PkbdQT/X5YWA6wZOJac1gdsdi6elCEcahBhZu12tkf0WV2hldku8Q+r+/9CVwVkgkAh2QCAAAnRgx/uaJ7c2n/fj8/pR0k4ffm8rFL5Jfn+PXd6jXeumfU9Uhavx8Y3XUmS/PT6tlcNvXOZn7bvJ+18ntzTbt0z8ExE5AhmUDVIJm8WCbZxr72kH2VYa5J/abFC8386OLiI/HlhwbxBe1h19OG86yBffNONrs6+YA9ON+wql5jpa3BYOgyu/njbEZhW2loS+aOWIpVim98z0ad4isdaQ29NxrZ7IbGsLrjxfIMW4wtwF5DbgHiNnfRzAeT+e9tBAA4SfoRcKxUMjkEeRv1RN4XumRyaPI2oP4gmUDVIJm8UJf46vSo/YEznU25H5zXWpoNDbmlVMGnJjWIKDNd4xu6vaHMdM8m+WSnujaxhmxAfYrf1GBo5g3NhkY+YXikfZs8pzh72wZX9MlEzGoo/TKKFvCbnvIbRtBGcVcIAKgGeRR8ZPgOeHmPHJm8Dag/SCZQNUgmL2RpNPA3lvT0Pg1mw5PXDIZePmvxke6ABmWYXN64JkWF7GrjE37sJMsTiFgDm75uZetsH+cPc+vcvGbTr1ujSya6RsM1/UPxMgS+AG1lU7Rc147tAICwg6/lPYjD7a5UKiUPhI9G3kD9qewupbXJG4D6g2QCVYNk8kJJb29jrz0YT7edv0APg8PNIkWsDjbox/eGBpM2Yeiy3m9jZ1q1dfGWRoOB1hB29XfaWDoQa2DT16xp5wODoZM/NDXyZLJ4wcjOIet8VPD9PHIySSc3Xf1t5oKzs8TL4MQCtBV7VG3KrIqzzgBAiCrqTeuhDBRLDr270um0oijyiPjgaCW0KnntdalSR07q/AAUCEgmUDVIJi/ETqN6ZF9cmblguJDM7JlMFEfnDB/3s2TSkGtOGrpm6I/G8xdoDZbbzW1mdo6WlEzYH/HFhvOUZB4472uHaDRJZ8NgPnjok0k6qSgbK26HxdDULxr1L4MtoCj6BZ7eZnnJuqYY7jtr86cFAAAAR4NkAlWDZPJC4sKP9MZ480hwr7O5TI35c6gKTtZqMGUDT3u92nUm19RTraSzucQ0edosnYuVpmyj5B7Ix0xUvQ25p2RW9S9DyC+gCTYPBwtbAAAAABgkE6gaJJMX0p0cpR4AyayYcgN93RXwQX5shHvaIqJC0PBoMWy7tpI7H3um20AxQ6xBuwJeyGxKQSW7Od7pEMGkdDIR19PTdvUvQ8hfcK+yXi+4PAYAAABAQDKBqkEyebGou4Hd4NfQeCN/oEO9a3CDuBvvTJdBOgbxgN0D+ELDDS3VWNTTqAznG+x+7eAJv2tw5xPtrsErTwpvIhxdbFRvVdzrKLyGJJdMlBUrf1UXjG1B7U7EiqHlqXgZpRZgdxamh+JlAwAAAEiQTKBqkEwAAAAAQEAygapBMgEAAAAAAckEqgbJBAAAAAAEJBOoGiQTAAAAABCQTKBqkEwAAAAAQEAygapBMgEAAAAAAckEqgbJBAAAAAAEJBOoGiQTAAAAABCQTKBqkEwAAAAAQEAygapBMgEAAAAAAckEqua0JZMdAAAAADgseWh1cEgmUDWnLZkAAAAAQBUhmUDVIJkAAAAAgIBkAlWDZAIAAAAAApIJVA2SCQAAAAAISCZQNUgmAAAAACAgmUDVIJkAAAAAgIBkAlWDZAIAAAAAApIJVA2SCQAAAAAISCZQNUgmAAAAACAgmUDVIJkAAAAAgHA6kklszWS2sxpZlGdB7UIyAQAAAADhFCSTVGBqWI0lZnt0V54JNQzJBAAAAACE6ieTKYsWS+QZBxJZGnFHxKOwe9ZkntXNroiIa8zu8a0t+1bMFrsvJc8+BHrXU6tyY/1AMgEAAAAAofrJZISfx2W2q8dLdoctdkdAXubFTiqZhLXpLdPYSrRg7mGIZOKdPFowO5uQTAAAAABAqH4ycY5qycT01OkYs5ss88s78jIvtncy8c3NsZVbHMu5c8VYqMgoZovdPO7NZjOK30MLjMys5Z6dGRt16JfP0SeTiJZMMomJcQc9fcwZTGTUObtRc+4okHYgKKPw16DbhEZLJlsrfOHcW5BfgMniCrqdtIB51EkPrerc4aklPtfj0N7gTAWy0olCMgEAAAAAocrJZGrYPrEUWZ2dFkN5hY/vDyqyJNaQK5ZMFO/c3Ka2Ru+kPaBO0twxr8KmQl7TmHdDbVyy2jfYE3xjFu3whWPIXjjazSWT3dTEUztfgeCZsFNWoQlL7rS09LLTFWMT9EqcYXUbAY91pSB1acmE9oPuZDb9CzBNsTBjEnNTfkpu6lQmODe9tMPe+Nk9HwzJBAAAAACEqiaTBL8ll2PCuzWlHnmY8R32X/0jSxbHyjK7CISVxzHNkwmlkdxRjmx21TWzzv6kWTwzZDNrFucWn7nhnPbRK1qYM5nneIvPYS8c87NkwmOPecxTMEdd2DTGDmLkzyJbdamnpcVNk76E1hQwzQS1SVXJZKJ/ASaLiy+Wmxkx2fx8iiWfCL2FkGmULXMWIZkAAAAAgFC9ZKLFEnWg75BPczqwPc7mmhnSXb8RWRpbiGfZQN/l05oC4ln0FGoMzFJAmk/E47wKT+fSn82lWZ5yTMz7acklu5ZMaJml7UQ6s2sd5odcQqYptoBWqYJV7pFM8i8gEWcX2uuumYmYxFU4qy6WTJiMZ27OYrHPBCpxVf4JQjIBAAAAAKE6yUTcJphKuzzjiPZIJsrC3Mx68dlceyYTfjbXHgP8EslEHM2gZ/FkEvbMbhUGGpPZMbVaepUimcyNFJzNJS39omSiofdV8PjUQzIBAAAAAKEayYQdLZkem5mvzNESbo9kks1ETJbp1Y2tgG+FEgKfu18yyWbCnjnTmGvZtzZj086qyimRTKaG7M617VWvZ3jUIY6ZSFnLNc4C2JJvbcntdRSeHyaSyfKU3bG0tbrBDunoX4B5huWQ/ZJJZGXOu5bYDi17PebCU8VOPyQTAAAAABCqkEzyV2tMaZdM1JLhIYd2ucvSkskiZRsogGQCAAAAAEIVkgmZmZwbm6vQ0ZJTJbYyobvnsdk8rZsHMiQTAAAAABCqk0xqV8Q07IyqF68vzTvNh/nOyDqCZAIAAAAAApIJVA2SCQAAAAAISCZQNUgmAAAAACcvkUjEKkFRFFqVvPYjQDKBqkEyAQAAADhhqVRKThhHQyuUt3FYSCZQNUgmAAAAcPzy3xJRWfpvyj5D5GBRCfI2DgvJBKoGyQQAAACOKOrz8q+jGLEtyvM0pZOJ+vV3+e/+Nplnpe+wfiEpmXQaC1CLEnQO3e2g6cf6uyJFnMabtvxDna4m9ixNRum4YjQ2NvkVrUHx22hVTdd7tMdbtoGF3MIFtox7zODkVFEJ8jYOC8kEqgbJBAAAAI4maJnbkNtkpZOJYDK75CYdS/4Lr2V7HzNJG7vZF3xvhbXxSWC4fUH9Ju6I83HHkL84mQTGKZW02LpyyUSZ7VazDclNKMYHTm2ix8nWW6Fk4nCvi+kZu81qtQUiutmxmNNBjdYZt1/Xtm21zukeIpnA2YdkAgAAAEezbRorOFSiTwu5yBEwDzuWN6IbSy7zTLB4xKBPJqszDoc3FN3wmyyzrnBmNxU3mWcT8fiuOnfMtkjTE8N20xT7Xr69kol/qMWv5hBha6JzWfewOJlwtpvimElgqNXIX2qLsYM3GVsH2R/JhY7xEJuoQDLxO9xrlEwCqwH2aHmOZxSrzenLLRFenFHnxaLLc2u8aWthxuZwIJlAjUEyAQAAgCMattin3IFwWosCJZOJacSbaylxypY+mQznnu4c0+KHqeiYiXoaGHtK6WSy4+5p1J2UpaKYoX9YRjKhADLQ/tgRcQ902bd4y0Cr0RFUBq4bt/h7rUAyWXYHdMdMfE5flP1pnfZu5JbwOW3a1PaCJ8j+9DisM4vbSCZQa5BMAAAA4P9v736c0tYS94/zt6Xjjp3uuOOOn/HO3el3uuOmQYroBRKBi/wqCIJCEQQpKvyp33OSEMJRW5tY0ur7Nc9cw0kIdG9n9jz3JPEZ3F336lU9LivEg83Eu5pL7L1/ZZe/meipurt1VnI6ib+Z1AuFxU0pjzaTj5va5n7LP9I52Ml88Q88qZkMix+2/2vt/7G1nXCXWz6806xaa2tDazh3njxDMxm1qoV0JtP6YjcS0TqO0+m06T+gnk8vNhuFxuiqUz69lC9oJnhpaCYAAOC5NC1z8Egz0XMXzkjKMFO1a+8Ax0ozMU6cDXthRN7X4TWTTt7q2IsVV5VvrJl0tf9X9k1KbrtHO4dddZby3WbST29r/0w6292Dd3LRpJ9Jun+I+TttO9N/nmYysu8zKVuyfjSLGaegWGn/OspyzUQMpv1EU1lQPyMomgkiQzMBAADPpXBgitmAFV+0hVl/2Uz2K86YbhQqi0ddefzNJLkoG+JsytVcovk499pXjh5dM7ktvfevl4haom3sLF8vfLeZDM0dbdO+q2Q+L/5Hk195YH1suodp2m5+/EAzabk33KvNZDHu8urEqNfs9YdWqS2qyEiuibjLIwXfjSaDz3nvPhMx1luw0nnxXvcgmgleAJoJAAAI5aYbT9iXV+1bZyN7RWM2NuJyJF3uGYtmUhxMk+Kw/ePJ6o3pjtVnc93JI+NW0zmbfFZvRZzNfujvNLFvn2R4mnykmWwuHqhl6688RdjXFnzNpLFpLKuM/2qu+bC2uSGfGmwtHhtcS+zKpwa/2xkv7jPxn31+09j403l41/Jz5Wcux11enXD4ns11eZxNp9OZeleunfRqOed2E+fZXMcl7654iau58NLQTAAAwGs2zu1+Vcd+On+jeC7qZwRFM0FkaCYAAABrpraK56B+RlA0E0SGZgIAALBm0+lULRbhiBOqnxEUzQSRoZkAAACs32QyUetFIOPxWJxKPXsINBNEhmYCAAAAD80EkaGZAAAAwEMzQWRoJgAAAPDQTBAZmgkAAAA8NBNEhmYCAAAAD80EkaGZAAAAwEMzQWRoJgAAAPDQTBAZmgkAAAA8NBNEhmYCAAAAD80EkaGZAAAArB+/Ax5Q0UwAAADWbDqdqg0jHHFC9TOCopkgMjQTAACANVOLxXNQPyMomgkiQzMBAABRGVcLlfHypW4cF/vLlx7d6qy8vm1p73b3rVa3aWlvdt3B2VDb2NirrRwo7LzRNv88HHbK2ts9+fqmsfdWs5pd639bmS/OIf13/7XKjo7v2yyI47fT7tfa1Da643Hxf1t7dXva08/c/0RbX3tkh0NtFc9B/Yyg1ttMBq148vhJOayq78WLQzMBAACRGZ+mql4ZuNEPPj9UTG7UZiLeN3M3/tQ0+eNr5/D/NvK1+z3hVttKdu2Dk1vyyO7hlvbmvb3rq7Zr2Rt9r3g85OvmXmZxwFj7T9HdeF+U855naiZW+dzbLlqZdMa89O0dXX05zqaF41JTvBpeNDIZ+TJXbvmPUj8jqLU2k6Zl6oapJyuT6+vHkjbsYwxTffO3DevOu/S4lWteqXt/gqO4aRR66ih+BM0EAABESDfypaHcWK6fdKqV88t++7OebYu5xeS6p2dbYoK68raFD04zcdzvCf6R2p41mO9pywWQbee9s9pefXHMPe/fbPqri/b2o/zxtbZ12JUb9z/R9fRm0rLKbdFMOmcd8WLwOSd/jEZp86TtO8hxXrYufC+bxYzv1e/bTBJ5r2gKuQO3h1x4d87Mxs1cIUAzSZbtv1nyU6wHF+Oexf3e/BJMu/GC/Vd8vWgmAAAgQo2sqR98FhvJezNP3Sg15c/ho3O/L5kd/3LH/Z5Q28t4++29oo14x+y5rea2XO+Mu63tDU3bySyOlsa53drX+cqiyrihadqGu3Ly0Ce6nt5MLtNm3lszaRTSzkYhnS6cLg9ylC13rzTsZTLHy5e/bzPJnvkHxqKBWLmT5L5prP5bD9NM5l+qycpPWja5fvRv529OVER16OejmQAAgCidlXTjeC5nnovp/qSfSFr2fzf/TjN5/1aTxcFzvydcJA/dm0nm89a+aCnvNe3D4n6FXf96y1wevOUfGeV35YLJ3N9MPrzTrFpra0NrOMs79z/R9fRmMmpVC+lMpvXlajQa1PO+ZtLwHyVcpa2ysyWv5UqnK60v/t3qZwQVZTO5quTFv/ir+bCUUi/fCtNMxtVC7lxuiNNmE2al2XYes2wYcrt+UtRT9YG9biP+Fiater3ZtlJmvVvPVeVecZgzyRXvFSONZvvok1kSb7ibTq5b3ope1jCdTxyU8wmzLg6r5PJOvxIjetxKWHLQ+4OI0zaa3Ub18/KCxl+MKCdrXjmhmQAAgEjNOjmrN6ynT2+c1/p+xd34RjMZ1/beav6LgKQHekLLKxXdg3et+Tz/x3LRRNMWd8+7Wvuby2ayra2Q5+lnkhfu3nfatlyNeeATHT/QTEb2fSbOeoh3gVYu7b/3ZPSlXshkc8vXtqvGyrKK+hlBRdlM5p2Svl+8nd8MOnWnsHoCNBP3PhNRGHJtZ0w0k+Ua23kle+b+DZJF6C/5l833KUM903K2bhtF+4rDrv8vom4U7J8db9BrJrqR9w7LxuUJZTNZDIpt+6+1bCaDW+Wv8K9mNmmcVAd36vBPQzMBAABR6/unnWK7f31dTFuLZjLX4/nJte9inK817V97efdxWuW+22hWe0Jrfzcn/1P0rvdsLucpXrPW/uLZXPv2xLNv7lrl1rjbeieOtN+/o2nulNTlrZmMtY3t4XjcsvbEkfZ1Xpnd5OJ7lDvz+p72hzP/7GuLHR1RGQaWtrnvO6GvmfRO7bvZM5Uz+6b3q7Z10hz2GlZF9pJeLVfrjS4bhfJZt2e7HI6qpfrgShw5yGfTV8sTvYxmMusu7oa/0FMrt/8EaCZx67TRbPdGy1uURAPxtie1gnOH09y53cUuxL5S4SvEZyV55HVzeXmYPNJ5fsKDzaTkHSY+ceI2E3fQaybjVkX8oeq9h++g+hVMWiUjsVjKXAuaCQAAiNximiddlItiwpYu95KLZlLKHq/MS2t7/tUM5U4Sx9DcsZy5+rD28f82NW2jPFhMVL52Nt5oG/9yntA1v73Ib26I02zsl4fOEXI1xj3Usbyaq5bYlYe+23GXa/oZ3xfZm/etdwmn1PSXozX5qOKNP1cmeL5CIT32bC7RTKo9eXuJp9AY1QvH7nb1pTybK1lZzvjnk14yVcgWl+XQntarF3d9n/8+kwV/M3lkzeTxZhJ2zURtJo67y7qRX+sVU08kakmp+2y/v/OJaCYAAODFae1vbqljvxJ/o3gu6mcEFUEzUZZHFFY84FODv9NMZl2njcztC6ucx1d/s5nM9LjTRuz3Hp3aW33ddC8V85pJym4jDqdzf6OZPHy1YvRma14tcdBMAAAA1kxtFc9B/Yyg1tpMpvIBCG7x+E7iy2W1J/luM5nP767aRnzlscXfbCbyDYl9+WUSWfk4OYe3ouc1EzGtzx7KZzgYnwrOosODzcQ9JhVBAfi+6aU6shY0EwAAgDWbTqdqsQhHnFD9jKDW2kwAP5oJAAAAPDQTRIZmAgAAAA/NBJGhmQAAAMBDM0FkaCYAAADw0EwQGZoJAAAAPDQTRIZmAgAAAA/NBJGhmQAAAMBDM0FkaCYAAADw0EwQGZoJAAAAPDQTRIZmAgAAAA/NBJGhmQAAAMBDM0FkaCYAAADw0EwQGZoJAAD4BelGyf7ZS1aHyq5npKfqA3XstaOZIDI0EwAAsE66kS9cXPfP24VMXv/k1I8HLJrJcxpUCnqykKu2G81WMlmZ/8xmsvNG6wzGtcM/d8y+f3z895/bH4vdpqW93XNG9t5qVrNr/W8r88UZuNXebHXH3Za1t5OW763taSun8NT2Mg/vCIVmgsjQTAAAwDqJZlJarILcnpXSpzfOdu6vY90wjZRbSBbNpJMsD8fVQt09an7bKFbG4uf0oloSx6cKbTk6rCeN/LhVESPWvukeOp8XD0zf7ORSP6guX9lEM+lfNuXnHi6K0Gyc/GSJkVJ36h5jdUrZY/3gs2gB0+6p2OUmVRd7K1ZBbicLi1O6tH9n3I03ew1vtJ/Z1jadzXFutyV/DrW9mjOiabv58Xxo7tRm7uEfNG1OM8HrQTMBAADr5G8m83lXzPvlz3HTSH+ejPr13HFpICfm/mYyH5+matfOG6p/maKYdPKWHj++ur4+SpiyQNjNJP6p0Gi2+yfHncXMPmFY7pZ9TKoqO42fvm8Z+3lxHuvAbDrlZ9YtVLuTy44eP2nYI7pZT1j1RmcoJjrJuDm+nfWqxdyF/Rmzrn5Qmlxfnp0Us2duk3Fob3btA/ra/ysvZ0iymWy727U9S67X1LbthRFhW9P26is9JPNvmgleE5oJAABYp9Vm4l5PZcWXCx16XHaSlWYiX7qLEqIwOMecOa9vWsnKld1MvDPc6JmWPSnpJk4uF4Pz+VnJ/7kOfb9iF6O590GerGFm7c9wvo9DTzqrLkMj3xU/Sinf1zby3rYkOonwr/2Vwflt43+be393xt3Wu7ebslf0M4slk/mepomW4rQRh9NJaCZ4LWgmAABgnVabydBpJknvEimZB5pJ2q0uYz0rL9/yHWzKA1aaiawx8oqvTqXon7iflXLnvpc2330mi2Yym6RS8roy3Wsm9lVbjoRhju/mg/pJ7lyumWRXvvZKMzn8v439cmv7H5rVXZ0gzcZb/9C0f2wNi++LN6JGFT8sLjHb1eSFXcX3y2aS/4M1E7wmNBMAALBO/mYybRQt+9KrrG/NxKE0E1EzxLvG1YJzpZZunDQXl2xJq82kfyJvC7l3zq6/YzjuNxNjcQFY8qFmUk2bd96L1TWTVbX3RXde9N7uG/cdbjkNZKzcZzLO7Xr3mbznPhO8KjQTAACwTt6zuawjS08t1gvGbf1TsTe67DTbyfyFfdhqM5FXUh3HjWNnu1eUyxqN88tGvV4Zqs1kPr+pZ0xndcWvmROfWCzIZ3O1szl5//n9ZpKOm2eX142TovFQM7nIu8sp6XJP3lYy6+vxfOfyqtdup7Kn3mFzeZ/Ju+543CkfajuZvmgarf3dnH2Xy0gMjw//8+590f1z7S+ezbVv3xFvv9d9NtemPSSaiVV2Nb7cWjuae2Rt78NyR7/xP839iHBoJogMzQQAAKyTd/lT/LDkX39wH3IVtwpn8mb3+80kIfYefF4cfnfVrMrjE/nezf1mIh/h5azGrLrLHlpGXH566m+7/9xrJtNuXexNZOul1P1mMjU+FUWrERG95eiz/J6Ngv21DdOqraxfdKwPmqZtvN2WN87P5RO3rJG9o/FRjG//4bv/5Gtn44228a/33kAn/V7eo/KPrbH9JxDNxLOdFg1ks+icyr/j35m+ueN1mzBoJogMzQQAALw0N52s79nBz6azvIc+lzTjK3exfMf+5pY69KuimSAyNBMAAPCSWHHTSFWao/sLJs8g91deN0zjU74/+Snn/xXQTBAZmgkAAAA8NBNEhmYCAAAAD80EkaGZAAAAwEMzQWRoJgAAAPDQTBAZmgkAAAA8NBNEhmYCAAAAD80EkaGZAAAAwPOrNJO/Mif9yyt1FC8azQQAAACeX6WZ6IaZNSvqKF40mgkAAAA8v0ozYc3kFaKZAAAAwBNxM+l9GeqGKVKrt9V9P8A9iZfsmXoEfkE0EwAAAHgibiYf45ZXJ/qXV5PJVD3iSW4azbZIxTou2Bu9sXoEfkE0EwAAAHiibCZOITlKn1wORgeHBeeletCPGJTzTXUMvy6aCQAAADwRNJO7u7vZbDZfNBP/dVxiXOxdHvqDlGZiGGa93S1mrOyZuxSTSBY6l9e5Q/G5efn6rFQ4KSSteqN5qsdPkslCo9munxT1rPxKuYRZabY7591Cxj4Yz41mAgDAayD+X568hqj/4n/cuptJtzcQbcTYt47ztflqOZl8nYpx8TKdLatve5qVZjLrGqbTecb6wee+Ny4HTlPO4sxZych1nbEjUWPc/z1nulEUP5LhFnDwXTQTAAAAeNbaTEbjiSgeqaO/kyl57VYiKdci5A3rZuX29k5siHGxV2zEE8fqm5/A30wmNffyMDv50lAONoonRtwdlK/PSs64UEote4i7ojJqyyOThXHwVRx8C80EAAAAnrU2k3Kl5VSCr9ObUrnpbDvNpFo7ExtiXIw0W123OfwgpZkULq4n104mt7P5fNzWPxX74uWklX5KM5nPb4fdSqGgx7ma66egmQAAAMCz1mYS/3ScOpIXSs3tcuJvJuZx1d9GwjeT+ayrp+q+nfOznNmUt7fMx/Zyij30nWbiGJS4sf6noJkAAADAs9Zmctbu6fZdJc6CiddMxEjnvC82xLjY9nb9KOUO+Lurtrx2K27lGkN73nqX3JcvLybTeub7zaRqudeDpU8uvF14RjQTAAAAeNbaTOaLW96dVKorvxDRv8s8rvp34UWimQAAAMCz7mYitDtfRPr9K3XHYlfvy2IhAy8azQQAAACeCJoJ4KCZAAAAwEMzQWRoJgAAAPDQTBAZmgkAAAA8NBNEhmYCAAAAD80EkaGZAAAAwEMzQWRoJgAAAPDQTBAZmgkAAAA8NBNEhmYCAAAAD80EkaGZAAAAPLvb29vxeDz6+cSnTCYT9eNDoJkgMjQTAACAZ6cWiJ9sOp2q3yAomgkiQzMBAAB4XpPJRK0OP5/6JYKimSAyNBMAAF6BYSll6oaaZHmoHhjIoJx/8FTaPXs1d9f4ovzu7YYY2f5jv3gx9r9rWN4XOzbe7gxn/uEVLevDzjv59v2/uys7xq1t+7Qbb7dbK2edf/xjW4xvbu9+tFre4J79pXxHPUC8ra+OfYdaGtZC/RJB0UwQGZoJAACvwFU1fRxPyohCYtgbIke1K/XAQB5rJu/++c6fjTeLZvK1JRvBP+SgXVg2fG/6KvuDfbD2r/3WV98ez6wv3/Rm490/N8XPvq/A7LyRneTjf3e3/iEO2PHG++kd8SkfPn6Up/W9hWZyH80EkaGZAADwqiQNs6mOPcraN3Wro47e81gzUYgSoA7ZWsbm9pE9+Z+1Pm5qyQt3fP+teMeW70DXrqYVvcYyymtv3rvbF0nt35nFjnnyn9rhF3d75aPFYduHzub6msl5uXy+MnDZqWXSUua4cLWyZ+nL6UnaKquj4mQVS7xRGVS/RFA0E0SGZgIAwKvycDOZ9BOfLN0wU7nTi4m7oJD7Sy6wrFz3dXfdq3824nIkW+0tDnxSMxlbu5vG8jIqv9a+20yG5s5KhajL4rB6TZakNJzly4Gl/TPpjYuSk1+8eeUtzY/aH3lncw3N5LJREA3k5CSfr9SPzcxxtWsPn6czBfeIfv1+/bjq1vLZdPG0dX/X6Oo8nS+dWDQTvDg0EwAAXpX7zWTarSZF2YhbzrVeevzYGbdyJfkyWRQbxfa1GGlkZSeJJwuplKwxxmI55SnNJLmlHa7eEuL6ktl5o2XsuX/jf7IoLHf1M6IV3GszQ03b9L/2tZex2F6spsirwrypye4bLdm293ztJHe0vbq7Zw3NpGSm05nivTWTZjpXW2yfywMU/VreKspd95pJ+8Ssds/LNBO8PDQTAABelfvNRHaMnFcaZr3isZ5te7seu5rrLCdbirP9hGYyVuqEqB2yFGjatpHvjNwpRM0uCr5j5MDinnmPeOO2//VKc/jacU6rae+Uecmfzi0t//xQHiz3rKGZVHPpdNq6UpvJqJBNF2vt3mBgZdKt/soun3vNpN/IFBqjUaPA1Vx4eWgmAAC8KveaSV83jguL+zGk8akeLzmb32gmoo38QDNpftS23Fs7Fob2bfHyFvaNt+6t6uGbybD8UZ7Q7iAZ/8O5bodi0Hka2Lv/LO9FWUMzuepUjjPpjJkpd/zDo9Hwwr7NJH1cbq/u8FObSb2QOb0c0UzwMtFMAAB4VdRmMqzrRmm1qwx1w70NQ2kmR5/kOknirxOrUC8cPXnNpHu4pWmtxx8BLG9J39yfh76a62vxvbbjax1vtfclZ3Iir+zyxsfVPe+m+TU0E9d52Tq20ulMoSGLxWg0ENtDe6tWyGT+PvUf67PaTM4rlrvyQjPBS0QzAQDgVVGbiewhT1sz6ZT0ZLW3OKqeeWoz2RWTf+/xWQ+rucsgF8l3vlveuwfyAqzlUQurg7fey8y/3ftVXP2M+6gub2PBe8s6m4noFLJPpC3xqlc9ltdkLdx/0NbCSjORD+Ra5b9ATP0SQdFMEBmaCQAAr8q9ZmLfZ7JcGLl3n4npbs/PSnqqPlgcd2Q/ocvZ/nYzEXP/x57K5Wp+dNZMnOWV7z41+P2bh58abO1oH31/ttvSe+19UW4NLG3z43KHr8w81kw6neUf5+FmctP3H6Pw9YXRwFkZsZvJiXM3vBj8nAvQTEp/FwpucuJMYqPnO1T9EkHRTBAZmgkAAK/K/WYyH5yuPpvL8vY4vzk+mSnF86IuTOVew8zmiuKf9ar8p3uCx5tJP70t6oHy+xLloKY5v35RVgNtw3eA7zctvt2rLXaI44o3i0Me/U2L8r0b73Y+fnzv/IZ477R77+TxHz9+fPcP+Vb3OV1uM9nw/zrIxtxeY9E078+zvfiqbv4jL3WTfwDfMQpfXxjVSrljU/7mkkzWalw4NUW4EiMn1bpwnE0fV+zFjwv5a0r8jUW9mmuJq7nwEtFMAADAr0976LKuX5bSGaR7z+Z6duqXCIpmgsjQTAAAwC+vv3o51q9uPB6rveHnU79EUDQTRIZmAgAA8Lxub2/V3vDzqV8iKJoJIkMzAQAAeHainKxn5UR8ymQyUT8+BJoJIkMzAQAAgIdmgsjQTAAAAOCJvpncTad36hheBZoJAAAAPBE3k+KhmcgUE3Gz2J2q+/DS0UwAAADgia6ZzCa6YV4s+sjFSUE//LxyAF46mgkAAAA8ETWTyUUuZR6Ve/6xo4SZ6zzn3f34xdFMAAAA4ImgmTRzx/HMaf+hm0v61aJ+UGqOZuqO7xrU9U8Fq9xqVD8bB1V1L75pelZRh9aCZgIAAABPBM1kMr3TjVJTHZaaljm4m05uf7iZlFLmQB2b66m6OoRH5A5Mdejno5kAAADAE0EzEb7VTNSxJ6lnzI6/zlxfWClLN0wRZ2DaPTXipp7ITxaH6fsVuURjmKnatXjZLBTEdjLXvnpoMeflm3bjha46+JPRTAAAAOCJuJk0mm03neE8RDOZz2eJuOwhuXp/MTL01kysfVPPtJxtY9FVxMHNxf3341qhOLArS6fiHfDqTLtrXjmhmQAAAMATcTMR9SCePBZxWkSIZjKf31336p9lOek4hWPZTETZyJ65ayWllOncZe8tpwjVv9xBUU2yr7aZzGeTxkl1sL41I5oJAAAAPJE3k5I7Er6ZLMTdarFsJrqRL8klGUl8RGcx6A7N57l9c3J97cUbf01mRqJYWu9vlaGZAAAAwPMCm4luWPbPG6+Z5BKm/pd7Y4vvaq5lMxnXCtmztU7KfzGylqhjPx/NBAAAYM2m0+noWYkTqp8R1AtpJtm4VarL+1UKmbyRbTuDoqL0ry9v5VNxS/G4WWl26+UT/0LK8v2zoW6Y9Wa7Xq4eHTrF5hWZtE7WvFrioJkAAACsmVosnoP6GUFF1Uzk3eoPJlgzwe+IZgIAAB5UOTK9hxqtybCeXExHs2Xn2v8fs62tECPdv/d3tzfF9vu0+yim+fx25+2GtrE1VH5HxmzcONwVR36wFh89G2/9Q9PebLTG7sC4lREHbPzrvfu6n9mruZur+tojOxxqq3gO6mcEFU0zAeY0EwAA8Ag9VTFyP/H3Gdw2iupvsLCbibs97emJkvcQ1x93q+3Ka3BuF9OTsbWbFwXjpvz+jWwswpa2uTjYeam9L34VG1+L7y0xzx/nd+1uIyw2xtp/nGvvx+JQeeJnaiZW+dzbzpmZdDrTGfp2j0ZXX05PrPTK0OgynS74X6ufERTNBJGhmQAAgAfMuomTSz1+0rhxXneszjyVlKsZpe502q3LlY39Y7c4THvyd9YZZqrgXc/v/d68TrIsH4I0KOcHE3mYcVAodCbz+bV7tU6qvrxax99M5nOxLb7D3HfrgXc28YkVS/4evJy3nKEYWe9LqzOT2l6mP5/X9zRt2xk43HaLh0N7s1dzVlFmtd3cWLSO7UUz2XM3ln1D27Hk93iOZlI8FlUkbR2fyBfdauFz72pwns7XB8tDro4zmXzueDkgekmjYNFM8MLQTAAAwH2NrLyUq/qXqR+d2gMd/aDq7LL2zaZbV8a6KauIHl88xWdQT5/KfQ82k1TVbhGzTjYu64cY+daayXx+ljOdTnK/mej7J85ySidnPXDJmW9hZDEy3LRXSLoH77TtQ2estb/pe++t9l+vS4ydXvG1tvfugzUs7+0srmvbe6tZF+O9f2l9p8M8QzNplDu+NZNmsXklf6aPqz3fQcJ52fK2K1Y69/mSZoKXhmYCAADu042C/HHTOnKrwmKxwv7FdMvD5GONlrsWIw83k8XI0DnDd5tJ03qsmXT8N0h7v5fC81G0kH3vrpL57WQ87DS2N2Sd+KFmMix+2P6vtf/H1nai4ez48E6zaq2tDa3hLNU8QzMZtaqFdCbT+mI3EtE6jtPptOk/wOE1k6tO+fRSbtBM8NLQTAAAwD19/9S/I9cHImgm4jA9JVds7jeTRLHn/RK8W+VG9vlc03bljSKKL4e7uXE/va1pe85AbU/zlxrt3/JqL1tf+19jfpH0bkTZcVZgZt1Np2/cdrWtQ3kLznM0E8H6u5JO2xdr9RvW3/V2rXhcOXebyoLXTIpZd4NmgpeGZgIAABSNrNNGbLOuLn8bxDeaie9qri/VxdVcxbp9tdW0UfxWM1FKhb+ZjFp6onRmXzYmzuaMeWfT4/nS4F4jsd2W3vvWS3wukvLukVnr46Z7oZdyB/zu6h3wQ3NH2/zo7Cr+R5NrJAPr4+LPIMqPvJ/+XjNpDZzpkNpMFuOuZZ/oNXv9oVVqW2lLvGoU3NvcC+lMsbk8auRrJr0FK50X7/UO8J8/DJoJIkMzAQAAisUVXC77yq5vNRMxUmxfTq6vjhKm0xdScdNIf55cXyY+HT/WTObdarLYvRqOlxMIu5lMrq8bzVPdMKuL7iHOdnZ53amWvLMVDkxRTjqXV/VySfl1F9au3SJc/feHVrneGQ862xuaU7fGud0/D8ud8qH2h/OL9cba5v7cvrhLe7PVHXe3nBWSUX73jVbsDMfdluZ2mLG2sT0cj1vW3uZeTZaYfmY3WV7oiOrinEo2k8WOzkhWmsW4y6sTo96pvP89namcySu0utXj2vlgNOyls/KGk14tV1vcbuK/z8TBmgleGpoJAAB41S6S9oVZa+VvFKPVpwYHpn5GUDQTRIZmAgAAsGZqq3gO6mcERTNBZGgmAAAAa6a2iuegfkZQNBNEhmYCAACwfpPJRO0WgYzHY3Eq9ewh0EwQGZoJAAAAPDQTRIZmAgAAAA/NBJGhmQAAAMBDM0FkaCYAAADw0EwQGZoJAAAAPDQTRIZmAgAAAA/NBJGhmQAAAMBDM0FkaCYAAADw0EwQGZoJAAAAPDQTRIZmAgAAAA/NBJGhmQAAAMBDM0FkaCYAAADw0EwQGZoJAAAAPDQTRIZmAgAAAA/NBJGhmQAAAMBDM0FkaCYAAADw0EwQGZoJAAAAPDQTRIZmAgAAAA/NBJGhmQAAAMAjm8lNRM1EN0x/SuWmegRetGdsJlOaCQAAwG/ObiZyand/vveUxNTzPc3X6U3q6G/RRk6bF+LlYDjOFz6Ll2JcPRQvF80EAAAAnq/2pVzrbiaihNTqbXXUHleH8HI9VzO5kX+Db29u79QPAAAAwO8jzE0mN8GaSfKwcDkYqaM2MS723gaYYg7q+qeCVW41qp+Ng6q6F980PauoQ2vxrM1ELpvc3c3UzwAAAMDvwFkwuT/Ne3pi6imfwFkYGQxGWbPiDdbqbWcVRezt9Qbe+BPVM2Zzqg7+PONqQR36rU278UJXHfz5nrmZ3NyKv9CzGeUEAADgdyLmbze38r8yR9NMnLtK/NduiZbijWfMsu/wJxHNpKPOSDu61XG2soaZLA/tDatfL8mPjlsXTpM5K+n7lbpVEIPZas97c8UeSWTrFxPnvJ3c+fzu8lQMTvryn8r3/+1FUU5Go9FzNZMbt5zYf6ensqIQQgghhJBfP87kLcwjubzE1MnmE1SqZ04Pud9M7o8/2SwRl2/M1fuLkQebybLAGM6nnMmi4r4hb1XG9kbOqju9ZdbNJUxnTDes7Jm7LpMN8g1/edNu7iCyP1f4ZuLFrSiEEEIIIeR3yP3pXLDE1Anm07TOeg82k/vjP+DuuleXSy65jtMfHm4m3uGFpDmZO83Ecoe+VFO1a/Ezt788bFDOV+VYR8+2vcc/vcxmMp9NGifVwY/f5PMcnrGZEEIIIYSQV5iYOsF8stvbO+XxXJ1zudwRvJksxN23f6eZNE1T3s4im0neHZq1ncNS/i9wVsqdix8dZ5fjJTaTmZEolrprvFlnFc2EEEIIIYSESUydYIYWvpkc3WsmyYeaiW/NZDH4zTWTl91MJq1ShLVkTjMhhBBCCCHhElMnmD+o92UoisHhX0VvRLyMJ459hzxJNm6V6u1Gs13I5I2suxQjTtVodyu5fDy+bCb6wUnnvFsvn+iJijxINpPjhFnvnLeWFWXa0ROFTq+fPjD1uLOistJMGlnTqvevRt49Lb+3Sesk2loyp5kQQgghhJBwiakTzB/k3fLuz1l7+Yys5/XAWof/ai5Eh2ZCCCGEEELCJKZOMH9Qrd72dxIjcdy/vFIPej40k18WzYQQQgghhIRJTJ1g/tpoJr8smgkhhBBCCAmTmDrBBAKhmRBCCCGEkDCJqRNMIBCaCSGEEEIICZOYOsEEAqGZEEIIIYSQMImpE0wgEJoJIYQQQggJk5g6wQQCoZkQQgghhJAwiakTTCAQmgkhhBBCCAmTmDrBBAKhmRBCCCGEkDCJqRNMIBCaCSGEEEIICZOYOsEEAqGZEEIIIYSQMImpE0wgEJoJIYQQQggJk5g6wQQCoZkQQgghhJAwiakTTCAQmgkhhBBCCAmTmDrBBAKhmRBCCCGEkDCJqRNMIBCaCSGEEEIICZOYOsEEAqGZEEIIIYSQMImpE0wgEJoJIYQQQggJk5g6wQQCoZkQQgghhJAwiakTTCAQmgkhhBBCCAmTmDrBBAKhmRBCCCGEkDCJqRNMIBCaCSGEEEIICZOYOsEEAqGZEEIIIYSQMImpE0wgEJoJIYQQQggJk5g6wQQCoZkQQgghhJAwiakTTCAQmgkhhBBCCAmTmDrBBAKhmRBCCCGEkDCJqRNMIBCaCSGEEEIICZOYOsEEAqGZEEIIIYSQMImpE0wgEJoJIYQQQggJk5g6wQQCoZkQQgghhJAwiakTzFBmibiZPr1Rh/EK0EwIIYQQQkiYxNQJZlBnJ0U9bt3NO8nyUN33FMO6bpip6tg/ljDM7Jl/4FG6UVKHHpdLmBN1DGHRTAghhBBCSJjE1AnmD7vrtU9zfx2LXnExmc1DNBNj39SPTv1jevynNJNiyrxVx35v07OKOrR2NBNCCCGEEBImMXWC+X1dUUJ8KVxN/JdvdeLW6cVo5ht5mmE922in46Y3cHt6UunUn6uZdPLWQB17UXIHy//pIkEzIYQQQgghYRJTJ5jf11ltJkolsPcmqquDTzC0S8h5xerYrWZ8mjLM+VnJaSaipRipUm90lf5kNu0eNCjnS5ZVqLY71/Kl8zWyCbN/Z59t2tE/FTvnF/G4aVid+eymkDIvrq8n1/LoUsqZxA/FhhHPN5pt68As9u2xWVdPVcRh/WbJsFr20G9DlJN4oauOrgvNhBBCCCGEhElMnWB+309bM5El5FIXRUIUk2pB3694zWSpU7H3y2aip+resGwmk7aechtRJ281p3JDnsc4ntttxFsz8TeT4sD+qtNW3K4mt42iW1HktWTfWYf55Uy7Ea6c0EwIIYQQQkiYxNQJ5tOIOb3TTK7u7nrNuvUc95k4JUQulch7349lQ/CayaRXKRSNuPxEZ0Q0k+byzaKZyC/gvUytdCc5/lgzWYwNnUY0qRVKi68vq9FvZdIqGYmiOrouNBNCCCGEEBImMXWC+TTZxYKJN+I8m2sauplUjszxfKYffJZLF4tmkhCdJFW5ur6e9DRqNPoAAAWdSURBVD4/0kzMi3K+5CyA2M1kYl+75WT+5GYyv7nQU9W72c34vJqsBPqDRGYmakmpay8VRYFmQgghhBBCwiSmTjCfprhYM1kdDvH7TBbNZH7TTqSOK87Tg91mcqWn6k6v6OStR5qJvPIqvW86E3NxmNdSHPXM05rJ/MYw24vB34isJerYetFMCCGEEEJImMTUCeYTnVcMu5k05RVcz8FrJvO54RWexZrJWbEQj5t63Lq663+jmYgJum4cF77Ir9QoFMTXMz7lUwX7RvbZ2LkY7Oo7zWTmXQNmHFYWe39500t1ZO1oJoQQQgghJExi6gTzqXq5hD2DP/is7vmdDWrFbLnVaLZFUp9M5zlheAqaCSGEEEIICZOYOsF83ZwHeTkGpXw90IVprxPNhBBCCCGEhElMnWC+cpNefN9eC9q3KhcTdS8eRzMhhBBCCCFhElMnmEAgNBNCCCGEEBImMXWCCQRCMyGEEEIIIWESUyeYQCA0E0IIIYQQEiYxdYIJBEIzIYQQQgghYRJTJ5hAIDQTQgghhBASJjF1ggkEQjMhhBBCCCFhElMnmEAgNBNCCCGEEBImMXWCCQRCMyGEEEIIIWESUyeYQCA0E0IIIYQQEiYxdYIJBEIzIYQQQgghYRJTJ5hAIDQTQgghhBASJjF1ggkEQjMhhBBCCCFhElMnmEAgNBNCCCGEEBImMXWCCQRCMyGEEEIIIWESUyeYQCA0E0IIIYQQEiYxdYIJBEIzIYQQQgghYRJTJ5hAIDQTQgghhBASJjF1ggkEQjMhhBBCCCFhElMnmEAgNBNCCCGEEBImMXWCCQRCMyGEEEIIIWESUyeYQCA0E0IIIYQQEiYxdYIJBEIzIYQQQgghYRJTJ5hAIDQTQgghhBASJjF1ggkEQjMhhBBCCCFhElMnmEAgNBNCCCGEEBImMXWCCQRCMyGEEEIIIWESUyeYQCA0E0IIIYQQEiYxdYIJBEIzIYQQQgghYRJTJ5hAIDQTQgghhBASJjF1gvkEg3JeN0wnpYE7mIi7I8nycOVovA40E0IIIYQQEiYxdYL5BMtmEre8welZiWbymtFMCCGEEEJImMTUCeYT+NZMls1k0nqOZtL/7D8nfiM0E0IIIYQQEiYxdYL5BFeVvHU2nc9nhltOZk4tybYm07NSsnKlvuGJZl1r35zUCo0bdQ9+fTQTQgghhBASJjF1gvkUM7c6OIUknTtZVBTpdrY88Ifcnp7oRmF+007Vrt2hs1JnfpfYN92R2Vhs6/vW1Z27v1//bNj3t6SKF+4QIkIzIYQQQgghYRJTJ5g/qH/iXtm1KAvBpUTJOZWdxzCO3aGzkp4oeQfoRt7ZMBZHeipHZtCVGjwPmgkhhBBCCAmTmDrBfIqfsmZyubh3RabjnOSsVFretNL1H6BbHTF01fwcT7gji4eEIRo0E0IIIYQQEiYxdYL5BD/lPpNOJVttN5p2qifZM7uaKM1EfMD1tZvp3Xw+1uNW51K+rJs0k4jRTAghhBBCSJjE1AnmE/yMZ3Ol46b/pW4UKmOlmczVx3Z1SumWu0CTitNMIkYzIYQQQgghYRJTJ5hP4DWT1RIye2jwqeS97z4pw0xVx0ozKR2aCaveaLaPDi3rbD6/6eiJ4mTUP6tWEgcWzSRaNBNCCCGEEBImMXWC+QT8DnjcRzMhhBBCCCFhElMnmEAgNBNCCCGEEBImMXWCCQRCMyGEEEIIIWESUyeYQCA0E0IIIYQQEiYxdYIJBEIzIYQQQgghYRJTJ5hAIDQTQgghhBASJjF1ggkEQjMhhBBCCCFhElMnmEAgNBNCCCGEEBImMXWCCQRCMyGEEEIIIWESUyeYQCA0E0IIIYQQEiYxdYIJBEIzIYQQQgghYRJTJ5hAIDQTQgghhBASJjF1ggkEQjMhhBBCCCFh8v8Bv/8y2kT8EhMAAAAASUVORK5CYII=" alt="Screenshot" width="100%" ></p>
<p><img src="data:image/png;base64,iVBORw0KGgoAAAANSUhEUgAABDMAAAIGCAIAAADGMlPIAACAAElEQVR4Xuzdi3cb2X0neP0tiXfGm8fG7na325DVTYGi+JIoUaKaepESRYEAKT4BAiQhEA8SIECCAIln4UEQ5VectuNsnMyeJB7v+sSTXefszPrkzDqTzdnYm0lsJ/Ejjt1tt+PY7v3duoVC4YKkQBIkSOD7Ob+Wqm4VqgA0hVtf3qrChV/Jfr2lSpI/mZM/UfjYx3fljxXlj8lQJ0kpLzYBAAAAANSGDiYvVB+7N3G9lv8akskJQTIBAAAAgCNjyURsO7Yiq48V5I/lix/Lyp+Q5E+lip9Kyp+Oy5/eLv4O1VbxrWjxrUjxrc3iZ8K7b4WLnw0XP7PB6rNU6+X63QNLXY0/ih5OG9lUNkXbjBQ/E5Xfiu6y3cVYfTpR/O2U/Ntp+VNZ+ZN5+RO7MiUT9lShXpBMAAAAAODITiaZFNkRf6EoF+SP54ofpyQgFT9JkYCCQbL425QQ4sXfpqgQU1LKdpHFla3i71CKiNKfSmihUBFRosvBxbIHX7/IQggFnm35rW1lyzyNxJVAQqGI9kvpiDJSRv4kPaUd+eMFNmCCZFJPSCYAAAAAcGQnkkxkXTjZlVkMyBdZRGEppfiJrEz1yUzxkxklsbCSP8X/TFOAYfUpVnJtxVZmj9I2om6z+AnaBe2I7a74iZzMKq88GcokhSI7j6uIXFJXSCYAAAAAcGQnlUxk7ZwuZeSEhQE1onyMUkqehYRPsKzCYoMSWpTkoMwqxdKLmmH2qdIKfP1S9lDCDyslh/BiuYgFko+xp0FJiWIJzuM6CUgmAAAAAHBkJ5hM5NLISalYHthlfypxhRUbu2ClXJSiBBi1lItAair9o0rbKW1W2Qvfo7Jr9hzUJ4NccgKQTAAAAADgyE42mQhYUBGqnFvqXVX7gpOGZAIAAAAAR3aqyaRG1aHihQVnAZIJAAAAABzZWUwmcE4hmQAAAADAkSGZQN0gmUAryBTkZL6YqEfRpgAAAECDZAJ1g2QCTU/akasDxnGKNggAAADcEZNJoSgncsVNaXczrZSkVVGsDKtIppjbFTcCTQbJBJrYbrHOmURfu7hYDgAA4GjJJF+QPziReonqmVKT6ZemSjUtvTTD6uXp5A13rt+de3ku/ZI185I1+5It60kgnTQzJBNoVux3MVVxou4l7hUAAKDFHCWZTARyByeTD00ne59LUkHO7xY7FlJaMnlpPituq07uPXh4ve8mlbigrvguTnov5xeSCTSl3WLdLiw5uDByAgAALe4oyeSD48kDkskr0wlvYjdburJTKhT1yeSErvi83N7xwZdfoRIX1BXfxUnv5fw6fjJxLLr15Yvx5rjQflIB9xj8ltvdloDYeijF9J2+2909b94YMIuLXiA56EiKbVA/1RHi5ErcNwAAQCupfzK55c5QLNG+YyRbmUxO6GoTJJOz4PjJxGS2WyYX1Jqwz6/z5rDJ4ii1O8wWe6LyUdW6e27vUcdMDgc6VDLZmHxTbJJl1/Bt28pmJrkZdG+Iy2j7Y2/u/0+nnEwOXE1l6ad3Y6KiKbPRr4Si6ZVkxcN3k37H5LVrt7uv313aqMiDu8mA49kTelev9T/YyOiXyJmI1zb6mL3hfeKj6HFPHt5lG7z2pm1FSFN7Lxqs/v/YczteWiq0V/wfKGaH7t5l7VVPXo9WEJsqnc55XFoVkE0AAKCF1TmZ3HJLWV3XuluUZyMFfTLJv/C46UiQTM6CeiSTpfLMurucTBzhUmvSPf3iZCLaCXaPevd7csV6WDXf6jL7xda9SEsjXQOPRjw5ob3rxpTQordqulMQ2zSJN+0JPnXgakzOM7YWXXize1zX5Osz+9Tp7YV7vbfU6d1tsy+hbS3pGevrLi3aXtAtKS6PDi6XXs2q+aG0qy0pSqvjI17tlea6bur2m/T0Ta3XsEjU1T1Snr67oFuil+i6Z9dmcmHbQ2dKt1SxG50ZuEX/48T2SvHc7imX+AwAoPWIHRVAy6hnMulypFK6oz/6l7W0VdBfAY9k0tzObDK5sf/vxfU9wa6icCS+sf6usRWxdS/Xu+/NRdifQnvXoENoqVnsznxMbNvTTvT6ZLCw7bjTbSk1BSf7+vWrFHaCt+c2K1pKUkuPfWIblz7gtdPr2uJT24757cpF3Q/Ulr0WVcxrgpP0CjT77nfFIjzVrvJLVl3vfexMsv9xQrtgO7NTrxqZS722nK1uF0p8BgDQAngHpO+SxO4KoDXUM5kM+vL6y0gKu3LXQkKJJUgmLeGMJhNlwETfsOKY5Of59D+c0DJJgR3mrhZSwZ6e/s6u/qn1nXw+P2Ddoj8t9+50dt10p/KcfeZpT9fNzt477q2s2pTPe003O00+bXaw5/agfVOb1eu8v5DI52du3Sw3hRd6em7SLqj4NmhreWW/yo6eai2aNcc4W9R1c/DxbD6/xZ9n9WqCiHUoksvnV8Y7u8xq06Z1oEt8SOfgvNCi8pq9YpNK/9oFnW/OR/jU1vyztcpFXU+d0r6LKuZL3CM3E+W5rb7pcHlOb2V8Ubce6eyfrZhP+5540/S3fVB8+XqZXD6azu1Zs/bEv3/GyriUCqTEpXvW45nEh11SdbtQtFMAaBE7JfqIgnACrayuyWRlZztXcYXJJSuSSQupRzJZCAQ31HruLCeTWV+pfW1+8nDJZL8BE/6539U7xjsD6hiuvjk26o5LJel0+srQ6KNr99MVktqUz3zrys0pPu0a6bsyssynR671xbSVKkWtD51xPmV7uFSx1pXbs9o0bU3YL7Vo03MDfS7dQwe67tyaCfNp/WqilG9gJsQmlkevdIzytvWZQW1ac6VjUGhRROYG99l41PbUK7ZxrpFbTv1T7ezbTKnTHvOdilex/yK9K71m3dzyw8V91kunezpuacvm7t9aL22cu3JNfdUzt/d5UYpoPL0RS+1ZU3NRPuFcjP4Plq3qFapraDL6ymK8ul2oKP8JAYAWoPU4mUwml8tpEUXLJ2LXBXAgk9kdFNsOkg37TGa7a6uicXbc4QhXfg1w0s8Pycwza4c6BjuCOiSTi1PbHXNbH5mKvTYTn9ssJvPlcCLtFC/ZeDjZN5k8HBrmh/trwaB26E9lMlvoX6a22pWOTv1Squ7ea9rS6mTy0ode5S0fff2NWCz24Y9c5LPX+m68/MqHtY20X7mqPYTMWW3CXh6PPNGWao18lj4y9GviE+T4yaTuNqbvuvd6UvwTn37A5gf78/k89QfUMVy5MhCPx7e3t7e2tqLRaCQSaWu/b12P7M/+4HI3n5p/0N32wE4Tlhvd3s2KlfQ6Ll/Tptsu39ItibT1jWvTtDVhv9SiTbfdmtQtiUR849csK3xSv5qgo/1Ndco+1HZ5iE8uDHXr98tdK70ovSe93R3KC6zWe/l6xTw9n8vdbVRdA6Gqt2Jp5CZbdPl6WFxy0CJu7dmbMyHd/KZ/xDK7xniWZsbpsauVu5t48xrbYMfNilbl/1F5um+PF6tZCW369qmxiTVlImx8svaadZ03Di6uu9bCQ+NrVmXWPrf2qyNriysbo0tshUHT2kuz675A6NVZdf09a6X6XQOAJkV9DfU41O9Q75NMJqknov6IeiWEEziawyYTk3lZbNpTKZmcguMmk1eexefChZV4YWY99+p06k1fLpCSd3bL4cQczNWYTF59zSCkgt5rfXydMbNFWMRrcmqaryAkk4XFJW0diiXUoiWT6r1MTc/wR1FoERbxCoXU/xtaC5+9dfuO1tJ/a+9fzLeUM5hM9hww4Z/1hD76bYP9mUyGOoNEImHsGKFOIhwOb2xshBSvXzO5gweYvfv6VT41c/fq63dng8FVekjlOnqrr3c+0WZut6mP5V7vLT+Qtibsl1pKk84rj5f0i4JBa/foMp/SrVZpdfrOzKo6PXvv9dfv8cnno336/XKvl16UzurrV+5pG6iwOtvOXriO32mdZsZG7r1++br+QasOU1vX4Misc3SwnyZ0Sw5apBnpqn5iZd65ofZ7Vm3WPfOgrfeBe2Fy6MZ1mtCtSG/1qDY92nvQNl2ra/vVkzHvrwyx6rP5l4SlSyu3n7OJrmHvq9N+rf32iPcDk376c6Fqa0KJzwMAmhHvaKjHoX6Heh/KJ9QT8fETPnii9VZiNwawj8MnE7fYtKdzlEzGQ4WdUthYSxZenUndUcJJIi/zf0nCXYMPSCbK8f3AU9OYPhXQCn5/QN8i1PoGu8WqPplooyVUW1vqAJWWTKg+cvHSyJNR/UaEp1FdfPRGP6uPJX03+rWX08rOWjLZe8Ak5e2+fvfek1n/RiyRSI7f6ovH49QlUCfxuT/44i9+8Yv3AAAAThf1Pn/+539OPRH1R9QrpdPpXC6nhROxI4Nms5vNZKikdbc1xA5cphf9ga3Ult89sczukz9pXlr0uBd9G1uSHHTYTXb/hMMfCCdlWXJ4NrbSGf/igkv5Cjg1mST8lkXtAl2dsM+7GY9trJrmN+TdPO3RZF6mP2kJbdY97fAHNwpsd+rXNkxa7OvxTGDZZZ5w8BbTtF9/NldqxTXhjOoayO7ksvptdEdz3GQyHS5KulPR1lKFV2dZOJndLG5n5UxBXtjarTGZ2ObtWqN20B9PJPQJoXqFl1/5MM0aS8lEX5ubEW19LZlQbuEt9I9fv1lt+tXXDNqjunuu8UbKIfp19LWzU3kqXgs7fjKp43Um0/23u4f3+E1A9zUzv96d/sdJkjR27dr6+vra2tr3vvc9saMAAAA4RdQTUX9EvRKFE+qh+MgJP61L7MygCRVN4+K5VZQEZCUqTHrUb/piycRSfXiT5CuwZJJYM82sicsraUMl2gRtNlj6KVOTSXFjwl36erFt357JhNmNmxfVcBJzL5mmvBVLD++4yeSBbyeSYd9bwhWK8sCy9FFb8pY39zxWDKTk255sjckkFtO+P02XTOJxbfqNy+3aCoaPvq61y7oxE61eM3xUW1nWJZOrXd1ao34L2vRT05i2gjZc89HX39Cvo5X+WheoRzKp2725uq89cUliI+m+t8iTSS6XS6VSt4091A34fD6xfwAAADh11B9Rr7S1tUU9FB82QTJpFZve+XX1OMrtcFqeOUxmu5ZMtJOpWDJRGhW78zMLlnG7qRRdTGaHecK+GN3nByYbm5hUNrtXMtEOrtTd6c/gKk3vkUxk2TVtV47udymWrGf32XXNjptMXp6IPw3sbmVl7cvdKZz0OdMvzaRfmYm/MvPie3M9eKgmk3S6fCCpHfrHdMmk97p62QmhgKG1y3slE/3QB9EuL9FvRL8FbXp2zqqtQGGJN/KRGWEXVF09vdrKcHaSyeyd25XfS17W1X2fD5hkMpnw0siVjk632724uCh2DgAAAKeO+iPqlfiwif6CE7Ezg+ayvugwTaghwTdn1w6ID04m02btbKNIecxElp1T9uoDsvCSwzTu5dM1JZPixqQ3pTYlDkomshJOjj9awh03mVC1zUn+pKz/jsXZcN4wG39pNvPSHI8l9Ukmr3z4I9oK+vtrybpkor+eJBgMaevXnkxu9N/SVpiemeWNdPyqX0dfuVxOW7/FnZ1k0t1zd2UPm/Thvnjv1ui8dyOWWn1uN3YMTty+6nQ65+fnxc4BAADg1FF/RL1SMBjc3t4WLoUXuzpoImazozxgMm1Xvx2wGD04mUxqySTs1ScTChLTK+J5I+yBkz5lUqopmcgZbUcJz9LByUTejR9/tISrQzJ5+VlyLVXM6b5j0ZcoXLFt1yuZPHo8os1+5OKl5WW3/v5a4xPPZN11JjT9kYsf1ZZq4eSFyeSjr7dpsx1Xu5aczv5bA1rLZoRdsqJfX39/4StXWW6Bs5NM9sM/3OlTPp/Pp9PpaDRKeYW6gampKbFzAAAAOHXUH1GvRH0T9VDUT/E7CCOZNLl1t3KGlVJ0wFOUzBY27QimDk4mcnqDPyqQ2q1IJsogRkL8kclHPC5a2erZmqwpmcj5qJ/Wn5j3R/KxFyST+jl2MplIumOFXd0/mGxBvv48/dJMql7JRNblCqEMH32dry/cNXhre1tbxx8I6LewXzLRzwp146Y6iiKsP293aC0IJ3I9kkn58nelttSfiIzQrkvBh1NUvsNkZ2cnl8slk8lwOOzxeGZnZy0Wi9g5AAAAnDrqj6hXor6Jeijqp/jXL+JSE2gdx00ml22p1E75Xwv9w1lJ7L7MYolUx2QSi8WEtMArlVJPgKv+psWLl97gLR969bWV1dVakonLtfyRi5eEXbz8yoe1L3wU1pcr71CcUW671sqOn0xOmj6ZJBKJjY2N5eXlqakpk8kkdg4AAACnjvoj6pWob6IeivopJBM4soRnqTwUU74i5aw7bjKZjxa17zPZpViS3H15OvXSjFR7MjkUfyDwbHJqbe1QXyNzaF6fb2p6xvncJS6AA52jZJLNZukTPxQKOZ3OZ8+ejY6Oip0DAADAqaP+iHol6puoh6J+inorJBNoKcdNJqbg7na2SJmksCv74rsvT6VZLNk/mWi38ILmc16SST6fp8/6eDzOk8n4+PjIyIjYOQAAAJw66o+oV+LJhPop6q2oz0IygdZxlGTy6rOUlkzemJeW4+xLFaNZ+fZz6aVpJZYgmbSkc5RMMpkMTyZLS0vUBzx69EjsHAAAAE4d9UfUK1HfxJMJ9VZIJtBSjpJMsgVZf2+uV2bShjnpQ9Ppl6bSByeT2ciRL12Gc+DcJZNgMEif/haLBckEAADOAuqPqFeivol6KCQTaEFHSSaycklJRNrdTJdK0qooVkatY15hAmffeUwmi4uLSCYAAHBG8GRCfROSCbSmIyYTgGpIJgAAAMeBZAItDskE6gbJBAAA4DiQTKDFIZlA3SCZ6H35y1/+xCc+Iba+997169f/6q/+SmwFAABAMoGWh2QCddNSyeSb3/ym0WgMBALigpLak8mPf/zje/fu8emhoaHvfve7+qUAAHCO/OIXvxCbDgPJBFockgnUTUslk+np6bfeequ9vV1cUHKEZPLDH/6QJpBMAADOI8ok9Mnv8Xjeffdd3vL5z3+eZn/2s59VrngQJBNocUgmUDctlUx6e3u/9a1vDQ4O/vSnP9UaaXpgYKCzs/Mb3/iGPpl4vd6enp6bN2++8847BySTa9euGUv4Ilqfb/Av/uIveAtt85vf/ObExASFouHh4V/+8pdf/OIXafrKlStf/epXtW0CAMApowTCowj/8P/Xf/1Xj0ILKrVAMoEWh2QCddM6yeR73/ue2Wymia985Ss7OztaOyUKHlQ+/vGPU1rgndP09DSFB4oQND07O3tAMuET2pjJ8vIyZRL+wKGhoa9//evvKcmEGvkKX/va165evfqXf/mXfJam/+3f/o1PAwBAQ3zuc5+jNOLz+Y4QS95DMoGWh2QCddM6ycThcGjpQjuhixICtWvr0C54MtEGQMiPfvSj2pMJPfBLX/oSn/7yl7/s9/vfU5LJpz/9afWRur2/p0QgnAkGANBw6XSax5If/vCH4rIXQTKBFodkAnXTOsnk5s2b2klc3d3dfKSCwsPW1pa2DuUHnkyuXr2qNb777ruHSiZ6WjKhHWmPpa1p00gmAAANp53ERd566y1x8YsgmUCLQzKBummRZPL22293dnbeLenv7//sZz/7XlUy+eM//uPqZEIZ5lDJRB9COCQTAIAz62c/+5k2WsJP66I/xZUOhGQCLQ7JBOqmRZJJIBD4yle+os3+9Kc/7e3tpYkf/OAHg4ODWuP8/LyWTLTLP/7mb/6m9mRCm6Xnpl/zPSQTAICz6pe//OWf/dmfearuzfXzn/+8csWDIJlAi0MygbppkWRC8ePtt9/Wt7S3t/Pr1I2lK+C/+MUvdnZ28mQyPj6uXQEfCoUOSCYUYCjGaLFneXmZNviTn/zkPaXDe+edd95DMgEAONs+85nPaNM/+9nP/uAP/kC38MWQTKDFIZlA3bRCMqHgcfPmTaExGo1+4QtfoAlKEdpdg4l212DKGD09PX19fQffNZj8yZ/8CSUf7e5btLuRkRHKJ0+ePOERBckEAKCJIZlAi2PJhP5DoVqhEulcPJXdiqcj28ngemTZszpjtT9+8vTuvYdi5wAAAHDqqD+iXon6JuqhqJ+i3or6LOq5qP+q7tRQqKasC2JaAahZOp0OltAP087O7lmufL6Qy+1IUjaVkqLRbb8/YLcvmExjDx8Oi50DAADAqaP+iHol6puoh6J+inor6rOo56L+q7pTQ6Gasi6IB5sANdNiCZIJAADAMSGZoFAXxINNgJohmQAAANQLkgkKdUE82ASoGZIJAABAvSCZoFAXxINNgJohmQAAANQLkgkKdUE82ASoGZIJAABAvSCZnFBJ2Z3wdqa5ayuRFV71WjJz2xc65aKdVr//h6oL4sEmQM2QTAAAAOoFyeSEKpsviEcwzUgfTh4FNqtjw+lU9ft/qLogviyAmiGZAAAA1AuSyQmVePjSpMLb5fGK6sBwalX9/h+qLogvC6BmSCYAAAD1gmRyQiUevjQpJBNodUgmAAAA9YJkckIlHr40KSQTaHVIJgAAAPWCZHJCJR6+NCkkE2h1SCYAAAD1gmRyQiUevjQpJBNodUgmAAAA9YJkckIlHr40KSQTaHVIJgAAAPWCZHJCJR6+NCkkE2h1SCYAAAD1gmRyQiUevtRs1GgUWmy3jP3WmNB4dCujK2LT0SGZQKtDMgEAAKgXJJMTKvHwRVTo6urqm4mKzTUnE+Owi/5XzdzvMrYPCIte4DDJZPCWTWyqVHsyKewWNzO52c3YppSrXnrMqn7/D1UXxJcFUDMkEwAAgHpBMjmhEg9fBNLSjHXUeG1SbK89mfB8UQyPXxPXf4HDJBNj/ZJJMr9zcl8SX/3+H6ouiC8LoGZIJgAAAPWCZHJCJR6+VJrpY3EiZO7SWoztA5PBZC7qMpaSSc73eOh5NJcIGdv3TyZydFJNJrHB4aGVKP3vy9GMY8AYSuSSwcmBdnVrM7eMoWShsJPrbTeWkkmstNlyWOkydiUlacUXLSizdUwmhd1iMJXRt/gSaXMomsjtjK9v0ex2Ns+jS76w642naSJb2J0Ox2Y2Y+l8oXqD+qp+/w9VF8SXBVAzJBMAAIB6QTI5oRIPXyoZh1zK36EhlxIBYjZbKXoMlZKJNnhC2WOPZKLouzu+kuQNsd6p8rlh5UQRs81sV7QUXEP7JxNxPKWOyYTq2cb2zm5xrTKfOLeTVDQxsbEVSmdGg5FIRj3di0ILn6CIUr01fVW//4eqC+LLAqgZkgkAAEC9IJmcUImHL3rFEM8VzKCDtayMaslECyT9pYm9z+YadklZPrDBaTFDWVpOFGrYKLeU00dVMkk4TjSZUD0NRimc8GlfIl3YLRaLMk8mVOl8wbGVcMVSNG0KRWmRVtWb0lf1+3+ouiC+LICaIZkAAADUC5LJCZV4+KLjGVYjh1w6rUsurtx/zs7Cktn5VOVAwicGjXslE/FqkYpk0mUc5BO55/dDRTZhNN7nLSFzVzmZzCoPCY6VNiZ1mUPqQkXdkwlVXkkmFDziypCIN57WJ5OU7sStTM3brH7/D1UXxJcFUDMkEwAAgHpBMjmhEg9fdAaNfdq05Bjk52AZu+/b6Lgm6ilfZ+IaGvW88DoTTUUycQ2J15lM9rGWXE7q79CuM6GdDhV2ckM3uoTrTEKOFfVZGftlOpDRj81UqjGZUA5ZTUrWSHw5lpJ21OyRK+xSO/2pJZP1dDanO3ErW9hd2k7ObMZC6Wz1NvVV/f4fqi6ILwugZkgmAAAA9YJkckIlHr40qRqTyUlX9ft/qLogviyAmiGZAAAA1AuSyQmVePjSpJBMoNUhmQAAANQLkskJlXj40qSQTKDVIZkA+U9/+5PvvPNzsRUAWgx9DtCngdgKh4FkckIlHr40KSQTaHVIJkB+KTYAQIvCp8ExIZmcUImHL00KyQRaHZIJAABAvSCZnFCJhy9NCskEWh2SCQAAQL0gmZxQiYcvTQrJBFodkgkAAEC9IJmcUImHL00KyQRaHZIJAABAvSCZnFBl8/t/PWET2UpktZf8KLBZnRlOp6rf/0PVBfFlAdQMyQQAAKBekExOqKTsTng709yljyW81pKZ6thw0kU7rX7/D1UXxINNgJohmQAAANQLkgkKdUE82ASoGZIJAABAvSCZoFAXxINNgJohmQAAANQLkgkKdUE82ASoGZIJAABAvSCZoFAXxINNgJohmcB+fvHLX/73v//OP333X3709k+++70f/u3f/RO1iCsBAIAOkgkKdUE82ASoGZIJ7Idiyc9//gttlgcV3fIX+/RnvxSK/A7Vxz71hb/5xrfFxYrf/8P//Z0fvyu2voi084diEwDAGYBkgkJdEA82AWqGZAL7+btvijnk77/13UMNm1Ay+fY/fP+/fu0b8fT/vLH1GXFxPex+/I/FJgCAxkEyQaEuiAebNeicybx/mpW44HStjBpjYhucKiGZ0KcnVVaobP6MVCaTo4/4ZDIdjyfD4YjPt2qz2UdHnz548FDsHOB43nnn3e9891+Exu99/0f/8sMfC40HoGTyk3f/lSboz8LH/ujdd//1T774X77/zz/iSymu6Nf5zO/9aSjyO9nd/+W//T//nWb/8//11zQbl37/a//tb7V1vv6Nb0din9Ue+8f/8T/zMRnaJj08vP0Zyj/84QAADUH9EfVK1DdRD0X9FPVW1GdRz0X9V3WnhkKdv6o8ROTHjazyBV4Uwi+IB5s1CASyg67sa9MZ+nOP8uYiefEhNSlK0efjHe1GY0eXIySJS6sgmTTcnslkj3ByNvIJksmpqW8yefvtn2QK/4Em9ksmVNLOH9Ki3/v8n31dOe9rY+stCif/4Y/+/Fvf/t5+yeTtd36yGfssPeqdH/+UHv5Xf/13//df/n/84QAADYFkgmrOqj4s1MeS4ycTLuBWR06q63ZYXLkGOaOxa9SnBpLo7IDRaKxcQYRk0nBiMlFOl9JX9Q9iAyuTzUuZXDIlxROp8GbUt+K3zdtHn5qQTE7Cnmdz6a88eSHtOpNPfvqLP/jB2+/tn0ze+fG7+ktH/uK/fv1vvv4tbXa/ZEL4LH/431c9YQCAU8aSyVMT9U3UQ1E/Rb0V9VnUc2X2ObZDoc5dCQeKWibhseRYyURO5aozyZGTSXSq1ybkjJXRxz72t/HuUmBioKvDOB5is2N3uii0dNwY0ieTx6yxw1YaaRk1dhWiDlpNmS8M3uig6YGRWkZi4BD2SCa8qn/yzkBcQTI5Td/9/g//4Z/+WZv9x+/84Nv/+H3d8hfTEgX53O//p3/8p3/eL5lo6yczn//G3/6DfjX9OvslE46SycbWZ+jhWgsAwClDMkE1TVUf/olVlUmOnUzknepMcuRksnTXqOQOnYSjdypKfxtvjXf0D804PCxXxBzG3vuhYMDjGOvqVpNJbmW098FMyO8yGrv4Q0cph3T0ujwempYWB+/PuEJ+z+Ct8VBR2zrUwb7J5EXhpCGVVU7oSqWkRCK1uRldWfHPz9ufIpmcGO2uwfQnTR/2xsH61PFnX/ka5Qp95NhO/Z6wDklmP/+pt/7X//LVv95zzOSv/vrvwtvsSvo9kwn59j98nx6ubwEAOE3UH1GvRH0T9VDUT1FvRX0WP5WrulNDoc5r6Q8X65pM5OpMwmt4W1zzhWy3qk/NWjGOrtBfRmOf1jTaXj7Fa6ZfeUhovKsUSGLWfkdCWc1oLJRWY8nEKqaeplKUjAOT+obR3o6cfv7ECMmE3fzq4Kr+6TzFQjJpOAon//idH4it+/i0cm+u73znBx/71BfWo29Ry9/9/XfkT36BWr70p38Rjf8uX4dSxw9+8Pb/8ed/Se2R+O/+x//tq+8p15n8v1//1h994f/kV4985vf+9Fvf/l4i8/ublWMmFG/oUf/0nR/wh9Nm+cMBABoCyQTVhFV9NFgqfSBR62j35tJ0TmeWY4WdegxE7Hk2lxJMKJmMam2DuotP+NlcFDyMxn6ppKA8mVHhGpWC9Li/o/fBUqweT/Us0oWTU4sl8l7JRKvqn7+GV1Y5oSuVziSS6c3I1sqqf97uePp07MHDIbFzgBPz3e//sPZwAgDQUqg/ol6J+ibqoaifot6K+ix+Kld1p4ZCndMS04gulhw3mbTX8cbB0Zk+5dytkpxryOjZYVP6ZKIfM1GHWdiYiXitvJhMFLTa4GLTXmiyMtoVzrEz2/r45Tin4oBkcgYjCpLJGaG/CAQAADRIJqjmruqjRCGWHDeZdM6INw5+/zGyyswddp267bnH45ihid6nyohJZTKRt22l60zG9deZGHsHPR7PzMggb9Enk4C5z+UPh/0uY/uAo+qMsWZC4aTPfHqxRK4tmZydyikndKXTmWQyHYlsra767UoyeYhkAgAAZ8BDJZlQ30Q9FPVT1FtRn8VP5aru1FCoZqhSIKlPMqEc8kS5rkO1k6cWZZwDWoKYTLQfrOqfvDNQSCYAAHCWIZmgWqWqAkl9ksn6hnhFgyN4tC9ZhHNp32RyJiMKkgkAAJxlSCaoJq/qA8WquiAebALU7MXJ5CxVTrnUJC1lkykpEt1e9Qfs9oWnJkomw2LnAAAAcOqoP6Jeifom6qGon6LeivosfpFJdaeGQjVlXRAPNgFqhmQCAABQL0gmqBavHSQTOA4kEwAAgHpBMkG1bO2U6oJ4sAlQMyGZ7FT9nJ2pQjIBAICzDMkE1VKlpRF9XRAPNgFqVp1MeFX/8J2FQjIBAICzDMkE1TpVnUmQTOC49ksmtVT1zygr3Q0cqr+g55iVxTctnozvvPNzsQkAWhI+DY4J37SIOo8l3H2r+pDvUHVBPNgEqNlxkkl18WSi/qDTp3C9K5vNZzK5VEpKJFKbm9GVFf/8vP3pU9ODBw/FzgEO43s//vlXv/3ul77xYxQK1cpFnwP0aSB+QMBhUH9EvRL1TdRDUT9FvRX1WdRz8RsHo1BnunT3Ba4+xqu9LogHmwA1q2MyUX6UWSYpFovibuqEtry7S+GH8kkmHo/Tc15cXLRYLI8ePRI7BwAAgFNH/RH1StQ3UQ9F/RT1VtRnUc91cj0jQL3QT+lOQTn5peoY71B1QdwwQM3qm0wolog7qCskEwAAOMuQTOC8o5/WY4aTC+ImAWpWz2RykqMlHJIJAACcZUgm0ATYaV1Vh3m11wVxewA1q1cy4VeYiFuvNyQTAAA4y5BMoAnwZHLkcHJB3B5AzeqYTE76VC4ZyQQAAM42JBNoArncTn7n6MMmF8TtAdQMyQQAAKBekEygCSCZQMMgmQAAANQLkgk0AZZMjnGpyQVxewA1QzIBAACoFyQTaAJIJtAwSCYAAAD1gmQCTeDcJJPN/CaqyQrJBAAAoF6QTKAJIJmgGlZIJgAAAPWCZAJNAMkE1bBCMgEAAKgXJBNoAkgmqIYVkgkAAEC9IJlAE0AyQTWskEwAAADqBckEmgCSCaphhWQCAABQL0gm0ASQTFANKyQTAACAekEygSaAZIJqWCGZAAAA1AuSCTQBJBNUw+q8J5OlpSUkEwAAOCN4MqG+CckEzi8kE1TD6lwnk1AoRJ/+4+PjSCYAAHAWUH9EvRL1TdRDIZnAOYVkgmpYndNkks1meTJxOp3UB4yMjIidAwAAwKmj/oh6JeqbeDKh3grJBM6dJk4mrps2b1Uj6gzVeUwmOzs79FmfSCR4Mnn27Nno6KjYOQAAAJw66o+oV+LJhPop6q2oz0IygfOleZKJpd9oHJmvbhdq0PiwuhHVkDqnySSXy9En/sbGxvLy8tTUlMlkEjsHAACAU0f9EfVK1DdRD0X9FPVWSCZw7rRcMjEimZyZOr/JJJlMhsNhj8czOztrsVjEzgEAAODUUX9EvRL1TdRDUT+FZALnURMnk/m+GXY2l7G9dzUeCGws3be5N5IBo3EwQLPJjeotoE65zl0yIYVCIZ/Pp9PpaDS6srIyPz8/NTU1NjYm9g8AAACniHoi6o+oV6K+iXoo6qeot6I+i3deYpcGcFa1RDLZ0K2GMZOzU2ctmVRvuWIv9O8kX6B/MJlMLplMRyJbfn9gYWFpbs729Knp3r37N2/2d3f3XL3aefmysU3xxhsoFAqFQtW5uPb2K9TjUL9DvQ/1QdQTUX9EvRL1TdRDUT9FvZV6kJcvVHdqKNRJlHhodXjNn0wWLH3Gq32DkzO8Hcnk7NT5SiZsR6VkkkpJW1vba2uh58+X7XbH+Piz4eFHb745eOPGzWvXrnd1dVFv0dFxFYVCoVCokyieSajHoX6Heh/qg6gnov6IeiXqm6iHon5KSybV3RkKdUIlHlodXvMnE7WyAWP74CaSyVmqc5pMstl8Op2JxxPhcGRlxe92e+fnHRMTk0+ePB0aGn7w4CF1EnfuvDkwQHUHhUKhUKh615vUywwO3qMeh/od6n2oD6KeiPoj6pWob6Ieivop6q2QTFCnXOKh1eG1TDJhmeSm8uf96seiGlJnLZm8EL8IvlCgT/kdSZLi8fj6+vra2prL5eIXnFgsFpPJNDIy8ggAAOAkjY6OUo9D/Q6/vIR6IuqPqFeivol6KOqnqLfC5e9w7jRXMil56N7UksnNnius6Wq3O8NWc80M0tyVwanqLaBOuc5dMpF118Hncrl0Ok0dQDQapefv8/moV1hYWLDb7VardW5ubhYAAOBkUC9js9mox6F+h3of6oOoJ6L+iHol6puoh8K173BONU8yQZ27Or/JRLt9sCRJyWRye3s7EomEQiG/wlfiBQAAqDfexayurvJOh3of6oOoJ6L+iHol/c2CkUzg3EEyQTWszm8yKSrDJvTRn8lkqBtIJBLUJUSj0XA4vLGxEVLoXx0AAEAd8Y6Gehzqd6j3oT6IeiLqj6hX4udxab2V2I0BnG1IJqiGlf5D9rwkE04fTkg2m6XOIJ1OJ5NJ6hviAAAAJyyhoH6Heh/qg6gn4l0SzuOCcw3JBNWwOr/JRNad1lVQUGeQz+dziqwiAwAAcDJ4R8M7Hep9eCDRLnlHLIHzC8kE1bBqgmSiDyfaEApPKQAAACdH63G0PkiLJUgmcH4hmaAaVuc6mXBaH8DtAgAAnC6hJxI7KoBzBckE1bBqgmSiEToGAACA0yR2SwDnE5IJqmHVTMkEAAAAAI4JyQTVsEIyAQAAAAANkgmqYYVkAgAAAAAaJBNUwwrJBAAAAAA05yaZQPNBMgEAAAAADZIJNMz5TSYJzxL9aTLbtZr0JOfLs26+1Lq2oz5AWqPGoG4LAHASgo7yv0reEvG5ado87XJHsrzFNL6srW9yhNmfun/I2qJTFnA66QlYZryB1C6bT/rd2nNJ+kufHsXwokMqNdOLDebVaeGFlD6U6JMqrG9csKlvC5lkS1uI9hG9GGJvoTY779uSlTez9H9/d3rawRZNLKR0q/EPdtDof674jx/9DE+M200WB/8Zrl6BTJsd2hYm8ZbCXpBMoGHOezJhkn6td1cOAsoml7zTZiefdk05kEwATo8UnF9nx+ySz6kdu8ubXn6sP+9Zc4TV3xqoB/Slw6YGYXkjUbrpq7TiDO7snUwKa8um+Q2LK8ab2cG0RT3OK78E3QP1H0qlFXbMjjD7uNz2+bSI0xq0d4Pe7YrZJTarJROTpeKTXPhgh0rh+dKvAPb4GVZoKyjirsiGv7QIyQT2hGQCDdPkycSTpMMI5QiiSNNIJgCnxmRxKX+XD5vUduXonP49uqbtE8rx/ZlIJrqPEUWGHSLvlUwmx73houydVV8UHUzLxaT+hfCVD0wm7AiS4o3ZUh44ahHau8Het/LsLk93pWQSnl/XHsEgmRyo/E9sj59hhf7fIH/nzVOrfBbJBPaEZAIN03TJpGLYmn0uF8PObVne2fBKMpIJwCnJb8wG+EBJWDisNE37Zf5vc9s3oSwSToIqh4HTxD5GKg7R2LPaK5lMLMdlZeSEf97x4zz9C+ErH5xMZCk4bXE08Ly1RlHfjYJktiwos+r/dG+U/bTsn0zE85FAR59Mqn6GFfpkYlXysGuKvf9y1UMAOCQTaJimSybimAn9aR738l9wIpkAnA5z+WycpHtaP2Yi8X+V6kH5TmTSmzwTYybF8LxF9zyL0fn1opxeKyeThJJMwt5YJpNValo5E4snE/0LYV6YTJRPsIQ20zKEj+jSrMQHnUrJJKmdLFe5GuypnEz2+Bnm7eVkIjlCyg/w1mpYWYhkAntCMoGGaYVk4pqyT1v4BfFIJgAnrxilw3RtruI6k22fV7myQhsuMFucZyKZVF5nkg+4lHP0o6WRH/Yq6GA5MF8+8jMp58OoyUT3Qhgkk33sk0zYuydXXGfCTwUUV4O97H2dCf0M8+wh65NJbFX7GeW3h0EygT0hmUDDNF0y0e5Dwj5t1aMfaY2d0IVkAnAa2CCJdmoWb1LvzTXj9pbuzVU+kSkfEs7mauA5TvzeXKZJt3pvLvrwCPnU042UZ26aK3+E8Gu4tWSivRAGyWQf+yUTiqzO7WL53lzF7OSE8vMwUXHSF+7NtZeKS7mEe3Nx6grFqGO8fFeuabPTK1EyUd/bFvxphAMgmUDDnN9kAgBwErIht1l3W1UAgFaDZAINg2QCAAAAABokE2gYJBMAAAAA0CCZQMMgmQAAAACABskEGgbJBAAAAAA0zZNM3NP2iakF/a0fHeN2/r1acDYhmQAAAACApqmSyaQnaprfKDXsmBejPJnk46HFuSV2R8hFZalyp9d1F7tF47w/Xr65HZwuJBMAAAAA0DRZMkmaLMvqvLTmisk8mUgry9OL/mwmNcG/o5QlE8fE4lo2HWNxRfe1XHCakEwAAAAAQNNsySTosCtf8ht3TbEQIpzNpX69FEsmpe8G2vTi5vGNgmQCAAAAAJpmSyZy2OuKyfSn2eyUS8lkNxV2O5Sv1+VfNapPJvppOF1IJgAAAACgabpkQmlk3Gu1OBzhIptmySRjml1TBlLk9cWqZIIxk8ZBMgEAAAAATRMmE++sfWI5zhv5mInJ7LD6YrHNNfOEQ0smFtsqrjNpLCQTAAAAANA0YTIpBFzshC4FTybBRafZYjdNOHfDbi2ZBJ3s/C5HMIV7czUKkgkAAAAAaJonmRwCri05G5BMAAAAAECDZAINc9aSSfWWUSgUCoVCoVA1lnhodXgtmUzgbEAyQaFQKBQKhWqaEg+tDg/JBBoGyQSFQqFQKBSqaUo8tDo8JBNomLOWTAAAAACggZBMoGGQTAAAAABAg2QCDYNkAgAAAAAaJBNoGCQTAAAAANAgmUDDIJkAAAAAgAbJBBoGyQQAAAAANEgm0DBIJgAAAACgQTKBhkEyAQAAAAANkgk0DJIJAAAAAGiQTKBhkEwAAAAAQINkAg2DZPJCtltGVXvHY+uKuHgvykNGaWJllCb6aaKfNbzgsaXdGPvvjrsikrh4L3x1PtFvjckxWy07EjhGBpTtdIzV9uqOL+d73MWfsCwXEp4OZffjviRfyls6bgxWPAYAAABOBZIJNAySyQuxmNE/GZaksN/GDqBD4goHOGwyGXouSdGQcqBurCmalKjJ5PCiM3302HAiGfa7+u47xMUnQuIvUHnCBfbGeKJS1EUToaLsGWaLqGWo22jsGhMfCgAAACcMyQQapmmSSbFYjCUzm1vJjUgiHGVF09vxVDKVoUXi2ofBksktGz/q1/JFcsXWe5XmOmwhniBiNCNLAfbr/6eBg8ZMpOjAtS6aGxjzJCvfMG0V9iCjke2xtLLxai9fOex4rCw0Do7Z+EP2HTORQsozNPbeGeKzfGykf2hG3Z9CeYbsqZZbrGOD/b3KmmwXfJs89ujfCnWkpb1jZoW9A+rs1d5wTretvUiLg1232A7YNndYIOHt/IkPKS+JZgsuNskWFKX+bj6swlcBAACAE4RkAg3TNMnkgcl5+cZ0+83Jy33jH2wb/pUP3fp3L1+/1HH/cvfDUYt1Z2enUCjs7u4eIaWUz+YiV/vU1pgnmisUojOs8e4STybshKixsRm/dFAykQuecJKOtpX1u0o7YdRdKNvpus/zg7ryymiXsjLbS5S9goJNOfNKWXnPZMLGIu5bQ0lJcsws8VnagiRJA+0sXZT3GnOwJVf7x55H1Qa3zRGM8ocMLkp7JhNlZKOLNi5FQ2E+0NE+wJ6W8oaUN16tqEQ4bZvKG8SXsMg1uqI8Tx5I2LQsLQ0ajX0z9HyiNNvInzAAAIDWgGQCDdM0yWR+wXuzvX+gd/Ba+432ly5e/q3XLv/Gh3oMl3te75ydc+RyuTz9I1PCifjIF6lIJh19lUMCSiBhB/ps4rFPXXhgMlHx7VW3cB23Kk9kUo/gWZ7pH3OF0+pbray7VzJRDuvL54Mps8YhF02GzBRyWIrQ3GcDJIwjWvF/UA0PeyUTliIGy6d+sdkRNXdV7LdKzDrQRWvulUyUwRvleaotbJqvyd85Ix9HAjgxhUKRPgZRtZSU3aG3S3wHAaApIJlAwzRNMinksmtP7vufmR337oxfvvjgA7/x8MMfnOw2Tly9HNncTCQSkiRRONnZ2TnssIn+FCZ23P80IPNIcLVvbEw5t6qUTLTkcUAyGe028qEV5QhcTCb8EHxlhC1yJMorj91nV4OwZVK0o115pDJGoUztlUxi7JKY8qaV2f5Z9iJiVrZKeRFXlEJT7HSs0uCP8fHYmHqR+l7JhLUoW+PYFq/29l5TS72SvbQv/e74rGZluzzGwrfJH6A8WH0JoXF6Ih1D/R3CEBNA3e3gUPsw8HYBNCskE2iY5kgmFDaSLkd4fi68YHc/GXa+2Td9+aLl9Q/N3Ox9frfv+d2b4Y2NeDyeyWRyudxhh020K+CjQXbiEzvBSTl8DxRkyaNcEnKYZMK2YE/KO+zcJPUQvMTIr4BPhJUrS4wh3cozykUcspxkJ3eRJHsm/CF7JxNldIWfzeWaGBTP5uorX2pCT3XG4ZGiIdsw2y3PA12UvgrK+Axts7jC4lfXEL0BbBtKMnEMsiZ2NlciPOlXT+7iRylhj+5UsSoStzHJcshUuKA8sUn60VOugPfsqFfAUwu7Ar59iJ3PNmwcsEbpQbmG/XwBAAC0ECQTaJgmSSaFQmLOkvAux5ad3kf3nt8w2t744ORHfm3uWof7VvvCza7g2tr29jY7uj1aMtGJKcffpTklRBwmmQzyEQ+jkSWEqmSiw8YHtJWNAxUDGszBYyay3Ks9VtmLMvyism2Xd1rx6gZsclG9Mxib6+NDJYXAU56VjL29XerwUWhcW43tLbeizRqrB2Sq6cZh+PtQfmDMobUMKCuEJkpnm1Fae9Hl9QAAAHBMSCbQMM2RTORicWvWtL1kjSxYF/quWI2vzn7k/ROG35y/1u7te8PSecXv929ubiaTyUwmUyg07nnCIbnus0AiKf/HPCOlXAQAAAAnBskEGqY5kkmxKD+Z8cwurE3aVsdnlk1jtsneu8NXbho7br9hvHml+7bP59vY2OBXmyCZnCN8uKajt7dXuXvykm60BwDOI8PF9oEnVkna7rlkSKhtOWpc25IS4W1+/wyDoT2SSAy2G9ofrZYfGbdeN3R63B6qSEppCVna7z1LhD2Gi9etug+HSxcNBsMwf8iwr9xe5hu2xsW2c0oKezRj/ewGJIXgWO/guCRF+9rL9yMZ6ChfMKk3c6eDD7xzXcaOqCS5nvbxcfuCf3RgYoX+x1DLqJ91nfqV9Spu+QjnH5IJNEzTJJMH4y5KJnMLgZxnJfPm8PYHXg/dGrQNPODJxOv1ra+vI5mcP0UppH6FS8fj0/qKegA4OYV8aWrNZFK+uFZaHJjZ0n0s5z2dExE2EX7WaWgrt2/P9Biul2fZ4wz8BE/XfYNhYFFt3p6xzg23TjLR61NvE6Ke9pp7fp9nkaTrcd94aI9kknQZb4zrwoZkfMBu4UgTjkF2l/alu8bSKbQSv7sjkkmLQDKBhmmaZDIy433u25i0rW6thpIDj7Zeu7Ly6uU71wYpmfT03fN6vaFQCMkEAOCMyLkesHjARkLa9O2JuevaQMnqI21cRZa9w4aLT7Q5Wkj5Q51kG1GnDddnKHi0YjJJLyk3aNHxPXaU3z4WHsRkotCHDWO3csP63MrjLnbhX3iiK8Q7zNyK8r1SSCatAskEGqZpksl9i8vp3XhmWx18Mv/GTdMbPUOvX71zufPO65dv9N64T8lkfX09Ho+n02kkEwCABqK8QSxL7KiZcojB0PlkKSJJ2wZD+5PVgj6N6FOKXEisuT2SJFkf9VyfYydvJWzXBydXpUSkvb29TUkmpnYln7RkMhlqF+8+wm+UUp6tIZnIUoCNUD9wJUt3hB5jt6xnLXwWyaRFIJlAwzRPMhlfnl0MTlhXJ+aWBx/P3r4/3ts/dLX3LiWT7hvqmAmSCQBAwxVykrS1NtBhWM3xZNLG2xcH2UlZkYlO7ZqR9bE23S/9y2g95e9Cv/GS4VKbtPGs09DJ2q8rt0RvyWRibB/UzyZdQ6MrFXczrCWZPO41OlZCfR3Gjv5xNp90dfQ/dk0MUktAGY9BMmkRSCbQMM2TTCyumYWg43loZHyx583x7v6Rq9fu3Rp80tt3/1r/AyQTAIAzJmF4tKpcTKJePbI922PofCaHTKXYEKFl5dV12gw9+lnPQxZp+FCMznDrJJOCe0g52Uol+UZHfZVndtWSTGK2SeUCHyYySWv3G3tL83Kveod6JJOWgGQCDdM0yWR01ju3sDZr9167N/0/tT/8zYs3f+PVro+237p85VbvzfsejwfJBADgDMm52sbWWfzoUuMHTbCsUlzb+wr4spyhzaSfb1dOA2N3qVLu3OUZ7zcY+j3uiJhMCokcP0lJSCaZyHnvFWb6yrfhIl3t5USheXEySTjGgupk7vn9JUkeUC+pZ4xGNiYjJJOQPyrx7/iqTCaBoPKlwHBuIZlAwzRNMhkaf55bWNh5vuB7vrDo6TTNvfK+D7T39g8N3B3pvXGMZMLOCqggrnASirnVyQHal8kr/tJLZqcxqHruWMRle1k3t7NOXneFKADUoLg4t2Ay2+d9W9rdpOD4hm92tl1in2AD5tLdtGT5QU+bwXDJE1c/nCWviVbof+pJKA38dK/I4nB/Z1vFR1/CTrPtN5UTt/R0Z3NpH5jUkrBdtyh3A6v4YL9uXX3SvshvQ3xeScY+5TQ2hfINvyW6NFKe9o9qCYS168LGysQgu6qkd+CxQ3mnisn+7g7eoiYQHdqasb13XFlR304R0NhxX9tmM4kEo6nSdzWvx5v5g6HxyWR9I5YtXe0ELaVJkoksTwRjgbn5jalZ18jA8PjF3jdfft8H2oxd17qu9V3tHXC73UdMJhzrxvR3qzy6guuB7v78e7PeoD7UQxPlO8/oUD+qnnidXzU8eeHGSpBMAA6lqP5eIOJcMFnclcvgNEkPXBXXS8AxLd0Vr5WHWqS8SyaznSq2K1ssbMLXvD+YDU4m2ZCbvddTXnEBtICmSSZz7tDijNU9Me1cvjOz8Madx7/1YeOlu8PdD59cu9rDkgm9wPolkxy77PJim6f0azZKCM/udBoudbKPqdz6JYOh576VL9pestDsJfWXUpLyu0L2WzplM+vsd4dtPfx3UZrFAYPhPrsRyoO9skQ5mcgJww1luij1d7BfJVo31I/JAfYLSMPAE1dCu+0mkgnA0axTF7kkNgJAq8mHeTIxPWOjqVRNPGjSyGQSXlLfX1YWZ8LDEuGkBycItoomSSbFomXKOTXtHLPMX795q/u24X3/44fe92uvvma4+tHXu9uv3vD5jvdNi/pkwq7JVA/xZ64b+LYMym1h2MTF9ic+1iY5+j36vFFcvT6n3iKTD3NEJjsNFx/whZQZHrj1zyphvWEY6L1k1X/7WImWTNYmrtsrL+Kk7Qz72C70d7NBMgE4jsUJu3lJd3ExALSsfHh+Qj1mbuJYIjcsmeS3XDOlTFJZR0wmST89drrydhATZvv8ur6hVvgd1elojmRC0ST65F58aTHiWHINDU1dfHX4N3/9zV//9SGj8dGVK0+uXlkLBiORSDqdzmazu7uls0Rrp0sm7PYvfMRDaeeXUWotFA3U86tKixKrVnanfXpQZTJhW1RaZGGbsjzYbjD0PDH1GBaVe2eym87o/lUZep+tU8CSEtZHPU/4WHIxN9DbyQdjlMs9C52XDANP1A0imQAcWcS15E7gXGcAYCaUk7jUmvaLi5tIY5KJ45kYSI6fTMzjdtPsmr7NZEEyOdOaJ5k8HkzYrVuzs77bN+wf+o2J33j/o/f/uydvvP7kctuTjvZwOLy9vU2H87lc7nSTSc5wsYd2TJGk5mQiGa7PbBfZuV6Gi7TTguGWXR/3dWdzyYaLDzx5dl3KM3ckV2DbVG9EU5AGui71mNdySCYAR7drsqAnAgCmsOlTD5KXVvmE/vSEJtOAZKKPfRNLyu35shvlcDLtixxhmCrpnw9sWC12raGwtuwN+085mfjmyk8AXqhJkolc3LQ8Cg+/uXKjy/5b/37m19439v73PfzVX3348gcefvjlyTdvJ5NJHkt2dnaKxcP/BlR/NpfuEP9ZV+lsrv2SSdz6wKWssmbSkgk/y4t9v1jpbK7OirO51tseraozRclgUHehqUgmhgeuvO5cMi2ZKOh5PllFMgE4GoolTrENji2fz6frStxB66nvW0pbE3cAqiKLJa4tNpkPmyaa+cYYp51MhBESrd1a2R7c0T2mFkklhGx6HWHlyEtam6aNr7t5MuFXsAQ2o45puzo4vu52eZYcnlBQuY/d/IR93hMK+Fb59/yYzA6LbXVrK2KmJzO/obTFp51rgc243+nkozruabvpmYM9KrhmMi+wVXbz9CqymUy2QLuQTBOu9c2oexG9y76aJZmwS03CTsfC7WuznRcnr7w68vJvPbr42vT9QY/NSoGEPmopkxxltIQTr4BXvnhYfwX8fsmEfpJvqnfDLI2Q5DovGS4NKP/uCok9r4BfdwzzK9oHntBqBVrl+kQ53/Oztkhb7wB/x3Mb7M6YPfet1hssmRRCM+w6+0ttqxm2FMkE4AhY/7JXRwnHJB4IH1s2mxX30Uro5YvvyLGJ+4DWc9rJZNJiN+nGTCKloyKWAXgpS/f4JoWD8WQix02OsMy+gtRpGvdqyWTaYp90KyeJFaNq0lh36xJnURg0N5WuLmJ3bDSz+xTpSKZpds6Y0nOoj5ot9Rzz5S4kfMTT0lpJ0yQTslsoZFLJ4Ipvddm14noeWQ/lMpmdnXxBcfRYAgAAdSIeBR+bxE6XbV308sV35NjEfUDrOe1kIlf9NkioIx7Qq8lEZkMl7Nr3BVeMxQ/eWLkLJZCsu3lUYTJBYafls7nKd2zcnZ9bsvC7IigXHrFXoaQgPs0ndMlEdtscpvGlBBs/gb01UzIBAIAzTjgIdng2KxviVqtTP+9/7rBaraGYMpOM2G1Wq82R0q/R2kfSle9EOh1wam9p1O+it85qs2/r369UlN5C+6JH1yS+5+I+oPU0OJm4/RuBIKvp0jXxx0wm3lm7JBdNU6vsLK1yMln2ZzLsPCtWynDIIZNJYN4xuxwKx+nh2RqTCQl43CaLQ98CekgmAABwavRHwK4Fm3LobFvjwYOOkenAuuIoOWV1LKeTW9YFH+WStee2jWhiK7jsDCR067T0kbT+fUhF/ez9tFodC8s0a7OyCJfcCtrdYW2doMsW3EoGntujpZaq97yl30/gGplMhHbnVB2SibyzMTG94OXjq7qzucylFKHSJxN5R7jWsDqZlJ+tFDwgmTgnxRclh5Z1O4IKSCYAAHBqdAfAAU+4YszE67AursYrjpKDrjXl75VFa7mRjrldQf2suI9Won8fnFaHfszEuuBV/k7p3y6b+vYmHF52J/10elN8z1v7/QSugclEuH5DTriP8U2LWjJRLllRp0rJRJaL2ciamV3i4nCHlStzK5KJLGe3+NKwcuV9dTLZjQfVQZ7IQWMmcn6L1jE7I7KcmVBO/ZpcDKmLoAqSCQAAnBr9EXDI57TabAtOdgCdCnvW4qxRf5ScWF3iR9kBZzmZBJw2ZcUycR+tpOKNSG072NluthA/fyu2pgxJLepXsTrU87iszgD96Zhn7zaSCQgamEz2riMmEziHkEwAAODU6I+AieO51+O0+6Jp17xDbdEfJQecVckkrh1ba8R9tBLhrWBjJs+9VusCTS7YbFuxzYB70RkoR7lyMnm+lk4FPWGWYZBMQNCAZLIbDzoW3fuVcA9TaGJIJgAAcGrKx79bwa1Y0uHeCAdcns30VonDukTt6jpxv3uD/e202pT5lNXuKj2+TNxHK9G/DyuBMEsm7g2H1ZFObyqDIoxDCSrcktXO/koF2Bleyfge73lrv5/ANSCZAHBIJgAAcGq0w1+u6t5c6u/vl+fVQRJ+b64gu0Q+4OTXdyvXeOse0dJH0vr3gdFdZ+JfXlDO5rIpdzYL2ZZDrJXfm2vBrXsMxkxAhGQCDYNk8mLFXA/72kP2VYalJuWbFi918tHF1Ufalx8atC9oT7iftV1kDeybd2R5fe4Bm7nYtq5cY6VuwWAYMHv4vFyU2F7aenKlEUttk9o3vsspl/aVjrSF4ZvtbHFbe0J547X1GbYaW4E9h9IKxGMeoIUP5srf2wgAcJr0R8DpvZLJEYj7aCXie6FLJkcm7gNaD5IJNAySyQsNaF+dnrI/cBXkvOfBRbWl09BWWksReWZSgoi0ODCzpXs3pMXBpRyf7Fe2pm1BDisPCZnaDJ28odPQzicMj9Rvk+ck13DP2Jo+mWiL2vZ+GlUrhEzP+A0jaKe4KwQANIJ4FHxs+A548R05NnEf0HqQTKBhkExeyNJu4C8s5x1+FpETc9cNhmG+aPWRbkCDMkwpb1wXooK83v6Uj53IPIFoW2DTN6xsm70zfLa0ze3rNv22Vbpkoms0XNfPak9Dw1egvWxrLTfUsR0A0Ozga3kP42hvVz6fFw+Ej0fcQeup71tKWxN3AK0HyQQaBsnkhXK+4fZheyRT6Ll4iWYjE51ailgfa9Mf3xvaTOqEYcB6v4edadUzwFvaDQbaQsL9pN/G0oG2BTZ93VpwPTAY+vmsqZ0nk9VLRnYOWf+jiu/nEZNJIbftftJjrjg7S3sanLYC7cWeUpqK69pZZwCgSUnKTeuhBhRLjvx2FQoFSZLEI+LDo43QpsStt6R6jZy0+AAUaJBMoGGQTF6InUb1yL66tnjJcClX3DeZSI7+RX7cz5JJW6k5ZxhYpL/aL16iLVjudPaY2TlaQjJhf2VW2y5Sknnguq8O0ahyrraxcvDQJ5NCTpK21jwOi6HjidaofxpsBUnSr/DsDstL1g3JcN/VnP+3AAAA4HiQTKBhkExeSLvwo7A10zkZ2e9sLlN7+RyqipO12kxy+NmwT73O5LpyqpVwNpc2TZ51CudiFSjbSKUZccxEMdxWekhxXf80NOUVVJHOiUhlCwAAAACDZAINg2TyQrqTo5QBkOKaqXSgr7sCPsLHRrhnXVpUiBgerSZs19dK52MvDhooZmhbUK+A1xS3haAib8/0O7Rgsncy0a6np/3qn4amfMG9wnqj4vIYAAAAAA2SCTQMksmLpTxt7Aa/hvab5YEO5a7BbdrdeBcHDMIYxAN2D+BLbTfVVGNRTqMyXGyzh9TBE37X4P6n6l2D155W3kQ4tdqu3Kp42FF5DUkpmUhrVv6sLhl7IuqdiCVD1zPtaey1AruzMM1qTxsAAABAgGQCDYNkAgAAAAAaJBNoGCQTAAAAANAgmUDDIJkAAAAAgAbJBBoGyQQAAAAANEgm0DBIJgAAAACgQTKBhkEyAQAAAAANkgk0DJIJAAAAAGiQTKBhkEwAAAAAQINkAg2DZAIAAAAAGiQTaBgkEwAAAADQIJlAw5y1ZLIDAAAAAEclHlodHpIJNMxZSyYAAAAA0EBIJtAwSCYAAAAAoEEygYZBMgEAAAAADZIJNAySCQAAAABokEygYZBMAAAAAECDZAINg2QCAAAAABokE2gYJBMAAAAA0CCZQMMgmQAAAACABskEGgbJBAAAAAA0SCbQMEgmAAAAAKA5G8kkvWEy21lNroqLoHkhmQAAAACA5gwkk3x4fkKJJWZ7aldcCE0MyQQAAAAANI1PJvMWNZaICw4l6Z/0JLW5hGfJZF7SLa6LpHva7g1uBIJrZos9mBcXHwG96vl1sbF1IJkAAAAAgKbxyWSSn8dltivjJbsTFrsjLK7zYqeVTBLqdMw0vZaqWHoUWjLxzR0vmJ1PSCYAAAAAoGl8MnFNqcnE9MzlmLabLMuBHXGdF9s/mQSdTrZxiyNQOleMhYqiZLbYzTM+WS5KIS+tMLm4UXp0cXrKoV+/RJ9MkmoyKWZnZxz08GlXJFtUluymzKVRIHUgqCjx56DbhUpNJrE1vnLpJYhPwGRxRzwuWsE85aJZq7J0Yt7Pl3od6gtcrENWOlVIJgAAAACgaXAymZ+wz/qT60sL2qG8xI/vDyvp17ZQKpZMJJ/Tua1u0TdnDyuTtHTaJ7GpqM807dtSGv1W+xZ7QHDaog5fOMbtlUe7pWSym599Zucb0Hhn7ZRVaMJSOi2tEHC502yCnokroewj7LWuVaQuNZnQ+6A7mU3/BEzzLMyYtKX5ECU3ZaoYcS74d9gLP7/ngyGZAAAAAICmockky2/J5Zj1xeaVkYfF4FF/65/0WxxrAXYRCCuvY4EnE0ojpVEOWV53L26yv2kRzwxyccPiivGFW66FID2jFafJ7OQtQYe98pifJRMee8zT3oolysqmaTaIUT6LbN2tnJaWMc0Fs2pT2LQYUScVeyYT/RMwWdx8tdLCpMkW4lMs+STpJURNU2yd8wjJBAAAAAA0jUsmaixRDvQd4mlOh7bP2VyL47rrN5L+6ZWMzA703UG1Kaw9ih5CjeElCkjL2UyGV+XpXPqzuVSBecfscojW9NvVZELr+OPZQnHXOsGHXKKmebaCWvmKTe6TTMpPIJthF9rrrplJmrSrcNbdLJkwRa/TabHYF8P1uCr/FCGZAAAAAICmMclEu00wlXp5xjHtk0ykFefiZvXZXPsmE3421z4H+HskE200gx7Fk0nCuxSrDDQms2N+fe9NasnEOVlxNpew9ouSiYpeV8X8mYdkAgAAAACaRiQTNlqyML24XJ/REm6fZCIXkybLwvpWLBxco4TAlx6UTORiwus0TbsDwY1Fm3pWVckeyWR+3O7aiK/7vBNTDm3MRMha7hkWwPzBDb/H56g8P0xLJoF5u8MfW99iQzr6J2BeZDnkoGSSXHP6NrLxaMDnNVeeKnb2IZkAAAAAgKYByaR8tca8eslEM5kYd6iXu/j9JouQbaACkgkAAAAAaBqQTMjinHPaWafRkjMlvTaru+ex2bygWwYiJBMAAAAA0DQmmTSvpGnClVIuXvcvu8xH+c7IFoJkAgAAAAAaJBNoGCQTAAAAANAgmUDDIJkAAAAAnL5sNpuuB0mSaFPi1o8ByQQaBskEAAAA4JTl83kxYRwPbVDcx1EhmUDDIJkAAADAySt/S0R96b8p+xwRg0U9iPs4KiQTaBgkEwAAADimVNDHv45i0rYqLlPtnUyUr78rf/e3ybwkfIf1CwnJpN9YgVqkiGv8bh9NP9bfFSnpMt6ylWd1BjrYo1RFqe+q0djeEZLUBilko0113BhS52O20ZXSyhVixn0WcGKqqAdxH0eFZAINg2QCAAAAxxOxOLfENtHeyURjMrvFJh1L+QuvRfuPmRSMg+wLvmMJ9fgkPNG7onwTd9L1uG88VJ1MwjOUSrpsA6VkIi0NKtmGlCYk4wOXOjHkYtutUzJxeDa16UW7zWq1hZO6xem0y0GN1kVPSNcWt1qdulkkEzj/kEwAAADgeOKm6YqhEn1aKEWOsHnCEdhKbfnd5sVI9RGDPpmsLzocvmhqK2SyLLkTxd18xmReymYyu8rSadsqTc9O2E3z7Hv59ksmofGukJJDNLHZ/oButjqZcLZb2phJeLzbyJ9ql7GPNxm7x9hfuZW+mSibqEMyCTk8G5RMwuthNhdw8oxitbmCpTUSq4vKsnQq4NzgTbGVRZvDgWQCTQbJBAAAAI5pwmKf94QTBTUK7JlMTJO+Ussep2zpk8lE6eGuaTV+mKrGTJTTwNhD9k4mO56hdt1JWQqKGfrZGpIJBZDR3seOpGd0wB7jLaPdRkdEGr1hjPHXWodkEvCEdWMmQVcwxf62Lvi2SmsEXTZ1Kr7ijbC/vQ7r4mocyQSaDZIJAAAA1MFuZsvvM1lYhNgzmWhnc9HS6jO79MnENO1Xp9bdPJPok4nf6SxdlLJvMhnrMnaNh/Qt4akB27a+oaZkknQ97h9xjN/t659Qh1se9xodK6G+DmOAX3lSh2SSDvmcVpsttK0kEkodC1ar1a5fwb9kLU0GnIF0KuxZi7MZJBNoNkgmAAAAUC9Bhz2xTzIxLUZ4y7TZPr2S0VbgKpKJeZlPKAMj7LoOLZmElxxhZbAi5T1gzCRqHPboDkoK0dmBmah4lPLCZBKz9huvTfLp6FQvGzSJ2SbVFyH3Gvttsfokk7RynYnHweJH0GXjAcVh1Y+jlMdMqNGqR0mlRNzHUSGZQMMgmQAAAEC9OKfsdDTgsJTSQjFWTibjXt5mMju9pVtdafTJZLIUNmhrwtlclHz4tfbe2X3HTAruIf14CcUSY8dAeb7khckkaR8wdilXlciy64GRPeWEYyyormY0Di5JeySTkHrBvZhMSu0qLU6kt4JbsaTDvUFRJM3GRNThEafuQpPE6pJ2nQm1bZU4rEv0WHUlJBNoAkgmAAAAcCw7UcuEcnrVuGM9rYxoFCWzhbVYPVvmUjJxJfKTtNr4QrbywnSu8t5cu2xNiyPIt8bu1eulrSk3/c1PjCsbSa5N7pNMuko31FLEKu4irEsLumQS6DKXo4z+bC45udLVwe4a7CjdNnhlYpDdNbh3QCpdZ6LfurwT6LjPb95V3i/bZ7ldpcUJTndvrvjCvNVq/f/buxvetLHE7cN8NlcZpeoqo6zyV0az6qNZZV0TSkgHsHkZwlshEEigBAKhJIGP+pxjG2NO0ja1U9wmv0u3JubYYLpTac89x3YyjZ5cO+nX887tJs6zuXJl7654iau58NzQTAAAwEs2ye9/Vsd+OH+jeCrqOYKimSAyNBMAAIANU1vFU1DPERTNBJGhmQAAAGzYbDZTi0U44gPVcwRFM0FkaCYAAACbN51O1XoRyGQyER+lfnoINBNEhmYCAAAAD80EkaGZAAAAwEMzQWRoJgAAAPDQTBAZmgkAAAA8NBNEhmYCAAAAD80EkaGZAAAAwEMzQWRoJgAAAPDQTBAZmgkAAAA8NBNEhmYCAAAAD80EkaGZAAAAbB6/Ax5Q0UwAAAA2bDabqQ0jHPGB6jmCopkgMjQTAACADVOLxVNQzxEUzQSRoZkAAICoTGrF6mT1UjdypcHqpUe3umuvb9vam/1Dq91rWdqrfXdwPtK2tg7qawcKe6+07T+PR92K9vpAvr5pHrzWrFbP+t9O5pNzyODNf62Ko+v7Nkvi+N20+7W2ta3eZFL6385Bw572DDL3z2gbaF/Y4VBbxVNQzxHUZpvJsB1P5h6V45r6Xjw7NBMAABCZyWmq5pWBG/3o40PF5EZtJuJ9c3fjT02TPz53j/9vq1C/3xNutZ1kzz44uSOP7B3vaK/e2rs+a/uWvTHwisdDPm8fZJYHTLT/lNyNtyU573miZmJVzr3tkpVJZ8xL397x1adcNi3kyi3xanTRzGTky3yl7T9KPUdQG20mLcvUDVNPVqfX119K2rCPMUz1zV83ajjv0uNWvnWl7v0BPsRNo9hXR/E9aCYAACBCulEoj+TGav2kW6ueXw46H/VsR8wtptd9PdsWE9S1ty395TQTx/2e4B+pH1jDxYG2WgDZdd47rx80lsfc8/bVtr+6aK/fyR+f6zvHPblx/4yuxzeTtlXpiGbSPeuKF8OPefljPE6bJx3fQY7zinXhe9kqZXyvft1mkih4RVPIH7k95MK7c2Y+aeWLAZpJsmL/zZJnsR5cjHsS93vzczDrxYv2X/HNopkAAIAINbOmfvRRbCTvzTx1o9ySP0dfnPt9yuz5lzvu94T6Qcbbb+8VbcQ75sBtNbeVRnfSa+9uadpeZnm0NMnv1z8v1hZVJk1N07bclZOHzuh6fDO5TJsFb82kWUw7G8V0uni6OshRsdy90qifyeRWL3/dZpI98w9MRAOx8ifJQ9NY/7ceppksPtWS1R+0bHL9xb+dvzhREdWhH49mAgAAonRW1o3cQs48l9P96SCRtOz/bv6NZvL2tSaLg+d+T7hIHrs3kywW7UPRUt5q2l/L+xX2/estC3nwjn9kXNiXCyYLfzP5641m1ds7W1rTWd65f0bX45vJuF0rpjOZ9qer8XjYKPiaSdN/lHCVtirOlryWK52utj/5d6vnCCrKZnJVLYh/8VeLUTmlXr4VpplMasX8udwQH5tNmNVWx3nMsmHI7cZJSU81hva6jfhbmLQajVbHSpmNXiNfk3vFYc4kV7xXjDRbnQ/vzbJ4w91set32VvSyhumccVgpJMyGOKyaLzj9SozocSthyUHvDyI+ttnqNWsfVxc0/mREOdnwygnNBAAARGrezVv9USN9euO81g+r7sZXmsmkfvBa818EJD3QE9peqegdvWkvFoU/Vosmmra8e97VPtxeNZNdbY38nEEmeeHufaPtytWYB87o+I5mMrbvM3HWQ7wLtPJp/70n40+NYiabX722XTXXllXUcwQVZTNZdMv6Yel2cTPsNpzC6gnQTNz7TERhyHecMdFMVmts59Xsmfs3SBahv+VfNt9ZRnqm7WzdNkv2FYc9/19E3SjaP7veoNdMdKPgHZaNyw+UzWQ5KLbtv9aymQxvlb/CP5v5tHlSG96pwz8MzQQAAERt4J92iu3B9XUpbS2byUKPF6bXvotxPte13w8K7uO0KgO30az3hPbhfl7+p+h979lczlO85u3D5bO5Du2J58DctyrtSa/9Rhxpv39P09wpqctbM5loW7ujyaRtHYgj7eu8MvvJ5feodBeNA+0PZ/450JY7uqIyDC1t+9D3gb5m0j+172bPVM/sm96vOtZJa9RvWlXZS/r1fL0/vmwWK2e9vu1yNK6VG8MrceSwkE1frT7oeTSTeW95N/yFnlq7/SdAM4lbp81Wpz9e3aIkGoi3Pa0XnTucFs7tLnYh9pUKXyE+K8sjr1ury8Pkkc7zEx5sJmXvMHHGqdtM3EGvmUzaVfGHavQfvoPqZzBtl43EcilzI2gmAAAgcstpnnRRKYkJW7rSTy6bSTmbW5uX1g/8qxnKnSSOkblnOXP1Uf3d/21r2lZluJyofO5uvdK2fnee0LW4vShsb4mP2TqsjJwj5GqMe6hjdTVXPbEvD32z5y7XDDK+L3KwGFhvEk6pGaxG6/JRxVt/rk3wfIVC+tKzuUQzqfXl7SWeYnPcKObc7dpzeTZXsrqa8S+m/WSqmC2tyqE9rVcv7vo2/30mS/5m8oU1ky83k7BrJmozcdxdNozCRq+YeiRRS8q9J/v9nY9EMwEAAM9O+3B7Rx37mfgbxVNRzxFUBM1EWR5RWPGATw3+RjOZ95w2srAvrHIeX/3VZjLX404bsd/74dTeGuime6mY10xSdhtxOJ37K83k4asVozff8GqJg2YCAACwYWqreArqOYLaaDOZyQcguMXjG4mvltUe5ZvNZLG4u+oY8bXHFn+1mcg3JA7ll0lk5ePkHN6KntdMxLQ+eyyf4WC8LzqLDg82E/eYVAQF4Ntml+rIRtBMAAAANmw2m6nFIhzxgeo5gtpoMwH8aCYAAADw0EwQGZoJAAAAPDQTRIZmAgAAAA/NBJGhmQAAAMBDM0FkaCYAAADw0EwQGZoJAAAAPDQTRIZmAgAAAA/NBJGhmQAAAMBDM0FkaCYAAADw0EwQGZoJAAAAPDQTRIZmAgAAAA/NBJGhmQAAAMBDM0FkaCYAAOAnpBtl+2c/WRspu56QnmoM1bGXjmaCyNBMAADAJulGoXhxPTjvFDMF/b1TPx6wbCZPaVgt6slivtZpttrJZHXxI5vJ3iutO5zUj//cMwf+8ck/f+6+K/Valvb6wBk5eK1ZrZ71v53MJ2fgVnu105v02tbBXlq+t36grX2Ep36QeXhHKDQTRIZmAgAANkk0k/JyFeT2rJw+vXG283/ndMM0Um4hWTaTbrIymtSKDfeoxW2zVJ2In7OLWlkcnyp25OiokTQKk3ZVjFiHpnvoYlE6Mn2zk0v9qLZ6ZRPNZHDZkuc9Xhah+ST53hIj5d7MPcbqlrM5/eijaAGz3qnY5SbVEHurVlFuJ4vLj3Rp/864G68Omt7oILOrbTubk/x+W/4caQd1Z0TT9guTxcjcq8/dw//StAXNBC8HzQQAAGySv5ksFj0x75c/Jy0j/XE6HjTyufJQTsz9zWQxOU3Vr5031P42RTHpFiw9nru6vv6QMGWBsJtJ/H2x2eoMTnLd5cw+YVjuln1MqiY7jZ9+aBmHBfE51pHZcsrPvFes9aaXXT1+0rRHdLORsBrN7khMdJJxc3I779dK+Qv7HPOeflSeXl+enZSyZ26TcWiv9u0DBtr/q6xmSLKZ7Lrb9QNLrtfUd+2FEWFX0w4aaz0k82+aCV4SmgkAANik9WbiXk9lxVcLHXpcdpK1ZiJfuosSojA4x5w5r2/ayeqV3Uy8T7jRM217UtJLnFwuBxeLs7L/vA79sGoXo4V3Ik/WMLP2OZzv49CTzqrLyCj0xI9yyve1jYK3LYlOIvx+uDa4uG3+b/vgn+6k137zelv2ikFmuWSyONA00VKcNuJwOgnNBC8FzQQAAGzSejMZOc0k6V0iJfNAM0m71WWiZ+XlW76DTXnAWjORNUZe8dWtlvwT97Ny/tz30ua7z2TZTObTVEpeV6Z7zcS+asuRMMzJ3WLYOMmfyzWT7NrXXmsmx/+3dVhp7/6mWb31CdJ8svObpv22Myq9Ld2IGlX6a3mJ2b4mL+wqvV01k8IfrJngJaGZAACATfI3k1mzZNmXXmV9ayYOpZmImiHeNakVnSu1dOOktbxkS1pvJoMTeVvIvc/s+TuG434zMZYXgCUfaia1tHnnvVhfM1lXf1ty50Vv7b5x3/GO00Amyn0mk/y+d5/JW+4zwYtCMwEAAJvkPZvL+mDpqeV6waSjvy/1x5fdVidZuLAPW28m8kqqXNzIOdv9klzWaJ5fNhuN6khtJovFTSNjOqsrfq28OGOpKJ/N1cnm5f3n95tJOm6eXV43T0rGQ83kouAup6QrfXlbyXygxwvdy6t+p5PKnnqHLeR9Jm96k0m3cqztZQaiabQP9/P2XS5jMTw5/s+btyX3z3W4fDbXoX1HvP1e99lc2/aQaCZWxdX8dGvtae6R9YO/VjsGzf9p7inCoZkgMjQTAACwSd7lT/Hjsn/9wX3IVdwqnsmb3e83k4TYe/RxefjdVasmj08U+jf3m4l8hJezGrPuLntsGXF59tQ/dv+510xmvYbYm8g2yqn7zWRmvC+JViMiesuHj/J7Nov21zZMq762ftG1/tI0bev1rrxxfiGfuGWN7R3Nd2J89w/f/Sefu1uvtK3f33oD3fRbeY/KbzsT+08gmolnNy0ayHbJ+Sj/jn9nBuae123CoJkgMjQTAADw3Nx0s75nBz+Z7uoe+nzSjK/dxfINh9s76tDPimaCyNBMAADAc2LFTSNVbY3vL5g8gfzfBd0wjfeFwfSHfP7PgGaCyNBMAAAA4KGZIDI0EwAAAHhoJogMzQQAAAAemgkiQzMBAACAh2aCyNBMAAAA4KGZIDI0EwAAAHhoJogMzQQAAACen6WZ/J05GVxeqaN41mgmAAAA8PwszUQ3zKxZVUfxrNFMAAAA4PlZmglrJi8QzQQAAACeiJtJ/9NIN0yReqOj7vsO7od4yZ6pR+AnRDMBAACAJ+Jm8i5ueXVicHk1nc7UIx7lptnqiFStXNHe6E/UI/ATopkAAADAE2UzcQrJh/TJ5XB8dFx0XqoHfY9hpdBSx/DzopkAAADAE0Ezubu7m8/ni2Uz8V/HJcbF3tWh30lpJoZhNjq9UsbKnrlLMYlksXt5nT8W5y3I12fl4kkxaTWarVM9fpJMFputTuOkpGflV8onzGqr0z3vFTP2wXhqNBMAAF4C8f/y5CVE/Rf//TbdTHr9oWgjxqGVK9QX6+Vk+nkmxsXLdLaivu1x1prJvGeYTueZ6EcfB964HDhNOYszZ2Uj33PGPoga4/7vOdeNkviRDLeAg2+imQAAAMCz0WYynkxF8Uh9+CeZktduJZJyLULesG5Wb2/vxIYYF3vFRjyRU9/8CP5mMq27l4fZKZRHcrBZOjHi7qB8fVZ2xoVyatVD3BWVcUcemSxOgq/i4GtoJgAAAPBstJlUqm2nEnye3ZQrLWfbaSa1+pnYEONipNXuuc3hOynNpHhxPb12Mr2dLxaTjv6+NBAvp+30Y5rJYnE76lWLRT3O1Vw/BM0EAAAAno02k/j7XOqDvFBqYZcTfzMxczV/GwnfTBbznp5q+HYuzvJmS97espjYyyn20DeaiWNY5sb6H4JmAgAAAM9Gm8lZp6/bd5U4CyZeMxEj3fOB2BDjYtvb9b2UO+Dvrjry2q24lW+O7HnrXfJQvryYzhqZbzeTmuVeD5Y+ufB24QnRTAAAAODZaDNZLG95d1Ktrf1CRP8uM1fz78KzRDMBAACAZ9PNROh0P4kMBlfqjuWu/qflQgaeNZoJAAAAPBE0E8BBMwEAAICHZoLI0EwAAADgoZkgMjQTAAAAeGgmiAzNBAAAAB6aCSJDMwEAAICHZoLI0EwAAADgoZkgMjQTAAAAeGgmiAzNBAAAAB6aCSJDMwEAAHhyt7e3k8lk/OOJs0ynU/X0IdBMEBmaCQAAwJNTC8QPNpvN1G8QFM0EkaGZAAAAPK3pdKpWhx9P/RJB0UwQGZoJAAAvwKicMnVDTbIyUg8MZFgpPPhR2j0HdXfX5KLy5vWWGNn947B0MfG/a1Q5FDu2Xu+N5v7hNW3rr7038u2H//TWdkzau/bHbr3eba996uLdH7tifHt3/53V9gYP7C/lO+oB4m0Ddewb1NKwEeqXCIpmgsjQTAAAeAGuaulcPCkjColhb4h8qF+pBwbypWby5l9v/Nl6tWwmn9uyEfwmB+3CsuV702fZH+yDtd8P2599ezzzgXzTq603/9oWPwe+ArP3SnaSd//d3/lNHLDnjQ/Se+Isf717Jz/W9xaayX00E0SGZgIAwIuSNMyWOvZF1qGpW1119J4vNROFKAHqkK1tbO9+sCf/8/a7bS154Y4fvhbv2PEd6NrXtJLXWMYF7dVbd/siqf07s9yxSP5LO/7kbq+dWhy2e+xsbq6ZnFcq52sDl916Ji1lcsWrtT0rn05P0lZFHRUfVrXEG5VB9UsERTNBZGgmAAC8KA83k+kg8d7SDTOVP72YugsK+b/lAsvadV931/3GRyMuR7K1/vLARzWTibW/bawuo/JrH7rNZGTurVWIhiwO69dkSUrDWb0cWtq/kt64KDmF5ZvX3tJ6p/1RcDY30Ewum0XRQE5OCoVqI2dmcrWePXyezhTdIwaN+/XjqlcvZNOl0/b9XeOr83ShfGLRTPDs0EwAAHhR7jeTWa+WFGUjbjnXeunxnDNu5cvyZbIkNkqdazHSzMpOEk8WUylZY4zlcspjmklyRztevyXE9Smz90rL2HP/5v9kUVjtGmREK7jXZkaatu1/7WsvE7G9XE2RV4V5U5P9V1qyY+/53E3uaQcNd88GmknZTKczpXtrJq10vr7cPpcHKAb1glWSu+41k86JWeudV2gmeH5oJgAAvCj3m4nsGHmvNMz7pZye7Xi7vnQ111lethRn+xHNZKLUCVE7ZCnQtF2j0B27U4i6XRR8x8iB5T3zHvHGXf/rtebwuet8rKa9UeYlfzq3tPzrr8pwtWcDzaSWT6fT1pXaTMbFbLpU7/SHQyuTbg/WdvncayaDZqbYHI+bRa7mwvNDMwEA4EW510wGupErLu/HkCanerzsbH6lmYg28h3NpPVO23Fv7Vga2bfFy1vYt167t6qHbyajyjv5gXYHyfgfznU7EoPO08De/Gd1L8oGmslVt5rLpDNmptL1D4/Howv7NpN0rtJZ3+GnNpNGMXN6OaaZ4HmimQAA8KKozWTU0I3yelcZ6YZ7G4bSTD68l+skib9PrGKj+OHRaya94x1Na3/5EcDylvTtw0Xoq7k+l95qe77W8Vp7W3YmJ/LKLm98UjvwbprfQDNxnVesnJVOZ4pNWSzG46HYHtlb9WIm88+p/1if9WZyXrXclReaCZ4jmgkAAC+K2kxkD3ncmkm3rCdr/eVRjcxjm8m+mPx7j896WN1dBrlIvvHd8t47khdgrY5aWh+89V5m/u3er+IaZNxHdXkbS95bNtlMRKeQfSJtiVf9Wk5ek7V0/0FbS2vNRD6Qa53/AjH1SwRFM0FkaCYAALwo95qJfZ/JamHk3n0mpru9OCvrqcZwedwH+wldzvbXm4mY+3/pqVyu1jtnzcRZXvnmU4Pfvnr4qcHWnvbO92e7Lb/V3pbk1tDStt+tdvjKzJeaSbe7+uM83ExuBv5jFL6+MB46KyN2Mzlx7oYXgx/zAZpJ+Z9i0U1efJLY6PsOVb9EUDQTRIZmAgDAi3K/mSyGp+vP5rK8Pc5vjk9myvGCqAszudcws/mS+GejJv/pfsCXm8kgvSvqgfL7EuWgpjm/flFWA23Ld4DvNy2+Pqgvd4jjSjfLQ774mxble7fe7L1799b5DfHexx68kce/e/fuzW/yre5zutxmsuX/dZDNhb3Gomnen2d3+VXd/Ede6ib/AL5jFL6+MK6X8zlT/uaSTNZqXjg1RbgSIye1hpDLpnNVe/HjQv6aEn9jUa/mWuFqLjxHNBMAAPDz0x66rOunpXQG6d6zuZ6c+iWCopkgMjQTAADw0xusX471s5tMJmpv+PHULxEUzQSRoZkAAAA8rdvbW7U3/HjqlwiKZoLI0EwAAACenCgnm1k5EWeZTqfq6UOgmSAyNBMAAAB4aCaIDM0EAAAAnuibyd1sdqeO4UWgmQAAAMATcTMpHZuJTCkRN0u9mboPzx3NBAAAAJ7omsl8qhvmxbKPXJwU9eOPawfguaOZAAAAwBNRM5le5FPmh0rfP/YhYea7T3l3P35yNBMAAAB4ImgmrXwunjkdPHRzyaBW0o/KrfFc3fFNw4b+vmhV2s3aR+Oopu7FV83OqurQRtBMAAAA4ImgmUxnd7pRbqnDUssyh3ez6e13N5NyyhyqYws91VCH8AX5I1Md+vFoJgAAAPBE0EyErzUTdexRGhmz668z1xdWytINU8QZmPVOjbipJwrT5WH6YVUu0Rhmqn4tXraKRbGdzHeuHlrMef5mvXixpw7+YDQTAAAAeCJuJs1Wx013tAjRTBaLeSIue0i+MViOjLw1E+vQ1DNtZ9tYdhVxcGt5//2kXiwN7crSrXoHvDiz3oZXTmgmAAAA8ETcTEQ9iCdzIk6LCNFMFou7637joywnXadwrJqJKBvZM3etpJwynbvsveUUofa3OyiqSfbFNpPFfNo8qQ03t2ZEMwEAAIAn8mZSdkfCN5OluFstVs1ENwpluSQjiVN0l4Pu0GKRPzSn19devPGXZG4kSuXN/lYZmgkAAAA8z7CZ6IZl/7zxmkk+Yep/uze2+K7mWjWTSb2YPdvopPwnI2uJOvbj0UwAAAA2bDabjZ+U+ED1HEE9k2aSjVvlhrxfpZgpGNmOMygqyuD68lY+Fbccj5vVVq9ROfEvpKzePx/phtlodRqV2odjp9i8INP2yYZXSxw0EwAAgA1Ti8VTUM8RVFTNRN6t/mCCNRP8imgmAADgQdUPpvdQow0ZNZLL6Wi24lz7/312tTVipPfP4f7utth+m3YfxbRY3O693tK2dkbK78iYT5rH++LIv6zlqeeTnd807dVWe+IOTNoZccDW72/d14PMQd3dXDfQvrDDobaKp6CeI6homgmwoJkAAIAv0FNVI/8Df5/BbbOk/gYLu5m427O+nih7D3H9frfavrwG53Y5PZlY+wVRMG4qb1/JxiLsaNvLg52X2tvSZ7HxufTWEvP8SWHf7jbCcmOi/ce59n4iDpUf/ETNxKqce9t5M5NOZ7oj3+7x+OrT6YmVXhsaX6bTRf9r9RxB0UwQGZoJAAB4wLyXOLnU4yfNG+d11+ouUkm5mlHuzWa9hlzZOMy5xWHWl7+zzjBTRe96fu/35nWTFfkQpGGlMJzKw4yjYrE7XSyu3at1Uo3V1Tr+ZrJYiG3xHRa+Ww+8TxNnrFry9+DlveUMxdh6W16fmdQPMoPFonGgabvOwPGuWzwc2quDurOKMq/v5yeidewum8mBu7HqG9qeJb/HUzSTUk5UkbSVO5EverXix/7V8DxdaAxXh1zlMplCPrcaEL2kWbRoJnhmaCYAAOC+ZlZeylX729Q/nNoDXf2o5uyyDs2WW1cmuimriB5fPsVn2Eifyn0PNpNUzW4R8242LuuHGPnamslicZY3nU5yv5nohyfOcko3bz1wyZlvYWQ5Mtq2V0h6R2+03WNnrH247XvvrfZfr0tMnF7xuX7w5i9rVDnYW17XdvBasy4mB79rA6fDPEEzaVa6vjWTVql1JX+mc7W+7yDhvGJ521Urnf94STPBc0MzAQAA9+lGUf64aX9wq8JyscL+xXSrw+RjjVa7liMPN5PlyMj5hG82k5b1pWbS9d8g7f1eCs870UIOvbtKFrfTyajb3N2SdeK7msmo9Nfuf63DP3Z2E01nx19vNKve3tnSms5SzRM0k3G7VkxnMu1PdiMRrSOXTqdN/wEOr5lcdSunl3KDZoLnhmYCAADuGfin/l25PhBBMxGH6Sm5YnO/mSRKfe+X4N0qN7IvFpq2L28UUXw63s9PBuldTTtwBuoHmr/UaP+WV3vZBtr/mouLpHcjyp6zAjPvbTt947an7RzLW3CeopkI1j/VdNq+WGvQtP5pdOqlXPXcbSpLXjMpZd0NmgmeG5oJAABQNLNOG7HNe7r8bRBfaSa+q7k+1ZZXc5Ua9tVWs2bpa81EKRX+ZjJu64nymX3ZmPg0Z8z7ND1eKA/vNRLbbfmtb73E5yIp7x6Zt99tuxd6KXfA76/fAT8y97Ttd86u0n80uUYytN4t/wyi/Mj76e81k/bQmQ6pzWQ57lr1iX6rPxhZ5Y6VtsSrZtG9zb2YzpRaq6PGvmbSX7LSBfFe7wD/54dBM0FkaCYAAECxvILLZV/Z9bVmIkZKncvp9dWHhOn0hVTcNNIfp9eXife5LzWTRa+WLPWuRpPVBMJuJtPr62brVDfM2rJ7iE87u7zu1srepxWPTFFOupdXjUpZ+XUX1r7dIlyDt8dWpdGdDLu7W5pTtyb5/T+PK93KsfaH84v1Jtr24cK+uEt7tdOb9HacFZJxYf+VVuqOJr225naYiba1O5pM2tbB9kFdlphBZj9ZWeqK6uJ8lGwmyx3dsaw0y3GXVyfG/VN5/3s6Uz2TV2j1arn6+XA86qez8oaTfj1fX95u4r/PxMGaCZ4bmgkAAHjRLpL2hVkb5W8U4/WnBgemniMomgkiQzMBAADYMLVVPAX1HEHRTBAZmgkAAMCGqa3iKajnCIpmgsjQTAAAADZvOp2q3SKQyWQiPkr99BBoJogMzQQAAAAemgkiQzMBAACAh2aCyNBMAAAA4KGZIDI0EwAAAHhoJogMzQQAAAAemgkiQzMBAACAh2aCyNBMAAAA4KGZIDI0EwAAAHhoJogMzQQAAAAemgkiQzMBAACAh2aCyNBMAAAA4KGZIDI0EwAAAHhoJogMzQQAAAAemgkiQzMBAACAh2aCyNBMAAAA4KGZIDI0EwAAAHhoJogMzQQAAAAemgkiQzMBAACAh2aCyNBMAAAA4JHN5CaiZqIbpj/lSks9As/aEzaTGc0EAADgF2c3Ezm1uz/fe0xi6uc9zufZTerDP6KNnLYuxMvhaFIofhQvxbh6KJ4vmgkAAAA8n+1LuTbdTEQJqTc66qg9rg7h+XqqZnIj/wbf3tzeqScAAADAryPMTSY3wZpJ8rh4ORyrozYxLvbeBphiDhv6+6JVaTdrH42jmroXXzU7q6pDG/GkzUQum9zdzdVzAAAA4FfgLJjcn+Y9PjH1Ix/BWRgZDsdZs+oN1hsdZxVF7O33h974IzUyZmumDv44k1pRHfqlzXrxYk8d/PGeuJnc3Iq/0PM55QQAAOBXIuZvN7fyvzJH00ycu0r8126JluKNZ8yK7/BHEc2kq85Iu7rVdbayhpmsjOwNa9Aoy1PHrQunyZyV9cNqwyqKwWyt7725ao8kso2LqfO53fz54u7yVAxOB/Kfyvf/5UVRTsbj8VM1kxu3nNh/p2eyohBCCCGEkJ8/zuQtzCO5vMTUyeYjVGtnTg+530zujz/aPBGXb8w3BsuRB5vJqsAYzlnOZFFx31CwqhN7I281nN4y7+UTpjOmG1b2zF2XyQb5hj+9WS9/FNmfK3wz8eJWFEIIIYQQ8ivk/nQuWGLqBPNx2mf9B5vJ/fHvcHfdb8gll3zX6Q8PNxPv8GLSnC6cZmK5Q59qqfq1+Jk/XB02rBRqcqyrZzve45+eZzNZzKfNk9rw+2/yeQpP2EwIIYQQQsgLTEydYD7a7e2d8niu7rlc7gjeTJbi7tu/0UxapilvZ5HNpOAOzTvOYSn/Fzgr58/Fj66zy/Ecm8ncSJTKvQ3erLOOZkIIIYQQQsIkpk4wQwvfTD7caybJh5qJb81kOfjVNZPn3Uym7XKEtWRBMyGEEEIIIeESUyeY36n/aSSKwfHfJW9EvIwncr5DHiUbt8qNTrPVKWYKRtZdihEf1ez0qvlCPL5qJvrRSfe816ic6ImqPEg2k1zCbHTP26uKMuvqiWK3P0gfmXrcWVFZaybNrGk1Bldj756WX9u0fRJtLVnQTAghhBBCSLjE1Anmd/JueffnrLN6RtbTemCtw381F6JDMyGEEEIIIWESUyeY36ne6Pg7iZHIDS6v1IOeDs3kp0UzIYQQQgghYRJTJ5g/N5rJT4tmQgghhBBCwiSmTjCBQGgmhBBCCCEkTGLqBBMIhGZCCCGEEELCJKZOMIFAaCaEEEIIISRMYuoEEwiEZkIIIYQQQsIkpk4wgUBoJoQQQgghJExi6gQTCIRmQgghhBBCwiSmTjCBQGgmhBBCCCEkTGLqBBMIhGZCCCGEEELCJKZOMIFAaCaEEEIIISRMYuoEEwiEZkIIIYQQQsIkpk4wgUBoJoQQQgghJExi6gQTCIRmQgghhBBCwiSmTjCBQGgmhBBCCCEkTGLqBBMIhGZCCCGEEELCJKZOMIFAaCaEEEIIISRMYuoEEwiEZkIIIYQQQsIkpk4wgUBoJoQQQgghJExi6gQTCIRmQgghhBBCwiSmTjCBQGgmhBBCCCEkTGLqBBMIhGZCCCGEEELCJKZOMIFAaCaEEEIIISRMYuoEEwiEZkIIIYQQQsIkpk4wgUBoJoQQQgghJExi6gQTCIRmQgghhBBCwiSmTjCBQGgmhBBCCCEkTGLqBBMIhGZCCCGEEELCJKZOMIFAaCaEEEIIISRMYuoEEwiEZkIIIYQQQsIkpk4wgUBoJoQQQgghJExi6gQzlHkibqZPb9RhvAA0E0IIIYQQEiYxdYIZ1NlJSY9bd4tusjJS9z3GqKEbZqo28Y8lDDN75h/4It0oq0Nflk+YU3UMYdFMCCGEEEJImMTUCeZ3u+t3TvN/50SvuJjOFyGaiXFo6h9O/WN6/Ic0k1LKvFXHfm2zs6o6tHE0E0IIIYQQEiYxdYL5bT1RQnwpXk39l29149bpxXjuG3mcUSPb7KTjpjdwe3pS7Taeqpl0C9ZQHXtW8ker/+kiQTMhhBBCCCFhElMnmN/WXW8mSiWw9yZq64OPMLJLyHnV6tqtZnKaMszFWdlpJqKlGKlyf3yVfm+27B40rBTKllWsdbrX8qXzNbIJc3Bnf9qsq78vdc8v4nHTsLqL+U0xZV5cX0+v5dHllDOJH4kNI15otjrWkVka2GPznp6qisMGrbJhte2hX4YoJ/FiTx3dFJoJIYQQQggJk5g6wfy2H7ZmIkvIpS6KhCgmtaJ+WPWayUq3au+XzURPNbxh2UymHT3lNqJuwWrN5Ib8HCO3sNuIt2bibyalof1VZ+24XU1umyW3oshryb6xDvPTmfUiXDmhmRBCCCGEkDCJqRPMxxFzeqeZXN3d9VsN6ynuM3FKiFwqkfe+52RD8JrJtF8tloy4PKMzIppJa/Vm0UzkF/Bepta6kxz/UjNZjo2cRjStF8vLry+r0S9l2i4biZI6uik0E0IIIYQQEiYxdYL5ONnlgok34jybaxa6mVQ/mJPFXD/6KJculs0kITpJqnp1fT3tf/xCMzEvKoWyswBiN5Opfe2Wk8Wjm8ni5kJP1e7mN5PzWrIa6A8SmbmoJeWevVQUBZoJIYQQQggJk5g6wXyc0nLNZH04xO8zWTaTxU0nkcpVnacHu83kSk81nF7RLVhfaCbyyqv0oelMzMVhXktxNDKPayaLG8PsLAd/IbKWqGObRTMhhBBCCCFhElMnmI90XjXsZtKSV3A9Ba+ZLBaGV3iWayZnpWI8bupx6+pu8JVmIiboupErfpJfqVksiq9nvC+kivaN7POJczHY1Teaydy7Bsw4ri73/vRml+rIxtFMCCGEEEJImMTUCeZj9fMJewZ/9FHd8ysb1kvZSrvZ6oik3pvOc8LwGDQTQgghhBASJjF1gvmyOQ/ycgzLhUagC9NeJpoJIYQQQggJk5g6wXzhpv34ob0WdGhVL6bqXnwZzYQQQgghhIRJTJ1gAoHQTAghhBBCSJjE1AkmEAjNhBBCCCGEhElMnWACgdBMCCGEEEJImMTUCSYQCM2EEEIIIYSESUydYAKB0EwIIYQQQkiYxNQJJhAIzYQQQgghhIRJTJ1gAoHQTAghhBBCSJjE1AkmEAjNhBBCCCGEhElMnWACgdBMCCGEEEJImMTUCSYQCM2EEEIIIYSESUydYAKB0EwIIYQQQkiYxNQJJhAIzYQQQgghhIRJTJ1gAoHQTAghhBBCSJjE1AkmEAjNhBBCCCGEhElMnWACgdBMCCGEEEJImMTUCSYQCM2EEEIIIYSESUydYAKB0EwIIYQQQkiYxNQJJhAIzYQQQgghhIRJTJ1gAoHQTAghhBBCSJjE1AkmEAjNhBBCCCGEhElMnWACgdBMCCGEEEJImMTUCSYQCM2EEEIIIYSESUydYAKB0EwIIYQQQkiYxNQJJhAIzYQQQgghhIRJTJ1gAoHQTAghhBBCSJjE1AkmEAjNhBBCCCGEhElMnWACgdBMCCGEEEJImMTUCSYQCM2EEEIIIYSESUydYAKB0EwIIYQQQkiYxNQJ5iMMKwXdMJ2Uh+5gIu6OJCujtaPxMtBMCCGEEEJImMTUCeYjrJpJ3PIGZ2dlmslLRjMhhBBCCCFhElMnmI/gWzNZNZNp+ymayeCj/zPxC6GZEEIIIYSQMImpE8xHuKoWrLPZYjE33HIyd2pJtj2dnZWT1Sv1DY8071mH5rRebN6oe/Dzo5kQQgghhJAwiakTzMeYu9XBKSTp/Mmyoki389WB3+X29EQ3ioubTqp+7Q6dlbuLu8Sh6Y7MJ2JbP7Su7tz9g8ZHw76/JVW6cIcQEZoJIYQQQggJk5g6wfxOgxP3yq5lWQguJUrOqew8hpFzh87KeqLsHaAbBXA8OP0AAAGySURBVGfDWB7pqX4wg67U4GnQTAghhBBCSJjE1AnmY/yQNZPL5b0rMl3nQ87K5dVNKz3/AbrVFUNXrY/xhDuyfEgYokEzIYQQQgghYRJTJ5iP8EPuM+lWs7VOs2WndpI9s6uJ0kzECa6v3czuFouJHre6l/Jlw6SZRIxmQgghhBBCwiSmTjAf4Uc8mysdN/0vdaNYnSjNZKE+tqtbTrfdBZpUnGYSMZoJIYQQQggJk5g6wXwEr5msl5D5Q4OPJe9990kZZqo2UZpJ+dhMWI1mq/Ph2LLOFoubrp4oTceDs1o1cWTRTKJFMyGEEEIIIWESUyeYj8DvgMd9NBNCCCGEEBImMXWCCQRCMyGEEEIIIWESUyeYQCA0E0IIIYQQEiYxdYIJBEIzIYQQQgghYRJTJ5hAIDQTQgghhBASJjF1ggkEQjMhhBBCCCFhElMnmEAgNBNCCCGEEBImMXWCCQRCMyGEEEIIIWESUyeYQCA0E0IIIYQQEiYxdYIJBEIzIYQQQgghYRJTJ5hAIDQTQgghhBASJjF1ggkEQjMhhBBCCCFhElMnmEAgNBNCCCGEEBIm/x+0etC1Z25iHwAAAABJRU5ErkJggg==" alt="Screenshot" width="100%" ></p>
<p><img src="data:image/png;base64,iVBORw0KGgoAAAANSUhEUgAABDMAAAIGCAIAAADGMlPIAAB7M0lEQVR4Xuzdf1wUd57v+/N43Hv3/nHu48x93HPPnnse955fycz+ODk7u8tOdj2zO8eZ3mGGmYzMMJJkwpiEmaxkkiXJjjozMdmMM0nc9CQiQWIwojGmQQmtqCFiAggCDogKKAkRRVS0Axi6+a3Q0ND3+62qrq6ubhCalsbu1/PxiVR9q7qquyX4ffP9VvW/uuutTmpxamB8amh86ubk9MSUd2raO+2NKd3OG+YmAAAAYG5EZ/JfBXegqdtRSXYHyQQAAAAISSYTc9sdTnT3RadfdP3HJqdHJqb6xzzOm57rNzyfjUw6hievDU92DU1eHpzoHJi4ODDRIap/4kK/+3y/u90l65yvPnXOWPo+55SHiBIPvyBLHM19ccB9aXBCnKJraOLasKjJ7pFJ8QRcY55h99ToxNS4Z3pSJhPB/OTvaCQTAAAAhC0Wk8m07PRPTk27p6ZvTE6LMDAwJlNBn8gno5O9o5M9o1pKUYLKxNUhESEmryhZQquhCREtblliN3X/K0MTV5QcIg6lhh/xZ7c8kQwkosSp+8emBsc9NybUAZNpjzJgQjIBAAAAVDGYTLyGcCIywLhnemxyWkQCUSPuqZGJKZFVhsZlThgcl6FlwPdn/5hHqSmXkmRuWWJPpeSj9IOIP8Vhh9zyLKJGlEGSUSWQjE1OTcin5FVjSewhmQAAACBssZlMvL45XUo48U4o4ydqRBF1U6kbSmAYVRKLuiBzi1oTek3PUL4dDNlDP9QN5eAyimhnlNO33MoMrkkllsTePC4VyQQAAABhi9lk4lVGTpR8Mq2UiARyDpVHiStKyZygDGKoJS9NUUvdNJcyPko9jmGrPIt6Ro/yBGQgibkZXEYkEwAAAIQtlpOJiQwqplKGVmYvX7DxV/A+ISroXPGAZAIAAICwxVEymaPgUDF7QUcyAQAAQNhIJogYkgkAAADCRjJBxJBMEA8Gxqe7b0x9NhqBEocyHx0AgDhGMkHEkEwQ81xj08EBYyElDmg+BwAA8SrMZOL2eB3DnnPOyU/7lHLq5ZHlMlS/rPMD8g685qMgtpBMEMMmprzBuSJSJQ4OAADCSSaj7un/uqX3rtzrd71x/a6t1+968/O7tonqu+utvru2O+/aIetL+d0Pl4+klw9/8Z3P77YN3G0bvLtwsNIxaT4WYgjJBLFq3BPhoZKQZT4rAABxJpxksuXEyOzJ5I/zu1MPu1zj8gMHk/Zf15PJ3XuGzMeKkJ+v++WPfvyIKPOGiFJPcbvPcucimSAmTUx5I3VhyezFyAkAIM6Fk0z+6+s9sySTP8l3VDkmhtzyc86nvdOucc/dtn49mfTfnis+v5GY9F+/9KeizBsiSj3F7T7LnWvhycReUmGsmitq8zVT+2Dgo5aChuzVKdmN5tZ58fT97MerU1Y+uSojy7zpFrqfsneb2xA5wRHi9pX53AAAxJPIJ5OfVvSLWOKZkglE/Dfknrr7XX8yuU1Xm5BMloKFJxNrVlH2m/u12lK094za3GbNtvva7ZuyixyBjwqWsnJ1iFpgcpjVvJJJa96T5iavt+z51YV15wZ6zjVVtJq3ieO/+uSEuU3nTyaz7qbZnC7ejS0BTQOtP1FC0fa67oCHT3Q32PMeeGB1yo+eOfRxwIDnRE+j/Y2XxLv6QPq61gHjFu/A+arCl38t3/Afmx8lHvfSL5+RB3zgycI6U5oKvemp4L/Hlauv+baa2jef0B8nkt7Qs08/I9uDnryR2MHcFMjtWdRkIk4HAEDcinAyeazCJaKI8jnp8lMIJzzTb593G2dzjZJMYlckkslB/8qZCn8yKW7ztXaX5986mZiNNaW8XDVqbo2kuSeTgdKXUp749UtV5vcq5ZF8U4vRrJFjHslktCqr6eKBp4zJZLRuVXadttx1YM0Dvp66p2uzIaj0VmWt0jvxXQdqe/znqXjlmQrfm9uQvX7A0LceqN/y0jH9ld5ISTec93rVqu16Bptlk1nKypf8yz8/YNhi1J2ytlhfGT2359nDfYatCk/nridWi784c3ug4PBwu8v8DAAAiBuRTCbJ9t7eG8ocLoVnavpQp/tLhivgSSaxbckmE3+X+raZezJZtXJd4WX5p6l95k72Lc15NpenS/b4HcZk0rr9kcA3x9P6s8LOgBafgcMvNZjbVEOzvHbxurQhDscBe+DfXMrK9VpLqE0B67qP87d/7F+b8bwntpieqnmYSPxFPPBSmVP+xZnaTYKTQ9j1cmH/X1bfDG43lfkZAAAQNyKZTDJrbgyM+5PJ+MT09/d9dve7AySTOLFEk4kyYGJsqLXnqfN8fvLLgN6q7OYOtMoJRStX7zovW9Qe/9Zfyp1rh7XdDhVmPaDMETKOG5iSyZoHnlxzsEtfNUpZf3jA6y18wtAhvnxYPak+H0ntLovzKieSl52YOtCtpXly08rVa17eEzBmMms/+5r919c8Xu+pPH83vav4qaDYlrJ2hoxUb+7u62ZMCMZk0nPAGCrkppVZFWMzbgpY96l9ZbVh7lj3T94NHaLEaywLnGOWkrEnYH208Xf18tv10Frzyzea5ZZcew/1f2G7rG99OHJ2xLw1ZM0xmYiTmp8HAADxIaLJpHbs8vD01JQWTYbcU//jXQfJJH5EIpnsbzzdqtXhUn8y2VXjaz+59835JZPZB0xSHvD3gFN+vmVzfcAFCSkvb/ld+q+NLV6vP420bn8m5Qmtv2tMJpvTV880c2yg9KVatS/uPGyY5iQZx0zE0UznNUYO0ZluMJxgzY/WzSmZeFrX2JWwdGKLnkyu2dcHDybMMF7Rd2j9DAd3Ht6q/U2ZNWQ/U2t8qg+s7vXN9Wravi7gVcy8yShwzltj8KQ43aqVz+jHOLThGRnJDPTJY/afz/CiFLN8rqJIJupCXdXAF3YOBe8QXHNMJnz2IgAgPNasiiZz22wGP6mxZhWVBf6Wb1eO3f6J2lnx6W5Qu2Sbdp6cVx8sDBFIJve+dfk7uzv/YlvXn++49s65qe5RJZwo8cQ15llW8NnsyeSX659Xu/unTjfpXX9Rv9u0eWLC3wv81ne+Z9wqKiX1QX1rcDK564/+m9ry11/92pUrXX/2l/eqqw+mPfylP/0z/SDf/PZ9+kPEc37n3QLTWX79G/+kdr1RXfV4PMY9xaq+Z3xaeDKJOBEe9EsgQjJ2TFOCZ1g9kKUFidAaN/tij55M7GtXmzrBRqtW+q99NwUAUzIxndcYOVLWHzZskVOh5pJMVj3g+042JJOmLauDZ5EFj6IIu55YvWqGgZGfrXwmYF3OFlOGgB779WjQW9G6fZ0yOvRM8PUws2xSiVwX8Lfp6dturxoYGBoY6GqtOCAeq2cb1aEXn5QH/LH5r9VuGCeZPZnMcrNgXzKZSH27f3mdljdePnOzvX9yS0l/nbLaeGzgC/kDZ3vG3/lY7qAlE+foslnziTip+XkAADAH800m1qyPzE0h+ZLJIlhoMvmTN67ubhuvu+becWbkv+X3Pnls5MT16bFJbeRE9PWzmkbmmEzu+fO/MqWC1Ad/rO7z6qZs0ya18rZtV3cwJZP9Bw7q+4hYIlr0ZBJ8lrfyd6qPEqHFtEmt5hbtb0NvUVd/uvpnekv6Y7P1b+LEEkwmsw+YeE3J5IE8wxalZe2BXlNTgOBkcmPGqVDSDeOcopf0a80VpmRiOq8hcnQFTWFqunUyGa1TJy9JpjGToGQS6nZV8gr10OMYo43mxDLW1VRXV1tXd6hwS8qP1hkfNHruwANPZBWe6LJv+rVYMGyZbZMuYApckIFT+au2+H8g99bnPfDzvN7zVdufXycWDDuKt9p/cfzsySQ4Nuilz+b6ZfP4JdPWy8MvX5MLT+wUoWVMb1eTifizPehopjI/DwAA5mD+yaTC3BTSHZRMXm9x35xQPrpk2nuy233PjutPHBs+0Tv92ei0MnAyLe8abPg8k1mSiaifPJbxyu9eM6YCsUN9wwlji6nOtsr56cZkoo+WiLrYqfXh9GQi6i+/suw3L75sPIjpaQTX5KT89HrjqjGWpD2crr+ceLbUkknoAZPrVSk/embNy7ubzncPDAztetqQTIL76EGjBKPn9qT8eN2hujrlV/VVLwUkk7qU9FdmSSbyrlyBd7k1TugyJRN9OailMeDeuNItrjO5dvDXAXe+mv9srpQHzMMOGk9Xyj/Odksxr++Kf+nins0nAiewrVy36+KMm4yrij7zYFGQzb6wN1qVpc5c87mhTdsba9qcHvAWzZ5M5jBmMvXZuaG7tw8oyxM/3tt/904ZV16+Ijd9YfuAuqCWyCR3v9v/hcLh4KMZizETAIgzE4MD/aKcZypszbLjkl/S0NjZe7GhIvdDealmXtbBksqKkprWiy5vU3GRtaght7ih8RPxT7/TXtl68fP++pL9ZcpHwGnJxNGQXaJfoGvQVlN17tqV1uPWPa3eiVFxRmvWR+JPsUUctjzfXn+6dVyeTvvYhrzsorNX+xs/LNu0xa62WPMbjLO5euvKcksvGBqEibwPtU+jC89Ck8n2No9rTJu7Jf482eu+520ZTt4+57k0ND0wPr2vc2KOYyaFe99TW8Rx9E7/NYfDmBD0R+ktX/yT/y5WLYnfMe6m1qfn2vX99WQicovacuFCh/Gw+vI9X07QH/WDlQ+ojSKHGPcx1s2bs033iSsLTyYRvM5ke/rqlOfLza3KBC3j6q6MeSQTOffJd2GJNBaYTH4uN42e2GLqZOuMU7lUM90ANzhgGFpag+7E5W8JfqBXGQMJWfJRPQfWBI2QpDztH1LwymlggZO1dCKWPGYeZQomuv7q0wvOAMqbJl91yE36h5YobjRkP3kpoCWEQl/O1MeydOopNge9Cb4yxzPVXK4z+ezjoT9UkokIHnqLGkhCjpm0twz+tNUdfEC9uM4EAOKSx5pjnlslkoBXiQp5ldo/9DKZZAcPdHSrO8hk4jhp3XnSvD2QPlSiL4jDNvl+LaYlk6nW3HJff+NSTchkIk1c23RACydXyg9at1UHbJ2/hSaTdcfG2gemJ30Xlox7ph//0PnXBT2PVQ0f7po60Tv9D5VDc0wmXV1X9Ua933/12jV9+Wtf/6a+Q8Jff1Vv9xrGTPT6csJf6zt7DcnkvuQUvdF4BH35X6yv6jvowzV//dWvGffRy3itCyKRTCJ2b64U5Z6wwUzx41lDF/aWyUT0bgNazuTrs8V8s7kkU/jxuRGQahQznT04YBhabphuNeYdKJ89mZgZxky83k7zFClPo/GzRHqrskIHLU9fxSvPhJ7fFeh3K1er16mHjB9qegy5acC47jxsfK9mogfFmZJJsJnaVcPu2ZLJ2Z5xUd96u/8LxXIY5PCR/ncc7s8G3d96Rxsz8V9n0njjM/8V8O4vvD0YfEC9xEnNzwMAEPPOVe89o/2zWl5cmv2G3ZpVpCcTfTKVTCZKo2Ji78792TlFVl90sWbZN20pKukIuspTNXQl903lsKGSid650k5nnMHlWw6RTLzesvwiObPIOyFiydmhGU49ZwtNJl/MvfpK40Tn4PSInNMlt4pwkvb+53fv7PuTHVf/dMet7831i189p/by+/r8HUm969919aq+fP+PtMtOBBEw9HZvqGRyz5//lb6zoF9eYjyI8Qj68tvvvKvvIMKS2qiOzJhOIer7P7xf3xlLJ5nseiKwX2tgnCY0UL9lleHTPG6ZTC4VrjOkjomU9GdCJhOvs1y7C5aBvHo7eHTtTL5+V6s5JxP56owX2c/13ly6gGQi79m16hVf1FE+aVGPG6tWPhM6lsx82ck1Z8Dl6wOn8n+mXxVzec+avYYrZDx9/oOE2uRf9Xq3PrJ6VZ4/L6kGLgdcb3Op9BX94xQnjmUF3GZt9NxMs+xmTybeWS81uU1lfgYAgFh3tsRu3aKFhJrdRXqHePZkkp9V5Nux3T9m4vW+v60o+J/otkN2a061ujynZDLVmlflu+jVMVsy8SrhZOGjJaqFJpO73uhd/o6rvmf6uu8zFsWfuz65kfD21bt39d/9Tn8Ek8mf/tlf6juIqKC3ew3J5L//xVf09qamZn3/uSeTh9Mf03fYvuNttfFb3/mecR9jjYyM6PvHuaWTTFJWPlOrXIQdWOe8yi13f2eva+8Zaq07nPKjX1e8PI9kol6lsL20daDn3O+efrLi+jl9MlhAMlH79KeM74Ycmgh1y6nOlFfq1Pa5JxN5qcxjL4mXMDAwdGjnSyI8LCiZyGyzurCideBy608eWP3AL7WnMXpiy8+2lJvfw2aZuBqyn9l82Pz2NnXJ1/vUytVb7VW1Z7rEc6st3ZOy8knjD0cR5ApL61ovD/Web3rqx6vLDPFtlk1eJU9qF6sYiBf77BsHegeGxDOvLd2dEjDr7EbKytX2iibxNC6dqfvZj1a3Bv+QVpBMAABRtynL7h8wyS8aV5emLsyeTPL0ZNJWbUwmIkjk15nnjcgHvlmjLDrnlEy8/fqJHJUHZ08m3olrCx8tUS04mWy9/sWt3ad6PcNufzI55nB/u/BypJLJP//6N/rqX35l2Ycfld/z5QS95fUtb3gN15mI5b/4yt/oW/Vwcstk8jdf/Z/6atJ93z/0fulPHsvQW861y0tWjPvvtvnvL/yt767QjxnPlk4yASJllktNbkdxkQkAxJ0zFcoMK6VEh2fKuSlbLttP986eTLx9reqjGnsnApKJMojhMP+ma/R8ZZnY2VbZmTenZOId7WgQ++fuaTg/euUWySRyFppM7s7tLu9yTyqfYOJVYsmQe/qhD/ru3nE9UsnEa8gVpvqrv/lbdX/TXYM7L13S92k4IX+TfctkYlw11apHfxpy/73vFesthBNvJJKJ//J3pS661OZ+U7v2uwRgUQTnh9tX5nMDABBPFppMvlHQe/2men9gGTk8U9N1n01+aUfvXW+7IphMrlzpMqUFtXqvX1f3D/6kxXv/x9+pLX98z5/XHf/9XJJJ2ZGP/vIry0yn+OKf/Hf1lsHB+3sD71Dc3y9vuxbPFp5MgCXo85vm/HCbSpzIfG4AAMLiqDzoH4rxX5Gy1C00mey9MDU2qV767p0UsaR74kvbe+/a6Zp7MpmXhhONW/PeOnnqtHlDRFUfq9m2fUfp4TLzBsyKZIJYNe5ZjDld5rMCABBnFppMrKcnLw9NTXim3ZPTNdcmvvjW53ftcM6STIYXlkywlJFMEMMmpm7jtK4JUgkAAOElk//2Rq+eTL621/XRtalLQ9Mdg9OrDzvv2u4kmcQtkgli2+DMH2+ykBrkA0wAAFCEk0yGxqeN9+b60x19Cbudf7T987ve6ps9mexqd5uPhRhCMkE8GBif7r5hThfhlTiU+egAAMSxcJKJV5nY0O6c/LTPV069PLJchurXanSSf4NjHMkEAAAAYQszmQDBSCYAAAAIG8kEEUMyAQAAQNhIJogYkgkAAADCRjJBxJBMAAAAEDaSCSKGZAIAAICwkUwQMSQTAAAAhI1kgoghmQAAACBsJBNEDMkEAAAAYSOZIGJIJgAAAAgbyQQRQzIBAABA2EgmiBiSCQAAAMJGMkHEkEwAAAAQNpIJIoZkAgAAgLDJZCL+oyiKoiiKoiiKim4xZoLw9fX1nfYR30w3xyYpiqIoiqIoKrwimSB8eiwhmVAURVEURVELLJIJwkcyoSiKoiiKoiJVJBOEj2RCURRFURRFRapIJggfyYSiKIqiKIqKVJFMED6SCUVRFEVRS7ycg2Ntl/pjuzodQ6ZXfaq7f/WxlkUucdLg939eRTJB+EgmFEVRFEUt8RoadZt7MLHIGE5eaDwXHBsWp4Lf/3kVyQThI5lQFEVRFLXEy9x9iVFtl/zjFcGBYdEq+P2fV5FMED6SCUVRFEVRS7zM3ZcYRTJBvCOZUBRFURS1xMvcfYlRJBPEO5IJRVEURVFLvMzdlxhFMkG8I5lQFEVRFLXEy9x9iVEkE8Q7kglFURRFUUu8zN2XGEUyQbwjmVAURVEUtcTL3H2JUSQTxDuSCUVRFEVRS7zM3Zc522ixmFoKHrOkv9tlagxf3cZac1P4SCaIdyQTiqIoiqKWeJm7L2bu5OTktB0d5uY5JxPL82Uul2vnmmRLYoZp0y3MJ5lkPlZgbgo092TinvSc6x/Zda7rU9dw8NYFVvD7P68imSB8JBOKoiiKopZ4mbsvJq6DO9/daHkwz9w+92TyspIvPG05D5r3v4X5JBNL5JJJ9+jYP9+2D4kPfv/nVSQThI9kQlEURVHUEi9z9yXQzjQZJ5qzkvUWS2JG3umekY4yiy+ZjBzbsP6DjhFHsyVx5mTi7cjTkklX5vPraztcLteIWCnOsDQ7RnpO52Ukakfb+ZilucftvjmSmmjxJZMu32FrN9ZpTcmW5B6Xq/ZYh1tZjWAycU9Onb4+YGw55ujb1NLhGL75+tmLYvXy4KgaXUbdk1XX+sTC0PjE9rYrOz+90ndjPPiAxgp+/+dVJBOEj2RCURRFUdQSL3P3JZDl2TLla/P6I0oE6Coo8EWP9b5kog+eiOwRIpko0p7Oqe1RG7pS3/LPDfMniq6CnZcCWtxH1s+cTPwRRRXBZCJq68eXbk54Tvb2Gxvfv9QjSixsae1s/nzg5dPnzw+MqJtEaFEXREQJPpqxgt//eRXJBOEjmVAURVEUtcTL3H0x8jSruULKLJYtdRv1ZKIHknTfQujZXM+XuQbVgQ2VHjOUrf5EoYUNf4t/NldQMnEU39ZkIupfmi6MTXjU5ZrP+sYnPB7PtJpMRH1+Y7z44mdlV3rF8u+aL4hNegUfyljB7/+8imSC8JFMKIqiKIpa4mXuvhhUPu+/MkSd1uX11K79QM7C8sr5VP5Aoi5kWkIlE202ly4gmSRbMtWFkQ/WNnvkgsWyVm1pzkr2J5NdykNOv+YLJK7krGZtoyLiyUTUDSWZiOBxTRkSqbrWZ0wm10f9E7cGxm4xVKJX8Ps/ryKZIHwkE4qiKIqilniZuy8GmZY0fdllz1TnYFlS1hac7nF1VPqvMzmyfuPRW15nogtIJmXPmq8zyUuTLSMjrvQk/ToTcdL17psj6x9ONl1n0myv1Z6VJd3rHhkxjs0EmmMyETnk990uW/vVD7uuO29q2WN4fNLafGHEPaknkzN9g2JVf9TQ+MTBS907Pr3S8vlg8DGNFfz+z6tIJggfyYSiKIqiqCVe5u5LjJpjMrndFfz+z6tIJggfyYSiKIqiqCVe5u5LjCKZIN6RTCiKoiiKWuJl7r7EKJIJ4h3JhKIoiqKoJV7m7kuMIpkg3pFMKIqiKIpa4mXuvsQokgniHcmEoiiKoqglXubuS4wimSDekUwoiqIoilriZe6+xCiSCeIdyYSiKIqiqCVe5u5LjCKZIN6RTCiKoiiKWuI1NDrzxxPGkE7HkP6SX2g8F5wZFqeC3/95FckE4SOZUBRFURS1xMs5ONZ2qT+2yxhL1DrV3R8cG253iZMGv//zKpIJwkcyoSiKoiiKoiJVJBOEj2RCURRFURRFRapIJggfyYSiKIqiKIqKVJFMED6SCUVRFEVRFBWpIpkgfCQTiqIoiqIoKlJFMkH4SCYURVEURVFUpIpkgvCRTCiKoiiKoqhIVTjJZMWO/i9sFzVg3rC4al+2dJnbsKhMyWR4ZEzU0PBNYw0O3aAoiqIoiqLivExdRLXfKGpkdFyt0RvucJJJ44mhzCODX97en3lkKERVj7TfMD9kTjyujg9ykhItlqTk4haXeWsQkknUhUwmweGEfEJRFEVRFBWfFdwtNMaSCCQTVWO5OnISov6hzbzzHIxYLMkbj2mBpGNXhsViCdzBjGQSdaZkIr6ljN9nISMKRVEURVEUFZ9l6ijqmUSNJQtKJt7rw8GZJOxk0vFWaoEpZ9Rt3HBMfrU8ffBEbkZykiWnRa6+9kSyCC1JD683JpMNsjGpwDfSstGS7O4oFrsp6+7Mh5PEcsZvi5tvPRKDeQhOJmqZvu2IKxRFURRFUfFTwd0/UwVnkgUnE+/N4EwSdjI5+LSl2dTkKE59q0N8tTyWk5S+fqe9UuaKrmJL6trm0ycq7a8lp2jJZKRuY+ovdjbXl1ksyepDN4ockpRadrRSLLtKMtfuKGuur8x8LKfZox8dETBTMrllOKEoiqIoiqLisIzdxcgmE29wJlFq4PnL5j1vqeCx4KlZtZaXa8UXiyVNb9qY6J/itTNdeUhLTrIvkHS9m17sUHazWNy+3WQyedecemKKx2XJyDM2bExNGjGu3zamZCK+n4K/24grFEVRFEVR8VnBvUG9jIFErRs3JxaUTFZs7//oyvjYlLk9DCFnc22sk18tlo16W6bh4hN1NpcIHhZLusvHrYyKbDRdo+J2bUhPSv3Fwa5YHTMxhJNFiyXeUMlEr+DvP4qiKIqiKCrOKziQ6LFkockkcXu/uSlsHTvTlLlbPiNlz1oqb8olYzIxjplowyxyzMR8rbw5mSjEbpklMXuhSe3LyW0ikYzUpr2+eANEsyQTIgpFURRFURSlV3Av0RRLFppMVuw03zh4IR9ysvMJeZ16wQeVlfadYiH1FTmVyxuYTLyXCnzXmeQYrzOxpGZWHq3c+dtMtcWYTE5kpZXVt7XVl1kSM4qDZozFEhFO0rIWL5Z455ZMKIqiKIqiKCq49EASmWTyhe39LynXdWjGRkXLmKEBsc2UTPTvquDvPIqiKIqiKIoaDRVIIpNMzraar2gobgrvQxZxR5opmRBRKIqiKIqiKGMFdxSDa0HJBHHulsmEoiiKoiiKouZYJBOEj2RCURRFURRFRaRujk2STBA+kglFURRFURS1wBKZRC2SCcJnSibi+yn4W42iKIqiKIqiTKWnEWORTBC+4GSiVvA3H0VRFEVRFEWpFZxJSCZYqJmSyVwq+Hv0RsC9vMyfzkNRFEVRFEUttRJ9NuPdt4K7fPMqkgnCt5BkElxqMlG/y4dHxiiKoiiKoqg7otSIMvt4yFyKZILwRTCZKN/KMpZ4PFPT0+YTAQAAYMkS/bexcfkrZpIJoiayyUTEEvMJAAAAcIeYnJxaYDghmSB8kUsmMmSLtG0+AQAAAO4cI6NyTpfo2gV19uZUJBOEL1LJRL3ChElcAAAAdzQ1mYQ9bEIyQfgimEyYygUAAHCnGx4Zu3Ez/AldJBOEj2QCAAAAHckEUUMyAQAAgE4kk4VcBE8yQfhIJgAAANCRTBA1JBMAAADo7phkcm70HBVjRTIBAACAjmRCRa1IJgAAANCRTKioFckEAAAAOpIJFbUimQAAAEBHMqGiViQTAAAA6EgmVNSKZAIAAAAdyYSKWpFMAAAAoCOZUFErkgkAAAB0JBMqakUyAQAAgI5kQkWtSCYAAADQkUyoqBXJBAAAALoYTiZljxZWBzVSS6hIJgAAANDFTjLJ/onF8pu9we2mesryq+BGKipFMgEAAIAu7pKJhWSyZIpkAgAAAF0MJ5O9aTvlbC5L4v3HrzU2fnxwTWF5a3ejxfJUo1jtbg0+ArXIRTIBAACALi6SSathN8ZMlk4ttWQSfGSKoiiKoihqjmXuWs1f7CeTfZvTLN9Ne+rNnWo7yWTpFMmEoiiKoigqZsrctZq/2E8mWg01WhKfOkcyWUpFMqEoiqIoioqZMnet5i9ukonMJI8qf64JfiwVlVpqyQQAAABRFFvJxOdXFef0ZPLoym/Lpu/+oLxf7la28ymx9u3MbcFHoBa5SCYAAADQxU4yoe64IpkAAABARzKholYkEwAAAOhIJlTUimQCAAAAHcmEilqRTAAAAKAjmVBRK5IJAAAAdCQTKmpFMgEAAICOZEJFrUgmAAAA0JFMqKgVyQQAAAA6kgkVtSKZAAAAQEcyoaJWJBMAAADoSCZU1IpkAgAAAN0dk0wQe0gmAAAA0JFMEDV3bjJxVB4Uf1qzivTKq+ze61+tULfaTo1pD3CdFI1NhiMAuB2aiv3/V6ot52sqxPKm7WXl54fUFmvOR/r+1uI2+afhf2R90yJrLC0VTyB7Z3Vj74Rc724o159Ld4Pvp4en7YDd6WsWL7ZpVFs2vRDfDyXxk6rN2LivQHtbhDy5NY7oP6JLmuVbqK/uren0Km+m729/In+7XW7asr/XsJv6gx064/eV+u0nvodzc4qs2Xb1ezh4ByE/y64fIY+3FKGQTBA1d3oykbob9H/dlU6AX96h6vysUnW5bJudZAIsHlfT3jOyz+6sKdX77t5z1Wpff2/lSfsn2m8NtA69r9sUJTJvOKa0FWddadPN0Mlk/NRH1j2t2UeuqM2yM52t9fP8L8HwQOMPJd8OY5uK2+SPy0s1NS59Y1zQ3w3xbgesHpKrejKxZgf8JDf9YEegtr2+XwGE+B5W6DsorpWdb633bSKZICSSCaImxpNJZbfoRig9CI9YJpkAi8aaXaZ89XebtHaldy7+fyzLL8pV+vdLIpkYfowo+mUXOVQyycupbpvyVu3SXpToTHunuo0vRN151mQie5Ai3mzK9g8cxQn93ZDvm391Qk13vmTStveM/giJZDIr//9iIb6HFcb/B9V3ftO24+oqyQQhkUwQNTGXTAKGreXP5am29y95vTdbq1xekgmwSEZbdzWqAyVtpm6lNb/Bq/6/eakmV9lkmgTlDwOLSf4YCeiiyWcVKpnkfnjNq4ycqD/v1H6e8YWoO8+eTLyupvxsexTnrUWL9m6MOzdl71dWtb/0qg753TJzMjHPR4KBMZkEfQ8rjMnEpuThsm3y/fcGPQRQkUwQNTGXTAL6QOo//JtyqtVfcJJMgMWxyT8bp7s83zhm4lT/r9Q65Tfb86q6l8SYyVTb3mzD85y6sPeMx/v5SX8ycSjJpK36ykD/oFL5NfJKCTWZGF+IdMtkovwEc+grccP0I9q36lQHnXzJpFufLBe4G0LyJ5MQ38Nquz+ZOO3Nyjdw5/E2Zd4XyQQhkUwQNfGQTMq2FeVnqxfEk0yA22/qguim62sB15lcqqlSrqzQhws2ZZcuiWQSeJ3JaGOZMkf/gm/kR74K0Vlu3OPv+VmV+TBaMjG8EIlkMoMZkol897wB15moUwHNuyGU0NeZiO9hNXt4jcnkynH9e1S9PQzJBCGRTBA1MZdM9PuQyJ+2Wu/HdVJO6CKZAItBDpLoU7PUJu3eXDsrqnz35vJPZBptMc3miuIcJ/XeXNY3K7R7c4lA0lyjTTdSnrl1t/9HiHoNt55M9BcikUxmMFMyEZH1/Use/725pobytijfD1sCJn1xb65QAi7lMt2bS6XtMHXBnuO/K1d+VmmVSyQT7b2Nw+9GzIJkgqi5c5MJANwOg80Vmwy3VQWAeEMyQdSQTAAAAKAjmSBqSCYAAADQkUwQNSQTAAAA6EgmiBqSCQAAAHSxk0zK84tyt+033vrRnlOkfq4WliaSCQAAAHQxlUzyKi9Y97T6GsY2HbigJpPRqy0luw/KO0KWKFuVO72ePSJv0bi34dqkfggsLpIJAAAAdDGWTLqt2R9p666TZVe8ajJx1n2UX9IwONCbq35GqUwm9tySk4OfX5FxxfCxXFhMJBMAAADoYi2ZNBUXOeXatbJtMoSYZnNpHy8lk4nvs4HOVXPz+GghmQAAAEAXa8nE21ZddsUr/tyUVer1JZPJ3rbyYuXjddWPGjUmE+MyFhfJBAAAALqYSyYijeRU27Lt9jaPXJbJpN+666QykOI9WxKUTBgziR6SCQAAAHQxmEyqdhXlfnhNbVTHTKxZdlvNlSvnTm7aYteTSXbBca4ziS6SCQAAAHQxmEzGG8vkhC6FmkyaSko3ZRdZt5ROflKhJ5OmUjm/y366l3tzRQvJBAAAALrYSSbzwLUlSwPJBAAAADqSCaJmqSWT4CNTFEVRFEVRcyxz12r+4jKZYGkgmVAURVEURcVMmbtW80cyQdSQTCiKoiiKomKmzF2r+SOZIGqWWjIBAABAFJFMEDUkEwAAAOhIJogakgkAAAB0JBNEDckEAAAAOpIJooZkAgAAAB3JBFFDMgEAAICOZIKoIZkAAABARzJB1JBMAAAAoCOZIGpIJgAAANCRTBA1JBMAAADoSCaIGpLJLRU8ZtEkJm14t9a8ORTlIRvFQu3LYiFdLKSLry/f4rG+01jSn84pa3eZN4ei7q4upL/b5e0qmMuJTIp/m6EcJ+m1ub26hRs5tiFZfcJer9tRmaScPudYj7pVbUl6ODPgMQAAYFGQTBA1sZRMpqdFBTPvNl8yZqTntblcbfUFsgPdYt5hFvNNJus/cLk6mpWOumVO0cRHSybz17EjTTy2zdHTVl+WtqbYvPm2cKkvUHnCbrGw8WiHq6NMLDR7vJXPy02iZX2KxZL8mvmhAADgNiOZIGpiJplMTU11dfd/erHn4/OftV34rK3js3MXuy9fu959vd/j8Swko8hk8liB2uuXneY6udBTV5B6n1hLKmhRE0SXWPG6Tshf/79yYrYxE1dHxoPJYi3j1coet3oGjX7wjUrHXZ7Rt7PlvlR15zb7BmWjJfPVAvUhM46ZuJqVZ2hJfWK9uqqOjaQ/u1M7n0J5hvKp+lvefS0zPVXZU55CPaYae4xvhTbSkpi0s06+A9rqfaltI4ZjheIqyUx+TJ5AHvOmDCRqu3wedd71yksSq+4jclFu8LjSU9RhFbnLLeIdAABYGJIJoiZmksm635V+4+Ht33wk7+tpOf9l+fP/yx899q+/+KNlSWu//oNfbtxsGxsbc7vdk5OTakoxP3hW/tlcwn1pWmtXZceI292xUzY+fVBNJnJC1Kuv7ax3zZZMvO7Kth7R21b2T/adRNJOoRwneY2aH7Sda19OVnaWZ+nwyPYCZeaVsnPIZCLHIta+29zjchXvOKiuiiO4XK6MRJku/GftKpZb7kt/7YMOraG8oPh0h/qQzBJXyGSijGwki4O7Oprb1IGOxAz5tJQ3xH/wYB4lwunHrJMpTN0iI9fLtcrzVAOJXPa6DmZaLGk7xPPpEKuBUQ4AAEQeyQRREzPJZM++6ke++ZOM+5964JurEu/6yjf+45e/8e//6Id/9fWVX12xa7d9eHj4xo0b4+PjIpwsKJkkpQUOCSiBRHb05cKGY9rGWZOJRj1ecIsq6bHAiUxaD17mmfRXy9o+17royr6hkonSrffPB1NWLc+WicXmLBFyZIrQrZUDJFJxR0DPXwsPoZKJTBGZ/qlfcvW3Wu4KOG+QrnczksWeoZKJXDImE69cVvdUh5Is6jgScNuMuz3ixyA1l3IOjom3y/wOAogJJBNETcwkk/HhoZMvrWl4I6v4n57I+fq96/7zH/7qz/7Lmz/4+y3f/cb5Tz91OBxOp3N0dHRsbMzjmd+/psYpTLLf/8oJrxoJ7kt77VVlbpUvmejJY5ZksjHFog6tKD1wczJRu+C1v5Wbih3+nV9bI68GkdtcHUmJyiOVMQplKVQy6ZKXxPgPraym75IvoutduYt/k8rjan5LTsfyDf5YNrz6mnaReqhkIluUo6nkEe9LTX1QK+1Kdt+5jKdTV3W1l/xjLOox1QcoD9ZeQvPr4okkrU9PMg0xARE3Rld7Pni7gFhFMkHUxEYymfJ4esqKP9nzzif736t46fnSJ9Pyv/GV7K/+8c5H7j/8TNrhpx/95OOPr1271t/fPzIyMjk5aX78rPQr4DtOy4lPcoKT0n0/4fa6jiqXhMwnmcgjFPV4b8q5SVoX3MeiXgHvaFOuLLE0G3beqVzE4fX2yMldQo98JupDQicTZXRFnc1Vlptpns2V5r/URDzVnfZKV0dzwfPytGoeSBbpy62Mz4hjempl/EpeL94AeQwlmRRnyiY5m8vRllevTe5SeyltRw1TxYK4VB/nyRzyVptbeWJ5p3vUK+Arb2pXwIsWeQV84no5n+15S8a7HeJBI8zlAgDg9iOZIGpiI5l43G7HO5s/q/7wykfvV7/wTx+s+vvCr/2XvL/4t7sfTCr/6Tf3PZJ8+uTJS5cuOZ3O4eHhiYkJ8+NnFTCby2LpUvrfvjUlRMwnmWSqIx4Wi0wIQcnEQI4P6DtbMgIGNKTZx0y83lT9scpZlOEXTcEl/0kDXl1Ggdej3RlMrqWpQyXuE6+oWcmSmpqsDR+15Oi7yXGekVp91RI8IBPMMA6jvg/+B3YV6y0Zyg7Nub7ZZiKt3eryegAAsEAkE0RNbCST6ampzrd/d+nQu+f32fanfcv29/fs+ot/k5vwH/Y88M3qH38t+3vfrq+v//TTT3t6egYGBtxufvd+xyhbIwOJS/kbq/ytLxcBAIDbhmSCqImNZDI1Nf3ijqO79p/MK/x9zs4Pf/da4Zupzzz37Ucs3/mHr1ke+fYPVh87dqy1tfWzzz5zuVwkkzuIOlyTlJqaqtw9+aBhtAfAnSjh3sTHX7I5nZdWLktwaG3DovHkRaej7ZJT3Schsf0zx1OJCYkvHPc/8qrtoYQVRyuOimrvVVpaNif+01ZH29GEex+yXfbvuOzehISE59SHPFfjb/erec521dx2h3K1VVYe1eq1dHkDEvfp11Izc1yujrRE//1IMpL8F0wa7XwiSR14VyVbkjpcrrJX0tRxe3f9xozcWpejTbRsrJf/dBp3Ngq45SPufCQTRE3MJJN1r5e9ve/UO/saRyrr+v/x+cv/6W9bfppZmLHua3//yLd+sLq6+tiZM2ccDgfJ5A7jcTVrH+GStGGxPqIewO3jvuFbOmW1Kh9c6yx5fMdFw4/lG0dX5LbLhbatKxKW+9sv71iZ8JB/1es8kJEwrCwdWZuQkHFAa768w7b7ufhJJkZp2m1CtGmvIx+sVbNIz5ENaa83h0gmPWWWh3MMYcNl+YW8haNYKM6Ud2k/+LTFN4XWpd7dkWQSJ0gmiJqYSSa/3VF9+NjHeYXHL/6+pfvxFy5++du193z9iQcy/87y6A9//E/V1dUtLS3qHbpIJgAQdcNH1sl4IEdClhvbHbsf0gdKjr+gj6t4vVXPJdz7or4mNor8oS3Kg2jLCQ/tEMEjHpPJ5weVG7QYHNtQ7H/7ZHgwJxOFMWxYUpQb1o/UbkiWF/615SY3q/9gjtQqnytFMokXJBNETcwkkzXZR0qrW98oOJ754t6vPWL9ux8++7f3/ezr3/vZV7/xcOrDa0QyOXPmzLVr1/r6+sbHo/Y8AQAibwibD8les8ghCQkrXjzU7nReSkhIfPG425hGjCnF63acrDjqdDptL6x8aLec2ekoeOipN487P2tPTExcriQTa6KST+IymaxPNN99RL1Rin91DsnE6zohR6h/UdbjuyP0a/KW9bJFXSWZxAmSCaImdpJJzoe7Sk7n2o5veeejpzbsWr3m9dT09ffd/4xIJimrfq6OmZBMACDq3MNO58WTj38n4fiwmkyWq+0HnpKTstpzV+gXlJ19dbnhl/5+CQmPK1/d6ZZlCcuWO1u3rkhYIdsf2iGb4zKZWBIzjas9R9ZvrAu4m+FcksmGVEtxXXNakiUpPUeu95QlpW8oy80ULSeU8RiSSZwgmSBqYieZbC7bse908eHm3+SU/PDJ13+Q/pv7Hvz5Y0+9eP+P1z7wk19UVVWRTABgKXEkvHBcuZhEu3rk0tsrE7631dti9cWG9q3f883XCrQ8YaVx9egvZaRRh2IMnoufZOIuX79TTrbSuI5t3HgscGbXXJJJV0GecoGP1J4n9k63pPrWvanaHepJJnGBZIKoiZlksvHtqnf2n3z7veoHfr79/0381f/zlUf/8J7v/03iT7/+7cdSH1lz9OhRkgkALCHDR5a/elbGj+9r8UMsyKziORn6Cni/4YTlVuN6ojINzNkmb9sl6/X0hIT0oxXt5mTidgyrk5RMyWSg/U6/+nBnmv82XEJyoj9R6G6dTBzFr53WFkc+WHvQ5c3QLqmXLBY5JmNKJs31HS71M74Ck8mJ08qHAuOORTJB1MRMMnn29cPD+/aNHd5f88G+ksoVv9v9p3/wn795f/qzGU//NvXhNZWVlc3NzeEkEzkrIIB5h9vBM3z8zcfFuaxV6i00A+jPZOUTm83bQjmblSj/kTdcIQpgDjwlu/dbs4r21nSOmjchfM89umL5MvkT7PEs3920vN51P1yekLDs6FUtIDirrGKH9H856lAa1Ole7SXPpX9vecCPvs/eE6uJjyoTt4wMs7n0H5iixVHw0GblbmABP9gfsh1/KfGAehviO5XLkrZTX1E+4dfHkEb8y/Ub9QQi2w1hozY3U15Vkpqxwd4s1z096SlJaouWQAzE0SyJqTnKW2psFxHQkrRWP2YsOX/6Qq/vs5rPXo3lHwzRTyZnW68MTpkbEQ9iJJlMT+eevtL4zp7WbW+X/ebx53PuTf3HL/3v/2n533//weQH0r6bmlFRURFmMlHJf8aMd6sMn/vIOsP9+UOzrRL/hh4VC/47zxiIf0e1idc3jie8dMuD+ZBMgHmZ0n4vcL50vzW7InAbFpNz3RH15sCIjINPm6+Vx1z0Vh20ZhWJujLhzc6WCzWx+40Z5WQy2Fwh3+tt1eYNiAMxk0x2VzSX7LCVb9n+/kdP7Nj/d0/8+j/+2d8ve/q5H/zyxQe/u/JxkUyampoil0yG5WWX9y4/6vs1m0gIW59YkbBshfwxNXx2WULCyrU2ddOlQ5vF6jLtl1JO5XeF8rd0ymHOyt8dLl/p9N0FRXUgIyFh7RGxsC5UlvAnE68jYZWy7HGmf0f+KtHWqv2YfFz+AjLh8ZeOOPTbbpJMgPCcEf9EHjQ3Aog3o21qMrG+IUdTRcXwoEk0k0nbIe39lZVd6qiUiTCvstu8H2JUjCSTqanNb5W+lV/66ua9P3r0pyn/kPAH/+cf/cH/dc+XE77711/9QeJ3Vx07duzs2bPhfwa8MZm0b13h6+LveChBPVaCclsYuXBv4os1ss1pTz9qzBue4w/t1m6RqQ5ztL+5IuHedepGkRnWVRiflcO2KuHx+5fZjJ8+5qMnk5O5D70XeBGnOM5zNfIUxrvZkEyAhSjZUrTp0AVzK4A4NNq2d4vWZ47hWOKNWjIZ7Szb6cskgRVmMuluEI/NrwmYGZ+bVbT3jLFhrvgd1eKIjWQyPeW58OI/XTtUcr74YNmz67d95Z7n/8O/e/Lf/d/rLZYXvvWtF+/71qnTp8+fP//5558PDQ1NTPhmic6dIZnI27+oIx5Ku3oZpd4iooE2v8q3yXHcJu+0Lx4UmEzkEZUWr+mYXu9TiQkJP3zR+sOEA5flakLC4wcM/1cl3L/1rFNw2F5Y+aI6luwZfvz+FepgjHK5p3vFsoTHX9IOSDIBwnb+yMFyR+CYJoB4latM4tIqv8G8OYZEJ5nY3zAHkoUnk005RdZdJ41t1mySyZIWO8lkQ6ajyHbx7V01qx8u+qM/zP33/+af/82/fulrf/vSN/7nS99J/OSTTy5fvuxyuYaHhycnJ82Pv6Xwk8lwwr0rLzlFsHDMOZk4Ex7acckj53ol3CtO6k746XvGuG+YzeVNuHfd0RvyupStFe3DbnlM7UY0bufj31+2MuvkMMkECN+ENZt/iQBI4+dqtE7yoePqgnF6QoyJQjIxxr7cQ8rt+YZa/eEkv+Z8GMNU3Q17G1tt2UV6w/ipj6raGhY5mdTs9j8B3FKMJJPpqXOb/7nt+X+sezi56D/+Hzv+7R+89oU/+OX/9r/+6ov/6Vd/9qW8J1f39PQ4nc6RkZGbN29OTc3/bg/G2VyGLv7W7/tmc82UTK7a1h1Rdjll1ZOJOstLfr6YbzbXioDZXGeXv3BcW/E4ExK0U+gCkknCuiM3DHPJ9GSiEM/zxeMkEyA8IpaUmtuwYKOjo30RZT5B/InsWyqOZj4BNB4ZS450ysXRNuuWWL4xxmInE9MIid5uC2xvuml4zFx0KyHkXLW9Tel5uU7mi4OfqVCTiXoFS+O5C/btRdrg+JmKssqD9sqWpitybe+Wor2VLY01x88rB7Nm2bMLjl/sbN8knsyeVqXtWn7pycZz1+pLS9VRnfL8Iusbdvmo0yetWfvlLhOj4lUMDvQPjotTOK1bys6eu1Bewr8uM4qNZOJVLjX55P3ifasffHvFV/K+fc9vvvT//fNX/jx/zVOVhbbh4eEbN26MjY1NTk5OT0+bHzkX5ivglQ8eNl4BP1MyEd/Jj2p3w/SNkAyvWJawLOM9ueh2hLwC/qz9OfWK9sdfEru5xS4P5Z7Vt6qztoTl9z+uhpbhVnlnzJVrbbZVMpm4W3bI6+yXLT8+ILeSTIAwyH9fQv1DiQUyd4QXbHBw0HyOeCJevvkdWTDzORB/FjuZ5GUXWQ1jJud9v0GWGUAtZWuIT1KYnZpMvNesxW3ii7Om1JpTrSeT/OyivHJlktjUBS1pnKkwJE6PadDc6ru6SN6xMavMuElGjnw5Z0z5l0N71C7fvxx7/f+EtIU5LS2exEwyESbc7v7enqa6Y7//6EjdkcPnz7YM9/eP3bzhVoQziQsAEFHmXvCCOeV02fglXr75HVkw8zkQfxY7mXiDfhtkqjA79Foy8cqhEnnt+/6yKzJ+qI2Bp1ACyZkKNapIA02mk/pnc/nv2Dixd/fBbPWuCMqFR/JVKClIXVYXDMnEW15gt+YcdMjxE4QWS8kEALDEmTrBxZWfBjZctdlKjev1h4ttNltLl7LS3V5UaLMVFl837hHfPenAd6Kvr7FUf0s76svEW2crKLpsfL+ud4i3sOhApaHJ/J6bz4H4E+VkUt7Q2nhaVr7vmvgFJpOqXUVOr8e67bicpeVPJh/VD/TLeVaylOGQeSaTxj32XR+2tF0VDx+aYzIRGisrrNl2YwuMSCYAgEVj7AGX7StUus6Fp65oLVdFxzqgl3zdZv+wr7vTtr9G5JJThwtbOxydpz8sbXQY9onrnrTxfbh+oV6+nzZb8f4PxWqhTUa47otNReWf6Ps0lRU2Xew+cbiow9cS9J7H9fsJVTSTian9/W0RSCbem6252/dXuZRlw2yuTb4UoTEmE++Y6VrD4GTif7auplmSyftvml+Ut/kjw4kQgGQCAFg0hg7wicq2gDGTarvtwPGrAb3kprJTyte6AzZ/o+hzlzUZV83niCfG96HUVmwcM7Htq1a+Xje+XYXa2+sormpXFj41v+fx/X5CFcVkYrp+w+soX8AnLerJRLlkRVvyJROv1zN4/uQmeYmLvbytX90UEBiGOtWtbcqV98HJZPJqkzbIc362MRPvaKfYZ1Npu9fbn6tM/coradE2IQjJBACwaIw94JZjpbaCwn2lsgN9va3y1DXZaOwlO35/SO1lnyj1J5MTpYVX9RWF+RzxJOCNuH65uFCOQbWo87e6TilDUgeMu9iKtXlcttIT4s/iPfLdJpnAJIrJJHSFmUxwByKZAAAWjbEHLBR/UF35flFNR1/ZnmKtxdhLbiwNSiZXbXbjNRKS+RzxxPRWyDGTD6pttn1icV9hYWfXpyfKD5Q2+qOcP5l8cKrvelNlm8wwJBOYRCGZTF5tspdUzFTO+X/eA+5QJBMAwKLx9387mzq7uovLWz9pLKv8tK/Tp9h2SLRr+1yrL/9Yfi21FSrr123vlfke72c+Rzwxvg91jZ/IZFLeWmwTMe/T0katvVgJKqpDtiL55foJOcOr+2qI9zy+30+oopBMABXJBACwaPTuryro3lza7+8/3KMNkqj35mqS9+Y6Uape361c4218iPkc8cT4PkiG60zqP9ynzOYqVO5s1lL4YYtsVe/Ntb/c8BjGTGBGMkHUkExuzTO8Un7sofwoQ1+T8kmLy1aon5B4/AX9ww8T9A9od1RsXX6vbJCfvOP1nt29Tq7cu/ys8umH2hESEh7POqquez1OeZblK4d997jWD6l/4ru394j+kY7iCM89mig3L090KB+4qO8vyd3kDvI5+HYQjmY9Ljau2+3/3EYAWEzGHnBfqGQSBvM54on5vTAkk7CZz4H4QzJB1JBMbulx/aPTe99bd8TtvXF03b1ay4qE5b69FO1brafkV2fJ4zsu+tKAXD/w1KFhdTFdOZp+BG+b8pAW6/KEFWrDioREdSHhBe3T5FXOI8+tfPWkMZnom5aHfhpBO7RYt6o3jBAn5a4QAKLB3AteMD4D3vyOLJj5HIg/JBNEDcnkljYnJqh9/OGq57a2ex27H0pIeE7ddPwFw4CGyDC+vPGQKSp4zyb+izp24lUTiH4EubzKJo95/w511XfMSw8VGI+tMSQTQ2PCQ8ZV/Wno1B3EWS7pLau0sR0AujE3H8s7D+G9XaOjo+aO8MKYTxB/IvuWiqOZT4D4QzJB1JBMbmm45rnE595rH3CvvHeZWG3PXaGniLOvLjf27xOWW7WFhMdta1fKmVY/fFxtSUxIEEdwVLyYXiDTgX4EufyQzX1kXUJCurpqTVSTyfFlFjmHLP2F9/Q91Z2Nq1738KWKF1dmBczO0p+GSt9BnOW9XqXJc1afdQZA1+tSblqPORCxJOy3a3x83Ol0mnvE8ycOIg5lPnpcitTISZwPQEFHMkHUkExuSU6jeuG946cOLEtYNuyZMZk47ekH1H6/TCbLfc3DCRkHxJfEe5eJI2x+YsXKLDlHy5RM5JeB48vvFUlm3ZG12hCNZvjI8lf9wcOYTNzDTufFk0ftmxO+86LeaHwacgen07jD1idkXrK1OhPWHgk4CwAAgIJkgqghmdySfuGH++KOFW+2zzSby5ron0MVMFlrudXbtvW5Gu06k4eUqVam2Vz6srD1e6a5WG6RbZy+FfOYieK55b6HeM4an4bOv4OmfUVue2ALAACARDJB1JBMbskwOUoZAPGctPo6+oYr4NvVsRHV1u/rUaE94YXjjoKHTvrmYx94KkHEDP0I2hXwOs8lU1DxXt6RbteDSehkol9PL85rfBo6/wX3CtuqgMtjAAAAdCQTRA3J5NZ6jy6XN/hNSHzUP9Ch3DV4uX433gMZCaYxiHU/XJ4g9nhUSzWblWlUCfcuf69FGzxR7xqc/i/aXYNP/kvgTYR7jycqtyp+zh54DYkvmThP2dRntcyysl27E7Ez4ftb9acRagd5Z2Gxqj9tAAAAE5IJooZkAgAAAB3JBFFDMgEAAICOZIKoIZkAAABARzJB1JBMAAAAoCOZIGpIJgAAANCRTBA1JBMAAADoSCaIGpIJAAAAdCQTRA3JBAAAADqSCaKGZAIAAAAdyQRRQzIBAACAjmSCqFlqyeQmAAAAwmXuWs0fyQRRs9SSCQAAAKKIZIKoIZkAAABARzJB1JBMAAAAoCOZIGpIJgAAANCRTBA1JBMAAADoSCaIGpIJAAAAdCQTRA3JBAAAADqSCaKGZAIAAAAdyQRRQzIBAACAjmSCqCGZAAAAQLc0kklfqzWrSNabx82bELtIJgAAANAtgWQy2rZ3ixJLsop6J8wbEcNIJgAAANBFP5nszdZiiXnDvHQ35FV262uOyoPWrIOGzRHRXZ5fVHW6tfH0yU3ZRU2j5s1hEK967xlzY/wgmQAAAEAX/WSSp87jyiqalGsTudlF9k/M+9zaYiUTh7Z8xZp/sjdgazj0ZFKze2HB7M5EMgEAAIAu+smkbJuWTKxvlNm3F1mzP2q8ad7n1mZOJk2lpfLg2fZG31wxGSqmnJuyizbtrPF6Pc7marFDXkmr79Ge/G124/4+xmTSrSWTqaFdO+3i4flH2genlC0TvZt8o0DaQNCUU30OhlNotGRy5aS6s+8lmJ+ANbvifGWZ2GHTtjKxalO25u5pULdWFWsvsOTUwrPSoiKZAAAAQBflZLJ3S9Guhu6zh/brXXmn2r+fr+4G/Qi+ksnEWVP6/iWPukvN7qI25eBia36NUy511Fi311xUGuvfLboovria8rO14Qt7TlFgb9eXTCZGd71RVOMK2Fa1q0hkFbGQ7ZuWNt5YVv65XBDPpMyhPIe2atupMf0hyiZtzGSvYTKb8QlY98gwY9W3jraI5KYsec6X7q+/KV/4nTsfjGQCAAAAXVSTyZB6Sy77rpore5WRh5LT4f7Wv7shu/hko7wIRFZV8X41mYg04hvl8HrPVJSck1/FJjUzeKdas49cUTdePLK/yesdrCu1ZpWqLU3FRWfVJY1MJmrs2ZRfHbBF2dmaLwcx/LPIzlQo09L6rbubBrWmNmtJu7aoCJlMjE/Aml2h7ubb2G0taFGXZPLpFi/hgnWb3OdORDIBAACALnrJRIslSke/2DzNad5mmM1VkmO4fqO7Ib+u3ys7+hVNWlOb/ijxENHYdkgEpI8GB/rVUi590Rlnc2ka99h3fdgi9qwv0pKJ2Kf+6tD41IRtizrkcsG6R+6g1WjADLEZkon/CQwOyAvtDdfMdFuL27TFMxUymUieqtLS7OyikrZIXJW/iEgmAAAA0EUnmei3CRalXZ6xQDMkE2ddacm54NlcMyYTdTbXDB38EMlEH80Qj1KTiaPq4JXA61OsWfa9Z0IfUk8m778ZMJvLtPetkolGvK6A9SWPZAIAAABdNJKJHC3Zn1/yUWRGS1QzJBPvVLc1e//Zzittp0+KhKBunS2ZeD2OqlLr9orG060lBdqsKp8QyWRvTlFZ67WzNdW52+z6mIkpa5XvlAGs/nRrfWWNPfCaED2ZNO4psjdcOdsph3SMT2BTicwhsyWT7pPv17QOXr3QWFO9KXCq2NJHMgEAAIAuCsnEf7XGHu2SiViSm2PXLndpaLBmm7INApBMAAAAoItCMhFKdpfml0ZotGRJ+fzkrkb/3bc2Ze03bIMZyQQAAAC66CST2NVt3VLWq1y8Xv9h2SZ95hVCIZkAAABARzJB1JBMAAAAoCOZIGpIJgAAAItvcHCwLxKcTqc4lPnoC0AyQdSQTAAAABbZ6OioOWEsjDig+RzhIpkgakgmAADg9vN/SkRkGT8p+w5iDhaRYD5HuEgmiBqSCQAAWKDe0zXqx1HkFRw3b9OETibKx9/5P/vbmnXQ9BnWt2RKJumWAKLF1V6W83SaWN5gN9wVqafM8liBf9UgI0k+SuNxpd1nsSQmNbu0BldLgThU0sPrtfWugo11vp0DdFlerjW3GZhTRSSYzxEukgmihmQCAAAWpj27tNPcZhY6meisWRXmJoNs/wdem808ZuK2ZBaLL10Ot7relpta65ELPUc2pL3eHJxM2naIVJJckOFLJq6DmUq2EXwLLssvyrSFZ8vkcSOUTIorP9WXD7xXaLMVftJt2NzXV2YXjbYDlS2Gtqs2W6lhlWSCOx/JBAAALMw1a37AUIkxLfgiR9umLfbGzt6LDRWbStqDewzGZHK2xG6vudDb2WLNPlju8EyO9luzDg4O9E8qW/MLjovlXVuKrHvk5/LNlEyaX09uVnKIrmtX+gnDanAyURU8po+ZtOWkWNRYk2xJU5ssKa/JLyO1aTs65EIEkklLcWWrSCafnP1ErjWWqhnFVljW5NvDcfyAsq3vemNpq9rUVXegoLiYZIIYQzIBAAALlJtdtLeyzTGuRYGQycT6Zo2vJcSULWMyyfU9vCxfix/WoDETZRqYfEjoZHKzcn2iYVKWQsQM4+ockol3pG5j6q+Le45uzCjqUls2pliK210bH7Z0qa81AsnkRGWbYcykqazpuvxq21/T6dujqaxQW7pWV31efq222w4cv0oyQawhmQAAgAiY6L/YUGPNlhEiZDLRZ3OJrcEzu4zJxJrfoC2dqVAziTGZ1JeW+i5KmTGZvJZsSX692djS9lZGwSVjw5ySSc+RDem/Lc55Oi09Vxtu2ZBqKa5rTkuynFCvPIlAMulrOVZqKyhsuawkEpE69ttstiLjDvWHbL7FE6WNfdfbKk9dkyskE8QakgkAAIiUpuIixwzJxFrSrrbkZxXl1/XrO6gCkknWR+qCMjAir+vQk0nbIXvblFzorZplzKTD8nyldnGJ5O7YlbGzw9CguGUy6Xo33fJgnrrc8VaqHDTpKsjTXoQ31ZJe0BWZZNKnXGdSWSzjR1NZoRpQim3GcRT/mIlotBmVntA2kUwQA0gmAAAgUt7fViR6A/ZsX1qYuuJPJjnVaps1q7TKd6srnTGZ5PnChjiaaTaXSD4XlYWqXTOOmbjL1+e0+FdFLLEkZfjXfW6ZTHqKMizJylUlXm/ZLyzyKTuKXzut7WaxZB50hUgmzdoF9+Zk4mvX6HGir7Ops6u7uLxVRJE+OSaiDY+UGi40cfz+kH6diWjr9Cm2HRKP1XYimSAGkEwAAMCC3LyQvUWZXpVjP9unXH4x5dyULVtslZ2bfMmkzDGaJ3bL2T+oDHqYBN6ba0LumW1vUo/m9Tqbq8XRlJv+jubmKAfpPpk3QzJJ9t1QS9EVcBdhQ1owJJMTyVn+qV/G2VzentrkJHnX4OIWLUvV5mbKuwanZrh815kYjr7Re/NE0hr15l3+88ro4m/X6HFCZbg319V9e2w2W2H9BTl20ll7QL3cRL03175y/ap4idlciDUkEwAAEM9cJZkj5rbbzpgoIsV8jnCRTBA1JBMAAIBFZk4VkWA+R7hIJogakgkAAMAiGx0dNQeLhREHNJ8jXCQTRA3JBAAAYPENDg6a40VYnE6nOJT56AtAMkHUkEwAAACgI5kgakgmAAAA0JFMEDUkEwAAAOhIJogakgkAAAB0JBNEDckEAAAAOpIJooZkAgAAAB3JBFFDMgEAAICOZIKoIZkAAABARzJB1JBMAAAAoCOZIGpIJgAAAIuPz4AHzEgmAAAAi2x0dNScMBZGHNB8jnCRTBA1JBMAAIBFZg4WkWA+R7hIJogakgkAAIgWZ01plcu/as3aX3bFv6qzFrcFrLubLamZOfbmjtPFlsRMrdHTY0lK2lgXsKOQkWhJXrOzp63SkrJRrt88sTHFUny6o/iVtIJL6i5dqb8trjxaKavN8Gx8xP7p73apy8mWpA6Xq+yVtI31brneVRB8RkWX5eVac5uBOVVEgvkc4VrcZOJoyX5z/5xqZ435sYg5JBMAABA1rpP5NU7fyph12/FQwWTMnEzE4zzawlqLRX4Zadv5RNLBuuCc4Lak5XUoO+elyT07dqRZEtcrm0YsmcXKQpcePEIZSX65wLeDy/KLMm3h2TIZTSKUTIorP9WXy+yFtoKiq4atfdcv79tjE/aVN4m17vYThQVy9UBli3Ev8znCtajJpKm4yJpVZH2zenCgf6ayZSn7ZBWZHzy77gb1UdZse8npXvPW22BXdtGm0k5zK+aDZAIAAKLImnWwvFsu+MdP2mqqzl270nrcuqdV9C0GBzqte1pEBzXgYT4b1GSiCs4Jxpa6jcUO70aLfwAkXX2sp3ZjvW+fIOsTk43RxZLymvwyUpu2o0MuBJ9RM/dk0lJc2SqSySdnPxErjuMH5Je+PlvRh62GnVSfVha3G1abygoNa3duMtly0DnlbynZpuWQ8/qVM1POppLSMJJJXqXynSXPYg85GBcRwbk5FoxeyC69YG68/UgmAAAgihr3FFm3HRcLeUE9T2tWRZP82j1j3+9SQYZxuCM4J9RtLNC3K1tFGtH32ailGndlfZurozk9yWLJKPDtLblKMmtHvAGDKq4TFoslSRs5CXVGzdyTyVXbe4f0MZMTpTZ1odRmKz3p30lVWaxtlbo7Cwv2+Vfv3GSy94yxwSkSiL3ko7ycok2Bf+sLSSbeSzV5Vbdp2KR/xu/OO5yIiOam249kAgAAoulMhTVrv1f2PH3d/aEruW/ald+b3yKZrE+xyOCgC84J7Xk7tYtJvN6WHJFS1lssG45pDZnG8Rav3DnN2PL5wUw5YOI1JpMNqZbiuua0JMsJdXgn+IyauSeTvpZjpbaCwpbL1/v6HPWHDMmk0biXcN1mr1SX5Fwum626+bJxs/kc4YpmMumtOij+4nu93eX55ulbC0kmzprSknNyQRx275aiqtOt6m2WN2XJ5foPy6z5DQ5l3EZ8F+YVN9SfbrVvL6rvaCipkVvFbmonVzxWtDSebt31RlG5w+OdGB0caNFH9PZmFalndFQezC1qELtVlRxU85VosWbbc4tlo/5CxGEbT19orDleE+LqpiVBhJNFHjkhmQAAgKjytB2wX+xusJ0aU9etOdXawizJxFW7McWiX22iCZETmvVQ0fFWarPXe/Bpi54ZLBbf1fOa5pxkfzJJtwSQx+kqyGvXtqZa0uVoTIgzquaRTPqU60zU8RB9gtYBm/Hak77L9aWFew741xXXG0tPGVbN5whXNJOJ95MKa07ZuHfM8UmDGlh1YSQT7ToTERhKWtU2kUz8s7rOVe89o30HySC0W36zGc7SbS1oUZfGG8uUGYcXjN+I1qxS5Wub3qgnE2vWQX23vdnygDKZ+BrFsvJtLZOJY9z0LbzUeAYbP6pxTJibbxuSCQAAiLYrxm6nWL4y0F/2rt2XTLzW7IODA4bJOCO1loc3HlTvpnW0suumr92YE1pyMkvkr6Iz9XtzqXfx8jTn+O7NlaN0PLuKMouPNrs6mlPFnkqcyLBYmn2HUehjJi5LUnqPy9Vs3yj2VOZ5FWS+qT2NyqNt3vqNlqfV/meXJTNPbW/7XHRGiy3JOYYDGpJJ56lCOf5RWH1Guej9emvxR03dF08UV8lc0ll7oK6z72pjaeWZjk7F1e6+mvJ6x3Wxp+PQHtt1/4FiI5lMXfBdDd9uzW8wbAgnmWQXn2w83Xrxc/8lSiKB6MuDdaXqFU5e9XIXJRAbQoUhEJ+pkHsONPmnh8k97crXkMmkQt9NnHFQSyZao55MnM3V4kXVd4a+gmopGGyu2LTFN5S5KEgmAAAg6nzdPOl8ZZnosNkqO/N8yaR8z/6AfmndRuNohulKElVPUUbx5+pS7WtPJFssSZUO5T6/Xnkjr6RES9LD6h26vO72g8lJ4jBJOUd71D3kaIy2q8o/m6s2N1PumpqhDdd0FRieyEZvV3FqrhpquvytdfJWxUlrAjp4hkAhzXRvLpFMajrl5SW60sa++tJ92vKxWLk3V16Vv8fvHerM216694g2XuHVuvXmyV23ZrzOxMeYTGYYM5k5mSx0zMScTFSTVxs2HVrUGVNzJGJJeUfEPr9zjkgmAAAg5jTnJKeZ25YSY6KIFPM5whWFZGLdHjA8YmLPDvOuwbdIJlMX1DTiVSZWqbevnjWZeKzZahpRHrvrpLJ0xVqkTRXTk0m+kkZUauaeJZmEnq0YfZ5FHi1RkUwAAP9/e/f/08Se6H/8f5vExOQkJCYmm5hsQnISkpuQ88tmkzWf5J5scshO1vbTBYxw7eFyj0WY00pFe7Yq9MCpuCAevtlj/QLignYRhSp+7Coi3Pm83zPT6XRAxc7YUXg+8sxa3i1f9nNv8uF1py0A6sy9Kvzg/h61qusyKck3QLCGxweKVC6r7ckHl4muv13JhSJVb1v83mWi65sr7a3yh2nvlW8nZ7Kv6NnLRPxa39cl38MhdDJlXnTYdZlYjzkdwAD4sNIj90ldsEwAAADqrFQquYeFN+ILur9Hreq6TAAnlgkAAABsLBMEhmUCAAAAG8sEgWGZAAAAwMYyQWBYJgAAALCxTBAYlgkAAABsLBMEhmUCAAAAG8sEgWGZAAAAwMYyQWBYJgAAALCxTBAYlgkAAABsLBMEhmUCAAAAG8sEgWGZAAAAwMYyQWBYJgAAALCxTBAYlgkAAPgMqeEh49+Fjuyy6y4fqdHxgvvsoGOZIDAsEwAAUE9qeODivWeLd3IXewbUk+b82EV5mfipMJxST6WS2dzE5EzHqRH9Uy6TpkNKvlC8+v0fmrQl53nxpz80/jU9PxlXjrSYJy1HlPjkfPwvx3oemAdvlEPH5ovz04mWpjPyc69+p1R9CdtoS8/ud3jCMkFgWCYAAKCexDIZLF8F2Zgdiv362ryd/KFfDWuhqDVIyssk35FZXsumxl6VP2UiPVwU/5buZYfE46OpnDxdHu8ID6xNj4iTRKtmPVTX052a47eTR2pntvKRQSyTxYdT8vt2lYfQ9lrHyYQ4GZwvWY+J5wd7+9XOa4viu87fEHdZRcfFvcPxlLx9KlX+khbl6x7rxqGW6/bpUk+j0mDeLCabp+W/j5XvrponitI8UNQfa01Xt6yHf6soOssEBwfLBAAA1JNzmej6nPi9X/5bnAqdubb+dHEs2T9YkL+YO5eJXrwRHX1mfkL2B21NnF5IqJH+lefPuts0OSCMZRI5mZqYzC1e7s9vW1+9PZywbhmPiWbXKh8a1NZEqHVAfJ1EpzZljp/tuYvZufWHeTVyZcI4UbXx9vj4xK1l8YtOR0Rb29i6n00n7xnrYXtO7Rxaf/7o5uV036y1ZEzKoWb5z9aS8n8yb+xTuUwardujLXF5veZqo3FhRGhUlJaxqh3S8zXLBAcJywQAANRT9TKxnk+ViFQudKgRuUmqlon80LooIQaD+Zib5sevZjqGV4xlYn+F12rPjPFLyVz75UflQ12fHXJ+X5PaOmIMI93+Rra+sNY3K2+YP49JPWVedVkOXZgT/wxGHT92eMC+LYlNIvy+tepQf3P9Lw0tP+WL89NHjzTIXbHU0zJq3deiKGKlmGvEZG4SlgkOCpYJAACop+plsmwukw77KVKyXZZJzJoua2qvfPqW48GafEDVMpEzRj7jKz+SXrTP5DJJ3nF8aHC8zqS8TLZfRE/L55Wp9jIxnrVlag9ra5t6YfxK8o68ZtJX9WNXLZOu/zjc+vN041dKfL5yyUTaKh77SlG+Ovb40vH0K7Gs0t/+Yt3TrChipaT/VFkmA99wzQQHCcsEAADUk3OZlCbSibzxK77jmonJtUzEzBCftZZNmc/UUsNXpspP2ZKql8niZfmykB1fc865MUw7l0mo/ASwjt2WSfaM9tb+oPqaSbWrxy9Zg+S4sTd26jpmLpCi63UmxWSz/TqT47zOBAcKywQAANST/d5cie6Eerr8kvRiTj2Zvv/0UX4y13HhrvGw6mUin0nVHwn3m7fvX5KXNSbuPJoYHx9edi8TXX891qOZV1ecppLiO6YvyvfmyvWdn9F3WyaxiHbz4bOJy+nQbsvk3gXrckossyBfVrK9qEYG8g9X7udy0d4b9sN0+TqTo/PFYv7nLqWpZ0ksjZnW5qR85b7+VBwXu/549Pilx+YjW8vvzdUqfyLzc6335mr4m3yRvFgm8Z8zGaPrD97EmxTrkaMt3yas88zE0vW/KNa38IZlgsCwTAAAQD3ZT3+KdA05rz9Yb3IVSVyclS9237lM2sW9ndfKD99cmczKx7cN3H+1c5nIt/Ayr8ZU2+zrSoQi8rtH/27snx3LpDQ/Lu5t7x0fjO5cJqXQybRYNSKxW7r/IX/OiZTxY4e1xKjzqWN6PvGtoiiHjzQ+Nq6dPNaa4k+NOyZOiPPGbxyvP3mZP3xIOfz74/ZB/sxx+RqVr44Vjf8GYpnYGs+IBdKQNr/UaEvljq97lrQme9t4wTJBYFgmAABgv3mV73O8d7BvblVeQ588pUUuVU2R92ttOOY++lyxTBAYlgkAANhPEhEtFB2ZWt15wcQHyR8G1LAWOjmw+OKTfP3PAcsEgWGZAAAAwMYyQWBYJgAAALCxTBAYlgkAAABsLBMEhmUCAAAAG8sEgWGZAAAAwMYyQWBYJgAAALCxTBAYlgkAAABsn8sy+Z+eK0uPnrhPsa+xTAAAAGD7XJaJGtZ6fxx2n2JfY5kAAADA9rksE66ZHEAsEwAAANgCXiYLD5bVsCYaHfvNfd9HsL6IXd+s+xH4DLFMAAAAYAt4mfw1ErfnxNKjJ+svSu5H7MnricmcaDjef9G4cb/ofgQ+QywTAAAA2IJcJuYg+e8zlx8VnnZ+nzI/dD/oYxQyA1PuM3y+WCYAAACwBbBMNjffbm1t6+Vl4nwelzgX91Ye+pFcyyQU1sZyc+meRN+sdSmm/VQq//BZskt83wH58ezQxcupjvj4xOQNNXKl41RqYjI3djmt9ubEnck2bXgyl78zd7HHeDD8xjIBAOAgEP+/PB2E3P+D/3j1XibzC/8SayTUmjg3MKpXj5MX/+/f4lx8GOvLuD9tb6qWyfZcSJMDQ9fX1M5ri/a5ULwRNS/OzA6Fzs+ZZ91ixlj7ZUsNp8U/Hd4u4OCDWCYAAACw1XWZrK6ti+FxuvvvHVH53K32DnktQjXeL/jNm7fihjgX94obkfZ+9yfvgXOZrI9aTw8zGhhclocTl66EItah/Hh2yDwXBqOVHWJdUVnNyUeeSq1t2vfATywTAAAA2Oq6TDIj0+YkeFl6NfjzpHnbXCa/XL0pbohzcTI1M28th4/kWiYX7z1bf272YmNb14s59WR6UXz4Yia2l2Wi6xvLc8OplBrh2VyfBMsEAAAAtrouk8jJ/mi3fKKUbowT5zL5sf8X5xrxvkz07Tk1Ou64U7+Z1Kbky1v0NeNyirz1oWViKgzywvpPgmUCAAAAW12Xyc3fFlTjVSWDP0/ZT6kyT/J3lsQNcS5u23d9LNcr4N+u5ORztyKJ5MSy8XvrZker/PDei9JYz4eXSTZuPR8sdvmufRd8xDIBAACAra7LRC+/5N1sOFv1BxGdd/3Y/4vzLuxLLBMAAADY6r1MhNytB7/l/7m4tOK+Q9fFubh34UH5Qgb2NZYJAAAAbAEsE8DEMgEAAICNZYLAsEwAAABgY5kgMCwTAAAA2FgmCAzLBAAAADaWCQLDMgEAAICNZYLAsEwAAABgY5kgMCwTAAAA2FgmCAzLBAAAADaWCQLDMgEAAPDdxsbG2tra6qcnvsv6+rr723vAMkFgWCYAAAC+cw+IT6xUKrl/glqxTBAYlgkAAIC/1tfX3dPh03P/ELVimSAwLBMAAA6A5cGopobddWSW3Q+sSSEzsOuXUnZoGbXuKt7NHD1yWJw0ftOavlt0ftbjn1vFHYePND3ech5XmU5823RUfnrrT/NVdxSnG40ve/hI43TVV9VPfNMozhsam08kpu3DFuOHcjxqF+LTltxnH+AeDXXh/iFqxTJBYFgmAAAcACvZM/2RUzIxSELGDVH36Ir7gTV51zI5+rujzg4fKi+Tl9NyEXwlD43BctjxSS/lfjAerPy+dfql4x7b1pL8pEOHj/6uQfy75BgwTYfkJjnx5+ZjX4kHNNnnS2eaxHf59q8n5Jd1fArLZCeWCQLDMgEA4EDpCGtT7rN3SrRqajzvPt3hXcvERYwA95FhOtzQ2G388r81faJB6bhrnbceEZ9xzPFAS7OipO3F8nRAOXTcun23Q/m6p3yH3vE7peuBdbvqW4uHNXaZN+u3TG5nMrerDh7eGj0bk86eSz2puqfinzcux+IZ96n4YsNx8YmuQ/cPUSuWCQLDMgEA4EDZfZm8WGw/mVDDWjR5494L64JC8gd5gaXqeV+bz+6PXwtF5ElfdmF92/rsvSyTYqK5IVx5GpXT9N+sZfJYa6qaEGNyOFQ/J0tyLZzKh4W48rsO+1yMnIHyJ1d9yuQJ5ZsB82YdlsnDiZRYIJevXLgwPHbux7Pnfpk3jm/HzqasRyyN7ZwfT+ZGL/TG0jdmdt61+uR27MLg5TjLBPsOywQAgANl5zIpzWc7xNiIJMzneqmRfvM8kRySH55Kixvp3DNxMtErN0nkVCp6Ws6YUPlyyl6WSccxpav6JSGWBz1Nh5Qe43f/63+RQ6Fy11KPWAU71sxjRWlwfuxYL0Vxu3w1RT4r7E35Mc2HlI7fjHte5jualJYx6546LJPBH2Oxs+kd10ymYsnR8u3b8gEuS6MX4ml5145lkruiZedvZ1gm2H9YJgAAHCg7l4ncGOfnyh9t3b/Ur/bm7Lve9Wyum0m5Uszbe1gmRdecELNDjgJFaQwP5J9aO+Hqd9XLRL8qlsNVx8cG8YmNzo+rlsPLvPllFeWoPUtMfzBf0vK7bzOFyj11WCbZZCwWiz9xL5PVVG8sPZpbKBTiPbGZpaq7HHYsk6XrZ1PXV1evp3g2F/YflgkAAAfKjmWyqIb7L5ZfjyEVb6iRIfPme5aJWCMfsUwmTyjHrJd2lD02XhYvX8J++Ij1UnXvy+TxzyfkFzQ2SM+M44lgbx6LQ/PdwI7+sfJalDoskyf5kXM9sbPa2Uzeeby6unzXeJlJ7FwmV32Hk3uZjF08++ujVZYJ9ieWCQAAB4p7mSyPq+Gh6q2yrIatl2G4lkn3SXmdpP2HK4nU+MXuPV8zme86pijT734LYPmS9IZW3fOzuV5eOq40OVbHEeX4oHl5RD6zyz4v/tJiv2i+DsvEcjsTPxePxc6mJh4aHxfE7WXj1ujFs2f//qvjoU7Vy+T2SNy68sIywX7EMgEA4EBxLxO5Q/Z2zeTWkHoqe7/8qLGevS6TZvHLv/32Wbu7al0Gudtx1PGS9/n/kk/AqjyqrPrwjf1hz9fW61UsSz3WW3XZN8rsT6nnMhGbQu6JWFx8tJA9l5qo3LnzjbbKqpaJfEOuas4niLl/iFqxTBAYlgkAAAfKjmVivM6kcmFkx+tMNOu2PjukRscL5cd1G+/QZd5+/zIRv/u/6125LJMnzGsm5uWVD75r8PFDu79rcLxJOTFZPheTZfC48qe0vFWIKw0nKnc4xsy7lkk+/9i+vfsyebXkfIyLYy+sFswrI8YyuWy+Gl4cXjtfwzIZ/CmVsjqvxWLixoLjoe4folYsEwSGZQIAwIGyc5nohRvV782VsO8x/3J8R89Q5IKYCyV5b1jrS6bFf479Iv/T+gLvXiZLZxrFPHD9vUR5qCjmn1+U00A57HiA4y8tHmm5Wr5DPC79qvyQd/6lRfm5h482nfjrcfMvxNtftuWofPyJv544+pX8VOt9uqxlctj55yCv68Y1FkWxZ0dj+Ue1+qN8qpv8L+B4jItjL6yODp4/p8m/XHK2N379rjlThCfi5PIvY8K53ti5YePix72RuNgbjsXifjZXBc/mwn7EMgEAAJ8/ZbendX22XJtB2vHeXL5z/xC1YpkgMCwTAADw2VuqfjrW525tbc29Gz499w9RK5YJAsMyAQAA8NfGxoZ7N3x67h+iViwTBIZlAgAA4DsxTupz5UR8l/X1dfe394BlgsCwTAAAAGBjmSAwLBMAAADYgl8mb0ult+4zHAgsEwAAANgCXibpLq29J90e0dLzJfd92O9YJgAAALAFt0y2X6hh7V55j9y7nFK7rlU9APsdywQAAAC2gJbJi7vJ01p3ZsF51t2mJW+9cJ5gf2OZAAAAwBbAMplK9kd6bixuus+FxWxa7RyaWt1y3/FBhXH1ZCqRmZnIXgt1Zt334r1KsyPuo7pgmQAAAMAWwDJZL22q4aEp97E0FdcKm6X1jY9eJoNRreA+09XouPsI75Ds1NxHnx7LBAAAALYAlonwvmXiPtuTsR4tv+34+PndRDShhjWReVCavxGKaGrbwHr5YWrriLxEE9aio8/Eh1OplLjdkcyt7HYxZ/8rzUVSc+7DT4xlAgAAAFvAy2RiMmd1a1n3sEx0fas9IndIcnyxfLJsXzNJtGpqz4x5O1TeKuLBU+XX36+NptIF40JNfsR+wIFTmqvzlROWCQAAAGwBLxMxDyKn+kXmivCwTHR989n98WtynOTNwVFZJmJs9M1azxAbjGrrxg37coqQ/cE6FNOk78AuE31rfeJKtlC/a0YsEwAAANgCXyZD1on3ZVIWsaZFZZmo4YFBeUlGEt8iXz60jnQ92aqtP39mZ58fJFuhtvRgff+qDMsEAAAAtn24TNRwwvj3tXraWibJNk39wXphi+PZXJVlsjaa6put6y/lnxk5S9xnnx7LBAAAoM5KpdKqr8QXdH+PWu2TZdIXSQyOy9erXOwZCPXmzEMxURafP9qQ74o7FIlow5NzY5krzgsplc/fXlbD2thkbiyT7e4yh80Bsj59pc5XS0wsEwAAgDpzDws/uL9HrYJaJvLV6rtW2zLBl4hlAgAAdjXcrdlvalQny+Md5V9H+zLmc/8/TqNSRZzM/9Ta3Nggbh8/M11+1JumI4eVw8ceu/5Gxlbx+vfN4pHfJsrfeqt47CtFOXR4umgdFGd6xAMO//649fFST8uodbPakvLdVfeZg3tV+MH9PWoVzDIBdJYJAAB4BzU6Ejr/Cf+ewcZE2v0XLIxlYt0uLahtQ/abuH68N0pzXP7zxvq4mGgeEAPjVeb4IblYhGNKQ/nB5ofK8UsvxY2Xl47Hn4pPGGg2to1QvlFU/mg+976o/Cktv7BPyySeuW3fPv/j2Vjs7K1lx92rq0/++evleKzqaPVhLJZyfuz+HrVimSAwLBMAALCL7bn2y4/UyJWJV+bH+cQtPXpKXs0YnC+V5sfllY3Wfms4lBbk36wLa9GU/Xx+++/m5Tsy8k2QCpmBwgv5sFBn6uKtF7r+zHq2TnS88mwd5zLRdXFb/Ay646UH9lcT33E4Lv8OXnJ6zX58lafx44PlUWIabelZ0vWxFkVpNA+6Gq3hYVIOtVw1r6JsXW1OFsXqaCwvkxbrRmVvKE3xx/LAh2WSPiemSCzef1l+MJ9N/WPhSeF27MJYofKQJ+fOnr1w/lzlQOySiVScZYJ9hmUCAAB2muiVT+XK/qCp3TeMg7zamTXvSrRqU9ZcWVM1OUXUSPldfArjsV9fy5Pdlkk0a6yI7XxfRM4PcfK+aya6fjOpmZtk5zJRW6+Yl1Py5xO7POXMcWGkfPK4wbhCMv9fR5XGLvNs+m8NS5VHvFH+bG+JorkrXo62HP3P+OOfW5o064EtR5T43WLL75Ulc8P4sEyuZ/KOayZT6akn8t9Yf3bB8SDhdiZu3x5JxM5fe8gywX7DMgEAADup4ZT859VMtzUVyhcrjD9MV3mYfFujyl3lk92XSflk2fwKH1wmU/F3LZO88wXS9t+lsJ0QK+Rv9qtK9Dfrxcf5642H5Zz4qGXy+NK3jX+Ot35zrLH9unnHt0eV+Oj0scPKdfOVJz4sk9WZX1KxnrMz/zQWiVgd/bFYTHM+wGQvkyf5zK+P5A2WCfYblgkAANhh0fmrf35bD2SZiIepUXnFZucyab+0YP8RvA3541VRlGb5QhGXB13NyeLSmUZFaTEPrn6nyGdklSlfy2d7GZaUv1zX73bYL0RpMq/AbM03mHvjzbxyrGtePtCHZSLEfxqJxYwnay1dj/99LDeaPjd821oqZfYySfdaN1gm2G9YJgAAwGWi11wjhu05Vf41iPcsE8ezuR5ky8/mSo8Zz7YqTaTft0xco8K5TFZn1Lahm8bTxsRXM8/sr6ZGBgYLrrfWsrwZPN464z6U7nbIV49sTZ9osJ7o5XoFfHP1K+Afa01KwwnzrvQfFXmNpBA/MWk9WIwf+Xr6HctkumC+uMW9TMrnlsqeWJhaWFqOD+biMbk3rqesl7mnYmfTU5VHrTqWyUJZPHZBfK79AOfX94JlgsCwTAAAgEv5GVwW45ld71sm4iSde7T+fKW7TSsYYyMa0UJnrq0/f9R+sv9dy0Sfz3ZcmltZXqv8AmEsk/XnzyYmb6hhLVveHuKr3Xz4LJ8dsr/axU5NjJP8w5WxzJDrz13Em40VYVk6/n08M5YvFvKNh5W88fWKyeY/fJ/J/9ylfGP+Yb2i0tCqG0/uUg4dmy/OHzOvkDwdaD6kpPOPi/PTirVhisrhxsfF4nSipeG7q3LELPU0n8pkfjbLi+lifim5TJo7zPP8UzlpyucWe06sLvwqX/8eOzsy+3BVvgD+3OjtwuryQqxXvuBk4er50fLLTZyvMzFxzQT7DcsEAAAcaHc7jCdm1ZVzUaxWv2twzdzfo1YsEwSGZQIAAFBn7lXhB/f3qBXLBIFhmQAAANSZe1X4wf09asUyQWBYJgAAAPW3vr7u3hY1WVtbE1/K/dU9YJkgMCwTAAAA2FgmCAzLBAAAADaWCQLDMgEAAICNZYLAsEwAAABgY5kgMCwTAAAA2FgmCAzLBAAAADaWCQLDMgEAAICNZYLAsEwAAABgY5kgMCwTAAAA2FgmCAzLBAAAADaWCQLDMgEAAICNZYLAsEwAAABgY5kgMCwTAAAA2FgmCAzLBAAAADaWCQLDMgEAAICNZYLAsEwAAABgY5kgMCwTAAAA2FgmCAzLBAAAADaWCQLDMgEAAIBNLJN/vwpomahhzdngz5PuR2Bf83GZiHnt/uoAAAD4ohjLZLPey+Rl6dXp//67WCM3Ju+KD/+1vDaQ+of4UJy7H4r9y99l8r//6/76AAAA+IK8LG0EsEzECBkd+819apy7j7B/+bVMXslx8ub1xqb7GwAAAODLUfq3XCY7f9PbY7Usk47vU4/+teo+NYhzce9GDb9iFsbVk6lEZmYiey3UmXXfi/cqzY64j+rC12UiL5u8fbvt/h4AAAD4EpgXTHb+mrf3alkm5oWRwr9We38ctg9Hx34zr6KIe+8v/Ms+36OxHm2q5D78dNayKffRF600F0nNuQ8/PX+Xyb9fvRH/C721tc3TugAAAL4g4ve31xvy/8oczDIxX1XifO6WWCn2eY+WcTx8T8Qyybv/z+V5NZ43b/WFtY7MsnEjsTg+JL91JHHPXDKzQ2rryFg8JQ77sgv2Jw8bJ+294/debBkH+eQd/e3DG+JwfVH+p+vn/+IFMU5WV1f9WiavrHEi/3daJCYKEREREX3+mb+8eXlLLrtalslwdtbcITuXyc7zPdtqj8hPTI4vlk92XSaVARMyv8usHCrWJ1xIDBeNG+cTY+Zu2Z5LtmlrxpkaTvTNWtdl+mr5CT97pblkZ2D/vbwvk3JynxARERHRl5L4/W3Hb3S1VMsyEWZu3t91mew8/wibz+6PX5PjJG/uh92Xif3wi6e0dd1cJgnr6EE2OvpM/JtsrTyskBnIPtflV+vN2X8yY38uE31rfeJKtvDxL/Lxg3/LhIiIiIgOYjUuE+HNm7eut+fK31nSy3/kxHn+sSLWp39gmUxpWkE3l8mAdbSdMx8Wdf4As0PJO+KfvHmXaT8uk61QW3pwvo4v1qnGMiEiIiIiL9W+TN7F+zLp3rFMOnZbJo5rJuXD914z2d/LZH16KMBZorNMiIiIiMhbXpfJwoNlMQy+/59L9on48P+2n3M8ZE/6IonB8dzEZO5iz0CoN2ceii81kZsbTg5EIpVlonZeyd+ZG8tcUdtG5IPkMulv18bzd2YqE6WUV9tS+YXFWKemRswrKlXLZKJXS4wvrjy1X9PyZVufvhLsLNFZJkRERETkLa/LxH7Ju7Obv1XeI8tfu1zrcD6bC8FhmRARERGRl7wuk9Gx35ybJNx2bunRE/eD/MMy+WyxTIiIiIjIS16XSZ2xTD5bLBMiIiIi8tIXtkzw2WKZEBEREZGXWCbwB8uEiIiIiLzEMoE/WCZERERE5CWWCfzBMiEiIiIiL7FM4A+WCRERERF5iWUCf7BMiIiIiMhLLBP4g2VCRERERF5imcAfLBMiIiIi8hLLBP5gmRARERGRl1gm8AfLhIiIiIi8xDKBP1gmREREROQllgn8wTIhIiIiIi+xTOAPlgkREREReYllAn+wTIiIiIjISywT+INlQkREREReYpnAHywTIiIiIvISywT+YJkQERERkZdYJvAHy4SIiIiIvMQygT9YJkRERETkJZYJ/MEyISIiIiIvsUzgD5YJEREREXmJZQJ/sEyIiIiIyEssE/iDZUJEREREXmKZwB8sEyIiIiLyEssE/mCZEBEREZGXWCbwB8uEiIiIiLzEMoE/WCZERERE5CWWCfzBMiEiIiIiL7FM4A+WCRERERF5yd9lstUe0WK/vnYf4wBgmRARERGRl3xbJjcvp9VI4q2e78gsu+/bi+VxNaxFs2vOs/aw1jfrPHgnNTzkPnq3ZJu27j6DVywTIiIiIvKS92WyeT93I/lDv9gV915s6R6WSahVU7tvOM/UyCdZJunT2ob77MtWmh1xH9Udy4SIiIiIvFTDMpkTI8RRauWF8+lb+Uj8xr3VLcfJ3iyP903kYhHNPtj49cpwftyvZZK/kCi4z/aVZGfl/+kCwTIhIiIiIi/VsEzy1cvENQmMe9uy1Yd7sGyMkDsjibyxaoo3omFNnx0yl4lYKaHo0P2nK7GT2tQreVLIDAzGExezufxz+aH5Y/S1aYubxlcr5dWT6fydu5GIForn9e3XF09r954/W3/+TNw5GDV/iV8WN0KRgYnJXKJTSy8aZ9tzanREPGxxcigUnzGOvhhinERSc+7TemGZEBEREZGXalgmn+yaiRwhj1QxJHR9LZtSW0fsZVKRH0nckv+KZaJGx+1juUxe5NSotYjyFxJTJXlDfp1wv26sEfuaiXOZpAvGj1qaiVyS02RjIm1NFPlcsg9ch/nslOYCvHLCMiEiIiIiL9WwTCTxO725TFY2N+9Pjif8eJ2JOULkpRL52vd+uRDsZfJiYTiVDkXkdzRPxDKZqnyyWCbyB7A/jFZtJ3n+rmVSPls2F9H6aGqw/OPLafRFWZ8eCrWl3af1wjIhIiIiIi/VuEz6yhdM7BPzvblKnpfJcLe2pm+pndfkpYvyMmkXm+T0yMrzZ+sL196xTLR7mYFB8wKIsUzWjedumel7Xib6q7tqNPt2+/XanWzHcE3/RQKzJWbJ4LxxqSgILBMiIiIi8lKNyyR9unI5wsHD3zMpLxP9Va79dP9w0bhtLZMV9fS4uSvyFxLvWCbymVexVs38xVw8zF4pprGevS0T/XVIy5UPvyBylrjP6otlQkREREReqnGZ6HdGQsYymZLP4PKDvUx0PWQPnvI1k5uXUpGIpkYSK5uL71km4hd0Ndx/8YH8kSZSKfHjhU4ORFPGC9m318wng618YJls2c8BC3WNlO/97JUeuU/qjmVCRERERF6qdZnoC8k24zf4zmvue75khdF0X2ZmYjInip7U8tvuB+BdWCZERERE5KWal8n+ZL6Rl6kwODBmvEMx9oJlQkREREReYplUe7EQaTWuBbUmhu+9cN+Ld2OZEBEREZGXWCbwB8uEiIiIiLzEMoE/WCZERERE5CWWCfzBMiEiIiIiL7FM4A+WCRERERF5iWUCf7BMiIiIiMhLLBP4g2VCRERERF5imcAfLBMiIiIi8hLLBP5gmRARERGRl1gm8AfLhIiIiIi8xDKBP1gmREREROQllgn8wTIhIiIiIi+xTOAPlgkREREReYllAn+wTIiIiIjISywT+INlQkREREReYpnAHywTIiIiIvISywT+YJkQERERkZdYJvAHy4SIiIiIvMQygT9YJkRERETkJZYJ/MEyISIiIiIvsUzgD5YJEREREXmJZQJ/sEyIiIiIyEssE/iDZUJEREREXmKZwB8sEyIiIiLyEssE/mCZEBEREZGXWCbwB8uEiIiIiLzEMoE/WCZERERE5CWWCfzBMiEiIiIiL7FM4A+WCRERERF5iWUCf7BMiIiIiMhLtSyTQmZADWtmgwXrsD1inXRklqsejYOBZUJEREREXvK2TCIJ+7A0O8QyOchYJkRERETkJW/LJFxZJuvTfiyTxWvOr4kvCMuEiIiIiLxUyzJZGR5IzJZ0fStkjZMtc5b0Tb8ozQ51DK+4P2GPtucSrdr6aGrilfsefP5YJkRERETkpVqWib792vzXHCSx5JXyRJE2tisP/Cgbv15Rwyn9VS46+sw6mh3K65vtrZp1sr0mbqutiZVN6/7F8Wsh4/Ut0Ut3rSMEhGVCRERERF6qaZk4LF62ntn11n3PR4uKkfOr3DyhcL91NDuktg3ZD1DDA+aNUPmRtuFurdYrNfAHy4SIiIiIvFTTMvkk10welV+7IsubX2R2aLDyopU55wPUeF4crUxei7RZJ+U3CUMwWCZERERE5KValskneZ1JfqTvl9zEpNEvV/pmt+Sha5n0zqw/f2ZV2tT1NTWSyD+UH45pLJOAsUyIiIiIyEu1LJNP8d5csYjm/FANp4aLrmWiu9+269ZQbNoYMLoejbBMAsYyISIiIiIveVom1SNka7fDvZKvfXeIhrVods21TAa7tPb4+MRkrrsrkZjV9Vd5tS29/nTxZnakvTPBMgkWy4SIiIiIvORpmaj8DXiUsUyIiIiIyEu1LBNgJ5YJEREREXmJZQJ/sEyIiIiIyEssE/iDZUJEREREXmKZwB8sEyIiIiLyEssE/mCZEBEREZGXWCbwB8uEiIiIiLzEMoE/WCZERERE5CWWCfzBMiEiIiIiL7FM4A+WCRERERF5iWUCf7BMiIiIiMhLLBP4g2VCRERERF5imcAfLBMiIiIi8tL/B5o8TZNZyDstAAAAAElFTkSuQmCC" alt="Screenshot" width="100%" ></p>
<p><img src="data:image/png;base64,iVBORw0KGgoAAAANSUhEUgAABDMAAAIGCAIAAADGMlPIAACAAElEQVR4Xuy9C3hT152vfZ5z5jznm8x3Zuacr6elnWYyURI6OVR1SAw2BAhOagihQIEhxUQB3zA2xpEvso0j8B1btoWCMMbYsrBky0LXNG3SybTTtNNpOtNb2qbTJmnSe9qk9zTTNiFcv//aa2tra0m+yQJZW7/3+QX2XmvftNkx62WttfVfdCM/QBAkq3OGfv2+quT7utEfituocvPID2O3TzLScSKrdEZ2GZQf6kaj2+xxf80TfGIq+HF/+PFg+PFQGAAAAADaZMzl/S/xzQUEQbIri9hMHnZ/BWYCAAAAZAPMTMQyAJKCHiaxCGQIoVA4FH48EP64P/S4N/TxyeAT7uAnxoOfPBv85FjgybHgU6OBp0aDT50JPDUceOp04FPDgX+kX4f8nzrFE/hHnkH/TFE2Y/F/akg6Aj8UHZYOPiKdyBF4kuIMfJIuwBX8xGToE3RJ50IfD4Yp7FIBAAAAoElgJiBlwEwyGmrwB0Jhav37Qh+fCjI5mQh9whV8gvRAUhSmCs4gc4Yx6VdHRFdGAlKCLGckwZghfLMRaUe2O3lI8CkyH3ZYshHpLPyM5CRuSUumwp8gLfGHPx6QOkxgJgAAAIBWgZmAlAEzyWikbhMykzAJgD/0uE/qpvBKmQp/fCr0BMUTemJSkhYSBhZpYYIcJvgJltAcwrdku0gHUX4NsoOzUVt0ojDrJGH9JOEnfGE2iCtAWhIiLXkcWgIAAABoGJgJSBkwk0yH9UgwOSETYPGzfNwXsRQ54Sf42CouD8xbglLCSlgvR6KotglGd+eHosMqp/BJJ/XLTsISZGHXBgAAAAANAzMBKQNmog1454kU5gOSFTweCLGxXoHQ4ywRYWBdGZFIk0DmGtWOkUPxI0tn4WeUTs2ugY/gQm8JAAAAoHlgJiBlwEy0B1cCMZHelRQn7kQAAAAAyCpgJiBlwEyylnipmDUAAAAAAAIwE5AyYCYAAAAAACBpYCYgZcBMQDYw4QuNeUOOVIQOJR4dAAAAyGJgJiBlwEyA5nH7RLtYYNyQEwAAACBCkmbiD4YdnuBJV8A+LsWlJMjiFjM4EZoK4C9gjQMzARqGfoDFe0Wqgp+OAAAAQDg5M/H6Q+8uc76n/CzL/rPvqRh/zwEplRTXew6yvLdq7J7WqYJWz5Ka8SXGiSXGySW1k+2OgHgsoCFgJkCr+IKiS1yLiGcFAAAAsoxkzKTMMjWzmbyvamyV2e32hbyB0PLGs4qZLKnziMdKEVu2fXTNuvUUsSKl8FNc67NkLjAToEkCoXCqJpbMHPScAAAAyHKSMZN3lzpnMJO/qXJ0OAIef4gRDrl9wSVGt2Im12hQ9Qdzlr/7ve+niBUphZ/iWp8lc1m4mZia2tTpOsOLR4Xyydi9FgO9JYV5JRaxdF4ExzeuK8zLv39dYbFYNQtjD5jGxDKQOuIV4tpFPDcAAACQTaTeTO5tc5OWBKUvLKD/aHnJI1EzuUazTWAmi4GFm4mhuL6kolFOWX3dcV5sN5SYIuWmfSX1jpidEpCXX5ggCzSHGZmXmdgq7heLwmHzzsLa7pMTzpMDbTaxjo6/9/7ph0JGzWTGzWSKC+hulMUUTdjulaSosnssZvfAWK+pYvXqwrw1mw8/FtPhGXBaTOVFdFdXF2yzTahrwhODHbV7drEbvk7ci/Yr+uhmdsDV99d2CzaVuOqB+D/H/MLRSK1QXqz+Ewh6tm/ezMrjLl4NbSAWxcLm1MX5w7ULnQ4AAADIWlJsJvdJWsI6S6QvXwsEQ9WDfvVoLi/MRLukwkyaoyvH26Jm0mCPlI61Vs1uJiK+gbw9HQu9uBmZu5lMtBTlbdxVFHc5eeurhBI1MyrHPMzE21E8MNT8gNpMvN3rSrrl5ZHmLasjLfXgSLFKVJwdxeuURvxIc7czep42w+a2yKfpLdkxoWpbT/SUFXUqn9SbV6A679mOdZWKg81QJZKXXxRd3qJ6YGIYy9vaoKx4T9ZtN4+raiWCpw9tLKQ/OLE8lnh5uNYRrwAAAADIGlJpJitMTqdX1hIiGAodPu1/r2oGPMxE2yxaM4k2qa8ZczeTdfnbaofZr0L59I3sWZnzaK7gCGvxO9RmYqtcH3tzgraNtadjSiJMmIt6xTKOZ4bPTp9L7uJwNJti/+Ty8nfIJYmqYtYVHquqfCy6Nu15LWXCpYrdRPQHsbrI7GJ/cEK5QLw5JJ09te6bO8/FlwsRrwAAAADIGlJpJpu6vBO+qJn4AqGVjY4lj0zATLKERWomUoeJuqDbVMHH+dz70ZjWKmvmTtjYgKL8wkODrIS3+Pd/lG3cHRkQdLi2eLU0RkjdbyCYyZbV929pHlFW1eTtME+Ew7UbVQ3iYTM/qTIeiTeX6bzSidi0E6EBbWupYFX5hVv21MX0mczYzh417RoNhsP9FdFm+kjDA3Halrd1GkfqEZv7CtMagtpMnM1qqWBV+cVtvmmrYtYjdBsKVWPHxu59JLFE0Wdkd1lFXmFdzLrX8nAPe1wPbxU/vpoZXslVd9h9QyVLztEp25RYmzBzNBM6qXgdAAAAQHaQUjPp9g17+MR3hscf+sAjMJMsIhVm0mjpt8kxt0TN5FBXpLyvrmJ+ZjJzh0ne6mgLOG9LWXFPzISEvD1lDxfsUpeEw1EbsVVuztsot3fVZlJcUDjdjZhoKermbXGXWTXMiaHuM6GjCedVKwc1pntVu25Zs21OZhK0bTFJsmQpU8xk1LQjvjNhmv6K8cM7pjm4y7z/uFjG6S3Z3K2+1NWFzshYr4HKbTGfYvoqNbFj3izxg+IU1uVvVuoOP7iZKZkKZfCYacs0H0pihu9VJDPhC90dEzdUe+I3iM8czeQavSYEAACA5jEUtw2IZTMxeaLLUFxvjv1XvkOlJtMJ3liJMNbLm2T7qvvm1QZLghSYya2Vw3fWnL75wMjfHRytORkakwZ0cT1x+4JLjY6ZzeSjO3by5n5//4DS9Kc8vK84EIi2AnPuzFXXUvJW3a3UxpvJe94nb3bbB24/c2bkpptv5at3r73nve+/STnIh+64S9mFrrnmEaNwll0fiw5qVwr5ajAYVG9Jq8qW2cnCzSTlkDwoUyASom6Y5sWPsFpdLItEYizFEe1RzMS0tVBoBKtZlx+d+y4IgGAmwnnVypG3w6yqYUOh5mIm61ZHnmSVmQyUFcaPIovvRSEObSxcN03HyMb8zTHrbLSY1AV03y5v3K2wVW6Teoc2x8+HmaGKQ14X86cZHK80dUxMeCYmRmxtzbSv4jacw7vvZwdcJ/6xmlT9JDObyQwvC46YSWBVtXtZt+wbe46fG3QHyprc3dKqpXPihqoJm9NX8xjbQDYTl3fpjH4yhgFdAAAAkmK+ZmIobhWLEhIxk+vAQs3kb8pHauy+7lH/weNT769y3t85ZTkb8gVkNaFfigem5mgmN/7dLYIVrLp7Hd9m774SoYqn4kAl30Awk8bmZmUb0hIqUcwk/iyVVdV8L5IWoYrHaj3ON1BK+Oq9hRuVkoL7ZmrfZAmL0Exm7jAJC2ayukJVI5VsbXYKRTHEm4l32qFQDK96TFGRMtdcQjAT4bwq5RiJG8I0MLuZeLv54CWG0GcSZyaJXlfFZqgn7sfwWkRj8Y0MdDMO15blrdmm3sl7snn1xuJay4hp3y5aUNXMVKUQMwQujon+qnVl0R/Izp6K1VsqnIMdlTu30YJqQ7rV0cnxM5tJvDYoUUZzfdTqGxZqhz17RtnCRiYtPqWcmwn9Ohh3NCHidQAAAABzYP5m0iYWJSSDzKTU6j/HPSQU7hvz33jw7MZOj8XJ/nLlsLcGq77PZAYzodx7X6Hh4b1qK6ANenot6hIhNhsbn642E6W3hDJ0Wm7DKWZCufmWpR/bvUd9EOEy4sN7b9Srai1Ze0+B8nGymcVmJok7TM525K3ZvGVPzcDg2MSE59BmlZnEt9Hjegm8J+vy1m073N0t/VN9R1GMmXTnFRhmMBP2Vq7Yt9yqB3QJZqIsx5VYYt6Ny5hlnslo866YN1/NfzRX3mqx20EmOJK3aaZXioUjM/4ZQ3XFlpg/j7z8bYeGpq1Sr0qMi51FcRRHZM/bUcxHrkXwysP2fAPFBTG3aGYzmUOfSchx0rOkckJaDqyrcy+pZrqy5wyruqFygi/wkJMsecR9Q+0sQ7/QZwIAAFlGYHLCTXEdbzNa2d+GVU29ltPOod628qNsqmZFcXNTe1tTl23IHR5oqDfU95Y39FpO0F/9LlO7bWjc3dPUaJa+Ak42E0dvSZMyQVeFvavj5OgZ2zFDnS0c8NIZDcWt9CvV0GFbq0w9/TYfO538tQ0VJfW2EbflqHlfmYmXGKp61aO5nN3m8pZTqgIiUHFU/ja65FiomVTag+7IrHf6tc/pv7GayUn1yeCwJzThCzWeDsyxz6S2Tv6HTDqO0ugfdTjUhqDspZQs+Zu/pVV9zp3qzXjsJ6VZzBKKmZC38JJTp4bUh1WWb7xJp+y1Mn81LyQPUW+jzrlzMw33ySoWbiYpnGdSWVCYtzNBH6V6YglxqHAeZsLGPkUmljB8sWayhVV5LWVCI1tBPZSLM90LcOMFQ1Vii3sTV7Qkfsew1AeSMGwvZ/OWuB6SvM3RLoUwGwYWO1hLgbTkPrGXKR5q+vPLi3cA6aaxT52wSvnSEglvb8n9XHBmoDbimUpflgI/RXHcTYhE1DPOXOaZOB7z/JVkJiQeSgkXkoR9JoPWyXtt/vgDKsE8EwAAyEqChlKx3UImEJZUoaJd/ouemUlJfEfHGN+AmYmjz1DdJ9bHonSVKAt02IHIXz6ymYRs5a2R9sZwV0IzYQRG9zXLcnKmtdlwoDO2et4s1Ey2dfoGJ0KR0VvsVTYbjrpuMzrv6/CYR0IWZ+jD7Z45msnISPQfOZV2/8joqLJ8+7IPKRvobvuAUh5W9ZkouUl3m7JxWGUmd63IUwrVR1CWHzLsVTZQumtu+8Dt6m2UqOe6gFSYicoNFvZurjzpnbDxCPqxXdWEndVMqHUbU3K8ShktFhnNxRDkJ4I3xmokpjt7vGCoSrzCq8bCE60zm4mIqs8kHD4tDpEKWtTfJeLsKE4sWsHxNsPmxOO7Ynk4v5DPU0+oH9weE1bFvFvLZVbfq+lQRHE6M4lnunKOxy9qgxIyE5vTR8mpdt/QwLpBzEfcNQ6/Y9KfUyP3mUTnmVi8jugMeP8N1ZPxB1RCJxWvAwAAgOY52Vl3XP5rtbWhpaTcZCiuV8xEGUzFzEQqlAjUVTeWlNYbIupiKDbtK6tvGoqb5cnxnCmvkA6byEyUxpV8OvUIrshyAjMJh81V9dIE0QBpic0zzannzELNZEn5iMESOD0ZmmJ2wmpJTta2jC+pHv+bgyPvPzj7u7m2bZfNZHw82pBUmv6kK8ry6jXytBOCBEMpDycykxv/7hZlY0KZXqI+iPoIynJ1zSPKBsrZec+McArKyvzVysZg8ZjJoY2x7VoV6mFCEz1l61Tf5jGrmQzXblNZRyCvYHNCMwm7WuW3YKlgs7fje9eOVylvtZqzmbBPp55kP9d3cynEmAl7Z9c6Q0R1pG9aVP4U1+VvTqwl0087GXXFTF+f6K/aqMyKGa7bUqeaIRMcjx4kUVV0NRzev75wXYX43YsTwzHzbYZbDMrXKQY6i2Nes+Y9Od0ou5nNJDzjVJNrFPEKAAAAaB1bk8lQJktCV0290iCe2Uyqiuvl0vBgtM8kHG45UB//V7T9sMlQKndozMlMQraKjsikV8dMZhKW5GThvSWchZrJe8qdy2rcPc7Q2ch3LNKvh054ddUjSw65l9S4U2gm77/pZmUDUgWlPKwyk7+9OTrBfWDAqmw/dzO5p+A+ZYPKg9W8MOfOXPU26kxNTSnbZzmLx0zy8jdLc7AFToalV+4+bOoedHps3ea8Nbva9szDTPgshcoW24Tz5MOb7287e1IZDBZjJrxN36++G6xrItErp07nGbp5+dzNhE2Vua+IPsLEhOdwdRHJw4LMhLlNYW2bbWLYdu/qwtUflS/DaynbWNYq3kIrM67eks3FZrFmYIR93gfyC/ebOrqPj9C1dbfU5eXfr74LJHK1Ld22YY9zcOCBdYVmlb7NUBWWfFKerKKCPuz28mbnhIeuvLulJi9m1Jk3L7/Q1DZAlzF8vHvjmkLbNM8mzAQAAEDa2VdsinaYVNXL/5IZOjWzmVQoZmLvVJsJiURVtzhuhO1Y0SUtuuZkJmG3ciJHe/PMZhIOjC68t4SzYDPZf3bJ/rF+Z9Djj5pJp8N/R+1wqszkH3Z9TFm9+ZalR1tbb7xJp5SUlpWHVfNMaPnmW25TahU5mdVMbvvA/1VWl9+18nBLy733FSolJwfZlBX19jXG6PuFubeAxWMmAKSKGaaaXItgkgkAAGQdx9ukEVZSqMETcu0rYcumfufMZhIet/G9LM5AjJlInRgO8e8T72C7mTY2tp+umJOZhL1DvbR9eV3voPfMLGaSOhZqJkvKx1pH/Mo8k5D0Mq41j44vOXg2VWYSVnmFkFtu+3u+vfDW4NPDw8o2vRb2L9mzmol6Vci69fcm3L6uoUEpgZyEU2Em0envUobY6yIIt1AePyoKgGtHvD9cu4jnBgAAALKJhZrJB43Os+ckL5HMJBgKdTsC7z3ofE+1O4VmcuZMdEyXOs6zZ/n28d+0eOsHbucl77vx77qP9czFTMxHWm++ZalwiiV/87fKFz4K24dj31Dsdsvt6Kxl4WYCwCJk/JzoD9codCLx3AAAAEBSONqbo10x0Rkpi52FmkndKel7FaVy+r17LPDeSqYlczeTedFrseyvqOzr7xcrUkpnZ9eByoMtZrNYAWYEZgK0ii8oWsS1iHhWAAAAIMtYqJkY+gPDnlAgGPIHQl2jgSWV4+856JrBTDwLMxOwmIGZAA1DP7riXSJVwc9FAAAAIJycmby/PGomt9e5W0dDJCdDk6FCs+s9lS6YSdYCMwHaZnL6rzdZSCbxBSYAAACARDJm4vGF1O/mev/BcV2N632V4+9hmclMDg36xWMBDQEzAdnAhC80FmcXyWUCb+ICAAAAVCRjJmFpYMOgK2Afj8SlJMjiTpAFzjABix+YCQAAAAAASJokzQSAeGAmAAAAAAAgaWAmIGXATAAAAAAAQNLATEDKgJkAAAAAAICkgZmAlAEzAQAAAAAASQMzASkDZgIAAAAAAJIGZgJSBswEAAAAAAAkDcwEpAyYCQAAAAAASBqYCUgZMBMAAAAAAJA0MBOQMmAmAAAAAAAgaWAmIGXATAAAAAAAQNLATEDKgJkAAAAAAICkgZmAlAEzAQAAAAAASQMzASkDZgIAAAAAAJKGmQn9hyAIgiAIgiAIkt6gzwQkz/j4eH8EepjO+QIIgiAIgiAIklxgJiB5FC2BmSAIgiAIgiALDMwEJA/MBEEQBEEQBElVYCYgeWAmCIIgCIIgSKoCMwHJAzNBEARBEARBUhWYCUgemAmCIAiCIIs8U96Ay+PTdtwen/CpDw/5/qLSfcN1DJ2OThp//+cVmAlIHpgJgiAIgiCLPNRqd09lQVRyclvDZLw5XJ/E3/95BWYCkgdmgiAIgiDIIo/YgtdoXCoziReG65b4+z+vwExA8sBMEARBEARZ5IlvxGsyMBOQ7cBMEARBEARZ5IlvxGsyMBOQ7cBMEARBEARZ5IlvxGsyMBOQ7cBMEARBEARZ5IlvxGsyMBOQ7cBMEARBEARZ5IlvxGsyMBOQ7cBMEARBEARZ5IlvxGsyMBOQ7cBMEARBEARZ5IlvxM8xd69ZI5Tcv+mByuqa+C2Ty5HW9qEzjvjy5AIzAdkOzARBEARBkEWe+Ea8OuOT3tzc3PKKA/FVczST7Tt2kmBs2bpt5cqV8QeZIfMyEzpLfKE6czcTfyjc4wxs6vJ2j82yZRKJv//zCswEJA/MBEEQBEGQRZ74Rrw6x08Mlpbv/3BhYXzVHM1k18d2069nHGfvve/DQtXMmZeZ0KnjC9WZu5mc9oRuafDEl6ck8fd/XoGZgOSBmSAIgiAIssgT34hXp3DDRrfHZ3h4L/3KSjy+lStXHm3rtPQf1+v1fJvDjx6prTfZTg7l5ORMZyYjznGuN47xiS1bt/UfPzE84qTVzZs/YrMPHmnrUHpUNt6/6cTgacdZ91133cXNhHbhh6VV0hW+WW5u7qnh0fbOY+OTXndKzSQQCrcMx2xTc9KX+6hncCK46sgUrdpcQa4uU4FQtd1HC25f6MMd3o2dXoc3FH9AdeLv/7wCMwHJAzNBEARBEGSRJ74Rr8727WyU1LDD2djcQgt9VhuFV+Xnr+ILSucJuUe8meglPrJlK6mLW9KM0vL9Sq1iFHRYsh11CZ1xOjNRK4pwnOkydzOhrGudOhcINZ/2qwsfHvBRaOHuo1PmM4EPNnssTvlQJC18gRQl/mjqxN//eQVmApIHZoIgCIIgyCJPfCNeyemRMe4VxOYtW9zSCCvFTBQhyc3N5QsJR3Nt37HzjOOssqpohrILX1BkQylRRnPFm0n/8RPX1EwoH2r2+AKyZtSc9PmCrGnHzYQyMhXaZTlXcpytLm/xqJt/8YdSJ/7+zyswE5A8MBMEQRAEQRZ54hvxSnb+wy5lmQ3rktygobGZl+Tk5PAFZgXSWK+VK1fGmwkfzaVEMJP8/Hy+QIclEZJK5K4Yw8N7FTM5UFlNC20d3VxInG4PG2CmOmzKzYTilcyExOOkm3WJVNvlPpMbJDMZ8US7R8bPzdJVoiT+/s8rMBOQPDATBEEQBEEWeeIb8UrUc9wfqa0bdbrJQFbffTcZQp/VpswzaWxuMTUdttkHZ5hnokQwk+07dwrzTD5cWGg7SUpylkqUGfBr1q51nHUX3HuvMM/k0SNto04XW12xwunykLGoz6XOHM2EPKR+yL+l21tu8ymTRib9oTsOezz+kGImR0cCtKrs5faFHuo/t6HTe2RkpoPfADMBaQRmgiAIgiDIIk98I16TmaOZXOvE3/95BWYCkgdmgiAIgiDIIk98I16TgZmAbAdmgiAIgiDIIk98I16TgZmAbAdmgiAIgiDIIk98I16TgZmAbAdmgiAIgiDIIk98I16TgZmAbAdmgiAIgiDIIk98I16TgZmAbAdmgiAIgiDIIk98I16TgZmAbAdmgiAIgiDIIk98I16TgZmAbAdmgiAIgiDIIg//+nbtR2UmtzVMxjvD9Un8/Z9XYCYgeWAmCIIgCIIs8kx5Ay4P61LQcNRawnN4yPcXcdpwTUOno5PG3/95BWYCkgdmgiAIgiAIgqQqMBOQPDATBEEQBEEQJFWBmYDkgZkgCIIgCIIgqQrMBCQPzARBEARBEARJVWAmIHlgJgiCIAiCIEiqAjMByQMzQRAEQRAEQVIVmAlIHpgJgiAIgiAIkqokYya5B/l7iyfEiutL9x79iFgGriuCmXimfCyec+pMerwIgiAIgiBIlkdoIsrtxinflFeO1+tPxkwsFs+mI5M3Vbo3HfEkSOfUoFfcZU4E3UOPli7P0euXr2iwusXaOGAmaSexmcTJCfwEQRAEQRAkOxPfLFRrSQrMhGNpFb/6UcmH7eLGc2BKr1+xp1MWkqFDhXq9PqY+DphJ2hHMhB4p9XOWUFEQBEEQBEGQLE1sQ1FxEq4lCzKT8FlPvJMkbSZDlauMgmd073mwk/2u39xsKS9csVxfamWrezeuIGlZfs8OtZk8yAqXGyM9LXv0K/xDDbSZtO7fdM9yWi7cPZeeGDAP4s2ER/QT6AqCIAiCIEj2JL75F5t4J1mwmYTPxTtJ0mbSvFkveYcKR8OqyiH6XX9f6fKCHdWmduYVIw36VVut/ZZ2094VebKZTHXvWbWt2tpj1utX8F33kIcsX2Vub6dld9OmrQfN1p72TfeVWoPK0UEKmM5MZpcTBEEQBEEQJPuibi6m1kzC8U4iZWLnsLjlrBjvix+a1a3f002/6fVrlaI9OXplubpA2sVauiIiJCOPFDQ4pM30en9kM2Ymj4jWoymCbn1hhbpgz6rlU+r1a4ZgJvQ8xT9t0BUEQRAEQZDsTHxrUIlaSOScS+rdXAq5le7WMz5fSCxPgoSjuSQxITPZo5RtUk0+4aO5SDz0+gJ3BL/UK7JHmKPidz9YsHzVtuYRrfaZqOTkumlJOJGZKIl//hAEQRAEQZAsj2gjKi1ZqJnkVKZu3sZQ9Vpp7FaEKfN2ffs5tqQ2E3WfidzNwvpMooUc0UwkaLNNTam74EVG954V9ik2sm0tn45zXZjBTKAoCIIgCIIgiJL4VqKgJQs1k9xq8cXBC/mSk+qNbJ668dH2dlM1LawySD0msWYSHjZG5pmUqueZ6Fdtam9vr969iZeozcRSvNbcY7f3mPU5hQ1xI8a0BMnJ2uLrpyXhuZkJgiAIgiAIgiRIREhSYyY3VLqLpHkdMj4vlfhUBUDbiGaiPFjxTx6CIAiCIAiCeBMISWrMxGYTZzQ0DCT3JYsgI5nWTKAoCIIgCIIgiDrxDcW4LMhMQJYzu5kgCIIgCIIgyNwCMwHJAzNBEARBEARBUpJzPpgJWAAwEwRBEARBEGSBISfhgZmA5BHMhJ6n+EcNQRAEQRAEQYQoNqIOzAQkT7yZ8MQ/fAiCIAiCIAjCE+8kMBOwUKYzk7kk/hllib7AQfx2HgRBEARBEGSxxav+CsXplWOOgZmA5FmImcSHmwl/yj1TCIIgCIIgSGZEVpQZ+0PmEpgJSJ4Umon0KDMtCQZDoZB4IgAAAAAAsGih9pvPJw1+gZmAdJFaMyEtEU8AAAAAAAAyhEAgtEA5gZmA5EmlmXj9ZNviCQAAAAAAQObAhnXBTEBaSJWZ8BkmGMQFAAAAAJDRcDNJWk5gJiB5UmgmGMoFAAAAAJDpeKbITJIf0AUzAckDMwEAAAAAAAowE5A2YCYAAAAAAECBmckCJsHDTEDywEwAAAAAAIACzASkDZgJAAAAAABQyBgzOek9iWgsMBMAAAAAAKAAM0HSFpgJAAAAAABQgJkgaQvMBAAAAAAAKMBMkLQFZgIAAAAAABRgJkjaAjMBAAAAAAAKMBMkbYGZAAAAAAAABZgJkrbATAAAAAAAgALMBElbYCYAAAAAAEABZoKkLTATAAAAAACgADNB0haYCQAAAAAAUICZIGkLzAQAAAAAACho2EzM62s74wqRRRSYCQAAAAAAUNCOmZTcq9d/rC6+XMgD+u3xhUhaAjMBAAAAAAAKWWcmepjJognMBAAAAAAAKGjYTOrWVrPRXPqc1cdGLZbHmrfUttrGLHr9AxZaHbPFHwG5zoGZAAAAAAAAhawwE5tqM/SZLJ4sNjOJPzKCIAiCIAgyx4hNq/mjfTNpLF6rv3PtAxXVvBxmsngCM0EQBEEQBNFMxKbV/NG+mcjxWPQ5D5yEmSymwEwQBEEQBEE0E7FpNX+yxkyYk6yXft0Svy+Sliw2MwEAAAAAAGlEW2YSYXvbScVM1uffwYruXNnqZpuZqx+gtTs2HYg/AnKdAzMBAAAAAAAK2jETJOMCMwEAAAAAAAowEyRtgZkAAAAAAAAFmAmStsBMAAAAAACAAswESVtgJgAAAAAAQAFmgqQtMBMAAAAAAKAAM0HSFpgJAAAAAABQgJkgaQvMBAAAAAAAKMBMkLQFZgIAAAAAABRgJkjaAjMBAAAAAAAKMBMkbYGZAAAAAAAABZgJkrbATAAAAAAAgELGmAnQHjATAAAAAACgADMBaSNzzcTR3ky/GorrlVS0j9VFV9t4rbE/clXuPiocUB0BAHAtGGiI/l/JSwa72mh5X6W5ddDDSwylrcr2hgY7+1X1P7JSdZ2xtLTQBZRUd1qcAbY+1tuqXMtYb+SnR9DebHJFiunDDnjlZeGDRH4o0U8qu7qw0SjfFqKC1WYRyo/oJiu7hcpqXdfpsHQzI3/6gapKE6sqa3SqNuM/2IGC+rnijx89w+Wl9YYSE3+G4zcgqopNyhEqcEtBImAmIG1kupkwxnqVv92lRkCUisOdVcUtfNl8wAQzAeD64R6oO87a7K6uFqXtHj7Zydv6de19phPyTwy5QR9pNqUJ5huOkLzi6m4ZOJfYTHz9rYY6W8mRM7yYNaZL5HZe9COodlT/UIps4NvXYGcffriry61UZgXK3aC7HbN6mK0qZmIoiflJLvxgB7HY6yL/BJDgGZZQNpAYNQ/aeiJVMBOQEJgJSBsaN5P2MWpGSC2IIC3DTAC4bhhKzNLv0WaTXC61zun/R3NVfbnUvl8UZqL6MSLhZk3kRGZSUdppD4U7DskfihrT4dCY+oPwjWc0E9aCJL3ZVxLtOMoSlLvB7lt0NcDtLmIm9rrjkR0kYCYzEv1fLMEzLKH+f5Df+X0HjvFVmAlICMwEpA3NmUlMtzX7uRyytwyHw+dsHe4wzASA64TXdsjCO0rsQrPSUNUb5v9vDneVS1XCIKioDFxP2I+RmCYau6pEZlJ+dDQs9Zzwn3e8naf+IHzjmc0k7B6oKjGlcdxaupDvhs+1r6RRWpX/0DuG2NMyvZmI45GACrWZxD3DEmozMUo+bD7A7n84bhcAODATkDY0ZyYxbSD+F/++0k7+D5wwEwCuD/uio3HGWqvUfSYu/n+l3Cg/N1jRMbYo+kxC9roS1XWGTtUdD4bH+6Jm4pDMxN55ZsI9KaWqi82U4Gai/iCMWc1E+gnmUFayBuFHdGTVxTudImYypgyWi90MJCRqJgmeYV4eNROXySo9wKeP2aVxXzATkBCYCUgb2WAm5gP1VSV8QjzMBIBrT+gUNdOVtZh5JsNdHdLMCqW7YF9Jy6Iwk9h5Jl6LWRqjfyrS88M+BTWWLXXRlp9BGg8jm4nqgzBgJtMwjZmwuxeOmWfChwKKm4FEJJ5nQs8wd4+w2kzOHFOeUf56GJgJSAjMBKQNzZmJ8h4S9tNWbv24+9iALpgJANcD1kmiDM3iRfK7uarbOiLv5ooOZPJahdFcaRzjxN/NZahok9/NRUJi7ZKHG0lXbqiJ/gjhc7gVM1E+CANmMg3TmQkpa8twMPpurpCnokx6HspiBn3h3VyJiJnKJbybiyNvEDplKo2+lauquKXDTWYi39ssfBrBDMBMQNrIXDMBAIBrwaS1bZ/qtaoAAJBtwExA2oCZAAAAAAAABZgJSBswEwAAAAAAoAAzAWkDZgIAAAAAABRgJiBtwEwAAAAAAICCdsyktaq+/ECj+tWPptJ6/r1aYHECMwEAAAAAAAqaMpOK9lOGOlukwLev+RQ3E++Itammmb0Rskmqld70ajvCXtFY1zsafbkduL7ATAAAAAAAgILGzGTMUNIqr7v7zGfC3Exc3a1VTb2TE85y/h2lzExM5U19k+NnmK6ovpYLXE9gJgAAAAAAQEFrZjLQUO9ia6PmA0xChNFc8tdLMTOJfDfQyU68PD5dwEwAAAAAAICC1swkbO80nwnTr/uKW8IRMwk47a0N0tfr8q8aVZuJehlcX2AmAAAAAABAQXNmQjZS2mksMZnsQbbMzMRtONQndaSEbU1xZoI+k/QBMwEAAAAAAAoaNJOOQ/XlR0d5Ie8zMRSbjF1nzpzs21dmUsykxHgM80zSC8wEAAAAAAAoaNBMfBYzG9Alwc1koKllX0m9oawlcKJNMZOBFja+y9TvxLu50gXMBAAAAAAAKGjHTOYB5pYsDmAmAAAAAABAAWYC0sZiM5P4IyMIgiAIgiBzjNi0mj9ZaSZgcQAzQTSQT3zyyd/85re///2bCJLe0HNIT2P8I4ogCHLdIjat5g/MBKQNmAmigVy4cOEqAIsDehrjH1EEQZDrFrFpNX9gJiBtLDYzASAJxLYhAGlFfEABACCjgJmAtAEzARpAbBgCkFbEBxQAADIKmAlIGzAToAHEhiEAaUV8QAEAIKOAmYC0ATMBGkBsGAKQVsQHFAAAMgqYCUgbMBOgAcSGIQBpRXxAAQAgo4CZgLQBMwEaQGwYApBWxAcUAAAyCpgJSBswE6ABxIYhAGlFfEABACCjgJmAtAEzARpAbBgCkFbEBxQAADIKmAlIGzAToAHEhiEAaUV8QAEAIKOAmYC0ATMBGkBsGAKQVsQHFAAAMgqYCUgbMJNZMd6nl8lZ/uAj3WJ1IqRd9tBC9x5aKKCFAlYwy76R0+gLNpeaB91idSL45nyh4JGR8IhxLicSaNhdKB1n+d65fbqFM9X54Ap+weGw39G+XDp9aaeT1/KS5fdsitlnRsSGIQBpRXxAAQAgo4CZgLShJTMJhSjxiJvNF6YZBRV2t9veY2QNaKu4wQzM10x2POp2D1mlhrp+TmoSgZ1GaujPl6GDa2lfu8Np7zGv3dIgVl8T3PwDShfsZzemfcg9ZKYFazDcvpNVUcmOPL1+xV5x12kQG4YApBXxAQUAgIwCZgLShmbMhBRkZMxtH3I+Nuiwn3LYhxwnh8aGR8+OnXUHg8GFOAozk/uMvNXPGs2SXzi7javuorXlRis3iBFaCbst7J//DZaZ+kzcQ4V3r6C1wr3tTj8/g4yyCdtJr2dnjGysv2sV39huelCq1G/aa+S7TNtn4rZKV6hftXEHX+V9IwXbq+XzSUhXyC41WvLI3k0Fq6Qt2Sn4Mbn2qG+F3NOSs7y6m90BefWuVfYp1bES4W7atOI+dgJ2zHNMSHg5v/Ad7CisxH+ELbKKoLsgj3er8E0SIDYMAUgr4gMKAAAZBcwEpA3NmMm2h1s+eE/lh9ZXLFtb+u5lO//r++77H0vWLF2+ddnKj+4pNvp8Pr/fHwgEuKWIO89IdDQXcddauXSkfWjK7x+qZoWbm7mZsAFRe/dW97hnMpOwv93upNa2tP2KyEkY/Az8OCu2cH+QN+7es0LamJ1lKMjKjdLIK2njhGbC+iK2PmJ1ut0NB5v5Kh3B7XYX5jC7iJ51pIHV3FWw99EhuaDV2NA/xHfZ1OROaCZSz8YKOrh7yGrnHR05hbQBvyHRg8cTlBROOaZ0g3gNU6493dJ1SiVBthx2N2/S69cepOsZotVYlYsiNgwBSCviAwoAABkFzASkDc2YSV1j5/oP3Vu4+oHVH1qX855bPviumz741+/Lv2VZ/gdyD9WYPB6P1+slPyE5WZCZLF8b2yUgCQlr6LOFBzvlyhnNRIYfL76Es/y+2IFMcgue+UzBXrN9XG6iS9smMhOpWR8dDyat6rebadFaTJLDLEJhK+sgYTQMxbT8ZXlIZCbMIjZFh36x1d2yd8WcN46RRwpX0JaJzETqvFGZSVgyE2lLfuf0vB8pEWLDEIC0Qj9LNR/XpM/nZ/9MAgDQHjATkDY0YyY+j6evaEtveXHDRzaWLrt12//5q+03vbtipb7szg8O2u0Oh8PlcnE5CQbn97epeggTa/cbLGGuBHet3btXGlsVMRPFPGYwkz15et61wnaMMxPeBO/ezaoaHNGN925hs0FYnXtoeY60p9RHIS0lMpMRNiUmemhpteAQ+xAjj7BNolWcoNtayYZjRTp/9A/u3StPUk9kJqxEOhqHHfGuVavuliPPZI+cS306vqrQPRztY+HH5DtIO8sfwVpKF7J8R8FyoYtJjdgwBCCtiA+oRoGZAKBVYCYgbWjDTELBoNPccKKu5kRjQ1vRzpb711Z98JaSD7yvev1q8+a15s3rTzz22OjoqNvtnpqaCgQC4v4zosyAH+pnA5/YACep+W7xh93t0pSQ+ZgJO0K9M3yOjU2Sm+AR9HwGvMMuzSzRW1UbV0uTOMJhJxvcRTjZlfBdEpuJ1LvCR3OZyzeJo7nWRqea0KVWm9rdQ1bjTnZa7gMryL787AjsmMFupl8rdtANYMeQzKRhEytio7kc9ooeeXAXb6XY21VDxeJwcx6rYB5SafeH2YVV9Dv5DPj2c/IMeCphM+BzdrDxbDv1hY8MsT87v3g0BbFhCObIlStXr1y+evnilTdfv/yrly//4gX6lZaphJVTLUgK8QEFAICMAmYC0oY2zCTo9ztqih2dR8+0tnTu+sij6/S1t7+74ub/WXP38tZ7P9S4fkV/X9/w8LDL5fJ4PMmYiYoRqf0dWZMkYj5mson3eOj1zBDizEQF6x9QNtYXxnRoMGbuMwmHVyn7SmeRul9kjMPRk8Z8ukJjOCi/GYytreVdJX6LgbuSftWqFXL3kbVU2YydbUoehcWJHn06VP0w/D5EdxxpUEoKpQ2s5ZHRZmRr00yvFxuGYC5ceufyb3986afPXXg+fOEbvpg8H6ZyqqVtxL3AHBAfUAAAyChgJiBtaMNMQqHQ6eqHhw8/MthobFybY9TfeOjmPy/X/a+61R/qXHd7Se4dPT09drvd6XROTEz4/dP/2ztYZJi3MCFxS39i7bsjXhSH2DAEM3Llj7+5+N1PMQP5ZuDCtz9+8cVPX/rhs5d+9s1LP/82+/WHz1IJlbPab/hoS9pePASYEfEBBQCAjAJmAtKGZsxk98H2Q419FbU9pdVHH95bW7Fq88471uvv/PDt+vV3rCzs7Oy02WwOh8PtdsNMMgjeXbN81apV0tuTm1W9PWrEhiFIyJUrl17/zsUXnma+8cLTl3/9ytVLF8Vt1Fy6SNso29O+GN81R8QHFKjQ3Zqzocjocg3nL9U55DIPFfYNuRz2YRffRpcz6HA8kKPL2XUsuueIcY0ut72tnTLIZ7NZi3M+st9hb9fdukbdFbz0Vp1Ot5PvsrMrWh6la2fif+TIQNz2doW9BewFJP7+vas2lbrdQ2tzou8jKVwenTCppnrjct7xzlmhXz7kdpsNa3m/vb9nT2F5t9thp5I9PeyvTvXGamJe+QgyH5gJSBuaMZNtpebqxv6aRstUe7d7087hd/299d5NtYXbyExyJDM5fvw4zCTzCLqt8le4LH9w+q+oFxuGIBFX3niVD9y6+OLTV37/M7F6GmhL2p4P8aIjiNUgEeIDClT4vZGlfoNB+uJaV9OGg+oXA3rbc8sH2YJ9f65uWbR8+GC+bk10NexqLtR5pKUjW3W6wma5ePigsWZn9piJmrXya0LkYa9Tj27lH9N55MG1pdYEZuI06+8pVcmGW7+NvcKRFho26emPpHmzPjKE1s3f7ggzyRJgJiBtaMZMdh/sNHc+VlF7bKjHOrZh19BNd3TfuGzj6k1kJvnrPkJmYrVa+Ru6YCbaQ2wYgjgu/eybzElefubyb38k1s0B2ov2pSPQccQ6EIf4gIJEeI5sYy1l1hOi0o9w2FGzRukoObZL6VcJhzt26m7draxRJfmHvMgOIi/r1hwk8chGMxlvll7QoqLzwYbo7WPykPBDq2VDnye9sH6q+8EVevrdXr7Cyv/CnOqWvlcKZpItwExA2tCMmWwpOdLSaSs3Htu0u+729Ybb87f//V0bl+Vu/MAH71l1zxbeZzI6Ojo+Pu7zpe06wTVCbBiCWC79+MskFZcXOBzryhU6ApOTH39ZrAKxiA8oiIV8gyg+zFrN5CE6Xe7uw4Mu17BOl7P7mF9tI2pLCfsdfW3tLpfLuCt/TQ0bvOUwrnmg4pjLMZiTk7NMMhNDjuQnWWkmO3L0Qgl/UUp0dQ5mEnZbWA/1NrMz8kboveyV9ayEr8JMsgSYCUgb2jGT0qOHmvrJTMpqWh948FDhltJVBTvuWr2ZzCRvHTMTq9UKM9EqYsMQqLn4zoVvBS9+58mrly6IVfPl0gU6Dh2NjilWARXiAwpi8XtcrqG+DXfqjnm4mch9Js0PsEFZg+W5ypwR295lqn/0j6LTbZB+9xfol+qWLnPZ9ufqcln5moOsOCvNRJ+zSb3qPLJjT3fM2wznYiYPrtI3dFvXLtcvLyhl607z8oIHzeWbqMQi9cfATLIEmAlIG9oxk2Lzwcb+BrP1Y6VN+feXriz42F13b7nvgd2r121dfe+2jo4OmImGERuGIMLl3/yATRH59sfFigXAXtv1DR8dWawAEcQHFCTGodt1TJpMIs8eGa7O1+XuD1sNkRb0INVFN1exTJevXm3/KFMa3hWjYmf2mIm/dUc1G2wl4+7cs6czdmTXXMxkxFghTfBhDFbQ1gX6VZH18Cr5DfUwk6wAZgLShmbMZE91R01jX3VD5+otlf87Z/tf37L+r25ceVvOvcvuuG/V+i3t7e0wEw0jNgxBhAvPh9j4q1efEysWAB1NmhAfEitABPEBBQnxHFm218b0Y6WsH7TAXCXYl3gGfBSPbplBvZ4jDQNz2dlru1hKC3S6gva2QdFM/A4PH6QkmMnEYKbPPqxeG30NF7EiJ2oUCrObiaNhb7+8OPXo1mZ3uFCeUs/Q61mfjGAm1p4hN/+Or1gzsfTzt6eBTAVmAtKGZsxke6nZ09joMzd2PdrY1J77cM37/+z/fGh1wfbCzbtX3bMAM2GjAmIQN7gWBD3HKjbQuQwd/BWaMShXkr+xWKxLhK04h/0lr5ohqj3EhiGQuPyLF6QX/n5KrFgwdEzWbfKLF8QKICE+oEDFzvW5y5ayn2AbiiNv0wqHt+Uv0+mWto/IguDqMNAGBQ+1O6QCPtxrsGlnQe6ymB99jgZazVkvDdxSoxrNpfzApBKHcU2x9DawmB/sa4zHinKaM7sh7davrVZWpG/4jaCykehyzx7FQFi5Sja6yzfp2YvaCx80SXcq6CzIW85LZANRQUfT56wqlTZUl5MC6pdvVY6pJQb7Tzkj39VsG1FeM6dB0m8mNtuZyZBYCLIBzZhJef8ZS02d7UC1+WMbdpbeumrTe//7u5bpV969YvXaO1cVtrW1JWkmHPbXmPptlcnjP7JN9X7+xBjX0d+h7bQQffOMCvp7VB547T2mK5r1YBFgJtnGlcsXvhm4+L1/vnLxvFiVCNKMy69/5/IvXhQrEkHHpCPT8eksYh2AmaQY17Yj/OXAIDU0b9aLRWAOODuaDcX1lDOBcEkJW+jS7oOZZjOZtLaxe32gU6wAWYBmzKSmzdp00NhaVtnSuvFg4+0bd73rJv3SzTtXfnT33XfmbyAzGRgYSJ2ZeNi0y1uXtUf+mY0MYf/GXN3SXPZjymNbqtPlb5W7tocPF9PqUvkfpVzSvxWyf6WTDmNj/3a4LN8VeQsKp7lQp9t6hBa2JXKJqJmEHbp10nLQVXAn+6dEo03+MbmB/QOkbkPREYfy2k2YSZZx5U+/Zd0ab/5crJiG88/0n//nnvOfs4oV00BHpuPTWcQKADMBQJN47dxMDOWNfEHDnSbpNBP7Yfn+spS0ONqZEVa0j4nbAY2iGTMprmyprGrZW1y3Zv29eR/W/dlfvO/P/t8bb9LdedsHVubcuW6h3wGvNhM2J1Nu4h9co+PH0kmvhWELt+bs7mJlLlNBu9o3gsfW1MivyOTdHIMVubpbt/FKcoZtbeqrchjX6TasXmpUf/tYBMVM+srXNMSOGqbj7Oxip1C/zQZmkp1cfOkzZA5i6fTIZvKFE2LF9LChYi99RiwFMBMAtIrXXlcmt5k1rCXhtJmJ97S5OuIksUnSTMZ6ad+qrpiR8eXF9XXH1QVzxaAagQquHVoxk+Cp3R8ZPdw02NBs3r7jwC037vxff3n/X/7lDr1+V07O7rty6NMNDg6Oj497PJ5AIDJKdO6ozIS9/oX3eEjlfNyuUkJqII+vilQ5jhnZm/Zpp1gzYUeUSsLCMcPhB3J0uvzdhnxds/TuTJ1uQ7Pq/yrd6v02F+Ew7srfzfuSg54Nq3N5Z4w03dOfu1S3oUg+IMwkG7ly6cI3A5d/9T2xfHrOf85KZvLOvw6KFdNDx5cGdF0SK7Ie8QEFAGiCcmkQl5yqXrFaQ6THTEzlopAs3Ez2ldYbDvWpywwlMJNFjXbM5MFNjnrjUPWhrsJ76t/3V+V//ef/8Of/o+j2vy/64P8tujPnxIkTw8PDbrf7upuJR3dr/rCLxMIxZzNx6dYcHA6ysV66W+mkft29DWrdV43mCutu3dbuZfNS9rcNevzsmPKLaPyuDSuX5hf3eWAmWcmVt95gQ63e+aNYMT2ymTw7JFZMDx2fneWtN8SKrEd8QAEAmY/vZJfcSD58jC+ohydojDSYiVr7yg9Lr+fz2KJyUtU1mEQ31VhvncVmLKlXCnz9rR323utsJl010QsAs6IVMwmdLP4H+85N3fesqH/X/3Pwf/7Z3hv+7KP/7b9tX/Ku7Te9t+L+QqfT6XK5pqamzp07RxuL+8+KejSXqom/f2VkNNd0ZjJi3HZE2qTfoJgJH+XFvl8sMporN2Y0l23ZrmPyStCl08mnUIgxE922I17VWDLFTCToOncfg5lkI5df+zYbyjWf3ozzXzjBzORLw2LFDFy5xKayvPZtsTzrER9QoMLr9Y6nFPEE2UdqbykdTTwBkAkyLTlymi167YayNrFeQ1xvMxF6SJRyY2z5wDnVPnNhTJKQk50mu9TycvdV0cGPt3Ez4TNYLCdPmSrrWx3SBsfbzO3NpnbrwBm2VldWX9dutXQd49/zYyg2lRiPDZ0e3EcXU2eTykarWvosJ0d7Wlp4r05rVb2h3MT26u8zFDeyTQJe+hSTE+5JH53CZSgz206eam1qkXYHCdCGmYQlOTnR0tBYeHd17i0Vd9z4sff+f/9wy99VbXmgvdbo8XjoR63P5wsEAsloSTh+Brz0xcPqGfDTmQk9yevlt2FGekg8uUt1Swsb2KLfkXAGvM20k89o31BEm/lpkzXl/H8BBh+1RSxbvYFLi8fG3oyZv9VoXMfMxG89yObZL112bILVwkyyjSvn/3DxlX+58K35fd/I+X8dJDO58OWzYsWM0FnoXHRGsSK7ER9QoEJsCC+YyclJ8RzZBH188Y4sGPEcIPu43mZSUVJvUPWZDEaaaswBeKTaBN+kMDPcTMKjhgY7/ebqajGUdipmUlVSX9EqDRILnZJN43ibyjiDhpKYThJDZHbRYEujodisrmLKUcXGjDEziXStHIooVl3UtexJDkvLJjRjJkTA73c7nQPdnT2tR7qPmAdtVo/b7Tvn9UskM4gLZAhiwzC7ufLHX1/83j9ffPFpsWJG3nn2NDOTr7jEihmhs7AXE//x12JFdiM+oECF2ApeMC42XDZ7oY8v3pEFI54DZB/X20zCcpt+2iTZoJfNJMy6Stjc90bzGaYfvDD2FJKQHG/jqsKYGBBOGh3NRQIjLwfqappL+FsRpIlH7FNIFsSX+YLKTMKtRpOhtNnB+k9AYrRkJiBrERuG2c3l3/3k4nefuvSjfxcrZuSdL51hZjKf13kRdBY6F51RrMhuxAcUqBAawQ3t9tiCEaOxRb3eY24wGo3WEWllbLC+1misbTir3iK7W9Kxd2J83NKi3NKhHrORUT+svl9nh+gW1je3q4rEey6eA2QfaTaT1l6bpZ+lKjInfoFm0nGo3hUOGg4cY6O0ombS2jPhZuOsWKTukHmaiaXOdOio1T5Cu3vmaCaEpb3NUGJSlwA1MBOgAcSGYXZz+bc/vPidJy/99GtixYxc+PLZ8//cO28z+enX6Fx0RrEiuxEfUKBC3QI2N9ZKTefa/jNyyQg1rGNayWeNpqPjY6eNjV3kJf3mWtuQ43T/0RaLQ7VNVrek1ffh7Kke6X4aGxqP0mqtkSnc2NBAfesJZZsBc+3A0JjFXD8UKYm751l9PwEnnWYilLccSIGZhM/ZyisbO9zSsmo0176IRciozSTsM5TEzAaJN5Po1boHZjCTlgrxQ4WtraoTgRhgJkADiA3D7Obyb35w8TufvPTqc2LFjFz4iovM5OJ3nxIrZoTOQueiM4oV2Y34gAIVqgawpd0e02fSaTI2HxuJaSUPmPul37ubjdFCanObB9Sr4jmyCfV9aDE2qPtMjI2d0u9n1berVr69joYO9ib98XG7eM+z+34CThrNRJi/EXa0LuCbFhUzkaasyEsRMwmHg5ODffvYFBdTq12ylhgzodtwmtfapZn38WYSGBmQO3kGZ+ozCXtP0zb7WgbJYMqloV8VTVa5CsQBMwEaQGwYZjeXf/sj1mfyk6+IFTNy4Rs+ZiYvPyNWzAidReoz+ZFYkd2IDyhQoW4BWztbjMbaxhbWgD5rb+8fZYXqVrKj5zBvZVtaomZiaanlY7sUxHNkEzE34uxwA+uFqrXy8Vsj/VIPSrN6E2ODPI7L2GKhXxvq2N2GmQCBNJpJ4iRpJiADgZkADSA2DLOby2+8evGFf7z0w2fFihmRzeQHXxQrZoTOQueiM4oV2Y34gAIV6hYw0fBoZ3tLfdfQuLmuQS5Rt5ItLXFmMmI0qedIMMRzZBPCrWB9Jo92Go2NtNhYW3t6xG5pbW6xRFUuaiaP9o+fHWi3M4eBmQCBNJhJYGTA1NQ2XVxJvVgVZCIwE6ABxIZhdnPlrd9dfPmZi995UqyYkYvffer8Z3svznPePJ2FzkVnFCuyG/EBBSqi7d/TA6dHxhpabScs5nb7+OkIDcbDVC5vM9rT+hj7vcVYK62fNTaYI/tHEc+RTajvQ7flBDOTVluDkTTPLnWKMBokUeEcNtaz385a2AivsZEE9zy77yfgpMFMAODATIAGEBuGWc+ln3xN+qbFy2LF9Fx65fPnPzdw6efPixUzcOUynYXOJZZnPeIDClQozV9O3Lu55H+/P1ond5Lwd3MNsH/0t7Tw+d3SHG/1LuI5sgn1fWCo5pn0HG2U7lWt9GYza+1RKyvl7+ZqbFXtgz4TIAIzAWkDZjI7QU8++9pD9lWGkSLpmxaX5vJvSDy2S/nyQ53yBe2Otv3LbmUF7Jt3wmFbzTa2cusym/Tth/IRdLoNxe18PRx0sbMsy/dE3nGtHFL5xvew84jylY50hJ3rc1j1shyH9IWLyvYMthnbgF1DZAOivXgDVW6riX5vozYQG4ZZz+VfvsTM5PI8vgM+GS5L3wH/y5fE8qxHfECBCnULeDyRmSSBeI5sQrwXKjNJGvEcIPuAmYC0ATOZlQ3KV6c7G7Yd8Ye97dtulUtydcuUzRiD+w397HdX04aDQxEbYOvNDxz28MUC6WjKEcJ2aRerYZkulxfk6nL4gm6X/G3yHNeRnfl7+9RmolQtS3wZcRtYDfv5CyPopNp6K4TYMAQX3rrwDf/lP/xSLJ+eKxf+xAZlXXpHrJgeOj6dhc4lVmQ94gMKVIit4AWD74AX78iCEc8Bsg+YCUgbMJNZKc7R8Ta+p2Pn/sGwo2aNTreTVx3bperQIIeJ+MYaQRXCtpyHeN9JmBuIcgS2vM7Ijrn6IF+NHHM40vsSg8pMVIW6NepV5TIU+AZ0lmGlZF2io2csYsMQ8Bkg3/mkWDodF98+/7n+8//cc/5fHhOrpoeOP9/ZLFmC+IBqFJ8/mW8x9nq9YkN4YYgnyD5Se0vpaOIJQPYBMwFpA2YyK56unTk7GwYn/Pm3LqXVwfJcxSJse5ep2/e6ZQZ5QbfBuDWfjbTK38BLcnQ6OoKjbXeBkdmBcgS2vMboP7JNpyvgq4YcbibHlurZGLKCXQ3Klnxj9WrY7xlu251fHDM6S7kMjrIBnaXBKRUFbcqoM20gNgwBacP3vzD3r0288odfnv9sLzOTZ/rEuumh49NZxFKQHWZCWuJ0S+/4nz8+n8/lcokt4vlDB6FDiUfPSlLVc5LlHVBAAWYC0gbMZFbYMKpdDcf6m5fqlnqC05qJy1TQzNv9zEyUPhOPrpB9G0/OrUvpCMUbc/OL2RgtwUzYbxPHlt1KJrPtyFa5i0bGc2TZ3qh4qM3E73G5hvraTcW6O3crherLYBu4XOoN9m9kvmS0uXRbj8ScJcMRG4aAjc5iA7ouvfYfYkUirrz95vnPWiQz6RfrpoGOTMe/gqFciRAfUAAAyChgJiBtwExmRZn44R86mFsxON1oLkNOdAxVzGCtZYawff/OLnmeyRppqJUwmktZJvbnCmOx/OQ2rsiK2GcisXNZZJegTX0ZCtENZAZzywdjSzIbsWEIJC58K3jxO09e+eOvxYp4rlx+599Gzn+298JzXrEqEXRMOjIdX6wAEuIDCgAAGQXMBKQNmMmsqAZHSR0gwT5DpKGvmgE/yPtGOPtXKqowqNt1zGFc0xcZj938gI40QzmCPANeITgsiEp4+GCBSRGTxGaizKen86ovQyE64V7CuC5meowGEBuGQIL84cI3fBe+/bhYsWDomHTkOTlPViI+oAAAkFHATEDagJnMjrN9GXvBry5nfbSjQ3pr8DLlbbzNhTqhD2Ibewfw0mXrZasploZR6W5d1mCNvKRLemtwwUPyW4P7Hop9ibDzWI70quKdptg5JBEzcfUb+VUt1ecPTshlupX7lctItAF7szCtKpetGcSGIYhwSZptcvGlz4gVC4COxr7GBDNMpkd8QAEAIKOAmYC0ATMBGkBsGAKFd/508btPsf6Nt94Qq5KCjsNU57tP0ZHFOhBBfEABACCjgJmAtAEzARpAbBgCNZcvXfj2E0xO/vArsWqe0BGk4WFPXPPvcMxwxAcUAAAyCpgJSBswE6ABxIYhELj0zsUX/pF9X/uvX75y/g9i7RygvWhf1lvywj/O69sYsxPxAQUAgIwCZgLSBswEaACxYQjiuPzGTy98K3Th+ccv/ejfrl66IFbPzKULtBftS0eg44i1IA7xAQUAgIwCZgLSBswEaACxYQgSceX8H9jk9W8G2Pz1n359ThNF3vkTbclGcH0zQPsm19+ShYgPKAAAZBQwE5A2YCZAA4gNQzANV/74q0uvfkMyDf+lH3zxypuvXZ3uqxIvvEW1tA1tyUzm1edoX3EbMA3iAwoAABkFzASkDZgJ0ABiwxDMzIW3Lv38eeYnPM8/fvG7T1188Z8uvvhp9ut3n2IDtyK1tOW09gKmQXxAAQAgo4CZgLQBMwEaQGwYgrlw5crVS+9cefvNSz/7JgnJhW8FmYp8K0jLVELlbKY7bQPmj/iAAgBARgEzAWkDZgI0gNgwBPPmSmzAghAfUAAAyChgJiBtwEyABhAbhgCkFfEBBQCAjAJmAtLGYjOTcwDMH7FhCEBaER9QAAC4johNq/kDMwFpY7GZCQBJIDYMAUgr4gMKAAAZBcwEpA2YCdAAYsMQgLQiPqAAAJBRwExA2oCZAA0gNgwBSCviAwoAABkFzASkDZgJ0ABiwxCAtCI+oAAAkFHATEDagJkADSA2DAFIK+IDCgAAGQXMBKQNmAnQAGLDEIC0Ij6gAACQUcBMQNqAmQANIDYMAUgr4gMKAAAZBcwEpA2YCdAAYsMQgLQiPqAAAJBRwExA2oCZAA0gNgwBSCviAwoAABkFzASkDZgJ0ABiwxCAtCI+oAAAkFEsDjMZtxmK61kqjolVQLvATIAGEBuGAKQV8QEFAICMYhGYiddeVyZpSXG9MyBWAg0DMwEaQGwYApBWxAcUAAAyivSbSV2JrCVixbwY661oH1PWHO3NhuJmVXVKGGutqu/ot1n6+/aV1A94xeokoE9dd1wszB5gJkADiA1DANKK+IACAEBGkX4zqeDjuIrrpf6SQHlJvemEuM3sXC8zccjLZwxVfc6Y2mRQzKSrZmFilpnATIAGEBuGAKQV8QEFAICMIv1mYj4gm4mh3GyqrDeUtFrOidvMzvRmMtDSwg5eYrJExooxqQi59pXU76vuCoeDLmsnbVDRZIvsHaw6YFJvH0FtJmOymYQ8h6pNtHvVkcHJkFQTcO6L9ALJHUEhF78G1SlkZDM508c3jnwE8QIMJW2D7WbaYN8BM60apdryul5e29Egf8Cm/oW70nUFZgI0gNgwBCCtiA8oAABkFGk2k7qy+kO9Y7bDjUpT3sXb9/NlrFc5QiTMTFxdLS3DQb5JV029XTo41VZ1udjSUJehsmtIKux5pH6IfnMPVJXI3Rem0vrY1m7ETALeQ+X1Xe6Yuo5D9eQqtFASGZbms5hbx9kCXYnZIV2DvdPYH3NI2UzoPqgGs6kvwFDHZMag1HqtZG7SUnCwpbHnHPvgmTseDGYCNIDYMFwwV65c+fnPf/7Tn/70Zz/7GS2L1QDMiPiAAgBARpFWM/HwV3KZDnWdqZN6HpL/V/+x3pKGPgubBMLS0dDIzYRsJNLLEQ4fb2s6yX6nKu4M4ZCt5MgZXjl0pHEgHJ7sbjEUt/CSgYb62D4OZiZce/ZVdcbUSBsbqlgnRnQU2fE2aVia21AzMCkX2Q1Ng/KiREIzUV+AoaSNbxapHDMYrXyJmc8YfYRThgNsm0wEZgI0gNgwXDDvvPNOZWVlUVFRcXExLYvVYPHx0ksvvfXWW2KpBJW//PLL19MwxQcUAAAyivSZiawlUkO/QRzmNG+mGc3VVKqavzHWW9XNejoMxW0DcpFd2Yt2oUL7YRKk1skJN0/scC71aC4ZS53p0FErbdlTL5sJbdMz4vGFAsYy3uVyylDHNpDjjTnkNGYSvYDJCTbRXjVnZszQYJcXj7cxM2EEO1paSkrqm+ypmJV/HYGZAA0gNgwXzIsvvkhaUlpaumfPnh/84AdiNVhkvP322/Tn9f3vf1+skHjqqacOHTp06dIlseKaIT6gAACQUaTHTJTXBFPk6RkLZBozcXW3NJ2MH801rZnw0VzTNPATmInSm0F7cTNxdDSfiRUaQ7Gp7njiQypm0lIRM5pL2Ho2M5GhzxWzvuiBmQANIDYMF8zQ0FB5eXkwGKysrKT/NXjhn/70p0984hM1NTVf//rXqZakhQovXrx4+vTphx9+mFrG1dXVX/7yl9XHodYwtYmp6vOf/zytXrhwYd++fbT6pS99iVYDgQDJD1cgWub/qE/blJSU0F78CP/2b/9GG/z7v/979KDSYLNf//rXR48epWvYu3evxWL52te+RldSXFxcV1fHt3nhhRdoR2qUX5WunM77r//6r1arla7c6XRS4WuvvWY2m2kXOkhnZ+d//ud/qk/x1a9+tbGx8aGHHuJdRs8999yBAwfobtDl0am7urr2799Px29ubv7e9753+fJl2uaJJ56gEi5yVEJXQudS9zjR8r/8y7/QNi+99BKt1tfX06nps1+VLoaW6TbSZdABm5qa+J155JFH6NR893/6p3+i63nmmWe4MVIVP9cbb7xBd74owpkzZ5QzkrF85jOfob2U2tdff53KP/3pT9NnoXK6LQ6Hgz6UsktKEB9QAADIKNJhJqy3pLGqqTU1vSWcacwkHBozlDTaTp+x9/eRIfDamcwkHHR0tBgq2yz9tiajPKoqQgIzqSutN9tGbV2d5QdMSp+J4Fqt1UzAevptPe1dpuMxVYqZWOrqTb1nbKdZl476AvY1MQ+ZyUzG+lq6bJMjpyxdnftih4otfmAmQAOIDcOFQa1qk8nU0NDw/PPPUxO5qqqKl3MzIW0gJeDNXCp8+eWXDQZDRUUF7ULNZWqpC6OGjh07Ri3gU6dO0TI1u2kvWn311Vd/+ctflpWVKS1mWv75z39+dW5mQg3uz372s1ROW9LZSQCo+T6rmfT19XGD8vv9dJHUIi+ShquRa9HCk08+SUdQTvGLX/zixIkTVP673/2OVn0+H112W1sb7Xju3Dn6pMqVHz9+nHdWzGomVEhOQtt84QtfoFW6abRMl0TH5J1UBw8epI/Pt6FT0O600NPTw28pmUmR5CrKqV0uF5X/9Kc/pftQJAke+dL4+LhyRrrhdrv9IYn9EnTbSRfpRMpB6AJeeeUVZZeUID6gAACQUaTBTKKzNerkKRNaorzUJE936e01lAhuA2KAmQANIDYMF8ZvfvMbarC63W5qVU9OTtIyteyvRsyEVgcGBl577TXajAqpoayMFPrGN75BtdRQVh/t61//OkkOb38/++yztEFjYyMtDw4O0jIdh5bpV1q2Wq0kJ3Mxk1//+tcnT56ktvt3v/td2p3kgX6d1UyodU5XSOf6owTVUiOed5Vwffrc5z6nPgtJF50iFAqRURw4cIC2pw3oUHQWEjYyEK43tE1HR8fVOZgJQefdu3cveRpdMznVY489Rru//vrrZD60oHR30FVxGyGbou3/8Ic/XI2YidPppCq6DBIbkkZ+57/0pS8VTTOai66kvr5ePZqL/yF+9atfpVv9xhtvkM/QH2JqZ6GIDygAAGQUaTAToqmmpaolRb0li4rxvkOWaBN5X3Gjqg6IwEyABhAbhguDt1ypZU/LP/vZz6jFzP9tXjGTH//4x8rGRXG8+OKLSu1VqWX89NNPUzmZDDWRqYn/yU9+kspbWlqokHdTUBOZmvtUy5vLs5oJNaPpGnjHxf79+3/4wx9elcaVzWwmvb29yhFIn9TXzAkGg8oGV6Wz1NTUkF2QGBRJPRLnz5//yU9+QssTExNcOZ5//vkiqa+D2v1zMROivb2djOLTn/40fUzanQ5L5zWZTCRsJE60Aa3SB1EPwfrtb397NWImys2nXehmJmEmdAEkRcroNTov7csHpKUK8QEFAICMIj1mol3GDGVmpzR5veeoeZ8y8gokAmYCNIDYMFwYXV1d1FSlxuvDDz9Mv9JyQ0PDVZWZqHtFiqTxRV9U8eabb0aPJUHmQBZBdkFHa25ufvnll69OYyZf+cpX5mImVyVtePLJJ3nDnRror7zyyqxm0h+ZMENwwRgeHlZfudq4OPxWUIuffq2trVV2XIiZjI2N0cXQr0aj8bXXXjt8+PDg4GBFRYXVaiUPvBoZ5UW1r776qsViKYo1E+Xmp8pMmpqaimAmAACgAmYC0gbMBGgAsWG4AKh9T+3UvXv3VkegZSqhdm1CM6FGeVlZ2R//+Ee+ysd9xUPHIb2hfT/72c/yErvdXiR1pJBj8PFjfX191BanCygtLaVjXpHgs0EEM6Fm9Ntvv80HIPX09NAG1NrmO1ZVVXEZcLvdRdObCe8GUWSAj49SahVIM8ipjhw5Qo4RCoWuSjuS/9BnoUulVT7a7ejRo7T8qU99ipZJpejySM/I6xKayXPPPUeb1dTUnDt3jmqffvppPn/9c5/7HN1kOj5pQ2tr61tvvUXHoYWiOZgJ9zfSJPoggmPQKl1tZWUlnYvf0scff5w2/vrXv0770h8c3Wr6Q8RoLgAAUICZgLQBMwEaQGwYLoBvfvOb1GylRrNSwm3k85//fEIzefHFF6kl/dBDD1EDl8/DTviv73xH0gPlNVC//OUv+eunONTc54OyCN4c5/CvVUk4z4TOS7V8pvizzz5L5XzuCoda21Q1nZlQQ5yOUCRNNKf2PV3/8ePH1TPgFfg09BMnTvDJHsTExAQfSMbp7u7+j//4Dyr/1a9+xWfYF0mz/MmREpoJSQt/Qdkrr7xCl/GLX/yiSOqhog91Vbow/pFpG7o/fHb+rGZCN1O5HvW7uTgjIyNK7euvv66cgkOn5tefQsQHFAAAEjE5OTmeClwuFx1KPPoCgJmAtAEzARpAbBgmCzVz6ec7tVa/9rWvKYV8LBO14xOaCZmGzWajZjQ11qk5fvjw4YRm8uMf/5h2VF7zxaFzcZmh3UdHR5Udv/jFL/IX41LL/oknnqDDCmby+9//3ufz8c4cMiK/3//2229flUZwUWOddqTDPv300+QJ05kJ8eqrrzY3N/P3g9H2wWBQGe+kxmw20wbPPPOMUkKeQIXKW32/9a1vKTv29vbukTh69Cj9NZnQTMh/+KuxSCeuSnPiaZm2PH/+PN/A6XTySSZ1dXXcRmY1E/qVVoukyTB0XvlMEegK+dXSTSB9opInn3xy//79dBa6RQMDA/EXuUDEBxQAAOLwer0xerFg6IDiOZIFZgLSBswEaACxYbj44DPOH3/8cbFi0dPZ2WkwGFLedtc24gMKAGBEvyUitai/KTuDEMUiFYjnSBaYCUgbMBOgAcSG4WLi8uXLV65ccTqdZCY/+tGPxOrFCp+w8eabb5aVle3fv1+sBjMiPqAAZAHO/i7+dRQVxmNinUxiM5G+/i763d+G4mbhO6xnRTCTAn0MVOIeNJduXkvLD5pUb0VymvX3GaOrKgqX66MrQffau/T6nOVW9nV3DLfVSIdafs8OeX3EuKc7snEMI/ppKjiiVaQC8RzJAjMBaQNmAjSA2DBcTBw7dqxI4sSJE2LdIuY3v/kNn6NPKBNgwBwRH1AAtM9gSctpsUwksZkoGIrbxCIVJdEvvBaZvs/Er9/UQL+NOPx83V6+qjvIFpxHHlxbao03E/tBspIVxkK9vO5u3iS5DRFZcOu3meWF7WZ23BSZSUO7XVlubqg1GmtPjKmqx8fNJio0NrdbVWUjRmOLahVmAjIfmAnQAGLDcDHxu9/97vXXX+dfy5hBXLp06Y033qArf+utt8Q6MBviAwqA9hk1VMV0lahtIaIc9n1lJstp51Bv276mwfgWg9pMbE0mU9cp52mroaS51REMeN2G4ubJCff/397bOLV1Hgi/f9EZD9NhPL4d37xMX2ZfJu82W793Mw05MRImsgnYB30hK7KFQDLIIBTLfBgZMMjYGAPq7XS72aaz7bbbbrvd7e7cfqXdtkmaNtkk/YiT1onjJLbvcz50ODyAjSWZg8TvN78JR885OhKtJn1+fc4Ry8beTu2M2O4+ElD9+t/l26pMMu2NGaNDbPLdTWnHw41lYqJ9Tilt5tr3K2bWNCoHzSFl/2H9x9XUwecm9I0qlEkmmMiKMjmXPac/SkfNRtF6YiOlI6bPRIx9c5fS0aw5lE9FtGCQMoE6gzKBOkCeGAK4ivwBBdgDdHgD/kRueslKgU3LRPUlSyObXLLlLJOO0tNjnVZ+qBvWTIzLwPSnbF4m1xKH9inSmMgM58NtlIkIkNYDfxucTbQ2B/LmSOt+JThWaH1MyZu/axXKJJ3IOdZMRmIjl/SfWjg5WTpiJNZjbV1MDYzpPwdCWuRMnjKBeoMygTpAnhgCuIr8AQXYIywXJoaSqldPiE3LxL6aS+zdeGWXs0zUziFra7TPbBJnmQxGo6WbUrYsk8ONSmN7xjmSO9asXXAObKtMZk892fTFYPvjB5s6rOWWJw8owVTmYIOSNu88qUKZzGUGoprWk7lgFImojrCmaQHnAYMntdJmOpqeu5RLDF/UH1AmUG9QJlAHyBNDAFeRP6AAe4mRYGB6izJRe8fMkU5PoDNVuqO8xLoy8cTNDWNhRL+vwy6T3MlQblXfmO2/z5rJhPJ/EtbNJTrXJ7qbuyYcAwYPLJP8iSblsz5ze+LYAX3RJK/5rF+ieEBp0vLVKZM54z6TRFDPj5FYjxkoQc25jrK2ZiIGNSeiVErIr1EulAm4BmUCdYA8MQRwFfkDCrCXiB4NiNlAyFuqhdWptTJpHzDHVE+0Xw6TdWXiK8WGOJt0NZcoH+P2jmJ/95ZrJtfjh5zrJSJLlIbmtcclHlgms4FmpdG4q6RYjD2h6G95Onh42DpMUVoihU3KJGPdcC+XSWncws6JucmRyfxMMJ4VKTKnr4lYyyNRx40m04Mn7ftMxNhkiaB2UjzXOogygTqAMoE6QJ4YAriK/AEFqHuujXuPGJdXtYeyc8btF6vzbV59REtMtpXKJDa96BOHtYcXjEUPifXfzbWsH+kNjZhnKxbnMwPibMaX/i52tBsnmTnr26JMGktfqGWQX/ctwo5acJRJutGzljLOq7mKs6nGBv1bg4Olrw1OdbTo3xp8oLlQus/EefbitXTDX5tf3rX2uvprro1b2Dlh4vhurnzYr2laz+C4vnYymYqYt5uY380Vjtt3xetwNRfUG5QJ1AHyxBDAVeQPKADsbgq9LVflsUeOsyiqhfwa5UKZgGtQJlAHyBNDeBD5fH5+fl4ehSohf0ABADYgV0U1kF+jXCgTcA3KBOoAeWIID6K9vf348ePyqNvcuHEjEok888wzTz311NNPPx2Px+/cuSMfVAvIH1AAgA0sLi7KYVEZ4oTya5QLZQKuQZlAHSBPDOFB7M4yuXnzpsfjMf/wvBknv/jFL+SDagH5AwoAsBkLCwtyXpTF/Py8OJV89gqgTMA1KBOoA+SJYY3wjW98w1wfCAaDv/3tb83BN954IxwOi0Hxz5deekmMvPPOO62trblc7t133xUPP/74YzFlFwf86Ec/Eg9/9rOfeb1e8fDUqVMfffSR4/Rr/Md//IdIEfFa169fF2e7VyqTH/zgB6dPnxbjYsM+WLyTQCAgTtjW1vbd737XHPzJT35y7NixpaWlr3/966qqRiKRH/7wh+auTz/99Je//OWzzz5rF8Xhw4fNXf/8z/8stsWI+NeLvfohfgvx+4rBkydPfvWrXzUHbe7evWtufPDBB+KY1dXV9ftrA/kDCgBQU1Am4BqUCdQB8sSwFhBZYs7OU6lUT0/PP/zDP5jjhUJBhIEYNFcPFhcXxaCoDtEPZqi88sorYvy5554TSfDiiy+K7UQicfny5c7OziNHjnz44YfOV7l9+7b4z0cc09XVJU7b399vJpAoEzEoYkMMimeJ7d/85jdmFczNzYVCoWQy2dvbK8bF+7xXKhPxULyK3+8XpSS2X3/9dfEU8d7E9sTEhGgVES1DQ0M3btwQT7l69aooKPEvlosXL4qXE/kkDhZvTwRPR0eHOL+maVut24gznzlzRvzKdrDVFvIHFACgpqBMwDUoE6gD5IlhLbC6uiom9K+99pqYr7/77rvmUobg1Vdf/ctf/iI2XnjhBXHAyMjIPeOGdbGdy+XEtmgYEQanT58W22fPnhUxcOvWrXvGAoU45r/+67/slxC8+eabIiTEFP/ll18Wh4l4+OCDD+4ZZSJO8i//8i8iXUQLiSd+73vfM5c1fve735nHvPXWW+Lk4+Pj90plIp7y/e9//+bNm+Yqzbe//e1PPvnk6NGjYvvnP/+5OExEjuiNP/7xj+JU4XBY5JA4vxifmZkRzxVPfP/998XBmUxGHCDem3jPzndr8tFHH3V3d4vDRJ7J+2oE+QMKAFBTUCbgGpQJ1AHyxLAW+NWvfmVeyiUi4Zvf/KZZBeKf//iP/3jixImnSsRisXtGrjz99NPieHFAZ2enmLiLOf2nn3763HPP2UeafOtb33K+ype+9KWnjJUZ5+A9o0zEecxtUUfiGPM9CF588cXjx4+bqyJPGReJ3SuViXhd832GQiFxwFe/+lXx0Lz062tf+5oomba2NnH8XwzsM9iI5hEl8/zzz4ttcarvfOc7f/jDH5zvykT8u0gU0fT0tLyjdpA/oAAANQVlAq5BmUAdIE8Ma4R33nlndnbWXB/IZrNilv/9739fbOfz+ffff39hYeGpUpncvXtX0zTx0LyU69q1ax9//LGY5YtaEIEhZvxvlLh586bzJZaXl8Xx0WjUOXhv/R3wzjL593//d7EtquC999774x//KFrIWSZ+v998il0m94xqymQyTxk3rIt/jZiXk4kyESMDAwP2GxOI9yx2ibf90ksvibdtPkX0lXlOm2984xt///d/L96ANF5DyB9QAICagjIB16BMoA6QJ4a1g5h//9u//ZuY5YfD4du3b3/lK18R8/Wf/exn94wroOwyEQwNDamq+qUvfUkc/OMf//iekSsiFTwej5jrO8/p5Otf/7o4XlSNeQ/JXYN7W5eJucby05/+9J7xHb7bKRPx/sWbnJ+fF2ewbwu5detWW1tbJBIx11gkRI18+9vfFr+OeK0///nP0l7xDjd9Vg0hf0ABAGoKygRcgzKBOkCeGNYCf/d3f5dIJM6fP3/u3Dkxy08mk2JGbq6ZiIn+Cy+8YH4Bl10mP//5z4PBoOgQr9drT9zFScwlEXH86OioONhcl7C5efPm+Pi4OEZEwsDAQCAQMKtjqzL54Q9/KLaff/75TCZjfoPWA8tkbm5ObIvzpwx+8IMfmKVk3r4Sj8fFLyj+9SLqSAyKDhENls1mxfnNX3BjVnV3d4td169fl8ZrCPkDCgBQU1Am4BqUCdQB8sSwFvj1r39t308i4sG8U1y0wfz8vJjoi2h57733Lly4YJeJ6BYRD+JgMWifRAyK0jC/NeuZZ55ZWlqyv3XXRpzzy1/+sth7+PDhl156yby9fqsyEVy8ePEp4+oyUSODg4P3LxNxvDiyra3N/EVMurq6zNf97ne/29HRIY4UNfW1r31NDIpwyuVyqsHCwsKbb75pntCJqKyenh7pVv7aQv6AAgDUFJQJuAZlAnWAPDGsBURC3C7hXDf49NNPxYh9S4ZzDUTM9aWD760/z8Z7NkzMcwrsxRbzobltnsF+rjj/beNVxPjHBvdKL20/RQyaT3nrrbeefvrpzs7OGzduiBFzyUV0iHmY/azbjpc2z28+3RyRMH/rjYlVQ8gfUACAmoIyAdegTKAOkCeGsFP853/+Z2tr69DQ0Icffnjr1q1//dd/FWUSCATk4/YY8gcUAGAz+BvwADKUCdQB8sQQdoo33njj6aefVlX10qVL4n8an3nmmWefffbLX/6yfNweQ/6AAgBsYHFxUS6MyhAnlF+jXCgTcA3KBOoAeWIIO8hbb7314osvnjt37vz58+YfjAf5AwoAsAE5LKqB/BrlQpmAa1AmUAfIE0MAV5E/oACwNfPJaH9h7aHqCcem1h7aqMHcusfXM8qBlvZQZmI4qOxrsQZXZpWGhtbUugMFzfuUxr/ums0llP2t+uNr6db9SnB4Iqge1C6Yh+QPfDGYMMk53k0JcXzTiby53ag0TBQKMfVg6+B1/XFe2/iKBnllix0mclVUA/k1ymVny2Q64/WFt2VXUn4u1B2UCdQB8sQQwFXkDygA3IfC2c7kfOnBknr0zGZhsiSXiXjeirXxeUXRf1zNdf1VQyS1sROuKwd9E8bBvoOK+OfEcweVfYeMXVeVlqCxkbfDYzOuNrZqpQMKyhMxa+MLMT1NqlQmwUTO3o6FejQtkHfsnbt0IezXBOH4iHg0M5bu0R9pkUTGeZT8GuWyo2UyEgyonoDqG1i4XNhKzWMc4wnIT74/M0Pms1RvqHd4Vt77COj2Btqik/IoPAyUCdQB8sQQwFXkDygA3BfVE4nP6Btr6ye5ZP/5i1PZM6o/K+YWC5cnVX9GTFDXPa3Ek2aZmGzsBOdIqjU4XWxV1hZAmsznrqRaB0vHbODQvkZnuij7D+s/rqYOPjehb2x8RYvtl0kmmMiKMjmXPSceTJ+J6D/m5rTA6azjIJNcIjjmeDgS63E8qt0yORKZX10b6T1qdciYfefM6vxIb7SMMvEljE+W/iqhTRfjqsLGbq4HFse90XF58NFDmUAdIE8MAVxF/oACwH1J+wPq0TNiw7dh5ql6+kb0nzNbzv0uaM3O5Y6NnZBq1ez9xl5RI/YxrVbVXE8M5goTmaYGRWnWSkfrFHpbUleL6xZVCmlFURqslZPNXtFi+2WS14In7TWTdFQzN6KaFj27dpBJImjt1ZmZ7NHCaw9rt0z8o86BeVEgod64rz3Qtv6/9UrKpHgh6et/RMsmhS0/nTWOSER56NFDmUAdIE8MAVxF/oACwP0Z7VM94aI+8yxN969MdfhCxv9v/oAyObRf0cPBZmMnjPm6rJtJisVMu6iUQ4ry5IA10OJcbynqBx90jsxFWvQFk6KzTJ48oARTmYMNStpcwtn4ihbbL5O5zIDIkJ7MhUtzc9ODJx1lknYeJbikhRLmlnExlzaQueDcLb9GubhZJrP9EfFf/GxxJt4pX75VSZnMJ6O95/UNcVr/kUD/cNb8muU2j749eDqmdg5NG+s24lPoCw4NDmdDxwKDE0O9SX2vOMyc5IrnipH0cLa7IxCfXikuLy5cztgren5PwHzF6USkIzAkDuvvjZh9JUZUb6gjqA/av4g4bXp4PJ08k9x8PdB9RJzs8MoJZQJ1gDwxBHAV+QMKAA9gJRcJTcwMacPWREJtt9LhfmVSSLXuV+y7TSw26YSMHRUTxw5kisXI42uLJopSunveItPeqNgPmpR16OfJa74xa+8BpUlfjdnkFU0eokzmjPtMzPUQ+wKtiOa892TuwmC0xx9Ze2xwKR0ddjyUX6Nc3CyT4rk+tT22VFyaPjdkBqtNGWVi3WcigqE3a46JMlm7quv8gH/U+gTpIXRc/7A5XmVG1TLm1lI6ZlxxOO78IKqeqPEzZw/aZaJ6IvZhfq9+Qr1MSoNi2/hY62UyvSR9hHcbKwvpeHJ6WR5+ZFAmUAfIE0MAV5E/oADwYKac006xPXW5EDsRKpVJUfVGFi47Lsa5mlIea41YX6eVyF8rjTs7IdPe0qv/X9Et9ndzmd/itZJpL303V7sx8cwHWoKJTGEic0AcaTy/WVGsKamFvWZSUBqaZguFTKhVHGlc56W1+ErvI5ErDrYqj5vzz7xS2pETyTAdVBrbHSd0lMnksHE7e8/AqHHT+6VsMD4yM5EO9utdMpmKpCbn8uloYnRi0iA/M5eMD05fEkdOn/Rrl9ZOVB9lsjpeuht+TO0ccuwop0y8wbPp4ezE3NqShCgQe3shFTXvcCqat7sYQeyICkcQj/bpR14eWbs8TD8yZPzctEz67MPEKy5YZWIN2mUynxkQv9Tg5G5dMRH/EWX62o6UljJ3BMoE6gB5YgjgKvIHFAC2QWmapzOWiIkJm5aY9JXKJO4Pr5uXplqdqxnSnSQms4HmoDlXn00d/qtGRWlITBvf81vUv8irYZ/S8Ngh89H1sUhjgzhNQ3ti1jxCX42xDjVZu5or1dGiH3qg2VquyWuON9JazAcPdJhRk18bTelfVdzw1+smeI6g0Nnqu7lEmSQn9dtLbKLpucFo2NoeqJfv5vL1r834i1cmfcei/lNrcWhM6+WLux6M8z6TEs4y2WLNZOsyqXTNRC4Tk+X8UNvJHb1iapuILIlPVO3vd24TygTqAHliCOAq8gcUAFwg0954UB7bTTiLolrIr1EuLpSJemzd8ohEyFvmtwY/oExWx80aKRoXVplfX33fMllRvWaNGM/tPmtsTakB61Ixu0w6jRoxMZv7PmWy+dWK7rOyw6slJpQJ1AHyxBDAVeQPKADABuSqqAbya5TLjpbJov4FCFZ4PEDv2rLatnhgmRSLy7PZNu+6ry2+b5noT+ho199Mh1//OjkTe0XPLhMxrfd36d/h0NYRNRcdNi0T65hjLgTAg1m8KI/sCJQJ1AHyxBDAVeQPKADABhYXF+WwqAxxQvk1ymVHywTACWUCdYA8MQRwFfkDCgBQU1Am4BqUCdQB8sQQwFXkDygAQE1BmYBrUCZQB8gTQwBXkT+gAAA1BWUCrkGZQB0gTwwBXEX+gAIA1BSUCbgGZQJ1gDwxBHAV+QMKAFBTUCbgGpQJ1AHyxLAGufvpJ654784d+a0Y3L2709YT8gcUAKCmoEzANSgTqAPkiWGt8f6L/++NlQV3LF69/fqrzjcjIuHGX27/4catHfW9Wx9+9MmdO3USKPIHFACgpqBMwDUoE6gD5Ilh7XD300/fjHT++vEDLvrK3zz26Y0/2W9JdMLtTzZfSHmk/On9j9764wfyaG0if0ABAGoKygRcgzKBOkCeGNYOt17+8at/+z831sIOe+sXP7Xf0utv33S8wZ3jzp27/02ZAADsAigTcA3KBOoAeWJYO9x6+Uev/m3zxlTYYXdFmdylTAAAdgWUCbgGZQJ1gDwxrB0oExvKBABgl0CZgGtQJlAHyBPD2oEysaFMAAB2CZQJuAZlAnWAPDGsHSgTG8oEACRUT5/xc9KXnJF2VRG1c2haHtvrUCbgGpQJ1AHyxLB2oExsKBOAvYPqiUTHClPns1EtonaY+bEJpTKpJtP9UdUX7U1m08MZn2+g+CjLpHmfkpsupJ77fHMg7xwvPP/5psOxieGgsr/VHGndrwSHJ4LqQe2COXBd2XdwojCRCbU2n9Cfm2pV1p3CJtWqbb6jIigTcA3KBOoAeWJYO1AmNpQJwN5BlEm8tAqyNNqnDVvzh97jYdUTaOu0gqRUJjlfYmY+GR28VnpKOtZfED8Xx5J94vjOaFYfnRnyeSLzmQExEmoPWIcWi7GjAcfs5KJ6NLn2yECUyVR+RH/drlIIrc77OkJiJD6xaB0TzMX9YfXomSnxqhNnxS7LziGxtz8Y1bd90dIpLZTPadbGvta0PZrXmpRGc7PQ25LRf84qrSlzRFFaIoXibKA5tWId/qSiFCkT2DtQJlAHyBPD2oEysaFMAPYOzjIpFsfFvF//WRhpO3FmYW5qsDccn9Yn5s4yKRbOdqb0HBEkjwfmxejJkOoNz14udB8J6AFhlIm3I5oezk6dDudWrbN3eELWlnFMZ3J+7aGB2h5qa4+I84SOBkbM+FkdjybHF/I51RtPGyNqYKgjOJQ+NyMmOj5vYH5pZSIZ6x0z6mF1XD3at3D5YvZ0zD9qlYyJsq9F/7GSV/5P4ro9qpdJk7Wdag3q6zWpJmNhRNCkKK2D6zpE+5xiHEiZwN6AMoE6QJ4Y1g6UiQ1lArB3WF8m1vVUIe/aQofq1ZtkXZnoD61FCREM5jHGWkmxeC3j6581ysQ+w5KqZYxJyXjH6YulwWJxtM/5uiZq+4ARRkX7hWz8noB/VN8w34+J6jNXXWbaTo6LH/FOx9v2ROxtHdEkgsfa1w0Wr6fVxtbnc4WJzIH9jXpX5LXSkkmxVVFEpZg1YmI2CWUCewXKBOoAeWJYO1AmNpQJwN5hfZnMmGXisy+R0t2kTDQrXeZVv54kjoMD+gHrykTPGP2Kr9xAbMoe08uk97zjoYHjPpNSmaxe6TymX1em2mViXLVl0uEJzC8Xp4fivef1NRP/ure9rky6/qqhPZFp+owSnFhbMtFZKRz8jKJ85uDsqUOxa6KsYk/qN7zotCj6hV2xLyj2sZHH9W3KBPYKlAnUAfLEsHbYfpm8M9r/0a9+8coTB8X222dP3/r5T157qmXjYeVZXpl88sknzz777N27d82H6XRajKw/5CGgTAD2Ds4yWUzHQjljiu9YMzGRykRkhnjWfDJqXqmleuIjpUu2dNaXydRp/baQDeccdzaGycYyaStdAObbrEySJwLL9oP1aybrSR06ZQXJIaM3NtJ1UDF+FqT7TAq9LfZ9Joe4zwT2FJQJ1AHyxLB22H6ZCN/JJm9+71uvfOF/fPLO2zeKV/XB//1/iYevHPofr/zN/20e88oXHnvlUJMYEbs2nmEryyuTjz/++Pjx41NTUx98oBfF888/L0bsXR999NGdO3fWPeG+UCYAewf7u7lC3SH1WOmW9EJW7YhNzF3MDWd9J8eMw9aXiX4lVdjrCZvbE6f0ZY30+YvpoaH+GblMisWlQS1grq44GekVrxiL6t/NlfVH9PvPN5aJ5g1k84X06VjbZmUydtJaTtESk/ptJatTqjeSy89OZLOd/rP2YUX9PpMDE4VCLtGlNGt5URqZ9pZe41aZOTFc6HriwKFTs+aR7aXv5mo37og3nmt9N1ejMSTKJJiwSF+4HmxWrCNTrU+G7B35tKpYL1EZlAm4BmUCdYA8MawdHqpMRIR8euPd3xz+/K1fvvzm891i5Hfdz3zy+7c/ff+9m//6HfHw1Sebb7/2qzt/fv/T9959veP/2XiGrSy7TMLhcCAQ+OY3v3nPUSaffPKJ+J/IL37xi//0T/8kPeU+UCYAewf78idvV59z/cH6kitvKDqqT683lkmH2Hv0TOnw5dnhpH78kcjEtY1lon+Fl7kas55lf1eozau/emfM6J8NZbI4MST2dviH4p0by2SxrSMmqkYouqV7UH+f6ajxtj2BUMp56VgxF3pSUZSG/U2zxtrJbKA5OGfsSB8W402PO+4/uZpr2Kc0PHbIHsidOKTfo/KZgwXjNxBlYtN0QhRIY8w8lXPH57R8oNlum0qgTMA1KBOoA+SJYe3wUGUi/PNLX/nkv9/43Yk28+HtV3/1evshUSwf/McP3h58/nea9y/f+cZrT/2vX//1Zzc+9z6WXSbRaPTll1/u6+t77733zDK5c+fO1atXf//734sDxsfH33nnHflpW0CZAEA1uZbzO747uGqcW7uHvtcX8J5alyL3p73xoDy0W6FMwDUoE6gD5Ilh7fCwZSL85I+/X9t+560Pf/KfH/7oh8K3B6Ni5K0z0Vs//f9uv/7qbzx/s/G5W1lJmYgNkR8jIyNi2yyTM2fOmNdxif9qfvnLX8pP2wLKBACqRcgbaOscGJnbuGBSBXqPR1RPoK0jMnXlkZx/N0CZgGtQJlAHyBPD2qGcMvnDO/b27dd+/Wbs+O9OtAn1pRJj8I3w0Zvf/eZb/eGNz93KCstEdEg8Hj9x4oRZJhcvXrxx44YYn5mZefPNN+WnbQFlAgCwS6BMwDUoE6gD5Ilh7VBhmfz36Z7bv33t1ss/vv36a68fe+q33c+IVvnov16+/ZsdXTMRvP3224cOHTLvM/nwww+TyWQikbh69ar9zV0PhDIBANglUCbgGpQJ1AHyxLB2KKNMHoXllUl1oUwAAHYJlAm4BmUCdYA8MawdKBMbygQAYJdAmYBrUCZQB8gTw9qBMrGhTAAAdgmUCbgGZQJ1gDwxrB0oExvKBABgl0CZgGtQJlAHyBPD2oEysaFMAAB2CbulTI5r8fzFS/Io1DWUCdQB8sSwdqBMbCgTAIBdwm4pE9UT8Af75VGoaygTqAPkiWHtQJnYUCYAALuE3VImrJnsQSgTqAPkiWHtQJnYUCYAALsEl8tk8sKM6gkIU4MvyPseAusktv5R+QjYhVAmUAfIE8PagTKxoUwAAHYJLpfJYW/Qzon8xUsLVxblI7bFUno4K+wPhqPGxkRBPgJ2IZQJ1AHyxLB2oExsKBMAgF2Cm2ViBknXidMXp+eOPhc1H8oHPQzTiciIPAa7F8oE6gB5YlhD3LnzRsi3MRV20leeOPjpjXftd/T7G7c+vXPX8RZ3iHf//BFlAgCwG3ChTJaXl1dWVoulMnFexyXGxd61Qx8SqUzaPIHB7HhMC/lHraWYDl80ly/0donXjeiPR/uip6O+4FB6+Kzqjft80fRwdvB0TPVnxc7eI4H+4Wzu/HhUMw6GakOZQB0gTwxrjZvf+9a7q1dc8caXl+7c/Iv0fv7y4cd/eO+jHfbjT+5Ib6N2kT+gALsD8b/yuBeU/4t/eHa6TCYmp0WNtLWHwpFUcX2cXLmyKMbFQ82fkJ+2PdaVyep4W0APjGJxXj16ZsoeFxTOdpqLM6N9bZFxc6xbZIz1n+eK6omJH77KFnDggVAmUAfIE0MAV5E/oAAANcWOlsnc/IIIj2PdMV+nfu1Wh09fi9BvWA/2X7++LDbEuNgrNrwdYfnJ28BZJgsp6/Iww0h8Rh9Mn4q3ea1B/fFonzkuiHeudYi1ojKX1Y/0RefLX8WB+0GZQB0gTwwBXEX+gAIA1BQ7WiaJgYyZBFcXr8UTw+a2WSYDKT0DxLgYGclMWOXwkEhlEh0rLFw2vbK0WiwWsmpHbEo8vJLRtlMmxeLSzHh/NKp6uZrrkUCZQB0gTwwBXEX+gAIA1BQ7WibejnBnt36hVNGIE2eZBMMDzhqpvEyKq+Nq55BjZzHbGxjRb28pzhvLKfrWg8rEZDrOjfWPBMoE6gB5YgjgKvIHFACgptjRMsm+MKkad5XEEyP2JVXmSO58XmyIcbFt73pYpDvgl2ez+rVb3lBvesaYty772vWHY1cWB7UHl0kyaF0Ppp0es3dBFaFMoA6QJ4YAriJ/QAEAaoodLZNi6ZZ30/7k6Fa7guEB5y6oSygTqAPkiSGAq8gfUACAmmKny0SQPXfhhdyFqfysvKNYFONi7+SF0kIG1DWUCdQB8sQQwFXkDygAQE3hQpkAmFAmUAfIE0MAV5E/oAAANQVlAq5BmUAdIE8MAVxF/oACANQUlAm4BmUCdYA8MQRwFfkDCgBQU1Am4BqUCdQB8sQQwFXkDygAQE1BmYBrUCZQB8gTQwBXkT+gAAA1BWUCrkGZQB0gTwwBXEX+gAIA1BSUCbgGZQJ1gDwxBHAV+QMKAFBTUCbgGpQJ1AF3796V54YALiE+jfIHFACgpqBMwDUoE6gD3nnnHXl6COAS4tMof0ABYE+ytLQ0Pz8/9+gRr7KwsCC/fAVQJuAalAnUAV/5ylf+9Kc/vQ/gNuJzKD6N8gcUAPYkckA8YhYXF+V3UC6UCbgGZQIAAABQXRYWFuR0ePTIb6JcKBNwDcoEAABgDzAT7wyoHllfYkY+sCymE5FNT6VsoDVl7SqMJQ7sbxAjTY+3x8YKzmfNJtrFjob9zbMrzuF1ZEJPNh/Qn97+/MS6HYVMk3Hahv1NmXVnLR5+vEmMNza1HA5l7MFW4005jtoE8bS8PPYA5GjYEeQ3US6UCbgGZQIAALAHmE2eCHt9uiJI2owNYXdqVj6wLLYqkwOfPeC0YV+pTK5m9CL4jD5oBEuD40lX9X4wDlYea89cdeyxWcnrT9rXcOCzjeJn3hEwzfv0Jjn8xZaDnxEHNNvj+RPN4lWePHxYP63jKZTJRigTcA3KBAAAYE/h8wRG5LEtCbUH1GBOHt3AVmUiISJAHjLIeBqbuo3J/0rmcKPiG7PG2/eLZxx0HGjRoigxu1jmIsq+Q9b2mE/5nFbaUfR9Vum6YG2ve2lxWFOXublzZZJLJHLrBvLnUj2aTk84emndnjUunD2tBRPyqDhZf1A8URqU30S5UCbgGpQJAADAnmLzMrky1dERUj2Bzt6zY1esBYXe4/oCy7rrvpYLE0Nn2rz6iD85ubBqPXs7ZVIItTR61i6jcpJpt8pkNtC8LiEG9XBYf02WjlQ4aw+ng8pnffa4iJxI6cnrnjJ8WHk8Ym7uQJnk01FRIKfjJ0/2D4aDPeGBCWM4p/VES0cMbsyPS+Opk34tdjazcdfcpZx2Mn46SJlA3UGZAAAA7Ck2lsniRNInYsMbMq/1Ur1hczzU26c/9MXERiyrz/HTfr1JvL5o5zE9Y9pKyynbKRPfQaVr/S0hFhe05n2KZsz906oeCmu78pqogg01M6sojc7HjnopiO3Saop+Vdj10jEt+xTfC8aeqzlfs9I6aO3ZgTKJBzWtJ7ZhzWRE602VtnP6ARL51MlgTN+1oUyy8UByIpegTKD+oEwAAAD2FBvLRG+MyHjp0crEqbDqz9q7trqaK9urV4q5vY0yKUg5IbJDjwJFafJEcnNWJ6SMUHAcow+U7pm3EU9scj5eVw5Xc+ZpFeWAnSUmnzdvafnsk4nptT07UCbJXk3TgpfkMpmL+rVYKjs5PS3KJZNft8vBhjLJp3ui6bm5dJSruaD+oEwAAAD2FBvKZEr1hKOl+zF0CmdVb5+5eZ8yETXyEGUyfFg5aN3aUWLWuC1ev4W9Yb91q3rlZTKbOKyf0GgQzfnlXNdnxaD5bWAHnli7F2UHyuRSbiCsaT2BHqlM5mbGjNtMtHAiu36HE7lMBqM9wxfnKBOoTygTAACAPYVcJjNDqqdvfavMqB7rNgypTLo79HWSjuPxUHQo2r3tNZOJroOKktn6K4D1W9Ib24sVX8119dQhpdlRHfuVQ3FzeUS/ssseLwy02jfN70CZWOQSwbB+XVc0ba6PTIvtGWMrFe3piQ07j3WwvkxyA0GrbygTqEcoEwAAgD2FXCZ6h2xvzeRcn+pL2reKDGrbLZMWMfm3vz5rc1LWMsiY74DjlveJY/oFWPZBNusHr9sPtc9Z96tY5DXrq7rsjRL2U3ayTERT6D2hBcWjyWRYvyarxMYv2iqxrkz0L+Raj3MZRn4T5UKZgGtQJgAAAHuKDWVi3GeytjCy4T6TgLVdHO1TO4emS8d1G9/QZW7fv0zE3H+rb+WyGD5srpmYyysP/NbgQ/s2/9bgYLNyeLg0LpIlfkj5Qkzfmg4qjYfXdhTXYmarMsnl1v7Sy+Zlci3vPEbC0Qtz0+bKiFEmp8274cXgmUgZZRJ/Phq1jAQ0TWxMOg6V30S5UCbgGpQJAADAnmJjmRSnz67/bq6Qvcf8y/E+rc97UuTCor7XE1XB/noAABXsSURBVPD3xsQ/Bwf0f1on2LpM8ieaRB5Ify9RH1QU888v6mmgNDgOcPylxf2tqdIOcVzsWumQLf/Sov7chgPNhw8fMv9CvH3a1gP68YcPHz7wGf2p1vd0WWXS4PxzkOmiscaiKHZ2NJXequUT+qVu+i/gOEbC0QtzqXgkHND/ckmPP5geMzNFcEmMnB4YFIT9WrjfWPwYGxDl4iwW+WquNbiaC+oRygQAAAB2P8pml3XtWqRm0Nnw3VxVR34T5UKZgGtQJgAAALDrya+/HGu3Mz8/L3fDo0d+E+VCmYBrUCYAAAAA1WVpaUnuhkeP/CbKhTIB16BMAAAAAKqOiJOdWTkRr7KwsCC/fAVQJuAalAkAAAAA2FAm4BqUCQAAAADYuF8my4uLy/IY7AkoEwAAAACwcblMYl2BDi3W4Q3EJhblfVDvUCYAAAAAYONemaxeUT2BsVKPjJ2Oql1n1h0A9Q5lAgAAAAA2LpXJlbHeY4HuxKRzrPtIoPfcFecI1DeUCQAAAADYuFAmI71hr3Z2arObS6aSMfVo38jcirzjgUwPqR3RUCKTTp5pO5qU98J9WRwdkId2BMoEAAAAAGxcKJOFxWXV0zciD+uMBAPTy4sLSw9dJvHOwLQ8VlQ7h+Qh2ILeowF56NFDmQAAAACAjQtlIrhfmchj22JQC+RWHY8vj4U6Q6onIDQHFifOtnkD6pHIQukwtX1AX6LxBDpTBfFwJBoV277e7Oxmizn1z+K4NzouDz5iKBMAAAAAsHG5TNLDWctzM8UKyqRYXOnw6h3SOzRVGpmx10xC7QFVy5jbbaVWEQePlO6/n09FY9PGQk1uwD5gz7E4vsMrJ5QJAAAAANi4XCYiD7y+sNCsiArKpFhcLkwMndHjJGcGx1qZiNjwj1pXiMU7AwvGhr2cIkgetwZFmvj3bJkUVxbS8eT0zq0ZUSYAAAAAYON6mfRZI5WXSQmvlRZrZaJ6InF9SUZHvESuNGgNFYu97YGFywVbe3wvsdJ2JBbf2b8qQ5kAAAAAgE0dlonqCRk/l9RjVpn0Hgmox60bWxxXc62VyXwq6h/d0Un5LkPPEnns0UOZAAAAAOwwi4uLc1VFnFB+jXKpkzLxe0PxIf1+lagWafNnzUGRKFOXLy7p34rb5/UG+ofHBxNx50LK2vNXZ1RPYHA4O5hIdneZYbOHWMjEd3i1xIQyAQAAANhh5LCoBvJrlItbZaLfrb6p5ZUJ1CKUCQAAAGxKf3fA/lKjHWJmyFeajvoT5rX/D0eTsg4xMvF8e0tTo9g+dML6KqZi8Xrz/gal4eCs9DcyVgrp51rEkU+GSi+9Ujj4GUXZ15Ap3WdQyGjigIbHDlmP81prytpcT17ZYoeJXBXVQH6NcnGnTACKlAkAAABsgdo50BZ5hH/PYCkdk/+ChVEm1vbipHqkz/4S14fnutIS1H9ctx4XQi0RERjXEof2KebIQaXR2mc9VA6duio2rp46FBTz/EKkxWgbQWmjoDxhXntfUL4Q009cpTIJJnL2diTYo2k952Ycu+fmLl0YPh3U1g3N5TUt6nwsv0a5UCbgGpQJAAAAbMLqeMfpi6o3nr5mPs6FzhU7ffpqRnxicXFiSF/ZaA9b4bA4qf/NOk+gM2pfz2//3bycL6F/CdJ0IjJ9RT+s7Wg0eu6KmNxbV+t0Dq1dreMsk2JRbIv3UHTcemCfTbxif1D/O3i9mXn7+HXMBQ/FS1FikmrV8sXiYKuiNJkDXU2Kc7+yrzVlrqKspFp6C6I6mkpl0mptrPWG0hyc1QeqUCaxsEgRLRg+rT+YSEYHJy9N57STg9Nrh1wK9/ScjITXBkSXpKNBygTqDMoEAAAANpL265dyJY8H1O6zxkBOPZo0d4XaAyNWrsyrAT1FVG/pW3ymh7RhfT6waZl0Jo2KWM35vXp+iJH7rZkUi9negNkkG8tEbY+byym5SGiTS84cCyOlkdlGY4Vk4tgBpanLHMu0N+bXjriufNFuiYLZFVdTrQf+NjibaG0OWAe27leCY4XWx5S82TBVKJN0IudYMxmJjVzSf2rh5KTjIEEuEbS3B0Ja5EyeMoF6gzIBAACAjaieqP7jWqbbSoXSYoXxh+nWDtO/1mhtV2lk8zIpjcyYZ3hgmYwEtyqTnPMGafvvUtgcFhXSbt9VUry+UJjNpZsa9Jx4qDKZPfVk0xeD7Y8fbOpImzuePKAEU5mDDUravPOkCmUylxmIalpP5oJRJKI6wpqmBZwHmNhlcimXGL6ob1AmUG9QJgAAALCBKefUP7dadKVMxGFqp75is7FMOk5N2n8Eb0l/e+tQlBb9RhGJC10tvYX8iSZFaTUHUq2KfkVWCeVz+tVeBnlFTRfHfPaNKM3mCszKRKPZG9cnlINdE/qBVSgTQfD5AU0zLtbKp4OxwWwqFu7PWaVSwi6TmN/aoEyg3qBMAAAAQCLtN2vEYHVc1f8axH3KxHE114Vk6Wqu2KBxtdViOna/MpGiwlkmcxn1SF/WuGxMnM0cs8+meiPxafOCKpnr8UOO9RIHYz797pGVzOFGxRyQ7oBvWX8H/GygWWk8bO6KPaHoayTTwcPD1sEifvT76TeUSWbavLlFLpPSuMVaT0yOTOZngvFsUNN7Ix21bnOPaj2xkbWj5hxlMlkiqJ0Uz7UPcJ6/EigTcA3KBAAAACRKV3BZGFd23a9MxEgse3Hh8mz3kcC0ERud3kDbiTMLly92dIS3KpPiRNJ3anx2Zn5tAmGUycLlQnr4rOoJJEvtIc6WzRdyyT77bNGjAREnufzsYKJP+nMXwRajIizyh54LJgZzhelcU4OSM85X6G35/HOJXKJLedz8w3oFpbG9aFzcpew7OFGYOGiukMxFWvYpsdxsYSKjWA1TUBqaZguFTKi1sTWlR0xea/ElSuREupin0suktCM3pydNadzCzom5yWH9/netZ2A0P6ffAB9O5abnZiY1v37DyWQqkirdbuK8z8SENROoNygTAAAA2NOM+YwLs3YUZ1HMrf/W4LKRX6NcKBNwDcoEAAAAYIeRq6IayK9RLpQJuAZlAgAAALDDyFVRDeTXKBfKBFyDMgEAAADYeRYWFuS2KIv5+XlxKvnsFUCZgGtQJgAAAABgQ5mAa1AmAAAAAGBDmYBrUCYAAAAAYEOZgGtQJgAAAABgQ5mAa1AmAAAAAGBDmYBrUCYAAAAAYEOZgGtQJgAAAABgQ5mAa1AmAAAAAGBDmYBrUCYAAAAAYEOZgGtQJgAAAABgQ5mAa1AmAAAAAGBDmYBrUCYAAAAAYEOZgGtQJgAAAABgQ5mAa1AmAAAAAGBDmYBrUCYAAAAAYEOZgGtQJgAAAABgQ5mAa1AmAAAAAGBDmYBrUCYAAAAAYEOZgGtQJgAAAABgo5fJNZfKRPUEnMYTw/IRUNdUsUxEXstnBwAAAICawigTfWq3cb63Hcssk6uL1451xUSNnB0eEw+nZ+Yj0UHxUIzLh0L9Ut0yWV2Vzw8AAAAANcTVRTfKRERIavAFedQYl4egfqlWmVzT4+T60tKy/AIAAAAAUDssGmWycaa3TcspE99z0YvTc/KogRgXe8uZYk4PqR3RUCKTTp5pO5qU98J9WRwdkId2hKqWib5ssrzMugkAAABATWIumGyc5m3fcsrEXBiZnp7zB/vtwdTgC+Yqitg7MTltj2+TQS0wsigPPjrmk1F5qKZZHPdGx+XBR0+Vy+TadfGBXllZ5bIuAAAAgBpCzN+WlvT/l9mdMjHvKnFeuyUqxR7XAgnH4dtClElOno/m1GDO3PJ7Ar7EjLERmhrq01/aGxozS2a0T20fGAxGxaA/OWk/ud8Y6fAPjV1ZMQZyveeLy/mzYnBhSv+n9P5rHjfiZG5urlplcs2KE+MzvagnCiIiIiLufs3JWyVfyWVbTpn0J0fNDtlYJhvHt81Kh1d/Yu/QVGlk0zJZC5g281VG9VCxnnAy1F8wNiKhQbNbVsd7jwTmjTHVE/KPWusy/nLe4a5ncbz3qGu/V+VlYmslCiIiIiLWghunc+VZTpkIMtmJTctk4/hDsFyYGDqjx0nO7IfNy8Q+POoLLBTNMglZQxeSnSk9TXrb1w6bTkSSl4v62fxZ+09m1GeZFFcW0vHk9MPf5FMNqlgmiIiIiLgHLbNMBNevL0tfz5U7ny+W/siJc/xh8VpPf0CZjAQC+u0seplErKHVrHlYp/MNjPb1nhc/cuYuk3osk5W2I7H4xA7erLMeygQRERERK7H8MtmKysuke0OZ+DYrE8eaSWnwvmsm9V0mC5k+F7OkSJkgIiIiYmVWWiaTF2ZEGDx3/JQ9Ih56OsKOQ7aF3xuKD2XTw9moFmnzZ81Bcap0dry/N+L1rpWJejSeOz8+mIirR4yvytXLJNwRGMqdz6wlymJOPRLNTU5pRwOq11xRWVcmaX8gNDQ1O2ff01LbLGTi7mZJkTJBRERExMqstEzsW96dZl9Y+46s6rLJWofzai5wD8oEERERESux0jJJDb7gbBLPkXD+4iX5oOpBmexaKBNERERErMRKy2SHoUx2LZQJIiIiIlZijZUJ7FooE0RERESsRMoEqgNlgoiIiIiVSJlAdaBMEBEREbESKROoDpQJIiIiIlYiZQLVgTJBRERExEqkTKA6UCaIiIiIWImUCVQHygQRERERK5EygepAmSAiIiJiJVImUB0oE0RERESsRMoEqgNlgoiIiIiVSJlAdaBMEBEREbESKROoDpQJIiIiIlYiZQLVgTJBRERExEqkTKA6UCaIiIiIWImUCVQHygQRERERK5EygepAmSAiIiJiJVImUB0oE0RERESsRMoEqgNlgoiIiIiVSJlAdaBMEBEREbESKROoDpQJIiIiIlYiZQLVgTJBRERExEqkTKA6UCaIiIiIWImUCVQHygQRERERK5EygepAmSAiIiJiJVImUB0oE0RERESsRMoEqgNlgoiIiIiVSJlAdaBMEBEREbESKROoDpQJIiIiIlYiZQLVgTJBRERExEqsbpmsdHgD2vCSPAx7AMoEERERESuxamWSPR1TvaHlYs6XmJH3bYeZIdUT6EzOO8c6PAH/qHNgS1RPnzy0Nb1HAgvyGFQKZYKIiIiIlVh5mSxPZM/2Hg+Lrhi7slKsoEza2gNq91nnmOp9JGUSOxaos2WdxdEBeWjHoUwQERERsRLLKJNxESEOo7NXnPP8nDd4dmxuxTGyPWaG/Oms5g3YA0vD8f7cULXKJHcyNC2P1RW9R9f+o3MFygQRERERK7GMMsmtLxMpCYy9R5LrB7fBjBEh5wdCOaNqCmc7PYHiaJ9ZJqJS2jr7JuZmtY7AyDV9ZDoRiQdD0WQ2d1l/aL4N/5HA1LJxtsWc2hHLnR/zegNtwVxxdSl6LDB2ubBwuSB2xjvNSfyM2GjzRtLD2dDRQGzKGFsdVzsHxGFTw31twYwxVDOIOPFGx+XRnYIyQURERMRKLKNMHtmayaj4cVEVIVEsziejavuAXSZr5AZC5/SfokzUziF7WC+TK1m10yqi3MnQyKK+oZ/HEy4aNWKvmTjLJDZtvNXFjPeUniZL6ZiVKPq1ZA9Yh9l1LI67uHJCmSAiIiJiJZZRJjpiTm+Wyezy8sTwUKga95mYEaIvlej3vof1QrDL5MpkfzTW5tVf0RwRZTJiPVNH5IdqPNGkc1076eNblUlpbMYsooVUNF56+3oa1RQLmb62IzF5dKegTBARERGxEsssE39pwcQeMb+ba7HiMunvDswXV9SjZ/Sli1KZdIgmOTYwe7mwMHlmizIJjCUicXMBxCiTBePaLdPitsukeG1M7Uwury7Nn0/6+sv6RVxjRWRJfMJYKnIDygQRERERK7HMMokdW1uOcFDB3zMplUnxWrbjWLhfrwm7TGbVY0NmV+ROhrYoE/3KK609YE7MxWF2pZgMatsrk+JSWyBbGqwh9CyRx3YWygQRERERK7HMMimeH2gzymREv4KrGthlUiy22cFTWjPJnop6vQHVG5pdnrpPmYgJuuoJRy/obykdjYq319YR6YwaN7KvzpsXg80+oExW7GvA2rpq52quxYvyyI5DmSAiIiJiJZZbJsXJ3iPGDP7oGXlPLTOdivkTmfRwVtjZEcitygfAVlAmiIiIiFiJZZdJfWJ+kZfJdDwyaHxDMWwHygQRERERK5EyWc+VSW+7sRbUHuofuyLvha2hTBARERGxEikTqA6UCSIiIiJWImUC1YEyQURERMRKpEygOlAmiIiIiFiJlAlUB8oEERERESuRMoHqQJkgIiIiYiVSJlAdKBNERERErETKBKoDZYKIiIiIlUiZQHWgTBARERGxEikTqA6UCSIiIiJWImUC1YEyQURERMRKpEygOlAmiIiIiFiJlAlUB8oEERERESuRMoHqQJkgIiIiYiVSJlAdKBNERERErETKBKoDZYKIiIiIlUiZQHWgTBARERGxEikTqA6UCSIiIiJWImUC1YEyQURERMRKpEygOlAmiIiIiFiJlAlUB8oEERERESuRMoHqQJkgIiIiYiVSJlAdKBNERERErETKBKoDZYKIiIiIlUiZQHWgTBARERGxEikTqA6UCSIiIiJWImUC1YEyQURERMRKpEygOlAmiIiIiFiJlAlUB8oEERERESuRMoHqQJkgIiIiYiWWUybTiYjqCZjGp63BDq814kvMrDsa9gaUCSIiIiJWYmVl4g3Zg4ujfZTJXoYyQURERMRKrKxMPGtlspCpRplMnXGeE2oIygQRERERK7GcMpntj4RGF4vFlTYrTlbMLPFnriyO9vn6Z+UnbJPV8VB7YCEVTV+T98DuhzJBRERExEosp0yKq0vmTzNItN54KVF0llbXDnwolobjqidavJbtTBWsodG+XHG5oz1gjazOi221PTS7bO2fGjrTZtzf0nlqzBoCl6BMEBEREbESyyoTB1OnrSu7SrFQPp0icob15mnzhK2h0T71SJ99gOqJmBttpSNt+rsD5a7UQHWgTBARERGxEssqk0eyZnKxdO+Kbs48yWhffO2mlXHnAWowJ4Zmh894j1gjpS8JA3egTBARERGxEsspk0dyn0luwD+QTQ8bDsT9oyv6oFQm/szC5YLl4nKxOK96Q7m8/nAwQJm4DGWCiIiIiJVYTpk8iu/m0rwB50PVE+0vSGVSlL+261yfljECpljs9FImLkOZICIiImIlVlQm6yNkZbPB7aLf++6g0xPoTM5LZRLvCnQEh9LD2e6uUGi0WLyWU4/EFuamssmBjqMhysRdKBNERERErMSKykTlb8BDCcoEERERESuxnDIB2AhlgoiIiIiVSJlAdaBMEBEREbESKROoDpQJIiIiIlYiZQLVgTJBRERExEqkTKA6UCaIiIiIWImUCVQHygQRERERK5EygepAmSAiIiJiJVImUB0oE0RERESsRMoEqgNlgoiIiIiVSJlAdaBMEBEREbESKROoDpQJIiIiIlYiZQLVgTJBRERExEr8/wGfom9+ayMsewAAAABJRU5ErkJggg==" alt="Screenshot" width="100%" ></p>
<p><img src="data:image/png;base64,iVBORw0KGgoAAAANSUhEUgAABDMAAAIGCAIAAADGMlPIAACAAElEQVR4Xuy9DVgU16H//3ue/+937//33Oe5/T9tb297e2vbpO1tm7b3dm9tve3ttdmWlr5IS6EmmjcSI0aDSRNtGk0TG5VKokjQGI2IRkFFNoIGReVVXoKAgoqiKIqiyIvssrzDLrvs/5w5s7NnZ2CBYRd2hu/n+QZnz8ycmVkmcD6cc2b/1wPv30QQBEEQBEEQZHy58eX3GxSFNx/YKRTukJWTwhvyLScc7og7hNrYUdgRuVgHnT02p805bHe6nMOu4WFX8NM/MHRJgCz8L8WVIwiCIAiCIAgyWqbVTFhGMpPQ9LtaNBPiJOcEyML/kq8EQBXN5j55EQAAAACA7iCtfcewy+YY7rU7e+zOjgHH/T5HS+/QvZ6hpu6hO91Dt7vsDZ32m1b7Dau93mq/3mG7ZrFd67DVWWxXuVwxjxp+szohpIb6DlKVvb7DRmq+1WW/3Wlv7LLf7baT47b2DrX3OywDjm6bs39oeMjpGqJmogUvcbmYljBgJsA/wEwAAAAAMBMgDX7HMG39DwwN9w0NExmwDjrb+6kbtPUOEUVp7hEtheSu4CqNXUNEJG6xdNEQdfEdthnbhagOqYHUc6fLzuok9ZOjkGO19VEvMvc7yDl0Djr67M5Bx7DdOUzcSRteAjMBgQBmAgAAAOiSYaDASc3EaXPQDAw5iQ/02By9Nkf3IO216Bp0EEmwDgxZBxwdLP1D5Kulf8jST74SkRgaT4SNyVe6L6uBLZCaOwcc5Cgk5Ij00HZn/5Cz3+4g52N3DDuc9AynHfmdNAowE+B/YCYAAACAPpA3MIECp5O0/p1DzmE7lZNh5icD1A2oIRBR6RVEhelKjzvUW6i68HGOEvcGbvdgVYl12ukh+kQboccdFByJOAkJUSancIbBhvw+cwMzAf4HZgIAAABonWHaonU6HI4hATvwic1mt9ntgzbboM0+YLMJsfcP2oTYWfoGbULsUqRV4wm3I6tHqpkdhR6RHZqcAzkTm3BWQQW7l8hNJRjTCH4CMwH+B2YCAAAAaBqmJaQROTg42NfX19vb2wPGTXf3SOkZO13d3XyUG4wQxYGCGXIjkduJ3FTk1hpRTmAmwP/ATAAAAABNQ5qMDofDbreTdmRXV5fVau3o6LAAv2I2TziahtxC5EYitxO5qcitRW4wmAmYCmAmAAAAgHZhMwGYlswqWYYgfg+TE+WcE5gJ8D8wEzATsA4ON/c57/X6IaQqee0AADB9sKFcNputq6tL2aZEkMmH3FrkBlMO6IKZAP8DMwG6xzIwrBSMyYRUKD8GAABME5KZWK1WZZsSQSYfcmsFxExsDldTt+OqeehKuxCzFAeNhUsHzTWrs8eOX8A6B2YCdIzd6VJ6hb9CKgcAgGmHTTIZHBzs6OhQtikRZPIhtxa5wZRTTSZlJr224S9vaX1ga9sD77Y9sK3tgffuP7CDpP2B99sf2Gl+YBfNV5Oan8jpicrp/soH9x9MsT6Y0vng/s68piF5XUBHwEyAXhl0+LmrZMTIjwoAAFOLZCYWi0XZpkSQyYfcWv43ky3lPb7N5N+SmiOPkyMP99mdoYfbJDN58ECXvC4/8dLKVx597EkS+Qq/wg4R6KNoF5gJ0CV2p8tfE0t8Bz0nAIDpBWaCBDoBMZMvv9Piw0y+ntRU0GTvsrFZ98OWQceDKR2SmXQEZsbnwyGhX/7qN0jkK/wKO0Sgj6JdJm8mpoxcPkW3WfFdWXmn917BwJmExeEJFfLSCeFof+6xxeERyx6PjpevGoPm5aZmeRnwH0qFCFzkxwYAgCkEZoIEOtNgJs/kdhAtcTjp8ch/XTbng/s8ZhKg2SYwk2Bg8mYSF5+W8N5hMVvSDl5gxbVxCSZ3uWlTQlqT915KwiMWj5BJmoNPJmQmNduXyYtcruzXFu8vuWptuVqVWyNfR+p/e5ldXibhMROfm4lsjiLvxhavImvN04IU7Sxp9trd3nzGtH3+/MXhj7549JJXh6e9pcL07jryrs6PWllj5de4rNcK9q9/g77hj8n3Ivute+VFWuH8ZftLZDY18qrlyu9jxOK77rWy8s3l0n7E9LpefeFFWq44eR6ygbzIG5tjSs2EHA4AAKYLmAkS6Ey1mSzKtRAVYQcjX+yO4d3XbPxorl6YiX7xh5kc8by4kOsxk/Rad2lzTtLYZiJnoCp8fUGvvNSfjN9MrFnrwpe+sa5A/l6FP5kkK+HxqRwTMJPegviqG5nLeTPpLXk8oURcbsx8eb67pe5o3MyJSmtB/ONSI74xs7jFc5zcDS/mut/cMwmrrFzb2lq2Zd1p6Ur7wqO447YVPL5TcjAfq+SER6zzLL+Uya3haQ5fkS696L164NXj7dxaAcfNPUsXk2+cvNwbpTwEOvIzAACAqQJmggQ6U2omYabW1j5hDJeAwzl89Kbtq9wMeJiJvglaM/E0qQPG+M3k8YiV+2/Rr7Ly0RvZYzLu0VyORtrib+LNpGbnk95vjqPmuf03vUrcWI+vOyMvY3T5uHZyXWIXR1Omyfs7Fx6xSiwZaZXXa4lLSTsveV6NetzyLbJTlXcTkW/E/HXZZvqNk5XLUJqD6qzf3/Hdwn5luSzyMwAAgKkCZoIEOlNqJjFFfdZBj5kM2od/++G9B/dZYSYzhCA1E6HDhC8oNm1n43yefsWrtUqbudYaOqAoYvGea7SEtfi3vUI3Lu4WNzu6P36+MEaI7zeQmcnL85e9fKRReskTvuq41eXav5RrEN86zg4qjUdizWVyXOFAdNqJrAFdk7WdropY/PL6A159Jj7b2XdNb9x1uFxnt3ua6Y3pyxXaFr5iFEcqkzf3JUY1BN5MWjJ5qaCrIuJzB0Zd5fXaTfGGxdzYsean940sUeQas73HmIVHH/B63VvxVhm9XY+ukF8+j49Hch082vGJnTQ/P9lzsUe+dsSM00zIQeXnAQAAUwLMBFGdt28dHXFZlqk1k+KBW93D9LNThM26bM7/2tcEM5k5+MNMDlecqxFzPMtjJnuK3OWVB9+bmJn47jAJn+9pAYe/tGVzmdeEhPD1W96KeoMvcbk8NlKz88XwpWJ7lzeTzVGLRxs5Zs1aV8za4ubj3DAnCt9nQmqTHZdXDtKYPsMd4OVHV47LTBw1L5sEWSrfIpnJXdMqZWfCKP0V7UdXjVK5+fg28Tsl50zCi8X8qc5f3Ooe61W1c6XXVYy+isd7zFuFclCcxOMRL0p1HF3zIlUyDmnwmOmlUS5KwMfnKhIzYQslBdZPJHcpN1BmnGaCz14EAEwXMBMt5vN5z3xOUegjXyh89pMnn/7n097lRYs/U7hUVvJPBXThU6cWf15RiTI/Ovv6ois7yAL5SpaVG7BMhZnMfv/WL/fe/I8djf++6+4HV53NvYKcCMezDDjmpN7zbSavrHqNNffPnquSmv4kb23abLd7WoE//+Vv+LUk4ZGPSGuVZvLA177JSr7/wx/fvt347e/OZi8fWfjEV7/xbamSn/3i19Iu5Jw/2JcqO8obf/UMapcK2UvytvJbkpfSljOTyZuJ3yHyIE2BGBG+YRquHGE1P14UiZGp2OzWHslMTCsWyxrBPI9HeOa+ywRAZiay4/LKEb7qOLeGDoUaj5k8Pt99J3NmUrVlsXIUmbIXhbBn6eLHR+kYeS7iRa/XdLSY0AW06I1exVtRs3Ol0Dv0onI+jI9VDOJ1Xt9NR/tOU4HV2mW1NtbkZpJ9JbdhHF27jFb4mPzbauL6SXybiY+HBbvNxB65u2Nuiegb6y/013UMbcnoKBFeVpy2fiLJerFl8INLdAPRTMy9c3z6CTmo/DwAAGBKgJloMRM1k0+eXKQsHCFuMxl/Xrq29y830shX5SopATeTr797Z2/tYMld264LPd9Mal12uqe8bXhgSOw5IUeNr+oZp5k89O//KbOCyEceY9u8vSlBtopl+46dbAOZmRzOPCJtQ7SElEhmojzK+0nJbC8iLbJVLNXnxT8ISyXs5TOLn5NKohb5at/MEILQTHx3mLhkZjJ/O7dGKFmR2Sor8kJpJn2jDoWi9PFjitZJc80FZGYiOy6nHI2KIUxVY5tJbwkbvESR9ZkozGSkx1XRGeoj92P0VsiNZaCxqqSkuKTk6P4t4Y+u5HfqvZo5f2n8/vJG06Y3yAK3xtcqCa8hcAqsZ5Me31IlvWwt2z7/pe2t1wp2vraSLHAbkrfaMznet5kotUGKNJrrlerBBtnaW93r79KFpclEWgakcmYm5GudojZZ5OcBAABTAsxEiwkeM/nR2dfXNRz20WEyawrM5J3ztn477SEh9Vc22x7a1bb0dHd56/C93mGh42SYPjWY+zwTH2ZC8vSi6A1vbeStgGxQdqacL5HlYg0dn86bidRbQnLjptiGk8yE5Lvfm/PXtev5SmSnoczQEP30ev4lryULn4iSLmcmE2xmMnKHSVtB+KMvvrx+b9W1Zqu1a88LnJko2+iKXoLeqwfCH1t5tKRE+FN9wTovMykJj9rgw0zoU7m8n3LLD+iSmYm0rCip8Ho2LmWMeSZ3j7zh9eSriY/mCp8v73YQcTSGP+/rkWIu94x/yo0Dm8u9B7BFrNxzY9RV/EuBdnlnkYLNbtnrLYhnI9fc9InD9gaqNkd5vUW+zWQcfSbOe1e7HtxpFZbtjx3seDCZ6sr623TVJ3Za2QILcZIH93V8Yn+3sjY+6DMBAEwXMJOpzBeKniP514JF/1RAh1H9a/6iz51+7vMFiz6Vt4RuULT4M3mLPpMf/fmiZZ/LffqTOYs/lbv4c4XPzSp57rM5iz5f9Nxnc59hI7JEMzlNNohWHmVW4bOfLVzy+cJnP5kT/QXhoMRMyFeyilT7z6ee+WwBLZc85NMnnyan8YWiJZ86+Qwr+aRiNNen8uQH+rRwzqzDhHyVreUTcDPZWeuwDAheItzQla22h3ZTOdl91dHQNWwdHP7wpn2cfSb7Dx5iJaQeqdF/t6mJNwRpL6nkK1//FnlpDPklvxnLlat10vaSmRBvYSXXr9fz1UrLD33HIO31u4j5rJB4CL8Nn/5+X8N9ZhSTNxM/zjPZGbU4/LUceakwQIt/uSd6AmZCxz65J5ZQBrzN5CW6qrd8i6yRLcEP5WKM9gBcpWBwJTWKJ3F5SpQ7uoQ+kBFD92rJfFnRQxL+gqdLwUWHgXkP1pIgWrJI3sukhDT92ekpHUB40+hVj7hK+tASgb4zCcsavEpGYL/bM6W+LAl2iM2KN8EduZ4xxjPP5N6lrs8IZkLEQyphQjJin0nd+c5namzKCqVgngkAYLqAmUx9lD0YxAToQtHiT+dRf5glKIRyM6IobANqJqcXi3uNHlID61qRqiLVejpbRDOJ/pT7oLNOPzuamcwqWcJb0CdPPUu+hlbFPlrzDlkgX8my9/aeBNxMVp4eqLMOD7knlgw6hpecNH8/tWVRQffxRmd56/CzeV3jNJPGxjtSodTuv3P3rrT845/8TNrA8P0fSuUurs9EyncM35c2dnFm8uuwcKmQr0Fa/lvc29IGUnfN93/4Y34bKfxcF+APM/Hbs7nChWfCKpHpx6tcE3ZMMyGtW6+SC0nSaDH3aC6KTH7c9HlZjcBoR1cKBlfSJ3vUmMua49tM5HB9Ji7XTfkQKUcF/1kirQXxI4uWoz13w4sjj+/y5q2IxWye+oj6wexxxFVW/rX5OP9ejYYkiqOZiZLRyhndNl9mcrFlkOTnuzs+kU67QY6f6PigyXav0/bzD8Q+E888k4q+e54Z8LZP7O5UViiFHFR+HgAAMCXATKY6hc+yDhOaouhPnXrmkyeflsxEGkxFzYQTj38tXPwpstnJpyUzIS8/U6ionKV4iVjtSGbiUQ52OH4El3t5JDNZ9s+nnmYL1IuK6QLfVeKj2yTgZvKVrXc2VNhvdg730DFddC2Rk4Uf3X8wuf3ru+58Y9fYz+b6059Xs1Z+e7unISk1/Rvv3JGW//CoOO2EQARDKneNZCYP/ft/ShsTpOklfCV8DdLy7g/2SRsQWWKFrGdGdgiS3/7+D9LGIHjMZM9S73YtBz9MyFq25XHu0zzGNJOG/Ss567CHR704opm4zDniU7A46OxtZe/ahSTpqVbjNhN6dfwk+/E+m0vCy0zoM7se3+BWHeGTFiXdeDzixZG1ZPRpJ3fNXtPXrWeTnpNmxdw68PJBboaMo91TyUirPC9drm1PLn58u8eXGNZbXvNtGrI2SB+naD8d7/WYtd6ro42y820mLp9TTQIU+RkAAMBUodpM/qvyL3+7lXnf3mVzDtmHh8hXsryu4cMHSpYrN0ZYPpf7jCQJn82h47XYsm8z+TQRknzWrRHt6TMpWfaZU0/TQVmKfPIk7dAQFsZhJqROsXI6PMyHmcwS5OSTp55lWjL+BNxMHni3de4HlrKW4Tb3ZyySr3su9xl233lwT8eDH3T40Uy+8e3vShsQVZDKXZyZfOs/vieVV1VVS9uP30yeiFokbbBz125W+PNf/obfhk9PT4+0/QwneMwkPOLFYmEStneuuoRH7r5lKqlr6aopOR7+6Bu56ydgJmyWws6sGmvL1bdeWJbbdlUaDOZlJqxNf5Z/N2jXxEiPnLoZvqGElY/fTOhUmUXryCVYrV1Hk9cReZiUmVC3Wbw/t8Z6q+bp+YvnvyKeRm/5lue25Mjfw2pqXGcSXtx8XP72VjXS610esXibqaD4QiM5t+KsA+ERy3h/ISK3P6uk5lZX67Wq5Y8tzub0zccql+CT4mQVDnKxr76b2WrtImdenLU33GvUWV94xGJTbhU5jYYLJc89urhmJI9ywUwAAIBDnZl8q2zF5Z47Nqf8t9yg0/781eQvljyv3AUhESZyiB0mtJUvmkn0mGYi7lX4LG8mRCQ8UsGFDbWaVUKnl4zDTJ6TDkSq9W0ms0qWTFRLZk2FmWxr+8q25rOtjm6bx0xON9l+sf+Wv8zkL2/8VXr53e/NOXkq56HvGKSSd7a86+LmmZDl//jeD6S1kpyMaSY/+OH/SC9Df/3box9lPb0oWiq5WkenrPDb703xPF/457+aJ9U5kwkeMwHAX/iYahKIYJIJAGAaUWEm//bxH4eGff1J5UhbJdlGueNMT8EiYYSVEDpn47nP5dKSzxS43WAUM5lVFP0ZYXTW54qWeZmJoDdKhfiXPFrtP+Ut+fS4zGTZFwoXC2f1zL8ULxnLTNQk4Gby4NbmnEbbkPAJJi7hnu6yDS841v7grjZ/mYmL8wpZ/vMHP2Lby54afLOhQdrmTDn9S/aYZsK/lOXxp54ZcfuDh9KlEsiJyx9m4pn+LuSGhRV3yMoHvfcCIKAo/SFwkR8bAACmkImayQMlywcUXSVKyDYPlMQod0dmYAJuJg+ntrb1s+cD0wM4nMMl94a+uqv1gd0WP5rJ7duNMltgaW1rY9srP2lx9n/9Nyv5t4f+vaT04/GYSfaJU9/93hzZIb7y9W+xRwYrt3d5P6G4o6NDKp+ZTN5MAAhC7vfL/SFAIQeSHxsAAKaQiZrJf1X+Zdglb9dJ1PXeY+vINmRL5e5+SautU1moOo/WJKa1fqwsHzPX+1qUhYHIk5e33ehr7XPYZOXktMnJ72/Mv9HR4t0bI69hehNwMzl43TkwJNY9RLSk2f7Vna0PJFvGbyYT4kx5xbbt71eePSdf4VcKTxft2Lkr63i2fAXwCcwE6JVBx1SM6ZIfFQAAppaJmsmZzuvyKtzkWGq+WPJ8fV8Le0m2VO7uO11D/XcHzX+s+6Ci68aHreXKDVimwEzmnX+LyIByYz5TZiYtNutH988py5mZkK/+fUP8noCbSdy5oVtdTrtj2DY0XHTX/pX37z+wy+zDTLonZyYgmIGZAB1jdwZwWJcdVgIACAImaiajDeXqd9i/XBJjPLdWavMNOOzK3X1kxbV9aa1l0kurvZe8JC3v5HsFw65hUjK/JmFo2EFa4VJDnCw4hp3PXtkxS2imky3tziGphh7HIFsotdaxDfItlwad9s6hPukQpGZiQcxM7gyYSf29wl5kgV0FWWYnQGr+3YWN5GVDfys5KPnKmwmxKVJI3oRfVMWSZVYhO65Uw62B+7PcV0FOgyz/9Nw6skB87Jsfv0SWi61XyBEbB9pnCZdGdukeGkhszGadVKRO5RVJZpLSUkLeQLa23d4lnVgwJCBm8s13WyUz+fFBy6m7zoau4frO4cXHzQ/sNMNMZiwwE6BvOkf/eJPJpBMfYAIACA4maiY2pzjcncc+7Pi489oXS5Ydve8Z4WLjJGE8IU1wEunl3UEzaX+TljcRiT9dTyFt94vdt9c1HN525xQzE1J4ynwh+sr7N/tbf3LuTdZAf6Fut1SDsh1/tuvmk5e3lVivxN06SlLWeY34wIXu20wkPmg+Pe/8W1n3z5EmPjkTaXdiDj+oWP2XG2nEYYictNis5GV66xneTC713CHK8cbN9FmCpcjMpM9he+zS1g23jpDzvNLbRK6ChJQTFSHV7m8pee9uzt7mIqZM5NDkNM50XifnRk5ylmAprELlFUlmQq7r6P2zs4TeHum4QZKAmEnX4DD/bK5v7Go37DV/bef9B95v920me+ps8rqAjoCZgJmAdXC4uU9uF+pCqpLXDgAA08dEzcQ+LJpJn2OQNKmJLZDl1fUHv1wS86vqDU6u6Um2VO7uI6OZCWuU86rAzOS6e9iY3TlE1rJmOl/hiO14VkL2lbxCOsS1vuZ+h51YBDsTtjtZK10RKSFbEvGQKpGORTRpwGl/tX7/LIWZkBokVeD7Pcgh7G7NI1URDznX1UCummgPWUsspdcxSLxr1vjMhO1CvuZbLhE5YZsFSQJiJi5hYEOdeehKuztmKQ4aC5cOMb1D+B2sc2AmAAAAgHaZqJlIo7kqu27MPffXL5Y8z1rJD5YsH/Qe6DXR0Vzf/PilFpv1ycvb2EurvfeFut2SNpBlaRQWa4jnWGqWXEmSdleaSddQP6uWKAfbgI13+t2FjeSci61X2OgsUjNZJSnHzqY83kxIbgujsFjibx97S+jHINUq55nsvldIamMVzhJUh5VLC2T37qEBtrz0yi5yjbIaSMz2bmk5u736DxfjJTNRXhFvJkfvn919r6BjpDqnN4EyEwCUwEwAAAAA7TJRM2mzd7EdHcNONsf9q6Uvfqnk+f85u0b2zK62ic92YDPgiZyUd9WzGfCSmbDRXH+5kbb59jFpNBdxgx9UrD7YWjrv/FtKMyFG8cTld8laNqmDbHCh+/b8moSyzmtsNNcp84WfnltXKcwzISpyqLWMHIVUTpaJw7DpH7MEGSOnRLbc31JCZOZGXys5KFlWmklhRy3ZkpzMrf42NoeElZMFUvj2raOkkKxaczP9zZumWcJoLlIPOe2/3cpkW5IjMv1gqelp/Mm5NyUzUV4RbybEiBoH2iULCp7ATMDUATMBAAAAtMtEzST2Via/O5GTL5fEvH7jkPLz4NlUiuCJUl30F6u9d+mVXcry6Q3MBEwdMBMAAABAu0zUTH7o/XkmjmHnr6o3tNo6uSopAf08E3XRvZn85NybFV03lOXTHpgJmDpgJgAAAIB2maiZkOy6ly+vxRv7sINso9xxeqNvMyFX1z/BiT1TFpgJmDpgJgAAAIB2UWEmXyp5fldT/mifBD/gtP/bx38k2yh3RGZmYCZg6oCZAAAAANpFhZmQfKtsxeWeO8q5JaQk5uruL0JLEC4wEzB1wEwAAAAA7aLOTFi+VPL8Dytff/fOyT33CslXsoyuEkQZmAmYOmAmAAAAgHaZjJkgyHgCMwFTB8wEAAAA0C4wEyTQgZmAqQNmAgAAAGgXmAkS6MBMwNQBMwEAAAC0C8wECXRgJmDqgJkAAAAA2gVmggQ6MBMwdcBMAAAAAO0CM0ECnXGZCWlQIgiCIAiCIDM599p777Z1327uuFLf9K9FSxHE7yG3FrnByG1Gbjb+3vMyE15ZAJgQ7e3t0p1Ebqz+gSEEQRAEQbSYvn57T++gtbP3XnPbF4qXIYjfQ24tcoOR24zcbPy9x4kJzARMAv5OgpkgCIIgiHYDM0ECHZgJCCz8nQQzQRAEQRDtBmaCBDowExBY+DsJZoIgCIIg2g3MBAl0YCYgsPB3EswEQRAEQbQbmAkS6MBMQGDh7ySYCYIgCIIEW240dV1u6BhPLt201NS3V9e1lJ1v+JfTzwUonz+9VNlgleVfi5cqdwy2jOdCtHIt/sqY70lzy32YCQgg/J0EM0EQBEGQoArREvlv7tEZHh52Op02m81qtSo/icKPGbP9+oXipcq9gjDjuBDNXIu/4vs9aWlt7+zq6+2zwUxAQODvJJgJgiAIggRVLjd0yH9zjw4zE7vd3t3drWxx+jH/cvo5ZZuVj3KX4MyYF6Kha/FXfL8nbfc7urr7YSYgUPB3EswEQRAEQYIqEzUTAjGTvr4+ZYvTj/HdeP2CdlrzY16Ihq7FX/H9npgtXcRMiJbATEBA4O8kmAmCIAiCBFUmZCYuQU4cDgeTk66uLqvV2tHRYfE3H1ffvNfc5iPyHYKVMS9EQ9fiL5TvSXPL/ZbW9tY2C9MS5SSTfpgJ8Bf8nQQzQRAEQZCgigozcTqdQ0NDg4ODRE56e3t7AkDl5bv3260+It8hWBnzQjR0Lf5ixPek3dxJtMTa2dvdM6AcytUPMwH+gr+TYCYIgiAIElSZqJm43HLicDiGBOwB4ML1tq7ufh+R7xCsjHkhGroWfzHie0KEhKSnd3BELemHmQB/wd9JMBMEQRAECaqoMBMGm3MSIC7dtLCZBqNFvkOwMuaFaOha/IXv90R5i7Lw7UmYCVAPfyfBTBAEQRAkqKLaTGTIm5+Tw3fjtU87rfkxL0RD1+IvZO+J8p4cMXx7EmYC1MPfSTATBEEQBAmq+MtMJkZJbLG8yAtyVspT5SPfwU+sWhhqNBrLbfJy1Yx5IYG7lqBlPO+JMnx7EmYC1MPfSTATBEEQBAmq+DaT6ncWGo1h1fWWltq8vB75WvUE2ExWhBuNT6xpsViqTYnydT5oTE1vEhfTl4Z6rVLLmBcyxrU0pm6/ZLFYWhaGGMM2lMvXulyhoWvkRRLnR7j2KGMUqzA61Kjav8hBi/vlhSLnE8PW+/7ejus9UYZvT8JMgHr4OwlmgiAIgiBBFd9mEmYMiy3xo5G4CayZNBqjUxsd8tKxaUz1fVYqGPNCxriWxtTURvpvz7EVRuMq+VqfVMeHyYsEM2EV2k6sKlbxFo0FOagRZgKCGf5OgpkgCIIgSFDFl5n0Z686McIf1rNrW2z3q42v5bGXUcaw7edaepqqt0eLf4ZvTIuOza+3WCx552gr2JIRQzaw2WwLQ9xt5UCaSf37kfXyMnpK7CSN0elCy9xVvN648LVsW39P/bFVyWwHzkxSFxnFpZLYVUsXtlgs7JXRaKzv7DnyapgxfFV2vaUlP3bjOfc+IzHmhfi+FslMiEgYQ2Lpkvt8eoReC6NRKGxMlb4L5PvCvgvkAsVKOEYyE4sxerutv8UYHlsu1Cl++5pqR/v2kYOyNyrKGJpKDlqfvSrcyPyVHBRmAoIa/k6CmSAIgiBIUMWXmTSmJp6Xl0mIbWKhsSsWuX3DU+L9krRxxQFJgTQT0jgWNUKCNtzFcyDKEbWHNri5hntj1D6htT6KmWRzI5eMbwqbuIWBIO47CmNeiO9rIQcyCqwx1YpdV7Lz8ZiJeIGSNoxiJiKx+S2spHFfFLuAIy8YjcKAsTG/fZyZSFsWx5YI/8BMQJDD30kwEwRBEAQJqvgyk/7sNaflZS6HJSYqkjVuWYHSTIzeTVt3Y5giNloDaSb170fKXaEsVjolqek8fjPhT1Vsdk+hmWy/ZOnhO65k5zNhMxHmmdQmS85ZvoH79ghXN+a3b0QziTZRH4SZgGCHv5NgJgiCIAgSVPFlJrQNKptnUh4bIrZ3fZjJxjCvNnGi90tKIM3E5ahWzDOpls5hhTGMjb/SiplIBxKZtJmwCle5v4+u84nZ3jOJxvz2cWbiXnVuI6sWZgKCHf5OgpkgCIIgSFDFt5lkvxxmDImsbbJY6quFuRiWIy8Ya3ts9fmxPszEM8/kRDXdJyMm9lhtC6njXLpsy9EYs/Eq38GbhSHG0KiN5ARqy7JZSc+JVcp5Ju7N9Wkmjfui8u7bbN7T3CUzIWvdQmIxPhFroc8xSz4ifI8980xG+fbxZkLfVW6eCanWGLbG1e/rqQnjeU+U4duTMBOgHv5OgpkgCIIgSFDFt5lMF2M2XuU7BCtjXoiGrkWJbEbKOBnPe6IM356EmQD18HcSzARBEARBgiowk4Ay5oVo6FqUwEyA9uDvJJgJgiAIggRVYCYBZcwL0dC1KIGZAO3B30kwEwRBEAQJqsBMAsqYF6Kha/EX43lPlOHbkzAToB7+ToKZIAiCIEhQBWYSUMa8EA1di78Yz3uiDN+ehJkA9fB3EswEQRAEQYIqMJOAMuaFaOha/MV43hNl+PYkzASoh7+TYCYIgiAIElSBmQSUMS9EQ9fiL8bznijDtydhJkA9/J0EM0EQBEGQoArMJKCMeSEauhZ/MZ73RBm+PQkzAerh7ySYCYIgCIIEVW40dcl/cwcB5KyUp8qnq9cm3ycoGfNCNHQt/mI874kyfHsSZgLUw99JMBMEQRAECbaQluLlho7gyXharubOAeWOwZbxXIhWrsVfGed7ogzfnoSZAPXwdxLMBEEQBEEQBJlo+PYkzASoh7+TYCYIgiAIgiDIRMO3J2EmQD38nQQzQRAEQRAEQSYavj0JMwHq4e8kmAmCIAiCIAgy0fDtSZgJUA9/J8FMEARBEARBkImGb0/CTIB6+DsJZoIgCIIgCIJMNHx7EmYC1MPfSTATBEEQBEEQZKLh25NqzGTero5P7CSxyldMLcXrjY3yMjCl8HcSMZPungGSru5+Pp1dfQiCIAiCIMgMjKxZyNqKJD29g1L49qQaM6ko74o50fmdnR0xJ7pGSGFPXZ98l3HhsNQfSwwNMRpDw9LPW+RrFcBMph3+TpLMRCkn8BMEQRAEQZAZFWVrUGoo8mbS22fj25NqzIRRkcN6TkbIs7XyjcdBj9EYFntaFJL6PdFGo9F7Azkwk2mHv5OImZDbi7/nRlQUBEEQBEEQZOZE1jjke0uIlvjNTFxt3UonUW0m9e9Hpso8oyR2zWn6r/GFI+Vbo8NCjYnn6cuNS8OItIQ+sYo3kzW0MDTV3dMSawyz1aeTzYTXtpgnQsly9Jvp1WP3xIAJwN9JzExYZLcgdAVBEARBEETfUTb5ZFE6iV/NxNWvdBLVZnLkBWO1rKgpPfL9evKvcVFiaNSqZFMe9YrGdGPkiupz5XmmjWHhopn0lMRG/im5uizbaAxju8YSDwmNzM7PI8uWjJgVu7Kry/JiFiVWO6TagR/g7yTeTMaUEwRBEARBEGSGhG8iBs5MXEonEWJ97ZZ8yzFJXaQcmlVsXF9M/jEaF0pFsSGeIV7JUcIu5xPD3ELSuC8qvUnYzGi0uTejZrJPbj26wmExRm/nC2IjQ3v41wGDv5OImZB7S3nnQVcQBEEQBEFmTpQtQCm8kPjfTObt7Dh1e3DAKS9XwYijuWJL6L9GY6xUFsNNPmGjuYh4GI1RFjc2oVckVjZHxWZZExUa+acjjXrtM+HkZMq0xDWSmUhR3osIgiAIgiDIzIxSSEj6+u0kfHtyUmYSsrNDXqSa+uSFwtgtNz3Zrxrz+ukSbyZ8n4nYzUL7TORz5eVmIkA2i8nQ7UST4vVhtcRIeooXvjN1HUT8nSQzEygKgiAIgiDIDI+yZSjTEn+aybxk+YODJ/MhJ8lL6Tz11GN5eaZkshC5gQ7lcnmbiash1T3PJJGfZ2KMjMnLz0t+M4aV8GZSHr8wu6y2tizbGBKdrhgxpieInCyMnzotcY3PTBAEQRAEQRCERRIS/5vJJ3Z2rBPmdYgM9JKSAa4A6Bv+TiJmIt1hyrsQQRAEQRAEmbFRCon/zeRijXxGQ3qVug9ZBJqEv5N4M4GiIAiCIAiCIMrGoTJ8e3JSZgJmOPydNKKZIAiCIAiCIIiP8O1JmAlQD38nwUwQBEEQBEGQiYZvT8JMgHr4OwlmgiAIgiAIgowz/QNDLHx7EmYC1MPfScRMyL2lvO0QBEEQBEEQpI+zET58exJmAtTD30nMTFiUNyKCIAiCIAgyk6N0EpgJ8Cf8ncSbyXiivF8RBEEQBEEQzUXZzJtQ+PYkzASoh7+TJmomCIIgCIIgCMK3J2EmQD38nQQzQRAEQRAEQSYavj0JMwHq4e8kmIluouylRRAEQZAgjPJXGKLF8O1JmAlQD38nwUy0HvcPevqJrT29gwiCIAgStOntGxQ+X1z8iHHlLzVEQ+HbkzAToB7+ToKZaD3shzv5WU9+4nf3DCAIgiBIMIf5CcxEB+HbkzAToB7+ToKZaDqCk9CuEvn3GAAAAAhiBD+hPSfKX22IVsK3J2EmQD38nQQz0XTIz3Tyw31oyCn/HgMAAABBDPnNRX5/wUw0Hb49CTMB6uHvJJiJlkM7TBwOaAkAAADtQX5/kd9i5HeZ4rcboo3w7UmYCVAPfyfBTLQbNpRL/t0FAAAANAIGdGk6fHsSZgLUw99JMBPthg3lkn93AQAAAI2AAV2aDt+enDozudp7FdFZ+DsJZqLdwEwAAABoGpiJpsO3J2EmiPrwdxLMRLuBmQAAANA0MBNNh29PwkwQ9eHvJJiJdgMzAQAAoGlgJpoO356EmSDqw99JMBPtBmYCAABA08BMNB2+PQkzQdSHv5NgJtoNzAQAAICmgZloOnx7EmaCqA9/J8FMtBuYCQAAAE0DM9F0+PYkzARRH/5OgploNzATAAAAmgZmounw7UmYCaI+/J0EM9FuYCYAAAA0DcxE0+HbkzATRH34Owlmot3ATAAAAGgamImmw7cnYSaI+vB3EsxEu4GZAAAA0DQwE02Hb0/CTBD14e8kmIl2AzMBAACgaWAmmg7fngxmM8l+an+hohAJovB3EsxEu4GZAAAA0DQwE02Hb08GkZkkPG00/vWgslyW5cY/KwuRaQl/J8FMtBuYCQAAAE0DM9F0+Pak9szECDMJmvB3EsxEu4GZAAAA0DQwE02Hb08Gs5kcXJhMR3MZQ/5Qerei4tKRl/fn1DRXGI3LK8jL5hplDcgUh7+TYCbaDcwEAACApoGZaDp8e1IbZlLDbYY+k+AJfyfBTLQbmAkAAABNAzPRdPj2pAbM5MPNC42/Wrj8vWRWDjMJnvB3EsxEu4GZAAAA0DQwE02Hb09qwEzEdFUYQ5ZfhZkEU/g7CWai3cBMAAAAaBqYiabDtye1YybUSZ4Svr6s3BeZlvB3EsxEu4GZAAAA0DQwE02Hb08GmZm4+XPuVclMnor4BS361e9yOuhm2cnLyatfxOxQ1oBMcfg7CWai3cBMAABgJnD1tnVYXjYNDAtnIi+dHDATTYdvTwaRmSCaC38nwUy0G5gJAADMBIJBSxh+PxOYiabDtydhJoj68HcSzES7gZkAAADQNDATTYdvT8JMEPXh7ySYiXYTjGbSmBplNMoLg4ae+vIeYYGcpHF9sWwtAACAKQZmounw7UmYCaI+/J0EM9Fu/GgmpKEeFr1m49sbI8NDybJFvn7cqDIT46LURnkZodhoXEhOaeObMVGPhJGzSiwb47xGqcdD+YawdGELmAkAAAQDMBNNh29PwkwQ9eHvJJiJduNfM4naJ7bqV4UbYzLGcIBRUWMmtlGMgphJrPSiet8KYk/cWiWj1TMCMBMAAAgGYCaaDt+ehJkg6sPfSTAT7SZAZuJyUCWgzfbG1NgSV/2xNfQhe9HpdJWtJVroVAmNjLY4PLu35G+kvS5L13Bm0ihWwiiJ9dTvsq1ZGknrDA3Lrm8NDaGLDGlzAXoa/Ovq+LCFu+rFF7aWKHImIaGR5KAUi6weW2Nx6tsxZDk0PKrFfarF643MXTxm4rDERIUJlxSWfMxdOQAAgCkBZqLp8O1JmAmiPvydBDPRbgJlJpYjxke200Z6Y2pkdPT2S2xqBl3B9Vr0SCJhK4k1RiezZTroaiwzIRvU28Ri4d/iUfo6imVmIpSsKaaa0eM5E0uxMSRGXMvV09NUb2FHcbQYjZGsUGkmC41G6fJ6etynBQAAYEqAmWg6fHsSZoKoD38nwUy0mwCZSf37C8WuicZUrwFU9cnGP2VLr7YvNB6hY74sR14wJl4SC/NeG9NM6o1GJhIS4zcTUmcU3bQ+OSy+Wip1H3G0eqQNRjATaRUAAICpB2ai6fDtSZgJoj78nQQz0W78ayYSoYsSxVJiJtxkDNKsTzwvvXK5Tq+hsiEM3/LMSimLHcNMSmKNG8qlYoHRjGJUMyFnIkPcnq+nv7F4X2KkMHXevcEIZtJygo5VC10YI3awAACAxvH8ZFyU6r2mUfoLVMyeWu9V0wbMRNPh25MwE0R9+DsJZqLd+NdM2LO5kk2cNijMxEsgmGzIpryPOc/Ea8IJY9xm4p4AQ84k+o2N9LFd7ojbc/VE0mknoRt3pefl5/kwE0L221F0jkpIpDQdBQAAtIvxtWwLo1P2FxePmYS+If4ArH7H95NFAg7MRNO5dOkSa0ySBZgJoj4wE33Ev2aiEAa5mbSkRfPP7Kp/P3LVCRuxhTVGo2fm+GnaBSEsNbrnhAgv9kSJ9TckG1844t6aMV4zyX7VGGOiJ+CpzQuuntNrwt5RDvca2UxE6HQUTrEAAECbyH+4kZ/ep+lDSjaeLvfM9xO2iaJP/6Aof55OGTATreeSAFmYOjMB+gNmoo9MsZmwWe/uP8FxM+BzVkkz4KOFB2SxZbIQ5t49jKvfyM+Apwt05kn6fbGEo5g3k/Q3FhpDot2v6NGlLg5bC6uZq+d8onFRcqOwQf2eaOmUfJkJP6seAAA0i2gbnp+6jeLEvPvpMjMhPxRjp/svMjAT3QRmAtQDM9FHptxMXIlP0CkZa97eGB0eGrpUeI4whXpCzJsbVy0Ni34/cYX791xsOP3VSDaOWRiaatoo1Z/9WpgxNGzj22tioiJjS2gJ3S40yj0oS6KYfdLiqqWR7PMf0yWhEc5EqGTjmheIZUSxQq6eRrq4MIYchfhM5OhmEhoZycaDkZOUPAoAALSLNJqrp58VFLOftC5XPcwECVxgJkA9MBN9xI9mAgAAQB8oOoQlM/HMM4GZIH4PzASoB2aij8BMAAAAyFDOgDeGLOzp6Ul9OVJhJo2pi4zT+2RCmIluAjMB6oGZ6CMwEwAAADLYJBOK+6nB9cfos0kSyywKM3G5Go6QVS3ii2kAZqKbwEyAemAm+gjMBAAAgKaBmegmMBOgHpiJPgIzAQAAoGlgJroJzASoB2aij8BMAAAAaBqYiW4CMwHqgZnoIzATAAAAmgZmopvATIB6YCb6CMwEAACApoGZ6CYwE6AemIk+AjMBAACgaWAmugnMBKgHZqKPwEwAAABoGpiJbgIzAeqBmegjMBMAAJgJDMsLpg2/nwnMRDcJIjPJSUrbuuNwLVdiSkyLSzrDFYDgAmaij8BMAABgJnD1ttXvSqCCYeFM5KWTA2aimwSXmWzPux53oMZdMLAp8zozk9475zP2HomLT9ueIaxtPrM9/sjFE1mk5OCZu0NSFWBqgZnoIzATAAAAmgZmopsEm5k0xyWcEl9bKrNvu5iZmEtOJWWc6bS2bk1Io6uomZi2ZlR23r9NdaWg2VMLmEJgJvoIzAQAAICmgZnoJkFnJlXpaWb66m72DiohstFcTXlHmlzMTARFIVwt3BRv4rcBUwbMRB+BmQAAANA0MBPdJOjMxFVbmH3bRb5uis9yuc1kqLU2J52O3SKRmwm/DKYWmIk+AjMBAACgaWAmuknwmQmxkcTClASTqdZBl6mZdMTtqRQ6UlwXMxRmgj6T6QNmoo/ATAAAAGgamIluEoxmUrAnbevJu6yQ9ZnExZtSim7fvlq5aYtJMpOE1FLMM5leYCb6CMwEAACApoGZ6CbBaCaDFdl0QJcAM5OqjKxNCWlxW7KGLudKZlKVRcd3mc614tlc0wXMRB+BmQAAANA0MBPdJIjMZAJgbklwADPRR2AmAAAANA3MRDeBmQD1wEz0EZgJAAAATQMz0U20aSYgOICZ6CMwEwAAAJoGZqKbwEyAemAm+gjMBAAAgKaBmegmMBOgHpiJPgIzAQAAoGlgJroJzASoB2aij8BMAAAAaBqYiW4CMwHqgZnoIzATAAAAmgZmopvATIB6YCb6iL/MRFkzgiAIgowZ+a+TiQMz0U1gJkA9MBN9BGaCIAiCTGPkv04mDsxEN4GZAPXATPQRmAmCIAgyjZH/Opk4MBPdBGYC1AMz0Uf8ZSYAAADAtAAz0U1gJkA9MBN9BGYCAABA08BMdBOYCVAPzEQfgZkAAADQNDAT3QRmAtQDM9FHYCYAAAA0DcxEN4GZAPXATPQRmAkAAABNAzPRTWAmQD0wE30EZgIAAEDTwEx0E5gJUA/MRB+BmQAAANA0MBPdBGYC1AMz0UdgJgAAADQNzEQ3gZkA9cBM9BGYCQAAAE0DM9FNYCZAPTATfQRmAgAAQNPATHQTmAlQD8xEH4GZAAAA0DQwE90EZgLUAzPRR2AmAAAANA3MRDeBmQD1wEz0EZgJAAAATQMz0U1gJkA9MBN9BGYCAABA08BMdBOYCVAPzEQfgZkAAADQNDAT3QRmAtQDM9FHpsFMms9Uka/23k5rR0p8Gvna2WsnBVtP3KTL1g6y3JR3JO69ImmPuOQjOc3SKwCmG+cAu1f3JKaxgk3xptuk5E5t9j5TVS8t2Z6QltPkYGsPxh9hXz+6RvfqtApb+A/l0ePic6W1cUln2MLg2VMJO0rdxbVxCSa2lJOUdvCCq1e4orgD58UzFP4/ZZe5Nf4IXRh0xCXmVvXTXbJ3iBceGGrJ/++DXa3kukyXB9wvO8hbmlRiJqu359EfB1XppriEI63Wjtab59leAXp7pwH3j8eUM+KPxINb0jbtKyXLF09mH7zQyzbotJ6XNiDcPnk47kCNWAP7MTtjgJnoJjAToB6YiT4ybWYicDDe075hrQ0GMZMbJw6LL6xVFQ1nYCYg6GgoymbucSG3yukp3pRArWB7fC5pTbKWtGQmAbmNRzr6CGZiqUxKyDUXZbmLa3Oamjcdve5ym4m4cXqtuMT9f7pdOH/C4IXcTYm5LuftPRUBbf1TFXGxv1DQkxdf1h41sdMTflY0J5y47bWTezPdQH48it8XZ+3BC6LlEkxuHyaXLH3jCJuSztRmirYJM0E0GpgJUA/MRB8JWjNx3S6tEP46S9tSzTATEHR85O43ILdrE1eeJLTjiZn0Vp/alJDtCrCZjHh0pZmQzTZlXid+wv63Yu347fHU/8dvJuR/x4I9aeaSLJkT+BvRMarS0+Iy6twv7dsTWBcK+1nh1SgX0K+ZeP8ALNo7opk4korMrtpC8VsDM0G0GZgJUA/MRB8JXjMhjaQ9lcRPtr5XBDMBQUfTmYyr4p+xR3SD7cwNLFUp1b3BYCab4tPiWMj/VhShHe+8vj2neSJmQuh11xA4atmpFtSznhlhNNeF3DJ3Pw3MxL3oeRPMRVnsTaP+6YKZIFoNzASoB2aijwSzmSTFZ9VmmraevAszAcEGac17/rcZaTyVaCakrb8lN6BmMuLRFWbiSCq4yyaNpCSwAV1iO35TwpEJmgm3TaCQOQZ7ad7qHr6F0VzuRclMzAV7TOz7uz2xsNYJM0G0GpgJUA/MRB8JHjORzYCnRRdy4/ZU0nH6MBMQVFiq9pQ0s9t1SCgQ5qB30Tnoqe4Z8JIbNJ2JSxDNJEBTtJVHrz1qyrna2jk4UJuXndPk6CzJ6pS2ri0UxMLdju+tiUvQhJnQvoJNnnkmVA7jtmTT9/M+UxQdzYAX8JiJyz0DfnBAnAEvIpoJ+XazKUMu1nmyt4p8+8qE+7Ozi45/0z0wE93ED2ZyseZ2J/fXGjBzgJnoI9NgJgCAAECfVbWjUF4KwAwAZqKbTNZMOqtz6bhG/CickcBM9BGYCQA6wdlF5KTI/ahiAGYOMBPdZFJmUnv0sDidjiQhiz7dLz6NHykO9A3MRB+BmQAAANA0MBPdRK2Z9N7MTnY7iXdUmknzGbIvfeAdx1ZuhOWEiPMeEQsCBMxEH4GZAAAA0DQwE91EpZmY3pULyeTNZFOi9ChDEX5O3oSAmUwNMBN9BGYCAABA08BMdBM1ZrI1weMhW4/W0aKuGo+cJBVdU/FUjOYzBytqUhI8T+kZPHuqoPbMFJsJ94xwMDYwE30EZgIAAEDTwEx0kwmbiayHRCpP8S6vEj9idtw0CxJytdBUK0zds1Qmkcov5DIzYTNYKq5eN+1My2Fz+y7kZucdMeWdrxIeFXhwS9rBvPMVRaXXhMri4k0JqaU3btbRD5Y6UCOU3U3Kqqy4ercsK8vztMF3TXSvc5Vxwofguuy95CroI/YGySHMcVuyL169npPBnvsORgBmoo/ATAAAAGgamIluMmEz2Z6QFsf1mVxzPy/Y8+Gywlqv+SLjgZmJ6y57Sjp9GndioWQmSQlp29nDzJ3XRdO4kBu3RfoYKQd7VLwEOQHWbXMt63BcfDa/iipHEh0zRs3E3bWyx61Y3Ecr1KocljaTgJnoIzATAAAAmgZmoptM2ExcYpt+1Khs0Itm4qJdJXTu++Hs21Q/WKH3IQQhuZDr+Rgma5XsoJ7RXERgxGX7wb1HErYINdBPwxWuwv1ZUWSZLfAf+paTaopLPNJE+0/AyMBM9BGYCQAAAE0DM9FNJmsmOWdqKs7RJLnnxE/STAr2pJldjrgdpXSUlsdMTokfZSp9tusEzaTigGnPyfO1d8juXeM0E0JFXm5cgokvATwwE30EZgIAAEDTwEx0k0mZiaz8ox1+MBNXf83WnYcLLMIyN5prk9siRHgzcQ3EJXjNBlGaiedsLVU+zOSj9+QX5ao+xR0IeAEz0UdgJgAAADQNzEQ3mYyZyOZvuJpyJvFJi5KZCFNWxCW3mbhcjs5rlZvoFBdTTm0HW+UlDF032dpaYea90kyG7lSJnTzXfPWZuHpvkm02ZdW5XB1bhaFf2zPOi6uAApiJPgIzAQAAoGlgJrrJZMxk5Kg0E6BBYCb6CMwEAACApoGZ6CZqzGToTpUpI3e0mN1P6wK6B2aij8BMAAAAaBqYiW6ixkwAYMBM9BF/mYmyZgRBEAQZM/JfJxMHZqKbwEyAemAm+gjMBEEQBJnGyH+dTByYiW4CMwHqgZnoIzATBEEQZBoj/3UycWAmugnMBKgHZqKP+MtMAAAAgGkBZqKbwEyAemAm+gjMBAAAgKaBmegmMBOgHpiJPgIzAQAAoGlgJroJzASoB2aij8BMAAAAaBqYiW4CMwHqgZnoIzATAAAAmgZmopvATIB6YCb6CMwEAACApoGZ6CYwE6AemIk+AjMBAACgaWAmugnMBKgHZqKPwEwAAABoGpiJbgIzAeqBmegjMBMAAACaBmaim8BMgHpgJvoIzAQAAICmgZnoJjAToB6YiT6ibzMxuol+M7W4ySZfraB4Pdk2KrXR5SqJJUtCWSNZKJZt5w3dlBEalnisXr56RNz1Rwn7kYXUReTfWPlmvrG1RIWHkt1W7cquvT/21fmFNWFG46JUtpz3djQ5eszW4haH8NrWEkZO59cLSQm3BwAABBaYiW4CMwHqgZnoIzPETCgh0fLVSlqKE021PS61ZiJAdx8TR8vGrekuzkx6LqUnn26Rb+YDR2Mq9QKRVTlTYyY99GDMTBz0nWGEvpxNCvjzscj2AwCAgAEz0U1gJkA9MBN9ZNrNxOl0NjZ3XL99//L1e7Uk9feu3mi+fqulua3D4XAMu5HvNj5IE5l2gHACYKnLjhT6GUIjo1lbnixHvl+f/upCY3S6rz4TW0tMVGRoCO0YqfZud9NN14vyIh7R1lK8b6Ns45ioMLI2+tXk7Poe330m1aY17AxX7aLVspdhUauSKzzq0riP7squzo1t4wu0kGyZep4eldbp7t/wbOywREeynhbhnMlL8oaEhKZfGlupYkKMUY+wOm3ZrxLZoye8SrwEG/la7HC5+rNpifCGrBIumRFbIq8NAAD8AsxEN4GZAPXATPSRaTeTlW9lPfzEzp9G7Qp54t0vzX3t//naon/4yqMP/U/MT373SuzmlIGBgcHBQbvdzixFvvNYSM1i0vJeuJ7+Xd/VX13bQpUkNpw04ROlbUIXrdp4tN6Xmbhc6efqe2yu+j20a8B9BArfZxIavoIVNuak8hsLNa8iC9m7jtQ6fI3msuXQhn11k6XalHykVnxZb7EkCj0SHhXpL6eXIAmGQKqpmnyNDqHllpHMhNUW9nKqxVIvVR69p95lq6dHkSoaicZ90cZXs911Fks+VvwmPVyxq9jofluEktgjLxiNC5PJy/r3I9m1AwBAIICZ6CYwE6AemIk+Mu1mcuDDwid/9vTzf3hx8e+fC3ngew9/4TsP//PXfvm1/4z44bw9e03d3d09PT3ET4aGhiZlJsbQha+KbXSGoArUBNhqrnBUMxFpTJW2Z3iN5vp1FL9K2rj6Hdp7UNzoHnM1upkIzfoYqQLhpdCsP7eRVBGdxo34ailmx0ws8+rEEaoyNo5kJswi0u+LW4pSIcwSIQtHfIzBakglwlPcI9XJmQl907zNRHhv6ZasK4lerPfbAgAA/gNmopvATIB6YCb6yLSbyWB3V+W6l4vW/Tnv7fWJP5m98ouf+fO3v7TmRz/Y8quHr1250tTU1NLS0tnZSeTE4WDzrCcAa44TkgUDKHe5qB+EhkW/unHFQtp6ZttI7WYfZpIudFmEPhGz8Y2R+ky40VxEHkbcuHgXG/cUFltmG91MGulCFO1qYHheNqbSjd0Hkmg5JlS7obwxTZiP/ubGaGEI1YhmIkkLg72MfCSS5UiTe4UgVBTuunhiSxrpWxpNp8q466RvlKBN7ks4n0hKNr4aFUqueUO5u2oAAPAzMBPdBGYC1AMz0Uem10ycDkdLdvrlAx9cSk+r2PVe1rKFSQ9/L+GH//Zu2E+Ov7jw+AtPXb506caNG21tbT09PUNDQ/L9x4K0jLdfsljqq1l72iKUpAvNZ2HI0wTMJEpoXttcrrz1tOHvPgKFbvpatsViqc1PJouJ50Xf4DeuNSX2kNe2crqCNPdHNROXxRRjFEZz1R5LjHmv3CZsKY3mSnaPuCKnGrowpry2Je8dumLhrnpaQxipwcbmdjSKXSJh5MTq82kl5LpY5cJorhZaORvc9Rod59ZSm+e+oBGwuNlOzjhqO7kWtm+LhQ4DMwqXQL5Gv1+d/Ro9/qocG91gaSrbS14dAAD4D5iJbgIzAeqBmegj02smDput6YPN9wpP3i7Iubh757HHf7r/x1/a/h+f2vub/8x55mcfPhl2rrLy6tWr9+7d6+7uttvt8v3HgjWaRYRnc0mvopdGT8hMEoVJHZTwkfpMOHpG2pgNeRLw3WdC3hTRoyi0y0J4HJYb6aBcheQoscU94oAxI7002h9E5+GXeU4tjHUfOaoTI91FQuXFgjsxpMp9wPXDeJ7NZYymJayniNHocLE+ExHZIDcAAPAfMBPdBGYC1AMz0Uem10yGnc6bu99qOLqv8ejej+PjUn760J7/+Meths/t+dl3Ch/7ccJvflFWVlZdXX3r1i2r1WqzTc2DcYF/ID6SJ37KCu3G8X6MGAAA+A2YiW4CMwHqgZnoI9NrJk7n8Npd+XsOV+7LPLdxV+5bG/e/F/ni6l88uWz+Cz82PvmL3y0+ffp0RUVFfX29xWKBmWgL2hfzazp9hX78ojFMvhoAH1hPhESvbTCbG84eMsxewMpCZhtCojebSWErfbmAvFy+rak23xCymt91gWFefm4+C319fnPIH7eV3jBv+2NIyi3PZg17FxgM4o5kybNComh1yh152VSSl58nxRiyItvi2hhpTDRV159LN4bEHGHPseipNYaGjqD9jhZS7nlUd2N65BvpFku98BQNunV0iLG2iY70DGOdpY2pIz/XuyR2hMqDD5iJbgIzAeqBmegj024mK9/J3v3h2Q8yzjW3Wjqef+3WrB+dfyam8vmVP/7pkz//3eLCwtNnzpy5fv06zERzWM6n0090oU9SjixuwvcOqCRurqANrZkLdjdwt5HN8NttdcJDMbb91ssrIgyiyTAyow3d4mK3ITpTKl9gCHYz4agPi6cPBO9pEi1hhdEYtY8ur4k0Vp8YQR6Sl4YeKfHIRvU7YfRh5WQhPsz4yHayYHyEPjOdldDJazATJDgCMwHqgZnoI9NuJm/uKjx++tJHeRfzPr7avOT1G9/5RfFDPzH9/NH/Nj71+8f+WFhYyMzEbDbDTACYgaycTbUhZYG3PNxJWV3kXiYKcc+zxjB7reeFy7Wasw7JQOq2zmtwuLRiJkdeoE/v4FnDP0B8NHngZMNybAV78kfyIqPxNfqsC2OI+GhyUkJ/sMJMkOAIzASoB2aij0y7mbz8zsm049Ufnjj/5rZT3/j1X3708NIHvjnP8OMnfmR88pGolcRMysrKiJm0t7cPDk7beQIApgNb9418w+83uwTBuLh3ZcRcg2FuRLfD5ardtuuWe6vzcbxCGGaTjSibc+ljsLf9xmMdBmYgtdvmCf0qWjGThYrBkJ7RXK7R5YGXDUejMTTaZqk2RtKnZRBSo42JJS2sRL4xz2iVBxkwE90EZgLUAzPRR6bfTBJP7sk498Hhcxknq5ev2bP45Xcio1Y9vvSvP3z4ifDHX2Jmcu3aNZgJADMLW7fZ3FCZe8gwO8QlyIN7UBYxiiU+zESibuu8TDP51xZlnEOcJOpv+fMM88hrw4JdDcLQJm2Yyf30mAyvLpNV4fQBgB5GkwdeNnpqjZExxfvWGCNXpNfTPpLkpaGJ+dWsRL4xz2iVBxkwE90EZgLUAzPRR6bfTDZn7/rw3J4PzyalFf9+2Tu/i/rrrx95afGL6//w2Ir5T/+poKAAZgLATKZp74JS766PCCoYFxfsFT8ZlBjIRWkdz/k4j71QbIbozNLXWYeKxOrS4DaTVSFej/OODTdaZB85O5o8cLIRKz0TvD97FV0uXnXCPTi2P5tuBjNBgiMwE6AemIk+Mu1mEru74IPDlR8e+/ivicc+H/Lnz37vqc889Ntv/feTP/nFosgnX87Pz//4449hJgDMWE6sMBDxqHtvHpvv7qLjtWhfx2gz4CXyV8+t5Brx3UWr15bazLXiY7tIDIao/Nw6s8JMKkvr6D8yM7HWlZ4VXWgqkSaEUCzFkRuKPS8Zo8kDbyaS3lxKjKRjw8pjTO5+mEuJiecVZmJrEf1HVrlF6HAJPmAmugnMBKgHZqKPTLuZvPrO8e4PP+z96Iit7mJG3ry39n7j7774swe/90j0C29GPvFyXl5eaWlpXV3dxM2kdLXsb6Ovl8o3CQDdpdsMwrgRs+zvmuSEpD/Wzg3JvCGNTBkV89Hlhjm0BcZP4QVgRFLfFD7n8tcLWxQ3niZprZwnDMEyzJmbWSf+z5KyImLubMMcY5TYOG7Nj3tqLtki/w4rKJ37t0o6dus3wjyTOXPF8nuH6MvZcw+dl/9Px4/mckO7UNj4MWImnuIFKaXrQgxzlvO7TwGWjJhk+uQsEc9Hl1Lcn17KyYPHQFwy2eiJjqRP747ZmtcivCu1pjWsFlLCNuZqjm1Mi6a64hI/c1ZkUWr5hrBsaX5LMAEz0U38ZCbtNXHxaTTvTcUvfhAkwEz0kWk2k+HhreduV3xw4MIHBxo3x7+WODvy+a/+/ay5X5vz+7D5C38VGZ2bm1tSUqLKTET81qyv3TaeoR2srZO/mjZlZKuImUh/cV3NHoQ6Pvx2CUC3eOYdeBqsMwxzxhK5ecw8jK9my4tmBjAT3cQfZtJbe3CLoCXxaa12+UqgY2Am+si0m8ne3OqMXSn5u1P3bYrbdfi/l77xhW//dM7X/+t3r6x95FcRS4iZFBcX+9FMlvye/pF17lPi30oNj6eceH3B3NmGBX/LdznMZGHuU3H5wue4dd/InCv80Tbqb/Tz2sgqhvAHmG46p3b23Iil9KlBPAbDSpcw/oT/5AQGbyYpC9hy95I/0IPMcbcmNy+lfxUmJ3jiDh1ezzwHZgLGT5Q0owCAGQPMRDfxg5kcTBC1RL5iQjSf2Z7XLL1qyjsSF3+EW+0XmnOS0grO1VScq9yUkFbVK1+tAnLVBy/IC2cOMBN9ZJrNxOnc/H7W+0lZO94/8tIr74Q/a/i7/+9rf/fJh778jYe//8Pfhfzq8dOn6SctTuYz4PlmPftgBIFuw2+3uaSniLpcZlOUOKH2bNxcQ4R7M4poFNyg83lSnY4GwyvC50y7aUpdELU0Imov/5FwIh4z6TMb5nj/YdtRSo9+J4XvloGZgIljMb7g99+eAAQ7MBPdxA9msp2N44pPG6Kv7FsT0kyX5duMzVSZifsPlrfjkiqFv4pOCslMivZOTsy0CcxEH5leMxl2Oq6v/ePdoxl3jmVXbt+943sPvfa5f1r2T59+dc4PX//5z9f++udnz527ePHinTt3urq67HY13bJ8s14aVu5yz3n1lEjicSeFrbLdKZ33S/GDEWRmwo/UMvAfOE1EZXZE6dsRyzMahJelSzLoU0sZxEwumglNdaUn5rCB7C7b6qfmhQgHYV608re0ByWllC7DTMCEaDmxKkzxwRcAzARgJrqJH8wke4doJnHvZpt2psUlnKrol28zNqObSVVWFq08wVThHitGpcJp3pSQtim5iPzmN1cXkg22Z9S493Yk7TDx27vhzaRZNBNn155kE9k96URdp1NYY2/d5O4FEjuCnGZ2DtwhREQzuV3JNnZfgvwE4hJyr+Vlkw027aADQFOEtVsPnGFrC9LFC8w4O3lXmlJgJvrI9JvJmpimtJQ7aWkX4zenfe0zW//5H//yj/+wzvDddQ//z7pfhly+fLmurq65ubm7u3toSPgDyARRbSYhBkPlDbPZaiOGME4zMR9dLjyltJuaxu4GW+7KQ9z/1vxorsq/zc3vIyUha02VDWZiL03uR6DazLWZxE4qu2EmYGIQLYk9LfuscABmBDAT3WSyZnJwS9qeM80Xjx6WmvJm1r6fKM1npBrcoWZiLsr6iH0ektAvUStUTtYmFQl/hqwvittZdEMoLNuXdoP8Y6lKShC7L0yJad6tLbeZ2Hv3vJtW5P3Tu2BPGnEVspDgHpY2WJGdIzyAgpxJdpNwDrWFKWcHpF2EVWKfyUFuMBt/AnEHqMzESWt7zxNzE5Yc17IOl/XTC9fueDCYiT4yzWYy7Ly6+S+1rz1f+9eVmT/5zq5P/d3GT/zdK//nf7/4f//+z9/+6vZli1taWlpbW61Wa39/v9Op5ucL36zn5p1Lo7lGM5Mmw4oTbE3cXLHPRPpsBM8zRh11/Giui2/PLe0Tl83HVhr+e620yqUwkxN9XD1n46QPZxBoMqwrhZmA8RMWEikv0jiDg4Nms7l90pBK1E1RCwbwJowTmIluMjkz6WKP5DLtKbp9UOh5yDin9q/+zWcS0isr6CQQmoL0w8xMiI14fldfyM24Sv8lq5gzuJw1CSdus5U3Thyucrk6S7Li4rNYSVV6mvdHL1EzYdqzKanQa42wcVwS7cTwjCK7kCsMS+uI21vVKRbVxmUIzzh3M6KZ8CcQl5DLNnOvbI5LZc/hE8ynmVzC9bgddBstAjPRR6bXTAj3a8+feX5+UeSPjz787Z2f//sNn/g/L/2///vFT//D6z8y1JSVdnR0dHZ29vb2qptk4vJu1ncXrY74W6b5RuWhdRGri7pdvsyErAppMpsbzh4KCZlLfxCZM0NeyWww0w6Ohr0Llr9X2lSbv215SMotsQLKrRTD71fn5+ZvW0Fn1UfMNrj/tEJxj+ZqqMw9wea3bPut4VAtPUjEnBBhnsmhQ6V15HX+e8vXltK+GpgJGA89JbELNxzJy89jUfm/SpAhb1xPDvIzRH6AoIecs/wyJof8ADoCZqKbTMJMRC0RGvrptGdgUowymisjkZu/0XwmqaTDRRv6uVViUa20F9mFFNYeJYJ0qtPaweI98oMfzSVSccC05+R5smVZmmgmZJuyO12DTnvKFtblcj3uAN1ATK/XCLFRzMRzAp1W+qOQmzPTHJdeKy5eyKVmQnEUZGUlJKRl1Grs5ybMRB+ZdjMh2G22vu6uG5cvfnzqRMmJ49cunm9rujPQ32cTsNvt6npLAAAapbOzU96snjTyYwQ98guYNORdlR9DL8BMdBOVZiI9JphEnJ4xSUYxE3NJVsZV5WiuUc2EjeYapYE/gplIvRlkL2YmTQVHbnvPT4mLNx28MHKVkpl89J7XaC7Z1mOZiQi5Lq/XQQ/MRB8JBjMBAAAeeZv6Sp7367aUlHT+9fm8zLTUlP2mbGHlrQ8PpBA+zKnit5EfI+jhT57CvQmZh/aTC0zPKuJW0zeBFJZdb5NKruSl513httDgmzBOYCa6iSozob0lh5MyTvmnt4Qxipm4nM1xCYcv3rxde66SGAJb68tMXI6mgqy4nbkV52oyUsVRVW5GMJODiWnZNXcvFhVu3WGS+kxkrpWTTAWs7FxNWV6RyXtOiGQmFQfSTGduX7xJu3T4E9iUQT3El5k0V35UVNN553pFUeEm76FiwQ/MRB+BmQAAgg2v1nTjedoMT9lfclksaKvNS0/1MpOUA0dLrjTVFHxY1dZed/rD8st3mtvbjh5I4beRHyPo4U+emJfnTagvyvr4ZnN7e1Hm/iZuG/ImtLU17T+QXeV2k/RDMBNEY1FjJp7ZGgfEKRN6YmuiSZzucuZMXILMbYAXMBN9BGYCAAg2+MZ0XnqKd59JU9qpmiy+z+RmUeE1cTHl2Fmp+Epe+k3phQYb5dy5Xzla1uZ5E6pE97hTkum5QPebUHMqjb0JZ4/tb2svh5kg2ooaMyFk7M1KyvJTb0lQcb9yT4Xn6Vub4g9z64AcmIk+AjMBAAQbXq3p9uYP01LSDp9kL44eoE7iZSaXcsrdiynpksO0pZi8xoDJjxH08Cdf9/FJ/k0oPEw7UE5Wc10m7jeB+Bh9ExrLCqmTwEwQjUWlmeiX5rgt2a3C5PWyk9mbpJFXYCRgJvoIzAQAEGx4tabbaXO75OSHQk9B/dGyO+0yM7mS5zETU6Hwb1t96dHyRmkLivwYQY/X2bdzb0JjefrxsrrGm+mpKfycEo+ZmAqLDu8XXsFMEI0FZgLUAzPRR2AmAIBgg29Ml5fUtF3Jq79YmFXR1N7WdFPgaEr6zVtN7nb55aMfs96DKx8W0fFN+w9kFtV6Gu0M+TGCHu7cL9eRi3W/CeVZ0vyZ8mzPJH/xTSBiQt6EW+xtullysvomeaOkjeTH0AswE90EZgLUAzPRR2AmAIBgQ2pJi8ifzSX1mdxMyaDPp3I/myurXWiaS2RVeHaRHyPo8Zw6w/Mm3GEPH2ODu4oyUthsE/ZsrhIvJUOfCaKxwEyAemAm+gjMBAAQbHi1pttHMBMVyI8R9MgvYEa+CeMEZqKbwEyAemAm+oi+zSTEMKfBbM5cF7G2VPhc7DspIcu3sc9uL+12uVrr8nPzWcg2mWZhl9mGkOjN9KPaW+lLW+naqHdKzffqDIYQVueC2Yb82iaxBpfLfHR5xN8yG84eivvDHFZiMES5q61ku2x7Zo5hzhzxM+atJ5bPNqQcqyS7GGYvoCXcaRhmLyenIW1A6mR7kf3r7tEPpDeEuD+0HgD9gk9adCnNZNLgkxaR4A/MBKgHZqKP6NpMzIblmeLCihNETfJfMdSxz2511M39m6gNjG2/NdB/WjMX7G4QJIZhzow2CLrhOvSMQSi3GX67jf7rriFurrCjUBLy9kUXNRNveWg9Yfh9XOWJtaKZkCr6xCN49hUR65Q2cDkq59I6L87bKn7ekXieAOiawcFBebN60siPEfTIL2DSkHdVfgy9ADPRTWAmQD0wE31E12biMoTE0X+68+e9R1v2CwyeZr3BIPRXiJgN0dRhUhbI2/0X40MqBU1YzSziTsrqInEVqSHlHqkzQtqY1Wl4PEUq8VC0WjITiZWzvQ5HLEjotuHoPrFgbxM56K5b7hJSzz1uAwB0CmlGm81meeN64pBKtNsix5swTmAmugnMBKgHZqKP6NtMXNZKg8Ew54+s58TLRjhLsdG+FHdhxLpMOm4qd23IulK2eu3vSR0GM+ts4QSDbEwspXRdyNqjdeYblYfWRbD6S3PzzeamutJD0gAw2Y4ueiaEkKY+T4mnN0aAbbAgnp25zTA7ook0Lm5UhoSEKA0HAABmMjAT3QRmAtQDM9FH9G0mq39pOFRaOW+OodRKX87j+jfmSpbSeijKbSlENtjYLRd1gyXC2hNz/rA6M37JnD9spi9rt0ndF6QGKgmO7oi5BsPciJV7LxoMK917U06sMNDRXQxvMyGWUZl7yDCbU5fWQ0syPF0mbIPN0SFri+gZlb63hKrK3AjziZUnvHwGAABmOjAT3QRmAtQDM9FH9Gwmd1K2uT8udZ5gEfy8DsNcYaCXMKSKjfUibPuNZ4MIwzxSwwLylVG7TVCLi3R4lQCpwSMelDphTogHc8aSfNbT4pKbCaNp7wKxX0YxsktCNmsF80wAAEAGzEQ3gZkA9cBM9BE9m4nLbJhDB0FVmtaGvC48N6s1U3o2V6bw6C06xZyfCt9davj92szapvz3li9IbWIz4OOO1pnNDRGzxe6UJe5nc4k1tDaYzeZtfwxxj90qXbv3hDiaiz16iyGZSVHcvKVrK2+YG86e8Az38j4NaQNS7coTtCNFeDCX5yUAAAAJmIluAjMB6oGZ6CO6NhNXfjwdBDX3l1Hd7r6LuKfmGgxz5j4ldpiYM5ZsE/tLRFJWRMydbZhjjBIfj+UwRxjnkEpWm9z9Ia355LVUg6s8jqyNWLo5/w7bwxzxy7nCyKuQi8IQMhHJTForU16PohvMmZtZJ44dk52GtAGplpXQM+BeAgAAkICZ6CYwE6AemIk+om8zAQAAoHtgJroJzASoB2aij8BMAAAAaBqYiW4CMwHqgZnoIzATAAAAmgZmopvATIB6YCb6CMwEAACApoGZ6CYwE6AemIk+AjMBAACgaWAmugnMBKgHZqKPwEwA+P/bO/+fKLJ87/9vlZiQbEIyCckkJJuQmJBMQvxhJ5uMucljbjJmKiP99G2ZiFeGy7PTjdR2K6K9t1XoAQEviMM3GVsdGWZAWUABxWuPguLWc05VdXV1gXypbpE6vl55hz71qVNV7TrS/dpzThUAhBrMRJlgJhAczESNYCYAABBqMBNlgplAcDATNYKZAABAqMFMlAlmAsHBTNQIZgIAAKEGM1EmmAkEBzNRI5Uyk1cAAAD7x/9xsn8wE2WCmUBwMBM1UikzAQAA+ChgJsoEM4HgYCZqBDMBAIBQg5koE8wEgoOZqBHMBAAAQg1mokwwEwgOZqJGMBMAAAg1mIkywUwgOJiJGsFMAAAg1GAmygQzgeBgJmoEMwEAgFCDmSgTzASCg5moEcwEAABCDWaiTDATCA5mokYwEwAACDWYiTLZp5nMT0TPXNxTWvv9x4JyYCZqBDMBAIBQg5kok/2ZyVjS0COGfqZv7fmz9yUesfpEDP/BO7MwbB+lR1Odo0v+vR+AtqjRmJ7xV2E/YCZqBDMBAIBQg5kok/2byemulXfFSudZx0N+yRdK71bGOtMBzKQ5u2A3x5KpzGzp3sqhJ3P+kgLkH0bTD/3FDw9mokYwEwAACDWYiTLZt5l0THoLK8JAUp3Xm2NGY+k3/nLMxPytv7n3Aw2bPFPTTCxF9Jc+PJiJGsFMAAAg1GAmyqQsM1nq7RIGsmQudLf4p2+VYyYr/enO+7IhTttx2ugdnVqz6o0R2R66ltFbhuetcRs9kmlODg+NTqXOGUPTw539cq/oZn/JEseKysjoVNt3Rvf8pvkmv/Z8Qj8/sfb8mdwbMewrzme7moxh0a23s8v2K1HRo6mmpCy6fxBx2pHRhyP9N/tX7cKhQ8jJAY+cYCZqBDMBAIBQg5kok7LMxLzbo8cy6+br+bvDeuSiZ0cQM3HWmQhh6Jyya8JMirO67vd1TG66df1vY2bJVRb0xITdWh/JdEvjeOgdHtEjaes15xZdM9EjXW63jqg8oTSTQlG05ZUsM5lfd97AYWVzbeR6//wbf/mDgZmoEcwEAABCDWaiTMozk3cPC6vhH+gtw54dQcwkmrw9Mjr161M5oGEjDMRtrw2mLd+QyOUusT6zRCoWih4y2SN7Ph8rTg+TPVPW67Zm0uN2E1dcc8zEKbpmsjLeJ/5QQzPFt3fYWBvvaTyd8Vc/JJiJGsFMAAAg1GAmymTfZiLHNHqL3/jNFzPN59IdV53xCtP5Wu+f3LU73nUmBbxm8p4xk/ebSbljJn4zsXn7aLjx8oHOmNojQku6p927EBwQmIkawUwAACDUYCbKJIiZ6OdKhkd8pKIB7xq8i5m8e2jbiGlNrGrpXzF3MZNNPWrbiHVs222rNasbzlQx10xaLBuxsYdWdjCTkgsdIjYPeLTEBjNRI5gJAACEGsxEmezPTPKTPe5qkF0StWdP7ZldzcQ03y5NNUZLblu8o5mY5pulpph8M03nbxa6md3nL9rW5JqJ+Frf0ZoSxcbv0vagw7Zm4vQ59xEEYHfyj/2VAwEzUSOYCQAAhBrMRJnsz0wAvGAmagQzAQCAUIOZKBPMBIKDmagRzAQAAEINZqJMMBMIDmaiRjATAAAINZiJMsFMIDiYiRrBTAAAINRgJsoEM4HgYCZqBDMBAIBQg5koE8wEgoOZqBHMBAAAQg1mokwwEwgOZqJGMBMAAAg1mIkywUwgOJiJGsFMAAAg1GAmygQzgeBgJmoEMwEAgFCDmSgTzASCg5moEcwEAABCDWaiTDATCA5mokYwEwAACDWYiTLBTCA4mIkawUwAACDUYCbKBDOB4GAmagQzAQCAUIOZKBPMBIKDmagRzAQAAEINZqJMMBMIDmaiRjATAADYlfX19ZWVleVKIM4jzua/QBlgJsoEM4HgYCZqBDMBAIBd8etF2eTzef81goKZKBPMBIKDmagRzAQAYCvNEcNfqggLwx/qzB+StbU1v1hUAv9lgoKZKBPMBIKDmagRzAQAPkFG0mk9YjSeSbddnfDvs3ifP3S3GOLAYlqG/T12ZouZaCXUicr0P2KiVf3FieTPL91uL39u1b4eKB5WIPd9/cnB4mb22/rqKk2rql7csLY3V8d/OC7OVvtVwukxeDIxV+zvUqdp3vP4qNQ8Lh/+ywQFM1EmmAkEBzNRI5gJAHxy3O3pnN70F0t5n5nYSD9J5vxVD3qkx1+y2WImLq21WnVkXDQKUpGLfa5ZrZdVWvWXnQNbzaT1i6quwUTRKCZisZ+dZrVWI342aNqX/7D05mny+FXrvIHMxK8Uy8vZe05jeihz4Xw8njB+f1LS4ZIRj7cnM0PTbiUtuqVvebpgJsQfzASCg5moEcwEAD45Zm82X3vsLXhtwR4GEZWmztu5R8/uXMs09y4Uu1qUmMmrB/rZnt77j38d7reO3Vx/8UyPXF97/kzsXBm83tI5vPZ8qSlqXeK9ZrKqHetaLanMtdbZZuJsbjUTyZzHTFYzDalFu6kdOS5+xj5zbOfljROt09aOss2kPZ7MTs1n7z2ZuvtIbLqyEb/Y7/aZum7MW4172aTdeHTz0q1sEjMhOwczgeBgJmoEMwGAT4/XesTonir6xrZmUligvalH/QMgXjOZvXZxqNDVPc/WMZOxpDFvvt9MpltPjZZWJmLVWrVnew9mIueGVdU3DYz/8OXJQTlU8nLwZLWmTa9u1B6pcnqUbSZCTO55xkziF/qsYZEn7Zkxt0//xbjTunPtJ+s1mbh0DzMhuwUzgeBgJmoEMwGAT5O3q7PRqLNQZFszcStbXcJrJh2evY5+eMzk7VKuOynXtIjsYCYNmnd4RHzXzmn1ibmSGWd7MZOXVUdqGpqyJ45WfZmSQySLV0/UHKkaGM1UaVWr9tnKNpMnv0/0pZPx8xec6VtzP8lpWolL3j7dRsFM7mWFw9gjJ5gJ2TWYCQQHM1EjmAkAfMLkbK/w2MLrrWbSGEm5bRuvmYi2t27/Pi2YyTO97faK1brT+X4zeZWt/d6ea2WxMa3VtxY3HXY3k4GvNXuJiiDzlVQd7fNm97zaUWsRfNlmYiN8Q3jG8vLMhRvOSpJ2uengHTMRLhL3kB5xe2EmxB/MBIKDmagRzAQAPl1+62/ymUl+wjUT2yjkbK5Yn9Ms4DWT+WyXO5vLPpspzeS69bqgJybs37Cp2HvNZPr72q6nxc3Weq10tMRmdzO59Y3mrlSxV89r1afGnVO91I51yVefmWws2mMpPjNZHL017Vn1UpSJ5eVbd2ceLSx337kbT2aXl++5ppGMX3D73O0urjOZEfpiMXE9Gb88KI51KV6gPDATZYKZQHAwEzWCmQDAp8b6/ZuNUTm9qiP7YOWdVcrPyMrpdGp8pWAm18fS6aaYLL4tPdzccm+ukc60PDx20Tmbaf6SzYjzL5nmmL1LnORuz/vMRNNqixtzCe9dhD22UDQTTQiHuyildJ3JiS9qqo7IuwZn563hk8WB2DEhHVrNFyecHoMni2c/mpgz6mPWbZNlpwLiMvVHtJomuXTepigTBdx1JkPXLhjt8XiifWJObM30d8ZnrLp9b670YKEfs7nIHoKZQHAwEzWCmQAAhIrV41eLzzk5GHieCTmYYCYQHMxEjWAmAACwMzwDnhxMMBMIDmaiRjATAADYFb9VlE0+X1idUzaYiTLBTCA4mIkawUwAAGBX1tfXKzWnS5xHnM1/gTLATJQJZgLBwUzUCGYCAAChBjNRJhUzk/+XuD73+Im/CkqDmagRzAQAAEINZqJMKmYmesQ4//defxWUBjNRI5gJAACEGsxEmVTMTBgz+QTBTNQIZgIAAKEGM1Em5ZrJzG8LekQ+q2hw6Gf/vn3gnMRNx6S/BxxCMBM1gpkAAECowUyUSblm8m006erE3OMnay+C3QDu9cjolEhv8uIVq/Hrqr8HHEIwEzWCmQAAQKjBTJRJWWZiC8l//XDt8fzTs9+n7U1/p/0wn+0a89fg8IKZqBHMBAAAQg1mokyCmMmbN283N9+ZBTPxzuMSdbG32HWf+MykMWIMTT3MJFIdk85QTNOZdO7Rs85Wcd0uuT3Zc+Vaujk5PDJ6W49ebz6THhmdGrqW0c9PiZ2dp43e0anc/YdXElZnqDSYiRrBTAAAINRgJspk32YyPfNPYSONsdSFrkGzVE5e/O8foi424x1Z/2F7o8RM3j1sNKRgmOaKfvbmrFsXrN5usQdnJnsaLz20a21CYxx/2dQjGfHSXN4ADuwKZqJGMBMAAAg1mIky2Z+ZLK+sCfE41/bfzS1y7lZTsxyL0K37BW9svBUNURd7RSPadNF/8B7wmsnaoDM9zEpX94Isjly93hh1inJ7sseuC7pbih7ijKgsT8meZ9Irb9w9UEkwEzWCmQAAwK7wDHhyANmfmWT7xm0leJl/1f3jqN22zeTGwB3REHVRGZuYdsxhn/jM5Movz9ae23mx/s40V6f07zKzYvPFRHwvZiL+FS087E2n9SizuT4ImIkawUwAAGBX/HpRNvl8sNsmbQNmokz2ZybR7y62tMmJUqYlJ14z+fvFG14bKd9MzHcP9ZZhz07zTqcxJpe3mCvWcIps7WYmNvPdLKz/IGAmagQzAQCAnVlbW/OLRSXwXyYomIky2Z+Z3Pl5RrdWlXT/OOZOqbIruftzoiHqou3u2i++FfBvl6bk3K1oqnNkwfre9KY5Jjd/eZEfSuxuJv1JZz5Y/NoDdxdUEMxEjWAmAAB7J3cplbP+f1IbPXq9uOGhOVv4gmKxMXqqpiG2ujpde0TTjjn//2nrF1VaVVVizttRomnVufnFLz/Tqr8ekNtzyeq/tGZzi61/qR54KQt1Ws2JVDb7o0zpoQ71VdpJuRzYvPVNtVZVv7q6evLP2i05r8U0B09uvaIpz+kcsi1+pagQ/ssEBTNRJvszE7Ow5N1Ob3/JAxG9u/5+8YZ3FygJZqJGMBMAgH2Q60vlNgsbs/btQLcw6zMT8eXZefnHl5pWJ1uLGe3PsfGrWzzhVbb2P6dl40FzrVYtXrP/pk3bF9ycro6Mm9Ii6vxHedmcq/shYWtGg6Z9+Q/r0k+Tx69uyEaFzCR7z2k8msxeMuLx9uQT7+6FB0a7LKYHZb8HI9m42Pr7pezkI28v/2WCgpkok32biWDq7m8/536fnVvy7zBNURd7Z37z/WsENcFM1AhmAgCwL/Roj91wx09aOodHZpZ+He5puvbYfJNfez7RdHVm7fkz71EON05oWn1xc4snzP1QZw2USAa+1hYtZ3D32sdqR07ecks+pM8I8xmwNSP2mWbLzMsbJ1ot39l6RZu9m0l7PJmdms/eezJ1V2pG/PLQvFWPXxr0drO5lY57tsYy7d5NzIT4E8RMAGwwEzWCmQAA7IvMWcP+palHUr5dhSWyuS1jJg7akfrEb57tLZ4gbMQt2JbijLFY2JYy/mP2Vm5xejRT5ZEWG+1o65wcYHHMRLA6ckqTIyeLzvaWK9rs3UwuxePGlb7CmMm99IhTT8aTbh+Hx7fS7e3uVt/l9viFPs9uzIT4g5lAcDATNYKZAADsi/ls15Bcs7Gpn+m3K93JdPQ7+Ui3nc1k8erxk4POtC6HLZ4w/Z81bmH8P6pFu8ZjJtWetik713aterYnYq2O9jhmsnj1RM2RqgHpMFWr9pSwLVe02buZPPl9oi+djJ+/8Lucv3V3BzORXpK+ZbflbK5LfRPWMS7+ywQFM1EmmAkEBzNRI5gJAMA+WdETE/nJnoz1HOj+vxkrhR07mMnqjZMnb3g1wmKrJ0zECpXp5s/lkEis2jObqzrmtiVFFZFopQjT0D5vtudwyb1HE/Jl6xUt9m4mNtl7QkXSy8szyd4HdsWQm0XuZpNjc96C4Enp5C7MhPiDmUBwMBM1gpkAAOyXNs9tSGevXYz3zy49f5Y6646ZPNNPX197/tjt/3LwZO03XfbdtESspegWHk/QtAZ7AMS9N5dzF6+nXe69ubqeiu25498ns6PT06MZzVoibw6dFB5SKj3OmEnDEa2q7tTq6mrym1pnuGbwpHtfr+zI3K1vtIZOeagwk4YzTn3VlpzCPcTMUjO5cL49LkdA2ics8bgUb788eG9+qi99e16ISn9nfGZ5+V42OZSbsZl/stw9NPVEuMrg5fZ4cXLXMmZCtgQzgeBgJmoEMwEA2C8j54WZpJ2NdyvyIQcRIzW65D6KLdWS0qPFVSgDX5eMZhQHLYpmsqg1JG27WLwhV4bUf5tdLBjMqS+qq4SFfHHK2tqo/1xualXV2Xmrx1yy/ohvwUlhncniQOyYkA6t5osTzp5BqTEORxNzRn1sQpZlpwIDpilOWNMkl87beHXC5j335nLMJC3dxUH0TF+QMtN+Id03/rvnHJgJ8QczgeBgJmoEMwEA+PhMxJxbAx9KeNIiOZhgJhAczESNYCYAALAz6+vrfquoBP7LBAUzUSaYCQQHM1EjmAkAAOyKkJOVlRW/WwRCnEeczX+BMsBMlAlmAsHBTNQIZgIAAKEGM1EmmAkEBzNRI5gJAACEGsxEmWAmEBzMRI1gJgAAEGowE2WCmUBwMBM1gpkAAECowUyUCWYCwcFM1AhmAgAAoQYzUSaYCQQHM1EjmAkAAIQazESZYCYQHMxEjWAmAAAQajATZYKZQHAwEzWCmQAAQKjBTJQJZgLBwUzUCGYCAAChBjNRJpgJBAczUSOYCQAAhBrMRJlgJhAczESNYCYAABBqMBNlgplAcDATNYKZAABUglxzdkG8tMVSqbuv/TsrhnMV8IKZKBPMBIKDmagRzAQAYGf0iGGn6W/9/n1FCmYSNeLjFTSTzc6/ddlXb7s68UHNZHUioWla1Z+P++oDTQ21f9K0P9WubjqVjelMlabVHou5fVqP1Ypjkz+/tDcTRzV3l5eBr7U5f60CYCbKBDOB4GAmagQzAQDYGb1luNDcbIwY3l0ePogzCCF5W1L4IFcRdB3TtL9mrOaq9pXdsJiINT9wmrVatfiZ/TchJc1ye3O6OjIuXqe/r81YSpL5StMakiZmQoIGM4HgYCZqBDMBANgZj5mY5v2+jkk5drAymG67lluamSjsdZyhOWJ0TJor/en+51b5+ViLJTOdp42hmaU71zKNkZTYnM92dSdT0bb+kdHZzNmi7eixPrdtTvakcoVxCodc4+mUOM/a86WmqGH/7m5J3Oy9/3h26qZ+fsruE+8e7shO3Jl/Pd/bpUe71t9t9v6Q+uWdtXN1rPGHm2tPZ0W9e7548lxTtfbZKdl6OVD7/bRbn/uhznUJ4RWLplmnaScHnYqm1YvySa3gIXOJOquNmZBgwUwgOJiJGsFMAAB2psRMnt6WBvJqKh51dMIWD5+ZSCEZfCY21wbTeiRtSuW4bnXbzF1KzVpm0mhM5a2S0JiRV/bJZhsvPbRbptXH0ZsiOVddxN6xkl2mHumxXnN6pMuudLcYjZetE84Pd94XL69HzhvzlqL0thkFk7F4OXDyMy35YPXkn7U5jw1tXD2efOq0Y59Jr6jR6lp/cyrVWp35KnPcNZPVrgbMhJQRzASCg5moEcwEAGBnSsxkYVgYiLACd/GJvq2ZSE+QQiK8Jf7Ta8sWiv27F3xe8Vpvu+1Ki8u2ZlKczTXZ0201h9LppjMp68yOmbh9Zq9d1KNdb0Wf86ncO+vNe95Gob/FYuZEjZYcHK+t0m6tFsumtYak6ohcf5L5StvATMiHDGYCwcFM1AhmAgCwM14zGUoY8iv+ZI87LlHAbyZCM+bNlcIYyIJueAYotox4yAld8pxSZoo8H2tM5koqW8wkd9lSDoutZmKujrVFPe/zXa6jMNTjo06rcdeTCPco2VfAXmcSEzryg+MXWnVM6sgxx0M2rgpJaTAxExI0mAkEBzNRI5gJAMDOeMwk74yQWLO57LlYBfxmYt7v683Zc6gkutcQtpjJSn+6O1k6vUqyqVuLUjz4zWQsafzqbK9sYybSdjzL2a3ZXGOl79umXqs+Neq0bbvwszmn1cvV7eORat8K+NVUw84r4Fcf3LIbfjNZnd7wbgYFM1EmmAkEBzNRI5gJAMDOuNOfmpOeaV3mZkernEPVnLhpbW4xE+tAt7f5ZqkpJk/SeC69vsVM5ISuWJ87+lHk3YuWc/ZMLaPtfx5vNRMhS/Zp49mZ5i1m0nkuFU3cHBmdGhmd0KOOovQm06J/tDVzZVKuhHHYXBxoapB3Da6pt+4OvJis1+xZXZpFQ1O22HlxoErTqr+wVsxbJL6Sdw1OTDjzwISZuJwcNE9+5pxKmIlL3Q9zt76pzhQWsZQDZqJMKmAmb/P50vvZwacCZqJGMBMAgEPAY2epekXRz/QXRlTclfp7w7t65NCDmSiTcs0k02o0JTJNUSMzvd3QICgNZqJGMBMAgI/L0vNnzf65YZWhMZJqyz5ce/7s1+G+LUtW1AEzUSZlmMm7F3rE+KXwz+iXa2m91R7NhE8FzESNYCYAABBqMBNlEtRMXjzoPGe0ZWe8tbbTRufdF94KqA1mokYwEwAACDWYiTIJYiZjnRejiduzb/x1wWx/Rj/bM7bse17pHpgf1r9Lp7ITI/03G8/2+/fCjuQn+/ylAwEzUSOYCQAAhBrMRJkEMZO1/Bs90uN77KjNWNKYf5NfW9+3mXS3GPP+WumDjWBHOs/uZ1lbhcBM1AhmAgAAoQYzUSZBzMS0HuXzXjPx1/aE89wil+cPUi3OPfLsQn76dmPU0E93rbmPE4r1ySGaiNEyKO95N5aWt8Br7pxa2m4wR33yD6Ppyt/TY2cwEzWCmQAAQKjBTJRJuWZi3SHbyl155+zAZmKam01R6SGdw7OFyoI7ZpKKGXpiwm43FlxFdHYfFbQymM7MWwM1uT63wydH/uEBj5xgJmoEMwEAgFCDmSiTcs1EPqnnzEUR2yLKMBPTfPPs1+GbUk5ytnAUzaRRPrTImSHW3WKsWQ3v04v6/+YUhZp0fLJmYm6ujVzvnz+4MSPMRI1gJgAAEGowE2VSvpnYTxt11oSUZSYFoo5aFM1Ej3RZTzmViEvYt+MWRadkmp0xY+35Mzdu/VNis/F0pvtgnyqDmagRzAQAAEINZqJMDqOZ6JGU9fpaP+eYSedpQ/+bs7DFM5uraCYrg+mOyQP9Un7IkFrir314MBM1gpkAAECowUyUyWExk45oqntYrle5kuhqPD9lF4WizD5/vC7vitsTjRq9ow+Hste9AynF498t6BFjaHRqKNvf1mqLzSfE2vj1Ax4tscFM1AhmAgAAoQYzUSaBzUSuVt82wcwEwghmokYwEwAACDWYiTIJaCYAJmaiSjATAAAINZiJMsFMIDiYiRrBTAAAINRgJsoEM4HgYCZqBDMBAIBQg5koE8wEgoOZqBHMBAAOJ+KThXwK8f/F7x/MRJlgJhAczESNYCYAABBqMBNlgplAcDATNYKZAABAqMFMlAlmAsHBTNQIZgIAAKEGM1EmmAkEBzNRI5gJAACEGsxEmWAmEBzMRI1gJgAAEGowE2WCmUBwMBM1gpkAAECowUyUCWYCwcFM1AhmAgAAoQYzUSaYCQQHM1EjmAkAAIQazESZYCYQHMxEjWAmAAAQajATZYKZQHAwEzWCmQAAQKjBTJQJZgLBwUzUCGYCAAChBjNRJpgJBAczUSOYCQAAhBrMRJlgJhAczESNYCYAABBqMBNlgplAcDATNYKZAABAqMFMlAlmAsHBTNQIZgIAAKEGM1EmmAkEBzNRI5gJAAAI1tfXV1ZWlj884iriWv7LlwFmokwwEwgOZqJGMBMAAMjn836B+MCIK/rfRFAwE2WCmUBwMBM1gpkAAIDfGw4E/5sICmaiTDATCA5mokYwEwA4lOT0iLE1HZP+fsHoiBhj/pqZOKptZcDet7E4nopVHRGFqhM/ODWHzdX6miq5488NL0t2lJD893rRp/ZYLDNd0mvxx1Z52iNVrT8ubpTWj39RIw6p+eK4t16naXOezW0RR/lLu+GXhgPB/yaCgpkoE8wEgoOZqBHMBAAOJQ+iZy7aEULitjtz/n7B2NZMuv5aU/O5J5Zv2BZSI51Eq5b1aln0yEWiXnqF6C96V/+lq7jDy28J6RifS9MQvTw7XtrucfwLedrqr13nkXVx2lPfnpKn/bp4QcxkK5iJMsFMIDiYiRrBTADgkCPMZN5fey+NEcNf2o5tzcRHa60c5LDbG95hi6dJTTsxsFloHznu7mk4omVfuVtFxIlctVjtbND+LWs1NzJfaScHnfrG1eOuUXjrpnW49u+OtBycmYykb5UWfsqm44LzyQvXhkr3uCzcvXEp7j9O0peKp0f8Rf+bCApmokwwEwgOZqJGMBMAOORsaybdyXT0tJzf1XZ1yi22nCnO++pesErrCy3nUo1RQ4+mOkeX3J57MJNVTas+NeqvSla7XDO59Y12/GrRWhaN+ur/GHc3C9zStKK9iF7usIn38NVUg2sUvtPK4ZTCaQ/ATO5lk/FkOvvfQkAGL5xvt4tPRtIXeh/YTdEhPfLEc4Tk0WR3/Pylvp+HtprJk1z2cvc1zITsGswEgoOZqBHMBAAOOVvNZGXkutSPWMqe69U/b49fmKnOHrEpforceS4rmbPSSaLn0s3fpXTPcMruZvKgWattnfZXJQNfV1d/PWB7Q7Jei0149g2e1I51rXoKkvmkVh3zFormMBHTPnOk5fhnmnak3lvPLFrtxYyoJws6cgBmcjken172j5nM9F+4NlnYEJbSP+PZKXly59rdBfF6a6uZXPt7fDqXxUzIrsFMIDiYiRrBTADgkLPFTJ55HcM082Kz6dpje6N0VwndLYWBlD2YSYOmjTu+U0BYh0XzjaIaJI5qCa8ozCW0oyUFt+gteM1h8cYp+7TjpUIj6nVynYtW1dDqrR+AmVw7H+9/sLBlNteTeDx+69589lJ7PN7uHzEp4jeTRyPp9MijZfnTW5b430RQMBNlgplAcDATNYKZAMAhx28mryb0SMZbaIwYesuw3d7BTMaS+zCTbb7cj8Tksvg/yYXpucKqkfLNJPHXGq1KLn+v+zbrvTmXrGuavJxW5a0fgJkIlxASYhjtQ6X+8fvoNbnO5O/poQdycOQ9+M3kcnt8flkOs2AmZNdgJhAczESNYCYAcMjxm8lkj+shNh1yYUmP3faZSVNUTvpqTvSkrt7uOLNXM5n+vrY6snW5iIu8cVZDpxzjKGs21+Z0c612ctCxnOk2eVthe/6Yt26aG3LopNYZOTkAM3EYSV+4aMTjSWfzXl88dU28/j7efSER77vn7eqlxEzu9SazOctvMBOyh5RlJu4iMzvdP267TAyUBTNRI5gJABxy/GbybmqPYyZLvV16ougNV/ZsJprnVlrbIlXBusPvxtXjXofJfFWycr3ARsmdgl9lnAXx1vSwYl2uYHFuybW17lYO0kyEYWST8Z+srUx73CMj9+LJbHGrhKKZyJX0W/B29b+JoGAmyiSgmbzMvzr3X/8t/vHfHn0gNv+5sNKV/h+xKer+rqAumIkawUwA4JDjNxPzdenAyHvXmcxnu/Rk8QEoTe4Nu3Y2k83p0keObGXVHTMxX2WD3zV4SJqJZ4BlurVWa5ZfrGR/78CLdf/iGrv9PjPJeR7guK2ZbDzNbXUmF68wzNuTuCwzuRSP20vdrxn7NpOZ293pf6SddBpGp2x4u/rfRFAwE2US0EzEP/vBoZ/91S1DqKA2mIkawUwA4JCzxUzM/KS8B5d7b67uwr25BM1RQz+dbuvMdN41zXcLYm+0NZNKpkVjKH1xL2aSOKodv+obMhmQYxaafJyi/fjFrt+K+5JfVLlPWtTqi+tJtMLULMlvSekWzpMWPdpg1euOnThxrE7uKNyny65rVdWnvj1VXSXrzn26LDMpeRzkX61nO5YOv9jXcvNlpzxYnvCbW24fH15hyP7jgj2+0W5cmPq9sNZk7pYoDA4NdV+SIyG35mTtQa9o+xbK+9eZODCbi+whQcyk+fv0439u/x+TqIu96+tv/Dt2ZX5Y/y6dyk6M9N9sPNvv3ws7kp/s85cOBMxEjWAmAAAfgEX3KY2hwC8Ny/67Bn8I/G8iKJiJMgliJvbAyPw/l8//vdctDg79bI+iiL2/zvzTre+RoYQxlvcXPxwr/Wl/KdTkH0bTD/3FDw9mokYwEwCAyrM5oDUk/cVDjF8aDgT/mwgKZqJMApqJvarEO3dLWIpbTxjW7Mn9IMwk985Xy7lzQzsiRnNWjr92RFKzw9YAbjT1i20ykz16rG/IGqXt6J9xD+61Kk3nh395YY/w5jrvm28f3RbFtVn50/f+Q8/HkBPxOwUzUSCYCQAA+KXhQPC/iaBgJsokiJn09k/aHrLVTLbW98ymvK9fxOgcni1UtjWTosA02lexZpo6B1xO9VrrxXKXUkO2t7x72HnaWLFqeiTVMemMy3QEeYeHnvzDzrMf7c+FmYQ3mAkAAAjW19dXVlb89vABEFcR1/JfvgwwE2USxEwEE3d+3dZMttb3wZtnvw7flHKSs/1hezNxu185Y6yZtpmknNJv/S2Dz8RrZ6zkvhz9z015tvNT7j8CNc3E3Fwbud4/v/9FPpUAMwlvMBMAAAg1mIkyCWgmgo2Nt77bc+Xuy7vYBTeTAlHn8F3MZMyw7tQhzcS6K5RbGQ4AABE/SURBVIUpb3Bud2vxvoHJns774iVn77JR0Uw2G09nuqcPcLFOKZhJeIOZAABAqMFMlElwM3kf5ZtJ2xYzad7OTDxjJoXijmMmapvJ2njPR9QSEzMJczATAAAINZiJMinXTGZ+k3cK//7/XXUrYvP/Nl3wdNkTHdFU9/DUyOjUlURX4/kpuyhONTL1sLezKxotmol+9nru/sOh7HX9dJ/sJM3kYpMxnLs/UVSUfE4/nc7NzMbPGnrUHlEpMZOR80ZqeHbpqbumJdysjV//uFpiYiZhDmYCAAChBjNRJuWaibvk3Zs7PxfvkVVZthnr8M7mgo8HZhLeYCYAABBqMBNlUq6ZDA797HWSyOkLc4+f+DtVDszk0IKZhDeYCQAAhBrMRJmUayYHDGZyaMFMwhvMBAAAQg1mokxCZiZwaMFMwhvMBAAAQg1mokwwE6gMmEl4g5kAAECowUyUCWYClQEzCW8wEwAACDWYiTLBTKAyYCbhDWYCAAChBjNRJpgJVAbMJLzBTAAAINRgJsoEM4HKgJmEN5gJAADsynKlyecr9pBozESZYCZQGTCT8AYzAQCAnVlfX/eLRSXwXyYomIkywUygMmAm4Q1mAgDK0LL1uWcfGvlcNed5053Ds/69e0AroU5UMk0NolVddzwxsWr3ufV9Q+2fNO1PdS9LDjXN1VtVR7SqoyeSPzt7st/WV1dpWlX14oa1vbk6/sNxcbbarxLOIYMnE3NO00udpp0c9BddVlZW/FZRCfyXCQpmokwwE6gMmEl4g5kAgCo8br7cl8pt+suVYyixxXwme7oXCu3lCb1l2LtzX7TWatWRcdGwnUJoR7JBk2oy3Xr8qiMemtbg7LQ3jxy3Xl9mvrJ6TsRiPzu7qrUa8VMozpf/sI59mjx+1TpxIDPxK8Xycvae05geylw4H48njN+flHRY+Lkv6XaySItu6Vveiv8yQcFMlAlmApUBMwlvMBMAUIRcX2Z2RT8/5WwuDHc/3WyOGY0tfWPLmyvjfXrESI2vOHuXpxqjhn463dE/Yx/cnHUMYz7bNWZVUnffLI3Ko5qTVuH5lD024vaUeM3ENBsLgzauojRHjI5Jq2VdsbGlp3d6+/UV1Vpt63RJZeBrTUjEolE/ULCtE5rm2b+ofT3gNG+c6FotsY46q6fHNwbqjUX5WraZOCoSj1+4/pPYbI8ns1PzC7+OGd13Pb0W2tsvlJrJo2QyiZmQnYOZQGXATMIbzAQA1CAelVZQnNC1MKwnJmRj9bYozlu1VMze+1o/22/3yo9fz8hJWNuYiR7ry73zVszulh3HTKwO9oW2mMnrQmWlt83Y5nfudOup0ZJC4i/V2mdfikbmq6KNdB3zmMmrzIkbhfZql+0VmlZV3zQw/sOXJwflUMnLwZPVmja9ulF7pMrpWbaZxC3hcKUjfqFvWr4+ac+MeXpJvGaSTFy6l8VMyC7BTKAyYCbhDWYCAErwWG+7LV7WRzJXfrMKC8POYIWZ6yjoiqMWxV1yQ0/mtjWT4thIQT+Cm4nQpMJyFBHbc7w0eAdDNjdWVxcT/15XpUmd2I+ZvKw6UtPQlD1xtOrLlBx/Wbx6ouZI1cBoRpxq1R54KdtMnvw+0ZdOxs9fcKZvzf0kp2klLnn72LhmIpxk3vqJmZCdg5lAZcBMwhvMBABU4Ld+93t/46WHsvIxzKTDGrcxtzOT+PCztedO3haPcNCqT/lLpjnXVte16szpskkc9c7mGqj7obBnLnFyyHx59XjCtjI5N0z2rNWq7cGTjenW2u+tuWJlm4lNujcbv9gvGhfa2y9lJ251X0qPPPL1cc2kPZldxkzIHoKZQGXATMIbzAQAQs+rKXsql01jxIj/9HonM/HO5hrJWLO5HkTT9oIT88pZe0xj32aSn+7XW+S4jUA/Y59/U3dnc53ucfptYfr72q6n/qJg+j9r5eoRuXh9Tyvgb31jrYO3iH0uzUQIz7izRuWldqxLvvrMZGPRHkvxmcni6K1p91ylZnLr7syjheXuO3fj0jfupUecejJ+wdtNVgpmMmMxcT0ZvzwojnUpXqA8MBNlgplAZcBMwhvMBADCTm+bUVz4bprrP13XIxd3NBPTfDFTugLeHOtMyyGX2MX8/b73mYmZnxF9WgaXnLq1yxmriaa6p4p1e8F90/nhzlhhBbx9xWgq2ppxu9loWm1x49VcXU2Vpmk1X5xIDFpr1sVb+eG4ddfgWtsiNCEc9qKUlzl51+A/F+8vfOKLGlHRqqqz89aduBYHYsfq7LPZHYSZFO9RfDQxZ9THrMU4slOBAdOsP6LVNMkbhdkUZaKAu4Rk6NoFoz0eT7RPzImtmf7O+Eyhj+/eXIyZkF2DmUBlwEzCG8wEACBcbLmJ1wdn6/NMSqUjIP7LBAUzUSaYCVQGzCS8wUwAAGBneAY8OZhgJlAZMJPwBjMBAIBd8VtF2eTz2z/XJQCYiTLBTKAyYCbhDWYCAAChBjNRJpgJVAbMJLzBTAAAINRgJsoEM4HKgJmEN5gJAACEGsxEmWAmUBkwk/AGMwEAgFCDmSgTzAQqA2YS3mAmAAAQajATZYKZQGXATMIbzAQAAEINZqJMMBOoDJhJeIOZAABAqMFMlAlmApUBMwlvMBMAAAg1mIkywUygMmAm4Q1mAgAAoQYzUSaYCVQGzCS8wUwAACDUYCbKBDOByoCZhDeYCQAAhBrMRJlU1kw2m6JG/KfX/jJ8AmAm4Q1mAgAAoQYzUSYVM5M71zJ6NPXWzDVnF/z79sLCsB4xWvpXvLWmiNEx6S28Fz3S4y+9n87Txpq/BuWCmYQ3mAkAAIQazESZlG8mb36dut35t4vCK355sWmWYSaNMUNvu+2t6dEPYiaZc4Zi38Lyk33+0oGDmYQ3mAkAAIQazESZBDCTh0JCPEkvvfBO38pFk7d/Wd70VPbGwnDHyFQ8ariF9Z+u9+aGK2UmucupeX9NKTrPFv+n+yhgJuENZgIAAKEGM1EmAcwkV2omPiWw9p7uLy3ugQVLQu73pXKW1azebokY5mSPbSbCUhpben59uhT/zhh7JSvz2a7uZOpK/1Tuudy030bHaWP2jXW2fE7/LpO7/yAaNRqTOfPd6yvnjF+eP1t7/kzs7G6xv8QviEZjtGtkdCp11sjMWrV3D/WWPtFtdrSnMTlhlUKDkJNo+qG/elBgJuENZgIAAKEGM1EmAczkg42ZSAl5rAuRMM2V/rQe63PNpEiuL3VXvgoz0VuG3bI0kxdTeotjRLnLqbG8bMjzRC6alo24YyZeM8nMW281PxG9KtVkfSTjKIqcS7bLOMyhI//wI46cYCbhDWYCAAChBjNRJgHMRCK+09tmsvTmza+jw6lKrDOxJUQOlci17xelIbhm8mKmN51pjMor2hVhJmPFg4WZyDfgbraUuJOsv89MCrUF24jWBtPdhbcv1ShUrI33NJ7O+KsHBWYS3mAmAAAQajATZRLQTDoKAyZuxb43V75sM+ltM1bMTf3sTTl0UTCTJuEk5/qWnj9bm7n5HjMxfsl2ddsDIJaZrFlzt+yYezYT89UDvaX/7bvXK/f7m3sD/UE+GptCS7qnraGijwFmEt5gJgAAEGowE2US0Ewy54rDER7KeJ5JwUzMV1NN5y72rlptx0yW9HPDtlfkLqfeYyZy5lU8ZthfzEU311JshhJ7MxPzdaMxVSiGCKkl/trBgpmEN+K3ef4PzAQAAMKK+BTDTNRIQDMx7/c1WmYyJmdwVQLXTEyz0RWewpjJnavpaNTQo6mlN7M7mIn4gq5HLl75Tb6lkXRavL3G77pa0tZC9ncr9mSwpV3MZNOdA9bY2lfYe+jJP/ZXDhzMJLyxzGTjX//y/50CAAAcfsTnl/gUw0zUSFAzMWc6T1vf4M/e9O8JM/ODmY7sxMjolEjLd0bunb8DvA/MJMyRZrK5yX/uAAAQPsTnl/gUE59lWz7dSPgS2EzUxL6Rl818d9eQdYdi2AuYSahjLzV5+xY5AQCAMCE+uVhkolIwk1JezERj1lhQLNX7ywv/Xng/mEmoI36n//FqI//Hxuv1N0zrAgCAw4/4tBKfWdY8LqZyqRPMBCoDZhL2WHIil8K/zK//78vXhBBCyGGO+LSyF76jJSoFM4HKgJmoEftXvD1+QgghhBzOFD6tcBLVgplAZcBMCCGEEEJIOcFMoDJgJoQQQgghpJxgJlAZMBNCCCGEEFJOMBOoDJgJIYQQQggpJ5gJVAbMhBBCCCGElBPMBCoDZkIIIYQQQsoJZgKVATMhhBBCCCHlBDOByoCZEEIIIYSQcoKZQGXATAghhBBCSDnBTKAyYCaEEEIIIaScYCZQGTATQgghhBBSTjATqAyYCSGEEEIIKSeYCVQGzIQQQgghhJQTzAQqA2ZCCCGEEELKCWYClQEzIYQQQggh5QQzgcqAmRBCCCGEkHKCmUBlwEwIIYQQQkg5wUygMmAmhBBCCCGknGAmUBkwE0IIIYQQUk4wE6gMmIka+ePVGysb+T8IIYSQQ5rCp9WbrR9kJNTBTKAyYCZhj9dJXubXCSGEkEOb/B/rlp84irL1Q42ENJgJVAbMJNRxneT1+pt//cv/lwsAAHDYEJ9W4jPL9ZOtH20kjMFMoDJgJqGO+J3+Mr/+9u07/98rAADAIUZ8conPL8xEmWAmUBkwk1Dnj1dytMT/lwoAAHDoEZ9f4lNs60cbCWMwE6gMmEl488crORrOJC4AAAgj4vPLXhO/9QOOhC6YCVQGzCS8sc3E/zcKAAAQEjATZYKZQGXATMIbe5GJ/28UAAAgJLDURJkEMZP5bJceMex0zzvFpqhTac4ulPSGTwPMJLzBTAAAINRgJsqkPDOJptxifrIHM/mUwUzCG8wEAABCDWaiTMozk0jRTNbGK2Emsze954QQgZmEN5gJAACEGsxEmQQxk6XertRk3jQ3Gx052bS1pGP8RX6yp7l3yX/AHnn3MBUz1gbTI6/8e+Dwg5mEN5gJAACEGsxEmQQxE/Pda/vVFpJ45/WCokjWgz6rbf2n63okbb6aahl85pQme3Lmm6aY4VTerYi2HkstFZ67MDt8s9Fa39Jy9YFTgo8EZhLeYCYAABBqMBNlEshMPMxec2Z2vfXv2TctQnJ+ks7TGLnolCZ79NM9bgc90mU3Ggs9XXrbjKAjNVAZMJPwBjMBAIBQg5kok0Bm8kHGTB4X1q7I5OyTTPZ0FxetPPR20JM5UVoavRk97VQKNwmDjwNmEt5gJgAAEGowE2USxEw+yDqTXF/HjamRUSs3rndMbsqiz0zOT6w9f+Yk/8Y0V/RoKvdIbg4ZmMlHBjMJbzATAAAINZiJMgliJh/i3lzxqOHd1CPp3lWfmZj+23bd7YmPWwJjmi1RzOQjg5mEN5gJAACEGsxEmZRlJqUSsrldca/Ite8eWiJGS/+Kz0y6W42m5PDI6FRbayo1aZqvcvrpzNrT2Tv9fU1nU5jJxwUzCW8wEwAACDWYiTIpy0x0ngEPBTCT8AYzAQCAUIOZKJMgZgKwFcwkvMFMAAAg1GAmygQzgcqAmYQ3mAkAAIQazESZYCZQGTCT8AYzAQCAUIOZKBPMBCoDZhLeYCYAABBqMBNlgplAZcBMwhvMBAAAQg1mokwwE6gMmEl4g5kAAECowUyUCWYClQEzCW8wEwAACDWYiTLBTKAyYCbhDWYCAAChBjNRJpgJVAbMJLzBTAAAINRgJsoEM4HKgJmEN5gJAACEGsxEmWAmUBkwk/DmMJjJwNeaptX5q4eG7I85uyHeZGKudB8AAHxsMBNlgplAZcBMwpuKmsnL3Pf1QjJqPq+p+bxak60T/i7bUUEzSRzV6v/PqVPfnqr/vKbqiKYdqdnwd/ExfnLQX/IhTuI0MBMAgMMHZqJM/j9r9UjY/R+NsQAAAABJRU5ErkJggg==" alt="Screenshot" width="100%" ></p>
<p><img src="data:image/png;base64,iVBORw0KGgoAAAANSUhEUgAABDMAAAIGCAIAAADGMlPIAACAAElEQVR4Xuy9DVgU16H//3ue/+937//33Oe5+T9tb297e2vbpO1tm7b3dm9tve3ttdmWlr5IS6AmmjcSI0aDsYk2jaaJjUolUSRoDEZEo6AiG0GDovIqL0FAQUVRFEVR5EV2Wd5hl4X9nzNndvbsDCww7MLO8P083+DsmZkzM8sEzodzzuz/evCDmwiCIAiCIAiC6DM7yNcbX/mg3lVyY6QN+NSPsM2Ewx1xh1CbeBTpNMT09Q9eEiAL/0tRC4IgCIIgCIIgesm0mwnLSGYSnHaXOMk5AbLwv5wA+IImc6+8CAAAAAAATDfDw85hp9Mx7LQ5hnvsQx0DQ+39jvu9juaewcYumjtdg7c77fUd9htW2w2rvc5qv95uu2ax1Qq5yuWKedTwm7EdSQ117bS2unbbTav9Vqf9dof9Tqf9bpf9XvdgS89gW5/D0u9gWsKAmQDfADMBAAAAAAhMiJw4hocHh5z9g8PdtqEu25B1YKitb7C119HaM0gUpal7kNjCXUFU7gqu0tBJdeVWh5BOGqIu3sM2Y7uQfUkNd4TaWJ2k/iZBSMhBiReZ+xzkHDoGYCbAD8BMAAAAAF0yDHTBEDWTIZtjaGBwqH9wqNc+1G1zkHQNOIiodA44iCRY+wet/Y52lr5B8tXSN2jpI1+JSAyOJ8LG5Cvdl1RF3IN+7aeVdw5QI+q2UzXqsQ/1Dg73O4bJmcBMgO+BmQAAAAD6QN6kBbpgaGjYMTQ0ODRM5MTmoF+JFfTZHX32oT5BVHpsjh5BV3oEY3F7C1UXPlQwFOE2EHZhu0tV9dCjDPeJNjI8QE5gaNg+RLtxYCbA98BMAAAAAK0jtF+HHA7HoIAd6A6bzW6z2wdstgGbvd9m66df7X0DNiF2lt4BmxC7FGnVeMLtSOvpo4cYHLA7bIMOu2PIQceV0aFlDtqN4xwaHoaZAN8DMwEAAAA0DdMSIiQDAwO9vb09PT3dQNd0dY2U7rHT2dXFR7kBn25yJ/X29vcP2O2DDge5xYbpjPxh940HMwG+B2YCAAAAaBrSYHQ4HHa7nWhJZ2en1Wptb2+3gBmP2TzhSJBbiNxI5HYiNxW5tcgNRr3EE5gJ8D0wEwAAAEC7sKkITEtmFS9DEJ+HyQm70/h7D2YCfA/MBMwErAPDTb1D93p8EFKVvHYAAJg+2FAum83W2dmpbFMiyORDbi1yg4nDuThgJsD3wEyA7rH0DysFYzIhFcqPAQAA04RkJlarVdmmRJDJh9xafjETm8PZ2OW4ah680ibELMVBY+HSTnPNSh9dLK8F6AuYCdAx9iGn0it8FVI5AABMO2ySycDAQHt7u7JNiSCTD7m1yA2mnGoyKTPpsQ1/ZWvLg9taH3yv9cHtrQ++f//BHSRtD37Q9uBO84O7aL6W2PRUdndEdtdXP7z/ULL1oeSOh/Z35DYOyusCOgJmAvTKgMPHXSUjRn5UAACYWiQzsVgsyjYlgkw+5NbyvZlsLev2bib/ltgUfpwcebjXPhR8uFUyk4cOdMrr8hEvr3r18SeeJpGv8CnsEP4+inaBmQBdYh9y+mpiifeg5wQAML3ATBB/xy9m8pV3m72YyTcSG/Mb7Z02Nut+2DLgeCi5XTKTdv/M+HwkKPgrX/smiXyFT2GH8PdRtMvkzcSUnsOn8DYrvisr7/DcKxA4E7c4NK5cXjohHG0vPLE4NGzZk5Gx8lVj0LTc1CQvA75DqRD+i/zYAAAwhcBMEH9nGszkuZx2oiWOIXo88l+nbeihfW4z8dNsE5hJIDB5M4mJTY17/7CYrakHL7Dimpg4k6vctDkutdFzLyWhYYtHyCTNwSsTMpPqhGXyIqcz6/XF+4uvWpuvVuZUy9eR+t9ZZpeXSbjNxOtmIlsiyLux1aPIWv2sIEU7i5s8drc3nTElzJ+/OPTxFUcveXR42pvLTe+tJ+/q/IhV1VZ+jdN6LX//hjfpG/6EfC+y3/pXV9AK5y/bXyyzqZFXLVd+H8MW33WtlZVvKZP2I6bX+dpLK2i54uR5yAbyIk9sjik1E3I4AACYLmAmiL8z1WayKMdCVIQdjHyxO4Z3X7Pxo7l6YCb6xRdmcsT94kKO20zSalylTdmJY5uJnP7K0A35PfJSXzJ+M7Fmrg9d+ub6fPl7Ffp0oqyEx6tyTMBMevJjK29kLOfNpKf4ybhicbkh45X5rpa6o2ELJyot+bFPSo34hoyiZvdxcjauyHG9uWfiVlu5trW1dOv609KV9oZGcMdtzX9yp+RgXlbJCQ1b715+OYNbw9MUujJNetFz9cBrx9u4tQKOm3uWLibfOHm5J0p58HfkZwAAAFMFzATxd6bUTEJMLS29whguAcfQ8NGbtq9xM+BhJvomYM3E3aT2G+M3kyfDVu2/Rb/KykdvZI/JuEdzORpoi7+RN5PqnU97vjmO6hf23/QocWE9vv6MvIzR6eXayXWJXRyNGSbP71xo2GqxZKRVHq8lLiXuvOR+Nepxy7bKTlXeTUS+EfPXZ5npN05WLkNpDqqzYX/79wr6lOWyyM8AAACmCpgJ4u9MqZlEFfZaB9xmMmAf/t1H9x7aZ4WZzBAC1EyEDhO+oMiUwMb5PPuqR2uVNnOt1XRAUdjiPddoCWvxb3+VblzUJW52dH/sfGGMEN9vIDOTV+Yve+VIg/SSJ3T1cavTuX8p1yC+dZwdVBqPxJrL5LjCgei0E1kDujozga4KW/zKhgMefSZe29l3TW/edTidZxPczfSGtOUKbQtdOYojlcqb+xKjGgJvJs0ZvFTQVWGxOf2jrvJ47aJo42Ju7FjTs/tGlihyjVmeY8xCIw94vO4pf7uU3q5HV8ovn8fLI7kOHm1/YCfNL052X+yWrx0x4zQTclD5eQAAwJQAM0FU551bR0dclmVqzaSo/1bXMP3sFGGzTtvQf+1rhJnMHHxhJofLz1WLOZ7pNpM9ha7yioPvT8xMvHeYhM53t4BDX966pdRjQkLohq1vR7zJlzidbhup3rkidKnY3uXNZEvE4tFGjlkz1xextrj5ODfMicL3mZDaZMfllYM0ps9wB3jl8VXjMhNH9SsmQZbKtkpmcte0WtmZMEp/RdvR1aNUbj6+XfxOyTkTt6KIP9X5i1tcY70qd67yuIrRV/F4jnkrVw6Kk3gybIVUx9G1K6iScUiDx0wvj3JRAl4+V5GYCVsozrc+kNSp3ECZcZoJPnsRADBdwEy0mC/kPvd5RaGXfLHg+U+dfPafT3uWFy7+bMFSWck/5dOFT59a/AVFJcr8+Owbi67sIAvkK1lWbsAyFWYy+4Nbv9p78z92NPz7rrsfXh1q6hHkRDiepd8xJ+WedzN5dfXrrLl/9lyl1PQneXvzFrvd3Qr8xa9+y68lCQ1/TFqrNJMHv/4tVvKDH/3k9u2G73xvNnv52MKnvvbN70iV/PyXv5F2Ief84b4U2VHe/Kt7ULtUyF6St5XfkryUtpyZTN5MfA6RB2kKxIjwDdNQ5Qir+bGiSIxM+RaX9khmYlq5WNYI5nkyzD33XSYAMjORHZdXjtDVx7k1dCjUeMzkyfmuO5kzk8qti5WjyJS9KIQ9Sxc/OUrHyAthKzxe09FiQhfQojd7FG9F9c5VQu/QCuV8GC+rGMTrPL6bjradpnyrtdNqbajOySD7Sm7DOLpuGa3wCfm31cT1k3g3Ey8PC3aZiT18d/vcYtE3Nlzoq20f3JreXiy8LD9tfSDRerF54MNLdAPRTMw9c7z6CTmo/DwAAGBKgJloMRM1k0+dXKQsHCEuMxl/Xr629y83UslX5SopfjeTb7x3Z2/NQPFd264L3d9KbFl2urusdbh/UOw5IUeNrewep5k8/O//KbOC8MeeYNu8szlOtoolYcdOtoHMTA5nHJG2IVpCSiQzUR7lg8QktheRFtkqlqrz4h+EpRL28rnFL0glEYu8tW9mCAFoJt47TJwyM5mfwK0RSlZmtMiKPFCaSe+oQ6EovfyYovXSXHMBmZnIjsspR4NiCFPl2GbSU8wGL1FkfSYKMxnpcVV0hvrI/Rg95XJj6W+oLC4uKi4+un9r6OOr+J16rmbMXxq7v6zBtPlNssCt8bZKwmMInALr2cQnt1ZKL1tKE+a/nNByLX/n66vIArcheavdk+O9m4lSG6RIo7lerRqol6291bXhLl1YmkSkpV8qZ2ZCvtYqapNFfh4AADAlwEy0mMAxkx+ffWN9/WEvHSazpsBM3j1v67PTHhJSf0WT7eFdrUtPd5W1DN/rGRY6TobpU4O5zzPxYiYkzy6K3Pj2Jt4KyAalZ8r4ElkuVtPx6byZSL0lJDduim04yUxIvvf9OX9dt4GvRHYaygwO0k+v51/yWrLwqQjpcmYygWYmI3eYtOaHPr7ilQ17K681Wa2de17izETZRlf0EvRcPRD6xKqjxcXCn+rz13uYSXFoxEYvZkKfyuX5lFt+QJfMTKRlRUm5x7NxKWPMM7l75E2PJ19NfDRX6Hx5t4OIoyH0RW+PFHO6ZvxTbhzYUuY5gC1s1Z4bo67iXwq0yTuLFGxxyV5PfiwbueaiVxy211+5JcLjLfJuJuPoMxm6d7XzoZ1WYdn+xMH2h5Kormy4TVc9sNPKFliIkzy0r/2B/V3K2vigzwQAMF3ATKYyXyx8geRf8xf9Uz4dRvWveYs+f/qFL+Qv+nTuErpB4eLP5i76bF7kFwqXfT7n2U9lL/50zuLPF7wwq/iFz2Uv+kLhC5/LeY6NyBLN5DTZIFJ5lFkFz3+uYMkXCp7/VHbkF4WDEjMhX8kqUu0/n3ruc/m0XPKQz5x8lpzGFwuXfPrkc6zkU4rRXJ/OlR/oM8I5sw4T8lW2lo/fzWRnjcPSL3iJcENXtNge3k3lZPdVR33nsHVg+KOb9nH2mew/eIiVkHqkRv/dxkbeEKS9pJKvfuPb5KUx6Ff8ZixXrtZK20tmQryFlVy/XsdXKy0//F2DtNfvw+azQuIh/DZ8+vq8DfeZUUzeTHw4z2RnxOLQ17PlpcIALf7lnsgJmAkd++SaWELp9zSTl+mqnrKtska2BD+UizHaA3CVgsGVVCuexOUuUe7oFPpARgzdqznjFUUPSehL7i4FJx0G5jlYS4JoySJ5L5MS0vRnp6d0AOFNo1c94irpQ0sEes/ELav3KBmB/S7PlPqyJNghtijeBFfkesYYzzyTe5c6PyuYCREPqYQJyYh9JrXnO56rtikrlIJ5JgCA6QJmMvVR9mAQE6ALhYs/k0v9YZagEMrNiKKwDaiZnF4s7jV6SA2sa0WqilTr7mwRzSTy066Dzjr9/GhmMqt4CW9Bnzr1PPkaXBn9ePW7ZIF8Jcue27vjdzNZdbq/1jo86JpYMuAYXnLS/IOU5kX5Xccbhspahp/P7RynmTQ03JEKpXb/nbt3peWf/PTn0gaGH/xIKndyfSZSvmv4gbSxkzOT34SESoV8DdLy32LekTaQumt+8KOf8NtI4ee6AF+Yic+ezRUqPBNWiUw/XuOasGOaCWndepRcSJRGi7lGc1Fk8uOi18NqBEY7ulIwuJJe2aPGnNZs72Yih+szcTpvyodIOcr5zxJpyY8dWbQcbTkbV4w8vsuTt8MWs3nqI+oHs8cRV1n51+bj/Hs1GpIojmYmSkYrZ3TZvJnJxeYBkl/sbn8gjXaDHD/R/mGj7V6H7Rcfin0m7nkm5b333DPgbQ/s7lBWKIUcVH4eAAAwJcBMpjoFz7MOE5rCyE+feu5TJ5+VzEQaTEXNhBOPfy1Y/Gmy2clnJTMhLz9boKicpWiJWO1IZuJWDnY4fgSXa3kkM1n2z6eeZQvUi4roAt9V4qXbxO9m8tVtdzaW2292DHfTMV10LZGThR/ffyip7Ru77nxz19jP5vrTn9ewVn5bm7shKTX9G+7ckZb/8Lg47YRABEMqd45kJg//+39KGxOk6SV8JXwN0vLuD/dJGxBZYoWsZ0Z2CJLfPfoHaWMQOGayZ6lnu5aDHyZkLd36JPdpHmOaSf3+VZx12EMjVoxoJk5ztvgULA46e1vZu3YhUXqq1bjNhF4dP8l+vM/mkvAwE/rMric3ulRH+KRFSTeeDFsxspaMPu3krtlj+rr1bOIL0qyYWwdeOcjNkHG0uSsZaZX7pdO5/enFTya4fYlhveUx36Y+c6P0cYr207Eej1nruTraKDvvZuL0OtXET5GfAQAATBWqzeS/Kv7yt1sZ9+2dtqFB+/Ag+UqW19d/9GDxcuXGCMvnc56TJOFz2XS8Flv2biafIUKSx7o1It19JsXLPnvqWTooS5FPnaQdGsLCOMyE1ClWToeHeTGTWYKcfOrU80xLxh+/m8mD77XM/dBS2jzc6vqMRfJ1z+Vew+47D+1pf+jDdh+ayTe/8z1pA6IKUrmTM5Nv/8f3pfLKyipp+/GbyVMRi6QNdu7azQp/8avf8tvw6e7ulraf4QSOmYSGrSgSJmF75qpTeOTu26bi2ubO6uLjoY+/mbNhAmbCZinszKy2Nl99+6VlOa1XpcFgHmbC2vRn+XeDdk2M9Mipm6Ebi1n5+M2ETpVZtJ5cgtXaeTRpPZGHSZkJdZvF+3Oqrbeqn52/eP6r4mn0lG19YWu2/D2sosZ1Jm7FluPyt7eygV7v8rDF2035RRcayLkVZR4IDVvG+wsRuf2ZxdW3OluuVS5/YnEWp29eVjkFnxQnq3CQi33tvYwWayc586LMvaEeo856Q8MWm3IqyWnUXyh+4fHF1SN5lBNmAgAAHOrM5NulKy9337ENyX/LDQzZX7ya9KXiF5W7ICTCRA6xw4S28kUziRzTTMS9Cp7nzYSIhFsquLChVrOK6fSScZjJC9KBSLXezWRW8ZKJasmsqTCT7a1f3d50tsXRZXObyelG2y/33/KVmfzlzb9KL7/3/TknT2U//F2DVPLu1vec3DwTsvwf3/+htFaSkzHN5Ic/+h/pZfBvfnf048xnF0VKJVdr6ZQVfvu9ye7nC//i1/OkOmcygWMmAPgKL1NN/BFMMgEATCMqzOTfPvnj4LC3P6kcaa0g2yh3nOnJXySMsBJC52y88PkcWvLZfJcbjGImswojPyuMzvp84TIPMxH0RqkQ/5JLq/2n3CWfGZeZLPtiwWLhrJ77l6IlY5mJmvjdTB7a1pTdYBsUPsHEKdzTnbbhBcfaHtrV6iszcXJeIct//vDHbHvZU4Nv1tdL25wpo3/JHtNM+JeyPPnMcyNuf/BQmlQCOXH6wkzc09+F3LCw4nZZ+YDnXgD4FaU/+C/yYwMAwBQyUTN5sHh5v6KrRAnZ5sHiKOXuyAyM383kkZSW1j72fGB6AMfQcPG9wa/tanlwt8WHZnL7doPMFlhaWlvZ9spPWpz9X//NSv7t4X8vLvlkPGaSdeLU974/R3aIr37j2+yRwcrtnZ5PKG5vb5fKZyaTNxMAApD7fXJ/8FPIgeTHBgCAKWSiZvJfFX8ZdsrbdRK1PffYOrIN2VK5u0/SYutQFqrO49XxqS2fKMvHzPXeZmWhP/L05e03elt6HTZZOTltcvL7G/JutDd79sbIa5je+N1MDl4f6h8U6x4kWtJk/9rOlgeTLOM3kwlxpqx8e8IHFWfPyVf4lILThTt27so8niVfAbwCMwF6ZcAxFWO65EcFAICpZaJmcqbjurwKF9mW6i8Vv1jX28xeki2Vu3tP52Df3QHzH2s/LO+88VFLmXIDlikwk3nn3yYyoNyYz5SZSbPN+vH9c8pyZibkq2/fEJ/H72YSc27wVueQ3TFsGxwuvGv/6gf3H9xl9mImXZMzExDIwEyAjrEP+XFYlx1WAgAIACZqJqMN5epz2L9SHGU8t05q8/U77MrdvWTltX2pLaXSS6u9h7wkLe+ke/nDzmFSMr86bnDYQVrhUkOcLDiGh56/smOW0EwnW9qHBqUauh0DbKHEWss2yLNcGhiydwz2SocgNRMLYmZyp99M6u8R9iIL7CrIMjsBUvPvL2wiL+v7WshByVfeTIhNkULyJvyyMposswrZcaUabvXfn+W6CnIaZPln59aTBeJj3/rkZbJcZL1CjtjQ3zZLuDSyS9dgf3xDFuukInUqr0gyk+TmYvIGsrVt9k7pxAIhfjGTb73XIpnJTw5aTt0dqu8crusYXnzc/OBOM8xkxgIzAfqmY/SPN5lMOvABJgCAwGCiZmIbEoe789iHHZ90XPtS8bKj990jXGycJIwnpAlOIr28O2Am7W/S8iYi8afryaTtfrHr9vr6w9vvnGJmQgpPmS9EXvngZl/LT8+9xRroL9XulmpQtuPPdt58+vL2YuuVmFtHSUo7rhEfuNB1m4nEh02n551/O/P+OdLEJ2ci7U7M4Yfla/5yI5U4DJGTZpuVvExrOcObyaXuO0Q53ryZNkuwFJmZ9DpsT1zatvHWEXKeV3oayVWQkHKiIqTa/c3F79/N3ttUyJSJHJqcxpmO6+TcyEnOEiyFVai8IslMyHUdvX92ltDbIx03QOIXM+kcGOafzfXNXW2Gveav77z/4Adt3s1kT61NXhfQETATMBOwDgw39crtQl1IVfLaAQBg+piomdiHRTPpdQyQJjWxBbK8pu7gV4qjfl21cYhrepItlbt7yWhmwhrlvCowM7nuGjZmHxoka1kzna9wxHY8KyH7Sl4hHeJab1Ofw04sgp0J252sla6IlJAtiXhIlUjHIprUP2R/rW7/LIWZkBokVeD7Pcgh7C7NI1URDznXWU+ummgPWUsspccxQLxr1vjMhO1CvuZZLhE5YZsFSPxiJk5hYEOtefBKmytmKQ4aC5d2MT2D+B2sc2AmAAAAgHaZqJlIo7kqOm/MPffXLxW/yFrJDxUvH/Ac6DXR0Vzf+uTlZpv16cvb2Uurveel2t2SNpBlaRQWa4hnW6qXXEmUdleaSedgH6uWKAfbgI13+v2FTeSci6xX2OgsUjNZJSnHzsZc3kxIbgujsFhibx97W+jHINUq55nsvldAamMVzhJUh5VLC2T3rsF+trz0yi5yjbIaSMz2Lmk5q63qDxdjJTNRXhFvJkfvn919L799pDqnN/4yEwCUwEwAAAAA7TJRM2m1d7IdHcNDbI7710pWfLn4xf85u1b2zK7Wic92YDPgiZyUddaxGfCSmbDRXH+5kbrl9jFpNBdxgx+WrznYUjLv/NtKMyFG8dTl98haNqmDbHCh6/b86rjSjmtsNNcp84WfnVtfIcwzISpyqKWUHIVUTpaJw7DpH7MEGSOnRLbc31xMZOZGbws5KFlWmklBew3ZkpzMrb5WNoeElZMFUvjOraOkkKxaezPtrZumWcJoLlIPOe2/3cpgW5IjMv1gqe5u+Om5tyQzUV4RbybEiBr62yQLCpzATMDUATMBAAAAtMtEzST6Vga/O5GTrxRHvXHjkPLz4NlUisCJUl30F6u9Z+mVXcry6Q3MBEwdMBMAAABAu0zUTH7k+XkmjuGhX1dtbLF1cFVS/Pp5JuqiezP56bm3yjtvKMunPTATMHXATAAAAADtMlEzIdl1L09eiyf2YQfZRrnj9EbfZkKurm+CE3umLDATMHXATAAAAADtosJMvlz84q7GvNE+Cb5/yP5vn/yRbKPcEZmZgZmAqQNmAgAAAGgXFWZC8u3SlZe77yjnlpCSqKu7vwQtQbjATMDUATMBAAAAtIs6M2H5cvGLP6p44707J/fcKyBfyTK6ShBlYCZg6oCZAAAAANplMmaCIOMJzARMHTATAAAAQLvATBB/B2YCpg6YCQAAAKBdYCaIvwMzAVMHzAQAAADQLjATxN+BmYCpA2YCAAAAaBeYCeLvwEzA1AEzAQAAALQLzATxd8ZlJqRBiSAIgiAIgszk3Gvrudvadbup/Upd478WLkUQn4fcWuQGI7cZudn4e8/DTHhlAWBCtLW1SXcSubH6+gcRBEEQBNFievvs3T0D1o6ee02tXyxahiA+D7m1yA1GbjNys/H3HicmMBMwCfg7CWaCIAiCINoNzATxd2AmwL/wdxLMBEEQBEG0G5gJ4u/ATIB/4e8kmAmCIAiCaDcwE8TfgZkA/8LfSTATBEEQBNFuYCaIvwMzAf6Fv5NgJgiCIAgSaLnR2Hm5vn08uXTTUl3XVlXbXHq+/l9Ov+CnfOH0UmWDVZZ/LVqq3DHQMp4L0cq1+CpjvidNzfdhJsCP8HcSzARBEARBAipES+S/uUdneHh4aGjIZrNZrVblJ1H4MGO2X79YtFS5VwBmHBeimWvxVby/J80tbR2dvT29NpgJ8Av8nQQzQRAEQZCAyuX6dvlv7tFhZmK327u6upQtTh/mX06/oGyz8lHuEpgZ80I0dC2+ivf3pPV+e2dXH8wE+Av+ToKZIAiCIEhAZaJmQiBm0tvbq2xx+jDeG69f1E5rfswL0dC1+Cre3xOzpZOYCdESmAnwC/ydBDNBEARBkIDKhMzEKciJw+FgctLZ2Wm1Wtvb2y2+5pOqm/eaWr1EvkOgMuaFaOhafIXyPWlqvt/c0tbSamFaopxk0gczAb6Cv5NgJgiCIAgSUFFhJkNDQ4ODgwMDA0ROenp6uv1AxeW799usXiLfIVAZ80I0dC2+YsT3pM3cQbTE2tHT1d2vHMrVBzMBvoK/k2AmCIIgCBJQmaiZOF1y4nA4BgXsfuDC9dbOrj4vke8QqIx5IRq6Fl8x4ntChISku2dgRC3pg5kAX8HfSTATBEEQBAmoqDATBptz4icu3bSwmQajRb5DoDLmhWjoWnyF9/dEeYuy8O1JmAlQD38nwUwQBEEQJKCi2kxkyJufk8N747VXO635MS9EQ9fiK2TvifKeHDF8exJmAtTD30kwEwRBEAQJqPjKTCZGcXSRvMgDclbKU+Uj38FHrF4YbDQay2zyctWMeSH+u5aAZTzviTJ8exJmAtTD30kwEwRBEAQJqHg3k6p3FxqNIVV1luaa3Nxu+Vr1+NlMVoYajU+tbbZYqkzx8nVeaEhJaxQX05YGe6xSy5gXMsa1NKQkXLJYLM0Lg4whG8vka53O4OC18iKJ8yNce4QxglUYGWxU7V/koEV98kKR8/EhG7x/b8f1nijDtydhJkA9/J0EM0EQBEGQgIp3MwkxhkQX+9BIXPjXTBqMkSkNDnnp2DSkeD8rFYx5IWNcS0NKSgP9t/vYSqNxtXytV6piQ+RFgpmwCm0nVhepeIvGghzUCDMBgQx/J8FMEARBECSg4s1M+rJWnxjhD+tZNc22+1XG13PZywhjSMK55u7GqoRI8c/wDamR0Xl1Fosl9xxtBVvSo8gGNpttYZCrrexPM6n7ILxOXkZPiZ2kMTJNaJk7izYYF76eZevrrju2OontwJlJyiKjuFQcvXrpwmaLhb0yGo11Hd1HXgsxhq7OqrM050VvOufaZyTGvBDv1yKZCREJY1A0XXKdT7fQa2E0CoUNKdJ3gXxf2HeBXKBYCcdIZmIxRibY+pqNodFlQp3it6+xZrRvHzkoe6MijMEp5KB1WatDjcxfyUFhJiCg4e8kmAmCIAiCBFS8mUlDSvx5eZmE2CYWGrtikcs33CWeL0kbVxyQ5E8zIY1jUSMkaMNdPAeiHBF7aIOba7g3ROwTWuujmEkWN3LJ+JawiUsYCOK+ozDmhXi/FnIgo8BaU43YdSU7H7eZiBcoacMoZiISndfMShr2RbALOPKS0SgMGBvz28eZibRlUXSx8A/MBAQ4/J0EM0EQBEGQgIo3M+nLWntaXuZ0WKIiwlnjlhUozcTo2bR1NYYpYqPVn2ZS90G43BVKo6VTkprO4zcT/lTFZvcUmknCJUs333ElO58Jm4kwz6QmSXLOso3ct0e4ujG/fSOaSaSJ+iDMBAQ6/J0EM0EQBEGQgIo3M6FtUNk8k7LoILG968VMNoV4tInjPV9S/GkmTkeVYp5JlXQOK40hbPyVVsxEOpDIpM2EVbja9X10no/P8pxJNOa3jzMT16pzm1i1MBMQ6PB3EswEQRAEQQIq3s0k65UQY1B4TaPFUlclzMWwHHnJWNNtq8uL9mIm7nkmJ6roPulR0cdqmkkd59JkW47GmI1X+Q6eLAwyBkdsIidQU5rFSrpPrFbOM3Ftrk8zadgXkXvfZvOc5i6ZCVnrEhKL8aloC32OWdIR4XvsnmcyyrePNxP6rnLzTEi1xpC1zj5vT00Yz3uiDN+ehJkA9fB3EswEQRAEQQIq3s1kuhiz8SrfIVAZ80I0dC1KZDNSxsl43hNl+PYkzASoh7+TYCYIgiAIElCBmfiVMS9EQ9eiBGYCtAd/J8FMEARBECSgAjPxK2NeiIauRQnMBGgP/k6CmSAIgiBIQAVm4lfGvBANXYuvGM97ogzfnoSZAPXwdxLMBEEQBEECKjATvzLmhWjoWnzFeN4TZfj2JMwEqIe/k2AmCIIgCBJQgZn4lTEvREPX4ivG854ow7cnYSZAPfydBDNBEARBkIAKzMSvjHkhGroWXzGe90QZvj0JMwHq4e8kmAmCIAiCBFRgJn5lzAvR0LX4ivG8J8rw7UmYCVAPfyfBTBAEQRAkoHKjsVP+mzsAIGelPFU+nT02+T4ByZgXoqFr8RXjeU+U4duTMBOgHv5OgpkgCIIgSKCFtBQv17cHTsbTcjV39Ct3DLSM50K0ci2+yjjfE2X49iTMBKiHv5NgJgiCIAiCIMhEw7cnYSZAPfydBDNBEARBEARBJhq+PQkzAerh7ySYCYIgCIIgCDLR8O1JmAlQD38nwUwQBEEQBEGQiYZvT8JMgHr4OwlmgiAIgiAIgkw0fHsSZgLUw99JMBMEQRAEQRBkouHbkzAToB7+ToKZIAiCIAiCIBMN355UYybzdrU/sJPEKl8xtRRtMDbIy8CUwt9JxEy6uvtJOrv6+HR09iIIgiAIgiAzMLJmIWsrknT3DEjh25NqzKS8rDPqRMd3d7ZHnegcIQXdtb3yXcaFw1J3LD44yGgMDkk7b5GvVQAzmXb4O0kyE6WcwE8QBEEQBEFmVJStQamhyJtJT6+Nb0+qMRNGeTbrORkhz9fINx4H3UZjSPRpUUjq9kQajUbPDeTATKYd/k4iZkJuL/6eG1FREARBEARBkJkTWeOQ7y0hWuIzM3G2dimdRLWZ1H0QniLzjOLotafpv8aXjpRtiwwJNsafpy83LQ0h0hL81GreTNbSwuAUV09LtDHEVpdGNhNe26KeCibLkW+lVY3dEwMmAH8nMTNhkd2C0BUEQRAEQRB9R9nkk0XpJD41E2ef0klUm8mRl4xVsqLGtPAP6si/xkXxwRGrk0y51Csa0ozhK6vOleWaNoWEimbSXRwd/qekqtIsozGE7RpNPCQ4PCsvlyxb0qNW7sqqKs2NWhRf5ZBqBz6Av5N4MxlTThAEQRAEQZAZEr6J6D8zcSqdRIj19VvyLcckZZFyaFaRcUMR+cdoXCgVRQe5h3glRQi7nI8PcQlJw76ItEZhM6PR5tqMmsk+ufXoCofFGJnAF0SHB3fzr/0GfycRMyH3lvLOg64gCIIgCILMnChbgFJ4IfG9mczb2X7q9kD/kLxcBSOO5ooupv8ajdFSWRQ3+YSN5iLiYTRGWFzYhF6RaNkcFZtlbURw+J+ONOi1z4STkynTEudIZiJFeS8iCIIgCIIgMzNKISHp7bOT8O3JSZlJ0M52eZFq6pIWCmO3XHRnvWbM7aNLvJnwfSZiNwvtM5HPlZebiQDZLCpdtxNNijaE1BAj6S5a+O7UdRDxd5LMTKAoCIIgCIIgMzzKlqFMS3xpJvOS5A8OnsyHnCQtpfPUU47l5pqSyEL4RjqUy+lpJs76FNc8k3h+nokxPCo3LzfprShWwptJWezCrNKamtIsY1BkmmLEmJ4gcrIwduq0xDk+M0EQBEEQBEEQFklIfG8mD+xsXy/M6xDp7yEl/VwB0Df8nUTMRLrDlHchgiAIgiAIMmOjFBLfm8nFavmMhrRKdR+yCDQJfyfxZgJFQRAEQRAEQZSNQ2X49uSkzATMcPg7aUQzQRAEQRAEQRAv4duTMBOgHv5OgpkgCIIgCIIgEw3fnoSZAPXwdxLMBEEQBEEQBBln+voHWfj2JMwEqIe/k4iZkHtLedshCIIgCIIgSC9nI3z49iTMBKiHv5OYmbAob0QEQRAEQRBkJkfpJDAT4Ev4O4k3k/FEeb8iCIIgCIIgmouymTeh8O1JmAlQD38nTdRMEARBEARBEIRvT8JMgHr4OwlmgiAIgiAIgkw0fHsSZgLUw99JMBPdRNlLiyAIgiABGOWvMESL4duTMBOgHv5OgploPa4f9PQTW7t7BhAEQRAkYNPTOyB8vrj4EePKX2qIhsK3J2EmQD38nQQz0XrYD3fys578xO/q7kcQBEGQQA7zE5iJDsK3J2EmQD38nQQz0XQEJ6FdJfLvMQAAABDACH5Ce06Uv9oQrYRvT8JMgHr4OwlmoumQn+nkh/vg4JD8ewwAAAAEMOQ3F/n9BTPRdPj2JMwEqIe/k2AmWg7tMHE4oCUAAAC0B/n9RX6Lkd9lit9uiDbCtydhJkA9/J0EM9Fu2FAu+XcXAAAA0AgY0KXp8O1JmAlQD38nwUy0GzaUS/7dBQAAADQCBnRpOnx7curM5GrPVURn4e8kmIl2AzMBAACgaWAmmg7fnoSZIOrD30kwE+0GZgIAAEDTwEw0Hb49CTNB1Ie/k2Am2g3MBAAAgKaBmWg6fHsSZoKoD38nwUy0G5gJAAAATQMz0XT49iTMBFEf/k6CmWg3MBMAAACaBmai6fDtSZgJoj78nQQz0W5gJgAAADQNzETT4duTMBNEffg7CWai3cBMAAAAaBqYiabDtydhJoj68HcSzES7gZkAAADQNDATTYdvT8JMEPXh7ySYiXYDMwEAAKBpYCaaDt+ehJkg6sPfSTAT7QZmAgAAQNPATDQdvj0JM0HUh7+TYCbaDcwEAACApoGZaDp8ezKQzSTrmf0FikIkgMLfSTAT7QZmAgAAQNPATDQdvj0ZQGYS96zR+NeDynJZlhv/rCxEpiX8nQQz0W5gJgAAADQNzETT4duT2jMTI8wkYMLfSTAT7QZmAgAAQNPATDQdvj0ZyGZycGESHc1lDPpDyd3y8ktHXtmfXd1UbjQuLycvm6qVNSBTHP5OgploNzATAAAAmgZmounw7UltmEk1txn6TAIn/J0EM9FuYCYAAAA0DcxE0+Hbkxowk4+2LDT+euHy95NYOcwkcMLfSTAT7QZmAgAAQNPATDQdvj2pATMR01luDFp+FWYSSOHvJJiJdgMzAQAAoGlgJpoO357UjplQJ3lG+PqKcl9kWsLfSTAT7QZmAgAAQNPATDQdvj0ZYGbi4s85VyUzeSbsl7To17/PbqebZSUtJ69+GbVDWQMyxeHvJJiJdgMzAQCAmcDV29Zhedk0MCycibx0csBMNB2+PRlAZoJoLvydBDPRbmAmAAAwEwgELWH4/ExgJpoO356EmSDqw99JMBPtBmYCAABA08BMNB2+PQkzQdSHv5NgJtpNIJpJQ0qE0SgvDBi668q6hQVyksYNRbK1AAAAphiYiabDtydhJoj68HcSzES78aGZkIZ6SOTaTe9sCg8NJssW+fpxo8pMjItSGuRlhCKjcSE5pU1vRUU8FkLOKr50jPMapR43ZRtD0oQtYCYAABAIwEw0Hb49CTNB1Ie/k2Am2o1vzSRin9iqXx1qjEofwwFGRY2Z2EYxCmIm0dKLqn0riT1xa5WMVs8IwEwAACAQgJloOnx7EmaCqA9/J8FMtBs/mYnTQZWANtsbUqKLnXXH1tKH7EWm0VW25kihUyU4PNLicO/enLeJ9rosXcuZSYNYCaM42l2/07Z2aTitMzgkq64lOIguMqTNBehp8K+rYkMW7qoTX9iaI8iZBAWHk4NSLLJ6bA1FKe9EkeXg0Ihm16kWbTAyd3GbicMSFREiXFJI0jFX5QAAAKYEmImmw7cnYSaI+vB3EsxEu/GXmViOGB9LoI30hpTwyMiES2xqBl3B9Vp0SyJhK442RiaxZTroaiwzIRvU2cRi4d+iUfo6imRmIpSsLaKa0e0+E0uRMShKXMvV091YZ2FHcTQbjeGsUGkmC41G6fK6u12nBQAAYEqAmWg6fHsSZoKoD38nwUy0Gz+ZSd0HC8WuiYYUjwFUdUnGP2VJrxIWGo/QMV+WIy8Z4y+Jhbmvj2kmdUYjEwmJ8ZsJqTOCblqXFBJbJZW6jjhaPdIGI5iJtAoAAMDUAzPRdPj2JMwEUR/+ToKZaDe+NROJ4EXxYikxE24yBmnWx5+XXjmdp9dS2RCGb7lnpZRGj2EmxdHGjWVSscBoRjGqmZAzkSFuz9fT11C0Lz5cmDrv2mAEM2k+QceqBS+MEjtYAABA47h/Mi5K8VzTIP0FKmpPjeeqaQNmounw7UmYCaI+/J0EM9FufGsm7NlcSSZOGxRm4iEQTDZkU97HnGfiMeGEMW4zcU2AIWcS+eYm+tguV8TtuXrC6bST4E270nLzcr2YCSHrnQg6RyUoXJqOAgAA2sX4epaF0SH7i4vbTILfFH8AVr3r/ckifgdmoulcunSJNSbJAswEUR+YiT7iWzNRCIPcTJpTI/lndtV9EL76hI3Ywlqj0T1z/DTtghCWGlxzQoQXeyLE+uuTjC8dcW3NGK+ZZL1mjDLRE3DX5gFXz+m1Ie8qh3uNbCYidDoKp1gAAKBN5D/cyE/v0/QhJZtOl7nn+wnbRNCnf1CUP0+nDJiJ1nNJgCxMnZkA/QEz0Uem2EzYrHfXn+C4GfDZq6UZ8JHCA7LYMlkIce0ewtVv5GfA0wU68yTtvljCUcSbSdqbC41Bka5X9OhSF4etmdXM1XM+3rgoqUHYoG5PpHRK3syEn1UPAACaRbQN90/dBnFi3v00mZmQH4rR0/0XGZiJbgIzAeqBmegjU24mzvin6JSMte9sigwNDl4qPEeYQj0h6q1Nq5eGRH4Qv9L1ey46lP5qJBtHLQxOMW2S6s96PcQYHLLpnbVREeHRxbSEbhcc4RqUJVHEPmlx9dJw9vmPaZLQCGciVLJp7UvEMiJYIVdPA11cGEWOQnwmfHQzCQ4PZ+PByElKHgUAANpFGs3V3ccKithPWqezDmaC+C8wE6AemIk+4kMzAQAAoA8UHcKSmbjnmcBMEJ8HZgLUAzPRR2AmAAAAZChnwBuDFnZ3d6e8Eq4wk4aURcbpfTIhzEQ3gZkA9cBM9BGYCQAAABlskgnF9dTgumP02STxpRaFmTid9UfIqmbxxTQAM9FNYCZAPTATfQRmAgAAQNPATHQTmAlQD8xEH4GZAAAA0DQwE90EZgLUAzPRR2AmAAAANA3MRDeBmQD1wEz0EZgJAAAATQMz0U1gJkA9MBN9BGYCAABA08BMdBOYCVAPzEQfgZkAAADQNDAT3QRmAtQDM9FHYCYAAAA0DcxEN4GZAPXATPQRmAkAAMwEhuUF04bPzwRmopsEkJlkJ6Zu23G4hisxxafGJJ7hCkBgATPRR2AmAAAwE7h62+pzJVDBsHAm8tLJATPRTQLLTBJyr8ccqHYV9G/OuM7MpOfO+fS9R2JiUxPShbVNZxJij1w8kUlKDp65OyhVAaYWmIk+AjMBAACgaWAmukmgmUlTTNwp8bWlIuu2k5mJufhUYvqZDmvLtrhUuoqaiWlbekXH/dtUV/Kb3LWAKQRmoo/ATAAAAGgamIluEnBmUpmWaqav7mbtoBIiG83VmHuk0cnMRFAUwtWCzbEmfhswZcBM9BGYCQAAAE0DM9FNAs5MnDUFWbed5Ovm2Eyny0wGW2qy0+jYLRK5mfDLYGqBmegjMBMAAACaBmaimwSemRAbiS9IjjOZahx0mZpJe8yeCqEjxXkxXWEm6DOZPmAm+gjMBAAAgKaBmegmgWgm+XtSt528ywpZn0lMrCm58PbtqxWbt5okM4lLKcE8k+kFZqKPwEwAAABoGpiJbhKIZjJQnkUHdAkwM6lMz9wclxqzNXPwco5kJpWZdHyX6VwLns01XcBM9BGYCQAAAE0DM9FNAshMJgDmlgQGMBN9BGYCAABA08BMdBOYCVAPzEQfgZkAAADQNDAT3USbZgICA5iJPgIzAQAAoGlgJroJzASoB2aij8BMAAAAaBqYiW4CMwHqgZnoIzATAAAAmgZmopvATIB6YCb6CMwEAACApoGZ6CYwE6AemIk+AjMBAACgaWAmugnMBKgHZqKP+MpMlDUjCIIgyJiR/zqZODAT3QRmAtQDM9FHYCYIgiDINEb+62TiwEx0E5gJUA/MRB+BmSAIgiDTGPmvk4kDM9FNYCZAPTATfcRXZgIAAABMCzAT3QRmAtQDM9FHYCYAAAA0DcxEN4GZAPXATPQRmAkAAABNAzPRTWAmQD0wE30EZgIAAEDTwEx0E5gJUA/MRB+BmQAAANA0MBPdBGYC1AMz0UdgJgAAADQNzEQ3gZkA9cBM9BGYCQAAAE0DM9FNYCZAPTATfQRmAgAAQNPATHQTmAlQD8xEH4GZAAAA0DQwE90EZgLUAzPRR2AmAAAANA3MRDeBmQD1wEz0EZgJAAAATQMz0U1gJkA9MBN9BGYCAABA08BMdBOYCVAPzEQfgZkAAADQNDAT3QRmAtQDM9FHYCYAAAA0DcxEN4GZAPXATPQRmAkAAABNAzPRTWAmQD0wE31kGsyk6Uwl+Wrv6bC2J8emkq8dPXZSsO3ETbpsbSfLjblHYt4vlPaISTqS3SS9AmC6Gepn9+qe+FRWsDnWdJuU3KnJ2meq7KElCXGp2Y0OtvZg7BH29eNrdK8Oq7CF71AePSY2R1obk3iGLQycPRW3o8RVXBMTZ2JL2YmpBy84e4QrijlwXjxD4f9TdpnbYo/QhQFHTHxOZR/dJWuHeOH+oYb8/z7Q2UKuy3S53/WynbylicVmsjohl/44qEwzxcQdabG2t9w8z/by09s7Dbh+PCafEX8kHtyaunlfCVm+eDLr4IUetkGH9by0AeH2ycMxB6rFGtiP2RkDzEQ3gZkA9cBM9JFpMxOBg7Hu9g1rbTCImdw4cVh8Ya0srz8DMwEBR31hFnOPCzmVQ+7izXHUChJic0hrkrWkJTPxy2080tFHMBNLRWJcjrkw01Vck93YtPnodafLTMSN02rEJe7/0wTh/AkDF3I2x+c4h27vKfdr65+qiJP9hYKevPiy5qiJnZ7ws6Ip7sRtj51cm+kG8uNR/L4M1Ry8IFouweTyYXLJ0jeOsDnxTE2GaJswE0SjgZkA9cBM9JGANRPn7ZJy4a+ztC3VBDMBAcfHrn4Dcrs2cuWJQjuemElP1anNcVlOP5vJiEdXmgnZbHPGdeIn7H8r1o5PiKX+P34zIf875u9JNRdnypzA14iOUZmWGpNe63ppT4hjXSjsZ4VHo1xAv2bi+QOwcO+IZuJILDQ7awrEbw3MBNFmYCZAPTATfSRwzYQ0kvZUED/Z9n4hzAQEHI1n0q+Kf8Ye0Q0SmBtYKpOregLBTDbHpsawkP+tKEI7fuh6QnbTRMyE0OOqwX/UsFPNr2M9M8Jorgs5pa5+GpiJa9H9JpgLM9mbRv3TCTNBtBqYCVAPzEQfCWQzSYzNrMkwbTt5F2YCAg3Smnf/bzPSeCrRTEhbf2uOX81kxKMrzMSRmH+XTRpJjmMDusR2/Oa4IxM0E24bfyFzDPbSvM01fAujuVyLkpmY8/eY2Pc3Ib6gZghmgmg1MBOgHpiJPhI4ZiKbAU+LLuTE7Kmg4/RhJiCgsFTuKW5it+ugUCDMQe+kc9BTXDPgJTdoPBMTJ5qJn6ZoK49ec9SUfbWlY6C/Jjcru9HRUZzZIW1dUyCIhasd31MdE6cJM6F9BZvd80yoHMZszaLv532mKDqaAS/gNhOnawb8QL84A15ENBPy7WZThpys82RvJfn2lQr3Z0cnHf+me2AmuokPzORi9e0O7q81YOYAM9FHpsFMAAB+gD6rakeBvBSAGQDMRDeZrJl0VOXQcY34UTgjgZnoIzATAHTCUCeRk0LXo4oBmDnATHSTSZlJzdHD4nQ6krhM+nS/2FR+pDjQNzATfQRmAgAAQNPATHQTtWbSczMryeUknlFpJk1nyL70gXcc27gRlhMixnNELPATMBN9BGYCAABA08BMdBOVZmJ6Ty4kkzeTzfHSowxF+Dl5EwJmMjXATPQRmAkAAABNAzPRTdSYybY4t4dsO1pLizqr3XKSWHhNxVMxms4cLK9OjnM/pWfg7Kn8mjNTbCbcM8LB2MBM9BGYCQAAAE0DM9FNJmwmsh4SqTzZs7xS/IjZcdMkSMjVAlONMHXPUpFIKr+Qw8yEzWApv3rdtDM1m83tu5CTlXvElHu+UnhU4MGtqQdzz5cXllwTKouJNcWllNy4WUs/WOpAtVB2NzGzovzq3dLMTPfTBt8z0b3OVcQIH4LrtPeQq6CP2BsghzDHbM26ePV6djp77jsYAZiJPgIzAQAAoGlgJrrJhM0kIS41huszueZ6XrD7w2WFtR7zRcYDMxPnXfaUdPo07vgCyUwS41IT2MPMh66LpnEhJ2ar9DFSDvaoeAlyAqzb5lrm4ZjYLH4VVY5EOmaMmomra2WPS7G4j1aoUTksbSYBM9FHYCYAAAA0DcxEN5mwmTjFNv2oUdmgF83ESbtK6Nz3w1m3qX6wQs9DCEJyIcf9MUzWStlB3aO5iMCIy/aDe4/EbRVqoJ+GK1yF67OiyDJb4D/0LTvFFBN/pJH2n4CRgZnoIzATAAAAmgZmoptM1kyyz1SXn6NJdM2Jn6SZ5O9JNTsdMTtK6Cgtt5mcEj/KVPps1wmaSfkB056T52vukN07x2kmhPLcnJg4E18CeGAm+gjMBAAAgKaBmegmkzITWfnHO3xgJs6+6m07D+dbhGVuNNdml0WI8Gbi7I+J85gNojQT99laKr2Yycfvyy/KWXWKOxDwAGaij8BMAAAAaBqYiW4yGTORzd9wNmZP4pMWJTMRpqyISy4zcTodHdcqNtMpLqbsmna2ykMYOm+ytTXCzHulmQzeqRQ7ea556zNx9twk22zOrHU627cJQ78S0s+Lq4ACmIk+AjMBAACgaWAmuslkzGTkqDQToEFgJvoIzAQAAICmgZnoJmrMZPBOpSk9Z7SYXU/rAroHZqKPwEwAAABoGpiJbqLGTABgwEz0EV+ZibJmBEEQBBkz8l8nEwdmopvATIB6YCb6CMwEQRAEmcbIf51MHJiJbgIzAeqBmegjMBMEQRBkGiP/dTJxYCa6CcwEqAdmoo/4ykwAAACAaQFmopvATIB6YCb6CMwEAACApoGZ6CYwE6AemIk+AjMBAACgaWAmugnMBKgHZqKPwEwAAABoGpiJbgIzAeqBmegjMBMAAACaBmaim8BMgHpgJvoIzAQAAICmgZnoJjAToB6YiT4CMwEAAKBpYCa6CcwEqAdmoo/ATAAAAGgamIluAjMB6oGZ6CMwEwAAAJoGZqKbwEyAemAm+gjMBAAAgKaBmegmMBOgHpiJPqJvMzG6iHwrpajRJl+toGgD2TYipcHpLI4mS0JZA1kokm3nCd2UERwSf6xOvnpEXPVHCPuRhZRF5N9o+WbesTVHhAaT3Vbvyqq5P/bV+YS1IUbjohS2nPtOJDl61LaiZofw2tYcQk7nNwtJCbcHAAD4F5iJbgIzAeqBmegjM8RMKEGR8tVKmoviTTXdTrVmIkB3HxNH86ZtaU7OTLovpSWdbpZv5gVHQwr1ApHV2VNjJt30YMxMHPSdYQS/kkUK+POxyPYDAAC/ATPRTWAmQD0wE31k2s1kaGiooan9+u37l6/fqyGpu3f1RtP1W81Nre0Oh2PYhXy38UGayLQDhBMAS21WuNDPEBweydryZDn8g7q01xYaI9O89ZnYmqMiwoODaMdIlWe7m266QZQX8Yi25qJ9m2QbR0WEkLWRryVl1XV77zOpMq1lZ7h6F62WvQyJWJ1U7laXhn10V3Z1LmybXqKFZMuU8/SotE5X/4Z7Y4clMpz1tAjnTF6SNyQoOO3S2EoVFWSMeIzVact6jcgePeHV4iXYyNcih9PZl0VLhDdktXDJjOhieW0AAOATYCa6CcwEqAdmoo9Mu5msejvzkad2/ixiV9BT73157uv/z9cX/cNXH3/4f6J++vtXo7ck9/f3DwwM2O12ZinyncdCahaTlvfCDfTv+s6+qppmqiTRoaQJHy9tE7xo9aajdd7MxOlMO1fXbXPW7aFdA64jUPg+k+DQlaywITuF31ioeTVZyNp1pMbhbTSXLZs27KsaLVWmpCM14ss6iyVe6JFwq0hfGb0ESTAEUkxV5GtkEC23jGQmrLaQV1Isljqp8sg9dU5bHT2KVNFINOyLNL6W5aqzSPKxorfo4YqcRUbX2yKURB95yWhcmERe1n0Qzq4dAAD8AcxEN4GZAPXATPSRaTeTAx8VPP3zZ1/8w4rFj74Q9OD3H/nidx/556//6uv/GfajeXv2mrq6urq7u4mfDA4OTspMjMELXxPb6AxBFagJsNVc4ahmItKQIm3P8BjN9ZsIfpW0cdW7tPegqME15mp0MxGa9VFSBcJLoVl/bhOpIjKVG/HVXMSOGV/q0YkjVGVsGMlMmEWk3Re3FKVCmCVCFo54GYNVn0KEp6hbqpMzE/qmeZqJ8N7SLVlXEr1Yz7cFAAB8B8xEN4GZAPXATPSRaTeTga7OivWvFK7/c+47G+J/OnvVlz775+98ee2Pf7j1149cu3KlsbGxubm5o6ODyInDweZZTwDWHCckCQZQ5nRSPwgOiXxt08qFtPXMtpHazV7MJE3osgh+KmrTmyP1mXCjuYg8jLhx0S427ikkutQ2upk00IUI2tXAcL9sSKEbuw4k0XxMqHZjWUOqMB/9rU2RwhCqEc1EkhYGexn+WDjLkUbXCkGoKNx18UQXN9C3NJJOlXHVSd8oQZtcl3A+npRsei0imFzzxjJX1QAA4GNgJroJzASoB2aij0yvmQw5HM1ZaZcPfHgpLbV81/uZyxYmPvL9uB/923shPz2+YuHxl565fOnSjRs3Wltbu7u7BwcH5fuPBWkZJ1yyWOqqWHvaIpSkCc1nYcjTBMwkQmhe25zO3A204e86AoVu+nqWxWKpyUsii/HnRd/gN64xxXeT17YyuoI090c1E6fFFGUURnPVHIuPer/MJmwpjeZKco24IqcavDCqrKY59126YuGuOlpDCKnBxuZ2NIhdIiHkxOryaCXkuljlwmiuZlo5G9z1Oh3n1lyT67qgEbC4SCBnHJFAroXt22yhw8CMwiWQr5EfVGW9To+/OttGN1iawvaSVwcAAL4DZqKbwEyAemAm+sj0monDZmv8cMu9gpO387Mv7t557Mmf7f/JlxP+49N7f/uf2c/9/KOnQ85VVFy9evXevXtdXV12u12+/1iwRrOI8Gwu6VXk0sgJmUm8MKmDEjpSnwlH90gbsyFPAt77TMibInoUhXZZCI/DciEdlKuQHCW6qFscMGakl0b7g+g8/FL3qYWw7iNHVXy4q0iovEhwJ4ZUuRe4fhj3s7mMkbSE9RQxGhxO1mciIhvkBgAAvgNmopvATIB6YCb6yPSayfDQ0M3db9cf3ddwdO8nsTHJP3t4z3/84zbD5/f8/LsFT/wk7re/LC0traqqunXrltVqtdmm5sG4wDcQH8kVP2WFduN4PkYMAAB8BsxEN4GZAPXATPSR6TWToaHhdbvy9hyu2JdxbtOunLc37X8/fMWaXz69bP5LPzE+/cvfLz59+nR5eXldXZ3FYoGZaAvaF/MbOn2FfvyiMUS+GgAvWE8ERa6rN5vrzx4yzF7AyoJmG4Iit5hJYQt9uYC8XL69sSbPELSG33WBYV5eTh4LfX1+S9Aft5fcMG//Y1DyLfdm9XsXGAzijmTJvUKicE3yHXnZVJKblyvFGLQyy+LcFG6MN1XVnUszBkUdYc+x6K4xBgePoP2OZlLuflR3Q1r4m2kWS53wFA26dWSQsaaRjvQMYZ2lDSkjP9e7OHqEygMPmIluAjMB6oGZ6CPTbiar3s3a/dHZD9PPNbVY2l98/dasH59/LqrixVU/+dnTv/j94oKC02fOnLl+/TrMRHNYzqfRT3ShT1IOL2rE9w6oJGauoA0tGQt213O3kc3wu+21wkMxtv/OwyvCDKLJMDIiDV3iYpchMkMqX2AIdDPhqAuJpQ8E724ULWGl0Rixjy6vDTdWnRhBHpKWBh8pdstG1bsh9GHlZCE2xPhYAlkwPkafmc5K6OQ1mAkSGIGZAPXATPSRaTeTt3YVHD996ePci7mfXG1a8saN7/6y6OGfmn7x+H8bn3n0iT8WFBQwMzGbzTATAGYgq2ZTbUhe4CkPd5LXFLqWiULcc68xzF7nfuF0ruGsQzKQ2m3z6h1OrZjJkZfo0zt41vIPEB9NHjjZsBxbyZ78kbTIaHydPuvCGCQ+mpyU0B+sMBMkMAIzAeqBmegj024mr7x7MvV41Ucnzr+1/dQ3f/OXHz+y9MFvzTP85KkfG59+LGIVMZPS0lJiJm1tbQMD03aeAIDpwNZ1I8/w6BanIBgX964Km2swzA3rcjidNdt33XJtdT6GVwjDbLIRZUsOfQz29t+6rcPADKRm+zyhX0UrZrJQMRjSPZrLObo88LLhaDAGR9osVcZw+rQMQkqkMb64mZXIN+YZrfIAA2aim8BMgHpgJvrI9JtJ/Mk96ec+PHwu/WTV8rV7Fr/ybnjE6ieX/vVHjzwV+uTLzEyuXbsGMwFgZmHrMpvrK3IOGWYHOQV5cA3KIkaxxIuZSNRum5dhJv/aIoxziJNE/C1vnmEeeW1YsKteGNqkDTO5nxaV7tFlsjqUPgDQzWjywMtGd40xPKpo31pj+Mq0OtpHkrQ0OD6vipXIN+YZrfIAA2aim8BMgHpgJvrI9JvJlqxdH53b89HZxNSiR5e9+/uIv/7msZcXr9jwhydWzn/2T/n5+TATAGYyjXsXlHh2fYRRwbi4YK/4yaDEQC5K63jOx7jthWIzRGaUvME6VCTWlAS2mawO8nicd3So0SL7yNnR5IGTjWjpmeB9WavpctHqE67BsX1ZdDOYCRIYgZkA9cBM9JFpN5Po3fkfHq746Ngnf40/9oWgP3/u+8989uHfffu/n/7pLxeFP/1KXl7eJ598AjMBYMZyYqWBiEft+/PYfHcnHa9F+zpGmwEvkbdmbgXXiO8qXLOuxGauER/bRWIwROTl1JoVZlJRUkv/kZmJtbbkrOhCU4k0IYRiKQrfWOR+yRhNHngzkfTmUnw4HRtWFmVy9cNcio8/rzATW7PoP7LKLUKHS+ABM9FNYCZAPTATfWTazeS1d493ffRRz8dHbLUX03Pnvb33m3/3pZ8/9P3HIl96K/ypV3Jzc0tKSmprayduJiVrZH8bfaNEvokf6CrZbhDGjZhlf9ckJyT9sXZuUMYNaWTKqJiPLjfMoS0wfgovACOS8pbwOZe/WdisuPE0SUvFPGEIlmHO3Ixa8X+W5JVhc2cb5hgjxMZxS17MM3PJFnl3WEHJ3L9V0LFbvxXmmcyZK5bfO0Rfzp576Lz8fzp+NJcL2oXCxo8RM3EXL0guWR9kmLOc330KsKRHJdEnZ4m4P7qU4vr0Uk4e3AbilMlGd2Q4fXp31LbcZuFdqTGtZbWQErYxV3N0Q2ok1RWn+JmzIotSyjaGZEnzWwIJmIlu4iMzaauOiU2leX8qfvGDAAFmoo9Ms5kMD287d7v8wwMXPjzQsCX29fjZ4S9+7e9nzf36nEdD5i/8dXhkTk5OcXGxKjMR8Vmzvmb7eIZ2sLZO3hralJGtImYi/cV1DXsQ6vjw2SUA3eKed+BusM4wzOlL5OYx8zC+liUvmhnATHQTX5hJT83BrYKWxKa22OUrgY6Bmegj024me3Oq0ncl5+1O2bc5Ztfh/1765he/87M53/iv37+67rFfhy0hZlJUVORDM1nyKP0j69xnxL+VGp5MPvHGgrmzDQv+lud0mMnC3Gdi8oTPceu6kTFX+KNtxN/o57WRVQzhDzBddE7t7LlhS+lTg3gMhlVOYfwJ/8kJDN5Mkhew5a4lf6AHmeNqTW5ZSv8qTE7wxB06vJ55DswEjJ8IaUYBADMGmIlu4gMzORgnaol8xYRoOpOQ2yS9asw9EhN7hFvtE5qyE1Pzz1WXn6vYHJda2SNfrQJy1QcvyAtnDjATfWSazWRoaMsHmR8kZu744MjLr74b+rzh7/6/r//dpx7+yjcf+cGPfh/06ydPn6aftDiZz4Dnm/XsgxEEugy/2+6UniLqdJpNEeKE2rMxcw1hrs0oolFwg87nSXU66g2vCp8z7aIxZUHE0rCIvfxHwom4zaTXbJjj+YdtRwk9+p1kvlsGZgImjsX4ks9/ewIQ6MBMdBMfmEkCG8cVmzpIX9m3xaWaLsu3GZupMhPXHyxvxyRWCH8VnRSSmRTunZyYaROYiT4yvWYyPOS4vu6Pd4+m3zmWVZGwe8f3H3798/+07J8+89qcH73xi1+s+80vzp47d/HixTt37nR2dtrtarpl+Wa9NKzc6Zrz6i6RxONOMltlu1My71fiByPIzIQfqWXgP3CaiMrssJJ3wpan1wsvS5ak06eWMoiZXDQTGmtLTsxhA9mdtjXPzAsSDsK8aNXvaA9KcgldhpmACdF8YnWI4oMvAJgJwEx0Ex+YSdYO0Uxi3ssy7UyNiTtV3iffZmxGN5PKzExaeZyp3DVWjErFkHlzXOrmpELym99cVUA2SEivdu3tSNxh4rd3wZtJk2gmQ517kkxk98QTtR1Dwhp7y2ZXL5DYETRkZufAHUJENJPbFWxj1yXITyAmLudabhbZYPMOOgA0WVi77cAZtjY/TbzA9LOTd6UpBWaij0y/mayNakxNvpOaejF2S+rXP7vtn//xL//4D+sN31v/yP+s/1XQ5cuXa2trm5qaurq6BgeFP4BMENVmEmQwVNwwm602YgjjNBPz0eXCU0q7qGnsrrflrDrE/W/Nj+aq+NvcvF5SErTOVFFvJvbS6HoEqs1ck0HspKILZgImBtGS6NOyzwoHYEYAM9FNJmsmB7em7jnTdPHoYakpb2bt+4nSdEaqwRVqJubCzI/Z5yEJ/RI1QuVkbWKh8GfIusKYnYU3hMLSfak3yD+WysQ4sfvCFJ/q2dpymYm9Z897qYWeP73z96QSVyELca5haQPlWdnCAyjImWQ1CudQU5B8tl/aRVgl9pkc5Aaz8ScQc4DKTIy0tuc8MTdhyXEt83BpH71w7Y4Hg5noI9NsJsNDV7f8peb1F2v+uirjp9/d9em/2/TA3736f/73iv/793/+ztcSli1ubm5uaWmxWq19fX1DQ2p+vvDNem7euTSaazQzaTSsPMHWxMwV+0ykz0ZwP2PUUcuP5rr4ztySXnHZfGyV4b/XSaucCjM50cvVczZG+nAGgUbD+hKYCRg/IUHh8iKNMzAwYDab2yYNqUTdFLVAAG/COIGZ6CaTM5NO9kgu057C2weFnof0c2r/6t90Ji6topxOAqHJTzvMzITYiPt39YWc9Kv0X7KKOYNzqDruxG228saJw5VOZ0dxZkxsJiupTEv1/OglaiZMezYnFnisETaOSaSdGO5RZBdyhGFp7TF7KzvEopqYdOEZ5y5GNBP+BGLicthmrpVNMSnsOXyC+TSRS7ges4Nuo0VgJvrI9JoJ4X7N+TMvzi8M/8nRR76z8wt/v/GB//Py//u/V3zmH974saG6tKS9vb2jo6Onp0fdJBOnZ7O+q3BN2N8yzDcqDq0PW1PY5fRmJmRVUKPZXH/2UFDQXPqDyJwR9GpGvZl2cNTvXbD8/ZLGmrzty4OSb4kVUG4lGx5dk5eTt30lnVUfNtvg+tMKxTWaq74i5wSb37L9d4ZDNfQgYXOChHkmhw6V1JLXee8vX1dC+2pgJmA8dBdHL9x4JDcvl0Xl/yoBhrxxPTnIzxD5AQIecs7yy5gc8gPoCJiJbjIJMxG1RGjop9GegUkxymiu9Hhu/kbTmcTididt6OdUikU10l5kF1JYc5QI0qkOazuL58gPfjSXSPkB056T58mWpamimZBtSu90DgzZk7eyLpfrMQfoBmJ6PEaIjWIm7hPosNIfhdycmaaYtBpx8UIONROKIz8zMy4uNb1GYz83YSb6yLSbCcFus/V2dd64fPGTUyeKTxy/dvF8a+Od/r5em4DdblfXWwIA0CgdHR3yZvWkkR8j4JFfwKQh76r8GHoBZqKbqDQT6THBJOL0jEkyipmYizPTrypHc41qJmw01ygN/BHMROrNIHsxM2nMP3Lbc35KTKzp4IWRq5TM5OP3PUZzybYey0xEyHV5vA54YCb6SCCYCQAA8Mjb1FdyPV+3Jien8a/P52akpiTvN2UJK299dCCZ8FF2Jb+N/BgBD3/yFO5NyDi0n1xgWmYht5q+CaSw9HqrVHIlNy33CreFBt+EcQIz0U1UmQntLTmcmH7KN70ljFHMxDnUFBN3+OLN2zXnKoghsLXezMTpaMzPjNmZU36uOj1FHFXlYgQzORifmlV992JhwbYdJqnPROZa2UlUwErPVZfmFpo854RIZlJ+INV05vbFm7RLhz+BzenUQ7yZSVPFx4XVHXeulxcWbPYcKhb4wEz0EZgJACDQ8GhNN5ynzfDk/cWXxYLWmty0FA8zST5wtPhKY3X+R5WtbbWnPyq7fKeprfXogWR+G/kxAh7+5Il5ud+EusLMT242tbUVZuxv5LYhb0Jra+P+A1mVLjdJOwQzQTQWNWbinq1xQJwyoSe2xZvE6S5nzsTEydwGeAAz0UdgJgCAQINvTOemJXv2mTSmnqrO5PtMbhYWXBMXk4+dlYqv5KbdlF5osFHOnfuVo6Wt7jehUnSPO8UZ7gt0vQnVp1LZm3D22P7WtjKYCaKtqDETQvrezMRMH/WWBBT3K/aUu5++tTn2MLcOyIGZ6CMwEwBAoOHRmm5r+ig1OfXwSfbi6AHqJB5mcim7zLWYnCY5TGuyyWMMmPwYAQ9/8rWfnOTfhILDtAPlZBXXZeJ6E4iP0TehobSAOgnMBNFYVJqJfmmK2ZrVIkxeLz2ZtVkaeQVGAmaij8BMAACBhkdruo02t4tPfiT0FNQdLb3TJjOTK7luMzEVCP+21pUcLWuQtqDIjxHweJx9G/cmNJSlHS+tbbiZlpLMzylxm4mpoPDwfuEVzATRWGAmQD0wE30EZgIACDT4xnRZcXXrldy6iwWZ5Y1trY03BY4mp9281ehql18++gnrPbjyUSEd37T/QEZhjbvRzpAfI+Dhzv1yLblY15tQlinNnynLck/yF98EIibkTbjF3qabxSerbpI3StpIfgy9ADPRTWAmQD0wE30EZgIACDSklrSI/NlcUp/JzeR0+nwq17O5MtuEprlEZrl7F/kxAh73qTPcb8Id9vAxNrirMD2ZzTZhz+Yq9lAy9JkgGgvMBKgHZqKPwEwAAIGGR2u6bQQzUYH8GAGP/AJm5JswTmAmugnMBKgHZqKP6NtMggxz6s3mjPVh60qEz8W+kxy0fDv77PaSLqezpTYvJ4+FbJNhFnaZbQiK3EI/qr2FvrSVrIt4t8R8r9ZgCGJ1LphtyKtpFGtwOs1Hl4f9LaP+7KGYP8xhJQZDhKvaCrbL9ufmGObMET9j3npi+WxD8rEKsoth9gJawp2GYfZychrSBqROthfZv/Ye/UB6Q5DrQ+sB0C/4pEWn0kwmDT5pEQn8wEyAemAm+oiuzcRsWJ4hLqw8QdQk71VDLfvsVkft3L+J2sDY/jsD/aclY8HuekFiGOaMSIOgG85DzxmEcpvhd9vpv64aYuYKOwolQe9cdFIz8ZSHlhOGR2MqTqwTzYRU0Ssewb2viFintIHTUTGX1nlx3jbx847E8wRA1wwMDMib1ZNGfoyAR34Bk4a8q/Jj6AWYiW4CMwHqgZnoI7o2E6chKIb+05U3733asl9gcDfrDQahv0LEbIikDpO8QN7uvxgbVCFowhpmEXeS1xSKq0gNyfdInWHSxqxOw5PJUombwjWSmUismu1xOGJBQrcNR9eJBXsbyUF33XKVkHrucRsAoFNIM9psNssb1xOHVKLdFjnehHECM9FNYCZAPTATfUTfZuK0VhgMhjl/ZD0nHjbCWYqN9qW4CsPWZ9BxUznrgtaXsNXrHiV1GMyss4UTDLIxsZSS9UHrjtaab1QcWh/G6i/JyTObG2tLDkkDwGQ7OumZEIIae90l7t4YAbbBglh25jbD7LBG0ri4UREUFKQ0HAAAmMnATHQTmAlQD8xEH9G3maz5leFQScW8OYYSK305j+vfmCtZSsuhCJelENlgY7ec1A2WCGtPzPnDmozYJXP+sIW+rNkudV+QGqgkOLrC5hoMc8NW7b1oMKxy7U05sdJAR3cxPM2EWEZFziHDbE5dWg4tSXd3mbANtkQGrSukZ1Ty/hKqKnPDzCdWnfDwGQAAmOnATHQTmAlQD8xEH9GzmdxJ3u76uNR5gkXw8zoMc4WBXsKQKjbWi7D9t+4NwgzzSA0LyFdGzXZBLS7S4VUCpAa3eFBqhTkhbszpS/JYT4tTbiaMxr0LxH4ZxcguCdmsFcwzAQAAGTAT3QRmAtQDM9FH9GwmTrNhDh0EVWFaF/SG8Nyslgzp2VwZwqO36BRzfip8V4nh0XUZNY157y9fkNLIZsDHHK01m+vDZovdKUtcz+YSa2ipN5vN2/8Y5Bq7VbJu7wlxNBd79BZDMpPCmHlL11XcMNefPeEe7uV5GtIGpNpVJ2hHivBgLvdLAAAAEjAT3QRmAtQDM9FHdG0mzrxYOghq7q8iulx9FzHPzDUY5sx9RuwwMacv2S72l4gkrwybO9swxxghPh7LYQ4zziGVrDG5+kNa8shrqQZnWQxZG7Z0S94dtoc57FdzhZFXQReFIWQikpm0VCS/EUE3mDM3o1YcOyY7DWkDUi0roWfAvQQAACABM9FNYCZAPTATfUTfZgIAAED3wEx0E5gJUA/MRB+BmQAAANA0MBPdBGYC1AMz0UdgJgAAADQNzEQ3gZkA9cBM9BGYCQAAAE0DM9FNYCZAPTATfQRmAgAAQNPATHQTmAlQD8xEH4GZAAAA0DQwE90EZgLUAzPRR2AmAPz/7Z3/TxRZvvf/t0pMSDYhmYRkEpJNSExIJiH+sJNNxtzkMTcZM5WRfvq2TMQrw+XZ6UZquxXR3tsq9ICAF8Thm4ytjgwzoCyggOK1R0Fx6zmnqrq6ukC+VLdIHV+vvEOf+tSpqnYd6X7tOacKAEINZqJMMBMIDmaiRjATAAAINZiJMsFMIDiYiRrBTAAAINRgJsoEM4HgYCZqpFJm8goAAGD/+D9O9g9mokwwEwgOZqJGKmUmAAAAHwXMRJlgJhAczESNYCYAABBqMBNlgplAcDATNYKZAABAqMFMlAlmAsHBTNQIZgIAAKEGM1EmmAkEBzNRI5gJAACEGsxEmWAmEBzMRI1gJgAAEGowE2WCmUBwMBM1gpkAAECowUyUCWYCwcFM1AhmAgAAoQYzUSb7NJP5ieiZi3tKa7//WFAOzESNYCYAABBqMBNlsj8zGUsaesTQz/StPX/2vsQjVp+I4T94ZxaG7aP0aKpzdMm/9wPQFjUa0zP+KuwHzESNYCYAABBqMBNlsn8zOd218q5Y6TzreMgv+ULp3cpYZzqAmTRnF+zmWDKVmS3dWzn0ZM5fUoD8w2j6ob/44cFM1AhmAgAAoQYzUSb7NpOOSW9hRRhIqvN6c8xoLP3GX46ZmL/1N/d+oGGTZ2qaiaWI/tKHBzNRI5gJAACEGsxEmZRlJku9XcJAlsyF7hb/9K1yzGSlP915XzbEaTtOG72jU2tWvTEi20PXMnrL8Lw1bqNHMs3J4aHRqdQ5Y2h6uLNf7hXd7C9Z4lhRGRmdavvO6J7fNN/k155P6Ocn1p4/k3sjhn3F+WxXkzEsuvV2dtl+JSp6NNWUlEX3DyJOOzL6cKT/Zv+qXTh0CDk54JETzESNYCYAABBqMBNlUpaZmHd79Fhm3Xw9f3dYj1z07AhiJs46EyEMnVN2TZhJcVbX/b6OyU23rv9tzCy5yoKemLBb6yOZbmkcD73DI3okbb3m3KJrJnqky+3WEZUnlGZSKIq2vJJlJvPrzhs4rGyujVzvn3/jL38wMBM1gpkAAECowUyUSXlm8u5hYTX8A71l2LMjiJlEk7dHRqd+fSoHNGyEgbjttcG05RsSudwl1meWSMVC0UMme2TP52PF6WGyZ8p63dZMetxu4oprjpk4RddMVsb7xB9qaKb49g4ba+M9jacz/uqHBDNRI5gJAACEGsxEmezbTOSYRm/xG7/5Yqb5XLrjqjNeYTpf6/2Tu3bHu86kgNdM3jNm8n4zKXfMxG8mNm8fDTdePtAZU3tEaEn3tHsXggMCM1EjmAkAAIQazESZBDET/VzJ8IiPVDTgXYN3MZN3D20bMa2JVS39K+YuZrKpR20bsY5tu221ZnXDmSrmmkmLZSM29tDKDmZScqFDxOYBj5bYYCZqBDMBAIBQg5kok/2ZSX6yx10Nskui9uypPbOrmZjm26WpxmjJbYt3NBPTfLPUFJNvpun8zUI3s/v8RduaXDMRX+s7WlOi2Phd2h502NZMnD7nPoIA7E7+sb9yIGAmagQzAQCAUIOZKJP9mQmAF8xEjWAmAAAQajATZYKZQHAwEzWCmQAAQKjBTJQJZgLBwUzUCGYCAAChBjNRJpgJBAczUSOYCQAAhBrMRJlgJhAczESNYCYAABBqMBNlgplAcDATNYKZAABAqMFMlAlmAsHBTNQIZgIAAKEGM1EmmAkEBzNRI5gJAACEGsxEmWAmEBzMRI1gJgAAEGowE2WCmUBwMBM1gpkAAECowUyUCWYCwcFM1AhmAgAAoQYzUSaYCQQHM1EjmAkAAIQazESZYCYQHMxEjWAmAAAQajATZYKZQHAwEzWCmQAAQKjBTJQJZgLBwUzUCGYCAAC7sr6+vrKyslwJxHnE2fwXKAPMRJlgJhAczESNYCYAALArfr0om3w+779GUDATZYKZQHAwEzWCmQAAbKU5YvhLFWFh+EOd+UOytrbmF4tK4L9MUDATZYKZQHAwEzWCmQDAJ8hIOq1HjMYz6barE/59Fu/zh+4WQxxYTMuwv8fObDETrYQ6UZn+R0y0qr84kfz5pdvt5c+t2tcDxcMK5L6vPzlY3Mx+W19dpWlV1Ysb1vbm6vgPx8XZar9KOD0GTybmiv1d6jTNex4flZrH5cN/maBgJsoEM4HgYCZqBDMBgE+Ouz2d05v+YinvMxMb6SfJnL/qQY/0+Es2W8zEpbVWq46Mi0ZBKnKxzzWr9bJKq/6yc2CrmbR+UdU1mCgaxUQs9rPTrNZqxM8GTfvyH5bePE0ev2qdN5CZ+JVieTl7z2lMD2UunI/HE8bvT0o6XDLi8fZkZmjaraRFt/QtTxfMhPiDmUBwMBM1gpkAwCfH7M3ma4+9Ba8t2MMgotLUeTv36Nmda5nm3oViV4sSM3n1QD/b03v/8a/D/daxm+svnumR62vPn4mdK4PXWzqH154vNUWtS7zXTFa1Y12rJZW51jrbTJzNrWYimfOYyWqmIbVoN7Ujx8XP2GeO7by8caJ12tpRtpm0x5PZqfnsvSdTdx+JTVc24hf73T5T1415q3Evm7Qbj25eupVNYiZk52AmEBzMRI1gJgDw6fFajxjdU0Xf2NZMCgu0N/WofwDEayaz1y4OFbq659k6ZjKWNObN95vJdOup0dLKRKxaq/Zs78FM5NywqvqmgfEfvjw5KIdKXg6erNa06dWN2iNVTo+yzUSIyT3PmEn8Qp81LPKkPTPm9um/GHdad679ZL0mE5fuYSZkt2AmEBzMRI1gJgDwafJ2dTYadRaKbGsmbmWrS3jNpMOz19EPj5m8Xcp1J+WaFpEdzKRB8w6PiO/aOa0+MVcy42wvZvKy6khNQ1P2xNGqL1NyiGTx6omaI1UDo5kqrWrVPlvZZvLk94m+dDJ+/oIzfWvuJzlNK3HJ26fbKJjJvaxwGHvkBDMhuwYzgeBgJmoEMwGAT5ic7RUeW3i91UwaIym3beM1E9H21u3fpwUzeaa33V6xWnc6328mr7K139tzrSw2prX61uKmw+5mMvC1Zi9REWS+kqqjfd7snlc7ai2CL9tMbIRvCM9YXp65cMNZSdIuNx28YybCReIe0iNuL8yE+IOZQHAwEzWCmQDAp8tv/U0+M8lPuGZiG4WczRXrc5oFvGYyn+1yZ3PZZzOlmVy3Xhf0xIT9GzYVe6+ZTH9f2/W0uNlar5WOltjsbia3vtHclSr26nmt+tS4c6qX2rEu+eozk41FeyzFZyaLo7emPateijKxvHzr7syjheXuO3fjyezy8j3XNJLxC26fu93FdSYzQl8sJq4n45cHxbEuxQuUB2aiTDATCA5mokYwEwD41Fi/f7MxKqdXdWQfrLyzSvkZWTmdTo2vFMzk+lg63RSTxbelh5tb7s010pmWh8cuOmczzV+yGXH+JdMcs3eJk9zteZ+ZaFptcWMu4b2LsMcWimaiCeFwF6WUrjM58UVN1RF51+DsvDV8sjgQOyakQ6v54oTTY/Bk8exHE3NGfcy6bbLsVEBcpv6IVtMkl87bFGWigLvOZOjaBaM9Hk+0T8yJrZn+zviMVbfvzZUeLPRjNhfZQzATCA5mokYwEwCAULF6/GrxOScHA88zIQcTzASCg5moEcwEAAB2hmfAk4MJZgLBwUzUCGYCAAC74reKssnnC6tzygYzUSaYCQQHM1EjmAkAAOzK+vp6peZ0ifOIs/kvUAaYiTLBTCA4mIkawUwAACDUYCbKpGJm8v8S1+ceP/FXQWkwEzWCmQAAQKjBTJRJxcxEjxjn/97rr4LSYCZqBDMBAIBQg5kok4qZCWMmnyCYiRrBTAAAINRgJsqkXDOZ+W1Bj8hnFQ0O/ezftw+ck7jpmPT3gEMIZqJGMBMAAAg1mIkyKddMvo0mXZ2Ye/xk7UWwG8C9HhmdEulNXrxiNX5d9feAQwhmokYwEwAACDWYiTIpy0xsIfmvH649nn969vu0venvtB/ms11j/hocXjATNYKZAABAqMFMlEkQM3nz5u3m5juzYCbeeVyiLvYWu+4Tn5k0RoyhqYeZRKpj0hmKaTqTzj161tkqrtsltyd7rlxLNyeHR0Zv69HrzWfSI6NTQ9cy+vkpsbPztNE7OpW7//BKwuoMlQYzUSOYCQAAhBrMRJns20ymZ/4pbKQxlrrQNWiWysmL//1D1MVmvCPrP2xvlJjJu4eNhhQM01zRz96cdeuC1dst9uDMZE/jpYd2rU1ojOMvm3okI16ayxvAgV3BTNQIZgIAAKEGM1Em+zOT5ZU1IR7n2v67uUXO3WpqlmMRunW/4I2Nt6Ih6mKvaESbLvoP3gNeM1kbdKaHWenqXpDFkavXG6NOUW5P9th1QXdL0UOcEZXlKdnzTHrljbsHKglmokYwEwAA2BWeAU8OIPszk2zfuK0EL/Ovun8ctdu2mdwYuCMaoi4qYxPTjjnsE5+ZXPnl2dpzOy/W35nm6pT+XWZWbL6YiO/FTMS/ooWHvem0HmU21wcBM1EjmAkAAOyKXy/KJp8PdtukbcBMlMn+zCT63cWWNjlRyrTkxGsmf794w2sj5ZuJ+e6h3jLs2Wne6TTG5PIWc8UaTpGt3czEZr6bhfUfBMxEjWAmAACwM2tra36xqAT+ywQFM1Em+zOTOz/P6Naqku4fx9wpVXYld39ONERdtN1d+8W3Av7t0pScuxVNdY4sWN+b3jTH5OYvL/JDid3NpD/pzAeLX3vg7oIKgpmoEcwEAGDv5C6lctb/T2qjR68XNzw0ZwtfUCw2Rk/VNMRWV6drj2jaMef/P239okqrqkrMeTtKNK06N7/45Wda9dcDcnsuWf2X1mxusfUv1QMvZaFOqzmRymZ/lCk91KG+SjsplwObt76p1qrqV1dXT/5ZuyXntZjm4MmtVzTlOZ1DtsWvFBXCf5mgYCbKZH9mYhaWvNvp7S95IKJ3198v3vDuAiXBTNQIZgIAsA9yfancZmFj1r4d6BZmfWYivjw7L//4UtPqZGsxo/05Nn51iye8ytb+57RsPGiu1arFa/bftGn7gpvT1ZFxU1pEnf8oL5tzdT8kbM1o0LQv/2Fd+mny+NUN2aiQmWTvOY1Hk9lLRjzennzi3b3wwGiXxfSg7PdgJBsXW3+/lJ185O3lv0xQMBNlsm8zEUzd/e3n3O+zc0v+HaYp6mLvzG++f42gJpiJGsFMAAD2hR7tsRvu+ElL5/DIzNKvwz1N1x6bb/Jrzyears6sPX/mPcrhxglNqy9ubvGEuR/qrIESycDX2qLlDO5e+1jtyMlbbsmH9BlhPgO2ZsQ+02yZeXnjRKvlO1uvaLN3M2mPJ7NT89l7T6buSs2IXx6at+rxS4Pebja30nHP1lim3buJmRB/gpgJgA1mokYwEwCAfZE5a9i/NPVIyrersEQ2t2XMxEE7Up/4zbO9xROEjbgF21KcMRYL21LGf8zeyi1Oj2aqPNJiox1tnZMDLI6ZCFZHTmly5GTR2d5yRZu9m8mleNy40lcYM7mXHnHqyXjS7ePw+Fa6vd3d6rvcHr/Q59mNmRB/MBMIDmaiRjATAIB9MZ/tGpJrNjb1M/12pTuZjn4nH+m2s5ksXj1+ctCZ1uWwxROm/7PGLYz/R7Vo13jMpNrTNmXn2q5Vz/ZErNXRHsdMFq+eqDlSNSAdpmrVnhK25Yo2ezeTJ79P9KWT8fMXfpfzt+7uYCbSS9K37LaczXWpb8I6xsV/maBgJsoEM4HgYCZqBDMBANgnK3piIj/Zk7GeA93/N2OlsGMHM1m9cfLkDa9GWGz1hIlYoTLd/LkcEolVe2ZzVcfctqSoIhKtFGEa2ufN9hwuufdoQr5svaLF3s3EJntPqEh6eXkm2fvArhhys8jdbHJszlsQPCmd3IWZEH8wEwgOZqJGMBMAgP3S5rkN6ey1i/H+2aXnz1Jn3TGTZ/rp62vPH7v9Xw6erP2my76bloi1FN3C4wma1mAPgLj35nLu4vW0y703V9dTsT13/PtkdnR6ejSjWUvkzaGTwkNKpccZM2k4olXVnVpdXU1+U+sM1wyedO/rlR2Zu/WN1tApDxVm0nDGqa/aklO4h5hZaiYXzrfH5QhI+4QlHpfi7ZcH781P9aVvzwtR6e+Mzywv38smh3IzNvNPlruHpp4IVxm83B4vTu5axkzIlmAmEBzMRI1gJgAA+2XkvDCTtLPxbkU+5CBipEaX3EexpVpSerS4CmXg65LRjOKgRdFMFrWGpG0XizfkypD6b7OLBYM59UV1lbCQL05ZWxv1n8tNrao6O2/1mEvWH/EtOCmsM1kciB0T0qHVfHHC2TMoNcbhaGLOqI9NyLLsVGDANMUJa5rk0nkbr07YvOfeXI6ZpKW7OIie6QtSZtovpPvGf/ecAzMh/mAmEBzMRI1gJgAAH5+JmHNr4EMJT1okBxPMBIKDmagRzAQAAHZmfX3dbxWVwH+ZoGAmygQzgeBgJmoEMwEAgF0RcrKysuJ3i0CI84iz+S9QBpiJMsFMIDiYiRrBTAAAINRgJsoEM4HgYCZqBDMBAIBQg5koE8wEgoOZqBHMBAAAQg1mokwwEwgOZqJGMBMAAAg1mIkywUwgOJiJGsFMAAAg1GAmygQzgeBgJmoEMwEAgFCDmSgTzASCg5moEcwEAABCDWaiTDATCA5mokYwEwAACDWYiTLBTCA4mIkawUwAACDUYCbKBDOB4GAmagQzAQCAUIOZKBPMBIKDmagRzAQAAEINZqJMMBMIDmaiRjATAIBKkGvOLoiXtlgqdfe1f2fFcK4CXjATZYKZQHAwEzWCmQAA7IweMew0/a3fv69IwUyiRny8gmay2fm3LvvqbVcnPqiZrE4kNE2r+vNxX32gqaH2T5r2p9rVTaeyMZ2p0rTaYzG3T+uxWnFs8ueX9mbiqObu8jLwtTbnr1UAzESZYCYQHMxEjWAmAAA7o7cMF5qbjRHDu8vDB3EGISRvSwof5CqCrmOa9teM1VzVvrIbFhOx5gdOs1arFj+z/yakpFlub05XR8bF6/T3tRlLSTJfaVpD0sRMSNBgJhAczESNYCYAADvjMRPTvN/XMSnHDlYG023XckszE4W9jjM0R4yOSXOlP93/3Co/H2uxZKbztDE0s3TnWqYxkhKb89mu7mQq2tY/MjqbOVu0HT3W57bNyZ5UrjBO4ZBrPJ0S51l7vtQUNezf3S2Jm733H89O3dTPT9l94t3DHdmJO/Ov53u79GjX+rvN3h9Sv7yzdq6ONf5wc+3prKh3zxdPnmuq1j47JVsvB2q/n3brcz/UuS4hvGLRNOs07eSgU9G0elE+qRU8ZC5RZ7UxExIsmAkEBzNRI5gJAMDOlJjJ09vSQF5NxaOOTtji4TMTKSSDz8Tm2mBaj6RNqRzXrW6buUupWctMGo2pvFUSGjPyyj7ZbOOlh3bLtPo4elMk56qL2DtWssvUIz3Wa06PdNmV7haj8bJ1wvnhzvvi5fXIeWPeUpTeNqNgMhYvB05+piUfrJ78szbnsaGNq8eTT5127DPpFTVaXetvTqVaqzNfZY67ZrLa1YCZkDKCmUBwMBM1gpkAAOxMiZksDAsDEVbgLj7RtzUT6QlSSIS3xH96bdlCsX/3gs8rXuttt11pcdnWTIqzuSZ7uq3mUDrddCZlndkxE7fP7LWLerTrrehzPpV7Z715z9so9LdYzJyo0ZKD47VV2q3VYtm01pBUHZHrTzJfaRuYCfmQwUwgOJiJGsFMAAB2xmsmQwlDfsWf7HHHJQr4zURoxry5UhgDWdANzwDFlhEPOaFLnlPKTJHnY43JXElli5nkLlvKYbHVTMzVsbao532+y3UUhnp81Gk17noS4R4l+wrY60xiQkd+cPxCq45JHTnmeMjGVSEpDSZmQoIGM4HgYCZqBDMBANgZj5nknRESazaXPRergN9MzPt9vTl7DpVE9xrCFjNZ6U93J0unV0k2dWtRige/mYwljV+d7ZVtzETajmc5uzWba6z0fdvUa9WnRp22bRd+Nue0erm6fTxS7VsBv5pq2HkF/OqDW3bDbyar0xvezaBgJsoEM4HgYCZqBDMBANgZd/pTc9Izrcvc7GiVc6iaEzetzS1mYh3o9jbfLDXF5Ekaz6XXt5iJnNAV63NHP4q8e9Fyzp6pZbT9z+OtZiJkyT5tPDvTvMVMOs+loombI6NTI6MTetRRlN5kWvSPtmauTMqVMA6biwNNDfKuwTX11t2BF5P1mj2rS7NoaMoWOy8OVGla9RfWinmLxFfyrsGJCWcemDATl5OD5snPnFMJM3Gp+2Hu1jfVmcIilnLATJRJBczkbT5fej87+FTATNQIZgIAcAh47CxVryj6mf7CiIq7Un9veFePHHowE2VSrplkWo2mRKYpamSmtxsaBKXBTNQIZgIA8HFZev6s2T83rDI0RlJt2Ydrz5/9Oty3ZcmKOmAmyqQMM3n3Qo8YvxT+Gf1yLa232qOZ8KmAmagRzAQAAEINZqJMgprJiwed54y27Iy31nba6Lz7wlsBtcFM1AhmAgAAoQYzUSZBzGSs82I0cXv2jb8umO3P6Gd7xpZ9zyvdA/PD+nfpVHZipP9m49l+/17Ykfxkn790IGAmagQzAQCAUIOZKJMgZrKWf6NHenyPHbUZSxrzb/Jr6/s2k+4WY95fK32wEexI59n9LGurEJiJGsFMAAAg1GAmyiSImZjWo3zeayb+2p5wnlvk8vxBqsW5R55dyE/fbowa+umuNfdxQrE+OUQTMVoG5T3vxtLyFnjNnVNL2w3mqE/+YTRd+Xt67AxmokYwEwAACDWYiTIp10ysO2RbuSvvnB3YTExzsykqPaRzeLZQWXDHTFIxQ09M2O3GgquIzu6jglYG05l5a6Am1+d2+OTIPzzgkRPMRI1gJgAAEGowE2VSrpnIJ/WcuShiW0QZZmKab579OnxTyknOFo6imTTKhxY5M8S6W4w1q+F9elH/35yiUJOOT9ZMzM21kev98wc3ZoSZqBHMBAAAQg1mokzKNxP7aaPOmpCyzKRA1FGLopnokS7rKacScQn7dtyi6JRMszNmrD1/5satf0psNp7OdB/sU2UwEzWCmQAAQKjBTJTJYTQTPZKyXl/r5xwz6Txt6H9zFrZ4ZnMVzWRlMN0xeaBfyg8ZUkv8tQ8PZqJGMBMAAAg1mIkyOSxm0hFNdQ/L9SpXEl2N56fsolCU2eeP1+VdcXuiUaN39OFQ9rp3IKV4/LsFPWIMjU4NZfvbWm2x+YRYG79+wKMlNpiJGsFMAAAg1GAmyiSwmcjV6tsmmJlAGMFM1AhmAgAAoQYzUSYBzQTAxExUCWYCAAChBjNRJpgJBAczUSOYCQAAhBrMRJlgJhAczESNYCYAABBqMBNlgplAcDATNYKZAMDhRHyykE8h/r/4/YOZKBPMBIKDmagRzAQAAEINZqJMMBMIDmaiRjATAAAINZiJMsFMIDiYiRrBTAAAINRgJsoEM4HgYCZqBDMBAIBQg5koE8wEgoOZqBHMBAAAQg1mokwwEwgOZqJGMBMAAAg1mIkywUwgOJiJGsFMAAAg1GAmygQzgeBgJmoEMwEAgFCDmSgTzASCg5moEcwEAABCDWaiTDATCA5mokYwEwAACDWYiTLBTCA4mIkawUwAACDUYCbKBDOB4GAmagQzAQCAUIOZKBPMBIKDmagRzAQAAEINZqJMMBMIDmaiRjATAAAINZiJMsFMIDiYiRrBTAAAINRgJsoEM4HgYCZqBDMBAADB+vr6ysrK8odHXEVcy3/5MsBMlAlmAsHBTNQIZgIAAPl83i8QHxhxRf+bCApmokwwEwgOZqJGMBMAAPB7w4HgfxNBwUyUCWYCwcFM1AhmAgCHkpweMbamY9LfLxgdEWPMXzMTR7WtDNj7NhbHU7GqI6JQdeIHp+awuVpfUyV3/LnhZcmOEpL/Xi/61B6LZaZLei3+2CpPe6Sq9cfFjdL68S9qxCE1Xxz31us0bc6zuS3iKH9pN/zScCD430RQMBNlgplAcDATNYKZAMCh5EH0zEU7QkjcdmfO3y8Y25pJ119raj73xPIN20JqpJNo1bJeLYseuUjUS68Q/UXv6r90FXd4+S0hHeNzaRqil2fHS9s9jn8hT1v9tes8si5Oe+rbU/K0XxcviJlsBTNRJpgJBAczUSOYCQAccoSZzPtr76UxYvhL27GtmfhorZWDHHZ7wzts8TSpaScGNgvtI8fdPQ1HtOwrd6uIOJGrFqudDdq/Za3mRuYr7eSgU9+4etw1Cm/dtA7X/t2RloMzk5H0rdLCT9l0XHA+eeHaUOkel4W7Ny7F/cdJ+lLx9Ii/6H8TQcFMlAlmAsHBTNQIZgIAh5xtzaQ7mY6elvO72q5OucWWM8V5X90LVml9oeVcqjFq6NFU5+iS23MPZrKqadWnRv1VyWqXaya3vtGOXy1ay6JRX/0f4+5mgVuaVrQX0csdNvEevppqcI3Cd1o5nFI47QGYyb1sMp5MZ/9bCMjghfPtdvHJSPpC7wO7KTqkR554jpA8muyOn7/U9/PQVjN5kste7r6GmZBdg5lAcDATNYKZAMAhZ6uZrIxcl/oRS9lzvfrn7fELM9XZIzbFT5E7z2Ulc1Y6SfRcuvm7lO4ZTtndTB40a7Wt0/6qZODr6uqvB2xvSNZrsQnPvsGT2rGuVU9BMp/UqmPeQtEcJmLaZ460HP9M047Ue+uZRau9mBH1ZEFHDsBMLsfj08v+MZOZ/gvXJgsbwlL6Zzw7JU/uXLu7IF5vbTWTa3+PT+eymAnZNZgJBAczUSOYCQAccraYyTOvY5hmXmw2XXtsb5TuKqG7pTCQsgczadC0ccd3CgjrsGi+UVSDxFEt4RWFuYR2tKTgFr0Frzks3jhln3a8VGhEvU6uc9GqGlq99QMwk2vn4/0PFrbM5noSj8dv3ZvPXmqPx9v9IyZF/GbyaCSdHnm0LH96yxL/mwgKZqJMMBMIDmaiRjATADjk+M3k1YQeyXgLjRFDbxm22zuYyVhyH2ayzZf7kZhcFv8nuTA9V1g1Ur6ZJP5ao1XJ5e9132a9N+eSdU2Tl9OqvPUDMBPhEkJCDKN9qNQ/fh+9JteZ/D099EAOjrwHv5lcbo/PL8thFsyE7BrMBIKDmagRzAQADjl+M5nscT3EpkMuLOmx2z4zaYrKSV/NiZ7U1dsdZ/ZqJtPf11ZHti4XcZE3zmrolGMcZc3m2pxurtVODjqWM90mbytszx/z1k1zQw6d1DojJwdgJg4j6QsXjXg86Wze64unronX38e7LyTiffe8Xb2UmMm93mQ2Z/kNZkL2kLLMxF1kZqf7x22XiYGyYCZqBDMBgEOO30zeTe1xzGSpt0tPFL3hyp7NRPPcSmtbpCpYd/jduHrc6zCZr0pWrhfYKLlT8KuMsyDemh5WrMsVLM4tubbW3cpBmokwjGwy/pO1lWmPe2TkXjyZLW6VUDQTuZJ+C96u/jcRFMxEmQQ0k5f5V+f+67/FP/7bow/E5j8XVrrS/yM2Rd3fFdQFM1EjmAkAHHL8ZmK+Lh0Yee86k/lsl54sPgClyb1h185msjld+siRray6Yybmq2zwuwYPSTPxDLBMt9ZqzfKLlezvHXix7l9cY7ffZyY5zwMctzWTjae5rc7k4hWGeXsSl2Uml+Jxe6n7NWPfZjJzuzv9j7STTsPolA1vV/+bCApmokwCmon4Zz849LO/umUIFdQGM1EjmAkAHHK2mImZn5T34HLvzdVduDeXoDlq6KfTbZ2Zzrum+W5B7I22ZlLJtGgMpS/uxUwSR7XjV31DJgNyzEKTj1O0H7/Y9VtxX/KLKvdJi1p9cT2JVpiaJfktKd3CedKiRxuset2xEyeO1ckdhft02XWtqvrUt6eqq2TduU+XZSYlj4P8q/Vsx9LhF/tabr7slAfLE35zy+3jwysM2X9csMc32o0LU78X1prM3RKFwaGh7ktyJOTWnKw96BVt30J5/zoTB2ZzkT0kiJk0f59+/M/t/2MSdbF3ff2Nf8euzA/r36VT2YmR/puNZ/v9e2FH8pN9/tKBgJmoEcwEAOADsOg+pTEU+KVh2X/X4A+B/00EBTNRJkHMxB4Ymf/n8vm/97rFwaGf7VEUsffXmX+69T0ylDDG8v7ih2OlP+0vhZr8w2j6ob/44cFM1AhmAgBQeTYHtIakv3iI8UvDgeB/E0HBTJRJQDOxV5V4524JS3HrCcOaPbkfhJnk3vlqOXduaEfEaM7K8deOSGp22BrAjaZ+sU1mskeP9Q1Zo7Qd/TPuwb1Wpen88C8v7BHeXOd98+2j26K4Nit/+t5/6PkYciJ+p2AmCgQzAQAAvzQcCP43ERTMRJkEMZPe/knbQ7aaydb6ntmU9/WLGJ3Ds4XKtmZSFJhG+yrWTFPngMupXmu9WO5Sasj2lncPO08bK1ZNj6Q6Jp1xmY4g7/DQk3/Yefaj/bkwk/AGMwEAAMH6+vrKyorfHj4A4iriWv7LlwFmokyCmIlg4s6v25rJ1vo+ePPs1+GbUk5ytj9sbyZu9ytnjDXTNpOUU/qtv2XwmXjtjJXcl6P/uSnPdn7K/UegppmYm2sj1/vn97/IpxJgJuENZgIAAKEGM1EmAc1EsLHx1nd7rtx9eRe74GZSIOocvouZjBnWnTqkmVh3pTDlDc7tbi3eNzDZ03lfvOTsXTYqmslm4+lM9/QBLtYpBTMJbzATAAAINZiJMgluJppM8ZcAABEPSURBVO+jfDNp22ImzduZiWfMpFDcccxEbTNZG+/5iFpiYiZhDmYCAAChBjNRJuWaycxv8k7h3/+/q25FbP7fpgueLnuiI5rqHp4aGZ26kuhqPD9lF8WpRqYe9nZ2RaNFM9HPXs/dfziUva6f7pOdpJlcbDKGc/cnioqSz+mn07mZ2fhZQ4/aIyolZjJy3kgNzy49dde0hJu18esfV0tMzCTMwUwAACDUYCbKpFwzcZe8e3Pn5+I9sirLNmMd3tlc8PHATMIbzAQAAEINZqJMyjWTwaGfvU4SOX1h7vETf6fKgZkcWjCT8AYzAQCAUIOZKJNyzeSAwUwOLZhJeIOZAABAqMFMlEnIzAQOLZhJeIOZAABAqMFMlAlmApUBMwlvMBMAAAg1mIkywUygMmAm4Q1mAgAAoQYzUSaYCVQGzCS8wUwAACDUYCbKBDOByoCZhDeYCQAAhBrMRJlgJlAZMJPwBjMBAIBdWa40+XzFHhKNmSgTzAQqA2YS3mAmAACwM+vr636xqAT+ywQFM1EmmAlUBswkvMFMAEAZWrY+9+xDI5+r5jxvunN41r93D2gl1IlKpqlBtKrrjicmVu0+t75vqP2Tpv2p7mXJoaa5eqvqiFZ19ETyZ2dP9tv66ipNq6pe3LC2N1fHfzguzlb7VcI5ZPBkYs5peqnTtJOD/qLLysqK3yoqgf8yQcFMlAlmApUBMwlvMBMAUIXHzZf7UrlNf7lyDCW2mM9kT/dCob08obcMe3fui9ZarToyLhq2UwjtSDZoUk2mW49fdcRD0xqcnfbmkePW68vMV1bPiVjsZ2dXtVYjfgrF+fIf1rFPk8evWicOZCZ+pVhezt5zGtNDmQvn4/GE8fuTkg4LP/cl3U4WadEtfctb8V8mKJiJMsFMoDJgJuENZgIAipDry8yu6OennM2F4e6nm80xo7Glb2x5c2W8T48YqfEVZ+/yVGPU0E+nO/pn7IObs45hzGe7xqxK6u6bpVF5VHPSKjyfssdG3J4Sr5mYZmNh0MZVlOaI0TFptawrNrb09E5vv76iWqttnS6pDHytCYlYNOoHCrZ1QtM8+xe1rwec5o0TXasl1lFn9fT4xkC9sShfyzYTR0Xi8QvXfxKb7fFkdmp+4dcxo/uup9dCe/uFUjN5lEwmMROyczATqAyYSXiDmQCAGsSj0gqKE7oWhvXEhGys3hbFeauWitl7X+tn++1e+fHrGTkJaxsz0WN9uXfeitndsuOYidXBvtAWM3ldqKz0thnb/M6dbj01WlJI/KVa++xL0ch8VbSRrmMeM3mVOXGj0F7tsr1C06rqmwbGf/jy5KAcKnk5eLJa06ZXN2qPVDk9yzaTuCUcrnTEL/RNy9cn7ZkxTy+J10ySiUv3spgJ2SWYCVQGzCS8wUwAQAke6223xcv6SObKb1ZhYdgZrDBzHQVdcdSiuEtu6MnctmZSHBsp6EdwMxGaVFiOImJ7jpcG72DI5sbq6mLi3+uqNKkT+zGTl1VHahqasieOVn2ZkuMvi1dP1BypGhjNiFOt2gMvZZvJk98n+tLJ+PkLzvStuZ/kNK3EJW8fG9dMhJPMWz8xE7JzMBOoDJhJeIOZAIAK/Nbvfu9vvPRQVj6GmXRY4zbmdmYSH3629tzJ2+IRDlr1KX/JNOfa6rpWnTldNomj3tlcA3U/FPbMJU4OmS+vHk/YVibnhsmetVq1PXiyMd1a+701V6xsM7FJ92bjF/tF40J7+6XsxK3uS+mRR74+rpm0J7PLmAnZQzATqAyYSXiDmQBA6Hk1ZU/lsmmMGPGfXu9kJt7ZXCMZazbXg2jaXnBiXjlrj2ns20zy0/16ixy3Eehn7PNv6u5srtM9Tr8tTH9f2/XUXxRM/2etXD0iF6/vaQX8rW+sdfAWsc+lmQjhGXfWqLzUjnXJV5+ZbCzaYyk+M1kcvTXtnqvUTG7dnXm0sNx9525c+sa99IhTT8YveLvJSsFMZiwmrifjlwfFsS7FC5QHZqJMMBOoDJhJeIOZAEDY6W0zigvfTXP9p+t65OKOZmKaL2ZKV8CbY51pOeQSu5i/3/c+MzHzM6JPy+CSU7d2OWM10VT3VLFuL7hvOj/cGSusgLevGE1FWzNuNxtNqy1uvJqrq6nSNK3mixOJQWvNungrPxy37hpca1uEJoTDXpTyMifvGvzn4v2FT3xRIypaVXV23roT1+JA7FidfTa7gzCT4j2KjybmjPqYtRhHdiowYJr1R7SaJnmjMJuiTBRwl5AMXbtgtMfjifaJObE1098Znyn08d2bizETsmswE6gMmEl4g5kAAISLLTfx+uBsfZ5JqXQExH+ZoGAmygQzgcqAmYQ3mAkAAOwMz4AnBxPMBCoDZhLeYCYAALArfqsom3x+++e6BAAzUSaYCVQGzCS8wUwAACDUYCbKBDOByoCZhDeYCQAAhBrMRJlgJlAZMJPwBjMBAIBQg5koE8wEKgNmEt5gJgAAEGowE2WCmUBlwEzCG8wEAABCDWaiTDATqAyYSXiDmQAAQKjBTJQJZgKVATMJbzATAAAINZiJMsFMoDJgJuENZgIAAKEGM1EmmAlUBswkvMFMAAAg1GAmygQzgcqAmYQ3mAkAAIQazESZYCZQGTCT8AYzAQCAUIOZKJPKmslmU9SI//TaX4ZPAMwkvMFMAAAg1GAmyqRiZnLnWkaPpt6auebsgn/fXlgY1iNGS/+Kt9YUMTomvYX3okd6/KX303naWPPXoFwwk/AGMwEAgFCDmSiT8s3kza9Ttzv/dlF4xS8vNs0yzKQxZuhtt701PfpBzCRzzlDsW1h+ss9fOnAwk/AGMwEAgFCDmSiTAGbyUEiIJ+mlF97pW7lo8vYvy5ueyt5YGO4YmYpHDbew/tP13txwpcwkdzk1768pRefZ4v90HwXMJLzBTAAAINRgJsokgJnkSs3EpwTW3tP9pcU9sGBJyP2+VM6ymtXbLRHDnOyxzURYSmNLz69Pl+LfGWOvZGU+29WdTF3pn8o9l5v22+g4bcy+sc6Wz+nfZXL3H0SjRmMyZ757feWc8cvzZ2vPn4md3S32l/gF0WiMdo2MTqXOGplZq/buod7SJ7rNjvY0JiesUmgQchJNP/RXDwrMJLzBTAAAINRgJsokgJl8sDETKSGPdSESprnSn9Zjfa6ZFMn1pe7KV2EmesuwW5Zm8mJKb3GMKHc5NZaXDXmeyEXTshF3zMRrJpl5663mJ6JXpZqsj2QcRZFzyXYZhzl05B9+xJETzCS8wUwAACDUYCbKJICZSMR3ettMlt68+XV0OFWJdSa2hMihErn2/aI0BNdMXsz0pjONUXlFuyLMZKx4sDAT+QbczZYSd5L195lJobZgG9HaYLq78PalGoWKtfGextMZf/WgwEzCG8wEAABCDWaiTAKaSUdhwMSt2PfmypdtJr1txoq5qZ+9KYcuCmbSJJzkXN/S82drMzffYybGL9mubnsAxDKTNWvulh1zz2Zivnqgt/S/ffd65X5/c2+gP8hHY1NoSfe0NVT0McBMwhvMBAAAQg1mokwCmknmXHE4wkMZzzMpmIn5aqrp3MXeVavtmMmSfm7Y9orc5dR7zETOvIrHDPuLuejmWorNUGJvZmK+bjSmCsUQIbXEXztYMJPwRvw2z/+BmQAAQFgRn2KYiRoJaCbm/b5Gy0zG5AyuSuCaiWk2usJTGDO5czUdjRp6NLX0ZnYHMxFf0PXIxSu/ybc0kk6Lt9f4XVdL2lrI/m7Fngy2tIuZbLpzwBpb+wp7Dz35x/7KgYOZhDeWmWz861/+v1MAAIDDj/j8Ep9imIkaCWom5kznaesb/Nmb/j1hZn4w05GdGBmdEmn5zsi983eA94GZhDnSTDY3+c8dAADCh/j8Ep9i4rNsy6cbCV8Cm4ma2Dfyspnv7hqy7lAMewEzCXXspSZv3yInAAAQJsQnF4tMVApmUsqLmWjMGguKpXp/eeHfC+8HMwl1xO/0P15t5P/YeL3+hmldAABw+BGfVuIzy5rHxVQudYKZQGXATMIeS07kUviX+fX/ffmaEEIIOcwRn1b2wne0RKVgJlAZMBM1Yv+Kt8dPCCGEkMOZwqcVTqJaMBOoDJgJIYQQQggpJ5gJVAbMhBBCCCGElBPMBCoDZkIIIYQQQsoJZgKVATMhhBBCCCHlBDOByoCZEEIIIYSQcoKZQGXATAghhBBCSDnBTKAyYCaEEEIIIaScYCZQGTATQgghhBBSTjATqAyYCSGEEEIIKSeYCVQGzIQQQgghhJQTzAQqA2ZCCCGEEELKCWYClQEzIYQQQggh5QQzgcqAmRBCCCGEkHKCmUBlwEwIIYQQQkg5wUygMmAmhBBCCCGknGAmUBkwE0IIIYQQUk4wE6gMmAkhhBBCCCknmAlUBsyEEEIIIYSUE8wEKgNmQgghhBBCyglmApUBM1Ejf7x6Y2Uj/wchhBBySFP4tHqz9YOMhDqYCVQGzCTs8TrJy/w6IYQQcmiT/2Pd8hNHUbZ+qJGQBjOByoCZhDquk7xef/Ovf/n/cgEAAA4b4tNKfGa5frL1o42EMZgJVAbMJNQRv9Nf5tffvn3n/3sFAAA4xIhPLvH5hZkoE8wEKgNmEur88UqOlvj/UgEAAA494vNLfIpt/WgjYQxmApUBMwlv/nglR8OZxAUAAGFEfH7Za+K3fsCR0AUzgcqAmYQ3tpn4/0YBAABCAmaiTDATqAyYSXhjLzLx/40CAACEBJaaKJMgZjKf7dIjhp3ueafYFHUqzdmFkt7waYCZhDeYCQAAhBrMRJmUZybRlFvMT/ZgJp8ymEl4g5kAAECowUyUSXlmEimaydp4Jcxk9qb3nBAiMJPwBjMBAIBQg5kokyBmstTblZrMm+ZmoyMnm7aWdIy/yE/2NPcu+Q/YI+8epmLG2mB65JV/Dxx+MJPwBjMBAIBQg5kokyBmYr57bb/aQhLvvF5QFMl60Ge1rf90XY+kzVdTLYPPnNJkT8580xQznMq7FdHWY6mlwnMXZodvNlrrW1quPnBK8JHATMIbzAQAAEINZqJMApmJh9lrzsyut/49+6ZFSM5P0nkaIxed0mSPfrrH7aBHuuxGY6GnS2+bEXSkBioDZhLeYCYAABBqMBNlEshMPsiYyePC2hWZnH2SyZ7u4qKVh94OejInSkujN6OnnUrhJmHwccBMwhvMBAAAQg1mokyCmMkHWWeS6+u4MTUyauXG9Y7JTVn0mcn5ibXnz5zk35jmih5N5R7JzSEDM/nIYCbhDWYCAAChBjNRJkHM5EPcmyseNbybeiTdu+ozE9N/2667PfFxS2BMsyWKmXxkMJPwBjMBAIBQg5kok7LMpFRCNrcr7hW59t1DS8Ro6V/xmUl3q9GUHB4ZnWprTaUmTfNVTj+dWXs6e6e/r+lsCjP5uGAm4Q1mAgAAoQYzUSZlmYnOM+ChAGYS3mAmAAAQajATZRLETAC2gpmEN5gJAACEGsxEmWAmUBkwk/AGMwEAgFCDmSgTzAQqA2YS3mAmAAAQajATZYKZQGXATMIbzAQAAEINZqJMMBOoDJhJeIOZAABAqMFMlAlmApUBMwlvMBMAAAg1mIkywUygMmAm4Q1mAgAAoQYzUSaYCVQGzCS8wUwAACDUYCbKBDOByoCZhDeYCQAAhBrMRJlgJlAZMJPwBjMBAIBQg5koE8wEKgNmEt4cBjMZ+FrTtDp/9dCQ/TFnN8SbTMyV7gMAgI8NZqJMMBOoDJhJeFNRM3mZ+75eSEbN5zU1n1drsnXC32U7KmgmiaNa/f85derbU/Wf11Qd0bQjNRv+Lj7GTw76Sz7ESZwGZgIAcPjATJTJ/wcog6JaJzxp4gAAAABJRU5ErkJggg==" alt="Screenshot" width="100%" ></p>
<p><img src="data:image/png;base64,iVBORw0KGgoAAAANSUhEUgAABDMAAAIGCAIAAADGMlPIAACAAElEQVR4Xuy9e3xU1b33//zdP9qeXpD2tMdT2trn/Hzm4dBKA1TQ6JMicgDFI0dzRnIhhoQAIckkIQZyHZIhCYEhJCEkk2QmyeQymdZaFBS1rbXVWo9a7zcEb/UuiuCtaH7fvdfMmj1rT2aSnZnJ3pvP+/Ux7Fl77euMO+udtdee/+UHIB709HvFIgAAAAAAAKYGNSb/l1gGgCZgJgAAAAAAQDMwExA3YCYAAAAAAEAzMBMQN2AmAAAAAABAMzATEDdgJgAAAIDpGQdAE+InKRIwExA3YCYAAACA+RAbmADEA/FzJgMzAXEDZgIAAACYCdaC9Pl8YwDED59MRD+BmYC4ATMBAAAATANrOFI7cmRkxCszBMCMoQ/SiAx9tNRyAjMBcQNmAgAAAJgG3ltCTcmBgQGPx+MGYMbQB2lwcJA+VKzzBGYCEgXMBAAAADAHSi2ZcywbQeIeJidCtwnMBMQNmAk4H/CMjPd4x7vjEVqVuHYAANAH7D6u0dHRgYEBdZsSQWYe+mjRBwxmAhIFzASYHveIaBczjBtyAgDQJdxMPB6Puk2JIDMPfbTiZiajPn/3oG9//5izT04/j0+KW0ybZ3xoDL+ATQ7MBJgYuoCpvSJewdURAKA3mJmMjIy43W51mxJBZh76aNEHTBhqosVMvKPjcza4LsjplXJz7wW5fRdslJNH6b9gk5Tv5PdcVjWUWjU4d0vf3ELP3MKBudsGarrHxHUBEwEzAWZlxCe6RCIibhUAAGYPmAmS6MTNTDY4hqKbyXfzexZX0tbGvWPjC0p7uZnMLRoU1xUnVq255tJll1PEGXGFbSLRWzEuMBNgSsbG/fEaWBI96DkBAOgHmAmS6MTNTOZku6KYyT/nd9d2jw2y28b84+4R39xCNzeTBN1U/X/mL5jzne9RxBlxhW0i0VsxLjM3E1tZtTL1B1nxIaF8IHwpPdCYlZaS5RBLp4Wvb/mytJRFVy1LyxRnxaDnaluPWAbih1ohEhdx2wAAMEvATJBEJ0lmckW1m7TEJ2+D/qPpuVtDZpKg0SYwEz0wczOxZhZn5ZYGsqG4aA8rdlqzbMFyW0ZWcXfYQhFIWZQWITM0h6hMy0xac68Si/z+yuvSttn3e1z7m6tbxXm0/vVXTX4rZMhMolYLkJlKZ2NDWJGn9QpZivLsPWGLj/U02nKXLElLuXTl9r1hHZ5jLoct50Y6q0tS17R6lHP8nrbabenXSyd8mbgULXfjNSulFS65aptdsKnIs65Wv4+L0g4F5wrlmcp3wDd47cqVUrlq55VQBbEoHGlMncofEhfaHAAA6AGYCZLoJMNMrpS1hG2Afoz5xgvaRpV3c3lhJuYlHmZSHnqxpzpkJiXOYGlPVX5sMxEZaU5Jr53pzkVl6mbiqbgxZfn1N6p2J+XyfKFESVTlmIaZeGszm9vLr1aaide+LMsemO4qX7Uk2FL3dWUqRMVVm7mMN+K7yu2u0HaqrSurg0fTmLXWo2hbexo23FjHj9SbkqrYbm/tsjzuYFFmiaQsujE0vUrxgQmjJ2V1CX/h3V90bWWfYq6Mr2Pz8jR648TycNTykOiIewAAALMBzARJdBJuJgttLpc3oCUEbWd7x+h3FCPgYSbmRrdmEmpSJ4ypm8myRWu2dUo/hfLJG9kxmfLdXL4uqcXfrTST1rzLw0+Or3X5to6wkiCeyhsbxTLGYJRjp+MKdHF0l9vC37mURWsDJZFmhb3m7M3P2xt6Nel2HRuEXRW7ieiNWHJjZb/0xgnlAmpz0Jz0be4f1A2ry4WIewAAALMBzARJdBJuJivqvZ6RkJmMjI3/vLR77lYPzOQ8QadmIneYKAvstlx2n88V14S1VqVmrqdVuqFoUdrmNqmEtfhvvkaqbA/eELR9W+YS+R4hZb+BYCarlly1qryLv1SSsrbS4/dvW65oEHdWso3y+5FYc5m2K29IGnYiNKBbK3KlWYvSVqUXhfWZRG1nH7Jdf8jn9zflhprpXSVXq7QtZfUkjtQgNvc5kxqC0kxc5UqpkGYtyqwemXRW2Osgdmua4t6xniu2RpYoOkbpLCtISSsKe+113NQgfVy3rxYPX0mUR3IVbXd/JU/K/J1DrUPi3IiZopnQRsX9AACApAMzQTSn7pnRiNNCEm8m9pHOQclM2OoHR8d/shVmch4RDzMpdTS1BlJZETKTzfXB8t1FudMzk+gdJilLQi3glFUbMhvCBiSkpG+4KfV6ZYnfH7KR1ryVKcsD7V2lmWSmpk12IjwVN9pZW7y/UnGbk4Syz4TWJmxXqRzUmG5ULLrq0jVTMhNf6yqbLEuODdxMDtnWqjsTJumv6Nu+dpKV91fevEcsYzRmrbQrd3VJmit4r1dz3pqwo5h8lpLwe94c6pviOMsWreTztq9bKSmZAn7zmG3VJAclE+V7FclM2IS91vOVgkF1BXWmaCYJekwIAABMC5iJEfPV3970TVVhlHz76Pqv/tb6T3eGFX79sPXrR7PCat65/utHpYmvHl7/LdVK1PnZH0v/+5F9NEE/aVpdgSVRZvKjvM6fbun4wcauf910aMv+8R75hi62DfeI76LC7uhmcs3a61hzv6mpmTf9KTdlZNL/Erza/J9eopxLSVn8Cz5XbSYXfDdQ7cc/+beDB7su/MGP2MtfLL3sO9+7kK/k//77z/gitM9bthYKW7n+v0I3tfNC9pJOpbImveQ1z09mbiZxh+SBD4GIiLJhmqK+w2pJZkAkIuPIDGoPNxPb6jShEaxk2aLQ2HdBAAQzEbarVI6UtZWKOdKtUFMxk2VLgp9khZk0b0hT30Wm7kUhNi9PWzZJx8jyRSvDXkt3i8ldQFde71Wdita8NXLv0Er1eJgosxjkdWHvpq8vz1br8Qx6PF2t1eW0LHcbxvYbrpJWuEx8W22KfpLoZhLlYcFBMxlbXOC+2B7wjfQ9w23usQ1lbrv80lHn+Uq+p9U1smWvVCFgJv3ei6L6SQ9u6AIA6ACYiREzXTOh+urCCAmaydST/7cu25P99FM9iychZvLPOV1bnCP2Q6Ob9gx9L991Vd2Qo3d8ZCygJvQjs3loimby/X/9oWAFi3+xjNVZn5ElzGLJ3ZjHKghmUlpezuuQllAJNxP1VvLyC9hSJC3CLJaWlj2sAi9hL69IW85LUq+M1r45T9ChmUTvMPELZrIkVzFHLlld7hKKwlCbiXfSW6EkvMp7im7kY81lBDMRtqtQji7VLUzNsc3Ea2c3L0kIfSYqM4n0uCpphHrkfgyvQzSWka5mu8T2bRtSLl2jXMi7v3zJ8sxtji5bxvU0oZgTbRYn7BY4FZ6m/GUbmvlLV0PuklW5rrbavOvW0ISiIp3q0OD46Gai1gYefjfXNS0jncLczsH0Q9LEcklaRng5MxP62aZamxBxPwAAIOnATIwY/ZjJz/5YWvn0UJQOkzkJMpPsltFh5iHj/t09o9/f1Lu8btDhkn65MqSnBiu+zySKmVCuuDLNetN6pRVQhYZGh7JESGurdH+60kx4bwmlvSPQhuNmQvnBDy/6rxvSlSsRdkMd1nujfKnUkqWXpfLDOZ/Rm5lE7jDprU25dOWq9C3NbT0ez+DmlQozUbfRVb0E3v1FKcvWbLfb5T/V194YZib2lFRrFDORnsoV/pRb5Q1dgpnwaVWJI+zZuBIxxpkcKr8+7MlX07+bK2WJ2O0QwNeVsiLaI8X8wRH/Eu1FmY6w9yNl0ZrN7ZPOUr6U6RM7i1RkBmXPW5vJ7lwL4g3ctjfSnJkadoqim8kU+kzGu/cPzs3zyNNjy4rccwskXUk/KM36Sp6HTbCQk8zd6v7Kthi3fqHPBACgB2Amycy378qScvQmdhvV1+5Y/407M7915Kav3ZEpvfztTf90hJLxrbuyv3m79au3r//a7eu/cZRmZX1dKsz6xh2BO7ICZnLn+q/dkaHeypyj0lLfOrr+q7fTXGmLVJ9+0ixa7T8dtn7jaMa3pc1ZmYd87bD1m3fSym/6qnR/l7z+8Lu5+B4qw0pYhwn9FOYqkxAzyXP63MFR7/Rzt2v0+wWSnBTs93UOjntGxks7xqbYZ7KtKPCHTFoPb/Qf6u5WGgJfipfM/ed/oZeW+T9VVmNx7pdHMctwMyFvYSUHDrQrV8unv3/hPL7UzxctYYXkIco6ygwPR7vd57xi5mYSx3EmealpKddViaXyDVrKl5vTpmEm0r1PwYElEiPhZrJKmuV1bBAa2RzlrVyMyR6AqxYMRUmr6klcoRL1gn65DyRipKVc5atUPSQpK0NdCn7pNrDwm7U4pCVXir1Maqjpz3ZP7QDySZOOOuIs/qUlMt7GrKuY4ERhW9AzeV8Wh20iU3USghH1jDGVcSbdewe/JpsJiQcvYUISsc+krWXgitZR9Qp5MM4EAKAHYCbJz1cPiz0YZAJzZFX42pGAAEhmoqo251gmqyCZyZ3r2VJRwrtK+AStlne2BM0kI2Qd0caZZH41WO1bksNIm778TzuvechBE/STpsPrh5IQM1lTN9LmGQ/evSU9yuaXO/t/XOi6snawsmvc4Rr/fzWDUzSTrq7QHzl5u7/r0CE+/W8X/19eYd6Pf8LL/Yo+E54L5/2YV/YrzORnC1N4oXINfPq/ret5Bd5d8+Of/JuyDo9yrAuIh5ko3GBmz+ZKkZ8Jq0bQj2sVTdiYZkKt27CSPfn8brHg3VwSgvwE8YZZjcxkW1cLhqLEKzxqzO+pim4mIoo+E7+/Q7xFyudQfpeIqzYzsmj5+qqtKyPf3xXOTYvS2Dj1iPrB7DHirLBna/VXKs/VZHBRnMxM1ExWzhgcFbWBh8yk1TVCmV/g/kqJ1A1SucO9pXu0e2B0/pZAn0lonInD2x0aAT/6lYIB9Qp5aKPifgAAQNKBmSQ7R9fzcef/dPtNXzts/epvrdxM+M1UspmExOPrh62sZtBMaK44oj2UuzIDq41kJlw5AptT3sEVzUyy/+mwNbC2w+u/eZc0oewqidJtkhAzmZvTZXWMdQyMD0l2Is0lOVla0Te3oO+fN3V9b1PsZ3OtuTZgJn19oYYkb/qTrvDpJZcGhp0QJBi83B/JTL7/rz/klQk+vES5EuUa+HTBlq28At8665kRNkH5+aIlvDLQj5lsXh7erlWgvE3I07BhmeLbPGKaSee2NQrrGEtJXRnRTPz9VYGnYCmQRm+re9f25POnWk3ZTKSjUw6yn+qzuThhZiI9s2uZNag68jct8ndx2aKVkbVk8mEnh/rDhq97mvKX81ExnUWrihQjZHx9oZVEmhV66ffffHnaslzxuxc9nWHjbTorrPzrFMfqMsMes+bdP9lddtHNxB91qEmCIu4BAADMBprNZMF9tqpnhl85/daHZz86/fFHp86epunKpwe/e+xmdWWE5Zt3hHpCvnG79dvB8uhmQuXBNWSE+kxkVeBr4JE3EVhwSmYSXKeUqGYyR95izI4adRJiJhfkuC7e4m5wjfcGv2ORfm7e551X0DV3s3vuFncczeR7F/6AVyBV4OV+hZn8yw9CA9ybm1t4/ambyWWpV/IKeZsKWOH8n16irKPM0NAQr3+eox8zSVm0Uh6DLbDfLz9y9yabvc012GqvTLn0+ur0aZgJG6WQV9Hqce2/aeVV1b37+c1gYWbC2vRNyrMhdU1EeuRUR4rVzsqnbibSUJkrb6RD8HgGtxfcSPIwIzOR3CZtW3Wrp7P1iiVpS64J7IbXsWH5hirxFLZIxtWYtTKzUpzT3CUd79WL0m621dr3dNG+2SuKUhZdpTwLJHLbKuytnYOutuarl6VVKvQtyiy/7JOBwSoK6GCvzSl3eQZpz+0VW1LC7jrzpixKs1U302507rEvvzStdZLPJswEAAAios1MfnRvwcPvPP/h2dOfhPPB2dMbHm2/4NgG9SLIHLmvI9RhEvKKzKmaydH1SjORxpkcCX/sb9iC0vASVhjVTLL4hr515KboZkK7ynpLppXEmMnNvXNv7mly+QZHQ2ZS1z3679s642Um/3n9f/GXP/jhRTurqr5/4Txekr0hx68YZ0LTP/jhj/lcLicxzeTHP/n/+MsFP/v59oqKK65M4yX726QhK8r6WwpDzxdm3gL0YyYAxIsoQ00SEQwyAQDoBA1mcuE9eR99fFZwEiUjL98HOYmQozfJd1jJkcemf1W+5+rrR2OYyZy7MthS37gzO8xMZL1RKUTWN49IG/r6kcyvTclMsr99p/RtJ1+7ff0378qMZSZakhAzmZvTU9U1yseZjMsP47r0lr65m3rjZSZ+hVcI+eGP/zerLzw1uKOzk9dpdEh/yY5pJsqXQpZdfkXE+kUlJbwEcuKPh5mEhr/LaXezYrdQrr4rCoDEofaHxEXcNgAAzBLTNZPvHrv5lKqrRE3Oox3fPZajXhw5D5MQM/k/ha7eYdlL5JXSuu3dY9/Z5LqgwB1HMzl4MHRPlzKu3l5WX/1Niz/6yb+xku9+/1/tuxqmYiaVO6p+8MOLhE3M/ed/4V/4KNT3hz+hmM4vLz8/mbmZAKBD+oZFf0hQaEPitgEAYJaYrpksuM/28ScfiyIS5LF3j7N5f3n7WaqpXjwuOfnhm+pCzbnmod39J+9Rl8fM4++dUBcmIuse3kPn/L0zHwrltNu0870vHn32rVd4b4x68VlPQsyk6ID8vYpyOf1r7xn7Tp6kJVM3k2nR6HDcnJu3u6lJnBFX6urqN+ZtqqiM8eUJQABmAszKiE+0iERE3CoAAMwe0zKTC+/J+92bjws2wjjz8dnbXn/ogmMbnnjvBL2kljTVVK8het766P0XPngt77GDf3jrycGTv1dXYEmCmaQ9ULv7uV+pKyuTNDM58eEb6sI5QTOhn/E9IXFPQszE2jTWOTg+5hsfHRuvPzQ2N6/vgk39UcxkcGZmAvQMzASYGLp0qV0iXsF1EQCgN6ZlJusfcU52K9eWx3u+cyxnyf238P6UU2dOq9cQJQV/O9R/8l7+8o3T786RtaH9+B3kOTT9l7ef/ejjM9QK5w1xmiAjsj6yb47cTKeap89+xNfwzpkP2MTdbzzGKtz++l9px9786D2+iQ/OniYLYmby/KnXaP3vykvRBDsKmmY7QNWuerCeXj79/knaKP1UmgnZFBW+f+b0ZX/aSdtlK2Tb5Wt45tQrNL36oUZaOW2Xpu964xGaIB+bd0/+L+6v/EA+t8+denWOfGi0yNsfnSJBYp1UtE5+RGzTSjPpPnGMTiAVkh++evotvmN6SNzM5Hs5ITP5tyJ31aFxkpP2gfG0yv4L8vphJuctMBNgbgYm/3qTmWQAX2ACANAf0zKTludv/fDsR0H1CHH64zMX3pN3wbHs0Vfu54UfKiRhKqEmuLKb4oUPXpsjmwmJxJbHu6ntTi34yqeH9jz/G2YmVPib1x4kWXrq/ZNz5GY6lec+1sHXoDaTP771FAnAsTceqXlmlHLvm38jT3jw7WeZSBx86WjaA7W+V+6nJr5yZ2i78/9QTCtncnLiwzfopefk75Rm8td3nqdVlT3lYdtVmknjc/73znx43V+bq58ZWXR/xSPvvkhHQZkj64ftyX7XiWOtL9zW9dKdVc8Mz5HPA+3G7958nHaVdpJVY1uJYibrHt4z+sof58jnjRuRThI3MxkcGVc+m+t7m/rmben/bl7fBVKimcnmtlFxXcBEwEzA+YBnZLxHZRfa4sGTuAAAemVaZtJ5/MjpjwNm8t6ZD6hJ/Ze3n6Xp4if65h7bcMWfq89+HBqCQjXVa4iSycyEtfKVc1lL/XH5tjFpQ7ICsWa6coVqM+EVaFnuFXwTf3vvpffPnCaLYNtim6O5/IiYcuQ9dpCvhG+LNOnU2dPbnnCx7SrNhPaWq4Ky34PWz9dMqyIPoQOhoybtobnkY++e+YC8i62BLRLFTNgic+TzRmLDqukkcTMTv3xjQ1v/mLMvmH4enxR3hMxwhAnQPzATAAAAwBxMy0yUd3Pd99aTKfdvv+DYBtbstj3Zz25G4kz3bq559+Sf+PCNdQ/vYS/53VyslZ/7WEf3iWNsFmuI3/b6QxmPtPHF1Wby1kfvs9WScrAK7H6nqx6sp32+641H2N1ZtGaaxZVj/4uHlWZCeVa+C4tl17PjtXI/Bq1WPc6k4/gRWhttl6sO/Xz03eNsgi3+9ken2HTWIwd+9eqfhTVQXjv9Np+mCqv+soubCT+iiGYy+sofO47fEeW72Gcr8TQTANTATAAAAABzMC0z+ff7Sl4+/RYTjzMfn2Vj3L9/98a5xza8+MHrwjO7Xp7+aAc2Ap7k5PdvPcFGwHMzoeY4u/ep4dlxfjcXNdDn/6G47+TdcyKZCRnF9Q+30Fw2qIMqPPj2s7+4v/LeN//G7ub6zWsPrn6o8T55nAl5iPvkvWwrNE0OM/rK/fSSFiQZo12qeGrAdeIYycyT752kjdK02kyO/P1/qCZt95n3X2bjRqiw7cXDNJH2QG3dM6NUSLPKn/LQ2mjW+2dO03pot9l9XHPkw2T6wfLQO88tur+Cmwk/oohmQlL03KlX2T7rKjATkFhgJgAAAIA5mJaZzD2Ws/OZYaV+kJx851hO6ZNuZeEn8pfBs6EU+olaXcwX1tGkt8BMQGKBmQAAAADmYFpmQvlp+PeZnPn47BV/rj754ZsKK5FI6PeZaIvpzWTR/RV/eOtJdfmsB2YCEgvMBAAAADAH0zUTyoHjtwseInD64zM/urdAveDsxtxmQkf3/jQH9iQtMBOQWGAmAAAAgDnQYCZzj2048OLtk30T/Kmzpy+8J0+9FHLeBmYCEgvMBAAAADAHGsyE8qN7Cx5+5/kPVd+6SCU5j3ZccGyDehHkvA3MBCQWmAkAAABgDrSZCcvcYxt+el9py/O3dh4/sv4RJ03PhZMgqsBMQGKBmQAAAADmYCZmgiBTCcwEJBaYCQAAAGAOYCZIogMzAYkFZgIAAACYA5gJkujATEBigZkAAAAA5gBmgiQ6MBOQWGAmAAAAgDmAmSCJDswEJBaYCQAAAGAOYCZIojOpmdB/CIIgCIIgCMLS3TfU5Ro42ON2th/61l1ZCBL30EeLPmCHegfpw6b87KHPBGinr6+vKQh9mIZHxhAEQRAEMXq8w6ODQ8OegaHunt5v35WNIHEPfbToAzbkHaEPm/KzBzMB2uFaAjNBEARBENMEZoIkOjATEH9gJgiCIAhivsBMkEQHZgLiD8wEQRAEQcwXmAmS6MBMQPyBmSAIgiCI+QIzQRIdmAmIPzATBEEQBDFK2rsH93W6p5K9Hf17DvS2tLka9nR8886sBOVbd2apG6yqiEvpMFM7EGMcS7wS85z0uPpgJiDOwEwQBEEQxBAhLRF/i08O+z6T0dFRj8ej/iaKOCZm+5WiXkqHiXkgrIJ6QRMn+jlxufoGBr2kJTATEDdgJgiCIAhiiOzrdIu/xSeHzMTn85GcDA4Oqlucccw3ozZev22cpnzMA6EK6qXMnejnpLfPPTg0DDMB8QRmgiAIgiCGiDYz8Xq96hZnHBO98fptmImRE/2c9LsHYCYgzsBMEARBEMQQmZaZ+MPlZGBgwOPxuBNAQ0tHd09vlIgL6JWYB0IVxGXMjvqc9Lj6XK6+3j430xL1IJNhmAmYCTATBEEQBDFENJgJG20yMjLilRlKALv3dfX1e6JEXECvxDwQqiAuY3YinhNyEs/AECVih8kwzATMBJgJgiAIghgi0zUTf1BOWM9JgthzoJdaqFEiLqBXYh4IVRCXMTuTnZMh7wjrLVFryTDMBMwEmAmCIAiCGCIazITB/CRB7O3oZy3UySIuoFdiHghVEJcxO9HPifojygIzAdqBmSAIgiCIIaLZTATE5ufMiN549cJMjIxwTtSfyYiBmQDtwEwQBEEQxBCJl5lMC4sl3S6WhUF7pd5VZcQF4sTapQssFotjVCzXTMwDmZXzP7vEPCcRAzMB2oGZIAiCIIghEr1l3JK9NC2npKXd7XLW1AyJczWTaDNZnWIprHG63O4WW7Y4LwpdhSXdgcmS5QvCZmkl5oFEP/+0S7l73W63a+l8S0RdWrBgnVjEaYlw7KmWVLbCtAWRVzgVprtRgZjnJGJgJkA7MBMEQRAEMUSit4wXWhaKRfEgwWbSZUkrFMumQldh9L3SQMwDiX7+aZcKu6R/h25ZXTkszoxOS2aE947MhK1wdMdau0+cO3MiblQg5jmJGJgJ0A7MBEEQBEEMkWgt4+HKtTvEP6w7ywoqna7RvhbLdTWsJNWyMLfJNdQtlbDaXcVp6TXt7m5nTZPUCnaXraAKo6OjS+cHmq0JNZP2vMXtYpm0S4GdTCthJfZ0y9LrKkeHhxZalhawBRRmUnilJTBlT1+7fKnLLZ0lWoRoHxgqv3ahJWVtZbvbVZO+vim4TCRiHki08+8PmUlIJBT745fPJKumfBfYLNpbNqEkkpm4LWm5o8MuS4q8qknePpc9W/n2sYlUy4JC2mh75doUC+tRi7hRgZjnJGJgJkA7MBMEQRAEMUSitYy7CrNbxDKOonmayktYy56XMPhLauM65ImEmgk1jsVDkhrugX3gysHb0FSSulVurU9iJryzQjKTG+QqQWEgAstOQswDiXb+/dKGJBmyWNbZnIESxf74w8wk9C6wiYiSkMpWR5VqXKyka2sqO4DylZZgndhvnzBL2pp8YiJuVCDmOYkYmAnQDswEQRAEQQyRaC3j4cp1dWJZ+y3ZK1IXs8YtK1GbiSW8aRtsDEsEKyTQTNrzFouu0JDOd4k3naduJrxQMhP2KolmkrvXPaTsuFLsj1+LmcjjTJwF3Dkd1tC7w0qm8vaxWUozSbNJBxJxowIxz0nEwEyAdmAmCIIgCGKIRG8ZW8RxJg7eEFc3T7lvrF9oYSWM7PCX/gSbid/Xohpn0sL3YXXwiIxiJnxDAWZsJmyFa+dbAkUt2ZXhzzaYytvHJlKDMuNvWs9WG3GjAjHPScTATIB2YCYIgiAIYohEbxlXrlq4elONs9vtbm+Rx2K4LWkFzqHR9hqpkc7qqM0kNFBhh/SXeXfZivRbpCdltTcFxngk1kz8/qXzLSVN7W6329lQyUqGdqxVjzNhE2Y1k66tqTV9o6Phw9y5mdDcoJC4LZelu6XnmBWw1xHfPnf428cmyEyks6oYZ8I26h+O9hy3mOckYmAmQDswEwRBEAQxRGK0jGeJmI1XcQG9EvNA9Hn+p4gwImWKxDwnEQMzAdqBmSAIgiCIIaLPlnHMxqu4gF6JeSD6PP9TBGYCjAHMBEEQBEEMEX22jGM2XsUF9ErMA9Hn+Z8iMBNgDGAmCIIgCGKI6LNlHLPxKi6gV2IeiD7Pf0KJeU4iBmYCtAMzQRAEQRBDRJ8t45iNV3EBvRLzQPR5/hNKzHMSMTAToB2YCYIgCIIYIvpsGcdsvIoL6JWYB6LP859QYp6TiIGZAO3ATBAEQRDEENFnyzhm41VcQK/EPBB9nv+EEvOcRAzMBGgHZoIgCIIghog+W8YxG6/iAnol5oHo8/wnlJjnJGJgJkA7MBMEQRAEMUTauwfF3+I6gPZKvavKDHpHxWV0ScwDoQpGOZZ4EfOcRAzMBGgHZoIgCIIgRgm1FPd1uvWTqbRc+wdG1AvqLVM5EKMcS7wyxXOiDswEaAdmgiAIgiAIgsQrMBOgHZgJgiAIgiAIEq/ATIB2YCYIgiAIgiBIvAIzAdqBmSAIgiAIgiDxCswEaAdmgiAIgiAIgsQrMBOgHZgJgiAIgiAIEq/ATIB2YCYIgiAIgiBIvKLFTC7Z5P5KHsUjzkgu9nRLl1gGkopgJoNDI1IGh5UZGPQiCIIgCIIg53mEJmKg3Tg0MuQNxOsd1WImDsfgih0DF+a5V+wYjJC6oTavuMiU8Lnbb8leMN9iWbCwpMUtzlUBM5l1IpuJSk7gJwiCIAiCIOdn1M1CpZbEwUwYjirWcxIh/88pVp4CQxbLwvS6gJC0b06zWCxh81XATGYdwUzoI6X8nEVUFARBEARBEOQ8TXhDkTsJ05IZmYm/d1DtJJrNpD1vcaHgGfb0dXXSv5aV5Y6ctIULLNkt0sv1yxeStCy4bK3STNZJhQsKgz0t6ZaFo+0lVE1+PbrisgU0nXbDVHpiwDRQmwmL6CfQFQRBEARBkPMn6uZfeNROMmMz8Q+rnUSzmZSvtMjeoaC7ZHFeO/1ruTJ7QeraAluN5BVdJZbFq1uaHDW29QtTAmYyZE9fvKagpaHSYlnIFk0nD1mwuLKmhqbdZStWb6psaahZcWV2i4+vHcSBycwktpwgCIIgCIIg51+UzcX4molf7SRyPNd1ijVjUnil+tYsuyXdTv9YLEt5Ufp8C58uSJUXacleGBSSrq2pJd1yNYtlNFhNMpOtovWYCp/bkparLEhfvGBI+TphCGZCnyf1pw26giAIgiAIcn5G3RrkUQpJIMOans3FuSTPXXVwZGRcLNdAxLu5ZDEhM0nnZSsUg0/Y3VwkHhZLqjvIqNwrki6MURl1r0tdsHhNeZdZ+0wUcpI0LfFHMhMe9ecPQRAEQRAEOc8j2ohCS2ZqJvPz4jduo71gqXzvVpChymstNcPSlNJMlH0mgW4Wqc8kVMgQzUSGqq0oi98O6wx7+kLnkHRn21I2HCcpRDETKAqCIAiCIAjCo24lCloyUzO5pEB8cPBMvuSkYLk0Tr3wlpoaWwFNLLbKPSbhZuLvLAyOM8lWjjOxLF5RU1NTcMMKVqI0E0fm0soGp7Oh0jI/rUR1x5iZIDlZmpk8LfFPzUwQBEEQBEEQJEKCQhIfM/lKnvtGeVxHgBEvlYwoCoC5Ec2Ef7DUnzwEQRAEQRAE8UYQkviYSWurOKKhpFnblywCQzKpmUBREARBEARBEGXUDUVVZmQm4DwntpkgCIIgCIIgyNQCMwHagZkgCIIgCIIgccnwCMwEzACYCYIgCIIgCDLDkJOwwEyAdgQzoc+T+qOGIAiCIAiCIEK4jSgDMwHaUZsJi/rDhyAIgiAIgiAsaieBmYCZMpmZTCXqzyiCIAiCIAhi6KibfNMKzARoZyZmgiAIgiAIgiDKwEyAdmAmCIIgCIIgSLwCMwHagZmYNerOWQRBEATRbdS/yBCDBmYCtAMzMVkCl3j5i1qHvCMIgiAIovN4pYS+X1z9qw0xVmAmQDswEzOFawld6AeHEARBEMQwkRUFcmKGwEyAdmAmZgrTkrGxcfFtBgAAAHQP/f5icqL+BYcYKDAToB2YiWnCe0vE9xgAAAAwCLznRP1rDjFKYCZAOzAT04Su43RB9/nQYQIAAMCo0G8xSU5gJkYOzARoB2ZimtB1fHAIHSYAAACMDf0ug5kYOjAToB2YiWniHR6FmQAAADA6spmMqn/NIUZJ8sxkv3c/YrLATEwTrxdmAgAAwPBIZuKFmRg4MBNEe2AmpgnMBAAAgAmAmRg9MBNEe2AmpgnMBAAAgAmAmRg9MBNEe2AmpgnMBAAAgAmAmRg9MBNEe2AmpgnMBAAAgAmAmRg9MBNEe2AmpgnMBAAAgAmAmRg9MBNEe2AmpgnMBAAAgAmAmRg9MBNEe2AmpgnMBAAAgAmAmRg9MBNEe2AmpgnMBAAAgAmAmRg9MBNEe2AmpgnMBAAAgAmAmRg9MBNEe2AmpgnMBAAAgAmAmRg9ejaTysu31akKER0FZmKawEwAAACYAJiJ0aMjM8m6wmL5ryJ1uZCrLdeqC5FZCczENIGZAAAAMAEwE6PHeGZigZnoJjAT0wRmAgAAwATATIwePZtJ0dIC6W4uy/wluw45HHvLV22rau1xWCxXO+hlT6t6DUiSAzMxTWAmAAAATADMxOgxhpm0Kqqhz0Q/gZmYJjATAAAAJgBmYvQYwExKM5dafrr06twCVg4z0U9gJqYJzAQAAIAJgJkYPQYwk0AGHZb5V++HmegpMBPTBGYCAADABMBMjB7jmInkJJfLP1epl0VmJTAT0wRmAgAAwATATIwenZlJkGur93MzuXzRv0tFP/15lVuqVllwNb369xUb1WtAkhyYiWkCMwEAgPOH/Qc942LZ7DBIv328Y2LpDICZGD06MhPEcIGZmCYwEwAAOH/QiZYw9nW6xaIZADMxemAmiPbATEwTmAkAAIBZAWaCKAMzQbQHZmKa6NJMuiyWdLFMN9Q0tMv/2tMtli5hHgAAgCkDM0GUgZkg2gMzMU3iZiZdhakWy3rihhXS8LC0gvZhscqUmb6ZtGQvjLQIycNqaZ+kvVpAe7UgVawRjrtsheXKQrE0jFHLgjR5AmYCAAAzAmaCKAMzQbQHZmKaxNdMAtPuFrKAhdktyvnTYdpm0p63OOIiJA92/mLUvZAq2YcU80Uqr7XEMhMOzAQAAGYEzARRBmaCaA/MxDRJiJn4/QX0wiJ1UKTLhSuWSj0WDnmWy164bvlCqVvlhhJen1i/nOzCss7W4vYFzERq+8srYUirTA+IBq1kwXypbyZ15fp2m9xLI5O6NUwWwsxEhuos3cRux/K7arKl3ZI26qSXjkxpC4zAdoa7VqRKe5W6MluxBrZLITNxt1Vmr5SWXfiLtPZ4/p4FAAAzAzNBlIGZINoDMzFNEmQm2ZJ6rPXLbpA2fyEvd5etWHhtpcsnTQ/tzbWkBFr86QstBe2jcg17eoqkBv7JzUS65yqtIFA6Ki1VeGVgEQG1mUirtKyjiaEdaxcGPceevnBFmfQLUpqr7DMZcrF/XbYVi/MCPqMyk3bLwnW8J0Y+BgAAALGBmSDKwEwQ7YGZmCYJMhOp/X9djV9u66duDvVjFCy1VCpup7IEF+ETxGjV2uhmQisp6ePFElM3E7mmtE5aSYssSBJ9JUxIRDPhuMst11Yy61CZid2SWoDbugAAYLrATBBlYCaI9sBMTJP4mgmnhHWAyG19ZavdojAQYl1gbpfFskJR7IhuJsJK/NMxE36bGd/VINLiopn4RrOvTVvIbvm6spAdiMpM/OukG74sK3Iq+XIAAGAC5E7mAOpZbKLrFql7XBswE0QZmAmiPTAT0yS+ZsKeg9XSHuoWiW4mwbnCkPcY40zUvyOnbibrpN+wUk1LcG+DlLP6ITMZsqcvtixYuqKkpqbGti6Kmfh97vZb1tOii1eEhqMAAIDRoaucO4h6FptwrF/A/hBVvjI1cJWcMjATRBmYCaI9MBPTJL5mIhaqzCSNfs8pXi62WIK3SC0OlfrsEc1EdgpJNFLDV+KfhpkMUb0VNmnp1EhP1lKaieQwC4Om0VkQzUyCuGwrLFY2zh8AAAwP1w+Oc+vapQssCy5by2fRpZB+umvkP/sEr9JTBGaCKJM8MwHmA2ZimiTZTIZ2rJW+6kTWEeUI+LXzgyPgR9sL0gKaIQ84sXSx4fJNUqcE+53XVZwWGgHvk5aSnvZrCY2z5yjNZLRPepZxYWfgpbQnKaGbELpc0npyfyGZCyuRB/EHvChtfrS7uThDdetm8KxkAADQF9IfawLI1z2fnf1lh1gYbiZ+6c896DNBZhSYCdAOzMQ0SbKZsF4Ly4Kl69evX2CxlHBPkNr5C6hQGtSRlhvoAPF1FZKl/CyVykk8VgTNxO9z0WTatVS8bsF8iz/oMCtuWM+e/8tJD37T4lr5kcSWxasVM6U9Wbh8Lc1NXbyAPW64fdNSKqSi3BqX5D9snSuXpuVJQ+QnMRP7Ynkl7Iiifl0KAAAYifTQ3Vzypa2rkLvHWpgJEu/ATIB2YCamSdzMBAAAgLkQ7+ZSmMk6mAkS78BMgHZgJqYJzAQAAEBEFH0mAYWwpKwubHK522ssKjNJn29J3dQ+NMQGD04JmAmiDMwEaAdmYprATAAAAEREMc7Ewkocm1awEfCFVwZKuJkMNWWn/syyIHMaTwGBmSDKwEyAdmAmpgnMBAAAwKwAM0GUgZkA7cBMTBOYCQAAgFkBZoIoAzMB2oGZmCYwEwAAALMCzARRBmYCtAMzMU1gJgAAAGYFmAmiDMwEaAdmYprATAAAAMwKMBNEGZgJ0A7MxDSBmQAAAJgVYCaIMjAToB2YiWkCMwEAADArwEwQZWAmQDswE9MEZgIAAOcP42LBbAIzQZTRkZlU5RfnbCx1Kkps2cXW/EZFAdAXMBPTBGYCAADnD/sPenQiJ4P028c7JpbOAJiJ0aMvM8mtOWAtag0WjGSUH2Bm4u1qKdtSbs0szi2T5/Y05maWt+6ooJKixkPx/ESD6QAzMU1gJgAAAEwAzMTo0ZuZ9FizqgKv3bsrD/qZmfTbq/LLGgc8rpysYmmWZCa2nLLdA30HJV2p7QmtBSQRmIlpAjMBAABgAmAmRo/uzKS5pLhfenWocqMkIcLdXN015d1+ZiayohD76zIybco6IGnATEwTmAkAAAATADMxenRnJn5nXeVBP/3MyKzwB81kzOWsKpHu3aKIZqKcBskFZmKawEwAAACYAJiJ0aM/MyEbya4rzLLZnD5pWjITt3Xzbrkjxd9apjIT9JnMHjAT0wRmAgAAwATATIwePZpJ7ebinJ2HWCHrM7Fm2grrDx7cvztjg42bSVbhLowzmV1gJqYJzAQAAIAJgJkYPXo0kxFHpXRDlwwzk+ayioysYuuGirF91dxMmiuk+7tsTS48m2u2gJmYJjATAAAAJgBmYvToyEymAcaW6AOYiWkCMwEAAGACYCZGD8wEaAdmYprATAAAAJgAmInRY0wzAfoAZmKawEwAAACYAJiJ0QMzAdqBmZgmMBMAAAAmAGZi9MBMgHZgJqYJzAQAAIAJgJkYPTAToB2YiWkCMwEAAGACYCZGD8wEaAdmYprATAAAAJgAmInRAzMB2oGZmCZxMRP1ahEEQRBkWhF/tUwTmInRAzMB2oGZmCYwEwRBEEQPEX+1TBOYidEDMwHagZmYJjATBEEQRA8Rf7VME5iJ0QMzAdqBmZgmcTETAAAAYHaBmRg9MBOgHZiJaQIzAQAAYAJgJkYPzARoB2ZimsBMAAAAmACYidEDMwHagZmYJjATAAAAJgBmYvTATIB2YCamCcwEAACACYCZGD0wE6AdmIlpAjMBAABgAmAmRg/MBGgHZmKawEwAAACYAJiJ0QMzAdqBmZgmMBMAAAAmAGZi9MBMgHZgJqYJzAQAAIAJgJkYPTAToB2YiWkCMwEAAGACYCZGD8wEaAdmYprATAAAAJgAmInRAzMB2oGZmCYwEwAAACYAZmL0wEyAdmAmpgnMBAAAgAmAmRg9MBOgHZiJaQIzAQAAYAJgJkYPzARoB2ZimsBMAAAAmACYidEDMwHagZmYJsk3k6LM8qoe/4DHPeBpKWx0SxPese6acrnEPTDiozq5eeUVncEFxp25BcWKFQAw+4wMyh9XT099YXE3vfY6M7buau2ikkMZmTa5irMos7hoj1ee7inaI/3TXFIc+Jx73ME1xQWfNavU1niQVmvbWNw9LhXRtvjs3JoeNnFwZ6m1qDXwP3xPozWrPFjFGfq/MlPeSfn/SmuJkx2pNa9enjvYUFjMFs/JrKiN70GEQ5umnwNdrdb83aGXfQetG+poIjezulmulptVLJ92d2tNI73M2dHBTq93LLQqwzJGB9JQFPjM0AFV5Rc3dLgGPK72xmrpPR3zUjm9X+xCypYZaarK2riLTbOL7fkDzMTogZkA7cBMTJPZMhMZJ2uuEdQGCs6XoGZHVrbU/iDqtxTT72PlXAB0QsXG4lz501yUpfiIjh8o2uOTzaQ8+NENmUmoWvyg/30kOwpizZfa6BHNJCO/0Vluy6/vl170NDZ7nfl2eVo2EzZBQsWmmJmwabZOmZEMKuysb2DOlTD4ptn+8Jf5mdK1ImAme6obhgP1GfxITYPifexRHl3t5kC5LMDBUvfu/Kzq/vqK4CyYCWKkwEyAdmAmpoluzaRyY+D3Lv2ihZkAXeKzbqxvlzsocuXmchC33IKUzMTf3VjR6Uu0mQirzcisFgqDLVqf5CTOugz2N3UyE6qcVSk7xtTNhNygtH5LQg5ECd80O7eBlyM9rAuFmYmgZFK5mc0kdMGUXmxnXXNhZkInJKP8APmJQxY2mAlirMBMgHZgJqaJbs2EfrnK94ocquiU7mFQzgVADyg/lpOaid9ftqFYJ2bSX19hzSxmkUplM/G7m/OzbNMyE7+3JdDrkkgCu5pd2i+7H9sTfs5hJhHNJCP4/lo3S/4GM0GMFZgJ0A7MxDTRr5n43ezvuwfDm4AA6ATrBkkAGJPdzUWvRvZVV/Uk1kwi3s3VWsa35WPt9drNtsAol45dzvGgmdDiteWtw9Mxk/AmcoLgmw576axjd5Hhbq5Id3P58msPsbe4MEu6oQtmghgrMBOgHZiJaaIfMwm0mdgIePmPvtTas2ZKv19hJkBv1G8p7g6OZZcGWwdHwHs9h7KkLgg/NxOiMDvQdkz0CPiRkUFbXmAEPAlSxtbGkRFv1VYbK8nYfoAvYN3SzM3EL/0fV2wMM5G6BRTjTORegvY+6Xwe3C9VMNcIeAmlzbIR8CODrvbGOm4p3EwG7BUDvKqzzilfbCva2OctwaOC9AHMxOiJg5m0th4cYFdAcJ4BMzFNkm8mAIBEMXYoYyvXDQDOL2AmRs9MzWSgpVq6l3Fj4Pk54LwCZmKawEwAMBOV+cXO8+Lv4wCIwEyMnhmZiXN7KR9IZ82qkPp8M4vNd38nmAyYiWkCMwEAAGACYCZGj1Yz8XZUFgSdJDwazaSnkZYVHvSRo3w+93Swhj0gBSQKmIlpAjMBAABgAmAmRo9GM7HliEIyczPJyA484Y5jzYKZ6BqYiWmi2Ux+/etfHzly5CgAABw9SlcDuiaIlwkAkgjMxOjRYiY50qNyAsnZ3iYVDbaG5CS/vk3D7a09jUWO1kLFIxdHmqpqnY1JNpMkfG+UmYCZmCbazOTw4cOfffbZBAAABKFrAl0ZxIsFAMkCZmL0TNtMhB4SXl4YXt4c/nDx2PTIErK/zuaUnhbqd+/Op5XvqWZmwkawOPYfsOUVV3XLFfZUV9aU22pamg9Kr4o2FBfVtDjqd8meRDtpyyrc1d7RJn3fUFGrXHYov2K3Y/+hhooK1qtTlV9szbFJSzXttmaWSlXGvHQUwSeW9ls3VLbuP1BVJj2uFEQEZmKaaDOT9957T2yVAADOe+jKIF4sAEgWMBOjZ9pmkptVbFX0mbQFnxcc+s5Ree60vxiWmYn/EHtaufQltdl13Ezys4pz2VPWxw8ETGNPteL7rXzWrLBOEtoB1m3TVlFqzaxUzpKUI1+6Z0wyk2DXyuagYvEnuPv9To23pZ1PwExME21m8umnn4pNEgDAeQ9dGcSLBQDJAmZi9EzbTPyBNv2k0digD5iJX+oqkca+l1YelPSDFYZvQhaSPdWh7zT1NAsbDd3NRQITmB4r2lKetUFeg/xdUdJRBL+ziX+Dm8JM/FWFNmt2ebf8jW8gIjAT00SbmYjtEQAAkBEvFgAkC5iJ0TNTM6lqbHU0SckPjomfoZnUbi7u9/usG3dJd2mFzKSqIfiNuYEvMZ2mmTiKbJt3tji7aPHBKZoJ4aiptga+xxdEAGZimsBMAABxRLxYAJAsYCZGz4zMRCiv2BgHM/EPt+bklda65WnF3VwZQYsIoDQT/4g1K2w0iNpMQnvrbo5iJhW54kH5W6oUGwJhwExME5gJACCOiBcLAJIFzMTomYmZCOM3/N1VM/imRW4m8pCVwFTQTPx+30Db7gxpiIutyilbS5iZ0Cexg811yiPv1WYy1tUc6ORpi9Zn4vd2UJ2MijYymBz51q/cspbALKACZmKawEwAAHFEvFgAkCxgJkbPTMwkcjSaCTAgMBPTBGYCAIgj4sUCgGQBMzF6tJjJWFezrax6svQHn9YFTA/MxDSBmQAA4oh4sQAgWcBMjB4tZgIAA2ZimsBMAABxRH2RQZApRvxNM01gJkYPzARoB2ZimsBMAABxRH2RQZApRvxNM01gJkYPzARoB2ZimsBMAABxRH2RQZApRvxNM01gJkYPzARoB2ZimsBMAABxRLxYAJAsYCZGD8wEaAdmYprATAAAcUS8WACQLGAmRg/MBGgHZmKawEwAAHFEvFgAkCxgJkYPzARoB2ZimsBMAABxRLxYAJAsYCZGD8wEaAdmYprATAAAcUS8WACQLGAmRg/MBGgHZmKawEwAAHFEvFgAkCxgJkYPzARoB2ZimsBMAABxRLxYAJAsYCZGD8wEaAdmYprATAAAcUS8WACQLGAmRg/MBGgHZmKawEwAAHFEvFgAkCxgJkYPzARoB2ZimsBMAABxRLxYAJAsYCZGD8wEaAdmYprATAAAcUS8WACQLGAmRg/MBGgHZmKawEwAAHFEvFgAkCxgJkYPzARoB2ZimsBMAABxRLxYAJAsYCZGD8wEaAdmYprATAAAcUS8WACQLGAmRg/MBGgHZmKawEwAAHFEvFgAkCxgJkYPzARoB2ZimsBMgHE5e/bsPffcc+zYsffee0+cNzPeeOONc+fOiaWJgbb11FNPiaWGRbxYAJAsYCZGD8wEaAdmYpqYz0xuv/32J598UiwF8eazzz47ffq0WDox8e67737yySdiaWI4ePAgyckXX3xBGyVFEWdPk5deeolP33///Z9++qlipsSrr7764osvCoUzh7bV0dEhlkaCduDw4cO/+c1vxsbG6HMuztYH4sUCgGQBMzF6YCZAOzAT08RkZvLll186nU5qulG7WZwH4so777zz97//XSydmHjkkUc+/PBDsTQBkJDs3buXTZNFRNyZaXH06FE+HdFMzpw5E1HGZsjUzeTUqVMnT56kAycf27lzpzhbH4gXCwCSBczE6IGZAO3ATEwTk5kJNRxHRkZcLtef/vQnXkIN5ePHj1dVVf3tb39jhVSHGnZ/+ctfQktOTHz88cdPP/00NfvYS2rp3nHHHTRx7ty5AwcOUH1qBzPhoTbrgw8+yHsGnnnmmdHR0eBqAvz5z3+mLTY0NDz77LOff/45rVzZk/Pwww/T4v/4xz9+//vfv/fee/X19bRLbBbtVXV19djYGDX9eX3i9ddff/7555Uv3333XZq46667mpuba2trX3nlFTbrgw8++Otf/8prHj58mE9PyD0D1Lpl09TU5jV/+9vf0oGQ2tGx0MHW1dW9/PLLVE47+cQTT7z//vuNjY20lddee40K6WVpaWlZWRnVVHZWdHZ2FhQUVFRU2O32CVkU6ehowV27dk1mDnQm6XjpRP3617+ekH2Djp1WS0vRVlidjz76iPaBldN+MvPZvXt3dnZ2TU3NbbfdRqeXv7kPPPAAqSntKi1F5fTWd3V10Sbo/ND+0HtK74vy7WPrP3LkSG5uLq2f9UWQLdCesxPb19fHPhW03TfeeGNC/kgMDg5S5ba2tj/+8Y98PQyaS1ukubQ40xsqob2iN5T2mT6crNpDDz1Ee+XxeO677z5uJm+//TadK9pD/uGkjxyd897eXlpWeYMZfcD4tK4QLxYAJAuYidEDMwHagZmYJiYzE2qmU2ub2nzUZGQl1LqlRvZTTz1FrdIJuUG/b98+arvTNHkItXeVi1Oj8M0332TT1Lr91a9+RU1SWhWpxYTcRnc6nVRC7V1q4J49e5bVpMZ9a2srXwlBTUlqEE/I7WxqWdKmqe2rbEoeO3aMFqfVUmv71ltvpWpUh2qSqNBe0fSpU6dou7RFvgi1SoeGhtg0tar37NlDEz6fj9qyNIsWoSbyW2+9NSH3ZtB54AvypjCDdp4a92yaJISth9ZA07Qg7QlrTNMKqUVOO0A7uXnz5rvvvpvtJBkU07P/+Z//efXVVxUrlqDK4+PjvM+kp6fH6/V+IUPiwXZPCW2UVkKrpR2gZWmC2vT0Dk7Ip87tdrNt0dmw2Wxsx6g+iRzVpAps5ydkxaL2PZvevn07vWRvN02QJrE1DwwMkDWxldO5oreS1efQ3vJpWtvw8DA7ZDocZk3kKkzq6LPBOk9ozcKta1SfPJYLCW2FftJp3LFjB8kMe6foJ4kHeSZ702mH6YM3IVs0vcVso1SBqSytnySHfYqUGyouLla+1A/ixUI7bTf/dN7Ntl3dzpp58+YHyjoLL1pyXXd/f1vnqPTSu2veohv623eX3LiosFOxqL/7kutKaqprKOx1Jq1qV2dN7tWXblHU6yy89KJ519VLk4WXzguVK7h0XuTypFGjwDJ/tX+0xbJ4Rbatpb2pxDJ/RaDSkNOyYEFhV9iCROX1i6k83R54mTbfsvj6Ere7faHFwkuc3W77ptVpxfLCXYW8chj2dPXKdQjMxOiBmQDtwExME5OZye7du+kntYCpVc0atWQmrHHMKpBRkJmwaarQ29urbP03Nzc/8MADbJoa9KQc1Bi99957eYX777//73//e0wzofYr++M6ZzIzoX3j7XuSIqWNUMOUrIMvMiE3ndmBsC4g1gjmc+lwWNdNdDOhpVgJ7QCtpL29fUJuwdMiQiOb7ySdMd6BQy1mNtw8ppnQhsgJeVcJHR2dPeXZnpAHiigb3HQI+/fv5y9p/WxoOJkJ1WSF1Kzv7u5mthPRTEpKStgEKycfYNNU4ZZbbmHTpI70XvNPBUMwE9Y7xGBnjJsJHeNktwuS9Co7qdhZoqOura199NFHWSGdZ3qj+YGTjNGFdELuPuIbpT1nvTdUWfh0ESdOnFD31egE8WIxE7yyfvj9JVfM65cnrPPnDfpC89tyL9kxyCYH511REprh77x0S7fipX/ej9YEJ35Z7goUbrp03qVbCnVuJgraF2a20D/u4BlYzQTDVblusaVlh0oeSFdSVpfbQ7Jh+UW2U162JXNhe7AkOCtXKoGZILMamAnQDszENDGTmVD7jxp8b8tQu+2hhx6akM1EObKZGri//vWvWR1qK9fU1Lz++ut8LjWj2e371BS+7bbbqBH88MMP83ufJmTnufPOO2OaCUEtftoQH5YwmZkMDQ2xv+JPyK3YhoYGtm8E7bbQ+qQ1sJYr7SQ12WkNJGDKCtu2bZuIZSZER0cHNaypyT4wMPDYY4/ReaBGMx/bTfvz7rvv0g7QkdIE7SQ1kfnBPvLII6zrI6aZsFuelHPJOvjBTsht7rGxMcV86c0S7j1jGklvh3LAN+12FDNRHq+y/E9/+lNjYyObpjearl1RzEQYZ8K8iJsJ7TlJHZ0KdVfGE0888fTTT/OXrL+FPpnDw8Pc7l555ZXq6mpeh48zocPh7z7BPlS0LfoQ8soTspdyydEh4sUiHtz884AezEsrV5Zfp9CGMIXw1dywK/SKmHddoPOEDGTejfI8582bpO6TXUYxk/KVFnd4ybpg14fEZPKgkA3L/BUlspUVXGlhzhfodfF1Wa6rkUpgJsisBmYCtAMzMU3MZCbUlC8pKSmVsdls1BacUJnJ7t278/PzWR2CmQyfS01VatdSW/P5559/4YUXJuS/nSvNhFrqUzQTWklvb++BAwfISSamZiZ/+MMfbr75Zr5vBLV9+SITsnKwYSF2u532gdapbEwTdNSsWnQzGR0dpRYzNY6ffPLJN954gxq+d999NxvUQeVer3fHjh209c2bN8/ETKg5LpgJ2ZrSTEjb2HvEoT0XzITdc6U3M5mQP1f19fX0YVB+fibkD4PSTOg9UpsJVaioqOB1uJmQcCrf/c7OzolIZuLz+dSj8/WDeLGYMaOu3fPmXy1Pdl+8fneq5aJ5F13MbuZao9CGXyoVoqvwYsvF8+bN+2VmQEjmXWwNVPvRvHnXS2YStB3DmMlSy0KhJHQ3l39yeVDIRmGaxbIgbdTdYlmczkuy7a7CVQvtQ2LlMCZbuc6AmRg9MBOgHZiJaWImM6HGnPLl/v37qQEnmAk1u2+77TZFLRFqy1Kbm/dFvPzyy8p2IbUpn3rqKbICaijzRva9997b3NzM6yihljo1x48fP06VqQHKy2+99Va1mZAO8eExk0GtVdolNhiG2rvKZzpRO5sJEukEf8wUbUI9oILa5XQU5CekT7SSQ4cOjYyMsL/979q1i3cCzLDPhPanpaWF9xrRGn7zm98om9Tnzp0TzIrqKL2CmvWkcBO6NBMGnQoSPGW3yeuvv06GyV9S/UcffVQwE5KZ2tpaXofUhXUN0Tsi3O02EclMHnjgAaGjRleIF4uZMdjf37ZrB7mI/GrXvEs3sfJLSDVaJjcTjvPmX5ZJN4KNtpdfNG/exZdbb75k3iU5bf4Wq9xh4jeMmfSVrCgL6zJZm2JhNhFgMnlQyEbB8gWWxSvsW9dZFq/mJdk1Lak/s5S0y6oHM0FmNTAToB2YiWliGjOhRq1wa9CTTz5JjULBTOglNZ0ff/zxL+VR6cpZnPr6euXf8skWqAlOzWhqzlIL8kuZAwcOkJBQ05Zmbd++vUkeJ8A5ceIEtelpLjkJuQdN0yKkDWfkkdkvvPBCWVmZ2kz+IT8F68iRIzTBHoOrHsxwzz33NDQ08JfU7GZP9yJZIsHgw7LZfVO0ie7u7s2bN4eWD0K6wsep0xvq8/nYNK2cFqTWMO2kw+GIYia0e3fdddeX8hhuNovxl7/8hU4ve4oUuQ0dNW2IdowkSv004bvvvpuOiCpTBdbop2b6Y489RiUffPABiQdrqSfHTHp7e2mjn8tPO4huJnQSaM1Uk/afDW1S0tXVRR8AOgQyEDaaRTATKiHFpbNHE2Qy5G9MKekk05tIa6ZyOldsiI7aTA4fPsx2Up+IF4u4UH+d3DIeZd0dfvk+rjU7RsvTQtowb94v+bSC1kUFYUPjqVp5P/0Mg+RE12YyXLN2viX00m1PT7Hw0SYBJpOHkGzY1+4IjNvxD1fKhaGStRaLVAIzQWY1MBOgHZiJaWIaM6HWMH9sLoPadiQhgplMyF+5TY3X/v5+j8cT8TsZqWVJa+MvyRaopK+vj37yZ+z+4Q9/YIU9PT3UUlSO2yaeeuopNpcamtTEZy1gUg7yBNoubZ0kSm0mE3IzlPaqT2ZwcFB9085rr73Gm9cT8jHS2mi1bJ28nG2LVvLb3/6W9oGXc2655Rb+53lqsvO7v8hz6IhoJ2nrx44di2ImbLS62+1Wfg3IhNx8J22jo5iQh4OTnHTL3HbbbYIJTMj7z/aTuPXWWyfkgfK0w/SSyvmak2MmDz74IG2aPzU4ipn86le/oppkMnSu1E/vffbZZ/kHhs0VzGRCfqPZh5DOM+0YncYJ+Q5AOku0WlqWStj9hGozIRMWnlWgK8SLRTxoy7mkXB4CHxrIPu9Saiv321InGQEfYLD2OmuT8vWu+TfuosY4e2yXnMzU7Jo2l2gmg20BBRLMpLspfPxKUmjftFR54xZpyWKrSiAmk4eQbDhW2IK9Lnuzs6Wx9KGSxZaFUoloJqPtbL6w8lGX6EX6AGZi9MBMgHZgJqaJacwkjuzdu1e3d8ucOHHiueeeE0sB0A3ixUIz3s4dmb+UejR+dHHhruCDtnz9F0t3ZS3iT+gqXL1onlTAjKWb+cmos1yqNu+izOrAgiVXyH0jttbAYiFCd3Mpu1BumB94GpiieB5JyaU/moUuFItlaQF7lpZfkgSLgpAwKOQhXdnBopANp21d2uIFtNSKnMDwGyqhlwtSUl2s76SrULHudH9XyeIcyWCUG6WNdBWnyWKjO2AmRk+czKSv1ZpZLCV3Fv6QAGYLmIlpAjMR+OKLL7q6usRS3dDa2qrnO3kAEC8WyaTF2qbLv+UnGcu1lWLR+QHMxOiJh5l4nUUbZC3JLHaNiTOBiYGZmCYwEw77Rrz77ruPPz9XV9C+ffjhh8JtYwDoDfFiAUCygJkYPXEwk6KsgJaIM6ZFT2NuTQ9/1V1Tbs0Me2B5POipyi+ubWp1NO3OyCpu9oqzNUBHXbRHLDx/gJmYJjATAEAcES8WACQLmInREwczyWX3cWUWy/0lYzlZxbZ9Yp3YJMtMgrepHrTm7w5+A6x2uJnUb5mZmBkTmIlpAjMBAMQR8WIBQLKAmRg9cTCTyo0BM7HmVNryiq1ZVY5hsU5sJjeT5ooKaeVZNkfwXjFJKsb7M7KKMwrqpaFwLXVUIbeMj2nz5W+0KesHUZpJT8BMxgc3F9ho8fwdbQPj8pwxV0awFyjQETTez/ZBsYkAATM5uJtVDh6CuAPWrOq2mkqqkLFRuu+zUJ6bU9TI5taWBA6wrGnmrpRUYCamCcwEABBHxIsFAMkCZmL0zNRMijYUb27sad1eypvy/ax9P116GvkagpHMpL++oqIzMJatfkuxU145zc2vlx+Y0V5vzatvlwsbthZLT61wN+dnBbovbNnF4U2toJmMeTfnFNeHfVuRv3ZzMbkKTWQFb0sbcVRW9UkTtCeV3fI+OOsKm8JWGTATOg+Km9mUO2AtkmTGyud6W8jc5ClfW0Vpw7B04Ma9HwxmYprATAAAcUS8WMyMgYEB9lDpGdLf3z8yMu0LnU6gk0D7Lx7S9KH1GPckTAWYidEzMzMZZI/ksm2uP1gk9zxo/6t/T2NWyW6HNAhESm1JKTMTspFgL4ffv6e6bL/0L81izuAfb83acZDNbN9R2kz/69orrJkVrKS5pDi8j0MyE6Y9Gfl1YXPkytZ8qRMjdBfZnmr5tjS3dUvzQKDIaS1rC0zKRDQT5Q5Ys6pZteDMHmth4DF7kvn00CEcsG6U6hgRmIlpAjMBAMQR8WIxA7xer9i4nhniBowATsLUgZkYPTMwk4CWyA39EvE2p2kzyd1cZdmK8Rs9jfl2qafDmlndHChy8qVoESp0bidBqhrwuFnCb+dS3s0VwFFk27yzhWo2FAfMhOo0dA2OjI8VbmBdLgesRVKFQLxhq5zETEI7MOCRBtorxsz0WEucgck91ZKZSPhqKyqysorLnPEYlZ9EYCamCcwEABBHxIuFVuLVW6KE1iluRveIxzBjjHgSpgjMxOjRaCb8McGUwPCMGTKJmfTbK8r2q+/mmtRM2N1ckzTwI5gJ782gpZiZdNeWHwwXGmumrWhP5FVyM6nIDbubS6gdy0wC0HGFvdY9MBPTBGYCAIgj4sVCK2KDus9ZU1KhfN1LBTVOZUl5cWHhtpJeebqzpa6wsLC4tEpZoc+APQbC/pdUOPh0eck2OuB9PYrZfV0tNeV04A0H2GmQUJ0n452EKQIzMXo0mYnUW1KaX1YVn94SxiRm4h/vsWaVtnYcdDbtJkNgc6OZid/XXVthzat2NLWWFQbuqgoSwUyKsosrWw+11tflbLTxPhPBtaoKJAFraGptqKm37Qmbxc3EUVRsazzY2iF16Sh3IKNM8pBoZtKzu6K+daDrgKO+LiP8VjH9AzMxTWAmAIA4Il4stBLWlO7rKqZGODXDi0oDBeQltuKwFnd7/Xa7s7u1rrJZapSXFpV39fTZt28Lb5Mbr1Gu3Pkayb0Kt5Vut++TjreioaO321m4vaE7WKG9vrSwaHtvb/e2okq+VEkJzAQxRrSYSWi0RlFgyISZyMm2BYa7NDZaswS3AWHATEwTmAkAII6IFwutKFvSzpqS3vA+k20lO1t7+5QtbmqTs4niwoomXuqsqe/gLyTEzegexb47tzf0hvpMmpmC9RWWhg6xtLCkrk2aaK0qlgu6m27Z1tvngJkghogWMyHKtlTkV8Spt0RX9O3e7Ai1zzIySxXzgAjMxDSBmQAA4oh4sdBKWFO6r29nqdRdsLNBanc3VGxjhUozqSoOmElJYaiYpnkFhrgZ3aPc+baGnYWF2xraAvdv1ZVKN6wpK5CVMXEhjaNzsL2opE46FTATxBjRaCbmpce6odIlD15v2FmZwe+8ApGAmZgmMBMAQBwRLxZaCWtKS1Bju7y0qLC3r29bRQMrUppJTUnITFi/Qe8Be4Wji1dgiJvRPcL+l5RVbSvcJnWXdDlKKhta7ZWltU4+pqREYSZtfe3bG9jhw0wQYwRmArQDMzFNYCYAgDgiXiy0omxJ73PYu6UB79vryrd19/V2BCmpaukOtsr3VRWz4RaBu5u6HOX1whgTCXEzukex7/vaOrtLKuzl27ZVOLodFQETq5BEJVCjqiQw6kTytN7u4Hmy72zpCI2IN+BJmCIwE6MHZgK0AzMxTWAmAIA4Il4stKJoSDPEZ3P1BftMCgvL2UgL5bO5pPHyDMXDrPoM2ChX7nxf2LO5ukqLpPHw7DFc9WWF8jkIPJvLHupH6UOfCWKUwEyAdmAmpgnMBAAQR8SLhVbCmtISEcxEA+JmdI+w/8qnBmtG3IZZgJkYPTAToB2YiWkCMwEAxBHxYqEVfNMiQzyGGWPEkzBFYCZGD8wEaAdmYprATAAAcUS8WGhlZGREbFPPGFqnuBndIx7DjDHiSZgiMBOjB2YCtAMzMU1gJgbli08+PmH9j5OZ18xOMtac8g8p9+fcF18ef/10kvPi66dff+fsp5+dU+4JmF3Ei8XMiFfPSX9/v3Fb5HQSaP/FQ5o+tB7jnoSpADMxemAmQDswE9MEZmJEzr37zosrl7y4cvHs5rNXTvBdIkMI7V8S+fTzc2+8NzubBhERLxYAJAuYidEDMwHagZmYJjATI3L2sb++9J9XqlUhyfnkuaf4Lr3y5hnFDiaPL7748q33PxZLwewhXiwASBYwE6MHZgK0AzMxTWAmRuTsow/pwkyeDZnJy7NlJl9++dYpmImOEC8WACQLmInRAzMB2oGZmCYwEyMCM+HATPSGeLEAIFnATIwemAnQDszENIGZGBGYCQdmojfEiwUAyQJmYvTATIB2YCamCczEiMBMODATvSFeLABIFjATowdmArQDMzFNYCZGBGbCgZnoDfFiAUCygJkYPTAToB2YiWkCMzEiMBMOzERviBcLAJIFzMTogZkA7cBMTBOYiRGBmXBgJnpDvFgAkCxgJkYPzARoB2ZimsBMjAjMhAMz0RvixQKAZAEzMXpgJkA7MBPTBGZiRGAmHJiJ3hAvFgAkC5iJ0QMzAdqBmZgmMBMjMnUzedNR+fnfXzvx31fT9Cmf5/NXT05xwalEm5l88cUX//Ef/3H69Gn2sqam5tNPPw2vMg1gJnpDvFgAkCxgJkYPzARoB2ZimsBMjMjUzeSlG5afPnrb2x3Nx9cs/fT5p8/86XfqOpqj2Uz+8z//89577/3HP/4xATMxHeLFAoBkATMxemAmQDswE9MEZmJEpm4mFHKScx9+8Pca2+l77jiZeQ2VvH1g9yfPPPHJc099duJFevnyzes+ffHZM/ff+8nTj59cv1q9hsmi2UyKi4vr6upcLteEwkzOnj27c+fOQ4cOOZ1OqiMuNgkwE70hXiwASBYwE6MHZgK0AzMxTWAmRmRaZkJ5r7/z3Kn3X7phOXsp3d+VvuL46ks/+uO9b7XWvbo147OXnn+1MPP4NcvUy0aJZjOx2Wxvv/12Z2fniRMnuJm0t7ezW7zGxsaOHz8uLjYJMBO9MQyAVsTfNNMEZmL0wEyAdmAmpgnMxIhM10xO3PQfn7/1Bn957v13P33uqU+efpx05Z3OluNrL//od0c/O/HC6XuPHL/2MvXik2UmZnLu3LnHH398aGiIm8muXbu+/PJLmrj99ttplrjYJMBM9IZ4sQAgWcBMjB6YCdAOzMQ0gZkYkemayfE1Sz9/7RX+8rMTL57MXnv8mssoL676RaDO2stPjXneaqlRLz5ZZmImbHrv3r15eXnMTG677bbXXnttQu48efPNN5WLRAFmojfEiwUAyQJmYvTATIB2YCamCczEiEzbTFYv/fSFZ/nLk+tXf/76K1+cOf2Pt988mXnNq5vXn3v/3XMffvDpc0+/dN0V6sUni2Yz2bFjB5v+/PPPs7OzP/vsM/bS6XRee+21DzzwQKh2LGAmekO8WACQLGAmRg/MBGgHZmKawEyMyHTNJEHRZibxBWaiN8SLBQDJAmZi9MBMgHZgJqYJzMSIwEw4MBO9IV4sAEgWMBOjB2YCtAMzMU1gJkYEZsKBmegN8WIBQLKAmRg9MBOgHZiJaQIzMSIwEw7MRG+IFwsAkgXMxOiBmQDtwExME5iJEYGZcGAmekO8WACQLGAmRs80zaS7JSu3dEopqBeXBaYDZmKawEyMCMyEAzPRG+LFAoBkATMxeqZnJs0lxdbMYmtu3YDHPVkKM+U6mcXiwtHpaWRLWbNsZU0ucW4C2JxVnFHRIZaC6QAzMU1gJkYEZsKBmegN8WIBQLKAmRg90zeTDeX946GSso0BD2nzBovG+5vLKjSYSW5ND5tsLrFVHgyfGz+sJU6xyAR4D2RVHBALEw/MxDSBmRgRmAkHZqI3xIsFAMkCZmL0TNtMivYoC/rJQGxlVbnZxRnhLf6ZmIm/sz63NkHdJm5zmomsiGJR4oGZmCYwEyMCM+HATPSGeLEAIFnATIyeGZmJq7acDMTl76nKF2/fmomZ9NdXlO2XJmi1RRuKa5taB+TyjExpumFnpTW/sVvut7FmVuaWNDY0tdryihvaG8vqpblUjbWwaFkqcTS1bs4prur2+ce8A54Wa1HLgMctzc0sZlvsrinPKW6karVl5cyvqMSaZcspkQr5gdBqHU0HHPW76qWl9QjJSZJ7TmAmpgnMxIh8/ORjx69LVatCkvPp80/zXXrlrVkyky++fOt9mImOEC8WACQLmInRMyMz8e+rtmZXjvhHuvc1WjNLFTO0mElgnAkJQ1krKyMzCd3Vtb+uaI+Pl1u3NPvDttJjLWxhUyOOyirJOA4ou0esmRXyv05eyM3EmlnOqxVlSSuUzCRYSNPSlmQz6R4J7IBe8Q04quq7x8TihAEzMU1gJobkiy9OjbpfXPWL46uXzlZezrn+y08/4Xv04ZnP3j/96dlP/pHMnPnkH39/9+zbp0K7AWYd8WIBQLKAmRg9MzOT8QPB0fBt1vxGxQwtZpJVstvR1NreF+qSIAPh0wP2Ctk3JKThLtl1/jCp6Al5yJ5qqaanOXR7mFTTJv8b0UyqeTXa4kDATAKF3Ez6W+rooBo69NpjQqeopTpjQ6VYmkhgJqYJzMSgkBW8ubvqjbrS2Ul9+el7jyj359wXX5IkvPHex8mNpCWfff6Fck/A7CJeLABIFjATo2faZiL1adSGWvz+wY7cvIqiHYH+Cn+gWS/e3BUb5TiTIEozmaTPZHIzmWmfiWgmjLGuxoztSb1jaoqQllS186cQJAmYiWkCMwEAxBHxYgFAsoCZGD1azMSaF9Y9ImDL0vjU4BhmMn6A2YhfvrEqv77fH8NMfNYsZiPyspt3y1MHrcWBW8W4meTLNsJgXStRzCRsQzrCl+TeEgbMxDSBmQAA4oh4sQAgWcBMjJ7pmYl3TzUfDRIjWezuqSkT00z8/jFXa0ZW2GOLo5qJtEBOtrQzOUW7gtX8VUWlzJq4mVCzvqjARoUZORWs0yGimQTq5M2CAMTGe0gsSQowE9MEZgIAiCPixQKAZAEzMXqmZyYAKIGZmCYwEwBAHBEvFgAkC5iJ0QMzAdqBmZgmMBMAQBwRLxYAJAuYidEDMwHagZmYJjATAEAcES8WACQLmInRAzMB2oGZmCYwEwBAHBEvFgAkC5iJ0QMzAdqBmZgmMBMAQBwRLxYAJAuYidEDMwHagZmYJjATAEAcES8WACQLmInRAzMB2oGZmCYwEwBAHBEvFgAkC5iJ0QMzAdqBmZgmMBMAQBwRLxYAJAuYidEDMwHagZmYJjATAEAcES8WACQLmInRAzMB2oGZmCYwEwBAHBEvFgAkC5iJ0QMzAdqBmZgmMBMAQBwRLxYAJAuYidEDMwHagZmYJjATAEAcES8WACQLmInRAzMB2oGZmCYwEwBAHBEvFgAkC5iJ0QMzAdqBmZgmMBMAQBwRLxb/f3tn19O2tufhT2QhdIQqtFWNUIW2qmp6tDtSdYSikqSIlkN3A04gOyclBEghhZDWhVDSECClhFdfzN1czUea65HmZrxsx3FMaKmTtqzV59FPjf33sp19uneS56wXA/woMBPZg5lAeDATZYKZAEAfCX5YgFqcnp4eHR0d9AnrUsEb9ABmInswEwgPZqJMMBMA6CPBDwtQi6Bb9Eyz2QzeIyyYiezBTCA8mIkyCWcm//u//xv8PQIAvzzWJ0Pww0J29tZmN4O1vhCJLm4Ea7edPvaW+AneJiyYiezBTCA8mIkyCWcm//M//xP8SQIAvzzWJ0Pww+KW83lnPKZHYqlUfjt4yOFaM9mLRHV/asEGXyFgJpqfewlROquP3hnUBgYL9XYz45+jY4X2bpuLuqaNeHtntfygpg3eGX2Sd0/OPxkVVx4cqp+J3cJY6y4BCmOJarDmcXh4GLSKfhC8TVgwE9mDmUB4MBNlEs5M/vM///P//u//gr9KAOAXxvpMsD4Zgh8Wt5j6UjoSzQarAa41E4e9SNII1nx8oWPk2kOV6Sfr4vW45irCQ8s5Xort6d8H04VEFzOpZ7V/i/vNRPst7myUokMV8RKPv3UPDWnDZlgzCSrFgVH0NvcrMwlB7s0HX4ODUj5tFVe3973KvpFP5g1fE8yEuMFMIDyYiTIJZyYO//Vf//XfAAD//d/Wp0HwA+LWc7qei0RTHSWfh0Sm1kQ3yN7a+NOUUW0cffo4HtV9TR06zGQyphd36lbLiZjetK7/uRGJ5lY/NY4+W5+xh6l8+ehgd3V+LrsrGl9nJvcHtEDlsaaN6q1+k2o3M7HpMJOB++Llojp9TxN9JI3s/ZR7BW3gkdkPM9kppFcr74oHe9WtsrWbTyacurdhU/5rtdZZ3J/51zpmQroGM4HwYCbKpBczAQCQmb2Vl6nYi5XzdqGLmURelpxK5dXcxqV7tIXfTE4jz1acrWYpd61+XBqT+b3uh2y0oSfBysD9tPfr/WZmkhjV4oV64t+HtOGx1tHB+kmj9PLhWOHY7IeZGPnkvq/PZGXOdY8FfaZVs/RlZXlLvJZzulOovcmU9w8wE9I1mAmEBzNRJpgJAPzaXOSS6XFHMLqZSXs0V5eRXT4z6Tjq1n36cT47PefMSPmCmTRSPgmxeXRHEybhcTMzmf59MJ4vjfxN04Yf2oXjwYHhUiHx+N7gw5QY3tW7mVgszOkzybmFVVs+Dg6c0VyV9ritg4O3OUddLI2xXaSaXBKvmAnpGswEwoOZKBPMBABg0hmp1baLU89MJpdaI6neL8+/dzdb+PtMtiZyQjkEl0bsleg08fRjqj0SbOsLZqJpd/27Y3e0xoW/cEMzKTx6Zc9ztzjJWu0tD2ntm9k/NNGiH2bizDPZX/3L8oy5xJxTWs3MtN2ko8/E0hPbXVySXqvgbcKCmcgezATCg5koE8wEACASnRMvB29erNmP12iW2qO5Xrxx2hjplHHD0VzFbGs0V84ZAOaaj4WxfL2ZVLQH6fZeozAcuWIhNzKT4v1Uw918G4+XzGJEa+2b8d8086qZnNVLq6Iv5YqZnFW8MzvN5F2xUNs3CpXycnqmdnCQTGScuuUfO75Wvnkm+7UPOw7JXGlnpz1Rvn2D3sBMZA9mAuHBTJQJZgIAvya19cXJyVQkqo8/z3hP+8vNijFXqdKhZyYb54cTcTEKK7XuW77XpXNtLmcN4qg+u7LjFLby2ZhV+XPDPCiLG00vF+vn15hJI/1As+XARqiDn5Z1+Mykro8mfb/q/aO5jNRjTawaPHJ/Iu9UHv8+LC4zOJSvie4T/+VHXlar+qg2INbs6jhgqUs1OTzhTrMxr+kzcdjfXnVGc2WWS9buwqw77cRZm6tg+Md4MZqLdA9mAuHBTJQJZgIAICPxoY6hXz8AnmdCvmswEwgPZqJMMBMAALgJPAOefNdgJhAezESZYCYAAHBDglbRM82mN5KuVzAT2YOZQHgwE2WCmQAAwA05PT3tY8+JdangDXoAM5E9mAmEBzNRJpgJAAAoAGYie/pmJn8mctWP+8EqKA1mokwwEwAAUADMRPb0zUzEAnnJpWAVlAYzUSaYCQAAKABmInv6Zib0mfyCYCbKBDMBAAAFwExkT69msvNhLxIVTxQqrL4NHvsG3It4md0MtoBbCGaiTDATAABQAMxE9vRqJk9iSU8nqh/3jz6HW/fttLhetrKUnMvYG5VGsAXcQjATZYKZAACAAmAmsqcnM3GEZPrlwsfawbN/ZpzdYKNvoZZPbwRrcHvBTJQJZgIAAAqAmcieMGZyfn5+cXFptszEP47LqltH202/kYCZjEf11fJ2NpGa3XS7YiYmM0a1MT9t3Tct9jcXMwuZyeRacf1NJJabnMwU18urC9nIbNk6OP9UX1ovG++3Mwm7MfQbzESZYCYAAKAAmIns+WYzqezULBsZj6fm0gWzU04+f25adWs3MZsPnnYzOszkcntcF4JhmoeRZ693vbpF482U0zmzuTie3nZqLyyNcf3lIhLNWi+TvXXgwFfBTJQJZgIAAAqAmciebzOTg8MjSzyev8hOTomxWxOToi9CTFhPLp2dnVsbVt06am3EJuaCJ98Av5kcFdzhYXbSuT1RLL7KjcfcotjfXHTqFrmptoe4PSoHZdFyMnMYvhcHvgRmokwwEwAAuCE8A558v3ybmeSXS44SHDdPcvl1Z9sxk+WC0ACrblU2ShXXHL6RgJlkthpHn5x8Pr00zUY5MpHdtXY/lxI3MRPrP5697aVMJhJjNNd3ATNRJpgJAADckKBb9EyzGW79pC5gJrLn28wkNjE39UIMlDJtOfGbSXJu2W8jvZuJebkdmVrzHTTL8/qGmN5iHtrdKWLra2biUMsxsf67gJkoE8wEAABuQh97S/wEbxMWzET2fJuZlN/uROxZJbn8hjekyqkY76vWhlW3tr1D30pgBvx5vSzGbsVS88U9+0fT+WRc7G59bq4mvm4mK0l3PFhiYcs7BH0EM1EmmAkAwDdzue1NdjXNj9lneteP0cl865eKTX3+vqYN5o16/p8Ph+Ilp3j8dnpwUKv629lU9dGH/8wb+emhscKxXRkd0Kxzp/99SLszZrdIPE7lHYxuP+8HBzRNs1uaVW34caPRqBSmtdGktV8Y07R7ic7mNoWxxNW30iKoFH0ieJuwYCay59vMxGxNeXeytLJ53aHk3LL/ECgJZqJMMBMAgG/nIhJv/dr5sBLr/v/J7gbMxLyoV2tnzqY2MFa4EBvDA1o2csVMTvKPBjRn86429GTdej3T7k6K/YvK5F370IfpL1iEOPpyzDWTUjzeWkt1SBs2+2YmRrG9XdUTgtXt/Xbt4GBhTpQLhl3c/zCXnLnaJnibsGAmsuebzcSi/O7DW+PDbrUePGCaVt06uvOh8z9CUBTMRJlgJgAAIchMujaSiutO/8lhIVfcqR99qk/ExKGjT6WJVztHnxrNbovxWGZSbG1bnhDQgerLkVZ3h20Ro0mzmhgTC6O6pWTNNJcfe1e4inZv2j7Tvkgjez/l/nLTBh6Z/TCTnUJ6tfKueLBX3Spbuwt6wqnnk+6Gn0yioziXSOaN9m7wNmHBTGRPGDMBcMBMlAlmAgAQht3XifVTp/PE6DxSy6dr4tUI9pm0KIwNuSO03N2gmfjNwbUUvzM4lnJWLxr1yno28Y+R0ZcdF4jf0cSLZybWGan7muCus9u7meyXF+YW8l6fSTKRcTaMfHKrVfSYmcl62zWjOJNdr/mOBm8TFsxE9mAmEB7MRJlgJgAAodiLJErmpRF75T537bxuxCbEs92sfNFMjrWBUf/+VTOpPB/WRqad7VJ8SFjE1uT0h9bhUjzgD5p2v2P3nn1u20yOBweGS4XE43uDD1MV90hvZnJgj9SaSc4trAoT0X1m4usOsakWM8Wqs5lPihFfxl7H8eBtwoKZyB7MBMKDmSgTzAQAIBxTUX0jqbeeB92IvHjjbJXnv2AmZwEtMbuZia0jI87m5G+aPV2+NNLqGLG8xZ0+38JrbDrW0cGYVXFnt5hm9g/NbdOzmTjzTPZX/zLsAVpOqZzTO5rsvdOzGx0V20+SS+2eleBtwoKZyB7MBMKDmSgTzAQAIBynxWwkmvF2I9FU/VNj9/2b8acp20wakae51Wqj3nAbVF+OirW5PAz3gN9M0g80xzoa8/edtbm0B2mn3X1vba4B0UOSfDCSX69U1rPTfx92lu8SGvLA9+wEr8+kFB/++3Sj0agbeceLxJHfHjvvovjhrBgRpzqneOt95YtVc3XMu7vZaSbvluZE98es6DSxdquv0wWjtr9fm5kVnScLs/bEkn1D/9fqjs3+wcHW6vJOdW+vupVIzK1U2pdqXb5XMBPZg5lAeDATZYKZAACE5KTs9ZNYbMzbTyx4mjl/t2ibiZmaEoO75lvTUBL3OvoytNaUdr+ZjLWW5LIYvTOoDQ7Vvf6OemFQ04Z+f5K3F/iqzD+2dq0GIw/ibvsBbXjC15vim2fy+PdhccfBIedcf7/KyMtqVR/VBoZbp7S4lzCrSf8F2zLh0mVtLmcZLtdMihm7Zo/gOjiobeTszZnVrY7hXN71ewQzkT2YCYQHM1EmmAkAwO1B+8N9qvUthCctku8azATCg5koE8wEAABuwunpadAq+kHwNmHBTGQPZgLhwUyUCWYCAAA3xJKTPvacWJcK3qAHMBPZg5lAeDATZYKZAACAAmAmsgczgfBgJsoEMwEAAAXATGQPZgLhwUyUCWYCAAAKgJnIHswEwoOZKBPMBAAAFAAzkT2YCYQHM1EmmAkAACgAZiJ7MBMID2aiTDATAABQAMxE9mAmEB7MRJlgJgAAoACYiezBTCA8mIkywUwAAEABMBPZg5lAeDATZYKZAACAAmAmsgczgfBgJsoEMwEAAAXATGQPZgLhwUyUCWYCAAAKgJnIHswEwoOZKBPMBACgfxizUV28fiql3n3Hj1b3LuADM5E9mAmEBzNRJpgJAMBN2EjqkajIxJ8rq7ufg4ddPDPZSJT6+dF6tFsaj4m7v3hVqp18RzMpvXykWQwMlhqdB46NoUFt8M7ok3zdKVT+9Vi0HLxbv3CbnFWyg5p290Hc3a8mxgrupp/EPU3reqA3MBPZg5lAeDATZYKZAADcBMtMau7mxWExN5nf6zjs0jKTvlJbSk/mPvor3+Mugkb64b+Onc37muY/og08cjaOXz1KH5jmSf7u84pTuasNWX/m/8OSkkmxf1EZipbEBmZCviWYCYQHM1EmmAkAwE3wmYlg3HaDw0LmxYKx+6mReqbXLs22meytzW6aRjoViS+32qfES2Nj/OXro4PdSCydq4m+hsjUSuzFSnF99/CkPLVyaLc9jbx442wJNhcjzrk+rLuMP18++lSfiOnjSUOUjJWl9x+PPjVePNXtz3QjkVubjKeL62Vxwae5c/O8eWBE/twQBxsbUzG9XG2szs85b6OF4UqFaQ5pd311U/uH5xJVLVKsvhzx9gtjWt00R3y6oWmjdkPMhHxDMBMID2aiTDATAICbEDCTSdtAErFW30XjTWL9NGAm5vtlV0gsAxGKclqcdQTGXHqhR2bLoh7Vm+4lLiLPXovXk1JLUQS1fDoSzXi7DtZdDPs69tFF/yGrYsuHEYmms651GFMFd2yWcynrbUSm1uzCofM2PIY0rdI4q+fHRvWqv64NPXG3DtKWV1SeD3uHS/Eha3tYG5n+4FaGtBHxgpmQbwlmAuHBTJQJZgIAcBO6mokz88SN6LvoNBPT3F2YEwphLGd3RXHS3942Cr9XZJ+Jcy1p8X8oX2cm7pboUUmLjc+7E5Mp58qOmfjGm4k+E+vlvLHt9JlcfRsewwODhfVs/MHdkYmiv+7MIRn6/Umhbgw/r2AmpO/BTCA8mIkywUwAAG5Cp5k0nWFarhW0CZqJ6JRIGqm4Xbw0Zr0+lhYdYnBSTqyfegPAXD5tTEU7XMXsZibeWfUlt8/EPxMmZpuJh/U2JnJd5slUX464c0dM0+8efs5yj9INoSOJ1uHJ3zTrz7ilIy/dkjZkT4LHTMi3BDOB8GAmygQzAQC4CT4zaW69Sk8uiV/2iZg3FsvhqpkIZ2h1eojRXBudJ3R2WVxEkmsTCx2T3a2i8VcqUWyP7zK7msnkilNYenG1z8Q62mE7YjTX046uEoe6PlpqzTrJ/l0LrM4lOC6M3dHOrI2LUmAGfCk69NUZ8KWaODVoJo1Kcd1d76sXMBPZg5lAeDATZYKZAADcBG/V4MnkWrl+3ipfzE7bY6jiqQ3xQ76LmVgaYE9BcVlKZqz2selsZlOcEBhMlZnUOxSkxe7ainP3F6vCW66ayVY+a7+NuaO9N0EzqW1MzL8prpetpJ7pW07x845YhjiWct6GR/zBiLNqcNJeNnhsQHM0I/m7KD9OlRotdakvP7FXDR6qC91wSgVnxJe7W02IBjZCRE6Kg/+eNR0zaWEZSjEypA0+bF0iPJiJ7OmDmVg/arz/NOGXAjNRJpgJAMDtoT2lvn9YatT+lH+/3G0Y17UMa3envQFetxvMRPb0aibZaX0ikZ2I6dlKZ8ck/AJgJsoEMwEAuA2cfj6srFz3mJSeqC2lU+tiQeGjTx9j38F8bgmYiezpwUwuP0ei+lbLR7YWMpFpe507+GXATJQJZgIAAAqAmciesGbyeWv+uf4iv+OvvXiqz7/77K+A2mAmygQzAQAABcBMZE8YM9mYn4sl3ux2m1yyu5KNPFvcOPA/SfRm1NYiE5lUvlRceT3+zF1ZAm5Ic7NzbcEfBWaiTDATAABQAMxE9oQxk6PmeSS6aK/5EESspnfePDr9ZjPJTXU8usih9WhS+Drz9oOZfjCYiTLBTAAAQAEwE9kTxkxMe3m7a80kWLsRqwldPB7V49NWasp9iKlTaFbeiIXtnqaPWs0i8WXRRRPVpwpiSbuNjFiAb3Let4jfL0VzO5bZDha/M5iJMsFMAABAATAT2dOrmTgLY4u8E+tIhDYT07yYiAkPmV/bbVX2vD6TVFyPJOzn9ZjmeMtVrMbeg4oOC5lsze6oMZa9Br8cze0f3HOCmSgTzAQAABQAM5E9vZqJeE7Q5JwVxyJ6MBPTPG9U1l4LOTEc4WibiSUbs5vuCLHclH5kb3jdKRYrf7rF9uONfkUujoq5ldqP6zPCTJQJZgIAAAqAmcie3s3EfWppH8ykRcxVi7aZRKJp75FA1i2MVtEtmeZ8XLeX6Hbj1X8lLsafZnM/9qkymIkywUwAAEABMBPZcxvNJBJN2a+nkeeumcw/1SN/uhNbfKO52mZyWMjMbv7QH+W3DKElwdr3BzNRJpgJAAAoAGYie26LmczGUrk1MV8lk0iPz5adoqUou58+nopVcRdjMX1pfXs1n/N3pLTPv9yLRPXV9fJqfuXFtCM2vxBHpdwP7i1xwEyUCWYCAAAKgJnIntBmImard004MwEZwUyUCWYCAAAKgJnInpBmAmBiJgoFMwEAAAXATGQPZgLhwUyUCWYCAAAKgJnIHswEwoOZKBPMBAAAFAAzkT2YCYQHM1EmmAkA3GasrxjyiyT4d/+NYCayBzOB8GAmygQzAQAABcBMZA9mAuHBTJQJZgIAAAqAmcgezATCg5koE8wEAAAUADORPZgJhAczUSaYCQAAKABmInswEwgPZqJMMBMAAFAAzET2YCYQHsxEmWAmAACgAJiJ7MFMIDyYiTLBTAAAQAEwE9mDmUB4MBNlgpkAAIACYCayBzOB8GAmygQzAQAABcBMZA9mAuHBTJQJZgIAAAqAmcgezATCg5koE8wEAAAUADORPZgJhAczUSaYCQAAKABmInswEwgPZqJMMBMAAFAAzET2YCYQHsxEmWAmAACgAJiJ7MFMIDyYiTLBTAAAQAEwE9mDmUB4MBNlgpkAAIDH6enp4eHhwQ/h6OgoePsewExkD2YC4cFMlAlmAgAAHkF7+M40m83gOwgLZiJ7MBMID2aiTDATAABwODo6CqrD9yf4JsKCmcgezATCg5koE8wEAG4zkah+NRvBVqExItHFYM0saFe5l3COlVLxwQFRGPpttH7WcVryH6PiwMBgtnLcccDHWS0/NKhpg0PFeke9np9+9Puwdfbw7486r3pm1cUdBwan8+1zqi9HRl5Wfc26YF3tq20CBKXhhxB8E2HBTGQPZgLhwUyUCWYCALeZ2OSck/GYHomnnG0j2Co0Xc2kOPzbsD+emVTnH9pOIoqDQiPG2id9SIiCdeiOdWSoXfdxXBgbsqzkzvDw3yzTuBtf9wTm2FGaJ0+eiJPHCt4p4oyBQUtXHv1unap5J2AmV8FMZA9mAuHBTJQJZgIAUrCR1Cfze8HqNRyuZHI3atvVTDo5yWsDj/Inzk5Hf8Z9TStcuNt+bWjM39f+I9/aa2O1ufu84myX4sI0nO3sH5pPRkSz1uaZb9s8e/VI+4fb7seZSTGTSGQ6KvuVudmExdzCakfdx3J6JlMMFgUf1xOJZKAWfBNhwUxkD2YC4cFMlAlmAgBS0NVM6uU10ZcS1WPT2XO3dlopLF4d91XOL4qWsVTseabV0ryJmTwZ0pLX/Hj2mUlR0x75jtS7dJvUktpvk66XCIpjA1q6YW9FtEev2s7jtxH/diN1fyhecrZ/iJnsW/qRz85ZDpJfSGfX90VJiEpCbB0cGPlkpuhs+qlaDd6tZrqayUxCx0zIdcFMIDyYiTLBTABACrqYyeWh5R7jE2J8l9h46WhIo7ywOBnXJ/XF1Pzirtv0o7CX55nJiZS14bvO183E+n3fOfHDQwzBcg9Z1jEU9x/zG4XL6pj2wDERh2rinuaKRimu3XmUdWaR1LPawKjXaEjT3LppPrqjJVui8SPM5ONqYm450Geys2KJyoy7U8zMrex4h1rsp5ffWYe6mEm1MJPdwEzIdcFMIDyYiTLBTABACq6ayYuYvuT7pW/tZlsikpvSrx/NVY9E063tr5nJ+hPtfrKjUhjTbAbvPjprDeWyLMObIu/QxUysE/1jtjoL9eUnI2LmijZ4f9rfxsKpW5T8WvMDzOSglJhJXxnNtW/kkzPpXK1iOcbM1R4TlytmYp3lOAlmQq4LZgLhwUyUCWYCAFJw1UwiUd3/4WWkU16DL5qJeXMzSd7XHuU6u0yKcW9a/N0/WjbSs5kk/m4vzPU34SYdS341SraviEkpI0/ac1d+iJkczCQSum798VdneT8pppkkVrf2Ous+rpiJ8JIl4wAzIdcHM4HwYCbKBDMBACnoaib+XXNzMZJ0V+0KmEnTWBGDuBKLqVdviutvbmwmHRPQr5L9Q7s/b3dk9Daaa/KupSje/HlxU3c6ykXFP1+l8mJUu+v2qPwYMxGIPhNdTDgx7A4SY9lyjNIHa3t/LpFYFq7RjU4zWf/XzGrV3cZMyHXpyUwCK4vn8uvBFqA0mIkywUwAQAq6mskN+0w6W+7e0ExK0SFvKa2uWHrQ6vU465jyfpLtnBDvYGnG/fZk+q3J4ZaBBDSm3ZdypZvFa/ljzSRjGYkzpis7Y5lFvnXMsLa7u0mnmdhdLB34jwbfRFgwE9kT0kyOmyfPp7PWf+Rv1res3dreYTqzau1a9WBTUBfMRJlgJgAgBVfNJBHr0I/APJNsrX2oo3flw8qNzOQ4+2jg2lW5HJL3W30mtgaEXjXY2vD1pZjTd7VJ8QvL7mbpmOViuc2ws3WdmZwdGN5YsGvM5KxyfM2U/oCZ7NXEn46ZVAuJuRVrb0GsrfXNZpL5V8ZLIjFj/bnytn00+CbCgpnInpBmYv3nXVh9G6xe7VQFpcFMlAlmAgBScNVMTLMZ8a3NFZl+4x04fScWDp5NZpbsMyxRicRSqWTGaXYTMxHPRNTuBotWTRtsP35x+GH72IekKLhPWtRa1bPsH9pwy0aOC2PDA60nLYoHKrZcxj5XGxx68uSJeEL8nXZ/y6j9wPiRB48fPxjRfOt0ie6av3U8DlJUndn5kaLTRmz72jycFyc7TdyrXKGtCxYV63/yGaeLI50ruMVqMTObSGbyq6vLVr3YHqOV6FCUK/NMPBjNRa5LGDOZ/GfmY637v0NW3Tp6eupbJfyG1NYiE5lUvlRceT3+bCV4FL5Ic3M5WPohYCbKBDMBAPhe1JKj3qQRGQg4gyC4Nlf/Cb6JsGAmsieMmTgdI7XawWxyySsWVt86vSjW0cqOr/f0Zqwm9I1msPj9OFzJBEtS09yOZbaDxe8PZqJMMBMAgO/F8uMvdFDcQg4PD4Pe8P0JvomwYCayJ6SZOLNK/GO3LEvx6gm9y8DKL2OZiXEZqBne8hqzrScizUZTu2v2U11jqS3HZDYXI/HlVbtzdnZlxzt5ya5MzK5tfXZWGjfm35vn1TdW8WhX/Bl4/9LzM+TE+ijBTNQIZgIAAA6np6dBb/j+BN9EWDAT2RPGTJZWNh0PuWomV+s35mIiJk6cX2vNXOtuJm2BGXfusilExT3hr5TzuCUjnVp1vOVye/6pfmjXItHU7KbbLzMb5h3eeprb889+2j8XZiJ1MBMAAPCw5OSH9ZwcHR0Fb98DmInsCWMmFqVypauZXK1/A+eNytprISeG4w/dzcRrnpnUxb/LwkxSbunDylRBqMl8vN2slk+vfDLF1WbL3i8vNc3EvDgq5lZq3z7Jpx9gJlIHMwEAAAXATGRPSDOxODs7DyzPZbwXy9KFN5MWMff0r5jJhq6L6SzCTFrLa1yWnWZT/jewuTj/3nox/Kt5qGgmF+NPs7nKD5ys0wlmInUwEwAAUADMRPaEN5Pr6N1MXlwxk8luZuLrM2kVv9hnoraZHJUWf6KWmJiJ5MFMAABAATAT2dOrmex82LPE4J9/vvIq1m50Ys7X5EbMxlK5tXJxvZxJpMdny07RulSxvL00n47F2mYSeZYz3m+v5nORp/ZSucJM5ib0NeN9qa0oTSPyNGPs7Cae6ZGY06PSYSbFWT21tls/8Oa0yM1RKfdztcTETCQPZgIAAAqAmcieXs3Em/LuT/lte42s/tKlr8M/mgt+HpiJ1MFMAABAATAT2dOrmRRW3/qdJPp0rvpxP9iof2AmtxbMROpgJgAAoACYiezp1Ux+MJjJrQUzkTqYCQAAKABmInskMxO4tWAmUgczAQAABcBMZA9mAv0BM5E6mAkAACgAZiJ7MBPoD5iJ1MFMAABAATAT2YOZQH/ATKQOZgIAAAqAmcgezAT6A2YidTATAABQAMxE9mAm0B8wE6mDmQAAwA056DfNZt+eFo2ZyB7MBPoDZiJ1MBMAALgJp6enQbHoB8HbhAUzkT2YCfQHzETqYCYAoBrGcmL9R3+seQ+eHn+eOboMHv0qmp97CatyVisM/03TBgbztTO3UaM4OKAN3nucfHvsP9fi8e9DmjZYqLu7Z7X8oLV/Z/RJ3i3ln4yKKw8O1e2LFcbcuwQpjCWqwZrH4eFh0Cr6QfA2YcFMZA9mAv0BM5E6mAkAKMVJORHTx6OZYL1/rCb0SNIIFP2Pfk481WvfLiculekn6+L17MQVkidD2lC8ZG1oA4/swnH2D63Ram41zP+HVrkQW5N3taGo3fK3uHOsFB2qiJd4/K3bekgbNsOaSVApDoyit7lfmUkIcm8++BpY7M0kkv79fSOfzBv+SvA2YcFMZA9mAv0BM5E6mAkAqMThSiYSy6XiurNby6cjU29Wk+lILHV4aW7Mp8ctb5le9trP/zkXieqzKzvO7mzUd2J00anU15cnn+rWFXbPTfNT2ese8S5idprJ6eai02kTmVqrOaW9tdlN96hzx6VK9/kVrkv4SNzTtLGCadbtP22WH6fbalIcG9CcreqLEUtirA3POqovR4pmh2+MaKJxP8ykqtsuMjM7Z+1sZGfKtX3LQ5IJ3d+okJlJz3aYST6lYyakazAT6A+YidTBTABAJSaiurCC98spQ/Qj2ILhKkQk1nIJYzkrjOG0OKtX7M6NZimX3RUbXc3EaHWAOJXc1Ff6TCyLsJxEFINmIu7odKcsvdAjs2XvBA9t6Il/97iS1/4tXjoxzdwWOHwAAA0CSURBVJPsY8+nGmlPUsytyWFtxN0uxYfs7cSoFi/UE/8+pA2POUc0bbB+0ii9fDhWECPBejcTI5/c9/WZrMwlnI0FfaZVc8n4+kxqbzLl/QPMhHQNZgL9ATOROpgJAKjDSXk8ve1sRqJZ0ycYdqUlD44n7K1Ntvs99hzZ6GomrTbuFW5gJnvdzcS+o9fl4r0xj0bqftr3Q73RaJTySW1gWOjEt5jJ9O+D8Xxp5G+aNvzQPnA8ODBcKiQe3xt8mBJdMr2bicXCnD6TnFtY3XJ2ndFclf3ORh1mUk0uCSfBTEjXYCbQHzATqYOZAIAynBazvt/9wih+jplcGpH5LVHsZiZHnxqtBAd0xe9ogYpF4R9ioon1OvKyJQ3VxNhq63A14QzQEgjhGLU8RBu1reOiURgbyp+Yx68eJT64TYb6NprLwsgVFuZmE5aMGEtz+dJO1SgmZjOBRp6ZVFbmqvYGZkK6BjOB/oCZSB3MBACUYcJnEYcrmezuF83EPN1IptzRXMWsM5or1RrxlXnm9ml0NxM9OBDLbyaTMd0RksjkypZ9/cqrOW8010bQRzwq2gN/x4tL9g/NnT3SfQa8PTWlYwZ88X6qdfxtPF4yi5F2+/hvmnnVTM7qpVV7ekvQTM4qvjv5deJdsVDbNwqV8nJ6pmbJRsIVEiOf3PG3a5vJfu3DjkMyV9rZaU+Ub9+gNzAT2YOZQH/ATKQOZgIAinC5PbHw0V+IxHJfNBNBbrZjBrx5eTge0yPxueb75fFrzMRs7jhneXX7kN1RE0vFphfPW8XDkjt1fqu57d1xKZmxWsams5lNv1800g+09tz3g1LiH+46v9mtVrNjQ6wa/G+PEiVRqeujydav+if2qsHe+sJG6rE49c7I/Ym8U3n8+7BzNaeNMJMWIy+rVX1UGxBrdnUcsNSlmhyeEIt9OXgu0aI9z2R/e9UZzZVZLlm7C7PutJODznkmDvSZkK7BTKA/YCZSBzMBAJCR7B9a60EnP4grzzPxrRrcA8HbhAUzkT2YCfQHzETqYCYAAHATeAY8+a7BTKA/YCZSBzMBAIAbErSKnmk2r512861gJrIHM4H+gJlIHcwEAAAUADORPZgJ9AfMROpgJgAAoACYiezBTKA/YCZSBzMBAAAFwExkD2YC/QEzkTqYCQAAKABmInswE+gPmInUwUwAAEABMBPZg5lAf8BMpA5mAgAACoCZyB7MBPoDZiJ1MBMAAFAAzET2YCbQHzATqYOZAACAAmAmsgczgf6AmUgdzAQAABQAM5E9mAn0B8xE6mAmAACgAJiJ7MFMoD9gJlIHMwEAAAXATGRPf83kYiKmJ9b5ffMrgplIHcwEAAAUADORPX0zk/JCNhJLnZvGZH4veOwm7K1FovrUyqG/NhHVZzf9hWuJRBeDpeuZf6ofBWvQK5iJ1MFMAABAATAT2dO7mZxXym/m/5yzvGLr84XZg5mMx/XIizf+WiT2Xcwk+1xX7CdYc3M5WPrhYCZSBzMBAAAFwExkTwgz2bYkxJdM/bP/B40RS77ZOrjwVW7G3tpssZyI6V7hdD23ZKz1y0yMv1K1YE0p5p+1/6f7KWAmUgczAQAABcBMZE8IMzE6zSSgBPbRpyudxRuwZ0vI++WUYVtN481UVDc3Fx0zsSxlfGqxclBPTOgbJ6JSy6dzyVRmpWx8ErvO25h9qu+e21drGpGJrPF+KxbTx5OGeXmaea5vfWocfWpYB3NTzo/4PWtjPJYurpdTz/Tsrl273I5MLVvNdtcXx5MluyQNlpzEMtvB6o8CM5E6mAkAACgAZiJ7QpjJd+sz2bRePkYskTDNw5VMJL7smUkbYzn1TrxaZhKZWvPKwkw+lyNTrhEZf6U2mmJDXCc6Z9o24vWZ+M0kW7PfarMUeyXU5LSYdRVFjCX7Sj/MraO5/RN7TjATqYOZAACAAmAmsieEmQis3/SOmdTPzyvra6l+zDNxJER0lYi573PCEDwz+byzlMmOx8QdnYplJhvumQJLPyL2iQ5THe4k6teZSau25xjRUSGTa719oUZScVRaHH+aDVZ/FJiJ1MFMAABAATAT2RPSTGZbHSZexVmbq9mzmSy90A/Ni8iz16LromUmE5aTPF+uf2oc7by+xkz0rXw653SA2GZyZI/dcmLe2EzMk63I1Mr55enh+5XJpVD/ID+NC0tLchW7q+hngJlIHcwEAAAUADORPSHNJPu83R3ho4fnmbTMxDwpTzyfWxI24ZlJPfJ8zfEK46/UNWYiRl4l4rrzw9xq5lmKw2riZmZino7r5VZRIoSWBGs/FsxE6jRPzjETAACQHWEmJ8HvOCJRQpqJ+X553DaTDTGCqx94ZmKa457wtPpMyq8ysZgeiaXq57tfMBPrB3okOpf5IN5SMZOx3t74RHoqY09kvzx0BoPVv2ImF94YsPFpeUZzNT8GKz8czETqWJ/jx83Ty8vgXysAAIAsWN9i1ncZZiJ1wpqJuTP/1P4F/+x18IjM1ArZ2XypuF62MjWhG/xQuzGYidRxzOTign/jAQBAVqxvMcxE9oQ2EzVxFvJyqOXSq/YKxXATMBOpY32ON5tn1gd68O8VAABAEoSWNM8wE6mDmXTyeScWt/uC4qmlrc/Bo3A9mInsEXJyIuSEnhMAAJCLVm8JWiJ9MBPoD5iJ7LHNxO05+XxMCCGESBOvtwQzkT2YCfQHzESNuH5i95+IT3lCCCHkNqf9tRX8RiMyBjOB/oCZEEIIIYSQXoKZQH/ATAghhBBCSC/BTKA/YCaEEEIIIaSXYCbQHzATQgghhBDSSzAT6A+YCSGEEEII6SWYCfQHzIQQQgghhPQSzAT6A2ZCCCGEEEJ6CWYC/QEzIYQQQgghvQQzgf6AmRBCCCGEkF6CmUB/wEwIIYQQQkgvwUygP2AmhBBCCCGkl2Am0B8wE0IIIYQQ0kswE+gPmAkhhBBCCOklmAn0B8yEEEIIIYT0EswE+gNmQgghhBBCeglmAv0BMyGEEEIIIb0EM4H+gJkQQgghhJBegplAf8BMCCGEEEJIL8FMoD9gJoQQQgghpJdgJtAfMBM10jzxctZsEkIIIbc77a+t4DcakTGYCfQHzESBuB/u9mf9cfOUEEIIueVpirQV5epXG5ErmAn0B8xE9jj9JNan/MXFZfBvFwAA4BZjfXMJSzkRfnL1C45IFMwE+gNmInWcrhLrYz349woAACAJdhcKciJ3MBPoD5iJ1LHN5PT09Dz49woAACAJ1reYGNyFmcgczAT6A2YidazP8ePm6SXDuAAAQFqsbzF7TFfwO45IFMwE+gNmInWsz/HPxwzlAgAAubG+yzATqYOZQH/ATKRO8+QMMwEAANmxzeTs6tcckSVhzKSWT0eiupNczS1OxNzKZH6vozX8GmAmUqfZxEwAAEB6hJk0MROJ05uZxFJesbm5iJn8ymAmUgczAQAABcBMZE9vZhJtm8lRqR9msvvaf02QCMxE6mAmAACgAJiJ7AljJvWldGqzaZoX466cXDhaMlv63NxcnFyqB0+4IZfbqbh+VMgUT4JH4PaDmUgdzAQAABQAM5E9YczEvHR/wThCkpjPtRRFcBp24dHT9VwkmjFPylOFhlvaXDTM84m47lYuD63tSDxVbz10YXft9bg9v2Xq1ZZbgp8EZiJ1MBMAAFAAzET2hDITH7sL7siu3p/QNmVJzrr4bTQenXNLm4uRp4teg0g07WyMt1p6LL3Qw/bUQH/ATKQOZgIAAAqAmcieUGbyXfpMPrbmrogYzkU2F3PtSSvb/gaRpGGV6uuvY0/dSmuRMPg5YCZSBzMBAAAFwExkTxgz+S7zTIzl2eVycd3Ocm5280IUA2YyWzr61HDTPDfNw0gsZVTF7qqOmfxkMBOpg5kAAIACYCayJ4yZfI+1uRIx3b8biWaWGgEzMYPLdr1bTJRsgTHNqRhm8pPBTKQOZgIAAAqAmciensykU0IuuhVvipj77mMqqk+tHAbMJDetTyTXiuvlF9Op1KZpnhiRp9mjg93yyvLEsxRm8nPBTKQOZgIAAAqAmcienswkwjPgoQVmInUwEwAAUADMRPaEMROAq2AmUgczAQAABcBMZA9mAv0BM5E6mAkAACgAZiJ7MBPoD5iJ1MFMAABAATAT2YOZQH/ATKQOZgIAAAqAmcgezAT6A2YidTATAABQAMxE9mAm0B8wE6mDmQAAgAJgJrIHM4H+gJlIHcwEAAAUADORPZgJ9AfMROpgJgAAoACYiezBTKA/YCZSBzMBAAAFwExkD2YC/QEzkTqYCQAAKABmInswE+gPmInUuQ1mUhjTEtVg8bZwUTfq4rX6ckTTtMBBAAC4JWAmsgczgf6AmUid/prJ8ICmDQwO/zY8aG1o2vTb42CLbvTRTKybPrF59PuwtT3892SwRSfxIW2sECx2UE0OPymKV8wEAOAWg5nInv8H1+oq2WzxMyoAAAAASUVORK5CYII=" alt="Screenshot" width="100%" ></p>
<p><img src="data:image/png;base64,iVBORw0KGgoAAAANSUhEUgAABDMAAAIGCAIAAADGMlPIAACAAElEQVR4Xuy9a1wb153//3vaB223rZNetnGz2d9m5boNC+vYKf6RhMRJ46xTO8RgHG5BBoShOGCDMVdjMHeQkEAIOY2T5tLcL9iWAeMLvhs7xjeMsU2z3e6/l22b5rrP/98zZzQazQgBgwSa4fN+fYJHZ86cuUixz5tzZvR/7nH/djbpcO/tdL/Y5f5Vt/uFHveenh43WJi0WDuVRQAAAAAAAEwP6kz+H7VsTD/L3VdhJoADMwEAAAAAAJphZlLn/o2Q16XsFlLP8hr72fNqo/u1pj2vNrlfbXa/0uL+dav71+3ulyk2916HoCVO9wsuZiZg4QIzAQAAAAAAmmFm0uh+lYe5h6AfQl5pFj3klVbx56/b9vy6TRASK3OSlzrcL9m9WtLt3uNy74GZLGRgJgAAAAAAQDPMTGzuvVI6BN/ocO+17yHr2GtnJXs7el4kA7H3vOhws3Sy/Ioic5IXoCUAZgIAAAAYnh4ANKH8JAWCmUnnnr1CXhQjcw+uH9ICU5E9ZCOCkOwhJ2EzuIS4e9gnVdk6WFDATAAAAADjoexgAhAKlJ8zAWYmXrsQ0+3LHh7vKjZfyxu3YCNsnAROAjgwEwAAAMBI8B6ky0s3ALNG+jgF9BNmJqJdBE+PMgAogJkAAAAAhkHSEqfT2dnZ6QAgRHR1ddGHKqCcCGYC6wChAGYCAAAAGAauJd3d3aQldrvdJmAFYBbwTxF9nOhDxcdPApiJ/DUAmoGZAAAAAMZAriWLBp5DkJCHy4li2ARmAkIGzAQsBGzOnpbOnmZHCEJNKVsHAIDIQJrHZbfb1X1KBJl96KNFHzCYCQgXMBNgeKxdSruYZahB5T4AACACkMzEZrOp+5QIMvvQRytkZuJ0uZvtrl1WV027EOvksbHU2noc3fgH2ODATICBob/A1F4RquBvRwBApEGdxe7ubpgJEr5wM1HcaqLFTBzOnkXJrYuS2xZtFPJs26IUSvuiVIp1UTrLnWktDxQ6Ygvtdz7XdofZdoe5445NHUXNLmVbwEDATIBRcbqULhGOKPcKAADzh2QmVqtV3adEkNmHPlqhMZPkHY7gZvLdtJaYAtpbT2d3z9Jcn5nckWVXthUiVj3+8/tXPEBRrggpfBfh3ot+gZkAQ9Ld4w7VjSXBg5ETAEDkADNBwp2QmcmipNYgZvK9tOatzd12Pm3M3WN1uuRmEqY7Pv91ydJFd36folwRUvguwr0X/TJ7M7HkFspT3MCLmxTlHf5bRQKlSXHRSWXK0hnhan9wRVx0zMMr4hKVq6agJd7SoiwDoUOtEOGLct8AADBPwEyQcGeOzGRloY20xCXsg/6j5TsyfWYSprtNYCaRwOzNJCExO+nZXDHJ2VlVvLgmIcniLbesT8pu9t9KTXRMXIDM0hyCMiMzqU55WFnkdhc8GbepZJetdVdFYbVyHbX/zMPdyjIJn5kErSaSGEtXI9mvyFYdK0hRakmL3+bdLaWWlGXL4qLvfzRvp9+AZ3drmWXjWrqqy2Ifr7bJ17httVs3rV3DLvgK5Va03dqfP8oaXPbwphKFTQVeFa9+H2PimrxrFeWJO6TtyPTsTzzyKCtXHbwcqqAs8ofdU6fyh/DFiRmvAIDIAGaChDtzYSYrC618tMQtfG18t6sno9YpHzOBmRiYUJhJnu9FVaHPTHJqvKUthWlTm4mSrorotVsdytJQMn0zseWvjX5ozdqtymsV/UCaokROUOWYgZk4tiZW7N4cLzcTR8mKpBJxuXHzqmXenrqrMVEmKq1bE1dInfjGzcWtvv0UPv1ooffiliattsn61rbS5LXbpDPtjI6V7bdt64pUycGCrFISHbPWt7xqs2yNnJbox3KkF45dWU8UtMvWCrjqMx6KozdOWe6PWh7CHeURAADAfAAzQcKdsJtJlKW1tVPUEoL2k1fvlN8BDzMxNhFrJr4uddiYvpmsiHl8UwP7qSifvJM9JdOezeVqZD3+ZrmZVKc+4H9xXNUPbqr3K/FiK1hbqizj2IOcO52XOMTRvNni/85Fx6wWSwKt8nstsTMtdafv1aT73ZGsOFTlMBG9EcvWFljZG6coV6A2B81Zu8l217YudbkiyiMAAID5AGaChDthN5P44k6bd8CEcHb3RFmahalcMJMFQYSaiTBgIi8otqTweT6xP/frrbJurq2aTSiKicuoZSW8x7/x56xysXdCUN6mxGXCHCH5uIHCTFYte3hVXqP0Uk706gKb273pIVmHuKGA71Saj8S7y7RfYUfsthNFB7o6P4WtiolbtTbLb8wkaD+7ybKmyeV2l6f4uumNOfEqbYt+bBJHKlV29yUmNQS5mbRulksFWxWTWNg16Sq/116Kn46TzR1ric0MLFF0juwqy4iOy/J77ShLKGUf17zHlKcvJ8gjubLybF9LZfnxFkeVam3ATNNMaKfK4wAAgDkHZoJoTs31NwIuKzIHZtLVYGdmwpu3O3vuyYSZLCBCYSa5ZeXVYgryfWaSUewtL8t6dmZmEnzAJHqZrwccvSo5sdTvhoTotckJsWvkJW63z0aqUx+Nfkjs78rNJDE2brKZY7b8tcW8L24tkE1zYsjHTKg1xX7lykGd6VLZDlbd//i0zMRVvcoiyNKOZMlMmiyr1YMJk4xXtOetnqRxa8FG8Z1SUpr0aLH8UJfFtXrnelWkPu53FpOvkuM/561MPSlOYkXMo1IbeWseZUomQ5o8Zlk1yUkJBPleRTITvlCy1fa1dLu6gjrTNBN89yIAIBKAmegxX9+X+i1VYZB852Dq1/el/EOfX+E39qd886B/zf40XvL1/WnfVjWiTvTxbRs/Yh8b+knL6go84TKTu1MbfpJZf1dK4w/Tm57b1dPiEORE2Ie1y3WPuTm4mfx89ZO8u19eXiF1/SkJ6xPpfwmp2o9/cp98LSU6Zpm0Vm0mi74rVrv7n/+loaHxH++6m79ctvyBO7//j1IjS5b+VNqEjvm5TLNiL2ue8k1qlwr5S7qU8pr0Uqq5MJm9mYQckofCSfq4HHnHNFo9w2pZoigSgSlL9GqPZCaWx+IUnWA5K2J8974rBEBhJor9ypUjenWBbA2bCjUdM1mxzPtJlplJRXKcehaZehSFyHgobsUkAyMPxjzq95rNFhOGgFaucaguRXXq48Lo0KPq+2GCrOKQ1/m9m672VMtWm81uszVWF26mbSW34eT94mHW4Arl22qRjZMEN5MgDwv2mkl3TIbt3hLRN9ZWddXaXMm5thLhZdk229fSbFWtzud2sgqimVgd9wT1E9qp8jgAAGDOgZnoMTM1E6qvLgwQr5lMP5ZLrq1X99JP9SopYTGT721syqxxljQ506sc309rfXibY0dbTxfbBdsJ/UiscEzTTH7wwx8prCBm2Qpe55n1SYpVPCkpqbyCwkxyN+dJdUhLqEQyE/VeUtPS+VYkLYpVPJWV4i+EpRL+cmXcg1JJ7Mpg/ZsFQgSaSfABE7fCTJalyNYIJY9tblUU+aE2k85Jp0IxOuVzitZK95oLKMxEsV+ZcjSqpjBVTG0mjhI+eYmhGDNRmUmgx1WxO9QDj2M4ypTG0tVYUVJSXFKStyk5+v7H5Rs5dm1e9lDiph2NlvVraEG2JtgqCb8pcCps5Wkrkiukl62lKctWpbTWbk198nFakFWkS+27OT64mai1QYo0m+vnlc56xdoG+9omtvBQuk9amr1mQj9rVa0pojwOAACYc2AmekzkmEn08W1lo68GGTBZFCYzSap0dnWLYyRlLc4fpLc9tM2+o5X948phTw2enpnw/v3TCc/IrYAqlJbukJcoUlXN5qfLzUQaLaHsrhf7cJKZUO760T1P/WKtvBHFYajDx0PkL+VasvyBWL6XBU6kmUngAZO2rdH3P7pqbWZFbYvNZs94RGYm6j66apTAsSsresXjeSUlwq/qt671M5OS6Ning5gJeyqX/1Nu5RO6FGYiLatKyvyejcuY4j6Tprw1fk++mvlsruhlymEHEVdj9MNpykJ/+B3/jN1ZiTv8J7DFPJ6xe9JV8pcC7crBIhWJXtlzbE3kM9e8dIrT9roqEmP9LlFwM5nGmElP8y77Hani+MmKLNsd6UxX1jawVdICDznJHZm2r22aYuoXxkwAAJEAzGQu853+DJaDqd88mEEvv3Eg7Vt9Gd8+mPoNTzp7uS/lm57Ub3rSvt3/3LcOpHz9QBqrwGpmCIUZVMhnZIlm0pf29QNsQ2X6Uv+hL/3bB2ltGm1Le6T69JNWsRb2p3zrYJq4O8FDaIEO41ue1K9753cpZnN9x5P6DdWO+DHzARP6qVgrT1jMJLXGZe3iAyTsQ1zW6vxBBpOTjF2uenuPzdljqe+epplsysrmJdSO1Olvam6WG4K0lVRy5/d+QC9NS34ir8ZTs0u4i1nAZybfFRupq6uTNyst/+CHi6Wt/i1mGS8kD5HXkaerK9h0nwXF7M0khPeZpMbGRT9ZqCwVJmjJX2bEzcBM2Nwn740ljC5/M1nFVjl2JCs62RLyqVycyR6AqxYMWUm16klcvhL1hm5hDCRg2Fatm1epRkiiH/ENKbjZNDD/yVoSpCUrlaNMaqjrzw9P7QDCRWNnHXCV9KUlAp2lSQ9Pcre7j01ez5TGsiT4LhJVF8EbpZ5xpnOfSfNO+9cFMyHxkEq4kAQcM6mt7FhZ7VQ3KAX3mQAAIgGYydzn6/uVIxhkAosEQ/iGh/nDIkEhAg10ZPAKzExIS4StgkRqQVqgZqXBFq+ZpEk7JaUJaCZC0iUL+rYnhZ/CgycrfnGugRboJy371/clLGbyOP1Da2Pfq8gbdbp6HtxivdvcunKrvaCxZ0drz/8rsk/TTBobfV0Rqd/f1NQkLf/LvUukCovv/mep3C0bM5Hyw8V3S5XdMjP5aVS0VChvQVpel/CMVEEarrn7n/9FXkeK/F4XEAozCdmzuaKFZ8KqUejHE7Iu7JRmQr1bv5KqNGm2mHc2F0MhP146/axGYLK9qwVDVtKpeNSY21YY3EyUyMZM3O565RQpV5n8u0RatyYGFi1Xe+HTjwae3+VPQkwcv089oH5wewy4yu/ZWtYC+bWaDEkUJzMTNZOVc+xOpTZIITOpanVSfpxh+1oOGwYp2GJ7rtnZ3OH88XPiUInvPpOyzmbfHfDOr2V0qBuUQjtVHgcAAMw5MJO5Duv9iybwD6Qf+8lAUiQzkSZTMTORicc394s1vWbCXn7T/452X/rTv8GbDWQmknKIu5PP4Ap6B/w/7E8RW9uf+q1+tiAfKgkybBIWM7kzuenpsu76jh4Hm9PF1pKcLM9vuyO9/XvpTd9Pn/rZXI//fDXv5be3+zqSUte/UWYm/36/eNsJQYIhlbsDmckPfvgjqTIh3V4ib0TegrSc8VymVIFkiRfykRnFLihR0f8uVQaRYyYZD/n3a2XIpwnZSpNXyL7NY0ozqd/0uMw6uqNjHw1oJm5rofgULBns7m316FpVmvRUq2mbCTs7+U320302l4SfmbBndq142qs6wjctSrqxIubRwFoy+W0nTVa/29dt5WkPSnfFNGStypINe7jafY0EWuV76XZvfCBuRYryuxdtDX6DKPX5T0tfp9i9LdHvMWuOXZPNsgtuJu6gt5qEKcojAACA+UCzmUQNba28/vrvPvvTp19+/tlXn3/y5We0XDb6yvcGNqkrIzyCb4iSQFryHW95cDOhcm8L6b4xE0FXpBakfFu2i2mZid+YSTAzWSTIiXrAZ8qExUwWbWy99zlraWtPm/c7Fulnxs7OxRlNd2TY7niOzasOlZl8/x/vkiqQKkjlbpmZ/OAu3w3uFRWVUv3pm8kDsSulCqnpGbzwxz+5T15HHocjUAdtQRI5ZhId82ixcBO2f3a5hUfuJlhKalvt1SUF0fevKVw7AzPhdymk5lfbWnclPPJwYdsuaTKYn5nwPn25/GqwoYlAj5yqj366hJdP30zYrTIr19Ip2Gz2vPS1JA+zMhPmNnGbCqttDdWxy+KW/Vw8DMeO5AeTC5XXsJIZV2nSo4kFystb0cjONz4mbqNla3FVIx1bcX5WdMzD8v89SOQ25ZdUN9hbayviV8QVyPQtyCq34JPizSoy6GSf2Li51WanIy/Oz4z2m3XWGR0TZymsoMOoryp58P646kn+N4WZAABAQLSZyT2HN5//n/FPv/zsf/35+5efZV7svGMgU70JskgY6/ANmHiHINhEqWmaSV+q3ExIJHxS4Y1MftjtJbwwqJlkSDv6tifwfSaypPPRkhklTGbSdufGlvJWl937HYv0c1uzc+mmhlCZyZNrnpJe3vWje7Y8X/iDHy6WSpKSN7pl95nQ8l0/+idprSQnU5rJP/3zv0gvl/40Ki8/P3ZlnFSyq5bdsiKvn2n2PV+YewuIHDMBIFQEudUkHMFNJgCACEGDmdw1mPP5V18qnETOb/5zCHISIMKXiohh92xk8GVyleBmsqg/jdckK/AzE0FvVAqR8W0P29E3PenfmJaZPPedPtb+Nw6kfbs/fSoz0ZKwmMkdyS2FjU7pPpMe4WFc9/+y/Y70tlCZiVvmFYr86J/+mddXPDW4vr5eqlO6o0zewmRmIn+pyIqfiaMoivpZ2TlSCeTEHQoz8d3+LmS3+ImwKcqd/lsBEFbU/hC+KPcNAADzxEzN5HsDmz5RDZWoMV/s+t6AWb05sgATFjP5V3Nrm/BsLt4otV3S7LozvXVRhjWEZtLQ0KiwBZ7WtjZeX/1Ni3ff8395yXd/8MOS7dunYyYFW56/60f3KHZx5/d+IH2FoqI+K5E9odhmm+zWhoXC7M0EgAikba6GTdowYAIAiBhmaiZRQ1u/+t+vlCLiZeQvt/m6s38eo5rqzUOSjz/9o7pQc35xrnHvx4Pq8ilz+a+/VReGI+vPt9I1/+sXnyrK6bDp4H916+CNP/+XNBqj3nzeExYzyaoTvldRKGda0tJ9Z2rronTr9M1kRpTuKNuYklpWXq5cEVK2bStOSU3PL5jiyxOAApgJMCpOl9IiwhHlXgEAYP6YkZncNZhz5I+X/WVE5Iuvvvzwv8/dMZB55a+/pZfUk6aa6haC50+f/+3m33+fM9J97E9XX/n4qLoCzxyYyaOndzbeeFddWZ45M5PffvoHdeEir5nQz9BekJAnLGaSUO5qsPd0u3roX+7iJtKSNqYlk5uJfXZmAiIZmAkwMPRXl9olQhX8vQgAiDRmZCapH9kmm8qVf3nPdwfMD5zYIY2nfPLFZ+oWgmTzpZ69Hx+WXv7hs78sErSh8/YB8hxaPvvnsc+/+oJ64VJHnBbIiJ79iB05ddCp5mdffi618D9f/J0vHPrDCK+w/7+H6cD++PlfpV38/cvPyIK4mYx/8ntq/y/CVrTAz4KW+QFQtcfP7KKXo3/7mHZKP+VmQjZFhX/74rO4kxW0X94g36/UwvVPfkfLa87VU+O0X1ru/8NHtEA+dveg5Wcnyv4uXNsbn/zXIuHUaJM/f/4JCRIfpKI2pTPiu5abifu3A3QBqZD88L8++5N0YJGQkJnJ9zf6zORfsqzPN/XU23vqOnriCqyLUgUtgZksSGAmwNh0TP71JrNJB77ABAAQeczITFrG3//0y8+96uHjs6++uGsw546B59743Qmp8FOZJEwn1AWXD1Pc/PvvFwlmQiKRf9lNfXfqwZeNvto6/gE3Eyr84PdnSJau/e3jRUI3ncqzRrqkFtRmcvxP10gABv7wUfX1NyiH/3iJPOHMn8e4SHRPHHz09M63fneCuvjyg6H9/vRYITXO5eS3n/6BXr788RG5mQz/zzg1VXztZb5fuZnU33jnr198+vRwc9X13yw/UfrRX27RWVAWCfqx9ereF3470HbzQ9dEX+X11xcJ14EO48gfL9Oh0kHyanwvQcxk/fnWN353fJFw3SQjipCEzEzszh75s7m+n96+ONP63dS2Rantwc0koxa3LhsZmAlYCNicPS2dSrvQFhucBAAQqczITJy3PZ99JZrJX7/4O3Wpz/55jJYLr7x450Dmw6eqvvzKdwsK1VS3ECSTmQnv5cvX8p76ZWHaGNuRoEC8my5vUG0mUgXaVvIKaReX/jrxty8+I4vg++K7o7XSGXHlyBnplhqR9kWa9MmXn2258gLfr9xM6GglVZCPe1D7UsvUFHkInQidNWkPrSUf+8sXfyfv4i3wTYKYCd9kkXDdSGx4tQhJyMzELUxsqLW6atq9sU4emxiHC/8GGxyYCQAAAGAMZmQm8tlcQ3+6ev+J7XcMZPJu99are/lkJImZzua6e9Dy20//sP58K38pzebivfyskS73bwf4Kt4R//C/z6V9ZJc2V5vJnz7/G2+WlINX4POdHj+zi465/w8f8dlZ1DKtkpSj49Y+uZlQxoRZWDx1Y2/vFMYxqFn1fSZdtz3UGu1XUh36efEvt/kC3/zPn3/ClzM+crz7X6cULVB+/9mfpWWq8B9n6yQzkc4ooJm88bvjXbcPBPku9vlKKM0EADUwEwAAAMAYzMhM7hsq+s/P/sTF44uvvuT3uP/joew7BzJv/f2/Fc/s+s+Z3+3A74AnOTn6pyv8DnjJTKg7zuc+7R57W5rNRR30nx4rfPHjQ4sCmQkZxTPnW2gtv6mDKpz589jPTpQd/uMlPpvrg9+fWXOufki4z4Q85KWPD/O90DI5zBu/O0EvaUOSMTqk0mu/fuG3AyQzV//6Me2UltVm4vn/LlBN2u/1v/0nv2+ECu239tHCo6d31lx/gwppVcm1l6k1WvW3Lz6jduiw+TyuRcJpcv3gOfc/N5afKJXMRDqjgGZCUnTjk//ixxxRgZmA8AIzAQAAAIzBjMzkzgFzxfXX5fpBcvLdAfO2qy/JC/9X+DJ4fitF5EStLsYLH2iKtMBMQHiBmQAAAADGYEZmQvk3/+8z+eKrLx8+VfXxp3/0SYlAWL/PRFsMbybLT5Qe+9NVdfm8B2YCwgvMBAAAADAGMzUTiuP2foWHKPjsqy/uObxZveH8xthmQmf3txne2DNngZmA8AIzAQAAAIyBBjO5cyDTcWv/ZN8E/8mXn901mKPeClmwgZmA8AIzAQAAAIyBBjOh3HN48/n/Gf9U9a2LVGK+2HXHQKZ6E2TBBmYCwgvMBAAAADAG2syE586BzH8b2tYy/r7ztif1Ixst3wknQVSBmYDwAjMBAAAAjMFszARBphOYCQgvMBMAAADAGMBMkHAHZgLCC8wEAAAAMAYwEyTcgZmA8AIzAQAAAIwBzAQJd2AmILzATAAAAABjADNBwh2YCQgvMBMAAADAGMBMkHBnUjOh/xAEQRAEQRCEp7nd0dja0dBiq9nd/J3+DAQJeeijRR+wpjY7fdjknz2MmQDttLe3l3uhD1NXlwtBEARBEL2ns7Pbbu/q6OhsaWlT/7YbQWYf+mjRB8zhcNKHTf7Zg5kA7UhaAjNBEARBEMMEZoKEOzATEHpgJgiCIAhivMBMkHAHZgJCD8wEQRAEQYwXmAkS7sBMQOiBmSAIgiCI8QIzQcIdmAkIPTATBEEQBNFLdjfbd9bbppPq3daq2rbKXa2llfXf6ssIU77dl6HusCrynf7n1BtGWqZzIno5l1BlymvS0tIOMwEhBmaCIAiCILoIaYnyX/HJ6enpcblcTqfTZrOp+5QhzJT9V+rNqwsjMFOeCFXQy7mEKsGvSWur1W7vJC2BmYCQATNBEARBEF1kZ71N+a/45HAz6e7uttvt6j5lCPOtoJ1XHWXKE5mygvES/JTb2mx2exfMBIQSmAmCIAiC6CLazKSzs1PdpwxhgndedZQpT2TKCsZL8FO2Wu0wExBiYCYIgiAIoovMyEzc/nJCXUibgDXUbK+sb2lpCxLlBpHKlCdCFZTbGJ1A16S9tdXa1mbjWqK+yaQLZgJmA8wEQRAEQXQRDWYi3W1CcuIID2U7m9rbO4JEuUGkMuWJUAXlNkYn4DWxWjtsNod07zvMBIQSmAmCIAiC6CIzNRO3TE443WGgqrbNbu8KEuUGkcqUJ0IVlNsYnYDXhISEJ6CWdMFMwGyAmSAIgiCILqLBTDjcT8JE9W4r76FOFuUGkcqUJ0IVlNsYneDXRP0R5YGZAO3ATBAEQRBEF9FsJgqU3c/ZEbzz2gkz0TOKa6L+TAYMzARoB2aCIAiCILpIqMxkRphM64qVZX7QUakPVR7lBiFi9fKlJpNph1NZrpkpT2Rerv/8MuU1CRiYCdAOzARBEARBdJHgPePKpOVxyTmVddbWmqIih3KtZsJtJo9Fm8xFNa1Wa6Vlg3JdEBrNOc3iYs5DS/1WaWXKEwl+/emQUnZardbW5UtMAXVp6dI1yiKJygDnHmuK5Q3GLQ3c4HSY6U4VTHlNAgZmArQDM0EQBEEQXSR4zzjKFKUsCgVhNpNGU5xZWTYdGs3Bj0oDU55I8OtPh2RuZH86fvlYQZdyZXAqEwO8d2QmvEHnltXFwa+iJgLuVMGU1yRgYCZAOzATBEEQBNFFgvWMuwpWb1H+Yr0mN72gptXZVml6soiXxJqiUspbHc2shNduzI5bV1Rnba4pKme9YGtuPFVwOp3Ll4jd1rCaSV1qTJ2yjB2SeJBxObykeK1p+ZMFzi5HlGl5Ot9AZibmlSZxqWTd6oeWt1qtfBOirsOR90SUKXp1QZ21tWjdM+XebQIx5YkEu/5un5n4REJ2PG7hSvJq8neBr6Kj5QtyApmJ1RSX4uxqNUULTU3y9rWWbJC/fXwh1rTUTDutK1gdbeIjagF3qmDKaxIwMBOgHZgJgiAIgugiwXrGjeYNlcoyCVn3NFYq4T17qYQjvaQ+7g5hIaxmQp1jsdsuwTru4jFIyiH1oakkNlPorU9iJtJgBTOTp4QqXmEgxG0nYcoTCXb93WxHTIZMpjWWGrFEdjxuPzPxvQt8IaAkxPLmqFJRKy9pzIzlJ5D3iFh/Om+fYhXtbV2J8EegnSqY8poEDMwEaAdmgiAIgiC6SLCecVfBmm3KsrpfboiPjeGdW16iNhOTf9fW2xlmeCuE0UzqUmOUrlC6Tjokqes8fTORCpmZrJ1rM0nZaXXIB65kx+PWYibCfSY16ZJz7nja9+7wkum8fXyV3EziLOKwkrdkUqa8JgEDMwHagZkgCIIgiC4SvGdsUt5nskPqiKu7p5JvPBPl1z3d4P/SHWYzcbsqVfeZVErH8Jj3jPRiJtKORGZtJrzB1Uu8ays3FPg/22A6bx9fiPXKjLv8Gd5swJ0qmPKaBAzMBGgHZoIgCIIgukjwnnHBqqjH0otqmq3WukrhXgyrKS69xuGsK1oXxEx8NypsYb+Zt+bGr/sle1JWXbl4j0d4zcTtXr7ElFNeZ7Vaa0oLeIljy2r1fSZ8wahm0pgZW9TmdPpfKslMaK1XSKymB9ZZ2XPM0vnrgG+f1f/t4wtkJuyqyu4z4Tt1dwV7jtuU1yRgYCZAOzATBEEQBNFFpugZzxNTdl6VG0QqU55IZF7/aaK4I2WaTHlNAgZmArQDM0EQBEEQXSQye8ZTdl6VG0QqU55IZF7/aQIzAfoAZoIgCIIgukhk9oyn7LwqN4hUpjyRyLz+0wRmAvQBzARBEARBdJHI7BlP2XlVbhCpTHkikXn9w8qU1yRgYCZAOzATBEEQBNFFIrNnPGXnVblBpDLliUTm9Q8rU16TgIGZAO3ATBAEQRBEF4nMnvGUnVflBpHKlCcSmdc/rEx5TQIGZgK0AzNBEARBEF0kMnvGU3ZelRtEKlOeSGRe/7Ay5TUJGJgJ0A7MBEEQBEF0kcjsGU/ZeVVuEKlMeSKRef3DypTXJGBgJkA7MBMEQRAE0UV2N9uV/4pHAHRU6kOVx+5wKreJSKY8Eaqgl3MJFVNek4CBmQDtwEwQBEEQRC+hnuLOelvkZDo9V2tHl3rDSMt0TkQv5xKqTPOaqAMzAdqBmSAIgiAIgiChCswEaAdmgiAIgiAIgoQqMBOgHZgJgiAIgiAIEqrATIB2YCYIgiAIgiBIqAIzAdqBmSAIgiAIgiChCswEaAdmgiAIgiAIgoQqMBOgHZgJgiAIgiAIEqpoMZP70m1fS2VRrphbiteaGpVlYE5RmInd0cVi90uHvRNBEARBEARZ4FF0EcV+o6PL4XCK6XRqMZOyHfb4LR0/TLXFb7EHyDZHbadyk2nhstb9csPSJSbT0qicSqtyrQqYybwT2ExUcgI/QRAEQRAEWZhRdwvlWhICM+GUFYojJ+r8vxpl5WngMJmi1m0ThaQuI85kMvlXUAIzmXcUZkIfKfnnLKCiIAiCIAiCIAs0/h1Fn5MIWjIrM3G32dVOotlM6lJjzArPKFm3Zhv70/RI3o7kuKilpg2V7OUzD0WRtCx9YLXcTNawwqVm70jLOlOUsy6HqgmvnfEPLKXluKemMxIDZoDaTHiUfgJdQRAEQRAEWThRd//8o3aSWZuJu0vtJJrNJO8Rk+AdMppzYlLr6E/Tyg1LY1enW4qYVzTmmGIeqyzfUWR5JipaNBNHybqYx9MrSwtMpii+6TrykKUxBUVFtGzNjX8svaCytCh+5YZKl9Q6CAGTmcnUcoIgCIIgCIIsvPg5SUjNxK12Ep4nG5Q1p8S8Uj01q9i0tpj+MJmWS0XrlvimeKXHCptUbojyCkljZmxOs1DNZHJ6qzEzyVRaj6FwWU1xKfKCdTFLHfLXYUNpJp2qj5p/1J9OBEEQBEEQxKhR9wZ9kQkJT2dX96zM5L5U2/MNzq4eZbkGAs7mWlfC/jSZ1kll8bKbT/hsLhIPkynW6sUpjIqsU9yj4rSuiV0a83heo1HHTGRyMmda4g5oJlLUnz8EQRAEQRBkgUclJJKWzNZMloTwwcF16cuFuVteHAVPmIq62JLcTORjJuIwCxszUd4rrzQTAaoWn2vYG02K10bVkJE4ipcnzd0AUTAzgaIgCIIgCIIgUtS9RH8tma2Z3JeufHDw12bhKukPsfvUzb8sKrKk00LM02wql9vfTNz1Zu99Jhvk95mYYuKLiorSn4rnJXIz2ZG4vKC0pqa0wLQkLkc1Y8xIkJwsT5w7LXFP00wQBEEQBEEQRBVJSEJjJuQha4X7OkS6HFQijHOABYHCTKRPlfqThyAIgiAIgiCOQEISGjOpqlbe0ZBToe1LFoEumcxMoCgIgiAIgiCIPOqOojqzMhOwwJnSTBAEQRAEQRBkmoGZAO3ATBAEQRAEQZCQpKvLBTMB2oGZIAiCIAiCILMMOQkPzARoR2Em9HlSf9QQBEEQBEEQRBHJRuSBmQDtqM2ER/3hQxAEQRAEQRAetZPATMBsmcxMphP1ZxRBEARBEATRddRdvhkFZgK0MxszQRAEQRAEQRB5YCZAOzATBEEQBEEQJFSBmQDtwEwMGuXILIIgCIJEcrpmPYkIiZDATIB2YCYGC//7XfyuVgeCIAiCRHz8v19c/U8boq/ATIB2YCZGik9LHE67owtBEARB9BKuKJATAwRmArQDMzFSuJa4XD3KtxkAAACIeOjfLy4n6n/gEB0FZgK0AzMxTKTREuV7DAAAAOgEaeRE/c8copfATIB2YCaGCTMTBwZMAAAA6Bg2bOKAmeg7MBOgHZiJYUJ/j9sdXco3GAAAANAV9G8ZzETXgZkA7cBMDJPOLnbXu/INBgAAAHSFYCZO9T9ziF4yd2ayy7ELMVhgJoaJoxNmAgAAQPew53R1wkx0HJgJoj0wE8MEZgIAAMAAwEz0HpgJoj0wE8MEZgIAAMAAwEz0HpgJoj0wE8MEZgIAAMAAwEz0HpgJoj0wE8MEZgIAAMAAwEz0HpgJoj0wE8MEZgIAAMAAwEz0HpgJoj0wE8MEZgIAAMAAwEz0HpgJoj0wE8MEZgIAAMAAwEz0HpgJoj0wE8MEZgIAAMAAwEz0HpgJoj0wE8MEZgIAAMAAwEz0HpgJoj0wE8MEZgIAAMAAwEz0nkg2k4KfbdqmKkQiKDATwwRmAgAAwADATPSeCDKTpFiT6aksdbki8aafqwuReQnMxDCBmQAAADAAMBO9R39mYoKZRExgJoYJzAQAAIABgJnoPZFsJlnL09lsLtOSf9/eVFa2M2/VpsLqljKTKb6MXrZUq1tA5jgwE8MEZgIAAMAAwEz0Hn2YSbWsGsZMIicwE8MEZgIAAMAAwEz0Hh2YiSVxuekny+OfTeflMJPICczEMIGZAAAAMAAwE71HB2Yixl5mWhK/C2YSSYGZGCYwEwAAAAYAZqL36MdMmJP8TPi5Sr0tMi+BmRgmMBMAAAAGAGai90SYmXj5eeEuyUx+FrOUFf3k3wptrFpBejy9Whqfom4BmePATAwTmAkAACwcdjXYepRl84Pd4bR3ditLZwHMRO+JIDNBdBeYiWECMwEAgIVDhGgJZ2e9TVk0C2Ameg/MBNEemIlhAjMBAAAwL8BMEHlgJoj2wEwMk4g0k0aTaZ2yLGIoKq0T/ixeZzI1KtYBAACYNjATRB6YCaI9MBPDJGRm0miONZmeIZ5i94OZ4tLrtLc6czOp3BAVaBOSh8fYMbGjYnetLY1V1vDHmhtvWmlWlvrhNC2NExZgJgAAMCtgJog8MBNEe2AmhklozURctlaSBUQlVfpVmAEzNpO61JiAm5A8FEsvnNYoqlTikK1XUvCEaSozkYCZAADArICZIPLATBDtgZkYJmExE7c7nT1wjw1QrBMK45ezEYsdwqrWEvOah6LYsMpTOVJ94pmHyC5MayyVVpdoJsVrxUY4rMm1omhQI0uXsLGZ2EeeqbMIozQCsZl+suBnJgJUZ3k6n47lbi3aIDz+j3ZaQy93JPqeEriuRKjR1Rgfy44q9pENshb4IfnMxFpbsOERtm3Usrg6q1QRAABAMGAmiDwwE0R7YCaGSZjMZANTj9VuwQ3ilkRJ5dbc+KgnClpdbNmxM8UULfb410WZ0uucQo3iddFMDdyTmwmbcxWXLpY62VbmleImCtRmsk4wEVpwbFkd5fWc4rVR8blMKdha+ZiJo5X/2WqJj0kVfUZlJnWmqDXF3pEY4RwAAABMDcwEkQdmgmgPzMQwCZOZsP7/k0Vuoa8fm+Ebx0hfbiqQTacyeTeRFghn4ergZkKN5LRJxYzpm4lQk7VJjVQKgsRoy+FCojQTCWue6YkCbh0qMyk2xaZjWhcAAMwUmAkiD8wE0R6YiWESWjORyOEDIEJfX95rlxsIsUZc22gyxcuKdwQ3E0Uj7pmYiTTNTHawHLa50kxczg1PxEXxKV8rzfxEVGbiXsMmfJnikwuk7QAAwAAIg8wi6lV8ofGXbHhcGzATRB6YCaI9MBPDJLRmwp+DVVnnGxYJbibetYpb3qe4z0T9b+T0zWQN+xeW1TR5j9ZLHq/vMxNH8boY09Ll8TlFRUWWNUHMxO2y1v3yGdo0Jt53OwoAAOgd+lvO6kW9ii/seGYp/0VU3iOx4t+S0wZmgsgDM0G0B2ZimITWTJSFKjOJo3/nZC9jTCbvFKkYX6mrOKCZMKcQzCTWvxH3DMzEQfXiLWzr2EBP1pKbCXOYKK9p1KcHMxMvrZZ409P8Pn8AANA9kn5I1GSuXr7UtPSB1dIq+ouaflqLhF/7eP+WniYwE0SeuTMTYDxgJobJHJuJY8tq9lUngo7I74BfvcR7B7yzLj1O1AzhhhNTI79dvpwNSvB/8xqz43x3wLvYVuxpvybfffYScjNxtrFnGZvrxZfsSKJ9kxAaW1k7KcuYufAS4SZ+0YvilgSbzSXh2LZmFs9KBgCAyIL9skZE+HvPVcx/s0NE+ZuJm/26B2MmyKwCMwHagZkYJnNsJnzUwrR0+TPPPLPUZMqRPKGEKi6lQnZTR1yKOADiajSTpfw0lspJPNizgflv41yttBj3BBWvWbqE7ZQ7TPxTz/Dn/0qs837T4mrhkcSmmMdkK9mRRD20mtbGxizljxuuS19OhVSUUtTK/Ie3+cjyuFR2i/wkZlIcIzTCz0h6SBcAAOgd2Wwu4a+2RrPkHqthJkioAzMB2oGZGCYhMxMAAADGQjmbS2Yma2AmSKgDMwHagZkYJjATAAAAAZGNmYiTuEzRj5nLW611RSaVmaxbYopNr3M4ZvCtTjATRB6YCdAOzMQwgZkAAAAIiOw+E1E/dqTH8zvgzSuVZuIo3xD7U9PSxBk8BQRmgsgDMwHagZkYJjATAAAA8wLMBJEHZgK0AzMxTGAmAAAA5gWYCSIPzARoB2ZimMBMAAAAzAswE0QemAnQDszEMIGZAAAAmBdgJog8MBOgHZiJYQIzAQAAMC/ATBB5YCZAOzATwwRmAgAAYF6AmSDywEyAdmAmhgnMBAAAwLwAM0HkgZkA7cBMDBOYCQAALBx6lAXzCcwEkSeCzKQwLTs5JbdGVmLZkJ2QViorAJEFzMQwgZkAAMDCYVeDLULkxO5w2ju7laWzAGai90SWmaQU1SVkVXsLutZvruNm4miqzM3MS0jMTskV1raUpiTmVW3Jp5Ks0iaX1ASYW2AmhgnMBAAAgAGAmeg9kWYmLQlJz4uvrWUFDW5uJtaS59NySztsrclJ2WwVMxNLcm5ZR1sD05WtLb5WwBwCMzFMYCYAAAAMAMxE74k4M6nIybayV00FKUxCFLO5movymt3cTARFIXZtW59okdcBcwbMxDCBmQAAADAAMBO9J+LMxF2zraDBTT/XJ+a7vWbiaq0pzGFztyhKM5Evg7kFZmKYwEwAAAAYAJiJ3hN5ZkI2smGbOcliqWH3jwhmYkvIKBMGUtxVuSozwZjJ/AEzMUxgJgAAAAwAzETviUQz2ZqRnbyliRfyMZOERIu5uKFhV9n6ZItkJknm7bjPZH6BmRgmMBMAAAAGAGai90SimTjLCtiELgFuJhW5+euTshOS8107CyUzqchn87ss5a14Ntd8ATMxTGAmAAAADADMRO+JIDOZAbi3JDKAmRgmMBMAAAAGAGai98BMgHZgJoYJzAQAAIABgJnoPfo0ExAZwEwME5gJAAAAAwAz0XtgJkA7MBPDBGYCAADAAMBM9B6YCdAOzMQwgZkAAAAwADATvQdmArQDMzFMYCYAAAAMAMxE74GZAO3ATAwTmAkAAAADADPRe2AmQDswE8MkJGaibhZBEARBZhTlPy0zBGai98BMgHZgJoYJzARBEASJhCj/aZkhMBO9B2YCtAMzMUxgJgiCIEgkRPlPywyBmeg9MBOgHZiJYRISMwEAAADmF5iJ3gMzAdqBmRgmMBMAAAAGAGai98BMgHZgJoYJzAQAAIABgJnoPTAToB2YiWECMwEAAGAAYCZ6D8wEaAdmYpjATAAAABgAmIneAzMB2oGZGCYwEwAAAAYAZqL3wEyAdmAmhgnMBAAAgAGAmeg9MBOgHZiJYQIzAQAAYABgJnoPzARoB2ZimMBMAAAAGACYid4DMwHagZkYJjATAAAABgBmovfATIB2YCaGCcwEAACAAYCZ6D0wE6AdmIlhAjMBAABgAGAmeg/MBGgHZmKYwEwAAAAYAJiJ3gMzAdqBmRgmMBMAAAAGAGai98BMgHZgJoYJzAQAAIABgJnoPTAToB2YiWEy92aSlZhX2OLusNk6bJXmUhtbcHQ3F+UJJbYOp4vqpKTm5dd7N+ipSUnPljUAwPzjtAsfV1tLsTm7mV47atZnbq9qopKm9YkWoUpNVmJ2VpVDWG7JqmJ/VORki59zm01qKhS4EpJyLaUN1KwlJbu5hxXRvqTVKUUtfKFhS25CVrWTv2gpTUjK81ap8f1fmSgcpPB/ZUJODT/ThNRiYa291JzNN09OzN9q9W4dBmjX9LOjqTohrcz3sq0hIXkbLaQkFlYI1VKSsoXLbqsqKqWXyVvq+eV1dEst6ZduOpHSLPEzQ38zFqZll9a3dthad5cWsve020Hl9H7xv0j5Ns7y55NStvNl/pftwgFmovfATIB2YCaGyXyZiUAN764R1AeSKriFbkfSBtb/IIozs+nfY/laACKE/JTsFOHTnJUk+4j21GVVuQQzyfN+dH1m4qsWOuh/H2ZHXhLSWB89oJmsTyut2WxJKxaUoqW0wlGTVsL1gpkJXyCh4kvcTPgyb1Ogaz0V1heXcucKG9Ku+fFIL9MS2d8VoplUFZb6/+0lnalhkL2PLfKz25ohlgsC7C21lqUlFVqL872rYCaIngIzAdqBmRgmEWsmBSniv7v0Dy3MBEQkroSU4t3CAEWK0F32YhN6kMxM3M2l+fWucJuJotn1iYWKQm+P1sWcpGbbev47dTITqpxUIDjG9M2E3CC3ODMsJyJH2jW/tuJLZwsfQuFmolAyVm5kM/H9hcle5PGhOT8zoQuyfnMd+UmZ8Jc6zATRV2AmQDswE8MkYs2E/nEV5oo05dezOQzytQBEAvKP5aRm4nbnJmdHiJlYi/MTErN5WKlgJm5rRVqSZUZm4nZUiqMu4UQ81A25VsH9+JFI1xxmEtBM1nvf34SMMmEVzATRU2AmQDswE8Mkcs3EbeO/323w7wICECEkJDMB4Ew2m4teOXcWFraE10wCzuaqypX25eL99a0ZFvEul/rtNT1eM6HNt+ZVdc3ETPy7yGFC2rXfy5ptfBYZZnMFms3lStvaxN9icxKb0AUzQfQVmAnQDszEMIkcMxH7TPwOeOGXvtTbS0hk/77CTECkUZyZ3ey9l53dbO29A95ha0piQxBuyUwI8wax7xjuO+CdTrslVbwDngRpfWap0+kozLTwkvV5ddIGCZkVkpm42f9x2fowEzYswK6qdAf8+sTs3W3sejbsYhWMdQc8Q26z/A54p711d+k2yVIkM+koye+QqtZsqxH+ss2v5Z+3MN8VFBnATPSeEJhJVXVDB/8bECwwYCaGydybCQAgXHQ3rc+UdAOAhQXMRO+ZrZl0VBayuYwp4vNzwIICZmKYwEwAMBIFadk1C+L34wAogZnoPbMyk5q8XOlGuoSkfDbmm5htvPmdYDJgJoYJzAQAAIABgJnoPVrNxFFfkO51Ev9oNJOWUtpW8aCPZPnzuWdCgt8DUkC4gJkYJjATAAAABgBmovdoNBPLRqWQzN5M1m8Qn3AnkZAEM4loYCaGCcwEAACAAYCZ6D1azCSZPSpHTHJeLSuyV/vkJK24VsP01pbSrLJqs+yRi87y57fWlM6xmczB90YZCZiJYQIzAQAAYABgJnrPjM1EMUIilZv9yytm2slpESRk1zZLDXtaqNtalkaNVxVyM+F3sJTtqrOkZhc2CxWqCguK8ixFlRUN7FVWcnZWUWVZ8XbBk+ggLUnm7bvra9n3DWVVC2VNafllZbuaSvPz+ahOYVp2wkYL26q8LCExl1XpdtBZeJ9Yak1ILqjaVVeYyx5XCgICMzFMYCYAAAAMAMxE75mxmaQkZSfIxkxqvc8L9n3nqLB2xl8My83E3cSfVs6+pHbDNslM0pKyU/hT1nvqRNOoKpR9v5UrIclvkIQOgA/b1ObnJiQWyFcx5Ugrc3Mz8Q6tZHgVS3qCu9tdo3Fa2kICZmKYwEwAAAAYAJiJ3jNjM3GLffpJo7FDL5qJmw2VsHvfcwsamH7wQv9dCEJSVej7TlNbhWKnvtlcJDDicndWZl5SstCC8F1R7Cy839kkfYObzEzchWZLwoa8ZuEb30BAYCaGCcwEAACAAYCZ6D2zNZPC0uqycpY07z3xszSTrRnZVrcrIWU7m6XlM5PnS73fmCt+iekMzaQsy5KxpbKmiTa3T9NMiLKiwgTxe3xBAGAmhgnMBAAAgAGAmeg9szITRXl+SgjMxN1VnZyau5XPBpPN5lrvtQgRuZm4uxKS/O4GUZuJ72itFUHMJP9Z5Um5K5+X7Qj4ATMxTGAmAAAADADMRO+ZjZko7t9wNxfO4psWJTMRblkRl7xm4na7OmrL1rNbXCyFNTa+yk8Y7PV8bY3QuVKbiaupQhzkqQ02ZuJ21FOd9fm1brctWZj6lZJbKa4CKmAmhgnMBAAAgAGAmeg9szGTwNFoJkCHwEwME5gJAAAAAwAz0Xu0mImrqcKSWzhZrN6ndQHDAzMxTCLHTF599dWRkZFbAIDwQ/+v0f9xyv8JAdAzMBO9R4uZAMCBmRgmITETdbMzzd69L9+4MX7r1m0EQeYm9H/c3r2/Vv/PiCDzFeU/LTMEZqL3wEyAdmAmhkmEmMm7736g7jkhCBLWvPvu++r/GRFkvqL8p2WGwEz0HpgJ0A7MxDCJEDPp7z+k7jYhCBLW9PUNqP9nRJD5ivKflhkCM9F7YCZAOzATwyQkZjJ7BgcHJwAAc8uhQ4eU/ysCoFtgJnoPzARoB2ZimMBMAFiwwEyAkYCZ6D0wE6AdmIlhAjMBYMECMwFGAmai98BMgHZgJoYJzASABQvMBBgJmIneAzMB2oGZGCYwEwAWLDATYCRgJnoPzARoB2ZimMBMAFiwwEyAkYCZ6D0wE6AdmIlhAjMBYMECMwFGAmai98BMgHZgJoYJzASABQvMBBgJmIneAzMB2oGZGCYwEwAWLDATYCRgJnoPzARoB2ZimMBMAFiwwEyAkYCZ6D0wE6AdmIlhYmQzuXTSI3Cwv3/w6Gnl2kDw+rQwSH+cuEQLw2zppLKeH5f4VkT/4JHx28rVAaHKg+fGJibGpPbpj+ExZbXg3Bg5fZA26+s/PHT2lnJleLg9Rjtk14Utjx/qo4vbd/jEeV5w9dwQuwoH+67d9G0BIhmYCTASMBO9B2YCtAMzMUwWgplwTl6aur986eypU6dZP1ubmRB9wlZTQjsSuu8+M6E9T318/sj3OzdmMnr2kMdrJpdO9El7v8p87KbvaPqn5YFg3oGZACMBM9F7YCZAOzATw2TezcRm72xssb3z/r5ro2PXRm/Qz9HrN66P3bh589ZtL8r+1DQRzMS3NDhMSxfPDh0eYF3qw6dGpDWjE7cO9XnOjwUbM7lxafjUUfaib3BI2oOAYCZC5Usn2G5Y2a0bRwb72YshtlPGjUt9bIDjYP+RoZvBx0xujx/u51UPj/teHlTud2yYH6rE+OjFfu+GXFQ80viG71KIIy0H+wdHhUr0UjipI3xtMG5fpaOW2vQe8OiZAXZtR8/2i+c+MUqraM2tsRF2NF5kDYFIAWYCjATMRO+BmQDtwEwMk/k1E9r1j1em/+sDqUUVjgOHTr/5weE33x9464OB/QePefqP3SQ7EdDoJ35jJgf5FKOrF4ZHrt2g7j4Vnb7qqzN06tRo8NlcYyPDF2iDicNUcPQj+W74Vpyz3plM569Qe7eo5MgF5he0MDRyi4zl2kdn+cvJzIQW+o4Oj4+PXr0g1uw7fnF89NJptmP5yBJrnM7r0ph3vOTW1Ws3bk2MXzpJjtDHRi08ajMZPUsLI6Pj10YEZRJejt/mAyDsAINANUZvS22yaV3cpMbODTI1EX7wmvxc2I6EBmnhzKjYCIgoYCbASMBM9B6YCdAOzMQwmV8z6epyxkY/8sCS2J07dg14Dnne+/DA2+8fePeD/n0HDg0cGR8fl8uJslc1Jf6zuS7d8FvpYfO7vHUGmQPwQs9kZuJF3gUX8DOTU/67YXWZgbBuPbnWLe9JeIKayXlZG/TyIheGK6c8/iMPl06xjUlOBk9f9itnQzdimwozESyiT6rJpYItjZ6hcqZqk3HzEq/pbXNaZsIrDPJLDSIPmAkwEjATvQdmArQDMzFM5tdMiJrnni1bu+p1u/X80SMnP3xv6IN3jn34/pl+z7njx8cEuJ9oGTaRTWESOuuHJ25d5l35U6dYL18yEy4PE0HNhK86cuLU4b5AZsJvL7l0XNh87PxhVnb81ClWV2z81tAhcXLTrWBm4uvxC8heqqZvcYbYrDHPZS4/B/vo1I6xm0ECm4lwHY5L2wovD/YP9POcviKWc+Px7Y4fpgw6eI+wU28jxyUdmuD7vT1xhP7oP3L8BPtTdkYggoCZACMBM9F7YCZAOzATw2R+zcRaWrgrc+POrOfefsE9cuL4+YGD5zy9p/d/cPbQwKVjhy6eOX3t2jUuJ1qGTYTuOG07cvYY67X3neYlR87fmLjF7oWYiZmwjrinjxZusabUZnL84vj4jWNMEvp4P77v5OWJW2zOGG/8tDAT7PJJtvWlYGbCFoTZXDeufcRmZNEGstlch2S7PXnk1PCN8RuCBHn4VDThzM4KJWKbg6ev3hgfPyLcrM62EgZeRkapPX6TCJvNdfXGrYnbt85fuMymnQXk9q2b4yJUn0715q2JQ8KBXRX2dujsKG9qdPwGL6GNqMIIe+uE2iAigZkAIwEz0XtgJkA7MBPDZH7NpDU3vSknvXnblg9efvHS8aPDBz44u++9M73vnBs4eOlo//DRI1euXLl+/fpszESCPZvrxkfSy8MzMxNxFdvwyKEAZuKFPZvr9tXTwjgGq3xIbFxeJ+iYyYS0rUcc5fA9Auuw9ziF3crPjk3Q8lU7wk5ugt8Sw+lnjQqbMbXg8Lakl3RS0xnZ8HjHYbhlcYTHnvH7XgT62d6Pye5/H7ownbbBXAMzAUYCZqL3wEyAdmAmhsn8mknLtud3bXyyPi/z3T2uC4c8Zz589/SHb5/ufff8gOdC3/5zJ09evnz52rVrN27c0GImYB65dppNnxO4JQyn+K0FkQHMBBgJmIneAzMB2oGZGCbzayaVuxofTsjPyC1z9Lx2+uzFM0dOnjo4OHTwkOfg4f0HDp09N3zp0qWrV6+OjY3xW02UHSsQsYydZ2Mnwu0rtHAo2M3102V4eLi3t5c+D7P8JNDmFy5coA+VckWIOH9e/OrJyCeyzaR2408Wb7Rsb64pWrx4iVjWYL7n31c3W621DU72snP74uhfWHeXZa+NMTfINnU337c6u6iwiMJfJ1JT2+uLno2/P7PeV6vBfP89i1cXs0Xz/Yt95TLuXxy4fM4okmFa8pjbWWmKid9gqawrzzEtiRcrOWpMS5eaG/02JArWxFD5uhLxZdwSU8yaHKu1Lspkkkpqmq3F6Y/FZQsbN5qlyn6UrFM3HoHATPQemAnQDszEMJlfMymvaYh7Oj/DUt695zc3Ry7dOHzs2nv7rg4eGT58bL9n8MzZc3NpJtShpN0pS4FWTgtf/0IMHg3NFy++/vrrTHIOHZrl93LSZ4kM56OPfI9+5q5CyGpp5/3331cW+XPjxo2jR492dXW999574f5UByeyzYTEQ9APtzt75WKrsJCwZLHd5Vtf++x9W+x80b54ZbZvhbv+/sxm2Uv34rsf9y48uLlVLEy/f/H9meYINxMZdVGJlfSH1XsFHuOC0coEpHKLSh5IV6IfyyvxyYZp2YYaYdvKxKg6b4l3VQorgZkg8xqYCdAOzMQwmV8zKauufyx5S8G2nY6e165fvjq2f+DqBwcufXjgyMARMpNTp8/MpZm8LXDt2jXlChAIekcGBgYUhf39/adOnVIUhgT6DHz44YcTgkXcuqXllvoDBw6QD0wIR05Nyc1kQmg2VB+wKc1E2tfIyIj6Gs4lkW4mXjZGiXqwOG6zvHy1TBv8FMJV9IvtvlfE4tXi4AkZyOK1wrqajelsmGW7Xswk7xET1zOJNd6hD8Zk8iCTDdOS+BzBytJXmrjziaMurkbTk0WsBGaCzGtgJkA7MBPDZH7NpKKm6an0bdkFlZ09rw8eO7fvwNHe3oH3P+zbd+DQfs9cz+Z68803X3311WPHjk0Ifcfz589fvnyZXIV3YY8cOfLOO+9QT05+GGfPnpVeUv3x8fHR0dF33333rbfeGh5md8nTYZ87d45+Tgi/KadlqVdNGw4NDb333nvULPVQqc7JkyepBVpFP8+cOUM1qT7tnY6BrgPV58dD3Wv5MZw4cUKaPkTHQ3uhBWqZToc2l8ql/UrHMyEcEt+WSsgo+AQnOgyqTMu9vb10bHRGE8IhXbhwYd++fVRy/fr1CaFTa7fb+fHw1qhCR0cHva1UjVqganR28sOQoN1RHVp18OBBOhdqnFSBXtKueQU6fTpx2pw3RfXpqlLjtC8qp7W8DkEHcPz4cbratHe67B988AGd1ODgINWXz9eiS2ez2bq7u6kC3x3ti86FdIV7wpUrV6gOLdB50ZHQ5vTBkzYn6CXty+PxXLx4cUK4dHQk1A7VpAbpJQkJf9+5mVBTVJNK6A2aEE6ZjpAuhXQBJwTdgplMibO1bLE4ban53mfKYk33LL7n3nqhZ/24TBselCtEk/le072LFy9+MFEUksX3JojV7l68+D+YmXhtRzdmstwUpSjxzeZyTy4PMtkwx5lMS+Oc1kpTzDqpZENJq3lVVLFDWdmPyRqPMGAmeg/MBGgHZmKYzK+ZVNU1P5hQkJFb3uF67fS5iwcPnfhg/2D/4FDfwNH9Bw6dPnN2zsyEuoz9wgOsXn75ZdoR7Y46sr/5zW/4Tt944w3ebaW+JvVlpa36+vqoR8uXqRtNW1FPlN+sTz1Okhk6cupb8y4y1aRlyQrIBLgD8J4xdW1pL1wD6Ce1RiXUjZYm/NB14MdDPV1qWTwC4Rhef/31CaErTL1k2pa6y9xkyLJIUWgX5BjceYj9+/dLXXZaRR1lWqAe/969e6ll3ghvjUON00/aO3Xr+dHScdIBUIPULK/DW6MFOmDa421hWIP697w+dX8PHz7M60wIfXR+IhJ0zXlNuiDkKlSHnIe/EdSJp93xR7TReVEJWQfv+r/wwgvkJLwFKuGOQRetra2Nju22cJxUQdqvJJZ0AJ2dnbw1apaOmRZIcmjv1Dj5Bm/ztuzzdu3aNV6NtqUjPH36NB2Sy+Xi1ejgaV/8FEgC9+zZMyGILr3dtwX/pA8DHRgdALUvb5Z9+YxgwvNF5JuJ3Wqt3b6FXER4tX3x/em8/D5SjcrJzUSiZuODuWykwbl78z2LF9/7s4SN9y2+L7nWXZkgDJi4dWMmbTnxwolIrI42cZsQmUweZLKR/tBSU0x8ceYaU8xjUsmGosrYn5py6gTVg5kg8xqYCdAOzMQwmV8z2V65m8wk3VK+Z++bJ05f2HfwmKf/KGnJ4JET+z2DZ8+eGxkZmRsz+fWvfy189cY4dXBJP2h31I/koyV8mVfjXXnpSKh7Sh39CWFaDhkC9YOpG8pXUR3qmwYxE1KIF198kfrHfDQjoJnQT/4bejow6nzz46Flqkl75O1QgyRU1DjZCHU06RgkmaH9Un+anGoyM5kQbt6gHfFbOOhg6GqToUlrCSqkbamcOwMv8QhfFEPNymve9poJLdNhSH1uKicVkaoNDw/Lu+PkhNKTu6gmvRETwlFJV5KWSRv4GA69lMzk1Vdfld4IOiSuiHQxSQ55ISkWXRC+POE1kwnhitFx8rtKbgtWc9trJnS1ydCoKcWHjcxNGvmRriq947yELo784WO0Iz7Iw98j/kmgi0zvvnyuINndLG+YmT2RbyYixavNTfSHkw93uIV5XI9vcW6O82nD4sUPSssyqmIyZLe8C9U2W+mnHyQnEW0mXUWrl8gmblmL10WbpLtNRCaTB59sFK/eIt634+4qEAp9JatNJlYCM0HmNTAToB2YiWEyv2ZSXdf0cELBc7llTvcrA0fPvtN7+J0P+9/5sG+fZ5DfAT83ZkKN19fX7xKoqKigbiiVUIdVmrfT0NDA19bU1HR2dkpHwvvB9JI6qdThpj69NB9pQuihBjGT28Lv16nP+tJLL92eZMyEfvKb8q9fv04d9Orqan4MLpdLfrv26dOnTwnQAvV33377bX6EfNoStRDETLjw8DlR1Jk+f/48VwKq/6tf/aq2traxsZGOhN4FqSNObZK/BTcTuhR8FhOH2peW6Tgl65gQHEY+o+m1116jn2Qy0uaTmQkfKeJwp5qYtplI95kozIQW6Hja29ulRjh07tKUOX7iZCbSYdPnRG4m1CAd7c6dO/n7RezZs4euIV15/v5OCPulRqQPw3yhFzOpTb5vszBg4LuRffH95CpWS+wkd8CL2LeuTiiXv96+ZO126ozzx3YJSYxNKqptVZqJvVZUIIWZNJf7378yJ9SlL5dP3CItiXlaGOiRM5k8+GRjR7zFO+qyc8MGdi+9ryTGFMVKlGbirOPrFY07W5VeFBnATPQemAnQDszEMJlfMymvadzyTIrdYunf+8Kljy5cuLRv8OihN9/3DAwO9R86evrM2VmYCevIygnyjFh5X5l6kNSN5mbCf+dNnV0+wSkgJBvUveMdWeq8vthj7913oP/YMG9HbiavvPIKGQ416xk4LO+QUk1axc2E/06der3Ujb5x7Yzj5XeZVwwM0zGQDEz28Cje6+V3UFAPm46Wj8NQa/z39HT6N4T7Tya8/WZpW9oXaQCdPlWgarQX3ueWBl7o1DSYCV0KqT5tTgImVSMlkKsInSDtiy/TZX/11Vcnpmcm8nGYUJkJr0kv6aLR2yFtS58Q6Xi4YcrNhHyDSvjybWEWGR2GNMbF4e+RdIcJVVPffjNLxkcvHvR4Dvb7fbqCE9Fm0lm/JfFBNqJx973m7d4Hbbms97JZWTHSE7rMj8VQlXujubE0cz9x1mxm1Rbfk1gobpi9UhgbsVSJm/nwzeaSD6H8Yon4NDBZ8WKSkvvvnochFJNpeTp/lpabSYJJhk8YZPKwTj7AIpONGsuauJiltFV8snj7DZXQy6XRsa187KTRLGt7nbsxJyaZGYx8p7STxuw4QWwiDpiJ3hMiM2mvTkjMZnl2Hn6RAOYLmIlhMr9mUtVqS1iXXvZc1tsO58UThweH3v9g/7433zvg6RvoPzQQitlcY73HLyvLVPDBDekldXmpuyyZyYRwl3lrZelb/WeoVyq/x2NCmMnjcDh4J/X2pePtL7wyPDx8cejDerud/4L8pZdeov46VbNYnveOmdzq3XeCevDULHVVDx48SBUmhBllr732GpW4XC6yGmnMhMxkQuhzv/DCC9QhvnjxIr97RH4YdArS/SFnz57du3cv7b2rq4v316nPTf11KiFbaGtrk58sQbuTjKijo4NapvbpsOlIqM0XX3wxoJnQjsgiyE/kv/in+tQv528WraXON+2Uro80VjAhHOHLL79Ml5Hapx4/nyBHe6SXe/bs4WNE4TATush0WW4KTGYm/f399PbRMdAhyfWJX3z6PFBlukR0MHIzoc3pjaPLTleDdsFFiy4XXVg6Knq/jh49qjATevmrX/3K23wouH1jbEz8SHg8voG74ES0mWigMqE2In+XP8eYnihQFi0MYCZ6TyjMxFGTlSxoSWJ2a7dyJTAwMBPDZH7NpLHNumptVm66+eWOzo8uHhk89v7Rk+986Nl/dKif3ISbCclAqMxkfOSUMHyy//xVoTM9Njw8NnH9o6Hdu3dfHLs9PnKSrfMMUqeZ+qmvvtD99lu/6d13gOrevnZm586dmZmZzz33HHVAr14YYs3sOzByg83teeWVV06fFr6y4+rJgTOXqOtf/Xzmfq/AUH+X+qBNTU3d3XsPHz7M+/G9vQPUYW2o2p6dmbply5ahC6zjfv7Mkfb6Xampqd17XqIu8vjV0y+8dZBOn5vJhHBLRnNzc3t7O22ruBrU65WekXVbuIu9oaFBuo2BOtYkA42N7HeqdHbS+AmHD7bwanyggA6SVIFaIEHiN7uTWkhKRsfG72inBWpTfr8HdfdJJKjvTrug/j1divr6evnt7xyuK7SKZIy2lV7SWfCmyBz4A7gmhMM7f/48NchvgDl+/Di/44XrHIdWcbmiU5CGLzwej3zaGF1J8g06JNod1ecKdFuYiXdbeBQbXV7aKV1herNIzBTud+HCBSqnt5IPrZByyO+W4c/+4tec75SuIX0qaBN6v+hjTNeQNEBywpvCjSjS5qHF45nu7StGMxOwsIGZ6D0hMJOsJFFLlCtmREtpSlGL9Kq5KC8hMU+2OiS0FKZlby2vLisvW5+UXeH3PAuN0FlnqYeFFwwwE8Nkfs2krHzno/+RkZqW327tGRgc3Hfwgzfeev/Ndz7s7T24b3//mRA8m0tmJrdG+k6Lv7kfGTrAlsaGe49d5L/wH5Sme92+0n9O/MU2p7eXdTTJRQbOCVVGz3g3mjg70Hvh4sWBgQHpLg5Pb69nX6/nhDjYIoca4AvjV84MnvcbtRjax0YDBkhB5MVjw0PCFz9KZhIE6d4SsNC5fbXvtN/zjoMAMwFGAmai94TATFL4PK7EbGH4tDs5KduyU1lnaubKTLzTVBsS0sq83wCrHclMijNnJ2b6BGZimMyvmTSaU2rX/rwpL/fdPb+6ODR08r13jr791pF33hnyeE4c9JwZOnblypXR0dEbN27cEh7JquxYTY3PTMbODfhGT3in39v1nxDEQ1rHN7lw6nB/3wFhjMXPTC4fFx2GjudU/1stLjbZiW955VT/kXNXSE76T7HnRA0P+N2GQcXjAhfPDXlOsF2MXR4eGuwTdsFq3rp+/ljf/r4jJ8Tf1U/PTE6fPn3gwAH5HdhgAXPT4zmsLJscmAkwEjATvScEZlKQIppJwsYCS2p2QtLzZRp6OJObSUV+Pms8yVLmnSvGpKLHuj4pe316MbsVrnIbVUjJrfZu7UpLscjre5GbSYtoJj32jHQLbZ62pbajR1jT3breOwokDgT1WPkxyHYhIppJQxmv7D0F5QEkJBXWFhVQhfUpbN6nWVibnFXK127NEU8wt3z2rjSnwEwMk/k1kwZzSn3Ck83Z5vedzkuHD519562Tb711/O23ThzYf8LjOXfi+LVr165fv069+bk2k+vDniNnRq6xmftBzGTg3RffHfBN6fH0sq86Gb94jOTk5u2JPuGlhDRmQhxgu7vZu6//xIUrN2/JHebWqSN9+weEr1GfnpkMDAy8q/paQLAwGT13+Oyo3yS04MBMgJGAmeg9szWTrOTsjNKWqrxcqStv5f37mdJSKrXgDTMTa3F+fr14L1txZnaN0DitTSsWHphRV5yQWrxbKCzNzN7NNqhISxKHLywbsr1P7eZ4zaTbkbExmzcgsTUjm1yFFpK809KcZQWFbWyBjqSgWTiGmm3mcr/em2gmdB1kk9nkB5CQxWQmQVrrqCRzE5Zctfm5pV3sxPU7HwxmYpjMr5lY62t3rlpR8+TDr1WUnH/vrTPvvHX8rTePvfnmsQ/eO75/33VhtITfY61JSyb8Z3NdlmZzXTzWy2dzTWYmpB/eW7bHJTMRZ3mNDUuzuc709cq7gXL36O/t9ZuapTYT1o64tSAqPkRRmZ6ZACBwi7TkvN88xKmJfDPp6OhoDwVWq9Xp9O8X6Ae6CHT8ylOaOdSOfi/CdICZ6D2zMxM7fySXJaO4IUsYedD+W/+W0qScsjJ2EwjL1pxcbiZkI95RDre7qjB3F/uTVnFncPdUJ20Rv8F195bcCvpftyQ/ITGfl1TkZPv3+ZmZcO1Zn7bNb41QOSGNDWL4ZpFVFQrT0mwJmRUdYlFNQm6tuCgQ0EzkB5CQVMireVe2JJjFx+wx82mhU6hLSGF19AjMxDCZXzPpcbmqktaUPrzspa155z989/S7bx5/882jJCfvv3v68CCf+0RaonXAZMLPTNiYxv7RsfHx61d6e4W5T5Obya2RYwOnLl8fHz9zxMPN5MIR2ugYbUzLvfs8tGrs2kjvPp9sEEOe3lMXRkZGLg6fONzbT/F7RJJvNteZI70HT01MjFKD56+NXblwwnOA7f3YkVPnL4+Oj416/A8PZgKmZOzcYY/n4IgX5epJiHAzcTgcys717FDuQA/gIkwfmIneMwszEbVE6OjnKKc5zZhJZnPlbpDdv9FSmlZic7OOfmGFWFQjbUWbUGFNHgnS8x02G4//kwPls7lEyrIsGVsqqWZptmgmVKe0ye7s6TYn8yGXuoQsVkGMw2+G2CRm4juADhu70V52z0xLQk6NuFhVyMyE4dqan5+UlJ1bE4q78ucQmIlhMr9mQvT09HQ7nZ59+9h3mF/8iH6OXr16U5i+xdHqJACAKYhkMwnVaIkcalO5m4hHeQ6zRo8XYZrATPQejWYiPSaYIt6eMUsmMRNrSX7uLvVsrknNhM/mmqSDH8BMpNEM2oqbSfPWvAb/+1MSEi1ZVYGblMwk/1m/2VyK2lOZiQidl9/riAdmYpjMu5lwpOfbAgDmjEg2E2WHur2mKCdf/rqNCopq5CWbs83mTTltwnJD5Taz2ZydWyiv0K7DEQPF8efk75CWN2dvohPe2SJb3d5UWbSZTry0jl8Ghuo66e8iTBOYid6jyUzYaEluWu7zoRkt4UxiJu6eloSk3Kr6hpryMjIEvjaYmbhdzVvzE1ILy8qrc83irCovAcwka0N2QXVTVfG25BSLNGaicK3CdCZgpeXVpUXFiq+OlcykLCvbUtpQVc+GdOQHsD6XeUgwM2kpyy+u7miqKyvett5/qljkAzMxTGAmACxY9GMmTawTTt3wLItYQF5iyfbrcdcV55XUNFdvK6hgnXJL1uamlvaSvE3+fXL9dcrlB1/E3Mu8yZJXspOdb/72+rbmGnNeKfuSI4G6Yos5K6+trXlTVoG0VY7/dWrX4UWYJjATvUeLmfju1sgSb5kwEskbLOLtLqWlCUkKtwF+wEwME5gJAAsWvZhJTVFOm/+YyabsLdVt7fIed3GumS9km/PLpdKaouJ66QVDuZuIR3bsNXmlbb4xkwquYO3mXN8pWsw522rZQvXz2UJBc/kvN7W174CZILqIFjMhcjPz0/JDNFoSUbSVZcieebw+MVe2DiiBmRgmMBMAFix6MRNiSy4bLtiynfW7S/M38UK5mRRmi2aSY/YV07JUgaPcTcQjP/ja7VvM5k2lteL8rW25bMKavAJZGRcX0ji6BnlZOdvYpYCZIPqIRjMxLi0JyQWtws3rpVsK1kszr0AgYCaGCcwEgAWLjsxE6GxvtmSZ29rbN+WX8iK5mRTl+MyEjxu01ZXklzVJFTjK3UQ8iuPPyS3cZN7Ehksad+QUlFaXFFi21kj3lOTIzKS2vS6vlJ8+zATRR2AmQDswE8MEZgLAgkUvZrKzrKSZ3fCet23zpub2tnovOc9XNnt75TsLs/ntFuLspsYdm4sV95gwlLuJeGTHvrO2oTknv2Tzpk35Zc078kUTy2eiItYozDbnbWeXgXlaW7P3OpVsqaz33RGvw4swTWAmeg/MBGgHZmKYwEwAWLDoxUwElM/maveOmZjNm/mdFvJnc7H75Tmyh1m167BTLj/4dr9nczVZstj98PwxXMW5ZuEaiM/mKvGNo7RjzATRS2AmQDswE8MEZgLAgkXvZqIB5W4iHsXxy58arBnlPowCzETvgZkA7cBMDBMjm8nYsGfo/Pj4dU9v78DwGBWc8PSev3KdfQe88N3tV6RvzB4Z2c+/dv368OD+3uGRUf5d78TAvt7RsfHLZ47wFiZuXe7tP8FbGBaqePb1Xr4u+z74seGh82KbozeEJm6PXxzy7Pd9x/zo/oFj1OaZo54Tl29NyA/j7BHhMMQKrE1+VFdPeY6eob3QJnynAISESDYTfNMiR3kOs0aPF2GawEz0HpgJ0A7MxDAxsJlcPXXgqvD18VdOHujtO0MLvfuO8VUXj/WOy2qScPQOnqc/Tnp6PcdH5Ct6+055F86MkjSc6bt4k72kFoRNxnuPXeQVxDavn+UKI3GGXMdzZMBnJhNMRxjjvYcvyA9jRGxTqjBxfpC1eeFwr7BP4iZt4l0JwGyJZDNxOp3KPvWsoTaVu4l4lOcwa/R4EaYJzETvgZkA7cBMDBMDm8n4R0fOC5JwlrTgGPnG5YFzXmkYG/7/2zsXpzauPN//O01RU5SplGvLKVfKqc1UvOWpODIIEgy+ltHDaIQlEJYFAsvIPIRAYAUZtDt3585k753Z2pmdZSbZZHaSncxjM/bk5TiJx3n8Mfec7lar1YANLYE5h8+nvmV1//p0txwPSJ85j/7jg0bLh39+23IYjyrIyq/fky/ffiWuIIThA0cwHt03ZePBB47IWNf89APXhRu4zcTm2y+3/tDUduvtP1lvw+HDd+RZjZvueB0Xn//0f9+biN9LjxxGboz+7Y+26Qk++fzRo8ffPP76APPob19/+nmz9kFrHGUzsWhXz0m5XFb3G7n4jyDev/evtH/EddT9j7AXMBPVg5mAfzATbaKxmQj++t5vtra2Hlp9EI/uf/CZc8RlKY2+lAdvvfvuu+9/+Pjx4/ff3rIPCycRvGv3nLjE4IElDFtbb38lTnj05dtvvy2v/82jB188EoX7f3j3t/caQ6+ajOLRfXnJ3/+lUTF7Y6T6uBpsbf3mc9OThAS9LwdzPf70w/ffeqKZ3J9J/2X86qHlwU9+5Nz6wRfW2LWD5bOHh3GX48PRNxOAvYOZqB7MBPyDmWgTnc3k64db//neg3sfbP3n+3/96pvvvvmk0b/x+KOGpXz7+dt/fmhuPdj67V++snotHv75T2btw9/95s+ffv7bt7bkFb777veOGDz+6D1z+6uPPzAl4q3HDz/88Av7oMXW1nvOdpOZfPuNUBmhLr9zzRr501veBl8++OQ3W78x97/5nZyosvW7P336ztY7jWbbuD99yGbyT86tMRMVwUxAJzAT1YOZgH8wE22isZk0BkF9I2eFyHkd9dFTolAftvXlh+9s1fsqvmkMr/r2099/IsoPzD8l4gpCZoSO2E3lJd+zG5t86p278t1bW+862zuOwqrPzBd8aY4328ZnHzTPWvnmyfNMMBPYF5gJ6ARmonowE/APZqJNNDaTh39++/0PHzx+/Oj9t7e2/uv+d+YEd3ttLmvNK3OKuTXp3OL+f4kj7z9+/NW7v7Z1ZevXcrDWl59+KK4gu1O+fWivzSUnhcgGX8qFuR789U/v/vZ/5P7993776edyeNeH//32B5/VJ667zeTR/Q8/+lQ0EKe8KyfVS6yZ7p4G4rL2il7fmOPFzN3GFXcCM4F9gZmATmAmqgczAf9gJtpEYzP57ruvf/efb21tbb33508fWZ7x9cO3fi3HXt1/aH/Df1vOjXemd8gVfj/9k5CVrd/fs8Z3fffwIzlY6zdvv2tfQXz7//277iv8Tlzw12+9/bsPrN0vP/pAjrva2nr3fXtqikXDTL756l3zXYlTnBu/7e5RqTcQl73/wOwxefRXa/ev9ZvuBmYC+wIzAZ3ATFQPZgL+wUy0idZmcuzATGBfYCagE5iJ6sFMwD+YiTbBTHQCM4F9gZmATmAmqgczAf9gJtoEM9EJzAT2BWYCOoGZqB7MBPyDmWgTzEQn9mIm9ybi9sb1+L2Jke0N9p79msnXX3/9zTdycs23Jt7DewAzaS+YCegEZqJ6MBPwD2aiTTATndiLmXz127f/ms/cnx4XG59WV7Y32Hv2ZSZCS2ZnZ998802xfe/evX//939//NizzPLTwUzaC2YCOoGZqB7MBPyDmWgTzEQn9mImn76x/PBnP/n8X/75s421+zdG70+lvvj3f334r/9yL5OQsvGju1/959and1dFffu5nuzLTISHiH/oO3fu3DP55S9/KSrffvvtz372M1Hfo6VgJu0FMwGdwExUD2YC/sFMtAlmohN7MZN713/46P3/evT796xhXV/86t8+Xpr97EfVB//nHz+ay/3tg/fvZ0bvpUfubTtxe/ZrJv/8z//8hz/84Z/+6Z8+/PBDy0x+8Ytf/PGPf3z06NE//uM/3r8vnznzZDCT9oKZgE5gJqoHMwH/YCbaBDPRiT2ZibCRX/zsi//4N8s9vvqvdx78qPrwX//l4c9/+tebE1/97t2H//b/9tJh8hdfZiKc5Mc//rH457bMRFQ++eQTcXRzc/O///u/vedsAzNpL5gJ6ARmonowE/APZqJNMBOd2IuZiHxWq3z2o6q1/eXWLz9evCk7SdJSWkQ+Ls1+9c5vPl6a3X6iJz7M5C9/+cuDBw9WV1d/9atficrPf/7z//mf//n666/F/waEtHjP2QZm0l4wE9AJzET1YCbgH8xEm7TFTNZb5t133/0GWube1NiHqehT83Gl9Em1bG3fm0x+9fv3/nbvw4+W5+rbf/lo+faHY96ztuezH9ecW3/6+VeuN7IDf/vb3958801hJmL7l7/85dbWlqgIJ3njjTdu3br1xRdfeE/YiU8ePOUusC/eeecd748iwLPD+9GyTzAT1YOZgH8wE23SFjNpHfpM2sIe+0zMHhJ7vWDZTzIRl7H6TOrb28/ann31mQjEV2FrsWD3qsGiKPykqd3u0GfSXugzAZ3ATFQPZgL+wUy0CWaiE3s0k3Zlv2bSOphJe8FMQCcwE9WDmYB/MBNtgpnoBGYC+wIzAZ3ATFQPZgL+wUy0CWaiE5gJ7AvMBHQCM1E9mAn4BzPRJpiJTmAmsC8wE9AJzET1YCbgH8xEm2AmOoGZwL7ATEAnMBPVg5mAfzATbYKZ6ARmAvsCMwGdwExUD2YC/sFMtAlmohPP0Ew+w0wUBDMBncBMVM8+zaSYC74e21OG0t5zQTswE22CmejER/PT2/3h4PLwX//FufVnnz9yvZED4dvvvvv04O9yrMBMQCcwE9WzPzOZioQDveHA6+Nrq6u7JdRrtukNe09+MksZ66xAMBqbLHmPHgCXguGe+Jy3CvsBM9EmmIlOfPPw84c/f/Pz//vjQ8gXW7/49vFj59aPv/5GaMOB5rOHf/v6m29df11oFcwEdAIzUT37N5P+kfJmoxIbsD1ktlIvbZanYnEfZjKQWrI2pyLRxHzz0fYRiOS9JQ2oFILxgrd48GAm2gQzATi2YCagE5iJ6tm3mQxPuwtlYSDR2LWBvnBP8zf+VsykNpceGDugbpNVPc3EVERv6eDBTLQJZgJwbMFMQCcwE9XTkpmUxkaEgZRqS8lB7/CtVsyknI7HbskNcdnh/vDY5MyaWe/plduZ0URgMFM0+20CvYmBSCYzORO9GM4UMrG0PCqaVc324lxRyU7OXHotnCxu1O5W1lZzgeHc2uqqPNobtu5YTI30hzOi2VhsxPIrUQkEo/0RWXT+IuKy2clCNn09XbYKRw4hJ4fcc4KZaBPMBODYgpmATmAmqqclM6ndTAb6EtXaevFmJtAbcx3wYyb2PBMhDLEZqybMpDGq69b48PSGUw9cnqo13WUpEMpZW9VsIimNo+DuHgn0xs3XvFN0zCTQO+I0Gw7KC0ozqRfFtryTaSbFqv0Gjioba9lr6eJdb/nAwEy0CWYCcGzBTEAnMBPV05qZbBbqs+FnA4MZ1wE/ZhKMZLOTM7eXZYeGhTAQZ3ttIm76hkROd+kbrzVJxVLDQ6aTsuXqVGN4mGwZNV93NJOk00zccc02E7vomEk5Ny7+Upm5xts7aqzlkj39CW/1IMFMtAlmAnBswUxAJzAT1bNvM5F9GmONb/y1O3MDF+PDo3Z/Rc3+Wu8d3PV03PNM6rjNZJc+k93NpNU+E6+ZWGwsZnpGDnXE1B4RWpIsOKsQHBKYiTbBTACOLZgJ6ARmonr8mEngYlP3iIdo0OeqwU8xk82CZSM1c2DVoDnb44lmshEIWjZinnspa27NB8L2UDHHTAZNG7GwulaeYCZNNzpCbBxyb4kFZqJNMBOAYwtmAjqBmaie/ZlJZTrpzAZ5SoLW6Kk981QzEd++SzM9waZli59oJrXa3VJ/n3wz/cPX681qyeGYZU2OmYgLDw9FRbHntbjV6bCjmdhtLj4DAXg6lUVv5VDATLQJZgJwbMFMQCcwE9WzPzMBcIOZaBPMBODYgpmATmAmqgczAf9gJtoEMwE4tmAmoBOYierBTMA/mIk2wUwAji2YCegEZqJ6MBPwD2aiTTATgGMLZgI6gZmoHswE/IOZaBPMBODYgpmATmAmqgczAf9gJtoEMwE4tmAmoBOYierBTMA/mIk2wUwAji2YCegEZqJ6MBPwD2aiTTATgGMLZgI6gZmoHswE/IOZaJMjYib/8R//4f3SBAAHzK9+9SvvjyKAsmAmqgczAf9gJtrkiJjJT37yk8ePH3u/NwHAgSF+4n760596fxQBlAUzUT2YCfgHM9EmR8RMBG+++ebHH3/8EAAOHvGzJn7ivD+EACqDmagezAT8g5lok6NjJgAAAL7BTFQPZgL+wUy0CWYCAAAagJmoHswE/IOZaBPMBAAANAAzUT2YCfgHM9EmmAkAAOyRarW6tra20ibEpbw3aAHMRPVgJuAfzESbYCYAALBHvG7RMpVKxXsPv2AmqgczAf9gJtoEMwEA2JWlzPC0t9YWAr3JKW/tqNPG3hI33tv4BTNRPZgJ+Acz0SaYCQAcX+7M9QTDgWA0mip4D1nsaiZLgd6wO0Vvg6fgMRPDzfMhWaqWTp/oNDo606VGs/zQ6fMTjd0GGyXDOOXsVYupTsPoPHH6Qso+OXXhtLxyZ1epKnfTr9Tv4mHifGjBW3Mol8teq2gH3tv4BTNRPZgJ+Acz0SaYCQAcT0pjI4HehLfqYVczsVgKRPLemosndIzseqgwdGFSvlaKtiK8JJzjstweeqFzZCK0g5mUEsbf9bnNxHiuz9rI9XZJ5cr19d20D3UZ3TW/ZuJVipX8DWdzuXAlJElm510NVnKpq6KYKSw7leV8KpLKu5pgJsQOZgL+wUy0CWYCAMeT6uS1QG+0qeTykMBgRnaDLGV6+qP5xdW11cWe3rC7rUmTmQwEw9m5kmjZHwxXxPXvrAZ6r2VWV9fuiN+x5WhqZm15PhOLJeZl493M5EyH4amcM4zT4Xq/ycJOZmLSZCYdZ+TLxsLQ84bsIyknzkTtKxgdZ2vtMJO59NXM7Zs3VpYWZ2fEbioSsurOhsnMyPVic3H5yg8nMROyYzAT8A9mok0wEwA4riylL0eDl9IbjcIOZhK4nLMqt0djU5v1ljZuM1kPDKStrUru2q76sZkfSC3tfMjE6LrgrXScGVmu7+zNTEKnjb6JUujvu4zu8/WjnaX1cu7yS+cn5Izz1s0kn4osu/pM0jHbPUbDV+o1qS/js/J15lrYKhSz8ZnlFcyE7BjMBPyDmWgTzAQAjjcbychIjyUYO5lJYzTXDiO7XGbSdNSuu/Tj7vBQzJqR8gQzKUddEmJy9oTRtHbV3sxk6IXOvlTu1PcMo/sls1Dp7OjOTYTOPd/5UlQO72rdTASjsfCVcHT0uikfKyvWaC7XuK2VlZtJS12ExpgushgZk6+YCdkxmAn4BzPRJpgJAMCANVKrYRfrjpkMjNVHUt0aj92yN+u4+0xm+5NSOSSb+eCo7DRx9GOwMRJs9glmYhgn3bvnTxjlRoeOyZ7MJH121JznLlhPiPbCQ+r7tcTLcrRYW8zEmmeynBkRnhENRa1SJn6l4SZNfSZCT0x3sYk4rby38QtmonowE/APZqJNMBMAgEBvTL4sZy9lzC6KSq4xmutS1mqTvxrN73E0VzZRH811zRoAZpuPID++u5kUjBdHGnvldPer9gUb7MlMbpyJlu3Nm319udqNV436fq3vuZ3MpFrKZczVybxmUi04Zzabyc3sRHE5P1GYGb96pbiyEgnFrbrwjzlXK9c8k+Xi/JxF5Fpubq4xUb5xg9bATFQPZgL+wUy0CWYCAMeT4mRy4PVooDfcczHujJhKDssxV9Fc2TGTqbvl/j45Cis66Vq+16Z5bS5rDeLe8HB6zirMphJBUbk8VVuZkTcaGs+W7u5iJuWRF43G0sUT55vWEXasw2UmpfDpiGvol3s0Vz56Ti4RfOLUmf6UVTn3Qre1anCqKLtPpJk4l768sBA+bXTINbua7ivUZSHS3W9Ps6nt0mdisVzIWKO54uM5sTs6bE87sdbmmsi7x3gxmovsHMwE/IOZaBPMBABARfq6moZ+HQI8z4QcaDAT8A9mok0wEwAA2As8A54caDAT8A9mok0wEwAA2CNeq2iZSqVp7bFWwExUD2YC/sFMtAlmAgAAe6Rarbax50RcynuDFsBMVA9mAv7BTLQJZgIAABqAmaietpnJ/wpdW1hsfjIQ6A5mok0wEwAA0ADMRPW0zUzkAnnhMW8VtAYz0SaYCQAAaABmonraZib0mRxDMBNtgpkAAIAGYCaqp1UzmZtbCvTKJwpNZG56j+0D+yJOhqe9LeAIgploE8wEAAA0ADNRPa2ayYVgxNGJhcXltTv+1n1bz07OiIxFYnFz43bZ2wKOIJiJNsFMAABAAzAT1dOSmVhCcuny6GJxeWAobu16G+2HYmpkyluDowtmok0wEwAA0ADMRPX4MZO7dzc2NjZrdTNxj+MSdXG00XSfeMykpzecmSkkQtHhabsrpv/1eH5xNTYk7jsi96eT8dH4QCSTncwGgtcGXo9nJ2cyo4nA8Iw4GOsPj03O5G8V4iGzMbQbzESbYCYAAKABmInq2beZFOaKwkZ6+qLRkYlas5zcufOGqIvd0HDKe9reaDKTzUJPWApGrVYODFyfd+qykB20Omemkz1XC1btktAY2182Ar0J8TLQWgcOPBXMRJtgJgAAoAGYierZn5mslNeEeFy8lBgYlGO3+gdkX4ScsB4eq1aFD4RFXRwVG8H+mPfkPeA2k7UJe3iYmZHkkixmR6/1BO2i3J9OWnVBcrDhIXaPysqMbPl6vHzXOQLtBDPRJpgJAADsEZ4BTw4u+zOT1HjOUoJKZT2ZmrS2LTMZT0+LjYr55WYqV7DNYZ94zCQ+u7q2auVOdbNWK88EXkvMi907udBezET88CwVxuLxQJDRXAcCZqJNMBMAANgjXrdomUrF3/pJO4CZqJ79mUnwtdjgJTlQqmbKidtMwrFxt420bia1zUJgMOM6WJuOhafk9JZa2exOMUtPMROLYpKJ9QcCZqJNMBMAANgLbewtceO9jV8wE9WzPzOZvjkXMGeVJFNTzpAqq5K/tSA2RF1sO4f2i2cG/EZpRo7dCkZj2aWqLNwd6JO7s3cqmdDTzSQdsceDhUZnnUPQRjATbYKZAADsm82CM9m1VltMDITN7ypeBlL1byompdgZw+hM5UupoZe6gjmrWLk51NlpLLjbmSyET780lMqnhrpeSVvdCqc7DHHu0N93GSfOmy1C56Ipi/xOz7vu7DAMw2xZWzC6z5XL5cLEkHE6IvbTrxjG86Hm5iYT50Pb30odr1K0Ce9t/IKZqJ79mUmtPuXdyli66YGI7kPh2Lj7EGgJZqJNMBMAgP2zEeirf9uZSwd3/v9k5z1mUtsoLRRthTE6zqfNBU27O4zEq9vMZD11tsOwNk8aXRcmxWvVODkg9zcKAyfNQ3NDT7AIefTyedtMcn199bVUu4zuWtvMJH+jsb0YDkkyheVGbWVlNCbLE3mzuDwfDV/Z3sZ7G79gJqpn32YimLk5dzM/P79Q8h6o1URdHJ2ba/4hBE3BTLQJZgIA4IP467aNRPvCVv9JeeJadq60tlrqD8pDa6u5/tG5tdXVyk6L8QgzuVHfFp7g0YGFy6fq3R2mRZyO1BZC5+XCqCYT5yPFWm38nHOF7RjPD4lm9kXKiTNR+5ub0XG21g4zmUtfzdy+eWNlaXF2RuyOhkNWPRWxN9zEQ03FaCiSyjd2vbfxC2aievyYCYAFZqJNMBMAAD/MXw9NrludJ/nmI8XUSFG+5r19JnXSr3TZI7TsXa+ZuM3BthS3M1iWUi3dyJcKk4nQD06dvtx0gb4TZqeKYybijOgZQ3LS2m3dTJanR6OjKafPJBKKWxv5VGS2XnS4ciXhbBfzN64kJouNg5gJsYOZgH8wE22CmQAA+GIpEMrVNvPBUfu5axulfPA1+Ww3kSeaScXoOO3e324mhYvdxqkhazsX7JIWMTswNFc/nOvz+INhnGnafd48t2Emlc6O7txE6NzznS9FZfdO62ayYo7UuhKOjl6XJhJ2mYmrO8Rk4UY8u2htpiJyxFd+qem49zZ+wUxUD2YC/sFMtAlmAgDgj8He8FQkXH8e9GrgUtbamo49wUyqHi2p7WQmwj26jFPW5sBzhjldPneq3jEivMWePl/HaVyzrKOJ86LiTNBPvCy7U9piJtY8k+XMSN4coGWVZq6Fm5os3Qwnppoqpp9Exho9K97b+AUzUT2YCfgHM9EmmAkAgD+q2USgN+7sBnqjpdXV+VvZnv6oaSargf5rmcXVUtlusHD5tFybyyFvH3CbyciLhmUd5dgZa20u48URq90ZZ22uDtlDEnnxVGqyUJhMDH2/+/yEHBwmNeRF17MTnD6TXF/394fK5XIpn7K8SJrJc+esd3FjrnrjVXmqdYqz3lcqu1DLnHfuXms2k5tjUdn9MRyJjmbE7uL1qxP54vJy8cqw7DwZHTYnliznwz/MzJksr6zMZsbnFpaWFmZDoWi60LhU/fKtgpmoHswE/IOZaBPMBADAJ+szTj+JYCpmPrGgP75xM2maSS06KAd3xerTUELPN/VlGK+krbrbTM7Xl+QSnD7RaXR2lZz+jlK60zC6XriQMhf4KsTOiV3R4NSLfXb7DqO739Wb4ppncu6FbnnHzi7rXHe/yqnLCwvh00aHXLPLPKXO86HaQsR9wYZM2OywNpe1DJdtJtm4WTNHcK2sFKeS5uaVzGzTcC7n+i2CmagezAT8g5loE8wEAODoYLxsP9X6CMKTFsmBBjMB/2Am2gQzAQCAvVCtVr1W0Q68t/ELZqJ6MBPwD2aiTTATAADYI0JO2thzIi7lvUELYCaqBzMB/2Am2gQzAQAADcBMVA9mAv7BTLQJZgIAABqAmagezAT8g5loE8wEAAA0ADNRPZgJ+Acz0SaYCQAAaABmonowE/APZqJNMBMAANAAzET1YCbgH8xEm2AmAACgAZiJ6sFMwD+YiTbBTAAAQAMwE9WDmYB/MBNtgpkAAIAGYCaqBzMB/2Am2gQzAQAADcBMVA9mAv7BTLQJZgIAABqAmagezAT8g5loE8wEAAA0ADNRPZgJ+Acz0SaYCQBA+8gP94bl62ouevMAf7XadwEXmInqwUzAP5iJNsFMAAD2wlQkHOiV6b+czszf8R62ccxkKpRr56/WtflcT1De/dJorrh+gGaSu3zWEHR05srNByr5rk6j88TpC6mSVSj88Jxs2XmytGE3qRYSnYZx8sU+e38hdH7C3nQTet4wXkl7qy2DmagezAT8g5loE8wEAGAvCDMp2psb5ey1gdRS02Gbupm0leLYyEBy0V05iLtIyiMv/bBibZ4xDPcRo+OstVEZPTuyXKutp05eLFiVk0aX+DP1D0JKBuT+RqGrNyc3MBOyn2Am4B/MRJtgJgAAe8FlJpIe0w3KE/FLo/n51dXoQLi4WWuYyVJmeLqWvxoN9I3X20flS3mq5/L1teX5QHAkWZR9DYHBdPBSOjs5X16fGUxb/RTrgUvZRo/FdDJgnetC3KXn4vjaaqk/GO6J5GUpnx67tbi2unqpP1w190PJzEDfSHZyRl6w/9pG7W5lOR+4PCUPlqcGg+HpxdVMLGa9jTp5WypqtS7jpKteM37guMSC8eqNhcunnP30K0apVjtlGI6HGMZpsyFmQvYRzAT8g5loE8wEAGAveMxkwDSQULDed1HOhibXPWZSuzVuC4kwEKko69lhS2BqY5fCgeEZWe8N250UtY3AwHX5up6rK4qkmBoJ9MadXQtxl7x5HfNo0n1IVEz5yAd6RxK2deQHJ1ato9alxNsIDGbMQtl6Gw5dhlEoV0up86fDC+660XXB3loeEV5RuNjtHM4Fu8R2t3FqaM6udBmn5AtmQvYTzAT8g5loE8wEAGAv7Ggm1swTO7LvotlMarX50ZhUiPx4Yl4WB9ztTaNwe0ViQJ4rpMXs9LDZzUzsLdmjMiI37sz3vx61rmyZiWu8mewzqclRaAWrz2T723Do7uhMTyb6Xjx5qv+Gu27NIel64UK6lO++WMBMSNuDmYB/MBNtgpkAAOyFZjOpWMO0bCto4DUT2SkRyUf7zOJmftjpY6nTJAbrM6HJdWcAmM3q1GBvk6vUdjIT56zSmN1n4p4JEzTNxEG8jf7kDvNkFi6fsueO1Gpu93BTTZ4dKQsd6QvVDw88J2ek9AkduWyXjC5zEjxmQvYTzAT8g5loE8wEAGAvuMykMjs6MjAmv9mHgs5YLIvtZiKdod7pIUdzTTWf0NxlsRGIZPpHmya7i2J+JBpyTTyp7Wgmr9vf9ccube8zEUebbEeO5upv6iqxKIVP5+qzThLfNzyrc0kq6fMnDKlJGznPDPhcb9dTZ8DnivJUr5mUCzcm7fW+WgEzUT2YCfgHM9EmmAkAwF5wVg0eiGSmS3fr5Y3hIXMMVV90Sn6R38FMhAaYU1BsxiJx0T44lIhPy7kfnsFU8dfDO/hArTafSVt3v3Rdest2M5lNJcy3EVtbynrNpDjVH8tmJ2dEogPhWat4Z04uQxyMWm/Doe/FU9aqwRFz2eDzHYalGZEXZPlcNFeuq0tp/IK5anBXyenQKaWtEV/27kJINjCRIrJ+o/PvEzXLTOoIdbnxapfR+VL9Ev7BTFRPG8xko1JxL+gAxwfMRJtgJgAAR4fGlPr2IdSoMRjs1vhOw7h2pds4OeQM8DraYCaqp1UzSQyF+0OJ/mA4UWjumIRjAGaiTTATAICjQPVO+XZ6t8ektERxbCQ6KRcUXltdDB6A+RwRMBPV04KZbN4J9IZn6z4yOxoPDJnr3MGxATPRJpgJAABoAGaievyayZ3Z2MXwpVR9ZTiTS/3h2M077groDWaiTTATAADQAMxE9fgxk6lYLBjKzjvzvlzMpxOBgeTUyv4nnhQzgdfi0VQum77eM9D+VeT0pjLdvLbgYYGZaBPMBAAANAAzUT1+zGStcjfQmzTXfPAiV9O7W1mr7ttMkoNNjy6yqD+aFJ5OzHww0yGDmWgTzAQAADQAM1E9fsykZi5vt6uZeGt7IhMKy8ejOqzORgfth5hahUohKxe26x9ZqzcL9I3LLpre8OCEXOpuKi4X4BuIzTQW8TtWVArB+GEvnIGZaBPMBAAANAAzUT2tmom1MLbMTbmOhG8zqdU2+oPSQ2KZ+XplyekzifaFAyHzeT21Wk/dVURj50FF5Yl4omh21OTHnQbHjkrhkHtOMBNtgpkAAIAGYCaqp1Uzkc8Jej0mYllEC2ZSq91dvZ25LuUkbwlHw0yEbAxP2yPEkoPhNXPD6U4RpC/bxcbjjY4jG2vZa+ni4fUZYSbaBDMBAAANwExUT+tmYj+1tA1mUidoq0XDTAK9I84jgcQt8vWiXarVYn1hc4luO079OLHR059IHu5TZTATbYKZAACABmAmqucomkmgN2q+rgcu2mYS6w8HLtsTW1yjuRpmUp6ID08f6pfyI4bUEm/t4MFMtAlmAgAAGoCZqJ6jYibDwWgyI+erxEMjPcMzVlEoyvzqYlWuipsMBsNjk4VM6pq7I6Vx/uZSoDecmZzJpNKXhiyxOUas5a4dcm+JBWaiTTATAADQAMxE9fg2Ezlbfcf4MxNQEcxEm2AmAACgAZiJ6vFpJgA1zESjYCYAAKABmInqwUzAP5iJNsFMAABAAzAT1YOZgH8wE22CmQAAgAZgJqoHMwH/YCbaBDMBgKOM+IghxyTef/t9gpmoHswE/IOZaBPMBAAANAAzUT2YCfgHM9EmmAkAAGgAZqJ6MBPwD2aiTTATAADQAMxE9WAm4B/MRJtgJgAAoAGYierBTMA/mIk2wUwAAEADMBPVg5mAfzATbYKZAACABmAmqgczAf9gJtoEMwEAAA3ATFQPZgL+wUy0CWYCAAAagJmoHswE/IOZaBPMBAAANAAzUT2YCfgHM9EmmAkAAGgAZqJ6MBPwD2aiTTATAADQAMxE9WAm4B/MRJtgJgAAoAGYierBTMA/mIk2wUwAAEADMBPVg5mAfzATbYKZAACABmAmqgczAf9gJtoEMwEAAA3ATFQPZgL+wUy0CWYCAAAO1Wq1XC6vHApra7L66cwAABkSSURBVGve27cAZqJ6MBPwD2aiTTATAABw8NrDAVOpVLzvwC+YierBTMA/mIk2wUwAAMBibW3Nqw4Hj/dN+AUzUT2YCfgHM9EmmAkAHGUCveHtmfK28k0+0Jv01mppYzvPh6xjuWhfZ4csdD13ulRtOi3yg9PyQEdnorBrP0C1mOrqNIzOrhulpnopNXT2hW5xdvcLZ5uvWhV1eceOzqFU45yFy6dOXV5wNdsBcbWntvHglYZDwfsm/IKZqB7MBPyDmWgTzAQAjjLB12NWeoLhQF/U2s57W/lmRzO50f1ctzuOmSzEXjKdRBY7pUacb5w0F5IFceiEONLVqLuoTJzvElZyorv7e8I0TvZNOgJTsZTmwoUL8uRX0s4p6Ve6RF3oytkXxKmGcwJmsh3MRPVgJuAfzESbYCYAoARTkfBAaslb3YVyOp7cU9sdzaSZ9ZTRcTZl/5ps6s84YxjpDXvbrQ3l2BnjH1L1vQaizcmLBWs7F5SmYW0nXjbOTzQ1q29WXdu16uhZ4we2tByemWTjoVC8qbJciA6HBNHRTFPdxfjVK/GstyhZnAyFIp6a9034BTNRPZgJ+Acz0SaYCQAowY5mUprJyL6U3nBwKFF3hPXbE8nt476mU0nZMhgNXozXW9b2YiYXuozIsrdo4TKTG4Zx1nWktEO3STFiPDdge4nkxvkOY6Rsbr1qnB1tOI/bRtzb5eiZrmDO2j4UM1kW+pFKRIWDpEavJiaXZUmKSkhurazkU5F41tp0syga3Lwe39FMroTCmAnZLZgJ+Acz0SaYCQAowQ5mslkW7tHzmhzfJTcuWxqyOj2aHOgLD4ST0Vhy3m66KO3lYnzgtajYcF3n6WYivt83T/xwkEOw7EPCOrr63MfcRmGTOW+8aJmIxULoeaPPEo1cn3HibMKaRVJKGB2nnUZdhmHXa7WzJ4xIXTQOw0wWM6HouKfPZC4tROWKvZONR9NzzqE6y1fHb4pDO5jJwsSVxBRmQnYLZgL+wUy0CWYCAEqw3UwuBcNjrm/6YjdRF5HkYHj30VylQO9IfftpZjJ5wTgTaapMnDdMOk+erTqdLwshZ4q8xQ5mIk50TSCpyTkkjUFcpfELp+TMFaPzzJC7jcCqC3JurTkEM1nJha5c3Taaazmfily5mizeFo5xZXuPic02MxFnWU6CmZDdgpmAfzATbYKZAIASbDeTQG/Y3ZuRvxp1GjzRTGp7N5PIGeNssrnLJNvnTIs/+XLdRlo2k9D3zYW5vifdpGnJr3LO9BU5KeXUhcbclUMxk5UroVA4LP4YaS4vR+Q0k1Bmdqm57mKbmUgvGcuvYCZk92Am4B/MRJtgJgCgBDuaiXu3Np0MROxVuzxmUsmn5SCuUDI6ms1OZvdsJk0T0LeTeNk4EzM7MlobzTVwUiiKM39e3tSejrJRcM9XKVw6bZy0e1QOx0wkss8kLCec5M0Okvy4cIzcvNhejoZC49I1dqLZTCZ/eCWzYG9jJmS3tGQmnpXFk6lJbwvQGsxEm2AmAKAEO5rJHvtMmlvO79FMcr1dzlJaOyL0oN4NUm2a8r6eaJ4QbyE040xjMv3sQHfdQDwa0+hL2dbN4rQ8XDOJCyOxxnQlrgizSNWP5cX2zm7SbCZmF0sT7qPeN+EXzET1+DSTSmX94qWE+CHPTs6K3eJSeSR+XexW+HJznMBMtAlmAgBKsN1MQsEm/fDMM0kUG4eaelfm0nsyk0ribMeuq3JZRM7U+0xMDfC9arDYcPWl1IZOGgPyG5bZzdI0y0W4Tbe1tZuZVJfzjoPtYibVQmWXKf0eM1kqyj8tM1mYCMXSYm9Urq21bzOJ/zDuJBS6Iv5M32wc9b4Jv2AmqsenmYgf74nMTW91e6cqaA1mok0wEwBQgu1mIuwh4FqbKzCUdQ5Ub8qFg4cj8THzDCEqgWA0GolbzfZiJvKZiMZJb1HUjM7G4xe7X2ocm4vIgv2kxcYDSRIvG911G6lMnO/uqD9p0ehqjOAyzzU6uy5cuCCfEH+i0d9y2nxg/KkXz5178ZThWqdLdtd8r+lxkLJqzc5/9YbVRm672rwUkyenX5Fl+yrbaOiC4Lb4T37F6uK4mpywiws34sOhSDyVyYyL+o3GGK1Qk6Jsm2fiwGguslv8mMnAUHyxuPP/hkRdHK1W73oPPJViJvBaPJrKZdPXewaaei3hqVSmx72lQwEz0SaYCQDAQVGMnHYmjaiAxxkk3rW52o/3TfgFM1E9fszE6hgpFleGw2NOcSJz0+pFEUdvz7l6T/dGJhSecnpAD55yOu4tKU2lEIw/g196mIk2wUwAAA6K8XNP6KA4gpTLZa83HDzeN+EXzET1+DQTa1aJe+yWsBSnHgrvMLDyyQgzyW96anlneY3h+hORhnuj8xnzqa7B6KxlMtPJQN94xuycHU7POSePmZX+4czsHWul8XzsVm1jMSuKa/PyT8/7V55nISfiVwlmokcwEwAAsKhWq15vOHi8b8IvmInq8WMmY+lpy0O2m8n2+p7Z6A/KE2OZ+sy1nc2kITA91l2mpajYJ4xErcct5a9GM5a3bBZi/WGrFuiNDk/b/TLDft7hkadSiA08s78XZqJ0MBMAAHAQcnJoPSdra2ve27cAZqJ6/JiJIDd9e0cz2V7fB3dXb2dkl0ssb/nDzmbiNI+/Hpb/W5ZmErVLc+nBiVXxGutrNCumRtKylg8MzzjrUOhpJrWNtey1dHH/k3zaAWaidDATAADQAMxE9fg0k5r06Q3P8lz5W3JZOv9mUidon/4UM5kKh+V0Fmkm9eU1NmesZoPuNzCdjN0SL3n3ah46mslGT38iWTjEyTrNYCZKBzMBAAANwExUj38z2Y3WzeTSNjMZ2MlMXH0m9eIT+0z0NpO1XPIZakkNM1E8mAkAAGgAZqJ6WjWTubklIQZD/2vUqYjd3v768Ko9MxyMJjMz2cmZeGikZ3jGKopLZWcKY7GRYLBhJoGBa/lbhUzqWqDfXCpXmkmsP5zJ38o1FKWSD/TH83PzoYFwIGj1qDSZSXY4HM3Ml5adOS1qs5a79my1pIaZKB7MBAAANAAzUT2tmokz5d2d6Ztz3nZtYoe+DvdoLnh2YCZKBzMBAAANwExUT6tmMpG56XaS3v7owuKyt1H7wEyOLJiJ0sFMAABAAzAT1dOqmRwymMmRBTNROpgJAABoAGaiehQzEziyYCZKBzMBAAANwExUD2YC7QEzUTqYCQAAaABmonowE2gPmInSwUwAAEADMBPVg5lAe8BMlA5mAgAAGoCZqB7MBNoDZqJ0MBMAANAAzET1YCbQHjATpYOZAADAHllpN5VK254WjZmoHswE2gNmonQwEwAA2AvVatUrFu3Aexu/YCaqBzOB9oCZKB3MBAB0Iz8emjzsX2vOg6d7LsbXNr1Hn4rh5vmQqFSL6e7vGUZHZ6pYtRuVb3R2GJ3Pn4vc9PYznHuhyzA60yV7t1pMdYr9E6cvpOxS6sJpeeXOrpJ5sfQr9l28TJwPLXhrDuVy2WsV7cB7G79gJqoHM4H2gJkoHcwEALRifSYUDPf0xr319pEJhQORvKfofvRzqD9c3L+c2BSGLkzK1+q6LSQXuoyuYE5sGB1nzUIl8bJRrjcXDVP/YBQ25NbASaOr12z5XJ91LNfbVZAvfX037dZdRnfNr5l4lWIlf8PZXC5cCUmS2XlXA8HSlVDEvb+cT0VSeXfFexu/YCaqBzOB9oCZKB3MBAB0opyOB4LXon1ha7eYGgkMZjORkUAwWt6sTcVGeoS3DI077WOXY4He8HB6ztod7nWd2Ju0KqXJ8YH+sLjC/N1abXXG6R5xLlJrNpPqdNLqtAkMZopWaSkzPG0fte44VvD2e1jYLuEi9LxhvJKu1Urmnybj50YaanLjfIdhbS1cOmV0SSdxrGPh8qkbtSbfOGXIxu0wk8Ww6SJXhqNiZypxZaa4LDwkEgq7G03Er1wdbjKTVDSMmZAdg5lAe8BMlA5mAgA60d8bllZwazyal/0IpmDYChEI1l0iP56QxrCeHQ7fNjs3KrlriXm5saOZ5OsdIFYlOfiUPhNhEcJJZNFrJvKOVnfK2KVwYHimcUYdo+uCe7dSSBl/15cTv6TXE+ccnyqPnJ+ob88OdBun7O1cX5e5HTpt9E2UQn/fZXSft44YRmdpvZy7/NL5CWlErZtJPhVZdvWZpGMha2M0fKVes4m7+kyK2fjM8gpmQnYMZgLtATNROpgJAOjD+kzPVbvLIdCbqLkEw6zU5cHyhKXMQKPfY8mSjR3NpN7GvsIezGRpZzMx7+h0uThvzKEcPTOy7Notl3OpiNHRLXViP2Yy9EJnXyp36nuG0f2SeaDS2dGdmwide77zpaj879O6mQhGY+Er4ejo9Vlr1xrNVVhubtRkJouRMekkmAnZMZgJtAfMROlgJgCgDdVswvW9XxrFszGTzXwgNiuLO5nJ2upqPd4BXX0n7HFZbtI/6DLHaKVPXa5Lw0LovBQfe9saoCWZOG8Yp4WHGKdN69gop1/pSq3XKqNnQ/ZotVpX20ZzCfLJidHocEjISH4smsrNLeZvhIbjnkaOmRTS0UVzAzMhOwYzgfaAmSgdzAQAtKHfZRHldDwx/0Qzqa1PRaL2aK5swhrNFa2P+IoP2H0aO5tJ2DsQy20mA8GwJSSB19Oz5vVvj8ac0VxTXh9xKBgvujtebBIvG/bskZ1nwJtTU5pmwN84E60fv9nXl6vdeLXRvu+5ncykWsplzL4mr5lUC647uXXiZnaiuJyfKMyMX71SFLIRsoUkn4rMuds1zGS5OD9nEbmWm5trTJRv3KA1MBPVg5lAe8BMlA5mAgCasFnoH110FwLBa080E0lyuGkGfG2z3BMMB/pilVvjPbuYSa0yZ53l1M1DZkdNMBocSpqaICnn7Knzs5WCc8exSFy0DA4l4tOr9Yay7ciLRmPu+3Iu9AN7nd/EbF0OKnm5avDfnQ3lZKUUPh2pD/26YK4a7KwvnI+ek6eeOHWmP2VVzr3QbV3NaiPNpM6pywsL4dNGh1yzy+x1qSPUZSHS3S8X+7JwXKJOY57JciFjjeaKj+fE7uiwPe1kpXmeiQV9JmTHYCbQHjATpYOZAACoSOJlo/6gk0Ni2/NMXKsGt4D3Nn7BTFQPZgLtATNROpgJAADsBZ4BTw40mAm0B8xE6WAmAACwR7xW0TKVyq7TbvYLZqJ6MBNoD5iJ0sFMAABAAzAT1YOZQHvATJQOZgIAABqAmagezATaA2aidDATAADQAMxE9WAm0B4wE6WDmQAAgAZgJqoHM4H2gJkoHcwEAAA0ADNRPZgJtAfMROlgJgAAoAGYierBTKA9YCZKBzMBAAANwExUD2YC7QEzUTqYCQAAaABmonowE2gPmInSwUwAAEADMBPVg5lAe8BMlA5mAgAAGoCZqB7MBNoDZqJ0MBMAANAAzET1tNdMNvqD4dAk32+OI5iJ0sFMAABAAzAT1dM2M5keTQSC0Y1afiC15D22F5Yygd7wYLrsrvX3hoen3YVdCfQmvaXdifWH17w1aBXMROlgJgAAoAGYiepp3Uzu3p7Jxi7HhFfM3tmotWAmPX3hwKWsuxYIHoiZJC6Gq96a2lSmx72lQwczUTqYCQAAaABmonp8mElBSIgr8dId9xeafDCSnV3ZcFX2xlJmODsTCoadQnXy2lg+0y4zyY9Ei96aVsQGGv/pngmYidLBTAAAQAMwE9Xjw0zyzWbiUQLzaH+6ubgHlkwJuTUezZtWU84O9oZr00nLTISl9Awmby+XQq+Fp8yvT8XUSDISjadn8qty13obw/3h+bvm1Sr5wGuJ/K3ZYDDcE8nXNtfjF8Ozq6trq7J1ctD6Er8kNnqCI9nJmehAODFv1jYLgcFx0Wx+MtkTyZklZRByEowXvNXDAjNROpgJAABoAGaienyYyYH1mUgJWQwIkRBiko4H+sYdM2mQH4/elK/CTAKDGacszeTOTGDQNqL8SHSqIjfkdXpjNdNGnD4Tt5kkiuZbreSCo1JNqtmErShyLNlT+mGOHJXCM+w5wUyUDmYCAAAagJmoHh9mIhHf6S0zKd29e3syE23HPBNLQmRXiZz7HpOG4JjJnbmxeKInKO9oVYSZTDVOFmYi34CzO9jkTrK+m5nUa0uWEa1NxJP1ty/VSCnWcsme/oS3elhgJkoHMwEAAA3ATFSPTzMZrneYOBVrba5Ky2Yydilcrm0EBq7Lrou6mfQLJ7k4XlpdXZu7vouZhGdTI0mrA8Q0kzVz7JaV2p7NpLY+GxhMb2yul2+lB8Z8/UWeGRtCS5IFs6voWYCZKB3MBAAANAAzUT0+zSRxsdEd4aKF55nUzaS2PtN/MTZmrR5sm0kpcDFjeUV+JLqLmciRV6G+sPXFXDRzLMUiE9qbmdTWe8Iz9aJCSC3x1g4XzETpvLF+FzMBAADVEZ9l4hNt+8ccUSU+zaR2a7zHNJMpOYKrHThmUqv1OMJT7zOZHo0Hg+FAMFq6O/8EMxFf0AO9sficfEvZeFy8vZ7XRgbj5kT2zbI1GKz0FDPZcMaA9QypM5qrsuitHDqYidIRv8crlermpvefFQAAQBXEp5j4LMNMlI5fM6nNxfrNb/AD171HVKY4kRhO5bKTMyKDr4XzfFHbM5iJ0rHMZGOD/8UDAICqiE8xzET1+DYTPbEW8rIoJkcyDG/ZM5iJ0pFm8kZV/EL3/rsCAAAogvgUE59lmInSwUyauTMX7DP7gvqiY7N3vEdhdzAT1SN+lb+xLuWEnhMAAFCLem8JWqJ8MBNoD5iJ6jHNxO45uVNZJ4QQQlSJ01uCmagezATaA2aiR6xf63b/yRuEEELIkY7rYwsn0SGYCbQHzIQQQgghhLQSzATaA2ZCCCGEEEJaCWYC7QEzIYQQQgghrQQzgfaAmRBCCCGEkFaCmUB7wEwIIYQQQkgrwUygPWAmhBBCCCGklWAm0B4wE0IIIYQQ0kowE2gPmAkhhBBCCGklmAm0B8yEEEIIIYS0EswE2gNmQgghhBBCWglmAu0BMyGEEEIIIa0EM4H2gJkQQgghhJBWgplAe8BMCCGEEEJIK8FMoD1gJoQQQgghpJVgJtAeMBNCCCGEENJKMBNoD5gJIYQQQghpJZgJtAfMhBBCCCGEtBLMBNoDZkIIIYQQQloJZgLtATMhhBBCCCGtBDOB9oCZ6JE31u/WU628QQghhBzpuD627m7/UCPKBTOB9oCZaBDrN7v9675CCCGEHPk0K8r2jzaiVjATaA+Yieqx+0kq1Y2NTe+/LgAAwBFGfHKJzy/xKYacqB7MBNoDZqJ07K6SStX77woAAKAIVhcKcqJ0MBNoD5iJ0rHMZL161/vvCgAAoAjiUwwzUT2YCbQHzETpSDOpVDcZxgUAAMoiPsXMMV2YicLBTKA9YCZKR/wev1NZ9/6jAgAAKIX4LMNMlA5mAu0BM1E6b6xXMRMAAFAd00yq2z/miCrxYybF1EigN2wlWbSL/UG7MpBaamoNxwPMROlU3sBMAABAecRnmZw2ue1jjqiS1swkGHWKlekkZnKcwUyUDmYCAAAagJmontbMpLdhJmu5dpjJ/HX3NUEhMBOlg5kAAIAGYCaqx4+ZlMZGotOVWm2jx5aTDUtLhnN3KtPJgbGS94Q9slmI9oXXJuJZviApCGaidDATAADQAMxE9fgxk9qm/Q3GEpJQ7FpdUSRVvwuPVievBXrjtfWZwYlVuzSdzNfu9veF7cpmWWwH+qKl+kMX5jPXe8z5LYOjs3YJnhGYidLBTAAAQAMwE9Xjy0xczI/aI7s2vEf2zaCQnEn53ainN2aXppOB/qTTINA7Ym301Fs6jF0K++2pgfaAmSgdzAQAADQAM1E9vszkQPpMFutzV2Ty1kWmk8nGpJWCu0Egkhel0uT1YL9dqS8SBs8GzETpYCYAAKABmInq8WMmBzLPJD8+PD6TnTQzfm142uyD8ZjJcG5tddVO5W6tVg4Eo/lFuZsJYybPGMxE6WAmAACgAZiJ6vFjJgexNlcoGHbvBnrjY2WPmdS8y3bdTIZy9iCywSBm8ozBTJQOZgIAABqAmaielsykWUI2diruFTn33cVgb3gwXfaYSXIo3B/JZCdnLg1Fo9O12no+0J9YW56fTo/3D0Qxk2cLZqJ0MBMAANAAzET1tGQmAZ4BD3UwE6WDmQAAgAZgJqrHj5kAbAczUTqYCQAAaABmonowE2gPmInSwUwAAEADMBPVg5lAe8BMlA5mAgAAGoCZqB7MBNoDZqJ0MBMAANAAzET1YCbQHjATpYOZAACABmAmqgczgfaAmSgdzAQAADQAM1E9mAm0B8xE6WAmAACgAZiJ6sFMoD1gJkoHMwEAAA3ATFQPZgLtATNROpgJAABoAGaiejATaA+YidLBTAAAQAMwE9WDmUB7wEyUzlEwk/QrRmjBWzwqbJTyJfm6cPmUYRjeowAAcDTATFQPZgLtATNROu01k+4Ow+jo7H6uu1NsGMbQzYq3xU600UzETS+YnH2hW2x3fz/ibdFMX5dxfsJbbGIh0n3hhnzFTAAAjjCYier5//u8j0GSel/6AAAAAElFTkSuQmCC" alt="Screenshot" width="100%" ></p>
<p><img src="data:image/png;base64,iVBORw0KGgoAAAANSUhEUgAABDMAAAIGCAIAAADGMlPIAABbwElEQVR4Xuzdi1sc5333//4Hva6kSZumcRI7adomPaVp06a/Pk8fnMROWjtR49iJUyc+HxLbSZykSdocnNpONjF4I6EYWUiWZclizVoYGxtLgEEIGQwGCWFhJHRCgBDitCwsCyy77O87c+8OwwwgGG4wh/fnelmevWd2ll0Gdj7MDPze5U+cBgAAALD2bZF/T33wiTPpkVMzLWB3ZoZlFsz+iKbUo0wbvOPlrt9z3RMAAADAWrSCm8l3Si78XpIQHenqG3EOEUIIIYSQlZTJyWRiMhmfTI7HJyOxxOBYYmA03jMSvxCZ6Bya6BiaaB+aaAvHzgzGToXGT4ZionVg/ET/+HFTS9pbfXOxFmtJ31HWcHLAWJus9nQodjYcaxuMtYdjHUOx88MT3ZGJ3mj8eFeEZkL0hGZCCCGEELLyk5icjE9OTiSSoxOTw+OJofFEaCzRG524OBKXhiAVpWt4QtpCh1FUYqqrnAsbdeXsoClskOoyN7WYLC93FLKGdrP5KLL+LrOQyINKL+qLxuVjONk9QjMhekIzIYQQQtZ8JsnqTyIxmTCaSWI8nhibSIxOJEZiieHxuBgyJMJj8cGxeGh0YiA6MTAaN5gT/dGJ/qj8K0ViYj7MheVf476hUaN7yL+DYwlZeXjMaETDMaMaRWKJkYnJ0fjkuV6OmRBNoZkQQgghay/OvVqyJiLlJJ5ITCQmpZyMx41/pZ9EY/FoLBE1i0pkPB4x60rEbCyp3jJmShWYVI2ZiW2Bsam7q1XJaiPGo0xGzTYyOjE5Jh9AYjKWmDzXQzMhmkIzIYQQQtZSzP3XRDwenzATI2su4+Ox8VhsbHx8bDw2Oj4+avwbi46Nm2QiNjI2nhazqFnzZLujsZ7oeGwsFhfjE/FYPBE3r3iJm2eXJSaTnRwzIbpCMyGEEELWTFQtkUIyNjY2MjISiUSGyZrO0NBMhi8tPDRk517AbjgSiY5KxmKxiXhcNjHZ0IyL8lVkZ5JmQvSEZkIIIYSsmaijJbFYTGpJOBwOhUIDAwP9ZN2nr2/BrMgmJBuSlBfZqGTTkg3M6CW20EyIttBMCCGEkLUR2V+0asllVd8EtFPlRF30Ym14NBOiLTQTQgghZG1EdhYnJibGx8fD4bB7nxJYPNm0ZANLnc6VDs2EaAvNhBBCCFkbsZpJKBRy71MCiyeblrZmMh5Pdg7FW/om3uo19Vnihn6bAcOJkPHrip1rIWsrNBNCCCFkbUR2FmOx2NjY2MDAgHufElg82bRkA3NcauKlmUTGJz+4qfvy7IuXb754+e8uXv54z+VbRO/lT/RevrXv8m2GD+d23VQyfHPJ0Iee6rliV+iKXYNXPDNY1jnhXBdZQ6GZEEIIIWsjVjPp7+9371MCiyeblp5msun14bmbyUdyu657WR5tciSWuHrvRauZXLEn7FyXpnz3+//1la99XThnaI16iKV+lNUbmgkhhBCyNkIzwVLT1kw++NsLczSTP8vtLO+MhcfVlfaT/WPxK3YNWM1kYGxJzun6f5+5+oMf/nPhnKE16iGW+lFWbxbfTIIFpXaVbWq4wzE+OP1eS5fgd++4L9jlHCWEEELWemgmWGrL1ExuLR2QWhJPGI8h/4XHE1c8PdVMluhqE5rJSsjim4kvK+B/fG/KpkBeoxpu9vmD6fFgpj/QOf1ec6QmmHP99Xds+NIdDzy8p/REr3P2pUIzIYQQsj5DM8FSW45mcltpv1QR9QDyTyw++eSJcfvZXBGaydqNjmZSOHWjsXSqmeQ3p0e7SnLn1Uxq/N/e8KVvh+JTI7EL5Rtu/tXU7XmEZkIIIWR9hmaCpbbkzeTaYHf3iHkOl5l4YvKF0+Mftl0BTzNZ21lBzaSv5O6nTzsHJefyf1S0gCMnNBNCCCHrMzQTLLUlbyb3Vo6ExqaayVhs8gvPnb/i6RDNZJ1k5TSTM898/+Coc9DMyIZ79qQmO5+vSSabglkbvmSc7pUajId/dP+3r5eRr3374IWYo5mUbn/ovpu/ueFL39xaZasr6fXc/bWp9QQzf3aLseQdt9z/0PG+2NTChBBCyGoIzQSe/ebsCzNOOyx9Mzk4enZo0vh7KeZi4fHEPz3dSTNZP9HRTPbW1jelvFw01Ux2VKbH6/Iev3Qz+bXVNFz5kTWr8/nH/D+2n+4lz2DDzZusG7Gz+XffOdVMHrj+jqmFzz3/QGG6nLjW87uvT3/0aQ9BCCGErILQTFajd+y77T2uwTm8r+L2d+y75Q8PTBt8175b311xz7QlK+94V7kx8c79d7zXtRK3f37jp7e9tUUm5F+Zdi+gLFUz+fsnzn5u5+m/2XLur7d1PNWS6IqY5cR8jP7R+D/uPj93M/mvH/+P2t1/o77B2vUXv858TL4krMU++7l/t88VG667wZrrbiaX/+lfqJF/+NS/tLWd+8u//Xt184Ybb/rwn/+ltZJPX/Vv1l3kY37q6d2OR/nZgw9ZC1iD6qa8lPYl5aa15PrM4puJrtw3ezN5zNZM7n5m2hlfNf47Qvbb5npSzSRU4jgNbOohXOt57PpZH50QQghZFaGZrEYLbSayvHtwBulmMn/fPbHzJ6cC8q97lmVJmsmfbW7f2TxW1TG+rXH4L3K7v3lg+PWLk6MTqSMn8khZDcPzbCYf/eu/c7SC6274mlrmN5l+xywlZ8tWtYCjmex9vtBaRmqJjFjNxP0oT+RuV/eS0uKYpRw+kvrRvTWibt56x93WyM23sTO6+prJY29Mm/XM/c57ScdINZPqTc8Y29FUtloHRlzr6Qj+7GfBpulHYwghhJDVFJrJarRymsk/v/HTh87sneOAyWVL1Ex+e2Q8GjOOkMg667rGP7rt4j0Hhl7vnjwfmTQPnEwavzXY9vdM5mgm4pbb7vzVrx+1twJZoLrmdfuIw9GmN5PTm4l1tEScOp36YbbVTMTffuIfH/zfh+0rcXwYbhMTxl+vt9+015Ibb7rZejrrOSunmcxxNtcDtmYSnH5a2FRpSce6zqQj+GN1OYpdaiHXeozEYx2vPy/LPPM6F9ATQghZfaGZLKf3Vd4t/qT8tneVG6dR/UHpHe85cPd7y297Z9ldxs19t7677LZ3v3rneyu/+Z7SW95Rcsc7ZYGKuy+ruvvdZTJ49x+V3qrOyEo1kwOywJ3uR7ms4vY/qrjrvRW3v6NE5t4jjyjLy78yS1b7h/tv/aPyO99nPNwtqofIhHwY7ym77Z37blUj75h+NtefvCofofOB/sD8mNUBE/nXMdduSZrJ1uZ4/6jZS8yNuK57/KNPGuXkyZb4mfBkaGzyudOxeR4zeSbvWTUi67F2+js6O+0NwbqXNfKhP/uY3Mz4zOfsiylvtRy3lreaifQWNdLaetK+Wmv6o3/1ceteX/zS9WpQeoh9GbtodOZLrddhFt9MdF1nIkViPlfAOxrF1GEQ24hqJrHyrBrHPCuu9UxLqGrDr6qcg4QQQsjKDs1k+bmPYEgTuMxsCH9QZvSHy8wK4V5MKopawGgmB+5Q95qDtQZrQlZrHWxJN5M735l+0MsO3D5jMzHdZbWg95bd+o79t8vE1Q2PfKXptzIh/8r09OWnLEkz+f6B0eOhyYn0hSVj8cm79vX9w+4Lt5UPvXwu8Xr35O1l4Xk2k3Pn2q1Ba7+/vaPDmv6Xf/20tcDH/+FT1njSdszE8lcf/wdr4aStmfzbtRusQfsarOlf+n5jLWAdrvmHT/2LfRmL/VoXoqOZ6PndXMlI+ay/Nfjl9OUirkZR+vAdjt+i9SPrOpPO53ecmj7Pims9jmz40tRV9YQQQsiqCM1kuVXcrg6YiD8sve2d+299x75brGZinUxlNBNb8XjX/lvfKYulq8s79hk3313hWrly8K7UamdqJlblSD2c/Qyu9PRMzeSbf7j/ltTa9t/+noPGhP1QyRyHTZakmXwou/1XtbHTg5PDxjldxlwpJze+2HPF9t4/29b+59su/bu5fvDD/1Z7+b29fdagtet/rr3dmv7yV1KXnUikYFjjyZmayUf/+u+shSXW5SX2ldjXYE0/+dTT1gJSltSgOjLjeAjxhf/4srUwWUHNRP2lxeu/bW8asQtVG27OmrrtbhTx0xu+9/zUzXPP333PtN/NNa23WJeRuNYTs19hEj+34eclttuEEELIKojnZvJPdT/55dnne2Lh8cREbHJiNBGT6YfOPHd51X3uhaG8p/RWqyT8Ucktf5Ien7uZyHh6DXdOHTOp+ua799/yPtdD/LHxEMYBDbWYY2KGZiLrfNU6ZjJXM7nMLCfqaMmCLEkzuXxz9/99qr/6wuTF9N9YlH93HBv5+JPtV+wYuOKpAY3N5M//8m+tBaQqWONJWzP52N98whpvaDhsLT//ZnLTzbdZC2zd9qQa/Ozn/t2+jN3w8LC1/DrPimomyeTI8Wd+tuFrPyutqjpYVfXQd42/LtJg/91brkYh+fVtd2wtajh+Idx9ouGWr3z7zNPft5pJpHHn9fdnPVNUFQqFD1a9fP316SMhrvVs+Mr3X6iqajobPv5G1X1fu6P04rS5hBBCyMqPt2byservHRtuH084/5DXWCL2rZbt76/6lvsuEOaFHOkDJlO94s75NpOK2+3NRIrEVKlIM++oyoNxeYkanLOZ3G090HvLZr7OxOYudbRkQZammfzu4od+1/VGd3xofKqZHOgcv+qZs7qayU9+9qB1828/8Y/79pd89K8+bo38dtPmpO06E5n+m0980pprlZNLNpNPfur/WDev/rcvvPBi0S233WmNtBw3LlmxL79z19TvF/7s56+x1rmes8KaCSGEEEI8xkMz+chr35mYTDhXZEvhxTrKyQzKbzPPsDIZ12zcrU7Qend5qhvM1kwuq7xT3es9ld+c1kzMeuOqEPf8cZnxQO8qu+sP5tVMvvm+ijtk+XeW3PHHB++6VDPxYkmayRXZXSXnxifMv2CSNLfj8PjkV1/qvWLbRV3NJGnrFQ5/98l/Vss7fmvw6TNnrGVqXq+1r2G2ZmK/6fCf37h1xuXzns23RignSR3NZOryd9OpfjU84Bgfm34vQgghhOjNQpvJ5VX3jboOlbhzb8uTl1fd67471qElaSb/b3f3xaj6/cDGSuOJyarzEx/e1n35k/0am0lb2zlHW1C6L6ZOlHH/pcW//6f/T4185KN/XXXotfk0k+JX9v/tJ/7R8RAf+rOPqV8Z7F4+Of03FA8MDFjj6zOLbyaEEEIIWQlZaDP5p7qfTCad+3hWjkfOq3lHh9pkSffdtegeH3QPevaVpo2B7tfc45fUOnLBPbgUvn7sd/Kaj8THHePyYcsH/8y5V08NXLCOxrjv/rZbkmaS15oYnUitb0JqSVfsw1u7L9/eP/9msqDUvF77u5wn6t6od87QmooDlVu2bit6udg5g8wZmgkhhBCyNrKgZvKR175TM9jqXIWZ+GSipL/p/VXfOjlyQW7KnrQs6V7D3MIT0Y6xvu8cf6o2fOq57tfdCyjL0EyuOfLrjeeK3QvbLVszuTAecg9elm4m8q/eF0S7JWkmvvqJs+FELD45PjFZ2RH70BM9l2/rm6OZDC2umZCVHJoJIYQQsjayoGZy51tPzHYq1w9ad3+w6t6M+v+19v9G4zH3GubwvRNPB7qrrZuhWOQyszZsP18uPUemjw61TUzGZS/c2hGXCWlEt7+15TJzN12WjCUmrDUMx8fUxKHQcbXAq/3Gn+0enBixHmIsEZMWpJpJ+2ifrD9i3ksm1LOQafUByGJfbHxUbp6JdsuDyr/2ZiJtSgaj8dhVDY/I46oVqse11nB2tEemr2/yy8rlcWX6YOgtmZA+9hevfffK+ofGzNf23GjvZeZTk7sMTYxKQVIHqWSd1jNSD21vJrsuVMkLKIPSD3tjYesDWwm0NZO/2NxtNZN/yevf35E4E548OTh5x8t9l2/to5ms29BMCCGEkLWRBTWTze37xhOpU9/tiU3GP/Lad95f9c0XeqbOdhm3lYT5kF1w+2GKjrG+y8xmIkXiB627ZN9d9uAfOrP3d+37VTORwf19jVKWTke7LzN302X8/uNPWmtwN5M3wqelAFSF3vKdfUFUD56QntA41KaKxFNdB6458uuinnrZxbd/MPK4n6z9b1m5KicXxkNyM7+7xt5M3hxul1X97HS+elx7M/Gfe3kkPv61N7N/dbbwX+t/8VakU56FuMysHz85FXjmQtXjHSU7uyp/efb5y8zXQT6MmsFW+VDlg1SLqUeZo5l8/djvXuh54zLzdbMa0QqhrZmExybtv5vrz7f1fnxn359u7bn8id65m8mO4+POdZE1FJoJIYQQsjayoGay43xFbDLVTEbiY7JLfXSoTab/+2TeB6q+9fnDv0rYdj1lSfca5jBbM1F7+fa5ak+91TxtzHggswKp3XT7Ct3NxFpA7mv1CushTox0ReMxaRHqsdTDyVzrGanK8Z3jT1krsR5LatJoIvajk8+ox7U3E/lorapgP+4h67fWLKuSHiJPRJ611B6ZK30sEh+T3qXWoO4yRzNRd7nMfN2k2KjFVghtzSRpfLKTx/sm3upN67PEDf02AymRCY6WrPHQTAghhJC1kQU1E/vZXHXhU/+3/sH3V31L7Xb/5FRAnYxkZaFnc/3Fa9+9MB76+rHfqZvW2VxqL//+40/uulClZqkd8ZL+prveyrXu7m4m4YmoWq1UDrWAOt/pi42Pysd8MPSWOjtL1iyzrMqxtbPM3kxEm3kWlpLV9tKvzeMYslr3dSZPnq+QtcnjWlVH/m2JnFcT6u5DE6Nq+p63thX3HnasQfTFhqxpWeDLR7OsZmI9oxmbyQs9bzx5vnyOv8X+dtHZTAhxh2ZCCCGErI0sqJn8Y93/XIyF1R3jkwl1jfuHD337A1Xf6hzrd/zOrosLv9pBXQEv5eT18El1BbzVTGR3XJ379FjbS9bZXLKD/sna/87rPnTZTM1EGsVNxzbLXHVRhyzQONR2Zf1D1YMn1Nlc+/sar2/y15nXmUgPeba7Wj2KTEuHeaGnXm7KHaWMyYf0i9PBZy5USZk5NdItDyrT7mZSMdAsS8rjno1eVNeNyGBuZ5lMXHPk1785+4IMyqyfn86XtcmsaDwm65EPW53HdZn5NFX9UJqGz/1r/S+sZmI9oxmbiZSic6O96mNeUWgmZGlDMyGEEELWRhbUTD5Qde8jZ5+3313KyQer7v3pqWftg0nzj8GrSylWDnd1WXvUgaaVhmZCljY0E0IIIWRtZEHNRHxq+t8ziU8mPn/4V93jg7ZVGlnSv2fizZpvJv9a/4va8Cn3+NuOZkKWNjQTQgghZG1koc1EbDv/qnMt0xObjH+s+nvuO7691nYzkWcXXeCFPcuGZkKWNjQTQgghZG3EQzP5QNW3tnW+Ottfgh9NxD7y2nfc98K6RTMhSxuaCSGEELI24qGZiI9Vf+/YcPu4668uysi9LU++v+pb7rtg3aKZkKUNzYQQQghZG/HWTJQPVH3rU3U/3dy+b8f5ijvfekKmP0AngQvNhCxtaCaEEELI2shimgkwHzQTsrShmRBCCCFrIzQTLDWaCVna0EwIIYSQtRGaCZYazYQsbWgmhBBCyNoIzQRLjWZCljY0E0IIIWRthGaCpUYzIUsbmgkhhBCyNkIzwVKbtZnIfwAAAIByvjdy7sJgW9fAWyc7/6TyHkA72bRkA+u4OCQbm33b45gJ8Z7e3t76dGRjio5OAACA1W4kGgsPRUODkfNdF9938JuAdrJpyQY2HBmTjc2+7dFMiPdYtYRmAgDAmkEzwVKjmRD9oZkAALD20Eyw1GgmRH9oJgAArD00Eyw1mgnRH5oJAABrD80ES41mQvSHZgIAWDn6BkePnRnQRdbmfgilJxR1/z6rtcT63Vwtp867f6sS7N538B7HPvd7D9zzxwfuXqX+ZPrTkZsan4595V0XemgmRHNoJgCAlSMcGXe+US0isjb3Q0TNWuJcdM1lcnJyYmJifHw8FAq5/xIF7Ny1xL3MKvI+s4rYnpHOp2NvcRe6ewfDI5GRcZoJ0RaaCQBg5XC+Sy067ocQXevgLwtLM4nH47FYbGhoyL1/CQd7M/njA3e7F1hd5ClYT8c9d5GsNV/sGQgPRWkmRGdoJgCAlcP5LrXouB8ius6aycjIiHvnEg40k/mz1tzXH5ZmIrWEZkK0hWYCAFg5nO9Si477IaLro5lIEomEVU7C4XAoFBoYGOgnM+V810XLa4dPO2evtshTsJ6Oc97iIpvQhe7eiz0Dqpa4LzKJ0kzIYkIzAQCsHM53qUXH/RDRddNMJicnpZxMTEyMjY1JOYlEIsNklvT0hix1xzqcs1db5ClYT8c5b9Hp7RscCA2HBiNDw6PuU7miNBOymNBMAAArh/NdatFxP0R03TSTZLqcxOPxCTMxMkvCQ1FLY+tF5+zVFnkK1tNxzlt0pJAMR8bEjLUkSjMhiwnNBACwcjjfpRYd90NE11MzUZkkl4q6WEJ583S/c/ZqizwF6+k45y061prdX1kKzYR4D80EALByON+lXEkkEpWVlc3NzWNjY855M8X9ENH110wcce5pkvXaTN6V2//7T8zg8aZR56Jm1Pbj/oJyoJkQ76GZAABWDue7VDpf/epX9+3bd9999x07dkyNDA4OXnPNNdOXmiHuh4jO3kxGomNt7RcHQsOD4ZGu7v6O873OJcgajX3zOHZmwDl7BWRkZOT+++9X0/LlMH2mM/IULvk1JbkYTXwyGE4VDjMy/Ylnw7aBGeL+gnKgmRDv0d5MCl58zZcV+PVjzxa+VO2e681gOJJhprcvpEbKXj0gN2Xi3vvu/8pXvtLRecF9r8XrH4g8tuk59Vx6+obcCyxe81sn5InkbNnqnuX2i188JG/D7vFlkxc8IJ/c3/jz95c1uOdeUteFUPH+N9zjMxqJxr7//f+SF+eqq67Kz9/rXkAjeWFlK3IM+v0br7zySvkA5MOY45g1AL2c71LpyK7YDTfc0NPTYx+cnJy866677CPuuB8iOkszuXBxoL1z2vqHhqPnL/TbR+ZOYnJSyox0m3MdPf0DQ87ZCwy9aDlj3zzmaCa9vb3FxcW9ZpzzFhGfz+ccSiYnJiYefPDBbdu2qZtL0UySZhX5092DavrkYPyv8gbH4tOXcMX9BeVAMyHeo7eZ9PVHsjY9V/16y6Hq5u0798lIYVH1/HdGZ9N49JhqJvX1R9TI8jSTbU+9sq+0Xj2X3r5hGZnjuTyx/WX34CU9uWOnPJG77r7bKl0OUlrkyarpE62ng88VuJdZHu2dfdk5hfLJPfjasWeeLXcv4OD+1C+omcgTV590yRe+8EX3AvNx/Q03yM6Be9zB3UyONL5pPbpk59O73fcCsBSc71LpyK7YlVde6RxNJqWuOIemx/0Q0VmaidSJiz0h96BjZI709oc7u/p6+8IXewflX+fsBYZmspyxbx5zN5ODBw86RxcXKdgPP/ywczSZPHPmzE033XT33Xerm0vUTCRXFg6pNvKNssj/Kbj0duv+gnKgmRDv0dtMat840XKiw7p5rKXdlxVQ5OaZtou/8efLdEn54ai5nyrLNzadUXO7ukPqR/LVtS2O1cqO+/8+9HD25t994xs3q5HlaSaZG4P2m/7Ne9VzkQ97YHBk4+PPy7R8/DIr8JzxkYuB0IjsfMtTi5pPUJYxJrpDj/42X577lm0vOR7i8//2bwXPvyDP5dHMLDXyVkvr5z//eRn57gPfk2lr51jqmTpmcqDy0Gc/+9k9ec/KwlLVZA3qkMv3vv8DWexLX/rSwDz2xT2wnpdlODImn0p51k/u2j+1THdInql8Eu2fekXuXvRKrbyMj2167sWXX5cReVmsufZXW3qaPJfDR5qsESkYMnLmbPt9993/8CO/lJFHHvmVvFDXXHNt5/luudlw+OhPf/ozWUa+X0dGxgfDkR1PPa1eOnndouaRt+uvv/6qq66qq0sd8Hm13NiK5JX8+c8fdDQTGX/00dRnZP/+Mrkpd1dbnXwM8riyquLi1LMGoJHzXSqdnJycX5vJzs52zpsz7oeIztJMOjp7R6LOa1cWVA/cC4eHRqSrqDPE1Mj5C/1y83xXn7rZ3tEjHUZGkuYhl/bOHplWx1tkbeoITGgwkl4fWarYN48FNZNHHnlkYkLekh756U9/mjT7wxe+8IW+vr6enp4vf/nLapkNGzZUVVWdPXv2gQceUCNSRe69915ZzLqpJuy55557gsHgY489pi7wWLpmIvnAztDhnnjmkVH7mV2zxf0F5UAzId6jt5kMR8bVjrvss6oR2TVXPyaXWdZ++aGa5jffOif7qbIzKu1FDW7KKTzX0SsT+QUH+/oj9tXK7mDL8ZPtHRdkQp1X424mR4+dtd/lxMnz9pveFLz42uO5RdZzmfFH/vIU5PlGzWeqRtzNxJrloPa/ZZf3yiuvlLJhjRS+UCTPKPCssacuN61jJtbZXFJF1GEE6WxqDTLxn/95k7w4srssa+sfiFgftoiMxC72hN0fwIJI6ZJPbtOxNlmbGpHnXnnozah5rGxX3qtR87nvyU8dTrE+9RZ5QXJyi9S03FFKrBQb9Unv7RuWz7u15ItFL6vPr0U1k09/+tPyGa84cPCnP/u5vAJv1B8Rakl5xfKDe+UVkNdBNVh1F+uYibws25986mJPf4Z5kEqdIpifv1dIXbE3k4s9AzLLXnczzJqktjqpgjJLPl9qa2w91WX/OB3bIYCFcr5LpSM7Z+HwtJ/mHjt2rLy8/Pbbb9+3b5993BH3Q0RnaSbnOnoGw87xBR0zkW8sUiS6ulP7tbGJuFSL6Oi4TEs/kZvWkt09oUhkNGmuf2g4mjTPHJPpRPoiY4mqK2qZvv7FnhtG5o5985i7maizuaxSIZEqUlZWpqalPzz11FNqWvWNFjNqxKoWMkv6jJq2lnTkJz/5iSwTCoXUFr6kzeTBuuiXX0mV50vG/QXlQDMh3qO3mYjGN8/K/qvssw4MGmuzdk9lr/SlV2rVMue7BgqLqmXE2osNDY7kBSvU9MHXjtl7hdpNlP3LoeFRmeg8fzE6UzN54eUae595fOuL1vRiSJuynsuMzUSe4CWbyZbtL506M8NRndq6BvUsrr/hBrWbK7u/asJaJmOmZlKf3h2XvWQ18e///u/btj0ZTb9cA8brmbqXeHlfXVf3zGeLLcihmrfkk+vfvFfVno2/e76zK/W977ebjdPM5LlbB81mbCbB51P1o62999UDjfKvfLrlZkPjKSmr1pLqJDf7fVXNsA5TyCv2858/KC+U2ipkb8Ba0jo1y95MZEmZbm83WoRMbNiw4fTpczIhdxc//vH/2JuJbE7WHRX1WVBb3f8+9LCMSPlRy2x+4gVrsZ6+oaL0Rg7AG+e7VDqyI/iNb3zDOWqezaWxmXRfXNTZXJIL3QNyF3XwJDIyap0eduHigNy0FpOmYTWT1MjAkOOx2jtTR2Da5QNznWZG9Ma+eczdTNxnc912220DA6m7SH/YtWuXmpa+MTY29tprr1nNxGogjiribiaywWek8/3vfz9JMyHrJNqbieU3fuN0I2v3VHZY1R581Pzp+zPPltt39GW68CWjqyj2n/c/mpllfXFKfvqzn0dnaiYyrcrJoZpmXbXEIs9FdqDtH/C2p16pqm4OD43Op5kIaSa/8edn5xRa6+y60Kv2bq289PI+63lZMmZqJmpcFRv1gsjEF7+44YYbvqLIiCon8krqqiV2j/qNs7BydxTLp1KNqHOx7Gd8zdhM7J9xNZ216bkL3YP2/XtRdajG8TqommEdx7jGyLXW8x0IDV911VWywH/98Edf/eqN7maipqXPqOVvvuUWdfGSWpsUIXszUYdTZAH7Q0uTUZ8dWThqbnjWytUHTy0BtHC+S9kyPDz8wx/+0D7y0ksvFRcX62om0dFxaRTyHcAakW7gPooyn6hVhQYjPX2D0kCUeDwhI51dfVJR3M1Eukf79GZinRtGM1mG2DePBTWT5ubm2tpaeRNRvzVO+oMqEhLVpUOhUDAYVCPWZVGXbCYPPvigNX3PPfckaSZknWTpmol1IpPaAZW9T/cxE2s/VXZwdweM04Hcvv71r2fYIjuX0VmaieyFS2GQWjLjAYrFUM/C/gFbF0jIjvVszaStvVcdSVDOnuvJ3lI4HBlXN9XlIvanJh1DlY1LHjOJmgcNsrL8sgZZj9z83Oc+p/aY7eQlzQtWbNv5imN88VQPmfGYydzNxDoyJp+jVw80Rs0DSq+/cfyx7Gm/fUuduXfmbOpMv6irmVx33XX/+9DDjhdKneE24zETdWhFVmstbx0zkZXMeJ3JL3/pU9OO60zczUQ9l+0799kbNQBvnO9S03PfffedPHlSTUcikf/4j//o6enR1Uwko2Pj6poQcf5Cv7QIx2/rmn+kTgxHRh0HYbq6+9WRk4u2s7nUrL7+sOOYCc1kOWPfPOZuJo7fzfXd7353cnLyiSeekI0zafaHq666Sl1nctNNN6llZrzORE2ofO1rXxsdnTqklpzePaTYSC2nmZB1Eb3NZH9ZQ3nl0erXW4peqZWSICNP7S7ZlFPY3tkn07JffvTNszIt+7WyD2ff0Y+av9tK9vJPnDz/0r466yfx6iQctfMdTZ/FJHuTMzYT7XY+U2o9l77+SHhoVD2Xiz1h2SmXD7Xwperf+PNVM3nUny+76VI8Tp6+8OSu/bKYLCzPyFjPnlK5WVJ+WN1UVONSJ6dF07+KSiY+/elPZ5hRJcQqZtYV8Gp5eU1kcPPmx9VNdRqY/Y7a5RccPPjaMXlBgs8fVKeKyadPPpXy1OT5NpvXC9mbif1Tr8is7BxjG5CXwtwGjJIm/e03/merqpsdD/fAA9+znpF8lh3N5GxbhzU3w3zd1G/4ldx1191WzVAj6gp4aRrW8mpEHWZRF5k4msmMv5trtmYCQCPnu5Qr6i8tNjQ0yI6ac95McT9EdPZm4k50dHz+5aTzfG9vf9j4DV3mRNI46tIjBsMjF8yLT3r7wjIhtUdKiKOZJCYnpX5IHeo3e1GSZrK8sW8eczSTS8Z+NtfbGA/N5Pe3zvdZu7+gHGgmxHv0NhNgoaTyWRefAIDzXWrRcT9EdCHNJJkuJ+o6dbJWY9881mEzWVDcX1AONBPiPTQTvL1qalvs174DWOec71KLjvshogtsJpKLvYPuXyhM1lLsmwfNZO64v6AcaCbEe2gmeBv5sgLB56vc4wDWLee71KLjfojowpsJWfOxbx6LaSYrJDQTslpDMwEArBzOd6lFx/0QUZoJccW+edBM5o77C8qBZkK8h2YCAFg5nO9Si477IaI0E+KKffOgmcwd9xeUA82EeA/NBACwcjjfpRYd90NEaSbEFfvmQTOZO+4vKAeaCfEemgkAYOVwvkstOu6HiNJMiCv2zYNmMnfcX1AONBPiPTQTAMDKEY6MO9+oFpFw+o/bOtBMiCP2zeNUp/G3aFZvZLOXp7DMX1N2NBPiPTQTAMDK0Tc4euzMgC6yNvdDRM19tZEl+FkyWY2RLeFCv3P/R/bs3ZvTauHY7OWmxqcz29eUHc2EeA/NBACwDvWEovKuB8iWMJ/jAJg/mgnxHpoJAAAAdKGZEO+hmQAAAEAXmgnxHpoJAAAAdKGZEO+hmQAAAEAXmgnxHpoJAAAAdKGZEO+hmQAAAEAXL83kmm0Dv79VhJwzljcHH8445xwjyxpHMxkaHhXhoajdYHgEAAAA65xjF1HtN4rhyJgSGRn30kxqXw/f+8rgX20duPeV8Awqho97++uo8f6TL228+jMZGVdfm3+k3znXFZrJ254Zm4m7nNBPAAAA1if3bqG9lmhoJiq1JerIyQxub3YuPI8MZ2Rc+8iBVCE5uePOjIyM6Qs4QzN52+NoJrJJ2bezGSsKAAAA1ifHjqLVSVQtWVQzSV4ccncSz83k5BPX7Xb0jKpHfn7A+H/G/YWvZ9957dUZG48YNx+951opLVff9GN7M/m5MXj17vSRlkcyrh0/mS+LmbfH773papm+8xf5hy99JIYsIO5mojg2O+oKAADA+uHe/XNwd5JFN5Nk1N1JPDeTwvszDjuGOvOve+Kk/D/jto1X3/zj7cEyo1ecy8+47nuH618vCz567YZUMxmueuS6H2w/XF2ckXGtuusj0kOuvq741TKZ7i+493vbig9Xl91728bDcWvtRENmayaXLCcAAABYh+y7i3qbSdLdSUyh/znrXPKS2X2b+9SsgxkPH5T/ZWTcaA098pmpU7y232ze5cjGa9OF5NzTN+d3motlZIynFzOaydPO1rOmEu/PuDPHPvDIdVcP228vWRzNRLYn99ZGXQEAAFif3HuDFnshUUaisUU1k2u2DuxvGxtNOMc9ZMazuR6pMv6fkfGINXav7eITdTaXFI+MjJv70xk3j4o84rhGZbz/5zdffd0PCs+t1WMmtnKybLUkOVMzsbi3PwAAAKxz7kJi1ZLFNpPPbB1wDnnOye03mudupTNc/KOMsqgxZW8m9mMmqcMsxjET57XyzmZiRha7t2DNXmhy8OFrm6WRDB+88bfLd4BojmZCRQEAAIDFvZfoqCWLbSbXbHf+4uDF/JGT7fcY16nvfqmsLLhdJq77lXEqV3J6M0me2Z2+zmSj/TqTjOvuLXu1bPsv7lUj9mbyetaNxdXNzdXFGZ+5M991xthaipSTG7OWr5Yk59dMAAAAADerkOhpJr+/deAh87qOVEYjMjJqGyBrO45mYm1V7i0PAAAAiMxUSPQ0k6NNzisa8hu8/ZFFsiozWzOhogAAAMDOvaPotqhmQtZ5LtlMAAAAgHmimRDvWWgzmSSEEEIIIes17p1Du+joBM2EeA/NhBBCCCGEzDPunUNFOolCMyHe42gmsj25NzU75+ZJCCGEEELWTWZsI3Y0E+I97maiuDsJzYQQQgghZJ1n7lpCMyGLymzNZDb2+zo3VUIIIYQQsspj39lzx71z6EAzId6zmGZCCCGEEELWVdw7hw40E+I9NBNCCCGEEDLPuHcOHWgmxHtoJoQQQgghZJ5x7xw60EyI99BMCCGEEELIPOPeOXSgmRDvoZkQQgghhJB5xr1z6EAzId5DMyGEEEIIIfOMe+fQgWZCvIdmQgghhBBC5hn3zqEDzYR4D82EEEIIIYTMM+6dQweaCfEemgkhhBBCCJln3DuHDjQT4j00E0IIIYQQMs+4dw4dlq+ZtERasMa8jc0kxx842j4wGBo4WlYjN335zVOzyrqSyb7KnYHmnoHBnra2ZFwWE76tlfLvWMJYJjMr2CaD7c2+TaUNEWMkO7fwlLWKxtKcrEI1mf3KaXV3me4sMwZlnb5NFday6yG7/HuzH9+rphvyA8b/EqNH9xWbL3UyL6uwRP4/Fi7eHSzpjJtLNcvIWHhAPk25VX1J28sYiSX7qopKWroHQ92n6s3P3aZiGZfp2jb1CKslHdlbzJfCzGzbT94mtaF2yCaX12hsar6sUmtBX67xCsir5POnl5c7xiLma3VkV43xig3KS7ZKUrApYH5ZtQ4m4/LZn/5FF/f593aHBrpPH5Fn3Wl+GRpftvJk019QOVn71UYyGB6dtt63PS0VwfoO+cDaWuqSyZhMVO8J+PYckQn1Tc23Za9/yyFjavrnLpnsUl8jZrryGuULp9X2Kq3cRBpLM7MCp8xvoafMT5bxRMbCBbkB4+tZnrL59NU3RiPRJutbRER9v00tEEl21VTbPq3GFi7fRdubbd8uVGbaQvwBNWFMm18sayk5xreCWG3BXvXlr26eqtwv3yuS5qdgx75m43Uz36eMO3TV5GwtfPFM6u55/sKc7ca3IPU9Wd7yMp+ukeVry5rUwraXvdl62a1vNUbGwsYCJypfPKE+lcb3bbVC3+4j1lKZ2wsbkuajp79CrVnrIam3vPTGr3YDkqnPV9LYXNN7EdO/g6XeBNuaKtSbILHi3jl0oJnAu7etmTSWVkenDbiayfGg3/jmbs/UG1tjaUP63S7ZXJHpN76/yBoyn29VY7n+/daepW3HYupbUm567vpIX15jPNlf12y+aKlv02aqdxvTqWZiZkdWsKAlab3DNb8QVJ8a+8t4tCAwZt2Qtz3b524Vpfn5oOxllvenbs68/SSajZdOJdEa3Gi8XDM0kyx5Y2tW715qB8JMs7Eju6pifdVYsb7o5GunMz3YV1mkxq0vW/UFpd7pV2C6y6c+eBVj183abvvr5PuJPCnbfOtz52omPXXuV2kFxvd45VTTNpN6Ii0Vxk7q9G+5kvIdAetbhMrUAl016i4qti3c+HZhTc+2hWT6iyrNr7I12kyMqG+q6ZsD0jGSRiuzfTk0VxjvWUY3KPVvrFCL7XqjrSR3qpnIW15eo63ST3vZU83ESPSI+S3alq6a9DfwqWaivrcbaalok3dMc7EV+xW6pJl6yzM3fkczMXKm0p9lfPlPf31SL2bS9cVC3DuHDjQTePd2NRP7e5iKq5nEZZkd+6Z9O5hxJykZalB7RbKGbP/+1JL5zXM1k7EuX26dNbj201Vj7nD07XrDeNuzN5POksLu6c2keGsgp7w7/U05luMPBo8Z97K/jMnOGv9u8wfMZozDX10r7Gfk80ieX96K4tn7OtRNtf3UmoV5avuZestPTu1wzNhMpKH5i5OrvJk05AeDNdOOfFlfdPbNRt7gM80XIfVlm/6CWrn7PZFm39aK6tNTPyq2N5PUt4X+OvXZNzN7M0lG3K/SCox7X0o9kRdzUz9WcCyQY+wup75FqMynmci3C2t6ti2kIRBUP79fu82kSxUMdbOzZn+meVhj2vMNNRjfScxuUKwO1Rp9OHVH9dLJdujzBzvH0j8Kma2ZyDZpfIu2ZaZmMvbGfnMbjRs/gqGZmFEb/wzNJNG0K2vqM5hO6k2wr6VSvQkSK+6dQweaCbxbwc0klZLdQfXztuQ8mklfZZHxU+u2Q6eMbzGzNhP1ZrB+EtwY8GUpxo+F5t9MxhpLq81j3ElHMzHTXFbs96dXFRvwp8/7WiXpS78mwWCzsSugth/fjrpp289Cmkmyv2HX4ciqbiZm4sGtAetn5/NoJqm9q6TzfX3lJTGand5i7c0kM7UlBIzPfipzNBOVaa/SCszMzSTavKM29SU9bYFEq/Utwn4UMTW1uGYi//ZVFTVE1mQzMV607J2VDb3G9xC1/fu2VKrT52ZrJtJJ5EUu3rLX+tqxv3QT/a0+44cmi20msolmPt8q/cSohTQTSXrjX1AzkTdB9SMnYo9759CBZgLv3q5mIm+E2a9M/9Fs+ru5zLL/3E52B63vwlPf6BOt1u5C9e6AOgnHfAsczX6lJrjR+L4zRzORN8rMF1Ln7ayDjOZWpX9U3FjaNv1dMNN8lWzNJCIvstn6Uu9w1pkY7mYiGawqst4hZXoVHYlq27c3NSXv1uahNrX91O4JTN9+4tZWF6kt9pmnYeRmpe8rc/cYZ4SnmolZetXdzazSZiJpDR5LTU190fXXqctsJC9uCeRWGi00vfOa+oJaBfs9LRVHzf9PNZNoU2UoNdP2pTH1uZMdu9TT7q8rnvZNa+pVWoHJzQpYJURFfQkXbEo9R1szMTb71GRjqU9dbzOvZmJ8u5iaMdcWkszxBzPXYDOZtsGrm1LD1GVX6uRPldS5VeluIO935qdjhmaSNC84UQvP2Ewa8oOOn+vN0kyk/ARy/eaZzzQTM2rjdzcT+Syoc5LdzcRIS4X141Gi4t45dKCZwLu3rZmYP6c0rs40rkk1viPIt4zMp2vGxiIlTweNKyZDxysrWwfHRpvLiq0fWtvfBc0r4MP2K+DVW6D1g885roA37269ua71hBqsHS/j4t2W9LfpWKS6qCin3HhxVTOZiAwUbJ92BXxSXZRpvrD2K+CPVtUNhke7W2p2GN/oB5rbB8YiAzKt1rYqUrDROj++zzjD3tqFkj2z6duPugI+EurwG2eBG5ta8wtB4xcAqI3TfLmsZpLsrLFdn7r6mklJfVtkbLS2YO/R9HlNti86dX1zxHkFvBn1BbVir4Bve6NmMBQZGwsHt6TOZbKaiTTqQWu55or0zvjU5y7XH8guaFL3NT79bU3uV2kFxjg1SP2akFC32pFVzcQ4fKFOWbSugDcOO6evsTEupkp9adibifsKeNkMbN8uVObaQjpLCtfiMZMZmon6HQnJ9BXw8qY27Qp4c5k8f8A8NjWtmchbnny+IqFudTLY9Jc91UyM11YdUbFnlmYi20Dq2rmpZrKOr4BPb/zTm0m8ranGt3nWK+DV/VbptZRLF/fOoQPNBN69jc2EEEIIIYSsrrh3Dh1oJvCOZkIIIYQQQuYZ986hA80E3tFMCCGEEELIPOPeOXSgmcA7mgkhhBBCCJln3DuHDjQTeEczIYQQQggh84x759BhJTeT4m88U+EaxApCMyGEEEIIIfOMe+fQYQU1E/8tGRkP5rnHHe7L+KF7EG8LmgkhhBBCCJln3DuHDquvmWTQTFYMmgkhhBBCCJln3DuHDiu5meTduN04myvjM18+1FFb+2bhA8+UNHXVZmTcVys3u5rca8Ayo5kQQgghhJB5xr1z6LA6mkmTbTGOmawcNBNCCCGEEDLPuHcOHVZBM3nusRszPn/jfY9vV+M0k5WDZkIIIYQQQuYZ986hwypoJinh2ozP3NdCM1lJaCaEEEIIIWSece8cOqyeZmJ0km+Y/z7gvi/eFjQTQgghhBAyz7h3Dh1WWDNJ54elLVYz+caXrjKGPv/FkgFjseLt98mtq+7d4l4DlhnNhBBCCCGEzDPunUOHFdRMsOostJkAAAAAs6GZwDuaCQAAAHShmcA7mgkAAAB0oZnAO5oJAAAAdKGZwDuaCQAAAHShmcA7mgkAAAB0oZnAO5oJAAAAdKGZwDuaCQAAAHShmcA7mgkAAAB0oZnAO5oJAAAAdKGZwDuaCQAAAHRZvmZC1l5oJgAAANCFZkK8h2YCAAAAXWgmxHtoJgAAANCFZkK8h2YCAAAAXWgmxHtoJgAAANCFZkK8h2YCAAAAXWgmxHtoJgAAANCFZkK8h2YCAAAAXWgmxHtoJgAAANCFZkK8h2YCAAAAXWgmxHtoJgAAANCFZkK8h2YCAAAAXWgmxHtoJgAAANBlBTWTktxA9pa9zbaR4MaAL7fGNkBWVmgmAAAA0GVlNZOcslbfnqb0wGjm862qmUTajxTsLPRlBXIKzLldNTlZhUdfKZKRvJqOCWsVZHlDMwEAAIAuK62ZdPn8+1O3++uK25KqmfRV7c8tqBkMdWf7A8Yso5kEswvqBnvajLpS3jW1FrKMoZkAAABAlxXXTBryA33GrY7iLUYJcZzN1VlW2JlUzcSsKJKWisysoH0ZsmyhmQAAAECXFddMks0VxW1J+TczqyiZbiYT3c0l+ca5W8LZTOzTZHlDMwEAAIAuK6+ZSBvZWLHLHww2x41po5kM+HbUmQdSkkcLXM2EYyZvX2gmAAAA0GUlNpPyHYHsfR1qUB0z8WUFd1W2tbXUZW4KWs3Ev/sQ15m8vaGZAAAAQJeV2EzGaouNE7rMqGbSUFCU6Q/4NhVNHCu1mklDkXF+V7C+m9/N9XaFZgIAAABdVlAzWUC4tmRlhGYCAAAAXWgmxHtoJgAAANBldTYTsjJCMwEAAIAuNBPiPTQTAAAA6EIzId5DMwEAAIAuNBPiPTQTAAAA6EIzId5DMwEAAIAuNBPiPTQTAAAA6EIzId5DMwEAAIAuNBPiPTQTAAAA6EIzId5DMwEAAIAuNBPiPTQTAAAA6EIzId5DMwEAAIAuNBPiPTQTAAAA6EIzId5DMwEAAIAuNBPiPTQTAAAA6EIzId5DMwEAAIAuNBPiPTQTAAAA6EIzId5DMwEAAIAuNBPiPTQTAAAA6EIzId5DMwEAAIAuNBPiPTQTAAAA6EIzId5DMwEAAIAuNBPiPTQTAAAA6EIzId5DMwEAAIAuNBPiPTQTAAAA6EIzId5DMwEAAIAuNBPiPTQTAAAA6EIzId5DMwEAAIAuNBPiPTQTAAAA6EIzId5DMwEAAIAuGprJ0aa2wYRzkKyH0EwAAACgy2KbyeDhUl9WwLelwjmDrIPQTAAAAKDLoppJ8wt7jVqi+Is6ywplIqesy7kcWaOhmQAAAEAXr80kcrp4e7qTTOexmXTVyH1zK/vsY9lZgbxG+8B848sqdA6RJQjNBAAAALp4bCbBzc5Csvhmkrkx4NtRZx/z+WkmKzo0EwAAAOjipZlk+6d6SPYLx42hcNNUOcmtPBFx3uXS6arJq23a5Q9YA2Nv7C9vrlnmZlK5c+oDIJcMzQQAAAC6LLiZOI6QWOO7po83RG33mU+6zBLSUhFsjhs3++tyZeWNpaqZqCtYaltag1sDJZ3mAo2lxWWFwbIjDW3GrbxNgbyyI7WVh06YK/NlBf27D506fTxTPpg9TeZYR25RXW1LR3VRkTqqU5Ib8G0OGveqr/Nl7TUWiUXkWQyGBgbH5CH6fJuKj7a0lhQUmXcnM4RmAgAAAF0W3Exy/AGf7ZjJifTvCzY6gGLOnXa9yHyimkmyw5ffLP/rqyzybaywmkmuP5BTYp4klmhNNY3GUt+m0vSd4z7/tIMk8gGowzYnivb6sorts4zKkWucM2Y0k/ShlR3pipU31bWaPZ6Wtp5CMwEAAIAuC24mydQ+/aw87tCnmknSOFRiXPu+t7jNqB9qcPpDmIWksVRVFSOhBseDTp3NJQUmNR3L21no32SuIbcmqZ6F2YLUtJqwNZNkye6gb2Nhp3H8hMwcmgkAAAB0WWwzKalpqq035KaviV9kMynfEehLxn1bDhlnaU01k/3VoQHjPCuDeThkgc2kdk9wx74jze1y9/A8m4mktqzU5w/aR4g9NBMAAADosqhm4hh/cYuGZpKMNmVv3Vveb07bzubKTLeIVOzNJDnq80+7GsTdTKY+2v6GOZrJi487n1Ty8H7bA5FpoZkAAABAl8U0E8f1G8nOkkX8pUWrmZiXrKSm0s0kmYwPnqjLNC5xCZY0D6hZ0wpD+LSa22xeee9uJhPtDamDPCfmOmaSjJyWZTKLjieTA9nmqV85BUdSs4grNBMAAADosphmMjOPzYSswtBMAAAAoIuXZjLR3hAsKJ1NX/q3dZE1H5oJAAAAdPHSTAhRoZkAAABAF5oJ8R6aCQAAAHShmRDvoZkAAABAF5oJ8R6aCQAAAHShmRDvoZkAAABAF5oJ8R6aCQAAAHShmRDvoZkAAABAF5oJ8R6aCQAAAHShmRDvoZkAAABAF5oJ8R6aCQAAAHShmRDvoZkAAABAF5oJ8R6aCQAAAHShmRDvoZkAAABAF5oJ8R6aCQAAAHShmRDvoZkAAABAF5oJ8R6aCQAAAHShmRDvoZkAAABAF5oJ8R6aCQAAAHShmRDvoZkAAABAF5oJ8R6aCQAAAHShmRDvoZkAAABAF5oJ8R6aCQAAAHShmRDvoZkAAABAF5oJ8R6aCQAAAHShmRDvoZkAAABAF5oJ8R6aCQAAAHShmRDvoZkAAABAF5oJ8R6aCQAAAHShmRDvoZkAAABAF5oJ8R6aCQAAAHTR1Ex6m3xZAcPjh5yzyNoNzQQAAAC66Ggmkea8TWYtyQp0x5wzyRoOzQQAAAC6aGgmef5ULXHOWFC6anLKuqxbnWWFvqxC22wt6SrJDZTXN9XW12X6Aw0R52wPkWed1+gcXD+hmQAAAEAXDc0kR53HlRWYMG7Fsv2B4DHnMpfOcjWTztR0my+3rnvaXC+xmknlzsUVs9UZmgkAAAB00dBMirekmolvc3Fwa8Dn318bdS5z6czeTBqKioyV+4O16XPFjFKR6Mv0BzK3VyaT8b7DFbJATkFT+t7x3C1B+/Lp2JtJV6qZJMI7tgfl7rmvHB9MmHNi3Znpo0CpA0GJPvUx2B4ilVQzaatTC6efgvMD8PlLT5QVywKZW4rl5i5zbvaeGjW3PD/1BAveWHxXWtbQTAAAAKDLYptJ3qbAjpquoy/stXbl+9T+/ULTVWOtIc1oJn2VRS+eiatFKncGms2Vy9zcyj5j6mSlb2vlKXOw+unAKflff0OuP3X4IrgxMKamUkk3k1hkx+ZAZf+0eeU7AtJVZMKfPi1trLa4pMeYkI+kuNP8GJordr0xat3FnJU6ZpJnO5nN/gH49hhlxmfNjRyR5mZOxU8U7a2OGk989Z4PRjMBAACALotrJmH1K7mCOyrb8swjDwX1Xn/q31Xjz6+rNS4CMZTn71XNRNpI+ihHMtlYWtBi/F9mqc6QTDT5X2lTM0+9srchmRysKvJlFamRhvzAUTWVitFMVO3JzK2YNsdc2JdrHMSYOoussdQ8LW3At7NhMDXU7Cs4npo0M2MzsX8APn+pWiw9s8u3+4iaMppPlzyFVt8WY5nVGJoJAAAAdFlEM0nVEnNHP995mtOCM8vZXAUbbddvdNXkVg0kjR390obUULN1L7mLDDa/IAVp/2BoQDEvfbFiP5srldo9wR37jsiS1YFUM5FlqtvDY4nYrk3qkEurb4+xQEpk2hliszSTqQ9gMGRcaG+7ZqbLl9+cmmwsNZqJkXh5UZHfHyho1nFV/jKGZgIAAABdPDYT69cEi9TlGYvMLM2kr6qooMV9NteszUSdzTXLDv4MzcQ6miH3Us2ks7ywbfr1Kb6sYF7jzKu0msmLj087m8ux9KWaSSryvKbdXvGhmQAAAEAXT83EOFqyN7dgv56jJSqzNJNkosvn33v0dFtzfZ00BDV3rmaSjHeWF/m2ltbWNxXsTp1Vlc4MzSRvY6C4qeNoZUX2lqB1zMTRtUq2GwWsur6puqwyOP2aEKuZ1O4JBGvajp42DunYP4DMAqOHzNVMuuperGwabG+trazInH6q2MoPzQQAAAC6eGkmU1dr7EldMrGWkr0xmLrcpabG53d0GzItNBMAAADo4qWZSAp2FuUWaTpasqLSU7ejduq3b2Vm7bXNI87QTAAAAKCLx2aydtPl21TcbV68Xr2vONM684rMFJoJAAAAdKGZEO+hmQAAAEAXmgnxHpoJAAAAdKGZEO+hmQAAAEAXmgnxHpoJAAAAdKGZEO+hmQAAAEAXmgnxHpoJAAAAdKGZEO+hmQAAAEAXmgnxHpoJAAAAdKGZEO+hmQAAAEAXmgnxHpoJAAAAdKGZEO+hmQAAAEAXmgnxHpoJAAAAdKGZEO+hmQAAAEAXmgnxHpoJAAAAdKGZEO+hmQAAAEAXmgnxHpoJAAAAdKGZEO+hmQAAAEAXmgnxHpoJAAAAdKGZEO+hmQAAAEAXmgnxHpoJAAAAdKGZEO+hmQAAAEAXmgnxHpoJAAAAdKGZEO+hmQAAAEAXmgnxHpoJAAAAdKGZEO+hmQAAAEAXmgnxHpoJAAAAdKGZEO+hmQAAAEAXmgnxHpoJAAAAdKGZEO+hmQAAAECXBTaTziP+x/fOy/ZK533JmgvNBAAAALosrJk05Ad8WQHf4xWDoYHZ7Moyl8kKOO88d7pq1L18/mBBfbdz7hJkhz+QWXTaOUoWEpoJAAAAdFl4M9lU2JeYGinYkuohJyLpoURfQ0GRh2aSU9alJhvyg8Vt0+fqiy+/2Tm0BhJp9Re1OgeXPjQTAAAA6LLgZpLXaB/okwYSLNifszGQOX2PfzHNJHmmMqd8iQ6bDKzNZmJWROfQ0odmAgAAAF0W1Uy6ywulgXQnu0pynadvLaaZ9FUWFbQYE7LavE2B8vqmQXM8M8uYrt5X7Mut6TSP2/iyinPya6rrm4JbA9Unawoqjbmy2Ji5vNxXRmrrm3ZsDpR0xpOxyGDoiG/PkcHQgDE3K6AesbOsMDtQI4uVFxSqfiUjPn8wO98YtJ6IrLa2vrW28lBlvxpYcZFyssxHTmgmAAAA0GVRzSR5rNS3sXgsOdp5rMaXtdc2w0szSV1nIoWhoEmNSTOZOqurpSKvMW6N+3Y2JKc9Spdv9xE1NVZbXGI0jlb74RFfVpH5/2Zr0GomvqxCa7E8v7FCo5mkB2XaeCSzmXSOpT6AlZr4YO3+ys6Yc3jJQjMBAACALotrJonW9NXwx325NbYZXpqJP7+utr7pVI9xQENFGog1PVhVZPYNI8blLhsrktNKRddUD2ksNZYMNUydHmYsGTT/P2MzKbUWk0ccTDWT1KDVTPoOV8iTqj499eGttAweLs3cVOwcXcrQTAAAAKDLgpuJcUyjfGqPPxk+nbO1KO+V1PGKZGq33nly16Vjv84kHXszmeWYyezNZLHHTJzNRGWivSbzhWU9Y2qekVpSctL6LQTLFJoJAAAAdPHSTHxbpx0ecSTo9/hbgy/RTBKtqo0kzROrciv7kpdoJnGfX7UR87476sypNl8gdaqY1UxyzTaiog6tzNFMpj3QCkp8mY+WqNBMAAAAoMvCmkmksdS6GuQS/OrsqXnnks0kmZzobsr0T/u1xXM2k2Qy1p290fhgsvccSi+WLNmzV7Umq5nIbn3e9qAMZm4uUgcdZmwmqWW2vg0F4NKJdDhHliU0EwAAAOiysGZCiD00EwAAAOhCMyHeQzMBAACALjQT4j00EwAAAOhCMyHeQzMBAACALjQT4j00EwAAAOhCMyHeQzMBAACALjQT4j00EwAAAOhCMyHeQzMBAACALjQT4j00EwAAAOhCMyHeQzMBAACALjQT4j00EwAAAOhCMyHeQzMBAACALjQT4j00EwAAAOhCMyHeQzMBAACALjQT4j00EwAAAOhCMyHeQzMBAACALjQT4j00EwAAAOhCMyHeQzMBAACALjQT4j00EwAAAOhCMyHeQzMBAACALjQT4j00EwAAAOhCMyHeQzMBAACALjQT4j00EwAAAOhCMyHeQzMBAACALjQT4j00EwAAAOhCMyHeQzMBAACALjQT4j00EwAAAOhCMyHeQzMBAACALjQT4j00EwAAAOhCMyHeQzMBAACALtqayVO795/ruOgcJWs6NBMAAADooq2Z+LICe54td46SNR2aCQAAAHTR1kw4ZrIOQzMBAACALottJqfPdPmyAqKq+k3nvAUktRJLXqNzCbICQzMBAACALottJr/x51t14lzHxcFwxLnEvDJaW98kyvP3vmhOnOp3LkFWYGgmAAAA0GVRzUQVkief3tfR2bNlW5G66VxoIeksK2xwjpGVG5oJAAAAdPHSTGKxiXg8kUw3E/t5XDIuc6cWXWAczSQzK1Dd1Fq8O5jXmDoUk/14UXP7QMF2edxC43Zj6Yv7inLya2rr63z+/TmPF9XWN1XvK/btaZKZBZsC5fVNzS2tL+42Fya6QzMBAACALgtuJidPn5c2krkx+FxhVXJ6OQkPjci43NyVV+a82/wyrZkkWjMDRsFIJvt8Ww61WeOS/rpcdXCmsTTz+VY1tkNqTKq/xH1ZxfK/nMUdwCGXDM0EAAAAuiysmfT2DUrx2Lrj5Zxc49yt7BzjWITP/H3B4+MTMiHjMlcm/Nl7nXeeR+zNZLAqdXqYqbCkyxisfWV/pj81aNxuLFXjkpLcqR6SOqLS22Qs+XhRX8yaQ3SGZgIAAABdFtZMyioOq0owHImWvFqvplUzOXDwqEzIuIw0HDmZag4LjKOZvHhiYDCkhMcSyWR/k29zcZvcDB/ZNZ9mkkyOdbWWFxX5/JzNtSShmQAAAECXhTUT/+a9uTuME6WSZjmxN5Nn9x6wt5HFN5NkotWXW2ObmTxaEGgwLm9J9pmHU4ypSzUTlc4SLqxfktBMAAAAoMvCmsnRN0/7zKtKSl5tsE6pUiPNLedkQsZl2pq10DiugJ/objLO3fIHC2q7xoyBWM5G4+aJcKR696WbSWV+6nywXfuOW7OIxtBMAAAAoMvCmkkyfcm7Ul457Q8i2mc9u/eAfRZZk6GZAAAAQJcFNxNJ07EzbzafbTvX7ZyRTMq4zD19Jn0gg6zp0EwAAACgi5dmQogKzQQAAAC60EyI99BMAAAAoAvNhHgPzQQAAAC60EyI99BMAAAAoAvNhHgPzQQAAAC60EyI99BMAAAAoAvNhHgPzQQAAAC60EyI99BMAAAAoAvNhHgPzQQAAAC60EyI99BMAAAAoAvNhHgPzQQAAAC60EyI99BMAAAAoAvNhHgPzQQAAAC60EyI99BMAAAAoAvNhHgPzQQAAAC60EyI99BMAAAAoAvNhHgPzQQAAAC60EyI99BMAAAAoAvNhHgPzQQAAAC60EyI99BMAAAAoAvNhHgPzQQAAAC60EyI99BMAAAAoAvNhHgPzQQAAAC60EyI99BMAAAAoAvNhHgPzQQAAAC60EyI99BMAAAAoAvNhHgPzQQAAAC60EyI99BMAAAAoIuGZjIRiUw4x8i6CM0EAAAAuiy2mRRvD2TvLs72B4pPRpzzyFoPzQQAAAC6LKKZJMK+rMCJdB85sa/It/3QtAXIWg/NBAAAALp4bSbh4wVbAzvKTtvHdmwKFBwL20fI2g7NBAAAALp4aSYNBXv9u+vaYs5xSVtlsW9LaUNv3Dnjkums8W0uCpYdqa08lLml0jmXzJlIY4VzaFlCMwEAAIAuXprJYCTmyyptcA4bacgPdMYig2MLbiYluYFO51jSl1vjHCKzpGBLwDm09KGZAAAAQBcvzUQyVzNxjs0r1bsDzQnb7dDxYG7QlxUQaiBysi7TH/BtKhxML+bbWGEcoskK5FYNyM2GoiKZzilo6p7pYM7aT6TVX9TqHFzi0EwAAACgy2KbSW19U8qxruQimkkyGc/2Gz2koKYtPdJlHTMJbgz4dh9R05npriILN6Svv++rKiruNA/UNFdYC6y7RFqX+cgJzQQAAAC6LLaZSD3wP75XqBaxiGaSTMYGTtUcMspJsyocU81EykZeY+oMsZLcwKA5YR1OkVTuTA1KNclbt80kGR+s3V/ZuXzHjGgmAAAA0GXxzaQ0NbL4ZpKOP1UtppqJL6uwxDgkY0Qeojk9mBpKJgs2BgZDAxZrfD0lnrmpuGR5/6oMzQQAAAC6rMRm4ssKmv8f9W1NNZOCTQHfztSFLbazuaaaSV9VUV7jsu6Ur7AYtcQ5tvShmQAAAECXldJM8vzBkhrjepUXdxdm7mlSg1JR2kIdY8ZvxS31+wPl9a3VZfvtB1Km7p/o8mUFquubqssqd2xXxWYdZfDw/mU+WqJCMwEAAIAunpuJcbX6jLw1E7IaQzMBAACALh6bCSFJmgkAAAD0oZkQ76GZAAAAQBeaCfEemgkAAAB0oZkQ76GZAAAAQBeaCfEemgkAAAB0oZkQ76GZAAAAQBeaCfEemgkAAAB0oZkQ76GZAAAAQBeaCfEemgkAAAB0oZkQ76GZAAAAQBeaCfEemgkAAAB0oZkQ76GZAAAAQBeaCfEemgkAAAB0oZkQ76GZAAAAQBeaCfEemgkAAAB0oZkQ76GZAAAAQBeaCfEemgkAAAB0oZkQ76GZAAAAQBeaCfEemgkAAAB0oZkQ76GZAAAAQBeaCfEemgkAAAB0oZkQ76GZAAAAQBeaCfEemgkAAAB0oZkQ76GZAAAAQBeaCfEemgkAAAB0oZkQ76GZAAAAQBeaCfEemgkAAAB0oZkQ76GZAAAAQBeaCfEemgkAAAB0oZkQ76GZAAAAQJdFNRNfVsCu5NV65xJkTYdmAgAAAF08NpPhSHTrky9LG6mrPy43z3f1FRa9Jjdl3LkoWbuhmQAAAEAXj81ESkhV9ZvOUXPcOUTWbmgmAAAA0MVLM8nZVtRxvtc5akbGZe7YWMw545LprPFtLgqWHamtPJS5pdI5l8yZSGOFc2hZQjMBAACALl6aiTow0nm+d8+z5dZgVfWb6iiKzD11+rw1Ps9U7w40RJyDS5e+yiLn0KpOpNVf1OocXPrQTAAAAKCLx2by/7d3/z9NnQscx//980N7G8Bcjb2L98ZFTujkoiQ4gcCIRoLzC3ZrmEwXNgnhTlRMiDqEnNvT05ZSZcM+jyLu9ckrozwtWPcT75wWi3eV9L52q1kp3fOv09mehx9rzTJp7PedNZKxRnFrtJyend1o3aitLc7kf3Sl9rAomeWZZGj+1thk83B04XH3i+daJyOXFh++3GsdNMZXsre/3W4ebq/l/+17/qd+JxEnT58+VSYAAEQxSJnMLSwXHfJumbx7fuztjVTyLxxfXOucvLdMDgKmVPwpy3motL/gSm3uWevGf2u3im7ZXx0fTrdaZ0m5Nrrcvi4zOsgz/Oy3szp+7sT+XsoEAIAQg5RJc/cfPHpvmbx7/gHbff5o8WYeJ42iH95fJt2HX/1nup0VZVJrH/2yUL3xvPlxfOjgYeuzEwsvsvy7Xaq/6Rx+mWWS7W0vXV9Y//A3+cSYMgEAIMSAZdLcH3+87fv1XI2VX7POP3LSe/6hq7S//C/K5G6armdFmUy0j/brxcOqvU9geWZ8pfmhUdxV7Essk73S8NT0z5/wzTqHp0wAAAgxeJkctfAyufBOmZx9X5n0XDPpHP7pNZMvu0y2782cYJZkygQAgDChZfL4l41mGPzr39e6J81P/zHyTc9DjrXRSm16sb50p37164nSpXpx2PxWS/XVufGJSuWgTJJz1xsrq7dmryfD8/mD8jK5PJIuNlbuHyTKTiMZnmw8Xrt4Lk0qxRWVQ2WydCmtLa5t/t59T8vp3va96yebJZkyAQAgTGiZdN/y3uvBDwe/Iyvu3nOto/fVXHZyUyYAAIQILZMbt37obZLy8De/Pvlf/4PiTZl8tlMmAACECC2TTzxl8tlOmQAAEOKUlYl9tlMmAACEUCYWZ8oEAIAQysTiTJkAABBCmVicKRMAAEIoE4szZQIAQAhlYnGmTAAACKFMLM6UCQAAIZSJxZkyAQAghDKxOFMmAACEUCYWZ8oEAIAQysTiTJkAABBCmVicKRMAAEIoE4szZQIAQAhlYnGmTAAACKFMLM6UCQAAIZSJxZkyAQAghDKxOFMmAACEUCYWZ8oEAIAQysTiTJkAABBCmVicKRMAAEIoE4szZQIAQAhlYnGmTAAACKFMLM6UCQAAIZSJxZkyAQAghDKxOFMmAACEUCYWZ8oEAIAQysTiTJkAABBCmVicKRMAAEIoE4szZQIAQIi4ZbI3Ukkvfv+6/9j+BlMmAACEiFYmD76dSiq1t1nj7OxG/33H2cZiUk6rC1u9ZyPldHS59+DIJeWZ/qOjNz6cbvefWeiUCQAAIcLLZPdR/fb4fy43u+Lhy70soExKQ2ly4XbvWVL5KGUydT590392urezPN9/9MmnTAAACDFAmaw2I6TH5ObL3pdvNSpjtx8+3es5Od42FkeX6hcraffgzffX5xqLscqkcaW23n/2RW383MH/uhOZMgEAIMQAZdI4XCZ9SdC6d3jh8OExttGKkJX5WqNVNc9uV8tptjxTlEmzUkrVmUe/b148k959lZ+sz05Mj9WuLtQbL/JPi6cxOpyu7ba+204jOTPVWPmpUklLY41s//XV8+nDF8+3Xzxv3jldLX6I32jeKFUmlu7Ua+fSqbXW2f5qUp1vPmztzkxp7H7r6NSsGSeVydX+0081ZQIAQIgByuSjXTPJI+RJ0gyJLNtamEyG5rtlcrDGfO3H/GOzTJLqYvc4L5OX9aTaLqLGldrdnfxG/n3Kl7NWjXSvmfSWydR666nu3K9cy9PkzdJUO1Hy15L9xXWYz247qyd45USZAAAQYoAyydf8mb4ok83d3Ud3Fmsx3mdSREh+qSR/7/vlvBC6ZfLy8dzkVKmS/4nFSbNM7h58cbNM8ifQ/bR6qJ3y86PKpHO2URTR9o3J6c7Tz9PoVG373kxpeKr/9FNNmQAAEGLAMhntXDDpnhS/m2snuEzmLqRb2V5y7mZ+6aJTJiPNJjk/v/ni+fbjm0eUSfpwdmK6uADSKpPt1mu3CtmxyyR79VNSXXi7/3prZeHs3EB/kRPbXjNLpn9uXSo6iSkTAABCDFgmU+cPLkf0LODfM+mUSfaqPnL+8tyz1u12mWwm5xeLrmhcqR1RJvkrry4OpcUP5s2HdSul2K2vj1cm2etSWu8cnqLlWdJ/9mmnTAAACDFgmWQr86VWmdzNX8EVY90yybJSN3g610weXJusVNKkUtvcXfuTMmn+gJ6UL1/9JX9KS5OTzadXOjNRnWy9kX1/q3gx2OZflMle9zVgpa/mO/d+9tt50n/yyadMAAAIMWiZZI/Hh1s/wZ+72X/Pad76janR2ftLd+pN1TNpY7//AXbUlAkAACEGLpMvc8Uv8iq2Pj1xq/Ubiu04UyYAAIRQJof38nFlqHUtaKg29/Bl/7129JQJAAAhlInFmTIBACCEMrE4UyYAAIRQJhZnygQAgBDKxOJMmQAAEEKZWJwpEwAAQigTizNlAgBACGVicaZMAAAIoUwszpQJAAAhlInFmTIBACCEMrE4UyYAAIRQJhZnygQAgBDKxOJMmQAAEEKZWJwpEwAAQigTizNlAgBACGVicaZMAAAIoUwszpQJAAAhlInFmTIBACCEMrE4UyYAAIRQJhZnygQAgBDKxOJMmQAAEEKZWJwpEwAAQigTizNlAgBACGVicaZMAAAIoUwszpQJAAAhlInFmTIBACCEMrE4UyYAAIRQJhZnygQAgBDKxOJMmQAAEEKZWJwpEwAAQgxSJuuzE0k5LUyvtw9HKu2Ts7Mbhx5tf48pEwAAQoSVSaXWPdxZnlEmf+cpEwAAQoSVSfmgTLbvxSiTtZu939NO0ZQJAAAhBimTzbmJ2vJOlu2V2nGyV2TJ6L2XO8szZ+c2+7/gmNtfrQ2l2zcml17132Of/5QJAAAhBimTbP918bEIkovj1zuJku/N/sEDP2hvvr+elCezV/Xqjefto+WZRrY7MpS2T/a3mreTodrmbvv+tcWbpdb7W6rXfmof2QlNmQAAEGKgMunZ2rftV3a97b/ng1dtRs73efOUypfbR8szyfBM9wFJeaK4Ueo8sru5C+mgV2oszpQJAAAhBiqTj3LN5EnnvSu5RvFNlmemD960str7gGSs0TzavHOzMtw+6fySMDuZKRMAAEIMUiYf5X0mjfnR7+pLd1q+uz66vJcf9pXJpfvbL5637exm2VZSqTV+yz+9lSqTE54yAQAgxCBl8jF+N9fFStr7aVKenHvWVyZZ/6/t+nHm4r1WwGRZtaJMTnjKBACAEEFlcjhC9t53eNzl733vWbWcVhe2+spk+qt0ZGxx6U79wle12nKWvWokw1Pbv689WJgfOVdTJic7ZQIAQIigMkn8G/DWmTIBACDEIGVi9u6UCQAAIZSJxZkyAQAghDKxOFMmAACEUCYWZ8oEAIAQysTiTJkAABBCmVicKRMAAEIoE4szZQIAQAhlYnGmTAAACKFMLM6UCQAAIZSJxZkyAQAghDKxOFMmAACEUCYWZ8oEAIAQ/wcX9ESv1FC4PwAAAABJRU5ErkJggg==" alt="Screenshot" width="100%" ></p>]]>
  </system-out>
  <testcase classname="org.example.Main" name="MapSection" time="22.005">
    <error message="Expected condition failed: waiting for element to be clickable: By.xpath: /html/body/app-root/app-dashboard/div/div/div/div[2]/div[3]/app-orders-map/div/div/div/div[2]/div/div/div/app-orders-map-tracking-view/div/div/ngui-map/div/div/div[3]/div[7]/div/div/div/button[1] (tried for 10 second(s) with 500 milliseconds interval)
Build info: version: &#039;4.12.1&#039;, revision: &#039;8e34639b11&#039;
System info: os.name: &#039;Windows 11&#039;, os.arch: &#039;amd64&#039;, os.version: &#039;10.0&#039;, java.version: &#039;21.0.4&#039;
Driver info: org.openqa.selenium.chrome.ChromeDriver
Capabilities {acceptInsecureCerts: false, browserName: chrome, browserVersion: 132.0.6834.111, chrome: {chromedriverVersion: 132.0.6834.159 (2d77d3fc445..., userDataDir: C:\Users\I-Eng\AppData\Loca...}, fedcm:accounts: true, goog:chromeOptions: {debuggerAddress: localhost:64546}, networkConnectionEnabled: false, pageLoadStrategy: normal, platformName: windows, proxy: Proxy(), se:cdp: ws://localhost:64546/devtoo..., se:cdpVersion: 132.0.6834.111, setWindowRect: true, strictFileInteractability: false, timeouts: {implicit: 0, pageLoad: 300000, script: 30000}, unhandledPromptBehavior: dismiss and notify, webauthn:extension:credBlob: true, webauthn:extension:largeBlob: true, webauthn:extension:minPinLength: true, webauthn:extension:prf: true, webauthn:virtualAuthenticators: true}
Session ID: ddd3a4f0b4cafcdf74822d227250d71b" type="org.openqa.selenium.TimeoutException">
      <![CDATA[org.openqa.selenium.TimeoutException: Expected condition failed: waiting for element to be clickable: By.xpath: /html/body/app-root/app-dashboard/div/div/div/div[2]/div[3]/app-orders-map/div/div/div/div[2]/div/div/div/app-orders-map-tracking-view/div/div/ngui-map/div/div/div[3]/div[7]/div/div/div/button[1] (tried for 10 second(s) with 500 milliseconds interval)
Build info: version: '4.12.1', revision: '8e34639b11'
System info: os.name: 'Windows 11', os.arch: 'amd64', os.version: '10.0', java.version: '21.0.4'
Driver info: org.openqa.selenium.chrome.ChromeDriver
Capabilities {acceptInsecureCerts: false, browserName: chrome, browserVersion: 132.0.6834.111, chrome: {chromedriverVersion: 132.0.6834.159 (2d77d3fc445..., userDataDir: C:\Users\I-Eng\AppData\Loca...}, fedcm:accounts: true, goog:chromeOptions: {debuggerAddress: localhost:64546}, networkConnectionEnabled: false, pageLoadStrategy: normal, platformName: windows, proxy: Proxy(), se:cdp: ws://localhost:64546/devtoo..., se:cdpVersion: 132.0.6834.111, setWindowRect: true, strictFileInteractability: false, timeouts: {implicit: 0, pageLoad: 300000, script: 30000}, unhandledPromptBehavior: dismiss and notify, webauthn:extension:credBlob: true, webauthn:extension:largeBlob: true, webauthn:extension:minPinLength: true, webauthn:extension:prf: true, webauthn:virtualAuthenticators: true}
Session ID: ddd3a4f0b4cafcdf74822d227250d71b
at org.openqa.selenium.support.ui.WebDriverWait.timeoutException(WebDriverWait.java:84)
at org.openqa.selenium.support.ui.FluentWait.until(FluentWait.java:230)
at org.example.Main.MapSection(Main.java:481)
at java.base/jdk.internal.reflect.DirectMethodHandleAccessor.invoke(DirectMethodHandleAccessor.java:103)
at java.base/java.lang.reflect.Method.invoke(Method.java:580)
at org.testng.internal.invokers.MethodInvocationHelper.invokeMethod(MethodInvocationHelper.java:139)
at org.testng.internal.invokers.TestInvoker.invokeMethod(TestInvoker.java:677)
at org.testng.internal.invokers.TestInvoker.invokeTestMethod(TestInvoker.java:221)
at org.testng.internal.invokers.MethodRunner.runInSequence(MethodRunner.java:50)
at org.testng.internal.invokers.TestInvoker$MethodInvocationAgent.invoke(TestInvoker.java:969)
at org.testng.internal.invokers.TestInvoker.invokeTestMethods(TestInvoker.java:194)
at org.testng.internal.invokers.TestMethodWorker.invokeTestMethods(TestMethodWorker.java:148)
at org.testng.internal.invokers.TestMethodWorker.run(TestMethodWorker.java:128)
at java.base/java.util.ArrayList.forEach(ArrayList.java:1596)
at org.testng.TestRunner.privateRun(TestRunner.java:829)
at org.testng.TestRunner.run(TestRunner.java:602)
at org.testng.SuiteRunner.runTest(SuiteRunner.java:437)
at org.testng.SuiteRunner.runSequentially(SuiteRunner.java:431)
at org.testng.SuiteRunner.privateRun(SuiteRunner.java:391)
at org.testng.SuiteRunner.run(SuiteRunner.java:330)
at org.testng.SuiteRunnerWorker.runSuite(SuiteRunnerWorker.java:52)
at org.testng.SuiteRunnerWorker.run(SuiteRunnerWorker.java:95)
at org.testng.TestNG.runSuitesSequentially(TestNG.java:1256)
at org.testng.TestNG.runSuitesLocally(TestNG.java:1176)
at org.testng.TestNG.runSuites(TestNG.java:1099)
at org.testng.TestNG.run(TestNG.java:1067)
at org.apache.maven.surefire.testng.TestNGExecutor.run(TestNGExecutor.java:308)
at org.apache.maven.surefire.testng.TestNGXmlTestSuite.execute(TestNGXmlTestSuite.java:71)
at org.apache.maven.surefire.testng.TestNGProvider.invoke(TestNGProvider.java:113)
at org.apache.maven.surefire.booter.ForkedBooter.runSuitesInProcess(ForkedBooter.java:385)
at org.apache.maven.surefire.booter.ForkedBooter.execute(ForkedBooter.java:162)
at org.apache.maven.surefire.booter.ForkedBooter.run(ForkedBooter.java:507)
at org.apache.maven.surefire.booter.ForkedBooter.main(ForkedBooter.java:495)
]]>
    </error>
  </testcase> <!-- MapSection -->
  <system-out>
    <![CDATA[<p><img src="data:image/png;base64,iVBORw0KGgoAAAANSUhEUgAABDMAAAIGCAIAAADGMlPIAABT/0lEQVR4Xuzdi18c533v8f4Heb2SNk2aRG3s5PSS3pJekqan5/QQJ3bS2o1r10njJJUvkm3ZjnNx26RNnDq2k7UN3gjJlgySZVkX1qyFkbCxBBiEkEFIICEkjISEhCSEkMRVLLdlYc8z8+wOP2YR4hkWxMLn+3ofafaZ2dnF5+k5z7czg37jhpebgeTqHhrtGx4dGBkLj0ZHx6JjY1FCCCGEEEISMzA4csSO2viNxGUlMBO3BFtpJoQQQgghZDpRnaTGjtr4DfdOkiJRq/3IWHQ4MjY4MtYXHu0ajFzqj1zsj5zvG2m9MnL2ykhLb/h0T7i5O3yyO3yiO9zUNawc7xo+1jncKLzfcVXysGO2453WSZq6wie6htWZT9sfcaY3fO5K+NDZK219I+oLdA5Grti1ZCgyNmI1E3oJIYQQQgiZPLqW6NBMUjVqwR8Zs5b+w6Nj/SNjqgx0D42qVnB5IHIxNHIhNKJ6gm4pyjm7q5zpHWnpsbpETG/4VM81WN3Drh+KqjrqDKqHnO0N63Oq87fZn6UKyZHWPvXRXYOjPUOR/vCoqiXh0THVneglhBBCCCHkaqGZLJDYl01UObE6gGoCAyNjqhIofcOjfWGrq/QOWT2hZ8gqLZbBiPqza9DqD4qqMdOhD+6y32udIb6hzqzOrz5FUZ94sj0UCluXSgZHRtX3UZWJWkIIIYQsgIwR4inumXSV0EwWSNT/jY+OjY2ORe1yElV9YNiuKIOqHthFRXeVkF1XQnFWb9HCjrGriB9gH++cIXZO+/xWFbE/seVSSH30sH0Hl11L1Beb/pwkhBBCyHyJe4FJSDLinmfx0EwWVMbsSxO6oozat3hF7K4SZ/WEsH1dxRZ16F3TId4VO098V+xT1Ceeuxyy24j1Tcbsb0UIIYSQ1Ir6/8NHR0cjkciInTAhM46eS2pSqak1aT+hmSzkWEXFxb7va2p2sZkg8Ri3iZ9y/nL/ZJONEEIIIakRXUvUInJoaKi/vz8UCvURMuOoiaSmk5pUampNWk5oJos97uoyDddMW0e/e4gQQgghqRO1ZIxEIuFwWK0je3t7u7u7u7q6OgmZQdQUUhNJTSc1qdTUUhOMZkLmIjQTQgghJHWjnwTQtWRJxQog6XQ5SXzmhGZCkh+aSWqle2jsfGh05tR53KcmhBCSgtG3cg0PD/f29iauKYGZU1NLTbDEG7poJiT5oZmkUDoHk1NLNHW24Yj7IwghhKRWnGbS3d2duKYEZk5NrVlpJmoV0nol0tgx8v5lW4cjYukUuizHu63fS+s+C1lYoZmkRC4NuHtFsqgzuz+MEEJI6kQ/ZDI0NNTV1ZW4pgRmTk0tNcESHzWZUTMJDY99MrP9hlUXb1h98YYXL97w0qUb1iqXb3j58g1ZHTess3w6u+07RX1Li6586tVLN27qvnFTz41bekpaR9znIgsoNJP5n8Q6kXTujySEEJIicZpJZ2dn4poSmDk1tZLfTDL39U3dTH4/u+3Ot9UnW//G3y3bLjrN5Matve5zJSk/ePw/vnn3dxX3jqRGf8Rsf0rqhmYyzxMenYtmEqabEEJIaoZmgtk2K83kk7++MEUz+YPs1tLWcO+wfup+rHMocuOmLqeZdM3Ow7L/78u3fPLTf6i4dyQ1+iNm+1NSNzNvJsG8Yqm8RQ+fc433THzX7CX4g2WPBtvcoymbxBYxS3qGZ+V/zAkhhMxqaCaYbdehmdxb3KVqSWTU+jz1f3qHR298bbyZzNLTJjST+ZCZNxNfRsD/0raYzEBOnR5u8PmD8fFguj/QOvFdU6QquOauu5bdfseyHz69tfj4Zffua2X2mkmVf9ntv6pwj9rpLnjq9h+86R6dcYYjc9dMznNPFyGEpGBoJphtc91M7ivuVFVEf5j6IxwZe+X4sLybK0QzWbhJRjPJH39RVzzeTHIb4qNtRdnTaiZV/sduv+OxbvELo8IXSm9f+qvx19PIrDaTF7+7zD2qcnrrg3fMSjNJLA+zil/VRQghKReaCWbbnDaT24Lt7f32PVx2IqNj25uHPy2egKeZLOzMo2bSUfTga83uQZUzuT8uMLhyMqvNJNrx9ouxH3A8T921Qg3O82by2azuxEGXtn4umxBCSIqFZoLZNqfN5JHy/u6h8WYyFB77pzfO3/haN81kkWT+NJNTWx7fM+getNN/+0NbY5utb1ZFo/XBjNvvsG73ig1Gen/8vcfuUiN3P7bnQtjVTIrXP/Xo0hW337Eiq0LUlfh5Hrx7/DzB9CfusY5cds/3njrWER4/OB6rmagvk3BD1+3Lt56KTmgm5+re1qf68fqK9vEzVQdbY99W7Xr0vzcWn5zq10sMRa72r5eE7s7q+oCS3fX9g4MJeyc3nWZynhu6CCEk1UIzgWfPnd4+6bbL3DaTPYOnr4xZ/3aKfVjv8OjfvNZKM1k8SUYz2VZdUx/zdsF4M9lQHh/fn/PStZvJs07TSMiPnV2tb77g/4m83Uv9BLcvzXRehE/nPrh8vJn88K5l4wefefOH+fFyknAe921ak93XZDeT6IblE4+sy97eYf0tm0nYeXukPmupc3z1t5c+9m3/eLHprsx8qvSq//2v/u8qWs1Ebz+xObZxTTQTQghZkKGZpKKPldz70YTBKXyi7P4P7rznt3dPHC9f9uGyh1wjv1VqbXxo17KPJZwk0d8e+Nl9769VG+pPtZ14gDYXzeSvXj791Y3Nf772zJ+tO/dq42hbyC4n9ud1Dka+sPn81M3kP37y33q5f6Cm1ln6K8+mvxAOj/+viL/y1X+Ue5Xb7/yGszexmdzwv/5Ij/z1F/+upeXMn3z2r/TLb3zrO5/+wz9xTnLTzf/gvEV951df2+z6lCf+5ynnAGdQv1T/WeWR6qVz5OLMzJtJsvLo1ZvJC6KZPLhlwh1fqi10y9f2eWLNpLvIdRvY+EcknOeFu6766U50M3Hd0PXUXSv0xlXv5tqXWRXbqv52Vv2EXdHot+943DXipK3fXRvi4s2kZ/jj2U7fGMk8PniqLfSBvL5T9sjTW7pebR46fGEor8V6qZvJsUM9T58eSTjhOPeXIIQQMr9DM0lFps3kgzvvSxycRLyZTN8Pjm/86cmA+jNxl2PWm8kfrD67sWGo4tzwurq+P8puX7G7b9/FscGR2JUT9akZtX3TbCaf+bO/cLWCO79xtz7muXS/a5e2Zm2WPsDVTLa9me8co2qJGnGaSeKnvJy9Xr9LlRbXLu3godji0RnRL+9d9qAzsvS+ay9GF3xSrpm8cGDCri3fc79LdYxYM6nM3GLNo/FkORdGEs5zLvjEE8H6iVdj3Ik1E/uGLqd/O3eaTaeZjF+0iWeKK0WJtSEufjdXVterF8KuvR/I7smxNz488SKJ1UxOX/nCeJOZnPtLEEIImd+hmaSi+dNM/vbAz546tW2KCyZL5qCZ/PrQ8EDYukKizr+/bfgz6y4+tPvKvvax86Ex+8LJmPVbg8W/ZzJFM1HuuW/5r559XrYCdUBl1T454nK4/kh0YjNxrpYoJ5tj/8tsp5kon/3LL/zPL56WJ3F9jUQjI9a/Xi9fylryre8sdX6cxZz500ymWKP/UDQT61ENkfHSEo/znMm54E/04yhS7KCE81iJhM/te1Mds2Wfuz/oxJtJdMtDy2KXXOqynWdjRDPpv+uOZc9ueftUd2+3UpzhNJMX9sUPiUd9W/dQPNe+ZhIafXtnV7Ue7Bv6ymZdV2LN5ANbrsh3fdZuMl8oG0g42wTuL0EIIWR+h2Yylz5R/qDy8dL7fqvUuo3q4+/e99HdD36s9L4PlTxgHVC+7MMl93343eUfK1/x0eJ7Pli07EPFyz5a9uCSigc/UnTfx8of/EjxvfqOrFgz2a0OWJ74KUvK7v9I2QMfK7v/g0XLP2F/qGom6k+1S532t3fd+5FSa9zpIb+58x71NT5R/sCHdt6rRz6YcDfXh0rcH/Sb9nfWF0zUn6690qw3k6yGSOeg3UvsCb2/ffgzr1jl5JXGyKnese6hsTeaw9O8ZrIl53U9os7jLPrPtbbKhuC8yxn51B/8sXqZ9uWvysO09xuPOcc7zUT1Fj3S1HRCntbZ/syffs5519fvuEsPqh4ij5EGBiZ/1HoRZubNJFnPmagiMZ0n4F2NYvwyiBjRzSRc6lSChCScZ0K6KxIfc4+KZmLdJ2aXnKfuiN3KFR1vJrWuG8PE1zC7ZjKd50zy3u6qsDfuzY6NOM1kkmsmoeGc7V05nYknHOf+EoQQQuZ3aCZzL/EKhmoC1kb5st8ssfrDErtCJB6mKoo+wGomu5fF3nV16gz60opzKnXa8YstsWay/EPxD12y+/6rNZMlFQ/IFvTBXferP2+pfeab9b9WG+pPtT3x+HGz3kwe3z14rHtsJP5gyVBk7IGdHX+9+cJ9pVfePjO6r33s/pLeaTaTM2fOOoPOuv/suXPO9t/9/U3OAZ/76y8641FxzcTxp5/7a+fgqGgm/3Db7c6gPIOz/Uvfc84BzuWav/7i38ljHPJZF5KMZpKc380VDZVe9bcGvx1/XCShURQ/vcz1W7R+7Dxn0vrmhpMT9zlJOI8rt98x/lS9k/FmEu3f8yvrc8crk9NMWt903ZZWv2aF00xu91fLXVHrOZOfuEacXBmeqpkcvjB0+MLAx+MVJTO3q6QjXFHT4zQT5zmTlxuGzjtPwHeEPr49lHDCce4vQQghZH6HZjLXyu7XF0ws5cs/tOveD+68x2kmzs1UVjMRxePjZcs+pA7beY/TTNTLD5clnFzb80DstJM1k/HKoT9O3sEV356smaz47V336A2rF+2xNuSlkikum8x6M/nUqrO/qg4394z1Wfd0WXtVOfnWjks3rr/8B+vO/uG6a/9urn//z//Sq/zLl+1fS2THWfqfOXvW2f6Xb8YeO1FRBcMZj07WTD7zZ3/hHKziPF4iTyLP4Gy/8uprzgGqLOlBfWXG9RHKP/3zvzgHk3nUTPS/tHjXY7JphC9U3L40Y/x1YqOINN/+I/GAx5k3H3xowu/mmtBbnMdIEs4z/tu0VCJnbv95kXgdi2gmKs0P/ugJeZEnfs2kectDy0LxwS0/WvbtpY+NPwFv/W6u8XLSXprxwoGp/vsnNodZxb9nQgghKRfPzeRv9v/0l6ffvBTuHR4dCY+NqD/V9lOn3rih4tHEg6F9tPhepyR8pMi6X0tvT91MflMVknf1ZY3l49dMKlZ8eNc91k1ZCT6407qgYW9Mo5moc8ZObt0eNkUzWWKXkw/uul/Xkumb9WZyw+r2//tqZ+WFsYvxf2NR/bnhaP/nXjl744auG1/tSmIz+cM/+axzgKoKznhUNJM//vO/dMZraw86x0+/mXxn6X3OAVnrXtGDX/nqP8pjpL6+Puf4RZ551Uyi0f5jW564/e4niisq9lRUPPUD658EqZW/eyuhUag8e9+yrILaYxd624/X3vPNx0699rjTTEJ1G+/6XsaWgoru7t49FW/fdVf8SkjCeW7/5uPbKyrqT/ceO1Dx6N3Lii9O2KszsZlEx59a0S/jz5mED6z59n9sVJ9YHMy857nS9sat48+ZVJ7Z/h8rgsX1au+WX1j/4L3z9kmTWB5mVfeQ+3/SCSGEzPN4ayZ/XPmjo31nh0fd/3jX0Gj44cb1v1vxcOJboNgPcsQumFir/FgzWX7NZhJ7V9n9spmoIjFeKgR9q9WSCuvxkmk0kwedD1KnnbqZLKl4wLSWLJmLZvLixU+92HagPXJleLyZ7G4dvnnL6WQ1k58+8T/Oy8/+5Rd27ir6zJ9+zhn5debqqHjORG3/+V9+3tnrlJNrNpPPf/H/OC9v+Yd/2r6j4J77ljsjjcesR1bk8Rs3jf9+4a987VbnnIs586yZLOxM8gT81Ln6oyazwv3xhBBC5n08NJPff+/7I2NT/b/5+Rf3q2MS37jYld5n32Fls57ZePCjxdbIh0vj3eAqzWRJ+fIP23dnfbR8xYRmYtebxArxOyXWaX+r5IHfnFYzWfGJsmX2t7r3d/Y8cK1m4sWsN5MbV7UVnRkesf8Fk6g9p3uHx/71rcs3rruYrGYSFb3C5S8+/7f6eNdvDW4+dco5pmqfdcfLNZuJfOny7X+7d9Ljc17PdUYoJ9FkNJPxx99tJzv1cJdrfGjiuxZljJtJdA4vm/QMu//HnBBCyPyPaTO5oeLRwYRLJYlRx9xQ8Uji27EIzXoz+X+b2y8O6N8PbH1AZHSs4vzIp9e13/BKZxKbSUvLGVdb0Novxm6USfyXFv/qb/63Hvn9z/xZxd73ptNMCt/Z9dm//ILrIz71B3+sf2Vw4vHRib+huKuryxlfnJl5MyHTjpdmcmnAXSFmg/oU9wcTQghJhZg2k7/Z/9OxqHtd5+RY6Lzep45RRya+PSnah3sSBz37Zv3KQPt7iePX1NR/IXFwNnz36Isn+9v7I8OucfW11Zffcubdk10XJl6NcZ/h+pr1ZpLTNDo4Ejv3iKolbeFPZ7XfsL5z+s3EKFX7ql9c8/L+AzXuHUlN2e7ytVnrCt4udO8gU4ZmMofx0kyic3LZxP2RhBBCUiSmzaSqp8l9iniKOut/t+LhE/0X9Et1ZOLbp9Y7MnBuqOP7x16t7j35Rvu+xAO0OWgmtx56VpWBxIOlOWsmF4a7d1yqSRzXzUT9mdz/IEk3683EVzNyunc0HBkbHhkrPxf+1MuXbljXMUUzuTKzZkLmc2gmKZHZu3LC1RJCCEnpmDaTq93KNRAJf7LikbSaXzhrvsFIOPHtU/jR8dcC7ZXOy+5wSL1UK+/150vHomNq5K56/8hYRK3CnYW42oiMjd7//tol9jJdHRkeHXHO0BcZ0ht7u4/pA97tPDI0Gu4Z6Xc+Qp1ZtSDdTM4Odqjzh+x3qQ39U6ht/QXUmb9e97x6eWqgXX2o+lM2E9Wm1KD6j3Bz7TNqW59Qf65zhtODl5bEfwr1NdT2l2qeUhuqj/3Rez9Q23u631efeGbw8hL7R1NvuTIyuPJMob5Ipc6Z+BM5zWTThQr1H1DvvRzudb7YfDArzeSPVrc7zeTvcjp3nRs91Tt2omds2dsdN2R10EwWbWgmqZKeq/7zJjPi/hhCCCEpFdNmMjwau91dJjwWea/n+O9WrNh+afwOl2FREqZDLcEV5+W5oQ61/lYrb1Uk/r1pk1q7H77S8tSpbS+e3aWbiRrc1VG3/P2Xmwfa/77mSb1A/96xV5wzJK7jD/Q2f/foixXd7/tOb1cqe46rPlB3pUUXiVfbdt966NmCSzVqia++ifN21Rw+X/1fPz0ZUB1GlZMLw93qZW57lWwmR/rOqsrxRHPuEruluJpJf2T47iOrfnU6X33P90Ot6qdQ1LiqIuq0Wy5UvHSuaGNbua5M6qPV16jqaVLfTX3JJXZL0SdM/ImcZqJ+ru2XDiyxr/Y4nztPzEoz6R0ak7+b6w/XXf7cxo7/lXXphpcvT91MNhwbdp+LLKDQTFIr3UPJ6Sf8gmBCCFkYMW0m4bFYM+mPDKkltWoLavu/TuR8suKRrx381ahYeqojE98+has1E70ol1VBN5Om+G1j4dERtVcv0+UJJ13H6xH1XqdXOB9xvL9tIBJWLUJ/E/12tdf5idSIOlIVD+ckzmepmjQ4Gv7xiS1LEpqJOoNTFeR1D/UR4XjNU6dSPaSm95T6qVXtUXtVSwlFhlTvWjK9ZqLfov58t/OIKif6sHliVppJ1Pq/+OixjpH3L8d1OCKWTqErJjTC8mWBh2ZCCCGEpG5Mm4lzN9f+3pP/t+Z/frfiYb1KvrHi0aGJN3qZ3s31R+/94MJw93ePvqhfdodD3zv2ilMb1LZzF5ZeiBd11j/wfrbz9sRm0jsyoE+rKoc+QN/v9PW659V33tP9vr47S51Z7XIqR1ZriWwmSot9F5aW0fLWs/Z1DHXaxOdMXjlfps6mT7jErjp63NlQb78yMqi3H3p/nfoZXWdQOsJXnO3Cywf/5XCG00wSfyLZTLZfOvDK+dKuyc55fc1WMyEkMTQTQgghJHVj2kwuhnv1GyNjo/oZ90/vfez3Kh7+Pwd+7vqdXRfNn3bQT8CrcrKv94R+At5pJvpurp+eDLzQ8pZzN5fqBp+v/q+c9r23Hno2sZmoRvGdo6vVXv1Qhzqg7krLXfX+yp7j+m6uXR11X6p5ar/9nImqIq+3V6pPUSdX26rD6Mc/lthlTH0ldeSWCxWqzJzsb1cfqrYTm0lZV4M6Un2Z0wMX9TMkelxtqMHnTm9Xg2rXz5tzn2wOLrHv5lLnUV/7l6ff1EeqT9T1Q6vvO/P3NU86zSTxJ5LNRDWiM4OXnRY0f9BMyNyFZkIIIYSkbkybyTOn35RvV+XkkxWP/Ozk64n/Hrx+lGL+SKwuC093OPTQ++sSx68vmgmZu9BMCCGEkNSNaTP54sR/zyQyNvq1g79qH+4Rp7Qyq/+eiTcLvpn8fc2T1b0nE8evO5oJmbvQTAghhJDUjWkzUdadf9d9lokJj0XUMYlvvL4WdjNRP92A4YM9c4ZmQuYuNBNCCCEkdeOhmfxexcPrWt+92r8EPzga/v33vq+OSXwjFieaCZm70EwIIYSQ1I2HZqL8ceWPjvadTXy2RI080vjK71JLINBMyNyFZkIIIYSkbrw1E+33Kh7+4v6frT67c8P5MvWn2uZSCRLRTMjchWZCCCGEpG5m0kyA6aCZkLkLzYQQQghJ3dBMMNtoJmTuQjMhhBBCUjc0E8w2mgmZu9BMCCGEkNQNzQSzjWZC5i40E0IIISR1QzPBbKOZkLkLzYQQQghJ3dBMMNum1UzUghIAAACL2fnLoXMXr7S0db1/ovXj5Q8BSaemlppgapqpySbn3oRmIisLIUa5fPmyM5PUxBoYHAEAAKmofyDcFxrq7gmdb7v4iT0rgKRTU0tNMDXN1GSTc08UE5oJmUHkTKKZAACQumgmmG00EzK7kTOJZgIAQOqimWC20UzI7EbOJJoJAACpi2aC2UYzIbMbOZNoJgAApC6aCWYbzYTMbuRMopkAAJC6nGbSduFS4poSi9PHdj/0O7sfTJaTpy/QTMgsRs4kmgkAAKlLLRZD/cM9vf0X2i8nrlCxCKlakvhvkszE2fMX1QRT04xmQmYlcibRTAAASF26mfReGbh4qStxkYpF6Hd2P5jYLmbiypUraoLRTMhsRc4kmgkAAKlLLRYVtXDs6OxNXKRiEUp6M+nv71cTTM80OffkepJmQrxHziSaCQAAKU0/aqLLSfvFzgvtl9suXDrfdhGL03sHmztnnK6uru7u7t7eXlVLwmFrgrlqyQDNhCQrcibRTAAASGn6hq4rfYPdPSFVTi539Fy63I1Fa//Rc33JSCgUUrVkaGhoZGQk8VauAZoJSVbkTKKZAACQ6nQ56QsNqX6i9F4ZwKJV13QxnIyM2IlEIqOjo4m1ZIBmQpIVOZNoJgAALAz6SQAsckeaO8eSGrV0TJxsAzQTkqzImUQzAQBgQUpcs2IxmF4zGaoqKa462uYetuNeONJMyKxGziSaCQAAwIJx9FSXe+UXzzNpadG+hjXL0wqPdeqRkueW3pL2rYlHTZLETxmgmZBkRc6kpDSTvB3v+TICz77wev5blYl7venpDaXZudzRrUdK3t2tXqqNRx793je/+c1zrRcS3zVzW14v3ZTzrhxRP1rbhdh3mEL2hsLEQUf/QHjFiofV9//a176mfpDEA6b25JNPqffWHT4qBxNHAADAIjd1M0n71vMH+9zjad9Y4x6amMRPGaCZkGRFzqSZN5OOzlBG5huV+xr3Vjas37hTjeQXVBbuOpB4pBG15tbNpKbmkB6Zs2bywqptzsue3gH1cubNZNeuEv3jqDzw4INqZM3aLP3jTMekzeT59IwrfYOJBwMAgEVr6mbyyPbY1RKZn3w5zT00MYmfMkAzIcmKnEkzbybVB443Hj/nvDzaeNaXEdDUy1MtF5/z56rtotKD6qVa4qvj6+pP6b1t7d05wd1qu7K60XVatXz/xVNPr1r94r/921I9MmfNJDdvj6pb+qVqWdvfrnKayeq125994fX6oy36ZVdP//O/zv31i3l7qxp0M+kLDamfVP1Eb+54T55WfWHVLpyX7zc2OUVF9Q31s9x999033XTTrbfedrmjxznma3ZqDx52mkn/QPhLdtSGHlFuvfXW+iPv/9M/fV3RXUXtvfe++5yP8HCVBgAApKIpmkn+c88/H7PZvW/KJH7KAM2EJCtyJs28mfSFhtVCXPUNtSjXIytfelNfM1G71q57Sw+qtfuR98+oJX76yqBqL3owc03+mXOX1YYsA5paTzceO3H23AW10W//rrrEZnL46Gn5luMnzsuX3qhmor6J+j76pf5ZdDNZ+eKbenBrbuna9dbP9bw/V4+cPnNJN5OMzDfUT6o2ag6eUD+vc9qNr21WX/7BBx9SNUOP6M6gt1WdqKmtU38+/cwvv/KVrwzYxUztzd9ecKDmUE9vSDeT5uYzN9988y9/6dP1I000E/Wus2fb1MaKFQ93dPb+6PF/11dmVq9+6c477+zpHVAlyvkyytnWDvkSAAAsDFM0E5XhyISXJe+WKM8vTfvJO8MTdkxM4qcM0ExIsiJn0sybiVJ35LQqJ6py6OWv00zUgv6td6r1MefbuvILKtWIWtbrke6e/pxgmd7e895R2SsuXupSy+7OritqCa42Ws9fHJismWx/u0r2mZeydjjbnqlmov5c/fL2AbtZqYriNBP1A+pj9h049vyvrW2nq6gjdTNRXetCu3XRo+Xs5Z3FNc5p1Q/yta99TX3/L33pSxcvdQ5MbCYO52f8x3/8x7R4JRuI381VXFyaJh68kc1E/TdRI6qQ6P8y6qW+RKNOqPaq0rhu4zvOp6judPLUrFxxAgAA19dUzSRy8Gp3c9FMyHWLnElJaSaO5/yvD4hm0nj8XPWB43pXV3e/WvSrJb7zCIrazn/L6iqac8llwH6CQi/cdX72xM8HJmsmaluXE7XUTkotGYg3k41bi1XZKCo9qE4+fs3kpVgPUT+Xbiny2RK9/fL6t0+fuaR/IvUju05+5uz5hx9+5LbbbhuY2Ey++93v3nTTTcuWLf/+93+gB+XegXgz0Zm0megeov7U/2X2VFSqvY8//h/qtD7fcwP2bWaqnOj/VtQSAAAWqqmaSTS6eXla2vdy5ciFd36y5kghzYRct8iZlNxmotfuTjO50N6TeM3EaSZq4b45MOG3YDnUSt1ZiKvc9Y1vDFylmVgL7lffUbUkWatt3UwqKhsOHz2tb9lymklG5hv6GOeaSeaafOeNupmsfPHN1rauxNP2XhnQG69s2KiKxMDE7qE2tuZYpc75Gb/61a+mJVwzWbM26+abb1ZNI/FuLlczCfUPp9nXZ/71X//VeUpetTj938r5VgAAYIGZupnEfmtwa6yHWL81+MvLo9E9NBNy3SJn0sybya6S2tLyw5X7GgveqVYLXzXy6uYitWTXTzKsWpt/+MhptZ2+MqhahGwmA/YVBrXcP37i/Fs79ztXGPSz3bvL9+qXNTWH1Eu1vJ60mSSdbiYD9i8L1r8+2GkmldWNr28rbzrZ9rw/Vz+yv2FTkfrZaw6eUB1GN5Ptb1U953+9rv6UGpf3p6nyoKuIyoZXXxsQ7UtVi3/+53/W29/+9nf0zxh8I++mm25yDnCegD97tk1tqOMHpmwmFXur9Hvtg+9wvgYAAFjYrtFMYhne925JSc0J9/BVkvgpAzQTkqzImTTzZoJ56Etf+tKx481qI9Q//JWvfKWOf/YEAIDFYXrNxCyJnzJAMyHJipxJNJMFKc3+/QEDdjNRLaX51NnEYwAAwMJDMyEpFjmTaCYLUtW+AzfffLPqJ1//+u364gkAAFgMaCYkxSJnEs0EAABgwaCZkBSLnEk0EwAAgAWDZkJSLHIm0UwAAAAWDJoJSbHImUQzAQAAWDBoJiTFImcSzQQAAGDBONna6175zSy9oeHETxmgmZBkRc4kmgkAAMBCosrJ0VNdydLRPZj4EQM0E5KsyJlEMwEAAIApuZ6kmRDvkTOJZgIAAABTcj1JMyHeI2cSzQQAAACm5HqSZkK8R84kmgkAAABMyfUkzYR4j5xJNBMAAACYkutJmgnxHjmTaCYAAAAwJdeTNBPiPXIm0UwAAABgSq4nvTSTW9d1fSBL6XbvmNvseTrtjHuMzGnkTFLN5Mzpk7YTUsupJgAAACxCrmVhfK148mzLOLme9NJMqvf1PvJOz59mdT3yTu8kyvqO9bvfMq1EOk+8tfKWL6el3XJb7qFO996E0Eyue+RMEs3EXU7oJwAAAItK4mpQLBTHa8m5M81yPemlmehUF+krJ5O4v8F98DTSl5Z22zO7Y4XkxIblaWlpEw9wh2Zy3SNnkmomanrJOTdpRQEAAMBiMmFxKK+WqFqStGYSvXglsZN4biYnXr5zs6tnVDzz893W32nfy9+3avltt6StPGS9fP6h21RpueU7P5HN5OfW4C2b41dankm7bfhErjrMfj38yHduUdvLn8w9eO0rMcQgcibpZqIl9BPqCgAAwMKWuOSbILGTJLWZRAcSO4nnZpL/vbSDrqHW3DtfPqH+Trtv5S1Lf7I+WGL1ijO5aXf+6GDNvpLg87fdHmsmfRXP3Pnv6w9WFqal3abf+ozqIbfcWfhuidruzHvkR+sKD1aWPHLfyoMR5+wkCZEzSTaTaZQTAAAALApyiTh7zSSa2Els3f992n3kNbP5vsRbs/akPb1H/ZWW9i1n6Jkvj9/itX6p/ZZDK2+LF5Izry3NbbUPS0sbjh9mNZPX3K1nQSXSmbZ8jRx45s5b+uTrWYucSaqZqLmVOPOoKwAAAItH4grQIQtJ8pvJrVldu1qGBkfd4x4y6d1cz1RYf6elPeOMPSIePtF3c6nikZa2tDOeYfuqyDOuZ1SGO3++9JY7/z3/zEK9ZiLKyZzVkuhkzcSROBcBAACwOCUWEqX17ClFridn1Ey+nNXlHvKcE+u/Zd+7FU9f4Y/TSgasLdlM5DWT2GUW65qJ+1l5dzOxow57JG/BPmiy5+nbGlQj6dvzrV/P3QUiOZNczYSKAgAAsMglrgxdtSSZzeTW9e5fHDyTf+Rk/UPWc+qb3yopCa5XG3f+yrqVKzqxmURPbY4/Z7JSPmeSducjJe+WrH/yET0im8m+jG8VVjY0VBamfXl5bsIdYwspqpx8K2Puakl0es0EAAAA0JxCkvxm8oGsrqfs5zpiGQypkUExQBZ25ExSzcSZYYmzEAAAAItWYiFJfjM5XO9+oiG31ts/skhSMnImyWZCRQEAAEDi4jCRXE/OqJmQRR45kyZtJgAAAMAU5HqSZkK8R84kmgkAAABMyfUkzYR4j5xJNBMAAABM0/lzpzW5nqSZEO+RM0k1EzW3EqcdAAAA0CraiCTXkzQT4j1yJulmoiVORAAAACxmiZ2EZkKSGTmTZDOZjsT5CgAAgJSTuMwzIteTNBPiPXImmTYTAAAAQK4naSbEe+RMopkAAADAlFxP0kyI98iZRDMBAACAKbmepJkQ75EziWYCAAAAU3I9STMh3iNnEs0EAAAApuR6kmZCvEfOJJoJAAAATMn1JM2EeI+cSTQTAAAAmJLrSZoJ8R45k2gmAAAAMCXXkzQT4j1yJtFMAAAAYEquJ2kmxHvkTKKZAAAAwJRcT9JMiPfImUQzAQAAgCm5nqSZEO+RM4lmAgAAAFNyPUkzId4jZxLNBAAAAKbkepJmQrxHziSaCQAAAEzJ9STNhHiPnEk0EwAAAJiS60maCfEeOZNoJgAAADAl15M0E+I9cibRTAAAAGBKridpJsR75EyimQAAAMCUXE/STIj3yJlEMwEAAIApuZ6kmRDvkTOJZgIAAABTcj1JMyHeI2cSzQQAAACm5HpyPjeT5l+8c8k9RuZT5EyimQAAAMCUXE/Oo2ay4xc/W/HyYfdoQlY+usk9RK5T5EyimQAAAMCUXE+mXjNZQTOZN5EziWYCAAAAU3I9OZ+byeGf7bDu5lrx2LMXuvt6zxx/8Z2z4d6+FY9u6FUve0fEkeT6RM4kmgkAAABMyfVkajSTsBjlmsn8iZxJNBMAAACYkuvJFGgmh7Zkrng8c2Vwnx6lmcyfyJlEMwEAAIApuZ5MgWYSy2jfisc2RGkm8ylyJtFMAAAAYEquJ1OnmVidJNP+k2YyXyJnEs0EAAAApuR6cp41k0djXqyJOs3kFz9+0hp8/JlT9uMmx3ZsUC8fe37vxHeT6xA5k2gmAAAAMCXXk/OomZCUi5xJNBMAAACYkutJmgnxHjmTaCYAAAAwJdeTNBPiPXIm0UwAAABgSq4naSbEe+RMopkAAADAlFxP0kyI98iZRDMBAACAKbmepJkQ75EziWYCAAAAU3I9STMh3iNnEs0EAAAApuR6kmZCvEfOJJoJAAAATMn1JM2EeI+cSTQTAAAAmJLrSZoJ8R45k2gmAAAAMCXXkzQT4j1yJtFMAAAAYEquJ+eumTSGGrHAyJlEMwEAAIApuZ6kmcA7OZNoJgAAADAl15M0E3gnZxLNBAAAAKbkepJmAu/kTKKZAAAAwJRcT9JM4J2cSTQTAAAAmJLrSZoJvJMziWYCAAAAU3I9STOBd3Im0UwAAABgSq4naSbwTs4kmgkAAABMyfUkzQTeyZlEMwEAAIApuZ6kmcA7OZNoJgAAADAl15M0E3gnZxLNBAAAAKbkepJmAu/kTKKZAAAAwJRcT9JM4J2cSTQTAAAAmJLryXnUTF7+z0cf/uF/viVGnnvo0aX/+WrikZgn5EyimQAAAMCUXE/Or2byWM7Opc/lxUfq7n9xp24mde8HX/if/15676M/WmXvPfHqY/c+sf3VJ9XIUwVlRxJOhbkhZxLNBAAAAKbkenK+NZPKpff7YiNnN2cebdTNZN/29P9c9WpNa+XD9z9q7bKayfcf/vXmmuYSq67kViaeDXNAziSaCQAAAEzJ9eS8aybbXnh0n/WyLPOHVglx3c21N+e/94Z0M7ErirI/8/57v594NswBOZNoJgAAADAl15Pzrpk07svMPNqo/rz/3icb483kSPOOl194Yum9jyruZiK3MbfkTKKZAAAAwJRcT86/ZqLayEOZP7//+8/tswbtZlK79Geb7Qspjdt/ndBMuGZy/ciZRDMBAACAKbmenI/N5JWfPfrwq2V6UF8zWXrv4z9/s2T3vs0PPPx9p5k88PTLPGdyfcmZRDMBAACAKbmenI/NpG6nz7qhyx7UzeT1VU888MCj9z/8xJEKv9NMXs+yfjfXL4sq+d1c14ucSTQTAAAAmJLryXnUTAzwbMn8IGcSzQQAAACm5HqSZgLv5EyimQAAAMCUXE+mZjPB/CBnEs0EAAAApuR6kmYC7+RMopkAAADAlFxP0kzgnZxJNBMAAACYkutJmgm8kzOJZgIAAABTcj1JM4F3cibRTAAAAGBKridpJvBOziSaCQAAAEzJ9STNBN7JmUQzAQAAgCm5nqSZwDs5k2gmAAAAMCXXkzQTeCdnEs0EAAAApuR6cu6aCVl4kTOJZgIAAABTcj1JMyHeI2cSzQQAAACm5HqSZkK8R84kmgkAAABMyfUkzYR4j5xJNBMAAACYkutJmgnxHjmTaCYAAAAwJdeTNBPiPXIm0UwAAABgSq4naSbEe+RMopkAAADAlFxP0kyI98iZRDMBAACAKbmepJkQ75EziWYCAAAAU3I9STMh3iNnEs0EAAAApuR6kmZCvEfOJJoJAAAATMn1JM2EeI+cSTQTAAAAmJLrSZoJ8R45k2gmAAAAMCXXkzQT4j1yJtFMAAAAYEquJ2kmxHvkTKKZAAAAwJRcT9JMiPfImUQzAQAAgCm5nqSZEO+RM4lmAgAAAFNyPUkzId4jZxLNBAAAAKbkepJmQrxHziSaCQAAAEzJ9STNhHiPnEk0EwAAAJiS68kkNJPD9S09o+5BshgiZxLNBAAAAKbkenKmzaTnYLEvI+BbW+beQRZB5EyimQAAAMCUXE/OqJk0bN9m1RLNX9Bakq821pS0uY8jCzRyJtFMAAAAYEquJ702k1Bz4fp4J5nIYzNpq1LvzS7vkGOrMgI5dXJguvFl5LuHyCxEziSaCQAAAEzJ9aTHZhJc7S4kM28m6SsDvg375ZjPTzOZ15EziWYCAAAAU3I96aWZrPKP95BV249ZQ7314+Uku/x4yP2Wa6etKqe6fpM/4AwMHdhV2lA1x82kfOP4FyDXjJxJNBMAAACYkutJ42biukLijG+aOF47IN4znbTZJaSxLNgQsV527s9WJ68r1s1EP8FS3dgUzAoUtdoH1BUXluQHSw7VtlivcjIDOSWHqsv3HrdP5ssI+jfvPdl8LF19ma319ti57IL91Y3nKgsK9FWdouyAb3XQelfNfl/GNuuQcEj9FD3dXT1D6iM6fJmFhxubivIK7LeTSSJnEs0EAAAApuR60riZrPEHfOKayfH47wu2OoBm753wvMh0optJ9Jwvt0H91VFe4FtZ5jSTbH9gTZF9k9hoU6xp1BX7Movjb474/BMukqgvoC/bHC/Y5ssolLusypFt3TNmNZP4pZUN8YqVM961GjzelraYImcSzQQAAACm5HrSuJlEY2v6q/K4oI81k6h1qcR69n1bYYtVP/TgxI+wC0ldsa4qVrprXR86fjeXKjCx7XDOxnx/pn2G7Kqo/insFqS39YZoJtGizUHfyvxW6/oJmTxyJtFMAAAAYEquJ2faTIqq6qtrLNnxZ+Jn2ExKNwQ6ohHf2r3WXVrjzWRXZXeXdZ+Vxb4cYthMqrcGN+w81HBWvb13ms1Epbqk2OcPyhEiI2cSzQQAAACm5HpyRs3ENb5jbRKaSXSgflXWttJOe1vczZUebxGxyGYSHfT5JzwNkthMxr9tZ+0UzWTHS+4fKnpwl/ggMiFyJtFMAAAAYEquJ2fSTFzPb0Rbi2bwLy06zcR+ZCW2FW8m0Wik5/j+dOsRl2BRQ5feNaEw9DbrvQ32k/eJzWTkbG3sIs/xqa6ZREPN6pj0gmPRaNcq+9avNXmHYrtIQuRMopkAAADAlFxPzqSZTM5jMyEpGDmTaCYAAAAwJdeTXprJyNnaYF7x1XTEf1sXWfCRM4lmAgAAAFNyPemlmRCiI2cSzQQAAACm5HqSZkK8R84kmgkAAABMyfUkzYR4j5xJNBMAAACYkutJmgnxHjmTaCYAAAAwJdeTNBPiPXIm0UwAAABgSq4naSbEe+RMopkAAADAlFxP0kyI98iZRDMBAACAKbmepJkQ75EziWYCAAAAU3I9STMh3iNnEs0EAAAApuR6kmZCvEfOJJoJAAAATMn1JM2EeI+cSTQTAAAAmJLrSZoJ8R45k2gmAAAAMCXXkzQT4j1yJtFMAAAAYEquJ2kmxHvkTKKZAAAAwJRcT9JMiPfImUQzAQAAgCm5nqSZEO+RM4lmAgAAAFNyPUkzId4jZxLNBAAAAKbkepJmQrxHziSaCQAAAEzJ9STNhHiPnEk0EwAAAJiS60maCfEeOZNoJgAAADAl15M0E+I9cibRTAAAAGBKridpJsR75EyimQAAAMCUXE/STIj3yJlEMwEAAIApuZ6kmRDvkTOJZgIAAABTcj1JMyHeI2cSzQQAAACm5HqSZkK8R84kmgkAAABMyfUkzYR4j5xJNBMAAACYkutJmgnxHjmTaCYAAAAwJdeTNBPiPXIm0UwAAABgSq4naSbEe+RMopkAAADAlFxPJqmZXK73ZQQsL+117yILN3Im0UwAAABgSq4nk9FMQg05mXYtyQi0h907yQKOnEk0EwAAAJiS68kkNJMcf6yWuHcYpa1qTUmb86q1JN+XkS92JyVtRdmB0pr66pr96f5Abci920PUT51T5x5cPJEziWYCAAAAU3I9mYRmskbfx5URGLFehVf5A8Gj7mOunblqJq2x7RZf9v72CXu9xGkm5RtnVsxSM3Im0UwAAABgSq4nk9BMCtfGmolvdWEwK+Dz76oecB9z7Vy9mdQWFFgn9wer4/eKWaVitCPdH0hfXx6NRjoOlqkD1uTVx98dyV4blMfHI5tJW6yZjPZuWB9Ub89+51jPqL0n3J4evwoUuxA02qG/g/iIWGLNpGW/Pjj+I7i/gM9ffLykUB2QvrZQvdxk7121tUrvLc2N/YB5B2beleY0cibRTAAAAGBKridn2kxyMgMbqtoOb9/mLOU79PreNG1VzhnirGbSUV6w41REH1K+MdBgn1ztzS7vsLZOlPuyyk/ag5WvBU6qvzprs/2xyxfBlYEhvRVLvJmEQxtWB8o7J+wr3RBQXUVt+OO3pQ1VFxZdsjbUNylstb9DQ9mmA4POW+xdsWsmOeJmNvkFfFutMuNz9oYOqeZmb0WOF2yrHLB+8NS9H0zOJJoJAAAATMn15MyaSa/+lVzBDeUtOfaVh7war/9b/7Yqf+7+aushEEtp7jbdTFQbiV/liEbrivMarb/VLt0ZoqP1/nda9M6T72yrjUZ7Kgp8GQV6pDY3cFhvxWI1E1170rPLJuyxD/ZlWxcxxu8iqyu2b0vr8m2s7YkNNfjyjsU27UzaTOQX8PmL9WHxnW2+zYf0ltV82tSP0ORbax2TipEziWYCAAAAU3I9OYNmEqsl9kI/132bk3GucjdX3krx/EZbVXZFV9Ra6BfXxoYanHept6jBhu2qIO3q6e7S7EdfnMi7uWKp3hrcsPOQOrIyEGsm6pjKs71Do+FNmfqSS5Nvq3VATGjCHWJXaSbjX6Cn23rQXjwz0+bLbYht1hVbzcRKpLSgwO8P5DUk46n8OYycSTQTAAAAmJLrSY/NxPk1wUrs8YwZ5irNpKOiIK8x8W6uqzYTfTfXVRb4kzQT52qGepduJq2l+S0Tn0/xZQRz6iY/pdNMdrw04W4u19HXaiaxqJ9rwut5HzmTaCYAAAAwJdeTnpqJdbVkW3beruRcLdG5SjOJjrb5/NsON7c01OxXDUHvnaqZRCOtpQW+rOLqmvq8zbG7quKZpJnkrAwU1p87XF62am3QuWbi6lpF660CVllTX1lSHpz4TIjTTKq3BoJVLYebrUs68guk51k9ZKpm0rZ/R3l9z9mm6vKy9Im3is3/yJlEMwEAAIApuZ700kzGn9bYGntkYiFl1cpg7HGXqiqf39VtyITImUQzAQAAgCm5nvTSTFTyNhZkFyTpasm8yqX9G6rHf/tWesY2sY+4I2cSzQQAAACm5HrSYzNZuGnzZRa22w+vV+4sTHfuvCKTRc4kmgkAAABMyfUkzYR4j5xJNBMAAACYkutJmgnxHjmTaCYAAAAwJdeTNBPiPXIm0UwAAABgSq4naSbEe+RMopkAAADAlFxP0kyI98iZRDMBAACAKbmepJkQ75EziWYCAAAAU3I9STMh3iNnEs0EAAAApuR6kmZCvEfOJJoJAAAATMn1JM2EeI+cSTQTAAAAmJLrSZoJ8R45k2gmAAAAMCXXkzQT4j1yJtFMAAAAYEquJ2kmxHvkTKKZAAAAwJRcT9JMiPfImUQzAQAAgCm5nqSZEO+RM4lmAgAAAFNyPUkzId4jZxLNBAAAAKbkepJmQrxHziSaCQAAAEzJ9STNhHiPnEk0EwAAAJiS60maCfEeOZNoJgAAADAl15M0E+I9cibRTAAAAGBKridpJsR75EyimQAAAMCUXE/STIj3yJlEMwEAAIApuZ6kmRDvkTOJZgIAAABTcj1JMyHeI2cSzQQAAACm5HqSZkK8R84kmgkAAABMyfUkzYR4j5xJNBMAAACYkutJmgnxHjmTaCYAAAAwJdeTNBPiPXIm0UwAAABgSq4naSbEe+RMopkAAADAlFxP0kyI98iZRDMBAACAKbmeNGwmrYf8L22blvXl7veSBRc5k2gmAAAAMCXXk2bNpDY34MsI+F4q6+nuuppNGfYxGQH3m6dOW5V+l88fzKtpd++dhWzwB9ILmt2jxCRyJtFMAAAAYEquJ82bSWZ+x+j4SN7aWA85HooPjXbU5hV4aCZrStr0Zm1usLBl4t7kxZfb4B5aAAk1+Qua3IOzHzmTaCYAAAAwJdeTxs0kp04OdKgGEszbtWZlIH3iin8mzSR6qnxN6SxdNulamM3ErojuodmPnEk0EwAAAJiS68kZNZP20nzVQNqjbUXZ7tu3ZtJMOsoL8hqtDXXanMxAaU19jz2enmFtV+4s9GVXtdrXbXwZhWtyqypr6oNZgcoTVXnl1l512JB9vHqvGqmuqd+wOlDUGomGQz3dh3xbD/V0d1l7MwL6E1tL8lcFqtRhpXn5ul+pEZ8/uCrXGnR+EHXa6pqm6vK95Z16YN5FlZM5vnIiZxLNBAAAAKbkenJGzSR6tNi3snAoOth6tMqXsU3s8NJMYs+ZqMKQV6/HVDMZv6ursSynLuKM+zbWRid8Sptv8yG9NVRdWGQ1jiZ5ecSXUWD/3eAMOs3El5HvHJbjt05oNZP4oNq2PsluJq1DsS8wXxPpqd5V3hp2D89a5EyimQAAAMCUXE/OrJmMNsWfhj/my64SO7w0E3/u/uqa+pOXrAsaOqqBONs9FQV237BiPe6ysiw6oVS0jfeQumLryO7a8dvDrCOD9t+TNpNi5zD1iT2xZhIbdJpJx8Ey9UNVNo9/vfmWnoPF6ZmF7tHZjJxJNBMAAACYkutJ42ZiXdMoHV/xR3ub12QV5LwTu14RjS3r3Td3XTvyOZN4ZDO5yjWTqzeTmV4zcTcTnZGzVenb5/SOqWlG1ZKiE85vIZijyJlEMwEAAIApuZ700kx8WRMuj7gS9Hv8rcHXaCajTbqNRO0bq7LLO6LXaCYRn1+3Efu9G/bbWy2+QOxWMaeZZNttREdfWpmimUz4oHmUyBxfLdGRM4lmAgAAAFNyPWnWTEJ1xc7TINfg13dPTTvXbCbR6Eh7fbp/wq8tnrKZRKPh9lUrrS+zauve+GHRoq3bdGtymola1uesD6rB9NUF+qLDpM0kdkzWdSgA107onHtkTiJnEs0EAAAApuR60qyZECIjZxLNBAAAAKbkepJmQrxHziSaCQAAAEzJ9STNhHiPnEk0EwAAAJiS60maCfEeOZNoJgAAADAl15M0E+I9cibRTAAAAGBKridpJsR75EyimQAAAMCUXE/STIj3yJlEMwEAAIApuZ6kmRDvkTOJZgIAAABTcj1JMyHeI2cSzQQAAACm5HqSZkK8R84kmgkAAABMyfUkzYR4j5xJNBMAAACYkutJmgnxHjmTaCYAAAAwJdeTNBPiPXIm0UwAAABgSq4naSbEe+RMopkAAADAlFxP0kyI98iZRDMBAACAKbmepJkQ75EziWYCAAAAU3I9STMh3iNnEs0EAAAApuR6kmZCvEfOJJoJAAAATMn1JM2EeI+cSTQTAAAAmJLrSZoJ8R45k2gmAAAAMCXXkzQT4j1yJtFMAAAAYEquJ2kmxHvkTKKZAAAAwJRcT9JMiPfImUQzAQAAgCm5nqSZEO+RM4lmAgAAAFNyPUkzId4jZxLNBAAAAKbkepJmQrxHziSaCQAAAEzJ9STNhHiPnEk0EwAAAJiS60maCfEeOZNoJgAAADAl15M0E+I9cibRTAAAAGBKridpJsR75EyimQAAAMCUXE8mrZm8unnXmXMX3aNkQUfOJJoJAAAATMn1ZNKaiS8jsPX1UvcoWdCRM4lmAgAAAFNyPZm0ZsI1k0UYOZNoJgAAADAl15MzbSbNp9p8GQGlovKIe59BYidx5NS5jyDzMHIm0UwAAABgSq4nZ9pMnvPnOnXizLmLPb0h9xHTymB1Tb1Smrtth71xstN9BJmHkTOJZgIAAABTcj05o2aiC8krr+0813pp7boC/dJ9kElaS/Jr3WNk/kbOJJoJAAAATMn1pJdmEg6PRCKj0XgzkfdxqXG1d/xQw7iaSXpGoLK+qXBzMKcudilm1UsFDWe78tarz823XtcV79hZsCa3qrpmv8+/a81LBdU19ZU7C31b69XOvMxAaU19Q2PTjs32wSTZkTOJZgIAAABTcj1p3ExONJ9XbSR9ZfCN/IroxHLSe6VfjauXm3JK3G+bXiY0k9Gm9IBVMKLRDt/avS3OuErn/mx9caauOP3NJj22QdWYWH+J+DIK1V9rZnYBh1wzcibRTAAAAGBKrifNmsnljh5VPLI2vL0m27p3a9Ua61qEz/59wcPDI2pDjau9asO/apv7zdOIbCY9FbHbw2z5RW3WYPU7u9L9sUHrdV2xHlcpyh7vIbErKpfrrSNfKugIO3tIMiNnEs0EAAAApuR60qyZlJQd1JWgLzRQ9G6N3tbNZPeew2pDjauR2kMnYs3BMK5msuN4V0+31js0Go121vtWF7aol72HNk2nmUSjQ21NpQUFPj93c81K5EyimQAAAMCUXE+aNRP/6m3ZG6wbpaJ2OZHN5PVtu2UbmXkziY42+bKrxM7o4bxArfV4S7TDvpxibV2rmei0FvFg/axEziSaCQAAAEzJ9aRZMzl8pNlnP1VS9G6tc0uVHmloPKM21LjadnaZxvUE/Eh7vXXvlj+YV902ZA2E16y0Xh7vDVVuvnYzKc+N3Q+2aecxZxdJYuRMopkAAADAlFxPmjWTaPyRd620fMI/iCh3vb5tt9xFFmTkTKKZAAAAwJRcTxo3E5X6o6eONJxuOdPu3hGNqnG1t/lU/EIGWdCRM4lmAgAAAFNyPemlmRCiI2cSzQQAAACm5HqSZkK8R84kmgkAAABMyfUkzYR4j5xJNBMAAACYkutJmgnxHjmTaCYAAAAwJdeTNBPiPXIm0UwAAABgSq4naSbEe+RMopkAAADAlFxP0kyI98iZRDMBAACAKbmepJkQ75EziWYCAAAAU3I9STMh3iNnEs0EAAAApuR6kmZCvEfOJJoJAAAATMn1JM2EeI+cSTQTAAAAmJLrSZoJ8R45k2gmAAAAMCXXkzQT4j1yJtFMAAAAYEquJ2kmxHvkTKKZAAAAwJRcT9JMiPfImUQzAQAAgCm5nqSZEO+RM4lmAgAAAFNyPUkzId4jZxLNBAAAAKbkepJmQrxHziSaCQAAAEzJ9STNhHiPnEk0EwAAAJiS60maCfEeOZNoJgAAADAl15M0E+I9cibRTAAAAGBKridpJsR75EyimQAAAMCUXE/STIj3yJlEMwEAAIApuZ6kmRDvkTOJZgIAAABTcj1JMyHeI2cSzQQAAACm5HqSZkK8R84kmgkAAABMyfUkzYR4j5xJNBMAAACYkutJmgnxHjmTaCYAAAAwJdeTSWgmI6HQiHuMLIrImUQzAQAAgCm5npxpMylcH1i1uXCVP1B4IuTeRxZ65EyimQAAAMCUXE/OoJmM9voyAsfjfeT4zgLf+r0TDiALPXIm0UwAAABgSq4nvTaT3mN5WYENJc1ybENmIO9orxwhCztyJtFMAAAAYEquJ700k9q8bf7N+1vC7nGVlvJC39ri2ssR945rprXKt7ogWHKounxv+tpy914yZUJ1Ze6hOYmcSTQTAAAAmJLrSS/NpCcU9mUU17qHrdTmBlrDoZ4h42ZSlB1odY9FfdlV7iFyleStDbiHZj9yJtFMAAAAYEquJ700E5Wpmol7bFqp3BxoGBWvu48Fs4O+jICiB0In9qf7A77M/J74Yb6VZdYlmoxAdkWXellbUKC21+TVt092MWfhJ9TkL2hyD85y5EyimQAAAMCUXE/OtJlU19THHG2LzqCZRKORVX6rh+RVtcRH2pxrJsGVAd/mQ3o7Pd5V1MG18efvOyoKClvtCzUNZc4Biy6hpjm+ciJnEs0EAAAApuR6cqbNRNUD/0vbFN0iZtBMotFw18mqvVY5adCFY7yZqLKRUxe7Q6woO9BjbziXU1TKN8YGVTXJWbTNJBrpqd5V3jp314zkTKKZAAAAwJRcT868mRTHRmbeTOLxx6rFeDPxZeQXWZdkrKiPaIgPxoai0byVgZ7uLoczvpgSSc8sLJrbf1VGziSaCQAAAEzJ9eR8bCa+jKD996AvK9ZM8jIDvo2xB1vE3VzjzaSjoiCnbk4X5fMsVi1xj81+5EyimQAAAMCUXE/Ol2aS4w8WVVnPq+zYnJ++tV4PqorS0n1uyPqtuMV+f6C0pqmyZJe8kDL+/tE2X0agsqa+sqR8w3pdbBZReg7umuOrJTpyJtFMAAAAYEquJz03E+tp9Ul5ayYkFSNnEs0EAAAApuR60mMzISRKMwEAAMDMyPUkzYR4j5xJNBMAAACYkutJmgnxHjmTaCYAAAAwJdeTNBPiPXIm0UwAAABgSq4naSbEe+RMopkAAADAlFxP0kyI98iZRDMBAACAKbmepJkQ75EziWYCAAAAU3I9STMh3iNnEs0EAAAApuR6kmZCvEfOJJoJAAAATMn1JM2EeI+cSTQTAAAAmJLrSZoJ8R45k2gmAAAAMCXXkzQT4j1yJtFMAAAAYEquJ2kmxHvkTKKZAAAAwJRcT9JMiPfImUQzAQAAgCm5nqSZEO+RM4lmAgAAAFNyPUkzId4jZxLNBAAAAKbkepJmQrxHziSaCQAAAEzJ9STNhHiPnEk0EwAAAJiS60maCfEeOZNoJgAAADAl15M0E+I9cibRTAAAAGBKridpJsR75EyimQAAAMCUXE/STIj3yJlEMwEAAIApuZ6kmRDvkTOJZgIAAABTcj1JMyHeI2cSzQQAAACm5HqSZkK8R84kmgkAAABMyfUkzYR4j5xJNBMAAACYkutJmgnxHjmTaCYAAAAwJdeTNBPiPXIm0UwAAABgSq4naSbEe+RMopkAAADAlFxP0kyI98iZRDMBAACAKbmenFEz8WUEpKJ3a9xHkAUdOZNoJgAAADAl15Mem0lfaCDrlbdVG9lfc0y9PN/WkV/wnnqpxt2HkoUbOZNoJgAAADAl15Mem4kqIRWVR9yj9rh7iCzcyJlEMwEAAIApuZ700kzWrCs4d/6ye9SOGld7h4bC7h3XTGuVb3VBsORQdfne9LXl7r1kyoTqytxDcxI5k2gmAAAAMCXXk16aib4w0nr+8tbXS53Bisoj+iqK2nuy+bwzPs1Ubg7UhtyDs5eO8gL3UEon1OQvaHIPzn7kTKKZAAAAwJRcT3psJvqpEnnvlmopzvjmQIk4fFpRzaRh1DXW4Mtt0Fs5GYE1JW32RrClqtj6aH/wuG4ydcW+lWWVuQVqMKe82XlzqT2yamvV8d6IPdCQ1xgdObtfDfa0WH+6vn/K53qUk8uXLzsziWYCAAAAU6KYeGompeV1uockNpPE8WknsspvvTGvqiU+MmkzGS8w6fpT6qyiEnvD9mBpp73xZrBS95bRprzMQIc95ssI5tTFrsvkePmG8z6hpry11+3nopkAAADA1EybicqhwycnbSaJ4wYJd52s2muVkwbdHyZvJs7hO14K9ER1MwnGhk6VZ1d0qb/zVo4f1lqSX94dtc62tX4oPrgwm0k00lO9q7zV/CGfZIRmAgAAAFNJaCYqw8Mjrl/P1dB4Jhr/R07kuGn8sbdfo5nUBgKtUd1M8mNDo/X6sGz5BeqK8xrVXw16l85CbCaR9MzCohNz+LDOxNBMAAAAYCo5zeRqmXkz2ZDQTNZM1kzENZP44JTXTBZ2M+k5WHwda0mUZgIAAABzyWwmzafaVDFY9+o7zoh6+cKqN8Qh00qOP1hUVV9dU79jc3761no9qE5VXd9Umpfv9483E9/aXQ2NTZUlu3yZZdZBVjPZtipQ1dB4aLyihBp8mQUNzS2b1gZ8fn1FZUIzqd4aCFa1tF9ynmlJ7fQc3HV9a0mUZgIAAABzyWwmziPv0uEj478jK7mZ5FqHvJuLXL/QTAAAAGAqmc2kovKI7CQZmW+cOXfRfVDyQjOZt6GZAAAAwFQym8kch2Yyb0MzAQAAgKkUbiZk3oZmAgAAAFM0E5L80EwAAABgimZCkh+aCQAAAEzRTEjyQzMBAACAKZoJSX5oJgAAADBFMyHJD80EAAAApmgmJPmhmQAAAMAUzYQkPzQTAAAAmKKZkOSHZgIAAABTR44c0bVEbdBMSHJCMwEAAICx8+26magNmglJTmgmAAAAMDUwOOKgmZDkhGYCAAAAUzQTkvzQTAAAAGCKZkKSH5oJAAAATNFMSPJDMwEAAIApmglJfmgmAAAAMEUzIckPzQQAAACmaCYk+aGZAAAAwBTNhCQ/NBMAAACYopmQ5IdmAgAAAFM0E5L80EwAAABgimZCkh+aCQAAAEzRTEjyQzMBAACAKZoJSX5oJgAAADBFMyHJD80EAAAApmgmJPmhmQAAAMAUzYQkPzQTAAAAmKKZkOSHZgIAAABTNBOS/NBMAAAAYGr2mklklT+w6cCge5gsgtBMAAAAYGpWmsnhnYU+f3Ak2rCmpM29bzppq/JlBLLLO+TYqoxATp0cuGp8GcXuoasnLzPQ4x4jMw3NBAAAAKaS20zCJ+v3523cpnrF8d5IdAbNJH1lwLdhvxzz+WelmRRmBYbcY6mdUF2Ze2jOQzMBAACAqRk2kyZVQoSC9l55+1aDP3f/8csRMTK9tFXlVNdv8gecgaEDu0obqpLVTBq2B1vdYwsqeWvH/9Ndl9BMAAAAYGqGzaRhYjNxVQJ7b2b5xMFppM0uIY1lwQa71XTuz84IROuKdTNRLSU9u/jkpfZNqwO1A9ZIa0l+UW5wR3l9Q7f1Un+NnMxAS9g+W6jBt7qwofGY3x9Iz22Ijg7uyAoc7+7q6e5SO4uy9SK+TW2k+/Ora+qDawOFLfbYaJMvu0wd1lJTnJ57yB5Kmahy4i9oco/OVWgmAAAAMDXDZjJr10ysEnLOp4pENNpRXuBbWeY0k/E0lAWPWn+rZuLLrnKGrWbSW+/LjjWihu3B2pC1YZ0nY1vUbiPONRPZTApb7a8aOuR/x6omQ9WFsYpi3Ut2jesw8y6hput45YRmAgAAAFMzbCZW1JpeN5P2cPhkTVUwGc+Z6BJiXSqxnn3fZjUEp5n0NpcWFKb7rU/UI6qZ1I6/WTUT6ws4L7MndCdr/GrNJD7WphtRT0VBUfzrW9UopdJzsDg9s9A9OlehmQAAAMBUEppJTvyCiTOifzdXaMbNpHRDoCMa8a3da126iDeTVaqTZJW1d3f1NO+9SjMJHC/JL9IXQOxm0mPfu6VFp91MogPHfNnlI6ODHY3la0o9/SDXLRFVS4pO2JeKrkdoJgAAADCVhGZSmDV+OUJkBv+eSbyZRAfqV2VtK+20t2PNpN2XVaV7RcP24FWaiXXn1aaVAb0wV4c5LUWncvP0mkl0MD1QHx9MoVi1xD02t6GZAAAAwFQSmkm0sSzdbia11h1cyYjTTKLRdKfwxK+ZHH6nwO8P+PzB9nDLFM1ELdB9Gdt2nLK+UnVBgfp66avzswvsB9lHO/TNYO3XaCb/v707emnrDuM4/O/nwhDUQQtBeiHM0LAiCN00oi1Ki1RsJgtshYKsMmS4TkFcccqZSU40PZvgu7zOdn2+PFD9nVOv+yGe0/Or3wGbmlsfXf3kd/KuevKfT5kAABCVUSbF2yczg3/BP9ysXvmct7/xdGH19db27qXmV63eRfUGu2nKBACAqJQy+X9u+CKv4fZXFl8M3lBst5kyAQAgSpncvOO3jenBZ0HT7bWfjqtX7eYpEwAAopSJ5U+ZAAAQpUwsf8oEAIAoZWL5UyYAAEQpE8ufMgEAIEqZWP6UCQAAUcrE8qdMAACIUiaWP2UCAECUMrH8KRMAAKKUieVPmQAAEKVMLH/KBACAKGVi+VMmAABEKRPLnzIBACBKmVj+lAkAAFHKxPKnTAAAiFImlj9lAgBAlDKx/CkTAACilInlT5kAABClTCx/ygQAgChlYvlTJgAARCkTy58yAQAgSplY/pQJAABRysTyp0wAAIhSJpY/ZQIAQJQysfwpEwAAopSJ5U+ZAAAQpUwsf8oEAIAoZWL5UyYAAEQpE8ufMgEAIEqZWP6UCQAAUZOWyf7qYq3eGlrZLw9nG+XJg9VfPrrbvowpEwAAovLKpNG+OjzpdpTJlzxlAgBAVF6Z1K/L5Ggno0z2Nsd/pn1GUyYAAERNWiYHa4vt7klRnE+VcXI+zJKFneOTbufB2kH1L9xyF2/a062jjaWt0+oV+/SnTAAAiJq0TIqLP4Z/DoNk/snyKFH6+3BxfWNoH14t1+pLxeluc+N9edTt9Iqz2elWeXJxePl1bbp9cFZe33u5OTV4vqX57Y/lkd3TlAkAAFETl8nY9r4rf7Prz+qV8JqXkfOq3zxT9W/Ko26nNtO5uqFWXxx+MTW682prj1r/9pMay5kyAQAgauIyuZPPTN6Nnl3p6w1/SLezcv3QypvxG2qPe5dHB9ubjZnyZPSSMLufKRMAAKImLZM7ec6kt77wbHdre+DZ8kL3vH9YKZOvXx/9/r50clYUh7VGu/dz/9sXLWVyz1MmAABETVomd/FurvlGa/zbWn1p7bdKmRTV13b90JnfGQRMUTQbyuSep0wAAIhKK5OPI+T8nw5vu/6z72Nr1lvN54eVMlmZa80+frm1vftort3uFsVprzbz9OjXve+fr88+bCuT+50yAQAgKq1Mav4PeBtNmQAAEDVpmZj9fcoEAIAoZWL5UyYAAEQpE8ufMgEAIEqZWP6UCQAAUcrE8qdMAACIUiaWP2UCAECUMrH8KRMAAKKUieVPmQAAEKVMLH/KBACAKGVi+VMmAABEKRPLnzIBACBKmVj+lAkAAFHjZfIXnDb8nyM48nQAAAAASUVORK5CYII=" alt="Screenshot" width="100%" ></p>
<p><img src="data:image/png;base64,iVBORw0KGgoAAAANSUhEUgAABDMAAAIGCAIAAADGMlPIAABiOUlEQVR4XuzdiX8b933n//4HeTySNm2a1G3sZHukV9IrTX/d7TKHnbh248ZxUufyETm2Y+duN2lzNHWcwLZoRoclWZSsW6RIiaJEi5JIihRFiRQlUqIoUbzvU+IFkOABEMfvOxhg+OGAojhDEAKg1/vxXHrwxWAAcL/d/b47M9Rv3PtmO5BktqifbWKk7d6tHaGNjpDQ4Nb290d2CG9or1qRyAHbFr672fiszzXrn54LeP1BfyBICCGEEEJulemZuauhqI3fiF5XAYkugZvJAzm9NBNCCCGEkGVGdZKaUNTGb5ifJMRWBkamzEOrlkBAW/F7/QGPLzA1F3DO+kamfTenfIPuub6Jud6JuW7XXJfL2+H0to97W8c8LWPeljFP86inKaQx4vrIUozdGkOvag4doSV0NHVMdWR1/E6nt9vl1d90YHLuxpRvdMY34fG7vf5ZX2DOH/AHqCaEEEIIIbeMXkv00ExIbBLPZqKiVvxq3e/1B2fmAqoGOGf94zPhfjLknlMVRfWE/kmtMPROeHtc3p5IXekM1YlOl0ZVi9vS9gy9pCtE9ZCeUBXRDYTeSxUSZXjaNzbjc3n8U179hEnAFwjSSwghhBBClgjNhMQ+cW4modMmaumvFQCPL6D6iSoDU6GWMun1T3g0qiQ4Z32qsYyr3hKqLuqnKg9jM+qnf3RGO79xW/rOY8ZBQpwarYSod5n0BiZDJ0ncoUIy69M+kqpM1BJCCCGpkQAhtmKeSbcIzYTEPnFuJiqB0JkTvZzoZrWK4tdbilZUvH69q2gboeag9RZPSKjAhARuQewTeon+cv1o2s/Q8dW7zIR6kXpf9e4e7Qqu4Fyolvgt/I8kIYQQkkAxLzAJiUXM8ywSmgmJfeLfTPQEQqcmVA3wB1Qf0C6gUub82rVeeklQItUlaDCeWg75Qv1Q4lntjfQ39YU+g1ZIQp+KEEIISbqo/0/M7/f7fL65ULyErDj6XFKTSk2tRfsJzYTEPneqmchoLSVa6OzK0kLFZl70DouIfqOA+fMQQgghSRS9lqhF5Ozs7NTUlNvtniRkxVETSU0nNanU1Fq0nNBMSOyTCM1kmYluFLdFCCGEpHzUktHn83m9XrWOdLlc4+PjY2Njo4SsIGoKqYmkppOaVGpqqQlGMyHxSBI1E0IIIYSYot8JoNeSeyqeB2JOLyfR95zQTEjsQzNJrozPBvrd/pVTxzEfmhBCSBJGv5TL4/G4XK7oNSWwcmpqqQkWfUEXzYTEPjSTJMroTGxqiU4dzeMzvwUhhJDkitFMxsfHo9eUwMqpqbUqzUStQvomfI0jc9eHQ0YMPs2oMKZpHtf+Nqv5KCS1QjNJitycNveKWFFHNr8ZIYSQ5Il+k8ns7OzY2Fj0mhJYOTW11ASLvtVkRc3E7Qm8f/3QvRtu3Lvxxr1v3Lh30817tyjD9745fO/WkXu3aT6YOfCVoskniiY+sPPmfXvG79vjvG+fs6RvznwskkKhmSR+outEzJnfkhBCSJLEaCajo6PRa0pg5dTUin0zWX9+culm8oeZA48eU++s/Tt0Dxy6YTST+/a7zMeKUb77g//44pe+qpifiGn0t1jtd0ne0EwSPF5/PJqJl25CCCHJGZoJVtuqNJP3/3pwiWbyR5l9pX1el0e/6z4wOuu7b8+Y0UzGVudm2f/7yQfe/8E/VsxPxDT6W6z2uyRvVt5McvOKpfIufbjXNO5c+KrVS+5317yYO2AeTdpEt4hV4vSsyv+YE0IIWdXQTLDa7kAzeap4TNUSn197P/V/XB7/fbvnm8kq3W1CM0mErLyZONKzMzYdClufnVWnDzc4MnIj47lrM7L7Fr5qiVTlbn7ssTWPfG7N936xv7h52Pz07bJ6zaQqY80jv6owj4YyXvDSI989bB5dcTy++DWTfq7pIoSQJAzNBKst3s3k6eJRVUX0N1M/vL7AW80eeTWXm2aSuolFM8mff1BXPN9MchoiowNFmctqJlUZ337kc98eF38wyjtY+sgTv5p/vIysajN546trzKMqnfuf/dyqNJPo8rCq+FNdhBCSdKGZYLXFtZk8nDs0NBW6hisUnz9wpN3zQXEHPM0ktZNAzWSk6Nnd7eZBle6cHxZYOHOyqs0kOHLsjfAXnM9Ljz2vBhO8mXx463j0oMnAFKdNCCEkyUIzwWqLazN5oXxqfHa+mcx6A/9ysP++3eM0k7skidNMOvb94MyMeTCUqUee2x/e7DtcFQzW56Y/8jntcq/woM/1w299+zE18qVvnxn0mppJ8faXXnzi+Uc+9/zWClFXIsd59kvzx8ld+9MntT3XPPmtl5pGvPM7R6I1E/Vhoi7oeuSZ/R3BBc2kt+6Yfqgfbq8Ymj9SdW5f+NOqp178r13FbUv9eYlZ363+9RL3l7aOvUPJHPvOpZmoZxe3nGbSzwVdhBCSbKGZwLZXO48sum0S32ZyZqZzIqD92ymh3Vwe/9/v7qOZ3D2JRTM5VF1TH3asYL6Z7CiPjF/I2nT7ZvKK0TSi8kPjqb7Dr2f8SF7upb7BI0+sNx54O3OefWa+mXzvsTXzO3cf/l5+pJxEHcd8mdZi1zWFmklwxzML96zLPDKi/Vc2E6/xcl/91ieM/au//MS3v5wxX2zGK9e/VHrL3/+t/11FrZno2z/dG964LZoJIYSkZGgmyei9JU+9J2pwCb9X9vV3nnjyt08vHC9f8+6y50wjv1Wqbbzr5Jr3Rh0k2j9c/MnT17eoDfVTbUfvoItHM/mbNzs/vav9L7d0/8W23p2N/gF3qJyE3m90xvfRvf1LN5P/+NF/6cv9izW1xtJfeWXt617v/P+K+FOf/mf5rPLIo18wno1uJvf+rz/RR/72Y//Y1dX9Zx/+G/3hFx7/ygf/+M+Mg3zi/geNl6jPvHP3XtO7/PS/XzJ2MAb1h+rXKvdUD409786svJnEKi/eupm8LprJs/sWXPGl2sK4fBw6TriZjBeZLgObf4uo47z+2C3f3YjeTEwXdL302PP6xi2v5jq/viq8Vf3lrfULngoGv/y5H5hGjAxMmWtDRKSZOD3vyzT6xtz65pmOAfc78iY7QiO/2De2s332yuBsXpf2UG8mTZedv+icizrgPPOHIIQQktihmSQjq83knSeejh5cRKSZLN93m3f9uC1b/Yx+yrDqzeSPNvbsapit6PVsq5v8k8yh509Pnr8RmJkLnzlR75peO7nMZvKhv/grUyt49Atf0vd5dW2G6Snd5i1b9R1MzeTQ4XxjH1VL1IjRTKLf5c3M7fqrVGkxPaW7dDm8eDRG9IdPrXnWGHni6dsvRlM+SddMXr+44Kl93zK/SnWMcDOpXL9Pm0fz2WqcGIk6Tm/uT3+aW7/wbIw54WYSuqDL6N/GlWbLaSbzJ20iWeJMUXRtiIhczbV1bOeg1/TsOzKdWaGNdy88SaI1k86Jj843mcWZPwQhhJDEDs0kGSVOM/mHiz95qePQEidM7olDM/n1Zc+0VztDoo5/YcDzoW03njs9cX4o0O8OhE6cBLS/Giz+PZMlmony5NPP/OqV12QrUDtUVp2XIyZX6q8GFzYT42yJ0tYe/l9mG81E+fBff/S//+cX8iCmjxFtbk771+vlQ1lLHv/KE8bXuZuTOM1kiTX690Qz0W7VEJkvLZEY95n05v5Ivx1FCu8UdRwtPm/v+cNqn33nzf1BT6SZBPc9tyZ8yqUu07g3RjSTqcc+t+aVfcc6xl3jSnG60UxePx/ZJRL1ac1Dkdz+nInbf+zEWLU+ODn7qb16XQk3k3fsm5Cv+nCoyXy0bDrqaAuYPwQhhJDEDs0knn6v/FnlfaVP/1apdhnV+049/Z7Tz7639Ol3lXxD26F8zbtLnn73qWfeW/78e4qffGfRmncVr3lP2bP3VDz7O0VPv7f82d8pfkq/IivcTE6rHZ6Jfpd7yr7+O2XfeG/Z199Z9Mzvhd5UNRP1Uz2lDvvbJ5/6nVJt3Oghv3niSfUxfq/8G+868ZQ+8s6oq7neVWJ+o98MfWb9hIn6aXpWWvVmsrXBNzoT6iWhCX1hyPOht7Ry8lajr8MVGJ8NHGz3LvOcyb6sA/qIOo6x6O/t65MNwXiVMfKBP/pT9TDtk5+Wu+muNzYZ+xvNRPUWfaSlpVUe1tj+0J9/xHjVZz/3mD6oeojcR5qeXvxW67swK28msbrPRBWJ5dwBb2oU86dBxIjeTLylRiWIStRxFmS8Ivo296BoJtp1YqGS89LnwpdyBeebSa3pwjDxMaydM1nOfSZ5x8YqQhtPZYZHjGayyDkTtyfryFjWaPQB55k/BCGEkMQOzST+os9gqCagbZSv+c0SrT/cE6oQ0bupiqLvoDWT02vCr7o1dQT91IpxKHXY+ZMt4WbyzLsib3rP6a/fqpncU/EN2YLeefLr6ucDtS9/sf7XakP9VNsL95+36s3kB6dnmsYDc5EbS2Z9gW+cGPnbvYNPl04c6/afHwp8vcS1zGbS3d1jDBrr/p7eXmP7H//pE8YOH/nbjxnjQXHOxPDnH/lbY+egaCYPPvyIMSiPYGz/0vGqsYNxuuZvP/aPch+DvNeFxKKZxOZvcwXdpbf8q8HHIreLRDWK4l+sMf0VrR8a95n0Hd7RtvA5I1HHMeWRz83fVW9kvpkEp878Snvf+cpkNJO+w6bL0uo3P280k0cyquVTQe0+kx+ZRoxMeJZqJlcGZ68MTr8vUlHW54yVjHgrapxGMzHuM3mzYbbfuAN+xP2+I+6oA84zfwhCCCGJHZpJvJV9XT9hoil/5l0nn3rniSeNZmJcTKU1E1E83le25l1qtxNPGs1EPXx3WdTBdWe+ET7sYs1kvnLobyev4IpsL9ZMnv/tk0/qG1ovOqNtyFMlS5w2WfVm8oENPb+q9rY7A5PaNV3as6qcPH705n3bh/9oW88fb7v93+b69//3n/oqf3g49GeJQjGW/t09Pcb2578Yvu1ERRUMYzy4WDP50F/8lbGzinF7iTyIPIKx/dbO3cYOqizpg/qZGdNbKP/yr583diYJ1Ez0f2nxsW/LpuEdrHjkifT5x9GNwtf+yPfFDR7dh599bsHf5lrQW4zbSKKOM//XtFR83Y/8rEg8Dkc0E5X2Z7//U3mSJ3LOpH3fc2vckcF931/z5Se+PX8HvPa3uebLyVBp+usXl/r9RzeHVcW/Z0IIIUkX283k7y/8+Jedh296XR7/nDcwp36q7Zc6Dt5b8WL0ztC9p/gpoyT8TpF2vZa+vXQz+U1VSE7ppzWemT9nUvH8u08+qV2UFeWdJ7QTGqGNZTQTdczwwbXLw5ZoJveEysk7T35dryXLt+rN5N6NQ/9n52jlYOBG5N9YVD93XJv6yFs99+0Yu2/nWAybyR//2YeNHVRVMMaDopn86V/+tTFeW3vJ2H/5zeQrTzxt7LB121v64Kc+/c9yH2lyctLY/y5PQjWTYHCqad9PH/nST4srKs5UVLz0Xe2fBKmVf3srqlGovPL0mq0FtU2DrqHm2ie/+O2O3T8wmom7btdj30rfV1AxPu46U3HsscciZ0KijvPIF39wpKKivtPVdLHixS+tKb6x4Fk9C5tJcP6uFf1h5D4T78XNX/6PXeodi3PXP/lq6VDj/vn7TCq7j/zH87nF9erZff+j/YP3xssXTXR5WFXjs+b/SSeEEJLgsddM/rTy+9cmezx+8z/eNev3frNx++9XfDP6JVBCN3KET5hoq/xwM3nmts0k/Kqyr8tmoorEfKkQ9Eut7qnQbi9ZRjN51ngjddilm8k9Fd+wWkvuiUczeePGB94YuDjkm/DMN5PTfZ7793XGqpn8+Kf/bTz88F9/9MTJog/9+UeMkV+v3xgU95mo7b/8678znjXKyW2byd997H8bDx948F+OHC148ulnjJHGJu2WFbn/rj3zf1/4U595yDjm3ZwEayapnUXugF86t77VZFWY354QQkjCx0Yz+cNz35kLLPX/5uffuKD2iX7h3a706dAVViHaPRvPvqdYG3l3aaQb3KKZ3FP+zLtDV2e9p/z5Bc0kVG+iK8TvlmiH/a2Sb/zmsprJ879Xtib0qZ763TPfuF0zsWPVm8l9GwaKuj1zoX/BJBia0y5P4N/eHr5v241YNZOg6BUmf/V3/6Dvb/qrwe0dHcY+Vee1K15u20zkQ5Mvf+2pRffPOpBjjFBOgrFoJvO3v4e0jerDY6bx2YWvuitjuZkE43jaxOkx/485IYSQxI/VZnJvxYszUadKoqP2ubfiheiX4y606s3k/+4dujGt/31g7Q18/kBF/9wHtw3d+9ZoDJtJV1e3qS3ohm6EL5SJ/pcW/+bv/z995A8/9BcVZ88tp5kUHj/54b/+qOktPvBHf6r/yeDo/YML/0Lx2NiYMX53ZuXNhCw7dprJzWlzhVgN6l3Mb0wIISQZYrWZ/P2FHweC5nWdkSZ3v/6c2kftGf3ymBjyOKMHbfti/brsoXPR47fVMjUYPbgavnrtjbapoSmfxzSuPrb68Pu6T7WNDS48G2M+wp216s0kq8U/Mxc+9pyqJQPeD24dunf76PKbiaVUna9+Y/ObFy7WmJ+IacpOl2/Zuq3gWKH5CbJkaCZxjJ1mEozLaRPzWxJCCEmSWG0mVc4W8yEiKRqt//2Kb7ZODeoP1Z7RL1+aa266d3bkO007q11tB4fOR++gi0MzeejyK6oMRO8sxa2ZDHrGj96siR7Xm4n6GdtfSMytejNx1Mx1uvxeX8AzFyjv9X7gzZv3bhtZoplMrKyZkEQOzSQpsnpnTjhbQgghSR2rzeRWl3JN+7zvr3ghreZ/jDXfjM8b/fIlfL95d/ZQpfFw3OtWD9XKe3t/aSAYUCOP1WfMBXxqFW4sxNWGL+D/+vUt94SW6WpPr3/OOMKkb1bfODvepO9wavTqrN/rnJsy3kIdWbUgvZn0zIyo47tDr1Ib+rdQ2/oHUEf+bN1r6mHH9JB6U/VTNhPVptSg+iXcX/uy2tYPqL+vcYTOmZv3RL6F+hhq++M1L6kN1cf+5Nx31faZ8evqHbtnhu8JfTX1kom5mXXdhfpJKnXM6G9kNJM9gxXqF6g/O+x1GR8sEaxKM/mTjUNGM/nHrNGTvf4OV6DVGVhzbOTerSM0k7s2NJNkifOW/7zJipjfhhBCSFLFajPx+MOXu8t4A75zzubfr3j+yM35K1w8oiQsh1qCK8bD3tkRtf5WK29VJP69ZY9au1+Z6Hqp49AbPSf1ZqIGT47UPXP9zfbpoX+q+bm+QP9W01vGEaLX8Rdd7V+99kbF+HVH5xGl0tms+kDdRJdeJHYOnH7o8isFN2vUEl99EuPlqjn8XfV//rgtW3UYVU4GPePqYc5QlWwmVyd7VOX4aXvOPaGWYmomUz7Pl65u+FVnvvqc19196lsoalxVEXXYfYMVm3qLdg2U65VJvbX6GFXOFvXZ1Ie8J9RS9ANGfyOjmajvdeTmxXtCZ3uM900Qq9JMXLMB+be5/njb8Ed2jfyvrTfvfXN46Wayo8ljPhZJodBMkivjs7HpJ/yBYEIISY1YbSbeQLiZTPlm1ZJatQW1/Z+tWe+veOEzl37lF0tPtWf0y5dwq2aiL8plVdCbSUvksjGvf049qy/T5QEXXcfrI+q1Rq8w3qJ5amDa51UtQv8k+svVs8Y3UiNqT1U8jIMY76Vq0ozf+8PWffdENRN1BKMqyPMe6i28kZqnDqV6SI2rQ31rVXvUs6qluH2zqnfds7xmor9E/Tw1elWVE323BLEqzSSo/V98sGlk7vpwxIjBpxkVxsLccyxfUjw0E0IIISR5Y7WZGFdzXXC1/Z+a//79im/qq+T7Kl6cXXihl9Wruf7k3HcHPeNfvfaG/nDc6/5W01tGbVDbxlVY+kK8aLT+G9czjZdHNxPX3LR+WFU59B30650+W/ea+sxnxq/rV2epI6unjMqxta9ENhOlK3QVli696+1XQucx1GGj7zN5q79MHU0/4D2hqqOPGxvq5RNzM/r2c9e3qe9oOoIy4p0wtguHL33+SrrRTKK/kWwmR25efKu/dGyxY95Zq9VMCIkOzYQQQghJ3lhtJje8Lv2FvoBfv8f9g2e//QcV3/zfF39m+ptdN6zf7aDfAa/KyXlXq34HvNFM9Ku5ftyW/XrX28bVXKob/F31f2YNnX3o8ivRzUQ1iq9c26ie1W/qUDvUTXQ9Vp9R6WzWr+Y6OVL38ZqXLoTuM1FV5MBQpXoXdXC1rTqMfvvHPaEypj6S2nPfYIUqM21TQ+pN1XZ0Mykba1B7qg/TOX1Dv4dEH1cbavDVziNqUD31s/acn7fn3hO6mksdR33sX3Ye1vdU76jXD139ZPc/1fzcaCbR30g2E9WIumeGjRaUOGgmJH6hmRBCCCHJG6vN5OXOw/Llqpy8v+KFn7QdiP734PVbKRJHdHVJPeNe93PXt0WP31k0ExK/0EwIIYSQ5I3VZvKxhf+eiS/g/8ylXw15nOKQWlb13zOxJ+WbyT/V/Lza1RY9fsfRTEj8QjMhhBBCkjdWm4myrf+U+SgL4w341D7RL7yzUruZqG83bfHGnrihmZD4hWZCCCGEJG9sNJM/qPjmtr5Tt/qX4Gf83j889x21T/QLcXeimZD4hWZCCCGEJG9sNBPlTyu/f22yJ/reEjXyQuNbv08tgUAzIfELzYQQQghJ3thrJro/qPjmxy78ZGPPiR39Zeqn2uZUCaLRTEj8QjMhhBBCkjcraSbActBMSPxCMyGEEEKSNzQTrDaaCYlfaCaEEEJI8oZmgtVGMyHxC82EEEIISd7QTLDaaCYkfqGZEEIIIckbmglWG82ExC80E0IIISR5QzPBaltWM1ELSgAAANzN+ofdvTcmugbGrrf2va/8OSDm1NRSE0xNMzXZ5Nxb0ExkZSHEUoaHh42ZpCbW9MwcAABIRlPT3kn37LjT3T9w4/fOPA/EnJpaaoKpaaYmm5x7opjQTMgKImcSzQQAgORFM8Fqo5mQ1Y2cSTQTAACSF80Eq41mQlY3cibRTAAASF40E6w2mglZ3ciZRDMBACB50Uyw2mgmZHUjZxLNBACA5GU0k4HBm9FrStyd3nv6ud89/WystHUO0kzIKkbOJJoJAADJSy0W3VMep2tqcGg4eoWKu5CqJdH/JslK9PTfUBNMTTOaCVmVyJlEMwEAIHnpzcQ1MX3j5lj0IhV3od89/Wx0u1iJiYkJNcFoJmS1ImcSzQQAgOSlFouKWjiOjLqiF6m4C8W8mUxNTakJps80OffkepJmQuxHziSaCQAASU2/1UQvJ0M3RgeHhgcGb/YP3MDd6dyl9tEVZ2xsbHx83OVyqVri9WoTzFRLpmkmJFaRM4lmAgBAUtMv6JqYnBl3ulU5GR5x3hwex13rwrXeyVjE7XarWjI7Ozs3Nxd9Kdc0zYTEKnIm0UwAAEh2ejmZdM+qfqK4JqZx16prueGNReZC8fl8fr8/upZM00xIrCJnEs0EAIDUoN8JgLvc1fbRQEyjlo7Rk22aZkJiFTmTaCYAAKSk6DUr7gbLayazVSXFVdcGzMOhmBeONBOyqpEziWYCAACQMq51jJlXfpG8nJYWnGzY/ExaYdOoPlLy6hMPpD2+cK9FEv0u0zQTEqvImRSTZpJ39JwjPfuV1w/kv10Z/aw9Tpc7LZThkXF9pOTUafVQbbzw4re++MUv9vYNRr9q5fYdKN2TdUqOqK82MBj+DEvI3FEYPWiYmvY+//w31ef/zGc+o75I9A5L+/nPX1KvrbtyTQ5GjwAAgLvc0s0k7fHXLk2ax9O+sNk8tDDR7zJNMyGxipxJK28mI6Pu9PUHK883nq1s2L7rhBrJL6gsPHkxek9L1JpbbyY1NZf1kbg1k9c3HDIeOl3T6uHKm8nJkyX611H5xrPPqpHNW7bqX2c5Fm0mr61Nn5icid4ZAADctZZuJi8cCZ8tkfnRJ9PMQwsT/S7TNBMSq8iZtPJmUn2xubG513h4rbHHkZ6tUw87um68mpGjtotKL6mHaomv9q+r79CfHRgaz8o9rbYrqxtNh1XL9/956RcbNr7xta89oY/ErZnk5J1RdUt/qFrWkWNVRjPZuOXIK68fqL/WpT8cc0699uucX7+Rd7aqQW8mk+5Z9U3VNzp89Jw8rPrAql0YD683thhFRfUN9V2+9KUvfeITn3jooYeHR5zGPp8JpfbSFaOZTE17Px6K2tBHlIceeqj+6vV/+ZfPKnpXUc8+9fTTxlvYOEsDAACS0RLNJP/V114L22t+bslEv8s0zYTEKnImrbyZTLo9aiGu+oZalOsj6zYd1s+ZqKe2bHtbH1Rr96vXu9USf+26XNVe9MH1m/O7e4fVhiwDOrWebmxq7ekdVBtTob9VF91MrlzrlC9pbu2XD+1RzUR9EvV59If6d9Gbybo3DuuD+3NKt2zXvtdrGTn6SGf3Tb2ZpK8/qL6p2qi51Kq+r3HYXbv3qg//7LPPqZqhj+idQd9WdaKmtk79/MXLv/zUpz41HSpm6tn8IwUXay47XW69mbS3d99///2//KVDrx9popmoV/X0DKiN55//5sio6/s/+Hf9zMzGjZseffRRp2talSjjwyg9fSPyIQAASA1LNBMVj2/Bw5JTJcprT6T96LhnwRMLE/0u0zQTEqvImbTyZqLUXe1U5URVDn35azQTtaB/+3i1vk//wFh+QaUaUct6fWTcOZWVW6Zvnzl3TfaKGzfH1LJ7dGxCLcHVRl//jenFmsmRY1Wyz2zaetTYtk01E/Vz45tHpkPNSlUUo5moL6jvc/5i02u/1raNrqL21JuJ6lqDQ9pJj66e4RPFNcZh1Rf5zGc+oz7/xz/+8Rs3R6cXNhOD8R3/+Z//OS1SyaYjV3MVF5emiRtvZDNRvxM1ogqJ/ptRD/VTNOqA6llVGrftOm68i+pObR2rcsYJAADcWUs1E9+lW13NRTMhdyxyJsWkmRhezTgwLZpJY3Nv9cVm/amx8Sm16FdLfOMWFLWd/7bWVXTGKZfp0B0U+sJdz09++rPpxZqJ2tbLiVpqx6SWTEeaya79xapsFJVeUgefP2eyKdxD1PfSW4q8t0TffnP7sc7um/o3Ul/ZdPDunv5vfvOFhx9+eHphM/nqV7/6iU98Ys2aZ77zne/qg/LZ6Ugz0bNoM9F7iPqp/2bOVFSqZ3/wg/9Qh3U4Xp0OXWamyon+u6KWAACQqpZqJsHg3mfS0r6VI0cGj/9o89VCmgm5Y5EzKbbNRF+7G81kcMgZfc7EaCZq4b43e8FfwTKolbqxEFd57AtfmL5FM9EW3DuPq1oSq9W23kwqKhuuXOvUL9kymkn6+oP6PsY5k/Wb840X6s1k3RuH+wbGog/rmpjWN97asUsViemF3UNt7M/SSp3xHT/96U+nRZ0z2bxl6/3336+aRvTVXKZm4p7ypIXOz/zbv/2bcZe8anH678r4VAAAIMUs3UzCfzW4L9xDtL8a/MlngsEzNBNyxyJn0sqbycmS2tLyK5XnGwuOV6uFrxrZubdILdn1Oxk2bMm/crVTba9dl6tahGwm06EzDGq539za//aJC8YZBv3e7tPlZ/WHNTWX1UO1vF60mcSc3kymQ38sWP/zwUYzqaxuPHCovKVt4LWMHP2W/R17itR3r7nUqjqM3kyOvF31asaBuvoONS6vT1PlQa8iKjt27p4W7UtVi3/913/Vt7/85a/o3zH3YN4nPvEJYwfjDviengG1ofafXrKZVJyt0l8b2vlzxscAAACp7TbNJBzP+VMlJTWt5uFbJPpdpmkmJFaRM2nlzQQJ6OMf/3hTc7vacE95PvWpT9Xxz54AAHB3WF4zsZbod5mmmZBYRc4kmklKSgv9/YDpUDNRLaW9oyd6HwAAkHpoJiTJImcSzSQlVZ2/eP/996t+8tnPPqKfPAEAAHcDmglJssiZRDMBAABIGTQTkmSRM4lmAgAAkDJoJiTJImcSzQQAACBl0ExIkkXOJJoJAABAyqCZkCSLnEk0EwAAgJTR1ucyr/xWFpfbE/0u0zQTEqvImUQzAQAASCWqnFzrGIuVkfGZ6LeYppmQWEXOJJoJAAAArJLrSZoJsR85k2gmAAAAsEquJ2kmxH7kTKKZAAAAwCq5nqSZEPuRM4lmAgAAAKvkepJmQuxHzqQ720ympr13lejfAAAAQDKS60maCbEfOZPuVDNRy3T3lGfSPTsxOeOamE556muqL6u+Mv0EAACkALmepJkQ+5Ez6U41E7VGV4t1p2tqbHxydGxiZNSV2tR3dDrdej+hnAAAgGQn15N2mslD28besVUZNz8R35z5RVq3eYzENXImqWbS3dkW0ip1dbSsks72ZqW1uWFsdNj8yVI9zvEx9cXbWxvVbyD6NwMAAJAITMvCyFqxradrnlxP2mkm1eddLxx3/vnWsReOuxZRNtk0ZX7JsuIbbX173QOfTEt74OGcy6PmZ6NCM7njkTNJNBNzOVmlfqIW5R1tTc2NVwOBgPmTpXrUVx4a7G9ruU4zAQAACSh6NSgWivO1pLe7Xa4n7TQTPdVF+pmTRXy9wbzzMjKZlvbwy6fDhaR1xzNpaWkLdzCHZnLHI2eSaiZqesk5t2hFiSE16dvbmhquXjZ/rLskgUBL0zXVTKJ/MwAAAAljweJQni1RtSRmzSR4YyK6k9huJq1vPrrX1DMqXv7Zae2/ad/KP7/hmYcfSFsXWoK+9tzDqrQ88JUfyWbyM23wgb2RMy0vpz3sac1Ru4Uee174ygNq+5mf51y6/ZkYYiFyJunNRBfVT1alrqhFeVvL9SuXL5o/1l2TxoYrNBMAAJAYopd8C0R3kpg2k+B0dCex3Uzyv5V2yTTUl/Pom63qv2lPr3vgiR9tzy3RekV3Ttqj379Uc74k97WHHwk3k8mKlx/99+2XKgvT0h7WX/qy6iEPPFp4qkRtj+a98P1thZcqS154et0ln3F0EoPImSSbyTLKSQx0tKlm0lh36e5qJj6f7/r1662trRMTE9evXVG/hOjfDAAAQOKQS8TVaybB6E4SMv5fneY9b5u9T0dfmnUm7Rdn1H/S0h43hl7+5PwlXtufCL3k8rqHI4Wke/cTOX2h3dLSPJHdtGay29x6Uiq+0bRnNsuBlx99YFI+XrXImaSaiZpb0TNv9eqKWpS3Njderr27monL5coJJT8/v+FqHc0EAAAklOgVoEEWktg3k4e2jp3smp3xm8dtZNGruV6u0P6blvayMfaCuPlEv5pLFY+0tCdGI/GEzoq8bLpHxTP6syceePTf87tT9ZyJKCdxqyXBxZqJIXouxpx+Ndfdds7E6XTqzUTl+rU69UuI/s0AAAAklOhCovT1dChyPbmiZvLJrWPmIdtp3f546NqtSCYLf5hWMq1tyWYiz5mET7No50zM98qbm0koarcX8lL2RpMzv3i4QTWSyTOP/zp+J4jkTDI1kzhUFJoJzQQAACSy6JWhqZbEspk8tN38h4NX8o+cbH9Ou09979slJbnb1cajv9Iu5QoubCbBjr2R+0zWyftM0h59oeRUyfafv6CPyGZyPv3xwsqGhsrCtE8+kxN1xVgqRZWTx9PjV0uCy2smq0f721ytjVcu15g/VkpHNpPGhivqlxD9mwEAAEhMRiGJfTN5x9axl0L3dYQz41YjM2KApHbkTFLNxJhh0bNwNdBMaCYAACApRBeS2DeTK/XmOxpyau39I4skKSNnkmwm8akoNBOaCQAASGTRi8Nocj25omZC7vLImbRoM1lV3Z2tHW1N9XV3bzNpul6vfgnRvxkAAIBkIdeTNBNiP3Im0UziE5oJAABIJXI9STMh9iNnUmI2k/prnRMT4SsMy87UjY5NjI2bL0FMrtBMAABACujv7dTJ9STNhNiPnEmqmai5FT3tVs9ymsmGLfknisN/VniJZuLz+TM2Hvr1G3nmJxIvNBMAAJCkjDYiyfUkzYTYj5xJejPRRU/E1XDbZjLn82Xllr21+4T+MLqZdHQN6htXrnU40rPzC84ZTyVsaCYAACAZRXcSmgmJZeRMks1kOaLnq1W3bSZXGzo93jlVSKanZ4NRzaS3f1i1kQOHTqtxtVFQWLXgxYkamgkAAEgo0cs8S+R6kmZC7EfOJKvNZOV6Qv8M/NUrteaPFcm2ncc7u4c6OgeKTtXOzfmiz5lcqmtVnUTJO1IhXpfQkc2kufGq+iVE/2YAAACShVxP0kyI/ciZlIDN5FB+uG/sySpxutzRzUTVlbXrcl99/YDbnTT/QCjNBAAApBK5nqSZEPuRMykBm0lKhmYCAABSiVxP0kyI/ciZRDOJT2gmAAAglcj1JM2E2I+cSTST+IRmAgAAUolcT9JMiP3ImUQziU9oJgAAIJXI9STNhNiPnEk0k/iEZgIAAFKJXE/STIj9yJlEM4lPaCYAACCVyPUkzYTYj5xJNJP4hGYCAABSiVxP0kyI/ciZRDOJT2gmAAAglcj1JM2E2I+cSTST+IRmAgAAUolcT9JMiP3ImUQziU9oJgAAIJXI9STNhNiPnEk0k/iEZgIAAFKJXE/STIj9yJlEM4lPaCYAACCVyPUkzYTYj5xJNJP4hGYCAABSiVxP0kyI/ciZRDOJT2gmAAAglcj1JM2E2I+cSTST+IRmAgAAUolcT9JMiP3ImUQziU9oJgAAIJXI9STNhNiPnEk0k/iEZgIAAFKJXE/STIj9yJmUmM2k/Gz96NiEeXQFuXFz3DwkMjzsVD97em8eyq/Yvb+4o3PQvMeKQzMBAACpRK4naSbEfuRMSsxm8ub2t69d7zKP2o3fHzhefNE8KqIKifrZ2t7f2Nw9MTGVfbDMvMeKQzMBAACpRK4nE7mZtG8uHzCPkUSKnEkJ2ExmPd63j59/a/cJ/eHu/cWjYxPq5/GiC/0DI5evtF2sbT53vuHmsHNzZoGqEwcPn9H3rL/W0dTco/bxzvm0Ux9d4VMf0zOeguPnPR7vieKLwyMuNV5b17onq2TcOdnTd3N21qvey+2e0XdWyckrN7ZjFZoJAABIJXI9mUDNpCgz25HTYB6Nyo70YvMQuUORMykBm8mFmqaZGc+Zc/Uul1s9LDtTp35u2Hx4YHBEbah2oZqJvqfeXlRXUWXG7/erNvLrN/LaOgZUM2lq6TUOODfnU61GbaSvy83YeEjZva+4v39YFZuzVdcCgeDOvSeNnbNyy9ShjIexCs0EAACkErmeTL5m4qCZJEzkTErAZnLg4Ol92af2ZJXU1bcHAoFlNZNZ77XrXQ2N3apmLNFMVAOZmppVVPNRD5uaew4fPTs6NmE0k4nJ6dNnrhgvjGFoJgAAIJXI9WQiN5OGzSXa1VyOjEND42POnpas8t5Z15gj/aRTPXTNXzND7lTkTEq0ZqKqSOFJrUUEtSJRNDziXFYz8XhVzThbeVWNRDcTdcw3th4dGhq9XNd26vRltf+pssv5BefaOvqPnahWzeRQfkVn16D6uSmz4My5qxWVV43Xxio0EwAAkErkejI5msmcGOWcSeJEzqREayapGpoJAABIJXI9mQTN5EpBvmNd/o7jl/VRmkniRM4kmkl8QjMBAACpRK4nk6CZhON3OTK0i/hpJokTOZNoJvEJzQQAAKQSuZ5MnmaidZL80M/5P39E7mzkTKKZxCc0EwAAkErkejLBmkl6WJZ2r3K4mWzemKsNrsvt8mq7NZcUag933V3r0cSMnEk0k/iEZgIAAFKJXE8mUDMhSRc5k2gm8QnNBAAApBK5nqSZEPuRM4lmEp/QTAAAQCqR60maCbEfOZNoJvEJzQQAAKQSuZ6kmRD7kTOJZhKf0EwAAEAqketJmgmxHzmTaCbxCc0EAACkErmepJkQ+5EziWYSn9BMAABAKpHrSZoJsR85k2gm8QnNBAAApBK5nqSZEPuRM4lmEp/QTAAAQCqR60maCbEfOZNoJvEJzQQAAKQSuZ6kmRD7kTOJZhKf0EwAAEAqketJmgmxHzmTaCbxCc0EAACkErmejF8zaXQ3IsXImUQziU9oJgAAIJXI9STNBPbJmZSAzWRgcPR6U7fi9wfk+Imii4HAghEj1Rcb3z5+Xt9ubO7RX64s3Gu56eq54Z3zLXoQ9ZTf79e3m1t7OzoH9cFbfTAjNBMAAJBK5HqSZgL75ExKwGZysviisa1qgMc7p1eUuTmf+unzaSN6E1D9weudCy5sJirq2fyCc/q2epXaX71KDcrjqG1FPTMXOYiemVlv7eXWiYmpG8NOY1BP5fmGkrJLs7NetV10qtbjmbs57BwfnzxbeXXHnpOmnU2hmQAAgFQi15M0E9gnZ1IiNxPVJcbGJz0e79Ydx9TDw0fPqT6iKoHqBnqXGBl1qQpx5WrHrZrJuNPd0Ng1M+M5dfry5OR0aXnd0I2x7buPq8MWFFaNjLi2ZBaMjU80NvfMhPqGitpHVY5Fm4nK+YuNejMZHnWdrriSd6RCdSd1/K1vaZ9widBMAABAKpHrSZoJ7JMzKQGbyfGiCxkbDynB0PkN1Sh27SsKRprJ9t0nVBPQ95yanp2YnK6ta71VM2lt79d3VlWkr3849/CZqurrR49VXqhp2rm3aHRsYnNmgXp2eMSlSo7+2qOFVeqnaiavbzioPsOGzfnuqZlJ97R+psVoJv5AYNPWo+qA+quycst8kau8Fg3NBAAApBK5nqSZwD45kxKwmRjnTCrOXT185KzP59+263gw0kxUurqHzlZda2zuGR7RTmss1Uzaws1k3DnZ2zes+sMbW48ODzu3bH/7wMHTizeTY5XBUDMxzpmoI0xPz6qPEYw0k5lZz56sEvUuqhrV1bcH9WYS2uFWoZkAAIBUIteTNBPYJ2dSIjeTU2WXjp2oVk1g45b8YKSZTE3Nqj6gxuuvdUy6Z/r7R5ZoJuNOd0tbn8c7d7riits9U1xam31QqxC79hVVnm9YtJmcLKnxem9zNZey78Ap9VNVo4bGbrWRuaNw6XvgJycn9Vpy/PhxmgkAAEh2cj1JM4F9ciYlYDOZnp7VN/yBgKoTLpfbPTWjHuo/1UOny63v4HS6p2c8sx6tKqjGEjmAlqnQzsHQq1Q/0Y+pKod+UZbH41X9RMU1MRUM3VVvXIul3vFyfZvfH1j0HIh6I+PPcKl311+uSs5t7zPx+XyDg4NDQ0Ojo6M0EwAAkOzkepJmAvvkTErAZnLH09zaax5aMmp/0x84jo5qJmOR0EwAAECyk+tJmgnskzOJZhKf0EwAAEAqketJmgnskzOJZhKf0EwAAEAqketJmgnskzOJZhKf0EwAAEAqketJmgnskzOJZhKf0EwAAEAqkevJBGomGU+mff6Ln88XIz9+KC3tyYzoPZEg5EyimcQnNBMAAJBK5HoysZrJ49vz0364OzJS/+Ar+XozuXR1+89feDwtLe1rv8zSnmrKeDztawc3Pa1GvneoqD7qUIgPOZNoJvEJzQQAAKQSuZ5MtGZSlvbJF8MjXRtfvdqoN5Pq7O89/cuM6t6zn/9kmvaU1kwe/PxLG6tbC7W6srss+miIAzmTaCbxCc0EAACkErmeTLhmkvXfadXaw6JXv6iVENPVXGXbHy9z680kVFGUqp8/mPZg9NEQB3Im0UziE5oJAABIJXI9mXDNpPHsj1+92qh+Ppj2dGOkmdS3ZmX85GtpoZibidxGfMmZRDOJT2gmAAAglcj1ZOI1E9VGHvrxi5988MdntcFQM6lOe25j6ERK48GXopoJ50zuHDmTaCbxCc0EAACkErmeTMRmsvG5tM9vKtIH9XMmaWkPvrivsOjsxgc/+6DRTD77vVe5z+TOkjOJZhKf0EwAAEAqkevJRGwm9fkvahd0hQb1ZpL1y689+EDa/Z/9Wn3p/zOaSdbr2t/m+nHhWf42150iZxLNJD6hmQAAgFQi15MJ1Ews4N6SxCBnEs0kPqGZAACAVCLXkzQT2CdnEs0kPqGZAACAVCLXk8nZTJAY5EyimcQnNBMAAJBK5HqSZgL75ExKtGYyM+PJPlima23vNz+9WObmfLmHzxw4ePp6U7f5uYQJzQQAAKQSuZ6kmcA+OZMSrZno2bA539i+crWjqaU3qC3u/bWXW+qvdXT33MjKLbt4qVnfITev3Ni5rr791OnLajf9hVevderjza296il1hObWvppLLcMjTuMl8QnNBAAApBK5nqSZwD45kxK8mYyOTRQWXdh34JQqFe2dAxcvtRw5Vtk/OHLoyNnG5h59n8NHzwYCAX27obG7qvq6ajKqexQUnj94+Ix7akaN78kqLjh+fnbWu333CdVMdu0t0vePW2gmAAAglcj1JM0E9smZlMjNxO2e2b2/+FxVw6nTl/sHRnr7h4tO1c7MeGY93tLyOrl/5fmG7IOnm1v7pqZnBwZHgloVKVE/fX6/fkZly/a31c+rDZ3qaIqqOh7PnDzCaodmAgAAUolcT9JMYJ+cSYncTJxO91u7jrd3Diizs95AIFB7uVV1lehmop6anvHs2ldkNJMde06qn/5AYH9Oqdp4a/dx9VO9XD9ae+eg3x8+zRKf0EwAAEAqketJmgnskzMpkZtJIKCd5ai51NLdc2Nuztc/OOKemjlw8LTaPnDo9Pj4pL6z2qe372Zbe//B/ArvnO/SlbapqZmm5p5r1zvrr3Wop4KRZuJyTRUUVvX03Wxs7jEuAItPaCYAACCVyPUkzQT2yZmUmM0k9UIzAQAAqUSuJ2kmsE/OJJpJfEIzAQAAqUSuJ+PXTEjqRc4kmkl8QjMBAACpRK4naSbEfuRMopnEJzQTAACQSuR6kmZC7EfOJJpJfEIzAQAAqUSuJ2kmxH7kTKKZxCc0EwAAkErkepJmQuxHziSaSXxCMwEAAKlEridpJsR+5EyimcQnNBMAAJBK5HqSZkLsR84kmkl8QjMBAACpRK4naSbEfuRMopnEJzQTAACQSuR6kmZC7EfOJJpJfEIzAQAAqUSuJ2kmxH7kTKKZxCc0EwAAkErkepJmQuxHziSaSXxCMwEAAKlEridpJsR+5EyimcQnNBMAAJBK5HqSZkLsR84kmkl8QjMBAACpRK4naSbEfuRMopnEJzQTAACQSuR6kmZC7EfOJJpJfEIzAQAAqUSuJ2kmxH7kTEquZvLGm0fMQ4tlf06p3x8wDU5PzxrbExNTisfjNUYm3dNqZGpqxhiJbWgmAAAglcj1JM2E2I+cSXdPM9m9v3huzqc25nz+N7e/nZNXfii/orWtX42MjU9s33l8/4HS7btPzMx4TC+MSWgmAAAglcj1JM2E2I+cSQnYTFSv2L2/SJUHvV0Ul15S20M3xgKBcDPZtb/Y6507ePjMvgOlmzMLfD7/1NTMqdOX9d30I6jXHjh4Wh62rLzu9JkrwVAzOfJ2ZWjDl3f0rMfjVS80dtux56SxHcPQTAAAQCqR60maCbEfOZMSsJm8tftEd++N8xcbh0ecgUDg8NGzTpd7+67j485J1Uw6u4cuXmpWzWRf9qmOrsFLda2DQ6OnK67khXbbtPVoMNRMVEUpC/UQPROT0+0dA1m5pUHRTFTq6ttHxyb2HThl7Jm5o9DYjmFoJgAAIJXI9STNhNiPnEkJ2Ez2ZpcEQ7eCNLX09vUPDwyOqoeqPJSWX1bNZNvO4+qhaibZoVMiM7PexuaebTsKe/tuqodZuWU+v3/fgVK1p2o1xjG37Szs6bupn0UxNZORUZd6ldzT2I5haCYAACCVyPVkDJrJlfoup988SO6GyJmU4M3E5/NXVjeoh+s3H+7puan6huokRadqTc0k78jZc+e13V5ffzAYOmfiE/VD7Zxz6LTqBiMjrtrLrUYzqatvy9iYp7+jXmPm5nxlZ+r0V8U2NBMAAJBK5Hpypc3EeanYkZ7t2FJmfoLcBZEzKcGbidrYl33q/IXG0tOX/X6/fp/J7tB9JrKZDN4YU23k/MXG48UXg5H7TNQOet8YG5vo7RtWG2rwrd0nJiand+8rPlV2aeeekzWXWtR4/+CIOuax4+e37jg26Z6e/yixC80EAACkErmeXFEzaThySKsluoyCvpJ8tbG5ZMC8H0nRyJmUgM0kJUMzAQAAqUSuJ+02E3d74fZIJ1nIZjMZqFKvzSwfkWMb0rOzbF0R40jPNw+RVYicSTST+IRmAgAAUolcT9psJrkbzYVk5c1k7bpsx44LcsyRQTNJ6MiZRDOJT2gmAAAglcj1pJ1msiFjvodsONKkDbnq58tJZnmz2/yS22egKqu6fk9GtjEwe/FkaUNVnJtJ+a75D0BuGzmTaCbxCc0EAACkErmetNxMTGdIjPE9C8drrd79OxAqIY1luQ3av64dHL2QqQ5eV6w3E/0OlurGltyt2UV9oR3qigtL8nNLLtd2aY+y1mdnlVyuLj/bHDqYIz03Y+/ZtvamterD7K8PjfVmFlyobuytLCjQz+oUZWY7NuZqr6q54Eg/pO3idatv4Rwfc86qtxhxrC+80thSlFcQejlZJHIm0UziE5oJAABIJXI9abmZbM7IdohzJs2RvxesdQBd6NkF94ssJ3ozCfY6crS/2TpSXuBYV2Y0k8yM7M1FoYvE/C3hplFX7FhfHHmxz5Gx4CSJ+gD6aZvmgkOOdNM/KzHiyNSuGdOaSeTUyo5Ixcqa71oNNi9Lu5siZxLNJD6hmQAAgFQi15OWm0kwvKa/JZsL+nAzCWqnSrR73w8Vdmn1Qx9c+BahQlJXrFcVLeO1pjedv5pLFZjwtjdrV37G+tARMquC+rcItSB9W98QzSRYtDfXsS6/Tzt/QhaPnEk0k/iEZgIAAFKJXE+utJkUVdVX12gyI/fEr7CZlO7IHgn6HFvOaldpzTeTk5XjY9p1VprQ6RCLzaR6f+6OE5cbetTLXctsJirVJcWOjFw5QmTkTKKZxCc0EwAAkErkenJFzcQ0fnRLDJpJcLp+w9ZDpaOhbXE119pIiwhHNpPgjCNjwd0g0c1k/tOO1i7RTI5uMn+p4KWT4o3IgsiZRDOJT2gmAAAglcj15Eqaien+jWBf0Qr+pUWjmYRuWQlvRZqJWo85my+s1W5xyS1qGNOfWlAYXO36sw2hO++jm8lcT234JE/zUudMgu52tc/agqZgcGxD6NKvzXmXw0+RqMiZRDOJT2gmAAAglcj15EqayeJsNhOShJEziWYSn9BMAABAKpHrSTvNZK6nNjev+FZGIn+ti6R85EyimcQnNBMAAJBK5HrSTjMhRI+cSTST+IRmAgAAUolcT9JMiP3ImUQziU9oJgAAIJXI9STNhNiPnEk0k/iEZgIAAFKJXE/STIj9yJlEM4lPaCYAACCVyPUkzYTYj5xJydVMxp2T5qHFMjExZR6606GZAACAVCLXkzQTYj9yJiVXM3njzSPmocWyP6fU7w+YBjN3FM7OetXG7KxHbZeV11273qUe7skq0XfYuffk9IxHviSGoZkAAIBUIteTNBNiP3ImJWAzGR2bGB5x3rw5rj+cnJweHBrTm4beTEZGXIFAYGx8cmTUdSO0m3o46Z7fTW8mY2MT8wcNBrNySlvb+9VGX//wzWGnMU4zAQAAsEquJ2kmxH7kTErAZvLW7hMez1xX91D/wIgqGKcrrvh8ftVJBgZH1c8LtU29fTe93rm92ac8Hq9qJt09N/ILzpWd0Xb79cZDwVAzaW7pbWjsNo6pqk5v3/CufUVqW7123Rt5MzPa+ZMgzQQAAMA6uZ6kmRD7kTMpAZvJ3mytKkxMTDW19Pb1D6tCoh7uO3CqtPyyaiZGu8g+eFptzMx6G5t7tu0oVHVFPczKLfP5/fsOlO7cc3LO5zOOuWnr0WMnqrdsf9sY6e69oZeZnXuLVG9Rduw5QTMBAABYDrmepJkQ+5EzKcGbifrZFroEK3PHscrqBtVMVA+5cXPc1Ex27D2pX6m1fdfxQCCwP6d08MaY/kI96zblVV9sPFlSc3M4fJGYyuGjZz0eL+dMAAAArJLrSZoJsR85kxKwmaRkVDPxREIzAQAAyU6uJ2kmxH7kTLojzaSro+VuayYyNBMAAJDs5HqSZkLsR86kO9VMrtVfMn+suyOBQKCl6RrNBAAAJDW5nqSZEPuRMyn+zaS3u101k4ardXNz4b+OdffE55vrbG9tbW5Qv4To3wwAAECykOtJmgmxHzmT7kgz6e5sbbpe393VYf5kqZ7+vp76upr21kaaCQAASGpyPUkzIfYjZ1L8m0lfT4dal6vV+dUrtRfOn606d+bsmbKKM6Wp7VzF6erzZ+vrahsb6rs6WtQvIfo3AwAAkCzkepJmQuxHzqT4N5P+UDnp7mxta21Uy/SGq5fVej3lXb1yqbHhSlvL9c72ZlXMaCYAACCpyfUkzYTYj5xJd6SZ9EfuNmlvbWxtvt7cdK258Wpqa2m6pr6s+so9XW3UEgAAkOzkepJmQuxHzqQ71Uz6I5d1KWqxnvL0b6q+MrUEAACkALmepJkQ+5Ez6Q42EwAAACQpuZ6kmRD7kTOJZgIAAACr5HqSZkLsR84kmgkAAACskutJmgmxHzmTaCYAAACwSq4naSbEfuRMopkAAADAKrmepJkQ+5EziWYCAAAAq+R6kmZC7EfOJJoJAAAArJLrSZoJsR85k2gmAAAAsEquJ2kmxH7kTKKZAAAAwCq5nqSZEPuRM4lmAgAAAKvkepJmQuxHziSaCQAAAKyS68kYNZPhekd6tmbTWfNTJHUjZxLNBAAAAFbJ9WQsmom7IWt9qJakZw95zU+SFI6cSTQTAAAAWCXXkzFoJlkZ4VpifsJSBqo2lwwYj/pK8h3p+eLpmGSgKDO7tKa+uubC2ozsWrf5aRtR3zqrzjx490TOJJoJAAAArJLryRg0k836dVzp2XPaI++GjOzca+Z9bp94NZO+8HaXI/PC0IJn7cRoJuW7VlbMkjNyJtFMAAAAYJVcT8agmRRuCTcTx8bC3K3ZjoyT1dPmfW6fWzeT2oIC7eAZudWRa8W0UuEfWZuRvXZ7eTDoG7lUpnbYnFcfebUvc0uu3D8S2UwGws3E79qxPVe9PPN4k9MfesY7tDZyFih8Isg/on8G8RbhhJtJ1wV958hXMH8AR0Zxc0mh2mHtlkL1cE/o2Q37q/RnS3PCXzDv4sq7UlwjZxLNBAAAAFbJ9eRKm0nW+uwdVQNXjhwylvIj+vreagaqjCNEaM1kpLzgaIdP36V8V3ZD6ODq2czyEW2rtdyxtbwtNFi5O7tN/We0NjMjfPoid132rL4VTqSZeN07NmaXjy54rnRHtuoqaiMjclnabHVh0U1tQ32Swr7QZ2go23NxxnhJ6KnwOZMscTGb/ACO/VqZcRjPui+r5hba8jUXHKqc1r548l4PJmcSzQQAAABWyfXkypqJS/+TXLk7yruyQmce8mrs/m/9B6oyci5UazeBaEpzDunNRLWRyFmOYLCuOK9R+696Su8MQX99xvEu/cm244dqg0FnRYEjvUAfqc3JvqJvhaM1E732rM0sW/BMaGdHpnYSY/4qsrri0GVpY45dtc7wUIMjrym8GcqizUR+AEdGsb5b5MkBx97L+pbWfAbUV2hxbNH2ScbImUQzAQAAgFVyPbmCZhKuJaGFfo75MifLucXVXHnrxP0bA1WZFWNBbaFfXBseajBepV6iBhuOqIJ00jk+pgvd+mJEXs0VTvX+3B0nLqs9K7PDzUTtU9njmvV796zXT7m0OPZrO4S5F1whdotmMv8BnOPajfbinpkBR05DeLOuWGsmWnylBQUZGdl5DbG4Kz+OkTOJZgIAAACr5HrSZjMx/kywEr49Y4W5RTMZqSjIa4y+muuWzUS/musWC/xFmolxNkO9Sm8mfaX5XQvvT3Gk52bVLX5Io5kc3bTgai7T3rdrJuGo77XgccJHziSaCQAAAKyS60lbzUQ7W3IoM+9kbM6W6LlFMwn6BxwZh660dzXUXFANQX92qWYS9PWVFji2FlfX1OftDV9VFckizSRrXXZhfe+V8rINW3KNcyamrlW0XStglTX1lSXluQvvCTGaSfX+7Nyqrivt2ikd+QHW5mk9ZKlmMnDhaHm9s6elurxs7cJLxRI/cibRTAAAAGCVXE/aaSbzd2vsD98ykUrZsC43fLtLVZUjw9RtyILImUQzAQAAgFVyPWmnmajk7SrILIjR2ZKEys0LO6rn//rW2vRD4jlijpxJNBMAAABYJdeTNptJ6mbAsb5wKHTzeuWJwrXGlVdksciZRDMBAACAVXI9STMh9iNnEs0EAAAAVsn1JM2E2I+cSTQTAAAAWCXXkzQTYj9yJtFMAAAAYJVcT9JMiP3ImUQzAQAAgFVyPUkzIfYjZxLNBAAAAFbJ9STNhNiPnEk0EwAAAFgl15M0E2I/cibRTAAAAGCVXE/STIj9yJlEMwEAAIBVcj1JMyH2I2cSzQQAAABWyfUkzYTYj5xJNBMAAABYJdeTNBNiP3Im0UwAAABglVxP0kyI/ciZRDMBAACAVXI9STMh9iNnEs0EAAAAVsn1JM2E2I+cSTQTAAAAWCXXkzQTYj9yJtFMAAAAYJVcT9JMiP3ImUQzAQAAgFVyPUkzIfYjZxLNBAAAAFbJ9STNhNiPnEk0EwAAAFgl15M0E2I/cibRTAAAAGCVXE/STIj9yJlEMwEAAIBVcj1JMyH2I2cSzQQAAABWyfUkzYTYj5xJNBMAAABYJdeTNBNiP3Im0UwAAABglVxP0kyI/ciZRDMBAACAVXI9STMh9iNnEs0EAAAAVsn1JM2E2I+cSTQTAAAAWCXXkzQTYj9yJtFMAAAAYJVcT9JMiP3ImUQzAQAAgFVyPUkzIfYjZxLNBAAAAFbJ9aTFZtJ3OWPToWXZXm5+LUm5yJlEMwEAAIBVcj1prZnU5mQ70rMdm8qc42O3sic9tE96tvnFS2egSn+VIyM3r2bI/OwqZEdG9tqCdvMosRI5k2gmAAAAsEquJ603k/X5I/75kbwt4R7S7I4M+Udq8wpsNJPNJQP6Zm1ObmHXwmdjF0dOg3koBeJuyShoMQ+ufuRMopkAAADAKrmetNxMsurkwIhqILl5Jzevy167cMW/kmYS7CjfXLpKp03GUrOZhCqieWj1I2cSzQQAAABWyfXkiprJUGm+aiBDwYGiTPPlWytpJiPlBXmN2oY6bNb67NKaemdofG26tl15otCRWdUXOm/jSC/cnFNVWVOfuzW7srUqr1x7Vu02G9pfvVaNVNfU79iYXdTnC3rdzvHLjv2XneNj2rPp2fo79pXkb8iuUruV5uXr/UqNODJyN+Rog8YXUYetrmmpLj9bPqoPJFxUOYnzmRM5k2gmAAAAsEquJ1fUTILXih3rCmeDM33Xqhzph8QTdppJ+D4TVRjy6vUx1Uzmr+pqLMuq8xnjjl21wQXvMuDYe1nfmq0uLNIaR4s8PeJILwj9t8EYNJqJIz3f2C0rQzug1kwig2pbe6dQM+mbDX+ARI3PWX2yvM9rHl61yJlEMwEAAIBVcj25smbib4ncDd/kyKwST9hpJhk5F6pr6ttuaic09KgGYmw7KwpCfUOLdrvLurLgglIxMN9D6oq1Pcdr5y8P0/bMDf130WZSbOym3tEZbibhQaOZjFwqU1+qsn3+4yVanJeK164vNI+uZuRMopkAAADAKrmetNxMtHMapfMr/qCrffPWgqzj4fMVwfCy3nxx1+0j7zOJRDaTW5wzuXUzWek5E3Mz0TPXU7X2SFyvmFpmVC0pajX+CkGcImcSzQQAAABWyfWknWbi2Lrg9IgpuRk2/2rwbZqJv0VvI8HQhVWZ5SPB2zQTnyNDbyOh1+64ENrqcmSHLxUzmklmqI3o0U+tLNFMFrxRAsUX57MleuRMopkAAADAKrmetNZM3HXFxt0gt5GhXz217Ny2mQSDc0P1azMW/NniJZtJMOgd2rBO+zAb9p+N7BYs2n9Ib01GM1HL+qztuWpw7cYC/aTDos0kvM/WO1AAbh93r3kkLpEziWYCAAAAq+R60lozIURGziSaCQAAAKyS60maCbEfOZNoJgAAALBKridpJsR+5EyimQAAAMAquZ6kmRD7kTOJZgIAAACr5HqSZkLsR84kmgkAAACskutJmgmxHzmTaCYAAACwSq4naSbEfuRMopkAAADAKrmepJkQ+5EziWYCAAAAq+R6kmZC7EfOJJoJAAAArJLrSZoJsR85k2gmAAAAsEquJ2kmxH7kTKKZAAAAwCq5nqSZEPuRM4lmAgAAAKvkepJmQuxHziSaCQAAAKyS60maCbEfOZNoJgAAALBKridpJsR+5EyimQAAAMAquZ6kmRD7kTOJZgIAAACr5HqSZkLsR84kmgkAAACskutJmgmxHzmTaCYAAACwSq4naSbEfuRMopkAAADAKrmepJkQ+5EziWYCAAAAq+R6kmZC7EfOJJoJAAAArJLrSZoJsR85k2gmAAAAsEquJ2kmxH7kTKKZAAAAwCq5nqSZEPuRM4lmAgAAAKvkepJmQuxHziSaCQAAAKyS60maCbEfOZNoJgAAALBKridpJsR+5EyimQAAAMAquZ6kmRD7kTOJZgIAAACr5HqSZkLsR84kmgkAAACskutJmgmxHzmTaCYAAACwSq4nY9ZMdu492d17wzxKUjpyJtFMAAAAYJVcT8asmTjSs/cfKDWPkpSOnEk0EwAAAFgl15MxayacM7kLI2cSzQQAAABWyfXkSptJe8eAIz1bqai8an7OQsIHMWTVmfcgCRg5k2gmAAAAsEquJ1faTF7NyDHqRHfvDafLbd5jWZmprqlXSnMOHQ1ttI2a9yAJGDmTaCYAAACwSq4nV9RM9ELy1u4TvX03t2wr0B+ad7KSvpL8WvMYSdzImUQzAQAAgFVyPWmnmXi9cz6fPxhpJvI6LjWunp3f1WJMzWRtenZlfUvh3tysuvCpmA2bChp6xvK2q/fN1x7XFR89UbA5p6q65oIj4+TmTQXVNfWVJwod++vVk3nrs0tr6hsaW47uDe1MYh05k2gmAAAAsEquJy03k9b2ftVG1q7LPZhfEVxYTlwTU2pcPdyTVWJ+2fKyoJn4W9ZmawUjGBxxbDnbZYyrjF7I1E/O1BWvPdyij+1QNSbcX3yO9EL1n80rO4FDbhs5k2gmAAAAsEquJ601k+ERpyoeW3cc25ypXbu1YbN2LsIR+nvBHs+c2lDj6lm1kbHhkPnFy4hsJs6K8OVhIflFA9pg9fGTazPCg9rjumJ9XKUoc76HhM+oDNdre24qGPEaz5BYRs4kmgkAAACskutJa82kpOySXgkm3dNFp2r0bb2ZnD5zRW2ocTVSe7k13BwsxtRMjjaPOcd1rll/MDha79hY2KUeui7vWU4zCQZnB1pKCwocGVzNtSqRM4lmAgAAAKvketJaM8nYeChzh3ahVDBUTmQzOXDotGwjK28mQX+LI7NKPBm8kpddq93eEhwJnU7Rtm7XTPT0FXFj/apEziSaCQAAAKyS60lrzeTK1XZH6K6SolO1xiVV+khDY7faUONq23jKakx3wM8N1WvXbmXk5lUPzGoD3s3rtIfNLnfl3ts3k/Kc8PVge040GU+RGEbOJJoJAAAArJLrSWvNJBi55V1XWr7gH0SUTx04dFo+RVIycibRTAAAAGCVXE9abiYq9dc6rjZ0dnUPmZ8IBtW4era9I3Iig6R05EyimQAAAMAquZ6000wI0SNnEs0EAAAAVsn1JM2E2I+cSTQTAAAAWCXXkzQTYj9yJtFMAAAAYJVcT9JMiP3ImUQzAQAAgFVyPUkzIfYjZxLNBAAAAFbJ9STNhNiPnEk0EwAAAFgl15M0E2I/cibRTAAAAGCVXE/STIj9yJlEMwEAAIBVcj1JMyH2I2cSzQQAAABWyfUkzYTYj5xJNBMAAABYJdeTNBNiP3Im0UwAAABglVxP0kyI/ciZRDMBAACAVXI9STMh9iNnEs0EAAAAVsn1JM2E2I+cSTQTAAAAWCXXkzQTYj9yJtFMAAAAYJVcT9JMiP3ImUQzAQAAgFVyPUkzIfYjZxLNBAAAAFbJ9STNhNiPnEk0EwAAAFgl15M0E2I/cibRTAAAAGCVXE/STIj9yJlEMwEAAIBVcj1JMyH2I2cSzQQAAABWyfUkzYTYj5xJNBMAAABYJdeTNBNiP3Im0UwAAABglVxP0kyI/ciZRDMBAACAVXI9STMh9iNnEs0EAAAAVsn1JM2E2I+cSTQTAAAAWCXXkzQTYj9yJtFMAAAAYJVcT9JMiP3ImUQzAQAAgFVyPRmDZjLnds+Zx8hdETmTaCYAAACwSq4nV9pMCrdnb9hbuCEju7DVbX6OpHrkTKKZAAAAwCq5nlxBM/G7HOnZzZE+0nyiwLH97IIdSKpHziSaCQAAAKyS60m7zcTVlLc1e0dJuxzbsT4775pLjpDUjpxJNBMAAABYJdeTdppJbd6hjL0XurzmcZWu8kLHluLaYZ/5idumr8qxsSC35HJ1+dm1W8rNz5Il464rMw/FJXIm0UwAAABglVxP2mkmTrfXkV5cax7WUpuT3ed1O2ctN5OizOw+81jQkVllHiK3SN6WbPPQ6kfOJJoJAAAArJLrSTvNRGWpZmIeW1Yq92Y3+MXj8abczFxHeraiD7hbL6zNyHasz3dGdnOsK9NO0aRnZ1aMqYe1Bf9/e/f/E9WZ6HH8358fhp0AzWpke91GI3OdlaVOLl2+XFiiF4JFpdiJldWGXSnhVqqYS9RFyLln5gzD41RbnpkHEH198sqKD6Olm/PDeecwtJ5/fGFsdet9D3M+/e2uVepr3YcnvPBKUiYAAMQK7yf7LZOl5dW27zezPsoky/aHK80OGVtcPzzZ7DwzqQ1WS1fvFx+XD1slf/Hdw/ffb9+qT2y0HtQ05jov+Oy2u3bKT07CK0mZAAAQK7yf7LdM8jyo/PFGrqiIPsoky/aeP1683YyTRhEcR2WSx8boSvs7xKZGqjutDzqPU/LNf9U+zNNk9LMtk2x/Z2lyfuP0nhmFV5IyAQAgVng/2X+ZTLdP+i+Tw1XaaXFUJqWB8anmI5nm8n9E4/CwfZRlY4PVnRfPOzrnn9P2y0MTU6f7X5UJryRlAgBArPB+8mMsk9JArfXr69KldpmMDVVLX7Xf2BJ8N9dRmWzfqo+unOpN+Ue2ZpZ0n538witJmQAAECu8n/xYymS0UptabL5f5ebV8fK11eIwT5T1F0/fNH8q7nSlUp1dXluYmQwfpBz9+YPN0kB1YXl1YWb+8pdF2HxG27k3ecpPS4qFV5IyAQAgVng/2XOZNN+t/l69lYmdx4VXkjIBACBWeD/ZY5mYZcoEAID+hPeTysR6X3glKRMAAGKF95PKxHpfeCUpEwAAYoX3k8rEel94JSkTAABihfeTysR6X3glKRMAAGKF95PKxHpfeCUpEwAAYoX3k8rEel94JSkTAABihfeTysR6X3glKRMAAGKF95PKxHpfeCUpEwAAYoX3k8rEel94JSkTAABihfeTysR6X3glKRMAAGKF95PKxHpfeCUpEwAAYoX3k8rEel94JSkTAABihfeTysR6X3glKRMAAGKF95PKxHpfeCUpEwAAYoX3k8rEel94JSkTAABihfeTysR6X3glKRMAAGKF95PKxHpfeCUpEwAAYoX3k8rEel94JSkTAABihfeTysR6X3glKRMAAGKF95PKxHpfeCUpEwAAYoX3k8rEel94JSkTAABihfeTysR6X3glKRMAAGKF95PKxHpfeCUpEwAAYoX3k8rEel94JSkTAABihfeTysR6X3glKRMAAGKF95PKxHpfeCUpEwAAYoX3k8rEel94JSkTAABihfeTysR6X3glKRMAAGKF95PKxHpfeCUpEwAAYoX3k32VSWmgGpr67+XuV9gnvfBKUiYAAMQK7yd7LJP/23116T/+K6+RO8s/5L/9aXN7vP4/+W/z8+6X2qe78EpSJgAAxArvJ3sskzxCbi086D5tnXcf2ae78EpSJgAAxArvJ3spkwt/qj/96Vn3aWv5ef7ZN2/2uj/xu9tYLH1Rr83cX5q/Xb443/1Z+83trsx1H53KwitJmQAAECu8n+ylTIoHIxs/Pbv2n7Odw1sLD4qnKPlnHz/5qXN+zC1crd7d7T48uW3P17uPzvV21yr1te7Dk194JSkTAABihfeTPZZJ8a6S8Hu38krpnF+tzgQvP9byMmkcdJ01StcbxUejA9ULM5utD2rri9PNf3Sl9qgomZXp0uDcwvV6fjg6/6Tzh2dbJ8PXFh+93G8dNMYeZm//dSc/3Flv/m/X13/udxZx8uzZs86VpEwAAIgVhElPZTI7v1J0yK/L5Nfnx97+cKX5B8cW1w9P3lsmRwFTLv4pK81Qaf+Br2uzv7Q++GttoeiWg7Wxoep266w0UBtdaT+XGe3lK/zot7s2dvHM/r2UCQAAsfotk3z3v3v83jL59XnE9p4/XrzdjJNG0Q/vL5POy2/+sbqTFWVSax/9OD9y63n+69jg0cs2ZsbnX2TNv+3a6pvDw0+zTLL9naXJ+Y34N/mkmDIBACBWgjLJ9+9/v+368VyNh//MDv8jJ+F57CrtP/47ZXK3Wt3IijIZbx8drBYvGwm/gJXpsYf5L43iU8U+xTLZLw9NTP3jFN+s8+6UCQAAsdKUyYfWf5lc/lWZXHhfmQTPTA4Pf/OZyaddJjv3ps8wSzJlAgBAvJRl8uTHzTwM/vTnbzon+W//MPyX4CXH2milNrW4urS8evPqePnaanGY/1VLq2uzY+OVylGZlC5ONh6uLcxMlobmmi9qlsmN4epi4+H9o0TZbZSG6o0n61cuVkuV4onKO2WydK1aW1zf+rnznpbzvZ17k2ebJZkyAQAgXsoy6bzlPfTdg6OfkZV273nWEX43l53dlAkAALFSlsmthQdhkwwM/eWfT/+3+0Xppkw+2ikTAABipSyTU54y+WinTAAAiHWOy8Q+2ikTAABiKRNLP2UCAEAsZWLpp0wAAIilTCz9lAkAALGUiaWfMgEAIJYysfRTJgAAxFImln7KBACAWMrE0k+ZAAAQS5lY+ikTAABiPXjwoMiS/ANlYmmmTAAAiPbTVlEm+QfKxNJMmQAAEOvV67cdysTSTJkAABBLmVj6KRMAAGIpE0s/ZQIAQCxlYumnTAAAiKVMLP2UCQAAsZSJpZ8yAQAgljKx9FMmAADEUiaWfsoEAIBYysTST5kAABBLmVj6KRMAAGIpE0s/ZQIAQCxlYumnTAAAiKVMLP2UCQAAsZSJpZ8yAQAgljKx9FMmAADEUiaWfsoEAIBYysTST5kAABBLmVj6KRMAAGKdXJnsD1eqV7593X1sn8GUCQAAsU6kTL7720SpUnubNS7MbHZ/7jjbXCwNVEfmt8Oz4YHq6Ep48MGVBqa7jz68saHqTveZ9TtlAgBArLRlsvd49c7YVzfyrnj0cj/ro0zKg9XS5TvhWalyImUycan6pvvsfG93Za776NSnTAAAiNVnmazlERKob70Mv32rUbl+59Gz/eDkeNtcHF1avVKpdg7efDs521hMVSaNr2sb3Wef1MYuHv1fdyZTJgAAxOqzTBrvlklXErQ+OzT/7uExttmKkIdztUaran65MzJQzVamizLJK6U8Mv34560rX1TvvmqebMyMT12v3Zxfbbxo/rb4MkaHqut7rb9tt1H6YqLx8IdKpVq+3sgOXt+8VH304vnOi+f5J6dGipv4zfyDcmV8aXm1drE6sd46O1grjczlL1tfni5fv986OjfL46RSX+s+Pa0pEwAAYvVZJif2zKQZIU9LeUhk2fZ8vTQ41ymTozXmat83f83LpDSy2DlulsnL1dJIu4gaX9fu7jY/aP49AzeyVo10npmEZTKx0fpSd+9XvmmmyZuliXaiNL+X7Heew3x02107wycnygQAgFh9lklz+T19USZbe3uPlxdrKd5nUkRI81FJ873vN5qF0CmTl09m6xPlSvOfWJzkZXL36A/nZdL8Ajq/HXmnnZrnHyqTw7PNooh2btWnDr/8Zhqdq+3cmy4PTXSfntaUCQAAsRKUyejhA5POSfGzuXb7LpPZy9XtbL908Xbz0cVhmQznTXJpbuvF850ntz9QJtVHM+NTxQOQVpnstL53q5Adu0yyVz+URubfHrzefjh/Ybanf5Ez236eJVP/aD0qOospEwAAYiUok4lLR48jgvXx3zM5LJPs1erwpRuzv7Q+bpfJVunSYtEVja9rHyiT5ndeXRmsFjfm+cs6lVJs4erxyiR7Xa6uHh6eozWzpPvsdKdMAACIlaBMsodz5VaZ3G1+B1eKdcoky8qd4Dl8ZvLdN/VKpVqq1Lb21n+jTPIb9NLAjZs/Nr+kpXo9//LKX4yP1FtvZD/YLr4ZbOt3ymS/8z1g5S/nDj/70W/3affJqU+ZAAAQK0WZZE/Ghlp38Bdvd3/mPG/j1sTozP2l5dXcyBfVxkH3C+xDUyYAAMRKUiaf5oof5FVsY2p8ofUTiu04UyYAAMRSJh/eyyeVwdazoMHa7KOX3Z+1D0+ZAAAQS5lY+ikTAABiKRNLP2UCAEAsZWLpp0wAAIilTCz9lAkAALGUiaWfMgEAIJYysfRTJgAAxFImln7KBACAWMrE0k+ZAAAQS5lY+ikTAABiKRNLP2UCAEAsZWLpp0wAAIilTCz9lAkAALGUiaWfMgEAIJYysfRTJgAAxFImln7KBACAWMrE0k+ZAAAQS5lY+ikTAABiKRNLP2UCAEAsZWLpp0wAAIilTCz9lAkAALGUiaWfMgEAIJYysfRTJgAAxFImln7KBACAWMrE0k+ZAAAQS5lY+ikTAABiKRNLP2UCAEAsZWLpp0wAAIilTCz9lAkAALGUiaWfMgEAIFa/ZbIxM14aqBamNtqHw5X2yYWZzXdebZ/HlAkAALHSlUml1jncXZlWJp/zlAkAALHSlcnAUZns3EtRJuu3w7/TztGUCQAAsfotk63Z8drKbpbtl9txsl9kyei9l7sr0xdmt7r/wDF3sFYbrO7cqi+96v6MffxTJgAAxOq3TLKD18WvRZBcGZs8TJTm3hwcvTBqb76dLA3Us1erI7eet49WphvZ3vBgtX1ysJ1/XBqsbe21P7++eLvcen/LyDc/tI/sjKZMAACI1XeZBFv/W/s7u952fyZ6I3nkfNtsnvLAjfbRynRpaLrzgtLAePFB+fCVnc1ervb6pMbSTJkAABCr7zI5kWcmTw/fu9LUKP6SlempozetrIUvKF1v5Edby7crQ+2Twx8SZmczZQIAQKx+y+RE3mfSmBv9++rScsvfJ0dX9puHXWVy7f7Oi+dtu3tZtl2q1Br/av52oapMznjKBACAWP2WyUn8bK4rlWr429JAffaXrjLJun9s1/fTV+61AibLRirK5IynTAAAiJWsTN6NkP33HR53zfe+BxsZqI7Mb3eVydSX1eHri0vLq5e/rNVWsuxVozQ0sfPz+nfzc8MXa8rkbKdMAACIlaxMSv4b8HY4ZQIAQKx+y8Ts11MmAADEUiaWfsoEAIBYysTST5kAABBLmVj6KRMAAGIpE0s/ZQIAQCxlYumnTAAAiKVMLP2UCQAAsZSJpZ8yAQAgljKx9FMmAADEUiaWfsoEAIBYysTST5kAABBLmVj6KRMAAGKFZfL/xfgJCyL/0cMAAAAASUVORK5CYII=" alt="Screenshot" width="100%" ></p>
<p><img src="data:image/png;base64,iVBORw0KGgoAAAANSUhEUgAABDMAAAIGCAIAAADGMlPIAABW4ElEQVR4Xuzd+V8c953v+/kP8njcH+7j3nvmhxs7OSeZzGQmy2Ry5tw5C4kTJ46dKHYcr7Ecxz52xku2SexJ4jhjO+nY4LZAFhJIRiu0aQshISGxGISQQSBAgIQQIBAIhJDEKlosTTd9v9XVXXyoZquiaUHzej+eI3V/q7q6Yb5Rvu9UFfzVHdvaAQAAgi5+clvHrJE09XT2iPDJiBHLtmp/asdJ00eC7xUcNPn3EzeGJnwer3/SP+2bDkwHCCHxkLHxqbPBqAd/FfmffAAAsF6t3mbyh3KaCSFxGNVJaoJRD/7KvJEQW+ntv2UeIoQQstailvtq0e/1T49P+Ue9/qEJf/+Y79otX69nqvvm1OWbU10jU5eGvR3D3otD3rYhb+ugMtkyOHlhQNMcdr5/IcZu+qvUy9VB2ga1A14cmmwf8l4a8XYOey+PeHtuTl0ZnerzTN0Y86kPc3PSPzY1PeVXH1LF/OEJIWsxei3RQzMh0QnNhBBC4iBque+fDkz5pyd907e8WhMYnvAPjPtUMbjmmboapKqCKgzdQao8dAVbROeIVzUWzYjWWxZ1Kbx/Z/DlqvBc1g7oVcfU28hVj08VElWKrt/y9QdryahX+0gTvmlVnPw0E0LiJTQTEv3QTAghJD6iFvxq3a/KyZQ/oGrA+JTWB5TRSa0bqK4yMuEfCTaWId24VhsGx31B6oHWZJYiuLP2KuMg6k912OEJ30jw9Mho8E096t2npsd905N+rZOoT6W6E7WEkLgJzYREPzQTQgiJj0wHb+HQz5x4/dqVXZO+6WBF8at6MDal0brK1LTWGbxac9Bp1UWvEyHT8wjvENzfeLl+KHXYW8G3GAu2EdWLJsKdRK8l2nVc5o9MCFnDoZmQ6IdmQggh8ZRwP9Gum1ItRfUBn/anVlf00ylTwdISFjDom5ZCvso4VHir9i76OwbfWvsM2hVcwQ9GCImn0ExI9EMzIYSQOI5WVEyC130tLFxsZkTuM4eI9yKExHFoJiT6oZkQQgiJLBWLIoSs89BMSPRDMyGEEEIIIVZDMyHRD81kbWVoYvqKx7986jjmQxNCCCGELDk0ExL90EzWUAbGo1NLdOpokz7zWxBCCCGELCXLbSZqFdJz09fcP3X+RlC/wacZEAY1LUPajw40H4XEV2gmayLXx8y9IlrUkc1vRgghhBCyWJbVTDyT059M7rsj5dodm6/d8d61O7Zcv2OrcuOObTfuSOu/Y7vm0+m9jxeObiy8+amd1+/cM3TnnuE79w0X90yZj0XiKDST1Z/IOhF15rckhBBCCFkwy2omyadGF24m/yW994EjAwMT2q9hunv/NaOZ3Jk5Yj5WlPLzX/36oUd/pJg3RDX6W6z0u6zd0ExWebz+WDQTL92EEEIIIVayrGbyyXevLtBMPpPeU9LjHZmc1hKYHpjw3bln0Ggmgytzs+z/uuvuT376s4p5Q1Sjv8VKv8vazfKbiTunSCrr1Ie7TePDs1+1cnH//OkX3L3m0TWbyBaxQoYnV+Q/5oQQQgiJy6xgM/lx0aCqJT6/tjRR/zcy6b9z90wzWaG7TWgmqyHLbyaOJJdzy/6QZFdWvT7c5HC6w+PuRKerZ/arFkilO/XBB5/ecP/Tv3gjs6jlhnnzYlm5ZlLpfHrDn8vNo8EM5b2+4ecHzKPLzqQvds3kCtd0EUIIIWTJWalm8lTRgKoiwV/wqv3uJK9v+v2WSXk1l4dmEr+JRjPJnXlSXzTTTLKbwqO9helLaiaVzpc23P/SkPiBUd6rJRs2/nnm+RKyos3kvR89bR5VuZT57P0r0kwiy8OK4kd1EUIIIWSJWZFmcp+7r+9W8BquYHz+6YPtk58Wd8DTTOI7q6iZ9Bc+u7vdPKjSlf1ynoUzJyvaTAL9R94LfYEzef3Bn6rBVd5MvpA2FDlo0nuL0yaEEEIIWVJWpJk8X3ZraGKmmUx4p7/74ZU7dw/RTNZJVk8z6dj3qxPj5sFgbm14LjP0sOdAZSDQ6E7acL92uVdo0Dfy8osvPahGHn3pxFWvqZkU7Xj9hY0/3XD/T9PKRV0JH+fZR2eO40589Ultz6effPH1C/3emZ3D0ZqJ+jARF3RteCazIzCrmXTXH9EP9fKO8r6ZI1W5e0KfVm164be7ii4u9OMlJnzz/fYSz6Npg59Q0gd/VjcesXVuS2kmV7igixBCCCFLy8o0kxPjl25O+/2hajIy6f+vu3toJusn0Wgm+6tqGkOO5M00k4yy8Hh11pbFm8lfjKYRkZeNTT0H3nG+Ii/3Ul/Bho3JxhPvpexnn5lpJr948OmZnbsO/CI3XE4ijmO+TGuu65qCzSSQ8czsPevTD/Zrf8tm4jVe7mtM22jsX/XYxpcec84Um6GK5NdL5v3+z/97FbVmoj9+dW/owaJoJoQQQsgqSU9xbq15bKEMnytzJLnyTVeWDJ1xn5v9v+n2VurLsMQd1Yuuu5afaDaTf9x26Vu72v9ha9ffb+/e2ezv9QTLSbCeDIz7vrr3ysLN5Nev/FZf7p+uqTWW/spfEt/xemf+J+JvfOs7cquy4YEfGlsjm8kd//lv9JGv/PO/dHZ2/d0X/lF/+sNHHv/0Z//OOMjXv3mP8RL1mXfu3mt6l1dfe93YwRjUn/p8PrmnemrsuT6z/GYSrbwwfzN5RzSTZ/fN+s+lagtD8nnwOKFmMlRougxs5i0ijvPOg/O+uxG9mZgu6Hr9wZ/qD+a9mutUcmXoUdVjaY2zNgUCj93/K9OIkd5b5toQFm4mw5N/nW70janklvGOXs8nckY7giNv7Bvc2T7RcHUip1N7qjeTC2eG37g0FXHAGeYPQQghhJBox2ozcSQVmIfmTLiZxCZRayaf2Xx5V9NEeffk9vrRv0nv++nx0VPXpsenQmdO1Fo/qXZ0ic3kc3//JVMreOCHj+r7vJXoNG3SpW5N03cwNZP9B3KNfVQtUSNGM4l8l23pO/RXqdJi2qSrOxP6/4wxoj/98dPPGiMbn1p8MRr3WXPN5J3Tszbte9H8KtUxQs2kInmfNo9mkmacGIk4Trf71VfdjbPPxpgTaibBC7qM/m1cabaUZjJz0iacBc4URdaGsPDVXGmDO696TVs/kT6cFXzwf84+SaI1k0s3vzrTZOZm/hCEEEIIiXasN5Mi89CcWaPN5N0zk2Pe4K8umQ5U905+bvu1547fPNU3fcUzHTxxMq391GDx+0wWaCbKk0898+e/vC1bgdqhovKUHDFpaDwbmN1MjLMlysX20P+YbTQT5Qtf/upr//GGPIjpY0SamtJ+e718KmvJI49vNL6c9ZzV00wWWKP/QjQT7VYNkZnSEo5xn0m3+xX9dhQptFPEcbT4vN2nDqh99p0y9wc94WYS2Pfc06FTLvXpxr0xopncevD+p/+y70jH0MiQUpRkNJN3ToV3CUd9WvNQOIufM/H4jxwbrNIHRye+sVevK6Fm8ol9N+WrvhBsMl8tHYs42izmD0EIIYSQULzDQ4NKf33RnjqPet5fXlDV3nexsijlWLe2vbcyp7gop6zx4kCgNtvlcFWmZFdWnVOLiv4yV97F64MVOfvzg7/2LdRMeiqdOcZNuSJNZSXN3Z2NJx2ZjROBgHpHR1KB+lNtUYctTHdX1GjjRg9JdboaLg8OX+9MTHbrI470StMyJyWvdfaAN/VY6DfQ2U7Umklak29gPHTtlvqzum/yc+9r5eT9Zl/HyPTQxPSH7d4lnjPZl/WBPqKOYyz6u3t6ZEMwXmWMfOozf6ueJtz1Lbmb7nzzBWN/o5mo3qKPtLa2ycMajz/3+S8ar/re/Q/qg6qHyH2ksbG5b7Veh1l+M4nWfSaqSCzlDnhTo5g5DSJG9GbiLTEqQUQijjMrQ+WRt7kHRDPRrhMLlpzX7w9dyhWYaSa1pgvDxMewds5kKfeZ5BwZLA8++HF6aMRoJnOcM/FMZh0czBqIPOAM84cghBBCyKz4HJvM11apJqD91VuZWhz6L3qtmTgjT3T06jtozaSn2rGj2rx9dhxJRfqpFeOciTpsrfHf1Xoz8TemFIZXFx1l8zWTgLc78YBRTryOraVim81ErZn86vj4haHpqfCNJRO+6f99rP8re68+VXLzSJf/VN/0T4pHlthMurouG4PGuv9yd7fx+F/+59eNHb74lX82xgPinInh81/8irFzQDSTe+7bYAzKIxiP/+R4y9jBOF3zlX/+F7mPQd7rQqLRTKLzs7kCnpJ5f2rwkfDtIhGNouiNp00/Retl4z6TngMZF2dvMxJxHFM23D9zV72RmWYSuHXiz9r7zlQmo5n0HDBdltaY+lOjmWxwVslNAe0+k1dMI0ZuTi7UTBquTjRcHfvrcEVJzh4s7veW1wwbzcS4z2Rb08QV4w74fs9fH/REHHCG+UMQQgghRKa5NKteO2GiMtXX5NzsdiS5jGZiXEylNRN9UIu3r7HSucml9jSaSWKyK6dtnovIRzpTtgQPO1czmVm/6G8nr+AKP56jmQQC+eku7WqigLezMLdhZJ63tpKoNZNPpVz+c5W3fXh6VLumS9uqyskjh67fuePGZ7Zf/uz2xX8217/95t/1Vf6NG8EfSxSMsfTvunzZePyDh0K3naiogmGMB+ZqJp/7+y8ZO6sYt5fIg8gjGI/f37nb2EGVJX1QPzNjegvlu9//gbEzWUXNRP9Niw++JJuG92r5ho1JM88jG4WvfcMvxQ0eXQeefW7Wz+aa1VuM/xhGHGfmp2mp+Lo2/KFQPA9FNBOV9md/+ao8yRM+Z9K+77mnQ/9iBQL7fvn0YxtfmrkDXvvZXDPlpK8k6Z3TC33/I5vDiuL3mRBCCCELpCHH7UgOlYSyXS5HRuikx8LNJD3JlV6mL5gvzJwzCQQObXUZCwYZx6bS0IOlNBN/Y2pJX2ikZ6FmEgiWE8fW0qjUkkAUm8kdm/v+x86BiqvT18K/Y1H9mXHu1hffv3xnxuCdOwej2Ew++3dfMHZQVcEYD4hm8rf/8GVjvLa2zth/6c3k8Y1PGTukbX9fH/zGt74j95FGR0eN/dd5VlUzCQRuXdj36oZHXy0qLz9RXv76z7VfCVIrf/ZWRKNQ+ctTT6fl1V64OtLXUvvkQy917P6V0Uw89bsefDFpX1750NDIifIjDz4YPhMScZwND/3qYHl546WRC6fLX3j06aJrs7bqmd1MAjN3rehPw/eZeE+nPvbrXeodi9zJT75V0tecOXOfSUXXwV//1F3UqLbu+w/tF94bL58zkeVhRQ1NmP+TTgghhBAjiUlu44SJWts49p7RHvlbF24mqUmujKrg/5bZVCqbiSoS6eUzC2kjji1lwb/7l9RMAoPGG6nDLtxMAt7uaNWSQDSbyXvXPvVe7+k+383JmWZyvGfym/suRauZ/O7V14ynX/jyV48VFH7u8180Rt5N3hwQ95mox//w5X8ythrlZNFm8k///N+Np3ff892Dh/KefOoZY6T5gnbLitx/156Zny/8jW/faxxzPWeVNZP4zhx3wC+c+W81WRHmtyeEEEKIkfqi4BVWQWqR4++vzclTj901fQs3k8CNRvcO7eqsqj7vrGYSPInRE/Ffvy3F+WrnPcXtqUtqJgFPW6X2kZzuFk/nIs0kqolaM7kzpbewa3Iq+BtMAsFaMjI5/fDhG3duvxatZhIQvcLkS//03/T9TT81uL2jw9in8pR2xcuizUQ+NXnsiR/PuX/WB9nGCOUkEI1mMnP7e9DFAX140DSu/RCJ9R7LzSQQw9Mmw5Pm/5gTQgghhMyXqDWT/7W379qY/vOBtbWIzz9dfmXq09v77nh/IIrNpLOzy9QWdH3XQhfKRP6mxX/8r/+fPvJfPvf35Sc/XkozyT9a8IUvf9X0Fp/6zN/qPzI4cv/A7J9QPDio/Qi29ZzlNxOy5NhpJtfHzBViJah3Mb8xIYQQQlY+PcW5M6di9LMxayRRayZZrf7xKf3W98CUqiW93k+n9d2xY2DpzcRSKk9VvZe6rfp0jXlDVFN6vGxr2va8I/nmDWTB0ExiGDvNJBCT0ybmtySEEEIIWTBRayaOmqlLI36vb3pyarqs2/upbdfv2N6/QDO5ubxmQlZzaCZrIit35oSzJYQQQgixkWU1k7/Z3Gc0k3/JGijo9neMTLcNTz99pP+OtH6ayboNzWStZHjeX2+yLOa3IYQQQghZQpbVTEYmpuXP5vrs9htf3NX/n9Ou37HtxsLNJOPCpPlYJI5CM1lbGZqITj/hBwQTQgghZDlZVjNR8foDF/qnzt8I6zf4NAPCYIhniuVLnIdmQgghhBBCrGa5zYSQyNBMCCGEEEKI1dBMSPRDMyGEEEIIIVZDMyHRD82EEEIIIYRYDc2ERD80E0IIIYQQYjU0ExL90EwIIYQQQojV0ExI9EMzIYQQQgghVkMzIdEPzYQQQgghhFgNzYREPzQTQgghhBBiNTQTEv3QTAghhBBCiNXQTEj0QzMhhBBCCCFWQzMh0Q/NhBBCCCGEWA3NhEQ/NBNCCCGEEGI1NBMS/dBMCCGEEEKI1cxqJmpBCQAAAACxN6uZmGsLIUvOjRs3jJmkJtbY+BQAAACwdKKY0EzIMiJnEs0EAAAAVsn1JM2E2I+cSTQTAAAAWCXXkzQTYj9yJtFMAAAAYJVcT9JMiP3ImUQzAQAAgFVyPUkzIfYjZxLNBAAAIJ5c7Bk51zEYLf1D45FvMUYzIdGKnEk0EwAAgLihaol55be8jHgmI99ljGZCohU5k2gmAAAAceNcx6B55bfsRL7LGM2ERCtyJtFMAAAA4gbNhKyxyJlEMwEAAIgbNBOyxiJnEs0EAAAgbtBMyBqLnEk0EwAAgLhBMyFrLHIm0UwAAADiBs2ErLHImUQzAQAAiBtLayaTpz4qPtV01Tw8TyLfZYxmQqIVOZNoJgAAAHFjgWbyZkJCYLQp9ZmE/AsD+kjxWxvvTnhk9l5zJPJdxmgmJFqRMykqzSTn0MeOJNdf3vkg93BF5FarBgZvJsyOGoncbSlu9A/ff//96ggPP/xwZ9eVyB1uu+aW7rffdcuR97YdzC84HbmnyaYtByIHpfyjhV//+tfV1/7737/quTX370iaT33DuXvvvfePf3xdDj7/wosPPfRQ5M4AAGD1WLiZJDzydt2oeTzhh6nmodmJfJcxmgmJVuRMWn4z6R/wJCV/WHGq+WRF045dx9RIbl7FUtbW87HXTG6OjqvFtGnwxZd+Zhzk8BHts337nntMC+7bSzUT5+b9ciRxk3sp372Fm8mtMe/XvvY142tX3xz9+6MqR+TOkeZsJtXVtUVFJZE7AwCA1WPhZvL8wdDZEplX7kowD81O5LuM0UxItCJn0vKbSdXpFrW8Np6ea77sSHLp1NOOzmtvObPV48KSOvW09+qQ2r++sUPf2ts3lOU+rh5XVDWbDlv80XG1pH4/Y5f+dHjEk5npUiM//em/6iMtre3f/va3v/nNbx4+fPTjj089+uij+iq8u+eqcRD1VK7F3347yVisG8dUK/gfP/WUWsrrb/r0089kZn1w3333qaeeW5OPP/6jr3/96wUFxfoOUae+daUnGssrmvSnnZdvlJ5oMJqJ/s05cOhjY/+09/P/8s4H6s/U7XnGPm+/m52SmisPq75q/WvUqQ9vfH8eeugh9fT3v39VPVZfu/ru6fuo78bDDz+sRrZtS5fN5LHHHlcudXYb50zUd+mJJza+88676gj5+QX6d2bnzt3G95ZTKwAA3C4LNJPct95+O2SveduCiXyXMZoJiVbkTFp+Mxn1TKrVs+obo54JfWTTlgP62lpt2rr9sD54srLp7Pku1UwSN7lVe9EHk1Nzu7pvqAfZOSf6BzzysKZm8rVgVFV48cWX/vezz+pb848W3ugfqjvTqHZQe0aeM/nRj36kdvvOd75zo39YPVWlRT01TgXoZxXUmvu5536qv1Y/7Pe/f39yyns1NWe+fc89b7z5J7VkV4MP/vCHl7quy4MPDHqML9k21UyUd1JCp0227jisvkX6d+/gkUr9HdW3S68u+3NPGp9Br3ZqH/0bqL/WOOzN0XH1mVWnevnlV/QR/ftj9LRs937VKNouXlK79V69cfjIMfXd+PWvf6O+G+r7qTeTzZu3vPjSz7773e/pL5HNRL3qQO4hlytbPfjDH15rvtCWECxCqtclBE/RNJy7ZHwY5WxTl3wKAABWyALNRGXSN+tp8UfFytsbE145Ojlrw+xEvssYzYREK3ImLb+ZKPVnL6mFsqocg8Pa0YxmohbZh49W6ftc6R3MzatQI5nZoSuChoZvZblL9ccnPj7X0jbrPhDZTNQaWu8G6vGhvCMbNmwoP1n5jW9849FHH1WLYH3/OZtJS2t7QjDf/e531UFkM9GP+cADD6jHx8tO6gtr/U1V21GPt29/Xz3Wa8+3vvUt9XYXO67Kczs7dh2LVjMxLs1SD/RmMjh0Kz0jXx9Uj3dlFqmal/b+EeOF727OUX9u3xk646EkJX8oj/x2YugE0bubUsYimokhIXiWSbUL9aDpfIs+qDeTtPQdarCgoFgfNDUT9Q1UlUY9UOPGKRr1vU0IXn231/WR8c3x3PJu3zXzOQEAwMpZqJn46ua7motmQm5b5EyKSjMxvOX8YEw0E7XmrjodWuyq5fW+D0qMEwJjwd6Se1jrKjrTKl82E/3Ok29+85s//OFDysYnnxwLXmqlnxJxON4am6eZ6NSe6rVvvPkn2Uz0Y+rXhhkLa/1N9Vfpi+wHHviB/qaKGtTLyfX+m1GpJWPhZtJw7pJytW+4vKJJ/xapP+WdJKqlqG+gHNEf601Gp14eefyz55rVV9Fz5ZpsJkXFpWrw1795+U9/ciQEm4lqF+pB/8CI/iq9mSQEk59foA+amslY+HuoxvWa96tf/Toh+P8mfX9VTrLcx6klAADE0kLNJBDY+0xCwovZcuTq0VdSz+bTTMhti5xJ0W0mxnJZrx9qrRx5zsRoJmqprRavkQfRyWaiX5v08MMPm/ZRC2JVGPTl8pzNxLg5RO2jmsYSz5noL9m8eUvC7NtUQuPbDqpakhf+upZJbyb9A57snBMnPj6nvmP6t2ho+JZxPmTOcyab3tO+1cZ5FZORm2PG44Rg95DNRH0HjGu09K2vvPJb9aC1LXQJlt5MHnnk0QWu5hoTzUQ9/td/fT4h2PSqq2v1/QeHtf//HjpyqrdPOwcFAABiYOFmEvqpwT2hHqL91OC7ngkETtBMyG2LnEnLbyYFxbUlZQ0Vp5rVYl1fTO/cW5icmnu5p189Ttma23D2knqcuMk96pmQzUTZtuNIUvKHLW1XDh+rVutveVjTfSb6/7qvRy2s9a169HMmTedb9KemO+CNXOrs1tuIHtMxM3buNt5Uf63aOUPc1a2vv6NObybqwTvJH+o/Ptj4Fqm6kpKa29M7qJqefhNOW/vVrdsPq29mUUmd+n6qkWs3bqpv4LGimtozF41L48bCX4ge/SSG8f1R7eKD7A/1x/rdO+o7dqX3+lNP/UQfVN9eeQe82iEpyam+Gws0k1viR4GpB5cv98qvEQAAxMwizSQU7TctFte0mYfnSeS7jNFMSLQiZ9Lymwnwm9+8/MYbb6oHg4M3X3vtP1aoxQEAgEUtrZlYS+S7jNFMSLQiZxLNBMv3yCOP7t2XpR5cuz7w4osv/f7VP0TuAwAAYoBmQtZY5EyimWD59N+FkpCQ8Oijj+rXxQEAgNuCZkLWWORMopkAAADEDZoJWWORM4lmAgAAEDdoJmSNRc4kmgkAAEDcoJmQNRY5k2gmAAAAcYNmQtZY5EyimQAAAMSNiz0j5pXf8jLimYx8lzGaCYlW5EyimQAAAMQTVU7OdQxGS//QeORbjNFMSLQiZxLNBAAAAFbJ9STNhNiPnEk0EwAAAFgl15M0E2I/cibRTAAAAGCVXE/STIj9yJlEMwEAAIBVcj1JMyH2I2cSzQQAAABWyfUkzYTYj5xJ67OZ3Brz3hqbvB28kR8GAABgzZHrSZoJsR85k9ZhM1H1YOTm2NDwaMx5bo6Oe27N/UPBAQAA1hC5nrTTTO7dPviJNGXIvCG2OfFGQpd5jMQ0ciapZtJ16WJQm9TZ0RqX2tuaW5rPmb8jMYxvaqrj4oXIDwYAALBKmJaF4bXixcudM+R60k4zqTo18vzR4c+nDT5/dGQOpaMXbplfsqT4BtoOb7r7roSEu+/LPjNg3hoRmsltj5xJopmYy0lc9pO2lqbzTQ3m70hso9pR5AcDAAC47SJXg2KhOFNLurva5XrSTjPRU1WonzmZw0+azDsvIaMJCfe9eTxUSNoynklISJi9gzk0k9seOZNUM1HTS865OStK3Gi9cO5sQ535OxKrZGdnHzhwQDWTyA8GAACwmsxaHMqzJaqWRK2ZBK7djOwktptJ27YH9pp6Rvmbfziu/Z3wYu6plGfuuzth0xnt6dvP3adKy92PvyKbyR+0wbv3hs+0vJlw32Rbttot+Hzy+cfvVo+f+WN23eJnYoiFyJmkNxNdRD+Jw7rS0nz29jYTlYut5yM/GAAAwO0QueSbJbKTRLWZBMYiO4ntZpL7YoJ5ldeT/cC2NvV3wlOb7t74yg53sdYrurITHvhlXc2pYvfb920INZPR8jcf+LcddRX5CQn36S99U/WQux/I/6hYPR7Ief6X2/PrKoqff2pTnc84OolC5EySzWQJ5WTNa2k+d7Yh2JVvR8LNpDnygwEAAKwqcom4cs0kENlJgoZ+e8m856LZ+1TkpVknEt44of5KSHjEGHrzrplLvHZsDL7kzKb7woWka/fG7J7gbgkJk+HdtGay29x64iq+gYRnUuXAmw/cPSqfr1jkTFLNRM2tyJkXr3WFZgIAABApcgVokIUk+s3k3rTBgs6Jcb953EbmvJrrzXLt74SEN42x58XNJ/rVXKp4JCRsHAhnMnhW5E3TPSqTA3/YePcD/5bbFa/nTEQ5iVktCczVTAyRczHOaPeZNM5qJg1nO9SfExPe6elpOb4S0ZtJe1tz5AcDAABYbSILidJzuUOR68llNZO70gbNQ7bTtuOR4LVb4Yzmv5xQPKY9ks1EnjMJnWbRzpmY75U3N5Ng1G7P58TtjSYn3rivSTWS0ROPvBu7E0RyJpmaSdxXlMhmkpyaG6CZAAAAhEWuDE21JJrN5N4d5h8cvJxfcrLjOe0+9b2Hi4vdO9SDB/6sXcoVmN1MAh17w/eZbJL3mSQ88HzxR8U7/vi8PiKbyamkR/Irmpoq8hPueiY74oqxeIoqJ48kxa6WBJbWTOJVW0vTubOzmslf3vmg8WxHLJtJx8ULkR8MAABg1TIKSfSbySfSBl8P3tcRyrhHjYyLARLfkTNJNRNjhkXOwvgT2UxiGZoJAABYQyILSfSbSUOj+Y6G7Fp7v2SRrMnImSSbyXqoKDQTAACAhUUuDiPJ9eSymglZ55Ezac5mEscutp5vOltv/o7EKnozudTeEvnBAAAA1hC5nqSZEPuRM4lmEsvQTAAAQHyQ60maCbEfOZNoJrEMzQQAAKxpV7ov6eR6kmZC7EfOJNVM1NyKnHbximYCAABgidFGJLmepJkQ+5EzSW8musiJGH9oJgAAAEsX2UloJiSakTNJNpOliJyvawvNBAAAoGf+yrFEcj1JMyH2I2eS1Way1rW3NZ8/12D+jsQqejPp7GiN/GAAAABriFxP0kyI/ciZRDO5fmNYPrWU/v6RwSHzbwdaIDQTAAAQH+R6kmZC7EfOJJpJ6Qnt4q72jt5D+ZXj45NDwx6PZ1w9UINDQ6O7M4s+PHBC33Nqynequvng4YqJSe/A4M3Cj2rV4LYdh8XBFgnNBAAAxAe5nqSZEPuRM4lmoqLqx8SE93xzl3qsmol/elo9UOWkqro5PSPfOCvi9/tPVZ+fnJzy+6fVSwqKa44WnlZ1RR5q4dBMAABAfJDrSZoJsR85k9Z5M/H5/OrPvmuDqmx4POOB4IkRY+uV3n61yRseudTZp1rKyM1b6oH6U21VDxRj/0VDMwEAAPFBridpJsR+5Exa580kxqGZAACA+CDXkzQTYj9yJtFMYhmaCQAAiA9yPUkzIfYjZxLNJJahmQAAgPgg15M0E2I/cibRTGIZmgkAAIgPcj1JMyH2I2cSzSSWoZkAAID4INeTNBNiP3Im0UxiGZoJAACID3I9STMh9iNnEs0klqGZAACA+CDXkzQTYj9yJtFMYhmaCQAAiA9yPUkzIfYjZxLN5GrfwHTwl76bsmPnUfXn4NDo4WOnzNtE3t99bJ/ro6t9g+rxxKT3VHVzQPvVjUOTk16fX/s1jjI0EwAAEB/kepJmQuxHziSaSdnJRlVMtu44XHqiYXxi8oP9x6emfJu3HdSbiUpJWf3xcu0lO/cWqKLyYW752NhEZdX53LyP1eDN0Vtp7x9RB9m244h6qjcTfdPho+ZKQzMBAADxQa4naSbEfuRMopmoWqLqRP/AiN5M1EjGnoKaulbZTJrOd05MendnFu0/WK56iGomVaeb9foxOHjTfeCEcTS9mag0nG3/qPSMMa5H1RK3200zAQAAa51cT9JMiP3ImUQzWWZyD2v9ZIkZDIZmAgAA1jq5nqSZEPuRM4lmEsvQTAAAQHyQ60maCbEfOZNoJrEMzQQAAMQHuZ6kmRD7kTOJZhLL0EwAAEB8kOtJmgmxHzmTaCaxDM0EAADEB7meXM3NpD21rNc8RlZT5EyimcQyNBMAABAf5HpyFTWTwnSXI7vJPBqRjKQi8xC5TZEziWYSy9BMAABAfJDrybXXTBw0k1UTOZNoJrEMzQQAAMQHuZ5czc2kKbVYu5rL4dzfNzQ4fLk1q6x7YmTQkVQwrJ6OjIs9ye2JnEk0k1iGZgIAAOKDXE+ujWYyJUY5Z7J6ImcSzSQlNVf9eeJko+fW+KEjlQODN+vq24ytW7cf7r06kPlBid/vP3z0VE1d696sYmOrGjlVfd54umhoJgAAID7I9eQaaCYNebmOTbkZR8/oozST1RM5k2gmqplMTnrbO3qHhkYLP6oxxl3uUlVX9n3w0eataoepQ/mVqrq8v/vY0YJqtdXvn87KLnEkuWYOtITQTAAAQHyQ68k10ExC8Y84nAUBmslqipxJNBP9nInrw9JrN4Y+zD3h9/sLirV+sieruKik7oP9x0dHx4LnTKYnvVMdnVf3ukLnTBrOtsvjLCU0EwAAEB/kenLtNBOtk2grP0eS1k/IaoicSTSTWIZmAgAA4oNcT66yZpIUklUfMJpJ6ma3NrjJ3enVdmspztee7qqd/WpyGyJnEs0klqGZAACA+CDXk6uomZA1FzmTaCaxDM0EAADEB7mepJkQ+5EziWYSy9BMAABAfJDrSZoJsR85k9ZlM2k0f0diFZoJAACID3I9STMh9iNnEs0klqGZAACA+CDXkzQTYj9yJtFMYhmaCQAAiA9yPUkzIfYjZxLNJJahmQAAgPgg15M0E2I/cibRTGT037E4X6amfOrPMw0XL3dfVw/GJybPne8077RgaCYAACA+yPUkzYTYj5xJNJPJySn158Sk9mt3VDPxeqd009PTExPB38UTzrmmS+rPLHfptetD5RVnt+88qvaROywamgkAAIgPcj1JMyH2I2cSzUSlrr5N/ZmZXaKayZTPtzuz6HRty6EjFWrwcve19Ix8fbcP9h8/lF+pmol67Ny8X/WTQPhEyhJDMwEAAPFBridpJsR+5EyimQSCzWRiwnvufKdqJlu3H9abybb3D09PT98cHZPdY09WsWomlzqvVp2+kL4z3+fzi8MsHpoJAACID3I9STMh9iNnEs0klqGZAACA+CDXk7FrJs2eZsQZOZNoJrEMzQQAAMQHuZ6kmcA+OZNoJrEMzQQAAMQHuZ6kmcA+OZNoJrEMzQQAAMQHuZ6kmcA+OZPWYTO5cP7c9HTgtqCZAACA+CDXkzQT2CdnEs0klmgmAAAgPsj1JM0E9smZRDOJJZoJAACID3I9STOBfXIm0UxiiWYCAADig1xP0kxgn5xJNBPpZMW8m6KCZgIAAOKDXE/STGCfnEk0k8qq8wODN6trWgYHRwuKa7Zn5Cclf7h919G9WcVd3de9Xt/o6Li+5859hR7PRHFJnXo8Njap/qypa42sHwugmQAAgPgg15M0E9gnZxLNRKk906b+dH14XDUTn296176iqtMXDhz6WA12Xb62edtBfbdjRTVl5Y0ez/jp2hbVTD46foZmAgAA1ie5nqSZwD45k9ZhMzl/rsE8y2MVbzA0EwAAsNbJ9STNBPbJmbTemknHxQtNZ+vNszyGmZqa6rrUFvnBAAAA1hC5nqSZwD45k9ZbM+nsaD1/rmF6eto80WMSv99/prb6cufFyA8GAACwhsj15CpqJs4nE37w0A9yxcjv7k1IeNIZuSdWCTmT1lsz6bnc0XWp7cL5xrMNdbHX0ny24+IF9RkiPxgAAMAaIteTq6uZPLIjN+Hl3eGRxnv+kqs3k7qzO/74/CMJCQlP/ClL23TB+UjCEx9ueUqN/GJ/YWPEoRAbciatt2aiU93gdon8MAAAAGuOXE+utmZSmnDXC6GRzs1vnW3Wm0mV6xdP/clZ1X3yB3claJu0ZnLPD17fXNWWr9WV3aWRR0MMyJm0PpsJAAAAlkOuJ1ddM8l6LaFKe1r41kNaCTFdzVW645FSj95MghVFqfzjPQn3RB4NMSBnEs0EAAAAVsn15KprJs0nf/fW2Wb15z0JTzWHm0ljW5bz908kBGNuJvIxYkvOJJoJAAAArJLrydXXTFQbufd3L9x1z+9OaoPBZlKV8Nzm4ImU5g9fj2gmnDO5feRMopkAAADAKrmeXI3NZPNzCT/YUqgP6udMEhLueWFffuHJzfd87x6jmXzvF29xn8ntJWcSzQQAAABWyfXkamwmjbkvaBd0BQf1ZpL1pyfuuTvhm997orHkN0YzyXpH+9lcv8s/yc/mul3kTKKZAAAAwCq5nlxFzcQC7i1ZHeRMopkAAADAKrmepJnAPjmTaCYAAACwSq4n12YzweogZxLNBAAAAFbJ9STNBPbJmUQzAQAAgFVyPUkzgX1yJtFMAAAAYJVcT9JMYJ+cSTQTAAAAWCXXkzQT2CdnEs0EAAAAVsn1JM0E9smZRDMBAACAVXI9STOBfXIm0UwAAABglVxP0kxgn5xJNBMAAABYJdeTNBPYJ2cSzQQAAABWyfVk7JoJib/ImUQzAQAAgFVyPUkzIfYjZxLNBAAAAFbJ9STNhNiPnEk0EwAAAFgl15M0E2I/cibRTAAAAGCVXE/STIj9yJlEMwEAAIBVcj1JMyH2I2cSzQQAAABWyfUkzYTYj5xJNBMAAABYJdeTNBNiP3Im0UwAAABglVxP0kyI/ciZRDMBAACAVXI9STMh9iNnEs0EAAAAVsn1JM2E2I+cSTQTAAAAWCXXkzQTYj9yJtFMAAAAYJVcT9JMiP3ImUQzAQAAgFVyPUkzIfYjZxLNBAAAAFbJ9STNhNiPnEk0EwAAAFgl15M0E2I/cibRTAAAAGCVXE/STIj9yJlEMwEAAIBVcj1JMyH2I2cSzQQAAABWyfUkzYTYj5xJNBMAAABYJdeTNBNiP3Im0UwAAABglVxPRqGZNDR2DvvNg2Q9RM4kmgkAAACskuvJ5TaT4boiR5LLsbXUvIGsg8iZRDMBAACAVXI9uaxm0nRwv1ZLdM68nuJc9SC1uNe8H4nTyJlEMwEAAIBVcj1pt5l42vN3hDvJbDabSW+lem16Wb8cS0lyZdXLgaXGkZRrHiIrEDmTaCYAAACwSq4nbTYT92ZzIVl+M0nc5HJkVMsxh5NmsqojZxLNBAAAAFbJ9aSdZpLinOkhKQcvaEMjjTPlJL2sxWN+yeLprcyqatzjdBkDE6cLSpoqY9xMynbNfACyaORMopkAAADAKrmetNxMTGdIjPE9s8drx8RrlpLeYAlpLnU3+bSnA9Xp6uD1RXoz0e9gqWpudae5CnuCO9QX5RfnuovP1HZqz7KSXVnFZ6rKTrYED+ZIcjv3nrzYfiFRfZjMxuBYd3pedVVzd0Venn5WpzDd5djs1l5VU+1I2q/t4vWor2J4aHB4Qr1FvyM5v6G5tTAnL/hyMkfkTKKZAAAAwCq5nrTcTFKdLoc4Z9IS/nnBWgfQBbfOul9kKdGbSaDbkd2k/uovy3NsKjWaSbrTlVoYvEjM3xpqGvVFjuSi8It9DueskyTqA+inbVry9juS8uUmrXKka9eMac0kfGolI1yxsma6VpPNy9LWU+RMopkAAADAKrmetNxMAqE1/bxsLuhDzSSgnSrR7n3fn9+p1Q99cPZbBAtJfZFeVbQM1ZredOZqLlVgQo+9WbtyncnBI6RXBvSvItiC9Mf6A9FMAoV73Y5NuT3a+RMyd+RMopkAAADAKrmeXG4zKaxsrKrRpIfviV9mMynJcPUHfI6tJ7WrtGaaSUHF0KB2nZUmeDrEYjOpynRnHDvTdFm9fGSJzUSlqrjI4XTLESIjZxLNBAAAAFbJ9eSymolp/NDWKDSTwFhjStr+koHgY3E1V2K4RYQim0lg3OGcdTdIZDOZ+bQDtQs0k0NbzF9UoK5AvBGZFTmTaCYAAACwSq4nl9NMTPdvBHoKl/GbFo1mErxlJfQo3EwCAd9wS3WidouLu7BpUN80qzCMtOtbm4J33kc2k6nLtaGTPC0LnTMJeNrVPol5FwKBwZTgpV+pOWdCm0hE5EyimQAAAMAquZ5cTjOZm81mQtZg5EyimQAAAMAquZ6000ymLte6c4rm0x/+aV0k7iNnEs0EAAAAVsn1pJ1mQogeOZNoJgAAALBKridpJsR+5EyimQAAAMAquZ6kmRD7kTOJZgIAAACr5HqSZkLsR84kmgkAAACskutJmgmxHzmTaCYAAACwSq4naSbEfuRMopkAAADAKrmepJkQ+5EziWYCAAAAq+R6kmZC7EfOJJoJAAAArJLrSZoJsR85k2gmAAAAsEquJ2kmxH7kTKKZAAAAwCq5nqSZEPuRM4lmAgAAAKvkepJmQuxHziSaCQAAAKyS60maCbEfOZNoJgAAALBKridpJsR+5EyimQAAAMAquZ6kmRD7kTOJZgIAAACr5HqSZkLsR84kmgkAAACskutJmgmxHzmTaCYAAACwSq4naSbEfuRMopkAAADAKrmepJkQ+5EziWYCAAAAq+R6kmZC7EfOJJoJAAAArJLrSZoJsR85k2gmAAAAsEquJ2kmxH7kTKKZAAAAwCq5nqSZEPuRM4lmAgAAAKvkepJmQuxHziSaCQAAAKyS60maCbEfOZNoJgAAALBKridpJsR+5EyimQAAAMAquZ6kmRD7kTOJZgIAAACr5HqSZkLsR84kmgkAAACskutJmgmxHzmTaCYAAACwSq4naSbEfuRMopkAAADAKrmejFIzudHoSHJptpw0byLxGzmTaCYAAACwSq4no9FMPE1ZycFakuTq85o3kjiOnEk0EwAAAFgl15NRaCZZzlAtMW+wlN7K1OJe41lPca4jKVdsjkp6C9NdJTWNVTXViU5Xrce82UbUV51Vbx5cP5EziWYCAAAAq+R6MgrNJFW/jivJNaU986Y4Xe5z5n0WT6yaSU/ocacjvbpv1lY7MZpJ2a7lFbO1GTmTaCYAAACwSq4no9BM8reGmoljc747zeVwFlSNmfdZPPM3k9q8PO3gTndV+FoxrVT4+xOdrsQdZYGAr7+uVO2QmtMYfrUvfatb7h+ObCa9oWbiH8nY4VYvTz96Ydgf3OLtSwyfBQqdCPL3659BvEUooWbSWa3vHP4SzB/A4SxqKc5XOyRuzVdP9wS3pmRW6ltLskNfYM7p5XelmEbOJJoJAAAArJLryeU2k6xkV0Zlb8PB/cZSvl9f31tNb6VxhDCtmfSX5R3q8Om7lO1yNQUPrraml/Vrj9rKHGllF4ODFbtdF9VfA7XpztDpC/cm14T+KJRwM/F6Mja7ygZmbSvJcKmuoh44w5elTVTlF17XHqhPkt8T/AxNpXtOjxsvCW4KnTPJEhezyQ/gyNTKjMPY6jmjmlvwka8lb3/FmPaFr93rweRMopkAAADAKrmeXF4zGdF/JJc7o6wzK3jmIafG7v/q31vpzK6u0m4C0ZRk79ebiWoj4bMcgUB9UU6z9rfapHeGgL/RebRT33jx6P7aQGC4PM+RlKeP1Ga7GvRHoWjNRK89iemls7YEd3akaycxZq4iqy8KXpY26NhVOxwaanLkXAg9DGbOZiI/gMNZpO8W3tjr2HtGf6Q1n171JbQ6tmr7rMXImUQzAQAAgFVyPbmMZhKqJcGFfrb5MifLmedqrpxN4v6N3sr08sGAttAvqg0NNRmvUi9Rg00HVUEqGB4a1AVvfTEir+YKpSrTnXHsjNqzwhVqJmqfissjE37vnmT9lEurI1PbIcQz6wqxeZrJzAcYHtJutBf3zPQ6sptCD+uLtGaixVeSl+d0unKaonFXfgwjZxLNBAAAAFbJ9aTNZmL8mGAldHvGMjNPM+kvz8tpjryaa95mol/NNc8Cf45mYpzNUK/Sm0lPSW7n7PtTHEnurPq5D2k0k0NbZl3NZdp7sWYSivq6Zj1f9ZEziWYCAAAAq+R60lYz0c6W7E/PKYjO2RI98zSTgL/X4dzf0N7ZVFOtGoK+daFmEvD1lOQ50oqqahpz9oauqgpnjmaStcmV39jdUFaastVtnDMxda3CHVoBq6hprCguc8++J8RoJlWZLndlZ0O7dkpHfoDEHK2HLNRMeqsPlTUOX26tKitNnH2p2OqPnEk0EwAAAFgl15N2msnM3RqZoVsm4ikpm9yh210qKx1OU7chsyJnEs0EAAAAVsn1pJ1mopKzKy89L0pnS1ZVrldnVM389K3EpP1iGzFHziSaCQAAAKyS60mbzSR+0+tIzu8L3rxecSw/0bjyiswVOZNoJgAAALBKridpJsR+5EyimQAAAMAquZ6kmRD7kTOJZgIAAACr5HqSZkLsR84kmgkAAACskutJmgmxHzmTaCYAAACwSq4naSbEfuRMopkAAADAKrmepJkQ+5EziWYCAAAAq+R6kmZC7EfOJJoJAAAArJLrSZoJsR85k2gmAAAAsEquJ2kmxH7kTKKZAAAAwCq5nqSZEPuRM4lmAgAAAKvkepJmQuxHziSaCQAAAKyS60maCbEfOZNoJgAAALBKridpJsR+5EyimQAAAMAquZ6kmRD7kTOJZgIAAACr5HqSZkLsR84kmgkAAACskutJmgmxHzmTaCYAAACwSq4naSbEfuRMopkAAADAKrmepJkQ+5EziWYCAAAAq+R6kmZC7EfOJJoJAAAArJLrSZoJsR85k2gmAAAAsEquJ2kmxH7kTKKZAAAAwCq5nqSZEPuRM4lmAgAAAKvkepJmQuxHziSaCQAAAKyS60maCbEfOZNoJgAAALBKridpJsR+5EyimQAAAMAquZ6kmRD7kTOJZgIAAACr5HqSZkLsR84kmgkAAACskutJmgmxHzmTaCYAAACwSq4naSbEfuRMopkAAADAKrmetNhMes44t+xfkh1l5teSuIucSTQTAAAAWCXXk9aaSW22y5HkcmwpHR4anM+epOA+SS7zixdOb6X+KofTnVPTZ966AslwuhLz2s2jxErkTKKZAAAAwCq5nrTeTJJz+/0zIzlbQz2kxRMe8vfX5uTZaCapxb36w9psd37n7K3RiyO7yTwUB/G0OvNazYMrHzmTaCYAAACwSq4nLTeTrHo50K8aiDunIHWTK3H2in85zSTQUZZaskKnTQbjs5kEK6J5aOUjZxLNBAAAAFbJ9eSymklfSa5qIH2B3sJ08+Vby2km/WV5Oc3aA3XYrGRXSU3jcHA8MUl7XHEs35Fe2RM8b+NIyk/NrqyoaXSnuSraKnPKtK1qt4ng/uq1aqSqpjFjs6uwxxfweoaHzjgyzwwPDWpbk1z6O/YU56a4KtVuJTm5er9SIw6nOyVbGzS+EHXYqprWqrKTZQP6wKqLKicxPnMiZxLNBAAAAFbJ9eSymkngXJFjU/5EYLznXKUjab/YYKeZhO4zUYUhp1EfU81k5qqu5tKsep8x7thVG5j1Lr2OvWf0RxNV+YVa42iVp0ccSXnBv5uMQaOZOJJyjd2ynNoBtWYSHlSPtXcKNpOeidAHWK3xDVcVlPV4zcMrFjmTaCYAAACwSq4nl9dM/K3hu+EvONIrxQY7zcSZXV1V03jxunZCQ49qIMbj4fK8YN/Qot3usqk0MKtU9M70kPoibc+h2pnLw7Q93cG/52wmRcZu6h2HQ80kNGg0k/66UvVFVbTPfLzVluG6osTkfPPoSkbOJJoJAAAArJLrScvNRDunUTKz4g+MtKem5WUdDZ2vCISW9eaLuxaPvM8kHNlM5jlnMn8zWe45E3Mz0TN1uTLxYEyvmFpiVC0pbDN+CkGMImcSzQQAAABWyfWknWbiSJt1esQUt9PmTw1epJn4W/U2EgheWJVe1h9YpJn4HE69jQRfm1EdfNTpcIUuFTOaSXqwjejRT60s0ExmvdEqii/GZ0v0yJlEMwEAAIBVcj1prZl46ouMu0EW4dSvnlpyFm0mgcBUX2Oic9aPLV6wmQQC3r6UTdqHSck8Gd4tUJi5X29NRjNRy/qsHW41mLg5Tz/pMGczCe2TdhsKwOLxdJtHYhI5k2gmAAAAsEquJ601E0Jk5EyimQAAAMAquZ6kmRD7kTOJZgIAAACr5HqSZkLsR84kmgkAAACskutJmgmxHzmTaCYAAACwSq4naSbEfuRMopkAAADAKrmepJkQ+5EziWYCAAAAq+R6kmZC7EfOJJoJAAAArJLrSZoJsR85k2gmAAAAsEquJ2kmxH7kTKKZAAAAwCq5nqSZEPuRM4lmAgAAAKvkepJmQuxHziSaCQAAAKyS60maCbEfOZNoJgAAALBKridpJsR+5EyimQAAAMAquZ6kmRD7kTOJZgIAAACr5HqSZkLsR84kmgkAAACskutJmgmxHzmTaCYAAACwSq4naSbEfuRMopkAAADAKrmepJkQ+5EziWYCACZddadb9+2pf/5fzzz3XMOvfnnpROmVzouRuwHAeibXkzQTYj9yJtFMAMCgSkjtY4/Nqe7JJ3vaWyJfAgDrk1xP0kyI/ciZRDMBAN2FLZsjC4nJ5TM1kS8EgHVIridpJsR+5EyimQCA5nJH7eOPR1YRk/qXXqScAMAVmgmJVuRMopkAwOXGuvoXXojsIXN7/PHIIwDAeiPXkzQTYj9yJtFMAKD+2WdN9aPuRz/qKC7oaWu+kLbV3Ewee6x1987IgwDAuiLXkzQTYj9yJtFMAMBcS37yk/aC/AP13T860nfnzv605//DtEPjb/898iAAsK7I9STNhNiPnEk0EwDrXPeFJlPx+Osd/Z9IG5T+Kale7lDzGBd0AVjv5HqSZkLsR84kmgmAde5S+XHZOj549mW9jXwle6Skx2v8y2lqL2qHrLqeyKMBwDoh15M0E2I/cibRTACsc6Zmkvnsv6vW8XDBqOlfzshm8qV9/ZFHA4B1Qq4naSbEfuRMopkAWOc6qypk5Tj146fN/2gGAtM+n6mZbDk7ocrJp3cPbD51JfKYABD35HqSZkLsR84kmgmAda77fKOpdQSmp03/bN5qbzfvEwj8PxlDqpx8njMnANYluZ6kmRD7kTOJZgIA1Y8/IVtH/TPPDFVXG/9mtv75z6ZacvHtt/VN+h0p//bR1chjAkB8k+vJqDWTnXsLurqvmUdJXEfOJJoJgHXux/nXnv199unHFv8F8AbfrVvGv6j3Hr6pyknkYQEgvsn1ZNSaiSPJlflBiXmUxHXkTKKZAFjn/tP7A//v5q79z/wqsoHMqW7jRvkvauXVKdVMDjZ0Rx4ZAOKYXE9GrZlwzmQdRs4kmgmA9exiZ6d+RdamOk9kCYl09qWXxnt7Tf+oqpf/tw+uRx4cAOKYXE8ut5m0d/Q6klxKecVZ8zYLCR3EkFVv3oOswsiZRDMBsJ69caJX9Yq7Dt5U/zYOnDwZWUVMpqemzP+kBgK//vgWF3QBWG/kenK5zeQtZ7ZRJ7q6rw2PeMx7LCnjVTWNSkn2/kPBBxcHzHuQVRg5k2gmANazx4/0qVLxatVYYK4fDWzS8OKL5n9Pg8ntmKSZAFhv5HpyWc1ELyTv7z7W3XN96/Y8/al5JyvpKc6tNY+R1Rs5k2gmANazT+0aUKWi5lroTMjN8+cjC4khKzNz9r+moUwHL+iKPDgAxDG5nrTTTLzeKZ/PHwg3E3kdlxpXW2d2tRhTM0lMclU0tubvdWfVh07FpGzJa7o8mLNDvW+u9ry+6NCxvNTsyqqaaoezIHVLXlVNY8WxfEdmo9qYk+wqqWlsam49tDe4M4l25EyimQBYz/SbTHo92n856rnw2muRnUR57jvf2bNnj/indFbUQS5fNh8cAOKYXE9abiZt7VdUG0nc5P4wtzwwu5yM3LylxtXTPVnF5pctLbOaib810aUVjECg37H1ZKcxrjJQna6fnKkvSjzQqo9lqBoT6i8+R1K++it1eSdwyKKRM4lmAmA9+z/StWbSI5rJrY6OyFpS89hj93//+8eOHRP/lM4K50wArDdyPWmtmdzoH1bFIy3jSGq6du1WSqp2LsIR/HnBk5NT6oEaV1vVA2fKfvOLlxDZTIbLQ5eHBeUWBn+ESdXRgkRnaFB7Xl+kj6sUps/0kNAZlRuN2p5b8vq9xhYSzciZRDMBsJ799+wbqlR81D3rv2/a331X1pL6Z565Xl+fkJAwOjoqdzMyNDFNMwGw3sj1pLVmUlxap1eCUc9Y4Uc1+mO9mRw/0aAeqHE1UnumLdQcLMbUTA61DA4P6UYm/IHAQKNjc36nejpyZs9SmkkgMNHbWpKX53ByNdeKRM4kmgmA9eyJI9dUqdhydkL+Izlx9erZn/3MaCbV77337LPPfu1rX5P7yJzq036lSeTBASCOyfWktWbi3Lw/PUO7UCoQLCeymXyw/7hsI8tvJgF/qyO9UmwMNOS4aoPnyfuDp1O0R4s1Ez09hdxYvyKRM4lmAmA9y6m/rErFp/YMmf6dNH5OV9kjj9x3332vvfba9PS0aR8jPzg6SjMBsN7I9aS1ZtJwtt0RvKuk8KNa45IqfaSpuUs9UOPqsbHJakx3wE/1NWrXbjndOVW9wf8Zypu6SXvaMuKp2Lt4MynLDl0PtufYBWMTiWLkTKKZAFjn9Jvgn/zI/NPzRxoaah9/fM5fYGKKevmvS/oijwwAcUyuJ601k0D4lnddSdmsX4goN32w/7jcROIycibRTACsc//3+9oPDlbM/1YGAr7xcfPQXFGvzWu4HHlkAIhjcj1puZmoNJ7rONt0qbOrz7whEFDjamt7R/hEBonryJlEMwGwzh2o79abSXbbpPmfy8VybsCnXvjJXQORhwWA+CbXk3aaCSF65EyimQDAPTnX9XJya2rem0nmjP6qmtauyGMCQHyT60maCbEfOZNoJgCQVdf9pcx+1THuPXzT/C/m/Pl5+S31ki9k9kceEADinlxP0kyI/ciZRDMBAN2dO7UbTv6v980/p2vO/GP2iNo5qeJK5HEAYD2Q60maCbEfOZNoJgBg0MuJLqt1jttOjnV5f/yRR98h6WNqCYD1S64naSbEfuRMopkAgEGVDaOZKN/Ou5nRPHHiylR579S+lkn995boVIeJfDkArB9yPUkzIfYjZxLNBAAkUzmZE7UEAOR6kmZC7EfOJJoJAJjIa7rmxHVcACDXkzQTYj9yJtFMACDSfGdOVGmhlgDAFZoJiVbkTKKZAMCcIssJF3EBgEGuJ2kmxH7kTKKZAMB8TJd1cbYEAAxyPUkzIfYjZxLNBAAWYJQTagkASHI9STMh9iNnEs0EABbGvSUAEEmuJ2kmxH7kTKKZAMDCqCUAEEmuJ2kmxH7kTKKZAAAAwCq5nqSZEPuRM4lmAgAAAKvkepJmQuxHziSaCQAAAKyS60maCbEfOZNoJgAAALBKridpJsR+5EyimQAAAMAquZ6kmRD7kTOJZgIAAACr5HqSZkLsR84kmgkAAACskutJmgmxHzmTaCYAAACwSq4naSbEfuRMopkAAADAKrmepJkQ+5EziWYCAAAAq+R6kmZC7EfOJJoJAAAArJLrSZoJsR85k2gmAAAAsEquJ2kmxH7kTKKZAAAAwCq5nqSZEPuRM4lmAgAAAKvkepJmQuxHziSaCQAAAKyS68koNJMpj2fKPEbWReRMopkAAADAKrmeXG4zyd/hStmbn+J05bd5zNtIvEfOJJoJAAAArJLryWU0E/+II8nVEu4jLcfyHDtOztqBxHvkTKKZAAAAwCq5nrTbTEYu5KS5Morb5VhGsivn3IgcIfEdOZNoJgAAALBKriftNJPanP3OvdWdXvO4SmdZvmNrUe0Nn3nDoumpdGzOcxefqSo7mbi1zLyVLBhPfal5KCaRM4lmAgAAAKvketJOMxn2eB1JRbXmYS212a4er2d4wnIzKUx39ZjHAo70SvMQmSc5W13moZWPnEk0EwAAAFgl15N2monKQs3EPLakVOx1NfnF86EL7nS3I8ml6AOetupEp8uRnDsc3s2xqVQ7RZPkSi8fVE9r8/LU49Scxr65TubEfzytzrxW8+AKR84kmgkAAACskuvJ5TaTqprGkHO9gWU0k0DAl+LUekhOZWd4pNc4Z+Le5HLsPaM/Tgx3FbVzbfj++/7yvPye4ImaplJjh3UXT2uMz5zImUQzAQAAgFVyPbncZqLqgXPLfkVvEctoJoGAd/Bi5UmtnDTphWOmmaiykVUfukKsMN01HHxgnE5RKdsVGlTVJGvdNpOAb7iqoKwndueM5EyimQAAAMAquZ5cfjMpCo0sv5mE4wxVi5lm4kjKLdROyWhRb9EUHgwNBQI5m1zDQ4MGY3w9xZeYnF8Y298qI2cSzQQAAABWyfXkamwmjiR38O9xR1qomeQkuxy7Qje2iKu5ZppJf3leVn1MF+WrLFotMY+tfORMopkAAADAKrmeXC3NJMvpLqzU7lc5tDc3MbNRH1QVpXOoe0L7qbhFTqerpKa1orhAnkiZeb2/15HkqqhprCguy9ihF5t1lOG6ghifLdEjZxLNBAAAAFbJ9aTtZqLdrT4ne82ErMXImUQzAQAAgFVyPWmzmRASoJkAAABgeeR6kmZC7EfOJJoJAAAArJLrSZoJsR85k2gmAAAAsEquJ2kmxH7kTKKZAAAAwCq5nqSZEPuRM4lmAgAAAKvkepJmQuxHziSaCQAAAKyS60maCbEfOZNoJgAAALBKridpJsR+5EyimQAAAMAquZ6kmRD7kTOJZgIAAACr5HqSZkLsR84kmgkAAACskutJmgmxHzmTaCYAAACwSq4naSbEfuRMopkAAADAKrmepJkQ+5EziWYCAAAAq+R6kmZC7EfOJJoJAAAArJLrSZoJsR85k2gmAAAAsEquJ2kmxH7kTKKZAAAAwCq5nqSZEPuRM4lmAgAAAKvkepJmQuxHziSaCQAAAKyS60maCbEfOZNoJgAAALBKridpJsR+5EyimQAAAMAquZ6kmRD7kTOJZgIAAACr5HqSZkLsR84kmgkAAACskutJmgmxHzmTaCYAAACwSq4naSbEfuRMopkAAADAKrmepJkQ+5EziWYCAAAAq+R6kmZC7EfOJJoJAAAArJLrSZoJsR85k2gmAAAAsEquJ2kmxH7kTKKZAAAAwCq5nqSZEPuRM4lmAgAAAKvkepJmQuxHziSaCQAAAKyS68llNRNHkksq/KjGvAeJ68iZRDMBAACAVXI9abOZjHrG0t4/otpIdc0F9fRKb39u3sfqqRo370riN3Im0UwAAABglVxP2mwmqoSUV5w1jwbHzUMkfiNnEs0EAAAAVsn1pJ1mkro9r/vKDfNoMGpcbZ2Y8Jo3LJqeSsfmPHfxmaqyk4lby8xbyYLx1Jeah2ISOZNoJgAAALBKriftNBP9xEjPlRuZH5QYg+UVZ/WzKGrrxfYrxvgSU7HXVesxD65c+svyzENrOp5WZ16reXDlI2cSzQQAAABWyfWkzWai31Uir91SLcUY3+sqFrsvKaqZNPlNY02O7Cb9UVaSK7W4N/jA3VlZpL21092iN5n6Isem0orsPDWYVdZuvLgkOJKSWdky4gsONOU0B6YuV6vB4U7tT9PnX/O5HeXkxo0bxkyimQAAAMAqUUxsNZOSsnq9h0Q2k8jxJceX4tRemFPZGR6Zs5nMFJhE/V3qtaISesFBd8lA8MEBd4XeW/ytOcmu/uCYI8mdVR86L5Nl5xOu+nhac7betq+LZgIAAACrlttMVM40XJyzmUSOW4h38GLlSa2cNOn9Ye5mYux+aItrOKA3E3doqKMsvXxQ/Z2zaWa3nuLcsqGAdrTMxonwYHw2k4BvuKqgrMf6TT7RCM0EAAAAVkWhmahMTk6ZfjxXU3NXIPxLTuS41ThDL1+kmdS6XD0BvZnkhob8jfpu6fID1BflNKu/mvRNeuKxmfgSk/ML22J4s87s0EwAAABgVXSayXxZfjPJiGgmqXM1E3HOJDy44DmT+G4mw3VFt7GWBGgmAAAAsC6azaS9o1cVg+07jxoj6uk7KR+KXZaULKe7sLKxqqbx0N7cxMxGfVAdqqqxtSQn1+mcaSaOrQVNza0VxQWO5FJtJ62Z7E9xVTY1n5mpKJ4mR3JeU3vnnq0uh1M/ozKrmVRlutyVnX3XjXta1naG6wpuby0J0EwAAABgXTSbiXHLu9RwduZnZEU3c5zrkFdzkdsXmgkAAACsimYzKa84KztJUvKHXd3XzDtFLzSTVRuaCQAAAKyKZjOJcWgmqzY0EwAAAFi1hpsJWbWhmQAAAMAqmgmJfmgmAAAAsIpmQqIfmgkAAACsopmQ6IdmAgAAAKtoJiT6oZkAAADAKpoJiX5oJgAAALCKZkKiH5oJAAAArKKZkOiHZgIAAACraCYk+qGZAAAAwKqzZ8/qtUQ9oJmQ6IRmAgAAAMuu9OnNRD2gmZDohGYCAAAAq8bGpww0ExKd0EwAAABgFc2ERD80EwAAAFhFMyHRD80EAAAAVtFMSPRDMwEAAIBVNBMS/dBMAAAAYBXNhEQ/NBMAAABYRTMh0Q/NBAAAAFbRTEj0QzMBAACAVTQTEv3QTAAAAGAVzYREPzQTAAAAWEUzIdEPzQQAAABW0UxI9EMzAQAAgFU0ExL90EwAAABgFc2ERD80EwAAAFhFMyHRD80EAAAAVtFMSPRDMwEAAIBVNBMS/dBMAAAAYBXNhEQ/NBMAAABYtXLNxJfidO05PW4eJusgNBMAAABYtSLNpOFYvsPpngo0pRb3mrctJb2VjiRXelm/HEtJcmXVy4F540gqMg/Nn5xk17B5jCw3NBMAAPD/t3eHP01lCRiH//37oaQBTDQ0xmzYLDc0GLQJrtTAEIkERWWaaVRWN2QlpplFhaRBw0Du9Pa2pXaWHc70KDLzvHkSy2nF6id+uW2FUHHL5Ph14/Htvy10uuLV4Uk2RpmUJtPk1uPhs6T8VcpkaSb9PHp2tdfeXh09+uZTJgAAhBqzTHY6ETKk1jocfvlWszz/+NV/T4ZOLrZ3G3ObjdlyOjj4/OT+SnMjVpk071T3Rs/+VLt94+yf7lKmTAAACDVmmTS/LJORJOjeO7X25eEF9q4bIS9Wq81u1bx/XJlIs+16USadSilV6q9/bs1eS58e5Sd7DxaX56t31xrNj/mXxdOYm0p3j7vfrd1Mri01X7wsl9PSfDM7/XR3Jn318cPBxw+dO5crxQ/x7zo3SuXFza1G9Ua6tNs9O91JKqudh+1u1Uvzz7tHV2adOCnXdkZPv9WUCQAAocYsk692zSSPkLdJJySybH+tlkyuDsrkbM3V6k/5r50ySSobg+O8TA4bSaVXRM071aft/Eb+fSYWsm6NDK6ZDJfJ0l73qbafl+/lafJ5c6mXKPlryX7nOsx3t/bOJV45USYAAIQas0zydX6mL8qkdXz8emujGuN9JkWE5JdK8ve+L+SFMCiTwzcrtaVSOf8Ti5NOmTw9+82dMsmfwODLyhftlJ+fVyb9s3dFER08rC33n36eRldqB8/qpaml0dNvNWUCAECoCGUy179gMjgpPpurPXaZrNxK97OT5MZ6fumiXybTnSaZWW19/HDwZv2cMklfPVhcLi6AdMvkoPvarUJ24TLJjl4mlbVfTj/tv1i7vvKH/iKXtpNOliz/q3up6DKmTAAACBWhTJZmzi5HDG2M/8+kXybZUWN6ZmHlffd2r0xaycxG0RXNO9VzyiR/5dXsZFr8YN552KBSij36+8XKJPtUShv9wyu0PEtGz77tlAkAAKEilEn2YrXULZOn+Su4YmxQJllWGgRP/5rJj/dq5XKalKut493/UyadH9CTiYW7/86f0mat1nl6pWuLlVr3jeyn+8WLwVq/UyYng9eAlW6u9u/97td+O3ryzadMAAAIFaNMsje3p7o/wd9YH73nKm/v4dLcg+ebW42OyrW0eTr6ADtvygQAgFBRyuTPueKDvIrtLS8+6n5CsV1kygQAgFDK5PwdvilPdq8FTVZXXh2O3mvnT5kAABBKmVj8KRMAAEIpE4s/ZQIAQChlYvGnTAAACKVMLP6UCQAAoZSJxZ8yAQAglDKx+FMmAACEUiYWf8oEAIBQysTiT5kAABBKmVj8KRMAAEIpE4s/ZQIAQChlYvGnTAAACKVMLP6UCQAAoZSJxZ8yAQAglDKx+FMmAACEUiYWf8oEAIBQysTiT5kAABBKmVj8KRMAAEIpE4s/ZQIAQChlYvGnTAAACKVMLP6UCQAAoZSJxZ8yAQAglDKx+FMmAACEUiYWf8oEAIBQysTiT5kAABBKmVj8KRMAAEIpE4s/ZQIAQChlYvGnTAAACKVMLP6UCQAAoZSJxZ8yAQAg1LhlsvdgMZlIC8t7vcPpcu/k+oN3Xzza/hpTJgAAhIpXJuXq4LC9XVcmf+UpEwAAQsUrk4mzMjl4FqNMdteHv6ddoSkTAABCjVsmrZXF6nY7y05KvTg5KbJk7tlhe7t+faU1+hsuuNOd6mR68LC2eTR6j33/UyYAAIQat0yy00/Fr0WQzN6+30+UfJ9Pzx4YtM9P7icTteyoUXn4oXe0XW9mx9OTae/kdL9zO5msto579+9urJe672+p3HvZO7JLmjIBACDU2GUytN1/9l7Z9cvoPcGrdCLnSd48pYmF3tF2PZmqDx6QTCwWN0r9Rw62civ9o1dqLM6UCQAAocYuk69yzeRt/70ruWbxTbbry2dvWtkZfkAy3+wctbbWy1O9k/6HhNnlTJkAABBq3DL5Ku8zaa7O/dDY3Or64f7c9kl+OFIm/3h+8PFDT/s4y/aTcrX5n/zLR6kyueQpEwAAQo1bJl/js7lmy+nwl8lEbeX9SJlkox/b9VN99lk3YLKsUlYmlzxlAgBAqGhl8mWEnPyvw4suf+/70CoTaWVtf6RMlm+m0/Mbm1uNWzer1e0sO2omU0sHP+/+uLY6faOqTC53ygQAgFDRyiTxf8Bbf8oEAIBQ45aJ2W+nTAAACKVMLP6UCQAAoZSJxZ8yAQAglDKx+FMmAACEUiYWf8oEAIBQysTiT5kAABBKmVj8KRMAAEIpE4s/ZQIAQChlYvGnTAAACKVMLP6UCQAAoZSJxZ8yAQAglDKx+FMmAACEGi6TXwEKAZL2+2J1uQAAAABJRU5ErkJggg==" alt="Screenshot" width="100%" ></p>
<p><img src="data:image/png;base64,iVBORw0KGgoAAAANSUhEUgAABDMAAAIGCAIAAADGMlPIAACAAElEQVR4Xuy9558cRZrve/6DeXdf7ZuFmXN2d9bNrJuz9+y95/TO4IYRCBgQEkbASAMMIKyQFhAehBECIRByCBgJCTXyBuSRWl5qW74qM8t771131Xkiozo7KrJ8V8s0z/fzQ2RFREa6KOn5VZj8b2UE6QaeUJpPQhAEQRAEQZCGZLJFjQxs/Dc+E0E6Ap0JgiAIgiAI0i7gSS7KwAY6E6Q7oDNBEARBEARB2oXaEgo6E6Q7oDNBEARBEARB2gWdCdJ90JkgCIIgCIIg7YLOBOk+6EwQBEEQBEGQdkFngnQfdCYIgiAIgiBIu6AzQboPOhMEQRAEQRCkXdCZIN0HnQmCIAiCIAjSLuhMkO6DzgRBEARBEARpF3QmSPdBZ3J1Ec2V3KmxyQvq4atGEARBEARpGXQmSPdBZ3IVEc52x5ZQQW35Uf4QCIIgCIIgrTBZZwJRiCsxaggV9UFZIUWjRGFGESJTdCxZwB9WpznoTK4KAhneV3RLUDN/MARBEARBkGZMypmk8qW/XOG75mP/NSv913ziv+bTwDWfgYLXrA5esyZ0zTqin6313HswOfdg4qdfBK79c/TaP8eu3RQ77CrydSHTCHQmVz5qO9F18YdEEARBEARpyKScyYqzycbO5H+s9dyxLxzOldKFsRu2+RVncu3Xcb6uLvHUswtnzbkPxGd0FXqIqT7K1Qs6kyucwtilcCYF9CYIgiAIgrTDpJzJX37obeBM/mqt66irEM+XCOVSODd67Z8jijOJTM1k2f/zmxv+8md/DeIzugo9xFQf5epl8s6kd/shVsdtNNnJpceq95o6ep+a93ivh0+9alG7iClSLD8lX3MEQRAEQaYlU+hMHjwUAVsyOkZCE/gvnh+79qsJZzJFs03QmVwJTN6ZLF22Zfmn2ypasWXzEE3WLV3eO57e+/7yLa7qvRpwpnfVnXfOm3n7vKff+PqQKchnN2PqnMmZ5fNmvt3Hp8pE97w+86kdfOqkyY9eOmfixjFdCIIgCIK0zFQ5k4cOhcGKkM4SsCWlcmG09Lkpz47mSqEzmb50w5nsnPgwdGjCmWzVjad6Dq5tyZmcWb5g5u0LosyCUQXv0Zlz35743AJT6kw+uW8enwpYv3749ilxJmrzMKXCpboQBEEQBGmRKXEmM3p9vrQ8hktmdKy0S8z/jJkBj85kenMFOZPQwYe/EvlEwL510Z42ek6m1JmUQ/s+qVzgBK/f+SgkXuHO5BdroupETp40dpsgCIIgCNISU+JMHjuejuYmnEmuULrlW/e1X0XRmfxIuHKcibTp2RNZPlEmPfORryubrh1nyuWR3mUzbyfDvSqJo/FFTyy4E1LmLDjhLXDO5ND61x+f++jM2x9d08fYlfF6Hp4zUU/v+0seICXnPfDE68ZQYaLwOMSZwMmoBnTNnP+1VK5yJs6hfbSqRev7fBM1net1Vc4Wsh5/4ctDQqPlJXKj9d5ekpqzJvIT0NrIkwNZVW5tteJM3DigC0EQBEGQ1pgaZ3Iia02UxsYq1iSeH/ufX7nQmfx46IYz2Xbu4khF+/ZMOJMNx8fTz2/+tLkzeUdxGioWKVmuHR8sX8wO94IrmDl3hfKhYN368PwJZ/L0nfMmCtt3PL1z3Jyo6uGHadUa1yQ7k/KG+dUlh9buCpH/s86koOw+OrJmrlL+3D1zF9yzfMLYRE+veP1o3ftf/72KxJnQ7SUbKxtNhc4EQRAEQa4QXId39vNpjYhpjy9dtmU/N7IkOtirrf5N13OGhmHvrz/fNO6aPN10Jv+y2nrjl+I/fmb/h3XOLwxjnpRsTmR7Es6O/mqju7EzWbj4BRruX7jYr4T+oHfe/6BQmPiJ+Lobb2ZzQTPvuEvJVTuTa/7739CUf/33/7DZ7H/3i3+hH++afe/P/vrvlEp+ff1vlV3gnL/4aiN3lCWvvK4UUBLpx9HRUbYkfFRK/jiZvDPpFo/XdyYfMM7k4U1V30twC1H2s1xPxZlED3LDwCYOoarngzvrHl2BOhNuQNfrdz5KN+qO5jq74kxl69w9a0aqssrle25/lktR8KR52zCucWcSy//FWsVvFFeYspIn9ZPtSUlOeWNT5AsxN+zNbbeRj9SZGAdjb1iLqgonxJ8EgiAIgiDdpl1nsnTZAT6pJuPO5NLQNWfyVysdX+pyfc78uqHk36z1PfpD8qy/lC1Wek4g1l/Wn2zRmfz8H/6JcwV33DWHlnn3/eVcFtWqz9bQApwz2bZjp1IGbAmkKM5EfZTVa9fTvcC0cFlUA4OVJ6Ok0I8PzntYSZn7UPNgdNpz1TmTDy5UZW16gt8LPEbFmZxesYm0ownWKB0jqnqcvUuW9I5U98bwVJyJPKBL8d/KSLNWnMlEp804DXqK1LZhXOOjudZEvvAWuNyfrI1tljf+n+pOEuJMrIlfTTiZ2uJPAkEQBEGQbtO+MznEJ9XkKnUmHw7mMwX51SWl8nlP/ufr/I/8kDjrK7lTJbnjpERWDWbeZ9LAmYAeeGj+2++8x7oCKHD6zFk2hdPwiKZc7UyU3hKQIFZ+zFacCegX//yrV157g62EOw21ikXy9nr2I2tLZt87V7mcHzNXjjNpEKM/zTgTMlWDYcK0jKPMM3H2LqbTUVhVCqnqIYwWnGd3QJlNZ3n/QBl3JuVNj8yrdLkMrVXmxjDOJH3n7fPe2bRPisajoEPLFGfywdnxIuPA2fJJ4zTvM0mN7fs+co4mJnPXbaR2peJMfrIpwe71C9nJ/OpYRlVblfiTQBAEQRCkQiEWjYBCQ4f+PJCCz6G+A+dEn3Dm0MffO0m+58z2w4e2Hx8RwuX+rVuWbjnz8dYz57QQVISOb9kjBCKnt2/bL7/2reJMXGeWb1cm5TLojh81OG0jJ5d+PZIrl+GIS5cdgD8hB6o9uLb39EWSrviQVcu3DDsisYDt/RW9NGXp2jNcmPPxHnN1QmHV95U30HVM15zJGt1oOFsZuwV/nvflf/45MSefG0aleCmaK30rFlrsM9m0+RuaAvUoQb/T5WIdgrKXkvLTv/pb+NjzmxvZYlR6g1EprzgT8C00xWy2sNUq2z//+18qe916+500EXwIW4ZVJlN7qvWPkMk7k27NMwEj0coMeM5RTHSDMCnUmRSOKpZAhaqeKqJ96mnuZcaZkHFissl5/fbKUK7yhDPp5waGMafRXp9JK/NMtu+L9MkbD66tpCjOpEafSSq/eVdkc1hd4YT4k0AQBEEQpIrRpR/xY6vACZD/ec6sOlz5h544k+Xqjg4PLUCciev80vXn+fxqli47RLtWlD4TqLZf+beaOpOxkY8PjkcX0vF6zqRccL6/QzEnhaWfHWPyOqRrzuTZH7LGaKk4PrEkN1r64/ehf93ofehoYp997Kyv9IfD8Radid3uUBKVuN/hdCrb//G/f60U+OW//ruSXmb6TBT9/S//VSlcZpzJb2fMVBLZGpTtt5a+qxRQumv+9d//gy2jiJ3rgnTDmXRnba5y6mjdVYP3jU8XUTmKQ2/M41bRWqTMM3Ht2CBU5ymo6uGYefvErHqFCWdSTp94mxx3wjIpzsS1gxuWNrLqUcWZzFx+js0qk3kmi7kUhUS+kTMZ9uaGvZm/GLcoK7ZGDocKfRdjijNR5pms1uXcygz4UOovdqVUFU6IPwkEQRAEQVgMxzYPkQ4ToOjTLV/Zu3TZFsWZKIOpiDOhiYSCb+TM8o+2QEnFmby/Yst2S51B5HHbx5/K1dZyJhPxCz0cO4JrfLuGMymX96/dQkYTlQu2gzuH43UO3Q5dcyY//djx9rmCGCslyZgukgvmZPbuwLXrg3+1zvHX65qvzfXc8/9Fo/xgUF6WSEYJ/e0Oh7L9+1mVaScAGAwlvVzLmfz8H/5JKQwo00vYStgalO3Pv/hKKQBmiSbSnhnuEKBbbvu9Uhi5gpwJfdPinQtYp1Hw9s2cu2zis9pRjIozn2EmeNh3PPxI1dpcVb5F+Rqq6plYTQsYtc98+SDzuQLjTADx4WeWsJ08430m4qZH5lX+xiqXNz0z7565CyZmwJO1uSbMie/osg8uNLr/aucwpcL3mSAIgiBIA4a39y5dUTEJx7/csnRDpdOjsTNZu2zL2uM0YDZO9JmUy7s/26IEDCxLPzpW2WjFmYyNrDrqq6S4GjmTsmxOln52rCu2pNxFZ3LNSt///0X4tLfkH3/HIvy5QZv+5eeOazdErv0i0kVn8td/9wulAFgFJb3MOJO//cd/VtL7+weU8q07k3vnPqQUWLPuc5p43Y03s2VYJZNJpfyPnCvKmZTLaeOmJTPnLDnU13eir+/1p8grQfrZtbdUjgJ456F5a/b0G71xn6n/gVkLpK+eVZxJaujLO59YtmlPXzQaP9G37847x3tCVPXMnPXsrr6+EWvceKHv8TnzDvmrcinVzqQ8MWuFfhyfZ1K4sOqehV/CEQ/1rnjg3aM+w9cT80xO23ctfLT30AjkbnqNvPBe2b0mavMwpYrm+G86giAIgiAK7y/rVTpMILZZunGQbI2ZGzuTVcu2bDgn/5apO8Y6EzASa/smAmmFpZ8el/8fasmZlCPKgaDaxs6kXHB2y5aUu+lMPvH/9BPPBd9oIj/hTH5w5a/fZO2WM3lxySvKx1/886++P3Dw53//SyXlwxUry8w8E9j+x3/+NyVXMSdNncm//fv/p3y84be37Nq954GH5ispBiOZssKW//LPE+sLX3fT75Q6f8xcYc5kelNjBnxj6k81mRLxh0cQBEEQRGHokDzCShYEOWOh/u17YLv3oq+xMykHR3rXk9FZ53yFKmcid2K4VP/8mg7vh8J/PiyuasmZlFOWM+SUlveaUrYmzqSrdM2ZXPux56A9X5TfYFKWbUk8X7p7b/Dadf5uOZMy4ys4/dO//b+0PLdqsChJSpkzZ8mIl6bOhP3I6Z77H6xZfvM3W5UUNCflbjiTienvsoQwTY5w6WQRiR87bTuT8iXsNonl+a85giAIgiBIPbrmTP7PRp8/Q9cHJrHI6Fipz1382TrfNZ+Hu+hMbDY75xaofP7KQBn1mxb/5X/+L5ryP37+D30nT7XiTPZ/d+AX//wr7hA//au/pUsGq8uXq1cojkTIEmw/ZibvTJCW6cSZBDK8hZgKwVH4AyMIgiAIMvW4Du+c6IqhvTFXCV1zJpvNY9kinfpeLoIt8RR+tsZ3zfpw686kLc6cPffJqtXnL1zkM7rKsR+Of7Zm3Z59+/kMpCHoTC4hnTiT8iXpNuEPiSAIgiAI0pCuOZOlF4vW+FhhtJQvlo47Cz9dHbhmXaiBM0lMzpkgVzLoTK4Kpq7nBHtLEARBEATpgEk5k79Z6VOcyX9sDh9wjknxkiVWmrcvdM2aEDqTHy3oTK4WYnVfbzIp8YdBEARBEARpgUk5k3iuxK7N9dfrgr/8MvTf1wSuWR1s7Ew2GPN8Xcg0Ap3J1UU01x1/ggsEIwiCIAgyGSblTIDCWNkYKuqD4wopGiUKM4pUlCpi+DLNQWeCIAiCIAiCtMtknQmCqEFngiAIgiAIgrQLOhOk+6AzQRAEQRAEQdoFnQnSfdCZIAiCIAiCIO2CzgTpPuhMEARBEARBkHZBZ4J0H3QmCIIgCIIgSLugM0G6DzoTBEEQBEEQpF3QmSDdB50JgiAIgiAI0i7oTJDug84EQRAEQRAEaRd0Jkj3QWeCIAiCIAiCtAs6E6T7oDNBEARBEARB2gWdCdJ90JkgCIIgCIIg7YLOBOk+6EwQBEEQBEGQdkFngnQfdCYIgiAIgiBIu1Q5EwgoUSgUCoVCoVAoFOrSq8qZ8LYFQVomGAwqLQkaViZbRKFQKBQKhUKhWhdjTNCZIJOAbUnoTFAoFAqFQqFQ7YqNJ9GZIJ3DtiR0JigUCoVCoVCodsXGk+hMkM5hWxI6ExQKhUKhUChUu2LjSXQmSOewLQmdCQqFQqFQKBSqXbHxJDoTpHPYloTOBIVCoVAoFGo6SXDFtVKkWwpFs+pDZNCZIN2CbUnoTFAoFAqFQqGmjcCW8JHf5Iin8uqjZNCZIN2CbUnoTFAoFAqFQqGmjbRShI/8Jo36KBl0Jki3YFsSOhMUCoVCoVCoaSN0JshVBtuS0JmgUCgUCoVCTRuhM0GuMtiWhM4EhUKhUCgUatoInQlylcG2JHQmKBQKhUKhUNNG6EyQqwy2JaEzQaFQKBQKhZo2QmeCXGWwLQmdCQqFQqFQKNS0UWvOJH/2yOGzOi+fXAf1UTLoTJBuwbYkdCYoFAqFQqFQ00YNnMmbPT3lpG7V/J79xjBNOfzu3Bt6ZleXqoH6KBl0Jki3YFtSV5zJ9t2nli7b8s4H3+zce1qd267CkURPNZCiLtaKgqHY7bffDjXcfffdNrtbXeCyy2ByvvdhL5vyyepd+w9cUJfk9NGnO9SJrPZ/d/DXv/41XPtLLy1JpWu/I6mehoa1v/vd71599XU28bHHn5g1a5a6MAqFQqFQqCtHjZ1Jz+z3BpJ8es9dq/ikatRHyaAzQboF25Im70xC4dSyFd+ePms4eVq3/svvIWXnntOtxNb11JkzSSSzEExziU8seFKpZO8+cm43/fa3XMB9eQXOZPnKbWzK+x/1tnL3GjuTdKbwn//5n8q1w82h9wcsh7qwWjWdyfnz/YcOHVUXRqFQKBQKdeWosTN5bFelt4Rl8W96+KRq1EfJoDNBugXbkibvTM5dMEF4rXzUGhxLl22hgo+Szf/u8q2wffDoAHz0eKNQfmhEorkeX3Rz7w+wffqcgav28JEfIKT+fMOX9GMsnvr66y2Q8uijf6IpJrN40003XX/99Xv3fnfq1Nk5c+bQKNzp8iqVwEc2Fn/vvWVKsK7UCRH8gw89BKE8Pei8efO/3vzNjBkz4GMqnb/33vt+/etfHzhwmBbouuDWHTsx0ndaRz/aHMFjJ4YVZ0Jvzo7dp5Tyaz7f/84H38Cfq9btUcq89+HWj1ftZKuFq6bXSAUnr9yfWbNmwceXXloC23DtcPdoGbgbd999N6SsXr2WdSb33HMvyGpzKn0mcJfuv3/uBx98CDXs33+A3pkvvvhKubfYtYJCoVAo1OVSA2ey89333qtoI5/XEPVRMuhMkG7BtqTJO5NkKg/RM/iNZCpHUz76dAeNrSHrs3V7aeLJMzqN3g7O5P2PesG90MQVq3banUHY2Lr9RCicYqvlnMl/yoBVeOKJBX98+GGau/+7g8FQdGBwBApASXWfyX333QfFbr755mAoBh/BtMBHpSuA9ipAzP3II4/SfWm1t912+4qPP7l4cfCm3/72jTffgpAdEu+86y6rPcBWHo6klEvuWOBMQB98XOk2+Wz9XrhF9O7t2neGHhFuF7Uu23aeVM6BWjsoQ28g3VepNpHMwjmDp1q0aDFNofdH8Wlbe7eBo7AIVijm8Qb37vse7sbChc/D3YD7SZ3JypWfPrHgyVtuuZXuwjoT2GvHzt1btmyFjZdffsVgtPTIRgh8XY/cRTOstSonA9Lo7OxHFAqFQqFQU6QGzgTIj1Z9PHzkMOi9uT2Lv8tXZVSjPkoGnQnSLdiWNHlnAhrSWCFQBssRiZHaFGcCQfbe787RMm5PZOee05Dy9dbKiKBoLL259xjdPnFKa7JUzQNhnQnE0NQbwPbuPftmzpzZd/LMddddN2fOHAiCafmazsRkFntkbrnlFqiEdSa0zjvuuAO2fzh+kgbW9KDgdmB73brPYZvanhtvvBEOJ0hetm9n/Zffd8uZKEOzYIM6k0g0vXbDfpoI219+fQhs3prP9yk7frhyO/y57otKjwdo2Ypv2Zrfe7/SQfThRx9nVM5EUY/cywTuAjZ0ehNNpM5kzdr1kHjgwGGayDkTuIFgaWAD0pUuGri3PfLou41bjig3J5UurPty4jxRKBQKhUJNnRo5k9GBeqO50Jkglw22JXXFmSh6d/k3GcaZQMx97kIl2IXwetM3R5UOgYzsW3buJV6FiovyWWdCZ55cf/31d901CzT3gQcy8lAr2iWydOm7mTrOhApKwr5vvPkW60xonXRsmBJY04PSvWiQfccdv6cHBUEiNSeBUKIrtiQz7kyGtVaQ1xfrO62jtwj+ZGeSgEuBG8im0G3qZKhgd3X9Gq0BrsLl9rPO5NDhY5C48PlFb721tEd2JuAuYCMUjtO9qDPpkdm//wBN5JxJZvweQjq1ec8+u7BHfky0PJiTzb0/oC1BoVAoFOpSqpEzKZc3zu/peWIrm+L9bvEqzX50Jshlg21J3XUmSrhM7QfEyuo+E8WZQKgNwau6EirWmdCxSXfffTdXBgJiMAw0XK7pTJTJIVAGnEaLfSZ0l5UrP+2pnqZSSV+9C2zJnvHrmqSoMwmFU1u3nzhxSgt3jN6iaCyt9IfU7DP56BNyq5V+FU7xREbZ7pG9B+tM4A4oY7Ro7uLFL8CG2VIZgkWdyezZcxqM5sowzgS2//Snx3pkp3f+fD8tH4mR57t731mPj/RBoVAoFAqFugRq7Ewqqwa7Kj6ErBr8m/nl8gl0Jshlg21Jk3cmBw73Hz0+fPqsAYJ1Gkx/sfHgilU7Ha4QbH/82c5hjRW23/+oN5nKsc4EtHr9vmUrvjVZ3Hu/Pw/xN1stN8+E/rpPgcCa5lJon4lOb6IfuRnwClabk7oRClfnhi++Ug5K94XCG5hZ3TT+7rqoM4GND1Z8S5cPVm4R2JWPV+10eSLg9OgkHIvo/WzdXriZh44OwP2EFH8wATfw+0MX+wcFZWhcZvxCKLQTQ7k/4C6+2fot3aazd+COuT2Bhx76A02E28vOgIcCy5Yth7vRwJmkmaXAYMPh8LDXiEKhUCgU6pKpiTOpQN60ePiihU+ug/ooGXQmSLdgW9LknQkK9fzzi954403YiEQSr7zy2hS5OBQKhUKhUE3VmjNpD/VRMuhMkG7BtiR0JqjJa/bsORs3bYYNfyD8xBMLXlrysroMCoVCoVCoSyB0JshVBtuS0JmgJi/6LpSenp45c+bQcXEoFAqFQqEui9CZIFcZbEtCZ4JCoVAoFAo1bYTOBLnKYFsSOhMUCoVCoVCoaSN0JshVBtuS0JmgUCgUCoVCTRuhM0GuMtiWhM4EhUKhUCgUatoInQlylcG2JHQmKBQKhUKhUNNGgivOR36TI57Kq4+SQWeCdAu2JaEzQaFQKBQKhZpOAnOilSLdUiiaVR8ig84E6RZsS0JngkKhUCgUCoVqV2w8ic4E6Ry2JaEzQaFQKBQKhUK1KzaeRGeCdA7bktCZoFAoFAqFQqHaFRtPojNBOodtSehMUCgUCoVCoVDtio0n0ZkgncO2JHQmKBQKhUKhUKh2xcaT6EyQzmFbEjoTFAqFQqFQKFS7YuNJdCZI57AtCZ0JCoVCoVAoFKpdsfFkJ87kd+siP1kDivIZl5YTb/TY+TTkksK2JHAm7lAR5AoWqhTIo1AoFOoSK53Jc+Ty+WiCL9ZFpVRHbJdcLhcIhoxmi85g0uj0eiP5UxCt4UgEspQyyWRy175DGr1ZozPoDMZhjXZIo7+oE8ORaHV9NUinMxqLwxcI8xkqwtGYctDLzojZwSd1hM3h0pgdFzQWPqMh2WzW6/ObRbtGZ9q2Y5/ZIm7buV+y2iELHtbZAY3T5Tp+8kz/iEFvNJ86cz4UCrdy61LpXDyZUzek6SE1Hq9vcFgDGjHbzw2bW7lFDYDdNSYblwI1DxqrEtvCH4rqBcfOvQe37frOaLL4fP5Mpu1vdY5BdEVGLG5nIM9KiQ894VFFbDzZiTM5dzb+2Hexv18Teey7eA0dSxrT/C4tMRq27P3oht/09NwwY+tgmM9Vgc7kssO2JMWZ1DAn6E9QKBTqEgociBpXkC/WRU0myoIIJpVKe32+Ya0BbAb4DTAkEBhBvEvjG1oskUh6PF6LIEGZvtPnjGYRSsHHeDx+dsg4oBcTyVR1xTWASAucicfn5zNUJFLpDsKyKcIkOvmkjrigFQcNkqGj2uBBuD1es0Ww2Zy79h4AfxKOxr8/egoSISsai3+7Yx88EUmywQOyWO2xeJyvog7JZMofnlYWJZ7kWw7comGNDoz0oNY4bLJ7/UGuQLtAhQbRxaVA2+7XCWxiW4BvP3NhcNfeQwM6s95k2XfwmN1ZdYjG0G9rViZTIau12AVHxO7LUjn8OcWiQLhIbYk3MsbGk504E8q5g7TnpIb+oOMLt0Cyp2fGmz9UDIllw/yenp7qAjzoTC47bEsCZwLNSzEndS0KCoVCoaZYHIk0X6BbiiYKmSx/uKZA+AIxi8XqgOhWbxYMJtL7AdtOlzuZTEKIA2XyxIokrDY7eA+t3ghltHqDWRDtdkcgRLpQ2Ao1JuuQ0ebxBdjEmsCOWsFhc3r5DBXpTDYYDPOplwO4FXaP6qG2T1a+dqPkzMl3uGPgfLyBsN3hhCey79Bxk1nYsfv7w8fPgIXcvnM/3GF4cJLVBrlanQEen8PpisjdWXxFtYBS0WQhEM25VY3tqhAE3GZ7eMhkB5Ngkhyi3ePwhjyBCLThgWHNsMEyYia2hL/s9snm8jaXj02BmwwHHTZKbGJbgL0Ez58Ai5/OwKM8fWF4z/5D1PDv2X+48RPMy31r6XQann40Go0weLwBODe3N2qxEwmOmOhKWN0pMCpwx3zRsVCswMaTnTuTsj+h9iQdOxPL6js2cj6j782XfyD/73li59mP58+4oeejQfLxvUdmgGm54d7FrDN5mSTesHG8p+XNnhl5y1YoJn/OP3bvDbA9/9WtA817YpA2YFsSdSZUnD9Bu4JCoVCXTJ5QVcQQjPEFuqJIouoojcnLliAcjoD9oDZjRKvXWWxGk2XYZLe7vIobsXsCEOnqjeBDjCNanVawD2l00WiMr7Eah9M9bLYbLSKfoQIOAVGjYCOdBnxeNXDCoqMq8ps8mSy4nerH0wLg1oLhKJ9an3oXJtns4EzgHPiMSUA6Utwend54+uLIth37vj/0A8S1yr2FY7ncbpNF0Fms8EDh6bs9XrgD8i/s9U6zCqifjPhSNb8rUAarr19vNVpdqVSavYR0JqMzmi8OauDmg3OIxlNsbsekMtlYLM6mgBHSWOxg+NlEFnAOgWAjU2QU7WCcDh7p27ZzfyAcdbrc8FX9oe/MsZPnItXHUkMdKfxZbMgoA90LNsbGutRnUi5n1J6kY2ey84meAS7JtfWO1Rb4f89DH90wd/H63sPEV9i39tzxzMDFs4d735sxs+JMkn1v3vHc+oHT+3t6ZtBd3wQfcsMd+48chu3w9seeWbd/4PThxx76aGBUqR3pAmxLYp1JU3OCQqFQqCmSLzIRB+TzfG5X5I9OHKIpqVTK4/XSMVp6o4nEp1YbhKckUDPbwFE43L5MJuMPBHQGI5SBP0FmQfD6AjrBeX7EzNeoIhyJQskLmuYlIRgaNNnNkgs2+LxqoIBg9/GpkyOdzUUi7dw7mUg8GY8n+NQ6wGlbXb5ILMlnFIsXtALc7aYX3gHgQOyeIPhMk2CFJwjPLp6onHBBPiWd4CBe1GACyRtGu8MZAceZSLZ4PtlsLhQvesIFdWu87LJ6U3BjDaIrmSSugztzrc5AOkz0gkZwQNvjcjsmmc5wNkAv2OA7JdrdbCJLIpWCLxqfynB+xDRikkxm4eSZ8/TB6U0CuJTDx07yRauhHiMWi/EZDKwnoYAhAbNEt9l4cjLOpKz2JLKiL1j5kk3Z+JB6aNaJnjdOwP96emYrSW/+ZmKI1/q58i6DH80YNyT2r+ZudcnFenry48WIM/mKdz3TitFwz/xVbMKbd9yQZD9PGWxLAmfijYyx5kQt9fcZhUKhUN0VGxplu+1MwvFislFsQ4AYhUyYFgQaier0RkGQAoFgMlkJQ/Nk9nN6WKvXmq1as2gwW7RkxojolWfcKrFdJpMFvzFgtFXVXgvys7TgvKgT+Ixa9OtFrVnKgWlTUZA7HPL5ApyeNxg1CE6+xORIZ7LphqFhTTxkvj4f7zYALgEifrPVY4RYWf79vihfGoSt4Bxcbu++g8fBS/C7dQM4CnhOm91J7aXOJPiCEXCeWqEyhCxH5hSlfH6/KNkMJjOUAbMqFzYJgmizO/z+QDpdOed65HL5RLoQiec9Yb59XjK5ggXBGR02O0SH1xcifXr8WYITSCYhytfoDdSWgMOsVapDHC4PV9uI2T5ktHoD4arUcVKZwlAzXwS7a8xW5aPRLGzf9R18MY1mi5JYE7h8+OYGAgElpdqDVDHGAH8nCHa36Ayy8eSknMnv1kQO2HLZMT69A2qO5nqzj/y/p+dNJe0xZvIJHc0FxqOnZ254nLzcK/ImN0clH3557g13PLfTPl37TBhzcslsSbmWM1GktiUoFAqFugTiiCT4ApzSlV8tm5fMFapqZoFYJBAMSVY7hJh6oxnCTX8gkEiQX+6VAtlsVrTaoAAEOhqdQW+xOd2+eJwMC6uurAIEXjrRBUEtn6ECol4oOWiw8Rm1uKi1DBmsuTw5qC8QFpx+k82jMTsGDDaNxen2h3zBaDQO3iQzZHLwO08O8AkNY7ba6EVX41CvAeFYctBgh6sLhSLDJnsqlX7+tQ9nzH3uj8+8+u2+I3zprgKPFaym3FFmNlhE8CEer0/5mZ8rGU8kvF6fzeGkfWvUtEBTMZgsdoczkSBLOtS7CUU5MoZmnEjl1Y226zI7glrBPWKyOf2peqcEhMIRuIphjXbYaNUKrngyw5eYHCNmvnHCgS6MmKDdcukUwe4xWD18KgNcC3zX9IKdfozFE3sP/gCJZPqKVq/Rm+p9T0flfcGZ+Hw+JUWv1++UgQ0lZZcM60wSZFJLpt9gZ+PJSTmT36yJ8EkdY1k/Wx67NU5y/6KewxmyxToTts+k0s1C+kz4ufK8M5GBYo9tn7YTTU68MUMHjiR5YvaHl66DiG1JnDNBi4JCoVCXRVywlMryBViFE62WTKQnSnJkckXJ6oDwBUIxcB0Qj7IRG2zbnV6tWSIrbskrAks2eygk/7LLVKIG8jWCUyt3XPB51eQLhRY9zGjFmUjgiGDbILkFh19yBcJhMkUbjsMeaaA1q9M6kWis2aXUQB2DtgUYPPBawyayWHAmm51x31PPLFkaT6bvf+JVvugUAAGrwSzqBCe1rNAGwHuAA4nFybwFrjA1LcFQGBysVrYl4E+Ij4XIWKc3iTYI98FccXtxQA3xVD4UL3pVbXiScviz4EmGTU6jzReON3mSWr0RrnTEIEDL7LrFBYZVdRJnojHlVXeVAq47EFL9bsEg96o5nV6/kuIPRuBPuMxAMES8olmaKC2jfDGpM/F6vUoWeJJ5MrBBTQh4EprCOZNMNgctnI0nJ+VMfreeXzh4Mi85Wf8Imae+ce/hw73rYeOOt8lQrnK1MylLG8fnmXzEzjPpueOxw0cOr3/1MZrCOpOzy2bvP63Tnd7f85v5W1UjxqYTYE5mL7t0tqTcmjNBoVAo1CUWh7oAyBcdqx5YQQjGahSLp/lilEQiKY/JIWZDb7HGE+lCsQjpEJekUimywqxo1RtNJotgEGxDOpMvSGbA8LXUB85uwGDViW5abQPgiBrBBSHgqPqSVOgsdojSfP4gn6FCK7RUYeu4SdjHJzYmny/0G+x8akdAGBkIBB9bvBRcWS6Xm3H/s3B1Hi/YyDbPqR3gEEap8mgg9g1H4wF5uJfsUY1kcryBtBCH0wWGBOwKDXbZ3SEFWlo0GnO5PRZR0svlQWRhaVGCxEgkSufh1HtYkJwvFBPpsUiCrATlU30X1KJWRPLEzfbAsNkFkpy+SIzYEb52FXCZ9NwGDZJecg+ZnHXOqxFwOSarG1o1NEKzzW2xue2egDsQDUTisThE89kRi7O6/Cj4CslBvAGbPp5bdPqILeEzGMD1wdmCP+czZODm0m+61UY6VWiizmDetfcgfUbpdNrn8ynlqQ9RPirQxNI4cm9YweLwsfHkpJzJT9ZEXpfndVTIpiAlyyQg0xu2JYEz8UVLVOovOQqFQqEumfyxqmggV6jKzeSqcjnYkuk6JSEWMVnIYr4OhwuiSTYdIk66wq9ktTtdnmQqA+mDJgcoEk9NVNEa/QYbBLUQs/IZ1cBxh8xO8DCtOB+nxw9RnWhtHu67fMHGwdyoHPVStYIAgSOf1ohIPDlkcoD4jE55c/naC8MGsCXpTGbWHxcPjeivm/UEfOzdfYAOb+N3mDTgKnUW8hD5jHFy5F0oMavdAc2J9LrJloP8T4QY2AFZ9c4qk8mAJyG9K/LyxHRH2vyg7YXD5Pf+evuOycE6XDF8F4Ix8j4NkCeQNFiDw2bnoNHu8PjBA4AB4HdrCBwunkjoTOKIzgjbcNUk1i8U+HKdQgxAJpNOZ2KJtMnmZbOyuRwcK5mq/SsC2SWe4FOrGTFKemIg+XQWcC9ag1lvMsOdh4/nLw7u3ncY9hgY1u07fIJ1JgaDgRu4NSYbEkhUbAl1JoVCMRjLsfHkpJzJ8Ag/o2Frf2cvWUSuStiWxDoTtCgoFAp1ecVBE0PxsaaheyRZUQPMkgviP5ebDFtXEgPBkDwxwCxKVgg42LBwQEfGtPhDJJppC4PkBr8h2D18hoqLOgEiM4hy+AwVLm+ATErRi3yGCtLJUz9SgzDRbPcOGB1awQXnGQxFG8TBFKPN06RENUbJbbJ6IFbmMzoCTu+u+Ysi0Vg2mz1w5OR7K79YturPt9z3NIT48xcuhaB2UAOmpfZP5h1DnQnE+nxGNdRFwIm5PV4wGeAx9EYzmA1wHdCifD4/WJRstoZRHpV/sE+l004XWZ4YClN/opFXxAJvEwgG48l0Y8sKDyWRTIFfNdu8Lj95iU2zJ1kbp9sDJ2wUrLQpUmfSrxPATvBFJwdcteSasAEA3AE4VqbWLRprzZkM6syka4tPrgJuCzwjvfzTQyAQPHN+YM93RyB9554D3x05yToTFtaKcCTkNdzg/rDx5KScCfIjh21JNZ0JCoVCoS6LIsmqCKBRdNAyEGQIkhUCR7Mg5QujNBFCGZ8/ABEhpIt2H8Qu1TsRvMGIXvIMGGx8RjP8ITLCZNAg8hkqRkwSHALCbj5DRSiagDoH9M3rjCXT2VyOT63FGBn65Ybgj8+oZsTi4pPqk8rkPEHi5cD2KIkQYubh1jcL+GpCHp/NtXTFhkcXvfPR+m8gdL5x9oJtuw8kk6nf3rPA6Q3OfOCZp15cGo3FR7RGyKV7RRPJ7ft/6OBwFLB2esE+ZHLwGc0Ykw0DxKzgeK02hyBJBqPZLIjgWARREiUbtDq65iy/p7xvLpcLhSNgV+giYHRVBtiwiBIkhsLh7PibNPid2wcq8QeCJrMAZ+bx+vyhsMHqtjtd4IvA7OlFh8Hq0QmOeCJBT3jyBx0l61VUtUxPAA7qgSifTVQArxWINGmcetGpNUl8ai3o3wNwsYd+OLX3uyMjGjJ47eS5AY/HwxdtBu0zCUVibDyJzgTpHLYloTNBoVCoK0qTjn+qgNrs7qDJIkBkmMyQcBBSsrm85PCQgTQGE/1Zmt9NplgcJc5EL/EZzYjF4qTbxGjhM1SA2YBDQFTIZ6hIJJOy25H4DBWJVCaRSPGpdRAdPovDz6dW05YzkRzE5inOBIJRMlfY4gKZ7F4y2SCXh6iOluF3rsUYeX1EHmJ9CMrpzOXrZi3QGy02h+vFNz9c8dmGM4N6yB0xWX8/779WfP4t9T8ffd77+z8sCscSefkt8nylzejYmbAQlwKxeCQK0bAO7IUgylNNyFs7BbmDLpcjK3ep74O8I+ndAr8AztlotoAzgX2hBthXZzC6Pd6cfBvla+V3bwWoPJ5I0pn6dJKGw+kyCeQoiuAJgleh3ThwGnDQZLLyPkpqVNo9OtxV+OqxKWAs6dJbbKICnGRjZzImf4MG9QKfUQc4kM5o3n+4b9/3R3fuOWCzO/sHR06fPc+XawbtMxnr3psWkR87bEtCZ4JCoVBXlPK1fz/tBIhm6Q/PEE7RlEQiSecDgFEB41FdnAeCLj0Jzjw1e1QakMvlNAYL22lQD7cvCIfQmZqHVmQ4ikSGSPEZKprGcyyhaAI8Q1FeHDmeysSSmWAk4fAEvFBFinR0QBlNy84kXyg6vMRlQdBmsft8oRj8Cfec5o7J6XCsaDQmuYJwfwZNziGTEw4XiafTmWxVXePYHcS8FZif1bfvP/r0Kx/e9uBCnz9469xnC/KMiFPnBs73j7z01sepdHrLtt2/uetxweY8err/htlPLn7zE6a+luiKM6nJmNyj4nJ7wBKY5VWJiW+R/QYkxsmP8eSeq6E2IBaPu/0hUbJBA6b7QvOGfW12RzgSSaXJ+174PavJZLPgi+TdLXA4SPF4feRrYrKoB4+Brcrl85lMBspIVjs5ZwHO2SL3QBK7ZZTI8mVk+FkgGAevkyRLEvOHHCcai3MmxGTzaAUy6o9NVGjaksdkA+zzB/iMhuzae3D7ru8M0D5c7ov9Q19u3DqRtWvX/PnzmbIVuESPxytZbXAb2XgSnQnSOWxLAmfij5XV/zSiUCgU6rKoK2SzOavdQVZP8oQgfIEIjI7dgjAuECQp/A51GDBYwZlkc7WDxQZYRDJqv+lxovGEVnCNGJr3rkCUJnewNHc7gMsf4ZNUwKlFoolhs0t0+CD+SyRSWXBUuTzYsFH5N/t4IuUNxSGXzhjh928IlBecgRY7W8bkhaEC4bjJ6vEEouyhYFsjuPRCDT9Gf7Z/68P1dPf5z74ejsZuvvdpuFGSzfXx2k3+UOT6WU/MuP8ZMDCgQKhyT2joXNNtfrFlr9vtLdG7LTqnwplwjMn9KhDQByMxCJTJKl7yTBXyNhWTBcyAPxCsN4KL7EuuvQjN2+3ximTIImnh1LQIEgTPDrvTDYZHEMmgMvDkxFcYzaLdSe0cVGuW30hod5K5/lz9DaD7ai12+HYEQmGvj7yDEk5enmxD1uCmg9DITwCCFa4Lvn2hcMRs9yrmh9YzbLL168SSPLpSL9i8QTLVTDkKFPaH6w50hJLhSJR8PbM5uHs2u5MOgZO9E7kPBnIPzXQQHYieBnitPfsO7f3uMNwlq9PTu33vmXMXlTqpMzEajcFgkKbABnyERDaMHNHq7A4nXDUbT6IzQTqHbUnUmVCp/4FEoVAo1KWUv24c0gaFInktgzyCS4Q4B4I6iJmMogOCFU8w2U4AVoKwSW/1hCJtn5bo8uslT9NjQUgKcX+LETx1Js2qJNg9ZHFhPpVhjEyeTsNxE8nUaLOS0XjS7mk+3owF9pJcQXA1fEZDiuRVMC44nHJG8Ozgki22ujMBaMheHB29c95zVodn7hNLIFL/fOO2EaNYLI5eN+uJDV9/G4pEb39o4W0PLaLDlj5YuQ7+7Ds7QKYKhKPwCEbl16dksrn3P/3K7SHnXCgWDaJ7qIUeqi5Cw32wImSpLnl2ijKCS28wQVQ9/t7GicieZVSeiw/FjPI6uXR3kyAZ5ZkkdJkHsOupVOWJQyUQzUOZYKgNr86iFYgzKcrdIPTk4exisZjkcNO1emkfC70K0JDRBtditdsDwVA8Tl5DKTsTAWySLxSFR39BY4nE4uPLbZMr8gRrf/XIQy8W7W6fwerW6gx0EWeThVwm+bKbyA2Ue5PIR7OFjqMjglMCcwJ3Cf6GGNIat27bc+risFItdSaAshiXksKGkXSdaMhl40l0JkjnsC2JdSatSP3vKAqFQqG6pWRGCRI6xOmLQTAiSjY6KgYiTzr4BEIob6B5TwJHPJEaMdsv6pqPtuIAdyT/mlt7hJICxDcDerGVcV8A6T1ooR+mRDxM3RFo+UIhGImDJ2l6bizpbN4k/zjNZ9QBjg5hfSrdyeMEqwD7JuSFm82SXb7k2tcCOD0BCGrJhI3R0XA0duzEqSPHT8247xkIagd1ls82bIXrfemdz7yBUDyRfPDJV/L5wswHn4drv27WArvTPeP+Z198exW4kTvnLXr+jU9umrMgHImBW0um0jrB2crYuSkFrntMfgOP2+u1CJJJ7gwxyu9UAfl8/kQyWW8UHAXuXigS5xLT6YxZkPSC1WgRGwy+akplrGP9p0OhVzFG5gtlw+GIze6gHTXEJwhWg3xR9BtqEm1UcHp0Ro3OYiVzbEQ7eCoQ7AumwuF0Q5b8vTZrTKLk9NIuIP7A1dBzsDmcsKPT5U5ncoJkHTYIbo+XDxObgaO5kC7DtqR2nQkKhUKhpk6lEv83dovAjl6fH8Ido1lIZcegGghU6LpDkVgqGI5pzTaD0PZ7iyHehQhVK7r5jGZAlASRlscf4jNUaCxOKNnKdetEEgiWWrhHGsEN8SKbUqKzbqxeT5DMHGCzWqRYHHX6I8FIgs+oxRh5GwwJ6/mMlglEEya7D0542FT3qUH1IxZ3Npf3BmNgxsB1QGIqldYbLbCx8I1P4knyToinlywvkrd9Zx//r3fhgb74zmoIke/4w+IRnfGWuc9BUPvh2m8sojWfzz/50gfwp9HmheOCYAMevcbicHgCoWhybBKX0y1okA12KxQh73CE1q7M/YA/7Q6XPxCEOwCPmAoajNvrr3yEGyV/R/Rgb2weyIJ7wh+gZUpyC9dLk3rK0KStTmIM4N5qjCJ4b7jnDWSQXIpMksMo2shix2SSDOkhAT8jjygzG+VlA+CeCKIkWe1Wmx3uFVgauDnhSETuPrLI3SZmXyDo8Xj402oG3HatSdKLTjaeRGeCdA7bktCZoFAo1JWj6nC6DQLRPBm2IYiBqByeZoqSjfw06/QEynIUpTWJeouN360ZsKPFTmK4dsMvGreZbc0tjdXhgiC4lepHzGTwTIMzoWFrifSuuFPk7XWk6yZH5iEk7e4ABPG+QLjB7k2BCkcsLqiTz1ABvgjOgU9tEzgc9Qajo7WbBQTo/kCYbofIcCB3vlAsFIp52Xq9uexTmvXpVzv6h7R7jpw+eKQPqnr+jU/AzMx6+KXBEf2M+8GZFN/5dJPbGyAvSHluKfw5ZJSgKrhSuNuyPyENYNjsNFk9+cqqxMopXE5Kct8UuCy73A9Al8SVB24ZIfimMkhOufOh8hFy4WuiNQpwXQN6ka+xHWgLh+h8MrcDnIlNdiZl2c2eHTbQfhi1J2kkKE8WOLbrBbtGb9LojBo90eCI9njfGTrKS1ZlVBvcAY3OANIbTcMa3emz56tPqjlDBomeJxtPojNBOodtSehMUCgU6spRqv3fcMlkZRNZFDgeT5TkgAlCDwhB9PKCV0qxWDwOQUwm1zyq5oDwF3aEP/mMZgybXfoWOluSqXRjv6EwYnbAmYyO1r6EQqFgdYcEp99i9xklEqtZPaFYjLw7sovBtMXu9QQicGkmmxfiez57nFQ6E4pW3moNx05nck5v0BeMhGLJaDKTSGeVWd3V+/HAacPuDl8YrILDHeA6giCu5S4sGI4NmZ1Qkk2EMlqdadgoyveh9NzrK59+5aNX3lt9pO/87+ctghSjWZy74PUNW3bfNOdJZRenPyKPUyJ1GkQnCXwlt1H+2X7Y7ID7EI2TpWPZA3WXXC4HtymRysSTaapwLAGKxMhyVXxpGXqBZCGDceBsHS6P8hGuZ9jigrYh2d0Z+S0lfBUtA8/OYPPCc6l3Mq2gl1xcvyJU6w9FR0zSoF44PWS8MGK8MGyE235eKw4arRqLA6STGlmXLzZt/eDjz0Cfrf9q2YpVvXsPEusiZ+nkVQ00Zms6k5Hnxts8Xl84HA6FmvdtKmhMEpwDfGfBM7PxJDoTpHPYloTOBIVCoa4cRVP839gNyObJ2xLJj8UOsp4ShJHRGJlVAs5EPfCmOFqG0MQ3/hN760BNEIVoLE4+oxn9OhEiGD5VBcTnBqsXokY+Q4WBvPzOm0qREUqXhTHSg+Sj23DDw7GkViS9CpLT7/SFvaE4GI9cPi+6AmBd7J4gRJBQ3uWPpDNZ2JeITDkoQZlkMh2MJmEXEOxrtnm9wZj6qSnIz3cMSsIR44lUcXQUQvZIrGJ+uJJwS0mFITJ5Wp2bzfL2l74bhPS3jDsNUoOdTIVni8GZgysQHV6dSSQWhfSoeCC21gt2eDQ2lw9uSOVt9LJDYPetB72uRDLlD8egBpPVNWK2a+Vhe0a5x0YWORArveQxW13gW/jqVCihP5wOeFeoXDnziZrJygousHmQS/rlJCdIcHjhfFy+EBVsM/JCLu1LVHe8tHjhFLUzUVMinTNk0JfcfshyZNB+gtGEzx90ePwWm0tjloYN4ulBA+i8RujXi/1aYdBo23e4b9nHn23atodaSkUawXn8wohFlLw+v9Vmh9tClsyOx/uHtSfOD58e0FKd6teAIOXY6f5DfecPnDh//MyFvvPDOjOctC+eSEKjYeNJdCZI57AtCZ0JCoVCXTkKxPm/sesB0R9YEro4KQ0EzTY3XZyn3i/xWtE1bG7bYAB6q2fIYOVTmzGgJ7+t8qkqyG/PVm802vzKaTQZaaHkFJErFGPxqnkmECaCUwIrAgIfohXcWnkcFMho82WyxJA0DVRpdD5icdN3PvLZDJDrD8U0glsnemyeYLH+T/5kTVvRA+E+N/YMPFJaFdDDXYVAky0JNRvrdGRBw5McxJCMmMkP58RCkOFeJMoftrggJu7XCYLdHQyFwe+A2ykWlSniZPeS3AsEzgeysrk8xNYDOgFul06gtZHQWXEgWsEBFzuoF6mGDBKRkaxkDSXB+qbSGcVN1UQJ/cHG6Mw2qFxrsUNVGsGlFVz0Re+sUanhW2qrMg9H7UxEZ1WHVWNadCZ6yQmOiM8YZ0xedBgeGdyKaCxusXsvaoynB/Vf9u7f1Lv3/LBx0OgA6USygAS9wAsaMinFHwiCP5FXZivEE4nj54bhWYDgCZ4aMPxwdvDQyQtHTl08cW5gxCiFI9FEIplOp+lse3poNp5EZ4J0DtuS0JmgUCjUlaNsa2OmItGo0UyGj8NGWY66wKKYBOuwmSy/y5cexyS5tKrxP60A4aChtUnqLF7yFkVPPZukUJLH6zs9dQMvBQjOWiw5FaQyWTAPfGpXIT/qW9wN/IYChPVCCxFwvlBw+MImq6couw74E54I1wDkxcrI+KhAKArNgz6vfHG03jwZCGTBc46YK/PyqeeAgNhsdUHQrww3olG+IoitwX5AHA9/QjjOpJMZ9hqL0yg6wFoHIzHZxpBqoTZwDjVbK+QKDi/sSCsZNFhrdh+V5dDf6vQazJVOHqPEO/NSxSxVLBOQzeXAp3mCUavbD3uZrC44MbvL4/QGFQXDEdFOOnb0YlWF8on52ZTGdMWZ1EO5dcqlFQpF8CeVm2+20PeuQnoklgCfCc8CcuFZDOjMRXl5ZhbSFSZDHs84bDyJzgTpHLYloTNBoVCoK0c14zAOCBkM8uvk6IKnECroIcoQpXy+ILmCDYbOe/1BI5mn0cIxqqGBZivnxgLRKhyuqTMpy50hrcyVp87EbGt7KaGu4PSFdeKUHzoWJyPE2OBPDWQ6PeT9g3xGLaAqdyACZw6hpdcfAu/KFQiEYxCwVkr6I3QQVwNnAsclvWHjzoRSkn+2F13BXL6QSmfcvoDGTN7UIfebkbXXqnsbyACqQQMpINjdiWSKdq3Q6Fmpc0gvgjNhDlIFBMixRJJM0x/vBwAHor5v4LX6dZI8MMwDJ9NKa6SUiEUhy5TR15WokVwBeSBf1ZK7JfImnyCb0hg4K++UORM1UNWZIcO4MxHoLxrwN0a/xkifDjiTk/26xispsxWy8SQ6E6Rz2JaEzgSFQqGuEMWaTaBIZydW3CrJFsXlT5gF8o5nGjHAHyN1AkoglR2DiEQ9mKcpdCpIus0lViHehcNB3MlnqBg2O41S86Df7Q/rIX6qH61OEXD5Ixa3W34bDJ83BYzJa4sVinUdJJnc724j/C3LIWmQvF+cjyzho9HKx9bwrCHiV3sYisMb0Esu0cG/BAMi+Eg0xiUqlGTrAneSDu3is2sx2NCZKJBLC4VHBDKvHc58yOwMhMLKUgE6kfgWqGqMrKTdHrF4ooG1ph2J3gA/f90dIN2YLQI1hGNN1qEudc+ZAJFYwiB3Z5lEayqdBmfS16+lKYNGR67+og41YeNJdCZI57AtCZ0JCoVCXQkK1A3qCCXViltuj5e8u4D88FllGASHv14QBql6wa41SXxGM0ryJHiTlbzlkM+rD0RpEO44vc1j6BGDpcGMFIiWPP7QgEGqLEnUgofpFqPyJYANaC2W7iZkGr3Fpe4B84fj9C0lkwcakj8cq7fqWr0rNohOuCduf4RLlxcsrl1VZwySV3Dyg68aAPcKmqjWbKV9AsMmu8vjAxNlcXQY04MzMdRv8/JsH/JCTDaxWByN1rdnalp0JnAsQWUFO+aCxgzHNUv2fh1ZR5j2lmgFVzKVrh7AVQWO5kKmELYloTNBoVA/BgXiEGUSqbMur+DEQIVRcm71gFjA7nSTVzFIzlyeDLxJplLEpRhM4TgfCxaKxVC47q+2GsEF8S6f2gKwF+zbyqs8FMjv8TaywBGfoaJfX2MVL9g9k83aPUE4Lv1Nl4ZQFvslciaJZMpg9bq9wQZLZnUGRHmhEFmTV92JoQB5oUhML/EjlDqbKVSTfL4gL3rLpzeGjp4Kjq+JrBBPprp1YhTiTKztPWuyblUuP6S3kOnpZHUvsuhW04kc9WjsTEbIN8Kdqe6BhC9INHalOxOT5CS9lDbPBS1ZbVxPliZznxrQ5/JNAOdZLBZZc8LGk+hMkM5hWxI6ExQKNe0VZ37WTGX53EusQKwcSpBeiMZRHPzrD4GA/F5n0lViMFnkgABirxKZ7G4RGiyeO1Lfe9i9YYjY6g1QaQCdMBBuZ12sEnlDOVn+iM+Qs5zuiUiLxj2jo2PL1my5/Q+LjRYpEo3RlzBUFn0ykpSWxwE1p967CxUymWw6nena8caBMBTuCQTxcC0QRkdjccHpD0fqxrJQbEQe2UU/BiLxVPWP9JNBcPisnuY9Whx03nlefpkji9sb6O7d6mzdBcoYmYnuGzKQ/pNIs9C/Hg2cSUk2FUN6cbS6UytHQvdGa4WxjJFV6S6DM4ErMlldFtH6w/kRo2DVCjW+oY0ZlefelNGZIN2CbUnoTFAo1PQWa0uAgKrApVEs3XwaCUCWoLXaZO9BDInHS6Yj0yAgmUzpBYdFlCCkaBwx5wvFYLjGuyzK4/0YQvvdDolkGnbsV62R2phh8m64GgNyIDaacd+zZXnUe+/ug598sX3rjr0bNu80C+QdcL+771kIfC128oK8mlcxeYw2/mUdlwC4aovdpzZFvkAkFGlk+eyekCsQzeXzba371JhicbSDmTMlMueB/MSu7keqN2O+YybjTChReU5FTmWiWqSRMyHjG70WlVuIJ5KqG1MXiO/h9JqOzeu6MynLdeoMJrPVqRNd50aMfHYz4OtJ/15i40l0JkjnsC0JnQkKhZreYuOEXIHPrSk6wqpbHoYOJCvVH7hflrOCwbBgd5vMZOQ3eXmizVEoFKgrGRsbsztdgmQ1S3aj1c39TKtmTJ7WXHPxWaiN9EVYxHZD0pw8nb3d16GQ8euq18CX5C6LmQ8shOta9Oantz6wcN1XvYvfXrVs1cZ1X25+6qX3bp27kMY93I5dxB8I14w4pxSbN1RzOBycSeNXidOeE7iTuTw/eK9jYslMollMrAbOBIJ1cMjqs73SnAns6A2ESA2qU20Rrz9okBo4Ew8UqE4sQUrrR7vsziSZSg/qhRNnB/jsZmSzWTqmi40n0ZkgncO2JHQmKBRquiqeqTIDjZ1GoNaKvZASSvAlWxG4ETh6rZCmQoksVVTK5wvgN0yS0yxIZsmm0RmTmcowCfiTjuayiBLkgmMBpyEvwOpV1h1qQDKd00lef/Ub36HOAlkNlqxi1GAZJTVwaJc3QGd6tBLnkasbHU0kUplMNp4iwTTslM2SoS6QNeO+Zx9b9PZtDz4fjSevv3vB/mPnMtnsTXMWnDnf/9mXvbF44uCxk4Fgh3MDWgROo5X3gXQROKLapClA7ojF1WBYV1kuwydVIz9cdyqTrWlKFSDXZPcZqpfkapFsLgfNQD0pqCy7UD5pcljkF4Y0u+i6kIDeYNFL8ssf5fc/klWMdaJRcopOn9sbcPsC0NhA4PfoSyHp4sVU8C1zevw6+YU8JRm28lA4QpYB8AbiieT4qyTJLwJmh6/1E27RmZTJWMr2FgNoSkl2JnACZoug0xv47GakUil0Jkg3YVsSOhMUCjUt1dYgrqaxBBQAs6HekVMsTeayNwCCmFg8Tv2GySLAn5KNjNofNrssok0veSBG93j9BosVihjNglsezaXsbpLnXbQ+FiuaHIV4N5bMwI5DcAiHPxyJx2JkLVSdSeBLq4DwzOr0w44uPxn2M2CQyASDFtZf+v38F2665+mN2w7c99jLOqMZ4r1Xl6//YPXmW+Y+m0yl5/zpZfgzGo2/+M7qJ5csu+3BZwqF4nWzFmSyuR9Onnt7xfrBYS1f4xSg/o0fAjU4h1SbiyO3iE6sMQKKBe5w02FdrQB32xWIwHP3BaNs48nl8tDAIN1FBnExO7SDLxQlBlWsO5Gpi0zSmTi8IbCCI2aHTrCD6CsglRdBUhms5BBG5o2Qauklp150jghusAcDegmq0oMkz5DRXpLfYBiNxa3ukF5yQxn4ssDXrWmvJqVQKFwuZ5JIpQ2i/bzGLFltF/pr95nMnz9/9erVfKpMMpmkU03YeBKdCdI5bEtCZ4JCoaal2Him8SCuUJMJqBVGx4jrqAz0GpdSiTJkqyYl0ocw5vGHDCYL7QMBc+JyewvyYjck1LN60pksCYPGp7zrDKZUhozmYuuJRONGq0dvsrCJNSnJY7oCseKgiQRVTk8gV6j8tDtK5t16NZZGb4svy5NVIHSzOHzJVGUi+JCZvDKv3pzp5Wu2GIXK2/feXbHh5nufARs2pNG/vmyNzmK7cfaTqVR6+Wdfub3+389bDNeezxfufuSlAY3ptgefv/fxV/648B2Xh7w7oiAv/lNd95RgIq8UJBtwdXKnUAiuVyu4wbHAk2p8c9pljEzPaO4nmw7rahGoISevu6WTvOEImXEEjgvCdMHpz+bIDAF+h5ZxeEjXmfpN6lPBJJ2JQSSeX3J4aWcI7RihnSSkw8QbMNnJhQwbLLQ7hXatgHMD6UQHiJoWA/OCSHLtZMkvshGKVFbAK8lAa4dw3+UNyLfdE4jmuAV21WRzOag2ka7thFl7011nAiemM1pMVteAQbI5nH2nzvAlZNCZIJcOtiWhM0GhUNNPrNkAO6EuoCgw2V+oawMBCfgAsB0er18HbkMQBcmqN1pc3iANu2k0A9G5yeo2SzazaJUXBbbb7C66BldNYBejWTS2EK4lMzl/kKxLy2fIDJtdRtL7wS8iJIewebAxEMWm0vwaUJFYEoKzep0tzyx5b8Z9C0rknfRjYMBue3AhGb5VKNwy9zmt2XrD3U9C6BZPJDdv2/fQUy+Db7nn0cVzF7xGQ7pAKHz/40vUR5xSxmN3j+gKQODOBpFwCXowb4LbHyYLgjE7dYhABvm0VE9JHtbVLW9WksfvQYX0Le+TR7DDbXF5gnWXpe4i/kAQAvcW75sauoZYMtX8RZ/10Iukg4V+Vcfk10SCgwWDHYnG4vEmv2dA+UAwbHf74KtkkMhqbPB149oSfEHgAn3BSF4eSwb102PRS4bviPIXwZDRarR2rZ8KvoZ9/TrqTPp14ul+DV9CBp0JculgWxI6ExQKNf3Ern7UeBxXpsNlexoB/2BHo3GzaKdDtvRGk9XmSCSTuVwlOoQCEPPaHU6wLFBAZzBpzTanDwKGZNMlRwU7+b2243CNojWRcVncu1CgSm8wCqbFZPNma70KOpPNQlSql/hBUGU5Dus703/drAUQXVls7kgkdvcjL0FQmM1mb31gIdT2wJNv+ALB746dG9KZg5HY+o3btuw+Qt9Gb/cE7nn0xede/WCSF9UuFoc/kSITefkMGUj3yGOiRGdg8iema6HDRMHuCXVrDkyJvGYkPfkRYgpai2PIaEunmw9Amjx+ef66Vx6T1u4DKJFZPeQ1ODTcb9p9UZN+nVBzRk1b5PJ58LdDZtIVI7qC8fTEiRBnIk/a0ZolreA0iE6zzQ2uLxol3Vy3PvCcUjQcjUfi/AtkWNq6ukA4dnbYBM7kglYY0IunB9CZIJcbtiWhM0GhUNNP1JnAv9VN5693C3AavnCODtYCgdnw+iMQkdN1/8kPqKG4ZLXrx0dzQQGT5BxffLPuMDA1UJXR6rF7q6a2twtYAr3g0BrIqLAxeaSZVvSCIam5chSLZCcDutgwKJXOwCndMvc5wep468O1bq/f6wuCITnYd2H/gWOZbO6+x5aU5ckPH6/dfOb8YM0Qqm4n0ZRhsvmKzS6WQiyKL6gR3GAcO+g/geuFY9XrvKrHMBlT5A5OzlGUyGsZPU7Vy9ong95i0xgsNR9i1wFnQgZTjY+nGjE7fKFoixYjkUwZx2fq7/3+8C1zF945b/GcP72sXrK5AV1xJixjZFmLosPj18grrYE3gKtTRpHpBLsy6SWVTt/18Ivwp+RwFwqFL779btYjL5kECS4+LX/j2KYIH35337Mt3RcZ0eEZNNrhKGdHzCcvallnsnv37vl1YCpAZ4J0G7YloTNBoVDTT/Sf6FyhUYdJJNmGH2jMhf7hYZ3JLIguty9fKEDQAIG4L5SWbHby0gBBBDcCngS2gpEUBKnecI0eidYZNjs19d+l2AoQIdkcZEAXxEN2T1BeMosvUxMI7KzuQEEeeQI89/rKBxa8Arvf+sBCcFmkh2TuQloSwilIfO7ld1s0AJcMOHWLw9/BWZFnGgjTiSiRaBxMF/09ni/HIA/X8RgkTx6O2qwwCzQhMBWhcGwy004ER6vuq3XAmWiNAvfi8ykimUob5U4Pu8NFVxA22uQpH5IbPEM4EmtwS61OHzTvYdJBF1/85ifhSBQa7frNezzwtZRXOJB/Eajal/xAUF0ZWHfd+NSpqSCRysLlZHNVNxOeOJxhLJ5448PPo/FkJpuFk3/8xQ9y+fxNc56CO//CWyuff+OT397zNJ2R9dK7a/YeOzvr4RfLlcF7ZPk7tkI1AwZJL1sgnUmwOt3saK5Tp069Pw64kWeeeUb5yFRAliaDk8zm8mw8ic4E6Ry2JaEzQaFQ00/098TGzqTJv97tsGf/YUGyDmjN3x0+cXHYYHe64Z98o5ksvQXORLTaYvF4Ll/5sRbCBsk1qfflaU2SXrBP5vwhdnH5ghCaRBPtDcuBHXO5HESKm3cegqjoSN/5dZt20Z9sIfIDN3Lzvc8oJXUmqXrvKwKwJYK9kwVzKblcPhRNkKWZzE6z3ReOxOtNC4J0o43ExzrJA+Gmxe5zBaIQhso/NvOF1YxY3B5/2GT3eUOddO3Bs5Bc3RkSxjJiJstSacy2puHv5EnJzoQeCIxwMBIbMtloSA3SCk694IjG4uR+8ruWDRIx3rTz4dFF70AknUimINb3ByNgp6FOs+SIygtnKxcSS2ZS1aPUwLfrp3IVsngyDc6kUL3YHTjSQnHMaBa3bt8rr2JchHNe+XkvfO/u/dOLcBXzn30LTMHCN1aCNxAdHrAr8599++Hn3oKvodvje305+BkytQaaH522wlZOGdJbaOeMRbRFo9EO5pmcGzYMG63QGNh48kp2JuKq422Mp0QuPWxLQmeCQqGmnyqjueq/jWQyPyXDP/bh8WV5KN8fPQXmRJTsNm9iz/fH9EZzPk9+Ja8TGNRYr7Yt0lnyTolUto1xKWpK8isX9SaRz6hPLJne+M32YDi6ZuPOfQeOfbPj+2JxdOYDpJPkgsZ8xx8W/X7eYsnurH3N3aPeXW2F1gdxtUJJfm0LBIhgUchketEDZgCcDwSX8NHuCWbkJ6UTyIigkjzbAZpFrlD0+UNkPI/gDkTrTh6AwqIrUCArPmUs48uItYjc5eJua5cWgbMaMpGBQBCyJ+ssKtUtwJlwQwfLlXs+Bl/Afp2gLJYFG0MGKRoj0zNoMa3oGjE7snJof8PsJ5d9vOZ39z/7Ze/34J/v/OML8PW8Ze5zO/cefGPZqtsefJ5E+enMnfNf2LH/CGszPf5gPFH3AU2esPyKenYNrtL4a3aWr9l820OLZj+6ZNehU7F4cuFrK6CZ3Tj7qWGNAc4cis3508uQ/uyrH4WjMa8/+Oqy9a++t/r3818A63LL3IVg5G6+95m7Hn7x1gcWgo2RvzIT13VOY6G2zelyg+HpwJmcHjIOGGwXRsxsPHkFOZODa7cs3arjU1VsWHaIT0IuE2xLQmeCQqGmn5QVt8ZKfBZbJtvRoCr4N94fCHt9gcFhndPlCYbCRrNAYkGLDfzJxYHhpgGhVuz8N/syGVJVgqiCff80nBKExXBWbc1nMFnIPPim8SsUOHFh2OHynB/Q3Cq/uP2TL7/df/DoDXc/+UPf2dfeX+0PX4qVmuDS3IEIBPSGThcAgJiv6USaSSLbD+IK0hmyzhjcK2Od9xK2CB3NBcHriMXNvTeTpSQvfByNJ+gEhlZWKJ4MEO/DUWh029mzaAW4osb1k6sujobCEZ2x0glAZ6QM6UnkHYkRUwG37vq7yZJxENC/s2IDeMXXPvgcPs588PlUOjPr4ZcgLjeYBZc/8t4nX7l9QaNFunPef0Hc/9ayT2HfdX/e6vEFQ/LIMdZCgIH5cvNOKE8XZZ44p3bwh6KG6tdTQoMBP8amwAVC/b5gZPmqr2D7i697Zz/yIqSAoSIju95Z4/L4h3Wm0+f6wZBs330AnNgDT76RzxeWrVwLduvl99bCXxQmO7kzOtExbHYOGqzDJht9dqJk68yZgC3UiS5oZmw8efU5k6XoTK4Y2JaEzgSFQk0/Kc6kVN+ZUHUQU0BYILoCiUTS6wvt2ncI1HfqXCSe37nnANiSVpZnnaQzKclvE9cxLxSHuMrq9A9bXBZHGwN4vKG03PfC/yatDAKBP5OpVCKZMlnE+x5botWbbn9oEUTeN85eAEHSzfc8+fSSZWfOD8YSnS/M2jpWT8hk9YRjyc4CQQgrteLUxuuUaDwZiVWWlIV7RcY+TcKZuLzBrDypIxCOwfNlg2MFErmGyItuhs2uYCSeI+su1CjWXSAmJ8Gu5I7G4k2fR9MCNQEz0NiZKMAle/zBIYNIA276vhE6nwQi9ZvmPA11LH79g9seWpRMZ15b/jkYgD89/3Y2l4Pbe/cjLx0/fQHa/NMvvZfP5+c/97bN7oRmf/O9z2Qy2Rn3P3PD7CfvfmTJqYuarTu/V04GXBM485vmPHXPn16CL0jV2bQMecFR9Up3YL+5v0CC0UyMWaE4GImJVjKU7pV3PoarONOve+yFZff+6SWDSZj39GsLXnh3TF6Owupw7zl0EvzJc6+vDARD8HcFvSf05tARcfD4BMnawJns3r0bokQ+Veai1qQVXOBz2HjySnYmulWHyZd/6fJtvmgk5jBvPu7MxSNLlx2Iwcf41Pb9Ia3AtiR0JigUalpKoem721uIfKqA8qI8gr9EXloyahElu8O1Z//h3fsPtVjTJEdzleVJ8Fp5BPyY/G4+2hUA8QqE761EchQoabR6TVY3DWTh45EfTt0xb/HMB55/asly+Dj3iVcskv3515d7/aFDJ/ufe+X9Wx94Dkq+t/KLO/6wGP5FT2cazYRu+USa4wuEJ/O2Ewj4probgZIvFNm1sOAekneNi/yQpLYYsVTGZcGfdjdZ1sni8IcjlRetQPQpv3yGjNjhdpxqwJ1COzSSkV3OBqtdw4lphU7eEgjOBKLnXL6Nnk2Iy+GsBvUi69vpnYFGnkiQ9SfeWvbp+ytWr9ywDTzA7EeXBEMRMBjw4OgoqVvmLizJ3Pbg8/LAxR3RWOyZV1fAV2DVl9uGtCa4+Z5A+Mz5gR0H+/KFApgiOqCxJoVicd/Rk3zqODaXTy9VzWMJBMPsoltl+e+KXK0lvBXAPsFpwAlnc/kjx0/f/8RrgVDkz9/ud/tIn+r9jy+By6RXBH9ZwWWGI9Ehuc/EYHXD310NnEkDwKdpzNZYIsXGk1eHM2HbKfaZXDmwLQmdCQqFmpZSKI7xWZyUiG50rNxKhAf5dCx4Mpk6cPws/OseiUZj6ZLOYOKL1gJ2h+CGT22TeCIJscWwxSU4/Mrpwpm7A9FijfnAdTGYBAjZLf+Xvffwc6La+8f/qu/zeO1yn3sFEUGujV7tIgLSVBQvRUEpShNUVESxCyJKEwS2sCU9k5lMTzKTMum97WZ/nzNnN8xOymazi4XfvF+f15JMPXPmDHm/53wKL+KvDy5Yg0kMZmnReGLesxtWv/4u/nrw46+mzn2p1mEMrqhQHBXFiwFMKDEyezARJNOZyAQcxjifAvJgHJ3SLqBn3GJQu6SCvOxQMccGQfItAUXSj/b5gcPCueKJJGgeLJL/LEBLrCQP1wgSwh+s3xIlntKln2oRcI1ImYxzX+hq5KfkbWlaEk6RzeWxGNj01v6Tv1x64ZV3Tl7oOHOpa/4Lb/ze2dvbb/VKfuzEuOvQcbhI0R8JRWKb3/3opdf3nL3St+PA8fc/+OS1HR8seGEzbMbyIhzTSTKgaqBzYN+9hz7Xn3UENtoLygSGB2hLnPMNNJ5uGzsjwXLaE4wkUNSMmhIPPaHVDZxNX3PkcqNKiGKguo2qMiHdNFImDeqZNMHfVZnYTp98+72Tn/xqwUsNZfLXgXYkGcrEMMMMuyVNqzdq11atMMKoUzk0u8LJycBY9a3hwC4e8Z6BgYHTv15iOCGVLcUzQEdaVSaBSPuv/zGwCz60Vss6RpSJXjk0AUrMKgYc9HBq1EUv/jeVTvsDoSeefiWby8Gl/XjuaqFQnLEQKZZUOjPn2U21nkLQhkS9QOGBgcFgW3mltKigmujtZ87FTly56m2+meClcO3UgYPxAr0erJFz4wIw17raBrNU/dI/FqVSmZeCoJ0cjK9YT6DSKHy/nUa2p0xK5TIMab8yxlNci2y+kMlko7H48jXbFqzYLAfDX588F4snQGaAMoeu3vzukezIxN36Lfu27/lo2txVoNVhG7ODyufzIGZ27v+UE6Wpc1Y+/tQG6BnY96dzV8KRaLUHtD1hdnF22lNR892BQIomMh5Z/86CFv3JTM4fihIcqtXIeEMwzCKxBOxSQWmO0ZSpbpcxYaWG40xI6v9nymQYg8m395wbMpTJXwnakWQoE8MMM+yWNC0D0K0CBQLsvaKyhFha7+7lj5YJzq/17a4Ffk8Ziad+vXj19JkLP6lG0ax+u3pI5SrFyYjDdjEep5tLZm9cpxKOAnfRsUD4ms4Pwip/KMJJChjIKoIPODlkDk51PRcDxdKANxDtM9mfXrejy+RUIlGgXIFg6OEla0GN2BwkUPyzv12dtQT5umiPr55iKKC6jtQsrwCL0i8dCxV1QsDjDxNqhitoW11S3gpAGv0xTlzQZn84kavndQPKBC6hdqJpXABaDHd2XH5NfzCKpbKLQxrM6w9pZRhIaE8gotlwHBhEyiQQicXV6PM6Vqv3QKkRKAGAXLuqFbAevz8URgdXJR/6C4oll+c9EnzANUMw4HNxJNsvbPnQopcvd/bOWPjyyZ/PP7hgTSabtZNcNJ78/LuzF6707D7wUafZCZstWbV17rObcIw7fHVxPjhj9Zh1wXlHRdpUVAyoflmBaJHzoaRwms1bQj/B4qfepSqTnr5RwST+FgDKxMn6IrGklk/+fZQJ0iQn1b9Inxj4K0A7kgxlYphhht2SpmWzWu2RzqNVYJn8UDSt3wsb5VHsbP231BisnMjlkZtENJHleDGRSIkeHy3oPTHqQokmyzXTDm0AaA3B+33+Gy406UwWlzLAGESzHFkpFINr4X1BME5OokmhyLCF42kwB41eoLoYUZCVeCL5n2XrpGAYqNX9T6wslUrvH/3um1PnMbH+8tufdn9wvHr8KqCbaO8oL6bh5ZUK27LfWgWVxy4FoymkSXg/4wkq8XSxWGpyF5qjoiYqiCfrTOZMOhLJNE6ipV+hRgRB905EVJRKZegTnHSr7in+IhDlEIXKjHgFTeboWDKdytSfIcQkW79UA9AFoEzstKeRuWgexrw2MCOXz1soEdrQ/MiNQItICTtoD8HLIjwGsQQunIqPlkiOJNYYGpr/wubq5CGooEeefAVuMSiTPitx/xz04BSLKGPxzkNfyv5Qp4k4/3s3HOaNHYe+PX3x4NGvUpmsEk3AuQTvGLpCp0y0qKiJ4NpSJsOpAlyUu1aZtIIukxOUSfgvrUx2DdsJ61BVmRza/y1a+N63oqoq3Rd/QV8/M43e28CfAO1IMpSJYYYZdkua9te8UBq1Kjy6yElASVGiAj/wFrfPLYaqyykhoCQaEkpWSgSjmV8uXPn53O+//d5x6ep1f6AlFi74IwOjg1zbA9ACCtXKuCGHKur0BbBkyhO2M5IghZpUnICNg5EE5s2IjTGS0y0AnVqy8s0nnn5t9rINZieTz+f94XgikSyrhaWxoqvb9Eb0SBuIXAs4vi8UY30hKy25xUAyk5usYiO8pNgYSU2+VD/4YVIAPeIJROHa4V40oo8OBvVwOj3eipboVb3oj9hoqZqODKitmp6rndmAtqEOKvXW69fUAQgDPEcEchd4eSqdhnGo32gEILTGTGRncfHmxkZwavw976f44alC4PGk4Kf5NpOhgQ5xcV4LyePJumH6zqM8eE5GbNLaU7/+vn33B7OWrMtk8xu3vn+lq2/Jqq3JFKqKCGvf/+greCp9ah6w+c+9tvndD/HDC6bEms3NDjVVJhiO8Wec63EwpHp2muVAmVzvveWUiYG/HbQjyVAmhhlm2C1pkdG/+I2KwdsY2R8tB+OVUAJsCDik+hltD3QgEku4+IYVP7p6TKSbJVzuXC7/2+WOoKbASBMkEqlJqaoBPBVxMjFQHkC+T070Tt3vU7K4AIJ+aw2A2jpZyaXWo7DTXl8oWhzJ3gOIxeNyIAR8JRpLqNUhAiOGPuOqdnbGB6cDAmelBMHj470yKBxYDp+VcDSdAVKdx7G6VrrhPBK0n/Eiz5/mrR0v4IBwI/KFIj4q7wtOygxVFdDceCIJrBrIayyeHFMnuFkUbawrzTmkTghAD0FHpTOZYRc7zo/DoFHEszeIw511e1XUm+4PRYqNWfKkoKK6DPXYqV4HQ3CShfL22t09dne3lQSxVygWdSmkqoDlmVwejxOQVekGEyYA1htse0IMAxpZKJYoXlXXgt/i4pzY/a+m38YL/CzAo4T0oRQCueLifMDmrRQKcG/e6AqqxJrIZnP+YGj7niOwZN5zr+fyhW17P2EF74nvz3Re74dtcBXOMXMDjKlMmq1rAKRM1MTB2JvLUCYG/nxoR5KhTAwzzLBb0vTKpEHuYFAm2q9AELEySajvuIETkGIwmszU5QbdPSZUboykgcH09FkC0YYTLFrki5XCZNBKaJKLVd9PszLjCYbj6dE5e+oAVkeiMRerxr8KfhfrUcL1swwDK5VDUVEKAn0ETmZnvHbagzIIqVmYRhQL+oAXUkIAfyA4ecTZxkuiym5SpiazMJwRhU37Qm5PHR+wiQCOrCiRaDRevaR0Nq9ExxeFX68/EECEpNJZ6Go0mRZLAWet23U6QCdAbwfDN1IJl8tlXzDKQcfyfoJHPSlIIX84AXcwlkhj0t/kyLCBW0S9HYwka6XLpAC0pZMWemyUhRIwhaVGihjaaG+fk7lup20ULweVYhHlq9W1Fr5yHqQQ4OpcvASqrO7liIH6y1tHT78ZZCcAuhfkIi+jwoVkTdn4CaKCnKYGvX4FvwiAiwq3NqJgL6yKL3Wa4IPolWcv27Bk1VZeQAkniqUSHK15RuChFpRJG+iykPi2EiTy5rre26ffYiwYysTAJEM7kgxlYphhht2SpowmD5mCfgNslBjUfrW4JfxBC1EK1fVKkv1Bk8VOupkLlzpOnblQGomIbY5Kg3jxNuDxSqoqqNM2LYDXRBMZQfSCjlKVjJRIpnL5ho5eYwJ0RTqbiyVS4VjC51dYTyAST/lDEZ8cgL6iWNFM8tiwVqn2DLAxt4Borir2kIt865wL+q1YLAIB1a8YAZYltUIIGgBKQLewFrC74Ec16aBVbjEYjyfz+XwikRTkCKg4K+1Toskm3nGNQIuIAvoCw3cc5A0ttpmrSodSuSwFI9DaQCRRmzCtbdgoVAwEq5ExjeBlUC+9TrbbSsKOqTRyPMNXl8pkzS40ACjVIYrkZRh11QsvlivheH1HJlAyFy5d0S/VAJ8C9NudDy7EHlYU53397f0gk9xqq0Cm6PeZDMBJGY86cwjKkBay2fF56OmAZntamN5pokwqapMSjZ+IRtAqE7iKNuZMLAQDykQOKFo+aSgTA+1DO5IMZWKYYYbdqqZFpSZDFzY5WtZ+tatTKLnR7zEHKxVeDuvIHxAjYEUMx7sZtlAoulmxRWUyhKIyxu0aXhcV5NuDqjvXZy7qBqzH71QFCWzmpJiSWpRNv90EAJ0TiuhdlapAtR3UaRbs/pTLF7VnB24dCCfqtqeiZkYKKVGQjtjHSQnHUExxAwouyEowFK7L8wbVQuyNHIfwiVBhEG8QZANuDPwtlQeK5QHsGle3hS3CH0S1EUVpeHYomcrY6IahF20AmgaNTGdycBYgzROcRUGzJaqWwHNi10wEw4ugJ3OFYiyRdHFeWNJrp200SsOFxQlw9AuXO94/9PH7hz5CIRm8bKfFHhuF/b7yhUK+ULS5Rbw9imhnJEEOJ9JZXAPn/OVOXOS+ikw2N33uc9rUBYGQEk+kZi5Ycfr81Wwujw4l+EFa3/HA/FA4sn7LnrsfWgTLY8kUVia+psq/UJzQjOUgqiSTsqt5I2y0zy22M0WDFEUyRQryWK5h9ZUJyoSmVvCMxhONBnYTWAl3VZkkk8k2lInNRRvKxMBkQjuSDGVimGGG3aqWH60UajfwKXm/RpkEExX4sQ9pipxUkcsX4igQefgrcIVes+v0LxfsThfNoTKFFM3W1rJohEbx4uMFkluRFDCMbF5/amgqUChe9BKqdFH9voJjuo60gebKBEDySBc5WSk3moAOqd0IVLUqNirqi3DQe6FYSpAQoee9QY8/HI6nxwye8fmVJsHuqXQuoMRqjwBLQBoByZNCsQly+kbwhyJ2VuZGcpfB9UrBNrPoNkexWPIGIqArogmU00y/ujXgmwV23U73O9xKZFRJcvgMAsDjD9GC1Gen+gjWwUhWkvvg6PFd7x/au//I9z+fv9pt7ui16fy+fP4g55FBnxCchGQqK8OHZDoHB7x7xkI4pqYJ6Fn71yPLWU48+uWPjIjy//7zP0+u2bRj6YuvTpm9HGRSIJIW5ZASiYEyWfLCxtsfmN/da8nn83IwnEgmQ9GE1FSZwC3QLxonYNgEwzEs4eD58gXqu0Q2AWzvDyoou/FYO+qUSSY/GIwknZzfH0429/prghvKhHLH44k2vLkMZWJgkqEdSYYyMcwww25VC6eGtG8kE9lRa4PxCu2N4qiS6hLKEwnVeILAMTKZrBBIW2mJEoK8HAlEslc7ezPZ/MnT53pNdqAHFM20nlfKwU2UG2lBcDLDD5dKHFJJj+jxudS0RUDCCFrMjWZ+k4sxlQl0DsgSql4UOMAXjALD4ySUFVdNcpVKpHOtzz5V4Q+GQ00zEOQLJdYXApEmK3FPIMp6kfKBrqtWpbgZgJETjyctlNhPcA5aBLPREi+HS8MpB/TbTwrgSmOpLIxVXkITfXXPAgtrs2bBxiAn4E7BqjEZMwaaQEimAkr0sxMn9x0+eqmz/4uvf/z8xPfVGZWqqX5fYh/Bd5pdnRaXi5dAXYCcuG3qHJAiXr+yYdv+GfNWfP/TuVK5/D//fuLeh5f3WgjQHnCKO6cvePv9ozAq7nxwAYiuVDoTiyd37D/2v/c/8Y9pc1dsfBtn6f3sxA9rN+/68odzxaY5mp31PDPbA+gTkFtwdaD8Zf84HupBNJkpE/zY8y2gTKAH4NYIsuJgfKlMrkmKsBZhcvEu9QbZXEw0GtMqk9OnTx9uAM0BDGViYLKhHUmGMjHMMMNuYdPFwQPC8UwgWoBVgdgAcNOgmpILmz82wMtxXYDKEEoQrLhG3rOqhLJCummfH1HbC5euXevsgSUUzbZI5gCcpLS+8ZjAgbkDg4OcL0SwqpsNCBKSpj0B4KX6rScbcO0eaYx0ydFYwkIJLkbQr1BR9aGaCBQlIvjGjqeHE5XVEn0TP2MTwBmyubyJYBEFVO+O1kAuAi908bLJJXSYiS4rCUtQ3YzJbhNcZTqTQ6qA82cyOe3Rg0oUO1NVAXy3w+zCLfRI4yDZGBWU1QCV/kCuX/lCXb8vnQXCsVw+/7/3z8nnC/+YNm/jtv2g/6c98SxouTumz9/x3odwwLtnLAJSfveMhTMXrMjlck88tZ7lhAF1xPxn0Qo5qBw9/h0cAU66accHz6zd4g+EDn38xRff/9pE3Lr4cV9dcxRLZbNauxA0j40SWrmNMAIJinEwqO6KFvrthpCAtLOyrmzLBGEmeeQFCsrE6QopYZ0yeaoBNAcYYnnRyUq816/lk4YyMdA+tCPJUCaGGWbYLWxKTXRoKJpxcH5GSgj+JPzqhzRzJih9cLSg26WCArX96dwoouMgqFK5DAzswqWrPX2WiqpM6hKLulBik8kzfP4wkAxe9FUDl4Hp5lrLHDVxVFpQJrCNm/NAw1p3eBsvMplM8zmTPwCDaipYzhewuNgeB2OjPThauokBa3ewEsi26za3wy0wHjkcQ+Hsk3jvUBpl5P8jS6FYGSUirgSjydrcAxQv9bt4CsmYscuMjIk6fl/qvBlWKaFoAmQJ/IVRCroC/714tRvkxJOrXpf8obtmLHx27X8LhcK9MxfnC4WZC16c9vgzoEde3LAFCD0m8bc/MB/4uuQP3v/ok9F4AtTLf5at9YcigkfasGWP7A92m5y1kycVVP2zoYJtoA7GRjKVApmBg3MCytjpFuCmgJgBcg83xReMqhbhvIFkSl8YVImlMvlJ9jOkRcmuTo6BMpEkuY05ExcjoIlQ3qflk4YyMdA+tCPJUCaGGWbYrW2NkMrm46kcCsllZcoTAZOD8WC8khnt+oQ4XA1bOfvbtZOnz4H9ePrsqTMXzv129brJUbtZIwA9nMSoBmA5mOYSNB8M14mmuNkAgTfmKaFVBC/b3De8ziYXpfIAMNo/+NoratEPj0/utrm7rZSFEomaGRIw4OVX+53YOixkt42CHqvdrGpO1gdapc/uNjlptyAn1ZRWE78yGCehKFLjuohzvMrqRtIRzOHmdWsnBRYX5+JlUQ7JwXAwFD519vd8Pg+EHs94wN93Dx7L5XJrXt8JIva+WUtumzoXrvm/O/efvXD5lW3v/XP2cvh69uIVzjNcVJFiRdA/0P+nfr387LrtdzwwP18ovrRpF+x44feuh+Y9N2X2U/fMWvbUy1u1fQfPXaZxTq14PNG6T2Yt4OmDy4T/UuKpjH7daGBlAmJGv+IPASgTixspE6vDxQtiG3Em0HgcMqTlk4YyMdA+tCPJUCaGGWbYrW214exaAGlJZAYFf8TtiVjcPmCWnlA2mckX1ApopTKqBK/fRw0eEH2yyU5evtJ18Uo3KJOefmvr5DGcnExlosRzTk52c77JoK/tACUua+FyHIwP2nmT2ggMNRQK36SD1wJOl8pkBZ+/y0qZXFytusBmoz39oC54rxqrjJDN5SUl5qBFC+XtcXLATXGR+EZmJgU4hYWg/UokmkjnJpbDAOUs9gRr5+vC0QQ+HXDNxFisuj2gqB7Wl8wgVRAIRR57cm25XFYisbtmLIRumfLwkkeXr4Elsxe9GI0n12zee9vUOUDfP/3im19+6+zotfx89uLQiC8lPiD+UEFxNYXn1m+/C2UQLsERfu/oAXVx+7R58WQ6EkuAYtFm1QNV1mSsTlCZQJPCkRiFCpiOocDhFlC8789SJpw3YCJReAyMK4bj21AmPTYSlInNLWr5pKFMDLQP7UgylIlhhhn2tzMleaPyMfAT4BK122gtqneRaIgKSmlVSWcKwM8CkaSNGX5BWxeF0iBBuhMJlGTIRdHaDT2hZqdUwrFJiTMBpupGtUFuYoB7FRW1PGItqcWrXPyNPMgUzWlW3kChUAQyxAk3hY0Biw2Ho4ONSedEUFHnRkKRGC8F+wnOQvIOFr0w1qkIWGKlROTHRSG/LFgiKzcKLOpAqNEOOLhZiSZgezPBdtsoc72DmxzUBx8f27P/8NnfOmCDHgcLG8MuoVhqvJcM5D0W1/s49thpfCI4uG7VZIHkgch6cL4BaPOWdw/eO3PxP2cvEzy+bDaXTme+PnX+6VWvXensxb09Xo+ydCb7yNI10x5/psPk/OzEj5t37EPlaJJpUCwwaO+dtQQUTq/JDoOwyZOXLQyOtz9rAU8kKQQYUZ9gQAt4/N2in7hpQr05YBjjO26yky7K3dM37qzBoVCI4HxWitfyyT9OmZAZ0rBbzLQjyVAmhhlm2N/OBmrIQ+02tZbIAvPQ79gc9hp3fC2ATiFlkq3AB/iBry4HstE8ypaTlIkwEtg1HE2gBMex1Dj52zgAfG7ec5viyfQLr+4qDwys2bzr9e3vxRM1KQVUqIRv+H32d6cv4IurDTS3u1FN8YlceyPAMf0hfc2ZtlFRDxiPJ3if/7qN+ujzr3sdjIuX+xz096fPajWDk0OuXBanm+K8qfSN2QYg1rC20fyD2tqGuYPhKqKJNM17LQTdZQWtIgDb3vX+IbDd+z4AO/zx52cuXsUNcDC+XicHRNPsYkWvnEoN1zps0sfapNWV4eqBw0LITt0UZQKNQbKN5Ou2Cgi6HAzXW9MOoPdunzavUCzCoF29ec+XP549ee7q4pVvMJy4aceht/cfG1KvuraDZi5cOVkRPiSLXON4uWE2YVguB5RWcnPdDARC4V5VmfQ5Oavd2dNv0m8xFhKJJMFJ/U5WyycNZWJY+6YdSYYyMcwww/52VqtMlKR+myZWKI3h4lVF8wiKZCoNggS4RTKV0ikT0B6aDfWgvaH2CEmhOJjO5lEwgxBUoom2jtEqQFfMXLQWGN5n3/wEnx9esq5URrlutdskk6l8vlAqlbLZnJNk5SC66q5+RwXVay99+f0vLvoG04V9JRnR39T4K6mPiQpKXpxoVIdxXIDLVGJJMymC5DC7eGBgIAa+/uHnw0c/hw8HjnyCBAnrs9OeHjtjJblYPFnLdAuqMmlUQAYkWzTWOARKBT5mElUPlHvt1L4jx97e88GvF6998c3Jwx8f+/K7n7QCCUkUVobWgpLpsbqg8VJASSRTcBdq1RoxMsGVymQ98vDrc2zCSEXIyYWqTAIWkuc8+rI2cI2g7kQp2N4TUQs4zKlfL8Nhu0zOf0ydCwpwwfOvdvbZYaBeN9nXvPkerCJpTvIHdfOWd81YVKul20M2lwcdawE11iAaHg1XJdJKpcWbgWAo3DeiTGwOosdk1W8xFmBYGsrEsMk07UgylIlhhhn2t7PajFvFsn6bFq32UFpYaZ9+kQbhSJTh+ApyLo+yvFBdPqYyae7rpQMcP5fLC76Qg/UHo6lUOjsp5KmKa732ze8cfnjphh9//R2+RuKpK529hJsDzvTQorXpdGbFxp3ZXP6BeasOffZ9OpN7ZPnanQeOrXjtXaC8U+e+tG7rARdFL1u97ezFK/Oefx1458zF62KJ5I59n0Rj8dlL12ZzKAwGSBo24ENA2jJqvMEkArokkUAySb9iLOAo6lAkZqOE63bahKTIcIozbPs++HjX+4feP/TR1R4r8H4ryQfDUTXJVY0+1gBUgUvwN+KduXy+SbRDXVRUbzqQXvFEkvHI/QTXR3AoFzPvb5QBDHobet7BSla1oEq3lTK7OIdbcAs+byDa62B1PmNOVpoUaVcLaDylNgaPAScnga6DYeDih/3WRF9gUgc1wonvf96wZTcI+H9Mm5svFFhenPrYkyBIlq989c2dB9e8/u49Dy2Gm3jtuvmpVa+9te+TOx9cmEqnf73UhaujdF7vhe5OZ7IFhCLOWjECJBr15xuNWDKrpuqSaQ/KRabTPPAN7iOshQchmkgHI0kpGAF5xnoDJO9zMl6QvrwUbNFA5DQaaXUBwrvbSkK3mwjW7nT1OW68VWkRmWwWlImF/JPiTGp5rWF/d9OOJEOZGGaYYX9HqyUGsbR+mxattuYJRgU5Zd0In6iFVw57vSgQBX+oLoclSrj+u9I2AEfL5MZNuFtEvlBc8MIbwXASeNO+j76Cr8+u3UKzwpKVb2RzoDHWJlPpZ9a+lc3lZy1ZB+wKNli16R2gbs+u3TowMPj8K+9mYLti8YtvfgIFsvndj2B70DPA5N5678MPjp9a+OJ/Qdv4Q5FQOAYMLJ3JABujUBoxQd+UCQMFbCgNXaSqQKSyUvErcQvJ9qCCG55GMehmF4+8pBwk0Nnr/Rb9gRoDOpMRfATX0FfH459QsL4UihEj5QKhq0OROOeRO0wEClMBZVUvP1grBv0wUDsdORmAUUGJfizGQLPZaS/oQMEX8PjkaBy9fb8ZygRDCUesDhI+3DdryT0PLSqWSv/z7yfmPb320rXr6GuxeMcD85OpVCAU/se0eTDC75g+H4SIyUosW/Um6BmSR/UQwdRcBcjsjBeXjOx3Mk5GFOVQ7VwiBox5u1vENQ0pVZDD7k6ah78E0pOjBLC6gWRngO7ztSFMYxoovV672+5GxV7qNGU04sn0NRNBoQzRoFoFm1s0E+zPv3V4vV6hMUS4VlkOhULpdBr6Df5vhNZq+aShTAxr37QjyVAmhhlm2N/Rat2xsgX9Ni1abWlFjIpGmZQGEAXM5wvpTFaJF0KhsD8Q8vlDXgn5ZQm+sFdT02NylclNRSqTXbN5L1IXpQoQsvLAAMsKFrtz0Qub4OpmL9uQzeXVDfKzl64H3gaX/5KqTNa++R5WJql0OpvNgTKBznlz10fAO0HPSHLgsSdfAZL09Nq3QMxUVB8bTJhyuTxQIisl6loycVSQ736zkibQ/lgibXWLXVYKSLyD1VNDbE5WAt7ZbaUYjz8ajWMlU5d6NsLgYMVGIxbbaCd/OK5fNB4QanGS6lc4C25hLJ5kRa+ZYODq+l1C7aXpjIQboZYwxwaj3cl4amuATBzQWlIIVN/rV7sUtRyVPpRAuzbqqwkCnwZE0R0PzDt09ERerZGycdv+O6YvvG3qHDjx9Hkr8CTJndPng6S8e8ZC0FEbtx84deZCMoNyNjQxO+Mzu7gOM2lnPLFkWuc4BxdULpc5XxAkn4v14uKGqNsFJHXgJiKJwnpA/JAsKBbh9147jMzas7Ru0J4uC6Wog1bbEh2gE7AyoVS95GS9IE7OXeuLRCJKY4TD4Vgslkwm8/k8XBea8uL+pHomtbzWsL+7aUeSoUwMM8ywv6PVlRPh8USbaC1fo3OGVE4DXE2S/SEFfrAjkUQ6mkhnMtmMWo8ZQLOc5A/AQl7wACOv7ghrleRNefc8KQDSEgwpbh69uC0Ui48/9Uo4Gmd84UgsIXqlB+a9dLXz+vnLnT//1jVrybqsqkxS6ezDS9ejKn2Vyn+WrT164vTiFzcD0V+7eTccAZa/8e5HoGp27Ps0Fk+98OouWNLTb3luw85j3/6qKzwHR8CvhCf99TziuJoUz4iPDgwEwnGS9ZhcfD/BAW+rfRtNqrUO4UOvg+F8Ab8SK084DBrUl83F2Jq6ArYNGG+NAuu1gLtjIYfTGdtoT3O/L605ObnHwfC+QDyJgun1x20LFI96Xr90BKQgB26aMqkCnlDkuTc4eNeDCz1SgBe9sET0+Ba9sDGnAimTwcFn1m795fwV0C3JVMrk4qyUgA06EMYJTptW9UvUGvJSQ45zQh+BMqfRgqTEkqD5h32/KhX4N53OFArF6hIYn34lanfzsJeTG1XiBk7UZSFbMYL1ga7Qtgfuss3t6XMwJOeBBtTexGg8ec3kRFvy8nUrRSC3Ovlqv7NYRAqtCXBeZtx+tRNkLZ80lIlh7Zt2JBnKxDDDDPubmv73FnnR6Ldp0ZR6UfXw6ytKoSqN0K8eGmJ4RFZsjETSbCxxI2Dlr6xM4DpC8SKq9IeIRaBcHvj3EytNVhdc4JVu86WO/qlzXjp78eqr2/fvfP/owhVv5vOFN3YeTmeyS1dtHVS9cRjOA8tZD0p42muywhHgAy2imApgLqA3iqUymiGpVJBoGagTUgyUHVhRoTj5acVwWUwgfNlcHoTWNRPRZaVweIOeR4oBl6pJum1Ul8UFS5TIpE1zpdIZ6OGbVK2C9QZru7QueCmIL/a6nXGzYqfZBeoLLhkunBzdGyqdHUVtLW4vsF5JDmIXLLj1cDeVSBzYqf40LQD5RLENe4NEgeLxli5pMrDghTf+9cjy+x97qtdKZjLZKQ8vhXGbyxfumD4f1p69cOXemYtvmzq3UCiwvhBFs6Sb7baSYF1gFtc1MwHWa3cTnNqTNUMLd6aN9sLwA7O56Gg8UQDSXyrjx0F9NErJVKbH7oZO1h0BRALsC6eDzWGHMaw8AH3bY3ObCFTIcvRNRMMbGgAPgi7nmDcQBt2CtzHbXXjHTotroClQfI0KfCh8Li2fNJSJYe2bdiQZysQwwwz7m1qsXhi5UrNZi1YbCg+/wJ5QTr9UA9LNUMilQaI4XyB8Y84EB8tqNvyrAHgY0GXgE0ATrW6vk6Rh4akLHQ8tWvvu/k9nLFwN/CNfKJidbsRDGuixiUPwSgTvBz6kX9EWisCYowma9zrcPKjE6za3c3QIe9XgpChCwE4BrZQDqGA8vkC4UqCYgq/hS/3xIoDSLvlJriEXbxvZXCHQsieYgx721LIQDF6CvKdU8HLYRDDXbTR0CAyJHjsth6Ik5+tRkyNrOw3YbT6fX/7Spn9Mm7f+zd3//M9yTvTCESLR+qVaYomUW9T3pJMW7C402OoC+iqaSN2UodYAmGXju//hsW8enLfimTWbH168akj1v7p92rxPvz2j32c0sPbO5fNwO670OardVRs9outMs4uzkHUc7WAE9hG8jeKrw7IVVNR0zG5WGMLJpmPxfofbSsHx1VQTnHThWt8XX/1w4MgnHf0OWJ5W0+KZnXRVw1zuseHP0LDWzzuEfPDQlWr5pKFMDGvftCPJUCaGGWbY39e0v6TwERWeqwxFU/rNWjRdtROgLvFUc2UyTLYomsmrNeMxbpIyAS4VjiWDSlj0SHj6okUA4fD6ZKcb8SHQJOF4Cr9qBR6PN4ArRdEg46AlE0KpPOBkJedIDPd4MaD6aNncAhAsM8mjN741PI8aeWcMG5gQV+NlJYand/SHU/sHSLyTnTTnK8GLXkKLUrOaNu0hFIkPtpyFqc/J4q4Q5RtBUDpUkJfRjbEEXzPZnIsR+13I+Q32lQLhnn7r9LnPCx5fOJ5OpTN3z1gIEvfRJSu9cp0LhDubzo8anHBMWEgygnZhFXA3oa+SqXqvGf5wQFN/vdT97LptuCJkc8DGdjfX6xjOuUxwktPNJ5IpOaiAwOh1MP0Ea0VOdA21CqyC8Qkjud/JRNXc0/pzjAVVmQR8o8OrQHJFYgmkPK3kvg+O7nr/0NFjJ77/6axDzYfWR7CEpkkgSnGM/riVCYfecWj5pKFMDGvftCPJUCaGGWbY39cyGi1RQeVHZPhtBTURSY2yFidSdEm6kDJJN1MmDMfjD6BMChplUipPvjIpFksEhVxxVC8sP3Ag5DTVApOAbTz+KMqEK6AQgkAEpestDwxQvN9GNytTffMAHesWkL9+K+2vQnUowj4wqP5gXR8tSvVEUrMG+XrRZqQkB1RHlDFOBATRTk/aFHo1pWcAAIAASURBVAfrDULbgqFmmaPbQzAcG6zpNDTTVS9dcj8xHGcSjbU6zYIB3cV4gz12t5n0gAjZ8s7Bdw99nsvn7YwEzPuuBxfG4om7HlxQt1c5n75OCHwleL8cqK+OhpVJepKzSLcHGGN3z1hEc4J+RT3EEymr6peIRh1QfJu7qvGgZ+AR46SQhaA7zC4n63UwIvL+4mXsAAYf7LTQaXGBfHUwXhPBjutdQxXwBFEiCoTTr1Dfj4DeO3+58533UM7rvQeOwN9q6FHVzC7Q9sPKpHZoNYGNQYExWj5pKBPD2jftSDKUiWGGGfb3NV0cfCIzGIiOUcUvkdUfRGslTXKddK7SvCZgVZmQbkYbNaEkkatI9esEUVHrpVDopazsZGXBI4G5OESJ7KxM0GKT2iCxeBK7NpG8JPuD1TYNDFZYAYkc7catI6BExyUqalEslRBjjjdI2DyCfKEYT2UctKfDQlqoG1mktOZkUVf0OdzApK0kJ/pR4W0E/cGageS8bc/h1MLFoBLgWrE6WfCgXHD6Kzv5y6Wpc1/SLi+Xy/5QBN96lAu4LdY7pI69Urn8//71eDgSg3sh+GPFIgrgTqZS98xcUlHnW+Bc1e3jyXQOZWIbhZJ6r7O5+o8SyswrBNLZZq8A/ki0ohCAwffYqaowRrmAmYa55iooZdyw62BFrU0EvVcdodF4Ao4QHiubViNUkDIJgGjUr9DAaiNAmpK891q/06ZJxVY1PKsDsnNcSSmsbjTItXzSUCaGtW/akWQoE8MMM+xvbcnRtNzF+32ahKp10VycVJHOFrNNC4lUvbmQMtF4fyjhWHNlUlHd/fVLG0CJRF2c5HAL2l3gsxJFWaewYwbBeklWBHo9bIKfFmQXg1iIi/XWlkOB3T1epExabsUoyEHE/vVLx4OKGl1gc3t0y4FDA3XjvH4zwVrVjEO1EyPYB8bspG1uIRCOR6EfNBlp20MgFEHkjPbYaa+LlwRfUApGIrF4InUjmZJ+n8ZwMp7xzgg1Ag48rn6F4a07rD8YAj2wdPU2oKchJQLyVc3BdaPf+l38BFsyfd4LHq9cKBbT6QwveKA9356+sPfIcYJ03z1j4cpXtoNKSaXSxWIpX48ixxIpaEapXL+GYyKFKhLeDBV3MwA9aaUE6NKRoejvc7LNhUE6kymWGiZ7AF0No67tGwS6Dp7i1hVFeWCA8ci9DkaXzotS83Q53Dwa7a01xkQgX0EtnzSUiWHtm3YkGcrEMMMM+7ub9i1nKF620VLz39ZK0xReVaTTqPzzje+jAQcBQYI/wwdtoiklPMaUQnmgEku3SiacFGIAgqeO5xUwEtaDCiMMc4uRfKZq8ekAJaD35YlMnRNB84DRquxZv6oVoGiHlvdMpeunuMX5wfDnilrgHChvr526ZiJMLqFWkGAfGDPl6bS4BCmEfLTUNsgKqpXRvMPHRFRlzyMnGu5JGEg2RjIRnIXkeV8okUwVcN7Uan6ABifFnmaN1g6pNw5/qKjTDrr39HH1RPiznSBjGl8sj/9GREEylYHdH31yI9DT13celgNB2oPcinDjTQ5U5Busx8FWd2kPn37z80uvbJf8wdPnrzw0/3no+RfX//daV++KDds+/eL7eCL56lsHKYbv6Hd888Np0Hi6Ow4aD5rRaN7GHwpDa1uZqfjTUVEfbVV2Dg/IDjMhh5qV0BlSx2d5dJ2TKrK5HBzE7QnqV7SGCvIoS8ARGvVtXcCYgZFM8b5+J6t7ypysp8PsYkVJrR1Z3R7tgjGoGoqjGxjE2b20fPIvpEz2LJny6BOPntQseW3GlClL9tRuadhfxLQjyVAmhhlm2C1gWhKYyWR9SkMHJ4zaI1StinA83SSzbaE0SploV6ll4xqy0iFUKa9VSQCMDXEgHlWa16/TAPOGRGbEEklk9TQJBto4kWx7qmFcyiQYQcQa0ZrByskzF6sXUi6XgefD10KheOeDC6bPeXb9tgPFYtGtoUqgrKxusc/udjJiOo2IeO1pfX4U1FFnxXigFqcP5PMFoN3QMyDbaFGmeL+TReXwoBkomViNWLKz6uyNWrTbI4WgW+A4BeSehLRBoxbBPX1g3qpMFg1RN8PNWLDmyx/Pazf44ofz4ejwQLTYCbDqrBfDe1e8uqvHZIPrnbl4HXTXcxvfyebybt53/Idfw5Eo9DbuJFINUAYDsXfj0O2C5cUtuz/euvsI9M+Fy123TZ0DffU//35iycrXb582/96ZSy93me6dueS7M5c3bNl7+7R5n399at2bu/Fkgk/2ewMNa95bSc5O66fO/oKA9lczCqgk3kfxdV4W1IISlbrXDgttbhGGln5Fy4AjSKFo209xBUUi3bgirbk4H+j/DjMJhsuSml1c1ewMqlWPt9Tyyb+WMpn78ckpG46NLLFP33ESKxOz4+M3X5g7ZcqURdtPoFXUnrlTFn13cBksWf39eXvNoQz7Y0w7kgxlYphhht0Cpsv5S4n6MFwtKo3nTKKawAekTBpn6AE+TdHDgqQacILBSUrjk+sLAjYHEEH4+SfcE33trUMFxeRUKKHhm+zmiKdzrZAhOHg+n4dLeHrNm/fOXFweGPj4y5MgSLLZ3A9nLv1z9rIH5jwPNP3w0ePr33wnkUyBgVYRZQUoIEEL4WgMz03ojzsaICHIdgNmqoC7iaIdGkfsYGU1MDAIAikaiwMjFKUgDQyV8QKxdnIynidRbYS8crKD9dkZL8l6OG8Qtg9EEsViCTrkwQVr1rz5Phx29ea9z619E6SI4PEtX711zrObnBTz3U/nvVJg4YrXX3nroJ1kHlm2due+T/d/8g10ziPL1kHvPb3u7dVv7Nm25+NAMMR5/Ue/PAXdOGvxOm2De6yoSAsIKvNIyuDJwqFPvnp2zevQIVMfe8ofVDKZLHQIXNcdD8wHVXalq//O6QvkYPjitd5lq/4LHRuPJz776hTN16Hg0GxSkHlfq4/DnwK40ngy1TsiS1yc1GN3ZxuEzdTCwdaJX4Kx5OaRdEykGg65MQEN4z0ok4R+RcuwuEYpk16HG+VArxEqTUzLJ/9qyuTylH+tGF4i7t/pILEy6flq9bLte3p8HY/+awpahZTJ9Ee37O9hfkFy5djl2qMZ9geYdiQZysQwwwy7NUzLYKOpwVC84XRHsnGcSULDEwKRZBNSDCSskTJhfc2UycBgJTS6LHoT3CRlAkjlUOzsQAM/k+ZorkyAMGVzeSUc+eHslYMff5HPF97Zf/R/759TLg8AkU2m0ha7656ZSy53m6fPeRa4qSQH7npwIQiVJ558GTZWJ3xQuW79cRuA5JrVF28RoJfgIPHx0MRhrTI4mMnm4IbyXtmmFgu30YjbYYlSdfvBZmMkJRwFaTFz8drHnnoFlMbsZet//q3ryx/P7zh4/Pdu8+Uu03/3Hu3qMRFubsELb3i8ciqd/eDjz1Op9Ka3DkKvPrVma6lUOvTp1088s+n492ctDncklli+ejP07aNPbtQ272o/KvKNXm+7Rw3OiQPGTKFYhA/b9x55cP6qT45/v23XQVAm9z28FHTIkWPfYoly+WrX8tX/BS2348Cx+2YtvW/WEhwrr3VtgmZDI+VQq4/DnwJZiXaYCUzESdWDSxqdpbcJKqhaax1nLSWWglvjYlFlGP26lgGqnVZz3OlXtAxGHKVDvHKg0+IyuQTd9CAevS7kTok8KqsGC7V88i+nTE5sntKDvp7f+QQSITpvrssfz72cwcpElShg3W9OnzK99miG/QGmHUmGMjHMMMNuGdPCyfm1v/mZwo3NYmn9jlXTKZMbX2qQzmRolsOfdcrExTd7B8z5lIGWaXe+eLOUSUXNNxpOtKNMUtk85qZVAN2MxFOMN2gmeVAX/5g2d8rDSzu6+3cfOLrylbeAgILwED2+N985ePH3jjPnLt82de6qV7asff0tnySDOPH5Q/l8/pW39vdZHOkGcSmN4GZFG13nffx4ATQrFIm1emMaI55MwaEsJF9RAUICpEg4EqVFVHsxGosDa5+5eN0bb+/nPNKJH34VPHJ3j1nw+Ba9sOnZdW89tfbtXrPjgbkrn9/wViAUjsUTOw4cBzEAy7O5/P1zVsLur2x778nVW6BXF7yw+dAnX8dRKQx0Q6ttgM/dVgpGTp+T9d6EsipVQMPg6kCeffPDzytf3QlL/jn7yWmPPwN3c9Ubu3pMDtCZ/5g2T/TJl65b3jv8GdzrO6fPX/Pa9s++PQONTKUzvmC0PXn8BwCUZ6869YTNzngZT50JkCbI5Qu1acfgwkGTUII/kphQFRdQfSDLCbb9bNfpDEo/UL3AWAL9jwfjCMaYgxFJzuPx+jw+SVLiSjSRLxTU+JNhxBMpB+PV8sm/nDIhO17b6SDh7/Qpy8gRZWJnTuzZtGiKCr0y0X427I817UgylIlhhhl2y5g2RY0/Wkwm01W2lsnrN65rCQ0r5v1jKBOOF/BnXZxJc2XiYFHRlRYBygG9a5+8UhtVALeAI09cmQDXBLZtVWMt8EQBMJh/TJ17z8zFmUzGQZBPPPkyMNct7xw8c/7K1c6el159C6TLB8e+/+fspffOXPzMms1ATx9asCISjU174nlfIAQdO/psY4BC1Uta8vhvDicnqwFC+uXjBcqZJvitlKBdiMmcmmdrEIj4zMVrLXbyvcPHOcHTZ7GDMtm6+0PRKyVTaVAgLO85fvL8Q4tePvDRiWwuv/PAcTjC0+t2AM19/5Pvnl23fdbitd+d+gUOGIsny8NkEc0/aE9ncqHKFaBPZGV8xUzGC9xjiWTquoWAD3dOXzDvuU3Qqvsffy6gRBwkCzJ16uNPr9924MCHnwGZvn3avO27DtwxfX4mky0WS8ViTZrhvwwo3lctSgj3tNfmGm+kPmiPQkm/SzKdwwdEt20CwPVS7ROIVIHb4VDraWqVCQYOdtdCsx8C3PG/vDIBNTLjtRX/mv5aB1qoKpOeKc/uVydSyO+21CgTY87kzzPtSDKUiWGGGXYrWRUVtRYY6BP8VUnqt2xkVXDy6FmY0UD5bdjhIgY6ZeLgGiqTgcGK1z+OAnxYmVRPNImoqNWj69ZoGxPJDKJWVrfXwUrYZwka2edk+9RsP+l0Zv3mHbc/MO+bM7/dNWPhz+cuDw5WXG5+2YuvABO688EFQM0vX+kiKIZmhUeXvQz0OpfLf/7Nj+lMFqzXOTwT1SIctHdS5kxAmajVQvTLxwvRF4RDib6GYgnY7X+WbSiVyjMWroGuuNbd39Nn+eK7n2cvXf/okxsff+pVr0/+4fT5dDa3aeeRcDR+5Pgp2OvshSu4MHktOa6gSOhRCaBgGxyjDLfD7vaIcqhUHsDkEv7OeeY1tzC+d/+tA2RnNodmCaY8vBTO5aS4Fzduz+VyISWcyea+O3lmw9Z9oEZAu8LgA60F4+G+WUuOfnUKpyObcPdPAirqXFCH6YYHl5P1+QLjeGwxgNmz3jr/FZhdPIwQJTxRH7ZiqUywngkO/mr8DKXm49avbgy4X38DZbL/2SmPHjyPF+I5kylTpq/44pfzHfunz5peVSazVu804kz+XNOOJEOZGGaYYbeSaWPWgfxV6z+0rkyqdeV5Xx0H8SoisZQgoqkMbZIuDGdjZQIMUlvMcUzcVGVCCX5OGHdaJJQwVMNmao2TlOv91nseWsSIcjqdXvj8RovDDeIEOCjcC6ChxWIJqPOmt/Z9fPz7ajxJIpXlfEHYvdPsGn3CMaCW0B6fmKkL5M0VngRvLgeFkk01KX85pMoD+FtU552qb6ObZCLOZFEiAf3SEeTyRSs9SgjhQpYUimlmrLQPhw04WLlQgHOWZi9de/rX34ZUZ57DX5yyOt3afScIJ+fHNSurF/Lcuq23TZ37f488FU+kHl/+ssfnz2Sz/3v/nHgi+cDcFb9f6yoUCvAVxoONcN/xwPyFK16vVV9/GKDZvXa3mRyuSGhnvIKv4eQG3DLRHw2G46DH9OvgruXK0Bu6hXAokpfcYqBJio4WgbWBiZiQq6eJoKtPbpeF1K9uDNC6TlbS8sm/ojKxn1yBHLrUhViZnNi+aPrUKffPWmS/tL6qTE7sRrm5Xvulw8jN9WeZdiQZysQwwwy7lSySGvXaVUmUIynEcmq3bGSZkaQ7zZWJN5ASfOg1aj1l0vDVI9lyVi6Mm6dMAKBM3Mw4OL0a7Z3ttpI2+oYHiM6gtQ5W8kiBqY8/k1Lz/L6x89Dljl7gcHfNWAiMc+aCFfjdf6lUyuXzVc6nRFExbKo9ZeIax1XUBfB+aHl0Yn7/GGaSt9NerW9VI4RjyUaUV4dQJNFky2AoAgpcuyRfKOLOFOUgfCZoAXslgQaIRGKb39qLlclXP/4ybd6qI8e+1e47QRCcxHhGNQZE2jc//ir5Q6zguf2B+clkKhqL3/ngIgfhvnvGIhhRMBJ++PnCj6d/fWjByrf2HP73o092mJxwR+CSW+nGyYWTFnFsNx7MPXa6iUyCewKikRIknJktFke516p3KhSO1s6ZlNWcFlKwnblKHZKpNAx+88SUiVu4EQRvcY8jIh/7kmn55F9ImYzDjNiSv4ZpR5KhTAwzzLBbzHKa2Gz4neUkpB9qN2tkyogPV/Pcvl6fLPhQih5Uv2K0MiHqKZNoqmxn5Ey+1R9+jJusTGSXuw6nr6jl/wrFEu0JWJ3kLxeuXjMRYFXGNiJCEHWDhX1Otsvigq+JZKpK43Yd+uK1tw9tfnvvvTMXF1VHHYYXtCQPtArsIisxTIZ8/hA+bN946m/AvkDOmPHP/OiQzuZR1uBsq6lgGwG1h5UozteEzlahlgRtaTzopkR0AFpcKNwY9Oit/AixBvJaXQ7CEm7Qxu0HPT7/zgPHaVZ4bfv+5as2A1fGaLExbQP6BEZCLpc7falr257DBEnf89AiaHksFs/mcuFo4h9T5z67brvLzc5evBIa88/Zyx+a/8KU2ctx25rMGk0KoB+umZxO1udkUD5fByMq4fHpBxjScBA5GHZyoM9lGyOJ/jAKGy+jCKOKingiCQfH02UThD+ooCqrQrOxMSagcdVMXDBgWpeCcEUU91f15hqHGcrkr2HakWQoE8MMM+zWsyrDAj6gRFOFkn6D5oZRtxBBFV6vFFKGlUk1fTCGgx31zhg4qjcYC4abvfZuBCUcvXnKxMFIzpFrLJRQOLWL9Vwzu3rsNI5SIDhpz/7Du/d9cObiNfhw4MgnVkogxYCJFMwE4wuGh6sfjj4sRr5Q+PDzb3P5fBOvFXRp/DCJryqT/nEqE4L3876QdmFB8966RQBThFO3Iieao4IyngVEKThmA6BbOHXObUzAodxiQ5E8qMbBa5cAubymxkjYGb1AshL0/XNW5vOFN3d9/PjTr3z69elZi9fmC8XFL25e9OLmp17eqt34ZqCCag0FQJxgmq5Eonc+uOiO6Qtlf4DjxXlPr81ksyd/Pne916xWvzl1tdt02/1zcvlCKp25BySuWppTf9AJA/pQicZP/nLx4tUeGOfdFlRbcDIGAzIQVPFESlLigj9CoWwWEjGxZMFVwLNDCrIcGDX4W0cijZKqQUPstAc/emAmgm2xbbAZ5/2r1jMx7G9n2pFkKBPDDDPs1rPqTyv89JbKgzdDmVCcFyuTdDZP0aMcKqrKpIK8sQcJHrn4NyHoTaAqk4DY1K+sbTjV17pyJMd7fJ0Wss9BgxRx8SjFFqYpZ87/vuv9Q2BA1947+OF3J3/pdbDAekNKtDzWK3YgdtqY7LqAs5O8jDdrT5nAWUApBYKj6ksA5Wr91W8FuQyVS6WSILXJ8LRAL5Jb89UplQd0iqIRgD0KcsMDVlRirV0CchErE6tbL2i3vffZtHmrSqXy7CWrfrvS/dJrO+c8+zo8I/5AiBO8U+e+BDQ6pES0My2Ti4qad0H0D18OdJdXDjCcB83RFQp3zVhYKBQz2Rz8/erk+ftmLfn3o0/9z7+fgK/QvMUvbgIBuWX3EVAsI0dDcxStlONsggry4BIudvS9f+ijvQeOXLja22kmUulmYULjhSpREKC1JoJzMJOTak/NPyHHNQm1xoVUJo8nM/sdTPWR77S44EboN60HuBxfMKzlk4YyMax9044kQ5kYZphht55VoYRjaNqkZoPmhtHcm4vl+WgsNqSmD7bRPiDHuUIZ6CZwYjsj+6NF+OvgApFUfUlSQTlkK4ViuVAs5gvI5EhRnUPwOlyU1Ul2mJxX+4nfui0/nbnQ3Wue+BvcIfWkwEoD0SIcHMir1Y28Vuqai5ednHTdRu374GOgaza3QHByLtdsAqQNYJaWVz2RgEbjU3dZx6FMwvEU7FIarUNAK6ZHM0vovUg0FonGYTBkc/n1W/ZWQ5aBnL24cdupn882DysC7v782jdxrcAmwKUDW6lT4fYEW+zLYqncIlnEAL7Y52SgGT2O+tXfYRjs2Pcx/J21eC3J+WYuWnWh0/T4Uxunz3+pVC4fPfaVw+U+cORT2ODbk2fh7kyE92sBx4nGEjDIBxoM5mgs/siyNW+8cyQWTzy2dKVPDviDoXtmLvH45HseWuTxK/l8/n/vn7N287vZLJp1sVAeUs1VDSO5105fMzmtBE2pPmzFEsqygD2o9KfRAKRCt5WE3Y99+S0o8BMnz8aTKf1GNYgmUqAK2nsk7QyaM9EvbQsmAiWiwDnN2kBenYmCDz12t5US8NPnYESP3OxBqKKieqZp+aShTAxr37QjyVAmhhlm2K1nVTBelAe2NKDfoLlhNHGhAbgoN64JmEiiJF1wlsHKUCKRCkYSgn+MshiZbLbLSjrohsKAUn2+T5258ONPZ0+ePne129RpItp71Qr0CYgy4ebMDtLkvJGHR2cgPEyk0Otg7G6B9/mBgpsJxG5xS8B0Yc2TAsErEbyfFtGR21MmrCC5aupCFIvFcPyGNui3Ou57+MnVb+x+YePbC57bAGxVCkbwLqJX5kRpz4GPDn3yValUIijmp3NXei1OWBUIKkB/Qc/QLD+EpjjKmOhWD1sXQBMpFGg+dhQBUZO1qRF8fmWs046Cwy3Y3J5fLlyxueorkypKqnPU8xvfPnj062lzV+49cnzre5+9vvPIY09uPP7NKdAPDy1c/f6HXzy/cWdHj81J1QlJGhdQzDQjkC2kpoVWAW9euuLVp9a8+cq291/fceCuGQtBGJ8+e+mJpzbk8nnO6++23KiBWNdAPJhdXLeNQiKcEgIKyKJkVZEODAwGwzGbOurOnP/9wuXOH06fk+RWbwonKWMOhrogOC/JTSgypAoHhUrWgHDVr2gNAwMD+DHJ5vLX7cP/M8CT3tlyhi540LR80lAmhrVv2pFkKBPDDDPsFrNqBHxFU/RwYBDVd1eSY6cPVlTnCNiX9zZ7d4iVCWwmBYfTBw9p3DZGbzsKQPg6zETVfaKJmVwCKBMsTsBO//obx4ul1ohIRY1iD8ZKIIF6bS6CQ35TtacgeNnkIK+ZnJ0WlyCHCmo+X7wvLiKOrZ9g23tDXAUcVa0zOKpn4okkKQYsJKL+TjeiWZRaHFC7TXOQrAcIqK7Dq5QLY/WmHf+rxiqks7kps5YUS6VTZ85FY7FkKnX/o0/d/9jTjyxddejTr0Eu/t/sZffNWnrfw0ujsfjeD7869tXJmQte/Nd/liWTKSDmuz74PJPJForFJhNHyVQaLmFAW/KzHqAfgkqr5SycnNzwfPXQY3H+8NO5j49/Q9CCfl09xBOp7Xs/nD5/dUd3/+ylG0BWrf/vbiDxIMzWb90PVzRt3qrla7Y/8uTGCcag4yy3LZbFrKgV4sPR+Mmfz7357uE7HphfLJY27Tz49clfC4WC2xO4ro5PGD8uVTnXjm1spJqkAca/mfL02d2dZqLHRrG+kM0t9DmG6Ths0OtkU5ls8ydXC6pGD7cIpPMnac7EpgaDte64qAPcTSWGXsPAg2kl+WqPmQiuxUuDzbR80lAmhrVv2pFkKBPDDDPsVjLQFcUR6p7PF6oR3lpUhiUEskgKWXX3JKoRNxRLI4+sJj/PsIIg3ekc4qhenyxKo+IcGgH4qJNGRdaqJEAlTF4bQYJd63eAQrhmJjotFFi3lbS76AuXrp3/7SrBeFycdKXPgZnWNROhRGIDo1k+tLZYKucLRYYXO0yEjfHV0jVYAme0UN5OC+kgGeTxUu8adbIEeFvbHiNVwLUD9Y/GElpvGWgwhQK1EVW1OtEZ4bOVHDsLKpZ/ANSZnAeUANAs0GxwwKLqHSfISjSecLO8xx/a/cFnd0xfcPy70+FIFBf0WLv5XdErb9+1//h3iOZaHeS6N3fBB39QCYSU3Yc+/fDLUxu37j31y0XY/MCRTw5+dOzStZ4tez7MFwqU+jK+z8GgZGWMmM0XtFmt5ECYGCmh0wSsT6nb83VRN9VbI8Cpd7z3IY4O4nzNJv3qgvXI859//YF5q6EPN+04HIklgkpk296juVzuky9+kJXYy2/seuKZ1+Y//4Z2EgmGh7dxZckqHAyKi2CaCv66KA8MBEPKo8tevmP6fLjLOL0VNhAbiWQKNgiEwiYnAwK7w+zqc7JqxJTcXLRgs1Jin5OG0QJXgW/lmHcGDTy2zfqG0B5aHMcNbQKCRZOujVzjWoGsxPEHKRjR9gnO690KtHzSUCaGtW/akWQoE8MMM+xWsojGSzyVzddGsQPtSKRLWvIBn6u7YwC59AQaxhwPjVImlWqSruaALTlJqfpzk6K/n+CAFTG+RCiKDAhWMpVOA9Ut3agXWVHLQQCVsZOjihuaXayL9WAWpf6teHxyl5XqsRJwTB33wubi/d02qsdOByPxQqkh+YJDSQEFiN3IXnKXhRybrLWGymgfORyVYVNT4lo0ymREOtYB6AeQB5IS98oBjxeYrr/PQVtJzuJir9tAzlH9dvTXRvt6nSiIxesPx5PpXYdP3DZ1zpwn17oFCajtm+8eutjR99y6LVaCLpVKok9+bv02kCxLX3ztP4tX/t/spafO/Q7KpMtMwNqDH36278ix365eP/TJV0XVWQsbKUDLPdDncC9Az+DIB0bwEdzYyqRJxZtayC3E01cB0uvYlz/s3vcBGOdt1TdJi0Qy+dl3v8YSqcUvbQV9cqnb3GNxxuKJec+/AQrwareZF717Dn9Js8I3P/0GG4A88flDP1/s1B+oBjguAsc2tId9Rz6DrpWDSvUugBrR9jbcoFQmF4rEQcyDPgcF3utgbE3dJp0saHWhn2B7bXArGcHjA+XTXKJU1LRU2iU4okW7pC4qakJnUZ6EXAsAkkcP6USUiS84PHEXT6J4raolU63eIy2fNJSJYe2bdiQZysQwwwy7lUzrR+NTsm7PjRe0iUQKJAfnDRZLA4FQFESLnZUJPqCE48H4YCAUZ30KzqM15o89MAxQJvidMcMNh8I3Amxjc4tAgMiRH/5OiytXKI55Fi3gTDbCrSNVBC9bScFeb3qEUt8W2wnkZC/44JKH3wfrjzsacEFA610avy9gk2owcaVqYx6kObSzWINqJitop9nFjSS6lUA79Tpo+GuhvASH/HCG339jE/z4RTgIA/0l1zNZiYG6ADGTy+cDofCdDy7M5wvHv/v1nfc+qM6ZSP7go0tWbt370dnfrqbTmYNHT4AO2bBlz2/d5lwud/DDTw999Nnh4z9+euLHbDZrddfpbVzaBVqLaq67RRCZTRy6oP+0w3JyAV16udO098ARB+Nr289nSB20avq1oZde2wlfj3z+4+yl6wg3v2z1tuWrt81avNYXCD/29Ktrt+yLxZNrNu/NjxWjj0k5NTEmXUXVESs0VsmRCko1MVgslUHyg4B0knSH2eVkG5YKVe8mGmPYAazHRnVZSfgryKGymgZsCM0RFVMjpW/g+POeXnf3jIX/95/lwRAKPunstbz34ZejGjECuDswVKJxTSTcWHDxAbCQEkFuhJqnr9qfE3keq/oKjlwN9ALraLnaqZZPGsrEsPZNO5IMZWKYYYbdSqb9mXbxflAg8GsOEsXB+vMoQED/K64khkCWYKtZ2RBYkADPGBisVEPh6wK27BrtGWV30bXNaAW4erSV9qFsQrRXR80RWVf96UH2UDQXT4/QqJYBrdI6cVUPi8VA1UAOAf+GLUFLdFlIt+BLpjMFoH6acnK1RwbAulJ5gPGGJDloJZEUsTauJd/cVGUy7KhDjIgWQr180DNgIGz6HEyHmeB9/t0ffPaPqXND4Wg0lsB5aa/3WZ5btwWo6l0PLpzyMEpN+/DCFaxHvnvGontnLp4+b8WZC1ceWbrK5EQR5K+99f7ho5+vff2tn8//ji8HNJ4oK3aSAcIK59IVoKy28LrNTXHeUqmsvQ/QD5ISGzOfctuIp7I/nbu8Z/9hCymMY0A3Rk4NGQcybSO56ybnW+8dPfbVD/c/sTKbyz+08GW4nM++/HHqnJdQvVHBDwpcvd462kOdH/M7KW4yGoUSEmCvyH4H3WLaXLgLoLE7NSFe8AEeJSw8eu20k61/K7X3FEWkOBiTS4DR22Ei8vn8tz/+/Ojy9XDJIH1h/LC8uPvIF79eqj+DNICkuH9MFVeLiqqvItE4PPUE74drtzOoqbVBVuOCNv0gGq4jV9rXIKtbLbR80lAmhrVv2pFkKBPDDDPsVjIt7IzkDyV4OUxwcjZfJ3A8WxjeK5a+4UDVCoaVSaWSyKDJk3S24c7A2EEg4d97+NDnoJu8TW8OrEzgooBjEYyoTbQFTAX0j81JkqwnlVFjZcaPaCJZdeJqxQjO72C8Nrenx8H22al+h9tG8aJXkpU4SLWCipLqsB6Op6RgxEGLPXZ3n5O1ukWHWma7dYOrBjO5eGxwsWC9TtbOeK/0OUAmWRykxcVZKMErB30BJRSNRxPQE3mgjPDvixu2PbzoxceXr/7nI89A75G87/GnNsBN/OLbM+/s+9BkI6Dr4OuVrv7zv3eRNEfz3s4eC05n/NvV7q6evk9O/Gi2OnQ9ls3l4FzX+p3dNnddlyHonD6H28X5quwR7j4tBidFM9RFOJb8/ufzoEx6ndxEOGsVMGirn2EwL3xh0yPL1oHRrPDeR1/BwvnPv/H0mv+C3qPUuSMX63Fz3lpxIoWilOAHOadb3h7g0voIFLSNpiK5lgLK3bwEoxQVTR+5O/0Ei8OEEqk09JtbkDpNThAqJoKzNU6ojQ2l1Wa8yVTqpVffvtLZo4QjuVzuzgcXfHr8m9Wvbr3aeV1/ehVw90UpOMFEAtC3+XwhlsxCbzvYZuFwY0Lr7No/kotPvbpWBY+WT/5xysTArQftSDKUiWGGGXbLGE6rhQE/uulMttjgDS787OIiJ7BLG0oBfrbdDCqWnAA2T7qbOKhg33r8OjmXG/YAaQ/qC1d0KPwVzp7N5QPhGPDvVjy1qkDTF8gvaxB4UiaTVcJRXlZA2zgYNIOBXiTbqKsm4irKtSrqJky0kxWNDG+AtufRO2b8HrruLmq3eK5b0ek6LSSF4mc4u1uMxNO5QrFQLIGhoPbyQBnFuKMZmeFJmUolmcpAlwLp119eA+C6MdVegg+sL5QYXfZEViK0JyhILZVm1wJ1aaWSL6KKNFdNTug33fVCJ3SCcpLCvkCUEicnzKAuaI/a+bzc3XLu1yaAzo8k9POBcBtKpbKb9ylRNM/48NL1JCOyXlRVhhbR63z12tEHt+iPJ1K4y0FYujhvLDl2pReA4I9kcmNMLDDisMawkHyT2UG4NSDX7e7h+C511AW6LKToR2Nev/UQTo+Bno5SGTmA0R4UZ3XNRFy3uS1ur/a2wlCRg+EH573gD0VpbzASTxWKZdj3jukLYonUFz+cu3fmkvtmLXlgzrMwctdt2f/F979ct7oSKRRJlsvDaCwJcsiN6oQqIvogQ//A/1pgifTYLxdUxzC/nfY0vPIWoJ0z4XyjHkxooWbDhtDySUOZGGgf2pFkKBPDDDPslrFC8cbLyGq+4FoMakLeWyf0WqAACRopk0AwhN269FuogA2ww1IfMXa+qTEBR7Ojqs8B3ekqI8HiA0hsoBRVQOgTyRSYHAhTrGB2sTY3ytZqo1GMhGqIn2F/MExkq4zETt/wAlIp2igLRpPl8gCQK9YXvG6jOq0k8DZQX9VQEHyQqg0fduQsyJmN8ZqcLNB0gvXhSAZ8CV025EjW56B5X0vE3RtQ4Gisp+Fdbg78jj872q/Gox5TaDdAGR+zUEBFQuBegHDqdzI6ByH4DAs9gXCjMdM64DaFtAkfVPSOFKbon4wh5+LGCGOAtcFQGP7KmiTI8NUfisBV4guHvyAeKMHPoxogmp0bA9h5fCx2XkGZ2Yan+LySfhjAiUDbgHC1kMPZqHFLemzuVBYdGXYPKdFxTWDCMUkOniAZLs1K8SDgPXJoxvwVXr8i+iPJdDaezMCQvm3qHNDA//PvJ3iPH/rhseUvgzy7/YH5jz+90eJibps6d+rjz9w1Y+F9Dy+FFkaT6e/PXHQxHiWaKJUGMtkCSIJMNo/yYDQFjB9Fifpbzj1dF27N46OoRTCrfeWgRc2Go4D+W0BhSIPw/4yWTxrKxED70I4kQ5kYZphht4xV35xibjTqPz4NEtkbu7RIlXSoKhOfJGO3Lv0WKoD34B/71v22m0N9GY/KZVTVSKFQSCRSSCCJMsV5KdXJxDFiBJq10E9W4NB/MCBtQBn7COGqyYlX9bs4XT11HULRpJaqAjsBlQKkivb4gRN3mF02tw80BlwvNmiwk/UBF4eF18wELGHQ2+VkdvQbcTgmVibwN1DDtusCNAn0rSC1qSLC8RT0pI52MyJSU20rk9pjKrFkp4WslrGrmsnF22lRd/bxolgagI7ULYRbgE9hoXjdqjbgZFrK7gXDIFdTXBLotYuTkCYZuWpaDOTzxVauuRVlAugdiYO/bqW0fQkfE+lsj91tc3uqZ7e5hS4rqZ20AY0dUKIgAlovVuhC+Ri8w2VABgbTmeyza//bb3XCEU5fvPbOoc/hWLh4zv/71+P/fvTp2YtfmvLw0lgiCcrk4xOnCsUyKBNG8O0+/OXt0+ZBA744eR6UzF0zFr/61n4YDxu37r3WYzn46fexBHoKBgdRHoLqjCh8RV9UTQtLQMOkMjkscfFcIl7e+rjifDcyMcAddGmUyXXbjbJC1f9t4D+HbL4oIdkpmtVseFo+aSgTA+1DO5IMZWKYYYbdMlZFJBJv8k5aq0zG8870BoAeUDQSG4LHiyWKfgsVNmqYlgGh169rCySL3IRUQ7wcHxx/xmajfXZGMhMs8AaaFwPBcCKZArZUKpVRiDr2iBrBEKKPORRMP0KXdXVLUmomXO0SMRBrdLFDKityMChnbhVwNkoM4c/6rTWAtSBaKDUpUDLTks8bJaD35X6lWVa0JgD9RqJieaMW0gKa85HGk6VXCzsl1B5zSL069HbZSZuIG+/vKdXFq9tKEqy3kbJtjlgSWOKo+wWHqaZb0KW1bQMV5PA2dlfAZqI/0sSfCoadDSVs8JPi8BQKdluyo1r1gpXkGI8MZBdEQjKTQ6VpBgdBNsdSqO5h844BflztzF67G7aGBw1Gfp+T1b7+R5nxGHGwXhOdrFcKjWMIgcwGrVWVYRX16u5/7OkpDy+bMvvJTA7JHFAmsBDrE3juovFUsVi6Z+bijj47aAmQKLl86atTF+54YD5cKeiTSCzllUN3PbgQfX1gvkcO8d7AnfB1YPDemUsOff7DGzsPz3lqPTzEdz+06Nn1b//r0Wcud5nDsSR8Xbji9btmLExncq+9ta+j15LJFw4e+/7bn3+DQQWXjM0tSCKa1UGmhKOJTA4bcifzh6Gp2EB1VOdOwTrNri4L2WEmQPX1ExxOD1Drmanlk4YyMdA+tCPJUCaGGWbYrWFakkZwzd71apWJNjSldQDLx8qE40X8oS4EebjwQiA07tCFuigUigSDxInHH85ksqrYGESUqzmDGw3gSbMXvxRLpGDXanYsk0ssl/VvjoHn6UgzyTVMd+sWgwRbh5e7xfrXjl/EQvtVt5CyTU1aes3sajFvFY6KSY4OFGkdcDqC0xcHxGonFB1HUlctQO3UHlMLuF4llupzogob2tRqTk7qsrhSGRAaKFBBv1sDSP8fe+/h50TVvg//Vb/Hrk9TUIpiQXoXEJUiTQRBQAWVLh2lCCpFFFjqAovAwvZN75mZtElvk0nPbvLe55zd7GQymc0G9PviM9fn/kB26pkzZ5LrmnOXgLidcLN6jUj8wAiJN5oIgQCa4Q1z8hNoBNDm6qpBQvShiAhUYBEGaiyeUJto0CSwC+gTI3KOGlLahPLif4ccAstmQHrGrbF5wMh0nzC3mwmHcpX/JEvQzKHs3JQa19KpE0VcYFFjZmq99UimkS+W2Yr86LrV+v+8Ne+fb8yZ/uH6VDrz2uT3gxFUzPG/b82D53X9NwdeHD8rEuNAZpw4c+ntOR+PnfoBPAsvjpsBzwIc5Pkx06GvJsxaCn+ChGjt0Z86f33lxp2Uw2OyMs++NhU0D+P2UQ528bptD3sNa77c1dqhgo33n/j1/JU7Dl9F5cSKbilbVT9XbyxppoEoMiRUhHxSUSYKGodwJCnKRDHFFPt7mJB/yFMloTIJiNndMCjieQA368X1TIpWGyWjTEADEAJqd8q15y8G8KR353+S4JOgbSxOP2EbXTqreDuiTCpfNBtrKBPoFhPtk3SOr6VM/FGeYSMWR8DM+LVWVDMRmnGvxyDDI4XQ4lxYKZzTtgEY7B6graKFpHRd48pE6pjVgC61uXzd+qFUSGaU6Izt0tk6dVZfKFZnDzAe8YQGMGbSLdCZTl8kmc5h+Sfaqi6AnLA5g1LTDGKEwjHJUPIy4nwKmsQnhzQkCJ50JosCMxKpYJRjg1HKHQCaqzY7eoyU2syAYoHONNJuckcasw6Nxepg5eejNNZ6MyiU8CCH22R3+Wodk3b7hY+A2mC936FOJFPpdPbNWUtBwsFVg0SB4yxZu+U/b87N5/MvvT4bloOkCUVReccXx8+Ez4lk+nkURs9NnLc8nc2D3sjl+w7/eO6pVyY9PXoK2HNjpkHvvTJxAXz+xyuTkDL5ol5l0rAZaQ/cGrhBbRpza68JBjD8KeSTijJR0DiEI0lRJoopptjfwIICMgm0weuXK8oOxEi4L6nYUA+AUjRdu33pys2WdtXttl740NGlstpp8XaDKA5GwHc+pjiTRwehqkAT31v62cQFa7O5XLeRAVkiybX4ZFbITQuFfiM1Yh+hWrEKOFqGAN0Rokw6tVYyAyRPqYvYrwa2z+NJIzRvJEjbhfaXBayG06lN4htnwhHVDm+4UBhBrjMC2By9tq86Zi3A8RPJzAOVsdc4FIlhHnjT725VGX3BaL5qFksIY9XEYDZfIAcx0Cx0DNDZUCzpDsTgFhjsXrh3vmAsmkhilz7RrmKEYrzGIqc3ytDaWRAY4qUC4BRt9WahJdDZWWDe5buJ4ivwXYb7AgbdksNpHjK5vKgkjsbCtKnNVsYTwzmjxcetBBzZPJjprh7A9nwqKzOPpLWisBaZK4V+z+G5XRcbuNepgQ+nzl9DnmAT5n629Tu4rn+9MbuEnUVBosAFPvvaVCzhkmOnfnTl9oNJCz6BC89kc27W99bsZTbKCUJo+kefgzKZvXTjH209fDq7cduhc5dbSOnSamtXm9sGDaRF2UjLhWZAichNFsZDe/wwUJFHaAFV5iEoX5GQTyrKREHjEI4kRZkopphifwOL8kM/ligZriwpKVQqk/oirhHg1/la8x23h81kszaKcftDF5tu0IxTvJ0AhHf2GOnadOUvxfU7bQk+ySV42uF67rVpDjboDUZE4SVliJQJsCLD41MmQuRQGT7Eh1QmJ41S68awRX0hjpg/zEW4VNm4ZMZAoWkWYFRG2g1mc/rA7E4fwwbAPP4wGBuIBCLxYDQejnFcIgWWzmbBsmguy2urisQwYmVipH3A4xk2Eowm4ijCuIKK1QJRJtQII/KBf1OuASIo4oVdBjsoRnftLF7QSNGSVDpDdtdYnKTJWOChNEocn4Y+pNwhE4Oc7oYtekO5AnTVnIwk9HZWXtvrUCYrZvgeFEBPeevJnAuX1o2zcpuxouvUWcwol3Ec7hgICE72Goso+Kdgd0tP6EmiH9XGSaF4+RrCFa7U7PBWJwOoRiY3UH8TjnWp+f4fD3t4lL87PGfp5yX8DfafN+fC6SYvWLVk3bfzl29ct3UfbPDcmOn7jv6ybsuek2cvbdx2eOHKL85cvAUapl1t3H345Lqt++939L78zsIL1++i+ZlsjliU4yPxBDEvTudFjPH4idFuf5egONLgCPSUo9LErRdAyCcVZaKgcQhHkqJMFFNMsb+BlfMFw++o0zdMMtBYsijavU4kkykPiyK8tWbK4UR+INdu3Wvv7BVvJ0CPaaCQgsri1lOsH/nqiLf5K9GrNf2/l98F1g68x+HyPPvaNOBDtciHSJlkcnmDXczmh8WwhSlKqNhInvQSqItajSkU+gcNJQgyocADVmNxENPZ3GCwBLu/1+UxX90wMg9TlrXkRKFY0uwI6GyszRl0sJE4eZdfuWMJee6h+Qp5ji6JbB5deyjCGSh3m9qsNlcES5hRlUlXm9pEubyJVEZ4YqqKVVtwnAz0TId6KLFSNfpQwfJh2LPeLlHRAumcyiXIs1E2YQAwY5PDFwzHxCseB9pxPjdyyXSlwyTcItoTkLhPaLAVLE6/xeENxeoqrlLG13tPzF3+1Zhpy0dNXnL09GXRWjhjOptPo+KiZA5P6tyDsMCXFE7wVUYqlSnIfmsROD3eeILPoFI/BRRzYnOA8ADhDavaurUPOjVefzASq/sbbRBwr0VVVuFP+UsgEPJJRZkoaBzCkaQoE8UUU+xvYOWf0HyhD9dFFn7niVG9O5eS32MAmWz2j/ttXl/g8vXbFOPgEvyFy81Ot1wQLWgkrQ395PcaKZ2VKfT1BUNRaCHNBpO4rsJfCSBMNtphMNuffXXqknXf5nK5OJdYuWl3OiM9xYTqGwpe2PPpbAPKpB6kcSUQMDYYrudOgKhAlN06ENRBZgaqQVyAUJA99gJCRRvzqHye1oKyCBSrzkSUSbqyyEkZRexWBAMsEktaHH7sIuWDDzE+Cadw+0NwzHoCM4SAY4JKFO4IH/hUprUXeXkJcyUR/q2xOB+oTXwqDc3whcTZG7hUKp3Jm2lPmyDlazWC0YR8O/tRui2JQhkgrG0uL6kGCDLbQKFyijKHgquDNptG6MpVJ2i3n3gAglkcEo5naqtH6HkFj57TG8L5iFPDe7NJYcvekySMpIgvTbgqXyi8896nr89aOXb68vEzV46evFRvpoQbiACNF5UiQZWC6sv9AGfGgfi0eMWjoUNrUZSJgv8zCEeSokwUU0yxv4GVwSdT8uHvRUGZxbIBVavnZxiow8XLzcQYh/PytVvtPVqvTzoonAAOSxK5AotqU6Oy3LAkmUxRLr/dJbfjYwFi54MvYvP5/Lb9x09fuJ7L5//79sKnR08JR+M+fzAWF4e5lwG0Ps6nUdHqbAEslkjrrIhDI8NxHWUrQ3yI+lBWJoFIXXNKUS4JGwM/E6+oA4kUXIVLY5EoJEfCx2spkzKghf24tkMskXL5IibGb3YEjNi7bKQ9AD1psLurWSAwXbsLFSgEfVLm38R0Nne71gKrXD408UW2h91v3uvcf/yMPxyPxJNAwYVHE8ETjMu3M5/vS0jlbi6SEnuF/kwuz/OpKMf7wpzMkVBOajOjs8m5OzYGaEmZScMpJGM/QDVxgrD7WJy3Ov0w0mq3dxis2PTdoVMX7rb19mjMomQP8JRtO/TLibNXL964/9XuYxPmrA7L5lFwsCGXr+IeeYL1TivBmEGFRxi5FyINgPEMJMNQlImC/wMIR5KiTBRTTLEn3eLJoV9QkCURLin4whMjma3YF37mk2kUdpLNyUUbl1HEr+edLg9YPl+wUTTrHWYaAWg0IZcmxhfn6g5qeRxwuLwT562ANpss9ufGzDBY6H+/Oa+lrbdQKPRqTc+8OsXpFscqCAHKJJXJgfFpsGw8kSYWjvL+UKJsbCDu8IaxSbxorwe+cJyIN2EhPBmwgQjanmpEmahw5E9YypNHZ0PKpFZchwyAGevtnvIcTv1IJNNaixPEhniFAHE+BW3u1NlIomShwRk7tdZUOnu3teO1SQs0evNLr8/VGG3ylzBsGgO7O1gPKx0WxEHI5RV7nT069HZ0p8BA9oOaFa/GSI2khGI9gMEJT9D9DvWl5tZITPwgJ5KpeSu2jJuxokcvkeZOBHcgZnZUvJjoq2/CBOANRs0o98PjvLQS/mYTlsVUlImCvxTCkaQoE8UUU+xJN+EPKPzey9Oyvr7+8o58GrGBIvbvEmb3qgVgD03XbuE5kxsdXSo4kdFsjdXh1d09GGDa8dcm6QLd9d+3FxpMti93Hfvw0237Tly40nwf13pDb8SHZR6gTHJ56eD4xwubCxV+AWXCV8V+SMLuRGUKXb4RU95+VFsDlWKo9ucpDnpzyY8fSfCpDKiaHgMqZDEiEFcuMz38++8inv4KhuP3egx6PD9TJpHpTK61XfXyW/PgQ0ev/qs9R2tNghFUh86LUE/SgmEBPWxAhflYoUPgowMuLBTlyOWrrW75iLLHi0WffPPmnE8mvf/ZtA8/F8WEwN2Z/tHGCXM+mblks83BDtsqX5gz0MPoQ0lksnmt1QlWNX4fA4TTJooyUfCXQjiSFGWimGKKPdEWS4opgvDPahQHvblAipQ9MoJcXSUXPaz3Tmun3mi53vIA9EkulzOYLPH48HtSzoGAAa3VNWwLHyPiXGLp2q/XfPFdMBIPxxL/fXs+n0z+5825G7/eK6wvUQt9/UU+WZdUeETo7QOh28m0OOpaEkbao7O5g1Hxe+thweHaGhqLo/omFHEdPRzyMQytrIY/HAMmp7Uy4hXDgcLBEnZnvUoAGplE0T6uLp1NbUbRMhYnqqGRSmdfGj/z0o27sNbnD4GEDoTj/mC06ioR9LLKpDhcodI6kc6gWCDo0sc74EFUoxxc+Gki7pF/GeYs+wLkx6rNe9+YvUq8Dk9/Xbh2d9OuY2/NXbPj8C82Rm4eDIZuY51sd3kNlLuB2bl6QHLWKcpEwf8BhCNJUSaKKabYE22FvuF/PkUgO4YTw8sYEa5cv11EfvZ9Gp2hU2Py+QJGsyU7XFhCCc9dqHGBavjhT6QkPPgfL8h1Ac94YdxMh9P97GvTwuEoLIQPX+87OX/5Zvl36mWgaOwqZVKsStDUqTIGw9HKZRXo0VoYVi6opkuL5pRAbNTpfqOzuXqN9LBvpquhtTgNFBuKSIhJgTKpq3OEUJloE+ML4hRJIwLxHxs2h28tgNACTXLqtxsmuzudyb07b+Xm7YcKfX2nzvw2ftpHa7bsm710UyyRTKYyeUHH2txyUSiFQn/D7RHC6kQE1/q4wyHK4SXwoQEN+SjYvPPYx5/vyWRzW/adFK8rlb7cfeKDT7fNW/7VO/PXjp+58u15a8RbCBDleD01TKIOSZC8c4/lBlUDRk5ZmegpD5eQc4slEPJJRZkoaBzCkaQoE8UUU+zJtXpcsKoR5VHW4HKi4frhcHocHn8+n2+6iny6uAQPyqQeeQPbqMwofTD88HN/cqgJcNBpH6zvUeniXGLs1A+gtR3d6pfGz/J4fajBVqZ+PiepTH67fHvj9h/Kf4I8MNpdtx+oSvgyQQ6RDiE1H4jTlMHmdLJyhT7u9RjwVEa9odIGu4dy+ero+AoUcaooY42XwUVc4dsgm2yqFkihujpllRB6eyNx8yL8643Zz4+ZHuP5cJR7evSUS9fvPDdmWjKdzWTzT42avParPSfPXT186vdEKj1x3vL9R8/04RqX4qMMgmHDI/K/whm6vGwwIuo3YN4gSBvoTBnwyRTJV4aeozoKnjxedPTqbU7vG7NXbdp1TLyuVIon+ASfSiRTuXxevocBPJ/S2jxG2gO9pLezBtpndwcCoUg6m+8nKYel9oalSDPY/5QJk1KlMjFQHsYzvL+ZkE8qykRB4xCOJEWZKKaYYk+u1eOCVQ1Sz0Tyt18ehUIBVUIu9F1veWCxM5Fo1GKzS5OISsA23TjwGn74/4wg+JSgsuS2Az+CDnF5vJlM9l9vzMGpgbmnRk1a//X+Uh3ebkJIKpOVG/e8MXs1kTfw79f7Th7+uampuTWby12+cfe9lVs7ulXZXOGr3cebbj44cOI32ObMpVt/POxF/XannXFLTJ7c7yXKRCJfliSgG12+0EguBSEaRxm9gBSKV2AQZQJHdrCRcDwJ9LIGP5QA8UarM+urEHA6rEzEy0eEG7fvjXpnwaEfzx48cXbCjCWHfzz37GtTU6lsOpMDZbJ19/crNnz7oEsHQgUEzBc7Dj7s0t150OOpzA1VhtOHptfES2sDDhuOcRanDywU5Qgph8fExPg8/hHfI3k42ADhzTBUqiOFHjtIP4DYbuvWpTLQn6hGJ/B1yXzfsO3pCze/3n/q4KmLw4azZ3J5ECTwfMGHWCLpC3NOf8Tu8uvsXuhG+AB/hkBr8qm8oKpjIIxi33W2P02ZFCqUiVXWIY1AyCcVZaKgcQhHkqJMFFNMsSfXGlMm2RwKgm+A2Dxo6+7oUmnMVLvK4PX5/YGgw1mvG32HjpJUJsIZjPqOJAbwpX+8/O6hk78VkadZwU47/vvWPPgAR567dOPkBZ/MWbqx6cZdex08QwRgTuVYjnLbJsxZffX2w+u3HxT6+o//er2t1+ALhA/9+PvMxZsWrtgEmmT8zJXhWGLSws+CkcSOw2dsDvad+Wt/+PnSp1sPMm7vxAXrEslMIJoAgqWzub3BKFDbZDoLJ6I8QVx4BM08yHRFLo+84WOyGdgkobc5DbXTeaFkrDQLGqOIZ34i8STlCuisrInygVbh+DQSKlKtKpKpGHrEUx+D9SIfA9EsIp86w8277el0rrNH9+K4mclUpvmPjjemLw5F48+PnQ7niieSL7/9no1xvzFz6dSFn6zbsrdbY169aQdYAWfdhfZ/+tXeOpPUSSKXLwQiCeDWWluDETtCWJx+UZf2GNBDhHjznzZvIISeQvnHoSdv3u2wUs7F63aMmrx01KQlc5d/Jd60VLrS0n7pZuuOQ7/ozdS3+yXcvYQA/Saf3LyEZzBADoE+gf5kvKDxinqbQ2f3BKR8ER8F0Megf6wOL/EtLCsT+KKzMG75WS8hn1SUiYLGIRxJijJRTDHFnlxLpBqhPiQ9V5/sL64kmq7evNB0o2wgTlwuadegakgqE6BuR376nRwB/vUH5cpp10I+X/jHK5OefXWqi/XncjkQKs+8OhX+hYOHwtHnxsx4ffpH8Ged7RSiv1gEGtTX359IpjyBsNsfTaVyE+Z8EoomPljzDSz/YudR2u1LprKfbjn0+qxVm3ccBZmBijlgZcInsz+cuUI5vaBMjp29sv3AqZ9+bwa5gt6yx3noDeBbwIPTmdzOgz+hMO5M1mRl2rv18UTa4w9zfEpyFiKVzkI38lLvrWVQxPXpVEZavGIQwMDgsMKI7SLOEB1LpCh3SG8H7eFzeEGiZETVM/pwvi9QWSPtYZAKaMfHFM0M3ZjO5rlEKl8o7Nj/48vvzH9x/Ozrf7TBMHgBlEk6Z7I53pq9NJnO/GfCnBjHw/KJc5f/a8LcyQtX7zp0CjrfQjlfHDdj2Pf98ijikay1Oh/91b6+krvj1Mwkb7LXH5KLa3pcIOKBDIMizo0GA1Jjpnt0FvGmpdKP52+k0pnm+918KrN2ywHx6krAYDOAlBUvlkARbwwizeENg2yGs6cFE6SPjnQ2Z3N6NWbGXFk2hxjcRAslN5Mp5JOKMlHQOIQjSVEmiimm2JNrjSmTEg6CDzfkVEVoitVOXb3e4nC5PawvGE1Imi8U8wdCxNzeQKd+QJnYXb58fsCbHEjk/3v53R/PNCE/sULhqVGTRS7+cK5/vzm36eb9i9f/uPFH24vjZ67+Yq9wA2BL2WwWdvT5Qy+MmzFh5tJsLn/nXvvcpRvjmH2CVsnmcrQHpeXVWRzeYEzyJWgRFziHfcMxDlpOuf14TsNlRIlfkccREgPJDBDf0VOWTl20dubiTW5v8FpL24Vrf7h9ofkrvli+bsuURRsy2dzrs1aGIvF3F66Dth0/d83hCYyevASUSfO9zhiXfGveGhKCgquz981fvvmFsTOeHjX57dnLpr+/+j9vzZv03iqOT5dPaqQR6YeW0C6/HxrHp0LROCwXpW0dFrAn9ECitp7pxwJDJpcU6qJiERRUMMrTnpCZ8Ztov9sf84U4E+NTmWpqnlpwuJFvksbioOEoMJRrhRfUARB4JABDY2HIkhwMssG4l39PmHfk1O+j3l2k1llgmD0/ZhpsDxdy+uKtg8fPqvQ2GDke1n/gxG8vjJv1+/U7P567Wj7ySAFXANQcWgI3S7xuJIDB4w1VHEFrHqi20W0Qu1BC18GwjI5kGg2OYKFdNtkA/WQ6yw/mq7h04974mStBfs9Z9sUvvzdXbohgpd037rQZbU6Q7p3DJQ2Dszu9wRHdbFKNFNozor0kAd0FR6M8AZLywYxTqNmdLBuMmgY1idbmxr5zKBWYw10zWF/IJx+DMtFoHfGRPdcK/iYQjiRFmSimmGJPrkkVqq4LAewJli/U+L2tAa2VMdicNorRG00Xmm6YaBYVY6560TisGWgWqLbG6oxziX+9Mfvp0VMvXrkZicaeGjUJKIvBZN3w7aHtB04CtQRCQBz3s1hgPD16ystvzwfGCZweBEmnzg4HyWSyk+atCITCUxeseubVac+8OpVL8KPfXfjHw+5yy40UetmsxeEQBsT1PWbKZcbNGDTgKAOpjcGA5mosTrWJod2BQDhWLjNiotzX7naWcFaoxZ/tSCTTB378rflOW3uPHpg96LQTv96AVaBAzjS1AAH69cofoSi3YPXXdzu1nRrLhDmrV6z/ptwqglwuv3rjrkA4aqMcIPTKpDOdyYVjCbc3pDY7gL6TrERmXLAS6JTW6jLYnRbGEwjHMadHnFgGeqlS60JA+80jd+JH9wvTO6dHLsRfEgbKBa3S4KRtpM+hhbAQZCHoh9otFQPaYHeRUp5A5iUqSMIGDrfv8M8XcvlCe69++vsobdSp89e37jnKsP5zF5sXf7oVhOKXu3749cod+PDcmOnpTD4c5cZO/RBGWq1OgzsiKoUOiMQ4nc0B3Ug8xBoD3FCaDQlVOnSI2oLSDPSaqE6tBe475fKBJI7EEyCGO3t1V+50rP/2SAlnK161+btFa7a1duvvtKk+3XKwgC/h92t3QXHB5QRDkVg8EedTiRQ0H/oZTYagp2zg1EPB6/DByAxEgc9fuTUlm9Laznh4PlXEuHm/S7y6ErANjO0a/SqNUIwzowKLjfcqnM4TiIDkIN9aMFpAx4LYL18vG0QFTIl1GyhYrMf+XUbKZaXhK8KptTDQ7cJjCvnkoyqTeO/NrdtPbz14R7xCwf8AhCNJUSaKKabYk2uPpEwE9UzqxMXLzWVXrsvXbpd/xRu2OMePnrgAxMboSR9G49w/35gLxOjld+aDrhg/7cOLV1tAfoydtlRrsh869ovHG3hm9JQXx83479vvT57/STqdtrlQZTSOz839eOOMD9fP/mjtlZa2CbOWTVm0HuSKMETYE4hq7azKxOisTsMgxRcaLARaDITSYPeA/GDYQHwwskJIn36/csfmIC4uaNKjiOcQyAeyEBM7tCX5j8wDkA0Abl+4OtUvrHSjUGmUjrlMkgiKg5NUXCJpd6Ki73q7k1QWL5vejjIIg4Ji/RHgmtXHJ9Db5Fy5So0qE4AapQz2+mTzJksCmg2nC0YTVoZFQmuwfiIwfljlAp4YS9TD76EDgWLiHdlURpo9k1sD6OxRXbj2ByzZf/L8j2eb4NYc/eXivmNn0+nM69M+MloYEIrPj5nOJzMHj/2ycOUWLpkyUG4+lan2rEsmUxqbWOyRCi1mXLpHmJhhRMjmCjr70Ht6FE9PD4VAEDPRHiPthnEL8njV5r2gn6d+sL7Q1x/lkiCA9x79deyMFbOWbJr78ZdGK0053JPe/2zh6m/OXL5zp129dsv+q7cf3rjbAYrO5vCA6li8bjsoYRDVe4+e6dVZyhertXnIHOO2Q7+YKWd1J5RhsTs/3rBTZ6K0Rhs0QLy6EnDEaCI1ImXi8YfhqkeUNq0MuEckqAl6FY8TDzw1Vgcr0jkOL5pZJdatt0HraDcSMD0Gu2pwwgoGAyfIISHkk4+kTAwXzyNZQmxnk+fWBfhw4FYjNV8UPIkQjiRFmSimmGJPrjX8BpHsPtKkw+gHPp3u0JgcLo8OGLzdCYxQgzPGdhns3QZ7Fzb0u47+pDp0trK1qUxg8EFlZtRmBn7vXWzA7vSOm/oB5WRHTVygMdnfnr0MuCPt8vWq9R3d6mdenZLJ5kZPnM96/a9P/4hPpmYt+fzZ16bBh+9P/rr7yM/RaBzOBZRl56Ffjp48RxqZxahsOOL3tAf5DhF66g+ELPilKSzRWhjgKKBkRBRzWBRxARDg0+IVIwTwzhfGzgDRBYT4+bHTN28bxkdfZUKEHlhvlONd3qAJz/wIvc5AXGmtTr3d42ADwSiXzeWBS8FyeW+fdBZVBmxAmcAu0A8NlKnRWBxAEMtSqh+/vA9E4lYncqUrXw58NjMs8WQTqs0ycvlCJy4IY6DZ+m8iaJ51W/ZOmb8KRhTl8h7/pempUZO5RAq6C+7CsvU7n311KggSaAySAYjUerr0Np3VEcJdSk4ErN1VmeNLZ0OPA+gToL9mhxfui93lF1ZTqQdAo2HfSBzN/8ApOnXWQbWD8n+BCIExDzcX9DNI1nQm/+rUZd/s/+nldxeDugC1v2zD7mQ6O2rykkA43tFruNumenvemgvX711qbh03Y8WP566ojHZo0pFTF1h/aPzMlbBxIBQ99NPFMxdvhaMcbPPVnhPBYATEDxuMgfaGi714496Ow6dXf7EPZL+VdidTaZ5PlQ3+hP48d/n2qMlL35n/aTKVSWeyvjDnCcZc/gjt9ttcfosTTfcRbQCfbU5f/TcLYHN49bKTfpKA3jHY4Y7gsUR74GkNRRNDs0KVIF8RxNo15hL2qTNQeNqE9hpsDr3NQb7uKLePHEHIJxtVJknq6g+DmqTSGlQm3jbY98jdiqC977af/kUtXFAvtm6/IF6k4E+AcCQpykQxxRR7cq3WC3J5kAh4YiPC3db2C003fr90/eLl5nQ6bbLY8nnEeuGnOoarkgFjQ0ER9uHJejabA+5y5ebdVZu/KxQK/lD0H69MmrtkvZ1yvDVnxYNO9e37nbOXbgQRMnbKIi7Bj5m8CNjP17sOvzhuBpzU6fKs3PBNjEsAkYWj0U7Pm7OXkSOD2gECVM09cEorH+urcDoCkodLiSMuAgwYWFTVfjURjPL4Tf+IqbwIbb0GEGOT31vJJzP/njDn6u128RaVAEIPDFW8FCulZDoXjMTMjFdlYspeUsQIxUfpfRmPlWGBNaZxVgA0J4N3J8oENIbosPIo4sy/IDVH+jIbTgxDxeqoWdixiOajcnobqzYxg5HfaFZEb3dC+9lgBLcdIRDhunDSqi4des/dGNxscM5Hn2zffyJfKPzz9VmjJs63MW67E4XBCLuRmIFiu410l84COsFADw02nCwY50HGf4Ka0uGWwxI9xaazuephKQMQHUCI2zTmwZN64OaKtoFuv3mvq1uL4joedmkv32wFAbdpxw/wTIFI6Ovru9bSBspk4vy10DZ4VCPxxJGfkFcbCAlQJrDB67NWlgbmlIozl2y+ea9zzLTlX+4+Bmd3eHzZXOGd9z69ea/j/U++Wfv1oeNnr3SrDaDt4UnX2ljyFgCQy+XgLJdutsLx4QF8b8UWSQ0pRDZfyI5EsMGYh2EmXiqLInp34AItZHP56nEeA+FRvsWtvQayEDoK/oQDgFBUmygz5dRa0PyJBtRVICzkkw0qk3N7xYLk0ZXJtt2ntx5DXqdlbN2pKJP/X0M4khRlophiij25NlI6SBBPCY5Qt7aBn/mLV5rdHvbq9Za799t7dGZQJn0YQLxc3mAJE30gkb0Gu3jnGrh09damHd+X8PvyZ0ZPWbBi07WWh2u/3A1soK1LvfjTryPR+BszFgMTGj1xfoJP7th//IWxM1KplNlKrdzwbQkz4xLmZ3+0dpBjpjMo/jgcHXIfLwPYocHGCJcUEf9L2Rws4b56XMEwlpCu+CECfi/utbsk6pOMCD166+2H6knvrQQuOG7KwoPHz4q3EACuCSiRka6pH4p4G6CKES4JDN5gR9HzhBwLuTWoApBkBsrp9Aa9wQhw1iiHqp2MWJkUkTLRWeXyF0kC7g7IDMolTowrBKxy+qJoXsIf0dvcoANJmDum6fAng2aEsBhQY/3Qphom8FoGcK50Jkc5PAWkTGbDUC+iOZw+o93VrjFrba5qJ0Aj7WnXWNRWN+3xZzJomg7uoJnxGewDurGIZzysjAeUDGwPxNoOx6/7iSvhMabH+5rxW/zqvoIbvf3gT6RauTcQ3rL3ZCgSA2UCOrysTNq6dV/uOXHy/A34sOHbI6BMYDlssHLzXvjwxuxV8C/j9v5y8faoyUvg0Rs/c+X+47+W8M0FXLn1AIbHyi/2zVv+JawCiZJDU0YlprJ4qD8YJjEqAI1p+G+AfKEPpJp4aW3obS7Q2+KlsgABhrqOclV1mzSEyuTh4FhCAxXNt7jRo2emzXY6FOXw14VXa3UI+WQjyuS7nUM65LuLaJqmxGmHxMmRuxa5ec4a8Lb90qE9ufN0eUG260aLoe0vViZ3Tww1QMGwEI4kRZkopphiT67V94MrRvVBcoX+EDdMti5g/w969HwyebX5jsVqb7n7wGSxklVaqxPochEVekc/7ZKF2CSB3uNyAyHLKq3x7KXmfKHw9pwV/54wZ/XGHWs277p9rwNoFhz5v2/Ng42v3Lz77KtTZ3302UtvzFXp8e+4FJACsTryuDBIGcCaUEEPWvolPZwiEudJrh4TcohyAxVm3IEocu9BUcLiHXBMOVxsueCJJJxe9GpfvBRHtxupgQIgwAsnzVt+v1Pz/Jjpsz5aF5DN6VREr4E9Nufw1akJioP+ReFoIoPkSoo4AploFnt8uYVuYJhtI5EGq+AUDk+ADUTi2MGp1ivwIi5mAlxNvGI4wF2A07lrlDsk4FOZXL7CXxH2gvbQbr+B8pRvFigW0vgOrUQ22/qBMrNFueOnL78z52PR5ZJZAsYT6NJbVeahOZyyQQNaewxdOius6jFQucrZAOglNhAmLmpmLKuS6eFzTMHFduiQbyTs1Wuk65c0pNP6B4qB4tgnnKPZyQbgM9zSIo66sTuR85s/FPvu6LnTF2/29fU33+tau+Xg2q0HQcaUj5ZKZ2Mcf/NuO4mDwiU+0HBw+9DLiDJA9rwxezXoHKJelm3YLeoEEYZVJmZHheY3MaxTdrSIAN9XKKFCjeddEm1qU/mGtgnSixkpkMRo9gIuP8YlLUicxDWgkxmvkE+OWJmIZkjKy09WLu+p9+t0EF4sQkx3zhnwwxPpPAIHV98kyoREsHSYrOcOn2724A3UN6/eunDulqoHv1/4Zc/pX26pOu62kodp6/ZzO0+12inzNmjMz1q8zH2kqbPD5H7Y1ERmdZqPnN669xzaq7tz6/bzaJN8Eq4iHovGs3CK8NY9VzUma/NvTXh3BRIQjiRFmSimmGJPqEUS9f7iCgE/2NWHElosiViLeDeMy9duA0e5cr3lQtONQCBko2iyHPgl/Jbn8NtrM4rlkGuY3V1vEifgAbsO/9x09VYJJ72FP+EUUex8Lw8jjRiJGacVAt5vYVBoezm3VRg7gNVCoa8vHENuWmBlmmKgUIg2HIfxBLPI7R61jURsy0866aw1y8lBH1loD1xXAWUaA/ST6pDi7SpBlIDodbUMSAZbPcoFLF4lBFyUC0cYa63IVUxtZnS2CvJtRNEseNYCpwfgU2mcM60Ux7588p0gCbhoM9J1Ne8FHJ3xhOXHErBb4IgP1QP+TmhSwulLJjNFBPHG8oDNaU8IZM/DTlUtGVYG3DJfKNquMWusQ72049DP2w78dPDE+f3Hf/1qz3GgtrQbeTkKmwJPn83pxSEoPlCMIJVRPivBkcuAnR6qBogyCJ40npOpB3A6xjuCukCi3MTVOHu5Zdn6XaMmLwF7ZdKS9m4tUSa+gFgnhGOcymgPSk1XVgPuXYKXmxAgdR4JcjlUXTQ6+BajHniDETiC3T2CKU2hMtHbhqYBQZvBl0k5TCuTyVrttNcfAKUn5JMjViYHdp7eKpgzsQw+REgDEMNrR3AzCYgyKbm3nkUeaeG7TVt33ykrkyM7Tx9oxk5i/dYBpaG+uXXPzcGd+7burJgkgQaQ67Y0nd+6XZROO7z1CPIZQ8pkcGrl2KDE+mVIaxkadEv7X4JwJCnKRDHFFHtCLV6Xz5EY2Vxf9aFExtUokxIMheOJZGtbN1gRVzUhy2MJRE9DsQT8q7G6ZHgJrNLaho9CIVDpLc+PneFw1bt9GeFIDFqiMtGRWAL+JVQDRd/a3HrKozbKuZoU8eUk0XvipBnl8EHeUGVVAwS910iDPomhKoEoy638xVocNSUEsNuXxs96evSUZ0ZPmTRv5XvLPt/wzYEjP11Iy+ZmJVMNHn+9bMXtQ3qjHh+tQASlEwDhUUSJjLJAWK0MCz0AnWagUCR3mbThlMoOlZG2OnyMO2BCxc5rdkIt5LH7fpSrOYgLff0WJiDTvQSwukNjKbfNhGNs4KZ7/JFU3Wy+hJUA3M1kCqka8TopEHUKKq5TZ+3U2XV49ulay8O9R89uO3Dq2/2nLt6412OkQDUZbQ4uOfTaG3akXEOST2NhfDhmRnBstA3Hp0ifQ6uA8QvXymOkysQdGEaZgAoJhmP+cNxod56+2EyypUELo5VOj9kcqjEK6mXs9OXC7FW1AMeJx+XmGw0CZZJMZ0wjrC5KlAlV93sQQFkKooEkcJiE4W1kvHbnELu2MC6dhXJ6g0I+OWJlUhrg9DWtQUI/oExKaKoExb6fv+pA8oMsrDwFFiTqm0SqIMR6RCcd8uYCATPwOf/LiQs79+AjHGkrkavAKoh8Jh8EyqTUfOrc1t0XPGj+RIE0hCNJUSaKKabYE2oNAPhEODHMnAmxZFr8I9LX1/ewo7ujq7e7R9Pdq/UGwiaLjawqYhejXhPKuEXL1rXwhePAYMRLayCXy2eqsmwNC2gM7FhmGMT3CZgNYc9WGnnUyDDpvr5+nVWc4ok4ETnZoN2J8iOBUCGzQ9iVyAksGAQbeo9cuRd6oy9VXoMgmytAO9OZ7MXr9y81g9bTnfn9xjf7fpSffyBTDSTuvx6ArFKbHanBeiwyIMrELFV6T2/39uMJKxBsIEDtLpQ7Cy6chE+QfkCZWG3Azj2kImQ4zsP2MpMPWXyP0rXvL4gWbe0ZpzKKOJKetCEQ4eBe4PrrA45ecKdAlentLiCRIA+q71EZ3mC0S2VM8CPgvv4IFxj05evr76fcqCvOXrmz49DPZ5pud2or9JLazHTprDoQW+EYqZsRiSfcvhC0ljQVBqrd5cugKPmSzkL3mgYqkzLuej33CKAlvuGmQcqADvGFh5c9qXRm8brt9zs0X333I3l2oJHpTMWDvPPIGT6ZhvHJJVIbd/wgXCUJ2DIelzu11sbq7AOmsaH5yWFnFIWopUyKKAprILWaCEJlwvorZoSw92DFOxcHG7DYaSGffFRl0tym7ehGdmQwJv4RlUnLsdPhUt/Wg61o+mdImdx4GIsiPytkeDpkhMqk4+dzx66rDC7YnatTmQA6bt3cunMgf6KCaghHkqJMFFNMsSfURgTE1/N9QU58kFoW5cW/3IVC39UbLU1Xb1+6eutC0w2V0W62DiiTEmbAhEjJe1wQd+06gUrFSxEIScAFFlBcb8EfCJPMpGZUyNnjCUSEB+FIKfTabiSReFJnkybEcBg4VILPmGi31jJAKIlprShzrscXzuHSdWR70APZ2iVjnL5oEZc6mTBzCcejaBYgdu/OWzGMMsFTDeE6XNpKmKRiBTUQ0CIPoOao02gJZWKwV5Djfpzel0ukbS6fCstRYmQAEJINhLvHYKdcvji6NFQaE2kCQTMyuKS3TLkSTzBGuysiGSQxeI3o1CQCG84WinAaM6Mf1CfE1KipbjYUR5KpcmDBkkkL1o6fufLjdVvk+18IGMzCK8KVTFitwXKvW9ehsRhwAE+Z6ZIWGhlvu8bS2msEUYfd4Ypw09VmVBCGbNBrtKcy2Q6cBBmsx+So594Jgdw16xaucF/kH9gSvt3dOvN3R8/N+fjLCXNWk+gRaJUos9bXe0+mkP7vB3W3dutB4SpJDKtM4ELKFopx0DniLWRRrUzICAR1rae8USk3wge9hvLNildO+zhYVOpEmHEEO+axQj75SMpEtPzSwcegTEpp7XeHz7dE8GeBN9e2QRUxAKEyKWW27qyIBqlWJkOtjfTIKJNL+8UXVeq9ITiRggoIR5KiTBRTTLEn1OLJYSgLYmmFUpzPVe9bj0kCTulwugwmi9HuNFuH3KJoNyr7YLDLpdAFhhqIyHEREfr6+tI1CucR5HI5LplxegJqq9vmCnhDsVQqTYhcEZskcJA3y1W9HU9ncwbK52DD6dpyQgh0imKJT2YsDIrBAK5ZriKvNjPAg3GN8JrtT2WzNmcQBMnyz3cvWLWlvVv3/akL85Z+Ls+MSbqhOv2UaA9ytZJh/0KQSnZWXEdSBCNV87W9HtW0cZKugPEWJRUhsQ8YiNXypIoZV4SAhbi6osMTCDvYENYSte5SSW/zJuqoJBrjkCehGZXGk3DSI60KRRMWxoNTPLMkQzS5RxYH6/ZHMtn83mPno1wS5eZi3NsP/SQ+Sg2I/BK1VodO4DUH5/UFIybK1am1kCIYIlOZ6TaNWWtlcCwKmqwz025hbL3W5qpVOFIGKCd4VXLhWshmcyTftwxAQpw8f12lt3x39NdzTbf4JKLsaSw3hZtBU7879isMtnnLv5SvnEMAT3f97QxGH4MyAS0hX3WndVCZoKemsqYkeu4Yr9sbFAlFIZ98FGUiit8oeZofodJiWZngkJWBT4PKBPohbunchkJczjUbcHnUCmVSKnEUWWvA35DVyqTg6hmY5LHIzZmUkhRss63JXCpFv8OuXwd+Uw2sUlAF4UhSlIliiin25FoQBaz3J9Lwi4ssyJUGrGrLBkz0rhb+9PmDyFHKavf7g5Fo1E4z5bWMG1eCs7nd3oDwzWIZmUxWY5WLyiDoLxaTqXQwmgjF+HQmY3GirLIE/bgUOiynXH495XWwwXgiiaXIMMcUIRjCod7mgSAZYEjhOK+zs8BfR3ooIVAL+/vhUECGdIMVzcFw9LzTzLC+UFQ4o1LeK5/vO3/51pK1X+8/djpfKMA2bCAiMm8wGo4nwdgAmtmQKcVdRhG72NUTYUJA3gqPVJmA2OipnSQaXV2hD3SUPxxjPAHi8UVyahEKCCoROgr6B5QDNACuFCmEbLYfvSZP1OO9g0pM4EPd66l8ESyF/sF7BI0pe6NxidQvF27+8PNFs81ho93f/1xvAiEYM+XPILHgomrFW8NauBy9lekx2HpNAzMkZYM/NRZHl8GutdCBSNwwGNID3Fp8oDoA49nm8geiCR5PxGH/NblRLbtyACBDTp2/DjL78+0/kKPF4wmR4gVd9/GGXW/NW7P+m0P1jM8Rze2wwahRajZPBtXKBO5CVDaypX2wdIxJKrMFCEUQ1aT8ZRlCPvkoykTaGlQmCp5ACEeSokwUU0wxxSRNRFny+cKlKzfvtXYYzdYHPbp4nDPbh9LXoJLwg24zvUaUNVXEh9ggqgAoXCICbM+n0ibGB3xCawNKjWY2NDaPLxCKxjguwaPS4HYgsl6aDfZhvx3xIeoD8f+BQ8ExgF3p8IlSIwmulUcRObrkfcGo2kTjl/QDjjpAraBn/MEokPXCoPVjZxUQY2C5PPRxIZ3Jt6lM1QbMm5gJOSZRSeD7ObFXkhDE78vhGd4hioBhQTmwrspUsAQmWppwY/Hj1pjrKmZSxK5rcT7pD8Y0ZqbXiAg6MdI/uItQDjQ042Rm3L4wMNcMdArwXBIgIsWxHw7mU7o/WBqvHhSxZKI8AWhJLt8HinfcjBWvz1oJ5vRIX6wIcASrIHczif+Jc3LEl3jB2Zws9uZC6blEZqDcD1RG0iEGylXnZJcI0DCHNwSPiR5HaNjdgXAsAdfYhx3qxFvXgUKhEIlxPB5w5TnAWJwTyY+b97rmfvzlph1HJ85fa66j/Oj/iTIJhuTEXvtgkjekTKpUsYlCIWqOyrR4Qj7ZiDIpuHrO/XazloXFbVDwt4VwJCnKRDHFFFOs2qK82M/mXocKqFJ7t/ZOu6q9V+9ifU7XwPt4ID1G2ss43TQbQjUE8KtojdWlMtHxQacpWCWfMkjIPLPZbBw7mQC3KCKHHGyV2z8KNBYUFaO2enyheENsbQSA48e4pMsfgd4QZrgCs7kC4Qi3cPnmp16Z9NQosMkHTpxPZ3KWKs5ayzQWZ6vKpLU4wzFO6KkCvMpIeeB0Mu5SIuA5DQllgpiuDzt9VAFPFLBs3YnChOg1UFqUxg31D3DcQDiuNrtNtIeUhgTBUxZ1xEwDs08ukDQkzt4XisIgKSfmotlGmlHC5RF3/3AOxnAOKb16uSB0i7AYi96G4o7qp/5wCUbG26mzIF8vi9PsqJhFgRvRrqlZrmdEKOIRmM7mglEUYCNeXQfgSd+88+iS9bumffj5mOnLyTWCqBBx9/krt8J9BLWcTGd3lj16agMGj/wXghCPRZlAyz2BmmeEq+rSDYT3IGVSNWeSxY6UQoe90qMrEwUKCIQjSVEmiimm2P+4BeOlcKKYSPWnsojE1ILD47fQTrXWcLutt01ltFOMzz/wq+/0oJ/zciU4YAChSNRoc+gxudTh7FhAK4F9Dh1OFnAEb6jejRtAMpXWWt06CyNe8bgB9MsfjqNsxdiFCbkz2UGOxEFGgAEnvn2v/Z+vzwqEos13Ou609txt6+XTmQ6ttb3Sug1UFzJ7D+Ll4tBqwqVMKAGUo0Nn1VidJgolsdXZnDI3VAS4R9DOYET81r8f7maNDGPZPMqvVWfQiwgkZ0D5T2inkfaVW1vEznvQe5lcLp5I+UIxhg3gUVTWLQNzdOUeQK5rsMrmgs1gYzYQwUUigU8OzLiUzyXC6abb46Yv2/PDueu3H+QF3B0+Z3M1wzzggEIpaEShNcNPFBBAc1C9HRqVLER/9hdBWDq9QRBdwKTNqMyfuf4CJn82QNXwyUwazV71jZuxAvqTDcVNDr9ous5CuSfMWT334y9hm5BUfLkI0IFwxwPRBFyp/A0qPTZlUmJYsfAuA9Z2623lp6naIa2I7zKsEsahCfmkokwUNA7hSFKUiWKKKfY/a1iTlPKFgiwrGMDNlvsXLzcTu3TlpsPpDgQH3hlrbUDLxDEk+Xye8YZ0ON0nmMbqMTPeai+vWnD5ar7dfHQA7bDYUVKpOhvTAIrYX8iECxTiHvAZabfB7hK9i33Qqfn3hLm+YOT7ny6rTfajpy8VCn04pIQXGuONgFGecLvarLY42tQm+Fc0q1A2Ay66AqseqEzhGMreS9zG5L2DiDIJx6qUSX+RT0qz5GQ6a8YVNsUr6gAu2jjENaG7aHdQ5m4g6or9wdLZrC8Ys7v9GhOtsTjKPUA+kMFmwo5hIMzUZqbHYDfRLl8onsnmy11B7juXSCIPpUx216Gf35r7ybgZy/f+MPCyHzawO30T5nxC/uSTaX9V1ZE8romONy6hEW6mhWtlAK2ApoJSF10vn8oA66U9QbOgmMb/Oa7faV+z5cCNe1200zt2xopMtmBi/EIZSQBdce7KndVf7D3bdLu2j+EQYHsdhZwzQT9YnH63L5jK5Aq4S6ufSgoHKYkWyqNamZSQtKgZMVWhTBw+YQmaMrQWxsz4QtGhNB5CPqkoEwWNQziSFGWimGKK/a9ZJIFIs/ibcTgQxpBKpT0syp5ptVORKHLyAZ4HksPmqumd39fXZ6JcQMpJvUKgCxqrm0sAY5ZLgWXCFdz/PKBWMT7WW7PZDSMa51UmhqRRxvzY7QnEcjlp+g4k+fyVPyJR7uV35j89ekpUtqYeMFe12UGmGoo46xRoAwPl6tCYe4y0ZAIosAc9xgvX7nyx/chvN1qBygci8RiXrHajN9Ko7H20Kh8xbFnt2UJASqBUv12uB0hICGqnoBiAsFgUDYtkKksECXQ40Rt8Ku0ORBhPwESheRUdiloeyEYg7BO4L6lU7tv9J1vud786ZdlXe45a7M5EMlXmxHC0lvtd46Z/TOTcW/PWvDJpibDTYMuP1u0ghWLSOANyNpePc7wviBS1cO6lGnqbU+RoB0cDwvvMq1PfmbeynsRWfyWgnSCltGb64vW72dq55kr4KqIc7w1K+/6JUESBOgNPXxGP50KhPxzjaDZswbk0rE6fP8KlMlk4KQgM+N6I8ykuiaqgVkuXakgqE0PtrOVwzF4zemaJOb0SsyuxeAKGk8o0JEGFfFJRJgoah3AkKcpEMcUU+1+wIFdKZlFGUfEXYt1ovnX30pWbl6+3XG958LC9+96Djl6VDhiCwxsCii//Pr6Ef/gR+4zEDBSrR0zRh6YRbA7a7Y8lUtVE2UDV5BCPCwb0ylYiFdVIUcSvzx1s0EijUoMmVNDDDSwfKJqQfVYjk82db7qZSmcKhUJnryElm9K0hHOngs4xUhIv1En3comU3eUloRcoSS72+7p5r33/9ye37zmwa9+R3fuPnDpz4Y+HPTq7u9dEw5Zam5Nyo1rsBsoNuiWZEbeBTyJnG9FCApLOq54X5CJAa6FhjCCYOJXO8SnpmRkZWB0obofMDsm0gnQOUg6JVCjGefxhyumzONgEqr3Yj5Kh+cP7T/y2avN3oDRAP4OSSfCZgyd+e9hjUOnMegu94/Dp8TNXwsYbdxydsmj9uq8PwYid/P56UCC9OgsIb0Tf84W7baq2bl02lzv6y0VhA1q7dN7Byn3k2oXzRQCDhQJZEokl/vnGnASfau3oFa6VBJyxwmSuv1HA9b4xexVcONiMxZt2f39GvEUlYPseg71OrzY00VRbJ5TIXSsW4ekAtVM5IeaD52vYrzIZZULGQzqTDUQTjCcYw2ocFmpxyU5ieptEXgdos8sXgrXlswv5pKJMFDQO4UhSlIliiin2t7QoX/Hno/OWTq25+da9qzdarlxvuXq95dLVW5ev3QYuojLR+pHwe9iFZoM6O3LuImxDbXH2GikgjkIG/GfPmZSwbwacpZ73r7VQxGUo4nyy10CV/Yh0VpfLH6lnVmrT17vfW74xGI5TjPuFsTPWfrVPvEUlfKEYyukk69ZSxDUToRkdWkuryghMEXbpUJt2fHew+Y+2Az/8uPfQ0TsPewj9MqGwco/a7LjXY+jQWdVmJsolyk5KBJE4Km8vOMMQgN8babaBDuzH7NwtKLPNgSTKyc2hSUJtpvEEiLe11yheJ4sidgyD68pksr9dbgnj6PBMNgvqgnBfPpX5fNv3lNO799Dxb/aduHanDSuT4nsrtvQa7G+/9ynIj7fmrQlG4vD5/LV78URy7daDJ369AUKl0NeX4JNF5M5XIBNKfzzsCoYHanfAgDFVpXgCtf/06MmRGD9u+jI+lf50y37hWiFQy/v6+XQWSHa5RDrKL0dJBG1Xo9atlAScKxZPNN16ePLX64vWfPv6rFVJKR+nMvqwMtHWp0xK+NWAeFENkDkTjYXRWhmtDaU1s7uG+X6QVCYoC18m5/YFLU6/HvuSObwh8loELlZYfqeWb14oljALKoQK+aSiTBQ0DuFIUpSJYoop9vezXB79cJb/HPnL6JoIBkNWOwWczmCy5PN5C4NYAlP5818nijghqc3BGuxDJflA54Si8WQ64/bL5fd8LEB+aA6f0xcaKbfO5AqsP6Iy0jir0gCV0VqcTu8IDgUCYNQ78zPZXDqTe27M9GgsMeujdSQjWS0gJyXGa3PIvWkuoRojyOPLE0BUuIgpF8DpDeqsTKfW0qmz9ZoYyay1xIDoA78Erg+83+b0AXUTVfsuw0ChqaG6r3gIfThxs7DMti/ENfDWn8wO6SmPga6X4wrBJ9Pzl3/RrbctXP3NqMlLVm7aW8JqEyyZyizdsDsa5ybMXjV/5ZZTv90AZQLi+Z35a99b8dWYaR+n0pn/Tvxo9JSlcPug5bA2mc6CbvGFov5g5PjZKzsP/bJ266EFq79+2KXZtONoOMpF43yU44Fbm6oCnEAITf9o/fNjZ5kp19ot+0x2p3BtGUCmba4AGwiDCBF1FhzQ4gzIVyYtyQZa1ALj8QejyNHOYGU0Rpt4tQCgLeH5NdRofDXUVjmNLQRRJuU/ST1Kp8fXXzXXWoakMuE4VLMI3WLhUgysTIYeiodqk3gLDG8oZhYUgxfySUWZKGgcwpGkKBPFFFPs72eE9gz9Kf4WbBwBrEzgV9xotvSj1LTIM5sQl8YArC6dyfgDYb3JVvbZ0NpYsGEDGKABX+4+jlga9voQrx4ORfTm3memhz8RQRHX6QNNorWiFLHYIQ1FWpMJE1hevywp4arSb8z4iOSeevnt93g+8/m3B91sQOYglAud0VmV2FeEXiMNLUxUFrknjYeTRmI8zYbv9xra1WbQFaTPq82ILw2kl9rsaFUZ9XDAZLqAamIMHRPOorFIOL0MC7hlZpTUa+iWuX31lgMXAlSWGVVzd3ga0rFONjBx/lor5bYynumLPvV4h+Zw4gkeZAYo5LHTl//a1HLi7NUJc1bbGPfBH3+PxLg5H3+ZzmRffnfxqMlYmfT3Y91SeP+Tb2A56wvdvNcJu4MUsTm9e4+fX7Hpu2A4bnZ4jZTbxCAXO7BoPEGGLirX0l+0M65nXp3y6qSFL4ybAYpd0MwB8OksG4iQRGPidRhwalA+4qWVaECZwF22ulAmrm8P/szKjj0+mdJYmJEoEwm/REmIlAkIOehAvc0B3VtrFkhSmcgAfacJkno/VEkrE48f1Wktq2ghn1SUiYLGIRxJijJRTDHF/k4WTsDPNnpvCr+cpBJ8VO4t/AiACFGxyDjdoEwy2ZyNovM4wb+hIX8eScBx/OEYzrHLkkAUE64q6GH9WVKGsI+wOIIS43SNmrwEVk1auM7N+pF7DnHMEB9YDDgQSbWUTKUsDp+VluZSsEGhD7F5m8uvNqFX3cQQZTczES6BaOKAwvHG+ZF1NFzJP1+f1dalfeWd+e0qI5dIvTlzqfy8gZFGQiJSlT5LCEKw7M66wj+KmBYDo9WgwHpPt94OLF8yKzExWK4yMQ9URpWJBnmDE/g68a2QAGjFGmtKMT5pqpw3sDvrZZBlQN+ToH+QWPxwITqSgAHVdP2u1kR/ve/H12dVhJ73Y18saKEFz1BdbG5dvG5HOp15a96aqR9seG3qMui016Z9DCPz8+3fw8gEZQL/jp68FB6N5vtddifLJ9PvLf8K9Azok3nLv+T4tNpMA3Ev1yQlNUwyucLU99e89PqspZ9tj8UTyVSmOuaqhBM22N1yqqCEMs7118rvXEYDygTussXpz2ZzWpPchAkAHgGNzWOUjR4RwuIUJ/iqBZEyKQ2KEzImoWPDkZhIs41UmfSjVM5DyqS115DO5sJxPhjlrE4WTnG/R3+/xwCKRWdn4QMxIZ9UlImCxiEcSYoyUUwxxf4GFk4gv3nxl93jA/zkX7zcfKHpxu37HZ1qo4Vy2hlnG/alURnt4q0rAfu6Rl6MD/YKBMNA44x2F5rZqKTIWjtLu/0P27tHTVoyaeFnWoMVNMmbcz9ZsXE3fJgwe/Xxny8sW78LlEzzH21AvrUmO5IZhQJJmoSiC660wJbL1u/MZrNuf1jIaeBznE+ZaVQ6Y5CRs4if0R5PIFpNxItEmSRHpkxKqKq0c+HKzcfPXM3mClPmr95/dJj6dFpMxDO1i2yUBku/+0J15UcqwxMMo4gRdC3ocoIxXmdzdOmsHRqLyswQ5xlJAxnZrbc9UJlae42wPe1BFcczuOT4M69OLadyemvWUo/gdbvbF8LKpLygpLfVS2fL4JJpwk3VZrfG4mHYcDwBZLKuYBW49YtWfrHryJk+VBww7xsuV0EZ6O7j+Gn8L3ri9FbG4/XrrY5VX+xbtObbbC739d4f4bAwLO93aA6evHDnYc+bcz4RxR2Rfk5n84Fw/NMv94AgP3X+6ovjZ416dxE5rAgwkuNxubxtBMNWAZJJTlULepScui4JEYzGDZRLPg5KCKdHboZQiGplUsIvIGB3mxM9mwNfCzYP5QmQgKV6lMnAk864ewy2h2pzLUEuY0I+qSgTBY1DOJIUZaKYYoo96RbkSlJk5nECfsIvXb15+dqtgXomV29dudFCudBvc5vaFAjKxVdE4kkg9OKldaCIS4JorW6gU70ostajsbrByCtnYB6tbV2vTFoC5g2E8/k8CJLt+47ncrm3531yveXhhDmrQ6HI+6u38snUzgMnQZ8s27Br+oefoyhn2gOXoDda3pq3JpPNZlCtN9SDoO5cvrDW4tDjIiRmBzqRgWKNlAsH6Es70gyrTOJ8WrIH4IChMJdMZTPZ/N1OTUY2JWsJ0XfEwCTbUEYOT2TJx6tUgyiT8p9wBrhUHBSes7uD93sMbRqrysQYafKyX8zPTGgeCU0lgYzp0tm0NleM558eNTmZShOHpZfGzwwLEiLTbNAMyqT8N4i0kb/Ld+MsSWBuXxgUiccXAXljsPvMjN/pj5LwD/E+g4jFuVmLN2jNNGjCHo1JrbeKt6gbIJCgl2DkwH+JZAruaZzj4ZJ1Znri/LVTP9gAI2fM9OW1PAZDUe7spdswAPhUxmixvzZ1seT9rVOZuPxRqb2H0IAywenm6lImoIcN9r9OmRAggZfJ9hop1h/yBdCQ0FqYSJxnAzWVCVGVIKFR2JXWYqA8MvOE8ibkk4oyUdA4hCNJUSaKKabYE2ogSBorctcAgBU5XB6gekaLVW+yAFm50HSDJNciBsxAa7QQBxjhjhyfcnhHPGEihAan4hEVPyliHDtzefSUpVyCf23ax0A1Xp+16tiZK3wyOWnhOg/rf3f+2hWb9ixYtfXITxe9vgAIEqfb26uz/Hyu6aezl0ZNXsIn0xMXrEulUtlsFuewGggAANNanFYnqmoPzFVjGYZpQUvMqDTbUDy3CHZXSGtlgTcbKS/FRspGs5FuvZ1QImq4XEMlFHGOEprJkzmQQCAS6pwBKIMNRoTKpBqhKN+PU9OCBtCYmftohgTFeEhSOj+SW5mnRk2OxJB7Ekiv58ZMA+7OBkJrvzqwYcsunz+CGHyCz+NZLLiiWvVeZNCjt+MGeEWTDGQ6ApUqD8aNlJ/2SAy/I6cu9PX1BaKcLxhDAT+zV4m3qBtkfMpkzUbUOVuRd64MaPmL42Y++9q0vT+cpl1yybXqVCa02y8/PBpVJhUyEk7hkiqm7vGHYUurY5jnpQxfuN60BzLKpIQnTwAmK3XjfhdoEvK9ZHP5QSKmMkg0FrHzZITjO3XW1l4jcagTDVqRwQbwndCptbarza29yImrTW3S2xwmyuXwBuED/Akm5JOKMlHQOIQjSVEmiimm2BNnkURfrVewfxKAi1y6chPInNlqDwbDuVy+6eoto93ZbbALXX3g57xTb7fQLkIWoZEMOxRVXEYknlBbPUA1YomabJ6gnxR/qEHHN27//p33PkUfth0xmO3jZ6787NsjvTrz9A8/h4Xvf/LN5EXrr91+OGXReiAnF2/c++HMlVt3Wu8+6Fz1xd4Jc1ZnMtn3V38NjbFgryQT5fEGsbOW4FRxLm1xSJAwIYgykaGVZsYfiOKaCSIrFh8M+pDUo0yIDJDqiSGARCSlGEcE6AQ4snipAP5QQkgiiyiMBFU55NNZuIl2J6r/0K5F3l9dBnsgzHGJ1FOjJk1esHrUO/OfGzPj6dFT4GI/Xr8twaf5ZAaECowNWDh14aqJ81a8Pv2jt2Yvf/mtuQdPnIeRozfb+1Covex1gjIxUtBv7RqzeEUdsDnYlZv2hKKJTBbpokkLPxNvUTfQLIEgWVM1+nEKOMn6ibE49+WuY9CTX+/98Z25H//zjTniLQZRpzIBOi4pgcoYqTIp4gewWpm4fRLPtYNFuePqfxMR59OF2k+NEKBMZMbnvyfMgQEz9f01L7/9Hhk2cFhQg229Bhh7z7w61eMLwY2ulh8gutQWR6fW0o188vy95qFUe/CsVSdAq4aQTyrKREHjEI4kRZkopphiT5bl8uQl4F8K+L1vuna7TWVwON2pdAb0yYO2LmhGIBiB33VUnKQsThw+A+Vp11j6kKtSVFJBGWlvJpcPhqI6OxuNynnGkyROcHxJnhqNJ0gBO9Yb2LLnxJnLd0CcvLtg7eylm2Hhb5eaz/5+TW2wzlq6Gdjh7kM/6Sz0H/fbtQbLys1756/cAheyeefRdCaDA9xpnHhKfBakTJwjUyb9g3EI5Q0Mdh+XlAjRhm26dFbC/Lyh4XlnNUeshtbqBJUlXjocRqpMSsiLKQW7pDM5MkeBQ8b7MtkcG4z6QnF/OPqPVyZ5fWEXG6Cd3udem1bCnkv3OrWU0wtkMV8oPDVqsj8YBTn49KjJ+4//NnrigufHToc79eq7CxYu33C5+T4cNoNLgAvPSwA9rMN18e73GMTr6gCcfdyMFZPfX7/2iz0bvjm84/AwNQRlQISlrDIBcs9WKxMYMHqT5czFW9lcgeNT0Ri35quaZUzqVCYWp0/+y2GkygTOi14NUBUlSuC++MISjy2DlYmkaJFEMl1vERtfIJxMD+U+37LnWE6w40drt8Gw+XTL3hfHz7Iz7jdnLQnHuDiXHD9jWUevYen6Hd/sPwWdDJ0z8B2Fn6Muve1+j55y+1B2jUIB+q1bj6YBB5QJjG2pgSeCkE8qykRB4xCOJEWZKKaYYk+W/fUo4gxOcY5vVxlQmcUbLQ979U7XEP0FVkoxzg6thbA04c+/ymgXxf4CA7BXOX8jaivF7ez4Xak8aa4FwpiLOPC9hM/7w0+/P+jW6m0ukCWHT5zL5nI42WsumUxVN4mgHmVCQjvKykRv8/rDcYcvSpIpQzP0drZK8iBAk9RmB6JBINWyw1A0IE8mXBhRvEIAOAvqLqki8fIgykTyFhBUKxOyi6TyLKHZgMSodxaQz3ALQHIAd39uzDRfKAz27GtT+VT6pfEzM9lCIpkGiQKXv/f70/ABGCdIGn8oCiJn+8GfZ324BgwouycYvd9rAN0VifNAJf2hGBlsLkGq3xGhUOgDPRAKc+mR55sug3S4WTb4p4iSPnmdVXw9EI5t3P7982NnvD13RTAcFfkrilCnMgGpL6ORSiNXJukMmhnT2ipGHYwEf0SiMZQnYHX6oQ1wFj0lPc9JQL5S4BbU8kdt7dKCKC3/CTLjzdnL/z1hzu17bbB85oef+oLhBJ+Mxjm43put3d/sO3n9Thso3v3Hzt1r731tymLoMbi/qzfvGf3uwlcnvc/6w1oL/UBlNNNuOKnkUG/tNQi+vny0e/hpTCGfVJSJgsYhHEmKMlFMMcWeLPsrUcTFEBlvmHIHDBTrYv2M08Unkw6Xm/WKf7b9ocgDtVljHciTQ0xnc3XqrCQjFkEwylWHegMBEm5ThtpESoWIWd0jAlh+Ko3KfbS0duVyuUg0JuJeZdSjTJKZTIUysaOeAdXB8YjyAgmjPdIZAmAXklbISLOVsywSSGdz0BXy8yHE+U1UX7wexDiUxjcvVUaDoNqbEX4M3gAAgABJREFUKxiJyyjGUCT29pzl5DPc3BfGzujr6yP/gq54YdyMGJd4ddIiPpkBgv78mGmpdG7D1/tAmcDap0dNJuEBbjYYisSBU06evyqWSOH6Ko5Ona1DY74/SCKT6SyWn5WnrwNsEEXJZ7M1L7keFIm3Ie2WaQFSJihASDzAiniW6XLzvWdGT3l9xuLPvz0o2kCI+pVJVjZiZ6TKBPvs+eCwwoUwtmOV1XII+FQmwafgjkBr4RnvxyjhxBKi7oENDp/8vUdjrOXNNWHm4h7dkJ/ejoOnxk1bvOvQyWdfm3bmwo0V67/tUBlmfbT23XnLGSdrd3gWrf7SaGNeGDeTS6Sicf7p0VPg1PfbVaD6NEb7vyfMVemt4RgnOf9WxkPQLYLvrnoKswj5pKJMFDQO4UhSlIliiin2JFpweJbSOHL5ApfgDZQXGAmfTN/r0ly8cvP2w54LTTc6u9VALg0miyRPAv4BJMTrD7X2GoWpfo20F371u7RmYCSaqsLPsLAWYUK0z2KvVjKPBRozbXcH3CidEcpDJRn0UqcygXaW31UbsDJJprJkCZAyHc4ZVXZHKWJ3ryiXMlBDXYTmOnAeMIPdo7U4gMiGIxxIl37sGVbCuQTQ22vZyobJZBYO1UA0OTm4rDKpCFaGjy42KBM0D81OJgfIayqT/fViM1zFnMVr/z1hzoxFn740flYgGJ67DIUDxeKJifNWwIf3Pt748lvvcYnkM69OAaHKuL0TZi5ZvXnf3CUb5i37HO5O2RtHaNAG4P0qM9OuNj9Um8w49KVQzYUrUUQ3xaW1ukTMWG+XHoe1gD21EHGXUSYlXLO8xyBOrv3t/h/HTv0AzOUNBELRW61dog2EqFOZQBdJ+g2WUetBqwUyMDQWRrgQBFVcSpm8Nvn9URPnp/BcB/T/P9+Y/fyY6dAzY6d8IMoQACNt1+FT11taRf1f3uyTL/d1qE3FAf2GHP/g8YknkheutfTqLT166/Njp4djCVCt/3pjDnxHvTh+di6X/3jDzustDzg8C5fN5b757odT5y6dv9IC2u+LnUeEJ5KEzsoIh1aHdvgQJiGfVJSJgsYhHEmKMlFMMcWeRJN1JpeDpBt6Pyop2BfjEsQTAzil0Nvh8vWWYCRmpx1ujxel5LLaQJnIUzE4FI+q6flIHIWQf7dpLLBSuLs3GAUVJNh7AOSFNFO3u06uIBEoIgmQOmozYiFW14DqyObyWSl/Km8oNmxEbzJdoUyMlB/+DUTEeYeAz5G0tk5fNBxPwo0gbmBmHJkTDMdNtBsnLHaRSHfSb+SD3u7RmB0mlC+ICkYTucGik6LrNVI4jVJdfVABEjSSq61MoBOE54KPRBIINqkX0PZ0No/lGeoxuBCtmYYPMz74dNHqLx+0dZLZg6M/X3p69JQYx3+798SBY2c9/jAIjwcqY6+RRlMQVRJFOMZQj1GeTq31Hi6HB01NJNPEh6eILyOPq77AwBO1bdhsByLALTChSn+MeEUlQAWpTOgay1AbrJt2HI7EEg6P/8XxM3247qdwAxHqVCa02x8MRcRLBTDUznAlCWD/JlRek0L9hhU1DDs+nYnzKbiP6KkZNFj1wtgZz7427chPF6GXQUVMXfTZM69Ohb3Wf3uYTG1dbmkDabpi0x5QEbuPnHp73pp/TZgzatKH/ShRWwpkDGgYkDeUw7Pmq/3HTl+g3P5QLIH9/SalMznQXSBZszk09uFc8CGVyT332jR4GJAfYL7gZv2LVqEYs0nzV4YiMVi+acf3D3r0WOHLdS8BdJ1wILWppcvACyHkk4oyUdA4hCNJUSaKKabYE2fBR/DpYv0VxKWIZkjyNBsyY2/yKJes9sC+cuNOOMb90dpJ0Q5QJozDZaPoaiIlXGJx+Mgf/nD0gcok/L030l74yXd52LJjPZxXsv4GaBtzVb7gWigUClobC0QWPgujYyVhsKFK58JX3fEEX0OZxIdVJtE4X1YmcDyLAykTXFmioosKff1RLiV0rAc+R/oE+CLZGNYC2YIDOtigzurSWBzaSu84rFJQCUiT3W1mPO5AmE+lMWlEp9ZYUKF68Y2pAwlctRDIn3jFIKqUSdFAuRpIAlZEaZ3CoDarxw9cOzQjFI704nRbrC/0+vSP5ixZ/8zoKVduPkAyDPsLBcKx+9160hug06DrhP0jMhOOzFFbHO0aC0hirYWxObzxZDqZQpNLXCIlaoTdXa8MJiAZGoZVJga7U43VVxk//35dZbABtwaqvfv7060dKvlJHiDZZWVSxMMMmxiUy+/yo76tBRzyNAKAeIM+7Nbb/JEY7fbprI5eEwV/dumt7Rpzu3rIuFTmpfEz35yzau6yz0F5nr1067drd0BsQBe9/PZ7qLZ9X/8L42bsPXYWVAT3/7H3Fm5uVH37+H/1vo/rCxSXByktNdpSpFipUKSFUqBUoS5AkRp1t61tZX3jMhlLMnF3383+PuecZHYyyUyy28JTvr+5r8+1V3b0zJkzyX3P+Ugmt//kpSdeevNWvxH+hau71W+Y/+5KEEJ/fnTG5m8Pbf3u0N6DJ73+cDCKUv+SORP4VoHuyhdQDhAQJLAklc3DMUEjgYgtFEvReHLq/CVjKCv0iWRTyoG2gOeRvA4g1m9m1G4JhpRPaspEw+QhHUmaMtFMM81+XxbPVDt4/acIIYAoJvwG2/iAhUPsPJdHdQarysTI7w8WCoULl66fPn9Fb2MqIyM0i96hyjYLhmNwNFoIAQWxSQrnkdP1GWykZrxooA3u6GzhSIzzhFu+0aR4Ac8AtFglA+gHhxvlS/WG4ownBC2RbyGBieIpnO9LjAwBBBRCWTpRJuS9MmGW1XpwMJk5UYeoTPR2p9JlEoKIHN44r4X1gh7Q23lQLKAKyOQA4d+iWZiGNEodAjQJIvFsAJrNCBFXIC61UCzlcIelLYTPOhtvots74ssA8szKejqcbKniInrZHAiJgiiYoZ/1eL4LGgyCGdecKWfzBUYI3xy23tbZdHbejDtHOtikZkeRIWhWCi5hyMKCTr6NXA0deMLKF01mypUROCx50a5gaC2wZG8IVfAYNDOJdBYEDxg0Bm4WsRF8EDgMyCcj7R3BexEPvduDpkenv9UzbE1m8uu2fq8z03A0UihDrJVx8uLNHr0d7LbOCk9Kv8lBNAAIAzA9JegoAXqSGFyRONVGPsuMbIbucn0XcS91EwdYc09KrVCq/O3xmY9Oe/2PD08HhfnEjLc8/jAsgct95MXXcvkC7fI99tK7IMbC0QTc1vM3+rbuPQr//u+DU+EWr9qw659PzQENA7s8M2fJD4dOfn/gBAw8ty8MWv1Pj0y3swLokGEL/bfHZ0HP/vOpl8kLiCdeWlgoFE9evlksltCTUhmBo8G3SkUhN4MKyAyYeEVG2t3ye0kKKZ/UlImGyUM6kjRloplmmv2O7G5mSwgMNNCRAPkVl69Thcst0Cx67wu8inxoCTgs7Q6aGBSgIiUH8Btv4/3ASIA7Erojmp5yAffKZHOyJpkZwUi3eSsPu8BhM7lx33qV64JVVgblwrLQLpKwS4QsxndCkCqTkdFqJovYKYk2UUcnykQE0GhQHbJ6jqM4x1EsnnK4vEYKTZhMTpnkcAomMmdSfx8vfysv3R6UAKgjGy+/O2QzuNdlhVAPuGQTDeLKKV+himy+JAZ2JzM5kTg2H5+girslFE3qrGyPAZF7kCuIZ3fAsCmJ0rMpWzNZtxOTqMSW5vSFSH36U5dvAav+x5Nz3vlobbk8AoJWPDtInV0/n9iwc/+wjQeDrpad67c30nhRrhBhQ9QRsXSu8OzcxVOeX3Dl1uDGHfv+8thMfzgGMgOeDpAr6UwWHtJ/PDk7ky96gxH4crgzbH5v5XroigefWwBa4uTF7vdWrMvmilaKc3qD1/r073++DWk47H/nD0b+/sTsfz/zMnTX6o3I2e/4uStKYVEuX4hSzeOshCoSveNTlFbepzKLSCDlk5oy0TB5SEeSpkw000yz35FFUR7au4I70MajXQmUgwkEUdIn+MlneadsrRQWzpfK5kECOZzj7DwcT5H8V/Bjb7Q69HY0cSEhAahEo9sXEtsGHyyc12xnxCM0A7YJRxOcp9PYgHy+YENOXF6ZLBm7O2USiKAsVTVlMjJaKo/kiyVrB7HUE1UmJtotS8EsRRVnsKXdHU1HyEACnVv6s7VELJkBgWHj5ecqoYLusDZr4wK8N5rM5InCEZFIZ1qGg6sjmR4vyQe8lnTasI1r3Ko1gNqmswV/OG6gOFDFdwx26G3p2PuNLV8oQ28zbpSNDQj6oMG2fe/hTCZH1+P7razw9e6D67bvA1u/A/398fBZ6OrmQ0kNHi4wA+U02HkwuDtkCTFpOormvVoaOQ6IIivnG7ZyA2b6jt5+a9gyaKZ1NtbCuMHc/rBo2Xzx2blLHnh2XiyZnvLCgkUrNiTTWVAm8WTmqZlvZbI5eDRArsAImb/480GD1eMPLlu1Ef596PlXQZnEEsk/TJm2/YejD099/fOvv+032j9orO5y+PTlWW+tvD1gyLbL8ky7/Ha+dQWktpCWNKFcfuIdqgIpn9SUiYbJQzqSNGWimWaa/V7s7idMAIFo+zjalmA4nnjUZLNZM6OYJhWW+5pKN8BCI+3NSSgFHAp4+R29Tfoy2I6oEtBWJhZPFoslCtG48ZoGzYBjRmIJ+VIFgBrB3mteWZogAssEI4OlEAJhe93rLJnNwfH9kYSZaa9M8vgaqZoyka+VAtaaUWS8R+VNcBUnDAA1IF/RAdrm5pJBCEaAsDJu+bxQMoWkCKCK53NAR0USGbcvgkL/uUAwloJLsPH+5iIkQVXNHYqmRb8aUDWk0wwTnHghgOaBNobdQVzBgAxEk7QQGjIzN4etYMhpyugAIm6gXMT3SWm2RO8QgMX2GqhbOMgePhAjrlbI28ohEIMhJ+4o+EKMy/unR176+5Oz3/rgyw079v3pkem/nLwMzJ4c5xZuxsWbA19u+Wn5lztAA4CZGTcr+FkhEIzE4f7GU8hprFAskdBzuGs4IULd/QxXvRQ9x4jBerKZzKTbNBieqwCzsm4zmqnDsUzyvpRj2qu1KuzPzl3Mu32FQnHqgveB3L/4yhI/fqnBewIPPvdKV3cPbAOdP2ymQZn4g5ERPLkKD3soEkvhwvAVlF26zXyFEqDBus5UazPEbNTEnO0ScEv5pKZMNEwe0pGkKRPNNNPsfrYwnieRvXieNIABAFOUL1VFLJ44fa7r1Lku+GvHdRscNOsSPMDncPGEsjRiHtbyvkhzDH04kZY6XI1hggjUysqjktV2BlVAk7l4DdvQi20VIj6Gua/DHVRXL2OYJVMcIoh4WqAF3aniWnjypRjAXF1+taiVsUZlks7lw/EMcUEZw0eukoxGo4hsAQ9DQRG5fDSV9gSiFha5lu3+YT+wYfX7W0VOaz7gpir8sFBAMzAjCgUi1BFPoSD+zpUJ7UI3ixGC2VwBLqoWmDE6GoqllRuIQ0TwfEWxKUVBIKImmH3hhOgaJs62NWfW6hBm2o3vl3y5FNBCuDtGB4o0kBnvizJCQ9RNS1TxIMdW3xcPhuVfbIMBUChV/vrYzGmvf6xyv1p5w/3WEJWJfMU9Au2Wh2NZOH/LlMQdAnqYcvndXrlm7hC3hi0W1iN+C5lo922dFc8EEsi3l/JJTZlomDykI0lTJpppptl9ayBLOvav6QgTVSbwU3zm/JWbfbphvQnEyckzlwLBkI2iUykgoNVgFBUoBCkisiuUGLeeZkoK4B+yhUDTbc4Amb6AVSAYhu1OowMxddHgUG25MhzHLvEZa4lyuWJmsDMM1yIGA/rEH0kwQuuXo7FEtm0mWakyQczVGyGsFAhNKJpw+kIOJyq0Z+M8QHpMtABUz4KiwH02Hs0X7fjupz6DvanPGlAlCZQl3m4ywNI0nvdQ13JKqNWAVzh4M9AVoZRifhPtNdE+VJjFGWTdEfirfgiSrFmaoIxAXZmImcGge8XalLl6fZiJggTkqLcT5C7cqZbTMk5/1NkuKYIKQJmAMMnki/96+uXvD55oTXjvG+jt3K+qTBxN026ohlLjW4wJoYTza0USasNJBbeGrVJlQkbaoJnmPQFfOBZNpECJgwgndw0g5ZOaMtEweUhHkqZMNNNMs/vTfo1aihNVJoFogneheZJAJGGjHEDxQZxYaJfIpaq4KoUvHMc1GXPwNxCRv8kG8eAOyJlctdUrYTiU1x/sNzlMREig4HhB5aUyAXBxlVJ3lUrFzGIazYw3m6CKJiICLn+k2ESUxS2BQxsdbRy9aBfKiYSnRMqM4LPgyRl7Y9YsFN/CIFkCZFdnZU0ON3AyWDhkprfs/H7ARLdufR1wjZTqLAE02BOMTEhdSBFDQfwBCxvA6blQhi5XIB6OpzNZVC9SnAISQWFlEpK40lXr4fKSrVrARLthx2aHOnVlImYGC8dRSA+FptT4tudqiSou32mi1QpWAhghCNLR4ZLzZrTKEwZNLl/aMUCZTHnh1QeenfeHKdP++vgs+DDjjY/kG90HgN4FLm5Cg9bd9hmcNHiPfM4E5O7dVFYlGlslHEsdBgpFc0mViWi1B1maBgCeXwk0ZaJh8pCOJE2ZaKaZZvehhZPj5ZDvIYCmT0iZuDz+dDoDeoZysA7ODVwQlInOYJJtBssjcVSl0ch4401xDrAk3fE7VziUNxDuNVJ1NhAwUWy5STnIAMIplZafl4AB2YBnS/KNgbPoRMEY72mIuRfXfnvgDPkAFMfuHCdPsE08lR0y2IKhaBXHuwMTMuPUSSjmmHaTSGUiReBfC+tz+kLeYNQXioXjqVQ6ly+iHM2E7fsjSaJMevU2GcuGEwFpKxRKJDUqyB44bDimGGkE28Px0VTApPg66Eno6my+mM4VYIT4wkneG3G4QnY+YGH88MHlg/Zn4qlcsVSBltvxZYaU26MEK4deSDdndG2jTFxhclmUs+by12+i5Rt1hirOE2Bl2+Q7NuB5lZYX6HAHWy7vECvW7X50+pvPzl387Nwl8PeNZatXbdgl3+j+ADwdRjyqm+/XvYLLJ484Cicyze6gncMdAH3e5lWCCkCZGCXKBC6fKGElk/JJTZlomDykI0lTJpppptl9aPfWiUtEsVjMZBrSzqojGotfuX7bwfCnznXlCwWQKKBMOJc8V6yIcqUCxB30iZgBDP6acEquDgHbE3cdOycM25FzFzCDATNNYmRVEEtmAtGkjJXzvigiEE1OXHZUI7zBVSyRTK/e9J3475Ozl47iGGJoT6lc+eDLHc8v+IjzBECoPPTi2yYL9djMxcDRA7EkISigQ3BVRA98SKSy5B0z7MsKcuIlhcPp27B5B9jabftl74nzhdJ7H391/OLNtz/aMGRyjIyOpjKoirl0G4LXl68vlsr7Dp+FXeDssrUdChVPMNq8r4hoIguHAalcKJWhGd5ggnjHgdCSb9oOhOc1U091ZWJ0oCEEV3LHgCQrShjFtJEWLVFFsf6opmSxXflOowPR05Ydbuf9yaRavH4niCbSmXwR2USex98eFhY5H/563ly+SHuNB2MYvk/kSxWgR3nJ1MZGuVyhYBBiizVVY2SFAKmWQ2ZOrJz3js56c8hyS2frMVADZmbQzKCCQijdGRrJUj6pKRMNk4d0JGnKRDPNNLsPbaRdha/JoVAsMkKojAM65esUkEqlr/UMnzl/pVwunzp7mXO6A4HWIRlSAJP2+MNm1mfh/NncBGgN7IKoJ41cyNKZrBgWP2imR9v1STqbB71BNoPdaSFM4frc0otdv2N/IpkSl5B5jyqu6Dd30eez31r5zZ5fQLEsWbVl9abv3/5w7e1hK6wdtnI6K//6+2vTmdyTs5eABpjz7moczg5/KsRHCzYLxNLSMA84CSWZb2kGLYQ2btkFyuTUhevoRT7ntTCCmRY4IWiy8zt+OJbL5e/0609cvp3LF2e8+enm3QdJuL8/HBd84TIuGgJKKZ3Nrfp6bz5fymbloRerNnybaKJfzeCR85KigOR9Mdl4Ib74+aL8dOqo4mgZuKfNw09dmZgZpJrgThHVeltvE8ubTAigiOwcKsLY3AApSDtbKqgxnMYtfxfuRgS3dXYysC1MG7+y/y5snADX61ctXXo3iCQyYj5oJcDt6DCwB7a0cR7apaixx9DbmVI8laliyNeBMvHUlAk8+LLZEjJ0cRUX14DJARvcGDRL+aSmTDRMHtKRpCkTzTTT7D60lpTo7pHK5lkhCOyf9wSjyUyhUGwblgC/327B63ILyWTaZGcpms11pjSquB6z2x+lnIE0yjoq36AZlUrFxvuNDncQB6vAEfrG3br8nNA6fZYI2B4u0BOMV3HZFmBUsJeY5wfWZnKFTbsPBiPjNEtntK7bsf+7A6dBYDz60qJtPxwH4fHt/tNfbv3Z5nAFI4mF76+tjIx8veeXD77Y8dIbK2OJ1BOzFoMi+GjtbrGuAs5SysMFymhWW2Vid/qOnL68aesuvR35Donm8kev3Bx4dfFnn276/rn570fjyQMnu3btOzXt9ZVLPtsGnTn9tQ+ff+WDzzbshraBMokl0t/uO3nm4g2dwT6GXb8KWDPB56Wfbe3Ea9/hQpRLvrQO2h2S3T2iEJpTbKlj0sqElK0slitkMOhsXPMROgHK0MB4zIzipB8BcldD7WxdE8PIeCeni6S4NWwh12KmnfJ19xM4T+hXVSYgEtq6rY6OVoWgYoSVFLAldKkQUEtZAaeLK1cpgW+eIRtK/tajtw+YaakykZr4qEr5pKZMNEwe0pGkKRPNNNPsfrNfI/Z9DBNlTyAikq1isZTNFwVfGJVERJn7oyTjlnSXC5eunzxzye3x2xws70bTFzbWXWrnCdOMRDpnYrygOnJ5RVUDpzY4BCvnkzq1w8I7OiuQZnRq3g/tbyulMrmijavNtJAkP3AQuEBMKMt9A7pz13p84biD9+TzhWWrt6Uz2Wmvr8gXCv/3/Jv5YnnbD0cen7Ho1KXu/mFLLl+Y+trH0UT6ydlLM9ncg1PfNtj5Z+a+D7rx1KVbQNeqOOwbh0qjLLRwmbLQW/VK8MCwoZF6G3dbb4PjlCqVfKGUyuag2QdPdtFOby5futKju9qrs7Ou15Z9NXXBRy+8+vHIyMitPv3B4+egPaA6prz4zoCJ/v7wGV8wCm2Da3x0+juXrvfNW/xlMpWds+jzUqm0/bv9e34+VcVjAJm8IWNWTrAo83VLY20WaKqFRTMPE9XPI6OjsFfLYjgGymt0IENR+Ny4gbQDM9M+bzjBelBtbziCCrNUB8hxaLnezstXNIJUwFTaDJ6XpuZPGIN11qu3c/J19xM4Dzx3XvgrX3GPkIHHtd3MG85G3d7pa6x+41KZhknC+rCvAZ7QWDIDXyO5YgkMjhyMJoI4hx7vQWUu+y3oqQRl0m+khnB5U5kskZqUT94jZRIxrdlwCNn22/JVGv7fhXQkacpEM800u9/srmlPawADAFIlX4pRxSUXSuVKIBQhLlhW3i+E0hdv9JYrlYtd3QzLnzl/xWJzxBPJZlrZIaq4vBocn/O2eKlpsCNCEI7JZRnsFYnGiWeFhfXewu5Vsm2kiMYSFH6tHo0nQ+GojUfZhy24ah4qfpIvLPlsCzTD4Q6Uy+UXX/vIwTj3HzljtjkeeOGtbK6wesOuFxZ8xAn+x2cufv6VD/R4MsQlBGyMO5XOyuq3jGEHIThdIonIUKGAHKyka9XzesG1EH7Tg+c6pFi79fsPv9r50+Hzs95e5QuEn5i1JJHKLlr5zYyFn2z//ojF4Tx/5c6DU98CZTJ/yZqDJy77gzE4+0sLP4FLe/vDdTPe/PS5+R8wLv8TMxc/+tKinT+dzBfKDsm7XlBTZkYwOVygtSy4Mp3R4SJV9pozccn0VRWJMS8coa1KlAEOTuEoEfkK5TmTmpSqojrupAoeMEX1AaACkrM4jm+WChgBzbZRrhbzXXBq2h2Y7PnHYWZqCbL7TJR83f0E0PCgTBi32jC+GxRK5bY13dWVCdyLUVwsKJnJmRkvfHENWxl4oHpwxfo7OtuQhYHhraPQWw+SU4tM3EnrZmJD+TZkwqOtSfnkvVAmWevBzViWbDgUnPALIA2/Y0hHkqZMNNNMs/vKEtm7Zj0KiMSS1naVzqvIBQvl7+I8YRPjPdfVbeP9Fy5d53jX2QugTKhs9q4CduHagDo7vfJIFWDD0DYT42lJdqFV/WaGUAEz640lVGhK1YzfceJ4dJcFT55gzoHpOO/P5fJPz1lWKpUy2Rxs/Oy890ul8oHjFy5e73llyVfLPt/+zMvLvt69L5XNd/cbL1zvJRM4iKq3atgYupwiVfdrKpYqsphpErqthJvKyuTkpVvLP9/+ypIvV6zbDXLn7Q++WrXhu8dnLpr11qrvD509eOLix2t3g5QCZbJ41Zate4+6fOFsvvjcKx8m05l5731BO72fbvwunc2Dvnrq5WWLVmzM5UsgRUBREGYmNeI9D4aSiTGCw+mHG+QNRsPxZAKVGy9aWDQ9ItYKJDcLtlfqEyUUiuiVts7WYi5CSZmIiKeypLuUpjI6gZlRjGuXwoSTrXmbUl2P4ZHAeYITvO4WsLC1N/F9xvtamfjD6KWA0eGUr7hHKJYrbcPrRWWCRQhKU17GHln+cMwTiDhcPgPFD5pp+IoYtvEwmA2UC75JrKh8kPfbAyfR/F6Torh7s2OdL+WT90CZHNxUkyXyFROCv3fHlfFZTu+Vk2s2nJSsvifwX95z6NqQqX9oYP2mQ8NtpH5HgKs+aJAv/P8PpCNJUyaaaabZ/WPt6NldgfWEPZ25axOkM7mTZy5hu3ji9EWLlaLZSfr3qwPItMHhBv1QVvYTq+IwdMIJgHBkWgkkTzBmwdTTxPqAv+rtHFCHYDiWyuTEoH+gNUDWP/xyx8Lla9fvOvjjL2eWrt7Wr7NSrKswwagJgmAUpeeqCxgQKg1BHcDppf/KICoTU6tpBCmyuaI0tsHtDcJFGe1sJlcYMNiPnO7ac/Ds0y8v2/nzyVK5/NiMRSBOnnjprZGREZAlcF2LP/ma4T0ZCQUsVyq5QjGZyYZiCW8oanS4wUAzgKIzMyjDmJyH1WdawEj4ux35ZaGSkbC9HQQPLHR6aaePdvmEQBgsmkgn4ASFApyISLsIqpoCBxHQNAiWqSLaKhOnL0QGABBQ+brOUI8eaV/yBa4LLqotY74buP3h20PmU5e673NlYufRvbY2hgbBZ1zlZmK+fCLEQ+FjoGm6vMSxivcEwCyMy0w74REesjL9JseQhek12IesLIxSE41mP2TjU2qDJse3B07t+unYzh+Prdu+D+zgqS47GdJOv4nxGuw82KCFIdZrpMB6DPbbOmS9BgeF4n9ct4YscHeGLDSYHk0tutHXCyfAvQODBwcaLOWT90CZ7CB+XBsO4We9vGXToSMW+Tbt8Vspk/pbF9eaPQMt5hcnCFGZdP94d8Ls9wnpSNKUiWaaaXb/2K8KA+0tFNo4TkgB/AFIA8qES9E2inF6QyzvlG9018BF3JGnVjDU4hW1CGBCjBC6Y6DIxibaLRMnDneQ8JJoYjz1VkukM1mcUmtEfTMZ/JGkhfGDkVqEvC8aT2dBMPDeoBjSDX+SqQY6i0sEShc0QFQmTn+bCGMr57UrZ/UdQ/76hXyhTDg3YntkjqNaJeHvcLGReIqURmkG7AREnHLWXLaIioC94dbAjnobEnjRZApYoycQdfnCFhaFv6OADRtvoJy4kAuSKGKJyWaj6jNX+EPTdA3rtTAe4loGVBgUZiKThbNj1zJ0FdAqPeWykRqLVrah9R0jlc1RCjM2UlRxamNjY0q3e45wLAmq+Jtvf7mflQn0Pdw1/NbAD39Jf/z4y9n/+8+8fz8z96+Pz5QV2CEjp4oz3YFyxlOII4l0dsXaXQeOn/eH4+Vy5ZnZ78DusEGv3vrPp+b8/YnZ/TorPPuSUTExryo0ipx+vUMYNNN9BurWsOXGoKnrjm7AROltDMgSO83D6YqlMoh29NiPoCFFZv9kGMOVVftMKOtGyzwNzZDyyXugTM7vrCmTNVvPH9l9aM2mS/2TkMfKymT4zBl08E1H+uu+YkhUjEbXbzq0/rtu+JqN6q7DBjuOiyWrRvbsPCLdvg6pMvHXlMloau93R2D3PReoJFGt5eD6+ixQbSJoNEraIDlFDTVl4hogG9cvQd6ANZu6HFfOwwbrd56Hf3/Ga7cc6CVrrx2uXeDxwbvXSr8ppCNJUyaaaabZfWKp3CTfQXYCxD6VC6UrgexlsVE9A/oz56/YHZN8Xa0CwYvoJgpaUE0K7HAFUfw0J+jtKFQAzCAJHQbKYWGRk5Jl4i5GHaJKQnFKlVS2EIql3f64wxWysn4z4wVGTk4Kf0Lxhnf/rGc85UAz+gy11LFCu3INaBLDqeYYZmYE0GYqpa8zuUJcIX1wFdWQ8TDu1lHOIBgISxORKxSgzXDGYrmcLxZT6VwynQvHU6FY0huMuv1hpy/EeUIMKnLvAQMZif3EPLALrjSPPMqancqkWgXFwOC94F9WCLh94X6jw46VicHhqssu5Z5tBZcvZMfzPPIVjajiUoy0Qm/cK8SS6aPnb2zcdaDfzE7oKn5LlEgyNKcPHjq4EWTu64Fn54O6SKYya3fsX7B4NZB92uXVmal9xy6lMvlUOhtJpOe9++mLry6PJtJwmz5asw0+gwJ584O1oA3+MGXae59siMYTT8x4e9ho+/7g6d0/Hw1HYo4mySEz4j1lxxN3RodLb+eHrBy0CgSJgeIdaKYuEojEE9CIYokoc1AhQ0ar+heLDGgXK3Ic/S8ok4ObD+3t9RtPHROpfHRyvwj+XvEIdUPKJNp95jRf+4Lo/vGQFR8c1u7pxu+EmO41u7tZvLDnp0NI/seG92yqTV8c+eZQY56CujIpZ/duPdTd+PV1be8h0CrwYVPdLa3Yf/4yji2Elpz34jZYr/882PCerKZMoB8kzmzSBqw5gMTMGnFtVg/KDX8acZw51pNHF/779QeTjiRNmWimmWb3g5UVKeW9Afw8R+ITLg9HapiAJjGabaFQ5J4rk0IBBWlYaFdRObMt8ANfOJHFWbbGsBsSkBJCVoYtdKUyksrmgUaYWW+hXZKfXwPAdMWQbmAy/sbKcS5/VIXfANtGlAvNSKglm6piNyT1Kg02HrF2UuGxJeAIMYX6gHB86ECnt/VLRhASJkdD6TqQIoi6cYq5vJSApkTgYiXiDe5mGWckSyPhlHF5I95QFBVXYVEiZgPlhO5Vdi3zYl8yNF1jZb0Uj3zJiBdZOp0jZWqq9VxkSGPTgo3zxVS7egzFZJfgFKRuzK+HZCZ38vLtDTsPDNv4tt5l9xC4Q+TIFUvwfJH8VCAzzLQTuL7OzvWbHHD3ew32Xlzg0swKuULpX0/PfWTqq+lMLl8sg3SBL5Y/PTL99MXuz77+9o3la4ql8r+fmcc4vd5A+KHnXwtHY4MGOwyt9z7Z9L8PvQhr//zIS/lCGe74wVNdf3ti9qtLV3uDkWA4OmRhiWPVbT3xqrLeGrYQTyokUFkQpzEYIVnYs+7zaaTR3F3bqKEJAfSMyYHeffzmyiRFUnId2dvtOohnHo4PtX4g28Pfu+nwQD8KAkF27fAxokxAjYy/3DB0HcexbbCKaIaxUdOmC7UvMvbCsWEYo7fOrNlwhiwZPnzISD7VgJQJkT3r91xvWIM3XrMHTWKMe5EZurBbWnzNj8P1L0jrmuMN04UtlYm0AWs2dZHN6iv9a/bpySekfPxwCfSanWib3yOkI0lTJpppptn9YB2yk1Klo82aUUBBBRN2DGCdwtUbtwXgK5wrl8sxTrXiypMAUE+7MwC8XOXqE5m8iWmYCQFBQhjqgIU1OXhSW6O50PtvA6BNooMQNJHzNfik+UJJlTtLAieAZAPLk6+ToIqViXqVBjKfMKrs+t9emfjkaQnQKuLa1BgADfcLNVu5/okSyPSLkjaAZoSiaTwbUpuhyhWKsUQaLhxUmQ5XmaCwIx/xHMOzLvI360ijMh7QirA9DAxWCDq94UAkHk9lUToyGnFr+YkbEU1m4ZJVNN49waDeRKIgVn+991c9V2VkBLoRCH0ilYEBEIol3P6wjROAfwPpB+0BAgApAb0dVAFoA5D9yEOP8cBDJ+tbsGy++M2eQ/98+uUnZ71zuXugVKrA3frLYzMyuUIgFPvXM/ND4egfpkw723Vz2w9H/vrYzEG99Xqv/u9Pzn146mugTCqVEZAxqWwejpPO5rf9cOzFBcuWrtpULFVAvXiCUVBHcINyuBqPVDthyC+NjPkRSZLxu8coSqGB0qbBQGpbAnLsnimTmizBRP+w3M1pwlDw5jr+jSR+w9+75xYKOlyzoWu4tsgq7gW7wELrKRBIl5KJOLFGASj15qqh/8CRvRf1sGXPoZoygW16hFRxtPzzZjLlQq85gDaoWbbBQ0xBmYw3IJlAc76SmBn/msPW2kdDF1ImCCPXzpzZtOnQcWvrCeL7FtKRpCkTzTTT7H6waLqqxCrhJzlbQBuIG5crCpsqwx9JqtBWJcQSCYOVLpfLNMvfutN/9sLVAvboaFscrS2Ad3r8qEY7p5qQFE7k9IYqlYZfRWiAwcYSqkRen3PecBNv+Y2AXthz44LN4Wrg96FIWkmZwGIDhTgQtF9awqUZo7gMSDTRWleMjcd2K77lLeNgnriCJIDdoRneYIs4nyp2bWKEBtcmfziOOl/Vu6wlLHh+I12f/moGiOdSqyKGcF0m/ILcyqGiNISoomiB0dFCqZRK58CILxnvDdqdPhuHXMjMKEHTeC4y2J0RWqgvGRw8ipZR6sl7hXyxRIKzz13raftg1qXaKJ4hzEWTabhSGuekQjHiFgYHiFMgMwbMzJCVG7ZxOjtKZoDyGdQk3Li/XLPeaGtEAcK+CZAgxQr8EfzhFet2PDVrkeAL/fOpl1Noefmvj8/q0VlAmVhpJ5pUgUXlCpkq6e4d/t+HppbK5T8/+hJcCKyb/daKfUfPHzxxaeorS+UX3AFIBmoTI9zbOwVHw0MIXWwy0yLNhgxSPjlJZSKmCQarhWfcJRSUSfTWmeP2Zm8uRWVCvLkUCH4LZSLOZsBeRJl4r510NcanrNlw5KCh9SFFZXJ6e4M3l2zrdsqkBriuhv/ve0hHkqZMNNNMs/vHUrmxZG4snhltXiW1SZRidLgm4zfPecLnL107eebSqbOXaM7t8frvDJnPdXVfuHxdvukEYaQ4+PlXzwCL+CijqFuG6jMnFCasQ8izq/aeVb7prwmgfW5/RPw32BgTnEznldzcgVhbcAVJe7s39BVMwlQKXOIKhgFjPUa5GeVKBc6SUmBaI7gkSyCSkK+oTdcEEo2l69xYUqp7l7UESUysUjk+VyiR4pgyZHJFQqnhGpX6Ux1epKbaKEACnPrJ6/RF8VTeZM7VIW70Gb7ec8jMCHXHMwQg8yCxOJScyq2zc6A0+oxUv4XTU04jnixqniZSNxSegczfbFYUtcWfcOiOY9tp6N6uu7Fl6Mpnw2c/Gzp702wlRVcGzHSP3gYfvKEYdP4/npoz/bXloC5AeMDnYRP1wLPzz3bd/OXU5efmLoGFXd19/35m3qtLPnt+/rJQJP7xVzv+MOXFzzbsnDL19WQ6s+KrbUSJwcXCvjqzQ94vncHOo1qfjokPQnVAq4KxBJFw3npOjmpNHKK1Vez8BveI90Vol1fKJyelTNBsybE9xy/dm9kSAgVlMjbqX7PpmJFzWYcGQCGQtWrKZGzEe+3Mmt1d/UOm4/tqXlV1tFAmB785dN7kMXZf37LziDhnItNal79DAqxnyNRzpftIY0yIqEz6Dxw60usycmhKR9qA9ceRDlFTJv6B092mpED3d19f3+gqdv9DOpI0ZaKZZpr97mwSysTMTuYnnHEHr3T3WhhXJpdneafJQoFKOXvpRn4iOb6aAUSZ0KZorAUbFhGOJrI5RQ80isNOXHUzs97bOvug0eYLRlqyW4J4YjJzRyoABuMPK8avJzP5skIIEZA8EhyClIlqk9KZPPBRFZZM3h8bKKd8RR2dKJOWxeyyeRTsLhNOTl8I9BivEJeiAhvnMzlc5cYZMClQrc/GQB2CeDJDlMmwnVfpBxUwLsQ1leavRFRR4JDHSLk4T4TigxHleaq7B4iNC9f7rJzPE4zSbp+ZcfebHLd1tl6UqZY1UHxLf6oOzcr7QWKBkLvFMrdY+iJlOaEfBNto7Npl7f7GcGWXsfs7883zTvOQycp6Ar1OxhuJxRJJoN3QS5XRUU88Bh+MOEWvjUO5oUnPv7n8iz89PH3nz8fnv7d6zlsrEunsw1NfnfICcta6eL2vit3wlqz65tUlq0nJIBg8l67fQTmxRlA2POnTR4j+eI9MBCaHE25oMKr2BTIJVFEYFXLngycOhEc6m4enJhxPITXu9OrtnM7GofAnNBOF7o6UT05GmYxHaxyohUz8v4Qt3xyphbv09q7ZJNM2GhogHUmaMtFMM81+jzZRuHxqUQpKIHoml8vbae70ua5BncnpEmheMFiZO72DMierDlFFcwXIvUT9pXs2X3QrZ6wKRZFDEe30+sPxAUvNs0s0ODiwhyEr12ew21k3bAzEiFCiOW999Ny8pf98ag7Ylj0Hz16+eb1HN7nX8GOYSSOvj3Rr9wRAJl8qFlv3Ep7oIHnJvOqM2R9C1e5UNokn05RCbXWCfKEER8gqRLNA58DuzZm74E55cDpXWfMYdwB4ajA6sVFYJSErqrNkYzhngLRyCwEj1O5sn3GSr9iBphsoxf4RUcTZqKIJ5PYGDabd7b2/0At13FfEu2wUp2wuV0aS6UwgEveFoqzgNzl45HBlpPpM9JCV1WNXK7uzFtnftg4gJsrIWw8FNdl5sF4jTXy07uhsFO9xuHyDZkYH/4djYJv0Xe5gOJJKR9Pp0kjlB6qnglUBkQHw9yeqlmRVBGi/0uh4t1fHqj/Y74xhTYv1sz9fr9QOx4ABY7Kx4WiMHPDx6QvhSjO51qPr10BtLFF8+Z6GvxOAlCJJF0i31zvfC99aJGWcjRNod9DlCwmBiJRPTkaZAI7/eGbPmXs0W3JfITywt3/8FdH6Dcck6zTIIR1JmjLRTDPNfo82IZRKpQgmWxOFgUYT9mcvXL3Vpwe+RbP89Zu9p85e7ro1wHmCQKlVaiMqwcyid40q0xpj2NOJVnY/A2JkwwUWxCWBcBRon4nxklmIZrOwKPCgUCj8Yco0caJmZGTkgWdfAV0hEm+glT2DJrDmSQxQL82xtqlsHlhLXjmoulAsK4VViIVcgDGrvzm2soK6MmE9iEWxguIkBlEmSu0kyWHTTYUF0VwKDrqQLbfxKMQ8rTyd1RLVWjbeNtEpVVRcxSe72D6cGwps0DKZ7HCjOMRfvSDMGD614I/AWUBX+CMJkGom2heIplH5P2+Q9wRAY5hpl97ODdvYfpMDrNdg7zdzxNuKOFyR0i6o/szEIzpIEUC4RpyfyjZopi2sG+hvLJlOpLMFHGADfw+cuLxx5/512/fB6cQ80cNWliREhm320X3S6zrjMo5UG8bzdt016b+AeCpTqDQ8y+uGSUZWlH0O2qYyRN/5eD3t8jFuv+IW9xqVClL1SqkU7hJVPFooJIOpAqhk1Zg6KZ+cpDL5fxf+NZvPB3Hwes/F8+tFzysNrSAdSZoy0UwzzX6PNiGksgUVtygVANGHv8VSqYqi3is3eoZOnevqutFLO7127Mzg9EwsN06xVCbJXlWIDqwIRFMp5UxiTgFxPn9wPLqjikocpo0OHvFFM6JoLSUKKJP/eXBqOBKDD/l8Htrw9ydmSWMPDh6/8IcpL4Jt2HFAXEgAG0fiKSBw0oWJFHL8UHFPAh6ppEzIfAvVQe0/I062q9hfdZ97jyTcRQbQgW2VSb4p5zL0jA1lwZJnBwaNZ6CcuQnm1SXKxB9C3uPq8ATjMv+xW/WSlLIsYR2CXGA0pugECbcJbiUoEFAXwErhdJ9u2LV5z36jw9ODC4STYuHA/omTlUW1BnknZuVQ2RbyGRgwSK8BMw2ax8YJ3lA8VygBJSazHFWc9ZgA/hky0+eu3gFZsn7HfthRfIwsjAs9VliGHeHqoQMYlz02mTLZMnhF+i8gly9G0w2ua1vN18kHuN3QSJVEVSgPQbHscPlUhui9RTSesjc5Gd4riMqk39Q+VEHKJzVlomHykI4kTZlopplmv0ebENzekIoSUALsAjuiD3hS4vS5yw6Gp1me5ZxOl5BKpe2ch0IBHoopoWQolyuo4DePfLizWSQM5Ftg/gqkzRdS9OPKZnOUM2Bl1PIXj45WM7l8NJagnR6SCNXMeml3IJ3JgjJZunL9v55++f/+Mw843J8feQlUSigcBfqltzoeefENoO+lUvn9z7dcvN4jO+wfp0z7x1NzpEtCsSTtls9UICpZ9+0plSqRJKrBkMkXwVKZXDSZJaazoZTBFHYacftCcMmBSJysAjEDGwM3HRkdBfplpJwW1gsXhY4p0lUJjCj5smJSYACcV0VBgVykWtWFgOXICcrulC0H4aefVLxHNJEuKKgjKRLpnIwHM+4g6StoZKJRHHYCbyhG9oVejadygj9s5TyDZrofZ7IyUC5xikNnZQ8eO/PTwWPbv923YfOOjVt2nb3aK1UUzWaX+PygGpEsMjg+KQXYj0PYdTbWQjtZIeD0Bv3hWDKTLVdGhqw1L0SVGycFDCcQ3kCaj52/vn3vkQ/X7JS+zuc8AStOzgYiBKSIZL8xzhsqjza8PthtvSn9tzwycsFlPso26Bmbu/b6wIbnzeKqjaScSMGqDAkyaJGGKZWTGXR/VTZuCxtKudZm8q0ZuAEo7iWTL8AtCMeTvlCtMCjjRrnm7Dxy1jIzbhv+ZoMbJz9EE6R8UlMmGiYP6UjSlIlmmmn2e7QJwUDLX3t3AvgVj6cbYqbdvvCJ0xdPnrl08uxlE8Wi7FIOVGVCXScQCL4QiaYt4nfz4XjaxHib33qynrASgQbwAqoADcxvoqQGKBEwfZPVMXXB8gJGuVzO5fMPPDsf2sN6QoVC8eW3Pr507ZY/knAFIr2D5pmvfwgSZdHHa195b9W3B04DrXlm1rt/f2L2GAq+9yx8/4sjp68i7/xyZdX67VOeX7Bi3R6fP2JmhQEzU/PtcbgtiKT6RCP0t61hjou2x4U7POT9Oqp7jQ8Lx8cpmxy9BgqZ3q6z8WB39PZeHMYAZqJdYBbGxQkBIMSMG506nsqOJ4GqAdG1RBrVJ2l2YAOxhJQkK7+5+KLcaOexsWWrNv7lsVkPPbfgoedemfPWR7ItRQAFvNg9kMsXlny6sdltjIAEadRRu8PwYeYbH6RzqLajA816lf/62MzxXfAliCCXAyiWK3AfoeWDVqbP5IDOwXVOWhRtlBl0cs+wpVdn23vwzGcb9hw9d5XMmdyplf+zI7FhcgxZaAvjBlLLuXyglKADQfuBAK2MjICB6ugkFd4QrmZDoaxo7eeRRkZGiCzZsGP/xl0Hhq1Mth74QRCOp+xOH3RXZXSUFcYd8KBLtpqv/2DvEW85dNoJwyD8hab6I7FBgT9oHcgWSrlS6SAzsI/u22O6uV13bfXQudIIehJ5b8iOsmB5gcp7AhHRYGjRLi8xo8OJ3jjwHopHJS8p3mPj/cTgLpgYlO7MKpnGxCPcA6sSEl/KDgGXAA8FiD35ikbkiyXQgXZOsLIC3HozaoNPjO2Rmo33WDivifUZKOewDeVcBtUKy+E5ahherSDlk5oy0TB5SEeSpkw000yz36N1DvRDzrXxsG+JYqkkK8545nxX17VbZ851uQRv17Xb8NsfjKVJoQn1bF2gQAwOtJkFu8KP4VZFk1mbs4HAwUKrclOrqKgFciyZdFHFkxe612zaVamMFDFi8cQjL76WzZcYIQS65Z9PzjLZGN4XcQeil67eev39NTqT/dEXX3/347V/eWxGPl+YOn8JKBOQK/98ev7cd1b+8eFpqzfuzmbzf5wy7fCJs39+dMae/adiqWwz9fktjZAwA+UiNmhmwPpNiGnd0tluDVvh3wETbWI8nCcUiiVjybQQiCBfL1zeToxbGEOZplHUtbOxduQYTv7LC0HC2UCZfPTF1h3f/7Jq3Y4VX22VbSni8vWeBYtWZTLZR6e9rjRF8OORc7v2ndj183Ew1jXOrf/8yEupbC6cyBSK5UKxJCoTINY9g6Ywjhoqo7mUrDcYNdLuOzrbbZ0NlBtcflspQmHHKuixYRsPvQSXhryqKP74+e5fTpz3R1IkziSZyeWKqAKgO4DCvkUEJC6FImA51RSc04x+M0Ni31VyuxGUymWaR4/PgJECWXLyUnfzBFccOxaCpKuMjrCe8Xm8SCFjiwSueyk6ETTFvN1O6qRh6BvT1c2DV7YOX/3Ocms/3b/ZeDWQS4IyOcQMMAJoulQaRORIuYiVicsXhiObGK+Z9dmQ5KhZc0+qmJ33gTJB4V4MeoStdXc4Iy2AwiFVksYvRhUkqR2rWgcJAOpIqoVQG5yg8KEBgoXFtXFYN+VEsgpUFtyCaCIF95fc1l6DHTbQU06VVlVxWScpn9SUiYbJQzqSNGWimWaa/R6tcwBZEYJtqE9LANUDvi5dcu7i1ZGRkcFhI8e7T1+46qDRa0tQHeSFaPMECAH8hAOnQVSAqb1oFwE/7bCKpH6CP8bGWu8ykLqEKF5cvqZTWB3cl5u/e/jFhf96+uXHZ7y75+djqzZ+V65Uool0qVT62+MzbYzLFYhlsoXlqzdfut6Ty+WPnO46dubKg8+9Eo4mZrzx0d8enwWXKfjC57u6n5n9zoPPvgKXcKNHv2rDbiDQL85fksiQlKM4n4/Tj+uRu424Tjyxlly5z+TAWZu4QWxkS9iL7EshvYEiSZqt+VATMulxkCcSg5LDwkmhk6EBQ9jfTGyVaHAJgxYWGuwNxd54/3MHK+QLpVyhCGNj5Zebfz5y4YW5i99bsR7I9OKV6402GkagS/AYLHQylX5s+htp7MjnCYR9wSi53eTvg8/Of3rWO5zbrzPaIzGU3DmXK8C/f3l0BhzfRruWrNzw4HPz4TaBGgFZ8q9n5p27fP2fT81JprIgWtR7w46noeDS9HakQIYtLNBTtz/sD8ez+SKao8GNgEvzhuVKTAohOD6/ATvAVUhWjkNFYIvoUJlAdw3bOHJ1uJ4JkovyjeouedAtxUrlsGXomsd+zWvv9tNdLhsVDgwFXflyCeWna/V8wUJXMnaEHZIuhHEO4gQ++MIxG++FccgIKCGV1EAKEmMFGEW+UCwRjiWJxVMZlzdoYb2oYEutf1EXV3FZT+h5OD7saKZd9UHoszBuHyqZ0sbRK5pAU3zN2kyKKk7eBRaIxJMZlDyATMSRI+OYfrVimndw/RbYbLRpIlFE76DhtWVrpXxSUyYaJg/pSNKUiWaaafZ7tM4BZCWp8JZaHZFERpYX+MyFq/BzXigUTp29fKd3iOF48utO3LI9PnnEBUEynbHjahstmxEKxxghVC5XSqWyy69ICkdxjl0LkKN6+bPJgfDd46cvHTh6dt32fRe7usVVC5evPXXxZr5QzmQK/352gdsbPHH2ygPPzn98+sI/PjwdWPXHa7aDMoEjLPrw88emvf6Xx2Y88J/5oEz++tjMxSvW/+mRl56f+146Uxgw0X0G6rbOdltvA4rTY7APmhwmh4sYMP5m0hxJpKPJjCeUcPpjYGa8Za+Rgn0JSYKjoRkPMhugt4MRry04mt6OgkyQOOR8wFnJ37ohdxpM0Wonkp36Li2WyMx795Oz1/o4lxcMdOyr730GPTbzjQ/+9Mj0p2YsfPiFVx98/nVghyfOXd3507FEMvXUzDeBkkbjqX8/M/eB5xZAr5bK5UA0WSiWQOZNnb8EhdNgBun2+OctWg2bwaHK5fJHa7bBh3OXuqHbnYIPtMr/Pbsgmc4t+njd5TvDxVLF0dg2xOAxibfi7Lr9Rgpux7CFsfMe6OoRhTiHiSkTXNpFsnIcncxSdqJMoJH9Jod448hgIHkpZCDKBCh4qVLxSQ44Uh392nDlq+GLkm1b40pjdAp0Ua6CXkyAzEDZ4XgPIfZSE4FnbJAv2fginLkOedA1znBWUXy5B1QN2R0EhtHhstXlMfzVwbeJPwyPVcsbBIs8AZQ/TT3xRhVXCFWKRSFZy1sdvoYePGcCOlDpbcsYfquSLxSlfFJTJhomD+lI0pSJZppp9ruzCVVajCdSLX/j28LblEYpHI6COMnlC4zLa3OwLO8MBGsMw0yjCY1IXN6ybC6PfuMZt0oLgHdy3rB6LUijwwk0Ln5Py3IjooVf4gKljsaThULpiZcW/mHKtD889OKq9bth+T+fmlMoFIFv/d8z8+Cql36y9i+PzoAr+tfTc8uVyow3PvifB6c6PYEnpi8sFsvAm/84ZRo6rPw8DeitJ8AVbcCkWKMD2iAEY3bspdO0SjQgYX4hEMeX04BCsZzKFhLpHMoBwCC3GRPtAj0zaGV6jY5evb0XpYRCdTCAkRsdtYy3JLKl5dyOzOLJLCiTX052dXX3g5FYHRPFpzI5kCiXb/RncwXozOPnbhw8fn77j0cdTu/TM9+qoo59GUQF5/LNWbg8lUYxJJlcASTNP56cs+KrHZ+sRbHdoPfmvfMJKJC/PzELaPdfH5vx5Iw3QYGsXLujd9AYCEXhTr26ZPU3u/cPG2ygJ/VIy6FMvjo7Z2ZcnlA0V6g55yDtF+9IzaO37FH5sJfCLRHPKsqEpNtWR1tlAi0X0yVTLiSuwvEUfLZxLQ5exvnHUHB5Y5zJGJ4S6bG2D+Y+am2YM4Fh7wqhGSE4phHn45aulSGBb6JslBJlYmkMQqs2KhPJ8rFoMg0bo5RlWKXAWOU8AVnSXlAyFkYAMaP+lLkDUTiIvZUyIeMBKRP5mnFYGPRtBtuk0orpFp5+ednhs9elfFJTJhomD+lI0pSJZppp9vsykCWpnJynqgAoxSSqjgD4VvUxqphQAAVxMFwoHKHoWpAo/DXTbvgtN9HukdHRdCaL8t54UUolE4PetsoP1IRwPM16ws0bwrk4XGjPF4pH4ylL3fvrbgAHgD4hrcU0BVhIANQRENx0Jn/w+KU3lq+F81rs7PNz35v5xkcP/Acpk937T4BWgeXvrFj3wLMLvvhm75y3V46MjGz57uD7qzadOHd1z89HSW+oQEwWTAyoG2gD+UZ1oJonvLel946IKnaPUUmyDBvobEiZyFdgwM3CpTA8yOUGVwnEyYuKaZxoGHH6ejIxYi4/CkrxBCK+UAwUyPNzF7m9gVyhmMOhAtA/AVQJJA3KxEhx0Jl/mPLi1VuDO3/45dK1O7cGTcs+3QRn+ePD09/+8Kup85fMWvhRsq5MHnx2/vTXlidS2WQqC9v85bEZa7f+CFIEDjVgsD01690Hn3slly/u+unIrp+PQ7f/9fGZPUPmkxeu/Xj4HFFo8mvDAA0JDU4oV8MUQWpf2rgA54m4AzFPIB6MpmKpXCYzbox7PDJKRZncvTcXDPI+Y02WDNs4vZ2r4ukLtKQV4YahAqvC8eRIdbSrcfYD+ubHptKKMkDvbTR0pfPjowiWWJ1ozMDIN1B8cyIEKciMjUyZQJPg+YLGSxcqKRMRVZzCC749iM8VHNbC+UD/kwgoaIbdiWqnyHdrBI62crUseFIolijku6iWFMQXRNMySrdGCimf1JSJhslDOpI0ZaKZZprdPxbG1rxcXBtNI1Y9IZgYr5XzS6t2dAh7Y3i6FIheUI5INAZ/RY8vlz9Kfs51Ng5OSngt/Mu4WhCpZlRRpL4/15hxaAw5g2WJez1x8snl8iAhZNtMFPliycq4xn2cnH6DneN9EW8wls0VgU9//vXeQrFSKJaBJQN1jiczxWKJd/nvDFugGelsPpXOlsuwQQn+BUarXo5NipF6helaX1FOQbkOCcgYMy47LV8hASnWoVJuolAogzJROkhdmch1C1yXHcfJyBh/vSB9beHUV5YarY5gOAqWyeZAmWTzxWw298q7n5gdzmQqB8rkys2BHXt/OX/l9q0BpExAE/7pkenRaApZLJ1O5/sM9kymAPJv3rufQP9Dt8Px//b4rHnvfpbK5lav23LxWu+KNVv/8thMtyfwzodrVq7dCc3+bP3Ovz85+x9PzlEpVDKGSTN6+Z1tyDLXEmTLYCQJmssViINOBpViRTaeXU0qOVSUCe0OtH1OVZQJDBLeEyDjBJpkdDiJW5GKMkFlMUGZxJAykWUNhoZ8jwu6KwF62xeL++KJrabr0lYPUyiQrFAqkzk3yRo5iDKR+T7Bv6rKpE0HRRJoCoV8h6BOoHjs+oV8F0MxtRkwpKk4L3wLyZRSvlAcxWHrTl/YTLukq2RIZdFML4XjYeTrGiHlk5oy0TB5SEeSpkw000yz+8cmAfh9t/F+M+sDfpPOFkAnyH7yrTzyWwDZwLoDyQ7eHItQ95Xn3D6ac9odTKxeUn0MpdMVLDga3kwLQ1YW8wnn+D4dwBeK+cIJkeIQfkyhCuXjzBL0gKOpikjnsDrqhUQ4AWkd+foabHxQXAlcORBNcZ4ALQQtjEfm6YRzmKJiiG5/JJ7K5BvTBkiB/Goavbn6zbQ0HZYMoXjSwiKOJV8hQSyRhlM35/wVEYmnQWBQztYvifPFooFymmg57yyWEdc0NN0+G++1suPMuGfI/NPRCzv2Hga7fL33w8+/QUmsSuWF73/hDUTgw5TnF9BO76cbdl3p7j1w/NKHX6D8XXt+OvaXx2a8sGD5lj0HRPr4Pw9OfXz6G7t+Pr79x6O0y3Nz0PjvZ+Y+9/J7s95c+cU3e8vlEdoVWLj8S2DfOHQeEW40y6N4A2vI5tWqTEpB6maWOp5gVFEmnVQQEpWJ0Eh/UakTC0vy20Jv85JEWyrKZBRPnXmD0dGmGvCAtapxJrqwsMVwLVso9jt56fIbDqRwRhW0qxREHoOGkS6Ep9jMoKKc0oVENjBCsO2NI+6dsBUS8xzKO4wfGfS+A55H+dYSRBPI563YdB/XbttnZ5wfrNlZLFVyquMBzki+dihersxFlMuVbT8ck/JJTZlomDykI0lTJpppptl9YuFJKRMR8EsPlDCSyACz54Ug/K4DpwGunEjW3ijDBi7PONtWAWwRjCZkiblkAHlgo2ia5ZzuccpSGRmx4vmNeDKNKDvXaRFGKVLZPI3de8ZQ+Ap+adqUJhi4BSO0JoUqiCczoCKA3HAur3qaYwDvQSRPvhSjih1O0tl8JJF2+8NA+k008o+34WBrYjZcQAN6A+4CdGY4jrYEximVJWCBMIoPkZ+gDj0WPLC7fIUEQI7tkkmMZkADYAMeF81sRiqdI+ElsuVCIIovRK5O9Xan0vQLQPBHwtHWMxio3GS2ILaT5DyQbsC5/cTsrDuMp0FAdpBtgCm6AzF/JBmKJlWutCUSaaQ3VIrkEMBRXb6wuuOcDCrKxBtEyYXlSxvRa6AI/XV6x7UHDCq9vZYjAcYPKA3JHmrKpIrnIqA9MDKblckG/WXZEhlg9+2WG7KFB5j+MfJ2gCeFFGXrx0GUSaZxwhN5x/GeZmViYn1tlQmInEzjNBfsCJcPYw8ldYBOQPe0dZQ8kjF8iycCxsDaHQdefO3jJ2cveXL20leXrpFNqoiA5TZ8a3Q2VknzJ9OZ+Yu/lPJJTZlomDykI0lTJpppptn9Y/cKyGlhZMQfihoZr/jLCgzDSKul5RVRKpfVE/iOIbI4AsqEohmOH/eLgF0EL2Lnw3jCxGDnJXtMAJVKBegLjhBACXOJSpHBr1wnviWgQ/Qk77CdkyURagnp1I0KoJOAxxSKZac/ZmUFk6NWUJwYecWLU/G68ItweXYs2jUeNlPFkB6cJEpu9nCTgna2STRE47fvSn4pSaxMmoOqHS50FU5PA/OGs8CFWCRzJjLolF+u46KNcv3TEiBgUumGsBniZ0WhqGihk3snRSyJ55Ta3coqmnv0qVxaM1SUSSCaUmfeY62USRXHlpCJFAolZLPKxkMbZcJ5aLcPnvcfbHLfrU3GK7Ilzdhqui5b8rMDKRw0G+NEmd9UvhBAJFA4/l66kCgTc6OO7VCZsJ5wyw3gQUPF2vHDRbJ4NSsHM6rn45QtHMN6I5XJDujMZtp5ruvmG8vXKSkTaKQZ110ZsjBKfrCFYmnFum+lfFJTJhomD+lI0pSJZpppdv/YvUUinZMmvPIE47SrIycoE+MNN2XZagaIEgfD0qzcj5zEbzg98ojYCQEIqJX3W3k1PtQ53P6IBeebSrTKXNwSxWK52PhSvy2An0UTKWDPt3W2OwaK6AolA6autzuBAImVGX46fPahF995+uVle49eDEWTTiHoCUQZVNNQrQfsnFedT9vQNFFA6YaGYkmcDUl+BJBYdt4Xb4whRvSX9/ONckUKYIQgw+RL8Y4oWIhvLVqkqKIa8x4DJde0RgdiinClSkyxJapIYaLJH/mKJuQLJb1dMRqnJeDglEKt90Q631ZByZQJkSVkbID8GzA5mu+7ujIxIZ89H2iwPaabsrUnKZ1sSTN+MaEZEinITAscWQhE4NlpKRUIKliZyNIMwOZ59BBVkunsnUFzfWF7ZYLGAKd2y6ooqQOefsQdqKd4URSRDBPN04ywy3OvfMC6/e+s2HTi4s0BvS2snIQNNjYy6Kkx4qcAVJmBRr5kgi8kTr4t/nTzle4+KZ/UlImGyUM6kjRloplmmt0/dg+BuaCvWBr3yAK9kZPk3lFCLJlJKyd6ksLuYMAompFRKDgR8uOSLpo4bLhOs/p0QYfAIgfNG8j8Q9QB1+SWFK+QAS4ZdEgqW+C9wSELO2BhgNRa8GwJIZfqVp9RIRUAUTW6Uqmy8IP1pF4hXPXVm4OMy+sNRD3B2IXrfb0GO5x02OT4aM1OWW9bWJREVbpEBiD6Dncwq9CT3iAi7o4mZYLKddNuWcwMSQDVTPtEgCprOTEyiqILfB7lWH8RShqG1IGBpiY7G5wE0FW8JyjLlJWGXi5WwEZx7RRoG5gnGAXZ4+hAw0ihlOo6nS3Igi6kqOIzioVKzDg9LvxLxsaQhVHaV0WZjNVkoQDKZOvQVdkqqwuVO5QtlALas8HQFcqN63Zo5DrdJfRBUmB+fIdGiPH34pJQNPHdobPLVm99cvbSTzd936+zkAokcEdMDK6OonA0OG8oGlcJviJA6a0ZVzyV4QU/qunuRKoVPthw8q6WsgeWcW4/fAn0DpvPX+356egF+RZ1iHEmVna8OGwVH6H2uVqd+urH73+xQ8onNWWiYfKQjiRNmWimmWb3j91DAFfgPGHx57+KpzJkpLYl2HYv6UWAJrFRtIOpJQ4WYbCjktXSJRNFuVwGbQO0r8OWqCMcx0EvDIp3l69TBmzaHGcPRwDWUiyV3YHYHZ3t5rCVFDps1h4tzY7jT2CXAZPDgPMdiRKlUCw/NXtROJpIZVDO3B8On/cFIowQ8keS+45e0FnRxNS5qz2PzXhPxrqIhJAukUEIRPOFspI7E1EmtEvOsGGhyeEqN05QkHCCVKPTjhSgTOxNjmFjWBzaeL8saqIlqjhC2t4Urz9oreUtiCYnkMUBkVEBlElDk1C6LRaZhfGDOVxBzhcz00gJK3lnKUFJmYAOFNVFFYMkcAPCnckXA6Eo5wnCCBdHhZFGI4F8bp4vEqGuTFBOPNpdaaVMfnb0epJx6cghrapijTRSHbXF/UNh9zbL9VQpHy/mwJhgQIybz+QKcF4VbdOsTF5fvm7KtHemv7Fy0GiXBfmAggJlonQ0WE4LLfIHSP+v4vFpdDhBKsOWbn8YdybqQBvnAX0i2bYBH6/dDQ8CeRZaqheCXL5EfOpYofWcGOz7n7nLH53xnpRPaspEw+QhHUmaMtFMM83uH7uHgJ9V6a87UCWlt+ZSlMplX1hxokAGjndmsllQEbJ6zLzgwypIumwCcPrCJtoFDF69zHOHgE5ApdloIdqquIE6LCyK3yiWKkC5jA73bb190EyjPFdNkkPJEL+n3X1GR7+R0lN8KJrAbHD8FFVciCMaT+XzpcdnLj565vrGnftvD5pWbfwuEIrTQjCWyi5Zve12v4l1+jZ/e/jpOctCkcQ33x4sFEt9OlsylQUWxXBqQUG5fPHnYxdkflkiSAC9EGiIQoGDwUKmsWAfLIwlsnBnVfyprEAQm6ZfxrCLP4XiENqLCqxhfJ6AXMP0mWjSpZ4O5I2IKtI5gqWVg5mIKjZoNtUqga86RGUCeqBYLMIjlkjnw/EMqY9poL1mBtUNZD2RYDSRTKazOZQDAN10oCJ1rdVbd+ICBcVJMnE1A6QdhWKTWvTwGEoXgeZMUtn8Oj2a68jjIjOxVPoXdrBUqQTTqc8Gz540DO20dm8evLLdcP1b8619dN9+uv+yx7rFcA1u62b9NTKDRIzMmYxJCsw3nE8Ccn+lyhMExs0+/Zbvj7787mdPzl66/0QXjFSySl2ZMEKQb5UWPJUtwNXlcOZfkrJPljsYVF8gEjcxHp9yBBo8Ym9/vOn81dsDBpvK9yE0D98RfyLV+qkBGKzMjR6dlE9qykTD5CEdSZoy0Uwzze4fu4ewNjpqB6MpsfCICiLxVEE1JZcUDs5dADpWLJUkPmOAUBjxJxWurAIkJLAfl021slvnyOZQIT/ePeHpF9jcwvh7DPbbetuQhRXzbhESqW5ky2Erd3PYaqD4dDYP3G4EZbht3QaiT6a/9hEJ/oZbsHjVVpAxoEyS6dyMhZ+CIHlhwUfAq/4zb7lT8O346US+UPpy84/+cPzjL7e8sOBDs8MFh09lckMWRpweIeSvUCyfunQz2yqLAIB1o9Y2KRPE/GQMDxZ6ccIulQgK1D+t3uiDeoVu6SRuh3DcSD2hnIheY833iZdksmoLaLPezqsrEwI7jsYJxYh0xNQc+3opEWgCI+N1+cM2PmDl/RbORyb6LJwfFkZiSej5UrkCjB/fefnN19VzcIlJqGGwKfk4EagrExvnhmcnEo1/bbqywXAZdAWy4Ytf6S8WKxUhGV8xcCpWyKZKeRhizlC0hFKMj45gC6fT1512Ot4wZbS+rkxqSYGVc/WO1nMWNywcHc3kCrzgf2zGe9NeX+GtjzF1ZQIdCCJEvhQ/I9F4EtZy3nCugKolNnt8QRdDU1X6cPe+k0/NWfbErCVPzF5C8YqjggT8WHmfUrJpOMtTc5bCcaR8UlMmGiYP6UjSlIlmmml2/9ikAVwWfkSRbwP+F9SCjAcpuZ1IAfSC87R4W6mEVAp5pWezOVAn0uUjqJZ2IJFIyblYByApcYBgTWLfZsBBzMj7vP21SwHMhnGjepGEL7Y1O/bRMtEC7AIyxs77SliHyI+rALhQ4FiCN/j07EW/nL1usDvhbs5b9AWJ8YBLeOHVj4g/zHufbp72+kqd2XH2ym24xXPf+yKXLzw87R1/IHb0zLVwPAkUEPTMgsWr3b7wC/MXv7Twk6WrtkBLZr+5Eo658IO1x89eTSTT0r5l3EhExRINiQHyhVaF80ZHdTjlmolGRSqGrSztDkQSqSJm3xVYjWuot3zrn84idyAx1l8FkQRyvWsmnYNm2o5jctSrd8ugXmVSCjsul2HnA65APBhLhWKpaDKbyRbVy5s0640OAZJSqnJh/PQiWdLmWOrKhPOGQBq5/eEThkHZKocvGMk0vP53huR+a6dpvWyJqExIgLvKlFcVKxOXb/zb4/i5K4++tOiZue/3DJvLjfcdKRMOxb24Pf5YPInKldY7Eb7BopL6SC0ximOW7KqZspXgDUQcrCueTGeyeZW9+40o5sfocCt5fB0+fTUaT1+/Myzlk5oy0TB5SEeSpkw000yz+8Timda/gp3A7Y+MjIz4I4lcHv3iGugG7gI/4d5Qex8tTyA8oR/7cCQK2wser9cnc/tBb9wZ14SnKUKRWhX5ie6oBKeAyF8q3Wk+rngy06O3A3MSKaOS4boogQETrbNzvnDtRfukG10oAnkbARacyxdZAcRF+tON3xNhAEd9avYScuipCz788Mttt/r03T26YDj20Itvp7P5cDS+68ejX2zaBVTv+Pmb/5m71O5wvrNiE/DCvYcvgFZx+SKwZTaXf27eElCRT81ZYrQ4zLSb94TiqQyIQLhZ2cbqLt4QckaSEeVMrmCgXCTGHf6iai0oIETeM9B7FgYODg1Mwi5EoRG9UWnSG83gvaj6SjNHNzjg1O6NW3aSkJsOkczkgV/alN+Oi3DwSJko5Va+t4B7Ab0n7TTQtJ0MH3Vl4gO1w/vsvOe2m5ZRahhLuXLD6//BsDxrwjUPyrIghahMRkgYSVzx3Ul1vLJ7bYngD6/fcWDp6m0gTmD4rVi7W/DXtNCwjbPxKJs5rDpz+dbHX+2y1d9EqKfkEuEJRNAg6aDHpAABvWTVlpcWrly08psnZi1pHmME0BIDTgTXb3LI19WBSohOe+epOcukfFJTJhomD+lI0pSJZppp9l+3SKoKLHSCv7MN4IVa4lF3AKmFdOPbzdHR0bRy1LIIK98RLRDhD6BYeZZ3+vwNcaLFEvK18AVahLGqABECCvm3yArw3Q2MNKoQ1wmDgS2iyXRf3WVIxWy8D9RLj8FOofIabhKDKz/cpJBIgTAp53JFOGBBMut1o99EPjw3/4NNuw/zbt/UV96f8/anD7zwFpDR7d8fTqYy015fQbsDA0aKdQpLP9s6Z9HnT89ZtuyLHf+Zt9xKux6aCsqksHLdHpBAT89ZarEzjAeFl9hxBQ8KhZU3TKRwuDij7LqiyQzKP8Z6iYgC2eEJROGWGVDtRQGWowPWw7iJWVlUWcLkcJGaKp3MI9lRhcoWhbdBQd0aNG/YvONS94BslQpiiTSKC3K2jmOWwukNwZ1VSYh8DzFYT8MlDjbQcs2X3Ax1ZRKMJuyoiBBnjMp9peAbQIg0JEYbalYmXkq2RKZMVIJwiDJxImVSuwr4AEI0XyiGovGjZ7pgfNpoJ1kFyoT1BOHBAcUCAwk5OtZn58KR9i9QxrDTaUv5qg74XrrRb5z66sfhWOLZ+R/As9DyCFWcgwGut88o7xAR8JWy/Ydjz73yoZRPaspEw+QhHUmaMtFMM83+69bi53GCEJ21TKzPQLcgdp2grOq40gyaFxKJlI2iZXEmJtpj5/0TbYHOxtmdgVCs0/kNdUAPBEMRoBdAuuXrmgC87ZbOJpUfotmxp5aBct3W22iXP5XOE50Df0g2JyMO8JAfcVIgFU6Ap8lXNIHELZQrlSrmo4dOdqHP1eqCJWumLvjQRDsvXesBBXKpe/CT9d8eONE1Zdo7nOD/4chFoIPAzGLJdCqbc7i8ZlRRGznGkCvVWTmHy18qV2ysp7lGCsni1TLAnaCKYzNAtwQjCdoNnea04gkZvBc6RScS0cJ4dDZevhQ6h2I/2/g9KJMvv/m28w4XAqisO6eQYUmKWDJjZgTbRFzFJgHoAFKEFHoDCHov1rf2WnyLfONmqCsTUlPS6HA6U9HyaMMoglsz7GClS642zZCAMkF3EKfqAquMjq7V1XJzVbGzlieomPS5it0mpVVKQFoD+1+z5Yd9xy7JYpzgSQ9GU9l8EQTz5u8OU5wADyDnDnx38HQnkUhjuEI85WpfPVMGOMust1YtWLpm3ntfQNvQV0Q00ZyEGjYjkT9GhSRpILdWrgeRX/r621+kfFJTJhomD+lI0pSJZppp9l83KTC9Gy2Wx0QDHkY+qMBefyuMCOsEBcak4QsE/IEgRY9nDa6iDJ5IDySbIphVAHsJviDs1VxVY9Jw8B47joiQr8AvgAuSwBjYcphUbZOYkXb3GSijg0/nCqNIB0j2rwOa7Q/HbbwfVSPpIIJCHSTwQCVfUIeQ3gugbvA3EI5TvMfrD9poJwiYZau3Ne6BaSWqUu+2sB7CyawcSm0M/E964VyrWPm2qGI6zrhR4imxbSqA/pSGK4iA/unR2TZu2dlvpuXrlEG70OV04qMFbdN3FpEyacRTGbGWIoUm3Fykhgn0ajor58ctoa5M4CDwPWBmfblC6QJlvsHbwe646EGBhw9bTNfgb5fF3GUx/WLpv22kvrXe2jzYtXXoKth23bXdpu4fbHdwqi5bl8fGCn6xmk2VTIko5x6o4vqJDndAFI2fbfo+ncldvzMUTaTnvPOZdGMb544kUqlMDpZDU+Gi4BELROLZXJE4Wbm9QfXptSr2F40rJ86SIRxLzHxrVblcKZdH4FEFUUGOH46nK43ypoor20A3wvEDkdYRLwuWfAkK6svNe7UIeA33DNKRpCkTzTTT7L9u8cwY/tWsRNNjYJFUNZwcE61YqkRS6IMKrxO9UFTy0qigk7RdMhQKRY/Xh0RUfcIEWDD8YFtQjY6JBYoAwzA40F6dxCF0AsSTGOSPwbaKxsYRtH7OG87mcpWRkWE0V9PgwQUc2uhwocDcdi/n4VCwJYWK5d0Vo02l83AcG98Rd58oqvhFOPqLNVZzuckqDimmXf5YPEWcqQhdNlIuh2u8vh6KYXD6Iwq15NVh54WWPloywO2AU4RbxUBHk9mbw1ZQJoMWRr5OGSR6pMM6KhYWRc7IV9wjQM/f1lnNOO8chcsp1maTcFfLKloqQV2Z5ApFokzgWii/z4EtlE7FclmH32/3+dyxaLpUAMuXSqwnkCzmc8UifAYrlErFSgXl/65n65LerGp9SkRytgZU0UypW1o/8di568l0lnX5fKHYf+Ytl25s44RMrhCJJd9Z+TUZnEs+2zrtjZXbfzj2+MzF+ULx/S+2B8Mxla+yKs5q7VP2LpPBF4g8OPWt4+euwncp6O1tPx4H4QTLhaZSqqMoyTgKMrE5/dCfsrUEL772MWh+uKiV6/dI+aSmTDRMHtKRpCkTzTTT7D60cNMSsEy29S+lCPiZ51u9b1YHyIlUKtOONI4DeTtQDprlBY+P5Z0WijPSaIICG2JdwXB7IiiijBOSgrXNydM5vP4QheY9FD1zMFFHCWGJQ7locAn9Rqpl0lIlQL/ZcDSz3s4PW1kwpM34ceOEgCcQVTKd9f9j7z2fpDj2rsE/Yb9v7EZsxMbu1/2wse91zzXPfZ97EZIQ8sJbYYQQCI/wICEQAiFAAgRCBiGshBdWgLDDwJj2rrrae+/t0LMnM2d6aqq7q6tnkNAj1YlfQE9VVlVWVvbMOZU/w7NID/TEL8/J/rEDNAsd8AYHFaOgCrMvXERtdoZiSVBPNMsNzsMmEzgWysQbiieSORbuX3e6xVPZRjQ9kytAmXz86X6MsHhfY5ioMhEVvqgLPEeXP2KwtZbGTSaguO6r+lZLcIMPaGh1Kp251aEjE9UsDvlgYFOUfcjm8jiJw0smdm1ZTIYSzaBlHBzuXyyWPtx9iH2ukMrlq/C4Zy7ZLFGcpBYVUrjdIzqzCKJcwDfbusHdYWPeWB1LDHLR5D3BXKEUT6R/ukdyiOH3yXOTlxitjp/uPoR4mPr2e9AnXXoumc74Q5HqCZOpgdi5Cs1PrbXUH7dafPbNqTeWb9m446uP9x/FIMxYvOnKT/d6qf+kqGWxVGbrWpgJjYT09n3H3l7z8bg5a3inT8gnFWWiYOgQziRFmSimmGK/NssV6/9FbAr8Fc/mZLmFDA3gEBYrD+N4WzQWN1k4VsTQxLssdo8/EMwXCj09PRquPnOqBXsXq4M8kCQ9LeER9fQAaxHlKq2Lzv5qd8zq+hHJAeckh+usbi3n0pEgjQGjiW69LJwDH2oNrD2WGEZetmGDVauodSiqMK3rDlYTSUF5JpINU8dKAINAV4Qo2+55lMoWau8Xe+1uEoYu3kGBuX1PZSJPthXfOT1VfcmUeJmoLmLJNM5fbH39UBrJdK6agRqDUK33gju63amXUCbQtK/MXFmhoeT7vz1jdXpB6AvFcm1K5SryhbKw6ki+UExnssve3YXPLk/Aane9NH05znavQwu1gH8fdBseqkjACQb/5MWbB7+/hNv3h+PeUAz6gXcPmMrs0HJO4RaRseRpwtgPpv+jidT4OWs9/lB1DQQntzjxXRtINmB3+788en7cnNXhaGLsG2sCdDEkEk+5/aGZizclUulEMg01VW3fS1fwWA144cZGeGn6O8fOXcfQffv95bVb94+ZvTpL3SbRDVFLaON2WtOzy+hoIEzI9wK3mafPQsgnFWWiYOgQziRFmSimmGK/Nms1srMKyJIhH9sUIBkmi9VitRmM5kKhYDBZ9PhQHFRLjrU02PwSnhhCRKJxQujlqQiZYOf0BKONXnlWQRZ/+ovcwUB5ZRKdWviCJEpEZ3VgQCLJlNDI2ogvrDKB2LlECyYuX5hzQM6Vmnb1ZwVYmqlxHb0KcQDLden7fN50nLvQoKUESBi6wLOu7t1WiFMZEXLiHRR4WN0GkrrNYPfJf9/PkjvLVCapbJ6s2DQorjc04KYeaPoSvmEQ7nTpq4sATZXJvkOnn524CN8sfL1OXr7NOUnhv26DFd8XfNvuPdR4g9Hvf7jhDUZOXrhx4y5JWQaFv2zjp6s2kxTSGrNt+sL3V27aPWvJZny/Xpm54tVZK0eOX1AslcbOWdOlNY+esuTVmStfmLYMnfQHw2PfWD1m9qpQJO70hdj6p9ioNJUwoTLBh2kL3pv41nrIgJHjFsyAwOhPGNiXQ0wQX07C7nt6nN7g6Us3v/nuIn6EVp8y/91wLIlOqoz8xWt3j575sdoesEIwWz0yy8K+NntVW6cuGounMnkM6Vsrt7EDnX6xP5jTH+qmScMlEnMxJNJZVyAs5JOKMlEwdAhnkqJMFFNMsV+bhRK9ZeroLf7l1Qy8p7WCJHJAyqT4gyYLZ7HyOoPJyDvxLz77Aw3zqxLfD+rsLt4xGBA0YDNqi0u8Yxio0AUTTWM/LiEMZq4qSwgXaSW0WoREJkOXROrfC0bC7AzUcm701uFtrqB+VuDqEEggzU3nGyhyKJaiNUygwZypdL7JAf2AdMUh0cEuPbVIJDPg6NoG8wH9tLpJcgWcKi573Yat9tR1D6tFiUzI5v2UD7s3cLe7L+eblnNA+Qif9YAysThd/rDQUhni8/b81KX3OvV32rsh/i/feghlAn4fjiZvP9DsP3x2/bYDGr3l6u2Of702Dzx+FIkdJxVC3P4wWPipiz+NGDv/4vW7iVR25pLNG7Z/EYmncM7XZq2CeH5lxooOtfG5yUsgdZa99wlueeOOL/d8fXL/t6chh4KhKIs1gkTxhaIyrdPAQ5lU13PuPFAHQtEieXNRmrZwo/BVRTWHWHVLL32+mF3sA/4dN2cNburyzfYDh88UCkUIqvFvrj1x4WYvlTFQU7lCCdpG5hsQBo3Z7vAGccjDbj0mczZfSNbkUr/dqWNz5h5dSpJAt5Gsgwn5pKJMFAwdwpmkKBPFFFPs12nRVE9Lf3cBk6NhiOoQAIKQTmcsVhuECMfb9EaTVm80c1YIE1FpxVpE4ulMjXeQEBA8ZjvxtHF5H1ufQWkiCSgEv9nRpHsMdwSZgo0OP+8Wu3bIR1NlYnMHav2Ufg3KBBRNZyXVSGR2w0WL3BlIoLxLJuPPF4o4pJYFiuAJRiF7GgVRoHf+SIIpE5BsWX3tVyYyFxIrNK7aFxa/Rx8aSGyJxkLct+gE6zKIw2OqysSAmWMbZKl0Dpph9JSlvmB0/UcHyj2PfrzTCWXCO7y3H6hPX7z54d7DGz464PVH7O7Av8fMz+aLL05bjhPikFUf7Fu28dPPDp6EMtFbnbFkBsrk7TUfY9AyucJrs1dDmTwzcRGUyajJi6F5lr33KXZBmeCEG3d8deO+ukIy7IVMdrkrnwzQCRjtZP+3HnMDmqRC8y5cvdMhbImZUKtMMA8D4YFwoJ0Hju85eHLGks2+YCQaT85duc0firLlHTzNA0d/wPjYPA1fjtQF5JbR7mVLlBVahbPWLfDmQ+2tdjWmd7eBF+0SoVNPEvoJ+aSiTBQMHcKZpCgTxRRT7NdsNDeXXBcjXX9Vk+EATMJmd0KCWKw8lAjUCIx9DobCj6jblviYGljdIQk6iDPQoHm/ziSma8NBIBjRWt0aztO8f7QPQleubnN9USEToIaUfQ44qAhRIb71pBiIePuvQJlkcsVuWipRvKMx8GRVRpueJ2kPtJbmJQKjCRK/UWoWv2GknlfeYENhALLLHhYoabNrElRIui3SyWYp1gbAVoTEW1tHNl9gTkFMSlntdeakxJoJaPdP97qenbQYXBwCAwT6elv3jbsdkB9QES5fCMrkq2M/hCJxbyA8Ysz8crkHLfFcRk1a3KnjcnQ14LnJSz7adzQYjo6Zvapdbdx36DQ24pwQihAzdk/g+alL8XXesufbWDLt9PjHzVm79sN9P91Xkwx79Hsk7rEkDLxLqEww5kve3TVm9mqYSjvIM6qaQ0y4EX0QumYViuVMNj9/9Uecwwu5BZUDYYUOh2NJnBASi9ROkf1YGaCUuo02I83SYSTrfm6nP9xDM2tX29zr0n928HuNxRkXBNzXBclvYfcK+aSiTBQMHcKZpCgTxRRT7NdvkRR5odsUTTliI+DAck+PzxcwmCwQIVqDyczxTJCYLFw2mxW+PW16FTSQTrQFXgtyoDLZmp5KPirEj4twDjkl5NHY7vSw9sy0g9/gtooemt6qkTLpHWDn4vp3T1yZBKNxQsdrPM2agkg7yuONtPJDoxAdsl7kIeUOxTtqwNY3so3DPFikPkwjIwFxL+0hyzFQ11GNzPkyqW4RjCVUJjst50I6IPEQ5QB0Gc+aJa0m84pzNUpuKxFnEk+mpy98L0HDY05dvnP3ocYfit5qV23//NgrM1bMXLJp+cbdx89di8VTsURq7oqtONXMJZvxJYVo2Xng+IbtB3BrkII/tXWp9ZYuPcmzbODdnTpLNpfvIfV8SEEP3HuFrl6ywcQWlrYbX0wTyQbR2ooElAm4fqh/xQnn3PfNqekLN770+jtnfySJsKpgXnOGwQuMUAJpQUHGqm5JZ3NQZbjHF6cvh3yCNtv48Rf5Qkki85400DGPP4x7ZFPX5CD/Gmwe+kvJh2cBZYJ/q+FAjQABqbcNJzeXp3v77u9l2QHixKbgtw3hTFKUiWKKKfbfwmJyq4q1DBAah9Nt4SBCrHqj2eny6ExWCBL8iO2iV90kUNXfQlLgWjC+qOU8wfCwziNCIpEEndLxzeNbeqmrutZC6pAwAzXJDa/EYVNlkqAeLCLvkV+DMnFT76xqwqiW0EOTC5Nht7p1nLOBAOgF7auNsRGh0r++IbHUVqRZcWGdel7OoD2iy2L6wVOiQq+VzuVt7qC+L38a0VfVySDxEOXA6Q209ScIVplJLcVGXZVQJulM7vgPP7FY/FQ6G4kmCsVSIpXBLOrUmMPRuD8UyRVKbNFAeH5Wr6P649BAsu1JSsS64Jw+fPt8AhmGjmXzhe37jvx7zHxBw76qNUb7ILFa7nkEBcvuBAfaBboIt7li0561Wz/HL59RkxerDNZQLFnrHdcScIlwLAktyuoRMcNUwY97D37fbbI39WRzBYanTDqPH9287ejm3TcS8Vgj+2YbbbPtqPhgafja2FGbt5842fHYnGUl8OX2o1vPNfF+UyAN4UxSlIliiin238XCyfoUB3+5w6kK9lYtkuotleq/wxYhGo1ZrLzBzEeiMcgStkgSjkSYj7ioMSmY0EpmpFpQAkoKZZRK5drzDxmU/pISgcmULAGHS3uC0SofxYdGr/xlAizTSFznxRSzCrBMIynxPqgYCO4fFPmxjUIzVChZF5mJZFXyeYJDL6UC0qztL37i8IXFewulrma11Ss0eIApHBJcNbiHVeAZsXUVEHqWC04E0Wkf0YeCc4IfW91+jdkB6sn6yR468VmyOFUmWyASJynmyj0G3i3xEKWB60PuVidVu9ZKFiXEnRqAhDJhMNX4lbn8YYuzYYXBPPV2k6460hRkJjt8rFyjeJ8keHdQqEwekaCXJTMWb3K4/dnB076XViOBiS4QjSVMdg8uDatbdHX3V98HIzH0ELcZTcj6pjdFhU4/6CJMY4ilrbsPfbj70PKNn4qUST5fOHP59sYdX2mNfYU+MRvT2byQT7auTHaejgiucnJvnw4xVx3JHkU6T54bgjLZ82Pf1Ok8fuJC/dn1GLD5uF686TeAjGX7uaHnQhkyhDNJUSaKKabYfyOD6sBfTHAGyjJ7Q0lxg1qr+ya7l1IHu8MFKRKJRPuqlFib5LoRuYYPAVUvF5pm1IcfeYerQBMPt8qEhDDyLQQ6M5DEx4I35SlJSVMh0kJKj1WVSaN7YPmpmPN6hYYFC+83myu21PmhQWMZKJ4oNNy+xRX0hePReCaRzBVKpGIGuBoRCVUBID7ZIJDZ+OiRlr5r11jskGHVWecNxViiJ2F7rcWJzrCgDmE3mGCQMDltattXD8EDUpts3kBUFF1QhYn4X8lyFRMBh1RrKcLaVEbpr1KvDGUCHSXawrkCGqs3Ek+KtjPQrMd+rbXJ8pQ09FYnGzfxjmbgPUGjzcM5B/pcoMEh2/cdeXXWStFoGGzk0bc+zORXHys32dTbaghIZHLnrtzcuufbQ99fEu16dtKiXL4A3cXq2Z++eGPy/A3zV28X8smWlckRlXBDBArkxMnLe3Yc3TqY8Q9HmfTabu65/jMtm8R+m8qESkTxpp8fwpmkKBPFFFPsv5dBnMTTlWSuN5qq1O6ttUSm/t//YrFkNHNOl8dotpg5ok/ELWowzAj7XKEI7gIepjLaIXIYh9PbSO08o83rC5CUx/X7KgkcpOHcrRKyR4OLmUjXWARB90quKjBlArbd6BZYA5aRFhTn+p0Olz/S08/97Z6QxRGUmepqaKhQdynQ7nrmCoSTDl/E7AwZ7QG12aPn/SZ7wOoMW11hhzfqj6YSkpnWGNK5vNpM6sRDeNjcATYONg9JSoZ/q82KxTI0SXXkTbTQB1vyqjU972Z7q2YiSyt9xStF2+sadnUb7ZzTH42n8sWSNKNFs1aVCWuczRer9Sh1VlcgIhVnxfDYlQnLeaUZXsQUDjeS7Gf1LyEBTyBsGKxMMLXp9O71BcOiITUOVZngfCY7cRtr6RnJBCY5vsL7vj1966FWtGvC3HW4k0QqM2neBlz6lZkrU5l8vlAS8slhKZPA9dNQIIFe35X9Yvet4SiTyM1zJ2n6Y5z2yM6j1zs0LP/Z1m3k871LFzbvb/PQb8TmbRf2HG+716E5se/oPa7t5E2yF83YcheOxZb2Ds2Xnxy94unpLWUS8e7Nh7sTcfJr8ci2o+yKnh9P7zrahmbXT55m+gpbNm8/ses42Vi9EZy2vcPSfvPOzeZ/dJ4MIE5+4ZUT4UxSlIliiin227ZQA45hczg53mb3hvTGhq7wQuAPM6vNPDRwDo+G84BSsLenFbJuUIE6Mjt8WhOp4keNvNvWm21qky2eSDZ968zgpO9QW6X1lcG5udRGKTdpZyAunQjoEa2jYup/N0/rvrs05A29HQokkckUSyVczhMioTUQJLFE8vLNhwvWfTx21rLzN+730v6A2YPrHD9zlbq6iS8xTKD/BpvP5SMcUQxxW4IKrdfOAA5dlrekg8b+cJwNLJh6Jlc08mTBxBfq03UG3kN1hQcageqyel5ZDYCmd7uNONtDLWd1+cW7awAeSbvRgneT3UuK0FfqD0kdfLj70PSF732451tcy+wM4HIdOktBnrvjY1cmrE6IymgT75CNCs2brLc2z7dWC28oJlQmeLCjpywdNWnx+Wv3XphKsv0KG+uIW52/9Yv0ugMRHYkGsYt31ADDq+PF7nDSYMFgsDYVSSaGM/iCEYxGIJLY9cV3L73+zsJ1O0iis24DyYRGp66QTw5LmfTqrm7ecaHQm/fo2jZv+16wYyjKpC/OBILhpIZtgzIZmGXGG0dUfd5yRAh93dk76Cq+zYe62adC+4UrZAwtwuWRzdvO0f/11Y1VZbJ52+lqsyPbyQmJMunfiM/kSlSZeAp13PV+TehJtF++6ZH1TX4sEM4kRZkopphivyUDfwavzeUKkRRZXYE1Kq8OQWIwmTPZrNEs691QOEw8vMVb5SEYJeHp+JOfyTQsaoE/9NF4EuoF1LCf5ZNDuvRWk9WRLxTL/UmEhCjRfE3drbMxnKrb1PeSG3av2yBuIYCOa0JxmDIBCXb4o5BV0CQ6ziWMamDGfgRlD0WT67YdiCXSjyjh9gcjMNB0py88Yuz8UrmcyuZMdj9u2cC7pUWRTLCUuzJJ8zCBO0qmsmxhBHII/7JkslY30ZAYgWK9KAI56KPyJofGYhfvq0EwSuufNAu+F8LhIT2snWaNkEpn/jRy/B+fGpvK5HB3eFjiFo2BUQpHYrl8UZiTSohWlQnTBhbBqkWrYMFXTb/mkKnU349qy34d6AvHqC7qU/jYs3HHl5lsfs47H3517LwokQYLTJI/zlWwSJ54Usr3kgF9a9X71OELse/pQx0n/BVk9wShRvYeOo2bSqWzbyzfcvby7VlLN39++KyQTw5PmTyy9EfDmzbvbxPsGIoy2X78QXuHxtr/PqCXKpDq58Ttc1RvEJBwlx03egeJCt+ADlFdJS3jnQPuYaTlCfp/XWVytdoMV0z0KZO+jVVlEum6gZu6x0stQz9ZJLqubt15Qbz154RwJinKRDHFFPvNmGh5hL6SbkgyIEgsHA92wfE2ORQhmUo3pSyNoOeIk4/KZBfvqIHDGwbt8AbCGhOv6ff4MlCPL7OVRCrn8/lqZ9Ftr5+QiWhsoEabTOAkQmVyp2tYyqRClUn1dTsRh/liPJXxhiIWIpzs3aQACMkThWtZnIFEKjtj0cZ4EsytmCNl8pY9PX6Bw+W9+0AzYsx8fyiGBxdPZvFh0rwNwjoPQwaoMy5dW1ru54M3GGP3ayJVLAMVkpON1Y9vgb6L0KYiayaYDJ3NCuH19isTk70FZeIJRHBINUhGGrgjl9d/7OyP/3p55pWf7iXS2ZaChXA4BJvWbHf565cJ4lzivL3SygTEWhTp0SpMfHPBgJ3OQEyHJ2v3ce6QzRvBtzKRSPrDcaEywUlem7Xqwz2HJ761/tWZK0Ujo7GQXwjSF6oLo81rdPhyeXFIfS16iLtmk6+tCFVlwoz4iHIum9ufyuQTqcxbK7eaePfH+4/t+/Ycbmf1B3sWrP1YyCdbViZkTeO6oItJfs++c0cu9q1X9PbRerFzV3MI40z6IVQmDdZMGiuT4a6ZiJUJQ9nVtvWMrLdivzAgS65wTcrZPHYIZ5KiTBRTTLHfgJVJWHxrf+ZJCLjJwtsdLCUX/ikWixLnAHcKR4bykktrJZ4b3mBEuoeBUFTDecLxgbehFZqOKZ3J2tzBLr2VLDj0rzxAA7ClCRLyK8O1oy46tJYqC8Fn8e5+lMo9qUwTJiRSJnWh5dw6qxOECSfEvy+9/k4+X8hmi8lk9uzFn85eufXx5yc2fvzVC1OXONz+UZMWga2+MG3Z4jVbSuXH4NyF8Te1mCRgOKgQ9unFnEml8ypac5C9JgenlBiiptDQIHtYm9os3lcDJjMsg7PTSgP0moxSYwWOzvsjcXcgAqX3P1+c/sy4OT1kAaH8H89OcvvDOhkrOVV0qPX/+cK0iXPXHjt7bc7Sd8fOWl7dhROqjTzv6gtDR39Yl6SViZF3ifL2tgQqHd2dernZeCv96CHOfj2hWEKkTDR6izcQDkVioPWiVyRUmfhyhdZW8HBOEw3jEe+oB8w9i7O1OP6qMrndqWfOWtVd+HHLp197/SHci3C7kE8ORZls3jdoeUSEE9uHmDW4iTJ5ZGFqpJc6Vu2/SXxMJZVJz+btTI3QY798QD85Nh/tcxWrKpP9VI0wsKUVCWUy6EK/IvT8wqslDMKZpCgTxRRT7DdgQwDhWIGgycK53B4Trfhuslh9/kC5AQ9Ge7NzII5ZJsDb9DYSdyHixLhEz+BEvaBcoVgqX+9tKC4N1QSiaeA9WouTOamzQFgTiWEYIhW7rx5IpvRAU5/p4tKBaFJUIbEWFRnKREfiuftIFZo9P2UJ5XW9d9o6Vry/Z/n7u4+dvrLk3U9mLf0gly+9OH15oVgaOe7tVR/sNfMuibUvmXBS1vVYHMPkAEyOc5JX/rjBTC5voE9KZXJIjI8cMB8b2H0aCSANh5fcssXRgjJhyyx1lQm9kYLV5fOFYtl88fLNB3OWb4IgMVp4cNgNW/f888WZ2/cdER9WD2wIdn957J8vTNcarcfPXTt+9upfR02uNoB+w0xY9cEe9uMHuw/tOHACQwdlAp0foXkUakFqHXKuWIO9TcEKILZaYLGK/iiXgbUspliKpbLZ7s1kc8L1OlpA3ZdtcTGQKRPpDNRVYKrXprWQTg4uVCaiXbh03egvIZ9sTZlkVFer0SBNbDvznpKNpsoEAxHQbN0+KG2xpDLB7Ajs2kE6s+vwnf5mvVcOf89UU1WZ4KEfOXACG7d+co4tOtRVJn1t9j0BAdAcmaEv6Q4HwpmkKBPFFFPsv7uFk3WIlEywlRPoEwvHxxMJm90JfUJ+tNoCQZIsS9i41vFdGhWaD8pg89WGN4A3BEIx8JW+HwnrCoqK4kkA1I35ceH8Mg+pxb1uQ1WZiFJ7VWgKKXcgauT9GrNXzhUYaZbojEiZzFv9Efu8Zcfew6eurnz/0w6V4bVZKzdu3w8dMmLsvKXrP1Ib+Xyh9NLry1lW5cbnbg6T3TucsWoJ2XxBZx1UrQL919LAm/LgeINW4Q1F2fNiMcrSsLpIWjCXX0xPJRBPkqB5YTENDFgomtBbnSz1ls0TxBP5/sJPfxo5Hh8gA/Bh2oJ3MbDJdLZC0wbkCiR0JBRLuP1h3hMy2z0mmwffApwEpuFIrXR/OL734Ml/jJ6qN9tOnLv25rL3R7w6G4LH4vC4A+FILDl94cbnJkO79gbCsWcnLoZSJWfOl3L5IqP4LMBjoOu9vWqznXMOVPO0On1oTEJB5MlRlz9MVNlQV9VEygR9Gz1l6b/HzB8x9u1pCzfOWLLpky+OVxtbnAGj3d9o8acRKvKUSd/4PKqEYkmMrTfQV2OHLVRKfAUklEkjCPlka8pEgQIhhDNJUSaKKabYb8AiqTp/bnseVfBHOpYm7EoaxVIpGAxDjXA8sXw+n06nmZeXFWLF5U4mU/iL3lJEKcgZCxRJN456D4Si2RwRJyZHAASqtrScBApFEtINvijeIRsGM1dVJqCwGC5/JKm3Qu34LM4gWCD16BAf1QhNlQkYVd364rhGLJ6IJ9OgxfNWbNl9kGQBunLj/tMTFoImZrOF5yYtzubyL05bNvmtNXe65HImERpd/eeA3urL5sSvw3EvbFnJ3HqtjCpiiTQb5w4ZZeCNJBOxKxJvYQ0hlcmbaDQOHkouV6TuguRyJB+UyQ6BncrkwrEk7mXOso3zVn4IcWJ3+V6autAfikFaV6dTU7O4AtAhVofnb6Mm//npCcvf3R6OJr0hEqphdvo9/sirM1cuXLcjmc5Nemv9xp1fvzZrlcvjh1x5850tkK/oIaYHNs5etmXR+p2vL3p/655v07lCt8Gq50gOJvT/32Pm7f765Jbdh16esYLdHUZszvItg25YAIyVnEiwRqhRJr13OnSZXD5XKNWW67F7g2gMfSbc2BQylcnUt9/rJWK4nMnmb9ztUOvM352/ZjBZ0aWXphNlsvPzo+PmrNmy+1uSqiGT84WiMN7t7zby7OkoykTBLw3hTFKUiWKKKfbbsHR/MfEKZYGZPAmID9Fd+JDKPsoUyPZGdA5/sAPBEFMmMIfTnUylPD6/yWKlUSicx9uEeQuBViAQRlLiQyoDKXqj4325QpG4YSdUAACAAElEQVRlE7Z5W2Aq6TTLCTt0ZWKxDUTAo6tGWwCCJBBJgn02HKbGYBSWOaf3kJLS5UKhnMrmQS6jySxMy7mltQGOLBZLhULp4o37wWhi4rz1ECQ2h3vi3DXYfuXWw827DoKMVmg6L/HBzYCrq0z1s9M+XmRzBV84Wfehs1KM6MmQndMwmGycu032upcQwmAjBd1ZWjCZyBUKODkkosXp09IJbKS51PyReCaTy+Xyz02cBztx9qqRc/xp5HjQcdDu+1163LW5Rn6ww+nUIvmycR4Y+V7QifeIlvvo1hrPX72TymTL5R5fKOYJRJy+kNsfGj1l6dWb9x3e4Muvv7Pqg8/GvLE6lkhpTba2Tt2/x8zPF4pQJicv/PT81KXPTFy0+oPPRk9Zgp5AhHx++EwmR4qXjhgzX8c5SqVyVZuxdYzqZ5vLFxBEjhlsvuHUj6/15qoQ4Hvhr00+5qDKxO5pzXOsrjLxkqR2g2bCyg/2QpNs3XNo866v7z5QLX/vk4lvrSd5fnse4fZz+SLE3pHTV5+bvARzQ28lwTk6Uh7HA2MPTlEmCn5pCGeSokwUU0yx36FJBE5USMpXaJKAwWSmbl18IpFMZ3Iut5f5fUG3uD1N3K54O+WgVo90s17qYqEyu12+UC5fEEWeSMPPHHtaydMqQiKZEpLIcHxY6Vh0VkJrcDsghfFULpXJp3PFfLGUJxXuH8HAqFp6Jw2+tWPfkY/2HALNHDVp0Z6vT7w6c8WrM1f6g5GpCzY+VMuqQlOFweZ1tkgEhwB0SctJLaypjHaSvcA8xICTQqnMxlljaR57gwHvNtqkQwsYqCYsh+NpXX+1RCMpGO90+iJ4cNU2/3plZjCSmL962x9HjL3zQH27veufL77O9uJhQQ4k01kQdBg+YD7j0hJXn/b2+j8+NW7MzKU//HiHvjIYGBCz1cHkx0uvv9OuMk5b8B7I9KlLt744cnbfodP/em0ezr5y8160BNXe8cUJfJ3RgHd6t+45DH3CuQLowL9fmzdz8abVW/blCqVNnxwaOW7B64s3MQ8xqpyL67Z9Xg3ryuTIYhH0VbUPraJWmTCYbANOjFVAgKGxxdFC2rRemmwwkkhrOScGa8m7n7ARW7D2Y3Qbum7x+p0zFm9q69SevnTrZpvqjeVbwrGkxe45deFGLJlZsG5HOpOFPlHpLVPefm/h+p2vzlpp4F2c00v+dQV4d1BjIakaFGWi4AlAOJMUZaKYYor9Pi2S6s1KVruiDKYnGAzrjZAoVggSM2fN5XKZTBYShUXMW53eeDwhYpkOP8mJpLOQ97XC7Y0AVqG3+TWcpyWu6vCQwnacIL7ZF4horV6Ynvc5feFwOCoifCIw/6KqOJFTvk0CrHwHUyb5ekmH2Cv8hr1pDLDe0ZMXHzl1BYwqmco8P2WpNxAJhEnKI5muSiy4mVWgHz70Vn9ja1INo0Jc1xiFtYv3yYOaJpyltRqbzC4d58ZVGk0A4smTylrBR6nLFqtcwWpEhqOpwZmZenP5In5+c/kHe7851d6ti8STfxo5Xme2S9+sBIrF4pylG4PhuNsXWrTu478/N6VTz1X3+sKxb76/hCtOnk8iWKBP3t/19dXbD19f9P7zU5dBmTi8wS+O/YCWUBpnL93EB6PV9fLrK0jqMzqxwb+3f/ZtOpOPJFL4Ec1wC6lMbsHaHacvXl+37cD0hRufHr8QXP+h2giRc+12BxpUOzAENFYmHn1NNi0auuMyyViiqT4GaLxnJy7K5Uuc3YOnM3Lc2+PfXGvhXTaHe9+hM7u+OAEdEo4mnpmwyO0P/3vMPNzymSu3oer3HzqNqQIZlkimn5u82B+Kzlv1Eb47erNN9AtKiTNR8MQgnEmKMlFMMcV+z1Z9JdxLpUitmxCYQT5fCIWjkCVUnPA2uzOZTPn8JK8XM7fHW+hPs0PemlPumMzkGpHCWkCcqLnWXqDyNE+RL0gyXjJUaF15CCd/JAllQhIKW702V8AXToDQ18ok0lX6Ap7ZQ90ANRwCqsoEMiCfr6tMPFrOLXtIBuH8j3cXbdj17amr+UJx9JSl4FsgW5t2HBg7e1UoPDACjZArFMEaU634NTUCCKLLF01l841MfEANyLDTDML5mrwIcsByEENCpJu94Ccx91ZX7STEJAnHU5zDp7W4WIkVI3U7xNNhFeuFZQFx8P1u/c7Pj9o9ZEnhhSkLs2Rx79H/fGmGWl8/n5scQBJs+GgflEOhWMZpb7Z1FUoDo4E+s8AM1hOT1Wn3BKActu07euL8jQ3bv+Rd/tNX7mLXi9OW324nBfsiseRT4xZU15Gu3+1ES3Y4TgUdggsFI4mdB46Pm7MmnspcvfXwmQkL8aV4cfryd7cfeHXmynQ2T9JZ1wyXTDRWJm5jTfxYKJYw8C5DsyKYkViiS9OX6oCmhZiPQXD6SGYOCI85y7fgviByZi7ZnM7kdn5+bPayD6BJsrn8qEmL1364/9VZKzHnd3x+DOOw4aMDkPL47uAWx81Zi0MmvrVeVBfFyPetmCnKRMEvDeFMUpSJYoop9ju3aKoi/FEUqypCMpVye3zU0ctqsdoikWg6k7E7nFAskCikOoqVcLtguOXKJ5ls3huKi7c2ho5zqo18tj+7lwTAYzK5vDsQ4VxBEe26K0jP1a5pWNJEDlipDUisRsrE6iQhFrVEWT4gSA6fvHK/2wA+O3PxpvmrPwIfHT15cdNTxhJpEeEeMtyB+JAXCqrAHDMNNa/aQ31fmHIo1iSzE1QHdGmFXgNXdPjCNMzDxcrSExptsoMfx5IDJUQtDhosJLjBaCwxce6ahWs/+tPI8RCBqzbt/Ncrs/4+eqrb10LKr1ocOHz6DyPG/u25qas3f5pKy3Uj9EfivnCsXO8bGo7Gvzp2vvrjQ7VpxaY9r81eBS6eSGXIWkEg/OHeww6XD5weU/TQ95demLbs3kPNhLnrPvvm9IbtX1idPs4V0NO0ATqr02hzu/3hbIEsFsl5So2UicVBtJ9oYyKd1XAefT1XzAVrdyzZsIt9xoMo0A7oOcdrs1Y9M3FRIpWNxlM4fNrCjZjVdpd/0lvrcUcW3vn54bP49kGTBKOJkeMXQGJBlthdXkiXCg1/GnydOtBxDkWZKHgyEM4kRZkopphiigmtUJRy8eqlRD+by1ttdogTo5mDRaKxQDCkN1tNnNVicxnqvahuChyiaWXZREuiCEgNe/GOBqjQotrQJ8K+gYJUlUn38KptCJVJbWaqXrrII13wRA6KpdKjRxUQyjWb95y5eHPZho8XrtneNOIimc76QvFhXppBy8nKoSwNpkxAWOXwRREe6qzseXmDTerYYLTt7mCuUPKFYt1Ge7UgPT6AefMukoNLNCY0SH0gZwNm17NjZ9vcAV8o+uaKD+cs/8AbiMxa/O7aDz4dzmDi0P98Ycaby96b/NYq6JN/vjgjkRooMCoBqAWoqVxNGZAyjTPx9q8fEm1cKJGCnj2PtCYeSmbpe5++PGMFREg4mnhlxgqoiLXbDuDDzbbuLbsPLXvv09lLN7t8IaPdo6f+bMwMPLmczuqxecD2U/mC1MNqSZngF4jGQnIoi7YD6z868NS4tzG8bBl2+qL3c/nCm+9svXD9/ozFmwJhUkwmksh89NkRg8WOz7OWbh45bgEEJDTYmi371mz5DNt5N6m8VBE4g8mBokwUPDEIZ5KiTBRTTDHFhJbOyf1bTiVKLhKNmjji5WWycB6f32Z30hAULpfLt0QLgHyx5PQ3901iIPUW+Zado0DWjHY/KZ5InbtAOqs8TM97auuuyEdVmYAIxlOktIUILFNqq2NSF8Fo/O3VH3137sqoSYvTmbzGLE66dfHaveenLs3kiG8VdMt3567+1NYtasNgc3qlV8lEsDgeQxh9dc1Ey0EqtrBQBtzXmNnz4t0k+3CFuvDhHsHXE6msPxy3e4K8O2ig+a+MNI4ITxzXMtn9oVgi02Ba9jx6ZKaNmc8bThiOJUCgJ8xZuWrTp7l8MZMrvDZjyVdHz4iPbB04+X+9MgfioVAsp7N5t1duAdNGygR3JKzBwupF1pYxqVBAjx05ffXgiQsf7zuCm500b/2BI+c2fPQ5GxbWANs9wYjVydZPSNIqOpIkDoc+NafZ6XcHwlC8+M4yB7BGysTtD9NpTz5DbHy49/DXxy9gAiczOWt/kfteel0WOhUIRZ+bvHjpu5+8MnMFTj56ypIDh89Aq2Ce3+82XLh+Fxsxf/BoFqz9mD397fuP4UuHr7ZwEIYARZkoeGIQziRFmSimmGKKCa1uaRQ5yGSyHG8jVVBsJM6ERcwXJN+z1gLMUmYkrsnu8wcjQ+trPl/wBqOcKwgpUlUmsFYLLAihMpL4B/Yavi7X9wRIYoAh+/Ez0NfAzCpuX/D+Q00wmgRfjMRT0Xgqk8/DisUyyN+IMfM37zqIQw4ePz9i7PzPvz3XSzlxlbBSmto7beFGkbe9BHCA2e4NN3aj0nPOCzfui7fWgCmTGC1rKL2O1H+/ZEhxa6Fo8r7KyB5Wt9FOeTMJY4D2qD5EIw1kh1BEAxaUYq55Z18LltEYd8d+TKQz567e/ecLU8vl8t9GTz925goNwSA8ePBxQ0E8kfrTU+P+66WZU95aeae9S3hOXAJSgX12eoOikYEkqKtMRICAwbCItzZGMo3vXBNPPwiJQDjq8gbVZnu30caiqpjpbSSxspomWX6os+BLRIpFxpNZkru4x0WVCZv23Qb+2JmrmWzu2YmLdn1xHLuPnf3RwpNcW0dPXTl25tobyz6AOHln055gJG51eI+cvrJh+5djZq8+fenm3oPff/r1yVdnrkzS9aVK/6IKkMrmbZ7g8B+NokwUPDEIZ5KiTBRTTDHFhBZqSDubo+fRI5PNbaLO+iB5HG83miwlQWhvU/T09Fid/qY+WuDXxuElmwJT4t0huzvAog6YcU6pjLfSYCRYImFUnzJp5nlVC3DiPK3xF0ukoUDcgYjFSRIMZLKFRCprou43Wo6sP6jNDpjbH9391clRkxa9vnBjNlecvnDjvHc2fXXsh1Qmu2nn15d+up+gdTP1ZlswFJ297IMqw5MGem6yOp8a+/aoiW83Co1IpjJWmzgRUy2YMsEJ9TTi3Ffjl1Uql9O5QjKdDUcTNndAz7u6DDbcGglSF6RTM1EdApZMX+S7sNdk91idPhdZHUkXy+VAJK4xO6FSROcXgeUu41yBRJpUBfUFwhg32N9GTcIoXb/z4L9ennXngUZ82FCBwb92+8GEOe/8ffS0Pz419uipS9VdoNejJi1mn2cu2Sx6NCwPcqHxHGPoMtqgYcRbGwBfBMwiqEQJfQjEklmquknnMVyeYIQm3XKSNAMCBzATkZpumMbqxTcCve028tCNvDsYiCYeqE1Hz1zFb4kxb6xeveWzo2d+fHPF1ucmL8kXikvf3ZXO5Dinr1Qq7zt02uEJYlas3rLv4HcXX5i6DHIFYmbm0g8gUWpDy9B5o92rKBMF/40hnEmKMlFMMcUUE1k231OhRQ9yxUomT6o0wsLJvtKNrHpjkITOPyqSYtmDfsGCuLSrTeb+IoZ6i81i5YMhWWsR7FRgpUUCKT0DxgauU6qJE2gVuEeVmazwMHugHXoQvIQyYXwuGI2bSBh6D8ssnMkRXRGMJrzBqMsXsnkCnJOwOpokipBsEG6DzUsXBAYZ26hDA6vbSNq4cSA9lnyGhaPJTbu+eW3WqpemLfMFYys27bnZ1n3hehu4dSiaePOdLWB4HSrD5o/3n7l0c+m7nxSKxRenLf36+A/T316fSmdfX7zpjeUfjp6y5N0dX01f8O7RU5fZcsHxs9dGT1mMkYfCmb7wfeiKfYfOYPvs5Vui8eS4N9eOnf1OMBIDlbQ5XEs27FqwZvsRemwqk2d3CsGAp4auMkECOVGN/ai9TeH96q0eMiwWp5kqXiMVJxiibL5I0/tKzQLIGzBjb0DKSzCdycN8gSiGAif8+3OTIYfyhVI8kf7LMxPiieRP97oeS2YzBgzyph37P/3i2JWb7SDlkE9WF6kZCl5eKJaen0qKIeKWXn79HXwLgpE4iRehgjYcT6lNNomb7aUH6niPWZBNWxq4X9D6ptkIOJpLQLyVokIdwLoMvNbqNtvcDi8esQ9PR2clZSXJuhbvxYOGWjx6+ur4N9fOX/3Rik17MYvaOjR0Ui2FoN38yTc2lx9jvn3fkXgSPx7M5gpvrdwaS6Tud2obXZohnSXFWIag+UVo61+OU5SJgl8awpmkKBPFFFNMsWFaLXyBkJksnlBxAp7EWaVXTtKZ7NNj5/xxxNgFqz8EC4kmUuPeeEfcqB9ocK+9EydUaw1/HTUFbPK789cOnzgrbicPnXobq2Jhop5FJFzE5mF1IaqoDLgVkaszZPOFTD4fjaeC0RQ4d4eOI2cA57Z5iGCgL/LZu3z2gTnAMFZdawaSE6lv0aPLYNPzLt4V8AQjMLc/msyApxVZ2T4alNzEVwd647XZq++0qya+uQq87cT5G+2dmhmLNt59oH524qIZSzZPmb+OJkOLbdlzuFzu+fDTgwvW7Rgxdr7F4X1p+nJcauLcdQmQ8XzpuclLaMxxGmzytdmrSAVJKFfKAmct/SCbK+KEoWj85Zkr0Bwf9h08OXvZB+NmLf/x1kMci1O5ArQmZv9tovPVe7R5gp5QhFUnZBaJp8gaCOfEIwBNr2Wk2PJQ3xcEXxtgUxegyEabr9E79Xy+dOzstT8+NW7K3BX4d+WmXZF48i9PT5j/zvtQBP/5/LSf7nWIjxke/jpq8t2HmmNnf5w0d/Xy93ZCnEBLdBltkEMObwjUHIMG4YqBjcQSL05b/sbyLc9MXLRu24H1Hx1gpXLYDBSflwIyBiPjkVRiQkBUkJHkmiwrSWenYGuYvKfP/Qz/YmoJG0CLhmKpDdu/wET+7ocbN+52YAp9uOfbUDj2yZff+YORdCY3atLiF6YtYzFa3lA0X6gj8uuC+WQOJ0iMQVEmCp4YhDNJUSaKKaaYYsO0WooEpmLmeLO9T5yYON7n99c2Y8jl8wvWbHtz+ftXbtwFacvl8kSZzG6oTEql8p9GjocySacz6z78DHx914GjJ89dFreTB97pFVY1YaYy2gPhGPRAMp2NJdKQHyDQdk/Q5groeaeWc4JYQyEw/yJYVds0Mvb6n2aFYn5HRK5AvZjsxKAHoG0isVQ6m4Pa6dc+hIWDwIkCb7qNNo2lia/OgjUfj5uzxhsIPz2e1Lj4+rtLD1WGURPeBg0dPWXp4vW71nywFxez2j0f7TsG0fParBUm3g1lAmb8/JSlpXIPlEkymclkC0SZ5IqEVm4jVS+gTCBXmDKZsuA97AKhjMWTk99am0rnvP7who8OTF3w3sjxC+at2b5w/c58sezwhTECEBsWO7lNXziepmHo1XvsE37UoB8wmDav1CLbA62FDfjdbmOjSSWEy086kG0QTpNMZf7x/HSNkce8uni97Y9PjQV7fnnq/D+MGHvp2p0xM5Y00gBDA4buqddm45mms4VYIvXMuDd7KZUv9zwKRpN3Hqi+/+E6lAkaYOSdbv/Xxy9AsYyavGTvwVNjZq/KU/8utZ7zBOoPUalMlAbElXhHA+QprddyUhoP3cOAi7cKgAmDk1STGTyqVALRQR0w2DyQ16s++Cyby7u8AUgU9POjfUdOX741Ye7ao2evQR4bzFaVkWejTTy7BPHx0mDiamjlcYRQlImCJwbhTFKUiWKKKabYMK3u2+hYImmyWPUW4uMEs/AOrZFr6zaKzOMPf/r5ob88MyGTyYBOnTj/o5Gz48PT4+b+18sz/jF6Cst+Ou3tdf98YdrEN1fZnZ5/vzLjf/x7zOr3d1z48fY/X5heLpcnz10ZCEUrNEC5bvS5BJLpzH21qaofIBJABEnEwmAXI+JTRJxSPPSNPvG5glHvKQ/n9Nu9QYc36AlEYMFoIpbMJlPZTDafKxSIIw6NO+9zO2qF5qJtIp0rCTIOUY7o4RxSpA0Xw6UztOhhJJbEIU5vMJXJWWyurXuPbPvs6N5DZ4vF0svTlyxau+3bk5dB7F6YunTNlr0jxy0AQYR0wYFjZq/GZ5yK/QjcfagZPWVJoVB0ewOL132MXa+8vhxE+dlJixPJ9Oukll8pnkxDmZy6eAstf7h2b/n6rTiwWC5jAJM0hKMp2Cv/RIM4Fgaw9jYVeWQGm6+u+5wIFVLb0V0bbRKOJh3+mJlzYPoFglEotHQ2f+7K7WfGvoFZZOad+7/5rmnIU6vAmP7tucl+SL1MDnPvxakLhHszmdyc5Vssds/FG/fXbf185+fHIZDvPFCPmrw4kyu8s/ETdDIaS1y/17Vp59ehSHzuiq232lVE2PRPknA0YXb669Y8qQuWhwBzW7xDAMxeV0AcCyQEyYht91X9qSAS0oKam+geLgFB6g1G2Nfz8KkrHWojmZm+YG15HEx7TBiN2S7a3ghMjLEYoeFAUSYKnhiEM0lRJooppphiw7RMg8LfEBUWK1+tGWLpDz4RWigc3fzxZ38bNalYLOLHXC4HLhiOJV6atqhUKj03YW46kwWD6dKac/n8H58a95/PTwWr/sOIMWi2ZfehP4wYC2bzx6fGgyJPX7DuTyPHw9Z8sBc6R291Ot2eIvEIkhID2NvZ7x0Ea1ebtBzpp8biAAMG6XksBQobASfX836d1W+0+S2OoNUVdnij3lAiksjEU9lcvuQKxITUrUyJO1ie4Bxi+MJREDu1yS7eMRi48TxxEBPzQvbu2U0SQ5E2bR1ath28M5ZIr/vwsz0HT7Ehvd2u+ubU1XsPNaDFZpurh2RufRSmL87RAAKGDTyGEf3Jyku5Br5uahCuIwTLUYuWbeq+GuHSQHs0FroYoVcs+UGhWL54/e5fnpl07PRVdDKZzv39uSmCQx8zMDJWu/tPI8f9ccRYKCLIDFGDRCpz427X/S49Wr44fTmGfffXp156/R38+MLUZb5gdOzsVe9u/wK7ovHk81OXfXn8wpdHzx/8/vLyjbsrpKhogXl8yYQ3SH3tbFLOWiQsSqA0aqHjnBpuwMMwnsoIY/eZrxeUvPQ3sYoCXQORH9jDvLkarYnJh6JMFDwxCGeSokwUU0wxxYZp6XxDwmHmrEaLtRplbraLvZ6YMvmPZydCmTi8oRKpJPiIeXPh8/OT3mLKZO+hk/98adb/96/XhMpk6bpt+ABaDH0Cir9h2+cf7j4YDIb/MXoKzma0+7sM/O0ug8sXrL7NrQuXZ6BXLBoE4kS4UvGzAmwtny9BhwRIvEocygT6xGwPQrFoOa/a7BEmGWCOK9Gk1JIC5yRuY01T5eJUZoc/06DWYZVEVj9ghPPUj6s6mBWySEWWgrCx3pvvvgMzuTyIqcxk0JG+cvVNBh8PnRWQaVebxfvqAZ0xkmobtnyxrxvg4iYahe/2hTEIfx01+Z8vTAP/xqUxfwYf/diAIeFspA6pgXN8e/JSt5asG4jbQDUVSlAX2BOJxvHvF0fPvb1mO3aNnrL09KWbI8bMJ6uIC97L5QsvTCPKBLolk829vmgjhObJize1FrvonBJwU1c3k00qcimZqV8EhoGNrYkfWJIKxVLCRRuWik1tlqVM0CYQSeCEtTOqESAm5cyZplCUiYInBuFMUpSJYoopptgwLZZuSDhAZ80c/7C/Oh6LPDGCUGo5o9Vh9wSiifTVWw/+NmoyFAikyNwVmzs1pkg8CWVSKBSen/hWKp1x+4L/9fIs/Ni3ZlLqUyazF2/489MT84UitpdK5bGzl//PF6dPmLPy788RZcJ7QuyikChgRQ91Vo3JyhLmijpZJuUXBwLT5b/c/YWBXoWjlLQ1djGq0NyysKbLDuC1hM+VGp5KBH84aeDr1wTUW/0SSyI0O5ZP5tITI8rSSpKhg6504cyNxJUIvIs8XLXJgWfLMjh3GWwdeh5n8IYS8UR6084vx85cMuLVWcGQlOfSkHHx+t2/PTflxamLIIGCkfiGrZ89M+6tuvybzcbaSUj8Gnsenb1ye+6KrSNpBBGUySszV168cQ9SDR/WfLj/5RkrovHk1AXvjX9z7b5DJ6vHPlCbFq/fUXtO3k0ywklX8kmkyAqeeGs/8M1Fb4WLKs7Brl8xumAFEegKxLRWr90TwglpegNxZ3rpPRpIxjmpNRwRqBT31D1bS7jX3adMVCabeF8DCPmkokwUDB3CmaQoE8UUU0wxkXnMPut359VvzVe9OVez9B1XhzEYKdc2q5pECRTyethkeaDqc+ii5us2u8KRWHUpAMTlpakLvj1+NhCO/nXUJJKjKd4XAf/8pHlQJr5AkLjmByN/GDEWygQcFx+iscSMhetHjp0TCkf//PSETDaHXbfaOju6NSNemZnP5y3OQYszMK3Vc6tT5yFeRoNIDIu6rjbrNsrlJb8wMGJWTxhdFadqFqBCYyqMaFOP8goRSRK+2LRZFW5/zOJsqEwk4o9jybR8ZWL3Bk31SHktbO5+JWl2yGkPQWuiycFIqmiTHR/udOnVdDWPrB1lC4Fw/M8jx89auL6uWhg+npu0cMSYudAk0Cf48B/PTnzq1Vl1x7+RMmHAdqjxLbsP4QMkyr/HzMvmClCG0CTPT1167Mxl3KnWbD9+7tqzExehTSKZLhSK727/4rnJi2vPiWeK70UwKnYqEwJfEFPjJTirO2AiVd4HzmxzD5on3lAUDYw8WSwq9zyyeUI6qxcSxReOlco9oi4VSmVat1FqDUeETr2VZj0Wb28VijJR8MQgnEmKMlFMMcUUqxpESOeECXWta+q0QKhQewizTL6HfQjVMJxcoWjhbexPfqeB53hbLRsDO7nT1vHVsR8yGfJqtlQqP+hQ4UO3SsfWBx52aQ6fvNz2oKv9YTca/3S/+8qtB9+fv/b18R/ud2r3fnk0ly/89dlJXx0988ayTS9PW8TOqTI7H+ptHQabsEa4iQQnmKMJUkm6ivb+IHjYfZWs0IVfHoViuUvPayUTvJZpliTpQBQGtz+i56VEjghWdzgUq1/a0sA3rG2PrZF40tiY14pgsHmgrGoJdC1Al1UmUhpPZbR7JF/5V6E22dGTLgNZJ6mGP5kEdWwCkbicS9cCnUll805PUEKh/WP0lLMXr6dzhTeWf6DSmZgjnLgR9fgykowLzQdBa+JHT1l65RZJagw1NWLMfJPVAd01ctyCzw+ffW7ykvFz1tx9qJ67YtvyjZ+OmrT49gO1+BTk2bmg07LNqm1GEul4ctBXpgpSrsQ6KFmcwTbocRttpD6mKI9wL71TzA3OHVJbPGanP57KovMWB+6dmKixBNRmh94q9aWQCUWZKHhiEM4kRZkopphiijGzfH6wVpCIzGvx1x4oslpC5XB7WYSJ1urRG83ZbEPPEDkoFEu+cKyajKiKRDKl0Rm1evOJ89fZli69VUtds2LxhNXpva82a2jSLdhDLSdMKdah6SMlpJOcS8Jd6gkCvJnURZEsZhKNkziNoowFCi3nbFpfTwgd5yvWc/3CGRx+MemsAmf3hCLSOWeFoGXO7eKtDVB16MKTlXMjIL4GK41O0VjYs6ZCxSrnWBFwSCab84TIEwGxhvHuIJSbhvOoLB6nN1S78PKnkeOfnTDvzWXv/eWZid/9cMPMO4PhOlVHKjRsQ44yURu4EvXZw7WOn7v2/o6v8IDyhdJrs1Z9893FEWPfvnSzfewba3KFkjcQWbNlHz7EkmnRaWkK7L5cvdKoqxZIbx1+zjlYigwWomozEYTRRH1Zy1Ch5Rr9kaSBxv809UUUgiwxteL91QiKMlHwxCCcSYoyUUwxxRQjFq90TpxYK0VEpl6wqKk4qSU5xWLfsgk4hFZvtMguUF0X8UTSKOmGVN3FlAn7DOqTSmfudhuqlDSTG/CMF7p+YVdKMhPRk4LLFyIkzC5FwszUYaluHmcRmA+MeGtjGPj6QcmPSHn7hv58mAyeYAvKRMe55XvT4czM8UnLuWuTjNWCJImi5efZUfiXCtTmBwoB1Voq9+BZQI1AhGitXr3Nn8zkGLnPF0tWd0hlcbtrah0+M27OiFdm/mP01D+PHP/npyf8bdTkUePfrH1Oj5gy4ZsrkyrKPT201EwuEk9mc0W92TZzyeZRkxans/nRU5Zm88WDJy7e7tAWimX01uELCX2ooMM1HPGzGnzKOsDJizUrQpkciVYSfV/wbRL+qLU4DLwrSZdDpcFUGU5Yd6bVBTtkmL9SGBRlouCJQTiTFGWimGKKKebjQ6r5C2p1SH2bOLH2DELL5Oq8We802iw24nvj8gU4Xu4f/rqw8HaZAa9EmQz2fcJB1eol91Sm6klAuUDTq+IEvFB41K8EBt4DEuYP1zjMCaAyOaTdvapQmey1JT4kwLvDdV22QCKzjWPQcQhZ5+Gl1JQQaGlz1Y9mqQUeH3PoouLEozZ7tZwvkc7VXdvpJYtOCWiYe13G3fu/1lk9Ll9YziyqAhoGzF7NkZf6gWiCeGOJm/QB21X1IiVwuVy+CIOSgZyoG7tPlYlfY/W21De0pXnbfMZ+Ech6d+rynddmrRoxdj4eUzqdhUgw0tVLqBEowFgyo+e9vJtkiB4CoAah9IwkyGTQdldg0BoaZInGbJfwc6uCZWVQy65k0kunHw6Jp6Sy1clE9bWFHGWCp29xeIR8UlEmCoYO4UxSlIliiimmmGrOmyL50TVpkvOuyu/PWr46IlYmEyZYj56uPUnVakNNgG6DFRyI1Ts3WThhuYNWUas3GqHLUKdlqVSuFn3v0vXlnAWNu9P/xtREAg+4wQf9KqC1uMBZJd7x971ylufZAlmit8pqyeAN1nuuJHFTTmKJxmz3oktmyXWeKlj/g9HmQTJVmKnzj4nWCgQ1xxmSmbw3GIdEcfljbAtraeLsl260n79y8+NP93UbSTXPwWeSAih4KJaC2Ag1Xh0SgfeEIgkxXa7QYuqUfDfkvj20+ofa7Gg4pg3AMg3UFijERUOxgW7j/N4Qxsels7pMNP4Kn+1uP76SreoTXzgG2akavMYFxRWJDzhuVai3lcrIC5o0hIb6fTl9IfGOxqCJvwbF3w8Zd7r6Qo+MNjd0FEuQTVChGNzYxDuh7YV8UlEmCoYO4UxSlIliiimmmEh4dM+Y6bjVcdZSnnwl838ejO+bu0HUQLtmfe1JhFYLm5tUFzHzzngybTJz/ODsPS1Bw3lq9UZdqE222tUPUIzbnTrmNPJQa2GUA/+2q/tSG5t+rem59HTNpIYjDQAcCg0cPlnh4Dqrxyh7KQPUPBCpHycQjCYbLx4QZyGTvIj8XppjGv2PDU5OIA0SOtKfV60agYPeZPMFWhDG5/THMGLo4aETFz7atXf7J5/duNd1XyOrCgoDDsfsVVmIBJIYfBEiibS5pj2UEuutlnMItwvBlImqWaHMWniDpMKmzAPRk0AoouPoipOdOLZ1G/l4Ii2he2tBhQRxDxNuhMKJCWLlKyygX16EusZi11tdLS2AOImLo1/2Y5FCVZnc6tDd7tTDMCYqk83s8FndfjzQRDqbKxTzhWKhWEJjo80r5JOKMlEwdAhnkqJMFFNMsd+5+T0pkfD437+I/S/7BtkftqmEDTomNHHoqksUQHpMFrIWkc/nrTZ7OtMC/xCCiApBWbe6yOZyiWTKHww7nG6P168xDopyLpZK7ao+z41OvSWZSrt8gdv9vISZzTXIV/6JgxFWokzEewZAK6P7y2VZ5BKnMstbXemlRLZRxRLeE2nE10tlUigGgkpCugiRyuSMsmsyVqEy8KzqopZzi1ZvKlStGXj/nW7Drs++2LZzD6yjFVmCYVeZ3ZzTn2txlQ9j0m122z0DChxbAtE4e4ieoDgKpQpWl1CmwBACHFpndUVqispLAI8VnbE4/UbeVfVm7DLarE5fXkZJdQMN2hGVOExn80LHLaZM/DJKxFToipmOG5Tmqylw19JfCpnIF4s4lfA3gBwT8klFmSgYOoQzSVEmiimm2O/cXJ0moeo4Nns5UyP/43jyumeAYYjUCxocNzYscpLO1SfHRjMJOAYFsVj5aKxhQicJMPoiXRgO2PXFiTWbdy9/d+fcFVv3fPXdiLFvi9JtPSIhCnYTDYMmUqeGc4CotZQg6OdGgtYr1PQH9NcFy4orRwWwYWzJbaYRCo3jB6wuUpzEWLNsVRfodThG8gu39Nq+l8W12/pYdXs91dFp4LHr8k8PfmzrNlhbKKNZIcsC7rDAFaol0IiUAWWCKWdilUbtvkYyr7dfmaDP4h2SwE1pOBdNftDC6KWzVApS0YUz5HJ5m8uHmW+gXwroHPyYzeXreuvRsBYSryIaT39k0Boa9qKZHF0XiSVNLWbl6iVLf26Ndbjh76VyuZrnTWV2QJupzQ6Y1uqBsV8RVRP+lhDySUWZKBg6hDNJUSaKKabY79xEyuTw7BVQHWMviz1qapXJ/3s0WXs2ZuEGXA7KpFwmrv9QJsHgUGgxoaF2fzzR4AL9KJd7SqVyMBS5dvMeDhkxdn5tZEs14LVqtRJFdMgTRCSeIsrE3NALqJcWdtDJCx1hfl/ekCwnqyFDY3FpOZdPnitXhWbxMsqufCIEJhXzkuo02EQ0ulTuwbCwh6uzOOQnfeqlIRNqs6zxrItus5v3DEhodExjIWIYXZVQRyVakaardWVisHl4p9SZa5Gkcle46IHDg6GojnMa+tOXqUw2LecQRuwwBEIRUz2/R6cnKGwJTYJmcjKnWZ2E98tcXqvCSGJy7OKtrQBTggS/0e+71uru0HE6ztGmMsLudRO706XHv/dVJuyCdZtcXSZSoBPKTcgnFWWiYOgQziRFmSimmGK/c3PrHELJcX/aDPEvTfCVnh6RMtmtLUCc/N/fJHarirXnhBWKdbgIBEkqTTQPPjicsl6li5DJZE017vt1EUukRo5fMG/ltmA49sK0ZeWaEiXgQF1GkslKZXa0a60demJCWaLnPXISCv0yAO/UWz0Ob8PFIuY2IwpHbgTmG5ZKN0/kOmQUisRTyBuIyHhWBGhG7lF26IsID3R9JUo0kB/9zzoYSdxT9aVi08uLTaqiQpSeZ8j5oyuk0Kc7LPCtKpXL7VoSyyStTJKZnIlkDW6tt6zCZiAiSwRW4Q8T7zLx1n5ATpjtbpJazUZUCoi40ebO5PJM3el4L24E6ktUf9M42LcqRNbB/HVXXUSg38TW7prNeeHCVKtAx6BAWBEVDeeSWMvqpVMCV8SzYxValAh4BY8NwpmkKBPFFFPsd24+Z1ykOsif38HI8ry4TW/v//plHOLk/zlSf+UkJi7pRmB3OKMxQp443ja03MHhSIxQn9pTD8aN++pJ8zaMm7Nm1KRFr85c+enXJ+t6uagt7vsqg9HmyYFH9/T4QuTkQnGiMvB1D/zl0W206Th3PCVey6qCsTSzQxazZy5D2fwQabccMNcs+cyeUHmTA/co3iEP2VyePbsHYLj9WWvvdhv7I85dxWILbkIYTMg2tVlKQkiDuAta3FlBtEaxVH6gIcpE/zMoE+ZblWgldhzwhqIGyVgjTP50Ns+7A1qr10iXUDQWu9biKNAAFY3ZnszkyS47qUAClp/I5NSWQSd0B8JyvrBooOPdGDGcKkoC8Zu0Z6gQBzmfN9g8iKURfKEoS6MMu92pa9pPBr2VrJmYFG8uBY8LwpmkKBPFFFNMsQcTJwtVh2rmzPiDB9XfmZZNm0SyxPrhh2wXi0hZdjtXe05YaLDLValUvnzj3tkfrpz94apKozNzrfmrMKhZwGsz/mDkXal0BmKD1MVr7Lmu58UvjNu1lkGFTWzee12GZlf72QHCpOXcIJGNnJEqhNHmTTQcuSKDXsXTGTl8ccjAmSGlZKZQY8jk8mqTQ9tKiRUR7gzUo3BUaP1H9iPl01612SM0EjRv99u8kUQyC1pPp8pAeljOHVaZPOXBsd0tAVrXYBs0UXP5YpuKZKbuMjklBp5yZb+oWGFT+AIhMGyZhL4Ks8On4+UGaZB1NhupXtKv3gcqb2LQYqmMwxfMF8RrjOwQ0cZaMKcvvZXkxSZVWew+fO4yWEPReKFYYsFp4mNoBjaTPFexuohEE6FoAs/F6g7c6zbUvUQtKjRGi/cEcV0hn3xsyuSrQ5ed7qB4q4LfNIQzSVEmiimm2O/cpl/Nzl59/OGE5gXgq9aTHfACGnU+BXFSe1pmPf1UqUNjOn3uMmd3WXk7/rRfu9mGH2VSgSoKBVLfWk5B8bsPtaOnLB0ze9Xt+90nzl0T76aAYsnVJCBClzw0+2pVnMCCLTrJPHaQtGYOv9MbajRehDXSREmE3vGg3U5WctHhCYajyXgKtL8oVDXuALnHFodfFnAtKKhOPQk6t5ESfnKvgWGHJuRaZORClHseVQsvduqtD3Uc+9wuqE6D3rh8Ed4dAtfNZPKJZMbpj1idAQPv11q8KpNbbfKoTS6VyRWQFx7TCKFYyh9JCG/eH4l30Vj8+yqTYLMYTJnwLVLTuqV7mqJV9chQITrZJdNvEPJMJyNlsCdAolagDyvUXYpzk9wJwncEGs6l45yReApzmc0pNKMpg1sOTWE4dubqtHmrrt3tLBTLmVxB/jl8YbKyyr5NQj752JTJ5m1HDx+7Lt6q4DcN4UxSlIliiin2O7f/7cv4//GJ8/uZi2sVSF3rmjJF+Bu1zV+GMjnP1c/TVc20c/na7Z9u30+l0gaTpZfmGz1/+adWHaXS2TwpZiIjFc/h7y8sXLfjfocmkUxt2LpPvJvC7gvXfcfc09PTbSSRylW702UQN/plwaIIJKqCFIolUjmRFjypvtWufsZ2HedSk8oMnmAsmchk8OGxKxMin+zuBxqz3kaqK+Kitzp191TGLr3VHYyRZQny5lt8VBW8OwDNafe0xsiFwMnxpNgje6DlDDQ6wkQE0iC1g47F031eT4wHo+elck+x1JPO5IKhuJ73aszOIb+JZ/CE4rHUoDAeq8vfTYXTnS69cLsIVpdvCMpEbSZOVuKtzdBFEi5LZXurC5qFgpT4EO+oB73VpeakHMZ6qcbgncSlqjo/QpT9h2JJ9JAFddBHyTKGuTVmeyKdpWEwTSr8NAKO+M/npwXDcbcnMHn+hgvX28QtGsMkuKiQTz42ZaKsmfwOIZxJijJRTDHFfs/miPZ5ZO3oytSKkFrTzp+f94l9M3D4f3xXP9qkWp3vzPkrahOPP+dnf7iKfx0u7/nLN1pVJqEICdgFwxbvqIHLFxzzxuofrtz85tiZd7ftF++m0HANFU44lqjW72MUv2me4p8VeerrIpF6tYuuUbAsWKB30ADlnp5wLGVxelRGm4bk7Orzw6HWd1MtE7oaQGuks7n7KtM9EtEhzmwmNFzOQIKGHZ16npWxAycORVO4KchXsEwjjUIGGxVfoxXkCyUtN/CiHRe9rzYLmWuFxrVLc1mMnmGogfhVWJyBQmHQitx9tYktAtztNlDvpD4I2wCck+g6b4vjQLi7ZMRILSokeZrTaGstsAcdhno0ER8qWa5uWs7V3awAfDKdJYswghIutVVK8FA8gTBUip4nM5k8XPJ8yVOG+MElMP3cgUiBTKb6rl9VYCea/WP01L+Nmvzy9KUXfrz112cniRs1Bh5i9VeQkE8OV5nwNt/mbUdht+9pxftaQN9JqnZEJW6h4FcI4UxSlIliiin2e7b32/PQFf86QwRE9M6dWikiskq5TszG0rvZRg5dof7URA86NafPXe7sJv+C05z94cpDlb7V19IGG3lb6ZRR49zh9t9t6wCBcHsavlLV8VKByKzaSdXUZmfdBZZfBpwrSEpVNOgtSwFsJJVA6jdgqPQvEQBqk2PIWbB6abx1NJEC6e82tlycrq6BmGKETXR56oHGYnb4gtFENJFuteqipT+amVmbyiTMtlShxRy1zYLsh69MMM4qi1v0vG516ph403BELj7UcbA2telOl/F2p+5ul6FDZ9FxTvTZaPfyblkJ6BjYIoZXRjVDISok0bCba7GiqNMX1FvdMgtB4hKYZqZm4ofWkve5vAPrBNBLEo+pQiM9VGZnIBK3ewJG3qW1sgXDvqcPlYsedhl4q8sfS6YLhWJ1MPHhy+Pnj5y+jKcMfYLfEa/OWD557qrBV2gI9l1z9ndVyCeHq0y2bD9elRNOdzCRbC2bQT/y7R0a2PXj35+lH6ytzQoFTwbCmaQoE8UUU+z3bJMvZyAq1rTn8LuxNjWwyNTz5ol/n1KcthUbKZNgvzJJpzNnf7h65jwJfy+Xe4KhEMfbajP5SkNFeXCq3xWnLhjzBoEguYLoq+nZyz6ouziTTGWKjZMCF0gE86BlE97VAll8vOg28Dqru9HVkzSTstrsaLC/DnQcmFxz7/9aoA8QDHe7De1qs3B8HpcZ7D6cVs97O/RWXAJC5Z7KCJ0QSaQLRRIq02gQemnfqjmCTfSReQJRYXt8dgeiTZXt8JVJOlsQpajKFUpaS18MjKCHfUtJuGVmoNddJlIwsV1talMZk5mctNpkYJnWMjVBU9KoUGViF+gBOWAqQqKGvRB4Wnqbt2lBT43FbnT4IvG+BdYKXQLSNK5SUiwR50aHl0QxAfh9Ao3h9oWgZ/Argr2/qM4BmNZiV5ls6AYa32pX/+WZibBzV26ns/l/PD911MSFXRq57pp4HOTM9r6HK+STw1ImTJB8cfCS2xPa+/k59qO4USvw/Hi6U7xNwa8XwpmkKBPFFFPs92z/1zcJiIqOYN9KSMpgqBUkVTty+PDg36Z9qFCHrtqTMxMCHMJiteXy+VKpBGWCfwftboZuow1kjrj+gI709BRLpXyh6A+ENWZbl96q5jwswoFzBbVGbuwba0ZPWfry6+88PX7BC9OWvTarzmtR6erRRt5tFPBIjcX5QEOCZH55aCwuKBPx1n6oTQ5w2WB08FhLgkWeiLc2APhcsVQ2WF3UBcslotdVCkgCSzp0+OwJxXlvGIqCLoCYoTFIWXHCvOtU0ZZvfSyTc3fq+bZu4y3qEmZ2BoLRZDZPvHhMjoCofTg6KAadRuN4murhpsokmytEkxLpm0klk4JA9GbzRaEs6dMh9WqK1xoaPNBacKc6zpHJFVgCMcHVCMC5Ta1HDfXQtAqegCyNwVChixVG2aEdLHNDTDKXMdMhsOpzYVfxhxv6s9EUXlJ9wC4MFIYL04OEqdjcFieZG3hwf31uaiKVPXD41L9enjlm5jJhWmeZ0Fud1asL+eRQlEmJOjL29isToR8XtktkFWwKkTLZuu3oPY3lwqETR1R9D2PX7nN6V+zkAVz3NPlZdfXspXN7jre1dzzYvP3ynt3n2js09y5d2HxYg50ndx693qHRGy1nD9HGCh43hDNJUSaKKabY79lYkIkvM7CkYFq3rlaTwN549tlvvvlG8Kt0EMhJ4uKTBwWJg/FnPBJLnD53+dS5yz9c+ckfDJs5PpkcVKOtEcBvEumcw+XV8eQlvcZKAhKqpifJf9xazmW0+Uy82+HysNOy96nApet38Vd+yfodtVQmncmlMlnxVgHudhuIO4qAJrZaMmL4YNTN3P+aVgTmXmK2S0msWhhl1GTEcIFSQ4+1qUkVjroGhv1Ax0ExOn1htAd7xnCJxrnS/yzSuYIvnORdpHA4ztmuNncY+G5TXwxM7clbtdo1nDaVSbhcFookVCZx92rRVJmAMaoGL4lUUe55ZHEOil9PZXIgx9UuGWnNdVwCYxuJJ72hKOf0Qbd0G/kHWnO7xgwdoue9arPTWHM7MHwFugw2SD7e7ceZ2SXYOkaTu6oBS6sQjg/O7S0J3k0kkFF2QEuOZvUtSr6AYBO4mr8LT4cWZxxISSwCq9xi87RQXRHD7fWTBRbokFdeX/ruR/tenLIQP+JzU5laiwoVTpjqw80azPFeqJGtO058d/p272BxkkxlsR0/fnPkR/Fh8jBImTyybD1KBAZ+CW/ee2dQooTog/1scUZ1deupvvcuX/7/7L35lxRV3j74J8w589PMj3O+M//AzHlf7da2W+1uZFURF6DYBQFFQAFxxQ3FBVFRUVFpd1xQ9qXYqaKK2nNfI3LPyH3fM6uy5rn3VmVFRUZkZhXYbx+N53xOkRVxI+LGjZvF88T9LJAxY3/lhnftPol/9l3fAo6KphDPJFWZqKaaan9k+9/3E2XiEymTnMNRL0v629rumz//9OnToj+lk6C0ZhJJjfEl/Hd+tU9rd3ogTiAe2s93cA5nKtWIFYFTZnM5i43XmHmt3WepOZFTHxitzQuCO2jk7C5fLJ6kka+1khSE7mBLNpdPpTN6C48GZy90Si9AOShNICvPgYBYMtMzmZd3axulfP0tMEKZkNMn7xITimcs9GWwdIcymNTRNgwVIKxLb+sYNBlovq96imwhwSHeKwPGSCxde5E/YGySu5ZJFLTH4yoUS75gzOYOdWvIAkj3kHnAyOOc5hZWElq0q0PmhKjO/Y1aMwGgTLJyYx6JpzQ2r7isRy+p+z5xO4Rzj4dXVcfDfjBdySvySgXDoiElNd0Yxo4BI8ZTdihIKl67GzKGOSnp7F4oldoVW0SZKpNkQ99ICSCZaGXDVpdZkhniZ1hqWBYmlSITuJYiDKMB0WVWyAWMbYFwHO3FS1JN4fQG5rZtwPDi5N5A5LHtO+e2PRaKJl7eLZ+1rylMvMfIuROpjJhPTk2ZRKJJCI9PD5zYt5/4bu3dR9YidtF8waVSBR+wHXvxYc/eQ9KDW4BYmSQ7xtzDqB1upylMek6deXvP2Ebyu+Ys2w6075/QIWMrKhEdafnRsegUhl3FFCCeSaoyUU011f7I9tdDpBrJee+k/2/4d98VyxLNmjVhjeaOO+7IZOQ9WBLFqpIyqeXmAic4dvIc6NfZCx1WO3+q/aKdd/JO8vqOkbNKZRhU1eMTmF8WpaeUhzmJg5ae8+MoFm+dyzcvK57OZPZ8evCVPQeOnTp/4vSFeDzZ2d0vbUTh8Yet7kbvXyuViqT2YnyasalEY0g3tQD2blvJ7QSUzsA1odESVGm1eLDnN/f+iykKBjwdEL4hM9ers8oSYnb70A9gzOFYSnwsA4lCbsbpG4Pplky24PBH9TY3pEXnoAmXozmRiRNUi7qFtYHOGTRNJIYixDQY89yIOBPQeq3Nx3uDtUFgPYdiwbxlv2ZzxR5S9J1GvdtcJtolE0lUoKiEAUx1PQfZMzbJ0RmQaa3F0TVkJgqEesTV36/G6unSmNFGa3Um0qR2JEv/Nfnck4BnbZkKxR8mcfZ+q0sxE0M9AtEkLqG0+sHASjG6/GPCGwMLMWxUKIHiC0WNnJeEVEn3KIJ4flaG8UfjzY++/uvdKwKhqMnK371kw98XrG68mNMA6RypaoqvnphPTk2ZnLs4yCRBJptvP9/PPjNlcumKFh8ydEVsYMg+phymCIkyOWqNJxPMUkU8jphu1wcnXfg1NfR1K8oE00WwXTh2bNce1ZvrN4F4JqnKRDXVVPsj24p2klbrI/0k1lsMBPSbNtWUSe+HH65du/bOO+8UtxHjWpCUNKk/eWiyMukZMibS2csd19rPX9EZTIFgyGKzY3s0nnIJUaudFH0zijxYdJwPUsTjFSLxZIEmYKVuP4GmEcxigCw63Z4GFC2bKzQtkALCJ2aBoJvSFq1BiCQb9EQJ8USGvEKWi4Su0txHGrNTuqMhmDLJF4o3zVjIypyzbAEaiwOaBE+hnviOPRGbB1IhFE0q3QQhzS27+rQColLyxUg8ZXMJOrsHDwId6NPbNSS3mIyzU71d0048rCr1rTIoJ31iaEWZAJFEZsjqTaYyGI18seQLJSyuoIH3FwpFPJdQJH5Na6n5cXVrzExRmJRzrDFQZeKvrwGayeU5j9ClsVzTWQ12kses3khCW5u7R2/HFNXZnKD7hVKZCBS5C0KTcJ4gnnttyWuUzqjJrSYQp4sbSgpZFqx+ouzUrcHIkwWf4HgxU/SKZhCWr81CYuUhY5qF1IuRyuTKRKeNuDz+Oxes/ft9q/UWLplK251NpkED0GVMMuBiPjk1ZbLng0P7DxBHqVEqTsTK5IdDl8Rq5PqVyeiIbdf+SRVbtL8cHKByMUqXU8inZsqEwdeuBtb/JhDPJFWZqKaaan9kO2IrQ1T8319LS/jV8nRdXrRo3rx5L774YgPKcv+pjJIyyYs8XnAGEIJIJGa18/hMlAktYcG8s2DMNYtFM7O0WqKLECTSOZ3dp2vGLGs4dbl37tItF7sGNj7/DqPg9bB5QjgnpJF0hwjojDg9Lro6pXDzGngPCcaQbm0Gg53F+0q3A4EI2PAUXnvXIEQSGOAljz1/+NSFJY/tuGV22zc/HUtlc9Y6sotLdw+ZzQ4feyjSE1GQOF7yvEZz+RJMuvuGokonEkuBgBtPZfJ4gtBUVwaMEr87ZpJ0z9WxeiaiM9ahRWUySqJKyMqJxuY1cB5fIBxPZR3eQJfGrLGRRyYaQ6JmPYGINxjRNKvGY+I9OpurQe2aKq1Xg2+Jmfd0DhrpsszYGlG9mRwCSXRmsLMsZ3ZPkAa5ELESDEULxfJLuz+9+a5F7ZcJccXz/ef9a6TXGwfuEZKp9QlcpfUTTQ7FnHKjtI2B9w4YuZqHG3podPgxDyc3JEBjFuXS4IT1MNv4W2cvuXXOkkPHyZptMBL7x/1rb5u3rLE+bArOG0A/xXxyaspEq+d30aiS9vMDNZcqtsVoduMDtuNzbddUIYmArwR1xHdrz0+/9Aj0T3J533vkV2sq2/VNc2Vy+ccxf7CvT/+7nVn/IBDPJFWZqKaaan9wY0HwK85LPZRSWu3AkiWyBUwkwOFPdRbqzxwSrZkAmXyh/WLXsZNnj9D0wRYrZzBbI9H4MFUhE+0awsqR9FxNqQnbveDhp0sUMxdt7htkIaCiNtUqmBbxPic8I1QrVy+LbC4vJn/9Jr7xm2BZcO5pKhOl2iM6GwlIaOWcb3/81Q/Hzo6ydAKp9CdfHvL6QjozB9Lm8gQymfytc5YWS5VQPMVors7u6Rwyaa0kzFd6rjqs3bZLZ7Tds2Lbfau2t3cOkKQCLXTpxgLaiD2geo5un5wewMiR9SLxllG6jlTrc02ZVMdlAIsAgRiIJjNWlwB1wYpFXtNY+o3ckMUtm2jL5PBrrU5og0giHU9mjl/oPnGhmyYCbjSkUCY4qmkwDAO656BRGeiezS1Ae5C6KEYeE4Z1STIUbHxMDl+fwW6wu/3B6MyHHp3xwNptL70zSoXWbXOXSa9BAe2J753H38jvUQLi/UVVVoOpwMLZE+lsrQ17BSArto12FzoPtSPdoQz8YVn6+Ev4mc7m71u5+ZbZS9ovdeE2r39+4gxuISTmk1NTJqPjIe/MLlyeVBBRvOuHQ5fEu1T8LiGeSaoyUU011f7g9n9+kWDiRPq3Etyi0DyiY5Qqk5P2Sv2ZQxJlks0ePnbm1PnO/kHt8VPnoUnsvGNid2uIJdKWZvWnwTqS6Ty41PyV20skDj639PGXQZclzUDQveOOYaCeTn/jZZPqNe1E9AVIZzSemiq9sbpIgiD2ufVDiYuOVd65hST/VcgmjOuIk4529GoMVjLaHm9g5YZnbr5r0b1LN2JM/nb3chPngSa5dc6SQrGcyhbApLu1FovLL8sOlYD76uzVbn3hzRkLN773+U+t6JkpgXocSTeKIUSIpoJdqwuS6dXbxS15X8TIB9gJ2ShlswUoB384QTQyvZaJZhjDaHCeAHQITZllv6a19Bh4rdWtJbE9xLFQQvrFBkaOCePwCDgWA7vxuTdv+udDN81YGE2m7a5G3HpKygQdtjhJUBb7tUJS5RYCkbjGwncOmjAUrH5lvfG+UK5Q+uK7w2/s/dd9Kzav2vh8vliOxJN/u2fFKH2akkVLiAccVcsG1gowjHqbu3FNxkSaeIiJXwqwmK5y3QsR8h7B7tFaHInWEvoxVCrDMxduYJ8zufzWl97586y2o+2dTSZTa4D0EvPJKSsTQGdw6I1Ol1ygG7ZjL+8YX8hQ8buGeCapykQ11VT7g9tRG4kSgf1oV3QgUYIhNowD/6+vkvWnZVbLzSWG2WobGNJDpdi4iejkFlGliao45femRp7UM4EsQUuQzqd2flgoFoulUixJwvdH6Ctw7ApGU7Hxym4MQjgprhdej3yxdFUUcALO16O3TonhWJxBtI8kMno7ie83cAIIcdPXt1oLeVUsWdLBMaFYEtuV/P6hK/40cxGNH6kWChiA8u33rABRA/XcsO3FRDLz9/vXd/Zobpu7bF7bY6DOW3a8famzj3rSTfmNMmXzwys3v3rmQlcuX2igG028/OtwqALpJhGqJMghx/uiGDG7J4K7qGeW1zTk0Rg4H26hnohDI0xowiohqTqbX2uF5HMPmV39Bq5r0HSpT39lwNint+tsHsgzFm1ff6rGpre5Bozc1UFT56Dx6qCxa8jcrTEnM7k5SzbzLv9f5q0AxZ9x/xqlEa6OJXRu9XuBwaTC1SndQUEFBqlFE0tlcM6uIVO3xqKxEk+zfKGEuXfTjIfwLXjihbfQMQzqJ1//+uGBn6Lx5ENrtv113vL5yzeu3LiDnocok0xOOtN2ffDVhY4eycYaUtk80RI2+Vh2Bt5NRrj2NNm3G1vqxycYISm56he7GuPhTTuisUQinfvsu6MWG5kDmJ/hyA0riy7mk9NRJipUMIhnkqpMVFNNNdXmHCWBIrAc8WyaAthRGmGk/pzMIpPTAmuN1lPnrrBi8F39OhvnmIZPlNZGqpfUfsUZ3EIkLFeXjXhxZLKgI5lsrlQqaQ0WVnVR2m4cIL71lEgM7O3V2cRMVGcjqxmg/0pxLGIYeVAusPOJhE5CJAWV0viiI6x+AucTewElkxmt1VXLtTpK+3bHvStF/Lt627xlRrtr7dZX75xPtt+9dFMkmoAy+e9/PvTMrn0QJ5lMbt+/frhlVlu5XLZxLo3BJj4cEm6Y3hcM7BYGHixr2PXKni8C4fjVfsOm596W1R4MUCayT9wbkHl8siBPM5f3BqJGToDSK5TKOCHxv6K5E65pxtzg+/STHhOsR2sJRJIOf7RHa71CHbE0tELlNOTHlMzqDkIGgOh/9u0vf1+wzuUL3rtsYySesrpIYXsSvSN6+lNVJryXRmUo1LqRRZXk1B5xegOzFm/64rtf7394G5sSeMorN+0IhKJQsLfOXpIvli2c67Htr/qDkblLnpi7+NG/3r0c3yaT1X7oxMVYPDk8PPLj0XMDWqP0AuPgfWED70cPpTtE0E1eVKGJjAXZZRa6YOJs/E2RIJvL3zRjIQTYTycu/mnm4my+CFkyt+1xabvrgJhPqspExfQhnkmqMlFNNdVU+9Fc/v8OpqAx5h6fgqfE5g6S1+v/PZiqP2HNwpMDxaFJDh87c/pSt9XGF4slzuFs7HMvC73Zbhgv54cfLiHKueX5LmhoLEnuCLIkEAzfvXzr/m8O37/6GaWLhmKZpv4qg2ZezDsHjHxleCSZyh747nDTks1GjrwM5n0TbmPofyyZbZqG2GB3m52BkKiiuZUmUxb7BeHMoL+lchmUkcqJyo43Pvrx8Kk77l296fndw8PDG599o19nfvzZd0DXUplcLJF5+pX3+oaMf7t7uTivK7pUKJXsLvB+H/EUoomAWS1LWcOudKbw8VeH05l8LldiofCyYKpMupXCH2q0ZiILaBIhnNRawX2jTn+ECYzBcU5fKJag3CQiodfADZqdN6qwY4tmdQUKxfI/H1hz532rb7935ayFj/588hKeuMbqGjDae3VWi8ObzRWq4zCTIG95D716kKgMpxCON6oLJIs9n37351ltTHOevnQNU6JUKs9r2xBLJG+bu/SRLTuLpcqvJ8+/8/E3ez79Fi3xPXpl9/6Oa4M73/0cv85fsTmWSJ29co0VHmU9l1yC1Ur3BRtl0oPe1lon1DVbBhRvYSD+dU6Bc01BgAEagxX39cjWV2YvemzBqq1QJhYb/8YHX0rbXQfEfFJVJiqmD/FMUpWJaqqpphqz//VVEkrj//iiJY74Xz8SJbNnoFh/HrFJlEmV1BaoGEwWvxAEKzJZbLmcNPyjKZi7TigcJUVOlKsleALRMl3H8AbCc5duWbju+Xc+/tYfCOULxUe27ioq5D4y8wFPoJGzB25B7NPlFCKZTOGW2Uve3PvlrXOWRhrm7AKNxuEu0foAaLzdPbGEogQ0AAelb9Md7Ffmjg/6KG723Jsfv/7Oh3fcu/KW2W0L12xzuHx3zF/z3/98aMvLe4ulciiauOOeFZBP5y513zZ32d/veziXByEeo5XgbTqrC8ZYO+HHdKHGyPt0Ns+Q2cmyCfcbuAHjJDNxXgikhWufm7PkiYfWPv/9oWPiLokByRKMyXDoSmUklpryNKghk8336e0WmodKPBkS6VyDDMgtGgYBnHjI6uk32K9pLCzwvWvINGByOL1CNJnJF0skTZbTP2jiMMj4NVcoYjvnDeisTo3F0TloRCN0LByN+wKhSCwBoSLJgUauQsLl3Tizia6BUIe1JrNilK4fWibHabQCdAaPOzGuh6Fa5y3d7PQGwOMxPW6bt6xt/bPo5N3Ltpg4N4Trn2YuxmzBvPrkm19nLVw3e/GGWDKDyfOPBQ9zTu8PR07fOX/VPxasgUqp0gAVdlqthWT4Za8GZFEZHkaDqMipkhWz94ekX0ATTeLHJC8J1PGE8kWSDVnSrB4YmY8O/HDzXYv+Mmep0WL/2z0rb2wElJhPqspExfQhnkmqMlFNNdVUqxkTJ8y+t8lw99Pu8srzWdZgT38TWRKqUyahSPT4qXOHj525dG3o6Il2KJNQuNErVVlUaTEBu1smr6gsQLZWb309nkjmcvn5q7ZT8qTIabDXE4hLGL8EpMoeDSxmjjoPPrzl9Xc+qpJCe8OQKA0IE81XW6UeTWP0yBNMGLmWbgSHMDXiJq/Is0Io7qZVHXDRBx955m93r2hb9zQ4OhgkOOWHn39/y6w2HPLnWYudnsAbew/84/612VxhxgOPSLqHNkIgOqFGHD69zZ3Oklf44mbQJxZnwGD3yt4bRGYskUpnQVaLsbgiEyWEOCsTJ4AOp3Mt5VqQReegifH7ziGTeHuVDG+4c3ItmnpjqgBm5KEuHNc0ZpxnwGA3O7yRRGYsx674vBQOb6gmbqs0m21Azp+Q4eU9X4DcgxyD9K9+8tVypdKnt3WRmveckjsZlYWkyjuEkN7mcviC0D8VGgJUezT0iyAfldEYJA+1w2d1SdeviqUSTuX2Bxet3f73BatvnrEQd79g1ZZ/LFgNmReJp9CBv8xd9uLbH6MvF7uHlm98GYMTS6SFUPRy99COtz7O5SHShAET1zFgGDTz+OwLRSHVCtTrDzdeoQNKVFe1Gkmk0EAc62/ivXrOJ8mYjANwj3b3RCg4/a6RopZ6zg8R2ODrPGSyUyeuEjo/Z/Gjm17YI21xfRDzSVWZqJg+xDNJVSaqqaaaajWD2KgpE9isY+kD5uIVf6VDqHxrLbG6Jcz+l3LUu9gkykSjM3r9wZNnLjpcnktXuk1Wu8vTKEBWFqAhGsukEIumWLF5555Pvy+XyzozBybU+L1pqTzsFqRvbSW4RktneEOJeCL93/98aOXGF8DLC4US9ECDk2utxPnKYBey42Ve9HYhGieh+a3AQuSBYHUFSqUKFBEuCI7X0d0788E1L7/98a1zliVTGRIhUCh39+vBg8EC5y5+lPcIyVR29sL1n393zMJJB80rhDGSIIhDZqfTH4kmUvVrUGB+ersXusjpDUl2Mfz064nFj+5Y/8zbX/58yuWXbzNKiC/hpdKtJJ10Kd8w90ADjIwvH1mo3xTbWKXkNZnJgc726e102cets0nXT1iQQ5fW0jFo7DdwOI8/BJqdLbawBBGOp2v3UqkQ6pxS9gOcvejR9z//YdtL7yxYte3muxaBoUNKYMKE40mN1XV1yIxusGWBeoN0QT+HLM5rWku/wW53+8H1aWIxEl3D1rWmpEyqZB469Xa3UjQ5Jk80nhjUW5i4/erH49Dbez49uPG5t/ArNn7+3ZFcofTmh1/t+/InXPrZne8tXLN1xePPv/XBATxH1m2qcknkT6+B69ZYILGukRqRuAWbxuIwcm6Hl8Ro4e6Y1mLAUdgruR0MLM4jWXtBE5s7CA1j5L0Ov2Iybn84znlDmVwRHQ6EIv6A4uScHsR8UlUmKqYP8UxSlYlqqqmmmtgk4kTWWpQlobrcXAODumKx1H7ussvjO3O+w+cTLNZJGV1bBAg0yEqN3zcFuOCb7x8AL/7s+2Oz2p44evJ8qdSICguRRGMPGZD1cCxdKJb/dvfyy10DvkAEkuAvc5e9/MZ70qbjAHeyuskqRzCaMvLkBXBleMQdiCmRqnqgJa4Iu2/lFhKmPGeJEIq2rXtaCEawMZcnL7z/dvcKbzCezRW//P7IWx98fuTUxau9ekb7pKcbHc2CR9Iyl/HJacokGDSSl9/ZvOKyxsJ1z3sDkV179r376cGksl9WKJ6Wfb2dSOeH5ba3gkEjx6jwoMlhcZIFH7YKUVsFwq/QsfgcCMWgOUHHsdEjREqil/fSk7aAeCrD1kxwuC9IFp2UgpeABx7egrkKYYaf9SNQpfoK3cnkCpzL3zFg7DdyOhJZJLOWUrspUubPYMfnbo05yLSK5LwKoFHmgXqPKQbczrINO26/dyUm0nv7vx8lyXaLuXwxFIlnsjnc49/ve9jhIbN3zqL1qXQWKh8aGPe1ctNLF7v6oUyUuq1g9F54v87uZbeDn05fkEmvUeK7ldGSQpbSxTrs9ATGllvxHCGwDbzg8IdrTxMd++Dzb/UWB+cNd2nMjb/O04aYT6rKRMX0IZ5JqjJRTTXVVJOY2KdL1lrx42ImUSZur9/CuS5d7Ttyov3oibPpdMZstYkbtAji2U+4ZrRFNga+EonG+jTGOUue7O7T3L/6mY5eaeFFMRhnlW6djHJ52Mq5/zRzcSZbgDC4be6yV3Z/WiyVY/FkNpuXXTlx+AkdRBu9XcAhyXROKeevBOg/54KOI0EyLl/w/lVPGmzOjc/u+vaXk2u2vGznSUESnLCjR/vim/sOfHckmyvwTt/ujw6USiQgXnq6cfgCUbBDrcXVgJ2TcCCH39CwnuMDjzxn4jz7vzl87upQo8uFk7InCUXSTUdbCddoBXTYkJksOzBNYiYrCaQuu8MXhGSKJTMmh6C1unCVcCwBNnz9PDWdyUFV5otlTBXOTa4oe2uj1F/unuVP/HDknM3piyRSsqtGDOieRwilM1l028S5wdH7jTxb0ZKl+2yj3u4ZMPGDJs7uFqCXCs0CMBIpUhGogftcLpc/d6Vn/9c/Y/LgVC6BDCDbhV+tnDNPyxwtWLUFYguPG5ock/P2ex92eQMYkCGzo1dvp+kHJgKW6jtfb6wZDsTt4N5tbn8yk+M8QbMzYOKlK6tEEIbEmSSqoVjK5gnyvjCLLiuVy48/8zrGHFu8DaPwrwdiPqkqExXTh3gmqcpENdVUU01i4eToR9pCvSD53+hqSeuyJFSnTEaJqCDlRWx23myxDQ8Pcw6npEGLMNjdWpsnMpWsRAePtBNHrpEq73CZrVxjAtci3v30u4fWbOvTW/88q+39zw6WK5VVT7667cW3QdckeYSfe/19cfKuTL5YoLyWqCC51+1Vki1gWGOwta17+s1937yz76s/3bVo8SNPZbJ5o9U5r23DrIUb5rZttNgdd85flUrne4dMS9Y9nUxlTpzvhPghqysFxey9o/T84O56m6egnOQXIwTia54cDCABzmPjHD4hfN/D2+ct29pAYygl5nIJ0ek9i1gqV2O9gyaHzR2MJzNFyqclLf2hGNoY7bhfl97eauarxsBESmVzkJdQKfgp3U2BnmBArnQPPL/rgzvue+TmuxbdTksZyqJYroRCMhwacjSRzjh9wV69rYv4RFnrPdNqZqSR9Ne0FmgVEPpMNledPBxQDuKk240RT2UhDBp7Trq8wsXO3qWPvSDOFo1rWqi/XCKVCceSbiEMw3cWkqNjwNBJ6r2Yu7UWiBCdXd6NzUK0CnFmIwspRnssRcLrxeeXLUtSJaWKcM38orXbb5qx8M0Pv0xnFTXY9UPMJ1VlomL6EM8kVZmopppqqomt9sr7M6PUrev/+ToZTo3C6o9SMnEN+FEazHryzIUjx9thJA6+RzONYosMkRipvKZUHF2MYqlk5LxWdzASiUE5zF26ZfvOj5xuX9ujL0ibTh1gQtF48tFtr4WjcQiJ2QvXz3poXSAY3f7yu6fPdYC5fv/rGSgxvZlf9bg0W/H6rTtvm7vsjntX/nXespNnzrOzgd7hkHQmb3d4/zpv+c9Hzzrdwp3zV0JpvP7+gVtmE9d/HJUrlLDlTzMXVyoVrdGODuz710+1EofMv8jMN6LgmVwBA1hL0FQPkjqJBj80cNDq7NE+9tTr8UQql8ujYxc7eqUtRFCK9TdwfqmSaAE4hNWWMTmEaxpL0zNozI5xynvDymrjeW18fs8Da55dveX1+rLlPx47f+f8h93+4O6Pv/URjzsSAy6rQhmy2VxGeSmDoUovCjVbJDUWx0Lk8RODILs0YaauX9ADV4dMEDbBEJkYnCiavDF0NqeB97toroUpgeb/JY9GukMEIpnovbBSOdAeWqsTugWyilWnkdwIRFeP1to1ZPIHwpicqYZjhQa5fGHry+/dMqtt8wt7hOCUb6EViPmkqkxUTB/imaQqE9VUU001sYm9cSBFxMoEWqVaJQ2yhVb1iUSZgJZ1dvcPDOl1Zq5v0GC0OaFM6t9wt4IizR3cNPwXXBBtGH/lvSF0fvmmV9oe3REKR+5f/Yy09XTBgtFjyfRf5iw5+OuZe5dtwodQJP7CG/tum7ds+869n397+N3935dJBPhEhfW1T77yzaEzqXT25+MXIGnQN4fbt+HZXX+7Z8WTO3Znc/k756+CpMnmi3+ZuzRfKB86fh7KBEwOv+rM/M9Hz9w2b4XT7SfcrkTOXetPMJogd92wAB9NSCVUlJ2vHL4gLWPibTDCHb26WYs337N86+PP7v76p2NLNrwkbSGCkjLRWhv1UwkYLrZ0AHXq8DWPbIbYYxw3mVEUWlMF+PTi9S+89v6XDz/52re/npXs7dOY29Y/e22AZCPAI8PnZ1/fy7knStBIkMpAmyiG0UtQHavJ6MgXS/5QDBIC+mTI4pQNUDFj/jsFnc3dZyBaDh+SKVLkscGTZdDghDZ3vqi4qqYETB50g1dImSCLKl2GSqezmL0aC5GRGqv0Xog+4f39Rjvu1C2E8wUSWyU9EdU8Dm8AajBfKO7+6F/Qh3gK0kY3AmI+qSoTFdOHeCapykQ11VRTTWKxdDWRJSG5oyJxAlki+VsKQlx/rMQyOflA81QqbbHZzRa7nXfIcotWoKd+IKGofAGWKilH6AP5NjoEXzBaLhN2BTq7++NvjRZu0foX1m9/q/GlOW+4gW+SBDhVLJG+c/7KVCZ3y+ylcxevjyfSt99D1jpOtnfcNGNhOJb4r388+OeZi0PhRCZT8Ifj73/6zWdf/5zO5nP50s13LYpD2MxdtvXl9yFF7npwXTSe/POstjc//KpYqtw2d2k6nccZ2tZtN5g5h9v//oEfL1/tB5MrFCt6m9Q5JxRLGnmfSXnNBL0lI6Ps1ZPNkxUVWFGZleLqEFr9GgPOVq4M6y18SdkxbJQmJZNuojDy8oqlMUghSNrDWkqupuDcAZqnyyndMV2cvtCJh45HjHny0NrnJdPJzHvGkuSOkCofnNPbrzVnsoq6KJ5MtRh3NEqeIJRJoD4TWpUmJeM8QteQ6eqQeYhS/HpjFH/I7LimtQyZeXxTIIqqk28AfUZLp695vZ16mHgPpl9Q4bvZFIFwzOIUMKrxVMYlhK8OGklNybq7wBzuNfADBls6Q3y9ar3c8da++1c/ded9a/C9W7bhuSG9WXzyGwgxn1SViYrpQzyTVGWimmqqqSZr6dzY23SIk3pZAmSL0kPqrT7UGPyhW2PKF4pen//qgMFoshSKMidvBfFEUs+RdEyS7biE1uqkHurkhbrEf+Zyj1Zvsubzhc4Bw/xV25kjvrhBDdgMMp3JTaF7sUTq6LmrKx5/Pp5Inbp47d2Pv4GueHT7axAeGArwpHQGVy7Fklkhktj3r58//PxgNlfMF8sLVjzBuwU0+POsxS+99bHHT/xV5rRthjgplsp7Pzv47a/tVZKbi2TeFV/RFyJebXqrS7xdz8KmecW1CFY0vf7pMFDd4jdyPiGkWKNjlOif1OJHd8xd+uSCh5/Gh/bOPqWRHKVCkfNNhCxPbK9CY8jHnzQAjtJYnBayYOJucFEJ0DKayBBGq6zZpgSSl3nplvtWbYfQ/ebQafEuXOuBNaTOzC2z226ZveQfC1bfv+qJF3d/xhSyLKAnWfR2KyiUyriRpu1B7vGUY6nMgNHeMWAks8IpWOoWVSzjWmXAyF0dMvXpbcFwFBob2yXVRVqE3u4Zous50h2twcSR6Cbxg4W6wxfB7PB0ayx9epLFS9J5lt1La3GgJb41yVR260vvZOjCY83L8YZDzCdVZaJi+hDPJFWZqKaaaqrJWk2ZyMqSURLDXa0/SmISby7A5fYePXH2fEePnXccPXnOYLIkk6nWyaUYOAoESOLLDirm9DKyEtBYXPVEcHh4BGrkQkfvq+8e6OweeOujb8SRuxJw3rDVJX0t3RjRRPrgLyez2UJnr/alN/cViuW7lzx+7/JN5Url5hkLc/miS4jaPUEok0PHz+9859NMrpCnESMuf3DByiduv3dVMp1LpLPd/bqd7x3408xF6LBHCAlhmXjf0TEVQdKq1l6f5/IFUhjRFeBodldZaMyk2LbSqAvhBKPvEhU0SiUBeTlNMTwyAqV0qePaa3u/emTbG43D37HHHZTROTgP55YJ+24MkGYWinB1cnXFpmCiC9NGsaOtIZ3NJ1OkDuOFzv7X3z+w461PJDKvSjPIReLJDc+8sf3V9x5csw2ak+lMcTMxwtF4g8xmEiQzObMrMKwctSJGlU77RCpjJmUQ+V6dFbpOL+v3RfSJl/l99eptGKtYIt2K35cYVRI75B008Q2CahoDAoPMT+nmMaHlC0YHTNyQ2WngpJkA0HN8of6+4JFAOL543TNQbnc9+Ij0LDcOYj6pKhMV04d4JqnKRDXVVFNN1qLpemIwCa2EmtQrk8udPaVyeUCju9Y3aLHZvT7B6yPV1qTtWgOIPhgMc+gCDYrGYkaeEFad1ZlKK1YwvNLV1/bYi7zb5/EJDz7yXCSWxLG9A0PSdpTIhmLpfMMkV0oolyu337v6nwvW3HzXwl9PXkRX8QE/GYXyBqLHz13dsuPtVDoHDfCXOUsKhVIkmnhm10e3zG7788zFhZYde/I05AZG8xeXTLyf5MxV9tSqEkcgQaeQPKBQKptJwTuX2eEz8T4z76MZeL1g8zD2GYMMQzNILE8wlszkcV8YpXyhZHX6vKFoLJGh4oWQVAZ8TqZkgijANV00mXLrAPW8Ol7ZfRpv5eMpsmxidSrGe7QC3GE4mpjV9sR9Dz/96NNv/Xz8gtIcvv2eFcVSBYZp+vcFayRkXXyUfyrJbe1uoiKULlqP4eFhM88WIsYOgapJprM2tx/qrktj1lrJGlS9ja2lmEmpR7vbz1KfNb7qyAiRf77ARHWRqUJvJ8XgpVvrgK+YJxDpHDRCZXlDMVLVp1CqDI9gJNPZAhTjHfNX3/XQY6OTx/kGQswnVWWiYvoQzyRVmaimmmqqNTBIC9n/0kE+6hvXW33W4FKpfPLMxdNnL/169PSR4+2CEOSdUoerKUFvc+vsPquL1D0AkTJa7OLkvLIolkrPvfHxwnXPX7qmKRC/ssCcJU8OGjlpu3EYuEYUUHkP4UNghMFwFDdIhMo9KyrDw0IkwXnDWqvL5vRgy53zV720+/NUJu8LxQPRJPg98e8qlJz+CNQFMyPva2Bmmn+JkUgzLQoO7afcqdFckagjViiwHnoaVs7ODCmis3k0ZqfG4hwwcjCdDYrF4/KHoayEcCKaTFEZ4+S8oUEjz1IMj9tEf6CCzA5vNJmuT5EMHhmM1enXhrimsZjpy37okwa32QDMEwx3yntbjVGpR5Xm88Uw5vIFUGGlGbJg1ZbZi9Z/8f3hfyxYfcusNrEw8AjhBx95dvmmV5m7kc8/hc6QBAZ1VT4awCWEjQ6/xuyQ7qCo0m90qVyJJjNQIBCffXqbgZNZVKGJE/wDRr5ryIT+pzMyzpCZLHEDa7A6pASa05ucLZsv6qxO6W5lYFJhIkXjqZvvWvS3u1c89eoHWWiUciWZzuCcNnfQRPN6aSyOAlFW0sOnDTGfVJWJiulDPJNUZaKaaqqp1tjSuZFSRaocEtnm4e8hOWVSKBQOHztz9MTZU+eu9A1oU6mU1c6z2m3Tg9XhNToI/QWLAjNusFRSA3hMJJ564Y19YJbfHjp936rtX3x3pJ5g1RAIJ8FzpFspcEygfmFIDuBcHiFUHfeGon4pZX8wmkim05l8Ols08SRZFgSJLxxz0xqIIpbfktFDAmbep3wr5Oo01kKQdQRCr4ycT2t1h2KJUCwZSaRT6VyW+JsVaSkYBnYHY3eB67r8oRFafSWZznoDERv1BDPYydJKrW+0XCNZb7G5/L5gNJbKlSskTRl+xhWKgcgCV2c13WE25TxXjQHhh6liIbndvBgN6e7WEIzEVz352jufHjx8+gpuXLp7HNcGDLffs/Ivc5fOWvjY979OxKKEY4llG1/+5eSlne99eaVHi6GYUgosI+/V1kVYNQCLIBciMg51YqAbQ9TTD4/JYHNeI2zepadfLrE+Icm+eF+/kevRWdEsHEsSTTF+kliSFHOsT6PcFAarg6QPxmjmis6pi0YoIiiTh9Y8deucJfNXPPHCmx9ZeQ8mmNU9tvgDRdqrt0KOhukyqfT4KQK3LOaTqjJRMX2IZ5KqTFRTTTXVWrRklqTtqt/ewOpJu0B9PAipHamaLLbzlzohVGDTJgrRBKFB4BxKiwBi4LpQMuAooXheCIZmLtp8tqO/UCj2DeqqDeg8cS+Rj8oAXQ9N8ZV/U4DSgTqLrUQqYVSUrHYgBgG31rgmBobd5iSCof5+yeA4ydpL62+740niGVUfjlJDZXi4UATXzNDAA4fW6gKlrhFcI3E88+lsHjPvRa88gXAqSzNEidzAJKil5NKQ0vXSvVMC5w5CgxF9Ync3iJBRwit7voBss/DunkHjJ18fkuw919F7uasvEIpcG9SPiToamWNxeKE/Hd6gwyvcv+bZfo0J4wOijHtet/3NtsdeTGdyvVrzxhf2vPHB1xev9o3ScoeXu4egX6v0DKP0SUEqayzyCyD1qFIBaWktLoUFb4hj69F9KHlcrktjUSqMSJZZDDYIFb3dxZ7RNL7R0AxLHntx5eaduPcLnf1COFY/Sxsjly/MeHDdoRMXhgz2E2ev3DH/Ycwok2NiytUM0rRHZ9FZndlCkc64qQFHeIIxMZ9UlYmK6UM8k1Rloppqqqn225lEmeC/c6ZMvP5A/6AWguRE+6VBvcXtnmaupFy+CKpkcvjBeqX76oDrci4fc/py+kKpVHrnu18USyUok8XrXzh2vkt6gAjheFp22SRXKP6mRaanhFCciDTwbOkOESrDI2aeJFOW7qCvurUkMHoKz8LlD4Hyil6Xy6NK6s17QXnj6aw/HIMOIYEEJHsB0Ug1smhy+CBdhsxOngSvpJPpbH32sF49qcgB6zPYJbumCvQqTNMrW0i2gKDs822ADw78jEefoyU16pntD4dPnzx7ubtfd/NdC+9eumnP/u+6+vXBSJzzhnE5uycIwXnpav+MhZtOXOgG9Q9H4y/v+eL0pZ5Pv/7ls2+P/POhjc/u+mT+qu3g9w8+8hwUy+JHd2Ry+ceeeRvq4nxHr5X3tB5jg2G0uEj2qvp+SlDTMBJdUaW7EmlSDLFPb+032PFA6+k+TGvz4hkZOQ+eIL6e4pM0BS769GsfLVj9zIKHn8YIzFi4sXWRzFAeHr7SPXTzXYtCkTgGKpXOQGL1623XtFatjahQient7qtD5gGjHdKr6eCIgTlvdfrEfFJVJiqmD/FMUpWJaqqpptpvZ5KQj0gsAbLSfv7KoEbv9AgOpzuVTnP8lOstonEgmrS5ApF4Gp99gQj0BjSGtN04kpmcwxcCHScc1B2oMelUOrtw3XNv7P3XmYvdaza/2CC7aJVkEPaD+ku2+0PJprz83wkbXfSwOgUlng2qx0JHJNurJNEZ4Zog65JdDWAgAqO5ksHJSTyMQxoXMUKWzkay+UIoloTI4d3k1TvOyRQLMwgYlz9cKJbQOJMrsAwHeJTR5DS9sCQAf6Wl7sm17G5SQ0Paog45+pZ9z/4f7lnxFGzDM2/l8vLqFGfDgHNu35HTl9/44F8uL1mPSmay+Xyha8AIHQJ98vFXv57t6E+k0ss2vrztlQ/e++wHGBRLsVSZt2wLutfZqz3W3vnQuucxCDMXb/7l5KUHHnm2Mjz89M4Ptrz0/snzV9Flo811/Gyn9PLj0FnJYlorpdyphiG5thuPQpWu3gSjCc4jQKVATJrIGE4i/cyFjzpQ2ZgLH4uel55rMnBfvmCkVILEGKlQfz9pC2WgbSqbz+YKgVD0r/OWLVixWbzyM0Kro5h4T6/eyjzWJL2FSunR2wdNnCcQqZfEEhTLZShtMZ9UlYmK6UM8k1Rloppqqqn225mEV/gCk7hRPJ6w2nlSpsBq9/pajRmIJ1I6u68gemFcZfWwre5MRuruny+W9LQGPH0/6pH4vhcKxY3PvxNPpucs3bLs8Zca+5+A5dRXMTc5pFv+x2GhHBHcXbYaCe8LU5EgHW1fKEaGaCqhC0St0eSw0h11oMrE7w3I1DNRAogvJkYgFK+V2MMZBk1jn69pLNIDrg/JdNZA5wkGx+6ScXWrAUL06NmuM5d7aZwMec2PWSQ7c7DxxyNnZjy4dsXGFz744kfeM2mqGGyuBauf+fBfh9Y//ZbWaIP8+OXExYNHzu7/9vC2Vz9YsflVtLln+TaN0fbtodPg63cv31oql7fv/HDttl3Pvfnp1pf3vrf/YCSWfOyZt6H/5yx5kpVGrUeVpmLTWByNi5+E40SRprMFqtCk06MpQOWFcNzMe64OmZl6rDeM7ZCF1Kq3OjHdElUC6XkyufxL73wxc9HmGQ9tnLX4iVaEIsNt85b/1z8e/O9/PnTzXQv/NHPRonXPbHhmVzYnkw6OAXoYQvTqkEnWPw0TG4prwMRhKGR6OTrq8IZINXoRVGWiYvoQzyRVmaimmmqq/XYmRr5QDEcm5YcFdWOrJUIw2D/UJNJjlBLcVCavtZPcU5Jd0DZgVLxrUqZRUEYWLU3exPO++mIROOETL74HVgcTQjGDhcgkSRsxHH5pCiYjJ+MW9T8LUo6dhnfrbJ76NGUGWsWivjqKkSMuXtbJA9gYI7Q2iMXVnMWyllNSJgxV4rBXMtNUxWa6HGShESZahZTH0wYeayBMalayN/0Wl5BQiMvH8w9HE6ue2FkolvPF8q8nL67cvFM2fsPh8v551uKHVm/9690rb5qx8PHndov3QuGAGT/27O7tOz/C51AkPrvtyTVbd3381aGHn3wNH9DmnhXbjFbHWx99i5//fGgjdPVXP52YsXDj6Yvd9695dvWW1787fLbt0R25fGHusi2Deqv4/DVg2lucgtPXREJDJpXL5QzNaj292u1Vmt0BX3OaCMsCEaKj87DehiyObq0F1B8XktaBIatMlWyuqDXzi9a/IN7VGDfftQjK5Pk3Ph4ycalsfphA5qGIgWtlMlkd9U8bMDvNNMGd2Ij2MHK9elsyI50MGiqYxXxSVSYqpg/xTFKViWqqqaba9CyTr2YLJHOXUmETbK8BIsEnhOud141m69ET7UeOt1/rGTTbnOK9YoBDuANRlz+cUkiC5PSSgAejw89SR3kCJOWu2QlN4hNCUjkhRj5f+OKHk7lcYd1Tb6x/+q0vvj3SIII8mc6LOSi9kMy6xP84qsRxJUurjvjwQXz74PRgVBI6mM2TN+UuIaI8TjLAQOFUeQW3MTHwTHD+aErqC9c6MOxW17j7jcPX4IFOD5AlejupMFgsl83jvmT4NRAhr/bFLas0I9nR9k6Ikwcfea6zV5tISf3KwIkhcTv7tDMeWFugxUwqlClLmolRGSbzdpR+KVis/Cit14GfDo+gMdqNdpJcO53Ozli4CaeDovb6Q6Fo4tSF7sefe8fhDfx07Pzxs1clpwVsLvmEBxIsfnQH5NC1AX2a0PomnL4ByBKoE7qOzDp0OJbMWF3+Hp21z8jV5/iCGcD+TXyv3mqwuZLpLG7ky59OdfXrnb7g3KVbpGdXRqlU9grhXe999rd7Vt06e8kzr39woZPkD2gRVKXkoBW1Fke/kTfR6KOamWmFSoPNiT8sbHCY66OYT6rKRMX0IZ5JqjJRTTXVVJuG1SOalrYR0xt/IOwPTbynBw+IJjNHT5yFWTiX1+f3eP1HT56bOGAc4AG+UNzkEJSdVaoGXiiVyzqzHc30VieLzdVz/qBoiQa8LBSV6zc9AziQEIwWiuX129/ctOO9yXtHi8WyOxA2jRUc9Jo5rzcURX8y+f+g8Pd6lCvDOitZISFubOWx0WOVT8TUs0qSerlwa7UtLcLtJ8HcrbBYMFS0nGo8tBgWp09DNZXG4rzhgT1VQjTJ2/3YeOzKMK2Yrh1fcHP5Q6XxAXx971d3Ldr08JbXZy7aHAjHqBCeOBVDx7XBm+9aeNOMhf/9z4cWrdv+3K59Fzr7ZdqNAzuCsVRTzyVfMDq77YlPvjmczeXR9sLVgX6tGTN/3rKt6PDyja+AmueLZXTYLYSHqdQh3w7icadYq4eBtVy47vmvDp3B3c1YuPFc16C0UWuI0Urz9Yt1o3QaxJJpndXZpTH3Gzgx9WcWCEUisaTewl/qGty190tIMrYOIz2RHDK5/ICJSyShl0kuu9MXuyDnpI1aBr470CFEexil/dTZPb06K9GuDjUCXsUNgngmqcpENdVUU22qVl+lZJQyeHGbhOhNfZWm5MpkJzwiiqXyuUtXj5+5lEiQeiZGsyVP65zUGjCA/UNsGHl/A/objiXdAnETisYSOpp+x+wM6G0ufyBY62W+WPIGoyB2ouPGwIjMkNZYJZm7hJmLHn/74+9qe0Gmwb8HTQ5G6Gtm4HxDZofO5vGQSOzsNEo3/HvgD8XZW2qrk3idVWnmJckb9OGREQyyaerKxO4STK0tXzBl0thTrjF6KBfESXp0Num+6wYdAVJAULKsYXEG2IwyOoQhi4OFNmEWnTzftemFPTMe2njXwk1fHTodT4gWBykwJp192h1vfPTo9p13PbQOEgVCpaR8+xhCty/UdCRL5YrZ5sjkim4ay06WVoZHhoz2AweP4ZsCRZHNF7GXdRgSzuoSEqms2elnT18JuG4gFI3FUw5vEE8qkc6evdLnmXo5EQYSbaJ8uSq9HC6BW+jTW/sMNnGOL7sniL3FYkljtOXy+crwiIHzeAKRrEKCATG8wUifwW4hadbI1alibDKejaEn5Xd8WjPfS1Ih17ulCTqrS8wnVWWiYvoQzyRVmaimmmqqTdWU/sfPFMYa5Ca/HI/EEpJQVJwhny9c6OjB51A4YuMcZs51/tLVWgg7yKLNE3IHog3oBfQA7wuDe7Ff0TISJWHcHiFSawOmxXlDgUii/iVupTKs4/yJdI69W37ujU9AN3G2fJ4QUGyx0LofFhKwQeipEI7FUlmQP18oZiWlzQlZYUTfTIMTjLyPtUQHcMVsrsBcyyTX/TcDHWZVSqCjCLV1CuLMSxhDmr1XmIa4woH1Ob5kkadV55vmO1JCKpNjyhD9TNV5/F8/wMjJySdrMzw3izM0Sssy4snSqpEkhjtP0wRD6xaKZWgtG++qn1oMNodn35eHoGc8/kCepvOSthgH9uD8irtFwITnfSFvncYGgT58piOeylrdASGShCbB/DTSZHSW8YKSSv3E1dM0pdXiR3fc9/DTn3z167krvQ162xh6uwuEXrpVAVXqtxaIxHlvYMBoT2byr+z5fOH6F462dyzf9EoomnTRdTnzeI4vi9MHoYIhre8eDmff1tbLvDRAlazE+kwOL3NAhfBz+UOQx4Nmh9ghTcwnVWWiYvoQzyRVmaimmmqqtW6xdLVxoepxn5dJkKTkquFS9+D5S50XL3cfOd5+/NT5eDxhsdlL5bJbiFqdgXryIQGoYT3ZAisyOvzsUF84DsInmzdplKYhEv8aTaarpNYbiVfxBWPsVa7VFZANOyHEhcRkE0IPnhRLZnhv0OTwkYLZ1AGdGRpQueIxcm6LwwdJky0UqA6SnvC3RjCSMBM1RRz9wR1r2430LqDBRG1bBQ4Ep5dulQOI77SVCYbq6pCZjWevTj7I+zqBZwS1JnYXHCERRLGK2OetStKXMa6PSWUiAs9Z21sPTIybZyz86ueT+UL5XwePPPHSJBdBCVgGOenWOrBEApBnskuIpMKGm0w58eTK5YtQMuL0dGbe4wtFaWKxSdPw3JU+K+culYc5p+fyNc305miVBjKJJ9hUsWD1Mx09ulyh5AtGjp/t9IcTtW9TzWiOLxcmw4CJC0THcnwNjudwCyo4bU4JLHtyKC5dDRslhS8z/Qa7kfNALIn5pKpMVEwf4pmkKhPVVFNNtdZNlhI1BsRDNCrNBMUAYXH2QseJs5ehTzxef6lUttg4nd1nczWXJUpguacqlQoUhYG4gclJJWXobSyrFQkwgKJQ6gZYIFskqcUGVIlD/GiuWIQcsjp9Jo6EUzMlUGNUEDOsCDrnCcYSafb2ffKJfyvgQuzWqDLxFsdFAtVXgZRCHqoGALXFqcIxGepWD1IrfXJZ8daBKaejPYeZeGlFlOtHvlC0OAUhGBM/imKpYuSkUeNVWlnSMB4bzU3OAiwB9OrabTuzuQL0czZfuGP+SmkLERLJtKkuj3M9MGHYLJKdNgk6yLq68jJoLIQTBs5TKzlCmL3ZgcEMRhO4fdbsxPmrVt7DnKBkz98KqkSx+yzO5ipLCau3vNb22IvoyYGfThutPDrZo7PWJoDE8AW/piUuYf5wzDBW6MZ3PU6DNWSyZDDzcl5k5KvE+TRWt8bsEPNJVZmomD7EM0lVJqqppppqrZg40daUEA5HmsoD0LejJ84eO3m2q08LcZLKKlYhaArCjXg/5E0wOuUeg00ydyyYUrg8Q5hWW29aZLBK0hNVc/lCIpX1BiJW6hg27ho04Qamt3tgvDcIphhLZkrlyhhBlJ7vejFk4i3jHmi4opVloLJOoYYJAzoWiadxbIssMJYkw1WZijKp0tEDtNaxJ6KxunKFIkQOLJJIh2LJQCTuo+FDTn8IxrkD9nEzObw1w5iLTbTLh5Z0RUsaLaO3C+G4NOPWKNWfejvpD85jBsXnvIFwXHYtCDf7p5mLn9/1kZn3XLg60Lb+WWkLETxBUhteurUOELS4tE0hTTOdWl6PQDzQ6oGjcL86u9sfilldJO2YaBL6C8XK3gOH7l351PJNr/x8/GI8kRohmPIcZAFFnsCEO+VUMTwy4g9Fv/rpZPeAvnZt9CSeTJs5N1RKv9EO9SUW/GKD8tdZnZgYELRNMwo0AFSHkgKs0vow+PqMTuaTN0CZVLJZmamk4g8A8UxSlYlqqqmmWlOLpEanlw8J/7WHQk1oSqlUPnPu8uFjZ7w+4dipc06Xx8Y5pI2mgkGjHazCr0DRlAAio7eTpRJGehqXQmdpqcyOqb0bxiVAmEAN7R4SPmvkPTV9wgxkEUR5yETeZ3sD0ViKrKuA+JKks7W32XJsqUWAb5kcwqBpzFfeTPy7vJxXMV5ZCeiCW4ialQOdJYCKsJAsXjLKpKZAyOCMkLLfuF8InmgqDfnnFSKd465cfXq7xuzE+MDACyHw2JJUU5OQ1/q9etukpZgqqQsp73uG52Am0UeBYCypHV+Dki1iiJMsfezZW2YvuW3esr/MXdqvMUgaiMH7Ii5Bfl1RDIMd9+5iJRElwBNhuqug4G3JClYmaNJtDHU2X4QAQM8xAazuQL5YxiwLBCPrn35r0foXjDan1uKwOLy+YCQDOVgibpOV4TGt0mAGopGF+FNN+aVADZFYQghG8DNTVyQR18X4Yy5do7VQWNKC+ucLeQYBgzb4EqHn7IsjOVVTaK1OJZ+0Kk0jwdSXmE9erzI5+fnBvd+c3Lvn4Em7fGZ0Fb9jiGeSqkxUU0011RpYMjfl/9TFSKXSmYzMu2cxBjW6YyfPJpKp7gHd5as90CdGs9XTckn4eoBHEbppl74Ib4B8vkBc8MFyHL5SiQWF+2TL5zEQFmh1J8eD76cNyssJ18GpeE8QUoeFqYAv1hfSNo8tsHiHzE4YhI3DG/SHo/FUBvQRGqYsR/3F0ND43VgijYvGqfMPJFbLgzQBEEQwXfbauDFAZsFpfcEorhVNpMOxhC8cRbfReQgkrZXUTMQdSVKf1e7XOO46hWYGzkOGhfOaeR/M4iRmc/lhnDvgCYRd/pCFvrDHhbKFQs1ATzHCiVQOPyH0atsxDmiptfokkUgQXSNyQhwDhW6gq/bxVYt8saSzjz0pSE1JAdAqrRDfSsk/s0OIJZuw+Qp1n/MKIdnnhUuwe5fuoEA3oKZMClVNsA1DdNeiTXOXbvn15EVo8ipxyiKjXf9cTA5StFRrcQ6aiKsVR2ZgLJZMQ0jg9rO0UGOhtZW0ekD/LN3w0tH2jrf3fbvl5Q9ke1sD00hOX7BXb9VY5d29yHOxubo1lq4hM6ZHKzm+Rmk8D4aaV4ihStGgKfZMxXzyOpTJSGrX7oPW8T8m1tPHdn3eOamBit87xDNJVSaqqabaH9nCqdFUbiSdG4mIqiViYzRNqihOyR2iSgur5fL5eCIZCkVD4YhXCIfD0iRC9XB7yVIJju3s6jt7oYO8na1UrHYuNa3CfOiGwztGStze5vIGnIxzk5rf4NnpcS8ybDQ5BKXEU/SlKWHDUxmeVgGBAVaUyxdH6HhCA2RzhUgizXyWeG+I+OTY3AaS0pRwYskKAIt+wb0YqFlJ8e8gOFkgEk+ksoNGDm3sLgFn41ykPWhlKJYMx1PMS4oZ0TnFYs3Iu3IIjPIwPmey+UQ6Z3OTYHqtxcV8qCxOQlj19J29gTB1n5HkNZroWz1fbGxkJcdDqvVhLrDDzby8a40Y7IW9bMwMDs3mZCpCYpDtnkluVGhp5GTWgsh2ntBfStYnUXx8dgvhsWfhIP5d2PjRgR9vnbPkTzMX3zKrDR8SDSez1uatX3WRgOmuikIKNSFCcvUqncTIkeArq0Pe+RAy7OfjF0LR5J79Pzzz+r4iTY48yr7RdBKWypVkJgvFgmnDu/02D4QlC6OCSqk95bHFKPL4eOKgSBzneK/dQ6afEI6F48lkJlceW8MgmNyL0R+OnOse0O9469NIPFUmDo1N5FwNLFqdPRrOE8AkHzQ70MP6iYctQyTHl11j5vHImGSVnm50NBRP4REr6Umrk6zUsQPFfHK6yiRl+eXTgwfO8eJtB94/+IuhiVRV8XuCeCapykQ11VT7Y1o0Tazm6EDfm1YiqSo2jlejngLwv3gkEnNCCgTCoVDE6Y8kEklW603atA4gW+cvdVntfDKVBu/xeMg7bBvHm63TKZSWSmdqJMlkbVJgDv3TW3jWmPdMvCJFt9kSiuy78yLNvQsmJ7PvusGUiWxhdcbn6Gv4ETDFSDwNHqa1OHVWF0SIcbJrU42KjQ2Fg/iJkejk8Y0QD2aarYu6RXmZlxQzjcWlsThrNmDkmKM/auAAAIAASURBVNFfXZLz1K41Das9qZqxztBdwpDZkUyRhR0Y9JV0OOrQUJlUFbyzSB1P8RZw4oBciFGZnlxvd4NZO2jeXvHTx/lZqXV2R+Dfi9Y9zXuEPZ9+9/a+r6FPcg3f1mvJ+p50owRaqxOMX7p1HDqr06gs3nQ2F3oVT8qrI0zyX053mDnPyfPdX/98StbprgY6A4nfXaFYht7wBiMGu4v4PnF+6p04Ngj0qQlmon5r882DZv1Gu4EnmX+DoSiEAfFUHHNUHH3wkefmLds6u+2Je1Y89fr7X17u1UmvrYBkOssmic7mrNIaLy5/uEtj7taY9ZzPVDc/WX8wnzsGjG5/sIRHPkwyldVOqKfDpTCWo2bqhMk+i/nkdJTJwC+H9nzT65JbYnJdPrnr47MDkUYPQx6+7l0fHPvp3FDP5c63P74s3auiIbKai9JN/xaIZ5KqTFRTTbU/mmXyMhRt2gBR9gXC4UisUGjEvZqC5f8FK4ImMVlsqUz22KkLR463yybtlUU8kQRNt5A37iSnFtQRPpcnO9iIkc3mQKfAnECF61eHmPOM1uLIj79CrsFPa8kp1aRnwAldQpSZ2PXfG4zLqp0aGiiTVlClKcKYhskWCtF42iWEQZotTsL4TeMFLq7TzJTt1fubsV103caPy9HIfrK2Y+J9FofP6vDx3qAnEI7EU+hbqVRh/Rzr8ygxhlJ5WEsqvgvgjuy0cTm9IUEDZVIoEPop2YgLC9Dikx+9zR2WbAE8gSiLL6/Jm1Klgo2TW5G74L0kO1ahWJnxwNpEKvv0q+/iXpc//nx9eusacDlaZlG6XYwRGllucysqExNPlqqkWynA1PFQOIVjL3YPjdI+oJ8Prn1uyYaXpC1aRrZQhHal3z5ywkKpnMnmoF7I9HP4zJgVnEdnH3MSM9MaO8ysrkCEeBhWDVYHEd50qZCnBRNbARSIhS6YXB0ySXbhnFCJdpd/wGinOb7GsilIzOjwY++QmY8l09CQGMwGyS0wqwdNYyscYj45HWWSzJZ37T47IN1MMPDjQV85myxKZ21TtO8/WD8Rdu3vlm5SoYBfPj4o3fTbQzyTVGWimmqq/dGsVJH3UpgqSqVSKBwNh6P4IN13HSAhHyYLNEkkluB459ETZ7UGi7TRZJClD7JiQEiG2z9WS5sQHd4vWyYCIopzkfZGuxOXq2eiDLwnaHEGNBaXpAEpWjI5ZloWRo7kPi6Wym4hZuID+BmIpLyBSW/o63GdyqQBqrQCicbsgCTwhuIYq2Q6W8t2xSwcT4ZiY8bSXomTXzGzUxYIZun0Bb0BUlMSR+HYfLHIoqTHvXXkR7VF4EQ215iOAhdsxbeHKROXPxqMpmKpXM3SuUIgmqpXJtl80WBvTn9TmTxbCqiPyS6WKzZ3MJGSRlJhGLRGu93h7R003Dp7ycyFjzaQo9gVaxiwhJGMEv8iIqEx5tGEVE0xdyalnA024n0UqNfeDPNXbn93/w/Q/6lsHm3w9ZG2aBlQ7CYoEF6R0zNUx5zESDh7Jl8Ix1N+un6y6YV39397pFiqZPLF+au211wrGwN31W8iwf39RrsQSUh3TwYuiodlcXihoPoMdh0LLZPqarKW2KO1uoUwy5InOYPJKXiEMQ9AMZ+cjjIBGikT6baW0PXNQaP4y5Kw/LT/p127D8LYhqy99+09B3e9fzg53mzXexfJEs3ug/s7yJ+ngWPH8HnfL7qg4mud3zWytj3HbNKNvzHEM0lVJqqpptofzcLJ0UJxkvfCNADi6BXCHiFSLE6u937dSGeykCXdfVqQUTvvvNg9iF+ljUSoklAB4oIPukyqm4vua8jEGR1Sjyz8OmjijYRbB9x1r73FGCZxw4S4iB2BqsTRy9uiMmEfcEilMmLg/GY+qOS8XsNvqExoXK+Rhq3rbSTwoPU5MK41COg7eFrLpQW1MG1UKeFm4z9kcSoRazGYMjFwgokPQgrWDA8CVj/yoViq9oyUgPvV2rwWp6CVe+LoFOcN6+w+iasYfeLES6lQLD/z+j6tyd6g+4VSuTELx3l0VicbCqItre5gNCkekGCYJBhQeprU00+m86N0OWXn+1/NWfLkvq9+ZSXtz10dlDZqGVCt6J5SUuPGQNdnL3kS6jFXKOWL5UGj/diZlhyRmFSwkNRttsbLmDVUqUtkNJHu0VmhT1hMlFifsHEeMHKdg0YzTfBVm+pMBLIUZ6M3Vpn09OvGzEDk8rSVCR7r3j1Eh/zSXUsuJtTWTH567+Cub8gyGfD2uFZB44FxbRztOHbSR8fReLHW4A+HrO3fvHIinkmqMlFNNdX+yJYvTbjQtI5gLO8PRhWI0PWi/WLX+cvdHiFsol7jx06cPXzsjJKbfq44DF5IyIRcBtsKTVhk9UzkY83mS8Tx3RXQ2lsi1uCdBlLEfaLiB0uC5KdRzo1hnBwV0GK59EKhiB4Wxuvf3UBkcrlaXK/Z4a0vydciGDlrJTHXdQITbNDE4Vo9uiaLZgxMmUDZSncoAKq1qa+gg2RHCLj8QSXez+APRWvv0YvF0k0zFv7XPx68NqArlstf/3js5rsWkSrvNlcoKvNSPxhLlRXi2hm8QZKg2cR50MzCe/S0DKiRJ+snrE/YYlJIYF0okuKMSgq8Z9BosTtzheITL753oXvoyx9PJuvWf1qHifdigjWO9VcCRnfm4s0YJeIDlif51N7/rCVm6A+Q/N3kHsfHf6rAN8LIubVWV7/BPkS80UiYk8TwF+DqoMnq8FgcZG9NAon55PUqE8iDPR8dgjEVcR3KZHS0HOe6O4k4MbIvw4Qygdj4XjPW+/b9B9kyW205Bbj85dhGfEG+/8Mqk9HhZM+Zy75/35qReCapykQ11VT7g1u8VSJHAH4Wz4yEQtHKDXIJq0f7xe7u3sHh4eFjJ8+FI7F+A9fZpzfJ+dALkaSeG8sFVKnz1Rll6xuc38BPiBZ8Jqya8yfkohHqUS5XTBzxTa9lEGa8PJVuTuD+05SJLxgxk5h+soRkpiE00hatAdSfMGNuyvUZp4qpKhMWpN66MjE5hQaJoUdpdAduE6S/6ct4zDSIPVB8fBCC4b/OW7Z0w4tzl2z66PPvb529ZOtLe/JUIUA/c94xb8Ma8LgbiR7C+D1g/C7qZwUaDdY+UTGT9+TzBTNJbyBffCMQIW57SgUxvzp0Jo/TVSoQOYvW79jy8t4G8TBNoadRHJLUya1j7dbXfzp8KpHOwD7/7qjD2ZL07dFZmXhITksRAels3sCRIkL4ant8gWtaS6/OJvHyYqNtdPhZJJvNHayQXNAjYj55/crk7NiW61cm49gzJi0mlMmu3Yfbx/8e4hLG8Y1jm0ZHf3nvYDIRr1lt+x8Jw2+/f7L931tVRjyTVGWimmqq/cGt4bvgSQC/CYYiLiHS+iHTwMCQ/sjx9srwCKj80RNnQZXA5Ky8y+meeMdP/Fvs5GU2WJ3L3+hdKcsjhJPkcnkhFMWpQpFJJe0a3At2kWzC9BW1zu5lDX1C0Oz0t7LeIsmk1KoyKRJlkm72Ln8aMHNjOYWqtIi1o+G4NQAju1bn9fOm5ug32HCtXgPfeMmCgYnG+owFsgAhjyYbyUswT5ZsN5VtScRWqVchZtpr7x0oVypQKX+e1bb0sWcZ16+S5F0+HQnrJxzX4Q2QcBy63RNsVGMRDdghkgHArGYppBhv9gdCsg5vJOsacXGUbq8B5zdy3nyx2NGrmdX2hOw441ozFm6qD6eRgCXqlT1DK8CBZ85dWbrhpSUbXuqui2WXBa7UpyczpEV/P1lAoqPbwuQ/C/iCh+OpriFT56DJYCfToF6owMR88j9Rmeza/RP9t7Dr0zFl8sv7B3d9ORbYIvLmmlAm0Y5j32v+raT8PwxElki3/fYQzyRVmaimmmq/V0vmiEnANsJqzVr8D50UJWgWYHqjkM0XIU4OHzsTj6dsvKOzZwifHU53hNaAiyUzYAYmp+AOxBvToFOXNU+9/N6MhRvXbXt9+2v7Zi7alJscv+HyhWKprNIp2PtRk8MPMUPoiMMLijZk4lt0ZDKK1mpGW1YmZZoTLJWpe3LXhyqpnedl6ySZXL5BuYamcPqCFlKHrkmExg1BxyDJzdUi74RytrRc5s/haeSg5XD79Xa30eGPxhI2t4yjYD2IfnYHi6XS8o0vd/fr+3WWm2YsfP7NT6yc2+OdOEOpUjFwrC6Kb8jsgD5svCADOY35oLM4pTsoIIGMhDczle63u/3J8RAIgER7uwKN5xIUFDs2my9Ag4UTKYvT7/IK/lA0FEvEkxnME7vT98nXv3z23TG0/+X0lbNXenqGjKHJpYpY9jBZp8rW4QtFY6kMSaiQybUSwIYxZyEi/frpRyybHSSOCH9zpDvGgatglPR2l46+pBC7e4n55H+KMvl+z0/t3SRe5eg3h9/+biz1MiSKK+Etkqy4Z/fsOXih39Z17ox4IWXi+BFh1+6DXf26rnOXD3zOhM0fCMnBM//m1RIG8UxSlYlqqqn2u7QwlRz1zIu8pqUGXsqsKfAfczCadJDEpvXn+02Ay0SiMVi5XPH6BJ8/aDRbz13o4JyuUIjkAqbETjHdUA2nOwbvXfnU7LYnwHQ4p+epl98XHwCZYeD9Sudw+khUPXHm4b0kypb3gFDGUxmtzauzt0QZ/qOUSaFUMrsCgyauSlLlJszUrUvaqDXQCu5+f/jfIVM7qTLRkdxcCs9JBKZMGjto1aBVfojMiQvibdDEj5C0AYEwzWkrbTcZuK4nECkWoUxeum3estvvWflf/3jw1jlL/37fw8s27BC3LJUr2vGIdoxk40UePalX6OO88imzcMvQyRqLEyqavcWHxvAGY1UKKy2m2ViC+kNUdbsEtxBKZnI2T5B0bLy8DOcJQMe+88l38VR60wvvYmTaHnvxvlXb56/avmbr6x8e+PnVdw+AtecLReirKFSRQjxYi8BdWKm8wZdOZ3XCvIFIJBonjlN1E6BKHLFybBg103VNrFLPRjJKzaYNy4cB6xoyEdXKeUw3aM2ERKvLmuIMVfG7g3gmqcpENdVU+/0ZkSXSv3zTR7lS8QuKmX9+O+CKR4632x2ui519dt55/PQFg92DDyAHyWwTGsFAXcFHvvju6Nqtr89Z8mQtFmWEpGFNcj55dyZcV2cjb7U15gknIsZ6x+haay/R/6OUicFOXvdCmRCCJSoVNw24vAFfIJJKZ/K/QTCMBGCBlpazBhfoM2qlJWiuwx+RbqVgdWxMDoHmeRvbmMnmDM0kBPQe0wM4A/RJKpNNpDPRRCpH47mlran+CcWIRCSJv6zOaIwcXt8Gd8S7BSURPmAkcTghmi94hKbwwneETdR+g50IeL7J+h70Nu40mckO0wqeqWwuFI7A7G6/xuzA9k+/OTx36ZbLPdo5S7egwf2rn37jw2/QVWh+iBbcJr5ZXQPGJRteguL6+dTlBx559vtfz6CBLxCGUMnm8uj7CB0ZdsW9+78LxeTrm+OKZod/0MjpbC4TK+LOjEos8lx4j87qgmK0uQORRIrdI7bnpjsV2QgbWlgFNVFnSIuTvMswkzAtJ2aRmE9OU5moUDGqKhPVVFPt924tcLMpIByOCgF5Ev+bAlTm6Imz+JnPFw4fO2NzuJOZvEZvNnHNk0rlisNWdxCcI5vNdw+Z12x9I5XKgC9+fvDECKlzIoSTMmQRcPhCOppR1y4qCc9gdoxVPwhG403fsI7SaHvxr1NSJmKfnOsHiLVLANcUoExAHw2cWyeXA7cVDBlsez//vu3RF7a/9tGSR3dId99osCJ6Rt7XOHsVQyyVpiFAYwy4nujXoLQL+hPXogmRZRoEI3GlJFeAnpsIK0rnCmyqaKwuJVHBkMrm6RIByS+H69JQqIm93mAEe4sKMeVVmgbaXLf8hbECrWduThgQUHmlrMSpTB5t4g2rqdy9YluvzgKRv/uT710e/z0rtpGqI+Uy5EqpUoE8eO/T76Fnlm98Gd0QwjGd2X738q34gsxue2LvFz+t3PxqLJFaselVKJmVT+w8damns5ckBJdehoIoE6cQG69VX6X3WKXOVKFITGPzWRweI+eGUmUjxgyHaCxOTG8hEitOsbaSi2Y6tjbLdFwZHoZkgqTHxGBiJk5zYIj5pKpMVEwf4pmkKhPVVFPtd2Zh+deR0weUicvzP+NY0H6+o/38lVPtF4+dPGfjnfgArcI5mkQdVElKLvaSlSz1PPjIc7yTeGS98f6Bu5dvwxawf9kTZLM5VtdcY3HVa49cPs+i4WkqJKc/GMnmC8PDpGT1MAlnnoRRkpR2UiRGi8oEZxKTs+sH+uLyh/PFciZXGDLx+EmLWHPSdq3h5Lmr4Wji84PHc/niq+9/Kd19ozFkJkmojA4h30LUgViZgEpCmkrKjDQF5yJPX8lbr0qiGoQ8TcAlt2vicUOZWGiZyKYRMrFkhshgtx+PhsmMQGiiCD0pvMN76y/HwBJY62zSSqCjjEnz/z97b+ImNbWvC/9X3/3uc8957j7P/c5x7+0AzqAiICKOgMwIgqAIKAgKDiAOKBtBFBREZJBBaMaeqmsekhqS1JCa57Grv3etVV2kUqlUddO49+XkfX5PU52sJCsrq+j3zfoNZDGEvuYPWj0BrxRtz5rlE4nrlE6gSzqbX7j2A7bmc76v/+zlW9Pnrjx66iKUCb5KGGoHFzhzuT+Tyy9ev/P6oOXpV9Y/9fK6B55dir7NXrQR03jPtz9F48lILBEIRiBOIJPo2gupp6TudJsyUQLN8Vyq1RqeKb53GKYrg1YTzQbGRCAbPavbD5mB7mmdXgNOUoYy2DXjcJRWuiSPnrqQOcYTByv5pKFMDEweyplkKBPDDDPsXrLe/hxPDF5/IBLRdn35E3D63B83hu2jo6MQJ1eu3oIs4cQIfnZiHiAuI27JTvklezULDnHh8vUHZi3d949jY3QBQX0MhRCO2mmZCDvn1zx1IpWxcYFhZ8DcmquHUCLibUIShTF6NG4hMEKTWwRBNDm9YFEkBy4vgAxJIVnHcKzHR9oEwzLYdqtlS2VSEU9puGWVgcAxA9DnWDz5wd5DoWgikyvAUtk8zqy+vd4QCsvfHPn1wVlLP/r84Nvb96p3TzVovAcZ5GhSg62qIIVliMamEsAMcXhDYqTXxKdg4ZgAZpdfCGoHdTCEYimzR1Ll4U1miDfUGJ1+uXwhk83jYTFnp0qFPAdlYyVwg9bxoulFWvOEzShMmAotNKnzOp/x+EBI77uJ0fBJEcxD6hNFnLugWNAjpp+x3eLuNftznRYoxNyCSoTIGbR68OuPJy9E46lYIrX7yyMb3t/zxIK1+BUKxOWTvvvxJBTCird3xZKpaCK1evOnv1y4DsVy38xFOIMYIosVuLqJBsngNqPJNJNnmsoEGHa1KMbLA1a2LnRt2I4L4QzUGYz6gNExtPEizowLlegz0Pwfg0bp8F3DY0ZcfprijJwBt2YfT0Gm5JOGMjEweShnkqFMDDPMsHvG5PEKWVOLSCQWid6dU/cGcIBTZy6EwpFwvODk/DcHhi9dvi6G1YSsWB7lJRIfb+ODuWILD1m09oPF63Zi056vj8xfuknFUdjrWAdhpV4t9kKAzcMOwhpTlDbVSZUJSU6QGnn5YgmWSKZgYjgmhKK8KLt9EszlE8GVwT4t1AXF4hFAQ2n5ecnKB9tNtR2/tltTEfVuiURq6fqd981YNH/Zu0vWf3ih71Y2X+zFP6odYLpg8KCk4NyaVG9q4ZMadfTCWjUKVYCWw6ApewUGjSfbSz89QsTCkXxcY1RduMh6S0c5MUarHwajtzVPM0P0/sPH/8+j8/8y/bn/579m/I/7GrZk3fZmSyXQL1DepjIBwKGT2bzF7bNSbyU7iaDQJs11Gu0AHaUf4N4EHlw0mSVx25TN405NNIVxaoIRTRD2OFYVmFFv6JZ6KpPz+INfHDz++5V+IRSBJHtu8dv5QvHvzyz59JujEADQCE+/sg4qDkLE5RXRH6tHoN8LkWmnTsqkTheslFuG7DybG/FEy/9OGJlCqez2Bx28YCaemY2vjJ0mQxPCUfSHaUWS3oCXsEl/hqA/DkWKM5ZaDafy+CQlnzSUiYHJQzmTDGVimGGG3TMWnWo/LoZwJJrOadOjPw2/nj5frRKfKSla/PmXM16fYPf4q9WqfZzV1Un0CHH7sftCEVldIOLi5RvT5644f6X/gVlLI9HEsFNIZm7fkSiRqvDgRjohznWao8lOfPoJiSGX8whKd/l6G8B7auQdM/E/gYElJzO5eDojBMMjbqF9qQQMySuElFtIwelWG3F6B20epZkcPFmQaTGfyQWqR/gTe1kO6nb6wtX3P/5mxdu7H31+9cGfz3GibHb7wIAj0Vgml2feaLfvtjO2f/rtzJfWbdi29+APJzM9lJu8QyQzJO8tLNj2TNvhDoSh+pQ3go+QjxWtKpxK1OnTxFVYKuQ6iSkSSayzuuFt4NHTep2NCI1mkEk2VwjLsVAkygdE3i96fIIghU1W7Zy2uK6NE9y+20sBkLhsqvBCw0nJ5PBiWrY/nTqtc4K5rtquA5wDQ+H0kcxXbFShUjqFfHQCL8lWEsTS0eENgFgqVyq4F8yrYyd/xz09+Oyyx+evfubVtzLZ/IsrNrOWmHOSnMT9gvpLoQhmMlsFisQ1VCja84pE1eSRuRuuXJ2qrNZqNWghp5dUpmct2U+zyweLxhMsrUU6l1cPbivs9KvE1uLqtPxLU0Qp+aShTAxMHsqZZCgTwwwz7J6xNvYyNYhEonejJPmEUK3VTv52HpoEFgyGOZ90/OTZX06du3xtoE7jRkxs0cOjXQx+jLyNrm/asQ887Ldzf1wdcl3qGxwasRfJWkcatBwHtpM/JYhOoLmt2K9RKJseIh80AR5m10qNZdWqcz8J5PMFQqx9Ib+ihF8skZo+d+Wlm6b9h09UoOh4kuaIcLWGWxpLfCRYPIFhO2f1+EPhKPMTGw+hIScB41yw/F2Q73yhGJLjvVdbnzQKxTIjlF6xe5QOlBuNylBvt9DYoTIt2aneRwFtQCYPCdi4vZG+UBc7HIEJOer0h4vlioULjrjFSCKNLTh/oVj8r8dfwNDFUmk7588WCj4xvObd3erjKTAbU7m80r2QKJPxCVwnaX9JFAQjwRZ3QOkV5qBuS53uqCvEMCmTYvP06srVBNG6NLAeN27lgqpyokqgQZFMoUquSLKTYSIxKMNdQrGWtyluP3GUkrRU6CgpSXk7/QCZw0y5Ob36g0CjcUimNTLa2RzEDyugyVJ+4QwDVg9mPnqoGRGEMXeQ9GjjypPUAgplcgU5kYI0UvJJQ5kYmDyUM8lQJoYZZtg9Yxp/V6cCUCa9VD2727A4PD+dOG1xCtls7vS5S5AoTjeXSJJcq2BITJaEW4mOCjjQ5eZDcuLSlRsgHK+s2nrm9yvr3/8cVCnbuc4ag8nBQzn4xcZbW68oa/KYXuDxS1JEzb3AnzrlsZ0ozE5SIJJ6Md3euO3j/bu+PDJs8zz2/OoRm6dUKifTWTEchRQZsvM0HdltPzHwNtwsdT/zO70iVEEqkyUvuUehTDYXiiS8WJ8OThVIJDcloJ5A98KOnZRJuVwRQzFMD9BxMMu2/aR4OcYhFFHn3QoEI53S0fqD0TINr8dPOZExuaBtwpF42i+F/2P63FK53Nc/sufbY+lcnvMHd3/RqLWtBAYQd5cvlZRudUplwtoEI7FmImCoAhYigl0Wlw99bracKJzEM1A7/3Vdqw4SA7YzKUtWdmo1CI9MvuNqKnlNUKuFY8lQNBEKy14p0lxiakJTmWAMlRsZRmkdnuavUClsrt4yuxWtNJArFB3U+Yr9WqfuiOjViNPHBtZB144gM1w+qVBqSW9QJ3VdiStXYtzBLCgn8Ct7/YEuKfmkoUwMTB7KmWQoE8MMM+yesd4czicG/G2OyPFSpRNX+fOAngTEyNnzV46fPMv5xFg8YXUHfj1N0naBK0ihaC9d3LTzq2Qq/fBzK787fqFQLP/tqdcXrdmWTGX0gy7I63MQMl5sJuzi2nIK9w4LJ7WvQZF6ju2ceuKAgnKQFYaIKu/t7NfW5fJFrxCaPnfFhb5B5a6xphMO9T0D6YxE42aPOEKi9sm6CjFfMJXKJlNZHP7Q7OX4+cQLb0zUEWgSgGBjysTh7R4uMmjzmDsXpqjTYnmVStUdICElUVo/BDA5IOSChQ7SVNTKl51IZ1NptScbG0DOL/3H9OcgMM5f6f/t/JUMVSZ7vj2qagx8efD4g88ue3LBWoznvKXvssEEaW4Plydnro2SPLn0TT9dPyFv/YXg5CehjSerMZpDCtbOixHoCgh+tJHjifS4v1+BFoy39JC2G+d1+sNkoQNfzDotICOSJSZVM5UyicgkS/KIW/AIMrmiYledJNy7vbB5dZgUuoFdGbQqWmnAEyCD5hU0NRjx+MLT5AXi4kVnWqOCyrCdT2Sy0FRQg2a3j7UvlsskFF6xtqbkk4YyMTB5KGeSoUwMM8ywe8bukjLxC1PjZXTnSGXyYVLwoR5NZH7+5cxvZy/aPAIh+p3jQ5qg2XhD+Llg+ZanXnrzXJ+FF1MLVmwBI5yz6G1wxANHTrTHjbDPLh8hhc1fQ9Fk19CFTsBJ+LYKj8VSJRSbghwDNp56/mi56IBuElHx7LIrAxZcTr1bF4xzk5fktdGBEQd0C3Xo0qbyEwLOHIoQ5toJo7TwNm5qwMY1ZWEn6CsTFTATvGJoyEnemju7lSNsok5CUILeoHp1pQnokL9Mm/PswreeevnNV1Zt3rTzy1Xv7FYpk2wuf/ZK/+4vvt+x9zuWFap5a1SZdLxN8mUMykxKEYXg9lPBoG7WFeDiTN6od2hhlK6VJTM5TpSHXcSFrGuO3TE6UB4h0uwc/tXMtqy9ZhIieZPzpZLTF7R4JHzBk9kcq5pK/Mc8EiQKXaSiAUjdssxRySHFU2ol2Q5y0WLJH4pBkzf0MLUhGx+JJSrVansyNCWfNJSJgclDOZMMZWKYYYbdM9b2d38KgL/WwXC0MsG6EHcV8UTq1Nk/zl68VigUU+msk/OqW7QBdxGWEzZvMJ6ppLMFKRgGzwFltNhccjT25II1F68Oen3i9VtDpfFo4yGznbnrjJGcoWTpoDm66Uxu0kMNJplIq1MPefy36wNOGnXi1UaIY6WtbEVjr5PrH7aOklJxk7lWnVb1vm/moulzli9c+8E7H36tbjFx4JyxZFpnMNFVlktqsAdlMuzge1cmY8QzJ86y9LLkBzrdaAJTwuNv1LLQBB8gyuR/3DdTaXsPkHTVTfilMIbxyQVrH5m36tTF6zXF2VK6yoShXK2SdAjUB8nOCe0uUl3hEUgR0h6ViRKYYCant+napAMMZlirqr0KmsqkGWeCw6Hc5GQG4sTpC0XjyWK5jC3JTL6pHHSyVjBY3X6rx9+p1qQm8J+AFIkNER3ScHHEDLFzAbauklacSsknDWViYPJQziRDmRhmmGH3hk15gcUmInIsHNZ7sf1nAmTl1zMXS+VqMpm+cPmm2S26OF7QfYlL2S3hMSPuFgHw9CvrITkenrvi4bkrx+jras4rLF63Y+Ga93GVB2ctKZcrL69+H9TZHQi7OpeVmBCisYRKGIyOjnraVlEmCpL01kPkU1NNqfDSis3T5iwPyfF3d+7tMc+sCujn8XN92VyRZEkulHL57lQPWiKW1HtXjUkVT2d1phYeBFvW6De7KuPh+OpG4wBptmqtF2kiy8q0e4PgrBYPUXTgnfqajWq/LuuHdbrCkMnlc8VitlAgayCk1y0DfmXQms2TRSfo6v5h27wlm5refZKc7CrAxmhEjcVNiDKL+sCj7/2Z1kkiMnKsjr7SBO7CQV3IdB5BE+NPVrslxFU6lydBOCJ0R454i9GKpWxRQjNDdJ16XqGxX5JZjm/yjXZqVERVwU5ds7o20wS56OgontQInVrsoiYH37wvJZ80lImByUM5kwxlYphhht0bVtZmpFMA/BVOZ7LQJ+od/zwExNDPJ8+aLQ6vXzh+8qybu80VVAAvpO7yJD5e1QS/lkrlFRt3ZcGyi6Un5q9+e/uevz+9ZOWmT4ZGbHsPHgcdISXlqjVOvO2X0g53INK7c5eFa/F3x4UtbR2bKFi+IDCwUgdZAixdv+PEmT9iicyMBWtC3RxgNAEG//j8N6bNXr5k3QenLlwL91B8s05rUOjfXalzyiyGQVoGnt0grWjZMMgJE82h7PCKASkST2dMbtHiIQ5OVL8QqM81Dhq2QaLeeZryq06iTQgntvNip0KcdVr0RuecSvRb3HRRIjBobyRzUyIUTaza9Mmjz69+aPbyx55f/cuZP5q7elQmI6RqJz9GtZ8kJ+x0WcnkIMUZu/awVCGpcuX4hL0H/VLEMV77XIX2i5IvV+fZiG6zx0RdxQj7h2Eaj9Ci9bFuVTVvmZ1sPmCcbd6QhSNVgFLZPGQ5ffa3W9ZphFi7/+TkUKNxREzQJtJZ/Krkk4YyMTB5KGeSoUwMM8ywe8PuNiTdUtN/Mk6d+8PlFc+dv+L1i+cuXXfxPs0QdnAUO10tAXEpdAiuyBfLYDKZTG7t1s9y+eJ9MxffGLZ99MX3dhf33OKNECYgNzoxFdhrdpOaIe3kTBPNwhcMUDVQTcotEwXoUbFEuOaQ3avThcefX/XhF99bXL7nFq/XHKuuKBTL1/tHdn115MkFa//29Ovn/7iubqGFrmy+qzJhLH/Axg/aODByCy1BqDRSy5IP0hKWwRF3wOkTnV5RAP1PpkrlRrFzXEB5DV4kFTk5RSBEvlhy8mRxBnJUU4VCfPo7h5eooK9MGHi/eK3fvOH9PQ/OXtbc2KMygaZCP5u/BuU4K1yDnz4potX925BjJLvUJPwzaeoz7aeZ0cp41tUtrR0mumaiLGGpiZtmF/1SS1aXF78WiyXIM3yzWOh8Mp2pj6cXq5OqL8Fe3M96BOaGldZRwbfe6TUqLRqYIihnkqFMDDPMsHvAsh1Td04ZorFEIqHhZfFPwc+/nAGB+6Pv5tmLV4+fPCuFZVVR6jGmGTzkXbJH7K7b0PjnM5fnL9t8rd9Uq40+NHt5tVqbNmeFGJbnL9302POro611ppuIpbJFGtrr9IdxOegcdYtWKAkcLiFEEppUr0ecv9KPTs5Z+GatWyR0oVDc94+fvjn0U+9uPypApH3xj2OPz1/tlyKg/V2uNw4QTSgE9VYFytVap8y8DJcHrHiI/VaPR4g0ZAb1mGIlLLP5ohSKcEJ4yM7RNZMAyzpFbVy6jC+z2LiAxSNa3D6wVbPL334H4ViKtY+1xkgI4bi1dbFLH6zPJqfPTKlzO9x84JHnVuLZbfvsoHIkfcFYLwOLe/QKLRK3ToPjWR0b7NV0iGKgBT26J9dqB07bqcDiiHtqfB116pk0Ua5WSZoyX+jqkK1QVP/HV6fVjZLZnIUjgfKslI3J6TW7fKlsTt9br3dkC0UbLb+o5JOGMjEweShnkqFMDDPMsHvAeiAzU4BwJDpVf9rvEKls/pdT59CZfjAOv4APLs5bVSwFxFM55ozuD3d5/6pEnaZnPXnhxq1h6+pNH8uxxLeHj+/Y849gOPbo86uZj5DqEMv4GggOdPkj6Bi2hOU4fVvf2rQNk+ZzO/ceRE8GRuwPzl5WLFUu91tmvPSmZl7UMbpwFIklp81eUigS17QrA2Z1i96wfc93LyzZ8OXhk/lC8cWVW3t5tT9GqHbcHYiotyoAHsnyU3VCk+VDe6j3tcLKBVzj9dSZesFDKZUrcjQGymty8JgsbFZY3H7Nh+PxgcgGqXQJ2TiBRVcnM3lMp/ZHrwS9XB1iKUVrZQzT2BiqTBoJZ1WNp81ZXiiViuXy9ycvcoqiItBE+hcao6tkoO9xrXUAysurZvpSHyLN4lKHYbBYEa+o90Q0QdJ5+UKa1UuSmVx7OuDJgWUN9nWYyWP0BvEomeCMRLsvYfmkCHO+Ij+p5rTxEglt5wKYdbVaretoawJHFUtlh1dU8klDmRiYPJQzyVAmhhlm2D1gk/nrOnEEY4VIfPJpqaYWQxYn+2D3+HL5vI0TBbFBaMBHrXwQRMrCSZPoLLgdKOnDc1eAuzwwa+kHew/NXbRhzsJ16WxB5SqDCwVCjfe76VzB5CLFDYvFEntfm0ylda4OcuPyT6YeBc75zCvrcOlsLv/3Z5ZE4inQzUfmLv14/4/qphTkQpz/4bnLfu+7lUzn+m6Z1C16w859R15YvmXTh18ViqWV7+zqUZnEE2kwQvVWBaq1Wiqll73h8iBRJiMu/7Vhu3pfK5TKRBN4NJxASG2zYqYKZncAtD6RykKWEGnhIqLX5BY7CfI6HV6In2A0xYlRsF48d7uXrPDoKBM8r4efW1kol3PFosPtM1sdzV29KJNyuQyGDQmk3jGOTC6PSzMi7iJ1YG7vwlHYXtBdpNKEECRBJv5QrL13uN+ufe4RXZUJZt0gHVvcWi9OiS4fWYSBrEL/h2w8W1Oih0tml9/BC+NlbdQH6qBOaj6mzKTSpaDkk4YyMTB5KGeSoUwMM8ywe8Am9Jf1TiDLMdifdrleAG7h5r3V6qib8wZDEXAXBw0sGXHfrsumCadf781xtVqtVGuPzlt1/Gzf4/NXpzN5CAlGiUacPhZkjV+bvje4nDKdKDaXK1Vn54xeVq5L9zSRSGVeXf0e2Py02UvnLH47ly/e/8ySZCpD2ZX22dDVgz+dBdt+cfnm/d8d66X2iybAv09dvP63p16fPmcFqaSufTU10Kthl55awL0oa3u3Y5jWjrRyYt+gbTyyXRt4NO7OAz5GHJk4Oy8N2jyafc8WSBnBMO0MZlE0nmA+YMm2oopNeIRIgq4YVGstC2psnQfyBtrGL6mrXgIXrg5Om7P8iQVrHn5uldK/zi2QUh6KhhpIZ0nO3JLuMgXOQZbvaEFGOy1dwk7LKnV0uYAWIHUgDnGfZlpOpJkCDqcVg3rfowlBjsYd1OlOvWMc6P8wKefSvfQ7g83jt3punw29petaOTEUMTm8Np7UKWJDZOcFk4OPkrol2gsp2OiVoiY6gHaayQ2flXzSUCYGJg/lTDKUiWGGGXYPmNZf0rsC8PVoNJ7vIWPsn4ZSpe7meNA76BOHx2fhWKGDsE6+LAxXoVAKRvXiH8ZoAcSd+4689f5nYP8gl1IkRsoaeIk4cfBCJJ4acTc49yiNM2lfRugUM1CnSavUW3tApVJ98oXVg2bHxav9T5AP9iO//L519zfKNrVWloxfvj12JpcvuTj/X59aPInQZxyCJ46fpVL57KWb/abb7/i7Av1w+/XeqddIdikNZcLEBmQVy9aKMR+0e3khrGP6ygRnY1EHIa0Aa/QvJMfIesK4ckN7+oo9aCE1v7X7rxxnJZoeaGDSXkl2+ULpTJZNhvp4off9h09u/fhAX3+Lc507QGJplFvaEU9lcKdd44XqVPU5vTTqhhe9YjiTK4CLay7j6IMMnTvAKH6RLhBZuSBJHVGvy/FUL2sXPQIjo69Mrg7ZWJAJRli9Twt2LtBetqVO7yhfLInhGMu/TGrmNCRcwEKzCOC+MtkcJkON5hCDDuQCQatHcNDscBjDaCKNG1fySUOZGJg8lDPJUCaGGWbYPWDxjm917wpkOfYvJU68YsTlC+ZyBYeHvE916S6GAA5/TJW9l9Jg5QZSDs8TaJRuUJZpAyP0+EQrTfkFkiSGZTSZkEMLWoqRWLuM6RHowFMvr7t0Yxi8c/7STVdujagalCs1XoqaXKJbkLO5PC6XSGcHTDZItcnlC8ZJ/GLoifmr7pu56L6ZC3HRrFa8QSfEUrmqQiVSXtgQHmCHGFuHNwTaBw7t9Ao2TjATdiiQzEt0kJmBDl4e7EJG0QYnUW8dx4jLi8dkcmkHf4ODkjjpNhbL06gGMNF0Z++pdvQN2pgyacoAiLqAFEllc18f/mXt1j3JTPbvTy/BeP524ZrywK7KBDsDUrhTJLomSOSJq1GLA9Y181U7MHPaFV0oRpT5sEvQ77AO6DRQGHU2w0McsvPqphREIBFtQO4irusB2ATm0qCtS3gSQ7FUDspxPDK2JqO0Zr3FEadPDMmjim+ukk8aysTA5KGcSYYyMcwww+4NmyQ7mCz+pcRJnYRSeKu10WAo7OpWEj4WT0aSLW95Y6S2dCVAgmUbHlaEA7lbErOqMDpa94digyTJKXHasXoCk+ZnEwJY5qJ1OyFOXly++aHZy0GnNOtLMNRpnbgjJ35/dN7K05dvzVm47vH5b6gb9YB+i/uDPQdIxcB6HZfT9yMaa8i8BjBQ0B4g6GY3VAepBcnM4WOqo/GBbcQwmtziCKlSwkFjkEwC6QwIMWvQb3Gpr9QKK0dSBqu3UgRCcZzEo0gTrIJXBN0XOL/GkgsvktUYWO/ihCkT3AUntAS0YEBmLFiLh/Lqmm2pTLZcqb60YrOygdPfpY4h9kJBWRQeSj0CT42lu3VQoVWudknW3ASaReJJHKVapcF2MyflCkWzR/IGoz2eTQnMXWjmeDobjidhrkDYSacE5IG6KUU61yj9fn3EOTTun6YDNLB6BDuvrUU1gUMwExzeIGZ7tVrFoBVLFUmOS3JCKUiaUPJJQ5kYmDyUM8lQJoYZZti9YR3Kddwt4M+2/K9Ue9HBkVfS4MFuzqtPWWzekNLvv1obs/JkxWOUZhnmpWgyQ5xtbCR6WI/T4JBMvkCKmZAoCEkIRbumDL5DgBpevTW8bOMufBBC8pINu7hAd5ewoyfPv7b2A/QNxNrm6FheQwd+SX7w2WWffPU9F9AOHG8iHM+EYml/KD5uMV4Iu8gr53Fvfpa9lxcxYqQSudvP6q+DDkqRWNOFhnrQUNCsUEzDdIoPaYIoH07jkVGGiscU1CSXDC6SlSvkD2qsKVWqNRawYe7s1qVCR2UyNjbjxbUsOqhcqUBnLlyzXdnA4QvrX4GEgNt4c1uO7K7AtaBMbJxoIx6JpE5lINSTnMCTIEfx6komOGEolqpT/y4rHxTlSea/pgsmBKM0Mx4dZ23V0czKdXXYcUl0kgPHxi6KzmQ2M16/pAV14jMp+WgxzR5BOkD1s/L6iUyukxpX8klDmRiYPJQzyVAmhhlm2D1jfzIgTiKR6L/IykmxWCIR8JGYMkmXJqLJktKTyhmIgnmPEZ+lQjZfBDWBMhl2EaeRHkvFZfOFITuJ0nbQ4nrpzgHTdwgwLZDZd3ftf+qlNVKoi9tPE7MXbrhv5qLF6z888MNvkwgyaeLStcFX39g2d/HbuQ5V0jWBPorhKHhtGny8VGpf4SGhBb6QjmYg6Vnp2A46uixMjbhFO6+x6OGl+bjCcT3/H6YwIYzUOyggTsirdLraoNeDcXRSJkA4mrh/1lKvEPzt4o1nXn2LD7R0mCgT5e9tSCZTRCZNxJuLwe2FupBspFTimBCOkeBvmleAFyP6VwzHkiTnmDvgIus5t7dbuJaeg7uzvGTKjZMAWxXRnA/Xhx1sJgxYWwQ2mxViJHHm5tAB13V8f9l2kiLZF0pPZLrSrN+CygFMZyFLyScNZWJg8lDOJEOZGGaYYfeM9UakpxL42/+v49YFVeDivCCR+KnNIyhI2qXxOnS10TovRZmHzzDN+csA1qXjytWOOonuqEaitBQ3KXUnmRzeSUeSdMKMF9+cPnfFvCVvg6x///NpZfCGDqC1yuVKNpcHG87rVg7pBBzuE8Mffv7dvMXrH3p26fINH6pb6IJFbLdrEgYwWoyYTsYwDCzjo50KkDdhcnqtHnWgCOQQCS/p4CDEUCfB8USLdnpkaBCKyA6Wmc3l01xaUaJvqKMyGaPfmizNKND+BO18l8RZbj8h7j6pSyRVO6CpcGDz3T/mPAaWVPYYzzRV7hDIzmJU4okkuu0JhDyCjIdVKJaiSY2CKncOEw3zKFXUaxSjo/UR2hP0NpXJqfY20Vh+Ga3X6iStNtoP2/lYKlPpzXuNpSSOtQaxmMdrFrVDyScNZWJg8lDOJEOZGGaYYfeMRfVeCt8t3IlbV50EQvRCGHpCQAw6oUwqFTfHFztXbIilcrnxiPZUrioni8yfxDb+uhesC1w2GJnwTeEk4VhinD+BSQuFSSkBTSRT6Y0f7L3Q1z9/2ebL1we7pmZiQJf2Hzn1/mcHT/3eJ4RjPR6lwtK3dk6bs/zJF954edV7B4+e1l+Sagd4JNhkuY1rMjDhoSOZmsoEek9/rrQrk2pt1OUjiwM6XHaM0nSynsBLnaJQMrmCycFDGjGabvEE2qlzE+jkNfp2H8pEU0LgjjyC9mt4HRLMQF3jQkIoqt6hizpNqexoixXJF8vMm475d2m6I7KEVDUqLDE+nBC2cEHok05S8w4xQLVBKqt+Xhi08XUeqdJ58JVIpDJMyZCYMZcfKjGaSHVKCszA9FszJ/IYHTqnr6M/mJJPGsrEwOShnEmGMjHMMMPuJev8N/cugrl1pXK9st5MJivJCRwSjkTxMxQmPzOFO+06aFMgKNs8AVEKuzhfezJTkAyPGPcpCmAL0QYhjmWqTMxUqzWT02fVcgrqHclM3ic28kqZPUIqSxJkqRtNEC7O//Xh4+evDaWz+WdeeVO9uwPC0cRPpy6M2NzHTl168oWW0hm9A1eEgCyWKtnO+kEHRar0sh0W1qo071M8pe1GNUbXfFjh9q7KZMjOqQIwWDV0V+dUwgxFum6jE7zBfL1CVIGDvEJzojP5grb6JcrERJQJfoqtCZHRfdwOWH6hVKrRfLTKvWM9KBMnT3oCFeH0ip1WeNqRKxRxVKecVxAkTf8uiK58sdQc5myuYKeZCZTtcYNDTsHe7XG0o05HoD4OXCiZTEEvuH0Szcwm4u7Mbh9Zw3ELVlKKxI8txLwiW0uB3bL0VMkE5+cD5DsoyTFVxi2iMEkSZKJVaGWexn2MjhL9ZudFpUDFY4rGtbNaS5GYkk8aysTA5KGcSYYyMcwww+4xi94VJ4suAMeKxRK+gBCJxCAz/IIYS2Sb5efwJx97eYlIEZ8ky8kKoWXjf/7rNPI1IsewN9eBv/YInJIk6arW3BxvcTeCoXF+fzhl9gRxaXSpUFIrljEFI7RzhMv6aOTJnQD3F47EgtEEq6FBvICck/TviiXTZ36/jLt4Z+cXD8xa8ui8VZevDzX3gt51etM/RtcrVm36uN/ksHsCj81b2aBgEwcNQw9a3Ho+UZ3ACF88pT0vazQYIBzruN5H3XjIm2yIAZ0aNcCgzaNUFx4a1D7SQ9g6rk7O3yHhVYBGmCjZOaYrW2qIdOCsmsqEcGUh/PDclY/MWwWbNmcFTOXuNdJNmTCNNGjj2BoIrWXukxMp/Xscpl5bou4yIGaRLxQdPy0pzogtmLQ2TvQILSs/eAqJDBHbZHp7xGSH9Sg8Wa9AInOgAWxcoJmZjVUOoSKh8ZmZldYegYSAchiweiBFSBYytx+GXcxP0k7K2mjrKxXwjMwuv9KLr07LLKZzefRn0MqxrAbN3AzYOGTjHDTXs+I0pP5me6FMIJPNvbxyi5JPGsrEwOShnEmGMjHMMMPuPcsW/wmLJ3Xq3p3Ll+LJVIQshsREKSRH47FEOhSKSMGwGJJjqWyFOlPk2143YytaSqFoJktquKl39wwnL0BXODw+kqSLLaSE4i4SAE0KpafyxL1efQxNPzVG+8AKJqR6zg+rCVzUK5LK3w325g7YeZKfyspJcjxVLJPcU/pUsgk0e2HZO9PmLI/EwADzgybrd8dOKx1pfKGYJxCKJbP0Vbf6nLVa7cvvjotB+emX31ywfHPb/l4BCg72ZnL0RArbgWNx4+qtFCxMWepMmjFSrAy8zRvMd3bSA8As8fiav5L34pzg0UoErII/SGJINJdWMGLgxzZe5IUWHzYxHLOTmBN/O23tpEzG6M1CexdLZZhPiniFsCrp07CrS2g7m584CR8I4gYZ0cdGaJ5CqePXBpISAqPrrE6ms4FQtOHfxYsYumG7F7+q1sqSJJsB8fvCneKiFo8US6nFCfkquf0Yt6bwYIYtNk6weEhBQxIY5hO5AEmJhvGEvgLdT2fzuK8BiwdnzuYLZEsmi8lznQ4p8bbqXLJGCfwvhEsMa8kYEoVSG5UTaZ4IJ8ge3K/EuuegITfhaJI9VtyFHEuqvjWYqyRSKJd/bc02JZ80lImByUM5kwxlYphhht3zlsqPFXtyzJ56lCr1UqmFTeKvfLNjmoilShA2OoEi+hiliYNBnTxesDHJ6Y8q37NLcrJa68TfxkCAHCS/ljqKeqJwByKqJEWgMi5/w5mEGXMpsXOinQskU+l2UUGPqltsrltDFlDG6XOW/v2pRY88t1yzZaVazRWK0FcjbsErRUlwdbX21Mvr1m7dc2PYBhLWTqAnBKdXgKyCtlTv6A041qcVCz5GyR9IsGY8BgMa3BhxsfflKqKvgoNHJwU2PHbq9ZRuC1fQhNMrWjxiIBxTjS1+dVAfp9B4ygQlUlkSP0PCMFozZSmViaq8PabBqnc/wZPauvsb/CqFiSOTssGwS8A9EkWr9bjqJB6mJYEvvibRRLqZGg6dsXoCeNzKw8ldeINOX/foIH8ozuYJSTFM1yjY10GZ3goNnH513MWIu2UECoWihR4OUQc9nSFZ2cr6611NkBxfUCat2beAfhp/0m9xe3xdEiEwmBxeMmHCvQbk4KH4BFLksbE4w0tWt98fiuLWlJfD57OX+/GdNbu8eJpKPmkoEwOTh3ImGcrEMMMM+29ipcpYpSducHeRyN7uklbALUGlUpl0VD3g8Pji6aInEAZRU5EYbzBW68zRWeIjB6/t1dMjcEGzW2wPJhZC5MW8jQoS+lq6UZzBQWJRSJWJRDqrStYE3rnm3V2RaDwghQ/99Nug2fHQ7OXtwQlN4NL5QpGXomCrhWL5za17n3553X0zFt03c9Gxk7+rW08EJqcfXDOW0CDovcDCSZ3WLijbFrydi040iT6IJsSDercCVJkQHokhosVSNGqbaMLsInl4QaNdPgF6g80ZUHD2dOwdEovVaTo4ymJFpRciDh+kfkFXhx0QCYojiDLZ/cVhkOAN2/eNaSkTOZFx+MIml8hLMgi9ctdYwy9OUuUoq1MhgXvH/Ta1BC9GmqsxZK8vlEh2eBOgAGZO88zkuXjIWh+uaHL6MuPiJAvVwalFjjKDMA5kceQjLn+sgwufDjSVySipL9koEwnlAP2pn9JgjDwaP/RYYiIpvMVQpFguS5EYdfQiX08LJ0KZRInSawxLSI6jhwd/OvPArKVfHPxZyScNZWJg8lDOJEOZGGaYYf+tTE6N5UpaZcnuPsC61Z3pGFxAMtVOWpyk0lkn502mMiR9cKsycfg6lgEB7bPxQTvXpWhGV8QSac0FHxsvjrgaLux1erlCscQCc0m8L9fwJ7HykC5+nxjJZHO1Wi0QlOcu3vDgrNdj8VTfLdOj81ZNqHvlShUaKZsvrnpnVzpb8EnktFXd9ESaGCHRAgFlnEwmV+z9JGDwncKvcZIRj+gkZRCJNyC4e5HmOGY+PFIkLoajN0acDRWnW/tSCslWPohRHXERN6dchwj1dpAsz64AdewR7TTwANLR1oi4CGnKkib8QZmtD4TH11WayqRv0KZyP6vVRnfvO2Rxepe/vTscS3iFYEErXXKdholDA/hDMVZhPRRLlypVlqasU6Q+DikUi0E5DmFAiDXznuJEPDg7KR3Y/WE5vKTkqHJLpVobcRPnKxpl5E9mchhh1QpSKJZSZpuAKEInpXCs+/W0oKlMfDTUhzwOjx8azEb8r4hjGB6TJxDKjovJJurUgZBIyt4WahiU6QcwD4NywuoRaJxYkAhCT4AsJbm8UNHHz1zO5YvHz15R8sk7UiZbth9S2pnf+9UtDNzTUM4kQ5kYZphh/z0NqiDV6nZeb13QSHdxSp8AQBvaOxDplkls0isn9HWv3+HxOXm/x9/iRGRyiZ2u6ZcI+ynf2bpSnVTGUC8OYKMYInSt2BpUQN7KU/7EeBXEWCia8PjFZh4hpz8EbloqV/1SZMaC1Q/MWjJosinP0BU4Pw6X4+k5izbgg8vfYHggfxiioEz8l/Sfwhjtv50XuUALu01mC00PMcqkqdFZpDQGGxeAtgnQLExglk4fKYlo9fjRDdITXrIRoklezzcUSKuZPcSligwIVSadehwMyzgDC5dXBW3roEbrjseSaXbSXKEYjMahoywescdSm3Wi3Pzgr2xdSEeZjNbr+3/4bfvH+6l9vXzjrh6TIkAhxFI5UGcyDpy2MlECF5ITKZdXYKs6qtKBnWDSinIJ0eQE0USanQrq3eW9XfmH3LvClYt89fBkOT0BqY+mMmk+Y1zr6rDdQRwgheYTgdjm/FLTjY0KML/Ti0dGnDXr1IENG8fP0R24Cv4HUG20cCS0KV8o4pahTDghgm9osVzed+iXR59f/fk/pmLNJJsr7P3yJNTIzX4HfpWCsZ9O9OHX7HhqcwP/HaCcSYYyMcwww/47W2H8jS3+nEOrtDcoTUWAiuaZEz34WUCZlLReKuugTN/e2njRxXmjqTJ+KvfqRBiD5YABq7dOEMVSOZ5Qu81k86Vhh6/95CxhrrJsOSNVmWwO9N1CKDt5bR+KJYulSiKd3fXF9xMt4m52+wvFyrdHT89ZtBEUHNTN7PKxKGpK9UST0+cTw5kcyZ2qPngc2IUOFFr905rKBHv9YoRZMJpUGZrByEtuEiDRuK7KyPtvkppJBPVkWgUsk/gRcSRCGmKmb8jmDoQh0hhNFIPaxUDi6UwzlLn3l+W0fE0wlVW4Y9Gb0rpCR6TSGVYRBRNAR5mM0Zfx6WwuW8DojfYoS5oQIzEyXD0ok7Hxu5AiUYyJpcMyiwqqcJExOkXD8YZHVohk4mIJsiTPuEzFHPAFb8dysCmtEzXUFUyZDNm4oBzP5skoAUyr37K4lU8Fn6FD3D4S6jOuaUmgSCSeSuEb1HlxSRPkubRVi4cyYc8I1ypXq7xAJFAK3SqVlmzYdf+spUo+OUllAhFy+apZvZVuV28ycO9COZMMZWKYYYb9Nze5bUu76a+fQAzkirfPAx2CX3GIpiBhe3unfXI81/vKCQiEEJSD4ajbH+GFsN3jd/F+CyfJicwozZTlbgveZahQRuXuLbhWB+31KOpkI3nlH4wmVLviCZKsdtCmDvZtAn2uVGrgzeIEK+s14aBOTRAVShKMe8T9gvlZecnCiXYa5E1dmIgq8ArhVDqryOpM2l+4Ovj9iXNMirCie61rJg2Mthv10fL4QekEEFYxHJMiMTlOsjAVSFR0lfJOiCXiRNdp7NGfXL6IB/ri0rf+7f5ZF/tuqpoSFk5C0knNb7MHU0A91DqIxEjaMZ3onR5RqlRI+BBP0vjqKBPAStLgqjVALyBBSi5/pyxnmsjlC+hJQasbKmBI25Nl4xE1I0zGaJtwNOnw0oxbvMgJZNo0pwEeN3oIkdDcMglAXmIYSXKI8fzC5ANTsHzHpRiobggnrxRhpTAbh1CPL6snIEGsZNQeXyr4Q3GVUER7ko2AfR4bW77ho3y+UK5UwrFkNJmWYwkX51fyyckok0/3nRAk7e82tmNvaRKvhsRrW3afOHJu6MalK9s+u6Tea0AXueEL6k1/CpQzyVAmhhlmmGG9WDtzK1ZI7ZT2lpom38HyS6VKFk/UW9vASohUa7URtxSJRH2hpJvzcoGQiyfuPXZvyOQC09B2kRhxE7LloDXsLB5RM7OwPurEfyZdbFvhSabJ61tLWyz+GK0MCEYe7RxWToggeLMvNNGX62cvXbvZb6pUqoVihcWZqFsowCqK2DyklARzhWLGCCLkBA5/7PnVi9ZuL5XJ3a17fw+IYEErSXEn+IMRG68xAgw2KpDUW8cBIfTGpo/+378+9e8PPPvHjWH1bhK/VPvm8PHNu7/FUwMFVYoBnxS2OTsKPwaaxLYj5Z0QIG9Y8Ddb7Lo8YFXeMqX+EaeXJAFDJ0nJxQk+VpJ6iyQf0x5GTfA0QqMXqYA27cl/M/li+5Qeo1H17E4dNNKddckflCHMbL0t6XQCJ4QhJwJ01QVzzCvJVwZtDubK1VY7tR3MNy8YiUFTpbN5J117ZP2kKsUP9UUkcNt4WNqWNCGdleVB5Vj8gVlLH31+dSROcgo//NzK81cHlHxyMsqELYyIUvTg4fPNjZevmtkqCvZ62nxDu+LqgUMD6ud4FxG7dEK96f9q5Fw7TrjUG+8+lDPJUCaGGWaYYb1Y0++LATKjvU0nG/cHmTzkeLarW1cwVoAgqZH8vJFYPEmqOgYEOyc6OL+dFxhZdIupdlJSp2sdZpe3md1oxOnLT7DeOfgxoYBtZ2f5vtp5zxhx6/eBNqkqWiiBs7l8xD1Jg0np4tF5K++bsWje6xuPnrpkc3n137KPUmUi0py52XweVwS5tHCNoUhl8zeHrHu//XHOog0sA1VEjo8RPaPukhztqB6hTOyKXLcqeIVQe3BOE2ve/eh//u3pnXsP+aRoRsv3Pp3NvbBiy0Ozl9VI9HxVeZWVmz59eeUWRVsNEMe5DjUWJ4FoIt2sVq5SJpBY+7//9b6ZJFUaOO6CFVtWb/qkF83AgFNhJgjBSIdR1AZbNOg08kpA1yld2hhA7ksdVHqdRnPZOLrgRlczbHTOCJNNLc1g5wN2rxQefxMBtdNvIfmCh+zelnYdQKrde4Pp8cot6GQolrLRiCbm8YVO4tvtE1oSJKBZuycbdJoy+QHa3OgfXrxu57OvbQhHE+u2fgZ5puSTk1QmLKpE6bsFldLcfuDQOUXzngBlYlUrXuuW763s03fbD316juRW+277Ed+1s+TSO444mZIZPrvlwwtXvz+Bjd9duh2ZdJ5u2XXwmjPNhsN61D5WDdzExpSP/FT1//96/DPESTQabc4kQ5kYZphhhvVo+RLJr5UrqrfrWDR9Owy6R9QpCQBjy+ZK0WSWl1J8IAzlAGlBajUmScFE9SH1ejSRF0PRUrk64pFqNEw2GM1lc3mHxyfH806Pl2aGJSLBygVDsbQyGF2KkDImxWKxTpyU8j6RvLV1+IJmtz+byzUdzWPJtCQnOrn9jJB6c+rQGRzbKd8XNthJlQkSZk0dzRjI9iZAFiGWTM4J11f5/fJN4gxfLl/rH/noyyNvbNrd5GrtqBPKK0E8qDZiGHN5CLTy/c8sEcPRaXNW9JtdxVJl3utv/3a+DxsXvfnBD79caHb4yRfXbt71zaxX1504fTGRynx9uPEuFYy8WCpnCx1zeUlyHB1Qbx3H8d8uPPTMq//+4LN/mTZ34/Y9l2+ZMlncGsmTC0KcL5bfev/Tp19ZP/Oldbl8KZnJPbtww0sr35v92jpc9/Dxc7eGLRhfdECpAR57fjWr7VipVG8N25UOS3cO0FkrnWl2EoQtoJ98QILR+oTlXLE0e9HbuGI0nnzr/T14xCDfPinSNEhEpYWiCQxmOJZ08iQhVb7nhGMMVlrWUL1VC+gSWxNTIhhr1BzsBDxTzs+qiDbqFXZ6yj1igNYtacr1W2YXW8wc7uz0qITbJ9oUgVtK4EaiyYzLK5ASNNTXC33GNz0cTSbTmURavc7g9rdkKsPXIZ5K54slzhuYPncF+29BIUwmpUzOXxpmOqRdmbRv7xm1XTvIgUevNavZayqT2wJmG7vKMBEqjQN+PnKevIAYsx47cpWNzKjr6EeHqGC0btl+5Lvhxnh9N5ke/ssj5zr62T/tvgxlYphhhhl290wfpUrdwgVTuXoqnRXlpMMnQ4FYOMnpC4UTeVKgrdLCcqAKsvliOBKNxtOpPMktRixDKjPSGG7ymhP0b8QtMUqBlvFU3sV54+mizeP3i6FCqdJIcERe9BIWFYrlIR6sbSUapDApskZestL0Vq+u2f7Z10d+PX+V1TpU0S/QzWRGg93Sen9BppRUwEacPBCMBqNJCB6/GAEToj2Rhl0CDP0c8RCaZWst5NcLXl/3QalUvjFgCUcT6Pw7O7/Q4YvYZfGInoB2JcS5izbYnNzR3y498MzibZ8esLt9+w6eWLnp49kLN+Dx/NeMReDKIHn4/MCspeDZdaoq+26NDFqcOBwaYvWm3X+dueilVe99+tVhMM6hEZuqM/FUhoQrdO4hWQwpVSBKfzl75e8zXvxff38mkUyTl98uH7Y/+OzSLw4c/b1v4KvDJx3o3j+O4yrrtn5aKJbQvbMXrr66+r3jZ65Mm720Uq0VKfmGrJr12oYxkuI5te69veyBdr5+A91bUGRpaAfM4uItpHZNgJTgGDcMyIOzl90YGPnu6G+PzltVKJVYbgBmjvGYinbD/Vo7ryxpAl+g3mt6hGPp9kfgD6mrT2oCwq+R/3o8L/akwZzEmDsl+mMe98WKJzunGB8Hmcluv9XTXcnjliBiLSTXwm1fL5Z6wcEFnF6RF8L49invnCVf5lsL79ypMgGGTB5NZdK+fQKoJDzXrhBxYmX6QVuZNJsf/+QQ+b+aKJMjjU38pc8vk2itox/ebiae++kScT21bjk40hTI96YyGaulbpy+JHZczr6rMJSJYYYZZthdMlVWYk0IkYTJJYKFO/0xSU6msiW2bqDDhpKpTCgchRppWiJJ3MWqtVGbV66N1uOZajiaAq3xS3K5UnFy3kKhGIzEHR5Cm8CbLW6BvdU2e4gmsXtDnoA6mxD6IEZiLI1VoVgG7a5USLj2ui27ICpOX7hWKN5293J4G1pIiTrhVX5zh4ryiXQGooXxYWLNxLu0lgW4NXk7S3zuJWmC7jG48S0fH6jWansPHEtnC9FE+q9PLW7vXhN14soiaL5pxq4FyzfTxFyVeUvfXbXp44t9ty709b/6xrZlG3fnC+X7oEyK5YgcQ4O/Pf36Z//4eWDEWa1W9+4/Eo43qCQG7Zczl1e98+GidTuCkehDs5ewGPomkumsXTebFh5ZjaRoIss4lWr1wJETeJokTxepLV7+21OLHp//BmzuwvUDJvvPv12EGHt+6TtQJujeoMn6xAtr5FhyzZbP0EkpHMPt/P2ZJX+duRCnCsuxz7/9EaflfQJkrPrCrei7aeq0YtYERgw600EXTFiFvmQypTRcdM3WPffNXPT3p19ftGZbuVoVwlEh1DBPIOjyScycLDMBLzj5gJMXfJIMnaC+ni6Y5GtfCdGEP6Rx+9CrOjNHiQR9iGTNRL1HjVS2QJJbkaLwGk+cVEj0hdhkyOULbMHEymmEfqFjqsUuzHw05gLqtwydgDOE5DjGFv8b2PmWjNU26uMXJmnxCAcnmscjkJL2rWuPU6BMxki+8KoqPZfVTv7XmLwyGceOxuFdlMnAoUPk7QdRJj81No2OsGafKzswfPaoHf9Y2S6Ge1GZ1LZ99OsZt3oR7U+DoUwMM8www+6GFe/y6yYllWcY8UiRWGOZBoLHRpdEguGoKKehSaKJrMsrOsbT+4DE8AKpMcKsE/3CZrQ8+PO5o6cugXulsrnL14dArB+avbzZBpwJl1Mc1ECSaI+O73pNDp66vqi3KyHHElbqDqTeoQvOJ6zatPv46YuPPLcinc1/9d3P85duUjdqxbDD20lBjVH3pFQm+/sf17898us7O77IFYp/fWrRD7/8Dsq7YNkmDB14JAZh2pzluJzNE8BATZ+7EooFbM/iDoSj8T0Hfh40u9Dy2s2hbw6fgKKoEie2BssvlMp+KcLiiC70DbRcm5LCX89dnjbrtf89bc7G9z9RLUBt/GBffDyFADrw9ZFTTo8Ph4D6Q5k8Om8FOi+G5E+/+XHpWzuhSUC1oTMfnrvyYt/AsV/PHz15fsTqmvXqW4MW95eHfvnt/LU/rg88Om/Vph37vAEJN2WiKz8shxjOiS1QZWmtcBcGNLg8YCVk2iNoMm8AVJgXSL6sdrathByNqZyjpGi3VUgFKJkO9B7c72oT52NaueZ0QEunk+hz9Y5W4MFjAmTzBTmRCUQSvBS1e0O4EH7yksykCJsbN82NCptU80gsH0MomsAcKJcr0+eu+OSrH2a9tiEx/hUja0S+kM7T0UQ8mXLSCDG6JFuIp7L4fwQXIpnWqNYyu/wsWgwTVfV9nRpl0gl3rky+alMmn2opE8WayfhG3TWTe1uZpAbP/hNlyZihTAwzzDDD7o79yQCxsPKhpvcXPti84WqNZEOqVqtujnd4pXg6hw9NQoxDTC7yWtrUFvyqwts7v0qmsuFIjAQElyuZbG7Biq3NvZKcrGi97x9xekHNO71lN9Oq6uqtrYinM5NQJlanB9z6odnL7puxCEJi2YYPl23cpW7UiiE7B/ql3joOcFx/iCw11EmIfAGE++lX3rK6fbF4csen37I2lUp10ZqtVKWMOrgARAIEAKOVOOTdXd/4hGAmV1i64cOH5yy5dNN0bdhx7ko/GxwQzfx4XuNHnlulvDTdW/tf9z/zvx+azdJzhSItSVbPnr/SXGx575MDXxw4ClqJbjwwa2mxWHp51Xs47TKiScoYkDpln5AZj89fDRG79r0973+8X5IT85e+7faKQig6ZHbMWbjB5uDQjTXvfpxIZaCjcMjWj77CDWI8ca1UOttJxwKQcFcGiTKB2FPvo8DoPTRn+YOzlz318rrV736icyqXj9Rxb+7HB1b0sEdAQJqcvpHOj1UFm1fDnU+n/k87vGIYPN7WgzNVE3S1kDyUGi0nEpYhxhpvCoDrpoYyGbbzzM+NnJ8XTQ4vJtWH+w5jMANC8NP9P5JT1Uluhqaq6R0Y50BYvV6Eq0M6Mq3loL5e6AAp49j6uKZSmXB8EMJg39enmlvw6we7flA06Qnf7Thy5trIjf6R4wd+2nZwhG3EqW6MuM4f/WnHjtvKZMtnp61219Vzp7d8dIE0Isrkx12HrlntQ7clSs665aMTVs737WeHtuxgKyotyuTGwUNHrvnC8p268f2LIDV4+p8rS8YMZWKYYYYZdhcsPbG3llMAK6cRejvikcrVuhiSxUjc6fHGEmmvGLG6A6xdnfp+2Pig/qtr4Mq1/ot9t0ZH6zeHLRAnb7zzYSAof3nw2IwFqw/++GuJFXdsxShNeOXsENhdp+HvJgev3tEK4grvEXQKnnQClRBF0P1ASP7yu5+GzMQHQwc2zq8fJ23nROL/1qqRGH1kH5xufsHyzX+dufj9T7798ZdzD89dyXZCyEG2zXzxDYwStA0Uy+4vDi1Zty2aSP1w8mLfzWHohIdmLX74uZXReBIHTJuzItXqMAO2unPPge+Pn77viReCcnzj9j3KvZ3A+sZIqj8gvb3jy2YgDRjnC8vexYcXV275rycXQheZ7e7r/aZXVm8Fzb1v5iJ09cTZy/jww/HTTqJYIjv2HsKNPPniWo9P/PLwr4VSOU7q7RXbV0VcPtFEM7zdtGg/tX6zK5ZMrXtvz/HTl+ctId3oBGhXZRVODGM02VPECAMRNr4QJrx6RwdouvNNaM2E+kmCykvK9BITAvnWeIM4SZ14ajXCddCxCpUEeAROWos9lsoUy+Xpc1c8+9oGfEdwlBxP9d0a8YvBPHW+mhBwj5plZxgwv4NU8DAbcfqiidv6cCqVSTPkXWkmM6duN0XQWOtQenMZ+OfBUCaGGWaYYVNr8p++YFIsliJamYlro6NWHsyWhK+USmU3B3GScnABl1cEz3PRLKJFtYOGBsCTfjnbt27LJ1s/PpDLF556aU3fLdOC5VucvPDp/h9xgd8v9+/4/FDfjcEmU5cicZBC9ms7aPh7MJ7sMlKsHvYklAnJAJvOOn1BX2vAbifo5+0dow5X7HV1hxtqoE49u2LJtMPVQqggSMZor6bPWTFkdjw2/41iqbxj73cef/DIiXPv7Ph8xMm/8sa2XKE448W1x369MHvhejQAEcchyXT29bVbL17t/4/pc59+ceXJc1eUZ54ESCepogiG5GO/nsev67ftXbbhw2deXhtPZaCpuID0yNxl7+765rU3tkJ+XBswnzp/LZvLL16/Ex+uDVhAi8krfOrqgzGxcSKtsShwgeDNkUYuKYg99YUpMA9fWf3+Ey+seW3NB3Nff0e9WwFQcIv79pvocrXqDkQ0sylogtUcZImeewHfVmaxTqR7T/OHwS+R3NDEhU9X5eogWyiSFRK63NRwiuOlvkGbqtlovb5597eYkyE5/uCzy7K5wjOvvuXkfBt3foX7Xf72bruLxzzs9O1TAm3w/4N+S6gRqCNczkE9ykgBR46EyCdSmalUJpevmpWaZPtHP/iFXmXlJGAok39ZGMrEMMMMM2xqLaahEe4ueDGqCqpuwukPp/M1nyiPjo7yPr/VHYiS4s1efzhLqytqeLBoAtyFvPwfHRVD8tZdX+z84sjMl9fNWPDGOzu/EoPhh2Yve27RuulzlpcrFSkchaIgldc7lJYECUqlSAhKV5Y5aWWSzuZz+aJHkJsu+PrwiYRhq7e2gvncFyYVP/TiCrI4UCxVnnjhDUEKMaGy5t2PM9n8ync+Bq0EU1+24aOgHHvvk3/ki+Vpc1ZgACGWhmwcPvx/jz4P6fKXaXP/87H52QlGEegAw4sulSs1PLWbJofVTQJUvjx47JHnVr6wYks4mtjw/qcuPrDv0MkrN4ah9Na9t3f/9ydtbi9I6ojTa/MQVx+iQxoJtVoKlntprUAl2BoOfl7449qer4889fK6vsGG878maIRDi48MJrNXDOd7ENO4CsuNy7KlqXdroT0CHgdqBp90AtNCgzYOQ9FL1fl2hOUo0Xs0yzYr+gmV0l66EaP40OzlkJfA9LkrhKA8f+kmnxg6dvoKtO4Ds5bNfOnNwycvQFVC3+rfPdp0KtjCQEcyYOXIaiFJZZ7Nsxh99HPEdcc14P+JMJTJvywMZWKYYYYZNrWmD9B1fa4wUUAw8FJL7IEKVi4ohWOhMGnj9QcgThy8BHECegGFoG7dDXWKE6cvXrhyC4zWJ0UOHj1jd/H5Qvnk2cvDFhdUypvv7Z235J3zV26ojo1RnQB+427UT1TtVwO00urxm5xe9Q5dzF288cFZrx84dsbq5GOJjNXJdeWmcjyF/qi3tiIghS2kBrlY0WVynVCpMBlAiHL/oBk/573+dqVaHbC4Pv36yLDFCRJ56drAuT9ugm4uWbe9UCzjWmZSibKKceN9gocPODw+u7uLC1zvYGHNIVo4UgnygMc/3Ogftjg4dCCWSJ041/fmlk8yrasQdZpLDUhlc3istBJOyMKJ7QU0MSsefX7106+sf2X1+19+/2vfrRE53ojdbwfz93O3pXKmF8pDVBd0C4/mi2Txwez248k6SaFPIZ7OtScFbqJarckKJyUGtPcGu4SzNxGKJskSB0fqaYLHm6lHlrpRNwzbSVqIYDThp6XrYXZO+zzxePLZhRshaDds3wdVeWPYLoZjR3+9GI4mN2z7PF8q3f/M0o0ffPHiyq36y4ZuQdYZFlw6GCWuXKq6q3VSZTKAyfl/sTIx8C8LQ5kYZphhhk2VRTNjVd1lgGSu0VJOj6XzjNU1bNKwtJUiUQE0wuyR3P5wKkMiG+nKiX/YKbg4PjfZEns458W+W5//42eHxw9BYnH5cPLX122PJ1KPzFsFCp7OFma+vO7mkGX7p/+Y+eLa3V9+f+aPW/fNIMmdSAqgQlGSO7LSJianTMAywckGTbZP9h8FM0unM11HN5nJgRFqxvErQWsIEocWTbKoD9yIXWtZBmcSQzIkB4bl2K8XEqnswIj93NWhZgPczhPPL3183pI5C9c99tzSlRt31ClpnngX1LDQWhldV66U0L/qgJVjfPqW2dXeDn2GEmMv8nkhdKFvIBLvqOPrNAgq20qIm0Av4qlMtXPPvSLJO+caD3OiaiHYLpaayBdICmbVRoxML7N0jLpNstxZRaqXkuksvboItYDT6g+aEiwtRDpXGLDyOMOIO9AeydMOXH3d+/sef2HNm1v37Pj8sNnJx1PZdz7YB3m298BPgWBk6YaPnl24YcaLb5Yr6hEw6Yb4o/9QWTqZKgxlYmDqYSgTwwwzzLApsVhGT2BgV6GsPgT6pGmTAyVweu9EGVyB2LBLCATlOvWocXO8xe2HMrF6ugRO6INRrmy+MOOFFW9s/mza7OXgnRAk5XI1mc499/qmTC4fisTWbP7smVfWH/vtj/tmLAR5DdIcX8UOvl5KUGUSmKgyGaOV7zLZfDSeEkM9eeOgn1Am+XwRMqBGEyWx+iEMzWb18WTH8XSud7o51mDGYqcbyRcbr/9r5OKjHJ5T7HYW5jrNkpTKZFOZvE+MzHplTa5QcvqkeDpTpv51qk72DpYWdnLHtgNn6RuyM2XSb3Gpd9NYnW9//G3pWx+SbMHVmsdPcj2pG40jTyMuJqSalCDVGzkBxLq5xcrrKZMSpmxbZ0i26GxPaYqgbNHbULQRsEEfNxlblkcLk5DccQ+BH6R6ptOLe7dyJAbspqX7ch8DJnwincENzl++GT9/PHnhhsmJufTKmu3pTC4Ujbt94pkrA9cGbbipbC7Pkl7g5PorKqy6ordDm7qhTAzcDRjKxDDDDDNs0tYjqjX1ge02iegUsAsLp1c7XIlCqcKJiVA4ChIDluT1B6BPYDZPIJ2ZQMojTbC0p+hJ3y0TuNEn+398aPayeCr94LPLHFzggWcWv/3BPicX+PgLUgT9b0+//uob2+LJ9P4fTv3+x81EquPVQebsvDTSLalxO+Yufmf+0k0vrXrvyPEz4Wi86wiVKxUwMAGaKZGS5CQzbzAG87WFH7AAAHMHmaGJUJQUH2x/Yz1G2aGrB21ZqlRYDrSzF69B1PGB2xEdtBi8f8jO+wRS77xcruBJqI9vAx4WCwvp3rQ3gHszVy6cM6e11jHjpTff++QANMB9MxffP2vpgSMnOwVHYUz8QVLZo0de3g6ILjwm5eH6ykQTECvtCyntwFVoQq2WhQVsJM5yvGB2Q6I0ihhCL+ExCeFoTiutWZ06sA3b+SE7WXrCZ3/PicWG7V4LvsjZPLvlC1cHiWqtkRI0N4Ztb23b99vvfQ/MWgrNs3n3N9/+cGrh2h1SWMaAsFzVmiiWKyx2SPMp5Aul1Zs/NZSJgamHoUwMM8wwwyZnGn+u24A26bz6wE6mRQD0YOWkULQnbxOGcKIYjCaFUDSezpFSJ2LETZZNiFtXMtWzzNLF06+sL5XKtIYe8dqas+jtt977DPQITHrXVz94fNLJc1f+uDYA1gQCDXL/y7m+aXOW06qDGi/+wa3snGDuuVheE0+9tNbu8T/xwpovD/0SELWplQoWDwnq6KUlCB/zg+J6Th2EM5ucfs1zY6BUlbxVwNg8POf1f3/g2X9/8Nl/u3/WjUFSLLtO174y2ZwUiXv8hPKCmEIYMLHB3taTAnm+IEYeugiUVDXC6RypLz7i6uioM1FgwBmfHrR6tG507LH5q01WN9TmjBffLJbL0FqZfAEKJJcvqIadpG4jSa4mrEgZSI1LbzCZblG8OiHpmr1NpHO+UAx6xhWI+MNx6OdKh0UPM5SqVy/1NkYe4j8cSzq8UrN8IQxfPRtHysiwIjlE4fiCV4fsww4SA9Z7pArJNewLeQV1vVT8msnkhJD8+vqdX3z3C5QJpMvj899Y9e4n2z49cOn68NINu9Zs/mTfgZ9kLbc6lpLLK6idRbM5on+u3DL955MLDWViYOphKBPDDDPMsElYSo9MEtQJpxyLptUH6ljXcyoBcmD3hXvkLgxoa/ZI4EAROSbLMRAaF+d18f4Rd8DDeyd0qk7YtOPzUcVb2Fgy89uFq08uWFOr1da/9xlI0vptn4MygqvZnJ7Vmz/9eP9REKZCqQI2Fk+kaWX02/3AL06faG3LTaRCfTwIG4cy7ybwrUfmrfrbU4semr1MhzIqwZYdNGuztMNO01LhkF5WJxjjdGilQcOueCqjP/LFYgmaxOUV5FhyxcYPl755u8YlA7vrdC7v8klmt48krh3PkdVUKSan186R4vQFsmJWwyF4NNhlVqTlvUM0stxyQt+QOsstA57Fq2u2Hz39B5SJFIlClkCf0GH0+cVQKpuvkX6RoUAPHXzAxpEoi1giVa5UJuTWhdvEaUs9V/ZId1CGdTqwcjzhEWQLJ+G7A41HPdFuSxTyNSQaQztFsgqYLalsjgWTkAc0nnnZ5PBi7kUTKQzgpVtmUjnHF7qim7hMCTxRtA9Hb3sAKoHv4ydf/7jz80P4Rpy/NnT014t9N4b+9vTruI8Hn112ud+ML+Bn+4+qjqqPp+RSjTy2Q89ASuG5zF640VAmBqYehjIxzDDDDJuo6YeFgLPIExEkSusWg30bciJTKvVEo1UA7ykWy/l8IRKJgWM5PV5SIZ6XnG5u0gHx+mAsjiw1OLgV73zMAiOmz12BLc+8+ta8xW/lCiUrRxyBmEGlcP4gqCrIk8tHSsupzziOfLEESgdqa/aINp5kifWHYqk04fo4OS+EwSxZULIOQOx8QZn5aNlodtRekCuUbXwQXdXXFRhhiAqwT01ujf53reVXKJZeXbUJLaEpwOWfX/yWukUb6nTMccVwLMmLsoMXLG7CMpsjTF7Je0jljWE7B7adyRV0vHp6ATg3BKSDxr4naaKFdqA/GI1Bm/urw7+sf//zawOWOvFkg5ryoyesVxB70FFyPGV2B5w+SQzJa7fuWbZx16zXNpzvG5i7WK/+SROQW9ae19nQByES13uECmBU86VSNJmBVsGDI6rPQ+5a00+vK3BpkjqMhs5bPMJ48uWGiTSZXi/wiUSCdhXJuFw2l582Z8UDzy57+LmVITm+6p3dEIcPzV5+4Mff8BWIK/wqNVNyjdGp9cSCtdPmLD92+kq+UDCUiYGph6FMDDPMMMMmavoJuBJZdfveLZrW9i1pBx9M61LijqhUazYiTkqxWCIWS/rEsIvzcl6/zeF0uDzt7u9TCJAnFoFQp35fGz744r9mLNz/3U/YHk2kBm0eK0/YXuNNPyeAN/db3PbO+XylCOFPzUPspN5IOZsvgs0nU9kfj59+dfXWb46e7kTaQMftvMhStTI6yLK+qttpoU7cXbx2XTcegAsQtWN2ab9TlxOprqnVoEj+4+F5l26azE7+j2sDe/Z/XyZ15fUu2gTVgBBptVK5Eo5Eh2ycycE3XtgzBkwHjURlOL3oZCyZai5cTAisEiVOOGDjlItm7SiUSpgDuAN2C3g0EF0WUrWGI2douDn5bZwYDEfPXRm4fPUW+HE8mU7n8tPnrGAnqdMszC3nVcDk9I10GPB2oANysnv2NiUwPLhHfI8kOU786Hp2u2pHnXrl4enIsSRGwEo94hpT0eM3u3xpupSkPqwV9EChlz6gTViOr3l39+yFGy9cGzxx5gouDWVidnl9oRgtoRjIEGetsUEr1+m7cPj4uUPHf4e8WbBii6FMDEw9DGVimGGGGTZR06QK2DjppRKV9eLWNdLtXbsOqrW6R0zkCiQhkRSSQ/ESEyc+v+D28Fabo9r72s0dAMIgHE2AMSs3ggyB63sCYfJSf9wlSdlACeYAA5rLKPgY9V2Z9eq6c5dvHf/1nMsrQqKIYZKRbIwtI9AllJAcG7R6iJLByen5IYHArU0uweELKuuO6wOk1uIhJbE7LTiUSAwxjQjvsBjlDkSy3YqUo8ObP/zylVWbH5698P6ZL//1yQX/+djzf5k+V91uIqjTQn4gvsGwDK0y4iJahQmDZsFEs1uAVnQHwiUqhEg8NVvtUp+M4OqQjdwpL2Wz2nfahM1Dklart44DF/EEyEIEOgDFMm3OiicWrP3l7GUhBBGXWb/1M0LlMUPKlftnLdXsCQu68AfVBd07ATo2W+jV70uFEq0Eykq23zlwO7fMLiZLrgxaWSFL9iuZog6vXwzRZ6EOd7GTpZuOQ9oJORrc8uPJC1aHB4OWSKagTtm6Dbuu298SoFWnY8vG/5lX1uNx3OgfNpSJgamHoUwMM8wwwyZq7Xm02tvcoWkTQAU4oVdnj04IxVJCMIrrhGMprxixOt0OlyeVzgZE4tklBjXiIv5M1EkZFuLiJYTV2bGagJxAg/Yi1pevD3321eFiqXKub3DBii2pVIYPhExOElhMiRfxn7FzgXAs6Q/FmvQLH3haB6P3vAJVsgAloZ/th+CsZrff4vbrJ2btCvTq1rDt0tX+AZPV7vbGk2mqD7rND13gcItH9PhbXIDqNFwnncl6gzGnT2QpAdiINc3GkzxgYMkjTp9PCGIA09l8rlC00Jf9/Ra3fsfqlEYP23n1jlYUyxWoRHwg6aSKpXyxKIajv18hZSgD4Tge2c1B81ff/3rqwvVkKiMFw8pr5gsl9CTfTe81EYymOgnLrogmkhaPoCpUr4IrENEfkyZYeAyZn7zEFpSIlq6NJlNp6o932+fNxpEcX8FoPJnJFcv4CgRTmbb/krohSGesai7hM54mHi67kMUdwIVSGaI29x08ft+MRXgie7495ub9j85bNWx1mc1mJkvwwVAmBqYGhjIxzDDDDJuoNZUJJXPk1/Y2d2j5bq9x7d474rtj7MW5R2LvwSORGBieHeLE6cYHSBQ3xyfvOJvwnQC6ggSO+0I6BfVIEidfKJtXe8PbHO5H5q069XsffgaCMk7l9IfYaoDJwcPAp1kcMyeEFSH3xNWN+Hd1ix5RYpjmeB128KpD0tkCdY8Ru3rj6COTzf1l2px/u38Wfv6fR+adOndZ3WLiQFehMXySBmmu073oM/FWCkGnBQdtHGixjVOuq5DBZJ5X2N58u983ZGNZ1lTnbIIpE0vnNROGRCYHUYQzTZ+7ks1PYOeeA05e4CU5Gk8cOfH71X7z0g0fPfPK+pkvrR0csRWKJXbddC6fyGR1+qCCvy0rdO/A+OD5uvx6Gt5Bsu6qN2oCU4jpAQy48rkQfUI9vjx+CTOTVUohAobkNhCGbGT6TdQJE+d0dFiKpHNDgiBh64FMKUGvQpBAmWz75JsnF6x94oU37pu56NU12yUpzJQJPhjKxMDUwFAmhhlmmGGTsEJ5TG7bOIUma6TxbIGXxJn0Rnk6A8ePuMURt4RTpTLZcFiGOCGphO3OeCLp8nBWm8PJB6qtUQ1oHOi8jjElqNPUQKBEwajehUBA0UZVTnGUumxlc4VPvvnxudffeffDrw4eOxNNsqyvyoYEVk5UVdMj2V0p81Zu1AG6OkzKLxJC2dwIKsmWFxQNJ4mDP5xwcAGor1yhlMkV2oOSJ4EadXmSIrcLEWqClZVUbiGiZXQUuiWRznrF0LCdx703KTUxFvDDUw7t9kP45YslJgKZ5kEDOdrluhCHoRiJePlw3+EnX1w78+V1Z36//NeZi5tOhq++sQ1D8fBzK4vlMs7/wKylLm8ALdE3MSSve38vS1RFC1F2DJth/fH2XDOkHSaH1+6VYim99Yph3SLrTaCfw3SlAoMZCHVxRcM9QYARNzwa6cTkIs0T7YPaVLfWAsaFrZmogMHiAuQ5MjldrlbDEVIG3ukL5UulZCYLZfLY86sLhWKlUsW3rFCsNs1QJgamBoYyMcwwwwz71zT9IungELzQ4scyOfjFiFeImD1ShfpE5fKFoBwPhSMe3hsMyxE5yvv8DpfH5nBF44kiLQrhD5GkXuxwiBaTS8BJQJUK/z977+HvNpWuC/9X904795z7nXsGGNoMMEAIEEpCm6GFJBB6DZmQTCB0Qm8JZIBAIJRAQkhI2dnNVV2yJdly793e3t+71rIVb1m2ZW/v7OSc9fyeMd7S0tLSkpx5H623lCuLHw+BH6fqKpYHWOFwOq+ogYnWufH19/615r5n1j7+wvbXPzw164MxZ3tX8gaJJahWY84rIBuxTwUMC8CslDVkz3FYz2TzxVkGxXMPlbIpmc0nMoVyxTqHLC89vf3NWR/PiUFQTcOWC7QFSssbMDpzMdkCngrfoGRlv874/djL6MQsC4Z+OpNVjTjJBga3htReJHRxgRkGaRg4b/91JDhvoR370cSBDUip8qfv8qU3rIc5v/SGDU286vWvfQfyxdJN9z6DKmaKQbCh/3zjBmjw8rv/uumepy5Yee+JKe/HX/4oBE6LBBQjxAj3PLq9UCpD/19+93O+RyxQH6DAjIAhaDFSD1SPptL5UmdGBBgeFzy9tunrke2giQR2K3Ma0zsTnS2a+J+CWCLFSKqbD/ikkEvQI8lsHxc1OCSD1wytO+CnHY6BVnd1Rc7ACIVAyEikQQfCJ0hB4m9GlQnF+EGVCSUlJeXZyYFWPpgg2eKgRoOQLZTcAjIE/VJoDqGJUgkrIdAbgiQzHK9qoVA44mM48meuUITzmmPjAhEjkRFQwHrIK4X8shFPpEis9ILTDAMwW8E8cqOzDO7Eg9I6iZ1bwMTMgDhA1TJqMNqtL719+/1bOht0IprMdNuLcBSLq7w7TIE1j8eMvWtgJss+7N0EE+hg+KehRVNkDn2yEYsn0dt+7JP08lu7fvenlf952c3/dcWaP624PejspXh/gPUMF5jrLdgI/JLaP4gCBmhG78zgJSMsIpAzWKVWi8QSINVmcMqpDjcwlHXKzQWSvfOAeaVw98x3Omjd/sAWOPaaOx6Dz30HjoIayeYK65962Yinn9z+9h0bnwPTGXb9beNzYlC/65Ht1/798T/feP8Vax6EZ2IOm+xwi2+856nr/v44jBOm+sFNr5jZpcMo2n6AZiMgXlUoPUC9AcISLhZruTCokXSuALcPegYZb7bvlSG6VKmedHNIlgxK9dYLMI0wDLhfoAahNxiDTw7H0/aLOdA4jNJCWLfPI48ydDdDMZuFSrhfsEvUojCHpzw8uR1UmVCMH1SZUFJSUp6FtLUbLAjHs71snaGAVh4kMLAaWjgaisSzhSLJwhRPJI1ILBBUeVEyycGnJPsZTgnHwfjufvlNXE2UUFzUYg4uAgEGALZdNJGaZWV/u+xGGsfdDoRPVEEpWbdifxUwTy+9Yf1JF3vVGlQ7xdoCo1yt2c4hWTYZKuDEiMbJyImJCQfK6uAqE7aAo0BYJVIZJPMac9VarVyplMqVEhiA40ibVsZJw4iN3gtNbHm7OcW6owPTPpFcL+iT/hOF5MrcHMg2UYU+A9imbwVLkPS4sh4Do3wOr5DIIUfZHZA5Xqvv++FIsVz56dj0xKRr9X2brrnj0Uq1Cp9CMHzeirthutY9+WIinTlyyn3e1XdDSzgp2NY33vv0nQ9tgwY1VM0mDl8EWc0XUNz8zyddvIT0GPR/1a0Pk1lCd2HhalUDxTiFvYLafeHkYhOZXDAcy+RbsfhNrLgWNmzh2IyfLBIemXJaXbEbcFIU9yIP1vP5Ytn2ma+hlTSUrdvSQxOly6uhTA98cBateoWRDAuim06VCcX4QZUJJSUl5VlIJ2iif8NLxAtr8RBUw3Sh6US9MReLI4kCppuPE1le9DGc2+tnePiOglL8LBeOxsDcsRjNYLq57TSDCSR+UpmAHiFVDhmUqRa99DXiaY+gecR+x5pgFc22PCI2SXd89Pn3J6a9Tz3/dq8K2TCGSDxpa8vNckFiqFl32GEOlxr0CsF6o+HFKcVgy+0bns0OyqI7EKv+/uBvzlvxm/OB1/z2/GuKdvdoWIQjMUYJ9VdNTRwTEk/az9s89mHztbNFSVq/KPBuNHH/SKgEUUA83HQYD3oGZH0GjOsoWPWFgRZ2J0jjaDL91q59r773+XMvv79n308XXnffPK6cA/Ljqe1v/+Wm+6FRNpf3cdJdj24/MjF79yPIm+v1D/decM09OVSFcD08NtDMjVfhGo3GH6++m/Q87eE++fLHzjPyQZxdV+73eERTOdNpCrqJ2K1FQAPiDsfa5XJwDhhnNJ4ceFvnsQcjG7DJnwH6kJFD5oJJEclIFPdCqqDCIIm8hxPBDUKV7CWdKhOK8YMqE0pKSsqzkIOsixbK1WYk2bcivWPgCow2b1LnsQ0KZkpAj4JFq4XCDMvzouTxMT6GZTiBE0QUK8/w8D0aS3S+iZ/FuV+7AcZNuVIjAdbEJcaPYqZlkEakXAMr64xi9PGVN8EHUNkT61bs/HPJqvV+IQDm5oXX3ttrqaGJs7XaGsF6OAoWs0/sV0eviT2XRC3qwlHgpDGJCK9U65esWtfnWIc48MvEC69/eMeGp1bf8yiIk7EI0ZAR9ckLqlV0A90FFGzT8nHqRiiaIPcOX+yI0S9zuHyNEUvMMLIf3fTWQgojo/ChXKHU6cTVH/liqVSpoID7eiNfKHr5wO7PvobtcBfgHv11zYPrntgxj6/r0S1vwLNx2c0P/GnlWjUce+Kfb/31FuTodct9zxSK5StWb5SDuqwhNy1oQ2bph8MTh49Pd54ORLURTxlY8UKb7qgk2BjsSBQB3SSzNk5igVCUXLVXVJ088L0Ap0tmc1iZDOhEUiPRLo0Ew4Nj3XygXKnCdMHPCgmVdgFTGJ6bO+3XB+eCOx40ElSZUIwfVJlQUlJSnrWMZ1EBx/6mma1jxmgAVeCTtFLf0PsmzuKlhWMRrFIEWREkGaUYzuRkLeJnefKnj+HkQHCW00gB8my+KGvhaZ/oEpD1aRqgbk4Ba77b1QrbSWEw8QcGkYfjaWhp+54Y7DwwUkVZ/XjPvj5B8PVGI52xUXdNHI+BhsGgCAq0hVTsrtVkLEXwm/62JY2ICtgjbzQlzAV0zYg/vgVVBgSb9fq/P+rlJOdGdidIvAkIOZA6V61uRR4vEjN+CQZv3doBZOamyMRabw0BNDjlQ/lqQU78OuO37h4S0Nu0X3bzQbjUeCI1y8iofEd7buE7PAnwdMHDQPwMrcdjQBuvoEbtEn81sd8XCeEAy/uOB7aQLqY87Nc//nrruk13PbK9Xgclub5QLK2660lQKYIKogOFel9928Ogas5fcY8RT9/7+AvX/v3xy1dvTGZyX393KBJPRuMpUoRyx5u74T/7D564+vZHyENbb8zBbxMGS25ZtV7vLrwDA5v0CkTdkUCdxYBU9uz+NVkAmt/ye4FhiDglF1k2IdPuwzUxYT7j6SzbYz2HKhOK8YMqE0pKSsqzmbHsgJLwejTVZfCMDjDIhL71GQjA2Epnc5FoLGREkT6RZA6VQFEi0ThYlrwo+VkUMe8RgoKiYh8t1XRZadlhjKyGItVqzd7MRJEeqLRcKDIggyqICqZHFXZRDYPVeMmqdeetuHvjppetu9sAK61PUQuw1WDkTfxqP5nOcIoO1+KTQsT7CL1Lxq+WNSNGAieQeScEM7nCrxOuL749HI4mn96+c8Xtj6QyWTFos7YzEAd+Pt7KGlws/9tF11uiHUbDtF+Em2Ld2gG4XgW/y+8lA8AIJk4+Uz7R1klpKBBl4m0PCUekVFQjBg8J087u5Zd0aMAHQuEYKo7ZPaxZVgG5VbGTsrliyTwCviQSLRc1KaC99M6/rr7tkctuuv+7n34FZZIvlLa88iGoiGDIMGKJBze/phsxUJV/vnFDpVL9/vDJbKH4/aHjRydc9zz6/Oq1T19560NvfvwVkvR+vlyu3HjPU7gUJuq8VKmgajlzc9AA/iyCJOpauIMDYcxECUSTzpw4e4MkNii1Q/l7IRCOd8wGqItK0IiTYZiPNKuESIFFgB/n77bV1VSZUIwfVJlQUlJSnv3srjpvAiwGxs5rfDSAhZRMDWEhNbEdCeaaEUGrKKGwgSNPeJYX6/V6tVZzcwonKbykePxsJJ4kdQnR23E7Q6cTIH5s43EtaGKno3LXOk8qnV3/xPZwPPXiu5+Bmfvk8+9YGphAPdj5gxFE40liOKJPUquRD/plsFcTJGK7s/G0D1n8TVx/8/Kb1m185uWb7nn8+LQPrsXDiANNRltsf+2DOzY89R9/vvE/Lr1h62sf958Nh3ALyEvNurUDcE9Bg/mknupl0oPe9KOnpW81D4eAi/JLKNrEuoMsd9RR6Qzka0RC53H0PHwBA1oOxXI4YUMDV2gJhu1TTtkuIzRxUqw5nIwOFGw8mYYTHZ9lZvwicimcn/9lwv3LsVPzeNkKxC2MAaTL7s++vv2BLTNe/qpbH86XSsVyGUQLHLv9jV2/HJu88Nq1j297UzPi19/5BC8FQL9NTLkOHJmcx2sm3St7M+1SMKe8gmXXCMA/GZuUazs/+vLg8VnyPV+sEJ2WRxVRUDkUch9d8DsNGPBINxYmTIMxw4R3JlzuBFUmFOMHVSaUlJSU5wRtTS4CI5HpNs1HAFgkAX1RNVLm8AvpaCwejcZBpYiywgkSSuBbq+shA5eWV8DyKzkoF0hqboD12d8Wb2K/LyNqzeYExuLhoyd9QuD7wydL5dot6561NOiEi9fNc2BTGCWBRWXs2p4tXiEAVmyj27RcCHMtAhqC5epjkLkJ3x94+sUT0x50eN9r6QWwFkFcFUuVTL44Wg8WgOTgetiaBJVaHS7E1SMxV7ZQIhbtYnJJdQIrE5T8wLqjC03sUJdMZ4hKMQ1rn6gigVodQvuhk8pad2lCuEtqJNnEEfDkhsN/V939FMjsy25+4Msff/3rmgcT6SyolCYKt6iuWfcsaA83J3/8xQ+gUmBjOJaABpff/MDr73++/fVdV9360KU3bNjw1EuWe9dEOZdR7ocpn2hJIQDnHSjduwHPCfQWW7j2At2ApsIrOU34TfmxojstSFgZxFUfn71QOArKpJcPIVUmFOMHVSaUlJSU5wSzreyjNgDjg1UGu2D1AhxOzCCwR5MZ6wvXEYCy3JYrRiRmRKJKUAVBwvBSLJ7wiRqn6JwganpooNmlRZIstpysOxaCKBNBtV4+yKG7Htr64s5dk7MMyLYVtz1oadAJSY3g+AX0+lzRIyjwvZ28eIaRLaZeH4AyMc3rcLvCeq1Wv/DataDNPvv6YKdbkXNkcgU+aEhaZGaYLMZ9ADMGN8K6tQMghECZzLQDbDoBA/CJQTI5s6xNgxHgXJmYALWQyuT9so5C5/HNQh5HA5TjAjTxWlm3MoE75RasI0mjXGHzz738wbPPv7XqrieTmdylN6yfx5m+Xnn7kxd27oJ79Pybn1x5y0Ng5f/z9V1rH98BN/3dT765/+mXvazwygd7z1txN/wusgWkLZt4VQ0OIT6BIPAKCwPocckX2Xappw/IwlE0uaC4e75YDkXi8FuA3vyksEzr3ikGDpLpbGxBpVZzsYpP6pmJmCoTivGDKhNKSkrKc4V9UK01Esm0vfngAB4RpfSRUFH5kfuwQROnropG45FIjJMCvKSoehjXbWR9DNfrTS2BW9DBWk3bpTOygMFB6t01rY1I/MiEC2QJoWUvAVJlc81Z7NZiGm0sykSkgElHvHqcg5WRpOmcQi9ODhZNpC5ddR8nBh/c9OptG545vdsZYqkMGdtJzxiUANwU6E01+gXwCGrEJ4c4u4gj0IouHimBaUa2De8ZASMok07A4R4+0L8oZDfmsB0Pj5lXCvtlI5ZMEfe8VDbvk3t6983j0wGQyATbvVLN5osrbn8Eelt936Zb1m+GBndsfA62X3z9OpeHueq2h/PF0nOvfHj+intKlQoKRsIOaWidpx15BfMcw4VrzHWSm+59Wg/H7n/6pYNHJ53/JKFlsVyBkVSrNfh89YO9oKCuvu2RQrG08ZmXI/EknMgrqMhly9mNY0E4KWFe6ZljgyoTivGDKhNKSkrKc4WZYr88XZIe8/eOl+gPMH4SqcwIDiTOkc3lQaIIsuL1s0FVC2q6IMlaJNHoUhTzLevZYOSecQ6dQMalqJfK9h5iZPWDkXXL1YHpFtQNL4plb6kRIk48wujJW7uVSRN7/6vh2Evvfb5m3aZb1z25Zu2TU14htvDFdn/oURTrgpSJm7XuGx5w4XCZ6XQ/pTvtRyUUu9Mxwc2C+SGDkYI9DVYC508TUSZ+qd8yTh8QrSUMmWCAuAsm2uXe50h5xHTOeYnFBAAAVA9JREFUJehqxCbBlwnQJKxdomSiWODLoaOTH3667/q7ntCM2IXXroUJ/8uN92975f0mPkW2UFRDEXhUyDT6JGT94+AZ9ATyaiRfKv11zUbQGLVG49IbNhRLZZR0SwiUsOpAgfT1BkmuDdtBAsWTGfieSGc37XjvspsfUPTI5as3ZnKFLa9+DKqYlHPxCYF3P/7CMuCBIOkHZhhZ0cIlFMDfIZ4wqDKhGD+oMqGkpKQ8VxjP9atzgnP+hhp9Wiw3svm8bsRQIi9BDBkoVp7lBVGxedVN8p/mnJUp9AhBsGt71TTk2km0OmO1wZLjZJ0U3jbp5kGqxBYjz7qVCUG+UPrHS+/Hk+lLrl+374fD19/52I63/+XcVycQjpIRTrg5677h0cDFy/PF3t6B8/MuTmFxPLRleySeIinIcJW9AUEd4UTGNlNWN+B2SKrTopbdQFekhBMpm9TPfUAyWXXPA4jVRF+fxkgiDQf2Cr0wEU9la7XaVweOwdX95ab739nzrbkLtpBUvCyKfRcDWtjDB2ZZBWZA1KKgAf5844ZytQqzB8oEHp7X3//8vBX3bH7pfZAlG5999bX3PvvHyx+APnlr1z5QI1fd+jCIln++9tEVax786vvDW1/fteOtPZysbn3t46e2v335zQ/A/ACv/fvjHaMbDNAh5ioiKgAvqIyEvDEzOVT/hzzjVJlQjB9UmVBSUlKeQ+yTpGueuLWIg0M4lhEwwmgsETJiPCp7omSyWT/L8aJkMYIZSWV6p6y1gFRsNGtXW6BHUx5clJ3BUSvhSAyFtrdNLrSR16Lx5MjrJJ3opUwAEy7m6tseqdXqb+/a++b7e9LZwiXXr81m890V+rrh4lGcNHCqRwYnhxNFkC0Uoav+h5D56dZOYEa37GkPb9nVDTYQ6SUXLYCxgHU+sjKBp4V1/LSYSOXy6Bq77jsok+71EBPIBwzusqj2P10Tp5leuOX090Qmf2TKB2eHJ7OzWRPH98OQLr5+XbVWC8eSdz60LZsvXHTdfR5Oufnep9LZ/CWr1mfyhWvueLRQLIEyCehGMBR595NvcoXi8zt3X3P7oytufxTUNWibK1ZvLFUqF167lqReGDa5M9w7BlccAqWkaGGUwbnl8djyRmNkjSoTivGDKhNKSkrKc4ixQe+FuWBkqDjgMw8wkkqlsqwEGY6v1xsFMJR5QRDlzjYeUfMINmsptgBLEewkNWwNZSYA082LEzfhVLPouylLwC5UNCOeQmmLrIeNhD7KBGV8MmLTPv7KWx4E+zKezFx/52NvfrR35R0P7fnqQLlvQuFZnMEJeGzWxpur3mj0qcfSjWQ609+Ob7aViWX5CCxUUsMEqBrWZGjdOGPKhEjTntdjB6SQEylcMd16nE/uWV9yHk+CR1BnWcW6YyHK1Vr3ipMJUUWGPkzjtF11RTg7SBFQRx/869vPvjmYzRUuu/mB2+7f8peb7s9gZVKp1a77++P5QumTLw9IaigSTz75z7c/+uLA5as3ptIZaACdbNz0CuqkVnvv06/73Os+gN8FFvPKPHZ1K5YroWhS0aNeQYU7hZ4QJUyVCcX4QZUJJSUl5TnEWL/ogBbcgj6SKXJGkc7mOEFkOCEUNsAUEyTZTCVMAiGCur3S6EYsjrJ4+SVrgQ4wOjnkzY/e70biqUq1GtRb6yTIttZtwrsXiWAoAnZtH0PQw0jTHhYaXHL92kKpctnN9z+65TWcOmkbXPXPx6dffHtPt1k85WuVCZ9mRMsuQDKb9/eN2LZACKJa9b3H2Jp/r2jNyHTCxZJhnPIIfa7RBCiTzNIrE6KjprxiPl9oOhkWBjwbHj7QnXUKtsf71vMhNUD0yABhBhfenZLBhLn0ZFtVBob0w+GJf77y/pEJVIQE+rn4+nWspB34+Xi+WPrzDRuQMrnziVK54uPkn47NFIqltU/s2P/jrxdeu3bN+s033vMU6QRkPwiklIMcErbgAyG/pIcM+59hY26uUqlSZUIxflBlQklJSXlucSCQRR4w+hhGZwmi0ZiPl3hR0vQQUhd8y1UphAO+++cz7QQu4xB2c601FlLe0S3qJKrYzQfi7Zrf88hcDoN4YEdNFdAfISPWX5kQ/DrtOznLINf/v6G8SSBXXv9gbyZXUNRwNJ5CL8Wr9bmO4idHp5HnD9DDKws6wjCicecqbt7BCgOJ8J5h5M6NlWqNKLrjs4zDWpyCGg3FHAX6L0qZ4FKbZGwM9jLyCkEuEALzncyh7e0oV6qzrEKKz3QiWyh1K8NOkFOUB/ngwYV3+4kRpFGyYDRar6g5/JHWanV4MGDM1Vr90y/2F8rlL7/5EZ6fWr2hBHW4yiyurjiHK06aR8GFMzII/yGejU5M+2UPH6z1/RlSZUIxflBlQklJSXlu0Qm8UkgKOWu6fAATUA+FvX4WNAnYXoIk13FUMYdWOULOI9HBGmNAmQgqdGjEMx4hwOB67T5Jc/NBUCbFDjuSiIdQ35y5I8OhMgHRVSxVQpH4ph3vwvdvDx4/fOzUu59+88jmV9779OsrVt9fqtRYWQvo0RxeBzg67W8rExsPt0AoqvfNJWWBVwj45X5ZsBLY3cvb4U0HJi8rtVJy+cTgwAskGEqZBLUw03dUvVCuVmFUMqpCg7J7ES8jErHNKZqiG2R+QtFELJmJpTIwpaVKNZ7OgpT1isG2eGkpGN1I9Hnwmrh4Tn9fOAI1kuqlcJh2qRw3P3QWOLhYeJjh0xSufUbSRKUk9dGUCXQKsgS0Yv8RLp0yaby4ffcHp6y54Sj+J4AqE0pKSspziw6hg5Fe7GdVnA0oFEvRaNzP8vFkUlE1PydWqlWvpLs4Gy+XXiDeR0y7QISLV2cZyUxuy6CqgqdfxvuQXR5ycYGeBt0iwCp6t4NQN2C/okfLlVouhzxt/nLThmKxfN6KezL5wsGjp77/+Xg0lvCIrZRioK8mfS3nH1kzuvsemEvKAregQ+fWrR0Ak9TisOTiA248n9OM0sdwt2AIZYIWGZL99ZItYKphJtESUHtU8CWTKwjB8CyrIK0ia/52fl5bggaG8wK9ooYrbIb8YpCTVV4JwQyAhjFFy3w7ZZyHt660dEPQYraPATyr7nY+A3haRC3KBiKVWs2urQ3cuPJ9Z5a5PliUMsFlKBV9QIGjJVEmru/2b96+pz7ve/XHkVY2w8c3b9u98/ACsf7itt27kGvcYGzedsC6qTc+37Hb8T/IFE5BlQklJSXluUXnQHm6etsVsGuoyOklApjjeshgeQGMNpYXEQPhdG5wfMLcXFPRwqgeOZIlhl/SZhiJ+MmAQeZi5VgihSo5yGhvLl8IhuNglJsm6Sw3IL3SCHBxNg5C3cB5e41MtmVfEtPXwwW2vvLB3Q9vI3ZnE6VpQgUrUJ84txhmKycSXAhcoG7EavUG3OVsYYiXy2CLz9oVdzfh4VH6WjN4vYGM6VbRdz7QT9JYcAaUSb3R4EB7SPZz3hIVGA2c8wra1+uNaq0uaRH0qMhaMpsD2x0I3z1CcMoneoWgD9dKJ89Sa85RIJNK8lO5OSWVzaHaHni9xXpWDC5ob9ObZUw8QoA0gM9CqRwMD17Ea7Z9yfqvY5hoLkKZkGIvseSAf27Gq0xqonvi8/c+A13BZRvzi1AmW1/Yvfmdic5tm7cviTLZ/8buAW595xoKs4esm844qDKhpKSkPLfoHJls3kj2NPHBrorFl1+ZgHUX0COcIIGKgE8gKI1a77xG88gendMiCV4JoSqKCqqWOMsjs5IkMwVtoEdT+UKRmI3EqgZz04tdffy4eByLXpYbaihi7XpxcPFBr2hvJXfCQAUxrB5B8CfMQFANWfJ0wcVO+yU8YOSxBroCm6foT58UgquGT0kzjHgK1FefyAoCYt2CqrHu6IBX1Ny8Wiy1bK5IIt3We6FcV/WPPjgDygQ0hk9UzRAj55BwGgA9miDT1cQ6kMRpwDQm0lmXoEMbuJvYSQylojK1CoMWWFR4rmQ1JKmGHkkkMvlSBXlYmVIFeXxZz4lAkgXDTJ5YmGatzy0z0cS+ZEzviuwWNBehTFrFXgo9//UgWKQy4UGEdHBfJNupsH3bP53g4v3CXOwRPr7rpPuD7bvNDZVT3x/0HR+XMvF9uWfo5/ScwuevnZ66ZQFVJpSUlJTnFoeCGDRKVXujJ1NAb5GtW5cDAT0qyYGAqoEt5eVkn51xD9dQLlf0aNIj4FgCZN6FZzlkl6PvkjbLyi5eszj3ow7F1ltqFxdMZ/NgPCYzOdIDyAM+GHbunjQQjBzq9BzrBVJQxeFZTf8fMGfJ/apWq8VSOZpIcwGUfBatqLQux2CRXEGOSR4hwMqarMfCsUS5WjPFShOXSxe1npKsia1qkC7mrPhRP6jU46kh6zyeAWUSiSXQxdqF3/QH0rGBcKGdDs4CuPZI/HTWBIJypQLnmmVklIdaCLq4gA97i7VmnsTfyyE8HhCoqCghHwjBEwtnIeKn3M4icMrDl8r2p+6Dli+Zg0U5AqJMmB4LSt1o4kPqjUY4noYphaFGU1lQy30e1EUqE99CZWKRBHjvjsMLNzpAGIsQ5tAeH1Y1yYmd23bPzx4gygRUytadB8RY5IOXdk9hma3/uPeHT/d8ddjtw88qGcauHbsDpKZNwbf5pf0+ht2+fffWT33zc+Wv3tjNpVOZNHo+fthJjPgwfNm6fe/JSfee13bvJ0/jHL955yFoFpg8sPXTGbzpnAGIk+37BlcsWiJQZUJJSUl5bnFYuAX72ot+Zfxpc0dDvd4IG1FelMDyrtbqDLegnmCjMUfSSREtATYl2OKMgmxB5LXFq5VqHRt+KOKi80BAMlPAJmPIt3AX6BOyEEEs/rmuohYjgBj9cmhAPtmmg1WLTqAJaS9ZtPXFAhCrl0wdiC4uEJr2iy4ehbnjV+wtxcJgfyQvljHwGU+mSGlwy7U3cYBBJNa6Cuhz9+f707l8vlTuFdLdC5IeD4QdheY32ysz1h2DMO1DN9Fh3EUnSFkb2/mcx0VL4KGybAQbHc6VLRTNY8jMw7TAAwyyATmGRaI+IQgiuSVUyDJLh1cYeeSiyUFliewgBFEPkub0Z9vEygROFzQSttcJI88VS6CgQG75cW1TMlQyTnO0jKyDliaLkJYeFqlMlmzNBIkQbTMIifn5xOF9m184ZCqT0/Ad2uNF/wVlsnnncXMzUiZZ9+adLUXk+3LPFA7iQv1s+2weqxFTQXcqk/06HmphZvu3SJpUTu5vSRTkSzZgHeasQ4FfxpUTqkwoKSkpzy0OC+TaVLKpae2VhjYElwhg8YAtDIKkgK0fQZJz+QIwmysY8ZQHuTARTaICfXII5d1CywLIa6uzTrmv64qCIfSy3y+h19iWXWBKmrHIfgcJtQaCBOJHBjnINbGAcZ6HivjVsCgU3kFsPfaOg5EUy2WYOlkN80HD0/ZkM4UKDvhW0at9ISgGw5oRjybTSeySBFIFGuSLLRPxlbd3/Z+LV/151T07P9678FSDoYQTimNlkkyjhSzrjkGYZRUYbZ+S7b3gR36A9jcdtmVy+e5suelcEc5VrfU8FxyIhUoTJhxmWI8kVCOO3MZklCPOLPEJ3x0mC7aARdH8qFvrjh5oK5OwCwXGtKqawOMB05XN5eGm8wEdfkREwba1K/xSUIoz2OjhFR9yZmsVVYSnJRCKRpOZTim7SGWCADY9USaRWk2cPL5nHHEmRISgpRIU+/4ZUgimMslKB/ft37odnZFsAWUydfpgUCZoAOafOxdoJ7S9lzJpbwsTRZQ5su+H9vCRNDqnkJk+sHXHfuvWMwWqTCgpKSnPLY4At6Bnut4re8SR/n9/CQCWdCQai8bjfpYDceIXW/HWhG5UEa/lMwOWk18M5HtEO/hl6+tkr6CSqPdQ1F4wBEJx8oYbbPRFrpw0UFkVo/tdeyew1ZsDY7Hb8O2FcgVlxQVOs4sN2a9UqoVSOZnJKRoq+gFmPcwtWkXpmG1iPaNEVYJaLFXPu/KWTL54231PxFLpa+94qFqvg0VLmE5nOlksV0yWcUorJZQAki3pTBbapNIZLYKOlVQUTA/kFB3ISKofuVcZnKySLcQVCiiqSDghRhKWc8Fg/DgbW6c6dQii02xnE2x3KRTv9vGT9Qicy8lDAk+pb2FtFpgNzYiRuZ3225TLdAKPoE37JUsYEkE4ng4ayc71nPm2MiFJ6hiYKAkJezPOCt9lddovw8MAurSIXc7IgaFYCvZW23oPxJgeiRMRiJ+QkIcPwGwgKbt4ZbKrvWBibiG5uQqLViYH39mdmG9sfu0oWrpoK5MXQZO8cSiSTmWkoz2UyW7ux70/kAUQrEwy2HeLcN6xMpkvsZt3Hq7PlRPM4VcPjnQhy4YGyJIfhCHy/Y0XVJlQUlJSnlscAbO8VqgssKjgD98whcOXFKlMNpvLgwHEi1IgqIlB3S/IYEsB/ZI6iQtmo3e3khoIRftY54JqdO6dw5XmUF3FgFHsIWagfa5Q8uFYFEHR8u2w7xEAdmF3XLsFyOrVkIXav1kniqUKsQjBonV80ACQt/u1eh2Eih5NCoEQzG07nl4jyZdZvHJy/lW3HTgy8a+vfyqUy/9+6Q3lapXk4QX6RNUk2LguLmASrFgweV28itjeSFoibSlrTId9PIAoaQE+o3T6jKTDGT9ISkfVRSxABXB6KxPYy6s2jxkZQPd2C+r1BvQcii5Y2YCNUzj1M+yKDkp4ZQs4r09CCdlsfepA6PLBiEcETZE1g8eIMiHC26QfhyGhzMhKKJZM46B99K9BJ1q1ODuuFL5WqjVO1n1CEHrAXYXdfHAMymT/G6eXIzqwiHombWUyX3K/+MZnB8kriZYyiWx+4zjRFb4v9/RQJsjz6oMXdhPDHJqZKoXg2IfOlMl8eetud3vjOQQkS6zbziyoMqGkpKQ8hxgb3kEdLIygkbYYH+jlfaHf2/0zhkKxGIu1zDhRVkCcgLUEn+lMFuwtH3ZDkgL2IRYWpDK5zmZGDNWSZ7Gq6X847EVv7lHCKwO+dL8vdwJRRXZn/0OrtTr2SRsiYjtoxFnsyjUxZAD6aIDxE3+wSq0GxugVN977v/549beHju/8aO9Dz75cqlRBHAJlzZDVkEkWZg/pjRZJ6ipCVB0FbyQtxYBOetAjCVwAMUkKICYz+Vy+kExn0Z/JTCSeJg1IY6AUbJ0LVA3p0M2hZZYRStMUS2UkabBOQP5LguoVVOhfi8Tj6RwoVZdg4zgH8tVJEjAjnkLJ5RauiU36BLJ2Me0Trf06A4lyGZgbrd5oBI0kqHEs9eugTFD1SUlVdJjRHApn77ouC5rY27BPUgFokMjkxQDSsWNQJvPMoa1YmUwhD65xwFQm8/NbTcHTXjNxfbtv+/bdm7fvidQCfZQJGOibt332lYyGdHLfPhje1pf27tyHA9nnEsQZLDJAmTRMH7Ctbx1q7z3rURicwWOpQZUJJSUl5TnE+PDKJF8oW+pdgG0RSWTqjh2Klg6xeCIaPR0yDnYVaJJwJJovVlhe9OG3s1LQaUhGJ5q4ughxVeIVRz3kSxVBQYsnSA5JYHVVeplxsD2eSD21/e1fJlxmk1lGTmay5CV0L8haFNXycxxkMo+yHiMvmie3vbXzwy+s+5YMcIFw+a+9+2mtVv/6x6N/e2Dz6x9+0Ws2lgvxZIpFEUfWCKKBSGXyDEpCgFYNhICOlne40x6DhLiEvJ7J5ciSQqOBllniqcE/v1lWsQQ1zXUkiFP1SOcu5whjme3cb61cqcRSOdBI8Guy7uuNJlrTQ05rDrP2jUOZzEuf78AW/GtHrXvOZehH9u/6cebkpBu486XdPkfzSYFAlQklJSXlOcFMEdGBl7sVYKBYgh/A/lDCicYIfY0VYMRHY/HOzK1gBcYSSdAkTRwHT0TCaApqDkdygzJx8Wo83Qr/HQgUvowSf6EX6jOMLAQ0MNC7QwtAlqy47cENT798yar10IBslDT0SvudT7/pU4wFjF3oOZawZqTtgwk3B4c8se2tf339k3XfkqFSqW56/o3/fd6KVX9/UAtHcQqvs860EtUIWN4BbWinRBAYcItBSTbxbwH0MPFq45QQK6NgjI5M0wEhiMIwMrk8nGtgfQ/ojaxRdG4slcrkiYLPumNpYYGio4vtfhT7IJNDiemGSlyGKpMKKKubw9OMRZn89wRJ5EWg/7D32IDFLorToMqEkpKS8uwkGORjeUkt69bgb+wlNcDvaKkBNlw0Grd9Dc8JYrlcCao6KyqR6ODa2LYollvhGZoRsz1LN8BqDITjZVwyTzXibj7obyd+BVsN1wlRfWIwmsh89vXB81bcDZpE1cKMFIRDZjysh1PgROevuKdaq3Wvm4BNeccDW4rlqqxFbLWWJAcf+8er3UP9ZdI7Mcu8+s6nJ10LavMtKbRw5LcXXJPLl7758df/+uuta9Y+aTvm5YUHZ0ZOZZzKThMgZkA/iKo1X4KJJqo9UtUiCXwKUtoSSQsQn7Y31wRJpJZIL1haOeFiyaN4ZIq4+YwC0EuzrGLd2hvwTKJi9g7yuXWCVNoRAk7X9Kgy6Y2stP0FvBb0wp6D3OC1NgoTVJlQUlJSnm1MDW1r9YNHtFb5SOTq3aU/zjCisXgvjxEtZIA4gS8+hoMvI7ytR7InjrxfGDkUDMdcvCbpcVT2xNrwNOAQj6Cnc9apzxVKyXQuoBl+SZ1hZDcfALuzXKlF4qkrVt+/6fm3YHiXrFr/+f7DH37+3YxfPO/qu1evffLi6+6emPF+vv9QPJEEy/DL7w43GnM33/tEqVwFktOhhYgmwju7v3ru5fdXr336v66665kX3gKBVEQ1JVN8IOQT1eOz7GPP7Xx6+9s73t4zlJW5GPzhwut+e8FKGEAWrxI0Rspyu9SAOwLKoVK1yVXVH27k5qemsk4XE2r1ejyVdXPtHNOS7hMCyVTacjfgdqIkY/KCOKVao0ESiAFLdmm1HAJJqWHcGlulEodZnWviCBN2GJ8xqkwoxg+qTCgpKSnPEsZzLZet8YILWN8Na+FYUB/C+3zsqNVqfRZDCsUSwwlgJyWQZ5eQLwydvhKODUViLM6LClZivdFQQjGXoMdS+V46BxRIJJa0Nf2xzw/qE5Avlmq1BicFwFTVI4mLr1+XLxSvuePRdLaQzRePHp/849V3F4oVWQ0/+8JbW1/7GL5Ua/W/3HQ/WHtr1j3zt43Pvbnra+gHbsGtGzYf+OVUrVa/4Jp7b773qUk3c8n19yUzuUQqDfrHrOwOBvHjW3eCONn0wju9tNzYcefGTf95+Zrf/WnliamzNL1QE2f+hckZYU6m/bJXUHsVgLdFE6+HYK2I63vgZNZB3Uhl8+YTU65Up/0SSrfQcaCktQJXoP0IQyVAWeaUcCSBi5Q7AJkcYHEYLYTzU6NKpra/AltQZUIxflBlQklJSXk2cITQdieoN+Yjyda7YTA4ktkSoxiKke1fdmNJAZY39uOybu8EJ4iZTBYGnMnmQJw4N5UI5uZQilUwB+OpBRlaa/VGOJGR9agYNBKZgtltrV4XtZ5KqRt/f3DLjfc8FdAjK//2aCqdveP+Z6Fn+LNSqV55y0PwHYTHmx/tXfvYdlJN/NIbNiih6MvvfZ5M557YtjOZzl6yal0qk19z39Mbnnrp/BX35ItlMHzvf+pFI54WcG0+kldXDRmTXuEfL733y4QLDM2Tbm7YqRgKIJNuWfs4x0vlSgW+B3TjujseXPfYc9Z2ZwGauFa9ZpxOn+AQTZQaIeATg6PphCaupQgioSVRcNFMv6QmUllZQ5EknHJ6NRIan/LyRCGfdHGWM7oZ0cvJnVt6IZ0rwInMAiMDEY4mYCSgkaw7+gJkHhwVXpjvuD+oMqEYP6gyoaSkpFx2jpAL2CF8UghFCYcTYHl7xFBxEfU6xgJQGvF4so+nPkE2lycOXfNYpXCismD3IJRK5VlW7p8sGIxvkCcwP4IWdQtD+MkQVKq1E1MeI4ZieLbsePvClXevuvPRfLH094e2wdX9Ouk5MTG9+r5NKHJ8bu7mtc8cPznFyyie/tkd7yRSmT+tvHfPN4dmvbyihkCQwGDA3v1i/897vz9C+s8Xii4B1fwGY3GGBZOx5RE06eUXjGOsgJGr4eg/drz1m/Ov+d/nrbjg6juee+kda6OzAzD/MBsgKa07BqGJgtQ1MaAPFU1uC+iqUKqwCnK6Q3eHhLlLqukNlS8WyQILIapRKKi8EiqWUXUhELFr1j1LWqayhUl3zzgiUDv+haUb+6CJU4HN+KVeBUlt0cTLMiCJ+/xkukGVCcX4QZUJJSUl5bLTsV/3cEDpSiVUfJBVIryaGMrmWCLE4o6GAW1wYRPUEi0jSLLzF8aAaDLrEXXvoHyyMJBcvqCEEsnM0A5j83iQ5FrAElXDsVyhDObyu598A1Lku19OyVrksS2vvfLe59te37XhyRfe/fSbIxOzsURq9bpNoDouvn5dNl84dGzyk30Hn3/9o2gcOZKBuXzhtfeSzuHaA7jouIW4vN0QLjpDQQ9FmriYiY9X3v/ky6vXrPvtBSutjc4OxFMZUAIjrHsgE1xGBeaz+fH4TcIjoEdTXkElIgQ+XZyCvLyazWAYuRSyqEqm5BPNGoVGIBwrVSrnrbj7xnufnsfJsl9+918XrLy3108DZSIWFuT76gNQayCBRDU8UP93IpHJwcAyQ84JVSYU4wdVJpSUlJTLy07zoVKp8gEjmx/iZWcfiCoyNK1b7eCs1RmFiKouypVqFS7By4okmZJDY4vFSw3q8K4+owFGqOgRpatUBWyv1mpgd4JkUfWwy8uCSvnh0HHYDhrmzY/3HZ90w34wJXtFv5zyosLhFk77RRcrW5uOA6vvefQPF113/pW3vvD6B98cOFIql+tnZez7PM6/zAxf/X2+nU6aFI/3SZqsGXB3RuinGzBXuVyBV3RcGgXlc3PhoHkGZftF9xfOkiuW4DmBz1Q2t3rds5fd9ECxXFn5t8fuemjr1td2zeO3CZZumygqKRp1UEqFAFW9VEK9nqheQHnnpOFWDgulMlUmFOMHVSaUlJSUy0hLGi7QEqIadYsh5+lxegEsnO6sXCaamHASYH0OuZOVKg3gHAr1tjZeFuSLJV6UeAGtnPjlEC8HT7o5h8UZPDyqDm5WGllqNObmiKFs3dGFOZyOi3x3Yg0fm/GbggQMx1kW1XgBnvLwS6EZQBh/+uUPv73gmt/96drfX3jt5Tfc4+daPnVnGxxOeDcaWJmgUHUhiPyXlDB8l/XYuOYT7nAwFPGJqHNys1ys0nmv0aoUytAQf2TLG6BM0rn81bc9/OaufccmPels/vBJlx6OWtqXq9Wy41h2Nx90cwEHD9dpwClATcE8WHf0BhySSmeoMqEYP6gyoaSkpFwuWsJLvFK4VG0ZFB5xFKvLBFjAfDBi60kfz1mH0c1YZr4yhPPUUiGRTHG86Gf5Xya9YOHxUoARlVptwMhIIiP8Qt26a4lQrdXBEnXxTv1tHAKGP+kViHU74eYymVyxVHHzrdy1oNOGfS/uBE9ufVXVI6VyNVcorX/ihZOTs9YWZwdAVwxV38NEvd5gUf1B9EoA1AgfCHlRLDsK45lhZIfSdyDAcJ/0ioxC7pQ1gKRWqz+1/e1QJLH6vk2X3fwAnHTNfZuq1drJSVe2UNz50V5GDIIy/+XELHxCV6Vq9dq/P27pxBagbVi06DqcU5YRT8FR1d4VQrsB/7aIWowqE4rxgyoTSkpKyuWiCbBB/fICv/BoMlcoo5pupOQFxhCrGV4pJIUWpKUy0T2MPsyV0Et+axdnEHDZoEx8LG9Wk+BEKZaw1o7sRCKdY1A+2QFBJmMEmI9g3U77x7y8ABMPfRIRYr5Ej6ezJO1YW5yM+e5se/WDuzduIkmQH9z0UnGY1LrOAU+7ddMwwO/4dd+gOCJbkGKIhY7o8CauLYPqKuJYEb+se/gg/LmYuU3nWrHvjByqdVn8ICmJC9kzz7+thaPbXvv4klXrY8nM3zY+949XPvrrLQ/FE+lDx6YS6czlN298+6O9Lr+w64sfoD32DbSRo+1djaAR9zqOSCHI5Qtw4a4hl1lgGt2CRpUJxfhBlQklJSXlctEEenertgqMgH2A05Jm3UKID0ZhuxaOGdG4kaoDS5V6pVav1htgh8BRmE1gJ+BwrxSu2RXtnpuzjmEgY9khFNFSoFyp8aI06eFaykTRWV7sExug4OStbk6x7lgyGJE4GMoecTg3/YHoUCanX7rDVZ9wsaR4H1wmefc/RkRjid9feN2lN6y7Y8OTf7jouuqgFarRMMv3yzQFj27/KH94whklFI4MkejZBFEm3UUPYWLTmRw8Nq0UW0rYKwTB3O/1mPUHi5M+A6d8Up8eKtUa7Ltl3bNrH3vh5KmZiSlPMpO79f4toHV3f/bNT8emLrv5gX+8/MHeb38+OuGSA/oDz7zyyb6D0CH88Du7DejGxk2v7P/h52S2wHakLXYC5NWGEx9bd/RFrliGm0iVCcX4QZUJJSUl5XLRRAynZoIvkXjaLehmHq0mNk+72EQFGQvNTCYLDMXSQCWckEMJNojoEUO9jKHuMTjk8jp31et1ThD9IooeIeTlICdIIELqCwUYXLebVz2CeiYLtpCggmi830rOaJjE1TBOeqTO+wk3VzdiRJz4JI2UaV8ksvnCZTfcXSpXjFgSxYjL2sS0xzK3Y0R/ZaJHk0GjX1WNYrkM114ZJl2bCZJuuI8jHExvsVyBh43MsEcIuvlgbhj/KOjhlK8VEeRkYafZxsNbdq594sXzVtydLxSf3P42yI+Vf3usWCqTTG5X3vIQDOzEtPeTL757+B+v5wrFRmPusefeiKcyf7z6bhBR5WpVi8Qrw4hJeK6I6+NAJ0kL1HBUjSSpMqEYP6gyoaSkpFwumiDKpFKp5PKn09daBEmhMl8o2xMMyE7L1ehRxxA2do/BORO5Zq3e055bapTLZU4KcIpmihNEWeNFWZSVfL5AIpjBVoPtwXDMdgaWCC5OGdlQ7g9bZULAB0PEX8jNB055hy5GaQFSI2IgqOoXrrzzDxddd9Wa+x7a9KKsLsrnqg/cvXMzAHg1Eo73q3ceSaThwhsjxawnszmcumrwdM01m0Y85eFRtl+Yap+oiapRrdUGTnUomiTPJyjkYQPrm/i8cDu2vvbxw1veePeTb6q1+hWrN3p83Fu7vwHVwQf0HW99cuUtD5YqFeAlN6wHPXn56o0/HZ2EP71CAGVZsPbaE+FogsWrQ9Ydg+AWQvF0jioTivGDKhNKSkrK5aIJU5lkc0WSL6uB82V1svtwk6SBaS/1UiagbbqPHYpLVxFyIKrVKnqHrYR5+fTKCdCPxInk9bOCJNfrdTAcYWNi3D5O/eESkOvOUAHEDtFHmTTm5qawrxeLQ7fH4nZVqzfS2fyzL7573l9v+T8Xr/r25xPWFmNCn6xx8w6UiR5JsGjdo2tSHCCSSDlUJgRwW0UtCrKEDaC1hSmfKOuRul2whwkvj5QqcNI3eugR3N90rnBq1g/C484Ht0Ti6W07P8kVS5/tP/TjkVOX3rABVApIkctufqBQKt++YXO5WitXqyBTPXwADqyjgJTTieB6gZFQJXtZsya8HggXr4M4ocqEYvygyoSSkpJyuWhaDaYyiSzi3+REO6tQL2XSX944ZMw+rv5MgJHUEy6W2HygT3i5FRMPdHOKy8uyOJEXsjttr3/JQNYuRqj6NxBEmZzyybYmJggJN86PTMTJsK/nu6EZsUc3v/j6B58fPHJyYtq9dN5c/ZUJ7E3n+pX0YWTdIwRt52Qg1FDUL+sjHNs4ncgL3W6Y8FQm371QBj1PM8iVa5aRlVAreGyRgD5r9fpXPxy978kXX3v/C1AcF1+/LqCGvv7p+J4vf4jGUx/869tEOsvKqLqomSCBRb5k6rRfVo0Y7O0eKgrXkUMuDi2zWHb1R75ULuCU3FSZUIwfVJlQUlJSLhe7lUkuN/q/yf2VSX342Pc+7Or+DAFmybfA9grzkmK6eHml0MlZH4gTlhN4URrLMsJANHGSYr+sjWDsDsSRaR8yglmll9YqVaqknB9wwsP1auYQF11zxxf7D73/6b5/7HjzyX++4byGxrAYrEz6Fhv1CMjgtm51Br+kgroY+WY1cfS5asS9Ii76roRBHMKf5iKMGo62Hk5Jdb4yMxA+UQvFTgcyVWt1r58XUCX7ws4PPjfiKXMXljGNeCqjGXH4aZDi9IQgyWC0khoOhmO5QoGUqLdNldEf5u2jyoRi/KDKhJKSknK5aKNM8qP/m9xfmVRq1vaLYX5Jcsk6Qr0xd8LFkvfWLPbm4kQZ51NCW/xy6MiU18fynCgxnFCvj9/DyoK5uTlGMTziKK/hB2KgMoHNv077wVJncTqpwOJe0v/XFasr1ToQLqqxMPvTeDFQmWT6KhNQBcPmkjIx7RNBmVi3DgmYmSRO5MXgHFwMCtVQazU0byddrSRyuXFkJiCAuw8dcgH7sJ9yudJLAsF4Epmci5FdMFSso8hogR4+MMvIfmlokQbNfRJVJhRLBqpMKCkpKZeLZ0yZ1BrWxotnpjBUqO2YwQf0423PLuDRGWbSy3NyEOUURs5dgWMzfpeXQVXkRSmeTC2FqxUByfU0w4z4Cr8/BiqTeWwlx1MZso7kl/VoO8+bc5Qr1d+ef81/Xnbz5Tet3/Ly+98dPDbt4SRFG64Xx4BuYajWrR0AZZIr9tS+ZJEqkugXiNIH037JM2TFjz6Aa8kVSmYiLxiYT0IreKc8i81J0AkJJ8K2rWQyFGBE5WpV0SOsrHlxpjtB7XcjbBFNpMxlFqpMKMYPqkwoKSkpl4tnTJlkitbGY2G6MDbba1iAKMoXiic9rRBwsAtBmUy4ORwiH2DxW+ETs0wgqAmSDGR5Edov0lgEg0zRrd4v2Tyqqefilk2ZzGNj/cgUagmEq47Hk2DFnuZcPwKqtdr//fON/37JDX+48Lrf/Wkl8P/7y03nXXlLH1O4uQigPGABw7oVg3TeX5nU6w2Y8HR2xCQHLlZxksnXOZp4SIoGmgSl8CJ34ciU10kAukOA7l38Oo+JJr4FqWwBxpkaPlcE/LjM66LKhGL8oMqEkpKScrloUSbz+KVmdzOH7KNMuhuPiygn2IJTnVHApB2fZUxzEL4cmnCDGUecu3hJ8XFStVorlso+hsPrJzJ88bMcKMDRFnzgjIVSxSeFvVIoEIpWa/VZRobzBvWh3z07wbEZP4uTzw6MUQYr+JQHhct3k3jv9KaRyReLJZAnjUq1ls2jtE5g95cr1VK52tV4DMR+d9aNtvSJqk/qoBj0CkEPj+Jq4BM0RifhRkz5REJW1oBhIxqORJPZHFwLXBoQhWcIATcfSGdyI8RX9Ec2lz+KlWTrMvHntF/KoodtRJUCB2ZzhXK1qhpx677FARVYVMIgAiOJdAnXLXUyPpBbWvR0uAtVJhTjB1UmlJSUlMvFM6NMFp8seCAdGTVLBiORmWYkZAtiQ/zXaf+0XzzlbteMlwJkzQQ+QZawPAqOJ0JFUgLDFpjrBFw1GKNg2fskLV/sFxcxMpwrk3nkVoTqDwKnGbm1BtFsVqr1YrnSh+l0JpXOlMoVsNT/7eLrvz14DKTXHy687oltr5cqNSEQ4u0oa4ZmxJ0QOk93MJFEpUjIRvi0NLachVP0BZRVoF9AbkjwBeVC6CDMEpDkzoJPn6T7ZWCIUZCfVSc9QitlgosLpEZde+nGpFcgDyFIRJh51YgxyGmKnAupLEYO5XuvBdnCx4qX3fwAKBNnwsEpGnjZSsL1aqDnYqkEEgXoFvVZXgP65XAwFFMjiXA8HU1l0/lSrliGh0TSY53Ld1SZUIwfVJlQUlJSLhfPkDIpW1uOneaphwIMEg4sVxf76hqmDsxQM6EwWIe/THqVdiFCVgl7/CBMJI8PhZ3AJ/nixRsZTlC10YPXSWgymHTlCkqiOnYMpUxIxAuLCsMPcUVEwJDvl91wT7FUAZGy/okXQJzgF/1jRr3RYHu4cnXD4nhWrzfq9Xo8mYE7C9+rtXon4fLLlSpJvZXM5MLReNiIKlqYlbVpnzjtk9C6CosCwVHwN4tWuuDZ8EuaHk00HEzvQEDnrSdQRp5XZPwwEhc+KVrHwzUNg0bC+RLKxk2v/GnlvWMMpicgj0osdfp3y+KCPNUamlUQqclsPpJMgzjh1QgIPKJbkHQR9I5uqDKhWAJQZUJJSUm5XByvMollUAKu+S5l0t1yKQhnLzvLMTvXhHHOWYqrOLPT+gF6mPBwJBCZ6JNDE27zT5TACkkR5OjFSBontIQKw/FEonCCOEI2Kj6A+vcKgcXXErHFUMqk0Zhz45qPcNX941J64b/+els8mU1l8mvufew/Lr3RunscyBZQWM6w82wCDgNbH3qw7sCAqxbAku4tzJo4el7DnlHwPZ7OkRKKLM6akMuPHomkReLkSXPzwe6bRVQKI6GUYsTLizh65YulPncK+imVK3okftWtD1+xemM2n6/Bc9boc4Qj5IolHGyzICvXLL9ActjCJ4dDsdOJB0DeUGVCMX5QZUJJSUm5XDwDymS8yYIHMley2mQmao1mvtToPsTkWFAqVyd9rbB4IPb7b3l5Tfkl/AVVkcfeXDLLC0Afw+JPDgQKKBZFM5ybfiRdr4cfZ0R1J47PMixaA9GcvNSHR4hcO1i98dQoE3ro6MQFV932+4tWbXvl3WJpSfzTQJl0hlAPCzgsHEv6ZXszGrqNxBJ9Srx3KhMTuD5JwotvJfQc0Ix0brg1CnhgJtpBPtM+wbp7IWAMgVCMVXSzLM8MI4uqUSxZHb1YMXjhdfdddN19Lh8Pg2yix7sSjae8UljWjHypMto0kuxhmhEzt+AhDc437ZX0aq2Vhhs00oSHo8qEYvygyoSSkpJyuXgGlEl8HHXfh2K1tmD1oImMmLlC2bpI0s1670xQzgEXrhoxIhiwoRmaZoggQfY6+eKTVJJNWAjoZMEElAlIFezihRZSYFP3a+9uzCEvMrRm4uaUaCwxFopqRAiGCBlJ/WXSO5QyOT7bcmlT9Ih1twPU641YPBUyYmABV7tKho8Fi1cmob7KJJnNDVQmodjpuoTm9nyxhHIn4NB8n6hFognng4R5g4eKPGNa5HSAeC9Az43GnJFIT/tb8VHExwxkVacqBuv/xKx/7eMv/PmGDd/8dMw8FrbD8BjFqPYu15MrlkJx+8TK5NdR6YiwgukK92hsAsalG1FzTuA+HjrposqEYvygyoSSkpJyubjUymQxvZ15xkZ5y2+PWq3OyigSmth8nUmrZvxSHSdlyuQLIEgESQZxEtTCJDLe42NAqvhZFB/vYzhVC/WRKPFUDvXZcs4xxsRWQAKhD3ujOVQmgF+nkfcXcNovWvc5wKYX3/v9hdf99oKVvzlvxX9edpN19ziwpMpkvh1B0Wu6wASHGU6nez5qcOAsI3txkD26rZKKFisGjZY8YAxa/ZAGtbUCOo8nUj4h6G8XbfRLmpsPwIXs/PgreEpLleqMl0uks9Yj+8Ij6nCkdSvyhcszONylc2O+WM7bNe5EMpWB4eXbCzuHT3lmWIUqE4rxgyoTSkpKyuWiacMQ0yfW1WAomsrELLBdqlrbnOXMFOwNytGgGzHTYWaWa0UnH5vxZ3IFs02jMZdMpcmySTBkBFWd4XggSBQQLfAFPkVZqVZtYmh8UsgnqmwgXMeu/4shWJ+5QrmJgJ4Kk21vLr3W++14J8RA63on3Jx1nwNcuPJOLx+QgvrRU67fXnBNr5WHxSAWTyypMqmCKA0YMJ/WHRgo2EMJZ3OD83FV63VQCCROCb6IWqRXKBHcew9WMjOMPNpSlQmYFlRUEaVI1kGZTHv5lX979LwVdwN7nd0WCZQT2eaBgVmfZRWvqGYyC3JWhGKZgR6M8LTPoSWpvEvQC8XSpFdA80yVCcXYQZUJJSUl5XKx0xZoLjpU3VQm3rYyGehAdRayVh+bOJmbmyOWfetVtIyWUMDmm1oYCQDmYKlcaRc8kYxojHz3+lEWL1KokWH5Mq750HkgWHgz2Bunz7qKQ+TB1ivbvLSewa5oPjlccpb7S48myPWe9IyyZnLV6vuisaTLywb18G/OW9Gn0uLIiMbiWJlYtzvEWJRJ0W6quwFiwA/Ktl2ZxMsHbeUBnIuszk35RNsGQ6GJ05eFo7FKrZbO5NY+9vwlq9a/+dHeobQcF4zYtgepCdciBPROzQktg0aio5UNoA0p9QhfsoWSR9QZrNmoMqEYP6gyoaSkpFwuLoUyAZtDDrXsjO425wTtbKoRAYbUsRk/cc4xCXZkJGGNNJjHSiaezpLKJ6oeEuUAduuSSRYvQpYTMtk8dFvG9uiEm2N65IkaCvF03vYlNxm5c2WSL5aJlYzTeQ09j3+7/9kTk+4//nXNHy667rZ1T9hat4vEUiuTeh1lJbZdFSFGPxtwOpkETRwTQuoSsqgEigJyhTgEEhzFHnR+OZQfa27fQql83Z2Pp7K5XKF48fXrnM9YY2ExxE6EwlGY/PLCBUC4OpDrnVu6kSuWOyux/DKFwp+oMqFYElBlQklJSblcXAplkinMlavoVXfznAoy6WSp6tgKc4B0tmCunJj8dcZvbddGoVDEObtEUQmEjagoK0Sc+BiOSBSfqIINms7mWcWY8st+Cb1LXiSwMrF53T6sMqnV6l4clO8VnYamdCIYirp8/JSL+e7gr7FE6txVJrHUgqgMOF0VLUFkOQV5u42wxgWHSFqEOHcxSsgvqiSCvIlcuVBA+SwXGOgQNRQSqcy+73+Gs8DIr7/rSedjTmZyvZaMULLgrpTK+WLJLw9Q1+F4xhRjcPTPpzxUmVAsFagyoaSkpFwudhoIjTnrXpOxrA3zZXQIIdgMtXozEktKeswthJrIS/6cdOUyOV7AhLRTBp+mVwhY23Wg0WiAJvExJHOXGI4lOUHSQuEpr4gilVG4vMzIGlilo8WaW2Ak7OObh1UmABcXIBeYyNisG/RBozH36d5vWVEpV2obntj275es6s5ju3gsVpk05wMaihG37mijgauba0Y8GI6zsobWOlAZeJKWDTllDbtm0gmw6XPFkldA1dzRfRGDJ92tZGizrGxtvThUa/VLb9jw/qf77nxo263rNhXLFYfipNcCyByeGZ8QtCgTWY8N9OYyQ9fmcQ4DM3xrscpE/3Hv5m27CX9oD/vF7a0tr/44QDBR/LcEVSaUlJSUy0UnysS2vPpcswmGixFD2XLAaPDLRjxTJxW7SYNzWpZEx5qniwAm5qSbI+YUo6BPvxwqOqgNiew5DqXt8jKcW9Dh2GmfoIcMTlLQEooE6oUzItFyperQcLRF0LB3vxG1KBlzLJVDd3chrK0xTnpQaDJQHiYaO5XN/78rbrvprocvWvm3312wcs26TaHoAGt1NAjB0BiVCUwCTDv8FhKZLGgDNxdApQxbdxnnTJN1Dx+QtGi5WiWF5EGZzDJyrV7vNYFOAMfGEkkXh4u7o+ClUL6EEhhY240KUImFYhkeqnyhWMR1S/RYEs7lYhU3p8D19jpXJlewTck131a5ZGZgTpKZHFnk8Uqh/iIW5qqzwOIpT+t3NFZlsn2PubEwe4Aqk//JoMqEkpKScrnoRJmAxlhYIAQhmsiAlSypkWA4WbQzRLr7OefYw/QaHVP+VgVGN98y0aZ8jpY7wEwMBDWWF3k56BUCxVJJBuOYF4OaDmYiKdEI1EJGL3txIBTdvs6dqUwUzUilM51MpzPFcqWbx2cZYi77xaC5sVJFtmxPzM//fGzyN+evyOTyPlb67QUrC8XTZRabXZnEyCGjEdVpwbm5mh2X6RxwHFEm8AWuKxCKcsi3KugVNUZB6xiEHj7oE7VgKAKWemcADxxFwtl9ogpzPuooWjgy5TVXDzyCGo4mbIOFRkCpXLn3sRfe/eQbEFrQJyoGj+KaiC9Z2CuoyVTaduysEup1UT4x6JNUc0kNZkxU0RPrEUP5jtvdDdjbGWTy84TbnOfxKZNtp5VJZnocyiRwtLNPinMIVJlQUlJSLhc7LYheyqTV0t7YsEFz0dmHzxLG7f2bRgcujNiuus22ClaEY61KMgNRbzSq1ZogybwoMZwQMiK4LmFSlBWSQcvjY2Gvj+WT6cywMR6Salg3YZjKBK8AWCuf9GLHIQu29GIwFPVyym/Ov6ZYqpbK1f/75xtTmbwWipxysclMrrO+isnukzpn59jA8h5MMdhJEIdsAA8De2cxuDrHjF+KxpPVWh3seFAdsnra+6gTcKeh/aRX8Ms6ORbs9RFSBczjxTQSdgIEseTmAuTSYDCxVHaUHjsAnecKJUkNffjZ/qtue/j8a+5p4CXRSrUmq+h6yRyC+oInxHyAQUKrC8vbm4BpgUOMKKr7Xm8gnUPSygFdgu6X9D4rfj6sA8l3mOEZtpWAm128Mokc3LtntgAj39oSJw0iS3ZNZwuzB149OMSq3wLM8Xte2J05su9kP8VFcZaCKhNKSkrK5aJzZRLtEW1yrntt9We52rVatDh42lVNZhiZJBF2cYFjs4y1XV+AlabpIT/L8yJKKAwWJPSDHL04Xg8bXj9LAuU5QVS1UB298B5spvoVe2VieuDE01Zvrjnsm9RNzYiTwn+nvPzp7Q0bgklaA73VmINP+O+KW9b//sLrfvenlf920XV/vGLNRdfcsf31j8uVajQWt1DUTheq70UXI8/aEVQBWMPmnx4+0J8WWUKUCdjKISNqWwMRtuA4kJ6BKKBbYG8TZ9yaZeWWPpH0cDw9VAj7sXZahSmfSI4D6x+lnEYlbpBs0MKRXpHoAwFjC0cTf75xw+r7Nn334y/dsgHdPl7zt8/l4pRCuYKvy9IQASaKkVDhUct0obqTSKEh/zrUCavkiiXQ252N4BAQP+Z3Rm45ywF5ObhYZTI/11qLIYLkg8+/b0sUhIr1qp2icur7zdv2zZfcO4+0c/DNHvDN1158YXdry1wCvm9+YU8E51kHBI4f3YrjW3Z+y7Y2USwTqDKhpKSkXC4utACseynjOWQ8dUzSYlEqt5LqwuevM8iyhC9TfrHbwB2ISrUqSAoqIc/w0ImbD5YrFZAiUlATZYXhBB/DcQJKNBzUrNmQutEZYdwJokz8csh50HY0mf11BuWxnWEV676FgJOaazvwZe0jW/6y6q7tb3x06NdTjKBksv1iD0ZGy5sLfweDG0RRf5bLlYUsS0G9TwT8PM4B0EeZwJRyskq+g27kZGSysyicXZO0IfzxTrpase9Hpnyd29PZPPGYgrvmFdXRxMm3Px27fPXGZ3e8m8hkbYcEG7lgJJsvmq6JIK5Aq9g2LpTKHkF1c/YpH6LJDIsmAa3/QDPQfihmpr0XVE082QoyATn0K06RjBmG53/RyqQDge9anl2Ld4jbCSLnFNI8W7d91to0e2DzjgNmg83b9pIvW9stTRx8Z/eoKzUU4wFVJpSUlJTLRYsR8d97AWRkjhdHp33ECDs04XYLLeeuX6d9NgadA4BtjcSDEuIlWZQUVdPBxC9XqoYRZTlBC4U9PlSukRRCMSILAhvqjbn93x/a9+1PPx4+zgX7rZkMlZsLTMmjUz5kZYoLCup1g1GMTq8zMjYjGpP1mF9S5aC9WFokXKyCIuCtm50CvbZHLl726acIZvwy2OvWrW3AAMD+7twCN7Fc7fBuYpVUrtB/hMVyhegZYKXafu/eRgPH2U95RZ+koRvBB8Cmt9UMtoB2j255/ZJV6y+67r6/3vLgitsf2f3laaOaIBpPmjcXxm8k0nAWNCQF+ZVVcUZjE7OMDMPI5AudGy2Yw2nH4NpR6jmcGZmRdXiWBPX0Q3vCxZppJHDuB37RymRJ1ky0duwKoo90Mnvgh9NBK3xng82fImUZmTy6fUdrS7+Hi2LpQZUJJSUl5XKx21QpVqxtKIvlcfp0gR05ga0rP8gJWTXtSz4woiEORieRAaVylWll8WL9nFCr1RqNhhwIcoKkh8Kml5cAGkZWarX6xIxXUpGDTS5f2Lf/R2u/GKQSi0/SqzWnb5LBxOQCrXWhbL5f7T9QJt3SZZaVRS0K15IrlEqlsij3NPFHA1jJxK2o2REW38n+gONANZF65L3g5gN9GoACgb22MgFMfGTE40cCzmJE4738u8h9gQs5NstYWsAIq/U6F4wQNRIMx0g4il/SQo6DmubxfQS9VMX1TLoD6712i2xoIaWdGRk0hhDQidsei+J57JdTbAG33gybQVINSZ06jOfwKY/5ewHd4hfVxSqTJYkz8R3a9bP75CTmz9/vmsX/fFiUycczmXSqxQLIuMTm7Xt8Kvrz2G6qTJYZVJlQUlJSLhdtLYXuZpRjBApcFlsOMG5OMeucnHDz1qbOgN7iY3MNB2zUQ0bUz4IYkVlejERjTRS1XFUCqqQEWClIKjbCXj/LT854/JxE7MWv9ltfihO0lckQZROhw2gyTWzKeN9QbFtlkskVS5Ua/C+gR+7c+Mx1dzxgabBIEGWSyRdANdmyvwHtRJn0b8DKWne1QRO1eoORQ8QdC5qR7FWWNrBlGq9CgATqFrTJVDqRyUlaxDyQlIYkHQZC0a7+7FEsV9SIvZKBTb1qTUJ7I5YksS6giBhJ06JJFsdTWZv2RblcAWHTXj9BofaReHLSh66a0Muj53mxymQpcnN9sH1355+bt+07mLQok3lr2i7vgQ+mW+8/dm6nymSZQZUJJSUl5XLRxujAZkd3y//hTI015KGJ6nYj09PNq0Y8fbTtOj/lF7stdSeYwfKmM1AYUCqXQYR0LpJUqzU/K/CirOnIywvEyVffHABGYqgsIBxSrlQsxQ1HUCbzeF2IXJG7q6xeJ7qVCYirYyenz7/y1t//6dp/v2SVm+HLI4VJ9AFRJvVGo96Ys2Xv8SI4USZK31KMkUSKUUIDb3S1Vp/2iUw7f1caxXug7TAASWtZ53Dfu6f3rQ8/ZyXVMm+kANEszmoF5n44lhx4QwU1Ai1tpyNbKPZfQ4NRpbJ5j4CWBBmcu6z/6lkvwNnr9QbMpwd0SHu1hEWx7wGfGOAUfWzKZKEIadhtdAoU+96Bndt27zycsCiTH97a/eKnx09Out95a8+e2fn5km/zjv2ZWMB1+NCLr+2hymR5QZUJJSUl5XLRxujA6G75P5yxcWcQJuHLfiWcyOSUUCsz7ymvwHW9AneCcDztlXSwuS3bQY3o4QgoE8JEMlWv18HGlZSAh5UEUfZz4o+Hjx89OQO2LMNJ+/b/+PW3PxkRlNqV4BiOZQdDfKhABZIiFpnOjI3pbKJbmby168t/v+SG86689dO934E9Ctbzy+9+2qeHEdDy5rJudgonygQXPOlpXaI8yAGjO9tVN4rlChjfOCop7BXVcCwFZ4c5mfShwjhwFemstQwqNLhk1frHt73ZWRDGRKFUhpGjGyqgbMggz6wtOuDBPmm2kx80BgsbOBD6l1XskSUPp2wtgCcvkcqShG8tZSIpnKyOU5lspjXgKdqgyoSSkpJyudjoYS10t6QsOo0Ad4RKrUZcsCa8Yr5YPuFqxfV6RL07oHkgwMzlkQkb7vUmHr3DTmf8LI+9vAQ5oM54GB8vM7yoBNW9+753e/2hcMQwon5OgD+hHzAlI4mUm0drOx5BPXD4+DffHbT22wNgSs5gd6NfZ5g+uaFENWIZcEAzSmU00als7q0P/5UtFFXd2PLyu51tFokzoEzCuFy6dStGE1XnQB5K+YLTNQSw71PZPFnugGOPTvu82Ffq2IxNsukmzubs5+Urb3lo4zMv1exWNoqlsqRFiLbxS1ovfQJn9Ar2QT4uoafusgArK6Qw7QTOEIAOzNh3pKx4hZfRhCxWmVBQdIMqE0pKSsplZLfFQDN09WLXVC0KxIkL7LZTHh6sSbM29gwjWZs6wByJNpG1oG4cPj7dfVsJcJ7cuhwICqK8b/+B/d8d3P/9wQMHf5lx+Q79eiocjf985DgoE1XTv9r/o5cVfz4xM+3l2UD4y28OCJJi7a4HwD4+jheFpv2S0DvFltwRC2Himls3gOkcS6Svvf3+eDJTrzd+e8HK7mYjY/HKxIcrvlt3dCCZyXUrE1T+pTHna4cYGfF2oQtnaGL/LqJPCFNdWZXzhdKtG/5x8fXrVtz+iBFLWQqDEMCWW9ZvruMCMqVKJWgk4OZ6+IDSlbAYLgF0RecWgnK1ls45klW4XAmuBYl9utycooTiThaLuqFHEv52lVJeVj1cK+CEKhOK8YMqE0pKSsplpKXSebVubUBpslLrtvRGh6y3TEy3oGXyRdONfsovW5s6AIwMZUBC2YoqW19+H0xPa4sOgMkYicZ5UZ6Y/P/bu9ImN4oz/KuSyrdUPoSCFBASIDjmMJcrJgbbBIMPbBPAYIgxMYbYZQi4AqTsYAj4WHsP7/pYr3dlWVqdc58aaXSfI2mklXadt6e1sjySxtr1ulJb1U89tTU705rp6Z4P79P9Hr4rUzOgUjy+IM0KnKz5Q8zkjGf6umdoeBzHzZ8buchI0bMjF/VkqtLLR6gnsO4KcBE/0/d1eiqTnXsPJtNZo2we/Pw4KyhGufKzXz/Rc+1/eQjx6l0qEy8l2dL+2pAvGvCIuQaqwwiGeMkog2FNS9EQHwlbBQdhZPrVSneGnsrgn4OZ3p0va+q67/H1O8cm3Zv3HPz989ubvTZD4MU37/74ist34OjxbKFYMWuJDEpXQEkxOXprC2uhvzLJ5Ev1wbb1YBysrqIky3SroKQG4jmZLZSrZvfUOyCwWKIUKRNRQVmwiTIhuEcgyoSQkJDw/8tKrbUbMNe0XyLsZKpwc66xnBXfngArcHZxCdzHyAEOrcTjf2PJjL31AKjW6pVq7R/Hvv/Nk3/55/HbonD7oTk/b1RMmpdpTvjpzMipobEfTw8nUpmz58eVWIJikGfX+dGLbo9v+obfT7Hwb7ZwK7bBrNUnp1xubyCTtwfitLeA3MG+Ocd6ms6mWXtq456Ynjxy7MTP71vzi/vXfvbFt6bl4rUi6Ky0uAxgZdIuV7KAzmAfqoVCydASaVGL48roMJvYcQsTZAmMSVhQcb6pEKdEk5mldmNmsboiHNiv3bw5etn12Poduz44UqvXPz78L/vlDoC0oHnl6VfehqEWpEgqVwgsFmcE5ZDOFVFFFJRazZ6WDrmKSfbtoJ5A1RU5FSQcViDzCwu5ghHklPbWBxzAaGhW+q87ipQZX+vFgWFe5USyZ0Jwz0CUCSEhISHhKuIKQo4l6LblKsa8tBAUkN3m6ZVzyQFgR6ZS2TUbdj28bquflm7Mhh57cfuS7gCNq9VaNBbnBElSVNds+NpsuGiUw6LGKjoIEorhgmH6xmzAT3GirKSzOTBST50drVSqpXLl0uR0u1A3RhKtxKPVfVdQWEI/rJ786pHnf/nws5ve/CgWT+dLRr5Y8jOSj14Z3gjxoEy6zw9OvGdCCWjvBbO137X4Ly3FQrzqpUQwxAtGGdXiQIEWrWGAIywDLCUQTeXsoq4fjHIFVyaBRxTLt21ewSMS6dz12XCj0Zz2BB9atzWeynY26AToFvhU/rB+5w9DExWz1o5rmms0Q7haovUImL7uEBRKjmvJgfzQcI3OdNfbwTjMNRqgaWEkWztI1qDBWKH6LR0D1Ua2YICuwyPGylpg0ZWLKBOCewKiTAgJCQkJVxGbPbz3l4lqrd5eVqdBpmRyLisBUViMdfvqOKBSNbe+fWjLrgM0Shc7VzVr29491C8a3gFgFBaKJRAeshI5fW5seHxyaGQC+vPj6WFJVmmWvzLjCdIcqBc4ViJRUCyNBiqBJ0Z0X5jtvFW+VMY2rpeWum1NB0DTdz86HKK4fMGo1uYSmQKrIkN5BYkt72Vzcb4Wz0jRkBAJcCotaTAOSiypJ7P5ogEioV/gNwouFzS8rQQ2N7xjtwbohmSFrQNnGdl246iefG7L3snrvmqt1mzOX5mZ7Tnm1u7EwsQ17/b3j7z/6dcPPrM1dbueBGEgRPQOGRDLlyqdH1JQQGc6ftEb8HA8UKIW75eVC/qZzBbgi0UuXpY+QU5fUlSJJkAvdfYfBrY97JykgjTGxwxRJgT3AkSZEBISEhKuLq4g3CGubXXlikYqV8D/Tvdy17kjavUGKBMlljh87D/Pbn7HfnkpMIyynkhRDKdqsXMXJjlZE2QVpIgWReXkAyEKSNHcqbOjYiQe1eOmiSIHEKyfz801XN6QIKLMs/1sUwfAT1AJC0sAcEo0WyitFMNWnEk2bz8/IPVUDjtlgfXsHMzjABAwYIX7GdnKCNzSOZSoOUeHu0MoWXCQVynxtiiXJmB+fs2G3W8d+PKBtVs2vbn/pW0fdjZowx1gfvf8tj37vyhVKri++3uffm1vZMGomH5GahU6lGKUoIJ2grmNJnvXXrQhlkLVFbHCgXcMCxEhEu8j0xAWrPonAVbGJRoZq4QOHOvJDIzzVU8Yn+QktFXFSq02DFEmBPcCRJkQEhISEq4urmAGYbM+N7loeAV4VD7iehAZoJSkO9up3ZhrNL745oeHnnnt6Zf/GmLFnlEcS4WPttan5RjLi15/kOGFVCabSKUphj8/epHlBIYTTg2Nev0hXpTOnh93efznhieSKRTefXpoTIygZf503l52YxBYIQ3IcHctS6T1w13GmeTzBTC46T4V0AcBTHGAQ55O0A1FT4OoKJu1doy4j5Z6zruezmHJ6g5ytpkFpZTOFtZteqdQMuAbMMpVB8lUq8+dGZ9+eN3rj76wY82GXbmOqCEboJ/wpqAPw5bfGiPrQV4DMTOIMgFdEeLVVK4EegZVbBRvlVwsGGWHOyxYOQOgkyDbKLyXotzap4LvMEjzbVkCDYgyIVh5EGVCSEhISLi6mDX6mlZLBZhiWjyNLa1ZWjLNWnuvwLnMdjcOHfv+kefe+Pbk0IGjxzdu/8DB/hscIatWfVjS9URSjeo0ywMjUT2dyZ4aGlNUTZSUU2dHh0YvB8O0KCuCJMO/IxcugwkLB7yKlIlDzIMDoP9+ayiWGnXjjLtUJqlsPixEpEjfVMh3RNGowEsFOTWeRpUT8ckmcqNC2wvY/k5kCrZX9oRbLkzZfNF2CUz5StVcv3XfM6+8/fHnJ8pVs/OqDfBbs1af8YYPHD3x4NOvOWxnNZrz8Dglmmg256UoqgePus2raizpsPtx03oENAZpgV3UoLGeynKKvniHSCSeLpcrTrewBgQlDZNQ2oC2FKFFLcy0lAmNKpMKRJkQrDyIMiEkJCQkXHWsL001OGEe7ZOg8BKwmOFAtzxhgLaY8jsC53KtmvVPjn4LRucy4ky6waqt5erM4uK6WauBAqEYluWEM8MTV6ZcP50ZueELXbh07ZrLc278Kvzrcnsphrs85ZK1BCdrk9fcpdsjtgeEJ9wyQxNLrP7hgLtUJqqeoiRNiSXtFwaDtREUDfFqz9mBL4G10gYwyBVKg0HHjcBMxyUv4fOwqQK44XNb9u768CjaaqjVaV7Zf/ibzgY2/PGl3fc9senlHfv//d8RZ73HSK0iie0zsVQWO2jhFF79fo7TEPfU1dlCCZfgRC8oRMSIvYiKDaBpL7uDuD0nqTEdPqe2u1f0ostPlAnByoMoE0JCQkLCVcdCue9i8zIw7aOxveUO8clsAR8L2pLNX5ANh746+cDaza/uPuBs8w0I6APuTCp3y+0HrbubNUFSpl2eodHLV6fd0Xjq9LkLiqrJWvzU2VFVi3r9Ybc3CLIE1Mv4patw0qg4reX3RCaLbFxkhgqq8zr94ABlwoAyWe7NOAVta4A+sV8YDFZCYV3SEvYLi4CxBaM/aAkAkAHYEa5cNfE42JIFg7zhRPWNvZ/99tk3Tvw4PHbFbdbqPZ3BMODm67fuOzl08cXX9t2/dsvFKY+9RQdmKTEkaJ0DBcfRZAYH6qD+yHq2lzMYHuGe0usmUs61sBAB3cVYISjwiKpp9pvcEK9MzaLCOAxSJkqYZttBJt6w4A6yRJkQrDyIMiEkJCQkXI3Ml3ubU8uAWZu7VftCjOD4igAr29vdCa++dTBAcZ4ge35iOppYTi0/G9K5ljbQe3lkgaVrlMuSrLK8OHPdO3Lp2hBYxz5KsmLlQ6wY5uQb3kCIFcYmrvKSMjwxBRJl7PI0xQiFYsnKEOs0hnDVQ6Eldi8tUaJT2fXBkUyl70aZsDKapliyx2g4AwSDGkO+bbQ0kCdYtlDG4SigUlwBlrF2KmzqLpMrPLVxT6PRPHLsO4aXdn149Ik/7epsYAP04cmNbz36wo5yxXxp+/5+4uGm1RLkh6TF7RcsNJpNZjF2PyREEul85zyipMmC02RB24JRyRcNVonixMEgUWB+iyXD9j2AYm8HmVBipF3GBA2jjNzDiDIhWHkQZUJISEhIuEq5bAO3GzfCKPCdQR47LMqjqsQ9Yb7Z7Lv+3Q/b9h769KuT057gtnc+cQ45GAQFo4wrrtyx+CNYq8lMlgaNIimCpAyNXIpoKK0wL2ucrMFBPJkGWXLNPStG4riAI/w9PTTG8gIvyplsrlqrdwsVH9OKr5ilRfu1ZeFulYmEpibVVYLQGfA0P6qqqfuXqDbzpYqXao2AK8jZ9kOmXL4Nr+97bP3Ox9fvMOv19w9++eftf+tsYMM8wsJ3Z8bvX7tl79+/sl/uQNAqbNI9HZ0AXVk0Krg2C0gRPZmZazTSuSK8ZtWxMia8VFC4Jc/ypTKv6jgrF9wnxEeyOZA6qNh8ZxmTIMXiCjlYlsixBB+5LTfX/wCp37WiRsm2iAAAAABJRU5ErkJggg==" alt="Screenshot" width="100%" ></p>]]>
  </system-out>
  <testcase classname="org.example.Main" name="Logout" time="0.828"/>
  <system-out>
    <![CDATA[<p><img src="data:image/png;base64,iVBORw0KGgoAAAANSUhEUgAABDMAAAIGCAIAAADGMlPIAACAAElEQVR4Xuy9+Z9U1b3vff+D/Pb8dH45mtx7zs2ZkjPlnuee53lun8QpCQY1iqAGJRA1KgYRIQoO4EgQBScmcQBBWiahQQYBaZnpseaqvXfVrnme5+quer5rr+rdq1bN1dWI8H2/PunsWmvttadV+P3UGvZ/KyFIN3AHU3wSgiAIgiAIgjQknSloFGDjv/GZCNIR6EwQBEEQBEGQdgFPclkBNtCZIN0BnQmCIAiCIAjSLtSWUNCZIN0BnQmCIAiCIAjSLuhMkO6DzgRBEARBEARpF3QmSPdBZ4IgCIIgCIK0CzoTpPugM0EQBEEQBEHaBZ0J0n3QmSAIgiAIgiDtgs4E6T7oTBAEQRAEQZB2QWeCdB90JgiCIAiCIEi7oDNBug86k+8XkWzRlRyfuqAevmoEQRAEQZCWQWeCdB90Jt8jQpnu2BIqqC03xh8CQRAEQRCkFabqTCAKccbHDMGCPqAoqGqMKMQoTGSKjCfy+MPqNQ46k+8F/jTvK7olqJk/GIIgCIIgSDOm5EySueJfr/PesN53wzu+G9713fCe/4YPQIEbNgRu2Bi8YTPRjza57z+amHs0/sOP/Dd+Grnx0+iN26PHnQW+LuQaAp3J1U+1nei6+EMiCIIgCII0ZErOZN35RGNn8j82ue/qC4WyxVR+/JbdPtWZ3PhZjK+rS/xp8ZJZcx4A8RldhR5iuo/y/QWdyVVOfvxKOJM8ehMEQRAEQdphSs7kr9/yNHAmf7PJecKZj+WKhFIxlB278dOw6kzC0zNZ9v/84pa//tHfgviMrkIPMd1H+f4ydWfSu+cYq29sNNnBpUcr95o+ev80//FeN5/6vaXaRUyTorlp+ZojCIIgCHJNMo3O5KFjYbAlY+MkNIH/xXLjN34y6UymabYJOpOrgak7k9fW7Fz73u6y1u3cMUyTda+t7Z1I7/3L2p3Oyr0acK73/bvvnj/zzvmLVn12zBTgs5sxfc7k3Nr5M1/t51MVIgdWzvzTXj51yuTGrpwzceGYLgRBEARBWma6nMm8YyGwIqSzBGxJsZQfK35oyrGjuZLoTK5duuFM9k1+GD426Ux26SZS3Uc3teRMzq1dOPPOhRFmwai858TMua9Ofm6BaXUm7z4wn08FrJ89fOe0OJNq8zCtwqW6EARBEARpkWlxJjN6vd6UMoZLYWy8uF/M/YiZAY/O5NrmKnImwaMPfyLyiYC8a+mBNnpOptWZlIJ975YvcJKVdz8KiVe5M/nJxkh1Iid3CrtNEARBEARpiWlxJo99k4pkJ51JNl+8/QvXjZ9E0JlcJ1w9zkTavvh0hk9USM185LPypnPvuVJptHfNzDvJcK9y4lhs6RML74aUOQtPe/KcMzm2ZeXjcx+deeejG/sZuzJRz8NzJuvp/cuKB0nJ+Q8+sdIYzE8WnoA4EziZqgFdMxd8JpUqnIljuI9WtXRLv3eypgu9zvLZQtbjz358TGi0vER2rN7bS5JzNoZ/ANoUfnIwU5VbW604ExcO6EIQBEEQpDWmx5mczljjxfHxsjWJ5cb/1ydOdCbXD91wJrsvXB4tq+/ApDPZ+s1E+sUd7zV3Jq+rTqOKpWqWc++ba5exw73gCmbOXad+yFt3Pbxg0pksunv+ZGF576J9E+akqh5+mFatcU2KMyltXVBZcnjT/iD5f9aZ5NXdx0Y3zlXLX7hv7sL71k4am8jZdStP1L3/9d+rSJwJ3V6xrbzRVOhMEARBEOQqwdu3/jKf1ojYcO/CRSv3WSpTo/1bhit/0/Uc3jBI/n/xG8e8FRnTQjedyb9usN76sfhPH8j/uNnxkWHcnVTMiWJPQpmxn21zNXYmS5Y9S8P9S5cH1NAf9Ppf3sznJ38ivunWX7G5oJl33aPmVjuTG/77/6Qp//Yf/2mzyX//k3+lH++Zff+P/vbv1Up+fvMv1V3gnD/6ZBt3lBUvrFQLqIn049jYGFsSPqolr0+m7ky6xeP1ncmbjDN5eHvFiC9wCxH2s1JP2ZlEjnLDwCYPUVXPm3fXPboKdSbcgK6Vdz9KN+qO5jq/7lx568J9G0crskql++5czKWouFO8bZjQhDOJ5v5qk+o3CutMGcmd/MGehKSkrNoe/kjMjniye2zkI3UmxqHoKmuhqsJJ8SeBIAiCIEi3adeZLFy0lU+qyYQzuTJ0zZn8zTv2j3XZfkdu83Dif27yPnoqcd5XzBTKPScQ668ZSLToTH78j//MuYK77plDy7zxl7VcFtX7H2ykBThnsnvvPrUM2BJIUZ1J9VE2bNpC9wLTwmVRDQ6Vg0c1hX58aP7Dasrcec2D0Wue750zefNSRdb2J/i9wGOUncnZddtJO5pko9oxUlWPo3fFit7Ryt4YnrIzUQZ0qf5bHWnWijOZ7LSZoEFPUbVtmNDEaK6N4Y88eS73B5uiO5SN/6uyk4Q4E2v8Z5NOprb4k0AQBEEQpNu070w+5ZNq8j11Jm8N5dJ55dUlxdJFd+7Hm32PnIqf9xZdyaLScVIkqwYz7zNp4ExAD85b8Orrq1lXAAXOnjvPpnAaGdWUKp2J2lsCEsTyj9mqMwH95F9+9sJLq9hKuNOoVqFA3l7PfmRtyez756qXcz1z9TiTBjH6IsaZkKkaDJOmZQJ1nomjdxmdjsKqXKiqHsJY3nF+L5TZfp73D5QJZ1La/sj8cpfL8CZ1bgzjTFJ33zn/9e19UiQWAR1bozqTN89PFJkAzpZPmqB5n0lyvO+r8AWamMjetI3albIz+cH2OLvXTxQn87OT6araKsSfBIIgCIIgZQqxaAQUvLxjw4UEfA6e2HrO4jH371i+x0ryPYd39H264/g5c6h0ecvKhRsPvLTl8LlRR6kUOLHxfbMv0r91ba/y2reyM3EeXrq18odSirb3qNbqGDyw8INz6VIJjrhw0Vb4CzlQ7cHXXu2/QNJVH/LK4pWX7ZGYz7L02VdpysJXDnOjuV7aSWJvhsIr/OCwtumaM9moGwtlymO34O9Fb+7HHxJz8qFhTIoVI9niF2K+xT6T7Ts+pylQjxr0O5xO1iGoe6kpP/ybv4OPPb+4lS1GpTcY1fKqMwHfQlPMZgtbrbr943/4qbrXb+68myaCD2HLsEqna0+1vg6ZujPp1jwTMBKtzIDnHMVkNwiTQp1J/oRqCaqoqqeCSH/1NPcS40zIODHF5Ky8szyUqzTpTAa4gWHMabTXZ9LKPJM9feF+ZeOhTeUU1ZnU6DNJ5nbsD+8IVVc4Kf4kEARBEASpZOGyrXzKK4fJ/3kOv9TnoCnEmSyu7uhw0ALgTM45Dy9+Q9mrPgsXfUq7VtQ+E6j2svrfaupMxi+9dKB80JK0t54zKRWsSz9VzUlh8Yu9bGZndM2ZLD6VMUaKhYmJJdmx4h++Cv7bNs+8E/E+efy8t/j747EWnYks29VENe63Oxzq9n/+fz9XC/z03/5DTS8xfSaq/uGn/6YWLjHO5JczZqqJbA3q9iuvvaEWULtr/u0//pMto4qd64J0w5l0Z22uUvJE3VWD+yami1Q5imOr5nOraC1V55k4924VKvNUqurhmHnn5Kx6lUlnUkqdfpUcd9Iyqc7EuZcbljb6/qOqM5m59gKbVSLzTJZxKSrxXCNnMuLJjnjSfzVhUdbtCh8P5vsvR1Vnos4z2aDLutQZ8MHkX+1PVlU4Kf4kEARBEARhMfRuGCQdJkDeN7R8+asLF61UnYk6mIo4E5pIKHgHDy9dthJKqs5k6bMrd9TrtIhbX3peqbaWM5m0HPRw7Aiuie0azqRU2vfaSiVkKlgPrB+J87kd0DVn8sP19lcv5MVoMUHGdJFcMCezv/TfuCXwN5vtf7u5+dpcTz/zZxrlBwLKskQKaugv2+3q9m9nlaedAGAw1PRSLWfy43/8Z7UwoE4vYStha1C3P/zoE7UAmCWaSHtmuEOAbr/jt2ph5CpyJvRNi3cvZJ1G3tM/c+6ayc/VjmJMnPkUM8FD3vvwIxVrc1X4FnUaSVU9k6tpAWPyzOePMp/LMM4EEB9+agXbyTPRZyJuf2R+ciJx+1Pz75u7cHIGPFmba9KceE+sefNSo/tf7RymVfg+EwRBEARpwMjWVxc+WzYJJ9auXLjmGN1u7ExWL1q5+ij9jXVIdSZgOXpfXEkGZVWxcNmO8kYrzmT80iuHPeUU54EGzqSkmJPFL/Z2xZaUuuhMbnjH+/9+FDrrKfom3rEIf7dqUz/90H7j1vCNH4W76Ez+9u9/ohYAq6Cmlxhn8nf/9C9q+sDA5Myd1p3J/XPnqQU2bv6QJt5066/YMqwSibLZRa4qZ1IqpYzbV8ycs+JYf//p/v6VfyKvBBlg196qchTA6/PmbzwwYPTEvKaBB2ctlD5ZrDqT5PDHdz+xZvuB/kgkdrq/7+67J3pCquqZOWvx/v7+UWvMeKn/8Tnzj/kqcimVzqQ0OWuFfpyYZ5K/9P59Sz6GIx7rXffgGye8hs8m55mclfcvebT32Cjkbn+JvPBe3b0m1eZhWhXJ8t90BEEQBEFUli56Ve0wOfjKyoXvKWO/xzWNnclLi1a+c0b5LVO7g3UmYCRWn6jxLumFz9OIItCSMylF1ANBtY2dSalg7ZYtKXXTmbzr++G77kvesXhu0pmccuZu3m7tljN5bsUL6sef/MvPvjpy9Mf/8FM15a1175SYeSaw/U//8u9qrmpOmjqTf/+P/0f9eMsvb9//5YEH5y1QUwxGMmWFLf/xp5PrC99026/VOq9nrjJncm1TYwZ8Y+pPNZkW8YdHEARBEERl8FNlhJWiLZdK44FzH6+H7S3nPI2dSSlwacsbZHTWOV+hwpmUSvteWemo+s+vuW8rFH6nz/BKS86klLYcJqe0+FVz0tLEmXSVrjmTG9e7j8q5gvIGk5JiS2K54r0HAzdu9nXLmZQYX8Hpn//9/6bluVWDRUlSy5w7T0a8NHUm7EdO9/3uoZrld3y+S01Bc1LqhjOZnP6uSAjR5DCXnq3c67qkbWdSuoLdJtEc/zVHEARBEASpR9ecyf/Z5vWl6frAJBYZGy/2uwo/2uy94cNQF52JzSZzboHK6ysPlKl+0+K//q//TVP+x4//sf/bM604k0OHj/zkX37GHeKHf/N3dMng6vKlyhWKw+Gwmn59MnVngrRMJ87En+YtxHQIjsIfGEEQBEGQ6cfbRzpeKnpjvid0zZnsMI9nCnTqe6kAtsSd/9FG7w1bQq07k7Y4d/7Cu+9vuHiJ9kdNFydPffPBxs0H+g7xGUhD0JlcQTpxJqUr0m3CHxJBEARBEKQhXXMmr10uWGPj+bFirlD8xpH/4Qb/DZuDDZxJfGrOBLmaQWfyvWD6ek6wtwRBEARBkA6YkjP5n+94VWfynztCRxzjUqxoiRbn9wVv2BhEZ3Ldgs7k+0K07utNpiT+MAiCIAiCIC0wJWcSyxbZtbn+dnPgpx8H//tG/w0bAo2dyVZjjq8LuYZAZ/L9IpLtjj/BBYIRBEEQBJkKU3ImQH68ZAwW9IEJBVWNEYUYhctKFjB8ucZBZ4IgCIIgCIK0y1SdCYJUg84EQRAEQRAEaRd0Jkj3QWeCIAiCIAiCtAs6E6T7oDNBEARBEARB2gWdCdJ90JkgCIIgCIIg7YLOBOk+6EwQBEEQBEGQdkFngnQfdCYIgiAIgiBIu6AzQboPOhMEQRAEQRCkXdCZIN0HnQmCIAiCIAjSLuhMkO6DzgRBEARBEARpF3QmSPdBZ4IgCIIgCIK0CzoTpPugM0EQBEEQBEHaBZ0J0n3QmSAIgiAIgkyF4nUGvWp0Jkj3QWeCIAiCIAjSGRCmj42NFQqF/PUBXClc7/j4OFx4hTOBgBKFQqFQKBQKhUJ9J3IFkk5/wu6NWl1hyREUHQHRfo0LLtPmjti9MYcvXuFMeMuGIC0TCATUlgTfq3SmgEKhUCgUCoVqXal0PpnKRaLJsfFxPtK61slm85FogjEm6EyQKcC2JHQmKBQKhUKhUO0qmcrG4ul44jodFV8ojLHxJDoTpHPYloTOBIVCoVAoFKpdJZLZaCyVSKb5MOu6gY0n0ZkgncO2JHQmKBQKhUKhUG0plc7HE5lwJB6LJfgw67qBjSfRmSCdw7YkdCYoFAqFQqFQbQmcSSyeDoXj0VicD7OuG9h4Ep0J0jlsS0JngkKhUCgUCtWWqDMJhmLoTCjoTJDOYVsSOhMUCoVCoVCotoTOpITOBOkWbEtCZ4JCoVAoFArVltCZlNCZIN2CbUnoTFAoFAqFQqHaEjqTEjoTpFuwLQmdCQqFQqFQKFRbQmdSQmeCdAu2JaEzQaFQKBQKhWpL6ExK6EyQbsG2JHQmKBQKhUKhUG2pdWdiNpv5pGsFNp5EZ4J0DtuS0JmgUCgUCoVCtaUWnUlfX9+2bdsOHTq0ZcuWYrHIZ3/PYeNJdCZI57AtCZ0JCoVCoVAoVFtqxZlkMpm333771KlTgUDgm2++2bdvH1+iVFq/fj2f9P2BjSfRmSCdw7YkdCYoFAqFQqFQbampM7lw4cK8efPoBu0tOXnyZDKZ5IotW7ZM3c7lcp9++umOHTvGx8fh4/79+z9WyGazOp1u27ZthUIB0sHkQIXpdPrAgQM2m+3+++/v6+tTK7mSsPEkOhOkc9iW1BVnsufLM6+t2fn6m5/vO3i2OrddhcLxnkogpbpYKwoEo3feeSfUcO+999pkV3WB71wGk2P1W71syrsb9h86cqm6JKe339tbncjq0OGjP//5z+Haly9fkUzlqgs00PCI9te//vWLL65kEx97/IlZs2ZVF0ahUCgU6npTU2eyfPny06dPw8bFixepMwFbMjAwwBVjncmcOXPgLxReunQplEwkEmA/nn76aTAqR44cgSwIZiD9pZdegpRgMLhgwQJIfOaZZ9QarjBsPInOBOkctiVN3ZkEQ8k16744e97w7Vndlo+/gpR9B862ElvXU2fOJJ7IQDDNJT6x8Em1koN95Nxu++UvuYD7uxU4k7Xv7GZT/vJ2byt3r7EzgX8x/+u//ku9drg59P6A5aguXK2azuTixYFjx05UF0ahUCgU6npTU2eyYsWKr7/+GjZ8Ph9NAacxODhYUajSmTz11FN0Y+7cuRaLZWhoSKPRLFq0KBqN0mn0f/7zn3fu3InOBLnWYFvS1J3JhUsmCK/Vj1qD/bU1O6ngo2TzvbF2F2wfPTEIH92eCJQfHpVortsb2dF7CrbPXjBw1R7/+hSE1B9u/Zh+jMaSn322E1IeffSPNMVkFm+77babb7754MHDZ86cnzNnDo3CHU6PWgl8ZGPx1avXqMG6WidE8A/Nmwf/xNCDzp+/4LMdn8+YMQM+JlO5++9/4Oc///mRI8dpga4Lbt3J06P9Z3X0o80eOHl6RHUm9Obs/fKMWn7jh4def/Nz+Pv+5gNqmdVv7Vr//j62Wrhqeo1UcPLq/Zk1axZ8XL58BWzDtcPdo2Xgbtx7772QsmHDJtaZ3Hff/SCrzaH2mcBd+t3v5r755ltQw6FDR+id+eijT9R7i10rKBQKhbq21dSZGI3G++67j531vnv37kwmwxQhsM7k97//fUnpM/nDH/6Qz+e/+uormp7L5SBgg42HH3748OHDK1euHBsbczgcDzzwQAmdCXINwLakqTuTRDIH0TP4jUQyS1Pefm8vja0h64PNB2nit+d0Gr0MzuQvb/eCe6GJ697fJzsCsLFrz+lgKMlWyzmT/1IAq/DEEwv/8PDDNPfQ4aOBYGRwaBQKQMnqPhP40kKxX/3qV4FgFD6CaYGPalcA7VWAmPuRRx6l+9Jq77jjznXr3718eei2X/5y1cuvQMgOiXffc49V9rOVh8JJ9ZI7FjgT0Jvry90mH2w5CLeI3r39fefoEeF2Ueuye9+36jlQawdl6A2k+6rVxhMZOGfwVEuXLqMp9P6oPm1X7274V9UiWKGY2xM42PcV3I0lS56BuwH3kzqTd95574mFT95++2/oLqwzgb327vty585dsPH88y8YjJYexQiBr+tRumhGtFb1ZEAancx+RKFQKBTqe62mzgQoFEgckkqlXC7XqlWrrFYrX0JxJr9U2LRpUyQSmTlz5j333JNOpy9cuNDb29vX1/fCCy+ADwFXc8cdd4RCIfAtyWQSiu3YsYP2saxdu/bZZ5/l670isPEkOhOkc9iWNHVnAhrWWCFQBssRjpLaVGcCQfbBwxdoGZc7vO/AWUj5bFd5RFAkmtrRe5Junz6jNVkq5oGwzgS+/9QbwPaXB/rgC9n/7bmbbrppzpw5EATT8jWdicks9ijcfvvtUAnrTGidd911F2yf+uZbGljTg4Lbge3Nmz+EbWp7br31VjicIHnYvp0tH3/VLWeiDs2CDepMwpHUpq2HaCJsf/zZMbB5Gz/sU3d865098HfzR+UeD9CadV+wNa/+S7mD6K2316ernImqHqWXCdwFbOj0JppIncnGTVsg8ciR4zSRcyZwA8HSwAakq100cG97lNF323Z+rd6cZCq/+ePJ80ShUCgU6vuuVpwJIAjC4sWL//znP+/Zs4fPa8jq1avpxujoKJ34fhXCxpPoTJDOYVtSV5yJqjfWfp5mnAnE3BculYNdCK+3f35C7RBIK75l30HiVai4KJ91JnTmyc0333zPPbNAcx98MK0MtaJdIq+99ka6jjOhgpKw76qXX2GdCa2Tjg1TA2t6ULoXDbLvuuu39KAgSKTmxB+Md8WWpCecyYjWCvJ4o/1ndfQWwV92Jgm4FLiBbArdpk6GCnavrl+jNcBVOF0+1pkcO34SEpc8s/SVV17rUZwJuAvYgH9h6V7UmfQoHDp0hCZyziQ9cQ8hndq8xYuX9CiPiZYHc7Kj9xTaEhQKhUJde2rRmXRMMBicMWPG7Nmzd+7cyeddNbDxJDoTpHPYltRdZ6KGy9R+QKxc3WeiOhMItSF4ra6EinUmdGzSvffey5WBfxfAMNBwuaYzUSeHQBlwGi32mdBd3nnnvZ7KaSrl9A37wZYcmLiuKYo6k2AouWvP6dNntHDH6C2KRFNqf0jNPpO33yW3Wu1X4QT/XKrbPYr3YJ0J3AF1jBbNXbbsWdgwW8pDsKgzmT17ToPRXGnGmcD2H//4WI/i9C5eHKDlw1HyfL/sO+/2kj4oFAqFQqGuGU23M/lewMaT6EyQzmFb0tSdyZHjAye+GTl73gDBOg2mP9p2dN37++zOIGyv/2DfiMYK2395uzeRzLLOBLRhS9+adV+YLK6DX12E+JutlptnQn/dp0BgTXMptM9EpzfRj9wMeBWrzUHdCIWrc+tHn6gHpftC4a3MrG4af3dd1JnAxpvrvqDLB6u3COzK+vf3Od1hcHp0Eo5F9Hyw+SDczGMnBuF+QoovEIcb+NWxywNDgjo0Lj1xIRTaiaHeH3AXn+/6gm7T2Ttwx1xu/7x5v6eJcHvZGfBQYM2atXA3GjiTFLMUGGzY7W72GlEoFAqFusaEzqSEzgTpFmxLmrozQaGeeWbpqlUvw0Y4HH/hhZemycWhUCgUCnWVCJ1JCZ0J0i3YloTOBDV1zZ49Z9v2HbDh84eeeGLh8hXPV5dBoVAoFOqaETqTEjoTpFuwLQmdCWrqou9C6enpmTNnDh0Xh0KhUCjUNSx0JiV0Jki3YFsSOhMUCoVCoVCotoTOpITOBOkWbEtCZ4JCoVAoFArVltCZlNCZIN2CbUnoTFAoFAqFQqHaEnUmoTA6kzLoTJDOYVsSOhMUCoVCoVCotjThTOLR6HXqTIrFIhtPojNBOodtSehMUCgUCoVCodoSOJN4IhOOJJwuLx9mXQeMjY17vQE2nkRngnQO25LQmaBQKBQKhUK1q0QyG4unPZ6AIMrJZCqVSl89isWTkVjXlGCuDohEY6Jkdzi9bDyJzgTpHLYloTNBoVAoFAqFalfJVC6eyPgDEZvsNBgFjdYwqtFf89LqjCazaHd4PN4gG0+iM0E6h21J6ExQKBQKhUKh2lUqnQdzEounA8Go2xNwOD0Qr1/zcji94EmUqf9JNp5EZ4J0DtuS0JmgUCgUCoVCdSYwJ3RYVzSWikST17zgMuOJDFwyXDgbT6IzQTqHbUnoTFAoFAqFQqE6E+05of7kOhFcLFw1iI0n0ZkgncO2JHQmKBQKhUKhUKh2xcaT6EyQzmFbEjoTFAqFQqFQKFS7YuNJdCZI57AtCZ0JCoVCoVAoFKpdsfFkJ87k15vDP9gIivAZV5bTq3pkPg25orAtCZyJK1gAOQP5CvlzKBQKhbrCSqVzHNlcLhLni3VRyaojtks2m/UHgkazRWcwaXR6vZH8FURrKByGLLVMIpHY33dMozdrdAadwTii0Q5r9Jd1YigcqayvBqlUWmOxe/0hPqOKUCSqHvQ7Z9Rs55M6wmZ3asz2SxoLn9GQTCbj8frMoqzRmXbv7TNbxN37DklWGbLgYZ0f1Diczm++PTcwatAbzWfOXQwGQ63cumQqG0tkqxvStaFq3B7v0IgGNGqWL4yYW7lFDYDdNSYblwI1DxkrEtvCF4zoBfu+g0d37z9sNFm8Xl863fa3OssgOsOjFpfDn2Olxofu0JgqNp7sxJlcOB977HD0HzaGHzscq6GTCWOK36UlxkKWg2/f8ouenltm7BoK8blVoDP5zmFbkupMapgT9CcoFAp1BQUOpBpngC/WRU0lyoIIJplMebzeEa0BbAb4DTAkEBhBvEvjG1osHk+43R6LIEGZ/rMXjGYRSsHHWCx2ftg4qBfjiWRlxTWASAucidvr4zOqiCfJq+D41O8Ik+jgkzriklYcMkiGjmqDB+Fye8wWwWZz7D94BPxJKBL76sQZSISsSDT2xd4+eCKSZIMHZLHK0ViMr6IOiUTSF7qmLEoswbccuEUjGh0Y6SGtccQke3wBrkC7QIUG0cmlQNse0AlsYluAbz93aWj/wWODOrPeZOk7elJ2VByiMfTbmlEgr1EkZLQWWbCHZW+Gyu7LqhYFwkVqSzzhcTae7MSZUC4cpT0nNfR7HV+4BRI9PTNePlU2JJatC3p6eioL8KAz+c5hWxI4E2heqjmpa1FQKBQKNc3iiKf4At1SJJ5PZ/jDNQXCF4hZLFY7RLd6s2Awkd4P2HY4XYlEAkIcKJMjViRutcngPbR6I5TR6g1mQZRluz9IulDYCjUm67DR5vb62cSawI5awW5zePiMKlLpTCAQ4lO/C+BWyO6qh9o+GeXajZIjq9zhjoHz8fhDst0BT6Tv2Dcms7D3y6+Of3MOLOSefYfgDsODk6w2yNXqDPD47A5nWOnO4iuqBZSKJPL+SNZV1di+F4KA2yyHhk0ymASTZBdlt90TdPvD0IYHRzQjBsuomdgS/rLbJ5PN2ZxeNgVuMhx0xCixiW0B9hI8fxwsfioNj/LspZEDh45Rw3/g0PHGTzCn9K2lUil4+pFIJMzg9vjh3FyeiEUmEuxR0Rm3upJgVOCOeSPjwWi31ubyxas9ScfOxLLhrm2cz+h/+flT5P97nth3fv2CGbf0vD1EPq5+ZAaYllvuX8Y6k+dJ4i3bJnpaXu6ZkbPsgmLK59xj998C2wte3DXYvCcGaQO2JVFnQsX5E7QrKBQKdcXkDlZEDIEoX6ArCscrjtKYnGIJQqEw2A9qM0a1ep3FZjRZRkyy7PSobkR2+yHS1RvBhxhHtTqtIA9rdJFIlK+xErvDNWKWjRaRz6gCDgFRo2AjnQZ8XiVwwqK9IvKbOukMuJ3Kx9MC4NYCoQifWp96FybZZHAmcA58xhQgHSkut05vPHt5dPfevq+OnYK4Vr23cCyny2WyCDqLFR4oPH2X2wN3QPmFvd5pVgD1kxFfVc3vKpTB6h3QW41WZzKZYi8hlU7rjObLQxq4+eAcIrEkm9sxyXQmGo2xKWCENBYZDD+byALOwR9oZIqMogzG6ejX/bv3HfKHIg6nC76qp/rPnfz2QrjyWNVQRwp/Cw0ZY6B7wcb4eJf6TEqldLUn6diZ7HuiZ5BLcu66a4MF/r9n3tu3zF22pfc48RXyrp67nhq8fP547+oZM8vOJNH/8l1Pbxk8e6inZwbd9WXwIbfcdejr47Ad2vPYU5sPDZ49/ti8twfH1NqRLsC2JNaZNDUnKBQKhZomecOTcUAux+d2Rb7I5CGakkwm3R4PHaOlN5pIfGq1QXhKAjWzDRyF3eVNp9M+v19nMEIZ+AsyC4LH69cJjoujZr7GKkLhCJS8pGleEoKhIZNslpywwedVAgUE2cunTo1UJhsOt3PvFMKxRCwW51PrAKdtdXrD0QSfUShc0gpwt5teeAeAA5HdAfCZJsEKTxCeXSxePuG8cko6wU68qMEEUjaMst0RBscZT7R4PplMNhgruEP56tb4ncvqScKNNYjORIK4Du7MtToD6TDRCxrBDm2Py+2YRCrN2QC9YIPvlCi72ESWeDIJXzQ+leHiqGnUJJnMwrfnLtIHpzcJ4FKOn/yWL1oJ9RjRaJTPYGA9CQUMCZglus3Gk1NxJqVqT6Io8qyVL9mUbfOqh2ad7ll1Gv6vp2e2mvTyLyaHeG2Zq+wy9PaMCUMifzJ3l1Mp1tOTmyhGnMknvOu5phgL9Sx4n014+a5bEuznaYNtSeBMPOFx1pxUq/r7jEKhUKjuig2NMt12JqFYIdEotiFAjEImTAsCjUR1eqMgSH5/IJEoh6E5Mvs5NaLVa81WrVk0mC1aMmNE9CgzbtXYLp3OgN8YNNoqaq8F+VlacFzWCXxGLQb0otYsZcG0VZFXOhxyuTycnicQMQgOvsTUSKUzqYahYU3cZL4+H+82AC4BIn6z1W2EWFn5/b6gXBqEreAcnC5P39FvwEvwu3UDOAp4TpvsoPZSZxK8gTA4T61QHkKWJXOKkl6fT5RsBpMZyoBZVQqbBEG0yXafz59Klc+5HtlsLp7Kh2M5d4hvn1dMzkBecERGzHbR7vEGSZ8ef5bgBBIJiPI1egO1JeAwa5XqELvTzdU2apaHjVaPP1SROkEynR9u5otgd43Zqn40moU9+w/DF9NotqiJNYHLh2+u3+9XUyo9SAXjDPBvgiC7REeAjSen5Ex+vTF8xJbNjPPpHVBzNNfL/eT/e3peVtMeYyaf0NFcYDx6euaGJsgpvSIvc3NUcqHn595y19P75Gu1z4QxJ1fMlpRqORNV1bYEhUKhUFdAHOE4X4BTqvyrZfOS2XxFzSwQi/gDQckqQ4ipN5oh3PT5/fE4+eVeLZDJZESrDQpAoKPRGfQWm8PljcXIsLDKyspA4KUTnRDU8hlVQNQLJYcMNj6jFpe1lmGDNZsjB/X6Q4LDZ7K5NWb7oMGmsThcvqA3EInEwJukh012fuepAT6hYcxWG73obBzqNSAUTQwZZLi6YDA8YpKTydQzL701Y+7Tf3jqxS/6vuZLdxV4rGA1lY4ys8Eigg9xe7zqz/xcyVg87vF4bXYH7VujpgWaisFkke2OeJws6VDvJhSUyBiacTyZq260XZfZHtAKrlGTzeFL1jslIBgKw1WMaLQjRqtWcMYSab7E1Bg1840TDnRp1ATtlkunCLLbYHXzqQxwLfBd0wsy/RiNxQ8ePQWJZPqKVq/Rm+p9T8eUfcGZeL1eNUWv1+9TgA01Zb8C60ziZFJLesAgs/HklJzJLzaG+aSOsWyZrYzdmiBxaGnP8TTZYp0J22dS7mYhfSb8XHnemShAscf2XLMTTU6vmqEDR5I4PfutK9dBxLYkzpmgRUGhUKjvRFywlMzwBViF4q2WjKcmS3KkswXJaofwBUIxcB0Qj7IRG2zLDo/WLJEVt5QVgSWbHAwqv+wylVQD+RrBoVU6Lvi8SnL5fIseZqzsTCRwRLBtkFyC3Sc5/aEQmaINx2GPNNia1WmdcCTa7FJqUB2DtgUYPPBaIyayWHA6k5nxwJ+eWvFaLJH63RMv8kWnAQhYDWZRJzioZYU2AN4DHEg0RuYtcIWpaQkEQ+BgtYotAX9CfCxExjq9SbRBuA/mituLA2qIJXPBWMFT1YanKLsvA55kxOQw2ryhWJMnqdUb4UpHDQK0zK5bXGCkqk7iTDSmXNVdpYDr9gerfrdgUHrVHA6PT03xBcLwFy7THwgSr2iWJksrqF9M6kw8Ho+aBZ5kvgJsUBMCnoSmcM4knclCC2fjySk5k19v4RcOnspLTrY8Quapbzt4/HjvFti461UylKtU6UxK0raJeSZvs/NMeu567PjXx7e8+BhNYZ3J+TWzD53V6c4e6vnFgl1VI8auJcCczF5z5WxJqTVngkKhUKgrLI7qAiBvZLxyYAUhEK1RLJbii1Hi8YQyJoeYDb3FGoun8oUCpENckkwmyQqzolVvNJksgkGwDetM3gCZAcPXUh84u0GDVSe6aLUNgCNqBCeEgGPVl1SFziJDlOb1BfiMKrRCSxW2jouEfXxiY3K5/IBB5lM7AsJIvz/w2LLXwJVls9kZv1sMV+f2gI1s85zaAQ5hlMqPBmLfUCTmV4Z7KR7VSCbHG0gLsTucYEjArtBgl90dUqClRSJRp8ttESW9Uh5EFpYWJUgMhyN0Hk69hwXJuXwhnhoPx8lKUN6q70K1qBWR3DGz7B8xO0GSwxuOEjvC114FXCY9tyGDpJdcwyZHnfNqBFyOyeqCVg2N0GxzWWwu2e13+SP+cCwag2g+M2pxVJYfA18h2Yk3YNMncgsOL7ElfAYDuD44W/DnfIYC3Fz6TbfaSKcKTdQZzPsPHqXPKJVKeb1etTz1IepHFZpYnEDpDctb7F42npySM/nBxvBKZV5HmUwSUjJMAnJtw7YkcCbeSJGq+kuOQqFQqCsmX7QiGsjmK3LT2YpcDrZkqk5JiEVMFrKYr93uhGiSTYeIk67wK1llh9OdSKYhfchkB4VjyckqWmPAYIOgFmJWPqMSOO6w2QEephXn43D7IKoTrc3Dfac30DiYG1OiXqpWECBw5NMaEY4lhk12EJ/RKS+v3XRpxAC2JJVOz/rDsuFR/U2znoCPvV8eocPb+B2mDLhKnYU8RD5jgix5F0rUKtuhOZFeN8VykP8TIQa2Q1a9s0qn0+BJSO+Ksjwx3ZE2P2h7oRD5vb/evuNKsA5XDN+FQJS8TwPk9icM1sCI2TFklO1uH3gAMAD8bg2Bw8XicZ1JHNUZYRuumsT6+TxfrlOIAUinU6l0NJ4y2TxsViabhWMlkrV/RSC7xOJ8aiWjRklPDCSfzgLuRWsw601muPPw8eLloS/7jsMegyO6vuOnWWdiMBi4gVvjiiGBRNWWUGeSzxcC0SwbT07JmYyM8jMadg109pJF5HsJ25JYZ4IWBYVCob5bcdDEYGy8aegeTpTVALPkhPjP6SLD1tVEfyCoTAwwi5IVAg42LBzUkTEtviCJZtrCILnAbwiym8+o4rJOgMgMohw+owqnx08mpehFPqMK0slTP1KDMNEsewaNdq3ghPMMBCMN4mCK0eZuUqISo+QyWd0QK/MZHQGnd8+CpeFINJPJHPn629XvfLTm/U9vf2ARhPgLlrwGQe2QBkxL7Z/MO4Y6E4j1+YxKqIuAE3O5PWAywGPojWYwG+A6oEV5vT6wKJlMDaM8pvxgn0ylHE6yPDEUpv5Eo6yIBd7GHwjEEqnGlhUeSjyRBL9qtnmcPvISm2ZPsjYOlxtO2ChYaVOkzmRAJ4Cd4ItODbhqyTlpAwC4A3CsdK1bNN6aMxnSmUnXFp9cAdwWeEZ65acHvz9w7uLggcNfQ/q+A0cOf/0t60xYWCvCEVfWcIP7w8aTU3ImyHUO25JqOhMUCoVCfScKJyoigEbRQctAkCFIVggczYKUy4/RRAhlvD4/RISQLspeiF0qdyJ4AmG95B402PiMZviCZITJkEHkM6oYNUlwCAi7+YwqgpE41Dmob15nNJHKZLN8ai3GydAvFwR/fEYloxYnn1SfZDrrDhAvB7ZHTYQQMwe3vlnAVxPy+GzO19ZtfXTp629v+RxC51tnL9z95ZFEIvnL+xY6PIGZDz71p+dei0Rjo1oj5NK9IvHEnkOnOjgcBaydXpCHTXY+oxnjimGAmBUcr9VmFyTJYDSbBREciyBKomSDVkfXnOX3VPbNZrPBUBjsCl0EjK7KABsWUYLEYCiUmXiTBr9z+0AlPn/AZBbgzNwery8YMlhdssMJvgjMnl60G6xunWCPxeP0hKd+0DGyXkVFy3T74aBuiPLZRBXwWv5wk8apFx1ak8Sn1oL+OwAXe+zUmYOHvx7VkMFr314YdLvdfNFm0D6TYDjKxpPoTJDOYVsSOhMUCoW6qjTl+KcCqE12BUwWASLDRJqEg5CSyeYku5sMpDGY6M/S/G4KhcIYcSZ6ic9oRjQaI90mRgufUQWYDTgERIV8RhXxREJxOxKfUUU8mY7Hk3xqHUS712L38amVtOVMJDuxeaozgWCUzBW2OEEm2UMmG2RzENXRMvzOtRgnr4/IQawPQTmduXzTrIV6o8Vmdz738lvrPth6bkgPuaMm62/n/3ndh19Q//P2h72//f3SUDSeU94iz1fajI6dCQtxKRCLhyMQDevAXgiiMtWEvLVTUDroslmyclf1fVB2JL1b4BfAORvNFnAmsC/UAPvqDEaX25NVbqNyrfzurQCVx+IJOlOfTtKwO5wmgRxFFTxB8Cq0GwdOAw6aSJTfR0mNSrtHh7sKXz02BYwlXXqLTVSBk2zsTMaVb9CQXuAz6gAH0hnNh4739311Yt+BIzbZMTA0evb8Rb5cM2ifyXj33rSIXO+wLQmdCQqFQl1VytX+/bQTIJqlPzxDOEVT4vEEnQ8ARgWMR2VxHgi69CQ4c9fsUWlANpvVGCxsp0E9XN4AHEJnah5akeEoEhkixWdU0TSeYwlG4uAZCsriyLFkOppIB8Jxu9vvgSqSpKMDymhadia5fMHuIS4LgjaL7PUGo/AX7jnNHVfS4ViRSFRyBuD+DJkcwyYHHC4cS6XSmYq6JpDtxLzlmZ/V9xw6seiFt+54aInXF/jN3MV5ZUbEmQuDFwdGl7+yPplK7dz95S/ueVywOU6cHbhl9pPLXn6Xqa8luuJMajKu9Kg4XW6wBGZlVWLiWxS/AYkx8mM8uefVUBsQjcVcvqAo2aAB032hecO+NtkeCoeTKfK+F37PStKZDPgiZXcLHA5S3B4v+ZqYLNWDx8BWZXO5dDoNZSSrTM5ZgHO2KD2QxG4ZJbJ8GRl+5g/EwOskyJLE/CEniERjnAkx2dxagYz6YxNVmrbkccUAe31+PqMh+w8e3bP/sAHah9N1eWD44227JrP271+wYAFTtgyX6HZ7JKsNbiMbT6IzQTqHbUngTHzRUvV/GlEoFAr1nagrZDJZq2wnqye5gxC+QARGx25BGOcPkBR+hzoMGqzgTDLZ2sFiAywiGbXf9DiRWFwrOEcNzXtXIEpTOliaux3A6QvzSVXAqYUj8RGzU7R7If6Lx5MZcFTZHNiwMeU3+1g86QnGIJfOGOH3bwiUFxz+FjtbxpWFofyhmMnqdvsj7KFgWyM49UINP0Z/tn/lrS109wWLV4Yi0V/dvwhulGRzrt+03RcM3zzriRm/ewoMDMgfLN8TGjrXdJsf7TzocnmK9G6LjulwJhzjSr8KBPSBcBQCZbKKlzJThbxNxWQBM+DzB+qN4CL7kmsvQPN2uT0iGbJIWjg1LYIEwbNddrjA8AgiGVQGnpz4CqNZlB3UzkG1ZuWNhLKDzPXn6m8A3VdrkeHb4Q+GPF7yDko4eWWyDVmDmw5CIz8BCFa4Lvj2BUNhs+xRzQ+tZ8RkG9CJRWV0pV6weQJkqpl6FCjsC9Ud6AglQ+EI+XpmsnD3bLKDDoFTvBO5DwZyD810EB2IngZ4rQN9xw4ePg53yepw9+45eO7CZbVO6kyMRmMgEKApsAEfIZENI0e1OtnugKtm40l0JkjnsC2JOhOq6v9AolAoFOpKylc3DmmDfIG8lkEZwSVCnANBHcRMRtEOwYo7kGgnACtC2KS3uoPhtk9LdPr0krvpsSAkhbi/xQieOpNmVRJkN1lcmE9lGCeTp1Nw3HgiOdasZCSWkN3Nx5uxwF6SMwCuhs9oSIG8CsYJh1PPCJ4dXLLFVncmAA3ZC2Njd89/2mp3z31iBUTqH27bPWoUC4Wxm2Y9sfWzL4LhyJ3zltwxbykdtvTmO5vhb//5QTJVIBSBRzCmvD4lncn+5b1PXG5yzvlCwSC6hlvooeoiNNwHK0KW6lJmp6gjuPQGE0TVE+9tnIzsWcaUufhQzKisk0t3NwmSUZlJQpd5ALueTJafOFQC0TyUCQTb8OosWoE4k4LSDUJPHs4uGo1Kdhddq5f2sdCrAA0bbXAtVln2B4KxGHkNpeJMBLBJ3mAEHv0ljSUcjU0st02uyB2o/dUjD71QkF1eg9Wl1RnoIs4mC7lM8mU3kRuo9CaRj2YLHUdHBKcE5gTuEvwLMaw17tp94MzlEbVa6kwAdTEuNYUNI+k60ZDLxpPoTJDOYVsS60xaUfV/R1EoFArVLSXSapDQIQ5vFIIRUbLRUTEQedLBJxBCefzNexI4YvHkqFm+rGs+2ooD3JHya27tEUoqEN8M6sVWxn0BpPeghX6YIvEwdUeg5fL5QDgGnqTpubGkMjmT8uM0n1EHODqE9clUJ48TrALsG1cWbjZLsnLJta8FcLj9ENSSCRtjY6FI9OTpM19/c2bGA09BUDuks3ywdRdc7/LXP/D4g7F44qEnX8jl8jMfegau/aZZC2WHa8bvFj/36vvgRu6ev/SZVe/eNmdhKBwFt5ZIpnSCo5Wxc9MKXPe48gYel8djESST0hliVN6pAvJ6ffFEot4oOArcvWA4xiWmUmmzIOkFq9EiNhh81ZTyWMf6T4dCr2KczBfKhEJhm2ynHTXEJwhWg3JR9BtqEm1UcHp0Ro3OYiVzbEQZPBUI9gVTYXe4IEv5Xps1JlFyeGgXEH/gSug52OwO2NHhdKXSWUGyjhgEl9vDh4nNwNFcSJdhW1K7zgSFQqFQ06dikf8Xu0VgR4/XB+GO0SwkM+NQDQQqdN2hcDQZCEW1ZptBaPu9xRDvQoSqFV18RjMgSoJIy+0L8hlVaCwOKNnKdetEEggWW7hHGsEF8SKbUqSzbqwed4DMHGCzWqRQGHP4woFwnM+oxTh5GwwJ6/mMlvFH4ibZCyc8Yqr71KD6UYsrk815AlEwY+A6IDGZTOmNFthYsurdWIK8E2LRirUF8rbvzON/fgMe6HOvb4AQ+a7fLxvVGW+f+zQEtW9t+twiWnO53JPL34S/RpsHjguCDXj0Govd7vYHI4nxKVxOt6BBNtitYJi8wxFauzr3A/7KdqfPH4A7AI+YChqMy+Mrf4QbpXxH9GBvbG7IgnvCH6BlikoL10tTesrQpK0OYgzg3mqMInhvuOcNZJCcqkyS3SjayGLHZJIM6SEBP6OMKDMblWUD4J4IoiRZZatNhnsFlgZuTigcVrqPLEq3idnrD7jdbv60mgG3XWuS9KKDjSfRmSCdw7YkdCYoFAp19agynG4DfyRHhm0Ioj+ihKfpgmQjP8063P6SEkVpTaLeYuN3awbsaJFJDNdu+EXjNrOtuaWx2p0QBLdS/aiZDJ5pcCY0bC2S3hVXkry9jnTdZMk8hITs8kMQ7/WHGuzeFKhw1OKEOvmMKsAXwTnwqW0Ch6PeYGysdrOAAN3nD9HtIBkO5MrlC/l8IadYr5fXvEez3vtk78Cw9sDXZ49+3Q9VPbPqXTAzsx5ePjSqn/E7cCaF19/b7vL4yQtSnn4N/g4bJagKrhTutuJPSAMYMTtMVneuvCqxegrfJUWlbwpclqz0A9AlcZWBW0YIvqkMkkPpfCh/hFz4mmiNAlzXoF7ka2wH2sIhOp/K7QBnYlOcSUlxs+dHDLQfptqTNBKUJwscy3pB1uhNGp1RoycaGtV+03+OjvJSVB7VBndAozOA9EbTiEZ39vzFypNqzrBBoufJxpPoTJDOYVsSOhMUCoW6epRs/zdcMlnZRBYFjsXiRSVggtADQhC9suCVWiwai0EQk842j6o5IPyFHeEvn9GMEbNT30JnSyKZauw3VEbNdjiTsbHal5DP562uoODwWWSvUSKxmtUdjEbJuyO7GExbZI/bH4ZLM9k8EN/z2RMkU+lgpPxWazh2Kp11eALeQDgYTUQS6Xgqo87qrtyPB04bdrd7Q2AV7C4/1xEEcS13YYFQdNjsgJJsIpTR6kwjRlG5D8WnV76z6IW3X1i94ev+i7+dvxRSjGZx7sKVW3d+educJ9VdHL6wMk6J1GkQHSTwlVxG5Wf7EbMd7kMkRpaOZQ/UXbLZLNymeDIdS6SoQtE4KBwly1XxpRXoBZKFDCaAs7U73epHuJ4RixPahiS70spbSvgqWgaencHmgedS72RaQS85uX5FqNYXjIyapCG9cHbYeGnUeGnECLf9olYcMlo1FjtIJzWyLh9t3/Xm+g9AH2z5ZM2693sPHiXWRcnSKasaaMzWVDqtzI23uT3eUCgUDDbv21TRmCQ4B/jOgmdm40l0JkjnsC0JnQkKhUJdPYok+X+xG5DJkbclkh+L7WQ9JQgjI1EyqwScSfXAm8JYCUIT78RP7K0DNUEUorE4+IxmDOhEiGD41CogPjdYPRA18hlVGMjL7zzJJBmh9J0wTnqQvHQbbngomtCKpFdBcvgc3pAnGAPjkc3lRKcfrIvsDkAECeWdvnAqnYF9iciUgyKUSSRSgUgCdgHBvmabxxOIVj81FeX5jkNJOGIsniyMjUHIHo6WzQ9XEm4pqTBIJk9X52YyvP2l7wYh/S0TToPUIJOp8GwxOHNwBaLdozOJxKKQHhU3xNZ6QYZHY3N64YaU30avOAR233rQ64onkr5QFGowWZ2jZlmrDNszKj02isiBWOklt9nqBN/CV1eFGvrD6YB3hcrVM5+smays4ASbB7mkX05ygAS7B87H6Q1SwTYjD+TSvsTqjpcWL5xS7UyqKZLOGTLoS2k/ZDkyaD+BSNzrC9jdPovNqTFLIwbx7JABdFEjDOjFAa0wZLT1He9fs/6D7bsPUEupSiM4vrk0ahElj9dntclwW8iS2bHYwIj29MWRs4NaqjMDGhCknDw7cKz/4pHTF785d6n/4ojODCftjcUT0GjYeBKdCdI5bEtCZ4JCoVBXj/wx/l/sekD0B5aELk5KA0GzzUUX56n3S7xWdI6Y2zYYgN7qHjZY+dRmDOrJb6t8ahXkt2erJxJpfuU0mgy3UHKayOYL0VjFPBMIE8EpgRUBgQ/RCi6tMg4KZLR50xliSJoGqjQ6H7W46Dsf+WwGyPUFoxrBpRPdNnegUP8nf7KmreiGcJ8bewYeKVUV0MNdhUCTLQk1G+t0ZEHDk+zEkIyayQ/nxEKQ4V4kyh+xOCEmHtAJguwKBEPgd8DtFArqFHGye1HpBQLnA1mZbA5i60GdALdLJ9DaSOisOhCtYIeLHdKLVMMGichIVrKGkmB9k6m06qZqoob+YGN0ZhtUrrXIUJVGcGoFJ33RO2tUaviW2irPw6l2JqKjosOqMS06E73kAEfEZ0wwriw6DI8MbkUkGrPInssa49kh/ce9h7b3Hrw4Yhwy2kE6kSwgQS/wkoZMSvH5A+BPlJXZ8rF4/JsLI/AsQPAEzwwaTp0fOvbtpa/PXD59YXDUKIXCkXg8kUql6Gx7emg2nkRngnQO25LQmaBQKNTVo0xrY6bCkYjRTIaPw0ZJibrAopgE64iZLL/Ll57AJDm1VeN/WgHCQUNrk9RZPOQtiu56NkmlqIzXd7jrBl4qEJy1WHI6SKYzYB741K5CftS3uBr4DRUI64UWIuBcPm/3hkxWd0FxHfAXngjXAJTFysj4KH8wAs2DPq9cYazePBkIZMFzjprL8/Kp54CA2Gx1QtCvDjeiUb4qiK3BfkAcD38hHGfSyQx7jcVhFO1grQPhqGJjSLVQGziHmq0VcgW7B3aklQwZrDW7j0pK6G91eAzmciePUeKdebFslsqWCchks+DT3IGI1eWDvUxWJ5yY7HQ7PAFVgVBYlEnHjl6sqFA5MR+b0piuOJN6qLdOvbR8vgD+pHzzzRb63lVID0fj4DPhWUAuPItBnbmgLM/MQrrCFMjjmYCNJ9GZIJ3DtiR0JigUCnX1qGYcxgEhg0F5nRxd8BRCBT1EGaKUy+UlZ6DB0HmPL2Ak8zRaOEYlNNBs5dxYIFqFwzV1JiWlM6SVufLUmZhtbS8l1BUc3pBOnPZDR2NkhBgb/FUDmQ43ef8gn1ELqMrlD8OZQ2jp8QXBu3IF/KEoBKzlkr4wHcTVwJnAcUlv2IQzoRSVn+1FZyCbyydTaZfXrzGTN3Uo/WZk7bXK3gYygGrIQAoIsiueSNKuFRo9q3UO60VwJsxBKoAAORpPkGn6E/0A4ECq7xt4rQGdpAwMc8PJtNIaKUViUcgyZfR1JdVITr8ykK9iyd0ieZNPgE1pDJyVZ9qcSTVQ1blhw4QzEegvGvAvxoDGSJ8OOJNvB3SNV1JmK2TjSXQmSOewLQmdCQqFQl0lijabQJHKTK64VVQsitMXNwvkHc80YoA/o3UCSiCZGYeIpHowT1PoVJBUm0usQrwLh4O4k8+oYsTsMErNg36XL6SH+Kl+tDpNwOWPWlwu5W0wfN40MK6sLZYv1HWQZHK/q43wt6SEpAHyfnE+soSPRisfW8Ozhoi/2sNQ7B6/XnKKdv4lGBDBhyNRLlGlqFgXuJN0aBefXYuhhs5EhVxaMDQqkHntcObDZoc/GFKXCtCJxLdAVeNkJe32iMbiDaw17Uj0+Pn56y4/6cZsEaghFG2yDnWxe84ECEfjBqU7yyRak6kUOJP+AS1NGTLas/UXdagJG0+iM0E6h21J6ExQKBTqapC/blBHKFatuOVye8i7C8gPnxWGQbD76gVhkKoXZK1J4jOaUVQmwZus5C2HfF59IEqDcMfhaR5DjxosDWakQLTk9gUHDVJ5SaIWPEy3GFMuAWxAa7F0NyHT6C3O6h4wXyhG31IydaAh+ULRequu1btig+iAe+Lyhbl0ZcHi2lV1xhB5BSc/+KoBcK+giWrNVtonMGKSnW4vmCiLvcOYHpyJoX6bV2b7kBdisomFwlikvj2rpkVnAscSqqxgx1zSmOG4Zkke0JF1hGlviVZwJpKpygFcFeBoLmQaYVsSOhMUCnU9yB+DKJOoOuu7FZwYKD9Gzq0eEAvIDhd5FYPkyObIwJtEMklcisEUivGxYL5QCIbq/mqrEZwQ7/KpLQB7wb6tvMpDhfwebyMLHPEZVQzoa6ziBbunMxnZHYDj0t90aQhlka+QM4knkgarx+UJNFgyqzMgygsGyZq81Z0YKpAXDEf1Ej9CqbOZQjXJ5fLKord8emPo6KnAxJrIKrFEslsnRiHOxNresybrVmVzw3oLmZ5OVvcii241nchRj8bOZJR8I1zpyh5I+IJEole7MzFJDtJLaXNf0pLVxvVkaTLXmUF9NtcEcJ6FQoE1J2w8ic4E6Ry2JaEzQaFQ17xizM+ayQyfe4Xlj5aCcdIL0TiKg//6QyCgvNeZdJUYTBYlIIDYq0gmu1uEBovnjtb3HrInBBFbvQEqDaATBkLtrItVJG8oJ8sf8RlKlsM1GWnRuGdsbHzNxp13/n6Z0SKFI1H6Eobyok9GktLyOKDm1Ht3oUo6nUml0l073gQQhsI9gSAergXC6Eg0Jjh8oXDdWBaKjSoju+hHfziWrPyRfioIdq/V3bxHi4POO88pL3NkcXn83b1bna27QBknM9G9wwbSfxJuFvrXo4EzKSqmYlgvjlV2amVJ6N5orTCWcbIq3XfgTOCKTFanRbSeujhqFKxaocY3tDFjytybEjoTpFuwLQmdCQqFurbF2hLAX1Xgyiiaaj6NBCBL0FptivcghsTtIdORaRCQSCT1gt0iShBSNI6Yc/lCIFTjXRaliX4Mof1uh3giBTsOVK2R2pgR8m64GgNyIDaa8cDikjLqvffLo+9+tGfX3oNbd+wzC+QdcL9+YDEEvhaZvCCv5lVMHaONf1nHFQCu2iJ7q02R1x8OhhtZPtkddPoj2VyurXWfGlMojHUwc6ZI5jyQn9ir+5HqzZjvmKk4E0pEmVORrTJRLdLImZDxjR5LlVuIxRNVN6YuEN/D6TUdm9d1Z1JS6tQZTGarQyc6L4wa+exmwNeT/rvExpPoTJDOYVsSOhMUCnVti40Tsnk+t6boCKtueRg6kKxYf+B+SckKBEKC7DKZychv8vJEmz2fz1NXMj4+LjucgmQ1S7LR6uJ+pq1mXJnWXHPxWaiN9EVYxHZD0qwynb3d16GQ8etVr4EvKl0WMx9cAte19OX3fvPgks2f9C579f0172/b/PGOPy1f/Zu5S2jcw+3YRXz+UM2Ic1qxeYI1h8PBmTR+lTjtOYE7mc3xg/c6JppIx5vFxNXAmUCwDg65+myvNmcCO3r8QVJD1am2iMcXMEgNnIkbClQmFiGl9aN9584kkUwN6YXT5wf57GZkMhk6pouNJ9GZIJ3DtiR0JigU6lpVLF1hBho7DX+tFXshJRjnS7YicCNw9FohTZkiWaqomMvlwW+YJIdZkMySTaMzJtLlYRLwl47msogS5IJjAaehLMDqUdcdakAildVJHl/lG9+hzjxZDZasYtRgGaVq4NBOj5/O9GglziNXNzYWjyfT6UwsSYJp2CmTIUNdIGvGA4sfW/rqHQ89E4klbr534aGTF9KZzG1zFp67OPDBx73RWPzoyW/9gQ7nBrQInEYr7wPpInDEapOmArmjFmeDYV0lpQyfVInycF3JdKamKVWBXJPsNVQuydUimWwWmkH1pKCS4kL5pKlhUV4Y0uyi60ICeoNFLykvf1Te/0hWMdaJRskhOrwuj9/l9UNjA4Hfoy+FpIsXU8G3zOH26ZQX8hQV2MqDoTBZBsDjj8UTE6+SJL8ImO3e1k+4RWdSImMp21sMoClFxZnACZgtgk5v4LObkUwm0Zkg3YRtSehMUCjUNam2BnE1jSWgAJiN6h05RVNkLnsDIIiJxmLUb5gsAvyVbGTU/ojZaRFteskNMbrb4zNYrFDEaBZcymgudXeTMu+i9bFYkcQYxLvRRBp2HIZD2H2hcCwaJWuh6kwCX7oKCM+sDh/s6PSRYT+DBolMMGhh/aXfLnj2tvsWbdt95IHHntcZzRDvvbh2y5sbdtw+d3EimZrzx+fhbyQSe+71DU+uWHPHQ0/l84WbZi1MZ7Knvr3w6rotQyNavsZpoPo3fgjU4BySbS6O3CI6scYIKBa4w02HdbUC3G2nPwzP3RuIsI0nm81BA4N0JxnExezQDt5ghBhUse5Epi4yRWdi9wTBCo6a7TpBBtFXQKovgqQyWMkhjMwbIaullxx60TEquMAeDOolqEoPktzDRrmovMEwEo1ZXUG95IIy8GWBr1vTXk1KPp//rpxJPJkyiPJFjVmy2i4N1O4zWbBgwYYNG/hUhUQiQaeasPEkOhOkc9iWhM4EhUJdk2LjmcaDuIJNJqCWGRsnrqM80GtCaiXqkK2aFEkfwrjbFzSYLLQPBMyJ0+XJK4vdkFDP6k6lMyQMmpjyrjOYkmkymoutJxyJGa1uvcnCJtakqIzp8kcLQyYSVDnc/my+/NPuGJl369FYGr0tvqRMVoHQzWL3JpLlieDDZvLKvHpzptdu3GkUym/fe2Pd1l/d/xTYsGGNfuWajTqL7dbZTyaTqbUffOLy+H47fxlcey6Xv/eR5YMa0x0PPXP/4y/8YcnrTjd5d0ReWfynsu5pwUReKUg24OqUTqEgXK9WcIFjgSfV+Oa0yziZntHcTzYd1tUiUENWWXdLJ3lCYTLjCBwXhOmCw5fJkhkC/A4tY3eTrrPqN6lPB1N0JgaReH7J7qGdIbRjhHaSkA4Tj98kkwsZMVhodwrtWgHnBtKJdhA1LQbmBZHk2smSX2QjGC6vgFdUgNYO4b7T41duu9sfyXIL7FaTyWah2niqthNm7U13nQmcmM5oMVmdgwbJZnf0nznHl1BAZ4JcOdiWhM4EhUJde2LNBtiJ6gKq/FP9hbo2EJCADwDb4fb4dOA2BFGQrHqjxekJ0LCbRjMQnZusLrNkM4tWZVFg2SY76RpcNYFdjGbR2EK4lkhnfQGyLi2foTBidhpJ7we/iJASwubAxkAUm0zxa0CFowkIzup1tjy1YvWMBxYWyTvpx8GA3fHQEjJ8K5+/fe7TWrP1lnufhNAtFk/s2N0370/Pg2+579Flcxe+REM6fzD0u8dXVB9xWpmI3d2i0w+BOxtEwiXowbwJLl+ILAjG7NQhAhnk01I9RWVYV7e8WVEZvwcV0re8Tx1BhtvidAfqLkvdRXz+AATuLd63augaYolk8xd91kMvkg4W+lUdV14TCQ4WDHY4Eo3FmvyeAeX9gZDs8sJXySCR1djg68a1JfiCwAV6A+GcMpYM6qfHopcM3xH1H4Jho9Vo7Vo/FXwN+wd01JkM6MSzAxq+hAI6E+TKwbYkdCYoFOraE7v6UeNxXOkOl+1pBPwHOxKJmUWZDtnSG01Wmz2eSGSz5egQCkDMK9sdYFmggM5g0pptDi8EDImmS44KMvm9tuNwjaI1kXFZ3LtQoEpPIAKmxWTzZGq9CjqdyUBUqpf4QVAlJQ7rPzdw06yFEF1ZbK5wOHrvI8shKMxkMr95cAnU9uCTq7z+wOGTF4Z15kA4umXb7p1ffk3fRi+7/fc9+tzTL745xYtqF4vdF0+Sibx8hgKku5UxUaLDP/UT07XQYaIiu4PdmgNTJK8ZSU19hJiK1mIfNtpSqeYDkKaOT5m/7lHGpLX7AIpkVg95DQ4N95t2X9RkQCfUnFHTFtlcDvztsJl0xYjOQCw1eSLEmSiTdrRmSSs4DKLDbHOB64tESDfXbx58Wi0aisTCMf4FMixtXZ0/FD0/YgJnckkrDOrFs4PoTJDvGrYloTNBoVDXnqgzgf9WN52/3i3AaXhDWTpYCwRmw+MLQ0RO1/0nP6AGY5JV1k+M5oICJskxsfhm3WFg1UBVRqtb9lRMbW8XsAR6wa41kFFh48pIM63oAUNSc+UoFkkmA7rYMCiZSsMp3T73acFqf+WtTS6Pz+MNgCE52n/p0JGT6Uz2gcdWlJTJD+s37Th3cahmCFW3k2jaMNm8hWYXSyEWxRvQCC4wjh30n8D1wrHqdV7VY4SMKXIFpuYoiuS1jG5H1cvap4LeYtMYLDUfYtcBZ0IGU02Mpxo1273BSIsWI55IGidm6h/86vjtc5fcPX/ZnD8+X71kcwO64kxYxsmyFgW726dRVloDbwBXp44i0wmyOuklmUrd8/Bz8Feyu/L5/EdfHJ71yHKTIMHFp5RvHNsU4cOvH1jc0n1REO3uIaMMRzk/av72spZ1Jl9++eWCOjAVoDNBug3bktCZoFCoa0/0P9HZfKMOk3CiDT/QmEsDIyM6k1kQnS5vLp+HoAECcW8wJdlk8tIAQQQ3Ap4EtgLhJASpnlCNHonWGTE7NPXfpdgKECHZ7GRAF8RDsjugLJnFl6kJBHZWlz+vjDwBnl75zoMLX4Ddf/PgEnBZpIdk7hJaEsIpSHz6+TdaNABXDDh1i93XwVmRZ+oP0Yko4UgMTBf9PZ4vx6AM13EbJHcOjtqsMAs0ITAVwVB0KtNOBHur7qt1wJlojQL34vNpIpFMGZVOD9nupCsIG23KlA/JBZ4hFI42uKVWhxea9wjpoIste/ndUDgCjXbLjgNu+FoqKxwovwhU7Et+IKisDKy7bmLq1HQQT2bgcjLZipsJTxzOMBqLr3rrw0gskc5k4OQff+7NbC5325w/wZ1/9pV3nln17i/vW0RnZC1/Y+PBk+dnPfxcqTx4jyx/x1ZYzaBB0isWSGcSrA4XO5rrzJkzf5kA3MhTTz2lfmQqIEuTwUlmsjk2nkRngnQO25LQmaBQqGtP9PfExs6kyX+92+HAoeOCZB3Umg8fP315xCA7XPCffKOZLL0FzkS02qKxWDZX/rEWwgbJOaX35WlNkl6Qp3L+ELs4vQEITSLx9oblwI7ZbBYixR37jkFU9HX/xc3b99OfbCHyAzfyq/ufUkvqTFLl3lcFYEsEuZMFcynZbC4YiZOlmcwOs+wNhWP1pgVButFG4mOd5IZw0yJ7nf4IhKHKj8184WpGLS63L2SSvZ5gJ1178CwkZ3eGhLGMmsmyVBqzrWn4O3WSijOhBwIjHAhHh002GlKDtIJDL9gj0Ri5n/yuJYNEjDftfHh06esQSccTSYj1fYEw2Gmo0yzZI8rC2eqFRBPpZOUoNfDt+ulchSyWSIEzyVcudgeONF8YN5rFXXsOKqsYF+Cc3/mwF7539//xObiKBYtfAVOwZNU74A1EuxvsyoLFrz789CvwNXS5vSvXgp8hU2ug+dFpK2zllGG9hXbOWERbJBLpYJ7JhRHDiNEKjYGNJ69mZyK+/00b4ymRKw/bktCZoFCoa0/l0Vz130YylZ+S4T/2oYlleShfnTgD5kSUZJsnfuCrk3qjOZcjv5LXCQxqrFfbFqkMeadEMtPGuJRqisorF/Umkc+oTzSR2vb5nkAosnHbvr4jJz/f+1WhMDbzQdJJckljvuv3S387f5kkO2pfc/eod1dbofVBXK1QVF7bAgEiWBQymV50gxkA5wPBJXyU3YG08qR0AhkRVFRmO0CzyOYLXl+QjOcRXP5I3ckDUFh0+vNkxae0ZWIZsRZRulxcbe3SInBWwyYyEAhC9kSdRaW6BTgTbuhgqXzPx+ELOKAT1MWyYGPYIEWiZHoGLaYVnaNme0YJ7W+Z/eSa9Rt//bvFH/d+Bf757j88C1/P2+c+ve/g0VVr3r/joWdIlJ9K373g2b2HvmZtptsXiMXrPqCpE1JeUc+uwVWceM3O2o077pi3dPajK/YfOxONJZa8tA6a2a2z/zSiMcCZQ7E5f3we0he/+HYoEvX4Ai+u2fLi6g2/XfAsWJfb5y4BI/er+5+65+HnfvPgErAxyldm8rouaCzUtjmcLjA8HTiTs8PGQYPt0qiZjSevImdydNPO13bp+NQqtq45xich3xFsS0JngkKhrj2pK26NF/kstkymo0FV8N94nz/k8fqHRnQOpzsQDBnNAokFLTbwJ5cHR5oGhFqx89/sS2RIVRGiCvb903BKEBbDWbU1n8FkIfPgm8avUOD0pRG7031xUPMb5cXt7378xaGjJ26598lT/edf+ssGX+hKrNQEl+byhyGgN3S6AADEfE0n0kwRxX4QV5BKk3XG4F4Z67yXsEXoaC4IXkctLu69mSxFZeHjSCxOJzC0skLxVIB4H45Co9vOnkUrwBU1rp9cdWEsGArrjOVOADojZVhPIu9wlJgKuHU330uWjIOA/vV1W8ErvvTmh/Bx5kPPJFPpWQ8vh7jcYBacvvDqdz9xeQNGi3T3/D9D3P/Kmvdg382f7nJ7A0Fl5BhrIcDAfLxjH5SnizJPnlM7+IIRQ+XrKaHBgB9jU+ACoX5vILz2/U9g+6PPemc/8hykgKEiI7te3+h0+0Z0prMXBsCQ7PnyCDixB59clcvl17yzCezW86s3wT8UJpncGZ1oHzE7hgzWEZONPjtRsnXmTMAW6kQnNDM2nvz+OZPX0JlcNbAtCZ0JCoW69qQ6k2J9Z0LVQUwBYYHo9MfjCY83uL/vGKj/zIVwLLfvwBGwJa0szzpFZ1JU3iauY14oDnGV1eEbsTgt9jYG8HiCKaXvhf9NWh0EAn8TyWQ8kTRZxAceW6HVm+6ctxQi71tnL4Qg6Vf3PbloxZpzF4ei8c4XZm0dqztosrpD0URngSCElVpxeuN1SiSWCEfLS8rCvSJjn6bgTJyeQEaZ1OEPReH5ssGxColcg+RFNyNmZyAcy5J1F2oU6y4Qk5NgV3JForGmz6NpgZqAGWjsTFTgkt2+wLBBpAE3fd8InU8CkfptcxZBHctWvnnHvKWJVPqltR+CAfjjM69mslm4vfc+svybs5egzS9avjqXyy14+tX/n733cJOiStuH/6rf+7qGXWXfXUFEkNVVcjSLCEhSQZCgoAQlCSoqophQEFEyAhOY0NOxuqordqjqUJ2qc5rp+Z5TZ6apqQ7T0zMo8tV9PdfQXfHUqVP0fdd5gtvjg2H/6LxV2WzusQWrJs9+ddYLG9t77d+dOldpDKgmUOaPzFkx96UN8ICMaE3TQAWORma6A/mt+w8kHM8qmgzF4ZjCCciVbtOOfXAVnSbi5Td2zXtpA+lin1n59vI3dg6o6SgEr3TmYhvok9Vb9svhCPxfgfsEdw72iIPbx/JCA2Xy888/A0vUL1XR63A5WBF0jpZP3snKhDh0CT387+45GYzHFC994povn4i9u+u8Al8Tt3fuz0Az0I4kQ5kYZphhd6VVMGrt9iaYzwjA9pzqwV9GRUv6GY73eMUzv176+deLTR5pnN5cg2oQvEP1gB9Qa/PhqQDgK0Dfm2FyGLAlJQRcgoSJLHy9/Hv7E8+sf3zR2hUb98DXha9sYnjP2i17AqHIxTbT6k3vz1i0GrZ8b//nTyxdD7/omWyjSOimGzI6gnJ0PNVOgPDd7mkEjEKxpM2FBX2Iao1zepekMcHGDPllwV+PhNI6Md5QNDZUaAXYp1p8Bnns6Ha83QB1CuOQQp5dvgbZrqFhDraVKoGgTIA95wtjmNkEXg6tMjs5rW7HPQODPJlE+Se27zr4/oeH9392EjTA7Bc3hiMxEBhw47CX1PSFa8oqZi5eqzou/hRXlFWbP4RH4NAXJy0OF3S+X452dvf9dOFGoVgEUYQdGmuiWCqdvdKmXzoMtxh08iPiWORwVJt0a1D9vyJfK4V3BSCfoBnQ4Fy+cPlax4JX3pYjsS9/+FUKojnVBcs2wmXiK4L/rOAyo7G4RZ0zIQUJ/u9qoEwaAHSanRaUZFrLJ/8aykQ7To05kzsH2pFkKBPDDDPsrrQKSgP6VTqrMLr+gcFmGB6sx77gqVT6/LWb8Osei8eVTJkgXfpNawF2B3KjXzpGJJIp4BZWRmS9oUpzoeWSHC/ViAeuC9LFAmVneDf++ui8VZjEYJYWjStzXli3cuP7+OvBT7+ZPPvVaocxuKJ8YUQULwYwIWV49mA8SKTSkXE4jHE+GeTBGDqlVUDPuNxB7ZIy8rJDxRzrBMk3BRRJP9LnBw4L54orCdA8WCT/WYCWWEgerhEkhD9YuyVyPKlLP9Uk4BqRMhnjvtDVyE/J29S0JJwik81hMbDhnf2nfr3y8uvvnbrYdvZKx9yX3/q9vbu71+IV/diJcdeh43CRbn8kFIltev+TVzfuOXetZ8eB4x9+9NmbOz6a9/Im2Izl3XBMB8mAqoHOgX33HvpSf9ZhWGkvKBMYHqAtcc430Hi6bWyMCMtpTzCioKgZNSUeekIrGzgavubIZkeUEMVAdRtVZUK6aKRM6tQzaYC/qjKxnjn17genPvvNjJcayuTOgXYkGcrEMMMMuytNqzeq11YsP8yok1k0u8JJicBo9a3hwE4e8Z7+/v4zv11hOCGZKcbTQEeaVSaBSOuv/zGwCz60Vss6hpWJXjk0AErM6g7Y6aHUqAteeTuZSvkDoaefez2TzcKl/XT+ej5fmDYfKZZkKj3rhQ3VnkLQBqVWoHB//0CwpbxSWpRRTfTWM+diJ65s5TbfTvBiuHrqwM54gV4PVMm5MQGYa01tg1mqfukfi2KxxItB0E52xleoJVBpFL7fSiNbUybFUgmGtF8e5SmuRiaXT6cz0Vh86apt85ZtkoLhb0+dj8UVkBmgzKGrN71/JDM8cbd2y77tez6ZMnsFaHXYps9O5XI5EDM793/OucXJs5Y/9ew66BnY9+fz18KRaKUHtD3R5+RstKes5rsDgRRV0h5J/86CdvsT6aw/FCU4VKuR8YZgmEViCuxSRmmO0ZSpbpdRYaGG4kxI6v9nymQIA4l395wfNJTJnQTtSDKUiWGGGXZXmpYB6FaBAgH2XlZZQiyld/fyR0sE59f6dlcDv6eMxJO/Xbp+5uzFn1WjaFa/XS0ks+XCRMRhOxmPw8UlMreuUw5HgbvoWCB8TeUGYJU/FOFEGQxkFcEHHBwyO6e6nrsDhWK/NxDtMdmeW7Ojw+SQI1GgXIFg6PFFq0GNWO0kUPxzl6/PWIR8XbTHV08xGFBdR6qWl4FF6ZeOhrI6IeDxhwk1wxW0rSYpbwYgjf4YJy5osz+sZGt53YAygUuonmgaE4AWw50dk1/TH4xCseTkkAbz+kNaGQYS2hOIaDYcAwaQMglEYnE1+ryGVes9UGoESgAgVa9qBqzH7w+F0cFVyYf+gmLJ5niPCB9wzRAM+FwYzvYLWz624LWr7d3T5r926pcLj85blc5kbCQXjSe+/OHcxWtduw980t7ngM0Wrdg6+4UNOMYdvjo5H5yxcsya4LwjIm3KKvpVv6xAtMD5UFI4zeZNoZdg8VPvVJVJV8+IYBJ/EwBl4mB9kVhCyyf/OsoEaZJT6l+kTwzcCdCOJEOZGGaYYXeladmsVnukcmgVWDo3GE3p98JGeWQbW/stNQYrKdkccpOIKhmOdytK0u3x0YLeE6Mm5GiiVDXt0AKA1hC83+e/5UKTSmdwKQOMATTLkRFDMbgW3hcE46QEmhSKDFk4ngKz0+gFqpNxC5IcVxL/WbJGDIaBWj389PJisfjh0R++O30BE+uvv/9590fHK8evALqJ9o7wYhpaXi6zTfutlVF57GIwmkSahPcznqAcTxUKxQZ3oTHKaqKCeKLGZM6EQ0mkcBIt/Qo1Igi6dzyiolgsQZ/gpFs1T3GHwC2FKFRmxCtoMkfHEqlkuvYMISbZ+qUagC4AZWKjPfXMSfMw5rWBGdlczky5oQ2Nj1wPtBspYTvtIXjJDY9BTMGFU/HRlMRwYo3Bwbkvb6pMHoIKeuKZ1+EWgzLpsRAPz0IPTqGAMhbvPPS15A+1m4gLv3fCYd7acej7M5cOHv0mmc7IUQXOJXhH0RU6ZaJFWU0E15IyGUoV4KRc1cqkGXSYHKBMwne0Mtk1ZCcsgxVlcmj/92jhB9+7VVXpuvQr+vqFaeTeBv4EaEeSoUwMM8ywu9K0v+b54ohV4ZFFTgJyknLL8ANvdvlc7lBlOSUEZKUuoWRFJRhN/3rx2i/nf7/8e9uV6zf9gaZYuOCP9I8Mcm0NQAsoVCvjlhwqq9MXwJIpT9jGiIIYalBxAjYORhTMmxEbY0SHSwA6tWj55qefe3PmknV9DiaXy/nDcUVJlNTC0ljR1Wx6PXqkDUSuBhzfF4qxvpCFFl3uQCKdnahiI7woWxlRTb5UO/hhQgA94glE4drhXtSjj3YG9XAqNdaKluhVvdsfsdJiJR0ZUFs1PVcrswEtQx1U6q3Xr6kBEAZ4jgjkLvDyZCoF41C/0TBAaI2ayM7s5PvqG8Gp8fe8n+KHpgqBx5OCn+ZbTIYGOsTJec0kjyfrhug7j/LgORh3g9ae/u337bs/mrFoTTqTW7/1w2sdPYtWbE0kUVVEWPvhJ9/AU+lT84DNffHNTe9/jB9eMDnWaG52sKEywbCPPeNcl50h1bPTLAfK5Gb3XadMDPzloB1JhjIxzDDD7kqLjPzFr1cM3spI/mgpGC+HFLBB4JDqZ7Q90IFITHHydSt+dHSZSBdLOF3ZbO7y1bagpsBIAyhKckKqagBPRZzMHSj1I98nB3qn7vfJGVwAQb+1BkBtHazoVOtR2GivLxQtDGfvAcTicSkQAr4SjSlqdYjAsKHPuKqdjfHB6YDAWShB8Ph4rwQKB5bDZzkcTaWBVOdwrK6FrjuPBO1nvMjzp3Frxwo4INyIXL6Aj8r7ghMyQ1UBNDeuJIBVA3mNxROj6gQXi6KNdaU5B9UJAegh6KhUOj3kYsf5cRg0inj2BnG4s26vsnrT/aFIoT5LnhCUVZehLhvVbWcITjRT3m6bq8vm6rSQIPbyhYIuhVQFsDydzeFxArIqVWfCBMB6gy1PiGFAI/OFIsWr6lrwm52cA7v/VfXbWIGfBXiUkD4UQyBXnJwP2LyFQgHujRtdRpVYlUwm6w+Gtu85AkvmvLgxm8tv2/sZK3hPnDzbfrMXtsFVOEfNDTCqMmm0rg6QMlETB2NvLkOZGPjzoR1JhjIxzDDD7krTK5M6uYNBmWi/AkHEykRR33EDJyDdwWgiXZMbdHaZULkxkgYG09VjDkTrTrBokSuU8xNBK6FJTlZ9P81KjCcYjqdG5uypAVgdicacrBr/KvidrEcO184yDKxUCkXdYhDoI3AyG+O10R6UQUjNwjSsWNAHvJASAvgDwUnDzjZeElV2E9NVmYXhjChs2hdyeWr4gI0HcGRZjkSj8colpTI5OTq2KPxa/YEAIiSZykBXo8m0WBI4a82u0wE6AXo7GL6VSrhUKvmCUQ46lvcTPOpJQQz5wwrcwZiSwqS/wZFhA5cb9XYwkqiWLhMC0JYOWuiyUmZKwBSWGi5iaKW9PQ7mpo22UrwUlAsFlK9W11r4ynmQQoCrc/IiqLKal+MO1F7ePLp6+0B2AqB7QS7yEipcSFaVjR8nyshpasDrl/GLALiocHMjCvbCqvhKuwk+uL3SzCXrFq3Yygso4UShWISjNc4IPNiEMmkBHWYS31aCRN5cN7t79FuMBkOZGJhgaEeSoUwMM8ywu9LkkeQhnddvgI1yB7VfzS4Rf9DCLYZqeiVJ/qDJbCNdzMUrbafPXiwOR8Q2RrlOvHgL8HhFVRXUaJsWwGuiSlpwe0FHqUpGVBLJbK6uo9eoAF2RymRjSjIcU3x+mfUEIvGkPxTxSQHoK4p195E8NqxVKj0DbMwlIJqrij3kIt8854J+KxQKQED1K4aBZUm1EIIGgBLQLawG7C74UU06aJXLHYzHE7lcTlESghQBFWehfXI00cA7rh5oN6KAvsDQHQd5Q7tbzFWlQ7FUEoMRaG0golQnTGsZVgoVA8FqZFQjeAnUS7eD7bSQsGMyhRzP8NUl05k+JxoAlOoQRfISjLrKhRdK5XC8tiMTKJmLV67pl2qATwH67f5H52MPK4rzbnx3P8gkl9oqkCn6fSYCcFLGo84cgjKkhUxmbB56OqDZniamdxook7LaJKX+E1EPWmUCV9HCnImZYECZSAFZyycNZWKgdWhHkqFMDDPMsLvVtChXZejCJkVL2q82dQolO/I95kC5zEthHfkDYgSsiOF4F8Pm8wUX625SmQyiqIwxu4bXRBn59qDqzrWZi7oB6/E7VEECmzkopqgWZdNvNw5A54QielelClBtB3WaBbs/ZXMF7dmBWwfCSs32lNXMSCE5CtIR+zjJ4RiKKa5DwQVJDobCNXnegFqIvZ7jED4RKgziDYJswI2Bv8VSf6HUj13jarawSfiDqDaiWxyaHUok01a6buhFC4CmQSNT6SycBUjzOGdR0GyJqiXwnNgNE8HwbtCT2XwhpiScnBeWdNtoK43ScGFxAhz94tW2Dw99+uGhT1BIBi/ZaHeXlcJ+X7l8PpcvWF1uvD2KaGdEQQorqQyugXPhajsucl9BOpOdOvtFbeqCQEiOK8np85aduXA9k82hQwl+kNb3PTI3FI6s3bLn748tgOWxRBIrE19D5Z8vjGvGcgBVkkna1LwRVtrncrcyRYMURSJJCtJormG1lQnKhKZW8IzGlXoDuwEshKuiTBKJRAvKxOqkDWViYCKhHUmGMjHMMMPuVsuNVArVG/jknF+jTIJKGX7sQ5oiJxVkc/k4CkQe+gpcobvPeebXizaHk+ZQmUKKZqtrWdRDvXjxsQLJrUgSGEYmpz81NBUoFO/2Eqp0Uf2+gqO6jrSAxsoEQPJIFzlYMTuSgA6q3QhUtSI2yuqLcNB7oVhSEBGh571Bjz8cjqdGDZ7x+eUGwe7JVDYgx6qPAEtAGgHJE0OxcXL6evCHIjZW4oZzl8H1isEWs+g2RqFQ9AYioCuiCspppl/dHPDNArtpo3vtLjkyoiQ5fAYB4PGHaEHssVE9BGtnRAvJfXT0+K4PD+3df+TkLxeud/a1dVt1fl8+f5DzSKBPCE5EMpWV4EMilYUD/n3afDimpgnoWfvXE0tZzn30658YN8r/+8//PLNqw47Fr7wxaeZSkEmBSMotheRIDJTJopfX3/vI3M5ucy6Xk4JhJZEIRRWxoTKBW6BfNEbAsAmGY1jCwfPlC9R2iWwA2N4flFF249F21CmTdG4gGEk4OL8/nGjs9dcAt5QJ5YrHlRa8uQxlYmCCoR1JhjIxzDDD7lYLJwe1bySVzIi1wXiZ9kZxVEllCeWJhKo8QeAY6XRGCKQstEgJQV6KBCKZ6+3d6Uzu1Jnz3SYb0AOKZprPK2XnxsuNtCA4ieGHSiUOqqTH7fE51bRFQMII2p0dyfwmFqMqE+gckCVUrShwgC8YBYbHiSgrrprkKqmkss3PPlXgD4ZDDTMQ5PJF1hcCkSbJcU8gynqR8oGuq1SluB2AkROPJ8yUu5fg7LQbzEqLvBQuDqUc0G8/IYArjSUzMFZ5EU301TwLLKzOmgUbg5yAOwWrRmXMGGgCIZEMyNEvTpzad/jolfber7796csTJyszKhVT/b7cPQTf3udsNzudvAjqAuTEPZNngRTx+uV12/ZPm7Ps5M/ni6XS//z76QcfX9ptJkB7wCnunzrv3Q+Pwqi4/9F5ILqSqXQsntix/9j/Pvz036bMXrb+XZyl94sTP67etOvrH88XGuZodtTyzGwNoE9AbsHVgfKX/GN4qAfQZKZE8KPPt4AygR6AWyNIsp3xJdPZBinCmoTJyTvVG2R1MtFoTKtMzpw5c7gONAcwlImBiYZ2JBnKxDDDDLuLTRcHDwjH04FoHlYFYv3ATYNqSi5s/lg/L8V1ASqDKEGw7Bx+z6oSyjLpon1+RG0vXrlxo70LllA02ySZA3Ci3PzGowIH5vYPDHC+EMGqbjYgSEia9gSAl+q3nmjAtXvEUdIlR2OKmRKcjKBfoaLiQzUeyHJE8I0eTw8nKqkl+sZ/xgaAM2SyORPBIgqo3h2tgVwEXujkJZNTaOsjOiwkLEF1Mya6TXCVqXQWqQLOn05ntUcPylHsTFUB8N22PiduoUccA8nGKKOsBqj0B3L9yuVr+n3pLBCOZXO5/314Vi6X/9uUOeu37Qf9P+XpF0DL3Td17o4PPoYD/n3aAiDlf582f/q8Zdls9uln17Kc0K+OmP8sWCYF5aPHf4AjwEk37Pjo+dVb/IHQoU+/+urkbw3ErZMf89U1RqFY6lNrF4LmsVJCM7cRRiBBMXYG1V3RQr/dIBKQNlbSlW0ZJ/pIHnmBgjJxOENyWKdMnq0DzQEGWd7tYEXe69fySUOZGGgd2pFkKBPDDDPsLja5Kjo0FE3bOT8jKoI/Ab/6Ic2cCUofHM3rdimjQG1/KjuC6NgJqlgqAQO7eOV6V4+5rCqTmsSiJuTYRPIMnz8MJIN3+yqBy8B0s81ljho/yk0oE9jGxXmgYc07vI0V6XS68ZzJH4ABNRUs5wuYnWyXnbHSHhwt3cCAtdtZEWTbTavL7hIYjxSOoXD2Cbx3KI0y8v+RxFCshBIRl4PRRHXuAYoXe508hWTM6GVGRkUNvy913gyrlFBUAVkCf2GUgq7Afy9d7wQ58cyKjaI/9MC0+S+sfjufzz84fWEun58+75UpTz0PeuSVdVuA0GMSf+8jc4Gvi/7gw08+E40roF7+s2S1PxQRPOK6LXskf7DT5KiePCmj6p91FWwddTA6EskkyAwcnBOQR0+3ADcFxAyQe7gpvmBUtQjnDSSS+sKgciyZzk2wnyHtFm3q5BgoE1GUWpgzcTICmgjlfVo+aSgTA61DO5IMZWKYYYbd3VYPyUwunsyikFxWojwRMCkYD8bL6ZGuT4jDVbGVc5dvnDpzHuynM+dOn714/vL1myZ79Wb1APRwAqMagOVgmkvQfDBcI5ridgME3qinhFYRvGR13fI6m1gUS/3AaP/gay+rRT88PqnT6uq0UGbKTVTNkIABL7/e68DWZiY7rRT0WPVmFXOwPtAqPTaXyUG7BCmhprQa/5XBOAlFkRrXRZzjVRYXko5gdhevWzshMDs5Jy+5pZAUDAdD4dPnfs/lckDo8YwH/H3/4LFsNrtq404QsQ/NWHTP5NlwzW/v3H/u4tXXt33wz5lL4eu5S9c4z1BRRYp1g/6B/j/929UX1my/75G5uXzh1Q27YMeLv3c8NufFSTOf/ceMJc++tlXbd/Dcpevn1IrHleZ9MqsBTx9cJvyXEk+m9etGAisTEDP6FX8IQJmYXUiZWOxOXnC3EGcCjcchQ1o+aSgTA61DO5IMZWKYYYbd3VYdzq4FkBYlPSD4Iy5PxOzyAbP0hDKJdC6vVkArllAleP0+avCA2yeZbOTVax2XrnWCMunqtTRPHsOJiVQmcjzr4CQX55sI+toKUOKyJi7HzvignbepjcBQQ6HwbTp4NeB0yXRG8Pk7LJTJyVWrC2xW2tML6oL3qrHKCJlsTpRjdtptprxdDg64KS4SX8/6SAFOYSZovxyJKqns+HIYoJzFnmD1fF04quDTAddURmPVrQFF9bC+RBqpgkAo8t9nVpdKJTkSe2DafOiWSY8venLpKlgyc8Er0Xhi1aa990yeBfT986+++/Vye1u3+ZdzlwaHfSnxAfGHMoqryb+4dvsDKINwEY7we1sXqIt7p8yJJ1KRmAKKRZtVD1RZg7E6TmUCTQpHYhQqYDqKAodbQPG+P0uZcN6AiUThMTCuGI5vQZl0WUlQJlaXW8snDWVioHVoR5KhTAwzzLC/nMmJW5WPgZ8Al6jeRmtRvYtEXZRRSqtyKp0HfhaIJKzM0AvamsgXBwjSpSgoyZCTorUbekKNTimHYxMSZwJM1YVqg9zGAPcKymp5xGpSi1c5+Vt5kCma06y8hXy+AGSIE24LGwMWGw5HB+qTzvGgrM6NhCIxXgz2EpyZ5O0semGsUxGwxEK5kR8XhfyyYIkk3yqwqAOhRjvg4GY5qsD2fQTbaaX6ah3cZKc++vTYnv2Hz11ugw267CxsDLuEYsmxXjKQ91hc7+PYZaPxieDgulUTBZIHIuvB+QagzVveP/jg9IX/nLlE8PgymWwqlf729IXnVrx5rb0b9/ZYPcpS6cwTi1dNeer5NpPjixM/bdqxD5WjSaRAscCgfXDGIlA43SYbDMIGT14mPzDW/qwGPJGkEGDc+gQDWsDj73L7idsm1BsDhjG+4yYb6aRcXT1jzhocCoUIzmeheC2f/OOUCZkmDbvLTDuSDGVimGGG/eWsv4o8VG9TbUoGmId+x8awVbnjawF0CimTTBk+wA98ZTmQjcZRtpwoj4eRwK7hqIISHMeSY+RvYwDwuTkvbognUi+/savU379q066N2z+IK1UpBVSohG/offYPZy7ii6sONLe5UE3x8Vx7PcAx/SF9zZmWUVYPGI8rvM9/00p98uW33XbGyUs9dvrkmXNazeDgkCuX2eGiOG8ydWu2AYg1rK03/6C2tm7uYLiKqJKiea+ZoDssoFUEYNu7PjwEtnvfR2CHP/3y7KXruAF2xtft4IBo9jlZt1dKJodqHTboY23S6vJQ9cAhIWSjbosygcYg2UbyNVsFBF0KhmutaQXQe/dOmZMvFGDQrty05+ufzp06f33h8rcYzr1hx6F39x8bVK+6uoOmz18+URE+JItc43ipbjZhWC4F5GZyc90OBELhblWZ9Dg4i83R1WvSbzEaFCVBcGKvg9XySUOZGNa6aUeSoUwMM8ywv5xVKxM5od+mgeWLo7h4VdA4giKRTIEgAW6RSCZ1ygS0h2ZDPWhvqDVCki8MpDI5FMwgBOWo0tIxmgXoiukLVgPD++K7n+Hz44vWFEso1612m0Qimcvli8ViJpN1kKwURFfd0Wsvo3rtxa9P/uqkbzFd2FeUEP1Njr2S+qgoo+TFSr06jGMCXKYcS/SRbpAcfU4eGBiIgW9//OXw0S/hw4EjnyFBwvpstKfLxlhILhZPVDPdvKpM6hWQAckWjdUPgVKBj5lA1QOlbhu178ixd/d89NulG199d+rwp8e+/uFnrUBCEoWVoLWgZLosTmi8GJCVRBLuQrVaI4YnuJLpjEcaen2OTRiuCDmxUJVJwEzynEdf1gauEdSdWwy29kRUAw5z+rercNgOk+Nvk2eDApz30hvtPTYYqDdNtlWbP4BVJM2J/qBu3vKBaQuqtXRryGRzoGPNoMbqRMOj4SpHmqm0eDsQDIV7hpWJ1U50mSz6LUYDDEtDmRg2kaYdSYYyMcwww/5yVp1xq1DSb9OkVR9KCwvt0y/SIByJMhxfRs7lUZYXKstHVSaNfb10gONnsznBF7Kz/mA0mUxlJoQ8VXCj27bpvcOPL17302+/w9dIPHmtvZtwccCZHluwOpVKL1u/M5PNPTJnxaEvTqbS2SeWrt554NiyN98Hyjt59qtrth5wUvSSldvOXbo256WNwDunL1wTUxI79n0WjcVnLl6dyaIwGCBp2IAPAWlLq/EGEwjoEkVBMkm/YjTgKOpQJGalhJs22oSkyFCKM2z7Pvp014eHPjz0yfUuC/B+C8kHw1E1yVWVPtYAVIFT8NfjndlcrkG0Q02UVW86kF5xJcF4pF6C6yE4lIuZ99fLAAa9DT1vZ0WLWlCl00L1OTm7S3AJPm8g2m1ndT5jDlacEGlXDWg8pTYGjwEHJ4Kug2Hg5If81ty+wIQOaoQTJ39Zt2U3CPi/TZmdy+dZ3j35v8+AIFm6/I3NOw+u2vj+Px5bCDfxxs2+Z1e8+c6+z+5/dH4ylfrtSgeujtJ+sxu6O5XO5BEKOGvFMJBo1J9vJGKJjJqqS6I9KBeZTvPAN7iPsBYehKiSCkYSYjAC8oz1Bkje52C8IH15MdikgcipN9JqAoR3p4WEbjcRrM3h7LHfeqvSJNKZDCgTM/knxZlU81rD/uqmHUmGMjHMMMP+ilZNDGIp/TZNWnXNE4wycsq6FT5RDa8U9npRIAr+UFkOS+Rw7XelLQCOls6OmXA3iVy+MO/lt4LhBPCmfZ98A19fWL2FZoVFy9/KZEFjrE4kU8+vfieTzc1YtAbYFWywYsN7QN1eWL21v3/gpdffT8N2hcJX3/0MCmTT+5/A9qBngMm988HHHx0/Pf+Vt0Hb+EORUDgGDCyVTgMbo1AaMUHflHEDBWzIdV2kKkCkslz2y3EzyXahghueejHofU4eeUnZSaCzN3vN+gPVB3QmI/gIrq6vjsc/rmB9MRQjhssFQleHInHOI7WZCBSmAsqqVn6wZgz6ob96OnIiAKOCcvuxGAPNZqO9oAMFX8Djk6Jx9Pb9digTDDkcsdhJ+PDQjEX/eGxBoVj8n38/Pee51Vdu3ERfC4X7HpmbSCYDofDfpsyBEX7f1LkgREwWYsmKzaBnSB7VQwRTcxUgszFeXDKy18E4GLdbClXPJWLAmLe53LimIaUKctjdQfPwl0B6coQAVjcQbQzQfb46hGlUA6XXbXPZXKjYS42mjEQ8kbphIiiUIRpUq2B1ufsI9pfLbV6vV6gPN1yrJIVCoVQqBf0G/zdCa7V80lAmhrVu2pFkKBPDDDPsr2jV7liZvH6bJq26tCJGWaNMiv2IAuZy+VQ6I8fzoVDYHwj5/CGviPyyBF/Yq6npMbHK5LYimc6s2rQXqYtiGQhZqb+fZQWzzbHg5Q1wdTOXrMtkc+oGuZmL1wJvg8t/VVUmqzd/gJVJMpXKZLKgTKBzNu/6BHgn6BlRCvz3mdeBJD23+h0QM2XVxwYTpmw2B5TIQrl1LRk/ysh3v1FJE2h/TElZXO4OCwUk3s7qqSE2BysC7+y0UIzHH43GsZKpST3rYWCgbKURi623kz8c1y8aCwi1OEnlK5wFtzAWT7Bubx/BwNX1OoXqS9MZCTdCLWGODUa7g/FU1wAZP6C1pBCovNevdClqOSp9KIJ2rddX4wQ+DYii+x6Zc+joiZxaI2X9tv33TZ1/z+RZcOKpc5bhSZL7p84FSfn3afNBR63ffuD02YuJNMrZ0MBsjK/PybX1kTbGE0ukdI5zcEGlUonzBUHyOVkvLm6Iul1AUgduIpIorAfED8mCYhF+77bByKw+S/MG7ekwU7I6aLUt0QE6ASsTStVLDtYL4uT8jZ5IJCLXRzgcjsViiUQil8vBdaEpL+5PqmdSzWsN+6ubdiQZysQwwwz7K1pNOREeS7SJ1nJVOmdQ5TTA1UTJH5LhBzsSUVJRJZVOZ9JqPWYAzXKiPwALecEDjLyyI6yVE7fl3fOEAEhLMCS7ePTiNl8oPPXs6+FonPGFIzHF7RUfmfPq9fabF662/3K5Y8aiNRlVmSRTmccXr0VV+srl/yxZffTEmYWvbAKiv3rTbjgCLH/r/U9A1ezY93ksnnz5jV2wpKvX/OK6nce+/01XeA6OgF8JT/jrecRxNSmeER/t7w+E4yTrMTn5XoID3lb9NppUax3Ch247w/kCfjlWGncYNKgvq5OxNnQFbBkw3uoF1msBd8dMDqUzttKexn5fWnNwUped4X2BeAIF0+uP2xIoHvW8fukwSEEK3DZlUgE8ochzb2DggUfne8QA7/bCErfHt+Dl9VkVSJkMDDy/euuvF66BbkkkkyYnZ6EEbNCBME5w2rSKX6LWkJcacpwTegiUOY0WRDmWAM0/5PtVLsO/qVQ6ny9UlsD49MtRm4uHvRzciBI3cKIOM9mMEawPdIW2PXCXrS5Pj50hOQ80oPomRuOJGyYH2pKXblooArnVSdd7HYUCUmgNgPMy4/arnSBp+aShTAxr3bQjyVAmhhlm2F/U9L+3yItGv02TJteKqodfX7cYqtAI/erBQYZHZMXKiCTNxpRbASt3sjKB6wjFC6jSHyIWgVKp/99PLzdZnHCB1zr7rrT1Tp716rlL19/Yvn/nh0fnL9ucy+Xf2nk4lc4sXrF1QPXGYTgPLGc9KOFpt8kCR4APtBvFVABzAb1RKJbQDEm5jERLf42QYqDswIryhYlPK4bLYgLhy2RzILRumIgOC4XDG/Q80h1wqpqk00p1mJ2wRI5M2DRXMpWGHr5N1SpYb7C6S2uCF4P4Ym/aGBfrbu9zgvqCS4YLJ0f2hkpnR1Bbs8sLrFeUgtgFC2493E05Egd2qj9NE0A+UWzd3iBRoHi8qUuaCMx7+a1/PbH04f8+220h0+nMpMcXw7jN5vL3TZ0La89dvPbg9IX3TJ6dz+dZX4iiWdLFdlpIsA4ws/NGHwHWbXMRnNqTVUMLd6aV9sLwA7M66WhcyQPpL5bw46A+GsVEMt1lc0En644AIgH2hdPB5rDDKFbqh77tsrpMBCpkOfImouENDYAHQZdzzBsIg27B2/TZnHjHdrOzvyFQfI0KfCh8Li2fNJSJYa2bdiQZysQwwwz7i1qsVhi5XLVZk1YdCg+/wJ5QVr9UA9LFUMilQaQ4XyB8a84EB8tqNrxTADwM6DLwCaCJFpfXQdKw8PTFtscWrH5//+fT5q8E/pHL5/scLsRD6uix8UPwigTvBz6kX9ESCsCYowrNe+0uHlTiTavLMTKEvWJwUhQhYKOAVkoBVDAeXyBcKVBMwVf3pf5YEUBpl/wkV5eLt4xMNh9o2hPMTg95apkJBi9B3lMqeClsIpibVho6BIZEl42WQlGS83WpyZG1nQbsNpfLLX11w9+mzFm7efc//7OUc3vhCJFo7VItMSXpcut70kELNicabDUBfRVVkrdlqNUBZtn47n987LtH5yx7ftWmxxeuGFT9r+6dMufz78/q9xkJrL2zuRzcjms99kp3VUeP6Dqzz8mZyRqOdjACewjeSkQxzWIAAIAASURBVPGVYdkMymo6ZhcrDOJk07F4r91loeD4aqoJTrx4o+erb348cOSztl47LE+pafH6HHRFw1ztsuLP0LDmzzuIfPDQlWr5pKFMDGvdtCPJUCaGGWbYX9e0v6TwERWeKw9Gk/rNmjRdtROgLvFkY2UyRLYomsmpNeMxbpMyAS4VjiWCctjtEfH0RZMAwuH1SQ4X4kOgScLxJH7VCjwebwBXiqJBxkBLxoViqd/Bio7hGO6xol/10bK6BCBYfSSP3vhW8Txq+J0xbGBCXI2X5Bie3tEfTu0fIPEOdsKcrwQvegntFhvVtGkNoUh8oOksTD0OFneFW7oVBKVDGXkZ3RpL8DWdyToZd68TOb/BvmIg3NVrmTr7JcHjC8dTyVT679Pmg8R9ctFyr1TjAuHOpnIjBiccExaSjKBdWAHcTeirRLLWa4Y/HNDU3650vrBmG64I2Riwsc3FdduHci4TnOhw8UoiKQVlEBjddqaXYC3Iia6uVoFVMD5hJPc6mKiae1p/jtGgKpOAb2R4FUiuSExBytNC7vvo6K4PDx09duLkz+fsaj60HoIlNE0CUYpj9MesTDj0jkPLJw1lYljrph1JhjIxzDDD/rqW1miJMio/IsFvK6iJSHKENTmRokvShZRJqpEyYTgefwBlktcok2Jp4pVJoVAkKOSKo3ph+YEDIaepJpgEbOPxR1EmXAGFEAQiKF1vqb+f4v1WulGZ6tsH6FiXgPz1m2l/BapDEfaBQfUHa/poUaonkpo1yNeNNiNFKaA6ooxyIiCINnrCpjhYbxDaFgw1yhzdGoLh2EBVp6GZrlrpknuJoTiTaKzZaRYM6C7GG+yyufpID4iQLe8dfP/Ql9lczsaIwLwfeHR+LK488Oi8mr3K+fR1QuArwfulQG11NKRMUhOcRbo1wBj7+7QFNCfoV9RCXElaVL9ENOqA4ltdFY0HPQOPGCeGzATd1ud0sF4740beX7yEHcDgg40W2s1OkK92xmsi2DG9a6gAniDKjQLh9CvU9yOg9y5cbX/vA5Tzeu+BI/C3EnpUsT4naPshZVI9tBrAyqDAGC2fNJSJYa2bdiQZysQwwwz765ouDl5JDwSio1TxUzL6g2itqEmuk8qWG9cErCgT0sVooybkBHIVqXwdJ8pqvRQKvZSVHKwkeEQwJ4cokY2VCNrdoDZILJ7Ark0kL0r+YKVN/QNlVkAiR7tx8wjI0TGJimoUikXEmON1EjYPI5cvxJNpO+1pM5Nm6lYWKa05WNQVPXYXMGkLybn9qPA2gv5gjUBy3pbncKrhZFAJcK1YnSh4UC44/ZWd+vXK5NmvapeXSiV/KIJvPcoF3BLrHVTHXrFU+n//eiocicG9EPyxQgEFcCeSyX9MX1RW51vgXJXt44lUFmViG4Gieq8z2dqPEsrMKwRSmUavAP5INKMQgMF32aiKMEa5gJm6uebKKGXckOtgWa1NBL1XGaHRuAJHCI+WTaseykiZBEA06ldoYLESIE1J3nuj12HVpGKrGJ7VAdk5pqQUFhca5Fo+aSgTw1o37UgylIlhhhn2l7bESFru5P0+TULVmmgsTipIZQqZhoVEKt5cSJlovD/kcKyxMimr7v76pXUgR6JOTrS7BO0u8FmOoqxT2DGDYL0k6wZ6PWSCnxYkJ4NYiJP1VpdDgd09XqRMmm7FCEhBxP71S8eCshpdYHV5dMuBQwN147z+PoK1qBmHqidGsA9Mn4O2uoRAOB6FftBkpG0NgVAEkTPaY6O9Tl4UfEExGInE4kryVjIl/T714WA8Y50RqgcceFz5CsNbd1h/MAR6YPHKbUBPQ3IE5Kuag+tWv/U6+XG2ZOqclz1eKV8opFJpXvBAe74/c3HvkeME6fr7tPnLX98OKiWZTBUKxVwtihxTktCMYql2DUcliSoS3g4VdzsAPWmhBOjS4aHo73GwjYVBKp0uFOsmewBdDaOu5RsEug6e4uYVRam/n/FI3XZGl86LUvN02V08Gu3NNcZEIF9BLZ80lIlhrZt2JBnKxDDDDPurm/YtZyhestJi49/WcsMUXhWkUqj8863vIwEHAUGCP8MHbaIpOTzKlEKpvxxLNUsmHBRiAIKnhucVMBLWgwojDHGL4XymavHpACWg9+VKusaJoHnAaFX2rF/VDFC0Q9N7JlO1U9zi/GD4c1ktcA6Ut9tG3TARJqdQLUiwD0wf5Wk3OwUxhHy01DZIMqqV0bjDR0VUZc/DJxrqSRhIVkY0EZyZ5HlfSEkk8zhvaiU/QJ2TYk+zemsH1RuHP5TVaQfde/q4eiL82UaQMY0vlsd/K6IgkUzD7k8+sx7o6cadh6VAkPYgtyLceJMdFfkG67KzlV1aw+ff/fLq69tFf/DMhWuPzX0Jev6VtW/f6Ohetm7b51+djCuJN945SDF8W6/9ux/PgMbT3XHQeNCMevM2/lAYWtvMTMWfjrL6aKuyc2hAtvURUqhRCZ1BdXyWRtY5qSCTzcJBXJ6gfkVzKCOPMgWOUK9vawLGDIxkivf1OljdU+ZgPW19TtYtqrUjK9ujXTAGVENxdP0DOLuXlk/eQcpkz6JJTz795CnNkjenTZq0aE/1lobdIaYdSYYyMcwww+4C05LAdDrjk+s6OGFUH6FiFYTjqQaZbfPFEcpEu0otG1eXlQ6iSnnNSgJgbIgD8ajSvH6dBpg3KOlhUxLIamkSDLSxkmh5qmFMyiQYQcQa0ZqB8qmzlyoXUiqVgOfD13y+cP+j86bOemHttgOFQsGloUqgrCwud4/N5WDcqRQi4tWn9flRUEeNFWOBWpw+kMvlgXZDz4Bso90SxfsdLCqHB81AycSqxJKNVWdv1KLdHjEE3QLHySP3JKQN6rUI7ukjc1akM2iIuhhu2rxVX/90QbvBVz9eCEeHBqLZRoBVZr0Y3rvsjV1dJitc7/SFa6C7Xlz/Xiabc/G+4z/+Fo5EobdxJ5FqgDIYiL1bh24VLO/esvvTrbuPQP9cvNpxz+RZ0Ff/8++nFy3feO+UuQ9OX3y1w/Tg9EU/nL26bsvee6fM+fLb02s278aTCT7J7w3UrXlvITkbrZ86uwMB7a9kFFBJvI/ia7wsqAbllmteOyy0utwwtPQrmgYcQQxFW36KyygS6dYVac3J+UD/t/WRYLgsaZ+Tq5iNQbXq8ZZaPnlnKZPZn56atO7Y8BLb1B2nsDLps3+6+eXZkyZNWrD9BFpF7Zk9acEPB5fAkpUnL9iqDmXYH2PakWQoE8MMM+wuMF3OX8qtD8PVolx/ziSqCXxAyqR+hh7g0xQ9JEgqAScYnCjXP7m+IGBjABGEn3/CNd7X3jqUUUxOmRLqvslujHgq2wwZgoPncjm4hOdWbX5w+sJSf/+nX58CQZLJZH88e+WfM5c8MusloOmHjx5fu/k9JZEEA63ilmSggAQthKMxPDehP+5IgIQgWw2YqQDuJop2qB+xg5VVf/8ACKRoLA6M0C0GaWCojBeItYOT8DyJasPklZPsrM/GeEnWw3mDsH0gohQKReiQR+etWrX5Qzjsyk17X1y9GaSI4PEtXbl11gsbHBTzw88XvGJg/rKNr79z0EYyTyxZvXPf5/s/+w4654kla6D3nlvz7sq39mzb82kgGOK8/qNfn4ZunLFwjbbBXRZUpAUEVd9wyuCJwqHPvnlh1UbokMn/fdYflNPpDHQIXNd9j8wFVXato/f+qfOkYPjSje4lK96Gjo3HlS++OU3zNSg4NJsUJN7X7OPwpwCuNJ5Idg/LEicndtlcmTphM9WwszXil2AsuXgkHZVk3SE3KqBhvAdlktCvaBpm5whl0m13oRzoVUKlgWn55J2mTK5O+teyoSXu/TvtJFYmXd+sXLJ9T5ev7cl/TUKrkDKZ+uSW/V3Mr0iuHLtafTTD/gDTjiRDmRhmmGF3h2kZbDQ5EIrXne5I1I8zUTQ8IRBJNCDFQMLqKRPW10iZ9A+UQyPLojfAbVImgGQWxc721/EzaYzGygQIUyabk8ORH89dO/jpV7lc/r39R//34VmlUj8Q2UQyZbY5/zF90dXOvqmzXgBuKkqBBx6dD0Ll6Wdeg43VCR9Urlt/3DoguUb1xZsE6CU4SHwsNHFIqwwMpDNZuKG8V7KqxcKtNOJ2WKJU3H6wWRlRDkdBWkxfuPq/z74OSmPmkrW/XO74+qcLOw4e/72z72qH6e29Rzu6TISLm/fyWx6vlExlPvr0y2QyteGdg9Crz67aWiwWD33+7dPPbzh+8pzZ7orElKUrN0HfPvnMem3zrveiIt/o9bZrxOAcP2DM5AsF+LB975FH56747PjJbbsOgjJ56PHFoEOOHPseS5Sr1zuWrnwbtNyOA8cemrH4oRmLcKy81rUJmg2NlELNPg5/CiQ52tZHYCJOqh5c4sgsvQ1QRtVaazhrybEk3BoniyrD6Nc1DVDttJrjTr+iaTDuETrEKwXazU6TU9BND+LR60TulMijsmKwUMsn7zhlcmLTpC709cLOp5EI0XlzXf109tU0ViaqRAHr3Dx10tTqoxn2B5h2JBnKxDDDDLtrTAsH59f+5qfztzaLpfQ7VkynTG59qUIqnaZZDn/WKRMn3+gdMOeT+5um3bnC7VImZTXfaFhpRZkkMznMTSsAuhmJJxlvsI/kQV38bcrsSY8vbuvs3X3g6PLX3wECCsLD7fFtfu/gpd/bzp6/es/k2Ste37J64zs+UQJx4vOHcrnc6+/s7zHbU3XiUurBxbqtdI338WMF0KxQJNbsjamPeCIJhzKTfFkFCAmQIuFIlHaj2ovRWBxY+/SFa956dz/nEU/8+JvgkTq7+gSPb8HLG15Y886zq9/t7rM/Mnv5S+veCYTCsbiy48BxEAOwPJPNPTxrOez++rYPnlm5BXp13subDn32bRyVwkA3tNIG+NxpoWDk9DhY720oq1IBNAyuDuTZdz/+svyNnbDknzOfmfLU83A3V7y1q8tkB535tylz3D7pyk3zB4e/gHt9/9S5q97c/sX3Z6GRyVTaF4y2Jo//AIDy7FannrDZGC/jqTEB0gDZXL467RhcOGgSSvBHlHFVcQHVB7KcYFvPdp1Ko/QDlQuMKeh/PBhHMMbsjJvkPB6vz+MTRTkuR5VcPq/GnwwhriTtjFfLJ+84ZUK2vbnTTsLfqZOWkMPKxMac2LNhwSQVemWi/WzYH2vakWQoE8MMM+yuMW2KGn+0kEikKmwtndNvXNMUDSvm/aMoE44X8GddnEljZWJnUdGVJgHKAb1rn7hSGxUAt4Ajj1+ZANcEtm1RYy3wRAEwmL9Nnv2P6QvT6bSdIJ9+5jVgrlveO3j2wrXr7V2vvvEOSJePjp3858zFD05f+PyqTUBPH5u3LBKNTXn6JV8gBB078myjgELVS5ry+G8MByepAUL65WMFypkm+C2UoF2IyZyaZ2sAiPj0havNNvKDw8c5wdNjtoEy2br7Y7dXTCRToEBY3nP81IXHFrx24JMTmWxu54HjcITn1uwAmvvhZz+8sGb7jIWrfzj9KxwwFk+Uhsgimn/Qns7kRJUrQJ9I8tiKmYwVuMeURPKmmYAP90+dN+fFDdCqh596MSBH7CQLMnXyU8+t3XbgwMdfAJm+d8qc7bsO3Dd1bjqdKRSKhUJVmuE7BhTvqxQlhHvabXWONVIftEe+qN8lkcriA6LbNg7geqm2cUSqwO2wq/U0tcoEAwe7a6HZDwHu+B2vTECNTHtz2b+mvtmGFqrKpGvSC/vViRTyhy1VysSYM/nzTDuSDGVimGGG3U1WQVmtBQb6BH+VE/ot61kFnDRyFmYkUH4bdqiIgU6Z2Lm6yqR/oOz1j6EAH1YmlRNNIMpq9eiaNdpGRSKNqJXF5bWzIvZZgkb2ONgeNdtPKpVeu2nHvY/M+e7s5Qemzf/l/NWBgbLTxS955XVgQvc/Og+o+dVrHQTF0Kzw5JLXgF5ns7kvv/splc6AdTuGZqKahJ32TsicCSgTtVqIfvlY4fYF4VBuX12xBOz2P0vWFYulafNXQVfc6Ozt6jF/9cMvMxevffKZ9U89+4bXJ/145kIqk92w80g4Gj9y/DTsde7iNVyYvJocl1Ek9IgEULANjlGG22FzedxSqFjqx+QS/s56/k2XMLZ3/80DZGcmi2YJJj2+GM7loLhX1m/PZrMhOZzOZH84dXbd1n2gRkC7wuADrQXj4aEZi45+cxqnIxt3908AyupcUJvplgeXg/X5AmN4bDGA2bPeGv8V9Dl5GCFyeLw+bIViiWA94xz8lfgZSs3HrV9dH3C//gLKZP8Lk548eAEvxHMmkyZNXfbVrxfa9k+dMbWiTGas3GnEmfy5ph1JhjIxzDDD7ibTxqwD+avUf2hemVTqyvO+Gg7iFURiScGNpjK0SbowHPWVCTBIbTHHUXFblQkl+DlhzGmRUMJQDZupNk6Ub/Za/vHYAsYtpVKp+S+tN9tdIE6Ag8K9ABpaKBSBOm94Z9+nx09W4kmUZIbzBWH39j7nyBOOArWE9tjETE0gb67wBHhz2SmUbKpB+ctBVR7A34I671R5G90gE3E6gxIJ6JcOI5srWOgRQggXsqRQTDNjoX04bMDOSvk8nLM4c/HqM79dHlSdeQ5/ddricGn3HSccnB/XrKxcyItrtt4zefb/PfFsXEk+tfQ1j8+fzmT+9+FZcSXxyOxlv9/oyOfz8BXGg5Vw3ffI3PnLNlarrz8M0Oxum6uPHKpIaGO8gq/u5AbcMrc/GgzHQY/p18Fdy5agN3QL4VAkL7rcgQYpOpoE1gYmYlyuniaCrjy5HWZSv7o+QOs6WFHLJ+9EZWI7tQw5dKkLsTI5sX3B1MmTHp6xwHZlbUWZnNiNcnO9+WubkZvrzzLtSDKUiWGGGXY3WSQ54rWrrJQiScRyqresZ+nhpDuNlYk3kBR86DVqLWVS99Uj2XRWLozbp0wAoExczBg4vRrtnem0kFb6lgeIzqC1dlb0iIHJTz2fVPP8vrXz0NW2buBwD0ybD4xz+rxl+N1/sVjM5nIVzidHUTFsqjVl4hzDVdQE8H5oeXR8fv8YfSRvo71a36p6CMcS9SivDqGI0mDLYCgCCly7JJcv4M50S0H4TNAC9koCDRCJxDa9sxcrk29++nXKnBVHjn2v3XecIDiR8YxoDIi07376TfSHWMFz7yNzE4lkNBa//9EFdsL192kLYETBSPjxl4s/nfntsXnL39lz+N9PPtNmcsAdgUtuphsnFg7ajWO78WDustENZBLcExCNlCDizGyxOMq9VrlToXC0es6kpOa0EIOtzFXqkEimYPD3jU+ZuIRbQfBm1xgi8rEvmZZP3kHKZAxmxJbcGaYdSYYyMcwww+4yy2pis+F3lhORfqjerJ7Jwz5cjXP7en2S4EMpelD9ipHKhKilTKLJko2R0rlmf/gxbrMykZyuGpy+rJb/yxeKtCdgcZC/Xrx+w0SAVRjbsAhB1A0W9jjYDrMTviqJZIXG7Tr01ZvvHtr07t4Hpy8sqI46DC9oSR5oFdhFkmOYDPn8IXzYnrHU34B9gZwxY5/50SGVyaGswZlmU8HWA2oPK1KcrwGdrUAtCdrUeNBNiegAtDifvzXo0Vv5YWIN5LWyHIQl3KD12w96fP6dB47TrPDm9v1LV2wCrozRZGNaBvQJjIRsNnvmSse2PYcJkv7HYwug5bFYPJPNhqPK3ybPfmHNdqeLnblwOTTmnzOXPjb35Ukzl+K2NZg1mhBAP9wwORysz8GgfL52xi2Hx6YfYEjDQaRg2MGBPpesjOj2h1HYeAlFGJVVxJUEHBxPl40T/qCMqqwKjcbGqIDGVTJxwYBpXgrCFVHcnerNNQYzlMmdYdqRZCgTwwwz7O6zCsMCPiBHk/mifoPGhlGzEEEFXq8YkoeUSSV9MIadHfHOGDiqNxgLhhu99q4HORy9fcrEzoiO4WvMF1E4tZP13OhzdtloHKVAcOKe/Yd37/vo7KUb8OHAkc8slEC6AyZS6CMYXzA8VP1w5GExcvn8x19+n83lGnitoEvjh0h8RZn0jlGZELyf94W0C/Oa99ZNApginLoZOdEYZZTxLOAWg6M2ALqFU+fcRgUcyuWuK5IH1Dh47RIglzfUGAkboxdIFoJ+eNbyXC6/edenTz33+uffnpmxcHUuX1j4yqYFr2x69rWt2o1vB8qo1lAAxAmm6XIkev+jC+6bOl/yBzjePee51elM5tQv529296nVb05f7zTd8/CsbC6fTKX/ARJXLc2pP+i4AX0oR+Onfr106XoXjPNOM6otOBGDARkIqriSFOW44I9QKJuFSIwvWXAF8OyQgiQFRgz+5qGkUFI1aIiN9uBHD8xEsE22DTbjvHdqPRPD/nKmHUmGMjHMMMPuPqv8tMJPb7E0cDuUCcV5sTJJZXIUPcKhoqJMysgbe4DgkYt/A4LeAKoyCbgb+pW1DIf6WleKZHmPr91M9thpkCJOHqXYwjTl7IXfd314CAzo2gcHP/7h1K/ddhZYb0iOlkZ7xQ7EThuTXRNwdpKX8GatKRM4CyilQHBEfQmgXM2/+i0jl6FSsVgUxBYZnhboRXJzvjrFUr9OUdQDsEdBqnvAskqstUtALmJlYnHpBe22D76YMmdFsViauWjF5Wudr765c9YLG+EZ8QdCnOCdPPtVoNEhOaKdaZlYlNW8C27/0OVAd3mlAMN50BxdPv/AtPn5fCGdycLfb05deGjGon8/+ez//Ptp+ArNW/jKBhCQW3YfAcUyfDQ0R9FMOc4GKCMPLuFSW8+Hhz7Ze+DIxevd7X1EMtUoTGisUCUKArTWRHB2ZmJS7an5J6S4JqHWmJBM5/BkZq+dqTzy7WYn3Aj9prUAl+MLhrV80lAmhrVu2pFkKBPDDDPs7rMK5HAMTZtUbdDYMBp7c7E8H43FBtX0wVbaB+Q4my8B3QRObGMkf7QAf+1cIJKsLUnKKIdsOV8o5QuFXB6ZFCmocwheu5OyOMg2k+N6L3G50/zz2Yud3X3jf4M7qJ4UWGkgWoCDA3m1uJDXSk1z8pKDE29aqX0ffQp0zeoSCE7KZhtNgLQAzNJyqicS0Gh86g7LGJRJOJ6EXYojdQhoxdRIZgm9F4nGItE4DIZMNrd2y95KyDKQs1fWbzv9y7nGYUXA3V9avRnXCmwAXDqwmToVLk+wyb4sFEtNkkUM4Is9Dgaa0WWvXf0dhsGOfZ/C3xkLV5Ocb/qCFRfbTU89u37q3FeLpdLRY9/Yna4DRz6HDb4/dQ7uznh4vxZwnGhMgUHeX2cwR2PxJ5aseuu9I7G48t/Fy31SwB8M/WP6Io9P+sdjCzx+OZfL/e/Ds1Zvej+TQbMuZspDqrmqYSR32+gbJoeFoCnVh61QRFkWsAeV/jQagFTotJCw+7GvvwcFfuLUuXgiqd+oClElCaqgtUfSxqA5E/3SlmAiUCIKnNOsBeTUmSj40GVzWSgBP312xu2RGj0IFZRVzzQtnzSUiWGtm3YkGcrEMMMMu/usAsaL8sAW+/UbNDaMBi40ACflwjUBlQRK0gVnGSgPKkoyGFEE/yhlMdKZTIeFtNN1hQGl+nyfPnvxp5/PnTpz/nqnqd1EtPaqFegTEGXCxfXZSZPjVh4enYHwMJFCt52xuQTe5wcK3kcgdotbAqYLa54QCF6R4P20Gx25NWXCCqKzqi5EoVAIx29pg16L/aHHn1n51u6X178778V1wFbFYATv4vZKnFvcc+CTQ599UywWCYr5+fy1brMDVgWCMtBf0DM0yw+iKY4SJrqVw9YE0EQKBZqPHkVAVGVtqgefXx7ttCNgdwlWl+fXi9esztrKpIKi6hz10vp3Dx79dsrs5XuPHN/6wRcbdx757zPrj393GvTDY/NXfvjxVy+t39nWZXVQNUKSxgQUM80IZBOpaaFVwJsXL3vj2VWbX9/24cYdBx6YNh+E8ZlzV55+dl02l+O8/k7zrRqINQ3EQ5+T67RSSIRTQkAGWZSoKNL+/oFgOGZVR93ZC79fvNr+45nzotTsTeFEedTBUBME5yW5cUWGVGCnUMkaEK76Fc2hv78fPyaZbO6mbeh/BnjS25vO0AUPmpZPGsrEsNZNO5IMZWKYYYbdZVaJgC9rih72D6D67nJi9PTBsuocAfvy3kbvDrEygc3E4FD64EGN28bIbUcACF9bH1Fxn2hgJqcAygSLE7Azv13meHexOSJSVqPYg7EiSKBuq5PgkN9U9SkIXjLZyRsmR7vZKUihvJrPF++Li4hj6yXY1t4QVwBHVesMjuiZuJIg3QEziai/w4VoFqUWB9Ru0xgk6wECquvwCuXCWLlhx/+qsQqpTHbSjEWFYvH02fPRWCyRTD785LMP//e5JxavOPT5tyAX/2/mkodmLH7o8cXRWHzvx98c++bU9Hmv/Os/SxKJJBDzXR99mU5n8oVCg4mjRDIFl9CvLflZC9APQbnZchYOTqp7vlroMjt+/Pn8p8e/I2hBv64W4kpy+96Pp85d2dbZO3PxOpBVa9/eDSQehNnarfvhiqbMWbF01fYnnlk/zhh0nOW2ybKYZbVCfDgaP/XL+c3vH77vkbmFQnHDzoPfnvotn8+7PIGb6viE8eNUlXP12MZGqkkaYPz3UZ4em6u9j+iyUqwvZHUJPfYhOg4bdDvYZDrT+MnVgqrSw00C6fwJmjOxqsFgzTsu6gB3U46h1zDwYFpIvtJjJoJr8tJgMy2fNJSJYa2bdiQZysQwwwy7mwx0RWGYuudy+UqEtxblIQmBLJJEVtk9gWrEDcZSyCOrwc8zrCBIVyqLOKrXJ7nFEXEO9QB81EGjImsVEqASJq+VIMFu9NpBIdzoI9rNFFinhbQ56YtXbly4fJ1gPE5OvNZjx0zrhomQI7H+kSwfWlsolnL5AsO720yElfFV0zVYAmc0U952M2knGeTxUusadbIEeFvLHiMVwLUD9Y/GFK23DDSYQoHaiKpaHOiM8NlCjp4FFcs/AOpMzgNKAGgWaDY4YEH1jhMkORpXXCzv8Yd2f/TFfVPnHf/hTDgSxQU9Vm963+2Vtu/af/wHRHMtdnLN5l3wwR+UAyF596HPP/769Pqte0//egk2P3Dks4OfHLtyo2vLno9z+TylvozvsTMoWRnjzuTy2qxWUiBMDJfQaQDWJ9fs+ZqomeqtHuDUOz74GEcHcb5Gk341wXqkuS9tfGTOSujDDTsOR2JKUI5s23s0m81+9tWPkhx77a1dTz//5tyX3tJOIsHw8NavLFmBnUFxEUxDwV8Tpf7+YEh+cslr902dC3cZp7fCBmJDSSRhg0AobHIwILDb+pw9DlaNmJIaixZsFsrd46BhtMBV4Fs56p1BA49tsb4htId2j+GGNgDBoknXeq5xzUCS4/iDGIxo+wTn9W4GWj5pKBPDWjftSDKUiWGGGXY3WUTjJZ7M5Kqj2IF2KKmilnzA58ruGEAuPYG6MceDI5RJuZKkqzFgS06UK/7cpNvfS3DAihifEooiA4KVSKZSQHWLt+pFltVyEEBlbOSI4oZ9TtbJejCLUv+WPT6pw0J1WQg4po57YXPy/k4r1WWjg5F4vliXfMGhxIAMxG54L6nDTI5O1ppDeaSPHI7KsKopcc0aZTIsHWsA9APIA1GOe6WAxwtM199jpy0kZ3ayN60g56heG/prpX3dDhTE4vWH44nUrsMn7pk8a9Yzq12CCNR28/uHLrX1vLhmi4Wgi8Wi2ye9uHYbSJbFr7z5n4XL/2/m4tPnfwdl0tFHwNqDH3+x78ixy9dvHvrsm4LqrIWNFKDlHuhzuBegZ3DkAyP4CG50ZdKg4k01pCbi6SsA6XXs6x937/sIjPM265ukhZJIfPHDbzElufDVraBPrnT2dZkdsbgy56W3QAFe7+zj3d49h7+mWeG7ny/DBiBPfP7QL5fa9QeqAo6LwLENrWHfkS+ga6WgXLkLoEa0vQ03KJnOhiJxEPOgz0GBd9sZa0O3SQcLWl3oJdhuK9xKRvD4QPk0lihlNS2VdgmOaNEuqYmymtDZLU1ArgUAyaOHdDzKxBccmriLJ1C8VsUSyWbvkZZPGsrEsNZNO5IMZWKYYYbdTab1o/HJGZfn1gtaRUmC5OC8wUKxPxCKgmixsRLBB+RwPBgfCITirE/GebRG/bEHhgHKBL8zZrihUPh6gG2sLjcQIHL4h7/d7MzmC6OeRQs4k5Vw6UgVwUsWUrDVmh6h1LfFNgI52Qs+uOSh98H6444EXBDQeqfG7wvYpBpMXK7YqAdpDO0s1oCayQra2efkhhPdiqCduu00/DVTXoJDfjhD77+xCX78IhyEgf6Sa5kkx0BdgJjJ5nKBUPj+R+fncvnjP/z23gcfVeZMRH/wyUXLt+795Nzl66lU+uDRE6BD1m3Zc7mzL5vNHvz480OffHH4+E+fn/gpk8lYXDV6G5d2gdaimusuN4jMBg5d0H/aYTmxgC692m7ae+CInfG17OczqA5aNf3a4Ktv7oSvR778aebiNYSLX7Jy29KV22YsXO0LhP/73Burt+yLxROrNu3NjRajj0k5NT4mXUHFESs0WsmRMko1MVAolkDyg4B0kHRbn9PB1i0Vqt5NNMawA1iXleqwkPBXkEIlNQ3YIJojKiSHS9/A8ec8t+bv0+b/33+WBkMo+KS92/zBx1+PaMQw4O7AUInGNZFwo8HJB8BCcgS5EWqevkp/jud5rOgrOHIl0Ausrelqp1o+aSgTw1o37UgylIlhhhl2N5n2Z9rJ+0GBwK85SBQ768+hAAH9r7isDIIswVa1si6wIAGe0T9QroTC1wRs2THSM8rmpKub0Qxw9WgL7UPZhGivjpojsq7604PsoWgunhqmUU0DWqV14qocFouBioEcAv4NW4KW6DCTLsGXSKXzQP005eSqjwyAdcVSP+MNiVLQQiIpYqlfS76xqcpkyFGHGBYthHr5oGfAQNj02Jm2PoL3+Xd/9MXfJs8OhaPRmILz0t7sMb+4ZgtQ1QcenT/pcZSa9vH5y1iP9PdpCx6cvnDqnGVnL157YvEKkwNFkL/5zoeHj365euM7v1z4HV8OaDy3JNtIBggrnEtXgLLSwptWF8V5i8WS9j5AP4hybNR8yi0jnsz8fP7qnv2HzaQwhgFdH1k1ZBzItJXkbpoc73xw9Ng3Pz789PJMNvfY/Nfgcr74+qfJs15F9UYFPyhw9XpraA91fszvoLiJaBRKSIC9InvtdJNpc+EugMZu14R4wQd4lLDw6LbRDrb2rdTeUxSRYmdMTgFGb5uJyOVy3//0y5NL18Ilg/SF8cPy7t1HvvrtSu0ZpH4kxf2jqrhqlFV9FYnG4akneD9cu41BTa0OshoTtOkH0XAdvtKeOlndqqHlk4YyMax1044kQ5kYZphhd5NpYWNEf0jhpTDBSZlcjcDxTH5or1jqlgNVMxhSJuWykkaTJ6lM3Z2BsYNAwr/38KHHTjd4m94YWJnARQHHIhi3NtEWMBXQP1YHSbKeZFqNlRk7okqi4sTVjBGc3854rS5Pl53tsVG9dpeV4t1eUZLjINXyKoqqw3o4nhSDETvt7rK5ehysxeW2q2W2mze4ajCTk8cGFwvW7WBtjPdajx1kktlOmp2cmRK8UtAXkEPReFSBnsgBZYR/X1m37fEFrzy1dOU/n3geeo/kfU89uw5u4lffn31v38cmKwFdB1+vdfRe+L2DpDma97Z3mXE648vXOzu6ej478VOfxa7rsUw2C+e60evotLpqugxB5/TYXU7OV2GPcPdpd3BCNENNhGOJk79cAGXS7eDGw1krgEFb+QyDef7LG55YsgaMZoUPPvkGFs596a3nVr0Neo9S546crMfFeavFiRiKUoIf5JxueWuAS+shUNA2morkmgood/EijFJUNH347vQSLA4TUpIp6DeXILabHCBUTARnrZ9QGxtKq814E8nkq2+8e629Sw5Hstns/Y/O+/z4dyvf2Hq9/ab+9Crg7rvF4DgTCUDf5nL5WCIDvW1nG4XDjQqts2vvcC4+9eqaFTxaPvnHKRMDdx+0I8lQJoYZZthdYzitFgb86KbSmUKdN7jws4uLnMAuLSgF+Nl2MahYsgJsnnQ1cFDBvvX4dXI2O+QB0hrUF67oUPgrnD2TzQXCMeDfzXhqVYCmL5Bf1gDwpHQ6I4ejvCSDtrEzaAYDvUi2UtdNxHWUa9WtmzDRTlbUM7wB2p5H75jxe+iau6jd4rlpQadrN5MUip/hbC53JJ7K5gv5QhEMBbWX+ksoxh3NyAxNypTLiWQauhRIv/7y6gDXjan0EnxgfSFlZNkTSY7QnqAgNlWaXQvUpeVyroAq0lw3OaDfdNcLndAOykkM+wJRyj0xYQY1QXvUzuelzqZzvzYAdH5E0c8Hwm0oFksu3idH0Tzj44vXkoyb9aKqMrQbvc5Xrx19cLn9cSWJuxyEpZPzxhKjV3oBCP5IOjvKxALjHtIYZpJvMDsItwbkus01FN+ljrpAh5l0+9GY1289iNNjoKejWEIOYLQHxVndMBE3rS6zy6u9rTBUpGD40Tkv+0NR2huMxJP5Qgn2vW/qvJiS/OrH8w9OX/TQjEWPzHoBRu6aLfu/OvnrTYtTSaJIsmwORmNRkEIuVCdUdqMPEvQP/K8FpqRGf7mgOob5bbSn7pU3Ae2cCecb8WBCCzUb1oWWTxrKxEDr0I4kQ5kYZphhd43lC7deRlbyBVdjQBPy3jyh1wIFSNBImQSCIezWpd9CBWyAHZZ6iNHzTY0KOJoNVX0O6E5XHg4W70diA6WoAkKvJJJgUiBMsUKfk7W6ULZWK41iJFRD/Az7g2EiW2EkNvqWF5BK0UZYMJoolfqBXLG+4E0r1W4hgbeB+qqEguCDVGzosMNnQc5sjNfkYIGmE6wPRzLgS+iwIkeyHjvN+5oi7t6ADEdjPXXvcmPgd/yZkX41HvWYQqsByviY+TwqEgL3AoRTr4PROQjBZ1joCYTrjZnmAbcppE34oKJ7uDBF70QMOSc3ShgDrA2GwvBX0iRBhq/+UASuEl84/AXxQAl+HtUA0excH8DO46Ox8zLKzDY0xecV9cMATgTaBoSrmRzKRo1b0mV1JTPoyLB7SI6OaQITjkly8ARJcGkWigcB75FC0+Yu8/pltz+SSGXiiTQM6XsmzwIN/D//fpr3+KEf/rv0NZBn9z4y96nn1pudzD2TZ09+6vkHps1/6PHF0MJoInXy7CUn45GjSrHYn87kQRKkMzmUB6MhYPzIctTfdO7pmnBpHh9ZLYJZ6Ss77dZsOALovwUUhjQA/89o+aShTAy0Du1IMpSJYYYZdtdY5c0p5kYj/uPTQMnc2qVJqqRDRZn4RAm7dem3UAG8B//YN++33Rjqy3hULqOiRvL5vKIkkUBySxTnpVQnE/uwEWjWQj9ZgUP/wYC0AWXsIYTrJgde1evkdPXUdQhFE1qqCuwEVAqQKtrjB07c1ue0unygMeB6sUGDHawPuDgsvNFHwBIGvV1OZEa+EYdjYmUCfwNVbLsmQJNA3wpiiyoiHE9CT+poN+NGaqplZVJ9TDmWaDeTlTJ2FTM5eRvt1p19rCgU+6EjdQvhFuBTmClet6oFOJimsnvBMMhWFZcEeu3kRKRJhq+adgdyuUIz19yMMgF0D8fB37RQ2r6Ej0oq02VzWV2eytmtLqHDQmonbUBjB+QoiIDmixU6UT4G71AZkP6BVDrzwuq3ey0OOMKZSzfeO/QlHAsXz/l//3rq308+N3Phq5MeXxxTEqBMPj1xOl8ogTJhBN/uw1/fO2UONOCrUxdAyTwwbeEb7+yH8bB+694bXeaDn5+MKegpGBhAeQgqM6LwFX1RNS0sAQ2TTGexxMVziXh58+OK893KxAB30KlRJjett8oKVf63gf8cMrmCiGSnu0/Nhvf/sfcefk5U+/v4X/W9dr3XexWUoliQ3gVsFGkiCCIqqHSpohRBBRGll6UJLGzf9D4lbdLbJJO+m/ze55zd7GQymc0Grp8f3nle7xdkp545cyZ5njnvIuaTqjJR0TzEI0lVJqqpptrfxiqIROIK76TFymQk70yHAPTAakdig3W5iUSRboGhsw7QMiD00nVNwUIhNyFsiJeTg5PPxHR2j97h7TVRwBvsjNMfCCf4JLClQqGIQtSJR9Qgyog+ZlAw/SBdltQtSeJMuOIlTn+s3sWWMSsyOFDO3ArgbFZnkHyWbi0CrAXRYsVJgXihIZ83K4vel/tCSlnRFAD6zYKK5VUttLNozsc7kiy9YuitbO0xy/jq0Ntlo73HNPT+3opdvNq0FhPlrqdslRHjgSVW3S84TCXdgiStbRMoIYe34bsCNnP6Igr+VDDsdChhg8/iHJhCIW5LelSrntVaaIeLA7ILIoEXMqg0TX8/yOZYEtU9VO4Y4MeVzuzU22BreNBg5HcZKfHrf5QZz+Hsl2uikXJ7gyMYQiCzQWtVZFgJX92oiQuenzD3+dfeFjJI5oAygYVEn8BzF40n8/nCc6/Mau3Sg5YAiZLJFk6cvfbUy9PgSkGfRGJJNxd8ZuwM9OfL01xckHH7n4Y/+/r/+crsfcd+X//1gcnzV8FD/Oz4me+s2vzCmwtv3e8Nx3j4c8YH654ZNyMlZNZu+ra1UyNkc3t/PH3qwg0YVHDJxGys14lmdZCFwtGEkCGG3Ml8YWgqMVAdlblTsHu95vsaS2uvCVRft4km6QFqPTPFfFJVJiqah3gkqcpENdVU+3uYmKSZaKV3vWJlIg5NaRzA8okyoRkn+SALlhsovOAPjjh0QRa5XN7kQOLE5QsLQhqLjX5EuZQZXDWAJ702a0kskYRdK9mxeszOYlH65hh4noQ0W+i66W5tzoCJkuHlNqf8tZMXsdB+7BZS1OGkpXd7zQ3mrSJRMXx1oEjjgNOZaGlxQKJ2gtERJHUVA9RO7THFgOsNxZJdRlRhQ5xazUh772vMSQGEBgpUkO5WB96gtJ1ws3rNSPzACEk0mwiBAJrhi/DKE2gE0ObaqkFi9KGICFRgEQZqPJHUWhjQJLAL6BMzco4aUtqE8uJ/hxwCK2ZCesajc3jByHSfOLebBYdyVf4kS9DMoeLclBbX0mkQJVxgUWdl6731EDLIF8tqR3503Vrjv1+f989X50x/f106k3158juhKCrm+J/X58Hzuu7rfc+OnxWN8yAzjp4898acD8dOfQ+ehWfHzYBnAQ7y9Jjp0FcTZi2BP0FCtPYYj5++smLDdtrptdjZJ1+eCpqH9fhpJ7do7Zb7vabVX+xo7dDAxnuP/nb64i2nv6pyYlW3VKymn2s3ljXLQBQZEipiPqkqExXNQzySVGWimmqq/T1MzD+UqZJYmQSl7G4YlPA8gIfz4XomJbuDVlAmoAEIAaVcSu35iwE86a35HyVTAmgbmytA2EaXwS7djiiT6hfN5jrKBLrFwvhlnePrKZNALMVyUZszaGUDejuqmQjNuNNjUuCRYuhxLqw0zmnbBEyUF2irZCEpXde8MpE7Zi2gSx1uf7dxKBWSFSU647oMjk6D3R+ON9gDrFc6oQGMmXQLdKbLHxUyeSz/JFs1BJATDldIbppBinAkLhtKXkEilYYmpYQhDQmCJ5PNocCMZDoU47lQjPYEgeZqrc4eM621sqBYoDPNjIfckeasQ2ezOznl+SidvdEMCmU8yOE2UW5/vWMynoD4EdCa7Hc7tEkhncnkXpu1BCQcXDVIFDjO4jWb/v3a3EKh8Nwrs2E5SJpwDJV3fHb8TPicFDJPozB6fuK8ZZlcAfRGvtD33Y+nHntx0uOjp4A9NWYa9N6LExfA53+8OAkpk88bVSZNm5nxwq2BG9Sms7b2WmAAw59iPqkqExXNQzySVGWimmqq/Q0sJCKTQBt8AaWi7ECMxPuSig2NACjF+cs3zl28drNdc6OtFz50dGnsFCPdbhClwQj4zocUZ/LgIFQVaOLbSz6ZuGBNLp/vNrMgS2S5VkrIiblpsdhvpkfsI1QvVgFHyxCgO0KUSafeTmaAlCl1CfvVwPYFPGmE5o1EabvQ/oqA1XA6rUV64yw4otrpixSLI8h1RgCbo9f2NcesBzh+Usje05h7zUORGNaBN/2eVo3ZH4oVamaxxDDXTAzmCkVyEBPDQccAnQ3HBU8wDrfARPng3vlD8VhSwC59kl2lCMdTOpuS3qhAT3EgMKRLRcAp2hrNQktgoDhg3pW7ieIr8F2G+wIG3ZLHaR6y+YKkJI7OxrZprXbWG8c5o6XHrQYc2TqY6a4RwPapdE5hHklvR2EtClcK/Z7Hc7tuLninUwcfjp++jDzBJsz9ZPO3cF3/enV2GTuLgkSBC3zy5alYwgljp35w8ca9SQs+ggvP5vIezv/67KUO2gVCaPoHn4Iymb1kw59tPalMbsOWA6cu3CSlS2utXWttGzSQFhUjLRebCSUit9hYL+MNwEBFHqFFVJmHoHJFYj6pKhMVzUM8klRloppqqv0NLJYa+rFEyXAVSUmxWpk0FnGNAL/Ol1tuebxcNpdz0KwnED57/irDuqTbiUB4Z4+ZqU9X/lJcudWWTAl8MsU43U+9PM3JhXyhqCS8pAKJMgFWZHp4ykSMPCrDh/iQxuJiUGrdOLaYP8wTC0T4KJ+uGC9kTTSaZgFGZWY8YA6XH4xy+VkuCOYNRMC4YDQYTYRiiUic55NpsEwuB5ZDc1k+R00khhkrEzPjBx7PctFQLJlAEcZVVKweiDKhRxiRD/ybdg8QQQkv7DJRoBg99bN4QSMlS9KZLNldZ3ORJmOBh9Io8akM9CHtCVtY5HQ3bNEb2h1kauZkZGGkOGVtb0CZrNjhe1AEI+1rJHMuXFo3zsptxYqu02CzolzGCbhjICB4xWssoeCfIuWRn9CTRT+qjZNG8fJ1hCtcqdXpq00GUItsfqD+JhzrXMvdP+/3pFD+7sicJZ+W8TfYv1+bC6ebvGDl4rXfzF+2Ye3mPbDBU2Om7zn0y9pNu479em7Dlu8Wrvj85NnroGHatead3x1bu3nv3Y7eF95ceObKbTQ/k8sTi/GpaCJJzIfTeRFjvQFijCfQJSqONDgCvZWoNGnrRRDzSVWZqGge4pGkKhPVVFPtb2CVfMHwO+ryD5MMNC6UJLs3CEFIezkU4a230k4X8gO5fP1Oe2evdDsReiwDhRQ0No+R5gLIV0e6zV+JXr3l/73wFrB24D1Ot/fJl6cBH6pHPiTKJJsvmCgpmx8WwxamKKNiIwXSS6Au6jWmWOwfNJQgyIICDzidzUnM4PCAwRLs/t6Qx3xtw8g8TEXWkhOF44LVGTQ4OIcr5OSiCfIuv3rHMvLcQ/MVyhxdFrkCuvZwlDfRnjatVWutCpawoiqT7jathXb7kums+MR0Dau24TgZ6JkO7VBipVr0oYLlw7BnIyVT0QLpnOolyLNRMWEAMGOL0x+KxKUrHgbacT43cslMtcMk3CLGG5S5T2iwFW2ugM3pC8cbKq5SwVe7j85d9uWYactGTV586MQFyVo4YyZXyKDiomQOT+7cg7DBlxRO8FVBOp0tKn5rEbi8vkQylUWlfooo5sThBOEBwhtWtXXr73XqfIFQNN7wN9og4F5LqqzCn8qXQCDmk6oyUdE8xCNJVSaqqaba38AqP6GFYh+uiyz+zpOidnc+rbzHALK53J9323z+4IUrN2jWySdTZy60uDxKQbSgkfQO9JPfa6YNdrbY1xcKx6CFDBcScF2FvxJAmByM02Slnnxp6uK13+Tz+QSfXPHZzkxWfooJ1TcUvbBPZXJNKJNGkMGVQMC4UKSROwGiAlF2+0BQB5kZqAVxAUJB9tgLCBVtLKDyeXobyiJQqjkTUSaZ6iInFZSwWxEMsGhcsDkD2EXKDx/iKQFO4QmE4ZiNBGaIAccElSjeET6k0tnWXuTlJc6VRPi3zua6p7Wk0hlohj8szd7Ap9OZbMHKeNtEKV9rEYolldvZj9JtyRTKAGHtcPtINUCQ2SYalVNUOBRcHbTZMkJXrgbBeALEAxDM5pRxPNPavWLPK3j0XL4wzkecHt6bTQ6bdh8jYSQlfGniVYVi8c23P35l1oqx05eNn7li9OQlRist3kACaLykFAmqFNRY7gc4Mw7EZ6QrHgwdepuqTFT8n0E8klRloppqqv0NrIKUkFYOfy+JyixWDKhaIz/DQB3OXmghxjpdFy5fb+/R+/zyQeEEcFiSyBVYVJsWleWGJYKQpt0Byq2040MBYueDL2ILhcKWvUdOnLmSLxT+88bCx0dPicQS/kAonpCGuVcAtD6RyqCi1bkiWDyZMdgRh0aG4zoqVoH0EI2hokyC0YbmlGK8ABsDP5OuaADJNFyFW2eTKSRHwsfrKZMKoIX9uLZDPJl2+6MWNmB1Bs3Yu2ykPQA9aaI8tSwQmC7lRgUKQZ9U+Dcxg8PTrrfBKrcfTXyR7WH3a3c69x45GYgkogkBKLj4aBJ4QwnldhYKfUm53M0lUmKv2J/NF1KpdIxP+SO8wpFQTmora3AouTs2B2hJhUnDKWRjP0A18aKw+3giZXcFYKTVb+8wWP7ZtweOn7nd1tujs0qSPcBTtuXAL0d/vXT26t0vdx6eMGdVRDGPgpMLu/1V98gbanRaCcYMKjzCKr0QaQKsdyAZhqpMVPwfQDySVGWimmqqPeqWEIZ+QUGWRHlB9IUnhZCr2hd+5oUMCjvJ5ZWijSso4dfzLrcXrFAoOmiG8w0zjQA0mpBLC+tP8A0HtTwMON2+ifOWQ5stNuqpMTNMNub51+bdbOstFou9essTL01xeaSxCmKAMkln82CpDFgukcwQi8RSgXCyYlww4fRFsMm8aG8E/kiCiDdxITwFcMEo2p5uRplocORPRM6Tx+BAyqReXIcCgBkbKW9lDqdxJIWM3uYCsSFdIUIilYY2dxocJFGy2OCMnXp7OpO73drx8qQFOqP1uVfm6swO5UsYNo0B5Qk1wkqHBXEQcvukXmcPDiOF7hQYyH5Qs9LVGOmRlFBsBDA44Qm626E919IajUsf5KSQnrd807gZy3uMMmnuJPAE41Zn1YuJvsYmTAC+UMyKcj88zEsr4282cVlMVZmo+EshHkmqMlFNNdUedRP/gMLvvTIt6+vrr+yYyiA2UML+XeLsXvUA7OH85et4zuRqR5cGTmS22uMNeHV3DwaYdvy1SbpAd/3njYUmi+OLHYff/3jLnqNnLrbcxbXe0BvxYZkHKJN8QT44/uHC4UaFX0CZpGpiP2RBuVCZQrd/xJS3H9XWQKUYav15SoPeXMrjRxapdBZUTY8JFbIYEYgrl5UZ/v13CU9/hSKJOz0mI56fqZDITDbf2q554fV58KGj1/jlrkP1JsEIakPnJWgkacGwgB42ocJ8nNgh8MEBFxaO8eTytXaPckTZw8W7H3392pyPJr3zybT3P5XEhMDdmf7BhglzPpq5eKPDyQ3bKn+ENzHD6ENZZHMFvd0FVjN+HwLE0yaqMlHxl0I8klRloppqqj3SFhekFEH8Zy1Kg95cIEUqHhkhvqGSi17Od6u102i2Xbl5D/RJPp83WWyJxPB70q6BgAG93T1sCx8iEnxyyZqvVn/+bSiaiMST/3ljfkoQ/v3a3A1f7RbXl6iHvv5SSmhIKjwgjNRA6LaQkUZdy8LMeA0OTygmfW89LHhcW0Nnc9behBKuo4dDPoahlbUIROLA5PR2VrpiONA4WIJyNaoEoJECivZxdxkcWiuKlrG5UA2NdCb33PiZ567ehrX+QBgkdDCSCIRiNVeJYFRUJqXhCpU2iEwWxQJBlz7cAQ+iGuXgwk8TcY/8yzBn6ecgP1Zu3P3q7JXSdXj668zl25/tOPz63NXbvvvFwSrNg8HQba6TKbfPRHuamJ1rBCRnnapMVPwfQDySVGWimmqqPdJW7Bv+51MCsmMkObyMkeDilRsl5GffpzOYOnUWvz9ottpyw4UllPHchRYXqIYf/mRaxoP/4YJcF/CMZ8bNdLo8T748LRKJwUL48NWeY/OXbVR+p14BisauUSalmgRNnRpzKBKrXlaFHr2N5ZSCarr0aE4JxEaD7jcGh7vXzAz7ZroWepvLRHPhqIyYFCmThjpHDI2FsbD+EE6RNCIQ/7Fhc/jWAwgt0CTHf79qoTyZbP6teSs2bj1Q7Os7fvL38dM+WL1pz+wln8WTgpDOFkQd6/AoRaEUi/1Nt0cMuwsRXPvDDoeohJfAhyY05INg4/bDH366K5vLb9pzTLquXP5i59H3Pt4yb9mXb85fM37mijfmrZZuIUKMTxnpYRJ1yILknXsoN6gWMHIqysRIe/mkklssgZhPqspERfMQjyRVmaimmmqPrjXiglWLWAplDa4kGm4cTpfX6Q0UCoXzl5BPF59MgTJpRN7ANhorSh8MP/z8fznUBDjotPfW9WgMCT45dup70NqObu1z42d5fX7UYDvbOJ+TVSa/X7ixYesPlT9BHpgp9417mjK+TJBDpENIzQfiNGVyuFycUqGPOz0mPJXRaKi0ifLSbn8DHV+FEk4VZa7zMriEK3ybFJNN1QMpVNegrBLDSDUTNy/Bv16d/fSY6fFUKhLjHx895dyVW0+NmSZkctlc4bFRk9d8uevYqUvfHf8jmc5MnLds76GTfbjGpfQog2C5yIj8r3CGLh8Xikr6DZg3CNImOlMBKSFN8pWh56iBgicPFx29RofL9+rslZ/tOCxdVy4nkqlkKp0U0vlCQbmHAalUWu/wmhkv9JKR4kyMn/IEg+FoJlfoJymH5faGpUgzUP+VCZNytTIx0V7WO7y/mZhPqspERfMQjyRVmaimmmqPrjXiglULUs9E9rdfGcViEVVCLvZduXnPRrHRWMzmoORJRDVgm24ceA0//P+NIPi0qLLkln0/gg5xe33ZbO5fr87BqYH5x0ZNWvfV3nID3m5iyCqTFRt2vTp7FZE38O9Xe4599/P58y2tuXz+wtXbb6/Y3NGtyeWLX+48cv7avX1Hf4dtTp67/uf9XtRvt9pZj8zkyd1eokxk8mXJArrR7Q+P5FIQYgmU0QtIoXQFBlEmcGQnF40kBKCXdfihDIg3WoNZX8WA02FlIl0+Ily9cWfUmwsO/Pjr/qO/Tpix+LsfTz358tR0OpfJ5kGZbN75/fL139zrMoBQAQHz+bb997sMt+71eKtzQ1Xg8qPpNenS+oDDRuK8zeUHC8d4QsrhMbGwfm9gxPdIGU4uSHgzDJXaSKGHDtIPILbbug3pLPQnqtEJfF023zdse+LMta/2Ht9//Oyw4ezZfAEECTxf8CGeFPwR3hWIUu6AgfJBN8IH+DMMWjOVLoiqOgYjKPbd4PivKZNilTKxKzqkEYj5pKpMVDQP8UhSlYlqqqn26FpzyiSXR0HwTRCbe23dHV0anZVu15h8/kAgGHK6GnWj7zDQsspEPIPR2JGkAL70jxfeOnDs9xLyNCtSjPM/r8+DD3DkuUs2TF7w0ZwlG85fvU01wDMkAOZUieWotG3CnFWXbty/cuNesa//yG9X2npN/mDkwI9/zFz02cLln4EmGT9zRSSenLTwk1A0ue27kw4n9+b8NT/8fO7jzftZj2/igrVJIRuMJYFgGRweXygG1FbI5OBEtDeEC4+gmQeFrsgXkDd8XDEDmyyMDpepfjovlIyV4UBjlPDMTzQh0O6gwc5ZaD9oFT6VQUJFrlUlMhXDjHjqY7Be5EMgmiXkU2e6drs9k8l39hieHTdTSGdb/ux4dfqicCzx9NjpcK5EUnjhjbcdrOfVmUumLvxo7abd3Trrqs+2gRVx1l1o/8df7m4wSZ0s8oViMJoEbq13NBmxI4bNFZB0aY8JPUSIN//X5g3EMNIo/zj05LXbHXbatWjttlGTl4yatHjusi+lm5bLF2+2n7vWuu3AL0Yr/c1eGXcvMUC/KSc3L+MZDJBDoE+gP1kfaLyS0eE0UN6gnC/igwD6GPSP3ekjvoUVZQJfdDbWozzrJeaTqjJR0TzEI0lVJqqpptqja8l0M9SHpOfqU/zFlcX5S9fOnL9aMRAnbre8a1AtZJUJULeDP/1BjgD/BkJK5bTroVAo/uPFSU++NNXNBfL5PAiVJ16aCv/CwcOR2FNjZrwy/QP4s8F2itFfKgEN6uvvTwppbzDiCcTS6fyEOR+FY8n3Vn8Nyz/ffojx+IV07uNNB16ZtXLjtkMgM1AxB6xMUkLuh5MXaZcPlMnhXy9u3Xf8pz9aQK6gt+yJFPQG8C3gwZlsfvv+n1AYdzZnsbPt3cZEMuMNRPhUWnYWIp3JQTem5N5bK6CE69NpzIx0xSCAgcFhxRHbJZwhOp5M056wkQLt4Xf6QKJkJdUz+nC+L1BZI+1hkApox4cUzQzdmMkV+GS6UCxu2/vjC2/Of3b87Ct/tsEweAaUSSZvcThfn71EyGT/PWFOnE/B8olzl/1rwtzJC1ftOHAcOt9Gu54dN2PY9/3KKOGRrLe7HvzVvrGau+PUzCRvsi8QVoprelgg4oEMgxLOjQYDUmdlegw26abl8o+nr6Yz2Za73al0ds2mfdLV1YDBZgIpK10sgxLeGESa0xcB2Qxnz4gmSB8cmVze4fLprKy1umwOMbiJNlppJlPMJ1VloqJ5iEeSqkxUU021R9eaUyZlHAQfacqpitAUO0VfunLT6fZ4OX8olpQ1fzgeCIaJeXzBTuOAMqHc/kJhwJscSOT/e+GtH0+eR35ixeJjoyZLXPzhXM+/Nvf8tbtnr/x59c+2Z8fPXPX5bvEGwJZyuRzs6A+Enxk3Y8LMJbl84dad9rlLNiQw+wStksvnGS9Ky2uwOX2huOxL0BIucA77RuI8tJz2BPCchtuMEr8ijyMkBoQsEN/RU5ZMfXfNzEWfeXyhyzfbzlz+0+MPz1/++bK1m6a8uz6by78ya0U4mnhr4Vpo25FTl53e4OjJi0GZtNzpjPPC6/NWkxAUXJ29b/6yjc+MnfH4qMlvzF46/Z1V/3593qS3V/KpTOWkZgaRfmgJ4w4EoHGpdDiWgOWStK3DAvaEHkjW1zP9WGAo5JJCXVQqgYIKxVKMN2xlAxYm4AnE/WHewvo1lrqapx6cHuSbpLM5GTgKDOV64QUNAAQeCcDQ2ViyJA+DbDDu5fkJ8w4e/2PUW+9qDTYYZk+PmQbbw4WcOHt9/5FfNUYHjBwvF9h39Pdnxs3648qtH09dqhx5pIArAGoOLYGbJV03EsDg8YWrjqC3DlTb6DZJXSih62BYxkYyjQZHsDFuh2KAvpDJpQbzVZy7emf8zBUgv+cs/fyXP1qqN0SwM56rt9rMDhdI987hkobB2V2+0IhuNqlGCu0Z0V6ygO6Co9HeIEn5YMUp1CgXx4VilkFNond4sO8cSgXm9NQN1hfzyYegTHR6Z2Jkz7WKvwnEI0lVJqqpptqja3KFqhtCEHuCFYp1fm/rQG9nTQ6Xg2aNZsuZ81ctDIeKMde8aBzWTAwHVFtndyX45L9enf346KlnL16LxuKPjZoElMVksa//5sDWfceAWgIhII77OSwwHh895YU35gPjBE4PgqTTQMFBstncpHnLg+HI1AUrn3hp2hMvTeWTqdFvLfzzfnel5WYavWzW43AIE+L6XivttuJmDBpwlIHUxmBAc3U2l9bCMp5gMBKvlBmx0J7LtzvLOCvUok+2JYXMvh9/b7nV1t5jBGYPOu3ob1dhFSiQk+dvAgH67eKf4Ri/YNVXtzv1nTrbhDmrlq/7utIqgny+sGrDjmAk5qCdIPQqpDOTzUfiSY8vrLU6gb6TrERWXLAS6JTe7jZRLhvrDUYSmNMjTqwAo1ypdTGg/daRO/Gj+4XpncurFOIvCxPthlbpcNI20ufQQlgIshD0Q/2WSgFtoNyklCeQeZkKkrCB0+P/7ucz+UKxvdc4/R2UNur46Subdx1iucCpsy2LPt4MQvGLHT/8dvEWfHhqzPRMthCJ8WOnvg8jrV6nwR2RlEIHROO8weGEbiQeYs0BbijDhcUqHTpEa0NpBnotdKfeBveddvtBEkcTSRDDnb2Gi7c61n1zsIyzFa/c+O27q7e0dhtvtWk+3rS/iC/hj8u3QXHB5YTC0XgimUilk2loPvQzmgxBT9nAqYeC1+GDmR2IAp+/YnNaMaU1xXpTqXQJ49rdLunqasA2MLbr9Ks8wnHeigosNt+rcDpvMAqSg3xrwWgBHQtiv3K9XAgVMCXWbaJhsRH7d5lpt52BrwiX3sZCt4uPKeaTD6pMEr3XNm89sXn/LekKFf8DEI8kVZmopppqj649kDIR1TNpEGcvtFRcuS5cvlH5FW/aEnxq9MQFIDZGT3o/luD/+epcIEYvvDkfdMX4ae+fvXQT5MfYaUv0FurA4V+8vuATo6c8O27Gf954Z/L8jzKZjMONKqPxqfzcDzfMeH/d7A/WXLzZNmHW0invrgO5Ig4R9gZjeorTWFiD3WUapPhig4VAi4FQmigvyA+WCyYGIyvE9OmPi7ccTuLigiY9SngOgXwgCzGxQ1uS/8g8ANkA4PFHalP9wkoPCpVG6ZgrJImgNDhJxScFyoWKvhspF6ksXjEjhTIIg4LiAlHgmrXHJzA6lFy5ys0qE4AWpQz2+RXzJssCmg2nC8WSdpZDQmuwfiIwfljlBp4YTzbC76EDgWLiHbl0Vp49k1sD6OzRnLn8JyzZe+z0j7+eh1tz6Jezew7/mslkX5n2gdnGglB8esz0lJDdf/iXhSs28ULaRHtS6WytZ50gpHUOqdgjFVqsuHSPODHDiJDLFw3U0Ht6FE/PDIVAELMwXjPjgXEL8njlxt2gn6e+t67Y1x/jBRDAuw/9NnbG8lmLP5v74RdmO0M7PZPe+WThqq9PXrh1q127ZtPeSzfuX73dAYrO4fSC6li0disoYRDVuw+d7DXYKherd3jJHOOWA79YaVdtJ1Rgo1wfrt9usNB6swMaIF1dDThiLJkekTLxBiJw1SNKm1YB3CMS1AS9iseJF54au5OT6BynD82sEus2OqB1jAcJmB4TpRmcsILBwItySIj55AMpE9PZ00iWENt+3nv9DHzYd72Zmi8qHkWIR5KqTFRTTbVH15p+g0h2H2nSYfQDn8l06CxOt9cADJ5yASPU4YyxXSaq20R1YUO/6+hPusPgqFibxgIGHzRWVmtl4ffezQUpl2/c1PdoFzdq4gKdhXpj9lLgjozb36s1dnRrn3hpSjaXHz1xPucLvDL9g5SQnrX40ydfngYfvj/2286DP8diCTgXUJbtB345dOwUaWQOo7rhiN8zXuQ7ROhpIBi24ZemsERvY4GjgJKRUMxhUcIFQIBPS1eMEMA7nxk7A0QXEOKnx07fuGUYH32NBRF6YL0xPuX2hSx45kfsdQbiSm93GSmvkwuGYnwuXwAuBcuVvX0yOVQZsAllArtAPzRRpkZncwJBrEipfvzyPhhN2F3Ila5yOfDZynLEk02sNivIF4qduCCMieEav4mgedZu2j1l/koYUbTbd+SX84+Nmswn09BdcBeWrtv+5EtTQZBAY5AMQKTW22V0GOzOMO5SciJg7e7qHF8GB3ocQJ8A/bU6fXBfKHdAXE2lEQCNhn2jCTT/A6foNNgH1Q7K/wUiBMY83FzQzyBZM9nCS1OXfr33pxfeWgTqAtT+0vU7hUxu1OTFwUiio9d0u03zxrzVZ67cOdfSOm7G8h9PXdSYKWjSweNnuEB4/MwVsHEwHDvw09mTZ69HYjxs8+Wuo6FQFMQPF4qD9oaLPXv1zrbvTqz6fA/IfjvjEdKZVCpdMfgT+vPUhRujJi95c/7HQjqbyeb8Ed4birsDUcYTcLgDNhea7iPaAD47XP7GbxbA4fQZFSf9ZAG9Y6LgjuCxxHjhaQ3HkkOzQtUgXxHE2nXWMvapM9F42oTxmRxOo8NJvu5oj58cQcwnm1UmAn3ph0FNUm1NKhNfG+x78HZV0N63W0/8ohUvaBSbt56RLlLxX4B4JKnKRDXVVHt0rd4LcmWQCHhiI8Lt1vYz56/+ce7K2QstmUzGYnMUCoj1wk91HFclA8aGgiKo4cl6LpcH7nLx2u2VG78tFouBcOwfL06au3gdRTtfn7P8Xqf2xt3O2Us2gAgZO+VdPpkaM/ldYD9f7fju2XEz4KQut3fF+q/jfBKILByNcXlfm72UHBnUDhCgWu6BU1r5OX+V0xGQPFxKHHERYMDAomr2q4tQLIXf9I+YykvQ1msCMTb57RUpIfv8hDmXbrRLt6gGEHpgqNKlWCkJmXwoGreyPo2FrXhJESMUH6X3Zb12lgPWmMFZAdCcDN6dKBPQGJLDKqOEM/+C1Bzpy2w4MQwVu7NuYccSmo/KGx2c1sIORn6jWREj5YL2c6EobjtCMMp34aRVXQb0nrs5eLjQnA8+2rr3aKFY/Ocrs0ZNnO9gPZQLhcGIu5GYiea6zUyXwQY6wcQMDTacLBjnQcZ/gpoy4JbDEiPNZXL52mGpABAdQIjbdNbBk3rh5kq2gW6/dqerW4/iOu536S9cawUB99m2H+CZApHQ19d3+WYbKJOJ89dA2+BRjSaSB39CXm0gJECZwAavzFpRHphTKs1cvPHanc4x05Z9sfMwnN3p9efyxTff/vjanY53Pvp6zVcHjvx6sVtrAm0PT7rewZG3AIB8Pg9nOXetFY4PD+DbyzfJakgxcoVibiSCDcY8DDPpUkWU0LsDN2ghh9vfiPMYCI/KLW7tNZGF0FHwJxwAhKLWQltpl96G5k90oK6CETGfbFKZnNotFSQPrky27Dyx+TDyOq1g83ZVmfz/GuKRpCoT1VRT7dG1kdJBgkRadISGtQ38zJ+92OLxcpeu3Lx9t73HYAVl0ocBxMvtC5Ux0QcS2WuipDvXwblL1z/b9n0Zvy9/YvSUBcs/u3zz/povdgIbaOvSLvr4q2gs8eqMRcCERk+cn0wJ2/YeeWbsjHQ6bbXTK9Z/U8bMuIz52Z+tHeSYmSyKP47EhtzHKwB2aHKw4iUlxP/SDidHuK8RVzCMJ+UrfkiA34v7KLdMfZIRocdov3FfO+ntFcAFx01ZuP/Ir9ItRIBrAkpkZurqhxLeBqhilBeAwZsoFD1PyLGYW4MqAElmol0uX8gXigJnjfGo2smIlUkJKRODXSl/kSzg7oDMoN3SxLhiwCqXP4bmJQJRo8MDOpCEuWOaDn+yaEYIiwEt1g9tmmECrxUA58pk87TTW0TKZDYM9RKaw+kzU+52nVXvcNc6AZoZb7vOprV7GG8gm0XTdHAHrazfRA3oxhKe8bCzXlAysD0QawqO3/ATV8ZjzIj3teK3+LV9BTd66/6fSLVyXzCyafexcDQOygR0eEWZtHUbvth19Njpq/Bh/TcHQZnActhgxcbd8OHV2SvhX9bj++XsjVGTF8OjN37mir1Hfivjmwu4eP0eDI8Vn++Zt+wLWAUSJY+mjMpsdfHQQChCYlQAOsvw3wCFYh9INenS+jA63KC3pUsVAQIMdR3truk2eYiVyf3BsYQGKppv8aBHz8pYKSYc4/HXhU9vd4r5ZDPK5NvtQzrk27NomqbM64fEycHbNqV5zjrwtf3SoT+2/URlQa7r6k1T21+sTG4fHWqAimEhHkmqMlFNNdUeXWvsB1eK2oPki/1hfphsXcD+7/UYU4JwqeWWzU7dvH3PYrOTVXq7C+hyCRV6Rz/tsoXYZIHe4/IDIcsavfnXcy2FYvGNOcufnzBn1YZtqzfuuHGnA2gWHPk/r8+DjS9eu/3kS1NnffDJc6/O1Rjx77gckAKxOwu4MEgFwJpQQQ9G/iU9nCKaSJFcPRbkEOUBKsx6gjHk3oOihKU74JhyuNhKwRNZuHzo1b50KY5uN9MDBUCAF06at+xup+7pMdNnfbA2qJjTqYReA3sdruGrUxOUBv2LIrFkFsmVNHEEsjAc9vjyiN3AMNtGIg1WwSmc3iAXjCawg1O9V+AlXMwEuJp0xXCAuwCn89Qpd0iQSmfzhSp/RdgL2sN4AibaW7lZoFhI4zv0MtlsGwfKzBbjj5y48OacDyWXS2YJWG+wy2jXWIfmcCoGDWjtMXUZ7LCqx0Tnq2cDoJe4YIS4qFmxrBIyw+eYgovtMCDfSNir18w0LmlIp/UPFAPFsU84R7OLC8JnuKUlHHVDuZDzWyAc//bQqRNnr/X19bfc6Vqzaf+azftBxlSOls7k4nzq2u12EgeFS3yg4eDxo5cRFYDseXX2KtA5RL0sXb9T0gkSDKtMrM4qzW9hOZfiaJEAvq9QQoU6z7ss2rSWyg1tE6UXM9MgidHsBVx+nBdsSJwkdKCTWZ+YT45YmUhmSCrLj1Uv72n063QQPixCLLdOmfDDE+08CAfXXiPKhESwdFjsp7470eLFG2ivXbp+5tR1TQ9+v/DLrhO/XNd03G4lD9Pmrae2H2+laOsWaMzPerzMc/B8Z4fFc//8eTKr03LwxObdp9Be3Z2bt55GmxQEuIpEPJbIwSkim3dd0lnsLb+fx7urkIF4JKnKRDXVVHtELZps9BdXDPjBrj2U2OICYi3S3TAuXL4BHOXilZtnzl8NBsMOmiHLgV/Cb3kev722olgOpYZRnkaTOAEP2PHdz+cvXS/jpLfwJ5wihp3vlWFmECOx4rRCwPttLAptr+S2imAHsHoo9vVF4shNC6xCU0w0CtGG47DeUA653aO2kYht5Ukng71uOTnoIxvjhesqokxjgH5SHVK6XTWIEpC8rlYAyWBrRLmApavEgIty4whjvR25immtrMFRRb7NKJoFz1rg9ACpdAbnTCsnsC+fcifIAi7ainRd3XsBR2e9EeWxBOwWOOJ97YC/E5qUcPkFIVtCkG6sDNic8YZB9tzv1NSTYRXALfOHY+06q84+1EvbDvy8Zd9P+4+e3nvkty93HQFqy3iQl6O4KfD0OVw+HILiB8UIUhnlsxIduQLY6b5mgCiD4MngOZlGAKdjfSOoCyTJTVyLXy/cXLpux6jJi8FenLS4vVtPlIk/KNUJkTivMVMhuenKWsC9S6aUJgRInUeCfB5VF40NvsVoBL5QFI5AeUYwpSlWJkbH0DQgaDP4MqmEaWWzOTvF+AJBUHpiPjliZbJv+4nNojkT2+BDhDQAMbx2BDeTgCiTsmfzr8gjLXL7/OadtyrK5OD2E/tasJNYv31AaWivbd51bXDnvs3bqyZJoAHkum3nT2/eKkmnHdl8EPmMIWUyOLVyeFBi/TKktUxNuqX9L0E8klRloppqqj2ilmjI50iKXL6v9lAS4+uUSQmFI4mk0NrWDVbCVU3I8ngS0dNwPAn/6uxuBV4Cq/SO4aNQCDRG29NjZzjdjW5fQSQah5ZoLEw0noR/CdVA0bcOj5H2as1KriYlfDkCek8sWFEOH+QNVVE1QNB7zQzokziqEoiy3CpfrM1ZV0IAu31u/KzHR095YvSUSfNWvL300/Vf7zv405mMYm5WMtXgDTTKVjx+pDca8dEKRlE6ARAeJZTIKAeE1c5y0APQaSYaRXJXSBtOqezUmBm70896ghZU7LxuJ9RDAbvvx/i6g7jY129jgwrdSwCrO3S2StssOMYGbro3EE03zObLWAnA3RTSSNVI18mBqFNQcZ0Ge6eBMuDZp8s37+8+9OuWfce/2Xv87NU7PWYaVJPZ4eSFodfesCPtHpJ8OhvrxzEzomOjbfhUmvQ5tAoYv3itMkaqTDzBYZQJqJBQJB6IJMyU68TZFpItDVoYq3Z6zOVRjVFQL2OnLxNnr6oHOE4ioTTfaBIpEyGTtYywuihRJnTD70EAFSmIBpLIYRKGt5n1Ua4hdm1j3QYb7fKFxHxyxMqkPMDp61qThH5AmZTRVAmKfT99yYnkB1lYfQosSLTXiFRBiPdITjrkzQUCZuBz4ZejZ7bvwkc42FYmV4FVEPlMPoiUSbnl+KnNO8940fyJCnmIR5KqTFRTTbVH1JoA8IlIcpg5E2JCRvoj0tfXd7+ju6Ort7tH192r9wUjFpuDrCphF6NeC8q4xSjWtfBHEsBgpEvrIJ8vZGuybA0LaAzsWGEYxPcJmA1hz3YGedQoMOm+vn6DXZriiTgRubgQ5UL5kUCokNkh7ErkAhYMgg29R67eC73RlyuvQZDLF6GdmWzu7JW751pA6xlO/nH16z0/Ks8/kKkGEvffCEBWaa3O9GA9FgUQZWKVK71npHz9eMIKBBsIUMqNcmfBhZPwCdIPKBOrA9i5l1SEjCRSsL3C5EMO36NM/fsLokVff8apghKOpCdtCEZ5uBe4/vqAoxfcKVBlRsoNJBLkQe09qsAXinVpzMnUCLhvIMoHB335+vr7aQ/qil8v3tp24OeT52906qv0ktbKdhnsBhBbkTipmxFNJD3+MLSWNBUGKuX2Z1GUfNlgY3otA5VJWU+jnnsE0BL/cNMgFUCH+CPDy550Jrto7da7Hbovv/2RPDvQyEy26kHefvBkSsjA+OST6Q3bfhCvkgVsmUgonVrv4AzUgOkcaH5y2BlFMeopkxKKwhpIrSaBWJlwgaoZIew9WPXOxckFbRQj5pMPqkxa2vQd3cgODsbEP6AyuXn4RKTct3l/K5r+GVImV+/HY8jPChmeDhmhMun4+dThKxqTG3bnG1QmgI7r1zZvH8ifqKIW4pGkKhPVVFPtEbURAfH1Ql+Ilx6knsVS0l/uYrHv0tWb5y/dOHfp+pnzVzVmymofUCZlzIAJkVL2uCDu2g0ClYqXIxCygAssorjeYiAYIZlJraiQs9cbjIoPwpNS6PXdSKIJweCQJ8RwGDhUMpW1MB69bYBQEtPbUeZcrz+Sx6XryPagB3L1S8a4/LESLnUyYeZiPoWiWYDYvTVv+TDKBE81RBpwaStjkooV1EBAizKAmqNOY2SUiYmqIsf9OL0vn8w43H4NlqPEyAAgJBsId4+Jot3+BLo0VBoTaQJRM7K4pLdCuRJvKM54qiIZZDF4jejUJAIbzhaO8joraxzUJ8S0qKkeLpxAkql6YMGSSQvWjJ+54sO1m5T7XwwYzOIrwpVMOL3Jdqfb0KGzmXAAT4XpkhaaWV+7ztbaawZRh93hSnDTtVZUEIZs0Gum0tlcB06CDNZjcTZy78RA7poNC1e4L8oPbBnf7m6D9dtDp+Z8+MWEOatI9Ai0SpJZ66vdx9JI//eDuluzeb94lSyGVSZwIRULx3noHOkWiqhVJmQEgro20r6YnBvhvV5T5WYlqqd9nBwqdSLOOIId8zgxn3wgZSJZfm7/Q1Am5Yz+2+9O34zizyJvri2DKmIAYmVSzm7eXhUNUqtMhlob7VFQJuf2Si+q3HtVdCIVVRCPJFWZqKaaao+oJYRhKAtiacVyIpWv3bcRkwWc0ulymyw2M+Wy2ofcohgPKvtgopRS6AJDDUaVuIgEfX19mTqF8wjy+TwvZF3eoNbucbiDvnA8nc4QIlfCJgsc5M3xNW/HM7m8ifY7uUimvpwQA52iVE4JWRuLYjCAa1aqyGutLPBgXCO8bvvTuZzDFQJBsuzTnQtWbmrvNnx//My8JZ8qM2OSbqhBPyXGi1ytFNi/GKSSnR3XkZTATNd9bW9ENW1cpCtgvMVIRUjsAwZitTKpYsUVIWAhrq7o9AYjTi6MtUS9u1Q2OnzJBiqJxnnkSWhFpfFknPRIq8KxpI314hTPHMkQTe6Rzcl5AtFsrrD78OkYL6DcXKxn64GfpEepA4lfot7uNIi85uC8/lDUQrs79TZSBENiGivTprPq7SyORUGTdVbGI46t1zvc9QpHKgDlBK9JLlwPuVye5PtWAEiIY6evaIy2bw/9dur89ZSAKHsGy03xZtDUbw//BoNt3rIvlCvnEMDT3Xg7Q7GHoExASyhX3WkdVCboqamuKYmeO9bn8YUkQlHMJx9EmUjiN8relgeotFhRJjhkZeDToDKBfkjYOregEJdTLSZcHrVKmZTLPE3WmvA3ZK0yKbp7BiZ5bEpzJmWBhm22nLeWy7FvsevXvt81A6tU1EA8klRloppqqj26FkIB6/3JDPziIgvx5QGr2bIJk7yrhT/9gRBylLJTgUAoGotRDFtZy3pwJTiHx+MLit8sVpDN5nR2pagMgv5SSUhnQrFkOJ7KZLM2F8oqS9CPS6HDctodMNI+JxdKJAUsRYY5pgShMA71tg4EyQBDiiRSBooD/jrSQ4mBWtjfD4cCMmQYrGgOhqPnXVaW84dj4hmVyl6FQt/pC9cXr/lq7+EThWIRtuGCUYn5QrFIQgDjgmhmQ6EUdwUl7GLXSIQJAXkrPFJlAmKjp36SaHR1xT7QUYFInPUGiccXyalFKCCoROgo6B9QDtAAuFKkEHK5fvSaPNmI9w4qMYEPdaen+kWwHPoH7xE0puKNxifTv5y59sPPZ60Op4PxfP9zowmEYMxUPoPEgouqF28Na+FyjHa2x+TotQzMkFQM/tTZnF0mSm9jgtGEaTCkB7i19EANAMazwx0IxpIpPBGH/deURrXiygGADDl++grI7E+3/kCOlkgkJYoXdN2H63e8Pm/1uq8PNDI+RzS3w4ViZrnZPAXUKhO4CzHFyJb2wdIxFrnMFiAUQVST8pcViPnkgygTeWtSmah4BCEeSaoyUU011VSTNQllKRSK5y5eu9PaYbba7/UYEgneSg2lr0El4QfdZnrNKGuqhA9xIVQBULxEAtg+lc5YWD/wCb0DKDWa2dA5vP5gOBbn+WQKlQangMj6GC7Uh/12pIdoDMT/Bw4FxwB2ZcAnSo8kuFYZJeToUvCHYloLg1/SDzjqALWCngmEYkDWi4PWj51VQIyB5QvQx8VMttCmsdQaMG9iFuSYRAvA9/NSryQxiN+X0zu8QxQBy4Fy4NzVqWAJLIw84cbix6OzNlTMpIRd1xIpIRCK66xsrxkRdGKkf3AXoRxoaMbJynr8EWCuWegU4LkkQESOY98fzKd0d7A0XiMoYclEe4PQknyhDxTvuBnLX5m1Aszllb9YCeAIdlHuZhL/k+CViC/xgnO4OOzNhdJzScxEe+5pzKRDTLS7wckuCaBhTl8YHhMjjtCgPMFIPAnX2Icd6qRbN4BisRiN8yk84CpzgPEEL5Ef1+50zf3wi8+2HZo4f421gfKj/yfKJBRWEnvtg0nekDKpUcUWGoWoOavT4on5ZDPKpOjuOfX7tXoWkbZBxd8W4pGkKhPVVFNNtVqLpaR+Nnc6NECV2rv1t9o17b1GN+d3uQfexwPpMTM+1uVhuDCqIYBfRevsbo2FSQw6TcEq5ZRBYuaZy+US2MkEuEUJOeRgq97+QaCzoagYrd3rDyeaYmsjABw/zgvuQBR6Q5zhCszhDkai/MJlGx97cdJjo8Am7zt6OpPN22o4az3T2VytGove5orEebGnCvAqM+2F0ym4S0mA5zRklAliun7s9FEDPFHAcQ0nChOj10TrURo31D/AcYORhNbqsTBeUhoSBE9F1BGzDMw+uUHSkDh7fzgGg6SSmIvhmmlGGZdH3PnDKRjDeaT0GuWC0C3iYixGB4o7apz6wyWYWV+nwYZ8vWwuq7NqFgVuRLuubrmeEaGER2Amlw/FUICNdHUDgCd94/ZDi9ftmPb+p2OmLyPXCKJCwt3nr9gM9xHUspDJba949NQHDB7lLwQxHooygZZ7g3XPCFfVZRgI70HKpGbOJIcdKcUOe+UHVyYqVBCIR5KqTFRTTbX/cQslypFkKZnuT+cQiakHpzdgY1xavelGW2+bxkzRrD8w8Kvv8qKf80olOGAA4WjM7HAaMbk04OxYQCuBfQ4dThFwBF+40Y2bgJDO6O0eg42VrnjYAPoViCRQtmLswoTcmSiQIwmQEWDAiW/caf/nK7OC4VjLrY5brT2323pTmWyH3t5ebd0mugsZ1YN4uTS0mnApC0oA5eww2HV2l4VGSWwNDpfCDZUA7hG0MxSVvvXvh7tZJ8NYroDyazUY9CIByRlQ+RPaaWb8ldaWsPMe9F42n08k0/5wnOWCeBRVdMvAHF2lB5DrGqxyuGEz2JgLRnGRSOCTAzMulXNJcOL8jXHTl+764dSVG/cKIu4On3P5umEecECxFDSj0JrhJwoIoDmo3g6DShaiP/tLICxdvhCILmDSVlTmz9p4AZP/NkDVpIRsBs1e9Y2bsRz6kwsnLM6AZLrORnsmzFk198MvYJuwXHy5BNCBcMeDsSRcqfINKj80ZVJmOanwrgDWdhsdlaep1iGthO8yrBLHoYn5pKpMVDQP8UhSlYlqqqn2P2tYk5QLxaIiKxjAtZt3z15oIXbu4jWnyxMMDbwz1juAlkljSAqFAusLG3C6TzCd3WtlfbVeXvXg9td9u/ngANpho1BSqQYb0wRK2F/IggsU4h7wmxmPiXJL3sXe69Q9P2GuPxT9/qcLWgt16MS5YrEPh5SkxMb6omC0N9KutWptzjatBf6VzCpUzISLrsCqexpLJI6y9xK3MWXvIKJMIvEaZdJfSgnyLFnI5Ky4wqZ0RQPARRuHuCZ0F+MJKdwNRF2xP1gml/OH4pQnoLMwOpuz0gPkAxlsFuwYBsJMa2V7TJSFcfvDiWyuUOkKct/5pIA8lLK5HQd+fn3uR+NmLNv9w8DLftiAcvknzPmI/JkSMoGaqiMFXBMdb1xGI9zKiNcqAFoBTQWlLrneVDoLrJfxhqyiYhr/57hyq331pn1X73QxLt/YGcuzuaKFDYhlJAF0xamLt1Z9vvvX8zfq+xgOAbY30Mg5E/SDzRXw+EPpbL6Iu7T2qaRxkJJkoTJqlUkZSYu6EVNVysTpF5egqUBvY62sPxwbSuMh5pOqMlHRPMQjSVUmqqmm2v+aRZOINEu/GYcDYQzpdMbLoeyZdoqOxpCTD/A8kBwOd13v/L6+PgvtBlJO6hUCXdDZPXwSGLNSCiwLruD+3wNqFevnfHWb3TRiiZTGwpI0ypgfe7zBeD4vT9+BJJ+++Gc0xr/w5vzHR0+JKdbUA+aqtTrJVEMJZ50CbWCi3R06a4+ZkU0ABXavx3zm8q3Ptx78/WorUPlgNBHnhVo3ejODyt7HavIRw5a1ni0EpARK7dvlRoCEhKh2CooBiEhF0bAQ0jkiSKDDid5IpTOeYJT1Bi00mlcxoKjlgWwE4j6B+5JO57/Ze+zm3e6Xpiz9ctchG+VKCukKJ4aj3bzbNW76h0TOvT5v9YuTFos7Dbb8YO02UigmgzMg5/KFBJ/yh5CiFs+91MLocEkc7eBoQHifeGnqm/NWNJLY6q8EtBOklN7KnL1yO1c/11wZX0WMT/lC8r5/EpRQoM7A01fC47lY7I/EeYaL2HAuDbvLH4jy6WwOTgoCA743Eqk0L6AqqLXSpRayysRUP2s5HLPXip5ZYi6fzOxKPJGE4aSxDElQMZ9UlYmK5iEeSaoyUU011f4XLMSXhRzKKCr9QmwYLddvn7t47cKVm1du3rvf3n3nXkevxgAMwekLA8VXfh9fxj/8iH1G4yaaMyKm6EfTCA4n4wnEk+laomyi63KIhwUTemUrk4pqpCjh1+dOLmRmUKlBCyro4QGWDxRNzD5rkc3lT5+/ls5ki8ViZ68prZjStIxzp4LOMdMyL9RJ9/LJNOX2kdALlCQX+31du9O+9/tjW3ft27Hn4M69B4+fPPPn/R4D5em1MLCl3uGiPagWu4n2gG4RstI2pATkbCNZSEDSeTXyglwCaC00jBUFE6cz+VRafmZGAXYnitshs0MKrSCdg5RDMh2O895AhHb5bU4uiWov9qNkaIHI3qO/r9z4LSgN0M+gZJKp7P6jv9/vMWkMVqON2fbdifEzV8DGG7YdmvLuurVfHYARO/mddaBAeg02EN6IvheKt9s0bd2GXD5/6Jez4ga0dhl8g5X7yLWL54sAJhsNsiQaT/7z1TnJVLq1o1e8VhZwxipTuP5mAdf76uyVcOFgMxZ9tvP7k9ItqgHb95ioBr3a0ERTfZ1QJnetVIKnA9RO9YSYH56vYb/KFJQJGQ+ZbC4YS7LeUByrcVioxyU7iRkdMnkdoM1ufxjWVs4u5pOqMlHRPMQjSVUmqqmm2t/SYqmqPx+ct3TqrS3X71y6evPilZuXrtw8d+n6hcs3gItoLIxxJPwedmG4kIFCzl2EbWhtrl4zDcRRzID/23MmZeybAWdp5P1rPZRwGYpESug10RU/IoPd7Q5EG5mV+uyrnW8v2xCKJGjW88zYGWu+3CPdohr+cBzldFJ0aynhmonQjA69rVVjBqYIu3RoLdu+3d/yZ9u+H37cfeDQrfs9hH5ZUFi5V2t13ukxdRjsWisb45MVJyWCaAKVtxedYQjA780M10QH9mN27hGV2eZBEuWV5tBkobUyeALE19prlq5TRAk7hsF1ZbO53y/cjODo8GwuB+qCcN9UOvvplu9pl2/3gSNf7zl6+VYbVialt5dv6jVRb7z9MciP1+etDkUT8Pn05TuJpLBm8/6jv10FoVLs60umhBJy5yuSCaU/73eFIgO1O2DAWGpSPIHaf3z05Gg8NW760lQ68/GmveK1YqCW9/WnMjkg2ZUS6Si/HC0TtF2LerdSFnCueCJ5/vr9Y79deXf1N6/MWinI+ThV0IeVib4xZVLGrwaki+qAzJnobKzezuodKK0Z5R7m+0FWmaAsfNm8xx+yuQJG7Evm9IXJaxG4WHH5nXq+eeF40iqqECrmk6oyUdE8xCNJVSaqqaba38/yBfTDWflz5C+j6yIUCtspGjidyWIrFAo2FrEEtvrnv0GUcEJSh5MzUUMl+UDnhGMJIZP1BJTyez4UID80p9/lD4+UW2fzRS4Q1ZgZnFVpgMrobS6XbwSHAgEw6s352Vw+k80/NWZ6LJ6c9cFakpGsHpCTEutzOJXeNJdRjRHk8eUNIipcwpQL4PKFDHa2U2/rNDh6Laxs1lpiQPSBXwLXB97vcPmBukmqfVdgotHUUMNXPIQ+nLhZXGbbH+abeOtPZoeMtNfENMpxxUgJmfnLPu82Ohau+nrU5MUrPttdxmoTTEhnl6zfGUvwE2avnL9i0/Hfr4IyAfH85vw1by//csy0D9OZ7H8mfjB6yhK4fdByWCtkcqBb/OFYIBQ98uvF7Qd+WbP5wIJVX93v0n227VAkxscSqRifAm5tqQlwAiE0/YN1T4+dZaXdazbtsVAu8doKgEw73EEuGAERIuksOKDNFVSuTFpWDLSoB9YbCMWQo53JzurMDulqEUBbwvNrqtP4WmjtShpbDKJMKn+SepQur7+/Zq61AlllwvOoZhG6xeKlGFiZDD0U97UW6RYYvnDcKioGL+aTqjJR0TzEI0lVJqqpptrfzwjtGfpT+i3YPIJYmcCvuNlq60epaZFnNiEuzQFYXSabDQQjRouj4rOhd3BgwwYwQAO+2HkEsTTs9SFdPRxK6M2938oMfyKCEq7TB5pEb0cpYrFDGoq0JhMmsLxxWVLGVaVfnfEByT31whtvp1LZT7/Z7+GCCgeh3eiMrprEvhL0mhloYbK6yD1pPJw0Gk8xXORur6ldawVdQfq81sz40kB6aa3OVo3ZCAcUMkVUE2PomHAWnU3G6WVYwC2zoqReQ7fM42+0HLgYoLKsqJq709uUjnVxwYnz19hpj531Tn/3Y69vaA4nkUyBzACFPHb6st/O3zz666UJc1Y5WM/+H/+Ixvk5H36RyeZeeGvRqMlYmfT3Y91SfOejr2E55w9fu9MJu4MUcbh8u4+cXv7Zt6FIwur0mWmPhUUudmCxRJIMXVSupb9Ese4nXpry0qSFz4ybAYpd1MwBpDI5Lhglicak6zDg1KB8pEur0YQygbtsd6NMXN/s/5lTHHspIa2zsSNRJjJ+ibKQKBMQctCBRocTurfeLJCsMlEA+k4TJfW+r5FXJt4AqtNaUdFiPqkqExXNQzySVGWimmqq/Z0skoSfbfTeFH45SSX4mNJb+BEAEaJSiXV5QJlkc3kHzRRwgn9TU/48soDjBCJxnGOXI4EoFlxV0MsFcqQMYR9hcQRl1uUeNXkxrJq0cK2HCyD3HOKYIT2wFHAgkmpJSKdtTr+dkedSsEGxD7F5hzugtaBX3cQQZbeyUT6JaOKAwvElUiPraLiSf74yq61L/+Kb89s1Zj6Zfm3mEuV5AzODhES0Jn2WGIRgUa6Gwj9KmBYDo9WhwHpvt5ECli+blZgYLNdY2Hsas8bCgLzBCXxd+FbIALRinTXleEqwVM8bUK5GGWQF0Pck6B8kVmq4EB1ZwIA6f+W23sJ8tefHV2ZVhZ73Y18saKENz1CdbWldtHZbJpN9fd7qqe+tf3nqUui0l6d9CCPz063fw8gEZQL/jp68BB6NlrtdlItLCZm3l30Jegb0ybxlX/CpjNbKAHGv1CQlNUyy+eLUd1Y/98qsJZ9sjSeSQjpbG3NVxgkbKI+SKiijjHP99fI7V9CEMoG7bHMFcrm83qI0YQKAR0Dn8JoVo0fEsLmkCb7qQaJMyoPihIxJ6NhINC7RbCNVJv0olfOQMmntNWVy+UgiFYrxdhcHp7jbY7zbYwLFYqA4+EBMzCdVZaKieYhHkqpMVFNNtb+BRZLIb176ZffwAD/5Zy+0nDl/9cbdjk6t2Ua7KNbVhn1pNGZKunU1YF/3yIvxwV7BUARonJlyo5mNaoqspzjGE7jf3j1q0uJJCz/Rm+ygSV6b+9HyDTvhw4TZq478fGbpuh2gZFr+bAPyrbdQSGYUiyRpEoouuHgTtly6bnsul/MEImJOA58TqbSVQaUzBhk5h/gZ4/UGY7VEvESUiTAyZVJGVaVdC1dsPHLyUi5fnDJ/1d5Dw9Sn02Minq1fZKM8WPrdH24oP1IF3lAERYyga0GXE4qnDA5nl8HeobNprCxxnpE1kJHdRsc9jaW11wzbM15UcTyLS44/8dLUSiqn12ct8Ypet3v8YaxMKgvKRkejdLYCXsgQbqq1enQ2L8tFEkkgkw0Fq8Ctf3fF5zsOnuxDxQEL/uFyFVSA7j6On8b/oifOaGe9voDR7lz5+Z53V3+Ty+e/2v0jHBaG5d0O3f5jZ27d73ltzkeSuCPSz5lcIRhJfPzFLhDkx09fenb8rFFvvUsOKwGM5ERCKW8bwbBVgBSSU9WDESWnbkhChGIJE+1WjoMSw+VVmiEUo1aZlPELCNjd4ULP5sDXgsNLe4MkYKkRZTLwpLOeHpPjvtZaT5ArmJhPqspERfMQjyRVmaimmmqPuoX4shyZeZiAn/Bzl65duHx9oJ7JpesXr96k3ei3uU1rCYaU4iuiCQEIvXRpAyjhkiB6uwfoVC+KrPXq7B4w8soZmEdrW9eLkxaD+YKRQqEAgmTrniP5fP6NeR9duXl/wpxV4XD0nVWbU0J6+75joE+Wrt8x/f1PUZQz44VLMJptr89bnc3lsqjWG+pBUHduf0RvcxpxERKrE53IRHNm2o0D9OUdaYZVJolURrYH4IDhCC+kc9lc4XanLquYkrWM6DtiYLJtqCCPJ7KU41VqQZRJ5U84A1wqDgrPU57Q3R5Tm86usbBmhrzsl/IzC5pHQlNJIGO6DA69wx1PpR4fNVlIZ4jD0nPjZ0ZECZEZLmQFZVL5G0TayN/le3CWJDCPPwKKxOuPgrwxUX4rG3AFYiT8Q7rPIOIJftai9XorA5qwR2fRGu3SLRoGCCToJRg58F9SSMM9TfApuGSDlZk4f83U99bDyBkzfVk9j8FwjP/13A0YAKl01myjXp66SPb+NqhM3IGY3N5DaEKZ4HRzDSkT0MMm6q9TJgRI4GVzvWaaC4T9QTQk9DY2mkhxwbrKhKhKkNAo7EpvM9FehXlCZRPzSVWZqGge4pGkKhPVVFPtETUQJM0VuWsCwIqcbi9QPbPNbrTYgKycOX+VJNciBsxAb7YRBxjxjnwq7fSNeMJEDB1OxSMpflLCOHzywugpS/hk6uVpHwLVeGXWysMnL6YEYdLCtV4u8Nb8Ncs/27Vg5eaDP531+YMgSFweX6/B9vOp8z/9em7U5MUpITNxwdp0Op3L5XAOq4EAADC9zWV3oar2wFx1tmGYFrTEikqzDcVzS0C5w3o7B7zZTPtoLloxhot2GylCiejhcg2VUcQ5SmimTOZAAoFIaHAGoAIuFBUrk1qEY6l+nJoWNIDOyt5FMyQoxkOW0gWQ3Mo+NmpyNI7ck0B6PTVmGnB3Lhhe8+W+9Zt2+ANRxOCTqQKexYIrqlfvRQE9Rgo3wCeZZCDTEahUeShhpgOMV2b4HTx+pq+vLxjj/aE4CviZvVK6RcMg41MhazaizrmqvHMVQMufHTfzyZen7f7hBONWSq7VoDJhPAHl4dGsMqmSkXAKt1wxdW8gAlvancM8LxX4I42mPVBQJmU8eQKw2Omrd7tAk5DvJYc7ABIxnUWisYSdJ6N8qtNgb+01E4c6yaCVGGwA3wmdenu71trai5y42rQWo8Npod1OXwg+wJ9gYj6pKhMVzUM8klRloppqqj1yFk321XsF+18CcJFzF68BmbPaqVAoks8Xzl+6bqZc3SZK7OoDP+edRsrGuAlZhEay3FBUcQXRRFJr9wLViCfrsnmCflL8oQ4d37D1+zff/hh92HLQZKXGz1zxyTcHew3W6e9/Cgvf+ejrye+uu3zj/pR31wE5OXv1zg8nL16/1Xr7XufKz3dPmLMqm829s+oraIwNeyVZaK8vhJ21RKdK8BmbU4aEiUGUiQKttLKBYAzXTJBYqXRv0IekEWVCZIBcTwwBJCIpxTgiQCfAkaVLRQiEk2ISWUJhJKjKYSqTg5tIuVD9h3Y98v7qMlHBCM8n04+NmjR5wapRb85/asyMx0dPgYv9cN2WZCqTErIgVGBswMKpC1dOnLf8lekfvD572Quvz91/9DSMHKOV6kOh9orXCcrETEO/teus0hUNwOHkVny2KxxLZnNIF01a+Il0i4aBZglEyZpq0Y9TwMnWT4wn+C92HIae/Gr3j2/O/fCfr86RbjGIBpUJ0HFZCVTBSJVJCT+AtcrE45d5rp0cyh3X+JuIRCpTrP/UiAHKRGF8Pj9hDgyYqe+sfuGNt8mwgcOCGmzrNcHYe+KlqV5/GG50rfwA0aW1OTv1tm7kkxfotQ6l2oNnrTYBWi3EfFJVJiqah3gkqcpENdVUe7QsXyAvAf9SwO/9+cs32jQmp8uTzmRBn9xr64JmBENR+F1HxUkq4sTpN9Hedp2tD7kqxWQVlJnxZfOFUDhmoLhYTMkzniRxguPL8tRYIkkK2HG+4KZdR09euAXi5K0Fa2Yv2QgLfz/X8usfl7Um+6wlG4Ed7jzwk8HG/Hm3XW+yrdi4e/6KTXAhG7cfymSzOMCdwYmnpGdBysQ1MmXSPxiHUNnARPl5QSZEG7bpMtgJ8/OFh+edtRyxFnq7C1SWdOlwGKkyKSMvpjTsksnmyRwFDhnvy+byXCjmDycCkdg/Xpzk80fcXJBx+Z56eVoZey7d6dTTLh+QxUKx+NioyYFQDOTg46Mm7z3y++iJC54eOx3u1EtvLVi4bP2Flrtw2CwuAS4+LwH0sAHXxbvbY5KuawBw9nEzlk9+Z92az3et//q7bd8NU0NQAURYKioTIPdcrTKBAWO02E6evZ7LF/lUOhbnV39Zt4xJg8rE5vIrfzmMVJnAedGrAbqqRAncF39E5rFlsTKRFS2yEDKNFrHxByNCZij3+aZdh/OiHT9YswWGzcebdj87fhbFel6btTgS5xO8MH7G0o5e05J1277eexw6GTpn4DsKP0ddRsfdHiPt8aPsGsUi9Fu3EU0DDigTGNtyA08CMZ9UlYmK5iEeSaoyUU011R4t++tRwhmcEnyqXWNCZRav3rzfa3S5h+gv+8bf/QAAgABJREFUsFKadXXobYSliX/+NWZKEvsLDICqcf5G1FaO21H4Xakyaa4HwphLOPC9jM/7w09/3OvWGx1ukCXfHT2Vy+dxste8IKRrm0TQiDIhoR0VZWJ0+AKRhNMfI8mUoRlGiquRPAjQJK3ViWgQSLXcMBQNyJMFF0aUrhABzoK6S65IvDKIMpG9BQS1yoTsIqs8y2g2IDnqzQXkM9wCkBzA3Z8aM80fjoA9+fLUVDrz3PiZ2VwxKWRAosDl7/7+BHwAxgmSJhCOgcjZuv/nWe+vBgPK7g3F7vaaQHdFEymgkoFwnAw2tyjV74hQLPaBHghH+MzI801XQDrcqhj8U0JJn3yuGr4ejMQ3bP3+6bEz3pi7PBSJSfwVJWhQmYDUV9BI5ZErk0wWzYzpHVWjDkZCICrTGNobtLsC0AY4i5GWn+ckIF8pcAvq+aO2dulBlFb+BJnx2uxlz0+Yc+NOGyyf+f7H/lAkmRJiCR6u91pr99d7jl251QaKd+/hU3fae1+esgh6DO7vqo27Rr+18KVJ73CBiN7G3NOYrYwHTio71Ft7TaKvLz/jGX4aU8wnVWWionmIR5KqTFRTTbVHy/5KlHAxRNYXoT1BE825uQDrcqcEwen2cD7pz3YgHL2ntersA3lyiBkc7k6DnWTEIgjF+NpQbyBA4m0q0FpIqRApq3tAAMtPZ1C5j5utXfl8PhqLS7hXBY0oEyGbrVImFOoZUB18ClFeIGGMVz5DAOxC0gqZGa56lkUGmVweukJ5PoQ4v0nqizeCOI/S+BbkymgQ1HpzhaIJBcUYjsbfmLOMfIab+8zYGX19feRf0BXPjJsR55MvTXo3JWSBoD89Zlo6k1//1R5QJrD28VGTSXiAhwuFownglJPnr4wn07i+irPT4OjQWe8Okkghk8Pys/r0DYALoSj5XK7uJTeCEvE2ZDwKLUDKBAUISQdYCc8yXWi588ToKa/MWPTpN/slG4jRuDLJKUbsjFSZYJ89PxxWvBDGdry6Wg5BKp1NptJwR6C18Iz3Y5RxYglJ98AG3x37o0dnrufNNWHmoh7DkJ/etv3Hx01btOPAsSdfnnbyzNXl677p0JhmfbDmrXnLWBdHOb3vrvrC7GCfGTeTT6ZjidTjo6fAqe+2a0D16czU8xPmaoz2SJyXnX+r4D7oFtF3VyOFWcR8UlUmKpqHeCSpykQ11VR7FC00PEtpHvlCkU+mTLQPGElKyNzp0p29eO3G/Z4z5692dmuBXJosNlmeBPwDSIgvEG7tNYtT/ZoZH/zqd+mtwEh0NYWfYWE9woRon42qVTIPBTorQ3mCHpTOCOWhkg16aVCZQDsr76pNWJkI6RxZAqTMgHNGVdxRStjdK8anTfRQF6G5DpwHzER59TYnENlIlAfp0o89w8o4lwB6e61Y2VAQcnCoJqLJycEVlUlVsDJ8dHMhhaB5aLYgDJDXdDb329kWuIo5i9Y8P2HOjHc/fm78rGAoMncpCgeKJ5IT5y2HD29/uOGF19/mk8ITL00Bocp6fBNmLl61cc/cxevnLf0U7k7FG0ds0Abg/Ror26613tdarDj0pVjLhatRQjfFrbe7JczYSMmPw3rAnlqIuCsokzKuWd5jkibX/mbvj2Onvgfm9gWD4dj11i7JBmI0qEygi2T9Biuo96DVAxkYOhsrXgiCKiGnTF6e/M6oifPTeK4D+v+fr85+esx06JmxU96TZAiAkbbju+NXbrZK+r+y2Udf7OnQWkoD+g05/sHjk0gKZy7f7DXaeoz2p8dOj8SToFr/9eoc+I56dvzsfL7w4frtV27e4/EsXC6f//rbH46fOnf64k3Qfp9vPyg+kSwMdlY8tDr0w4cwifmkqkxUNA/xSFKViWqqqfYomqIzuRJk3dD7UUnBvjifJJ4YwCnF3g4XrtwMReMU4/R4fSgll90BykSZisGhUqianp/EUYj5d5vOBivFu/tCMVBBor0HQF5Isw276+SLMoEisgCpo7UiFmJ3D6iOXL6Qk/On8oXjw0b0CpkqZWKmA/BvMCrNOwR8jqS1dfljkYQAN4K4gVlxZE4okrAwHpyw2E0i3Um/kQ9GyquzOi0oXxAdiiXzg0UnJddrpnEapYb6oAokaCRfX5lAJ4jPBR+JJBBt0iig7ZlcAcsz1GNwIXorAx9mvPfxu6u+uNfWSWYPDv187vHRU+J86pvdR/cd/tUbiIDwuKcx95oZNAVRI1HEYwz1GO3t1Nvv4HJ40NSkkCE+PCV8GQVc9QUGnqRtw2Y7kABugQVV+mOlK6oBKkjz/7H3HW5uE+v6/9W9p3HO4ZwLhF5OgJCQRhJCCS2kEEoCIUBIhSSkQyhppPe2aZtNtq+7LVmyZFvuvfdd7++bmbVWli3ZuwnccH96n+/Zx6s6Go3s99V8hULXKMJgZVZv2h1LpF3e4N+fmh3AdT+lG8jQpjLhPcFwJCZfKoFVOcNVUwD7p1B5TQ71G1bUMOwy+UIyk4P7iJ6amsGqB56Y9ZfHXt5z4DT0MqiIGW988udHZ8BeK9fvJlNb5673gDRdsnoLqIhv9+yfOn/Fg8++8si0RSMoUVsOZAxoGJA3nMu74svt+w6f4jzBSCKN/f2m5Qsl0F0gWYslNPbhXPAhVyj99bGX4WFAfoDliscXfGMZijGb9urSSCwBy1dv2ntnyIIVvlr3EkDXSQdSj6F5GXgppHxSUyYaJg/pSNKUiWaaafaHs/Bd+HT5gnXEpYpmSMq8L0Jjb/J4KtvogX3+8o1oInXzdj/Hu0CZOF0Cy/GNREq6xO4KkH+C0fgdPSX9vbfxfvjJF7w+0bEeztu0/gZoG7ohX7ASKpWKifUBkYXP0ujYprCyqNK59FV3Mp1RUCbJlsoknsyIygSOZ3chZYIrS9R1UWV4JJ7KSR3rgc+RPgG+SDaGtUC24IAuX9jMCEa7y1TvHYdVCioBSTk8tNPrCUUzuTwmjejURjsqVC+/MW0gjasWAvmTr6ihQZlUrZwwiSRgVZTWKQpqs3H8wLVDMyLRmA6n2/IFIk/PfOuVd1b+ecr08x13kAzD/kKhaKJr0EJ6A3QadJ20f2RG4cgcg93Va7SDJDbZnazLn8zmszk0uZRK52SNcHjalcEEJENDS2VidbgNWH2JOHjykt7KArcGqv3t3sO3+/TqkzxAskVlUsXDDJscnBAUgqhvlYBDniYAEG/Qh4MWNhhL8J6AmXHpKA7+HbAwvUa61zBuqVzhH0/Nfu6VZfPe+xSU55EzV09cvAFiA7rooakLUG374ZEHnpy1bd8RUBGpTO7AqctPvfxWV58R/oWr6+ozLHhvFQihvz4+c8vew9u+P7zv0CmvPxyMotS/ZM4EvlWgu/IFlAMEBAksSWXzcEzQSCBiC8VSNJ6ctmDpKMoKfTLZkHKgJeB5JK8DiPWZWbVbgiHlk5oy0TB5SEeSpkw000yzP5bFM9U2Xv8pQgggigm/wTY+YOEQO8/lUZ3BqjIx8vuDhULh4uUbZy5c1dvYyvAw40DvUGWbBcMxOBojhICC2CSF88jpeg02UjNeNNAGd3S2cCTGecJN32jSvIBnAJqskgH0g92N8qV6Q3HWE4KWyLeQwETzNM73JUaGAAIKoSztKBPyXpkwy2otOJjMnKhDVCZ6yql0mYQgIoc3zmtxeEEP6CkeFAuoAjI5QPi3aBa2Lo1SmwBNgki8IwDNZoWIKxCXWiiWsrvD0hbCZ52NNzGtHfFlAHlmdXjanGyp4iJ62RwIiYIomKGf9Xi+CxoMghnXnCln8wVWCN8ast7W2XQUb8adIx1sUqNQZAialYJLGLQ4QCffRq6Gdjxh5YsmM+XKMByWvGhXMLQWWLI3hCp4DJjZRDoLggcMGgM3i9gwPggcBuSTkfEO472Ih97tAdPjM97uHrImM/n1237QmRk4GimUIdbKOHXpVreeAruts8KT0meyEw0AwgBMTws6WoCeJAZXJE61kc8yI5uhu1zbRdxL3cQB1tiTUiuUKn9/ctbj09/486MzQGE+NfNtjz8MS+ByH3vp9Vy+wLh8T7z8HoixcDQBt/XCzd5t+47Bv//98DS4xas37nrwmbmgYWCX5+Yu/fHwqR8OnoSB5/aFQav/5bEZlEMAHTJkYf7+5Gzo2QefeYW8gHjq5UWFQvHUlVvFYgk9KZVhOBp8q1QUcjOogMyAiVdkZNxNv5ekkPJJTZlomDykI0lTJpppptkfyO5mtoTAwAAdCZBfcfk6VbjcAuNA732BV5EPTQGHZdxBE4sCVKTkAH7jbbwfGAlwR0J3RNPTLuBemWxO1iQzKxiZFm/lYRc4bCY37luvcl2wysqiXFgWxkUSdomQxfhOCFJlMjxSzWQROyXRJupoR5mIABoNqkNWz3EE5ziKxVN2l9dIowmTySmTHE7BROZMau/j5W/lpduDEgB1ZOPld4dsBve6rBDqAZdsYkBcOeUrVJHNl8TA7mQmJxLHxuMTVHG3hKJJndXRbUDkHuQK4tltMGxaovRsytZI1iliEpXY1Jy+EKlPf/pKF7Dqfz49992P15XLwyBoxbOD1Nn1y8mNOw8M2Xgw6GrZuX5/I40X5QoRNkQdEUvnClPnLZnywsKrXQObduz/2xOz/OEYyAx4OkCupDNZeEj/+fScTL7oDUbgy+HOkPn9VRugKx5+fiFoiVOXOt9fuT6bK1ppzukNXu/Vf/DFd0jDYf87fzDyj6fm/Pu5V6C71mxCzn4nzl9VCoty+UK0ah5nJVSR6B2forTyPpVZRAIpn9SUiYbJQzqSNGWimWaa/YEsivLQ3hXcgRYe7Uqg7WwgiJI+wU++g3fK1kph4XypbB4kkN05zs7D8RTJfwU/9karXU+hiQsJCUAlGt2+kNg2+GDhvGaKFY/QCNgmHE1wnnZjA/L5gg05cXllsmT07pRJIIKyVI0pk+GRUnk4XyxZ24ilnqgyMTFuWQpmKao4gy3jbms6QgYS6NzUn60pYskMCAwbLz9XCRV0h7VZGxfgvdFkJk8UjohEOtM0HFwdyfR4ST7gtaTThmxc/VbNAdQ2nS34w3EDzYEqvmOgoLelY+93tnyhDL3NulE2NiDoAwbb9n1HMpkcU4vvtzqEb3YfWr99P9iGHejvT0fOQVc3Hkpq8HCBGWingeLB4O6QJcSk6Sga92pq5Dggiqycb8jK9ZuZO3qqa8gyYGZ0NoeFdYO5/WHRsvni1HlLH5o6P5ZMT3lx4eKVG5PpLCiTeDLzzKy3M9kcPBogV2CELFjyxYDB6vEHl6/eBP8+8sJroExiieSfpkzf/uOxR6e98cU3e/uM1If11V2OnLky++1Vt/sN2VZZnhmXn+KbV0BqCWlJE9rlJ96hKpDySU2ZaJg8pCNJUyaaaabZH8XufsIEEIi2jqNtCpbjiUdNNps1s4ppUmG5r6F0Ayw0Mt6chFLAoYCX39HbpC+DKUSVgLaysXiyWCzRiMaN1zRoBBwzEkvIlyoA1Aj2XvPK0gQRWCYYGSyFEAhTNa+zZDYHx/dHEma2tTLJ42ukx5SJfK0UsNaMIuM9Km+CqzhhAKgB+Yo20DI3lwxCMAKElXXL54WSKSRFAFU8nwM6KpLIuH0RFPrPBYKxFFyCjfc3FiEJqmruUDQt+tWAqiGdZpjgxAsBNA+0MewO4goGZCCaZITQoJm9NWQFQ05TRjsQcQPtIr5PSrMlersALLbHQHfhIHv4QIy4WiFvK7tADIacuKPgC7Eu718ee/kfT895+8OvNu7Y/5fHZvx66gowe3KcLtyMS7f6v9r684qvdoAGADOzbofgdwiBYCQO9zeeQk5jhWKJhJ7DXcMJEWruZ7jqpeg5RgzWk81kJt2mzvBcBZjV4TajmTocyyTvSzmmvzZWhX3qvCW821coFKct/ADI/UuvLvXjlxq8J/Dw8692dHbDNtD5Q2YGlIk/GBnGk6vwsIcisRQuDF9B2aVbzFcoARqsa0+1NkLMRk3M2SoBt5RPaspEw+QhHUmaMtFMM83uZwvjeRLZi+dJAxgAMEX5UlXE4okz5ztOn++AvxSu22BnHC7BA3wOF08oSyPmYS3vizTG0IcTaanD1SgmiECtrDwqWU2xqAKazMVryIZebKsQ8VHMfe3uoLp6GcUsmeYQQcTTAk3oThXXwpMvxQDm6vKrRa2M1iuTdC4fjmeIC8ooPnKVZDQaQWQLeBgKisjlo6m0JxC1OJBr2e4fDwAbVr+/VeS05gNuqsIPCwU0AzOsUCBCHfEUCuJvX5kwLnSzWCGYzRXgosYCM0ZGQrG0cgNxiAieryg2pCgIRNQEsy+cEF3DxNm2xsxabcLMuPH9ki+XAloId8doR5EGMuN9UVaoi7ppiioe5Nhq++LBsOLL72AAFEqVB56YNf2NT1TuVzNvuN8bojKRr7hHYNzycCwL52+akrhNQA/TLr/bK9fMbaJryGJxeMRvIRPjvq2z4plAAvn2Uj6pKRMNk4d0JGnKRDPNNLtvDWRJ2/41bWGiygR+is9euHqrVzekN4E4OXX2ciAYstFMKgUEtBqMogKFIEVEdoUS49bSTEkB/EO2EGi6zRkg0xewCgTDEOU02hFTFw0O1ZIrw3Eoic9YU5TLFTOLnWG4JjEY0Cf+SIIVmr8cjSWyLTPJSpUJYq7eCGGlQGhC0YTTF7I7UaE9G+cB0mNiBKB6FhQF7rPxaL5ox/c/9xqohj6rQ5UkUJZ4u8kAS9N43kNdyylhrAa8wsEbga4IpRTzmxivifGhwizOoMMdgb/qhyDJmqUJygjUlYmYGQy6V6xNmavVh5koSECOejtB7sKdajot4/RHna2SIqgAlAkIk0y++K9nX/nh0MnmhPe+gZ7iflNlYm+YdkM1lOrfYkwIJZxfK5JQG04q6BqySpUJGWkDZob3BHzhWDSRAiUOIpzcNYCUT2rKRMPkIR1JmjLRTDPN7k/7LWopTlSZBKIJ3oXmSQKRhI22A8UHcWJhXCKXquKqFL5wHNdkzMHfQET+JhvEgzsgZ3LVZq+E4VBef7DPZDcRIYGC4wWVl8oEwMVVSt1VKhWzA9NodrzZBFU0ERFw+SPFBqIsbgkc2mhv4ejFuFBOJDwlUmYFnwVPzlD1WbNQfAuLZAmQXZ3VYbK7gZPBwkEzs3XnD/0mpnnra4BrpFVnCaDBnmBkQupCihgK4g9YHAGcngtl6HIF4uF4OpNF9SLFKSARNFYmIYkrXbUWLi/ZqglMjBt2bHSoU1cmYmawcByF9NBoSo1vea6mqOLynSZGrWAlgBWCIB3tLjlvRqs8YdDk8qVtA5TJlBdfe2jq/D9Nmf7Ak7Phw8w3P5ZvdB8Aehe4uAkNWnfLZ3DS4D3yOROQu3dTWZVobJVwLHUYaBTNJVUmoo09yNI0APD8SqApEw2Th3QkacpEM800uw8tnBwvh3wPATR9QsrE5fGn0xnQM7TdYefcwAVBmegMJtlmsDwSR1Uajaw33hDnAEvSbb9zhUN5A+EeI11jAwET7Sg3KAcZQDil0vLzErAgG/BsSb4+cBadKBjjPXUx9+LavQfPkg9AcSjnOHmCbeKp7KDBFgxFqzjeHZiQGadOQjHHjJtEKhMpAv9aHD6nL+QNRn2hWDieSqVz+SLK0UzYvj+SJMqkR2+TsWw4EZC2QqFEUqOC7IHDhmOKkUawPRwfTQVMiq+DnoSuzuaL6VwBRogvnOS9EbsrRPEBC+uHDy4ftD8TT+WKpQq0nMKXGVJujxKsHHoh3ZjRtYUycYXJZdHOMZe/PhMj36g9VHGeAKujRb5jA55XaXqBdnew6fI2sXL97sdnvDV13pKp85bC3zeXr1m9cZd8o/sD8HQY8ahuvF/3Ci6fPOIonMg0uoO2D3cA9HmLVwkqAGVilCgTuHyihJVMyic1ZaJh8pCOJE2ZaKaZZveh3VsnLhHFYjGTqUs7q45oLH71xm07y58+35EvFECigDLhXPJcsSLKlQoQd9AnYgYw+GvCKbnaBGxP3HUoThiikHMXMIN+M0NiZFUQS2YC0aSMlfO+KCIQDU5cFKoRXucqlkim12z+Xvz36TnLRnAMMbSnVK58+NWOFxZ+zHkCIFQeeekdk4V+YtYS4OiBWJIQFNAhuCqiBz4kUlnyjhn2dQhy4iWF3enbuGUH2LrvDsjeE+cLpfc/+frEpVvvfLxx0GQfHhlJZVAVc+k2BG+s2FAslfcfOQe7wNlla9sUKp5gtHFfEdFEFg4DUrlQKkMzvMEE8Y4DoSXftBUIz2uknurKxGhHQwiu5I4BSVaUMIptIS2aoopi/VFNyWKr8p1GO6KnTTuc4v3JpFq8fjuIJtKZfBHZRJ7H3x8WB3I+/O28uXyR1hoPxjB8n8iXKkCP8pKpjY1yuULDIMQWa6jG6BACpFoOmTmxct47OuutQUuXztZtoPvN7ICZRQWFULozNJKlfFJTJhomD+lI0pSJZpppdh/acKsKX5NDoVhkhVAZB3TK1ykglUpf7x46e+FquVw+fe4K53QHAs1DMqQAJu3xh80On4XzZ3MToDWwC6KeDHIhS2eyYlj8gJkZadUn6Wwe9AbZDHZnhDCN63NLL3bDjgOJZEpcQuY9qrii37zFX8x5e9W3e34FxbJ09dY1m39456N1t4essHbIyums/BsfrEtnck/PWQoaYO57a3A4O/ypEB8t2CwQS0vDPOAktGS+pRGMENq0dRcok9MXb6AX+ZzXwgpmRuCEoInid/x4PJfL3+nTn7xyO5cvznzrsy27D5Fwf384LvjCZVw0BJRSOptb/c2+fL6UzcpDL1Zv3JtooF+N4JHzkqKA5H0x2Xghvvj5ovx06qjiaBm4p43DT12ZmFmkmuBOEdV6W28Ty5tMCKCIKA4VYWxsgBSknU0V1ChO45a/C3cjgts6igxsC9vCr+x/FzZOgOv1q5YuvRtEEhkxH7QS4Ha0GdgDW9o4D+NS1Nij6O1MKZ7KVDHk60CZeMaUCTz4stkSMnRxFRdXv8kOG9wcMEv5pKZMNEwe0pGkKRPNNNPsPrSmlOjukcrmHUIQ2D/vCUaTmUKh2DIsAX6/3YLX5RaSybSJctCMI9ee0qjiesxuf5R2BtIo66h8g0ZUKhUb7zfa3UEcrAJH6B136/JzQvP0WSJge7hATzBexWVbgFHBXmKeH1ibyRU27z4UjIzTLJ3Run7Hge8PngGB8fjLi7/78QQIj70Hzny17Reb3RWMJBZ9sK4yPPzNnl8//HLHy2+uiiVST81eAorg43W7xboKOEspDxcoo1ktlQnl9B09c2Xztl16CvkOiebyR6/e6n9tyeefbf7h+QUfROPJg6c6du0/Pf2NVUs//w46c8brH73w6oefb9wNbQNlEkuk9+4/dfbSTZ2BGsWuXwWsmeDzss+3teO1b3chyiVfWgPjDsnuHlEIjSm21DFpZULKVhbLFTIYdDau8QjtAGVoYD1mVnHSjwC5q6F2Nq+JYWS9k9NFUnQNWci1mBmnfN39BM4T+k2VCYiElm6rIyNVIagYYSUFbAldKgTUUlbA6eLKVUrgm2fQhpK/deupfjMjVSZSEx9VKZ/UlImGyUM6kjRloplmmt1v9lvEvo9iouwJRESyVSyWsvmi4Aujkogoc3+UZNyS7nLx8o1TZy+7PX6b3cG70fSFzeEutfKEaUQinTOxXlAdubyiqoFTG+yClfNJndph4R2dFUgzOjXvh/a3lFKZXNHGjc20kCQ/cBC4QEwoy739uvPXu33huJ335POF5Wu+S2ey099YmS8U/ueFt/LF8nc/Hn1y5uLTlzv7hiy5fGHa659EE+mn5yzLZHMPT3vHQPHPzfsAdOPpy11A16o47BuHSqMstHCZstBb9UrwwLChkXobd1tvg+OUKpV8oZTK5qDZh051ME5vLl+62q271qOjHK7Xl389beHHL772yfDwcFev/tCJ89AeUB1TXnq338T8cOSsLxiFtsE1Pj7j3cs3eucv+SqZys5d/EWpVNr+/YE9v5yu4jGATN6QUSsnWJT5uqW+Ngs01eJAMw8T1c/DIyOwV9NiOAbaa7QjQ1H43LiBtAMzMz5vOOHwoNrecAQVZqkOkOPQcj3Fy1fUg1TAVNoMnpeG5k8YAzXWq6c4+br7CZwHnjsv/JWvuEfIwOPaauYNZ6Nu7fQ1WrtxqUzdJGFt2I8BntBYMgNfI7liCQyOHIwmgjiHHu9BZS77LOipBGXSZ6QHcXlTmSyRmpRP3iNlEjGt3XgY2fbb8lUa/u9COpI0ZaKZZprdb3bXtKc5gAEAqZIvxajikgulciUQihAXLCvvF0LpSzd7ypXKpY5O1sGfvXDVYrPHE8lGWtkmqri8Ghyf8zZ5qWmgECEIx+SyDPaKROPEs8Li8HZh9yrZNlJEYwkav1aPxpOhcNTGo+zDFlw1DxU/yReWfr4VmmF3B8rl8kuvf2xnnQeOnjXb7A+9+HY2V1izcdeLCz/mBP+Ts5a88OqHejwZ4hICNtadSmdl9VtGsYMQnC6RRGSoUEAOVtK16nm94FoIv+nGcx1SrNv2w0df7/z5yIXZ76z2BcJPzV6aSGUXr/p25qJPt/9w1GJ3Xrh65+Fpb4MyWbB07aGTV/zBGJz95UWfwqW989H6mW999vyCD1mX/6lZSx5/efHOn0/lC2W75F0vqCkzK5jsLtBaFlyZzmh3kSp7jZm4ZPqqisSYF47QUiXKAAencZSIfIXynMmYlKqiOu6kCh4wRfUBoAKSsziOb5YKWAHNttGuJvNdcGrGHZjs+cdhZscSZPeaaPm6+wmg4UGZsG61YXw3KJTKLWu6qysTuBcjuFhQMpMzs1744hqysvBAdeOK9Xd0tkELC8NbR6O3HiSnFpm4k9bNxIbybciER0uT8sl7oUyy1kNbsCzZeDg44RdAGv7AkI4kTZlopplm95UlsnfNehQQiSWtrSqdV5ELFsrfxXnCJtZ7vqPTxvsvXr7B8a5zF0GZ0NnsXQXswrUBdXZ65ZEqwIahbSbW05TsQqv6zCyhAmaHN5ZQoSlVM37HiePRXRY8eYI5B6bjvD+Xyz87d3mpVMpkc7Dx1PkflErlgycuXrrR/erSr5d/sf25V5Z/s3t/Kpvv7DNevNFDJnAQVW/WsFF0OUW65tdULFVkMdMkdFsJt5SVyanLXSu+2P7q0q9Wrt8NcuedD79evfH7J2ctnv326h8Onzt08tIn63aDlAJlsmT11m37jrl84Wy++PyrHyXTmfnvf8k4vZ9t+j6dzYO+euaV5YtXbsrlSyBFQFEQZiY14j0PhpKJsYLd6Ycb5A1Gw/FkApUbL1ocaHpErBVIbhZsr9QnSigU0Sttna3JXISSMhERT2VJdylNZbQDM6sY1y6FCSdb8zakuh7FI4HzBCd43U1gcYy9ie813tfKxB9GLwWMdqd8xT1CsVxpGV4vKhMsQlCa8jL2yPKHY55AxO7yGWh+wMzAV8SQjYfBbKBd8E1iReWDvHsPnkLzew2K4u6NwjpfyifvgTI5tHlMlshXTAj+nh1Xx2c5vVdPrd14SrL6nsB/Zc/h64OmvsH+DZsPD7WQ+m0BrvqQQb7w/x9IR5KmTDTTTLP7x1rRs7uCwxP2tOeuTZDO5E6dvYzt0skzlyxWmnFM0r9fHUCmDXY36Ieysp9YFYehE04AhCPTTCB5gjELpp4mhw/4q57igDoEw7FUJicG/QOtAbL+0Vc7Fq1Yt2HXoZ9+PbtszXd9OivtcBUmGDVBEIyi9Fw1AQNCpS6oAzi99F8ZRGViajaNIEU2V5TGNri9QbgoI+XI5Ar9BuromY49h849+8rynb+cKpXLT8xcDOLkqZffHh4eBlkC17Xk029Y3pORUMBypZIrFJOZbCiW8IaiRrsbDDQDKDozizKMyXlYbaYFjIS/U8gvC5WMhO0pEDyw0OllnD7G5RMCYbBoIp2AExQKcCIi7SKoagocREDTIFimimipTJy+EBkAQEDl69pDLXqkdckXuC64qJaM+W7g9odvD5pPX+68z5UJxaN7ba0PDYLPuMrNxHz5RIiHwsdA03R5iWMV7wmAWViXmXHCIzxoZftM9kEL22OgBq0OGKUmBs1+yMan1AZM9r0HT+/6+fjOn46v374f7NDpDooMaaffxHoNFA82YGGJ9RhpsG4DdVuHrMdgp1H8j6tr0AJ3Z9DCgOnR1KIbfb1wAtw7MHhwoMFSPnkPlMkO4se18TB+1stbNx8+apFv0xq/lzKpvXVxrd3T32R+cYIQlUnnT3cnzP6YkI4kTZlopplm94/9pjAw3kKhheOEFMAfgDSgTLg0Y6NZpzfk4J3yje4auIg78tQKhpq8ohYBTIgVQncMNNnYxLhl4sTuDhJeEk2Mp95qinQmi1NqDatvJoM/krSwfjBSi5D3RePpLAgG3hsUQ7rhTzJVR2dxiUDpgjqIysTpbxFhbOW8lHJW31Hkr1/IF8qEcyO2R+Y4qlUS/g4XG4mnSGmURsBOQMRp55jLFlERsDfcGthRb0MCL5pMAWv0BKIuX9jiQOHvKGDDxhtoJy7kgiSKWGKy0ejazBX+0DBd4/BaWA9xLQMqDAozkcnC2bFrGboKaJWedtlIjUWro671bSOVzdEKMzZSVHFqY2N9Srd7jnAsCar4272/3s/KBPoe7hp+a+CHv6Q/fvr13P/8Z/6/n5v3wJOzZAV2yMip4kx3oJzxFOJwIp1duW7XwRMX/OF4uVx5bs67sDts0KO3PvjM3H88NadPZ4VnXzIqJuZVhUaR06+3CwNmptdAdw1Zbg6YOu7o+k203saCLKEYHk5XLJVBtKPHfhgNKTL7J8Morqzaa0JZN5rmaWiElE/eA2VyYeeYMlm77cLR3YfXbr7cNwl5rKxMhs6eRQfffLSv5iuGRMVIdMPmwxu+74Sv2ajuBmyw44RYsmp4z86j0u1rkCoT/5gyGUnt+/4o7L7nIp0kqrUc3FCbBRqbCBqJkjZITjGGMWXi6icb1y5B3oC1mzvsVy/ABht2XoB/f8Frtx7sIWuvHxm7wBMDd6+VfldIR5KmTDTTTLP7xFK5Sb6DbAeIfSoXSlcC2ctio7v79WcvXKXsk3xdrQLBi+gmClpQTQpsdwVR/DQn6CkUKgBmkIQOA+WwOJCTkmXiLkZtokpCcUqVVLYQiqXd/rjdFbI6/GbWC4ycnBT+hOJ17/4dnvGUA43oNYyljhValWtAkxhONccwMyuANlMpfZ3JFeIK6YOrqIaMh3U3j3IGwUBYmohcoQBthjMWy+V8sZhK55LpXDieCsWS3mDU7Q87fSHOE2JRkXsPGMhI7CfmgV1wpXnkUdboVCbVKigGBu8F/zqEgNsX7jPaKaxMDHZXTXYp92wzuHwhCs/zyFfUo4pLMTIKvXGvEEumj124uWnXwT6zY0JX8XuiRJKhOX3w0MGNIHNfD01dAOoimcqs23Fg4ZI1QPYZl1dnpvcfv5zK5FPpbCSRnv/eZy+9tiKaSMNt+njtd/AZFMhbH64DbfCnKdPf/3RjNJ54auY7Q0bbD4fO7P7lWDgSszdIDpkR7ykKT9wZ7S49xQ9aOWgVCBIDzdvRTF0kEIknoBHFElHmoEIGjVb1LxYZ0C5W5Dj6v6BMDm05vK/Hbzx9XKTy0cn9Ivh7xCPUDCmTaOfZM/zYF0TnT4et+OCwdk8nfifEdq7d3enAC7t/Pozkf2xoz+ax6Yuj3x6uz1NQUybl7L5thzvrv76u7zsMWgU+bK65pRX7LlzBsYXQkgte3AbrjV8G6t6TjSkT6AeJM5u0AWsPIjGzVlyb1YNyw5+G7WePd+fRhf9x/cGkI0lTJpppptn9YGVFSnlvAD/PkfiEy8ORGiagSYxmWygUuefKpFBAQRoWxlVUzmwL/MAXTmRxlq1R7IYEpISQlSELU6kMp7J5oBFmh7fQKsnPbwFgumJINzAZf33lOJc/qsJvgG0jyoVmJNSSTVWxG5J6lQYbj1g7qfDYFHCEmEJ9QDg+dKDT2/wlIwgJk72udB1IEUTdOMVcXkpAUyJwsRLxBnezjDOSpZFwyri8EW8oioqrOFAiZgPthO5Vdi3zYl8yNF1jdXhpHvmSES+ydDpHytRUa7nIkMZmBBvni6l29SiKyS7BKUjdmN8OyUzu1JXbG3ceHLLxLb3L7iFwh8iRK5bg+SL5qUBmmBkncH0dxfWZ7HD3ewxUDy5waXYIuULpX8/Oe2zaa+lMLl8sg3SBL5a/PDbjzKXOz7/Z++aKtcVS+d/PzWedXm8g/MgLr4ejsQEDBUPr/U83//cjL8Havz72cr5Qhjt+6HTH35+a89qyNd5gJBiODlocxLHqtp54VVm7hizEkwoJVAeI0xiMkCzsWfP5NDJo7q5l1NCEAHrGZEfvPn53ZZIiKbmO7ut0HcIzDycGmz+QreHv2Xykvw8FgSC7fuQ4USagRsZfbhg6TuDYNlhFNMPoiGnzxbEvMsfF40MwRrvOrt14liwZOnLYSD6NASkTIns27LlRtwZvvHYPmsQY9yIzdGC3tPjan4ZqX5DWtSfqpgubKhNpA9Zu7iCb1Vb61+7Xk09I+fjhEpi1O9E2f0RIR5KmTDTTTLP7wdpkJ6VKW5s1ooCCCibsGOBwCtdu3haAr3CuXC7HOtWKK08CQD0pZwB4ucrVJzJ5E1s3EwKChDDUfovDZOdJbY3GQu+/D4A2iQ5C0ETOV+eT5gslVe4sCZwAkg0sT75OgipWJupVGsh8woiy639rZeKTpyVAq4hrU30ANNwv1Gzl+idKINMvStoAmhGKpvFsyNgMVa5QjCXScOGgynS4ygSNHfmI5xiedZG/WUcalfWAVoTtYWA4hKDTGw5E4vFUFqUjYxC3lp+4HtFkFi5ZRePdEwzoTSQKYs03+37Tc1WGh6EbgdAnUhkYAKFYwu0P2zgB+DeQftAeIACQEtBToApAG4DsRx56rAceOlnfgmXzxW/3HH7w2Veenv3ulc7+UqkCd+tvT8zM5AqBUOxfzy0IhaN/mjL9XMet7348+sATswb01hs9+n88Pe/Raa+DMqlUhkHGpLJ5OE46m//ux+MvLVy+bPXmYqkC6sUTjII6ghuUw9V4pNoJQ35pZMwPS5KM3z1GUAoNlDYNBlLLEpCj90yZjMkSTPSPyN2cJgwFb64T30riN/w9e7pQ0OHajR1DY4us4l6wCyy0ngaBdDmZiBOrF4BSb64x9B08uu+SHrbsPjymTGCbbiFVHCn/soVMuTBrD6INxixb5yGmoEzGG5BMoDlfScyMf+0R69hHQwdSJgjD18+e3bz58Alr8wni+xbSkaQpE8000+x+sGi6qsQq4Sc5W0AbiBuXKwqbKsMfSarQViXEEgmDlSmXy4yD77rTd+7itQL26GhZHK0lgHd6/KhGO6eakBRO5PSGKpW6X0VogMHmIFSJvD7nvOEG3vI7Ab2w58YFm91Vx+9DkbSSMoHFBhpxIGi/tIRLI0ZwGZBoormuGB2P7VZ8y1vGwTxxBUkAu0MzvMEmcT5V7NrECnWuTf5wHHW+qndZU1jw/Ea6Nv3VCBDPpWZFDOG6TPgFuZVDRWkIUUXRAiMjhVIplc6BEV8y3huknD4bh1zIzChB03guMtidFZqoLxnsPIqWUerJe4V8sUSCs89f7275YNak2gieIcxFk2m4UgbnpEIx4hYWB4jTIDP6zeyglRuycToKJTNA+QzGJNy4v1yj3mhpRAHCvgmQIMUK/BH84ZXrdzwze7HgCz34zCsptLz8wJOzu3UWUCZWxokmVWBRuUKmSjp7hv77kWmlcvmvj78MFwLr5ry9cv+xC4dOXp726jL5BbcBkoHaxAr39k7B0fAQQhebzDRJsyGDlE9OUpmIaYLBxsIz7hIKyiTadfYE1ejNpahMiDeXAsFvokzE2QzYiygT7/VTrvr4lLUbjx4yND+kqEzObK/z5pJt3UqZjAGuq+7/+x7SkaQpE8000+z+sVRuNJkbjWdGGldJbRKlGO2uyfjNc57whcvXT529fPrcZYZze7z+O4Pm8x2dF6/ckG86QRhpDn7+1TPAIj7KKuqWwdrMCY0J6yDy7Bp7zyrf9LcE0D63PyL+G6yPCU6m80pu7kCsLbiCJNXqDX0FkzCVApe4gmHAWItRbkS5UoGzpBSY1jAuyRKIJOQrxqZrAon60nVuLCnVvcuagiQmVqkcnyuUSHFMGTK5IqHUcI1K/akOL1JTLRQgAU795HX6ongqbzLnahM3ew3f7DlsZoWa4xkCkHmQWBxKTuXWURwojV4j3Wfh9LTTiCeLGqeJ1A2FZyDzN5oVRW3xJ+26E9h2Gjq3625uHbz6+dC5zwfP3TJbSdGVfjPTrbfBB28oBp3/z2fmznh9BagLEB7wechEPzR1wbmOW7+evvL8vKWwsKOz99/PzX9t6ecvLFgeisQ/+XrHn6a89PnGnVOmvZFMZ1Z+/R1RYnCxsK/ObJf3S3ugeFTr0z7xQagOaFUwliASzlvLyVEdE4dobRU7v8E94n0RxuWV8slJKRM0W3J8z4nL92a2hEBBmYyO+NduPm7kXNbBflAIZK2aMhkd9l4/u3Z3R9+g6cT+Ma+qGpook0PfHr5g8hg7b2zdeVScM5FprSvfIwHWPWjqvtp5tD4mRFQmfQcPH+1xGTk0pSNtwIYTSIeoKRN//5lOU1Jg+jpvbKh3Fbv/IR1JmjLRTDPN/nA2CWVidkzmJ5x1B6929lhYVyaXd/BOk4UGlXLu8s38RHJ8NQKIMqFN0VgTNiwiHE1kc4oeaDSHnbhqZnZ4b+uoAaPNF4w0ZbcE8cRk5o5UAAzGH1aMX09m8mWFECIgeSQ4BCkT1SalM3ngoyosmbw/NtBO+Yoa2lEmTYvZZfMo2F0mnJy+EOgxXiEuRQU2zmeyu8r1M2BSoFqf9YE6BPFkhiiTIYpX6QcVsC7ENZXmr0RUUeCQx0i7OE+E5oMR5XmquweIjYs3eq2czxOMMm6fmXX3mey3dbYelKnWYaD5pv5UbZqV94PEAiHX5WC7HMwl2nJSPwC2ydixy9r5reHqLmPn9+ZbF5zmQZPV4Qn0OFlvJBZLJIF2Qy9VRkY88Rh8MOIUvTYO5YYmPf/Wii//8uiMnb+cWPD+mrlvr0yks49Oe23Ki8hZ69KN3ip2w1u6+tvXlq4hJYNg8Fy+cQflxBpG2fCkTx8h+uM9MhGY7E64ocGo2hfIJFBFYVTInQ+eOBAe6WwenppwPIXUuNOrpzidjUPhT2gmCt0dKZ+cjDIZj9Y4OBYy8X8JW789Ohbu0tOzdrNM22iog3QkacpEM800+yPaROHyqUUpKIHomVwuTzHcmfMdAzqT0yUwvGCwsnd6BmROVm2iiuYKkHuJ+kv3bL7oVs5YFYoihyLG6fWH4/2WMc8u0eDgwB4GrVyvgaIcbtgYiBGhRHPf/vj5+csefGYu2NY9h85duXWjWze51/CjmEkjr490c/cEQCZfKhab9xKe6CB5ybzqjNkfQtXuVDaJJ9O0Qm11gnyhBEfIKkSzQOfA7o2Zu+BOeXA6V1nzWHcAeGowOrFRWCUhK6qzZKM4Z4C0cgsBK4zd2V7jJF+xA0030Ir9I6KIs1FFE8jtDRrMuFt7f6EX6riviHfZCE7ZXK4MJ9OZQCTuC0Udgt9k55HDlZHuNTGDVoceu1pRzrHI/pZ1ADFRRt56KKiJ4sF6jAzx0bqjs9G8x+7yDZhZHfwfjoFt1ne4g+FIKh1Np0vDlR/p7gpWBUQGwN+f6bEkqyJA+5VGxru9Olr9kbozijUt1s/+fK1SOxwDBozJ5ghHY+SAT85YBFeayTUfXb8FxsYSzZfvafg7AUgpknSBdHut873wrUVSxtk4gXEHXb6QEIhI+eRklAngxE9n95y9R7Ml9xXC/fv6xl8Rbdh4XLJOgxzSkaQpE8000+yPaBNCqVSKYLI1URgYNGF/7uK1rl498C3Gwd+41XP63JWOrn7OEwRKrVIbUQlmB3rXqDKtMYo9nRhl9zMgRjZcYEFcEghHgfaZWC+ZhWg0iwMFHhQKhT9NmS5O1AwPDz809VXQFSLxBlrZPWACa5zEAPXSGGubyuaBteSVg6oLxbJSWIVYyAUYs/qbY6tDUFcmDg9iUQ5BcRKDKBOldpLksOmGwoJoLgUHXciW23gUYp5Wns5qiupYNt4W0SlVVFzFJ7vYXpwbCmzAMpnscCM4xF+9IMwoPrXgj8BZQFf4IwmQaibGF4imUfk/b5D3BEBjmBmXnuKGbI4+kx2sx0D1mTnibUUcrkhpF1R/ZuIRHaQIIFwjzk9lGzAzFocb6G8smU6kswUcYAN/D568smnngfXb98PpxDzRQ1YHSYgM2+xneqXXddZlHK7WjeftuuvSfwHxVKZQqXuW1w+RjKwo+xy0TWWIvvvJBsblY91+xS3uNSoVpOqVUincJap4tNBIBtMFUMmqMXVSPjlJZfJ/F/61Wy4EcfB696ULG0TPKw3NIB1JmjLRTDPN/og2IaSyBRW3KBUA0Ye/xVKpiqLeKze7B0+f7+i42cM4vRR2ZnB6JpYbp1gqk2SvKkQHVgSiqZRyJjGngDifPzge3VFFJQ7TRjuP+KIZUbSmEgWUyX89PC0cicGHfD4PbfjHU7OlsQeHTlz805SXwDbuOCguJICNI/EUEDjpwkQKOX6ouCcBj1RSJmS+hW6j9p8RJ9tV7K+az71HEu4iA+jAlsok35BzGXrGhrJgybMDg8Yz0M7cBPPqEmXiDyHvcXV4gnGZ/1hXrSSlLEtYmyAXGI0pOkHCbYJbCQoE1AWwUjjdZxt3bdlzwGj3dOMC4aRYOLB/4mRlUa1B3o5ZOVS2hXwGBgzSq9/MgOaxcYI3FM8VSkCJySxHFWc9JoB/Bs3M+Wt3QJZs2HEAdhQfIwvrQo8VlmFHuVroAMYVj02mTLYOXJX+C8jli9F0nevaNvMN8gFuNzRSJVEVykNQLNtdPpUhem8RjaeoBifDewVRmfSZWocqSPmkpkw0TB7SkaQpE8000+yPaBOC2xtSUQJKgF1gR/QBT0qcOX/FzvKMg3dwTqdLSKXSFOehUYCHYkooGcrlCir4zSMf7mwWCQP5Fpi/AmnzhRT9uLLZHO0MWFm1/MUjI9VMLh+NJRinhyRCNTu8jDuQzmRBmSxbteFfz77yP/+ZDxzur4+9DColFI4C/dJb7Y+99CbQ91Kp/MEXWy/d6JYd9s9Tpv/zmbnSJaFYknHLZyoQlaz59pRKlUgS1WDI5ItgqUwumswS09lQymAaO424fSG45EAkTlaBmIGNgZsOj4wA/TLSTovDCxeFjinSVQmMKPmyYlJgAJxXRUGBXKSb1YWA5cgJinLKloPw008q3iOaSBcU1JEUiXROxoNZd5D0FTQyUS8O24E3FCP7Qq/GUznBH7ZyngEz04czWRlolzjFobM6Dh0/+/Oh49v37t+4ZcemrbvOXeuRKopGoyQ+P6hGpAMZHJ+UAuzDIew6m8PCOB1CwOkN+sOxZCZbrgwPWse8EFVunBQwnEB4A2k+fuHG9n1HP1q7U/o6n/MErDg5G4gQkCKS/UY5b6g8Uvf6YLf1lvTf8vDwRZf5mKNOz9jcY68PbHjeLK7aSNqJFKzKkCCDFmmYUjmZQfdXZeOWsKGUay0m3xqBG4DiXjL5AtyCcDzpC40VBmXdKNccxSNnLTPrtuFvNrhx8kM0QMonNWWiYfKQjiRNmWimmWZ/RJsQDIz8tXc7gF/xeLouZtrtC588c+nU2cunzl0x0Q6UXcqOqkyo6wQCwRci0bRF/G4+HE+bWG/jW0+HJ6xEoAG8gCpAA/ObKKkBSgRM32S1T1u4ooBRLpdz+fxDUxdAexyeUKFQfOXtTy5f7/JHEq5ApGfAPOuNj0CiLP5k3avvr9578AzQmudmv/ePp+aMouB7z6IPvjx65hryzi9XVm/YPuWFhSvX7/H5I2aH0G9mx3x77G4LIqk+0Qj9bWmY46LtceEOD3m/jupe48PC8XHKJnuPgUamp3Q2HuyOnurBYQxgJsYFZmFdnBAAQsy60anjqex4EqgxILqWSKP6JI0ObCCWkJJ0yG8uvig32nl0dPnqTX97YvYjzy985PlX5779sWxLEUABL3X25/KFpZ9tanQbIyBBGjWM3WH4MOvND9M5VNvRjma9yg88MWt8F3wJIsjlAIrlCtxHaPmAle012aFzcJ2TJkUbZQad3D1k6dHZ9h06+/nGPcfOXyNzJnfGyv9RSGyY7IMWxsK6gdRyLh8oJehA0H4gQCvDw2CgOtpJhTeIq9nQKCta63mk4eFhIks27jiwadfBISubrQV+EITjKcrpg+6qjIw4hHEHPOiSbeYbP1Ld4i2HTjtpGIC/0FR/JDYg8Ies/dlCKVcqHWL79zO9e0y3tuuurxk8XxpGTyLvDVEoC5YXqLwnEBENhhbj8hIz2p3ojQPvoXlU8pLmPTbeTwzugolF6c6skmlMPMI9sCoh8aVsE3AJ8FCA2JOvqEe+WAIdSHGC1SHArTejNvjE2B6p2XiPhfOaHD4D7RyyoZzLoFphOTxHdcOrGaR8UlMmGiYP6UjSlIlmmmn2R7T2gX7IuRYe9k1RLJVkxRnPXujouN519nyHS/B2XL8Nv/3BWJoUmlDP1gUKxGBHm1mwK/woblU0mbU56wgcLLQqN7WKilogx5JJF1U8dbFz7eZdlcpwESMWTzz20uvZfIkVQqBbHnx6tsnG8r6IOxC9fK3rjQ/W6kzU4y+98d4n6/72xMx8vjBtwVJQJiBXHnx2wbx3V/350elrNu3OZvN/njL9yMlzf3185p4Dp2OpbCP1+T2NkDAD7SI2YGbB+kyIaXXpbF1DVvi338SYWA/nCYViyVgyLQQiyNcLl7cT4xZGUaZpFHXtrK8dOYqT//JCkHA2UCYff7ltxw+/rl6/Y+XX22Rbirhyo3vh4tWZTPbx6W8oTRH8dPT8rv0nd/1yAszhGufWf33s5VQ2F05kCsVyoVgSlQkQ6+4BUxhHDZXRXErWG4waGfcdne22zgbKDS6/pRShsWMV9NiQjYdegktDXlU0f+JC568nL/gjKRJnkszkckVUAdAdQGHfIgISl0IRsJxuCM5pRJ+ZJbHvKrndCErlMsOjx6ffSIMsOXW5s3GCK44dC0HSVUaGHZ7xebxIIWOLBG54aSYRNMW8nU76lGHwW9O1LQNXtw1d+97SdYDp22K8FsglQZkcZvtZATRdKg0icrhcxMrE5QvDkU2s1+zw2ZDkGLPGnlQxiveBMkHhXix6hK01dzgjI4DCIVWSxi9GFSSpnUO1DhIA1JFUC6E2OEHhQwMEiwPXxnG4aSeSVaCy4BZEEym4v+S29hgo2EBPO1VaVcVlnaR8UlMmGiYP6UjSlIlmmmn2R7T2AWRFCLagPk0BVA/4unTJ+UvXhoeHB4aMHO8+c/GanUGvLUF1kBeijRMgBPATDpwGUQF27EW7CPhph1Uk9RP8MdbXepeB1CVE8eLyNe3Caue+2vL9oy8t+tezrzw58709vxxfven7cqUSTaRLpdLfn5xlY12uQCyTLaxYs+Xyje5cLn/0TMfxs1cffv7VcDQx882P//7kbLhMwRe+0NH53Jx3H576KlzCzW796o27gUC/tGBpIkNSjuJ8Pk4/rkfuNuI68cSacuVekx1nbeIGsJEtYS+yL430BookabTGQ03IpMdBnkgsSg4LJ4VOhgYMYn8zsVWiwSUMWBzQYG8o9uYHX9gdQr5QyhWKMDZWfbXll6MXX5y35P2VG4BML1m1wWhjYAS6BI/BwiRT6SdmvJnGjnyeQNgXjJLbTf4+PHXBs7Pf5dx+nZGKxFBy51yuAP/+7fGZcHwb41q6auPDzy+A2wRqBGTJv56bf/7KjQefmZtMZUG0qPcGhaeh4NL0FFIgQxYH0FO3P+wPx7P5IpqjwY2AS/OG5UpMCiE4Pr8BO8BVSFaOQ0Vgi2hTmUB3Ddk4cnW4ngmSi/KNai550C3FSuWIZfC6h7rupTr9TIfLRocDg0FXvlxC+emaPV+w0JWMHXUMShfCOAdxAh984ZiN98I4ZAWUkEpqIAWJOQQYRb5QLBGOJYnFUxmXN2hxeFHBlrH+RV1cxWU9oefh+LCjmXHVBqHPwrp9qGRKC0evaAJN8TVqMymqOHkXWCAST2ZQ8gAyEUeOjGP61Ypp3sH1W2CzkYaJRBE9A4bXl6+T8klNmWiYPKQjSVMmmmmm2R/R2geQlaTCW2p1RBIZWV7gsxevwc95oVA4fe7KnZ5BluPJrztxy/b45BEXBMl0hsLVNpo2IxSOsUKoXK6USmWXX5EUjuAcuxYgR7XyZ5MD4bsnzlw+eOzc+u37L3V0iqsWrVh3+tKtfKGcyRT+PXWh2xs8ee7qQ1MXPDlj0Z8fnQGs+pO120GZwBEWf/TFE9Pf+NsTMx/6zwJQJg88MWvJyg1/eezlF+a9n84U+k1Mr4G+rbPd1tuA4nQbqAGT3WR3EQPG30iaI4l0NJnxhBJOfwzMjLfsMdKwLyFJcDQ040FmA/QUGPHagqPpKRRkgsQh5wPOSv7WDLnTYIo2diLZqe/SYonM/Pc+PXe9l3N5wUDHvvb+59Bjs9788C+PzXhm5qJHX3zt4RfeAHZ48vy1nT8fTyRTz8x6CyhpNJ7693PzHnp+IfRqqVwORJOFYglk3rQFS1E4DWaQbo9//uI1sBkcqlwuf7z2O/hw/nIndLtT8IFW+Z+pC5Pp3OJP1l+5M1QsVez1bUMMHpN4K86u22ek4XYMWViK90BXDyvEOUxMmeDSLpKV42hnlrIdZQKN7DPZxRtHBgPJSyEDUSZAwUuVik9ywOHqyDeGq18PXZJs2xxX66NToItyFfRiAmQGyg7Hewixl5oIPGODfMnGF+HMdciDrn6Gs4riyz2gasjuIDCMdpetJo/hrw6+TfxheKya3iBY5Amg/GnqiTequEKoUiwKyVre7PBj6MZzJqADld62jOK3KvlCUconNWWiYfKQjiRNmWimmWZ/OJtQpcV4ItX0N74lvA1plMLhKIiTXL7Aurw2u8PBOwPBMYZhZtCERiQub1k2l0e/8axbpQXAOzlvWL0WpNHuBBoXv6dluRHRwi9xgVJH48lCofTUy4v+NGX6nx55afWG3bD8wWfmFgpF4Fv/89x8uOpln6772+Mz4Yr+9ey8cqUy880P/+vhaU5P4KkZi4rFMvDmP0+Zjg4rP08demoJcEXrNynW6IA2CMEYhb10GlaJBiTMLwTi+HLqUCiWU9lCIp1DOQBY5DZjYlygZwasbI/R3qOnelBKKFQHAxi50T6W8ZZEtjSd25FZPJkFZfLrqY6Ozj4wEqtjovlUJgcS5crNvmyuAJ154vzNQycubP/pmN3pfXbW21XUsa+AqOBcvrmLVqTSKIYkkyuApPnn03NXfr3j03Uothv03vx3PwUF8o+nZgPtfuCJmU/PfAsUyKp1O3oGjIFQFO7Ua0vXfLv7wJDBBnpSj7QcyuSrozgz6/KEornCmHMO0n7xttQ8esselQ97KdwS8ayiTEi6bXW0VCbQcjFdMu1C4iocT8FnG9fk4GWcfwwFl9fHmYziKZFua+tg7mPWujkTGPauEJoRgmMacT5u6VoZEvgmykYpUSaW+iC0ar0ykSwfjSbTsDFKWYZVCoxVzhOQJe0FJWNhBRAz6k+ZOxCFg1DNlAkZD0iZyNeMw8KibzPYJpVWTLfw7CvLj5y7IeWTmjLRMHlIR5KmTDTTTLM/loEsSeXkPFUFQCkmUXUEwDerj1HFhAIoiJ3lQuEIzYwFicJfM+OG33IT4x4eGUlnsijvjRelVDKx6G2r/EANCMfTDk+4cUM4F4cL7flC8Wg8Zal5f90N4ADQJ6S1mKYACwmAOgKCm87kD524/OaKdXBeC+V4Yd77s978+KH/IGWy+8BJ0Cqw/N2V6x+auvDLb/fNfWfV8PDw1u8PfbB688nz1/b8coz0hgrEZMHEgLqBNpBvVAOqecJ7m3rviKhi9xiVJMuwgc6GlIl8BQbcLFwKw4NcbnCVQJy8qJjGiYYRp68lEyPm8qOgFE8g4gvFQIG8MG+x2xvIFYo5HCoA/RNAlUDSoEyMNAed+acpL13rGtj546+Xr9/pGjAt/2wznOXPj85456Ovpy1YOnvRx8maMnl46oIZr69IpLLJVBa2+dsTM9dt+wmkCByq32B7ZvZ7Dz//ai5f3PXz0V2/nIBuf+DJWd2D5lMXr/905DxRaPJrwwANCQ1OKFfDFEFqX9q4AOeJuAMxTyAejKZiqVwmM26sezwySkWZ3L03FwzyXuOYLBmycXqKq+LpC7SkGeGGoQKrwvHkcHWko372A/rmp4bSijJA720ydKTz46MIllidaMzAyDfQfGMiBCnIjI1MmUCT4PmCxksXKikTEVWcwgu+PYjPFRzWwvlA/5MIKGgG5US1U+S71QNHW7maFjwpFEs08l1USwriC6JpGaVbI4WUT2rKRMPkIR1JmjLRTDPN7h8LY2tcLq6NphGrnhBMrNfK+aVVO9oEVR+eLgWiF7Q9Eo3BX9Hjy+WPkp9znY2DkxJeC/+yriZEqhFVFKnvz9VnHBpFzmBZ4l5PnHxyuTxICNk2E0W+WLKyrnEfJ6ffQHG8L+INxrK5IvDpL77ZVyhWCsUysGSgzvFkplgs8S7/nSELNCOdzafS2XIZNijBv8Bo1cuxSTFcqzA91le0U1CuQwIyxozLTstXSECKdaiUmygUyqBMlA5SUyZy3QLXReE4GRnjrxWkH1s47dVlRqs9GI6CZbI5UCbZfDGbzb363qdmuzOZyoEyuXqrf8e+Xy9cvd3Vj5QJaMK/PDYjGk0hi6XT6XyvgcpkCiD/5r/3KfQ/dDsc/+9Pzp7/3uepbG7N+q2XrvesXLvtb0/McnsC7360dtW6ndDszzfs/MfTc/759FyVQiWjmDSjl9/ZuixzTUG2DEaSoLlcgTjoZFApVmTj2dWkkkNFmTDuQMvnVEWZwCDhPQEyTqBJRruTuBWpKBNUFhOUSQwpE1nWYGjID7iguxKgt32xuC+e2Ga6IW31EI0CyQqlMplzk6yRgygTme8T/KuqTFp0UCSBplDIdwjqBJrHrl/IdzEUU5sBQ5qK88K3kEwp5QvFERy27vSFzYxLukqGVBbN9NI4Hka+rh5SPqkpEw2Th3QkacpEM800u39sEoDfdxvvNzt8wG/S2QLoBNlPvpVHfgsgGxzuQLKNN8ci1H3lObeP4ZyUnY3VSqqPonS6ggVHw5sZYdDqwHzCOb5PG/CFYr5wQqQ4hB/TqEL5OLMEPWBvqCLSPqz2WiERTkBaR75+DDY+KK4ErhyIpjhPgBGCFtYj83TCOUxRMUS3PxJPZfL1aQOkQH419d5cfWZGmg5LhlA8aXEgjiVfIUEskYZTN+b8FRGJp0Fg0M7mL4nzxaKBdpoYOe8slhHXNDTcPhvvtTrGmXH3oPnnYxd37DsCduVGz0dffIuSWJXKiz740huIwIcpLyxknN7PNu662tlz8MTlj75E+bv2/Hz8b0/MfHHhiq17Dor08b8envbkjDd3/XJi+0/HGJfn1oDx38/Ne/6V92e/terLb/eVy8OMK7BoxVfAvnHoPCLcaJZH8QaOIZtXqzIpBambWWp7glFFmbRTQUhUJkI9/UWlTiwOkt8WepuXJNpSUSYjeOrMG4yONNSAB6xTjTPRhYWthuvZQrHPyUuX37QjhTOioF2lIPIYNIx0ITzFZhYV5ZQuJLKBFYItbxxx74StkJjnUN5h/Mig9x3wPMq3liCaQD5vxYb7uO67/RTr/HDtzmKpklMdD3BG8rVD83JlLqJcrnz343Epn9SUiYbJQzqSNGWimWaa3ScWnpQyEQG/9EAJI4kMMHteCMLvOnAa4MqJ5NgbZdjA5Rln2yqALYLRhCwxlwwgD2w0wzg4p3ucslSGh614fiOeTCPKzrVbhFGKVDbPYPeeURS+gl+aNqQJBm7BCs1JoQriyQyoCCA3nMurnuYYwHsQyZMvxahih5N0Nh9JpN3+MJB+E4P842042JqYDRfQgN6AuwCdGY6jLYFxSmUJWCCM4kPkJ6hBjwUP7C5fIQGQY0oyidEIaABswOOimY1IpXMkvES2XAhE8YXI1amecipNvwAEfyQcbT6DgcpNZgtiO0nOA+kGnNtPjHK4w3gaBGQH2QaYojsQ80eSoWhS5UqbIpFGekOlSA4BHNXlC6s7zsmgoky8QZRcWL60Hj0GmtBfp3dce8Cg0lNjORJg/IDSkOyhpkyqeC4C2gMjs1GZbNRfkS2RAXbfbrkpW3iQ7Rslbwd4UkhRtn4cRJlk6ic8kXcc72lUJiaHr6UyAZGTqZ/mgh3h8mHsoaQO0AnonjaPkkcyhm/yRMAYWLfj4Euvf/L0nKVPz1n22rK1skkVEbDchm+NzuZQ0vzJdGbBkq+kfFJTJhomD+lI0pSJZpppdv/YvQJyWhge9oeiRtYr/rICwzAyaml5RZTKZfUEvqOILA6DMqEZluPH/SJgF8GL2PkQnjAxULxkjwmgUqkAfcERAihhLlEpMviV68Q3BXSInuQdpjhZEqGmkE7dqAA6CXhMoVh2+mNWh2CyjxUUJ0Ze8eJUvC78IlyeHYtxjYfNVDGkByeJkhs93KRgnC0SDTH47buSX0oSK5PGoGq7C12F01PHvOEscCEWyZyJDDrll+u4aKNc/zQFCJhUui5shvhZ0SgqWmjn3kkRS+I5pVa3sormHn0ql9YIFWUSiKbUmfdoM2VSxbElZCKFRgnZrLLx0EKZcB7G7YPn/Ueb3Hdrs/GqbEkjtpluyJb8YkcKB83GOFHmN5UvBBAJNI6/ly4kysRcr2PbVCYOT7jpBvCgoWLt+OEiWbwalYMZ1fNxyhaOYr2RymT7dWYz4zzfcevNFeuVlAk00ozrrgxaWCU/2EKxtHL9Ximf1JSJhslDOpI0ZaKZZprdP3ZvkUjnpAmvPME442rLCcrEesMNWbYaAaLEzjoYh9yPnMRvOD3yiNgJAQiolfdbeTU+1D7c/ogF55tKNMtc3BTFYrlY/1K/JYCfRRMpYM+3dbY7BproCiUDpq6nnECAxMoMPx8598hL7z77yvJ9xy6FokmnEPQEoiyqaajWAxTnVefTNjRNFFC6oaFYEmdDkh8BJBbF++L1McSI/vJ+vl6uSAGMEGSYfCneEQUL8c1FixRVVGPeY6DlmtZoR0wRrlSJKTZFFSlMNPkjX9GAfKGkpxSjcZoCDk4r1HpPpPMtFZRMmRBZQsYGyL9+k73xvqsrExPy2fOBBttjuiVbe4rWyZY04lcTmiGRgsy0wJGFQASenaZSgaCClYkszQBsnkcPUSWZzt4ZMNcWtlYmaAxwaresipI64OlH3IF6mhdFEckw0TjNCLs8/+qHDrf/3ZWbT1661a+3hZWTsMHGRhY9NUb8FIAqMzDIl0zwhcTJtyWfbbna2Svlk5oy0TB5SEeSpkw000yz+8fuITAX9BVL4x5ZoDdyktw7SoglM2nlRE9SUHYWjGZYGYWCEyE/LumiicOG6zSrTxe0CSxy0LyBzD9EHXBNbknxChngkkGHpLIF3hsctDj6LSyQWgueLSHkUt1qMyqkAiCqRlcqVRZ9uIHUK4SrvnZrgHV5vYGoJxi7eKO3x0DBSYdM9o/X7pT1tsWBkqhKl8gARN/uDmYVetIbRMTd3qBMULluxi2LmSEJoBppnwhQZU0nRkZQdIHPoxzrL0JJw5A6MNDUZHuDkwC6ivcEZZmy0tDLxQrYCK6dAm0D8wSjIHvsbWgYKZRSXaezBVnQhRRVfEaxUIkZp8eFf8nYGLSwSvuqKJPRMVkogDLZNnhNtsrqQuUOZQulgPZsNHSEcuO6HRq5XncZfZAUmB/foR5i/L24JBRNfH/43PI1256es+yzzT/06SykAgncEROLq6MoHA3OG4rGVYKvCFB6a9YVT2V4wY9qujuRaoUPNpy8q6nsgWWc2w9fAj1D5gvXun8+dlG+RQ1inInVMV4ctoqPMPa5Wp322icffLlDyic1ZaJh8pCOJE2ZaKaZZveP3UMAV+A8YfHnv4qnMmSktikcrV7SiwBNYqMZOzuWOFiEgUIlq6VLJopyuQzaBmhfmy1RRziOg15YFO8uX6cM2LQxzh6OAKylWCq7A7E7OtutISspdNioPZoaheNPYJd+k92A8x2JEqVQLD8zZ3E4mkhlUM7cH49c8AUirBDyR5L7j13UWdHE1Plr3U/MfF/GuoiEkC6RQQhE84WykjsTUSaMS86wYaHJ7irXT1CQcIJUvdOOFKBMqAbHsFEsDm28XxY10RRVHCFNNcTrD1jH8hZEkxPI4oDIqADKpK5JKN2WA5mF9YPZXUHOFzMzSAkreWcpQUmZgA4U1UUVgyRwA8KdyRcDoSjnCcIIF0eFkUEjgXxunC8Soa5MUE48xl1ppkx+sfd4knHpyCGtqmKNNFwdscX9g2H3d5YbqVI+XsyBscGAGDefyRXgvCraplGZvLFi/ZTp7854c9WAkZIF+YCCAmWidDRYzghN8gdI/6/i8Wm0O0Eqw5Zufxh3JupAG+cBfSLZtg6frNsNDwJ5FpqqF4JcvkR86hxC8zkx2Pc/81Y8PvN9KZ/UlImGyUM6kjRloplmmt0/dg8BP6vSX3egSkpvzaUolcu+sOJEgQwc78xks6AiZPWYecGHVZB02QTg9IVNjAsYvHqZ5zYBnYBKszFCtFlxA3VYHCh+o1iqAOUy2t239dSAmUF5rhokh5Ihfs+4e432PiOtp/lQNIHZ4PgpqrgQRzSeyudLT85acuzsjU07D9weMK3e9H0gFGeEYCyVXbrmu9t9JofTt2XvkWfnLg9FEt/uPVQolnp1tmQqCyyK5dSCgnL54i/HL8r8skSQAHohUBeFAgeDhWx9wT5YGEtk4c6q+FNZgSA2TL+MYhd/GsUhtBYVWMP4PAG5huk1MaRLPW3IGxFVpHMESzMHMxFVbNBsulkCX3WIygT0QLFYhEcskc6H4xlSH9PAeM0sqhvo8ESC0UQymc7mUA4AdNOBitS0Vk/NiQsUFCfJxNUIkHY0ik1q0sOjKF0EmjNJZfPr9WiuI4+LzMRS6V8dA6VKJZhOfT5w7pRhcKe1c8vA1e2GG3vNXfuZ3gNM3xWPdavhOtzWLfrrZAaJGJkzGZUUmK87nwTk/kqVJwiMW736rT8ce+W9z5+es+zAyQ4YqWSVujJhhSDfLC14KluAq8vhzL8kZZ8sdzCovkAkbmI9PuUINHjE3vlk84Vrt/sNNpXvQ2geviP+RKr5UwMwWNmb3Topn9SUiYbJQzqSNGWimWaa3T92D2Gtd9QORlNi4REVROKpgmpKLinsnLsAdKxYKkl8xgChMOJPKlxZBUhIYD8um2plt/aRzaFCfrx7wtMvsLmF9XcbqNt626DFIebdIiRS3ciWQ1bu1pDVQPPpbB643TDKcNu8DUSfzHj9YxL8DbdgyeptIGNAmSTTuZmLPgNB8uLCj4FX/Wf+Cqfg2/HzyXyh9NWWn/zh+CdfbX1x4UdmuwsOn8rkBi2sOD1CyF+hWD59+Va2WRYBgMONWtugTBDzkzE8WOjFCbtUIihQ/zR7ow/qFbqlnbgdwnEjtYRyInqMY75PvCSTVUtAm/UUr65MCCgcjROKEemIqTn29VIi0ARG1uvyh218wMr7LZyPTPRZOD8sjMSS0POlcgUYP77z8puvq+XgEpNQw2BT8nEiUFcmNs4Nz04kGv/GdHWj4QroCmRDl77WXypWKkIyvrL/dKyQTZXyMMScoWgJpRgfGcYWTqdvOCkmXjdltKGmTMaSAivn6h2p5SyuWzgykskVeMH/xMz3p7+x0lsbY+rKBDoQRIh8KX5GovEkrOW84VwBVUts9PiCLoamqvTh7v2nnpm7/KnZS5+as5TmFUcFCfix8j6lZNNwlmfmLoPjSPmkpkw0TB7SkaQpE8000+z+sUkDuCz8iCLfBvwvqAUZD1JyO5EC6AXnafK2UgmpFPJKz2ZzoE6ky4dRLe1AIpGSc7E2QFLiAMGaxL6NgIOYkfd562uXApgN60b1IglfbGkU9tEyMQLsAjKG4n0lrEPkx1UAXChwLMEbfHbO4l/P3TBQTrib8xd/SWI84BJefO1j4g/z/mdbpr+xSme2n7t6G27xvPe/zOULj05/1x+IHTt7PRxPAgUEPbNwyRq3L/zigiUvL/p02eqt0JI5b62CYy76cN2Jc9cSybS0b1k3ElGxRF1igHyhWeG8kREdTrlmYlCRiiGrg3EHIolUEbPvCqzGNdSbvvVPZ5E7kBjrr4JIArneNZLOATND4Zgc9erdMqhXmZSCwuUyKD7gCsSDsVQolooms5lsUb28SaPeaBMgKaUqF8ZPD5IlLY6lrkw4bwikkdsfPmkYkK2y+4KRTN3rf2dI7rd2htHLlojKhAS4q0x5VbEycfnGvz1OnL/6+MuLn5v3QfeQuVx/35Ey4VDci9vjj8WTqFxprRPhGywqqY/UFCM4ZolSzZStBG8gYne44sl0JptX2bvPiGJ+jHa3ksfXkTPXovH0jTtDUj6pKRMNk4d0JGnKRDPNNLtPLJ5p/ivYDtz+yPDwsD+SyOXRL66BqeMu8BPuDbX20fIEwhP6sQ9HorC94PF6fTK3H/TGnXVNeJoiFBmrIj/RHZXgFBD5S6XbzccVT2a69RQwJ5EyKhmuixLoNzE6ivOFx160T7rRhSKQt2Fgwbl80SGAuEh/tukHIgzgqM/MWUoOPW3hRx999V1Xr76zWxcMxx556Z10Nh+Oxnf9dOzLzbuA6p24cOs/85ZRdue7KzcDL9x35CJoFZcvAltmc/nn5y8FFfnM3KVGi93MuHlPKJ7KgAiEm5Wtr+7iDSFnJBlRzuQKBtpFYtzhL6rWggJC5D0DvWdh4eDQwCTsQhQa0RuVBr3RCN6Lqq80cnSDHU7t3rR1Jwm5aRPJTB74pU357bgIO4+UiVJu5XsLuBfQe9JOA03bzvBRVyY+UDu8j+I9t92MjFLDWMqV617/D4TlWROue1CWBSlEZTJMwkjiiu9OquOV3ceWCP7whh0Hl635DsQJDL+V63YL/jEtNGTjbDzKZg6rzl7p+uTrXbbamwj1lFwiPIEIGiRt9JgUIKCXrt768qJVi1d9+9TspY1jjABaYsCJ4PpMdvm6GlAJ0envPjN3uZRPaspEw+QhHUmaMtFMM83+1y2SqgILneDvbB14YSzxqDuA1EK6/u3myMhIWjlqWYSVb4sWiPAHUKy8g3f6/HVxosUS8rXwBZqEsaoAEQIa+bfICvDdDYwMqhDXDoOBLaLJdG/NZUjFbLwP1Eu3gaJReQ03icGVH25SSKRAmJRzuSIcsCCZ9brZZyIfnl/w4ebdR3i3b9qrH8x957OHXnwbyOj2H44kU5npb6xk3IF+I+1wCss+3zZ38RfPzl2+/Msd/5m/wsq4HpkGyqSwav0ekEDPzl1moVjWg8JLKFzBg0Zh5XUTKRwuzii7rmgyg/KPObxERIHs8ASicMsMqPaiAMvRAWth3MSsDlRZwmR3kZoq7cwjUahCZZPC26CgugbMG7fsuNzZL1ulglgijeKCnM3jmKVwekNwZ1USIt9DDNTScImDDbRc4yU3Ql2ZBKMJChUR4oxRua8UfAMIkbrEaIONysRLy5bIlIlKEA5RJk6kTMauAj6AEM0XiqFo/NjZDhifNsZJVoEycXiC8OCAYoGBhBwda7Nz4UjrFyij2Om0qXxVB3wv3ewzTnvtk3AsMXXBh/AsND1CFedggOvtNco7RAR8pWz/8fjzr34k5ZOaMtEweUhHkqZMNNNMs/91a/LzOEGIzlomh8/ANCF27aCs6rjSCIYXEomUjWZkcSYmxkPx/om2QGfjKGcgFGt3fkMd0APBUAToBZBu+boGAG/r0tmk8kM0CntqGWjXbb2NcflT6TzROfCHZHMy4gAP+REnBVLhBHiafEUDSNxCuVKpYj56+FQH+lytLly6dtrCj0yM8/L1blAglzsHPt2w9+DJjinT3+UE/49HLwEdBGYWS6ZT2Zzd5TWjitrIMYZcqc7K2V3+Urlic3gaa6SQLF5NA9wJqjg2A3RLMJJg3NBpTiuekMF7oVO0IxEtrEdn4+VLoXNox+ebfgBl8tW3e9vvcCGAyrpzChmWpIglM2ZWsE3EVWwSgA4gRUihN4Cg92B9S43Ft8g3boS6MiE1JY12pzMVLY/UjSK4NUN2h3TJtYYZElAm6A7iVF1glZGRdbqx3FxV7KzlCSomfa5it0lplRKQ1sD+1279cf/xy7IYJ3jSg9FUNl8Ewbzl+yM0J8ADyLkD3x86004k0iiuEE+7WlfPlAHOMvvt1QuXrZ3//pfQNvQVEU00JqGGzUjkj1EhSRrIrVUbQOSXvtn7q5RPaspEw+QhHUmaMtFMM83+100KTO9GiuVR0YCHkQ8qoGpvhRFhnaDAmDR8gYA/EKSZ8azBVZTBE+mBZEMEswpgL8EXhL0aq2pMGnbeQ+GICPkK/AK4IAmMgS2HSNU2iRkZd6+BNtr5dK4wgnSAZP8aoNn+cNzG+1E1kjYiKNRBAg9U8gW1Cem9AOoGfwPhOM17vP6gjXGCgFm+5rv6PTCtRFXq3RaHh3AyK4dSGwP/k1441yxWviWqmI6zbpR4SmybCqA/peEKIqB/unW2TVt39pkZ+TplMC50Oe34aEHb9O1FpEwa8VRGrKVIowk3F6lhAr2azsr5cVOoKxM4CHwPmB2+XKF0kTbf5CmwOy5mQODhw1bTdfjbYTF3WEy/WvpuG+m91q4tAx3bBq+Bbddd323q/NF2B6fqsnV4bA7BL1azqZIpkf/H3pt+SVHtXYN/Qn/v1b1Wr9Wr+2t/6NXvnZ47PPd97kVUxFnmUQZRQWZkFBRBBBFRQBQHREZFJkFAQMZiqCHnjMzIyHme57HI6n3OqcqKisyMjKxC8dHY67cgK+JExIkTJ6v2jvMbmuceqNL6iRZXoCYa39z+WTqTu3KzM5pIT3/tTXFjk+CKJFKpTA7b0VXcFL5igUg8mysyJyuXNyi/vFal/qLx5omzJAjHElPmbyiXK+VyL76qEBXs/OF4ujJU3lRpZRsMI84fiDSOeJmzdBMU1KYPPlcj4FU8MIhnkqpMVFNNtYdu8Uwf/atZiab7YJFUNZzsq1mxVImkyAcZXlfzQpHJSyMDJWm7JCgUih6vj4iogQUTsGD8wTaQGh3tBYqAYWgs5CglcQhKQHgST/wxbI2isWkErV/whrO5XKW3t4us1Qzx4AKH1lqcJDC31ct5nAotOVIsb0SMNpXO4zwmuyLu3i6q9EU4+ZdqrPpyk1UaUmx1+mPxFHOmYnRZyzktzsH6eiSGweGPNKklLw+z3d3QR0sCPA5cItwoBjqazF7rMkKZ3DPw0n3NwaJHFNZRMdhI5Ix0xwMCRv5Gt1FP885xtJxi/2oSHWpJRctmkFcmuUKRKRPcC+f3WaiF0qlYLmvx+80+nysWTZcKsHypZPMEksV8rljEZ1ihVCpWKiT/90C2LvHDqg4siYiuNgRVslLqEtdP/Pb7K8l01ub0+UKxZ158XdzYJLgzuUIklnxt3ftsci5988MJL6/b9cW3Y6YsyReKK97eFQzHZH6VVWlWa19z7zIJfIHIv8fNP/79Jfwuhd7+6MvjEE7Y7q4rpXqfJBknQSYmhx/jKdnLMP6lNdD8uKl1Wz8R80lVmagYPsQzSVUmqqmm2q/QwnVbYJls47+UNeDPvL3R+2Z5QE6kUplWpHEQxNuBs1htdrfHZ7M7DJygtZIFCmqEdQXDrYlgDWWakBTWMiePcnj9IY6sezT1zKFEnSSEZQ7lNcMt3NFyDZOWNgPGzUSjmXvM9i6jDUa0mX3QBHfAE4g2s26jwCI90JOAMif7Bw7QLHTAFxpSjIIqzP5wEa3FFY6nQD3RLD80D5tC4FgoE184kUzlWbh/w+mWSOea0fRsvghl8v5Hn2CEpfuag6PKRFL4oiHwHN2BqMneXho3hYDiuq3pXy3BDd6lodXpTPZap4FMVIs05IOBTVH2IZcv4CROH5nY9WUxGco0g5Z5aLh/qVR+d9cB9rlKKpevxuOevXSzTHGSelRJ4Xav5MwSSHIBX+3oAXeHjXtpTTw5xEVT8IbyxXIimfnpFskhht8nT0xdarY5f7p5D+Jh+mtvQZ90G/lUJhsIR2snTKUHY+eqND+13tp43Orx8VffvbRiy8YdX7z/yWEMwqwlmy78dKuP+k9KWpbKFbauhZnQTEhv33vktbXvT5i3VnD5xXxSVSYqhg/xTFKViWqqqfZrs3yp8V/ElsBf8VxekVvI8AAOYbUJMF6wx+IJzsqzIoac4LY6vIFgqFAs9vb26vjGzKke7F2sAfJAlvS0hfvU0wOsRZKrtCG6BqrdMWvoR6QEvIscbrB59LzbQII0Bo0muvWxcA58qDew9nhyBHnZRgxWraLeoajKtK4nVEskBeWZTDVNHSsDDAJdEaJsu/d+Olesv1/sdXhIGLp0BwXm9i0NR55sO75zRqr6UmnpMlFDxFMZnL/U/vqhPFKZfC0DNQahVu8Fd3S9yyijTKBpn5u9qkpDyT/5+qTN5QOhL5Yq9SmVaygUK+KqI4ViKZPNLX9zJz67vUGbw/3MzBU4261OPdQC/r3bY7qnIQEnGPzj567u//YH3H4gkvCF49APgmfQNBannneJt0iMJU8Tx34w/R9LpifOW+cNhGtrIDi51YXv2mCyAYcn8PnhMxPmrYnEkuNfWhukiyHRRNoTCM9esimZziRTGaipWvs+uoLHasCLNzbDMzNfP3L6Mobu62/Pr9v6ybi5a3LUbRLdkLSENr5Da3p2m51NhAn5XuA2C/RZiPmkqkxUDB/imaQqE9VUU+3XZu1GdtYAWTLsY1sCJIOz2qw2u8lsKRaLJs5qxIfSkFpyrKXJHpDxxBAjGksQQq9MRSgEO6c3FGv2yrMGsvgzUOQOBsqrkOjUwx8iUSIGmxMDEk2lxUbWRvwRDQdi55YsmLj9Ed4JOVdu2dWfFWBpXPM6elXiAJbvNvb7vBl4T7FJSxmQMHSRZ13Du60SpzIi5KQ7KPCwekwkdZvJ4Vf+vp8ld1aoTNK5AlmxaVJcb3jATd3V9Sd8wyDc6DbWFgFaKpO9B048Pnkxvln4eh0/f513kcJ/PSYbvi/4tt26p/OFYt9+f8UXih4/e+XKTZKyDAp/+caPVm8mKaR1FvvMRW+v2rRrztLN+H49N3vl83NWjZ64sFQuj5+3tltvGTtt6fOzVz01Yzk6GQhFxr+0Ztzc1eFowuUPs/VPqVFpKmNiZYIPMxa+NfnV9ZABoycsnAWBMZAwsD+HmCi+nITd9/a6fKETP1z96ptz+BFafdqCNyPxFDqpMQvnLt08fPLHWnvABsFs8yosC/vC3NUdXYZYPJHOFjCkr67axg50BaT+YK5AuIcmDZdJzMWQzOTcwYiYT6rKRMXwIZ5JqjJRTTXVfm0WTvZVqKO39JdXKwje9gqSKAEpkxIIcVbeahMMJs4suPAvPgeCTfOrEt8P6uwu3TEUEDRgM1qrW7pjBKjSBRNdcz8uMUwWviZLCBdpJ7RagmQ2S5dEGt8LRsLiCtZzbvTW6WutoH5W4OoQSCDNLecbKHI4nqY1TKDBXOlMocUBA4B0xSGxoS499UimsuDo+ibzAf20eUhyBZwqoXjdhq32NHQPq0eZTMjW/VQOhy94s6c/55ued0L5iJ/1oDKxutyBiNjSWeLz9uT0Zbe6jDfu9ED8n792D8oE/D4SS12/q/vk4Kn12/bpjNaL1zv/9cJ88PgxJHacVAjxBCJg4d+d+2nU+AXnLt9MpnOzl27esP2zaCKNc74wZzXE83OzVnZqzU9MXQqps/ytD3HLG3d8vvvL4598fQJyKBSOsVgjSBR/OKbQukwClEltPefGXW0wHCuRNxflGYs2il9V1HKI1bb00eeL2cU+4N8J89bips5fvbPv4MlisQRBNfHldcfOXu2jMgZqKl8sQ9sofAPCoLM4nL4QDrnXY8RkzhWKqbpc6te7DGzO3KJLSTLoMZN1MDGfVJWJiuFDPJNUZaKaaqr9Oi2W7m3r7y7AOZuGqA4DIAiZTNZqs0OI8ILdaOb0RrOFt0GYSEor1iOayGTrvIPEgOCxOIinjdv3wPoMShNNQiEELM4W3WO4IcoUbHYGBI/UtUM5WioTuydY76f0a1AmoGgGG6lGorAbblrkzkQC5d0KGX+hWMIh9SxQAm8oBtnTLIgCvQtEk0yZgGQr6uuAMlG4kFilcdX+iPQ9+vBAYkt0VuK+RSdYt0kaHlNTJibMHPsQS2fy0Axjpy3zh2Lr39tX6b3/440uKBPB6bt+V3vi3NV39xzc8N4+XyDq8AT/PW5BrlB6esYKnBCHrH5n7/KNH328/ziUidHmiqeyUCavrX0fg5bNF1+YuwbK5LHJi6FMxkxdAs2z/K2PsAvKBCfcuOOLK7e1VZJhL8w5lK58MkAnYLRTA996zA1okirNu3DxRqe4JWZCvTLBPAxGBsOBPth3dPf+47OWbvaHorFE6pVV2wLhGFvewdPcd/h7jI/d2/TlSENAbpkdPrZEWaVVOOvdAq/e01+7o8X07jEJkl0SdBlJQj8xn1SViYrhQzyTVGWimmqq/ZqN5uZS6mJkGKhqMhKASdgdLkgQq02AEoEagbHPoXDkPnXbkh5TB5snLEMHcQYaNB8wcFK6NhIEQ1G9zaPjva37R/sgduXqsTQWFQoBakjZ56CDihhV4ltPioFIt/8KlEk2X+qhpRKlO5oDT1ZjthsFkvZAb21dIjCWJPEb5VbxG2bqeeULNRUGILvsYYGStromQZWk2yKdbJVibRBsRUi6tX3kCkXmFMSklM3RYE7KrJmAdv90q/vxKUvAxSEwQKAvd/RcudkJ+QEV4faHoUy+OPJ9OJrwBSOjxi2oVHrREs9lzJQlXQY+T1cDnpi69L29h0OR2Li5q+9ozXsPnMBGnBNCEWLG4Q0+OX0Zvs5bdn8dT2Vc3sCEeevWvbv3p9takmGPfo+kPZaFSXCLlQnGfOmbO8fNXQPT6Id4RtVyiIk3og9i16xiqZLNFRaseY93+iC3oHIgrNDhSDyFE0Jikdopih8rA5RSj9luplk6zGTdz+MKRHppZu1am1vdxo/3f6uzuhKigPuGIPktHD4xn1SViYrhQzyTVGWimmqq/fotmiYvdFuiJUdsBhxY6e31+4MmzgoRojdxFl5ggoSz8rlcTvz2tOVV0EA+0RZ4LciBhrO3PJVyVIkfF+EcSkrIo7HD5WXtmemHvsFtF700vVUzZdI3yM6l9e8eujIJxRKEjtd5mrUEkXaUx5tp5YdmITpkvchLyh1Kd9SBrW/kmod5sEh9mE5BAuI+2kOWY6ChoxqZ8xVS3SIUT2o4By3nQjog8xCVAHQZz5olrSbzinc3S24rE2eSSGVmLnorScNjvjt/4+Y9XSAcu3ZHs/3TI8/NWjl76aYVG3cdPX0pnkjHk+lXVm7FqWYv3YwvKUTLB/uObti+D7cGKfhTR7fWaO02kjzLJsHTZbDm8oVeUs+HFPTAvVfp6iUbTGxhabvxxeRINoj2ViSgTMD1wwMrTjjn3q++m7lo4zMvvn7qR5IIqwbmNWcausAIJZARFWSs6ZZMLg9Vhnt8euYKyCdos43vf1YolmUy78kDHfMGIrhHNnU5J/nXZPfSX0p+PAsoE/xbCwdqBghIo30kubm8Pdt3favI9hEnNhW/bYhnkqpMVFNNtf8WFldaVaxtgNA4XR4rDxFiM5otLrfXwNkgSPAjtktedZNA1UAbSYHrwfiinveGIiM6jwTJZAp0yiC0jm/po67qeiupQ8IM1CQ/shKHLZVJknqwSLxHfg3KxEO9s2oJo9pCL00uTIbd5jHwriYCoA+0rz7GRoLqwPqGzFJbiWbFhXUZBSWDdp8uixmHTokqvVYmX7B7Qsb+/GlEX9Umg8xDVAKXL9gxkCBYYyG1FJt1VUaZZLL5o9//xGLx05lcNJYslsrJdBazqEtnicQSgXA0XyyzRQPx+Vm9jtqPwwPJticrERuCd/nx7fOLZBg6lisUt+899O9xC0QN+6vWmB1DxGql9z4ULLsTHOgQ6SLc5spNu9dt/RS/fMZMXaIx2cLxVL13XFvAJSLxFLQoq0fEDFMFP+7Z/20P52jpyeYOjkyZdB09vHnb4c27riQT8Wb21TbaZtth6cHy8HewozZvP3a884E5y8rg8+2Ht55u4f2mQh7imaQqE9VUU+2/i0VSjSkO/nJH0lXsrVk03VcuN36HLUEsFrfaBJNFiMbikCVskSQSjTIfcUljUjChncxI9aAElBTKKJcr9ecfNij9JSUCU2lFAg6X9oZiNT6KD81e+SsEWKaZuM5LKWYNYJlmUuJ9SDEQ3D8o8gMbhVaoUrIuMY5kVfJ7Q8MvpQLSrB8ofuL0R6R7i+XuVrXVqzR4gCkcElw1tIc14BmxdRUQepYLTgLJae/Th4Jzgh/bPAGdxQnqyfrJHjrxWbK6NJw9GE2QFHOVXpPgkXmI8sD1IXdrk+qO3kYWJaSdGoSMMmHg6vzK3IGI1dW0wmCBervJVx1pCTKTnX5WrlG6TxaCJyRWJvdJ0MvSWUs2OT2B3NBp30erkcAkF4jFk5zDi0vDGhZd3fXFt6FoHD3EbcaSir7pLVGl0w+6CNMYYmnrrgPv7jqwYuNHEmVSKBRPnr++cccXenN/oU/MxkyuIOaT7SuTD05ERVc5vqdfh1hqjmT3o13HTw9Dmez+sX/qdB09drbx7HoA2HzUKN30G0DWuv308HOhDBvimaQqE9VUU+2/kUF14C8mOANlmX3hlLRBvTV8k91HqYPD6YYUiUZj/VVKbC1y3Uhcw4eBmpcLTTPqx4+C012kiYfbZUJimIU2Ap0ZSOJj0ZvytKykqRJpIafHasqk2T2w/FTMeb1Kw4LF95vLl9rq/PCgsw4WTxQbbt/qDvkjiVgim0zli2VSMQNcjYiEmgCQnmwIyGy8f19P37XrrA7IsNqs84XjLNGTuL3e6kJnWFCHuBtMMMiYkjb17WuH4AFpObsvGJNEF9TAEf8rRa5iEuCQWi1FWIfGLP9V6lOgTKCjJFt4d1Bn80UTKcl2Bpr1OKC3tViekofR5mLjJt3RCoI3ZLZ7eddgn4s0OGT73kPPz1klGQ2TnTz69oeZ/Opj5SZbelsNA8ls/vSFq1t3f33g2x8kux6fsjhfKEJ3sXr2J85dmbpgw4I128V8sm1lckgj3hCFAjl2/PzuHYe3DmX8I1Emffaruy//TMsm8d+mMqESUbrp54d4JqnKRDXVVPvvZRAniUw1le+Lpav1e+stmW38979UKpstvMvtNVusFp7oE2mLOowwwj5fLIG7gIdpzA6IHMbhjHZSO89s9/mDJOVx477KAgfpeE+7hOz+0GIm8jUWQdB9sqsKTJmAbTe7BdaAZaQFxbl8o9MdiPYOcH+HN2x1hhSmuhoeqtRdCrS7kbmDkZTTH7W4wmZHUGvxGoUA5wjaXBGbO+L0xQKxdFI20xpDJl/QWkideAgPuyfIxsHuJUnJ8G+tWalUgSapjTxHC32wJa96MwoetrdmHFla6S9eKdne0LCrx+zgXYFYIl0oleUZLZq1q0xY41yhVKtHabC5g1G5OCuGB65MWM4r3cgipnC4mWQ/a3wJGXiDEdNQZYKpTad3nz8UkQypebjKBOfjHMRtrK1npBCY5PgK7/36xLV7esmuSa+8gTtJprNT5m/ApZ+bvSqdLRSKZTGfHJEyCV4+AQUS7PNf+ETqvjUSZRK9evo4TX+M0x764PDlTh3Lf7Z1G/l864ezmz/p8NJvxOZtZ3cf7bjVqTu29/AtvuP4VbIXzdhyF47Fljudus8/PHzB29tXziYTPZsP9iQT5NfioW2H2RW9P57YebgDzS4fP8H0FbZs3n5s51GysXYjOO2dTuudqzeutv6j83AAcfILr5yIZ5KqTFRTTbXftoWbcAy708ULdocvbDQ3dYUXA3+YWW3m4YF3enW8F5SCvT2tknWDKtSRxenXc6SKHzXybttosWs5eyKZavnWmcFF36G2S+urQ3Nzac1ybtKuYEI+EdB9WkeFG3g3T+u+u3XkDb0DCiSZzZbKZVzOGyahNRAk8WTq/NV7C994f/yc5Weu3O6j/QGzB9c5evIidXWTXmKEQP9Ndr/bTziiFNK2BFVar50BHLqibEkHjQORBBtYMPVsvmQWyIKJP9yv60yCl+oKLzQC1WWNvLKaAE1v9phxtnt63uYOSHfXATySdqMN7yaHjxShrzYekgZ4d9eBmYveenf317iWxRXE5ToN1qIyd8cHrkxYnRCN2S7doRhVmjfZaGudb60evnBcrEzwYMdOWzZmypIzl249NZ1k+xU3NhC3ukD7F+nzBKMGEg3ikO6oA4bXIEjd4eTBgsFgHRqSTAxn8IeiGI1gNLnzs2+eefH1RW/sIInOekwkExqdumI+OSJl0me4uHnH2WJfwWvo2LztW9GO4SiT/jgTCIbjOrYNymRwlpmvHNL0e8sRIfRlV9+Qq/g3H+hhn4p3zl4gY2gVL49s3naa/m+sbawpk83bTtSaHdpOTkiUycBGfCZXosrEW2zgrvdrQm/yzvmrXkXf5AcC8UxSlYlqqqn2WzLwZ/DafL4YTZPVFViz8uoQJCbOks3lzBZF74YiEeLhLd2qDKEYCU/Hn/xstmlRC/yhjyVSUC+ghgMsnxzSbbRxNmehWKoMJBESo0zzNfW0z8Zwqh6u/yU37FaPSdpCBAPfguIwZQIS7AzEIKugSQy8WxzVwIz9CMoejqXe2LYvnszcp4Q7EIrCQNNd/sio8QvKlUo6l+ccAdyySfDIiyKFYCl3FZLmEQJ3lErn2MII5BD+ZclkbR6iITECpUZRBErQT+U5p87qkO6rQyhG65+0Cr4Xw+klPayfZs2QzmT/NHriHx8Zn87mcXd4WNIWzYFRikTj+UJJnJNKjHaVCdMGVtGqRbtgwVctv+aQqdTfj2rLAR3oj8SpLupX+Nizccfn2Vxh3uvvfnHkjCSRBgtMUj7ONbBInkRKzveSAX1r1/vU6Q+z7+k9Ay/+FeTwhqBG9hw4gZtKZ3Ivrdhy6vz1Ocs2f3rwlJhPjkyZ3LcORMNzmz/pEO0YjjLZfvTunU6dbeB9QB9VILXPyeunqd4gIOEuO670DREV/kEdorlIWia6Bt3DSMtj9P+GyuRirRmumOxXJv0ba8ok2n0FN3VLkFuGfrhIdl/c+sFZ6dafE+KZpCoT1VRT7TdjkuUR+kq6KcmAILHyAtgFL9iVUIRUOtOSsjSDkSdOPhrOId1RB6cvAtrhC0Z0nKAb8PgyUY8vi41EKhcKhVpn0W1fgJCJWHywRptC4CRiZXKje0TKpEqVSe11OxGHhVIinfWFo1YinBw9pAAIyROFa1ldwWQ6N2vxxkQKzK2UJ2Xylj86caHT7bt5Vzdq3IJAOI4Hl0jl8GHK/A3iOg/DBqgzLl1fWu7ngy8UZ/fLkSqWwSrJycbqx7dB3yXo0JA1E0yGrlaF8PoGlAnnaEOZeINRHFILkpEH7sjtCxw59eO/np194adbyUyurWAhHA7Bprc43IHGZYJ4tzRvr7wyAbGWRHq0C05oLRiw0xWMG/BkHX7eE7b7ovhWJpOpQCQhViY4yQtzVr+7++DkV9c/P3uVZGR0VvILQf5CDWG2+8xOf74gDamvRy9x12zxtZWgpkyYER9R3m33BNLZQjKdfXXVVk7wvP/Jkb1fn8btrHln98J174v5ZNvKhKxpXBZ1MSXs3nv60Ln+9Yq+flovde5qDXGcyQDEyqTJmklzZTLSNROpMmGouDu2nlT0VuwXBmTJBb5FOZsHDvFMUpWJaqqp9huwCgmLb+/PPAkB56yCw8lScuGfUqkkcw5wp0h0OC+59DbiueELReV7GAzHdLw3khh8G1ql6Zgy2ZzdE+o22siCw8DKAzQAW5ogIb8KXDsaolNvrbEQfJbuHkC50pvOtmBCEmXSEHreY7C5QJhwQvz7zIuvFwrFXK6USuVOnfvp1IVr7396bOP7Xzw1fanTExgzZTHY6lMzli9Zu6VceQDOXRh/rs0kASNBlbBPH+ZMOlPQ0JqD7DU5OKXMELWEjgbZwzq0Fum+OjCZYR2anVYeoNdklJorcHQ+EE14glEovf/59MzHJszrJQsIlf94fIonEDEoWMmpoVNr/M+nZkx+Zd2RU5fmLXtz/JwVtV04odYsCO7+MHT0h3VJXpmYBbckb29boNLR02VUmo23OoBe4uzXG44nJcpEZ7T6gpFwNA5aL3lFQpWJP19sbwUP5+RoGI90RyNg7lld7cXx15TJ9S4jc9aq7cKPWz760hcI417E28V8cjjKZPPeIcsjEhzbPsyswS2UyX0rUyN91LHqk6vEx1RWmfRu3s7UCD3287v0k3Pz4X5XsZoy+YSqEQa2tCKjTIZc6FeE3l94tYRBPJNUZaKaaqr9BmwYIBwrGOKsvNvj5WjFd85q8weClSY8GO0trsE4ZoUAbzPaSdyFhBPjEr1DE/WCcoXj6UKjt6G4NFQTiKZJ8OqtLuakzgJhORLDMEwqdls7mEzprq4x08Wlg7GUpEJiPaoKlImBxHP3kyo0e3LaUsrr+m50dK58e/eKt3cdOXFh6Zsfzln2Tr5QfnrmimKpPHrCa6vf2WMR3DJrXwrhoqzrgTiGKQGYHO8ir/xxg9l8wUSflIZzyoyPEjAfG9htGgkgD6eP3LLV2YYyYcssDZUJvZGize33h+O5Qun81bvzVmyCIDFbBXDYDVt3//Pp2dv3HpIe1ghsCHZ9fuSfT83Um21HT186euriX8dMrTWAfsNMWP3ObvbjO7sO7Nh3DEMHZQKdH6V5FOpBah3y7niTvS3BCiC2W2CxhoEol8G1LKZYSuWKxeHL5vLi9TpaQN2fa3MxkCkT+QzUNWCq16e1kE8OLlYmkl24dMPoLzGfbE+ZZDUXa9EgLWw7855SjJbKBAMR1G3dPiRtsawywewI7txBOrPz4I2BZn0XDn7LVFNNmeChH9p3DBu3fniaLTo0VCb9bfY+BAHQGtnhL+mOBOKZpCoT1VRT7b+7RVINiJRCsJUT6BMrLySSSbvDBX1CfrTZgyGSLEvcuN7xXR5Vmg/KZPfXhzeANwTDcfCV/h8J6wpJiuLJANSN+XHh/AoPqcetHlNNmUhSe1VpCilPMGYWAjqLT8kVGGmW6YxEmcxf8x77vGXHnoPfXVz19kedGtMLc1Zt3P4JdMio8fOXrX9PaxYKxfIzL65gWZWbn7s1OIdvJGPVFnKFosE2pFoF+q+ngTeVofEG7cIXjrHnxWKU5WFzk7Rg7oCUnsogkSJB8+JiGhiwcCxptLlY6i27N4Qn8u3Zn/40eiI+QAbgw4yFb2JgU5lclaYNyBdJ6Eg4nvQEIoI3bHF4ObsX3wKcBKbjSa30QCSxZ//xf4ydbrTYj52+9PLyt0c9PxeCx+r0eoKRaDw1c9HGJ6ZCu/YFI/HHJy+BUiVnLpTzhRKj+CzAY7DrfX1ai4N3DVbztLn8aExCQZTJUXcgQlTZcFfVJMoEfRs7bdm/xy0YNf61GYs2zlq66cPPjtYaW11BsyPQbPF39IALAACAAElEQVSnGarKlEn/+NyvhuMpjK0v2F9jhy1UynwFZJRJM4j5ZHvKRIUKMcQzSVUmqqmm2m/AoukGf25771fxRzqeIexKHqVyORSKQI3wArFCoZDJZJiXlw1ixe1JpdL4i95WRCnIGQsUyTSPeg+GY7k8ESecMwgCVV9aTgbFEgnpBl+U7lAMk4WvKRNQWAxXIJoy2qB2/FZXCCyQenRIj2qGlsoEjKphfXFcI55IJlIZ0OL5K7fs2k+yAF24cvvRSYtAE3O54hNTluTyhadnLJ/66tob3Uo5kwTNrv5zwGjz5/LS1+G4F7asZGm/VkYN8WSGjXOngjLwZpKJ2B1NtLGGkM4WOBqNg4eSz5eouyC5HMkHxTkgsNPZfCSewr3MW75x/qp3IU4cbv8z0xcFwnFI69p0amlWdxA6xOb0/m3M1D8/OmnFm9sjsZQvTEI1LK6ANxB9fvaqRW/sSGXyU15dv/GDL1+Ys9rtDUCuvPz6FshX9BDTAxvnLt+yeP0HLy5+e+vurzP5Yo/JZuRJDib0/9/j5u/68viWXQeenbWS3R1GbN6KLUNuWASMlZJIsGaoUyZ9NzoN2XwhXyzXl+tx+EJoDH0m3tgSCpXJ9Nfe6iNiuJLNFa7c7NQaLN+cuWTibOjSMzOJMvng08MT5q3dsutrkqohm/eHYzDBE+gxC+zpqMpExS8N8UxSlYlqqqn227DMQDHxKmWB2QIJiA/TXfiQzt3PFsn2ZnQOf7CDoTBTJjCny5NKp73+AGe10SgU3utrwbzFQCsQCDMp8SGXgRS9MQj+fLHEsgnbfW0wlUyG5YQdvjKx2gcj4NFVsz0IQRKMpsA+mw5TczAKy5zTe0lJ6UqxWEnnCiCXsVQOpuc98toAR5ZK5WKxfO7K7VAsOXn+eggSu9Mz+ZW12H7h2r3NO/eDjFZpOi/pwa2Aq2u4xtlpHyxy+aI/kmr40FkpRvRk2M5pGEw2zj2co+ElxDDZSUF3lhZMIfLFIk4OiWh1+fV0AptpLrVANJHN5vP5whOT58OOnbpo5p1/Gj0RdBy0+3a3EXdtqZMf7HA6tUi+bJwHRr4XdOLdp+U+evTmMxdvpLO5SqXXH457g1GXP+wJhMdOW3bx6m2nL/Tsi6+vfufjcS+tiSfTes7e0WX497gFhWIJyuT42Z+enL7sscmL17zz8dhpS9ETiJBPD57M5knx0lHjFhh4Z7lcqWkzto5R+2x3+4OiyDGT3T+S+vH13lxVAnwvAvXJx5xUmTi87XmONVQmPpLUbshMWPXOHmiSrbsPbN755c27mhVvfTj51fUkz2/vfdx+vlCC2Dt04uITU5dibhhtJDjHQMrjeGHswanKRMUvDfFMUpWJaqqp9js0mcCJKkn5Ck0SNHEW6tYlJJOpTDbv9viY3xd0i8fbwu1KcFAOavPKN+ujLhYai8ftD+cLRUnkiTwCzLGnnTytEiRTaTGJjCRGlI7FYCO0BrcDUphI59PZQiZfKpTKBVLh/j4MjKqtd9LgWzv2Hnpv9wHQzDFTFu/+8tjzs1c+P3tVIBSdvnDjPa2iKjQ1mOw+V5tEcBhAl/S83MKaxuwg2Qsswww4KZYrbJx11taxNxjwHrNdPrSAgWrCSiSRMQxUSzSTgvEulz+KB1dr86/nZoeiyQVrtv1x1Pgbd7XX73T/8+kX2V48LMiBVCYHgg7DB8xnXFrm6jNeW//HRyaMm73s+x9v0FcGgwNisTmZ/HjmxdfvaMwzFr4FMv3dD9c+O3Rq74ET/3phPs6+avMetATV3vHZMXyd0UBw+bbuPgh9wruD6MC/X5g/e8mmNVv25ovlTR8eGD1h4YtLNjEPMaqcS29s+7QW1pXNk8Ui6KtaH9pFvTJh4OyDTow1QIChsdXZRtq0PppsMJrM6HkXBmvpmx+yEVu47n10G7puyfoPZi3Z1NGlP/HDtasdmpdWbInEU1aH97uzV+Kp7MI3dmSyOegTjdE67bW3Fq3/4Pk5q0yCm3f5yL/uoOAJ6awkVYOqTFQ8BIhnkqpMVFNNtd+nRdN9OdlqV5TB9IZCEaMZEsUGQWLhbfl8PpvNQaKwiHmby5dIJCUs0xkgOZEMVvK+Vry9GcAqjPaAjve2xVWdXlLYjhfFN/uDUb3NBzMKfpc/EonEJIRPAuZfVBMnSsq3yYCV72DKpNAo6RB7hd+0N80B1jt26pJD310Ao0qls09OW+YLRoMRkvJIoasSC25mFehHDqMt0NxaVMOoEtc1RmEd0n3KoKUJZ2mtxhazy8B7cJVmE4B48qRzNvBR6rLFKlewGpGRWHpoZqa+fKGEn19e8c6er76702OIJlJ/Gj3RYHHI36wMSqXSvGUbQ5GExx9e/Mb7f39iWpeRr+31R+JfffsDrjh1AYlggT55e+eXF6/fe3Hx209OXw5l4vSFPjvyPVpCaZz64So+mG3uZ19cSVKf0YkN/r39468z2UI0mcaPaIZbSGfzC9ftOHHu8hvb9s1ctPHRiYvA9e9pzRA5l653okGtA8NAc2XiNdZl06KhO25OwRJN7TFA4z0+eXG+UOYdXjyd0RNem/jyOqvgtjs9ew+c3PnZMeiQSCz52KTFnkDk3+Pm45ZPXrgOVf/JgROYKpBhyVTmialLAuHY/NXv4btjtNglv6DUOBMVDw3imaQqE9VUU+33bLVXwn1UitS7CYEZFArFcCQGWULFiWB3uFKptD9A8nox83h9xYE0O+StOeWOqWy+GSmsB8SJlm/vBapA8xT5QyTjJUOV1pWHcApEU1AmJKGwzWd3B/2RJAh9vUwiXaUv4JndMwxSw2GgpkwgAwqFhsrEq+c9iodkCM78eHPxhp1ff3exUCyNnbYMfAtka9OOfePnrg5HBkegGfLFElhjuh2/pmYAQXT7Y+lcoZlJD6gDGXaaQbhQlxdBCVgOYkiITKsX/CTm3uaun4SYJJFEmnf69VY3K7Fipm6HeDqsYr24LCAOvt1j/ODTww4vWVJ4atqiHFncu/8/n5mlNTbO56YEkAQb3tsL5VAsVXDaqx3dxfLgaKDPLDCD9YSzuRzeIJTDtr2Hj525smH754I7cOLCTex6esaK63dIwb5oPPXIhIW1daTLN7vQkh2OU0GH4EKhaPKDfUcnzFubSGcvXrv32KRF+FI8PXPFm9v3PT97VSZXIOms64ZLIZorE4+5Ln4sHE+aBLepVRHMaDzZretPdUDTQizAILj8JDMHhMe8FVtwXxA5s5duzmTzH3x6ZO7yd6BJcvnCmClL1r37yfNzVmHO7/j0CMZhw3v7IOXx3cEtTpi3DodMfnW9pC6KWehfMVOViYpfGuKZpCoT1VRT7XdusXRV/KMkVlWCVDrt8fqpo5fNarNHo7FMNutwuqBYIFFIdRQb4XahSNuVT7K5gi+ckG5tDgPv0pqF3EB2LxmAx2TzBU8wyrtDEtp1U5Se646uaUkTJWClNiCxmikTm4uEWNQTZeWAIDl4/MLtHhP47OwlmxaseQ98dOzUJS1PGU9mJIR72PAEE8NeKKgBc4wbbl61e8b+MOVwvEVmJ6gO6NIqvQau6PRHaJiHm5WlJzSac4Afx1ODJUStThosJLrBWDw5+ZW1i9a996fREyECV2/64F/Pzfn72Okefxspv+qx7+CJP4wa/7cnpq/Z/FE6o9SNMBBN+CPxSqNvaCSW+OLImdqP97Tcyk27X5i7Glw8mc6StYJg5N09B51uPzg9puiBb394asbyW/d0k1554+OvTmzY/pnN5efdQSNNG2Cwucx2jycQyRXJYpGSp9RMmVidRPtJNiYzOR3vNTZyxVy4bsfSDTvZZzyIIu2AkXe+MGf1Y5MXJ9O5WCKNw2cs2ohZ7XAHpry6HndkFVyfHjyFbx80SSiWHD1xISQWZInD7YN0qdLwp6HXaQAD71SViYqHA/FMUpWJaqqppprYiiU5F68+SvRz+YLN7oA4MVt4WDQWD4bCRouN421Wu9vU6EV1S+AQXTvLJnoSRUBq2Et3NEGVFtWGPhH3DRSkpkx6RlZtQ6xM6jNT9dFFHvmCJ0pQKpfv36+CUK7dvPvkuavLN7y/aO32lhEXqUzOH06M8NIMel5RDmV5MGUCwqqEL0pwz2Bjz8sXalHHBqPt8ITyxbI/HO8xO2oF6fEBzFtwkxxckjGhQeqDORswux4fP9fuCfrDsZdXvjtvxTu+YHTOkjfXvfPRSAYTh/7nU7NeXv7W1FdXQ5/88+lZyfRggVEZQC1ATeXryoBUaJyJb2D9kGjjYpkU9Oy9r+cEKJllb3307KyVECGRWPK5WSuhItZt24cPVzt6tuw6sPytj+Yu2+z2h80Or5H6szEzCeRyBpvX7gXbTxeKcg+rLWWCXyA6K8mhLNkOrH9v3yMTXsPwsmXYmYvfzheKL7++9ezl27OWbApGSDGZaDL73seHTFYHPs9Ztnn0hIUQkNBga7fsXbvlY2wXPKTyUlXkDKYEqjJR8dAgnkmqMlFNNdVUE1smr/RvOZUo+WgsxvHEy4uz8l5/wO5w0RAUPp8vtEULgEKp7Aq09k1iIPUWhbado0DWzI4AKZ5InbtAOms8zCh46+uuKEdNmYAIJtKktIUELFNqu2PSEKFY4rU1731z+sKYKUsy2YLOIk26de7SrSenL8vmiW8VdMs3py/+1NEjacNgd/nkV8kksDofQBh9bc1Ez0MqtrFQBtzWWdjzEjwk+3CVuvDhHsHXk+lcIJJweEOCJ2Si+a/MNI4ITxzX4hyBcDyZbTIte+/ft9DGzOcNJ4zEkyDQk+atWr3po3yhlM0XX5i19IvDJ6VHtg+c/L+emwfxUCxVMrmCx6e0gGkzZYI7EtdgYfUi68uYVCmgxw6duLj/2Nn39x7CzU6Zv37fodMb3vuUDQtrgO3eUNTmYusnJGkVHUkSh0OfmsviCniCEShefGeZA1gzZeIJROi0J58hNt7dc/DLo2cxgVPZvG2gyH0fvS4LnQqGY09MXbLszQ+fm70SJx87bem+gyehVTDPb/eYzl6+iY2YP3g0C9e9z57+9k+O4EuHr7Z4EIYBVZmoeGgQzyRVmaimmmqqia1haRQlyGZzvGAnVVDsJM6ERcwXZd+z1gPMUmEkLufwB0LR4fW1UCj6QjHeHYIUqSkTWLsFFsTQmEn8A3sN35Dre4MkMcCw/fgZ6GtgZlWPP3T7ni4US4EvRhPpWCKdLRRgpVIF5G/UuAWbd+7HIfuPnhk1fsGnX5/uo5y4RlgpTe2bsWijxNteBjjA4vBFmrtRGXnX2Su3pVvrwJRJnJY1lF9HGrhfMqS4tXAsdVtjZg+rx+ygvJmEMUB71B6imQayQyiiAQtKsdS9s68Hy2iMu2M/JjPZ0xdv/vOp6ZVK5W9jZx45eYGGYBAePPS44SCRTP/pkQn/9czsaa+uunGnW3xOXAJSgX12+UKSkYEkaKhMJICAwbBItzZHKoPvXAtPPwiJYCTm9oW0FkeP2c6iqpgZ7SSxspYmWb5nsOJLRIpFJlI5kru4102VCZv2PSbhyMmL2Vz+8cmLd352FLuPnPrRKpBcW4e/u3Dk5KWXlr8DcfL6pt2haMLm9B06cWHD9s/HzV1z4oere/Z/+9GXx5+fvSpF15eqA4sqQDpXsHtDI380qjJR8dAgnkmqMlFNNdVUE1u4Ke1sjd779zm7h6PO+iB5vOAwc9ayKLS3JXp7e22uQEsfLfBr88iSTYEpCZ6wwxNkUQfMeJdcxlt5MBIskzCqX5m08ryqBzhxgdb4iyczUCCeYNTqIgkGsrliMp3jqPuNnifrD1qLE+YJxHZ9cXzMlMUvLtqYy5dmLto4//VNXxz5Pp3Nbfrgyx9+up2kdTONFnsoHJu7/J0aw5MHes7ZXI+Mf23M5NeahUak0lmbXZqIqR5MmeCERhpx7q/zyypXKpl8MZXJRWJJuydoFNzdJjtujQSpi9KpcVSHgCXTF/lu7OUcXpvL7yarI5lSpRKMJnQWF1SK5PwSsNxlvDuYzJCqoP5gBOMG+9uYKRilyzfu/tezc27c1UkPGy4w+Jeu35007/W/j53xx0fGH/7uh9ou0OsxU5awz7OXbpY8GpYHudh8jjF0m+3QMNKtTYAvAmYRVKKMPgTiqRxV3aTzGC5vKEqTbrlImgGRAxhHpKYHprP58I1Ab3vMAnSj4AkFY8m7Wu7wyYv4LTHupTVrtnx8+OSPL6/c+sTUpYViadmbOzPZPO/yl8uVvQdOOL0hzIo1W/bu/+bcU9OXQ65AzMxe9g4kSn1oGTpvdvhUZaLivzHEM0lVJqqppppqEssVequ06EG+VM0WSJVGWCTVX7qRVW8MkdD5+yVSLHvIL1gQlztazjJQxNBotVttQiisaC2CnQqstEQgp2fA2MB1ynVxAu0C96ixkBUeZnf1ww+Cl1EmjM+FYgmOhKH3sszC2TzRFaFY0heKuf1huzfIuwiro0miCMkG4TbZfXRBYIixjQY0sHnMpI0HB9JjyWdYJJbatPOrF+asfmbGcn8ovnLT7qsdPWcvd4Bbh2PJl1/fAobXqTFtfv+Tkz9cXfbmh8VS6ekZy748+v3M19anM7kXl2x6acW7Y6ctfXPHFzMXvnn4u/NsueDoqUtjpy3ByEPhzFz0NnTF3gMnsX3uii2xRGrCy+vGz309FI2DStqd7qUbdi5cu/0QPTadLbA7hWDAU0NXmSCBnKjFftTfpvh+jTYvGRary0IVr5mKEwxRrlCi6X3lZgHkDZixLyjnJZjJFmD+YAxDgRP+/YmpkEOFYjmRzPzlsUmJZOqnW90PJLMZAwZ5045PPvrsyIWrd0DKIZ9sblIzFLy8WCo/OZ0UQ8QtPfvi6/gWhKIJEi9CBW0kkdZydpmb7aMHGgSvRZRNWx64X9D6ltkIeJpLQLqVokodwLpNgt7msdg9Th8esR9Px2AjZSXJupbgw4OGWjx84uLEl9ctWPPeyk17MIs6OnV0Ui2DoN384Vd2dwBjvn3voUQKP+7P5YuvrtoaT6Zvd+mbXZohkyPFWIah+SXoGFiOU5WJil8a4pmkKhPVVFNNtRFaPfzBsIUsnlBxAp7E2+RXTjLZ3KPj5/1x1PiFa94FC4kl0xNeel3aaABocOtOF06o1Zv+OmYa2OQ3Zy4dPHZK2k4Zuox2VsWCo55FJFzE7mV1IWqoDroVkasz5ArFbKEQS6RDsTQ4d6eBJ2cA57Z7iWCgL/LZu3z2gTnAMFZdbyaSE6l/0aPbZDcKbsEd9IaiME8glsqCp5VY2T4alNzCVwd644W5a27c0Ux+eTV427EzV+506WYt3njzrvbxyYtnLd08bcEbNBlafMvug5VK77sf7V/4xo5R4xdYnb5nZq7ApSa/8kYSZLxQfmLqUhpznAGbfGHualJBEsqVssA5y97J5Us4YTiWeHb2SjTHh737j89d/s6EOSt+vHYPx+JU7iCtiTlwm+h87R7t3pA3HGXVCZlFE2myBsK78AhA0+sZKbbcM/YHwdcH2DQEKLLZ7m/2Tr1QKB85demPj0yY9spK/Ltq085oIvWXRycteP1tKIL/fHLGT7c6pceMDH8dM/XmPd2RUz9OeWXNirc+gDiBlug22yGHnL4wqDkGDcIVAxuNJ5+eseKlFVsem7z4jW371r+3j5XKYTNQel4KyBiMjFdWiYkBUUFGkm+xrCSfnYKtYQrefvcz/IupJW4ALRqOpzds/wwT+Zvvr1y52Ykp9O7ur8OR+IeffxMIRTPZ/JgpS56asZzFaPnCsUKxgchvCOaTOZIgMQZVmah4aBDPJFWZqKaaaqqN0OopEpiKhRcsjn5xwvGCPxCob8aQLxQWrt328oq3L1y5CdKWzxeIMpnbVJmUy5U/jZ4IZZLJZN9492Pw9Z37Dh8/fV7aThkEl09c1YSZxuwIRuLQA6lMLp7MQH6AQDu8Ibs7aBRcet4FYg2FwPyLYDVt08zY63+aFYr5HRG5AvXCOYhBD0DbROPpTC4PtTOgfQgLB4GTBN70mO06awtfnYVr358wb60vGHl0Iqlx8eU3P9zTmMZMeg00dOy0ZUvW71z7zh5czObwvrf3CETPC3NWcoIHygTM+Mlpy8qVXiiTVCqbzRWJMsmXCK3cRqpeQJlArjBlMm3hW9gFQhlPpKa+ui6dyfsCkQ3v7Zu+8K3RExfOX7t90foPCqWK0x/BCEBsWB3kNv2RRIaGodfusV/4UYN+wGDafXKLbHf1VjbgN3vMzSaVGO4A6UCuSThNKp39x5MzdWYB8+rc5Y4/PjIe7PnZ6Qv+MGr8D5dujJu1tJkGGB4wdI+8MBfPNJMrxpPpxya83EepfKX3fiiWunFX8+33l6FM0AAj7/IEvjx6FoplzNSle/Z/N27u6gL179IaeW+w8RCVK0RpQFxJdzRBgdJ6PS+n8dA9DLh0qwiYMDhJLZnB/Wo1GBvSAZPdC3m9+p2Pc/mC2xeEREE/39t76MT5a5NeWXf41CXIY5PFpjELbLSJZ5coPl4eTFwNrzyOGKoyUfHQIJ5JqjJRTTXVVBuhNXwbHU+mOKvNaCU+TjCr4NSb+Y4es8S8gchHnx74y2OTstks6NSxMz+aeQc+PDrhlf96dtY/xk5j2U9nvPbGP5+aMfnl1Q6X99/Pzfof/x635u0dZ3+8/s+nZlYqlamvrAqGY1UaoNww+lwGqUz2tpar6QeIBBBBErEw1MWI+BQRpxQvfaNPfK5g1HvKy7sCDl/I6Qt5g1FYKJaMp3KpdC6bK+SLReKIQ+PO+92O2qG5aJvM5MuijEOUI3p5pxxpw8Vw6SwtehiNp3CIyxdKZ/NWu3vrnkPbPj6858CpUqn87Myli9dt+/r4eRC7p6YvW7tlz+gJC0EQIV1w4Li5a/AZp2I/Ajfv6cZOW1osljy+4JI33seu515cAaL8+JQlyVTmRVLLr5xIZaBMvjt3DS2/v3RrxfqtOLBUqWAAUzSEoyXYK/9kkzgWBrD2Dg15ZCa7v6H7nARVUtvRUx9tEomlnIG4hXdi+gVDMSi0TK5w+sL1x8a/hFlkEVyffPVNy5CndoEx/dsTUwOQetk85t7T0xeK92az+Xkrtlgd3nNXbr+x9dMPPj0KgXzjrnbM1CXZfPH1jR+ik7F48vKt7k0ffBmOJl5ZufXaHQ0RNgOTJBJLWlyBhjVPGoLlIcDclu4QAbPXHZTGAolBMmI7/DV/KoiEjKjmJrqHS0CQ+kJR9vU8+N2FTq2ZzEx/qL48DqY9JozO4pBsbwYmxliM0EigKhMVDw3imaQqE9VUU021EVq2SeFviAqrTajVDLEOBJ+ILRyJbX7/47+NmVIqlfBjPp8HF4zEk8/MWFwul5+Y9EommwOD6dZb8oXCHx+Z8J9PTger/sOocWi2ZdeBP4waD2bzx0cmgiLPXPjGn0ZPhK19Zw90jtHmcnm8JeIRJCcGsLdrwDsIdkfL6XnST53VCQYM0vNAChQ2A05uFAIGW8BsD1idIZs74vTFfOFkNJlNpHP5QtkdjIupW4USd7A80Tmk8EdiIHZaziHdMRS48QJxEJPyQvbu2UMSQ5E2HZ16th28M57MvPHux7v3f8eG9PodzVffXbx1TwdabLG7e0nm1vsR+uIcDSBg2MBjGNGfnLKUa+DrXJNwHTFYjlq07ND21wiXB9qjsdjFCL1iyQ+Kpcq5yzf/8tiUIycuopOpTP7vT0wTHfqAgZGxOTx/Gj3hj6PGQxFBZkgaJNPZKze7b3cb0fLpmSsw7Lu+/O6ZF1/Hj09NX+4PxcbPXf3m9s+wK5ZIPTl9+edHz35++Mz+b8+v2LirSoqKFpnHl0L4QtTXzi7nrEXCokRKox4G3qXjBz0ME+msOHaf+XpByct/E2so0jUQ5YE9zJur2ZqYcqjKRMVDg3gmqcpENdVUU22Elik0JRwW3ma22mpR5haH1OuJKZP/eHwylInTFy6TSoL3mTcXPj855VWmTPYcOP7PZ+b8f/96QaxMlr2xDR9Ai6FPQPE3bPv03V37Q6HIP8ZOw9nMjkC3SbjebXL7Q7W3uQ3h9g72ikWDQJyIVyp+VoCtFQpl6JAgiVdJQJlAn1gcISgWPe/TWrziJAPMcSWWkltS4F3EbaxlqlycyuIMZJvUOqyRyNoHjHCB+nHVBrNKFqnIUhA2Nnrz3X9gNl8AMVWYDDraX66+xeDjobMCMne0Fum+RkBnzKTahr1Q6u8GuDhHo/A9/ggG4a9jpv7zqRng37g05s/Qox8YMCS8ndQhNfHOr4//0KMn6wbSNlBNxTLUBfZEYwn8+9nh06+t3Y5dY6ctO/HD1VHjFpBVxIVv5QvFp2YQZQLdks3lX1y8EULz+LmreqtDck4ZeKirG2eXi1xKZRsXgWFgY8sJg0tS4XhavGjDUrFpLYqUCdoEo0mcsH5GNQPEpJI50xKqMlHx0CCeSaoyUU011VQbocUzTQkH6KyFF+4NVMdjkSdmEEo9b7Y5Hd5gLJm5eO3u38ZMhQKBFHll5eYuHRdNpKBMisXik5NfTWeyHn/ov56dgx/710zK/cpk7pINf350cqFYwvZyuTJ+7or/+fTMSfNW/f0JokwEb5hdFBIFrOiewabjbCxhrqSTFVJ+cTAwXfnL3V8Y6FUkRklbcxejKs0tC2u57ABeS/hcuempJAhEUiahcU1Aoy0gsyRCs2P5FS49MaIsryQZOulKF87cTFxJILjJw9VyTjxblsG522TvNAo4gy+cTCQzmz74fPzspaOenxMKy3kuDRvnLt/82xPTnp6+GBIoFE1s2PrxYxNebci/2Wysn4TEr7H3/qkL119ZuXU0jSCCMnlu9qpzV25BquHD2nc/eXbWylgiNX3hWxNfXrf3wPHasXe13JL1O+rPKXhIRjj5Sj7JNFnBk24dAL656K14UcU11PUrThesIALdwbje5nN4wzghTW8g7UwfvUcTyTgnt4YjAZXi3oZnawu3evqViYazS/c1gZhPqspExfAhnkmqMlFNNdVUk5jX4rd9c0b76gLNy6/olr3u7jSHopX6ZjWTKYFCXg9z1ruafocuav4eizsSjdeWAkBcnpm+8Oujp4KR2F/HTCE5mhL9EfBPTpkPZeIPhohrfij6h1HjoUzAcfEhFk/OWrR+9Ph54Ujsz49Oyuby2HWto6uzRzfqudmFQsHqGrI4A9PbvNe6DF7iZTSExLCo61qzHrNSXvILAyNm80bQVWmqZhGqNKbCjDaNKK8Y0RThiy2b1eAJxK2upspEJv44nsooVyYOX4hrRMrrYfcMKEmLU0l7CFqOJgcjqaI5Bz7c6DZq6WoeWTvKFYORxJ9HT5yzaH1DtTByPDFl0ahxr0CTQJ/gw388PvmR5+c0HP9myoQB26HGt+w6gA+QKP8eNz+XL0IZQpM8OX3ZkZPncad6i+Po6UuPT16MNslUplgsvbn9syemLqk/J54pvhehmNSpTAx8QbjmS3A2T5AjVd4Hz2z3DJknvnAMDcwCWSyq9N63e8MGmw8SxR+Jlyu9ki4VyxVat1FuDUeCLqONZj2Wbm8XqjJR8dAgnkmqMlFNNdVUqxlESNekSQ2te/qMYLhYfwizbKGXfQjXMZx8sWQV7OxPfpdJ4AV7PRsDO7nR0fnFke+zWfJqtlyu3O3U4EOPxsDWB+516w4eP99xt/vOvR40/ul2z4Vrd789c+nLo9/f7tLv+fxwvlD86+NTvjh88qXlm56dsZidU2Nx3TPaO012cY1wjgQnWGJJUkm6hjsDQfCw2xpFoQu/PIqlSrdR0MsmeK3QLEnygSgMnkDUKMiJHAlsnkg43ri0pUloWtseW6OJlLk5r5XAZPdCWdUT6HqALms4UhpPY3Z4ZV/516DlHOhJt4msk9TCnzhRHZtgNKHk0vVAZ9K5gssbklFo/xg77dS5y5l88aUV72gMHHOEkzaiHl9mknGh9SDoOWHstGUXrpGkxlBTo8Yt4GxO6K7RExZ+evDUE1OXTpy39uY97Ssrt63Y+NGYKUuu39VKT0GenRs6Ldeq2mY0mUmkhnxlaiDlSmxDksWZ7EMet9lO6mNK8gj30TvF3OA9Ya3Va3EFEukcOm914t6JSRrLQGtxGm1yXwqFUJWJiocG8UxSlYlqqqmmGjPrp/vrBYnEfNZA/YESqydUTo+PRZjobV6j2ZLLNfUMUYJiqeyPxGvJiGpIptI6g1lvtBw7c5lt6Tba9NQ1K55I2ly+21qLjibdgt3T8+KUYp26flJCOsm7ZdylHiLAm0ldFNliJrEEidMoKVig0POulvX1xDDw/lIj1y+cwRmQks4acHZvOCqfc1YMWubcId3aBDWHLjxZJTcC4muy0egUnZU9aypUbEqOlQCHZHN5b5g8ERBrmOAJQbnpeK/G6nX5wvULL38aPfHxSfNfXv7WXx6b/M33VyyCKxRpUHWkSsM2lCgTrYkvU589XOvo6Utv7/gCD6hQLL8wZ/VX35wbNf61H67eGf/S2nyx7AtG127Ziw/xVEZyWpoCuz9XrzwaqgXSW2eAdw2VIkOFqNZCBGEs2VjWMlRpucZANGWi8T8tfRHFIEtM7Xh/NYOqTFQ8NIhnkqpMVFNNNdWIJapdkyfXSxGJaRcubilO6klOqdS/bAIOoTearYoLVDdEIpkyy7oh1XYxZcI+g/qkM9mbPaYaJc3mBz3jxa5f2JWWzUT0sOD2hwkJc8iRMAt1WGqYx1kC5gMj3docJqFxUPJ9Ut6+qT8fJoM31IYyMfAe5d50ODNzfNLznvokY/UgSaJo+Xl2FP6lArX1gWJAtZYrvXgWUCMQIXqbz2gPpLJ5Ru4LpbLNE9ZYPZ66WoePTZg36rnZ/xg7/c+jJ/750Ul/GzN1zMSX65/TfaZMhNbKpIZKby8tNZOPJlK5fMlosc9eunnMlCWZXGHstGW5Qmn/sXPXO/XFUgW9dfrDYh8q6HAdT/yshp6yAXDyUt2KUDZPopUk3xd8m8Q/6q1Ok+BO0eVQeTBVhhM2nGkNwQ4Z4a8UBlWZqHhoEM8kVZmopppqqvmFsGbBwnod0tgmT64/g9iy+QZv1rvMdqud+N64/UFeUPqHvyGsgkNhwCtRJkN9n3BQrXrJLQ1XOwkoF2h6TZyAF4qP+pXAJHhBwgKROoc5ETScU97dqwYN56gv8SEDwRNp6LIFEplrHoOOQ8g6jyCnpsRAS7u7cTRLPfD4mEMXFSdercWn5/3JTL7h2k4fWXRKQsPc6jbv+uRLg83r9keUzKIaoGHA7LU8eakfjCWJN5a0ST+wXdMoUgKXyxdKMCgZyImGsftUmQR0Nl9bfUNbmrfNbx4Qgax3352/8cKc1aPGL8BjymRyEAlmunoJNQIFGE9ljYJP8JAM0cMA1CCUnpkEmQzZ7g4OWUODLNFZHDJ+bjWwrAxaxZVM+uj0wyGJtFy2OoWovbZQokzw9K1Or5hPqspExfAhnkmqMlFNNdVU08x7WSI/uqdMcd3UBAI56xeHpMpk0iTb4RP1J6lZfagJ0GOygQOxeueclReXO2gX9XqjGbpNDVqWy5Va0fduQ3/OWdC4GwNvTDkSeMAPPehXAb3VDc4q846//5WzMs8WyBKjTVFLBl+o0XMliZvyMks0FocPXbLIrvPUwPofirUOkqnBQp1/OForENQcZ0hlC75QAhLFHYizLawlxzt+uHLnzIWr73+0t8dMqnkOPZMcQMHD8TTERrj56pAEgjccTUrpcpUWU6fkuyn37aXVP7QWZ9MxbQKWaaC+QCEuGo4Pdhvn94UxPm6Dzc3R+Ct8dngC+Eq2q0/8kThkp2boGhcUVzQx6LhVpd5WGrMgatIUOur35fKHpTuagyb+GhJ/P2zc6O4PPTLbPdBRLEE2QZViaGNOcEHbi/mkqkxUDB/imaQqE9VUU001ifDomTXbea3zlLUy9UL2/9yf2PvKBkkD/dr19ScRWz3sHlJdxCK4EqkMZ+GFodl72oKO99brjYbQcvb61Q9QjOtdBuY0ck9vZZQD/97R9qc25n6t6bmMdM2kjiMNAhwKDZx+ReHgBpvXrHgpA9Q8GG0cJxCKpZovHhBnIU5ZRH4fzTGN/seHJieQBwkdGcirVovAQW9yhSItCON3BeIYMfTwwLGz7+3cs/3Dj6/c6r6tU1QFhQGHY/ZqrEQCyQy+BNFkxlLXHkqJ9VbPO8XbxWDKRNOqUGY9fCFSYVPhgehJMBw18HTFyUEc23rMQiKZkdG99aBCgriHiTdC4cRFsfJVFtCvLEJdZ3UYbe62FkBcxMUxoPixyKGmTK51Gq53GWEYEw1ntzj9Nk8ADzSZyeWLpUKxVCyV0dhs94n5pKpMVAwf4pmkKhPVVFPtd24Bb1oiPP73z+L/y94h9odtGnGDzkktHLoaEgWQHs5K1iIKhYLN7shk2+AfYhBRISrr1hC5fD6ZSgdCEafL4/UFdOYhUc6lcvmOpt9zo8toTaUzbn/w+gAvYWZ3D/GVf+hghJUoE+meQdDK6IFKRRG5xKksylZX+iiRbVaxRPBGm/H1coUUioGgkpEuYqSzebPimow1aEwCq7qo5z2S1ZsqVWsmIXCjx7Tz48+2fbAb1tmOLMGwaywe3hXIt7nKhzHpsXgc3kEFji3BWII9RG9IGoVSA6tLqFBgiAEObbC5o3VF5WWAx4rOWF0Bs+CueTN2m+02l7+goKS6iQbtSEocZnIFseMWUyYBBSViqnTFzMAPSfPVErhr+S+FQhRKJZxK/BtAiYn5pKpMVAwf4pmkKhPVVFPtd27uLk6sOo7MXcHUyP84mrrsHWQYEvWCBkfNTYucZPKNybHZQgKOQUGsNiEWb5rQSQaMvsgXhgN2fnZs7eZdK9784JWVW3d/8c2o8a9J0m3dJyEKDo6GQROpU8c5QNTaShD0cyNJ6xXqBgL6G4JlxVWiAtgwtuU20wzF5vEDNjcpTmKuW7ZqCPQ6Eif5hdt6bd/H4trt/az6TiPV0WUSsOv8T3d/7Ogx2dooo1klywKeiMgVqi3QiJRBZYIpx7FKow5/M5nXN6BM0GfpDlngpnS8myY/aGP0MjkqBanowhny+YLd7cfMN9EvBXQOfszlCw299WhYC4lXkYxnIDpkDQ170UyJrovGU1ybWbn6yNKfR2cbafh7uVKp5XnTWJzQZlqLE6a3eWHsV0TNxL8lxHxSVSYqhg/xTFKViWqqqfY7N4kyOTh3JVTH+PNSj5p6ZfL/Hk7Vn41ZpAmXgzKpVIjrP5RJKDQcWkxoqCOQSDa5wAAqld5yuRIKRy9dvYVDRo1fUB/ZUgt4rVm9RJEc8hARTaSJMrE09QLqo4UdDMpCR5jfly+syMlq2NBZ3Xre7VfmylWlWbzMiiufiIFJxbykukx2CY0uV3oxLOzhGqxO5Umf+mjIhNaiaDwbosfiEbyDEhod01mJGEZXZdRRmVak6W5fmZjsXsEld+Z6pKjcFS964PBQOGbgXaaB9GUazq7nneKIHYZgOMo18nt0eUPiltAkaKYkc5rNRXi/wuW1GswkJsch3doOMCVI8Bv9vuttnk4Db+CdHRoz7FYPsRvdRvx7W8NhF6yHc3dzpEAnlJuYT6rKRMXwIZ5JqjJRTTXVfufmMTjFkuP2jFnSX5rgK729EmWyS1+EOPm/v0ru0pTqzwkrlhpwEQiSdIZoHnxwuhS9Spcgm81xde77DRFPpkdPXDh/1bZQJP7UjOWVuhIl4EDdZpLJSmNx3tHbOo3ExLLEKHiVJBT6ZQDeabR5nb6mi0XMbUYSjtwMzDcsnWmdyHXYKJaIp5AvGFXwrAjQjNyj4tAXCe4a+kuU6CA/Bp51KJq8pelPxWZUFptUQ5UoPe+w80dXSaFPT0TkW1WuVO7oSSyTvDJJZfMcyRrcXm9Zhc1gVJEIrCEQId5l0q0DgJywODwktZqdqBQQcbPdk80XmLozCD7cCNSXpP6meahvVZisgwUarrpIQL+J7d01m/Pihal2gY5BgbAiKjreLbOW1UenBK6IZ8cqtKgR8CoeGMQzSVUmqqmm2u/c/K6ERHWQP79DkRMEaZu+vv/18wTEyf9zqPHKSVxa0o3A4XTF4oQ88YJ9eLmDI9E4oT71px6KK7e1U+ZvmDBv7Zgpi5+fveqjL4839HLRWj23NSaz3ZsHj+7t9YfJycXiRGMSGh74y6PHbDfwnkRaupZVA2NpFqciZs9chnKFYdJuJWCuWcqZPaHynBP3KN2hDLl8gT27u2C4A1lrb/aYByLO3aVSG25CGEzINq1FTkLIg7gLWj05UbRGqVy5qyPKxPgzKBPmW5VsJ3Yc8IVjJtlYI0z+TK4geIJ6m89Ml1B0Vofe6izSABWdxZHKFsguB6lAApafzOa11iEn9AQjSr6waGAQPBgxnCpGAvFbtGeoEgc5vy/UOoilGfzhGEujDLveZWjZTwajjayZcKo3l4oHBfFMUpWJaqqpptrdyVPFqkMze3bi7t3a70zrpk0SWWJ79122i0WkLL+erz8nLDzU5apcrpy/cuvU9xdOfX9RozNY+Pb8VRi0LOC1FX8wC+50JguxQeriNfdcNwrSF8Z39NYhhU3svlvdplZX+9kBwqTnPSCRzZyRqoTRFjgajlxVQK8SmawSvjhs4MyQUgpTqDFk8wUt59S3U2JFghuD9SicVVr/kf1I+bRPa/GKjQTNOwJ2XzSZyoHW06kymB6W90Q0nLcyNLa7LUDrmuxDJmq+UOrQkMzU3ZxLZuApVw5IihW2hD8YBsNWSOhrsDj9BkFpkAZZZ7OT6iUD6n2w8iYGLZ7OOv2hQlG6xsgOkWysB3P6MtpIXmxSlcXhx+duky0cSxRLZRacJj2GZmDjlLmKNUQ0lgzHknguNk/wVo+p4SXqUaUxWoI3hOuK+eQDUyZfHDjv8oSkW1X8piGeSaoyUU011X7nNvNibu6ao/cmtS4AX7Pe3KAX0JgzaYiT+tMy6x2gSp067sTp87zDbRMc+NN+6WoHflRIBWooFkl9ayUFxW/e04+dtmzc3NXXb/ccO31JupsCiiVfl4AIXfLS7Ks1cQILtekk88BB0po5Ay5fuNl4EdZIEyUReieAdrtYyUWnNxSJpRJp0P6SWNV4guQe2xx+RcC1oKC6jCTo3E5K+Cm9BoYdmpBvk5GLUem9Xyu82GW03TPw7PMdUXUa9MbtjwqeMLhuNltIprKuQNTmCpqEgN7q03AeLefVcm4N5w4qC49phnA8HYgmxTcfiCa6aSz+bQ0n2iwFUyZCm9S0YemelmhXPTJUiU52K/QbhDwzKEgZ7A2SqBXowyp1l+I9JHeC+B2BjncbeFc0kcZcZnMKzWjK4LZDUxiOnLw4Y/7qSze7iqVKNl9Ufg5/hKyssm+TmE8+MGWyedvhg0cuS7eq+E1DPJNUZaKaaqr9zu1/+zzxf3zo+nb2knoF0tC6p00T/0btCFSgTM7wjfN01TLtnL90/afrt9PpjImz9tF8o2fO/9Suo1QmVyDFTBSk4jn47dlFb+y43alLptIbtu6V7qZw+CMN3zH39vb2mEmkcs1udJukjX5ZsCgCmaogxVKZVE6kBU9qb7Vrn7HdwLu1pDKDNxRPJbNZfHjgyoTIJ4fnrs5itJPqirjotS7DLY2522jzhOJkWYK8+ZYeVYPgCUJzOrztMXIxcHI8KfbI7up5E42O4IhAGqJ20LFEpt/rifFg9Lxc6S2VezPZfCicMAo+ncU17DfxDN5wIp4eEsZjcwd6qHC60W0Ub5fA5vYPQ5loLcTJSrq1FbpJwmW5bG8NQbNQkBIf0h2NYLS5tbycw1gf1RiCi7hU1eZHmLL/cDyFHrKgDvooWcYwj87iSGZyNAymRYWfZsAR//nkjFAk4fEGpy7YcPZyh7RFc3Cii4r55ANTJuqaye8Q4pmkKhPVVFPt92zOWL9H1o7ubL0IqTf9ggUFv9Q3A4f/xzeNo01q1flOnrmg5QT8OT/1/UX863T7zpy/0q4yCUdJwC4YtnRHHdz+0LiX1nx/4epXR06+ue0T6W4KHd9U4UTiyVr9PkbxW+Yp/llRoL4uMqlXu+kaBcuCBXoHDVDp7Y3E01aXV2O260jOrn4/HGr9N9U2oasDtEYml7+t4W6RiA5pZjOx4XImEjTs7DIKrIwdOHE4lsZNQb6CZZppFDLYqPQa7aBQLOv5wRftuOhtrUXMXKs0rl2ey2L0TMMNxK/B6goWi0NW5G5rObYIcLPHRL2T+iFuA/Auout8bY4D4e6yESP1qJLkaS6zvb3AHnQY6pEjPlSKXN30vLunVQH4VCZHFmFEJVzqq5TgoXiDEagUo0BmMnm45PmSpwzxg0tg+nmC0SKZTI1dv2rATjT7x9jpfxsz9dmZy87+eO2vj0+RNmoOPMTaryAxnxypMhHs/s3bDsOu39JL97WB/pPU7JBG2kLFrxDimaQqE9VUU+33bG/fKUBX/OskERCxGzfqpYjEqpUGMRvLbuaaOXSFB1IT3e3SnTh9vquH/AtOc+r7C/c0xnZfS5vs5G2lS0GNc6cncLOjEwTC4236StUgyAUis2onNdNaXA0XWH4Z8O4QKVXRpLcsBbCZVAJp3IChOrBEAGg557CzYPXReOtYMg3S32NuuzhdQwMxxQhzdHnqrs5qcfpDsWQsmWm36qJ1IJqZWYeGE2dbqtJijvpWQfYjVyYYZ43VI3le17oMTLzpeCIX7xl4WIeWu9Ftvt5luNlt6jRYDbwLfTY7fIJHUQI6BraI4VNQzVCMKkk07OHbrCjq8oeMNo/CQpC4BKYZ10r80FryfrdvcJ0AeknmMVVppIfG4gpGEw5v0Cy49Ta2YNj/9KFy0cNuk2BzB+KpTLFYqg0mPnx+9MyhE+fxlKFP8Dvi+Vkrpr6yeugVmoJ911wDXRXzyZEqky3bj9bkhMsTSqbay2YwgMKdTh3s8tFvT9EPtvZmhYqHA/FMUpWJaqqp9nu2qeezEBVr7+Txu7E+NbDEtPPnS3+fUpywl5opk9CAMslksqe+v3jyDAl/r1R6Q+EwL9jrM/nKQ0N5cHrAFachGPMGgSC5guir6bnL32m4OJNKZ0vNkwIXSQTzkGUTwd0GWXyw6DEJBpun2dVTNJOy1uJssr8BDDyYXGvv/3qgDxAMN3tMd7QW8fg8KDM5/DitUfB1Gm24BITKLY0ZOiGazBRLJFSm2SD00b7VcgRz9JF5gzFxe3z2BGMtle3IlUkmV5SkqMoXy3prfwyMqIf9S0m4ZWag190cKZh4R8t1aMypbF5ebTKwTGvZuqApeVSpMnGI9IASMBUhU8NeDDwto93XsqCnzuowO/3RRP8Ca5UuAemaVykplYlzo9NHopgA/D6BxvD4w9Az+BXB3l/U5gBMb3VoODu6gcbX7mj/8thk2OkL1zO5wj+enD5m8qJunVJ3TTwOcmZH/8MV88kRKRMmSD7b/4PHG97z6Wn2o7RRO/D+eKJLuk3FrxfimaQqE9VUU+33bP/XV0mIis5Q/0pI2mSqFyQ1O3Tw4NDfpv2oUoeu+pMzEwMcwmqz5wuFcrkMZYJ/h+xuhR6zHWSOuP6AjvT2lsrlQrEUCEZ0Fnu30ablvSzCgXeH9GZ+/Etrx05b9uyLrz86ceFTM5a/MKfBa1H56tFmwWMW8Uid1XVXR4JkfnnorG4oE+nWAWg5J7hsKDZ0rGXBIk+kW5sAfK5UrphsbuqC5ZbQ6xoFJIElnQZ89oYTgi8CRUEXQCzQGKSsOGHeDapoK7d+lsl7uoxCR4/5GnUJs7iCoVgqVyBePJzz/2fvzb+kqPL2wT9hzpmfZn6c8535B2bO+7bd2na3to2sKmLLUuyCgCKooLgiLi0qiLiAikq7o4gCxb5DFVXUnntmZETkvu/7WpU1z723KisqMnKpAvvt08ZzPqfIirgRcePGzeJ54n6WgKx9ODopBp1G43ia6uGmyiSbK0STDdI3k0omBYnozeaLUlkypkOUaorXGhr06q24UwPvyOQKLIGY5GoE4NyWqUcNDdO0Cp5ASxqDoUIXK8wth3awzA2xhrmMmQ6BVZ8Lu4o/XNefjabwatQH7MJAYbgwPUiYis1tdZK5gQf3x3krE6ns59/9cs+CtQvXPitN69wijIKzenUpn5yOMilRR8bRcWUi9ePC9gZZBZtCpkx27T7UpbOe+ubw95qxh/HBvnajK/bz57juUfK75vzxM+37f+zu6e/duefs/n3tPf26rjOndn6nw86f3z90qV9nNFuPf0Mbq7jVkM4kVZmopppqv2VjQSa+zMSSguWVV2o1CWz9nDlff/215E/pJJCTxOUnD0oSB+O/8UgscbT97C/tZ0+eu+IPhjleTCYn1WirB/CbRDrncHkNInlJrxNIQELVjCT5j1vPu8w2n0V0O1wedlr2PhU4c+k6/pffumNvLZVJZ3KpTFa+VYLrQybijiKhiVMtGXHzYNSNG39NKwNzL+HsjSRWLcwt1GTEcIFSQ491a0kVDkUDw+418FCMTl8Y7cGeMVyyca6MP4t0ruALJ0UXKRyOc/ZouX6TOGQZi4GpPflUrXYNp1tjkS6XhSIJjUXevVo0VSZgjJrJSyJVlIdHrM5J8eupTA7kuNolM625jktgbCPxpDcU5Z0+6JYhs9ir53p0HHSIUfRqOae55nZg+AoMmmyQfKLbjzOzS7B1jCZ3VQOWViEcn5zbuyFEN5FA5pYDWnI0q2+x4QsINoGr+bvwdGhxxomUxDKwyi02zxSqK2K4vX6ywAId8tAjz7z27qfzVzyFX/G5qUytRYUKJ0z1m80azIteqJFdew//dLRjdLI4Saay2I5fv/7+gvyw1jBJmYxYdx0iAgN/hHd+3DkpUUK09wBbnNGc3/XL2HuXg5AxY3/lhnfuPoV/9t/cAo6KppDOJFWZqKaaar9l+98PEGXikSiTrM1WK0v629oenD//zJkzkj+lk1BvzSScHONL+O/8ep+Wt7sgTiAezl3sEGz2ZLIRKwKnzGSzFquoMYta3mOpOpFTHxit1Q2CO2gUeIcnGkvQyNdqSQpCd7Alk80lU2m9RUSD85c65RegHJQmkFXmQEA0ke6ZzMu7tY1Svv4aGKFMyO5RdokJxtIW+jJYvqM+mNTRNgwVIKxLb+0YNBlovq9aimwhwSHuawPGcDRVfZE/YGySu5ZJFLTH48oXip5A1OoMdmvIAkj3kHnAKOKc5hZWElq060PmuKTO/a1aMwGgTDJKYx6OJTVWt7SsRy+p+z5xO4Rzj4dXVcbDfjBdySvychnDoiElNZ0Yxo4BI8ZTcShIKl7eCRnDnJR0vBtKpXrFFlGiyiTR0DdSBkgmWtmw1WWWRJr4GRYbloVJJskErqYIw2hAdJnr5ALGNn8ohvbSJammsLv9c9s2Ynhxcrc//Pi2N+a2PR6MxF/drZy1rylMossoOOPJtJRPTk2ZhCMJCI9PD57cf4D4bn2wn6xF7KT5govFMj5gO/biw54PjsgPbgFSZZLoGHMPo3b0HE1h0nP67K49YxvJ75rzbDtw7sCEDhlbUQnrSMt97ZEpDLuKKUA6k1Rloppqqv2W7U9HSDWSi+5J/9+I770nlSWatWtDGs1dd92VTit7sMQLlXrKpJqbC5yg/dQF0K/zlzo4Xjx97jIv2kU7eX3HyFm5PAyq6vL4mF8WpaeUh9mJg5Ze8OIoFm+dzTUvK55Kp/d8eui1PQfbT188eeZSLJbo7O6XN6JweUOcs9H713K5LKu9GJtmbCrRGPJNLYC9267ndgJKZxCa0GgZKrRaPNjz2x/8kykKBjwdEL4hs9Cr4xQJMbt96Acw5lA0KT2WgUQhN+P0jcF0SzqTt3kjeqsT0qJz0ITL0ZzIxAmqRd3C2kDnDJomEkMRYhqIum5FnAlovdbqEd2B6iCwnkOxYN6yXzPZQg8p+k6j3q0OE+2SiSQqqKuEAUx1vQDZMzbJ0RmQaa3F1jVkJgqEesTV3q+Gc3VpzGij5ezxFKkdydJ/TT73JOBZW6ZC8YdJnL2Xc9TNxFALfySBS9Rb/WBgpRgd3jHhjYGFGDbWKYHiCUaMgpuEVMn31AXx/CwP44/G2/u+/tN9K/3BiIkT71u68a8L1jRezGmAVJZUNcVXT8onp6ZMLlweZJIgncmdu9jPPjNlcuWaFh/SdEVsYIgfUw5ThEyZHOdiiTizZAGPI6rb+eEpB35NDn3dijLBdPFZL7W379yjenP9KpDOJFWZqKaaar9lW3mOpNXap5/Eegt+v37z5qoy6f3oo3Xr1t19993SNlLcCJCSJrUnD05WJj1Dxngqc7XjxrmL13QGkz8QtFh5bI/Ekg5fhONJ0TejxINFJ3ggRVxuXziWyNMErNTtx980glkKkEW709WAomWy+aYFUkD4pCwQdFPeojX4wokGPamHWDxNXiErRUJXaO4jjdku39EQTJnk8oXfzVjEypyzbAEaiw2aBE+hlviOPRGrC1IhGEnUuwlCmlt29WkFRKXkCuFY0urw6XgXHgQ60KfnNSS3mIKzU63d0E48rAr1rTLUT/rE0IoyAcLx9BDnTiTTGI1coegJxi2OgEH05vMFPJdgOHZDa6n6cXVrzExRmOrnWGOgysRbWwM0nc0JLl+XxnJDxxl4kses1khCW6uzR89jiuqsdtD9fLFEBIrSBaFJBFcAz7265DVKZ9TkVhOI0cWNegpZEax+ouLUrcIokgWfwHgxU/SKZhBWrs1CYuUhY5qF1EuRTGdLRKeNOFzeuxes++uDa/QWIZFM8fYm06AB6DImGXApn5yaMtnz4ZEDB4mj1CgVJ1Jl8sORK1I1cvPKZHTEuvPApIot2p8PDVC5GKHLKeRTM2XC4DmnBtb/KpDOJFWZqKaaar9lO2YtQVT831/LS/hV83RdXbx43rx5r7zySgPK8tDpdD1lkpN4vOAMIAThcJTjRXwmyoSWsGDeWTDmmsWimVlaLclFCOKprI736JoxyypOX+2du2zL5a6BTS+9yyh4LayuIM4JaSTfIQE6I02Pi65OKdy8CtFFgjHkW5vBwLN4X/l2wB8GG57Ca+8qfOE4Bnjp4y8dPX1p6ePbb5/d9s3h9mQmy9WQXVy6e8hstnnYQ5GfiILE8ZLnNZrNFWHy3bcUFTqRWAoE3HgyncMThKa6NmCU+d0xk6V7rozVM5GcsQYtKpNRElVCVk40VrdBcHn8oVgyY3P7uzRmjZU8MskYEjXr8ofdgbCmWTUek+jSWR0NatdUaL0afEvMoqtz0EiXZcbWiGrNZPORRGcGnmU5410BGuRCxEogGMkXSjt2f3rbvYvPXSXEFc/3bw+tlV9vHLhHSKbWJ3CF1k802ermlBulbQyie8AoVD3c0EOjzYt5OLkhARqzKJcGJ6yF2SreMXvpHXOWHjlB1mwD4eg9D627c97yxvqwKQS3H/2U8smpKROtXtxJo0rOXRyoulSxLUazEx+wHZ+ru6YKWQR8OaAjvlt7Dv/c46N/kkv795JfuWSm65vmyuTqj2P+YF+f+Vc7s/5GIJ1JqjJRTTXVfuPGguBXXpR7KCW12oGlSxULmMiAw5/tzNeeOShZMwHSufy5y13tp84fo+mDLZxgMHPhSGyYqpCJdg3BCSQ9V1NqwnYveOS5IsXMxU/2DbIQUEmbSgVMi3ifE54RrJarV0Qmm5OSv36T2PhNsCIE5zSVSb3aIzorCUho5Zy7Pv7qh/bzoyydQDL1yZdH3J6gziyAtDlc/nQ6d8ecZYViORhLMpqr412dQyYtR8J85eeqwbpnduqM1vtXPvPg6m3nOgdIUoEWunRrAW3EHlAtR+cnpwcwCmS9SLpllK4jVftcVSaVcRnAIkAgBiKJNOfwQV2wYpE3NJZ+ozBkcSom2jLZvFrODm0QjqdiifSJS90nL3XTRMCNhhTKBEc1DYZhQPdsNCoD3bM6fdAepC6KUcSEYV2SDQUbH5PN02fgDbzTG4jMXPjYjL+ve2bHu6NUaN05d7n8GhTQnvjeubyN/B5lIN5fVGU1mAosnD2eylTbsFcAimLbyDvQeagd+Y76wB+WZU/swM9UJvfgqidvn7303JUu3ObNz0+cwekLSvnk1JTJ6HjIO7NLVycVRJTu+uHIFekuFf+RkM4kVZmopppqv3H7P7+IM3Ei/1sJbpFvHtExSpXJKb5ce+agTJlkMkfbz56+2Nk/qD1x+iI0CS/aJna3hmg8ZWlWfxqsI5HKgUvNX7WtSOLgs8ueeBV0WdYMBN097hgG6mn3Nl42qdzQTkRfgHRGYsmp0hvOQRIEsc+tH0pcdDhl5xaS/LdONmFcR5p0tKNXY+DIaLvc/lUbn7/t3sUPLNuEMfnzfStMggua5I45S/OFUjKTB5Pu1losDq8iO6wH3Fdnr3bry2/PWLRp7+eHW9EzUwL1OJJvlMIXJpoKdqMmSKZXz0tbip6wUfSzE7JRymTyUA7eUJxoZHotE80whtEQXH7oEJoyi7+htfQYRC3n1JLYHuJYKCP9UgMjx4SxuXw4FgO76cW3f/e3hb+bsSiSSPGORtx6SsoEHbbYSVAW+7VMUuXm/eGYxiJ2DpowFKx+Za2JnmA2X/ziu6NvffDPB1c+uXrTS7lCKRxL/Pn+laP0acoWLSEecFQ1G1grwDDqrc7GNRnjKeIhJn0pwGK6SjUvRMh7BN6ltdjirSX0YyiXh2cu2sg+p7O5rTve/cOstuPnOptMptYA6SXlk1NWJoDOYNMb7Q6lQDdsx17RNr6QoeI/GtKZpCoT1VRT7Tdux60kSgT2I1/XgaQeDNFhHPh/fZWoPS2zam4uKcycdWBID5ViFSaik1tEhSaqEuq/NzWKpJ4JZAlagnQ++8ZH+UKhUCxGEyR8f4S+AseuQCQZHa/sxuALJaT1wmuRKxSvSwJOwPl69NyUGI7FHkD7cDyt50l8v0HwgRA3fX2rtZBXxbIlHRwTjCawvZ7fP3TF72cupvEjlXweA1D6y/0rQdRAPTc+80o8kf7rQxs6ezR3zl0+r+1xUOct23dd6eyjnnRTfqNM2fzwqidfP3upK5vLN9CNJlH5dThUgXyTBBUS5JAVPRGMGO8K4y5qmeUNDXk0BsGDW6gl4tAIE5qwQkiqzurVcpB8ziGzo98gdA2arvTprw0Y+/S8zuqCPGPR9rWnamx6q2PAKFwfNHUOGq8PGruGzN0acyKdnbP0SdHh/eO8laD4Mx5aW2+EK2MJnVv9XmAwqXC1y3dQUIFBatFEk2mcs2vI1K2xaDjiaZbLFzH3fjdjIb4FT738DjqGQf3k618+Ong4EkssXPvMn+atmL9i06pN2+l5iDJJZ+UzbeeHX13q6JFtrCKZyREtYVWOZWcQnWSEq0+TfbuxpXZ8AmGSkqt2sasxHtm8PRKNx1PZz747brGSOYD5GQrfsrLoUj45HWWiQgWDdCapykQ11VRTbc5xEigCyxLPpimAHaXxjdSek1l4clpgrZE7feEaKwbf1a+zCrZp+ERpraR6SfVXnMHpC4eU6rIRL450BnQknckWi0WtwcKqLsrbjQPEt5YSSYG9vTqrlInqrGQ1A/S/XhyLFEYRlAvsfCKhky+chEppfNERVj9B8Ei9gBKJtJZzVHOtjtK+3fXAKgn/rtw5b7mRd6zb+vrd88n2+5ZtDkfiUCb//beFz+/cD3GSTmf3//OH22e1lUolq+DQGKzSwyHhhul9wcBuYeDBioZdr+35wh+KXe83bH5xl6L2YIAyUXzibr/C41MEeZrZnNsfMQo+KL18sYQTEv8rmjvhhmbMDb5PP+kxwXq0Fn84YfNGerTcNeqIpaEVKqchP6ZknDMAGQCi/9m3P/91wXqHJ/DA8k3hWJJzkML2JHpH8vSnqkxEN43KqFPrRhEVklN7xO72z1qy+YvvfnnokWfYlMBTXrV5uz8YgYK9Y/bSXKFkERyPb3vdGwjPXfrU3CWP/em+Ffg2mTj+yMnL0VhieHjkx+MXBrRG+QXGIXpCBtGLHsp3SKCbvKhCExn7FJdZ6IKJvfE3RYZMNve7GYsgwA6fvPz7mUsyuQJkydy2J+TtbgJSPqkqExXTh3QmqcpENdVUU+1Hc+n/O5SExph7YgqeEk92kLxe/++hZO0JqxaaHCgOTXK0/eyZK92cVSwUioLN3tjnXhF6M28YL+eHHw5fRHAq813Q0GiC3BFkiT8Qum/F1gPfHH1ozfP1LhqMppv6qwyaRSnvHDCK5eGRRDJz8LujTUs2GwXyMlj0TLiNof/RRKZpGmID7zTb/UFJRXOOJlOW+gXhzKC/xVIJlJHKifL2t/b9ePT0XQ+s2fzS7uHh4U0vvNWvMz/xwruga8l0NhpPP/fa3r4h45/vWyHN64ou5YtF3gHe7yGeQjQRMKtlqWjYlUrnP/7qaCqdy2aLLBReEUyVybdSeION1kwUAU3iCyW0HLhvxO4NM4ExOM7p84UilJtMJPQahEGz/VYVdmzROIc/Xyj97e9r735wzV8eWDVr0WM/nbqCJ67hHANGvlfHWWzuTDZfGYeZBHkre+jVgkRl2H2hWKO6QIrY8+l3f5jVxjTnmSs3MCWKxdK8to3ReOLOucse3fJGoVj+5dTFdz/+Zs+n36Ilvkev7T7QcWPwjfc+x6/zVz4ZjSfPX7vBCo+ynssuwWqlewKNMulBb2u5CXXNlgGlWxiIf53dJzimIMAAjYHDfT269bXZix9fsHorlInFKr714ZfydjcBKZ9UlYmK6UM6k1RloppqqqnG7H99lYDS+D++aIkj/tePRMnsGSjUnkdqMmVSIbUFygaTxesLgBWZLNZsVh7+0RTMXScYipAiJ/WrJbj8kRJdx3D7Q3OXbVm0/qV3P/7W6w/m8oVHt+4s1Ml9ZBb9Ln8jZw/cgtSny+4Lp9P522cvffuDL++YsyzcMGcXaDQOd0jWB0DjeefEEko9oAE4KH2bbmO/Mnd80Edpsxff/vjNdz+664FVt89uW7T2GZvDc9f8tf/9t4VbXv2gUCwFI/G77l8J+XThSvedc5f/9cFHsjkQ4jFaCd6m4xwwxtoJP6YLNUbRo7O6hsx2lk243yAMGCeZSXBDIC1a9+KcpU8tXPfS90fapV2SApIlEFXg0OXySDQ55WlQRTqT69PzFpqHSjoZ4qlsgwzILRoGAZx4iHP1G/gbGgsLfO8aMg2YbHa3L5JI5wpFkibL7h00CRhk/JrNF7BdcPt1nF1jsXUOGtEIHQtFYh5/MByNQ6jIcqCRq5BweSfObKJrINRhrcmsGKXrh5bJcRqtAJ3B446P62Go1nnLnrS7/eDxmB53zlvetuEFdPK+5VtMghPC9fczl2C2YF598s0vsxatn71kYzSRxuS5Z8Ejgt39w7Ezd89ffc+CtVApFRqgwk6rtZAMv+zVgCLKw8NoEJE4VbJi9t6g/Atookn8mOQlgTquYK5AsiHLmtUCI7Pv4A+33bv4j3OWGS38n+9fdWsjoKR8UlUmKqYP6UxSlYlqqqmmWtWYOGH2vVWBu59xllZdzLAGe/qbyJJgjTIJhiMnTl842n72yo2h4yfPQZkEQ41eqSqiQosJ8E6FvKKKANlas/XNWDyRzebmr95GyVNdToO9Ln9MxvhlIFX2aGAxc9R5+JEtb767r0IK7Q1DojQgTDRfbYV6NI3RI1cgbhRauhEcwtSIk7wiz/iCMSet6oCLPvzo83++b2Xb+ufA0cEgwSk/+vz722e14ZA/zFpid/nf+uDgPQ+ty2TzM/7+qKx7aOPzRybUiM2jtzpTGfIKX9oM+sRi9xt4t+K9QWRG48lUBmS1EI3VZaKEEGcU4gTQ4VS2pVwLiugcNDF+3zlkkm6vkOENdU6uRVNrTBXAjCLUhe2GxozzDBh4s80djqfHcuxKz0thcwer4rZCs9n6lfwJGV7d8wXIPcgxSP+ap18vlct9emsXqXkv1HMno7KQVHmHENJbHTZPAPqnTEOAqo+GfhGUozIag+Shtnk4h3z9qlAs4lROb2Dxum1/XbDmthmLcPcLVm+5Z8EayLxwLIkO/HHu8ld2fYy+XO4eWrHpVQxONJ7yBSNXu4e2v/NxNgeR5hswCR0DhkGziM+eYARSLU+9/nDjZTqgRHVVKuF4Eg2ksf4m0a0XPLKMyTgA98g7J0LB6XeNFLXUC16IwAZf5yETT524iuj8nCWPbX55j7zFzUHKJ1VlomL6kM4kVZmopppqqlUNYqOqTGCz2lMHzYVr3nKHr/wtV2R1S5j9r/pR71KTKRONzuj2Bk6dvWxzuK5c6zZxvMPVKEBWEaAhGsukEIumWPnkG3s+/b5UKunMAphQ4/emxdKw0yd/ayvDDVo6wx2Mx+Kp//7bwlWbXgYvz+eL0AMNTq7liPOVgfdlxsu86HlfJEZC81uBhcgDH+fwF4tlKCJcEByvo7t35sNrX9318R1zlieSaRIhkC919+vBg8EC5y55THT5EsnM7EUbPv+u3SLIB83tC2EkQRCHzHa7NxyJJ2vXoMD89LwbusjuDsp2MRz+5eSSx7ZveH7Xlz+ddniV24wS4kt4qXwrSSddzDXMPdAAI+PLRxbqN8U2Vih5TaSzoLN9ep4u+zh1Vvn6CQty6NJaOgaN/QYB5/EGQbMzhRaWIEKxVPVeymVCnZP1/QBnL37s/c9/eGbHuwtWP3PbvYvB0CElMGFCsYSGc1wfMqMbbFmg1iBd0M8hi/2G1tJv4HmnF1yfJhYj0TVsXWtKyqRC5qFdzzvrRZNj8kRi8UG9hYnbr348Ab2959NDm158B79i4+ffHcvmi29/9NX+Lw/j0i+8sXfR2q0rn3jpnQ8P4jmyblOVSyJ/eg1Ct8YCiXWD1IjELVg1FptRcNrcJEYLd8e0FgOOwl7Z7WBgcR7Z2guaWJ0BaBij6LZ56ybj9oZigjuYzhbQYX8w7PXXnZzTg5RPqspExfQhnUmqMlFNNdVUk5pMnChai7IkWJOba2BQVygUz1246nB5zl7s8Hh8Fm5SRtcWAQINslLl900BLvj2+wfBiz/7vn1W21PHT10sFhtRYV843thDBmQ9FE3lC6U/37fiateAxx+GJPjj3OWvvrVX3nQc4E6ck6xyBCJJo0heAJeHR5z+aD1SVQu0xBVhD67aQsKU5yz1BSNt65/zBcLYmM2RF95/vm+lOxDLZAtffn/snQ8/P3b68vVePaN98tONjmbAI2mZy9jkNGUyDBrJy+9Mru6yxqL1L7n94Z179r/36aFEfb+sYCyl+Ho7nsoNK21vBYNGgVHhQZPNYicLPmwVoroKhF+hY/HZH4xCc4KOY6PLFy5KXt7LT9oCYsk0WzPB4Z4AWXSqF7wE/P2RLZirEGb4WTsCFaqv0J10Ni84vB0Dxn6joCORRQprKdWbImX+DDw+d2vMAaZVZOetAxpl7q/1mGLA7SzfuP0vD6zCRNp74PtRkmy3kM0VguFYOpPFPf71wUdsLjJ75yzekExloPKhgXFfqzbvuNzVD2VSr9t1jN6L6NXxbnY7+Gn3BJj0GiW+W2ktKWQpX6zDTpd/bLkVzxEC2yD6bN5Q9WmiYx9+/q3eYhPcoS6NufHXedqQ8klVmaiYPqQzSVUmqqmmmmoyk/p0KVorflzMZMrE6fZaBMeV633HTp47fvJ8KpU2c1ZpgxZBPPsJ14y0yMbAV8KRaJ/GOGfp0919mofWPN/RKy+8KAXjrPKtk1EqDXOC8/czl6QzeQiDO+cuf233p4ViKRpLZDI5xZUTm5fQQbTR8z4ckkhl6+X8lQH9FxzQcSRIxuEJPLT6aYPVvumFnd/+fGrtlld5kRQkwQk7erSvvL3/4HfHMtm8aPfs3newWCQB8fLTjcPjj4Adai2OBuychAPZvIaG9Rz//uiLJsF14JujF64PNbpcKKF4kmA41XS06+EGrYAOGzKTZQemScxkJYHUZbd5ApBM0UTaZPNpOQeuEorGwYZvnqem0lmoylyhhKkiOMkVFW9tlPrL3b/iqR+OXbDaPeF4UnHViAHdc/mCqXQG3TYJTnD0fqPIVrQU6T7bqOddAyZx0CTwTh/0Ur5ZAEY8SSoCNXCfy2ZzF671HPj6J0wenMrhIwPIduFXTrDnaJmjBau3QGzhcUOTY3L+5YFHHG4/BmTIbOvV8zT9wETAUm3na401w4G4Hdy71elNpLOCK2C2+02ifGWVCMKgNJNEJRhNWl0B0RNi0WXFUumJ59/EmGOLu2EU/s1AyidVZaJi+pDOJFWZqKaaaqrJLJQY3afN1wqS/42ulrQuS4I1ymSUiApSXsTKi2aLdXh4WLDZZQ1ahIF3aq2u8FSyEh06do44co1URJvDzAmNCVyLeO/T7xaufaZPz/1hVtv7nx0qlcurn379mVd2ga7J8gi/+Ob70uRd6VwhT3ktUUFKr9srJFvAsMZgbVv/3Nv7v3l3/1e/v3fxkkefTWdyRs4+r23jrEUb57ZtsvC2u+evTqZyvUOmpeufSyTTJy92QvyQ1ZV83ey9o/T84O56qytfP8kvRgjE1zw5GEAGnMcq2Dy+0IOPbJu3fGsDjVEvMZfDF5nes4gms1XWO2iyWZ2BWCJdoHxa1tIbjKKNkcf9OvR8q5mvGgMTKZnJQl5CpeCnfDcFeoIBudY98NLOD+968NHb7l38F1rKUBGFUjkYVODQkKPxVNruCfTqrV3EJ4qr9UyrmpFG0t/QWqBVQOjTmWxl8nBAOUiTbjdGLJmBMGjsOelw+y539i57/GVptmhc00L95eLJdCiacPpCMHxnITk6BgydpN6LuVtrgQjR8cpubBaiVYgzG1lIMfLRJAmvl55fsSxJhZQqwjVzi9dt+92MRW9/9GUqU1eD3TykfFJVJiqmD+lMUpWJaqqppprUqq+8PzPK3br+n68ToeQorPaoeiatAT9Kg1lPnb107MQ5GImD79FMo9giQzhKKq/VK44uRaFYNApuzhkIh6NQDnOXbdn2xj6709P22MvyplMHmFAklnjsmX+EIjEIidmLNsxauN4fiGx79b0zFzrAXL//5SyUmN4srn5Cnq14w9Y37py7/K4HVv1p3vJTZy+ys4He4ZBUOsfb3H+at+Kn4+ftTt/d81dBabz5/sHbZxPXfxyVzRex5fczl5TLZa2RRwf2//NwtcQh8y8yi40oeDqbxwBWEzTVgqROosEPDRy0Onu0jz/7ZiyezGZz6Njljl55CwnqxfobBK9cSbQAHMJqy5hsvhsaS9MzaMy2ccp7y8pq43ltemnP39e+sGbLm7Vly39sv3j3/Eec3sDuj7/1EI87EgOuqEIZMplsuv5SBkOFXhRqtkBqLI6FyOMnBkFxacJMXb+gB64PmSBsAkEyMQRJNHlj6Kx2g+h10FwLUwLN/0sejXyHBEQy0XthpXKgPbScHboFsopVp5HdCERXj5brGjJ5/SFMzmTDsUKDbC6/9dW9t89qe/LlPb7AlG+hFUj5pKpMVEwf0pmkKhPVVFNNNalJvXEgRaTKBFqlUiENMvlW9YlMmYCWdXb3DwzpdWahb9BgtNqhTGrfcLeCAs0d3DT8F1wQbRh/Fd1BdH7F5tfaHtseDIUfWvO8vPV0wYLRo4nUH+csPfTL2QeWb8aHYDj28lv775y3fNsbH3z+7dH3DnxfIhHgExXW1z392jdHziZTmZ9OXIKkQd9sTs/GF3b++f6VT2/fncnm7p6/GpImkyv8ce6yXL505MRFKBMwOfyqM4s/HT9757yVdqeXcLsiOXe1P4FInNx1wwJ8NCGVr1zf+crmCdAyJu4GI9zRq5u15Mn7V2x94oXdXx9uX7pxh7yFBPWUiZZr1M96wHCxpQOoU5uneWQzxB7juIl0XaE1VYBPL9nw8j/e//KRp//x7S/nZXv7NOa2DS/cGCDZCPDI8PmFNz8QnBMlaGRIpqFN6obRy1AZq8loyxWK3mAUEgL6ZMhiVwxQMWP+2306q7PPQLQcPiSSpMhjgyfLoMEJrc5coe6qWj1g8qAbYp2UCYqo0GWoVCqD2auxEBmp4eT3QvSJ6O038rhTpy+Uy5PYKvmJqOaxuf1Qg7l8Yfe+f0If4inIG90KSPmkqkxUTB/SmaQqE9VUU001mUVTlXiGhOSOSsQJZInsbykIce2xMktnlQPNk8mUxcqbLTwv2hS5RSvQUz+QYES5AEuFlCP0gHwbbT5PIFIqEXYFOrv742+NFmHxhpc3bHun8aUFd6iBb5IMOFU0nrp7/qpkOnv77GVzl2yIxVN/uZ+sdZw61/G7GYtC0fh/3fPwH2YuCYbi6XTeG4q9/+k3n339UyqTy+aKt927OAZhM3f51lffhxS59+H1kVjiD7Pa3v7oq0KxfOfcZalUDmdoW7/NYBZsTu/7B3+8er0fTC5fKOutcuecYDRhFD2m+msm6C0ZmfpePZkcWVGBFeqzUlwdQqtfY8DZSuVhvUUs1ncMG6VJyeSbKIyismJpDFIIkvawmpKrKQSnn+bpsst3TBdnLnXioeMRY54sXPeSbDqZRddYktwRUuVDsLv7teZ0pq4uiiWSLcYdjZInCGXir82EVqFJyQSXr2vIdH3IPEQpfq0xij9ktt3QWobMIr4pEEWVyTeAPqOl3dO83k4tTKIL0y9Q57vZFP5Q1GL3YVRjybTDF7o+aCQ1JWvuAnO41yAOGKypNPH1qvZy+zv7H1rz7N0PrsX3bvnGF4f0ZunJbyGkfFJVJiqmD+lMUpWJaqqpppqipbJjb9MhTmplCZApyA+ptdpQY/CHbo0ply+4Pd7rAwajyZIvKJy8FcTiCb1A0jHJtuMSWs5OPdTJC3WZ/8zVHq3exOVy+c4Bw/zV25gjvrRBFdgMMp3OTqF70Xjy+IXrK594KRZPnr58472Pv4GueGzbPyA8MBTgSak0rlyMJjK+cHz/P3/66PNDmWwhVygtWPmU6PShwR9mLdnxzscuL/FXmdP2JMRJoVj64LND3/5yrkJyc5HMu9IreoLEq03POaTb9SxsWqy7FsGKptc+HQaqW7xGweML1q3RMUr0T3LJY9vnLnt6wSPP4cO5zr56IzlKhaLgmQhZnthegcZQjj9pABylsdgtZMHE2eCiMqBlJJ4mjLa+ZpsSSF7mZVseXL0NQvebI2eku3Ctv68ldWZun912++yl9yxY89Dqp17Z/RlTyIqAnmTR260gXyzhRpq2B7nHU44m0wNGvmPASGaF3WepWVSxjGuVAaNwfcjUp7cGQhFobGyXVRdpEXreNUTXc+Q7WoNJINFN0gcLdYcvgtnm6tZY+vQki5es8yy7l9ZiQ0t8axLJzNYd76bpwmPVy/GWQ8onVWWiYvqQziRVmaimmmqqKVpVmSjKklESw12pPUpmMm8uwOF0Hz95/mJHDy/ajp+6YDBZEolk6+RSChwFAiTzZQcVs7sZWfFrLI5aIjg8PAI1cqmj9/X3DnZ2D7yz7xtp5K4MgjvEOeSvpRsjEk8d+vlUJpPv7NXueHt/vlC6b+kTD6zYXCqXb5uxKJsrOHwR3hWAMjly4uIb736azuZzNGLE4Q0sWPXUXx5YnUhl46lMd7/ujb0Hfz9zMTrs8gV9IYV439ExFUHSqlZfn2dzeVIY0eEXaHZXRWjMpNh2vVH3heKMvstU0CiVBOTlNMXwyAiU0pWOG//44KtHn3mrcfg79jgDCjoH5xGcCmHfjQHSzEIRrk+urtgUTHRh2tTtaGtIZXKJJKnDeKmz/833D25/5xOZzKvQDHLhWGLj829te33vw2ufgeZkOlPaTIpQJNYgs5kMiXTW7PAP149akaJCp308mTaTMohir46DrtMr+n0RfeJmfl+9eivGKhpPteL3JUWFxA65B01ig6CaxoDAIPNTvnlMaHkCkQGTMGS2GwR5JgD0HF+ovy541B+KLVn/PJTbvQ8/Kj/LrYOUT6rKRMX0IZ1JqjJRTTXVVFO0SKqWGExCK6EmtcrkamdPsVQa0Ohu9A1arLzb43N7SLU1ebvWAKIPBsMcukCDItGoUSSEVcfZk6m6FQyvdfW1Pf6K6PS4PL6HH30xHE3g2N6BIXk7SmSD0VSuYZKreiiVyn95YM3fFqy97d5Fv5y6jK7iA34yCuX2R05cuL5l+65kKgsN8Mc5S/P5YjgSf37nvttnt/1h5pJ8y449ORpyA6P5i4sm0Uty5tb31KoQRyCfrk7ygHyxZCYF7xxmm8ckesyih2bgdYPNw9hnDDIMzSCxXIFoIp3DfWGUcvkiZ/e4g5FoPE3FCyGpDPicSCoEUYBrOmgy5dYB6nl9vLL7NN7Kx5Jk2YSz1433aAW4w1AkPqvtqQcfee6x59756cSlenP4L/evLBTLMEzTvy5YKyPr0qO8U0luyzuJiqh30VoMDw+bRbYQMXYIVE0ilbE6vVB3XRqzliNrULU2tpZiJqUeeaeXpT5rfNWRESL/PP6J6iJThZ4nxeDlW2uAr5jLH+4cNEJluYNRUtUnXywPj2AkU5k8FONd89fcu/Dx0cnjfAsh5ZOqMlExfUhnkqpMVFNNNdUaGKSF4n/pIB+1jWutNmtwsVg6dfbymfNXfjl+5tiJcz5fQLTLHa6mBL3VqeM9nIPUPQCRMlp4aXJeRRSKxRff+njR+peu3NDkiV+Zf87SpweNgrzdOAxCIwpYfw/hQ2CEgVAEN0iEyv0ry8PDvnBccIe0nMNqd2HL3fNX79j9eTKd8wRj/kgC/J74d+WLdm8Y6oKZUfQ0MDPNv8RIpJkWBYf2q9+p0WyBqCNWKLAWehpWzs4MKaKzujRmu8ZiHzAKMJ0VisXl8IagrHyheCSRpDLGLriDg0aRpRget4n+QAWZbe5IIlWbIhk8MhCt0a8NcUNjMdOX/dAnDW6zAZgnGO5UdLcao1KLCs3ni2HM5vKgwvVmyILVW2Yv3vDF90fvWbDm9lltUmHg8oUefvSFFZtfZ+5GHu8UOkMSGNRU+WgAhy9ktHk1Zpt8B0WFfqOLpXIkkYYCgfjs01sNgsKiCk2c4B0wil1DJvQ/lVZwhkxniBtYg9WheqA5vcnZMrmCjrPLd9cHJhUmUiSWvO3exX++b+Wzr3+YgUYplROpNM5pdQZMNK+XxmLLE2UlP3zakPJJVZmomD6kM0lVJqqppppqjS2VHSmW5cohnmke/h5UUib5fP5o+9njJ8+fvnCtb0CbTCY5XmS126YHzuY22gj9BYsCM26wVFIFeEw4lnz5rf1glt8eOfPg6m1ffHeslmBV4Q8lwHPkWylwjL92YUgJ4FwuX7Ay7g1F/VJK3kAknkil0rlUpmASSbIsCBJPKOqkNRAlLL8lo4f4zaKn/q2Qq9NYC5+iIxB6ZRQ8Ws4ZjMaD0UQ4nkqmshnib1agpWAY2B2M3QWu6/AGR2j1lUQq4/aHrdQTzMCTpZVq32i5RrLeYnV4PYFINJktlUmaMvyM1SkGoghcndV0h1nr57lqDAg/TBULye3mxmjId7eGQDi2+ul/vPvpoaNnruHG5bvHcWPA8Jf7V/1x7rJZix7//peJWJRQNL5806s/n7ryxt4vr/VoMRRTSoFlFN3amgirBmAR5L6wgkOdFOjGEPX0w2MyWO03CJt36OmXS6pPSLIv0dNvFHp0HJqFogmiKcZPEk2QYo61aZSbwsDZSPpgjGa2YJ+6aIQigjJZuPbZO+Ysnb/yqZff3seJLkwwzjm2+ANF2qvnIEdDdJlUfvwUgVuW8klVmaiYPqQzSVUmqqmmmmotWiJD0nbVbm9gtaTdR308CKkdqZgs1otXOiFUYNMmCpE4oUHgHPUWAaTAdaFkwFGCsZwvEJy5+MnzHf35fKFvUFdpQOeJe4lyVAboenCKr/ybApQO1FlqRVIJo1zPqgdiEHBrjWtiYNitdiIYau+XDI6drL20/rY7liCeUbXhKFWUh4fzBXDNNA08sGk5Byh1leAaieOZR2d1mUU3euXyh5IZmiFK4gYmQzUll4aUrpfvnRIEZwAajOgT3tkgQqYeXtvzBWSbRXT2DBo/+fqIbO+Fjt6rXX3+YPjGoH5M1NHIHIvNDf1pcwdsbt9Da1/o15gwPiDKuOf1295ue/yVVDrbqzVvennPWx9+ffl63ygtd3i1ewj6tULPMEqfFKSyxqK8AFKLChWQltbiUljwhjS2Ht2HksflujSWeoURyTKLwQqhoucd7BlN4xsNzbD08VdWPfkG7v1SZ78vFK2dpY2RzeVnPLz+yMlLQwb+5Plrd81/BDPKZJuYclWDNO3RWXScPZMv0Bk3NeAIVyAq5ZOqMlExfUhnkqpMVFNNNdV+PZMpE/x3zpSJ2+vvH9RCkJw8d2VQb3E6p5krKZsrgCqZbF6wXvm+GuC6gsPDnL7snmAymXrjvS8KxSKUyZINL7df7JIfIEEollJcNsnmC79qkekpIRgjIg08W75DgvLwiFkkyZTlO+irbi0JjJ7Cs3B4g6C8ktflyqiQevNuUN5YKuMNRaFDSCAByV5ANFKVLJpsHkiXIbNdJMErqUQqU5s9rFdPKnLA+gy8bNdUgV6FaHplC8kWEFB8vg3w4cGf8OiztKRGLbP94eiZU+evdvfrbrt30X3LNu858F1Xvz4QjgnuEC7HuwIQnFeu989YtPnkpW5Q/1Ak9uqeL85c6fn0658/+/bY3xZuemHnJ/NXbwO/f/jRF6FYljy2PZ3NPf78LqiLix29nOhqPcYGw2hxkOxVtf2UoaphZLqiQnfFU6QYYp+e6zfweKC1dB+mtbrxjIyCC08QX0/pSZoCF33uH/sWrHl+wSPPYQRmLNrUukhmKA0PX+seuu3excFwDAOVTKUhsfr11htaTmslKlRmet55fcg8YOQhvZoOjhSY85zdI+WTqjJRMX1IZ5KqTFRTTTXVfj2ThXyEo3GQlXMXrw1q9HaXz2Z3JlMpQZxyvUU09kcSVoc/HEvhs8cfht6AxpC3G0cinbV5gqDjhIM6/VUmnUxlFq1/8a0P/nn2cvfaJ19pkF20QjIIe0H9Zdu9wURTXv6vhJUuenB2Xz2eDarHQkdk2ysk0RnhmiDrsl0NYCACo7mSwclJPIxNHhcxQpbORjK5fDCagMgRneTVO87JFAszCBiHN5QvFNE4nc2zDAd4lJHENL2wZAB/paXuybV4J6mhIW9Rgyx9y77nwA/3r3wWtvH5d7I5ZXWKs2HABafn2Jmrb334T4ebrEcl0plcLt81YIQOgT75+Ktfznf0x5Op5Ztefea1D/d+9gMMiqVQLM9bvgXd6+zVtp/rXLj+JQzCzCVP/nzqyt8ffaE8PPzcGx9u2fH+qYvX0WWj1XHifKf88uPQcWQxrZVS7lTDkFzbjUehQldvApG44PJBpUBMmsgYTiL9zIWPOlBZmQsfi56Xn2sycF+eQLhYhMQYKVN/P3mL+kDbZCaXyeb9wcif5i1fsPJJ6crPCK2OYhJdvXqOeazJeguV0qPnB02Cyx+ulcQyFEolKG0pn1SViYrpQzqTVGWimmqqqfbrmYxXePyTuFEsFud4kZQp4Hi3p9WYgVg8qeM9eckL4wqrh80502m5u3+uUNTTGvD0/ahL5vuezxc2vfRuLJGas2zL8id2NPY/AcuprWJussm3/I/DQjkiuLtiNRLRE6IiQT7anmCUDNFUQheIWqPJYeU7akCVidftV6hnUg8gvpgY/mCsWmIPZxg0jX2+obHID7g5JFIZA50nGBzeoeDqVgWE6PHzXWev9tI4GfKaH7NIceZg44/Hzs54eN3KTS9/+MWPomvSVDFYHQvWPP/RP49seO4drdEK+fHzycuHjp0/8O3RZ17/cOWTr6PN/Sue0Rit3x45A75+34qtxVJp2xsfrXtm54tvf7r11Q/2HjgUjiYef34X9P+cpU+z0qi1qNBUbBqLrXHxk1CMKNJUJk8Vmnx6NAWovC8UM4uu60Nmph5rDWM7ZCG16jk7plu8QiA/Tzqb2/HuFzMXPzlj4aZZS55qRSgy3DlvxX/d8/B//23hbfcu+v3MxYvXP7/x+Z2ZrEI6OAboYQjR60MmRf80TGworgGTgKFQ6OXoqM0dJNXoJVCViYrpQzqTVGWimmqqqfbrmRS5fCEUnpQfFtSNrZb4AoH+oSaRHqOU4CbTOS1Pck/JdkHbgFGJjkmZRkEZWbQ0eRMvemqLReCET72yF6wO5gtGDRYik2RtpLB55SmYjIKCW9T/LEg5dhrerbO6atOUGWgVi9rqKEaBuHhxkwewMUZobRCLozmLZS2npEwYKsRhr2imqYrNdDnIQiNMtHVSHk8beKz+EKlZyd70Wxy+eJ24fDz/UCS++qk38oVSrlD65dTlVU++oRi/YXO4/zBrycI1W/9036rfzVj0xIu7pXuhcMCMH39h97Y39uFzMByb3fb02q07P/7qyCNP/wMf0Ob+lc8YOds7+77Fz78t3ARd/dXhkzMWbTpzufuhtS+s2fLmd0fPtz22PZvLz12+ZVDPSc9fBaa9xe6ze5pIaMikUqmUplmtp1e7vUKzO+BrThNhWSBCdHQe1tqQxdattYD640LyOjBklamcyRa0ZnHxhpeluxrjtnsXQ5m89NbHQyYhmckNEyg8FClwrXQ6o6P+aQNmu5kmuJMa0R5GoVdvTaTlk0FDBbOUT6rKRMX0IZ1JqjJRTTXVVJuepXOVTJ5k7qpX2ATbq4BI8PhCtc7rRjN3/OS5YyfO3egZNFvt0r1SgEM4/RGHN5SskwTJ7iYBD0abl6WOcvlJyl2zHZrE4wvK5YQUuVz+ix9OZbP59c++teG5d7749liDCPJEKifloPRCCusS/+OoEMeVDK064sEH6e2D04NRyehgJkfelDt84frjpAAMFE6Vq+M2JgWeCc4fScp94VoHhp1zjLvf2DwNHuj0AFmi50mFwUKpZB73JcOv/jB5tS9tWaEZyY6f64Q4efjRFzt7tfGk3K8MnBgSt7NPO+Pv6/K0mEmZMmVZMynKw2TejtIvBYuVH6X1OvDT5vJpjLyRJ8m1U6nMjEWbcTooarc3GIzET1/qfuLFd21u/+H2iyfOX5edFrA6lBMeyLDkse2QQzcG9ClC65tw+gYgS6B26Doy69DhaCLNObw9Oq7PKNTm+IIZwP5NYq+eM1gdiVQGN/Ll4dNd/Xq7JzB32Rb52eujWCy5faGdez/78/2r75i99Pk3P7zUSfIHtAiqUrLQilqLrd8ommj0UdXMtEKlwWrHHxY2OMz1UconVWWiYvqQziRVmaimmmqqTcNqEUnJ20jpjdcf8gYn3tODB0QS6eMnz8MsgsPt8brc3uOnLkwcMA7wAE8wZrL56jurVAyir1gq6cw8muk5O4vN1QvegGSJBrwsGFHqNz0DOJAvEMkXShu2vb15+97Je0cLhZLTHzKNFRx0mwW3OxhBf9K5f6Pw91qUysM6jqyQEDe20tjosconUupZIUm9HLi16pYW4fSSYO5WWCwYKlpONR5aCovdo6GaSmOx3/LAngohmuTtfnQ8dmWYVkzXji+4ObzB4vgAvvnBV/cu3vzIljdnLn7SH4pSITxxKoaOG4O33bvodzMW/fffFi5ev+3FnfsvdfYrtBsHdgSiyaaeS55AZHbbU598czSTzaHtpesD/VozZv685VvR4RWbXgM1zxVK6LDTFxqmUod8O4jHXd1aPQys5aL1L3115CzubsaiTRe6BuWNWkOUVpqvXawbpdMgmkjpOHuXxtxvEKTUn5k/GA5HE3qLeKVrcOcHX0KSsXUY+YmUkM7mBkxCPAG9THLZnbncBTknb9Qy8N2BDiHawyjvp4539eo4ol1tagS8ilsE6UxSlYlqqqmm2lSttkrJKGXw0jZxyZv6Ck3Jlc5MeEQUiqULV66fOHslHif1TIxmS47WOak2YAD7h9gwit4G9DcUTTh9xE0oEo3raPods92vtzq8/kC1l7lC0R2IgNhJjhsDIzJDWmOFZO7yzVz8xK6Pv6vuBZkG/x402Rihr5pB8AyZbTqry0UisTPTKN3wr4E3GGNvqTk78Tqr0MxLsjfowyMjGGTT1JUJ7/CZWlu+YMqksadcY/RQLoiT9Ois8n03DToCpICgbFnDYvezGWW0+YYsNhbahFl06mLX5pf3zFi46d5Fm786ciYWlywOUmBMOvu029/a99i2N+5duB4SBUKlWP/2MYROT7DpSBZLZbPVls4WnDSWnSytDI8MGfmDh9rxTYGiyOQK2Ms6DAnHOXzxZMZs97KnXw+4rj8YicaSNncATyqeypy/1ueaejkRBhJtUv9yFXo5XAK30Kfn+gxWaY4v3hXA3kKhqDFas7lceXjEILhc/nCmToIBKdyBcJ+Bt5A0a+TqVDE2Gc/G0JPyOx6tWewlqZBr3dJ8Os4h5ZOqMlExfUhnkqpMVFNNNdWmavX+x0/nxxpkJ78cD0fjslBUnCGXy1/q6MHnYChsFWxmwXHxyvVqCDvIotUVdPojDegF9IDoCYF7sV/RMhwhYdwuX7jaBkxLcAf94XjtS9xyeVgneOOpLHu3/OJbn4Bu4my5HCGg2GKhdT8sJGCD0FNfKBpNZkD+PMEoR0qbE7LCiL6ZBicYRQ9riQ7giplsnrmWya77LwY6zKqUQEcRamv3STMvYQxp9l7fNMQVDqzN8aWIHK063zTfUT0k01mmDNHPZI3H/80DjJycfLI2w3Oz2IOjtCwjniytGkliuHM0TTC0br5Qgtayio7aqcVgtbn2f3kEesbl9edoOi95i3FgD85fd7cEmPCiJ+iu0dgg0EfPdsSSGc7p94UT0CSYn0aajM4yXlCyXj9x9RRNabXkse0PPvLcJ1/9cuFab4PeNoaed4DQy7fWQYX6rfnDMdHtHzDyiXTutT2fL9rw8vFzHSs2vxaMJBx0Xc48nuPLYvdAqGBIa7uHw9m3tfUyLw1QISuxHpPNzRxQIfwc3iDk8aDZJnVIk/JJVZmomD6kM0lVJqqppppqrVs0VWlcqHrc52USZCm5qrjSPXjxSuflq93HTpw7cfpiLBa3WPliqeT0RTi7v5Z8yABqWEu2wIqMNi871BOKgfAp5k0apWmIpL9GEqkKqfVG4lU8gSh7lcs5/IphJ4S4kJhsQujBk6KJtOgOmGweUjCbOqAzQwMqV1xGwWmxeSBpMvk81UHyE/7aCITjZqKmiKM/uGN1u5HeBTSYpG2rwIHg9PKtSgDxnbYywVBdHzKz8ezVKQd53yTwjKDWpO6CIySCKFqW+rxVSPoyxvUxqUxE4Nmre2uBiXHbjEVf/XQqly/989Cxp3ZMchGUgWWQk2+tAUskAHmmuIRIKmw4yZSTTq5srgAlI01PZxZdnmCEJhabNA0vXOvjBGexNCzYXVdvaKY3Rys0kEk6waaKBWue7+jRZfNFTyB84nynNxSvfpuqRnN8OTAZBkyCPzKW42twPIdboI7T5pTAsicHY/LVsFFS+DLdb+CNggtiSconVWWiYvqQziRVmaimmmqqtW6KlKgxIB4iEXkmKAYIi/OXOk6evwp94nJ7i8WSxSroeI/V0VyW1APLPVUul6EoDMQNTEkq1YfeyrJakQADKIp63QALZIsk1diACnGIH80WCpBDnN1jEkg4NVMCVUYFMcOKoAuuQDSeYm/fJ5/41wIuxG6NKhN3YVwkUH3lT9bJQ9UAoLY4VSiqQN1qQWqlTy4r3jow5XS05zCTKK+IcvPI5QsWu88XiEofRaFYNgryqPEKrSxpGI+NFiZnAZYBenXdM29ksnno50wuf9f8VfIWEsQTKVNNHudaYMKwWaQ4beJ0kHU15WXQ2BeKGwRXteQIYfZmGwYzEInj9lmzkxevc6KLOUEpnr8VVIhi91jszVVWPazZ8o+2x19BTw4ePmPkRHSyR8dVJ4DM8AW/oSUuYd5Q1DBW6MZzM06DVaQzZDBzSl5k5KskeDScU2O2SfmkqkxUTB/SmaQqE9VUU021VkyaaGtKCIXCTeUB6Nvxk+fbT53v6tNCnCQzdasQNAXhRqIX8iYQmXKPwSaZOxasXrg8Q4hWW29aZLBC0hNVsrl8PJlx+8McdQwbdw2acAPT8y6Y6A6AKUYT6WKpPEYQ5ee7WQyZRMu4BxquyLEMVNwUapgwoGPhWArHtsgCowkyXOWpKJMKHT1Ay409EQ3nyOYLEDmwcDwVjCb84ZiHhg/ZvUGY4PTz42ayuauGMZeaZJcHLemKljxaRs/7QjF5xq1Rqj/1POkPzmMGxRfc/lBMcS0IN/v7mUte2rnPLLouXR9o2/CCvIUErgCpDS/fWgMIWlzaWidNM51abpePeKDVAkfhfnW80xuMcg6SdkwyCb35QvmDg0ceWPXsis2v/XTiciyeHCGY8hxkAUUu/4Q75VQxPDLiDUa+Onyqe0BfvTZ6EkukzIITKqXfyEN9SQW/1KD8dZwdEwOCtmlGgQaA6qinACu0Pgy+PqOT+eQtUCblTEZhKqn4DUA6k1RloppqqqnW1MLJ0enlQ8J/7cFgE5pSLJbOXrh6tP2s2+NrP33B7nBZBZu80VQwaOTBKrx1KFo9gMjoebJUwkhP41LoLC2V2Ta1d8O4BAgTqCHvIuGzRtFV1SfMQBZBlIdM5H222x+JJsm6CogvSTpbfZutxJZaBPiWyeYbNI35ypuJf5dbcNeNV64HdMHpi5jrBzrLABVhIVm8FJRJVYGQwRkhZb9xvxA8kWQK8s/tC3eOu3L16XmN2Y7xgYEXQuCxJammJiOvtXv11klLMRVSF1LZ9wzPwUyij/yBaEI7vgalWMQQJ1n2+Au3z15657zlf5y7rF9jkDWQQvSEHT7ldUUpDDzu3cFKIsqAJ8J0V76OtyUrWBmnSbcx1JlcAQIAPccE4Jz+XKGEWeYPhDc8987iDS8brXatxWaxuT2BcBpysEjcJsvDY1qlwQxEIwvxp5ryS4EqwtG4LxDGz3RNkURcF+OPuXSD1kJhSQtqny/kGQQM2uBLhJ6zL47sVE2h5ez1fNIqNI0EU19SPnmzyuTU54c++ObUB3sOneKVM6Or+A+GdCapykQ11VRTrYElslP+T12KZDKVTiu8e5ZiUKNrP3U+nkh2D+iuXu+BPjGaOVfLJeFrAR5F6CYvfxHeALlcnrjgg+XYPMUiCwr3KJbPYyAskHMmxoPvpw3KywnXwalEVwBSh4WpgC/WFtI2jy2wuIfMdhiEjc0d8IYisWQa9BEapqRE/aXQ0PjdaDyFi8ao8w8kVsuDNAEQRDBd9tq4MUBmwWk9gQiuFYmnQtG4JxRBt9F5CCQtR2om4o5kqc+q92scd51CM4PgIsMiuM2iB2axE7M6vDDB6Xf5Qw5v0EJf2ONCmXy+aqCnGOF4MoufEHrV7RgHtNRyHlkkEkTXiJIQx0ChG+gqP75qkSsUdfzYk4LUlBUArdAK8a2U/DPbfNFEEzZfpu5zbl9Q8XnhEuze5Tso0A2oKVOdqibYhiG6d/Hmucu2/HLqMjR5hThlkdGufS4mGylaqrXYB03E1UogMzAaTaQgJHD7GVqoMd/aSlotoH+Wbdxx/FzHrv3fbnn1Q8XeVsE0kt0T6NVzGk7Z3Ys8F6ujW2PpGjJjerSS42uUxvNgqMU6MVRJGjTFnqmUT96EMhlJ7tx9iBv/Y8Kdad/5eeekBir+0yGdSaoyUU011X7LFkqOJrMjqexIWFItERsjKVJFcUruEBVaWC2by8XiiWAwEgyF3b5QKCRPIlQLp5ssleDYzq6+85c6yNvZcpnjheS0CvOhGzb3GClxupvLG3AywUlqfoNnp8a9yLDRZPPVSzxFX6+6aC4AAIAASURBVJoSNjyV4WkVEBhgRdlcYYSOJzRAJpsPx1PMZ0l0B4lPjtVpIClNCSeWrQCw6Bfci4EaR4p/B8DJ/OFYPJkZNApowzt8OJvgIO1BK4PRRCiWZF5SzIjOKRSqRt6VQ2CUhvE5ncnFU1mrkwTTay0O5kNlsRPCqqfv7A2EqXuMJK/RRN9q+WJjIys5LlKtD3OBHW4WlV1rpGAv7BVjZnBoJqtQERKDzLsmuVGhpVFQWAsi20VCfylZn0Tx8dnpC409Cxvx78LGfQd/vGPO0t/PXHL7rDZ8iDeczFqru3bVRQamu8p1Uqj5wiRXb72TGAUSfMXZlJ0PIcN+OnEpGEnsOfDD82/uL9DkyKPsG00nYbFUTqQzUCyYNqLTa3VBWLIwKqiU6lMeW4wij08kDorEcU508y4y/XyhaCiWSKSzpbE1DILJvRj94diF7gH99nc+DceSJeLQ2ETOVcGi1dmjEVx+TPJBsw09rJ142DJEcnzxGrOIR8Ykq/x0o6PBWBKPuJ6e5OxkpY4dKOWT01UmScvPnx46eEGUbjv4/qGfDU2kqor/JEhnkqpMVFNNtd+mRVLEqo4O9L1pOZysYON4NeopAP+Lh8NRO6SAPxQMhu3ecDyeYLXe5E1rALJ18UoXx4uJZAq8x+Ui77CtgmjmplMoLZlKV0mSiWtSYA7901tE1lh0TbwiRbfZEoriu/MCzb0LJqew76bBlIliYXXG5+hr+BEwxXAsBR6mtdh1nAMixDjZtalKxcaGwkb8xEh08vhGiAczzdZF3aLczEuKmcbi0FjsVRswCszorw7ZearXmoZVn1TVWGfoLt+Q2ZZIkoUdGPSVfDhq0FCZVOp4Z5E6ntIt4MR+pRCjEj25nneCWdto3l7p08f5Wal1dkfg34vXPye6fHs+/W7X/q+hT7IN39ZryfqefKMMWs4Oxi/fOg4dZzfWF286qwO9iiWU1REm+c9nOsyC69TF7q9/Oq3odFcFnYHE7y5fKEFvuANhA+8gvk+Cl3onjg0CfWo+M1G/1fnmQrN+I28QSebfQDACYUA8FcccFUcffvTFecu3zm576v6Vz775/pdXe3Xya9dBIpVhk0RntVdojReHN9SlMXdrzHrBY6qZn6w/mM8dA0anN1DEIx8mmcqqJ9TT4aozlqNm6oTJPkv55HSUycDPR/Z80+tQWmJyXD218+PzA+FGD0MZnu6dH7YfvjDUc7Vz18dX5XtVNERGc1m+6V8C6UxSlYlqqqn2W7N0ToGiTRsgyh5/KBSO5vONuFdTsPy/YEXQJCaLNZnOtJ++dOzEOcWkvYqIxROg6Rbyxp3k1II6wufSZAcbKTKZLOgUmBOocO3qEHOe0VpsufFXyFV4aS25ejXpGXBChy/CTOr67w7EFNVOFQ2USSuo0BRhTMNk8vlILOXwhUCaLXbC+E3jBS5u0syU7dX6m7FddN3Gi8vRyH6ytmMSPRabh7N5RHfA5Q+FY0n0rVgss36O9XmUGEOxNKwlFd994I7stDElvSFDA2WSzxP6KduIC/ugxSc/eqszJNsCuPwRFl9elTfFchkbJ7cidyG6SXasfKE84+/r4snMc6+/h3td8cRLtemtq8DlaJlF+XYpRmhkudVZV5mYRLJUJd9KAaaOhyLUOfZy99Ao7QP6+fC6F5du3CFv0TIy+QK0K/32kRPmi6V0Jgv1QqafzWPGrBBcOn7MScxMa+ww4xz+MPEwrBg4GxHedKlQpAUTWwEUiIUumFwfMsl24ZxQibzDO2DkaY6vsWwKMjPavNg7ZBajiRQ0JAazQXILzOpB09gKh5RPTkeZJDKlnbvPD8g3Ewz8eMhTyiQK8lnbFOcOHKqdCDsPdMs3qaiDnz8+JN/060M6k1Rloppqqv3WrFhW9lKYKorFYjAUCYUi+CDfdxMgIR8mCzRJOBoXRPvxk+e1Bou80WSQpQ+yYkBIhtM7VkubEB3Rq1gmAiJKcJD2Rt6Oy9UyUQbRFbDY/RqLQ9aAFC2ZHDOtCKNAch8XiiWnL2oS/fjpDyfd/klv6Gtxk8qkASq0AonGbIMkcAdjGKtEKlPNdsUsFEsEo2PG0l5Jk18x4ykLBLO0ewJuP6kpiaNwbK5QYFHS4946yqPaInAiq2NMR4ELtuLbw5SJwxsJRJLRZLZqqWzeH0nWKpNMrmDgm9PfZDrHlgJqY7ILpbLVGYgn5ZFUGAatkedt7t5Bwx2zl85c9FgDOYpd0YYBSxjJCPEvIhIaYx6Jy9UUc2eql7PBSryP/LXam2H+qm3vHfgB+j+ZyaENvj7yFi0Dit0EBSLW5fQMlTEnMRLOns7lQ7Gkl66fbH75vQPfHisUy+lcYf7qbVXXysbAXfWbSHB/v5H3hePy3ZOBi+JhWWxuKKg+A69joWVyXU3WEnu0nNMXYlnyZGcw2X0u35gHoJRPTkeZAI2UiXxbS+j65pBR+mWJWw4fOLxz9yEY25Dhe3ftObTz/aOJ8WY7914mSzS7Dx3oIH+eBtrb8Xn/z7pA3dc6/9HIWPe0W+Ubf2VIZ5KqTFRTTbXfmoUSo/nCJO+FaQDE0e0LuXzhQmFyvfebRiqdgSzp7tOCjPKi/XL3IH6VN5KgQkIFiAs+6DKpbi65ryGTYLTJPbLw66BJNBJu7XfWvPaWYpjEDRPiInUEqhBHL3eLyoR9wCHl8ohB8JrFQD3n9Sp+RWVC43qNNGxdbyWBB63PgXGtQUDfwdNaLi2ohWmjQgk3G/8hi70esZaCKROD4DOJAUjBquFBwGpHPhhNVp9RPeB+tVa3xe7TKj1xdEpwh3S8R+YqRp848VLKF0rPv7lfa+IbdD9fLDVm4TiPjrOzoSDaknMGIgnpgARCJMFAvadJPf0UOj9Kl1PeeP+rOUuf3v/VL6yk/YXrg/JGLQOqFd2rl9S4MdD12UufhnrM5ou5QmnQyLefbckRiUkFC0ndZm28jFlFhbpERuKpHh0HfcJioqT6hI3zgFHoHDSaaYKv6lRnIpClOBu9tcqkp183ZgYil6etTPBYP9hDdMjP3dXkYr7qmsnhvYd2fkOWyYBd41oFjQfGtXGko/2Uh46j8XK1wW8OGeu/eOVEOpNUZaKaaqr9li1XnHChaR2BaM4biNQhQjeLc5e7Ll7tdvlCJuo13n7y/NH2s/Xc9LOFYfBCQiaUMtiWacIizjWRjzWTKxLHd4dfy7dErME7DaSI+0TFD5YEyUujnBvDODkqoMVy6fl8AT3Mj9e/u4VIZ7PVuF6zzV1bkq9FMHLWSmKumwQm2KBJwLV6dE0WzRiYMoGyle+oA6jWpr6CNpIdwe/wBurxfgZvMFJ9j14oFH83Y9F/3fPwjQFdoVT6+sf22+5dTKq8Wx3BiMJL/UA0WaoT187gDpAEzSbBhWYW0aWnZUCNIlk/YX3CFlOdBNb5AinOWE+B9wwaLbw9my889creS91DX/54KlGz/tM6TKIbE6xxrH89YHRnLnkSo0R8wHIkn9r7n7XEDL1+kr+b3OP4+E8V+EYYBaeWc/Qb+CHijUbCnGSGvwDXB02czWWxkb1VCSTlkzerTCAP9uw7AmMq4iaUyehoKSZ0dxJxYmRfhgllArHxvWas9+cOHGLLbNXlFODql2Mb8QX5/jerTEaHEz1nr3r+dWtG0pmkKhPVVFPtN26xVokcAfhZLD0SDEbKt8glrBbnLnd39w4ODw+3n7oQCkf7DUJnn96k5EPvCyf0wlguoHKNr84oW98QvAZxQrTgM2HVgjeuFI1Qi1KpbBKIb3o1gzDj5clUcwL376ZMPIGwmcT0kyUkMw2hkbdoDaD+hBkLU67POFVMVZmwIPXWlYnJ7muQGHqURnfgNkH6m76Mx0yD2APFxwdfIPSnecuXbXxl7tLN+z7//o7ZS7fu2JOjCgH6WXCPeRtWgcfdSPQQxu8C43dQPyvQaLD2iYqZoiuXy5tJegPl4hv+MHHbq1cQ86sjZ3M4XbkMkbN4w/Ytr37QIB6mKfQ0ikOWOrl1rNv65uGjp+OpNOzz747b7C1J3x4dx8RDYlqKCEhlcgaBFBHCV9vl8d/QWnp1VpmXFxtto83LItmszkCZ5IIekfLJm1cm58e23LwyGceeMWkxoUx27j56bvzvIS5hHN84tml09Oe9hxLxWNWq239LGN71/qlz/9qqMtKZpCoT1VRT7TduDd8FTwL4TSAYdvjCrR8yDQwM6Y+dOFceHgGVP37yPKgSmBwnOuzOiXf8xL+FJy+zweoc3kbvSlkeIZwkm835ghGcKhieVNKuwb1gF8kmTF9R63g3a+jxBcx2byvrLbJMSq0qkwJRJqlm7/KnAbMwllOoQotY2xqOWwMwssvZb543NUe/wYpr9RrExksWDEw01mYsUAQIeSTRSF6CebJku8lMSyK2Qr0KMdP+sfdgqVyGSvnDrLZlj7/AuH6FJO/y6EhYP+G4NrefhOPQ7a5AoxqLaMAOkQ0AZjVLIcV4s9cfVHR4I1nXiIujfHsVOL9RcOcKhY5ezay2pxTHGdeasWhzbTiNDCxRr+IZWgEOPHvh2rKNO5Zu3NFdE8uuCFypT09mSIv+foqAREe3fZP/LOALHoolu4ZMnYMmA0+mQa1QgUn55L+jMtm5+zD9N7/z0zFl8vP7h3Z+ORbYIvHmmlAmkY727zX/UlL+bwYiS+Tbfn1IZ5KqTFRTTbX/VEtkicnANsKqzVr8D50UJWgWYHqrkMkVIE6Otp+NxZJW0dbZM4TPNrszTGvARRNpMAOT3ef0xxrToNNXNc++unfGok3rn3lz2z/2z1y8OTs5fsPhCUaTmXqnYO9HTTYvxAyhIzY3KNqQSWzRkckoWasZbVmZlGhOsGS65sndHCqkdp6brZOks7kG5Rqawu4JWEgduiYRGrcEHYMkN1eLvBPK2dJymT+bq5GDls3p1fNOo80bicatTgVHwVoQ/ewMFIrFFZte7e7X9+ssv5ux6KW3P+EEp8s9cYZiuWwQWF0Uz5DZBn3YeEEGchrzQWexy3dQQAIZCW9mKt3LO72J8RAIgER7O/yN5xIUFDs2k8tDg4XiSYvd63D7vMFIMBqPJdKYJ7zd88nXP3/2XTva/3zm2vlrPT1DxuDkUkUse5iiU2Xr8AQj0WSaJFRIZ1sJYMOYsxCRfv30I5bNNhJHhL858h3jwFUwSnreoaMvKaTuXlI++e+iTL7fc/hcN4lXOf7N0V3fjaVehkRxxN0FkhX3/J49hy71W7sunJUupEwcP+LbuftQV7+u68LVg58zYfMbQmLw7L94tYRBOpNUZaKaaqr9R1qISo5a5kVe01IDL2XWFPiPORBJ2Ehi09rz/SrAZcKRKKxUKrs9Po83YDRzFy51CHZHMEhyAVNiVzfdUBVnOgYfWPXs7LanwHQEu+vZV9+XHgCZYRC99c5h95CoeuLMI7pJlK3oAqGMJdNaq1vHt0QZ/q2USb5YNDv8gyahQlLlxs3UrUveqDXQCu5eb+hfIVM7qTLRkdxcdZ6TBEyZNHbQqkJb/yEyJy6It0GTOELSBvhDNKetvN1k4Louf7hQgDLZcee85X+5f9V/3fPwHXOW/fXBR5Zv3C5tWSyVteMR7RjJxos8elKv0CO4lVNm4ZahkzUWO1Q0e4sPjeEORCsUHC2m2ViCeoNUdTt8Tl8wkc5aXQHSsfHyMoLLDx377iffxZKpzS+/h5Fpe/yVB1dvm79629qtb3508KfX3zsI1p7LF6CvIlBFdeLBWgTugqPyBl86HWeHuf3hcCRGHKdqJkCFOGJl2TBqpuuaWKGejWSUmk0blg8D1jVkIqpVcJlu0ZoJiVZXtLozVMV/HKQzSVUmqqmm2n+eEVki/8s3fZTKZa+vbuafXw+44rET53ib43JnHy/aT5y5ZOBd+ABykMg0oREM1BV85Ivvjq/b+uacpU9XY1FGSBrWhOBRdmfCdXVW8lZbY55wImKsd4yutfYS/d9KmRh48roXyoQQLEmpuGnA4fZ7/OFkKp37FYJhZAALtLScNThPn1ErLUFzbd6wfCsFq2NjsvlonrexjelM1tBMQkDvMT2AM0CfJNOZeCodiSezNJ5b3prqn2CUSESS+IuzR6Lk8No2uCPR6asnwgeMJA4nSPMFj9AUXviOsInab+CJgBebrO9Bb+NOE+nMMK3gmcxkg6EwjHd6NWYbtn/6zdG5y7Zc7dHOWbYFDR5a89xbH32DrkLzQ7TgNvHN6howLt24A4rrp9NX//7oC9//chYNPP4QhEomm0PfR+jIsCt+cOC7YFS5vjmuaLZ5B42CzuowsSLuzKjEIs9FdOk4BxSj1ekPx5PsHrH9/2fvTdykpvZ14f/qu9997jnP3ee59xz33g6gbhVUBETEEZAZQRAEARVBwQEUFWUDiqIyiAwyCM3YU3XNQ1KpqqTmeZ66+r5rrerqVCpJVTfg3oed9/k9TXWykqysrKLfN+s3FKY6FdkIW3pYBbVRZ0iHl7zLsJMwLS9mkZxPTlGZGDAwZigTwwwz7F63HrjZJBCNxoMhdRJ/VwEqc+zkWfwsFks/HT/t4n3pXHHYbLd5uieVKpTrTl8YnCOfL14bsj+/fFsmkwNf3Hf45CipcxKMplXIIsCLkRGaUdctKwnPYOeb1Q/C8WTXN6xjNNpe/uuklIncJ+f2AWItBME1g1AmoI8Wj29ELQduLxiyuHbtO/T0y+tWvf3xrJfXK3ffabAielZO1M9exZDIZGkIUJMBdxL9FrR2QX/iWjQhskqDcCypleQKMHsmwoqyhRKbKsNOQUtUMGTyRbpEQPLL4bo0FGpibyAcw96yRkx5g6aBtncsf2GsQOuZmxMGBFReKytxJldEm6RuNZVpc1fcHHFA5G/fc0jwS9PnriBVR6pVyJVKrQZ58MHeQ9AzcxZtRDeC0cSI3T1tznJ8Qe5/esmuL448+9qmRCozd/EmKJlnl2w+dfHGlZskIbjyMhREmXiDifFa9Q16jw3qTBWJJYZdooP3Wz0+KFU2YsxwyLDDi+kdjCXKk6ytJNBMx85umY5r9TokEyQ9JgYTM0maA0POJw1lYmDqkM8kQ5kYZphh95hF1V9HTh1QJoL/H+NYcOa3y2d++/3UmQvHfznn4rz4AK3i4btEHTRISi72kpUs9TyxYC3nJR5Z2z78ctqcFdgC9q96gny+wOqaDzuETu1RKBZZNDxNheSVwrF8sVSvk5LVdRLO3IYxkpS2LRKjR2WCM8nJ2e0DfRGkaLFczRVKQzYOP2kRa4+yXW/45VxfNJ7ad/hEoVje9OF+5e47jSE7SUJl5YPFHqIO5MoEVBLSVFFmpCs8Ann6Wt56DRLVECzSBFxquyYeN5SJg5aJ7Bohk0jniAz2SXg0TGaEIhNF6EnhHS7QeTkGlsB6xKWsBDrGmDRHFkPoa/6g1eP3SrHOrFmCSFyndAJdMrnCwrXvszWf8339Zy/fmj535dFTF6FM8FXCUDs4/5nL/dl8YfH6ndcHLU+9vP7Jl9Y98MxS9G32oo2Yxnu++SmWSEXiSX8wAnECmUTXXkg9JWWnO5SJHGiO51Kr1fFM8b3DMF0ZtJpoNjAmAtnoWd0+yAx0T+30KnCSMpTBrhmHY7TSJXn01IXMMZ44WM4nDWViYOqQzyRDmRhmmGH3kvX253hy8Pr8kYi668sfgNPnfr8xbB8dHYU4uXL1FmQJJ0bwU4t5gLiMuCU75Zfs1Sw4xIXL1x+YtfTzv/84RhcQlMdQBMIxOy0TYed8qqdOprM2zj/s9Jvbc/UQSkS8TUiiMEaPxi0ERmhyiyCIJqcXLIrkwOUDIENSKKpjONYjkDbBcBRsu91y5QqpiCc33LLCQOCYAehzPJF6f+/hUCyZzRdh6VwBZ1beXm8IhaNfH/nlwVlLP/zs4Fvb9yp332nQeA8yyLGUCltVQApHIRpbSgAzxOENiZFeE5+ChWMCmF2+QFA9qIMhFE+bPZIiD28qS7yhxuj0yxeK2VwBD4s5O1Wr5DnIG8uBG7SOF00v0ZonbEZhwlRpoUmd1/mMx/tDet9NjIYgRTAPqU8Uce6CYkGPmH7Gdou71+zPDVqgEHMLKhEiZ9Dqwa8/nLwQS6TjyfTuL45seHfP4wvW4lcoEJcgHfrhJBTCird2xVPpWDK9essnJy5ch2K5b+YinEEMkcUKXN1Eg2Rwm7FUhskzVWUCDLvaFOPlAStbF7o2bMeFcAbqDEZ9wOgY2ngRZ8aFyvQZqP6PQaN0+K7hMSMuH01xRs6AW7OPpyCT80lDmRiYOuQzyVAmhhlm2D1j0fEKWXcWkUg8Ers7p+4N4ACnzlwIhSPhRNHJ+W4ODF+6fF0MKwlZqTLKSyQ+3sYH86U2HrJo7fuL1+3Epj1fHZm/dLOCo7DXsQ7CSr1q7IUAm4cdhDWmKW1qkCoTUjRJauQVSmVYMpWGieF4IBTjxahbkGAuQQRXBvu0UBcUiycAGkrLz0tWPthpiu34tdNaiqh3SybTS9fvvG/GovnL3l6y/oMLfbdyhVIv/lGdANMFgwclBedWpXp3FoLUrKMXVqtRqAC0HAZN3iswaDzZXvrpCUQsHMnHNUbVhYust2jKiTFa/TAYm9A8rQzR+7899n8enf+n6c/+f/8143/c17Ql67a3WsqBfoHytpQJAA6dyhUsbsFKvZXsJIJCnTQ3aLQDdJR+gHsLeHCxVI7EbVM2jzs10RTG6UlGNEHY41hFYEajqVsa6Wze4wvuO3jstyv9gVAEkuzZxW8ViqW/Pr3kk6+PQgBAIzz18jqoOAgRl1dEf6yeAP1eiEw7aSmTBl2wkm8ZsvNsbiSSbf87YWSK5YrbF3TwATPxzGx+Zew0GVogHEN/mFYk6Q14CZv0Zwj645ClOGOp1XAqjyDJ+aShTAxMHfKZZCgTwwwz7J6x2J3242IIR2KZvDo9+sPwy+nztRrxmZJipZ9PnPEKAbvHV6vV7OOsrkGiR4jbj10IRaLKAhEXL9+YPnfF+Sv9D8xaGoklh52BVHbijkSJVIUHN9IJcW7QHE124tNPSAy5nCcgd5dvdAC8p07eMRP/ExhYciqbT2SygWB4xB3oXCoBQ/IGQvItpOB0u404vYM2j9xMDp4syLSZYHKB6hH+xF6Wg7qdvnD13Y++XvHW7kefW33w53OcGDW7BTDgSCyezReYN9rE3Wpj+yffzHxx3Yb39h78/mS2h3KTt4lUluS9hQU7nmkn3P4wVJ/8RvAR8rGqVoVTjgZ9mrgKS4XcIDFFIol1VjacAB49rdfZjNBoBZnk8sVwNB6KxHi/yPtEjxAISGGTVT2nLa5r4wJuYWIpABKXTRU+0HRSMjm8mJadT6dB65xgriu26wDnwFA4BZL5io0qVIpWyIcWeClqJUEsmg5vAMRSpVrFvWBe/XjyN9zTg88se2z+6qdfeTObK7ywYgtriTknRVO4X1B/KRTBTGarQJGEigpFe16WqJo8MnfTlUurymq9XocWcnpJZXrWkv00uwRYLJFkaS0y+YJycNthp18lthbXoOVfWiJKzicNZWJg6pDPJEOZGGaYYfeMdbCXO4NIJHY3SpJPCrV6/eSv56FJYMFgmBOkYyfPnjh17vK1gQaNGzGxRQ+PejH4MfI2urF5x+fgYb+e+/3qkOtS3+DQiL1E1joyoOU4sJP8yUF0As1txX6NQdn0EPmgCvAwu1pqLKtanfspoFAoEmIthHyyEn7xZHr63JWXbpr2f3u8CkXHkzRHhKs13dJY4qOAxeMftnNWjy8UjjE/sfEQGnISMM4Fy98G+S4US6Foovdq61NGsVRhhNIrdo/SgXKjURnK7RYaO1ShJTuV+yigDcjkIQEbExvpC3VR4whMyFGnL1yqVC1ccMQtRpIZbMH5i6XSfz32PIYuns7YOV+uWBTE8Jq3dyuPp8BsTOcLcvdCokzGJ3CDpP0lURCMBFvcfrlXmIO6LWndUVeIYVImxebp1ZWrBaJ1aWA9btzKBRXlROVAgxKZQtV8iWQnw0RikIe7hOJtb1PcPuIoJamp0FFSknIi/QCZw0y5Ob36g0CjcUimNTLauTzEDyugyVJ+4QwDVg9mPnqoGhGEMXeQ9GjjypPUAgpl88VoMg1pJOeThjIxMHXIZ5KhTAwzzLB7xlT+rt4JQJn0UvXsbsPi8Px0/LTFGcjl8qfPXYJEcbq5ZIrkWgVDYrIk3E50FMCBLjcfiiYvXbkBwvHyqm1nfruy/t3PQJVy2nXWGEwOHsrBJzbf2nrFqCqP6QUenyRFlNwL/Ekrj+1kYXaSApHUi2li43sf7d/1xZFhm+dvz60esXnK5UoqkxPDMUiRITtP05FN+ImBt+FmqfuZz+kVoQrS2Rx5yT0KZbKlWCLhxfp08E6BRHJTAurxdy/sqKVMKpWqGIpjeoCOg1l27CfFyzEOoYgy75Y/GNFKR+sLxio0vB4/o8msyQVtE44kMj4p/B/T55Yrlb7+kT3f/JjJFzhfcPe+Zq1tOTCAuLtCuSx3q5MrE9YmGIm3EgFDFbAQEeyyuAT0udVysnASz0D1/NcNtTpIDNjOpCxZ2anXITyyBc3VVPKaoF4Px1OhWDIUjnqlSGuJqQVVZYIxlG9kGKV1eFq/QqWwuXrL7Ja1UkG+WHJQ5yv2a4O6I6JXI06BDayDrh1BZrgEqVhuS2/QIHVdiStXctzBLBhN4lf2+gNdkvNJQ5kYmDrkM8lQJoYZZtg9Y705nE8O+NsciSbKVS2u8scBPfGLkbPnrxw7eZYTxHgiaXX7fzlN0naBK0ihWC9d3Lzzy1Q68/CzKw8du1AsVf7y5GuL1ryXSmf1gy7I63MQMl5sJeziOnIK9w4LJ3WuQZF6jp2cevKAgnKQFYaIIu/t7FfX5QslbyA0fe6KC32D8l1jLScc6nsG0hmJJcwecYRE7ZN1FWJCMJ3OpdI5HP7Q7OX4+fjzr0/WEWgKgGBjysTh7R4uMmjzmLULUzRosbxqteb2k5CSGK0fApgcEHLBooY0FdXyZSczuXRG6cnGBpDzSf8x/VkIjPNX+n89fyVLlcmeb44qGgNfHDz24DPLnliwFuM5b+nbbDBBmjvD5cmZ66MkTy5900/XT8hb/0Bw6pPQxpPVGNUhBWvnxQh0BQQ/2kQTycy4v1+RFoy39JC2G+d1+sJkoQNfzAYtICOSJSZFM4UyiURJluQRd8ATiJIrynY1SMK9iYXNq8Ok0A3syqBV1koFHj8ZNG9AVYMRjy88TT5AXLzoTGtWUBm288lsDpoKatDsFlj7UqVCQuFla2tyPmkoEwNTh3wmGcrEMMMMu2fsLikTX+DOeBndPtLZQpgUfGjEktmfT5z59exFmydAiL52fEgLNBtvCD8XLN/65ItvnOuz8GJ6wYqtYIRzFr0FjnjgyPHOuBH22SUQUtj6NRRLdQ1d0AJOwndUeCyVq6H4HcgxYOOp54+aiw7oJhEVzyy7MmDB5ZS7dcE4N3lJXh8dGHFAt1CHLnUqPyngzKEIYa5aGKWFt3FTAzauJQu1oK9MFMBM8IqhISd5a+7sVo6whQYJQQl6g8rVlRagQ/40bc4zC9988qU3Xl61ZfPOL1Zt2q1QJrl84eyV/t37vtux9xDLCtW6NapMNG+TfBmDUSaliEJw+6hgUDbrCnBxJm+UO9QwStfKUtk8J0aHXcSFrGuO3TE6UJ5ApNU5/KuabVl9zSRE8iYXymWnELR4JHzBU7k8q5pK/Mc8EiQKXaSiAUjdssxRySEl0kol2Qly0VLZF4pDkzf1MLUhGx+JJ6u1WmcyNDmfNJSJgalDPpMMZWKYYYbdM9bxd/8OAH+tg+FYdZJ1Ie4qEsn0qbO/n714rVgspTM5J+dVtugA7iIcTdq8wUS2mskVpWAYPAeU0WJzRWPxJxasuXh10CuI128NlcejjYfMduauM0ZyhpKlg9boZrL5KQ81mGQyo0w95PFN1AecMhrEq40Qx2pH2YrmXifXP2wdJaXipnKtBq3qfd/MRdPnLF+49v1NH3ylbDF54JzxVEZnMNFVlktqsAdlMuzge1cmY8QzJ8Gy9LLkBzrdaAFTwuNr1rJQBe8nyuR/3DdTbnsPkHTVLfikMIbxiQVrH5m36tTF63XZ2dK6yoShUquRdAjUB8nOBTpdpLrCEyBFSHtUJnJggpmc3pZrkw4wmGG1qvYKqCqTVpwJDodyi6ayECdOIRRLpEqVCraksoWWctDJWsFgdfusHp9WrUlV4D8BKRIfIjqk6eKIGWLn/GxdJSM7lZxPGsrEwNQhn0mGMjHMMMPuDbvjBRZbiETj4bDei+0/EiArv5y5WK7UUqnMhcs3zW7RxfEB3Ze4lN0SHjPibhMAT728HpLj4bkrHp67coy+rua8gcXrdixc8y6u8uCsJZVK9aXV74I6u/1hl3ZZiUkhFk8qhMHo6KinYxVlsiBJbz1EPrXUlAIvrtgybc7yUDTx9s69PeaZVQD9PHauL5cvkSzJxXK+0J3qQUvEU3rvqjGpEpmcztTCg2DLGv1mV3U8HF/ZaBwgzVa19SJV5FiZdm8QnNXiIYoOvFNfs1Ht12X9sEFXGLL5Qr5UyhWLZA2E9LptwK8MWnMFsugEXd0/bJu3ZHPLu0+KproKsDEaUWNxE6LMoj7w6Ht/pg2SiIwcq6OvVIG7cFAXMp1H0ML4k1VvCXGVyRdIEI4I3ZEn3mK0YilblFDNEN2gnldo7JOiLMc3+UY7VSqiKmCnrlldm6mCXHR0FE9qhE4tdlGTg2/dl5xPGsrEwNQhn0mGMjHMMMPuDauoM9I7APwVzmRz0CfKHf84+MXQzyfPmi0Ory9w7ORZNzfBFRQAL6Tu8iQ+XtEEv5bLlRUbd+XAskvlx+evfmv7nr8+tWTl5o+HRmx7Dx4DHSEl5Wp1TpzwS+mE2x/p3bnLwrX5u+PClo6OTRYsXxAYWFlDlgBL1+84fub3eDI7Y8GaUDcHGFWAwT82//Vps5cvWff+qQvXwj0U32zQGhT6d1fWTpnFMEjLwLMbpBUtmwY5YaI5lB1e0S9FEpmsyS1aPMTBieoXAuW5xkHDNkjUO09TfjVItAnhxHZe1CrE2aBFb3TOKUe/xU0XJfyD9mYyNzlCseSqzR8/+tzqh2Yv/9tzq0+c+b21q0dlMkKqdvJjVPtJ0aSdLiuZHKQ4Y9celqskVW40MWnvQZ8UcYzXPleg86Lky6U9G9Ft9pioqxhh/zBM4xFatD7erarmLbOTzQeMs80bsnCkClA6V4Asp89+omWDRoh1+k9ODXUaR8QEbTKTw69yPmkoEwNTh3wmGcrEMMMMuzfsbkPSLTX9B+PUud9dXvHc+Sten3ju0nUXL6iGsIOj2OlqCYhLUSO4olCqgMlks/m12z7NF0r3zVx8Y9j24b7v7C7u2cUbIUxAbnRiKrDX7CY1QzrJmSpahS8YoGqgmuRbJgvQo1KZcM0hu1enC489t+qDfd9ZXMKzi9erjlVXFEuV6/0ju7488sSCtX956rXzv19XtlBDVzbfVZkwlj9g4wdtHBi5hZYglBupZckHaQnL4Ijb7xREp1cMgP6n0uVKs9g5LiC/Bi+SipycLBCiUCo7ebI4AzmqqkIhPn3a4SUK6CsTBt4nXus3b3h3z4Ozl7U29qhMoKnQz9avwWiCFa7BT0GKqHV/AtE4yS41Bf9MmvpM/Wlm1TKedXVL64SJrpnIS1iq4qbZRb/UktXlxa+lUhnyDN8sFjqfymQb4+nFGqTqS7AX97MegblhpXVU8K13eo1KiwbuEOQzyVAmhhlm2D1gOc3UnXcMsXgymVTxsviH4OcTZ0Dgfu+7efbi1WMnz0rhqKIo9RjTDB7yLtkjdtdtaPzzmcvzl2251m+q10cfmr28VqtPm7NCDEfnL938t+dWx9rrTLcQT+dKNLTX6QvjctA5yhbtkBM4XCIQSapSvR5x/ko/Ojln4Rv1bpHQxWLp87//9PXhn3p3+1EAIm3f3398bP5qnxQB7e9yvXGAaEIhKLfKUKnVtTLzMlwesOIh9ls9nkCkKTOoxxQrYZkrlKRQhAuEh+wcXTPxs6xT1Maly/gyi43zWzyixS2ArZpdvs47CMfTrH28PUYiEE5Y2xe79MH6bHIKZkqdO+Hm/Y88uxLP7r1PD8pHUgjGexlY3KM30CZxGzQ4ntWxwV5VhygGWtCje3KtTuC0WgUWR9x3xtdRp55JC5VajaQpE0JXh2zFkvI/vgatbpTK5S0cCZRnpWxMTq/ZJaRzeX1vvd6RK5ZstPyinE8aysTA1CGfSYYyMcwww+4B64HM3AGEI7E79af9NpHOFU6cOofO9INx+AL44OK8NdlSQCKdZ87ovnCX969yNGh61pMXbtwatq7e/FE0nvzm22M79vw9GI4/+txq5iOkOMQyvgaCA12+CDqGLeFogr6tb2/agSnzuZ17D6InAyP2B2cvK5Wrl/stM158QzUv6hhdOIrEU9NmLymWiGvalQGzskVv2L7n0PNLNnzx7clCsfTCym29vNofI1Q74fZHlFtlAI9k+am00GL50B7Kfe2wcn7XeD11pl7wUMqVajQWB+U1OXhMFjYrLG6f6sPxCCCyQSpdQjYuwKKrU9kCplPno5eDXq4BsZSmtTKGaWwMVSbNhLOKxtPmLC+Wy6VK5buTFzlZURFoIv0LjdFVMtD3hNo6AOXlNTN9qQ+RZnEpwzBYrIhX1HsiqiDpvISQavWSVDbfmQ54amBZgwWNmTxGbxCPkgnOSKz7EpYgRZjzFflJNaeNl0hoO+fHrKvX611HWxU4qlSuOLyinE8aysTA1CGfSYYyMcwww+4Bm8pf18kjGC9GElNPS3VnMWRxsg92j5AvFGycGBCbhAZ81MoHQaQsnDSFzoLbgZI+PHcFuMsDs5a+v/fw3EUb5ixcl8kVFa4yuJA/1Hy/m8kXTS5S3LBUKrP3tal0RufqIDcu31TqUeCcT7+8DpfO5Qt/fXpJJJEG3Xxk7tKP9v+gbEpBLsT5Hp677Le+W6lMvu+WSdmiN+z8/Mjzy7du/uDLYqm8ctOuHpVJIpkBI1RulaFWr6fTetkbLg8SZTLi8l0btiv3tUOuTFSBR8MFCKltVcxUwOz2g9Yn0znIEiItXET0mtyiliBv0OGF+AnG0pwYA+vFc7d7yQqPjjLB83r42ZXFSiVfKjncgtnqaO3qRZlUKhUwbEgg5Y5xZPMFXJoRcRepAzOxC0dhe1F3kUoVgSAJMvGF4p29w/127XOP6KpMMOsG6dji1npxSnQJZBEGsgr9H7LxbE2JHi6ZXT4HHxgva6M8UAcNUvMxbSaVLgNyPmkoEwNTh3wmGcrEMMMMuwdsUn9ZbwfRaBz2h12uF4BbuHlvrTbq5rzBUATcxUEDS0bcE3XZVOH06b05rtVq1Vr90Xmrjp3te2z+6ky2ACHBKNGIU2BB1vi15XuDy8nTiWJzpVpzamf0snJduqeKZDr7yup3wOanzV46Z/Fb+ULp/qeXpNJZyq7Uz4auHvzpLNj2C8u37D/0Yy+1X1QB/n3q4vW/PPna9DkrSCV19aspgV4Nu/TUAu5FXtu7E8O0dqSVE/sGbeOR7erAo3FrD/gYcWTi7Lw0aPOo9j1XJGUEw7QzmEWxRJL5gKU6iiq24AlEknTFoFZvW1Bj6zyQN9A2PklZ9RK4cHVw2pzljy9Y8/Czq+T+de4AKeUha6iCTI7kzC3rLlPgHGT5jhZktNPSJey0rFJHlwuoAVIH4hD3aablRFop4HBaMaj3PZoUorGEgzrdKXeMA/0fJuVcupd+Z7B5fFbPxNnQW7qulRdDEZPDa+NJnSI2RHY+YHLwMVK3RH0hBRu9UsxEB9BOM7nhs5xPGsrEwNQhn0mGMjHMMMPuAVP7S3pXAL4eiyUKPWSM/cNQrjbcHA96B33i8AgWjhU6COvky8JwFYvlYEwv/mGMFkDc+fmRN9/9FOwf5FKKxElZAy8RJw4+EEmkR9xNzj1K40w6lxG0YgYaNGmVcmsPqFZrTzy/etDsuHi1/3HywX7kxG/bdn8tb1NvZ8n45Zsfz+QLZRfn+/OTi6cQ+oxD8MTxs1yunL10s9808Y6/K9APt0/vnXqdZJdSUSZMbEBWsWytGPNBu5cPhHVMX5ngbCzqIKQWYI3+haJxsp4wrtzQnr5iD1pIzW/1/svHWY6WBxqYtFeKuoRQJptjk6ExXuh9/7cnt310oK+/zbnO7SexNPItnUiks7jTrvFCDar6nF4adcOLXjGczRfBxVWXcfRBhs7tZxS/RBeIrFyQpI5oNKKJdC9rFz0CI6OvTK4O2ViQCUZYuU8Nds7fWbalQe+oUCqL4TjLv0xq5jQlnN9CswjgvrK5PCZDneYQgw7k/EGrJ+Cg2eEwhrFkBjcu55OGMjEwdchnkqFMDDPMsHvAEppvde8KotH4P5U48YoRlxDM54sOD3mf6tJdDAEcvrgiey+lwfINpByex98s3SAv0wZG6BFEK035BZIkhqNoMimHFrQUI/FOGdMj0IEnX1p36cYweOf8pZuv3BpRNKhU67wUM7lEdyCayxdwuWQmN2CyQapNLV8wTuITQ4/PX3XfzEX3zVyIi+bU4g20EE/nazKVSHlhU3iAHWJsHd4QaB84tNMbsHEBM2GHAZJ5iQ4yM9DBy4NdyCja4CTKreMYcXnxmEwu9eBvcFASJ93BYnka1QAmmtH2nupE36CNKZOWDICo80uRdC7/1bcn1m7bk8rm/vrUEoznrxeuyQ/sqkyw0y+FtSLRVUEiT1zNWhywrpmvOoGZ06noQnGizIddAf0O64BOA5lRZzM8xCE7r2xKQQQS0QbkLhK6HoAtYC4N2rqEJzGUypVgNIFHxtZk5NaqtzjiFMRQdFT2zZXzSUOZGJg65DPJUCaGGWbYvWFTZAdTxT+VOGmQUApvrT4aDIVd3UrCxxOpSKrtLW+c1Jau+kmwbNPDinAgd1tiVgVGRxu+UHyQJDklTjtWj3/K/GxSAMtctG4nxMkLy7c8NHs56JRqfQmGBq0Td+T4b4/OW3n68q05C9c9Nv91ZaMe0G9xv7/nAKkY2Gjgcvp+RGNNmdcEBgraAwTd7IbqILUgmTkEpjqaH9hGDKPJLY6QKiUcNAbJJJDJghCzBv0Wl/JK7bByJGWwciuFP5TASTyyNMEKeEXQ/QDnU1ly4UWyGgPrXZwwZYK74AJtAS0YkBkL1uKhvLLmvXQ2V6nWXlyxRd7A6etSxxB7oaAsMg+lHoGnxtLdOqjQqtS6JGtuAc0iiRSOUqzSYLuZk/LFktkjeYOxHs8mB+YuNHMikwsnUjCXP+ykUwLyQNmUIpNvln6/PuIcGvdP0wEaWD0BO6+uRVWBQzATHN4gZnutVsOglcpVKZqQokm5IGlBzicNZWJg6pDPJEOZGGaYYfeGaZTruFvAn+3oP1PtRQdHXkmDB7s5rz5lsXlDcr//Wn3MypMVj1GaZZiXYqkscbaxkehhPU6DQ7KFIilmQqIgpEAo1jVl8G0C1PDqreFlG3fhQyAUXbJhF+fv7hJ29OT5V9e+j76BWNscmuU1dOCTog8+s+zjL7/j/OqB4y2EE9lQPOMLJcYtzgfCLvLKedybn2Xv5UWMGKlE7vax+uugg1Ik3nKhoR40FDQrFNMwWvEhLRDlw6k8MspQ8ZiCquSSwUWycoV8QZU1pWqtzgI2zNpuXQpoKpOxsRkvrGXRQZVqFTpz4Zrt8gYOIax/BRICbuPNHTmyuwLXgjKxcaKNeCSSOpX+UE9yAk+CHMUrK5nghKF4ukH9u6x8UIxOMf81XTAhGKWZ8eg4q6uOVlauq8OOS6KTHDg2dlF0pnLZ8folbWgQn0lJoMU0ewTpANXP8usns3ktNS7nk4YyMTB1yGeSoUwMM8ywe8b+YECcRCKxf5KVk1KpTCLgI3F5ki5VxFJluSeV0x8D8x4jPkvFXKEEagJlMuwiTiM9lorLFYpDdhKl7aDF9TLaAdO3CTAtkNm3d+1/8sU1UqiL208LsxduuG/mosXrPzjw/a9TCDJp4dK1wVdef2/u4rfyGlXSVYE+iuEYeG0GfLxc7lzhIaEFQkhHM5D0rHRsBx1dFqZG3KKdV1n08NJ8XOGEnv8PU5gQRsodFBAn5FU6XW3Q68E4tJQJEI4l75+11BsI/nrxxtOvvMn72zpMlIn89w6kUmkikybjzcXg9kJdSDZSKnEsEI6T4G+aV4AXI/pXDMdTJOeY2+8i6zkT2y1cW8/B3VleMvnGKYCtiqjOh+vDDjYTBqxtApvNCjGSPHNz6IDrOr6/bDtJkSyEMpOZrjTrd0DhAKazkCXnk4YyMTB1yGeSoUwMM8ywe8Z6I9J3Evjb/8/j1gVV4OK8IJH4qc4jKEjapfE6dPXRBi/FmIfPMM35ywDWpePK1YkGie6oRWK0FDcpdSeZHN4pR5JoYcYLb0yfu2LekrdA1r/7+bQ8eEMH0FqVSjWXL4ANF3Qrh2gBhwti+IPPDs1bvP6hZ5Yu3/CBsoUuWMR2pyZhAKPFiOlkDMPAMj6qVYC8BZPTa/UoA0Ugh0h4iYaDEEODBMcTLar1yNAgFIk6WGY2l6C6tCJH35CmMhmj35oczSjQ+QTtfJfEWW4fIe6C1CWSqhPQVDiw9e4fcx4DSyp7jGeaqmgEsrMYlUQyhW57/CFPIIqHVSyVYymVgiq3DxMN8yhXlWsUo6ONEdoT9DadzSv2ttBcfhlt1BskrTbaD9v5eDpb7c17jaUkjrcHsZjHaxZ1Qs4nDWViYOqQzyRDmRhmmGH3jMX0XgrfLdyOW1eDBEL0Qhh6gl8MOqFMqlU3x5e0KzbE0/n8eER7Ol+LpkrMn8Q2/roXrAtcNhiZ9E3hJOF4cpw/gUkHilNSAqpIpTMb3997oa9//rItl68Pdk3NxIAu7T9y6t1PD576rS8Qjvd4lAJL39w5bc7yJ55//aVV7xw8elp/SaoT4JFgk5UOrsnAhIeOZGopE+g9/bnSqUxq9VGXQBYHdLjsGKXpZD2Bl7SiULL5osnBQxoxmm7x+Dupcwvo5DX6dh/KRFVC4I48AfXX8DokmIG6xoUCoZhyhy4aNKWyoyNWpFCqMG865t+l6o7IElLVqbDE+HCBsIULQp9oSc3bxADVBumc8nlh0MbXeaSq9uDLkUxnmZIhMWMuH1RiLJnWSgrMwPRbKyfyGB06p6DpDybnk4YyMTB1yGeSoUwMM8ywe8m0/+beRTC3rnS+V9abzeakaBKHhCMx/AyFyc9s8Xa7DtrkD0ZtHr8ohV2c0JnMFCTDIyYEWQHsQKxJiOPZGhMztVrd5BSsak5BvSOVLQhiM6+U2RNI50iCLGWjScLF+b769tj5a0OZXOHpl99Q7tZAOJb86dSFEZv7x1OXnni+rXRG78AVISBL5WpOWz/ooESVXk5jYa1G8z4l0upuVGN0zYcVbu+qTIbsnCIAg1VDd2mnEmYo0XUbneAN5usVogoc5BWaE50pFNXVL1EmJqJM8FNsT4iM7uN2wPKL5XKd5qOV7x3rQZk4edITqAinV9Ra4elEvljCUVo5ryBIWv5dEF2FUrk1zLl80U4zE8jb4waHnAF7t8fRiQYdgcY4cKFUKg294BYkmplNxN2Z3QJZw3EHrKQUiQ9biHlFtpYCu2XpqZIJzs/7yXdQisYVGbeIwiRJkIlWoZV5mvcxOkr0m50X5QIVjymWUM9qLUXicj5pKBMDU4d8JhnKxDDDDLvHLHZXnCy6ABwrHk8K/kAkEofM8AXEeDLXKj+HP/nYy0tEighSNJqqElo2/ue/QSNfI9E49uY1+GuPwClJkq5a3c3xFnczGBrn94XTZk8Ql0aXimWlYhmTMUI7R7isQCNPbge4v3AkHowlWQ0N4gXknKJ/VzyVOfPbZdzFpp37Hpi15NF5qy5fH2rtBb3TetM/RtcrVm3+qN/ksHv8f5u3sknBJg8ahh60uPV8orTACF8irT4v6zQYIBzXXO+jbjzkTTbEgE6NGmDQ5pGrCw8Nah/pIWwdVyfn10h45acRJnJ2junKlhoiGpxVVZkQrhwIPzx35SPzVsGmzVkBU7h7jXRTJkwjDdo4tgZCa5kL0WRa/x6HqdeWqLsMiFkkhGLjpyXFGbEFk9bGiZ5A28oPnkIyS8Q2md4eMaWxHoUn6w2QyBxoABvnb2VmY5VDqEhofmZmpbVHICGgHAasHkgRkoXM7YNhF/OTtJOyNur6SgE8I7PLJ/fia9Ayi5l8Af0ZtHIsq0ErNwM2Dtk4B831LDsNqb/ZWSgTyObyL63cKueThjIxMHXIZ5KhTAwzzLB7z3Klf8DiSYO6d+cL5UQqHSGLIXFRCkVjiXgyEwpFpGBYDEXj6VyVOlMUOl43YytaSqFYNkdquCl39wwnH4CucHgEkqSLLaSEEi4SAE0KpacLxL1eeQxNPzVG+8AKJqR7zg+rClzUK5LK30325vbbeZKfyspJ0US6VCG5p/SpZAto9vyyTdPmLI/EwQALgybroR9Pyx1phFDc4w/FUzn6qlt5znq9/sWhY2Iw+tRLbyxYvqVjf68ABQd7Mzl6IoWdwLG4ceVWChamLGmTZowUKwNv8wYL2k56AJglHl/rV/JenAt41BIBK+ALkhgS1aUVjBj4sY0X+UCbD5sYjttJzImvk7ZqKZMxerPQ3qVyBSZIEW8grEj6NOzqEtrO5idOwvuDuEFG9LERmqdY1vzaQFJCYHSd1alMzh+KNf27eBFDN2z34lfFWlmKZDMgfl+4U1zU4pHiaaU4IV8ltw/j1hIezLDFxgUsHlLQkASGCSLnJynRMJ7QV6D7mVwB9zVg8eDMuUKRbMnmMHmu0yEl3lbaJWvkwP9CuMSwmowhUSj10WgywxPhBNmD+5VY9xw05CYcS7HHiruIxlOKbw3mKokUyhdeXfOenE8aysTA1CGfSYYyMcwww+55SxfGSj05Zt95lKuNcrmNTeKvfKtjqoinyxA2OoEi+hiliYNBnTxesDHJ6YvJ37NL0VStrsXfxkCAHCS/ljKKerJw+yOKJEWgMi5f05mEGXMpsXOinfOn0plOUUGPalhsrltDFlDG6XOW/vXJRY88u1y1ZbVWyxdL0Fcj7oBXipHg6lr9yZfWrd2258awDSSsk0BPCk5vALIK2lK5ozfgWEEtFnyMkj+QYNV4DAY0uDHiYu/LFURfAQePTgbY8Nip11OmI1xBFU6vaPGI/nBcMbb41UF9nELjKRPkSOdI/AwJw2jPlCVXJory9pgGq97+GE9q2+6v8asUJo5M8gbDrgDukShatcfVIPEwbQl88TWJJTOt1HDojNXjx+OWH07uwht0Ct2jg3yhBJsnJMUwXaNgXwd5eis0cPqUcRcj7rYRKBZLFno4RB30dJZkZavor3e1QHJ8QZm0Z98C+mn8Sb/F7RG6JEJgMDm8ZMKEew3IwUMRAqTIY3Nxhpesbp8vFMOtyS+Hz2cv9+M7a3Z58TTlfNJQJgamDvlMMpSJYYYZ9i9i5epYtSducHeRzE10SS3glqBarU45qh5weIREpuTxh0HUFCTGG4zXtTk6S3zk4NW9enoELmh2i53BxIEQeTFvo4KEvpZuFmdwkFgUUmUimckpkjWBd655e1cklvBL4cM//Tpodjw0e3lncEILuHShWOKlGNhqsVR5Y9vep15ad9+MRffNXPTjyd+UrScDk9MHrhlPqhD0XmDhJK21C8q2A17tohMtog+iCfGg3C0DVSaER2KIaLEUldomqjC7SB5e0GiXEIDeYHMGFJw9HbtGYrEGTQdHWawo90LE4YPUL+jqsAMiQXYEUSa7930LErxh++djasokmsw6hLDJJfJSFIRevmus6RcnKXKUNaiQwL3jfltaghcjrdUYslcIJVMabwJkwMxpnZk8Fw9Z68MVTU4hOy5OclAdnFLkyDMI40AWRz7i8sU1XPh0oKpMRkl9yWaZSCgH6E/9lAZj5NH4oMeSk0nhLYYipUpFisSpoxf5elo4EcokRpRec1hC0QR6ePCnMw/MWrrv4M9yPmkoEwNTh3wmGcrEMMMM+5eyaHosX1YrS3b3Adat7IxmcAHJVDtlcZLO5JycN5XOkvTB7crEIWiWAQHts/FBO9elaEZXxJMZ1QUfGy+OuJou7A16uWKpzAJzSbwv1/QnsfKQLj5BjGRz+Xq97g9G5y7e8OCs1+KJdN8t06PzVk2qe5VqDRopVyit2rQrkysKEjltTTc9kSpGSLSAXx4nk82Xej8JGLxW+DVOMuIRnaQMIvEGBHcv0RzHzIdHiiTEcOzGiLOp4nRrX0qhqJUPYlRHXMTNKa8Rod4JkuXZ5aeOPaKdBh5AOtqaERchVVnSgi8YZesD4fF1lZYy6Ru0KdzP6vXR3Z8ftji9y9/aHY4nvYFgUS1dcoOGiUMD+EJxVmE9FM+UqzWWpkwrUh+HFEulYDQBYUCINfOe4kQ8ODspHdj9YTm8pOSofEu1Vh9xE+crGmXkS2XzGGHFClIonpZnm4AoQielcLz79dSgqkwEGupDHofHBw1mI/5XxDEMj8njD+XGxWQLDepASCRlbws1DPL0A5iHwWjS6gnQOLEgEYQeP1lKcnmhoo+duZwvlI6dvSLnk7elTLZuPyy3M7/1K1sYuKchn0mGMjHMMMP+NQ2qIN3udt5oX9DIdHFKnwRAGzo7EOmWSWzKKyf0da/P4RGcvM/ja3MiMrlErWv6JMJ+Kre3rtQglTGUiwPYKIYIXSu1BxWQt/KUPzFeBTEWiiU9PrGVR8jpC4Gblis1nxSZsWD1A7OWDJps8jN0Bc6Pw6OJzJxFG/DB5WsyPJA/DFEwSvyX9J/CGO2/nRc5fxu7TeWKLQ8xyqSp0VkkNwYb54e28dMsTGCWToGURLR6fOgG6Qkv2QjRJK/nmwqk3cwe4lJFBoQqE60eB8NRnIGFyyuCtnVQp3XH46kMO2m+WArGEtBRFo/YY6nNBlFuPvBXti6ko0xGG4393/+6/aP91L5avnFXj0kRoBDi6TyoMxkHTl2ZyIELRZNplzfAVnUUpQO1YFKLcgnR5ASxZIadCurd5Z2o/EPuXebKRb56eLKcnoDUR0uZtJ4xrnV12O4gDpCB1hOB2OZ8UsuNjQown9OLR0acNRvUgQ0bx8/RHbgK/gdQbLRwJLSpUCzhlqFMuEAE39BSpfL54ROPPrf6s7/fiTWTXL6494uTUCM3+x34VQrGfzreh19z46nNDfwrQD6TDGVimGGG/StbcfyNLf6cQ6t0NijfiQAV1TMne/CzgDIpq71U1kGFvr218aKL88bSFfyU79WJMAbLAQNWbp0kSuVKIql0m8kVysMOofPkLGGuvGw5I1XZXB703UIoO3ltH4qnSuVqMpPbte+7yRZxN7t9xVL1m6On5yzaCAoO6mZ2CSyKmlI90eQUBDGczZPcqcqDx4Fd6ECx3T+tpUyw1ydGmAVjKYWhGYy85CYBEs3rKoy8/yapmURQT6ZVwDKJHxFHIqQhZvqGbG5/GCKN0UQxqF4MJJHJtkKZe39ZTsvXBNM5mTsWvSm1K2gincmyiiiYADrKZIy+jM/k8rkiRm+0R1nSghiJk+HqQZmMjd+FFIlhTCwayywKKMJFxugUDSeaHlkhkomLJciSPOMyFXNACE7EcrAprRM11BVMmQzZuGA0kSuQUQKYVr9lccufCj5Dh7gFEuozrmlJoEgkkU7jG6S9uKQK8lw6qsVDmbBnhGtVajU+QCRQGt0ql5ds2HX/rKVyPjlFZQIRcvmqWbmVblduMnDvQj6TDGVimGGG/YtbtGNLp+mvn0AM5EsT54EOwa84RFWQsL29075oIt/7ygkIRCAYDYZjbl+ED4TtHp+L91k4KZrMjtJMWe6O4F2GKmVU7t6Ca3XQWY+iQTaSV/7BWFKxK5EkyWoHbcpg3xbQ52q1Dt4sTrKyXgsO6tQEUSEnwbhH3C+Yn5WXLJxop0He1IWJqAJvIJzO5GRZnUn7C1cHvzt+jkkRVnSvfc2kidFOoz5aHh8oXQCEVQzHpUg8miBZmIokKrpGeSfEEnGi0xp79CdfKOGBvrD0zX+7f9bFvpuKpoSFk5B0UvPb7MEUUA61DiJxknZMJ3qnR5SrVRI+xJM0vjrKBLCSNLhKDdALSJCSy6eV5UwV+UIRPSmqdUMBDGlnsmw8olaEyRhtE46lHF6acYsXuQCZNq1pgMeNHkIktLZMAZCXGEaSHGI8vzD5wBQsr7kUA9UN4eSVIqwUZvMQ6vFl9fgliJWs0uNLAV8ooRCKaE+yEbDPY2PLN3xYKBQr1Wo4noqlMtF40sX55HxyKsrkk8+PByT17za2Y295Cq+GxGtbdx8/cm7oxqUr7316SbnXgC7ywxeUm/4QyGeSoUwMM8www3qxTuZWqpLaKZ0tVS16G8sv1RpZPFFu7QArIVKr10fcUiQSE0IpN+fl/CEXT9x77N6QyQWmoe4iMeImZMtBa9hZPKJqZmF9NIj/TKbUscKTypDXt5aOWPwxWhkQjDymHVZOiCB4sxCa7Mv1s5eu3ew3Vau1YqnK4kyULWRgFUVsHlJKgrlCMWMEEXICh//tudWL1m4vV8jdrXt3D4hgUS1JsRZ8wYiNVxkBBhsVSMqt44AQen3zh///n5/89wee+f3GsHI3iV+qf/3tsS27v8FTAwWViwFBCtucmsKPgSax1aS8kwLkDQv+Zotdlwes8lum1D/i9JIkYOgkKbk4ycdKUm+R5GPqw6gKnkZo9CIV0KYz+W+2UOqc0mM0qp7dqYNGurMu+YJRCDNbb0s6WuACYcgJP111wRzzStErgzYHc+XqqJ3aCeabF4zEoakyuYKTrj2yflKV4oP6IhK4YzwsHUuakM7y8qDReOKBWUsffW51JEFyCj/87MrzVwfkfHIqyoQtjIhS7OC351sbL181s1UU7PV0+IZ2xdUDhweUz/EuIn7puHLTf2vkXTuOu5Qb7z7kM8lQJoYZZphhvVjL74sBMqOzjZaN+4NMHdFErqtbVzBehCCpk/y8kXgiRao6+gN2TnRwPjsfYGTRLaY7SUmDrnWYXd5WdqMRp1CYZL1z8GNCATvOzvJ9dfKeMeLWL4A2KSpayIGzuQTinqTCpHTx6LyV981YNO+1jUdPXbK5vPpv2UepMhFpztxcoYArglxauOZQpHOFm0PWvd/8MGfRBpaBKhJNjBE9o+xSNKapHqFM7LJctwp4A6HO4JwW1rz94f/8y1M79x4WpFhWzfc+k8s/v2LrQ7OX1Un0fE1+lZWbP3lp5VZZWxUQxzmNGotTQCyZaVUrVygTSKz93/1y30ySKg0cd8GKras3f9yLZmDAqTATAsGIxiiqgy0aaI28HNB1cpc2BpD7soZKb9BoLhtHF9zoaoaNzpnAVFNLM9h5v90rhcffREDt9FtIvuAhu7etnQZItXtvMDNeuQWdDMXTNhrRxDy+0El8u4VAW4IENOv0ZINOkyc/QJsb/cOL1+185tUN4Vhy3bZPIc/kfHKKyoRFlch9t6BSWtsPHD4na94ToEysSsVr3fqdlX06tP3wJ+dIbrVD248I186SS+844mRKZvjs1g8uXP3uODYeujQRmXSebtl18Jozw4bDetQ+VvPfxMa0QH4q+v/fHv8IcRKLxVozyVAmhhlmmGE9WqFM8mvlS8rtOhbLTIRB94gGJQFgbLl8OZbK8VKa94ehHCAtSK3GFCmYqDyk0YglC2IoVq7URjxSnYbJBmP5XL7g8AjRRMHp8dLMsEQkWLlgKJ6RB6NLEVLGpFQqNYiTUkEQyVtbhxA0u325fL7laB5PZaRoUsvtZ4TUm1OGzuBYrXxf2GAnVSZImDV1NGMg21sAWYRYMjknXV/lt8s3iTN8pXKtf+TDL468vnl3i6t1okEorwTxoNiIYcwXINAq9z+9RAzHps1Z0W92lcrVea+99ev5Pmxc9Mb735+40OrwEy+s3bLr61mvrDt++mIynf3q2+a7VDDyUrmSK2rm8pKiCXRAuXUcx3698NDTr/z7g8/8adrcjdv3XL5lyuZwayRPLghxoVR5891Pnnp5/cwX1+UL5VQ2/8zCDS+ufGf2q+tw3W+Pnbs1bMH4ogNyDfC351az2o7Vau3WsF3usHT7AJ210plmJ0HYAfST90swWp+wki+VZy96C1eMJVJvvrsHjxjkW5AiLYNElFsolsRghuMpJ08SUhV6TjjGYKVlDZVb1YAusTUxOYLxZs1BLeCZcj5WRbRZr1DrKfeIAVq3pCXXb5ldbDFzWNvpUQ63INpkgVty4EZiqazLGyAlaKivF/qMb3o4lkplssmMcp3B7WvLVIavQyKdKZTKnNc/fe4K9t+CTJhMSZmcvzTMdEinMunc3jPqu3aQA49ea1WzV1UmEwLmPXaVYSJUmgf8fOQ8eQExZv3xyFU2MqOuox8epoLRunX7kUPDzfE6NJUe/tMj7zr66T/svgxlYphhhhl290wf5WrDwgXT+UY6kxOjKYcQhQKxcJJTCIWTBVKgrdrGcqAKcoVSOBKLJTLpAsktRixLKjPSGG7ymhP0b8QtMUqBlol0wcV5E5mSzePziaFiudpMcERe9BIWFYoXIB6sHSUapDApskZestL0Vq+s2f7pV0d+OX+V1TpU0C/QzVRWhd3Sen9BppQUwEac3B+MBWMpCB6fGAEToj2Rhl0BGPo54iE0y9ZeyK8XvLbu/XK5cmPAEo4l0flNO/fp8EXssnhEj1+9EuLcRRtsTu7or5ceeHrxe58csLuFzw8eX7n5o9kLN+Dx/NeMReDKIHn4/MCspeDZDaoq+26NDFqcOBwaYvXm3X+euejFVe988uW3YJxDIzZFZxLpLAlX0O4hWQwpVyFKT5y98tcZL/yvvz6dTGXIy2+XgO0PPrN034Gjv/UNfPntSQe69/djuMq6bZ8US2V07+yFq6+sfufYmSvTZi+t1uolSr4hq2a9umGMpHhOr3tnL3ug2tdvonsLihwN7YBZXLyF1K7xkxIc44YBeXD2shsDI4eO/vrovFXFcpnlBmDmGI+p6DTcr1V7ZUkV+AL1XtMjHM90PgJfSFl9UhUQfs381+N5sacM5iTG3CnRH/O4L1YipZ1ifBxkJrt9Vk93JY9bgoi1kFwLE75eLPWCg/M7vSIfCOPbJ79zlnyZby+8c7vKBBgyeVSVSef2SaCa9Fy7QsSJlekHdWXSan7s48Pk/2qiTI40N/GXPrtMorWOfjDRTDz30yXiemrdenCkJZDvTWUyVk/fOH1J1FzOvqswlIlhhhlm2F0yRVZiVQQiSZNLBAt3+uJSNJXOldm6gQ4bSqWzoXAMaqRlyRRxF6vVR23eaH20kcjWwrE0aI1PilaqVSfnLRZLwUjC4SG0CbzZ4g6wt9pmD9Ekdm/I41dmE0IfxEicpbEqliqg3dUqCddet3UXRMXpC9eKpQl3L4e3qYXkaBBe5TNrVJRPZrIQLYwPE2sl3qW1LMCtydtZ4nMvSZN0j8GNb/3oQK1e33vgx0yuGEtm/vzk4s7utdAgriwB1TfN2LVg+RaamKs6b+nbqzZ/dLHv1oW+/ldef2/Zxt2FYuU+KJNSJRKNo8Ffnnrt07//PDDirNVqe/cfCSeaVBKDduLM5VWbPli0bkcwEnto9hIWQ99CKpOz62bTwiOrkxRNZBmnWqsdOHIcT5Pk6SK1xSt/eXLRY/Nfh81duH7AZP/514sQY88t3QRlgu4NmqyPP78mGk+t2fopOimF47idvz695M8zF+JU4Wj8s29+wGl5IQAZq7xwO/pumrRWzFrAiEFnOuiCCavQl0ql5YaLrtm2576Zi/761GuL1rxXqdUC4Vgg1DSPP+gSJGZOlpmADzh5v5MPCFIUOkF5PV0wyde5EqIKX0jl9qFXdWaOHEn6EMmaiXKPEulckSS3IkXhVZ44qZAohNhkyBeKbMHEyqmEfqFjisUuzHw05vzKtwxawBlC0QTGFv8b2Pm2jNU26uMXJmnxCAcnmscTICXt29ce74AyGSP5wmuK9FxWO/lfY+rKZBw7mod3USYDhw+Ttx9EmfzU3DQ6wpp9Ju/A8NmjdvxjZbsY7kVlUn/vw1/OuJWLaH8YDGVimGGGGXY3rHSXXzfJqTzDiEeKxJvLNBA8NrokEgzHxGgGmiSWzLm8omM8vQ9IDB8gNUaYadEvbEbLgz+fO3rqErhXOpe/fH0IxPqh2ctbbcCZcDnZQU2kiPbQfNdrcvDU9UW5XY5oPGml7kDKHbrghMCqzbuPnb74yLMrMrnCl4d+nr90s7JRO4YdXi0FNUbdk9LZ3G+/X//myC+bduzLF0t/fnLR9yd+A+VdsGwzhg48EoMwbc5yXM7m8WOgps9dCcUCtmdx+8OxxJ4DPw+aXWh57ebQ198eh6KoESe2Jssvlis+KcLiiC70DbRdm5LCX85dnjbr1f89bc7Gdz9WLEBtfP/zxHgKAXTgqyOnnB4Bh4D6Q5k8Om8FOi+Gop98/cPSN3dCk4BqQ2c+PHflxb6BH385f/Tk+RGra9Yrbw5a3F8cPvHr+Wu/Xx94dN6qzTs+9/ol3JSJrvywHGI4J7ZAlWXUwl0Y0ODygJWQaU9AlXkDoMJ8gOTL6mTbckRjcYVzlBTrtgopAyXT/t6D+10d4nxMLdecDmjpdBJ9rtzRDjx4TIBcoRhNZv2RJC/F7N4QLoSfvBRlUoTNjZvmZoVNqnkklo8hFEtiDlQq1elzV3z85fezXt2QHP+KkTUiIaTzdFSRSKWdNEKMLskWE+kc/h/BhUimNaq1zC4fixbDRFV8X++MMtHC7SuTLzuUySdqykS2ZjK+UXfN5N5WJunBs/9AWTJmKBPDDDPMsLtjfzBALKx8qOX9hQ82b7hWJ9mQarWam+MdXimRyeNDixDjEJOLvJY2dQS/KvDWzi9T6Vw4EicBwZVqNpdfsGJba68UTVXV3vePOL2g5lpv2c20qrpyazsSmewUlInV6QG3fmj2svtmLIKQWLbhg2UbdykbtWPIzoF+KbeOAxzXFyJLDQ0SIl8E4X7q5TetbiGeSO345BvWplqtLVqzjaqUUQfnh0iAAGC0Eoe8vetrIRDM5otLN3zw8Jwll26arg07zl3pZ4MDolkYz2v8yLOr5Jeme+v/6/6n//dDs1l6rlCkLcnq2fNXWost73x8YN+Bo6CV6MYDs5aWSuWXVr2D0y4jmqSCAWlQ9gmZ8dj81RCxa9/Z8+5H+6Vocv7St9xeMRCKDZkdcxZusDk4dGPN2x8l01noKByy7cMvcYMYT1wrnclp6VgAEu7KIFEmEHvKfRQYvYfmLH9w9rInX1q3+u2PdU7lEkgd99Z+fGBFD3sEBKTJKYxoP1YFbF4Vdz6d+j+d8Iph8HhbD85ULdDVQvJQ6rScSDgKMdZ8UwBcNzWVybCdZ35u5Py8aHJ4Mak++PxbDKY/EPxk/w/kVA2Sm6GlanoHxtkfVq4X4eqQjkxrOaivFzpAyji2P647qUw4Pghh8PlXp1pb8Ov7u76XNekJh3YcOXNt5Eb/yLEDP713cIRtxKlujLjOH/1px44JZbL109NWu+vqudNbP7xAGhFl8sOuw9es9qEJiZK3bv3wuJUTvvn08NYdbEWlTZncOHj4yDUhHL1dN75/EqQHT/9jZcmYoUwMM8www+6CZSb31vIOwMqphN6OeKRKrSGGomIk4fR448mMV4xY3X7WrkF9P2x8UP/VNXDlWv/Fvlujo42bwxaIk9c3feAPRr84+OOMBasP/vBLmRV3bMcoTXjl1AjsbtDwd5ODV+5oB3GF9wR0Cp5ogUqIEui+PxT94tBPQ2big6EDG+fTj5O2cyLxf2vXSIw+sg9ON79g+ZY/z1z87sff/HDi3MNzV7KdEHKQbTNfeB2jBG0DxbJ73+El696LJdPfn7zYd3MYOuGhWYsffnZlLJHCAdPmrEi3O8yAre7cc+C7Y6fve/z5YDSxcfse+V4tsL4xkurzS2/t+KIVSAPG+fyyt/HhhZVb/+uJhdBFZrv7er/p5dXbQHPvm7kIXT1+9jI+fH/stJMolsiOvYdxI0+8sNYjiF98+0uxXEmQenulzlURlyCaaIa3mxb1p9ZvdsVT6XXv7Dl2+vK8JaQbWoB2lVfhxDDGUj1FjDAQYSOEMOGVOzSg6s43qTUT6icJKi/J00tMCuRb4w3iJA3iqdUM10HHqlQS4BE4aS32eDpbqlSmz13xzKsb8B3BUdFEuu/WiE8MFqjz1aSAe1QtO8OA+R2kgofZiFOIJSf04Z1UJq2Qd7mZzJyy3R2CylqH3JvLwD8OhjIxzDDDDLuzFv3DF0xKpXJELTNxfXTUyoPZkvCVcrni5iBO0g7O7/KK4HkumkW0pHTQUAF40omzfeu2frztowP5QvHJF9f03TItWL7VyQc+2f8DLvDb5f4dnx3uuzHYYupSJAFSyH7tBA1/DyZSXUaK1cOegjIhGWAzOacQFNoDdrWgn7d3jDpcsdfVGjfURIN6dsVTGYerjVBBkIzRXk2fs2LI7Pjb/NdL5cqOvYc8vuCR4+c27fhsxMm//Pp7+WJpxgtrf/zlwuyF69EARByHpDK519Zuu3i1/z+mz33qhZUnz12Rn3kKIJ2kiiIYiv74y3n8uv69vcs2fPD0S2sT6Sw0FeeXHpm77O1dX7/6+jbIj2sD5lPnr+XyhcXrd+LDtQELaDF5hU9dfTAmNk6kNRYDnD94c6SZSwpiT3lhCszDl1e/+/jza15d8/7c1zYpd8sACm5xT7yJrtRqbn9ENZuCKljNQZbouRfwHWUWG0S69zR/GHwSyQ1NXPh0Va4OcsUSWSGhy01Npzhe6hu0KZqNNhpbdn+DORmKJh58ZlkuX3z6lTednLBx55e43+Vv7ba7eMxDrW+fHGiD/x/0W0KNQB3hcg7qUUYKOHIkRD6Zzt5JZXL5qlmuSbZ/+L0v0KusnAIMZfJPC0OZGGaYYYbdWYuraIS7C16MKYKqW3D6wplCXRCjo6OjvOCzuv0xUrzZ6wvnaHVFFQ8WVYC7kJf/o6NiKLpt176d+47MfGndjAWvb9r5pRgMPzR72bOL1k2fs7xSrUrhGBQFqbyuUVoSJCidJiEoXVnmlJVJJlfIF0qeQLTlgq8PQSQMW7m1Hcznvjil+KEXVpDFgVK5+vjzrwekEBMqa97+KJsrrNz0EWglmPqyDR8Go/F3Pv57oVSZNmcFBhBiacjG4cP/ffQ5SJc/TZv7n3+bn5tkFIEOMLzoUqVax1O7aXJY3SRA5YuDPz7y7MrnV2wNx5Ib3v3Exfs/P3zyyo1hKL117+zd/91Jm9sLkjri9No8xNWH6JBmQq22guVeWitQDraGg58Xfr+256sjT760rm+w6fyvChrh0OYjg8nsFcOFHsQ0rsJy47JsacrdauiMgMeBqsEnWmBaaNDGYSh6qTrfiXA0RvQezbLNin5CpXSWbsQoPjR7OeQlMH3uikAwOn/pZkEM/Xj6CrTuA7OWzXzxjW9PXoCqhL7Vv3u00SrYwkBH0m/lyGohSWWeK7AYffRzxHXbNeD/gTCUyT8tDGVimGGGGXZnTR+g6/pcYbKAYOClttgDBaxcUArHQ2HSxuvzQ5w4eAniBPQCCkHZuhsaFMdPX7xw5RYYrSBFDh49Y3fxhWLl5NnLwxYXVMob7+ydt2TT+Ss3FMfGqU4Av3E36ycq9isBWmn1+ExOr3KHLuYu3vjgrNcO/HjG6uTjyazVyXXlptFEGv1Rbm2HXwpbSA1ysarL5LRQrTIZQIhy/6AZP+e99la1VhuwuD756siwxQkSeenawLnfb4JuLlm3vViq4FpmUomyhnHjhYCH9zs8gt3dxQWud7Cw5hAtHCkHecDjH270D1scHDoQT6aPn+t7Y+vH2fZViAbNpQakc3k8VloJJ2ThxM4CmpgVjz63+qmX17+8+t0vvvul79ZINNGM3e8E8/dzd6RyphcqQFQXdQuPFkpk8cHs9uHJOkmhz0Aik+9MCtxCrVaPypyUGNDeG+wSzt5CKJYiSxwcqacJHm+mHlnKRt0wbCdpIYKxpI+WrofZOfXzJBKpZxZuhKDdsP1zqMobw3YxHD/6y8VwLLXhvc8K5fL9Ty/d+P6+F1Zu0182dAeiOsOCSwdjxJVLUXe1QapM+jE5/xsrEwP/tDCUiWGGGWbYnbJYdqymuwyQyjdbRjNjmQJjdU2bMiwdpUgUAI0weyS3L5zOkshGunLiG3YGXByfn2qJPZzzYt+tz/7+s8PjgyCxuASc/LV12xPJ9CPzVoGCZ3LFmS+tuzlk2f7J32e+sHb3F9+d+f3WfTNIcieSAqhYkqKarLSFqSkTsExwskGT7eP9R8HMMpls19FNZfNghKpx/HLQGoLEoUWVLOoDN2JXW5bBmcRQFJIDw/LjLxeS6dzAiP3c1aFWA9zO488tfWzekjkL1/3t2aUrN+5oUNI8+S4oYaG1MrquXMmhf9UBK8f49C2zq7Md+gwlxl7k84HQhb6BSEJTxzdoEFSunRC3gF4k0tmads+9Isk75xoPc6JqIdgpllooFEkKZsVGjEwvs3SMuk2y3FklqpdSmRy9ugi1gNPqD5ocLC1EJl8csPI4w4jb3xnJ0wlcfd27nz/2/Jo3tu3Z8dm3ZiefSOc2vf855NneAz/5g5GlGz58ZuGGGS+8UakqR8CkG+KP/kNl6WSqMJSJgTsPQ5kYZphhht0Ri2f1BAZ2FSvKQ6BPWjY1UAKn906UweWPD7sC/mC0QT1q3BxvcfugTKyeLoET+mCUK1coznh+xetbPp02ezl4JwRJpVJLZfLPvrY5my+EIvE1Wz59+uX1P/76+30zFoK8BmmOr5KGr5ccVJn4J6tMxmjlu2yuEEukxVBP3jjoJ5RJoVCCDKjTREmsfghDq1ljPNlxIpPvnW6ONZmxqHUjhVLz9X+dXHyUw3OKT2RhbtAsSelsLp0tCGJk1str8sWyU5ASmWyF+tcpOtk7WFrYqR3bCZylb8jOlEm/xaXcTWN1vvnh16VvfkCyBdfqHh/J9aRsNI4CjbiYlGqSg1Rv5AIg1q0tVl5PmZQxZTs6Q7JF53pKUwRli96GYs2ADfq4ydiyPFqYhOSOewj8INUznV7cu5UjMWA3Ld2X+xgw4ZOZLG5w/vIt+PnDyQs3TE7MpZfXbM9k86FYwi2IZ64MXBu04aZy+QJLeoGT66+osOqKXo02DUOZGLgbMJSJYYYZZtiUrUfU6soDO20K0SlgFxZOr3a4HMVylROToXAMJAYsyevzQ5/AbB5/JjuJlEeqYGlP0ZO+WyZwo4/3//DQ7GWJdObBZ5Y5OP8DTy9+6/3PnZz/o32kCPpfnnrtldffS6Qy+78/9dvvN5NpzauDzNl5aaRbUuNOzF28af7SzS+ueufIsTPhWKLrCFWqVTCwADRTMi1FU8y8wThM6Ag/YAEAZg2ZoYpQjBQf7HxjPUbZoasHbVmuVlkOtLMXr0HU8f6JiA5aDN43ZOeFAKl3XqlU8SSUx3cAD4uFhXRv2hvAvZkrF86ZV1vrmPHiG+98fAAa4L6Zi++ftfTAkZNawVEYE1+QVPbokZd3AqILj0l+uL4yUQXESudCSidwFZpQq21hARuJsxwfMLshUZpFDKGX8JgC4VheLa1ZgzqwDdv5ITtZesJnX8+JxYbtXgu+yLkCu+ULVweJaq2TEjQ3hm1vvvf5r7/1PTBrKTTPlt1ff/P9qYVrd0jhKAaE5apWRalSZbFDqk+hUCyv3vKJoUwM3HkYysQwwwwzbGqm8ue6A2iTKSgP1DI1AqAHKyeFYj15mzCEk6VgLBUIxRKZPCl1IkbcZNmEuHWl0j3LLF089fL6crlCa+gRr605i956851PQY/ApHd9+b1HkE6eu/L7tQGwJhBokPsT5/qmzVlOqw6qvPgHt7JzAXPPxfJaePLFtXaP7/Hn13xx+IRfVKdWClg8JKijl5YgfMwPius5dRDObHL6VM+NgVJU8lYAY/PwnNf+/YFn/v3BZ/7t/lk3Bkmx7AZd+8rm8lIk4fERygtiCmHAxAZ7W08K5AlBjDx0ESipYoQzeVJffMSl6agzWWDAGZ8etHrUbnTsb/NXm6xuqM0ZL7xRqlSgtbKFIhRIvlBUDDtJ3UaSXE1akTKQGpfeYCrTpnh1QtJVe5vM5IVQHHrG5Y/4wgno56rGoocZStWrl3obIw/xH46nHF6pVb4Qhq+ejSNlZFiRHKJwhODVIfuwg8SA9R6pQnINCyFvQFkvFb9ms/lAKPra+p37Dp2AMoF0eWz+66ve/vi9Tw5cuj68dMOuNVs+/vzAT1E1tzqWkssbUDqL5vJE/1y5ZfrPJxYaysTAnYehTAwzzDDDpmBpPTJJ0CCcciyWUR6oY13PKQfIgV0I98hdGNDW7JHAgSLReDQaB6FxcV4X7xtx+z28d1Kn0sLmHZ+Nyt7CxlPZXy9cfWLBmnq9vv6dT0GS1r/3GSgjuJrN6Vm95ZOP9h8FYSqWq2BjiWSGVkaf6Ad+cQqitSM3kQKN8SBsHMq8m8C3Hpm36i9PLnpo9jIdyigHW3ZQrc3SCTtNS4VDelmdYIzToZYGDbsS6az+yJdKZWgSlzcQjadWbPxg6RsTNS4Z2F1n8gWXIJndAklcO54jq6VSTE6vnSPF6YtkxayOQ/BosMssS8t7m2hmueUCfUPKLLcMeBavrNl+9PTvUCZSJAZZAn1Ch1HwiaF0rlAn/SJDgR46eL+NI1EW8WS6Uq1Oyq0Lt4nTlnuu7JHRUIYNOrDRRNITiFo4Cd8daDzqiTYhUcjXkGgM9RTJCmC2pHN5FkxCHtB45mWTw4u5F0umMYCXbplJ5RwhdEU3cZkceKJoH45NeADKge/jx1/9sPOzw/hGnL82dPSXi303hv7y1Gu4jwefWXa534wv4Kf7jyqOaoyn5FKMPLZDz0BK4bnMXrjRUCYG7jwMZWKYYYYZNlnTDwsBZ4lORpDIrVsM9gSiyWy53BONVgC8p1SqFArFSCQOjuX0eEmFeF5yurkpB8Trg7E4stTg4FZs+ogFRkyfuwJbnn7lzXmL38wXy1aOOAIxg0rhfEFQVZAnl0BKyynPOI5CqQxKB2pr9og2nmSJ9YXi6Qzh+jg5HwiDWbKgZB2A2AnBKPPRstHsqL0gX6zY+CC6qq8rMMIQFWCfqtwa/e9ay69YKr+yajNaQlOAyz+3+E1liw406JjjiuF4ihejDj5gcROW2Rph8kreQypvDNs5sO1svqjj1dMLwLkhIB009j1FEy10Av3BaAza3F9+e2L9u59dG7A0iCcb1JQPPWG9gtiDjoom0ma33ylIYii6dtueZRt3zXp1w/m+gbmL9eqftAC5Ze15nQ19CEQSeo9QBoxqoVyOpbLQKnhwRPV5yF2r+ul1BS5NUofR0HmLJzCefLlpIk2m1wsEkUjQriIZl8vlC9PmrHjgmWUPP7syFE2s2rQb4vCh2csP/PArvgIJmV+lakquMTq1Hl+wdtqc5T+evlIoFg1lYuDOw1AmhhlmmGGTNf0EXMmcsn3vFsuo+5Z0gg9mdCmxJqq1uo2Ik3I8nozHU4IYdnFezuuzOZwOl6fT/f0OAuSJRSA0qN/Xhvf3/deMhfsP/YTtsWR60Oax8oTtNd/0cwHw5n6L266dz1eKEP7UOsRO6o1UcoUS2Hwqnfvh2OlXVm/7+uhpLdIGOm7nRZaqldFBlvVV2U4NDeLu4rXruvEAnJ+oHbNL/Z16NJnumloNiuQ/Hp536abJ7OR/vzawZ/93FVJXXu+iLVANCJFWL1eq4UhsyMaZHHzzhT1jwHTQSFSG04tOxlPp1sLFpMAqUeKEAzZOvmjWiWK5jDmAO2C3gEcD0WUhVWs4coamm5PPxonBcOzclYHLV2+BHydSmUy+MH3OCnaSBs3C3HZeGUxOYURjwDuBDkRT3bO3yYHhwT3ieyRFE8SPrme3q040qFcenk40nsIIWKlHXHMqenxml5ChS0nKw9pBDwz00ge0CUcTa97ePXvhxgvXBo+fuYJLQ5mYXV4hFKclFP1Z4qw1NmjltL4L3x47d/jYb5A3C1ZsNZSJgTsPQ5kYZphhhk3WVKkCNk55qURhvbh1jXR7166DWr3hEZP5IklIJIWioUSZiRPBF3B7eKvNUet97eY2AGEQjiXBmOUbQYbA9T3+MHmpP+6SJG8gB3OAAc1lFHyM+q7MemXducu3jv1yzuUVIVHEMMlINsaWEegSSigaH7R6iJLByen5IYHArU2ugEMIyuuO6wOk1uIhJbG1FhzKJIaYRoRrLEa5/ZFctyLl6PCWD754edWWh2cvvH/mS39+YsF//u25P02fq2w3GTRoIT8Q32A4Cq0y4iJahQmDVsFEszsArej2h8tUCJF4arbapTwZwdUhG7lTXsrl1O+0BZuHJK1Wbh0HLuLxk4UIdACKZdqcFY8vWHvi7OVACCIuu37bp4TKY4ZUqvfPWqraExZ04QsqC7prATo2V+zV70uBMq0Eykq23z5wO7fMLiZLrgxaWSFL9iuZog6vTwzRZ6EMd7GTpRvNIdVCnga3/HDygtXhwaAlU2moU7Zuw67r9rUFaDXo2LLxf/rl9XgcN/qHDWVi4M7DUCaGGWaYYZO1zjxanW1u09QJoAxcoFdnDy2E4ulAMIbrhONprxixOt0OlyedyflF4tklBlXiIv5INEgZFuLiFQgrs2O1ADmBBp1FrC9fH/r0y29L5eq5vsEFK7am01neHzI5SWAxJV7Ef8bO+cPxlC8Ub9EvfOBpHYze8wrUyAKUhH52HoKzmt0+i9unn5i1K9CrW8O2S1f7B0xWu9ubSGWoPug2P3SBwy0e0eNrcwFq0HCdTDbnDcadgshSArARa5mNJ3nAwJJHnIIQCGIAM7lCvliy0Jf9/Ra3fscalEYP23nljnaUKlWoRHwg6aRK5UKpJIZjv10hZSj94QQe2c1B85ff/XLqwvVUOisFw/JrFopl9KTQTe+1EIyltYRlV8SSKYsnoChUr4DLH9EfkxZYeAyZn7zEFpSIlq6PptIZ6o834fNm40iOr2AskcrmSxV8BYLpbMd/Sd0QpDNWMZfwGU8TD5ddyOL240LpLFGbnx88dt+MRXgie7750c37Hp23atjqMpvNTJbgg6FMDNwZGMrEMMMMM2yy1lImlMyRXzvb3KYVur3GtXtvi++OsRfnHom9B49E4mB4dogTpxsfIFHcHJ+67WzCtwPoChI4LoR0CuqRJE5CKFdQesPbHO5H5q069VsffvqDUZzK6Qux1QCTg4eBT7M4Zi4QloXcE1c34t/VLXpEjmGa43XYwSsOyeSK1D1G7OqNo49sLv+naXP+7f5Z+Pl/Hpl36txlZYvJA139f+y9ib8TVbou/F/d29O559zv3NNqa6uttooTDuA8IqI4j0grNIKzOE+gtIqiOKAggiCwp8w1V1JDKvM8Jzv7e9da2UV2pVKpZGez4Zz1/J6O2VWrVq1aVaHfp9Y7gMYI6zZGcxvvhTEjbyUDdFp0KiiCWRwUu9dV0GQSzyvYbr7d/3U6SLKsWfo0QZSJv/+aCUGmUAJRBD1deN395PkEvPD6h6ykSnoimc7s2vPTkQnfvU9su+q2x1bc8vCUN1ip1sh586VyplB0GIMFkZ6s0O4B8wP3l4s4aXgGZd21brQFPEJED8CEd98XpE+wx5cQ0eHJJJVSkIBBuQ3U6SB6/IZ1woQ+mT5LkfjZ0EGQkPVAopRAr4IgAWWy6ZX3L7vp4UtvfPCsFXfd/tBmXY8RZQJfqDKhGA+oMqGkpKQcgZX6XKJn4xiZsEnjuQAyijNxZ/L0Bxzv5TUvr0NXuUIxFkuAOEGphENsOpPlBDEQZFhJaS6MaoDGSv91jLGgjVMDgUkUTTqdCAxQaGMppziLXbaKpcor7392/T1Pb9j6zsdf/JDMkqyv3Q0RAqJmqaaHsrtiy7t7owNgqDOo/CIyKM2NYEqS5YWuhiPi43/tYUQF1FepUiuUKr1BySOghV2e9PjJQoS2IGUlu7cg0TI7C7olky/KmjETkuDaTZMakQT8SNiG5iMg/MrVGhGBRPNAg0RywHlBHBopFPGy9c1PLrv54RW3PvrDT4fOXnG36WR4+4ObYCr+dv391Xod+j/v6ns5WYGWMDbNSDz6/BskURUuRNk3bIaMR3ZdM6QXHkYOyXoq57ReMeNYZN0EjHMGr1TAZCrGAFc0uCYQYMgND0c6EbmI80SHQW1aW9sB5oWsmVgAkyUq6D4SOV1vNmNxVAaeDRvlWi1bKIIyuWTV+kql2mg04VdWqTZNUmVCMR5QZUJJSUl5etK5SDrYEJK6wI9lNES0uKzGfYLewD5RpXIlmkgbsbggydFYIp5ISuEIwwlBhkumM1VcFCJioKRe5HAQLR5OhU7AVKpUa4sfD0EQp+oqVwdY4XA6v6CCida98fX3/rX63mfWPL51y+sfnpgJwJjz/St5g8TiFasx5+eRjehQAcMCMCslFdlzLNYz+WJ5JoTiuYdK2ZTOF1O5UrVmnUOGE5/e8uZMgGOFCKimYcsF2gKl5Q0b3bmYbAFPRWBQsrJfp4NB7GX02wwDhn42l1eMJMkGBreG1F4k9LDh6RDSMHBe53UkOG9pPvajjQMbkFLlTt7lC669D+b8gmvXtfGq17/27CuWK9ff8wyqmClEwIa+8Lp10ODld/91/d1PnXPlPb9N+j/+8kc+fFIkoBihEH/3o1tKlSr0/+V3Pxf7xAI5AAVmhA1eTZB6oFo8ky1WujMiwPDYyMm1zUCfbAdtJLA7mdNC/TPR2aKN/ylIpDIhUfFy4YCoe3gtls47uKjBITm8ZmjdAT/taAK0uqcncgZGyId1I5UFHQifIAWJvxlVJhTjB1UmlJSUlKcnB1r5YILky4MaDUK+VPHyyBAMivosQhulEpZ10Bu8KIVYTlF1PRoLhFjyZ6FUhvOaY2PDMSOV41HAuu4X9aBkJFMZEiu94DTDAMxWMI+86CyDO/GhtE5C9xYwMXMgDlC1jAaMdtNLb99y/3PdDboRT+d67UU4isFV3l2mwJrDY8beNTCT1QD2boIJdDH8k1DjGTKHAclIJNPobT/2SXr5rR1/+MuV/3nRDf91yeq/rLgl4u6luDPAeoYLLPQXbARBUXEOooABmtE703jJCIsI5AxWazRiiRRItWmccqrLDQxlnfKy4XT/PGB+Mdo7890OWrc88Bwce8Wtj8Hnnn2HQY3kC6X7nnrZSGaf3PL2reufB9MZdt22/nkhot35yJarbn/8wuvuv2T1g/BMzGKTHW7xdXc/dfXtj8M4Yaof3PCKmV06iqLtB2g2AuJVhdIDNFsgLOFisZaLghrJFkpw+6BnkPFm+34Zoiu1+jEvi2TJoFRv/QDTCMOA+wVqEHqDMQSkaDJrv5gDjaMoLYR1+xzyKEN3U0/YLFTC/YJdghqHOTzh48jtoMqEYvygyoSSkpLyNKSt3WBBNJnvZ+sMBbTyIIKB1VKjcT2WzJfKJAtTMpU2YolwROEE0SQLn6IUDLFyNAnGd+/Lb+JqIutJQU24uAgEGADYdvFUZoaRgvNlN7I47nYgAoICSsm6FfurgHl6wbX3HfMwl61GtVOsLTCq9YbtHJJlk6ECTox4koycmJhwoKQMrjJhCzgKhFUqk0MyrzVbbzSqtVqlWquAATiOtGlVnDSM2Oj90MaWt5eVrTu6MBUQyPWCPnGeKCRXZmdBtgkK9BnGNn0nWIKkx5W0BBjls3iFRNJdZXdA5nijueeHQ+Vq7acjU8cnPKvu3XDFrY/W6nX45CPRs1bcBdO19skXU9ncoRPesy6/C1rCScG2vu6ep+94aDM0aKBqNkn4wktKsYTi5n8+5uFEpMeg/8tuepjMEroLC1erWijGKernld4LJxebyhUi0USu2InFb2PFtbBhB0emg2SR8NCk2+qKvYCTorgXabCeL5arts98A62koWzdlh7aKF1eA2V64CIzaNUrimRYBN10qkwoxg+qTCgpKSlPQ7pBG/0bXiFeWIsHrximC003mq3ZRBJJFDDdAqzAcEIgxHr9wRAH31FQSpBho/EEmDsWoxlMN6+dZjCBxE8mF9ZipMphCGWqRS99jWTWx6s+welYE4ys2pZHxCbpto8+//63Kf9TL7zdr0I2jCGWTNvacjNshBhq1h12mMWlBv18pNlq+XFKMdhyy7pn84Oy6A7Eytsf/N1ZK353NvCK3599RdnuHg2LaCwRknVn1dTGMSHJtP28zWEftsB8tihRdYoC70Ub94+ESgQFxMNNh/GgZ0DSpsG4joNVXxpoYXeDNI6ns2/t2PPqe58///L7u/b8dO7V987hyjkgP57a8vbfrr8fGuULxQAr3vnolkPHZ+56BHlzvf7h7nOuuLuAqhDeB48NNPPiVbhWq/Xny+8iPU/52E++/LH7jFwEZ9eVnB6PeKZgOk1BNzG7tQhoQNzhGLtcDu4B44wn0wNv6xz2YGTCNvkzQB+GJN1cMCkjGYniXkgVVBgkkfdwIrhBqJK9qFFlQjF+UGVCSUlJeRpykHXRQbXejqUdK9K7Bq7AaPMmdQ7boGCmhLU4WLSqHg0xHCeIvkAoEGJCLM/yAoqVD3HwPZ5Idb+Jn8G5X3sBxk211iAB1sQlJohipiWQRqRcAyNpIdlw8JU3wYVR2RPrVuz8c/7K+4J8GMzNc6+6p99SQxtna7U1grVoHCzmgOBUR6+NPZcENe7BUeCkMYkIr9Wb569c63CsS+z75fjW1z+8dd1Tq+5+FMTJWISobsQD0oJqFb1AdwEF23R8nHqhx1Pk3uGLHTH6ZRaXrzESqemQFEQ3vbOQEpJQ+FChVOl24nJGsVyp1Goo4L7ZKpbKfi6887OvYTvcBbhHf1/94Nonts3h63r0uTfg2bjohgf+cuUaJZp44p9v/f1G5Oh1473PlMrVS1atlyKapCI3LWhDZumHg8cPHp3qPh2IaiOZMbDihTa9UUmwMdKVKAK6SedtnMTCepxctV9Q3Dzw/QCnS+cLWJkM6ERUYvEejQTDg2O9XLhaq8N0wc8KCZX5AqYwPC970q8PzgV3PGKkqDKhGD+oMqGkpKQ8bZnMowKOzqaZrWPGaABVEBDVimPofRtn8VKjiRhWKbwk86KEUgznCpIaCzIc+TMQYqVwZIZVSQHyfLEsqdGpgODhkfVpGqBeVgZrvtfVCttJUTDxBwaRR5NZaGn7nhjsPDBSBUn5eNcehyD4ZquVzdmouzaOx0DDCKEICrSFVOxuNCQsRfCb/nlLGhEVsEfeaHKUDWuqkXz8OVQZEGzWa25/1M+K7o3sbpB4ExByIHUuW9WJPF4kpoMiDN66tQvIzM2QibXeGgJocCKA8tWCnPh1OmjdPSSgt6mg5OUicKnJVGYmJKHyHfNzC9/hSYCnCx4G4mdoPR4D2vh5JW6X+KuN/b5ICAdY3rc+8BzpYtLHfP3jrzet3XDnI1uaTVCS95XKlZV3PgkqhVdAdKBQ78tvfhhUzdkr7jaS2Xse33rV7Y9fvGp9Olf4+rsDsWQ6nsyQIpTb3twJ/9m7/7fLb3mEPLTN1iz8NmGw5JbVm83ewjswsAk/T9QdCdRZDEhlz95fkwWg+S2/FxiGgFNykWUTMu0BXBMT5jOZzTN91nOoMqEYP6gyoaSkpDydmcgPKAmvxTM9Bs/oAIOMd6zPQADGVjZfiMUTuhFH+kSUWFQCRY7Fk2BZcoIYZFDEvI+P8LKCfbQU02WlY4eFJEWP1esNezMTRXqg0nJ6bEAGVRAVoT5V2AUlClbj+SvXnrXirvUbXrbungdYaQ5FLcBWg5G38av9dDbHyhpcS0DUifcRepeMXy2rRoIETiDzjo/kCqVfj3u++PZgNJ5+esv2Fbc8ksnlhYjN2s5A7Pv5aCdrcLn6b+ddY4l2GA1TQQFuinVrF+B6Zfwuv58MACOYOPlMBgRbJ6WhQJSJf35IOCKlphgJeEhC89m9gqIGDbiwHk2g4pi9w5phZJBbNTspWyhXzCPgSyrVcVETw+pL7/zr8psfuej6+7/76VdQJsVS5blXPgQVEdENI5F6cONrmpEAVXnhdetqtfr3B4/lS+XvDxw9fNxz96MvrFrz9KU3PfTmx18hSR/kqtXadXc/hUthos4rtRqqljM7Cw3gzzJIop6FOzgQxkyUQDztzomzP0hig8p8KH8/hKPJrtkAdVGLGEkyDPORZmSdFFgEBHH+bltdTZUJxfhBlQklJSXl6c/eqvMmwGII2XmNjwawkNKZISykNrYjwVwzYmgVRY8aOPKEYzih2WzWGw0vK7OizImyL8jEkmlSlxC9HbczdLoB4sc2HteCNnY6qvas82Sy+fue2BJNZl589zMwc5984R1LAxOoBzt/MIJ4Mk0MR/RJajVykaAE9mqKRGx3N54KIIu/jetvXnz92vXPvHz93Y8fnQrAtfhCwkCT0RZbXvvg1nVP/ceF1/3HBddueu1j59lwCS+PvNSsW7sA9xQ0WEDsq14mfOhNP3paHKt5uARcVFBE0SbWHWS5o4lKZyBfIxI6j6Pn4QsY0JKeKOCEDS1coSUStU85ZbuM0MZJsWZxMjpQsMl0Fk50dCY0HRSQS+Hc3C/Hvb8cOTGHl61A3MIYQLrs/OzrWx54btrPXXbTw8VKpVytgmiBY7e8seOXIxPnXrXm8c1vqkbymjue4MQw6Lfjk559hybm8JpJ78re9HwpmBN+3rJrBOCfjE3Kte0ffbn/6Az5XizXiE4rooooqBwKuY8e+J2GDXikWwsTpsGYYcK7Ey53gyoTivGDKhNKSkrKM4K2JheBkcr1muYjACySsLaoGimz+IV0PJGMx5OgUgRJZnkRJfBtNDXdwKXlZbD8Ki7KBZKaG2B9Otvibez3ZcSt2ZzAWDx4+FiAD39/8Fil2rhx7bOWBt3wcJp5DmwKoySwqIzdvGeLnw+DFdvqNS0XwlyLgIZguQZCyNyE7w88/eJvUz50uOO19ANYiyCuypVarlgerQcLQHKwfWxNglqjCRfi6ZOYK1+qEIt2MbmkuoGVCUp+YN3RgzZ2qEtnc0SlmIZ1QFCQQK0Pof3QSSW1tzQh3CUllm7jCHhyw+G/K+96CmT2RTc88OWPv/599YOpbB5UShuFW9RXr30WtIeXlT7+4gdQKbAxmkhBg4tveOD19z/f8vqOy2566IJr16176iXLvWujnMso98NkQLCkEIDzDpTuvYDnBHpLLFx7gW5AU+GVnDb8poJY0Z0UJIwE4srBZ0+PxkGZ9PMhpMqEYvygyoSSkpLyjGC+k33UBmB8MPJgF6x+gMOJGQT2aDpnfeE6AlCW22rNiCWMWFyOKCBIQpyYSKYCgsrKGssLqqYPNLvUWJrBlpN1x0IQZcIr1ssHOXTnQ5te3L5jYiYEsm3FzQ9aGnRDVGI4fgG9Ppe1GAp8n09ePB2SLKaeA0CZmOZ1dL7CeqPRPPeqNaDNPvt6f7dbkXvkCiUuYohqbHqYLMYOgBmDG2Hd2gUQQqBMpucDbLoBAwgIETI5M4xNgxHgXpmYALWQyRWDkoZC5/HNQh5HA5TjArTxWlmvMoE75eWtI8miXGFzz7/8wbMvvLXyzifTucIF1943hzN9vfL2J1u374B79MKbn1x640Ng5f/z9R1rHt8GN/3dT765/+mX/Qz/yge7z1pxF/wu8iWkLdt4VQ0OIT6BIPBKCwPocckXyXapzFd65QAAVmpJREFUxwFk4SieXlDcvViu6rEk/BagtyApLNO5d7KBg2S6G1tQazQ8jBwQ+2YipsqEYvygyoSSkpLyTKED6o1WKp21Nx9cwCeglD4iKio/ch82aOPUVfF4MhZLsGKYE2VFi+K6jUwgxPZ7U0vg5TWwVrN26YwsCOEg9d6a1kYseei4B2QJoWUvAVJls+0Z7NZiGm0MykQkg0lHvHrcg5GQpOmeQj9ODhZPZS5YeS8rRB7c8OrN6545udsdEpkcGdsx3xiUANwU6E0xnAJ4eCUWkHTWLuIItKKHQ0pgKiTZhveMgBGUSTfgcB8Xdi4K2YtZbMfDY+YXo0HJSKQzxD0vky8GpL7efXP4dAAkMsF2r9XzxfKKWx6B3lbdu+HG+zZCg1vXPw/b/3rNWo8vdNnNDxfLledf+fDsFXdXajUUjIQd0tA6z3zkFcxzAheuMddJrr/naS2auP/pl/YfnnD/k4SW5WoNRlKvN+Dz1Q92g4K6/OZHSuXK+mdejiXTcCI/ryCXLXc3jgHhJEc5uW+ODapMKMYPqkwoKSkpzxTmyk55ukQtEewfL+EMMH5SmdwIDiTukS8UQaLwkuwPMhFFjagaL0pqLNXqURRzHevZCEl94xy6gYxLQatU7T3EyOpHSNIsVwemW0Qz/CiWvaNGiDjx8aMnb+1VJm3s/a9EEy+99/nqtRtuWvvk6jVPTvr5xMIX287Q4ijWBSkTL2PdNzzgwuEys1knpTsVRCUUe9Mxwc2C+SGDESN9DVYC908TUSZB0WkZxwFEa/FDJhgg7oKp+XLvs6Q8Yrbg4TUlZpPgywRoEsYuUTJRLPDlwOGJDz/dc82dT6hG4tyr1sCE/+26+ze/8n4bnyJfKit6DB4VMo0BEVn/OHgGPYGcEitWKn9fvR40RqPVuuDadeVKFSXd4sMVrDpQIH2zRZJrw3aQQMl0Dr6nsvkN29676IYHZC128ar1uULpuVc/BlVMyrkE+PC7H39hGfBAkPQD0yFJVqMVFMDfJZ4wqDKhGD+oMqGkpKQ8U5gsONU5wTl/9ZZDi+VGvljUjARK5MULuoFi5RmOF2SbV90k/2nBXZlCHx8Bu7ZfTUN2PolWd6w2WHKspJHC2ya9HEiVxGLkWa8yISiWKv946f1kOnv+NWv3/HDwmjse2/b2v9z76oSjcTLC417Wum94tHDx8mK5v3fg3JyHlRkcD23ZHktmSAoyXGVvQFBHNJWzzZTVC7gdouK2qGUv0BXJ0VTGJvWzA0gmq955ALGacvRpjKWycGC/0AsTyUy+0Wh8te8IXN3frr//nV3fmrtgC0nFy6DYdyGsRn1ceIaRYQYENQ4a4MLr1lXrdZg9UCbw8Lz+/udnrbh740vvgyxZ/+yrr7332T9e/gD0yVs79oAaueymh0G0/PO1jy5Z/eBX3x/c9PqObW/tYiVl02sfP7Xl7YtveADmB3jV7Y93jW4wQIeYq4ioADyvhETkjZkroPo/5BmnyoRi/KDKhJKSkvIMokOSrjni1iIMDuFYRsAI44mUbiQ4VPZEzuXzQYblBNFiBIdEJdQ/Za0FpGKjWbvaAi2e8eGi7CEctRKNJVBo+7zJhTZyajyZHnmdpBv9lAnguCd0+c2PNBrNt3fsfvP9Xdl86fxr1uTzxd4Kfb3wcChOGjjZJ4OTy4kiyJfK0JXzIWR+erUTmNEde9rHWXb1ggnH+slFC2AsYJ2PrEzgaWFcPy0mMoUiusae+w7KpHc9xATyAYO7LCjOp2vjNNMLt5z8nsoVD00G4OzwZHY3a+P4fhjSX69ZW280oon0HQ9tzhdL5119r4+Vb7jnqWy+eP7K+3LF0hW3PloqV0CZhDUjosfe/eSbQqn8wvadV9zy6IpbHgV1DdrmklXrK7XauVetIakXhk3uDPcuhCsOgVKS1SjK4NzxeOx4o4UklSoTivGDKhNKSkrKM4iJQe+F2UhsqDjgUw8wkiqVqiRHQizXbLZKYChzPC9I3W18gurjbdZSbAGWIthJStQaykwAppsfJ27CqWbRd1OWgF0oq0Yyg9IWWQ8bCQ7KBGV8MhJTAe7SGx8E+zKZzl1zx2NvfrT7ylsf2vXVvqpjQuEZnMEJeGTGxpur2Wo51GPpRTqbc7bj2/PKxLJ8BBYqqWECVAxrMrRenDJlQqRp3+uxA1LIqQyumG49LiD1rS85hyfBxyszjGzdsRDVeqN3xcmEoCBDH6Zxyq66IpwdpAioow/+9e1n3+zPF0oX3fDAzfc/97fr789hZVJrNK6+/fFiqfLJl/tERY8l00/+8+2Pvth38ar1mWwOGkAn6ze8gjppNN779GuHe+0A+F1gMS/PYVe3crWmx9OyFvfzCtwp9ITIUapMKMYPqkwoKSkpzyAmnKIDOvDy2kimyClFNl9geSHE8nrUAFOMFyUzlTAJhIho9kqjF4kkyuIVFK0FOsDoZJE3P3q/G0tmavV6ROuskyDbWrMJ714kInoM7FoHQ9AXEqd8DDQ4/5o1pUrtohvuf/S513DqpM1w1T8fnXrx7V29ZvFkoFMmfCokWHYB0vli0DFi2wI+gmrV9x9jZ/79gjUj028ehgzjhI93uEYToExyS69MiI6a9AvFYqntZlgY8Gz4uHBv1inYnnSs50NqgGixAcIMLrw3JYMJc+nJtqoMDOmHg8f/+cr7h46jIiTQz1+vWcuI6r6fjxbLlQuvXYeUyR1PVKq1ACv9dGS6VK6seWLb3h9/PfeqNavv23jd3U+RTkD2g0DKuMghYQsurAdFTTfsf4at2dlarU6VCcX4QZUJJSUl5ZnFgUAWedhwMIxOE8TjiQAncoKoajpSF1zHVUnHAd/O+Uy7gcs4RL1sZ42FlHf0ChqJKvZy4eR8ze85ZC5HQTwwo6YKcIZuJJyVCcGvU4FjMyHk+n8bypsEcuX1D3bnCiVZicaTGfRSvN6c7Sp+cngKef4AfZy8oCMMI550r+LmXKwwkAjv6ZDUvbFWbxBFd3Qm5LIWJ6/E9YSrQP9FKRNcapOMLYS9jPx8hA3rYL6TObS9HdVafYaRSfGZbuRLlV5l2A1yiuogHzy48F4/MYIsShaMRusXVJc/0kajCQ8GjLneaH76xd5StfrlNz/C89NotuSIBleZx9UVZ3HFSfMouPCQBMJ/iGejG1NBycdFGo4/Q6pMKMYPqkwoKSkpzyy6gV/URd1d0+UDmICaHvUHGdAkYHvxotTEUcUsWuXQ3UeigzUWAmXCK9Chkcz5+HAI12sPiKqXi4AyKXfZkUQ86I45c0eGS2UCoqtcqemx5IZt78L3b/cfPXjkxLuffvPIxlfe+/TrS1bdX6k1GEkNa/ECXgc4PBWcVyY2Hm5hPa455pKywM+Hg5JTFqwUdvfyd3nTgcnLiJ2UXAEhMvACCYZSJhE1GnIcVT9U63UYlYSq0KDsXsTLiERss7IqawaZHz2eSqRziUwOprRSqyezeZCyfiEyL146CkYzUg4PXhsXz3H2hSNQYpl+Cic0XyrHyw2dBQ4uFh5m+DSFq8NI2qiUpDaaMoFOQZaAVnQe4dIpk9aLW3Z+cMKaG47ifwKoMqGkpKQ8s+gSGhjpZSer4nRAqVyJx5NBhkum07KiBlmhVq/7Rc3D2ni59APxPgrNF4jwcMpMSDST24ZQVcGTL+MDyC7XPWy4r0G3CDCy1usg1AvYL2vxaq1RKCBPm79dv65crp614u5csbT/8Invfz4aT6R8QielGOiriUDH+UdSjd6+B+aSssDLa9C5dWsXwCS1OCx5uLAXz+dUSHYw3C0YQpmgRYa0s16yBUw1zCRaApofFXzJFUp8JDrDyEirSGpwPj+vLUEDw3mBfkHFFTb1oBBhJYWTdZgB0DCmaJmbTxnn46wrLb3g1YTtYwDPqnc+nwE8LYIaZ8KxWqNh19YGXlz5vjvLnAMWpUxwGUpZG1DgaEmUiee7vRu37GrOBV79caSVzejRjZt3bj+4QKy/uHnnDuQaNxgbN++zbuqPz7ftdP0PMoVbUGVCSUlJeWbRPVCerv52BewaKnJ6iQDmuKYbDMeD0cZwAmI4mi0Mjk+YnW3LahTVI0eyxAiK6nRIJH4yYJB5GCmRyqBKDhLaWyiWItEkGOWmSTrDDkivNAI8rI2DUC9w3l4jl+/Yl8T09bHhTa98cNfDm4nd2UZpmlDBCtQnzi2G2cmJBBcCF6gZiUazBXc5Xxri5TLY4jN2xd1N+DiUvtYMXm8hY7pT9J0LO0kaC06BMmm2WixoD9F+zjuiAqOFc15B+2azVW80RTWGHhVJTecLYLsD4buPj0wGBD8fCeBa6eRZ6sw5CmRSSH4qLytn8gVU2wOvt1jPisFG7G16s4yJjw+TBvBZqlQj0cGLeO15XzLndQwT7UUoE1LsJZEe8M/NeJVJQ/Ae//y9z0BXsPnW3CKUyaatOze+c7x728YtS6JM9r6xc4Bb35mG0swB66ZTDqpMKCkpKc8sukcuXzTSfU18sKsSyeVXJmDdhbUYy4ugIuATCEqj0T+v0RyyR2fVWIqTdVRFUUbVEmc4ZFaSZKagDbR4plgqE7ORWNVgbvqxq08QF49j0MtyQ9Fj1q4XBw8X8Qv2VnI3DFQQw+oRBH/CDEQU3ZKnCy52KijiASOPNdAV2DxFfwZEHa4aPkXVMJIZUF8OkRUExLoFVWPd0QW/oHo5pVzp2FyxVHZe7+mFnuofDjgFygQ0RkBQzBAj9xBxGgAtniLT1cY6kMRpwDSmsnkPr0EbuJvYSQylojK1SggtsCjwXEmKLiqGFkulcsVKDXlYmVIFeXxZz4lAkgXDTP62MM2awy0z0ca+ZKH+FdktaC9CmXSKvZT6/utBsEhlwoEI6eKeWL5bYQe2fHqcTTqFudgjenTHMe8HW3aaG2onvt8fODouZRL4ctfQz+kZhc9fOzl1ywKqTCgpKSnPLA4FIWJU6vZGT66E3iJbty4HwlpclMJhRQVbys9KATvjHq6hWq1p8bSPx7EEyLyLzrDILkffRXWGkTycanHuRx0KnbfUHjaSzRfBeEznCqQHkAdcJOrePWkgQpLe7TnWD6Sgisuzmv4/YM6S+1Wv18uVajyVZcMo+SxaUelcjsEguYIck3x8mJFUSUtEE6lqvWGKlTYuly6ofSVZG1vVIF3MWQmiflCpxxND1nk8Bcoklkihi7ULv3EG0rHhaGk+HZwFcO2x5MmsCQTVWg3ONROSUB5qPuJhwwHsLdaZeRJ/L+l4PCBQUVFCLqzDEwtnIeKnOp9F4ISPq1TtT+2Aji+Zi0U5AqJMQn0WlHrRxoc0W61oMgtTCkONZ/Kglh0e1EUqk8BCZWKRBHjvtoMLN7pAFIuQ0IFdAaxq0se3b945N7OPKBNQKZu27xMSsQ9e2jmJZbb24+4fPt311UFvAD+rZBg7tu0Mk5o2pcDGl/YGQsyWLTs3fRqYm61+9cZONpvJZdHz8cN2YsRH4cumLbuPTXh3vbZzL3kaZ7mN2w9As/DEvk2fTuNNZwxAnGzZM7hi0RKBKhNKSkrKM4vDwsvb114MyuNPmzsams1W1IhzggiWd73RDLEL6gm2WrMknRTREmBTgi0ekpEtiLy2OKVWb2LDD0VcdB8ISOdK2GTUAwt3gT4hCxHE4p/tKWoxAojRL+kD8sm2XaxadANNyPySxby+WABi9ZKpA9HFhvWpoODhUJg7fsXeUSwh7I/kxzIGPpPpDCkNbrn2Ng4wiCU6VwF97vx8b7ZQLFaq/UK6+0HUkuGoq9D89vzKjHXHIEwF0E10GXfRDVLWxnY+53DREnioLBvBRodz5Utl8xgy8zAt8ACDbECOYbF4gI+ASO4IFbLM0uUVRh65eHpQWSI78BHUg6i6/dm2sTKB00WMlO11wsgL5QooKJBbQVzblAyVjNMcbUjSQEuTRUhLD4tUJku2ZoJEiLoRhMTcXOrgno1bD5jK5CQCB3b50X9BmWzcftTcjJRJ3rtxe0cRBb7cNYmDuFA/mz+bw2rEVNDdymSvhodamt7yLZImtWN7OxIF+ZINWIc57VDilnHlhCoTSkpKyjOLwwK5NlVsalr7xaENwSUCWDxgC4MgKWHrhxelQrEEzBdKRjLjQy5MRJMowICko7xbaFkAeW111ykP9FxRREcv+4Mieo1t2QWmpBmLHHSRUGsgSCB+bJCDXBsLGPd5qIhfDYNC4V3E1mPvOBhJuVqFqZOUKBcxfPOebKZQwQHfCnq1z0eESFQ1kvF0No1dkkCqQINiuWMivvL2jv/z15UXrrx7+8e7F55qMORoSnatTNJZtJBl3TEIM4wMo3Uo2d4PQeQHaH/TYVuuUOzNlpstlOFc9Ubfc8GBWKi0YcJhhrVYSjGSyG1MQjnizBKf8N1lsmALGBTNj7q17uiDeWUS9aDAmE5VE3g8YLryhSLcdC6swY+IKNh57Qq/FJTiDDb6ODmAnNk6RRXhaQnr8Xg61y1lF6lMEMCmJ8ok1mgIE0d3jSPOhIgQtFSCYt8/QwrBVCZ5cf+evZu2oDOSLaBMJk8eDMoEDcD8c/sC7YS291Mm89uiRBHlDu35YX74SBqdUchN7du0ba9166kCVSaUlJSUZxZHgJfXcj3vlX3CSP+/vwQASzoWT8STySDDgjgJCp14a0IvqojX8ZkByykohIt9oh2CkvV1sp9XSNS7HrcXDGE9Sd5wg42+yJWTFiqrYvS+a+8GtnoLYCz2Gr79UK2hrLjAKWaxIfu1Wr1UqaZzBVlFRT/ArIe5RasoXbNNrGeUqIpXypX6WZfemCuWb773iUQme9WtD9WbTbBoCbPZXDfL1ZrJKk5pJespINmSzeWhTSabU2PoWFFBwfRAVtaAIVEJIvcqg5UUsoW4QgEFBQknxFjKci4YTBBnY+tWpy5BdJrtbILtLurJXh8/SYvBudw8JPCUBhbWZoHZUI0EmdupoE25TDfw8epUULSEIRFEk9mIke5ez5mbVyYkSV0IJkpEwt6Ms8J3WZkKSvAwgC4tY5czcqCeyMDe+rzeAzGmxZJEBOInRPdxYZgNJGUXr0x2zC+YmFtIbq7SopXJ/nd2puZaG187jJYu5pXJi6BJ3jgQy2Zy4uE+ymQn++PuH8gCCFYmOey7RTjnWpnMVZiN2w82Z6up0MFX9490IcuGFsiSH/gh8v2NF1SZUFJSUp5ZHAEznFqqLbCo4I/AMIXDlxSZXD5fKIIBxAliOKIKES3IS2BLAYOiMoELZqN3t6IS1uMO1jmvGN17Z3GlOVRXMWyU+4gZaF8oVQI4FoWX1eJ82PcIALuwN67dAmT1qshCdW7WjXKlRixCsGhdHzQA5O1+o9kEoaLF03xYh7mdj6dXSfJlBq+cnH3ZzfsOHf/X1z+VqtV/v+Daar1O8vACA4JiEmxcDxs2CVYsmLweTkGc30haIm0pqaEu+3gAUdICfEbx5BlJh9NBkJSuqotYgArg9FcmsJdTbB4zMoDe7RY0my3oWY8vWNmAjZM49TPsig9KeGULOG9ARAnZbH3qQOhykZhPAE2RN4PHiDIhwttkEIchoczIsp5IZ3HQPvrXoBudWpxdVwpfa/UGK2kBPgI94K6iXi4yBmWy942TyxFdWEQ9k3llMlfxvvjGZ/vJK4mOMoltfOMo0RWBL3f1USbI8+qDrTuJYQ7NTJVCcORDd8pkrrppp3d+4xkEJEus204tqDKhpKSkPIOYGN5BHSyMiJG1GB/o5X3J6e3+KUOpXE4kOmacIMkgTsBags9sLg/2VgC7IYlh+xALCzK5QnczI4FqyTNY1TgfDnvRm3uU8MqAL73vy91AUJDd6XxovdHEPmlDRGxHjCSDXbmODxmAPhpg/MQfrNZogDF6yXX3/K8/X/7tgaPbP9r90LMvV2p1EIdASTUkRTfJwOwhvdEhSV1FiKqj4I2kpRDWSA9aLIULIKZJAcR0rlgoltLZPPoznYsls6QBaQwUI51zgaohHXpZtMwyQmmacqWKJA3WCch/iVf8vAL9q7FkMlsAperhbRznQL66SQJmJDMoudzCNbGJAE/WLqYCgrVfdyBRLgNzozVbrYiRBjWOpX4TlAmqPikqsgYzWkDh7D3XZUEbexs6JBWABqlcUQgjHTsGZTIXOrAJK5NJ5ME1DpjKZG5ukyl45tdMPN/u2bJl58Ytu2KNsIMyAQN94+bPvpLQkI7t2QPD2/TS7u17cCD7bIo4g8UGKJOW6QO26a0D83tPe5QGZ/BYalBlQklJSXkGMTm8MimWqpZ6F2BbxFK5pmuHoqVDIpmKx0+GjINdBZokGosXyzWGEwL47awYcRuS0Y02ri5CXJU42VUPxUqNl9HiCZJDIlhdtX5mHGxPpjJPbXn7l+Mes8lMSErn8uQldD9IahzV8nMdZDKHsh4jL5onN7+1/cMvrPuWDHCBcPmvvftpo9H8+sfDtz2w8fUPv+g3G8uFZDrDoIgjawTRQGRyxRBKQoBWDfiwhpZ32JMeg4S4hLyWKxTIkkKrhZZZkpnBP78ZRrYENc12JYhTtFj3LveIYpnt3m+tWqslMgXQSPBrsu7rjzZa00NOay6z9o1DmcyJn2/DFvxrh617zmRoh/bu+HH62IQXuP2lnQFX80mBQJUJJSUl5RnBXBnRhZe7FWCgWIIfwP6Qo6nWCH2NFWDExxPJ7sytYAUmUmnQJG0cB09EwmgKahZHcoMy8XBKMtsJ/x0IFL6MEn+hF+rTIYkPq2Cg94YWgCxZcfOD655++fyV90EDslFU0Svtdz79xqEYCxi70HMiZc1I64DjXhYOeWLzW//6+ifrviVDrVbf8MIb//usFStvf1CNxnEKr9POtBKUGFjeYXVop0QQGHCLQUm28W8B9DDxamNlnZFQMEZXpukwH0FhGLlCEc41sL4H9EbWKLo3VipV8kTBZ9O1tLBA1tDF9j6KDsgVUGK6oRKXocqkPMrq5vI0Y1Em/z1BEnkRaD/sPjJgsYviJKgyoaSkpDw9CQb5WF5SS5o1+Bt7SQ3wO1pqgA0XjydtX8OzvFCt1iKKxghyLD64NrYtytVOeIZqJGzP0guwGsPRZBWXzFOMpJeLBOcTv4KthuuEKAEhEk/lPvt6/1kr7gJNoqjRkBiBQ6Z9jI+V4URnr7i73mj0rpuATXnrA8+Vq3VJjdlqLVGKPPaPV3uH+suE//hM6NV3Pj3mWVCbb0mhRmO/P+eKQrHyzY+//tffb1q95knbMS8vfDgzcibnVnaaADED+kFQrPkSTLRR7ZG6GkvhU5DSlkhagPi0vbkmSCK1VHbB0spvHoY8iocmiZvPKAC9NMPI1q39Ac8kKmbvIp9bN0ilHT7sdk2PKpP+yItbtuK1oK279rOD19ooTFBlQklJSXm6MTO0reUEn2Ct8pEqNHtLf5xixBPJfh4jqm6AOIEvgRALX0Z4W49kTxJ5v4QkPRJNeDhV1JKo7Im14UnAIT5eyxasU18oVdLZQlg1gqIyHZK8XBjszmqtEUtmLll1/4YX3oLhnb/yvs/3Hvzw8++mg8JZl9+1as2Tf736ruPT/s/3Hkim0mAZfvndwVZr9oZ7nqhU60ByOrQQ0UZ4Z+dXz7/8/qo1T//XZXc+s/UtEEhlVFMyw4X1gKAcnWEee37701ve3vb2rqGszMXgT+de/ftzroQB5PEqQWukLLdLDbgjoBxqdZtcVc7wIjc/JZN3u5jQaDaTmbyXnc8xLWoBPpzOZC13A24nSjImLYhTarRaJIEYsGKXVsslkJQaxq2xUypxmNW5No4wYYbxGaPKhGL8oMqEkpKS8jRhstBx2Rov2LD13bAaTUS0IbzPx45Go+GwGFIqV0IsD3ZSCnl28cXS0Okr4Vg9lmBwXlSwEputlqwnPLyWyBT76RxQILFE2tb0xz4/qE9AsVxpNFqsGAZTVYul/nrN2mKpfMWtj2bzpXyxfPjoxJ8vv6tUrklK9Nmtb2167WP4Um80/3b9/WDtrV77zG3rn39zx9fQD9yCm9Zt3PfLiUajec4V99xwz1MT3tD519ybzhVSmSzoH7OyOxjEj2/aDuJkw9Z3+mm5seOO9Rv+8+LVf/jLlb9Nnqbphdo48y9MzghzMhWU/LzSrwC8Ldp4PQRrRVzfAyezjmhGJl80n5hqrT4VFFG6ha4DRbUTuALtRxgqAcoyJ0djKVyk3AXI5ADLw2ghnJ8aVTK1/RXYgioTivGDKhNKSkrK04EjhLa7QbM1F0t33g2DwZHOV0KyIRt557IbSwqwvLEfl3V7N1heyOXyMOBcvgDixL2pRDA7i1KsgjmYzCzI0NpotqKpnKTFhYiRypXMbhvNpqD2VUq9uP3B5667+6mwFrvytkcz2fyt9z8LPcOftVr90hsfgu8gPN78aPeax7aQauIXXLtO1uMvv/d5Olt4YvP2dDZ//sq1mVxx9b1Pr3vqpbNX3F0sV8Hwvf+pF41klse1+UheXUU3Jvz8P15675fjHjA0j3nZYadiKIBMunHN4ywnVms1+B7WjKtvfXDtY89b250GaONa9apxMn2CS7RRaoRwQIiMphPauJYiiISORMFFM4OiksrkJRVFkrDyydVIaHzCzxGFfMzDWs7oDQl+Vure0g/ZQglOZBYYGYhoPAUjAY1k3eEIkHlwVHRhvmNnUGVCMX5QZUJJSUm57BwhF7BLBEQdRQlHU2B5+wS9vIh6HWMBKI1kMu3gqU+QLxSJQ9ccVimsIC/YPQiVSnWGkZyTBYPxDfIE5odX415+CD8Zglq98dukz0igGJ7ntr197pV3rbzj0WK5cvtDm+Hqfp3w/XZ8atW9G1Dk+OzsDWueOXpskpNQPP2z295JZXJ/ufKeXd8cmPFzsqKDIIHBgL37xd6fd39/iPRfLJU9PKr5DcbiNAMmY8cjaMLPLRjHWAEjV6Lxf2x763dnX/G/z1pxzuW3Pv/SO9ZGpwdg/mE2QFJadwxCGwWpq0JYGyqa3BbQValSY2TkdIfuDglzFxXTG6pYLpMFFkJUo5BXOFkvV1F1IRCxq9c+S1pm8qUJb984IlA7wYWlGx3QxqnApoNiv4KktmjjZRmQxA4/mV5QZUIxflBlQklJSbnsdO3XPRxQulIRFR9k5BinpIayOZYIiaSrYUAbXNgEtUTLCKLk/oUxIJ7O+wTNPyifLAykUCzJeiqdG9phbA4PklwLWKJKNFEoVcFcfveTb0CKfPfLCUmNPfbca6+89/nm13ese3Lru59+c+j4TCKVWbV2A6iOv16zNl8sHTgy8cme/S+8/lE8iRzJwFw+96p7SOdw7WFcdNxCXN5uCBedoaDpsTYuZhLg5Pc/+fLy1Wt/f86V1kanB5KZHCiBEdY9kAkuoQLz+eJ4/CbhEdDiGT+vEBECnx5WRl5e7XYkilwKGVQlUwwIZo1CIxxNVGq1s1bcdd09T8/hZNkvv/uvc668p99PA2Ui5hfk+3IAqDWQQIISHaj/u5HKFWBguSHnhCoTivGDKhNKSkrK5WW3+VCr1bmwkS8O8bLTAYKCDE3rVju4a3VKIaCqi1KtXodL8DMCSabk0thi8FKDMryrz2iAEcpaTO4pVQHb640G2J0gWRQt6vEzoFJ+OHAUtoOGefPjPUcnvLAfTMl+0S8n/KhwuIVTQcHDSNam48Cqux/903lXn33pTVtf/+CbfYcq1WrztIx9n8P5l0PDV3+fm08nTYrHB0RVUg24OyP00wuYq0KhxMkaLo2C8rl5cNB8CGX7RfcXzlIoV+A5gc9MvrBq7bMXXf9AuVq78rbH7nxo06bXdszhtwmWbtsoKiked1FKhQBVvZT1fk9UP6C8c+JwK4elSpUqE4rxgyoTSkpKymWkJQ0XaAlBiXsF3X16nH4AC6c3K5eJNiacBNicRe5klVoLOItCva2NlwXFcoUTRI5HKydBSeekyDEv67I4g49D1cHNSiNLjdbsLDGUrTt6MIvTcZHvbqzhI9NBU5CA4TjDoBovwBM+bik0AwjjT7/84ffnXPGHv1z1x3Ovuvjau4Nsx6fudIPLCe9FCysTFKrOR5D/khyF75KWGNd8wh2O6LGAgDonN8vDyN33Gq1KoQwNyUeeewOUSbZQvPzmh9/csefIhC+bLx485tGicUv7ar1edR3L7uUiXjbs4uE6CTgFqCmYB+uO/oBDMtkcVSYU4wdVJpSUlJTLRUt4iV+MVuodg8InjGJ1mQALmIvEbD3pkwXrMHqZyM3VhnCeWiqk0hmWE4IM98uEHyw8TgyHBLnRGDAyksgIv1C37loi1BtNsEQ9nFt/G5eA4U/4eWLdHveyuVyhXKl5uU7uWtBpw74Xd4MnN72qaLFKtV4oVe57YuuxiRlri9MDoCuGqu9hotlsMaj+IHolAGqEC+t+FMuOwnimQ5JL6TsQYLhP+IWQTO6UNYCk0Wg+teVtPZZade+Gi254AE66+t4N9Xrj2IQnXypv/2h3SIiAMv/ltxn4hK4q9fpVtz9u6cQWoG0YtOg6nFOWkczAUfX+FUJ7Af+2CGqCKhOK8YMqE0pKSsrlogmwQYPSAr/weLpQqqKabqTkBcYQqxl+URf1BWmpTPQOw4GFCnrJb+3iFAIuG5RJgOHMahKsICZS1tqR3UhlCyGUT3ZAkMkYAeYjWLdTwTEvL8DEQ59EhJgv0ZPZPEk7Ni9Oxnx3Nr/6wV3rN5AkyA9ueKk8TGpd94Cn3bppGOB3/FpgUByRLUgxxFJXdHgb15ZBdRVxrEhQ0nxcBP5czNxmC53Y95CkN3osfpCUxIXsmRfeVqPxza99fP7K+xLp3G3rn//HKx/9/caHkqnsgSOTqWzu4hvWv/3Rbk+Q3/HFD9Ae+wbayNH5Xa2IkfS7jkghKBRLcOGeIZdZYBq9vEqVCcX4QZUJJSUl5XLRBHp3q3QKjIB9gNOS5r28zkXisF2NJox40sg0gZVas9Zo1pstsEPgKMw2sBtwuF+MNuyKds/OWscwkIn8EIpoKVCtNThBnPCxHWUiawwnOMQGyDh5q5eVrTuWDEYsCYayTxjOTX8gupTJyZfucNW/eRhSvA8uk7z7HyPiidQfz736gmvX3rruyT+dd3V90ArVaJjhnDJNwaPrHOUPT3hI1qOxIRI9myDKpLfoIUxsNleAx6aTYkuO+vkImPv9HjNnMDjpM3AyIDr0UKs3YN+Na59d89jWYyemj0/60rnCTfc/B1p352ff/HRk8qIbHvjHyx/s/vbnw8c9Ulh74JlXPtmzHzqEH353t2HNWL/hlb0//JzOl5iutMVugLzacOJj6w5HFMpVuIlUmVCMH1SZUFJSUi4XTSRwaib4Ektmvbxm5tFqY/O0h21UkLHUzuXyQD2RBcrRlKSnmAiiT9D7GUO9Y3DJ5XXuajabLC8EBRQ9QshJEZYXQYQ0FwowuG4vp/h45VQWbCFBBfGk00rOaJjA1TCO+cTu+wk3VzMSRJwERJWUaV8k8sXSRdfeVanWjEQaxYhL6vEpn2VuxwhnZaLF0xHDqapGuVqFa68Nk67NBEk37OAIB9NbrtbgYSMz7OMjXi5SGMY/Cno4EehEBLlZ2GnP4+Hntq954sWzVtxVLJWf3PI2yI8rb3usXKmSTG6X3vgQDOy3Kf8nX3z38D9eL5TKrdbsY8+/kczk/nz5XSCiqvW6GkvWhhGT8FwR18eBTpIWKNG4EktTZUIxflBlQklJSblcNEGUSa1WKxRPpq+1CJJSba5UtScYkN2Wq9GnjiFs7B2De6YK7Uazrz231KhWq6wYZmXVFCeIksoJkiDJxWKJRDCDrQbbI9GE7QwsETysPLKh7AxbZULARXTiL+Tlwif8QxejtACpESEcUbRzr7zjT+ddfdnqex/a8KKkLMrnygHe/rkZAJwSiyad6p3HUlm48NZIMevpfAGnrho8XbPttpHM+DiU7RemOiCogmLUG42BU63H0+T5BIU8bGB9G58Xbsem1z5++Lk33v3km3qjecmq9b4A+9bOb0B1cGFt21ufXHrjg5VaDXj+tfeBnrx41fqfDk/An34+jLIsWHvti2g8xeDVIeuOQfDyejJboMqEYvygyoSSkpJyuWjCVCb5Qpnky2rhfFnd7D3cJGlg2kv9lAlom95jh+LSVYQciHq9jt5hy1FOOrlyAgwicSL6gwwvSs1mEwxH2Jgat4+TMzw8ct0ZKoDYJRyUSWt2dhL7ejE4dHssbleNZiubLz774rtn/f3G//PXld/+/Ju1xZjgkDVuzoUy0WIpBq179EyKC8RSGZfKhABuq6DGQZYwYbS2MBkQJC3WtAv2MOHnkFIFTgRGDz2C+5stlE7MBEF43PHgc7FkdvP2Twrlymd7D/x46MQF164DlQJS5KIbHihVqres21itN6r1OshUHxeGA5soIOVkIrh+CImokr2kWhNeD4SH00CcUGVCMX5QZUJJSUm5XDStBlOZxBbxb3JqPqtQP2XiLG9cMmEfV38qEBKV3zwMsflAn3BSJyYe6GVlj59hcCIvZHfaXv+SgaxdjFD1byCIMjkRkGxNTBASXpwfmYiTYV/P90I1Eo9ufPH1Dz7ff+jY8Snv0nlzOSsT2JstOJX0CUmaj4/YzslAKHo8KGkjHNs6mcgL3W6Y8Eyu2LtQBj1PhZAr10xIkvVO8NgiAX02ms2vfjh875Mvvvb+F6A4/nrN2rCif/3T0V1f/hBPZj7417epbJ6RUHVRM0ECg3zJlKmgpBgJ2Ns7VBSuI+keFi2zWHY5o1iplnBKbqpMKMYPqkwoKSkpl4u9yqRQGP3fZGdl0hw+9t2BPd2fIsAsBRbYXlFOlE0XL7+oH5sJgDhhWJ4TxLEsIwxEGycpDkrqCMbuQByaCiAjmJH7aa1KrU7K+QGP+9h+zVzivCtu/WLvgfc/3fOPbW8++c833NfQGBaDlYljsVEfjwxu61Z3CIoKqIuRb1YbR58rRtIv4KLvchTEIfxpLsIo0Xjn4RQV9yszAxEQVD1xMpCp3mj6gxyPKtmXtn/wuZHMmLuwjGklMznVSMJPgxSnJwRJBqMVlWgkmiiUSqREvW2qDGeYt48qE4rxgyoTSkpKyuWijTIpjv5vsrMyqTWs7RfD4pLkknWFZmv2Nw9D3lsz2JuLFSScTwltCUr6oUl/gOFYQQyxfLM5fg8rC2ZnZ0Oy4RNGeQ0/EAOVCWz+dSoIljqD00mFF/eS/r8uWVWrN4FwUa2F2Z/Gi4HKJOeoTEAVDJtLysRUQABlYt06JGBm0jiRVwjn4AqhUA2l0UDzdszTSSJXGEdmAgK4+9AhG7YP+6lWa/0kEIwnlSt4QpIHhop1FBkt0MeFZ0JSUBxapEHzgEiVCcWSgSoTSkpKyuXiKVMmjZa18eKZKw0VajtmcGHt6LxnF/DwdGjCz7FSBOUURs5d4SPTQY8/hKrIC2IynVkKVysCkutpOjTiK3xnDFQmc9hKTmZyZB0pKGnx+Txv7lGt1X9/9hX/edENF19/33Mvv//d/iNTPlaU1eF6cQ3oFoZq3doFUCaFcl/tSxapYimnQBQHTAVF35AVPxwA11IoVcxEXjCwgIhW8E74FpuToBsiToRtW8lkKMCIqvW6rMUYSfXjTHe84nQjbBFPZcxlFqpMKMYPqkwoKSkpl4unTJnkytbGY2G2NDbba1iAKCqWysd8nRBwsAtBmRz3sjhEPszgt8K/zYTCEZUXJSDDCdB+kcYiGGSyZvV+yRdRTT0Pu2zKZA4b64cmUUsgXHUymQYr9iRnnQioNxr/98Lr/v38a/907tV/+MuVwP/vb9efdemNDqZwexFAecDChnUrBuncWZk0my2Y8Gx+xCQHHkZ2k8nXPdp4SLIKmgSl8CJ34dCk300AukuA7l38Oo+JNr4FmXwJxpkZPlcE/LjM66LKhGL8oMqEkpKScrloUSZz+KVmbzOXdFAmvY3HRZQTbMGpTilg0o7OhExzEL4cOO4FM444d3GiHGDFer1RrlQDIRavn0jwJciwoABHW/CBM5YqtYAY9Yt6WI/XG82ZkATnjWhDv3t2gyPTQQYnnx0YowxW8AkfCpfvJfHe6U8jVyyXKyBPWrV6I19EaZ3A7q/W6pVqvafxGIj97qwbbRkQlIDYRSHi5yM+DsXVwCdojG7CjZgMCISMpAKjRjwai6fzBbgWuDQgCs/gw14unM0VRoivcEa+UDyMlWTnMvHnVFDMo4dtRJUCB+YLpWq9rhhJ677FARVYlKMgAmOpbAXXLXUzPpBbavxkuAtVJhTjB1UmlJSUlMvFU6NMFp8seCBdGTVLBiOVmwqJyBbEhvivU8GpoHDCO18zXgyTNRP4BFnCcCg4nggVUQ4PW2CuG3DVYIyCZR8Q1WLZKS5iZLhXJnPIrQjVHwROhaTOGkS7Xas3y9WaA7PZXCabq1RrYKn/21+v+Xb/EZBefzr36ic2v16pNfiwztlRUg3VSLohdJ7tYiqNSpGQjfBpaWw5CytrCygpwCCP3JDgC8qF0EWYJSDJnQWfAVELSkA9JCM/q276+E7KBA8bzoy69tKLCT9PHkKQiDDzipEIIacpci6kskKSXuy/FmSLACNcdMMDoEzcCQe3aOFlKxHXq4Gey5UKSBSgV9BmOBUYlKIRPaHEUtFkNp7JZ4uVQrkKD4moJbqX76gyoRg/qDKhpKSkXC6eImVStbYcO81TDwUYJBxYrS/21TVMHZihZkJhsA5/mfDL84UIGTnqC4IwEX0BFHYCn+SLH28Msbyijh68TkKTwaSr1lAS1bFjKGVCIl4YVBh+iCsiAoZ8v+jau8uVGoiU+57YCuIEv+gfM5qtFtPHlasXFsezZrPVbDaT6RzcWfhebzS7CZdfrdVJ6q10rhCNJ6NGXFajjKROBYSpgIjWVRgUCI6Cvxm00gXPRlBUtXiq5WJ6BwI67zyBEvK8IuOHkXjwSdE6Hq5pGDFS7pdQ1m945S9X3jPGYHoC8qgkMid/twwuyFNvoFkFkZrOF2PpLIgTTomBwCO6BUkXXuvqhioTiiUAVSaUlJSUy8XxKpNEDiXgmutRJr0tl4Jw9qq7HLOzbRjnrKW4ijs7zQnQw3EfSwKRiT45cNxr/okSWCEpghy9QqLK8h2hEmI5IlFYXhghGxUXRv37+fDia4nYYihl0mrNenHNR7hq57iUfvivv9+cTOczueLqex77jwuus+4eB/IlFJYz7DybgMPA1ocerDsw4Kp5sKT7C7M2jp5XsWcUfE9mC6SEIoOzJhSKo0ciqbEkedK8XKT3ZhGVEhJRSjHi5UUcvYrlisOdgn4q1ZoWS15208OXrFqfLxYb8Jy1HI5whUK5goNtFmTlmuEWSA5bBKSonjiZeADkDVUmFOMHVSaUlJSUy8VToEzGmyx4IAsVq01motFqFyut3kNMjgWVan0i0AmLB2K//46X12RQxF9QFXnszSUxHA8MhBj8yYJAAcUiq4Z704+k6/Vx44yo7sbRmRCD1kBUNy/14REi1w5WbzIzyoQeOHz8nMtu/uN5Kze/8m65siT+aaBMukOohwUcFk2kg5K9GQ3dxhIphxLv3crEBK5PkvLjWwk9h1UjWxhujQIemOPzQT5TAd66eyFgDGE9wciaWZZnOiQJilGuWB29GCFy7tX3nnf1vZ4AB4Nso8e7Fk9m/GJUUo1ipTbaNJLsYaqRMLfgIQ3ON+0XtXqjk4YbNNJxH0uVCcX4QZUJJSUl5XLxFCiT5Djqvg/FemPB6kEbGTGzpap1kaSXzf6ZoNwDLlwxEkQwYENTnwoRQYLsdfIlICokmzAf1siCCSgTkCrYxQstpMCm3tfevZhFXmRozcTLyvFEaiwUlBgf0QlDovLLhH8oZXJ0puPSJmsx624XaDZbiWRGNxJgAdd7SoaPBYtXJrqjMknnCwOViZ44WZfQ3F4sV1DuBByaHxDUWDzlfpAwb/BQkWdMjZ0MEO8H6LnVmjVS2algJz6K+JiBrOpWxWD9/zYTXPP41guvXffNT0fMY2E7DC8kG/X+5XoK5YqetE+sTH4dta4IK5iuaJ/GJmBcmhE35wTu44FjHqpMKMYPqkwoKSkpl4tLrUwW09upZ2KUt/z2aDSajIQioYnN1520ajooNnFSplyxBIKEFyUQJxE1SiLjfYEQSJUgg+LjAyFWUXUHiZLMFFCfHeccY0zsBCQQBrA3mktlAvh1Cnl/AaeCgnWfC2x48b0/nnv178+58ndnrfjPi6637h4HllSZzM1HUPSbLjDBYYaz2b6PGhw4E5L8OMge3VZRQYsVg0ZLHrAQWv0QB7W1AjpPpjIBPhKcL9oYFFUvF4YL2f7xV/CUVmr1aT+byuatRzrCJ2hwpHUr8oUrhnC4S/fGYrlatGvcjXQmB8Mrzi/sHDzhm2Zkqkwoxg+qTCgpKSmXi6YNQ0yfRE+DoWgqE7PAdqVubXOaM1eyNyhHg2YkTIeZGbYTnXxkOpgrlMw2rdZsOpMlyyYR3YgoWojlgCBRQLTAF/gUJLlet4mhCYh6QFCYcLSJXf8XQ7A+C6VqGwE9FSbnvbm0Rv+3490Qwp3rPe5lrftc4Nwr7/BzYTGiHT7h+f05V/RbeVgMEsnUkiqTOojSsAHzad2BgYI95Gi+MDgfV73ZBIVA4pTgi6DG+oUSwb33YSUzHZJGW6oyAdOCiiqiFMkaKJMpP3flbY+eteIuYL+z2yKFciLbPDAw6zOM7BeUXG5Bzgo9kRvowQhP+yxakip6eK1Urkz4eTTPVJlQjB1UmVBSUlIuF7ttgfaiQ9VNZeKfVyYDHahOQzaaYxMns7OzxLLvvIqW0BIK2HyTCyMBwBysVGvzBU9EI54g3/1BlMWLFGoMMVwV13zoPhAsvGnsjeOwruISRbD1qjYvraexK1pAilbc5f7S4ilyvcd8o6yZXLbq3ngi7fEzES36u7NWOFRaHBnxRBIrE+t2lxiLMinbTXUvQAwEQdnOVybxcxFbeQDnIqtzkwHBtsFQaOP0ZdF4otZoZHOFNY+9cP7K+978aPdQWo6NxGzbg9SEa+HDWrfmhJYRI9XVygbQhpR6hC/5UsUnaCGs2agyoRg/qDKhpKSkXC4uhTIBm0PSO3ZGb5szgnY21YgAQ+rIdJA455gEOzKWskYazGElk8zmSeUTRdMFKYzduiSSxYuQYflcvgjdVrE9etzLhvrkiRoKyWzR9iU3Gbl7ZVIsV4mVjNN5DT2Pt93/7G8T3j//ffWfzrv65rVP2Fq3i8RSK5NmE2Ultl0VIUY/E3Y7mQRtHBNC6hIyqASKDHKFOAQSHMYedEFJL441t2+pUr36jscz+UKhVP7rNWvdz1hrYTHEbujROEx+deECIFwdyPXuLb0olKvdlVh+mUThT1SZUCwJqDKhpKSkXC4uhTLJlWardfSqu31GBZl0s1J3bYW5QDZfMldOTP46HbS2m0epVMY5uwRBDkeNuCDJRJwEQiyRKAFBARs0my8ysjEZlIIiepe8SGBlYvO6fVhl0mg0/Tgo3y+4DU3pRkSPewLcpCf03f5fE6nMmatMEpkFURlwujpagsizMvJ2G2GNCw4R1Rhx7grJelBQSAR5G7lyoYDyGTY80CFqKKQyuT3f/wxngZFfc+eT7seczhX6LRmhZME9KZWL5UpQGqCuo8mcKcbg6J9P+KgyoVgqUGVCSUlJuVzsNhBas9a9JhN5Gxar6BBCsBkazXYskRa1hJfX28hL/ox05TI5XsCEzKcMPkk/H7a260Kr1QJNEgiRzF1CNJFmeVHVo5N+AUUqo3B5KSSpYJWOFmtugZGyj28eVpkAPGyYXGAqZ7Nu4IBWa/bT3d8yglytNdY9sfnfz1/Zm8d28VisMmnPhVUUI27dMY8Wrm6uGslINMlIKlrrQGXgSVo25JQ17JpJN8CmL5Qrfh5Vc0f3RYgc83aSoc0wkrX14lBvNC+4dt37n+6546HNN63dUK7WXIqTfgsgs3hmAnzEokwkLTHQm8sMXZvDOQzM8K3FKhPtx90bN+8k/GF+2C9u6Wx59ccBgonivyWoMqGkpKRcLrpRJrbl1WfbbTBcjATKlgNGQ1AykrkmqdhNGpzRsiQ+1jxdBDAxx7wsMadCMvoMSnrZRW1IZM+xKG2XP8R6eQ2OnQrwmm6wooyWUERQL6wRi1drdZeGoy0ihr37jaDGyZgTmQK6uwthbY1xzIdCk4HSMNHYmXzx/11y8/V3Pnzelbf94ZwrV6/doMcHWKujgY/oY1QmMAkw7fBbSOXyoA28bBiVMuzcZZwzTdJ8XFhU49V6nRSSB2UyE5IazWa/CXQDODaRSntYXNwdBS/pxQpKYGBtNypAJZbKVXioiqVyGdct0RJpOJeHkb2sDNfb71y5Qsk2JdfcvMolMwNzks4VyCKPX9SdRSzMVXeBxRO+zu9orMpkyy5zY2lmH1Um/5NBlQklJSXlctGNMgGNsbBACEI8lQMrWVRikWi6bGeI9PZzxrGP6TU6JoOdCoxermOiTQZcLXeAmRiOqAwncFLEz4fLlYoExjEnRFQNzERSohGo6kY/e3EgZM2+zp2pTGTVyGRz3cxmc+VqrZdHZ0LEXA4KEXNjrY5s2b6Ym/v5yMTvzl6RKxQDjPj7c64slU+WWWz3ZBIjh4xGVKcF5+Zqd12me8BxRJnAF7iusB5nkW9VxC+oIRmtYxD6uEhAUCN6DCz17gAeOIqEswcEBeZ81FF0cGjSb64e+HglGk/ZBguNgEq1ds9jW9/95BsQWtAnKgaP4pqIL1nUzyvpTNZ27Iys97uogBAJiIq5pAYzJijoifUJerHrdvcC9nYHmfx83GvO8/iUyeaTyiQ3NQ5lEj7c3SfFGQSqTCgpKSmXi90WRD9l0mlpb2zYoL3o7MOnCZP2/k2jAxdGnK+6zXQKVkQTnUoyA9Fster1Bi9KnCCGWF43YrguYVqQZJJByxdgYG+A4dLZ3LAxHqJiWDdhmMoErwBYK5/0Y9chC7b0Y0SP+1n5d2dfUa7UK9X6/73wukyuqOqxEx4mnSt011cx2XtS9+weG1jegylEugnikAnjYWDvrBCuzjEdFOPJdL3RBDseVIeknPQ+6gbcaWg/4eeDkkaOBXt9hFQBc3gxjYSdAEEsedkwuTQYTCKTH6XHLkDnhVJFVPQPP9t72c0Pn33F3S28JFqrNyQFXS+ZQ1Bf8ISYDzBIaGVheXsTMC1wiBFHdd+bLaRzSFo5oIfXgqLmsOIXwDqQfIcZnmY6CbiZxSuT2P7du2ZKMPJNHXHSIrJkx1S+NLPv1f1DrPotwCy3a+vO3KE9x5wUF8VpCqpMKCkpKZeL7pVJvE+0yZnuteXMar1ntWhx8M1XNZkOSSSJsIcNH5kJWds5Aqw0VdODDMcJKKEwWJDQD3L0YjktaviDDAmUZ3lBUfUmeuE92EwNyvbKxPTASWat3lyz2Depl6qRJIX/Tvi5k9tbNgSTtAF6qzULn/DfFTfe98dzr/7DX678t/Ou/vMlq8+74tYtr39crdXjiaSFgnqyUH0/ekLSjB1BFYA1bP7p48LOtMgSokzAVtaNuG0NRNiC40D6BqKAboG9bZxxa4aROvpE1KLJ7FAh7Efm0ypMBgRyHFj/KOU0KnGDZIMajfWLRB8IGFs0nrrwunWr7t3w3Y+/9MoGdPs4NTh/Lg8rl6o1fF2WhggwUSERFR61TBeqO4kUGvKvQ50wcqFcAb3d3QgOAfFjfg9JHWc5ICdFFqtM5mY7azFEkHzw+ffzEgWhZr1qt6id+H7j5j1zFe/2Q/M5+Gb2BeYaL27d2dkym4LvG7fuiuE864Dw0cObcHzL9m+ZziaKZQJVJpSUlJTLxYUWgHUvZbKAjKeuSVosKtVOUl34/HUaWZbwZTIo9Bq4A1Gr13lRRiXkQxx04uUi1VoNpIgYUQVJDrF8IMSyPEo0HFGt2ZB60R1h3A2iTIKS7j5oO57O/zqN8thOM7J130LASc21Hfiy5pHn/rbyzi1vfHTg1xMhXs7lnWIPRkbHmwt/B4MbRJEzq9XaQlbFiOYQAT+HcwA4KBOYUlZSyHfQjayETHYGhbOrojqEP94xTyf2/dBkoHt7Nl8kHlNw1/yCMpo4+fanIxevWv/stndTubztkGAjG4nli2XTNRHEFWgV28alStXHK17WPuVDPJ1j0CSg9R9oBtoPxczM7wVVk0x3gkxADv2KUyRjRuH5X7Qy6UL4u45n1+Id4raDyDmBNM+mzZ91Ns3s27htn9lg4+bd5Mum+ZYm9r+zc9SVGorxgCoTSkpKyuWixYj4770AMjLHi8NTAWKEHTju9fId565fpwI2Bp0LgG2NxIOsc6IkiLKiamDiV2t1w4gzLK/qUV8AlWskhVCM2ILAhmZrdu/3B/Z8+9OPB4+yEac1k6Fyc4EpeXgygKxMYUFBvV6EZKPb64yMzYgnJC0RFBUpYi+WFgkPI6MIeOtmt0Cv7ZGLl336KYLpoAT2unXrPGAAYH93b4GbWK13eTcxcqZQch5huVojegZYq8+/d59HC8fZT/qFgKiiG8GFwaa31Qy2gHaPPvf6+SvvO+/qe/9+44Mrbnlk55cnjWqCeDJt3lwYv5HKwlnQkGTkV1bHGY1NzIQkGEauWOreaMEsTjsG145Sz+HMyCFJg2eJV04+tL95GDONBM79wC1amSzJmok6H7uCGCCdzOz74WTQCtfdYOOnSFnGJg5v2dbZ4vRwUSw9qDKhpKSkXC72mirlmrUNZbk6Tp8usCOPY+sqCHJCUkz7kguPaIiD0UlkQKVaD3WyeDFBlm80Gq1WSwpHWF7U9Kjp5cWDhpHkRqN5fNovKsjBplAs7dn7o7VfDFKJJSBq9YbbN8lgYrLhzrpQvuhU+w+USa90mWEkQY3DtRRKlUqlKkh9TfzRAFYycStqd4XFd9MZcByoJlKPvB+8XNihASgQ2GsrE8DER0Y8fiTgLEY82c+/i9wXuJAjMyFLCxhhvdlkIzGiRiLRBAlHCYqq7jqoaQ7fR9BLdVzPpDew3m+3yIYWUuYzI4PG4MMacdtjUDyP/XKKLeDWm2EzSKohqdOE8Rw84TN/L6BbgoKyWGWyJHEmgQM7fvYem8D8+fsdM/ifD4sy+Xg6l810WAIZl9q4ZVdAQX8e2UmVyTKDKhNKSkrK5aKtpdDbjHKMQIHLQscBxsvKZp2T37yctak7oLf42FzDARtN3YgHGRAjEsMJsXiijaKW63JYEeUwI0ZIxUbYG2S4iWlfkBWJvfjVXutLcYJ5ZTJE2UToMJ7OEpsy6RiKbatMcoVypdaA/4W12B3rn7n61gcsDRYJokxyxRKoJls6G9BulIlzA0ZSe6sNmmg0WyFJJ+5Y0Ixkr7K0gS1TeBUCJFCvoE1nsqlcQVRj5oGkNCTpMKzHe/qzR7laU2L2SgY29as1Ce2NRJrEuoAiComqGk8zOJ7K2tQR1WoNhM38+gkKtY8l0xMBdNWEfg49z4tVJkuRm+uDLTu7/9y4ec/+tEWZzFnTdvn3fTDVef+xfQtVJssMqkwoKSkpl4s2Rgc2O3pb/g9nZqwhD21UtxuZnl5OMZLZw/Ou85NBoddSd4NpLG+6A4UBlWoVREj3Ikm93ggyPCdIqoa8vECcfPXNPmAsgcoCwiHVWs1S3HAEZTKH14XIFXl7yup1o1eZgLg6cmzq7Etv+uNfrvr381d6Q1x1pDAJBxBl0my1mq1ZW/YfL4IbZSI7lmKMpTIhWR94o+uN5lRACM3n78qieA+0HQYgqh3rHO577/S+9eHnjKhY5o0UIJrBWa3A3I8m0gNvKK/EoKXtdORLZec1NBhVJl/08WhJMIRzlzmvnvUDnL3ZbMF8+kCHzK+WMCj2PRwQwqysjU2ZLBQhLbuNboFi37uwffPO7QdTFmXyw1s7X/z06LEJ7ztv7do1MzdXCWzctjeXCHsOHnjxtV1UmSwvqDKhpKSkXC7aGB0YvS3/hzMx7gzCJHw5KEdTuYKsdzLznvDzbM8rcDeIJrN+UQOb27Id1IgWjYEyIUylM81mE2xcUQ77GJEXpCAr/Hjw6OFj02DLhlhxz94fv/72JyOGUrsSHMGx7GCIDxWoQFLEItM5ZGM6m+hVJm/t+PLfz7/2rEtv+nT3d2CPgvX88rufOvQwAjreXNbNbuFGmeCCJ32tS5QHOWz0ZrvqRblaA+MbRyVF/YISTWTg7DAnEwFUGAeuIpu3lkGFBuevvO/xzW92F4QxUapUYeTohvIoGzLIM2uLLviwT5rt5EeMwcIGDoT+///2rvzJjerO/1XZSn7a2h82BVuBzW5IIOYmccAhAScYH2BDIA5HjIljrnIIOEtIwQay4GPGc9hjj8fjGVnWLfV9t9S6z5bUumac7+unkeWW1NYcXmqq3qc+NdXT/dT9+r3+4ft573tImu2RJa1P2ToAX16uUMYJ37rKRJRZSdtKZfIGqQFPsAaiTAgJCQm/KXZGWAuDLQlr40aAj4VGq4VdsK5FBbNmLYe6cb0RIT4Y0HxbgJnLIRPWGLUSj9awiyWK4WwvL15StECEjnESzQmyqn19ZjocpRJGKplMUywP/8J9wJRM5QphDu3tRHhtdn5pYmrOed8RAFMyYLsbLQZol9xQgpZydFjRk3ULDXShXPno0y/L1ZoWT/7+vb/0t9kk/h+UiWGXS3eetbGKqnMgDyWzOu4eAtj3hbKJtzvgt1f8sajtK3U1MCTZ9KqdzZnipB/97MUDv3u3NWxno1a3RD2FtQ0l6qP0CTwxyg8P8gnxI3WXA7ayQgpzmMBZB+AGvdh3pKw4mZPQgGxWmRAQDIIoE0JCQsJvkIMWA8nQNYoDQ7UpYCcusNu8EQ6syV5t7AAtOpuOgRUcbSLpajw5v+QfnFYMO09uW1JUXpDOTM5OTs1NTs/Nzl0OhGIXF71GOntpYQmUiabHT0+ejzLCpeWAP8oxinFqYpYXZeftRgDs4yV7U8hPifzoFFtSXyxEDzue3AumcyZXfGjXvmy+1G53vnP3g4PNNozNK5OYXfHdeaEP+VJlUJmg8i+dldhaiFEyu1boYjys2v5dWJ9gFgayKpvV+pN737znkT0/3nUomSk4CoNgwJmfPf9G2y4gU2801GQOJjfCKfJAwmJ4BdAV/WcwrGarWBlLVtnlSuxakLZPV5iV5UR2nM2iQcRTOWqtSiknaRG2G3BClAnB1oMoE0JCQsJvkI5K5822swFhj43WoKW3cUjxrokZ5vWSWeu50fsoydl0DEDPUAYklK2o8dZ7n4Dp6WzRBzAZU+ksJ0jXrgcvLy6DSvEFIzQrcLIeijILy76la76JqQs4bn5y+iIjxc9OXzTSmdowH6GhwLorzGkhZuTrDFUmLxw+ls7mzap17E+fsYJiVmvf+vf7h679bwxRXt2kMvFTkiPtrwPFsgmPaLVRHUYwxCtmFQxrWopHeS1mFxyEkRlVK90dRiaHfw5m+mC+rMVrwR/ufGF2wfvsS8f++4n9nWGbIfDizx56+7InePTEZ/lSuWY1UjmUroCSEnL85hbW6mhlkitWmuNt68E42F1FSZbpbkFJHcRzOl+q1q3BqXdBeK1EKVImooKyYBNlQnCHQJQJISEh4TfLWqO7G9DqOC8R9jNTutFqb2TFdyjACgysLYEHGTnMoZV4/G8inXO2HgP1RrNWb7x38sv/ePDXf/7slijcUeisrJg1i+ZlmhO+PjN9amL2q9NTqUzu7LkLSiJFMciz69zMRa8vuHQ9FKJY+DdfuhnbYDWaC4serz+cKzoDcXpbQN7IyJxjQ01ny2o89PRLCSP9wcnP/+W7D3z7rh3vfvipZbt4bQn6Ky1uAFiZ9MqVrKIz2IdqtVQx9VRW1JO4MjrMJnbcwgRZAmMSE1ScbyrKKfF0br3dWF6rrggHzms3bszMe+7beeDgGx80ms233/8f5+U+gLSgeeXhX74CQy1IWqZQCq8VZwTlkC2UUUUUlFrNmZYOuYpJzu2goUDVFTkVJBxWICurq4WSGeGU3tYHHMBo6Hb6r9uKlOVg98WBMV7lRLJnQnDHQJQJISEhIeE24hZCTqTonuUqJvy0EBGQ3eYblnPJBWBHZjL5B546eO+je0K0dD0Qve+n+9d1B2hcrzfiiSQnSJKiegKxq4FY2azGRJ1VDBAkFMNFYvT1QDhEcaKsZPMFMFJPnZ2p1eqVau3SwlKvUDdGGq3Eo9V9T0RYRz/snvzb95/413sfe+bFtxLJbLFiFsuVECMF6a3h9SgPymTw/PjEeyaUgPZeMLv7XWv/0lIiyqt+SgRDvGRWUS0OFGjRHQY4wjLAVgLxTMEp6kbBrNZwZRJ4RLl6y+YVPCKVLVwLxNrtzpIvcs+je5KZfH+DfoBugU/lRztf+MfEXM1q9OKaWu1OFFdLtB8B0zcYgkLJST09lh8artGZHXg7GIdWuw2aFkayu4NkDxqMFarf0jdQPeRLJug6PGKsrIfXXLmIMiG4IyDKhJCQkJBwG7EzxHt/g6g3mr1ldRpkSq7gsRMQxcTEoK+OC2p1a88rx3cfPEqjdLGtutXY99vjo6LhXQBGYalcAeEhK9rpydmpCwsT03PQn69OT0mySrP85WVfhOZAvcCxosVBsbTbqASeqBnBGNt/q2Klim1cPy0N2pougKa/fev9KMUVS2a90UrlSqyKDOUtJLa8N8y1+Vo7I8WjghbmVFrSYRyURNpI54tlE0TCqMBvFFwu6HhbCWxueMdBDTAIyQ5bBwYY2XHjuJF+fPfhhWvBeqPR6axcXg4MHXN7d2J17qp//2sfvPbOJ997ZE/mVj0JwkDQjD4ZkChWav0fUkRAZ/p+MRzwcDxQop4clZUL+pnOl+CLRS5etj5BTl9SXImnQC/19x8GtjfsnKSCNMbHDFEmBHcCRJkQEhISEm4vbiG8Ua5ndRXKZqZQwv8uDXPXuS0azTYoEyWRev/k/z727KvOy+uBaVaNVIZiOFVPTJ5f4GRdkFWQInoclZMPRykgRXOnzs6IWjJuJC0LRQ4g2D9vtdoef1QQUebZUbapC+AnqISFLQA4JZ4vVbaKMTvOJF90nh+TRqaAnbLAenYP5nEBCBiwwkOMbGcE7uocStTdo8O9UZQsOMKrlHhLlEsHsLLywFOHXj760d07dj/z4pFd+97sb9CDN8z81xP7XjryYaVWw/Xdf/fOJ85GNsyaFWKkbqFDKUEJKmgnmNt4enjtRQcSGVRdESsceMeYoAlacoRMQ1i165+EWRmXaGTsEjpwbKRzMM5XfDF8kpPQVhUrddswRJkQ3AkQZUJISEhIuL24hRmErWZrYc3wCvOofMS1CDJAKclwt1MH0Wq3P/zrP+555LmHf/GbKCsOjeJYL4K0vT4tJ1he9IciDC9kcvlUJksx/LmZiywnMJxwamLGH4ryonT23AWPLzQ5NZfOoPDu0xOzooaW+bNFZ9mNcWCHNCDD3bMhkTYKm4wzKRZLYHDTIyqgjwOY4jCHPJ2gG4qRBVFRtRq9GPEgLQ2ddyNbwJLVG+EcMwtKKZsvPfrMq6WKCd+AWa27SKZGs3XmwtK9jz7/g58ceOCpg4W+qCEHoJ/wpqAPY7bfGiMbEV4HMTOOMgFdEeXVTKECegZVbBRvllwsmVWXO6zaOQOgkyDbKLyXotzcp4LvMELzPVkCDYgyIdh6EGVCSEhISLi9mDdHmlbrBZhiejKLLa0ALVlWo7dX4F5mexDHT375/cf3fvrFxNETnz29/w0X+298RO1a9THJMFJpNW7QLA/U4kY2lz81Mauouigpp87OTMzMR2K0KCuCJMO/0+fnwYSFA15FysQl5sEF0P+QPRTrjbpxxyaVSSZfjAmapI1MhXxblM0avFSEU5NZVDkRn+wgNyq0vYDt71Su5HhlX6zrwpQvlh2XwJSv1a2de15/5JevvP2nz6t1q/+qA/Bbq9Fc9seOnvj8ew8/57Kd1e6swOOUeKrTWZHiqB486javqom0y+7HDfsR0BikBXZRg8ZGJs8pxtodNC2ZrVZrbrewBwQlDZNQ2oCeFKFFPcZ0lQmNKpMKRJkQbD2IMiEkJCQk3HZsrk81uGEF7ZOg8BKwmOHAsD1hgI6Y8tsC53KtW80/nvgUjM4NxJkMglW7y9W5tcV1q9EABUIxLMsJZ6bmLi96vj4zfT0YPX/p6lWPb/LCFfjX4/VTDDe/6JH1FCfrC1e9lVsjtseEL9Y1Q1PrrP7hgk0qE9XIUJKuJNLOC+PB3giKR3l16OzAl8DaaQMY5Aqlw6DjRmCm45KX8Hk4VAHc8PHdhw++eQJtNTSaNK8cef+v/Q0c+PGuQ9+9/5lfHDjyt/+bdtd7jNQtktg7k8jksYMWTuE16uc4DfFQXZ0vVXAJTvSCgiZqziIqDoCmnfdGcHtOUhMGfE49d6/4RU+IKBOCrQdRJoSEhISE246l6sjF5g1gKUhje8sb5dP5Ej4W9HWbvyAbjn/8xd07nv3VoaPuNt+YgD7gzmQKN91+0Lq71RAkZcnjm5iZv7LkjSczpyfPK6ou68lTZ2dUPe4Pxbz+CMgSUC8XLl2Bk2bNbS1/KHJ5ZOMiM1RQ3dfpxwcoEwaUyUZvxiloWwP0ifPCeLATChuSnnJeWAOMLRj9EVsAgAzAjnDVuoXHwZEsGOQNJ6p7D7/7n4/t/fyrqdnLXqvRHOoMhgE337nn9S8mLv70udfv2rH74qLP2aIPAUqMCnr/QMFxPJ3DgTqoP7KRH+YMhkd4qPS6gZRzIyZooLsYOwQFHlG3rFGTG+WVxQAqjMMgZaLEaLYXZOKPCd4IS5QJwdaDKBNCQkJCwu3IYnW4ObUBWI3WzdoXoobjK8Ks7Gx3O/zq5WNhivNF2HNzS/HURmr5OZAtdLWBMcwjCyxds1qVZJXlxeVr/ulLVyfAOg5Skh0rH2XFGCdf94ejrDA7d4WXlKm5RZAos/NLFCOUyhU7Q6zbGMJVH4WW2P20RIluZdfHRzqT3YwyYWU0TYn0kNFwBwgGNYF822hpLE+wfKmKw1FApXjCLGPvVDjUXa5Qeujpl9rtzgcn/87w0sE3T9z/5MH+Bg5AHx58+uUf/ORAtWbt2n9klHi4YbcE+SHpSecFG+1Oh1mL3Y8KWipb7J9HlDRZcJssaFsya8WyySpxnDgYJArMb7liOr4HUOy9IBNK1HplTNAwysg9jCgTgq0HUSaEhISEhNuUGzZwB3E9hgLfGeSxw6I8qkrSF+M7nZHr36Ow7/Dxdz7+YskX2ffqH91DDsZByaziiiu3Lf4I1mo6l6dBo0iKICkT05c0HaUV5mWdk3U4SKazIEuuegOilsQFHOHv6YlZlhd4Uc7lC/VGc1CoBJlufEWAFp3XNoTNKhMJTU1moAShO+BpIVRV0witU20WKzU/1R0BT4Rz7IcseoJPPf/6fTtf+OHOA1az+dqxj36+//f9DRxYQVj9+5kLd+3YffgPHzsv9yFiFzYZnI5+gK4smzVcmwWkiJHOtdrtbKEMr1l3rYwJLxURbsqzYqXKqwbOygX3ifJavgBSBxWb7y9jEqFYXCEHyxI5keK1W3Jz/RNMgJsh5KZVVQAAAABJRU5ErkJggg==" alt="Screenshot" width="100%" ></p>
<p><img src="data:image/png;base64,iVBORw0KGgoAAAANSUhEUgAABDMAAAIGCAIAAADGMlPIAACAAElEQVR4Xuy9958c1Z33u/+Bf7s/7S8L9vPsrjfZ6931s/fZe+8za5OMhQUYhEQQYMlECRAIyYAAk4MQCIFQQoAlBBJCWaBA0qCsiZ27q6q7Ouece7rnfk+dnprTpzpPj8Lwfb8+HlefOnUqnRbfT5/0V5etE6eiWL6cKpSzpUqxPF6ujFcq48gPE284wychCIIgCIIgSFOyuZJOATb+Sms22tdVO9zoTBAKOhMEQRAEQRCkU8CTnFOAjb8yhgsgU2RSZkWWSMEaBRVt0YIYK9oTRXu8KCeKrmTRkyr506VAZiySG0sqtiQ/VikRZ4K+5IcLOhMEQRAEQRCkU6gtofyVFC9SEe+h2A+QIwEmpAQ+xJkoupMlV7IEbsSbLvkUQxLMjIWzY9FcOZ4fyxTLYEuK5cpYZRx9yQ8ZdCYIgiAIgiBIp9Q4k0iONH1QgdlQNBbLl2Pwd2IDHEgiX04WiFKFcrpYzpQq2VIlVyqDJymVx9GWIOhMEARBEARBkE6pcSapYkVRuaoJ70GVoX8VH0KsyBi4EdJ3q1CuFJQeXIotqZQrFezJ9QMHnQmCIAiCIAjSKTXOhLoLVcVJkT5atElEUYVqrEKsiOJGyMAS8CPoSZBxdCYIgiAIgiBI59Q4k6q7aC5l0i1WCMKBzgRBEARBEATplBpngq4D6QnoTBAEQRAEQZBOqXEm/E4E6Qp0JgiCIAiCIEinoDNBeg86k0uLWL7iSZenLiiHLxpBEARBEKRt0JkgvQedySVEJNcbW0IFpRXG+FMgCIIgCIK0w1SdCUQh7uSYKVwyhhSFVY0RRRhFiSyxcqqIP6zOcNCZXBIEs7yv6JWgZP5kCIIgCIIgrZiSM0kXKn+z2n/Z24HL1gQueydw2bvBy94DhS5bF7psffiyjUQ/2eC97XBq/uHkjz8IXv6X2OV/iV++NX7UXeLLQmYQ6EwufrR2oufiT4kgCIIgCNKUKTmT1adSzZ3J/9zgvfFAJJKvZIrlq3YGVGdy+ccJvqwe8fCjS+fMux3E7+gp9BTTfZZLF3QmFznF8vlwJkX0JgiCIAiCdMKUnMnfvOlr4kz+doP7a3cxUSBrwlfGK5H82OV/iarOJDo9g2X/z6+v+puf/B2I39FT6Cmm+yyXLlN3Jjs+P8LqOwdNdnHp8dqjpo8dDy94cIeXT71k0bqIaVK8MC1fcwRBEARBZiTT6EzuOhIFWzJWJqEJ/C9RKF/+0aQzmabRJuhMLgam7kxeXvnJqnd3VrX6k23DNNnw8qodE+k7Xl/1ibv2qCac3LH2ppsWzL5hwSPPf3zEEuJ3t2L6nMnJVQtmv9TPpyrE9j03++FdfOqUKYydP2fiwT5dCIIgCIK0zXQ5k7uPRMCKKGvKkxUbi2OV9y0FtjdXGp3JzKUXzmT35IfhI5POZLthItV7eENbzuTkqsWzb1gcYyaMKvq+nj3/pcnPbTCtzuSd2xfwqYD943tumBZnojUP0yqcqgtBEARBkDaZFmcya4ffn1H6cCmMlSt7xMJPmBHw6ExmNheRMwkfvucjkU8E5O3L9nXQcjKtzmQ8fOCd6g1O8txN90HiRe5MfrY+pk3k5M1gswmCIAiCIG0xLc7kge8ysfykM8kXK9d95rn8oxg6kx8IF48zkbY+eizHJypkZt/7cXXTvevk+PjojpWzbyDdvaqJY4llixbfBCnzFh/zFTlncmTTcw/Ov2/2Dfet72fsykQ598ybLGfH6yvuJDkX3LnoOXO4OJl5AuJM4GI0HbpmL/xYGq9xJq7hA7SoZZv6/ZMlnd7hrl4t7HrwiQ+PCM2ml8iPNVq9JD1vffRHoA3RhwZzmr311Y4z8WCHLgRBEARB2mN6nMmxnD1ZKZer1iRRKP+vj9zoTH449MKZ7Dx9brSqA/smncnm7ybSz2x7t7UzeUV1GhqWqbvcu95YtZzt7gV3MHv+avVD0b79noWTzuSRmxZMZpZ3PbJ7wpxoyuG7adXr16Q4k/HNC2tzDm/YEyb/zzqTonr42Oj6+Wr+07fOX3zrqkljEzux+rmvGz7/xusqEmdCt1dsqW60FDoTBEEQBEF6SC+dyb+ts1/9ofgv78n/vNH1gansTSvmRLEnkdzYL7d4mjuTpcufoOH+2XMDaugPeuX1N4rFyZ+Ir7j6WnYvaPaNN6t7tc7ksv/x9zTl3//zvxwO+R9/9m/0481zb/vJ3/2jWsivrvyNeghc8wcfbeHOsuKZ59QMaiL9ODY2xuaEj2rOHyZTdya94sHGzuQNxpncs7Wmxxe4hRj7WSmn6kxih7luYJOn0JTzxk0Nz65CnQnXoeu5m+6jGw17c51afbK6dfrW9aM1u8bHb73hUS5FxZvhbcOEJpxJvPDXG1S/UVptyUne9I8+T0lKyvNbox+I+RFf/nMH+UidiXko/ry9pClwUvxFIAiCIAiC1KNnzuRv1zg/NOT7XYWNw6m/3+C/79vUqUAlV6q2nECsv3Ig1aYz+ek//yvnCm68eR7N8+rrq7hdVGvfW08zcM5k567dah6wJZCiOhPtWdZt2ESPAtPC7aIaHKoGj2oK/XjXgnvUlPl3tw5GZzyXnDN542zNrq2L+KPAY1SdyYnVW0k9mmS92jCiKce1Y8WKHaO1rTE8VWeidOhS/bfa06wdZzLZaDNBk5YirW2Y0ERvrvXRD3xFbu+PNsS3KRv/V20jCXEm9uQvJ51MffEXgSAIgiAIUo+eOZM3hwrZorJ0SWX8jLfw042Be79NnvJXPOmK0nBSIbMGM+uZNHEmoDvvXvjSK6+xrgAynDh5ik3hNDKqG691JmprCUgQqz9mq84E9LNf/PKZPz/PFsJdhlalElm9nv3I2pK5t81Xb+eHzMXjTJrE6I8wzoQM1WCYNC0TqONMXDuW0+EorKqZNOUQxoquU7sgz9ZTvH+gTDiT8a33Lqg2uQxvUMfGMM4kc9MNC17ZekCKJWKgIytVZ/LGqYksE8DV8kkTtG4zSZcPfBk9TRNT+Su2ULtSdSY/2ppkj/qZ4mR++U1WU1qN+ItAEARBEOTSZ9EmfW1CcdFWa21Kx/TMmaw3jEVy1b5b8PeMv/DT94k5ed80JiUqsXzlM7HYZpvJ1m2f0hQoRw36XW436xDUo9SUH//tP8DHvl9fzWajMprMan7VmYBvoSlWq40tVt3+6T/9XD3qdzfcRBPBh7B5WGWz9Yda/wCZujPp1TgTMBLtjIDnHMVkMwiTQp1J8WvVEmjQlFNDrF87zH2ccSakn5hicp67odqVa3zSmQxwHcOYy+iszaSdcSafH4j2Kxt3baimqM6kTptJurBtT3RbRFvgpPiLQBAEQRBkBlC037ZWNSfFm+/fzOzrkp45k0e/zZljldLEwJL8WOWPX4b/fYvv7q+TB+TyKX/lD0cTbToTWXaqiWrc73S51O3/+v9+pWb4+b//p5o+zrSZqPqnn/+7mnmccSa/mTVbTWRLULdffPlVNYPaXPPv//lfbB5V7FgXpBfOpDdzc42nv244a/CBieEiGkdx5PkF3Cxay9RxJu5dm4XafSqacjhm3zA5ql5l0pmMZ469RM47aZlUZ+LexXVLG117n+pMZq86ze4aJ+NMlnMpKslCM2cy4suP+LJ/PWFRVm+PHg0X+8/FVWeijjNZZ8h71BHw4fRf70lrCpwUfxEIgiAIgswIti6Zq4RMRWnbnwa4Qbpd0TNn8uO3nS+dLorxSor06SJ7wZzM3Ru8fFPobzc6/25j67m5Hnv8TzTKD4WUaYkU1NBfdjrV7d/PqQ47AcBgqOnj9ZzJT//5X9XMgDq8hC2ELUHdfv+Dj9QMYJZoIm2Z4U4Buu7636uZkYvImdCVFm9azDqNoq9/9vyVk5+1jmJMnL2EGeAh77rn3pq5uWp8izqMRFPO5GxawJg8++nDzOcqjDMBxHuWrGAbeSbaTMSt9y5ITyRuXbLg1vmLJ0fAk7m5Js2J/+uVb5xt9vy1zmFaheuZIAiCIMgMBszJzfdv7oktGe+hM7lsjf///SBywlcJTKyxCH836zM/f995+ebo5R9Ee+hM/u4ff6ZmAKugpo8zzuQf/uUXavrAwKCav31nctv8u9UM6ze+TxOvuPpaNg+rVCql5v+Bc1E5k/HxjHnritnzVhzp7z/W3//cw2RJkJrvj8ZRAK/cvWD9vgGzL+G3DNw5Z7H00aOqM0kPf3jTopVb9/XHYolj/QduummiJURTzuw5j+7p7x+1J8xn+x+ct+BIoGYvpdaZjE+OWqEfJ8aZFM+uvXXph3DGIztW3/nq137Tx5PjTE7Ie5bet+PIKOzd+mey4L16eF205mFaFcvz33QEQRAEQWYORXuvbMl4L53JO4Efv+M96x9LFiadybfuwpVb7b1yJk+ueEb9+LNf/PLLQ4d/+k8/V1PeXL1mnBlnAtv/8ov/UPeq5qSlM/mP//x/1I9X/ea6PXv33Xn3QjXFZCZDVtj8H/5lcn7hK675rVrmD5mLzJnMbOqMgG9O46Em0yL+9AiCIAiCIA3omTO5/G3vYblQUlYwGVdsSaJQuWV/6PKNgV45k3HGV3D61//4v2l+btZgUZLUPCdPkR4vLZ0J+5HTrXfcVTf/tk+3qyloTsZ74Uwmh78rEiI0Ocql52uP+kHSsTMZP4/NJvEC/zVHEARBEARpRM+cyf/Z4g9k6fzAJBYZK1f6PaWfbPRf9n6kh87E4ZA5t0DlD1Q7ymhXWvy3//W/acr//Ok/939/vB1ncvCLQz/7xS+5U/z4b/+BThmszT9eO0NxNBpV03+YTN2ZIG3TjTMJZnkLMR2Cs/AnRhAEQRAEaUzPnMk2azlXokPfx0tgS7zFn6z3X7Yp0r4z6YiTp06/s3bdmbPn+B095Ztvv3tv/cZ9Bw7yO5CmoDM5j3TjTMbPS7MJf0oEQRAEQZCm9MyZvHyuZE+Ui2OVQqnynav443XByzaGmziT5NScCXIxg87kkmD6Wk6wtQRBEARBkC6YkjP5+zV+1Zn817bIIVdZSlRs8cqCA+HL1ofRmfxgQWdyqRBvuLzJlMSfBkEQBEEQpA2m5EwS+Qo7N9ffbQz9/MPw/1gfvGxdqLkz2Wwu8GUhMwh0JpcWsXxv/AlOEIwgCIIgyFSYkjMBiuVxc7hkDE0orGqMKMIoWlW6hOHLDAedCYIgCIIgCNIpU3UmCKIFnQmCIAiCIAjSKehMkN6DzgRBEARBEATpFHQmSO9BZ4IgCIIgCIJ0CjoTpPegM0EQBEEQBEE6BZ0J0nvQmSAIgiAIgiCdgs4E6T3oTBAEQRAEQZBOQWeC9B50JgiCIAiCIEinoDNBeg86EwRBEARBEKRT0JkgvQedCYIgCIIgCNIp6EyQ3oPOBEEQBEEQBOkUdCZI70FngiAIgiAIgnQKOhOk96AzQRAEQRAEQToFnQnSe9CZIAiCIAiCIJ1S40wgoEShUCgUCoVCoVCoRvKE0u5g0ulP9FCuQBKKrXEmvG1BkLYJhUJqTYIqm82VUCgUCoVCoVAzT/FEig8EewRjTNCZIFOArUnoTFAoFAqFQqFmqkLhKB8I9gg2nkRngnQPW5PQmaBQKBQKhULNVLncPj4Q7AWFQoGNJ9GZIN3D1iR0JigUCoVCoVAzVelMIZ7IhCOJHioaSyVTOTaeRGeCdA9bk9CZoFAoFAqFQqE6FRtPojNBuoetSehMUCgUCoVCoWaSBHdCL0V7pXAspz1FFp0J0ivYmoTOBIVCoVAoFGrGCGwJH/lNjUS6oD1LFp0J0ivYmoTOBIVCoVAoFGrGSC/1fjIu7Vmy6EyQXsHWJHQmKBQKhUKhUDNG6EyQSwy2JqEzQaFQKBQKhZoxQmeCXGKwNQmdCQqFQqFQKNSMEToT5BKDrUnoTFAoFAqFQqFmjNCZIJcYbE1CZ4JCoVAoFAo1Y4TOBLnEYGsSOhMUCoVCoVCoGaP2nEnh1FdHTxl8fHIDtGfJojNBegVbk9CZoFAoFAqFQs0YNXEmL/T1jacMaxf2HTRHaMrRV+df1Te3NlcdtGfJojNBegVbk3riTD7fe/zllZ+88sanu/ef0O7tVJFosq8WSNFma0ehcPyGG26AEm655RaH7NFmuOAyWVyvvbmDTXln3Z6Dh85qc3J6691d2kRWB784/Ktf/Qru/amnVqQz9ddIaqThEf1vf/vbZ599jk184MFFc+bM0WZGoVAoFAp18ai5M+mb+9pgik/vu3ktn1SL9ixZdCZIr2Br0tSdSTiSXrn6sxOnTN+fMGz68EtI2b3vRDuxdSN150ySqRwE01ziosUPqYXsP0Cu7Zrf/IYLuC+swJmsWrOTTXn9rR3tPL3mziSTLf73f/+3eu/wcOjzAcuhzaxVXWdy5szAkSNfazOjUCgUCoW6eNTcmTywp9pawrL81318Ui3as2TRmSC9gq1JU3cmp89aILxWP+pNzpdXfkIFHyVH4NVV22H78NeD8NHri0H+4VGJ7vX6Y9t2fAvbJ06buGKPfvUthNTvb/6Qfown0h9//Amk3Hff/TTFYhWvueaaK6+8cv/+L44fPzVv3jwahbvcPrUQ+MjG4q+9tlIN1tUyIYK/6+67IZSnJ12wYOHH2z6dNWsWfExnCrfddvuvfvWrQ4eO0gw9Fzy6b46N9p8w0I8OZ+ibYyOqM6EPZ9fe42r+9e8ffOWNT+Hv2o371Dyvvbn97bW72WLhruk9UsHFq89nzpw58PGpp1bANtw7PD2aB57GLbfcAinr1m1gncmtt94GsjtcapsJPKU77pj/xhtvQgkHDx6iT+aDDz5Sny02raBQKBQKdaHUxJnsfvW116rawu9rivYsWXQmSK9ga9LUnUkqXYDoGfxGKp2nKW+9u4vG1rDrvY37aeL3Jw06owzO5PW3doB7oYmr1+6WXSHY2P75sXAkzRbLOZP/VgCrsGjR4j/ecw/de/CLw6FwbHBoFDJATm2bye233w7Zrr322lA4Dh/BtMBHtSmAtipAzH3vvffRY2mx119/w+q33zl3buia3/zm+RdehJAdEm+6+Wa7HGQLj0TT6i13LXAmoDferjabvLdpPzwi+vT2HDhJzwiPi1qXnbu/V6+BWjvIQx8gPVYtNpnKwTWDp1q2bDlNoc9H9Wnbd+wER2ET7JDN6wvtP/AlPI2lSx+HpwHPkzqTNWveXbT4oeuu+x09hHUmcNSu3Xs/+WQ7bDz99DMms61PMULg6/qUJpoRvV29GJDOILMfUSgUCoVCTZOaOBOgMFbz8ehXR0Gvze9b/kWhZkct2rNk0ZkgvYKtSVN3JqBhnR0CZbAc0TgpTXUmEGTv/+I0zePxRnfvOwEpH2+v9giKxTPbdnxDt48d11tsNeNAWGcCMTT1BrC9d9+B2bNn939/8oorrpg3bx4EwTR/XWdisYp9Ctdddx0UwjoTWuaNN94I299+9z0NrOlJwe3A9saN78M2tT1XX301nE6QfGzbzqYPv+yVM1G7ZsEGdSbRWGbD5oM0EbY//PgI2Lz17x9QD3xzzefwd+MH1RYP0MrVn7Elv/Z6tYHozbfezmqciao+pZUJ3AVsGIwWmkidyfoNmyDx0KGjNJFzJvAAwdLABqSrTTTwbPuU3ndbPvlKfTjpTHHjh5PXiUKhUCgUavrUzJmMDTbqzYXOBLlgsDWpJ85E1aurPs0yzgRi7tNnq8EuhNdbP/1abRDIKr5l937iVai4KJ91JnTkyZVXXnnzzXNA8++8M6t0taJNIi+//Gq2gTOhgpxw7PMvvMg6E1om7RumBtb0pPQoGmTfeOPv6UlBkEjNSTCc7IktyU44kxG9HeTzx/tPGOgjgr/sSBJwKfAA2RS6TZ0MFRyuLV+nN8FduD0B1pkcOfoNJC59fNmLL77cpzgTcBewEY4k6FHUmfQpHDx4iCZyziQ78Qwhndq8Rx9d2qe8JpofzMm2Hd+iLUGhUCgU6nyqmTMZH9+ysK9v0XY2xffF8rW6g+hMkAsGW5N660zUcJnaD4iVtW0mqjOBUBuCV20hVKwzoX2TbrnlFi4PBMRgGGi4XNeZqINDIA84jTbbTOgha9a821c7TKWavm4P2JJ9E/c1RVFnEo6kt39+7NhxPTwx+ohi8YzaHlK3zeStd8ijVttVOCWSWXW7T/EerDOBJ6D20aJ7ly9/AjastmoXLOpM5s6d16Q3V5ZxJrB9//0P9ClO78yZAZo/Gifvd++BU14/aYNCoVAoFAp1HtTcmVRnDXZXfQiZNfjXC8fHj6EzQS4YbE2aujM5dHTg6+9GTpwyQbBOg+kPthxevXa30x2G7bff2z2is8P262/tSKXzrDMBrdt0YOXqzyw2z/4vz0D8zRbLjTOhv+5TILCmeym0zcRgtNCP3Ah4FbvDRd0IhStz8wcfqSelx0Lmzcyobhp/91zUmcDGG6s/o9MHq48I7Mrba3e7vVFwenQQjk30vbdxPzzMI18PwvOElEAoCQ/wyyPnBoYEtWtcduJGKLQRQ30+4C4+3f4Z3aajd+CJebzBu+/+A02Ex8uOgIcMK1eugqfRxJlkmKnAYMPp9LL3iEKhUCgU6ryphTOpQlZaPHrOxic3QHuWLDoTpFewNWnqzgSFevzxZc8//wJsRKPJZ5758zS5OBQKhUKhUC3VnjPpDO1ZsuhMkF7B1iR0Jqipa+7ceVu2boONQDCyaNHip1Y8rc2DQqFQKBTqPAidCXKJwdYkdCaoqYuuhdLX1zdv3jzaLw6FQqFQKNQFEToT5BKDrUnoTFAoFAqFQqFmjNCZIJcYbE1CZ4JCoVAoFAo1Y4TOBLnEYGsSOhMUCoVCoVCoGSN0JsglBluT0JmgUCgUCoVCzRihM0EuMdiahM4EhUKhUCgUasZIcCf4yG9qJNIF7Vmy6EyQXsHWJHQmKBQKhUKhUDNJYE70UrRXCsdy2lNk0ZkgvYKtSehMUCgUCoVCoVCdio0n0Zkg3cPWJHQmKBQKhUKhUKhOxcaT6EyQ7mFrEjoTFAqFQqFQKFSnYuNJdCZI97A1CZ0JCoVCoVAoFKpTsfEkOhOke9iahM4EhUKhUCgUCtWp2HgSnQnSPWxNQmeCQqFQKBQKhepUbDyJzgTpHrYmoTNBoVAoFAqFQnUqNp7sxpn8dmP0R+tBMX7H+eXY830yn4acV9iaBM7EEy6B3KFijYIFFAqFQp1nZbIFjnyhEEvy2XqotOaMnZLP54OhsNlqM5gsOoPRaCZ/BdEeiUZhl5onlUrtOXBEZ7TqDCaDyTyi0w/rjOcMYiQaqy2vDplMVmdz+oMRfoeGSCyunvSCM2p18kld4XC6dVbnWZ2N39GUXC7n8wesoqwzWHbuOmC1iTt3H5TsMuyCl3VqUOdyu7/7/uTAqMloth4/eSYcjrTz6NKZfCKV11akmSEtXp9/aEQHGrXKp0es7TyiJsDhOouDS4GSh8w1iR0RCMeMgnP3/sM793xhttj8/kA22/G3Os8guqOjNo8rWGClxofeyJgqNp7sxpmcPpV44Iv4P62PPvBFoo6+SZkz/CFtMRax7X/rql/39V01a/tQhN+rAZ3JBYetSaozqWNO0J+gUCjUeRQ4EC3uEJ+th5pKlAURTDqd8fn9I3oT2AzwG2BIIDCCeJfGNzRbMpnyen02QYI8/SdOm60i5IKPiUTi1LB50CgmU+nagusAkRY4E68/wO/QkExnugjLpgmL6OKTuuKsXhwySaauSoMX4fH6rDbB4XDt2X8I/Ekklvjy6+OQCLti8cRnuw7AG5EkB7wgm12OJxJ8EQ1IpdKByIyyKIkUX3PgEY3oDGCkh/TmEYvsC4S4DJ0CBZpEN5cCdXvAILCJHQG+/eTZoT37jwwarEaL7cDhb2RXzSmaQ7+tOYVslZzeJgvOqOzPUTkDedWiQLhIbYkvWmbjyW6cCeX0YdpyUkd/MPCZ2yDV1zfrhW+rhsS2eWFfX19tBh50JhcctiaBM4HqpZqThhYFhUKhUNMsjmSGz9ArxZLFbI4/XUsgfIGYxWZ3QnRrtAomC2n9gG2X25NKpSDEgTwFYkWSdocM3kNvNEMevdFkFURZdgbDpAmFLVBnsQ+bHV5/kE2sCxyoF5wOl4/foSGTzYVCET71QgCPQvZqXmrn5JR7N0uuvPKEuwauxxeMyE4XvJEDR76zWIVde788+t1JsJCf7z4ITxhenGR3wF69wQSvz+lyR5XmLL6gekCuWKoYjOU9msp2SQgCbqscGbbIYBIsklOUvU5f2BuMQh0eHNGNmGyjVmJL+NvunFy+4HD72RR4yHDSEbPEJnYE2Evw/Emw+JksvMoTZ0f2HTxCDf++g0ebv8GC0raWyWTg7cdisSiD1xeEa/P4YjaZSHDGRXfS7kmDUYEn5o+Vw/EiG09270zGA0mtJ+namdjW3biF8xn9Lzz9Lfn/vkW7T729cNZVfW8NkY+v3TsLTMtVty1nncnTJPGqLRMtLS/0zSrYtkM25XPhgduugu2Fz24fbN0Sg3QAW5OoM6Hi/AnaFRQKhTpv8oZrIoZQnM/QE0WTNWdpTkGxBJFIFOwHtRmjeqPB5jBbbCMWWXb7VDcie4MQ6RrN4EPMo3qDXpCHdYZYLM6XWIvT5RmxymabyO/QAKeAqFFwkEYDfl8tcMGisybymzrZHLid2tfTBuDWQpEYn9qYRjcmOWRwJnAN/I4pQBpSPF6D0Xzi3OjOXQe+PPItxLXqs4VzuT0ei00w2OzwQuHte7w+eALKL+yNLrMGKJ/0+NJUv4tQJrt/wGg3293pdIa9hUw2azBbzw3p4OGDc4gl0uzerklnc/F4gk0BI6SzyWD42UQWcA7BUDNTZBZlME6Hv+rfuftgMBJzuT3wVf22/+Q335+O1p5LC3Wk8LfUlDEGehRslMs9ajMZH89qPUnXzmT3or5BLsm9/cZ1Nvj/vrvfumr+8k07jhJfIW/vu3HJ4LlTR3e8Nmt21Zmk+l+48bFNgycO9vXNooe+AD7kqhsPfnUUtiOfP7Bk48HBE0cfuPutwTG1dKQHsDWJdSYtzQkKhUKhpkn+6GQcUCjwe3uiQGzyFC1Jp9Nen4/20TKaLSQ+tTsgPCWBmtUBjsLp8Wez2UAwaDCZIQ/8BVkFwecPGgTXmVErX6KGSDQGOc/qWueEYGjIIlslN2zw+2qBDILs51OnRiaXj0Y7eXYK0UQqkUjyqQ2Ay7a7/dF4it9RKp3VC/C0W954F4ADkb0h8JkWwQ5vEN5dIlm94KJySQbBSbyoyQJSNsyy0xUFx5lMtXk9uVw+nCh5I0VtbbzgsvvS8GBNojuVIq6Du3K9wUQaTIyCTnBC3eP2dk0qk+VsgFFwwHdKlD1sIksynYYvGp/KcGbUMmqRLFbh+5Nn6IszWgRwKUe/+Z7PWgv1GPF4nN/BwHoSChgSMEt0m40np+JMxrWeRFHsCTufsyVb7tZ2zTrW9/wx+L++vrlq0gu/nuzitWm+csjQW7MmDIn80fztbiVbX19hIhtxJh/xrmdGMRbpW7iWTXjhxqtS7Odpg61J4Ex80TJrTrTSfp9RKBQK1VuxoVGu184kkiilmsU2BIhRyIBpQaCRqMFoFgQpGAylUtUwtEBGP2dG9Ea91a63iiarTU9GjIg+ZcStGttlsznwG4NmR03p9SA/SwuucwaB31GPAaOot0p5MG0aikqDQ6FQhMvzhWImwcXnmBqZbC7TNDSsi5eM1+fj3SbALUDEb7V7zRArK7/fl5Rbg7AVnIPb4ztw+DvwEvxhvQDOAp7TIbuovTRYBH8oCs5TL1S7kOXJmKK0PxAQJYfJYoU8YFaVzBZBEB2yMxAIZjLVa25EPl9IZorRRMEb4evneZM7VBRcsRGrU3T6/GHSpsdfJTiBVAqifJ3RRG0JOMx6ubrE6fZypY1a5WGz3ReM1KROkM4Wh1v5IjhcZ7WrH81W4fM9X8AX02y1qYl1gduHb24wGFRTaj1IDWUG+DdBkD2iK8TGk1NyJr9dHz3kyOfKfHoX1O3N9UI/+f++vhfUtAeYwSe0NxcYj76++ZEJCkqryAvcGJVC5On5V9342G55praZMObkvNmS8XrORJXWlqBQKBTqPIgjmuQzcMpUf7VsnTNfrCmZBWKRYCgs2WUIMY1mK4SbgWAwmSS/3KsZcrmcaHdABgh0dAaT0eZwefyJBOkWVltYFQi8DKIbglp+hwaIeiHnkMnB76jHOb1t2GTPF8hJ/cGI4ApYHF6d1TlocuhsLk8g7A/FYgnwJtlhi5M/eGqAT2gas9XHKLqbh3pNiMRTQyYZ7i4cjo5Y5HQ68/if35w1/7E/Lnn2swNf8bl7CrxWsJpKQ5nVZBPBh3h9fvVnfi5nIpn0+fwOp4u2rVHTAlXFZLHJTlcySaZ0aPQQSkpkDNU4mS5oK23PZXWG9IJn1OJwBdKNLgkIR6JwFyM6/YjZrhfciVSWzzE1Rq185YQTnR21QL3l0imC7DXZvXwqA9wLfNeMgkw/xhPJ/Ye/hUQyfEVv1Bktjb6nY8qx4Ez8fr+aYjQadyvAhpqyR4F1JkkyqCU7YJLZeHJKzuTX66N8UtfYNs1V+m5NkDq4rO9olmyxzoRtM6k2s5A2E36sPO9MFCDbA5/P2IEmx56fZQBHkjo2983z10DE1iTOmaBFQaFQqAsiLlhK5/gMrCLJdnMmM5M5ObL5kmR3QvgCoRi4DohH2YgNtmWXT2+VyIxbyozAkkMOh5VfdplCtMB+neDSKw0X/L5aCsVimx5mrOpMJHBEsG2SPIIzILmDkQgZog3nYc802J7VaZ9oLN7qVuqgjUE7AgweeK0RC5ksOJvLzbr94SUrXk6kMncsepbPOg1AwGqyigbBRS0r1AHwHuBA4gkyboHLTE1LKBwBB6tXbAn4E+JjITI2GC2iA8J9MFfcURxQQiJdCCdKPk0dnqKcgRx4khGLy+zwRxIt3qTeaIY7HTUJUDN7bnGBEU2ZxJnoLAXNU6WA6w6GNb9bMCitai6XL6CmBEJR+Au3GQyFiVe0SpO5FdQvJnUmPp9P3QWeZIECbFATAp6EpnDOJJvLQw1n48kpOZPfbuInDp7KIieb7iXj1LfsP3p0xybYuPEl0pVrvNaZjEtbJsaZvMWOM+m78YGjXx3d9OwDNIV1JqdWzj14wmA4cbDv1wu3a3qMzSTAnMxdef5syXh7zgSFQqFQ51kc2gwgf6xc27GCEIrXyZbI8NkoyWRK6ZNDzIbRZk8kM8VSCdIhLkmn02SGWdFuNFssNsEkOIYNFn+IjIDhS2kMXN2gyW4QPbTYJsAZdYIbQsAx7S1pMNhkiNL8gRC/Q4NeaKvA9vGQsI9PbE6hUBwwyXxqV0AYGQyGHlj+MriyfD4/645H4e68PrCRHV5TJ8ApzFL11UDsG4klgkp3L8WjmsngeBOpIU6XGwwJ2BUa7LKHQwrUtFgs7vZ4baJkVPKDyMTSogSJ0WiMjsNp9LIguVAsJTPlaJLMBOXXfBe0olZE8iascnDE6gZJLn80TuwIX7oGuE16bUMmySh5hi2uBtfVDLgdi90DtRoqodXhsTk8sjfoCcaC0UQ8AdF8btTmqs0/Br5CchJvwKZP7C25/MSW8DsYwPXB1YI/53cowMOl33S7gzSq0ESDybpn/2H6jjKZjN/vV/NTH6J+VKGJlQmU1rCizeln48kpOZMfrY8+p4zrqJJLQ0qOSUBmNmxNAmfij1WotF9yFAqFQp03BeI10UC+WLM3m6/Zy8HmzDTICbGIxUYm83U63RBNsukQcdIZfiW77HJ7U+kspA9ZnKBoIj1ZRHsMmBwQ1ELMyu+oBc47bHWBh2nH+bi8AYjqRHvrcN/tDzUP5saUqJeqHQQIHPm0ZkQTqWGLE8Tv6JYXVm04O2ICW5LJZuf8cfnwqPGKOYvg4469h2j3Nv6AKQOu0mAjL5HfMUGerIUSt8tOqE6k1U2xHOT/RIiBnbCr0VVls1nwJKR1RZmemB5Iqx/UvUiE/N7f6NiyEqzDHcN3IRQn62mAvMGUyR4asbqGzLLTGwAPAAaAP6wpcLpEMmmwiKMGM2zDXZNYv1jk83ULMQDZbCaTjSczFoeP3ZXL5+FcqXT9XxHIIYkkn1rLqFkyEgPJp7OAe9GbrEaLFZ48fDxzbmjvgaNwxOCI4cDRY6wzMZlMXMetsmJIIFG1JdSZFIulUDzPxpNTciYjo/yIhu0D3S2yiFySsDWJdSZoUVAoFOrCioMmhhPllqF7NFVVE6ySG+I/t4d0W1cTg6GwMjDAKkp2CDjYsHDQQPq0BMIkmukIk+QBvyHIXn6HhnMGASIziHL4HRrcviAZlGIU+R0aSCNP40gNwkSr7Bs0O/WCG64zFI41iYMpZoe3RY5azJLHYvdCrMzv6Aq4vJsXLovG4rlc7tBX37+25oOVa/9y3e2PQIi/cOnLENQO6cC01P/JvGuoM4FYn99RC3URcGEerw9MBngMo9kKZgNcB9Qovz8AFiWXq2OUx5Qf7NOZjMtNpieGzNSf6JQZscDbBEOhRCrT3LLCS0mm0uBXrQ6fO0AWsWn1Juvj8njhgs2CnVZF6kwGDALYCT7r1IC7ltyTNgCAJwDnytZ7ROX2nMmQwUqatvjkGuCxwDsyKj89BIOhk2cG933xFaTv3nfoi6++Z50JC2tFOJLKHG7wfNh4ckrOBPmBw9akus4EhUKhUBdE0VRNBNAsOmgbCDIEyQ6Bo1WQCsUxmgihjD8QhIgQ0kXZD7FL7UEEXyhqlLyDJge/oxWBMOlhMmQS+R0aRi0SnALCbn6HhnAsCWUOGluXGU9lcvk8n1qPMun65YHgj99Ry6jNzSc1Jp3Ne0PEy4HtURMhxCzAo28V8NWFvD6H++XVm+9b9spbmz6F0PnquYt37j2USqV/c+tily80+84lDz/5ciyeGNWbYS89KpZMfX7w2y5ORwFrZxTkYYuT39GKsmIYIGYFx2t3OAVJMpmtVkEExyKIkig5oNbROWf5I5Vj8/l8OBIFu0InAaOzMsCGTZQgMRyJ5CZW0uAP7hwoJBAMWawCXJnX5w+EIya7R3a5wReB2TOKTpPdaxCciWSSXvDUTzpG5quoqZneIJzUC1E+m6gCXisYbVE5jaJLb5H41HrQfwfgZo98e3z/F1+N6kjnte9PD3q9Xj5rK2ibSTgaZ+NJdCZI97A1CZ0JCoVCXVSacvxTA5Qme0IWmwCRYSpLwkFIyeULktNLOtKYLPRnaf4whVJpjDgTo8TvaEU8niDNJmYbv0MDmA04BUSF/A4NyVRKcTsSv0NDMp1NJtN8agNEp9/mDPCptXTkTCQnsXmqM4FglIwVtrlBFtlHBhvkCxDV0Tz8wfUok+UjChDrQ1BORy5fMWex0WxzON1PvvDm6vc2nxwywt5Ri/33C/60+v3PqP956/0dv//Dskg8WVBWkecLbUXXzoSFuBSIxaMxiIYNYC8EURlqQlbtFJQGunyezNylfQ7KgaR1C/wCOGez1QbOBI6FEuBYg8ns8fryymNU7pU/vB2g8EQyRUfq00EaTpfbIpCzqII3CF6FNuPAZcBJU6nqepTUqHR6dniq8NVjU8BY0qm32EQVuMjmzqSsfIOGjAK/owFwIoPZevBo/4Evv96975BDdg0MjZ44dYbP1wraZlLu3UqLyA8dtiahM0GhUKiLSoX6v592A0Sz9IdnCKdoSjKZouMBwKiA8ajNzgNBl5EEZ966LSpNyOfzOpONbTRohMcfglMYLK1DK9IdRSJdpPgdGlrGcyzhWBI8Q0mZHDmRzsZT2VA06fQGfVBEmjR0QB5d286kUCw5fcRlQdBmk/3+cBz+wjOne8tKOpwrFotL7hA8nyGLa9jigtNFE5lMNldT1gSyk5i3IvOz+ucHv37kmTevv2upPxD63fxHi8qIiOOnB88MjD714tvpTOaTnXt/ffODgsP19YmBq+Y+tPyFd5jy2qInzqQuZaVFxe3xgiWwKrMSE9+i+A1ITJAf48kz10JtQDyR8ATCouSACkyPheoNxzpkZyQaTWfIei/8kbVkcznwRcrhNjgdpHh9fvI1sdi0ncfAVuULhWw2C3kku0yuWYBrtiktkMRumSUyfRnpfhYMJcDrpMiUxPwpJ4jFE5wJsTi8eoH0+mMTVVrW5LJigP2BIL+jKXv2H/58zxcmqB9uz7mB4Q+3bJ/ctWfPwoULmbxVuESv1yfZHfAY2XgSnQnSPWxNAmcSiI9r/9OIQqFQqAuinpDL5e2yk8ye5A1D+AIRGO27BWFcMERS+AMaMGiygzPJ5esHi02wiaTXfsvzxBJJveAeNbVuXYEoTWlgae12AHcgyidpgEuLxpIjVrfo9EP8l0ymc+Co8gWwYWPKb/aJZNoXTsBeOmKEP74pkF9wBdtsbCkrE0MFIwmL3esNxthTwbZOcBuFOn6M/mz/4pub6OELH30uEotfe9sj8KAkh/vtDVsD4eiVcxbNumMJGBhQMFx9JjR0rus2P/hkv8fjq9CnLbqmw5lwlJV2FQjoQ9E4BMpkFi9lpApZTcViAzMQCIYa9eAix5J7L0H19nh9IumySGo4NS2CBMGzU3Z5wPAIIulUBp6c+AqzVZRd1M5BsVZlRULZRcb6c+U3gR6rt8nw7QiGIz4/WYMSLl4ZbEPm4Kad0MhPAIId7gu+feFI1Cr7VPNDyxmxOAYMYkXpXWkUHL4QGWqmngUyByINOzpCzkg0Rr6euTw8PYfsol3gFO9EnoOJPEMr7UQHopcBXmvfgSP7vzgKT8nu8u74fP/J0+fUMqkzMZvNoVCIpsAGfIRENowc1Rtkpwvumo0n0Zkg3cPWJOpMqLT/gUShUCjU+VSgYRzSAcUSWZZB6cElQpwDQR3ETGbRCcGKN5TqJACrQNhktHvD0Y4vS3QHjJK35bkgJIW4v80InjqTVkUSZC+ZXJhPZSiTwdMZOG8ylR5rlTOWSMne1v3NWOAoyR0CV8PvaEqJLAXjhtOpVwTvDm7Z5mg4EoCG7KWxsZsWPGZ3eucvWgGR+vtbdo6axVJp7Io5izZ//Fk4Grvh7qXX372Mdlt6Y81G+Nt/apAMFYjE4BWMKcunZHP519/9yOMl11wslUyiZ7iNFqoeQsN9sCJkqi5ldIrag8toskBUPbFu42RkzzKmjMWHbGZlnlx6uEWQzMpIEjrNA9j1dLr6xqEQiOYhTyjcgVdn0QvEmZSUZhB68XB18XhccnroXL20jYXeBWjY7IB7sctyMBROJMgylIozEcAm+cMxePVndbZoPDEx3Ta5I2+o/lePvPRSSfb4TXaP3mCikzhbbOQ2yZfdQh6g0ppEPlpttB8dEVwSmBN4SvAvxLDevH3nvuPnRtRiqTMB1Mm41BQ2jKTzRMNeNp5EZ4J0D1uTWGfSjrT/HUWhUChUr5TKqkFCl7j8cQhGRMlBe8VA5Ek7n0AI5Qu2bkngSCTTo1b5nKF1bysOcEfKr7n1eyipQHwzaBTb6fcFkNaDNtphKsTDNOyBVigWQ9EEeJKW18aSyRUsyo/T/I4GwNkhrE9nunmdYBXg2KQycbNVkpVbrn8vgMsbhKCWDNgYG4vE4t8cO/7Vd8dn3b4Egtohg+29zdvhfp965T1fMJxIpu566JlCoTj7rsfh3q+Ys1h2eWbd8eiTL60FN3LTgmWPP//ONfMWR6JxcGupdMYguNrpOzetwH2XlRV4PD6fTZAsSmOIWVlTBeT3B5KpVKNecBR4euFogkvMZLJWQTIKdrNNbNL5qiXVvo6N3w6F3kWZjBfKRSJRh+ykDTXEJwh2k3JT9BtqER1UcHl0RI3BZidjbEQZPBUIjgVT4XR5YJfyvbbqLKLk8tEmIP7EtdBrcDhdcKDL7clk84JkHzEJHq+PDxNbgb25kB7D1qROnQkKhUKhpk+VCv8vdpvAgT5/AMIds1VI58pQDAQqdN6haDwdisT1VodJ6HjdYoh3IULVix5+RysgSoJIyxsI8zs06GwuyNnOfRtEEghW2nhGOsED8SKbUqGjbuw+b4iMHGB3tUmpNOYKREPRJL+jHmWyGgwJ6/kdbROMJS2yHy54xNLwrUHxozZPLl/wheJgxsB1QGI6nTGabbCx9Pl3EimyJsQjK1aVyGrfuQf/9Cq80CdfWQch8o1/WD5qMF83/zEIat/c8KlNtBcKhYeeegP+mh0+OC8INuDV62xOpzcYjqXKU7idXkGDbLBb4ShZwxFquzr2A/7KTncgGIInAK+YCiqMxxeofoQHpXxHjGBvHF7YBc+EP0HbVJQabpSm9JahSttdxBjAs9WZRfDe8MybyCS5VVkkp1l0kMmOySAZ0kICfkbpUWY1K9MGwDMRREmyy3aHDM8KLA08nEg0qjQf2ZRmE6s/GPJ6vfxltQIeu94iGUUXG0+iM0G6h61J6ExQKBTq4lFtON0BwViBdNsQxGBMCU+zJclBfpp1eYPjShSlt4hGm4M/rBVwoE0mMVyn4ReN26yO1pbG7nRDENxO8aNW0nmmyZXQsLVCWlc8abJ6HWm6yZNxCCnZE4Qg3h+MNDm8JVDgqM0NZfI7NIAvgmvgUzsETke9wdhY/WoBAXogGKHbYdIdyFMolorFUkGxXi+sfJfuevejXQPD+n1fnTj8VT8U9fjz74CZmXPPU0Ojxll3gDMpvfLuVo8vSBZIeexl+DtslqAouFN42oo/IRVgxOqy2L2F6qzE6iVcSCpK2xS4LFlpB6BT4iodt8wQfFOZJJfS+FD9CHvha6I3C3Bfg0aRL7ETaA2H6HwqjwOciUNxJuOKmz01YqLtMFpP0kyQn0xwLBsFWWe06AxmnZFoaFT/Xf9J2stLUbVXGzwBncEEMpotIzrDiVNnai+qNcMmiV4nG0+iM0G6h61J6ExQKBTq4lG6899wyWBlC5kUOJFIVpSACUIPCEGMyoRXarZ4IgFBTDbfOqrmgPAXDoS//I5WjFjdxjYaW1LpTHO/oTJqdcKVjI3Vv4VisWj3hAVXwCb7zRKJ1ezecDxO1o7sYTBtk33eYBRuzeLwQXzP754gncmGY9VVreHcmWze5Qv5Q9FwPBVLZZOZnDqqu/Y4HrhsONzpj4BVcHqCXEMQxLXcjYUi8WGrC3KyiZBHb7CMmEXlOVQee27NI8+89cxr677qP/P7BcsgxWwV5y9+bvMne6+Z95B6iCsQVfopkTJNoosEvpLHrPxsP2J1wnOIJcjUseyJeks+n4fHlExnE6kMVSSeBEXjZLoqPrcCvUEykcEEcLVOt1f9CPczYnND3ZBkT1ZZpYQvom3g3ZkcPngvjS6mHYySm2tXhGID4dioRRoyCieGzWdHzWdHzPDYz+jFIbNdZ3OCDFIz6/LB1u1vvP0e6L1NH61cvXbH/sPEuii7DMqsBjqrPZPNKmPjHV6fPxKJhMOt2zZVdBYJrgG+s+CZ2XgSnQnSPWxNQmeCQqFQF49iaf5f7CbkCmS1RPJjsZPMpwRhZCxORpWAM9F2vCmNjUNo4p/4ib19oCSIQnQ2F7+jFQMGESIYPlUDxOcmuw+iRn6HBhNZ/M6XTpMeSheEMmlB8tNteOCReEovklYFyRVw+SO+cAKMR75QEN1BsC6yNwQRJOR3B6KZbA6OJSJDDiqQJ5XKhGIpOAQEx1odPl8orn1rKsr7LUNOOGMimS6NjUHIHo1XzQ+XEx4pKTBMBk9r9+ZyvP2la4OQ9pYJp0FKkMlQeDYbXDm4AtHpM1hEYlFIi4oXYmujIMOrcbj98ECqq9ErDoE9thH0vpKpdCAShxIsdveoVdYr3fbMSouNInIiVkbJa7W7wbfwxWlQQ3+4HPCuULh65ZMlk5kV3GDzYC9pl5NcIMHpg+tx+8NUsM3IB3tpW6K24aXNG6donYmWCmmcIZ2+lPpDpiOD+hOKJf2BkNMbsDncOqs0YhJPDJlAZ3TCgFEc0AtDZseBo/0r335v68591FKq0gmu786O2kTJ5w/YHTI8FjJldiIxMKI/dmbkxKCe6viADgQp35wYONJ/5tCxM9+dPNt/ZsRghYv2J5IpqDRsPInOBOketiahM0GhUKiLR8EE/y92IyD6A0tCJyelgaDV4aGT8zT6JV4vukesHRsMwGj3DpvsfGorBo3kt1U+VQP57dnui8Va3zmNJqNt5Jwm8sVSPFEzzgTCRHBKYEVA4EP0gkev9IMCmR3+bI4YkpaBKo3OR20euuYjv5sB9gbCcZ3gMYhehzdUavyTP5nTVvRCuM/1PQOPlNEE9PBUIdBkc0LJ5gYNWVDxJCcxJKNW8sM5sRCkuxeJ8kdsboiJBwyCIHtC4Qj4HXA7pZI6RJwcXlFagcD5wK5cvgCx9aBBgMdlEGhpJHRWHYhecMLNDhlFqmGTRGQmM1lDTrC+6UxWdVN1UUN/sDEGqwMK19tkKEonuPWCmy70zhqVOr6lvqrjcLTORHTVNFg1p01nYpRc4Ij4HROUlUmH4ZXBo4jFEzbZd05nPjFk/HDHwa079p8ZMQ+ZnSCDSCaQoDd4VkcGpQSCIfAnysxsxUQy+d3pEXgXIHiDxwdN354aOvL92a+Onzt2enDULEWisWQylclk6Gh7emo2nkRngnQPW5PQmaBQKNTFo1x7faaisZjZSrqPw8a4EnWBRbEI9hErmX6Xzz2BRXLrNf1/2gHCQVN7g9RZfGQVRW8jm6RSUfrru7wNAy8VCM7azDkdpLM5MA98ak8hP+rbPE38hgqE9UIbEXChWHT6Ixa7t6S4DvgLb4SrAMpkZaR/VDAcg+pB31ehNNZonAwEsuA5R63VcfnUc0BAbLW7IehXuxvRKF8VxNZgPyCOh78QjjPpZIS9zuYyi06w1qFoXLExpFgoDZxD3doKewWnDw6khQyZ7HWbj8aV0N/u8pms1UYes8Q780rVLFUtE5DL58GneUMxuycAR1nsbrgw2e11+UKqQpGoKJOGHaNYU6ByYQE2pTk9cSaNUB+demvFYgn8SfXhW2103VVIj8aT4DPhXcBeeBeDBmtJmZ6ZhTSFKZDXMwEbT6IzQbqHrUnoTFAoFOriUd04jANCBpOynByd8BRCBSNEGaJUKBQld6hJ13lfIGQm4zTaOEctNNBs59pYIFqF07V0JuNKY0g7Y+WpM7E6Op5KqCe4/BGDOO2njidIDzE2+NMCO11esv4gv6MeUJQnGIUrh9DSFwiDd+UyBCNxCFirOQNR2omriTOB85LWsAlnQqkoP9uL7lC+UExnsh5/UGclK3Uo7WZk7rXa1gbSgWrIRDIIsieZStOmFRo9q2UOG0VwJsxJaoAAOZ5MkWH6E+0A4EC0zw281oBBUjqGeeFi2qmNlAqxKGSaMrpciRbJHVQ68tVMuVshK/mE2JTmwFX5ps2ZaIGiTg6bJpyJQH/RgH8xBnRm+nbAmXw/YGg+kzJbIBtPojNBuoetSehMUCgU6iJRvNUAikxucsatimJR3IGkVSBrPNOIAf6MNggogXSuDBGJtjNPS+hQkEyHU6xCvAung7iT36FhxOoyS62Dfk8gYoT4qXG0Ok3A7Y/aPB5lNRh+3zRQVuYWK5YaOkgyuN/TQfg7roSkIbK+OB9ZwkeznY+t4V1DxK/1MBSnL2iU3KKTXwQDIvhoLM4lqlQU6wJPknbt4nfXY6ipM1EhtxaOjApkXDtc+bDVFQxH1KkCDCLxLVBUmcyk3RnxRLKJtaYNib4gP37dEyTNmG0CJUTiLeahrvTOmQDReNKkNGdZRHs6kwFn0j+gpylDZme+8aQOdWHjSXQmSPewNQmdCQqFQl0MCjYM6ggVzYxbHq+PrF1AfvisMQyCM9AoCINUoyDrLRK/oxUVZRC8xU5WOeT3NQaiNAh3XL7WMfSoydZkRApES95AeNAkVackasPD9Iox5RbABrQXS/cSMoze5ta2gAUiCbpKydSBihSIxBvNutbojk2iC56JJxDl0pUJi+sX1R1DZAlOvvNVE+BZQRXVW+20TWDEIru9fjBRNmeXMT04E1PjOq+M9iELYrKJpdJYrLE909KmM4FzCRor2DVndVY4r1WSBwxkHmHaWqIX3Kl0prYDVw3YmwuZRtiahM4EhUL9EBRMQJRJpN11YQUXBiqOkWtrBMQCsstDlmKQXPkC6XiTSqeJSzFZIgk+FiyWSuFIw19tdYIb4l0+tQ3gKDi2naU8VMjv8Q4ywRG/Q8OAsc4sXnB4NpeTvSE4L/1Nl4ZQNvk8OZNkKm2y+zy+UJMps7oDorxwmMzJq23EUIF94WjcKPE9lLobKVSXQqGoTHrLpzeH9p4KTcyJrJJIpXt1YRTiTOydvWsyb1W+MGy0keHpZHYvMulWy4EcjWjuTEbJN8KTrW2BhC9ILH6xOxOL5CKtlA7vWT2ZbdxIpibzHB805gstAOdZKpVYc8LGk+hMkO5haxI6ExQKNeOVYH7WTOf4vedZwfh4OElaIZpHcfBffwgElHWdSVOJyWJTAgKIvSpksLtNaDJ57mhj7yH7IhCxNeqg0gQ6YCDSybxYFbJCOZn+iN+h7HJ5JiMtGveMjZVXrv/khj8sN9ukaCxOF2GoTvpkJilt9wNqTaO1C1Wy2Vwmk+3Z+SaAMBSeCQTxcC8QRsfiCcEViEQbxrKQbVTp2UU/BqOJdO2P9FNBcPrt3tYtWhx03HlBWcyRxeML9vZpdTfvAqVMRqL7h02k/STaKvRvRBNnUlFMxbBRHKtt1MqT0L3ZXGEsZTIr3QVwJnBHFrvbJtq/PTNqFux6oc43tDljytibcXQmSK9gaxI6ExQKNbPF2hIgqMlwfhTPtB5GApApaO0OxXsQQ+L1keHINAhIpdJGwWkTJQgpmkfMhWIpFKmzlsX4RDuG0HmzQzKVgQMHNHOkNmeErA1Xp0MOxEazbn90XOn1vmPv4Xc++Hz7rv2bt+22CmQNuN/e/igEvjaZLJBX9y6mjtnBL9ZxHoC7tsl+rSnyB6PhaDPLJ3vD7mAsXyh0NO9Tc0qlsS5GzlTImAfyE7u2HanRiPmumYozocSUMRV5jYlqk2bOhPRv9Nk0biGRTGkeTEMgvofLa9k3r+fOZFwp02CyWO0ug+g+PWrmd7cCvp703yU2nkRngnQPW5PQmaBQqJktNk7IF/m9dUV7WPXKw9COZJXGHffHlV2hUESQPRYr6flNFk90OIvFInUl5XJZdrkFyW6VZLPdw/1Mq6WsDGuuO/kslEbaImxipyFpXhnO3ulyKKT/umYZ+IrSZDH7zqVwX8teePd3dy7d+NGO5S+tXbl2y8YPtz381Gu/m7+Uxj3cgT0kEIzUjTinFYcvXLc7HFxJ86XEacsJPMl8ge+81zXxVDbZKibWAlcCwTo4ZO3VXmzOBA70BcOkBM2ltokvEDJJTZyJFzLUJlYgpf2zXXBnkkpnhozCsVOD/O5W5HI52qeLjSfRmSDdw9YkdCYoFGqmKpGtMQPNnUaw3oy9kBJO8jnbEbgROHu9kKZKhUxVVCkUiuA3LJLLKkhWyaEzmFPZajcJ+Et7c9lECfaCYwGnoUzA6lPnHWpCKpM3SL5A7YrvUGaRzAZLZjFqMo2SFji12xekIz3aifPI3Y2NJZPpbDaXSJNgGg7K5UhXF9g16/ZHH1j20vV3PR5LpK68ZfHBb05nc7lr5i0+eWbgvQ93xBPJw998Hwx1OTagTeAy2lkPpIfAGbUmTQX2jtrcTbp1jSt5+KRalJfrSWdzdU2pCuy1yH5T7ZRcbZLL56EaaAcFjSsulE+aGjZlwZBWN90QEtCbbEZJWfxRWf+RzGJsEM2SS3T5Pb6gxx+EygYCv0cXhaSTF1PBt8zlDRiUBXkqCmzh4UiUTAPgCyaSqYmlJMkvAlanv/0LbtOZjJO+lJ1NBtCSiuJM4AKsNsFgNPG7W5FOp9GZIL2ErUnoTFAo1IxUR524WsYSkAHMhvZATvEMGcveBAhi4okE9RsWmwB/JQfptT9iddtEh1HyQozu9QVMNjtkMVsFj9KbSz3cooy7aL8vViw1BvFuPJWFA4fhFM5AJJqIx8lcqAaLwOfWAOGZ3RWAA90B0u1n0CSRAQZtzL/0+4VPXHPrI1t2Hrr9gacNZivEe8+u2vTGum3XzX80lc7Mu/9p+BuLJZ58Zd1DK1Zef9eSYrF0xZzF2Vz+2+9Pv7R609CIni9xGtD+xg+BGlxDusPJkdvEINbpAcUCT7hlt652gKftDkbhvftDMbby5PMFqGCQ7iaduJgDOsEfjhGDKjYcyNRDpuhMnL4wWMFRq9MgyCC6BKS6ECSVyU5OYWZWhNTKKLmMomtU8IA9GDRKUJQRJHmHzXJFWcEwFk/YPWGj5IE88GWBr1vLVk1KsVi8UM4kmc6YRPmMzirZHWcH6reZLFy4cN26dXyqQiqVokNN2HgSnQnSPWxNQmeCQqFmpNh4pnknrnCLAahVxsrEdVQ7ek1ILUTtslWXCmlDKHsDYZPFRttAwJy4Pb6iMtkNCfXs3kw2R8KgiSHvBpMlnSW9udhyorGE2e41WmxsYl0qSp+uYLw0ZCFBlcsbzBerP+2OkXG3Pp2t2Wrx48pgFQjdbE5/Kl0dCD5sJUvmNRozvWr9J2ahuvreq6s3X3vbErBhwzrjcyvXG2yOq+c+lE5nVr33kccX+P2C5XDvhULxlnufGtRZrr/r8dsefOaPS19xe8naEUVl8p/asqcFC1lSkGzA3SmNQmG4X73gAccCb6r5w+mUMhme0dpPtuzW1SZQQl6Zd8sg+SJRMuIIHBeE6YIrkMuTEQL8AW3j9JKmM+1K6tPBFJ2JSSSeX3L6aGMIbRihjSSkwcQXtMjkRkZMNtqcQptWwLmBDKITRE2LiVkgktw7mfKLbISj1RnwKgpQ2yHcd/uCymP3BmN5boJdLbl8HopNZuo7Ydbe9NaZwIUZzDaL3T1okhxOV//xk3wOBXQmyPmDrUnoTFAo1MwTazbATmgzqApO9Rfq+kBAAj4AbIfXFzCA2xBEQbIbzTa3L0TDbhrNQHRusXusksMq2pVJgWWH7KZzcNUFDjFbRXMb4Voqmw+EyLy0/A6FEavbTFo/+EmElBC2ADYGoth0hp8DKhpPQXDWqLFlyYrXZt2+uELWpC+DAbv+rqWk+1axeN38x/RW+1W3PAShWyKZ2rbzwN0PPw2+5db7ls9f/Gca0gXDkTseXKE947QyEbt7RXcQAnc2iIRbMIJ5EzyBCJkQjDmoSwTSyaetcipKt65eebOK0n8PCqSrvE8dQYbH4vaGGk5L3UMCwRAE7m0+Ny10DrFUuvVCn40wiqSBhX5Vy8oykeBgwWBHY/FEosXvGZA/GIrIHj98lUwSmY0Nvm5cXYIvCNygPxQtKH3JoHx6LnrL8B1R/yEYNtvN9p61U8HXsH/AQJ3JgEE8MaDjcyigM0HOH2xNQmeCQqFmntjZj5r348p2OW1PM+A/2LFYwirKtMuW0WyxO5zJVCqfr0aHkAFiXtnpAssCGQwmi97qcPkhYEi1nHJUkMnvtV2HaxS9hfTL4tZCgSJ9oRiYFovDl6u3FHQ2l4Oo1CjxnaDGlTis/+TAFXMWQ3Rlc3ii0fgt9z4FQWEul/vdnUuhtDsfet4fDH3xzelhgzUUjW/asvOTvV/R1ehlb/DW+5587Nk3pnhTnWJzBpJpMpCX36EA6V6lT5ToCk79wgxtNJioyN5wr8bAVMgyI5mp9xBT0ducw2ZHJtO6A9LUCSjj131Kn7ROX0CFjOohy+DQcL9l80VdBgxC3RE1HZEvFMDfDltJU4zoDiUykxdCnIkyaEdvlfSCyyS6rA4PuL5YjDRz/e7Ox9SskVgimuAXkGHp6O6CkfipEQs4k7N6YdAonhhEZ4JcaNiahM4EhULNPFFnAv+tbjl+vVeA0/BH8rSzFgjMhi8QhYiczvtPfkANJyS7bJzozQUZLJJrYvLNht3AtEBRZrtX9tUMbe8UsARGwak3kV5hZaWnmV70gSGpO3MUiySTDl1sGJTOZOGSrpv/mGB3vvjmBo8v4POHwJAc7j978NA32Vz+9gdWjCuDH97esO3kmaG6IVTDRqJpw+Lwl1rdLIVYFH9IJ3jAOHbRfgL3C+dq1HjViBHSp8gTmpqjqJBlGb0uzWLtU8Foc+hMtrovseeAMyGdqSb6U41anf5wrE2LkUylzRMj9fd/efS6+UtvWrB83v1Pa6dsbkJPnAlLmUxrUXJ6AzplpjXwBnB3ai8ygyCrg17SmczN9zwJfyWnp1gsfvDZF3PufcoiSHDzGeUbx1ZF+PDb2x9t67koiE7vkFmGs5watX5/Ts86k7179y5sAFMAOhOk17A1CZ0JCoWaeaL/ic4XmzWYRFMd+IHmnB0YGTFYrILo9vgLxSIEDRCI+8MZySGTRQMEEdwIeBLYCkXTEKT6InVaJNpnxOrSNV5LsR0gQnI4SYcuiIdkb0iZMovPUxcI7OyeYFHpeQI89tyaOxc/A4f/7s6l4LJIC8n8pTQnhFOQ+NjTr7ZpAM4bcOk2Z6CLqyLvNBihA1GisQSYLvp7PJ+PQemu4zVJ3gKctVVmFqhCYCrCkfhUhp0IznbdV/uAM9GbBW7h82kilc6YlUYP2emmMwibHcqQD8kDniESjTd5pHaXH6r3CGmgSyx/4Z1INAaVdtO2fV74WiozHCi/CNQcS34gqC0MrLthYujUdJBM5+B2cvmahwlvHK4wnkg+/+b7sUQqm8vBxT/45Bv5QuGaeQ/Dk3/ixTWPP//Ob259hI7IeurV9fu/OTXnnifHq533yPR3bIFaBk2SUbFABotgd3nY3lzHjx9/fQJwI0uWLFE/MgWQqcngInP5AhtPojNBuoetSehMUCjUzBP9PbG5M2nxX+9O2HfwqCDZB/XWL44eOzdikl0e+E++2Uqm3gJnItod8UQiX6j+WAthg+Se0np5eotkFOSpXD/ELm5/CEKTWLKzbjlwYD6fh0hx2+4jEBV91X9m49Y99CdbiPzAjVx72xI1p8Ei1R59UQC2RJC7mTCXks8XwrEkmZrJ6rLK/kg00WhYEKSbHSQ+NkheCDdtst8djEEYqvzYzGfWMmrzeAMRi+z3hbtp2oN3Ibl70yWMZdRKpqXSWR0tw9+pk1acCT0RGOFQND5scdCQGqQXXEbBGYsnyPPkDx03ScR408aH+5a9ApF0MpWGWD8QioKdhjKtkjOmTJyt3kg8lU3X9lID326czlnIEqkMOJNi7WR34EiLpbLZKm7/fL8yi3EJrnnN+zvge3fb/U/CXSx89EUwBUufXwPeQHR6wa4sfPSlex57Eb6GHq//uVXgZ8jQGqh+dNgKWzhl2GijjTM20RGLxboYZ3J6xDRitkNlYOPJi9mZiGu/66A/JXL+YWsSOhMUCjXzVO3N1Xg1kqn8lAz/sY9MTMtD+fLr42BOREl2+JL7vvzGaLYWCuRX8gaBQZ35ajsikyNrSqRzHfRL0VJRllw0WkR+R2PiqcyWTz8PRWLrt+w+cOibT3d9WSqNzb6TNJKc1Vlv/MOy3y9YLsmu+vfcOxo91XZovxNXO1SUZVsgQASLQgbTi14wA+B8ILiEj7I3lFXelEEgPYIqymgHqBb5YskfCJP+PIInGGs4eAAyi+5gkcz4lLVNTCPWJkqTi6ejQ9oErmrYQjoCQcieajCpVK8AZ8J1HRyvPvMyfAEHDII6WRZsDJukWJwMz6DZ9KJ71OrMKaH9VXMfWvn2+t/e8eiHO74E/3zTH5+Ar+d18x/bvf/w8yvXXn/X4yTKz2RvWvjEroNfsTbTGwglkg1f0NSJKEvUs3NwVSaW2Vm1ftv1dy+be9+KPUeOxxOppX9eDdXs6rkPj+hMcOWQbd79T0P6o8++FYnFfYHQsys3Pfvaut8vfAKsy3Xzl4KRu/a2JTff8+Tv7lwKNkb5ykze12mdjdo2l9sDhqcLZ3Ji2DxocpwdtbLx5EXkTA5v+OTl7QY+VcPmlUf4JOQCwdYkdCYoFGrmSZ1xq1zhd7F5cl11qoL/xgeCEZ8/ODRicLm9oXDEbBVILGhzgD85NzjSMiDUi93/Zj9OulRVIKpg15+GS4KwGK6qo/EMFhsZB98yfoUMx86OON3eM4O63ykLt7/z4WcHD3991S0Pfdt/6s+vrwtEzsdMTXBrnmAUAnpTtxMAQMzXciDNFFHsB3EFmSyZZwyelbnBuoRtQntzQfA6avNw62ayVJSJj2OJJB3A0M4MxVMB4n04C41uu3sX7QB31Lx8ctelsXAkajBXGwHoiJRhI4m8o3FiKuDRXXkLmTIOAvpXVm8Gr/jnN96Hj7Pvejydyc655ymIy01WwR2IvvbORx5/yGyTblrwJ4j7X1z5Lhy78S/bvf5QWOk5xloIMDAfbtsN+emkzJPX1AmBcMxUuzwlVBjwY2wK3CCU7w9FV639CLY/+HjH3HufhBQwVKRn1yvr3d7AiMFy4vQAGJLP9x4CJ3bnQ88XCsWVazaA3Xr6tQ3wD4VFJk/GIDpHrK4hk33E4qDvTpQc3TkTsIUG0Q3VjI0nLz1n8jI6k4sGtiahM0GhUDNPqjOpNHYmVF3EFBAWiO5gMpny+cN7DhwB9R8/HU0Udu87BLaknelZp+hMKspq4gZmQXGIq+yuwIjNbXN20IHHF84obS/8b9JqJxD4m0qnk6m0xSbe/sAKvdFyw93LIPK+eu5iCJKuvfWhR1asPHlmKJ7sfmLW9rF7wxa7NxJPdRcIQlipF6c3XqfEEqlovDqlLDwr0vdpCs7E7QvllEEdwUgc3i8bHKuQyDVMFroZsbpD0USezLtQJ1tvgZicBLuSJxZPtHwfLTPUBcxAc2eiArfsDYSGTSINuOl6I3Q8CUTq18x7BMpY/twb19+9LJXJ/nnV+2AA7n/8pVw+D4/3lnuf+u7EWajzjzz1WqFQWPjYSw7ZBdX+2tuWZLO5WXcsuWruQ7fcu+L4Od323V+qFwOuCZz5NfMevvX+p+ALUnM1bUMWOKqd6Q7sN/cPSCiWjTMzFIeicdFOutI988rbcBcnBwwPPLHytvufMlmEBY/8efETr5aV6SjsTs++I9+DP3nsuTXBUBj+raDPhD4c2iMOXp8g2Zs4k71790KUyKcqnNNb9IIbfA4bT17MzsSw9ij58r+8aqc/Fo07rdu+c+UT0ZdXHorDx8T0tv0h7cDWJHQmKBRqRkql5drtbUQ+NUB+UenBXyGLlozZREl2uvcdPLr34JE2S5pib65xZRC8XukBX1bW5qNNARCvQPjeTiRHgZxmu89i99BAFj5+9e3xGxcsn33n4w+vWAUf5y96xibJjz+3yhcIH/l+4LFnXv/dnY9BztfWfHDjH5bDf9Ez2WYjodu+kNb4g5GprHYCAd90NyNQCsUSOxcWPEOy1rjId0nqiFFbtV8W/JU9ZFonmzMQiVYXWoHoU1l8hvTY4Q6cbsCdQj00k55driazXcOF6YVuVgkEZwLRc77QQcsmxOVwVUNGkfXt9MlAJU8myfwTL6589/XV69Zs3gkeYO59K0LhKBgMeHG0l9R185dWFK6/63Gl4+KuWDy+5NnV8BVY++HOYb0FHr43GDl5ZnDX4f5CsQimiHZorEuxVDrw9fd86gQOt98o1YxjCYYi7KRb48q/Ffl6U3irgH2Cy4ALzuULX3134o5Ffw6Go3/57KDHT9pU73hwBdwmvSP4xwpuMxKNDSttJia7B/7tauJMmgA+TWe1x5NpNp68NJwJW0+xzeTiga1J6ExQKNSMlEqpzO/ipEZ0Y+XxdiI82E/7gqdS6UPfnYL/ukdjsXimYjBZ+Kz1gMMhuOFTOySRTEFsMWJzC86Aerlw5Z5grFRnPHBDTBYBQnab5KAfr71tCQ1iaJQWicXn3bvskRWv04/vbvrkqrkPaTuMwR3lCzWjeCkQCcUnWg+mQiKVDk+hw5joCoI96OChdAs8GYvDz6ZUSC87sphjg0HybUFG0tf2+YFi4VyxeAI8DzXJFwq4kmGTBPcIFsLrr38lwViSm36qTeAeiTPp8Fh41KSfkrOtZkk4RSabo2bgqZfW7D749QN/em33ke8PfH3i1gee/vb4mTPnhp1u7//P3nv4SU3t/eN/1fd5vHa5z71SRBArvdpFRARERfFSFJSiNEFFRRS7IKI0RWALW6ZPJpn0mUmm9152Z3+fk7ObzWbKzs4uXuWX9+vzWmZST05OmPc751OwE+PuwyfgIkV/NBSNb3n3oxde33vuSt/Ogyfe/+CT13Z+sPi5LbAZy4twTCfJgKqBzoF99x3+XH/WEdhoLygTGB6gLXHON9B4um3sjATLaU8wmkRRM0pKPPSEqhs4m77myOfHlBDFQHUbFWVCummkTBrUM2mCv6sysZ059fZ7pz751YKXGsrkrwPtSDKUiWGGGXZTmlZv1K5VrTjCqNN5NLvCyanAePWt4cAuHvGegYGBM7/+znBCOldOZIGOtKpMAtH2X/9jYBd8aK2WdYwoE71yaAKUmFUMOOjh1KhLn/9POpPxB0KPPflKLp+HS/vx/NVisTR7CVIs6Ux2/tObaz2FoA3JeoHCAwODwbbySmlRRTXR28+ci5248uptvpHgpUjt1IGD8QK9HqyRcxMCMNe62gazVP3SPxflcoWXgqCdHIyvVE+g0ih8v51GtqdMypUKDGl/eJynuBa5QjGbzcXiiVXrti9evUUORr4+dT6eSILMAGUOXb3l3aO5kYm7jVv379j70YwFa0GrwzZmB1UoFEDM7DrwKSdK0+evefSJl6FnYN+fzl+JRGNqD2h7wuzi7LSnquS7A4EUS2Y9sv6dBS36U9m8PxQjOFSrkfGGYJhF40nYpYrSHKMpU90u48JKDceZkNT/z5TJMAZTb+89P2Qok78StCPJUCaGGWbYTWlaBqBbBQoE2HtVYQnxjN7dyx+rEJxf69tdC/yeMppI/3rp6pmzF39SjKJZ/Xb1kM5XS1MRh+1iPE43l8qNXmc4EgPuomOB8DVTGIRV/lCUk8JgIKsIPuDkkDk4xfVcDJTKA95ArM9kf3LDzi6TMxyNAeUKBEMPLF8PasTmIIHin/vt6tzlyNdFe3zlFEMBxXWkZnkVWJR+6XioKhMCHn+EUDJcQdvqkvJWANLoz3Higjb7I8l8Pa8bUCZwCbUTTRMC0GK4sxPya/qTUSpXXBzSYF5/SCvDQEJ7AlHNhhPAIFImgWg8oUSf17FavQdKjUAJAOTaVa2A9fj9oQg6uCL50F9QLPkC75HgA64ZggGfSyPZfmHL+5e+dLmzd/aSl079fOG+xeuyuZyd5GKJ1Offnbt4pWfPwY86zU7YbPnabQue3oxj3OGri/PBGdVj1gXnHRNpU1UwoPhlBWIlzoeSwmk2bwn9BIufepeiTHr6xgST+FsAKBMn64vGU1o++fdRJkiTnFL+In1i4K8A7UgylIlhhhl2U5qWzWq1R6aAVoFlC0OxjH4vbJQnbGfrv6XGYOVkvoDcJGLJHMeLyWRa9PhoQe+JURfhWKpSM+3QBoDWELzf5x91oclkc7iUAcYgmuXISaE4XAvvC4JxcgpNCkWHLZLIgDlo9ALVxYiCHE4kUw+u3CAFI0Ct7n1sTblcfv/Yd9+cvoCJ9Zff/rTngxPq8VVAN9HeMV5Mw8urVbZlv7UqKo9dDsbSSJPwfsYTDCcypVK5yV1ojqqSqCCRqjOZM+VIpjI4iZZ+hRIRBN07GVFRLlegT3DSrbqn+ItAlEMUKjPiFTSZo+OpTDpbf4YQk2z9Ug1AF4AysdOeRuaieRjz2sCMfKFgoURoQ/MjNwItIiXsoD0EL4vwGMSTuHAqPloyNZJYY2ho0XNb1MlDUEEPPf4K3GJQJn1W4t756MEplVDG4l2Hv5T9oU4TceGPbjjMGzsPf3vm0qFjX6WzuXAsCecSvOPoCp0y0aKqJIJrS5kMpwpwUe5aZdIKukxOUCaRv7Qy2T1sJ61DqjI5fOBbtPC9b0VFVbov/YK+fmYau7eB/wK0I8lQJoYZZthNadpf82J5zKrI2CIngXCaEsPwA29x+9xiSF1OCYFwsiGhZKVkMJb95eKVn8//8dsfHb9fve4PtMTCBX90YGyQa3sAWkChWhmjcqiqTF8AS6Y8ETsjCVKoScUJ2DgYTWLejNgYIzndAtCp5WvefOzJ1+atfNnsZAqFgj+SSCZTFaWwNFZ0dZveiB5pA5FrAcf3heKsL2SlJbcYSGXzU1VshJfCNkZSki/VD36YEkCPeAIxuHa4F43oo4NBPZzJTLSiJXpVL/qjNlpS05EBtVXSc7UzG9A2lEGl3Hr9mjoAYYDniEDuAi9PZzIwDvUbjQCE1riJ7Cwu3tzYCE6Jv+f9FD88VQg8nhT8NN9mMjTQIS7OayF5PFk3TN95lAfPyYhNWnv61z927Plg7vIN2Vxh07b3r3T1LV+7LZVGVRFh7fsffQVPpU/JA7bomde2vPshfnjBwvFmc7NDTZUJhmPiGed6HAypnJ1mOVAm13tvOmVi4G8H7UgylIlhhhl2U1p07C9+o2LwNkb2xyrBRDWUBBsCDql8RtsDHYjGky6+YcWPrh4T6WYJlzufL/x2uSOoKTDSBMlkekqqagBPRZxMDFQGkO+TE71T9/vCOVwAQb+1BkBtnazkUupR2GmvLxQrjWTvAcQTCTkQAr4SiyeV6hCBEUOfcVU7O+OD0wGBs1KC4PHxXhkUDiyHz+FILJMFUl3AsbpWuuE8ErSf8SLPn+atnSjggHAjCsUSPirvC07JDJUKaG4imQJWDeQ1nkiNqxPcLIo21pXmHFImBKCHoKMy2eywix3nx2HQKOLZG8Thzrq9qspN94eipcYseUpQVVyGeuxUr4MhOMlCeXvt7h67u9tKgtgrlkq6FFIqYHk2X8DjBGRVpsGECYD1BtueEMOARhZLZYpX1LXgt7g4J3b/q+m3iQI/C/AoIX0ohUCuuDgfsHkrhQLcmze6iiqxJnO5vD8Y2rH3KCxZ+Mzr+UJx+75PWMF78vuzndf7YRtchXPc3ADjKpNm6xoAKRMlcTD25jKUiYH/PrQjyVAmhhlm2E1pemXSIHcwKBPtVyCIWJkklXfcwAlIMRhLZetyg+4eEyo3RtLAYHr6LIFYwwkWLQqlanEqaCU0ycUq76dZmfEEI4nM2Jw9dQCro7G4i1XiXwW/i/WEI/WzDAMrlUMxUQoCfQROZme8dtqDMggpWZhGFAv6gBdSQgB/IDh5xNnGS6LKblK2JrMwnBGFTftCbk8dH7DJAI4cDkdjsYR6SZlcIRybWBR+vf5AABGSzuSgq9FkWjwNnLVu1+kAnQC9HYyMphKuVCq+YIyDjuX9BI96UpBC/kgS7mA8mcGkv8mRYQO3iHo7GE3VSpcpAWhLJy302CgLJWAKS40UMbTR3j4nc91O2yheDoZLJZSvVtda+Mp5kEKAq3PxEqiyupcjBuovbx09/WaQnQDoXpCLvIwKF5I1ZeMniSpymhr0+sP4RQBcVKS1EQV7YVX8e6cJPoheed7Kl5ev3cYLKOFEqVyGozXPCDzUgjJpA10WEt9WgkTeXNd7+/RbjAdDmRiYYmhHkqFMDDPMsJvSwmPJQ7ao3wAbJQa1Xy1uCX/QQpRCdb2SZH/QZLGTbubi7x2nz14sj0TENke1Qbx4G/B4JUUV1GmbFsBrYsmsIHpBRylKRkqm0vlCQ0evcQG6IpPLx5PpSDzp84dZTyCaSPtDUZ8cgL6iWNFM8tiwVlF7BtiYW0A0VxF7yEW+dc4F/VYqlYCA6leMAMuSWiEEDQAloFtYC9hd8KOadNAqtxhMJFKFQiGZTAlyFFSclfaFY6km3nGNQIuIAvoCw3cc5A0ttpmrSodypSIFo9DaQDRZmzCtbdgoVAwEq5FxjeBlUC+9TrbbSsKO6QxyPMNXl87mzC40ACjFIYrkZRh16oWXKtVIor4jEyiZi79f0S/VAJ8C9Nvt9y3BHlYU53397QMgk9xKq0Cm6PeZCsBJGY8ycwjKkBZyuYl56OmAZntamN5pokyqSpOSjZ+IRtAqE7iKNuZMLAQDykQOhLV80lAmBtqHdiQZysQwwwy7WU2Lak2GLmxyrKL9alemUPJj32MOVqu8HNGRPyBGwIoYjnczbLFYcrNii8pkCEVlTNg1vC6qyLcHVXeuz1yUDViP36kIEtjMSTFlpSibfrtJADonFNW7KqlAtR2UaRbs/pQvlLRnB24diCTrtqeqZEYKhWMgHbGPUzgSRzHFDSi4IIeDoUhdnjeoFGJv5DiET4QKg3iDIBtwY+BvuTJQqgxg17i6LWwR/iCqjShKw7NDqXTWRjcMvWgD0DRoZCabh7MAaZ7kLAqaLVG0BJ4Tu2YiGF4EPZkvluLJlIvzwpJeO22jURouLE6Ao1+83PH+4Y/fP/wRCsngZTst9tgo7PdVKBYLxZLNLeLtUUQ7IwlyJJnJ4Ro4Fy534iL3KrK5/KwFz2hTFwRC4UQyPWfx6jMXrubyBXQowQ/S+raZi0KR6Mate++8fyksj6fSWJn4mir/YmlSM5aDqJJM2q7kjbDRPrfYzhQNUhSpNCnI47mG1VcmKBOaUsEzlkg2GthNYCXcqjJJpVJtKBObizaUiYGphHYkGcrEMMMMu1mtMFYp1G7gCxf8GmUSTFbhxz6kKXKiIl8oJlAg8vBX4Aq9ZteZXy7anS6aQ2UKKZqtrWXRCI3ixScKJLeiaWAYuYL+1NBUoFC86CUU6aL4fQXHdR1pA82VCYDkkS5yslJ+LAEdUroRqKoqNqrKi3DQe6F4WpAQoee9QY8/Eklkxg2e8fnDTYLd05l8IByvPQIsAWkEJE8KxSfJ6RvBH4raWZkbyV0G1ysF28yi2xylUtkbiIKuiCVRTjP96taAbxbYdTvd73CHo2NKksNnEAAef4gWpD471UewDkayktwHx07sfv/wvgNHv//5wtVuc0evTef35fMHOY8M+oTgJCRTWRk+pDJ5OOCds5fAMTVNQM/avx5axXLisS9/ZESU//efDz6+bvPOFc+/Om3eKpBJgWhGlEPhaByUyfLnNt06c1F3r6VQKMjBSDKVCsWSUlNlArdAv2iCgGETjMSxhIPnyxeo7xLZBLC9PxhG2Y3H21GnTLKFwWA05eT8/kiquddfE4wqE8qdSCTb8OYylImBKYZ2JBnKxDDDDLtZLZIe0r6RTObGrA0mqrQ3hqNK1CWUJxqq8QSBY2SzOSGQsdISJQR5ORqI5q529mZzhVNnzvea7EAPKJppPa+Ug5ssN9KC4GSGHy6VOKSQHtHjcylpi4CEEbSYH8v8phbjKhPoHJAlVL0ocIAvGAOGx0koK66S5CqdzORbn31S4Q9GQk0zEBSKZdYXApEmhxOeQIz1IuUDXadWpbgRgJGTSKQslNhPcA5aBLPREi9HysMpB/TbTwngSuPpHIxVXkITfXXPAgtrs2bBxiAn4E7BqnEZMwaaQEilA+HYZydP7T9y7PfO/i++/vHzk9+rMyqqKX5fYh/Bd5pdnRaXi5dAXYCcuGX6fJAiXn/45e0HZi9c/f1P58uVyv/8+7G7H1jVayFAe8Apbp+1+O33j8GouP2+xSC60plsPJHaeeD4/9772D9mLFi96W2cpfezkz+s37L7yx/Ol5rmaHbW88xsD6BPQG7B1YHyl/0TeKgH0WSmTPDjz7eAMoEegFsjyGEH40tn801ShLUIk4t3KTfI5mJisbhWmZw5c+ZIA2gOYCgTA1MN7UgylIlhhhl2E5suDh4QSWQDsSKsCsQHgJsGlZRc2PzxAV5O6AJUhlCC4LBr5D2rQiirpJv2+RG1vfj7tWudPbCEotkWyRyAk8KtbzwucGDuwOAg5wsRrOJmA4KEpGlPAHipfuupBly7RxonXXIsnrRQgosR9CsUqD5Uk0E4HBV848fTw4kqSom+yZ+xCeAMuXzBRLCIAip3R2sgF4EXunjZ5BI6zESXlYQlqG7GVLcJrjKTzSNVwPmz2bz26MFwDDtTqQC+22F24RZ6pAmQbIwqymqASn8g169Csa7fl84CkXi+UPjfe+cXCsV/zFi4afsB0P8zHnsatNxtsxbtfO9DOOCds5cCKb9z9pI5i1fn8/nHntjIcsKAMmIeXLpaDoaPnfgOjgAn3bzzg6fWb/UHQoc//uKL739tIm5d/ISvrjlK5YpZqV0ImsdGCa3cRhiBBMU4GFR3RQv9dkNIQNpZWVe2ZZIwkzzyAgVl4nSFwhGdMnmiATQHGGJ50clKvNev5ZOGMjHQPrQjyVAmhhlm2E1s4Zro0FAs6+D8jJQU/Cn41Q9p5kxQ+uBYUbdLFQVq+zP5MUTHQVDlSgUY2MXfr/b0WaqKMqlLLOoiHJ9KnuHzR4Bk8KJPDVwGpptvLXPU5FFtQZnANm7OAw1r3eFtoshms83nTP4EDCqpYDlfwOJiexyMjfbgaOkmBqzdwUog267b3A63wHjkSByFs0/hvUNplJH/jyyF4hWUiLgajKVqcw9QvNTv4ikkY8YvMzIu6vh9KfNmWKWEYkmQJfAXRinoCvz30tVukBOPr31d8ofumL3k6fX/KRaLd89ZVigW5yx+fsajT4Eeef7lrUDoMYm/deYi4OuSP3jvw4/HEklQLw+uXO8PRQWP9PLWvbI/2G1y1k6eVFH1z4YKtoE6GB+pdBpkBg7OCYTHT7cANwXEDJB7uCm+YEyxKOcNpNL6wqDheDpbmGI/Q1qU7MrkGCgTSZLbmDNxMQKaCOV9Wj5pKBMD7UM7kgxlYphhht3c1gjpXCGRzqOQXFamPFEwOZgIJqrZsa5PiMPVsJVzv107deY82I9nzp0+e/H8b1evmxy1mzUC0MMpjGoAloNpLkHzwUidaIobDRB4454SWkXwss096nU2tShXBoDR/snXXlWKfnh8crfN3W2lLJRI1MyQgAEvv9rvxNZhIbttFPRY7WaqOVkfaJU+u9vkpN2CnFJSWk3+ymCchGJIjesizvEqqxtJRzCHm9etnRJYXJyLl0U5JAcjwVDk9Lk/CoUCEHo84wF/3z10PJ/Pr3t9F4jYe+Yuv2X6Arjm/+w6cO7i5Ve2v/fPeavg67lLVzjPcFFFihVB/0D/n/718tMbdtw2c1GhWHph827Y8eIfXfcvfGbavCfumrvyiZe2afsOnrts45xaiUSydZ/MWsDTB5cJ/6Uk0ln9urHAygTEjH7FnwJQJhY3UiZWh4sXxDbiTKDxOGRIyycNZWKgfWhHkqFMDDPMsJvbasPZtQDSkswOCv6o2xO1uH3ALD2hXCpbKCoV0MoVVAlev48SPCD6ZJOdvHyl69KVblAmPf3W1sljJDWVyiScyDs52c35poK+tgOUuKyFy3EwPmjnDWojMNRQKHKDDl4LOF06mxN8/i4rZXJxteoCm4329IO64L1KrDJCLl+QwnEHLVoob4+TA26Ki8Q3MjMpwCksBO0PR2PJTH5yOQxQzmJPsHa+LhJL4tMB10yOx6rbA4rqYX2pLFIFgVD0kcfXVyqVcDR+x+wl0C3THlj+8Kp1sGTe0udjidS6LftumT4f6PunX3zzy2+dHb2Wn89dGhrxpcQHxB+qKK6m+MzGHXegDMJlOMIfHT2gLm6dsTCRykTjSVAs2qx6oMqajNVJKhNoUiQap1AB03EUONwCivf9t5QJ5w2YSBQeA+OK4fg2lEmPjQRlYnOLWj5pKBMD7UM7kgxlYphhhv3tLJwarXwM/AS4RO02WovpXSQaoopSWlUz2SLws0A0ZWOGX9DWRbE8SJDuZBIlGXJRtHZDT6jZKcOR+JTEmQBTdaPaIDcwwF1FVSmPWEtq8SoXP5oHmaI5zcpRFIslIEOccEPYGLDYSCQ22Jh0TgZVZW4kFI3zUrCf4Cwk72DRC2OdioAlVkpEflwU8suCJXJ4tMCiDoQS7YCDm8OxJGxvJthuG2Wud3CTg/rg4+N7Dxw591sHbNDjYGFj2CUUT0/0koG8xxN6H8ceO41PBAfXrZoqkDwQWQ/ONwBt3vruobvnLPvnvJWCx5fL5TOZ7NenLzy59rUrnb24tyfqUZbJ5h5asW7Go091mJyfnfxxy879qBxNKgOKBQbt3XOXg8LpNdlhEDZ58nLFwYn2Zy3giSSFACPqEwxoAY+/W/QTN0yoNwcMY3zHTXbSRbl7+iacNTgUChGcz0rxWj755ykTMksadpOZdiQZysQwwwz729lADXmo3abWkjlgHvodm8Ne446vBdAppExyVfgAP/DqciAbzaNsOSk8GUYCu0ZiSZTgOJ6eIH+bAIDPLXxmcyKVee7V3ZWBgXVbdr++471EsialgAKF8A2/z/7uzEV8cbWB5nY3qik+mWtvBDimP6SvOdM2qsoBE4kk7/Nft1Efff51r4Nx8XKfg/7+zDmtZnByyJXL4nRTnDedGZ1tAGINaxvNPyitbZg7GK4ilszQvNdC0F1W0CoCsO3d7x8G27P/A7AjH39+9tJV3AAH4+t1ckA0zS5W9Mrp9HCtwyZ9rE1aXR2uHjgshOzUDVEm0Bgk20i+bquAoMvBSL017QB679YZC4ulEgzaF7fs/fLHc6fOX1225g2GEzfvPPz2geNDylXXdtCcJWumKsKHZJFrHC83zCYMy+VAuJXcXDcCgVCkV1EmfU7Oanf29Jv0W4yHZDJFcFK/k9XySUOZGNa+aUeSoUwMM8ywv53VKpNwSr9NEyuWx3HxUtE8giKVzoAgAW6RSqd1ygS0h2ZDPWhvqD1CUiwNZnIFFMwgBMOxZFvHaBWgK+YsXQ8M77NvfoLPDyzfUK6gXLfabVKpdKFQLJfLuVzeSbJyEF11V7+jiuq1l7/8/hcXPcp0YV9JRvQ3PfFK6uOiipIXJxvVYZwQ4DLD8ZSZFEFymF08MDAQA1//8PORY5/Dh4NHP0GChPXZaU+PnbGSXDyRqmW6RUWZNCogA5ItFm8cAqUAHzOFqgfKvXZq/9Hjb+/94NdL17745tSRj49/+d1PWoGEJAorQ2tByfRYXdB4KRBOptJwF2rVGjEywZXO5jzy8OtzbMJIRciphaJMAhaS5zz6sjZwjaDuRCnY3hNRCzjM6V8vw2G7TM5/TF8ACnDxs6929tlhoF432de9+R6sImlO8gd185Z3zF5aq6XbQy5fAB1rATXWIBoeDddwtJVKizcCwVCkb0SZ2BxEj8mq32I8wLA0lIlhU2nakWQoE8MMM+xvZ7UZt0oV/TYtWu2htLDSPv0iDSLRGMPxVeRcHmN5QV0+rjJp7uulAxw/ny8IvpCD9Qdj6XQmNyXkScW1XvuWd448sOLlH3/9A75GE+krnb2EmwPOdP/S9ZlMdvWmXbl8YebCtYc/+z6TzT+0av2ug8dXv/YuUN7pC17YsO2gi6JXvrj93KUrC599HXjnnGUb4snUzv2fxOKJeSvW5/IoDAZIGjbgQ0Daskq8wRQCuiSZRDJJv2I84CjqUDRuo4TrdtqEpMhwijNs+z/4ePf7h98//NHVHivwfivJByMxJclVjT7WAFSBS/A34p35QqFJtENdVBVvOpBeiWSK8cj9BNdHcCgXM+9vlAEMeht63sFKVqWgSreVMrs4h1twCz5vINbrYHU+Y05WmhJpVwtoPKU0Bo8BJyeBroNh4OKH/dZEX2BKBzXCye9/fnnrHhDw/5ixoFAssrw4/ZHHQZCsWvPqm7sOrXv93bvuXwY38dp18xNrX3tr/ye337ckncn8+nsXro7Seb0XujuTzRURSjhrxQiQaNSfbyziqZySqkumPSgXmU7zwDe4j7AWHoRYMhOMpqRgFOQZ6w2QvM/JeEH68lKwRQOR02ik1QUI724rCd1uIli709XnGH2r0iKyuRwoEwv5X4ozqeW1hv3dTTuSDGVimGGG/R2tlhjEM/ptWrTamicYVeSUNRo+UQuvHPF6USAK/qAuhyXhSP13pW0AjpbNT5hwt4hCsbT4uTeCkRTwpv0ffQVfn16/lWaF5WveyOVBY6xPpTNPrX8rly/MXb4B2BVssHbzO0Ddnl6/bWBg8NlX3s3CdqXSF9/8BApky7sfwfagZ4DJvfXehx+cOL3k+f+AtvGHoqFIHBhYJpsFNkahNGKCvimTBgrYCDd0kVKBSGW16g8nLCTbgwpueBrFoJtdPPKScpBAZ6/3W/QHagzoTEbwEVxDXx2Pf1LB+lIoToyUC4SuDkUTnEfuMBEoTAWUVb38YK0Y9MNA7XTkVABGBSX6sRgDzWanvaADBV/A45NjCfT2/UYoE4xwJGp1kPDhnrnL77p/aalc/p9/P7bwyfW/X7uOvpZKt81clEqnA6HIP2YshBF+26xFIERMVmLl2jdBz5A8qocIpuQqQGZnvLhkZL+TcTKiKIdq5xIxYMzb3SKuaUgpghx2d9I8/CWQnhwjgJUNJDsDdJ+vDWEa10Dp9drddjcq9lKnKWORSGWumQgKZYgG1SrY3KKZYH/+rcPr9QqNIcK1ynIoFMpkMtBv8H8jtFbLJw1lYlj7ph1JhjIxzDDD/o5W646VK+q3adFqSytiVDXKpDyAKGChUMxkc+FEMRSK+AMhnz/klZBfluCLeDU1PaZWmdxQpLO5dVv2IXVRrgIhqwwMsKxgsTuXPrcZrm7eypdz+YKyQWHeio3A2+DyX1CUyfo338PKJJ3J5HJ5UCbQOW/u/gh4J+gZSQ488vgrQJKeXP8WiJmq4mODCVM+XwBKZKVEXUsmjyry3W9W0gTaH09mrG6xy0oBiXewemqIzclKwDu7rRTj8cdiCaxk6lLPRhgcrNpoxGIb7eSPJPSLJgJCKU6ifoWz4BbGEylW9JoJBq6u3yXUXprOSLgRSglzbDDanYyntgbI5AGtJYWA+l5f7VLUclT6UALt2qivJgl8GhBFt81cePjYyYJSI2XT9gO3zVpyy/T5cOJZC1fjSZLbZy0CSXnn7CWgozbtOHj67MVUFuVsaGJ2xmd2cR1m0s544qmMznEOLqhSqXC+IEg+F+vFxQ1RtwtI6sBNRBKF9YD4IVlQLMIfvXYYmbVnad2gPV0WKqwMWm1LdIBOwMqEUvSSk/WCODl/rS8ajYYbIxKJxOPxVCpVKBTgutCUF/dfqmdSy2sN+7ubdiQZysQwwwz7O1pdORGZSLSJ1go1OmdI4TTA1STZHwrDD3Y0mszEkplsNpdV6jEDaJaT/AFYyAseYOTqjrA2nLoh756nBEBagqGwm0cvboul0qNPvBKJJRhfJBpPil5p5sIXrnZev3C58+ffuuYu35BTlEk6k3tgxUZUpa9afXDl+mMnzyx7fgsQ/fVb9sARYPkb734Eqmbn/k/jifRzr+6GJT39lmde3nX82191hefgCPiV8JS/nkccV5PiGfHRgYFAJEGyHpOL7yc44G21b6NJpdYhfOh1MJwv4A/HK5MOgwb1ZXMxtqaugG0DxlujwHot4O5YyOF0xjba09zvS2tOTu5xMLwvkEihYHr9cdsCxaOe1y8dASnIgRumTFTAE4o89wYH77hviUcK8KIXloge39LnNuUVIGUyOPjU+m2/XLgCuiWVTptcnJUSsEEHwjjBadNUv0StIS815Dgn9BEocxotSOF4CjT/sO9XtQr/ZjLZYrGkLoHx6Q/H7G4e9nJyY0rcwIm6LGQrRrA+0BXa9sBdtrk9fQ6G5DzQgNqbGEukrpmcaEtevm6lCORWJ1/td5ZKSKE1Ac7LjNuvdIKs5ZOGMjGsfdOOJEOZGGaYYX9T0//eIi8a/TYtWrheVD38+opSSKUR+tVDQwyPyIqNkUiajSdHA1b+ysoEriOUKKFKf4hYBCqVgX8/tsZkdcEFXuk2/97RP33+C+cuXX11x4Fd7x9bsvrNQqH4xq4jmWxuxdptg4o3DsN5YDnrQQlPe01WOAJ8oEUUUwHMBfRGqVxBMyTVKhItA3VCioGyAysqlqY+rRguiwmEL5cvgNC6ZiK6rBQOb9DzSDHgUjRJt43qsrhgSTg6ZdNc6UwWevgGVatgvcHaLq0LXgrii71uZ9ys2Gl2gfqCS4YLJ8f2hkJnx1Bbi9sLrFeSg9gFC2493M1wNAHsVH+aFoB8otiGvUGiQPFES5c0FVj83Bv/emjVvY880Wsls9nctAdWwLjNF4q3zVoEa89dvHL3nGW3TF9QLBZZX4iiWdLNdltJsC4wi+uamQDrtbsJTunJmqGFO9NGe2H4gdlcdCyRLALpL1fw46A8GuVUOttjd0Mn644AIgH2hdPB5rDDOFYZgL7tsblNBCpkOfYmouENDYAHQZdzzBuIgG7B25jtLrxjp8U10BQovkYBPhQ+l5ZPGsrEsPZNO5IMZWKYYYb9TS1eL4w8XLNZi1YbCg+/wJ5QXr9UA9LNUMilQaI4XyAyOmeCg2U1G/5VADwM6DLwCaCJVrfXSdKw8PTFjvuXrn/3wKezl7wI/KNQLJqdbsRDGuixyUPwSgTvBz6kX9EWSsCYY0ma9zrcPKjE6za3c2wIu2pwUhQhYKeAVsoBVDAeXyBcKVBMwdfwpf5EEUBpl/wk15CLt41cvhho2RPMQQ97alkIBi9B3lMKeDliIpjrNho6BIZEj52WQzGS8/UoyZG1nQbstlAorHph8z9mLNz45p5/PriKE71whGisfqmWeDLtFvU96aQFuwsNtrqAvool0zdkqDUAZtn47n94/Jv7Fq5+at2WB5atHVL8r26dsfDTb8/q9xkLrL3zhQLcjit9DrW7aqNHdJ1pdnEWso6jHYzAPoK3Ubw6LFtBVUnH7GaFIZxsOp7od7itFBxfSTXBSRev9X3x1Q8Hj37S0e+A5RklLZ7ZSasa5nKPDX+GhrV+3iHkg4euVMsnDWViWPumHUmGMjHMMMP+vqb9JYWPqPBcdSiW1m/WoumqnQB1SaSbK5NhskXRTEGpGY9xg5QJcKlIPBUMR0SPhKcvWgQQDq9PdroRHwJNEkmk8atW4PF4A7hSFA0yAVoyKZQrA05Wco7EcE8UA4qPls0tAMEykzx641vD86iRd8awgQlxNV4Ox/H0jv5wSv8AiXeyU+Z8JXjRS2hRalbTpj2EoonBlrMw9TlZ3BWiPBoEpUMVeRmNjiX4ms3lXYzY70LOb7CvFIj09FtnLXhW8PgiiUw6k71z9hKQuA8vX+OV61wg3NlMYczghGPCQpIRtAtVwN2Evkql671m+NMBTf319+6nN2zHFSGbAza2u7lex3DOZYKTnG4+mUrLwTAIjF4H00+wVuRE11CrwCoYnzCS+51MTMk9rT/HeFCUScA3NrwKJFc0nkTK00ru/+DY7vcPHzt+8vufzjmUfGh9BEtomgSiFMfoT1iZcOgdh5ZPGsrEsPZNO5IMZWKYYYb9fS2r0RJVVH5Eht9WUBPR9BhrcSJFl6QLKZNMM2XCcDz+AMqkqFEm5crUK5NSqUxQyBVH8cLyAwdCTlMtMAnYxuOPoUy4AgohCERRut7KwADF+210szLVNw7QsW4B+eu30n4VikMR9oFB9Qfr+mhRiieSkjXI14s2IyU5oDiijHMiIIh2esqmOFhvENoWDDXLHN0egpH4YE2noZmueumS+4nhOJNYvNVpFgzoLsYb7LG7zaQHRMjWdw69e/jzfKFgZyRg3nfctySeSN5x3+K6vcr59HVC4CvB++VAfXU0rEwyU5xFuj3AGLtz9lKaE/Qr6iGRTFsVv0Q06oDi29yqxoOegUeMk0IWgu4wu5ys18GIyPuLl7EDGHyw00KnxQXy1cF4TQQ7oXcNKuAJokQUCKdfobwfAb134XLnO++hnNf7Dh6Fv2rokWpmF2j7YWVSO7SawMagwNa55K8AAIAASURBVBgtnzSUiWHtm3YkGcrEMMMM+/uaLg4+mR0MxMap4pfM6Q+itbImuU4mX21eE1BVJqSb0UZNhFPIVUT9OklUlXopFHopKztZWfBIYC4OUSI7KxO02KQ2SDyRwq5NJC/J/qDapoHBKisgkaPduHUEwrEJiYpalMplxJgTDRI2j6BQLCXSWQft6bCQFmo0i5TWnCzqij6HG5i0leREPyq8jaA/WDOQnLftOZxauBhUAlwrVqcKHpQLTn9lp375ffqCF7TLK5WKPxTFtx7lAm6L9Q4pY69cqfy/fz0aicbhXgj+eKmEArhT6fRdc5ZXlfkWOJe6fSKVyaNMbGNQVu51Ll//UUKZeYVAJtfsFcCfiVYUAjD4HjulCmOUC5hpmGuuilLGDbsOVpXaRNB76giNJZJwhMh42bQaoYqUSQBEo36FBlYbAdKU5L3X+p02TSo21fCsDsjOCSWlsLrRINfySUOZGNa+aUeSoUwMM8ywv7WlxtJyF+/3aRKq1kVzcaIikyvlmhYSUb25kDLReH+EI/HmyqSquPvrlzZAOBpzcZLDLWh3gc/hGMo6hR0zCNZLsiLQ62ET/LQguxjEQlyst7YcCuzu8SJl0nIrxkAOIvavXzoRVJXoApvbo1sOHBqoG+f1mwnWqmQcqp0YwT4wZidtcwuBSCIG/aDJSNseAqEoIme0x057Xbwk+IJSMBqNJ5Lp0WRK+n0aw8l4Jjoj1Ag48Fj9CsNbd1h/MAR6YMWL24GehsJRkK9KDq7Rfut38ZNsyayFz3m8crFUymSyvOCB9nx75uK+oycI0n3n7CVrXtkBKiWdzpRK5UI9ihxPpqEZ5Ur9Go7JNKpIeCNU3I0A9KSVEqBLR4aiv8/JNhcGmWy2VG6Y7AF0NYy6tm8Q6Dp4iltXFJWBAcYj9zoYXTovSsnT5XDzaLS31hgTgXwFtXzSUCaGtW/akWQoE8MMM+zvbtq3nKFExUZLzX9bq01TeKnIZFD559HvYwEHAUGCP8MHbaKpcGScKYXKQDWeaZVMOCnEAARPHc8rYCSsBxVGGOYWI/lMleLTAUpA78uT2TonguYBo1XYs35VK0DRDi3vmc7UT3GL84Phz1WlwDlQ3l47dc1EmFxCrSDBPjBmytNpcQlSCPloKW2Qw6hWRvMOHxcxhT2PnGi4J2Eg2RjJRHAWkud9oWQqXcR5U9X8AA1Oij3NGq0dUm4c/lBVph107+kTyonwZztBxjW+WB7/aERBKp2F3R9+fBPQ09d3HZEDQdqD3Ipw400OVOQbrMfBqru0h0+/+fmFV3ZI/uCZC1fuX/Qs9PzzG/9zrat39cvbP/3i+0Qy9epbhyiG7+h3fPPDGdB4ujsOGg+a0Wjexh+KQGtbman4r6OqPNqK7BwekB1mQg41K6EzpIzPytg6Jypy+TwcxO0J6le0hiryKEvCERr1bV3AmIGRTPG+fiere8qcrKfD7GJFSakdqW6PdsEYVAzF0Q0M4uxeWj75F1Ime5dPe/ixh09plrw2e9q05XtrtzTsL2LakWQoE8MMM+wmMC0JzGZzvnBDByeM2iOopiKSyDTJbFssj1Em2lVK2biGrHQIVcprVRIAY0MciEeV5vXrNMC8IZkdsWQKWT1NgoE2TqbanmqYkDIJRhGxRrRmsHrq7CX1QiqVCvB8+Foslm6/b/Gs+U9v3H6wVCq5NVQJlJXVLfbZ3U5GzGQQEa89rc+PgjrqrJgIlOL0gUKhCLQbegZkGy3KFO93sqgcHjQDJROrEUt2Vpm9UYp2e6QQdAscp4jck5A2aNQiuKczF67N5tAQdTPc7MXrvvzxgnaDL364EIkND0SLnQBTZ70Y3rv61d09Jhtc75xlG6C7ntn0Ti5fcPO+Ez/8GonGoLdxJ5FKgDIYiL3RQ7cLlhe37vl4256j0D8XL3fdMn0+9NX//Pux5Wtev3XGorvnrLjcZbp7zvLvzl5+eeu+W2cs/Pzr0xve3IMnE3yy3xtoWPPeSnJ2Wj919hcEtF/NKKCQeB/F13lZUAtKDNe9dlhoc4swtPQrWgYcQQrF2n6KqygSafSKtObifKD/O8wkGC5LanZxqtkZVKseb6nlk38tZbLg41PTXj4+ssQ+a+cprEzMjo/ffG7BtGnTlu44iVZRexdMW/rdoZWw5MXvL9hrDmXYn2PakWQoE8MMM+wmMF3OX0rUh+FqUW08ZxLTBD4gZdI4Qw/waYoeFiRqwAkGJ4Ubn1xfELA5gAjCzz/hnuxrbx2qKCanSgkN32Q3RyKTb4UMwcELhQJcwpPr3rx7zrLKwMDHX54CQZLL5X84+/s/562cOf9ZoOlHjp3Y+OY7yVQaDLSKKIeBAhK0EInF8dyE/rhjARKCbDdgRgXcTRTt0DhiByurgYFBEEixeAIYoSgFaWCojBeItZOT8TyJYiPklZMdrM/OeEnWw3mDsH0gmiyVytAh9y1et+7N9+GwL27Z98z6N0GKCB7fqhe3zX96s5NivvvpglcKLFn9+itvHbKTzEMr1+/a/+mBT76Bznlo5QbovSc3vP3iG3u37/04EAxxXv+xL09DN85dtkHb4B4rKtICgso8kjJ4qnD4k6+eXvc6dMj0R57wB8PZbA46BK7rtpmLQJVd6eq/fdZiORi5dK135dr/QMcmEsnPvjpN83UoODSbFGTe1+rj8F8BXGkile4dkSUuTuqxu3MNwmZq4WDrxC/BWHLzSDom0w2H3LiAhvEelElCv6JlWFxjlEmvw41yoNcIlSam5ZN/NWVyedq/Vg8vEQ/scpBYmfR89eLKHXt7fB0P/2saWoWUyayHtx7oYX5BcuX45dqjGfYnmHYkGcrEMMMMuzlMy2Bj6cFQouF0R6pxnElSwxMC0VQTUgwkrJEyYX3NlMnAYDU0tix6E9wgZQJI51Hs7EADP5PmaK5MgDDl8oVwJPrDuSuHPv6iUCi+c+DY/947v1IZACKbSmcsdtddc5Zf7jbPmv80cFNJDtxx3xIQKo89/hJsrEz4oHLd+uM2AMk1qy/eIkAvwUESE6GJw1plcDCby8MN5b2yTSkWbqMRt8MSRXX7wWZjpHAkBtJizrL1jzzxCiiNeSs3/vxb15c/Xth56MQf3ebLXab/7DvW1WMi3Nzi597weOV0JvfBx5+n05nNbx2CXn1i3bZyuXz4068fe2rzie/PWRzuaDy56sUt0LcPP75J27yr/ajIN3q97R4zOCcPGDPFUgk+7Nh39L5Faz858f323YdAmdzzwArQIUePf4slyuWrXate/A9ouZ0Hj98zd8U9c5fjWHmtaxM0Gxoph1p9HP4rkMOxDjOBiTipeHBJY7P0NkEVVWut46wVjqfh1rhYVBlGv65lgGqnlRx3+hUtgxHH6BCvHOi0uEwuQTc9iEevC7lTIo9K1WChlk/+5ZTJyS3TetDXC7seQyJE5811+eMFl7NYmSgSBaz7zVnTZtUezbA/wbQjyVAmhhlm2E1jWjg5v/Y3P1sc3Sye0e+omk6ZjH6pQSabpVkOf9YpExff7B0w5wsPtEy7C6UbpUyqSr7RSLIdZZLOFTA3VQF0M5pIM96gmeRBXfxjxoJpD6zo6O7fc/DYmlfeAgIKwkP0+N5859ClPzrOnr98y/QFa1/Zuv71t3ySDOLE5w8VCoVX3jrQZ3FkGsSlNIKbFW10nffxEwXQrFA03uqNaYxEKg2HspB8VQEICZAikWiMFlHtxVg8Aax9zrINb7x9gPNIJ3/4VfDI3T1mweNb+tzmpze89cT6t3vNjpkL1jz78luBUCSeSO48eALEACzP5Qv3zl8Du7+y/b3HX9wKvbr4uS2HP/k6gUphoBuqtgE+d1spGDl9TtZ7A8qqqICGwdWBPPvmh5/XvLoLlvxz3uMzHn0K7ubaN3b3mBygM/8xY6Hok3+/bnnvyGdwr2+ftWjdazs++/YsNDKdyfqCsfbk8Z8AUJ69ytQTNjvjZTx1JkCaIF8o1qYdgwsHTUIJ/mhyUlVcQPWBLCfY9rNdZ7Io/YB6gfEk+h8PxhGMMQcjkpzH4/V5fJIUToRjyUKxqMSfDCORTDsYr5ZP/uWUCdnx2i4HCX9nTVtJjigTO3Ny7+al0xTolYn2s2F/rmlHkqFMDDPMsJvGtClq/LFSKpVR2Vq2oN+4riU1rJj3j6NMOF7An3VxJs2ViYNFRVdaBCgH9K596kptqABuAUeevDIBrgls26rEWuCJAmAw/5i+4K45y7LZrIMgH3v8JWCuW985dPbClaudPS+8+hZIlw+Of//PeSvunrPsqXVbgJ7ev3h1NBaf8dizvkAIOnbs2cYBhaqXtOTx3xxOTlYChPTLJwqUM03wWylBuxCTOSXP1iAQ8TnL1lvs5HtHTnCCp89iB2Wybc+HoldKpTOgQFjec+LUhfuXvnTwo5O5fGHXwRNwhCc37ASa+/4n3z29YcfcZeu/O/0LHDCeSFWGySKaf9CezuRClStAn8jhiRUzmShwjyVT6esWAj7cPmvxwmc2Q6vuffSZQDjqIFmQqdMffXLj9oMHP/wMyPStMxbu2H3wtlmLstlcqVQulWrSDP9lQPE+tSgh3NNem2uikfqgPYpl/S6pTB4fEN22SQDXS7VPIlIFbodDqaepVSYYONhdC81+CHDH//LKBNTI7NdW/2vWax1ooaJMeqY9fUCZSCG/21qjTIw5k/+eaUeSoUwMM8ywm8lUVJVaYKBP8NdwSr9lI1PByWNnYcYC5bdhh4sY6JSJg2uoTAYGq17/BArwYWWinmgKUVWqR9et0TYuUllEraxur4OVsM8SNLLPyfYp2X4ymezGLTtvnbnwm7O/3TF7yc/nLw8OVl1ufuXzrwATuv2+xUDNL1/pIiiGZoWHV74E9DqfL3z+zY+ZbA6s1zk8E9UiHLR3SuZMQJko1UL0yycK0ReEQ4m+hmIJ2O2DK18ulyuzl6yDrrjW3d/TZ/niu5/nrdj48OObHn3iVa9P/uHMhUwuv3nX0UgscfTEadjr3MUruDB5LTmuokjoMQmgYBscowy3w+72iHKoXBnA5BL+zn/qNbcwsXf/rQNkZy6PZgmmPbACzuWkuOc37cjn86FwJJvLf3fq7Mvb9oMaAe0Kgw+0FoyHe+YuP/bVaZyObNLdPwWoKnNBHaZRDy4n6/MFJvDYYgCzZ711/iswu3gYIeHIZH3YSuUKwXomOfjV+BlKycetX90YcL/+BsrkwNPTHj50AS/EcybTps1a/cUvFzoOzJo7S1Umc1/cZcSZ/HdNO5IMZWKYYYbdTKaNWQfyp9Z/aF2ZqHXleV8dB3EV0XhaENFUhjZJF4azsTIBBqkt5jgubqgyoQQ/J0w4LRJKGKphM7XGSeHr/da77l/KiHImk1ny7CaLww3iBDgo3AugoaVSGajz5rf2f3ziezWeJJnOcb4g7N5pdo094ThQSmhPTMzUBfLmikyBN5eDQsmmmpS/HFLkAfwtKfNO6tvoJpmIszmUSEC/dAT5QslKjxFCuJAlhWKaGSvtw2EDDlYuFuGc5Xkr1p/59bchxZnnyBenrU63dt9Jwsn5cc1K9UKe2bDtlukL/u+hJxLJ9KOrXvL4/Nlc7n/vnZ9IpmYuWP3Hta5isQhfYTzYCPdtMxctWf16rfr60wDN7rW7zeRwRUI74xV8DSc34JaJ/lgwkgA9pl8Hdy1fgd7QLYRDkbzkFgNNUnS0CKwNTMSkXD1NBK0+uV0WUr+6MUDrOllJyyf/isrEfmo1cuhSFmJlcnLH0lnTp907d6n9942qMjm5B+Xmeu2XDiM313/LtCPJUCaGGWbYzWTR9JjXruFkJZpGLKd2y0aWHUm601yZeANpwYdeo9ZTJg1fPZItZ+XCuHHKBADKxM1MgNMr0d65bitpo0c9QHQGrXWwkkcKTH/0qbSS5/eNXYcvd/QCh7tj9hJgnHMWr8bv/svlcr5QUDlfOIaKYVPtKRPXBK6iLoD3Q8tjk/P7xzCTvJ32an2rGiESTzWivDqEoskmWwZDUVDg2iWFYgl3pigH4TNBC9grCTRANBrf8tY+rEy++vGXGQvXHj3+rXbfSYLgJMYzpjEg0r758VfJH2IFz60zF6VS6Vg8cft9Sx2E+87ZS2FEwUj44eeLP5759f7Fa97ae+TfDz/eYXLCHYFLbqUbpxZOWsSx3Xgw99jpJjIJ7gmIRkqQcGa2eALlXlPvVCgSq50zqSg5LaRgO3OVOqTSGRj85skpE7cwGgRvcU8gIh/7kmn55F9ImUzAjNiSv4ZpR5KhTAwzzLCbzPKa2Gz4neUkpB9qN2tk4REfrua5fb0+WfChFD2ofsVYZULUUyaxdMXOyNlCqz/8GDdYmcgudx1OX1XK/xVLZdoTsDrJXy5evWYiwFTGNiJCEHWDhX1Otsvigq/JVFqlcbsPf/Ha24e3vL3v7jnLSoqjDsMLWpIHWgV2kcNxTIZ8/hA+bN9E6m/AvkDOmInP/OiQyRVQ1uBcq6lgGwG1h5UozteEzqpQSoK2NB50UyI6AC0uFkcHPXorP0Ksgbyqy0FYwg3atOOQx+ffdfAEzQqv7Tiwau0W4MoYLTambUCfwEjI5/Nnfu/avvcIQdJ33b8UWh6PJ3L5fCSW/Mf0BU9v2OFys/OWrYHG/HPeqvsXPTdt3irctiazRlMC6IdrJqeT9TkZlM/XwYjhyMT0AwxpOIgcjDg50OeyjZFEfwSFjVdQhFFVQSKZgoPj6bJJwh8MoyqrQrOxMS6gcWomLhgwrUtBuCKK+6t6c03ADGXy1zDtSDKUiWGGGXbzmcqwgA+EY+liWb9Bc8OoW4hAhdcrhcLDykRNH4zhYMe8MwaO6g3Gg5Fmr70bIRyJ3Thl4mAk58g1FssonNrFeq6ZXT12GkcpEJy098CRPfs/OHvpGnw4ePQTKyWQYsBECmaC8QUjw9UPxx4Wo1Asfvj5t/lCoYnXCro0fpjEq8qkf4LKhOD9vC+kXVjUvLduEcAU4dStyInmqKKMZwFRCo7bAOgWTplzGxdwKLfYUCQPKnHw2iVALq8pMRJ2Ri+QrAR97/w1hULxzd0fP/rkK59+fWbusvWFYmnZ81uWPr/liZe2aTe+EaiiWkMBECeYpoejsdvvW3rbrCWyP8Dx4sIn12dzuVM/n7/ea1aq35y+2m265d75+UIxncneBRJXKc2pP+ikAX0YjiVO/XLp0tUeGOfdFlRbcCoGAzIQVIlkWgonBH+UQtksJGJyyYJVwLNDCrIcGDP4W0cyg5KqQUPstAc/emAmgm2xbbAZ5/2r1jMx7G9n2pFkKBPDDDPs5jP1pxV+esuVwRuhTCjOi5VJJleg6DEOFaoyqSJv7EGCRy7+TQh6EyjKJCA29StrG07lta4czfMeX6eF7HPQIEVcPEqxhWnK2Qt/7H7/MBjQtfcOffjdqV96HSyw3lA4VhnvFTsQO21Mdl3A2Ulexpu1p0zgLKCUAsEx9SWAcrX+6reKXIYq5XJZkNpkeFqgF8mt+eqUKwM6RdEIwB4FueEBqwqx1i4BuYiVidWtF7Tb3/tsxsK15XJl3vK1v13pfuG1XfOffh2eEX8gxAne6QteABodCke1My1Ti6qSd0H0D18OdJdXDjCcB83RFYt3zF5SLJayuTz8/erUhXvmLv/3w0/8z78fg6/QvGXPbwYBuXXPUVAsI0dDcxStlONsgiry4BIudfS9f/ijfQePXrza22km0plmYUIThSJREKC1JoJzMFOTak/JPyEnNAm1JoR0toAnM/sdjPrId1pccCP0m9YDXI4vGNHySUOZGNa+aUeSoUwMM8ywm89UhCNxNG1Ss0Fzw2juzcXyfCweH1LSB9toH5DjfLECdBM4sZ2R/bES/HVwgWi6viSpohyy1WKpUiyVCkVkcrSkzCF4HS7K6iQ7TM6r/cRv3Zafzl7s7jVP/g3ukHJSYKWBWAkODuTV6kZeK3XNxctOTrpuo/Z/8DHQNZtbIDg5n282AdIGMEsrKJ5IQKPxqbusE1AmkUQadimP1SGgFTNjmSX0XjQWj8YSMBhy+cLGrfvUkGUgZ89v2n7653PNw4qAuz+7/k1cK7AJcOnAVupUuD3BFvuyVK60SBYxgC/2ORloRo+jfvV3GAY7938Mf+cuW09yvjlL117sND36xKZZi14oVyrHjn/lcLkPHv0UNvj21Dm4O5Ph/VrAcWLxJAzygQaDORZPPLRy3RvvHI0nko+sWOOTA/5g6K45yz0++a77l3r84UKh8L/3zl+/5d1cDs26WCgPqeSqhpHca6evmZxWgqYUH7ZSGWVZwB5U+tNoAFKh20rC7se//BYU+MlT5xKptH6jGsSSaVAF7T2SdgbNmeiXtgUTgRJR4JxmbaCgzETBhx6720oJ+OlzMKJHbvYgqKgqnmlaPmkoE8PaN+1IMpSJYYYZdvOZCsaL8sCWB/QbNDeMJi40ABflxjUBkymUpAvOMlgdSibTwWhS8I9TFiOby3VZSQfdUBhQis/36bMXf/zp3Kkz5692mzpNRHuvWoE+AVEm3JzZQZqco3l4dAbCw0QKvQ7G7hZ4nx8ouJlA7Ba3BEwX1jwlELwSwftpER25PWXCCpKrpi5EqVSKJEa1Qb/Vcc8Dj7/4xp7nNr29+JmXga1KwSjeRfTKnCjtPfjR4U++KpfLBMX8dP5Kr8UJqwLBMNBf0DM0yw+hKY4KJrrqYesCaCKFAs3HjyIgarI2NYLPHx7vtGPgcAs2t+eXi1dsrvrKREVZcY56dtPbh459PWPBmn1HT2x777PXdx195PFNJ745Dfrh/iUvvv/hF89u2tXRY3NSdUKSJgQUM80IZAupaaFVwJtXrH71iXVvvrL9/dd3Hrxj9hIQxmfO/f7YEy/nCwXO6++2jNZArGsgHswurttGIRFOCYEwyKKUqkgHBgaDkbhNGXVnL/xx8XLnD2fOS3KrN4WTwuMOhrogOC/JTSoyRIWDQiVrQLjqV7SGgYEB/Jjk8oXr9uH/GeBJ72w5Qxc8aFo+aSgTw9o37UgylIlhhhl2k5kaAV/VFD0cGET13cOp8dMHhxXnCNiX9zZ7d4iVCWwmBYfTBw9p3DbGbjsGQPg6zITqPtHETC4BlAkWJ2Bnfv2N48Vya0SkqkSxB+NlkEC9NhfBIb+p2lMQvGxykNdMzk6LS5BDRSWfL94XFxHH1k+w7b0hVgFHVeoMjumZRDJFigELiai/041oFqUUB9Ru0xwk6wECqutwlXJhvLh55/8qsQqZXH7a3OWlcvn02fOxeDyVTt/78BP3PvLkQyvWHv70a5CL/zdv5T1zV9zzwIpYPLHvw6+Of3VqzuLn//XgylQqDcR89wefZ7O5YqnUZOIolc7AJQxoS37WA/RDMNxqOQsnJzc8Xz30WJw//HT+4xPfELSgX1cPiWR6x74PZy16saO7f96Kl0FWbfzPHiDxIMw2bjsAVzRj4dpV63Y89PimScag4yy3LZbFrCoV4iOxxKmfz7/57pHbZi4qlcqbdx36+tSvxWLR7QlcV8YnjB+XopxrxzY2UknSAOPfTHn67O5OM9Fjo1hfyOYW+hzDdBw26HWy6Wyu+ZOrBVWjh1sE0vlTNGdiU4LBWndc1AHuZjiOXsPAg2klebXHTATX4qXBZlo+aSgTw9o37UgylIlhhhl2MxnoitIIdS8UimqEtxbVYQmBLJpGpu6eQjXihuIZ5JHV5OcZVhCkO5NHHNXrk0VpTJxDIwAfddKoyJpKAhTC5LURJNi1fgcohGtmotNCgXVbSbuLvvj7tQu/XSUYj4uTrvQ5MNO6ZiLC0fjAWJYPrS2VK4ViieHFDhNhY3y1dA2WwBktlLfTQjpIBnm81LtGnSwB3ta2x4gKuHag/rF4UustAw2mUKA2oqpWJzojfLaS42dBxfIPgDqT84ASAJoFmg0OWFK84wQ5HEsk3Szv8Yf2fPDZbbMWn/juTCQawwU91m95V/TKO3YfOPEdorlWB7nhzd3wwR8MB0LhPYc//fDL05u27Tv9yyXY/ODRTw59dPz3az1b935YKBYp5WV8n4NBycoYMVcoarNayYEIMVJCpwlYX7huz9dF3VRvjQCn3vnehzg6iPM1m/SrC9YjL3r29ZkLX4Q+3LzzSDSeDIaj2/cdy+fzn3zxgxyOv/TG7seeem3Rs29oJ5FgeHgbV5ZU4WBQXATTVPDXRWVgIBgKP7zypdtmLYK7jNNbYQOxkUylYYNAKGJyMiCwO8yuPierREzJzUULNisl9jlpGC1wFfhWjntn0MBj26xvCO2hxQnc0CYgWDTp2sg1rhXI4QT+IAWj2j7Beb1bgZZPGsrEsPZNO5IMZWKYYYbdTBbVeImnc4XaKHagHclMWUs+4LO6OwaQS0+gYczx0BhlUlWTdDUHbMlJYdWfmxT9/QQHrIjxJUMxZECwUulMBqhuebReZFUpBwFUxk6OKW5odrEu1oNZlPK36vHJXVaqx0rAMXXcC5uL93fbqB47HYwmiuWG5AsOJQXCQOxG9pK7LOT4ZK01VMf6yOGoDJuSEteiUSYj0rEOQD+APJDCCa8c8HiB6fr7HLSV5Cwu9roN5BzVb0d/bbSv14mCWLz+SCKV2X3k5C3T589/fL1bkIDavvnu4Usdfc9s2Gol6HK5LPrkZzZuB8my4vnXHly25v/mrTh9/g9QJl1mAtYe+vCz/UeP/3b1+uFPviopzlrYSAFa7oE+h3sBegZHPjCCj+DGVyZNKt7UQm4hnl4FSK/jX/6wZ/8HYJy3Vd8kLZKp1Gff/RpPppe9sA30ye/d5h6LM55ILnz2DVCAV7vNvOjde+RLmhW++ek32ADkic8f+vlSp/5ANcBxETi2oT3sP/oZdK0cDKt3AdSItrfhBqWz+VA0AWIe9Dko8F4HY2vqNulkQasL/QTba4NbyQgeHyif5hKlqqSl0i7BES3aJXVRVRI6i/IU5FoAkDx6SCejTHzB4Ym7RArFa6mWSrd6j7R80lAmhrVv2pFkKBPDDDPsZjKtH40vnHN7Rl/QJpNpkBycN1gqDwRCMRAtdlYm+EA4kggmBgOhBOsL4zxa4/7YA8MAZYLfGTPccCh8I8A2NrcIBIgc+eHvtLjyxdK4Z9ECzmQj3DpSRfCylRTs9aZHKOVtsZ1ATvaCDy55+H2w/rhjARcEtN6l8fsCNqkEE1dVG/cgzaGdxRpUMllBO80ubiTRrQTaqddBw18L5SU45Icz/P4bm+DHL8JBGOgvuZ7J4TioCxAz+UIhEIrcft+SQqF44rtf33nvA3XORPIHH16+Ztu+j879djWTyR46dhJ0yMtb9/7Wbc7n84c+/PTwR58dOfHjpyd/zOVyVned3salXaC1qOa6WwSR2cShC/pPOyynFtCllztN+w4edTC+tv18hpRBq6RfG3rhtV3w9ejnP85bsYFw8ytf3L7qxe1zl633BSKPPPnq+q3744nUui37CuPF6GNSTk2OSatQHbFC45UcqaJUE4OlcgUkPwhIJ0l3mF1OtmGpUOVuojGGHcB6bFSXlYS/ghyqKGnAhtAcUSk9UvoGjr/wyQ13zl7yfw+uCoZQ8Elnr+W9D78c04gRwN2BoRJLaCLhxoOLD4CFwlHkRqh5+tT+nMzzqOorOLIa6AXW0XK1Uy2fNJSJYe2bdiQZysQwwwy7mUz7M+3i/aBA4NccJIqD9RdQgID+VzycHAJZgq1mZUNgQQI8Y2CwqobC1wVs2TXWM8ruomub0Qpw9Wgr7UPZhGivjpojsq7404PsoWgukRmhUS0DWqV14lIPi8WAaiCHgH/DlqAluiykW/ClMtkiUD9NObnaIwNgXbkywHhDkhy0kkiKWBvXkm9uijIZdtQhRkQLoVw+6BkwEDZ9DqbDTPA+/54PPvvH9AWhSCwWT+K8tNf7LM9s2ApU9Y77lkx7AKWmfWDJatYj3zl76d1zls1auPrsxSsPrVhrcqII8tfeev/Isc/Xv/7Wzxf+wJcDGk+Uw3aSAcIK59IVoFRbeN3mpjhvuVzR3gfoBykcHzefcttIpHM/nb+898ARCylMYEA3Rl4JGQcybSO56ybnW+8dO/7VD/c+tiaXL9y/5CW4nM++/HH6/BdQvVHBDwpcud462kOZH/M7KW4qGoUSEmCvyH4H3WLaXLgLoLE7NSFe8AEeJSw8eu20k61/K7X3FEWkOBiTS4DR22EiCoXCtz/+/PCqjXDJIH1h/LC8uOfoF7/+Xn8GaQBJcf+4Kq4WVUVfRWMJeOoJ3g/XbmdQU2uDrCYEbfpBNFxHrrSvQVa3Wmj5pKFMDGvftCPJUCaGGWbYzWRa2BnJH0rycoTg5FyhTuB4rji8Vzwz6kDVCoaVSbWazKLJk0yu4c7A2EEg4d97+NDnoJu8TW8OrEzgooBjEYyoTbQFTAX0j81JkqwnnVViZSaOWDKlOnG1YgTndzBem9vT42D77FS/w22jeNEryeEESLWigrLisB5JpKVg1EGLPXZ3n5O1ukWHUma7dYOrBjO5eGxwsWC9TtbOeK/0OUAmWRykxcVZKMErB32BcCiWiCWhJwpAGeHf51/e/sDS5x9d9eI/H3oKeo/kfY8+8TLcxC++PfvO/g9NNgK6Dr5e6eq/8EcXSXM07+3sseB0xr9d7e7q6fvk5I9mq0PXY7l8Hs51rd/ZbXPXdRmCzulzuF2cT2WPcPdpMTglmqEuIvHU9z9fAGXS6+Qmw1lVwKBVP8NgXvLc5odWbgCjWeG9j76ChYuefePJdf8BvUcpc0cu1uPmvLXiRArFKMEPck63vD3ApfURKGgbTUVyLQWUu3kJRikqmj5yd/oJFocJJdMZ6De3IHWanCBUTARna5xQGxtKq814U+n0C6++faWzJxyJ5vP52+9b/OmJb158ddvVzuv60yuAuy9KwUkmEoC+LRSK8VQOetvBNguHGxdaZ9f+kVx8ytW1Kni0fPLPUyYGbj5oR5KhTAwzzLCbxnBaLQz40c1kc6UGb3DhZxcXOYFd2lAK8LPtZlCx5CSwedLdxEEF+9bj18n5/LAHSHtQXriiQ+GvcPZcvhCIxIF/t+KppQJNXyC/rEHgSdlsLhyJ8XIYtI2DQTMY6EWyjbpqIq6iXKuibsJEO1nRyPAGaHsevWPG76Hr7qJ0i+e6FZ2u00JSKH6Gs7vFaCKTL5aKpTIYCmqvDFRQjDuakRmelKlWU+ksdCmQfv3lNQCuG6P2EnxgfaHk2LIncjhKe4KC1FJpdi1Ql1arhRKqSHPV5IR+010vdEInKCcp4gvEKHFqwgzqgvYonc/L3S3nfm0C6PxoUj8fCLehXK64eV84huYZH1ixkWRE1ouqytAiep2vXDv64Bb9iWQadzkISxfnjafGr/QCEPzRbH6ciQVGHNYYFpJvMjsItwbkut09HN+ljLpAl4UU/WjM67cewukx0NNRriAHMNqD4qyumYjrNrfF7dXeVhgqcjBy38Ln/KEY7Q1GE+liqQL73jZrcTyZ/uKH83fPWX7P3OUz5z8NI3fD1gNffP/LdasrmUaRZPkCjMayIIfcqE5oWEQfZOgf+F8LLJkZ/+WC4hjmt9OehlfeArRzJpxvzIMJLdRs2BBaPmkoEwPtQzuSDGVimGGG3TRWLI2+jFTzBddiUBPy3jqh1wIFSNBImQSCIezWpd9CAWyAHZb6iPHzTY0LOJodVX0O6E5XHQkWH0BiA6WoAkKfTKXB5ECEYgWzi7W5UbZWG41iJBRD/Az7g2EiqzISOz3qBaRQtDEWjKUqlQEgV6wveN1GdVpJ4G2gvtRQEHwQ1YYPO3IW5MzGeE1OFmg6wfpwJAO+hC4bciTrc9C8ryXi7g2E4Wisp+Fdbg78jj831q/GoxxTaDdAGR+zWERFQuBegHDqdzI6ByH4DAs9gUijMdM64DaFtAkfFPSOFKbon4oh5+LGCWOAtcFQBP7KmiTI8NUfisJV4guHvyAeKMHPoxogmp0bA9h5Yjx2XkWZ2Yan+LySfhjAiUDbgHC1kMPZqHFLemzudA4dGXYPhWMTmsCEY5IcPEEyXJqV4kHAe+TQ7EWrvf6w6I+mMrlEKgtD+pbp80ED/8+/H+M9fuiHR1a9BPLs1pmLHn1yk8XF3DJ9wfRHn7pj9pJ7HlgBLYylMt+fveRiPOFYslweyOaKIAmyuQLKg9EUMH7C4Zi/5dzTdeHWPD5hpQim2lcOWtRsOAbovwUUhjQI/89o+aShTAy0D+1IMpSJYYYZdtOY+uYUc6Mx//FpkMyN7tIiVdJBVSY+ScZuXfotFADvwT/2rfttN4fyMh6Vy1DVSLFYTCbTSCCJMsV5KcXJxDFiBJq10E9W4NB/MCBtQBn7COGqyYlX9bs4XT11HUKxlJaqAjsBlQKkivb4gRN3mF02tw80BlwvNmiwk/UBF4eF18wELGHQ2+VUbuwbcTgmVibwN1DDtusCNAn0rSC1qSIiiTT0pI52MyJSU20rk9pjhuOpTguplrFTzeTi7bSoO/tEUSoPQEfqFsItwKewULxuVRtwMi1l94JhkK8pLgn02sVJSJOMXDUtBgqFUivX3IoyAfSOxMFft1LavoSPyUyux+62uT3q2W1uoctKaidtQGMHwjEQAa0XK3ShfAze4TIgA4OZbO7p9f/ptzrhCGcuXXvn8OdwLFw85//969F/P/zkvGUvTHtgRTyZAmXy8cnTxVIFlAkj+PYc+fLWGQuhAV+cugBK5o7Zy1596wCMh03b9l3rsRz69Pt4Ej0Fg4MoD4E6Iwpf0RdF08IS0DDpbB5LXDyXiJe3Pq4432gmBriDLo0yuW4bLSuk/m8D/znkCiUJyU7RrGTD0/JJQ5kYaB/akWQoE8MMM+ymMRXRaKLJO2mtMpnIO9NRAD2gaCQ2BI8XSxT9Fgps1DAtA0KvX9cWSBa5CSmGeDk+OP6MzUb77IxkJljgDTQvBoKRZCoNbKlcrqAQdewRNYIhRB/zKJh+hC7r6paklUy42iViIN7oYocUVuRgUM5cFXA2Sgzhz/qtNYC1IFooJSlQKtuSzxsloPfl/nCzrGhNAPqNRMXyxiykBTTnI00kS68WdkqoPeaQcnXo7bKTNhGj7+8pxcWr20oSrLeRsm2OeApY4pj7BYdR0y3o0tq2gSpyeBu/K2Az0R9t4k8Fw86GEjb4SXF4CgW7LdlRrXrBSnKMRwayCyIhlc2j0jSDgyCb42lU97B5xwA/Vjuz1+6GreFBg5Hf52S1r/9RZjxGHKzXRCfrlUITGEIgs0FrqTKsqlzdvY88Oe2BldPmPZ7NI5kDygQWYn0Cz10skS6VynfNWdbRZwctARIlXyh/dfribTMXwZWCPonG0145dMd9S9DXmYs8coj3Bm6HrwODd89ZfvjzH97YdWT+ExvhIb7z/qVPb3z7Xw8/dbnLHImn4OuS1a/fMXtJJpt/7a39Hb2WbKF46Pj33/78GwwquGRsbkES0awOsnAklszmsSF3Mn8EmooNVIc6dwrWaXZ1WcgOMwGqr5/gcHqAWs9MLZ80lImB9qEdSYYyMcwww24O05I0gmv2rlerTLShKa0DWD5WJhwv4g91IcjDhRcCoQmHLtRFsVgiGCROPP5INptTxMYgolzNGdxYAE+at+yFeDINu6rZsUwusVLRvzkGnqcjzSTXMN2tWwwSbB1e7hbrXzt+EQvtV9xCKjYlaek1s6vFvFU4KiY1NlCkdcDpCE5fHBCrnVBsAkldtQC1U3tMLeB6w/F0nxNV2NCmVnNyUpfFlc6C0ECBCvrdGkAK6dsJN8vsQuIHRkiy3UQIGNAMfzTVfAINA9pcWzVIiwEUEYEKLMJATSTTVpIHTQK7gD5xIeeoUaWNKa/yd9QhUDUC6RmfjZHA8HSfNrcbqYRyqV/xEjRz2HRuyqrU0mkRVaXAoo0SGr31yOaRLxZFIz+6fqvznw+uunvuisXPvZ7LF2bOfzocQ8Uc/+/BVfC8vr7r8J33L4slUiAzPvv6p4dWvHjfwmfhWbhz9hJ4Fv4/9t7Dz4lq7x//q76PXe+9z1VQimJBem+iUqSJIAiooNIFpChFUJoovSxNYGH7pveZSZ30Npn07Ca/zzlnNzuZTCbZwPX54Z336/OC7NQzZ84k7/ecT4GDvDhqKvTVuBlL4E+QEK09+hPnrq/YsIN2eExW+/NvTAbNY3f7aAe7aO3WR72G1V/tbO1Qwcb7jv127spdh6+icmJFt5Stqp+rN5Y000AUGRIqQj6pKBMFzUM4khRlophiiv09TMg/5KmSUJkExOyuDop4HsDNenE9k6LVRssoE9AAhIBSTrn2/MUAnvT+vE8TfBK0jcXpJ2yjS2cVb0eUSeWLZmMNZQLdYmJ8ks7xtZSJP8rb2YjFETDb/VorqpkIzbjfY5DhkUJocS6sFM5p2wQMlAdoq2ghKV3XvDKROmY1oEttLl+3figVkhklOmO7dLZOndUXijXYA3aPeEIDGDPpFuhMpy+STOew/BNt1RBATticQalpBjFC4ZhkKHkZcT4FTeKTQxoSBE86k0WBGYlUMMqxwSjtDgDNVZsdPUZabbaDYoHONDJuckeasw6Nxepg5eejNNZGMyiU8CCH20S5fLWOybj9wkdAbbA+6FAnkql0Ovv2jCUg4eCqQaLAcRav2fy/b8/O5/OvvDkTloOkCUVReceXx06Hz4lk+kUURs+Nn7Msnc2D3sjl+w7+fPaZ1yY8O3IS2AujpkDvvTZ+Pnz+n9cmIGXyZaPKpGkzMh64NXCD2jTm1l4TDGD4U8gnFWWioHkIR5KiTBRTTLG/gQUFZBJog9cvV5QdiJFwX1KxoREApbh07fbFKzfvtKtut/XCh44ulZVixNsNojgYAd/5hOJMHh+EqgJNnLvk8/Hz12RzuW6jHWSJJNfik1khNy0U+o30sH2EasUq4GgZAnRHiDLp1FrJDJA8pS5ivxrYPo8njdC8kSBtF9pfFrAaTqc2iW+cCUdUO7zhQmEYuc4IYHP02r7qmLUAx08kMw9Vxl7jUCSGeeBNv7tVZfQFo/mqWSwhjFUTg9l8gRzEwLDQMUBnQ7GkOxCDW2CgvHDvfMFYNJHELn2iXcUIxXiNRU5vlKGlWBAY4qUC4BRtjWahJdBRLDDv8t1E8RX4LsN9AYNuyeE0D5lcXlQSR2Oxt6nNVrsnhnNGi49bCTiyeTDTXSOA7flUVmYeSWtFYS0yVwr9nsNzuy42cL9TAx9OnLuGPMHGzf58y/dwXf98a2YJO4uCRIELfP6NyVjCJUdP/vjK7YcT5n8KF57J5tys752ZS220E4TQ1I+/AGUyc8mGP9t6+HR2w9YDZy/fIaVLq61dbW4bNJAWZSMtF5oBJSI3WewexuOHgYo8QguoMg9B+YqEfFJRJgqah3AkKcpEMcUU+xtYlB/6sUTJcGVJSaFSmTQWcY0Av87XWu66PWwmm7XRdrc/dOHSDcbuFG8nAOGdPUamNl35S3H9bluCT3IJnnG4XnhjioMNeoMRUXhJGSJlAqzI8OSUiRA5VIYP8SGVycmg1LoxbFFfiCPmD3MRLlU2Lpkx0GiaBRiVkXGD2Zw+MMrps7MBMI8/DMYGIoFIPBiNh2Mcl0iBpbNZsCyay/LaqiIxjFiZGBkf8Hg7GwlGE3EUYVxBxWqBKBN6mBH5wL9p1wARFPHCLgMFitFdO4sXNFK0JJXOkN01FidpMhZ4KI0Sx6ehD2l3yGRHTnd1i97QrgBTNScjCT3Fymt7HcpkZa/fgwLoaW8jmXPh0rpxVm4zVnSdOosZ5TKOwx0DAcHJXmMRBf8UKLf0hJ4k+lFtnBSKl68hXOFKzQ5vdTKAamRyA/U34VgXWx78+aiHR/m7w7OWfFHC32D/+/ZsON3E+SsXr/1u3rINa7fshQ1eGDV17+GTazfvPn7m4oatBxes+PL0hVugYdrVxl0Hj6/dsu9BR++r7y04f/0emp/J5ohFOT4STxDz4nRexOwePzHG7e8SFEcaHIGeclSauPUCCPmkokwUNA/hSFKUiWKKKfY3sHK+YPgddfrqJAONJYui3RtEMpnysCjCW2umHU7kB3Lt1v32zl7xdgL0mAYKKagsbj3N+pGvjnibvxK9WtP/e/V9YO3Aexwuz/NvTAE+VIt8iJRJJpc3UGI2Xxd1C1OUULGRPOklUBe1GlMo9A8aShBkQoEHrMbiIKazucFgCXZ/b8hjvrphZB6mLGvJiUKxpNkR0NlYmzPoYCNx8i6/cscS8txD8xXyHF0S2Ty69lCEM9DuNrVZba4IljCjKpOuNrWJdnkTqYzwxHQVq7bgOBnomQ71UGKlavShguV12LOekqhogXRO5RLk2SibMACYscnhC4Zj4hVPAu04nxu5ZKbSYRJuEeMJSNwnNNgKFqff4vCGYg0VVynjmz3HZi/7etSUZSMmLj586rJoLZwxnc2nUXFRMocnde5BWOBLCif4KiOVyhRkv7UInB5vPMFnUKmfAoo5sTlAeIDwhlVt3dqHnRqvPxiJNfyNNgi416Iqq/Cn/CUQCPmkokwUNA/hSFKUiWKKKfY3sPJPaL7Qh+siC7/zxKjenUvJ7zGATDb754M2ry9w+fpt2u7gEvz5yy1Ot1wQLWgkrQ395PcaaZ3VXujrC4ai0EKGDSZxXYW/EkCYbIzDYKaef33y4rXf5XK5OJdYsXFXOiM9xYTqGwpe2PPpbBPKpBGkcSUQMDYYbuROgKhAlN06ENRBZgaqQVyAUJA99gJCRRvzqHye1oKyCBSrzkSUSbqyyEkZRexWBAMsEktaHH7sIuWDDzE+Cadw+0NwzEYCM4SAY4JKFO4IH/hUprUXeXkJcyUR/q2xOB+qTXwqDc3whcTZG7hUKp3JmxlPmyDlazWC0YR8O/tRui2JQhkgrG0uL6kGCDLbQKNyijKHgquDNpuG6crVIBi3n3gAglkcEo5naqtH6HkFj57TG8L5iFP1vdmksHnPcRJGUsSXJlyVLxTem/vZmzNWjJ66bOz0FSMnLtGbaeEGIkDjRaVIUKWgxnI/wJlxID4jXvF46NBaFGWi4P8MwpGkKBPFFFPsb2Bl8MmUfPh7UVBmsWxA1Rr5GQbqcOFyCzG7w3n52q32Hq3XJx0UTgCHJYlcgUW1qVFZbliSTKZol59yye34RIDY+eCL2Hw+v3Xf0VPnr+fy+X+/u+DZkZPC0bjPH4zFxWHuZQCtj/NpVLQ6WwCLJdI6K+LQyHBcR9nKEB+iMZSVSSDS0JxSlEvCxsDPxCsaQCIFV+HSWCQKyZHw8VrKpAxoYT+u7RBLpFy+iMnuNzsCRuxdNtwegJ40UO5qFghMl3KhAoWgT8r8m5jO5m7XWmCVy4cmvsj2sPvN+537jp72h+OReBIouPBoIniCcfl25vN9CanczUVSYq/Qn8nleT4V5XhfmJM5EspJbbbrbHLujs0BWlJm0nAKydgPUE2cIOw+FuetTj+MtNrtrYPlG78/cOL8vbbeHo1ZlOwBnrKtB04eO3P1wo0HX+86Mm7WqrBsHgUHG3L5Ku6RJ9jotBKMGVR4xC73QqQJ2D0DyTAUZaLg/wDCkaQoE8UUU+xpt3hy6BcUZEmESwq+8MRIZiv2hZ/5ZBqFnWRzctHGZRTx63mnywOWzxdsNMN660wjAI0m5NJk98W5hoNangQcLu/4OcuhzSYL9cKoaQYL86+359xp6y0UCr1a03OvT3K6xbEKQoAySWVyYHwaLBtPpImFo7w/lCgbG4g7vGFsEi/aG4EvHCfiTVgITwZsIIK2p5tRJioc+ROW8uTR2ZAyqRXXIQNgxnrKU57DaRyJZFprcYLYEK8QIM6noM2dOhtJlCw0OGOn1ppKZ++1drwxYb5Gb37lzdkao03+EuqmMaDcwUZYaV0QByGXV+x19vjQU+hOgYHsBzUrXo2RGk4JxUYAgxOeoAcd6ostrZGY+EFOJFNzlm8eM215j14izZ0I7kDM7Kh4MdHX2IQJwBuMmlHuhyd5aSX8zSYsi6koEwV/KYQjSVEmiimm2NNuwh9Q+L2Xp2V9ff3lHfk0YgNF7N8lzO5VC8AeLl27hedMbnR0qeBERrM11oBXd/dggGnHX5ukC3TXv99dYDDZvtp55KPPtu49dv5KywNc6w29Ea/LPECZ5PLSwfFPFjYXKvwCyoSviv2QBOVEZQpdvmFT3n5UWwOVYqj25ykOenPJjx9J8KkMqJoeAypkMSwQVy4zU//9dxFPfwXD8fs9Bj2enymTyHQm19quevWdOfCho1f/9e7DtSbBCKpD50VoJGlBXUAPG1BhPlboEPj4gAsLRTly+WqrWz6i7Mli4affvj3r0wkffD7loy9EMSFwd6Z+vGHcrE+nL95kc7B1W+ULcwamjj6URCab11qdYFXj9wlAOG2iKBMFfymEI0lRJooppthTbbGkmCII/6xGcdCbC6RI2SMjyDVUctHDeu+2duqNlut3HoI+yeVyBpMlHq+/J+0cCBjQWl11W/gEEecSS9Z8s/rL74OReDiW+Pe78/hk8n/fnr3hmz3C+hK10Ndf5JMNSYXHhJ4aCN1OpsVR15IwMh6dzR2Mit9b1wWHa2toLI7qm1DEdfRwyEcdWlkNfzgGTE5rtYtX1AONgyUoZ6NKABqZRNE+ri6dTW1G0TIWJ6qhkUpnXxk7/eKNe7DW5w+BhA6E4/5gtOoqEfSyyqRYr1Bpg0hnUCwQdOmTHfAgqlEOLvw0EffIvwyzln4J8mPlpj1vzVwpXoenv85fu7dx55F3Zq/efvCkzS43DwZDt7lOplxeA+1uYnauEZCcdYoyUfB/AOFIUpSJYoop9lRboa/+z6cIZMdwor6MEeHK9dtF5Gffp9EZOjUmny9gNFuy9cISSnjuQo0LVMMPfyIl4cH/ZEGuC3jGS2OmO5zu59+YEg5HYSF8+Gbv8XnLNsm/Uy8DRWNXKZNiVYKmTpUxGI5WLqtAj9ZiZ+WCarq0aE4JxEaD7jc6m6vXyNR9M10NrcVpoNlQREJMCpRJQ50jhMrEmOy+IE6RNCwQ/7G6OXxrAYQWaJITv98wUe50Jvf+nBWbth0o9PWdOP372Ckfr968d+aSjbFEMpnK5AUda3PLRaEUCv1Nt0cIqxMRXOuTDocoh5fAhyY05ONg044jn3yxO5PNbd57XLyuVPpq17EPP9s6Z9nX781bM3b6infnrBZvIUCU4/V0nUQdkiB5557IDaoGjJyyMtHTHi4h5xZLIOSTijJR0DyEI0lRJoopptjTa424YFUjyqOsweVEw43D4fQ4PP58Pn/pKvLp4hI8KJNG5A1sozKj9MHww8/9h0NNgINO+XBdj0oX5xKjJ38Ire3oVr8ydobH60MNttob53OSyuT3y7c3bPup/CfIAyPluv1QVcKXCXKIdAip+UCcpgw2p5OVK/Rxv8eApzIaDZU2UB7a5Wug4ytQxKmijDVeBhdxhW+DbLKpWiCF6hqUVULoqWbi5kX451szXxw1Ncbz4Sj37MhJF6/ffWHUlGQ6m8nmnxkxcc3Xu4+fvXrwxB+JVHr8nGX7Dp/uwzUuxUcZhJ0ND8v/Cmfo8rLBiKjfgHmDIG2iM2XAJ1MkXxl6jhooePJk0dGrtzm9b81cuXHnEfG6Uime4BN8KpFM5fJ5+R4G8HxKa/MYGQ/0kp5iDYyPcgcCoUg6m+8nKYel9oalSDNQ/5EJk1KlMjHQHrunvr+ZkE8qykRB8xCOJEWZKKaYYk+vNeKCVQ1Sz0Tyt18ehUIBVUIu9F2/89BC2SPRqMVGSZOISsA23TjwGn74/xNB8ClBZcmtP/wMOsTl8WYy2X++NQunBuaeGTFh3Tf7Sg14uwkhqUxWbNj91sxVRN7Av9/sPX7w10uXWlqzudzlG/fmrtjS0a3K5gpf7zp66ebDH479Dtucvnjrz0e9qN/uttvdEpMnD3qJMpHIlyUJ6EaXLzScS0GIxlFGLyCF4hUYRJnAkR1sJBxPAr2swQ8lQLzRGsz6KgScDisT8fJh4cbt+yPem3/g5zP7j50ZN23xwZ/PPv/G5FQqm87kQJls2fXj8vXfPezSgVABAfPl9v2PunR3H/Z4KnNDleH0oek18dLagMOGY5zF6QMLRTlCyuExMdl9Hv+w75E8HGyA8GYYKtWRQk8cpB9AbLd161IZ6E9UoxP4umS+b9j21Pmb3+w7sf/Ehbrh7JlcHgQJPF/wIZZI+sKc0x+hXH4d5YVuhA/wZwi0Jp/KC6o6BsIo9l1n+48pk0KFMrHKOqQRCPmkokwUNA/hSFKUiWKKKfb0WnPKJJtDQfBNEJuHbd0dXSqNmW5XGbw+vz8QdDgbdaPv0NGSykQ4g9HYkcQAvvQ/r75/4PjvReRpVqAYx7/fmQMf4Mizl2yYOP/TWUs2XLpxj2qAZ4gAzKkcy1Fu27hZq67efnT99sNCX//R36639Rp8gfCBn/+YvmjjguUbQZOMnb4iHEtMWPB5MJLYfvC0zcG+N2/NT79e/GzLfrvbO37+2kQyE4gmgGDpbG5vMArUNpnOwoloTxAXHkEzDzJdkcsjb/iYbAY2SehtTkPtdF4oGSvDgsYo4pmfSDxJuwI6K2uifaBVOD6NhIpUq4pkKoYZ9tTHYL3IJ0A0i8inznDzXns6nevs0b08ZnoylWn5s+OtqYtC0fiLo6fCueKJ5KvvzrXZ3W9NXzJ5wadrN+/p1phXbdwOVsBZd6H9n329p8EkdZLI5QuBSAK4tdbWZMSOEBanX9SlPQb0ECHe/B+bNxBCT6P849CTN+91WGnnorXbR0xcMmLC4tnLvhZvWipdudN+8Wbr9gMn9Wb6u30S7l5CgH6TT25ewjMYIIdAn0B/2r2g8Yp6m0NHeQJSvoiPA+hj0D9Wh5f4FpaVCXzRWexu+VkvIZ9UlImC5iEcSYoyUUwxxZ5eS6SaoT4kPVef7C+uJC5dvXn+0o2ygThxuaRdg6ohqUyAuh365Q9yBPjXH5Qrp10L+Xzhf16b8Pzrk12sP5fLgVB57vXJ8C8cPBSOvjBq2ptTP4Y/G2ynEP3FItCgvv7+RDLlCYTd/mgqlRs369NQNPHh6m9h+Zc7DjNuXzKV/WzzgTdnrNy0/TDIDFTMASsTPpn96fQV2ukFZXLkzJVtP5z45Y8WkCvoLXuch94AvgU8OJ3J7dj/CwrjzmRNVnt7tz6eSHv8YY5PSc5CpNJZ6EZe6r21DIq4Pp3KyIhXDAIYGBxWGLFdxBmiY4kU7Q7pKdAePocXJEpGVD2jD+f7ApU13B4GqYB2fELRzNCN6WyeS6TyhcL2fT+/+t68l8fOvP5nGwyDl0CZpHMmm+OdmUuS6cz/jpsV43hYPn72sn+Omz1xwaqdB05A51to58tjptV93y+PIh7JWqvz8V/t6yu5O07NTPIme/0hubimJwUiHsgwKOLcaDAgNWamR2cRb1oq/XzuRiqdaXnQzacyazb/IF5dCRhsBpCy4sUSKOKNQaQ5vGGQzXD2tGCC9PGRzuZsTq/GbDdXls0hBjfRQsvNZAr5pKJMFDQP4UhSlIliiin29FpzyqSEg+DDTTlVEZpipeir1+84XG4P6wtGE5LmC8X8gRAxtzfQqR9QJpTLl88PeJMDifx/r77/8+lLyE+sUHhmxESRiz+c619vz75088GF63/e+LPt5bHTV325R7gBsKVsNgs7+vyhl8ZMGzd9STaXv3u/ffaSDXHMPkGrZHM5xoPS8uosDm8wJvkStIgLnMO+4RgHLafdfjyn4TKixK/I4wiJgWQGiO/ISUsmL1wzfdFGtzd47U7b+Wt/un2hecu/XLZ286SF6zPZ3JszVoQi8fcXrIW2HT17zeEJjJy4GJRJy/3OGJd8Z85qEoKCq7P3zVu26aXR054dMfHdmUunfrDqf9+ZM2HuSo5Pl09qZBDph5YwLr8fGsenQtE4LBelba0L2BN6IFFbz/RjgSGTSwp1UbEICioY5RlPyGz3mxi/2x/zhTiT3acy1dQ8teBwI98kjcXBwFFgKNcKL2gAIPBIAIbGYidLcjDIBuNe/jVuzqETf4x4f6FaZ4Fh9uKoKbA9XMipC7f2Hz2j0ttg5HhY/w/Hfn9pzIw/rt/9+ezV8pGHC7gCoObQErhZ4nXDAQweb6jiCFrzQLWNboPYhRK6DoZldDjTaHAEC+OyyQboJ9NZfjBfxcUb98dOXwHye9bSL0/+0VK5IYKVcd+422a0OUG6d9ZLGgZnd3qDw7rZpBoptGdYe0kCuguORnsCJOWDGadQo5wsG4yaBjWJ1ubGvnMoFZjDXTNYX8gnn4Ay0Wgd8eE91wr+JhCOJEWZKKaYYk+vSRWqbggB7AmWL9T4va0BrdVusDlttF1vNJ2/dMPEsKgYc9WLxrpmYFig2hqrM84l/vnWzGdHTr5w5WYkGntmxASgLAaTdf13B7b9cByoJRAC4rifxQLj2ZGTXn13HjBO4PQgSDp1FBwkk8lOmLM8EApPnr/yudenPPf6ZC7Bj3x/wZ+PusstN9LoZbMWh0MYENf3mGmXGTdj0ICjDKQ2BgOaq7E41SY74w4EwrFymRET7b52r7OEs0It+nx7Ipn+4effW+62tffogdmDTjv22w1YBQrk9KU7QIB+u/JnKMrNX/XNvU5tp8Yybtaq5eu+LbeKIJfLr9qwMxCO2mgHCL0y6UxncuFYwu0Nqc0OoO8kK5EZF6wEOqW1ugyU02L3BMJxzOkRJ5aBXqrUuhDQfvPwnfjR/cL0zumRC/GXhIF2Qas0OGkb6XNoISwEWQj6oXZLxYA2UC5SyhPIvEQFSdjA4fYd/PV8Ll9o79VP/QCljTpx7vqW3YftrP/shZZFn20BofjVzp9+u3IXPrwwamo6kw9HudGTP4KRVqvT4I6ISqEDIjFOZ3NANxIPseYAN5RhQ0KVDh2itqA0A70mulNrgftOu3wgiSPxBIjhzl7dlbsd6747VMLZildu+n7h6q2t3fq7barPNu8v4Ev449o9UFxwOcFQJBZPxPlUIgXNh35GkyHoKRs49VDwOnww2geiwOet2JKSTWlN2T08nypi3HzQJV5dCdgGxnaNfpVGKMaZUYHF5nsVTucJREBykG8tGC2gY0Hsl6+XDaICpsS6DTQs1mP/LiPtsjLwFeHUWuzQ7cJjCvnk4yqTeO/NLdtObdl/V7xCwX8BhCNJUSaKKabY02uPpUwE9UwaxIXLLWVXrsvXbpd/xZu2OMePHD8fxMbICR9F49w/3poNxOjV9+aBrhg75aMLV++A/Bg9ZYnWRB04ctLjDTw3ctLLY6b9+90PJs77NJ1O21yoMhrH52Z/smHaR+tmfrzmyp22cTOWTlq4DuSKMETYE4hqKVZlsuusTsMgxRcaLARaDITSQHlAftjZQHwwskJIn/64ctfmIC4uaNKjiOcQyAeyEBM7tCX5j8wDkA0Abl+4OtUvrHSjUGmUjrlMkgiKg5NUXCJJOVHRdz3lJJXFy6anUAZhUFCsPwJcs/r4BHqbnCtXqVllAlCjlMFen2zeZElAs+F0wWjCameR0BqsnwiMH1a5gCfGEo3we+hAoJh4RzaVkWbP5NYAOntU56/9CUv2HT/385lLcGsOn7yw98iZdDrz5pSPjRY7CMUXR03lk5n9R04uWLGZS6YMtJtPZao965LJlMYmFnukQosZl+4RJmYYFrK5go4aek+P4umZoRAIYibGY2TcMG5BHq/ctAf08+QP1xX6+qNcEgTwnsO/jZ62fMbijbM/+cpoZWiHe8IHny9Y9e3py3fvtqvXbN539fajG/c6QNHZHB5QHYvWbgMlDKJ6z+HTvTpL+WK1Ng+ZY9x64KSZdlZ3QhkWyvnJ+h06E6012qAB4tWVgCNGE6lhKROPPwxXPay0aWXAPSJBTdCreJx44KmxOliRznF40cwqsW69DVrHuJGA6TFQqsEJKxgMnCCHhJBPPpYyMVw4h2QJsR2XPLfOw4cfbjVT80XB0wjhSFKUiWKKKfb0WtNvEMnuw006jH7g0+kOjcnh8uiAwVNOYIQanDG2y0B1G6gubOh3Hf1Jd+hsZWtTmcDgg8psV5vt8HvvYgOU0ztm8oe0kx0xfr7GRL07cylwR8bl61XrO7rVz70+KZPNjRw/j/X635z6MZ9MzVj8xfNvTIEPPx7/bdehX6PROJwLKMuOAycPHz9LGpnFqGw44veMB/kOEXrqD4Qs+KUpLNFa7MBRQMmIKGZdFHEBEODT4hXDBPDOl0ZPA9EFhPjF0VM3ba3jo68yIUIPrDfK8S5v0IRnfoReZyCutFannvI42EAwymVzeeBSsFze2yedRZUBm1AmsAv0QxNlajQWBxDEspTqxy/vA5G41Ylc6cqXA5/NdpZ4sgnVZhm5fKETF4QxMGzjNxE0z9rNeybNWwkjinZ5j5689MyIiVwiBd0Fd2Hpuh3Pvz4ZBAk0BskARGo9XXqbzuoI4S4lJwLW7qrM8aWzoccB9AnQX7PDC/eFcvmF1VQaAdBo2DcSR/M/cIpOnXVQ7aD8XyBCYMzDzQX9DJI1ncm/Pnnpt/t+efX9RaAuQO0vXb8rmc6OmLg4EI539BrutanenbP6/PX7F1tax0xb/vPZKyojBU06dOI86w+Nnb4CNg6Eogd+uXD6wq1wlINtvt59LBiMgPhhgzHQ3nCxF27c337w1Kov94LstzLuZCrN86mywZ/Qn2cv3x4xccl78z5LpjLpTNYX5jzBmMsfYdx+m8tvcaLpPqIN4LPN6Wv8ZgFsDq9edtJPEtA7BgruCB5LjAee1lA0MTQrVAnyFUGsXWMuYZ86A42nTRivwebQ2xzk6452+8gRhHyyWWWSpK/+NKhJKq1JZeJtg30P3asI2vt+26mTauGCRrFl23nxIgX/AQhHkqJMFFNMsafXar0glweJgCc2LNxrbT9/6cYfF69fuNySTqdNFls+j1gv/FTHcFUyYGwoKIKqT9az2Rxwlys3763c9H2hUPCHov/z2oTZi9dRtOOdWcsfdqpvP+icuWQDiJDRkxZyCX7UxIXAfr7ZefDlMdPgpE6XZ8X6b2NcAogsHI1xet6euZQcGdQOEKBq7oFTWvlYX4XTEZA8XEoccRFgwMCiqvariWCUx2/6h03lRWjrNYAYmzh3BZ/M/GvcrKu328VbVAIIPTBU8VKslJLpXDASM9u9KpO97CVFjFB8lN7X7rHaWWCNaZwVAM3J4N2JMgGNITqsPIo48y9IzeG+zIYTw1CxOmoWdiyi+aic3saqTfbByG80K6KnnNB+NhjBbUcIRLgunLSqS4feczcHNxuc9fGn2/YdyxcK/3hzxojx82x2N+VEYTDCbiRmoNluI9Ols4BOMDBDgw0nC8Z5kPGfoKZ0uOWwRE+z6WyueljKAEQHEOI2jXnwpB64uaJtoNtv3u/q1qK4jkdd2ss3W0HAbdz+EzxTIBL6+vqu3WkDZTJ+3hpoGzyqkXji0C/Iqw2EBCgT2ODNGStKA3NKxemLN9283zlqyrKvdh2Bszs8vmyu8N7cz27e7/jg02/XfHPg6Jkr3WoDaHt40rU2lrwFAORyOTjLxZutcHx4AOcu3yypIYXI5gvZ4Qg2GPMwzMRLZVFE7w5coIVsLl8jzmMgPMq3uLXXQBZCR8GfcAAQimoTbaadWguaP9GAugqEhXyySWVydo9YkDy+Mtm669SWI8jrtIwtOxRl8v9rCEeSokwUU0yxp9eGSwcJ4inBERrWNvAzf+FKi9vDXr1+596D9h6dGZRJHwYQL5c3WMJEH0hkr4ES71wDF6/e2rj9xxJ+X/7cyEnzl2+8dufRmq92ARto61Iv+uybSDT+1rRFwIRGjp+X4JPb9x19afS0VCplttIr1n9Xwsy4hPnZn60d5JjpDIo/DkeH3MfLAHZosNmFS4qI/6VsDpZwXz2uYBhLSFf8EAG/F/dSLon6JMNCj956+5F6wtwVwAXHTFqw/+gZ8RYCwDUBJTIyNfVDEW8DVDHCJYHBGygUPU/IsZBbgyoASWagnU5v0BuMAGeNcqjaybCVSREpE51VLn+RJODugMygXeLEuELAKqcviuYl/BG9zQ06kIS5Y5oOf9rRjBAWA2qsH9pUdQKvZQDnSmdytMNTQMpkJgz1IprD6TNSrnaNWWtzVTsBGhlPu8aitroZjz+TQdN0cAfNdp+BGtCNRTzjYbV7QMnA9kCsKTh+w09cCY8xPd7XjN/iV/cV3Oht+38h1cq9gfDmPcdDkRgoE9DhZWXS1q37avex4+duwIf13x0CZQLLYYMVm/bAh7dmroR/7W7vyQu3R0xcDI/e2Okr9h39rYRvLuDKrYcwPFZ8uXfOsq9gFUiUHJoyKtkri4f6g2ESowLQmOp/A+QLfSDVxEtrQ29zgd4WL5UFCDDUdbSrqtukIVQmjwbHEhqoaL7FjR49M2OmmFCUw18XXq3VIeSTzSiT73cM6ZDvL6BpmhKnHRInh+5Z5OY5a8DbdrJDe3zHqfKCbNeNO4a2v1iZ3Ds21AAFdSEcSYoyUUwxxZ5ea+wHV4zqg+QK/SGuTrYuYP8Pe/R8Mnm15a7FSt2599BksZJVWqsT6HIRFXpHP+2Shdgkgd7jcgMhyyqt8czFlnyh8O6s5f8aN2vVhu2rN+28fb8DaBYc+d/vzIGNr9y89/zrk2d8/Pkrb81W6fHvuBSQArE68rgwSBnAmlBBD0b6JT2cIhLnSa4eE3KIcgMVtrsDUeTeg6KExTvgmHK42HLBE0k4vejVvngpjm430gMFQIAXTpiz7EGn5sVRU2d8vDYgm9OpiF4De2zO+tWpCYqD/kXhaCKD5EqKOAKZGBZ7fLmFbmCYbSORBqvgFA5PgA1E4tjBqdYr8CIuZgJcTbyiHuAuwOncNcodEvCpTC5f4a8Ie0F7GLffQHvKNwsUC2l8h1Yim23jQJnZotzRU5ffm/WJ6HLJLIHdE+jSW1XmoTmcskEDWnsMXTorrOox0LnK2QDoJTYQJi5qZiyrkun6OabgYjt0yDcS9uo1Mo1LGtJp/QPFQHHsE87R7GQD8BluaRFH3VBO5PzmD8W+P3z21IWbfX39Lfe71mzev2bLfpAx5aOl0tkYx9+8107ioHCJDzQc3D70MqIMkD1vzVwFOoeol6Xrd4k6QYS6ysTsqND8JjvrlB0tIsD3FUqoUON5l0Sb2lS+oW2C9GJGGiQxmr2Ay49xSQsSJ3EN6GS7V8gnh61MRDMk5eXHK5f3NPp1OggvFiGmu2cN+OGJdB6Cg6tvEmVCIlg6TNazB0+1ePAG6ptXb50/e0vVg98vnNx96uQtVce9VvIwbdl2dseJVoo2b4XG/KrFy9yHLnV2mNyPLl0iszoth05t2XMW7dXduWXbObRJPglXEY9F41k4RXjL7qsak7Xl90t4dwUSEI4kRZkopphiT6lFEo3+4goBP9jVhxJaLIlYi3g3jMvXbgNHuXL9zvlLNwKBkI1myHLgl/BbnsNvr80olkOuYZS70SROwAN2Hvz10tVbJZz0Fv6EU0Sx8708jAxiJGacVgh4v8WOQtvLua3C2AGsFgp9feEYctMCK9MUA41CtOE4dk8wi9zuUdtIxLb8pJPOWrOcHPSRhfHAdRVQpjFAP6kOKd6uEkQJiF5Xy4BksNWjXMDiVULARblwhLHWilzF1Ga7zlZBvo0omgXPWuD0AHwqjXOmleLYl0++EyQBF21Guq7mvYCj2z1h+bEE7BY44iP1gL8TmpRw+pLJTBFBvLE8YHPGEwLZ86hTVUuGlQG3zBeKtmvMGutQL20/8OvWH37Zf+zcvqO/fb37KFBbxo28HIVNgafP5vTiEBQfKEaQyiifleDIZcBOj1QDRBkETxrPyTQCOJ3dO4y6QKLcxNU4c/nO0nU7R0xcDPbahMXt3VqiTHwBsU4IxziVkQpKTVdWA+5dgpebECB1HglyOVRdNDr4FqMReIMROALlHsaUplCZ6G1D04CgzeDLpBymlclkrRTj9QdA6Qn55LCVyQ87Tm0RzJlYBh8ipAGI4bXDuJkERJmU3FvOII+08L1LW3bdLSuTQztO/dCCncT6rQNKQ31zy+6bgzv3bdlRMUkCDSDXbbl0bss2UTrt8JZDyGcMKZPBqZUjgxLr5JDWMjTplvbfBOFIUpSJYoop9pRavCGfIzGyub7qQ4mMq1EmJRgKxxPJ1rZusCKuakKWxxKInoZiCfhXY3XJ8BJYpbXVj0IhUOktL46e5nA1un0Z4UgMWqIyMZFYAv4lVANF39rcetqjNsq5mhTx5STRe+KkGeXwQd5QZVUDBL3XyIA+iaEqgSjLrfzFWhw1JQSw21fGznh25KTnRk6aMGfF3KVfrP/2h0O/nE/L5mYlUw0ef6Nsxe1DeqMRH61ABKUTAOFRRImMskBYrXYWegA6zUCjSO4yacMplR0qI2N1+OzugAkVO6/ZCbWQx+77Ua7mIC709VvsAZnuJYDVHRpLuW0mHGMDN93jj6QaZvMlrATgbiZTSNWI10mBqFNQcZ06a6eO0uHZp2t3Hu05fGbrDye+23fiwo37PUYaVJPR5uCSQ6+9YUfaNST5NBa7D8fMCI6NtuH4FOlzaBUwfuFaeQxXmbgDdZQJqJBgOOYPx42U89SFFpItDVoYrXR6zOZQjVFQL6OnLhNmr6oFOE48LjffaBAok2Q6YxpmdVGiTOiG34MAylIQDSSBwyQMb6PdSzmH2LXF7tJZaKc3KOSTw1YmpQFOX9OaJPQDyqSEpkpQ7Pu5qw4kP8jCylNgQaK+SaQKQqxHdNIhby4QMAOf8yePnd+xGx/hUFuJXAVWQeQz+SBQJqWWE2e37DrvQfMnCqQhHEmKMlFMMcWeUmsCwCfCiTpzJsSSafGPSF9f36OO7o6u3u4eTXev1hsImyw2sqqIXYx6TSjjFiNb18IXjgODES+tgVwun6nKslUX0BjYscwwiO8TMBvCnq0M8qiRYdJ9ff06qzjFE3EicrJByonyI4FQIbND2JXICSwYBBt6j1y5F3qjL1VegyCbK0A705nshesPLraA1tOd/uPGt3t/lp9/IFMNJO6/EYCsUpsdqcF6LDIgysQsVXpPT3n78YQVCDYQoJQL5c6CCyfhE6QfUCZWG7BzD6kIGY7zsL3M5EMW36N07fsLokVbe8apjCKOpCdtCEQ4uBe4/vqAoxfcKVBlesoFJBLkQfU9KsMbjHapjAl+GNzXH+ECg758ff39tBt1xZkrd7cf+PX0pdud2gq9pDbbu3RWHYitcIzUzYjEE25fCFpLmgoDlXL5MihKvqSzML2mgcqkdnejnnsE0BJfvWmQMqBDfOH6sieVzixau+1Bh+br738mzw40Mp2peJB3HDrNJ9MwPrlEasP2n4SrJAFbxuNyp9baWB01YBobmp+sO6MoRC1lUkRRWAOp1UQQKhPWXzEjhL0HK965ONiAhWKEfPJxlUlLm7ajG9mhwZj4x1Qmd46cCpf6tuxvRdM/Q8rkxqNYFPlZIcPTIcNUJh2/nj1yXWVwwe5cg8oE0HHr5pYdA/kTFVRDOJIUZaKYYoo9pTYsIL6e7wty4oPUsigv/uUuFPqu3rhz6erti1dvnb90Q2WkzNYBZVLCDJgQKXmPC+Ku3SBQqXgpAiEJuMACiust+ANhkpnUjAo5ezyBiPAgHCmFXtuNJBJP6mzShBgOA4dK8BkT49ZaBgglMa0VZc71+MI5XLqObA96IFu7ZIzTFy3iUifjpi/meBTNAsTu/TnL6ygTPNUQbsClrYRJKlZQAwEt8gBqjjqNkVAmBqqCHPfj9L5cIm1z+VRYjhIjA4CQbCDcPQaKdvni6NJQaUykCQTNyOCS3jLlSjzBGOOuiGSQxOA1olOTCGw4WyjCacx2/aA+IaZGTXWzoTiSTJUDC5ZMmL9m7PQVn6zdLN//QsBgFl4RrmTCag2W+926Do3FgAN4ykyXtNBo97ZrLK29RhB12B2uCDddbUYFYcgGvUYqlcl24CTIYD0mRyP3TgjkrtmwcIX7Iv/AlvDt7taZvz98dtYnX42btYpEj0CrRJm1vtlzPIX0fz+ouzVb9gtXSaKuMoELKVsoxkHniLeQRbUyISMQ1LWe9kal3Agf9hrKNyteOe3jYFGpE2HGEeyYxwr55GMpE9Hyi/ufgDIppbXfHzx3J4I/C7y5tg6qiAEIlUkps2VHRTRItTIZam2kR0aZXNwnvqhS7w3BiRRUQDiSFGWimGKKPaUWT9ahLIilFUpxPle9byMmCTilw+kymCxGymm2DrlFMW5U9sFAyaXQBYYaiMhxERH6+vrSNQrnEeRyOS6ZcXoCaqvb5gp4Q7FUKk2IXBGbJHCQN8tVvR1PZ3MG2udgw+nackIIdIpiiU9mLHYUgwFcs1xFXm22Aw/GNcJrtj+VzdqcQRAky77YNX/l5vZu3Y8nzs9Z8oU8Mybphhr0U2I8yNVKhv0LQSrZWXEdSRGMdM3X9npU08ZJugLGW5RUhMQ+YCBWy5MqZlwRAhbi6ooOTyDsYENYS9S6SyW9zZtooJJojEOehGZUGk/CSY+0KhRNWOwenOKZJRmiyT2yOFi3P5LJ5vccORflkig3l9297cAv4qPUgMgvUWt16ARec3BeXzBiol2dWgspgiEylZlp05i1VjuORUGTdWbGLYyt19pctQpHygDlBK9KLlwL2WyO5PuWAUiI4+euq/SW7w//dvbSLT6JKHsay03hZtDU74/8BoNtzrKv5CvnEMDT3Xg7g9EnoExAS8hX3WkdVCboqamsKYmeO7vX7Q2KhKKQTz6OMhHFb5Q8LY9RabGsTHDIysCnQWUC/RC3dG5FIS5nWwy4PGqFMimVOJqsNeBvyGplUnD1DEzyWOTmTEpJGrbZeslcKkW/x65fP/yuGliloArCkaQoE8UUU+zptSAKWO9PpOEXF1mQKw1Y1ZZNmOhdLfzp8weRo5SV8vuDkWiUYuzltXY3rgRnc7u9AeGbxTIymazGKheVQdBfLCZT6WA0EYrx6UzG4kRZZQn6cSl0WE67/Hra62CD8UQSS5E6xxQhGMKh3uaBIBlgSOE4r6NY4K/DPZQQqIX9/XAoIEO6wYrmYDh63mm2s75QVDijUt4rn+87d/nW4jXf7DtyKl8owDZsICIybzAajifB2ACa2ZApxV1GEbvYNRJhQkDeCg9XmYDY6KmdJBpdXaEPdJQ/HLN7AsTji+TUIhQQVCJ0FPQPKAdoAFwpUgjZbD96TZ5oxHsHlZjAh7rfU/kiWAr9g/cIGlP2RuMSqZPnb/706wWzzWFj3D/+2mgCIRgz5c8gseCiasVbw1q4HL3V3mOw9ZoGZkjKBn9qLI4uA6W1MIFI3DAY0gPcWnygBgDj2ebyB6IJHk/EYf81uVEtu3IAIENOnLsOMvuLbT+Ro8XjCZHiBV33yfqd78xZve7bA42Mz2HN7bDBqFFqNk8G1coE7kJUNrKlfbB0jEkqswUIRRDVpPxlGUI++TjKRNqaVCYKnkIIR5KiTBRTTDHFJE1EWfL5wsUrN++3dhjN1oc9unicM1ND6WtQSfhBt5leI8qaKuJDbBBVABQuEQG251Npk90HfEJrA0qNZjY0No8vEIrGOC7Bo9LgFBBZL8MG+7DfjvgQjYH4/8Ch4BjArnT4RKnhBNfKo4gcXfK+YFRtYvBL+gFHHaBW0DP+YBTIemHQ+rGzCogxsFwe+riQzuTbVKZqA+ZNzIQck+gk8P2c2CtJCOL35fDUd4gisLOgHFhXZSpYAhMjTbix+HFrzA0VMyli17U4n/QHYxqzvdeICDox0j+4i1AONDTjZLa7fWFgrhnoFOC5JEBEimM/Gsyn9GCwNF4jKGLJRHsC0JJcvg8U75hpy9+csQLM6ZG+WBHgCFZB7mYS/xPn5Igv8YKzOVnszYXSc4nMQLsfqoykQwy0q8HJLhGgYQ5vCB4TPY7QoNyBcCwB19iHHerEWzeAQqEQiXE8HnDlOcBYnBPJj5v3u2Z/8tXG7YfHz1tjbqD86P+JMgmG5MRe+2CSN6RMqlSxiUYhao7KtHhCPtmMMim4es7+frOWhcVtUPC3hXAkKcpEMcUUU6zaorzYz+Z+hwqoUnu39m67qr1X72J9TtfA+3ggPUbGa3e6GTaEagjgV9Eaq0tlYuKDTlOwSj5lkJB5ZrPZOHYyAW5RRA452Cq3fxxoLCgqRm31+ELxptjaMADHj3FJlz8CvSHMcAVmcwXCEW7Bsk3PvDbhmRFgE384di6dyVmqOGst01icrSqT1uIMxzihpwrwKiPtgdPJuEuJgOc0JJQJYro+7PRRBTxRwLINJwoTotdAa1EaN9Q/wHED4bja7DYxHlIaEgRPWdQRMw3MPrlA0pA4e18oCoOknJiLYZtpRgmXR9z101kYwzmk9BrlgtAtwmIsehuKO2qc+sMlGO3eTp0F+XpZnGZHxSwK3Ih2Tc1yPcNCEY/AdDYXjKIAG/HqBgBP+qYdhxev2znloy9GTV1GrhFEhYi7z1uxBe4jqOVkOruj7NFTGzB45L8QhHgiygRa7gnUPCNcVZduILwHKZOqOZMsdqQUOuyVHl+ZKFBAIBxJijJRTDHF/sstGC+FE8VEqj+VRSSmFhwev4VxqrWG2229bSojRdt9/oFffacH/ZyXK8EBAwhFokabQ4/JpQ5nxwJaCexz6HCygCN4Q41u3ASSqbTW6tZZ7OIVTxpAv/zhOMpWjF2YkDsTBXIkDjICDDjx7fvt/3hzRiAUbbnbcbe1515bL5/OdGit7ZXWbaC7kFE9iJeLQ6sJlzKhBFCODp1VY3WaaJTEVmdzytxQEeAeQTuDEfFb/364mzUyjGXzKL9Wg0EvIpCcAeU/oZ1GxldubRE770HvZXK5eCLlC8XsbACPorJuGZijK/cAcl2DVTYXbAYbs4EILhIJfHJgxqV8LhFOXbo9ZurS3T+dvX77YV7A3eFzNlczzAMOKJSCRhRaU3+igACag+rtMKhkIfqzvwjC0ukNgugCJm1GZf7MjRcw+U8DVA2fzKTR7FXfmGnLoT/ZUNzk8Ium6yy0e9ysVbM/+Qq2CUnFl4sAHQh3PBBNwJXK36DSE1MmJTsrFt5lwNpuva38NFU7pBXxXYZVwjg0IZ9UlImC5iEcSYoyUUwxxf5rDWuSUr5QkGUFA7h558GFyy3ELl656XC6A8GBd8ZaG9AycQxJPp+3e0M6nO4TTGP1mO3eai+vWnD5ar7dfHwA7bBQKKlUg41pAkXsL2TCBQpxD/iMjNtAuUTvYh92av41brYvGPnxl8tqE3X41MVCoQ+HlPBCs3sjYLQn3K42qy2ONrUJ/hXNKpTNgIuuwKqHKlM4hrL3Ercxee8gokzCsSpl0l/kk9IsOZnOmnGFTfGKBoCLNg5xTeguxh2UuRuIumJ/sHQ26wvGKLdfY2I0Fke5B8gHMthM2DEMhJnabO8xUCbG5QvFM9l8uSvIfecSSeShlMnuPPDrO7M/HTNt2Z6fBl72wwaU0zdu1qfkTz6Z9ldVHcnjmuh44xIa4WZGuFYG0ApoKih10fXyqQywXsYTNAuKafyf4/rd9tWbf7hxv4txekdPW57JFkx2v1BGEkBXnL1yd9WXe85cul3bx3AIsL2ORs6ZoB8sTr/bF0xlcgXcpdVPJY2DlEQL5VGtTEpIWtSMmKpQJg6fsARNGVqL3Wz3haJDaTyEfFJRJgqah3AkKcpEMcUU+2+zSAKRZvE3Yz0QxpBKpT0syp5ppehIFDn5AM8DyWFz1fTO7+vrM9EuIOWkXiHQBY3VzSWAMculwDLhCu7/OaBW2X2st2azm0Y0zqtMdpJGGfNjtycQy+Wk6TuQ5HNX/oxEuVffm/fsyElR2Zp6wFzVZgeZaijirFOgDQy0q0Nj7jEykgmgwB72GM9fu/vltkO/32gFKh+IxGNcstqN3sigsvfRqnzEsGW1ZwsBKYFS/Xa5ESAhIaidgmIAwmJRVBfJVJYIEuhwojf4VNodiNg9ARON5lV0KGp5IBuBsE/gvqRSue/2Hb/zoPv1SUu/3n3YQjkTyVSZE8PR7jzoGjP1EyLn3pmz+rUJi4WdBlt+vHY7KRSTxhmQs7l8nON9QaSohXMv1dDbnCJHOzgaEN7nXp/83pwVjSS2+isB7QQppTUzF67fy9bONVfCVxHleG9Q2vdPhCIK1Bl4+op4PBcK/eEYx7BhC86lYXX6/BEulcnCSUFgwPdGnE9xSVQFtVq6VENSmRhqZy2HY/aa0TNLzOmVmF2JxRMwnFSmIQkq5JOKMlHQPIQjSVEmiimm2H+DBblSMosyioq/EBtGy617F6/cvHz9zvU7Dx+1d99/2NGr0gFDcHhDQPHl38eX8A8/Yp+RmIFm9Ygp+tA0gs3BuP2xRKqaKBvomhziScGAXtlKpKIaLor49bmDDRoZVGrQhAp6uIHlA0UTss9qZLK5c5duptKZQqHQ2WtIyaY0LeHcqaBzjLTEC3XSvVwiRbm8JPQCJcnFfl8377fv+/H4tt0/7Nx7aNe+QydOn//zUY+OcveaGNhSa3PSblSL3UC7QbckM+I28EnkbCNaSEDSeTXyglwEaC00zC4IJk6lc3xKemZGBlYHitshs0MyrSCdg5RDIhWKcR5/mHb6LA42gWov9qNkaP7wvmO/r9z0PSgN0M+gZBJ8Zv+x3x/1GFQ6s97CbD94auz0FbDxhu2HJy1ct/abAzBiJ36wDhRIr84CwhvR93zhXpuqrVuXzeUOn7wgbEBrl847WLmPXLtwvghgsNAgSyKxxD/empXgU60dvcK1koAzVpjM9TcLuN63Zq6ECwebtmjjrh9Pi7eoBGzfY6Aa9GpDE021dUKJ3LViEZ4OUDuVE2I+eL7qfpXJKBMyHtKZbCCasHuCMazGYaEWl+wkprdJ5HWANrt8IVhbPruQTyrKREHzEI4kRZkopphif0uL8hV/Pj5v6dSaW27dv3rjzpXrd65ev3Px6q3L124DF1GZGP1w+D3swrBBHYWcuwjbUFucvUYaiKOQAf+n50xK2DcDztLI+9daKOIyFHE+2Wugy35EOqvL5Y80Miu18Ztdc5dtCIbjtN390uhpa77eK96iEr5QDOV0knVrKeKaidCMDq2lVWUEpgi7dKhN27/f3/Jn2w8//bznwOG7j3oI/TKhsHKP2uy432Po0FnVZnuUS5SdlAgicVTeXnCGIQC/NzJsEx3Yj9m5W1BmmwNJlJObQ5OE2szgCRBva69RvE4WRewYBteVyWR/v3wnjKPDM9ksqAvCfflU5outP9JO754DR7/de+za3TasTIpzl2/uNVDvzv0M5Mc7c1YHI3H4fO7a/XgiuWbL/mO/3QChUujrS/DJInLnK5AJpT8fdQXDA7U7YMCYqlI8gdp/duTESIwfM3Upn0p/tnmfcK0QqOV9/Xw6CyS7XCId5ZejJYK2q1HrVkoCzhWLJy7denT8t+sLV3/35oyVSSkfpzL6sDLRNqZMSvjVgHhRDZA5E43FrrXatTaU1oxy1fl+kFQmKAtfJuf2BS1Ovx77kjm8IfJaBC5WWH6nlm9eKJYwCyqECvmkokwUNA/hSFKUiWKKKfb3s1we/XCW/xz+y+iaCAZDVooGTmcwWfL5vMWOWIK98ue/QRRxQlKbgzVQQyX5QOeEovFkOuP2y+X3fCJAfmgOn9MXGi63zuQKrD+iMjI4q9IAldFanE7vMA4FAmDEe/My2Vw6k3th1NRoLDHj47UkI1ktICclu9fmkHvTXEI1RpDHlyeAqHARUy6A0xvUWe2dWkunztZrsktmrSUGRB/4JXB94P02pw+om6jadxkGGk0NNXzFQ+jDiZuFZbZ9Ia6Jt/5kdkhPewxMoxxXCD6Znrfsy269bcGqb0dMXLxi454SVptgyVRmyfpd0Tg3bubKeSs2n/j9BigTEM/vzVszd/nXo6Z8kkpn/j3+45GTlsDtg5bD2mQ6C7rFF4r6g5GjZ67sOHByzZYD81d986hLs3H74XCUi8b5KMcDtzZVBTiBEJr68boXR88w0641m/eaKKdwbRlApm2uABsIgwgRdRYc0OIMyFcmLckGWtSC3eMPRpGjncFq1xht4tUCgLaE59dQo/HVUFvlNLYQRJmU/yT1KJ0eX3/VXGsZksqE41DNInSLhUsxsDIZeigeqU3iLTC8oZhZUAxeyCcVZaKgeQhHkqJMFFNMsb+fEdoz9Kf4W7B5BLAygV9xo9nSj1LTIs9sQlyaA7C6dCbjD4T1JlvZZ0NrY8HqBjBAA77adRSxNOz1IV5dD0X05t5nZuqfiKCI6/SBJtFaUYpY7JCGIq3JhAksb1yWlHBV6bemfUxyT7367lyez3zx3X43G5A5CO1CZ3RWJfYVodfIQAsTlUXuSePhpJEYz7DhB72GdrUZdAXp82oz4ksD6aU2O1pVRj0cMJkuoJoYQ8eEs2gsEk4vdQG3zIySeg3dMrev0XLgQoDKMqNq7g5PUzrWyQbGz1tjpd1Wu2fqws883qE5nHiCB5kBCnn01GW/Xbpz7MzVcbNW2ezu/T//EYlxsz75Kp3Jvvr+ohETsTLp78e6pfDBp9/CctYXunm/E3YHKWJzevccPbd84/fBcNzs8Bppt8mOXOzAovEEGbqoXEt/kbK7nnt90usTFrw0ZhoodkEzB8Cns2wgQhKNiddhwKlB+YiXVqIJZQJ32epCmbi+2/8rKzv2+GRKY7EPR5lI+CVKQqRMQMhBB+ptDujeWrNAkspEBug7TZDU+5FKWpl4/KhOa1lFC/mkokwUNA/hSFKUiWKKKfZ3snACfrbRe1P45SSV4KNyb+GHAUSIikW70w3KJJPN2WgmjxP8G5ry55EEHMcfjuEcuywJRDHhqoIe1p8lZQj7CIsjKNmdrhETF8OqCQvWulk/cs8hjhniA4sBByKplpKplMXhszLSXAo2KPQhNm9z+dUm9KqbGKLsZnuESyCaOKBwvHF+eB0NV/KPN2e0dWlfe29eu8rIJVJvT18iP29gZJCQiFSlzxKCECzK2VD4RxHTYmC0GhRY7+nWU8DyJbMSE4PlKpP9ocqoMjEgb3ACXye+FRIArVhjTSnGJ02V8waUs1EGWQb0PQn6B4nF1wvRkQQMqEvX72lNzDd7f35zRkXoeT/2xYIWWvAM1YWW1kVrt6fTmXfmrJ784fo3Ji+FTntjyicwMr/Y9iOMTFAm8O/IiUvg0Wh50EU5WT6Znrvsa9AzoE/mLPuK49NqMwPEvVyTlNQwyeQKkz9Y/cqbM5Z8vi0WTyRTmeqYqxJO2EC55VRBCWWc66+V37mMJpQJ3GWL05/N5rQmuQkTADwCGpvHKBs9IoTFKU7wVQsiZVIaFCdkTELHhiMxkWYbrjLpR6mch5RJa68hnc2F43wwylmdLJziQY/+QY8BFIuOYuEDMSGfVJSJguYhHEmKMlFMMcX+BhZOIL958ZfdkwP85F+43HL+0o3bDzo61UYL7aTszjbsS6MyUuKtKwH7uoZfjA/2CgTDQOOMlAvNbFRSZC3FMm7/o/buERMWT1jwudZgBU3y9uxPl2/YBR/GzVx19NfzS9ftBCXT8mcbkG+tiUIyo1AgSZNQdMGVO7Dl0nU7stms2x8Wchr4HOdTZgaVzhhk5CziZ4zHE4hWE/EiUSbJ4SmTEqoq7VywYtPR01ezucKkeav2Ha5Tn06LiXimdpGN0mDpd1+oofxIZXiCYRQxgq4FXU4wxutsji6dtUNjUZntxHlG0kBGduttD1Wm1l4jbM94UMXxDC45/tzrk8upnN6ZscQjeN3u9oWwMikvKOltjdLZMrhkmnBTtdmtsXjsbDieADLZULAK3PqFK77ceeh0HyoOmPfVy1VQBrr7OH4a/4ueOL3V7vH69VbHyi/3Llz9XTaX+2bPz3BYGJYPOjT7j5+/+6jn7VmfiuKOSD+ns/lAOP7ZV7tBkJ84d/XlsTNGvL+QHFYEGMnxuFzeNoK6VYBkklPVgh4lp25IQgSjcQPtko+DEsLpkZshFKJamZTwCwjY3eZEz+bA14LNQ3sCJGCpEWUy8KTb3T0G2yO1uZYglzEhn1SUiYLmIRxJijJRTDHFnnYLciUpMvMkAT/hF6/evHzt1kA9k6u3rty4Q7vQb3Ob2hQIysVXROJJIPTipQ2giEuCaK1uoFO9KLLWo7G6wcgrZ2AerW1dr01YDOYNhPP5PAiSbXuP5nK5d+d8ev3Oo3GzVoVCkQ9WbeGTqR0/HAd9snT9zqkffYGinBkPXILeaHlnzupMNptBtd5QD4K6c/nCWotDj4uQmB3oRAaaNdIuHKAv7UhTV5nE+bRkD8ABQ2Eumcpmsvl7nZqMbErWEqLviIFJtqGMHJ7Iko9XqQZRJuU/4QxwqTgoPEe5gw96DG0aq8pkNzLkZb+Yn5nQPBKaSgIZ06WzaW2uGM8/O2JiMpUmDkuvjJ0eFiREZtigGZRJ+W8QacN/l+/GWZLA3L4wKBKPLwLyxkD5zHa/0x8l4R/ifQYRi3MzFq3XmhnQhD0ak1pvFW/RMEAgQS/ByIH/EskU3NM4x8Ml68zM+HlrJn+4HkbOqKnLankMhqLcmYu3YQDwqYzRQr0xeZHk/W1Qmbj8Uam9h9CEMsHp5hpSJqCHDdRfp0wIkMDLZHuNNOsP+QJoSGgt9kicZwM1lQlRlSChUdiV1mKgPTLzhPIm5JOKMlHQPIQjSVEmiimm2FNqIEiaK3LXBIAVOVweoHpGi1VvsgBZOX/pBkmuRQyYgdZoIQ4wwh05PuXwDnvCRAgNTsUjKn5SxDhy+vLISUu4BP/GlE+Aarw5Y+WR01f4ZHLCgrUe1v/+vDXLN+6ev3LLoV8ueH0BECROt7dXZ/n17KVfzlwcMXExn0yPn782lUpls1mcw2ogAABMa3FanaiqPTBXjaUO04KWmFFptqF4bhEoV0hrZYE3G2kvzUbKxrCRbj1FKBFdL9dQCUWco4Rm8mQOJBCIhAZnAMpggxGhMqlGKMr349S0oAE0ZvsDNEOCYjwkKZ0fya3MMyMmRmLIPQmk1wujpgB3ZwOhNV//sH7zTp8/ghh8gs/jWSy4olr1XmTQo6dwA7yiSQYyHYFKlQfjRtrPeCSG36ET5/v6+gJRzheMoYCfmSvFWzQMMj5lsmYj6pytyDtXBrT85THTn39jyp6fTjEuueRaDSoTxu2XHx7NKpMKGQmncEkVU/f4w7Cl1VHneSnDF2407YGMMinhyROAyUrfeNAFmoR8L9lcfpCIqQwSjUXsPBnh+E6dtbXXSBzqRINWZLABfCd0aq3tanNrL3LialOb9DaHiXY5vEH4AH+CCfmkokwUNA/hSFKUiWKKKfbUWSTRV+sV7H8IwEUuXrkJZM5spYLBcC6Xv3T1lpFydhsooasP/Jx36ikL4yJkERppZ4eiisuIxBNqqweoRixRk80T9JPiDzXo+IZtP7439zP0Yeshg5kaO33F598d6tWZp370BSz84NNvJy5cd+32o0kL1wE5uXDj/k+nr9y623rvYefKL/eMm7Uqk8l+sOobaIwFeyWZaI83iJ21BKeKc2mLQ4KECUGUiQytNNv9gSiumSCyYvHhoA9JI8qEyACpnhgCSERSinFYgE6AI4uXCuAPJYQksojCSFCVQz6dhZtIOVH9h3Yt8v7qMlCBMMclUs+MmDBx/qoR7817YdS0Z0dOgov9ZN3WBJ/mkxkQKjA2YOHkBSvHz1n+5tSP35m57NV3Zu8/dg5Gjt5M9aFQe9nrBGVipKHf2jVm8YoGYHOwKzbuDkUTmSzSRRMWfC7eomGgWQJBsqZq9OMUcJL1E2Nx7qudR6Anv9nz83uzP/nHW7PEWwyiQWUCdFxSApUxXGVSxA9gtTJx+ySeaweLcsc1/iYizqcLtZ8aIUCZyIzPf42bBQNm8gerX313Lhk2cFhQg229Bhh7z70+2eMLwY2ulh8gutQWR6fW0o188vy95qFUe/CsVSdAq4aQTyrKREHzEI4kRZkopphiT5fl8uQl4F8K+L2/dO12m8rgcLpT6Qzok4dtXdCMQDACv+uoOElZnDh8BtrTrrH0IVelqKSCMjLeTC4fDEV1FBuNynnGkyROcHxJnhqNJ0gBO9Yb2Lz72OnLd0GcvD9/zcwlm2Dh7xdbzvxxTW2wzliyCdjhrgO/6CzMnw/atQbLik175q3YDBeyacfhdCaDA9wZnHhKfBakTJzDUyb9g3EI5Q0MlI9LSoRowzZdOithft5Qfd5ZzRGrobU6QWWJl9bDcJVJCXkxpWCXdCZH5ihwyHhfJptjg1FfKO4PR//ntQleX9jFBhin94U3ppSw59L9Ti3t9AJZzBcKz4yY6A9GQQ4+O2LivqO/jxw//8XRU+FOvf7+/AXL1l9ueQCHzeAS4MLzEkAP63BdvAc9BvG6BgBnHzNt+cQP1q35cvf6bw9uP1inhqAMiLCUVSZA7tlqZQIDRm+ynL5wK5srcHwqGuNWf12zjEmDysTi9Ml/OQxXmcB50asBuqJECdwXX1jisbVjZSIpWiSRTDdaxMYXCCfTQ7nPN+8+khPs+PGarTBsPtu85+WxMyi7++0Zi8MxLs4lx05b2tFrWLJu+7f7TkAnQ+cMfEfh56hLb3vQo6fdPpRdo1CAfuvWo2nAAWUCY1tq4Ikg5JOKMlHQPIQjSVEmiimm2NNlfz2KOINTnOPbVQZUZvHGnUe9eqdriP4CK6Xtzg6thbA04c+/ykiJYn+BAVBVzt+I2kpxOwq/K5UnzbVAGHMRB76X8Hl/+uWPh91avc0FsuTgsbPZXA4ne80lk6nqJhE0okxIaEdZmehtXn847vBFSTJlaIaeYqskDwI0SW12IBoEUi1bh6IBeTLhwojiFQLAWVB3SRWJlwdRJpK3gKBamZBdJJVnCc0GJEa8N598hlsAkgO4+wujpvhCYbDn35jMp9KvjJ2eyRYSyTRIFLj8PT+egg/AOEHS+ENREDnb9v8646PVYEDZPcHog14D6K5InAcq6Q/FyGBzCVL9DguFQh/ogVCYSw8/33QZpMPNssE/RZT0yeus4uuBcGzDth9fHD3t3dnLg+GoyF9RhAaVCUh9GY1UGr4ySWfQzJjWVjHqYCT4IxKNoT0Bq9MPbYCz6GnpeU4C8pUCt6CWP2prlxZEaflPkBlvz1z2r3Gzbt9vg+XTP/rMFwwn+GQ0zsH13mzt/nbv8et320Dx7jty9n577xuTFkGPwf1dtWn3yPcXvD7hA9Yf1lqYhyqjmXHDSSWHemuvQfD15WPc9acxhXxSUSYKmodwJCnKRDHFFHu67K9EERdDtHvDtDtgoFkX67c7XXwy6XC5Wa/4Z9sfijxUmzXWgTw5xHQ2V6fOSjJiEQSjXHWoNxAg4TZlqE2kVIiY1T0mgOWn0qjcx53WrlwuF4nGRNyrjEaUSTKTqVAmFOoZUB0cjygvkDDGI50hAHYhaYWMDFs5yyKBdDYHXSE/H0Kc30T1xRtBjENpfPNSZTQIqr25gpG4jGIMRWLvzlpGPsPNfWn0tL6+PvIv6IqXxkyLcYnXJyzkkxkg6C+OmpJK59Z/sxeUCax9dsREEh7gZoOhSBw45cR5K2OJFK6v4ujU2To05geDJDKZzmL5WXn6BsAGUZR8NlvzkhtBkXgbMm6ZFiBlggKExAOsiGeZLrfcf27kpDenLfriu/2iDYRoXJlkZSN2hqtMsM+eDw4rXAhjO1ZZLYeAT2USfAruCLQWnvF+jBJOLCHqHtjg4PE/ejTGWt5c46Yv6tEN+elt339izJRFXBjoqwAAgABJREFUOw8cf/6NKafP31i+7rsOlWHGx2ven7PM7mQph2fhqq+MNvtLY6ZziVQ0zj87chKc+kG7ClSfxkj9a9xsld4ajnGS829lPALdIvjuaqQwi5BPKspEQfMQjiRFmSimmGJPowXrs5TmkcsXuARvoL3ASPhk+n6X5sKVm7cf9Zy/dKOzWw3k0mCySPIk4B9AQrz+UGuvUZjq18h44Ve/S2sGRqKpKvwMC2sRJkT7LFS1knki0JgZyh1wo3RGKA+VZNBLg8oE2ll+V23AyiSZypIlQMp0OGdU2R2liN29olzKQA91EZrrwHnADJRHa3EAkQ1HOJAu/dgzrIRzCaC317KVDZPJLByqiWhycnBZZVIRrAwfXWxQJmgemp1MDpDXVCb724UWuIpZi9b8a9ysaQs/e2XsjEAwPHspCgeKxRPj5yyHD3M/2fDqO3O5RPK51yeBULW7veOmL161ae/sxevnLP0C7k7ZG0do0Abg/SqzvV1tfqQ2mXHoS6GaC1eiiG6KS2t1iZixnpIeh7WAPbUQcZdRJiVcs7zHIE6u/d2+n0dP/hDM5Q0EQtFbrV2iDYRoUJlAF0n6DZZR60GrBTIwNBa7cCEIqriUMnlj4gcjxs9L4bkO6P9/vDXzxVFToWdGT/pQlCEARtrOgyeu32kV9X95s0+/2tuhNhUH9Bty/IPHJ55Inr92p1dv6dFbXxw9NRxLgGr951uz4Dvq5bEzc7n8J+t3XL/zkMOzcNlc7tvvfzpx9uK5K3dA+32545DwRJLQWe3CodWhrR/CJOSTijJR0DyEI0lRJoopptjTaLLO5HKQdEPvRyUF+2JcgnhiAKcUejtcvn4nGIlRjMPt8aKUXFYbKBN5KgaH4lE1PR+JoxDy7zaNBVYKd/cGo6CCBHsPgLyQtjfsrpMrSASKSAKkjtqMWIjVNaA6srl8VsqfyhuK1Y3oTaYrlImR9sO/gYg47xDwOZLW1umLhuNJuBHEDcyMI3OC4biJceOExS4S6U76jXzQUx6N2WFC+YLoYDSRGyw6KbpeI43TKDXUBxUgQSO52soEOkF4LvhIJIFgk0YBbU9n81ieoR6DC9GaGfgw7cPPFq766mFbJ5k9OPzrxWdHTopx/Hd7jv1w5IzHHwbh8VBl7DUyaAqiSqIIxxjqMdrTqbXex+XwoKmJZJr48BTxZeRx1RcYeKK21c12IALcAhOq9GcXr6gEqCCVCV1jGWqDdeP2g5FYwuHxvzx2ug/X/RRuIEKDyoRx+4OhiHipAIbaGa4kAezfhMpr0qjfsKKGYcenM3E+BfcRPTWDBqteGj3t+TemHPrlAvQyqIjJCz9/7vXJsNe67w6Sqa3Ld9pAmi7fuBtUxK5DJ96ds/qf42aNmPBRP0rUlgIZAxoG5A3t8Kz+et+RU+dptz8US2B/vwnpTA50F0jWbA6NfTgXfEhlci+8MQUeBuQHmC+4Wf/ClSjGbMK8FaFIDJZv3P7jwx49Vvhy3UsAXSccSG1q6TLwQgj5pKJMFDQP4UhSlIliiin21FnwMXy6WH8FcSmiGZI8w4bM2Js8yiWrPbCv3LgbjnF/tnbSjAOUid3hstFMNZESLrE4fOQPfzj6UGUS/t4bGS/85Ls8bNmxHs4rWX8DtI25Kl9wLRQKBa2NBSILn4XRsZIw2FClc+Gr7niCr6FM4nWVSTTOl5UJHM/iQMoEV5ao6KJCX3+USwkd64HPkT4Bvkg2hrVAtuCADjaos7o0Foe20jsOqxRUAtJEuc12jzsQ5lNpTBrRqTUWVKhefGMaQAJXLQTyJ14xiCplUjTQriaSgBVRWqcwqM3q8QPXDs0IhSO9ON0W6wu9OfXjWYvXPTdy0pWbD5EMw/5CgXDsQbee9AboNOg6Yf+IzIQjc9QWR7vGApJYa7HbHN54Mp1MocklLpESNYJyNyqDCUiGhrrKxEA51Vh9lfHrH9dVBhtwa6Dau3481dqhkp/kAZJdViZFPMywiUG7/C4/6ttawCFPwwCIN+jDbr3NH4kxbp/O6ug10fBnl97arjG3q4eMS2VeGTv97VkrZy/9ApTnmYu3fr92F8QGdNGr785Fte37+l8aM23PkTOgIjg+9cv5G2OnfPygQwN/wtU96FDPXboehNALo6bu/vHUnp9OHTl53uMN+sMo9S+ZM4FvFeiudAblAAFBAku4ZBqOCRoJRGwmmwtH4xPmriihrNB/xKtSDtQFPI/kdQCxDp1N7pZgCPmkokwUNA/hSFKUiWKKKfZ0WZQvNvD6ryZcPkQx4TfYyPj0NGLnqTSqM1isTYy8Xn8mk7l24+7Fq7dU/x973+HmRNW2/19939u7ih19LQjSBMTCq4gUsYAiKlKVXlQsCEjvbSkuZfuml8m0JJPee9/N/p5zTjI7mWQm2QV98fvNfT3XXtmpZ86cSe57zlNsTGVkhGbRO1TZZsFwDI5GCyGgIDZJ4Txyuj6DjdSMFw20wR2dLRyJcZ5wyzeaFC/gGYAWq2QA/eBwo3yp3lCc8YSgJfItJDBRPIXzfYmRIYCAQihLJ8qEvFcmzLJaDw4mMyfqEJWJ3u5UukxCEJHDG+e1sF7QA3o7D4oFVAGZHCD8WzQL05BGqUOAJkEkng1Asxkh4grEpRaKpRzusLSF8Fln4010e0d8GUCeWVlPh5MtVVxEL5sDIVEQBTP0sx7Pd0GDQTDjmjPlbL7ACOGbw9bbOpvOzptx50gHm9TsKDIEzUrBJQxZWNDJt5GroQNPWPmiyUy5MgKHJS/aFQytBZbsDaEKHoNmJpHOguABg8bAzSI2gg8ChwH5ZKS9I3gv4qF3e9D06Iw3eoatyUx+w/ZvdGYajkYKZYi1Mk5dutmjt4Pd1lnhSek3OYgGAGEApqcEHSVATxKDKxKn2shnmZHN0F2u7yLupW7iAGvuSakVSpW/PD7r0emv/f7hGaAwn5j5hscfhiVwuY+88GouX6BdvsdefAvEWDiagNt64ee+7fuPwb//++A0uMVrNu35+9S5oGFgl6fnLvv28KlvDp6Egef2hUGr/+GRGXZWAB0ybKH/8vhs6Nm/T32JvIB44sVFhULx1JWbxWIJPSmVETgafKtUFHIzqIDMgIlXZKTdLb+XpJDySU2ZaJg8pCNJUyaaaabZb8juZraEwEADHQmQX3H5OlW43ALNove+wKvIh5aAw9LuoIlBASpScgC/8TbeD4wEuCOhO6LpKRdwr0w2J2uSmRGMdJu38rALHDaTG/etV7kuWGVlUC4sC+0iCbtEyGJ8JwSpMhkZrWayiJ2SaBN1dKJMRACNBtUhq+c4inMcxeIph8trpNCEyeSUSQ6nYCJzJvX38fK38tLtQQmAOrLx8rtDNoN7XVYI9YBLNtEgrpzyFarI5ktiYHcykxOJY/PxCaq4W0LRpM7K9hgQuQe5gnh2Bwybkig9m7I1k3U7MYlKbGlOX4jUpz995Raw6r89OXfx++vL5REQtOLZQers+eHkpt0/Dtt4MOhq2bl+fSONF+UKETZEHRFL5wrPzFs65bmFV28Nbt514E+PzfKHYyAz4OkAuZLOZOEh/duTczL5ojcYgS+HO8Pmt1dvhK548NmFoCVOXep+e9WGbK5opTinN3i9T//OJzuQhsP+d/5g5K9PzPnn0y9Bd63djJz9Tpy/qhQW5fKFKNU8zkqoItE7PkVp5X0qs4gEUj6pKRMNk4d0JGnKRDPNNPsNWRTlob0ruANtPNqVQDmYQBAlfYKffJZ3ytZKYeF8qWweJJDDOc7Ow/EUyX8FP/ZGq0NvRxMXEhKASjS6fSGxbfDBwnnNdkY8QjNgm3A0wXk6jQ3I5ws25MTllcmSsbtTJoEIylJVUyYjo6XySL5YsnYQSz1RZWKi3bIUzFJUcQZb2t3RdIQMJNC5pT9bS8SSGRAYNl5+rhIq6A5rszYuwHujyUyeKBwRiXSmZTi4OpLp8ZJ8wGtJpw3buMatWgOobTpb8IfjBooDVXzHYIfelo69X9nyhTL0NuNG2diAoA8abDv3H8lkcnQ9vt/KCl/sPbRh5wGwjbvQ3++OnIOubj6U1ODhAjNQToOdB4O7Q5YQk6ajaN6rpZHjgCiycr5hKzdgpu/o7beGLYNmWmdjLYwbzO0Pi5bNF5+Zt+yBZ+bHkukpzy9csmpTMp0FZRJPZqbOeiOTzcGjAXIFRsiCpZ8MGqwef3DFms3w70PPvQLKJJZI/m7K9J3fHnt42muffPFVv9H+bmN1lyNnrsx+Y/XtAUO2XZZn2uW3860rILWFtKQJ5fIT71AVSPmkpkw0TB7SkaQpE8000+y3Ync/YQIIRNvH0bYEw/HEoyabzZoZxTSpsNzXVLoBFhppb05CKeBQwMvv6G3Sl8F2RJWAtjKxeLJYLFGIxo3XNGgGHDMSS8iXKgDUCPZe88rSBBFYJhgZLIUQCNvrXmfJbA6O748kzEx7ZZLH10jVlIl8rRSw1owi4z0qb4KrOGEAqAH5ig7QNjeXDEIwAoSVccvnhZIpJEUAVTyfAzoqksi4fREU+s8FgrEUXIKN9zcXIQmqau5QNC361YCqIZ1mmODECwE0D7Qx7A7iCgZkIJqkhdCQmbk5bAVDTlNGBxBxA+Uivk9KsyV6hwAsttdA3cJB9vCBGHG1Qt5WDoEYDDlxR8EXYlzePzzy4l+fnPPGu59t2nXgD4/M+OnUFWD25Di3cDMu3Rz4bNv3Kz/bBRoAzMy4WcHPCoFgJA73N55CTmOFYomEnsNdwwkR6u5nuOql6DlGDNaTzWQm3abB8FwFmJV1m9FMHY5lkvelHNNfqVVhf2beUt7tKxSK0xa+A+T+hZeX+fFLDd4TePDZl7u6e2Ab6PxhMw3KxB+MjODJVXjYQ5FYCheGr6Ds0m3mK5QADdZ1plqbIWajJuZsl4Bbyic1ZaJh8pCOJE2ZaKaZZvezhfE8iezF86QBDACYonypKmLxxJnzXafPd8FfO67b4KBZl+ABPoeLJ5SlEfOwlvdFmmPow4m01OFqDBNEoFZWHpWstjOoAprMxWvYhl5sqxDxMcx9He6gunoZwyyZ4hBBxNMCLehOFdfCky/FAObq8qtFrYw1KpN0Lh+OZ4gLyhg+cpVkNBpFZAt4GAqKyOWjqbQnELWwyLVs77c/AhtWv79V5LTmA26qwg8LBTQDM6JQIEId8RQK4u9cmdAudLMYIZjNFeCiaoEZo6OhWFq5gThEBM9XFJtSFAQiaoLZF06IrmHibFtzZq0OYabd+H7Jl0sBLYS7Y3SgSAOZ8b4oIzRE3bREFQ9ybPV98WBY+ekOGACFUuXPj82a/toHKverlTfcrw1RmchX3CPQbnk4loXzt0xJ3CGghymX3+2Va+YOcWvYYmE94reQiXbf1lnxTCCBfHspn9SUiYbJQzqSNGWimWaa3bcGsqRj/5qOMFFlAj/FZy9cvdmnG9abQJycOns5EAzZKDqVAgJaDUZRgUKQIiK7Qolx62mmpAD+IVsINN3mDJDpC1gFgmHY7jQ6EFMXDQ7VlivDcewSn7GWKJcrZgY7w3AtYjCgT/yRBCO0fjkaS2TbZpKVKhPEXL0RwkqB0ISiCacv5HCiQns2zgOkx0QLQPUsKArcZ+PRfNGur7/vM9ib+qwBVZJAWeLtJgMsTeN5D3Utp4RaDXiFgzcDXRFKKeY30V4T7UOFWZxB1h2Bv+qHIMmapQnKCNSViZgZDLpXrE2Zq9eHmShIQI56O0Huwp1qOS3j9Eed7ZIiqACUCQiTTL74j6de+ubQydaE976B3s79osrE0TTthmooNb7FmBBKOL9WJKE2nFRwa9gqVSZkpA2aad4T8IVj0UQKlDiIcHLXAFI+qSkTDZOHdCRpykQzzTS7P+2XqKU4UWUSiCZ4F5onCUQSNsoBFB/EiYV2iVyqiqtS+MJxXJMxB38DEfmbbBAP7oCcyVVbvRKGQ3n9wX6Tw0SEBAqOF1ReKhMAF1cpdVepVMwsptHMeLMJqmgiIuDyR4pNRFncEji00dHG0Yt2oZxIeEqkzAg+C56csTdmzULxLQySJUB2dVbW5HADJ4OFQ2Z62+5vBkx069bXAddIqc4SQIM9wciE1IUUMRTEH7CwAZyeC2XocgXi4Xg6k0X1IsUpIBEUViYhiStdtR4uL9mqBUy0G3ZsdqhTVyZiZrBwHIX0UGhKjW97rpao4vKdJlqtYCWAEYIgHR0uOW9Gqzxh0OTypR0DlMmU51954Jn5v5sy/c+Pz4YPM19/X77RfQDoXeDiJjRo3W2fwUmD98jnTEDu3k1lVaKxVcKx1GGgUDSXVJmIVnuQpWkA4PmVQFMmGiYP6UjSlIlmmml2H1o4OV4O+R4CaPqElInL40+nM6BnKAfr4NzABUGZ6Awm2WawPBJHVRqNjDfeFOcAS9Idv3OFQ3kD4V4jVWcDARPFlpuUgwwgnFJp+XkJGJANeLYk3xg4i04UjPGehph7ce1XB8+SD0Bx7M5x8gTbxFPZIYMtGIpWcbw7MCEzTp2EYo5pN4lUJlIE/rWwPqcv5A1GfaFYOJ5KpXP5IsrRTNi+P5IkyqRXb5OxbDgRkLZCoURSo4LsgcOGY4qRRrA9HB9NBUyKr4OehK7O5ovpXAFGiC+c5L0Rhytk5wMWxg8fXD5ofyaeyhVLFWi5HV9mSLk9SrBy6IV0c0bXNsrEFSaXRTlrLn/9Jlq+UWeo4jwBVrZNvmMDnldpeYEOd7Dl8g6xasPeR2f855l5S5+Ztwz+vr5i7ZpNe+Qb3R+Ap8OIR3Xz/bpXcPnkEUfhRKbZHbRzuAOgz9u8SlABKBOjRJnA5RMlrGRSPqkpEw2Th3QkacpEM800uw/t3jpxiSgWi5lMQ9pZdURj8as3bjsY/vT5rnyhABIFlAnnkueKFVGuVIC4gz4RM4DBXxNOydUhYHvirmPnhGE7cu4CZjBgpkmMrApiyUwgmpSxct4XRQSiyYnLjmqEN7iKJZLptVu+Fv99cs7yURxDDO0plSvvfrbruYXvc54ACJWHXnjTZKEem7UUOHogliQEBXQIrorogQ+JVJa8Y4Z9WUFOvKRwOH2btu4CW7/jR9l74nyh9PYHn5+4dPPN9zcNmRwjo6OpDKpiLt2G4LWVG4ul8oEj52AXOLtsbYdCxROMNu8rIprIwmFAKhdKZWiGN5gg3nEgtOSbtgPhec3UU12ZGB1oCMGV3DEgyYoSRjFtpEVLVFGsP6opWWxXvtPoQPS0ZYfbeX8yqRav3wmiiXQmX0Q2kefx14eFRc6Hv5w3ly/SXuPBGIbvE/lSBehRXjK1sVEuVygYhNhiTdUYWSFAquWQmRMr572js94cstzS2XoM1ICZGTQzqKAQSneGRrKUT2rKRMPkIR1JmjLRTDPN7kMbaVfha3IoFIuMECrjgE75OgWkUunrPcNnL1wtl8unz13hnO5AoHVIhhTApD3+sJn1WTh/NjcBWgO7IOpJIxeydCYrhsUPmunRdn2SzuZBb5DNYHdaCFO4Prf0Yjfu+jGRTIlLyLxHFVf0m7fkkzlvrP5y30+gWJat2bZ2yzdvvrf+9rAV1g5bOZ2Vf+2d9elM7sk5y0ADzH1rLQ5nhz8V4qMFmwViaWmYB5yEksy3NIMWQpu37QFlcvriDfQin/NaGMFMC5wQNNn5Xd8ez+Xyd/r1J6/czuWLM//z0da9h0i4vz8cF3zhMi4aAkopnc2t+WJ/Pl/KZuWhF2s2fZVool/N4JHzkqKA5H0x2Xghvvj5ovx06qjiaBm4p83DT12ZmBmkmuBOEdV6W28Ty5tMCKCI7BwqwtjcAClIO1sqqDGcxi1/F+5GBLd1djKwLUwbv7L/LmycANfrVy1dejeIJDJiPmglwO3oMLAHtrRxHtqlqLHH0NuZUjyVqWLI14Ey8dSUCTz4stkSMnRxFRfXgMkBG/w8aJbySU2ZaJg8pCNJUyaaaabZfWgtKdHdI5XNs0IQ2D/vCUaTmUKh2DYsAX6/3YLX5RaSybTJzlI0m+tMaVRxPWa3P0o5A2mUdVS+QTMqlYqN9xsd7iAOVoEj9I27dfk5oXX6LBGwPVygJxiv4rItwKhgLzHPD6zN5Apb9h4KRsZpls5o3bDrx68PngGB8eiLS3Z8ewKEx1c/nvls+w82hysYSSx6Z31lZOSLfT+9++muF19fHUuknpi9FBTB++v3inUVcJZSHi5QRrPaKhO703f0zJUt2/fo7ch3SDSXP3r15sArSz/+aMs3zy54JxpPHjzVtefA6emvrV728Q7ozBmvvvfcy+9+vGkvtA2USSyR/urAqbOXftYZ7GPY9auANRN8Xv7x9k689h0uRLnkS+ug3SHZ3SMKoTnFljomrUxI2cpiuUIGg87GNR+hE6AMDYzHzChO+hEgdzXUztY1MYyMd3K6SIpbwxZyLWbaKV93P4HzhH5RZQIioa3b6uhoVQgqRlhJAVtClwoBtZQVcLq4cpUS+OYZsqHkbz16+4CZlioTqYmPqpRPaspEw+QhHUmaMtFMM83uN/slYt/HMFH2BCIi2SoWS9l8UfCFUUlElLk/SjJuSXe5ePnGqbOX3R6/zcHybjR9YWPdpXaeMM1IpHMmxguqI5dXVDVwaoNDsHI+qVM7LLyjswJpRqfm/dD+tlIqkyvauNpMC0nyAweBC8SEstw3oDt/vccXjjt4Tz5fWLF2RzqTnf7aqnyh8K/n/pMvlnd8e/TxmUtOX+7uH7bk8oVpr34QTaSfnLM8k809OO1Ng51/et47oBtPX74FdK2Kw75xqDTKQguXKQu9Va8EDwwbGqm3cbf1NjhOqVLJF0qpbA6afehUF+305vKlqz26a706O+t6dcXn0xa+//wrH4yMjNzq0x86cR7aA6pjyguLB0z0N0fO+oJRaBtc46MzFl++0Td/6WfJVHbukk9KpdLOr3/c98PpKh4DyOQNGbNygkWZr1saa7NAUy0smnmYqH4eGR2FvVoWwzFQXqMDGYrC58YNpB2YmfZ5wwnWg2p7wxFUmKU6QI5Dy/V2Xr6iEaQCptJm8Lw0NX/CGKyzXr2dk6+7n8B54Lnzwl/5inuEDDyu7WbecDbq9k5fY/Ubl8o0TBLWh30N8ITGkhn4GskVS2Bw5GA0EcQ59HgPKnPZb0FPJSiTfiM1hMubymSJ1KR88h4pk4hp3abDyHbelq/S8H8X0pGkKRPNNNPsfrO7pj2tAQwASJV8KUYVl1wolSuBUIS4YFl5vxBKX/q5t1ypXOrqZlj+7IWrFpsjnkg208oOUcXl1eD4nLfFS02DHRGCcEwuy2CvSDROPCssrPcWdq+SbSNFNJag8Gv1aDwZCkdtPMo+bMFV81Dxk3xh2cfboBkOd6BcLr/w6vsOxvnj0bNmm+OB59/I5gprN+15fuH7nOB/fNbS515+V48nQ1xCwMa4U+msrH7LGHYQgtMlkogMFQrIwUq6Vj2vF1wL4Tc9eK5DivXbv3nv893fH7kw+801vkD4idnLEqnsktVfzlz04c5vjloczgtX7zw47Q1QJguWrTt08oo/GIOzv7joQ7i0N9/bMPM/Hz274F3G5X9i1tJHX1yy+/tT+ULZIXnXC2rKzAgmhwu0lgVXpjM6XKTKXnMmLpm+qiIx5oUjtFWJMsDBKRwlIl+hPGdSk1JVVMedVMEDpqg+AFRAchbH8c1SASOg2TbK1WK+C05NuwOTPf84zEwtQXafiZKvu58AGh6UCeNWG8Z3g0Kp3Lamu7oygXsxiosFJTM5M+OFL65hKwMPVA+uWH9HZxuyMDC8dRR660FyapGJO2ndTGwo34ZMeLQ1KZ+8F8okaz20FcuSTYeDE34BpOE3DOlI0pSJZpppdl9ZInvXrEcBkVjS2q7SeRW5YKH8XZwnbGK857u6bbz/4uUbHO86dxGUCZXN3lXALlwbUGenVx6pAmwY2mZiPC3JLrSq38wQKmBmvbGECk2pmvE7ThyP7rLgyRPMOTAd5/25XP6puStKpVImm4ONn5n/TqlUPnji4qUbPS8v+3zFJzuffmnFF3sPpLL57n7jxRu9ZAIHUfVWDRtDl1Ok6n5NxVJFFjNNQreVcFNZmZy6fGvlJztfXvbZqg17Qe68+e7nazZ9/fisJbPfWPPN4XOHTl76YP1ekFKgTJau2bZ9/zGXL5zNF599+b1kOjP/7U9pp/ejzV+ns3nQV1NfWrFk1eZcvgRSBBQFYWZSI97zYCiZGCM4nH64Qd5gNBxPJlC58aKFRdMjYq1AcrNge6U+UUKhiF5p62wt5iKUlImIeCpLuktpKqMTmBnFuHYpTDjZmrcp1fUYHgmcJzjB624BC1t7E99nvK+ViT+MXgoYHU75inuEYrnSNrxeVCZYhKA05WXskeUPxzyBiMPlM1D8oJmGr4hhGw+D2UC54JvEisoHeb86eArN7zUpirs3O9b5Uj55D5TJoS01WSJfMSH4e3ddHZ/l9F49tW7TKcnqewL/lX2Hrw+Z+ocGNm45PNxG6ncEuOpDBvnC/38gHUmaMtFMM83uH2tHz+4KrCfs6cxdmyCdyZ06exnbpZNnLlmsFM1O0r9fHUCmDQ436Ieysp9YFYehE04AhCPTSiB5gjELpp4m1gf8VW/ngDoEw7FUJicG/QOtAbL+3me7Fq1cv3HPoe9+Ort87Y5+nZViXYUJRk0QBKMoPVddwIBQaQjqAE4v/VcGUZmYWk0jSJHNFaWxDW5vEC7KaGczucKAwX70TNe+Q+eeemnF7h9Olcrlx2YuAXHyxItvjIyMgCyB61r64RcM78lIKGC5UskVislMNhRLeENRo8MNBpoBFJ2ZQRnG5DysPtMCRsLf7cgvC5WMhO3tIHhgodNLO320yycEwmDRRDoBJygU4ERE2kVQ1RQ4iICmQbBMFdFWmTh9ITIAgIDK13WGevRI+5IvcF1wUW0Z893A7Q/fHjKfvtx9nysTO4/utbUxNAg+4yo3E/PlEyEeCh8DTdPlJY5VvCcAZmFcZtoJj/CQlek3OYYsTK/BPmRlYZSaaDT7IRufUhs0Ob46eHrP98d3f3d8w84DYIdOd9nJkHb6TYzXYOfBBi0MsV4jBdZjsN/WIes1OCgU/+O6NWSBuzNkocH0aGrRjb5eOAHuHRg8ONBgKZ+8B8pkF/Hj2nQYP+vlbVsOH7XIt2mPX0uZ1N+6uNbtG2gxvzhBiMqk+7u7E2a/TUhHkqZMNNNMs/vHflEYaG+h0MZxQgrgD0AaUCZcirZRjNMbYnmnfKO7Bi7ijjy1gqEWr6hFABNihNAdA0U2NtFumThxuIOEl0QT46m3WiKdyeKUWiPqm8ngjyQtjB+M1CLkfdF4OguCgfcGxZBu+JNMNdBZXCJQuqABojJx+ttEGFs5r105q+8Y8tcv5AtlwrkR2yNzHNUqCX+Hi43EU6Q0SjNgJyDilLPmskVUBOwNtwZ21NuQwIsmU8AaPYGoyxe2sCj8HQVs2HgD5cSFXJBEEUtMNhtVn7nCH5qma1ivhfEQ1zKgwqAwE5ksnB27lqGrgFbpKZeN1Fi0sg2t7xipbI5SmLGRoopTGxsbU7rdc4RjSVDFX3710/2sTKDv4a7htwZ++Ev647ufzv3r3/P/+fS8Pz8+S1Zgh4ycKs50B8oZTyGOJNLZVev3HDxxwR+Ol8uVp+csht1hg1699e9T5/71iTn9Ois8+5JRMTGvKjSKnH69Qxg0030G6taw5edBU9cd3YCJ0tsYkCV2mofTFUtlEO3osR9BQ4rM/skwhiur9plQ1o2WeRqaIeWT90CZXNhdUybrtl84uvfwui2X+ychj5WVyfDZs+jgW472133FkKgYjW7ccnjj193wNRvV3YANdp0QS1aN7Nt9VLp9HVJl4q8pk9HU/q+Pwu77LlJJolrLwY31WaDaRNBolLRBcooaasrENUA2rl+CvAHrtnQ5rl6ADTbuvgD//oDXbjvYS9ZeP1K7wBODd6+VflVIR5KmTDTTTLP7xFK5Sb6D7ASIfSoXSlcC2ctio3oG9GcvXLU7Jvm6WgWCF9FNFLSgmhTY4Qqi+GlO0NtRqACYQRI6DJTDwiInJcvEXYw6RJWE4pQqqWwhFEu7/XGHK2Rl/WbGC4ycnBT+hOIN7/5Zz3jKgWb0GWqpY4V25RrQJIZTzTHMzAigzVRKX2dyhbhC+uAqqiHjYdyto5xBMBCWJiJXKECb4YzFcjlfLKbSuWQ6F46nQrGkNxh1+8NOX4jzhBhU5N4DBjIS+4l5YBdcaR55lDU7lUm1CoqBwXvBv6wQcPvC/UaHHSsTg8NVl13KPdsKLl/Ijud55CsaUcWlGGmF3rhXiCXTxy78vHnPwX4zO6Gr+DVRIsnQnD546OBGkLmvB55ZAOoimcqs3/XjwqVrgezTLq/OTB04fjmVyafS2UgiPf+tj154ZWU0kYbb9P66HfAZFMh/3l0P2uB3U6a//eGmaDzxxMw3h422bw6d2fvDsXAk5miSHDIj3lN2PHFndLj0dn7IykGrQJAYKN6BZuoigUg8AY0ologyBxUyZLSqf7HIgHaxIsfR/4IyObT18P5ev/H0cZHKRyf3i+DvFY9QN6RMot1nz/C1L4ju7w5b8cFh7b5u/E6I6V63t5vFC3u+P4zkf2x435ba9MXRLw835imoK5Nydv/2w92NX1/X9x8GrQIfttTd0or9F67g2EJoyQUvboP1xg+DDe/JasoE+kHizCZtwLqDSMysE9dm9aDc8KcRx9njPXl04b9dfzDpSNKUiWaaaXY/WFmRUt4bwM9zJD7h8nCkhgloEqPZFgpF7rkyKRRQkIaFdhWVM9sCP/CFE1mcZWsMuyEBKSFkZdhCVyojqWweaISZ9RbaJfn5JQBMVwzpBibjb6wc5/JHVfgNsG1EudCMhFqyqSp2Q1Kv0mDjEWsnFR5bAo4QU6gPCMeHDnR6W79kBCFhcjSUrgMpgqgbp5jLSwloSgQuViLe4G6WcUayNBJOGZc34g1FUXEVFiViNlBO6F5l1zIv9iVD0zVW1kvxyJeMeJGl0zlSpqZaz0WGNDYt2DhfTLWrx1BMdglOQerG/HJIZnKnrtzetPvgsI1v6112D4E7RI5csQTPF8lPBTLDTDuB6+vsXL/JAXe/12DvxQUuzayQK5T+8dS8R6a9ks7k8sUySBf4YvnDIzPOXOr++IuvXl+5rlgq//Pp+YzT6w2EH3ru1XA0Nmiww9B6+8Mt//vQC7D2j4+8mC+U4Y4fOt31lyfmvLJ8rTcYCYajQxaWOFbd1hOvKuutYQvxpEIClQVxGoMRkoU96z6fRhrN3bWNGpoQQM+YHOjdx6+uTFIkJdfR/d2uQ3jm4cRQ6weyPfy9W44M9KMgEGTXjxwnygTUyPjLDUPXCRzbBquIZhgbNW25WPsiYy8eH4Yxeuvsuk1nyZLhI4eN5FMNSJkQ2bNx342GNXjjdfvQJMa4F5mhC7ulxdd9N1z/grSuO9EwXdhSmUgbsG5LF9msvtK/7oCefELKxw+XQK/bjbb5LUI6kjRloplmmt0P1iE7KVU62qwZBRRUMGHHANYpXPv5tgB8hXPlcjnGqVZceRIA6ml3BoCXq1x9IpM3MQ0zISBICEMdsLAmB09qazQXev91ALRJdBCCJnK+Bp80XyipcmdJ4ASQbGB58nUSVLEyUa/SQOYTRpVd/9srE588LQFaRVybGgOg4X6hZivXP1ECmX5R0gbQjFA0jWdDajNUuUIxlkjDhYMq0+EqExR25COeY3jWRf5mHWlUxgNaEbaHgcEKQac3HIjE46ksSkdGI24tP3EjosksXLKKxrsnGNSbSBTE2i/2/6LnqoyMQDcCoU+kMjAAQrGE2x+2cQLwbyD9oD1AACAloLeDKgBtALIfeegxHnjoZH0Lls0Xv9x3+O9PvfTk7MVXugdKpQrcrT89NjOTKwRCsX88vSAUjv5uyvRzXTd3fHv0z4/NGtRbb/Tq//rkvIenvQrKpFIZARmTyubhOOlsfse3x19YuGL5mi3FUgXUiycYBXUENyiHq/FItROG/NLImB+RJBm/e4yiFBoobRoMpLYlIMfumTKpyRJM9I/I3ZwmDAVvrhNfSuI3/L37bqGgw3WbuoZri6ziXrALLLSeBoF0OZmIE2sUgFJvrhr6Dx7df0kPW/YcrikT2KZHSBVHyz9sJVMu9LqDaIOaZRs8xBSUyXgDkgk05yuJmfGvO2KtfTR0IWWCMHL97NktWw6fsLaeIL5vIR1JmjLRTDPN7geLpqtKrBJ+krMFtIG4cbmisKky/JGkCm1VQiyRMFjpcrlMs/ytO/3nLl4rYI+OtsXR2gJ4p8eParRzqglJ4UROb6hSafhVhAYYbCyhSuT1OecNN/GWXwnohT03LtgcrgZ+H4qklZQJLDZQiANB+6UlXJoxisuARBOtdcXYeGy34lveMg7miStIAtgdmuENtojzqWLXJkZocG3yh+Oo81W9y1rCguc30vXpr2aAeC61KmII12XCL8itHCpKQ4gqihYYHS2USql0Doz4kvHeoN3ps3HIhcyMEjSN5yKD3RmhhfqSwcGjaBmlnrxXyBdLJDj7/PWetg9mXaqN4hnCXDSZhiulcU4qFCNuYXCAOAUyY8DMDFm5YRuns6NkBiifQU3CjfvLNeuNtkYUIOybAAlSrMAfwR9etWHX1NlLBF/o71NfSqHl5T8/PrtHZwFlYqWdaFIFFpUrZKqku3f4fx+aViqX//joi3AhsG7OG6sOHLtw6OTlaS8vl19wByAZqE2McG/vFBwNDyF0sclMizQbMkj55CSViZgmGKwWnnGXUFAm0VtnT9ibvbkUlQnx5lIg+C2UiTibAXsRZeK9fsrVGJ+ybtPRQ4bWhxSVyZmdDd5csq3bKZMa4Loa/r/vIR1JmjLRTDPN7h9L5caSubF4ZrR5ldQmUYrR4ZqM3zznCV+4fP3U2cunz12mObfH678zZD7f1X3xyg35phOEkeLg5189Ayzio4yibhmqz5xQmLAOIc+u2ntW+aa/JID2uf0R8d9gY0xwMp1XcnMHYm3BFSTt7d7QVzAJUylwiSsYBoz1GOVmlCsVOEtKgWmN4JIsgUhCvqI2XRNINJauc2NJqe5d1hIkMbFK5fhcoUSKY8qQyRUJpYZrVOpPdXiRmmqjAAlw6iev0xfFU3mTOVeH+LnP8MW+w2ZGqDueIQCZB4nFoeRUbp2dA6XRZ6T6LZyechrxZFHzNJG6ofAMZP5ms6KoLf6kQ3cC225D907dz9uGrn48fO7joXM3zVZSdGXATPfobfDBG4pB5/9t6twZr64EdQHCAz4Pm6gHnllwruvmT6evPDtvGSzs6u7759PzX1n28XMLVoQi8Q8+3/W7KS98vGn3lGmvJdOZVZ/vIEoMLhb21Zkd8n7pDHYe1fp0THwQqgNaFYwliITz1nNyVGviEK2tYuc3uEe8L0K7vFI+OSllgmZLju87cfnezJYQKCiTsVH/ui3HjZzLOjQACoGsVVMmYyPe62fX7e3qHzKdOFDzqqqjhTI59OXhCyaPsfvGtt1HxTkTmda68jUSYD1Dpp6r3UcbY0JEZdJ/8PDRXpeRQ1M60gZsPIF0iJoy8Q+c6TYlBbq/+8bGRlex+x/SkaQpE8000+w3Z5NQJmZ2Mj/hjDt4tbvXwrgyuTzLO00WClTKucs/5yeS46sZQJQJbYrGWrBhEeFoIptT9ECjOOzEVTcz672tsw8abb5gpCW7JYgnJjN3pAJgMP6wYvx6MpMvK4QQAckjwSFImag2KZ3JAx9VYcnk/bGBcspX1NGJMmlZzC6bR8HuMuHk9IVAj/EKcSkqsHE+k8NVbpwBkwLV+mwM1CGIJzNEmQzbeZV+UAHjQlxTaf5KRBUFDnmMlIvzRCg+GFGep7p7gNi4eKPPyvk8wSjt9pkZd7/JcVtn60WZalkDxbf0p+rQrLwfJBYIuVssc4ulL1GWk/pBsM3Grj3W7i8NV/cYu78237zgNA+ZrKwn0OtkvJFYLJEE2g29VBkd9cRj8MGIU/TaOJQbmvT8f1Z++oeHZ+z+4cSCt9fOfWNVIp19eNorU55HzlqXbvRVsRvesjVfvrJsLSkZBIPn8o07KCfWCMqGJ336CNEf75GJwORwwg0NRtW+QCaBKgqjQu588MSB8Ehn8/DUhOMppMadXr2d09k4FP6EZqLQ3ZHyyckok/FojYO1kIn/S9j25dFauEtv77otMm2joQHSkaQpE8000+y3aBOFy6cWpaAEomdyubyd5s6c7xrUmZwugeYFg5W50zsoc7LqEFU0V4DcS9RfumfzRbdyxqpQFDkU0U6vPxwfsNQ8u0SDgwN7GLJyfQa7nXXDxkCMCCWa+8b7z85f/vepc8G27Tt07srNGz26yb2GH8NMGnl9pFu7JwAy+VKx2LqX8EQHyUvmVWfM/hCqdqeySTyZphRqqxPkCyU4QlYhmgU6B3ZvztwFd8qD07nKmse4A8BTg9GJjcIqCVlRnSUbwzkDpJVbCBihdmf7jJN8xQ403UAp9o+IIs5GFU0gtzdoMO1u7/2FXqjjviLeZaM4ZXO5MpJMZwKRuC8UZQW/ycEjhysj1Weih6ysHrta2Z21yP62dQAxUUbeeiioyc6D9Rpp4qN1R2ejeI/D5Rs0Mzr4PxwD26LvcgfDkVQ6mk6XRirfUj0VrAqIDIC/31O1JKsiQPuVRse7vTpW/dZ+ZwxrWqyf/fl6pXY4BgwYk40NR2PkgI/PWARXmsm1Hl2/BGpjieLL9zT8nQCkFEm6QLq93vle+NYiKeNsnEC7gy5fSAhEpHxyMsoEcOK7s/vO3qPZkvsK4YH9/eOviDZuOi5Zp0EO6UjSlIlmmmn2W7QJoVQqRTDZmigMNJqwP3fx2q0+PfAtmuVv3Ow9fe5K160BzhMESq1SG1EJZha9a1SZ1hjDnk60svsZECMbLrAgLgmEo0D7TIyXzEI0m4VFgQeFQuF3U6aLEzUjIyMPPPMy6AqReAOt7Bk0gTVPYoB6aY61TWXzwFryykHVhWJZKaxCLOQCjFn9zbGVFdSVCetBLIoVFCcxiDJRaidJDptuKiyI5lJw0IVsuY1HIeZp5emslqjWsvG2iU6pouIqPtnF9uHcUGCDlslkhxvFIf7qBWHG8KkFfwTOArrCH0mAVDPRvkA0jcr/eYO8JwAaw0y79HZu2Mb2mxxgvQZ7v5kj3lbE4YqUdkH1ZyYe0UGKAMI14vxUtkEzbWHdQH9jyXQinS3gABv4e/Dklc27f9yw8wCcTswTPWxlSUJk2OYA3Se9rrMu40i1YTzv1F2X/guIpzKFSsOzvGGYZGRF2eegbSpDdPEHG2mXj3H7Fbe416hUkKpXSqVwl6ji0UIhGUwVQCWrxtRJ+eQklcn/XfjXbb0QxMHrPZcubBQ9rzS0gnQkacpEM800+y3ahJDKFlTcolQARB/+FkulKop6r/zcM3T6fFfXz72002vHzgxOz8Ry4xRLZZLsVYXowIpANJVSziTmFBDn8wfHozuqqMRh2ujgEV80I4rWUqKAMvmfB6eFIzH4kM/noQ1/fWK2NPbg0ImLv5vyAtimXQfFhQSwcSSeAgInXZhIIccPFfck4JFKyoTMt1Ad1P4z4mS7iv1V97n3SMJdZAAd2FaZ5JtyLkPP2FAWLHl2YNB4BsqZm2BeXaJM/CHkPa4OTzAu8x+7VS9JKcsS1iHIBUZjik6QcJvgVoICAXUBrBRO99GmPVv3/Wh0eHpwgXBSLBzYP3GysqjWIO/ErBwq20I+AwMG6TVgpkHz2DjBG4rnCiWgxGSWo4qzHhPAP0Nm+vy1OyBLNu76EXYUHyML40KPFZZhR7l66ADGFY9Npky2DV6V/gvI5YvRdIPr2nbzDfIBbjc0UiVRFcpDUCw7XD6VIXpvEY2n7E1OhvcKojLpN7UPVZDySU2ZaJg8pCNJUyaaaabZb9EmBLc3pKIElAC7wI7oA56UOHP+ioPhaZZnOafTJaRSaTvnoVCAh2JKKBnK5Qoq+M0jH+5sFgkD+RaYvwJp84UU/biy2RzlDFgZtfzFo6PVTC4fjSVop4ckQjWzXtodSGeyoEyWr974j6de+te/5wOH++MjL4JKCYWjQL/0VscjL7wO9L1UKr/zybZLN3pkh/39lOl/mzpXuiQUS9Ju+UwFopJ1355SqRJJohoMmXwRLJXJRZNZYjobShlMYacRty8ElxyIxMkqEDOwMXDTkdFRoF9GymlhvXBR6JgiXZXAiJIvKyYFBsB5VRQUyEWqVV0IWI6coOxO2XIQfvpJxXtEE+mCgjqSIpHOyXgw4w6SvoJGJhrFYSfwhmJkX+jVeCon+MNWzjNopvtxJisD5RKnOHRW9tDxs98fOr7zqwObtu7avG3PuWu9UkXRbHaJzw+qEckig+OTUoD9OIRdZ2MttJMVAk5v0B+OJTPZcmVkyFrzQlS5cVLAcALhDaT5+IUbO/cffW/dbunrfM4TsOLkbCBCQIpI9hvjvKHyaMPrg73Wm9J/yyMjF13mY2yDnrG5a68PbHjeLK7aSMqJFKzKkCCDFmmYUjmZQfdXZeO2sKGUa20m35qBG4DiXjL5AtyCcDzpC9UKgzJulGvOziNnLTPjtuFvNrhx8kM0QconNWWiYfKQjiRNmWimmWa/RZsQDLT8tXcngF/xeLohZtrtC588c+nU2cunzl0xUSzKLuVAVSbUdQKB4AuRaNoifjcfjqdNjLf5rSfrCSsRaAAvoArQwPwmSmqAEgHTN1kd0xauLGCUy+VcPv/AMwugPawnVCgUX3rjg8vXb/kjCVcg0jtonvXaeyBRlnyw/uW313x18AzQmqdnv/XXJ+aMoeB7z6J3Pj165hryzi9X1mzcOeW5has27PP5I2ZWGDAzNd8eh9uCSKpPNEJ/2xrmuGh7XLjDQ96vo7rX+LBwfJyyydFroJDp7TobD3ZHb+/FYQxgJtoFZmFcnBAAQsy40anjqex4EqgaEF1LpFF9kmYHNhBLSEmy8puLL8qNdh4bW7Fm858em/3QswsfevbluW+8L9tSBFDAS90DuXxh2Uebm93GCEiQRh21OwwfZr3+bjqHajs60KxX+c+PzRrfBV+CCHI5gGK5AvcRWj5oZfpMDugcXOekRdFGmUEn9wxbenW2/YfOfrxp37Hz18icyZ1a+T87Ehsmx5CFtjBuILWcywdKCToQtB8I0MrICBiojk5S4Q3hajYUyorWfh5pZGSEyJJNu37cvOfgsJXJ1gM/CMLxlN3pg+6qjI6ywrgDHnTJdvONb+094i2HTjtpGIS/0FR/JDYo8IesA9lCKVcqHWIGDtB9+0w3d+qurx06XxpBTyLvDdlRFiwvUHlPICIaDC3a5SVmdDjRGwfeQ/Go5CXFe2y8nxjcBROD0p1ZJdOYeIR7YFVC4kvZIeAS4KEAsSdf0Yh8sQQ60M4JVlaAW29GbfCJsT1Ss/EeC+c1sT4D5Ry2oZzLoFphOTxHDcOrFaR8UlMmGiYP6UjSlIlmmmn2W7TOgX7IuTYe9i1RLJVkxRnPXujqun7r7Pkul+Dtun4bfvuDsTQpNKGerQsUiMGBNrNgV/gx3KpoMmtzNhA4WGhVbmoVFbVAjiWTLqp46mL3ui17KpWRIkYsnnjkhVez+RIjhEC3/P3J2SYbw/si7kD08rVbr72zTmeyP/rCa299sP5Pj83M5wvTFiwDZQJy5e9PLZi3ePXvH56+dvPebDb/+ynTj5w898dHZ+778XQslW2mPr+mERJmoFzEBs0MWL8JMa1bOtutYSv8O2CiTYyH84RCsWQsmRYCEeTrhcvbiXELYyjTNIq6djbWjhzDyX95IUg4GyiT9z/dvuubn9Zs2LXq8+2yLUVcudGzcMmaTCb76PTXlKYIvjt6fs+Bk3t+OAHGusa59R8feTGVzYUTmUKxXCiWRGUCxLpn0BTGUUNlNJeS9QajRtp9R2e7rbOBcoPLbytFKOxYBT02bOOhl+DSkFcVxZ+40P3TyQv+SIrEmSQzuVwRVQB0B1DYt4iAxKVQBCynmoJzmtFvZkjsu0puN4JSuUzz6PEZMFIgS05d7m6e4Ipjx0KQdJXREdYzPo8XKWRskcANL0UngqaYt9tJnTIMfWm6tnXw6vbha19bbv1I9281XgvkkqBMDjMDjACaLpUGETlSLmJl4vKF4cgmxmtmfTYkOWrW3JMqZud9oExQuBeDHmFr3R3OSAugcEiVpPGLUQVJaseq1kECgDqSaiHUBicofGiAYGFxbRzWTTmRrAKVBbcgmkjB/SW3tddghw30lFOlVVVc1knKJzVlomHykI4kTZlopplmv0XrHEBWhGAb6tMSQPWAr0uXnL90bWRkZHDYyPHuMxevOWj02hJUB3kh2jwBQgA/4cBpEBVgai/aRcBPO6wiqZ/gj7Gx1rsMpC4hiheXr+kUVgf32davH35h0T+eeunxmW/t++H4ms1flyuVaCJdKpX+8vgsG+NyBWKZbGHl2q2Xb/TkcvmjZ7qOn7364LMvh6OJma+//5fHZ8NlCr7wha7up+csfvCZl+ESfu7Rr9m0Fwj0CwuWJTIk5SjO5+P043rkbiOuE0+sJVfuMzlw1iZuEBvZEvYi+1JIb6BIkmZrPtSETHoc5InEoOSwcFLoZGjAEPY3E1slGlzCoIWFBntDsdff+cTBCvlCKVcowthY/dnWH45efH7e0rdXbQQyvXT1RqONhhHoEjwGC51MpR+b8XoaO/J5AmFfMEpuN/n74DMLnpq9mHP7dUZ7JIaSO+dyBfj3T4/OhOPbaNey1ZsefHYB3CZQIyBL/vH0/PNXbvx96txkKguiRb037HgaCi5Nb0cKZNjCAj11+8P+cDybL6I5GtwIuDRvWK7EpBCC4/MbsANchWTlOFQEtogOlQl017CNI1eH65kguSjfqO6SB91SrFSOWIaue+zXvfZuP93lslHhwFDQlS+XUH66Vs8XLHQlY0fZIelCGOcgTuCDLxyz8V4Yh4yAElJJDaQgMVaAUeQLxRLhWJJYPJVxeYMW1osKttT6F3VxFZf1hJ6H48OOZtpVH4Q+C+P2oZIpbRy9ogk0xdeszaSo4uRdYIFIPJlByQPIRBw5Mo7pVyumeQfXb4HNRpsmEkX0DhpeXbFeyic1ZaJh8pCOJE2ZaKaZZr9F6xxAVpIKb6nVEUlkZHmBz168Bj/nhULh9Lkrd3qHGI4nv+7ELdvjk0dcECTTGTuuttGyGaFwjBFC5XKlVCq7/IqkcBTn2LUAOaqXP5scCN89cebywWPnNuw8cKmrW1y1aOX605du5gvlTKbwz2cWur3Bk+euPvDMgsdnLPr9wzOAVX+wbicoEzjCkvc+eWz6a396bOYD/14AyuTPj81aumrjHx558bl5b6czhQET3Wegbutst/U2oDg9BvugyWFyuIgB428mzZFEOprMeEIJpz8GZsZb9hop2JeQJDgamvEgswF6Oxjx2oKj6e0oyASJQ84HnJX8rRtyp8EUrXYi2anv0mKJzPy3Pjx3vY9zecFAx77y9sfQY7Nef/cPj8yYOnPRw8+/8uBzrwE7PHn+2u7vjyeSqamz/gOUNBpP/fPpeQ88uxB6tVQuB6LJQrEEMm/agmUonAYzSLfHP3/JWtgMDlUul99ftwM+nL/cDd3uFHygVf71zMJkOrfkgw1X7gwXSxVHY9sQg8ck3oqz6/YbKbgdwxbGznugq0cU4hwmpkxwaRfJynF0MkvZiTKBRvabHOKNI4OB5KWQgSgToOClSsUnOeBIdfQLw9XPhy9Jtm2Nq43RKdBFuQp6MQEyA2WH4z2E2EtNBJ6xQb5k44tw5jrkQdc4w1lF8eUeUDVkdxAYRofLVpfH8FcH3yb+MDxWLW8QLPIEUP409cQbVVwhVCkWhWQtb3X4GnrwnAnoQKW3LWP4rUq+UJTySU2ZaJg8pCNJUyaaaabZb84mVGkxnki1/I1vC29TGqVwOAriJJcvMC6vzcGyvDMQrDEMM40mNCJxecuyuTz6jWfcKi0A3sl5w+q1II0OJ9C4+D0ty42IFn6JC5Q6Gk8WCqUnXlz0uynTf/fQC2s27oXlf586t1AoAt/619Pz4aqXf7j+T4/OhCv6x1PzypXKzNff/Z8Hpzk9gSdmLCoWy8Cbfz9lOjqs/DwN6K0nwBVtwKRYowPaIARjduyl07RKNCBhfiEQx5fTgEKxnMoWEukcygHAILcZE+0CPTNoZXqNjl69vRelhEJ1MICRGx21jLcksqXl3I7M4sksKJOfTnV1dfeDkVgdE8WnMjmQKFd+7s/mCtCZJ87/fOjEhZ3fHXM4vU/NeqOKOvYlEBWcyzd30cpUGsWQZHIFkDR/e3Luqs93fbgexXaD3pu/+ENQIH99YjbQ7j8/NvPJmf8BBbJ6/a7eQWMgFIU79cqytV/u/XHYYAM9qUdaDmXy1dk5M+PyhKK5Qs05B2m/eEdqHr1lj8qHvRRuiXhWUSYk3bY62ioTaLmYLplyIXEVjqfgs41rcfAyzj+Ggssb40zG8JRIj7V9MPcxa8OcCQx7VwjNCMExjTgft3StDAl8E2WjlCgTS2MQWrVRmUiWj0WTadgYpSzDKgXGKucJyJL2gpKxMAKIGfWnzB2IwkHsrZQJGQ9ImcjXjMPCoG8z2CaVVky38NRLK46cuyHlk5oy0TB5SEeSpkw000yz35aBLEnl5DxVBUApJlF1BMC3qo9RxYQCKIiD4ULhCEXXgkThr5l2w2+5iXaPjI6mM1mU98aLUiqZGPS2VX6gJoTjadYTbt4QzsXhQnu+UDwaT1nq3l93AzgA9AlpLaYpwEICoI6A4KYz+UMnLr++cj2c12Jnn5v39qzX33/g30iZ7P3xJGgVWL541YYHnln46Zf75765emRkZNvXh95Zs+Xk+Wv7fjhGekMFYrJgYkDdQBvIN6oD1TzhvS29d0RUsXuMSpJl2EBnQ8pEvgIDbhYuheFBLje4SiBOXlRM40TDiNPXk4kRc/lRUIonEPGFYqBAnpu3xO0N5ArFHA4VgP4JoEogaVAmRoqDzvzdlBeu3Rrc/e1Pl6/fuTVoWvHRFjjL7x+e8eZ7n09bsGz2oveTdWXy4DMLZry6MpHKJlNZ2OZPj81cv/07kCJwqAGDberstx589uVcvrjn+6N7fjgB3f7nx2f1DJlPXbz+3ZHzRKHJrw0DNCQ0OKFcDVMEqX1p4wKcJ+IOxDyBeDCaiqVymcy4Me7xyCgVZXL33lwwyPuMNVkybOP0dq6Kpy/QklaEG4YKrArHkyPV0a7G2Q/om++aSivKAL232dCVzo+PIlhidaIxAyPfQPHNiRCkIDM2MmUCTYLnCxovXaikTERUcQov+PYgPldwWAvnA/1PIqCgGXYnqp0i360RONrK1bLgSaFYopDvolpSEF8QTcso3RoppHxSUyYaJg/pSNKUiWaaaXb/WBhb83JxbTSNWPWEYGK8Vs4vrdrRIeyN4elSIHpBOSLRGPwVPb5c/ij5OdfZODgp4bXwL+NqQaSaUUWR+v5cY8ahMeQMliXu9cTJJ5fLg4SQbTNR5IslK+Ma93Fy+g12jvdFvMFYNlcEPv3JF/sLxUqhWAaWDNQ5nswUiyXe5b8zbIFmpLP5VDpbLsMGJfgXGK16OTYpRuoVpmt9RTkF5TokIGPMuOy0fIUEpFiHSrmJQqEMykTpIHVlItctcF12HCcjY/z1gvS1hdNeXm60OoLhKFgmmwNlks0Xs9ncy299aHY4k6kcKJOrNwd27f/pwtXbtwaQMgFN+IdHZkSjKWSxdDqd7zPYM5kCyL/5b30I/Q/dDsf/y+Oz57/1cSqbW7th26XrvavWbf/TY7PcnsDi99atXr8bmv3xxt1/fXLO356cq1KoZAyTZvTyO9uQZa4lyJbBSBI0lysQB50MKsWKbDy7mlRyqCgT2h1o+5yqKBMYJLwnQMYJNMnocBK3IhVlgspigjKJIWUiyxoMDfkGF3RXAvS2Lxb3xRPbTTekrR6mUCBZoVQmc26SNXIQZSLzfYJ/VZVJmw6KJNAUCvkOQZ1A8dj1C/kuhmJqM2BIU3Fe+BaSKaV8oTiKw9advrCZdklXyZDKopleCsfDyNc1QsonNWWiYfKQjiRNmWimmWb3j00C8Ptu4/1m1gf8Jp0tgE6Q/eRbeeS3ALKBdQeSHbw5FqHuK8+5fTTntDuYWL2k+hhKpytYcDS8mRaGrCzmE87xfTqALxTzhRMixSH8mEIVyseZJegBR1MVkc5hddQLiXAC0jry9TXY+KC4ErhyIJriPAFaCFoYj8zTCecwRcUQ3f5IPJXJN6YNkAL51TR6c/WbaWk6LBlC8aSFRRxLvkKCWCINp27O+SsiEk+DwKCcrV8S54tFA+U00XLeWSwjrmloun023mtlx5lxz5D5+2MXd+0/AnblRu97n3yJkliVyove+dQbiMCHKc8tpJ3ejzbtudrde/DE5fc+Rfm79n1//E+PzXx+4cpt+w6K9PF/Hpz2+IzX9/xwYud3x2iX5+ag8Z9Pz3v2pbdn/2f1p1/uL5dHaFdg0crPgH3j0HlEuNEsj+INrCGbV6syKQWpm1nqeIJRRZl0UkFIVCZCI/1FpU4sLMlvC73NSxJtqSiTUTx15g1GR5tqwAPWq8aZ6MLCNsP1bKHY7+Sly392IIUzqqBdpSDyGDSMdCE8xWYGFeWULiSygRGCbW8cce+ErZCY51DeYfzIoPcd8DzKt5YgmkA+b8Wm+7h+xwE743x33e5iqZJTHQ9wRvK1Q/FyZS6iXK7s+Pa4lE9qykTD5CEdSZoy0Uwzze4TC09KmYiAX3qghJFEBpg9LwThdx04DXDlRLL2Rhk2cHnG2bYKYItgNCFLzCUDyAMbRdMs53SPU5bKyIgVz2/Ek2lE2blOizBKkcrmaezeM4bCV/BL06Y0wcAtGKE1KVRBPJkBFQHkhnN51dMcA3gPInnypRhV7HCSzuYjibTbHwbSb6KRf7wNB1sTs+ECGtAbcBegM8NxtCUwTqksAQuEUXyI/AR16LHggd3lKyQAcmyXTGI0AxoAG/C4aGYzUukcCS+RLRcCUXwhcnWqtzuVpl8Agj8SjraewUDlJrMFsZ0k54F0A87tJ2Zn3WE8DQKyg2wDTNEdiPkjyVA0qXKlLZFII72hUiSHAI7q8oXVHedkUFEm3iBKLixf2oheA0Xor9M7rj1gUOnttRwJMH5AaUj2UFMmVTwXAe2BkdmsTDbpr8iWyAC777T8LFt4kOkfI28HeFJIUbZ+HESZZBonPJF3HO9pViYm1tdWmYDIyTROc8GOcPkw9lBSB+gEdE9bR8kjGcO3eCJgDKzfdfCFVz94cs6yJ+csf2X5OtmkighYbsO3RmdjlTR/Mp1ZsPQzKZ/UlImGyUM6kjRloplmmt0/dq+AnBZGRvyhqJHxir+swDCMtFpaXhGlclk9ge8YIosjoEwomuH4cb8I2EXwInY+jCdMDHZesscEUKlUgL7gCAGUMJeoFBn8ynXiWwI6RE/yDts5WRKhlpBO3agAOgl4TKFYdvpjVlYwOWoFxYmRV7w4Fa8LvwiXZ8eiXeNhM1UM6cFJouRmDzcpaGebREM0fvuu5JeSxMqkOaja4UJX4fQ0MG84C1yIRTJnIoNO+eU6Ltoo1z8tAQImlW4ImyF+VhSKihY6uXdSxJJ4TqndrayiuUefyqU1Q0WZBKIpdeY91kqZVHFsCZlIoVBCNqtsPLRRJpyHdvvgef/WJvfd2mK8KlvSjO2mG7IlPziQwkGzMU6U+U3lCwFEAoXj76ULiTIxN+rYDpUJ6wm33AAeNFSsHT9cJItXs3Iwo3o+TtnCMaw3UpnsgM5spp3nu26+vnKDkjKBRppx3ZUhC6PkB1sollZt+ErKJzVlomHykI4kTZlopplm94/dWyTSOWnCK08wTrs6coIyMd5wU5atZoAocTAszcr9yEn8htMjj4idEICAWnm/lVfjQ53D7Y9YcL6pRKvMxS1RLJaLjS/12wL4WTSRAvZ8W2e7Y6CIrlAyYOp6uxMIkFiZ4fsj5x56YfFTL63Yf+xSKJp0CkFPIMqgmoZqPWDnvOp82oamiQJKNzQUS+JsSPIjgMSy8754Ywwxor+8n2+UK1IAIwQZJl+Kd0TBQnxr0SJFFdWY9xgouaY1OhBThCtVYootUUUKE03+yFc0IV8o6e2K0TgtAQenFGq9J9L5tgpKpkyILCFjA+TfgMnRfN/VlYkJ+ez5QIPtM92UrT1F6WRLmvGTCc2QSEFmWuDIQiACz05LqUBQwcpElmYANs+jh6iSTGfvDJrrC9srEzQGOLVbVkVJHfD0I+5APcWLoohkmGieZoRdnn35XdbtX7xqy8lLNwf0trByEjbY2Migp8aInwJQZQYa+ZIJvpA4+bb0o61Xu/ukfFJTJhomD+lI0pSJZpppdv/YPQTmgr5iadwjC/RGTpJ7RwmxZCatnOhJCruDAaNoRkah4ETIj0u6aOKw4TrN6tMFHQKLHDRvIPMPUQdck1tSvEIGuGTQIalsgfcGhyzsgIUBUmvBsyWEXKpbfUaFVABE1ehKpcqidzeSeoVw1dduDjIurzcQ9QRjF2/09RrscNJhk+P9dbtlvW1hURJV6RIZgOg73MGsQk96g4i4O5qUCSrXTbtlMTMkAVQz7RMBqqzlxMgoii7weZRj/UUoaRhSBwaamuxscBJAV/GeoCxTVhp6uVgBG8W1U6BtYJ5gFGSPowMNI4VSqut0tiALupCiis8oFiox4/S48C8ZG0MWRmlfFWUyVpOFAiiT7UPXZKusLlTuULZQCmjPJkNXKDeu26GRG3SX0QdJgfnxHRohxt+LS0LRxNeHz61Yu/3JOcs/2vJNv85CKpDAHTExuDqKwtHgvKFoXCX4igClt2Zc8VSGF/yoprsTqVb4YMPJu1rKHljGuf3wJdA7bL5wref7YxflW9QhxplY2fHisFV8hNrnanXaKx+88+kuKZ/UlImGyUM6kjRloplmmt0/dg8BXIHzhMWf/yqeypCR2pZg272kFwGaxEbRDqaWOFiEwY5KVkuXTBTlchm0DdC+DluijnAcB70wKN5dvk4ZsGlznD0cAVhLsVR2B2J3dLabw1ZS6LBZe7Q0O44/gV0GTA4DznckSpRCsTx1zpJwNJHKoJy53x654AtEGCHkjyQPHLuos6KJqfPXeh6b+baMdREJIV0igxCI5gtlJXcmokxol5xhw0KTw1VunKAg4QSpRqcdKUCZ2Jscw8awOLTxflnUREtUcYS0vSlef9Bay1sQTU4giwMiowIok4YmoXRbLDIL4wdzuIKcL2amkRJW8s5SgpIyAR0oqosqBkngBoQ7ky8GQlHOE4QRLo4KI41GAvncPF8kQl2ZoJx4tLvSSpn84Oj1JOPSkUNaVcUaaaQ6aov7h8LuHZYbqVI+XsyBMcGAGDefyRXgvCraplmZvLZyw5Tpi2e8vnrQaJcF+YCCAmWidDRYTgst8gdI/6/i8Wl0OEEqw5Zufxh3JupAG+cBfSLZtgEfrN8LDwJ5FlqqF4JcvkR86lih9ZwY7PvveSsfnfm2lE9qykTD5CEdSZoy0Uwzze4fu4eAn1XprztQJaW35lKUymVfWHGiQAaOd2ayWVARsnrMvODDKki6bAJw+sIm2gUMXr3Mc4eATkCl2Wgh2qq4gTosLIrfKJYqQLmMDvdtvX3QTKM8V02SQ8kQv6fdfUZHv5HSU3womsBscPwUVVyIIxpP5fOlx2ctPXb2xubdP94eNK3Z/HUgFKeFYCyVXbZ2x+1+E+v0bf3qyFNzV4QiiS+/OlQolvp0tmQqCyyK4dSCgnL54g/HL8r8skSQAHoh0BCFAgeDhUxjwT5YGEtk4c6q+FNZgSA2Tb+MYRd/CsUhtBcVWMP4PAG5hukz0aRLPR3IGxFVpHMESysHMxFVbNBsqlUCX3WIygT0QLFYhEcskc6H4xlSH9NAe80MqhvIeiLBaCKZTGdzKAcAuulARepaq7fuxAUKipNk4moGSDsKxSa16OExlC4CzZmksvkNejTXkcdFZmKp9E/sYKlSCaZTHw+eO2UY2m3t3jp4dafhxlfmWwfovh/p/ise6zbDdbitW/XXyQwSMTJnMiYpMN9wPgnI/ZUqTxAYN/v027459tJbHz85Z/mPJ7tgpJJV6sqEEYJ8q7TgqWwBri6HM/+SlH2y3MGg+gKRuInx+JQj0OARe/ODLReu3R4w2FS+D6F5+I74E6nWTw3AYGV+7tFJ+aSmTDRMHtKRpCkTzTTT7P6xewhro6N2MJoSC4+oIBJPFVRTcknh4NwFoGPFUkniMwYIhRF/UuHKKkBCAvtx2VQru3WObA4V8uPdE55+gc0tjL/HYL+ttw1ZWDHvFiGR6ka2HLZyN4etBopPZ/PA7UZQhtvWbSD6ZMar75Pgb7gFS9dsBxkDyiSZzs1c9BEIkucXvg+86t/zVzoF367vT+YLpc+2fucPxz/4bNvzC98zO1xw+FQmN2RhxOkRQv4KxfLpyzezrbIIAFg3am2TMkHMT8bwYKEXJ+xSiaBA/dPqjT6oV+iWTuJ2CMeN1BPKieg11nyfeEkmq7aANuvtvLoyIbDjaJxQjEhHTM2xr5cSgSYwMl6XP2zjA1beb+F8ZKLPwvlhYSSWhJ4vlSvA+PGdl998XT0Hl5iEGgabko8TgboysXFueHYi0fgXpqubDFdAVyAbvvS5/lKxUhGS8VUDp2OFbKqUhyHmDEVLKMX46Ai2cDp9w2mn4w1TRhvryqSWFFg5V+9oPWdxw8LR0UyuwAv+x2a+Pf21Vd76GFNXJtCBIELkS/EzEo0nYS3nDecKqFpis8cXdDE0VaUP9x44NXXuiidmL3tizjKKVxwVJODHyvuUkk3DWabOXQ7HkfJJTZlomDykI0lTJpppptn9Y5MGcFn4EUW+DfhfUAsyHqTkdiIF0AvO0+JtpRJSKeSVns3mQJ1Il4+gWtqBRCIl52IdgKTEAYI1iX2bAQcxI+/z9tcuBTAbxo3qRRK+2Nbs2EfLRAuwC8gYO+8rYR0iP64C4EKBYwne4FNzlvx07obB7oS7OX/JpyTGAy7h+VfeJ/4wb3+0dfprq3Vmx7mrt+EWz3v701y+8PD0xf5A7NjZ6+F4Eigg6JmFS9e6feHnFyx9cdGHy9dsg5bM+c9qOOaid9efOHctkUxL+5ZxIxEVSzQkBsgXWhXOGx3V4ZRrJhoVqRi2srQ7EEmkiph9V2A1rqHe8q1/OovcgcRYfxVEEsj1rpl0DpppO47JUa/eLYN6lUkp7Lhchp0PuALxYCwViqWiyWwmW1Qvb9KsNzoESEqpyoXx04tkSZtjqSsTzhsCaeT2h08aBmWrHL5gJNPw+t8ZkvutnaH1siWiMiEB7ipTXlWsTFy+8W+PE+evPvrikqfnvdMzbC433nekTDgU9+L2+GPxJCpXWu9E+AaLSuojtcQojlmyq2bKVoI3EHGwrngyncnmVfbuN6KYH6PDreTxdeTMtWg8fePOsJRPaspEw+QhHUmaMtFMM83uE4tnWv8KdgK3PzIyMuKPJHJ59ItroBu4C/yEe0PtfbQ8gfCEfuzDkShsL3i8Xp/M7Qe9cWdcE56mCEVqVeQnuqMSnAIif6l0p/m44slMj94OzEmkjEqG66IEBky0zs75wrUX7ZNudKEI5G0EWHAuX2QFEBfpjzZ/Q4QBHHXqnGXk0NMWvvfeZztu9em7e3TBcOyhF95MZ/PhaHzPd8c+3bIHqN6JCzf/PW+53eFcvGoL8ML9Ry6CVnH5IrBlNpd/dv4yUJFT5y4zWhxm2s17QvFUBkQg3KxsY3UXbwg5I8mIciZXMFAuEuMOf1G1FhQQIu8Z6D0LAweHBiZhF6LQiN6oNOmNZvBeVH2lmaMbHHBq9+Ztu0nITYdIZvLAL23Kb8dFOHikTJRyK99bwL2A3pN2GmjaToaPujLxgdrhfXbec9tNyyg1jKVcueH1/2BYnjXhugdlWZBCVCYjJIwkrvjupDpe2b22RPCHN+46uHztDhAnMPxWrd8r+GtaaNjG2XiUzRxWnb1y64PP99jqbyLUU3KJ8AQiaJB00GNSgIBetmbbi4tWL1n95ROzlzWPMQJoiQEngus3OeTr6kAlRKcvnjp3hZRPaspEw+QhHUmaMtFMM83+6xZJVYGFTvB3tgG8UEs86g4gtZBufLs5OjqaVo5aFmHlO6IFIvwBFCvP8k6fvyFOtFhCvha+QIswVhUgQkAh/xZZAb67gZFGFeI6YTCwRTSZ7qu7DKmYjfeBeukx2ClUXsNNYnDlh5sUEikQJuVcrggHLEhmvX7uN5EPzy54d8veI7zbN+3ld+a++dEDz78BZHTnN0eSqcz011bR7sCAkWKdwvKPt89d8slTc1es+HTXv+evtNKuh6aBMims3rAPJNBTc5db7AzjQeEldlzBg0Jh5Q0TKRwuzii7rmgyg/KPsV4iokB2eAJRuGUGVHtRgOXogPUwbmJWFlWWMDlcpKZKJ/NIdlShskXhbVBQtwbNm7buutw9IFulglgijeKCnK3jmKVwekNwZ1USIt9DDNbTcImDDbRc8yU3Q12ZBKMJOyoixBmjcl8p+AYQIg2J0YaalYmXki2RKROVIByiTJxImdSuAj6AEM0XiqFo/NjZLhifNtpJVoEyYT1BeHBAscBAQo6O9dm5cKT9C5Qx7HTaUr6qA76Xfu43Tnvlg3As8cyCd+FZaHmEKs7BANfbZ5R3iAj4Stn57fFnX35Pyic1ZaJh8pCOJE2ZaKaZZv91a/HzOEGIzlom1megWxC7TlBWdVxpBs0LiUTKRtGyOBMT7bHz/om2QGfj7M5AKNbp/IY6oAeCoQjQCyDd8nVNAN52S2eTyg/R7NhTy0C5butttMufSueJzoE/JJuTEQd4yI84KZAKJ8DT5CuaQOIWypVKFfPRw6e60OdqdeGyddMWvmeinZev94ACudw9+OHGrw6e7JoyfTEn+L89egnoIDCzWDKdyuYcLq8ZVdRGjjHkSnVWzuHyl8oVG+tprpFCsni1DHAnqOLYDNAtwUiCdkOnOa14QgbvhU7RiUS0MB6djZcvhc6h2I83fwPK5LMvv+q8w4UAKuvOKWRYkiKWzJgZwTYRV7FJADqAFCGF3gCC3ov1rb0W3yLfuBnqyoTUlDQ6nM5UtDzaMIrg1gw7WOmSa00zJKBM0B3EqbrAKqOj63W13FxV7KzlCSomfa5it0lplRKQ1sD+12379sDxy7IYJ3jSg9FUNl8Ewbz16yMUJ8ADyLkDXx8600kk0hiuEE+52lfPlAHOMvuNNQuXr5v/9qfQNvQVEU00J6GGzUjkj1EhSRrIrdUbQeSXvvjqJymf1JSJhslDOpI0ZaKZZpr9100KTO9Gi+Ux0YCHkQ8qsNffCiPCOkGBMWn4AgF/IEjR41mDqyiDJ9IDyaYIZhXAXoIvCHs1V9WYNBy8x44jIuQr8AvggiQwBrYcJlXbJGak3X0Gyujg07nCKNIBkv3rgGb7w3Eb70fVSDqIoFAHCTxQyRfUIaT3Aqgb/A2E4xTv8fqDNtoJAmbF2h2Ne2BaiarUuy2sh3AyK4dSGwP/k1441ypWvi2qmI4zbpR4SmybCqA/peEKIqB/enS2zdt295tp+Tpl0C50OZ34aEHb9J1FpEwa8VRGrKVIoQk3F6lhAr2azsr5cUuoKxM4CHwPmFlfrlC6SJl/5u1gd1z0oMDDh22m6/C3y2Lusph+svTfNlJfWW9tHezaPnQNbKfu+l5T97e2OzhVl63LY2MFv1jNpkqmRJRzD1Rx/USHOyCKxo+3fJPO5G7cGYom0nMXfyzd2Ma5I4lUKpOD5dBUuCh4xAKReDZXJE5Wbm9QfXqtiv1F48qJs2QIxxKz3lhTLlfK5RF4VEFUkOOH4+lKo7yp4so20I1w/ECkdcTLwmWfgYL6bOt+LQJewz2DdCRpykQzzTT7r1s8M4Z/NSvR9BhYJFUNJ8dEK5YqkRT6oMLrRC8Ulbw0KugkbZcMhULR4/UhEVWfMAEWDD/YFlSjY2KBIsAwDA60VydxCJ0A8SQG+WOwraKxcQStn/OGs7lcZWRkGM3VNHhwAYc2OlwoMLfdy3k4FGxJoWJ5d8VoU+k8HMfGd8TdJ4oqfhGO/mKN1VxusopDimmXPxZPEWcqQpeNlMvhGq+vh2IYnP6IQi15ddh5oaWPlgxwO+AU4VYx0NFk9uawFZTJoIWRr1MGiR7psI6KhUWRM/IV9wjQ87d1VjPOO0fhcoq12STc1bKKlkpQVya5QpEoE7gWyu9zYAulU7Fc1uH3230+dyyaLhXA8qUS6wkki/lcsQifwQqlUrFSQfm/69m6pDerWp8SkZytAVU0U+qW1k88fv5GMp1lXT5fKPbv+SulG9s4IZMrRGLJxau/IINz2cfbp7++eue3xx+ftTRfKL7z6c5gOKbyVVbFWa19yt5lMvgCkQenvXHi/DX4LgW9veO7EyCcYLnQVEp1FCUZR0EmNqcf+lO2luCFVz8AzQ8XtXrjPimf1JSJhslDOpI0ZaKZZprdhxZuWgKWybb+pRQBP/N8q/fN6gA5kUpl2pHGcSBvB8pBs7zg8bG800JxRhpNUGBDrCsYbk8ERZRxQlKwtjl5OofXH6LQvIeiZw4m6ighLHEoFw0uod9ItUxaqgToNxuOZtbb+WErC4a0GT9unBDwBKJKprNyJNIDWhLozMn+ngNoFjTAF2ooRoEVZi1cxOhwh+MpoJ6wWb4xD1uHgH1BmfjCiWQqT8L9Ww63RDqnRNOz+SIoky927IMelq9TBoWViazwRUvAfRQCURs/sTRuHQIUV5+hNlsCFziAQ6vTmezNIQsaqA55yAcBGaLkQy5fgIO4fGhgN5fFJCjjDFr2xnD/Uqm8YecB8rmKKpe/D7f75WXrVIqTNKOKCrd7ZUeWQZYLuLtXD9z9/7H33k9SW+v74J+wVfvj1m7VVm1999f9YWu/N31u/Nx7MbYBZ5OjCQYMJmMy2JghG7ABg3HAmGiTTTRg4jC5s9QtqaM656gOQ8++55wZjVrdrVbPYONr66m3oEc6ko6OTs88j84bwMa+vTaWqHDR5PhgLl+MJ9I/PkI5xOD3yegpyyjW+ePDDhAP0979APRJt5lJpjP+UEQ8YTI1GDtXxvmpjbba41aNT78+9/bKbZv3fPnR4ZMwCDOXbrnx46M+7D8pa1kolsi6FsyEekJ696FT7677aPzcdZzLJ+WTmjLRMHRIZ5KmTDTTTLNfmuUKtf8iNgT8Fc/mVLmFDA3AIWwsB8Zw9mgsTtsYUsSQ5tw2B+8PBIV8vre318DUZk7VIO9iTSAPFElPU3iCPT2AtchyldZE10C1O2I1/YjUgHGhw02sx8i4TShIY9BwolsvCeeAD9UGrD2WGEZetmGDVKuodigqE63rCYqJpEB5JpJ1U8cqAAYBrwhhtt37JJXNV98v7HV4UBi6fAcGzO1HOho92WZ858xY9SVT8mWimogl03D+QvPrh8pIpnNiBmoYBLHeC9zR/S6zgjIBTfv6rNVlHEp++JsLrMsLhD5fKFWnVBYh5EvSqiNCvpDOZFe8vw8+u/kA63C/OmMlnO1RpxHUAvzb3mPp0KGAExj8s1fvHv3uGty+Pxz3hmKgHzjPoOmsTiPjkm6RGUmeJo39IPo/mkhNmLue94fENRA4uc0F37XBZAMOj/+Lk5fHz10bjibGvb0ugBdDIvGUxx+atXRLIpVOJNOgpsT2fXgFj9SAl26sh1dnvHfq0m0Yum++u75+x+Gxc9ZmsdskdEPWErRxG67p2U056wgT9L2A2xTws5DySU2ZaBg6pDNJUyaaaabZL82ajewUAbJkyMc2BJAM2sbaWLuFsubzeQttM8OHQkUtOdLSYvcreGJIEYnGEaFXpyJUgpyTD0brvfIUgRZ/BorcgQHlVUl0quELoigRE+uEAYkkU1JDayO+sI4GYueWLZi4fWHGCXKu2LCrPymApdH16+iVkQNYrtvc7/NmYjz5Oi0VgMLQJZ51Ne+2jJzKkJCT78CAh9VjQanbLA6f+vf9JLmzSmWSygpoxaZOcb2hAW6q3dCf8A0G4UG3WVwEaKhMDh07/+KkJfDNgq/X2ev3GRcq/NdjYeH7At+2Rx0GbzD63fd3vMHI2St37jxEKctA4a/Y/MmaFpRC2mC1z1j84eot+2cva4Hv1+uzVr0xe/XICYsKxeK4ueu6jdYxU5e9MWv1y9NXQCf9wfC4t9eOnbMmFIm7fCGy/ik3LE0VTKpM4MP0RR9MemcjyICR4xfNBIExkDCwP4eYJL4chd339rq8wfPX7n797VX4EbT61IXvh2NJ6KSO4q7eenjywg9iewALgpnlVZaFfXPOmtYuUzQWT2UEGNJ3Vu8kB7r8cn8wlz/Ug5OGKyTmIkiks+5AWMonNWWiYeiQziRNmWimmWa/NAsl+krY0Vv+y6sROL65giRqgMqk+IO0jbGxnMlCU5wL/oXP/kDd/KrI9wM7u8t3VAIEDbAZvc0t3zEMlPGCiaG+H5cUFisjyhLERZoJrZYhkcngJZHa9wIjYXUFqjk39NbpbaygflLA1UEgAWluON+AIodiKVzDBDSYK5UWGhwwAJCucEi00qWnGolkBji6sc58gH6yHpRcAU4VV71uQ1Z7arqHVaOIJmTjfqqHwxt42NOf883IOEH5SJ/1oDKxudz+sNRSGeTz9tK05Y+6zA/aekD8X7/XAcoE+H04mrzfbjh8/OLGnUcMZtvN+53/enMB8PhRKHYcVQjx+MPAws9d/XHEuIVXbz9MpLKzlrVs2v15JJ6Cc745ew2I59dnrurUU6OnLAOps+KDj+GWN+/54sBXZw9/cx7kUDAUJbFGIFF8oahK67JwoEzE9ZwH7fpAKFpAby6K0xdvlr6qEHOIiVv68POF2UU+wL/j566Dm7p+t+3I8Qv5fAEE1YR5689cuduHZQyoqVy+CNpG5RsQAoPV4fQG4ZCOHjNM5qyQT1blUr/fZSJz5hFeSlJAD4XWwaR8UlMmGoYO6UzSlIlmmmn2y7Roqrepv7sA2lk3RHUIAIKQTmdsrB2ECMPZzRRtNFNWhgVhIiutWI1IPJ2p8g6SAgSP1YE8bdzep9ZnoDSRBCgEv9XZoHsEDySZgimnn/PIXTvUo6EysXsC1X5KvwRlAhTNxKJqJCq74cZF7iwoUN6tkvEL+QIcUs0CZeCDUZA99YIooHf+SIIoEyDZqvo6oExULiSWcVy1Lyx/jz40oNgSgw25b+EJ1m2Rh8eIysQCM8deYal0DjTDmKnLfcHoxl1HSr1PfnjQBcqEc3rvt+vPX727/eDxTbuOeP0Rhyfw77ELs0Lhlekr4YRwyJqth1Zs/uTTo2dBmZhZVyyZAWXy7rqPYNAyufybc9aCMnlh0hJQJqOmLAXNs+KDT2AXKBM44eY9X955rC+jDHsh2qF25ZMAdAKMdnLgWw9zAzRJGedduPmgU9oSZkK1MoF5GAgPhgPtPXL6wNGzM5e1+IKRaDw5f/VOfyhKlnfgaR45+T2Mj52v+3KkJkBuUQ4vWaIs4yqc1W6BdzuM99r0ML17LJxslwxdZpTQT8onNWWiYeiQziRNmWimmWa/ZMO5udS6GJkGqpoMB8Ak7A4XSBAby4ESATUCRj4HQ+En2G1LfkwVWE9IgQ7CGXDQvN9Ey+nacBAIRoysx8DwjfuH+yB15eqx1hYVKgHUELPPQQcVKcrItx4VA5Fv/wUok0yu0INLJcp31Ac8WR1lN3Mo7YHR1rhEYDSB4jeKjeI3KOx55Q3WFQZAdsnDAkra6JoIZZRuC3WyUYq1QZAVIfnW5pEV8sQpiEgp1lFjTiqsmQDt/vFR94uTlwIXB4EBBPp2a8+dh50gP0BFuH0hUCZfnvo+FIl7A+ERYxeWSr3QEp7LqMlLu0xMDq8GjJ6ybNehk8FwdOycNW166tCx87ARzglCEcSMgw+8NG05fJ23Hfgmlky7eP/4uevXbz/042M9yrCHv0fyHivCwrmlygTGfNn7+8bOWQumM1Z4Rok5xKQboQ9S16x8oZTJCgvX7mKcXpBboHJAWEGHw7EknBAkFqqdovqxEoBS6qHsFM7SQaF1P4/LH+7FmbXFNo+6zZ8e/c5gc8UlAfc1gfJbOLxSPqkpEw1Dh3QmacpEM800++VbJIVe6DZEQ45YD3BgqbfX5wtYaBuIEKOFtjIcESS0jclms9K3pw2vAg2UE20BrwVyoKPtDU+lHmXkx4U4h5oS8tDY4eJJe2LGyje4zaIXp7eqp0z6Btm5vP7dM1cmwWgc0fEqT7OGQNIO83gKV36oF6KD1ot4VO5QvqMKZH0jWz/Mg0TqgxlUJCDuwz0kOQZqOqqhOV9C1S2CsYSOduByLqgDCg9RDYAuw7MmSavRvGLc9ZLbKsSZxJPpGYs/SODwmHPXHzzsMPhD0Xttut2fnXp95qpZy7as3Lz/9KVbsXgqlkjNX7UDTjVrWQt8SUG07D1yetPuI3BrIAV/bO3Wm23dZpRn2cJ5uky2bE7oRfV8UEEPuPcyXr0kgwlbSNpu+GLSKBtEcysSoEyA64cGVpzgnIe+Pjdj8eZX33rv4g8oEZYI4jVnqVxgBCWQlhRkFHVLOpsDVQb3+MqMlSCfQJtt/uhzIV9UyLynDOgY7w/DPZKpSzvRvxY7j38p+eBZgDKBf8VwoHoAAWm2Dyc3F9+ze/93quwIcmLT8OuGdCZpykQzzTT7j7CY2qpiTQMIjdPlsTEgQlgzZXW5eRPNgiCBH2G77FU3ClT1N5EUuBqELxoZPhge1nlkSCSSQKdMXOP4lj7sqm60oTokxICa5IZX4rChMklgDxaZ98gvQZl4sHeWmDCqKfTi5MJo2FmPiXHVEQB9QPuqY2xkKA+sbygstRVwVlywLjOnZtCe4GUxc+WUKONrpXOC3RM09+dPQ/pKnAwKD1ENXN5A60CCYJ0V1VKs11UFZZLO5E5//yOJxU+ls5FoIl8oJlIZmEVdBms4GveHIrl8kSwaSM9P6nWIPw4NKNueokSsCcblg2+fTyLDoGNZIb/70Il/j10oadhftYZyVIjVUu8TULDkTuBAh0QXwW2u2nJg/Y7P4JfPqClLdRY2FEtWe8c1BbhEOJYELUrqERGDqQI/Hjz6XQ/taOjJ5g4MT5l0nT7ZsvNky/47iXisnn29E7fZeVJ+sDJ8reSolt1nznY+NWdZBXyx++SOSw283zQoQzqTNGWimWaa/adYOFmb4sBf7nCqDHtFi6T6isXa77BliEZjNpazWLlINAayhCyShCMR4iMua4wKJjSTGakamICiQhnFYqn6/EMGpr+oRGAypUrAwaX5YFTko/Ch3it/lQCWSSHXeTnFFAEsk0Il3iuKgcD9A0V+aqPQCGVM1mVGo6xKPj449FIqQJqNA8VPnL6wfG++2N2otnoZBw8QhYOCqyp7KAKeEVlXAUJPcsHJIDvtE/xQ4JzAj1mP32B1AvUk/SQPHfks2Vw62h6IxFGKuVKvhfMoPERlwPVB7oqTqs3IokUJeacGoaBMCOgqvzK3P2xz1a0wKGBvN+WqIw2BZrLTR8o1yvcpgvMEpcrkCQp6WTZz6Ranx5+tnPZ9uBoJmOwC0ViCdvBwabCaRVf3f/ldMBKDHsJtRhOqvukNUcbTD3QRTGMQSzv2H9u+/9jKzZ/IlIkg5C9cv795z5dGqr/QJ8zGdFaQ8snmlcne8xHJVc4e7NchVtGR7Emk6+ylISiTAz/0T52u02eu1J5dTwEtp83yTb8CZGy7Lw09F8qQIZ1JmjLRTDPN/oMMVAf8xQTOgFlmXygpb1BtNd9k92Hq4HC6QYpEItH+KiVsg1w3MtfwIUD0csFpRn3wI+d053Hi4WaZkBQU10SgMwFKfCx5U55SlDRlJC2U9JioTOrdA8lPRZzXyzgsWHq/2Vyhqc4PDQbbYPFEqcHt29xBXzgejWcSyVy+iCpmAFdDIkEUAPKTVQDNxidPjPhdu8HmABkmzjpvKEYSPUnbG20u6AwJ6pB2gwgGBVPTprq9eAg8ID1t9waisugCETTyv1LlKiYDHCLWUgRr1VHKX6U+FcoEdJRsC+MOGFhvJJ6UbSfAWY/9RrbB8pQyzKyLjJt8RyNwfJCy84xrsM95HByy+9CJN2avlo2GxY4effPDjH71kXKTDb2thoBEJnfpxt0dB7459t012a4XJy/JCXnQXaSe/fmrd6Ys3LRw7W4pn2xamZzQSTdEQIGcOXv9wJ6TOyoZ/3CUSZ/97oHbP9GySezXqUywRJRv+ukhnUmaMtFMM83+swzESTxdTub6oqly9d5qS2Rq//0vFIqUlXG5ecpqszJIn8hbVGGYEfa5fAG4C/AwHeUAkUM4nNmOaudRdq8vgFIe1+6rIuAgA+NplpA9qSxmolxjEQi6V3FVgSgTYNv1boE0IBlpgeLcftDp9kd6B7i/gw/ZnEGVqa6GhjJ2lwLaXcvcgXDS6YtYXSHKEdBbeTPnpx0B1hVm3WGnN+qPphKKmdYI0jlBb0V14kF42D0BMg52HiUlg3/FZoVCCTSJOPI0LvRBlryqzcx5yF7RaLS00l+8Ura9psGuHsrBuPzReEooFJUZLTRrVpmQxlmhINajNLHuQEQpzorgqSsTkvPKMLyIKTicQtnPal9CAXwgbKlUJjC18fTu8wXDsiGlhqpM4Hy0A7mNNfWMVAImOXyFD31z/l6HUbZr4vwNcCeJVGbygk1w6ddnrU5lBCFflPLJYSmTwO3zoEACfb4bh+XuW8NRJpG7l87i9Mdw2hN7T97uNJD8Zzt2os+Prl1pOdzK429Ey84rB063Puo0nDl08hHTevYu2gvNyHIXHAtb2joNX3x88gbf21fMJOI9Lcd7EnH0a/HEzpPkivwP5/edbIVmt8+eJ/oKtrTsPrPvNNoo3gictq3T1nb3wd3Gf3SeDUCc/MwrJ9KZpCkTzTTT7NdtoTocw+50MZzd4Q2Zqbqu8FLAH2ZSm3loYJy8geGBUpC3p2W0blAGdWR1+ow0quKHDb3bNlvtetoeTyQbvnUmcOF3qM3S+nJlbi49peQm7QrElRMBPcF1VOiBd/O47rvbgN7QO0CBJDKZQrEIl+NDKLQGBEkskbx+t2PRho/GzV5x+c7jPtwfYPbAdU5fuIld3eSXGCag/xa7z+1DHFEOeVuEMq7XTgAcuqRuSQca+8NxMrDA1DO5AsWhBRNfqF/XWTge6woeNALWZbW8suoAmj7soeBsHUaGdfvlu6sAPBJ3ownvJocXFaEv1x6SGti+/9iMxR9sP/ANXMvqCsDlOk22vDp3x6euTEidEB1ll+9QjTLOm2xmG+dbq4Y3FJMqE3iwY6YuHzV56eVbj16ehrL9ShubkFudv/mL9HkCEROKBnHId1QBhtfEyd3hlEGCwcBadSiZGJzBF4zAaAQiiX2ff/vqW+8t3rAHJTrrsaBMaHjqSvnksJRJn+lmy54r+T6BN7W27PxOsmMoyqQ/zgQEw1kD2QbKZHCWUXdO6Pq95ZAQ+qqrr+IqvpZjPeRTvu3KDTSGNunySMvOS/h/s7hRVCYtO8+LzU7sRidEymRgI3xGV8LKhM/XcNf7JaE30Xb9Lq/qm/xUIJ1JmjLRTDPNfk0G/Bl4bS6Xj6TQ6gpYvfLqIEgstDWTzVJWVe+GwmHk4S3fqg7BKApPhz/5mUzdohbwhz4aT4J6AWo4wPLRId1mlmadQr5QGkgiJEUR52vqaZ6Nwal66P6X3GCPeizyFhKYmAYUhygTIMFOfxRkFWgSE+OWRjUQIz8CZQ9Fkxt2Hokl0k8w4fYHI2BA012+8IhxC4ulUiqbox1+uGUL51EWRSpBUu6qJM3DBNxRMpUlCyMgh+BfkkyW9SANCSNQqBVFoAb9VJ52GmwO+b4qBKO4/kmj4HspnDzqYfU0q4dUOvOHkRN+/9y4VCYHdwcPS96iPmCUwpFYTihIc1JJ0awyIdrAJlm1aBYk+Krh1xxkKvb3w9pyQAf6wjGsi/oVPuzZvOeLTFaY+972L09dliXSIIFJ6sdZBInkiSeVfC8JoG/Nep86fSHyPe0wMdJfQQ4+CGrk4LHzcFOpdPbtldsuXr8/e3nLZ8cvSvnk8JTJE9tANDzdcrhVsmMoymT36fa2TgM78D6gDysQ8XPi/iWsNxBQuMueO30VosI3qEN0N1HLeNegexhqeQb/X1OZ3BSbwRUT/cqkf6OoTCLdd+CmHnFKy9DPFonumzv2XpFv/SkhnUmaMtFMM81+NSZbHsGvpOuSDBAkNoYDdsFwdjUUIZlKN6Qs9WBmkJOPjnbId1TB6Q0D7fAGwgaaMwx4fFmwx5eVRZHKgiCInYVue/2ITERjgzXaVAJOIlUmD7qHpUzKWJmIr9uROBQK8VTGG4rYkHBy9KACIChPFFzL5gokUtmZSzbHk8DcCjlUJm/F8xMWOd3eh+2GEWMX+kMxeHDxZBY+TF6wSVrnYcgA6gyXri4t99PBG4yR+6VRFctAGeVkI/Xjm6DvMrTq0JoJTIauRoXw+gaUCe1oQpnwgQgcIgbJKAPuyO31n7r4w79em3Xjx0eJdLapYCE4HASb0epw+2uXCWLc8ry9ysoEiLUs0qNZ0FxjwQA7XYGYCZ6sw8d4QnZvBL6ViUTSH45LlQmc5M3Za7YfOD7pnY1vzFotGxmDDf1CUL5QTVB2L+X05QR5SH01epG7ZoOvrQyiMiGGfEQZt93jT2WERCrzzuodNOf56PCpQ99cgttZu/XAovUfSflk08oErWnclnQxyR04dOnE1f71ir5+Wi937moMaZzJAKTKpM6aSX1lMtw1E7kyISi5W3dcUPVW7GcGyJIbTINyNk8d0pmkKRPNNNPsV2AlFBbf3J95FAJO2ziHk6Tkgn8KhYLCOYA7hSNDecllZJHnhjcYUe5hIBQ1MHw4Pvg2tIzTMaUzWbsn2G1m0YLDwMoDaACyNIFCflW4dtREp9EmshD4LN89gGKpN5VpwIRkyqQmjIzHxLqAMMEJ4d9X33pPEPLZbCGZzF68+uPFG/c++uzM5o++fHnaMqfHP2ryEmCrL09fsXTdtmLpKTh3wfjTTSYJGA7KiH16Yc6k0oIO1xwkr8mBUyoMUUMYcJA9WKveKt9XBSIzbJXZaZUB9BqNUn0FDp33R+KeQASU3n+/MuOF8XN70QJC6b9enOzxh00qVnJEdOrNf395+qT5609dvDV3+fvjZq8Ud8EJ9RTHufvD0KE/pEvKyoTi3LK8vU0BS0dPl1ltNt7yAHqRs19vKJaQKROD2eYNhEORGNB62SsSrEx8uXxzK3hwThqH8ch31ALMPZuruTh+UZnc7zITZy1xF/y47ZOvvP4Q3It0u5RPDkWZtByqWB6R4czuIWYNbqBMntiIGunDjlWH7yIfU0Vl0tuym6gRfOwX7fiTs+Vkv6uYqEwOYzVCQJZWFJRJxYV+Qej9mVdLCKQzSVMmmmmm2a/AhgDEsQJB2sa4PTyNK77TNtbnD5Tq8GBob3UNxjGrBPA2sx3FXcg4MVyitzJRL1CuUCwl1HobCpcG1QRE08LxRpuLOKmTQFgaxTAMkYo91g8mU2o31Ga6cOlANCmrkFiNsgplYkLx3P2kCpq9NHUZ5nV9D1o7V314YOWH+0+dv7Hs/Y9nL9+aE4qvzFiZLxRHjn93zdaDVs6tsPalEi7Mup6KY5gaAJNjXOiVP9xgJidY8JPS0U6F8VED4mMD9hhHAijD6UW3bHM2oUzIMktNZYJvJM+6fb5QLCsUrt9tn7tyCwgSysYBh92048A/Xpm1+9AJ+WG1QIZg/xen/vHyDCPFnr506/TFm38eNUVsAPoNZsKarQfIj1v3H9tz5AwMHSgT0PkRnEehGqjWIeOO1dnbEKQAYrMFFkUMRLkMrmURxVIolqwObyabk67X4QLqvmyTi4FEmShnoBYBU706rYVycnCpMpHtgkvXjP6S8snmlElGd1OMBmlgu4n3lGo0VCYwEAHDjt0VaYsVlQnMjsC+Pagz+44/GGjWd+P4d0Q1icoEHvqJI2dg446PL5FFh5rKpL/NoWcgABojM/Ql3eFAOpM0ZaKZZpr9p1s4WYNIqQRZOQF9YmO4eCJhd7hAn6AfWXsgiJJlSRtXO74ro4zzQVnsvurwBuANgVAM+Er/j4h1BWVF8RQA1I34ccH5VR5SjUc9FlGZyFJ7lXEKKU8gSnF+g9Wr5gqENCt0RqZMFqzdRT5v23Pw+Lmbqz/8pFNneXP26s27D4MOGTFuwfKNu/QUJ+SLr761kmRVrn/uxqAd3uGMVVPICnkTW1GtAvpvxIE3pcp4g2bhDUXJ8yIxyspg3SgtmNsvp6cKiCdR0Ly0mAYMWCiaMLMuknrLzgfhiXx35cc/jJwAH0AGwIfpi96HgU2ms2WcNiCXR6EjoVjC4w9zfMjq4Gk7D98COAmYgUG10v3h+MGjZ/82ZprZaj9z6da8FR+OeGMOCB6bk/cEwpFYcsbizaOngHbtC4RjL05aCkoVnVko5oQCofgkwGOw6319equDcQ1W82RdPmiMQkHUyVG3P4xU2VBX1WTKBPo2Zuryf49dOGLcu9MXb565bMvHn58WG9tcAcrhr7f4Uw9ldcqkf3yelEOxJIytN9BfY4csVCp8BRSUST1I+WRzykSDBimkM0lTJpppptmvwCKpGn9ue5+U4Y90LI3YlTIKxWIwGAY1wnDIBEFIp9PEy4sFseL2JJMp+IveVEQpkDMSKJKuH/UeCEWzOSROaGcACFR1aTkF5AsopBv4onyHalisjKhMgMLCcPkjSTMLasdncwWBBWKPDvlR9dBQmQCjqllfHK4RiyfiyTTQ4gWrtu0/irIA3bjz+PmJi4EmZrP50ZOXZnPCK9NXTHln3YNutZxJhnpX/ylgZn3ZnPx1ONwLWVayNl8rQ0QskSbj3KmiDDyFMhG7I/Em1hBSGYHG0TjwUHK5AnYXRJdD+aBoBwjsVCYXjiXhXuau2Lxg9XYQJw6379Vpi/2hGEhrcTo1NJs7ADqEdfJ/GTXlj89PXPn+7nA06Q2hUA2ry8/7I2/MWr14w55kOjf5nY2b93715uw1bt4PcmXee9tAvkIPYXrAxjkrti3ZuPetJR/uOPBNOpfvsbBmBuVggv7/e+yC/V+d3bb/2GszV5G7gxGbu3JbxQ1LAGOlJhKsHqqUSd+DTlMmJ+TyxepyPQ5vEBqDPpNubAiVymTaux/0ITFcymSFOw879Sbrt5dvWWgWuvTqDKRM9n52cvzcddv2f4NSNWRyvlAUjPP4eyiOPB1NmWj4uSGdSZoy0UwzzX4dlh4oJl7GLDAjoID4EN4FH1LZJ5k82l6PzsEf7EAwRJQJmNPlSaZSvM9P21gchcLw3gbMWwpoBQSCQiU+lDKQQm9MnC+XL5BswnZvE0wlnSY5YYeuTGz2wQh46CplD4AgCUSSwD7rDlN9EApLnNN7UUnpUj5fSmUFIJfRZBbMyHiUtQEcWSgU8/ni1TuPg9HEpAUbQZDYnZ5J89fB9hv3Olr2HQUyWsbpvOQHNwJcXUfXzk77dJHN5X3hZM2HTkoxQk+G7JwGg0nGuYd21LyEFBY7KuhO0oKpRC6fh5ODRLS5fEY8gSmcS80fiWcyuVxOGD1pAdiZizcpxvmHkROAjgPtftxthru2VskPcjieWihfNpwHDH3DcudGAACAAElEQVQv8MR7gst99BipyzcfpDLZUqnXF4rxgYjLF/L4Q2OmLr9597HTG3ztrffWbP107NtrY4mUkba3dpn+PXahkC+AMjl75ceXpi1/YdKStVs/HTN1GfQERMhnxy9kcqh46YixC02Ms1gsidqMrGOIn+1uX0ASOWax+4ZTP77am6uMAN8Lf3XyMSdWJg6+Oc+xmsrEi5LaVcyE1VsPgibZceBYy76vHrbrVn7w8aR3NqI8v71P4PZzQgHE3onzN0dPWQZzw8yi4BwTKo/Dg5EHpykTDT83pDNJUyaaaabZb9AUAifKKOUraJKAhbZity4ukUimMzm3x0v8vkC3ePgGblecA3NQlldu1oddLHRWj9sXygl5WeSJMvzEsaeZPK0yJJIpKYkMx4eVjsXEIloDtwOkMJ7KpTJCOlcQCkUBVbh/AgaMqql30sC39hw6sevAMaCZoyYvOfDVmTdmrXpj1mp/MDJt0eYOvaoqNCIsdq+rSSI4BECXjIzSwpqOcqDsBdYhBpzkiyUyzgZb49gbGPAeyq4cWkCANWEpHE+bBqolUqhgvMvli8CDE9v86/VZwUhi4dqdvx8x7kG7/n5b9z9eeYvshYcFciCZzgJBB4MPMJ/h0gpXn/7uxt8/N37srOXf//AAvzIYHBAr6yTy49W33mvTUdMXfQBk+ty1e5+fuHjo2Pl/vbkAzr665SC0BKq95/Mz8HWGBpzLu+PAcdAnjDsAHfj3mwtmLd2ydtuhXL645eNjI8cvemvpFuIhhpVzYcPOz8SwrkwOLRaBvhL70CyqlQkBbR90YhQBAgwa25xNpE3rw8kGI4m0kXHBYC17/2MyYovWfwTdBl23dOPemUu3tHYZz1+7d7dV9/bKbeFY0ubgz125E0tmFm3Yk85kQZ/ozLap736weOPeN2avtnBuxuVF/7oDnCdosKFUDZoy0fAMIJ1JmjLRTDPNfpsWSfVlFatdYQbTGwyGzRRIFBYEiZVhc7lcJpMFiUIi5lmXNx5PyFim049yIpls6H2tdHs9AKsw2/0Ghm+Kqzp5VNiOkcQ3+wIRI+sFM3M+ly8cDkdlhE8G4l8kihM15dsUQMp3EGUi1Eo6RF7h1+1NfQDrHTNl6YlzN4BRJVOZl6Yu9wYigTBKeaTSVYkEN5MK9MOHmfXXtwbVMMrIdY1QWId8nzroccJZXKuxwewyMR64Sr0JgDx5UlkW+Ch22SKVK0iNyHA0VZmZqS8nFODneSu3Hvz6XFuPKRJP/mHkBJPVoXyzCigUCnOXbw6G4x5faMmGj/46emqXmRH3+sKxr7+7BlecshBFsIA++XDfVzfvd7y15MOXpq0AZeL0Bj8/9T20BKVx8dpd+ECx7tfeWoVSn+GJDfx796ffpDNCJJGCH6EZ3EIqk1u0fs/5q7c37DwyY/Hm5ycsBq7foadA5Ny63wkNxA4MAfWVCW+uyqaFQ3fctIolGvExgMZ7cdKSnFBkHDw8nZHj350wb72Nc9udnkPHLuz7/AzokHA08cLEJR5/+N9jF8AtX7hxH1T94WPnYaqADEsk06OnLPWHogvW7ILvjtlql/2C0uJMNDwzSGeSpkw000yz37KJr4T7sBSpdhMCZiAI+VA4CrIEixPO7nAlkymfH+X1IubhvfmBNDvorTnmjslMrh4prAaIEz3T3AtUDucp8gVRxkuCMq4rD8LJH0mCMkEJhVmv3R3whRNA6KtlEuoqfgFPrMM0SA2HAFGZgAwQhJrKhDcyHtVDUoHLPzxcsmnfN+duCvnCmKnLgW8B2dqy58i4OWtC4cERqIdcvgCsMdWMX1M9AEF0+6KprFDP5AdUAQ07ziAsVOVFUAOSgxgkRLrRC34Uc8+6qychTJJwPMU4fUabm5RYobDbITwdUrFeWhYQDn7cY9772UkHj5YUXp66OIsW957896sz9eba+dzUACTBpl2HQDnkCyU47d3W7nxxcDSgzyQwg/SEZl0OPgDKYeehk2cu39m0+wvO7T9/4yHsemX6yvttqGBfJJZ8bvwicR3p9sMuaEkOh1OBDoELBSOJvUdOj5+7Lp7K3LzX8cLExfCleGXGyvd3H3lj1up0VkDprKuGSyXqKxMPVRU/FoolLJzb0qgIZiSW6Db0pzrAaSEWwiC4fCgzBwiPuSu3wX2ByJm1rCWdye397NScFVtBk2RzwqjJS9dvP/zG7NUw5/d8dgrGYdOuIyDl4bsDtzh+7no4ZNI7G2V1USiuf8VMUyYafm5IZ5KmTDTTTLPfuEVTZemPslhVGZKplIf3YUcv1sbaI5FoOpNxOF2gWECioOooLOJ2wXDTlU8yWcEbisu31oeJcekpLjuQ3UsBwGMyOcETiDDuoIx2PZSk52oz1C1pogak1AZIrHrKhHWhEItqoqweIEiOn73xuMcCfHbW0i0L1+4CPjpmytKGp4wl0jLCPWR4AvEhLxSIgDlGDzWvWoe5P0w5FGuQ2QlUB+jSMr4GXNHpC+MwDzcpS49oNO0AfhxLDpYQtTlxsJDkBqOxxKT56xav3/WHkRNABK7Zsvdfr8/+65hpHl8TKb+qceT4+d+NGPeX0dPWtnySSqt1I/RH4r5wrFTrGxqOxr88dVn8sUNPr9py4M05a4CLJ1IZtFYQCG8/eNzp9gGnhyl67LtrL09f8ajDMHH+hk+/Pr9p9+esy8e4A2acNsDEuii7x+MPZ/NosUjNU6qnTGxOpP1kGxPprIHhzbVcMRet37Ns0z7yGR5EHnfAzDjfnL3mhUlLEqlsNJ6Cw6cv3gyz2uH2T35nI9yRjXN9dvwifPtAkwSjiZETFoHEAlnicHtBupRx+FPldWrAxDg1ZaLh2UA6kzRloplmmmkmtXxBycWrDxP9bE5g7Q4QJ5SVAYtEY4FgyGxlaYa12d2WWi+qGwIOMTSzbGJEUQSohr18Rx2UcVFt0CfSvgEFEZVJz/CqbUiVSXVmqj68yKNc8EQNCsXikydlIJTrWg5cuHp3xaaPFq/b3TDiIpnO+kLxYV6awMioyqGsDKJMgLCq4YsydJhY8ry8wQZ1bGC0HZ5gLl/0hWI9lEMsSA8fgHlzbpSDSzYmOEh9MGcDzK4Xx82xewK+UHTequ1zV271BiKzl76/fusnwxlMOPTvL8+ct+KDKe+sAX3yj1dmJlKDBUYVAGoB1FSuqgxICceZeAfWD5E2zhdRQc/eJ0aaAyWz/INPXpu5CkRIOJp4feYqUBHrdx6BD3dbe7btP7big0/mLG9x+0KUgzdjfzZiFg5dzsTydh7YfkrIKz2sppQJ/AIx2FAOZdl2wMZdR54b/y4ML1mGnbHkw5yQn/fejiu3H89cuiUQRsVkIonMrk9PWGwO+Dx7ecvI8YtAQIIGW7ft0Lptn8J2zoMqL5UlzmBqoCkTDc8M0pmkKRPNNNNMM6mlc2r/lmOJkotEozSDvLxoG8P7/HaHC4egMLmc0BQtAAiFosvf2DeJANVb5Jp2jgKyRjn8qHgidu4C0inyMDPHV9ddUQ9RmQARjKdQaQsZSKbUZsekJoLR+Ltrd3176caoyUvTGcFglSfdunrr0UvTlmdyyLcKdMu3l27+2Noja0Ngd3mVV8lksDmfQhi9uGZiZEAqNrFQBnhssJLnxXlQ9uEyduGDewS+nkhl/eG4gw9ynqAF57+icBwRPHG4Fu3wh2KJTJ1p2fvkiRU3Jj5vcMJwLAEEeuLc1Wu2fJITCplc/s2Zy748eUF+ZPOAk//z9bkgHvKFUjoreLxqC5jWUyZwR9IaLKReZHUZkzIG6LET528ePXPlo0Mn4GYnL9h45MSlTbs+I8NCGsB2PhhhXWT9BCWtwiOJ4nDwU3NZXX5PIAyKF76zxAGsnjLx+MN42qPPIDa2Hzz+1ekrMIGTmRw7UOS+D1+XhE4FQtHRU5Yuf//j12etgpOPmbrsyPELoFVgnj/usVy5/RA2wvyBR7No/Ufk6e8+fAq+dPDVlg7CEKApEw3PDNKZpCkTzTTTTDOp1SyNogaZTJbh7KgKih3FmZCI+bzie9ZqALNUGYlLO3z+YGRofRWEvDcYZdxBkCKiMgFrtsCCFDoKxT+Q1/A1uT4fQIkBhuzHT4BfAxMre3zBxx2GYDQJfDEST0XjqYwggBUKJSB/I8YubNl3FA45evryiHELP/vmUh/mxCJhxTS1b/rizTJvewXAAVaHN1zfjcrMuK7ceSzfWgWiTGK4rKHyOtLA/aIhhVsLRZOPdRR5WD2UA/NmFMYA2kN8iBQOZAehCA1IUIq16p19NUhGY7g78mMinbl08+E/Xp5WKpX+MmbGqQs3cAgG4sGVxw0F8UTqD8+N/+ers6a+s/pBW7f0nHAJkArks8sblI0MSIKaykQGEDAwLPKt9ZFMw3eugacfCIlAOOr2BvVWRw9lJ1FVxMx2lFhZj5Msd5hs8CVCxSLjySzKXdzrxsqETPseC3fqws1MNvfipCX7Pj8Nu09d/MHGoVxbJ8/dOHXh1tsrtoI4eW/LgWAkzjq9J87f2LT7i7Fz1p6/dvfg0e8++ersG7NWJ/H6UnlgUQWQygp2Pjj8R6MpEw3PDNKZpCkTzTTTTDOpherSzsboffKEtnto7KwPJI/hHBRtK0pCexuit7eXdfkb+mgBv6aGl2wKmBLnCTk8ARJ1QIxxKWW8VQYhwQoJo/qVSSPPq2oAJxZwjb9YIg0KxBOI2FwowUAmm0+ksjR2vzEyaP1Bb3WCefzR/V+eHTV5yVuLN2dzhRmLNy94b8uXp75PZbJb9n517cfHCVw302y1B0PROSu2igxPGdBzmnU9N+7dUZPerRcakUxlWLs8EVM1iDKBE5pxxLmvyi+rWCqlc/lkOhuOJuyegJlzd1vscGsoSF2STo3GOgRYMn6R74a9tINnXT43Wh1JF0qlQCRusLpApcjOLwPJXca4A4k0qgrqC4Rh3MD+MmoyjNLtB+3/fG32g3aD/LChAgb/1v32iXPf++uY6b9/btzJc9fEXUCvR01eSj7PWtYiezQkD3K+/hwj6KbsoGHkW+sAvggwi0AlKuhDQCyZxaobdR6Giw9GcNItF0ozIHEAo5HU9IAZWC98I6C3PRQHupHzBAPRRLuePnnhJvyWGPv22rXbPj154Yd5q3aMnrJMyBeWv78vnckxLl+xWDp07LyTD8KsWLvt0NFvr748bQXIFRAzs5ZvBYlSHVoGnaccXk2ZaPgPhnQmacpEM80000xmWaG3jIse5ArljICqNIKFk/2lG0n1xiAKnX9SQMWyK37BAnFp09PWgSKGZpvdxnLBkKq1CHIqYKUFBCU9A4wNuE6xKk6gWcA96qxohYdYu3HoQfAKyoTwuWA0TqMw9F6SWTiTQ7oiGE14g1G3L2TnA4wLsTqcJAqRbCDcFrsXLwhUGNloggash0JtPHAgPhZ9BgtHk1v2ff3m7DWvTl/hC8ZWbTlwt7Xnyu1W4NahaGLee9uA4XXqLC0fHb5w7e7y9z/OFwqvTF/+1envZ7y7MZXOvrV0y9srt4+Zuuz9PV/OWPT+yXPXyXLB6Yu3xkxdCiMPCmfG4g9BVxw6dgG2z1m5LRpPjp+3ftyc94KRGFBJu9O9bNO+Ret2n8DHpjICuVMQDPDUoKtEkICcEGM/qm9Ter9mlkfDYnNZseKlsDiBIcoKBZzeV2kWgLwBZuwNKHkJpjMCmC8QhaGAE/519BSQQ0K+GE+k//TCxHgi+eOj7qeS2YwABnnLnsOffH7qxt02IOUgn1g3qhkKvDxfKL40DRVDhFt67a334FsQjMRRvAgWtOF4Sk/bFW62Dx9o4nirJJu2MuB+gdY3zEbA4FwC8q0YZewA1m3hjKzHavc4vfCIffB0TCwqK4nWtTgvPGhQiyfP35wwb/3CtbtWbTkIs6i104An1XIQtC0ff213+2HMdx86EU/Cj0ezufw7q3fEEqnHXcZ6lyZIZ1ExliFofhlaB5bjNGWi4eeGdCZpykQzzTTTbJhWDV8gZEWLJ1icAE9iWOWVk3Qm+/y4ub8fMW7R2u3AQqKJ1Pi335M3GgA0eNTWBSfUGy1/HjUV2OS3l28dP3NR3k4dusx2UsWCxp5FKFzEzpO6ECLKg25F6OoEWSGfEYRoPBWMpoBzd5oYdAbg3HYeCQb8Ip+8yycfiAMMYdXVZkE5kfoXPbotdjPn5twBPhgB8/ijyQzwtAIp24eDkhv46oDeeHPO2gdtuknz1gBvO3P5TluXYeaSzQ/b9S9OWjJzWcvUhRtwMrTYtgPHS6Xe7Z8cXbRhz4hxC21O76szVsKlJs3fkAAyLhRHT1mGY47TwCbfnLMGVZAE5YpZ4OzlW7O5ApwwFI2/NmsVNIcPh46enbNi6/jZK3+41wHHwqncAVwTc+A2ofPiPdr5IB+KkOqExCLxFFoDYVzwCICmVzNS2NJh7g+Crw6wqQmgyJTdV++duiAUT1289fvnxk+dvwr+Xb1lXySe/NPzExe+9yEogr+/NP3HR53yY4aHP4+a8rDDcOriD5Pnr135wV4QJ6Aluik7yCGnNwTUHAYNhCsMbCSWeGX6yrdXbnth0pINO49s3HWElMohM1B+XgyQMTAyvKISkwJEBRpJpsGyknJ2CrKGyfH97mfwL0wtaQPQoqFYatPuz2Eif/v9nTsPO2EKbT/wTSgc+/iLb/3BSDqTGzV56cvTV5AYLW8oKuRriPyaID6ZwwkSI9CUiYZnBulM0pSJZpppptkwrZoiAVOxMpzV0S9OaIbz+f3VzQhygrBo3c55Kz+8cechkLZcTkDKZE5dZVIslv4wcgIok3Q6s2H7p8DX9x05efbSdXk7deBcXmlVE2I6yhEIx0APJNPZWCIN8gMItIMP2t0BM+cyMi4g1qAQiH8RmKht6hl5/Y+zQhG/IyRXQL3QDmSgB0DbRGKpdDYHamdA+yAWDgROFnjTQ9kNtga+OovWfTR+7jpvIPz8BFTj4qtvr3XoLKMmvgs0dMzU5Us37lu39SBcjHXwuw6dAtHz5uxVNOcBZQLM+KWpy4ulXlAmyWQmk80jZZIrIFq5E1W9AGUCcoUok6mLPoBdQChj8eSUd9an0jmvP7xp15Fpiz4YOWHRgnW7F2/cKxRKTl8YRgDEhs2BbtMXjqdxGLp4j/3CDxvoBxhMu1dpka3daCMD/rCHqjeppHD7UQeydcJpkqnM316aYaA4mFdXb7f+/rlxwJ5fm7bwdyPGXbv1YOzMZfU0wNAAQ/fcm3Pgmaaz+Vgi9cL4eX2Yypd6nwSjyQftuu++vw3KBBrAyLs8/q9OXwHFMmrKsoNHz42ds0bA/l16M8MHag9RsYSUBogr+Y46EDCtNzJKGg+6BwMu3yoBTBg4iZjM4Em5HIhWdMBi50Fer9n6aTYnuL0BkCjQz12HTpy/fm/i/PUnL94CeWyxsjqKI6ONPLsk8fHKIOJqaOVxpNCUiYZnBulM0pSJZpppptkwrebb6FgiSdtYsw35OIHZOKeRYlp7KJnx/vAnnx370wsTM5kM0Kkzl3+gGAd8eH78/H++NvNvY6aS7KfT393wj5enT5q3xuHi//36zP/577FrP9xz5Yf7/3h5RqlUmjJ/dSAULeMA5ZrR5wpIpjOP9bSoH0AkABFEEQuVLkbIpwg5pfD4jT7yuQLD3lM84/I7vEGnN8gHImDBaCKWzCZT2UxWyOXzyBEHx533ux01Q3OhbSKdK0oyDmGOyDNOJdIGF4NLZ3DRw0gsCYe4vMFUJmezu3ccPLHz05MHj10sFIqvzVi2ZP3Ob85eB2L38rTl67YdHDl+ERBEkC5w4Ng5a+EznIr8CHjYYRgzdVk+X/B4A0s3fAS7Xn9rJRDlFycvTSTTb6FafsV4Mg3K5NzVe9Dy+1uPVm7cAQcWSiUYwCQO4WgI8so/USeOhQBYe6sOPTKL3VfTfU6GMqrt6KmONglHk05/zMo4YfoFglFQaOmscOnG/RfGvQ2zyMq5Dn/9bcOQp2YBY/qX0VP8IPUyOZh7r0xbJN2byeTmrtxmc/BX7zzesOOzvZ+dBoH8oF0/asrSTC7/3uaPoZPRWOL2o+4te78KReLzV+2416ZDwmZgkoSjCavLX7PmSU2QPAQwt+U7JIDZ6w7IY4GkQBmxHT7RnwpEQlpScxO6B5cAQeoNRsjX8/i5G516Cs1MX7C6PA5Me5gwBqtDtr0eiBgjMULDgaZMNDwzSGeSpkw000wzzYZpmTqFv0FU2FhOrBliGwg+kVooHG356NO/jJpcKBTgx1wuB1wwHEu8On1JsVgcPXF+OpMFBtNttOYE4ffPjf/7S9OAVf9uxFhotm3/sd+NGAfM5vfPTQCKPGPRhj+MnAC2butB0Dlm1uXy8AXkEaQkBmBv14B3EFibnjYyqJ8GmxMYMJCep1KgsB7g5GbOb2L9lN1vcwZZd9jpjXpDiUgiE09lc0LRHYhJqVsJE3dgeZJzyOELR4HY6WmHfEcl4MYF5CAm54Xk3bMHJYZCbVo7jWQ78M5YIr1h+6cHjp4jQ3q/Tff1uZuPOgxAi612dy/K3PokjF+cQwMQMGTgYRihP1l1KdeAr9N1wnWkIDlqoWWrvr9GuDKgPTSWuhhBr0jyg3yhdPX2wz+9MPnU+ZvQyWQ699fRUyWHPmXAyLAOzx9Gjv/9iHGgiEBmyBokUpk7D7sfd5uh5SszVsKw7//q3KtvvQc/vjxthS8YHTdnzfu7P4dd0XjypWkrvjh95YuTl49+d33l5v1lVFQ0Tzy+VMIbxL52diVnLRQWJVEa1TAxLgMz6GEYT2WksfvE1wuUvPI3UUQer4GoD+wh3lz11sTUQ1MmGp4ZpDNJUyaaaaaZZsO0tFCXcFgZlrKxYpS51SH3eiLK5L9enATKxOkNFVElwSfEmws+vzT5HaJMDh47+49XZ/9//3pTqkyWb9gJH4AWgz4Bir9p52fb9x8NBsN/GzMVzkY5/N0W7n63xe0Lim9za8LND/aKRIOAOJGuVPykALYmCEXQIQEUrxIHZQL6xOoIgmIxMl69lZcmGSCOK9Gk0pIC40JuYw1T5cKprE5/pk6tQ5FEih9ghAXsxyUOZhktUqGlINhY6813/4GZnADEVGUy6Eh/ufoGgw8PnRSQadNb5ftqATpDoWobdqHQ3w3g4jSOwvf4wjAIfx415R8vTwf+DZeG+VN59FMDDAljR3VILYzzm7PXeoxo3UDeBlRTvgjqAvZEonH49/OTl95dtxt2jZm6/Py1uyPGLkSriIs+yAn5l6cjZQK6JZPNvbVkMwjNs1fvGm0O2TkV4MGubrRdKXIpmaldBIaAjC3NDS5JhWIp6aINScWmt6pSJtAmEEnACatnVD2AmFQzZxpCUyYanhmkM0lTJppppplmw7RYui7hADprZbiOgep4JPKEAkJpZCjW6eAD0UT65r32v4yaAgoEpMj8VS1dBjoST4IyyefzL016J5XOeHzBf742G37sXzMp9iuTOUs3/fH5SUK+ANuLxdK4OSv/+5UZE+eu/utopEw4PkQuChIFWFGHiTXQLEmYK+tkCZVfHAxMV/9y92cG9CocxaStvotRGeeWBWu47AC8FvG5Yt1TyeAPJy1c7ZqAZtavsCSCs2P5VC49EaKsrCQJOvFKF5y5nriSgXOjh6unnfBsSQbnbou908zBGbyhRDyR3rL3i3Gzlo14Y3YwpOS5NGRcvf3wL6OnvjJtCUigYCS+acenL4x/pyb/JrOxehIiv8beJxdv3J+/asdIHEEEyuT1Wauv3nkEUg0+rNt++LWZq6Lx5LRFH0yYt/7QsbPise16eunGPdXn5DwoI5xyJZ9ECq3gybcOAL650Fvpooqr0vUrhhesQAS6AzEj63XwITghTm8g70wfvkcLyjintIYjA5bifM2zNYVHPf3KREfb5fvqQMonNWWiYeiQziRNmWimmWaayYy3+thvL+vfWaibN9+w/D13JxWMlKqbiaZQAgW9HqZt7bp+hy5svh6rOxyJiUsBQFxenbbom9MXA+Hon0dNRjma4v0R8C9NXgDKxBcIItf8YOR3I8aBMgGOCx+iscTMxRtHjpsbCkf/+PzETDYHu+61dnX2GEa8PksQBJurYnEGzMjy97pMPPIyqiAxJOpabNZDqeUlPzNgxFg+DF2Vp2qWoIxjKihoU4vyShFJIr7YsJkIjz9mc9VVJgrxx7FkWr0ycXiDdC1SXg27Z0BJWp1q2oOgpXFyMJQqmnbAhwfdZj1ezUNrR9l8IBz/48gJsxdvrKkWho/RkxePGDsfNAnoE/jwXy9Oeu6N2TXHv54yIYDtoMa37T8GH0Ci/HvsgmwuD8oQNMlL05afunAd7tRodZy+dOvFSUugTSKZzucL7+/+fPSUpdXnhGcK34tgVO5UJgV8Qej6S3CsJ0CjKu+DZ7Z7KuaJNxSFBhSHFotKvU/sfMjEekGi+MKxYqlX1qV8sYTrNiqt4cjQZWZx1mP59mahKRMNzwzSmaQpE80000wz0UCEdE2cWNO6p00PhPLVhxDLCL3kQ6iK4eTyBRtnJ3/yuywcw9mr2RiwkwetnV+e+j6TQa9mi8VSe6cOPvToTGR9oKPbcPzs9db27raOHmj84+OeG/fav7t866vT3z/uMh784mROyP/5xclfnrzw9ootr01fQs6ps7o6zPZOi11aI5xGwQnWaAJVkhbRNhAED/ZYpyp04edHvlDqNnNGxQSvJZwlSTkQhcDjj5g5JZEjA+sJh2K1S1tauLq17WFrJJ6k6vNaGSx2HpRVNYGuBtBlHY1K4+koB6/4yl+EnnZAT7otaJ1EDH+iJXVsApG4mktXAzqTygouPqig0P42ZurFq7fTufzbK7fqTDRxhJM3wh5fFMq40HgQjDQ3ZuryG/dQUmNQUyPGLqRZJ+iukeMXfXb84ugpyybMXfewQz9/1c6Vmz8ZNXnp/Xa9/BTo2blBp2UbVduMJNLxZMVXRgQqV8JWJIuz2CseN2VH9TFleYT78J3C3GA8Ib2Nt7r88VQWOm9zwr0jkzVWgN7qNLNKXwqV0JSJhmcG6UzSlIlmmmmmGTHbZ0erBYnMvDZ/9YEyqyZUTo+XRJgYWd5MWbPZup4hapAvFH3hmJiMSEQimTKYKKPZeubybbKl28wasWtWLJ5gXd7HeqsBJ90C6zAy0pRinYZ+UoI6ybgV3KWeIYA3o7ooisVMonEUp1FQsUBhZFwN6+tJYWJ8hVquX3AGp19OOkXA2flQRDnnrBS4zLlDvrUORIcueLJqbgSIr4XF0SkGG3nWWKiwao6VAQ7JZHN8CD0RINZgnCcIys3A8Dob7/KGqhde/jBywosTF8xb8cGfXpj07fd3rJwrGK5RdaSMwzbUKBO9hSlinz241ulLtz7c8yU8ICFffHP2mq+/vTpi3LvX7raNe3tdLl/0BiLrth2CD7FkWnZanAK7P1evMmqqBdRbp59xVUqRSiGqtyJBGE3UlrUEZVyu0R9JWnD8T0NfRCnQElMz3l/1oCkTDc8M0pmkKRPNNNNMM2TxctekSdVSRGb6RUsaipNqklMo9C+bAIcwmimb6gLVNRFPJClFNyRxF1Em5DNQn1Q687DHIlLSTG7QM17q+gW7UoqZiJ4V3L4QImEOJRJmxQ5LNfM4y0B8YORb68PC1Q5KfoLK29f154PJwAebUCYmxqPemw7OTByfjIynOslYNVCSKFx+nhwF/2KB2vhAKUC1Fku98CxAjYAIMbJes92fzOQIuRcKRdYT0tk8nqpahy+Mnzvi9Vl/GzPtjyMn/PH5iX8ZNWXUhHnVz+kJUSZcY2UiotTbi0vN5CLxZDZXMFvts5a1jJq8NJ0VxkxdnhUKR89cvd9pzBdK0FunLyT1oQIdbmCQn1XlKWsATl6oWhHK5FC0kuz7At8m6Y9Gm9PCuZN4OVQZRJXBCWvOtJoghwzzVwqBpkw0PDNIZ5KmTDTTTDPNfFxIt3BRtQ6pbZMmVZ9BaplcjTfrXZTdZke+N25fgOHU/uGvCRvnUBnwipRJpe8THCRWL3mko8WTAOUCmi6KE+CF0qN+IbBwPJAwf7jKYU4CHe1UdvcSoaMd1SU+FMB5wjVdtoBEZuvHoMMhaJ2HU1JTUkBLu7t2NEs14PERhy4sTni91WtkfIl0rubaTh9adEqAhnnUTe0//JWJ5d2+sJpZJAI0DDB7PYNe6geiCeSNJW/SD9iuqxUpAZfLCQUwUDIgJ2rG7mNl4jew3qb6Bm1x3jYfNSACSe/OXX/w5uw1I8YthMeUTmdBJFB49RLUCCjAWDJj5rycB2WIHgJADYLSo1CQScV2d6BiDQ1kicHqUPBzE0GyMuhVVzLpw9MPDomnlLLVqYT42kKNMoGnb3PyUj6pKRMNQ4d0JmnKRDPNNNNMN3eeTH50T57seqjz+7O2L0/IlcnEiezJ89UnEa061ATQY2GBA5F657SNkZY7aBbVeqMeui01WhaLJbHoe7epP+cs0LgHA29MaRR4wFQe9IuA0eYGzqrwjr//lbM6zxaQJWZWVUsCb7DWc0WJm3IKSzRWhxe6ZFVc5xFB+h+MNg6SEWHFzj80rhUI1BzOkMwI3mAcJIrbHyNbSEuacVy703b5xt2PPjnUQ6FqnpVnUgJQ8FAsBWIjVH91SAaOD0UScrpcxsXUMfmuy317cfUPvdVZd0zrgGQaqC5QCBcNxQa7Def3hmB83CbWTeP4K/js8PjhK9msPvGFYyA7dZVrXKC4IvFBx60y9rbSUZykSV0YsN+XyxeS76gPnPirIv5+yHjQ3R96RNk9oKNIgmyEMkZlY5pzgbaX8klNmWgYOqQzSVMmmmmmmWYy4dEzc5bzXudFW2nKjcz/dTR+aP4mWQPjuo3VJ5FaNeweVF3EyrniyTRtZbjK7D1NwcDw1XqjJvS0vXr1AyjG/S4TcRrpMNoI5YB/2/T9qY3pX2p6LjNeM6niSIMADgUNnD5V4eAmlqdUL2UANQ9EascJBKPJ+osHyFmIVheR34dzTEP/Y5XJCZSBQkcG8qqJETjQm6yQxwVhfC5/DEYMenjszJVd+w7u/vjTO4+6HxtUVUEhgMNh9upsSAIpDL4MkUTaWtUelBLprZFxSrdLQZSJrlGhzGp4g6jCpsoDoSeBUMTE4BUnB3Js66G4eCKtoHurgYUEcg+TbgSFE5PEypdJQL+6CHWDzWFm3U0tgLiQi6Nf9WNRgqhM7nWa7neZwWBMdLTd6vSxHj880EQ6m8sXhHwhXyhCY8rulfJJTZloGDqkM0lTJpppptlv3Px8SiY8/o/PY//LoQr73U6dtEHnxAYOXTWJApAe2obWIgRBYO2OdKYJ/iEFEhWSsm41kc3lEsmUPxh2ujy812+gKqKcC8Vim67fc6PLbEum0m5f4P4ALyFmd1f4yj9zEMKKlIl8zyBwZXR/qaSKXMKprOpWV/owka1XsYTjI/X4erGECsWAoFKQLlKkMjlKdU1GEToLR6ouGhmPbPWmjNWahfM/6LHs+/TznXsPgHU2I0tg2HVWD+Py55pc5YMx6bF6HPygAoctgWicPEQ+KI9CEUHqEqoUGFIAhzax7khVUXkFwGOFzthcfopzi96M3ZSddfkEFSXVLThoR1biMJ0VpI5bRJn4VZSIKeMVMxNTkearIeCulb8UKiEUCnAq6W8ANSblk5oy0TB0SGeSpkw000yz37i5u2ip6jg1ZyVRI//zdPI2P8gwZOoFGpym6hY5Sedqk2PKigKOgYLYWC4aq5vQSQGEvigXhgPs+/zMupb9K9/fO3/VjgNffjti3LuydFtPUIiCg8Zh0EjqVHEOIGpNJQj6qZHA9QoNAwH9NUGy4qpRAWQYm3KbqYd8/fgB1o2Kk1BVy1Y1Ab0Ox1B+4aZe2/eRuHZ7P6tuq6U6uiwc7Lr+Y/sPrT0WtokymmW0LOAJS1yhmgKOSBlUJjDlaFJp1OGrJ/P6BpQJ9Fm+QxFwUwbGjZMfNDF66SyWglh0wRlyOcHu9sHMt+AvBegc+DGbE2p66+GwFhSvIhtPf6RiDQ32QjM1ui4SS9JNZuXqQ0t/HgM73PD3Yqkk5nnTWZ2gzfRWJ5iR5cHIrwjRpL8lpHxSUyYahg7pTNKUiWaaafYbN5kyOT5nFaiOcdflHjXVyuT/PZmsPhuxcB0uB8qkVEKu/6BMgsGh0GJEQx3+eKLOBQZQKvUWi6VgKHLr7iM4ZMS4hdWRLWLAq2jVEkV2yDNEJJ5CysRa1wuoDxd2MKkLHSF+X96QKierIcNgcxsZt0+dK1cZZ/GiVFc+kQImFfGS6rLYZTS6WOqFYSEP12Rzqk/61IdDJvRWVeNZEz1WD8cPSmjomMGGxDB0VUEdFXFFmu7mlYnFznMupTNXI4nlrnTRAw4PhqImxmUZSF+mo+1GximN2CEIhCJ0Lb9HFx+UtgRNAs3UZE5jXYj3q1xeE0GhmByHfGszgCmBgt/w993IejpNjIlxtuoosEc9yB50m+HfxzoadoH10O5uGhXoBOUm5ZOaMtEwdEhnkqZMNNNMs9+4eUxOqeR4PH2m/Jcm8JXeXpky2W/Mgzj5v79O7NcVqs8Jli/U4CIgSFJppHngg9Ol6lW6DJlMlq5y36+JWCI1csKiBat3BsOxl6evKFWVKAEO1E2hTFY6q7PNyHaakUlliZnj1SQU+nkAvNPM8k5v3cUi4jYjC0euB+Iblko3TuQ6ZOQLyFPIG4ioeFYI0Azdo+rQFxnaTf0lSgwgPwaedTCSeKTrT8VmVhebJKKMlB4/5PzRZVTo0xOW+FYVS6U2I4plUlYmyUyORlmDm+stqbAZiKgSgSL8YeRdJt86AJATVocHpVazI5UCRJyyezI5gag7E+eFGwH1Jau/SVX6VoXQOpi/5qqLDPib2NxdkzkvXZhqFtAxUCCkiIqBcSusZfXhKQFXhGdHKrRoEfAanhqkM0lTJpppptlv3HyuuEx1oD+/lchynLxNX9//9kUcxMn/c6L2yklMXtINweF0RWOIPDGcfWi5g8ORGKI+1aeuxJ3H+skLNo2fu27U5CVvzFr9yVdna3q56G2exzoLZedzwKN7e30hdHKpONFZuJoH/vzooewmxhNPydeyRBCWZnWqYvbEZSgrDJF2qwFxzVLP7BGVp51wj/Id6pDNCeTZtQPDHcha+7CHGog4dxcKTbgJwWCCbNNblSSEMpC7oM2TlURrFIqldgNSJuafQJkQ36pEM7HjAG8oalGMNYLJn84KnCdgZL0UXkIx2BxGmzOPA1QMVkcyI6BdDlSBBFh+IpPT2ypO6AmE1XxhoYGJ88CIwamiKBC/QXuCMnKQ83mDjYNY6sEXipI0ymD3u0wN+0lgZtGaCa15c2l4WpDOJE2ZaKaZZpq1T5oiVR26WbPi7e3i70zbli0yWcJu3052kYiUFfdz1ecEC1W6XBWLpet3Hl38/sbF72/qDCYr05y/CoGeBLw24g8U506lMyA2UF28+p7rZk7+wrjNaKsobGL3Puq2NLraTw4gTEbGAySynjNSGTFagcbhyGUV9Cqezqjhi0MGnBmklMoUagSZnKCnncZmSqzI8GCwHoWzjOs/kh8xn/bqrbzUUNC8w2/3RhLJLNB6PFUG08MynrCO5kuVsd1NAbSuxV4xUXNCoVWHMlN30y6Fgcdc2S8rVtgQvkAIGLZKQi/C6vSZOLVBGmidzY6qlwyo98HKmzBosVTG6QsKefkaIzlEtrEaxOnLzKK82Kgqi8MHn7stbCgazxeKJDhNfgzOwEarcxWriUg0EYom4LmwnsCjHkvNS1SjjGO0OD4I15XyyaemTL48dt3lCcq3avhVQzqTNGWimWaa/cZtxs3snLWnOyY2LgAvWm920Ato1OUUiJPq0xLrHaBKnQb6/KXrjMPNcg74037rbiv8qJIKiMjnUX1rNQXFH3YYx0xdPnbOmvuPe85cuiXfjQGKJVeVgAi6xOPsq6I4AQs26STz1IHSmjn9Lm+o3ngh1ogTJSF6xwHtdpGSi04+GI4m4ymg/QWpqvEE0D02OfyqANcCBdVlRkHndlTCT+01YNhBEzJNMnIpSr1PxMKLXWa2w8SQz22S6jTQG7cvwnlCwHUzGSGRzLj8EdYVsHB+o82roz16mtfTbh3tDqgLj6mHUCzljySkN++PxLtxLP5jHS3ZLAdRJlyT1LRm6Z6GaFY9EpSRTnar9BsEeWZSkTKYD6CoFdCHZewuxXhQ7gTpOwID4zYxrkg8BXOZzClohlMGNx2aQnDqws3pC9bcetiVL5Qyubz6c/jCaGWVfJukfPKpKZOWnSePn7ot36rhVw3pTNKUiWaaafYbt//9i/j/+bHru1lLqxVITeueOlX6G7XVXwJlcpmpnadLzLRz/db9H+8/TqXSFtrWh/ONXr7+Y7OOUumsgIqZqEjFc/y7K4s37HncaUgkU5t2HJLvxnD4wjXfMff29vZQKFJZtAfdFnmjnxckikChKki+UESVE3HBE/GttvgZtpsYtx5VZuCDsWQik4EPT12ZIPnk8LQbrGY7qq4IF73XZXqko7rNrCcYQ8sS6M23/CgRnCcAmtPBN8fIpYCTw5Mij6zdyFhwdASNBFKF2oGOxdP9Xk+EB0PPi6XeQrE3nckFQ3Ez5zVYXUN+E0/Ah+KxVEUYD+v292Dh9KDbLN0uA+v2DUGZ6K3IyUq+tRG6UcJlpWxvNYGzUKASH/IdtWBm3XpGyWGsD2sMzoVcqsT5EcLsPxRLQg9JUAd+lCRjmMdgdSTSWRwG06DCTz3AEX9/aXowHPfwgSkLN1253SpvUR+05KJSPvnUlIm2ZvIbhHQmacpEM800+y2bM9rvkbWnO1MtQqrNuHCh4JP7ZsDh//Vt7WgTsTrfhcs39DQHf84vfn8T/nW6vZev32lWmYQiKGAXGLZ8RxXcvuDYt9d+f+Pu16cuvL/zsHw3hoGpq3DCsYRYv49Q/IZ5in9SCNjXRSH1ajdeoyBZsIDegQYo9faGYymbi9dRdgPK2dXvh4Ot/6aaJnRVAK2RzuYe6+hHKKJDntlManA5CwoadnaZOVLGDjhxKJqCmwL5CiyTwlHIwEbl12gGQr5oZAZftMNFH+utUuZaxnHtylwWRs8y1EB8ETZXIJ+vWJF7rKfJIsDDHgv2TuqHtA2AcSFd521yHBB3V4wYqUYZJU9zUfbmAnugw6AeaeRDpcrVzci4exoVgE+ms2gRRlLCpbpKCTwUPhAGlWLm0ExGDxc9X/SUQfzAJWD6eQKRPJpMtV2/RMBOaPa3MdP+MmrKazOWX/nh3p9fnCxvVB/wEMVfQVI+OVxlwtl9LTtPgt1/ZJTvawL9JxHthE7eQsMvENKZpCkTzTTT7LdsH7YJoCv+dQEJiOiDB9VSRGblUo2YjeUPs/UcukIDqYnauwznL13v6kH/Aqe5+P2NDp252dfSFjt6W+lSUePc6fE/bO0EAuHh675SNXFKgcik2oloequr5gLLzwPGHUSlKur0lqQAplAlkNoNCMoDSwQAPe0cchasPhxvHU2kgPT3UE0Xp6tpQExhhGm8PNVusFmdvmA0EU2km626aBuIZibWqqOl2ZbKuJijsVGQ/fCVCYyzzuaRPa97XSYi3gwMkosdJgasVU8/6Kbud5kedls6TTYT44I+Uw4v51GVgI6ALGJ4VVQzlKKMEg17mCYrirp8QTPrUVkIEi4B04xuJH5wLXmf2zu4TgB6SeExlXGkh87qCkTiDj5AcW4jSxYM+58+qFzoYbeFY93+WDKdzxfEwYQPX5y+fOL8dXjKoE/gd8QbM1dOmb+m8gp1Qb5rroGuSvnkcJXJtt2nRTnh8gQTyeayGQxAaOs0gN0+/d1F/IFtblZoeDaQziRNmWimmWa/ZZtyPQOiYl1bDn43VqcGlpl+wQL571OM8/ZCPWUSHFAm6XTm4vc3L1xG4e+lUm8wFGI4e3UmX2XoMA9ODbji1ARh3kAgUK4g/Gp6zoqtNRdnkqlMoX5S4DyKYK5YNuHcTZDFp4seC2diPfWunsSZlPVWZ539NWBigMk19v6vBvQBBMPDHkub3iodn6dlFocPTmvmvJ1mFi4BQuWRjgKdEEmk8wUUKlNvEPpw38QcwTR+ZHwgKm0Pnz2BaENlO3xlks7mZSmqcvmi0dYfAyPpYf9SEtwyMaDX3TQqmNimp1t1VDKTU1abBCTTWqYqaEoZZaxMHBI9oAZERSjUsJcCnpbZ7m1Y0NNgc1BOXyTev8BaxktAhvpVSgpF5Nzo9KIoJgD8PgGN4fGFQM/Arwjy/kKcA2BGm0NH26Eb0Phem/5PL0wCu3Tjfjor/O2laaMmLe42qHXXhMeBzuzof7hSPjksZUIEyedHr3n40MHPLpEf5Y2aAf/D+S75Ng2/XEhnkqZMNNNMs9+y/Y+vEyAqOoP9KyEpi6VakIh24vjxyt+m/Shjh67qkxOTAjiEjbXnBKFYLIIygX8rdjdCD2UHModcf4CO9PYWikUhX/AHwgarvdvM6hmeRDgw7qCRYsa9vW7M1OWvvfXe8xMWvTx9xZuza7wWVa4eTXEeSsIjDTZXuwEFyfz8MNjcoEzkWwegp53AZYPRyrFWBIk8kW+tA+BzhWLJwrqxC5ZbRq9FCogCSzpN8JkPxTlvGBQFXgCxgsZAZcUR865RRVu99bNMxtNl5lp7qHvYJczqCgSjyayAvHhoZ0DWPhytiEHH0Th8Qz3cUJlkc/loUiF9M6pkkpeI3qxQkMqSfh1Sq6Z4tUGDdqMN7tTEODO5PEkgJrkaAnBuuvmooV6cVoEPqNIYBGW8WEGpDu0gmRtiirmMiQ4BE58LuYo/XNefDafwUuoD7IKBguGC6YHCVOwemwvNDXhwfx49LZHKHjl+7l+vzRo7a4U0rbNKmFmXeHUpnxyKMiliR8a+AWUi9eOC7QpZBRtCpkx27Dz5yGC7cuzMCV3/w9i3/5LZHTt7BK57Hv2su3nx2qUDp1vbOttbdl8/sP9SW6fh0bUrLccNsPPs3pO3Ow1mynbxGG6s4WlDOpM0ZaKZZpr9lo0Emfgyg0sK9IYN1ZoE7O0XX/z6668lv0orgE4Sl588KEkcDH/GI7HE+UvXz126/v2NH/3BsJXhksmKGm31APwmkc453V4Th17SG1gUkCCaGSX/8RgZN2X30ZzH6ebJacn7VMC12w/hr/yyjXuqqUw6k0tlsvKtEjzssSB3FAlNbLZkxPBBqJt14DWtDMS9xOpQkljVoFTUZIThAkoNeqxVj6pw1DRg2O0mBhSjyxeG9sCeYbhk41weeBbpXN4XTnJuVDgcztmmt3ZauB66Pwam+uTNWvUaTquOli6XhSIJHS3vXjUaKhNgjLrKJRERpd4nNldF/HoqkwNyLHaJwjXX4RIwtpF40huKMi4f6JYeims3WtsMVtAhZs6rt7qoqtsBg69At8UOko/z+OHM5BJkHaPBXVWBpFUIxytzeyuC8yAJRKkOaMnhrL4FxRcQZAKL+bvg6eDijIMpiWUglVvsfBPVFWG4vX60wAI65PW3lr+/69ArUxfDj/C5oUytRhkLJ5jqw80azHBeUCM79pz59vz9vkpxkkxlYTv8+PWJH+SHqUOFMnli23ESCQz4Jdxy8EFFooRo+2GyOKO7ueNc/3uXL0DG9P+W623ZeQX+OzC8BRwNDSGdSZoy0UwzzX7L9r8eRsqElyiTrN1eLUs6J0589ZVXrl27JvlVWoF6aybhZD9fgj/nDzv0jMMN4gTEw41b91m7I5lUYkXAKTPZLG3jdBSnZ3hadCLHPjB6mwcIbreZZZx8NJbAka9iSQpEd2BLJptLptJGmoMGN28/kF8Ac1CcQLY2BwJEE+m2Sl7eqldK+fr/s/feX1JUe/von3B/vffHu773/gPfu95Xz9HjOeo5B4kmDMCQBQFFQAExgQnFgKioqKgcMwaUHIbMDDNM7hyrOnd1zrl7puc+e++Znprqqu6eAc97ltazPmvoqdpVtWvX7uF5an/Cb4ERyoScPnmXmFA8Y6Evg6U7lMGkjrZhqABhXXpbx6DJQPN91VNkCwkO8V4ZMEZi6dqL/AFjk9y1TKKgPR5XoVjyBWM2d6hbQxZAuofMA0Ye5zS3sJLQol0dMidEde5v1JoJAGWSlRvzSDylsXnFZT16Sd33idshnHs8vKo6HvaD6UpekVcqGBYNKanpxjB2DBgxnrJDQVLx2t2QMcxJSWf3QqnUrtgiylSZJBv6RkoAyUQrG7a6zJLMED/DUsOyMKkUmcC1FGEYDYgus0IuYGwLhONoL16SagqnNzC3bT2GFyf3BiKPb9s5t+3xUDTx8m75rH1NYeI9Rs6dSGXEfHJqyiQSTUJ4fHrgxL79xHdr7z6yFrGL5gsulSr4gO3Yiw979h6SHtwCxMok2THmHkbtcDtNYdJz6szbe8Y2kt81Z9l2oH3/hA4ZW1GJ6EjLj45FpzDsKqYA8UxSlYlqqqn2R7a/HiLVSM57J/1/w7/7rliWaFavDms0d9xxRyYj78GSKFaVlEktNxc4wbGT50C/zl7osNr5U+0X7byTd5LXd4ycVSrDoKoen8D8sig9pTzMSRy09JwfR7F461y+eVnxdCaz59ODr+w5cOzU+ROnL8Tjyc7ufmkjCo8/bHU3ev9aqVQktRfj04xNJRpDuqkFsHfbSm4noHQGrgmNlqBKq8WDPb+5919MUTDg6YDwDZm5Xp1VlhCz24d+AGMOx1LiYxlIFHIzTt8YTLdksgWHP6q3uSEtOgdNuBzNiUycoFrULawNdM6gaSIxFCGmwZjnRsSZgNZrbT7eG6wNAus5FAvmLfs1myv2kKLvNOrd5jLRLplIogJFJQxgqus5yJ6xSY7OgExrLY6uITNRINQjrv5+NVZPl8aMNlqrM5EmtSNZ+q/J554EPGvLVCj+MImz91tdipkY6hGIJnEJpdUPBlaK0eUfE94YWIhho0IJFF8oauS8JKRKukcRxPOzMow/Gm9+9PVf714eCEVNVv7uxev/Pn9V48WcBkjnSFVTfPXEfHJqyuTcxUEmCTLZfPv5fvaZKZNLV7T4kKErYgND9jHlMEVIlMlRazyZYJYq4nHEdLs+OOnCr6mhr1tRJpgugu3CsWO79qjeXL8JxDNJVSaqqabaH9mWt5O0Wh/pJ7HeYiCg37ixpkx6P/xwzZo1d955p7iNGNeCpKRJ/clDk5VJz5Axkc5e7rjWfv6KzmAKBEMWmx3bo/GUS4ha7aTom1HkwaLjfJAiHq8QiScLNAErdfsJNI1gFgNk0en2NKBo2VyhaYEUED4xCwTdlLZoDUIk2aAnSognMuQVslwkdJXmPtKYndIdDcGUSb5QvGnGAlbmnGUL0Fgc0CR4CvXEd+yJ2DyQCqFoUukmCGlu2dWnFRCVki9G4imbS9DZPXgQ6ECf3q4hucVknJ3q7Zp24mFVqW+VQTnpE0MrygSIJDJDVm8ylcFo5IslXyhhcQUNvL9QKOK5hCLxa1pLzY+rW2NmisKknGONgSoTf30N0Ewuz3mELo3lms5qsJM8ZvVGEtra3D16O6aozuYE3S+UykSgyF0QmoTzBPHca0teo3RGTW41gThd3FBSyLJg9RNlp24NRp4s+ATHi5miVzSDsHxtFhIrDxnTLKRejFQmVyY6bcTl8d85f83f71+lt3DJVNrubDINGoAuY5IBF/PJqSmTPR8c2n+AOEqNUnEiViY/HLokViPXr0xGR2y79k+q2KL95eAAlYtRupxCPjVTJgy+djWw/jeBeCapykQ11VT7I9sRWxmi4v/5WlrCr5an6/LChfPmzXvxxRcbUJYHTmWUlEle5PGCM4AQRCIxq53HZ6JMaAkL5p0FY65ZLJqZpdUSXYQgkc7p7D5dM2ZZw6nLvXOXbL7YNbDhhXcYBa+HzRPCOSGNpDtEQGfE6XHR1SmFm9fAe0gwhnRrMxjsLN5Xuh0IRMCGp/DauwYhksAAL378hcOnLix+fMcts9u++elYKpuz1pFdXLp7yGx2+NhDkZ6IgsTxkuc1msuXYNLdNxRVOpFYCgTceCqTxxOEproyYJT43TGTpHuujtUzEZ2xDi0qk1ESVUJWTjQ2r4Hz+ALheCrr8Aa6NGaNjTwy0RgSNesJRLzBiKZZNR4T79HZXA1q11RpvRp8S8y8p3PQSJdlxtaI6s3kEEiiM4OdZTmze4I0yIWIlWAoWiiWX9r96c13LWy/TIgrnu8/H1gtvd44cI+QTK1P4Cqtn2hyKOaUG6VtDLx3wMjVPNzQQ6PDj3k4uSEBGrMolwYnrIfZxt86e/GtcxYfOk7WbIOR2D8eWHPbvKWN9WFTcN4A+inmk1NTJlo9v4tGlbSfH6i5VLEtRrMbH7Adn2u7pgpJBHwlqCO+W3t++qVHoH+Sy/veI79aU9mub5ork8s/jvmDfX363+3M+geBeCapykQ11VT7gxsLgl9+XuqhlNJqBxYvli1gIgEOf7qzUH/mkGjNBMjkC+0Xu46dPHuEpg+2WDmD2RqJxoepCplo1xBWjqTnakpN2O75jzxTopi5cFPfIAsBFbWpVsG0iPc54RmhWrl6WWRzeTH56zfxjd8Ey4JzT1OZKNUe0dlIQEIr53z7469+OHZ2lKUTSKU/+fKQ1xfSmTmQNpcnkMnkb52zpFiqhOIpRnN1dk/nkElrJWG+0nPVYc3WXTqj7Z7lW+9fua29c4AkFWihSzcW0EbsAdVzdPvk9ABGjqwXibeM0nWkWp9ryqQ6LgNYBAjEQDSZsboEqAtWLPKaxtJv5IYsbtlEWyaHX2t1QhtEEul4MnP8QveJC900EXCjIYUywVFNg2EY0D0HjcpA92xuAdqD1EUx8pgwrEuSoWDjY3L4+gx2g93tD0ZnPvzYjAfXbH3pnVEqtG6bu1R6DQpoT3zvPP5Gfo8SEO8vqrIaTAUWzp5IZ2tt2CsAWbFttLvQeagd6Q5l4A/Lkidews90Nn//ik23zF7cfqkLt3n98xNncAshMZ+cmjIZHQ95Z3bh8qSCiOJdPxy6JN6l4ncJ8UxSlYlqqqn2B7f/64sEEyfSv5XgFoXmER2jVJmctFfqzxySKJNs9vCxM6fOd/YPao+fOg9NYucdE7tbQyyRtjSrPw3WkUznwaXuW7GtROLgc0ueeBl0WdIMBN077hgG6un0N142qV7TTkRfgHRG46mp0huriyQIYp9bP5S46FjlnVtI8l+FbMK4jjjpaEevxmAlo+3xBlasf/bmuxbeu2QDxuRvdy8zcR5oklvnLC4Uy6lsAUy6W2uxuPyy7FAJuK/OXu2W7W/OWLDhvc9/akXPTAnU40i6UQwhQjQV7FpdkEyv3i5uyfsiRj7ATshGKZstQDn4wwmikem1TDTDGEaD8wSgQ2jKLPs1raXHwGutbi2J7SGOhRLSLzYwckwYh0fAsRjYDc+/edM/H75pxoJoMm13NeLWU1Im6LDFSYKy2K8Vkiq3EIjENRa+c9CEoWD1K+uN94VyhdIX3x1+Y++/7l++aeWGF/LFciSe/Ns9y0fp05QsWkI84KhaNrBWgGHU29yNazIm0sRDTPxSgMV0leteiJD3CHaP1uJItJbQj6FSGZ65YD37nMnlt7z0zp9ntR1t72wymVoDpJeYT05ZmQA6g0NvdLrkAt2wHXt5x/hChorfNcQzSVUmqqmm2h/cjtpIlAjsR7uiA4kSDLFhHPh/f5WsPy2zWm4uMcxW28CQHirFxk1EJ7eIKk1UxSm/NzXypJ4JZAlagnQ+vfPDQrFYLJViSRK+P0JfgWNXMJqKjVd2YxDCSXG98Hrki6WrooATcL4evXVKDMfiDKJ9JJHR20l8v4ETQIibvr7VWsirYsmSDo4JxZLYruT3D13xp5kLafxItVDAAJRvv2c5iBqo5/qtLyaSmb8/sK6zR3Pb3KXz2h4Hdd684+1LnX3Uk27Kb5Qpmx9esenVMxe6cvlCA91o4uVfh0MVSDeJUCVBDjneF8WI2T0R3EU9s7ymIY/GwPlwC/VEHBphQhNWCUnV2fxaKySfe8js6jdwXYOmS336KwPGPr1dZ/NAnrFo+/pTNTa9zTVg5K4OmjoHjVcHjV1D5m6NOZnJzVm8iXf5/zJvOSj+jAdWK41wdSyhc6vfCwwmFa5O6Q4KKjBILZpYKoNzdg2ZujUWjZV4muULJcy9m2Y8jG/Bk9vfQscwqJ98/euHB36KxpMPr97613nL7lu2YcWGHfQ8RJlkctKZtuuDry509Eg21pDK5omWsMnHsjPwbjLCtafJvt3YUj8+wQhJyVW/2NUYj2zcEY0lEuncZ98dtdjIHMD8DEduWFl0MZ+cjjJRoYJBPJNUZaKaaqqpNucoCRSB5Yhn0xTAjtIII/XnZBaZnBZYa7SeOneFFYPv6tfZOMc0fKK0NlK9pPYrzuAWImG5umzEiyOTBR3JZHOlUklrsLCqi9J24wDxradEYmBvr84mZqI6G1nNAP1XimMRw8iDcoGdTyR0EiIpqJTGFx1h9RM4n9gLKJnMaK2uWq7VUdq3O+5dIeLf1dvmLTXaXWu2vHrnfWT73Us2RqIJKJP//ufDz+7aB3GSyeT2/euHW2a1lctlG+fSGGziwyHhhul9wcBuYeDBsoZdr+z5IhCOX+03bHz+bVntwQBlIvvEvQGZxycL8jRzeW8gauQEKL1CqYwTEv8rmjvhmmbMDb5PP+kxwXq0lkAk6fBHe7TWK9QRS0MrVE5DfkzJrO4gZACI/mff/vL3+WtdvuC9SzdE4imrixS2J9E7oqc/VWXCe2lUhkKtG1lUSU7tEac3MGvRxi+++/WBR7ayKYGnvGLjjkAoCgV76+zF+WLZwrke3/aqPxiZu/jJuYse++vdy/BtMlnth05cjMWTw8MjPx49N6A1Si8wDt4XNvB+9FC6QwTd5EUVmshYkF1moQsmzsbfFAmyufxNMxZAgP104uKfZi7K5ouQJXPbnpC2uw6I+aSqTFRMH+KZpCoT1VRTTbUfzeX/72AKGmPu8Sl4SmzqIHm9/vfBVP0JaxaeHCgOTXL42JnTl7qtNr5YLHEOZ2Ofe1nozXbDeDk//HAJUc4tz3dBQ2NJckeQJYFg+O5lW/Z/c/iBVc8qXTQUyzT1Vxk082LeOWDkK8MjyVT2wHeHm5ZsNnLkZTDvm3AbQ/9jyWzTNMQGu9vsDIREFc2tNJmy2C8IZwb9LZXLoIxUTlR2vPHRj4dP3XHvqo0v7B4eHt7w3Bv9OvMTz70DupbK5GKJzDOvvNc3ZPzb3cvEeV3RpUKpZHeB9/uIpxBNBMxqWcoadqUzhY+/OpzO5HO5EguFlwVTZdKtFP5QozUTWUCTCOGk1gruG3X6I0xgDI5z+kKxBOUmEQm9Bm7Q7LxRhR1bNKsrUCiW//ng6jvvX3X7vStmLXjs55OX8MQ1VteA0d6rs1oc3myuUB2HmQR5y3vo1YNEZTiFcLxRXSBZ7Pn0uz/PamOa8/Sla5gSpVJ5Xtv6WCJ529wlj27eWSxVfj15/p2Pv9nz6bdoie/RK7v3d1wb3Pnu5/j1vuWbYonU2SvXWOFR1nPJJVitdF+wUSY96G2tdUJds2VA8RYG4l/nFDjXFAQYoDFYcV+Pbnll9sLH56/cAmVisfFvfPCltN11QMwnVWWiYvoQzyRVmaimmmqqMftfXyWhNP7PL1riiP/1I1EyewaK9ecRm0SZVEltgYrBZPELQbAik8WWy0nDP5qCueuEwlFS5ES5WoInEC3TdQxvIDx3yeYFa1945+Nv/YFQvlB8dMuuokLuIzMf8AQaOXvgFsQ+XU4hkskUbpm9+M29X946Z0mkYc4u0Ggc7hKtD4DG290TSyhKQANwUPo23cF+Ze74oI/iZs+/+fHr73x4x70rbpndtmD1VofLd8d9q//7nw9vfnlvsVQORRN33LMc8uncpe7b5i79+/2P5PIgxGO0ErxNZ3XBGGsn/Jgu1Bh5n87mGTI7WTbhfgM3YJxkJs4LgbRgzfNzFj/58JoXvj90TNwlMSBZgjEZDl2pjMRSU54GNWSy+T693ULzUIknQyKda5ABuUXDIIATD1k9/Qb7NY2FBb53DZkGTA6nV4gmM/liiaTJcvoHTRwGGb/mCkVs57wBndWpsTg6B41ohI6Fo3FfIBSJJSBUJDnQyFVIuLwbZzbRNRDqsNZkVozS9UPL5DiNVoDO4HEnxvUwVOu8JZuc3gB4PKbHbfOWtq17Dp28e+lmE+eGcP3TzEWYLZhXn3zz66wFa2cvWh9LZjB5/jH/Ec7p/eHI6TvvW/mP+auhUqo0QIWdVmshGX7ZqwFZVIaH0SAqcqpkxez9IekX0EST+DHJSwJ1PKF8kWRDljSrB0bmowM/3HzXwr/MWWK02P92z4obGwEl5pOqMlExfYhnkqpMVFNNNdVqxsQJs+9tMtz9tLu84nyWNdjT30SWhOqUSSgSPX7q3OFjZy5dGzp6oh3KJBRu9EpVFlVaTMDulskrKguQrVVbXo8nkrlc/r6V2yh5UuQ02OsJxCWMXwJSZY8GFjNHnYce2fz6Ox9VSaG9YUiUBoSJ5qutUo+mMXrkCSaMXEs3gkOYGnGTV+RZIRR306oOuOhDjz77t7uXt619BhwdDBKc8sPPv79lVhsO+fOsRU5P4I29B/7xwJpsrjDjwUcl3UMbIRCdUCMOn97mTmfJK3xxM+gTizNgsHtl7w0iM5ZIpbMgq8VYXJGJEkKclYkTQIfTuZZyLciic9DE+H3nkEm8vUqGN9w5uRZNvTFVADPyUBeOaxozzjNgsJsd3kgiM5ZjV3xeCoc3VBO3VZrNNiDnT8jw8p4vQO5BjkH6Vz31arlS6dPbukjNe07JnYzKQlLlHUJIb3M5fEHonwoNAao9GvpFkI/KaAySh9rhs7qk61fFUgmncvuDC9ds+/v8VTfPWIC7n79y8z/mr4LMi8RT6MBf5i598e2P0ZeL3UPLNryMwYkl0kIoerl7aMdbH+fyEGnCgInrGDAMmnl89oWikGoF6vWHG6/QASWqq1qNJFJoII71N/FePeeTZEzGAbhHu3siFJx+10hRSz3nhwhs8HUeMtmpE1cJnZ+z6LGN2/dIW1wfxHxSVSYqpg/xTFKViWqqqaZazSA2asoENutY+oC5eMVf6RAq31pLrG4Js/+lHPUuNoky0eiMXn/w5JmLDpfn0pVuk9Xu8jQKkJUFaIjGMinEoimWb9q559Pvy+WyzsyBCTV+b1oqD7sF6VtbCa7R0hneUCKeSP/3Px9esWE7eHmhUIIeaHByrZU4XxnsQna8zIveLkTjJDS/FViIPBCsrkCpVIEiwgXB8Tq6e2c+tPrltz++dc7SZCpDIgQK5e5+PXgwWODcRY/xHiGZys5esO7z745ZOOmgeYUwRhIEccjsdPoj0USqfg0KzE9v90IXOb0hyS6Gn349seixHeueffvLn0+5/PJtRgnxJbxUupWkky7lG+YeaICR8eUjC/WbYhurlLwmMznQ2T69nS77uHU26foJC3Lo0lo6Bo39Bg7n8YdAs7PFFpYgwvF07V4qFUKdU8p+gLMXPvb+5z9sfemd+Su33nzXQjB0SAlMmHA8qbG6rg6Z0Q22LFBvkC7o55DFeU1r6TfY7W4/uD5NLEaia9i61pSUSZXMQ6fe7laKJsfkicYTg3oLE7df/XgcenvPpwc3PP8WfsXGz787kiuU3vzwq31f/oRLP7fzvQWrtyx/4oW3PjiA58i6TVUuifzpNXDdGgsk1jVSIxK3YNNYHEbO7fCSGC3cHdNaDDgKeyW3g4HFeSRrL2hicwehYYy81+FXTMbtD8c5byiTK6LDgVDEH1CcnNODmE+qykTF9CGeSaoyUU011VQTm0ScyFqLsiRUl5trYFBXLJbaz112eXxnznf4fILFOimja4sAgQZZqfH7pgAXfPP9A+DFn31/bFbbk0dPni+VGlFhIZJo7CEDsh6OpQvF8t/uXna5a8AXiEAS/GXu0pffeE/adBzgTlY3WeUIRlNGnrwArgyPuAMxJVJVD7TEFWH3r9hMwpTnLBZC0ba1zwjBCDbm8uSF99/uXu4NxrO54pffH3nrg8+PnLp4tVfPaJ/0dKOjWfBIWuYyPjlNmQSDRvLyO5tXXNZYsPYFbyCya8++dz89mFT2ywrF07KvtxPp/LDc9lYwaOQYFR40OSxOsuDDViFqq0D4FToWnwOhGDQn6Dg2eoRISfTyXnrSFhBPZdiaCQ73Bcmik1LwEvDgI5sxVyHM8LN+BKpUX6E7mVyBc/k7Boz9Rk5HIotk1lJqN0XK/Bns+NytMQeZVpGcVwE0yjxQ7zHFgNtZun7H7feuwER6b//3oyTZbjGXL4Yi8Uw2h3v8+/2PODxk9s5ZuC6VzkLlQwPjvlZsfOliVz+UiVK3FYzeC+/X2b3sdvDT6Qsy6TVKfLcyWlLIUrpYh52ewNhyK54jBLaBFxz+cO1pomMffP6t3uLgvOEujbnx13naEPNJVZmomD7EM0lVJqqppppqEhP7dMlaK35czCTKxO31WzjXpat9R060Hz1xNp3OmK02cYMWQTz7CdeMtsjGwFci0Vifxjhn8VPdfZoHVj3b0SstvCgG46zSrZNRLg9bOfefZi7KZAsQBrfNXfrK7k+LpXIsnsxm87IrJw4/oYNoo7cLOCSZzinl/JUA/edc0HEkSMblCz6w8imDzbnhuV3f/nJy9eaX7TwpSIITdvRoX3xz34HvjmRzBd7p2/3RgVKJBMRLTzcOXyAKdqi1uBqwcxIO5PAbGtZzfPDR502cZ/83h89dHWp0uXBS9iShSLrpaCvhGq2ADhsyk2UHpknMZCWB1GV3+IKQTLFkxuQQtFYXrhKOJcCGr5+npjM5qMp8sYypwrnJFWVvbZT6y92z7MkfjpyzOX2RREp21YgB3fMIoXQmi26bODc4er+RZytasnSfbdTbPQMmftDE2d0C9FKhWQBGIkUqAjVwn8vl8ueu9Oz/+mdMHpzKJZABZLvwq5Vz5mmZo/krN0Ns4XFDk2Ny3n7vIy5vAAMyZHb06u00/cBEwFJ95+uNNcOBuB3cu83tT2ZynCdodgZMvHRllQjCkDiTRDUUS9k8Qd4XZtFlpXL5iWdfx5hji7dhFP71QMwnVWWiYvoQzyRVmaimmmqqSSycHP1IW6gXJP8HXS1pXZaE6pTJKBEVpLyIzc6bLbbh4WHO4ZQ0aBEGu1tr80SmkpXo4JF24sg1UuUdLrOVa0zgWsS7n3738OqtfXrrn2e1vf/ZwXKlsvKpV7e++DbomiSP8POvvy9O3pXJFwuU1xIVJPe6vUqyBQxrDLa2tc+8ue+bd/Z99ae7Fi569OlMNm+0Oue1rZ+1YP3ctg0Wu+PO+1am0vneIdPitc8kU5kT5zshfsjqSkExe+8oPT+4u97mKSgn+cUIgfiaJwcDSIDz2DiHTwjf/8i2eUu3NNAYSom5XEJ0es8ilsrVWO+gyWFzB+PJTJHyaUlLfyiGNkY77telt7ea+aoxMJFS2RzkJVQKfkp3U6AnGJAr3QMv7PrgjvsfvfmuhbfTUoayKJYroZAMh4YcTaQzTl+wV2/rIj5R1nrPtJoZaST9Na0FWgWEPpPNVScPB5SDOOl2Y8RTWQiDxp6TLq9wsbN3yePbxdmicU0L9ZdLpDLhWNIthGH4zkJydAwYOkm9F3O31gIRorPLu7FZiFYhzmxkIcVoj6VIeL34/LJlSaqkVBGumV+4ZttNMxa8+eGX6ayiBrt+iPmkqkxUTB/imaQqE9VUU001sdVeeX9mlLp1/b9fJ8OpUVj9UUomrgE/SoNZT565cOR4O4zEwfdoplFskSESI5XXlIqji1EslYyc1+oORiIxKIe5SzZv2/mR0+1re2y7tOnUASYUjScf2/paOBqHkJi9YN2sh9cGgtFtL797+lwHmOv3v56BEtOb+ZVPSLMVr9uy87a5S++4d8Vf5y09eeY8OxvoHQ5JZ/J2h/ev85b9fPSs0y3ced8KKI3X3z9wy2zi+o+jcoUStvxp5qJKpaI12tGBff/6qVbikPkXmflGFDyTK2AAawma6kFSJ9HghwYOWp092seffj2eSOVyeXTsYkevtIUISrH+Bs4vVRItAIew2jImh3BNY2l6Bo3ZMU55b1hZbTyvDS/seXD1c6s2v15ftvzHY+fvvO8Rtz+4++NvfcTjjsSAy6pQhmw2l1FeymCo0otCzRZJjcWxEHn8xCDILk2YqesX9MDVIROETTBEJgYniiZvDJ3NaeD9LpprYUqg+X/Jo5HuEIFIJnovrFQOtIfW6oRugaxi1WkkNwLR1aO1dg2Z/IEwJmeq4VihQS5f2PLye7fMatu0fY8QnPIttAIxn1SViYrpQzyTVGWimmqqqSY2sTcOpIhYmUCrVKukQbbQqj6RKBPQss7u/oEhvc7M9Q0ajDYnlEn9G+5WUKS5g5uG/4ILog3jr7w3hM4v2/hK22M7QuHIA6uelbaeLlgweiyZ/sucxQd/PXPv0o34EIrEt7+x77Z5S7ft3Pv5t4ff3f99mUSAT1RYX/PUK98cOpNKZ38+fgGSBn1zuH3rn9v1t3uWP7VjdzaXv/O+lZA02XzxL3OX5AvlQ8fPQ5mAyeFXnZn/+eiZ2+Ytd7r9hNuVyLlr/QlGE+SuGxbgowmphIqy85XDF6RlTLwNRrijVzdr0aZ7lm154rndX/90bPH6l6QtRFBSJlpro34qAcPFlg6gTh2+5pHNEHuM4yYzikJrqgCfXrRu+2vvf/nIU699++tZyd4+jblt3XPXBkg2AjwyfH7u9b2ce6IEjQSpDLSJYhi9BNWxmoyOfLHkD8UgIaBPhixO2QAVM+a/U9DZ3H0GouXwIZkiRR4bPFkGDU5oc+eLiqtqSsDkQTd4hZQJsqjSZah0OovZq7EQGamxSu+F6BPe32+0407dQjhfILFV0hNRzePwBqAG84Xi7o/+BX2IpyBtdCMg5pOqMlExfYhnkqpMVFNNNdUkFktXE1kSkjsqEieQJZK/pSDE9cdKLJOTDzRPpdIWm91ssdt5hyy3aAV66gcSisoXYKmScoQ+kG+jQ/AFo+UyYVegs7s//tZo4Rau275u21uNL815ww18kyTAqWKJ9J33rUhlcrfMXjJ30bp4In37PWSt42R7x00zFoRjif/6x0N/nrkoFE5kMgV/OP7+p9989vXP6Ww+ly/dfNfCOITN3KVbXn4fUuSuh9ZG48k/z2p788OviqXKbXOXpNN5nKFt7TaDmXO4/e8f+PHy1X4wuUKxordJnXNCsaSR95mU10zQWzIyyl492TxZUYEVlVkprg6h1a8x4GzlyrDewpeUHcNGaVIy6SYKIy+vWBqDFIKkPayl5GoKzh2gebqc0h3TxekLnXjoeMSYJw+veUEyncy8ZyxJ7gip8sE5vf1acyarqIviyVSLcUej5AlCmQTqM6FVaVIyziN0DZmuDpmHKMWvN0bxh8yOa1rLkJnHNwWiqDr5BtBntHT6mtfbqYeJ92D6BRW+m00RCMcsTgGjGk9lXEL46qCR1JSsuwvM4V4DP2CwpTPE16vWyx1v7Xtg1dN33r8a37ul658f0pvFJ7+BEPNJVZmomD7EM0lVJqqppppqspbOjb1NhziplyVAtig9pN7qQ43BH7o1pnyh6PX5rw4YjCZLoShz8lYQTyT1HEnHJNmOS2itTuqhTl6oS/xnLvdo9SZrPl/oHDDct3Ibc8QXN6gBm0GmM7kpdC+WSB09d3X5Ey/EE6lTF6+9+/E30BWPbXsNwgNDAZ6UzuDKpVgyK0QS+/7184efH8zmivlief7yJ3m3gAZ/nrXopbc+9viJv8qctk0QJ8VSee9nB7/9tb1KcnORzLviK/pCxKtNb3WJt+tZ2DSvuBbBiqbXPx0Gqlv8Rs4nhBRrdIwS/ZNa9NiOuUuemv/IM/jQ3tmnNJKjVChyvomQ5YntVWgM+fiTBsBRGovTQhZM3A0uKgFaRhMZwmiVNduUQPIyL9l8/8ptELrfHDot3oVrPbia1Jm5ZXbbLbMX/2P+qgdWPvni7s+YQpYF9CSL3m4FhVIZN9K0Pcg9nnIslRkw2jsGjGRWOAVL3aKKZVyrDBi5q0OmPr0tGI5CY2O7pLpIi9DbPUN0PUe6ozWYOBLdJH6wUHf4Ipgdnm6NpU9PsnhJOs+ye2ktDrTEtyaZym556Z0MXXiseTnecIj5pKpMVEwf4pmkKhPVVFNNNVmrKRNZWTJKYrir9UdJTOLNBbjc3qMnzp7v6LHzjqMnzxlMlmQy1Tq5FANHgQBJfNlBxZxeRlYCGournggOD49AjVzo6H313QOd3QNvffSNOHJXAs4btrqkr6UbI5pIH/zlZDZb6OzVvvTmvkKxfPfiJ+5dtrFcqdw8Y0EuX3QJUbsnCGVy6Pj5ne98mskV8jRixOUPzl/x5O33rkymc4l0trtft/O9A3+auRAd9gghISwT7zs6piJIWtXa6/NcvkAKI7oCHM3uKguNmRTbVhp1IZxg9F2igkapJCAvpymGR0aglC51XHtt71ePbn2jcfg79riDMjoH5+HcMmHfjQHSzEIRrk6urtgUTHRh2ih2tDWks/lkitRhvNDZ//r7B3a89YlE5lVpBrlIPLn+2Te2vfreQ6u3QnMynSluJkY4Gm+Q2UyCZCZndgWGlaNWxKjSaZ9IZcykDCLfq7NC1+ll/b6IPvEyv69evQ1jFUukW/H7EqNKYoe8gya+QVBNY0BgkPkp3TwmtHzB6ICJGzI7DZw0EwB6ji/U3+c/GgjHF619FsrtrocelZ7lxkHMJ1VlomL6EM8kVZmopppqqslaNF1PDCahlVCTemVyubOnVC4PaHTX+gYtNrvXJ3h9pNqatF1rANEHg2EOXaBB0VjMyBPCqrM6U2nFCoZXuvraHn+Rd/s8PuGhR5+PxJI4tndgSNqOEtlQLJ1vmORKCeVy5fZ7V/1z/uqb71rw68mL6Co+4CejUN5A9Pi5q5t3vJ1K56AB/jJncaFQikQTz+766JbZbX+euajQsmNPnobcwGj+4pKJ95OcucqeWlXiCCToFJIHFEplMyl45zI7fCbeZ+Z9NAOvF2wexj5jkGFoBonlCcaSmTzuC6OUL5SsTp83FI0lMlS8EJLKgM/JlEwQBbimiyZTbh2gnlfHK7tP4618PEWWTaxOxXiPVoA7DEcTs9qevP+RZx575q2fj19QmsO337O8WKrAME3/Pn+1hKyLj/JPJbmt3U1UhNJF6zE8PGzm2ULE2CFQNcl01ub2Q911acxaK1mDqrextRQzKfVod/tZ6rPGVx0ZIfLPF5ioLjJV6O2kGLx0ax3wFfMEIp2DRqgsbyhGqvoUSpXhEYxkOluAYrzjvlV3Pfz46ORxvoEQ80lVmaiYPsQzSVUmqqmmmmoNDNJC9r90kI/6xvVWnzW4VCqfPHPx9NlLvx49feR4uyAEeafU4WpK0NvcOrvP6iJ1D0CkjBa7ODmvLIql0vNvfLxg7QuXrmkKxK8sMGfxU4NGTtpuHAauEQVU3kP4EBhhMBzFDRKhcs/yyvCwEElw3rDW6rI5Pdhy530rX9r9eSqT94XigWgS/J74dxVKTn8E6oKZkfc1MDPNv8RIpJkWBYf2U+7UaK5I1BErFFgPPQ0rZ2eGFNHZPBqzU2NxDhg5mM4GxeJx+cNQVkI4EU2mqIxxct7QoJFnKYbHbaI/UEFmhzeaTNenSAaPDMbq9GtDXNNYzPRlP/RJg9tsAOYJhjvlva3GqNSjSvP5Yhhz+QKosNIMmb9y8+yF6774/vA/5q+6ZVabWBh4hPBDjz63bOOrzN3I559CZ0gCg7oqHw3gEsJGh19jdkh3UFTpN7pUrkSTGSgQiM8+vc3AySyq0MQJ/gEj3zVkQv/TGRlnyEyWuIE1WB1SAs3pTc6WzRd1Vqd0tzIwqTCRovHUzXct/Nvdy59+9YMsNEq5kkxncE6bO2iieb00FkeBKCvp4dOGmE+qykTF9CGeSaoyUU011VRrbOncSKkiVQ6JbPPw95CcMikUCoePnTl64uypc1f6BrSpVMpq51nttunB6vAaHYT+gkWBGTdYKqkBPCYST21/Yx+Y5beHTt+/ctsX3x2pJ1g1BMJJ8BzpVgocE6hfGJIDOJdHCFXHvaGoX0rZH4wmkul0Jp/OFk08SZYFQeILx9y0BqKI5bdk9JCAmfcp3wq5Oo21EGQdgdArI+fTWt2hWCIUS0YS6VQ6lyX+ZkVaCoaB3cHYXeC6Ln9ohFZfSaaz3kDERj3BDHaytFLrGy3XSNZbbC6/LxiNpXLlCklThp9xhWIgssDVWU13mE05z1VjQPhhqlhIbjcvRkO6uzUEI/GVT732zqcHD5++ghuX7h7HtQHD7fes+MvcJbMWPP79rxOxKOFYYumGl385eWnne19e6dFiKKaUAsvIe7V1EVYNwCLIhYiMQ50Y6MYQ9fTDYzLYnNcIm3fp6ZdLrE9Isi/e12/kenRWNAvHkkRTjJ8kliTFHOvTKDeFweog6YMxmrmic+qiEYoIyuTh1U/fOmfxfcuf3P7mR1begwlmdY8t/kCR9uqtkKNhukwqPX6KwC2L+aSqTFRMH+KZpCoT1VRTTbUWLZklabvqtzewetIuUB8PQmpHqiaL7fylTggV2LSJQjRBaBA4h9IigBi4LpQMOEoonheCoZkLN53t6C8Uin2DumoDOk/cS+SjMkDXQ1N85d8UoHSgzmIrkUoYFSWrHYhBwK01romBYbc5iWCov18yOE6y9tL62+54knhG1Yej1FAZHi4UwTUzNPDAobW6QKlrBNdIHM98OpvHzHvRK08gnMrSDFEiNzAJaim5NKR0vXTvlMC5g9BgRJ/Y3Q0iZJTwyp4vINssvLtn0PjJ14cke8919F7u6guEItcG9WOijkbmWBxe6E+HN+jwCg+sfq5fY8L4gCjjntdue7Pt8RfTmVyv1rxh+543Pvj64tW+UVru8HL3EPRrlZ5hlD4pSGWNRX4BpB5VKiAtrcWlsOANcWw9ug8lj8t1aSxKhRHJMovBBqGit7vYM5rGNxqaYfHjL67YtBP3fqGzXwjH6mdpY+TyhRkPrT104sKQwX7i7JU77nsEM8rkmJhyNYM07dFZdFZntlCkM25qwBGeYEzMJ1VlomL6EM8kVZmopppqqv12JlEm+O+cKROvP9A/qIUgOdF+aVBvcbunmSsply+CKpkcfrBe6b464Lqcy8ecvpy+UCqV3vnuF8VSCcpk0brtx853SQ8QIRxPyy6b5ArF37TI9JQQihORBp4t3SFCZXjEzJNkytId9FW3lgRGT+FZuPwhUF7R63J5VEm9eS8obzyd9Ydj0CEkkIBkLyAaqUYWTQ4fpMuQ2cmT4JV0Mp2tzx7WqycVOWB9Brtk11SBXoVpemULyRYQlH2+DfDBgZ/x6HO0pEY9s/3h8OmTZy939+tuvmvB3Us27tn/XVe/PhiJc94wLmf3BCE4L13tn7Fg44kL3aD+4Wj85T1fnL7U8+nXv3z27ZF/PrzhuV2f3LdyG/j9Q48+D8Wy6LEdmVz+8Wffhro439Fr5T2tx9hgGC0ukr2qvp8S1DSMRFdU6a5EmhRD7NNb+w12PNB6ug/T2rx4RkbOgyeIr6f4JE2Biz7z2kfzVz07/5FnMAIzFmxoXSQzlIeHr3QP3XzXwlAkjoFKpTOQWP162zWtVWsjKlRierv76pB5wGiH9Go6OGJgzludPjGfVJWJiulDPJNUZaKaaqqp9tuZJOQjEkuArLSfvzKo0Ts9gsPpTqXTHD/leotoHIgmba5AJJ7GZ18gAr0BjSFtN45kJufwhUDHCQd1B2pMOpXOLlj7/Bt7/3XmYvfqTS82yC5aJRmE/aD+ku3+ULIpL/93wkYXPaxOQYlng+qx0BHJ9ipJdEa4Jsi6ZFcDGIjAaK5kcHISD+OQxkWMkKWzkWy+EIolIXJ4N3n1jnMyxcIMAsblDxeKJTTO5AoswwEeZTQ5TS8sCcBfaal7ci27m9TQkLaoQ46+Zd+z/4d7lj8NW//sW7m8vDrF2TDgnNt35PTlNz74l8tL1qOSmWw+X+gaMEKHQJ98/NWvZzv6E6n00g0vb33lg/c++wEGxVIsVeYt3YzudfZqj7V3Prz2BQzCzEWbfjl56cFHn6sMDz+z84PNL71/8vxVdNlocx0/2ym9/Dh0VrKY1kopd6phSK7txqNQpas3wWiC8whQKRCTJjKGk0g/c+GjDlQ25sLHouel55oM3JcvGCmVIDFGKtTfT9pCGWibyuazuUIgFP3rvKXzl28Sr/yM0OooJt7Tq7cyjzVJb6FSevT2QRPnCUTqJbEExXIZSlvMJ1VlomL6EM8kVZmopppqqv12JuEVvsAkbhSPJ6x2npQpsNq9vlZjBuKJlM7uK4heGFdZPWyrO5ORuvvniyU9rQFP3496JL7vhUJxwwvvxJPpOUs2L33ipcb+J2A59VXMTQ7plv9xWChHBHeXrUbC+8JUJEhH2xeKkSGaSugCUWs0Oax0Rx2oMvF7AzL1TJQA4ouJEQjFayX2cIZB09jnaxqL9IDrQzKdNdB5gsGxu2Rc3WqAED16tuvM5V4aJ0Ne82MWyc4cbPzxyJkZD61ZvmH7B1/8yHsmTRWDzTV/1bMf/uvQumfe0hptkB+/nLh48MjZ/d8e3vrqB8s3vYo29yzbqjHavj10Gnz97mVbSuXytp0frtm66/k3P93y8t739h+MxJKPP/s29P+cxU+x0qj1qNJUbBqLo3Hxk3CcKNJ0tkAVmnR6NAWovBCOm3nP1SEzU4/1hrEdspBa9VYnpluiSiA9TyaXf+mdL2Yu3DTj4Q2zFj3ZilBkuG3esv/6x0P//c+Hb75rwZ9mLly49tn1z+7K5mTSwTFAD0OIXh0yyfqnYWJDcQ2YOAyFTC9HRx3eEKlGL4KqTFRMH+KZpCoT1VRTTbXfzsTIF4rhyKT8sKBubLVECAb7h5pEeoxSgpvK5LV2kntKsgvaBoyKd03KNArKyKKlyZt43ldfLAInfPLF98DqYEIoZrAQmSRpI4bDL03BZORk3KL+Z0HKsdPwbp3NU5+mzECrWNRXRzFyxMXLOnkAG2OE1gaxuJqzWNZySsqEoUoc9kpmmqrYTJeDLDTCRKuQ8njawGMNhEnNSvam3+ISEgpx+Xj+4Whi5ZM7C8Vyvlj+9eTFFZt2ysZvOFzeP89a9PCqLX+9e8VNMxY88fxu8V4oHDDjx5/bvW3nR/gcisRntz21esuuj7869MhTr+ED2tyzfKvR6njro2/x858Pb4Cu/uqnEzMWbDh9sfuB1c+t2vz6d4fPtj22I5cvzF26eVBvFZ+/Bkx7i1Nw+ppIaMikcrmcoVmtp1e7vUqzO+BrThNhWSBCdHQe1tuQxdGttYD640LSOjBklamSzRW1Zn7huu3iXY1x810LoUxeeOPjIROXyuaHCWQeihi4ViaT1VH/tAGz00wT3ImNaA8j16u3JTPSyaChglnMJ1VlomL6EM8kVZmopppqqk3PMvlqtkAydykVNsH2GiASfEK43nndaLYePdF+5Hj7tZ5Bs80p3isGOIQ7EHX5wymFJEhOLwl4MDr8LHWUJ0BS7pqd0CQ+ISSVE2Lk84UvfjiZyxXWPv3Gumfe+uLbIw0iyJPpvJiD0gvJrEv8j6NKHFeytOqIDx/Etw9OD0YloYPZPHlT7hIiyuMkAwwUTpVXcBsTA88E54+mpL5wrQPDbnWNu984fA0e6PQAWaK3kwqDxXLZPO5Lhl8DEfJqX9yySjOSHW3vhDh56NHnO3u1iZTUrwycGBK3s08748E1BVrMpEKZsqSZGJVhMm9H6ZeCxcqP0nod+OnwCBqj3WgnybXT6eyMBRtxOihqrz8UiiZOXeh+4vl3HN7AT8fOHz97VXJawOaST3ggwaLHdkAOXRvQpwmtb8LpG4AsgTqh68isQ4djyYzV5e/RWfuMXH2OL5gB7N/E9+qtBpsrmc7iRr786VRXv97pC85dsll6dmWUSmWvEN713md/u2flrbMXP/v6Bxc6Sf6AFkFVSg5aUWtx9Bt5E40+qpmZVqg02Jz4w8IGh7k+ivmkqkxUTB/imaQqE9VUU021aVg9omlpGzG98QfC/tDEe3rwgGgyc/TEWZiFc3l9fo/Xf/TkuYkDxgEe4AvFTQ5B2VmlauCFUrmsM9vRTG91sthcPecPipZowMtCUbl+0zOAAwnBaKFYXrftzY073pu8d7RYLLsDYdNYwUGvmfN6Q1H0J5P/Dwp/r0e5MqyzkhUS4sZWHhs9VvlETD2rJKmXC7dW29Ii3H4SzN0KiwVDRcupxkOLYXH6NFRTaSzOGx7YUyVEk7zdj43HrgzTiuna8QU3lz9UGh/A1/d+ddfCjY9sfn3mwk2BcIwK4YlTMXRcG7z5rgU3zVjw3/98eOHabc/v2nehs1+m3TiwIxhLNfVc8gWjs9ue/OSbw9lcHm0vXB3o15ox8+ct3YIOL9vwCqh5vlhGh91CeJhKHfLtIB53irV6GFjLBWtf+OrQGdzdjAUbznUNShu1hhitNF+/WDdKp0EsmdZZnV0ac7+BE1N/ZoFQJBJL6i38pa7BXXu/hCRj6zDSE8khk8sPmLhEEnqZ5LI7fbELck7aqGXguwMdQrSHUdpPnd3Tq7MS7epQI+BV3CCIZ5KqTFRTTTXVpmr1VUpGKYMXt0mI3tRXaUquTHbCI6JYKp+7dPX4mUuJBKlnYjRb8rTOSa0BA9g/xIaR9zegv+FY0i0QN6FoLKGj6XfMzoDe5vIHgrVe5oslbzAKYic6bgyMyAxpjVWSuUuYufCJtz/+rrYXZBr8e9DkYIS+ZgbON2R26GweD4nEzk6jdMO/B/5QnL2ltjqJ11mVZl6SvEEfHhnBIJumrkzsLsHU2vIFUyaNPeUao4dyQZykR2eT7rtu0BEgBQQlyxoWZ4DNKKNDGLI4WGgTZtHJ810bt++Z8fCGuxZs/OrQ6XhCtDhIgTHp7NPueOOjx7btvOvhtZAoECol5dvHELp9oaYjWSpXzDZHJld001h2srQyPDJktB84eAzfFCiKbL6IvazDkHBWl5BIZc1OP3v6SsB1A6FoLJ5yeIN4Uol09uyVPs/Uy4kwkGgT5ctV6eVwCdxCn97aZ7CJc3zZPUHsLRZLGqMtl89XhkcMnMcTiGQVEgyI4Q1G+gx2C0mzRq5OFWOT8WwMPSm/49Oa+V6SCrneLU3QWV1iPqkqExXTh3gmqcpENdVUU22qpvQ/fqYw1iA3+eV4JJaQhKLiDPl84UJHDz6HwhEb5zBzrvOXrtZC2EEWbZ6QOxBtQC+gB3hfGNyL/YqWkSgJ4/YIkVobMC3OGwpEEvUvcSuVYR3nT6Rz7N3y8298ArqJs+XzhIBii4XW/bCQgA1CT4VwLJbKgvz5QjErKW1OyAoj+mYanGDkfawlOoArZnMF5lomue6/Gegwq1ICHUWorVMQZ17CGNLsvcI0xBUOrM/xJYs8rTrfNN+RElKZHFOG6GeqzuP/+gFGTk4+WZvhuVmcoVFalhFPllaNJDHceZomGFq3UCxDa9l4V/3UYrA5PPu+PAQ94/EH8jSdl7TFOLAH51fcLQImPO8Lees0Ngj04TMd8VTW6g4IkSQ0CeankSajs4wXlFTqJ66epimtFj224/5Hnvnkq1/PXelt0NvG0NtdIPTSrQqoUr+1QCTOewMDRnsyk39lz+cL1m0/2t6xbOMroWjSRdflzOM5vixOH4QKhrS+ezicfVtbL/PSAFWyEuszObzMARXCz+UPQR4Pmh1ihzQxn1SViYrpQzyTVGWimmqqqda6xdLVxoWqx31eJkGSkquGS92D5y91XrzcfeR4+/FT5+PxhMVmL5XLbiFqdQbqyYcEoIb1ZAusyOjws0N94TgIn2zepFGahkj8azSZrpJabyRexReMsVe5VldANuyEEBcSk00IPXhSLJnhvUGTw0cKZlMHdGZoQOWKx8i5LQ4fJE22UKA6SHrC3xrBSMJM1BRx9Ad3rG030ruABhO1bRU4EJxeulUOIL7TViYYqqtDZjaevTr5IO/rBJ4R1JrYXXCERBDFKmKftypJX8a4PiaViQg8Z21vPTAxbp6x4KufT+YL5X8dPPLkS5NcBCVgGeSkW+vAEglAnskuIZIKG24y5cSTK5cvQsmI09OZeY8vFKWJxSZNw3NX+qycu1Qe5pyey9c005ujVRrIJJ5gU8X8Vc929OhyhZIvGDl+ttMfTtS+TTWjOb5cmAwDJi4QHcvxNTiewy2o4LQ5JbDsyaG4dDVslBS+zPQb7EbOA7Ek5pOqMlExfYhnkqpMVFNNNdVaN1lK1BgQD9GoNBMUA4TF2QsdJ85ehj7xeP2lUtli43R2n83VXJYogeWeqlQqUBQG4gYmJ5WUobexrFYkwACKQqkbYIFskaQWG1AlDvGjuWIRcsjq9Jk4Ek7NlECNUUHMsCLonCcYS6TZ2/fJJ/6tgAuxW6PKxFscFwlUXwVSCnmoGgDUFqcKx2SoWz1IrfTJZcVbB6acjvYcZuKlFVGuH/lC0eIUhGBM/CiKpYqRk0aNV2llScN4bDQ3OQuwBNCra7buzOYK0M/ZfOGO+1ZIW4iQSKZNdXmc64EJw2aR7LRJ0EHW1ZWXQWMhnDBwnlrJEcLszQ4MZjCawO2zZifOX7XyHuYEJXv+VlAlit1ncTZXWUpYtfm1tsdfRE8O/HTaaOXRyR6dtTYBJIYv+DUtcQnzh2OGsUI3vutxGqwhkyWDmZfzIiNfJc6nsbo1ZoeYT6rKRMX0IZ5JqjJRTTXVVGvFxIm2poRwONJUHoC+HT1x9tjJs119WoiTVFaxCkFTEG7E+yFvgtEp9xhskrljwZTC5RnCtNp60yKDVZKeqJrLFxKprDcQsVLHsHHXoAk3ML3dA+O9QTDFWDJTKlfGCKL0fNeLIRNvGfdAwxWtLAOVdQo1TBjQsUg8jWNbZIGxJBmuylSUSZWOHqC1jj0RjdWVKxQhcmCRRDoUSwYicR8NH3L6QzDOHbCPm8nhrRnGXGyiXT60pCta0mgZvV0Ix6UZt0ap/tTbSX9wHjMoPucNhOOya0G42T/NXPTCro/MvOfC1YG2dc9JW4jgCZLa8NKtdYCgxaVtCmma6dTyegTigVYPHIX71dnd/lDM6iJpx0ST0F8oVvYeOHTviqeXbXzl5+MX44nUCMGU5yALKPIEJtwpp4rhkRF/KPrVTye7B/S1a6Mn8WTazLmhUvqNdqgvseAXG5S/zurExICgbZpRoAGgOpQUYJXWh8HXZ3Qyn7wByqSSzcpMJRV/AIhnkqpMVFNNNdWaWiQ1Or18SPivPRRqQlNKpfKZc5cPHzvj9QnHTp1zujw2ziFtNBUMGu1gFX4FiqYEEBm9nSyVMNLTuBQ6S0tldkzt3TAuAcIEamj3kPBZI++p6RNmIIsgykMm8j7bG4jGUmRdBcSXJJ2tvc2WY0stAnzL5BAGTWO+8mbi3+XlvIrxykpAF9xC1Kwc6CwBVISFZPGSUSY1BUIGZ4SU/cb9QvBEU2nIP68Q6Rx35erT2zVmJ8YHBl4IgceWpJqahLzW79XbJi3FVEldSHnfMzwHM4k+CgRjSe34GpRsEUOcZMnjz90ye/Ft85b+Ze6Sfo1B0kAM3hdxCfLrimIY7Lh3FyuJKAGeCNNdBQVvS1awMkGTbmOos/kiBAB6jglgdQfyxTJmWSAYWffMWwvXbTfanFqLw+Lw+oKRDORgibhNVobHtEqDGYhGFuJPNeWXAjVEYgkhGMHPTF2RRFwX44+5dI3WQmFJC+qfL+QZBAza4EuEnrMvjuRUTaG1OpV80qo0jQRTX2I+eb3K5OTnB/d+c3LvnoMn7fKZ0VX8jiGeSaoyUU011VRrYMnclP9TFyOVSmcyMu+exRjU6I6dPJtIproHdJev9kCfGM1WT8sl4esBHkXopl36IrwB8vkCccEHy3H4SiUWFO6TLZ/HQFig1Z0cD76fNigvJ1wHp+I9QUgdFqYCvlhfSNs8tsDiHTI7YRA2Dm/QH47GUxnQR2iYshz1F0ND43djiTQuGqfOP5BYLQ/SBEAQwXTZa+PGAJkFp/UFo7hWNJEOxxK+cBTdRuchkLRWUjMRdyRJfVa7X+O46xSaGTgPGRbOa+Z9MIuTmM3lh3HugCcQdvlDFvrCHhfKFgo1Az3FCCdSOfyE0Kttxzigpdbqk0QiQXSNyAlxDBS6ga7ax1ct8sWSzj72pCA1JQVAq7RCfCsl/8wOIZZswuYr1H3OK4Rknxcuwe5duoMC3YCaMilUNcE2DNFdCzfOXbL515MXocmrxCmLjHb9czE5SNFSrcU5aCKuVhyZgbFYMg0hgdvP0kKNhdZW0uoB/bNk/UtH2zve3vft5pc/kO1tDUwjOX3BXr1VY5V39yLPxebq1li6hsyYHq3k+Bql8TwYal4hhipFg6bYMxXzyetQJiOpXbsPWsf/mFhPH9v1eeekBip+7xDPJFWZqKaaan9kC6dGU7mRdG4kIqqWiI3RNKmiOCV3iCotrJbL5+OJZCgUDYUjXiEcDkuTCNXD7SVLJTi2s6vv7IUO8na2UrHaudS0CvOhGw7vGClxe5vLG3Ayzk1qfoNnp8e9yLDR5BCUEk/Rl6aEDU9leFoFBAZYUS5fHKHjCQ2QzRUiiTTzWeK9IeKTY3MbSEpTwoklKwAs+gX3YqBmJcW/g+BkgUg8kcoOGjm0sbsEnI1zkfaglaFYMhxPMS8pZkTnFIs1I+/KITDKw/icyeYT6ZzNTYLptRYX86GyOAlh1dN39gbC1H1Gktdoom/1fLGxkZUcD6nWh7nADjfz8q41YrAX9rIxMzg0m5OpCIlBtnsmuVGhpZGTWQsi23lCfylZn0Tx8dkthMeehYP4d2HjRwd+vHXO4j/NXHTLrDZ8SDSczFqbt37VRQKmuyoKKdSECMnVq3QSI0eCr6wOeedDyLCfj18IRZN79v/w7Ov7ijQ58ij7RtNJWCpXkpksFAumDe/22zwQliyMCiql9pTHFqPI4+OJgyJxnOO9dg+ZfkI4Fo4nk5lceWwNg2ByL0Z/OHKue0C/461PI/FUmTg0NpFzNbBodfZoOE8Ak3zQ7EAP6ycetgyRHF92jZnHI2OSVXq60dFQPIVHrKQnrU6yUscOFPPJ6SqTlOWXTw8eOMeLtx14/+AvhiZSVcXvCeKZpCoT1VRT7Y9p0TSxmqMDfW9aiaSq2DhejXoKwP/ikUjMCSkQCIdCEac/kkgkWa03adM6gGydv9RltfPJVBq8x+Mh77BtHG+2TqdQWiqdqZEkk7VJgTn0T2/hWWPeM/GKFN1mSyiy786LNPcumJzMvusGUyayhdUZn6Ov4UfAFCPxNHiY1uLUWV0QIcbJrk01KjY2FA7iJ0aik8c3QjyYabYu6hblZV5SzDQWl8birNmAkWNGf3VJzlO71jSs9qRqxjpDdwlDZkcyRRZ2YNBX0uGoQ0NlUlXwziJ1PMVbwIkDciFGZXpyvd0NZu2geXvFTx/nZ6XW2R2Bfy9c+wzvEfZ8+t3b+76GPsk1fFuvJet70o0SaK1OMH7p1nHorE6jsnjT2VzoVTwpr44wyX853WHmPCfPd3/98ylZp7sa6AwkfneFYhl6wxuMGOwu4vvE+al34tgg0KcmmIn6rc03D5r1G+0GnmT+DYaiEAbEU3HMUXH0oUefn7d0y+y2J+9Z/vTr7395uaQmhIEAAIAASURBVFcnvbYCkuksmyQ6m7NKa7y4/OEujblbY9ZzPlPd/GT9wXzuGDC6/cESHvkwyVRWO6GeDpfCWI6aqRMm+yzmk9NRJgO/HNrzTa9LbonJdfnkro/PDkQaPQx5+Lp3fXDsp3NDPZc73/74snSviobIai5KN/1bIJ5JqjJRTTXV/miWyctQtGkDRNkXCIcjsUKhEfdqCpb/F6wImsRksaUy2WOnLhw53i6btFcW8UQSNN1C3riTnFpQR/hcnuxgI0Y2mwOdAnMCFa5fHWLOM1qLIz/+CrkGP60lp1STngEndAlRZmLXf28wLqt2amigTFpBlaYIYxomWyhE42mXEAZptjgJ4zeNF7i4TjNTtlfvb8Z20XUbPy5HI/vJ2o6J91kcPqvDx3uDnkA4Ek+hb6VShfVzrM+jxBhK5WEtqfgugDuy08bl9IYEDZRJoUDop2QjLixAi09+9DZ3WLIF8ASiLL68Jm9KlQo2Tm5F7oL3kuxYhWJlxoNrEqnsM6++i3td9sQL9emta8DlaJlF6XYxRmhkuc2tqExMPFmqkm6lAFPHQ+EUjr3YPTRK+4B+PrTm+cXrX5K2aBnZQhHalX77yAkLpXImm4N6IdPP4TNjVnAenX3MScxMa+wws7oCEeJhWDVYHUR406VCnhZMbAVQIBa6YHJ1yCTZhXNCJdpd/gGjneb4GsumIDGjw4+9Q2Y+lkxDQ2IwGyS3wKweNI2tcIj55HSUSTJb3rX77IB0M8HAjwd95WyyKJ21TdG+/2D9RNi1v1u6SYUCfvn4oHTTbw/xTFKViWqqqfZHs1JF3kthqiiVSqFwNByO4oN033WAhHyYLNAkkViC451HT5zVGizSRpNBlj7IigEhGW7/WC1tQnR4v2yZCIgozkXaG+1OXK6eiTLwnqDFGdBYXJIGpGjJ5JhpWRg5kvu4WCq7hZiJD+BnIJLyBia9oa/HdSqTBqjSCiQaswOSwBuKY6yS6Wwt2xWzcDwZio0ZS3slTn7FzE5ZIJil0xf0BkhNSRyFY/PFIouSHvfWkR/VFoET2VxjOgpcsBXfHqZMXP5oMJqKpXI1S+cKgWiqXplk80WDvTn9TWXybCmgPia7WK7Y3MFEShpJhWHQGu12h7d30HDr7MUzFzzWQI5iV6xhwBJGMkr8i4iExphHE1I1xdyZlHI22Ij3UaBeezPct2Lbu/t/gP5PZfNog6+PtEXLgGI3QYHwipyeoTrmJEbC2TP5Qjie8tP1k43b393/7ZFiqZLJF+9bua3mWtkYuKt+Ewnu7zfahUhCunsycFE8LIvDCwXVZ7DrWGiZVFeTtcQerdUthFmWPMkZTE7BI4x5AIr55HSUCdBImUi3tYSubw4axV+WhOWn/T/t2n0QxjZk7b1v7zm46/3DyfFmu967SJZodh/c30H+PA0cO4bP+37RBRVf6/yukbXtOWaTbvyNIZ5JqjJRTTXV/mgWTo4WipO8F6YBEEevEPYIkWJxcr3360Y6k4Us6e7TgozaeefF7kH8Km0kQpWEChAXfNBlUt1cdF9DJs7okHpk4ddBE28k3DrgrnvtLcYwiRsmxEXsCFQljl7eFpUJ+4BDKpURA+c380El5/UafkNlQuN6jTRsXW8jgQetz4FxrUFA38HTWi4tqIVpo0oJNxv/IYtTiViLwZSJgRNMfBBSsGZ4ELD6kQ/FUrVnpATcr9bmtTgFrdwTR6c4b1hn90lcxegTJ15KhWL52df3aU32Bt0vlMqNWTjOo7M62VAQbWl1B6NJ8YAEwyTBgNLTpJ5+Mp0fpcspO9//as7ip/Z99SsraX/u6qC0UcuAakX3lJIaNwa6PnvxU1CPuUIpXywPGu3HzrTkiMSkgoWkbrM1XsasoUpdIqOJdI/OCn3CYqLE+oSN84CR6xw0mmmCr9pUZyKQpTgbvbHKpKdfN2YGIpenrUzwWPfuITrkl+5acjGhtmby03sHd31DlsmAt8e1ChoPjGvjaMexkz46jsaLtQZ/OGRt/+aVE/FMUpWJaqqp9ke2fGnChaZ1BGN5fzCqQISuF+0Xu85f7vYIYRP1Gj924uzhY2eU3PRzxWHwQkIm5DLYVmjCIqtnIh9rNl8iju+ugNbeErEG7zSQIu4TFT9YEiQ/jXJuDOPkqIAWy6UXCkX0sDBe/+4GIpPL1eJ6zQ5vfUm+FsHIWSuJua4TmGCDJg7X6tE1WTRjYMoEyla6QwFQrU19BR0kO0LA5Q8q8X4Gfyhae49eLJZumrHgv/7x0LUBXbFc/vrHYzfftZBUebe5QlGZl/rBWKqsENfO4A2SBM0mzoNmFt6jp2VAjTxZP2F9whaTQgLrQpEUZ1RS4D2DRovdmSsUn3zxvQvdQ1/+eDJZt/7TOky8FxOscay/EjC6MxdtwigRH7A8yaf2/mctMUN/gOTvJvc4Pv5TBb4RRs6ttbr6DfYh4o1Gwpwkhr8AVwdNVofH4iB7axJIzCevV5lAHuz56BCMqYjrUCajo+U4191JxImRfRkmlAnExveasd637z/IltlqyynA5S/HNuIL8v0fVpmMDid7zlz2/fvWjMQzSVUmqqmm2h/c4q0SOQLws3hmJBSKVm6QS1g92i92d/cODg8PHzt5LhyJ9Ru4zj69Sc6HXogk9dxYLqBKna/OKFvf4PwGfkK04DNh1Zw/IReNUI9yuWLiiG96LYMw4+WpdHMC95+mTHzBiJnE9JMlJDMNoZG2aA2g/oQZc1OuzzhVTFWZsCD11pWJySk0SAw9SqM7cJsg/U1fxmOmQeyB4uODEAz/dd7SJetfnLt440eff3/r7MVbXtqTpwoB+pnzjnkb1oDH3Uj0EMbvAeN3UT8r0Giw9omKmbwnny+YSXoD+eIbgQhx21MqiPnVoTN5nK5SgchZuG7H5pf3NoiHaQo9jeKQpE5uHWu2vP7T4VOJdAb2+XdHHc6WpG+PzsrEQ3JaighIZ/MGjhQRwlfb4wtc01p6dTaJlxcbbaPDzyLZbO5gheSCHhHzyetXJmfHtly/MhnHnjFpMaFMdu0+3D7+9xCXMI5vHNs0OvrLeweTiXjNatv/SBh++/2T7f/eqjLimaQqE9VUU+0Pbg3fBU8C+E0wFHEJkdYPmQYGhvRHjrdXhkdA5Y+eOAuqBCZn5V1O98Q7fuLfYicvs8HqXP5G70pZHiGcJJfLC6EoThWKTCpp1+BesItkE6avqHV2L2voE4Jmp7+V9RZJJqVWlUmRKJN0s3f504CZG8spVKVFrB0Nx60BGNm1Oq+fNzVHv8GGa/Ua+MZLFgxMNNZnLJAFCHk02UhegnmyZLupbEsitkq9CjHTXnvvQLlSgUr586y2JY8/x7h+lSTv8ulIWD/huA5vgITj0O2eYKMai2jADpEMAGY1SyHFeLM/EJJ1eCNZ14iLo3R7DTi/kfPmi8WOXs2stidlxxnXmrFgY304jQQsUa/sGVoBDjxz7sqS9S8tXv9Sd10suyxwpT49mSEt+vvJAhId3RYm/1nAFzwcT3UNmToHTQY7mQb1QgUm5pP/icpk1+6f6L+FXZ+OKZNf3j+468uxwBaRN9eEMol2HPte828l5f9hILJEuu23h3gmqcpENdVU+71aMkdMArYRVmvW4n/opChBswDTG4VsvghxcvjYmXg8ZeMdnT1D+OxwuiO0BlwsmQEzMDkFdyDemAaduqx5+uX3ZizYsHbr69te2zdz4cbc5PgNly8US2WVTsHej5ocfogZQkccXlC0IRPfoiOTUbRWM9qyMinTnGCpTN2Tuz5USe08L1snyeTyDco1NIXTF7SQOnRNIjRuCDoGSW6uFnknlLOl5TJ/Dk8jBy2H26+3u40OfzSWsLllHAXrQfSzO1gslZZteLm7X9+vs9w0Y8ELb35i5dwe78QZSpWKgWN1UXxDZgf0YeMFGchpzAedxSndQQEJZCS8mal0v93tT46HQAAk2tsVaDyXoKDYsdl8ARosnEhZnH6XV/CHoqFYIp7MYJ7Ynb5Pvv7ls++Oof0vp6+cvdLTM2QMTS5VxLKHyTpVtg5fKBpLZUhChUyulQA2jDkLEenXTz9i2ewgcUT4myPdMQ5cBaOkt7t09CWF2N1LzCf/U5TJ93t+au8m8SpHvzn89ndjqZchUVwJb5FkxT27Z8/BC/22rnNnxAspE8ePCLt2H+zq13Wdu3zgcyZs/kBIDp75N6+WMIhnkqpMVFNNtd+lhankqGde5DUtNfBSZk2B/5iD0aSDJDatP99vAlwmEo3ByuWK1yf4/EGj2XruQgfndIVCJBcwJXaK6YZqON0xeO+Kp2e3PQmmwzk9T7/8vvgAyAwD71c6h9NHouqJMw/vJVG2vAeEMp7KaG1enb0lyvAfpUwKpZLZFRg0cVWSKjdhpm5d0katgVZw9/vD/w6Z2kmViY7k5lJ4TiIwZdLYQasGrfJDZE5cEG+DJn6EpA0IhGlOW2m7ycB1PYFIsQhl8tJt85befs+K//rHQ7fOWfL3+x9Zun6HuGWpXNGOR7RjJBsv8uhJvUIf55VPmYVbhk7WWJxQ0ewtPjSGNxirUlhpMc3GEtQfoqrbJbiFUDKTs3mCpGPj5WU4TwA69p1Pvoun0hu3v4uRaXv8xftXbrtv5bbVW17/8MDPr757AKw9XyhCX0WhihTiwVoE7sJK5Q2+dDqrE+YNRCLROHGcqpsAVeKIlWPDqJmua2KVejaSUWo2bVg+DFjXkImoVs5jukFrJiRaXdYUZ6iK3x3EM0lVJqqpptrvz4gskf7lmz7KlYpfUMz889sBVzxyvN3ucF3s7LPzzuOnLxjsHnwAOUhmm9AIBuoKPvLFd0fXbHl9zuKnarEoIyQNa5Lzybsz4bo6G3mrrTFPOBEx1jtG11p7if4fpUwMdvK6F8qEECxRqbhpwOUN+AKRVDqT/w2CYSQAC7S0nDW4QJ9RKy1Bcx3+iHQrBatjY3IINM/b2MZMNmdoJiGg95gewBmgT1KZbCKdiSZSORrPLW1N9U8oRiQiSfxldUZj5PD6Nrgj3i0oifABI4nDCdF8wSM0hRe+I2yi9hvsRMDzTdb3oLdxp8lMdphW8Exlc6FwBGZ3+zVmB7Z/+s3huUs2X+7RzlmyGQ0eWPXMGx9+g65C80O04DbxzeoaMC5e/xIU18+nLj/46HPf/3oGDXyBMIRKNpdH30foyLAr7t3/XSgmX98cVzQ7/INGTmdzmVgRd2ZUYpHnwnt0VhcUo80diCRS7B6xPTfdqchG2NDCKqiJOkNanORdhpmEaTkxi8R8cprKRIWKUVWZqKaaar93a4GbTQHhcFQIyJP43xSgMkdPnMXPfL5w+NgZm8OdzOQ1erOJa55UKlcctrqD4BzZbL57yLx6yxupVAZ88fODJ0ZInRMhnJQhi4DDF9LRjLp2UUl4BrNjrPpBMBpv+oZ1lEbbi3+dkjIR++RcP0CsXQK4pgBlAvpo4Nw6uRy4rWDIYNv7+fdtj23f9tpHix/bId19o8GK6Bl5X+PsVQyxVJqGAI0x4HqiX4PSLuhPXIsmRJZpEIzElZJcAXpuIqwonSuwqaKxupREBUMqm6dLBCS/HK5LQ6Em9nqDEewtKsSUV2kaaHPd8hfGCrSeuTlhQEDllbISpzJ5tIk3rKZy9/KtvToLRP7uT753efz3LN9Kqo6Uy5ArpUoF8uC9T7+Hnlm24WV0QwjHdGb73cu24Asyu+3JvV/8tGLTq7FEavnGV6FkVjy589Slns5ekhBcehkKokycQmy8Vn2V3mOVOlOFIjGNzWdxeIycG0qVjRgzHKKxODG9hUisOMXaSi6a6djaLNNxZXgYkgmSHhODiZk4zYEh5pOqMlExfYhnkqpMVFNNtd+ZheVfR04fUCYuz/+MY0H7+Y7281dOtV88dvKcjXfiA7QK52gSdVAlKbnYS1ay1PPQo8/zTuKR9cb7B+5ethVbwP5lT5DN5lhdc43FVa89cvk8i4anqZCc/mAkmy8MD5OS1cMknHkSRklS2kmRGC0qE5xJTM6uH+iLyx/OF8uZXGHIxOMnLWLNSdu1hpPnroajic8PHs/li6++/6V0943GkJkkoTI6hHwLUQdiZQIqCWkqKTPSFJyLPH0lb70qiWoQ8jQBl9yuiccNZWKhZSKbRsjEkhkig91+PBomMwKhiSL0pPAO762/HANLYK2zSSuBjjImzZPFEPqaXzByHqc/Up81y+UjrlMNAl1SmdwTz7/D1nwuXO0/29F3z/Knfzl1CcoEXyUMtYX3tHf0p7O5jTvevTZoWPTYjoXrts9Z8hT6tnTDy5jGn3x9OBJLhKJxjxCCOIFMomsvpJ6StNN1ykQMNMdzqVSG8UzxvcMwdQ4atTQbGBOBbPSMdjdkBrond3oZWEkZSqFpxuEIrXRJHj11IbOMJw4W80lVmfz/7L2Jm9TUvi78X333u88957n7PPc7h723A86CioCIOALSjIIgKgIKgoIDiAPKRhAFBVEZZBCasafqmoekhiSVmue5qqu/d61VXaRSqVR107j35eR9fk9TnawkKyur6PfN+g0Gpg7lTDKUiWGGGXY3WW9/jicHrz8QDmu7vvwJOHX2j+sj9rGxMYiTy1duQpZwYhg/OzEPEJdRt2Sn/JK9mgWHOH/p2r1z+vb949g4XUBQH0MhhKJ2WibCzvk1T51IZWxcYMQZMLfm6iGUiHibkERhjB5NmAxGaHKLIIgmpxcsiuTA5QWQIUmO6BiO9fhIm2AoArbdatlSmVTEUxpuWWUgcMwA9DkWT76/95AcTWRyBVgqm8eZ1bfXG+RQ5Osjv9w3p+/Dzw6+tX2vevd0g8Z7kEGOJjXYqgpSKALR2FQCmCEOryyGe018ChaOCWB2+YWgdlAHgxxLmT2SKg9vMkO8ocbp9MvlC5lsHg+LOTtVKuQ5KBsrgRu0ThRNL9KaJ2xGYcJUaKFJndf5jMcHZL3vJkbDJ4UxD6lPFHHugmJBj5h+xnaLu9fsz3VaoBBzCyoRImfI6sGvP5w8H42nYonU7i+ObHxvz2OL1uFXKBCXT/r2h5NQCCvf2hVLpqKJ1JrNn/x8/hoUy4zZS3AGUSaLFbi6iQbJ4DajyTSTZ5rKBBhxtSjGS4NWti50dcSOC+EM1BmM+oDRMbTxIs6MC5XoM9D8H4NG6fBdw2NGXX6a4oycAbdmn0hBpuSThjIxMHUoZ5KhTAwzzLC7xiITFbKmF+FwLBy9M6fuDeAAv54+L4fCoXjByflvDI5cvHRNDKkJWbE8xkskPt7GB3PFFh6yZN37S9fvxKY9Xx1Z2LdJxVHY61gHYaVeLfZCgM0jDsIaU5Q21UmVCSmSIDXy8sUSLJFMwcRQTJCjvBhx+ySYyyeCK4N9WqgLisUjgIbS8vOSlQ+2m2o7fm23piLq3RKJVN+GnTNmLVm4/J1lGz44338zmy/24h/VDjBdMHhQUnBuTao3vfBJjTp6Ia0ahSpAy2HQlL0Cg8aT7aWfHiFs4Ug+rnGqLlxkvaWjnBin1Q+D0Vuap5khev/h4//n4YV/eeCZ/+e/Zv2PGQ1btn57s6US6Bcob1OZAODQyWze4vZZqbeSnURQaJPmOo12gI7SD3BvAg8umsySuG3K5nGnJprCODXJiCYIexyrCsyoN3RLPZXJefzBzw8e//3ygCCHIcmeWfpWvlD8+1PLPvn6KAQANMKTL62HioMQcXlF9MfqEej3QmTaqZMyqdMFK+WWYTvP5kY80fK/E0amUCq7/UEHL5iJZ2bjK2OnydCEUBT9YVqRpDfgJWzSnyHoj0OR4oylVsOpPD5JyScNZWJg6lDOJEOZGGaYYXeNRafbj4shFI6mc9r06E/DL6fOVavEZ0qKFn/6+bTXJ9g9/mq1ap9gdXUSPULcfuw+ORxRF4i4cOn6A/NXnrs8cO+cvnA0MeIUkplbdyRKpCo8uJFOiHOd5miyE59+QmLI5TyC0l2+3gbwnhp5x0z8T2BgyclMLp7OCMHQqFtoXyoBQ/IKsnILKTjdaqNO75DNozSTgycLMi3mM7lA9Qh/Yi/LQd1Onb/y3kdfr3xr98PPrjn401lOjJjdPjDgcDSWyeWZN9qtu+2M7Z98M/uF9Ru37T34/clMD+UmbxPJDMl7Cwu2PdN2uAMhqD7ljeAj5GNFqwqnEnX6NHEVlgq5TmKKRBLrrG54C3j0tF5nI0KjGWSSzRVCkZgcjvIBkfeLHp8gSCGTVTunLa5r4wS379ZSACQumyq80HBSMjm8mJbtT6dO65xgrqu26wDnwFA4fSTzFRtVqJROIR+dwEsRKwli6ejwBkAslSsV3Avm1bGTv+Oe7nt6+aML1zz18huZbP75lZtZS8w5KZLE/YL6S3IYM5mtAoXjGioU7XlFomryyNwNV65OVVZrtRq0kNNLKtOzluyn2eWDReMJltYincurB7cVdvpVYmtxdVr+pSmilHzSUCYGpg7lTDKUiWGGGXbXWBt7mR6Ew9E7UZJ8UqjWaid/OwdNAgsGQ5xPOn7yzM+/nr10dbBO40ZMbNHDo10Mfpy8ja5v2rEPPOy3s39cGXZd7B8aHrUXyVpHGrQcB7aTPyWITqC5rdivUSibHiIfNAEeZtdKjWXVqnM/BeTzBUKsfbJfUcIvlkg9MH/VxRum/YdPVKDoeJLmiHC1hlsaS3wkWDyBETtn9fjlUJT5iU2E0JCTgHEuWvEOyHe+UJQj8d6rrU8ZhWKZEUqv2D1KB8qNRmWot1to7FCZluxU76OANiCThwRs3NpIX6iLHY7AhBxz+kPFcsXCBUfdYjiRxhacv1As/tejz2HoYqm0nfNnCwWfGFr7zm718RSYjalcXuleSJTJxASuk7S/JAqCkWCLO6D0CnNQt6VOd9QVYoiUSbF5enXlaoJoXRpYjxu3ckFVOVEl0KBIplAlVyTZyTCRGJThLnKs5W2K208cpSQtFTpGSlLeSj9A5jBTbk6v/iDQaBySaY2MdjYH8cMKaLKUXzjDoNWDmY8eakYEYcwdJD3ahPIktYDkTK4QSaQgjZR80lAmBqYO5UwylIlhhhl215jG39XpAJRJL1XP7jQsDs+PJ05ZnEI2mzt19iIkitPNJZIk1yoYEpMloVaiowIOdLl5OZK4ePk6CMdLq7ee/v3yhvc+A1XKdq6zxmBy8FAOfrHx1tYrRjR5TC/w+CUprOZe4E+d8thOFmYnKRBJvZhubdz20f5dXxwZsXkeeXbNqM1TKpWT6awYikKKDNt5mo7slp8YeBtulrqf+Z1eEaoglcmSl9xjUCabC0USXqxPB6cLJJKbElBPoHthx07KpFyuiHIM0wN0HMyybT8pXo5xkMPqvFuBYLhTOlp/MFqm4fX4GUlkTC5om1A4nvZLof94YH6pXO4fGN3zzbF0Ls/5g7s/b9TaVgIDiLvLl0pKtzqlMmFtguFYMxEwVAELEcEui8uHPjdbThZO4hmonf+6rlUHiQHbmZQlKzu1GoRHJt9xNZW8JqjVQrGkHE3IoYhXCjeXmJrQVCYYQ+VGhjFah6f5K1QKm6s3zW5FKw3kCkUHdb5iv9apOyJ6Ner0sYF10LUjyAyXTyqUWtIb1EldV+LKlZhwMAtGEviVvf5Al5R80lAmBqYO5UwylIlhhhl211hvDueTA/42hyPxUqUTV/nzgJ4ExPCZc5ePnzzD+cRYPGF1B345RdJ2gStIcrSXLm7a+WUylX7wmVXfHj9fKJb/9sSrS9ZuS6Yy+kEX5PU5CBkvNhN2cW05hXuHhZPa16BIPcd2Tj15QEE5yApDWJX3du4r63P5oleQH5i/8nz/kHLXeNMJh/qegXSGo3GzRxwlUftkXYWYL5hKZZOpLA6/f+4K/Hzsudcm6wg0BUCwMWXi8HYPFxmyecydC1PUabG8SqXqDpCQkiitHwKYHBBywUIHaSpq5ctOpLOptNqTjQ0g55f+44FnIDDOXR747dzlDFUme745qmoMfHHw+H1PL3980TqM54K+d9hggjS3h8uTM9fGSJ5c+qafrp+Qt/5CcOqT0MaT1RjNIQVr58UwdAUEP9pE4on0hL9fgRaMt/SQthvndfpDZKEDX8w6LSAjkiUmVTOVMglHSJbkUbfgESLkiopddZJw79bC5pURUugGdnnIqmilAU+ADJpX0NRgxOMLT5MXiIsXnWmNCiojdj6RyUJTQQ2a3T7Wvlguk1B4xdqakk8aysTA1KGcSYYyMcwww+4au0PKxC9Mj5fR7SOVyYdIwYd6NJH56efTv525YPMIhOh3jg9pgmbjlfFz0YotT7zw+tl+Cy+mFq3cAkY4b8lb4IgHjpxojxthn10+Qgqbv8rRZNfQhU7ASfi2Co/FUkWOTUOOARtPPX+0XHRAN4moeHr55UELLqferQvGuclL8trY4KgDuoU6dGlT+UkBZ5bDhLl2whgtvI2bGrRxTVnYCfrKRAXMBK8oDzvJW3Nnt3KETdRJCErQG1SvrjQBHfKXmfOeXvzGEy++/tLqzZt2frH67d0qZZLN5c9cHtj9+Xc79n7LskI1b40qk463Sb6MwQiTUkQhuP1UMKibdQW4OJM36h1aGKNrZclMjhMjIy7iQtY1x+44HSiPEG52Dv9qZlvWXjORSd7kfKnk9AUtHglf8GQ2x6qmEv8xjwSJQhepaABStyxzVHJI8ZRaSbaDXLRY8ssxaPKGHqY2bOPDsUSlWm1Phqbkk4YyMTB1KGeSoUwMM8ywu8ba/u5PA/DXOhiKViZZF+KOIp5I/XrmjzMXrhYKxVQ66+S86hZtwF2EIgmbNxjPVNLZghQMgeeAMlpsrkg09viitReuDHl94rWbw6WJaONhs52564yTnKFk6aA5uulMbspDDSaZSKtTD3n8t+oDThl14tVGiGOlrWxFY6+TGxixjpFScVO5Vp1W9Z4xe8kD81YsXvf+2x98pW4xeeCcsWRaZzDRVZZLaqgHZTLi4HtXJuPEMyfOsvSy5Ac63WgCU8Ljb9Sy0AQfIMrkf8yYrbS9B0i66ib8UgjD+PiidQ8tWP3rhWs1xdlSusqEoVytknQI1AfJzgntLlJd4RFIEdIelYkSmGAmp7fp2qQDDGZIq6q9CprKpBlngsOh3CLJDMSJ0ydH48liuYwtyUy+qRx0slYwWN1+q8ffqdakJvCfgBSODRMd0nBxxAyxcwG2rpJWnErJJw1lYmDqUM4kQ5kYZphhd4dNe4HFJsKRWCik92L7zwTIyi+nL5TK1WQyff7SDbNbdHG8oPsSl7JbwmNG3S0C4MmXNkByPDh/5YPzV43T19WcV1i6fsfite/hKvfNWVYuV15c8x6oszsQcnUuKzEpRGMJlTAYGxvztK2iTBYk6a2HyKemmlLhhZWbZ85bIUfi7+zc22OeWRXQz+Nn+7O5IsmSXCjl8t2pHrRELKn3rhqTKp7O6kwtPAi2rDFgdlUmwvHVjSYA0mzVWi/SRJaVafcGwVktHqLowDv1NRvVfl3WD+t0hSGTy+eKxWyhQNZASK9bBvzykDWbJ4tO0NUDI7YFyzY1vfukSLKrABunETUWNyHKLOoDj773Z1onicjIsTr6ShO4Cwd1IdN5BE1MPFntlhBX6VyeBOGI0B054i1GK5ayRQnNDNF16nmFxn4pwnJ8k2+0U6Miqgp26prVtZkmyEXHxvCkRunUYhc1OfjmfSn5pKFMDEwdyplkKBPDDDPs7rCyNiOdBuCvcDqThT5R7/jnISDKP508Y7Y4vH7h+Mkzbu4WV1ABvJC6y5P4eFUT/FoqlVe+uSsLll0sPbZwzVvb9/z9yWWrNn08PGrbe/A46AgpKVetceItv5R2uAPh3p27LFyLvzsubGnr2GTB8gWBgZU6yBKgb8OOE6f/iCUysxatlbs5wGgCDP7Rha/NnLti2fr3fz1/NdRD8c06rUGhf3elzimzGIZoGXh2g7SiZcMgJ0w0h7LDKwakcDydMblFi4c4OFH9QqA+1wRo2AaJeudpyq86iTYhnNjOi50KcdZp0RudcyoxYHHTRYnAkL2RzE0JOZpYvenjh59dc//cFY88u+bn0380d/WoTEZJ1U5+nGo/KZKw02Ulk4MUZ+zaw1KFpMqNxCftPeiXwo6J2ucqtF+UfLk6z0Z0mz0m6ipG2D8M03iUFq2PdauqedPsZPMB42zzyhaOVAFKZfOQ5fTZ32pZpxFi7f6TU0ONxhExQZtIZ/Grkk8aysTA1KGcSYYyMcwww+4Ou9OQdEtN/8n49ewfLq949txlr188e/Gai/dphrCDo9jpagmIS6FDcEW+WAaTyWRy67Z+mssXZ8xeen3E9uHn39ld3DNL34QwAbnRianAXrOb1AxpJ2eaaBa+YICqgWpSbpksQI+KJcI1h+1enS48+uzqDz7/zuLyPbN0g+ZYdUWhWL42MLrryyOPL1r3tydfPffHNXULLXRl812VCWP5gzZ+yMaBkVtoCUKlkVqWfJCWsAyOugNOn+j0igLofzJVKjeKneMCymvwIqnIySkCIfLFkpMnizOQo5oqFOLT3zm8RAV9ZcLA+8WrA+aN7+25b+7y5sYelQk0FfrZ/DUYibPCNfjpk8Ja3b+FSIxkl5qCfyZNfab9NDNaGc+6uqW1w0TXTJQlLDVxw+yiX2rJ6vLi12KxBHmGbxYLnU+mM/WJ9GJ1UvUl2Iv7WY/A3LDSOir41ju9RqVFA9ME5UwylIlhhhl2F1i2Y+rOaUM0lkgkNLws/in46efTIHB/9N84c+HK8ZNnpFBEVZR6nGkGD3mX7BG76zY0/un0pYXLN18dMNVqY/fPXVGt1mbOWymGIgv7Nj3y7Jpoa53pJmKpbJGG9jr9IVwOOkfdohVKAodLCOGEJtXrEecuD6CT8xa/XusWCV0oFPf948evD/3Yu9uPChBpn//j2KML1/ilMGh/l+tNAEQTCkG9VYFytdYpMy/DpUErHuKA1eMRwg2ZQT2mWAnLbL4oyWFOCA3bObpmEmBZp6hNSJeJZRYbF7B4RIvbB7Zqdvnb7yAUS7H2sdYYCSEUt7YudumD9dnk9JkpdW6Hmw889MwqPLttnx5UjqQvGOtlYHGPXqFF4tZpcDyrY4O9mg5RDLSgR/fkWu3AaTsVWBx1T4+vo049kybK1SpJU+aTrwzbCkX1f3x1Wt0omc1ZOBIoz0rZmJxes8uXyub0vfV6R7ZQtNHyi0o+aSgTA1OHciYZysQwwwy7C6wHMjMNCIWj0/Wn/TaRyuZ//vUsOjMAxuEX8MHFeauKpYB4Ksec0f2hLu9flajT9Kwnz1+/OWJds+mjSCzxzeHjO/b8IxiKPfzsGuYjpDrEMrEGggNd/jA6hi2hSJy+rW9t2oYp87mdew+iJ4Oj9vvmLi+WKpcGLLNeeF0zL+o4XTgKx5Iz5y4rFIlr2uVBs7pFb9i+59vnlm384vDJfKH4/KqtvbzaHydUO+4OhNVbFQCPZPmpOqHJ8qE91PtaYeUCrol66ky94KGUypVINAbKa3LwmCxsVljcfs2H4/GByAapdJFtnMCiq5OZPKZT+6NXgl6uDrGUorUyRmhsDFUmjYSzqsYz560olErFcvm7kxc4RVERaCL9C43TVTLQ97jWOgDl5VUzfakPkWZxqcMwWKyIV9R7Ipog6bx8smb1kmQm154OeGpgWYN9HWbyOL1BPEomOMPR7ktYPinMnK/IT6o5bbxEQtu5AGZdrVbrOtqawFHFUtnhFZV80lAmBqYO5UwylIlhhhl2F9hU/rpOHsFYIRyfelqq6cWwxck+2D2+XD5v40RBbBAa8FErHwSRsnDSFDoLbgdK+uD8leAu987pe3/voflLNs5bvD6dLahcZXChgNx4v5vOFUwuUtywWCyx97XJVFrn6iA3Lv9U6lHgnE+9tB6Xzubyf39qWTieAt18aH7fR/t/UDelIBfi/A/OX/57/81kOtd/06Ru0Rt27jvy3Iotmz74slAsrXp7V4/KJJ5IgxGqtypQrdVSKb3sDZeGiDIZdfmvjtjV+1qhVCaawKPhBEJqmxUzVTC7A6D1iVQWsoRICxcRvSa32EmQ1+nwQvwEoylOjIL14rnbvWSFR0eZ4Hk9+MyqQrmcKxYdbp/Z6mju6kWZlMtlMGxIIPWOCWRyeVyaEXEXqQNzaxeOwvaC7iKVJoQgCTLxy7H23uF+u/a5R3RVJph1Q3RscWu9OCW6fGQRBrIK/R+28WxNiR4umV1+By9MlLVRH6iDOqn5mDKTSpeCkk8aysTA1KGcSYYyMcwww+4Cm9Rf1ttBJBKD/WmX6wXgFm7eW62OuTlvUA6DuzhoYMmo+1ZdNk04/XpvjqvVaqVae3jB6uNn+h9duCadyUNIMEo06vSxIGv82vS9weWU6USxuVypOjtn9LJyXbqniUQq8/Kad8HmZ87tm7f0rVy+eM9Ty5KpDGVX2mdDVw/+eAZs+/kVm/d/e6yX2i+aAP/+9cK1vz3x6gPzVpJK6tpXUwO9GnHpqQXci7K2dztGaO1IKyf2D9kmItu1gUfj7jzg48SRibPz0pDNo9n3bIGUEQzRzmAWReMJ5gOWbCuq2IRHCCfoikG11rKgxtZ5IG+gbfySuuolcP7K0Mx5Kx5btPbBZ1Yr/evcAinloWiogXSW5Mwt6S5T4Bxk+Y4WZLTT0iXstKxSR5cLaAFSB+IQ92mm5USaKeBwWjGo9z2aFCLRuIM63al3TAD9HyHlXLqXfmewefxWz62zobd0XSsnymGTw2vjSZ0iNkR2XjA5+CipW6K9kIKNXilqogNop5nc8FnJJw1lYmDqUM4kQ5kYZphhd4Fp/SW9IwBfj0bj+R4yxv5pKFXqbo4HvYM+cXh8Fo4VOgjp5MvCcBUKpWBUL/5hnBZA3LnvyBvvfQr2D3IphWOkrIGXiBMHL4TjqVF3g3OP0TiT9mWETjEDdZq0Sr21B1Qq1cefWzNkdly4MvAY+WA/8vPvW3d/rWxTa2XJ+OWbY6dz+ZKL8//1iaVTCH3GIXji+Fkqlc9cvDFguvWOvyvQD7df7516jWSX0lAmTGxAVrFsrRjzIbuXF0I6pq9McDYWdSBrBVijf3IkRtYTJpQb2tNX7EELqfmt3X/lOCvR9EADk/ZKEZdPTmeybDLUJwq97z98cutHB/oHWpzr3AESS6Pc0o54KoM77RovVKeqz+mlUTe86BVDmVwBXFxzGUcfZOjcAUbxi3SByMoFSeqIej0ST/WydtEjMDL6yuTKsI0FmWCE1fu0YOcC7WVb6vSO8sWSGIqx/MukZk5DwgUsNIsA7iuTzWEy1GgOMehALhC0egQHzQ6HMYwm0rhxJZ80lImBqUM5kwxlYphhht0FFu/4VveOIBKJ/UuJE68YdvmCuVzB4SHvU126iyGAwx9TZe+lNFi5gZTD8wQapRuUZdrACD0+0UpTfoEkiaEImkzKoQUtxXCsXcb0CHTgiRfXX7w+At65sG/T5ZujqgblSo2XoiaX6BYi2Vwel0uks4MmG6Ta1PIF4yR+UX5s4eoZs5fMmL0YF81qxRt0QiyVqypUIuWFDeEBdoixdXhl0D5waKdXsHGCmbBDgWReooPMDHTw0lAXMoo2OIl66wRGXV48JpNLO/gbHJTESbexWJ5GNYCJpjt7T7Wjf8jGlElTBkDUBaRwKpv76vDP67buSWayf39yGcbzt/NXlQd2VSbYGZBCnSLRNUEiT1yNWhywrpmv2oGZ067o5BhR5iMuQb/DOqDTQGHU2QwPcdjOq5tSEIFEtAG5i7iuB2ATmEtDti7hSQzFUjkYieORsTUZpTXrLY46faIcGVN8c5V80lAmBqYO5UwylIlhhhl2d9gU2cFU8S8lTuoklMJbrY0F5ZCrW0n4WDwZTra85Y2R2tKVAAmWbXhYEQ7kbknMqsLYWN0vx4ZIklPitGP1BKbMzyYFsMwl63dCnDy/YvP9c1eATmnWl2Co0zpxR078/vCCVacu3Zy3eP2jC19TN+oBAxb3+3sOkIqB9Toup+9HNN6QeQ1goKA9QNDNbqgOUguSmcPHVEfjA9uIYTS5xVFSpYSDxiCZBNIZEGLWYMDiUl+pFVaOpAxWb6UIyHGcxKNIE6yCVwTdFzi/xpILL5LVGFjv4oQpE9wFJ7QEtGBAZi1ah4fy8tptqUy2XKm+sHKzsoHT36WOIfZCQVkUHko9Ak+Npbt1UKFVrnZJ1twEmoXjSRylWqXBdjMn5QpFs0fyBqM9nk0JzF1o5ng6G4onYa5AyEmnBOSBuilFOtco/X5t1Dk84Z+mAzSwegQ7r61FNYFDMBMc3iBme7VaxaAVSxUpEpciCaUgaULJJw1lYmDqUM4kQ5kYZphhd4d1KNdxp4A/25F/pdqLDo68kgYPdnNefcpi88pKv/9qbdzKkxWPMZplmJeiyQxxtrGR6GE9ToNDMvkCKWZCoiAkQY52TRl8mwA1vHJzZPmbu/BBkCPLNu7iAt1dwo6ePPfKuvfRNxBrm6NjeQ0d+KXIfU8v//jL77iAduB4E6F4Ro6l/XJ8wmK8EHKRV84T3vwsey8vYsRIJXK3n9VfBx2UwrGmCw31oKGgWaGYhukUH9IEUT6cxiOjDBWPKahJLhlcJCuX7A9qrClVqjUWsGHu7NalQkdlMj4+6/l1LDqoXKlAZy5eu13ZwOEL6V+BhIDbeHNbjuyuwLWgTGycaCMeiaROZUDuSU7gSZCjeHUlE5xQjqXq1L/LygfFyBTzX9MFE4IxmhmPjrO26mhm5boy4rgoOsmB4+MXRGcym5moX9KCOvGZlHy0mGaPIB2g+ll5/UQm10mNK/mkoUwMTB3KmWQoE8MMM+yusT8ZECfhcPRfZOWkWCyRCPhwTJmkSxPRZEnpSeUMRMG8x4nPUiGbL4KaQJmMuIjTSI+l4rL5wrCdRGk7aHG9dOeA6dsEmBbI7Du79j/xwlpJ7uL208TcxRtnzF6ydMMHB77/bQpBJk1cvDr08mvb5i99K9ehSrom0EcxFAWvTYOPl0rtKzwktMAn62gGkp6Vju2Qo8vC1KhbtPMaix5emo8rFNfz/2EKE8JIvYMC4oS8SqerDXo9mEAnZQKEool75vR5heBvF64/9fIbfKClw0SZKH9vQzKZIjJpMt5cDG4v1IVkI6USx4VQjAR/07wCvBjWv2IoliQ5x9wBF1nPubXdwrX0HNyd5SVTbpwC2KqI5ny4NuJgM2HQ2iKw2awQw4nTN4YPuK7h+8u2kxTJPjk9melKs34LKgcwnYUsJZ80lImBqUM5kwxlYphhht011huRnk7gb/+/jlsXVIGL84JE4qc2j6AgaZcm6tDVxuq8FGUePiM05y8DWJeOK1c76iS6oxqO0lLcpNSdZHJ4pxxJ0gmznn/9gfkrFyx7C2T9u59OKYM3dACtVS5Xsrk82HBet3JIJ+Bwnxj64LNvFyzdcP/TfSs2fqBuoQsWsd2uSRjAaDFiOhnDMLCMj3YqQN6Eyem1etSBIpBDJLykg4MQQ50ExxMt2umRoYEcjjhYZjaXT3NpRYn+4Y7KZJx+a7I0o0D7E7TzXRJnuf2EuPukLpFU7YCmwoHNd/+Y8xhYUtljItNUuUMgO4tRiSeS6LYnIHuECB5WoViKJjUKqtw+TDTMo1RRr1GMjdVHaU/Q21Qmp9rbRGP5Zaxeq5O02mg/YudjqUylN+81lpI41hrEYp6oWdQOJZ80lImBqUM5kwxlYphhht01FtV7KXyncDtuXXUSCNELYegJATHohDKpVNwcX+xcsSGWyuUmItpTuWokWWT+JLaJ171gXeCywfCkbwonCcUSE/wJTFooTEkJaCKZSr/5/t7z/QMLl2++dG2oa2omBnRp/5Ff3/v04K+/9wuhWI9HqdD3xs6Z81Y8/txrL65+9+DRU/pLUu0AjwSbLLdxTQYmPHQkU1OZQO/pz5V2ZVKtjbl8ZHFAh8uOU5pO1hN4qVMUSiZXMDl4SCNG0y2eQDt1bgKdvErf7kOZaEoI3JFH0H4Nr0OCGahrnCzIUfUOXdRpSmVHW6xIvlhm3nTMv0vTHZElpKpRYYnx4YSQhQtCn3SSmreJQaoNUln188KgTazzSJXOg69EIpVhSobEjLn8UInRRKpTUmAGpt+aOZHH6dA5fR39wZR80lAmBqYO5UwylIlhhhl2N1nnv7l3EMytK5XrlfVmMlkpksAhoXAUP+UQ+Zkp3G7XQZsCwYjNExClkIvztSczBcnwiHGfogC2EG0Q4limysRMtVozOX1WLaeg3pHM5H1iI6+U2SOksiRBlrrRJOHi/F8dPn7u6nA6m3/qpdfVuzsgFE38+Ov5UZv72K8XH3+upXRG78AVISCLpUq2s37QQZEqvWyHhbUqzfsUT2m7UY3TNR9WuL2rMhm2c6oADFYN3dU5lTBDka7b6ARvMF8vmSpwkFdoTnQmX9BWv0SZmIgywU+xNSEyuo/bAcsvlEo1mo9WuXe8B2Xi5ElPoCKcXrHTCk87coUijuqU8wqCpOnfBdGVL5aaw5zNFew0M4GyPW5w2CnYuz2OdtTpCNQngAslkynoBbdPopnZRNyd2e0jazhuwUpKkfixhZhXZGspsJuWniqZ4Px8gHwHpUhMlXGLKEySBJloFVqZp3EfY2NEv9l5USlQ8Ziice2s1lI4puSThjIxMHUoZ5KhTAwzzLC7zKJ3xMmiC8CxYrGELyCEwzHIDL8gxhLZZvk5/MnHXl4iUsQnRSLJCqFlE3/+6zTyNRyJYW+uA3/tETglSdJVrbk53uJuBEPj/P5QyuwJ4tLoUqGkVizjCkZo5wiX9dHIk9sB7i8UjgWjCVZDg3gBOafo3xVLpk//fgl38fbOz++ds+zhBasvXRtu7gW96/Smf5yuV6ze9NGAyWH3BB5ZsKpBwSYPGoYetLj1fKI6gRG+eEp7XtZoMEAo1nG9j7rxkDfZEAM6NWqAIZtHqS48NKh9tIewdVydnL9DwqsAjTBRsnNMV7bUEO7AWTWVCeHKQujB+aseWrAaNnPeSpjK3Wu0mzJhGmnIxrE1EFrL3BdJpPTvcYR6bYm6y4CYRT45OnFaUpwRWzBpbZzoEVpWfvAUEhkitsn09ojJDutReLJegUTmQAPYuEAzMxurHEJFQuMzMyutPQIJAeUwaPVAipAsZG4/DLuYn6SdlLXR1lcq4BmZXX6lF1+dlllM5/Loz5CVY1kNmrkZsHHYxjlormfFaUj9zfZCmUAmm3tx1RYlnzSUiYGpQzmTDGVimGGG3X2WLf4TFk/q1L07ly/Fk6kwWQyJiZIcicZjibQsh6VgSJQjsVS2Qp0p8m2vm7EVLSU5msmSGm7q3T3DyQvQFQ6PjyTpYgspctxFAqBJofRUnrjXq4+h6afGaR9YwYRUz/lhNYGLekVS+bvB3twBO0/yU1k5KRJPFcsk95Q+lWwCzZ5b/vbMeSvCMTDA/JDJ+u2xU0pHGp8c8wTkWDJLX3Wrz1mr1b749rgYjDz54uuLVmxu298rQMHB3kyOnkhhO3Asbly9lYKFKUudSTNGipWBt3mD+c5OegCYJR5f81fyXpwTPFqJgFXwB0kMiebSCkYM/NjGi7zQ4sMmhmJ2EnPib6etnZTJOL1ZaO9iqQzzSWGvEFIlfRpxdQltZ/MTJ+EDQdwgI/rYCM1TKHX82kBSQmB0ndXJdDYgRxv+XbyIoRuxe/Graq0sSbIZEL8v3CkuavFIsZRanJCvktuPcWsKD2bYYuMEi4cUNCSBYT6RC5CUaBhP6CvQ/XQ2j/satHhw5my+QLZkspg81+iQEm+rziVrlMD/QrjEiJaMIVEotbFIIs0T4QTZg/uVWPccNOQmFE2yx4q7iMSSqm8N5iqJFMrlX1m7TcknDWViYOpQziRDmRhmmGF3vaXy48WeHLOnH6VKvVRqYZP4K9/smCZiqRKEjU6giD7GaOJgUCePF2xMcvqjyvfsUiRZrXXib+MgQA6SX0sdRT1ZuANhVZIiUBmXv+FMwoy5lNg50c4Fkql0u6igR9UtNtfNYQso4wPz+v7+xJKHnlmh2bJSreYKReirUbfglaIkuLpae+LF9eu27rk+YgMJayfQk4LTK0BWQVuqd/QGHOvTigUfp+QPJFgzHoMBDa6Putj7chXRV8HBo5MCGx479XpKt4UraMLpFS0eMRCKqcYWvzqoj5M8kTJBiVSWxM+QMIzWTFlKZaIqb49psPqdj/Gktu7+Gr9KIeLIpGww4hJwj0TRaj2uOomHaUngi69JNJFupoZDZ6yeAB638nByF96g09c9Osgvx9k8ISmG6RoF+zoo01uhgdOvjrsYdbeMQKFQtNDDIeqgpzMkK1tZf72rCZLjC8qkNfsWMEDjTwYsbo+vSyIEBpPDSyZMqNeAHDwUn0CKPDYWZ3jJ6vb75ShuTXk5fD5zaQDfWbPLi6ep5JOGMjEwdShnkqFMDDPMsP8mVqqMV3riBncWieytLmkF3BJUKpUpR9UDDo8vni56AiEQNRWJ8QZjtc4cnSU+cvDaXj09Ahc0u8X2YGJBJi/mbVSQ0NfSjeIMDhKLQqpMJNJZVbIm8M617+wKR+MBKXTox9+GzI77565oD05oApfOF4q8FAVbLRTLr2/d++SL62fMWjJj9pJjJ39Xt54MTE4/uGYsoUHQe4GFkzqtXVC2LXg7F51oEn0QTYgH9W4FqDIhPBJDRIulaNQ20YTZRfLwgka7fAL0BpszoODs6dg7JBar03RwlMWKSi9EHD5E/YKujDggEhRHEGWy+/PDIMEbt+8b11ImkUTG4QuZXCIvRUDolbvGG35xkipHWZ0KCdw77repJXgx3FyNIXt9ciLZ4U2AApg5zTOT5+Iha324osnpy0yIkyxUB6cWOcoMwjiQxZGPuvyxDi58OtBUJmOkvmSjTCSUA/SnfkqDcfJo/NBjicmk8BblcLFclsIx6uhFvp4WToQyiRKl1xgWORJHDw/+ePreOX2fH/xJyScNZWJg6lDOJEOZGGaYYf+tLJIaz5W0ypLdeYB1qzvTMbiAZKqdsjhJpbNOzptMZUj64FZl4vB1LAMC2mfjg3auS9GMrogl0poLPjZeHHU1XNjr9HKFYokF5pJ4X67hT2LlIV38PjGcyeZqtVogGJm/dON9c16NxVP9N00PL1g9qe6VK1VopGy+uPrtXelswSeR01Z10xNpYpRECwSUcTKZXLH3k4DBdwq/xklGPaKTlEEk3oDg7kWa45j58EjhuBiKXh91NlScbu1LSY5Y+SBGddRF3JxyHSLU20GyPLsC1LFHtNPAA0hHWyPiQtaUJU34gxG2PhCaWFdpKpP+IZvK/axWG9u975DF6V3x1u5QLOEVggWtdMl1GiYODeCXY6zCuhxLlypVlqasU6Q+DikUi8FIHMKAEGvmPcWJeHB2Ujqw+8NyeEnJUeWWSrU26ibOVzTKyJ/M5DDCqhUkOZZSZpuAKEInpVCs+/W0oKlMfDTUhzwOjx8azEb8r4hjGB6TJyBnJ8RkE3XqQEgkZW8LNQzK9AOYh8FIwuoRaJxYkAhCT4AsJbm8UNHHT1/K5YvHz1xW8snbUiZbth9S2unfB9QtDNzVUM4kQ5kYZphh/z0NqiDV6nZeb13QSHdxSp8EQBvaOxDulklsyisn9HWv3+HxOXm/x9/iRGRyiZ2u6ZcI+ynf3rpSnVTGUC8OYKMoE7pWbA0qIG/lKX9ivApiTI4mPH6xmUfI6ZfBTUvlql8Kz1q05t45y4ZMNuUZugLnx+GReHreko344PI3GB7IH4YoGCH+S/pPYZz2386LXKCF3SazhaaHGGXS1OgsUhqDjQtA2wRoFiYwS6ePlES0evzoBukJL9kI0SSv5xsKpNXMHuJSRQaEKpNOPQ6GIjgDC5dXBW3roEbrjseSaXbSXKEYjMahoywescdSm3Wi3Pzgr2xdSEeZjNXr+7//bftH+6l9teLNXT0mRYBCiKVyoM5kHDhtZaIELhRJpFxega3qqEoHdoJJK8pFpskJook0OxXUu8t7q/IPuXeFKxf56uHJcnoCUh9NZdJ8xrjWlRG7gzhACs0nArHN+aWmGxsVYH6nF4+MOGvWqQMbNk6coztwFfwPoNpo4UhoU75QxC1DmXBCGN/QYrm879DPDz+75rN/TMeaSTZX2PvFSaiRGwMO/CoFYz+e6Mev2YnU5gb+O0A5kwxlYphhhv13tsLEG1v8OYdWaW9Qmo4AFc0zJ3rws4AyKWm9VNZBmb69tfGii/NGU2X8VO7ViTAGywEDVm+dJIqlcjyhdpvJ5ksjDl/7yVnCXGXZckaqMtkc6LuFUHby2l6OJYulSiKd3fX5d5Mt4m52+wvFyjdHT81b8iYoOKib2eVjUdSU6okmp88nhjI5kjtVffAEsAsdKLT6pzWVCfb6xTCzYDSpMjSDkZfcJECicV2VkfffJDWTCOrJtApYJvEj4kiENMRM/7DNHQhBpDGaKAa1i4HE05lmKHPvL8tp+ZpgKqtwx6I3pXWFjkilM6wiCiaAjjIZpy/j09lctoDRG+tRljQhhmNkuHpQJuMTdyGFoxgTS4dlFhVU4SLjdIqG4g2PLJlk4mIJsiTPhEzFHPAFb8VysCmtEzXUFUyZDNu4YCSezZNRAphWv2lxK58KPkOHuH0k1GdC05JAkXA8lcI3qPPikibIc2mrFg9lwp4RrlWuVnmBSKAUulUqLdu46545fUo+OUVlAhFy6YpZvZVuV28ycPdCOZMMZWKYYYb9N7dI25Z2018/gRjIFW+dBzoEv+IQTUHC9vZO+yLxXO8rJyAQQjASDEXd/jAvhOwev4v3WzgpksiM0UxZ7rbgXYYKZVTu3oJrddBej6JONpJX/sFoQrUrniDJaods6mDfJtDnSqUG3ixOsrJeEw7q1ARRoSTBuEfcL5iflZcsnGinQd7UhYmoAq8QSqWziqzOpP35K0PfnTjLpAgrute6ZtLAWLtRHy2PH5ROAGEVQzEpHIvESRamAomKrlLeCbFEnOg6jT36k8sX8UCf73vj3+6Zc6H/hqopYeEkJJ3U/DZ7MAXUQ62DcIykHdOJ3ukRpUqFhA/xJI2vjjIBrCQNrloD9AISpOTyd8pypolcvoCeFLS6oQKGtD1ZNh5RM8JknLYJRZMOL824xYucQKZNcxrgcaOHEAnNLVMA5CWGkSSHmMgvTD4wBct3XIqB6oZw8kphVgqzcQj1+LJ6AhLESkbt8aWCX46rhCLak2wE7PP4+IqNH+bzhXKlEoolo8l0JJZwcX4ln5yKMvlk3wlB0v5uYzv2lqbwaki8umX3iSNnh69fvLzt04vqvQZ0kRs5r970p0A5kwxlYphhhhnWi7Uzt2KF1E5pb6lpkdtYfqlUyeKJemsbWAmRaq026pbC4ahPTro5LxeQXTxx77F7ZZMLTEPbRWLUTciWg9aws3hEzczC+qgT/5l0sW2FJ5kmr28tbbH447QyIBh5tHNYOSGC4M0+ebIv189cvHpjwFSpVAvFCoszUbdQgFUUsXlIKQnmCsWMEUTICRz+yLNrlqzbXiqTu1v/3h4QwYJWkuJO8AfDNl5jBBhsVCCpt04AQui1TR/+v3994t/vffqP6yPq3SR+qfb14eObd3+DpwYKqhQDPilkc3YUfgw0iW1HyjspQN6w4G+22HVp0Kq8ZUr9w04vSQKGTpKSi5N8rCT1Fkk+pj2MmuBphEYvUgFt2pP/ZvLF9ik9TqPq2Z06aKQ765I/GIEws/W2pNMJnBCCnAjQVRfMMa8UuTxkczBXrrbaqe1gvnnBcAyaKp3NO+naI+snVSl+qC8igdvGw9K2pAnprCwPGonF753T9/Cza8JxklP4wWdWnbsyqOSTU1EmbGFElKIHD59rbrx0xcxWUbDX0+Yb2hVXDhwaVD/HO4jYxRPqTf9XI+faccKl3njnoZxJhjIxzDDDDOvFmn5fDJAZ7W062YQ/yNQRiWe7unUFYwUIkhrJzxuOxZOkqmNAsHOig/PbeYGRRbeYaicldbrWYXZ5m9mNRp2+/CTrnYMfEwrYdnaW76ud94wTt34faJOqooUSOJvLR9yTNJiULh5esGrGrCULXn3z6K8XbS6v/lv2MapMRJozN5vP44oglxauMRSpbP7GsHXvNz/MW7KRZaAKR+LjRM+ouxSJdlSPUCZ2Ra5bFbyC3B6c08Tadz78n397cufeQz4pmtHyvU9nc8+t3HL/3OU1Ej1fVV5l1aZPXly1RdFWA8RxrkONxSkgmkg3q5WrlAkk1v7vfpkxm6RKA8ddtHLLmk0f96IZGHAqzAQhGO4witpgiwadRl4J6DqlSxsDyH2pg0qv02guG0cX3Ohqho3OGWGqqaUZ7HzA7pVCE28ioHYGLCRf8LDd29KuA0i1e28wPVG5BZ2UYykbjWhiHl/oJL7dPqElQQKatXuyQacpkx+gzfWBkaXrdz79ysZQNLF+66eQZ0o+OUVlwqJKlL5bUCnN7QcOnVU07wlQJla14rVu+c7KPn27/dAnZ0lutW+3H/FdPUMuveOIkymZkTNbPjh/5bsT2PjtxVuRSefoll0HrzrTbDisR+3j1cANbEz5yE9V//+vxz9DnESj0eZMMpSJYYYZZliPli+R/Fq5onq7jkXTt8Kge0SdkgAwtmyuFE1meSnFB0JQDpAWpFZjkhRMVB9Sr0cTeVGOlsrVUY9Uo2GywWgum8s7PL5IPO/0eGlmWCISrFxQjqWVwehSmJQxKRaLdeKklPeJ5K2twxc0u/3ZXK7paB5LpqVIopPbzyipN6cOncGxnfJ9YYOdVJkgYdbU0YyBbG8CZBFiyeScdH2V3y/dIM7w5fLVgdEPvzjy2qbdTa7WjjqhvBLEg2ojhjGXh0Ar3/PUMjEUnTlv5YDZVSxVFrz61m/n+rFxyevvf//z+WaHH39+3eZdX895ef2JUxcSqcxXhxvvUsHIi6VyttAxl5cUiaMD6q0TOP7b+fufevnf73v6LzPnv7l9z6WbpkwWt0by5IIQ54vlN9775MmXNsx+YX0uX0pmck8v3vjCqnfnvrIe1z18/OzNEQvGFx1QaoBHnl3DajtWKtWbI3alw9LtA3TWSmeanQRhC+gnH5BgtD5hOVcszV3yFq4YjSffeG8PHjHIt08KNw0SUWlyNIHBDMWSTp4kpMr3nHCMwUrLGqq3agFdYmtiSgRjjZqDnYBnyvlZFdFGvcJOT7lHDNK6JU25ftPsYouZI52dHpVw+0SbInBLCdxINJlxeQVSgob6eqHP+KaHoslkOpNIq9cZ3P6WTGX4OsRT6XyxxHkDD8xfyf5bUAiTKSmTcxdHmA5pVybt23tGbdcOcuDRq81q9prK5JaA2cauMkKESuOAn46cIy8gxq3HjlxhIzPmOvrhISoYrVu2H/l2pDFe306lh//yyLmOfvpPuy9DmRhmmGGG3TnTR6lSt3DBVK6eSmfFSNLhi0CBWDjJ6ZNDiTwp0FZpYTlQBdl8MRSORuPpVJ7kFiOWIZUZaQw3ec0J+jfqlhilQMt4Ku/ivPF00ebx+0W5UKo0EhyRF72ERcmxPMSDta1EgxQiRdbIS1aa3urltds//erIL+eusFqHKvoFupnMaLBbWu8vyJSSCtiIkweC0WA0CcHjF8NgQrQn0ohLgKGfox5Cs2ythfx6wavr3y+VytcHLaFoAp1/e+fnOnwRuywe0RPQroQ4f8lGm5M7+tvFe59auu2TA3a3b9/BE6s2fTR38UY8nv+atQRcGSQPn++d0weeXaeqsv/m6JDFicOhIdZs2v3X2UteWP3uJ18eBuMcHrWpOhNPZUi4QuceksWQUgWi9Oczl/8+6/n/9fenEsk0efnt8mH7fU/3fX7g6O/9g18ePulA9/5xHFdZv/WTQrGE7p05f+XlNe8eP3155ty+SrVWpOQbsmrOKxvHSYrn1Pp397IH2vn6DXRvQZGloR0wi4u3kNo1AVKCY8IwIPfNXX59cPTbo789vGB1oVRiuQGYOSZiKtoN92vtvLKkCXyBeq/pEYql2x+BX1ZXn9QEhF8j//VEXuwpgzmJMXdK9Mc84YsVT3ZOMT4BMpPdfqunu5LHLUHEWkiuhVu+Xiz1goMLOL0iL4Tw7VPeOUu+zLcW3rldZQIMmzyayqR9+yRQSXiuXibixMr0g7YyaTY//vEh8n81USZHGpv4i59dItFaRz+41Uw8++NF4npq3XJwtCmQ705lMl5LXT91Uey4nH1HYSgTwwwzzLA7ZKqsxJoQwgmTSwQLd/pjUiSZypbYuoEOG0qmMnIoCjXStESSuItVa2M2b6Q2Vo9nqqFoCrTGL0XKlYqT8xYKxWA47vAQ2gTebHEL7K222UM0id0rewLqbELogxiOsTRWhWIZtLtSIeHa67fsgqg4df5qoXjL3cvhbWghJeqEV/nNHSrKJ9IZiBbGh4k1E+/SWhbg1uTtLPG5l6RJusfgxrd8dKBaq+09cCydLUQT6b8+sbS9e03UiSuLoPmmGbsWrdhME3NVFvS9s3rTRxf6b57vH3j5tW3L39ydL5RnQJkUy+FIDA3+9uSrn/7jp8FRZ7Va3bv/SCjeoJIYtJ9PX1r99gdL1u8IhqP3z13GYuibSKazdt1sWnhkNZKiiSzjVKrVA0dO4GmSPF2ktnj5b08seXTha7D5izcMmuw//XYBYuzZvrehTNC9IZP1sefWRmLJtVs+RSelUAy38/enlv119mKcKhSJffbNDzgt7xMgY9UXbkX/DVOnFbMmMGLQmQ66YMIq9CWTKaXhomu37pkxe8nfn3x1ydpt5WpVCEUFuWGeQNDlk5g5WWYCXnDyAScv+KQIdIL6erpgkq99JUQTflnj9qFXdWaOEgn6EMmaiXqPGqlsgSS3IkXhNZ44qZDok9lkyOULbMHEymmEfqFjqsUuzHw05gLqtwydgDPIkTjGFv8b2PmWjNU26uMXImnxCAcnmscjkJL2rWuP06BMxkm+8KoqPZfVTv7XmLoymcCOxuFdlMngoUPk7QdRJj82No2NsmafKTswcuaoHf9Y2S6Gu1GZ1LZ9+Mtpt3oR7U+DoUwMM8www+6EFe/w6yYllWcY9UjhWGOZBoLHRpdEgqGoGElDk0QTWZdXdEyk9wGJ4QVSY4RZJ/qFzWh58KezR3+9CO6VyuYuXRsGsb5/7opmG3AmXE5xUANJoj06vus1OXjq+qLerkQklrBSdyD1Dl1wPmH1pt3HT1146JmV6Wz+y29/Wti3Sd2oFSMObycFNU7dk1KZ7O9/XPvmyC9v7/g8Vyj+9Ykl3//8OyjvouWbMHTgkRiEmfNW4HI2TwAD9cD8VVAsYHsWdyAUje858NOQ2YWWV28Mf334BBRFlTixNVh+oVT2S2EWR3S+f7Dl2pQU/nL20sw5r/zvmfPefO9j1QLUm+/vi0+kEEAHvjryq9PjwyGg/lAmDy9Yic6LcuSTr3/oe2MnNAmoNnTmg/NXXegfPPbLuaMnz41aXXNefmPI4v7i0M+/nbv6x7XBhxes3rRjnzcg4aZMdOWH5RDDObEFqiytFe7CgAaXBq2ETHsETeYNgArzAsmX1c62lYhEYyrnKCnabRVSAUqmA70H97vaxPm4Vq45HdDS6ST6XL2jFXjwmADZfCGSyATCCV6K2r0yLoSfvBRhUoTNjRvmRoVNqnkklo9BjiYwB8rlygPzV3785fdzXtmYmPiKkTUin6zzdDQRT6acNEKMLskW4qks/h/BhUimNaq1zC4/ixbDRFV9X6dHmXTC7SuTL9uUySdaykSxZjKxUXfN5O5WJqmhM/9EWTJuKBPDDDPMsDtjfzJALKy83PT+wgebN1StkWxI1WrVzfEOrxRP5/ChSYhxiMlFXkub2oJfVXhr55fJVDYUjpGA4HIlk80tWrm1uVeKJCta7/tHnV5Q805v2c20qrp6ayvi6cwUlInV6QG3vn/u8hmzlkBILN/4wfI3d6kbtWLYzoF+qbdOABzXL5OlhjoJkS+AcD/50htWty8WT+745BvWplKpLlm7laqUMQcXgEiAAGC0Eoe8s+trnxDM5Ap9Gz94cN6yizdMV0ccZy8PsMEB0cxP5DV+6JnVykvTvbX/dc9T//v+uSw9lxxuSbJ65tzl5mLLux8f+PzAUdBKdOPeOX3FYunF1e/itMuJJiljQOqUfUJmPLpwDUTsunf3vPfRfimSWNj3ltsrCnJ02OyYt3ijzcGhG2vf+SiRykBH4ZCtH36JG8R44lqpdLaTjgUg4S4PEWUCsafeR4HRu3/eivvmLn/ixfVr3vlY51QuH6nj3tyPD6zoYY+AgDQ5faOdH6sKNq+GO59O/Z92eMUQeLytB2eqJuhqIXkoNVpOJBSBGGu8KQCumRrKZMTOMz83cn5eNDm8mFQf7DuMwQwIwU/2/0BOVSe5GZqqpndgnAMh9XoRrg7pyLSWg/p6oQOkjGPr45pOZcLxQQiDfV/92tyCX9/f9b2iSU/4dseR01dHrw+MHj/w47aDo2wjTnV91HXu6I87dtxSJls+PWW1u66cPbXlw/OkEVEmP+w6dNVqH74lUXLWLR+esHK+bz49tGUHW1FpUSbXDx46ctUXityuG9+/CFJDp/65smTcUCaGGWaYYXfA0pN7azkNsHIaobejHqlcrYtyRAzHnR5vLJH2imGrO8Da1anvh40P6r+6Bi5fHbjQf3NsrH5jxAJx8trbHwSCkS8OHpu1aM3BH34pseKOrRijCa+cHQK76zT83eTg1TtaQVzhPYJOwZNOoBKiCLofkCNffPvjsJn4YOjAxvn146TtnEj831o1EqOP7IPTzS9asfmvs5e+9/E3P/x89sH5q9hOCDnIttnPv4ZRgraBYtn9+aFl67dFE6nvT17ovzECnXD/nKUPPrMqGk/igJnzVqZaHWbAVnfuOfDd8VMzHnsuGIm/uX2Pcm8nsL4xkuoPSG/t+KIZSAPG+dzyd/Dh+VVb/uvxxdBFZrv72oDppTVbQXNnzF6Crp44cwkfvj9+ykkUS3jH3kO4kcefX+fxiV8c/qVQKsdJvb1i+6qIyyeaaIa3GxbtpzZgdsWSqfXv7jl+6tKCZaQbnQDtqqzCiWGMJnuKGGEgwsYnY8Krd3SApjvfpNZMqJ8kqLykTC8xKZBvjTeIk9SJp1YjXAcdq1BJgEfgpLXYY6lMsVx+YP7Kp1/ZiO8IjorEU/03R/1iME+dryYF3KNm2RkGzO8gFTzMRp2+aOKWPpxOZdIMeVeaycyp200TNNY6lN5cBv55MJSJYYYZZtj0WuRPXzApFkthrczEtbExKw9mS8JXSqWym4M4STm4gMsrgue5aBbRotpBQwPgST+f6V+/5eOtHx3I5QtPvLC2/6Zp0YotTl74ZP8PuMDvlwZ2fHao//pQk6lL4ThIIfu1HTT8PRhPdhkpVg97CsqEZIBNZ52+oK81YLcT9PP2jlOHK/a6usMNNVCnnl2xZNrhaiFUECTjtFcPzFs5bHY8svC1Yqm8Y++3Hn/wyImzb+/4bNTJv/TatlyhOOv5dcd+OT938QY0ABHHIcl09tV1Wy9cGfiPB+Y/+fyqk2cvK888BZBOUkURlCPHfjmHXzds27t84wdPvbgunspAU3EB6aH5y9/Z9fUrr22F/Lg6aP713NVsLr90w058uDpoAS0mr/Cpqw/GxMaJtMaiwAWCN0YbuaQg9tQXpsA8fGnNe489t/aVte/Pf/Vt9W4FQMEt7ltvosvVqjsQ1symoAlWc5Aleu4FfFuZxTqR7j3NHwa/RHJDExc+XZWrg2yhSFZI6HJTwymOl/qHbKpmY/X65t3fYE7Kkfh9Ty/P5gpPvfyGk/O9ufNL3O+Kt3bbXTzmYadvnxJog/8f9FtCjUAd4XIO6lFGCjhyJEQ+kcpMpzK5dMWs1CTbP/zeL/QqK6cAQ5n8y8JQJoYZZphh02sxDY1wZ8GLUVVQdRNOfyidr/nEyNjYGO/zW92BKCne7PWHsrS6ooYHiybAXcjL/7ExUY5s3fX5zs+PzH5x/axFr72980sxGLp/7vJnlqx/YN6KcqUihaJQFKTyeofSkiBBqRQJQenKMqesTNLZfC5f9AiRpgu+PnwiYdjqra1gPveFKcUPPb+SLA4US5XHnntNkGQmVNa+81Emm1/19keglWDqyzd+GIzE3v34H/lieea8lRhAiKVhG4cP/9/Dz0K6/GXm/P98ZGF2klEEOsDwokvlSg1P7YbJYXWTAJUvDh576JlVz63cEoomNr73iYsP7Dt08vL1ESi99e/u3f/dSZvbC5I66vTaPMTVh+iQRkKtloLlXlorUAm2hoOf5/+4uuerI0+8uL5/qOH8rwka4dDiI4PJ7BVD+R7ENK7CcuOybGnq3Vpoj4DHgZrBJ53AtNCQjcNQ9FJ1vh2hSJToPZplmxX9hEppL92IUbx/7grIS+CB+SuFYGRh3yafKB87dRla9945y2e/8Prhk+ehKqFv9e8ebToVbGGgIxmwcmS1kKQyz+ZZjD76Oeq67Rrw/0QYyuRfFoYyMcwwwwybXtMH6Lo+V5gsIBh4qSX2QAUrF5RCMTlE2nj9AYgTBy9BnIBeQCGoW3dDneLEqQvnL98Eo/VJ4YNHT9tdfL5QPnnm0ojFBZXy+rt7Fyx7+9zl66pjY1QngN+4G/UTVfvVAK20evwmp1e9Qxfzl75535xXDxw7bXXysUTG6uS6ctNIPIX+qLe2IiCFLKQGuVjRZXKdUKkwGUCI8sCQGT8XvPpWpVodtLg++erIiMUJEnnx6uDZP26Abi5bv71QLONaZlKJsopx432Chw84PD67u4sLXO9gYc0yLRypBHnAEx+uD4xYHBw6EEukTpztf33Lx5nWVYg6zaUGpLI5PFZaCUe2cGJ7AU3MioefXfPkSxteWvPeF9/90n9zNBJvxO63g/n7udtSOdML5SGqC7qFR/NFsvhgdvvxZJ2k0KcQT+fakwI3Ua3WIgonJQa09wa7hLM3IUeTZImDI/U0wePN1CNL3agbRuwkLUQwmvDT0vUwO6d9nng8+fTiNyFoN27fB1V5fcQuhmJHf7kQiiY3bvssXyrd81Tfm+9//vyqrfrLhm4hojMsuHQwSly5VHVX66TKZACT8/9iZWLgXxaGMjHMMMMMmy6LZsarussAyVyjZSQ9ns4zVtewKcPSVopEBdAIs0dy+0OpDIlspCsn/hGn4OL43FRL7OGcF/pvfvaPnxwePwSJxeXDyV9dvz2eSD20YDUoeDpbmP3i+hvDlu2f/GP28+t2f/Hd6T9uzphFkjuRFECFohTpyEqbmJoyAcsEJxsy2T7efxTMLJ3OdB3dZCYHRqgZx68ErSFIHFo0yaI+cCN2rWUZnEmUI5AcGJZjv5xPpLKDo/azV4abDXA7jz3b9+iCZfMWr3/kmb5Vb+6oU9I8+S6oYaG1MrquXCmhf9VBK8f49E2zq70d+gwlxl7k84J8vn8wHO+o4+s0CCrbSoibQC/iqUy1c8+9Isk755oIc6JqIdgulprIF0gKZtVGjEwvs3Scuk2y3FlFqpeS6Sy9ugi1gNPqD5oSLC1EOlcYtPI4w6g70B7J0w5cff17+x59bu3rW/fs+Oyw2cnHU9m3398Hebb3wI+BYLhv44dPL9446/nXyxX1CJh0Q/zRf6gsnUwVhjIxMP0wlIlhhhlm2LRYLKMnMLCrUFYfAn3StKmBEji9d6IMrkBsxCUEgpE69ahxc7zF7YcysXq6BE7og1GubL4w67mVr23+dObcFeCdECTlcjWZzj3z6qZMLi+HY2s3f/rUSxuO/fbHjFmLQV6DNMdXsYOvlxJUmQQmq0zGaeW7TDYfjadEuSdvHPQTyiSfL0IG1GiiJFY/hKHZrD6R7DiezvVON8cbzFjsdCP5YuP1f41cfIzDc4rdysJcp1mSUplsKpP3ieE5L63NFUpOnxRPZ8rUv07Vyd7B0sJO7dh24Cz9w3amTAYsLvVuGqvzzQ+/9b3xAckWXK15/CTXk7rRBPI04mJSqkkJUr2RE0Csm1usvJ4yKWHKtnWGZIvO9pSmCMoWvZWjjYAN+rjJ2LI8WpiE5I57CPwg1TOdXty7lSMxYDcs3Zf7GDDhE+kMbnDhis34+cPJ89dNTsyll9ZuT2dycjTu9omnLw9eHbLhprK5PEt6gZPrr6iw6oreDm3qhjIxcCdgKBPDDDPMsClbj6jW1Ae22xSiU8AuLJxe7XAlCqUKJybkUBQkBizJ6w9An8BsnkA6M4mUR5pgaU/Rk/6bJnCjj/f/cP/c5fFU+r6nlzu4wL1PLX3r/X1OLvDR56QI+t+efPXl17bFk+n93//6+x83EqmOVweZs/PSaLekxu2Yv/TthX2bXlj97pHjp0PReNcRKlcqYGACNFMiJUWSzLzBGMzXFn7AAgDMHWSGJuQoKT7Y/sZ6nLJDVw/aslSpsBxoZy5chajjA7ciOmgxeP+wnfcJpN55uVzBk1Af3wY8LBYW0r1pbwD3Zq5cOGdOa61j1guvv/vxAWiAGbOX3jOn78CRk52CozAm/iCp7NEjL28HRBcek/JwfWWiCYiV9oWUduAqNKFWy8ICNhJnOV4wuyFRGkUMoZfwmIRQNKeV1qxOHdhG7PywnSw94bO/58RiI3avBV/kbJ7d8vkrQ0S11kgJmusjtje27fvt9/575/RB82ze/fU33/+6eN0OKRTBgLBc1ZoolissdkjzKeQLpTWbPzGUiYHph6FMDDPMMMOmZhp/rtuANum8+sBOpkUA9GDlJDnak7cJQyhRDEaTghyNp3Ok1IkYdpNlE+LWlUz1LLN08eRLG0qlMq2hR7y25i156413PwU9ApPe9eX3Hp908uzlP64OgjWBQIPc/3y2f+a8FbTqoMaLf3ArOyeYey6W18QTL6yze/yPPbf2i0M/B0RtaqWCxUOCOnppCcLH/KC4nlMH4cwmp1/z3BgoVSVvFTA2D8579d/vffrf73v63+6Zc32IFMuu07WvTDYnheMeP6G8IKYQBkxssLf1pECeL4iRhy4CJVWNcDpH6ouPujo66kwWGHDGp4esHq0bHX9k4RqT1Q21Oev514vlMrRWJl+AAsnlC6phJ6nbSJKrSStSBlLj0htMplsUr05IumZvE+mcT45Bz7gCYX8oDv1c6bDoYYZS9eql3sbIQ/yHYkmHV2qWL4Thq2fjSBkZViSHKBxf8MqwfcRBYsB6j1QhuYZ9sldQ10vFr5lMTpAjr27Y+fm3P0OZQLo8uvC11e98vO2TAxevjfRt3LV288f7DvwY0XKrYym5vILaWTSbI/rn8k3Tfz6+2FAmBqYfhjIxzDDDDJuCpfTIJEGdcMrxaFp9oI51PacSIAd2X6hH7sKAtmaPBA4UjsQikRgIjYvzunj/qDvg4b2TOlUnbNrx2ZjiLWwsmfnt/JXHF62t1Wob3v0UJGnDts9AGcHVbE7Pms2ffLT/KAhToVQBG4sn0rQy+q1+4BenT7S25SZSoT4RhI1DmXcT+NZDC1b/7Ykl989drkMZlWDLDpq1Wdphp2mpcEgvqxOMcTq00qBhVzyV0R/5YrEETeLyCpFYcuWbH/S9fqvGJQO763Qu7/JJZrePJK6dyJHVVCkmp9fOkeL0BbJiVsMheDTYZVak5b1NNLLcckL/sDrLLQOexctrtx899QeUiRSOQpZAn9Bh9PlFOZXN10i/yFCghw4+YONIlEUskSpXKpNy68Jt4rSlnit7pDsowzod2Eg84REiFk7Cdwcaj3qi3ZIo5GtINIZ2imQVMFtS2RwLJiEPaCLzssnhxdyLJlIYwIs3zaRyjk++rJu4TAk8UbQPRW95ACqB7+PHX/2w87ND+Eacuzp89JcL/deH//bkq7iP+55efmnAjC/gp/uPqo6qT6TkUo08tkPPQErhucxd/KahTAxMPwxlYphhhhk2WdMPCwFniUxGkCitWwz2LUQSmVKpJxqtAnhPsVjO5wvhcAwcy+nxkgrxvOR0c1MOiNcHY3FkqcHBrXz7IxYY8cD8ldjy1MtvLFj6Rq5QsnLEEYgZVArnD4Kqgjy5fKS0nPqME8gXS6B0oLZmj2jjSZZYvxxLpQnXx8l5IQRmyYKSdQBi5wtGmI+WjWZH7QW5QtnGB9FVfV2BEYaoAPvU5Nbof9dafoVi6eXVm9ASmgJc/tmlb6hbtKFOxxxXDMWSvBhx8ILFTVhmc4TJK3kPqbwxYufAtjO5go5XTy8A54aAdNDY9yRNtNAO9AejMWRzf3n45w3vfXZ10FInnmxQU370hPUKYg86KhJPmd0Bp08S5ci6rXuWv7lrzisbz/UPzl+qV/+kCcgta8/rbOiDEI7rPUIFMKr5UimazECr4MER1echd63pp9cVuDRJHUZD5y0eYSL5csNEmkyvF/hEIkG7imRcLpvLz5y38t6nlz/4zCo5El/99m6Iw/vnrjjww2/4CsQVfpWaKbnG6dR6bNG6mfNWHDt1OV8oGMrEwPTDUCaGGWaYYZM1/QRciay6fe8WTWv7lrSDD6Z1KXFHVKo1GxEnpVgsEYslfWLIxXk5r9/mcDpcnnb392kEyBOLQKhTv6+N73/+X7MW7//2R2yPJlJDNo+VJ2yv8aafE8CbByxue+d8vlKY8KfmIXZSb6SczRfB5pOp7A/HT728ZuvXR091Im2g43ZeZKlaGR1kWV/V7bRQJ+4uXruuGw/ABYjaMbu036lHEqmuqdWgSP7jwQUXb5jMTv6Pq4N79n9XJnXl9S7aBNWAEGm1UrkSCkeHbZzJwTde2DMGTAeNRGU4vehkLJlqLlxMCqwSJU44aOOUi2btKJRKmAO4A3YLeDQQXRZStYYjZ2i4OfltnBgMRc9eHrx05Sb4cTyZTufyD8xbyU5Sp1mYW86rgMnpG+0w4O1AByLJ7tnblMDw4B7xPZIiceJH17PbVTvq1CsPTycSS2IErNQjrjEVPX6zy5emS0nqw1pBDxR66QPahCLxte/snrv4zfNXh06cvoxLQ5mYXV6fHKMlFAMZ4qw1PmTlOn0XDh8/e+j475A3i1ZuMZSJgemHoUwMM8wwwyZrmlQBG6e8VKKyXty6Rru9a9dBtVb3iIlcgSQkkuSIHC8xceLzC24Pb7U5qr2v3dwGIAxC0QQYs3IjyBC4vicQIi/1J1ySlA2UYA4woLmMgo9T35U5L68/e+nm8V/OurwiJIoYIhnJxtkyAl1CkSOxIauHKBmcnJ4fEgjc2uQSHL6gsu64PkBqLR5SErvTgkOJxBDTiPAOi1HuQDjbrUg5Orz5gy9eWr35wbmL75n94l8fX/Sfjzz7lwfmq9tNBnVayA/ENxiKQKuMuohWYcKgWTDR7BagFd2BUIkKIRJPzVa71CcjuDJsI3fKS9ms9p02YfOQpNXqrRPARTwBshCBDkCxzJy38rFF634+c0mQIeIyG7Z+Sqg8Zki5cs+cPs2esKALf1Bd0L0ToGOzhV79vlQo0UqgrGT77QO3c9PsYrLk8pCVFbJkv5Ip6vD6RZk+C3W4i50s3XQc0k7I0eCWH06etzo8GLREMgV1ytZt2HXd/pYArTodWzb+T720AY/j+sCIoUwMTD8MZWKYYYYZNllrz6PV3uY2TZsAKsAJvTp7dIIcSwnBKK4TiqW8YtjqdDtcnlQ6GxCJZ5cY1IiL+DNRJ2VYiIuXEFJnx2oCcgIN2otYX7o2/OmXh4ulytn+oUUrt6RSGT4gm5wksJgSL+I/Y+cCoVjSL8ea9AsfeFoHo/e8AlWyACWhn+2H4Kxmt9/i9usnZu0K9OrmiO3ilYFBk9Xu9saTaaoPus0PXeBwi0f0+FtcgOo0XCedyXqDMadPZCkB2Ig1zcaTPGBgyaNOn08IYgDT2XyuULTQl/0DFrd+x+qURo/YefWOVhTLFahEfCDppIqlfLEohqK/XyZlKAOhOB7ZjSHzl9/98uv5a8lURgqGlNfMF0roSb6b3msiGE11EpZdEU0kLR5BVaheBVcgrD8mTbDwGDI/eYktKBEtXRtLptLUH++Wz5uNIzm+gtF4MpMrlvEVCKYybf8ldUOQzljVXMJnPE08XHYhizuAC6UyRG3uO3h8xqwleCJ7vjnm5v0PL1g9YnWZzWYmS/DBUCYGpgeGMjHMMMMMm6w1lQklc+TX9ja3aflur3Ht3tviu+PsxblHYu/Bw+EYGJ4d4sTpxgdIFDfHJ287m/DtALqCBI77ZJ2CeiSJk0/O5tXe8DaH+6EFq3/9vR8/A8EITuX0y2w1wOTgYeDTLI6ZE0KKkHvi6kb8u7pFjygxQnO8jjh41SHpbIG6x4hdvXH0kcnm/jJz3r/dMwc//89DC349e0ndYvJAV6ExfJIGaa7Tvegz8VaSodOCQzYOtNjGKddVyGAyzytsb77d7x+2sSxrqnM2wZSJpfOaCUMik4MowpkemL+KzU9g554DTl7gpUg0njhy4vcrA+a+jR8+9dKG2S+sGxq1FYoldt10Lp/IZHX6oIK/LSt078D44Pm6/Hoa3kGy7qo3agJTiOkBDLjyuRB9Qj2+PH4JM5NVSiEChuQ2EIZtZPpN1gkT53R0WIqkc0OCIGHrgUwpQa9CkECZbPv468cXrXvsuddmzF7y8trtkhRiygQfDGViYHpgKBPDDDPMsClYoTweads4jRbRSOPZAi+JM+mN8nQGjh91i6NuCadKZbKhUATihKQStjvjiaTLw1ltDicfqLZGNaBxoPM6xrSgTlMDgRIFo3oXAgFFG1U5xTHqspXNFT7++odnXn37nQ++PHjsdDTJsr4qGxJYOVFVTY9kd6XMW7lRB+jqCCm/SAhlcyOoJFteUDScIg5+f8LBBaC+coVSJldoD0qeAmrU5UkK3ypEqAlWVlK5hYiWsTHolkQ66xXlETuPe29SamIs4IenHNrth/DLF0tMBDLNgwaRaJfrQhzKMRLx8sG+w48/v272i+tP/37pr7OXNp0MX35tG4biwWdWFctlnP/eOX0ubwAt0TdRjqx/by9LVEULUXYMm2H98fZcM6QdJofX7pViKb31ihHdIutNoJ8jdKUCgxmQu7ii4Z4gwIgbHo10YnKR5on2QW2qW2sB48LWTFTAYHEB8hyZnC5Xq6EwKQPv9Mn5UimZyUKZPPLsmkKhWKlU8S0rFKtNM5SJgemBoUwMM8www/41Tb9IOjgEL7T4sUwNfjHsFcJmj1ShPlG5fCEYicuhsIf3BkORcCTK+/wOl8fmcEXjiSItCuGXSVIvdjhEi8kl4CSgSoVi6fb7w2CjqbryxS4sHJezeARQNOXGPfu/X9i3adkbH+zYc+DmiBV9Tneu5A2J5Q6oyZzFTTiiTgUMFUAreYHwOSfVM+lsfsRO4rknlbIpns7GUrliST2GDhf39o59I1aX0+OHappsuUBNkLS8PlmZi0kTmBXWbsnK+odtNupldG3EAaKfTKUDcpRlA8OjYbUXmZmcvmE70TC4rv46Eq6bm4j9qP//7L2Hv9tUui78V33fnXbunPudOwMMbQYYIAQIJaHN0JNA6DVkQjKB0AltaAlkgEAglEBCSN/ZzVVdsiXZcu/d3t7fu9ayFW9ZtmVv7+zknPX8njHe0tLS0pKceR+tt+DABqRU+dN3+dIb1sGcX3rD+iZe9fr33v35Yumme59FFTPFINjQf75xPTR45b1/33TP0xesvPfElPfjL38UAqdFAooRYoR7HttWKJWh/y+/+znfIxaoD1BgRsAQtBipB6pHU+l8qTMjAgyPC55e2/T1yHbQRAK7lTmN6Z2JzhZN/E9BLJFiJNXNB3xSyCXokWS2j4saHJLBa4bWHfDTDsdAq7u6ImdghEIgZCTSoAPhE6Qg8TejyoRi/KDKhJKSkvLs5EArH0yQbHFQo0HIFkpuARmCfik0h9BEqYSVEOgNQZIZjle1UCgc8TEc+TNXKMJ5zbFxgYiRyAgoYD3klUJ+2YgnUiRWesFphgGYrWAeudFZBnfiQWmdxM4tYGJmQBygahk1GO2Wl9+5/YHNnQ06EU1muu1FOIrFVd4dpsCax2PG3jUwk2Uf9m6CCXQw/NPQoikyhz7ZiMWT6G0/9kl65e2dv/nTyv+67OY/XLHmTytuDzp7Kd4fYD3DBeZ6CzYCv6T2D6KAAZrROzN4yQiLCOQMVqnVIrEESLUZnHKqww0MZZ1yc4Fk7zxgXincPfOdDlq3P7gZjr3mjsfhc+/+I6BGsrnCuqdfMeLpp7a9c8eG58F0hl1/2/C8GNTvenTbtX9/4s83PnDFmofgmZjDJjvc4hvvefq6vz8B44Spfmjjq2Z26TCKth+g2QiIVxVKD1BvgLCEi8VaLgxqJJ0rwO2DnkHGm+17ZYguVaon3RySJYNSvfUCTCMMA+4XqEHoDcbgk8PxtP1iDjQOo7QQ1u3zyKMM3c1QzGahEu4X7BK1KMzhKQ9PbgdVJhTjB1UmlJSUlGchbe0GC8LxbC9bZyiglQcJDKyGFo6GIvFsoUiyMMUTSSMSCwRVXpRMcvApyX6GU8JxML67X34TVxMlFBe1mIOLQIABgG0XTaRmWdnfLruRxnG3A+ETVVBK1q3YXwXM00tvWHfSxV61BtVOsbbAKFdrtnNIlk2GCjgxonEycmJiwoGyOrjKhC3gKBBWiVQGybzGXLVWK1cqpXKlBAbgONKmlXHSMGKj90ITW95uTrHu6MC0TyTXC/qk/0QhuTI3B7JNVKHPALbpW8ESJD2urMfAKJ/DKyRyyFF2B2SO1+p7fzhcLFd+OjY9Melaff/Ga+54rFKtwqcQDJ+34m6YrrVPvZRIZw6fcp939d3QEk4KtvWN9z5z58NboUENVbOJwxdBVvMFFDf/80kXLyE9Bv1fdesjZJbQXVi4WtVAMU5hr6B2Xzi52EQmFwzHMvlWLH4TK66FDVs4NuMni4SHp5xWV+wGnBTFvciD9Xy+WLZ95mtoJQ1l67b00ETp8moo0wMfnEWrXmEkw4LoplNlQjF+UGVCSUlJeRbSCZro3/AS8cJaPATVMF1oOlFvzMXiSKKA6ebjRJYXfQzn9voZHr6joBQ/y4WjMTB3LEYzmG5uO81gAomfVCagR0iVQwZlqkUvfY142iNoHrHfsSZYRbMtj4hN0u0fff79iWnv0y+806tCNowhEk/a2nKzXJAYatYddpjDpQa9QrDeaHhxSjHYcvv657KDsugOxKq/P/Sr81b86nzgNb8+/5qi3T0aFuFIjFFC/VVTE8eExJP28zaPfdh87WxRktYvCrwbTdw/EipBFBAPNx3Gg54BWZ8B4zoKVn1hoIXdCdI4mky/vXPva//6/PlX3t+996cLr7t/HlfOAfnx9LZ3/nLTA9Aom8v7OOmux7Ydnpi9+1HkzfXGh3suuOaeHKpCuA4eG2jmxqtwjUbjj1ffTXqe9nCffPlj5xn5IM6uK/d7PKKpnOk0Bd1E7NYioAFxh2Ptcjk4B4wzGk8OvK3z2IORDdjkzwB9yMghc8GkiGQkinshVVBhkETew4ngBqFK9pJOlQnF+EGVCSUlJeVZyEHWRQvlajOS7FuR3jFwBUabN6nz2AYFMyWgR8Gi1UJhhuV5UfL4GB/DMpzACSKKlWd4+B6NJTrfxM/i3K/dAOOmXKmRAGviEuNHMdMySCNSroGVdUYx+vjKm+ADqOyJdSt2/rlk1Tq/EABz88Jr7+211NDE2VptjWA9HAWL2Sf2q6PXxJ5LohZ14Shw0phEhFeq9UtWre1zrEPs/2XixTc+vGP906vveQzEyViEaMiI+uQF1Sq6ge4CCrZp+Th1IxRNkHuHL3bE6Jc5XL7GiCVmGNmPbnprIYWRUfhQrlDqdOLqj3yxVKpUUMB9vZEvFL18YNdnX8N2uAtwj/665qG1T26fx9f12OY34dm47OYH/7TyPjUce/Kfb//1FuTodcv9zxaK5StWb5CDuqwhNy1oQ2bph0MTh45Pd54ORLURTxlY8UKb7qgk2BjsSBQB3SSzNk5igVCUXLVXVJ088L0Ap0tmc1iZDOhEUiPRLo0Ew4Nj3XygXKnCdMHPCgmVdgFTGJ6bO+3XB+eCOx40ElSZUIwfVJlQUlJSnrWMZ1EBx/6mma1jxmgAVeCTtFLf0PsmzuKlhWMRrFIEWREkGaUYzuRkLeJnefKnj+HkQHCW00gB8my+KGvhaZ/oEpD1aRqgbk4Ba77b1QrbSWEw8QcGkYfjaWhp+54Y7DwwUkVZ/Xj33j5B8PVGI52xUXdNHI+BhsGgCAq0hVTsrtVkLEXwm/62JY2ICtgjbzQlzAV0zYg/sRlVBgSb9fq/P+blJOdGdidIvAkIOZA6V61uRR4vEjN+CQZv3doBZOamyMRabw0BNDjlQ/lqQU4cnfFbdw8J6G3aL7v5IFxqPJGaZWRUvqM9t/AdngR4uuBhIH6G1uMxoI1XUKN2ib+a2O+LhHCA5X3Hg5tJF1Me9usfj966duNdj26r10FJrisUS6vuegpUiqCC6ECh3lff9giomvNX3GPE0/c+8eK1f3/i8tUbkpnc198djMST0XiKFKHc/tYu+M++Ayeuvv1R8tDWG3Pw24TBkltWrde7C+/AwCa9AlF3JFBnMSCVPbt/TRaA5rf8XmAYIk7JRZZNyLT7cE1MmM94Osv2WM+hyoRi/KDKhJKSkvJsZiw7oCS8Hk11GTyjAwwyoW99BgIwttLZXCQaCxlRpE8kmUMlUJRINA6WJS9KfhZFzHuEoKCo2EdLNV1WWnYYI6uhSLVaszczUaQHKi0XigzIoAqigulRhV1Uw2A1XrJq7Xkr7t6w8RXr7jbASutT1AJsNRh5E7/aT6YznKLDtfikEPE+Qu+S8atlzYiRwAlk3gnBTK5wdML1xbeHwtHkM9t2rLj90VQmKwZt1nYGYv/Px1tZg4vl/7joeku0w2iY9otwU6xbOwDXq+B3+b1kABjBxMlnyifaOikNBaJMvO0h4YiUimrE4CFh2tm9/JIODfhAKBxDxTG7hzXLKiC3KnZSNlcsmUfAl0Si5aImBbSX3/331bc9etlND3z301FQJvlCafOrH4KKCIYMI5Z4aNPruhEDVfnnG9dXKtXvD53MForfHzx+ZMJ1z2MvrL7vmStvffitj79Ckt7Pl8uVG+95GpfCRJ2XKhVULWduDhrAn0WQRF0Ld3AgjJkogWjSmRNnb5DEBqV2KH8vBMLxjtkAdVEJGnEyDPORZpUQKbAI8OP83ba6mioTivGDKhNKSkrKs5/dVedNgMXA2HmNjwawkJKpISykJrYjwVwzImgVJRQ2cOQJz/JivV6v1mpuTuEkhZcUj5+NxJOkLiF6O25n6HQCxI9tPK4FTex0VO5a50mls+ue3BaOp1567zMwc5964V1LAxOoBzt/MIJoPEkMR/RJajXyQb8M9mqCRGx3Np72IYu/ietvXn7T2g3PvnLTPU8cn/bBtXgYcaDJaIttr39wx/qn//PPN/7npTdsef3j/rPhEG4BealZt3YA7iloMJ/UU71MetCbfvS09K3m4RBwUX4JRZtYd5DljjoqnYF8jUjoPI6ehy9gQMuhWA4nbGjgCi3BsH3KKdtlhCZOijWHk9GBgo0n03Ci47PMjF9ELoXz879MuH85dmoeL1uBuIUxgHTZ9dnXtz+4ecbLX3XrI/lSqVgug2iBY7e9ufOXY5MXXnvfE1vf0oz49Xc+yUsB0G8TU679hyfn8ZpJ98reTLsUzCmvYNk1AvBPxibl2o6PvjxwfJZ8zxcrRKflUUUUVA6F3EcX/E4DBjzSjYUJ02DMMOGdCZc7QZUJxfhBlQklJSXlOUFbk4vASGS6TfMRABZJQF9UjZQ5/EI6GotHo3FQKaKscIKEEvjW6nrIwKXlFbD8Sg7KBZKaG2B99rfFm9jvy4haszmBsXjoyEmfEPj+0MlSuXbL2ucsDTrh4nXzHNgURklgURm7tmeLVwiAFdvoNi0XwlyLgIZgufoYZG7C9wefeenEtAcd3vdaegGsRRBXxVIlky+O1oMFIDm4HrYmQaVWhwtx9UjMlS2UiEW7mFxSncDKBCU/sO7oQhM71CXTGaJSTMPaJ6pIoFaH0H7opLLWXZoQ7pIaSTZxBDy54fDfVXc/DTL7spsf/PLHo39d81AinQWV0kThFtU1a58D7eHm5I+/+AFUCmwMxxLQ4PKbH3zj/c+3vbHzqlsfvvSG9eufftly75oo5zLK/TDlEy0pBOC8A6V7N+A5gd5iC9deoBvQVHglpwm/KT9WdKcFCSuDuOrjsxcKR0GZ9PIhpMqEYvygyoSSkpLynGC2lX3UBmB8sMpgF6xegMOJGQT2aDJjfeE6AlCW23LFiMSMSFQJqiBIGF6KxRM+UeMUnRNETQ8NNLu0SJLFlpN1x0IQZSKo1ssHOXTXw1te2rFzcpYB2bbitocsDTohqREcv4Benyt6BAW+t5MXzzCyxdTrA1AmpnkdbldYr9XqF157H2izz74+0OlW5ByZXIEPGpIWmRkmi3EfwIzBjbBu7QAIIVAmM+0Am07AAHxikEzOLGvTYAQ4VyYmQC2kMnm/rKPQeXyzkMfRAOW4AE28VtatTOBOuQXrSNIoV9j886988NwLb6+666lkJnfpDevmcaavV9/55MUdO+EevfDWJ1fe8jBY+f98Y+d9T2yHm/7eJ9888MwrXlZ49YM95624G34X2QLSlk28qgaHEJ9AEHiFhQH0uOSLbLvU0wdk4SiaXFDcPV8shyJx+C1Ab35SWKZ17xQDB8l0NragUqu5WMUn9cxETJUJxfhBlQklJSXlucI+qNYaiWTa3nxwAI+IUvpIqKj8yH3YoIlTV0Wj8UgkxkkBXlJUPYzrNrI+huv1ppbALehgrabt0hlZwOAg9e6a1kYkfnjCBbKE0LKXAKmyueYsdmsxjTYWZSJSwKQjXj3OwcpI0nROoRcnB4smUpeuup8Tgw9tfO229c+e3u0MsVSGjO2kZwxKAG4K9KYa/QJ4BDXik0OcXcQRaEUXj5TANCPbhveMgBGUSSfgcA8f6F8Ushtz2I6Hx8wrhf2yEUumiHteKpv3yT29++bx6QBIZILtXqlm88UVtz8Kva2+f+Mt6zZBgzs2PA/bL75+rcvDXHXbI/li6flXPzx/xT2lSgUFI2GHNLTO0468gnmO4cI15jrJTfc+o4djDzzz8oEjk85/ktCyWK7ASKrVGny+9sEeUFBX3/ZooVja8OwrkXgSTuQVVOSy5ezGsSCclDCv9MyxQZUJxfhBlQklJSXlucJMsV+eLkmP+XvHS/QHGD+JVGYEBxLnyObyIFEEWfH62aCqBTVdkGQtkmh0KYr5lvVsMHLPOIdOIONS1Etlew8xsvrByLrl6sB0C+qGF8Wyt9QIESceYfTkrd3KpIm9/9Vw7OV/fb5m7cZb1z615r6nprxCbOGL7f7QoyjWBSkTN2vdNzzgwuEy0+l+Snfaj0oodqdjgpsF80MGIwV7GqwEzp8mokz8Ur9lnD4gWksYMsEAcRdMtMu9z5HyiOmcS9DViE2CLxOgSVi7RMlEscCXg0cmP/x07/V3PakZsQuvvQ8m/C83PrD11feb+BTZQlENReBRIdPok5D1j4Nn0BPIq5F8qfTXNRtAY9QajUtvWF8slVHSLSFQwqoDBdLXGyS5NmwHCRRPZuB7Ip3duP1fl938oKJHLl+9IZMrbH7tY1DFpJyLTwi89/EXlgEPBEk/MMPIihYuoQD+DvGEQZUJxfhBlQklJSXlucJ4rl+dE5zzN9To02K5kc3ndSOGEnkJYshAsfIsL4iKzatukv8056xMJfwTjAAAUz1JREFUoUcIgl3bq6Yh106i1RmrDZYcJ+uk8LZJNw9SJbYYedatTAjyhdI/Xn4/nkxfcv3avT8cuv7Ox7e/82/nvjqBcJSMcMLNWfcNjwYuXp4v9vYOnJ93cQqL46Et2yPxFElBhqvsDQjqCCcytpmyugG3Q1KdFrXsBroiJZxI2aR+7gOSyap7HkCsJvr6NEYSaTiwV+iFiXgqW6vVvtp/DK7uLzc98O7ub81dsIWk4mVR7LsY0MIePjDLKjADohYFDfDnG9eXq1WYPVAm8PC88f7n5624Z9PL74Ms2fDca6//67N/vPIB6JO3d+4FNXLVrY+AaPnn6x9dseahr74/tOWNndvf3s3J6pbXP3562zuX3/wgzA/w2r8/0TG6wQAdYq4iogLwgspIyBszk0P1f8gzTpUJxfhBlQklJSXlOcQ+SbrmiVuLODiEYxkBI4zGEiEjxqOyJ0omm/WzHC9KFiOYkVSmd8paC0jFRrN2tQV6NOXBRdkZHLUSjsRQaHvb5EIbeS0aT468TtKJXsoEMOFirr7t0Vqt/s7OPW+9vzudLVxy/X3ZbL67Ql83XDyKkwZO9cjg5HCiCLKFInTV/xAyP93aCczolj3t4S27usEGIr3kogUwFrDOR1Ym8LSwjp8WE6lcHl1j130HZdK9HmIC+YDBXRbV/qdr4jTTC7ec/p7I5A9P+eDs8GR2Nmvi+H4Y0sXXr63WauFY8s6Ht2bzhYuuu9/DKTff+3Q6m79k1bpMvnDNHY8ViiVQJgHdCIYi733yTa5QfGHHrmtuf2zF7Y+BugZtc8XqDaVK5cJr7yOpF4ZN7gz3jsEVh0ApKVoYZXBueTy2vNEYWaPKhGL8oMqEkpKS8hxibNB7YS4YGSoO+MwDjKRSqSwrQYbj6/VGAQxlXhBEubONR9Q8gs1aii3AUgQ7SQ1bQ5kJwHTz4sRNONUs+m7KErALFc2Ip1DaIuthI6GPMkEZn4zYtI+/8paHwL6MJzPX3/n4Wx/tWXnHw7u/2l/um1B4FmdwAh6btfHmqjcafeqxdCOZzvS345ttZWJZPgILldQwAaqGNRlaN86YMiHStOf12AEp5EQKV0y3HueTe9aXnMeT4BHUWVax7liIcrXWveJkQlSRoQ/TOG1XXRHODlIE1NEH//72s28OZHOFy25+8LYHNv/lpgcyWJlUarXr/v5EvlD65Mv9khqKxJNP/fOdj77Yf/nqDal0BhpAJxs2voo6qdX+9enXfe51H8DvAot5ZR67uhXLlVA0qehRr6DCnUJPiBKmyoRi/KDKhJKSkvIcYqxfdEALbkEfyRQ5o0hnc5wgMpwQChtgigmSbKYSJoEQQd1eaXQjFkdZvPyStUAHGJ0c8uZH73cj8VSlWg3qrXUSZFvrNuHdi0QwFAG7to8h6GGkaQ8LDS65/r5CqXLZzQ88tvl1nDppK1z1z8enX3pnd7dZPOVrlQmfZkTLLkAym/f3jdi2QAiiWvW9x9iaf69ozch0wsWSYZzyCH2u0QQok8zSKxOio6a8Yj5faDoZFgY8Gx4+0J11CrbH+9bzITVA9MgAYQYX3p2SwYS59GRbVQaG9MOhiX+++v7hCVSEBPq5+Pq1rKTt//l4vlj68w3rkTK588lSueLj5J+OzRSKpfue3L7vx6MXXnvfmnWbbrznadIJyH4QSCkHOSRswQdCfkkPGfY/w8bcXKVSpcqEYvygyoSSkpLy3OJAIIs8YPQxjM4SRKMxHy/xoqTpIaQu+JarUggHfPfPZ9oJXMYh7OZaayykvKNb1ElUsZsPxNs1v+eRuRwG8cCOmiqgP0JGrL8yITg67Ts5yyDX/7+hvEkgV974YE8mV1DUcDSeQi/Fq/W5juInR6aR5w/QwysLOsIwonHnKm7ewQoDifCeYeTOjZVqjSi647OMw1qcghoNxRwF+i9KmeBSm2RsDPYy8gpBLhAC853Moe3tKFeqs6xCis90IlsodSvDTpBTlAf54MGFd/uJEaRRsmA0Wq+oOfyR1mp1eDBgzNVa/dMv9hXK5S+/+RGen1q9oQR1uMosrq44hytOmkfBhTMyCP8hno1OTPtlDx+s9f0ZUmVCMX5QZUJJSUl5btEJvFJICjlrunwAE1APhb1+FjQJ2F6CJNdxVDGHVjlCziPRwRpjQJkIKnRoxDMeIcDgeu0+SXPzQVAmxQ47koiHUN+cuSPDoTIB0VUsVUKR+Mbt78H3bw8cP3Ts1HuffvPoplf/9enXV6x+oFSpsbIW0KM5vA5wZNrfViY2Hm6BUFTvm0vKAq8Q8Mv9smAlsLuXt8ObDkxeVmql5PKJwYEXSDCUMglqYabvqHqhXK3CqGRUhQZl9yJeRiRim1M0RTfI/ISiiVgyE0tlYEpLlWo8nQUp6xWDbfHSUjC6kejz4DVx8Zz+vnAEaiTVS+Ew7VI5bn7oLHBwsfAww6cpXPuMpIlKSeqjKRPoFGQJaMX+I1w6ZdJ4aduuD05Zc8NR/E8AVSaUlJSU5xYdQgcjvdjPqjgbUCiWotG4n+XjyaSian5OrFSrXkl3cTZeLr1AvI+YdoEIF6/OMpKZ3JZBVQVPv4z3Ibs85OICPQ26RYBV9G4HoW7AfkWPliu1XA552vzlpvXFYvm8Ffdk8oUDR059//PxaCzhEVspxUBfTfpazj+yZnT3PTCXlAVuQYfOrVs7ACapxWHJxQfceD6nGaWP4W7BEMoELTIk++slW8BUw0yiJaD2qOBLJlcQguFZVkFaRdb87fy8tgQNDOcFekUNV9gM+cUgJ6u8EoIZAA1jipb5dso4D29daemGoMVsHwN4Vt3tfAbwtIhalA1EKrWaXVsbuHHl+84sc32wKGWCy1Aq+oACR0uiTFzf7du0bXd93vfajyOtbIaPb9q6a8ehBWL9pa27diLXuMHYtHW/dVNvfL59l+N/kCmcgioTSkpKynOLzoHydPW2K2DXUJHTSwQwx/WQwfICGG0sLyIGwunc4PiEubmmooVRPXIkSwy/pM0wEvGTAYPMxcqxRApVcpDR3ly+EAzHwSg3TdJZbkB6pRHg4mwchLqB8/YamWzLviSmr4cLbHn1g7sf2UrsziZK04QKVqA+cW4xzFZOJLgQuEDdiNXqDbjL2cIQL5fBFp+1K+5uwsOj9LVm8HoDGdOtou98oJ+kseAMKJN6o8GB9pDs57wlKjAaOOcVtK/XG9VaXdIi6FGRtWQ2B7Y7EL57hOCUT/QKQR+ulU6epdaco0AmleSncnNKKptDtT3weov1rBhc0N6mN8uYeIQAaQCfhVI5GB68iNds+5L1X8cw0VyEMiHFXmLJAf/cjFeZ1ET3xOf/+gx0BZdtzC9CmWx5cdemdyc6t23atiTKZN+buwa49Z1rKMwetG4646DKhJKSkvLconNksnkj2dPEB7sqFl9+ZQLWXUCPcIIEKgI+gaA0ar3zGs0je3ROiyR4JYSqKCqoWuIsj8xKkswUtIEeTeULRWI2EqsazE0vdvXx4+JxLHpZbqihiLXrxcHFB72ivZXcCQMVxLB6BMGfMANBNWTJ0wUXO+2X8ICRxxroCmyeoj99UgiuGj4lzTDiKVBffSIrCIh1C6rGuqMDXlFz82qx1LK5Iol0W++Fcl3VP/rgDCgT0Bg+UTVDjJxDwmkA9GiCTFcT60ASpwHTmEhnXYIObeBuYicxlIrK1CoMWmBR4bmS1ZCkGnokkcjkSxXkYWVKFeTxZT0nAkkWDDN5YmGatT63zEQT+5IxvSuyW9BchDJpFXsp9PzXg2CRyoQHEdLBvZFsp8L2bft0gov3C3OxR/j4zpPuD7btMjdUTn1/wHd8XMrE9+XuoZ/Tcwqfv3566pYFVJlQUlJSnlscCmLQKFXtjZ5MAb1Ftm5dDgT0qCQHAqoGtpSXk312xj1cQ7lc0aNJj4BjCZB5F57lkF2OvkvaLCu7eM3i3I86FFtvqV1cMJ3Ng/GYzORIDyAP+GDYuXvSQDByqNNzrBdIQRWHZzX9f8CcJferWq0WS+VoIs0FUPJZtKLSuhyDRXIFOSZ5hAAra7IeC8cS5WrNFCtNXC5d1HpKsia2qkG6mLPiR/2gUo+nhqzzeAaUSSSWQBdrF37TH0jHBsKFdjo4C+DaI/HTWRMIypUKnGuWkVEeaiHo4gI+7C3WmnkSfy+H8HhAoKKihHwgBE8snIWIn3I7i8ApD18q25+6D1q+ZA4W5QiIMmF6LCh1o4kPqTca4XgaphSGGk1lQS33eVAXqUx8C5WJRRLgvdsPLdzoAGEsQpiDu31Y1SQndmzdNT+7nygTUClbduwXY5EPXt41hWW2/uOeHz7d/dUhtw8/q2QYO7fvCpCaNgXfppf3+Rh227ZdWz71zc+Vv3pzF5dOZdLo+fhhBzHiw/Bly7Y9Jyfdu1/ftY88jXP8ph0HoVlgcv+WT2fwpnMGIE627R1csWiJQJUJJSUl5bnFYeEW7Gsv+pXxp80dDfV6I2xEeVECy7taqzPcgnqCjcYcSSdFtATYlGCLMwqyBZHXFq9WqnVs+KGIi84DAclMAZuMId/CXaBPyEIEsfjnuopajABi9MuhAflkmw5WLTqBJqS9ZNHWFwtArF4ydSC6uEBo2i+6eBTmjl+xtxQLg/2RvFjGwGc8mSKlwS3X3sQBBpFY6yqgz12f70vn8vlSuVdIdy9IejwQdhSa32yvzFh3DMK0D91Eh3EXnSBlbWzncx4XLYGHyrIRbHQ4V7ZQNI8hMw/TAg8wyAbkGBaJ+oQgiOSWUCHLLB1eYeSRiyYHlSWygxBEPUia059tEysTOF3QSNheJ4w8VyyBggK55ce1TclQyTjN0TKyDlqaLEJaelikMlmyNRMkQrRNICTm5xOH9m568aCpTE7Dd3C3F/0XlMmmHcfNzUiZZN2bdrQUke/L3VM4iAv1s/WzeaxGTAXdqUz26XiohZlt3yJpUjm5ryVRkC/ZgHWYsw4FfhlXTqgyoaSkpDy3OCyQa1PJpqa1VxraEFwigMUDtjAIkgK2fgRJzuULwGyuYMRTHuTCRDSJCvTJIZR3Cy0LIK+tzjrlvq4rCobQy36/hF5jW3aBKWnGIvsdJNQaCBKIHxnkINfEAsZ5HiriV8OiUHgHsfXYOw5GUiyXYepkNcwHDU/bk80UKjjgW0Wv9oWgGAxrRjyaTCexSxJIFWiQL7ZMxFff2fm/L17151X37Ph4z8JTDYYSTiiOlUkyjRayrDsGYZZVYLR9Srb3gh/5AdrfdNiWyeW7s+Wmc0U4V7XW81xwIBYqTZhwmGE9klCNOHIbk1GOOLPEJ3x3mCzYAhZF86NurTt6oK1Mwi4UGNOqagKPB0xXNpeHm84HdPgREQXb1q7wS0EpzmCjh1d8yJmtVVQRnpZAKBpNZjql7CKVCQLY9ESZRGo1cfL47nHEmRARgpZKUOz7Z0ghmMokKx3Yu2/LNnRGsgWUydTpg0GZoAGYf+5YoJ3Q9l7KpL0tTBRR5vDeH9rDR9LonEJmev+W7fusW88UqDKhpKSkPLc4AtyCnul6r+wRR/r//SUAWNKRaCwaj/tZDsSJX2zFWxO6UUW8ls8MWE5+MZDvEe3gl62vk72CSqLeQ1F7wRAIxckbbrDRF7ly0kBlVYzud+2dwFZvDozFbsO3F8oVlBUXOM0uNmS/UqkWSuVkJqdoqOgHmPUwt2gVpWO2ifWMElUJarFUPe/KWzL54m33PxlLpa+94+FqvQ4WLWE6nelksVwxWcYprZRQAki2pDNZaJNKZ7QIOlZSUTA9kFN0ICOpfuReZXCySrYQVyigqCLhhBhJWM4Fg/HjbGyd6tQhiE6znU2w3aVQvNvHT9YjcC4nDwk8pb6FtVlgNjQjRuZ22m9TLtMJPII27ZcsYUgE4Xg6aCQ713Pm28qEJKljYKIkJOzNOCt8l9VpvwwPA+jSInY5IweGYinYW23rPRBjeiRORCB+QkIePgCzgaTs4pXJzvaCibmF5OYqLFqZHHh3V2K+sen1I2jpoq1MXgJN8ubBSDqVkY70UCa7uB/3/EAWQLAyyWDfLcJ5x8pkvsRu2nGoPldOMIdeOzDShSwbGiBLfhCGyPc3XlBlQklJSXlucQTM8lqhssCigj98wxQOX1KkMtlsLg8GEC9KgaAmBnW/IIMtBfRL6iQumI3e3UpqIBTtY50LqtG5dw5XmkN1FQNGsYeYgfa5QsmHY1EERcu3w75HANiF3XHtFiCrV0MWav9mnSiWKsQiBIvW8UEDQN7u1+p1ECp6NCkEQjC37Xh6jSRfZvHKyflX3bb/8MS/v/6pUC7//tIbytUqycML9ImqSbBxXVzAJFixYPK6eBWxvZG0RNpS1pgO+3gAUdICfEbp9BlJhzN+kJSOqotYgArg9FYmsJdXbR4zMoDu7RbU6w3oORRdsLIBG6dw6mfYFR2U8MoWcF6fhBKy2frUgdDlgxGPCJoiawaPEWVChLdJPw5DQpmRlVAsmcZB++hfg060anF2XCl8rVRrnKz7hCD0gLsKu/ngGJTJvjdPL0d0YBH1TNrKZL7kfunNzw6QVxItZRLZ9OZxoit8X+7uoUyQ59UHL+4ihjk0M1UKwbEPnSmT+fKWXe72xnMISJZYt51ZUGVCSUlJeQ4xNryDOlgYQSNtMT7Qy/tCv7f7ZwyFYjEWa5lxoqyAOAFrCT7TmSzYWz7shiQF7EMsLEhlcp3NjBiqJc9iVdP/cNiL3tyjhFcGfOl+X+4Eoorszv6HVmt17JM2RMR20Iiz2JVrYsgA9NEA4yf+YJVaDYzRK2689//949XfHjy+46M9Dz/3SqlSBXEIlDVDVkMmWZg9pDdaJKmrCFF1FLyRtBQDOulBjyRwAcQkKYCYzORz+UIynUV/JjOReJo0II2BUrB1LlA1pEM3h5ZZRihNUyyVkaTBOgH5LwmqV1Chfy0Sj6dzoFRdgo3jHMhXJ0nAjHgKJZdbuCY26RPI2sW0T7T26wwkymVgbrR6oxE0kqDGsdSvgzJB1SclVdFhRnMonL3ruixoYm/DPkkFoEEikxcDSMeOQZnMMwe3YGUyhTy4xgFTmczPbzEFT3vNxPXt3m3bdm3atjtSC/RRJmCgb9r62VcyGtLJvXtheFte3rNjLw5kn0sQZ7DIAGXSMH3Atrx9sL33rEdhcAaPpQZVJpSUlJTnEOPDK5N8oWypdwG2RSSRqTt2KFo6xOKJaPR0yDjYVaBJwpFovlhhedGH385KQachGZ1o4uoixFWJVxz1kC9VBAUtniA5JIHVVellxsH2eCL19LZ3fplwmU1mGTmZyZKX0L0ga1FUy89xkMk8ynqMvGie2vr2jg+/sO5bMsAFwuW//t6ntVr96x+P/O3BTW98+EWv2VguxJMpFkUcWSOIBiKVyTMoCQFaNRACOlre4U57DBLiEvJ6JpcjSwqNBlpmiacG//xmWcUS1DTXkSBO1SOdu5wjjGW2c7+1cqUSS+VAI8GvybqvN5poTQ85rTnM2jcOZTIvfb4dW/CvH7HuOZehH96388eZk5Nu4I6Xd/kczScFAlUmlJSUlOcEM0VEB17uVoCBYgl+APtDCScaI/Q1VoARH43FOzO3ghUYSyRBkzRxHDwRCaMpqDkcyQ3KxMWr8XQr/HcgUPgySvyFXqjPMLIQ0MBA7w4tAFmy4raH1j/zyiWr1kEDslHS0Cvtdz/9pk8xFjB2oedYwpqRtg8m3Bwc8uTWt//99U/WfUuGSqW68YU3/9d5K1b9/SEtHMUpvM4600pUI2B5B7ShnRJBYMAtBiXZxL8F0MPEq41TQqyMgjE6Mk0HhCAKw8jk8nCugfU9oDeyRtG5sVQqkycKPuuOpYUFio4utvtR7INMDiWmGypxGapMKqCsbg5PMxZl8t8TJJEXgf7DnmMDFrsoToMqE0pKSsqzk2CQj+Ultaxbg7+xl9QAv6OlBthw0Wjc9jU8J4jlciWo6qyoRKKDa2PbolhuhWdoRsz2LN0AqzEQjpdxyTzViLv5oL+d+BVsNVwnRPWJwWgi89nXB85bcTdoElULM1IQDpnxsB5OgROdv+Keaq3WvW4CNuUdD24ulquyFrHVWpIcfPwfr3UP9ZdJ78Qs89q7n550LajNt6TQwpFfX3BNLl/65sejf/jrrWvue8p2zMsLD86MnMo4lZ0mQMyAfhBVa74EE01Ue6SqRRL4FKS0JZIWID5tb64JkkgtkV6wtHLCxZJH8fAUcfMZBaCXZlnFurU34JlExewd5HPrBKm0IwScrulRZdIbWWnbi3gt6MXdB7jBa20UJqgyoaSkpDzbmBra1uoHj2it8pHI1btLf5xhRGPxXh4jWsgAcQJffAwHX0Z4W49kTxx5vzByKBiOuXhN0uOo7Im14WnAIR5BT+esU58rlJLpXEAz/JI6w8huPgB2Z7lSi8RTV6x+YOMLb8PwLlm17vN9hz78/LsZv3je1Xevvu+pi6+7e2LG+/m+g/FEEizDL7871GjM3Xzvk6VyFUhOhxYimgjv7vrq+VfeX33fM3+46q5nX3wbBFIR1ZRM8YGQT1SPz7KPP7/jmW3vbH9n91BW5mLwuwuv+/UFK2EAWbxK0Bgpy+1SA+4IKIdK1SZXVX+4kZufmso6XUyo1evxVNbNtXNMS7pPCCRTacvdgNuJkozJC+KUao0GSSAGLNml1XIIJKWGcWtslUocZnWuiSNM2GF8xqgyoRg/qDKhpKSkPEsYz7VctsYLLmB9N6yFY0F9CO/zsaNWq/VZDCkUSwwngJ2UQJ5dQr4wdPpKODYUibE4LypYifVGQwnFXIIeS+V76RxQIJFY0tb0xz4/qE9Avliq1RqcFABTVY8kLr5+bb5QvOaOx9LZQjZfPHJ88o9X310oVmQ1/NyLb295/WP4Uq3V/3LTA2DtrVn77N82PP/Wzq+hH7gFt67ftP+XU7Va/YJr7r353qcn3cwl19+fzOQSqTToH7OyOxjET2zZAeJk44vv9tJyY8edGzb+1+VrfvOnlSemztL0Qk2c+RcmZ4Q5mfbLXkHtVQDeFk28HoK1Iq7vgZNZB3Ujlc2bT0y5Up32SyjdQseBktYKXIH2IwyVAGWZU8KRBC5S7gBkcoDFYbQQzk+NKpna/gpsQZUJxfhBlQklJSXl2cARQtudoN6YjyRb74bB4EhmS4xiKEa2f9mNJQVY3tiPy7q9E5wgZjJZGHAmmwNx4txUIpibQylWwRyMpxZkaK3VG+FERtajYtBIZApmt7V6XdR6KqVu/P2hzTfe83RAj6z822OpdPaOB56DnuHPSqV65S0Pw3cQHm99tOe+x7eRauKX3rBeCUVf+dfnyXTuya07kunsJavWpjL5Nfc/s/7pl89fcU++WAbD94GnXzLiaQHX5iN5ddWQMekV/vHyv36ZcIGhedLNDTsVQwFk0i33PcHxUrlSge8B3bjujofWPv68td1ZgCauVa8Zp9MnOEQTpUYI+MTgaDqhiWspgkhoSRRcNNMvqYlUVtZQJAmnnF6NhManvDxRyCddnOWMbkb0cnLnll5I5wpwIrPAyECEowkYCWgk646+AJkHR4UX5jvuD6pMKMYPqkwoKSkpl50j5AJ2CJ8UQlHC4QRY3h4xVFxEvY6xAJRGPJ7s46lPkM3liUPXPFYpnKgs2D0IpVJ5lpX7JwsG4xvkCcyPoEXdwhB+MgSVau3ElMeIoRiezdvfuXDl3avufCxfLP394a1wdUcnPScmplffvxFFjs/N3Xzfs8dPTvEyiqd/bvu7iVTmTyvv3f3NwVkvr6ghECQwGLB3v9j3857vD5P+84WiS0A1v8FYnGHBZGx5BE16+QXjGCtg5Go4+o/tb//q/Gv+13krLrj6judfftfa6OwAzD/MBkhK645BaKIgdU0M6ENFk9sCuiqUKqyCnO7Q3SFh7pJqekPli0WywEKIahQKKq+EimVUXQhE7Jq1z5GWqWxh0t0zjgjUjn9h6cY+aOJUYDN+qVdBUls08bIMSOI+P5luUGVCMX5QZUJJSUm57HTs1z0cULpSCRUfZJUIryaGsjmWCLG4o2FAG1zYBLVEywiS7PyFMSCazHpE3TsonywMJJcvKKFEMjO0w9g8HiS5FrBE1XAsVyiDufzeJ9+AFPnul1OyFnl88+uv/uvzrW/sXP/Ui+99+s3hidlYIrV67UZQHRdfvzabLxw8NvnJ3gMvvPFRNI4cycBcvvDae0nncO0BXHTcQlzebggXnaGghyJNXMzExyvvf/Ll1WvW/vqCldZGZwfiqQwogRHWPZAJLqMC89n8ePwm4RHQoymvoBIRAp8uTkFeXs1mMIxcCllUJVPyiWaNQiMQjpUqlfNW3H3jvc/M42TZr7z37wtW3tvrp4EyEQsL8n31Aag1kECiGh6o/zuRyORgYJkh54QqE4rxgyoTSkpKyuVlp/lQqVT5gJHND/Gysw9EFRma1q12cNbqjEJEVRflSrUKl+BlRZJMyaGxxeKlBnV4V5/RACNU9IjSVaoCtldrNbA7QbKoetjlZUGl/HDwOGwHDfPWx3uPT7phP5iSvaJfTnlR4XALp/2ii5WtTceB1fc89ruLrjv/yltffOODb/YfLpXL9bMy9n0e519mhq/+Pt9OJ02Kx/skTdYMuDsj9NMNmKtcrsArOi6NgvK5uXDQPIOy/aL7C2fJFUvwnMBnKptbvfa5y256sFiurPzb43c9vGXL6zvn8dsES7dNFJUUjToopUKAql4qoV5PVC+gvHPScCuHhVKZKhOK8YMqE0pKSsplpCUNF2gJUY26xZDz9Di9ABZOd1YuE01MOAmwPofcyUqVBnAOhXpbGy8L8sUSL0q8gFZO/HKIl4Mn3ZzD4gweHlUHNyuNLDUac3PEULbu6MIcTsdFvjuxho/N+E1BAobjLItqvABPefil0AwgjD/98odfX3DNb/507W8vvPbyG+7xcy2furMNDie8Gw2sTFCouhBE/ktKGL7Lemxc8wl3OBiK+ETUOblZLlbpvNdoVQplaIg/uvlNUCbpXP7q2x55a+feY5OedDZ/6KRLD0ct7cvVatlxLLubD7q5gIOH6zTgFKCmYB6sO3oDDkmlM1SZUIwfVJlQUlJSLhct4SVeKVyqtgwKjziK1WUCLGA+GLH1pI/nrMPoZiwzXxnCeWqpkEimOF70s/wvk16w8HgpwIhKrTZgZCSREX6hbt21RKjW6mCJunin/jYOAcOf9ArEup1wc5lMrliquPlW7lrQacO+F3eCp7a8puqRUrmaK5TWPfniyclZa4uzA6ArhqrvYaJeb7Co/iB6JQBqhA+EvCiWHYXxzDCyQ+k7EGC4T3pFRiF3yhpAUqvVn972TiiSWH3/xstufhBOuub+jdVq7eSkK1so7vhoDyMGQZn/cmIWPqGrUrV67d+fsHRiC9A2LFp0Hc4py4in4Khq7wqh3YB/W0QtRpUJxfhBlQklJSXlctEE2KB+eYFfeDSZK5RRTTdS8gJjiNUMrxSSQgvSUpnoHkYf5kroJb+1izMIuGxQJj6WN6tJcKIUS1hrR3Yikc4xKJ/sgCCTMQLMR7Bup/1jXl6AiYc+iQgxX6LH01mSdqwtTsZ8d7a+9sHdGzaSJMgPbXy5OExqXeeAp926aRjgd/y6b1AckS1IMcRCR3R4E9eWQXUVcayIX9Y9fBD+XMzcpnOt2HdGDtW6LH6QlMSF7NkX3tHC0a2vf3zJqnWxZOZvG57/x6sf/fWWh+OJ9MFjU4l05vKbN7zz0R6XX9j5xQ/QHvsG2sjR9q5G0Ih7HUekEOTyBbhw15DLLDCNbkGjyoRi/KDKhJKSknK5aAK9u1VbBUbAPsBpSbNuIcQHo7BdC8eMaNxI1YGlSr1Sq1frDbBD4CjMJrATcLhXCtfsinbPzVnHMJCx7BCKaClQrtR4UZr0cC1lougsL/aJDVBw8lY3p1h3LBmMSBwMZY84nJv+QHQok9Mv3eGqT7hYUrwPLpO8+x8jorHEby+87tIb1t6x/qnfXXRdddAK1WiY5ftlmoJHt3+UPzzhjBIKR4ZI9GyCKJPuoocwselMDh6bVootJewVgmDu93rM+oPFSZ+BUz6pTw+Vag323bL2ufsef/HkqZmJKU8yk7v1gc2gdXd99s1Px6Yuu/nBf7zywZ5vfz4y4ZID+oPPvvrJ3gPQIfzwO7sN6MaGja/u++HnZLbAdqQtdgLk1YYTH1t39EWuWIabSJUJxfhBlQklJSXlctFEDKdmgi+ReNot6GYerSY2T7vYRAUZC81MJgsMxdJAJZyQQwk2iOgRQ72Moe4xOOTyOnfV63VOEP0iih4h5OUgJ0ggQuoLBRhct5tXPYJ6Jgu2kKCCaLzfSs5omMTVME56pM77CTdXN2JEnPgkjZRpXySy+cJlN9xdKleMWBLFiMvaxLTHMrdjRH9lokeTQaNfVY1iuQzXXhkmXZsJkm64jyMcTG+xXIGHjcywRwi6+WBuGP8o6OGUrxUR5GRhp9nGI5t33PfkS+etuDtfKD617R2QHyv/9nixVCaZ3K685WEY2Ilp7ydffPfIP97IFYqNxtzjz78ZT2X+ePXdIKLK1aoWiVeGEZPwXBHXx4FOkhao4agaSVJlQjF+UGVCSUlJuVw0QZRJpVLJ5U+nr7UIkkJlvlC2JxiQnZar0aOOIWzsHoNzJnLNWr2nPbfUKJfLnBTgFM0UJ4iyxouyKCv5fIFEMIOtBtuD4ZjtDCwRXJwysqHcH7bKhIAPhoi/kJsPnPIOXYzSAqRGxEBQ1S9ceefvLrruqjX3P7zxJVldlM9VH7h752YA8GokHO9X7zySSMOFN0aKWU9mczh11eDpmms2jXjKw6NsvzDVPlETVaNaqw2c6lA0SZ5PUMjDBtY38Xnhdmx5/eNHNr/53iffVGv1K1Zv8Pi4t3d9A6qDD+jb3/7kylseKlUqwEtuWAd68vLVG346Mgl/eoUAyrJg7bUnwtEEi1eHrDsGwS2E4ukcVSYU4wdVJpSUlJTLRROmMsnmiiRfVgPny+pk9+EmSQPTXuqlTEDbdB87FJeuIuRAVKtV9A5bCfPy6ZUToB+JE8nrZwVJrtfrYDjCxsS4fZz6wyUg152hAogdoo8yaczNTWFfLxaHbo/F7apWb6Sz+edeeu+8v97yvy9e9e3PJ6wtxoQ+WePmHSgTPZJg0bpH16Q4QCSRcqhMCOC2iloUZAkbQGsLUz5R1iN1u2APE14eKVXgpG/00CO4v+lc4dSsH4THnQ9tjsTTW3d8kiuWPtt38MfDpy69YT2oFJAil938YKFUvn39pnK1Vq5WQaZ6+AAcWEcBKacTwfUCI6FK9rJmTXg9EC5eB3FClQnF+EGVCSUlJeVy0bQaTGUSWcS/yYl2VqFeyqS/vHHImH1c/ZkAI6knXCyx+UCf8HIrJh7o5hSXl2VxIi9kd9pe/5KBrF2MUPVvIIgyOeWTbU1MEBJunB+ZiJNhX893QzNij2166Y0PPj9w+OTEtHvpvLn6KxPYm871K+nDyLpHCNrOyUCooahf1kc4tnE6kRe63TDhqUy+e6EMep5mkCvXLCMroVbw2CIBfdbq9a9+OHL/Uy+9/v4XoDguvn5tQA19/dPx3V/+EI2nPvj3t4l0lpVRdVEzQQKLfMnUab+sGjHY2z1UFK4jh1wcWmax7OqPfKlcwCm5qTKhGD+oMqGkpKRcLnYrk1xu9H+T+yuT+vCx733Y1f0ZAsySb4HtFeYlxXTx8kqhk7M+ECcsJ/CiNJZlhIFo4iTFflkbwdgdiMPTPmQEs0ovrVWqVEk5P+CEh+vVzCEuuuaOL/YdfP/Tvf/Y/tZT/3zTeQ2NYTFYmfQtNuoRkMFt3eoMfkkFdTHyzWri6HPViHtFXPRdCYM4hD/NRRg1HG09nJLqfGVmIHyiFoqdDmSq1upePy+gSvaFHR98bsRT5i4sYxrxVEYz4vDTIMXpCUGSwWglNRwMx3KFAilRb5sqoz/M20eVCcX4QZUJJSUl5XLRRpnkR/83ub8yqdSs7RfD/JLkknWEemPuhIsl761Z7M3FiTLOp4S2+OXQ4Smvj+U5UWI4oV4fv4eVBXNzc4xieMRRXsMPxEBlApuPTvvBUmdxOqnA4l7S/+GK1ZVqHQgX1ViY/Wm8GKhMMn2VCaiCYXNJmZj2iaBMrFuHBMxMEifyYnAOLgaFaqi1Gpq3k65WErncODITEMDdhw65gH3YT7lc6SWBYDyJTM7FyC4YKtZRZLRADx+YZWS/NLRIg+Y+iSoTiiUDVSaUlJSUy8UzpkxqDWvjxTNTGCrUdszgA/rxtmcX8MgMM+nlOTmIcgoj567AsRm/y8ugKvKiFE+mlsLVioDkepphRnyF3x8Dlck8tpLjqQxZR/LLerSd5805ypXqr8+/5r8uu/nym9ZtfuX97w4cm/ZwkqIN14tjQLcwVOvWDoAyyRV7al+ySBVJ9AtE6YNpv+QZsuJHH8C15AolM5EXDMwnoRW8U57F5iTohIQTYdtWMhkKMKJytaroEVbWvDjTnaD2uxG2iCZS5jILVSYU4wdVJpSUlJTLxTOmTDJFa+OxMF0Ym+01LEAU5QvFk55WCDjYhaBMJtwcDpEPsPit8IlZJhDUBEkGsrwI7RdpLIJBpuhW75dsHtXUc3HLpkzmsbF+eAq1BMJVx+NJsGJPc64fAdVa7f/8+cbfX3LD7y687jd/Wgn8//5y03lX3tLHFG4uAigPWMCwbsUgnfdXJvV6AyY8nR0xyYGLVZxk8nWOJh6SooEmQSm8yF04POV1EoDuEKB7F7/OY6KJb0EqW4BxpobPFQE/LvO6qDKhGD+oMqGkpKRcLlqUyTx+qdndzCH7KJPuxuMiygm24FRnFDBpx2cZ0xyELwcn3GDGEecuXlJ8nFSt1oqlso/h8PqJDF/8LAcKcLQFHzhjoVTxSWGvFAqEotVafZaR4bxBfeh3z05wbMbP4uSzA2OUwQo+5UHh8t0k3ju9aWTyxWIJ5EmjUq1l8yitE9j95Uq1VK52NR4Dsd+ddaMtfaLqkzooBr1C0MOjuBr4BI3RSbgRUz6RkJU1YNiIhiPRZDYH1wKXBkThGULAzQfSmdwI8RX9kc3lj2Al2bpM/Dntl7LoYRtRpcCB2VyhXK2qRty6b3FABRaVMIjASCJdwnVLnYwP5JYWPR3uQpUJxfhBlQklJSXlcvHMKJPFJwseSEdGzZLBSGSmGQnZgtgQPzrtn/aLp9ztmvFSgKyZwCfIEpZHwfFEqEhKYNgCc52AqwZjFCx7n6Tli/3iIkaGc2Uyj9yKUP1B4DQjt9Ygms1KtV4sV/ownc6k0plSuQKW+n9cfP23B46B9Prdhdc9ufWNUqUmBEK8HWXN0Iy4E0Ln6Q4mkqgUCdkIn5bGlrNwir6Asgr0C8gNCb6gXAgdhFkCktxZ8OmTdL8MDDEK8rPqpEdopUxwcYHUqGsv3Zj0CuQhBIkIM68aMQY5TZFzIZXFyKF877UgW/hY8bKbHwRl4kw4OEUDL1tJuF4N9FwslUCiAN2iPstrQL8cDoZiaiQRjqejqWw6X8oVy/CQSHqsc/mOKhOK8YMqE0pKSsrl4hlSJmVry7HTPPVQgEHCgeXqYl9dw9SBGWomFAbr8JdJr9IuRMgqYY8fhInk8aGwE/gkX7x4I8MJqjZ68DoJTQaTrlxBSVTHjqGUCYl4YVFh+CGuiAgY8v2yG+4pliogUtY9+SKIE/yif8yoNxpsD1eublgcz+r1Rr1ejyczcGfhe7VW7yRcfrlSJam3kplcOBoPG1FFC7OyNu0Tp30SWldhUSA4Cv5m0UoXPBt+SdOjiYaD6R0I6Lz1BMrI84qMH0biwidF63i4pmHQSDhfQtmw8dU/rbx3jMH0BORRiaVO/25ZXJCnWkOzCiI1mc1HkmkQJ7waAYFHdAuSLoLe0Q1VJhRLAKpMKCkpKZeL41UmsQxKwDXfpUy6Wy4F4exlZzlm55owzjlLcRVndlo/QA8THo4EIhN9cnDCbf6JElghKYIcvRhJ44SWUGE4nkgUThBHyEbFB1D/XiGw+FoithhKmTQac25c8xGuun9cSi/84a+3xZPZVCa/5t7H//PSG627x4FsAYXlDDvPJuAwsPWhB+sODLhqASzp3sKsiaPnNewZBd/j6RwpocjirAm5/OiRSFokTp40Nx/svllEpTASSilGvLyIo1e+WOpzp6CfUrmiR+JX3frIFas3ZPP5GjxnjT5HOEKuWMLBNguycs3yCySHLXxyOBQ7nXgA5A1VJhTjB1UmlJSUlMvFM6BMxpsseCBzJatNZqLWaOZLje5DTI4FpXJ10tcKiwdiv/+Wl9eUX8JfUBV57M0ls7wA9DEs/uRAoIBiUTTDuelH0vV6+HFGVHfi+CzDojUQzclLfXiEyLWD1RtPjTKhB49MXHDVbb+9aNXWV98rlpbEPw2USWcI9bCAw8KxpF+2N6Oh20gs0afEe6cyMYHrkyS8+FZCzwHNSOeGW6OAB2aiHeQz7ROsuxcCxhAIxVhFN8vyzDCyqBrFktXRixWDF153/0XX3e/y8TDIJnq8K9F4yiuFZc3IlyqjTSPJHqYZMXMLHtLgfNNeSa/WWmm4QSNNeDiqTCjGD6pMKCkpKZeLZ0CZxMdR930oVmsLVg+ayIiZK5StiyTdrPfOBOUccOGqESOCARuaoWmGCBJkr5MvPkkl2YSFgE4WTECZgFTBLl5oIQU2db/27sYc8iJDayZuTonGEmOhqEaEYIiQkdRfJr1DKZPjsy2XNkWPWHc7QL3eiMVTISMGFnC1q2T4WLB4ZRLqq0yS2dxAZRKKna5LaG7PF0sodwIOzfeJWiSacD5ImDd4qMgzpkVOB4j3AvTcaMwZifS0vxUfRXzMQFZ1qmKw/k/M+u974sU/37D+m5+OmcfCdhgeoxjV3uV6csVSKG6fWJn8OiodEVYwXeEejU3AuHQjas4J3MeDJ11UmVCMH1SZUFJSUi4Xl1qZLKa3M8/YKG/57VGr1VkZRUITm68zadWMX6rjpEyZfAEEiSDJIE6CWphExnt8DEgVP4vi430Mp2qhPhIlnsqhPlvOOcaY2ApIIPRhbzSHygRwdBp5fwGn/aJ1nwNsfOlfv73wul9fsPJX5634r8tusu4eB5ZUmcy3Iyh6TReY4DDD6XTPRw0OnGVkLw6yR7dVUtFixaDRkgeMQasf0qC2VkDn8UTKJwT97aKNfklz8wG4kB0ffwVPaalSnfFyiXTWemRfeEQdjrRuRb5weQaHu3RuzBfLebvGnUimMjC8fHth59ApzwyrUGVCMX5QZUJJSUm5XDRtGGL6xLoaDEVTmZgFtktVa5uznJmCvUE5GnQjZjrMzHKt6ORjM/5MrmC2aTTmkqk0WTYJhoygqjMcDwSJAqIFvsCnKCvVqk0MjU8K+USVDYTr2PV/MQTrM1coNxHQU2Gy7c2l13q/He+EGGhd74Sbs+5zgAtX3unlA1JQP3LK9esLrum18rAYxOKJJVUmVRClAQPm07oDAwV7KOFsbnA+rmq9DgqBxCnBF1GL9AolgnvvwUpmhpFHW6oyAdOCiiqiFMk6KJNpL7/yb4+dt+JuYK+z2yKBciLbPDAw67Os4hXVTGZBzopQLDPQgxGe9jm0JJV3CXqhWJr0CmieqTKhGDuoMqGkpKRcLnbaAs1Fh6qbysTbViYDHajOQtbqYxMnc3NzxLJvvYqW0RIK2HxTCyMBwBwslSvtgieSEY2R714/yuJFCjUyLF/GNR86DwQLbwZ74/RZV3GIPNh6ZZuX1jPYFc0nh0vOcn/p0QS53pOeUdZMrlp9fzSWdHnZoB7+1Xkr+lRaHBnRWBwrE+t2hxiLMinaTXU3QAz4Qdm2K5N4+aCtPIBzkdW5KZ9o22AoNHH6snA0VqnV0pncfY+/cMmqdW99tGcoLccFI7btQWrCtQgBvVNzQsugkehoZQNoQ0o9wpdsoeQRdQZrNqpMKMYPqkwoKSkpl4tLoUzA5pBDLTuju805QTubakSAIXVsxk+cc0yCHRlJWCMN5rGSiaezpPKJqodEOYDdumSSxYuQ5YRMNg/dlrE9OuHmmB55ooZCPJ23fclNRu5cmeSLZWIl43ReQ8/j3x547sSk+49/XfO7i667be2TttbtIrHUyqReR1mJbVdFiNHPBpxOJkETx4SQuoQsKoGigFwhDoEER7AHnV8O5cea27dQKl935xOpbC5XKF58/VrnM9ZYWAyxE6FwFCa/vHABEK4O5Hrnlm7kiuXOSiy/TKHwJ6pMKJYEVJlQUlJSLheXQplkCnPlKnrV3Tyngkw6Wao6tsIcIJ0tmCsnJo/O+K3t2igUijhnlygqgbARFWWFiBMfwxGJ4hNVsEHT2TyrGFN+2S+hd8mLBFYmNq/bh1UmtVrdi4PyvaLT0JROBENRl4+fcjHfHTgaS6TOXWUSSy2IyoDTVdESRJZTkLfbCGtccIikRYhzF6OE/KJKIsibyJULBZTPcoGBDlFDIZHK7P3+ZzgLjPz6u55yPuZkJtdryQglC+5KqZwvlvzyAHUdjmdMMQZH/3zKQ5UJxVKBKhNKSkrK5WKngdCYs+41GcvaMF9GhxCCzVCrNyOxpKTH3EKoibzkz0lXLpPjBUxIO2XwaXqFgLVdBxqNBmgSH0Myd4nhWJITJC0UnvKKKFIZhcvLjKyBVTparLkFRsI+vnlYZQJwcQFygYmMzbpBHzQac5/u+ZYVlXKltv7Jrb+/ZFV3HtvFY7HKpDkf0FCMuHVHGw1c3Vwz4sFwnJU1tNaBysCTtGzIKWvYNZNOgE2fK5a8Aqrmju6LGDzpbiVDm2Vla+vFoVqrX3rD+vc/3Xvnw1tvXbuxWK44FCe9FkDm8Mz4hKBFmch6bKA3lxm6No9zGJjhW4tVJvqPezZt3UX4Q3vYL21rbXntxwGCieK/JagyoaSkpFwuOlEmtuXV55pNMFyMGMqWA0aDXzbimTqp2E0anNOyJDrWPF0EMDEn3RwxpxgFffrlUNFBbUhkz3EobZeX4dyCDsdO+wQ9ZHCSgpZQJFAvnBGJlitVh4ajLYKGvfuNqEXJmGOpHLq7C2FtjXHSg0KTgfIw0dipbP7/XnHbTXc9ctHKv/3mgpVr1m4MRQdYq6NBCIbGqExgEmDa4beQyGRBG7i5ACpl2LrLOGearHv4gKRFy9UqKSQPymSWkWv1eq8JdAI4NpZIujhc3B0FL4XyJZTAwNpuVIBKLBTL8FDlC8Uirluix5JwLheruDkFrrfXuTK5gm1Krvm2yiUzA3OSzOTIIo9XCvUXsTBXnQUWT3lav6OxKpNtu82Nhdn9VJn8TwZVJpSUlJTLRSfKBDTGwgIhCNFEBqxkSY0Ew8minSHS3c85xx6m1+iY8rcqMLr5lok25XO03AFmYiCosbzIy0GvECiWSjIYx7wY1HQwE0mJRqAWMnrZiwOh6PZ17kxlomhGKp3pZDqdKZYr3Tw+yxBz2S8GzY2VKrJle2J+/udjk786f0Uml/ex0q8vWFkoni6z2OzKJEYOGY2oTgvOzdXsuEzngOOIMoEvcF2BUJRDvlVBr6gxClrHIPTwQZ+oBUMRsNQ7A3jgKBLO7hNVmPNRR9HC4SmvuXrgEdRwNGEbLDQCSuXKvY+/+N4n34DQgj5RMXgU10R8ycJeQU2m0rZjZ5VQr4vyiUGfpJpLajBjooqeWI8Yynfc7m7A3s4gk58n3OY8j0+ZbD2tTDLT41AmgSOdfVKcQ6DKhJKSknK52GlB9FImrZb2xoYNmovOPnyWMG7v3zQ6cGHEdtVttlWwIhxrVZIZiHqjUa3WBEnmRYnhhJARwXUJk6KskAxaHh8Le30sn0xnho3xkFTDugnDVCZ4BcBa+aQXOw5ZsKUXg6Gol1N+df41xVK1VK7+nz/fmMrktVDklItNZnKd9VVMdp/UOTvHBpb3YIrBToI4ZAN4GNg7i8HVOWb8UjSerNbqYMeD6pDV095HnYA7De0nvYJf1smxYK+PkCpgHi+mkbATIIglNxcglwaDiaWyo/TYAeg8VyhJaujDz/Zdddsj519zTwMviVaqNVlF10vmENQXPCHmAwwSWl1Y3t4ETAscYkRR3fd6A+kcklYO6BJ0v6T3WfHzYR1IvsMMz7CtBNzs4pVJ5MCe3bMFGPmWljhpEFmyczpbmN3/2oEhVv0WYI7f/eKuzOG9J/spLoqzFFSZUFJSUi4XnSuTaI9ok3Pda6s/y9Wu1aLFwdOuajLDyCSJsIsLHJtlrO36Aqw0TQ/5WZ4XUUJhsCChH+ToxfF62PD6WRIozwmiqoXq6IX3YDPVr9grE9MDJ562enPNYd+kbmpGnBT+O+XlT29v2BBM0hrorcYcfMJ/V9yy7rcXXvebP638j4uu++MVay665o5tb3xcrlSjsbiFona6UH0vuhh51o6gCsAaNv/08IH+tMgSokzAVg4ZUdsaiLAFx4H0DEQB3QJ7mzjj1iwrt/SJpIfj6aFC2I+10ypM+URyHFj/KOU0KnGDZIMWjvSKRB8IGFs4mvjzjetX37/xux9/6ZYN6Pbxmr99LhenFMoVfF2WhggwUYyECo9apgvVnUQKDfnXoU5YJVcsgd7ubASHgPgxvzNyy1kOyMvBxSqT+bnWWgwRJB98/n1boiBUrFftFJVT32/aune+5N5xuJ2Db3a/b7720ou7WlvmEvB904u7IzjPOiBw/MgWHN+y41u2tYlimUCVCSUlJeVycaEFYN1LGc8h46ljkhaLUrmVVBc+j84gyxK+TPnFbgN3ICrVqiApqIQ8w0Mnbj5YrlRAikhBTZQVhhN8DMcJKNFwULNmQ+pGZ4RxJ4gy8csh50Hb0WT26AzKYzvDKtZ9CwEnNdd24Mt9j27+y6q7tr350cGjpxhByWT7xR6MjJY3F/4OBjeIov4slysLWZaCep8I+HmcA6CPMoEp5WSVfAfdyMnIZGdROLsmaUP44510tWLfD0/5Orens3niMQV3zSuqo4mTb386dvnqDc9tfy+RydoOCTZywUg2XzRdE0FcgVaxbVwolT2C6ubsUz5EkxkWTQJa/4FmoP1QzEx7L6iaeLIVZAJy6ChOkYwZhud/0cqkA4HvWp5di3eI2wEi5xTSPFu2ftbaNLt/0/b9ZoNNW/eQL1vaLU0ceHfXqCs1FOMBVSaUlJSUy0WLEfHfewFkZI4XR6Z9xAg7OOF2Cy3nrqPTPhuDzgHAtkbiQQnxkixKiqrpYOKXK1XDiLKcoIXCHh8q10gKoRiRBYEN9cbcvu8P7v32px8PHeeC/dZMhsrNBabkkSkfsjLFBQX1usEoRqfXGRmbEY3JeswvqXLQXiwtEi5WQRHw1s1OgV7bIxcv+/RTBDN+Gex169Y2YABgf3dugZtYrnZ4N7FKKlfoP8JiuUL0DLBSbb93b6OB4+ynvKJP0tCN4ANg09tqBltAu8c2v3HJqnUXXXf/X295aMXtj+768rRRTRCNJ82bC+M3Emk4CxqSgvzKqjijsYlZRoZhZPKFzo0WzOG0Y3DtKPUczozMyDo8S4J6+qE94WLNNBI49wO/aGWyJGsmWjt2BdFHOpnd/8PpoBW+s8GmT5GyjEwe2ba9taXfw0Wx9KDKhJKSknK52G2qFCvWNpTF8jh9usCOnMDWlR/khKya9iUfGNEQB6OTyIBSucq0snixfk6o1WqNRkMOBDlB0kNh08tLAA0jK7VafWLGK6nIwSaXL+zd96O1XwxSicUn6dWa0zfJYGJygda6UDbfr/YfKJNu6TLLyqIWhWvJFUqlUlmUe5r4owGsZOJW1OwIi+9kf8BxoJpIPfJecPOBPg1AgcBeW5kAJj4y4vEjAWcxovFe/l3kvsCFHJtlLC1ghNV6nQtGiBoJhmMkHMUvaSHHQU3z+D6CXqrieibdgfVeu0U2tJDSzowMGkMI6MRtj0XxPPbLKbaAW2+GzSCphqROHcZz6JTH/L2AbvGL6mKVyZLEmfgO7vzZfXIS8+fvd87ifz4syuTjmUw61WIBZFxi07bdPhX9eWwXVSbLDKpMKCkpKZeLtpZCdzPKMQIFLostBxg3p5h1Tk64eWtTZ0Bv8bG5hgM26iEj6mdBjMgsL0aisSaKWq4qAVVSAqwUJBUbYa+f5SdnPH5OIvbiV/usL8UJ2spkiLKJ0GE0mSY2ZbxvKLatMsnkiqVKDf4X0CN3bnj2ujsetDRYJIgyyeQLoJps2d+AdqJM+jdgZa272qCJWr3ByCHijgXNSPYqSxvYMo1XIUACdQvaZCqdyOQkLWIeSEpDkg4DoWhXf/YolitqxF7JwKZetSahvRFLklgXUESMpGnRJIvjqaxN+6JcroCwaa+foFD7SDw56UNXTejl0fO8WGWyFLm5Pti2q/PPTVv3HkhalMm8NW2Xd/8H0633Hzu2UWWyzKDKhJKSknK5aGN0YLOju+X/cKbGGvLQRHW7kenp5lUjnj7Sdp2f8ovdlroTzGB50xkoDCiVyyBCOhdJqtWanxV4UdZ05OUF4uSrb/YDIzFUFhAOKVcqluKGIyiTebwuRK7I3VVWrxPdygTE1bGT0+dfeetv/3Tt7y9Z5Wb48khhEn1AlEm90ag35mzZe7wITpSJ0rcUYySRYpTQwBtdrdWnfSLTzt+VRvEeaDsMQNJa1jnc9+7pffvDz1lJtcwbKUA0i7NagbkfjiUH3lBBjUBL2+nIFor919BgVKls3iOgJUEG5y7rv3rWC3D2er0B8+kBHdJeLWFR7HvAJwY4RR+bMlkoQhp2G50Cxb53YMfWXTsOJSzK5Ie3d7306fGTk+533969e3Z+vuTbtH1fJhZwHTr40uu7qTJZXlBlQklJSblctDE6MLpb/g9nbNwZhEn4sl8JJzI5JdTKzHvKK3Bdr8CdIBxPeyUdbG7LdlAjejgCyoQwkUzV63WwcSUl4GElQZT9nPjjoeNHTs6ALctw0t59P3797U9GBKV2JTiGY9nBEB8qUIGkiEWmM2NjOpvoViZv7/zy95fccN6Vt3665zuwR8F6fuW9T/v0MAJa3lzWzU7hRJnggic9rUuUBzlgdGe76kaxXAHjG0clhb2iGo6l4OwwJ5M+VBgHriKdtZZBhQaXrFr3xNa3OgvCmCiUyjBydEMFlA0Z5Jm1RQc82CfNdvKDxmBhAwdC/7KKPbLk4ZStBfDkJVJZkvCtpUwkhZPVcSqTTbQGPEUbVJlQUlJSLhcbPayF7paURacR4I5QqdWIC9aEV8wXyydcrbhej6h3BzQPBJi5PDJhw73exKN32OmMn+Wxl5cgB9QZD+PjZYYXlaC6Z+/3bq8/FI4YRtTPCfAn9AOmZCSRcvNobccjqPsPHf/muwPWfnsATMkZ7G50dIbpkxtKVCOWAQc0o1RGE53K5t7+8N/ZQlHVjc2vvNfZZpE4A8okjMulW7diNFF1DuShlC84XUMA+z6VzZPlDjj2yLTPi32ljs3YJJtu4mzOfl6+8paHNzz7cs1uZaNYKktahGgbv6T10idwRq9gH+TjEnrqLguwskIK007gDAHowIx9R8qKV3gZTchilQkFRTeoMqGkpKRcRnZbDDRDVy92TdWiQJy4wG475eHBmjRrY88wkrWpA8yRaBNZC+rGoePT3beVAOfJrcuBoCDKe/ft3/fdgX3fH9h/4JcZl+/g0VPhaPznw8dBmaia/tW+H72s+POJmWkvzwbCX36zX5AUa3c9APbxcbwoNO2XhN4ptuSOWAgT19y6HkznWCJ97e0PxJOZer3x6wtWdjcbGYtXJj5c8d26owPJTK5bmaDyL405XzvEyIi3C104QxP7dxF9QpjqyqqcL5RuXf+Pi69fu+L2R41YylIYhAC23LJuUx0XkClVKkEjATfXwweUroTFcAmgKzq3EJSrtXTOkazC5UpwLUjs0+XmFCUUd7JY1A09kvC3q5TysurhWgEnVJlQjB9UmVBSUlIuIy2Vzqt1awNKk5Vat6U3OmS9ZWK6BS2TL5pu9FN+2drUAWBkKAMSylZU2fLK+2B6Wlt0AEzGSDTOi/LE5OwvR0+ASpma9TCcyCuay8sePjF1fGLqm+9+InHz+74/yMr6198fDEdjRTsfIVsQ3eXmVRfb83JslclDz7wQjSfzhfILb+7kxEC+UPx//nCV7bv/0eAVgotUJtN+2ZL214J0Ng+nqNVRHUYwxHP5AhjWjKx7BdWHCw7CzPSqld4f4ViCHA5mene+rKMTs39d89D+/7+9a21uozrD/6rTb51+YaADlBZa0nAJt0xDA0kogSTghEJTAg2hEGgyKYVMgQ4pgYKTOPElduI4tqPIkq3b3q9aaXWXVteVLNnpe/bIsrKSNrLjTMcz55lnPKvd492z5+yH9znnvUy5dx/66NfP7W902wyBF9998MNrroVjp77JGPmyWY2nUboCSorKkdUtrOXeyiSdK9T629aDcbC6ipIs082CkhqI50TGKFXMzql3gH+lRClSJqKCsmATZUJwj0CUCSEhIeH/l+VqczdgsWG/RNjOpHFrsb6eFd+uACtwfmUJfIGR/Rxaicc/o4m0vXUfqFRr5Ur176e/+8UTf/znN7dF4fZCY2mpWDZpXqY54cfzI4NDYz+cG44n0xcujSvROMUgz65Lo1fcnoXZOZ+PYuFnxliNbTCrtalpl9vrT+fsgTitLSB3oGfOsa6ms2lWn9x5KKonTp4+85P7tvz0/q2ffva1abl4bQjaKy2uA1iZtMqVLKMz2Idq2SgUtXhK1GK4MjrMJnbcwgRZAmMSElScbyrIKZFEeq3duLFSXREO7Ndu3RqddD22/cDAeyertdqHJ/5lv9wGkBY0rzz18tsw1IIUTmYN/0pxRlAOqWweVURBqdXsaemQq5hk3w7qClRdkVNBwmEFsrS8nDWKAU5pbX3AAYyGZqX/uqNIubHQfHFgiFc5keyZENwzEGVCSEhISLiJuIGQo3G6ZbmKUS8tBARkt3m65VxyANiRyWRmy46Bh7ft9dHS3HzwsRf2r+kO0LhSqUaiMU6QJEV1zYdm5kP5YikkaqyigyChGC4Qoufm/T6KE2UllcmCkTp4YbRcrhRK5atTs61C3RgJtBKPVvddAWEN/bB68vNHnvvZw8/sevODaCyVKxRz+YKPkRbojeFckAdl0nm+f+I9E0pAey+Yzf2ulZ+0FA3yqpcSwRA3iiVUiwMFWjSHAY6wDLCUQCSZtYu6XiiWyrgyCTwiX7pt8woeEU9lb86H6vXGrCfw0La9sWSmvUE7QLfAp/Lb7W98PzRRNqutuKbFeiOIqyVaj4Dp6wxBoeSYlujLDw3X6Ex1vB2Mw2K9DpoWRrK5g2QNGowVqt/SNlAtZIwi6Do8Yqys+VdcuYgyIbgnIMqEkJCQkHATsdHFe3+dqFRrrWV1GmRKOuuyEhCFxGinr44DyhVz79vH9wwco1G62MWKWd335+O9ouEdAEahkS+A8JCV8LmLY8PjU0MjE9CfH84NS7JKs/y1G54AzYF6gWMlHAHFUq+jEnhiWF8Ise23yhVK2Mb10lKnrekAaPrnD04EKS5nFCvVxXjaYFVkKG8gseW9bq7M18oZKRIUwn5OpSUNxkGJJvREJpcvgkjoFfiNgssFDW8rgc0N79ipATohWWHrwHlGtt04oiee3XN46uZCpVptNJau3ZjvOubW7sTyxIx3/7sn3/3kywef3pu8XU+CMBDCepsMiOYK5fYPKSCgM23/0R3wcDxQohbrlZUL+pnIGPDFIhcvS58gpy8pokTioJfa+w8D2xp2TlJBGuNjhigTgnsBokwICQkJCTcXNxDuINeyurL5YjJr4J+z3dx17ohqrQ7KRInGT5z+zzO737FfXguKxZIeT1IMp2rRi5enOFkTZBWkiBZB5eT9QQpI0dzghVExHIvoMdNEkQMI1r8vLtZd3qAgosyzvWxTB8C/oBIWlgDglEjGKGwUQ1acSSZnP98n9WQWO2WB9ewczOMAEDBghfsY2coI3NQ5lKg5R4e7gyhZcIBXKfG2KJcGYGlpy46Dbx37/IGte3a9efTFfe+3N2jB7Wd+9dy+Q0c/K5TLuL77Xz750t7IQrFs+hipWehQilKCCtoJ5jaS6F570YZoElVXxAoH3jEkhIVwrIdMQ1i26p/4WRmXaGSsEjpwrCfSMM7XPSF8kpPQVhUrNdswRJkQ3AsQZUJISEhIuLm4gRmEzdri1Irh5edR+YibAWSAUpLubKd2YrFe/+yr7x96+tWnXvpTkBW7RnGsFQu0tT4tR1le9PoCDC8k05l4MkUx/KXRKywnMJwwODTq9QV5Ubpwadzl8V0cnkgkUXj3uaExMYyW+VM5e9mNfmCFNCDD3bUukdYLdxlnkssZYHDTPSqg9wOYYj+HPJ2gG4qeAlFRMqutGPEFWuo673oqiyWrO8DZZhaUUipjbNv1jlEowjdQLFUcJFO1tnh+fPbhba89+vyBLTsGsm1RQzZAP+FNQR+GLL81RtYDvAZiph9lAroiyKvJbAH0DKrYKK6WXDSKJYc7LFs5A6CTINsovJeirO5TwXcYoPmWLIEGRJkQbDyIMiEkJCQk3FzMFHuaVmsFmGJaLIUtrXlaMs1qa6/Aucx2J46f/u6RZ1//+uzQsVPf7Nz/noP91z+CVq36kKTr8YQa0WmWB4YjeiqdGRwaU1RNlJTBC6NDo5OBEC3KiiDJ8HPk8iSYsHDAq0iZOMQ8OAD677OGYq1RN864S2WSzORCQlgK90yFfEfki2V4qQCnxlKociI+2UBuVGh7Advf8bRhe2VPqOnClMnlbZfAlC9XzO17jzz98tsf/uNMqWK2X7UB/tes1m54Q8dOnXnwqVcdtrPqjSV4nBKJNxpLUgTVg0fd5lU1mnDY/bhlPQIag7TALmrQWE9mOEVfuUM4HEuVSmWnW1gDgpKGSShtQEuK0KIWYprKhEaVSQWiTAg2HkSZEBISEhJuOtbWphqcsIT2SVB4CVjMcKBbnjBAW0z5HYFzuVbM2senvgajcx1xJp1g1eZydXplcd2sVkGBUAzLcsL54Ylr064fz4/MLQQvX52ZcXkujl+Hny63l2K4yWmXrMU5WZuacRduj9juE55Q0wyNr7H6hwPuUpmoepKSNCWasF/oD9ZGUCTIq11nB74E1kobwCBXKA0GHTcCMx2XvITPw6YK4IbP7jk88P4ptNVQrdG8cvTEV+0NbPjdiwfve3zXSweO/vu/I856j5GaRRJbZ6LJDHbQwim8ev07TkPcVVdnjAIuwYleUAiLYXsRFRtA0066A7g9J6lRHT6nlrtX5IrLR5QJwcaDKBNCQkJCwk1Ho9RzsXkdmF2gsb3lDvKJjIGPBW3N5i/IhuNfnH1g6+5XDh5ztvn6BPQBdyaZXXX7QevuZlWQlFmXZ2h08vqsOxJLnrt4WVE1WYsNXhhVtYjXF3J7AyBLQL2MX70OJ4tlp7X8rkhnkI2LzFBBdV6n7x+gTBhQJuu9GaegbQ3QJ/YL/cFKKKxLWtx+YQUwtmD0BywBADIAO8KVKiYeB1uyYJA3nKi+fvjTXz7z+pkfhseuuc1qraszGAbcfPveI2eHrrzw6pH7t+65Mu2xt2jDPCUGBa19oOA4kkjjQB3UH1nPdHMGwyPcVXrdQsq5GhLCoLsYKwQFHlExzV6TG+SV6XlUGIdBykQJ0WwryMQbEtwBligTgo0HUSaEhISEhJuRuVJ3c2odMKuLq7UvxDCOr/Czsr3dnfDKWx/5Kc4TYC9NzEbi66nlZ0Mq29QGejePLLB0i6WSJKssL9646R25OjME1vECJVmx8kFWDHHynNcfZIWxieu8pAxPTINEGZucpRjByBesDLFOYwhXPRRaYvfSEiU6lV3vH4lk6m6UCSujaYomuoyGM0AwqFHk20ZLfXmCZYwSDkcBleLys4y1U2FTd+ms8eTOQ/V64+TpbxleGnj/1OO/H2hvYAP04Ymdbz36/IFS2Xxx/9Fe4uGW1RLkh6TF7Bcs1BsNZiV2PyiE46lc+zyipMmC02RBW6NYzuWLrBLBiYNBosD85gtF2/cAir0VZEKJ4VYZEzSMMnIPI8qEYONBlAkhISEh4Sblug3cTsyFUOA7gzx2WJRHVYl5Qnyj0XP9uxf2HT7+yRdnZz2Bfe987Bxy0A+MYglXXLlj8UewVhPpDA0aRVIESRkauRrWUFphXtY4WYODWCIFsmTGPS+GY7iAI/w9NzTG8gIvyulMtlKtdQqVBaYZXzFPi/Zr68LdKhMJTU2yowShM+BpPlRVU/etUW3mCmUv1RwBV4Cz7YdMuxZ2vHbkse1v/Gb7AbNWe/ejz/+w/6/tDWxYQlj+9vz4/Vv3HP7bF/bLbQhYhU06p6MdoCvzxTKuzQJSRE+kF+v1VDYPr1lxrIwJLxUQVuVZrlDiVR1n5YL7BPlwJgtSBxWbby9jEqBYXCEHyxI5GufDt+Xm+h9RGgj83hLAFQAAAABJRU5ErkJggg==" alt="Screenshot" width="100%" ></p>]]>
  </system-out>
</testsuite> <!-- org.example.Main -->
